LoopTrax_1526283 Jay RAA vs. firefly : @0+ @1\ A2/ @1\ D1\ D0\ E2\ D3\ C4\ A3/ @2\ C4+ A3/ @2\ F4\ G3\ H3\ E5+
LoopTrax_1526300 maggies tavern vs. firefly : @0/ A2\ B1/ @2\ D1\ D2\
LoopTrax_1526317 gameplayer vs. firefly : @0+ @1\ B0+ C1\
LoopTrax_1526370 klaashaas vs. SarahMills : @0/ B1\ B2\ A0/ A0/ A0/ A0/ B0\ A0/ @1/ @1/ @1/ C6+ F4+ B2+ D0/ G5/ B0+ G10\ H6/ G11/
LoopTrax_1526445 keops vs. Sarah : @0/ B1+ @1\ B0/ B0/ C0\ B0/ B0/ D3+ A2\ E1/ E0/ E6\ F6+ E7/
LoopTrax_1526446 STrek vs. keops : @0+ B1\ B2+ B3/ @2+ @2\ A1\ @1\ D0+ A4/ @3+ D5/
LoopTrax_1526473 keops vs. EagleAnney : @0/ B1\ B2\ A2+ C1/ C0/ A4+ @4/ A5/ D4\ E3\
LoopTrax_1526528 keops vs. Kran : @0/ B1\ B2\ B3\ C3\ A3/ C4+ D1/ B0+ B0\ D6\ E6\ A6/ A7/ A1\ @4+ B8/ A2\ @3/ E7+ A8+ @3/ I6\ F8\ D9/ A8/ @3/ B7\ A8/ K8\ K9\ F0/ G1/ H1/ A6/ @6/ G11\ H11\ B11/ I11\ F12/
LoopTrax_1526760 Mark007 vs. Chad : @0+ A2+ @1\ B3+ A3+ B4+ C1\ C0+ D1/ A1\ B0\ @3+
LoopTrax_1526768 keops vs. Sarah : @0/ A0/ @1/ A0/ B1+ C1/ C2+ C4/ D2\ E4/ A3/ A4/ @4/ C5\ C6+ D5+ @6/ B7\ A1\ B0/ @5/
LoopTrax_1526800 Jump This vs. keops : @0/ A0/ B2/ C2/ @2/ A0+ @3/ A4/ @1+ F5+ G3/ H3+ E1/ I5\ E0\
LoopTrax_1526838 keops vs. Lorraine of the Renegades : @0/ A2\ B1/ B2+ C2\ D1/ C0+ D4\ E4\ C4+ A1\ @2+ D0+ E1/ A1\ A0+ @4\
LoopTrax_1526915 Jump This vs. Sarah : @0/ A0/ A0+ B1+ A4/ A5/ B5/ C5/ A6+ C4/ A0+ D5+ C8+ B9\ B10\ C11/ B1+ @6/ @4+ A1/ A0+ C1/ D4\ G9/ @4/ @5\ @4/ A6\ @6\ A7\ A8\ D0+ A4+ G1/ A10\ E9+ @10\ F10+ E9\ D9+ K11+ K14/ L9+
LoopTrax_1527095 Chad vs. Goonerg : @0/ A0/ A3/ @2+ A0+ @4\ A1/ D1\ E3+ C5/ D6+ B6+ @3/ B0/ B0/ G6/ A2/ @3\ @4+ A2+ E0/ F1/ @4/ B1+ D0+ A3+ H4+ F1+ @4+ L7/ L6/ J5+ L10+ M9\ K11+
LoopTrax_1527097 buttercups vs. keops : @0/ A0/ B1\ A3/ B3\ B4+ B5/ A4/ @4/ B5/ A0\ @1\ C0/ D1/ E3\ E6/ F4\ A6/ B7/ @3\
LoopTrax_1527098 Rogue Trooper vs. Sarah : @0/ A0/ @2/ A0/ @1+ B4/ @2\ E4+ C5/ E1/ C0/
LoopTrax_1527222 drgnrdr vs. Tony5280 : @0/ B1\ A2/ B2+ C2\ B3/ D3/ @2/ A3/ B4/ E1/ A4/ C0/
LoopTrax_1527241 drgnrdr vs. SunnyD : @0/ B1+ C1/ C0/ B0/ C1+ A1\ B0/ @4\
LoopTrax_1527263 gingershaz vs. drgnrdr : @0/ A0/ B1/ B3/ @2\ A3/ @3/ B1\ C0/ D1/ E4\ E5/
LoopTrax_1527275 arthur vs. HeatherN : @0/ B1\ A2/ B2+ C1/ C0/ @2\ B1/ B0/ C5/ D1/ D0/ C7\ D7\ A6/ @6/ B2\ C1/ E0/ A5/ D1\ D0\ A3\ @3\ G3/ G2/ H2/ C9/ E10\ D0/ F2/ B10+ A10/ F9/ H2\
LoopTrax_1527298 Lorraine of the Renegades vs. drgnrdr : @0/ A0/ B1/ C2+ C3\ D3\ D4\ B0/ D6\ E4/ D2+ @2+ F3/ G4\ F1\ E7\ G6\ H3+ F0+ A7+ D9+ D10/
LoopTrax_1527394 Tiki vs. Marko : @0/ A2\ A0\ B2\
LoopTrax_1527409 keops vs. ScoobyRex02 : @0/ A2\ B2\ B3+ @3\ B4+ D3\ E3/ E2/ E1/ F1/ G1/ E0+
LoopTrax_1527410 hANDYman the Rebel vs. REBEL DJ : @0/ A2+ @1\ B0/ B4/ @2/ A3/ A1/ A0/ B0\ C7/ D5/ A0/ D8\ D9/
LoopTrax_1527412 REBEL DJ vs. hANDYman the Rebel : @0+ B1\ B0+ B0\ A4\ C1/ B0\ A3+ B5+ C4/ C5\ D5/
LoopTrax_1527418 shelly (uk) vs. keops : @0+ A2\ A0+ A0\ A5\ @3/ C4/ D4/ C3/ D6\ E5/ A6/ @5\ C7\
LoopTrax_1527479 keops vs. streep : @0/ A2/ @1/ B3/ C3+ D2\ B0/ C0+ B6+ A6\
LoopTrax_1527485 keops vs. Lorraine of the Renegades : @0/ @1+ A0+ @2/ A3/ A1\ @3+ E1/ E0/ E3+ E4\ C5/ F3+
LoopTrax_1527486 Lorraine of the Renegades vs. keops : @0/ @1/ B0\ B3\ C2+ A4/ @3\ D4\ E2+ D5/
LoopTrax_1527897 Jump This vs. ellieoop : @0/ A2\ B2\ @2+ A3+ @2\ A1\ C0/ C5+ A1\ C0/ A5/ @4\ A2/ B1+ D0/ E2+ F4+ C1\
LoopTrax_1527945 Adam vs. MountainMist : @0/ A2\ B2\ B3+ B1/ C1/ B0+ D1/ B0/ @5/ C6/ A2\ @4/ C1\
LoopTrax_1528107 Misfit Lenrad6672 vs. CHESSCATJAY : @0/ @1/ A2\ A0\ @1\ B4/ A4/ C3\ D2/ E1\ A3\ @2/ A4+ F3\ @4\ H2\
LoopTrax_1528275 keops vs. CHESSCATJAY : @0/ A0/ @1/ A0/ A0/ A0/ B2+ @4/ A5/ @3\ A1\ @2\ B0/
LoopTrax_1528456 STrek vs. Kevin : @0+ A0+ B1/ C1/ B0+ A4/ B4+ @3+ B5+ E3/ E4/ F3+ E5+ F6/ F2/ C6/ E7\ G3\
LoopTrax_1528499 keops vs. Rimon : @0/ A0/ @1/ C2\ C3\ D1/ D0/ E3+ A1\ RESIGN
LoopTrax_1528780 CHESSCATJAY vs. crow57 : @0/ A2\ B2\ B3\ @3+ @2\ C4+
LoopTrax_1528963 (**)(**) Bunny Toes vs. keops : @0/ A0/ B1\ C1\ D1/ C0\ C0\ B1\ D1/ B0+ C0\ E3/ C6/ A7/ @5\ E2+
LoopTrax_1528991 (((INTENSITY))) vs. keops : @0/ A0/ @1/ B3/ C3\ B4/ A2+ B0/ D2/ @5/ C6/ A1\ @4\ B0/
LoopTrax_1529118 spitfire vs. Rogue Trooper : @0/ A0+ A0\ @3/ @2/ D3/ B4/ A4/ @3/ B5+ A4+ E6+ F5\ B6+ E7\ F7\ F8\ G6+
LoopTrax_1529240 drgnrdr vs. firefly : @0/ B1\ A2/ B2+ C2\ C3\ D3\ C4/ D1/ B4+ B0/
LoopTrax_1529248 (((INTENSITY))) vs. drgnrdr : @0/ @1/ B2/ B0\ A3/ C3+ D2/ B4+
LoopTrax_1529255 Buz vs. drgnrdr : @0/ @1/ B2/ @1\ B0/ B3/ A1\ B0/ @3+ @2/ B1+ A0/ E2/ E1/ B0\ D7/ F2+ A7/ @6\
LoopTrax_1529322 lapman vs. firefly : @0+ @1/ A2/ C2\ B3/ B4/ D2/ D1/ C3+ B5/ A4/ A5+ @3+ E5\ D6/ F3+
LoopTrax_1529502 keops vs. firefly : @0/ B1\ B2\ B0\ A0/ @2/ A0+ @2/ @2/ B3/ B4/ A3/ @3/ B4/ B5/ A4/ F6/
LoopTrax_1529504 keops vs. firefly : @0/ @1/ A0+ A3\ C1\ D2/ E1\ @1+ B0/ @3\ @2/ B1+ H4\ I3/ F0+ B5+ H6+ I6\ J3\ C6+ F7+ H7+ @4\ B6+ F0/ F9+ K1/ E2+ L1\
LoopTrax_1529681 mammacat MIA vs. keops : @0/ A0/ A3/ B3+ @3+ A0+ @2\ C5+ B0\ A1\ @1\ A5/ D7\ @5\
LoopTrax_1529734 keops vs. CHESSCATJAY : @0/ A2\ B1/ @2\ A0/ D2/ D3+ A4/ @3\ A0\ @2+ C0/ F3/ G3/ H3/ A1\ H6\ @3\
LoopTrax_1530354 heidibb vs. CHESSCATJAY : @0/ A2\ B1/ @1/ B3\ A4+ @4/ C5/ E1\ E2\ F2/ G2\ G3\ D4+ D0+ A2+ E1+ G2\ D7\ E6+ A7/ @6\ D8/
LoopTrax_1530416 STrek vs. CHESSCATJAY : @0+ @1\ A0\ @2\ A1+ D1/ D0+ E2/ D3+ F3/ @2+ E4\ B1/ D0+
LoopTrax_1531212 Knight Rider vs. (((INTENSITY))) : @0/ A2\ B2\ @2\ C1/ D1/ E1/ B0+ C4\ @3\ C5+ E4\ D6\ A0\ @2/ D1/ D0/ C8+ D9/ B9+ A8+ B10/ @8\ B2+ D11+ H5+ E10+
LoopTrax_1531497 FujiTape vs. BrnIdGirl : @0/ A2\ B1/ B0+ @3/ A4/ D2\ D3\ E3\ C4/ C5/ C0/ C0\ B1\ A3/ @2/ A5/ @4/ B6+ A5+ C7/ D8\ E9/ A6+ C9/ C10/ A7+ @7/ G10/ I6/ H3+ J6\ J4\ H2\ I2+ F0\ H1\ K4\ K2\ I1+ E11+ K7/ K6+ E1\ H0+ L6\ M7/ L4/ N7\ M8/ L9\ M5+ G13/
LoopTrax_1531500 drgnrdr vs. the nutter : @0/ B1\ A2/ B2+ C2\ C3\ D3\ @3/ D4+
LoopTrax_1531562 Ace1316 vs. SweetCindyJo : @0+ B1\ A0/ B0/ C1/ @2\ A1\ A0\ @1\ A4/ @3\ C5\ E5\ F5\ G3/
LoopTrax_1531643 mammacat MIA vs. drgnrdr : @0+ B1\ C1/ A0/ @2\ @2\ C3+ C4\ E3+ B4/ B5/ A6\ C5+ D5+ E6+ @2\ B0\ @5+ C8/ D0+ F2+ A3+ F9+ D10\ G3+ C0/ B2\ @2\ C1\ D0/ I7\ A8/ @8/ G2+ I3+ H1+ J3+ K3\ L3\ @9\ D11+ C6+ B4\ K1/ J0\ L1+ L9+ I0+ K1/ F1\ M12\ F0/
LoopTrax_1531672 ROCKY MIA vs. doc harley : @0+ B1\ B0/ C1/ A3/ C2\ @2+ A1\ B0\ E3/
LoopTrax_1531905 Marko vs. dolly : @0/ @1\ A0/
LoopTrax_1532154 keops vs. herndon73 : @0/ A2\ B2\ B3\ @3+ D3/ B4+
LoopTrax_1532295 marlisam vs. keops : @0/ @1/ A0/ A0/ B2/ C2/ B4/ D4\ C5\
LoopTrax_1532353 keops vs. Phil The Hat : @0/ @1/ B2/ B3/ A3/ @1\ B0/ @2+ C5/ D1+ A6/ E1\ @5/
LoopTrax_1532380 Scooter vs. keops : @0/ A0/ B2+ B3\ C2+ C4/ D3/
LoopTrax_1532408 keops vs. Scooter : @0/ B1+ A0/ C2\ C3\ D3\ A4+ @2\ D1+ B5\ E6+ F4/ G4/ H4\ G7\ H7\ C7/ B7/ E8+
LoopTrax_1533701 SweetCindyJo vs. Ace1316 : @0/ A2\ B1/ B2\ C2/
LoopTrax_1533789 Chad vs. Goodtime politics : @0/ A0/ @2+ C2\ B3/ D2+ D3\ B4/ A0\ @2/ E1/ E0+ F2\
LoopTrax_1533893 csain1 vs. B Line electric streetcar : @0/ @1/ @1/ B0+ D1\ C3+ D4/ B4+ A0/ C1+ D6\ E4+ F3\ @3+ A4/ A0\ @1\ E1/ E0/ G4+
LoopTrax_1534690 keops vs. Kran : @0/ A2\ B1/ B0\ B0/ C2\ D2\ B0\ A1\ C2+ E3\ D5\ E1/ D0/ F3/
LoopTrax_1535394 catlover vs. Brendans Grandmom : @0/ B1\ A2/ @2\ B3/ C2\ C3\ B4\
LoopTrax_1535972 STrek vs. Kran : @0+ @1/ A2/ C2/ B3+ B4/ @4+ E3\ D4+ D5\ E5\ E6\ F3+ A2+ F1/ G2\ D0/
LoopTrax_1536263 keops vs. MIA 6690 : @0/ B1\ A2/ C1\ D1\ A0/ D0+ E2/ F2/ F1/ F0/ G1/ D0+ D0/ G7+ H5/ C7+ B8\ E8/
LoopTrax_1538374 pauchie vs. Phil The Hat : @0/ @1/ B0\ A3\ B0\ B0\ A3+ @2/ @3/ @3/ F2\ E0\ E6+ F6\ G5\ C0\ B2/ F1/ F8\ D0/
LoopTrax_1539414 Rimon vs. keops : @0/ @1/ B2/ C2/ A2+ A3/ B3+ B4/ D3\ D4\ D5\ E5\ B6+ F4+ F1/ G3+ E7\ F7\ G5/ A0\ @3\ G1/ E0+ G0/ H1/ I8/ H3\ I1/ J7\ K10+ H11+ K6/ RESIGN
LoopTrax_1539416 keops vs. Rimon : @0/ A2+ A3/ A0/ @2/ C4/ @1\ C0+ A5/ RESIGN
LoopTrax_1540206 drgnrdr vs. CHESSCATJAY : @0/ A0/ A3/ A0\ @3+ @2/ @2/ B4+ B5/ @2/ D6/ E5+ @4+ @4\ @3/ B5+ A6\ C2\ C1\ D7+ G7+ I3+ I7\ H8+ J6/
LoopTrax_1540217 drgnrdr vs. ScoobyRex02 : @0/ B1\ A2/ @2+ @1/ @1/ C3/ D0/ C5/ D4+ A6/ @5/
LoopTrax_1540286 Rimon vs. drgnrdr : @0/ A0/ @2+ @1/ C0+ D1/ D2+ E3/ C4/ @1+ C0/ D6/ B5+ @3\ B4+ F0/ G1/ H3\ D1+ F0/ F0+ G1/ A4+ H2+ I5\ B9+ I6+ J4+ A9/ @7\ C10+
LoopTrax_1540459 drgnrdr vs. bigdan409 OTWP : @0/ @1\ A0/
LoopTrax_1540549 keops vs. CHESSCATJAY : @0/ @1/ A0/ @1/ A0/ @1/ E3/ E4/ D4+ B4/ C5\ C6\ F3/ F2/ G2/ D1+ H4+ E5+ D7/ A2/ B0+ F8\ D9+ C0\ E2+ @6/ C9/ C10/ I2/ J4\ H1/
LoopTrax_1540593 keops vs. ScoobyRex02 : @0/ A2\ B2\ B3+ C3/ A0+ @3\ @3\ B5+ C6/ B7\ A6+ D5\ D2+ F2/ D1/ F5\ F6\ G4/
LoopTrax_1541113 Jump This vs. ellieoop : @0/ A2/ B2\ B3\ B4\ B0+ @2\ A1\ A4/ @4+ A1\ D6+ @3+
LoopTrax_1541685 drgnrdr vs. bigdan409 OTWP : @0/ B1\ A2/ B0\ @2+ C0/ D3+ C0/ C5\ B6/ B7/ A2/ @2/ C0/ A6\ B1\ C0/ @9/ A10/ E2/ F2/ G4/ E9\ G8+ D10\
LoopTrax_1541772 drgnrdr vs. bigdan409 OTWP : @0/ B1\ B2\ @1/ A0/ D2\ D1\ B1+ C4/ B4/ D4+ D5+ E3\ B6/ A6/ @4\ F1/ G3\ E0/
LoopTrax_1542379 BrnIdGirl vs. spitfire : @0/ A2\ B1/ B0/ B3\ C3\ @3\ D4/ C4+ E4\ D5/ D6\ E6\ D2/ E2/ F2/ D1+ D0/ G4\ F6\ G6\ H5\ F7+ F8\ H6\ F9/ E9/ E10/ B6/ B7/
LoopTrax_1542436 sagitarius vs. Rogue Trooper : @0+ B1/ @1/ C0/ B0/ A2+ @1/ C0+ D1/ @1\ @1\ B0/
LoopTrax_1542568 klaashaas vs. pioenroosje : @0+ B1\ B2\ A0/ A0/ A0/ @5\ D5\ B6/ C7/ B7/ @4/ D8+ @4\ A3\ B3+ F0/ G2+ C9/ E10/ D11\ @4\ C3/ A6/ B7\
LoopTrax_1542571 klaashaas vs. SarahMills : @0/ A0/ B1/ A3/ C2+ @2+ C4+ E3\ B5\ A4+ @4\ C6\ A6/ @5/ C7/
LoopTrax_1542632 lapman vs. drgnrdr : @0+ B1\ A0/ @2/ A3/ @3/ C4\ A1\ @1/
LoopTrax_1542649 pioenroosje vs. klaashaas : @0+ A0+ B2\ A0/ @1/ @1/ B3+ C4/ D1/ E3\ C0+
LoopTrax_1542749 Rimon vs. klaashaas : @0/ A2/ @1\ B0/ B4\ C3/ @3/ A4/ C5\ D5\ E5+ C6+
LoopTrax_1542781 Rimon vs. drgnrdr : @0/ A0/ @2+ @2\ C0+ D1/ D2+ @1+ C0/ @3\ B4+ B0/ A2+ @4+ A1\ B0/ E7/ A7/ RESIGN
LoopTrax_1542815 Arctic Warrior vs. ScoobyRex02 : @0/ B1\ A2/ @2+ C0\ B0/ @2\ @2+ B4+ @2/ F4+ E5/ G4/
LoopTrax_1543399 SarahMills vs. klaashaas : @0+ A0/ A3\ B3\ @2/ @2/ B1+ B0\ @2\ D0\ E2+ B6/ A6/ @6/ @5+ A2\ @6\ A3\
LoopTrax_1543578 Beaupol vs. klaashaas : @0+ A0\ A3/ @1\ @3+ B0/ A5/ A6/ @5/ D6\ A2\ E4\
LoopTrax_1543613 klaashaas vs. Beaupol : @0+ @1+ C1/ A0+ @1\ B0+ D2\ A0/ B0\ C3/ E4\ B6\ B7\ E2+ F4\ D6+ A7/ F7\ B8/
LoopTrax_1544104 SweetCindyJo vs. Ace1316 : @0/ A2\ B2\ B1+ A3/ @2\ @2+ D0/ E1\ E2\ F2\ F3\ D5\ B1\ A1\ C0/
LoopTrax_1544152 ellieoop vs. Jump This : @0/ A0/ @2/ B0+ @3+ A4/ @1\ A0\ A4/ @3\ D5+ E6+ C6+ E7/ B6\ F3\ A5\ @3\ A2+ @2\ A3+ G1\ @2+ D1\
LoopTrax_1544987 catlover vs. Brendans Grandmom : @0+ A2\ B1\ @1/ A3\ @3/ D2+ D3/
LoopTrax_1546044 Sweet Pussycat vs. Brendans Grandmom : @0/ A2+ B1/ B0\ A1\ @2\
LoopTrax_1547402 MIA 29892 vs. supermac : @0+ @1/ C1+ D1\ E1\ C2+ B2+
LoopTrax_1547430 keops vs. frolind : @0/ @1/ C1/ C2+ D2\ C3/ D4\ E3/ A4/ A5+ @3/
LoopTrax_1547630 mammacat MIA vs. Arctic Warrior : @0/ B1\ A2/ @2/ C2\ C3\ D1/ D0/ @2/ A3+ @2/ B1\ D0\ C1\ E0/ D0/ F2+ G4\ F1/ G2/ H3/ F0/ B2/ G2+
LoopTrax_1548268 klaashaas vs. Rimon : @0/ B1/ A2/ C1+ B0/ B4+ D2\
LoopTrax_1551814 SweetCindyJo vs. Oartkickel of the Wolf Pack : @0/ B1\ A2/ B2+ @1\ B0/ B4/ D3\ D2+ B5/ @4/ D6+ D7/ B6+ A1\ B0+
LoopTrax_1554381 MIA 6690 vs. Rogue Trooper : @0/ A2+ A3\ B2+
LoopTrax_1554426 * Sassy_Angel * vs. REBEL DJ : @0/ A0+ @2/ B0\ A4\ B0/ C3/ @2\ E2\ E4\ C5+ A1/
LoopTrax_1555147 REBEL DJ vs. * Sassy_Angel * : @0/ B1+ A2\ C1\ C2\ B3\ D2/ A4/ @4/ B5+ D4+ E5\ E6\ F5\ A2+ @4/ @4/ B3+ C6+ A2\ @2\ I2+ A5\ @3/ D7\
LoopTrax_1555148 REBEL DJ vs. * Sassy_Angel * : @0+ B1\ @1\ B2+ D2\ C3/ C4/ D3+ A4/ B5\ @2+
LoopTrax_1555789 drgnrdr vs. dolcol (LAW-10) : @0/ A2\ B1/ C1/ C2/ D2/ A0\ @1\ @1\ F4\ G3/ D4/ D5/ E0/ F3/ H4/ A3/ @2\ E0+
LoopTrax_1556657 drgnrdr vs. Allison : @0/ B1\ A2/ A3/ B2+ C2\ D2\ @2/ E1/ B4\ C0/
LoopTrax_1557599 Arctic Warrior vs. Allison : @0/ A2\ B2\ C2\ @2/ B3\ D3+ C1+ E2/ A3/ B4\ @2\ A1\ A0\ A0\ @2+
LoopTrax_1557600 Arctic Warrior vs. Allison : @0/ A2\ B1/ C1/ @2/ B3\ C3+ D2\ E1/ D0+ E3+ D5\ E5\ A1\ @3/ C0\
LoopTrax_1557668 Arctic Warrior vs. Carol91859 : @0/ A2+ @1/ B3+ C2/ B4+ B0/ C1\
LoopTrax_1557769 drgnrdr vs. Oartkickel of the Wolf Pack : @0/ B1\ B2\ A2+ @2/ A3/ @2/ C4+ E4\ D5/ A1\ @1\ C0/
LoopTrax_1558150 ellieoop vs. Jump This : @0+ A0\ @2+ B3\ B0+ C2+ A4+ C4/ A5/ A6/ @4\ D6\ C7+ E4\
LoopTrax_1558309 Brendans Grandmom vs. Sweet Pussycat : @0/ B1\ B2\ B3\ B0/ C1/ A3+ C2\ D1+ E1\ D2\ B0\ A1\ @3/ F3\ E1/ E0/ @5/ A6/ C7\ B8\ H4\ D7\ D8\ G5\ E6+
LoopTrax_1558743 Rogue Trooper vs. keops : @0+ A0/ B1\ A3/ @3/ @3/ @2+ A1\ A0+ @3+ E1/ F0\ F5+ C6+ G4/ E7+ G5+ H5\ H6\ H1+ I4/
LoopTrax_1561173 keops vs. Sarah : @0/ A0/ A3/ B1+ B0/ B0/ A2+ @2\ C0+ D3+ @6/ B7\ A1\ B0/ @3/
LoopTrax_1561318 drgnrdr vs. supermac : @0/ B1\ A2/ @1/ A0/ A3/ C1/ D1/ A0/ @4/ @1\ C0/ @4/ @4+ A5/ C6\ C1+ E0/ E0/ @7/ E9/ A4\ @8\ C3\
LoopTrax_1561384 Arctic Warrior vs. the great snowqueen : @0/ B1+ C1\ C2+ C3\ D3\ B3/ A3/ C4/
LoopTrax_1561639 Arctic Warrior vs. Scorpius : @0/ B1+ @1\ C0\ A3\ @2\ C4/ @3+ B5/ B6/ B7/ A6\ @4/ A5/ A3\ @3\ H2\ G5\ I3\ I4\ I5\ J5\ J6\ K6\ K7\ L7\ L8\ M8\ M9\ move N10\ O10\ M11/ move L12/ RESIGN
LoopTrax_1562545 keops vs. Allison : @0/ A2\ B2\ B1+ C1/ B3\ C4/ C0/ D4+ E3\ A6/ @4+ E6\ @3\ E7/
LoopTrax_1564044 Arctic Warrior vs. marlisam : @0/ A0/ @2/ A0/ @2+ A0\ @2\
LoopTrax_1565057 doc harley vs. ROCKY MIA : @0+ @1+ B2/ B0/ B0/ C4/ @3\ C5/ B6/ A5\ E5/ E4+ F5\ E6/ B1\ B0\ E8/ A3+ A0/ E5+ A0\ @2/ G10\ E9/ G11/
LoopTrax_1565159 Arctic Warrior vs. washie224 : @0/ B1\ A2/ A0/ B3\ B4+ A4+ B5\ C5\ C3/ D4/
LoopTrax_1565263 Arctic Warrior vs. washie224 : @0/ B1\ A2/ A0+ B3\ B4+ A4+ A5/ @5/ A1+ A0/
LoopTrax_1565688 sagitarius vs. spitfire : @0+ @1/ C1/ A2\ B2\ C3\ D3\ D2+ A3/ C4\ @3\
LoopTrax_1565748 keops vs. CHESSCATJAY : @0/ @1/ C1/ D1/ C0+ D3+ C4+ E3+ D4+ F3/ @4/ B5+ A1\ @4/ B0/
LoopTrax_1566649 Oartkickel of the Wolf Pack vs. drgnrdr : @0+ B1\ @1\ B2/ A0+ @1\ A2+ E3/ @1+ A0\ B5/ A5/ @4/ G2/ B6/ F1\
LoopTrax_1567399 Arctic Warrior vs. Donna : @0/ B1\ B2\ C2+ B3/ A3/ A4/ @4/ @3/ B5\ @2\ B1/ D0\ E1/ E0/ D1+ C1\ D0/ B2+ F2/ G4\ A4+ E1/ @4/ B2\ B1\ D0/ A2/ A3/ @4\
LoopTrax_1567479 ellieoop vs. Jump This : @0/ A0/ B2/ A3+ B1+ C2\ C3+ C1+ @1/ @1/ A0/ A0/ E6\ A0/ C7/ D8\ F5+ E8\ B6\ F7+
LoopTrax_1567945 Rogue Trooper vs. REBEL DJ : @0/ B1+ C1/ C0+ C3/ D2\ E2+ D1/ D0/ E4+ D5\ E1/ F4/ B5+ A2+ @2\ A1\ D0/ @2+ C1+ C0/ B6+ G2/ I5\ H7+ A7+ J7\ I8/ J2/ K6\ I1/
LoopTrax_1568071 Knight Rider vs. Allison : @0+ @1\ A2\ @2/ C3/ A0\ @2/ B0\ C2+ E2/ E1/ C0\ A5+ F1/ F0/ B2+ D1/ E0+ A5+ @6\ F0/ H2\
LoopTrax_1568761 Jane vs. keops : @0/ B1/ @1\ C0+ D2\ B3+ B4\ C5/ D4/ A5+ @4/ @4+ D0/ G6+ E7/ H5\ A2+ @4/ @4+ E0+ C2+ A2+ @4/ @5\ D7\ E8/ E9/ A1\ F10+ C0+
LoopTrax_1568762 keops vs. Jane : @0/ B1\ B2\ B0\ C2+ A0\ @3+ D1\ C0/ E1+ C0/ F2/ A1\ F4\ @3+
LoopTrax_1569170 PROUD AMERICAN vs. Knight Rider : @0+ A0+ A3/ B2/ A4/ @2\
LoopTrax_1569271 SweetCindyJo vs. Oartkickel of the Wolf Pack : @0/ B1\ A2/ A0/ A4\ B4\ B5\ C3/ D4+ @3/ D6\ E2+ F4+ D0+ F2/ B1+ G5+ @2+ B0\ A7/ @6\
LoopTrax_1569327 Geri39 vs. Knight Rider : @0/ @1/ @1+ @1\ B0/ B0/ C2/ C1+ D1/ E2/ E3+ F3\ E4\ B4/ B5+ D0/ F5\ F6+ A6+ G5\
LoopTrax_1569772 Jump This vs. keops : @0/ B1/ A2\ A3\ A4+ C1/ A5+ D1/ A0+ B0+ E1\ @2\ D4\ C5+ @3\ D0\ D0\ D0\ E1\ D0\ C4+ B5\ A4/ @7+ C8+ @5+ @5/ C4+ H0+ I1/ I0/ J4+ H0\ G1\ F1\ E2+ F0/ H1+ K3\ J7+ K7\ L9+ D7+ J11/ L11/ G0/ F0/ G1/ I2+ E1+ D3\ F0+
LoopTrax_1570961 frolind vs. Knight Rider : @0+ B1/ @1/ B0/ C1+ D1/ B0/ D0/ E2\ B5/ E4\ F4/
LoopTrax_1571697 Jump This vs. CHESSCATJAY : @0/ A0/ A0/ @1/ A0/ @1/ D2+ B4/ B0/ @1/ D2+ B5+ C0/ E2\ A5/ @4+ C0/ E1\ A0\ @1+ G1/ H2\ E0/
LoopTrax_1571847 spitfire vs. MIA 29892 : @0/ B1\ A2/ C1/ C0/ D2\ D3\ C3/ B4/
LoopTrax_1572615 tiger vs. Knight Rider : @0+ B1\ B0/ C2\ C1+ D1+ E1\ C0/
LoopTrax_1573054 Donna vs. Jump This : @0/ A0/ B1/ A3+ @2/ B0+ D3/ D1+ C5\ E4+ D5\ D6\ E6\ F4/ G5/ D7\ G4/ G7/ H3\ H2+ I2/ D0/ B8/ B9/ B10/ @8+ G8+ D9+
LoopTrax_1573682 dboy97 vs. B Line electric streetcar : @0/ @1/ C1/ A2/ B0+ B0/ B0/ A2+ @5/ @5/ C6\ E6\ F5/ C7+
LoopTrax_1575458 REBEL DJ vs. * Sassy_Angel * : @0/ B1+ A0\ @2/ @2/ D1+ E2/ C3/ A1\ @2/ B3/ A1\ @1\ D4\ E4+ B0+ G5\ A3/ F6\
LoopTrax_1575459 REBEL DJ vs. * Sassy_Angel * : @0/ B1\ B2+ B0\ B4\ A4\ B5\ C2\ @3\ A1/ A5/ E2\ B6/
LoopTrax_1575460 REBEL DJ vs. * Sassy_Angel * : @0+ B1\ B0/ C2\ D2\ A1+ B0/ A0\ @2/ B5+ A5/ @3\ E1\ @3+ C1+ @3/ D6\ F6+ B2+ D0/ D0/ B2\ A2\ @5/ C8+ D9/ C10\ @6+ J2+ G0\ K3\ H10+ K1/ J0+ L3\
LoopTrax_1576027 gladriel vs. SarahMills : @0+ B1/ B2/ @1\ B0/ B0/ D3/ D2/ B0/ C2+
LoopTrax_1576462 * Sassy_Angel * vs. Rebel Rider : @0/ A2\ B1/ B2+ B3\ C2/ D2/ D1/ B0\ C0\ A2+ @2\ F2\ A1/ C1\ B0/
LoopTrax_1576500 * Sassy_Angel * vs. Kran : @0/ A2\ B2\ C2\ @1+ D1/ E1/ A0\ A0\ @2/ @2/ A3/ @3+ C4+
LoopTrax_1578893 acelockard vs. Knight Rider : @0/ A2\ @1/ C1\
LoopTrax_1578894 HeatherN vs. barbara : @0/ B1/ C1\ C2/
LoopTrax_1578913 keops vs. CHESSCATJAY : @0/ @1/ C1/ D1/ C0+ D3+ C4+ E2+ @1\ C0+ A5/ @3\ C6/
LoopTrax_1579815 Ace1316 vs. * Sassy_Angel * : @0/ A2\ B1/ B0/ A4/ @3\ @3\ @3+ B4/ @3\ A2/ B4+ F3\ G3\ F5/ B5\ C0\ C0+ B1\ A1\ @4/ B0+ A2/ @5/ B4\ B7+ B1+ A3+ @7/ B8+ B9/ A9/ G1+ B2+ A3\ @6+ D0/
LoopTrax_1579843 What did you say vs. Brendans Grandmom : @0/ @1+ B0+ B3\ C3\ C2+ D2+ D1/ E1/ D0\ D0\ C1\ A1\ @3/ C0\
LoopTrax_1582699 drgnrdr vs. washie224 : @0/ A2\ B1/ B2+ B3\ C2/ C4/ A3+ C1/ B5\ @5/ A6/ A3\ @5+ B7/ F1/ F0/ @6/ F7/ C3+ C1+ E0/ G1/ H3\ E0+
LoopTrax_1582707 drgnrdr vs. Kran : @0/ B1\ A2/ A0/ @2+ B0/ @1+ @2/ C0+
LoopTrax_1582709 drgnrdr vs. CHESSCATJAY : @0/ @1/ B2/ B3/ C2+ B4/ A4/ A5/ @2+ D6+ E6\ F3/ F2/ G2/ G1/ D0\ D8/ H6+ A8/ @5+ C9/
LoopTrax_1583419 keops vs. drgnrdr : @0/ A0/ A0/ A0/ @3+ C3\ D3+ D4\ B5/ E1+ B0/ F3/ @1+ C0/ A7/ C8/ @5+
LoopTrax_1583532 HeatherN vs. Knight Rider : @0+ A0+ A3\ @1/ C2\ B0\ @1\ B0\
LoopTrax_1583613 Jane vs. spitfire : @0/ B1\ A2/ A3/ B3+ A4\ @4/ B5\ C4\ C5\ D2\ A5/ A6/ @6\ A4/ C6\ C7/
LoopTrax_1584800 Brendans Grandmom vs. CHESSCATJAY : @0+ @1\ A2/ @2/ B0\ C3\ C4\ C5\ D2/ A1\ @3/ C0+
LoopTrax_1584801 Brendans Grandmom vs. Kran : @0+ @1/ A0/ C1/ C0/ @2\ B1/ C0\ E3\ E4\ E5\ A5/ @4\ B1\ C0/ E7/ D7/ G7\ G8\ B7/ C8\ G9\ E9\ D10/ B1\ B0\ C11/ B11/ E2/ E1/ A7/ @6\ B10/ B3+ B0/ H5+
LoopTrax_1585144 washie224 vs. Brendans Grandmom : @0+ A2/ A0\ @3/ C2/ @1\ B0/ C5\ D4+ E4\ E5\ A1+ E1\ C6\ E6/ B0/ @3+ G6\ F8\ H5/ @4\ H8\ I7\
LoopTrax_1585148 Hoosierenvy vs. Brendans Grandmom : @0/ B1+ A0\ @1\ C3\ D3\ D4\ A4/ @1+ @1/
LoopTrax_1585248 Brendans Grandmom vs. ringeding : @0+ B1/ B2\ C2\ B3\ @1\ A0\ D2/ E3\ D0/ E2\ F2\ @2\ C0+
LoopTrax_1585662 keops vs. sagitarius : @0/ B1\ B2\ @1/ B0/ C0\ D1/ C0\ @1\ A0\ @1\ F2/ F1/ C1/ A0+ D2+ @6+ A7/ @7/ C8\ A2\ @8\ B1/
LoopTrax_1585738 drgnrdr vs. CHESSCATJAY : @0/ A0/ @1/ C1/ C3\ D3\ A0\ @1\ F4\ E5+ E2/ D0+ F3/ G2\ F0+ H3\ H0\ H7+ I5/ J4\ B6/ F9/ @4\ C9+ G10/ B8+
LoopTrax_1585744 drgnrdr vs. keops : @0/ B1/ @1\ C0+ C3\ D1\ E2/ C4\ A3+ C0/ D5\ D6\ E6\ F5+ C7+ @7+ D8/ G1/ H4\ F0/
LoopTrax_1585883 * vs. Carol91859 : @0/ @1+ @1\ D1+ A0/ C1/ D3/ C3+ B3+ E2+ B0\ E2+ A1+ D1/ C0/
LoopTrax_1586060 * vs. * Sassy_Angel * : @0/ B1\ A2/ B2+ B3+ C3\ B0/ C2\ D4\ B5/ @4/ A3+ A5/ C6/ F5\ @4+
LoopTrax_1586632 keops vs. drgnrdr : @0/ @1/ C1/ B2+ D1/ B0\ B0+ A1\ @3/ E0\ E6\ F6\ A6/ RESIGN
LoopTrax_1587582 Rogue Trooper vs. sagitarius : @0/ A2+ @2\ C1\ B0/ @2/ E2\ E3\ E4\ B4+ A0+ @3/ F1/ G1/ D0/
LoopTrax_1588898 lobo vs. * Sassy_Angel * : @0/ A2\ A0\ @2/ B4+ C2\
LoopTrax_1590831 lobo vs. * Sassy_Angel * : @0+ B1\ B0/ C2\ C3\ B4+ @4\ A2/
LoopTrax_1591081 BrnIdGirl vs. spitfire : @0/ B1\ A2/ @2/ C2\ B3/ B0/ C4\ B5/ B6/ D4/ E4\ D5/ C6\ C7\ B7+ A6/ @7\ B8/ B9/ F5\ D8/ F6+ E8\ E9\ C10/ C11/ C12\ D12+ F12\ E13/ D14\ G12/ F13\ H12\ B12\ G10\ F14\ E15/ H14\ G15/ E16/ A9/ D17/ @7/
LoopTrax_1591178 Geri39 vs. HeatherN : @0/ B1\ A2/ @2+ C0/ D1/ C3\ B4/ C4+ D4\ D2+ E3/ C5\ D5+ E0/ F1/ F2+ D7/
LoopTrax_1594098 Tigger vs. drgnrdr : @0/ A0/ B1+ C2/ @2/ A3/ D0\ C0/ @5/ D6+ A2/ C1\ D0/ @5+
LoopTrax_1594103 Tigger vs. drgnrdr : @0/ @1/ A2\ C1\ C2\ D2\ D3\ D0/ E1/ A1\ A0+ @2/
LoopTrax_1594837 Tigger vs. keops : @0/ @1/ C1+ C0/ C3\ D1/ A1/ C0+ A5\ D5/ E2/ A6+ @6/ F6\ G6\ E7/
LoopTrax_1597301 Brendans Grandmom vs. drgnrdr : @0/ @1/ A0/ A0/ B1/ @1\ A0\ @4\ A2/ A5/ @4\ E5\ D6\ F5/
LoopTrax_1597386 Hoosierenvy vs. Brendans Grandmom : @0/ B1/ B2\ C1/ C2+ D1\ D0\ D3+ E3/
LoopTrax_1597420 lobo vs. * Sassy_Angel * : @0+ B1\ B0/ C1/ A1+ @1\ A2/ B3+
LoopTrax_1597670 Phil The Hat vs. leopard : @0/ B1\ B2\ A2/ A3\
LoopTrax_1598930 Brendans Grandmom vs. CHESSCATJAY : @0/ A0/ B1/ C2+ @2\ C3+
LoopTrax_1599453 AugieDawg vs. HeatherN : @0/ A2\ B1/ C1/ A3/ @3/ B0\ A2/ @3\ E3\ F2/ E5/ E6\ F6\ A1\ @2/ G0/ H2\ G8\ D6\ E8/ E9/ B9/ B10/ A1\ A0\ @5/ A2/ A6+ A3+
LoopTrax_1599652 Sarah vs. Brendans Grandmom : @0+ B1\ B2\ @2/ B3\ D2/ A1+ B0\ B0\ D3+ @1+ E2\ D0\ A4+ E1/ E0/ F3\
LoopTrax_1600718 Sarah vs. Brendans Grandmom : @0+ B1/ B0/ @1/ A0+ @1/ E1\ F3\ F4\ E4+ E5/ G2/ G1/ G5+ F0+
LoopTrax_1601053 lobo vs. * Sassy_Angel * : @0/ A2\ A0\ @2/ B4/ @3\ B1+ D3\ E3/ E2/ F2\ F3+ B4+ @3/ A4/ B5/
LoopTrax_1601057 lobo vs. * Sassy_Angel * : @0/ B1+ @1\ C0\ A1\ A3/ @3+ C0+ A3+ C4+ A5\
LoopTrax_1602093 mammacat MIA vs. Brendans Grandmom : @0/ B1\ A2/ @2\ C2+ C3\ D2+ E2/ B4\ D1/ D0\
LoopTrax_1602254 Sarah vs. BabyGirl The Rebel Angel : @0+ B1+ A2\ B0/ B4/ C3/ @2\ A1\ C0/ A4+ @4/ D6/ A7\ @4/ @7+ A8/ A2+ @5/ C1+
LoopTrax_1602276 BabyGirl The Rebel Angel vs. CHESSCATJAY : @0/ A0/ B2/ B3/ B1/ @1\ B0/ B0/ C1\ @4/ B5\ A2\ @2\ D0/ F3\ F2+ G4/ F7+ H6\ H3+ E0\ I7+ I8\ F9\ G10/ I11+ J9/ K7+ J5\ J3/ H2\ K3\
LoopTrax_1603433 Sarah vs. Brendans Grandmom : @0+ @1\ A0\ C1\ C0+ D1/ A0/ E3/ E4\ F3/ D5/
LoopTrax_1604013 ellieoop vs. Jump This : @0+ A0+ A0+ A0/ A0/ A0/ B1+ C1\ @1/ D5\ A5\ E4\
LoopTrax_1604257 washie224 vs. Rand al*Thor : @0+ B1\ C1/ A0/ C3+ B3+ C4/ D4/ B5/ A5/ @3\ E5\ D6\ F4\
LoopTrax_1604387 supermac vs. B Line electric streetcar : @0/ @1/ B0+ A0+ @1+ B0/ B5/ B6/ D6+ B7/ @7+ A8/ C8+ @7+ G8\ D9\ G9+ E10/ B11+ A11/ @11+ C12+ H6/ I6/ B4+ H3+ E12\ F11+ I7+ I10+ J5\ K3+ K2/ K7\ L6+ K8/
LoopTrax_1604422 washie224 vs. drgnrdr : @0+ @1\ C1\ B2/ @1\ C0/ D4\ E3/ A4/ C5/
LoopTrax_1608841 keops vs. Dawn : @0/ A0/ A0/ @1/ C3/ C1\ C4+ D2/ B0/ A4/ D0/ E3+ A1\ E4\ B0/
LoopTrax_1608860 REBEL DJ vs. * Sassy_Angel * : @0/ @1/ C1+ C2\ C3/ D2\ B3+ @2/ D0\ C5/ A1\ B0+ @4\
LoopTrax_1608861 REBEL DJ vs. * Sassy_Angel * : @0/ @1+ C1/ B0/ B3/ C1+ B0\ @3\ B1+ A0/ @2+ @2/ B4+ A5+ @2/ @3\ H6+ F6+ I5+
LoopTrax_1609379 gladriel vs. drgnrdr : @0/ A0/
LoopTrax_1609908 Tigger vs. Brendans Grandmom : @0/ A2\ B2\ B3\ @2\ C1+ D1/ E2/ A0/ D1/ E1/ F2/ @1\ A0\ A5/ F1/ A6\
LoopTrax_1610451 Brendans Grandmom vs. Allison : @0/ A2\ B1/ A0/ C2\ C3\ B4\ D2/ C4+ C1/
LoopTrax_1611015 Brendans Grandmom vs. Allison : @0/ A2\ B1/ @1/ D1\ D2\ E2\ C3/ B0/ C1/ C0/ F4\ C6\ D6+
LoopTrax_1611041 Oartkickel of the Wolf Pack vs. Brendans Grandmom : @0+ @1/ A0\ @2/ A1+ @2\ B0/ C4\ E3/ C5\ A5/ A6/ @4\
LoopTrax_1611131 Nukkle Dragger vs. Brendans Grandmom : @0+ @1/ A0/ @2\ C3\ B4\ C4\ D4/ D2/ A4/ E1\ @3\
LoopTrax_1611233 curleyquenot vs. Morticia : @0/ A2+ @1\ B0/ C1+ D2/ D4\ E3/ B4/ B5/ C5+ E1/ E0/ A2\ B1/ B0/ A5+ @5/ @5/ C1\ D0/ B1+ H6+ @2+ C0/ B1+ I5\ I8+ J8+ I9\ H10/ A9/ @9/ C10/
LoopTrax_1612223 drgnrdr vs. Oartkickel of the Wolf Pack : @0/ A0/ A3/ @2+ C3\ B4/ B5/ D2+ A0\ @2/ E1/ C0+ F3/
LoopTrax_1613726 drgnrdr vs. CHESSCATJAY : @0/ A0/ @1/ A0/ B4/ @2/ C1/ D4/ D5/ @1/ B0+ C4+ E2/ A4/ B5/
LoopTrax_1615491 dolcol (LAW-10) vs. Rand al*Thor : @0+ B1/ B0/ C1/ C0+ C0\ @3\ A2\ E2\ D5+ @2\ G4+ F6\ A4/ @2+ B5+ B6\ B1\ C0\ A5/
LoopTrax_1616573 nisqually vs. Brendans Grandmom : @0/ B1\ A2/ B0+ B3+ @2/ D2/ C0\ B5\ A4/ B6/ C5\ @4\ E2/ F1/ F0/ A4+ E6\ F4/ B3/ F7\ E8/ F5\ G5\ B2+ D1\ F0/ @5\
LoopTrax_1617396 Brendans Grandmom vs. Tolp : @0/ A0/ @2\ C2\ B3/ A4\ C3\ C4\ D2\ B5\
LoopTrax_1617612 drgnrdr vs. Chad : @0/ A0/ @2+ @2\ @1/ B0+ D4/ D5/ B0\ C1+ D7/ E7/ E3/ F3/ E0/ G8+ H8/ F9+
LoopTrax_1617740 Goonerg vs. gladriel : @0/ B1+ C1/ A2+ B3/ C0/ C4\ D1\ D3/
LoopTrax_1618186 doc harley vs. ROCKY MIA : @0/ A2+ @1\ A0+ B1+ A0+ B1+ A0\ @4\ D3\ B5/ C6/ D2/ E2/ B6/ E3\ F2/ B7/ E6\ A6+
LoopTrax_1618533 Misery Midnight vs. Allison : @0/ A2\ B2\ @1/ D2/ D1/ C0\ C4/ C0\ B5+ @4/ F4\ F5\ D6/ A3\ @3\ D0\ H6/ B3\ F1/ G1/ E0\
LoopTrax_1619587 drgnrdr vs. CHESSCATJAY : @0/ A0/ @2+ A0/ B4/ B1/ C1/ D2/ D5\ E4/ B6\ @3/ @3/ E0/ F1/ B3+ A2+ F0/ G4+ H4/ I4/ @6\ A2+ C0+ @4\ A1\ C0/ @5\ @6+ M2+ J1/
LoopTrax_1619598 purplehawke vs. Allison : @0/ A2\ B2\ A0/ B2/ C3\ B1/ @1\ A0\ @3/ A4/ D5+ C1/ B0\ C1+ @5/ @5/ D7+
LoopTrax_1620256 purplehawke vs. CHESSCATJAY : @0/ @1/ B0\ C1/ D1\ B0/
LoopTrax_1621084 lobo vs. * Sassy_Angel * : @0/ B1\ B2\ C2+ C3/ A3+ A4/ @3+ C0\ A2\ @3\ A2\ @2\ A1\ B0\ @2/ B1+ C0+ A4/ D0\ @5\ F3+
LoopTrax_1621404 Phil The Hat vs. REBEL DJ : @0/ B1+ C1/ C0+ B0/ A2+ @1/ E1\ F2/ D4/ @2\ D0/ A5/ @5/ C6\
LoopTrax_1624328 Tigger vs. BabyGirl The Rebel Angel : @0/ @1/ B0+ A3+ C1/ @3\ D3\ E2+ C4\
LoopTrax_1624691 keops vs. CHESSCATJAY : @0/ A0/ A3/ B1/ C3+ C4\ D4\ C5\ D1/ E4\ C0/
LoopTrax_1627442 Brendans Grandmom vs. Oartkickel of the Wolf Pack : @0/ B1\ A2/ B2+ A3\ C1\ B3\ C0/ D1/ D3+ B5\ D0/ @5\ F2+
LoopTrax_1627637 purplehawke vs. CHESSCATJAY : @0/ A0/ B2/ C2/ C1\ C3+ @2/ @1+ A0\ A0+ @1\ @1\ B2+ C0/ @3/ A4/ A5/ C6/ C7/ B7/ G1/ C8+
LoopTrax_1630419 Rand al*Thor vs. frolind : @0+ A0+ B2\ @1\ C1+ B3+ A2+ @2/ B3/ A3/ @2+ @1/ D4+ B4+ D0+ C1\ B1+ B0\ A5+ D7/ @2+ @3\ C7+ B7/ D8\ B9+ B10\ A8/ A7+ E10+ A9/ D11+
LoopTrax_1632294 REBEL DJ vs. Goonerg : @0+ B1/ B0/ @1/ D1\ C0/ B0+ @3/ @3\ E0\ E0\ @5\ B6+ C7+ B3/ B8/ A7+ @6+ E8/ E9/ C2+ H3/ I3/ @5/ B4+ C8/ H7\ I8/ C2+ C1\ J5+ K4\ J9\ H10+ A7+ C9/ D10/ G11+ B10+ I11\ J11\ K11+ J12/ K9+ G12\ L8/ J7+ L9+ L6\
LoopTrax_1632297 gladriel vs. * : @0+ B1\ A0/ @2/ B3\ B4\ D2\ C3+
LoopTrax_1633979 Rand al*Thor vs. buttercups : @0+
LoopTrax_1634261 Jump This vs. CHESSCATJAY : @0/ A0/ @1/ @1/ C0+ A0/ D2\ A4/ @4/ D5+ F3/ D1/ C6/ G4+ A0\ @1\ H3+ B7/ A7/ A5+ @2/ D8\ F7\ E8+ I8\ G9+ J7\
LoopTrax_1634728 * Sassy_Angel * vs. REBEL DJ : @0/ A2+ @1\ B0/ C2/ D2\ A3+ D3\ C4/ C5/ D4+ A5/ E4/ B6/
LoopTrax_1634729 REBEL DJ vs. * Sassy_Angel * : @0/ B1+ C1+ D1\ D2+ E2\ F2\ B2+ C3/ B3/ F1/ C0/ G2\
LoopTrax_1634731 REBEL DJ vs. * Sassy_Angel * : @0/ A2\ B2\ B1+ @2/ B3+ D1+ C0\ @3/ C5\ E4+ C6\ B4+ E1+ A2\ @3/ C1+ F0/ G1\ G0\ @6\ H4+ I3\ J3\ B7+ @6/ C8/ C9/ D9+ E10/ @6/ H9\ A5\ J8+ @6\
LoopTrax_1634846 Chef Jeff 1 vs. BabyGirl The Rebel Angel : @0+ @1/ B0\ C2\ C3\ @2+ @2/ E4+ F4\ B4/ D5\ A3/ @3/ B4/ B5/ C6/ A5\
LoopTrax_1635039 REBEL DJ vs. BabyGirl The Rebel Angel : @0+ B1/ @1/ C2/ C3/ A0/ A0/ D1/ C0\ D5+ E3/ D7/ @5\ C7/ A7/ @6\ D8+
LoopTrax_1635266 BabyGirl The Rebel Angel vs. Rebel Rider : @0+ @1/ A2/ B3\ C1\ A4/ @3\ A0\ @1\ D6\ E4\ F4\ E6+ C7/ B6\ A5/ B7+ F3/ G4\ C0/ D1/ F2/ G3\ H4/ E1/ F1/ C0+ H3/ I5/ G9\ E10+
LoopTrax_1635697 TheRichBlues vs. drgnrdr : @0+ @1/ A0\ @1\ A0\ B0+
LoopTrax_1637884 (((INTENSITY))) vs. Phil The Hat : @0/ @1/ C1/ A2+ D2+ B3/ @2/ @2/ B1+ E4+ G1\ F5/ G4+ H2/ G6\ H4\ I1\ G7+ B4+ C5/ C6/ @3\ K2/ E0+
LoopTrax_1638140 marygal vs. the great snowqueen : @0/ @1+ @1\ C2\ B0+
LoopTrax_1638266 doc harley vs. ROCKY MIA : @0/ B1+ A0\ @2/ C3\ D2\ D3\ E3\ E1\
LoopTrax_1639904 SarahMills vs. purplehawke : @0/ B1\ A2/ B0\ B3\ B4\ @2+ C0\ D2/ E3\ C6\ E5/ @4/ A5/ C5+ B6/ C7\ C8\ A6+ @6/ A5+ @4\ B3\
LoopTrax_1639905 purplehawke vs. SarahMills : @0+ B1/ B0/ A3\ C3\ C4/
LoopTrax_1639910 purplehawke vs. Oartkickel of the Wolf Pack : @0+ @1/ B0\ C2\ C3\ D3\ @2/ D4+
LoopTrax_1639911 Oartkickel of the Wolf Pack vs. purplehawke : @0+ @1/ C1/ @1/ B0/ C0\ B4+
LoopTrax_1639912 purplehawke vs. Sarah : @0+ B1+ B2/ B0/ C1/ D2/ A1+ C0/ D1\ D4\ E4\ C5/
LoopTrax_1639913 Sarah vs. purplehawke : @0+ @1\ A0\ C2/ C0+ @2\ @3\ C0/ B0/ F3/ F2/ F5+ F6/ E1/ G3+ G6+ G7/ E6+ F7/ H4/ I4/ F8/ I2/ J3\ G1/
LoopTrax_1639916 What did you say vs. Phil The Hat : @0/ @1/ A0+ B3\ C2/ D1\ C3+ C4\ D5/ D6/ B4+ A5+ E4+ E7+ F7\ F3+ E1+ C0+ G2/ G1/ G0/ C1\ B0/ C0\ A4+ @4\ A9+ G12\ H10/ H8+ B11+ I6+
LoopTrax_1639917 Phil The Hat vs. What did you say : @0/ A2\ B1/ B0/ B3\ C3\ D3\ C4+ C1/ @1\ C0+ A5/ E2/ A6\
LoopTrax_1639922 Phil The Hat vs. Yulene : @0/ B1\ A2/ B2+ @1+ C3\ C4\ D3/ A4/ D2+ A5\
LoopTrax_1639923 Yulene vs. Phil The Hat : @0/ @1/ B0\ B0+ C1\ A1\ @1/ A3\
LoopTrax_1639924 Phil The Hat vs. Nina : @0/ A2\ B1/ @2\ @2\ C0+ A4+ @1\ A0\ @3/ A4/ B6/ F5/ G5/ H4\ C6\ B7/ G3+ F7+ I5\ C8+
LoopTrax_1639925 Nina vs. Phil The Hat : @0+ A0\ A3/ @1\ A0\ @1\ @1+ A0\ B1+ A0\ A0\ @3/ A4/ @4/ D0/ E2+ A1\ D0/ @2/
LoopTrax_1639928 the great snowqueen vs. * : @0+ @1\ @1\ D1/ B2\ C0+
LoopTrax_1639929 * vs. the great snowqueen : @0+ A0\ A3/ A0\ @3+
LoopTrax_1639934 * vs. dboy97 : @0+ A0\ A3/ @3/ A4/ @4/ A5/ @3\ B0\ A3+ D7+ E5/ E4/ F6\ @6+ G7+ H6+ G3+ H7+ H8\ C0/ G3/ F2/ I5+
LoopTrax_1639935 dboy97 vs. * : @0/ A2+ B1\ A3\ B3\ B4\ C2/ D3/ @3+ E2+ E1/ D0/ C0/ F3/ F2/ E1/ B1\ A2\ B0/
LoopTrax_1639936 * vs. irishmiss : @0+ B1+ A0/ B3\ C3\ @1\ B0/ D2+ C5\ E1\ D0+ F4+ B5+ F1/ E0/
LoopTrax_1639937 irishmiss vs. * : @0+ @1\ A2/ @2/ A1+ D1/ B0\ @3/ F1/ D0+ A5+ @4\ E5\ F6/ G3+ H2/ I2/ I1/ H0/ G0+ F2\ F1\ D2+ B4+ I2+ J4+ A7+ A5+ C3+ @6\ F0\ L4/ L3/ I7\ J7\ E9/ F10\ K7\ L7+ B9\ D10+ B10+ I8+ H11+ J11+ K11/ J12+ L9/
LoopTrax_1639942 Azalea vs. Arctic Warrior : @0/ A2+ @2/ @2\ B1+ A1+ D2\ B0\
LoopTrax_1639943 Arctic Warrior vs. Azalea : @0/ A2\ B2\ B3+ @1/ C1+ B0/ D2+ B0/ D1\ C0\ D6\ E6\ D7+ E3\ RESIGN
LoopTrax_1639946 Dave (UK) vs. Arctic Warrior : @0/ A2\ B2\ B3\ B4+ C3+ D3\ C4+ B5/ @2\ @2+ @2\ E6/ E1/ A5+ @2\ D7+
LoopTrax_1639947 Arctic Warrior vs. Dave (UK) : @0/ A2\ B1/ C1/ C0+ D1\ C3\ C4+ D4\ E2/ C5/ C0/ @4\ E0\ C2+ A1\ D0/ @3\
LoopTrax_1639950 Arctic Warrior vs. Allison : @0/ B1\ A2/ A3/ @3\ B4\ C4\ @3/ A4/ C5\ D5\ D6\ C7\ @5\ F6\ F7\ E8\ E3+ G4/ E9\ F8\ H4+ H3/ F2+ F9\ I8+ F10/ J8\ I10\ H11+ E10/ H12\ J11\ K8\ @7\ M10+ L12\ J13/ A6+ C10+ C11+ D11+ B11+ @8\ @9\ A8\ @8\ A7\ F12/ M4/ N4/ K1/ K0/ M3/ M2/ O8/ P8/ Q10\ O7/ P5/ P4/ R11\ R12\ Q13\ R9/ S11\ P15+ S10/ T11\ R8/ R7/ R13+ S13\ J13\
LoopTrax_1639951 Allison vs. Arctic Warrior : @0+ @1+ B0\ A3/ C1\ A0/ @2\ E1/ E0/ F3\ F4\ F5\ E6+ G3+ A5/ @3\ D7+
LoopTrax_1639954 Rimon vs. Rogue Trooper : @0/ B1+ @1\ B0/ B3+ C4/ C5\ D3/
LoopTrax_1639955 Rogue Trooper vs. Rimon : @0/ A0/ @1+ @2/ C3/ B0+ A1\ @3/ A4/ D5/ @3+
LoopTrax_1639958 Tolp vs. Rogue Trooper : @0/ A2+ B1\ C1\ A0/ D1+ B0\ E3/ @2/ D0+ E5/ C6+
LoopTrax_1639959 Rogue Trooper vs. Tolp : @0/ @1/ B2+ @1\ C0/ D1/ C4/ @2+ F1+ E0\ F5\ RESIGN
LoopTrax_1639962 Rogue Trooper vs. sagitarius : @0/ A2+ B1+ C1\ C3\ D2/ @1/ C0/ B1+ C5+ B4/ D6/ @1\ A0\ A5/ @2+ B6\
LoopTrax_1639963 sagitarius vs. Rogue Trooper : @0+ A0/ @1/ A3\ @2\ @3+ D4/ @3\ B1+ D5\ C6+ A0/ F1\ F0+ B0\ A1\ @4+ @1+ @2\ E0+ J6\ J7\ I2+ A5+ @2/ C7/ D8/ B7\
LoopTrax_1639964 supermac vs. gingershaz : @0/ B1\ B2\ C2/ B3\ A3/ C4/ C1/ B0/
LoopTrax_1639965 gingershaz vs. supermac : @0/ B1\ A2/ @1/ C2\ B3/ A3/ D1\ A4\ D0/ E1/ A1\ E2\ C0\
LoopTrax_1639966 supermac vs. Judy : @0/ A2+ A3+ B2+ C1/ B0\ B4\ A5\ A6/ @5\ A2+ @5/ A6/ D0/ E1/ E5\ F3/ D6+
LoopTrax_1639967 Judy vs. supermac : @0+ A0+ A3+ @2/ C2/ C0\ D2\ C0\ C5+ B6/ E5\ C6\ B7/ A2+ @5\ @4/ E0\ E0\ G5+ A4\ H4/ @4/
LoopTrax_1639968 supermac vs. drgnrdr : @0/ A0/ @1/ @1/ B2+ A0\ @2/ D0\ E2\ B1\ F1/ F0/ F5\ A2\ G4/
LoopTrax_1639969 drgnrdr vs. supermac : @0/ B1\ A2/ C1\ D1\ @1/ A0/ E1+ C3\ C4\ E0/ F3\ E0/ G4\ D5+ E6+ F7/ H1/ H0/ H8+ I5+ G9+
LoopTrax_1639972 gingershaz vs. drgnrdr : @0/ A0/ B2\ B3/
LoopTrax_1639973 drgnrdr vs. gingershaz : @0/ B1\ A2/ @2/ @2/ D2+ D3\ E3\ E4\ F4\ C5+ A6/ @4+ C0\ A2\ @3\ C1\
LoopTrax_1639974 Judy vs. drgnrdr : @0+ @1/ @1\ B0/ A3\ @3\ A2+ A4/ @4/ E4\ C5/ F4/
LoopTrax_1639975 drgnrdr vs. Judy : @0/ B1\ A2/ B0+ B0/ C3\ C4\ A5/ D3+
LoopTrax_1639976 Kevin vs. keops : @0+ A2+ B1+ A0+ @2+ B0+ A2+ B0+ C3/ D2\ @4\ D5\ F4+ G4\ H4\ G3+ I3+ I2/ J3\ G6+ K3\ L3+ M3\ N3\ M2+ J1+ I5+ F2/ E1+ I1+ G0+ L6+ K7\ H8+ J1/ RESIGN
LoopTrax_1639977 keops vs. Kevin : @0/ A0/ A0/ A0/ @3+ C4+ D3+ C0+ C6\ D6\ @5\ @5\ B6+ E7+ G3\ H1+ E0/ H6+ RESIGN
LoopTrax_1639982 keops vs. pioenroosje : @0/ B1\ B2\ B3+ C1/ A0/ A0/ C2+ A0/ @2\ E5\ E6\ E1/ D0/
LoopTrax_1639983 pioenroosje vs. keops : @0/ A0/ B1/ C2+ A3/ A4+ @2+ C0/ A5/ @4\ A2+ F1/ E0\ F6\ G4+
LoopTrax_1639984 keops vs. DINGEROO : @0/ B1\ A2/ @1+ @1\ A0\ @1\ C0/ A4/ @3\ D5/
LoopTrax_1639985 DINGEROO vs. keops : @0/ @1/ A0+ @1\ B3/ B0+ C5\ D5\ B6/ A6/ @6/ @6+ A7/ A1\ @1+ C0/
LoopTrax_1639988 BrnIdGirl vs. Rand al*Thor : @0/ B1\ A2/ B2+ C2/ A3+ @3/ A2+ B4/ A4/ @2\ A0+ @3\ @3\
LoopTrax_1639989 Rand al*Thor vs. BrnIdGirl : @0/ B1\ B2\ C2+ A2/ B3\ B0\ @2\ A4+ E3\ E1/ F2/ D0/
LoopTrax_1639992 Rand al*Thor vs. REBEL DJ : @0/ B1\ B2\ B3\ C2+ A2/ D2+ A3/ B4\ C5/ @2+ C0/ B1+ E6\ D7/ B5+ C0+ D1/ E1/ F5\ A7+ F6+ G1+ D9/ E8+ F8\ G6\ H6\ H5+ H8\ I7/ E10+
LoopTrax_1639993 REBEL DJ vs. Rand al*Thor : @0/ B1\ A2/ B2+ B3\ @2/ A0/ C5+ D4/ C6\ A6\ D3/ @4+ E5+ F5\ E7/ A7\ A3+ E8/ G4+ D1+ H3\ G2/ C0/ C0/ E2+ F2+ G3+ H3/ I5\ H7+ I2\ J5/ J4+
LoopTrax_1642303 marygal vs. game_77 : @0/ A2\ B1/ B2+ A0\ @2/ D1/ C0\ @4\ A5+ A2\ @2\ C1\ A4\ @3/ C1\ E0\ B2+ A2\ @2\ A5+ @3/ D1/ E7/ I1/ D0\ H1/
LoopTrax_1642664 Brendans Grandmom vs. Oartkickel of the Wolf Pack : @0/ A2\ B2\ @2\ D2\ @2/ A3/ B0\ A2+ E2/ F2/ @2\ A1\ A0+ @1\ B0/ H0/ I3+ A5/ @2/ B7\ @2\ A1\ A0\ K2+ K1/ L2/ B8/ B9/ B5/ A5/ @2+ F9/ C10/ H8/
LoopTrax_1643924 grandpa2 vs. Honeybear : @0/ B1\ B2\ C2\ C0/ D2/
LoopTrax_1645915 washie224 vs. Honeybear : @0+ B1\ C1/ B0\ C1+ @2\ B3/ E2/ E3\ D4+ F2\
LoopTrax_1645950 gladriel vs. MIA 6690 : @0+
LoopTrax_1645961 * vs. pauchie : @0+ @1/ C1/ A2/ D1\ D2\ C3\ C4\ D4\ E2/ F2+ F1/ C0/ G3\ D6/ C6/ B0/
LoopTrax_1646569 purplehawke vs. marygal : @0+ B1/ B0/ A0\ @1\ D1/ C0\ D3+ E4\ E5/
LoopTrax_1647638 BabyGirl The Rebel Angel vs. princesarg : @0+ B1\ B2\ @1/ B0\ @1\ B0/ B5/ A5\
LoopTrax_1647683 soldierswife vs. Rand al*Thor : @0+ A0+ A3/ @1/ B0/ C2\
LoopTrax_1650058 drgnrdr vs. RubyJoy : @0/ A2\ B1/ B2+ C2\ C0\ D3\ A4\ @2/ D5+ F5\ D6\ A5/ B6+ @5\
LoopTrax_1650210 Jump This vs. Sarah : @0/ A0/ @1/ A0/ @2+ @1/ C0+ D1/ D0/ B1+ E2+
LoopTrax_1655566 Honeybear vs. Castle by the Sea : @0/ B1/ A0\ A0\ @1+ @1/ A0/ C1+ C0/ B5/ E3+
LoopTrax_1656689 Rebel Rider vs. Brendans Grandmom : @0/ A0/ @2\ A1\ B0/ C1\ A1\ B0/ C3+ @2/ @2\ B1/ D0/ B4+ D6\ C6+ C1\ C0\ F6\ F7\ G7\ E8\ F8\ F9\ G9\ C8\ H9\ C0\ G11+
LoopTrax_1657287 * Sassy_Angel * vs. REBEL DJ : @0/ A2+ B1/ @1+ A0+ @2/ E2/ E0/ F2\ A2\ @3/ D0/ C2+ F1+ C5+ E0\ G3+ H4\ E7/ E8/ I8+ H9+
LoopTrax_1657288 REBEL DJ vs. * Sassy_Angel * : @0/ A2\ B2\ B1+ B0/ C1/ A4/ @2/ A1/ E3\ E4\ C5/ B5/ D6\ D7+ E7\ F7\ G7/ F1/ G2\ G5/
LoopTrax_1657414 * vs. Reversi Queen : @0+ @1\ A2/ A0/ @2/
LoopTrax_1657433 Rimon vs. Rand al*Thor : @0/ B1\ A2/ B2+ B3+ C2/ D2/ B4/ @1+ A3+ E3\ F2/ G2/ F4+ F0+ H1/ F0/ H5\ RESIGN
LoopTrax_1657758 drgnrdr vs. CHESSCATJAY : @0/ A0/ A3/ A4/ @2+ @2\ @1/ D0/ E1/ E0/ F4+ A0+ @1\ H3+ G1+ D0+ @5\ I8\ G9+ J6+
LoopTrax_1658273 supermac vs. Oartkickel of the Wolf Pack : @0/ B1\ B2\ C2\ A2/ B3\ A0/ A0\ @1\ C1+ A2/ @1\ E0+ F4+ B1+ D0+ G2+ H4+ H5+ I4/ B5+ A5/ @5/ J2/ J1+ K2\
LoopTrax_1658452 Megababe vs. CHESSCATJAY : @0/ A0/ A3/ A4/ @3+ C1/ @3/ A2+ E3+ @4\ E0+ A2+ C6+ C0+ D7\ G3\ F2/ G6/ E7\ F7+ D8+ B8+ D9/ C0\ @5+ @4/ B7/ A7/ @4/ @5\ D8+ A8/ D10/ @8\
LoopTrax_1659037 Jay RAA vs. Megababe : @0/ @1/ A2/ A3/ B0\ @4/ A1\ @3+ B0+ A1\ @2\ C0+ E1/ F1/ A5/ @5/ B2\ A4+ E0/ C1+ A2+ @2\ C0/ E0+ @2\ C1+ D0\ B8+ A9/ A6+
LoopTrax_1659278 Dawnas AZ vs. BabyGirl The Rebel Angel : @0/ A2+ @1/ C2+ B3/ @2\ B0+ C0\ @3+ B6/ A5+ A1/ @3+ A2+ C0/ F3+ G5\ G4+ G6\ E7+ @4+ I5+ G1+ J6/ I7\ E8+ @4+ H7\ F9/ D7+ C7/ B7+ @4+ C8\
LoopTrax_1659939 sagitarius vs. Megababe : @0+ B1\ A0/ A3/ C3/ @1/ D0/ E2\ A1\ A0+ @3\
LoopTrax_1661337 DINGEROO vs. gladriel : @0/ B1+ @1\ D1\ B0\
LoopTrax_1661387 MIA 6690 vs. drgnrdr :
LoopTrax_1662814 CHESSCATJAY vs. Rogue Trooper : @0/ B1+ C1/ @1/ A0/ C1+ @1\ B0/ C0\ C0\ B0/ D3+ A1+ E1/ F4\ D0/
LoopTrax_1663192 DINGEROO vs. Chad : @0/ @1/ B0\ @2\ A1\ @1\ C0/ A4/ @3\ E4\ D5\ F3\
LoopTrax_1664516 Misery Midnight vs. nursestary : @0/ A2\ B2\ A0/ C3/ C2/ D1/ D0/ E1/ C1\ D0/ F2\ A6/ @6/ move
LoopTrax_1664986 Rodney vs. gladriel : @0+ B1\ C1/ B2/ C0\
LoopTrax_1665710 Misery Midnight vs. dolcol (LAW-10) : @0/ B1\ A2/ @1/ D1/ D0/ C3\ C4\ C1\ D0\
LoopTrax_1666719 SarahMills vs. BabyGirl The Rebel Angel : @0+ B1/ B0/ A0/ A0\ @2/ C2+ D3/ A4/ @4+ B5\ B1\ A1\ @3/ A5\ B6/ C0+ C7+ B0\ A1\ @4+ @3/ G2/ F1\ E0/ C10\ B9+ A8+ D11/
LoopTrax_1666797 REBEL DJ vs. Rand al*Thor : @0/ B1\ B2\ C2+ A2/ B3\ D2\ @2+ B0/ A4/ A5/ @5/ C6\ C7+ D7\ E5+ F1/ G3\ F0\
LoopTrax_1666838 Rimon vs. Goonerg : @0/ A2\ B1/ B2+ C2+ B3/ B4/ B0/ D1+ D0/ @2+ A1\ B0+ D1+ C0\ @2/ D9\ E7+ @4/ A5/ C6+ B1\ RESIGN
LoopTrax_1666846 Carol91859 vs. Honeybear : @0+ B1\ @1+ C2/ @1/ B2+
LoopTrax_1667401 supermac vs. drgnrdr : @0/ A0/ @1/ @1/ B2+ A0\ @2/ @3\ F1\ F0+ G1/ H1/ E0/ C0+ B4\ G1+ F0/ I5\ G6+ I2/ J4/
LoopTrax_1667891 purplehawke vs. CHESSCATJAY : @0+ @1\ C1\ @1\ B2\ C0/ C4\ B4+ E2\ @3+ B5/ F0\ A6/ @5\ E1+ B2+ RESIGN
LoopTrax_1667985 gladriel vs. CHESSCATJAY : @0+ @1\ B0\ B3\ @2/ A3/ @3/ C4+
LoopTrax_1668276 sagitarius vs. Misery Midnight : @0+ B1\ A0/ @2/ A3/ C0/ D3\ E3/ B5+
LoopTrax_1668323 princesarg vs. BabyGirl The Rebel Angel : @0+ A0/ A3\ B1/ B0/ C3\ @1\ C0+ @3/ B5+ E5\ E6/
LoopTrax_1669095 gladriel vs. buttercups : @0+
LoopTrax_1671198 Judy vs. Arctic Warrior : @0+ B1+ B2/ A0\ B4+ A4/ @3\ C5/ D5\ C6/ A4+ @4/ A5+ @4\ B6/ B7/ D0+ G6/ F5+ F7\ F8\ H6\ F9/ E9/ D9+ D10/ C9/ E10\ E11\ I6/ H5\ G3/ H3/ I3/ J3+ I2\ B9+ A9/ H7\ K5+ I8\ I9\ G10\ H10+ C10/ F12\ H2+ I1/ J1/ L5\ J10/ I11\ H12\ B3\ A3\ A2\ B1\ @3+
LoopTrax_1671199 Arctic Warrior vs. Judy : @0/ A2\ B1/ B2+ B3+ C2/ B0\ @2/ D4\ E4\ D5+ D6/ B5/ F5\ F6\ E7\ E8\ E3/ F8/
LoopTrax_1671204 Arctic Warrior vs. gingershaz : @0/ B1\ A2/ RESIGN
LoopTrax_1671205 gingershaz vs. Arctic Warrior : @0/ B1/ RESIGN
LoopTrax_1671206 Arctic Warrior vs. Allison : @0/ B1\ A2/ @1/ A2+ B3/ C0\ A5\ D2\ D3\ E3\ C4+ @3\ F5\ E6+ G5/
LoopTrax_1671207 Allison vs. Arctic Warrior : @0/ B1\ B2\ C2+ B3/ A3/ A0\ @1\ A3+ E2\ @3/ B5/ C5+ C6\ C7/ E4\ E5\ C0+ C9\ D9\ E9\ G9\ F10/ H8\ B8/ A8/ H3/ RESIGN
LoopTrax_1671210 Kevin vs. Misery Midnight : @0/ A2+ A3/ @3/ @3/ @3\ B1\ A2+ C0/
LoopTrax_1671211 Misery Midnight vs. Kevin : @0/ A0/ B2+ C2\ A3/ B4+ D2/ D1/ D0/ D5\ E2\ E4/
LoopTrax_1671212 Kevin vs. Honeybear : @0/ B1\ A2/ A3/ @2\ B4\ C2+ @3/ A4/ B5\ E3\ E4\ E5+ D6\ F4\
LoopTrax_1671213 Honeybear vs. Kevin : @0/ A0/ @1+ @1\ B0/ D3\ B4\ D1/ E2+ B0/
LoopTrax_1671214 Kevin vs. Rogue Trooper : @0+ @1/ C1/ D1+ B0+ B0/ B0/ A2+ B0+ E5+ C6+ C1+ D3+ F5/ @4\ @5/ C6/ B2+ I4\ J4\ G2/ E0/ K3+ G1/ E0/ B2\ A2\ F0\ L3/ G1/ E0/ A0+ @4+ M3+ J2+ I1/ B0/ @3+ N10\ O8+
LoopTrax_1671215 Rogue Trooper vs. Kevin : @0/ A0/ @2/ @1/ D2+ C3\ E1\ E3/ E4/ C5+ A2/ @5+ D6/ A1\ A0/
LoopTrax_1671216 Misery Midnight vs. Honeybear : @0/ B1\ A2/ @2/ @2\ B3\ C3\ D2+ E2\ D3\ E3\ D4+
LoopTrax_1671217 Honeybear vs. Misery Midnight : @0/ @1+ @1\ A0\ @1\ B3\ B0+
LoopTrax_1671218 Misery Midnight vs. Rogue Trooper : @0/ A0+ A0\ @1\ A0\ @4+ A5/ A6/ @4\ @1+ B7/ A5+ @3\ C0+
LoopTrax_1671219 Rogue Trooper vs. Misery Midnight : @0/ A2+ B1\ A3\ B3\ B4\ C1+ B0\ @2/ E2/ A4+ E0/ F3/ @4\ A1+ D0/ @3+
LoopTrax_1671220 Honeybear vs. Rogue Trooper : @0/ B1+ B0\ C2\ B3/ B4/ A4/ @1+ E2/ E1/ B0/ E5\ B0/ F5/
LoopTrax_1671221 Rogue Trooper vs. Honeybear : @0/ B1\ A2/ B2+ C2\ B3/ D2\ @2/ A3/ A4/ E1/ A5/ F2/
LoopTrax_1671222 keops vs. pioenroosje : @0/ B1\ A2/ A0/ A0/ A0/ @3+ D4\ D5\ E4+
LoopTrax_1671223 pioenroosje vs. keops : @0/ A0/ B1/ C2+ C3\ C4+ D4\ @1\ A0\ A5/ B6/
LoopTrax_1671224 keops vs. SarahMills : @0/ A0/ A0/ @1+ C2+ B0/ A0+ D4\ E4\ A0/ A0/ A0/ C4+ D6+ E5+ F4\ @3+ A5/ D0/ E3+ A1\ B0\ @2/
LoopTrax_1671225 SarahMills vs. keops : @0+ B1/ B0/ A3/ A4/ C1/ @3+ @4\ @3/ @3/ B5+ @3/ B2\ C1+ D0\ A7/ @6\ F7\ F0+ D9+
LoopTrax_1671226 keops vs. kittlekitten : @0/ B1\ A2/ @1+ B0+ @2/ @2/ D4/ A1\ C0/ @2/
LoopTrax_1671227 kittlekitten vs. keops : @0+ @1\ A2/ @2/ C0/ C0/ C4+ D2+
LoopTrax_1671234 Kran vs. drgnrdr : @0/ @1/ B0/ @2\ B0\ A1\ A4/ @4/ C4+ A1\ @2\ C0+
LoopTrax_1671235 drgnrdr vs. Kran : @0/ B1\ A2/ @2\ A1\ B0/ A1+ B0\ D2\ A1+ @3\ @4/ A5/ @3\ A2\ A1\ G1/ F0/ H3/
LoopTrax_1671238 drgnrdr vs. Nina : @0/ B1\ A2/ A3/ A4/ B2+ @4/ @1\ C0/ @4+ A6/ @5\ C1\ C0\ @5/ B2+ H6+ C0/ G8+
LoopTrax_1671239 Nina vs. drgnrdr : @0+ @1/ A0\ @1\ D2+ D1/ B0\ A1\ B0/ A0/ E5+ D6/ A5+ @3\ @1\ A0\ B1+ E3+ @1\ F2\
LoopTrax_1671240 supermac vs. Brazil : @0/ B1\ A2/ @2/ C2\ B3/ C0\ D3\ A0\ @2+ E1/ F1/ C0/
LoopTrax_1671241 Brazil vs. supermac : @0/ B1\ A2+ B2+ A3/ B3+ C3\ A4/ @4/ A5/ A6/ @5+
LoopTrax_1671242 supermac vs. Oartkickel of the Wolf Pack : @0/ B1\ A2/ A0/ C1\ @1\ A0\ C1+ C4\ B5/ @3+ E0\ @2\ A1\ A6/ @5+ C7/
LoopTrax_1671243 Oartkickel of the Wolf Pack vs. supermac : @0/ B1\ A2/ C1\ D1\ @1/ C2\ C3\ D2+ D0+ B1+ C0/ D0/ E1/ F3\ B1\ D0\
LoopTrax_1671248 dolcol (LAW-10) vs. purplehawke : @0+ B1\ B0/ C1/ B0/ A4+ @4/ E2\ D4+ D5\ E4\ F4\ E5\ @4/ F1/ G1/ H2\ I2\ I3\ E0+ I5/ C2+ E0/
LoopTrax_1671249 purplehawke vs. dolcol (LAW-10) : @0+ B1\ B2\ @2/ B3\ B4\ C4/ A4/ A5/ A6/ A1+ D3/ @1\ C6\ B7/ A0\ @3/ F1/ F0/ E0+
LoopTrax_1671250 What did you say vs. purplehawke : @0/ A0/ B1\ B0/ C1/ C2+ B0\ A1\ @4+ A5/ B0\ @3/ E0+ A6+
LoopTrax_1671251 purplehawke vs. What did you say : @0+ @1+ B0\ A3/ B3+ @1/ @1/ C0/ E2/ @3\ D0/ @1+ A0\ A6/ B7+ @5\
LoopTrax_1677292 Rodney vs. drgnrdr : @0+ @1/ @1\ B0/ B3/ @3\ B4\ D5+ A2+ E4+
LoopTrax_1678897 marygal vs. game_77 : @0/ @1+ B0\ B3/ A1+ @2/ D3\ C4/ A5/ @5/ A4+ A6+ @6/ A5+ E5+ @6+ B7\ A7+ G6/ C7\ C8\ H6/ C9/ B9+ @7/
LoopTrax_1679603 spitfire vs. nursestary : @0/ A2\ B2\ B3\ C2/ C1/ D3\ D4\ D5\ D6\ B4\ E1/ E0/ F1/ D1\ D0\ G2/ G9\ H9\ B7/ I9/ I8/ J7\ @5/ H10/ A6+ B7/ H11/ A7+ @7/ H10/ H11+ G11/ F11/ E10/ F12\ H12+ @7\ A6\ B5\ @6/ C4\ C3\ E2+ D1+ D0\ E10/ D10/ C11/ B11/ J14/ I15\ B9/ A9/ @11/ B12\ @10\ A9\ @9\ @8\ A7\ A6\ C7/ B6/ A5\ A4+ B4+ B3/ @8/ A9/ @7\ @9/ @7\ C10/
LoopTrax_1679997 Rebel Rider vs. Brendans Grandmom : @0/ B1+ A0\ @2/ A1+ @1\ B3/ @3/ A4/ C0/ E1/ E0/ B6\ B7\ @4+ D8\ B2+ @5\ H4\ E1/ E0/ I4\ A3\ @4\ C2\
LoopTrax_1680422 *Texas BrownEyed Girl* vs. Linda Sue : @0/ A2\ B2/
LoopTrax_1682025 Brazil vs. Goonerg : @0+ A0/ B1\ B2\ C2\ C3\ D3\ D4\ @4/ D5+ A5+ D6/ B7\ D7\ E6+ F6\ E7\ F2+ G3+ D0+
LoopTrax_1683015 Misery Midnight vs. What did you say : @0/ A2\ B2\ B3\ A0\ @1\ A0\ C2+ D3/ E3+ F4\ E6\ F6\ B6/ A5\ C7\
LoopTrax_1687404 marygal vs. Oartkickel of the Wolf Pack : @0/ B1\ A2/ B2+ A3/ @3+ A4/ B4+ A5/ D2/ @2/ B0+ D1+ E5\ F1/ F3\
LoopTrax_1687405 Oartkickel of the Wolf Pack vs. marygal : @0+ B1\ B2\ A0\ C2/ C1/ A0\ @1\ C0/ B6/ A6/ @4\ A3\ @5/ @5+ A6/ D7/ F0+ G1/ H2/ B9+ @8/ H8\ I6/ G9\
LoopTrax_1687406 marygal vs. gingershaz : @0+ RESIGN
LoopTrax_1687407 gingershaz vs. marygal : RESIGN
LoopTrax_1687408 marygal vs. drgnrdr : @0+ @1/ A0\ @2/ A1+ D2\ D3\ E3\ C4/ E1/ F2\ C0+
LoopTrax_1687409 drgnrdr vs. marygal : @0/ A2\ B1/ A3\ @2\ @3\ C0+ A2/ @3\ D5\ E5\ F2/ G1\ A6/ @4+ B7+ A7/ G7\ @6+
LoopTrax_1687410 marygal vs. Beaupol : @0/ A2\ B2\ B3+ @3\ D3/ C4\ E3/ C1/ D1+ C0\ B5+ A2\ A1\ C6+ E6\ F5/ B0/ @1\ A0\ G8\ H8\ C9/ B9/ A7\ F3/ G3/ D1\
LoopTrax_1687411 Beaupol vs. marygal : @0/ A2\ B2\ @1/ B3+ C4/ B5\ A4+ @3+ B6/ A6/ @6/ E1/ F2\ E0+ F1/ G4/ E7\ C8+ A4\ @3/ A8/ A9/ B2+ A6+ @6\ A8\
LoopTrax_1687414 Oartkickel of the Wolf Pack vs. drgnrdr : @0+ @1\ C1\ A2\ A0+ @3/ C4/ E2\ D1+ F2\ F5+ G5\ G2+ G6+ H4+ G0\ H2+ F8\ I3+ D1/ A2+ @2\ @2+ A1\ A5/ G8/ @4/
LoopTrax_1687415 drgnrdr vs. Oartkickel of the Wolf Pack : @0/ B1\ A2/ B2+ B3\ B4/ C4/ A4+ D2\ C1+ @1\ B0/ D0/ E1/ F1/ A2\ A1\ D0+ D0\ G3/ E1+ C0\ H5+ H3+ G8+ F9/ C0\ D11+ @7/ A4+ G11+ @7+ A8/ A9/ I11\ D11/ E12/
LoopTrax_1687418 gingershaz vs. drgnrdr : RESIGN
LoopTrax_1687419 drgnrdr vs. gingershaz : @0/ RESIGN
LoopTrax_1687422 drgnrdr vs. Beaupol : @0/ B1\ A2/ @2+ @1/ A3\ B4/ C3+ D4/ A5\ @1/ D0/ D7+ B7+ @1\ A0\ B1+ B0/ D0+ B1+ A8+ @4+ F11/ C11+ H8/
LoopTrax_1687423 Beaupol vs. drgnrdr : @0/ @1/ B0+ A0/ @1+ @3\ E1\ A4/ @4/ E4\ F4\ D5/
LoopTrax_1687424 Rimon vs. Goonerg : @0+ @1/ A2/ C2\ A3+ B4/ A0\ @1\ A5\ C6/ D6\ E5+
LoopTrax_1687425 Goonerg vs. Rimon : @0/ A2/ @2/ B3+ C1/ D1+ B0+ B5/ C5+ B6/ B7/ D6+ E3/ F2/ @5+
LoopTrax_1687432 Goonerg vs. SarahMills : @0/ A0/ @1+ @1\ C0/ B4/ A4/ @1/ E1+ C0+ E5\ C6/ F5/
LoopTrax_1687433 SarahMills vs. Goonerg : @0+ A0+ A0+ B2/ @2/ @2/ C4/ @2/ C1+ D0/ F2+ @2\ B1/ A5/ C1/ D0/
LoopTrax_1687434 Goonerg vs. What did you say : @0/ B1\ A2/ @2/ B0/ B4+ C4\ D4+ B5+ B0/ B0/ B0/ @5+ F3+ B0+ @1+ @5/ A6/ C0/ H2+ E1/
LoopTrax_1687435 What did you say vs. Goonerg : @0/ @1/ B0/ @1/ C0\ C0\ D2\ E3/ F2\ G3/ F5+ A5/ D6+ B2+ @2\ A1\ C0/ A5+ @6\ B7+ E8\ @2\ A1\ A0\ C0+ @1/ A0+ A0/ @5+ @5/ C0\ B1\ D1+ B3/ A1\ @1+ C0+ A7\ A6+ @2/ B11/ A10+ C12/
LoopTrax_1687436 Goonerg vs. pioenroosje : @0/ @1/ @1/ B0+ A3+ @3/ A2+ @2\ D0\ B0+ @4\ @2+ A4+ @2\ D0/ A4+ A6+ @5\ B7/ A1\ @4/ B0/
LoopTrax_1687437 pioenroosje vs. Goonerg : @0/ @1/ B0+ C2/ @2\ C0/ C0/ B2+ C5+ E2+ E4+ F4\ G3/ G2/ F1+ E0+ C1+ G6+ G7\ H4+ I4/ H2+ G1+ A3\ E0/ @5+ E9/ D9/ H10\ I10\ J7+ K6\ J11\ K9+ L7/ A2\ A1/
LoopTrax_1687444 purplehawke vs. Phil The Hat : @0+ A0+ B1+ A0+ C2\ A0+ C2/ D2/ C1/ D3\ E3\ F3\ G3\ E2+ E4/ C4/ @4/ F5+
LoopTrax_1687445 Phil The Hat vs. purplehawke : @0/ @1/ C1/ B2/ C3+ D3\ D4\ E2/ F2+ F1/ C0/ G4/ H2\ E6/
LoopTrax_1687446 purplehawke vs. keops : @0+ A0/ B2+ A3/ @3/ @3/ D3+ A4+ A5/ A1\ B0\ @2/
LoopTrax_1687447 keops vs. purplehawke : @0/ A2/ B1+ C2/ C3\ D3\ C4+ C5/ @1\ A0\ A6+ @3+ C7+
LoopTrax_1687448 purplehawke vs. Arctic Warrior : @0+ @1+ B0\ A3/ A4/ @2+ A5/ @5/ A3/ D3+ A2\ @2\ @2\ G3/ D1+ E0\ F6/ D7\ G6\ B5+ H4\
LoopTrax_1687449 Arctic Warrior vs. purplehawke : @0/ A0/ @2/ C2\ B3/ B0/ @2\ E2\ F2/ F1/ F0/ F0/ D2/ G3\ H2\ B2\ B1+ A3\
LoopTrax_1687450 purplehawke vs. Nina : @0/ A2\ B2\ @1/ C1/ D2\ C3+ A0\ @2/ A5/ @4\ G3/ G2/ H2/ H1/ F0/ H1\ C1\ E0\ H6\ C1+ G7/
LoopTrax_1687451 Nina vs. purplehawke : @0+ B1/ C1\ C2\ A0\ @1\ C0/ D1/ E1/ B0+ @3/ A2+ G1\ F0/ B6/ A6/ F0+ G1/ H2/ @5+ A7/ B2\ D0\ E8/ E9/ A4\
LoopTrax_1687452 Phil The Hat vs. keops : @0/ @1/ C1/ C2/ D1/ E2/ E3+ F3\ B3/ D4\ C0+
LoopTrax_1687453 keops vs. Phil The Hat : @0/ @1/ C1/ B2+ D1/ D0/ D4\ E2+ F1\ G1\ H1\ H3+ G4+ B4+ H0/ I2\ A1\ C0+ @2/
LoopTrax_1687454 Phil The Hat vs. Arctic Warrior : @0/ B1\ A2/ @2+ C2\ C3\ @2\ B0+ B0\ C5/ B6\ @2\ B6/ A6+ B7\
LoopTrax_1687455 Arctic Warrior vs. Phil The Hat : @0/ A0/ @2\ A1\ B0/ B0/ @3\ D3+ E2\ A2\ @2\ A1\ D0/ @4+ B6/ B7+ A7/ @5\ D1\ E0\ @7/ B3\ D2+ C2\
LoopTrax_1687456 Phil The Hat vs. Nina : @0/ A2\ B1/ @2\ C2\ D2\ @2\ E1/ F1/ D3\ A0\ @3\ @3\ A5/ @5+ H5\ H6\ @5\ A4\ @4\ A3+ I0+ K6+ L3/ E1\ E0\ E8+
LoopTrax_1687457 Nina vs. Phil The Hat : @0+ A0+ A3/ A0/ B4/ B2+ C4\ A5/ @5/ @5+ A6/ B6+ E6\ E7\ F6+ @6/ A7/ A3\ A8+ @8\
LoopTrax_1687458 keops vs. Arctic Warrior : @0/ B1\ A2/ @2+ @1/ B0+ A0/ @3\ A1\ A0\ A0\ @3\ A6/ A7+ @5/
LoopTrax_1687459 Arctic Warrior vs. keops : @0/ @1/ A2+ A3/ @3\ D2/ A2+ D3\ E3\ C4/
LoopTrax_1687460 keops vs. Nina : @0/ A2\ B2\ B3\ @3+ B4\ B5\ C5\ @5/ A6/ E4+ B6\ B7\ F2/ D1+ G3\ F5+ F6\ G6\ H6+ F7+ H2/ I5\ G1/
LoopTrax_1687461 Nina vs. keops : @0+ A0/ A3\ B3\ B4\ C1+ C0/ D5\ D6\ D7\ A6/ @6/ E1\ F6+ G2/ G1/ E0\ B1\ B0\ A3/
LoopTrax_1687462 Arctic Warrior vs. Nina : @0/ B1\ A2/ A0/ C2\ @1\ B0/ D0/ E1/ C0\ B1\ A2\ @2\ B1\ B0\ A2\ @2\ A1\ G4+ B0+
LoopTrax_1687463 Nina vs. Arctic Warrior : @0+ @1/ @1\ A0\ A3\ B1/ B0/ D2\ @3+ B5/ E4+ @3\ B1\ B0\ B0+ A1\ @4\ B3+ A2/ C0\ E1/ B1+ C0/
LoopTrax_1687468 frolind vs. Honeybear : @0/ A2\ B1/ B2+ B3\ C2/ C1/ C0+ D3+ B5/ A5/ @4/ E5\ A5+ @4/
LoopTrax_1687469 Honeybear vs. frolind : @0/ @1+ @1\ A0\ @1\ A0\ A0+ @3+ F2/ C0+ B1\ D6+ G4\ G5\ F6\ @4/ A6/ B7+
LoopTrax_1687470 frolind vs. Misery Midnight : @0/ B1\ A2/ @2/ A3+ C3\ A4\ A0\ @2/ E3\ D1+ E4+ E5\ RESIGN
LoopTrax_1687471 Misery Midnight vs. frolind : @0/ A2\ B2\ @1/ D2/ D1/ E1/ C0\ A0\ @2/ G4\ F5/ G5+ E5+ RESIGN
LoopTrax_1687474 washie224 vs. Honeybear : @0+ B1\ C1/ A0/ C1+ D2\ C3/ A4/ @2/ D0+ E1/ F1/ @3\ A2\ A1\ B0+ B6/ A6/ @6/ G5\ F6\
LoopTrax_1687475 Honeybear vs. washie224 : @0/ @1/ B2/ A2/ B3\ C3\ C4\ C2/ D3+ E4\ D5/ @1\ B0+ B0\ A1\ @3/ E3/ F4/ D1/ C0\ @4+ A5/ B6/ C8+ G4+ D9+
LoopTrax_1687476 washie224 vs. Misery Midnight : @0+ B1\ C1/ C0/ A3/ A1/ B0\ RESIGN
LoopTrax_1687477 Misery Midnight vs. washie224 : @0/ @1/ B0\ B3\ C2/ A4/ @4/ C5\ RESIGN
LoopTrax_1687478 Kevin vs. Honeybear : @0/ A2\ B2\ B1+ B3/ C2+ @2/ A3/ @3/ B4\ D4\ E4+ C5/
LoopTrax_1687479 Honeybear vs. Kevin : @0/ A0/ @2\ B0\ A2+ @2\ A1\ @1\ C0+ B0/
LoopTrax_1687480 Kevin vs. Misery Midnight : @0+ @1/ C1/ C0\ B3+ B1\ D2\ RESIGN
LoopTrax_1687481 Misery Midnight vs. Kevin : @0/ A0/ B1/ C2/ C1/ A3+ RESIGN
LoopTrax_1687482 Honeybear vs. Misery Midnight : @0/ A2\ B1/ B0/ @1\ A0\ B5/ A5/ @2+ C6\ D5/ E5/ C1+ D6+ A0/ @2\ A6\ G6/ F3/ RESIGN
LoopTrax_1687483 Misery Midnight vs. Honeybear : @0/ B1\ A2/ B0\ B3\ B4\ C4\ D3+ E4\ E5\ F5\ E6+ D5/ F7\ G7\ @2+ C0/ E7+ E8/ F9/ RESIGN
LoopTrax_1687484 Rogue Trooper vs. Sarah : @0/ A0/ B2+ B3\ C2/ D2/ D4\ B4+ E4/
LoopTrax_1687485 Sarah vs. Rogue Trooper : @0+ A2/ B2/ A0/ @1/ D1+ E2/ D3+ B4/ @4+ D0/ C1+ A2+ @2\ @3+ B5+ D0+ F1/ A1\ A0/
LoopTrax_1687486 Rogue Trooper vs. sagitarius : @0/ A0+ A0\ @3/ A0/ @3+ D1+ @1\ B0+ @3/ A4/ A1\ B0/
LoopTrax_1687487 sagitarius vs. Rogue Trooper : @0+ B1\ A0/ @2/ C3\ C4+ D2+ E2/ B0/ B0/ A2+ @3\ F0+ G1/ B1\ C0/
LoopTrax_1687488 Rogue Trooper vs. Judy : @0/ A2\ B1/ B2+ C2\ B0/ B4+ A0\ @1\ A0\ D1/ E3\ C0/
LoopTrax_1687489 Judy vs. Rogue Trooper : @0+ @1/ B2+ C2/
LoopTrax_1687490 Rogue Trooper vs. Tigger : @0/ A2+ A3/ @3+ B4/ C2/ B5/ C3+ @5/ B6+ A6+ A7/ @7/ A5+ @4/ D1+ C2\ @5/ D1\ F0/ C1+ H3/ G2+
LoopTrax_1687491 Tigger vs. Rogue Trooper : @0/ A0/ @2+ B3/ C2+ @1/ @2\ @1/ B3+ C4/ B5\ F4\ G5/ C6/ A0/ @2/ C1/ G1\ C0\ H4/
LoopTrax_1690476 REBEL DJ vs. Chad : @0+ A0+ A3/ B3\ A4/ A5/ B4+ @3\ @3\ C6/ B2+ A7/ @5+ E7\ F6/ D8/
LoopTrax_1690513 DINGEROO vs. Rand al*Thor : @0/ A2\ B2+ B1+ C1/ C0/ D2\ D3\ E1/ E0/ F3+ E5/
LoopTrax_1690545 Dave (UK) vs. drgnrdr : @0/ A0/ @2/ A0/ B1/ C2+ B4+ D1\ D3+ D0/ E3/ A1\ RESIGN
LoopTrax_1692451 BrnIdGirl vs. gladriel : @0/ A2+ @2\ B3\ C3\ C4\ D2/ E3/ E2/ D1/ C0/
LoopTrax_1692474 Linda Sue vs. grandpa2 : @0+ A2\ A0/ A0\ @1\ B5/ A4\ B0\ @2/ A3/ @3/ D0/ E1/ A5/ E4\ E6\ C7/ E3/ F4\ G4\ @5/ A2\ @2\ I3/ J4\ C7/ A3/ @2\ E8/ A3/ @2\ D7/ D8\
LoopTrax_1693380 arthur vs. HeatherN : @0/ B1+ @1\ A0\ A0\ B4/ B1/ B0/ B6/ D4+ @3/ A4/ A5+ @5/ A2\ @5\
LoopTrax_1694586 drgnrdr vs. csain1 : @0/ A2/ A3\ B3\ A4\ @3+ @3/ C5\ A6\ C6\ D6\ B2\ A1/ A0/ D3+ E2\ E1\ C1/ A0/ F2+ C1/ A0/ F7+ @7\ H5/
LoopTrax_1695665 Catmane vs. Linda Sue : @0+ @1\ A0\ B3\ C2+ C1/ C0/ D2/ E3+ B1+ D4+ D1/ D0/ B6\ A6/ @5/ B7\
LoopTrax_1695666 Linda Sue vs. Catmane : @0+ @1+ B0\ B3\ C3\ D3+ D4/ D1/ C0/ E3/
LoopTrax_1696573 Buz vs. Linda Sue : @0+ @1\ B2+ A0/ C3/ B1/ D3/ C4\ A3/ @3/ F1/ E0\ B1\ A1\ @1\ H2/ A2/ @1\ H4+ A2/ @2/ E5+ F6/ J1+ H0+ H0/ I2/ I1/ G1\ G0\ K4/
LoopTrax_1696574 Linda Sue vs. Buz : @0+ @1+ A2/ B2\ A3/ A0/ C3\ @2+ D4+ B5/ @4/ F4+ A5+ @5/ E5+ B6+
LoopTrax_1697998 Phil The Hat vs. Rogue Trooper : @0/ A0/ B2+ @1+ A3\ B0/ A5\ B6/ D1/ B0/ D7+ E4+
LoopTrax_1699124 Tigger vs. violet unicorns : @0+ B1+ B0\ C1/ B3/
LoopTrax_1699240 * Sassy_Angel * vs. REBEL DJ : @0/ A2\ B2\ @1/ D2+ C3\ D1/ C4/ E1\ E3+ E0\ F3\ G3\ E5+ D6\ E7/ G5+ G6+ H6/ I4/ H3+ H7+ I6+ C6+ J5+ F8/ E8/ E9/ I9+ H10+
LoopTrax_1699242 REBEL DJ vs. * Sassy_Angel * : @0+ B1\ B2+ @1/ B3/ A3+ @2/ B4\ A4\ C5/ D5+ E4+ D6+ E6\ C7\ F6\ F3+ E1+ A6\ C8+ A8/ @6+ C9/
LoopTrax_1699932 Touched*by*an*Angel vs. Linda Sue : @0/ A0/ @2\ A1\ C1/ A0/
LoopTrax_1699933 Linda Sue vs. Touched*by*an*Angel : @0+ B1/ B0/ A0\ @1\ A2/ @1/
LoopTrax_1708205 Goonerg vs. Brazil : @0/ B1+ B0+ C2\ A3/ @3/ A4/ @4/ A5/ B6+ F4+ C7+ @4+ H6+ E8/ I8\ G9+ I6/ J6/ I9+ J8\ K8/ H10/
LoopTrax_1708940 Goonerg vs. BrnIdGirl : @0/ B1\ A2/ B2+ B0\ @3/ A4/ B5/ A5/ A6/ @6/ A7/ @4+ D0\ F4/ @5\ G1/ D1+ H2/
LoopTrax_1708942 gladriel vs. MIA 6690 : @0+
LoopTrax_1710665 keops vs. Phil The Hat : @0/ A0/ A3/ B1\ C1\ B2+ @3+ A4/ D0/ E2\ A1\ C5\ @1/
LoopTrax_1712144 Chad vs. sagitarius : @0/ @1+ A0\ @2+ B3\ B4\ B5\ A5+ A0/ @4+ E6\ D7/ E1/ D0/
LoopTrax_1712222 REBEL DJ vs. * : @0/ A2\ B2+ @1/ B3+ D2/ C1/ D1+ D0/ D0/ B2+ @3+ A5/ B6\ @4+ @3/ A2/ D1/ F0\ B7\ C8/ @4/ B2+ F1+ F0\ G1+ D2+ @3/ C9/ E10/ @3/ C7+ I7\ K4+ E1/ B5+ B7/ A5\ I9\ J9\ K6+ A9/ C10+ @7/
LoopTrax_1712334 drgnrdr vs. Misery Midnight : @0/ B1\ A2/ B2+ C2\ C3\ D3\ B4/ D1/ E1/ B0/
LoopTrax_1712941 Oartkickel of the Wolf Pack vs. supermac : @0+ A2+ @2+ C2/ C3\ D3\ D2+ E2+ E1/ E0/ F4/ C5/ B5/ F5\ D6/ G4\
LoopTrax_1714087 arthur vs. HeatherN : @0/ B1\ A2/ A3+ C1/ C0/ @2\ B1/ D0/ E3\ E4\ @3/ @3\ B2/ E1\ E0\ C6/ B6/ F5/ E6\ D7\ E7+ D8/ C1\ C0\ C9/ G7+ G8\ H8\ E9+ G10/ E10/ C10/ B9/ A9/ C11\ E11/
LoopTrax_1716886 Rogue Trooper vs. pioenroosje : @0/ @1/ B0/ C2\ A3+ A4\ D2\ D3\ D0/ E3+ A1\ B0/
LoopTrax_1717428 Jane vs. Morticia : @0/ B1\ A2/ @2+ @2\ C0+ B4/ A0\ @1\ C0/ D1/ E2+ C7/ F4+ F5\ D6+ F7/ F8/ B0+ G8+ D10+ A0\ @1\ B8+ E1/ G3/ C0+
LoopTrax_1717634 nisqually vs. Linda Sue : @0/ A2+ @2/ B3\ C2\ D2\ B4\ D3/
LoopTrax_1717636 Linda Sue vs. nisqually : @0+ B1\ B2\ A3/ @2\ A3+ D2/ B4\ C4+ B5/ A5/ D1+ C0/ @3\ E1+ F3/ E4\ E0/ E6\ B8/ A7/ @5\ B8/ B9/ A9/ @6\
LoopTrax_1718377 Misery Midnight vs. Cachel : @0/ @1+ B0\ C2\ B3/ B0/ C1/ D3\ A2+ @3/ E4\ C5\
LoopTrax_1718782 Rand al*Thor vs. Oartkickel of the Wolf Pack : @0+ B1\ C1/ A0/ C1+ D1/ B0\ A4+ @2/ B5\ A4/ @2/ E5\ F3\
LoopTrax_1719135 * Sassy_Angel * vs. REBEL DJ : @0+ B1+ B0\ B3+ A3+ A4/ @4/ D3+ A2+ D2+ @4/ @4+ C5+ A1\ E0\ @3\
LoopTrax_1719324 adopt 3 vs. Brendans Grandmom : @0/ B1\ B2\ C2/ C1/ C0/ C4\ D4\ A3/ A4/ C5\ B6\ @5\ C1\ C0\ E6\ D1/ D0/ A9/ @9/ F8\ A7\ @8\ E10\ A9/ @9/ B7\ H10+ D11\ G11\ I8\
LoopTrax_1719551 Chef Jeff 1 vs. BabyGirl The Rebel Angel : @0+ B1/ B2\ C2+ C1+ D1/ D2+ E2+ E3\ C0+ A1/ A3/ A4/ B0/ C5+ C6/ @3\ @3+ G6/ F7+ F1+ F0/ G1/ H2+ D8+ I2/ H0/ A4+ A3\ B2+ F1+ G0\ H1+ D1+ F0+ H1+ I2\ J3+ D12\ G11+ H11\ D1+ D0/ @5/ C3/ B4\ H13+ J12\ G13+
LoopTrax_1719672 Oartkickel of the Wolf Pack vs. drgnrdr : @0+ A2/ A0\ @1\ @1+ A0\ B1+ B0/ D3\ E2+ C0\ D0+ B1+ @7+ D8/ D9/ A2+ A0\ @3\ A8\ A9+ @3\ B4+ C6+ A6+ @5/ B9/ F1/ D11+
LoopTrax_1723766 Misery Midnight vs. lapman : @0/ A2\ B2\ B3+ C2/ B1+ C1/ D2\ D3\ A4/ @4/ F3\ D4/ D5/ G1/ E0+ B1\ A1\ A4\ @5/ RESIGN
LoopTrax_1724556 Rogue Trooper vs. Phil The Hat : @0/ @1/ B0/ A3+ B4/ C1/ @3/ B5\ E4+ A2+ @3/ @4\ F0/ H2/ A7+ @7/ @7+ C8+ K2+ K1/ K0/ K0+ L3+ L5+ B5+ D4+ C3+ B2/ H1+ H0\ B2+ A7+ @9/ G0+ B6\ B12/ D13/ H0\ D1/ B5+ B3+ A7+
LoopTrax_1726397 Sarah vs. Goonerg : @0+ B1\ B2\ C2+ D1\ A0\ @2/ C4\ D5/ E4+ A0/ E7\ C7+ F6\
LoopTrax_1726398 Goonerg vs. Sarah : @0/ A0/ A0/ A0/ @3+ C3\ D3+ D4\ D5\ B6\ D0/ B1+ E2/
LoopTrax_1726403 Goonerg vs. cocopuff : @0/ B1\ A2/ A0/ @1/ D1/ D0/ E3\ D4/ D5/ A1\ E5\ C0+
LoopTrax_1726404 cocopuff vs. Goonerg : @0/ @1/ B0/ B3\ C3\ @2/ D2/ E2/ A4/ @2/ A0\ @3+ F6\ G5/ H4\ G6+ F1/ F0/ I5/ I4/ I3+ J3/ C8/ B6/ A6/ I7\ A8/ J5\
LoopTrax_1726405 Goonerg vs. What did you say : @0/ B1\ A2/ @2/ B0/ B4+ C4\ D4+ D5\ B0/ B0/ B0/ E5+ @3+ @2/ G0+ H4+ A1\ F0/ @3\
LoopTrax_1726406 What did you say vs. Goonerg : @0/ B1\ B2\ @1/ B0/ B0/ A4+ C5\ B0/ D1/ D0/ B1+ E5+ A7/ A8/ A9+ @7+ B0/ A1+ @5+ H2/ H1/ H8\ F10\ H9/
LoopTrax_1726409 supermac vs. gladriel : @0/ B1+ @1\ B2\ A0/
LoopTrax_1726410 gladriel vs. supermac : @0+ @1\ @1/ A2/ @2/ C0\ A4\ D0/ C4+ E1\
LoopTrax_1726411 supermac vs. Kevin : @0/ A0/ @2/ @1/ C0+ @2/ E3+ D4\ A3+ F2/ F1/ G1/ D0/ G4\ H4\ E5+
LoopTrax_1726412 Kevin vs. supermac : @0/ A2\ B2\ B3\ C2/ C1/ D2\ A0/ @2+ B0/ C0+ A6/ A7/ @5+ @5\ G1+ H2/ E0\ F8/ C9/ H6\ I5\ G7+
LoopTrax_1726413 supermac vs. DINGEROO : @0/ @1\ A0/
LoopTrax_1726414 DINGEROO vs. supermac : @0/ B1\ B2\ C2+ B3/ A3/ @3+ C4\ D4\ D5\ E5\ F5+ F6\ F2/ G2/ E6+ D0+ G7\ G8\ A6+ B8/ G9+ H9\ B9+ D10+ A9\
LoopTrax_1726415 gladriel vs. Kevin : @0+ B1+ B2/ B0/ C1/ D1+ A1+ C0/ B0/ D5\ C1/ E4\
LoopTrax_1726416 Kevin vs. gladriel : @0+ B1/ @1/ C0\ B3+ B1\ @3\ @2\ D4/
LoopTrax_1726417 gladriel vs. DINGEROO : @0/ B1\ B0/ B3/
LoopTrax_1726418 DINGEROO vs. gladriel : @0+ @1\ A2/ C1\ @2\
LoopTrax_1726433 Phil The Hat vs. sagitarius : @0/ B1\ B2\ @1/ D1/ B0/ A3/ C4\ C5\ B0/ E6\ D7/ @1+ A0\ A0+ @1\ E1/ F2/ E0\
LoopTrax_1726434 sagitarius vs. Phil The Hat : @0/ @1/ B2+ A0+ @2+ A3/ RESIGN
LoopTrax_1726435 Phil The Hat vs. Chad : @0/ @1/ @1/ @1/ B2+ A0+ B0+ E2\ @2\ A1\ F0+ G1/ A1+ G5\ C0/
LoopTrax_1726436 Chad vs. Phil The Hat : @0+ @1+ C1+ B0+ D2+ C3/ E2+ E3\ B4\ B0\ @3+ A4/ A2\ @5\ @2/ D0/ G3+ G2+ H2/ H1/ F0/
LoopTrax_1726437 Phil The Hat vs. Oartkickel of the Wolf Pack : @0/ A2\ B1/ B2+ A0+ @3\ B4\ A5+ @3\ B0/ D1+ E3/ F1/ D0/ A1\ @2\
LoopTrax_1726438 Oartkickel of the Wolf Pack vs. Phil The Hat : @0+ A0+ B2\ A3+ @1/ @1/ B3+ A4\ D1/ E3/ B5/ E4\ F2\ @2\ B0+ @1\ C0\ A7/ @3+ B8\
LoopTrax_1726439 sagitarius vs. Chad : @0+ A2+ A3\ A0\ @2+ C1/ A0/ C4+ A4/ A0/ @1+ A4+ E5\ C7\
LoopTrax_1726440 Chad vs. sagitarius : @0+ B1\ @1\ B2/ @1\ C0/ A4/ @3\ E4\ C5\
LoopTrax_1726443 Chad vs. Oartkickel of the Wolf Pack : @0+ B1\ @1\ D1\ E1\ D2+ B3\ A2+ E3\ F2/ E0/ B1+ B0+ C0+ F2+ B1+ A1\ @4\ D0\ D7\
LoopTrax_1726444 Oartkickel of the Wolf Pack vs. Chad : @0+ A0+ @1+ B3+ C1/ A0+ D2\ D3\ D4+ E4\ E3+ D5/ A4/ @4/ D1/ F0/ G3+ B1+ A2/ E0\
LoopTrax_1726447 Buz vs. Arctic Warrior : @0+ @1/ B0+ B3+ C2/ B4+ C4/ D3+ D1/ E1\ C0/
LoopTrax_1726448 Arctic Warrior vs. Buz : @0/ B1\ A2/ B2\ A3\
LoopTrax_1726451 frolind vs. Arctic Warrior : @0/ A2\ B2+ C2/
LoopTrax_1726452 Arctic Warrior vs. frolind : @0/ @1/ B0+
LoopTrax_1726455 Arctic Warrior vs. Tigger : @0/ B1+ C1\ B2+
LoopTrax_1726456 Tigger vs. Arctic Warrior : @0+ @1+ A0/ A3/ C1\ B0\ @3/ B5\ C5\ C6\ D6\ E4\ A1\ A0\ @3/
LoopTrax_1726457 * vs. Morticia : @0/ B1\ B2\ C2+ C3+ C0/ D2\ B0\ A1\ @1\ C0+ A0\ @1\ D1/ E0\ F4+ E9\ B7+ G7/ G8+ H8\ H9+ G10\
LoopTrax_1726458 Morticia vs. * : @0/ B1+ B2\ B0\ C3\ D2\ C1+ D3\ D4\ E4\ B5+ C0\ @3/ B7\ G2+ F1/ F0/ G1/ H3\ I5+ I7+ E8+ E9/ H8\ A9/ F9\
LoopTrax_1726459 * vs. Stinger : @0+
LoopTrax_1726460 Stinger vs. * :
LoopTrax_1726461 * vs. Yulene : @0/ A2+ @2/ C2+ C3\ @2\ A1\ B0\ C0\ @3\ A2\ B1\ E1/ @2\ G3/
LoopTrax_1726462 Yulene vs. * : @0/ B1+ A0\ @2/ D2+ B0/ C1/ C0/ C5\ D2+
LoopTrax_1726463 Morticia vs. Stinger : @0/
LoopTrax_1726464 Stinger vs. Morticia :
LoopTrax_1726465 Morticia vs. Yulene : @0/ B1+ A0\ @1\ C3\ D2\ B4/ C1/ A3/
LoopTrax_1726466 Yulene vs. Morticia : @0/ B1\ A2/ @2/ C2\ C3\ D1/ C0\ A0\ @1\ E2+ F2/ E1/ B0+ F4\ G3/ F5+ E1/ F2/ D0\
LoopTrax_1726469 drgnrdr vs. pioenroosje : @0/ A2\ B2\ @2\ B3+ B4/ B5/ C4+ A0/ D4/ C7/ D6+ C2+ @4+ F2/ D1/ A1\ @3\
LoopTrax_1726470 pioenroosje vs. drgnrdr : @0+ @1\ A2/ @1\ D1\ E1\ C2+ B0+ D1+ D0/ @2/ @2/ A1+ C0\ B1\ E0+ C0+ G2/ F1/
LoopTrax_1726471 drgnrdr vs. Lilac Oyster : @0/ B1\ A2/ A0/ B3\ A4/ @1/ A2+ D1\ D2+ D0/ E1/ A1\ A0\ @3\
LoopTrax_1726472 Lilac Oyster vs. drgnrdr : @0+ B1/ C1\ B2/ B3/ @3\ A2+ D3/ A1+ A4/ @4/ E4\ D5+ F4/
LoopTrax_1726473 drgnrdr vs. Beaupol : @0/ B1\ A2/ @2+ @1/ A3\ B4/ C3+ @2\ D0/ C6/ A0+ @1\ F4+ F7\ A5+ F8/
LoopTrax_1726474 Beaupol vs. drgnrdr : @0+ @1\ B2+ @1\ C3+ B0+ C5/ B5/ A6/ @3+ E5/ @3\ B6+ A6/ @2/ H5/ A6+ G6+ B7/
LoopTrax_1730610 csain1 vs. keops : @0/ A0/ @1/ A0/ A0/ B2/ B5/ C5/ C6/ D6/ D7/ E6/ E8/ C3+ A5/ A6/ @3+ D7+ F5/ @1\ C0+ A4/ @5\ A8+ I9\ @7+
LoopTrax_1730611 keops vs. csain1 : @0/ A0/ A0/ A0/ @3+ C4+ D3+ @2+ D5\ E5\ F5+ D6+ F1/ B6/ E0/
LoopTrax_1730616 PismoTigress vs. keops : @0/ A0/ @2\ @2/ A3/ A1/ C0/ C0/ B5\ C6/ B2\ @4+ @4\ A1+ C0\ @3+
LoopTrax_1730617 keops vs. PismoTigress : @0/ B1\ A2/ B0\ A0/ B4+ B5\ @5\ D4+ D3+ @2+ E0/ F1/ B1/ @4+ E0/ A7/ A8+ @6/
LoopTrax_1730620 RubyJoy vs. keops : @0/ A0/ B1/ C2+ B3\ B4\ C4\ D1\ E2+ @4/ C5+ A1\ F5\ @2/
LoopTrax_1730621 keops vs. RubyJoy : @0/ A2\ B1/ B2+ C2\ D2+ D0/ E3/ A1\ D4/ @1/
LoopTrax_1730622 dboy97 vs. keops : @0+ A0+ A3+ A4+ @4/ C4\ C5\ D5\ B6/ D3/ B7+ A2/
LoopTrax_1730623 keops vs. dboy97 : @0/ A2+ A3/ @1/ B0/ C1/ @4/ A5/ A1\ B0\
LoopTrax_1730624 * vs. Goonerg : @0/ B1\ B2\ A2+ @2/ C3\ @2/ B1+ C4+ @4/ B5\ A1\ E0/ A1/
LoopTrax_1730625 Goonerg vs. * : @0/ A2+ A3/ @2\ C1+ C0/ A1/ B5/ C4+ D3/ E3/ D5+ A0/ E1\ F4+ @5+ D7+ F0\ G1+ A2\ @5\
LoopTrax_1730626 * vs. dolcol (LAW-10) : @0/ A2\ B1/ B0/ @3\ C3+ D1/ D0/ E4+ @4/ A5/ B0\ A1\ @5/ F0\ A5\ @6/ I3\ I6\ F7\ F1+ J6/ I4\ F8/ D7\ C8+ I8/ K6/ I2\ K7\ L6/ B7/ G8\ E8+
LoopTrax_1730627 dolcol (LAW-10) vs. * : @0+ B1/ B2\ C2\ D2\ @1\ C0/ D1\ F2\ E1+ D4\ E4\ @2/ C3/ C4/ E5+ A4/ B0/ A6\
LoopTrax_1730628 * vs. Allison : @0/ B1\ B2\ B3\ A2+ C2\ B4/ C0/ D1/ C4\ B0/ D6\ D7\ C7+ A1\ A7/ @6+
LoopTrax_1730629 Allison vs. * : @0/ B1+ C1/ B2\ A0\ @3\ C4\ D1/ B0\ E3+
LoopTrax_1730630 * vs. Rogue Trooper : @0/ A0+ A0\ @1\ A0\ @4+ B0\ @3+ E2+ @4\ A1/ C0/ F0+ G3\ H4/ I1+ G0\ C9+ A8\ @3\ A2\ A8+ A9/ A10+ @9\ A4/ B6\ A7+ J6\ K5\
LoopTrax_1730631 Rogue Trooper vs. * : @0/ A2+ @1/ C1/ B3/ @2\ A0+ C5/ D5/ B0+ D7\ A1+ E6\
LoopTrax_1730632 Goonerg vs. dolcol (LAW-10) : @0/ B1\ A2/ A3/ A0/ B0/ C3+ A6\ B4+ @2\ A1\ B0\ @4+ @6\ F6\ F7\ G5/
LoopTrax_1730633 dolcol (LAW-10) vs. Goonerg : @0+ A0+ B1+ A3/ B2\ @3+ C4\ D3/ D0/ E3+ F2\ D0\ C1\ E2/ @4\ B3+ E0+ G2+ A4+ C3\ C1\ D0/ D0/ A5+ D0\ C1\ H4\ A5+ @7\ D3+ C3\ B2/ @6\ B5+ K5\ J6+ J3/ K3/ L5\ M5+ L6/ H2+ A3\ A2\ C1/ M2/ RESIGN
LoopTrax_1730634 Goonerg vs. Allison : @0/ B1\ A2/ B0\ C2+ @2+ A0\ @3\ E1/ D0+ F3/
LoopTrax_1730635 Allison vs. Goonerg : @0/ A2\ B1/ A0/ B3\ C2/ A4/ @2/ C1+ @3\ @3/ C4+ A1/ D0/ B6\ D6+ C0+ @2+ B6+ G7\ E8\ H5+
LoopTrax_1730636 Goonerg vs. Rogue Trooper : @0/ A0+ @2/ C2/ @1\ B0/ B0/ D2+ A1\ A0\ E3/ @1+ G3/ C1/ C0+ F6+ E1+ C0\ B1+ D0/ E1/ C9+ D0+ @8+ A10+ B11+ C12/ @6\ A5\ B12/ A11+ C13/
LoopTrax_1730637 Rogue Trooper vs. Goonerg : @0/ B1\ A2/ C1\ D1\ A0/ E1+ E0/ F1/ C0+ @5+ H2/ H0+ H5\ G6/
LoopTrax_1730640 dolcol (LAW-10) vs. Rogue Trooper : @0+ A0/ A3\ B1/ B0/ C4+ D3+ B0/ @2+ @2/ D6/ A4/ @4/ G6\ RESIGN
LoopTrax_1730641 Rogue Trooper vs. dolcol (LAW-10) : @0/ A2\ B1/ @2\ C0+ A4/ @2/ C5\ D3\ E2/ F1\ G1\ D5+ C6/ D0\ G4\ H3/ D7\ E8/ D0\ H8+ F10+
LoopTrax_1730642 Allison vs. Rogue Trooper : @0/ A0+ A0\ @1\ C2/ D2/ @1+ A0\ @3\ F4\ C5\ G4/
LoopTrax_1730643 Rogue Trooper vs. Allison : @0/ @1/ B0/ @2\ D2+ B3/ E1\ C0/ A1+ D0\ A6+ B0+ @1\ C0\ C8+ A5+ @4/ @3+ H2/ H7\ I2\
LoopTrax_1730648 aussielady vs. STrek : @0/ A2/ B1/ B3\ C3\ @1+ A0\ A0+ @1\ A4+ A2/ @2+ A4/ A5/ B6+ A1\ B0+ @5+ @5/ G1/ E0/
LoopTrax_1730649 STrek vs. aussielady : @0+ B1/ B2/ @1\ C0/ @1/ B3+ A0\ @2/ F1\ F0+ G3/ E0/
LoopTrax_1730654 Rimon vs. STrek : @0/ B1/ B0+ A0/
LoopTrax_1730655 STrek vs. Rimon : @0+ A0+ @1\ B0+ C2\
LoopTrax_1730658 ringeding vs. STrek : @0/ @1+ @1\ A0\ @1\ D0+ B0/ D1/ E1/ D5\ E4+ B5+ E5\ F2+ B6+ A6/ @5\ D6+ A1\ C0+ A4/ @5\ I3+ C8+ B8/ A8/ @7/ @6+ A5+ @6/ C8+ E9+ L6\ K7\
LoopTrax_1730659 STrek vs. ringeding : @0+ B1/ B2/ C2\ C3+ D1/ C0+ @2\ A1\ E1+ C0+ @1/ B4+ C0+ A0+ @4\ @4+ G2+ H3/ I3/ I2/ F1/ F0/ G0+ I7+ J4/ D1+ B2/ A2+ E0+ C2+ C1\ K6+ D0/ K10\ L9/ J11/
LoopTrax_1730662 STrek vs. Oartkickel of the Wolf Pack : @0+ A0+ B1+ @1/ B0/ D2\ D3\ B4/ B5+ E3\ D6+ E1/ F1+ C0/
LoopTrax_1730663 Oartkickel of the Wolf Pack vs. STrek : @0+ B1\ @1\ A2+ A3/ @1\ A0\ @4+ @3+ B5+ A5/ E4\ E5\ B6\ @1\ C0+ A4/ @2+ @2/ B6/ B7/ B8/ @3\ C1/ C0/ D10+ A10/ @10+ D11/
LoopTrax_1730686 Sarah vs. klaashaas : @0+ A0\ B1\ C1\ D1\ E1\ @2/ C3/ E4/ F0/ G2\ H2\ I2\ D0+ A6/ @6/ A3/ H1/ H0/ D7+ D8\ F9/ B9+ K7+ J10+ K1/ L3+ J0/
LoopTrax_1730687 klaashaas vs. Sarah : @0/ A0/ B2/ C2/ B3+ A4\ @3\ D1/ @1\ E0/ F3\ A4+ C6\ E5+ G2/ D0+ D0/ D0/ D0/ D0/ F3+ G5/ C3+
LoopTrax_1730688 Sarah vs. Rand al*Thor : @0+ A2+ B2+ @1/ C1/ C0/ D3\ D4\ E2/ F2+ F1/ F0/ C1+ F0/ G4+ A3+ B1+ G6\ F7/ H4+ H1+ D0+ @4/ I1/ I0/ J4/ K5+ A4+ B2+ A7\ @6/ G1/ G0/
LoopTrax_1730689 Rand al*Thor vs. Sarah : @0+ A0+ A0+ A4\ B4\ C3\ B5+ C2/ A0+ D3\
LoopTrax_1730692 CHESSCATJAY vs. klaashaas : @0/ @1/ B2/ A0+ C1\ D2\ C4+ D4\ D5\ E3/ D6/ C0\ D2+ D8/ E7+ F5\ F3/ G2\ H2\ E1+ E0/ F0\ @5+ A6/ @6/ A7/ C8/ E10\ D10+ @6+ J6+ L1/ L0/ A5\ C4/ @6\
LoopTrax_1730693 klaashaas vs. CHESSCATJAY : @0/ @1/ A0/ A0/ A0/ @1/ D4/ A3+ D3\ D2+ E1\ C0/ F2\ F1+ F5\ C6+ G4\
LoopTrax_1730694 CHESSCATJAY vs. Rand al*Thor : @0/ A2\ B2\ B1+ B3/ A3+ B0/ C4/ D2+ A1+ E3\ E4\ C5/ C6+ B6/ B7/ A7/ @3\ E7+ @3\ C0+ C9/ @4+ F1+ E10+ I7+ I5+ A2\ C1+ @4/ @3+ B1+ K3/ L3/ G0\
LoopTrax_1730695 Rand al*Thor vs. CHESSCATJAY : @0+ @1\ C1\ B0\ A3\ @3/ C4/ E3/ D1+ C5/ C0+ D7+ F7+ F3+ E1+ B1/ G5+ G2+ B0/ A2+ A6+ B8+ @6\
LoopTrax_1730698 klaashaas vs. Rand al*Thor : @0/ A2\ B1/ B2+ B0\ A1+ B4\ C2/ B5\ A4+ @5\ E3+ @4/ D6\ @3\ C2+ A6/ C7+ @4/
LoopTrax_1730699 Rand al*Thor vs. klaashaas : @0+ @1\ A2/ @2/ A1+ @1/ A2+ A3/ B3+ C4/ D2+ C5/ E1\ D6\ E4+ F3\ B6+ F1\ G3\ H3\ @3/ H1/ F0\ E8\ I6+ H7\ J3+ A8/ J6+ @8\
LoopTrax_1730700 klaashaas vs. Tigger : @0+ @1/ A2/ @2\ D2/ C0\ B0/ C0\ A3/ B0/ D1/ E2+ D0\
LoopTrax_1730701 Tigger vs. klaashaas : @0+ A0/ @1/ @1/ D1/ E1/ E0/ A4/ @4/ F4\ E5\ G4/
LoopTrax_1730702 Rand al*Thor vs. Tigger : @0+ A2\ A0/ B1/ B0/ C1/ C0/ D4+ D6+ @5\ A6/ B7/ @5/
LoopTrax_1730703 Tigger vs. Rand al*Thor : @0+ A0+ @2/ A1\ @2\
LoopTrax_1730704 Peeky vs. Phil The Hat : @0+
LoopTrax_1730705 Phil The Hat vs. Peeky : @0/
LoopTrax_1730706 Peeky vs. Amanda : @0+ B1+ B2/ A0\
LoopTrax_1730707 Amanda vs. Peeky : @0/ B1\ A2/
LoopTrax_1730710 Peeky vs. Brendans Grandmom : @0+ @1/
LoopTrax_1730711 Brendans Grandmom vs. Peeky : @0+ @1\ A0\
LoopTrax_1730712 Phil The Hat vs. Amanda : @0/ B1\ B2\ A2+ C1+ B0+ A1\ @2/ C0/ E4/ E2+ @3\ B1+ B5/ A5/ @3\ E5\ D6\ C0+ B2/ G1/ F0/ H2\
LoopTrax_1730713 Amanda vs. Phil The Hat : @0/ A0/ @1/ C2\ C3\ C4\ @1\ A0\ E4+ F4/ B3/ B4/ G4\ G5\ E6/ G2/ F1+ H4/
LoopTrax_1730714 Phil The Hat vs. Kran : @0/ B1\ B2\ C2\ B0\ @1\ A0\ @3/ B4\ C5/ E1/ F2\ C0+
LoopTrax_1730715 Kran vs. Phil The Hat : @0/ @1/ B0/ @2/ @2/ C0+ D0/ E1/ B1+ E4\ A0\ D6\
LoopTrax_1730716 Phil The Hat vs. Brendans Grandmom : @0/ B1\ A2/ B2+ @1\ A0\ A0\ C5/ A0/ B2\ A0/ A7\ @1\ B0/ A6+ @3\ B9/ A9/ E9\ F9\ C10\
LoopTrax_1730717 Brendans Grandmom vs. Phil The Hat : @0/ @1/ B0\ A1\ @1\ @1\ B2/ @1/ A2/ @2/ B3/ F0/ A4/ G2/
LoopTrax_1730718 Amanda vs. Kran : @0+ @1/ B0\ @1\ C0\ @3/ C4/ @2\ B1+ A1+ B0/ E6\ F5/ D7/ C6+ @4/ C5/ D7+ C6+ C7/ G2/ F1+ H4/
LoopTrax_1730719 Kran vs. Amanda : @0/ B1\ A2/ @2/ C0/ D2\ C3\ A4+ B1+ D1/ E1/ B5\ C5\ C6\ @1\ E5+
LoopTrax_1730720 Amanda vs. Brendans Grandmom : @0/ A2\ B2\ C2\ @1\ B0/ B4/ A4/ @2\ @3\ C5/ B1\ @3\ D0/
LoopTrax_1730721 Brendans Grandmom vs. Amanda : @0/ A2\ B2\ A3+ C3+ B4/ C2/ B1+ B0/ C2/ D2/ D1/ C0/ E5\ E6\ C7/ B7/ B8/ @7/ D9+ G6/ A8/ E1+ B9/
LoopTrax_1730722 Kran vs. Brendans Grandmom : @0/ A2\ B1/ B2+ C1\ B3/ @2\ E1/ E0/ D1+ C1\ C0\ B1\ D0/ @6/ B7\ F5\ F1/ G4\
LoopTrax_1730723 Brendans Grandmom vs. Kran : @0/ A2\ B1/ B0/ C2\ C3\ D2/ A0\ @1\ F4\ E5/ C0/ D1/ E1/ G3/ H5\ H6\ C7/ G1\ B7\
LoopTrax_1730724 Jane vs. drgnrdr : @0/ A0/ @1+ @1\ A0\ C0\ B5\ @2\ A1\ C6\ @3+ A4/ F3/ E0+ D0/ A2+ A7+ @7/ D8+ F0\ G2+ H1\ H6\ I4+ H8+ I7\ E10+ J5\
LoopTrax_1730725 drgnrdr vs. Jane : @0/ B1\ A2/ B2+ C2\ A3/ @3/ C4\ @1+ A0\ F3\ E2+ F5\ A0\ G6/
LoopTrax_1730730 Jane vs. purplehawke : @0/ A0/ A3/ @1\ A0\ A0\ @4+ B6/ A6+ D5\ D6/
LoopTrax_1730731 purplehawke vs. Jane : @0+ B1/ B0/ @2+ B3/ A1\ A0\ B1+ @1+ A0\ B6\ C7/ D7/ B1+ D5\ E5\ E3\ B0/ C0\ F6/ F4\ C10/ A9/ @7+ E11/ H6/ F9+ E3+ A4\ H3/ I4+ F2/
LoopTrax_1730732 drgnrdr vs. What did you say : @0/ B1\ A2/ @2/ @1+ C0/ @3\ C4/ C5/ E5+ E6\ E7+ F7\ B7/ B8/ A6+ @6/ @3\ A2\ A1\ A0+ @3+ A8/ @8/ C9+ C10/ G1+ C0/ J3\ I2+ E12/ F11+ A3/ A5+ @7\ A10+ @9/ M3+ D1\ F0\ M2/ N2/ B13\ A12+ L8/ M8+ F0\ E14/ @12\ B15+ K3\ L2+ O6/
LoopTrax_1730733 What did you say vs. drgnrdr : @0/ A0/ B1\ @1\ B0/ B0/ D3+ E1+ B0/ B0/ A3+ B0/ @2+ @3\ G6\ H5/ I5/ H1+ E0+ A5/ @3/ B2+ A8+ @4\ C9+
LoopTrax_1730734 drgnrdr vs. Abaitha : @0/ B1\ A2/ B2+ B3+ C3\ B4\ B0\ C2+ @3/ A5/ C6/
LoopTrax_1730735 Abaitha vs. drgnrdr : @0/ A0/ B1/ B3/ C1+ C4+ D4\ E4+ D5/ C0/ B1+ B6+ B7\ D1/ E2+ F4\ G4/ E0\ F2+ H5/ G6+ @2/ H3+ B6/ B1+ G0\ A7+ A8/ C1+ H1/ I2\
LoopTrax_1730736 drgnrdr vs. purplehawke : @0/ @1/ B2/ C2/ @1/ C3+ D1/ E3/ E2+ C4/ D4+ F4/ A0\ @2/ G2\ E0\ C6/ C1+
LoopTrax_1730737 purplehawke vs. drgnrdr : @0+ @1/ A2/ @1/ B0/ A0+ @1\ A4\ @4\ @4\ E0/ F1/ G1/ C1\ E0/ B3+
LoopTrax_1730740 What did you say vs. purplehawke : @0/ @1/ B0\ A1\ @1\ @1\ B0+ @2/ C3+ B4\ D4+ @2/ G4\ G5\ G1/ A1\ H3/
LoopTrax_1730741 purplehawke vs. What did you say : @0+ @1/ A2/ @2\ A1\ A0\ A0\ @2+ @1\ A0\ D3/ A5/ @4/ C6/
LoopTrax_1730742 Abaitha vs. purplehawke : @0/ A0/ @2/ B3\ C3\ C2+ C4+ D4\ @4/ B5\ A5+ B0/ E6\ A7/ B8\ C8\ A3\ @3\ A4/ @3\ C9/ B9/ A9/ @9/ C7/ H2/ D10+
LoopTrax_1730743 purplehawke vs. Abaitha : @0+ @1+ B2/ B0/ B4+ B5/ C4\ D4\ D6\ E6\ D7\ E5/ F6\ D2+ B8/ A7\ A4/ @4\
LoopTrax_1734976 PismoTigress vs. gladriel : @0+ @1\ A2\ C1/ B0\ B0\ A2\ A1+ @1\ A2+ C0\ @3\ F3\ C0/ A3\ @3\ B5+ H4/ I4\ H3+ I5/
LoopTrax_1735107 Jump This vs. frolind : @0/ @1/ B2/ C1/ D2/ D1+ C0+ @1+ C0/ B4/ @4\
LoopTrax_1735762 gladriel vs. Lyonsgirl : @0/ B1\ A0/ B3/
LoopTrax_1738704 Misfit Lenrad6672 vs. Lilac Oyster : @0/ B1\ A0\ A3\
LoopTrax_1738705 Misfit Lenrad6672 vs. Lilac Oyster : @0/ B1\ A2/ A0/ A4\ B4\ B5\ C2\ @5/ A6/ A2+ @4/ B0\ A2/ @5/ G5+ @3\ A2\ A1\ A0+ @1\ C7/ A6/ @6+ A7/ C8\ K7\ K8\ A1+ @1\ K3/ K2/ L4\
LoopTrax_1746382 dolcol (LAW-10) vs. Goonerg : @0+ A0+ @1\ B0+ C3/ D3/ @2/ B3+ B0\ A1\ @1\ D5/ D6/ B5\ B7+ A7/ @6+ F5+ @7\ D8+ B1\ E0+ A5/
LoopTrax_1747784 Chad vs. keops : @0/ A0/ A3+ B3+ A4/ @4/ A2+ B5+ C5\ D5+ C6\
LoopTrax_1749027 B Line electric streetcar vs. drgnrdr : @0+ @1/ B2\ A0/ C2/ C0\ D3/ C5/ E1/ E0/ E6+ B7\ F4/
LoopTrax_1749092 supermac vs. Kevin : @0/ A0/ B2+ C2\ C3\ D3\ B4/ D1/ D0/ E2\
LoopTrax_1749235 basplund vs. CHESSCATJAY : @0/ @1/ A0/ A3/ A4\ @3/ D3/ B5/ C5\ C6/
LoopTrax_1749300 basplund vs. CHESSCATJAY : @0+ A0/ @1/ @1/ A3\ C0/ D3\ C0/ E3+ C5\ A0/ B7/ @6+ B8\
LoopTrax_1749792 Thud vs. basplund : @0+ @1/ A2+ @2/ B3+ B0/ D1\ A1\ RESIGN
LoopTrax_1750204 Jump This vs. CHESSCATJAY : @0/ A0/ A0/ @1/ C1+ C0/ B1+ A4/ @4\ B5/ B6/ B7/ E7+ C8/ C9+ B9/ B10/ A10/ @10+ C11+ C12\ C13\ C14\ G8/ F10+ H8/ I8/ @8+ B6+ A6/ C3\ A4+ @5\ A7+ C2+ D0\ C1\ A4+ E0+ G2+ B3+ @5+ E0\ I5+ J4\ A9/ @8/ A10\ K3/ L5/ I2+
LoopTrax_1750612 Rand al*Thor vs. sagitarius : @0+ RESIGN
LoopTrax_1752458 Rand al*Thor vs. PismoTigress : @0+ B1/ @1/ B0+ A1\ @1\ A2+ @1/ A0/ B4/ A4/ A0/ @4+
LoopTrax_1752537 Rimon vs. gladriel : @0/ B1\ B2\ C2\ B3/ B4/ A2/
LoopTrax_1752777 marygal vs. Mististar : @0/ B1\ B2\ C2\ C0\ A3+ B4/ B5/ A5/ @4/ D0\ B7/ A6/ @6/ B7/ B8/ A7/ @7/ B8/ E9+ G8\ G9+ E1/ G2/ H5+ H4+ I4/ D10/ @7/ B8/ A3\ B2+ D1+
LoopTrax_1755685 Chad vs. CHESSCATJAY : @0+ A0/ @2\ B3/ C3/ C4/ D1\ A0/ @3\ A5\ A6\ B5+ @6+ A2+ F4/ C7/ G2/ G1/ G5\ H2+ F6\
LoopTrax_1756111 Sarah vs. Chad : @0+ A0+ B2\ C2\ C3+ A0+ D3\ E3\ F3\ E5+ E6/ B1/ @1/ H1+ I3/ G0+
LoopTrax_1756173 Goonerg vs. csain1 : @0/ A0/ @1/ @1/ A2/ @2\ E2+ E3\ E4+ F4\ B0+ A1\ A0\ @1\ E1/ A0+ F3/
LoopTrax_1757985 marygal vs. game_77 : @0/ B1\ B2\ A2+ B3/ @2\ D1/ D0/ E3\ D4+ D5\ E4\ B5/ D6\ E6\ A4+ F5+
LoopTrax_1759427 gladriel vs. DINGEROO : @0+ @1/ A0/ B3+ @2/ D3/
LoopTrax_1762847 curleyquenot vs. gladriel : @0/ B1+ @1\ B2\ A0/
LoopTrax_1763097 supermac vs. dolcol (LAW-10) : @0/ B1\ A2/ B0\ B3\ A4/ C3+ D2\ @3+ E4/ D5\ @3\ A0+ @4\ B5+ @1\ B0/ @2+ A1\ C0/ I3+ G2+ J4+
LoopTrax_1763098 supermac vs. drgnrdr : @0/ @1/ A2+ A3\ C1+ A0\ @2/ D5+ E3/ @3\ D0+ E1+ C0/ A6/ @4/ D7/
LoopTrax_1765337 Oartkickel of the Wolf Pack vs. Misery Midnight : @0+ B1\ A0/ @2/ C3\ C0/ D3+ B1+ A1\ @3/ C0+
LoopTrax_1765477 bubbly vs. JenJen : @0/ B1\ B2\ C2+ B3/ A3/ A0\ @1\ A3/ @1/ A2/ E1/ C5/ F1\
LoopTrax_1770751 lapman vs. Misery Midnight : @0+ @1/ A0/ C2\ C3\ B0/ C2+ D2/ D1/ RESIGN
LoopTrax_1770755 What did you say vs. Misery Midnight : @0/ B1\ A2/ @2/ C0\ C0/ D1/ D0/ E2\ E3\ D0/ E0/ F3+ G5\ G6\ E7/ C1\ E0/
LoopTrax_1771209 B Line electric streetcar vs. Chad : @0+ A0+ B2\ C2\ B1+ B0/ D2+ D0+ @3/ D0/ C2+ B1/ C6+ @4/ @2+ A1\ A0+ @3+ D7+ B6+ F1+ E0/ E0/ E0/ D3+ C2+ B3+ I7\ J6+ K6\ J8+ A3/ @3/ B2+ C1+ @2\ A1\ C0/ @2+ B0\ A2+ RESIGN
LoopTrax_1771284 drgnrdr vs. Goonerg : @0/ A0/ A3/ A4/ B2+ @4/ @1/ E3/ A4+ C5+ C6/ D6+ @3/ B5/ B6/ D7/ E0\ @6+ G1/ A2+ H3/
LoopTrax_1772596 Kevin vs. keops : @0/ A0/ A0/ A0/ @3+ C4+ C5\
LoopTrax_1772597 keops vs. Kevin : @0/ A0/ @2+ @2/ B3/ B0/
LoopTrax_1772602 keops vs. sagitarius : @0/ B1\ A2/ A0/ A0/ @1/ B0/ B0/ @1+ C0/ A5/ B0+ E6+
LoopTrax_1772603 sagitarius vs. keops : RESIGN
LoopTrax_1772604 keops vs. What did you say : @0/ A2\ B2\ B3\ C2/ C1/
LoopTrax_1772605 What did you say vs. keops : @0/ A0/ B1/ C2+ A3/ A4+ @2+ E4\ E5\ E2/ F2/ F3+ C5/ F6/ G1\ G0+ H4+ D0\ C2+ @4/ A3+ B7/ A8\ @4/ C1\ @8/ B9+ A3\ @8/ B2/
LoopTrax_1772608 Phil The Hat vs. drgnrdr : @0/ A0/ A3/ A4/ A5/ B3+ @2+ @5\ B6\ E6+ E7\ D8+ A2/ E2/ F4\ B0/ A2+ G5+ G6\ G2/ H4\ E1+
LoopTrax_1772609 drgnrdr vs. Phil The Hat : @0/ A0/ A3/ A4/ B2+ @4/ D2/ E1\ F2/ B0/ @2+ @3\ @3\ B1+ B0\ I1/ H0+ J3/
LoopTrax_1775544 Rand al*Thor vs. dolcol (LAW-10) : @0+ B1\ B0/ C1/ @2\ E1\ E2\ E3+ F3\ B1\ B0\ F3+ D1/ B0\ D1\ A1+ C0+ G3+ G2/ F1+ G6\ H3\ F7+
LoopTrax_1777248 Chef Jeff 1 vs. Dawnas AZ : @0+ @1\ B2+ C1+ B3+ D1+ C0/ D3\ D4+ E2+ A3+ A1\ C0/ @2+ F2/ @2+ H3+ I3+ H4+ H5\ I5\ I6\ I7+ J5+ D6/ K4+ C6\ B1\ D1\ L4+ D0/
LoopTrax_1777341 Megababe vs. Lilac Oyster : @0/ B1\ A2/ @2/ @1+ B0/ @3\ D1/ F1+ B4\ E0+ @5/ E1+
LoopTrax_1777342 Megababe vs. Lilac Oyster : @0+ @1/ @1/ B2\ B3\ B0\ A1+ B0/ C1/ D1+ D0/ E1\ B1\ D0/ A2/
LoopTrax_1777343 Megababe vs. Lilac Oyster : @0+ @1/ @1/ A0\ @1\ @1\ C3/ A0\ C0+ E2/ A4+ @3/ @3/ G6\ B4+
LoopTrax_1778580 Kevin vs. drgnrdr : @0+ @1\ C1\ B2/ @1\ C0/ A4/ @4/ E4\ D5/
LoopTrax_1778581 drgnrdr vs. Kevin : @0/ A0/ A3/ A4/ B2+ @1+ @1/ C5+ E2\ F2\ @2\ A0\ @3\ H2/ F1/
LoopTrax_1778584 Dave (UK) vs. drgnrdr : @0/ A0/ @2/ A0/ @1/ A2+ B4/ D3+ C1/ C0/ B6/ @3/ A2+ D0/ F5/ F6+ D8+ G6\ D9/ A0\ @4\ E0+ H6+ I5\ J6/ @3/ @3/ C1\ B0/ B5+
LoopTrax_1778585 drgnrdr vs. Dave (UK) : @0/ B1\ A2/ A0/ B0\ @2/ @1+ C0/ D0\ E5+ B5/ F4\ G2+ C0/ C0/ H5/ @2+ D0/ A8/ @5+
LoopTrax_1778586 What did you say vs. drgnrdr : @0/ A0/ @2/ A0/ B4+ C4\ D4+ D5\ C5+ C6/ A5+ C7/ C8/ C9/ @5/ F4+ @8+ E10/ A4\ B3\
LoopTrax_1778587 drgnrdr vs. What did you say : @0/ B1\ B2\ C2\ D1+ A0/ B0\ @3+ @2/ A0+ @4\ G1+ E0+ H3+
LoopTrax_1778588 Tigger vs. supermac : @0/ B1\ B2\ C2\
LoopTrax_1778589 supermac vs. Tigger : @0/ A0+ @1+
LoopTrax_1778590 Tigger vs. keops : @0/ A0/ @2/ @1+ C0/ C0+
LoopTrax_1778591 keops vs. Tigger : @0/ A0+ A0\ @1\ @1+ B0/ A5/ @5/ E3\
LoopTrax_1778594 supermac vs. keops : @0/ A0/ @2/ @1+ C0/ C0+ D4+ B5/ B0/ @4/ E2/ F1\ F0+ A2+ @6\ C1+
LoopTrax_1778595 keops vs. supermac : @0/ B1\ A2/ @2/ @1+ C0/ C4\ D4\ E3+ B0+ @3/ @4\ B1\ C0/ C0/ E2+ @5/ D7+ A8+ @6\ I8/ C9/ J6\
LoopTrax_1778596 supermac vs. Allison : @0/ A2\ B1/ A3\ @2\ B4+ C0+ @4+ A6/ @4/ B1\ A6/ A3\
LoopTrax_1778597 Allison vs. supermac : @0/ A2\ B1/ B0/ A4/ @4/ A2+ D2+ C4/ D4/ @3/ D5+ F3/ F4+ E0/ F3/ B7+ G4+
LoopTrax_1778598 keops vs. Allison : @0/ A2\ B2\ @1/ @1/ C0+ A4+ @1\ C0+ D6/ F6+ D7/ D8+ C6+ E2/ D9\ F3+
LoopTrax_1778599 Allison vs. keops : @0/ A0/ B1+ B0+ C2\ @2\ A1\ E2\ C4+ C0/ D2/ @4/ A5/ D6/ B1+ D0/ A2\ @4+ @6/ A7/ D8+ H7\ D1/ I6\
LoopTrax_1778670 marygal vs. game_77 : @0/ B1\ B2\ A2+ @2/ B3\ B4\ D2\ C3+
LoopTrax_1779801 Chad vs. Kevin : @0+ A0+ @1+ A2+ A3\ B0/ C4/ D3\ @3\ @3\ @3\ @3\ E5\ A1\ E0+
LoopTrax_1779802 Kevin vs. Chad : @0+ A2+ B1+ B2+ C2\ B0/ @3\ B4\ C5/ @2/ B1+ E2+ F4+ C6\ B4+ B7+ A6/ @6/ A7/ D8/ A1\ B0/
LoopTrax_1779803 Chad vs. Oartkickel of the Wolf Pack : @0+ B1\ @1\ B0+ B3+ A0/ B0\ A0/ B7/ @3+ D2+ E6/ A0\ @2\
LoopTrax_1779804 Oartkickel of the Wolf Pack vs. Chad : @0+ A0+ B2\ C2\ B3+ A0\ B2+ D3\ C1+ C0\ E2/ E1/ B0/ C7/ @5/ F7\ G6\ F8/
LoopTrax_1779805 Chad vs. firefly : @0+ @1\ C1\ B0/ D2\ B3/ D0/ E1/ A1\ C0\
LoopTrax_1779806 firefly vs. Chad : @0/ @1/ B0/ @2\ A1\ B0+ A1\ @1+ C0+ D5\ E4/ A5/ @4/
LoopTrax_1779809 Kevin vs. firefly : @0/ A2\ B2\ A3\ @2+ @3\ C4+ D4\ A5/ @5/ E5\ D6/
LoopTrax_1779810 firefly vs. Kevin : @0/ A0/ @2+ @2/ @2/ B1+ E2/ F2+ G2\ D3+ F1/ E0+ A4+ H3\ F5+
LoopTrax_1779811 Oartkickel of the Wolf Pack vs. firefly : @0+ B1/ @1/ C2/ C0+ D1/ D2+ @2/ B1+ @2+ G1+ E0+ D1\ B1+ @3/ A2+ B4+ F5+ H4+ I2\ H6\ I6\ J4/ K4+ K3/ H7+ J7+ F6+ F8/ E7\ A6/ C7+ @4/
LoopTrax_1779812 firefly vs. Oartkickel of the Wolf Pack : @0/ B1\ B2\ A2+ A3+ @2\ A3+ @3+ C4/ B0\ A1\ @4\ @1+ @1\ C0/ E0+ A5/ @2/ B6\
LoopTrax_1779813 Nina vs. Marko : @0+ B1\ B0/ C1/ C0/ A1+ B0\ B0\ A1\ @1\ D5+ E3/ @1+ D0+ A5/ @5+ C6+ C7/ B1+ E0\ F1+ G8/ H7\ I7+ I8\ G9/ H1/ F0/ A6+ @6\ J5+ K5/ E1\ E0\ G1\ K2/ L3\ I1+
LoopTrax_1779814 Marko vs. Nina : @0/ B1\ B2\ C2+ D1\ C3+ D0/ E2\ A3/ B4+ B5/ A5/ A6/ @4\ A2\ F4\ @4+
LoopTrax_1779819 Marko vs. Sarah : @0/ A0/ @2+ @2/ B0\ A1\ @1\ C0+ D0\ B1+ D0/ E3+ E5+ @4+ D1+ C0/ B2+ A1/ E8+ C8/ E9\ @2\ D0/ A9+ D11/ @6/
LoopTrax_1779820 Sarah vs. Marko : @0+ A0/ @1/ C1+ C0/ B1+ B0\ D1/ B0\ @4/ E4\ D0+ F3\
LoopTrax_1779821 Marko vs. the great snowqueen : @0/ A0\ @2\
LoopTrax_1779822 the great snowqueen vs. Marko : @0+ B1/ C1\ A2\ A0/ @2\ C1+ C0\
LoopTrax_1779825 Kran vs. basplund : @0/
LoopTrax_1779826 basplund vs. Kran :
LoopTrax_1779827 Kran vs. drgnrdr : @0/ A0/ B1/ B3/ B0/ @1+ C0/ D4+ B5/ C0/ @5+ A1\ F4\ A0/
LoopTrax_1779828 drgnrdr vs. Kran : @0/ B1\ A2/ @2\ A1\ B0/ C0\ @3+ @4\ B5\ @5+ A6/ @5\ E6\ E7\ F5+ G6/ @4/ F1\ G0/ I5+
LoopTrax_1779829 basplund vs. drgnrdr :
LoopTrax_1779830 drgnrdr vs. basplund : @0/
LoopTrax_1781414 Misfit Lenrad6672 vs. Pamper Me : @0/ A2\ B1/ B0/ A4/ B3+ @4\
LoopTrax_1781416 Misfit Lenrad6672 vs. Pamper Me : @0/ B1\ A2/ @2/ D1/ D0/ B4\ C4\ C5\ C1\ D4+
LoopTrax_1781417 Misfit Lenrad6672 vs. Pamper Me : @0/ B1\ A2/ B2+ C2\ A3/ @1\ @2+ B0/
LoopTrax_1781418 Misfit Lenrad6672 vs. Pamper Me : @0/ A2\ B1/ C1+ A3/ @2\ C2\ A3+ C4\ D3/ B5/ D4\ A4/
LoopTrax_1781419 Misfit Lenrad6672 vs. Pamper Me : @0/ A2\ B2\ C2+ @2/ B3\ B0\ A1\ @3/ @3+ A4/ B4+ D5\ @4/ A5/ D6\ F2/ B7+ F0/ @6/
LoopTrax_1781425 Misfit Lenrad6672 vs. Lilac Oyster : @0/ B1\ A2/ @1+ B0\ @2/ C4\ D4\ D5\ E3/ C6/ B4+ F4/ B1+ @4/ A5/ A6/ A7+ @7/ F1/ E0\ A7+ @8/ D2\ C2\ H8\ A4+
LoopTrax_1781426 Misfit Lenrad6672 vs. Lilac Oyster : @0/ B1\ A2/ @2/ D1/ D0/ B4\ C3+ @3\ @3/ A4/ A5/ @5/ A6/ F4+ G4\ H2/ @6+ A7/ J2+ D2+ I1/
LoopTrax_1781644 Megababe vs. Pamper Me : @0+ @1/ B2/ A2+ @2\ C0/ B1+ B4\ D4+ @3/ A4/ C5\ A1\ A0/
LoopTrax_1781645 Megababe vs. Pamper Me : @0+ @1/ @1/ B2\ B3\ D1\ D2\ D3+ E1+ F2+ B0/ E1/ C5\
LoopTrax_1781646 Megababe vs. Pamper Me : @0/ A2\ B2\ C2+ C1+ D2\ B3+ D1/ E1/ D0+ A1\ @2\
LoopTrax_1781647 Megababe vs. Pamper Me : @0/ B1\ B2\ C2\ D1+ C0/ C0/ D1/ E4/ F3+ A1\ A0/
LoopTrax_1781875 What did you say vs. Misery Midnight : @0/ A2\ B1/ @1\ B0\
LoopTrax_1781880 Thud vs. Megababe : @0+ B1\ @1\ B0+ C1/
LoopTrax_1782247 Knight Rider vs. CHESSCATJAY : @0/ @1/ A2\ B0/ C2+ C3\ D2+ A0+ B0/ @3+
LoopTrax_1782395 gladriel vs. asmdrm : @0+ A2/ A0\ @1\ A0\ @3/ A4/ A5\
LoopTrax_1783281 Bacall vs. Misery Midnight : @0+ @1/ @1\ B0/ D2/ B0\ A1\ @3/ A4/ B0\ A1\ @4/
LoopTrax_1786435 Cachel vs. Morticia : @0+ B1+ A2\ A0\ C3/ B1/ C0\ D2+ C5\ D5\ E3/ F3/ G3+ F1/ D6+ G1\
LoopTrax_1787913 Marko vs. gladriel : @0/ B1+ A0\ A3\ @1/
LoopTrax_1787950 washie224 vs. Linda Sue : @0/ A0/ B1+ B0\ C3\ C4\ A0\ @1\ D3+ B5/ C6/ A3/ @2/ B5\
LoopTrax_1789339 Goonerg vs. csain1 : @0/ A0/ @2+ C2\ B3/ B4/ @2/ C0/ A2+ C0/ @3\ @2/ B0+ D0\ G6\ G7\ F8+ B1+ G9/ H9\ H10\ H4+ I6+ G2+ I2+ J5\ C9/ A1+ B8/
LoopTrax_1789344 drgnrdr vs. dboy97 : @0/ @1/ C1/ B2+ D1/ B0\ @2/ E4+ F1\ G4+ A4/ RESIGN
LoopTrax_1789387 washie224 vs. supermac : @0+ @1/ A0\ @1\ C3\ C4\ D4\ A4/ @1+ C5/
LoopTrax_1790570 Knight Rider vs. prizzy : @0/ B1\ B2\ C2/ C3\ D3\ B3+ A3/ B4/ D5\ E4+ F4\ E5\ F5+ F6\ G6\ C1/ C0/ @4/ G8\ B5+
LoopTrax_1790995 Adam vs. MountainMist : @0/ B1\ A2/ B2+ A0\ @1\ D2/ D1/ B0\ A4/ @2/
LoopTrax_1791458 CHESSCATJAY vs. Misfit Lenrad6672 : @0/ B1\ A2/ B2+ @2\ C3/ D2\ E3\ E4\ F4\ E2+ D4+ D5/ B3+ E1/ C0\ G4+
LoopTrax_1791630 gladriel vs. Geri39 : @0+ A0\ @1/ C1/ A2+ B0/
LoopTrax_1791632 Geri39 vs. gladriel : @0/ A2\ B1/ B2+ A3/ B0/ @3/
LoopTrax_1791633 gladriel vs. Geri39 : @0+ A0/ B1\ C1/ A3\ B0/
LoopTrax_1792226 G_net vs. marygal : @0+ @1/ B0\ C2\ B3/ B4/ A4/ @2\ @3\ F2\ A2+ A1\ B0\ F2/ B0\ A2+
LoopTrax_1792227 G_net vs. marygal : @0/ A2\ B2\ B3\ B1/ C1/ C0/ @3/ E1\ A1\ E2+ @3\
LoopTrax_1792229 G_net vs. marygal : @0+ @1+ A2\ B0/ A1+ @1\ C0/ D1/ E1/ C0+
LoopTrax_1795952 Brendans Grandmom vs. Mististar : @0/ A2\ B2\ B1+ C2/ B0\ C2/ D3\ C4/ @2\ B5\ C0/ D1/ E1/ F2/ G2/ E0/ F2+
LoopTrax_1795953 Brendans Grandmom vs. Mististar : @0/ A2\ B2\ B1+ C2/ D2\ C3/ C1/ @1/ C4/ C5/ E0\ F2/ G3\ G4\ H2\ F1/ E0+ E0/ F2/ H1/ I1/ H5\ F0\ D2\ B3+ C1\ B1\ A2\
LoopTrax_1795954 Brendans Grandmom vs. Mististar : @0+ B1/ B0/ @2\ A3/ @3/ C0\ E1\ C0/ D1+ D0/ B3\ A4\
LoopTrax_1797319 Rand al*Thor vs. CHESSCATJAY : @0+ @1\ B2+ C1/ C0/ @1/ C0+ @1/ E4\ F4\ F3+ E5+ C5+ E6/ B5/ A5/ G4+ A3+ @3/ @4\ B1+ A5/ @3/ E7+
LoopTrax_1797393 Rogue Trooper vs. Oartkickel of the Wolf Pack : @0/ A2\ B1/ @2\ B0+ A4/ @4/ C5\ D3\ E2/ A1\ @2\ B0/
LoopTrax_1797400 gladriel vs. the nutter : @0+
LoopTrax_1797408 Dave (UK) vs. Marko : @0/ B1\ A2/ @2/ B0+ B4+ C4\ C5\ D5\ E2/ D1\ F4+ C6+ G2/ E1/ D0\ A7/ A8\
LoopTrax_1797525 * vs. Pamper Me : @0+ @1\ A2+ B2+ @1\ D2/ C3+ A0+ @3/ A4/ D0\ @3+ A2\ A1+ @3+ E0+ G2/ H4/
LoopTrax_1799110 Phil The Hat vs. drgnrdr : @0/ A0/ A3+ B1/ @3+ A4/ A2+ A5/ D1/ @3\ A6\ F3+ C6\ B7/ B0\ A1\ @4\ H5/ H3+ G8+ H1/ D9+
LoopTrax_1799940 Chad vs. Mark007 : @0+ @1\ A0/ A3+ C2\ B1/ D2\ D3\ D0/ E2\ A1\ @4+ A1/
LoopTrax_1800388 Megababe vs. CHESSCATJAY : @0/ A0/ @1+ A0\ @1\ @2\ B3+ E3+ F2\ E1+ E4\ C4+ C0+ G5+ G3+ F1+ G6\ A2\ C0/ B1+ H5+ H7\ H3+ G1+ H8\ I5+ J6+ I4+ I2+ J4/ D0\ H1+ K5+ G0+
LoopTrax_1800389 Megababe vs. CHESSCATJAY : @0/ @1/ A0+ A0\ @3/ @2+ B0+ B0\ C2/ D2/ E2/ F3+ E5+ D6+ @1+ E0+ G2+ C0/ A7\ @6/ C1+ B1\ E1/ C0+
LoopTrax_1800390 Megababe vs. CHESSCATJAY : @0+ A0/ A3\ B1/ B0/ C4+ C5\ D1+ D4\ E3/ E2+ @1/ E0/ C7\ B6+ A4+ D7+ A6/ E6+ C1+ F2+ F6\ G4/ @3\ E0+ C1+ I6+ F8+ F9\ F10\ D9+ H10+ I10+ A0+ @4+ F1/ H2+ H12+ F0/ G13+ @3+ C1/ B1+ F13/ F14\
LoopTrax_1800391 Megababe vs. CHESSCATJAY : @0/ @1/ A2/ B3+ C3\ B0/ D4\ B5/ B0\ C1+ D0+ E4+ B1\ @3+ A2\ A7/ B1+ @6\
LoopTrax_1800392 Megababe vs. CHESSCATJAY : @0+ A0/ A3\ B3\ B4\ C1+ D2+ B0+ B6/ C6+ D2+ B7/ @3\ A4+ @4+ C6+ B7+ A7/ @7+ C8+
LoopTrax_1800778 CHESSCATJAY vs. keops : @0/ A0/ @1/ B0/ B4/ @1\ C0+ A4/ D2/ @3/
LoopTrax_1801747 Brave Eagles vs. Chad : @0/ @1/ B0/ A0+ @3/ B0/ @3\ E1/ E0/ E5\ F5\ D6\
LoopTrax_1801747 three horses vs. Chad : @0/ @1/ B0/ A0+ @3/ B0/ @3\ E1/ E0/ E5\ F5\ D6\
LoopTrax_1801872 Chad vs. Mike UK : @0+ A0+ A3+ @2+ C3/ A1\ @1+ C0+ D1/ E4/ F4/ G2+ H3/ I2\ J3/ E5+ D6\ C6\ B6\ A6+ @3\ B5+ A5\
LoopTrax_1802140 Cookie of the Wolf Pack MIA vs. hANDYman the Rebel : @0/ B1+ A0\ @2/ C1+ C3\ C0/ D2+ D4/
LoopTrax_1802141 hANDYman the Rebel vs. Cookie of the Wolf Pack MIA : @0+ @1/ B0+ C2\ A3/ @2/ D4\ E4\ C0/ B1\ B0\ E5/ F5/ F3\ C1/ C0/ D4+ B1\ C0/ @2\ E9+
LoopTrax_1802478 Rogue Trooper vs. Rand al*Thor : @0/ B1\ A2/ B2+ B3+ C2/ B4\ C4\ D1\ B5+ D5/ E2/ @1\ B0/ B5+ A4+ @4/ B6+ G0/ H1/ A2+ @4+ B1/
LoopTrax_1803739 Kevin vs. Rogue Trooper : @0+ @1/ C1/ C0/ B0/ A2+ C4/ @1/ E2+ E1/ F4\ F5/
LoopTrax_1803740 Rogue Trooper vs. Kevin : @0/ A0/ B2+ C2\ A3/ @3/ D4+ B5\ B6\ @1+ RESIGN
LoopTrax_1803741 Kevin vs. Rand al*Thor : @0+ A0+ @1+ C2/ @1\
LoopTrax_1803742 Rand al*Thor vs. Kevin : @0+ A0/ A3\ B1/ C1+ A0+
LoopTrax_1803743 dboy97 vs. Rogue Trooper : @0/ A0+ B2/ A0/ @2\ B0/ A0+ @1\ A4+ B6\ A0\ @4+ A6+ A0/ @4/ E1/ D0/
LoopTrax_1803744 Rogue Trooper vs. dboy97 : @0/ A0/ A3+ B3+ A4/ C3\ C2+ @1\ B0/ D0/ E3\ C0\ B1\ A1\ F6\ F7\ F3/ F2\
LoopTrax_1803745 dboy97 vs. Rand al*Thor : @0/ B1\ B2\ A2+ C1/ A0/ A4+ @2/ E3\ E4\ B5\ A5\ @3\
LoopTrax_1803746 Rand al*Thor vs. dboy97 : @0+ A0+ B2\ @2/ A3/ A1+ B0\ B0/ C2\ D4\ @2/ B1+ @4+ D6+
LoopTrax_1803747 Rogue Trooper vs. Rand al*Thor : @0/ B1\ A2/ B2+ @1+ B0/ B4/ D1/ D0/ B6/ A1\ D6\ @1/
LoopTrax_1803748 Rand al*Thor vs. Rogue Trooper : @0+ B1\ @1\ B0/ C3+ D1/ C0\ E3\ E4\ A0\ @3+ F2+ C6\ D7/
LoopTrax_1803755 supermac vs. Dave (UK) : @0/ A2/ B2\ B3\ C2+ A0/ @3+ A4/ D5/ B0/ @6\ @4/ D7+
LoopTrax_1803756 Dave (UK) vs. supermac : @0/ B1\ A2/ B2+ B3/ @2/ A3/ A4+ @2+ E2/ E3+ B0\ D1+ C6/ C7/ F7+ F8\ G8\ D9+ G5/ G4+ H7/
LoopTrax_1803757 supermac vs. REBEL DJ : @0/ B1\ A2/ A3/ @1\ B0/ @2+ D4+ D5\ A1/ C0/ B6+ C0/ E2+ E6+ F6+ B1+ F2/ G5+ H3\ C0+ E1/ E0+ F1/ H4+ I4+ I3/ E0+ J5\ H8+ J2/ K4\ J1\
LoopTrax_1803758 REBEL DJ vs. supermac : @0/ B1\ B2\ A2+ @1\ B0/ B0/ D4\ B5/ A5/ @5/ C6+
LoopTrax_1804095 Brazil vs. Marko : @0+ B1\ C1/ C0/ A1/ C0\
LoopTrax_1807284 What did you say vs. Misery Midnight : @0/ B1\ A2/ @2/ C0\ C0/ D1/ D0/ B1+ C0\
LoopTrax_1808340 curleyquenot vs. marygal : @0/ B1+ A0\ @2/ C3\ A1\ @3\ D4\ E4\ C0/ D1/ D0/ E1/ F3/ F2+ F6\ G3/ F0/ G1/ H3\ F8\ G8\ A4\ @5/ H9\ I9\ J5+ J2/ K4+ A2\ @4\ C1\
LoopTrax_1810710 Jane vs. gladriel : @0/ B1+ A0\ A3\ @1/
LoopTrax_1811161 Mististar vs. Brendans Grandmom : @0/ B1\ A2/ @2\ @2/ A3/ @3/ D0/ D4+ E4\ B5+
LoopTrax_1813803 gladriel vs. REBEL DJ : @0+ A0\ @1/ B3+ B4/ A4/ @3/ A4/ @4/ C5\ B6\ A1\ B7\ @2\
LoopTrax_1813866 dboy97 vs. * : @0/ A2+ A0\ @2/ C2/ B0+ D2\ A1\ @4\ D0\ D0\ A1/ @4\ G5/ F7+ F8/ E9\ H6+ B7/ A8\ @8\ E10+ I4+ A3\ @3\ K6\ I9+ J9+ H10+ A8+ @8/ B11+ D1+ D0\ J1+ K0/ L4+
LoopTrax_1814275 Keizer Soze vs. Phil The Hat : @0/ @1/ B0+ C1+ @2+ D0\ B1+ D3\ C4+ E1\ E4/ C0/ @2\ A1\ A0\ F1/ move H2/
LoopTrax_1814505 Oartkickel of the Wolf Pack vs. basplund : @0+ A0+ B2\ C2\ @1/ A0/ A4\ @2\ A3+ @4\ D5/ F6+ G3\ A6+ @3/ E7/
LoopTrax_1815478 Oartkickel of the Wolf Pack vs. basplund : @0/ @1/ B2+ B0\ C2/ C0\ B5/ D1/ C0\ D5\ E3/ D6/
LoopTrax_1815625 balmoral vs. Marko : @0+ B1\ B2/ @1/ B2/ B3/ A3/ B0/ @2\ A1\ D0\ A6\ @4\ E7+ F5/ A7/ F4/ G5+
LoopTrax_1817140 marlisam vs. basplund : @0/ @1/ A2/ B3/ C2/ D3/ C4/ E4+ E2/ D5+
LoopTrax_1817714 Slippy vs. basplund : @0+ A2\ B2/ A0\ B2+ B1/ B0/ A1+ @1\ A0\ @1\ C0/ B0/ A0+ @2\ @2\ B1\ B0\ A2\ C0/ D1/ E3\
LoopTrax_1819353 Linda Sue vs. Pamper Me : @0+ B1/ A2\ A0+ @2/ C4/ B0/ D2/ D1/ D0\
LoopTrax_1819356 Lilac Oyster vs. Linda Sue : @0+ @1\ A0+ A0/ C2/ C3+ A4\
LoopTrax_1819357 Lilac Oyster vs. Linda Sue : @0+ B1\ B2+ A0\ B4\ C4/ C2\
LoopTrax_1819358 Lilac Oyster vs. Linda Sue : @0+ @1\ A0+ @1\ D2\ D3\ A0/
LoopTrax_1819366 Linda Sue vs. CHESSCATJAY : @0+ A0/ A0/ @1/ C2\ A0\ @1\ B0/ C1+ @1/ B3+ B4/ D6\ E6\ F5\ C6/ D7\ A6/ B7\ @5\
LoopTrax_1819367 Linda Sue vs. CHESSCATJAY : @0+ A0\ B1\ C2/ A3/ @1\ A0\ @4+ A5/ E4\ @5\ G4/
LoopTrax_1819368 Linda Sue vs. CHESSCATJAY : @0+ A2/ A3/ A0/ B1\ @1\ B0/ B0/ D2/ C6/ A2\ A4+ C5/ @4/
LoopTrax_1819369 Linda Sue vs. CHESSCATJAY : @0+ A2/ A3/ B3/ @2\ B0/ B0/ C2+ A2\ C0\ @4/ E3/ B2+ E6\ E7\ B0/ D8/ E9\ A3+ @5/ C8/ B1\ B0\ @5+
LoopTrax_1819371 Linda Sue vs. CHESSCATJAY : @0+ A0/ A0/ B2/ B1/ @1/ C4/ D4+ D5\ E1+ E0/ D0/ F5\ E6+ D8/ G4\ F6\ E8+ C8+ B2+ @3\ C8/ B7/ E9+ D9/ G2/ C9+ D10/
LoopTrax_1819711 dolcol (LAW-10) vs. supermac : @0/ B1\ A2/ @2/ D1/ D0/ @2/ A3/ D3\ E4/ @2\ E1\ D0/ G4+ E0/ F1/ F0/ G1/ H1+ H0/ F9\ E1+ G0/
LoopTrax_1820804 NightWishes vs. Chef Jeff 1 : @0/ A2+ A0\ @1\ C3\ A2/ @2/ C0/ D2+ D1+ E3+ C5/ F2/ E1+ F1+ E0\ C1+ C0+ A4\ @4+ A5+ @5/ B3+ C1/ D0\ A4/ @5\ B7+ A6/ A3+ @5/
LoopTrax_1824805 Sherry vs. Megababe : @0/ B1\ A2/ C1/ B0/
LoopTrax_1824990 Sherry vs. Megababe : @0/ A2\ B2\ B1+ B0\ C3\ @2/ A4+ @4/ A2+ B5+ D5\ F2/ F1/ F0/ F5+ E6\ E7\ G3\ E8\ G0/ H3+ F7\ G7\ I3+ A9/ @8/ C10/
LoopTrax_1825400 supermac vs. Kran : @0/ B1\ A2/ @2/ @1+ C0/ @3\ B0\ A1\ @3/ A5+ D5+ @4+ A3\ G5+ H5/ D6+ @4/ B6/ B7/ I1/ A2\ G0/
LoopTrax_1826144 Rebel Rider vs. Megababe : @0/ B1\ A2/ @2/ C2\ B3/ D1/ B0/ E3\ E4\ F2/ D1/ C0\ D5+ E6\ G4+ F7/ H6+ C7/ E8+ A5/ B6/ B7/ A7/ @4+ E9\ C8/ @5\ E9/ F10\ H9/ I8+ K6/ K7+ B0\ A3+ @5/ G2+ L5/ M6\ J11\ K12/ M12\ J13/ N9/
LoopTrax_1826909 Megababe vs. Sherry : @0/ A2+ A3/ B1/ C2/ @3/ D3\ E3\ C4/
LoopTrax_1826987 Rogue Trooper vs. Megababe : @0/ B1\ A2/ A3/ @1+ A0\ A0\ @4\ D1/ C0/
LoopTrax_1827066 Sherry vs. Megababe : @0/ A2+ A0\ @3\ C3\ B0\ A2+ C2+ B0\ B6/ @5/ A2+ E3\ F3\ E4\ E6/ F5\ D7/ @2\ C7+ E8+ B6+
LoopTrax_1827231 Knight Rider vs. Megababe : @0+ @1/ @1\ B0/ C3\ D3+ D4+ E2\ D1+ B4\ D5\ A4/ RESIGN
LoopTrax_1827474 Goonerg vs. Oartkickel of the Wolf Pack : @0/ B1\ A2/ B2+ C1/ B0\ @2+ C0/ D1/ E1+ E0/ D1+ F3\ F4\ F5\ E6+ F2+ B2+ G2/ @4/ @4/ D7/ C7/ B2\ B1\ B0\ A1\ @3+ C0+
LoopTrax_1827902 Inkjet-Man vs. Megababe : @0+ @1/ B2\ C2+ C3\ B3+ D2/ B0\ D5\ E4+ F4\ F5\ G5\ D1/ G6/ B0/
LoopTrax_1828538 NightWishes vs. Megababe : @0/ B1\ B2\ C2\ C3\ A2+ B4\ D3\ C4\ @2\ A3+ C0/ B1+ E1+ F4+ E5+ C6+ @3/ A1\ A6/ @2/
LoopTrax_1829133 Rogue Trooper vs. CHESSCATJAY : @0/ @1/ B2+ B3\ C1/ D2+ E3/ D4+ C5\ B4+ D0\ C0/ F4\ E2/ F7\ D8/ G7/
LoopTrax_1829217 Dave (UK) vs. Phil The Hat : @0/ A0+ A3/ B2+ A4+ A0+ @3+ B0+ D5/ B0+ C4/ E7\ C8/ E4/ E3/ F6/
LoopTrax_1829901 Chef Jeff 1 vs. the great snowqueen : @0+ @1\ B2+ C1/ C0/ D1/ B4+ D0\ B1\ C0\ B1\ A2\ @2/
LoopTrax_1831678 drgnrdr vs. supermac : @0/ B1\ A2/ @2/ @1+ C0/ @3\ E3+ C4/ E5+ B5+ @2/ B1+ A0/ @4\ @1+ A0\ A7+ @5\
LoopTrax_1831919 Misery Midnight vs. Lyonsgirl : @0/ A2\ B2\ @1/ D2/ D1/ E1/ E0/ F3\ E4/
LoopTrax_1832126 marygal vs. SarahMills : @0/ A0/ B2/ @1\ B0/ D3/ B0\ A2+ @2\ A1\ @1\ A0\ E3\ E2+ @1\ D0+ D0\ C0/ G5\ F2+ G2/ H5\ I7\ I8\ G9/ F9/ H10\ G1/ D0\ H3+
LoopTrax_1832127 marygal vs. SarahMills : @0/ @1/ B0/ @1/ D2/ A0\ @2/ E1\ B3+ D4+ B0\ F1\ D0+ F5\ G3\ G2+ D0/ C1+ F0+ H2+ F0\ G1+ I3\ H6\ H7\ I7\ J4/ J5+ I8\ H9\ F10\ G10+ E10+ C10/ B10/ D11\
LoopTrax_1832129 marygal vs. SarahMills : @0/ @1/ A0/ B1+ @1\ C0\ A4/ @4/ C4+ C5\ A2/ E4+ C6/ D6+ E2/ F1\ @2\ C1\ D0/ A4/ @3\ B2+ B1+ C0\ A5/ @4\ B2+ E8/ F9\ H9\ F10/ I8\
LoopTrax_1832282 Misery Midnight vs. nursestary : @0/ A2\ B2\ A0/ C3/ C2/ D1/ D0/
LoopTrax_1832481 gladriel vs. Megababe : @0+ A2+ A3/ B2/ A0\ @2/
LoopTrax_1834147 Sherry vs. BabyGirl The Rebel Angel : @0/ B1\ B2\ A2+ @2\ D2\ D3\ C4+ E3/ E2+ F1/ E0\ B1+ D1+ A4+ C0/ @3\ A4+ H3/ @4\ E0\ A4+ E8\ H3+ D8/ D9/ @4\ B6+ A3+ C2\ D1\ D8+ A2+ C1+ C0\ B1\ B0/ C1/ D2+ D1/ J7\ K6/ J9\ K9\ L5+ C0+ A2\ @3+ A2\ @2\ A1\ B0\ A1\ @3/ B0+ I4/ I3/ J6/
LoopTrax_1835580 Kevin vs. Phil The Hat : @0/ @1/ C1/ D1+ D2+ E2\ E3\ E4\ B0\ D6/ C4+ B5+ F3+ F2/ F1+ G3\
LoopTrax_1835581 Phil The Hat vs. Kevin : @0/ A0/ A0+ @1+ B0/ C1/ C3+ B0+ A1\ @5/ A6/ A1+ D6\ B0\
LoopTrax_1835586 Kevin vs. Goonerg : @0/ @1/ @1/ @1/ C0+ D3+ E3\ F3\ E4/ A4+ F5\ G5\ B5+ F6+ @1\ A4/
LoopTrax_1835587 Goonerg vs. Kevin : @0/ A0/ @1+ @1\ C0/ D1/ A0+ B0+ E3/ D0+ @4+ @4/ B2\ A2\ @4/ @4+ C5+
LoopTrax_1835588 Phil The Hat vs. Sarah : @0/ A0/ A0/ @1/ B0/ C3\ D3+ A3/ A0\ @2/ E1/ C0\ F2\
LoopTrax_1835589 Sarah vs. Phil The Hat : @0+ A0+ B2+ A0+ @1+ @1/ D1/ C4+ C0+ A3/ E3/ C6+ B5+ B1\ B0/ B0/ A2+ A0/ @1/ B0/ C1/ D3+ A7/ E1/ F4\ D0/
LoopTrax_1835590 Phil The Hat vs. Lilac Oyster : @0+ B1\ B2+ A0\ A0\ @3/ A5/ @5/ D1/ D0/ E3\
LoopTrax_1835591 Lilac Oyster vs. Phil The Hat : @0/ B1/ A0\ @2/ B3+ B0\ D3/ D0+ E1/ F1+ E0\ E0+ D1/ F2+
LoopTrax_1835592 Phil The Hat vs. Goonerg : @0/ @1/ C1/ D1/ E1/ C2+ D0\ A1\ @3\ D0+
LoopTrax_1835593 Goonerg vs. Phil The Hat : @0/ A2\ B1/ A3\ @2\ A4+ @1/ B5+ C0+ E1\ D3+ E0/ A1\ C0+
LoopTrax_1835596 Sarah vs. Goonerg : @0+ A0+ B2+ @2+ C3/ A1+ @1/ B0/ B0/ A2+ D2\ D0/ E2\ A1\ @2/ C0/
LoopTrax_1835597 Goonerg vs. Sarah : @0/ A0/ @1/ @1/ B2+ D1\ B0+ C0\ D2+ E2/ B0/ A2+ F1/ E0\ F5\ E6/ G4/
LoopTrax_1835598 Lilac Oyster vs. Goonerg : @0+ A0+ @1\ A2+ A3\ C3\ C4\ @3/ A4/ A2+ @3\ A1/ C0/ B1+ @3\ B0/ C0/ A1\ @2\
LoopTrax_1835599 Goonerg vs. Lilac Oyster : @0/ B1\ A2/ @2/ B0/ B4+ C4\ D4+ B5+ E3/ D0/ E2\ A1\ C0/ @3\
LoopTrax_1835600 supermac vs. Nina : @0/ B1\ A2/ @2+ A3\ @1\ C0/ E1/ E0/ C1+ E4+ F1+ G2+ G1/ G5\ H4+ E6+
LoopTrax_1835601 Nina vs. supermac : @0/ A2\ B1/ B0/ B3\ C3\ A4/ @4/ A1/ A0+ @1+ A0\ D1\ A4\ E1/ A6\
LoopTrax_1835602 supermac vs. Rogue Trooper : @0/ A0+ @1+ B0/ A1+ C3/ D2\ D0+ E4/ D0\ D0\ F4+ E2+ B7/ @7/ B8\ D0/ C1+ G1/ H2\
LoopTrax_1835603 Rogue Trooper vs. supermac : @0+ @1\ B2/ B0+ C3/ B4/ C5+ D3/ E3+ F4/ E6+ G4/ F2+ E1/ H6+ G7\ H2/ H1/ I3\
LoopTrax_1835604 supermac vs. Kran : @0/ B1\ A2/ @2/ C2\ C3\ B0/ C5/ B5+ B6/ D3+ @2+ F4/ E5+ F1/ D6\ G3/
LoopTrax_1835605 Kran vs. supermac : @0/ A2\ B2\ B1+ C2/ B3\ B0/ C1/ D1/ D5\ E1/ B0+ B6+ F1\ E0/ E0+ @7+ G1\
LoopTrax_1835606 supermac vs. Oartkickel of the Wolf Pack : @0/ B1\ A2/ B2+ B3+ C2/ A0/ @3/ C5\ B5+ A0\ @2\
LoopTrax_1835607 Oartkickel of the Wolf Pack vs. supermac : @0+ B1/ @1/ B2+ C2\ D2\ D1+ D3+ E1\ C0/ E4\ E5\ F4+
LoopTrax_1835608 Nina vs. Rogue Trooper : @0/ A0+ @1+ B0/ C1+ D1\ C3+ D4/ B5/ A5/ @5/ C0/ A7+ @5+ F6+ A3\ @4/ C2/
LoopTrax_1835609 Rogue Trooper vs. Nina : @0+ A2+ A3+ A0/ B1/ C1\ B0+ B0\ A0/ C2+ D1\ @4+ @3/ @1+ A0\ @1\ D0+ A5/ @3/
LoopTrax_1835614 Rogue Trooper vs. Kran : @0/ B1\ A2/ @2\ C2\ B3/ @3+ @2\ B1/ D0/ F2+ B5+ A5/ @3\ A2\ @5/ C1/
LoopTrax_1835615 Kran vs. Rogue Trooper : @0/ A0+ @1+ B0/ C3+ A1\ A0\ A0\ C6\ C7\ D5/ A7/ E5/ @5/
LoopTrax_1835616 Rogue Trooper vs. Oartkickel of the Wolf Pack : @0+ B1\ A0/ C1/ B0\ A4+ @4/ A2+ E3+ F3\ F4\ D5+ E6/ B5/ G6\ F7\
LoopTrax_1835617 Oartkickel of the Wolf Pack vs. Rogue Trooper : @0+ A0/ A3\ B1/ B0/ C4+ C5\ C6\ D6\ A6/ A7/ @4/
LoopTrax_1835620 Megababe vs. CHESSCATJAY : @0+ A0/ @2/ C1/ B0/ A2+ C4\ D3/ C1+ E3\ E4\ A4/ D5/ C0/ B1+ D3/ @4+
LoopTrax_1835621 CHESSCATJAY vs. Megababe : @0/ A2\ B1/ B0\ A1\ @1\ @1\ B3+ B0\ D4+ @2\ A1\ A4/ A0\ C6+
LoopTrax_1835622 Megababe vs. washie224 : @0+ @1+ A2\ B0/ C1/ B4\ C4\
LoopTrax_1835623 washie224 vs. Megababe : @0+ B1\ C1/ A0/ B3\ D2/
LoopTrax_1835624 Megababe vs. drgnrdr : @0+ B1\ A0/ A3/ @3/ C4/ D2\ B4/ E3\ E2+ F2+ D5/ B5/ A5/ @2+ @2+ C6/ A1/ A4+
LoopTrax_1835625 drgnrdr vs. Megababe : @0/ B1\ A2/ @2/ B3\ C3\ D3/ D2/ D0\ C5+ E4\ D5+ E1/ F4\ D0/
LoopTrax_1835628 CHESSCATJAY vs. drgnrdr : @0/ @1/ A0/ A0/ @3\ @3\ D4/ E4+ F4\ E5/ G4\ F3+ E6/ D6/ C6/ H6\ F7+ H3/ G2\ I5/
LoopTrax_1835629 drgnrdr vs. CHESSCATJAY : @0/ @1/ B2/ C2/ C3/ C4/ @1/ A0/ @2/ D5/ B3+ D1/ E6+ F4/ D7\ B0+ F4/ G7+ C5/ E9/ @4\ B5+ D6/ G9\ F10/ I5+ F3+ @5/ A6/ D7+ J3/ I2/ K4/
LoopTrax_1835630 washie224 vs. drgnrdr : @0+ @1\ A2/ @1\ C0/ D1+ B0+ B0/ E3\ D5\
LoopTrax_1835631 drgnrdr vs. washie224 : @0/ A2\ B2\ B3+ B4/ C3\ C5/ D3/ D2/ D1/ D5\
LoopTrax_1835632 kittlekitten vs. Chad : @0/ A0/ @2/ @1+ C0/ @3\ A4/ @4\
LoopTrax_1835633 Chad vs. kittlekitten : @0/ A0/ @1/ A2+ C1/ D2+ A3\ E1\ C0/ A0\ @3/ E1+ E6\
LoopTrax_1835636 kittlekitten vs. firefly : @0/ B1/ @1\ C0+ C3\ D3+ D1/ E1+ D4/ A4/
LoopTrax_1835637 firefly vs. kittlekitten : @0/ B1+ B2/ C2/ C3+ B0\ A4/ A5/ @2/
LoopTrax_1835638 Chad vs. RubyJoy : @0/ A0/ B1/ B3/ B4+ C4+ B5/ D2+ C0\ E4\ E5\ F5\ D6/ C7+ A0\ @3+ E1/ A1\ F2/
LoopTrax_1835639 RubyJoy vs. Chad : @0+ @1+ B0\ A3/ A0/ C2\ @1\ A0\ C1+ E3\ @3/ A4+ @2+ G5\ G6+ H4\
LoopTrax_1835640 Chad vs. firefly : @0+ @1\ C1\ @1+ A0\ B1+ @1+ A0\ C4\ D5/ A5\ C1+ B0+ F4\ E3+ @4+ H3/ F2/ H6\ I4\
LoopTrax_1835641 firefly vs. Chad : @0/ @1/ B0/ @1+ A0\ A0+ @2/ E1/ D0/
LoopTrax_1835642 RubyJoy vs. firefly : @0+ B1\ @1\ A0\ B0\ C2+ A4/ @2+ D4/ A1/ @1/ @2\ A3\ C4+ A0/ B1+ @4/ A5/ A6/ A2+ D0/ E2+ F7\ B8+ B1+ D9+ @6+ H9\ C9/ I8/
LoopTrax_1835643 firefly vs. RubyJoy : @0/ @1/ B2\ C1\
LoopTrax_1836873 porkpie1 vs. Misery Midnight : @0+ B1\ A2+ @1/
LoopTrax_1837295 What did you say vs. Morticia : @0/ A2\ B1/ B0+ C1\ B0+ D3/ @2\ A1\ @1\
LoopTrax_1837670 Chad vs. Mike UK : @0/ A0/ @1/ A2/ B3+ C3\ D3+ B4+ D0/ RESIGN
LoopTrax_1838026 Phil The Hat vs. keops : @0/ A0/ A0/ @1/ B0/ A3/ A0\ @3+ D2/ D0+ A6\ C0/ E6+ E8+ @5\ A6+ F2/ G1\ A3\ RESIGN
LoopTrax_1838027 keops vs. Phil The Hat : @0/ A2/ A3/ @1+ C2+ B0/ @2/ E3\ E2+ D0\ E0+ F3\ A3+ A7+ @4/ C8/ D7+ C1+ C0/ A2\ RESIGN
LoopTrax_1838028 Phil The Hat vs. Weth : @0/ @1/ @1/ B2\ B3/ @1/ E1/ D3/ C4/ E3+ C0+ B5/ E0/ F2\ A1\ B0\ @3\
LoopTrax_1838029 Weth vs. Phil The Hat : @0/ @1/ B0+ @2/ B3/ B4/ D3+ E3/ D5+ C0/ A1/ D7/ F4/ D2+ F1\ E5+ A5/ @3+ A7\ D8+ H4/ G6+ I4/ J1+ G0+ J7+ K3/ I8+
LoopTrax_1838030 Phil The Hat vs. What did you say : @0/ B1\ A2/ @2/ @1+ C0/ D0\
LoopTrax_1838031 What did you say vs. Phil The Hat : @0/ A0/ B1\ B2\ A3/ A4/
LoopTrax_1838032 keops vs. Weth : @0/ @1/ C1/ B2+ D1/ B0\ E3\ C4+ B0+ A1\ @3/ D0+ @2\ B1/ @2+ A1\ A0\ D7\ F1+ B0+ H3+ I4+ G2+
LoopTrax_1838033 Weth vs. keops : @0/ A0/ B1/ C2+ C3\ C4+ D2+ @4/ B5+ A1\ @4/ B0/
LoopTrax_1838034 keops vs. What did you say : @0/ B1\ A2/ @2/ B3\ C2+ A4+ D2/ E1\
LoopTrax_1838035 What did you say vs. keops : @0/ A0/ B2+ C2\ A3/ @3/ D4+ C5+ @4\ B6+ @6+ G4\
LoopTrax_1838038 Kevin vs. klaashaas : @0+ @1\ A0\ @1\ D2\ C3\ B3+ B4\ B5\ @2+
LoopTrax_1838039 klaashaas vs. Kevin : @0/ A0/ @1/ @1+ C0/ D1/ A3/ @3/ C4\ E0/ F4+
LoopTrax_1838042 Kevin vs. Goonerg : @0/ @1/
LoopTrax_1838043 Goonerg vs. Kevin : @0/ A0/ B2/
LoopTrax_1838044 klaashaas vs. Oartkickel of the Wolf Pack : @0/ B1\ B2\ A2+ A3/ @2\ A0/ A5\ D5\ C6/ D2/ D1/ E3\
LoopTrax_1838045 Oartkickel of the Wolf Pack vs. klaashaas : @0+ A0\ A3/ @3/ A4/ @2\ @2+ A1\ D0\ D0\ @1+ C0/ C0+ D1/ D0/ E1/ F3/ F9+ D10/ A1/ F1+ C0+ @3+ A1/ F0+ G1/ G9/ H8\ H1+ H0/ I7+ H6/ I5+
LoopTrax_1838046 klaashaas vs. Goonerg : @0/ @1/ A2/ A0\ @2/ D1\ E3+ B4+ B5\ D6+ C7\ B6+ F4/ E7+ E8/ B8/ A7\ @5\ A4\ D9+ @3/ @3/ A7+ D9+ @6+
LoopTrax_1838047 Goonerg vs. klaashaas : @0/ @1/ B0/ A3/ @1\ A0\ @1\ @3+ D1+ A0/ B0+ E1\ B0/ A1/ @4+ @4/ D0/ B2+ B8+ H5/ H1+ F0\ H7+ H0/ I1/ H0/ C12+ A6\ @8+ C3\ B3\ A5/ @5/ K6+ D2+ C1/ J12+ K12\ H13/
LoopTrax_1838048 Oartkickel of the Wolf Pack vs. Goonerg : @0+ @1/ C1/ B2+ @2/ C3/ B0\ A1\ @3/ A4/ D5/ @3+
LoopTrax_1838049 Goonerg vs. Oartkickel of the Wolf Pack : @0/ B1\ A2/ B2+ B3\ B4+ @4/ B5\ A1\ B0/ @4\
LoopTrax_1839814 Inkjet-Man vs. Megababe : @0+ A0+ A0\ B2\ @3/ D2\ A2+ D1/ A0/ E3/
LoopTrax_1840174 RubyJoy vs. * : @0+ @1+ A0/ B3\ B0\ C3+ B5\ C2+ D5\ C6/ @3/ E3+ A1\ @1+ B0/
LoopTrax_1840175 * vs. RubyJoy : @0/ @1/ B0/ @2+ @2/ A3/ D3/ B0\ A1\ @1\ @3+ @2/ D0\ D0+ C2+ C1+ B2+ A1+ @1\ G7+ @2+ E0\ A6/ C7/
LoopTrax_1840176 RubyJoy vs. Arctic Warrior : @0+ @1/ C1/ A2\ A0\ @1\ D3\ E3\ B4/ A4/ @1\ G3/ G2/ C0/ E2\ H3/ H2/ D1/ E0\ G2/ B5+ I3/ I2/ J2/ J1/ E0\ K4+ G7/ B8/ L4\ A7+
LoopTrax_1840177 Arctic Warrior vs. RubyJoy : @0/ A0/ @2\ B0\ A1\ A4/ @4/ D3\ D4\ B5/ A5/ A6/ B7/ C0\ @7/ A8/ B9/ E1/ F2+ D0/
LoopTrax_1840178 RubyJoy vs. Phil The Hat : @0+ A2+ @1+ @1/ B2/ B3/ A3+ @2/ E2\ E4+ E1/ F2\ F5\ G3/ D5+ F1+ F0/ G0\ A6/ @6/ D8\ F2+ C2+ I1/ H0+ I7\ I8+ H9\
LoopTrax_1840179 Phil The Hat vs. RubyJoy : @0/ A0/ B1+ C2/ B0/ B4+ D2/ D3+ E4/ E5/ F3\ C5/ F1/ B0/ G2\
LoopTrax_1840180 RubyJoy vs. drgnrdr : @0+ @1\ @1/ C2/ B3\ D2/ E3+ C4/ F2\ E1+ A4+ @2+ A0\ @3\ D6+ E6\ G1+ C0\ F7+ G8/ H8+ I6\ I4+ D8/ E9+ B7\
LoopTrax_1840181 drgnrdr vs. RubyJoy : @0/ A0/ A3/ B3+ B0\ A0/ @3+ D4\ D0/ E4+ A1\ @3/ C0/
LoopTrax_1840182 * vs. Arctic Warrior : @0/ A0/ B1/ A3/ C2/ A0\ @3+ D1\ E3+ D5\ B6\ C0\ A7/ B1+ A8\
LoopTrax_1840183 Arctic Warrior vs. * : @0+ @1+ A0/ B3\ C3\ D2\ C4/ D1/ C0/ E3/
LoopTrax_1840184 * vs. Phil The Hat : @0/ @1/ A2+ B0+ B0+ @3/ D2/ D3+ B5\ @2\ B1/ F4/ F6+ G6\ H5+ E7\ C7\ B7+ G8/ C8+ B6+
LoopTrax_1840185 Phil The Hat vs. * : @0+ @1+ C1+ D1+ D2+ C2+ @1+ C0/ B3/ D4/
LoopTrax_1840186 * vs. drgnrdr : @0/ A0/ @2/ A0/ @3+ A0/ C2/ B1/ C1/ B0+ @4/ A6\ D6/ E3+ B0/ @6\ @4+ G2+ A7/ G1/ A8\
LoopTrax_1840187 drgnrdr vs. * : @0/ A2\ B2\ B1+ C1/ A0/ D3/ B4+ @3\ C0+ @5/ B6+ A2\ A6+ @4\
LoopTrax_1840188 Arctic Warrior vs. Phil The Hat : @0/ A0+ A0\ @1\ A0\ @4+ A5/ A6/ @3/ @1+ A0\ E7\ C0/ F7/
LoopTrax_1840189 Phil The Hat vs. Arctic Warrior : @0/ B1\ B2\ C2+ D2/ C3/ B4\ C0\ D5\ D0/ E4\
LoopTrax_1840190 Arctic Warrior vs. drgnrdr : @0/ A0/ @2/ B0\ C2/ D3+ D4\ E2\ C5+ E1/ D0+ F2\
LoopTrax_1840191 drgnrdr vs. Arctic Warrior : @0/ B1+ C1/ C0+ B0/ A4+ A1\ A5/ @3\
LoopTrax_1840192 Phil The Hat vs. drgnrdr : @0/ @1/ C1/ B2+ A3\ @1/ A0+ D0\ A1\ @4\ F2\ D1+
LoopTrax_1840193 drgnrdr vs. Phil The Hat : @0/ A0/ @1/ C2\ B3/ @1/ @1/ C0+ C3+ B4+ @3\ @3\ @3\ @3\ @3\ E0+ F6\ H1/ H0/ I0+ F2\ H1+ G9/
LoopTrax_1840817 Judy vs. gladriel : @0+ B1/ C1\ @1\ D2/
LoopTrax_1840869 ScoobyRex02 vs. Megababe : @0/ @1/ A0/ C2/ C3\ D3+ E3/ D2/ B4+ @2/ D1/ G3/ G4\ F2+ H4/
LoopTrax_1842599 dingbat vs. Morticia : @0/ A2\ B1/ B0+ A0/ @2/ C4+ D1\ B0/ D5\ E2\ B0\ A6/ B7/
LoopTrax_1844112 Megababe vs. Sarah : @0/ A0/ B2+ B3\ C3\ C4\ B0\ A0/ D6\ E5\ @4/ B7+ E3+ G3+ G6\ H5/ D1+ F2+ C0+ F2/ B1+ C0/
LoopTrax_1844113 Sarah vs. Megababe : @0+ A0+ B2+ B1+ @2/ B3+ D2/ C3\ D4/ @3\ @2/ A4+ C5/ A1+ @4/ A2+ B5+ E0+ H5+ G1\ H2+ I1\ J4/ I5+ H6/ @4+ @3/ @3/ @3/ L0+ N3\
LoopTrax_1844324 Sherry vs. Megababe : @0/ A2\ B1/ B0/ @2/ C3+ D1/ E1/ C4/ B0+ F2\ E5\ D6\ F4\
LoopTrax_1845334 Sarah vs. Megababe : @0+ B1\ @1\ B0+ B3+ B4+ A3/ @4\ @3/ E1+ F1/ E4+ @3/ C1/ B1/ G0/ H1/ H4+ I2/ J2+ J1/ H5/ I5+ J0/ I0+ K4+ G8/ J0\ K2+ D4+ I9\ I10\ K7+
LoopTrax_1845472 Sarah vs. basplund : @0+ @1+ C1\ C0+ C3\ A1+ D3\ B0/ B0/ D2+ E2/ B0/ C0/ C0/ B2+ F7+ F4+ E9/ @7/ C10+ B10/ G10\ F11\ H9\
LoopTrax_1845749 Chad vs. basplund : @0/ @1/ A0/ A0+ @3/ B0/ A5+ @2/ A4/ D1/ @2+ A1\ A0+ @1\ F1/ D0\ G3+
LoopTrax_1845785 drgnrdr vs. Jane : @0/ B1\ A2/ A0/ @1/ C3+ D1\ A3/ C4\ D2\ D0/ D0/ E3/
LoopTrax_1845787 Jane vs. drgnrdr : @0/ A0/ A0/ @2+ B4/ C1/ C5+ D2+ B6\ B7\ C8/ A5+ E3+ @4+ G3\ F2/ A8+ H2/ @6\
LoopTrax_1846154 sunbird vs. basplund : @0+ A0+ @1\ @1\ A2\ @2\ C3/ C0+ D0+ @5\ B3\ B1/ F4\ G4\ E5+ A4+ @3/ @4\ A5\ I3/ J3/ @3/ L3\ L4\ K0\ C3+ D7/ @6/ A7/ A3\ RESIGN
LoopTrax_1846449 MountainMist vs. Misery Midnight : @0+ B1/ B2\ C1/ C2+ D1\ D0/ E2\ E1+ D3+ D4\ B1\ D0/
LoopTrax_1846593 G_net vs. marygal : @0/ B1\ A2/ @2/ C2\ B3/ A3+ D2\ @3\ B4\ D3\ E3+ E4\ C5/ F3/ E0+ D7/ A6/ C7/ @5\
LoopTrax_1846788 carinda vs. basplund : @0/ @1/ A2\ A0\ @2/ @3\ B4\ D0/ E1/ F1+ F2+ G1/ A6/ @6+ @6\ B4+ A5+ A4\ @4\ A3\ C2\ H4/ H0+ C2\ F0\ E1\ B4\ @6+ H0/ I1/ I0/ J4/ G10\ E11/ E12\ A10/ @9\ D11/
LoopTrax_1846865 drgnrdr vs. Rogue Trooper : @0/ A0+ B2/ A0/ C3/ C0+ D3\ B0/ @5/ A6/ D0\ F4+ F6+ @7+ A8/ A4\ @4/
LoopTrax_1848718 Dave (UK) vs. Marko : @0/ A2\ B2\ B3+ @2+ B4\ C5/ @2\ @2\ F3/ G2\ @2+ D1+ G1+ C0/ E0+ C1+ I4\ F0\ D1+ C0/ B2+ A2\ G4+ F1+ @6+ A7/ @7/ E7+ C8+ A8/ D9/ F10+ I9\ I10\ H11\ K4/ L4/ F0\ A3+ @5+ K11\ J12\ L1+ H0+ N4+
LoopTrax_1849077 Megababe vs. Chef Jeff 1 : @0/ A2/ A0/ B2+ A4/ @2\ D2/ @3+ E4\ D5/ F3/
LoopTrax_1850646 dgb vs. csesugar : @0/ A2+ A3/ A4\ B3\
LoopTrax_1850757 csesugar vs. dgb : @0+ A2+ A3/ A0/ @1+ C1\ C2+ A4\ A3+ B5+ C5\ @1\ @1/ C0+
LoopTrax_1850760 Dawnas AZ vs. dgb : @0/ A0/ B1+ @2\ D1+ B3+ E1+ D3\ D4+ D0/
LoopTrax_1852397 Misery Midnight vs. chromer : @0/ @1\ B0\
LoopTrax_1852994 dgb vs. Sherry : @0+ @1/ C1/ @1/ B0/ A3/ D0/ E1/ A1\ B0\ @3\
LoopTrax_1853285 Megababe vs. NightWishes : @0/ B1\ A2/ @2/ A0+ @1\ A0\ @3/ A4+ E4+ C5/ B0\ @4/ E1/ F1/ G2+
LoopTrax_1853291 Knight Rider vs. Megababe : @0+ B1\ A2+ @1/
LoopTrax_1853297 Badger vs. Megababe : @0/ B1\ A2/ @2/ C2\ A3+ @2/ E2\ F2\ B4\ D4+ B5\ E5\ D6/ F3/ E0+ D0/ A7/ A8/ @5/
LoopTrax_1853327 Megababe vs. Knight Rider : @0/ B1+ A2+ C1\ A3/ @3+ D3\ B4\
LoopTrax_1853671 DINGEROO vs. dgb : @0+ A0+ A0/ A4/ B2+ @4\ A5+ A1\ A0\ C5\ B6+ D3\ A4+ @4\
LoopTrax_1854227 dgb vs. heidibb : @0/ B1+ C1/ A2+ B3/ C3/ D2\ C0+ B0/ @3/ @4\ C6\ G4\ E0\ G3/ H4\ C3+
LoopTrax_1854430 dgb vs. MountainMist : @0/ @1\ B0\
LoopTrax_1854826 dgb vs. Megababe : @0/ A0/ B1+ A3/ B0/ C3+ @3+ B1+ B5+ C0+ D1+ B0/ B0/ D4+ E3/ @4\ A3+ @5/ A6/ B2+ G6\ G2/ E9/
LoopTrax_1854827 dgb vs. MountainMist : @0+ @1/ C1/ C0/ C0/ C0/ A1+ @1/ C0+
LoopTrax_1854853 Chef Jeff 1 vs. Megababe : @0+ A0+ A0+ @2+ A3+ B4+ A1\ C1+ A4/ C4\ C5\ @1\ A3/ @2+ B5/ D6+ A3+ @1/ C0\ A4+ A0\ @2/ A5/ A6+ @5+ H5/
LoopTrax_1855068 Chef Jeff 1 vs. BabyGirl The Rebel Angel : @0+ @1/ C1+ A2\ B2\ C0/ B1+ D2\ B4+ B5\ C5\ @3+ E4+ F1/ E0\ C0+ F5+ F2+ G5+ F1\ @5+ D0/ C3\ B4\ I5\ B3+ B2\ C1+ A3+ @3\ B7/ B8+ C8+ A8\
LoopTrax_1856206 dgb vs. Phil The Hat : @0+ A2+ B2\ B3\ B4\ B5\ C3/ D3/ C6/ C7/ C8/ @8+ B9/ @5+ G6+ @3\ C2+ A7/ @5+
LoopTrax_1856263 Oartkickel of the Wolf Pack vs. dgb : @0+ A2+ B2\ B3\ @1/ @2\ B3+ E2+ D1/ A0\ @2/ E1/ D0/ F3+
LoopTrax_1856718 jaha vs. dgb : @0/ @1/ B2/ B0+ @2\ C0\ D3/ A1\ C0\ @4+ B5/ E6\ F4+ B6/ A6/ D7/
LoopTrax_1856724 Chad vs. Kevin : @0/ A0/ @1/ @1+ A2/ A0\ @3/ @3+ C4+ A0\ @3/
LoopTrax_1856725 Kevin vs. Chad : @0+ A2+ B1+ B0+ @2/ B4+ D2/ @2/ @3\ D5\
LoopTrax_1856726 Chad vs. Sarah : @0+ A0+ B1+ B0+ @2+ D2/ @2/ A1/ E3\ F2/ D0\ C5/ E1+ B4+ C6/ C7/ D5+ F5/ G4\ H5/ A5+ @4/ B8/ A8/ E8\ C9/ F8/
LoopTrax_1856727 Sarah vs. Chad : @0+ A0+ B1+ A0+ @1+ A0+ D3/ B5+ C5\ D5/ D6/ E4\ A3/ F3/ F2/ F6\ E7/ G4\
LoopTrax_1856728 Chad vs. drgnrdr : @0+ B1/ @1/ @1/ C0\ D3/ D0/ E2/
LoopTrax_1856729 drgnrdr vs. Chad : @0/ A0/ A3/ A4/ B2+ @1+ @4\ E4/ D0\ C0\ C0\ E5/ A3/ F7/ C8/ F3/ G7/ F2\
LoopTrax_1856732 Kevin vs. drgnrdr : @0/ @1/ @1/ @1/ C0+ A3/ @3/ A4/ @4/ D5+ @2+ D0/ @1\ A0\ A6/ @4+
LoopTrax_1856733 drgnrdr vs. Kevin : @0/ A0/ @1/ @1+ C0/ D1/ A3/ @3/ @2/ B1+ @1/ @1+ G4/ H5\ I3+ E5+ F6/ F7/ D6+
LoopTrax_1856734 Sarah vs. drgnrdr : @0+ @1\ A0\ @2\ A3\ B3\ C4/ D4/ A5\ D3/ @3+ A1/ @1/ F5\ G5\ A3\ D0+ A6/ B7\ @5\
LoopTrax_1856735 drgnrdr vs. Sarah : @0/ A0/ A3/ B3/ B2+ A4\ C2/ @2\ B5\ A4+ C4+ D3+ @4/ C6\ E5+ B1\ A0/ D1+ E0\ C1+ B0/ A2+ @4/ G4\ C0/ A2+ @5/ A6/ G1/ F0\ H3+ I5\ E12+ H9+ J5+ J6\ J2/ K3\ I1\
LoopTrax_1856834 Phil The Hat vs. What did you say : @0/
LoopTrax_1856835 What did you say vs. Phil The Hat : @0+ A0+
LoopTrax_1856836 Phil The Hat vs. drgnrdr : @0/ A0/ A0/ @2+ C1+ A0\ @2/ @3\ D0+ E2/ F5\ F6+ F2/ G6/ F1\
LoopTrax_1856837 drgnrdr vs. Phil The Hat : @0/ B1\ A2/ B0\ @2+ A4\ D1\ B0/ @1+ C0/ D5+ A6/ @4+
LoopTrax_1856838 What did you say vs. drgnrdr : @0+ @1\
LoopTrax_1856839 drgnrdr vs. What did you say : @0/
LoopTrax_1856840 keops vs. What did you say : @0/ B1\ A2/
LoopTrax_1856841 What did you say vs. keops : @0+ A0+ A3\ A0\
LoopTrax_1857453 * vs. asmdrm : @0/ B1\ B2\ A2/ B3\ C1\ A3+ A4+ @2/ C0/ A1/ B0+ D5\ B7/ E6/ D2/ F3/ F2/ G5/ D7+ C8\ D9/ F7/ B0\ E2+ E1+ B0\ G4+ D1/ H6+ B0/
LoopTrax_1857493 dboy97 vs. Phil The Hat : @0/ B1\ A2/ A0/ B3\ A4+ A5\ B5\ @2/ A5/ B6\ D4+ A3+ @3/
LoopTrax_1858358 Birds of Prey vs. dgb : @0/ @1/ B2/ C1/ D2/ B3+ B4\ E3+ @1/ F1/ G2\ D0/ B4/ A0\ @1\ G1/ C7/ E0/
LoopTrax_1858472 dgb vs. basplund : @0/ @1/ C1/ D1+ D2+ E1/ E0/ D0/ C2+ B1+ C0\ D0\ @3+ A2\ @2\ A1\ A5/ @5+ C6/
LoopTrax_1859089 What did you say vs. dgb : @0/ A0+
LoopTrax_1859282 jaha vs. lapman : @0/ A2\ B2\ B3\ @2+ D2+ C1/ C0/ D1/ E3\ D5/ A6/ @6/ F6/ D0+ B1\ B0/
LoopTrax_1860359 Misfit Lenrad6672 vs. Pamper Me : @0/ A2\ B1/ C1+ A0\ @2/ E2\ E3\ F3\ D4/ C4/ C5/ B5/ B6/ F1/ G2/
LoopTrax_1860360 Misfit Lenrad6672 vs. Pamper Me : @0/ B1\ A2/ A3+ A4\ B4\ B5\ @2/ D4+
LoopTrax_1860361 Misfit Lenrad6672 vs. Pamper Me : @0/ B1\ B2\ B3+ C1/ D2+ C0\
LoopTrax_1860363 Misfit Lenrad6672 vs. Pamper Me : @0/ B1\ B2\ B3+ C1/ A0/ B5/ A5/ A6/ @3+ A0\ @2/ D8\ E7/ C0/ D1/ E1/ D0+ E0/ F3/ C12/ G4+ B12\
LoopTrax_1860609 Chad vs. dgb : @0+ A0+ B2+ A3/ @1+ B0/ D3/ @2/ B4+ B5/ D1+ B6/ E4+ F4\ C5+ G4/ F5/ B7+ B8/ A8/ D6+ H4\ H5\ G6\ G7+ C8+ A9/ I5\ H3\ H6+
LoopTrax_1860758 dgb vs. basplund : @0/ @1/ A2/ B3+ C1/ B4/ B0+ D3+ C5+ C0\ B0/ A2+ E7\ D8/ @6\ B8+ @8+ F3+ A2\ A1\ @6\
LoopTrax_1861143 washie224 vs. gladriel : @0+ @1\
LoopTrax_1861826 Oartkickel of the Wolf Pack vs. dgb : @0+ A0+ @2/ C2\ A3/ B0+ @3\ A2\ @2\ A1\ A0+ @3+ @5/ C6+ D7/ E6+ F7+ A3+ @3\ A2\ B1\ @3+
LoopTrax_1862488 dgb vs. Megababe : @0/ B1\ A2/ B2+ C2\ A3/ @3/ B4/ @1+ D0\ A5/ B0+ C7/
LoopTrax_1862490 Megababe vs. basplund : @0/ A0/ B2+ @1+ B3/ @1/ @2\ A4+ @1/ F4\ D5+ G4/
LoopTrax_1862492 Megababe vs. basplund : @0/ A2+ @1/ A0\ @2/ @3\ E3\ F3\ D4/ F1/ E5+ G2/
LoopTrax_1862535 Megababe vs. NightWishes : @0+ @1\ @1\ A2/ @2/ D0+ E1/ D3\ B4+ B0\ A3\ @3\ G2/ E1/ D0\ G4\ H3/ @3\ C2+ A4+ G2+ G5\ G6\ F7\ H5+
LoopTrax_1862960 dgb vs. Chef Jeff 1 : @0/ A2+ A3/ @3\ C2+ C3+ D2+ D1+ C4+ D4\ C0\ C6\ E5+ E6\ E1/ E0/ A4\ E4+ F3\
LoopTrax_1862964 klaashaas vs. dgb : @0/ @1/ B2/ C1+ @1/ A0+ A3\ @3\ A4\ A0/ D1\ A6+ @4\ @2+ @3\ @3\ @3\ C4+ C5/ D7+ C8\ D0\ B2/ @2\ A1\ A6+ A0/ B8+
LoopTrax_1863969 dgb vs. Shreela : @0/ B1\ A2/ @1/ B0+ @1/ E2/ E1/ F1/ D0\ F4\ G3/ D5+
LoopTrax_1864011 Oartkickel of the Wolf Pack vs. basplund : @0+ A0/ @1/ B0/ C1/ D1+ B0+ B5/ C5+ E3/ A0/ @5\ E2/ E1/ B0/ E0\ F2+ F0\ D2+ G6+ H5+ A2\ B1\ @2/
LoopTrax_1864060 dgb vs. Oartkickel of the Wolf Pack : @0/ B1\ A2/ A3/ A4+ B4+ A5/ @2+ @3\ E4/ C0/ A2+ E0/ F3+ @5/ C6+ B1+ E0/ A3+ A4/ @5\
LoopTrax_1867369 Rogue Trooper vs. keops : @0+ A0+ A3+ A4/ @4/ @4/ D2\ C5\ D5\ E2\ A2+ @4/ A6+ @2+ A1\ D0/ G2+ @3/ D0+
LoopTrax_1867485 dgb vs. Oartkickel of the Wolf Pack : @0+ B1\ A2/ A0/ A4\ @1\ B0/ D2+ B6/ A6/ A7/ C6+ A4+ @3/ A6+
LoopTrax_1867486 CHESSCATJAY vs. dgb : @0/ @1/ B2/ A0+ A0/ C2\ @2+ E4\ D5+ E1/ F4\ D0/
LoopTrax_1867505 Oartkickel of the Wolf Pack vs. dgb : @0+ A0+ @2/ @2+ B3/ @3\ E2/ C1+
LoopTrax_1869079 * vs. Pamper Me : @0/ B1\ B2\ A2+ @2/ C3\ D3\ B4/ @2/ D5+ F5\ E6/ A1\ C0\
LoopTrax_1869081 * vs. Pamper Me : @0/ B1\ A2/ @2/ D1/ B0/ C3\ D4/ D5/ C0/ D2+ E2/ E1/ B5+ E5\ F4+ A1\ F2/ @2\
LoopTrax_1869082 * vs. Pamper Me : @0/ B1\ B2\ A2+ @2/ A3/ @2/ C4+ E4\ D5/ E1/ D0/
LoopTrax_1869084 * vs. CHESSCATJAY : @0/ A0/ B2/ B3/ C3/ C4/ A3+ D3/ D2\ B4/ D1\ @3\ @3\ B4+ G1/ E0/ G5\ H4\ F6\
LoopTrax_1869085 * vs. CHESSCATJAY : @0/ A0/ @1/ A0/ A0/ @1/ A3/ D3/ A4\ C1+ @2+ @2/ @2/ B1+ G5\ H3+ D0+ F7\ G2+ G1/ D0/ C1+ A1/ E8/ E9/ @3+ I2/ I0+ H0+ F0/ @7\ B8+ K3/ K2/ L2/ I1+ M4+ K5+ L0\ E4\ B10/ B4\ A6\
LoopTrax_1869086 * vs. CHESSCATJAY : @0/ @1/ B2+ B3\ C2/ C4/ A4\ B0\ A6/ @4/ E5/ D6+ C7+ D1/ C0\ E4/
LoopTrax_1869088 * vs. CHESSCATJAY : @0/ @1/ A0+ B3\ C1\ D2/ A0/ C0+ B0/ A2+ E2\ D1+ E4\ C6+ F5/ C7/ A8/ @7\ A5+ G7+ D8\
LoopTrax_1869220 Goonerg vs. dboy97 : @0/ @1/ B0/ @2/ @1+ C0/ C0+ D1/ D0/ E4/ A1\ C0\
LoopTrax_1870170 keops vs. dgb : @0/ @1/ @1/ @1/ B2+ A0+ B0+ E2+ E4\ E5\ F5\ @3+ F0+ H5+ E6+ E7/ C7+ F8\ F9+ I5\ D0\ C1\ C0\ B1\ RESIGN
LoopTrax_1870394 dgb vs. Oartkickel of the Wolf Pack : @0/ A0/ B1/ B3+ C1/ D1+ B0+ B0/ D6/ E3/ E4+ D1/ B0/ A2+ B0+ F6/ F7+ C1+ @7\ C8\ A1\ B0/ @4\
LoopTrax_1870597 dgb vs. Oartkickel of the Wolf Pack : @0+ A0/ @2\ A3\ B0\ @4/ C5/ @3\ A2\ A1\ @1\ @1\ C0+
LoopTrax_1870781 dgb vs. Shreela : @0/ B1\ A2/ @1/ B0+ A0/ @3+ A4/ @1\ B0+ A5/ @3\ C6+
LoopTrax_1871406 dgb vs. Kran : @0/ B1\ A2/ @2/ B0+ @2/ C4\ D4\ E2/ E1/ D5\ E5\ F1/ F0/ F6+ G4+ F7/
LoopTrax_1871562 dgb vs. CHESSCATJAY : @0/ A0/ B1/ C2/ D2+ B3/ B4+ C5/ E2/ A4/ E5+ F4+ D6+
LoopTrax_1871868 marygal vs. dgb : @0/ @1/ A2/ C2+ A3/ D1\ C4\ D4\ E4\ F4+ E5/ F1/ E0/ G2\
LoopTrax_1872476 dgb vs. Chad : @0/ @1/ B0/ @1+ C0/ @2/ E2+ C0+ @4\ B5\ D0/ G3\ @5\ B7+ C8/ B9\ @6+ F0/ E2+ G7+ I6+ @6/ @7\ @6/ D5+ F4/ F3+ G1+ @5\ A4+ C8+ F9+ A8/ B9\ @7\
LoopTrax_1873447 REBEL DJ vs. supermac : @0+ @1\ A0+ A0/ C1/ B0\ @2+ D4+ E3\ F3\ F4\ F5\ G5\ E6/ E7+ D7/ C7+ F8/ A4\
LoopTrax_1873529 Dave (UK) vs. jaha : @0/ @1/ A2+ A3/ @3/ D1+ C3+ D0/ C1+ @4/ F1/ E5/ F5+ G1+ @3/ H4\ I2/ F6/
LoopTrax_1874095 supermac vs. dgb : @0/ A0/ B2+ C2\ A3/ D2\ C1+ C4\ C0/ C0/ E5/ A1\ @1\ C0\
LoopTrax_1875444 Rogue Trooper vs. Phil The Hat : @0/ @1/ B0/ @2/ @1+ A0\ D4+ E1\ F1\ C5\ RESIGN
LoopTrax_1876641 Jane vs. drgnrdr : @0/ A0/ @1+ A0\ B4/ A0\ @1\ @1+ A0\ B1+ B0\ C1+ A1\ @1+ C0+ A6/ @5/ C7/
LoopTrax_1876751 dgb vs. Mamaba : @0/ B1/ B0\ B3/ C3+ C4\ C5+ A4/ D4\ B6/ A5+ A6/ @2\ A1\ A5+ A3+ @4\
LoopTrax_1878845 Megababe vs. Pamper Me : @0+ @1/ A0/ B3+ C2/ D2+ B4/ @3/ A2+ @1/ @3/ B4\ C5/ D0/ A1\ B0\
LoopTrax_1878846 Megababe vs. Pamper Me : @0+ B1\ A0/ A3+ @1/ B0/ D4/ B5/ C5+ E3\ A5/ @4/ C6+
LoopTrax_1878847 Megababe vs. Pamper Me : @0+ A2+ B2+ @1/ D2+ E2/ E1/ E0+ F1/ B1\ B0\ F1/ F4\ E5\
LoopTrax_1878848 Megababe vs. Pamper Me : @0+ B1/ A2\ A0+ @2/ A1+ A0\ @3/ E2\ D1/ B0\ @3+ D0+ A1\ F2\
LoopTrax_1878865 Megababe vs. CHESSCATJAY : @0+ A0/ A0/ @1/ B4\ C4\ C0/ D3+ B1+ A3/ E3/ E4+ D1+ F2/ @2+ D0+ B1+ D0\ @4/ A3+ A6/ @4/ D7/
LoopTrax_1878866 Megababe vs. CHESSCATJAY : @0+ A0/ B2+ A3/ B3+ @1/ @3+ D4\ E4\ B0/ A2+ @2/ C5+ C6+ D7+ B6+ G6\ G5+ A6/ A7/ A8+ @6+ G8\ D9/ H7\
LoopTrax_1878867 Megababe vs. CHESSCATJAY : @0+ A0/ B2+ B3\ A3+ @3/ C4\ @4\ D5\ E2+ F3+ A2\ @4\ @4\ H2+ H1/ H0/ G0+ B3+ F8\ C2+ C9+ I7+ @6\ D10/ A3\ B1+ @3/
LoopTrax_1878868 Megababe vs. CHESSCATJAY : @0+ A0/ B2+ A3/ B3+ C2/ @3/ A4/ B0/ A2+ @1/ @3+ F5+ G4\ C6/ G1/ D7+ G0\
LoopTrax_1878869 Megababe vs. CHESSCATJAY : @0+ A2/ @1+ B0/ A1+ @2\ D1/ B0\ @1+ F3/ C0+ A1\ E5+ C0/ B0+ @1+ G3+ @2\ A0/ C0\ @3/ A5+ B6+ D8+ @5/ B6/ A2\ @3\ C1\
LoopTrax_1882934 curleyquenot vs. Brendans Grandmom : @0/ A2\ B1/ B2+ C1\ C2\ A3/ @3/ E2\ C0/ D4+
LoopTrax_1882935 curleyquenot vs. Brendans Grandmom : @0+ B1\ C1/ C0/ D1\ @2/ D3/ C1\ C0+ C0/ D2/ F3/ C6\ E4\ E5\ D1+ C0/ B3+ A4\ @4\ C2+ B3+ H5+ B2+ G7/
LoopTrax_1882936 curleyquenot vs. Brendans Grandmom : @0+ @1/ @1\ A0\ A3\ A0/ B1/ C2/ A0\ @1\ C0/ D1/ C0+ D4+ E3\ A5/ @2/ D0/ B7/ G4/ @5+
LoopTrax_1886540 Lyonsgirl vs. Morticia : @0/ A2\ B1/ B0/ C2+ C3/
LoopTrax_1887225 drgnrdr vs. Goonerg : @0/ B1/ @1\ C0+ @2\ C3/ C4/ C5/ E5+ C6/ F3+ F1+ D0/ G4\ H5/ E1/ G1\ E0/ C2+ A3\ @6+ I4+ I2+ I7+ D9/ G10+ C10+ @4+ C2\ E0+
LoopTrax_1887285 gladriel vs. balmoral : @0+ @1+ A2\ A0\ B1+ B0+ B0\ C3/
LoopTrax_1887304 dgb vs. dboy97 : @0/ A0/ B1/ C1\ @2+ C3+ D3\ C4/ A3+ B5+ @4\ A6+ @4\ @3/ D7\ E7\ F7+ E8/ H3\
LoopTrax_1887716 Misfit Lenrad6672 vs. Pamper Me : @0/ B1\ A2/ B2+ C2\ C3\ D3\ D4\ D1/ B0/
LoopTrax_1889881 supermac vs. Kevin : @0+ B1+ B2/
LoopTrax_1889882 Kevin vs. supermac : @0+ B1\
LoopTrax_1889883 supermac vs. Sarah : @0+ A0+ A0\ @1\ B4/ B0+ A0/ A0/ C1+ C4\ @5/ E2\
LoopTrax_1889884 Sarah vs. supermac : @0+ @1/ A2/ @1+ A0\ @2/ E2\ @2/ B4/ A0\ @3/ E1/ C0\ F3/
LoopTrax_1889885 supermac vs. CHESSCATJAY : @0+ A0/ B2+ A3/ B3+ @2+ D2/ E2/ E0+ E4\ B5/ F4/
LoopTrax_1889886 CHESSCATJAY vs. supermac : @0/ B1\ A2/ @2/ A3/ D1\ @1/ A3/ C4/ A0+ @3/ F1/ E0/ G2\
LoopTrax_1894068 Sarah vs. supermac : @0+ @1\ A0\ @1\ A0\ A0+ D4\ @3+ E1+ C0\ F4\
LoopTrax_1894085 supermac vs. Sarah : @0/ A0/ B2+ B3\ C3\ C4\ @3\ C5/ @4/ A5/ A1\ B0/ @4\
LoopTrax_1894107 Jane vs. supermac : @0/ B1\ A2/ @2/ @1+ C0/ A0/ @2/ D1/ E4+ C5/ A4+ F4\ E6\ A6\ @4/ C0+ E8+
LoopTrax_1894110 supermac vs. Jane : @0/ B1\ A2/ A0/ @3+ A0+ @3/ C0\ D2+ B7\ F0/ B9/ G2/
LoopTrax_1894272 NightWishes vs. supermac : @0/ B1\ A2/ @2/ C2\ C3\ @1+ C0/ B0/ @2/ D5+ E1/ D0\
LoopTrax_1894273 supermac vs. NightWishes : @0/ B1\ A2/ B2+ B3+ C2/ A0/ B5/ @5/ B6\ C7/ @4+ B2+ RESIGN
LoopTrax_1894470 STrek vs. Pamper Me : @0+ B1\ B2\ @1/ D2+ B3+ C4/ D3+ E3\ D0/ E1/ F5/ @3\ B1\ B0\ C0+ A7/ @6/
LoopTrax_1895864 supermac vs. * : @0/ A2\ B1/ @1/ C0+ @1+ C0/ @3\ @3\ A1/ E5\ C5+ E6\ B4/ A4/ @4/ B0/ A3/ @3/ F8+ E0+ D8/ H1/ B8\ I2\
LoopTrax_1895865 * vs. supermac : @0/ B1\ A2/ B2+ @1\ B0/ @3/ C4/ D0\ @4/ C1\ D0/ F3+ A1\ B0+ @2/
LoopTrax_1895866 supermac vs. drgnrdr : @0/ A0/ B2+ B3\ @3\ C4\ D2/ B0/ @1+ C0/ A6/ B7/
LoopTrax_1895867 drgnrdr vs. supermac : @0/ B1\ A2/ @2/ @1/ D2+ D3\ E3\ E4\ E5+ F5\ A5+ A6/ A7+ @7/ A8/ B9+ A6+ @6\ @6+ B9+ B4+ A4\ @4+ C3+ C10+ A7+ G0/ E0+ D1\ C2+ I2/ J4/
LoopTrax_1895868 supermac vs. dgb : @0/ @1/ B0/ @1+ C0/ @3\ B4\ D0+ E5\ C6/ @6+ B7/ B8/ A8/ @5/ C1\ C0\ B4\
LoopTrax_1895869 dgb vs. supermac : @0/ B1\ A2/ @2/ @2+ D2+ B3/ B4+ @3/ A4/ @4/ D5/ A2\ @5/ E0+
LoopTrax_1895870 supermac vs. Oartkickel of the Wolf Pack : @0/ A0/ B2+ A3+ @3\
LoopTrax_1895871 Oartkickel of the Wolf Pack vs. supermac : @0+ B1\ @1\ B2+ A2/ @2/ @2/ A1+ A0\ @3/ @3+ C4+ D5/ G4+ C6/ B6/ A6/ F6+ C7/ H4\
LoopTrax_1895872 * vs. drgnrdr : @0/ A0/ B2/ B3/ C3/ C2+ A3/ D2/ E2/ D3+ F2/ D1+ E4/ E5/ C6+ E6+ G2/ F7/ F8/ H4+
LoopTrax_1895873 drgnrdr vs. * : @0/ A2+ A3/ B2\ B4/ @3/ D4\ A1\ D5/
LoopTrax_1895874 * vs. dgb : @0/ A0/ B2/ B3+ B4\ C2/ C1/ D1/ B0+ @4\ C6\ E0/ F2\ A1\ G7\ C0+
LoopTrax_1895875 dgb vs. * : @0/ A2+ A3/ @1/ B0/ C4/ @1\ A0/
LoopTrax_1895876 * vs. Oartkickel of the Wolf Pack : @0/ A0/ B2/ B1/ C2\ C3\ D1/ B0/ A0\ @3+ D6\ F4+ B5/ F7\ G6/ E2/ F1\ E0/ D0+ G2/ F1+ A1\ A0/
LoopTrax_1895877 Oartkickel of the Wolf Pack vs. * : @0+ @1\ C1\ B0/ C3+ D1/ C0\ @3\ B4+ A0+ @3/ @5/ A6/ E0/ F1/ G2/ E0+ C1/ G2+ H4+ G1/ F0\ D1+ F9\ D9/ D10+ B10/
LoopTrax_1895878 drgnrdr vs. dgb : @0/ A0/ @1/ A0+ B4/ A0/ @1/ C0\ @3\ A5+ @2/ F3+ F4\ F0/ G1/ A1\ E0\
LoopTrax_1895879 dgb vs. drgnrdr : @0/ A0/ B2/ B3/ @2/ @1/ E2/ E1/ C0+ F2/ @1\ A0\ A4/ C5/
LoopTrax_1895880 drgnrdr vs. Oartkickel of the Wolf Pack : @0/ @1/ A2/ C2+ C3\ D3\ B4/ B5+ A5/ @3\ F4/ C6+ F1/ D0/
LoopTrax_1895881 Oartkickel of the Wolf Pack vs. drgnrdr : @0+ @1\ C1\ A2\ A0+ @3/ C4/ A1\ @1\ F3/ E1+ G3/ H4+ E5+ H2+ E0/ A3/ @2\ C5/ C6/ F7/ B4+ A1+ C0+ @2/ K7/ J8\ G9/ C8+ J9+ F10\ K8\
LoopTrax_1895882 dgb vs. Oartkickel of the Wolf Pack : @0/ A0/ B2/ B1/ @1+ C0/ @3\ E2+ C0+ A2+ F2\ E1+ A5/ @3/ E5+ C6\
LoopTrax_1895883 Oartkickel of the Wolf Pack vs. dgb : @0+ A2+ @2/ @2/ D1\ C0/ E3/ E4\ F3/ B1\ A0/ A5+ D6+ @5\
LoopTrax_1895884 Kevin vs. Phil The Hat : @0/ A2/ A0/ A4+ B4+ B5+ @2+ B0/
LoopTrax_1895885 Phil The Hat vs. Kevin : @0/ A0/ A0/ A0/ @2+ B0/ C1/
LoopTrax_1895892 Phil The Hat vs. lonbonn : @0/ A0\ @2\
LoopTrax_1895893 lonbonn vs. Phil The Hat : @0/ A2\ B1+ C1\ B2\ B3\ C2\ D2\ C3\ B0\ D4\ D1/ E2+ C0\
LoopTrax_1895894 Phil The Hat vs. Miranda : @0/ B1\ B2\ C2+ D2+ E2+ B0\ F3/ D1/ D0/ E5/
LoopTrax_1895895 Miranda vs. Phil The Hat : @0/ @1/ B0+ @2/ C0\ @1+ C0\ A1/
LoopTrax_1895896 Phil The Hat vs. bigmurds : @0/ B1\ B2\ C2\ B3/ A2+ C4\ A3/ D3\
LoopTrax_1895897 bigmurds vs. Phil The Hat : @0/ A0+ @1+ B0/ A1+ B0/ C2/ D2/ @3\ E1\
LoopTrax_1895908 csain1 vs. hANDYman the Rebel : @0/ A0/ @2+ C2+ D1\ B0/ C4+ C0/ B1+ E3\ B6/ A6/ C6+ D6\ E7/ E1+ F4/ A8+ C9+ G6+ E9+ F8\ @2+ C0/ B1+ I7\ J8/ H9\ H11+ C11\ B10+ A6\ A9/
LoopTrax_1895909 hANDYman the Rebel vs. csain1 : @0+ A0/ A3\ B1/ B4/ C2+ @2\ C5/ E2/ B0+ D1+ E6+ F4\ D7+
LoopTrax_1895914 aussielady vs. hANDYman the Rebel : @0/ B1/ B0+ @1\ B0/ @3/ A4+ C4+ C5/ @4/ A3+ F2/ A1\ E0\ @2/
LoopTrax_1895915 hANDYman the Rebel vs. aussielady : @0+ A0+ A3/ A0+ B1/ A0+ @3\ A4+ D1/ B0/ A2\ @1/ D4\ E5/ F5/ F6+ E7\ G3+ C7/ D8+ B8/ A8/ D9/
LoopTrax_1895918 Jane vs. hANDYman the Rebel : @0/ B1+ A0\ @2/ B3+ C1+ D1\ C4\ D4\ E1\ @3\ E5\ G2/ E6/ G6/ B4\ F0+ H2/ D7+ C7+ D8\ C1\ B1+ A2\
LoopTrax_1895919 hANDYman the Rebel vs. Jane : @0+ B1/ B2\ C1/ D1/ C0+ D3+ D4/ C5\ A5/ B6\ E3\ @2\ E0\ G3\ A1+ D0/ B1/ B0/ A1/ F2/ F1/ D0\ @5+ A7/ G10\ H9/ A8/ @8/ A9/ C10\ @8+
LoopTrax_1895922 hANDYman the Rebel vs. Lyonsgirl : @0+ A0+ B2\ A3+ @2\ @2+ @2/ B3/ B1\ B0\ B5/ A4/ F3/ F2/ A5+ @3+ @1\ B0/ D7+ D1/ E1/ A1\ B0/ @2+ B1+ J5\ J6\ H7+ I8+ I9\ F10/ E10/ G1/ E0+ E12/ D10\ J11+ @5/ A6/ C7/ C8/ B2+ B1\ @6/ B7/ H13+ M7/ K14+ K15/ M12+ M9+ N7/ N11+
LoopTrax_1895923 Lyonsgirl vs. hANDYman the Rebel : @0+ @1\ @1/ C2/ B0+ D1/ D0/ A4/ B5\ A2\ @4+ D6/ D1\ D0\ E4\ F4\ A3\ @2/ H7+ H8\ H9+ I7/ H10\ I4/ I3+ J5/
LoopTrax_1895924 RubyJoy vs. Marko : @0+ B1+ A0/ A3/ C1\ B0\ @1\ A0\ C1+ A4+ @4/ @4/ A0\ @5/ D7\ A8/ @8/ A7+ H6\ I4\ A9+ @9/ B5+ A8\ @8\ H1\ L2+ K1/ H0\ L1/ M3\ K0/
LoopTrax_1895925 Marko vs. RubyJoy : @0+ B1\ B0/ C2\ B3+ C1/ D3/ A1\ B0+ B0\ A1\ @1\ A0\ @4+ B6+ E1/ F4/ D0/
LoopTrax_1895930 RubyJoy vs. purplehawke : @0+ B1\ @1\ @1\ B0+ B3/ @1/ A0/ F3/ F2/ D1\ F4\ G2/ F0/ D5+ F6\ A5/ @5/ D6+
LoopTrax_1895931 purplehawke vs. RubyJoy : @0+ @1/ A2/ C2\ B3/ A0/ @1/ C0/ D1/ B1+ D3/ E2\ F2\ A3+ D0/ D0+ E2\ A1\ B0+ @4\
LoopTrax_1895932 Marko vs. beckybythesea : @0+ B1/ B2\ C2\ C3+ D3/ B4/ A4/ E3\ E4\ F4\ C4+ E5+
LoopTrax_1895933 beckybythesea vs. Marko : @0/ B1\ A2/ @2+ B0/ @1+ A0\ @1\ A0\ E1/ F1/ E0\
LoopTrax_1895934 Marko vs. Lorraine of the Renegades : @0+ A0/ A3\ B1/ B0/ C1/ @3/ D0/ E2+
LoopTrax_1895935 Lorraine of the Renegades vs. Marko : @0/ B1\ A2/ @2+ B0+ D2\ B0+ @2+ C0+ E3/ C0+ A3/
LoopTrax_1895936 Marko vs. purplehawke : @0+ @1/ A0\ @1\ C3\ B4\ D2+ D1/ A0+ C0+ E2\
LoopTrax_1895937 purplehawke vs. Marko : @0/ B1\ A2/ B0\ C1\ C0+ D1+ C0\ @3/ B1\ B0\ B0+ A2/ E3/ E2/ B8+ A4\ @4\ @4\ B2+ @2/ F7+ D8/ A4+ A5/ C6+ F2/ G1\ G0\ @7/ A8/ B8+ D10/ @8/ A9/ D10+ F10\ E11/ E12/ G0\ F2/ @10/ A11/ J9/ L7\ I11/ H12\ J12+ K10\ L10\ J13\ @8+ C7/ M6+ N6/ A13\ E3\ D5\ C5\ B4+ @7/
LoopTrax_1895940 beckybythesea vs. purplehawke : @0/ A2/ B2\ A3/ B3+ C1\ B4/ A4/ A0/ C3\ B6+ @4+
LoopTrax_1895941 purplehawke vs. beckybythesea : @0/ B1\ B2\ A2/ A3/ B3\ A4/ C2\ D2\ C3\ B4+ B5/ D4/ @4/ B5/ B6/ A6/ @6/ @6+ A7/ A8/ F5+ E7\ H5\ H6\ H7\ F8+ A9/ I6+
LoopTrax_1895942 Lorraine of the Renegades vs. purplehawke : @0/ @1/ A2+ A3/ @3/ @2/ A3/ B4\ C4+ A1\ @2+ D0\
LoopTrax_1895943 purplehawke vs. Lorraine of the Renegades : @0/ B1+ A2/ C1+ B3/ D1+ E1/ E0/ @3\ B1+ G1\ D3+ E3\ D1\ D0\ B0\ A2/ C0/ D1/ E2/ G5+ B0\ A2/ @3\ @2/ I4+ D8+ G2+ E9/
LoopTrax_1895944 Weth vs. Knight Rider : @0/ A2\ B1/ B0/ A0+ @3/ B0/ @4/ A1\ @2\
LoopTrax_1895945 Knight Rider vs. Weth : @0/ @1/ A2/ @2/ A3/ B4+ D3\ @1+ C0/ B6\ @1\ C0+ A1+ B7/ A6+ C8/
LoopTrax_1895948 Weth vs. klaashaas : @0/ @1/ B2/ B0/ A3+ @1/ A3+ B4/ @2/ E1+ D0+ E5\ A1\ C6\
LoopTrax_1895949 klaashaas vs. Weth : @0/ A0/ B1/ @1\ B0/ A1+ A4\ @3+ @4\ B5+ E5/ B6\ F4\ F5+ @5\ B6+ G6/ D7/ E8+ F1/ D0\ C2\ B2\ A5\ G9\ H6\ G10/
LoopTrax_1895952 Knight Rider vs. dingbat : @0/ A0+ @1+ A0\ @1/ C1/ C0/ C0/ D3+ E4/ A4/ E1/ D0/
LoopTrax_1895953 dingbat vs. Knight Rider : @0/ B1/ A2/ @2/ A0+ @1\ A0\ @3/ E1/ F1\
LoopTrax_1895954 Knight Rider vs. klaashaas : @0/ A2/ B2/ @2/ B0/ @2+ C0+ D2\ D1+ @2/ E0\ @3/ G2/ A5/ A6\ @5\
LoopTrax_1895955 klaashaas vs. Knight Rider : @0/ A0/ B1/ C1/ D2/ C0/ C4\ D1/ C0+ E2/ C0\ @3\ A1\ B0/ @4+
LoopTrax_1895956 Knight Rider vs. dolly : @0/ B1\ A2/ @2/ B3+ C2+
LoopTrax_1895957 dolly vs. Knight Rider : @0/ A2\ B2\ B3/ A3/ @2\ C4\ D3/ B5/ A4\ @2\ D1/ @2/ A3/ @3/ @2+ C4+
LoopTrax_1895958 dingbat vs. klaashaas : @0/ @1/ B2+ C2/ B3/ B4/ C3+ B0\ C1+ C0/ @3/ B7\ E2\ A8/ @8/ E8\ C1\ C9\
LoopTrax_1895959 klaashaas vs. dingbat : @0+ A2+ B1/ C1/ @2\ B3/ A4\ C0+ E2/ @2/ A1/ @3\ D0\ @6+ C7\ A2\ @4\
LoopTrax_1895962 klaashaas vs. dolly : @0/ B1\ B2\ C2\ B3/ A3/ D1\ A4+ @4/ A3+ @2/ B1+ @4\ G3/ H4\ F5+ H1/ H0+ I4/
LoopTrax_1895963 dolly vs. klaashaas : @0/ @1/ B0/ A0/ C2/ @2/ @1\ A0\ E2\ F4+ F5\ C6/ B5+ E7+ G4+ B7/ A4/ C8/
LoopTrax_1895966 bigdan409 OTWP vs. Goonerg : @0+ A0/ B1\ B2\ A3\ C1+ A4\ @2/ C3\ D4+ E2/ C5/ F3+ F5+ E6\ B6+ G5\ D7+ G2+ G7\ G1/ F8/
LoopTrax_1895967 Goonerg vs. bigdan409 OTWP : @0/ B1\ A2/ C1\ A0/ @1\ B0/ E1/ B0/ D5/ @4+ C6\ B6+ G4/ A2/ D6\ C7+
LoopTrax_1895972 Rinny vs. Goonerg : @0/ @1/ A0+ A3\ @2+ C3+ A3+ A4/ B5+ A0/ @3/ A2+ @3/ @3/ C6/ E7/ G3+ A1\ @1\ C0/
LoopTrax_1895973 Goonerg vs. Rinny : @0/ A2\ B1/ B2+ A0+ C3/ @1+ A0\ D2/ C1\ B0/ E3/ E2/ @2+ A1\ C0/ B0+ F3+ G3/ E2/ E1/ E0/ G7+ H5\ F8+ E9\ E0/ G0/ H1/ H2+ I7\ J7+ J8\ I1+ G0+ F12\ H9\ K8+ H12\ I12+ H13/
LoopTrax_1895978 Goonerg vs. dolcol (LAW-10) : @0/ B1\ A2/ A0/ C2\ D1+ A0/ @1+ A0+ @2/ F5/ C6/ B0\ F7\ G5/ G7+ H5/ A8+ @5+ J4\ B9/ @5/ A10/ @8+ M6+ A10/ @8/ @8/ B10+ A7\ @8/ B11\ D11+ C12/ E12+ F13+ G10+ E13+ B13+ H11+ I12/ H10+
LoopTrax_1895979 dolcol (LAW-10) vs. Goonerg : @0/ @1/ @1/ D1/ E1\ C2+ @1\ C0+ E4/ C4+ E5\ F3+ @2\ D5/ D6/ G1+ G0+ H3+ B5+
LoopTrax_1895980 Goonerg vs. Mystic River : @0/ A0/ B2+ C2\ A3/ B4/ @3+ B4+ B0/ @4/ A5/ C6\ E1/ E0/ F4/
LoopTrax_1895981 Mystic River vs. Goonerg : @0/ A0/ A0/ A0/ @4/ @3+ C0\ @2\ A1\ @3/ A4/ @4/ F0/ G3/ D2/ B6+
LoopTrax_1895996 Sarah vs. Morticia : @0+ A0\ B1\ A0\ @3/ B4+ @2\ D4+ D0\ C1\ B0/ E6\ E4+ A3+ E7/ D0/ B1+ @3/ A5+ B7+ B8\ @2+ E0/ C1\ D0/ @5\ @4/ B3+ A2/ B6+ C1+ @3+ F0/
LoopTrax_1895997 Morticia vs. Sarah : @0/ A0/ B1/ @2/ C3\ D2/ C0+ C0\ @4+ C6\ A0+ @3/ B7/ C8\ A4/ @4/ @5\ A8+ B9+ @7+
LoopTrax_1895998 Sarah vs. keops : @0+ A0+ B2\ @2/ A3/ @3/ C4\ C5+ D5\ E2\ F3/ @2\ A1\ A5/ A6/ @3/
LoopTrax_1895999 keops vs. Sarah : @0/ A0/ A0/ A0+ @4+ @3/ @1+ C0/ B0/ C1/ @1\ B0/ F4\ F3+ G4\ F1/ G1/ H3\ A6/ @5/ C7/
LoopTrax_1896000 Sarah vs. Chad : @0+ A0+ @1+ B0/ B0/ B0+ C2\ D2\ C3\ B0+ C2+
LoopTrax_1896001 Chad vs. Sarah : @0/ A0/ A3/ @2/ C2\ A3/ D1\ B4/ A0\ @2/ E1/ F2\ C0/
LoopTrax_1896002 Morticia vs. keops : @0/ A0/ B1/ C2+ C3\ C4+ D4\ @4/ B5\ A1\ @2/
LoopTrax_1896003 keops vs. Morticia : @0/ A2\ B2\ B3+ B4/ @1+ @1\ C0/ D1/ E2\
LoopTrax_1896004 Morticia vs. Chad : @0/ A0/ @2/ A0+ @3/ C0\ D2\ @4+ C5+ A1\ @2/ D0\
LoopTrax_1896005 Chad vs. Morticia : @0+ @1\ C1\ C0\ D2\ B3/ D0/ E3+ A1\ C0\
LoopTrax_1896006 keops vs. Chad : @0/ @1/ @1/ @1/ B0/ B0+ B0/ A5+ @5/ A6+ A3+ @3/ B1\ F6+ C0/
LoopTrax_1896007 Chad vs. keops : @0+ A0+ B2\ @2/ A3/ @3/ D4+ C5+ @4\ F4\ F5\ F6+ G4+ A6+ G2/ @5+
LoopTrax_1896605 Rogue Trooper vs. Sarah : @0+ A0+ @2/ @2/ D1\ C0/ A2+ A4\ E2\ D4\ E0/ F3\ B1\ D0/ A2/
LoopTrax_1896621 ScoobyRex02 vs. jaha : @0/ @1/ B0+ B0/ C2+ A4+ C4/ B5\ @2\ A1\ D0\ @4+ A5+ @5/ A3+ B6\ E7\ G3\
LoopTrax_1896659 carinda vs. dgb : @0+ A2+ A3/ A0/ B1\ B4\ B5\ @3\ @2\ D3/
LoopTrax_1897694 Megababe vs. SunnyD : @0+ @1/ A2+ C1\ C3\ D3\ @2/ C4+ B3/ A3/ B4/ C5/ F4/ B5/ A4/ @4/ A5/ C6\ A1\ @2/ C0/
LoopTrax_1897695 Megababe vs. SunnyD : @0+ @1/ @1/ D1\ D2\ E2\ E3\ F3\ C4+ G1+ D0+ F6/ F7/ E0+ D7/ B2\ B1\ A7/ B0\ C9/
LoopTrax_1897696 Megababe vs. bigdan409 OTWP : @0+ A0+ B2+ @2\ D2+ E2/ A3/ @2\ F1/ G1/ G0/ A1\ D0+ @3\
LoopTrax_1897697 bigdan409 OTWP vs. Megababe : @0+ A0+ A3/ A0+ @4\ B0+ B0\ C5+ A1/ C2+ A3+ A4+
LoopTrax_1897698 Megababe vs. supermac : @0+ @1/ C1+ C2+ D1/ A2/ B0/ A4/ @4/ C5\ C0/ B2+ @3\ F0/
LoopTrax_1897699 supermac vs. Megababe : @0/ @1+ A0+ @2/ A1+ A0\ @3/ A4/ @2\ @2+ A1\ C0/ C0+
LoopTrax_1897701 Megababe vs. dolcol (LAW-10) : @0+ B1\ A0/ B0/ C2\ A4+ @2/ @2/ E3\ E5\ F4/ G4/ C5+ C6/ C7+ B7/ G5+ H5+ G6+ G1+
LoopTrax_1897702 dolcol (LAW-10) vs. Megababe : @0/ B1\ A2/ @2/ C0/ D2\ @2/ C4+ D3\ E3\ E4\ E5\ E6+ F4+ B6/ B7+ A4/
LoopTrax_1898031 Judy vs. supermac : @0/ A2\ B2\ B3\ B1/ C1/ @3+ C4\ B0\ A1\ @2\ @2\ A1\ D0+ E7+ F5+ G3/ A5/ @5/ F8/
LoopTrax_1898032 supermac vs. Judy : @0/ A2\ B1/ A3+ A4/ @4/ @4+ B5\ A1\ @1\ C0/
LoopTrax_1898363 STrek vs. CHESSCATJAY : @0+ A0\ @1\ B3\ @2/ A3/ C4\ @2+ D0\ B6\ A5+ @3/ E0/ F3+ B2+ D1+ A3\ @3\ A5+ B7+ A2+ C1+ B8+ @5\ A6+ H6\ F8+ G8+ E9+ I6\ J7+ J6+ I2+ H1+ F0+ G0\ H2+ C2/ B2+ K6+ E0+ K4/ I2+ L5/
LoopTrax_1898374 STrek vs. CHESSCATJAY : @0/ @1/ C1/ A2/ @1+ D0+ D4+ E2/ F2/ G3+ D5\ C5+ A4+ F6+ A0+ H6+ H8+ F1\ G2+ I5\ H1/ F0+ H3+ D8/ F9/ H10/ I8+ E10\ H11/ I10+ B8+ @5+ A7+ C1\ A2+ @5/ E9/ C9+ A8+ K2/ L5+ @8+ A9/ B10\ M10+ J0\ K1+ J13\ F1+ F12/ E12/ D13+ G2+
LoopTrax_1899459 Dawnas AZ vs. drgnrdr : @0/ @1/ A2+ B3/ B0/ C1/ D3+ D0\ C6/ @2+ B0+ C0\
LoopTrax_1899460 drgnrdr vs. Dawnas AZ : @0/ B1\ A2/ B2+ B3\ @2+ C4\ D3/ D1/ C0+ E4/
LoopTrax_1899465 Freight Train vs. drgnrdr : @0/ A0/ @1+ A0\ A0/ @1/ B0/ @2/ D6/ @1\ B0+ A5/ B6+ @3/
LoopTrax_1899466 drgnrdr vs. Freight Train : @0/ B1\ A2/ B2+ B3\ @1/ C4\ D2/ B0/ A3/ D0/ E1+ A1\ D0+ @3\
LoopTrax_1899469 Oartkickel of the Wolf Pack vs. drgnrdr : @0+ @1\ C1\ B2/ A0+ @3/ C4/ @2\ A1\ D5/ @1+ A0\ A5/ @6\ H6\ H7\ E7+ D1/ B0\ A3/ @6/ F9/
LoopTrax_1899470 drgnrdr vs. Oartkickel of the Wolf Pack : @0/ @1/ A2/ C2+ A3/ A4+ @2+ D5\ E3/ E5+ F2\ E1+ B5+ E6/ E7/ A7+ A8/ F6+ E8+ A9+ @9/ A8+ @7/ B6+ @8\ H10+ @9/ B10+ A6\ @7\ C5\
LoopTrax_1899471 dingbat vs. drgnrdr : @0/ A0/ @1/ A0/ A0+ @1+ A0\ @4/ B5\ A2\ @2\ C0\ B2+ E4/ B0/ A2+ @2\ D0\ @4\ B5+ B6\ F2+ C0+ E1+ H5+ B8+ B9/ F10/ A8+
LoopTrax_1899472 drgnrdr vs. dingbat : @0/ A0/ A3/ @2+ B0\ @3/ C5/ D2/ A6/ @4+ E6\ A3\ D7/
LoopTrax_1899473 Megababe vs. Chad : @0+ A0+ B2+ B3+ C2+ B4+ D2+ A3/ C4\ C5\ D5\ A0/ E5+ B2/ D2+ F3+ B7+ @2/ @4+ D1/ H2+ I3\ B5+ G0+ H2/ C1\ E0/ B2/
LoopTrax_1899474 Chad vs. Megababe : @0/ @1/ @1/ B2+ D2+ B0+ @2/ D4/ @2/ C4+ B0+ @4+ F1\ E0/ C1+ A4+ B1+ D7+ A7+ H5\ G1+ H3/ I5\ I2+ I7\ J3+ E8\
LoopTrax_1899475 Megababe vs. dgb : @0+ A2+ B1+ A0\ C2+ C3\ D2+ D1/ A0\ @1\ D2+ C5+ F2/ F1/ C0+ B0/ F2+ G4+ H5/ E0+ F2/ A1\ C0\
LoopTrax_1899476 dgb vs. Megababe : @0/ A0/ A3/ A0/ @2\ @3\ C0\ B2+ A2\ A1\ A0+ @3+ E6\ D7/ E1/ F3+ D0/
LoopTrax_1899477 Megababe vs. Rogue Trooper : @0+ B1\ C1\ C2\ D2\ @1/ B3/ D0+ E5+ F1+ F0/ F0/ G1/ H1+ F0+ @6\ E3\ A7/ B9+ @6/
LoopTrax_1899478 Rogue Trooper vs. Megababe : @0/ B1\ A2/ @2/ A0+ @1\ @1+ C0+ D5\ E5\ A5/ D6+ @5\
LoopTrax_1899479 Megababe vs. FrodoBaggins : @0+ @1\ C1+ D1/ C2/ C0+ A1\ B0\ C5/ @2\ A1\ B0\ E1/ D0+ F4/
LoopTrax_1899480 FrodoBaggins vs. Megababe : @0+ A0+ A0\ B2\ @2+ @2/ A3/ D4/ @2\ A1\ C0/ D0\ E2\ D0\ F3/ A7+ @5+ G2/ C8+ G4+ C0+ H4+
LoopTrax_1899481 Chad vs. dgb : @0/ @1/ B2/ B0\ B0\ C2\ D2\ E2\ F2\ E0+ C6/ A5+ D0/ D0/ B0+ A4+ G9+ D10+ G4+ H8\ C11\ @8\ A6+ A4\ @6+ D0/
LoopTrax_1899482 dgb vs. Chad : @0/ @1/ B0/ @1/ D1+ B3+ A0+ E2/ E3+ D1+ D0/ D0/ F5\ F7+ G4/ G3/ G0+ B1+ H2+
LoopTrax_1899483 Chad vs. Rogue Trooper : @0/ A0+ @1\ B0/ A0+ @4+ @3/ B2+ E2+ F2\ E4+ E5\ G2\ H5+ E6\ F1+ H2+ H7+ E7+ I4\ J2\ I1+ F0/ J6/ I8\ J7+ K5\ L2\ @3+ G0/ @4/ B6+ A3\ @3\ A5+ @4/ @3\ A2\ C2+ B1/ H2\ E2+
LoopTrax_1899484 Rogue Trooper vs. Chad : @0+ A0+ @2+ A3+ B0\ A5/ @4+ B2+ B6/ A1\ B0/ D3\ A3/
LoopTrax_1899485 Chad vs. FrodoBaggins : @0/ B1\ A2/ A0/ A0/ @4\ A3\ @3\ @4\ B2/ D0/ F3\ B1\ A3/ B0/
LoopTrax_1899486 FrodoBaggins vs. Chad : @0+ A0+ A3/ A0/ @4\ A1\ A0\ C3\ A3+ @3/
LoopTrax_1899487 dgb vs. Rogue Trooper : @0+ A2\ A0/ B1/ B0/ C4+ C5\ D1+ C6/ E2/ @4\ @4\ B2+ @2+ C5+ D6/ A5/ @3/
LoopTrax_1899488 Rogue Trooper vs. dgb : @0+ A2+ @2/ @2/ B1+ B0\ @3+ C4+ E3/ F2\ G2\ H2\ @1\ A0\ @3/ B4+ A4+ C5/ RESIGN
LoopTrax_1899489 dgb vs. FrodoBaggins : @0/ A2\ B2\ B3\ @2+ D2+ C1/ C0/ D1/ E2/ B0+ B0\ A3+
LoopTrax_1899490 FrodoBaggins vs. dgb : @0+ A2+ A3/ A0/ @4/ @4+ A5\ D1\ D5\ D6\ B2+ @4\ A5/ E2\
LoopTrax_1899491 Rogue Trooper vs. FrodoBaggins : @0+ @1\ A0\ C1/ A0\ B0+ C2/ B0\ D4\ C1/ D5/
LoopTrax_1899492 FrodoBaggins vs. Rogue Trooper : @0+ A0/ B1\ A3/ B2+ @1/ A0\ @1\ C0/ D1/ E1/ A5/ B6\ @3+
LoopTrax_1899493 Smaughster vs. jaha : @0/ A0/ @2\ B0\ A2+ @2\ B1\ B0\ A1\ D4\ D5\ D1/ E2/ C0/
LoopTrax_1899494 jaha vs. Smaughster : @0/ A2\ B2\ B1+ A0/ C3+ A4+ B0/ C1/ D3\ E3\ F3\ F0+ G2/ B1\ A2+ C0/
LoopTrax_1899495 Smaughster vs. Misfit Lenrad6672 : @0/ B1\ B2\ A2+ C1\ C2\ C3\ D3\ E2\ C4+
LoopTrax_1899496 Misfit Lenrad6672 vs. Smaughster : @0/ B1\ B2\ A2+ @2/ B3\ D1/ E1\ D0\
LoopTrax_1899497 Smaughster vs. firefly : @0/ A2/ B2/ A3+ B1/ B0/ C2/ @4\ D1/ D0/ E1/ E0/ F3\ F6+ F7\ G3+
LoopTrax_1899498 firefly vs. Smaughster : @0/ B1\ A2/ B2+ C2\ A3/ A4+ @3\ E2\ A2+ E1/ D0\
LoopTrax_1899501 jaha vs. Misfit Lenrad6672 : @0/ A2\ B2\ B1+ B3/ C1\ A0/ B0/ C1/ D1/ E2+ @2\ A1\ A0\ @1\ A0\ A6/ @6/ C7\
LoopTrax_1899502 Misfit Lenrad6672 vs. jaha : @0/ A0/ @2/ @1+ C0/ C4\ D4\ C0+ @4/ A5/ A6/ E1\
LoopTrax_1899503 jaha vs. firefly : @0/ A2/ B1\ B2+ @2\ B3+ @2/ A3/ @3/ D4/ A1\ D0/ @3\
LoopTrax_1899504 firefly vs. jaha : @0/ @1/ A0+ A3\ B3+ @1/ A3+ C0/ D2\ C0/ A2+ @2/ E1/ F1+ F4+ C0+ D7+ A6/ A7/ B2+ F7\ A5\
LoopTrax_1899505 jaha vs. Pamper Me : @0/ A2\ B2\ B1+ B3/ C2+ A0/ C4+ A0/ B6+ A6/ @3/ D1/ E3/
LoopTrax_1899506 Pamper Me vs. jaha : @0+ A0/ B2+ A3/ B3+ @3\ A2\ B0/ D4/ @4/ C5/ A1\ @2/
LoopTrax_1899507 Misfit Lenrad6672 vs. firefly : @0/ B1/ B2\ C1/ A0\ @3\ C0/ A2\ D1+ @2/
LoopTrax_1899508 firefly vs. Misfit Lenrad6672 : @0/ B1\ B2\ A2+ A3+ @3/ A2+ D3\ C4/ @3\ E1/ F3\ D0/
LoopTrax_1899509 Misfit Lenrad6672 vs. Pamper Me : @0/ A2\ B1/ B2+ B3\ C1/ C0/ D2/ @3/ A4/ A5/ A1\ A0\ @3/
LoopTrax_1899510 Pamper Me vs. Misfit Lenrad6672 : @0+ B1\ A0/ @2/ A3/ @3/ C4\ A1\ @1/
LoopTrax_1899511 firefly vs. Pamper Me : @0/ B1\ B2\ A2+ A3+ @1/ D1/ B0/ B5\ B6/ A5/
LoopTrax_1899512 Pamper Me vs. firefly : @0+ B1/ B2/ A0+ @2/ A1+ @1+ A0\ E3/ B1/ C0\ C6+ A5+ E6+ F4/ @4\ D7\ C7+ B8\ @2\ B1/ E0\ F2\ A6/ @5\
LoopTrax_1899513 marygal vs. CHESSCATJAY : @0/ @1/ B0/ @1/ D2+ B3/ A3/ C4\ B5+ B6/ A0+ @4+ A5/ @1+ A4/ @2+ F0/ G1/ H3\ I3\ C1\ F0+ A6+ I1/ G0\ J2\
LoopTrax_1899514 CHESSCATJAY vs. marygal : @0/ B1\ A2/ @2/ A0/ C3+ A4/ @4/ A5/ E3/ E4+ F2/ F1/ @5/ D6+ D7/ E7+ G7+ D8/ H5/ G4+ H3\ I4/ E9\ F9\ H8\ J8+ A9+ E10+ @8+
LoopTrax_1899515 marygal vs. purplehawke : @0/ A0/ @2/ B3\ C2/ D2/ C3+ C1/ B4\ C0\ @5/ B6\ A2\ @4/ B1/
LoopTrax_1899516 purplehawke vs. marygal : @0/ B1\ B2\ C2\ A2/ A3+ C3\ A4/ A5+ @5+ A6/ A4\ @4\ A3\ @5/ A2+ F6\ G5/ D7+
LoopTrax_1899517 marygal vs. Mystic River : @0/ A2\ B1/ @2\ D1\ D2\ E2\ D0\ D4+
LoopTrax_1899518 Mystic River vs. marygal : @0+ B1/ B2\ C2\ A0/ A3/ B4\ C2/ D2/ @1\ B0/ E2/ A1\ A0\ C2/ E5+ E6\ F4+
LoopTrax_1899519 CHESSCATJAY vs. purplehawke : @0/ @1/ B2/ @1/ A2/ B0/ @1/ A2+ @2\ D0/ C0+ C0\ @3+ F4+ G4\ G3+ G2/ H5/ E1/
LoopTrax_1899520 purplehawke vs. CHESSCATJAY : @0/ @1/ @1\ A0/
LoopTrax_1899523 purplehawke vs. Mystic River : @0+ @1\ A0\ C1/ C0/ B1+ C3\ D3\ E3\ D1\ C0+ F3/ F2/ F1/ D0\ G5\ G6\ H2/ H1/ H0/ H0+ I1/ G0\ @6\ A5\ A4\ A8/ @5\ C9/
LoopTrax_1899524 Mystic River vs. purplehawke : @0+ @1/ A0\ @1\ A0\ B0\ @2/ A3/ B4+ A1\ @1\ A2+ E5\ B4+ B5/ D6\ @1/ B4/ A4/ D7+ B5+ @5\ B2+ B6/ G6\ H5+
LoopTrax_1899525 Phil The Hat vs. Thud : @0/ A2\ B1/ B0/ B3\ C3+ @1+ A0\ A0+ @2+ C6/ B6/ A6/ @5+ F1/ E0+ G3\ F5/ G1/ H2+ E0/
LoopTrax_1899526 Thud vs. Phil The Hat : @0+ @1\ B0+ C2/
LoopTrax_1899527 Phil The Hat vs. Uncle Chuckie : @0/ B1/ C1\ B2/ B3+ B4\ C4\ C5\ D2+ A5/ C6\ B0/ E3\ E1/ A3/
LoopTrax_1899528 Uncle Chuckie vs. Phil The Hat : @0/ @1/ B2/ B3/ C2+ B4/ A4/ D1\ B5+ D0/ E3/ A1\ D6\ C0\
LoopTrax_1899529 Phil The Hat vs. Goonerg : @0/ @1/ @1+ A0\ B0+ D2\ E2\ F2\ C0\ B5/ F6+ G4/ G0+ H1/ H0/ I4+ C1\ J2+ G0\
LoopTrax_1899530 Goonerg vs. Phil The Hat : @0/ A0/ @2/ C1/ B3+ @1+ D0+ D0\ A0+ @3/ @3/ @1+ C0/ H7\ G8/ I7+ I8\ G9/ F1/ E9/ D0/
LoopTrax_1899533 Thud vs. Goonerg : @0+ A2/ @1+ B0/ C1/ A1\ A0\ @2+ E2\ @3\ @3\ B1+ A0/ @4\ D5+ D0/ E1/ F3+ G1\ A1\ RESIGN
LoopTrax_1899534 Goonerg vs. Thud : @0/ A2\ B2\ B3+ @2\ A0\ @2/ A5/ @2/ F3\ D6\ E6\ E7\ F6\ G6\ G7\ E1+ C0\ C0+ B1\ F1/ RESIGN
LoopTrax_1899535 Uncle Chuckie vs. Goonerg : @0/ @1/ B0+ B3\ C2/ @2/ B0/ C5+ D5\ E3/ E1\ E6/ F2\ A6/ D0/ C8/
LoopTrax_1899536 Goonerg vs. Uncle Chuckie : @0/ B1/ B0/ C1/ A0+ @3/ E2/ A0/ @1+ B0/ D2+ F1\ @2/ C6/ G7+ H5/ A7/ G8\ C8/
LoopTrax_1900473 Megababe vs. drgnrdr : @0+ @1\ @1\ C0+ D1/ A3/ @1/ @2\ C0+ A0+ @3/ B0/ D7/ @3+ D6+
LoopTrax_1900474 drgnrdr vs. Megababe : @0/ A2\ B1/ B2+ B3\ C3\ D1\ D2+ B0\ E3/ B5\ A4+ F3/ D5/ E4+ @3+ B6\ @4\ G1+ D0\ I4/
LoopTrax_1900690 Jane vs. drgnrdr : @0/ A0/ B1\ A3\ B3\ A4\ C2/ @1\ A0\ A5/ D1/ @3/
LoopTrax_1900692 drgnrdr vs. Jane : @0/ B1\ A2/ @2+ @1/ C0/ D0\ E3+ E4\ C5/ C6/ A6\ @4\ B0+ @5\ G1/ H2/
LoopTrax_1900953 NightWishes vs. drgnrdr : @0/ A0/ @2\ B0\ A1\ B0\ C3/ D2\ A1+ @1\ F3\ F1/ E0/
LoopTrax_1900954 drgnrdr vs. NightWishes : @0/ B1\ A2/ B2+ @2\ C3/ @2/ B3\ B1\ B0\ B0\ C2/ D1\ C0/ E3+ @5/ E0\ A7\ E8\ F6\ G7/ B2+ E0\ @5+ H6/ I7\ C1\ C0\ @6\
LoopTrax_1901044 Judy vs. drgnrdr : @0+ @1\ A2/ @2/ C0/ C0/ D1/ A1\ @2\ C0\
LoopTrax_1901045 drgnrdr vs. Judy : @0/ B1\ A2/ C1+ B2\ B3\ C4/ B0+ D2/ B0\ C1+ A2+ @2\ E4\ F3/ @2+ A5+ @3\ A1/ C0/ G6+ E8/ F8+ @5+ A7+ E8+ A2\ @4/ C1\
LoopTrax_1901080 Misfit Lenrad6672 vs. Luke : @0/ @1/ B0/ B3\ C3\ C2+ D3\ B4/ A0\ @2/ C0/ D1/ E1/ F4\ B0\ A2/ @4/ @4/ F8/ B2+ G0/ H1/ D0\ C1\ @5\ A4\ @4\ A3\ I11\ J11\ @3\ E3/ B2+
LoopTrax_1901414 Sarah vs. drgnrdr : @0+ @1\ A0\ A3\ C3/ A4\ @3/ B5\ A4+ D6+ E4/ B6+ F5\ @4\ A5+ A0\ @2/ E1/ F1/ C0/
LoopTrax_1901415 drgnrdr vs. Sarah : @0/ A0/ A3/ B3/ B4/ B2/ B1+ C2\ C3+ B5\ D3\ E3\ D2+ D1/ F4/ G3/ C0+ E1+ H4/ G5+ @2/ B1+ F6+ H7/ I3+ J3/ J4+ K4\ F7\ F8\ E7+ D8+ G9/ D10\ C9+ G10/ B6+ I9+ J9/ C11\ B10+ K9/ L9/ L4+ M5/ L2/ M2/ N4\ N9\ O9\ M10/
LoopTrax_1902450 Megababe vs. DINGEROO : @0+ A0+ B2+ @1/ D2+ E2/ E1/ D0/ F2/ E1+
LoopTrax_1902558 * vs. Marko : @0/ B1\ B2\ C2+ B3/ A3/ A4/ @2\ C5\ D4/ E3/ C0/ @2/ B6+ @3\ B1\ C0+ C8/ @7+ B2\ A2\ @5+ D0/
LoopTrax_1903062 Phil The Hat vs. Goonerg : @0/ B1/ B2\ C2\ D2\ D1+ E1+ C0/ A4/ @3\ A4+ C5+ G2\ C6/ C7/ D6+ @3+ B6+ @5/ A6/ E8/ E9/ G9+ H7/
LoopTrax_1903063 Goonerg vs. Phil The Hat : @0/ @1/ A2+ A3/ @1+ A0+ @2/ D0/ E1/ F1/ E4\ F5/ F6/ G1/ D0+ C8+ H2/ H0+ D10+ A6/ @5\ A4\ C9+ J2\ D10/
LoopTrax_1903800 dgb vs. Misfit Lenrad6672 : @0/ B1\ A2/ B2+ C2\ A3/ B4+ D2/ D1/ D0/ D5\ D6\ E3\
LoopTrax_1904015 Geri39 vs. Misfit Lenrad6672 : @0/ A2\ B1/ B2+ A3/ @3/ B0\ A1\ A3+ @3+ A2\ C5\ D4+ D5+ E4/ B6/ A5+ @2\ A4+ B1+
LoopTrax_1905050 Chad vs. firefly : @0/ B1/ A2\ B2+ B0\ C1\ B0\ C5/ B6\ A5+ D6\ C7/ D1/ E4+ C0/
LoopTrax_1905305 purplehawke vs. Pamper Me : @0+ B1\ B2\ @1/ B3/ D2\ E2\ B4+ A4/ @1/ D0\ E6+ C0/ A2\ @3/ B7\ E8\ H7\ H8\ F9/ F10/ D8+ I8\ I4/ J4/ @4+ A3\ A2\ A1/ D10/ C10+ E11/
LoopTrax_1906615 barbara vs. HeatherN : @0/ B1\ B2/
LoopTrax_1906680 gladriel vs. BrnIdGirl : @0+ B1\ A2+ @2\
LoopTrax_1908158 Misfit Lenrad6672 vs. dgb : @0/ @1/ B0/ @1+ A0\ A0+ @1\ E4\ E5\ E1/ D0\ F3\
LoopTrax_1909267 Goonerg vs. dgb : @0/ @1+ B2/ C1/ C0/ D1/ A0+ @1\ A0+ @3/ B5+ G5+ D6+ E1+ C0+ G2/ E8/ F1/
LoopTrax_1910578 STrek vs. Pamper Me : @0+ B1\ A0/ A3+ @1/ @2+ @2/ A3/ @3/ D4+ @2\ A1\ B1+ B0/ @1/ B0\ B6+ C7+ D1/ C0\ A8+ @7+ E9/ @6/ B3+ B2/ H8+ G2/ I2/ J3/
LoopTrax_1910607 STrek vs. Pamper Me : @0+ B1\ B0/ C1/ A3/ C3/ D2\ B4+ D5+ E2\ E1+ F4+ D6/ F6/ A5/ @3/ A1+ D0+ @5\ F8+ C8+ B6+ H3+ I5\ I8\ J8/
LoopTrax_1910610 STrek vs. Pamper Me : @0+ B1\ C1\ C0/ D1+ A3+ @2+ D4\ E2\ C0\ B1\ A1+ C0+ B6+ E1/ E0\
LoopTrax_1910611 STrek vs. Pamper Me : @0/ A2\ B2+ B1+ C1/ D1+ C0\ D3/ C4\ E3\ D1/ C0\ A2\ @1/ B5+ E1/ D0+ C1+ B0/ @1\ B0+ B6/ A6/ @6/ B9+ @4+ A7/ @7\
LoopTrax_1910612 STrek vs. Pamper Me : @0/ B1\ A2/ @2/ @1+ D2+ B0+
LoopTrax_1910614 STrek vs. Pamper Me : @0/ B1\ A2+ B2+ A3+ A4\ B4\ C4+ A5+ A6+ @5+ C6+ D6+ C7/ E4/ A1/ @5\ B6/ F1/ G1\
LoopTrax_1910789 Oartkickel of the Wolf Pack vs. dgb : @0+ @1\ C1\ C2\ B3\ A2+ A4\ @3\ C4\ @1\ B0/ A5/ C6+ @4\
LoopTrax_1911011 Thud vs. dgb : @0/ @1/ C1/ @1/ B0\ @2/ @2/ C1+ D3+ A0\ @2+ C0/ E2+ A1\ B0+ @4\
LoopTrax_1911802 Oartkickel of the Wolf Pack vs. dgb : @0+ A2+ @2/ @2/ @2/ D0/ D0/ C1/ C2+ E1/ B2+ F1+ E4+ A5/ D0+ A2+ @5+ @5\ B1+ C0\ @2\ A1\ D0\ F0+ G1+ G0/ E1+ H2+ I1\ @6+ D1\ D0\ B10+ C11+ K6+ H12+ I12\ K11+ L9+ H13\ G13+ G14/ I14+ H15\ F15+ J14\ L12\ I15+
LoopTrax_1911806 dgb vs. Oartkickel of the Wolf Pack : @0/ A0/ B1+ @2\ B3+ D2/ @2\ B1\ C0/ C0/ E2+ A3\ B1+ E0\ F2\ F5+ C1+
LoopTrax_1911826 Marko vs. balmoral : @0+ B1+ B2/ B0/ @3\ B4\ D4\ C5/ A6/ @4+ E2/ F2/ C7\ D6+ E6\ E7\ F7\ G2\
LoopTrax_1912999 prizzy vs. dgb : @0/ @1/ C1/ D1/ E1/ C2+ C3+ D0+
LoopTrax_1913028 STrek vs. Lilac Oyster : @0+ B1/ B2/ @1\ A0\ A0+ @3+ D5\ E3+ A1+ E1/ D0/
LoopTrax_1913029 STrek vs. Lilac Oyster : @0+ @1/ A0/ C1/ A0/ B4\ @1\ B0/ @3+ B5+ E5\ F4\ D6+ F5\ @4\
LoopTrax_1913030 STrek vs. Lilac Oyster : @0/ B1\ B2\ A0/ A3/ B4\ C1+ A5+ B0+ B7/ B8/ @8+ B1+ A2+ B0/ A7\ @8/ G5\ B5+ A5/
LoopTrax_1914471 What The vs. STrek : @0+ B1\ A2/ A3+ C1\ A4+ A0/ @2+ E1/ E0/ E4\ F2+ A5+ D1\ @4+ E0/
LoopTrax_1914757 dgb vs. drgnrdr : @0/ A0/ B2/ A3\ @2+ C3\ D2\
LoopTrax_1915232 Tigger vs. Misfit Lenrad6672 : @0+ @1/ A0/ C2\ A3/ @3/ A4/ @4/ D5+ @1\ A0\ E1/ F1/ G1/ D1\ D0\ E8\ G7\ H3+ @6/ A7/ A8/ C9+ E0/ @8+
LoopTrax_1915963 Tigger vs. Megababe : @0+ A0+ A0/ @2/ C3\ @2/ C0+ B1+ C0+ A2\ @4/ D0\ C1\ B1+ B0\ E3/ @6/ E8/ D9\ B1\ D10\ C0+ E2+ G10+ A3\ @5+ A11/ @7/
LoopTrax_1916583 andy99 vs. Megababe : @0/ B1+ A0\ @1\ D2/ B3/ D1/ C0\
LoopTrax_1920097 purplehawke vs. What The : @0+ @1/ A2/ C1\ @2\ B3+ C4/ A3+ E1\ C0\ D1+ @3+ B2+ C6/ B6/ A5/ @4/
LoopTrax_1920098 What The vs. purplehawke : @0+ @1\ A2\ A0/ A0/ C3\ B1\ @3/ A2+ E4/ @3+ A4/ B0\ B6+
LoopTrax_1922433 frolind vs. gladriel :
LoopTrax_1922638 Pamper Me vs. toadisgimpy : @0+ B1+ A2\ A0\ B1+ @2+ B0+ D3+ E3/ E2/ D0+ F3+ F1\ G3+ D0/ E6\ C7/ H4+ F7/ I4+ D8+
LoopTrax_1922713 Linda Sue vs. Pamper Me : @0+ @1/ C1/ B2+ C0+ D2+ C3\ B0\ A1\ @3/ E4+ F4\ F5\ A0\ @2/ E2+ F2/ D1\ B0/ E1/ D0/ E1/ D0\ B2+ A6/ F2+ G4\ H7+
LoopTrax_1922714 Linda Sue vs. Pamper Me : @0+ B1\ B2\ @1/ B3/ D2\ C4\ C5+ D5\ E3/ A3/ @3/ C6\ G5\ G6\ E7/ D7/ D8/ C9/ A9\ @6\ D10/ F9/ @7+ @8\ C10+ E11\ K5+ C4\ K8/ A5+ @5/ B11/ A10/
LoopTrax_1924564 jaha vs. Uncle Chuckie : @0/ B1\ A2/ @2/ B0+ B0/ B0/ A2+ B0/ @2/ D2+ C0/ E5\
LoopTrax_1924618 * vs. dgb : @0/ @1/ C1/ @1/ A0\ @1\ E0+ @2/ A3/ @3/ B4+
LoopTrax_1924634 CHESSCATJAY vs. Misfit Lenrad6672 : @0/ A2\ B2\ B1+ C1/ D2\ D3\ E1/ D0\ B0\ A1\ @1\ B5/ A5/ D6+
LoopTrax_1925266 supermac vs. Chad : @0/ @1/ B2+ B0\ C2+ A1+ B4/ A5\ C4+ A6\ D4\ C7+ @1\ @1\ C0/ C0+ @2/ F2+ F1/ A0+ @3/ G1+ F0/ H2\
LoopTrax_1925267 Chad vs. supermac : @0/ B1\ A2/ @2/ @2+ D2+ B3/ @3\ @2/ E0+ G2/ F1+ H2/ D5/ A6+ @4\ G6+ H3\ D7\
LoopTrax_1925268 supermac vs. Goonerg : @0/ @1/ B2+ A0+ C2/ D2+ B4/ C4+ @4/ C5/ F2\ E5+ A2+ D6+ G5+ B0/ @3\ B1+ F1+ F0/ G1/ H3/
LoopTrax_1925269 Goonerg vs. supermac : @0/ B1\ A2/ @2/ B0/ B4+ C3\ A5\ C4\ @1+ C0/ A6/ B7/
LoopTrax_1925270 supermac vs. drgnrdr : @0/ @1/ A0+ A3/ A5+ B7\ E6+ E8+ E9/ F6+ F8\ G9/ H7+ F4+ G10/ H9+ G4/ H2+ H4+ I4\ I2\
LoopTrax_1925271 drgnrdr vs. supermac : @0/ B1\ A2/ @2/ @1+ C0/ @3\ @3\ B1+ D0+ A5\ @3/ C5\ A1\ B0/
LoopTrax_1925272 Chad vs. Goonerg : @0/ B1/ A2\ B0+ A0/ @3+ @2/ A0+ @3/ @3/ @2+ F0/ G1/ H4/ D6\ E7/ A7+ @5\
LoopTrax_1925273 Goonerg vs. Chad : @0/ @1/ @1/ A0/ B1+ B3\ @3\ A4+ C5\ D5\ A0\ @2/ F3/ E1+ F4\ G4\ G2+ G6\ H5/ E7+ D0/
LoopTrax_1925274 Chad vs. drgnrdr : @0+ @1\ C1\ @1\ C2/ C0/ D4\ E4/
LoopTrax_1925275 drgnrdr vs. Chad : @0/ A0/ A3/ A4/ @3+ C4+ D4+ C5/ D1\ C0\ E1+ C0\ E4/ @3+ G4\ G5\ H5\ H6\ G2+ D0\ I5\ A0+ @1\ G1+ H1+ E0\
LoopTrax_1925276 Goonerg vs. drgnrdr : @0/ A0/ A0/ @2+ C1+ A0\ @2/ @3\ B4+ E1/ C0+ A2\ @1/ @2\ B5/ B6/ D0+ D7\ B8/ H6+ H7\ I7\ I8\ C9+ E9+ @6+ D10/ A2+ A9+ @7\ D0+ A4\ @7/ A6+ K4/ L5/ M8+ E0\ L5/ B4\
LoopTrax_1925277 drgnrdr vs. Goonerg : @0/ B1/ @1\ C0+ @2\ C3/ C4/ C5/ @5+ D6/ E0/ F5+ E8+ @6/ A8+ E9\ F10/ G9+ C9+ @6/ I6/
LoopTrax_1926250 Marko vs. DINGEROO : @0+ A0+ B1/ A0+ @3\ B0/ A2\ @3+ A2+ @3/
LoopTrax_1926292 Uncle Chuckie vs. drgnrdr : @0/ @1/ B0/ A0+ @3/ B0/ D3/ C5+ @2\ A1\ C0/ B7\ @4+ B6+ G4/ D7+ D8\ C8+ A7+ E8\ C9/ F9+ H2+ E0\ @4+ I9+ A8/ J4\
LoopTrax_1926360 marygal vs. Megababe : @0/ B1+ A0\ @1\ A0\ @2+ B3+
LoopTrax_1926408 Oartkickel of the Wolf Pack vs. dgb : @0/ @1+ B2/ @2\ A0/ A4/ @2/ D0/ E1\
LoopTrax_1926414 dgb vs. Oartkickel of the Wolf Pack : @0+ A0+ B2\ C2\ @2\ A0/ D2+ C4+ C5/ A4+ @3\ @4\ B0\ A2\
LoopTrax_1927269 Misfit Lenrad6672 vs. STrek : @0/ A2\ B1/ B0/ B3\ C2+ C0/ D3/ A5/ @5/ C6\ D6+ B7/ B1\ A1\ D0\
LoopTrax_1927679 sweetcaroline vs. dgb : @0/ A0/ @2\ B0\ B0/ A3\
LoopTrax_1928213 dgb vs. Goonerg : @0/ B1\ A2/ C1\ B0+ B3+ @3\ C4+ C5/ A4+ A6+ @3+ A2\ A1\ C7/ D6+ @1\ D0+ B7+ A5+ @4+ B7/ B8/ A7+
LoopTrax_1928262 balmoral vs. * : @0+ @1\ B2/ A0\ @1+ C0/ D2\ E3/ D4+ E1/ F2\ G4\ F5/ @2/ H5\ G6/ C5\ F0+ G2+ H2/ E8+ I3\
LoopTrax_1929225 Megababe vs. CHESSCATJAY : @0+ A0/ B2+ B3\ C3\ D2\ A0/ C2+ C0\ D2+ B6+ A5/ @5/ A6/ C7\ A3+ E6+ @5+ C1/ C8+ A1\ B0\
LoopTrax_1929780 Uncle Chuckie vs. Misfit Lenrad6672 : @0/ B1\ A2/ B2+ C2\ C3\ D3\ B4/ D1/ E2\ B0/
LoopTrax_1931280 Mike UK vs. basplund : @0/ @1/ C1/ D1/ B2+ A0+ B0+ E2\ A1+ @2/ G2\ H2\ G0+ F0/ F7+ I3+ H1+ I7+ J6+ H8+
LoopTrax_1931395 Misfit Lenrad6672 vs. Rude Misfit : @0/ A2\ B1/ @1/ D1\ D2\ E2\ C3/ A0\ @2\
LoopTrax_1931524 dgb vs. basplund : @0/ @1/ A2/ C2/ D2+ D1+ A0+ @3/ C0\ B0/ A2+ @3+ E3+ E6+ E0/ F1/ B1\ C0/
LoopTrax_1934973 * vs. STrek : @0/ @1/ C1/ C0/ C0/ C0+ D3+ C5\ E3/ B6/ @4/ @1\ A0\ E1+ G2\ C7+ C8/ A8+ @4+ E8+ A8\ @5\ E9/ H8+ I8/ J4+ H9\ J7+ G10/
LoopTrax_1936338 Phil The Hat vs. Goonerg : @0/ @1/ C1+ C2+ D1/ D0+ C0/ B2+ B5\ @3/ A6+ @6/ A7/ @6+
LoopTrax_1936339 Goonerg vs. Phil The Hat : @0/ A0/ @2/ @1+ C0/ @3\ C4/ D0+ E3+ A1\ @2/
LoopTrax_1937607 Megababe vs. STrek : @0+ @1/ @1/ C2+ D1/ @1\ C0/ B4+ D0/ C1+ D5+ D0+ C7+ B7/ A7/ @4\ B8+ B2\ A8\
LoopTrax_1938070 Morticia vs. Jane : @0/ B1\ B2\ B4/ B5+ A5/ @3\ A1/ B6/ @6+ A2+ B0/ F7\ @5+
LoopTrax_1940735 Tigger vs. jaha : @0/ @1/ A0/ @1/ C1+ B3\ B0/ B0/ D3\ D2+ B0/ B0/ @2+ @3\ G4+ C0+ F8\ G8\ H8\ A1\ I6/ A0/
LoopTrax_1940881 dgb vs. Phil The Hat : @0+ @1+ C1+ @1+ E1/ C0+ @2/ D3/ D4/ D5/ B3+ B6+ A5/ @3\ G3\ H2/ G6+ A5/ E7/
LoopTrax_1940882 Phil The Hat vs. dgb : @0/ @1/ C1/ @1/ D0/ D3+ E1/ F1+ F0/ F0+ G3\ G6+ H6\ H7\ I5/ E7/ H2/ D6/
LoopTrax_1940883 dgb vs. CHESSCATJAY : @0/ A0/ B1+ C1/ @1+ C3/ D2+ A0\ A0/ @2\ B0/ @1/ D6/ D7/ F8+ G8\ A4/ A5/ A8+ @6\ E9/
LoopTrax_1940884 CHESSCATJAY vs. dgb : @0/ @1/ A0/ @2/ A0/ @3+ @1/ A0+ D1\ C5/ C0\ E7+ F5/ G5+ G4/ C8/ B8/ A7/ G8/ @3+ B4+ A5+
LoopTrax_1940885 dgb vs. jaha : @0+ A0\ B1\ B3/ A0/ C3\ B5/ C4+ D3\ C2+ B6/ D5+ @1\ B0/ A5+ C2+ A4+
LoopTrax_1940886 jaha vs. dgb : @0/ @1/ A0/ A3\ @2\ @2\ B3+ B1+ E2/ @3+ B0/ A2+ E1\ D0+ B1+ @3\ B0/ @1+ C0/ A6/ @4+ C7/
LoopTrax_1940887 Phil The Hat vs. CHESSCATJAY : @0/ A0/ A0+ B1/ A0+ @3+ D2/ E2/ C3+ D4+ D5+ D0+ F5+ F6\ F1/ E0/
LoopTrax_1940888 CHESSCATJAY vs. Phil The Hat : @0/ A0/ A0/ A0+ A5/ A0+ A0\ B1/ B0/ B6+ @5+ @6\ C1\ C0+ @9+ A10/ D10+ A11/ @11/ @11+ C12+ G11+ E13+ H10\ H13\ E14\ I11/ J12+ I7/ J9+ K10/ G15\ H15\ H16\ I14+ J15+ K15\ F17+ E17/ D16+ C15/ @9\ A8\ A7+ B7+ B6+ D5\ F4+ @7/ D4\ F3+ A11+ C12+
LoopTrax_1940889 Phil The Hat vs. jaha : @0/ @1/ C1/ D1/ C0+ D3+ C4+ @3+ F3\ F4\ B0\ A1+ C0/ D1/ A7+ G6+ E7+ B8/ @5+ H3/ A4/ I4/
LoopTrax_1940890 jaha vs. Phil The Hat : @0/ @1+ B2/
LoopTrax_1940891 CHESSCATJAY vs. jaha : @0/ A0/ A0/ A0/ A5/ B3+ @2+ D5\ D6\ D1/ C0\ E4+
LoopTrax_1940892 jaha vs. CHESSCATJAY : @0/ @1/ A0/ @1/ C3/ C4/ D2+ E4+ D5\ F4/ F5/ B4/ D1/ E6\ B0/ A5+ A0\ @3+ E1/ F3/ C0/
LoopTrax_1940893 dingbat vs. Goonerg : @0/ A0/ B2+ @1+ B0/ D3/ B0/ B0/ E1+ B0/ C0/ B1+ @6\ @3+ @5\ D0/
LoopTrax_1940894 Goonerg vs. dingbat : @0/ @1/ A2/ A0/ @2+ A0+ @3/ B5\ E4+ B6\ @4+ E1/ C0/ B3+ F2+ G2\ A2/ @2/ B1+ D0/ G9+ H7/ I5+
LoopTrax_1940895 dingbat vs. drgnrdr : @0/ @1/ A0/ @2\ D2/ D3+ D1+ @2\ D4\ F1/ F3/ B1+ B0\ G3\ C6/ B6/ F5+ H4/ G1\ C0+ F7\ I4\
LoopTrax_1940896 drgnrdr vs. dingbat : @0/ B1\ A2/ A0/ A4\ B4\ B5\ C3/ @1/ E3/ A5+ B6+
LoopTrax_1940897 Goonerg vs. drgnrdr : @0/ A0/ @2/ @1+ C0/ D1/ D0/ E1/ E0/ F1/ C0+ D7+ G6+ E0+ H5+ B9/ A9/ @7\ D10+ F9/ E10\ A2\ @5/
LoopTrax_1940898 drgnrdr vs. Goonerg : @0/ A0/ B2/ A3/ B4/ A0\ @3+ B5/ @5\ C6/ C7/ C8/ @8+ D9/ B4\ @6+ G6\ G9+ E10/ H6+
LoopTrax_1941326 Kran vs. marygal : @0/ B1\ A2/ @2/ B3\ C2+ D2\ D3\ D4\ E4\ E5\ F5\ F6\ @1\ A0\ A6+ @3\ D8+
LoopTrax_1941435 frolind vs. Megababe :
LoopTrax_1943536 Kevin vs. Phil The Hat : @0/ @1+
LoopTrax_1943537 Phil The Hat vs. Kevin : @0/
LoopTrax_1943789 pauchie vs. gladriel : @0+ B1/ B2\ B0\ C2/ A1+ @2/ A1+ @1+ B3/ B0\
LoopTrax_1945876 * vs. jaha : @0/ A0/ B2/ B3+ B4\ C2/ B5\ A4+ D5\ C6/ C7/ C8/ @8/ A9+ A10\ C9+ C10+ D10\ E7+ F7\ E1\ F1+ G7\ A1\ C0+ C12/ @11\ H12+ E13+ I11+
LoopTrax_1951382 Arctic Warrior vs. Uncle Chuckie : @0+ B1\ @1\ B2/ @1\ C0/ E2/ F2\ F3\ D4/ C4/ C5/ F6\ G4/ D7/ G1/ H2\ E0+
LoopTrax_1952123 Sarah vs. drgnrdr : @0+ @1\ A0\ A3\ C2\ B4/ @3/ @3+ A4/ C5\ C6/ A0\ @2/ E1/ F1/ C0/
LoopTrax_1952975 Shreela vs. supermac : @0/ A2\ B1/ B0/ A0/ B4+ C4\ D4+ D5\ C5+ E4\ E2/ D6\ F3\
LoopTrax_1956252 Rebel Rider vs. Megababe : @0/
LoopTrax_1960235 Oartkickel of the Wolf Pack vs. dgb : @0+ B1+ @1/ D1\ A2/ A3\ @2/ B4\ A5+ @4/ A2+ D4+ E3+ C6\ D6\ E6+ F4\ E7/
LoopTrax_1960241 dgb vs. Oartkickel of the Wolf Pack : @0/ A0/ B1/ B0/ C1+ @2+ B0/ A0+ @4\ @4\ C6+ B6+ C7\ A5/ @6\ B7+ A1+ A0\ @5+
LoopTrax_1961278 Tigger vs. dgb : @0+ A2+ A3/ A0/ B3\ C3\ B2+ D3\ E3\ E1+ @4/ D0\
LoopTrax_1961993 Lilac Oyster vs. Misfit Lenrad6672 : @0/ B1\ A2/ B2+ @2/ B3+
LoopTrax_1962053 CHESSCATJAY vs. marygal : @0/ B1\ A2/ @2/ A0+ @3/ B0/ D4+ D5\ E5\ B6+ D2+ E3+ @2\ A1\ D0/ B1+
LoopTrax_1962070 purplehawke vs. frolind :
LoopTrax_1962191 Dawnas AZ vs. Megababe : @0/ @1/ A2+ C1/ A3+ @2\ C0/ C0/ D2/
LoopTrax_1962680 BrnIdGirl vs. dgb :
LoopTrax_1962838 barbara vs. BabyGirl The Rebel Angel : @0+ B1/ B0\ @2\ A1\ A0\ A0/ @1/ @2/ B0+ A4/ A5/ D2/ B6/
LoopTrax_1962840 smores4me vs. dgb :
LoopTrax_1962871 smores4me vs. BabyGirl The Rebel Angel : @0/ A2/ B2\ B3\ C3\ C4+ A3+ B5+ B6\ C5\ D5\ C6\ D6+ B7+ D2/ E3+ F3\ F4\ D1+ B0\ C0\ E7+ @4\ B1\ A1\ D0\ F3/ G4/ H6\ F2/ G2/ G1/ E0\ H3+
LoopTrax_1962916 *Texas BrownEyed Girl* vs. BabyGirl The Rebel Angel : @0+ B1/ @1/ B0\ A3/ A0/ A5/ @3+
LoopTrax_1962935 spitfire vs. lapman : @0/ A2+ A3/ @2/ B0\ A1\ @1\ A0\ @4/ @3+
LoopTrax_1962948 Misfit Lenrad6672 vs. Lilac Oyster : @0/ A2\ B1/ @1/ D1\ D2\ E2\ C3/ E0/ F2\ D0\ C1\ C0+ B7\ @4\ A5+ @4/ B8+ A8/ @8+ A9/ @8/ H0/ C4/ B4\ A6\
LoopTrax_1962967 restivo46 vs. BabyGirl The Rebel Angel : @0+ @1/ B0\ C1\ B3\ D2+ E2/ D1+ C0\ B1+ @2+ A1\ @1\ B0\ B0\ C0+ A2/
LoopTrax_1963006 dgb vs. BabyGirl The Rebel Angel : @0+ B1/ @1/ A2\ B0\ @2+ D0/ E2\ A1\ B0+ @3\
LoopTrax_1963015 bigmurds vs. BabyGirl The Rebel Angel : @0/ B1\ B2+ A2+ A3/ B3+ C3\ B4/ @1\ B0/ C6/ D2+ B5+
LoopTrax_1963075 Lilac Oyster vs. dgb : @0/ @1/ B2+ B3\ C2/ A0\ @3\ D1/ C0\ E3\
LoopTrax_1963087 * Sassy_Angel * vs. Lilac Oyster : @0/ A2\ B1/ B0/ @3\ @2\ D0+ E1\ C5\ A4+ F3+ F4\ E5\ D6+ @4/ A2\ C0+
LoopTrax_1963094 Kran vs. BabyGirl The Rebel Angel : @0/ A2+ @1\ B0+ B0\ A2\ @2\ A4+ B1+
LoopTrax_1963145 nice guy vs. BabyGirl The Rebel Angel : @0+ B1/ B0\ A1+ @1+ @1/ A2/ B3/ D3\ D4/
LoopTrax_1963156 purplehawke vs. Lilac Oyster : @0+ @1+ B0\ A3/ B0\ @2/ D2/ D3+ E3\ D4/ C5\ B5+ C6\ D7/ D8/ F4+ F3/ F2+ E1+ E0\ G3/ A7/ @5\ @5+ B4+
LoopTrax_1963218 FujiTape vs. Lilac Oyster : @0/ A2\ B1/ B0/ B3\ C2/ C3+ D3\ E2/ E1/ C1+ F2\ E4\ F4\ B4/ C4+ D5/ F5+ E6/
LoopTrax_1963282 MountainMist vs. BabyGirl The Rebel Angel : @0/ B1\ B2\ A2+ @2/ B3\ B4\ C4\ D4\ B5+ E4+ E5+ E6\ @4+ B6/ B7/ A7/ @5\ C8+
LoopTrax_1963382 STrek vs. Lilac Oyster : @0+ B1/ B2\ C1/ A2+ @2\ @1\ A0\ B1+ B0/ @3/ B4/
LoopTrax_1963399 Sherry vs. BabyGirl The Rebel Angel : @0/ B1/ @1\ B0/ D2\ B3+ C1/ D3+ E2/ D4+ E4\ F3\ G3\ G4\ E5/ D5/ F6\ A1\ B0/ E2+ @3\ F8+ C5+ B4+ F9/ B5/ D9/ E10\ F11+ G11+ F12/ H9/
LoopTrax_1963423 SweetCindyJo vs. Lilac Oyster : @0+ B1/ C1\ B2/ A3+ B3\ C3\ D3+ C4/ D4+ A0\ @1+ A0\ D7+ C7/ A5\ C1/ B0\
LoopTrax_1963532 Jane vs. BabyGirl The Rebel Angel : @0/ A2+ @1\ B0/ A1+ A0\ C1/ B0+ C3+ @2+ E3+ E4+ C6/ D6+ E1/ E0+ F2\
LoopTrax_1963767 Catmane vs. BabyGirl The Rebel Angel : @0/ @1/ B2+ B3/ @3/ B4\ D1+ C0\ D4+ E3/ C6\ D1+ D6\ E6\ F4/ G5/ B6+ A5+ G4/ B7+ F7+ G3+ H5+ @4/ B2+ D8/
LoopTrax_1963930 marygal vs. Lilac Oyster : @1/ @3+ A4/ E4\ D5/ @4/ A5+ A6\
LoopTrax_1964010 smores4me vs. dgb :
LoopTrax_1964050 curleyquenot vs. BabyGirl The Rebel Angel : @4\
LoopTrax_1964099 aerohiker vs. BabyGirl The Rebel Angel : @0/ A2+ @2\ A0+ A0/ @4\ D4/ D3/ C5\ E1/ C0+ E6+ F2+ A6\ F4\ G3/ B1\ A1\ @3/ D7+ F7\ F8+ G7+ A4/ A7/ @3+
LoopTrax_1964285 Megababe vs. Lilac Oyster : @0+ @1/ A2+ A3\ C3\ B4/
LoopTrax_1964301 Oartkickel of the Wolf Pack vs. dgb : @0+ A2+ B2\ @2/ A3/ @3/ A4/ E2\ C5+ E6\ F5+ A6/ D7\ @6\
LoopTrax_1964302 Oartkickel of the Wolf Pack vs. dgb : @0+ @1\ C1\ C2\ B3\ A2+ @2/ C4+ D4\ @1\ A0\ A5/ B6/
LoopTrax_1964379 Megababe vs. BabyGirl The Rebel Angel : @0+ B1/ @1+ @1\ C2/ C0/ D1/ A1+
LoopTrax_1964759 LazerLady vs. BabyGirl The Rebel Angel : @0+ B1/ B2\ C1/ A2+ @1/ A0/ @2+ C0/ D1+ A1\ A0+ @3\
LoopTrax_1964882 Tigger vs. BabyGirl The Rebel Angel : @0+ A2/ B1\ @1\ @1\ C0/ D4\ E3/ A4/ B5+ @3/
LoopTrax_1965178 smores4me vs. Dragon101 : @0/ B1\ B2\ C2\ B0/ C1/ D2+ D1/ E1/ C0\ D0\ F3/ D0/ C2\ B7/ A6+ A7/ B8/ @7\ F6\ F7\ G7\ H5/ E9+
LoopTrax_1965246 sweetcaroline vs. BabyGirl The Rebel Angel : @0/ @1/ B0\ A1+ @1/ A2/ B3/ A3/
LoopTrax_1965525 Audge vs. BabyGirl The Rebel Angel : @0/ A2+ A0+ @2/ C3/ D3\ D2/ C4\
LoopTrax_1966094 hANDYman the Rebel vs. Dawnas AZ : @0+ B1/ @1/ C0/ @2\ B1+ D3\ E2+ D0+ E4\ F4\ B4/ C5/ @3+ H4\ @3+ I2/ J2/ H1\
LoopTrax_1966257 jaha vs. Rogue Trooper : @0/ A0+ A3/ A0/ B3\ A0/ @4+ @3/ @4\ B5+ D0/ E4+ F3+ B3+ @5\ @4/ B2+ I2\ H0+ @5/ @3+ C2/ A7/ B8/
LoopTrax_1966357 Beckie B vs. BabyGirl The Rebel Angel : @0+ B1/ @1/ B2+ C2+ D1/ E1+ D0+ E1+ F2/
LoopTrax_1966593 Jay RAA vs. BabyGirl The Rebel Angel : @0+ B1/ @1/ B2\ C0+ D1/ @2\ B1+ B0\ A1\ A0\ @3/ E2/ @2+ @3\ C0/
LoopTrax_1967426 Dawnas AZ vs. BabyGirl The Rebel Angel : @0/ A2/ A3+ @2/ C2/ C1+ D1/ D2+ B4+ D0/ E1/ F2+ B6+ E0/ G3\ G2+ E0+ H4\ B9+ G6+ I4/ E7/
LoopTrax_1967498 restivo46 vs. BabyGirl The Rebel Angel : @0+ @1/ C1+ B2+ D1\ C2+
LoopTrax_1967500 BabyGirl The Rebel Angel vs. restivo46 :
LoopTrax_1967688 Oartkickel of the Wolf Pack vs. dgb : @0+ @1+ B2+ A2+ @1\ C3\ C4\ @1\ B2+ C0/ C5/ C6/ A4/ @4/ A3+ D7\ E7\ E8\ F6/ C8/ B7/ D9/
LoopTrax_1967690 Brendans Grandmom vs. Lilac Oyster : A2/ @1\ A0\ A4/ @4/ A5\ E1+ C0\ E1+ A2\ @4/
LoopTrax_1967695 dgb vs. Oartkickel of the Wolf Pack : @0/ A0/ B2/ B3/ @2/ B0+ B0/ B0/ @4+ @4\ C2+ E4/ A1\ C0/ @3\
LoopTrax_1969461 dgb vs. Phil The Hat : @0/ @1/ B2/ B3/ B0/ A0+ @1\ D4+ E3\ B5+ C6\ A0\ @4+ E2+ D8/ C7+ B7/ F1\ @5\
LoopTrax_1969462 Phil The Hat vs. dgb : @0/ @1+ B0+ @2/ D1/ E1/ D2+ C0\ A2+ A0/ A5/ @5/ @5+ C6+ C7\ E5+ F6+ G5+ H4+ D8/ I5\ I6\ G8/ B8/ I8\ A7\
LoopTrax_1969463 dgb vs. Megababe : @0/ B1\ A2/ A3/ A4+ @2+ @3\ B4+ B5/ @2/ B1+ E2\ @1\ B0+ A6+ D1+ F4+
LoopTrax_1969464 Megababe vs. dgb : @0+ A2+ B1+ A3/ @2+ B0/ A2\ B0+ C4\ @1\ B0/ A5/ @2\ D7/
LoopTrax_1969465 dgb vs. Freight Train : @0+ A2/ A0\ @1\ A0\ @1\ D3\ @2+ E5\ F3\ A5+ C6+ @4+
LoopTrax_1969466 Freight Train vs. dgb : @0+ A2+ A0+ B3\ C3/ C2/ C1+ D2\ @2/ F2/ F1/ G1/ E0\ G4\ D5/ H3\
LoopTrax_1969467 Phil The Hat vs. Megababe : @0/ A0/ A0/ A4/ @4/ B5+ C2+
LoopTrax_1969468 Megababe vs. Phil The Hat : @0+ A0+ B2+ A3/ @1/ @2/
LoopTrax_1969469 Phil The Hat vs. Freight Train : @0/ B1\ A2/ @1+ A0\ B0/ C1/ D3\ D4\ B5/ E3+
LoopTrax_1969470 Freight Train vs. Phil The Hat :
LoopTrax_1969471 Megababe vs. Freight Train : @0+ @1\ @1\ C0+ D1/ @1\ C0/ D4\ D5\ B4/
LoopTrax_1969472 Freight Train vs. Megababe : @0/ A0/ B2+ C2\ A3/ D2\ A0/ @4/ D5+ D2+ B6+
LoopTrax_1969473 Kevin vs. Rogue Trooper :
LoopTrax_1969474 Rogue Trooper vs. Kevin : @0/
LoopTrax_1969475 Kevin vs. jaha :
LoopTrax_1969476 jaha vs. Kevin : @0/
LoopTrax_1969479 Rogue Trooper vs. jaha : @0+ A0/ B1\ A3/ A4/ A5/ A0/ @3+ C5+ A2+ B0/ D1+ D0/ B1+ C0+ E3\ @5/ G5\ G6/
LoopTrax_1969480 jaha vs. Rogue Trooper : @1+ B0\ F3/ F2/ G4\ G5\ E6/ A5/ B6/
LoopTrax_1969481 Rogue Trooper vs. Uncle Chuckie : @0/ B1+ C1/ C0/ D1+ E1\ C0/ C4+ A4/ D5/ A1\ @4/ B0/
LoopTrax_1969482 Uncle Chuckie vs. Rogue Trooper : @0/ @1/ B0/ A0+ @3/ @3+ C4+ C0/ A1/ @3/ E6/ F6+ F2+ D0/ D0/ G2+ G8\ F9+
LoopTrax_1969483 jaha vs. Uncle Chuckie : @0/ B1\ A2/ @2/ B0+ @3/ A0/ B5+ B6/ B1/ @1\ A0\ A7/ D1/ B8/
LoopTrax_1969484 Uncle Chuckie vs. jaha : @0/ @1/ B0/ A0/ C2\ A0/ B1+ D3+ D1\ A5/ C5\ D6/ E5+ E2+ F2/ F3+ G1\ F0/ H4\ H5\ H6\ I6\ E8+ I2/ H1/ J2\
LoopTrax_1969485 Chad vs. lapman : @0+ @1\ C1\ B0+ C1/ D1/ E1/ F1+ E0\ G2+ G1/ E0\ D1\ G0+ F0+ D6+ A7\ F7/ @6\ B4\ A8/ @7\ E8\ F8/
LoopTrax_1969486 lapman vs. Chad : @0+ A2+ B1/ C1/ A3\ C0/ D1/ A0+ C0+ E2\ C5+ F1/ E0\ F6+ D7/ G3\
LoopTrax_1969487 Chad vs. Misfit Lenrad6672 : @0/ B1\ A2/ @2/ @1/ D2+ B3/ A3/ D4+ E4\ A5+ E5\ C6/ F3/ F2/ G2/ G1/ E0/ E7\ C8/ H4+
LoopTrax_1969488 Misfit Lenrad6672 vs. Chad : @0/ @1/ B0\ @2\ B1+ B0\ A1\ A0\ @1\ D1/ E1/ C0/
LoopTrax_1969489 Chad vs. drgnrdr : @0/ A0/ A3/ A4/ B4/ B3+ C3/ @2\ E3/ B5/ @5+ F4/ G3/ F5+ G0/ H2\ B7\ @6\ @4+ @5\ B6+ C7+ C8/ A7+ @5\ @5\ K8\ G9\
LoopTrax_1969490 drgnrdr vs. Chad : C7/ C8/ A8\ C9/ E9+ C10/ A4/ @5\ D1+ A6/ @6\
LoopTrax_1969491 lapman vs. Misfit Lenrad6672 : @0+ @1/ B0\ C2\ C3\ D3\ D1\ C4+
LoopTrax_1969492 Misfit Lenrad6672 vs. lapman : @0/ A2\ B1/ B0/ A4/ @2/ D2\ D3\ E3\ F3\ D4+
LoopTrax_1969493 lapman vs. drgnrdr : @0+ A2/ A0\ @1\ A0\ @1\ D4/ C5/ @4+ E2+ D0/ @2/ A1/ A5\ @4/ B6+ G7+ C7+
LoopTrax_1969494 drgnrdr vs. lapman : @0/ A2\ B2\ A3+ B1/ C3/ D2\ A0+ C1/ C0/ C6+ E3+ E5+ E0+ F4/ @5+ A3\ A2\ @6\ D1+
LoopTrax_1969495 Misfit Lenrad6672 vs. drgnrdr : @0/ A0/ @2/ @2\ @2/ B3\ C0\ B1\ B0\ A1\ @4/ F5/ B0\ A4+ @2/ A5/ A6/ C7\
LoopTrax_1969496 drgnrdr vs. Misfit Lenrad6672 : @0/ B1\ A2/ B2+ A3\ @3/ A4/ B4+ A1\ @3/ B0/
LoopTrax_1972453 Beckie B vs. BabyGirl The Rebel Angel : @0/ A2+ A3+ B2+ B3+ B4/
LoopTrax_1972592 Marko vs. Oartkickel of the Wolf Pack : @0/ B1\ A2/ B2+ C2\ C3\ D3\ C1+ C4+
LoopTrax_1972696 restivo46 vs. BabyGirl The Rebel Angel : @0+ B1+ C1+ @1/ E1/ E0+ F1/ C1+ E0\ D4\ C4/ C5\
LoopTrax_1972697 restivo46 vs. BabyGirl The Rebel Angel : @0+ B1\ C1/ B0\ A3/ A4+ C1+ C3+ D2/ A0/ B0\ @5/ A2/ @4+ G4/ D7/
LoopTrax_1972746 BabyGirl The Rebel Angel vs. nice guy : @0+ B1/ B0/ @1\ B0+ D1/ C0\ C0\ A2+ D1/ C0\ A0\ @2+ A1+ A0/
LoopTrax_1973417 Megababe vs. carinda : @0+ B1/ C1/ D1\ B2/ B0\ B0\ A1\
LoopTrax_1973419 Megababe vs. DragonHeart MIA : @0+ B1\ C1\ B2/ B3/ @1/
LoopTrax_1974110 dgb vs. Oartkickel of the Wolf Pack :
LoopTrax_1974127 Oartkickel of the Wolf Pack vs. dgb : @0/ @1/ A0/ @2/ @1+ B0\ B0\ A1\ @3/ C5/ @5+ B6/ D6+ @4\ B3+ B0\ A1\ F1+ G3\ C0/
LoopTrax_1974600 * vs. CHESSCATJAY : E2/ E3+ C0/ C0/ E1\ F2/ F4\ G2/ C0/ H3/ @2+ D0/ F8/ D9+ E10/ F9+ G10/ E11/ E12/ D0/ @4\ A5+ C8\ D11+ B9+ I10\ @3/ L6+
LoopTrax_1974666 Uncle Chuckie vs. marygal : @0/ A2\ B2\ B3\ C2/ B1+ D2\ A4/ @4/ E1\ A2\ @4/ A2/ @4/ D5+ C0\ B1\ A1\ @6\ A7+ G6\ G1+ G7/
LoopTrax_1975815 * Sassy_Angel * vs. REBEL DJ : @0/ B1\ A2/ B2+ @2\ D2/ A1+ B3/ C0\ @2\ @1/ B4/ D5/ F5\ F6+ G4/
LoopTrax_1979044 BabyGirl The Rebel Angel vs. nice guy : @0+ B1+ A0/ B3\ A3+ A4\ B4+ C4\ C3+ C1/ D2/
LoopTrax_1979731 What The vs. purplehawke : @0+ B1+ A2\ A0\ C3/ B4/ @3\
LoopTrax_1980003 Arctic Warrior vs. Shreela : @0+ B1\ B0/ C1/ C0/ C3\ D3\ B0/ A2\ @4/ C5\ B1\ C0/ D6\ B7/ C0/ @6/ A8/ B9+
LoopTrax_1980843 Pamper Me vs. Misfit Lenrad6672 : @0+ A0\ @2+ A3/ B3+ C3\ A4/ @4/ C5+ C6/
LoopTrax_1981880 HeatherN vs. acelockard : @0+ @1/ A0\ B1/ @2\
LoopTrax_1982028 Marko vs. dboy97 : @0+ A0\ @2+ A3/ @3+ @2/ B1+ D3\ B4\ E3+ E4\ B5\ F2/ F1/ F0/ A6/ B7\ @5\
LoopTrax_1983595 violet unicorns vs. basplund : @0+ A0/ A0+ A4/ A0+ @2/ A3+ C2/ D1/ C0/
LoopTrax_1983597 mammacat MIA vs. violet unicorns : @0/ A2+ A0\ B3+ @1/
LoopTrax_1983711 marygal vs. gladriel : @0/ B1+ A0\ C2\ @2\
LoopTrax_1983714 Phil The Hat vs. jaha : @0/ A0/ A0/ A0/ A0/ @3+ C4+ @5/ A6/ A1\ D6\ A0/
LoopTrax_1983839 HEATHER vs. violet unicorns : @0/ A2+ B1/ C2+ C3/ B3+ @1+ B3+ B0\ A1+ D1+ A3+ D0/ A1+ E2/ E1+ F3+ F1+ E4\ B6\ @3+ G4+ A2\ E6+ D7/ G5+ H4/
LoopTrax_1984053 Jay RAA vs. violet unicorns : @0/ B1\ A2/ B2+ C2\ C1/ C0\
LoopTrax_1984987 misci vs. basplund : @0+ A0/ A3\ B3\ B4\ C1+ @4/ B5\ E2+ D0+ E2+ C0/ A4\ @4\ B2/ B1+ F7\ G5+ @1+ G1/ RESIGN
LoopTrax_1989751 Goonerg vs. Rogue Trooper : @0/ A0+ A0/ B3/ C3/ D1+ D0/ D0+ E2/
LoopTrax_1989797 gladriel vs. frolind : @0+
LoopTrax_1989836 purplehawke vs. marygal : @0+ B1\ B2\ A3/ @3/ D3\ B4+ D2+ E2/ D0\ F2\ F0+ E0\ G3+
LoopTrax_1989903 supermac vs. Oartkickel of the Wolf Pack : @0/ B1\ A2/ B2+ B3+ C1\ @1\ B0/ @3/ A4/ D5/ E5/ F5/ F2+ C0/ C0/ F0+ G4+ H3+ H4\ I4\ H5+
LoopTrax_1990371 Linda Sue vs. purplehawke : @0+ @1\ C1\ C0\ D2\ B3/ B4/ C0\ B6/ @3\ @3+ C7/ D7\ D8\ C8+ B7/
LoopTrax_1993851 toadisgimpy vs. Pamper Me : @0+ B1\ B0/ C1/ C0+ D1\ C3+ B0/ E2\ D1+ D0/ E0\ F1/ G2+
LoopTrax_1993852 toadisgimpy vs. Pamper Me : @0+ @1/ A2/ C1\ B3\ B4+ C0/ D3/ B6/ @3/ @3/ E4\
LoopTrax_1993940 mammacat MIA vs. marygal : @0+ @1/ A0\ @1\ A0\ @2/ A3/ D1+ B0\ @4/ C5\ A0\ @1\ F7\ G6/ C0/ D1/ G3/ H5\ H6\ I6\ I2/ J3\ F0+
LoopTrax_1994205 marygal vs. dgb : @0/ @1/ A2+ C1+ C0\ B4\ @1\ A0\ B1+ C6/ B5+ @2+ B4/ C6/ A5+ C7/ @7+ B8/ B9/ A9/ @7\ G7\ H6\ F8\
LoopTrax_1996148 Oartkickel of the Wolf Pack vs. dgb : @0+ A2+ @2/ @2/ B1+ C0/ C0/ A2+ D4/ C0\ C6\ E6\ D7/ E3+ F3\ E1/ @3+ D0/
LoopTrax_1996637 harmonydawn vs. basplund : @0+ A0\ A3/ @1\ A0\ @4+ @2/ D0\ B6/ A6/ A7/ @5\ @5+ B3+ D1+ F7\ G6+ F8/
LoopTrax_1996794 jazzbeth vs. Dragon101 : @0+ @1/ A0/ B0\ @3/ B4\ B5\ C5\ D4\ A6+ @6/ A7/ A8/ @6+
LoopTrax_1997273 Gnahaha vs. gladriel : @0/ B1\ A2/ @2/ @2+ D2+ C3\ C4\ D4\ E3\ B0+ D6\ A5+ E6/
LoopTrax_1997281 Dawnas AZ vs. supermac : @0/ A2\ B2\ B3\ @2\ C1+ B0+ D3+
LoopTrax_1997305 Megababe vs. Rodney :
LoopTrax_1998647 deetogood vs. basplund : @0+ A0/ B1\ A3/ B2\ A4/ @2+ @2/
LoopTrax_2005902 HeartOnFire vs. crow57 : @0/ A2\ B2\ B3\ C3\ B4+ D2+ D1/ E3+ E1+ C0+ F3+ B6+ A0\ @1\ A5/ G6\ H6\ E6\ E7\ @4+ H3+ G8+ G9\
LoopTrax_2006435 supermac vs. dolcol (LAW-10) : @0/ B1\ A2/ A3/ B3+ B4+ C3/ A0/ @5\ A6+ A0\ @3+ E1/ C0/
LoopTrax_2008005 drgnrdr vs. dboy97 : @0/ A0+ B2/ B0\ C3/ D1+ B0\ E3/ A5+ @5/ G3/ D6+ E6\ E7\ F4+ D8/ C8/ B6+ G1/ D0+ H3/
LoopTrax_2008102 * vs. asmdrm : @0/ B1\ B2\ A0/ @2+ B3+ @2+ C0+ E3+ F3\ F5+ G5+ F6/ F7/ C5+ B5/ G3+ G2\ E1\ G7\ F8/ B6+ H2\ G1+ G0/ I5\ H6+ J4/ I2\ F0+ I1\ J7\ K7\ J3+ H0/ K4\ J9+ K6\ L4\ D2\ D1/
LoopTrax_2008104 balmoral vs. Marko : @0+ @1/ B0\ C2\ A3/ A4+ @4/ B5/ A5+ D5\ A6\ E5/
LoopTrax_2008380 Guyver vs. DITCOKE61 : @0/ A2\ B2\ C2\ C1+ C0+ A1\ B4\ @1/
LoopTrax_2010201 Megababe vs. DINGEROO : @0+ B1\ @1\ B0+ C1/ D2\ C0+ E3/ E2/ E1+ F3\ B0\ F5/
LoopTrax_2017406 smores4me vs. Dragon101 : @0+ @1/ A2/ @2/ B0\ D2\ A4/ A1\ @1\ A2+ B0\ A1\ @1\ A0\ F3\ @2+
LoopTrax_2017742 Oartkickel of the Wolf Pack vs. Linda Sue : @0/ A0/ B2+ B3\ C2/ D3\ C4/ B0\ D2+ C0/ @6+ C7\ D8/
LoopTrax_2017744 Linda Sue vs. Oartkickel of the Wolf Pack : @0+ A0+ B2\ @2/ C1/ B3+
LoopTrax_2022033 princesarg vs. Linda Sue : @0+ @1/ @1\ B0/ C3/ C0/ C0\ D2\
LoopTrax_2022055 dgb vs. Rogue Trooper : @0/ A0+ A0\ @1\ B0\ C3/ @2+ B1+ @3\ A1/ @3\ @2/ A0+ @4\ I2+ I1/ C0/ D7+ I1+ J3+ F2+ H0+ E1\
LoopTrax_2022140 What The vs. Misfit Lenrad6672 : @0+ B1\ A2\ A3/ @2/
LoopTrax_2024427 Goonerg vs. dboy97 : @0/ A0/ @2+ @1/ C0+ D1/ D2+ @1+ A0\ B5/ A5/ @2/ F1/ C0+ G3+
LoopTrax_2024621 ejd vs. Marko : @0+ @1+ A0/ A3/ C2\ C3\ B4\ A4+ D2/ D1/ D0/ E1/ C0\ C0+ B1\ A2\ @4/ C0\ B1\ A4+ @4/ G1/ F0/ H3/
LoopTrax_2026062 jazzbeth vs. Dragon101 : @0+ B1\ B2\ C2\ C3\ D3\ A4\ @1/ D4\ C0+ E5\ B1+ B0/ A2+ @2\ A1/ C0\ B1+ F8\ G6/ G5/ H5/ F9/ F2\ H4/ I6\ E1/ G3/ H3/ H2/ I7\ J7\ G9+ C0\ J9\ K9\ A2\ @2\ E1+ B8+ A5\ D10+
LoopTrax_2026967 marygal vs. ScoobyRex02 : @0/ A2\ B1+ C1\ C2\ @1/ B0/ B4/ B5+ A5/ @5/ @4+ G2/ G1/ G0/ D1+ G6\ A7\ H4\
LoopTrax_2026968 purplehawke vs. Rimon : @0+ B1/ B0/ @1\ B0/ C4/ C1+ B5/ A4\
LoopTrax_2028797 jazzbeth vs. Dragon101 : @0+ B1\ A0/ @1\ A0\ D2/ D1/ D4\ E4\ E3+ B1+ D0/ B5\ E6\ F6\ F7\ G7\ G8\ H8\ B6+ A7\ E9\ @7/ A9\ D10\ E10\ E11\ G2+ F0/ F11\ A5+
LoopTrax_2030149 dgb vs. dingbat : @0/ A0/ B1/ B0+ C1/ C2+ C4+ @3/ B0/ B0/ @2+ F4\ G4\
LoopTrax_2030150 dingbat vs. dgb : @0/ @1/ B2+ B3\ C1/ D2+ @2\ B3+ C0+ @4/ B5/
LoopTrax_2030844 Ina vs. Megababe : @0+ A0+ A3/ A0+ A0\ B5+ @5\ A4\ C3/ @5+ B2\ A2\ @4/ F2\ @3+ D1+ F6\ G1/ H1/ E0/
LoopTrax_2031080 jazzbeth vs. Dragon101 : @0/ A2\ B1/ B2+ B0\ C3\ A4/ @3\ E3\ E4\ C5\ D5\ B5/ B6+ B7\ C6\ A5\ B1+ @3/ A5+ A6/ B8+ @6\ B2+ A4\ D0/ E8+ F8\ E9+ @4/ H8\ I7+ B2+ C1+ E0/ I6+ G3+ I10+ J5\ E11\ @5/ E11/ E12/ I11+ K9\ L8\ G12\ F13\ C11+ B9+ M8\ M9\ M10\ J12\ N9+ G13\ H12+ F14\ K12\ K13\ H14/ L4+ I2+ J1+ J0/ M2+ I0\ K1+ K0/ N3/ A12+ @12/ B13/ B14/ A13/ @13/ G18/ F17+ F18/ E18/ D16\ F19+
LoopTrax_2031153 dgb vs. Oartkickel of the Wolf Pack : @0/ @1/ A2/ B3/ C1+ C0/ B1+ B0/ B0/ @4+ @5\ C6/ B7+ @5\ B3+ C2+ @7+ D8/ A3\ A2/
LoopTrax_2031154 Oartkickel of the Wolf Pack vs. dgb : @0+ A2+ @2/ @2+ A1+ @1\ E2/ C0\ B4/ A0\ @2/ E1/ C0\ F2\
LoopTrax_2031655 * vs. Judy : @0/ A2\ B2\ B3\ @2\ D2+ D1/ @1\ C0+ F1/ E0\ B6+ A5/ @5/ A6/ C7\ F7\ E8+ G6/
LoopTrax_2031770 keops vs. jaha : @0/ A0/ A3/ A4/ B2+ @1+ @2+ B5+ B0\ A1\ @1+ C0+ F3\ F5+ @4/ B5+ B8/ A6+ @3\ A2\ E0/ A2\ B1\ B0+ A1\ D0/ F2+ A1\ @4\ C0/
LoopTrax_2034119 Rogue Trooper vs. Phil The Hat : @0/ A2+ A3/ @2+ C2\ D3/ D0\ C5+ E3\ F3\ F6+ G6\ G7\ RESIGN
LoopTrax_2034494 Megababe vs. dgb : @0+ A2+ B2+ A0+ C3+ B4/ B1+ A0\ @1\ C6\ D6\ D7\ E5/ B7/ F5/ A6\
LoopTrax_2036190 deetogood vs. dgb : @0+ A2+ B1\ @2\
LoopTrax_2036576 Dave (UK) vs. drgnrdr : @0/ A0/ @2/ @1+ C0/ @3\ @3\ B1+ C0+ A5\ @3/ @3/ E0/ E6\ D7+ @7+ A8/ A3\ RESIGN
LoopTrax_2036734 spitfire vs. lapman : @0+ @1/ @1\ B0/ B0/ B0/ A2/ D1/ D0/ D0/ D6\ C7+
LoopTrax_2036946 Guyver vs. dgb : @0/ A0+ @1+ A0\ B1+ @2/ @1+ B0\ C1/ C0/ B1+ A1\ @2\ C0+
LoopTrax_2039672 Phil The Hat vs. Megababe : @0/ A0/ B2+ C2\ A3/ D2\ @3+ A4/ F3/ A5/ G2/ E1+ D0/ E0\ D0/ B7+ @6\ H7\ RESIGN
LoopTrax_2039673 Megababe vs. Phil The Hat : @0+ A2+ B1+ A0+ C2+ A0+ D3+ A0+ D3+ B1+ D5+ D2+ @1/ C2+ B6\ @1/ D0/ A1\ E2+ C0+
LoopTrax_2039674 Phil The Hat vs. Chad : @0/ @1/ C1+ C2+ D1/ D0/ B1+ E2+ E3\ E4+ F4\ A4/ B5\
LoopTrax_2039675 Chad vs. Phil The Hat : @0/ A0+ B1/ C1/ B2+ @1\ D0+ C4\ @1/ D0/ A5/ B6\
LoopTrax_2039676 Phil The Hat vs. dgb : @0/ @1/ @1/ D1/ D2\ E2\ A3/ @3/ B0\ A1\ B5+ @4\ C0+ B4\
LoopTrax_2039677 dgb vs. Phil The Hat : @0+ A2\ A0/ B1/ A0/ A0/ @1+ C2+ D3+ A5+ A6/ D1/ C0\ E6+ D7\ D8\ E8\ F5\ @5+ A6/ @3\ B1+ A6/ B7+
LoopTrax_2039678 Phil The Hat vs. Ina : @0/ @1/ C1/ A0\ @1\ B3\ B4\ E2/ A4/ A0\ A6\
LoopTrax_2039679 Ina vs. Phil The Hat : @0+ A0+ A3\ A0+ A0/ A6/ @5\ A1\ B0/ C4/ A4+ @3/
LoopTrax_2039680 Megababe vs. Chad : @0+ A0+ B2+ A3+ C2+ C1+ @2/ C0+ E2\ D4/ C0/ D1/ E0/ F4\ E6+ C1\ C7\ B1/
LoopTrax_2039681 Chad vs. Megababe : @0+ A2\ @1\ @1\ C3\ A0+ D4+ B3+ A0/ D6\ D1/ E5/ C0/
LoopTrax_2039682 Megababe vs. dgb : @0+ B1/ C1/ A0+ @2/ A3/ C3+ @2+ A1\ E0/ F3/ A1+ C0+ @3\
LoopTrax_2039683 dgb vs. Megababe : @0/ B1\ A2/ @2/ @2+ C3+ D3\ D4\ E1+ F2+ G4/ E0/ F1/ F0/ G4+ H3+ E7/ H6/ B7/ F8+ A5/
LoopTrax_2039684 Megababe vs. Ina : @0+ @1/ B0+ C2\ C3\ D3\ B4/ C1/ E4\ D5/ E3+ @3\ G2\ E1/ E0/ F2/ F1+ G1/ H1/ H0/ I1/ B2/ C1\ G0+ H6+ J4+ F0/ B8/ B9/ A4/ @6/ C3\ F2+ K8\ L5\ I9\
LoopTrax_2039685 Ina vs. Megababe : @0+ A0+ A3\ @2+ B0/ C1+ D1\ C4\ E2/ A1\ B0/ D1+ D4\ @2+ A1\ E5\ B0+
LoopTrax_2039686 Chad vs. dgb : @0/ @1/ C1/ @1/ C2\ C3+ D3\ E1/ E0/ F4+ B0+ B0/ G5+ @6/ D7/ A3+ @4\ B1\ F8\ C0/
LoopTrax_2039687 dgb vs. Chad : @0/ @1/ B2/ B3/ B0/ A3/ @3/ D3\ E3+ F1\ C5+ @3/ G0+ F0/ H3+ H4\ I4\ I5\ J5\ J2/ I6+
LoopTrax_2039688 Chad vs. Ina : @0/ B1+ C1+ A0/ A0/ A0/ @4/ C5\ B6+ D1/ B0/ E4+ @1+ C0/ A8/ @6+ B9\
LoopTrax_2039689 Ina vs. Chad : @0+ A0+ A3\ A0\ @3/ @3/ B5\ B6+ B1/ D2\ C0\ D6\ E6\ C0\ E6/ F7\ A3\ @5/ A3+ @4\ B2/ A8+ @8/ A5/
LoopTrax_2039690 dgb vs. Ina : @0/ B1+ C1/ B2\ D1/ B0\ D4\ E3/ A4/ @2/ D5/
LoopTrax_2039691 Ina vs. dgb : @0+ A2+ A3\ A0\ B2/ C1\ B3+ D1\ B0\ D5\ A6\ E4\
LoopTrax_2039692 psycotic virus hacker vs. B Line electric streetcar : RESIGN
LoopTrax_2039693 B Line electric streetcar vs. psycotic virus hacker : @0+ RESIGN
LoopTrax_2039696 psycotic virus hacker vs. purplehawke : RESIGN
LoopTrax_2039697 purplehawke vs. psycotic virus hacker : @0+ RESIGN
LoopTrax_2039698 psycotic virus hacker vs. firefly : RESIGN
LoopTrax_2039699 firefly vs. psycotic virus hacker : @0/ RESIGN
LoopTrax_2039700 B Line electric streetcar vs. CHESSCATJAY : @0+ A0\ B2/ C2/ B0+ B0/ D2+ E2/ D0+ E0\ D0/ C2+ B3+ A4+ @3/ B2+ @3+ @3/ E1+ C1+ A2+ G0/ D1+ B1+ @2/ F0+ D1+ B1+ J7/ K2+ K1/ K0+ L4/ I9+ M2/ L1+ M7\ M8\ N4/
LoopTrax_2039701 CHESSCATJAY vs. B Line electric streetcar : @0/ @1/ B2/ C1+ D1/ C3\ D3\ E3\ C4+ A3\ F3\ @1\ B0/ A5/ B6\ @4\
LoopTrax_2039702 B Line electric streetcar vs. purplehawke : @0+ @1\ C1\ A2\ @1\ C0/ D4\ E3/ A4/ B5+ @4\
LoopTrax_2039703 purplehawke vs. B Line electric streetcar : @0+ A0+ B1/ A3+ @1/ @1/ @1/ B0+ B4+ @1\ B0/ A5/ @4+ B6\
LoopTrax_2039704 B Line electric streetcar vs. firefly : @0/ A2+ A3/ @2+ C2+ C0\ A1/ B0+ A0/ A0/ C2+ D2/ E2+ D3+ E4+ B8/ C7+ F4/ E6\ F7/ @6/
LoopTrax_2039705 firefly vs. B Line electric streetcar : @0/ @1/ B0/ @2+ C0+ D1+ @3/ A2+ B4\ E3+ E5+ B5+ F4+ F2/ G4+ G3+ E6\ G1/ A6\ E0/
LoopTrax_2039706 CHESSCATJAY vs. purplehawke : @0/ @1/ B2/ A2+ @2/ @2/ B1+ A3/ C4/ D3+ E3\ B4+ D0/ F4+ G3\ D6+ F5\ F6+
LoopTrax_2039707 purplehawke vs. CHESSCATJAY : @0+ A0/ B2+ B3\ B0\ B0\ C3+ D1\ C4+ C0+ D3\ @3\ @3\ E0\ C2+ G5/ F1+ F7\ E8/
LoopTrax_2039708 CHESSCATJAY vs. firefly : @0/ A2\ B2\ B1+ B3/ B4+ A4/ @1/ A0/ D2/ D4+ @3\ E1/ E0+ F3+ A1\ C0/ @3\
LoopTrax_2039709 firefly vs. CHESSCATJAY : @0/ A0/ B1+ C2/ D1\ E2/ E3+ @1+ @2\ B3+ D4+ C0+ B6/ A6/ @3+ F6+ D0\ H7\ G8/ I5+
LoopTrax_2039710 purplehawke vs. firefly : @0+ B1/ B0/ C2+ C0\ A0+ @3/ C0\ C0\ A2+ E5\ B7/ A0+ @5+ A7+ E3+ D1+ A2+ F4/ G3\ G5+ @2\ C0/ B1+ D0\ @2\ A1\ D0+ G2/ H4\ G1\
LoopTrax_2039711 firefly vs. purplehawke : @0/ A0/ B2+ B3+ C2/ D2/ A0/ C4+ E1/ C0+ E5\ E6+ F4/
LoopTrax_2039712 marygal vs. Freight Train : @0/ @1/ A2/ C1\ A0+ @3/ E2/ E1/ C0\ E0+ D0/ F2+ B1\ C0/ A3/
LoopTrax_2039713 Freight Train vs. marygal : @0/ A2\ B1/ B0/ @3/ A4/ D2\ C3+ E2/ A1\ @3/ B0/
LoopTrax_2039714 marygal vs. Tigger : @0/ A2\ B1/ B2+ C2+ B3/ A0\ @1\ A3+ C0\ D2+ E3\ A6/ @4/ C7\ D7\ E7+ C8+ A7+ E0\ F2+ D1\ C1\ F8+ G6/ G5/ H5/ H9\ I9\ I3+ E0+ H2/ I9/ J10\ A5+ @7\ D11\ E12/ B3\ A3\ @7\
LoopTrax_2039715 Tigger vs. marygal : @0/ A2\ B1/ B0/ B3\ C3+ @3\ D4/ D1/ E1/ @4/ B5\ A1\ @2\ C0\
LoopTrax_2039716 marygal vs. toadisgimpy : @0/ @1/ A2/ @1\ B0/ @3/ A4/ C4/ A5\
LoopTrax_2039717 toadisgimpy vs. marygal : @0+ @1/ A0/ B3+ C2/ @1\ B0/ @3/ A4/ C5\ E5/ F4\ F1/ E0/
LoopTrax_2039718 marygal vs. Rogue Trooper : @0/ A0+ @1+ B0/ C1/ D1/ E2+ E3\ B4/ F3+ F4\ A5\ A1+ A0\ @1\ A0\ E0+ F1/ G3/ H5\ F0/ G1/ I4/ J4+ J3/ E0+ A2\ @3+ L2/ L1/ H0+ I1/ I0/ J3+ K2+ L2/ A8/ B10+ @6+ N3+ K0/ A5\ @6/ N10\ N11+ O9/ N8+ O7\ P7\ N12/ M12+ C13+ C14+ C15\
LoopTrax_2039719 Rogue Trooper vs. marygal : @0+ @1/ C1/ A2/ @2+ C3\ D3\ E1/ B4+ A4+ A5/ C5+ F1+ F0/ F0/ @7/ C8\ H5+ F6+ A4\ @3/ E2\ F1+ G0\ I2+ J5+ I8\ H9+ J7\
LoopTrax_2039722 Freight Train vs. toadisgimpy : @0/ A2+ B2/ B3/ A0\ @2/ D4\ C5/ D2/ E3+ C1+ A5/ C6/ @3/
LoopTrax_2039723 toadisgimpy vs. Freight Train : @0+ B1+ B2/ B0/ A1+ A0+ @2/ D3+ A1\ @3\ B4+ D5\ E5\ F5+ E6/ C5+ C0+ @3\ RESIGN
LoopTrax_2039724 Freight Train vs. Rogue Trooper : @0/ A0+ @1+ B0/ C1+ D1\ B4/ @4\ D4\ D5\ C5+ A5/ B6/ @4/
LoopTrax_2039725 Rogue Trooper vs. Freight Train : @0/ @1/ B2+ C2+ B3/ @2+ @2/ C4+ E3\ E4\ D0/ F4+ G4/ A6/ @3/ @3\ D1\ C0/ A6/ @5\
LoopTrax_2039726 Tigger vs. toadisgimpy : @0/ B1+ A2/ A3+ @3/ B4+ A1\ @3\
LoopTrax_2039727 toadisgimpy vs. Tigger : @0+ @1\ A2/ @2/ C2+ D2\ D3\ E3\ B4+ E1/ C0+
LoopTrax_2039728 Tigger vs. Rogue Trooper : @0/ A0+ A0\ @1\ A0\ @4+ @1/ B0/ C0\ @1+ C0/ A5/ @6\ G6/
LoopTrax_2039729 Rogue Trooper vs. Tigger : @0+ @1/ C1/ B2\ C0+ D1/ D2+ B4\ C5/ B6\ C7/ E1/ B0/ E4\ F1\ B0/ G4\ G5\ G1/ G6\ H2\
LoopTrax_2039730 toadisgimpy vs. Rogue Trooper : @0+ A0/ B2+ A3/ B3+ @1/ @1\ D0\ E4/ A4/ RESIGN
LoopTrax_2039731 Rogue Trooper vs. toadisgimpy : @0/ A2/ @2/ @1\ C0+ A1+ @1/ B0+ D5\ E3/ A5/ RESIGN
LoopTrax_2039732 jaha vs. Gnahaha : @0/ B1\ A2/ A0/ @3+ D1/ D0/ D4\ C5+
LoopTrax_2039733 Gnahaha vs. jaha : @0+ A0/ @2/ B3/ @2\ A1\ B0\ @3/ B4\ A1\ @2+ C0/
LoopTrax_2039734 jaha vs. spitfire : @0/ A2\ B2\ C2\ @2\ @1\ C0/ E2/ F3\ B4/ A4/ @3/ D5+ F1/ A5/ A6/ @4\
LoopTrax_2039735 spitfire vs. jaha : @0/ A0/ @2\ B0\ A1\ A0\ C2\ @2+
LoopTrax_2039736 jaha vs. dingbat : @0/ A0/ B2/ B1/ A0+ @1\ @1+ A0\ D5\ E5/
LoopTrax_2039737 dingbat vs. jaha : @0+ A0/ B2+ A3/ B3+ @2+ D2/ B0/ A5\ A2+ @3/ A6/ @6\
LoopTrax_2039738 Gnahaha vs. spitfire : @0+ @1/ A0\ @1\ B3\ C3+ D2/ @1/ A2/ D1/ D0/ E2/ D0\ C1\ A1\ D0/ B1\
LoopTrax_2039739 spitfire vs. Gnahaha : @0+ A0/ B1\ A0\ @1\ B0\ C4+ B5/ A5/ @4/ @3/ E1/ A4+ D0/
LoopTrax_2039742 spitfire vs. dingbat : @0/ A0/ B1+ C1/ B3\ C3\ @3/ E2+
LoopTrax_2039743 dingbat vs. spitfire : @0+ B1\ @1\ C2/ A0/ B3/ @1/ @1\ A0\ D2+ C1/
LoopTrax_2044322 Lilac Oyster vs. BabyGirl The Rebel Angel : @0+ B1/ C1\ B2/ B0+ @2\ C0/ B1+ D2+ C0+ E4+ E5\ D6\ F3\ A1+ @1+ B0/ F3+
LoopTrax_2044348 asmdrm vs. gladriel : @0+ B1/ A0\ @2\ C0/ A2+ D1\
LoopTrax_2046842 Megababe vs. balmoral : @0+ B1+ C1+ B0/ C3/
LoopTrax_2049412 the great snowqueen vs. dgb : @0+ B1+ @1/ D1\ A0+ E2\ B3/ A0+ @3\ F2/ F4\ G3/
LoopTrax_2050337 STrek vs. Misfit Lenrad6672 : @0/ B1\ A2/ @2/ B0/ D1/ B0/ E3\ C4\ C5\ @4+ G2/ G1+ H3\ H4+ G4+ H5\ H6\ E1/ E0/ G0+ I4/ I3/ J3/ H2+ I7\ J1/ K2\ H0/
LoopTrax_2054325 dgb vs. drgnrdr : @0/ A0/ B1/ B3+ C1/ B4/ B0+ D4/ B6/ B7/ C5+ D6+ D1/ C0\ @6+ E4+
LoopTrax_2054382 Dave (UK) vs. Marko : @0/ B1\ A2/ A3+ B0/ C2\ B4+ A5/ C4\ D2/ D1/ E1/ B0/ A2+ F2/ F0/ G1/ A1\ RESIGN
LoopTrax_2060818 Megababe vs. Allison : @0+ @1\ C1+ C0+ D2+ B1+ E2+ F2/ F1/ F3/ G2+ F4+ H2\ E0+ D4+ D5/ D6+ C4+ H6\ G7+ I6/
LoopTrax_2063762 Goonerg vs. asmdrm : @0/ @1/ B0/ A0+ @3/ B0/ D3/ C0+ E3/ E4+ @3+ E6+ G3+ H3\ G5+ E7/ F7+ A7/ G8/ A8\
LoopTrax_2063798 dboy97 vs. gladriel : @0/
LoopTrax_2065140 Sista vs. Lady Ehlana : @0+ A0+ A0/ A0\ @2+ @2\ A1\ B0\ A4/ @4/ B1\ @4\ A3\ C0\ @3+ @3/ A4/ @4/ A5/ E6/ C6+ A2\ @2\ A6/ A7/ E0\ G8/ G1/ F0\ J9\ I10/ G10\ F9+ C3+ E9+
LoopTrax_2065686 Dragon101 vs. Orange Blossom : @0/ B1\ B2\ A2+ A0/ C3/ @3/ D2+ B4+
LoopTrax_2066143 Marko vs. drgnrdr : @0+ @1\ A2/ @1\ D1+ B0+ E2+ C3\ B4/ B5/ C5+ E3+ D5+ D1/ B0/ F4\ F7+ G5/ F2+ A6+ @5/ C7/
LoopTrax_2066221 Dave (UK) vs. Megababe : @0/ A0/ @2/ @1+ C0/ @3\ @2/ D0+ C0/ D6+ F2\ G2\ H5+ E7/ E8/ C7\ I5\ E9\ I3/ I2/ J4\
LoopTrax_2066947 rogerrabbit vs. dgb : @0+ A2+ @1+ B3+ B0\ B5\ A5\ C5+ B6/ C1/ A0/ @4\ D3+ E3\
LoopTrax_2066985 Chad vs. dgb : @0/ @1/ A2+ B0\ C2\ B4/ @2/ @3\ B4+ @4+ D5\ @4\ B2+ G3+ C5+ G6\ H3\ C6/ A6/ F7/
LoopTrax_2066986 dgb vs. Chad : @0/ @1/ A2/ B0/ @3/ @2+ A0+ B0+ C0+ @3\ A2\ @4/ A5/ @5/ A6/ D7\ C7+ H6+ F8\ F9\ G9\ G10\ H10\ I10+ F11+ D10/ C1\ @2+ I12\ J11+ H13/ @2/ H12/
LoopTrax_2066987 Chad vs. jaha : @0+ A0\ B2\ B3+ B4\ B5\ A4+ B6\ @5\ B7+ D6/ @3+ B1+ @4\ B5+ A6+ E8/ F7+ F2/ F1/ D0\ B2\ @6/ D9+ F10/ F11/ H11+ G12\ G13\ H13\ I13\ I10+ J13\ G14+ H15/ K14+ E12+ F15+ H16/ L14\ K17+ G17+ D15+ C15\ K10+ G18/ D16+ D0+ B4+ A3+ J20+ E1+ H3/ G0+ M17/ K21+ J22/ I10/ K11\ A11+ A12/ @12/ A13/ A9\ @9\ A6+ @9\ K6+ L4/ E3+ K7+ L9+ M6\ M9\
LoopTrax_2066988 jaha vs. Chad : @0/ A0/ B2/ B3/ C2/ @2\ B3/ @2+ C4/ B5\ C6/ B7\ C8/ F3+ @6+ H8+ E9+ D10\ E11/ @4+ A7+ C9+ @4\ A5+ A8+ @6\ F11/ E12\ @6\ M6+
LoopTrax_2066989 dgb vs. jaha : @0+ A0/ A3\ B2/ C2/ C1/ D1/ A0+ @1\ A0\ B0/ C1/ F1+ C0/ F7+ G6\ E8+
LoopTrax_2066990 jaha vs. dgb : @0/ @1/ A0/ A0/ @3+ B4\ D3/ @1/ B0+ @1/ B4\ C0/ B1+ @1+ A0\ A0/ @4\ A5/ @6\ @6\ @6\ C3+ A7+ H8/ H9/ C1\ C0+ B3\
LoopTrax_2067441 phonic vs. firefly : @0+ B1/ B2\ C1/ B0/ C3\ D3\ C1+ A3+ E3+ A4\ D2+ D4/ E1+ C4+ D0\ B1+ B0\ C7/ C0\ B1+ D1/ E2/ F3/ D0/ E2/ F2/ F1/ F0/ G3+
LoopTrax_2072747 stitcher vs. dgb : @0/ @1/ B0/ @1+ C0/ @3\ B4\ D0+ E1/ A1\ A0\ @4\
LoopTrax_2078746 Chad vs. Kran : @0/ B1\ B2\ C2\ D1\ C0\ E1\ E0\ F2\ F0\ B6/ A6/ D6\ D7\ D8\ @6/ D7+ @6/ C8+
LoopTrax_2078760 B Line electric streetcar vs. Megababe : @0/ B1+ C1/ B0+ A1\ @2/ @2+ E0+ D1+ A2+ @3/ E4+ B4+ E0/ D1+ G3+ B2+ G4+ G5\ H2\ G1+ H5\ RESIGN
LoopTrax_2078873 Dave (UK) vs. supermac : @0/ B1\ A2/ @2/ @1/ D2+ B3/ A0+ A0\ @3/ C1+ F3\ G4/ C6+ B4+ E1+ A0/ @2/ C0\ @1+ A0\ @1\ D0+ A5/ B6\ @3/
LoopTrax_2079269 the nutter vs. basplund : @0/ @1/ A2\ A0+ @2+ A3/ B4\ B5\ @3+ @2/ C4+ A1\ RESIGN
LoopTrax_2080134 phonic vs. firefly : @0+ B1/ B2/ A0\ @2/ A4\ C0/ D3/ @3/ @3/ D5\ @5/ B6\ A2\ A6/ A1/
LoopTrax_2080558 dgb vs. klaashaas : @0/ @1/ B2/ B3/ B0/ C3\ D3+ D0\ @2\ A1/
LoopTrax_2080559 klaashaas vs. dgb : @0/ @1/ A2/ C2+ C3\ C4+ D4/
LoopTrax_2080560 dgb vs. csain1 : @0+ A0/ A3\ B3\ B4\ C4\ @2\ @1/ B0+ D1+ C0+ @3+ F7\ G5/ G3+ H7+ G1/ H3/ E0/
LoopTrax_2080561 csain1 vs. dgb : @0/ @1/ @1/ D1/ A2\ B2+ D0/ E1/ C0\ A1\ A0+ @3\
LoopTrax_2080562 dgb vs. Phil The Hat : @0+ A2+ @2/ B3+ C2/ @2+ @2\ A1\ @1\ A0+ B0\
LoopTrax_2080563 Phil The Hat vs. dgb : @0/ @1/ B0+ A3+ C3\ C4\ C5\ D5\ B5/ B6/ A7\ @1/ A0+ A7\ D8+ A9/ @9+ B10\ @9+ F9\ E10\ C6+ G9\ G10\ H9+
LoopTrax_2080564 dgb vs. dolcol (LAW-10) : @0/ A2\ B2\ B1+ B0/ C3\ B0/ B0/ D5+ B6+ @4\ B3+ E0/ F3+ B1\ C0/
LoopTrax_2080565 dolcol (LAW-10) vs. dgb : @0+ A2+ B1/ @2/ @2\ A1\ B0\ @2/ F2\ F3\ C4/ F1/ G3\ G4\ F5+ H2+ H1/ H0+ I1/ A2\ @2\ C1/ E2+
LoopTrax_2080566 klaashaas vs. csain1 : @0/ A0/ @1/ A0/ A0/ A0/ C5/ D5/ B2\ @4+ A5/ @1+ A0\ A6/ @4/
LoopTrax_2080567 csain1 vs. klaashaas : @0/ @1/ @1/ B2\ D1/ @1/ C0+ F2/ F3+ B4/ G2+ H3/ H4+ D5+ F0+ H2\ A1\ @2\
LoopTrax_2080568 klaashaas vs. Phil The Hat : @0/ A2+ B2\ @1/ A3\ D3/ D0\ D0+ B2+ @4\ @3/ A6+ @6/ A7/ @6+
LoopTrax_2080569 Phil The Hat vs. klaashaas : @0/ @1/ C1/ B0+ B3\ C0\ C4+ B5/ B6/ C6/ D2\ E3/ E0+ F1/ G1+ D0/ B2+ E7\ A1/ F6\
LoopTrax_2080570 klaashaas vs. dolcol (LAW-10) : @0/ B1\ B2\ C2\ C3\ A0/ A0/ @2+ @2\ E6\ C4/ A3+ F3+ B0+ C7/ E8+ B8+ @6+ D9+ G8\ H6+ E1/ C0/ A2\ A1\ C0/ H4/ G3/
LoopTrax_2080571 dolcol (LAW-10) vs. klaashaas : @0+ @1\ A2/ @2/ D1\ D0\ E2\ E3\ D4+ B0/ D6\ F3+ E7/ A1\ B0\
LoopTrax_2080572 csain1 vs. Phil The Hat : @0/ B1/ @1/ @1/ A0\ @2+ E3\ F1\ E4\ B5/ A3+ C6+ @2/ E7/ B6\ A5/ @3\ H5/ D0\ I4/
LoopTrax_2080573 Phil The Hat vs. csain1 : @0/ A0/ A0/ A0/ @3+ C4+ D4+ D1+ A5\ B0+ @6/ A7/ A8/ D7\ E8/ @5+ A9\ @5/ G10+ H8/ A10/ C2+ B11\
LoopTrax_2080576 Phil The Hat vs. dolcol (LAW-10) : @0/ A2\ B1+ C1\ B2\ B3\ C3\ B0\ @2/ C0/ D1/ E1/ A1\ C0\
LoopTrax_2080577 dolcol (LAW-10) vs. Phil The Hat : @0+ A2+ B1/ A3+ C1\ C2\ B0/ D3+ C4+ A0\ @2/ E1/ C0/
LoopTrax_2080578 RubyJoy vs. keops : @0+ A2+ B2\ @2/ C3\ D3\ D4\ D1/ E2+ C0+ E2/ D6+ F1\ G1\ D0\ F5+ H1+ E0+ @5\ A4\ @4\ A3\ B2+ B1/ F0+ J7+ K4/ L3\ K2+ E1+ F0/ F0/ G3/ E1\ F0/ B2+ E1\ A4/
LoopTrax_2080579 keops vs. RubyJoy : @0/ A2\ B2\ @2\ @1/ C3+ C0+ D1/ E2+
LoopTrax_2080582 RubyJoy vs. Goonerg : @0+ A2/ @1+ B0/ C3/ B4/ @4/ A5/ C5+ D0/ E3\ @4+ B3\ B2\ B1+ A3+
LoopTrax_2080583 Goonerg vs. RubyJoy : @0/ @1/ B0/ @1+ C0/ C0+ D1/ @1\ C0/ @3/ A4/ @2\ B1/ E0/ A6\ B7/ @4+
LoopTrax_2080584 keops vs. SarahMills : @0/ A0/ A0/ @2+ B0/ C1/ C0/ D1/ E5+ C6/ B6/ B7/ F1/ D0/ F8\ G3+ H5+
LoopTrax_2080585 SarahMills vs. keops : @0/ A0/ A3/ B3/ @2+ B0/ C1/ D4\ D5\ C0/ E5+ A0+ @3/ F1/ D0\ G2\
LoopTrax_2080586 keops vs. Goonerg : @0/ @1/ C1/ @1/ B0\ B3+ D0+ B0\ A2/ @5\ B6+ A3\ @2/ C1+ A6/ C0+ @5+
LoopTrax_2080587 Goonerg vs. keops : @0/ A0/ @2/ @1+ C0/ C0+ D3+ B5/ @3\ A0+ @3/ D0/ E1/ F2+ D0+ B2+ A7/ @5/ C8+ H5\ H7+ I5\ J6/ F9+
LoopTrax_2080588 SarahMills vs. Goonerg : @0/ B1/ A0\ @1\ @1\ C0+ C0/ B1+ D0\ C0/ A2+ @4+ @3+ B1+ G3+ E7/ D7/ G7\ E0/ H7/
LoopTrax_2080589 Goonerg vs. SarahMills : @0/ B1\ A2/ A3/ @1\ B0/ D2\ C3+ @2+ A1\ C0/ @3/ E6\ F6\ G3\ H3+ A6+ E7+ @5+
LoopTrax_2081218 dgb vs. basplund : @0/ @1/ B2/ C2/ B3/ C4/ B0/ C1/ D3+ C0/ D7\ RESIGN
LoopTrax_2082840 marygal vs. Megababe : @0/ B1+ A0\ @1\ A0\ B0+ C1/ D2/ D1/ A0/ A5+ @5/ A6/ A1\ @5+
LoopTrax_2083089 Linda Sue vs. Misfit Lenrad6672 : @0+ B1\ B0\ B3/
LoopTrax_2083333 FMG vs. basplund : @0/ A0/ @2\ C1\ A1+ C0/ C0\ D3/
LoopTrax_2083432 the great snowqueen vs. dgb : @0+ @1+ A0/ A3/ B3+ @2+ C4/ B0\ B0+ A3\
LoopTrax_2083463 Chad vs. marygal : @0/ B1\ A2/ @2/ @1+ C0/ @2/ E0/ F3+ E4+ D5\ D6\ E6\ F6\ C1+ G6\ D0/
LoopTrax_2083590 pauchie vs. gladriel :
LoopTrax_2084601 phonic vs. firefly : @0/ B1+ B2/ @1/ A2\ C0/ C0/ B5\ D4\ B2+ B0/ A2+ B0/ C2+ D5+ B8\ A7+ A9+ @9/ E8\ E9\ F6+
LoopTrax_2084896 firefly vs. phonic : @0/ @1/ A0+ A3\ B0\ B4+ @2\ B0/ @4/ A5/ D6/ @3/ F4+ F3/ F2+ G3\ C0\ B2/ E1+ E0+ C0\ A7/ B2\
LoopTrax_2087579 dgb vs. Hot 4 McConaughey : @0/ B1\ A2/ A3/ @2\ @3/ C4/ A1+ B5/ A5/ A6/ @2\ A5+
LoopTrax_2089705 violet unicorns vs. basplund : @0+ A2/ @2\ B0/ A2\ B0/ C3/ C2+
LoopTrax_2091308 Geri39 vs. dgb : @0/ @1/ A0/ @2/ C1/ A0\ @1\ A0\ E2\ F2\ A3/ @3/ B4/ H4\ H5\ H1/ I2/ G0/
LoopTrax_2091795 phonic vs. firefly : @0/ A2/ B2\ A3/ @3+ D1\ D0\ A1\ @2/ E0\ E4\ F1+ A2\ @1/ H4/ H1/ H2\ G0+
LoopTrax_2093985 Jane vs. Misfit Lenrad6672 : @0/ A2\ B1/ B2+ @2+ C0/ D1/ D0/ E2\ A2\ A5+ @5/ F0/ G1/ A7/ H1\ H2\ B2+ D1/ D0+ E1/ E0/ F1/ A7+ @8+
LoopTrax_2095479 marygal vs. dingbat : @0/ A0/ B1/ B3+ C1/ B4/ A0+ @3/ E1/ E0/ F1/ E3+ F4+ G3+ D1+ C0/ @4\ A6+ C2+ F7+ E8\ H7\ I5/ G8\
LoopTrax_2096264 Geri39 vs. Megababe : @0/ B1+ @1\ B0/ A1+ @1\ B0/ @2\ D1/ A3/ C4+ @3\
LoopTrax_2096520 firefly vs. phonic : @0/ B1\ A2/ @2+ C2\ C3\ @2\ E2\ F1+ E3\ E4+ B0\ @2+ A1/ H2/ G1+
LoopTrax_2097363 marygal vs. game_77 : @0/ A2+ @1\ B0/ A1+ A3+ C1/ B0\ B0\ A2\ @2\ A1+ A0/
LoopTrax_2098577 Sista vs. Lady Ehlana : @0+ B1+ C1+ C0+ B1\ B3\ C0\ A4/ A5/ C5\ B6+
LoopTrax_2099209 firefly vs. phonic : @0/ @1\ B0/ A1+ @2\ B3+ @2+ C4+ D3+ C5+ A4/ D0+ D5\
LoopTrax_2099788 Chad vs. Rogue Trooper : @0+ A0/ B2/ A3+ @3\ B4/ B0/ @5/ B6\ @4\ A3\ C2+ E6\ F4+
LoopTrax_2099899 gladriel vs. Arctic Warrior : @0+ @1+ A2\ A0\ @1\ A0\ C2+ @1/ C0\ B1\ B5/ C6/
LoopTrax_2100988 Sista vs. Lady Ehlana : @0+ B1+ B2/ A0\ @1\ C1/ C0+ C0\ B1\ B6/ A5+ A6+ @6/ A3/ B2+ E3+ E2+ F2/ B7/ A2\ @2/
LoopTrax_2100993 Sista vs. Lady Ehlana : @0+ B1+ A2\ B0/ C1/ C3\ D2\
LoopTrax_2101801 Sista vs. Lady Ehlana : @0+ @1+ @1+ B0+ B3/ A1\ B0\ @2/ E3+ B1+ A1+ @1\ B0/ D6\ E6\ F5\ F6\ B5/ C6+ C7/ B6/ G6\ A6\ F8/ C8+ H8\ C9/ E2/ B8+
LoopTrax_2102039 Phil The Hat vs. Uncle Chuckie : @0/ B1+ C1/ C0/ C0+ A2+ @2+ @3/ A4/ @3/ @3+ H3+ D4\ E5/ @3+ E1\ G0/ H6+ E7\ I5\ I7+ D6+ F0\ E2+ G0/ H1/ I4/ J3\ E1\ J9+ D2/
LoopTrax_2102054 marygal vs. Buz : @0/ A0+ A0\ @1\ A0\ @1\ D3\ D2+ B5/ C5+ A5/ @5/ B0\ A1\ @5+ @5/ A6/ A7/ A2+ @5/ C0/
LoopTrax_2103969 marygal vs. * : @0/ B1\ B2+ B3/ A2/ C3/ B4/ A4/ @2\ C0\ D2+ A1\ A0\ @4+
LoopTrax_2105942 dboy97 vs. supermac : @0/ B1\ B2\ C2\ A2/ A3/ C0+ D3\ B0/ A2+ @1+ A5+ @3+ E0\ @2\ A1\ D0+ G2/ H5+ F1/
LoopTrax_2106344 ejd vs. Marko : @0+ @1/ C1/ C0/ B0/ A2+ D2\ D3+ C4\ D1\ E3\ D4\ D5\ E5\ C6/ B4+ @4/ A5/ B6/ B7/ A7/ @4+ G8\ H8\ B3+ G1/ G0/ H4/
LoopTrax_2107747 Sista vs. Lady Ehlana : @0+ B1+ C1+ D1\ C0\ B3+ @2+ E3/ D4/
LoopTrax_2110052 dingbat vs. Marko : @0/ B1\ A2/ @2+ C2\ B3/ D2+ C0/ @3\ D4\ C5/ A4+ D5\ D6\ B6+ A1+ D0/ C1+ B0/ F8\ E9/ C10/ B10/ D11\ E11\ F10\ A1\ E3/ A0/
LoopTrax_2110056 Goonerg vs. Dave (UK) : @0/ B1\ A2/ A0/ @3+ B0/ B0/ @4/ E2+ D0+ A1+ @3/ C7/ A7+ @3+ A4/ @1\ B0/ H1+ D1/ H0+ I2\ B1+ A1+ B0/ @3+ J7/ K7/ A6+ @3/ C8/ C9/ B9/ @5+
LoopTrax_2110169 spitfire vs. lapman : @0/ A2\ B2\ C2\ @1\ B0/ B4/ A4/ @4/ D5+ @4/ E6/ G5\ G6\ E7/ A1\ @2/ D0+
LoopTrax_2112104 asmdrm vs. keops : @0+ A2+ A0/ @2/ C2/ C1/ D1/ E2\ C3+ @2/ B1+ D4/ B4+ @2/ @3+ B0\ A3+ H1/ I1/ C0/ D2+ F1+ A2\ @3/ @4\ @3/ E0+ C1\ B0/ @1\ B0/ @3+ N6\ O6\ E8/ E10+ B7+ D10+ E11\ @5+
LoopTrax_2112189 jaha vs. dgb : @0/ @1/ B2/ B0\ @2/ D2+ A3/ C0/ D1/ D0/ E3\ B1\ D0+ @5+
LoopTrax_2112525 supermac vs. bigdan409 OTWP : @0/ B1\ A2/ B2+ C2\ C3\ C4+ D4\ @1\ A0\ A5/ E3/ @4\
LoopTrax_2112799 Sista vs. Lady Ehlana : @0+ @1+ @1+ @1\ D0\ D3\ E3\ A3\ D4+
LoopTrax_2113989 B Line electric streetcar vs. Buz : @0+ A2+ B2+ B1+ C2+ B3\ C4/ A0/ D3+ C1/ A0/ D3+ @3+ B0/ D2/ A1\ B0/ D2/ F3+ E1+ E0/ A7+ F7\ G5/ H7+ I7\ G8/ G3/ H4+ H3+ I5+ J7\ B9/ D10/ @4+ K9\ L7\ G9/ H10\ F11/ A9/ C10/ @7+
LoopTrax_2114095 Shreela vs. marygal : @0+ @1\ A0\ @1\ B3/ D2/ C0/ @3/ A4/ D4\ D5\ D0/ D0\ A2\ B1/ @4\
LoopTrax_2114099 The Faun vs. Megababe : @0/ A2+ A3/ @3/ C2\ D3\ B4+ B0/ A2+ D3+ D0/ E3+ A1\ E5+ C0\
LoopTrax_2114590 Sista vs. Lady Ehlana : @0+ @1+ C1+ B0+ A1+ B3+ C1/ D2\ D3+ E3\ E2+ D4/ A3/ F4\ F5\ E5/ F6/
LoopTrax_2116267 basplund vs. stitcher : @0/ B1+ C1/ B2+ C2\ D2\ E2\ D3+ C0/ D2+
LoopTrax_2117001 HeartOnFire vs. crow57 : @0/ B1\ A2/ @2/ D1+ D0/ D3/ C4\ D0/ E4/ F5\ D6+ B5+ D7/ C6+ F3+ G3/ E0\ F7\ E8\
LoopTrax_2119882 Chad vs. drgnrdr : @0/ A0/ A0/ A0/ B2+ @4/ B0/ D2\ @2+ E4+ F2\ G2\ F5+ @3\ D0/ F7+ H0/ I3+ B1+ D0/
LoopTrax_2119985 * vs. Rogue Trooper : @0/ A0+ A0\ @1\ @3+ @1/ C0+ E2\ D5/ E4+ D6/ F5/ G5/ F1/ E0\ D8/ A7+ D1\ @8\ A9+ @7/ I9\ F10/
LoopTrax_2120223 Megababe vs. Pamper Me : @0+ B1\ B2+ A3\ @1\ A3/ A4\
LoopTrax_2120224 Megababe vs. Pamper Me : @0+ @1/ C1/ B2+ A3\ A0/ @3\
LoopTrax_2120225 Megababe vs. Pamper Me : @0+ B1\ A0/ A3+ @1/ B4\ A3/ @2/
LoopTrax_2120226 Megababe vs. Pamper Me : @0+ @1/ @1/ A0\ @2+ C0/ D1/ A1\ @1+ B0/
LoopTrax_2120386 Sista vs. Lady Ehlana : @0+ @1+ @1+ D1/ B0\ A3/ B3+ A0/ @4/ B5\ B6\ C6\ D5\ C7/ D2/ F4\ E2+ F5+ F2+ D6+ G3+
LoopTrax_2120390 Sista vs. Lady Ehlana : @0+ @1+ A0+ @2\ C1/ D1/ E1\ @2+ D3/ C4/ D0+
LoopTrax_2120683 dgb vs. Oartkickel of the Wolf Pack : @0/ A0/ B1/ B3+ C1/ D1/ E2+ F2+ @2+ D0+ D0/ D0/ @3+ C2/ H4/ H3+ G0/ H2/
LoopTrax_2122023 misci vs. YankeeFan : @0/ A2\ B2\ B3+
LoopTrax_2124248 supermac vs. jaha : @0/ A0/ B2+ @2\ B3+ A3/ @2\ @2+ C1+ B0+ A1+ A0\ B1+ E6/ F6\ F7\ @4/ A5+ @3\ A2\ E2+ C7/ H8\ B7\
LoopTrax_2128890 * vs. Misfit Lenrad6672 : @0/ A2\ B1/ B2+ B3\ C3\ A0\ @1\ E3+ @1/ A2/ @2/ A3/ D4+ G1/ E0+ H3/
LoopTrax_2130727 Sista vs. Lady Ehlana : @0+ @1+ C1+ B0+ A1+ C1/ C3\ D3\ D4\ D0/ E4+
LoopTrax_2131646 Dragon101 vs. Betty04 : @0/ A2+ B1\ A3+ A4/ @4/ A2+ C2+ @3+ E2/ E3/ F2\ G2/ G1/ E0\ F0\ F0\ D3\ D2\ @5\ B4/ A7/ @6+
LoopTrax_2131646 Dragon101 vs. boop2004 : @0/ A2+ B1\ A3+ A4/ @4/ A2+ C2+ @3+ E2/ E3/ F2\ G2/ G1/ E0\ F0\ F0\ D3\ D2\ @5\ B4/ A7/ @6+
LoopTrax_2132530 drgnrdr vs. Megababe : @0/ B1\ A2/ B2+ B3+ C2/ B4\ @1+ E1\ C0+ A1\ A0+ D1+ @1/ E6\ G3\ F5+ E0/ @3\ A1\ B0+
LoopTrax_2132542 Megababe vs. drgnrdr : @0+ @1\ @1\ A0\ @1\ C0+ E3\ E2+ C0\ E5\ F3/ @2/ H2\ G1/ C0/ H7\ I5+ E7/ D7+ G8/
LoopTrax_2132699 dgb vs. B Line electric streetcar : @0+ A0+ B1/ A3+ @2\ @1/ B0/ B0/ @1+ C0/ D7/ C7/ C8/ B8/ A7+ @6/ F8\ D9+ G4\ F5+ G6+
LoopTrax_2132700 B Line electric streetcar vs. dgb : @0+ A2+ B2+ A0+ @1+ C2+ D3+ C4/ A3/ A0/ @1+ C6+ C7/ C8/ D7+ D1/ D0/ A4\ E2+ A9/ E8/ @6\
LoopTrax_2132701 dgb vs. Rogue Trooper : @0/ A0+ A3+ B2\ A4/ @4/ @3/ @3/ C5+ B5+ @4\ B2+ @3/ A5/ @5/ A3+ H3\ E6+ I2/ I1/ I5\ J3\
LoopTrax_2132702 Rogue Trooper vs. dgb : @0/ @1/ A0+ A3\ A0/ A0/ C4/ B5+ @2/ E1+ D0+
LoopTrax_2132703 dgb vs. jaha : @0/ A0/ B1/ C2+ A3/ D1\ @2+ C4+ F1\ @3\ B4+ @3+ C5/ @4+ A6+ D6+ A3\ H3+ J2/ F6\ H0+
LoopTrax_2132704 jaha vs. dgb : @0/ @1/ A0/ @2+ D2/ D3+ C1+ D4/ @2\ D0\ B4/ @1\ C0+ A5/ C6/ @4\
LoopTrax_2132705 B Line electric streetcar vs. Rogue Trooper : @0+ A0/ @1/ B3/ B0+ @1\ RESIGN
LoopTrax_2132706 Rogue Trooper vs. B Line electric streetcar : @0/ A0/ B2+ @1+ C0\ B4/ @1/ A3+ @3/ @2+ G1/ E0/ D0+ C7+ H4\ H5\ D0\ A4/ A1\ @3/
LoopTrax_2132707 B Line electric streetcar vs. jaha : @0+ A0/ @1/ B3/ @1/ D2+ B0+ A0/ @2+ A4+ D6/ B0+ @2/ E8/ C9/ C10+ E9+ F6+ G5/ H4\ G7+ H8+ A4+ B10\ A9/ B11\ A7+
LoopTrax_2132708 jaha vs. B Line electric streetcar : @0/ A0/ B2/ B1/ A0+ @3/ B4+ C0/ D2\ E3/ @5\ B1+ F6+ G3+ A6/ @4/ D7+
LoopTrax_2132709 Rogue Trooper vs. jaha : @0/ @1/ A0+ A3\ A0/ A0/ B5+ B6/ @2/ @1+ C0/ B6+ A6/ @5+ B8/ A8/ @5/ @6\ B4+ A9/ @9/ G9\ H9/
LoopTrax_2132710 jaha vs. Rogue Trooper : @0/ A0+ @1/ @1+ B0+ B0/ D3\ C5/ B5/ @2/ @3\ @2/ D1+ A0+ @4\ @3/ F1+ E0+ E6+ H2\ A7/ D8\
LoopTrax_2132930 Misfit Lenrad6672 vs. Pamper Me : @0/ A2\ B2\ B3\ A0\ @2/ D3/ C1+ C0/ D1/ E3/ E4+ A6/ @4\ C0\ B2/ @4\ B2+ A3+ G2/ D0\ H5+
LoopTrax_2132985 Geri39 vs. Megababe : @0+ A0+ B1\ @1/
LoopTrax_2134617 Sista vs. Lady Ehlana : @0+ B1+ C1+ B0+ A1\ @1\ B0+ C4\ @3+ E5/ @3/ A4/ A6/ @6/ B7+ A4\ @6/ H2/ F0\ I4\ B4\ B3/
LoopTrax_2135556 Sista vs. rich1253us : @0+ @1/ B2/ @1/ B2+ C0/ D1/ B1\ B0\ D1/ C0\
LoopTrax_2136562 purplehawke vs. Megababe : @0/ @1/ B0+ A3+ @3/
LoopTrax_2137128 Jane vs. Marko : @0/ B1\ B2\ C2+ B0+ D1+ B0+ E3/ C5+ E1/ F2\ F4/ D4\ G4\ F5/ D6/ E6+ E7+ F7\ G7\ B5/ A6\ D8/ C7+ B8+ H7\ E8+ C9/ H2/ @6\
LoopTrax_2137404 MizE vs. Misfit Lenrad6672 : @0/ A2\ @1\ C1\
LoopTrax_2137985 Sista vs. Lady Ehlana : @0+ A0+ A0+ @2+ A1+ @1/ D2\ E2+ D1/ E1/ F1+ F0/ G2/ H2/ G1/ E1\ E0\ A2/ @3/ F0\ B6\
LoopTrax_2139070 Pamper Me vs. Megababe : @0+ A0+ A0/ A0/ B3+ @2/ D2/ D3+ D4+ D5/ A4/ @3/
LoopTrax_2139634 The Pampered Cricket vs. BabyGirl The Rebel Angel : @0+ B1/ B2\ C1+ C2+ D1/ B3\ A2+ C4\ D3/ E3/ B4/ B5/ A5\ C5\ B6+ E4\ F3/ C6+ B7/ A6+ @5+ E6+ A3\ F6\ G5/ H5/ E0+ F1+ G1+ H3\ I3\ @3\ A2\ I7\ J6+ G0\ I9+ F10\ G10\ E11/ J1/ I0/ K3/
LoopTrax_2139945 The Faun vs. marygal : @0/ B1\ B2\ C2\ A2/ A3/ B0\ @3\ C4+ D0+ E3\ E4\ F4\ D0\ D0\ F2/ G4+ A4\ B3+ @6+ D8+ A3\ @3\ C1\ D0/ C9+ A7\ @4\ I9\ F10+ J8\
LoopTrax_2143273 Megababe vs. Tigger : @0+ @1/ A2+ C2/ A3/ B3+ A0/ @3/ B0+ B0\
LoopTrax_2143274 Tigger vs. Megababe : @0/ @1/ A2/ C2+ A3/ @3/ A4/ @4/ A5/
LoopTrax_2143275 Megababe vs. Rogue Trooper : @0+ A0/ B2+ A3/ @3/ @3/ C0/ C0/ C6+ D6\ D7\ E7\
LoopTrax_2143276 Rogue Trooper vs. Megababe : @0/ @1/ B0/ A0+ @3/ A4/ @1+ @2+ @4\ C0\ B1\ B0\ A1\
LoopTrax_2143277 Megababe vs. misci : @0+
LoopTrax_2143278 misci vs. Megababe :
LoopTrax_2143279 Megababe vs. Momsie : @0+ @1\ @1+ B0/ A3+ D2/ @3\
LoopTrax_2143280 Momsie vs. Megababe : @0/ B1\ C1/ A2\
LoopTrax_2143281 Tigger vs. Rogue Trooper : @0/ A0+ A0\ @1\ @3\ A2+ A0/ @1+ E2/ F2/ E3+ D5/ D6/ A6+ @4/ C7+
LoopTrax_2143282 Rogue Trooper vs. Tigger : @0/ B1\ A2/ C1\ D1+ B2+ C3/ D3/ C4/ B0\ D6\ E5/ A6/ @5\ D7/
LoopTrax_2143287 Rogue Trooper vs. misci : @0/
LoopTrax_2143288 misci vs. Rogue Trooper :
LoopTrax_2143289 Rogue Trooper vs. Momsie : @0/ B1\ A2/ @2/ @2/ B3/ D3+ C4\ C5\ D5\ E5\ F4\ F2+ E6\ G3+
LoopTrax_2143290 Momsie vs. Rogue Trooper : @0/ A0+ @2\ B0/ A2+ A1\ C1/ A0/
LoopTrax_2143293 dgb vs. FujiTape : @0/ B1\ A2/ A3/ A4+ A5\ B2+ C4/ C1/ A0/ @5\ D3+ E3\
LoopTrax_2143294 FujiTape vs. dgb : @0/ @1/ B2/ C2+ D1/ D0/ E2/ A1\ E3\ C0+
LoopTrax_2143295 dgb vs. B Line electric streetcar : @0+ A0+ A3\ A0\ B2/ B3+ A0/ C4\ B6\ @2\ B0/ B0+ E5+ F5/ F4/ E3/ E1+ F1/ G1+ RESIGN
LoopTrax_2143296 B Line electric streetcar vs. dgb : @0+ @1/ C1/ C0/ D1+ C0\ E2/ B4+ C4+ E3+ F4/ @4\ B2+ A5/ @3/ I2/ I1/ F5/ E6\ I6+ H7+
LoopTrax_2143297 dgb vs. Marko : @0+ A0+ @1\ C1/ A0\ A0+ @2/ D0/ E1/ C0\ B2+ A3+ @3\ @4/ C5/ C6/ @3+ @4/ C6+ B2+ A2\ @4/ A5/ F2\ D1\
LoopTrax_2143298 Marko vs. dgb : @0+ A2+ @1\ C1/ C0/ D2/ D3/ C0+ D1/ A0\ @3+ E1/ RESIGN
LoopTrax_2143299 dgb vs. schmeedle10 : @0/ @1\ A0/
LoopTrax_2143300 schmeedle10 vs. dgb : @0+ @1\ B2/ @1/ C0/ C0/ A4+ D2+
LoopTrax_2143301 FujiTape vs. B Line electric streetcar : @0/ @1/ A0/ A0+ A0\ @4+ A5/ C5\ D4/ B6/
LoopTrax_2143302 B Line electric streetcar vs. FujiTape : @0/ B1\ B2\ B3\ A3+ @3/ B4/ A4+ C5\ D3\ A1\ @4\ B0/
LoopTrax_2143303 FujiTape vs. Marko : @0/ A2\ B1/ @1/ C2\ D1/ E1/ D2+ F1/ E0/ F1+ D0+ F5\ G5\ D5/ F6+ F7/ E0/ F1/ @6+ C7\ G0/ H4/ F0\ E3+ G0/ H1/ I4+ G12\ H12\ I10/ C4+ A5\ @5+ A4\ C3/ C2/ I0/ K2/ L2+ L1/ J0\ C13+ A11\ @11\ G1\ F0/ B4+ A7\ I1+
LoopTrax_2143304 Marko vs. FujiTape : @0+ @1/ A2+ C1\ A3/ D1\ C3+ C4/ D0+ D0/ E1/ E0/ E6\ F2+
LoopTrax_2143305 FujiTape vs. schmeedle10 : @0/ A0\ @2\
LoopTrax_2143306 schmeedle10 vs. FujiTape : @0+ B1/ A2\ @1\ B0/ C4\ D4/
LoopTrax_2143307 B Line electric streetcar vs. Marko : @0+ @1/ A2+ C2/ C3+ D1\ C0\ B0\ A1\ @3/ E1/ A0/ F3/
LoopTrax_2143308 Marko vs. B Line electric streetcar : @0+ A0+ @1\ B3+ @1/ B3+ B4/ A4/ A5/ @5/ A6/ @3+ @2/ B1+ B0/ E1+ @3/ A5+ A1\ A6+ @1/
LoopTrax_2143309 B Line electric streetcar vs. schmeedle10 : @0+ @1/ B2\ B3\ C2\ D2/ B4+ C3\ D1+ D4\ D5/
LoopTrax_2143310 schmeedle10 vs. B Line electric streetcar : @0+ A2+ A0/ A4/ @4\ A2/ C4/ D4/ @2/ A1\ @2/ C0/
LoopTrax_2143311 Marko vs. schmeedle10 : @0+ A2/ A0\ @1\ A0\ @1\ D3\ B5\ @4+ B6/ E1/ E0/ F3\
LoopTrax_2143312 schmeedle10 vs. Marko : @0/ B1\ A2/ @1+ C2+ B0/ D3/ B0/ E3/ D5\ E5\ F5\ @4\ A5+ @5/ B1\ B0\ A4\
LoopTrax_2143313 supermac vs. jaha : @0/ A0/ B2+ @2\ B3+ @2/ B3+ @2/ B1+ D0+ @2\ A1\ D0/ @2+ E6\ A1/ D2\ C1/
LoopTrax_2143314 jaha vs. supermac : @0/ A2\ B2\ B3\ @2+ C1+ D2/ E2/ E1/ B0/ A1+ A0+ @1\ E6/ B7+ A7/ F7\ F8\ G6\
LoopTrax_2143315 supermac vs. HeatherN : @0/ B1\ A2/ @2/ C2\ C3\ @1+ A0\ A0+ @1\ E1/ F3\ D0/
LoopTrax_2143316 HeatherN vs. supermac : @0+ @1/ @1\ B0/ C3/ D2\ E2/ E1/ D0/ A4/ B5/ @4\
LoopTrax_2143317 supermac vs. spitfire : @0/ B1\ A2/ A3/ @2+ @1\ C0/ D4\ E3+
LoopTrax_2143318 spitfire vs. supermac : @0+ @1/ @1\ A0\ C1+ C3+ D2/ @2/ A3/ A4/ B5/ A5/ A6/ @4+
LoopTrax_2143319 supermac vs. Beaupol : @0/ B1\ A2/ A0/ C2\ D2\ E1+ E0/ B0\ A1\ @1\ G2+ E5\ B6/ G5\ G1+ H3\
LoopTrax_2143320 Beaupol vs. supermac : @0+ @1/ A0\ @1\ A0+ C4+ D3/ @2/ A3/ @3/ A4/ A5+ D5+ @4/
LoopTrax_2143321 jaha vs. HeatherN : @0/ A2\ B2\ B1+ B3/ C1\ D1\ D0/ E1/ B1\ A0/ @2\ E1+ C0\ @3\ E5+ A5/ B6/ @5\
LoopTrax_2143322 HeatherN vs. jaha : @0/ @1/ A2/ B3+ C2\ B4/ @3\ D4\ D5\ E2\
LoopTrax_2143323 jaha vs. spitfire : @0/ A2\ B2\ B1+ B3/ C1/ D1/ C0\ D4\ C5\ E3\
LoopTrax_2143324 spitfire vs. jaha : @0/ A0/ B1+ C1/ B3\ C3\ D1/ B4+ @3\ F1+ F0/ F5\ D6/ G4\
LoopTrax_2143325 jaha vs. Beaupol : @0/ A2\ B2\ @2\ B0/ A0+ @4\ @4\ E1\ F3/ F1\ B5+ @1+ A0\ A6/ @4+ B7\
LoopTrax_2143326 Beaupol vs. jaha : @0+ A0\ A3/ @2\ @2\ A1\ @1\ D0+ D5/ E1\ B0+ A7+ @4+ @4\ A5+ A8/ @8/ F8\ B9+ G8/
LoopTrax_2143327 HeatherN vs. spitfire : @0+ B1\ B0/ C2\ C3\ B0\ A1\ @3\ @3+ B0\ A2/ E3/ F3/ C6/ B6/ @5/ F7\ G7\ C8/ B7+ A7/ A8/ B9/ A4\ @4\ C10\ B9+ A9/ B2\ B1\ A1\ @2\ B0/ F11/ D1\
LoopTrax_2143328 spitfire vs. HeatherN : @0+ @1\ A2/ @2/ B0\ D1\ E2\ D3/ B4/ A1\ @3/ B0/ D1/ C0/ E2+ F2/ G3/ A1\ A0\ D2+ B1/ A0\ @3+ G3\
LoopTrax_2143329 HeatherN vs. Beaupol : @0+ B1/ B2\ C2\ C3\ A3+ B4/ @2/ E4\ C5/ B4/ E2/ E1/ F3\
LoopTrax_2143330 Beaupol vs. HeatherN : @0+ @1\ C1\ A0\ B3/ B4/ @4+ C0/ D1/ E3\ @5/ D6/ A7+ @6/ D0+ A8+ C9/ D0\ C1\ B3\ F1/ D0\ G2\
LoopTrax_2143331 spitfire vs. Beaupol : @0/ A2\ B1/ @1/ C2\ D1/ B3+ @2\ D4\ E3/ F3/ C0+
LoopTrax_2143332 Beaupol vs. spitfire : @0+ B1\ B2\ A3/ @3/ A1+ @1/ @3/ A4+ B4+ A5/ F3\ D4+ F2+ @4\ @4+ B1\ I2\ A2\
LoopTrax_2143339 Dawnas AZ vs. drgnrdr : @0/ A0/ B1/ B3/ @2+ @2/ A3/ B0/ @4+ @4\ A2+ A1\ @1\ A0\ @1\ A5/ B6/ @5\
LoopTrax_2143340 drgnrdr vs. Dawnas AZ : @0/ A2/ A3\ B3\ A4\ B1/ C1/ @3\ @3\ D0+ E0\ F1+ F4\ G3\ F5/
LoopTrax_2143345 Lone Outlaw vs. drgnrdr : @0/ A0/ B1+ C2/ @2/ C3\ B4\ @2/ D4+ E4\ F4\ @4/ B5\ A1\ @1\ C0\
LoopTrax_2143346 drgnrdr vs. Lone Outlaw : @0/ B1+ C1/ A2+ B3/ D1/ D2/ E1/ E0/ E4\ D5/
LoopTrax_2143349 Oartkickel of the Wolf Pack vs. drgnrdr : @0+ @1\ C1\ @1\ C2/ C0/ A4/ @2\ @3+ B4/ F4\ E5/
LoopTrax_2143350 drgnrdr vs. Oartkickel of the Wolf Pack : @0/ @1/ B2/ @1\ B0/ B3/ @3\ B1+ A4/ @3\ E4\ C5/ F4/
LoopTrax_2143351 dingbat vs. drgnrdr : @0/ @1/ A0+ @1\ D1\ @1\ A0\ D1+ @2+ E4+ E5\ @2\ E0\ G7/ E6+ F0\ H4\ B2/ @4\ B5+ E6+ @2\ A4+ B1\
LoopTrax_2143352 drgnrdr vs. dingbat : @0/ @1/ B2/ A0+ @2+ A3/ C0\ B0/ @5/ C6\ B2+ A3+ E1\ @4+ F0/ G1\
LoopTrax_2144223 Sista vs. Lady Ehlana : @0+ B1+ B0/ B3+ C1\ C2\ A3/ D2/ @3\ A4/ @3\ A4+ @3/ A4/ C2+ C1\ C0\ G2/ G1/ E0\ A3+ @5\
LoopTrax_2144713 Sista vs. rich1253us : @0+ B1/ B2\ C2\ @1+ D1/ E2+ D3/ C0+ C4/ B3+ C5+ @2+ C4/ D6/ B5/ A5+ B6+ B7/ A7/ @6+ B8/ @6/ C4\ @8/ A9/ C3+ C9/ @9/ C10\ C11\ @9/ F10+ E12\ D12+ A13\ D13\ E13\ E14\ D15\ F13+
LoopTrax_2145984 HeartOnFire vs. crow57 : @0/ B1\ A2/ @2/ C2\ B3/ A3/ @3+ D3+ E3\ C4+
LoopTrax_2146661 dolly vs. Marko : @0+ B1\ B2\ A3/ @2\ D3\ D4\ D2+
LoopTrax_2146915 * Sassy_Angel * vs. Lone Outlaw : @0/ A2+ B1/ B0/ @3\ B4\ D3\ C0\ D5+ E4+ D6+ E6\ D7/ E1/ E0/ F2\
LoopTrax_2147155 Marko vs. dolly : @0+ @1\ A2/ @2+ @2\ B1\ B0\
LoopTrax_2147197 LilSis vs. Misfit Lenrad6672 : @0+ B1/ B2\ C2\ C1+ @1\ A0\ @1\ D0/ C0+
LoopTrax_2147372 purplehawke vs. Marko : @0/ A2\ B2\ B3+ @2+ B0/ D4/ D5\ E4/ B0\ A3+ C2/ A6/ C7+
LoopTrax_2147986 Gnahaha vs. B Line electric streetcar : @0+ A0+ @2/ @2+ A1+ @1\ @1\ E3+ A2/ F3/
LoopTrax_2149759 B Line electric streetcar vs. lapman : @0+ B1+ C1+ D1+ @1+ D0+ F2+ A1+ @1/ E0+ B1+ C1+ F2/ E4\ C4+ F0\ A2\ @3/ I4/ J4/ I5+ E6\ I2\
LoopTrax_2151609 drgnrdr vs. dingbat : @0/ A0/ A3/ B1+ @3/ D1/ D2+ A0+ @3/ B0/ C0\ @5+ A6/ @6/ A4+ B7+
LoopTrax_2151610 dingbat vs. drgnrdr : @0/ A0/ B2+ B3\ C1\ A4\ B4+ @4/ A5\
LoopTrax_2151874 Megababe vs. keops : @0+ A2+ B2+ A3+ C2+ B3+ @2+ @2/ F2+ F1+
LoopTrax_2151875 keops vs. Megababe : @0/ A0/ A3/ @2+ C3+ D2+ A0\ @2/ E1/
LoopTrax_2153378 Marko vs. purplehawke : @0+ B1/ @1/ B2\ D1/ B0\ D4\ E4\ A4/ @3\ C5\
LoopTrax_2154232 firefly vs. phonic : @0/ B1\ A2/ B2+ A3/ A4/ A5/ @4\ A1+ @1+ A3+ E3\ D6\ E6\ A6/ A7\ C7/
LoopTrax_2154937 * vs. asmdrm : @0/ A0+ A0\ @3/ @1+ D3\ D4\ E4+ A4/ @3\ C4+ D5/ D0\ A5/ @6\ F3/ B2\ G3/ H4\ C0\ D0+ G8\ F9\ H9\ I9/
LoopTrax_2154968 Rogue Trooper vs. The Faun : @0+ @1/ A0/ B3\ C2/ B0\ D2\ @3/ F4\ D5/ F1/ F5\ G2\
LoopTrax_2158467 keops vs. dboy97 : @0/ A0/ A3/ @1\ B0/ @4+ D2+ E2\ E5\ F4/ D6+ E7/ F6+ F2/ F1/ C0/ C0/ F0+ G3\ B4+ A3+ A1+ A0/ @4/ B0/ E1/ C0+ @7\ B3/ B1\ A1\ A5+ A2/ @2/ B10/ A8+ D11+
LoopTrax_2158495 marygal vs. BabyGirl The Rebel Angel : @0/ A2+ @1\ B0/ A1+ A0+ @2/ D4+ D5\ B4+ E4/ @3+ F1/ E0+ G3/
LoopTrax_2160362 Kran vs. Traxplayer : @0/ @1/ A2/ C2+ C3\ C4+ D4\ @4/ A5/ A1\ @2\ B0/
LoopTrax_2160404 marygal vs. Uncle Chuckie : @0/ B1+ A0\ @2/ A1+ A0\ @1\ A0\ @3/ D1/ C0\ E3\
LoopTrax_2162503 Blue Warrior vs. BabyGirl The Rebel Angel : @0+ B1/ B0/ A0\ @1\ A3+ @2+ B0\ @2+ A3+ @2+ A1\ B0/ A4+ @3+ H2+ F1\ E1\ D0/ A2+ C6\ G7/ B0\ A1\ B0+ @2+ J6\ I7+ I10\ J9+ K9\ K10\ I11/ A5+ @3+ A5+ @3\ B2+ A5/ @5/ D6+ B6/ C7/ E8/ E9/ E10+ D8+ I2+ E0/ L2+ I1/
LoopTrax_2162517 marygal vs. balmoral : @0/ A2\ B1/ B0+ B3\ C1\ @2+ D3\ E2/ C0+ A1\ @3\ F1/ D0+
LoopTrax_2163526 Sista vs. rich1253us : @0+ @1/ C1/ D1/ D0/ E2/ E1/ F2/ B3\ F4+ D0+
LoopTrax_2165597 Sherry vs. YankeeFan : @0/ B1\ A2/ B0\ B0+ C1+ C0/ D2/ C0\ B1\ A7\ B7\ B0\ A3/ @5+ E6\ E7+ F5/
LoopTrax_2166100 marygal vs. Marko : @0/ B1\ A2/ @2+ C2\ B3/ D1/ B0/ @3/ A2+ @4/ B5\ C5\ G3+ G4+ H2\ G1+ A2\ @4/ D0+
LoopTrax_2166163 the nutter vs. marygal : @0/ B1\ B2\ C2\ A0/ C0+ D2/ A4+ C5\ E2/ D1/ C6/ @4/ B6/ D0/ F7\ RESIGN
LoopTrax_2166893 jaha vs. Traxplayer : @0/ @1/ A0/ @1/ B0/ B4\ D3+ C2+ A4\ @3+ E1\ D0+ F2+ D5+ @4\ @3+ D1+ C0/ @4\ F7+ I4+ J4\ G7\ D0+ D8+ G2/ G1+ J2/ K5\ I1/
LoopTrax_2167119 Betty04 vs. marygal : @0/ B1\ B2\ C2\ A2/ A3/ @1\ B0/ E3+ F3\ F1\ D0+ G4/ E5/ B6/ D0\ G4+ B1\ A2+ B0/
LoopTrax_2167212 chaosbreaker vs. marygal : @0+ @1/ A2/ @2/ @2/ C3+ E1/ @1+ F3\ B0+
LoopTrax_2167628 ravens nest vs. marygal : @0/ B1\ @1\ C2/
LoopTrax_2167639 ravens nest vs. marygal : @0/ B1\ C1/ B2/
LoopTrax_2167654 ravens nest vs. marygal : @0/ B1\ A2/ @2/ C2\ C3\ D1/ D0/ @3+ C4/ C5/ F4\ F5\ D1\ E0/ @4/ E1\ F0/ E7+ H4+ B6/ A2+ @2\ C1+
LoopTrax_2168010 rich1253us vs. Sista : @0/ A2\ B1/ B2+ B0+ C2+ C1/ C0+ D2\ D1+ E1/ F2/ D3+ E3+ D4+ E4+ E5\ F1+ F0/ F5+ E1\ F0/ D2+ G3+ G5\ G6\ E8\ H5+
LoopTrax_2169460 marlisam vs. dgb : @0/ @1/ A2/ B0/ B0\ B0\ A2\ @4+ D2\ E2+ B1+ A1\ @1\ @2+ @3+ A4+ @4/ A5/ C6\ @4+ B3\ B2\ A3\ D0/
LoopTrax_2169462 marlisam vs. marygal : @0/ A2\ B2\ B3\ B1/ C2\ D2\ A4/ @4/ D4\ D5\ C0/ D1/ D0/ E1/ F3/ F2+ F5\ A5\ G4+
LoopTrax_2169662 * vs. DINGEROO : @0/ B1\ A2/ @1+ @2\ @1\ B0/ D0/ E1/ C0\ F3+
LoopTrax_2169663 Traxplayer vs. Oartkickel of the Wolf Pack : @0/ B1\ A2/ A0/ @2+ @2+ C0\ B5\ C6/ C7+ D7+ C8/ A6/ B7+ E4+ @4+
LoopTrax_2169808 ERIN MIA vs. Dragon101 : @0/ @1/ B0\ A1\ @2+ A1+ A0/ @2/
LoopTrax_2170226 supermac vs. drgnrdr : @0/ A0/ @1+ A0+ @3\ D3\ D4\ @2/ A1+ C0\ @3+ F6\ B5+ A4/ G6\ D7+ G2/ E1/
LoopTrax_2172029 HEATHER vs. Dragon101 : @0+ A2\ B2/ A0+ B2/ @1/
LoopTrax_2172041 Marko vs. Phil The Hat : @0+ A0+ @2/ B0+ @3\ A2\ @2\ A1\ B4\ D5\ RESIGN
LoopTrax_2173584 Gnahaha vs. marygal : @0+ B1\ B0/ C1/ B0/ A4+ A1\ @4\
LoopTrax_2174670 marlisam vs. dgb : @0/ @1/ A2\ C1\ C2\ D2\ C3\ C4\ D4\ A4/ B5\ @3\
LoopTrax_2176003 Sista vs. Traxplayer : @0/ @1/ A2\ C1\ C2\ D2\ B3/ D0/ E1/ A1\ @3\ C0/
LoopTrax_2178885 marlisam vs. BabyGirl The Rebel Angel : @0/ A2+ A0\ @2/ C1\ B0\ D2\ A1\ @2\ D5/ C0\ C0+ E0/ F2+ G3/ F1+ B3+ E0/
LoopTrax_2179203 Traxplayer vs. darkest angel 70 : @0+ @1\ A0\ C1/ B0\ A1+ @2/ D1+ E2\ E3\ F3\ E4/ F1/ G1/ D0+
LoopTrax_2179842 spoiltdog vs. dgb : @0/ @1/ B0/ @1+ A0+ B0\
LoopTrax_2180364 dingbat vs. drgnrdr : @0/ @1/ C1/ B0+ B3\ A0/ B0\ D3\ @3+ D1\ C0\ C0\ E1+ F3\
LoopTrax_2180367 dgb vs. spoiltdog : @0/ B1\ A2/ B2+ C2\ C3\ D3\ D4\ D1/ D0+ E2\
LoopTrax_2180442 pauchie vs. Megababe :
LoopTrax_2180447 purplehawke vs. The Faun : @0+ A0/ @1/ B0/ C3\ D3+ C4/ D0/ E2\ A1\ D0+ @3\
LoopTrax_2180818 marygal vs. dgb : @0+ A2+ @1\ C1/ A0\ D1\ B0+ C0+ C5+ D6/ E5+ F4\ A5/ @3\ C1+ E7/ G6+ C6+
LoopTrax_2180860 Sista vs. rich1253us : @0+ @1\ @1/ A2/ D1\ B2+ E1\ @2\ D0/ B4\ E3+
LoopTrax_2181477 Sista vs. rich1253us : @0+ @1/ C1+ @1+ D2/ D0/ E1/ C1\ C0\ @1\ B0/ G4+ A1+ @1+ @1/ A2/ E1+ I5/ F6/ F7+ I6/ I7\ J4\
LoopTrax_2182067 Sista vs. Lady Ehlana : @0+ B1+ B0\ B3\ A3+ @3/ B4\ D3+ C4\ A1\ @2+
LoopTrax_2182326 drgnrdr vs. dingbat : @0/ A0/ A3/ B3+ A4/ @4+ C5\ D3\ D2+ D5\ E3\ C0\ B0/ E1+ F3\
LoopTrax_2182375 LadyBabyJane vs. Dragon101 : @0/ A0/ B2/ B1/ C2\ C3+ B3/ D3\ D1/ C4+
LoopTrax_2183954 Sista vs. Lady Ehlana : @0+ @1\ C1\ A0+ @1/ B3/ C3+ A3+ @3/ D4\ F3+ C0+ B5+ B1\ A1\ @1\ @1+ A0\ F7+ F8+ G7+ I6\ @5+ I4+ B6+
LoopTrax_2184987 spitfire vs. Geri39 : @0/ B1\ A2/ B2+ A3\ @3/ B4\ C3\ D1/ C0\ C5\ D3\ E3\ D4\ D5+ E4+ F4\ E5\ E6\ C6+ F6/
LoopTrax_2186396 dgb vs. keops : @0/ A2/ B1+ B0/ B4+ C4\ @3\ @3\ D5/ F4+ E2+ G3+ F1+ D6/ B4+ A5+ @4+ G5+ @3\ A2\ D7+ A4/ @2\ B1/ D2+ F1+ D1+ E0/
LoopTrax_2186397 keops vs. dgb : @0/ A0+ A0\ @1\ A0\ @4+ @3+ B0+ @3/ B5/ B6/ @1+ C0/ @4/ B5+ B8/ A8/ E8+ RESIGN
LoopTrax_2186940 Sista vs. Lady Ehlana : @0+ A0+ B1+ @2\ C2\ D1\ C3+ D2+ C4/ A3+ D3+ A5/ @4\ @2\ A1\ A0\ @1\ B0\ H5/ F2/ E0/ @3\ G1+ B2+
LoopTrax_2192135 the nutter vs. marygal : @0/ B1\ A2/ @2/ C2\ C3\ B3+ C4\ D2/ @3\ D5\ F4\ D0/ E1/ G4\ A1+ @3/ E0\
LoopTrax_2192603 Traxplayer vs. dizzy : @0/ B1\ A2/ B2+ @2\ A1+ B0+ C1/ D1\
LoopTrax_2193391 Slowgamer vs. violet unicorns : @0+ @1/ A2+ A3\ @2+ @2/ A3\ B4/ A1\ A0\ @2/
LoopTrax_2193845 jaha vs. Chad : @0/ A0/ B2/ B3/ C2/ @2\ B3/ @2\ B4+ B5\ F3\ C4+ D5+
LoopTrax_2193926 supermac vs. Uncle Chuckie : @0/ B1\ A2/ @2/ C2\ C3\ @1+ C0/ E4\ @1/ A0+ E1+ G3+ D0/ H2/ G1+ H6\ I2/ H7/
LoopTrax_2193928 Goonerg vs. Megababe : @0/
LoopTrax_2194006 violet unicorns vs. ERIN MIA : @0/ B1\ A0+ A3\
LoopTrax_2195338 Sista vs. Lady Ehlana : @0/ A0+ @1+ B0/ A1+ A0+ @3\ D4\ B5\ A4+ D1\ E3/ B0/
LoopTrax_2195811 Dave (UK) vs. Rand al*Thor : @0/ B1\ A2/ B2+ A0\ @3+ C4+ D3/ E2\ A4/ B5+ D1/ B0\ C1+ C0/ A3+ E1/ F2+ G2\
LoopTrax_2195879 Rogue Trooper vs. dingbat : @0/ A0/ B1/ C2+ A3/ D2/ B0/ A5+ @1\ B0/ E5+ F4/ E1+ C7/ C8/ F8+ G6/
LoopTrax_2196750 Sista vs. rich1253us : @0+ @1/ @1\ A0\ D2+ B3\ C3\ C4\ D1\
LoopTrax_2197546 Rand al*Thor vs. misci : @0/
LoopTrax_2198623 Sista vs. Lady Ehlana : @0+ A0+ B1+ @1/ C2\ C0\ D3\ E3\ C4+
LoopTrax_2199225 Traxplayer vs. fallingstar : @0/ B1\ A2/ B0\ C2\ @1\ A0\ E2\ D1+ C0/ F3\ F4/
LoopTrax_2199294 drgnrdr vs. marygal : @0/ B1\ A2/ @2/ B3\ C2+ @3\ A0+ @3/ D5\ E5\ F3/ E1+ E6\ G3/ A7+ @7/ H7\ I3/ F8\
LoopTrax_2199866 keops vs. dingbat : @0/ A0/ @1+ C1\ B0/ B0+ @3+ C0/ E4+ RESIGN
LoopTrax_2200123 Traxplayer vs. darkest angel 70 : @0/ B1\ A2/ B2+ @2\ A3\ @3\ B4\ B5+ A2+ A1\ B0\ E4+ @2\ A1\ B0\ E1/ F3\ D0/
LoopTrax_2200144 Traxplayer vs. darkest angel 70 : @0+ @1/ C1/ C0\ B3+ A1/ C0/ D1+ D3\ D4\ E1\
LoopTrax_2202882 Sista vs. Lady Ehlana : @0/ B1+ @1\ A0\ D2+ C3+ @1\ E3+ F3\ C1/ B0\ E2/ C1/ B0\ G5\ D1\ B0\ A1\ F7+ F4/ G5+ A0/ H6/ F4\ @5+ C1+ D2/ D8+ E9/ E1\ C7+
LoopTrax_2204295 HeatherN vs. violet unicorns : @0/ @1\ A0/
LoopTrax_2204296 violet unicorns vs. HeatherN : @0/ B1\ A2\
LoopTrax_2204297 HeatherN vs. jaha : @0/ A0/ B1\ A3\ B3\ B4\ C2/ @1\ B0/ A5/ @4/ C6/
LoopTrax_2204298 jaha vs. HeatherN : @0/ A2\ B2\ B1+ B3/ C2\ B4/ @2\ D5\ E4/ B5/ B6/ B0/ B4/ A5\
LoopTrax_2204299 HeatherN vs. chaosbreaker : @0/ B1+ A0\ @2/ C3\ C4\ D3/ @3/ F3\ B1+ E2+ E1/ C0\ B6+ A5/ A3+ B7/ D7\ B8/ E6\
LoopTrax_2204300 chaosbreaker vs. HeatherN : @0/ A2\ B2\ A3\ B3\ A4/ @4/ C5\ D4/ E2/ D1\ F3\ F4\ F5\ E6+ A7/ @5+ H4/ C8+ H3+ G1/ G0/ F0+ H2\ @7\ C5+ B6+
LoopTrax_2204301 HeatherN vs. drgnrdr : @0+ @1\ A2/ @2/ A3/ B4+ C3\ B5/ D2/ @5/ B6\ A2\ B1+ @3/
LoopTrax_2204302 drgnrdr vs. HeatherN : @0/ B1\ A2/ B2+ B3+ C3\ B4\ C2/ D2/ C4\ @2/ A0\ @2/ E6/ D6/ C6/ A5+ C7\ B7+ D1/ B0\ D8+ @6\ G8\ F9/ E1+ E0/ F1/ F0/ H2/ A10/ @8\ C11/
LoopTrax_2204303 violet unicorns vs. jaha : @0/ @1/ B0\ @2\ B1+ B0\ A2\ @2\ B1\ D4\ B0/ E4\
LoopTrax_2204304 jaha vs. violet unicorns : @0/ A2+ A3/ @2/ C1\ C2\ B4/ A3/ D1/ A4/ C0/
LoopTrax_2204305 violet unicorns vs. chaosbreaker : @0/ B1+ A0\ @2/ @2\ A1/
LoopTrax_2204306 chaosbreaker vs. violet unicorns : @0+ @1\ B2/ @1/ A0+ C1/ B4\ @1/ E3+ E2/ C0+ A3/ A4/ E2/ F3+ B5/ C6/
LoopTrax_2204307 violet unicorns vs. drgnrdr : @0+ @1\ RESIGN
LoopTrax_2204308 drgnrdr vs. violet unicorns : @0/ A2/ A3\ B1\ B3/
LoopTrax_2204309 jaha vs. chaosbreaker : @0/ B1+ C1/ C0\ A3\ D1+ D0\ B4\ B5/ B2\ A1/ B0\ @3/ F3/ A0\ @3+ G1/ RESIGN
LoopTrax_2204310 chaosbreaker vs. jaha : @0+ A2/ @2\ B0/ A4+ B0/ B5+ A3\ B6/ C2+
LoopTrax_2204311 jaha vs. drgnrdr : @0/ A0/ B2/ C2/ @2/ C1/ A3+ A0+ @4\ @3/ @1+ C0/ H5\ F6+ I4/ I3/ J5\ H6\ I7/ F1/ J7\ G1\
LoopTrax_2204312 drgnrdr vs. jaha : @0/ A0/ @1\ A0/
LoopTrax_2204313 chaosbreaker vs. drgnrdr : @0+ @1\ A0\ A3\ A4\ @2+ D2/ D3+ @3\ B0/ A2+ B6+ D6+ F4\ F2+ B7\ E7+ C8/ A7+ B0/ @3+ A1\ C0+ H7/ H3+ H10\ RESIGN
LoopTrax_2204314 drgnrdr vs. chaosbreaker : @0/ B1/ @1\ B0/ @2\ C3/ C4/ @3+ @2/ @2/ B4+ F5/ B1+ D1+ F0/ G1+ @2\ C1\ A5/ RESIGN
LoopTrax_2204315 dgb vs. spitfire : @0+ B1\ @1\ C2/ B0+ D2\ E2\ D1\ D4\ B4/ C5\ C0/ F1/ F0/ G4+ H4\ H5\ F6\ B7/ B8/ A8/ @4\ @4\ I6\ H7+
LoopTrax_2204316 spitfire vs. dgb : @0/ A0/ @2+ B0/ C2/ B4/ C1/ @4\ B5\ E4+ A6/ @6/ D6\ B7+ @6/ D8\ E8\ F8+ E9/ H4\
LoopTrax_2204317 dgb vs. Jesme : @0/ B1\ A2/ @2+ B0+ @2/ E2/ D1+ D0/ E1/ E0/ F3\ G3+ G4\ F5\ C6/ G6\ B7\ H4\
LoopTrax_2204318 Jesme vs. dgb : @0/ @1/ B2+ B3\ C3\ C4\ B5\ D3+
LoopTrax_2204319 dgb vs. darkest angel 70 : @0/ A2+ A3/ @3/ @3/ @3+ @3/ @3/ B2+ A4/ B1\ F0/ @4+
LoopTrax_2204320 darkest angel 70 vs. dgb : @0+ A2+ @1+ B0/ B4\ C4\ A4\ B5+ C2/ D2/ D4/ E3\ E1/ F1/ G1/ E5\ F4/ D6/
LoopTrax_2204321 spitfire vs. Jesme : @0/ A2\ B2\ B3+ B1/ C1/ A0\ @2/ A5/ @5/ D5\ B6+ D0\ C8\ D8\ A3\ A2\ @7/ A8/ B5\ A5\ @7/ C8\ C9\ A8/ @7/ @7/ C9/ B8+
LoopTrax_2204322 Jesme vs. spitfire : @0/ A2\ B2\ A0/ B2/ C2/ @3/ A4/ B4+ @3\ B1/ E3\ F3\ @4/ A5/ A2\ @3/ F1+ H5\ I5\ H2/ I2/ A2\ @2\ B4+ J3\ K4/ G0/ K3/ L3/ J0\ L5\ M5\ K7+ K8/ I1\ H1+ H0\ M5/ N5/ M1\ D4+ E3\ E2\ F0/ D3/
LoopTrax_2204323 spitfire vs. darkest angel 70 : @0/ A2+ @1\ A0\ A0\ C4+ B5/ A4/ @4/ C2/ C1/ B0\ E2/ E1/ A4\ @4\ D7\ E7\ A3/ E1\ A5+ C0/
LoopTrax_2204324 darkest angel 70 vs. spitfire : @0+ B1\ @1+ C2/ B2/ B0/ C4\ D4\ B5/ A5/ @5/ @4/ A5/ F3/ B6+
LoopTrax_2204325 Jesme vs. darkest angel 70 : @0/ B1+ A0\ @1\ A0+ C4+ D3/ A3/ @3/ B5\ A2\ @2\ E1/ E0/ @3\ B6/ B7/ E1\ E0\ G4+ C1\ C0\ F2/ F1/ E8\ H5\ @5\ B3\ A3\ @3/
LoopTrax_2204326 darkest angel 70 vs. Jesme : @0+ B1\ @1+ C2/ B2/ A0\ C4\ D3/ B5/ A5/ @5/ C1/ B0\ A7/ @5\ @6\ @6\ D8\ F1/ G0\ I1/ H0\ D5\ C5\ B6\ @6+ B5\ B4\ A4\ @4\ A3\ @3\ C8/ B8/ @7/ C2\ B2\ @4\ E9/ E10/ E1+ I4\
LoopTrax_2204329 Allison vs. Megababe : @0/
LoopTrax_2204330 Megababe vs. Allison :
LoopTrax_2204331 Allison vs. Traxplayer : @0/ @1/ A2\ C1\ C2\ D2\ D3\ A0\ @3\ E1/ C5/ C0/
LoopTrax_2204332 Traxplayer vs. Allison : @0/ A2\ B2\ A0/ @1/ A2/ B4+ C2+ @1\ B0/ A5/ @3+ B6\
LoopTrax_2204333 Sarah vs. Megababe : @0+
LoopTrax_2204334 Megababe vs. Sarah :
LoopTrax_2204335 Sarah vs. Traxplayer : @0+ B1+ @1+ B0+ D2\ D3\ C4\ B3+ E3\ A4/ A5/ F2/ F1/ F4\ G4\ @2/ E4\ F5/
LoopTrax_2204336 Traxplayer vs. Sarah : @0/ A0/ A0/ A0+ B2\ C2\ @2+ @2/ D3+ B0/ A6/ @5\ E6\ C7/ F5\
LoopTrax_2204337 Megababe vs. Traxplayer :
LoopTrax_2204338 Traxplayer vs. Megababe : @0/
LoopTrax_2205713 csain1 vs. supermac : @0/ B1\ B2\ A2+ @1+ D2\ D3\ D4+ E2+ A4/ D5/ @1/ @3+ C5+ C6/ C7+ B6+ F7\ G4\ F8/
LoopTrax_2205811 Amanda vs. supermac : @0+ B1\ C1/ A0/ D2/ D3+ C4/ B4/ @2\ E1/ F3\ C0/
LoopTrax_2205818 BrnIdGirl vs. supermac : @0/ B1\ A2/ B2+ A3\ @2/ B4/ D2/ C3+ D0/ E1/ A1\ C0/ @3\
LoopTrax_2206058 Amanda vs. bigdan409 OTWP : @0/ B1\ A2/ A0/ C2+ @2+ @2+ F1\ F0+ B1/ B5/ A5/ D4\ D0+
LoopTrax_2206059 Amanda vs. dolcol (LAW-10) : @0+ B1\ A0+ A3+ @3/ D3/ B4+ E2/ D1\ F2/ F3\ E4/
LoopTrax_2206201 Amanda vs. Oartkickel of the Wolf Pack : @0+ A0+ A3+ B1\ @1\ D2/ B0+ @1/ E4/ B3/ C5\ B0/ F5\ F6\ D7/ B6+ E2\ F3+ G3/ D1/ C0\ E1+ F9\ G9\ H7/ H6/ I6/ B9/ B10+ A8/
LoopTrax_2206273 Trist vs. supermac : @0+ @1/ B0+ B3+ C3\ C2+ C1/ D3\ A4/ @3\ F2/ A1\ @1\ D0+
LoopTrax_2206400 marygal vs. darkest angel 70 : @0/ A2+ @1\ A0\ @1\ C1/ C0+ D4\ A4/ @3\ D5+
LoopTrax_2206549 Goonerg vs. Marko : @0/ B1\ A2/ move
LoopTrax_2206610 dboy97 vs. Phil The Hat : @0/ @1/ A2/ C1/ D2+ D3\ D4+ E4\ @4+ A5/ A2+ F1/ E0\ @4/ A2+ @1+ A0+ @1+ E0+ B6/ H1/ F0\ I3\
LoopTrax_2206640 Dawnas AZ vs. Megababe : @0/
LoopTrax_2206800 rapscallion vs. supermac : @0/ B1\ A2/ @2/ D1/ D0/ B1+ B4+ C4+ B5/ E3\ E4\ F2+ B0+ D1+ F1+ G4/ C0/ @5/ F0/ G1/ C1\ H2+ D0/
LoopTrax_2206803 rapscallion vs. drgnrdr : @0+ @1\ C1+ A2\ A0+ @1\ A2+ @3\ A0\ @4\ D5\ @5/ C6+ A2\ A1+ @4\
LoopTrax_2207072 BrnIdGirl vs. drgnrdr : @0/ A0/ B1+ C2/ B3/ A3/ @2/ C4+ @1\ B0/ C1/ B5/ C6\ A4+ @4/ A1/ B0\ D8\ @5/ G8\ G9\ H6\
LoopTrax_2207161 csain1 vs. drgnrdr : @0/ A0/ A3/ B3/ A4+ @2+ C1/ @2/ @2/ B1+ F2+ A4\ A0/ G3/ H2\ E0/ F2+ @2+ A5+ B1+ B7+ D0+ C8+ D8+ D9\ I2/ J4+ @2/ B1+ D0/ F1+ A6+ @6\ B9/ D10/ A7/
LoopTrax_2207468 Amanda vs. drgnrdr : @0+ @1\ B2+ C1/ C0/ @2\ C4+ A3/ D4\ @3\
LoopTrax_2208206 Kran vs. drgnrdr : @0/ A0/ @2\ A1\ B0/ B0/ B0/ A3\ A1\ B0/ B0/ @4+ D3/ C8/ B1\ A0/ @4/ B10/ A9\ E10\ C11/ F10/
LoopTrax_2208506 ERIN MIA vs. violet unicorns : @0/ @1/ B2\ C1/ B3/ A3/ D1\ C2+ D2+ C3\
LoopTrax_2209732 Trist vs. drgnrdr : @0/ @1/ A2+ C1\ B3/ D1\ C2+ D0/ E1/ A1\ C0/ @2/
LoopTrax_2210444 Mountain Mama OTF vs. dgb : @0+ B1\ A2/ A0/ C2\ D2+ @3/ D4+ E4\ A5+ E5/ @3/ D6+ A1\ D7/ @2\
LoopTrax_2211375 Sista vs. Lady Ehlana : @0+ B1+ C1+ @1\ C2/ B0+ B0/ C1/ E2/ D4\ C5/ A4+ E4\ F2/ E1+ F3\ G3\ F4+ E0\ F6\ H5/ G3+ D1+ F7\ D0/ F2/ G3+ F1+ F0/ G1/ H1+ H0/ I5+
LoopTrax_2211635 keops vs. dingbat : @0/ A0/ A3/ @2+ B0/ C2+
LoopTrax_2211686 Rogue Trooper vs. marygal : @0+ @1/ A0/ B3+ C3\ C2+ @2/ C4\ A4\ A0+ @1\ A5\ @1\ C0/ C0/ A0+ @1\ A0\ @4+ E1/ F2/
LoopTrax_2211702 * vs. Traxplayer : @0/ @1/ C1/ D1/ C0+ D3+ A4\ @3+ D4+ F2+ D5/ A6+ @6/ A7/ @6+
LoopTrax_2211738 marygal vs. darkest angel 70 : @0/ A2\ B1+ B2+ C1/ A3\ C2\ D1/ @2\ C0/ D5\ E5\ A5/ B6+ @5\
LoopTrax_2212773 Traxplayer vs. darkest angel 70 : @0/ A2+ A3/ @1/ B0/ C1/ @4/ A5/ A1\ B0/ @3/
LoopTrax_2215628 Sista vs. Lady Ehlana : @0+ B1+ C1\ @1/ C2\ B2+ D2\ C3\ E2/ D3+ D4/ B0\ E5/ F3/ F4+ G4+ G5\ G6\ G7+ H6/ H4/ E2+ H7+ I5/ I4/ J4/ G2+ C1/ B0\ D1+ F2+ E0+ @3+ C1/ B1+ D8/ D1/ E0\ D10+ D11/ C11/ B9\ D12+
LoopTrax_2217857 purplehawke vs. Rand al*Thor : @0+ A0+ @1\ B0+ C2\ C4/ B5\ C1+ D2\ C0/ A6/ E3\ @4+
LoopTrax_2218066 drgnrdr vs. The Faun : @0/ B1+ C1/ A0/ @1/ B0/ B0/ E2+ F2\ E4+ D0+ A5+ D6/ G5\ G6\ F7\ B7/ C8+ A7\
LoopTrax_2218085 Goonerg vs. darkest angel 70 : @0/ A2+ A3/ A4/ B3/ @4/ D1/ D0/ D5\ C6/ E4/
LoopTrax_2218703 Rebel Rider vs. dgb : @0/ @1/ A2/ C2+ C3\ C4+ D3/ @1\ B0/ A5/ E2/ @4\
LoopTrax_2219913 drgnrdr vs. Sarah : @0/ A0/ @1/ A0/ B4/ C4/ C3+ B5\ D4/ E3\ D2+ D1/ C5\ C6\ C0+ C0/ E2+ F2/ A5+ A7+ C0/ C0/ E9/ F8+ E10+ G7+
LoopTrax_2221662 keops vs. supermac : @0/ B1\ A2/ @2/ B3\ C3\ D2+ C4+ B5+ C5\ B0+ @1+ @1/ D0/ D8/ B8+ A7+ @4+ A6/ @6/ G9\ H9\ D9/ D10/ C8+
LoopTrax_2221686 Megababe vs. rogerrabbit :
LoopTrax_2223463 Daddy Doyle vs. violet unicorns : @0+ B1/ B0/ C1/ @1/ B0+ B0/
LoopTrax_2223691 Sista vs. Lady Ehlana : @0/ @1/ A2\ B2\ C2\ C3\ C1/ D1/ C0+ B0/ E3/ C6+ C7\ D4+ D7/ F3/ @2\ F5\ A1+ C0/ E2/ G6+ H4/ C0\ D1+ B1+ @4\ C0\ H9\ B8+ J7+
LoopTrax_2225122 * vs. DINGEROO : @0/
LoopTrax_2225174 Traxplayer vs. Uncle Chuckie : @0+ B1/ @1/ C0/ B0/ A2+ A0+ @1+ B0/ E5+ E6\ D7/ C6+ F7/ G6\ D8+ D9\
LoopTrax_2227564 nylady41 vs. marygal : @0+ B1\ B0/ C1/ A3/ A4/ @2\ D4\ E3/ D5/
LoopTrax_2227752 Traxplayer vs. Sir Gamesa-who of the oldT : @0/ A0+ @2/ B0/ B4+ @3+ @2/ B4/ D5/ C6\ E6+ B6/ D7/ F5/ E4+ F4+ D8+ F7+ G5+ A1+ D0/ C1+ E2+ F4+ @3+ A4+ A8/ RESIGN
LoopTrax_2228898 Traxplayer vs. Sir Gamesa-who of the oldT : @0/ A0/ @1/ A2/ B3+ @2+ D2+
LoopTrax_2232514 Sista vs. Lady Ehlana : @0+ B1\ C1+ B0\ D2\ B3/ C3+ @2/ A3/ D4+ D5/ E4+ F4\ G4\ G5\ E6\ F6+ C6/ E7\ F2/ F1/ D0\ D9+ B8/ @5\ H2/ I3+ F0+
LoopTrax_2232809 dgb vs. Traxplayer : @0/ @1/ B0/ @1+ C0/ @2/ E2+ C0+ A2+ B0+ C1/ F3\ B6+ D6+ F5+ C7+ C8/ A7+ @8\ H5\ F7+ I6+ A3\ @2/ A0+ RESIGN
LoopTrax_2235461 marygal vs. Chad : @0/ @1/ A2/ B3+ C1/ A4\ @4\ E1+ E0/ E5\ F4/ C6\
LoopTrax_2235607 rogerrabbit vs. BabyGirl The Rebel Angel : @0/ @1/ B2/ A2+ @2\ B0/ D2\ D1\ E1\ E2+ F1/ D0+ D0/ F2+ G1\ B2/ B1/ C0\ D6\ C7/ @4+ G1+ D0\ A0+ @1+ @1/
LoopTrax_2235627 Sir Gamesa-who of the oldT vs. Traxplayer : @0+ A0+ @1\ @1\ @1+ D0+ E2\ B0\ A1\ F3\ E2+ E5\ A4/ G3+ G4+ G1/ @2/ I1\
LoopTrax_2237088 dgb vs. Oartkickel of the Wolf Pack : @0+ A0+ B1/ C1/ @2\ C0+ B0/ B0/ D2+ A3+ D0/ A1\ B0/
LoopTrax_2237089 Oartkickel of the Wolf Pack vs. dgb : @0+ A2+ @2+ A1+ B3/ B0/ C2/ D2/ C4/ B5/ D5\ E3+
LoopTrax_2237090 dgb vs. Rogue Trooper : @0/ A0+ A0\ @1\ B0\ @4+ D2/ @3/ B5+ C6/ C7/ A6\ @5\
LoopTrax_2237091 Rogue Trooper vs. dgb : @0/ A0/ @2/ @1+ C0/ @3\ C4/ @4+ E5\ B5+
LoopTrax_2237092 dgb vs. jaha : @0/ A0/ B1+ C1/ @1+ A0\ A0/ C5/ E3/ B1+ D2+ C1/ B5/ @4\ B6+ G3/ H2\ F4+ G5+ D6\ E5+ I5+ D7\ E7\ I6+ J5+ H8\ I8\ J8+ B8/ J9/
LoopTrax_2237093 jaha vs. dgb : @0/ A0+ @2+ B0/ C2/ @2/ B1+ B0\ @4\ B0+ @3+ @1/ A0+ C0\ A6\ B7+ @7+ E1/ E0/ D9+ F2+ A3+ B2/ E0+ G2/ G1/ H1/ F0\ G4+ @10/ A11/ A12+ @10\ A9\ C8+ B6+ J7\ RESIGN
LoopTrax_2237094 dgb vs. drgnrdr : @0+ @1\ C1\ B2/ @1\ C0/ D4\ E3/ A4/ C5/
LoopTrax_2237095 drgnrdr vs. dgb : @0/ @1/ B2/ C2+ @1/ A0+ B3+ E2\ D1+ D4+ C5\ E0\ F4/ G2+ H3/ I2\ H1+ F5+ C0+ A2+ G5+ J4+ K4/ L4/ K5+ H6+ @4/ J7/ H8\ L8+ M8\ N4/ K3+ N8+ H1+ N9/
LoopTrax_2237096 Oartkickel of the Wolf Pack vs. Rogue Trooper : @0+ A0+ @1\ A2+ A3/ @3/ @2/ C4\ D4\ @2/ B3/ E5\ F3/ G5+ G6+ H6\ H4+ B6/ A5/
LoopTrax_2237097 Rogue Trooper vs. Oartkickel of the Wolf Pack : @0/ @1/ B2+ C2+ B3/ B4/ B5/ @3+ D5+ E3+ F2\ E1+ C0/ A2+ B7\ @1/ A0+ C0+ B10/ A8+ @7/ E10+ E11\ B10/ A10/ @7/ @4\ B3/ F0\ D2+ A10+ @8/
LoopTrax_2237098 Oartkickel of the Wolf Pack vs. jaha : @0+ A0\ A3/ @2/ @2/ A3/ D2+ B0+ @3/ @2+ @2+ B4+ D0/ C0+ C0+ E2+ F3+ G3\ H6+ H7\ E8+ I5\ H3+ J3+ J6+ I2+ H2+
LoopTrax_2237099 jaha vs. Oartkickel of the Wolf Pack : @0/ @1/ A0/ C2\ A3+ B1/ D2\ B4+ D0/ A1\ E1\
LoopTrax_2237100 Oartkickel of the Wolf Pack vs. drgnrdr : @0/ A0/ A0/ @1/ @1/ C0+ B3/ D1\ B4+ C0/ B1+ E4+ F4/ A5+ C6/ F5+ @2+ A0\ @2/ @3\ B4+ H8+ J6/ J7+ H3+ J3/ J2/ J1/ G0\ F1\ D1+ G0+ A7/ @7/ L8/ M8/
LoopTrax_2237101 drgnrdr vs. Oartkickel of the Wolf Pack : @0/ @1/ B2/ B3/ C1+ A3/ @2/ E3+ C4/ C5+ B5/ F3+ D6/ F5+ G4\ B7+ F7/ G6+ H5/ E7+ D8/
LoopTrax_2237102 Rogue Trooper vs. jaha : @0/ @1/ A2/ C2+ A3/ B0/ @1\ C0+ E3\ @5+ E6+ G2\ G3\ @5\ B1+ @2/ D0+ D0\ D8+ G9/ E10+ C9+ I3+ J5\ K6/ I7+ G2+ F1/ D0\ L8\ J9+ L4+ M6\
LoopTrax_2237103 jaha vs. Rogue Trooper : @0/ A0+ @2+ C1\ B3\ B0/ B0/ B0/ B0/ D3+ A1+ @4\ F4+ E6+ C0+ F8/ @5\ G4/ H8+ D9+ C8/ B8/ B9/ B10/ E10+ G1+ H1/ H0/ I4+ J3\ K2+ D12+ @6\ C5+ A12/ C13/
LoopTrax_2237104 Rogue Trooper vs. drgnrdr : @0/ A0/ @1+ A0\ @2/ A4\ @2+ D0\ E2+ C1\ @1/ C0/ F0+ G1/ A1+ H1/ C0/
LoopTrax_2237105 drgnrdr vs. Rogue Trooper : @0/ A0+ B2/ A0/ C3/ C0+ D4/ E3\ F2+ B0/ A2+ G3\ H4/ G2+ @5/ D6+ D7/ D8/ C9\ A3+ @2/ @2/ @3\ D1+ F0/ C1+ J2+ @1+ D0\ A7+ @3\ C8+
LoopTrax_2237106 jaha vs. drgnrdr : @0/ A0/ B2/ B3/ C2/ C4+ D4\ E4+ C5+ A4\ A5+ B1+ D1+ F3\ @3+ A5/ @5+ D6/ A1\ E7\ @3\
LoopTrax_2237107 drgnrdr vs. jaha : @0/ A0/ A3/ A4/ B2+ @1+ @4\ E3+ A1+ C0+ E2\ D1+ F4/ G4/ F5+ C6+ A6/ @5\ G7/ H6+ D7+ I5+ G3+ F7+
LoopTrax_2237558 Marko vs. Pamper Me : @0+ @1/ @1\ B0/ B0/ D2\ E1+ F2\ D0+
LoopTrax_2239118 Phil The Hat vs. Rogue Trooper : @0/ A0/ @2/ C2\ C3\ D1+ D0/ D0/ E1/ F1+ F0/ E1+ C0\ B1\ A7/ D8/ G3\ G6+ H6\ I6+ H7/ G7/ G1/ H1/ I1+ B8/ B9/ @5+ A4\ @4\ A3+ @3\ L0\ L3+ M5+
LoopTrax_2239127 * vs. BabyGirl The Rebel Angel : @0/ A2+ B1/ B3/ @2+ D2+ D4+ E2/ B0\ A1\ E1/ E0+ F3/
LoopTrax_2239128 game_77 vs. * : @0/ B1+ B0\ A3/ @3+ C4\ A4+ D3\
LoopTrax_2240779 supermac vs. Traxplayer : @0/ @1/ A0+ A3\ @2+ D2\ C3+ C4\ D4\ D5\ E2+ B5/ C6\ A3/
LoopTrax_2240797 Megababe vs. Irishrose :
LoopTrax_2241190 supermac vs. Oartkickel of the Wolf Pack : @0/ A0/ @2/ A0/ C3+ A4/ @4/ E3\ B5+
LoopTrax_2243577 Paul -UK- vs. marygal : @0/ A2\ B2\ B3\ @1\ B0/ C2/ D3\ E3\ A4/ B5\ @2/
LoopTrax_2243582 marygal vs. darkest angel 70 : @0/ B1+ A0\ @1\ A0\ A3/ @3+ C4\ C0/ D2\ A2+ B6/ A6/ @5/ A4\ @4\ C1\ C0\ B2\ A1\ @2/ F8\ G8\ G2/ H3\ E1/ E0/ A6/ A7/ A8/ A5\ @5\ E1\ F0/ G2+ D1\ F0/ D11+ F12\ H4+ I4/ J4/ B12/ D13\ A11/
LoopTrax_2249348 supermac vs. Oartkickel of the Wolf Pack : @0/ A0/ @2/ A0+ @3/ @3+ D4+ E2/ @3\ D0/ B5/ B6/ @2\ A1\ C7+ C1+ C0/ A1/
LoopTrax_2252394 Rebel Rider vs. Traxplayer : @0/ @1/ B0/ @1+ A0\ B0+ D3/ E3+ @4\ A5/ @5/ F5+ C6+ H3\
LoopTrax_2252789 Traxplayer vs. darkest angel 70 : @0/ B1+ C1/ C0\ B3+ B1\ @2/ C4\ D0/ A5/ E1\
LoopTrax_2254364 Pegasus vs. Megababe : @0+
LoopTrax_2257801 keops vs. Dawnas AZ : @0/ A2+ A3/ @3+ @3/ A4/ A5+ @4+ D5\ E3/ D6/
LoopTrax_2257802 Dawnas AZ vs. keops : @0/ A2/ B2/ @1/ B0+ @2/ C0+ D5\ E4/ B5/ C6+ D2\
LoopTrax_2257803 keops vs. Dragon101 : @0/ A0/ A3/ B2+ A4/ @2\ B0/ B0/ @4+ A3\ D7\ E7\ A7/ @6+ D8/
LoopTrax_2257804 Dragon101 vs. keops : @0/ A0/ B2/ B3/ C3/ C4/ D4/ @1\ A0\ A4/ @2+ D2/ D1/ A0/ B0\ A0/ @1/ F6+ D8/ E3+ E9/ H8/ I8/ D9+ C9/ H7+ H9\ E10/ G5+ H10+ E11/ I9\
LoopTrax_2257805 keops vs. Sarah : @0/ A0/ A3/ A4+ B2/ B5+ C3/ D5/ C6/ D3/ @3+ D2+ F5+ F7+ D8/ C8/ B5/ A5/ @5/ A2+ @5/ E9/ @8+ D10\ A2\ @6/ B1/
LoopTrax_2257806 Sarah vs. keops : @0+ A2+ B1/ @1\ C0/ D1/ D0/ A0\ @2/ E0+ F3\ @3/ C0/ G6\ F7/ D8/ D9/ E8+ E10/ E11/ @4/ B5+ C2/ D9/ G9\ H9\ E1+ C9+ B8+ E0/ E0/ G12+ G14+ E0/ E0/ G3+ D4+ H6+
LoopTrax_2257807 keops vs. darkest angel 70 : @0/ A2\ B2\ C2\ A3/ @3/ C1/ D4\ E2\ @3\ B2+ A2+ A1\ A0\ B0+ B0/ B0/ E1/ E0/ B10/ A10/ @10/ B2\ B1\ A3/
LoopTrax_2257808 darkest angel 70 vs. keops : @0+ A2+ B2\ @2/ A3/ @3/ A4/ D5\ E4/ @4/ D6\ @2+ B1\ A6/ A7/ @4/
LoopTrax_2257809 Dawnas AZ vs. Dragon101 : @0/ @1/ B0+ A0/ @1+ A0+ @2+ B0/ C6+ D1/ E3\ D0\
LoopTrax_2257810 Dragon101 vs. Dawnas AZ : @0/ B1/ A0\ @1+ A0\ B4+ C1/ B0+ D2\
LoopTrax_2257815 Dragon101 vs. Sarah : @0/ A0/ B1+ C2/ A0/ A0/ C2+ @3+ D0/ E1/ A1\ C0/ @2/
LoopTrax_2257816 Sarah vs. Dragon101 : @0+ A0+ B2\ A0+ @2/ @2/ @2/ @3\ @2/ C4+ B1\ A5/ @5/ F5\ C6/ G5/
LoopTrax_2257817 Dragon101 vs. darkest angel 70 : @0/ B1+ C1/ @1/ C0\ C3\ C4\ @2/ @3\ E0\ @3/ H4\ H5\ H6\ H2+ A6/ F7/ G8/ @6/ G8+ F7+ A1/ J7/ G9/ D8+ A9/ D10+
LoopTrax_2257818 darkest angel 70 vs. Dragon101 : @0+ A0+ @2/ B0+ B0+ B0/ @5\ A4\ @4\ A3+ E2/ B1\ A1\ D0\
LoopTrax_2257821 Jesme vs. Rogue Trooper : @0/ A0+ @1+ B0/ B4/ C3/ @3/ E4\ D5/ E1/ F2+ D0/
LoopTrax_2257822 Rogue Trooper vs. Jesme : @0+ A2\ B2/ A3/ @3/ D2\ D3\ C4\ D1/ B0/
LoopTrax_2257823 Jesme vs. Traxplayer : @0/ @1/ A0+ A3\ B0+ @2+ A1\ D3\ C4+ C5\ D5\ D6\ E6\ B6/ C7/
LoopTrax_2257824 Traxplayer vs. Jesme : @0/ B1\ A2/ B2+ @2\ A1+ @2/ C3/ C4\ C0/ C0\ E2/ E1/ E0/ F1/ F0/ B1\ A4/ B0/
LoopTrax_2257825 Jesme vs. GlassTiger : @0+ A0/ B2+ B3\ A0/ A0/ A0/ @2\ D2+ E3/ B0/ @4\ A3\ A2\ C0/ F1/ G4/
LoopTrax_2257826 GlassTiger vs. Jesme : @0/ @1/ A2\ A0\ @2/ @2/ B1+ B4+ @3/ E3\ F3\ E0/ F1/ F2+ G1\ F0/ G0/ H2\ G6/ H1/ G4+
LoopTrax_2257827 Jesme vs. drgnrdr : @0/ @1/ C1/ B2+ D1/ D0/ C0/ B0+ @4/ E1\ C0\ @6\ @4+ G1/ E0\ H2\
LoopTrax_2257828 drgnrdr vs. Jesme : @0/ A2\ B2\ B1+ C1+ B0\ D2/ B4\ D4\ E4/ D5/
LoopTrax_2257829 Rogue Trooper vs. Traxplayer : @0+ A0+ @2/ C2\ C3\ D3\ D4\ C5+ E2+ D1/ D0/ E1/ F1/ G2+ G4+ B7+ E0+ @4/ B2+ C0\ @9/ C10\ @6+ @7+ B10+ F11/ D3\ C2/ D1+ D0/ B6+ A6\ A5\ @8\ G13/ D14+ C14/ A12+ @11/ @12\ A8+ @11+ P4\ B5+ @9+
LoopTrax_2257830 Traxplayer vs. Rogue Trooper : @0/ A0+ A3/ B2/ @3/ @3+ C4+ E4+ F3\ B5\ F1/ D0/
LoopTrax_2257831 Rogue Trooper vs. GlassTiger : @0+ A0/ B1\ @2\ A0\ @1\ E2\ A2/ @1\ B4/ A2/ @1\ G1/ A2/ H1\
LoopTrax_2257832 GlassTiger vs. Rogue Trooper : @0/ A0+ @2\ B0/ A2+ C3/ @2\ @2\ D4/ F1/ F0/ F5\ RESIGN
LoopTrax_2257833 Rogue Trooper vs. drgnrdr : @0+ B1/ A2\ C1\ @1/ A0/ @2/ C0\ E2+ B0/ E0+ F4/ A1\ @2\
LoopTrax_2257834 drgnrdr vs. Rogue Trooper : @0/ A0+ A3/ A0/ @1/ @3+ @2/ D0/ E1/ E4+ D6/ A6/ B7/
LoopTrax_2257835 Traxplayer vs. GlassTiger : @0/ A2\ B2\ B3/ @2/ A3/ @3/ @3\ C4+
LoopTrax_2257836 GlassTiger vs. Traxplayer : @0+ A0+ A0\ A4\ @1/ A4/ A5/ C2\ C1/ B0/
LoopTrax_2257837 Traxplayer vs. drgnrdr : @0/ @1/ @1/ C2\ D2\ C3+ E2\ E1/ C0+
LoopTrax_2257838 drgnrdr vs. Traxplayer : @0/ @1/ B2/ C2/ B0/ A0/ @3/ C5\ B4/ D3+ E3/ F2\ E4+ G4+ E1+ F5+ G1/ E5+
LoopTrax_2257839 GlassTiger vs. drgnrdr : @0/ A0/ B1+ C2/ B3/ A3/ D3\ D4\ C4+ E4+ D5/ E1/ F1/ D0\
LoopTrax_2257840 drgnrdr vs. GlassTiger : @0/
LoopTrax_2257841 spitfire vs. jaha : @0/ @1/ B0+ A3\ A0\ @1\ B0\ C2+ A1\ A4+ @2\ @2\ A1/ D6+ B3+ C5+ A4/ @4/ E0\ A3\ @5/ C1/
LoopTrax_2257842 jaha vs. spitfire : @0/ A2\ B2\ C2\ D2+ C1/ A3\ A4/ @4/ E1+ F2\ G2\ C4\ D5/ A2\ @3\ D0+
LoopTrax_2257843 spitfire vs. Guyver : @0/ A2\ B2\ B1+ A0\ @1\ B4/ A2/ @1\ A2+ @1/ A2/ F4\ E5/ @2/ A3/ C4/ B4+ B5/ @3\ B0\ A2/ C0/ D2+ G3/ H3/ I6\ H7\ H8\ A7/ I4/ J5/ H2/ F1\ I2\
LoopTrax_2257844 Guyver vs. spitfire : @0+ B1+ B2/ B0/ A1+ B0\ A1\ C4\ B5/ @4\ D3/ E4\ D5\ D6\ A2\ @2\ B1\ F3/ G4\ B6/ A5\ C7\ D7\ A1\ B0/ B0/ C1/ B10/ A9\ @9\ B5+ A10/ @8/ G4+ G10\ H9\ G11/
LoopTrax_2257845 spitfire vs. fallingstar : @0/ A0/ B1/ @1\ B0/ @3/ A4/ A5/ C0\ B1\ D5\ E5\ B0\ B0\ @8/ B9/ B10/ A10/ B4\ @9+
LoopTrax_2257846 fallingstar vs. spitfire : @0+ B1\ C1/ C0/ C3/ C0\ B1\ @3\ E1/ D0\ B2/ B6/ A6/ @6/ A7/ C1\ B2+ A2\ @6+
LoopTrax_2257847 spitfire vs. Rand al*Thor : @0/ B1\ B2\ A2+ @1\ B0/ C4/ B0\ A1\ @3/ A4/ A5/ @3\ B2+ E1/ F1\
LoopTrax_2257848 Rand al*Thor vs. spitfire : @0/ B1\ A2/ A3/ B0/ C1/ C0/ B5\ B6\ C3\ D1+ C4\ A1\ C0/ @3/
LoopTrax_2257849 jaha vs. Guyver : @0/ A2\ B2\ B1+ B3/ A3+ C1\ C2+ @3\ A2+ A1\ B0/ B0/ @3+ E1/ @3+ G2\
LoopTrax_2257850 Guyver vs. jaha : @0+ A0/ A3\ B2\ C2\ C3\ B4\ D2+ C4\ B5+ @5+ @5\ B6+ A2\ @1/ C0/ C8+ H3\ E1/ H6\ F7/ I5\
LoopTrax_2257851 jaha vs. fallingstar : @0/ A0/ B2/ A0\ @3+ @2/ D1\ @2\ A1\ @2\ E0\ D2\ C1+
LoopTrax_2257852 fallingstar vs. jaha : @0+ A0/ B1/ B0\ C3\ B4/ B5/ @5\ D5\ D6\ E2/ E1/ D0/ A7/ @6\ D8+
LoopTrax_2257853 jaha vs. Rand al*Thor : @0/ B1\ B2\ B3+ A3+ B4\ C4\ C2+ B5+ A5/ @5+ C6+ A1\ @2/
LoopTrax_2257854 Rand al*Thor vs. jaha : @0+ A0/ B2+ B3\ A3+ C3/ B4+ C2+ C1/ B0/
LoopTrax_2257855 Guyver vs. fallingstar : @0+ B1/ B2\ C1/ C2+ B0\ A1\ D1/ C0\ C5/ A5/ @4/ C6/
LoopTrax_2257856 fallingstar vs. Guyver : @0/ B1\ A2/ B2+ B0/ C1/ @2\ B1+ B4\ A1\ C0/ D1/ D4\ E3+
LoopTrax_2257857 Guyver vs. Rand al*Thor : @0+ A0+ A3+ B2\ @1/ D3/ B4+ A3+ B0+ D2/ E2/ @3+ C0+ B2+ A2\ E6\ F4\ G5/ A1+ H4/ H3/ @3+ A1+ @1+ C0\ K4/ K3/ K2+ L3\ K6\ I7/ L5\
LoopTrax_2257858 Rand al*Thor vs. Guyver : @0+ @1/ @1/ @1\ C0/ A1+ C3+
LoopTrax_2257859 fallingstar vs. Rand al*Thor : @0+ A0+ B1/ @1\ C0/ C0+ D1/ D2+ E3+ E1+ E0/ F1/ F0\ F5\ D6/ G3\
LoopTrax_2257860 Rand al*Thor vs. fallingstar : @0+ @1/ @1/ @1\ C0/ E1/ C3+
LoopTrax_2259359 dgb vs. Rebel Rider : @0+ B1\ @1\ A0/ B3+ B1+ @2/ A3/ @3/ B4\ A1\ @4/ C0/
LoopTrax_2260476 dgb vs. Rebel Rider : @0+ A2\ A3\ B2+ @2/ D3/ @2\ A1\ @1\ B0\ A4/ B5+ @4\
LoopTrax_2260955 marygal vs. Traxplayer : @0/ @1/ A2/ B3+ C3\ D3+ D4\ A0\ @1\ E1/ C0\ F2\
LoopTrax_2261058 dgb vs. Traxplayer : @0+ A0+ @1+ A0+ @2\ A3\ D2\ @2/ @2/ C0/ B4+ B2\ C0/ @4/ C1\ D0/ C7/ RESIGN
LoopTrax_2261059 Traxplayer vs. dgb : @0/ @1/ A0/ @2/ @1/ A0+ A3+ B0/ B5/ A6+ D2\ A7+ @5+ D1+ F3+ E6+ G5\ H5/ I5/ H6+ F7+ C8/ H4+ @6\ A7+ C9+ A8+ H8/ F9/ F10/ C10\ B10+ B11\ B12\ A11+ @12\ C13+ D13\ D14\ @12+ M5+ K3/ K7+ F13/ E12+ G14\ G15\ H11\ I9+ H12\
LoopTrax_2261060 dgb vs. jaha : @0/ A0/ B2/ A3/ @1+ D2\ B4+ B5/ A5/ @5+ A3+ @3\ D0/ D0\ B3\ F5+ E7+ F8/ D9+ D10/ E2+ G4+ B9+ A7+ @5\ @6+ B8+ @8+ D10+ @8\ F11+ G12/ H11+ H13+ I13\ J13/ I11+ J10\ K10\ L13+ J14/ I15/ M11\ L10+ N11+ O10\ C9+ G1+ @8\ B9+ @7/ F10+ F3\ E3\ C6+ A5+ @6\ @6\ A5\ C4+ B3+ A2/ @7+ C8+ A2+ @3\ D1+ A1/ H0/
LoopTrax_2261061 jaha vs. dgb : @0/ @1/ A0/ @2/ B3/ D2/ B4\ B5\ A4+ B6\ B0+ C1/ C5+ E1/ C0/ E6+ F2+ D7+
LoopTrax_2261062 dgb vs. drgnrdr : @0+ @1/ C1/ B2+ B0+ D2/ @2\ A1\ @1\ C0/ A4/ @1/ D5/
LoopTrax_2261063 drgnrdr vs. dgb : @0/ @1/ A2/ C2+ A3/ D1\ B0/ A5+ @1\ C0/ F3\ F0+ G2+
LoopTrax_2261064 Traxplayer vs. jaha : @0/ A0/ @1/ C1\ B0\ C3\ B4/ @2/ E2\ D1+ C0+ C0/ F4+ C7/ B2/ B5+ E2+ G2/ G1/ D0+ H4+ G5\ B9\ C10/ RESIGN
LoopTrax_2261065 jaha vs. Traxplayer : @0/ @1/ A0/ @1/ C3/ D3/ B0/ A0/ C6+ E6/ D7/ F6+ A0+ @4+ @4\ B0+ D9\ C8/ @3+ E2\ @4\ @3/ H4+ I3\ H2+ E8+ F1/ J3+ I1+ G0+ G11+ J8/ J7/ L8+ M7\ G12/ E11+ K3+ J1+ G0/ B7+ L3+ K1+ H0+ J0+ M3+ M2/ J0/ C12/ C13/ A12+ @9\ B14/ A13\ D15/
LoopTrax_2261066 Traxplayer vs. drgnrdr : @0/ A0/ A0/ @2+ @2/ C4/ D3\ @3\ D0/ F4\ C0\ B1\ F1/ C0+ G2\
LoopTrax_2261067 drgnrdr vs. Traxplayer : @0/ @1/ B2/ C2/ D2/ B3+ D1+ C0/ A4/ D5\ E5\ A5/ @2/ C6\
LoopTrax_2261068 jaha vs. drgnrdr : @0/ A0/ B2/ B3/ C2/ D3+ D4\ D5+ E3+ A5/ C6+ C1/ E2+ F2\ A0+ @3/ F1/ D0/
LoopTrax_2261069 drgnrdr vs. jaha : @0/ A0/ A3/ A4/ B2+ @1+ @4\ C5/ C6/ @6+ A7/ A3\ F2\
LoopTrax_2261163 Dawnas AZ vs. Rand al*Thor : @0/ A2\ B2\ B1+ C2\ D2\ B0+ C4+
LoopTrax_2261195 dingbat vs. purplehawke : @0/ A0/ @1+ A0+ @2/ @3\ C4/
LoopTrax_2261252 supermac vs. * : @0/ A2\ B1/ B2+ C2+ B3+ C3+ C4\ A0\ @2+ E5\ C0\ D7+ C6/ B6/ B7\
LoopTrax_2261263 Traxplayer vs. dboy97 : @0/ @1/ A0/ B1/ B3+ C3\ D3+ D4\ A0\ @2/ E1/ C0\ F2\
LoopTrax_2261287 rogerrabbit vs. BabyGirl The Rebel Angel : @0/ @1+ A0+ @2/ D2/ C3/ C0/ A2\ @3/ B1/ D5/ D0+ E1/ F3\ G3+ H3/ D0+ G6+ D0+ E9+
LoopTrax_2262992 marygal vs. game_77 : @0/ A2+ A0\ @2/ @3\ B4\ @4+ E1\ B5+
LoopTrax_2263709 MizE vs. spitfire : @0/ B1\ B2\ B3\ C3\ A3/ B4\ C4+ C5/ D5\ A4+ D6/
LoopTrax_2264499 Deep Thinker vs. violet unicorns : @0/ A0+ B2/ @1\ @1\ A0\ A4/ @4/ E4\ F4\ D5/
LoopTrax_2265945 Sista vs. Sir Gamesa-who of the oldT : @0+ B1\ C1/ B0\ B3\ C1/ C0/ A5/ @4\ @4\ F3+ A2\ A1+ @2/
LoopTrax_2266116 Uncle Chuckie vs. marygal : @0/ A2\ B1/ B0/ C2\ C3\ D3\ D4\ D5+ RESIGN
LoopTrax_2266165 Megababe vs. Sophia : @0+ B1\ B2+ @2\ C3\ B3+ B0/ D4+ C0\ @4\ E2+
LoopTrax_2268114 Misfit Lenrad6672 vs. Deep Thinker : @0/ A0/ @2\ B0\ A1\ A0\ @3/ D1/ D0/ D5\ C6/ E4/
LoopTrax_2269301 marygal vs. game_77 : @0/ A2+ A0\ @2/ C2/ B4/ D3/ A1+ D4\ B5/ E4/
LoopTrax_2269509 Rand al*Thor vs. Pegasus : @0+ @1\ A0+ C2/ C0/ C0\ D2\
LoopTrax_2270031 Slippy vs. Megababe : @0+ A0+ B1/ @1\ C0/ C0+ D2\ D1+ C4\ D4\ E4+ C5+ E5+ E2+ F4\ F2+ G4+ F1+ G5\ F6/ D7/ F0+ G1\
LoopTrax_2273099 darkest angel 70 vs. Dragon101 : @0+ A0+ B1/ A3+ C1\ C2\ B3\ D2/ A4/ C3\ E3\ E4\ E5\ F5\ E6\ F1/ G1/ D0+
LoopTrax_2273104 Traxplayer vs. keops : @0/ A0/ @1/ A0/ @1/ @1/ C0+ @1+ C0/ E1\ F5/ F2+ D0+ B5/ G3/ H3/ @4\ E0/ A7/ @7/ I5+ B8+ B9\ C10/ C11/ F7/ J3+ G8+ I7+ E8/ G9/ H9+ E9/ E10/ G10+ A10/ @8\ E2+ C3+ G0/ J3+ J2+ K3+ I0/ RESIGN
LoopTrax_2273113 The Faun vs. marygal : @0+ B1\ A2\ @2/ B3\ C0\ B0/ A2+ @1/ C0/ B0+ D6\ D1+ D0/ E4+ C0\ B1\ @6\ B2+ E0/ F1/ G3\ G6+ F0/ H4\ B1\ RESIGN
LoopTrax_2273312 Jump This vs. Deep Thinker : @0/ A2\ B2\ A0/ @1/ B0/ B5/ A3/ C6\
LoopTrax_2273496 HEATHER vs. violet unicorns : @0/ A2/ @1\ A0\ C3\ C4\ D2/ B1/ @1/ A2/ A3/ A4/ C4/ C5\
LoopTrax_2273913 Dragon101 vs. Paddington Bear : @0/ A2\ B2\ B3/ B1/ A3+ C2/
LoopTrax_2273952 Dragon101 vs. Paddington Bear : @0/ A2+ A3/ A4/ B3/ C2/ @3+
LoopTrax_2274091 Dragon101 vs. Paddington Bear : @0/ A2+ A3/ @2+ A1\ A0\ B1+ C1\ D3/ A0\ @1\ A0\ @4+ @2/ G6\ E7/ H6/
LoopTrax_2274919 dboy97 vs. supermac : @0/ B1\ B2\ C2\ B3/ A3/ B4/ D1/ D0/ D5\ E3/ D6/
LoopTrax_2274968 violet unicorns vs. darkest angel 70 : @0+ A2+ @1\ B3+ A2/ C2\
LoopTrax_2275089 Rebel Rider vs. dgb : @0/ @1/ A0/ @2+ C1+ B0\ @2/ C4/ @3/ A4/ D5/ E6\ F4+ D7/ C7/ @7+ D8/ A3\ @4+ B2/
LoopTrax_2275261 Jane vs. Megababe : @0/ B1\ B2\ C2\ @1+ B2+ D3\ D4+ E2+ D5\ B5\ E5+ F4/
LoopTrax_2275502 Paddington Bear vs. dgb : @0+ A2+ A3/ A0/ @3/ @3/ B4+ C0/ B2+ C0\ A3\ @3\ B1+ @3\ F5\ E7/
LoopTrax_2276782 darkest angel 70 vs. * : @0+ @1+ A0/ B3\ B0\ A4/ B5\ C2\ @3/ A1/ @3\ E0/ F1/ B1\ D0/ A2/
LoopTrax_2276916 Deep Thinker vs. dgb : @0/ @1/ A2/ C2+ A3/ D1\ C0\ A5+ @5/ E5\ RESIGN
LoopTrax_2278431 lexy vs. Morticia : @0/ B1\ B2\ C1+ B0/ C1/ @2\ A1\ B0/ B0/ C1/ B0+ D1/ B0/ @5+ @5/ B2\ B1\ D0/ F4\ G3/ C8+ D9/ D10/ D0/ A1\ A0\ @4\
LoopTrax_2278507 ERIN MIA vs. violet unicorns : @0/ @1/ A2\ B0\ A1\ @1\ A2/ @2/ D3+ E3\ B4/ A4/ D4+ @4\
LoopTrax_2278514 purplehawke vs. Irishrose :
LoopTrax_2281286 dgb vs. Paddington Bear : @0/ A0/ B1/ A3+ A4/ C1/ C4\ B0+ D4\
LoopTrax_2283443 drgnrdr vs. bcurb OTF : @0/ A0+ B2/ @1/ A2/ A3+ @1\ A0\ E3/ B1/ C0\ A5+ @5/ @4/ A1\ B0\ @3\
LoopTrax_2284203 lapman vs. spitfire : @0+ B1/ B2/ @2/ C3/ C0\
LoopTrax_2287332 Rand al*Thor vs. BabyGirl The Rebel Angel : @0+
LoopTrax_2287454 purplehawke vs. rogerrabbit :
LoopTrax_2290398 DINGEROO vs. violet unicorns :
LoopTrax_2290493 LadyBabyJane vs. violet unicorns : @0/ @1+ @1/ C0/ D2\ E2\ D3\ C3/ D4/
LoopTrax_2292519 Jane vs. Misfit Lenrad6672 : @0/ A2\ B2\ B3\ B1/ C2\ A0+ @4/ A5+ A6\ B6\ B7\ C7\ C8\ D5+ @3\ B1/ F3/ F2/ G2/ C9+ A8/ @7+ G1+
LoopTrax_2295124 LadyBabyJane vs. Dragon101 : @0/ @1/ B0\ A1\ @1\ @1\ A0\ E3/ B0/ C5/ A0\ @1\ D2/ A4/ B5+ @2+
LoopTrax_2295128 Dawnas AZ vs. purplehawke : @0/
LoopTrax_2297432 Jane vs. Misfit Lenrad6672 : @0+ B1\ C1/ C0/ D1/ @2/ B3/ D0\ C1\ B5/ A4/ B2\ B1\ B0\ D6+ D7\ F2/ D8\ E6/ F5\ E0/ F1/ A7/ @5\ B10+ A10/ @6+ F11\ G11\ I6/ I9+
LoopTrax_2299654 Deep Thinker vs. Rand al*Thor : RESIGN
LoopTrax_2299770 rogerrabbit vs. BabyGirl The Rebel Angel : @0/
LoopTrax_2300478 Jane vs. drgnrdr : @0/ A0/ B1/ A3/ @1+ A0\ D3+ E3/ E1\ A5\ E5/ A0\ @3/ G2\ G1\ @6+ C7\ C8\ F9+ H5\ A9+ E10\ @8+
LoopTrax_2301091 Rand al*Thor vs. marygal : @0+ @1\ A0+ B3\ @2/ A3/ C4\ D4\ A5+ @5/ A6+ @6/ A5+ D6+ A7/ @5\ E7\ D8\ C8/ C9\
LoopTrax_2301117 dingbat vs. violet unicorns : @0/ B1/ B0+ B0/ @3/ A4/ A1\ @1/
LoopTrax_2301152 supermac vs. Sarah : @0/ A0/ B2+ B3\ @2/ B4/ D2/ B5+ A0\ @2/ E1/ F2\ C0/
LoopTrax_2302107 Traxplayer vs. dgb : @0/ @1/ A0/ @2+ C3/ B0\ @2/ B1+ A0/ @2+ @3\ B4+ @3+ H4/ G2\ E0+ C6+ B6/ G7/ C7+ E6+ I6+ C8/ I8\ J6\ D8+ RESIGN
LoopTrax_2305652 dgb vs. jaha : @0/ A0/ A3/ A4/ @3+ C4+ C5\ D1+ C6/ D0\ @5\ @5\ E8\ F7+ G7\ G8\ H8\ E9+ G4\ H4\ G1+ D8+ B6+ B7/ @6+ @7\ E8+ B4+ B3\ A4\ @7\ @7\ E2+ E1/ C2\ C1\ B4\
LoopTrax_2305653 jaha vs. dgb : @0/ @1/ A0/ @2/ B0+ B0/ A5+ @3+ B1+ D2+ @4\ @4\ B2+ E0+ C1+ A2+ @5\ @3+ B1+ B0\ @1+ D0/ D0+ J5/ I4+ I3/ J3/ K3+ I2\ G3+ F2/ J1+ K2/ L5\ J6+ L2/ L1/ M3\
LoopTrax_2305706 B Line electric streetcar vs. drgnrdr : @0/ A0/ A0/ A0/ @3+ C1/ D4\ D5\ D6+ B0+ C6+ E5+ D1+ B7+ A6+ @4/ E0/ G2/ F0+ H6+ G1/ I5\ D1\ G8\ F0+
LoopTrax_2305717 DINGEROO vs. purplehawke :
LoopTrax_2308514 hoot vs. violet unicorns : @0/ B1\ A2/ B2\ B3/
LoopTrax_2309937 violet unicorns vs. ERIN MIA : @0/ A0\ @1\ @1/ B2+ C0/ A3/ B0\ B5\ A1\ @2\ @4/ B5/
LoopTrax_2311468 stormyskys vs. Chef Jeff 1 : @0+ @1+ B0\ B3\ C3/ C2+ D2/ D1/ C0/ @3+ @3/ G2+ @3\ A2\ B4\ D4+ I2/ C2\ C1\ E5/ D1/ D0/ A2\ C1\ D0/ @4+ G2+ I3+ K4\ K5\ J6/ I6+ I7/ H8\ J7\ E7+ D1\ E8/ E0\
LoopTrax_2312941 Nina vs. drgnrdr : @0+ B1/ B2\ C1/ C2+ @1\ A0\ @1\ A0\ A4/ @2+ D5+
LoopTrax_2313420 * vs. Rand al*Thor : @0/ B1\ B2\ A2+ @2/ A3/ @2/ C4+ E4\ E2+ D5\
LoopTrax_2313509 Rogue Trooper vs. rogerrabbit : @0/ A0/ B2+ B3+ C2/ D1\ D0+ @4\ C5/
LoopTrax_2313515 Traxplayer vs. Phil The Hat : @0/ A2/ @2\ B3/ C2+ C0\ @3\ C5/ E2\ A2\ E0/ F3+ D0\ C1\ RESIGN
LoopTrax_2313546 dgb vs. keops : @0/ A0/ B1/ C2+ A3/ @3/ D4+ C5+ @4+ D6/ E5\ F5\ G4+ C7+ G2/ H1\ D0/ H4\ I4\ A9+ @6+ G8\ H8\ RESIGN
LoopTrax_2313659 supermac vs. Oartkickel of the Wolf Pack : @0/ B1/ C1\ B2/ A2/ A0+ @3/ A4/ @1+ C0/ E2+ @3+ F5\ D6+ @5+ A6/ A7+ @7/ E1+ A4\ A3\ A6\ @7/ B2+ A4+ @5\ G0\ I1/ E2+
LoopTrax_2315137 Rogue Trooper vs. Gnahaha : @0+ A0/ B1\ C1/ A0/ @3/ A1\ RESIGN
LoopTrax_2316744 Uncle Chuckie vs. marygal : @0/ A2\ B1/ @1/ D1\ D2\ E2\ C3/ F1/ F0+ C1/ F0/ @5/ B6\ A2\ RESIGN
LoopTrax_2316781 The Faun vs. Megababe : @0+
LoopTrax_2318444 darkest angel 70 vs. violet unicorns : @0+ @1\ @1/ B2\ D2/ B0+ E3\ A1\ E4/
LoopTrax_2319750 Traxplayer vs. dgb : @0/ A0/ @1/ B0/ C1+ D3/ B0+ @2\ @3\ B4+ C5/ C6/ C7/ F2/ G2+ H2\ G4+ H5/ F1/ F0/ H2+ G0+ F8+ G9/ G10/ G11/ H8+ I5+ J5\ I9+ I12+ J11\ K11\ K12\ J13\ L10+ RESIGN
LoopTrax_2319848 Rogue Trooper vs. dboy97 : @0/ A0/ B2+ B3+ C2/ B4\ B5+ B6/ A6/ @6+ C7\ D5\ A2+ @2/ E0/ F2\ B1\ C0/
LoopTrax_2319870 Irishrose vs. BabyGirl The Rebel Angel : @0/ B1\ B0\ B3/
LoopTrax_2320473 jlang vs. Traxplayer : @0/ @1/ C1+ C2+ B3\ D1\
LoopTrax_2320680 Paddington Bear vs. dgb : @0+ A2+ A3/ A0/ @4/ @4/ A2+ @3\ A2\ @2\ A1\ E0/ F3\ A1+ @3+ D0/
LoopTrax_2320856 spitfire vs. MizE : @0+ @1/ @1\ A0\ B3/ A0/ B1/ B0/ @3\ D1\ E1/ D2+
LoopTrax_2320931 Traxplayer vs. basplund : @0/ @1+ C1+ @1/ C0+ D3/ B3/ D4/ E3\ F3+ G3/ G2/ H2/ E1+ H4\ I2+ D5\ RESIGN
LoopTrax_2322268 jaha vs. Uncle Chuckie : @0/ B1/ B0\ @2/ A1+ A0\ @3/ A0/ A0/ A6/ @6/ @1\ C0/ E1/ C0/ G8\ D9+ B0\ A1+ D11/ F4+ G6/ @5+
LoopTrax_2322401 the great snowqueen vs. dgb : @0+ @1\ A0/ @2\ C1+ D1\
LoopTrax_2322427 drgnrdr vs. Trist : @0/ B1\ A2/ A0/ @2+ D1\ D0/ E1/ A1\ @1\ C0/
LoopTrax_2322428 drgnrdr vs. csain1 : @0/ A0/ A3/ A4/ B2+ @1+ @4\ E3+ A1+ A0+ @2/ B6+ C1+ @2/ D0\ B4+ B7+ D8/ E7+ F8+ D9/ E10+ G9+ H9\ E11/ E12/ E13/ F11+ D0\ C0/ G6/ F4+ I8/ I7/ I13\ I5/ J12/
LoopTrax_2322431 drgnrdr vs. rapscallion : @0/ B1+ C1/ C0+ C3/ D3+ C0\ A1/ E3\ B0\ B0\ D3+ D2+ E2/ F2/ D1+ A2+ B7\ C8/ C0/ @5/ F8+ G1/ E10+ E0/
LoopTrax_2322433 drgnrdr vs. Amanda : @0/ B1\ A2/ C1\ A3\ B2+ A4\ D2\ C3/ C0/ D1/ E1/ @5/ B6\ A2\ @3\ C1\
LoopTrax_2322479 supermac vs. Trist : @0/ B1\ A2/ A3/ A0\ @1\ A2+ C3+ A0\ @2/ D1/ D0/ E4/
LoopTrax_2322480 supermac vs. csain1 : @0/ A0/ B2+ B3+ C2/ D2/ @2/ A4+ C4+ @1/ C5+ A4+ B5+ E5/ E6+ B0+ @1\ B0/ H4+ H3/ H2/ @3+ B4/ G9/ J2+ K2\ H2+ G1/
LoopTrax_2322481 supermac vs. rapscallion : @0/ @1/ B2+ A3/ @1/ D2+ D3\ D4\ D5+ E3+ A5/ @4+ C6/
LoopTrax_2322482 supermac vs. Amanda : @0/ B1\ A2/ @1/ B3\ C2+ C3+ D2/ D3+ D4\ E2/ E0+ D0/ F3+ F6+ G2\ H3/ A2\ @2\ B5\ B6+ C7/ I6\ J5/ G7+
LoopTrax_2322526 bigdan409 OTWP vs. Amanda : @0+ A0/ A3\ B1/ @3\ B0\ A1\ @4\ E1\ A0\ @2/ E1\ D1+ C0/ G2\ E1/ D0\ A7/ C8+ G7/ G2/ H2/ F8\ D9/ B1\ C0/ A9/ B10+ A10+ B11\ A7\ @7\ B2/ C1\ D0/ E12\ F11+ D13/ G12\ H11/ I10\ A11/ A12/ @12/ A13/ C14+ E14+ D15+ B15+ C16/ E15+ E16\ E17\ F17\ G14\
LoopTrax_2322992 Oartkickel of the Wolf Pack vs. Amanda : @0+ @1\ C1/ B0+
LoopTrax_2323218 Sista vs. Lady Ehlana : @0/ B1/ C1\ C2\ B2+ B0/ D3\ C4\ C5\ D4\ D5+ E4/ E3/ F4/ E5+ E2/ D6/ F2\ G4/
LoopTrax_2323238 drgnrdr vs. BrnIdGirl : @0/ B1\ A2/ @2/ @1/ A2+ D2\ D3\ D4\ C3+ E4\ F3\ E5+ F5\ B5/ B6/ A4\
LoopTrax_2323349 dolcol (LAW-10) vs. Amanda : @0+ B1\ C1/ B0\ @1/ D1/ C0\ @1\ A0\ @3/ A4/ C5\ C6+ C7/ @7+ C8\ @6/ I4\ I5\ I6+ J6\ J7\ D9+ J5+ K5/ F9+ F10\ I8\ I9\ J9\ A4/ L7+ RESIGN
LoopTrax_2324036 purplehawke vs. BabyGirl The Rebel Angel :
LoopTrax_2324072 supermac vs. BrnIdGirl : @0/ B1\ A2/ @2/ @1+ B0\ @2/ B1\ A4/ @3\ E4\ F4\ C5\
LoopTrax_2324428 touchpoint vs. dgb : @0+ @1\ B0/ B3/ A0\ @1\ A2/ @1/
LoopTrax_2328614 Gnahaha vs. violet unicorns : @0/ A0/ A3/ B1\ A4\ B4\ C4\ B3+ C5+ D5\ C6\ D6\ A6/ D4/ C7/
LoopTrax_2328910 Jane vs. Marko : @0+ B1\ C1+ A2+ @2/ E1+ E0+ B1/ C0\ @4+ D5\ F4+ E0+ G3\ G1\ D0\ C1\ B4+ A7/ H5\ H6\ B0/ A2\ @6+ @5/
LoopTrax_2333143 DINGEROO vs. Megababe :
LoopTrax_2333236 Rogue Trooper vs. Phil The Hat : @0+ A2+ B1/ C1/ C0+ A4+ @3\ B5+ A5/ @2/ D0/ F2\ F4\ G2\ F1+ G4\ H5/ I4\ @3/ @6+ A7/ @7/ B8+
LoopTrax_2333641 hoot vs. drgnrdr : @0/ A0/ B1+ @1\ A0\ D3/ B1/ B0/ D2+ D0\ E3+ F3\ E5+ E2+ E0/ F2\ G3/ C1+ D0/ E1+ E0/ D1+ G3/ H4\ B3/
LoopTrax_2335174 violet unicorns vs. HEATHER : @0/ B1\ A2/ @2\ C2\ A1\ B3/ C3\ C4\ D4/ D3/ B4/ C5\ B5/ B6\
LoopTrax_2338935 Sista vs. Lady Ehlana : @0+ B1+ A0/ B3\ A3+ C1/ C0/ D1/ C4\ B1+ B5+
LoopTrax_2339596 touchpoint vs. purplehawke : @0+
LoopTrax_2339597 violet unicorns vs. misci : @0/
LoopTrax_2339627 BabyGirl The Rebel Angel vs. Gnahaha : @0/ @1/
LoopTrax_2342225 dgb vs. marlisam : @0/ B1\ A2/ A3/ A4+ B3\ A5/ @5\ A4\ C4\ @1+ D0\ A6/ A7\
LoopTrax_2343890 violet unicorns vs. ERIN MIA : @0/ A2\ B2\ B1/ C1/ C2\ D2\ A0\ @1\ @1/ B2/
LoopTrax_2344987 marygal vs. dingbat : @0/ A0/ A0/ B2+ C3\ C4\ B4+ A5\ C2+ @3\ B0\ A2/ A5+ @3/ C7/ F6/ D7\ C8/ B7/ A7/ @5\ A4\ @4\ D8+ @7+ A8/ C9/ C2+ H2/ J4+
LoopTrax_2345355 Sista vs. Lady Ehlana : @0+ B1+ B2/ B0/ C1/ D1/ A1+ @2\ C0+
LoopTrax_2345469 Jane vs. drgnrdr : @0/ A0/ B1+ C1/ @2+ B3/ C0/ D4\ A1\ E2\
LoopTrax_2345717 hANDYman the Rebel vs. aussielady : @0/ @1/ A2/ C1/ B3/ B0+ A4+ @4+ E3+ B5/ A2\ F4/ E5\ C6\ @2\ E0\ A6+ E0\ C1\ B2/
LoopTrax_2346590 balmoral vs. Rand al*Thor : @0+ @1+ B2/ B0/ A1+ @2+ D1/ B0\ A1\ A0\ A0+ @3+ @3\ A4+ @4/ D0\ C2\ C1+ B1\ A1\ @2+ I3+ H1/ G0+ I7\ J5/ I8/
LoopTrax_2346664 Rogue Trooper vs. * : @0/ B1\ A2/ @2+ @2+ A1\ A0\ A4\ @1+ @3\ B4+ B0\ D6/ E6/ D7/ D8/ A8+ @5/
LoopTrax_2346708 Sophia vs. purplehawke :
LoopTrax_2350167 dgb vs. stormyskys : @0+ B1+ @1+ @1\ D2+ D3\ D0/ E1/ E0/ E0\ C2\ D1+ C5/
LoopTrax_2352042 keops vs. Traxplayer : @0/ @1/ C1/ D1/ B2+ A0+ B0+ E2+ @2\ B1\ @3/ A4/ D5/ @2+ B1\ B0\ A1\ RESIGN
LoopTrax_2352043 Traxplayer vs. keops : @0/ A0/ @1/ @1/ D1/ D0/ E1+ F1/ D4+ D5/ D6/ F3+ G2\ H2\ RESIGN
LoopTrax_2352044 keops vs. jaha : @0/ A0/ A3/ A0/ @2\ B0/ C5+ D3+ @3\ A2\ @2\ A1\ C0\ E1+ D0/ @5+ A8+ @7/ B2/ @6\ RESIGN
LoopTrax_2352045 jaha vs. keops : @0/ A0/ B2/ C2/ @2/ C1/ B3/ B4\ @2\ B0+ A2\ D0/ E2\ F5+ E6\ @3\ A2\ A1\ B0+ B0/ F9+ H5/ H4/ G3/ I6+ J4+ J3/ J2+ K2/ F2+ F1/ H1+ D10/ C8+ E11\ F11\ I7\ I8\ J8\ G10+
LoopTrax_2352046 Traxplayer vs. jaha : @0/ A0/ @1/ A0/ @2/ D2\ E2\ B3+ B4/ @3\ B0+ B0/ @5+ F3+ H4\ H5\ G6+ G7/ G8/ I6+ H2/ I4+ H1\ E2+ J3\ K3\ D0/ I2\ I1\ F2+ J2/ C8+ D10+ H8+ G10+ H11/ I9+ J8\ I12\ J10+ K8\ L8\ L4\ K1+ F12+ I13\ @7+ B4+ N4\ B2\ RESIGN
LoopTrax_2352047 jaha vs. Traxplayer : @0/ @1/ A0/ @2+ B0/ @2+ A3/ A4+ B5/ C4+ E3\ B6\ A0+ @5\ C8\ B7+ D7+ @4+ D9\ D10+ B6+ F6+ F8+ D0+ D0/ D0/ C2+ F6+ F4+ E0+ G4\ RESIGN
LoopTrax_2352065 dgb vs. Traxplayer : @0/ @1/ B2/ @1/ B0\ D2+ C4/ E3+ B3+ @3\ B4+ C5+ D5+ @3+ C6+ C1\ C0\ E0+ F2/ C0\ B1\ G9/ H8+ B9+ C10\ @7/ B9+ J7\ I10\ J10\ K7\ H11+ G9/ L8+ K11+ K6+ L7/ M11+ N10\ L12+ I12+ M13/ N12+ J5/ L6/ B1\ H4+ I3+ C0+ RESIGN
LoopTrax_2352885 HEATHER vs. violet unicorns : @0/ B1/ B2\ C1/ A3/ @2\ D3\ D4\ C4/ C5/ E2/ E1/ D0/ E1/ C7\ D7\ F2/ G2/ H4\ E7/ E8\ F8\ I3\ I4\ G9\ H9\ H5\ J4\ F1/ G1/ J5/ B5/ D8/ C8/ C9/ C10\ K1/ K0/ H9/ D11\ L5/ E10+ L1/ E11\ K6\ B11/ L6+ M6\ J1\ J0\ N6\ O6/ P6\ P7\ B13\
LoopTrax_2352954 dgb vs. Marko : @0/ B1\ A2/ @2\ B0\ A1\ A0\ C1+ @2+
LoopTrax_2353563 dgb vs. Dee Dee : @0+ @1/ B0/ C1/ C0+ D1\ A1\ E3\ @3\
LoopTrax_2353744 DINGEROO vs. Marko :
LoopTrax_2353808 darkest angel 70 vs. Megababe : @0+ A0+ @2/ C2\ C3\ D3\ D4\ E4\ E5\ C6+ D7/ B7+ @2\ A1\ B0/ E2\ @2/ G1/ H1/ E0+
LoopTrax_2357654 stormyskys vs. dgb : @0+ A0+ A0+ @3+ B4/ B0/ C1/ D1/ A3+ D3\ A2+ @4\
LoopTrax_2357754 stormyskys vs. dgb : @0/ A0/ @2\ B0\ A1\ A0\ @2\ C0/ D2\ A1\ @1\ B0/
LoopTrax_2359709 violet unicorns vs. Marko : @0/ RESIGN
LoopTrax_2359739 Traxplayer vs. Gnahaha : @0/ A0/ @2+ B3/ B0\ @4\ @4\ B2+ @2+ C5+ B1+ A5/ C1+
LoopTrax_2360207 basplund vs. dgb : @0/ @1/ C1+ C2+ D2\ D3\ B3+ E2+ RESIGN
LoopTrax_2361358 purplehawke vs. BabyGirl The Rebel Angel :
LoopTrax_2365968 Traxplayer vs. marlisam : @0/ B1\ A2/ @2\ B3\ C3\ C4\ C5/ D3+
LoopTrax_2366100 Phil The Hat vs. dingbat : @0/ A0/ A3+ @3/ A2+ @2/ @2/ B1+ @2/ A0+ @1\ D4+ F1/ E0+ D0/ @3+ D1\ E0/ E8\ H8/ A2+ C1/ RESIGN
LoopTrax_2366149 violet unicorns vs. dboy97 : @0/ @1/ A2/ C1/ @2\ B0\ A1\ A0\ @3/ F1/ G1\ E0/
LoopTrax_2367730 Traxplayer vs. dgb : @0/ @1/ @1/ D1/ B0\ B0+ C4\ C5+ D5\ E3/ B6+ @3/ G3+ D0\ F0+ G4+ H7+ G8+
LoopTrax_2367932 ScoobyRex02 vs. * : @0/ A2\ B1/ @1/ D1\ D2\ D3+ E1+ E3+ A3/ B4/ @3\
LoopTrax_2369500 Rand al*Thor vs. FMG : @0+ @1/ A2+ C1\ C3\ A3+ D2\
LoopTrax_2369620 marygal vs. balmoral : @0/ A2\ B2\ @2\ C1/ D1/ C0+ B4\ A5/ @3\ D5\ E3\
LoopTrax_2370610 Sista vs. basplund : @0/ A0/ B1\ A3\ B2+ C2\ C3\ D3\ @2/ D4+
LoopTrax_2371233 violet unicorns vs. basplund : @0/ @1/ A2\ B2+ B0\ A1+ B4\ C3+
LoopTrax_2371667 Sophia vs. violet unicorns : @0+ A0\
LoopTrax_2372376 dgb vs. Traxplayer : @0+ B1+ C1+ B0+ D2+ C3/ C4/ C1/ C0/ A4+ C0+ B0/ C8/ @7+ F3/ RESIGN
LoopTrax_2373117 touchpoint vs. BabyGirl The Rebel Angel : @0+ B1/ C1\ B2/ C2+ D2/ RESIGN
LoopTrax_2373156 Pegasus vs. purplehawke : @0+
LoopTrax_2374258 Traxplayer vs. mayonnaise : @0/ B1\ A2/ @2+ A0/ B1/ @3+ E1/ E0/ @4+ B2\ G3\ B1/
LoopTrax_2374565 ERIN MIA vs. violet unicorns : @0/ @1/ A2\ B2\ B0/ B0\ C1/ C0/ B1\ C0+ @4\ A3\ E2/ C1\ @3/ A4/ A2\ @2\ F4\ F6\ G4\ H4\ B1\ A1\ D0\ A1\ H4/ I4/ J4\ J5\ I7\ I8\ J8\ A0/ J10/ I10/ K8/ K7/ K10\ I11/ H11\ H9+
LoopTrax_2375991 REBEL DJ vs. drgnrdr : @0+ @1/ B0/ @2/ B1+ B0+ A1\ @1\ A2+ @1\ C0/ A0/ @2/ @3\ D1+
LoopTrax_2376232 Rogue Trooper vs. keops : @0+ A2+ @2/ C2\ A3/ @3/ D4+ C5+ A1+ @3/ @5/ B6\ C0/ G5\ G6\ G7+ H5+ G3+ A3+ RESIGN
LoopTrax_2376288 dgb vs. jaha : @0/ A0/ B1/ C2+ A3/ D1\ @2+ C4+ F1\ E0+ D0/ D0/ G3\ G4+ H4\ E7+ E8\ E9+ I4\ H3+ F6\ G6+ I6\ G8+ J5\
LoopTrax_2376550 dgb vs. violet unicorns : @0/ A2/ B1/ A3/ @1\ A0\ @1\ C1/ C0/ C0/ A7/ @7/ E7\ E8\ F6\
LoopTrax_2378139 Dawnas AZ vs. violet unicorns : @0/ A2/ A3/ @3/ @2+ B0\ @3/ B5\ C6/ C0\ C8+ C0/ E6+ B2\ A3/
LoopTrax_2378140 violet unicorns vs. Dawnas AZ : @0/ B1/ C1/ B0+ @2/ B3\ C3\ C0+ D4\ E3\
LoopTrax_2378143 Pegasus vs. violet unicorns : @0/ A0/ @2\ A1\ @1\ A0/ D2/ B1+ C1+
LoopTrax_2378144 violet unicorns vs. Pegasus : @0/ A0\ @2/ B0\ A2\ A1+ @3/ D2\ A1\ C4/ B4/ @2\ @2/ D5/ A3+ C4+ A4/ C0\ B2\ @3\ A2\ C1+ B1+ @2\ B1\ B0\ A2\ @2\ B1\ B0\ A2\ @2\ F2/ A1/
LoopTrax_2378145 darkest angel 70 vs. violet unicorns : @0+ A2/ A0\ @3/ A4/ @2/ A4\
LoopTrax_2378146 violet unicorns vs. darkest angel 70 : @0/ A2\ B1/ C1/ B2\ C2\ D2\ @1+ B0/ D4+ E2/ F2/ F3\ G3/
LoopTrax_2378149 Paddington Bear vs. Traxplayer : @0+ A0+ A3+ A0+ A5/ @5/ C3\ D3\ E4/ F3\ A3\ @2/ E2+ F5\ E6+ C0/ E1\ E8/
LoopTrax_2378150 Traxplayer vs. Paddington Bear : @0/ @1/ @1/ B0+ B0/ A1+ D2/ D1+ @3/ C4\ @1+ A0\ D6+ E6\ F6\ G3/ A6/ @6/ B7\
LoopTrax_2378153 dingbat vs. Traxplayer : @0/ @1/ C1/ D1/ B2+ A0+ B0\ C0+ B0/ B0/ E4+ F4\ E7\ C8+ @6\ E2+ G3+ F1+ C8/ A7+ C9+ D10/ E9+ F9\ G7/ A9/ @8\ I1/ G0/ I9+ H11+ E12+ J9/ K8\ C3+ B5/ C1\ RESIGN
LoopTrax_2378154 Traxplayer vs. dingbat : @0/ A0/ @1/ A2/ C2+ A3/ D1\ E2/ F1\ A4/ F0/ @2+ H1\
LoopTrax_2378157 Traxplayer vs. fallingstar : @0/ B1\ A2/ A0/ @2+ C0/ D3+ @2/ @2/ C1/ A4/ B5/ @3/
LoopTrax_2378158 fallingstar vs. Traxplayer : @0+ A0+ @1+ B0/ C2+ B4/ C4/ D3/ C5\ D5\ E5\ B6+ D2/ A5+ A3+ @3/
LoopTrax_2378159 drgnrdr vs. keops : @0/ A0/ @1/ @1/ B0+ @2/ A3/ @3/ D4+ C5+ C6/ @6+ D7/ A1+ F5\ @3/
LoopTrax_2378160 keops vs. drgnrdr : @0/ A0/ A3/ A4/ @3+ C1/ D1+ B0+ @3/ @4\ @3/ @4\ F6/ D5+ @1+ B6+ B0+
LoopTrax_2378161 drgnrdr vs. Rogue Trooper : @0/ A0+ B2/ A0/ B0\ C4/ @4/ B5+
LoopTrax_2378162 Rogue Trooper vs. drgnrdr : @0+ A2/ @2\ A1\ B3/ B4/ C3+ B5/ @5+ E3/ A6+ @5\ A0\ @2/ C0/ D1/ F3/
LoopTrax_2378163 keops vs. Rogue Trooper : @0/ A0+ A0\ @1\ A0\ @4+ @3+ C0\ @1+ A0\ C7/ B7/ A7+ @5\
LoopTrax_2378164 Rogue Trooper vs. keops : @0+ A2+ A0+ A0+ B1/ @1\ C0/ D1/ C0+
LoopTrax_2380495 balmoral vs. Rand al*Thor : @0+ B1+ B2/ B0/ @3\ C4/ D4\ C5/ D2/ E2/ @4+ F4\ G3\ F5\ D6/ F1+ D7/ F6\ G4+ G1\
LoopTrax_2380540 Traxplayer vs. marygal : @0/ B1\ A2/ B0\ @2+ @1/ @1/ B3+ @3+ F0/ G3+ B1/ E5\ F4+ B5+ B6/ C6\
LoopTrax_2383112 spitfire vs. violet unicorns : @0+ A2\ B2/ B1/ B0/ C1\ D1/ D0/ @3/ D1\ E0/ D4\ @4\ E5\ A3/
LoopTrax_2384254 Phil The Hat vs. Oartkickel of the Wolf Pack : @0/ A0/ A0+ A0\ @4+ @2+ B0/ D4/ D2+ D6+ E6\ F6+ F7\ E2/ A0\ @1\ G4+ H7/ D8/ C8/ E1+ D0\
LoopTrax_2384496 faith64 vs. drgnrdr : @0/ A0/ @2+ C2\ C3\ @2\ A0+ C0\ E4+ E6/ F4+ D2+ G4+ F6\ H4+ F7/
LoopTrax_2385657 dboy97 vs. Megababe : @0/ @1/ @1/ B2+ B0\ C0\ C0/ D3\ E3\ B2+ A2\ @3\ G5\ E6+ G2/ A2+ @2/
LoopTrax_2385701 purplehawke vs. darkest angel 70 :
LoopTrax_2388772 dgb vs. Birds of Prey : @0/ A2\ B1/ A3/ @3\
LoopTrax_2389161 dgb vs. Birds of Prey : @0+ @1+ @1+ @1+ A0+ A3+ D1+ @2\ D3/ D1+ C0/
LoopTrax_2390879 Rogue Trooper vs. supermac : @0+ B1\ A0/ A3+ @3/ A4/ B5+ @3+ A2\ @1/ A0+ B0+ F5/ F6+ C8\ @2\ H6\ H7\ C8/ E9/ B6/
LoopTrax_2392466 Dawnas AZ vs. violet unicorns : @0/ A2\ B2+ B1/ C1/ D1/ D0/ E1/ D0/ E1/ B5+ B6/ A6/ @5/ B7+ B8/ A8/ A4\ @4\ @4\ B8+ A8/ @7/
LoopTrax_2393794 dgb vs. cctiger2000 : @0/ A2\ B2\ B3+ @2+ C4/ B0\ A1\ A0\ @1\ D1/ D0\
LoopTrax_2395967 BabyGirl The Rebel Angel vs. marygal : @0+ B1/ B2/ C2\ B3/ A0+ @2/ A5/ @4+ C6\ D6\ E6\ F6+ F7\ A5/ E7/ E8/ E1+ G4+ G0+ H2\ I2\ H3\ E1+ B8+ @7/ G0/ J1/ K1/ H0/
LoopTrax_2397359 keops vs. B Line electric streetcar : @0/ @1/ A0/ @1+ A0\ B4/ @2/ B5+ B6\ B7\ @1\ B0/ A5+ @4/ F6\ G4+ E7+ G7/ H6\ I7/ F8+ C7+ C9/ B8+ D10\ E9+ B10/ A8+ C11/
LoopTrax_2397375 DINGEROO vs. purplehawke : @0/
LoopTrax_2397417 drgnrdr vs. FMG : @0/ A2\ B1/ B0/ @3\ C3+ D1/ D0/ E1/ F2/ @4\ F0/ G1/ G0/ H1/ H0/ I4+ F8+ J5/
LoopTrax_2398673 dingbat vs. Rogue Trooper : @0/ A0+ A3/ A0/ B2/ B3+ C3/ C2/ B1+ D2/ C4+ B5+ B6\ E4+ E5\ B0/ @5/ F1/ G3/
LoopTrax_2398708 supermac vs. Traxplayer : @0/ @1/ A2/ B3+ C1/ B4/ @2/ B0+ E4\ E5\ D6\ D7\ E7\ F7\ F1/ G6+ D0/
LoopTrax_2402376 Jane vs. drgnrdr : @0/ A0/ @2+ @1/ D1/ D0/ E1+ D0/ C5\ B0+ @2\ B0/ E1\ F7\ G6/ F2+ D0+ A3\ @5/ @5+ A6/ A7/ D8\ D9\ J7\ J8\ @4/ B2+ C1\ F0/ L9\ I10\ G11\ H1/ J2+ G0/
LoopTrax_2403913 dgb vs. Oartkickel of the Wolf Pack : @0/ A0/ B1+ B3+ @2+ D2/ E2\ C4\ D5/ B4+ B6+ A6/ C0/ @7/ D8/ A5\ @5\ G1/ H2\
LoopTrax_2403922 Oartkickel of the Wolf Pack vs. dgb : @0+ A0+ B1/ @1\ A0\ B4+ A4/ @1+ @2\ F1\ E4/ C5/ @4+ C0\ A2+ @4/ @4/ I1/ F0\
LoopTrax_2406727 Rand al*Thor vs. Dawnas AZ : @0+ @1+ A2\ A0\ @1\ @1+ C0+ D2/ E2/ E1/ B4+ @2+ D0\ @3+ F0+ H2/ B6/ B3/ B7\
LoopTrax_2406836 violet unicorns vs. balmoral : @0/ A2\ B1/ B0\ A1\ @1\ C3\ D2/ D3\ E2\
LoopTrax_2408679 Oartkickel of the Wolf Pack vs. dgb : @0+ B1/ @1/ A2/ A0\ @1\ C1+ A0+ C0\ E3\ D5+ F5+ G5\ F6/ C6/ G7\ H7\ C7+ B7+ F8/
LoopTrax_2408680 dgb vs. Oartkickel of the Wolf Pack : @0/ @1/ A2/ B3/ B0+ @3/ A4/ C0/ B1+ B0/ D6+ B7/ B8+ A8/ E4/ E3/ E8\ F6+
LoopTrax_2409285 dgb vs. chuckwagon : @0/ B1+ C1/ C0\ B3+ B1+ @2\ D3+ B1\
LoopTrax_2411238 jaha vs. dingbat : @0/ A0/ B2/ @2+ D2\ D3\ B0\ C1+ D5\ E3/ E2/ @2/ F1/ F0+ G6\ F7/ H4+ H7/ H8/ H1+ I3\ J3\ H0+ D1+ D6+ E9+ C9+ B7/ H10\ I8+ D10+ G10+ F11\
LoopTrax_2411287 Rogue Trooper vs. dgb : @0+ A2/ @2\ B0/ A1+ C2+ @2/ @3\ F2/ A1\ C0+
LoopTrax_2415036 Linda Sue vs. Judy Moody : @0+ @1+ B0\ B3\ C3\ A3/ B4\ @2/ @2\ A1\ A0\ A0\ @1/ A3/ @2/ C0\ @3\ G3/ H3/ I3/ H2\ F0/ E0/ G2+ B6+ B7/ D8\ A4\ @4\ I2+ I1/ B3\ B2\ C2+ B1\ E0+
LoopTrax_2417203 * vs. FMG : @0/ A2\ B2\ B3\ @2\ D3/ A0/ C2+ D2/ D1\ @4/ D1+ B5/
LoopTrax_2417428 dgb vs. basplund : @0/ @1/ A2+ C2/ B0/ A4/ B4+ @1/ B0+ @2/ A3/ B6+ B7\ E3+ @1+ C0/ A6+ @5/ B8/ @6/ E9/
LoopTrax_2417430 basplund vs. dingbat : @0/ A0/ @1/ A2/ C2+ A3/ D2/ E2/ A4+ @2+ D0\ A0+ @3/ G1+ H4/ D0/
LoopTrax_2417944 dgb vs. Ray of Light : @0/ B1\ A2/ B2+ C2\ A3/ D2\ A4/ @1+ A0\ E2/ @3+ E1\
LoopTrax_2420055 Dragon101 vs. SweetCindyJo : @0/ B1\ B2\ C2+ D2/ A2+ A3+ @3/ A4/ A2\ @1/ E3\ F4/ C5/ C6+ B6/ F6\ E7/ G5/
LoopTrax_2420278 purplehawke vs. violet unicorns :
LoopTrax_2422767 Dragon101 vs. smores4me : @0/ A2+ A3/ @3\ A2\ @2\ @1/ C0/ @1\ A0\ A5/ @3\ C6/
LoopTrax_2423677 basplund vs. dingbat : @0+ A0+ A0\ @1\ C1\ A0+ @3+ @3\ @2/ C4/ A1+ E5+ F5\ G2\ B5+ D6/ B6/ @3\ F6+ C0\ D0+ @6+ A9+ @6/ B3\ B2\ A4/
LoopTrax_2427072 Oartkickel of the Wolf Pack vs. dgb : @0/ @1/ A0+ A0\ @3/ @2+ C4+ C5/ @2/ D0+ A5/ @4\ @3/ D1\ G1/ C2\
LoopTrax_2427073 dgb vs. Oartkickel of the Wolf Pack : @0/ A0/ A3/ B2+ A4/ @2\ B0/ A2+ D1/ B0/ D6\ E3/ D7/
LoopTrax_2427156 Dragon101 vs. pjweedley : @0/ A2\ B2\ C2\ B1+ B3\ C3\ C4\ D1+ D0/ D0/ E1/ E0/ F1/ F0/ F0\ G3+
LoopTrax_2428634 marygal vs. Oartkickel of the Wolf Pack : @0/ @1/ A2/ B3+ C3\ C4\ C5\ D3+
LoopTrax_2428655 * vs. BabyGirl The Rebel Angel : @0/ B1\ B2\ A2+ @2/ B3\ @2/ E2\ E3\
LoopTrax_2429914 marygal vs. drgnrdr : @0/ A0/ @2/ @1+ A0\ A0+ @1\ E4\ E5\ E1/ F3\ E0\
LoopTrax_2430079 drgnrdr vs. basplund : @0/ @1/ A2/ C1/ D2+ A3+ A0+ @3/ F3/ E1+ E5/ F4+ D5+ D6/ E6+ F7+ B5+ G6/ @4\ @2+ @2/ @2/ B1+ L6/ E6/ E7/ B4+ F7\ E8/ L8\ M7/ N7/ @4/ C5/ A1\ RESIGN
LoopTrax_2430372 keops vs. jaha : @0/ A0/ A3/ A4/ @3+ C4+ D3+ @1/ A3/ @1\ C0+ E6+ F6\ F7\ G4\ E8/ D8/ C6+ G2/ E1+ H3\
LoopTrax_2430373 jaha vs. keops : @0/ A2/ B1\ C1\ @2\ B3/ B0/ E2+ B0/ E0+ F3\ G3\ E5\ RESIGN
LoopTrax_2431373 the great snowqueen vs. basplund : @0+ A2+ A3\ A0\ @1/ C2\ A2+ A4/ D3+ B5/
LoopTrax_2431607 Dragon101 vs. violet unicorns : @0/ B1/ A2+ @2\ D1/ E1/ C0+
LoopTrax_2432915 Pegasus vs. Dragon101 : @0/ A0/ B1\ B2\ C2\ B3/
LoopTrax_2432915 Wife of a Maverick driver vs. Dragon101 : @0/ A0/ B1\ B2\ C2\ B3/
LoopTrax_2433292 Oartkickel of the Wolf Pack vs. dgb : @0+ B1\ @1\ D1+ A0\ E2\ C1+ D0\ C0/ F4/ E3+ A0+ @2+
LoopTrax_2433293 dgb vs. Oartkickel of the Wolf Pack : @0+ A2\ A3\ A0\ @3/ A2+ C3+ @3+ A4/ C5\ B0/ B0/ B0/ @6\ E1/ F2+ D0/
LoopTrax_2433343 HeartOnFire vs. crow57 : @0/ B1\ B2\ C2\ B0+ C4/ D4/ D5\ E5\ B0/ E4+ A4+ A5/ @6\ C7/ G5/ H4\ C8/ G2\ B8\
LoopTrax_2434321 Jump This vs. Cayey : @0/ B1\ B2\ C2\ B3/ A2+ C4\ D2\ A4/ C5/ A5\
LoopTrax_2434513 basplund vs. dingbat : @0/ A0/ B1/ C2+ A3/ D2/ E2/ A4+ @2+ C5/ C6/ @2/ @2/ @2/ C1+ D4+ B0/ A6+ @3/ D8/ D9+ F0/ F0+ G1/ H3+ I2+ C1\ E0+ B3+ C1\ @5+
LoopTrax_2436164 Senorita ZORRO_ vs. spitfire : @0/ A2\ B2\ B3\ B1/ C1/ @2\ D2\ E2\ E3/ D0\ C1\ B1+ B0/ D6/
LoopTrax_2437398 spitfire vs. MizE : @0/ B1\ B2\ C2\ A0\ @1\ C4/ B4/ E4\ E5\ C1+ B0/ D1/ E1/ B6/ A5/ @4/ @3/ B5/ A5\
LoopTrax_2439480 Rand al*Thor vs. drgnrdr : @0+ @1\ B2/ B0+ C2\ D3/ D1+ D0/ E4/ C1+ D5+ F2+ F4+ E6/ G1\ C6+ A5+ @3\ B1+ H3+ G0+ I3\ H6+ I1/ I7/ J3/
LoopTrax_2439580 Dawnas AZ vs. marygal : @0/ A2\ B2\ B3\ @1/ C1+ D2/ A4+
LoopTrax_2440012 keops vs. dingbat : @0/ A0/ A3/ B1+ @3+ D1/ B4+ B5/ E1/ D2+ C5+ A5/ @5/ A2+ @4/ @4+ D0+ A2\ @4+ F0\ G2+ H1+ A6/ A7/ A8+ J1/ @7/
LoopTrax_2440013 dingbat vs. keops : @0/ @1/ A0/ @1/ @1+ C0/ B3/ A0\ @1\ E3+ A3/ @3/ G2\ D0+ D0/ D7/ F1+ A8+ @5/ G8+ E9\ H7+
LoopTrax_2440014 keops vs. Traxplayer : @0/ @1/ @1/ @1/ B2+ A0+ B0+ C0+ C0\ C0\ E4+ F4\ G4\ H4\ @5\ A4\ F7\ D8+ C8/ @5+ H6+ K5+ L5/ H8/ H9/ M5/ J7+ D3+ I3+ H2/ D0/ B8+ C10+ @6/ @8+ C9+ C11+ B11/ @8/ D12+ D13\ B10+ K2/ K1/ G0/ @10/ @10/ B9+ C8+ D7+ D6/ G14\ H13\ I13+ I14\ G15+ G16/ O10/ J13+ K14+ M14+ N13+ K15+ L15\ O11+ K16+ K17\ L18/ H16\ G17/ P11\ Q11+ O13+ P14/ P15/ E17/ RESIGN
LoopTrax_2440015 Traxplayer vs. keops : @0/ A0/ @1/ A0/ @1/ @1/ C0+ D1/ D0/ D0+ E5+ E1\ D0/ F2\ G2+ A3+ @4\ E0/ H0+ I3\ D3+ E1+ @6/ C4/ B8/ A8/ B9/ C9+ D9\
LoopTrax_2440016 keops vs. darkest angel 70 : @0/ B1+ C1/ @1/ B0/ C3\ D0/ E3/ A1\ @2/ C0/
LoopTrax_2440017 darkest angel 70 vs. keops : @0+ A2+ @1\ C1/ C0/ D1/ D0/ A0\ @2/ F1\ C0\ G1/ E0+ G6+ G7\ H3\
LoopTrax_2440018 dingbat vs. Traxplayer : @0/ @1/ A0/ @1/ @1+ B2+ C3/ B0+ B0/ B0/ A2+ E5+ C7/ B0+ F6/ F5+ F8\ RESIGN
LoopTrax_2440019 Traxplayer vs. dingbat : @0/ A0/ @1/ A0+ A0\ @3/ @2+ E2\ D1+ E5+ F2\ D0\ G3+ H3\ I3+ E7/ G6+ F1+ E0/ I3+ J4\ F8\ E9/ H5+ E10\ F10\ F11\ G9/ H9+ I6\ H7\
LoopTrax_2440022 Traxplayer vs. darkest angel 70 : @0/ B1+ C1/ @1/ B0/ C3\ A0\ @2/ E1/ C0\ F2\
LoopTrax_2440023 darkest angel 70 vs. Traxplayer : @0+ A0+ B1/ A3+ C1\ C2\ B3\ D2/ @2\ @2\ A0/ @1/ A2/ B4+ C5/ @1\ B0/ D7/ A1\ B0/ G8/ A6/ @5/ C8/
LoopTrax_2441122 Sophia vs. violet unicorns :
LoopTrax_2441536 Irishrose vs. violet unicorns : @0/ @1/ B2/ B0\ A1+ @1\ B3+ A0\ C1/ A0\ C1/ C0/ B1+ B0\ B0/ C1/ A1+ @2/ A3/ @1/ A2/ E0\ D1+ A4/ B1\ A1\ C9+ C10/ D10\ F9\ F10\ G10\ F1\ E0\ F8+ F7/ F6+ @5\ H6+ A4\ H5+ I4/ I5+ J5\ D1+ C1\ H2/ I6\ J6\ J7\ I8\ I10\ I11\ J11\ A11\ A10\ A9\ A8\ A7\ @8/ I1/ J1\ C1+ J2+ A6\ A9/ A5\ A4\ B3+ K3+ B2+ A2\ A10+ K2/ B1\ A1\ A0/ B1/ C1/ D0/ G2/ C1\ A1/ @1/ F1/ H1/ I2+ J1\ K1/ L1/ A2/ @2/ B5+ @4/ A2\ @2\ B1+ B0\ D7+ @3\ G1/ G0/ I2/ B5/ J2/ J1\ F1+ F0/ M3/ K2/ L2+ M2/ N3+ F0\ G2/ H1+ M2/ L1/ O3\ M1+ C9/ M0+ E3\
LoopTrax_2442653 jaha vs. Rogue Trooper : @0/ B1+ C1/ B0+ A3\ @3\ B1+ A0/ @2+ @2\ C0/ A0+ @4\ @3/ D0+ F2+ B6+ @4/
LoopTrax_2443915 HEATHER vs. violet unicorns : @0/ A2\ A3/ @3/ A4/ @4/ D4\ D1/ B2\ C0\ C6\
LoopTrax_2444046 B Line electric streetcar vs. dboy97 : @0/ @1/ C1/ D1/ E1+ D0+ F2+ A0+ @3/ D0/ E1/ C0\ A2+ @5+ C6+ C7/ D7+ G8+ H7\ I7\ I8\ I9\ D8+ D9/ D10/ G10+ D11+ H11+ J9\ H12+ K11\ I12+ K5+ L8+ J4+
LoopTrax_2444051 basplund vs. DINGEROO : @0/
LoopTrax_2444116 dgb vs. Oartkickel of the Wolf Pack : @0+ A0+ B1/ C1/ @2\ D2\ E2\ A3\ F2/ F1/ G1/ F0+
LoopTrax_2444161 Oartkickel of the Wolf Pack vs. dgb : @0/ A0+ A3/ A0/ @1/ B0/ C3\ @1\ A0\ @3/ B4+ E7\ B7/ D8/
LoopTrax_2448569 dgb vs. basplund : @0+ A0+ B1+ A3+ @2\ A0/ A0/ B6\ C4\ A0/ @3+ E5/ D2+ E2\ A0\ @3/ E1/ RESIGN
LoopTrax_2448598 CATNAP vs. Sista : @0/ B1\ A2/ B2+ C2\ A3/ @3/ B4/ A4+ @4\
LoopTrax_2449048 Thud vs. dgb : @0+ A2+ B2\ C2\ C1\ B0/ B0/ B5+ @3/ @4\ @4\ G3+ A2\ @4\ D5+ A6+ @3/ G6/ RESIGN
LoopTrax_2449407 Phil The Hat vs. supermac : @0/ B1\ B2\ C2\ A2/ A3/ A4+ @3+ C0\ @1+ C0/ D0+ D6+ F3+ A1+ G1/ G0/ G6\ G7\ H4+
LoopTrax_2449455 darkest angel 70 vs. violet unicorns : @0+ A2\ B2/ B1/ C2/ C1/ B0+
LoopTrax_2449612 marygal vs. basplund : @0/ A0/ @2/ B0/ C3+ A4/ A0+ @4+ E2/ E1/ E0/ F1/ D0\ F6\ RESIGN
LoopTrax_2450599 heidibb vs. dgb : @0/ @1/ B0/ @1+ C0/ @3\ @2/ B1+ B0\ E5\ F5\ A5+ D6\ @3+ A5/ A0\ @3+ G1/ E0+ H3/
LoopTrax_2451349 basplund vs. dgb : @0+ B1\ B2\ C2\ C0+ D2/ B0/ B0/ D6/ B7+ @4/ @7+ D8/ C1\ D0/ A2\ RESIGN
LoopTrax_2451652 keops vs. jaha : @0/ A0/ A3/ A4/ @2/ C3\ D3+ B5\ C5\ C6\ D6\ A0+ @2\ B7/ D8+ A6\ B5+ @2\ A1\ C0/ G7+ @6+ H3/ F2+ I4\
LoopTrax_2451653 jaha vs. keops : @0/ @1/ A0/ A0/ A4/ B2/ @3/ @1+ B0\ D1\ C0+ B0/ E7\ RESIGN
LoopTrax_2452636 Traxplayer vs. Oartkickel of the Wolf Pack : @0/ A0/ @2+ A0/ @2+ @1/ E3/ E4/ F4/ D4/ D5+ E2+ E1/ F1/ E0\ B1\ F0/ B1+ G1\
LoopTrax_2452667 balmoral vs. Dragon101 : @0+ A0+ @2+ B0+ A1+ B0/ B5\ C5\ C1\ A1\ C0\ A6/ A7/ D6\ @4/ C0/ @5/ B4\ B3+ A3\ @6\ C2/ C1+ @4+ B1/ D0/ B1/ A9+ @7\
LoopTrax_2453669 Jenny Poo vs. dgb : @0+ B1\ A0/ @2/ B3\ D1/ E1\ C0/
LoopTrax_2454098 dgb vs. * : @0/ B1\ A2/ @1+ B3\ C3\ C4\ D2/ A4/ D0\ @4\
LoopTrax_2454219 Pegasus vs. basplund : @0+ A2/ @2\ B0/
LoopTrax_2454219 Wife of a Maverick driver vs. basplund : @0+ A2/ @2\ B0/
LoopTrax_2457136 dingbat vs. jaha : @0/ A0/ B2+ @2\ A3\ B4\ D2\ E2\ F2\ G2\ B0/ A2+ B6\ A5+ D1/ D0/ @3\ A7/ C8+ D6+ @7\ B5+
LoopTrax_2460924 Rand al*Thor vs. marygal : @0+ @1/ C1/ A2/ A0/ B0\ @1+ A0\ @4+ B6/ B0\ A1\ E2+ @4\
LoopTrax_2460945 keops vs. drgnrdr : @0/ A0/ A3/ B3/ A4/ C4+ A5/ D4/ @3+ C2/ @5/ C6/ A1\ F1+ @3+
LoopTrax_2461808 spitfire vs. MountainMist : @0/ A2+ @1\ B0/ C1/ B4+ B5/ A5/ C5\ @3+
LoopTrax_2462197 spitfire vs. * : @0/ A2\ B2\ @1/ C1/ D2\ E2\ D3+ D4/ C0/ D2/ B0+ E3+ @5+ @6/ D7+
LoopTrax_2462430 * vs. MountainMist : @0/ B1/ B2\ C1/ C2+ B0+ A0/ D2/ D1/ C0/ @2\ A1\ C0/ C0+ D1/ E2/ F5+ D0/ E2+
LoopTrax_2462480 * vs. darkest angel 70 : @0/ B1\ B2\ A0/ C2+ D2/ E2/ A0\ @2/ E4+ A1\ @1\ E1+ D0/ D0/ @3/ A4/ @4/ D5/ E6+ I2+ J4\ K3/ G7+ E7/ D8\ J7\ K7\ I8/
LoopTrax_2462758 spitfire vs. darkest angel 70 : @0/ A2\ B2\ A3\ B1/ C2\ C3/ A4/ @4/ E2/ E1/ D0/ D0\ C2+ A4\ @5\ B1\ A1\ D6\ C7/ F2/ C8\ D8\ D9\ G4\ F5+ F0/ G1/ H3\ C11/ B10\ E9+
LoopTrax_2463626 ScoobyRex02 vs. BabyGirl The Rebel Angel : @0/
LoopTrax_2464821 fallingstar vs. * : @0/ A2/ A0\ @1\ B4\ C4\ C2\ D2\ E3/ B5/ A4\ @2\
LoopTrax_2466176 Thud vs. violet unicorns : @0/ @1\ B0\
LoopTrax_2470068 darkest angel 70 vs. Rand al*Thor : @0+ A0+ B1/ @1\ C0/ C0+ D2\ C0/ E3/ E2+ @4/ B5+ D5\ F4+ B6/ A6/ B7/ A2\ B1/ @3/
LoopTrax_2471796 Uncle Chuckie vs. Traxplayer : @0/ @1/ B0/ @1+ C0/ D1/ D0/ @4\ E0/ A1+ C6/ @3/
LoopTrax_2473239 drgnrdr vs. marygal : @0/ A2\ B1/ B0/ @3\ @1+ A0\ D4+ E2/ B0+ B6\ A5+ @4\ G1/ E0+ H3\ G4+ G7\ H5+ D7\ E8/ B9+ A9/ @7/ E10/ F9+ A9/ C10\ D11/ A12+ @10\ G12+ @8+ E13\
LoopTrax_2473371 violet unicorns vs. Sophia : @0+
LoopTrax_2473884 keops vs. jaha : @0/ A0/ @1/ A0/ @2/ D2\ C4/ @1/ B3/ D5+ C4+ C5/ E4+ A2+ C6/ A5+ RESIGN
LoopTrax_2473885 jaha vs. keops : @0/ @1/ A0/ A0/ @1/ B0/ @2+ C0/ B4/ D1+ B0+ B0/ B0/ @4+ @5\ @4/ @5\ B3+ B2/ @4\ C1\ B1\ A1\ E2+ @1\ D0+ A6/ RESIGN
LoopTrax_2476125 BabyGirl The Rebel Angel vs. DINGEROO : @0/
LoopTrax_2481132 sithneedow vs. dgb : @0+ A0/ A0/ @3\ C2\ B4/ C4/ @1\ A0\ A5/ @5+ C6/
LoopTrax_2483528 rapscallion vs. supermac : @0+ @1/ A2/ A3+ @1\ C0\ D2/ D3+ D0+ D0\ B2+ E1/ D0\ B8+ A8\ @8\ F5/ G4\ D8+ H6\ G7+ H3/ I4\
LoopTrax_2483712 csain1 vs. supermac : @0/ B1\ A2/ @2/ B0/ A0+ @4+ D4+ A5\ B0/ D2+ E2+ B0/ @5+ E8\ F7/ G7/ G5+ G8\ H7/ E9+
LoopTrax_2483995 Amanda vs. supermac : @0/ A2\ B2\ B1+ A0\ @2/ D2+ D1/ B0\ A1\ @2\ C0+
LoopTrax_2484274 BrnIdGirl vs. supermac : @0/ B1\ A2/ @2/ B3\ C3\ D2\ C4+ D4\ D5\ E3\ E4+
LoopTrax_2484467 Trist vs. supermac : @0/ B1\ A2/ @2/ C2\ C3\ C4\ D3+ B3/ D0/ E1/ A1\ @2/ C0/
LoopTrax_2484847 Jump This vs. Budgie : @0/ A2\ B2\ B3\ C2/ B1+ A4\ D2/ D1/ C0/ C0/ E3/ D2+
LoopTrax_2485050 basplund vs. Thud : @0/ A2/ @2\ B3/ B4/ C3+ D4/ D2+ E1\ B0/ D0+ C0/ C0/ E2+ F1+ F3+ G2\ D0\ F7+ B1\ C0/ A6\
LoopTrax_2485137 rapscallion vs. drgnrdr : @0+ @1\ B0/ B0/ C2\ A4\ C3\ @1\ B0+ A5/ A1+ @4\
LoopTrax_2485151 Amanda vs. drgnrdr : @0+ @1\ A2/ @1\ B3/ C2+ B0+ B0/ D3\ E4/ B6/ A6/ @3\ B1+ A6+ @3\ C7/
LoopTrax_2485264 csain1 vs. drgnrdr : @0/ A0/ A0/ @2+ @2/ @3\ @2/ F2+ E4+ D4+ E5\ B1+ E0/ G1/ E0/ @6/ E7/ E8/ A4+ C2+ G0/ H1/ A3\ @5\ D2+ E1\ I0/ J4/ E1+ A9/ H0\
LoopTrax_2486277 BrnIdGirl vs. drgnrdr : @0/ A0/ B1+ B3/ A3+ @3/ A4\ A1\ @3/ C0\
LoopTrax_2486360 basplund vs. dgb : @0/ A0/ @1/ A0+ C3/ A0/ C3/ D3+ B5/ @2+ B4+ C0+ C0\ C0\ D2+ C0\ B4+ E1/ C0+ E6+ F2+ A4+ A5/ @6\
LoopTrax_2486573 Trist vs. drgnrdr : @0/ A0/ B2\ B3/
LoopTrax_2486891 Amanda vs. bigdan409 OTWP : @0/ A2\ B1/ A3\ B2\ C1/ @1\ B0/ @2\ B4/ C5\ F2\ F3\ G3\ G4\ G1/ H1/ B1\ C0/ H5\ I2\
LoopTrax_2487743 sallyp vs. dgb : @0+ A2+ @1\ C1/ A2/ B0+
LoopTrax_2491238 Rand al*Thor vs. Oartkickel of the Wolf Pack : @0+ A2+ B1/ @1\ C0/ @2\ B3+ B4/ A0+ C0+ E1/ E4\ F3/
LoopTrax_2491466 violet unicorns vs. darkest angel 70 : @0/ B1\ A2/ C1\ B2\ A3/ C0\ A5\ B5\ B6\ C4/ @6/ E3/ A7\
LoopTrax_2493616 CrzyCrtv vs. dgb : @0+ A2+ A3\ @3/ B0/ B5/
LoopTrax_2494164 RyRy is here vs. dgb : @0/ @1/ B0/ @1+ C0/ @3\ B4\ D0+ E3+ A1\ B0/ @4\
LoopTrax_2494575 Jump This vs. CrzyCrtv : @0/ A0+ A3/ A0\ @2+
LoopTrax_2495279 Dragon101 vs. Uncle Chuckie : @0/ B1/ B0+ B0\ C3+ A4/ @1+ B0/ D2+ C0+ C0/ A2+ E1+ F3\ F4\ G2/ G1/ H1/ E0/ D0\ C1+ H7\ I7\ @8+ B2\ A2\ @3+
LoopTrax_2495359 keops vs. Traxplayer : @0/ @1/ @1/ @1/ B2+ A0+ B0+ E2+ F2\ @3+ @3/ E5+ E6/ I2\ G0\ G0\ F2+ H2/ F0/ F0/ B5/ A6+ B4/ C3+ @4\ C3+ A7/ RESIGN
LoopTrax_2499045 ScoobyRex02 vs. drgnrdr : @0/ @1/ B0+ B3\ C2/ A0/ @1+ @3\ D5+ C6\ B6+ A6/ C7\ F3/ E1+ C8\ C0/ B0\ A1\ E1/ G3/ C0/
LoopTrax_2499051 marygal vs. dingbat : @0/ A0/ B2/ A0\ @2/ C2/ D1\ E2/ A3/ E0+ F1/ G1/ E0\ F0+ F6\ D7+ G5+ H5\ A4\ @3/ @2\ C1+ G0/ J2/ K3/ I1/
LoopTrax_2501396 BabyGirl The Rebel Angel vs. Cayey :
LoopTrax_2502114 spitfire vs. MizE : @0/ A2\ B2\ B1+ A3/ @3/ B0\ A1\ D3/ D2/ C5\ D5\ E3/ F4/ E6/ E7+ G4/ G3/ F2/ F1/ C0/ G2\
LoopTrax_2502777 Jump This vs. Dee Dee : @0/ A2/ B2\ B0/ A4\
LoopTrax_2504437 Jump This vs. CrzyCrtv : @0/ B1\ B2\ A2/ A3\
LoopTrax_2504910 * vs. Dragon101 : @0/ A0/ @1/ A2+ @1\ C0+ @2\ B3+ C4/ B5\ B1\ B0/
LoopTrax_2507904 basplund vs. BabyGirl The Rebel Angel : @0/
LoopTrax_2507905 misci vs. violet unicorns :
LoopTrax_2508001 Amanda vs. Oartkickel of the Wolf Pack : @0/ @1/ A0/ @1/ B3\ C3\ D3\ A3/ B4\ A4+ D2/ E2/ D1+ B5+ C5\ E4\ F2/ G2/ @5\ C6\ C7\ A2\ @4/ D0+
LoopTrax_2508145 basplund vs. Traxplayer : @0+ B1+ C1/ C0/ B0/ B0/ B0+ A1+ B0/ C1/ C3+ D1+ E3/ @4+ D0/ @6+ C2+ D8/ D9/ F5+ H4/ G2\ A4/ E0/ E0/ I6+ G8+ H9+ J6/ K6/ G10+ G2+ H3/ C0+ B1\ G1/ RESIGN
LoopTrax_2509657 basplund vs. splodge : @0/ B1\ B2\ A2+ C2/ C1+ C0+ D1/ E1/ D2+ F1/ D3+ E0+
LoopTrax_2510940 B Line electric streetcar vs. Uncle Chuckie : @0/ B1/ A0+ A3/ @3/ @3/ C4+ @3/ @4\ @2+ A0+ G1+ D6+ C0+ A7/ B0\ B9/
LoopTrax_2511088 Traxplayer vs. dgb : @0/ @1/ A0/ @2/ B3/ B4/ D4+ C5\ E3\ E5/ F4+ G4/ B0+ A6\ B7/ @3+ RESIGN
LoopTrax_2511973 balmoral vs. dgb : @0+ A2/ @1+ A0\ C2\ D2\ C4/ D1/ E1\
LoopTrax_2511974 dgb vs. balmoral : @0+ @1+ @1+ A0+ D2\ @2/ E1/ F2\ D3/ D1\
LoopTrax_2511979 Kituku vs. dgb : @0/ @1/ B0\ @2\ B1+ B0\ A2\ @2\ B1\ B0\ A1\ D1/ C5/ C0/
LoopTrax_2511980 dgb vs. Kituku : @0/ B1\ A2/ @2/ B0+ C3+ B4\ B5\ C5\ C6\ D4+
LoopTrax_2511983 darkest angel 70 vs. dgb : @0+ A2+ B1/ C1/ C2/ A3/ D2\ D3\ A4/ B4+ D4\ A0+ @2/ F5\ D6/ E7+ @5/ A6/ D7+ G1/ H2\ E0/
LoopTrax_2511984 dgb vs. darkest angel 70 : @0/ B1+ C1/ C2/ D1/ B0\ D4\ E3/ A4/ @3\ D5/
LoopTrax_2511987 dgb vs. irishmiss : @0+ @1/ C1/ A0/ @2/ C3\ A0\ @1\ E1/ C0/
LoopTrax_2511988 irishmiss vs. dgb : @0/ A0/ A3/ A0/ @2+ @3\ D1/ A5/ @4\ E5\ F4\
LoopTrax_2511991 Cayey vs. Traxplayer : @0/ @1/ A2\ C1\ B2+ B3\ C3\ C4\ D4\ A4/ C5+ @2/
LoopTrax_2511992 Traxplayer vs. Cayey : @0/ B1\ A2/ B2+ @2\ C3/ B0\ A2+ @2\ A1\ @1\ @2+ C0+
LoopTrax_2511993 Cayey vs. drgnrdr : @0/ A0/ B1/ C2+ D2\ B3+
LoopTrax_2511994 drgnrdr vs. Cayey : @0/ B1\ A2/ @2/ @1+ D0\ @3\ B4\ C5/ F1\ D6\ E6\ A6/ C7+ @6\
LoopTrax_2511995 Cayey vs. jazzbeth : @0/ @1/ B2\ C2/
LoopTrax_2511996 jazzbeth vs. Cayey : @0/ B1\ A2/ B2+ @1+ A0/ A0/ C5\ C2/ D1\ @3\
LoopTrax_2511997 dingbat vs. Traxplayer : @0/ @1/ A0+ A3\ A0/ C2+ C3+ D3\ D4\ B0/ B6+ E5+ @4\ C7/ C8/ @4+ B8/ D9/ D0/ C2+ A4+ @4\ H4\ B7+ I6\ G3/ F2+ J6+ @4+ C3+ B5+ B8+ F0/ B11/ A10/
LoopTrax_2511998 Traxplayer vs. dingbat : @0/ A0/ @1/ C1\ B0\ B0\ D3\ C4\ B5/ A2+ A4+ @4\ C6\ D6\ D7\ E7\ B7/ C8/
LoopTrax_2511999 dingbat vs. drgnrdr : @0/ @1/ A0+ @1+ B0/ @2\ @2\ B3+ @2\ D1+ D4\ E5/ G5+ E6/ G1/ E0/ H3\
LoopTrax_2512000 drgnrdr vs. dingbat : @0/ A0+ B1\ C2/ C0\ @3+ C4+ @3/ F4\ E5\
LoopTrax_2512001 dingbat vs. jazzbeth : @0/ B1/ B0+ B3/ B0/ B0/ @4/ A2/ @4+ @3/ A1+ C0+ @3+
LoopTrax_2512002 jazzbeth vs. dingbat : @0/ A0/ @1/ C1\ D1\ B0/ B0/ B5\ C5\ @1+ D0\ B6+ D7\ F5/ A5+ @3\ @3\ H0+ I4+ D1+ E0\ F1+ B3+ C1+ @4/
LoopTrax_2512003 Traxplayer vs. drgnrdr : @0/ @1/ A0/ @1/ A0/ C2+ B4/ C5+ D2\ C6/ A5+ C1/ E2+ E4+ D6+ @6\ D7+ A7+ E8/ F7+ G7\ B4+ F0/ G1/ B1/ A2+ D0/
LoopTrax_2512004 drgnrdr vs. Traxplayer : @0/ @1/ B2/ C2/ B3/ B0\ A4\ @4\ A5/ @3/ E5\ RESIGN
LoopTrax_2512005 Traxplayer vs. jazzbeth : @0/ @1/ @1/ A0+ B0+ D1\ B4+ D4/ @3+ E2\ F3+ C5/ C6/ D5+ G4+ H4/ C7+ A5+ E0+ F1/ @6\ F0\ @6+ D3\ I2+ E2+ J2/ H0/ RESIGN
LoopTrax_2512006 jazzbeth vs. Traxplayer : @0/ @1/ A0/ @1/ A2+ B0\ C2/ C0\ D2\ E2\ E5/ E6/ B5/ F6\ E7/ F1/ E0\ G3\
LoopTrax_2512007 drgnrdr vs. jazzbeth : @0/ @1/ A2/ C1\ @1+ C0/ @3\ E3+ E4\ @2/ B1+ G4\ E5/ G1/ H5/ F0/
LoopTrax_2512008 jazzbeth vs. drgnrdr : @0/ A0/ @1/ B0\ C2/ C4/ D4/ C0/ D3/ E5+ C6/ B6/ D7\ D8+ E8\ F5\ G6/ H5\ F4+ G3+ D9/ A8+ H9+ A4+ I8+
LoopTrax_2512009 * vs. basplund : @0/ @1/ C1/ D1/ C0+ D3+ A4\ @3\ @3\ F4\ G2/ D0/ G1/ E5/
LoopTrax_2512010 basplund vs. * : @0/ B1\ A2/ A3/ B3+ @2+ @2+ A3/ A4/ D0\ D5\ C6\ E3+ E4\ E0/ F1\
LoopTrax_2512011 * vs. Sara : @0/ B1\ B2\ A2+ @2/ A3/ @2/ B1+ A3/ @2+ C4+
LoopTrax_2512012 Sara vs. * : @0/ B1\ B2\ A0/ A3/ B4\ A4+ @4/ C5\ D3+ A3\ @4/ E6\ F5/ B2+ C0/ F4\ E0/ F2\ B1\ F1/ D0\
LoopTrax_2512013 * vs. Dragon101 : @0/ A0/ @1/ A2+ B3/ B0/ C4+ D2+ B0/ @2+ F3\ G3\ F5+ B6\ C7/ A5\ @2/ F8+ G8+ G9\ C8+ A5+ @5/ H10/ G10/ G11/ F11/ F12/ E12/ I8+ J8\ E13/ D10+ B10+ @7\ H14+ J12+
LoopTrax_2512014 Dragon101 vs. * : @0/ B1\ B2\ A0/ C2+ D2/ E2/ F2/ F0+ F0/ G3\ D5+ B1\ A2\
LoopTrax_2512015 basplund vs. Sara : @0/ B1\ B2\ A2+ C2/ B0\ A0/ C3+ D2\ C0+ E4/ D5\ D6/
LoopTrax_2512016 Sara vs. basplund : @0+ @1+ B2/ A0\ B1+ @1/ A2/ C4/ D2/ @4/ C5+ A1\ @1+ B0/
LoopTrax_2512017 basplund vs. Dragon101 : @0/ A0/ @2/ B0/ @1+ B0\ @4+ D0/ E3/ B1\ A2/
LoopTrax_2512018 Dragon101 vs. basplund : @0/ @1/ @1/ @1+ C2+ C3/ C4/ C5/ E2\ D3+ A3\ @4+ @3/ B2+ C6+ G5+ F6\ F7\ G7\ H7\ A6/ H2\ A7\
LoopTrax_2512019 Sara vs. Dragon101 : @0+ A0+ A3/ @3/ B4/ @2/ C5\ D3/ D1/ E1/ E3+ A1\ @2\
LoopTrax_2512020 Dragon101 vs. Sara : @0/ B1\ B2\ A2+ C1+ A0/ @2/ B0/ B0/ @5\ D6\ B6+ F5/
LoopTrax_2512158 Traxplayer vs. carinda : @0/ B1\ A2/ @2/ B3\ C3\ D2+ @1\ C0+ @3/ A4/ A5/ @5/ C6\ A1\ B0\ @2/
LoopTrax_2512705 Amanda vs. dolcol (LAW-10) : @0/ B1\ A2/ A3/ C1/ B0\ B4/ @4+ A5/ A0+ @3/ @3+ A4/ @4/ C5+ A1\ A0\ @3/
LoopTrax_2513785 SweetCindyJo vs. Dragon101 : @0/ A0/ B2/ B1+ C1\ @1+ B3\ B4\ @2\ A0/ D5/ F3/ E1/ B0+ C7\ C8\ C9\ E7+ B5+ @2\ A1/
LoopTrax_2513960 dgb vs. basplund : @0/ @1/ @1/ @1+ C2+ E2/ B0+ B0/ D5+ E3/ @3/ D5+ D6/ @3\ A2\ A1\ B0+ B0/ B6+ C7+ @5/ B6+ B7/ A7/ D8/
LoopTrax_2515035 SassySass vs. basplund : @0/ @1/ @1\ A0/
LoopTrax_2515037 SassySass vs. basplund : @0+ @1+ C1\ B0/ C0/ D1\
LoopTrax_2515180 basplund vs. Traxplayer : @0/ @1/ C1/ D1/ A0/ D3+ D4/ @3\ @2/ B5+ F1/ G3\ H4/ I1+ I0/ J1/ G0+ J5\ K1\ J6/
LoopTrax_2517157 BigDaddyTuaine vs. basplund : @0+ A0+ A0/ A4+ B1\ A5+ B2+ B5\ B3+ @5/ B6\ B7\ C6\ D6\ C7\ E5+ D7\ E3/ F4+ A2/
LoopTrax_2517158 Traxplayer vs. BigDaddyTuaine : @0/ @1\ A0/
LoopTrax_2518324 marlisam vs. BabyGirl The Rebel Angel : @0+
LoopTrax_2518367 Sarah vs. Phil The Hat : @0+ A0+ B2\ A0+ @2/ @3\ C4+ E3\ F3\ C0+ B2+ C0+ F7+ @4/ E3/ F2+ E1+ @3\ A2\ B6+ D1/ C1+ @4\ @4+ C5+ D7/ D8/ H8/
LoopTrax_2518386 Rogue Trooper vs. supermac : @0+ B1\ C1\ @1/ D2+ C3+ E2/ E0+ D0/ F3+ B6\ D6\ D7\ @5+ F6+ G4+ G6+ H5+ D7/ D8/ D9/ @6\ @7+ F10/ @7\ C11+ A11+ @6/ @6/ H1+ F3+ I0+
LoopTrax_2518442 violet unicorns vs. basplund : @0/ @1/ B0/ B0/ B0/ C3+ B5\ D3\ C5\ D1/ B6\ E3/
LoopTrax_2520056 dingbat vs. Dragon101 : @0/ A0/ B2+ @1+ A3\ @1\ C0/ A3+ E3\ F3\ E2+ F5\ G2/ G4\
LoopTrax_2520151 marygal vs. * : @0/ B1\ B2\ A0/ C1/ B0/
LoopTrax_2521679 Dragon101 vs. jaha : @0/ A0/ A0/ A0/ B2+ @1+ @1/ @3+ @3\ @3\ B4+ @4+ C1+ C0/ H6\ I6+ A2\ @5\ B1/
LoopTrax_2524069 basplund vs. Uncle Chuckie : @0/ B1/ B0+ A0/ C3/ A4/ @1+ B0/ D2+ E3\ A0\ @3\ E1/ G6\ C0/
LoopTrax_2525787 dingbat vs. * : @0/ B1\ A2/ A0/ A0/ C2+ D2\ @3+ D4\ B5/ C0\ @4\
LoopTrax_2527696 Kituku vs. marygal : @0/ A2\ B2\ B3\ B1/ C1/ @1\ A0\ C5/ A4/ B5+ @3\
LoopTrax_2527708 violet unicorns vs. DINGEROO : @0/
LoopTrax_2528214 dgb vs. basplund : @0+ @1+ B0\ A3/ @3/ @2/ C0/ C0/ B3+ A2+ @2+ D0+ F3+ G4/ H3\ I4/ G5+ F6+ D7/ D8/ J5\ H6+ H2+ G1/ J2/ RESIGN
LoopTrax_2528996 BabyGirl The Rebel Angel vs. darkest angel 70 :
LoopTrax_2529328 marygal vs. basplund : @0/ A0/ @2/ @1/ A2/ B3+ @1+ D0+ B5/ A5/ @3\ @2/ B1+ A6/ @5\ E6\ D7\ F5\
LoopTrax_2529427 CrzyCrtv vs. basplund : @0/ @1/ B0/ B0/ A4+ C4/ C5\ D5/
LoopTrax_2533206 dgb vs. jazzbeth : @0/ @1/ A2+ C2/ B3/ A0+ @4\ @3/ C0/ E6/ F6+ B6+ G4/ G3+ H5\ H6\ H7+ I6/ D7+ E2\ E7+
LoopTrax_2533207 jazzbeth vs. dgb : @0/ @1/ B2/ C2+ @1/ E1\ B2+ D3+ F2/ @2\ A3\ B0\ B0+ @4+ A3+ B1+ E6\ F2+ G1+ H5+ G0/ I1+ E0+ C1\ B0/ @7\ E9+ E10/ D9/ H10\ D10+ C9/
LoopTrax_2533208 dgb vs. Traxplayer : @0/ @1/ A2/ B3+ C1/ B4/ B0+ B0/ B7/ D4+ D2+ @3+ B1+ F3+ G2\ F1+ F0/ E0+ D0/ H4+ G2+ @5+ J2/ J1/ K1/ K0/ K5+ RESIGN
LoopTrax_2533209 Traxplayer vs. dgb : @0/ @1/ A0/ @2/ @1/ B0+ B0/ @3\ E2/ C0/ C0/ C0/ B4+ A2+ E4+ F6\ RESIGN
LoopTrax_2533210 dgb vs. Dragon101 : @0/ A0/ @2/ B0/ @1+ B0\ B0\ A1\ @1\ @1+ A0\ F3+ G3\ H3\ G2+ F4+ G5+ @4/ A5/ A1\ @4+ C0+ E2+ K4\ A7/ @6\ E6+ E8/ D8/
LoopTrax_2533211 Dragon101 vs. dgb : @0/ @1/ B0+ @2/ A3+ @2\ B4/ C4+ @2\ B4/ F4+ G3\ C5+ C6/ B1+ B0\ G2+ H4\ A5/ @4/ A2+ A7+ B8/ B0/ @6+ A4\ D10\ @5+
LoopTrax_2533212 jazzbeth vs. Traxplayer : @0/ @1/ B0+ @2+ A0/ B4\ D3/ @1/ A2+ D1\ C5\ F2\ D0\ @2+ @2/ @2/ B1+ A3+ @3/ A2+ I5+ G0/ B1+ A5+ @1\ B0/ J3+ K2\ L6/ M4+ J1+ I0/ M7+ L3+ K1+ F7+ C8/ N4\
LoopTrax_2533213 Traxplayer vs. jazzbeth : @0/ @1/ A0/ @1/ A0/ A0/ @1/ B4+ B0\ D4/ A3+ B0\ C1\ @4/ @5\ C2+ E0/ F1/ B2/ C1+ B0/ @7\ C8+ B4\ A3+ G0/ H2\ A1+ RESIGN
LoopTrax_2533214 jazzbeth vs. Dragon101 : @0/ A0/ @2+ B0/ A4/ @1\ B0+ @3/ A4+ A1\ @2+ C0/
LoopTrax_2533215 Dragon101 vs. jazzbeth : @0/ @1/ @1/ C0+ A3+ D3/ C4+ C5/ D2/ D5+ A0/ E4+ F3\ G3\ @4\ D1/ @1+ C0/ @4/ A5/ A6+ @4+ I8\ J6+ F8+ K3/ G8+
LoopTrax_2533216 Traxplayer vs. Dragon101 : @0/ A0/ @1/ A2+ C1+ @2\ C0\ E2\ B4\ A1\ @3\ @3\ H2\ G1+ RESIGN
LoopTrax_2533217 Dragon101 vs. Traxplayer : @0/ @1/ @1/ @1/ B2+ A0+ B4/ E2+ C0+ C0/ E2+ B7/ C6+ B8+ F6\ F7+ F8/ D7+ F3/ G2\ G1/ RESIGN
LoopTrax_2533230 Traxplayer vs. Chef Jeff 1 : @0/ A2/ @2\ A1+ C1\ C2+ B3+ A0\ A0\ @2\ D1/ E3\ C0/
LoopTrax_2538176 basplund vs. Traxplayer : @0/ @1/ C1/ A2\ A3\ @3\ @3+ A4+ @3\ A2\ C5/ A1\ B0\ @3+ @2/ @3\ @2/ @3\ E1+ D0+ E6+ RESIGN
LoopTrax_2538664 Traxplayer vs. marlisam : @0/ B1\ A2/ @2\ B0\ A1\ A0\ D3\ @2+
LoopTrax_2539489 jaha vs. B Line electric streetcar : @0/ @1/ A0/ @2/ B0/ C2+ B0/ @4+ E2/ C5+ E5+ F5/ G3+ F1+ F0/ H3\ I2+ J3/ I4+ F0/ J2+ E1\ F0/ K5/ K2+ K0+ L5+ G0+ L3+ H9+ J9+ I10+ G0/ M3+ B6+ @6+ D4\ K0+ C6\
LoopTrax_2539543 Uncle Chuckie vs. violet unicorns : @0/ B1/ B0/ B0\ C3\ A1\ B4\
LoopTrax_2539662 * vs. marygal : @0/ A2\ B1/ @1/ B0+ A0/ B5+ B0/ C1/ D3\ @3+ F1/ F0/ E6\ F7/ G6/ G4\
LoopTrax_2539680 Dragon101 vs. dgb : @0/ @1/ A2+ C1/ C0+ @1/ B0+ B0/ A4/ @5\ @2+ B1\ B0\ A1\ @3/ A6/ C7\ @6\
LoopTrax_2541337 violet unicorns vs. marlisam : @0/ A2\ B2\ B1+ C1\ B3\ C2\ A4/ @4/ D3+ E3\ C5\ D5\ E6\ F6\ A1+ B0/ E3+ F3\ E1/ E0\ C1/
LoopTrax_2544555 Thud vs. * : @0+ @1/ B0+ C2\ C3\ B4+ @4+ @4/ B5\ B6\ C6+ D0\ C1\ B3+ A3\ @5\
LoopTrax_2544602 marygal vs. Kituku : @0/ A2\ B1/ B2+ C2+ C3\ A0\ @2/ B4+ E3/ E1/ D0+ F3/
LoopTrax_2544607 BabyGirl The Rebel Angel vs. DINGEROO : @0/
LoopTrax_2546802 DavidTrax vs. Dragon101 : @0/ A0/ A3/ A4/ B2+ @1+ A0\ @5/ A6/ B0\ A1\ @7/ D0+ E1/ F1+ D0+ B10\ D9+ F9+ F5+ G5\ H4+ E10+ B11\ D10+
LoopTrax_2548138 dawn1968 vs. Rogue Trooper : @0/ A0+ @2\ B0/ @3\ B1\ B0+ C5/ D4\ @5/ B6\ A2\ @3\ B1/
LoopTrax_2549160 klaashaas vs. ypercube : @0/ @1/ B2/ C1/ C3+ D1/ B4\ C0+ D0\ B1+ E4+ @1\ A0\ @2+ D1/ C7/ D8/
LoopTrax_2549190 DavidTrax vs. ypercube : @0/ @1/ A2/ B3/ B0+ @3/ @1+ C0/ C0/ C0/ @1+ A0\ A7/ @1\ A5+
LoopTrax_2549901 Rogue Trooper vs. ypercube : @0+ @1+ A0/ B3\ C3\ D3\ C1+ E3\ E4\ D5+ @1/ @2\ E0/ H5\ H0+ C6\ I2+
LoopTrax_2552207 basplund vs. dingbat : @0/ A0/ @2+ C1+ A0+ D2/ E2/ D3+ B4/ @3/ @4\ E1+ H3/ G4+ H5+ C0+ B2/ D6+ D1+ H2\ F1+ G0\ I2+ E8/ I8/ G9+
LoopTrax_2552353 Pegasus vs. Traxplayer : @0+ B1+ A0/ A3/ B3+ @2+ A1\ A0/
LoopTrax_2552353 Wife of a Maverick driver vs. Traxplayer : @0+ B1+ A0/ A3/ B3+ @2+ A1\ A0/
LoopTrax_2553423 DavidTrax vs. Dragon101 : @0/ A0/ @2/ B0/ C3+ B4/ B5/ A5/ D1/ B0/ D6\ D7\ E4+
LoopTrax_2556312 * vs. ypercube : @0/ @1/ B0\ @2+ B3/ A1\ C0\ D2+ @4\ C5/ @4\ A6+ @3/ F6\ @6/ H6/
LoopTrax_2556674 DavidTrax vs. Dragon101 : @0/ A0/ B2/ B1+ A3\ C1\ A0/ @2+ @2/ B4+ B5/ @3\ @5+ B6/ B7/ A7/ @6/ C1\ A3\ D0/
LoopTrax_2557234 DINGEROO vs. ypercube : @0/ @1/ B2+ C2+ C3\ A3+ C0\ D4\ B5/ D1/ E2+ C0/
LoopTrax_2557399 BabyGirl The Rebel Angel vs. Irishrose : @0/ @1/ B0\ A1+
LoopTrax_2558883 dboy97 vs. marygal : @0/ B1\ B2\ B3\ C1/ C0/ B5\ A5\ D4\ E4/ @2\ A1\ D0/ B7/ A7/ A1/ C2+ C8\ D8\ E8\ G7+ E9/ F9+ @3/ A4/ @2\ A1\ C0/ J6/ I5\ J10\ K7\ K9/
LoopTrax_2560408 Rogue Trooper vs. Masonsmith : @0+ A2+ B1/ A3/ @1/ B0/ B5/ B6/ @5+ E2/ E1/ B7\ E3+ F3\ E7+ E8\ B8+ @8+ A4+ A2/ G5+ H5/ G8\ H7\ I3+ I6+
LoopTrax_2561768 DavidTrax vs. Dragon101 : @0+ A0/ A3\ B2/ @1/ @2\ D4/ E3+ D1/ C0+ D6/ B5/ F6\ D7+ F2/ G6+ E1/
LoopTrax_2561913 drgnrdr vs. Rand al*Thor : @0/ B1\ A2/ B2+ B3+
LoopTrax_2562230 Masonsmith vs. Phil The Hat : @0/ @1/ A2/ A3/ C1/ @3+ @3/ @3/ F0+ A3\ @4/ C2+ D0\ @5+ A4+ @4+ C2\ B2\ D1/
LoopTrax_2562236 Phil The Hat vs. Dionysos : @0/ B1\ B2\ C2+ D2/ D0\ A1\ @2/ F2\ A1\ @2/ F0\ E5\ E1+ H1+ H0/ H6\ I5\ G7\
LoopTrax_2562372 Dionysos vs. Phil The Hat : @0+ A2+ A3+ A4+ A5\ @5/ B6\ A2+ B0/ C5/ C2+ A5\
LoopTrax_2562612 ypercube vs. Dionysos : @0/ B1+ C1/ A0\ @2\
LoopTrax_2562619 ypercube vs. Phil The Hat : @0/ A0+ @1+ A0\ A4\ @3\ D4\ D5\ B5+ E3+ D2/ D1/ E1/ B0/
LoopTrax_2562730 Masonsmith vs. ypercube : @0/ A0/ @1/ C2\ B3/ D2/ D3/ D4/ D5/ E2+ F5+ D6/ D7/ B5+ G6/ B8/ A8/ G8\ G3/ H8/
LoopTrax_2562757 Dionysos vs. ypercube : @0/ @1/ B0\ B3+ A1+ @2/ A4/ @4/ B5+ D5\ E4+ F4/
LoopTrax_2563026 Jay RAA vs. Phil The Hat : @0+ A2+ A3+ A4+ A5+ @5+ B6+ A2+ A3+ @2/ D2/ @2/ F1/ E0\ E4\ F4\ G2/ G1/ F0/ H3+
LoopTrax_2563162 dawn1968 vs. Phil The Hat : @0/ A0/ @1/ B0+ A3+ @3+ A2+ @2\ A0/ A0+ A0\ @1\ A0\ @1\ C0/ D1/ B7+ F5\ D9/ @3+
LoopTrax_2563528 marygal vs. marlisam : @0/ A2\ B2\ B3/ A3/ @3/ C4\ D4\ B0\ A2/ @4/ B6\ @6+ C7\ D7\ F4/ C8+
LoopTrax_2563588 dboy97 vs. Traxplayer : @0/ @1/ @1/ @1/ C0+ D3+ C0/ @3+ E5+ F3+ F1/ D0/ E7+ G2+ D6/ F7\ G7\ H6+ C6+ E8+ A6/ B7\ B8\ F9+ H8+ I5/ H4+ G10/ I7\ J7\ J8\ K7/ J11+ K10\ L10\ L11\ I12\ L8+ M10\ N10+ N11\ N7/ O7/ L6/
LoopTrax_2563612 Phil The Hat vs. dawn1968 : @0/ A0/ A3/ B1+ A4/ C3+ A5+ @4\ @4+ E1/ F3/ F4+ C6\ B2+ B5+
LoopTrax_2563649 violet unicorns vs. Kituku : @0+ @1+ A2/ @2/ C0/ B1\ @2\ C0/
LoopTrax_2564534 Rogue Trooper vs. Dionysos : @0+ A0/ B1\ B0\ @3/ B4+ C4\ @3/ E4\ B5\ E1/ D0\ F3\
LoopTrax_2564537 Rogue Trooper vs. Phil The Hat : @0+ A0/ B1\ A3+ C1+ C2/ @3/ A4/ A1/ @1/ @1/ B3+ A0+ B0+ @4\ @2+ A1\ A0+ @1\ D0/ F2+ C0\ B1\ G10\ H10\ I10\ J9+ E1/ C0+ G3+ H6+ J6/ J5/ I2+ E1/ F0\ B10/ A8/
LoopTrax_2564540 Rogue Trooper vs. dawn1968 : @0/ @1/ B0/ @1\ A0/
LoopTrax_2564543 Rogue Trooper vs. Masonsmith : @0+ B1\ B2\ B0\ A4\ B4+ @1/ A3+ D4/ B0/ B0/ E2+ F3/ D7/ B7+ G3/ D0+ @3+ H2\ I4/ H1+ A7\ @7\ F9/ @5\ H7+
LoopTrax_2564637 dawn1968 vs. Rogue Trooper : @0/ A0+ @2+ @2/ @2/ C0/ E1\ C4+ B2+ D0\ C6+ A1\ @2\ B0/
LoopTrax_2564665 Jay RAA vs. Rogue Trooper : @0+ A0/ A3\ B1/ B0/ C4+ @1\ A0\ A0\ @2+ D2/ A0/ F3/ F2/ G6\ G7\ H7\ H8\ I8\ I9\ J9\ G10+ K2/ K1/ L9\ L10\ L11\ H1+ K0/ M5+
LoopTrax_2564893 Dionysos vs. Rogue Trooper : @0/ A0+ @2/ @2/ C0\ @1+ @2\ C0+
LoopTrax_2565088 marlisam vs. violet unicorns : @0/ A0/ @1+ A0\ C2/ B0/ D2+ C1/ C0\ B1\ @2\ A1\ E5\ E6\ F4/ F3/ F2+ G2/ @1\ A0\ G2/ B0\ G2\
LoopTrax_2565168 balmoral vs. marygal : @0+ B1\ B0/ C1/ A3/ C2\ D2\ A4/ @3\ @3\ A2\ A1\ B0+ A6/ @4+ G6\ D7/
LoopTrax_2565220 basplund vs. Dragon101 : @0+ A0/ B2+ B3\ A0/ B5/ A5/ C2\ @1\ A0\ C1+ @3+ A4+ @4/ E0/ G1+ E8\ F8\ G5+ A2\ @3\ B1/
LoopTrax_2565230 ypercube vs. Rogue Trooper : @0+ A0+ @1+ B0/ A3/ A4/ B0/ A2+ @2\ C0/ B0+ @3/ @2+ C0/ C6+ B7+ D9/ D10/ D11/ @2/ C12/ B9+ F12\ E13/
LoopTrax_2565271 Phil The Hat vs. Masonsmith : @0/ A0/ A0/ @1/ @1+ A2/ D1+ B0\ A5/ @3/ E5\ E6\ F4\
LoopTrax_2565275 Phil The Hat vs. Rogue Trooper : @0/ A0+ B1/ A0/ A0+ @2\ B0+ @3\ @3+ C1+ C0+ E2\ C0+ B2/ A2/ B6/ C0+ B2+ @6+ A3/ A7/ @5\ @5+ B3+ E8/ G2/ A8/ B9\
LoopTrax_2565456 Masonsmith vs. Rogue Trooper : @0+ A0/ @1/ A3\ B4/ @3+ @3\ D0/ A2\ E2+
LoopTrax_2566674 ypercube vs. dawn1968 : @0/ A0/ @2+ B3\ C1+ B4\ A3+ A5\ C4\ D3\ @4\ C5\ C6\ D6\ D7\ E6/ B0\ A2/ @2/ A5+ G7/ G6+ G9\ H8/ A9+ F2/ E10\
LoopTrax_2566677 ypercube vs. Masonsmith : @0+ @1+ @1+ C0/ A1+ C0/ C0+ D3+ @3\ C5\ C6\ E5+ A4/ @3\ @3\ E0/ C3/ C1+ E0/ E0/ G4/ H3\ C0+ B3/ H1+ RESIGN
LoopTrax_2567037 Phil The Hat vs. ypercube : @0/ @1/ B0+ B0/ C2+ @3+ B1+ A0/ C0/ D1/ E4/ F4/ G3/ F5\ C6+
LoopTrax_2567206 dawn1968 vs. ypercube : @0/ A0+ @1\ @2+ @1/ B0+ B0/ B0/ B0/ A1+ @4/ E4/ A6/ C7/ @5\ @5\ B3\ A7/ F2\ C8+
LoopTrax_2568715 Rogue Trooper vs. ypercube : @0+ A0+ B1/ B2+ @1/ @1/ B0/ A4/ @4/ A2+ A0+ B0\ @4/ @6/ A7/ C7+ C8/ F7+ F8\ F9+ G7+ @5\ A4\ C3+ B2+ @5+
LoopTrax_2569414 Rogue Trooper vs. dingbat : @0+ A0+ @2+ B3\ C2+ B0\ C1+ D2\ @3+ F2\ G2\ B2+ B0/ C0/ F3+ H4/ C0/ F7+ C8\ H7\ G8\
LoopTrax_2570019 Jay RAA vs. ypercube : @0+ A0+ @2+ B0+ B4+ B0+ B0+ B0+ B8+ B0\ A1\ @1+ B0+ B5/ D4\ A8\ D8\ @6\
LoopTrax_2570886 * vs. Sea Breeze : @0/ A0/ @2/ A0/ @2/ D3/ E3/ F3\ D4+ D2/ E2+ F2+ D1/
LoopTrax_2570895 dgb vs. Sea Breeze : @0/ A0+ A0\ @3/ A4/ @2\ B0/ D1\ A1\ C0\ @4+
LoopTrax_2571132 Sea Breeze vs. ypercube : @0+ A0+ B1/ B2+ B0/ A4\ B5/ A6\ C2/ A0+ B0\ D4/ E5/ C6+ E4/ B0\ E4+ @5\
LoopTrax_2571213 ypercube vs. Marko : @0+ A0+ @1\ A2+ @1+ C0+ D2\ C4/ B5\ D4+ A5/ D6\ B6/
LoopTrax_2571564 dgb vs. dawn1968 : @0/ @1/ A2/ C2/ B0+ @3/ @2+ @2+ F2/ F0\ G2\ F5+ F6/ B5+ H1/ G0\ H5+ I4\ H7\ H8+ I6\
LoopTrax_2571919 dgb vs. GlassTiger : @0/ B1\ A2/ @2/ B0+ A4\ B4\ C4\ D2/ D1/ C5\ @5/ E4+
LoopTrax_2572417 ypercube vs. Judy : @0+ @1+ @1+ @1/ E1+ F1\ F2/ B2+ E2/ E3/
LoopTrax_2573057 dgb vs. Dragon101 : @0/ A0/ B1/ A3/ B0+ C1\ @1+ @3+ C5/ B6\ B7+ F3+ G2\ H2\ G4+ G7+ H6\ I6\ I7\ F8\ J5+ I4/ G1+ F0/ I2/ I1/ J4+
LoopTrax_2573491 DavidTrax vs. Dragon101 : @0+ A0+ A0/ A4/ B1+ C1\ B4+ @2/ B0/ B0/ D2+ E3\ @4\ A3\ A0+ @1\ F1/ E0+ G2\
LoopTrax_2573691 dgb vs. Yo2peachy : @0/ @1\ A0/
LoopTrax_2576836 supermac vs. Dragon101 : @0/ A0/ @1+ C2+ B0+ D2/ D1/ E1/ B0/ E4\ F2/ C5+
LoopTrax_2579826 basplund vs. dingbat : @0/ A0/ B1+ C1/ D1/ C2+ B0\ @3+ C4+ D0+ @2+ A1\ A0+ @1\ H3\ F7/ I5\ I6\ I2/ J3\
LoopTrax_2579860 * vs. Rogue Trooper : @0/ A0+ A0\ @1\ B4/ B0+ C2\ B6/ C4\ D4\ B0/ @6+ D0/ E1/ F6\ @6/ @5+ E9/ C10+ F7+
LoopTrax_2586131 misci vs. marygal : @0+ @1/ A0\ @1\ C3\ C4\ D4\ A4/ RESIGN
LoopTrax_2586148 Traxplayer vs. drgnrdr : @0/ @1/ B0+ @1/ B0+ A0/ @3+ A4/ @4/ A5/ A1\ @3\
LoopTrax_2588089 misci vs. Rand al*Thor : @0+
LoopTrax_2590129 BabyGirl The Rebel Angel vs. Pegasus : B1/ B0/ C1/ B3/ C0\ C5\ D3\
LoopTrax_2592271 violet unicorns vs. darkest angel 70 : @0/ A2\ B1/ A0/ @1\ A0/
LoopTrax_2592273 basplund vs. Traxplayer : @0+ B1+ B2/ A0\ B4/ @2+ B0\ @1/ @1/ C0/ A0+ @2\ D7/ F8/ F4+ RESIGN
LoopTrax_2594155 marygal vs. misci : @0/ A2\ B1/ A3\ B2\ C2\ C3\ D2/ D1/ E1/ E0/ F1/ D0\ D0+ C1\ D0+ A4\ D0+ @6\
LoopTrax_2594568 drgnrdr vs. dingbat : @0/ A0/ B2/ @2+ @2\ D1+ B3/ B4/ @3+ D4/ F2+ C5/ C0+ @4\ C7\ A7+ @5\
LoopTrax_2599937 FujiTape vs. Sir Gamesa-who of the oldT : @0/ A2+ @1\ B0/ A3+ A4/ @4/ B5\ C4\
LoopTrax_2601143 marygal vs. Traxplayer : @0/ @1/ B0/ @1+ A0\ A0+ @1\ E4\ E5\ E1/ F3/
LoopTrax_2603451 FujiTape vs. Sir Gamesa-who of the oldT : @0/ A2+ @1\ B0+ A1+ A0\ B5/ @1\ B0\ B5/ A5/ @5/ A6/ @5/ C7+ F7\ F8\ @2\ C1/ G5/ H5/ @5/ C6/ H4/ I6\ J5/ G8/ G9/ B1\ move
LoopTrax_2603452 FujiTape vs. Sir Gamesa-who of the oldT : @0/ A2\ B2\ B1+ B0/ C1/ C0/ D1/ D0/ E4+ E6/ C6/ F5/ A7/ @7/ E7+ E8/ C0\ B3+ A4\ @3/ D0+ C1\ B3+ I6\ H3+ H2/ G1/ G0/ A2\ C1\ @4\
LoopTrax_2603453 FujiTape vs. Sir Gamesa-who of the oldT : @0/ A2+ @1\ A0\ A0\ B5\ C3/ A4/ @4/ D2/ E4\ C6+ C1/ B0\ C1+ D1/ D0/ D0+ E3+ F4/ D9\ E8+ E9\ A1\ B0/ F6\ G5/ @10/ A11/ G8+ G9\ B4/ A4/ move
LoopTrax_2603783 ypercube vs. Chef Jeff 1 : @0+ @1+ C1+ @1+ E1+ F1/ @1/ A2\ A3/ @2\ @1/ D3\ D4\ H0/ H0/ I4/ G1\ G0\ F5\
LoopTrax_2605938 * vs. ypercube : @0/ @1/ C1/ A2+ C0/ B0+ D4+ B5/ @3/ @3/ @3/ @3/ D5+ A6+ @3/ @3/ E0+ E8\ F7+ C8/ C9/ @4/ J1\ F0\
LoopTrax_2605940 dawn1968 vs. Rand al*Thor : @0/
LoopTrax_2608098 supermac vs. Traxplayer : @0/ @1/ A2/ B3+ C1/ B4/ @3\ E1+ A0\ @1\ E5+ B0+ F7/ RESIGN
LoopTrax_2609843 drgnrdr vs. Judy : @0/ B1\ A2/ @2/ @1+ C3+ B0+
LoopTrax_2611773 DINGEROO vs. ypercube : @0+ A0+ A0+ A0+ A0/ A6/ B2+ C2\ D2/ D1/ D0/ D0+ E2\ A1\ @3/ B0/
LoopTrax_2615580 B Line electric streetcar vs. marygal : @0/ B1\ B2+ B3/ A2/ @2/ B3/ B4/ A3/ A4+ @2+ E4\ C5+ E2/ F2/ B5/ @3\ A4/ @2/ B1+ E0/ B6/ A6/ @5/ C7+
LoopTrax_2619436 klaashaas vs. ypercube : @0+ A0+ A3+ A4+ B4\ @4/ C5\ D5\ D6\ D3/ E3\
LoopTrax_2619486 Rand al*Thor vs. violet unicorns :
LoopTrax_2619781 ypercube vs. klaashaas : @0+ @1/ C1+ B0\ A0/ B0\ @4/ D5/ B6+ C7/ @1\ B0/ A7/ @5/
LoopTrax_2619820 FujiTape vs. valerie8260 : @0/ B1\ A2/ @2\ C0/ B1+ D2/
LoopTrax_2620559 Dragon101 vs. ypercube : @0+ A0+ @1+ B0+ @2+ C0+ A4\ A2\ D4/ E4/ C0/ E6\ F5/ A6\ C7/ @4/
LoopTrax_2621171 DavidTrax vs. Dragon101 : @0/ A0/ A3/ A4/ @3+ C4+ D3+ B0/ E1+ B0/ C7\ D7\ E7+ C8+ F4\
LoopTrax_2621636 ypercube vs. darkest angel 70 : @0+ @1\ C1\ C0\ D1\ B3/ D0/ E2\ A1\ C0/ @2/
LoopTrax_2623300 * vs. dawn1968 : @0/ @1/ B0+ C2\ C3\ D2\ B3/ B4/ A3/ C1+ A0/ @4/ A5/ D5\ @4+
LoopTrax_2626925 drgnrdr vs. Rogue Trooper : @0/ A0+ B2/ A0/ @1/ B0/ @2/ @2/ A5+ @4+
LoopTrax_2627079 misci vs. jaha : @0/ A0/ @1/ A0/ RESIGN
LoopTrax_2628720 ypercube vs. Dragon101 : @0+ A0/ @1/ B0/ C1/ C0/ D4+ D5\ E1/ E0/ C1+ C7/ B7/ E5\ F5\ E7\ @1+ G3+
LoopTrax_2630554 dboy97 vs. drgnrdr : @0/ A0/ A3/ B3/ A4/ @2\ C5+ D3/ D2/ E3+
LoopTrax_2630562 Rogue Trooper vs. Uncle Chuckie : @0+ B1\ A0/ @2/ C3\ D3\ A4+ @4/ D5+ F5\ F6\ F1+ G4/
LoopTrax_2630694 supermac vs. basplund : @0/ @1/ B2+ B0/ C2+
LoopTrax_2632283 Sir Gamesa-who of the oldT vs. dgb : @0/ @1/ A2/ C2+ C3\ C4+ D2+ @4/ B5\ A1\ B0\
LoopTrax_2632590 misci vs. Traxplayer :
LoopTrax_2633211 basplund vs. dgb : @0/ @1/ B2/ C2/ C3/ D2/ D4/ E4+ D1/ F2+ B3+ A0\ RESIGN
LoopTrax_2634327 Judy vs. Rogue Trooper : @0/ A0+ @1+ B0/ @3+ D1/ E2\ E3\ C4/ E5+ F4/ C6/ B5+ C0\ B1\ F1/ D0\ G3/
LoopTrax_2635231 ginifish vs. dgb : @0/ @1/ @1\ B0\
LoopTrax_2636310 Traxplayer vs. dgb : @0/ A0/ @1/ B0/ C1+ C0/ B1+ @1+ E1+ E3+ @2+ @3\ F0+ @3+ C5+ B2+ C6/ I4\ I6+ J3/ J2/ J6\ K6\ J7/
LoopTrax_2636315 balmoral vs. ypercube : @0+ A0+ @1/ C2/
LoopTrax_2636814 PROUD AMERICAN vs. dgb : @0+ A2+ A3/ A0/ A0\ @2\
LoopTrax_2638120 drgnrdr vs. basplund : @0/ @1/ A2/ C2/ @1+ C0/ C0+ D3+ @3/ A2+ F2\ G2\ F4+ A5\ E5+ G1+ G0+ @2/ D1/ A6/ @3\ C7/
LoopTrax_2638191 dgb vs. supermac : @0/ B1\ A2/ B2+ @2\ A3+ A4/ @4/ A5/ @2+ D5\ F2/ D6/
LoopTrax_2638208 dboy97 vs. ypercube : @0/ @1/ @1/ D1\ D2\ C0/ @1+ D0+ C0/ B0+ @4\ F2\ G5+ F1/ G3/ D0/
LoopTrax_2638240 balmoral vs. violet unicorns : @0+ @1\ A0\ @2+ C3/ B0\ @2/
LoopTrax_2638510 supermac vs. rapscallion : @0/ B1\ A2/ A3/ B3+ C3\ C4\ C2+ D2+ @2\ E1+ C0\ A1+ D0+ F4/ @2\ A1\ D0+ G7\ H6/
LoopTrax_2638511 supermac vs. Trist : @0/ B1\ A2/ A3/ B3+ B4+ C4\ @3\ D1/ D0/ E4+
LoopTrax_2638513 supermac vs. Amanda : @0/ B1\ A2/ A0/ @3+ @2\ D3+ C4+ E2\ D5/ B0\
LoopTrax_2638646 dolcol (LAW-10) vs. Amanda : @0+ B1\ B0/ C1/ B3\ A1\ B0/ C3\ D3\ A5/ @4+ A5+ @5/ E5/ F5\ E6/ B6\ @5/ C3+
LoopTrax_2638690 Dragon101 vs. ypercube : @0/ A0/ B1+ C2/ @2/ A3/ B4/ @2+ D0/ A5/ @3/ @4\ H5+ F6+ F7\
LoopTrax_2638848 Sea Breeze vs. spitfire : @0+ A0/ B1/ C2\ @1/ D3\ D4\ E2+ C0\ C5/ D6/
LoopTrax_2638943 ypercube vs. Senorita ZORRO_ : @0/ B1+ C1+ D1\ D2\ B2/ C3\ D3+ E1/ E0/ E0/ E0/ D1\ D0/
LoopTrax_2638947 ypercube vs. spitfire : @0+ @1+ C1+ D1+ E1+ F1\ @1\ A0/ G1/ H2\ G0/ H2/ I2/ G4\ F1\ G0/ D2\ C5/ D1/
LoopTrax_2638955 nisqually vs. ypercube : @0/ @1/ B0+ B3\ C3\ A0/ @2\ @2+ B1+ A4/ B0+ @5\
LoopTrax_2639191 ypercube vs. rogerrabbit : @0+ B1\ @1\ C0\ D2\ D3\ D0/ E3+ A1\ C0/ @2/
LoopTrax_2639299 Oartkickel of the Wolf Pack vs. Amanda : @0+ @1/ C1/ @1/ B0/ C3\ D4/ @1+ D0\ @3+ F6/
LoopTrax_2639323 Masonsmith vs. spitfire : @0/ A2\ B2\ B3+ B4/ @3\ A1\ A0\ @4+ C1/ C0/ A3/ @2/ E3+ A1\ B0\ @2/
LoopTrax_2639342 nisqually vs. Rogue Trooper : @0/ A0+ @2/ C1+ A3+ @2/ C0+ C0+ B6+ A2\ C0+ @3/
LoopTrax_2639348 Rogue Trooper vs. spitfire : @0+ @1\ B2/ C1/ A0\ @1\ D0+ E1/ E0/ C1\ C0\ F4\ F5\ F6\ F7+ G6/ E1/ C0\ G4+
LoopTrax_2639349 Rogue Trooper vs. Senorita ZORRO_ : @0+ @1\ B2/ C2\ C3\ A0/ @1/ A0\ @1\ D1/ E1/ D0\
LoopTrax_2639352 Rogue Trooper vs. rogerrabbit : @0+ A0/ B1\ A3/ B3+ @3\ A1+ @1\ C0/ D0\ E4/ C0/ D7\ A5+ F5/ E7\ G5/ F7\ C8+ B8/ A8+ D9+ B9/ G6+ G8+ @7/ A3/ @6/ J9/ G10/ F11\ C10+ K11+ K8+ J12+
LoopTrax_2640291 supermac vs. csain1 : @0/ @1/ B0/ @2/ D2+ D3\ E3\ B4+ A0+ @3/ D6/ D7/ G7+ E8/ G3/ H6+ F2/
LoopTrax_2641629 drgnrdr vs. rapscallion : @0/ B1+ @1\ B0/ D2/ B0\ A1\ C1+ D0\ E4/ E5/ F1/ F0/ F5+ B6/ D1/ F0/ A2+ C1\ C0\ G3+
LoopTrax_2641632 drgnrdr vs. Trist : @0/ B1\ A2/ A3/ A4/ @2/ A4/ C2+ B0/ D5\ B6+ D2\ @4+
LoopTrax_2641633 drgnrdr vs. Amanda : @0/ B1\ A2/ A3/ B3+ C3\ A4/ D3+ D2+ E3\ C1/ C0/ E2+ A6+ @6/ E6\ C7/ E7+ C8/ C9\ B9+ B10+ D9+ F7/ G4+
LoopTrax_2641634 drgnrdr vs. csain1 : @0/ A0/ @1/ @1/ D1/ A2/ @1+ A0\ A0+ @1\ G4\ D5+ G1/ E0+ H4/
LoopTrax_2641936 bigdan409 OTWP vs. Amanda : @0+ B1\ B0/ C1/ A3/ D1\ D2\ B0\ A1\ @4/ F3/ D0/ E1/ F1/ A2\ @3\ G0/
LoopTrax_2641938 spitfire vs. Dionysos : @0/ B1\ A2/ B2+ A3/ @2+ A4\ @2/
LoopTrax_2643308 nisqually vs. * : @0/ A2\ B1/ @1/ B0+ D2/ B4+ @2/ D3+ @4/ A5/ A1\ G3\ A0/
LoopTrax_2643314 * vs. spitfire : @0/ A2\ B1/ B0\ A1\ @1\ C3\ D3\ A0\ E4/ E3/ A3/ @3/ E1/ C0+ F3+ G2\ D6/ G1/ D0\ H3/
LoopTrax_2643315 * vs. Senorita ZORRO_ : @0/ B1+ A2/ C2\ A3+ D2\ A0\ @1\ D2+ B0/ C1/ C0/ D1/ D0/ F5+ A6+ @3/ G0/ H3+ I5+ I6/ J5\ J7+ I8\ H9+ D1+ D0/ @2\ C1+ D0\ G10/ D11/ H2/ E1/ C0/ @7/ A8/ B9/ A9/ @4\ A3\ D2+ D11\ @8/ B10+ K2/ L3+
LoopTrax_2643319 * vs. rogerrabbit : @0/ A0/ @1/ A2+ C1/ D1/ @1/ B0\ E4+ F2/ E5/ B5/ B6/ C0+ G3/ F6+ H3/ C0/ C0/ B2+ C0/ A3+ @6/ A11/ @9+ A6\ @6\ D1+ F0/ F0/ B6/ F0/ C5/
LoopTrax_2643474 Uncle Chuckie vs. Phil The Hat : @0/ @1/ B0/ A0/ A4/ B5/ C3+ @2+ B5/ D1/ B6/ B0/
LoopTrax_2644443 Guyver vs. REBEL DJ : @0+ B1+ A0/ B3+ B4/ A4/ @4+ A5/ B5+ D3/ @4/ A2/ E5\ F4\ E6/
LoopTrax_2644444 REBEL DJ vs. Guyver : @0/ A2\ B1+ C1\ B2\ C2+ C3\ B3+ A0\ @2/ E3/ D1/ D0/ E2/ F2/ A2\ @3/ E0+ F2+ @6/ A7/ H5+ H1/ E0/ I2\
LoopTrax_2644445 Guyver vs. dingbat : @0+ A0/ B2+ A3/ @3+ @3\ B1+ B0/ D4+ @3/ B1+ @3/ @1+ C0/ F1/ F0/ E1+ C1+ E7/ A6+ H5\ C0\ @4/ B0\ A3+ @5/ B9+ F1/ J9\ D0/
LoopTrax_2644446 dingbat vs. Guyver : @0/ B1+ C1/ C0/ B3\ D3\ D4+ E3+ C0/ F2+ A1\ @3/ B0/
LoopTrax_2644447 Guyver vs. ypercube : @0+ A2+ A3+ A4+ A5+ A6+ B6+ C6/ D6\ D7\ C7+ B4/ @4/ E4/ D3+ F6/
LoopTrax_2644448 ypercube vs. Guyver : @0/ B1+ C1/ C0+ C0\ A2+ A0/ A5/ @5/ A2+ E4/ E5\ F3\ D6/
LoopTrax_2644449 Guyver vs. drgnrdr : @0+ @1\ A2/ @1\ A2+ @2+ C3/ B4\ @2\ D0+ B1+ A4/ @2/ F4+ C6+ E6+ A6/ @3\ C7/
LoopTrax_2644450 drgnrdr vs. Guyver : @0/ B1+ C1/ C0+ C3/ D1/ D2+ D0+ A5/ @4\ E5\ A2\ D6/
LoopTrax_2644453 REBEL DJ vs. ypercube : @0/ A0/ @2+ C2\ C3\ C4\ @2+ @2+ D3/ E0\ F4\ B1\ C0\
LoopTrax_2644454 ypercube vs. REBEL DJ : @0/ A2+ A3/ @3+ @3\ @2/ B1+ B0/ C0\ @3/ E2/ C6/ A5\ B2+ B0/ A2+ D1/ E1/ B0/ @5\ @5\ B1+ B4+
LoopTrax_2644455 REBEL DJ vs. drgnrdr : @0+ @1/ A2+ A3\ C3\ A4\ C1/ D1/ D2+ C0+ C0\ A2+ @6\ B0\ A2+ D1+ E1\ C0+ A1/ A4+ B9\ D8+ A6+ A10/ @7/ E10\ D11+ F10/
LoopTrax_2644456 drgnrdr vs. REBEL DJ : @0/ B1\ A2/ @2+ B0/ B4/ D2\ C3\ A0\ @2+ E1/ B0\ F3/
LoopTrax_2644457 dingbat vs. ypercube : @0/ A0/ A3+ @1\ B0/ B0/ C3+ D1/ C0\ D6\ E3/ C7\
LoopTrax_2644458 ypercube vs. dingbat : @0+ A0/ @1/ @2\ B0+ A0/ B0\ A0/ C2+ D2\ E2\ B0\ @1+ E5+ C0\ E1+ E0/ E0+ F1/ B11/ A11/ @11/ G3\ H4/ H7+ I7/ H9\ I10/ F11/
LoopTrax_2644459 dingbat vs. drgnrdr : @0/ A0/ A3+ B3+ B4\ C3\ C1/ B0/
LoopTrax_2644460 drgnrdr vs. dingbat : @0/ A0/ B2/ C2+ D2\ D3\ D1\ C0\ C0\ E5+ E6\ F5/ G6\ F7/ G3/ F2/
LoopTrax_2644461 ypercube vs. drgnrdr : @0+ @1/ C1/ @1/ A0/ D3/ E2/ B1/ @2/ C4+ A0+ @1\ G5\ D0+ H5\
LoopTrax_2644462 drgnrdr vs. ypercube : @0/ A0/ A3/ B1/ @3\ B0\ A1\ @1\ B0+ A3+ A5/ @4\
LoopTrax_2644463 supermac vs. Traxplayer : @0/ @1/ A0+ A3\ @2+ D2\ C3+ C4/ B0/ B0/ A2+
LoopTrax_2644464 Traxplayer vs. supermac : @0/ B1\ A2/ @2/ B0+ C3+ B4\ B5\ C5\ D2\ A6+ @3/
LoopTrax_2644465 supermac vs. Laurel : @0/ B1\ A2/ A3+ B3+ B4\ A4+ @4\ A1\ D4+ @3\
LoopTrax_2644466 Laurel vs. supermac : @0/ B1\ B2\ A2+ @2\ D2\ E2/ C3+
LoopTrax_2644467 supermac vs. jazzbeth : @0/ @1/ B2+ A0+ @2+ D2+ B0/ C0\ @4\ B2+ B0\ A1\ @3/ C0+ C0/ @5+ A6/ A2\ @4/ D1\
LoopTrax_2644468 jazzbeth vs. supermac : @0/ B1\ A2/ B2+ @1+ B3+ B0+ @3\ B4+ B0/ A2+ E3\ F4/ C6\ @5+ E2+ F1+ C6/ C7/ F5+ E7\ C8/ E0/ H6\ G7+ G8\ B1\ H7+
LoopTrax_2644469 supermac vs. Kituku : @0/ B1\ A2/ A0/ @3+ @3\ E2\ @1\ C0+ C5/ F1/ C0/ G3/
LoopTrax_2644470 Kituku vs. supermac : @0+ @1\ B0/ B0/ C2\ D2\ D3\ B4/ B5/ D0/ E3+ A1\ C0+ @3\
LoopTrax_2644471 Traxplayer vs. Laurel : @0/ A2/ @2\ C1+ B0\ A1\ A0/ B1/ C2+ D2/ D1/ @3/ C5/ C6/ D0+
LoopTrax_2644472 Laurel vs. Traxplayer : @0/ @1/ A2\ C1\ B2+ B3\ C2\ D2\ C3\ A0\ @1\ E1/ D0+
LoopTrax_2644473 Traxplayer vs. jazzbeth : @0/ @1/ A0/ @2+ C3/ A0+ @3/ E3+ B0/ @4/ E2/ D0\ F3+ B2/ E2/ G3/ H2\ I2\
LoopTrax_2644474 jazzbeth vs. Traxplayer : @0/ @1/ B0+ @2+ B0+ B4\ D3/ @2\ E4+ F3+ D5+ B0/ A2+ D7/ A0+ A0/ C2+ G6/ @3+
LoopTrax_2644475 Traxplayer vs. Kituku : @0/ B1\ A2/ @2/ B0+ B4+ C4\ D3+ B5+ D1\ E3\ D5+ E1/ D0\ F3\
LoopTrax_2644476 Kituku vs. Traxplayer : @0+ B1+ B2/ A0\ @1\ @1+ B0/ A4/ D2/ @3/
LoopTrax_2644477 Laurel vs. jazzbeth : @0/ @1/ A2\ A0+ @1/ C3+ D3\ E3\ A2+ D4+
LoopTrax_2644478 jazzbeth vs. Laurel : @0/ A2\ B2\ B3\ @2\ D3\ A0/ B1/ @1\ B0+ A5/ @2\ B6\
LoopTrax_2644481 jazzbeth vs. Kituku : @0/ B1\ B2\ C2\ D2+ A2+ D3/ B4/ B5/ B0+ D6\ E5+ D7/
LoopTrax_2644482 Kituku vs. jazzbeth : @0+ A0/ B2+ B3\ C3\ D3\ C4/ D1/ B4+ B0/
LoopTrax_2644483 Pegasus vs. basplund : @0+ A0+ A3\ B3/ B2+ A0\ @1\ B0/ B0/ C3/
LoopTrax_2644483 Wife of a Maverick driver vs. basplund : @0+ A0+ A3\ B3/ B2+ A0\ @1\ B0/ B0/ C3/
LoopTrax_2644484 basplund vs. Pegasus : @0/ B1\ A2/ @2/ @1+ A3\ B0+
LoopTrax_2644484 basplund vs. Wife of a Maverick driver : @0/ B1\ A2/ @2/ @1+ A3\ B0+
LoopTrax_2644489 basplund vs. birddog8560 : @0/ A0/ B2/ C2+ @1/ @1+ C3/ F2/ G2/ D4+ E5/ F3+ D1/ G5\ H4/
LoopTrax_2644489 basplund vs. birddog856 : @0/ A0/ B2/ C2+ @1/ @1+ C3/ F2/ G2/ D4+ E5/ F3+ D1/ G5\ H4/
LoopTrax_2644490 birddog8560 vs. basplund : @0/ A0/ A0/ @1/ @1+ A2+ B4\ C5/ @2\ @2\ F2+ G4+ H3\ I3\ H5+ I6/ E7/ D7/ C7+ E8+ B0/
LoopTrax_2644490 birddog856 vs. basplund : @0/ A0/ A0/ @1/ @1+ A2+ B4\ C5/ @2\ @2\ F2+ G4+ H3\ I3\ H5+ I6/ E7/ D7/ C7+ E8+ B0/
LoopTrax_2644491 basplund vs. Allison : @0/ B1\ A2/ A3/ A4+ B4+ A5/ @3+ @1/ A2+ B4+ E3+ F1\ D0/ D0/ E6+ E7\ C8/ C9/ F5+ F6+ A6/ F9\ E2+ G3\
LoopTrax_2644492 Allison vs. basplund : @0+ A0\ A3/ @3/ @3+ A4/ B4+ C5/ A6/ @6/ C7\ D7\ E4+ F5/ C8+ A3+ @7\ G8\ C9\ H8/
LoopTrax_2644495 B Line electric streetcar vs. spitfire : @0/ B1\ B2\ B3\ A3+ @3/ C4\ B5\ A1\ B0/ @4\
LoopTrax_2644496 spitfire vs. B Line electric streetcar : @0/ A0/ B1+ @2+ A0\ @2/ C0/ D1/ E2/ C0+ E2/ A1\ @4/ C0\
LoopTrax_2644497 B Line electric streetcar vs. Rogue Trooper : @0/ A0+ B1+ A0/ A4+ B3\ A5/ C1\ @3+ A5/ D4/ @3\ C0+ F3/ G5+ G6\ G7+ H5/ G2+ E8\ B7/ I2+ I5+ J4+ B1/ F1+
LoopTrax_2644498 Rogue Trooper vs. B Line electric streetcar : @0+ A0+ @2+ B3+ B0\ A1\ @3+ B4+ D2/ C5/ D5/ E2/ A5+ @3/ A1\ B0/ @4\
LoopTrax_2644499 B Line electric streetcar vs. Dragon101 : @0/ A0+ B2/ A3/ @3/ A4/ @1+ @3+ C5/ C6/ B7+ F6+ C7+ B8\ B0+ A1\ @4\ @4\ E10/ B6+ A7+ C9+ B10+ D11\ D12\ B13+ A13/ @13+ D14/ B15+
LoopTrax_2644500 Dragon101 vs. B Line electric streetcar : @0/ @1/ A2/ @2/ C3\ D1+ B4+ B5/ B6/ B7/ B8/ D3\ E3\ @6+ D8+ A2+ G3/ F1+ @4+ B0+ A8+ F7+ A1\ @1\ B0/ F1+ D0+ B1+ A6\
LoopTrax_2644501 spitfire vs. Rogue Trooper : @0/ A2+ A0\ @1\ B4/ C3+ C4\ C5\ D2/ D1/ B0\ D0\ E3/ B1\ A1\ D0+ @2/ @2/ G6\ H6\ B3/ A1\ C5+ B0/
LoopTrax_2644502 Rogue Trooper vs. spitfire : @0/ A2\ B1/ A0/ A0/ B1/ @2+ A0\ @1\ A0/ A4/ @2\ B6/ D1\ D7/
LoopTrax_2644503 spitfire vs. Dragon101 : @0+ A0/ B1\ A3/ @3+ @3\ C0/ B2+ @2\ A1\ A0\ @1\ B0\ A6/ A1+ C7/
LoopTrax_2644504 Dragon101 vs. spitfire : @0/ B1\ B2\ C2/ B3+ B4\ B0/ C1/ C0/ D3\ A1\ D0/ A1/
LoopTrax_2644505 Rogue Trooper vs. Dragon101 : @0+ A0/ B1\ A3/ A4/ B3/ @1/ D1/ D0\
LoopTrax_2644506 Dragon101 vs. Rogue Trooper : @0/ A0+ B2/ @2/ @1+ B0/ B0/ D2+ E2/ F3+ G2\ F1+ G4/ C5+ H3/ D0+
LoopTrax_2645700 drgnrdr vs. B Line electric streetcar : @0/ @1/ A2/ B0/ @2+ D2+ @3\ @3\ B1+ A0/ D5/ A0/ @5\ G1/ H4/ F0/
LoopTrax_2645863 violet unicorns vs. Irishrose : @0+ @1/ A2/ B0/ A4/ A1\ A0\ B1/ A0\ B1/ A0\ B1/ B0/ A1\ A0/
LoopTrax_2645894 basplund vs. jaha : @0/ A0/ B2/ B3/ A3+ C2\ B4/ D2\ D3\ B5/ E2/ D1+ F3\ F4\ F1/ G3+ D0/
LoopTrax_2645974 ypercube vs. birddog8560 : @0+ A0+ @1+ B0\ C1\ D1\ C0+ B5\ @2/ B1+ A0/ B5/ @4+ C7\ F5/ G3\ C0\ A2\ E1/ C0+ H2+ E1/ F0\ H8\ C1/ I3\
LoopTrax_2645974 ypercube vs. birddog856 : @0+ A0+ @1+ B0\ C1\ D1\ C0+ B5\ @2/ B1+ A0/ B5/ @4+ C7\ F5/ G3\ C0\ A2\ E1/ C0+ H2+ E1/ F0\ H8\ C1/ I3\
LoopTrax_2647648 Traxplayer vs. Phil The Hat : @0/ A0/ @1/ B0/ C1+ B4/ A4+ A5+ D4+ D5\ E5\ C6/
LoopTrax_2647658 dboy97 vs. marygal : @0/ B1\ B2\ C2\ D1+ B0\ @1+ @2/ C3/ C4/ D0+ B1\ A1\ C0/ @3/
LoopTrax_2648383 birddog8560 vs. ypercube : @0/ @1/ B2/ C2/ D2+ A0\ @1\ @1\ @1+ E0/ F2\ G5\ F6+ F7/ @2+ C3+ D4/ B1\ F0/ C6+ B5+ C9\ G9/ B1+ E0+ @3\ B2+ E11+ C11+ B10+ I10\ I11\ J8\
LoopTrax_2648383 birddog856 vs. ypercube : @0/ @1/ B2/ C2/ D2+ A0\ @1\ @1\ @1+ E0/ F2\ G5\ F6+ F7/ @2+ C3+ D4/ B1\ F0/ C6+ B5+ C9\ G9/ B1+ E0+ @3\ B2+ E11+ C11+ B10+ I10\ I11\ J8\
LoopTrax_2649367 darkest angel 70 vs. BabyGirl The Rebel Angel : @0/
LoopTrax_2649639 drgnrdr vs. BrnIdGirl : @0/ B1\ A2/ B2+ B3\ C3\ D3\ C4/ D1/ E1/ C0\
LoopTrax_2649656 supermac vs. BrnIdGirl : @0/ B1\ A2/ @2/ A0+ @3/ @3+ A4/ B4+ A5\ D5+ E4\ @5\ B6/ A1\ A0\ @4\
LoopTrax_2650540 Rogue Trooper vs. Geri39 : @0+ A2\ B2/ @2/ C3/ A3+ D3\ C4/ D1/ E1+ B0/
LoopTrax_2650851 ypercube vs. Geri39 : @0+ @1/ C1/ A0/ @2/ B3\ D3\ E2+ B4\
LoopTrax_2651110 birddog8560 vs. ypercube : @0/ @1/ A0/ @1/ B3/ C4+ D3\ C5/ D4\ E4\ E1+ F4+ B0/ A3/ A0\ @1/
LoopTrax_2651110 birddog856 vs. ypercube : @0/ @1/ A0/ @1/ B3/ C4+ D3\ C5/ D4\ E4\ E1+ F4+ B0/ A3/ A0\ @1/
LoopTrax_2653924 DINGEROO vs. marygal : @0/ B1\ B2\ C2\ D1+ B0\ B0+ A1\ @3+ C0/ F2+ B5+ D6\ F5+ G5\ B0\ A2/ @3\ D8+ B7/ I6/ H5+ A6/ D9\ G8\ I4/ H3+ I3+ I2/ I1/ D0\ E1+ D11/ C11/ B11/ A10+ J3+ C1\ E0/ F0/ I1+ J1/ K3/ K1/ K0/ L1/ J0\ J9\ K9\ L6\ M5+ M8\ N5/ J11\ J12\ J13\ B4\ G14+
LoopTrax_2656038 ypercube vs. birddog8560 : @0/ @1/ A0/ A0+ A0\ @4+ C2/ C0\ D2\ E2\ D5+ F1/ D0+ F6+ G5\ C7+ G2/ H3/ D0/ A3/ F2+
LoopTrax_2656038 ypercube vs. birddog856 : @0/ @1/ A0/ A0+ A0\ @4+ C2/ C0\ D2\ E2\ D5+ F1/ D0+ F6+ G5\ C7+ G2/ H3/ D0/ A3/ F2+
LoopTrax_2658721 Uncle Chuckie vs. ypercube : @0/ @1/ B0/ @1/ B0/ @1/ A2+ D4\ E3/ F3+ E4\ G3/ F2+ C5+ B5/ A5/ D6/ B7+ F5+ @7/ C8/ A1/ @1/ D0+
LoopTrax_2662008 * vs. ypercube : @0/ B1/ B2+ B0/ C1/ A4\ @2/ E1+ C0+ E5\ C6/ F4\
LoopTrax_2662067 * vs. misci : @0/
LoopTrax_2662256 * vs. Geri39 : @0/ B1\ A2/ @1/ C0\ D1/ B0/ @1\ B0/ C1/ D5\ D6\ A5/ @5/ B1\ C0/ F8/ A4+ @4/ C1\ B0/ D1+ E1/ D0\ B1\ A2+ C0/
LoopTrax_2662746 ypercube vs. klaashaas : @0+ A0+ @1+ A0\ A0\ B1\ C3+ C2/ @2+ @2\ @1/ A3\ C4+ B0+ @2/ C6\ @1\ B0\
LoopTrax_2665447 birddog8560 vs. ypercube : @0/ A0/ B2/ @1\ A0\ D3+ @2+ F3+ B0/ C1/ A5/ @5/ D0/ E3\ G6/ E7+ B1\ A2/
LoopTrax_2665447 birddog856 vs. ypercube : @0/ A0/ B2/ @1\ A0\ D3+ @2+ F3+ B0/ C1/ A5/ @5/ D0/ E3\ G6/ E7+ B1\ A2/
LoopTrax_2665528 drgnrdr vs. birddog8560 : @0/ A0/ A3/ B1+ A4/ C2\ C3+ D2/ D1/ E1/ B0/ E4\ D6+ F3\
LoopTrax_2665817 ypercube vs. birddog8560 : @0/ A0/ B2/ @2\ B0+ A1\ @2+ C4/ C5/ @4+ @4\ E0/ F1/ G6+ E7/ G1+ H6/ F0/
LoopTrax_2665817 ypercube vs. birddog856 : @0/ A0/ B2/ @2\ B0+ A1\ @2+ C4/ C5/ @4+ @4\ E0/ F1/ G6+ E7/ G1+ H6/ F0/
LoopTrax_2667030 violet unicorns vs. dawn1968 : @0+ B1/ B0/ B0/ C1\ B0/ C3\ A0\ C5+ @1/
LoopTrax_2668612 violet unicorns vs. Sea Breeze : @0/ @1/ B0\ @2/ B3/ @2/ C1+ A3/ A4/ E1\ D0/ @3+ C6\ D1+ B1\ @2\ A3/ @3/ C6/ D7/
LoopTrax_2673369 B Line electric streetcar vs. ypercube : @0/ @1+ @1\ C0/ D1/ A0+ B0+ E3/ D0+ F5\ D6+ C0/ G6\ G4+ H4/ H3/ I3/ D0/ E1/ J1+ J0/ J8\ D1\ I9\
LoopTrax_2673427 drgnrdr vs. kbalakri : @0/ A0/ A3/ @3/ @2+ D2+ @2/ @2/ B1+ D0/ B5+ F1/ G2\ @3/ D0+ @3\ C2+ A6/ F6\ @4/
LoopTrax_2673488 Oartkickel of the Wolf Pack vs. BabyGirl The Rebel Angel : @0+
LoopTrax_2673533 dgb vs. birddog8560 : @0+ A2+ B1/ C1+ A0\ A4+ @3\ E2/ @1/ C0+ C6/ @2/ H3+ B4+ G2/ F4\ RESIGN
LoopTrax_2673533 dgb vs. birddog856 : @0+ A2+ B1/ C1+ A0\ A4+ @3\ E2/ @1/ C0+ C6/ @2/ H3+ B4+ G2/ F4\ RESIGN
LoopTrax_2676030 dgb vs. birddog8560 : @0/ A0/ B1+ @2\ B0/ D2\ C4+ D5/ D6/ B5+ C0/ D1/ E2/ F2/ F1/ D0\ A3\ A2\ B1\ RESIGN
LoopTrax_2676030 dgb vs. birddog856 : @0/ A0/ B1+ @2\ B0/ D2\ C4+ D5/ D6/ B5+ C0/ D1/ E2/ F2/ F1/ D0\ A3\ A2\ B1\ RESIGN
LoopTrax_2677016 dingbat vs. * : @0/ A2\ B1/ @1/ C0+ @3\ D0/ A5\ A1+ C0/
LoopTrax_2677089 supermac vs. Phil The Hat : @0+ A2+ A3/ A0+ @2+ A4/ A1\ @1\ @1+ A0\ @5+ D6/ C1+ A2+ A7+ D7+ F7+ G6\ C8+ G4/ H4/ @3+
LoopTrax_2682157 kbalakri vs. Traxplayer : @0+ B1+ @1+ B2+ @1+ B0/ A3/ A4+ B0/ B0/ D2+ @5/ E0/ F2\ A4\ @6+ B1+ RESIGN
LoopTrax_2685049 * vs. ypercube : @0/ A0+ A0\ @3/ A4/ @1+ @4\ C5/ C6/ C7/ E5+ E8+ F8\ A8/ F3/ @7/
LoopTrax_2685283 Oartkickel of the Wolf Pack vs. drgnrdr : @0/ A0/ B2/ @1\ B0/ B4/ C5+ D3/ D2/ E2/ F2+ F1/ C6/ A5+ F6+ F7/ G5+
LoopTrax_2688844 marygal vs. * : @0/ A2\ B1/ @1/ D1\ D2\ E2\ C3/ F1/ F0/ A5/ @5/ D5\ B6+ A7\ A3/ @5\ A7\ A3\ A2\ C1/ @7/ B8\ F1/ H0\ D1+
LoopTrax_2688883 misci vs. BabyGirl The Rebel Angel :
LoopTrax_2699923 dawn1968 vs. BabyGirl The Rebel Angel : @0/
LoopTrax_2706153 basplund vs. Dragon101 : @0/ A0/ B1+ C2/ B0/ D3/ D4+ E4\ @3/ C5\ F5\ A6+ RESIGN
LoopTrax_2707082 jazzbeth vs. birddog8560 : @0/ A0/ @2+ @2/ D2/ C0/ @3/ C0\ B1\ E1/ C0+ C6\ D7/ E4+
LoopTrax_2707082 jazzbeth vs. birddog856 : @0/ A0/ @2+ @2/ D2/ C0/ @3/ C0\ B1\ E1/ C0+ C6\ D7/ E4+
LoopTrax_2707083 birddog8560 vs. jazzbeth : @0/ @1/ A0/ @2+ @2/ @2/ D0/ E4+ D5+ C0/ D7\ C5+ B6+ D1+ D0/ E3\ F6\ E8+ E9\ F9\ G5/ G4/ G9+ E10/ H6\
LoopTrax_2707083 birddog856 vs. jazzbeth : @0/ @1/ A0/ @2+ @2/ @2/ D0/ E4+ D5+ C0/ D7\ C5+ B6+ D1+ D0/ E3\ F6\ E8+ E9\ F9\ G5/ G4/ G9+ E10/ H6\
LoopTrax_2707084 jazzbeth vs. kbalakri : @0/ @1/ B0+ @2/ @2+ C0/ @3+ @3+ B4\ C5/ A4+ @4/ H1\ F0/ F0/ C2+ F0/ B1\ A5+ B0/
LoopTrax_2707085 kbalakri vs. jazzbeth : @0/ @1/ A0/ @2+ B0/ C4+ C5/ D4\ D2/ E2/ C6/ A6+ @1\ A0\ A6+ @2+ C8/ B8/ F8\ C9+ G8/
LoopTrax_2707086 jazzbeth vs. Dragon101 : @0/ A0/ @2+ B0/ A0/ @2+ @2/ @3\ D0/ E1/ B2+ F5\ E6/ E7/ F0\ G6+ H4+
LoopTrax_2707087 Dragon101 vs. jazzbeth : @0/ @1/ B0/ @1/ A2/ @2\ D0/ B0/ A1/ A3\ D5+ E2+ F3+ B0/ C1/ @5/ A6/ D7+ E2+ F1+ C8+ E0\ G4/ F0/ G3/ H3/ G9\ H7/ E10+
LoopTrax_2707090 birddog8560 vs. Dragon101 : @0/ A0+ B1\ A3/ @3/ B0/ B5+ @3+ B1+ A0/ B0/ B8\ C9/ C10/ @6+ A7+ @6\ G3/ G2/ G1/ B4+ A3+ @3+ F0+ E0/ G1+ I2\ G0/ J1+ I0/ J8\ F1\ K4\
LoopTrax_2707090 birddog856 vs. Dragon101 : @0/ A0+ B1\ A3/ @3/ B0/ B5+ @3+ B1+ A0/ B0/ B8\ C9/ C10/ @6+ A7+ @6\ G3/ G2/ G1/ B4+ A3+ @3+ F0+ E0/ G1+ I2\ G0/ J1+ I0/ J8\ F1\ K4\
LoopTrax_2707091 Dragon101 vs. birddog8560 : @0+ A0+ B2+ A3+ @2+ B0+ D3+ B0+ @4+ C6+ D3+ C0\ B4\ B7+ D2\ E2\ F3/ C0/ D2+ G2/ E1+ E7/ A7+ G5+ H5/ G7\ H7\ F8/
LoopTrax_2707091 Dragon101 vs. birddog856 : @0+ A0+ B2+ A3+ @2+ B0+ D3+ B0+ @4+ C6+ D3+ C0\ B4\ B7+ D2\ E2\ F3/ C0/ D2+ G2/ E1+ E7/ A7+ G5+ H5/ G7\ H7\ F8/
LoopTrax_2707092 kbalakri vs. Dragon101 : @0/ A0/ @2+ @2\ D2/ B3+ C0+ D2+ E2/ D1/ D0/ E2/ A1\ C0/ @3\
LoopTrax_2707093 Dragon101 vs. kbalakri : @0+ A0+ @1+ B0+ C2+ B4+ @2+ A3/ B4/ C5/ D4+ E3\ C6/ @2\ B4/ D0/ C6+ E2+ C1/ B1+ A0/ G5\ F4+ D9/ D10/ G7\ H7\ B9+ A7+ H11+ I10/ B11/ @7+ B10/
LoopTrax_2707094 supermac vs. ypercube : @0/ @1/ A0+ B3\ C2/ D1\ @2+ B4/ A3+ C5\ D4/ A5/ @2/ B6\
LoopTrax_2707095 ypercube vs. supermac : @0/ B1\ B2\ A2+ C1+ C3/ B0+ D4\ D5\ B5+ E4+ D2+ B6/ @4+ F6\ G4\ E1/ E0/ A3\ A2\ E7+ E8/ A1+ @3+ A6+ H1/ RESIGN
LoopTrax_2707096 supermac vs. drgnrdr : @0/ @1/ B0/ A0+ @3/ B0/ C5+ D3/ A1+ C0\ E1+ B0/ @7\ A2+ A0+ B0\ @5+ G2/ H3+ I3/ I2/ F1+ E0/ @8+ B10+ G0\ @8/ @8/ A7+ D4\ C3/ M4/ M2+ L1+ H0/ N3/ N2/ N6\ O3+ N7/
LoopTrax_2707097 drgnrdr vs. supermac : @0/ B1\ A2/ @2/ @1+ C0/ @2/ E3+ E4\ F4\ F5\ F1/ A4/ G3/
LoopTrax_2707098 ypercube vs. drgnrdr : @0/ A0/ @2+ @2/ @2/ B1+ B0+ B0/ D5/ A2\ @2\ A3+ E0\ D7+ @3\ B1\ B6+ A5+ @4+ H6+ G7\ G8\ H8\ I8\ I5+ I9+ J7+ H3+ I2+ E9+ G10\ G11+ I10+ K7\ L8/ J10\ K11/ M7\ K6+ L5+ I12+
LoopTrax_2707099 drgnrdr vs. ypercube : @0/ @1/ A2/ C2/ C3/ D2/ D1/ D4\ E2+ F1\ G1\ H1\ B4+ A0\ @1\ I1/ J1/ E0/
LoopTrax_2707632 jazzbeth vs. violet unicorns : @0/ A0/ @2+ A3/ C1+ C0/ C4\ D2+ B5/
LoopTrax_2707642 darkest angel 70 vs. Traxplayer : @0+ A0+ B1/ B0/ C2\ C3\ D3\ B4/ B0/ C0+ C7\ C8\ D7+ A8/ A9/ @6/
LoopTrax_2710831 * vs. ypercube : @0/ B1/ B2\ C1/ A0\ @2/ @2/ @3\ C1+ A4+ E0+ B1+ G2\ F5+ F6\ H1/ G0/
LoopTrax_2710992 dawn1968 vs. Rogue Trooper : @0/ A0+ @2\ B0/ B4/ C3/ A5/ @3\ A2\ D5\ C6\ E5/
LoopTrax_2710994 supermac vs. jaha : @0/ A0/ B2+ @2\ B3+ @2/ B3+ @2+ D4/ D5/ F3/ G3/ F1+ H1+ D0/ I3/ J3/ I4+ I5/ H1/ H0/ K1+ K0/ K6\ L2\ K7/
LoopTrax_2713973 jazzbeth vs. ScoobyRex02 : @0/ B1\ B2\ A0/ @2+ C4\ D1\ B4/ B5/ B0/ D3\ E3\ D5+ E5+ D6/ B7/ B0/ D0\ D0\ C2+ F5\ A2+ @5+
LoopTrax_2714043 violet unicorns vs. BabyGirl The Rebel Angel : @0/ A2+ @2+ C1\ B3/
LoopTrax_2715450 dboy97 vs. Rogue Trooper : @0/ A0+ B2/ A0/ @1/ B4+ D3/ D5+ E5\ F5+ E6/ F2/ G3\ E1+ E0/ E0/ A6+ @3/ C1+ C0\ C0+ A4\ @6\ H1/ A2\ I3/
LoopTrax_2715540 kbalakri vs. ypercube : @0/ @1/ B0+ A3\ C1\ @1/ @1/ C0/ B4+ F3/ E1+ G1\ A0+ @3/ G5+ F6+ F1/ F0/ H5+
LoopTrax_2715630 * vs. ypercube : @0/ A0+ A0\ @1\ @3+ @2+ E1\ F1\ F3/ A0\ @1+ G1/ A2+ H2/
LoopTrax_2716464 dgb vs. birddog8560 : @0/ A0/ B1+ C1\ @2/ D3+ E3\ C4/ F2/ F1/ C0/ B1+ C0+ G4+ H3\ I3\ H5+ J5/ I2+ H1+ I6/ J3/ K6\ RESIGN
LoopTrax_2716464 dgb vs. birddog856 : @0/ A0/ B1+ C1\ @2/ D3+ E3\ C4/ F2/ F1/ C0/ B1+ C0+ G4+ H3\ I3\ H5+ J5/ I2+ H1+ I6/ J3/ K6\ RESIGN
LoopTrax_2719973 B Line electric streetcar vs. Uncle Chuckie :
LoopTrax_2720645 klaashaas vs. ypercube : @0/ A0+ A0/ @2+ @2\ @2\ A3\ B1+ B0/ B0/ B0/ B0/ D3\ A1\ @5\
LoopTrax_2724080 dgb vs. Sharon39 : @0/ B1\ A2/ B2+ C2\ D2/ B3+
LoopTrax_2724296 Phil The Hat vs. kbalakri : @0+ A0+ B1+ A0+ C2+ C1/ B0\ C4/ @3\ @2/ @3\ @2/ G0/ H1/ F0\ E1\ D3+ A6/ E7+
LoopTrax_2725633 kbalakri vs. dgb : @0+ A2+ A0+ A0+ A5+ B1+ B3+ @1+ A3/ A0/ D4/ E3\ C5\ D6+ @2/ F2+ B0/ B0/ D3+ C0+ A3+ @4\ @3/ H10/ I10+ F11/ E11/ I11\ I12+ J9+ J11\ J6/ K6+ K8\ L8\ J5/ J4/ J3/ J0+ K2/ L5+ RESIGN
LoopTrax_2725638 dgb vs. kbalakri : @0/ A0/ A3/ @3/ C3\ B4/ D2+ @2+ D0/ F3\ E5+ D0/ @5\ C2\ F1/ G1+ H1\ I3+ J2\ G0/ F1+ F0/ C3\ B8+ B4+ G9/ B2\ A2\ A4+ @4/ @5\ B7+ D9\ C9+ C1\ B3+ E2+ E0/ F1/
LoopTrax_2725963 dgb vs. YELLERDA : @0/ A0\ @2\
LoopTrax_2726352 dgb vs. Lawrie567 : @0/ A0+ A0\ @3\ A2+
LoopTrax_2726421 dgb vs. ypercube : @0/ @1/ A2/ C2+ A3/ @3/ D4+ C5+ E4+ D5+ @4+ E6/ G3\ G2+ E0\ A2+ A0+ E1+ H4+ G3+ G0/ H4/ B1\ RESIGN
LoopTrax_2726639 dgb vs. YELLERDA : @0/ A0/ B1/ @1/ A0\ @1/
LoopTrax_2728170 BabyGirl The Rebel Angel vs. drgnrdr :
LoopTrax_2728190 dgb vs. GornTC : @0/ B1\ A2/ @2/ B0+ B4+ C3\ D3\ D4\ C5\ E2+ E1/ E5\ RESIGN
LoopTrax_2728397 dawn1968 vs. violet unicorns : @0/ A0/ @2/ B0/ A0/ @4/ @3+ D1/ @3/ B5/ A1\ B0/ @3/
LoopTrax_2728417 Uncle Chuckie vs. ypercube : @0/ A0/ B1/ B3/ @2/ @1/ C0+ C4+ @1\ B0/ A4/ @2+ @2/ C5/ F6/ G1/ H3/ B4+ H6\ E1/
LoopTrax_2731629 B Line electric streetcar vs. dingbat :
LoopTrax_2736329 Rogue Trooper vs. Uncle Chuckie : @0+ B1\ A0/ C1/ A0/ D3\ C4/ E2/ E1/ A0/ E5+ E6\ F3+ C1/ C0/ @6\ B1/ D0/ A2\ B1/ @5/
LoopTrax_2738480 drgnrdr vs. marygal : @0/ B1\ A2/ @1/ C2\ C3\ B0/ @1+ D0\ B0/ @1/ E1+ F4+ D0/ E0\ F2+ @3/ G0/ H2\ A3\ @4/ I9\ C2+ J7+
LoopTrax_2738684 birddog8560 vs. basplund : @0/ A0/ B2/ B1+ @1/ A0/ B4\ D2\ C4+ D5/ D6/ B5+ A6\ @1\ A0\ E8/ A8+ C9\ F6+ A4+ @5\
LoopTrax_2738684 birddog856 vs. basplund : @0/ A0/ B2/ B1+ @1/ A0/ B4\ D2\ C4+ D5/ D6/ B5+ A6\ @1\ A0\ E8/ A8+ C9\ F6+ A4+ @5\
LoopTrax_2738700 dgb vs. Dragon101 : @0/ A0/ B1+ @1\ B0/ C0\ D1\ D4/ @4+ E5\ F5\ F6+ F7/ G6/ D8+ B5+ @4/ @5\ B3+ C7+ G9/ G10/ G11/ H8+ I7+ I9+ B7+ @4/ @6\ E2+ F0\ E1\ I1/ B3\ G0/
LoopTrax_2741297 kbalakri vs. dgb : @0+ B1\ @1\ C2\ C3\ @1\ B2+ @1+ E4\ F1+ B0+ D6+ E7/ E8/ B4+ @4\ @4\ I4+ J3\ K3\ J5+ L4+ H7+ I7\ H9+ J8+ K7+ C5+ E7+ D8+ G1+ E0\ B3+ L8\ M8\ M10+ J11+ M11/ M12/ N8+ RESIGN
LoopTrax_2741298 dgb vs. kbalakri : @0/ A2\ B2\ @1/ B3+ @1/ @2+ F2\ E1+ E4\ E5\ C4+ B5+ D6+ E7/ @2/ B6+ D0+ @7/ A8+ @4\ A3\ B2\ RESIGN
LoopTrax_2744320 Sea Breeze vs. drgnrdr : @0+ @1\ A2\ B0+ A4\ C2/
LoopTrax_2744385 Rogue Trooper vs. Phil The Hat : @0+ @1/ C1/ D1+ C2\ E1/ E0/ E0/ D0+ C3+ D0\ D0\ F6+ F7\ G7\ E8/ G4/ H7\ G3\
LoopTrax_2744394 dboy97 vs. marygal :
LoopTrax_2745700 dingbat vs. dgb : @0/ @1/ @1+ A0+ @1\ A0\ E2\ F2\ E4\ F1/ A3/ B0/
LoopTrax_2745799 dgb vs. dingbat : @0/ A0/ B1/ @1\ A0\ @3+ @3\ F2/ B4+ D4+ @3/ A4/ B0+ A1\ @5/ C6\ A1+ F6\ A0/
LoopTrax_2745987 B Line electric streetcar vs. dawn1968 :
LoopTrax_2746159 Oartkickel of the Wolf Pack vs. dgb : @0/ @1/ C1/ @1/ A2/ A0+ @3/ C0\ D5+ D6/ @6\ G1/ E0+ G5+ G7\ F8/
LoopTrax_2749202 * vs. ypercube : @0/ A0+ @1+ A0\ @2+ A3/ C4/ D3/ @1/ E1\ E0\ D0/ A2\ @2\ A4+ G6\ G2+ E0/
LoopTrax_2750099 * vs. Uncle Chuckie : @0/ B1\ B2\ C2\ A0/ C0+ D3\ A4+ C5\ D5\ E3+
LoopTrax_2752391 davidmilne vs. Kituku : @0/ @1\ B0\
LoopTrax_2752392 Kituku vs. davidmilne : @0+ A0/ B1\ A3/ @1/ @1/ A4/ @4/ C5\ D5\ E2\ E0\ F2+ C0+ E8/ F8+ G5+ F1/ G3+ G2/
LoopTrax_2752393 davidmilne vs. Pegasus : @0/ B1\ A2/ @2/ A0+ A4\ @2+
LoopTrax_2752393 davidmilne vs. Wife of a Maverick driver : @0/ B1\ A2/ @2/ A0+ A4\ @2+
LoopTrax_2752394 Pegasus vs. davidmilne : @0+ A2/ A0\ @3/ A4/ @4/ A5/ @2+ B0\ C0\ B1+ D1/ A2+
LoopTrax_2752394 Wife of a Maverick driver vs. davidmilne : @0+ A2/ A0\ @3/ A4/ @4/ A5/ @2+ B0\ C0\ B1+ D1/ A2+
LoopTrax_2752395 davidmilne vs. rogerrabbit : @0/ @1/ A0/ @1/ B0/ @2/ A3\ C0/ D1/ B5/
LoopTrax_2752396 rogerrabbit vs. davidmilne : @0/ @1+ @1\ A0\ @1\ D0+ D0\
LoopTrax_2752397 davidmilne vs. spitfire : @0/ B1\ A2/ A3/ B3/ @2/ A0+ C5\ D4\
LoopTrax_2752398 spitfire vs. davidmilne : @0/ @1/ A2+ C2/ C1+ C0/ A4\ A1\ @2/ D0\
LoopTrax_2752403 Kituku vs. spitfire : @0+ B1\ C1/ C0/ C3/ C0\ B1\ A5/ @4\ C6\ D6\ E6\ F4+ B7/ A6\ @4\ C2+ F8\ G8\ H7\ G1/ G9\ F10+
LoopTrax_2752404 spitfire vs. Kituku : @0/ A2\ B2\ A3\ A0\ @2/ A5/ @5/ C6\ D4\ D2/ E1\ D0\ B2\ A2\ A4+ @6/ C8+ A4\ @6/ E9\ F7\ G7\ D9/ H8\ E10/
LoopTrax_2752407 Pegasus vs. spitfire : @0+ @1+ B2/ B0/ C1/ B0\ B0\ A2/
LoopTrax_2752408 spitfire vs. Pegasus : @0/ B1\ B2\ C2\ A0\ A3+ @2\
LoopTrax_2752409 rogerrabbit vs. spitfire : @0/ A0\ @1/
LoopTrax_2752410 spitfire vs. rogerrabbit : @0/ B1\ B2\ B3\ B0/ C3+ @2\ A1\ C0/ D1/ E2/ C0+
LoopTrax_2752415 Missing Sock Fairy of TA vs. Rogue Trooper : @0/ A0+ A0\ @1\ A0\ @4+ D1/ C0+ E2\ B0/ E4\ E5\ E2/ F4+ @5+ H4/ B7/ A7/ @7+ C8+ H2+ H1\
LoopTrax_2752416 Rogue Trooper vs. Missing Sock Fairy of TA : @0+ A0+ B2+ B1+ A0/ B4\ C4\ B0/ C1/ A5/ A6/ @2\ A1\ A0\ E2\ D4+ E4+
LoopTrax_2752421 REBEL DJ vs. Rogue Trooper : @0/ A0+ @1+ B0/ @2\ D1+ C0+ E2\ D4+ B2+ C0\ A2+ C6/ A5+ D2/ A0\ @2/ E1/ F2/
LoopTrax_2752422 Rogue Trooper vs. REBEL DJ : @0+ B1/ @1/ @1/ B0/ B3/ D0/ E1/ A1\ B0+ @3\
LoopTrax_2752425 dingbat vs. Rogue Trooper : @0/ A0+ @1+ B0/ @2+ A1/ C0/ D1/ C5/ D4+ @2/ B4/ B1/ E0/ F4+ @2\ C1+ C0/ B7\ C8/ E8+ F9/ F10/ A8/ G10\ @4/
LoopTrax_2752426 Rogue Trooper vs. dingbat : @0+ A0/ B1\ A3+ A4\ B4\ @1/ B0/ D5+ B6/ A4/ @3\ E1/ F3+ D0/
LoopTrax_2752429 Rogue Trooper vs. irishmiss : @0+ A2/ @2\ B3\ C2/ A1\ @1\ B3+ B0+
LoopTrax_2752430 irishmiss vs. Rogue Trooper : @0/ A0+ @1+ B0/ A1+ C2\ @2\ @1/ E4\ F4\ B3+ F1/ E0/
LoopTrax_2752433 Laurel vs. supermac : @0/ B1\ B2\ A2+ @2/ C3\ @2/ B1+ A0/ E4+ D5/ E1/ B0/ F3/
LoopTrax_2752434 supermac vs. Laurel : @0/ A2+ @1/ B0+ C1+ D1/ C2+ C0/ D1/ B5\ D5+ E4\ B1+ C0\ C0\ B1\ A1\ @4/ F1/ E0/
LoopTrax_2752437 Jay RAA vs. supermac : @0/ A2\ B2\ B3\ A0\ @2/ A5/ @5/ D2/ E2/ F2/ D0+ E6/ A7+ F6/ G6/ E8\ G8\ H7/ E9+
LoopTrax_2752438 supermac vs. Jay RAA : @0/ B1+ A2+ C2\ B3/ @3\ B4\ D4\ D5\ @2\ A1\ A0\ B6/ A5/
LoopTrax_2752441 supermac vs. birddog8560 : @0/ A0/ B2+ C2\ A3/ D2\ A4/ @1+ D1+ E5/ D5/ F2\ G4+ G6+ G2+
LoopTrax_2752441 supermac vs. birddog856 : @0/ A0/ B2+ C2\ A3/ D2\ A4/ @1+ D1+ E5/ D5/ F2\ G4+ G6+ G2+
LoopTrax_2752442 birddog8560 vs. supermac : @0/ B1\ A2/ B2+ C2\ A3/ B4+ A0/ C2+ A0/ D2\ E2\ F1\ B0+ C0+ @3+
LoopTrax_2752442 birddog856 vs. supermac : @0/ B1\ A2/ B2+ C2\ A3/ B4+ A0/ C2+ A0/ D2\ E2\ F1\ B0+ C0+ @3+
LoopTrax_2752447 Oartkickel of the Wolf Pack vs. dgb : @0/ @1/ @1/ @1/ B2+ A0+ B0/ @3+ @3/ G3+ E5/ D0/ C2+ @4/ B3+ B2+ A2\ @2+ C1+ H7+ H8+ @2\ B3/ @2\ A1\ B0+ I2/ F1+ B0/ B0/ B0/ F1+ D0\ D10+ G2/ C9/
LoopTrax_2752448 dgb vs. Oartkickel of the Wolf Pack : @0/ A0/ B2/ A0\ @2/ C2/ B0\ D2\ D0+ E4/ B0\ A1\ C0/ F4+ D2/
LoopTrax_2752451 Cherub vs. dgb : @0+ B1+ B2/ B0/ A1+ C2+ C3+ B0+ @2/ @3\ D5+ A4/
LoopTrax_2752452 dgb vs. Cherub : @0/ A0\ @2\
LoopTrax_2752453 tburgoon vs. dgb : @0+ A2+ A3\ A0\ B3\ C3\ B2+ @2/ E2/ E1/ C4\ B0/ C2+ D1+
LoopTrax_2752454 dgb vs. tburgoon : @0/ A2\ B2\ B3\ @2+ C1+ D2/ E2/ E1/ D0/ F4+ E5\ F1/ G4\ D0/
LoopTrax_2752455 MountainMist vs. ypercube : @0/ @1+ A0+ @1\ A2+ B0+ @3/ @3/ D4/ A1\ A0\ @3\
LoopTrax_2752456 ypercube vs. MountainMist : @0/ B1+ C1/ C0\ A1+ @1/ A2/ B3/ @1+ E3+ A3/ @1/ @2\ G4+ H2+ C4/ E5+ B4\ A0\ @2/ A5/ A6+ @4/
LoopTrax_2752459 MountainMist vs. jazzbeth : @0+ A2/ @2+ @1+ @1/ B2/ A2+ C3+ D3+ A3+ D0/ B1\ @2\ E0\
LoopTrax_2752460 jazzbeth vs. MountainMist : @0/ B1\ B2\ C2\ D2+ D3/ A3+ A4/ A5+ @5/ E5\ F5\ D6\
LoopTrax_2752461 ypercube vs. dawn1968 : @0+ B1/ @1/ C0\ @2/ A1\ @1\ @1\ E0+ B0/ A0\ @1\ D6/ F7\ G7\ H6\ D1/ D0\
LoopTrax_2752462 dawn1968 vs. ypercube : @0/ A0+ @2\ B0/ B0\ A2\
LoopTrax_2752463 ypercube vs. jazzbeth : @0+ A2/ B2+ A0/ @3/ @2/ B1+ @1/ B0/ @2+ F1/ D0+ E6+ A1\ F4+
LoopTrax_2752464 jazzbeth vs. ypercube : @0/ @1/ A2+ C2/ B3+ C4/ C5/ A5\ D5+ D6\ D7\ E4\ F6+ A6/ @6+ D8+ C7/ @6\ A5\ @5\ D4+ A7/ @5+ C8\ D7+ E8+
LoopTrax_2752465 dawn1968 vs. jazzbeth : @0/ @1/ B2/ C1+ A0/ A0/ B2+ @1+ A4/ @4/ D5/ A3\ @3\ D6\ G3/ B7+ A7/ @5/ D8+ I3/ G7/ @4\ D8/ C8/ B8/ B9/ @7/ H9\ C10/ I9/
LoopTrax_2752466 jazzbeth vs. dawn1968 : @0/ A0/ B1+ A0\ @3+ A1+ C4+ B0\ C2+ @1\ B0/ E4\ E2+ D0\ F7+ G6\ F1+ F0/ G1/ G0/ A4\ A3\ F6+ G0/ H4+ G6/ H10/ B4/ A3\ B0+ D12\ C0\ @8/ A9/ I13\ @6\ H14\
LoopTrax_2756190 ypercube vs. kbalakri : @0+ A2/ B1+ A0/ C2/ D1\ C3+ C4/ C0+ E4/ D5+ C6/ D7/ F5/ E2\ B0/ B0/ A2+ @2/ @2/ B7\ A1\ B0/
LoopTrax_2756191 kbalakri vs. ypercube : @0+ A2+ B1+ B2+ @2/ C0/ C0+ A5+ B1\ @5/ A6/ @5\ A4\ C3+ @4+ C7/ B2+ A3\ @7+ D8/ A3\ B2+
LoopTrax_2756969 balmoral vs. B Line electric streetcar : @0+
LoopTrax_2760656 spitfire vs. Sea Breeze : @0/ A2\ B2\ C2\ A0\ @2/ B4+ D5\ E5\ @2/ A1\ @1\ G4/ H3\ E2/ G6\ E0/ F8\ F1\
LoopTrax_2762464 marygal vs. dingbat : @0/ A0/ B1/ B0/ @1\ A0\ D4\ C5/ B1+ C0\ D2+ C7\ D7\ @1/ C7/ C8/ A6/ @4+ D0+ A2+ E1+ G4+ H6\ H7\ F9/ G1/ H2/ F0/
LoopTrax_2762518 darkest angel 70 vs. * : @0+ @1+ A0/ B3\ C1\ B0\ @3/ E4\ E5\ E1/ E0/ F3\
LoopTrax_2768390 Rogue Trooper vs. Uncle Chuckie : @0+ B1\ @1\ A0\ B3/ @2+ A4/ @4/ E4\ C5+ F3\
LoopTrax_2771982 Uncle Chuckie vs. Traxplayer : @0/ @1/ B0/ @1+ C0/ D1/ D0/ @4\ A2+ E5+ E6/ F4+
LoopTrax_2772053 kbalakri vs. Rogue Trooper : @0/ A0+ A0\ @1\ B0\ C2\ @3+ B5+ B6/ @4\ @5+ D7/ E6+ @4/ F8\ G7\
LoopTrax_2773819 YankeeFan vs. washie224 : @0/ B1\ A2/ A3/ A4/ @3+ C4+ @1\ C0+ @3/ A4/ @4/ A5/ A6+ @6/ E6\ D7/ C1+ G7\ F8\ H7/
LoopTrax_2774794 * vs. ypercube : @0+ A2+ B2\ C2\ B3+ A0\ D4/ E3\ C2+ A0\ @4\ @3/ @1+ D0\ C6+ A5+ F7/ F1/ C7\ F8/
LoopTrax_2776661 dingbat vs. dgb : @0/ @1/ A0\ @2\
LoopTrax_2779288 B Line electric streetcar vs. Sea Breeze :
LoopTrax_2779330 spitfire vs. drgnrdr : @0/ A0/ B1+ A3/ C1\ @2+ C0/ D5+ D6\ E4+
LoopTrax_2779387 Rogue Trooper vs. ypercube : @0+ A2+ @2+ B3+ B0\ A1\ C1\ @1\ D0+ @1/ C0+ A0+ @3/ @6+ A7/ A8+ @5/ F9\ G9\ C10/ B10/ A3+ @5/
LoopTrax_2781106 Dionysos vs. ypercube : move
LoopTrax_2781107 jazzbeth vs. dingbat : @0/ A0/ B1+ C1/ B3+ B4+ D1/ E1/ C4/ D2+ F2+ G2/ H2/ A0\ @2/ C1+ B0\ C7\ E6+ F6\ G6/ H6/ G7+ J4/ B6/ A5\ F1+ E0+ F9+ E10+ G2\
LoopTrax_2781109 * vs. Rogue Trooper : @0/ A0+ @1+ B0/ B4/ C3/ @3\
LoopTrax_2781110 Dragon101 vs. dgb : @0/ @1/ A0/ A0+ @1\ @2+ B4\ C5+ C0/ D1/ E2+ C0+ A2+ @6+ B7/ @6\ @5/ E0/ C3\ @3\ C2+ E9/ D8/ A8/ C9+ @7\
LoopTrax_2781183 Phil The Hat vs. supermac : @0/ B1\ A2+ B2+ B3\ C3\ A3/ A4/ A5/ B4+ @2+ C6\ D6\ E6\ E7\ F7\ A7/ @3+ C8/
LoopTrax_2784609 drgnrdr vs. marygal : @0/ B1\ A2/ C1\ A3\ B3\ A4\ C0/ D1/ B0\ A1\ @3/ A6/ B7\ E5\ E6/
LoopTrax_2784694 washie224 vs. spitfire : @0+ @1/ C1+ D1\ B0/ B3/ E2/ E1/ E0/ D4+ C5+ F3\ F4\ E5\ A2+ G4\ F5\ @2\ A1\ D0/ @2+ A1\ C1+ D0\ B1+ B0\ A2\ @2\ A1\ I9\ J8\ J9\ A6/ B0\ A8\
LoopTrax_2784713 Geri39 vs. YankeeFan : @0/ B1+ @1\ A0\ @2\ E2\ D3/ C3+ @2/ D4\
LoopTrax_2786531 * vs. ypercube : @0/ B1/ B2\ C1/ D1/ B0+ A0/ E2\ C1/ A0/ A0/ @6\ @3+ B0+ B8\ A7+ C0\ D2+ @3+ @3\ C1+ B9/ C10\ C0+ D0\ G4/ E1+ H6+ B7/ A7/ @8\ G1+ G0/ I3/ H2/
LoopTrax_2786584 jaha vs. birddog8560 : @0/ A0/ B2/ @2\ B0+ C2+ A1\
LoopTrax_2786584 jaha vs. birddog856 : @0/ A0/ B2/ @2\ B0+ C2+ A1\
LoopTrax_2788207 dgb vs. firefly : @0/ A2\ B2\ B1+ B0/ C1/ C0/ A2+ D2+
LoopTrax_2788229 kbalakri vs. dgb : @0+ A2+ B1+ B2+ @2+ C0/ D3+ C4/ D2/ B5/ RESIGN
LoopTrax_2789172 dgb vs. firefly : @0+ @1/ C1/ B2/ B3/ C2+ B0\ @1+ C0/ B1+ @3\ B4+ E6+ F2\ E7/ C6+ B6+ B7/ B8/ A6+ E8\ F8\ F9\ G3+ A9/ @7+ E8+ D9+ D10/
LoopTrax_2789797 Geri39 vs. B Line electric streetcar : @0/
LoopTrax_2791703 * vs. basplund : @0/ @1/ B0+ @1/ @1/ A2/ C0/ D4+ A0+ @4+ @3/ C0/
LoopTrax_2793928 Dragon101 vs. Traxplayer : @0/ @1/ A0/ @1/ C3/ D3/ C4+ B0\ @2/ C4+ D2/ B3+ D0+ C0/ E4/ F3+ A3\ @5\ D7/ C6/ A7/ @5+ F8\ H7\ E0/ F10+ B3+ @7/ A8/ @8/ D9/ E10+ F11/ F12/ F13/ B10+ C11/ @7\ A6\ A10/ A11/ @8/
LoopTrax_2795931 spitfire vs. Judy : @0/ B1\ B2\ A2+ @2/ B3/ A3+ B4\ C0/ D2\ C5+ D3\ E4/ C6/ D6\ C7/ F5\ F6\ @4/ B5+
LoopTrax_2797713 Uncle Chuckie vs. drgnrdr : @0/ B1\ B2\ C2\ D1+ A0/ A0/ D0+ E4/ @2/ G2+ G0/ H2\ A2\ B1+ @2/
LoopTrax_2799726 Rogue Trooper vs. jazzbeth : @0+ A2/ @2\ A1\ C2/ C0\ A0\ @1+ E3\ D1+ C5/ @1\ G1+ B3+ D0+ F7+ G7\ H7+ F8+ B7/ D8/
LoopTrax_2799902 violet unicorns vs. Izeul : @0/ B1\ B2\ C2\ A2/ B3+ A3/ D1/ E1\ D0\
LoopTrax_2802865 psychospaz mom vs. B Line electric streetcar : @0+
LoopTrax_2802898 basplund vs. dingbat : @0/ A0/ B1+ C1/ D1/ C2+ C0/ C0/ A2+ @1+ D0/ A3+ A0+ @4\ @3/ B5+ G7/ E8+ E9\ H6+ G9+ C0/ I8/ H10+ G2\ H2+ I3+ J5+ K6/ J7+ H11/ G12/ G13/ J9\ J10\ I11+ H13\ G14/ J12/ J13/ F12+ L6/ M6/ K11+ N10+ L12+ M13+ L4+ K3/ N4/ L2/ O5\
LoopTrax_2802988 * vs. YankeeFan : @0/ B1+ A2/ C1+ B3/ @2+ B3/ A0\ @3\ @3\ E1+ E0/ @3/ A5+ E6/ C1\ E0+ @6+ B7/
LoopTrax_2802998 marygal vs. Geri39 : @0/ A2\ B1/ A0/ B3\ C3\ A4/ @4/ A2+ D5\ E4/ A6/ @5\ E7\ F7\ A2\ @2\ C8/ B7\ A6/ G2/ A4\ H3/
LoopTrax_2804111 Klu vs. Sista : @0+ @1\ B2/ @2/ A3\
LoopTrax_2807982 jazzbeth vs. washie224 : @0/ B1\ B2\ C2\ D2+ B0\ @1/ E0/ F1+ F2+ E0/
LoopTrax_2809747 dingbat vs. * : @0/ A2\ B2\ C2\ B3+ @3/ B4\ C5/ C6/ D4\ E3/ F3/ D1\ C0/ @4+ B2+ B7/ D8/ H1+ H0/ I1/ H0+
LoopTrax_2809881 dgb vs. ypercube : @0/ @1/ B0/ @1/ A0+ A0/ D3+ @3/ A4/ B5+ @3+ B1+ C6/ C7/ C8/ A5+ G3\ F6+ @7+ A5+ A1/ B0/ G2+ F1/ C0\ @7\ A5+ @8/ A9/ A5\ @5\ C4+
LoopTrax_2810940 Klu vs. Sista : @0+ @1\ B2/ A3/ @2+ A3+ C3\ @2/
LoopTrax_2813292 drgnrdr vs. birddog8560 : @0/
LoopTrax_2813478 kbalakri vs. jaha : @0+ A2/ A0\ @2\ C2\ @2/ C0\ E3\ C5/ E2+ A2+ C6/ A5+ @5\ F7+ G5/ B7/ A7/ D8/
LoopTrax_2815147 Dragon101 vs. YankeeFan : @0/ B1+ C1/ A2/ A3/ C2+ A4/ D4+ A5+ D2+ E2/ F3\ F4\ @3+ F0/ G1/ H4+ D1+ C0/ A2\ @5\ H0/ I1/ J4+ @6\ B7+ @6\ B3+ B2/ E1\ H0+ D1+ G0/
LoopTrax_2818025 Klu vs. Sista : @0+ @1/ B2/ C1\ B0\ @2\ @2/ A3\
LoopTrax_2821768 marygal vs. psychospaz mom : @0/ A2\ B1/ B0/ B3\ C2+ A4/ @4/ D4\ C5/ E3/
LoopTrax_2822593 dgb vs. cherimoya : @0/ A0\ @2\
LoopTrax_2823460 * vs. ypercube : @0/ B1/ A0\ @1+ A2+ @1\ D3\ E1\ B3/ C4+ B4+ D5/ D6/ A4\ B0/
LoopTrax_2823528 balmoral vs. jazzbeth : @0+ A0/ B2+ B3\ B4\ A3/ C3+ D4/ C5/ @2+ B5+ @2/
LoopTrax_2825258 Sista vs. Klu : @0/ A0/ @2\ C1\ C2+ C3/ C4/ A1+ B4/ D4\ D5/
LoopTrax_2825405 ypercube vs. Oartkickel of the Wolf Pack : @0+ @1/ C1/ B2\ D1/ A0/ A4/ D4\ C5/
LoopTrax_2825642 drgnrdr vs. Oartkickel of the Wolf Pack : @0/ @1/ B2/ @1\ A0\ C4/ A0/ B2+ C1\ B4/ @1/ A5+ @3\ @3+ A2\ D6/ B6+ A7+ B1+ E0/ B0\ A1\ @3/ A8+ @2+ A5/
LoopTrax_2827152 darkest angel 70 vs. supermac : @0/ B1\ A2/ @2/ D1/ B0/ C3\ D4/ D1+ @1+ C0/ F1\ @2/ D0+ E1/ A1\ B0/ @4\
LoopTrax_2827544 basplund vs. MountainMist : @0/ B1\ A2/ @2+ @2\ B0+ B0/ D2+ @3/ D5/ A1\ A0+ @2/
LoopTrax_2830706 ypercube vs. Dragon101 : @0+ A0/ A3\ B1/ B0/ C4+ C5\ D1/ D0/ C7\ D7\ E7+ B8+ A7/ @7/ A8/ C9\ E10\ F8+ D11/ C10+ @10/ D11/ A6+ H5\ @8/
LoopTrax_2836008 birddog8560 vs. marygal :
LoopTrax_2836030 drgnrdr vs. jaha : @0/ A0/ @2/ @1/ C3/ D2+ C4/ B4/ A4+ C5+ @1+ D0+ D7/ D8/ E7+ F7\ D0+ @4+ D1+ F1/ G1/ H2+ F0+ E0/ D2+ A8/ @7\ J6+ C9/ J11\ C2\ I12/
LoopTrax_2837517 Dougy29 vs. dgb : @0+ A2+ A3/ B3+ A4/ A0/ B3/ @2/
LoopTrax_2837665 jazzbeth vs. Phil The Hat : @0/ @1/ C1/ A2\ @2\ B3\ D2+ D0/ @4+ F2+
LoopTrax_2837678 YankeeFan vs. Geri39 : @0/ B1\ B2\ A2+ A3+ @3/ @3/ E3\ D4/ E2+ A2\ @2\ G2/ A3/ @2\ H4+ I2/ J1/ G0+
LoopTrax_2838970 Sista vs. Klu : @0+ A0\ A0\ A0/ B2/
LoopTrax_2839194 Uncle Chuckie vs. * : @0/ A2\ B1/ @2\ B0+ @2/ B4+ @1\ C0+ A5/ E4\ @4\
LoopTrax_2840589 Izeul vs. dgb : @0/ A0/ B2/ B3+ C3+ B4/ B5/ @3/ A2+ A0+ C2/ E3\
LoopTrax_2840611 Izeul vs. dgb : @0/ @1+ A0+ @1\ A2+ B0+ @1/ A4/ @4/ E4\ F2\ C0/ C5+ D6/
LoopTrax_2841979 basplund vs. Izeul : @0/ B1\ A2/ A0/ A4\ B3+ C3\ B4\ B5\ C5\ C2+ C6+ @6+ A7+ B8/
LoopTrax_2843155 BigDaddyTuaine vs. dgb : @0+ A2+ A3\ A0\ B4/ B1/ B0/ @4\ C4+ D3\
LoopTrax_2843891 Sista vs. Klu : @0+ A2/ A0\ B2\ @2+
LoopTrax_2844113 lwmc vs. dgb : @0+ A2+ A3\ A0\ B2+ @4+ C4/ A1/ C1+ D2\ A3+ @3\
LoopTrax_2844545 Sea Breeze vs. keops : @0+ B1+ C1\ A0\
LoopTrax_2844581 Izeul vs. dgb : @0/ @1/ B2/ C2+ D1/ D0/ C4+ D4\ E3\ A1\ @2/ D0+
LoopTrax_2846055 jazzbeth vs. Oartkickel of the Wolf Pack : @0/ B1\ B2\ A0/ C1\ D1\ @2/ A0+ @1\ @2+ @3\ F1+ D0/ G1+ D5/ F6\ G4+
LoopTrax_2846059 Rogue Trooper vs. Sea Breeze : @0+ A2/ @2\ @2/ A3/ A1/ @1+ @1/ C4/ @3/ E3+ D5/ F4+ B0/ A2+ A6/ D7/ @6/ E0/ F2+ B1\ C0\ A2/
LoopTrax_2846167 ypercube vs. Phil The Hat : @0+ A2+ B1/ A3+ @2\ B4+ C3/ D1/ A3/ @1/ @2\ E0+ D0/ D7/ G3/ H2\ F5\ E7+ A5/ @3/ F8\ G8\ B8+ G9+ A7+
LoopTrax_2849563 YankeeFan vs. spitfire : @0/ B1\ B2\ B3\ C1/ C0/ A3+ B5\ D1+ A6/ @4+ F5\ D6+ C1\ D0/ A2\ B1/ C0\ F8\ F9\ G8+ D9/ D10/ A1\ A0\ H10\ H11\ H12\ H5/ D2/ G4/
LoopTrax_2850563 Sista vs. Klu : @0+ A0+ A3\ @2\ C2\ B4/ A4/ @4/ A5/ @4/ B6\ D6\ E5/ @4\ E0/ B7+ C8\ C2+ C9/ D9+ B9+ C1\ A9+ A10/ E0/ A4+
LoopTrax_2851058 * vs. marygal : @0+ @1\ A2/ @1\ D1\ C2\ B3/ A2/ @2/ B3/ D3\ D4\ A1\ @1\ B3+ D4/ E5\ @1/ A2/ @2/ A3/ @3/ D4+ @1+ A0\ @1\ D0+ A5/ B6/
LoopTrax_2851505 dgb vs. supermac : @0/ B1\ A2/ @2/ @2+ D2+ B3/ C0+ E2/ E1/ F1/ C0/ F4\ E6+ G3\
LoopTrax_2851506 supermac vs. dgb : @0/ A0/ @2/ @1+ C0/ D1/ D0/ E1/ B0+ @1+ G3+ C6/ C7/ G8+ H5+ A6+ @5/ B8/ A8/ D9/
LoopTrax_2851507 dgb vs. Rogue Trooper : @0+ A0+ @1\ B3+ C1\ A3+ D2\ C3+ C4\ D4\ D5\ E2+ E1/ E0/ F2\ F6+ G1/ E0/ G5\ H2+ C8/ B8/ F8\ F9\ G7+
LoopTrax_2851508 Rogue Trooper vs. dgb : @0+ A2+ @2+ B0+ A1+ B0/ C2+ B0\ A2+ @2\ A1\ @1\ D0+ E1/ F1/ E0\ A1+ F0/ G2\ C1\ C0\ @6/ C8+ A3\ @4/
LoopTrax_2851509 dgb vs. ypercube : @0/ @1/ A2+ A0\ @2/ C4/ C5/ C6/ D4+ E2\ @3/ A4/ A7+ @6/ F7\ C1+ G6\
LoopTrax_2851510 ypercube vs. dgb : @0+ A2\ A0/ B1/ B0/ C4+ D2\ C0+ C6\ D6\ E5+ C7+ A6+ F4\ C8\ D9/ C10\ E7+ F6+ F8+ G6\ F11+ G11\ H11+ F12+ H6\ I9+ I6\ J10/ I4+ J4/ F3/
LoopTrax_2851511 dgb vs. rogerrabbit : @0+ A0/ @2\ B0/ C1/ C0/ D4+ E3+ D0+ B1+ @2\ E0/ G1+ F0\ H1\ C1\ B0/ G7\ H5+ I4\ @5+ B8+ B4\
LoopTrax_2851512 rogerrabbit vs. dgb : @0+ A2+ @2/ @2/ @2/ D0/ B4+ C1\ E4/ C0/
LoopTrax_2851513 supermac vs. Rogue Trooper : @0/ A0+ @1+ B0/ C1/ B0\ A1\ D1\ C4+ A0\ @1\ @1+ A0\ B1+ A0\ @3/ G1/ H2/
LoopTrax_2851514 Rogue Trooper vs. supermac : @0+ B1\ A0/ @2/ C3\ D3\ D4\ E4\ E5\ @5+ D6+ C7+ @4/ A7/ @5/
LoopTrax_2851515 supermac vs. ypercube : @0/ B1/ C1\ C2\ B2+ B3/ D2\ B0/ E1+ D0/ B1+ B0+ E2/ @2+ B1\ A6/ C7/ @5\
LoopTrax_2851516 ypercube vs. supermac : @0+ B1\ @1\ B2+ C3/ A0\ A3/ @3/ A5+ D1+ E2\ D0/ E6\ C7/ F5\
LoopTrax_2851517 supermac vs. rogerrabbit : @0/ @1/ B0/ A0/ B1/ @1\ A0\ B1+ D4+ D5\ E5\ E3+ D6+
LoopTrax_2851518 rogerrabbit vs. supermac : @0+ @1/ C1/ A0+ B1+ A3/ @2/ @2/ A3/ @3/ D4+ F3+ C5\ D0\ E6+ @1\ B0/ A7/ F2/ B8/
LoopTrax_2851519 Rogue Trooper vs. ypercube : @0+ A2+ @2+ A1+ A0/ B4\ C4\ A4/ C5+ D5/ @2/ E6/ D7\ E8/ C8\ F8\ E9\
LoopTrax_2851520 ypercube vs. Rogue Trooper : @0+ A0/ A0/ A4/ @1\ A0+ A0/ B1/ B0/ C4+ @1\ A0/
LoopTrax_2851521 Rogue Trooper vs. rogerrabbit : @0+ A2\ B2/ A0\ B4/ B1/ B0/ A1\ A0/
LoopTrax_2851522 rogerrabbit vs. Rogue Trooper : @0+ A0+ @2/ B0+ A1\ @1\ A0\ @4+ A0/ @3+ F5/ E0+ F3\ G3\ B1+ B0+ C0+ @6/ A8\ B9/ B10/ A3+ @4+ C2+
LoopTrax_2851523 ypercube vs. rogerrabbit : @0/ A0/ B2/ B3/ C3/ A3+ D3\ B4/ C2/ C1/ C5+ D5\ E5+ C6+ A0+ @3/ F1/ F0/ G2\
LoopTrax_2851524 rogerrabbit vs. ypercube : @0+ A0+ @2/ @2/ D1\ D0\ A2\ @2/
LoopTrax_2855511 dgb vs. lwmc : @0/ B1\ A2/ B2+ @2\ B3+ B0\ A1\ A0\ @2/ A4/ A5/ @2/
LoopTrax_2862349 balmoral vs. * : @0+ A0+ @2+ A1+ A3\ A0\ C3\ B5/ @2/ A5\ C6/ B7\ @1\ A0/
LoopTrax_2862351 * vs. YankeeFan : @0/ B1/ C1\ C2\ A0\ @1\ E2\ D1+ E0+ F1+ E0\ B2+ B1/ F1+ D0\ C1\ B0/ A1+ @4/ H4/ A2\ C0+ @4/
LoopTrax_2862417 jazzbeth vs. ypercube : @0/ @1/ B0+ B0/ B0+ @4+ @4\ B5/ E4/ F2/ E1+ D5+ D6/ F5\ G3+ F6/
LoopTrax_2862681 nisqually vs. YankeeFan : @0/ A0/ B1/ C2+ C3\ B4+ D2+ @1\ A0\ A5/ RESIGN
LoopTrax_2863543 Izeul vs. Linda Sue : @0/ A2\ B2\ C2\ @1\ A0\ @2\ D4+ A3/ @3/ B4\ @3\
LoopTrax_2863669 marygal vs. dingbat : @0/ A0/ B2/ B3+ A4/ @3\ A0\ @1\ A2+ A0+ @1\ @1+ B4/ B5/ B6/ B2+ A4/ A0/
LoopTrax_2865217 jaha vs. Rogue Trooper : @0/ A0+ @1/ A2/ @2\ B0+ A2+ @3\ @3\ C0/ C0/ B1+ F4\ E1+ B0\ @6\ G2/ G1/ C0\ G1+ D0/
LoopTrax_2867553 dgb vs. Izeul : @0/ B1\ A2/
LoopTrax_2868331 drgnrdr vs. marygal : @0/ B1\ A2/ A3/ A4/ @3+ C2\ D2\ D3\ E3\ E4\ B5/ C5+ E0+ F1/ A1\ G2+ @2\
LoopTrax_2868414 birddog8560 vs. Linda Sue :
LoopTrax_2869167 dingbat vs. Rogue Trooper : @0/ A0+ B2+ A3\ C2/ @1\ C1+ B0/ C0\ @1\ C0+ A5/ E2/ @3/
LoopTrax_2871334 dawn1968 vs. dgb : @0/ @1/ B2/ B3/ A3\ B0\ @4+ D2+ @4\ D0/ E1/ E0/ F1/ C1\ B4\ D0\
LoopTrax_2872375 dawn1968 vs. basplund : @0/ @1/ B2/ B3/ A3\ B0\ @2/ @2/ D5/ E2/ F3\ A1\ @1\ D0+
LoopTrax_2872376 basplund vs. dawn1968 : @0/ @1/ B2/ A0/ B4\ C4\ D4+ A3/ D5/ C3/ @3/ @3+ E2/ F2/ G5/ E1\ B6/ A6/ G6\ D7/ H6/
LoopTrax_2872377 dawn1968 vs. dgb : @0/ @1/ B2/ B3/ A2+ B0\ B5+ C5+ B6/ A6/ @5/ C7+ D6\ E3+ C8\ D8\ E7+
LoopTrax_2872378 dgb vs. dawn1968 : @0+ @1/ C1/ C0/ C0/ B0/ C5/ D2/ A6/ D6/ @6\
LoopTrax_2872379 dawn1968 vs. firefly : @0/ A2\ B2\ B1+ A3/ @1/ D3/ C0/ C0/ A5/ @5/ D6+ F4/ E7/ F1/ D0/ A4/ @4/ B3/ C8+ E9\ A8/ B9/
LoopTrax_2872380 firefly vs. dawn1968 : @0/ @1/ A0+ @2\ B0+ C1/ D3/ B0\ A1\ A0\ @1\ D0\ @2\ A1\ A6/ @5/
LoopTrax_2872381 washie224 vs. basplund : @0+ A2/ @1+ B0/
LoopTrax_2872382 basplund vs. washie224 : @0/ A2/ @1\ A0\ A0\
LoopTrax_2872383 washie224 vs. dgb : @0+ A2+ @2/ @2/ B3/ B4\
LoopTrax_2872384 dgb vs. washie224 : @0+ @1/ C1/ B2\ D1/ B0\ D4\
LoopTrax_2872385 washie224 vs. firefly : @0/ A2\ B2\ B1+ C1+ C0/ @2\ B1/ C0\ C5\ E4\ A5/ @4/ B6\
LoopTrax_2872386 firefly vs. washie224 : @0/ @1/ A0+ A0\ @1\ @1+ A0\ B1+ D2+ @4/ C5+ A1\ @3/ C0+
LoopTrax_2872387 basplund vs. dgb : @0/ @1+ @1\ B0\ B0\ A1\ C4/ B0+ @3+ D6/ E3+ E0\ B1/ A2+ @1/ E0/ G1+ D0\ C1\ @1+ RESIGN
LoopTrax_2872388 dgb vs. basplund : @0/ @1/ @1/ B0/ @2+ C0/ B0+ @3/ @2+ C0/ C6/ A5+ C0/ C0/ F4/ F3/ F0+ G1+ H1\
LoopTrax_2872389 basplund vs. firefly : @0/ B1\ A2/ B2+ @1\ B0/ B0/ @4+ A2\ @2\ @1/ B4\ C5/ A4+ C6/ F5/ @6/ A7/ A2\ @3\ D0+
LoopTrax_2872390 firefly vs. basplund : @0/ A0/ B2+ @1\ B0/ B0/ A1+ C5\ D2+ C6\ D6\ E2\ A5+ E6+ F3/ E7/
LoopTrax_2872391 dgb vs. firefly : @0/ A2\ B2\ B1+ B0/ C1/ C0/ D1/ A1\ @3/ B0/
LoopTrax_2872392 firefly vs. dgb : @0/ @1+ @1\ A0\ A0+ @2/ D4/ D5/ C6\ E2\ D0+ B6+ A6\ E8\ F6+ B8/ C9\
LoopTrax_2872393 ypercube vs. Izeul : @0/ @1/ B2/ A0\ @2/ A3\ @2\ A1\ @1\ C0/ A4/ D5/ @4\
LoopTrax_2872394 Izeul vs. ypercube : @0/ @1/ C1/ C2/ A2\ D2\ C3/ C4/ A4\ E1/ D0\ @3\ E4\ @1\ C0+ A5/ @4/ C6/
LoopTrax_2872395 ypercube vs. Slippy : @0+ @1\ C1\ C2\ C3\ @1\ B2+ B4/ A4/ @4/ A5/ @5/ @1+ C0/ B7/ B8/ @5+
LoopTrax_2872396 Slippy vs. ypercube : @0/ A0/ B1/ B3/ A3/ B4\ C4\ A5+ C3/ D5/ A0/ @4/ @5\ C7\ E3/ F3/ F2/ G5/
LoopTrax_2872397 ypercube vs. Pooh : @0/ B1\ A2/ B2+ C1/ C0/ @2+ E2\ E3\ C1\ D0/ F2+ A1\ @2/ D0+
LoopTrax_2872398 Pooh vs. ypercube : @0/ @1/ A0/ B1+ A0\ @2/ B4/ B5/ C1+ D1/ D2\ C0+
LoopTrax_2872399 ypercube vs. boneyardking : @0/ B1\ A2/ @2/ @2+ A3\ D2+ C4/ E4/ D5/ A4/ @3\ F1/ E0\ D6/ F4+ G3\
LoopTrax_2872400 boneyardking vs. ypercube : @0/ @1/ B0\ B3\ C3\ C4\ A5/ @4+ B6\ @3/ B6/ B7/ E2/ F2/ A5+ A2\ A1+ @3\
LoopTrax_2872413 Lilac Oyster vs. spitfire : @0+ B1/ A2\ @1\ A0\ C4\ D3/ B0\ @2/ E1/ E0/ B2+ F3+ B1\ C1+ E0/ A2\ @3\ C1+
LoopTrax_2872414 spitfire vs. Lilac Oyster : @0/ B1\ B2\ A2+ @2/ C3\ C0/ D4+ E3\ C5\
LoopTrax_2872415 Lilac Oyster vs. jazzbeth : @0+ A0/ A3\ B3\ C3+ A4+ @4/ @4+ E0/ F2\ D0\ C1\ B2\ @3+ D0\ C1\ @4/ H1/ G0/
LoopTrax_2872416 jazzbeth vs. Lilac Oyster : @0/ B1\ B2\ C1\ C2+ D2\ A0/ A3+ D1/ D0/ E3\
LoopTrax_2872419 Lilac Oyster vs. Rogue Trooper : @0+ A0+ @2/ @2/ C3/ D1/ D0/ E1/ C5/ E3\ F2/ B4+
LoopTrax_2872420 Rogue Trooper vs. Lilac Oyster : @0+ @1/ A0/ B3\ A0/ C4+ A5/ @5/ D1/ D0/ E4/
LoopTrax_2872421 spitfire vs. jazzbeth : @0/ @1/ A2/ C1+ B0/ @2+ B0/ @2+ A3/ C5/ C6/ @2\ A0\ B0+
LoopTrax_2872422 jazzbeth vs. spitfire : @0/ B1\ B2\ B3\ B4\ C4+ A4+ A5\ C5/ @3\ B6+ E5\ E6\ E7\ E1+ F3/ D0+
LoopTrax_2872423 spitfire vs. birddog8560 : @0/
LoopTrax_2872424 birddog8560 vs. spitfire :
LoopTrax_2872425 spitfire vs. Rogue Trooper : @0/ B1+ A0\ @1\ D2/ B3/ E2\ E3\ E4\ B0/ C1/ E1/ F4\ D0/
LoopTrax_2872426 Rogue Trooper vs. spitfire : @0+ @1/ A0/ C2\ A3/ B4/ @2+ C0/ D1/ E1/ A1\ C0/ @3\
LoopTrax_2872427 jazzbeth vs. birddog856 : @0/
LoopTrax_2872427 jazzbeth vs. birddog8560 : @0/
LoopTrax_2872428 birddog8560 vs. jazzbeth :
LoopTrax_2872428 birddog856 vs. jazzbeth :
LoopTrax_2872429 jazzbeth vs. Rogue Trooper : @0/ A0+ A3/ B1\ @3/ @3+ D4+ E2/ B0/ @4/ B0\ A3+ @4\ G2/ F1/ H3/
LoopTrax_2872430 Rogue Trooper vs. jazzbeth : @0+ A0/ B1\ A3/ A4/ B3/ @1/ D4\ D5/
LoopTrax_2872431 birddog8560 vs. Rogue Trooper :
LoopTrax_2872431 birddog856 vs. Rogue Trooper :
LoopTrax_2872432 Rogue Trooper vs. birddog856 : @0+
LoopTrax_2872432 Rogue Trooper vs. birddog8560 : @0+
LoopTrax_2872435 Missing Sock Fairy of TA vs. keops : @0/ A0/ B2+ C2\ A3/ @3/ C4\ @1+ D5+ B0+
LoopTrax_2872436 keops vs. Missing Sock Fairy of TA : @0/ B1\ A2/ B0+ B0/ C3\ C4\ A5/ D3+
LoopTrax_2872437 Missing Sock Fairy of TA vs. violet unicorns : @0/ A2/ B2\ B3\ C1/ C0/ @2\ @3/ B4/
LoopTrax_2872438 violet unicorns vs. Missing Sock Fairy of TA : @0/ A2\ B1+ B2+ C2\ D2+ D3\ E2+ E1/ E4/ C4\ E5\ F5\ F4+ C1/ G3/ G2/ E0\ D1+ F1/ F0/ G2/ G1/ H2\
LoopTrax_2872439 MountainMist vs. keops : @0/ @1/ B0\ A3\ B3+ C3\ D2/ D1/ B0\ A1\ @1+ C0+
LoopTrax_2872440 keops vs. MountainMist : @0/ A2+ A3/ @3\ A1\ A0\ @1\ D2/ E2/ @1\ F4\ F5\ G3\
LoopTrax_2872441 MountainMist vs. violet unicorns : @0/ A0/ B1\ B2\ B3\ B4/ A4\
LoopTrax_2872442 violet unicorns vs. MountainMist : @0/ B1\ A2/ @2+ A3/ A4\ B4\ C4\ @4/ A5/ @5/ D5+ A6/ F5/ G4\ D6\
LoopTrax_2872443 keops vs. violet unicorns : @0/ A2/ A3/ @2/ @1+ A0\ B4/ @4/ C5/ C0/ A1/ E3/ @3/
LoopTrax_2872444 violet unicorns vs. keops : @0/ @1/ B2\ C1\
LoopTrax_2873976 dawn1968 vs. dgb : @0/ @1/ A2/ C2+ C3\ C4+ D3/ @1\ B0/ A5/ B6\ @4\
LoopTrax_2875368 basplund vs. supermac : @0/ B1\ A2/ @2/ A0/ B1/ C3\ C4\ C5+ D1/ D0/ B1+ B0/ B7+ B8/ A1+ E4+ A0\ @6/ @3+
LoopTrax_2875772 dgb vs. Chef Jeff 1 : @0/ A2+ A3/ B1+ C1\ B3+ @2+ A1+ E3+ D4\ F2\ A0/ F2/ E5\ D1/
LoopTrax_2876446 YankeeFan vs. rogerrabbit : @0/ A0/ A3/ B2+ A4/ @4/ D1\ D3+ D0/ E2\ A1\ @3+ C0/
LoopTrax_2877057 Linda Sue vs. keops : @0+ A0+ B1/ @1\ C0/
LoopTrax_2878479 spitfire vs. marlisam : @0/ B1\ B2\ C2/ D2\ C3/ A0\ @1\ D2/ E1\ B0\ E5\ E6\ B5/ D6/ D7/ F5+ @2/ A3/ F7\ H5\ E8\
LoopTrax_2880004 marygal vs. Rogue Trooper : @0+ A0+ B2\ C2\ B1+ C0\ C4\ D1+ B5\ @4\ A6+ @4\ F0/ G5+ E0\ D1\ C1\ E7\ B1\ E0+ G4/ H4/ F9+ A2\ @6/ D0+
LoopTrax_2881200 kbalakri vs. dgb : @0+ A2\ A0/ B2/ @2/ D2\ C1/ @2/ B1+ C0+ F3/ @3+ RESIGN
LoopTrax_2881611 spitfire vs. birddog8560 : @0/ @1/ B0+ @1/ A2/ C0\ A0\ @3+ C0/ D1/ E1/ E0/ F4\ G3+
LoopTrax_2881676 jazzbeth vs. dgb : @0/ @1/ B0+ @2/ A3/ C4/ B0+ B0/ D6/ C7/ D5/ @5/ @3+ G5/ D6/ D7+ @4+ C6/ I6+ G3/
LoopTrax_2883762 YankeeFan vs. spitfire : @0/ A2\ B1/ B0+ A0/ @2/ A4/ A5/ D3\ D4\ E4\ @1\ A0\ A4/ @2+ D6\ E7/ H5+ A4/ @4/ I3+ J4/ B5+ @5/ A6/ C6+ D7/ D8/ F1/ E0/ B4\
LoopTrax_2887749 Uncle Chuckie vs. drgnrdr : @0/ A0/ B1/ B3+ C1/ A4\ @2/ E1+ C0+ E5\ E1/ D6/
LoopTrax_2889444 Traxplayer vs. dingbat : @0/ A0/ @1/ @1+ A0+ @2/ E2+ C0\ A4+ B0/ @5\ B3+ C6+ B1\ A0/ E7+ E1/ F1+ C0+
LoopTrax_2889534 * vs. Dragon101 : @0+ A0/ B2+ B3\ B4\ B5\ C4+ A5+ B0\ A0/ C3/ D6/ @6/ @5+ F3+ G5\ H6/ I3+ G2\ G7+ G8/ I7\ H8\
LoopTrax_2892190 dgb vs. ypercube : @0/ @1+ B2/ @1/ D1\ C0\ @3\ D4/ B5+ C6/ D5+ A1+ @4/ G2\ F1+ F4+ B0/ A2+ @4/ E8+ H5\ F1+ F0/ H2+ I1\ E0+ C2+ J4+ E0/ F0\ G2+ I8+ G11\ K6\ I3/ J3/ K2\ L3+ K1/ H0+ L3/
LoopTrax_2892285 dingbat vs. dgb : @0/ @1/ @1+ A0+ @2/ A3/ C3+ @2+ A1\ E0/ F4\ F1\
LoopTrax_2892927 marygal vs. drgnrdr : @0/ A0/ B2/ B3/ B1/ A0\ @1\ @1\ B0+ B4/ B5/ A5/ @3/ D6+ F5\ G5+ G6\ E7/ G2+ H4\ F1/ G0\ I7\ I8\ G9/ H1/ G0/
LoopTrax_2893009 Uncle Chuckie vs. basplund : @0/ A0/ B1/ B3/ C2/ C4/ @1+ B0\ B0\ A1\ @1\ @2+ B4+ F1\ @4/ B5\ D6+ D7/ G7+ B7/ A6/ B8\
LoopTrax_2894306 dingbat vs. dgb : @0/ @1/ C1+ C2+ D2\ D3\ B3+ E2+ E1/ E0+ F1/ A1\ F3\ @2\
LoopTrax_2894661 Dragon101 vs. Rogue Trooper : @0/ B1+ C1/ D1/ B2\ C0+
LoopTrax_2894663 supermac vs. jazzbeth : @0/ @1/ B2+ A0+ @1\ @1\ A0\ A4/ C5\ @3/
LoopTrax_2896276 Dragon101 vs. dingbat : @0/ A2/ @1/ B3+ @1/ A0+ B3+ C5/ D3+ C6\ D6\ E6\ E7\ E2\ F6+
LoopTrax_2899690 spitfire vs. boneyardking : @0/ A2\ B2\ B3+ A0\ @3\ A5/ @5/ D5\ D6\ D2/ E1\ E3+
LoopTrax_2899694 ypercube vs. Rogue Trooper : @0+ A0+ A0+ A0+ A0/ A6/ B6/ C6/ B4+ @6+ C7+ D3\ A4\ @6\ E2+ A3/ @5/ B7+ G5/ G6+ H5+ G4+ C2+ A3+ A1/ @1+ A5/ @5+ J3\ C0+ F1\ E2\
LoopTrax_2901383 Rogue Trooper vs. princesarg : @0+ B1\ @1\ A0\ @1+ B3\ A0/
LoopTrax_2902710 YankeeFan vs. Lilac Oyster : @0/ B1\ B2\ A2+ A3+ @3/ D1/ C0\ A2+ D1/ D0/ C6\ D6\ E4/ A1\ @3\ D0+
LoopTrax_2902995 dgb vs. jazzbeth : @0/ @1/ @1/ A0/ @2/ D3+ B4+ @2/ B0+ D2+ F2\ C0\ @5+ A3/ D0\ C8+ @8\ F8+ H7/ I7+ I8+ I9/ J7\
LoopTrax_2902996 jazzbeth vs. dgb : @0/ @1/ B2/ C2+ A2+ B0\ @3\ C4/ C0\ D2+ E4\ @4\ B5+ B2\ C1+ E0/ F1/ F0/ G7/ C1+ E0/ A3\ G6/ @5+
LoopTrax_2902997 dgb vs. keops : @0+ A2+ @2/ @2/ D1\ A3+ B4/
LoopTrax_2902998 keops vs. dgb : @0/ @1/ B2/ C1/ B3/ B0+
LoopTrax_2902999 dgb vs. Rogue Trooper : @0+ A0/ A3\ B1/ A0/ C4+ @3/ A2+ E3/ B0+ @5\ B0/ D1\ D0\ E8\ G6/ D9/ C9/ @9+ B10+
LoopTrax_2903000 Rogue Trooper vs. dgb : @0+ A2+ @2/ @2/ A1+ A0\ @1\ E2/ E1/ A0\ @2+
LoopTrax_2903001 dgb vs. ypercube : @0/ B1/ B0\ C2/ C3+ @2/ D4/ @4\ C5+ A2\ A1\ E0/ F1/ @3/ A1\ @3+ E1+ E0+ D1\
LoopTrax_2903002 ypercube vs. dgb : @0+ A2+ B1/ C1/ @2\ B3/ C3/ C0+ E2/ F1\ B0/ B0/ D2+ E1+ B0/ A1/ G5/ A0\ @2/ I3+ H2/ E1+ C0/
LoopTrax_2903003 jazzbeth vs. keops : @0/ A0/ @2+ B3/ C3+ D1/ D0/
LoopTrax_2903004 keops vs. jazzbeth : @0/ @1/ B2/ C2/ D2/ B0\
LoopTrax_2903005 jazzbeth vs. Rogue Trooper : @0/ A0+ A3/ A0/ B4+ C4/ A0/ C3/ D3/ D2/ @4+ @4\ D1+ G3/ A5+ D0/ C7/ G1+ D0/ F7\ H6+ E8\
LoopTrax_2903006 Rogue Trooper vs. jazzbeth : @0+ A0/ B1\ A3/ C1\ B2+ C0/ D1/ @4/ D0+ D0\ A4+ @6/ C3+ B2+ E6/ E7/ D0/ F2+ @7+ C8+ D9/ C0+ B3/ G1/ D0\ H2\
LoopTrax_2903007 jazzbeth vs. ypercube : @0/ B1/ A0+ B0\ @3/ @3/ D4\ C5+
LoopTrax_2903008 ypercube vs. jazzbeth : @0+ A0\ A3/ @1\ A0\ @4+ C5/ D4/ @4/ E2+ B0/ A4+ @1+ A0\ A7\ @3+ D8+
LoopTrax_2903009 keops vs. Rogue Trooper : @0/ B1+ C1/ C0/ C0/ A2+
LoopTrax_2903010 Rogue Trooper vs. keops : @0+ A2+ A0/ A4/ @4/ C2\ A1/
LoopTrax_2903011 keops vs. ypercube : @0/ @1/ B2/ A2+ @2/ @2/
LoopTrax_2903012 ypercube vs. keops : @0+ A2+ B2+ A3+ B3+ A4+ @2+
LoopTrax_2903013 Rogue Trooper vs. ypercube : @0+ A2+ @2/ B0+ C2\ @3/ A4/ E2\ D4+ C0+ C6+ C0+ D2+ F5/ F2+ G5/ E1/ E0/ A9/ @9/ C10\ D10\ D11\ E11\ F9/
LoopTrax_2903014 ypercube vs. Rogue Trooper : @0+ A0/ A3\ B1/ B0/ C4+ D2\ C0\ @2+ C0/ A0+ @2+
LoopTrax_2903130 * vs. dawn1968 : @0/ @1/ @1/ B2+ B0+ D2/ D0+ @2\ C1\ D0/ D0/ F3+ F6/ G4/ H5/ D7+ B2\ A2\ G2/ E0+ H4/
LoopTrax_2904638 princesarg vs. YankeeFan : @0+ A0/ B1\ B0/ C2\ C3+ C1/ D1/ D3\ E2+
LoopTrax_2905558 ypercube vs. dgb : @0+ A2+ B1+ B2+ C1+ C2+ D1+ B3+ D2+ C0\ D4\ D5+ E4+ B0\ A2+ @2\ A1\ @1\ D0+ E1/ F1+ C0+ RESIGN
LoopTrax_2906073 jazzbeth vs. princesarg : @0/ B1\ B2\ C2/ A2+ C1/ B0/
LoopTrax_2906113 Rogue Trooper vs. YankeeFan : @0+ A0/ B1\ A3/ A4/ B2+ @4/ @3+ @2/ @3\ @2/ A4+ B5/ D5+ B6/ E6+ F0+ A8\ G5+ B9/ @9+ A5+ C10/ G8+ I5\ D11+
LoopTrax_2908210 YankeeFan vs. Missing Sock Fairy of TA : @0/ A2\ B1/ A3\ B2\ C1+ C2+ D1/ A0\ @2/ E3+ F3+ E4/ A1\ @1\ B0+ A5/ A6/ @3+
LoopTrax_2908883 jazzbeth vs. drgnrdr : @0/ A0/ B2/ B3/ C3/ B1+ @1/ C0\ B4+ D2/ B0/ @2+ @2/ C5+ E6/ @3\ B1+ C5\ A4+ G7\ H5/
LoopTrax_2908958 supermac vs. balmoral : @0+ A0+ A0/ @1\ A0\ C3\ A4/ @2\ E3\ D5\ E1/ C0+
LoopTrax_2911611 basplund vs. marygal : @0/ B1\ A2/ A3/ B3+ B4+ C3/ C0/ D2\ D3\ D5/ D1+ E4/ F5\ F6\ G4/ G3/ E0/ C1+ A2+ G1/ H2\ E0+
LoopTrax_2911631 dgb vs. YankeeFan : @0/ A0/ A0/ @3+ B0/ A0+ @4+ B0/ D2\ @3+ F1/ F0/ F7\ A2\ G3\
LoopTrax_2913068 ypercube vs. * : @0+ A2+ A0+ A4+ A5+ @1/ C3/ B6\ A6\ @5/ E2/ E1/ F1/ E0+
LoopTrax_2913069 * vs. ypercube : @0/ B1/ A2+ C1\ B0/ B4/ D1/ D0/ B1+ B0/ D0/ E2\ F2\ G2\ H2\ F1+ E6+ I1/ G0+ I7\ C1\ H8\
LoopTrax_2914650 jaha vs. Traxplayer : @0/ @1/ A0/ @1/ C3/ D3/ @1+ A0+ @1\ C0/ B1+ @2\ F2\ D0/ @3\ C4+ @3+ C1+ C0/ C0/ C0/ E3+ F2+ F0+ E0/ G3+ G5\
LoopTrax_2914745 ypercube vs. * : @0+ @1+ C1+ @1+ @1+ @1+ @1+ @1+ @1+ @1+ @1+ @1+ @1+ @1+ @1+ @1+ @1+ R1+ @1+ @1+ @1+ @1+ @1+ @1+ @1+ @1+ @1+ @1+ @1+ A2+ A3+ @1+ B4+ B0+ B0+ B0+ B8+ B9+ B0+ B0+ B12+ B0+ B14+ C8+ C6+ D8+ D9+ @7/ B8+ D10\ B12\ A11/ @11/ B10+ @12\ A13+ F14\ H10\ H11\ H12+ I10/ Q8/ J11\ O8/ N9\ S8/ S9/ L8/ J12\ I9/
LoopTrax_2916097 ypercube vs. dgb : @0+ A2+ B1+ A3/ C1+ A0/ A0/ A0/ @2+ @2/ B0+ B0/ D2+ A2\ @2\ C0/ F4/ A0+ @2+
LoopTrax_2916098 YankeeFan vs. jazzbeth : @0/ @1/ B0+ @1/ D1+ C0/ B1+ @1/ E3+ E4\ E0\ A1\ F5\ B0/
LoopTrax_2916167 ypercube vs. * : @0+ A0+ B2+ B1/ @1/ D1+ D0/ B1/ @3\ A1\ B4\ B0/
LoopTrax_2916168 * vs. ypercube : @0/ A2\ B1/ @1/ B3\ A4\ @1/ @1/ D0+ B0+ @3/ @1+ D0\ A7+ @3\ C8+
LoopTrax_2917343 Rogue Trooper vs. Dionysos : @0+ @1\ B2/ A0\ C3/ A0/ @1/ B0/ A6/ @6/ E6\ E7+ F5\
LoopTrax_2917364 ypercube vs. dingbat : @0+ A2+ B2+ B3\ C2+ C1/ B4\ B5\ A0\ @3/ A1\ @3/ F2/ F1/ F0+ G3+ A3+ D0+ B2+ D0/ C2\ D0+ A4\ @4\ @4\ G1+ F0/ H11\ F12\ E10+ I9+ J10+ J12\ K11/ H13+
LoopTrax_2917454 Rogue Trooper vs. kbalakri : @0+ A2+ A3/ A0/ @2+ C1\ C3+ A3+ @3/ @3/ F3/ G3/ H3/ I3/ J3/ H4+ H1+
LoopTrax_2920345 YankeeFan vs. Dionysos : @0/ A2\ B2\ B1+ C1+ C0/ A1+ C4/ D4+ C0/ D1+ E1+ E4/
LoopTrax_2920353 dingbat vs. Rogue Trooper : @0/ A0+ A3+ B2\ B3\ @2/ A4\ A0/ @2+ @3+ B0\ A3\ C7/ B7/ F6/ E7+ D8\ G4/ E3+ G7\ H5/ G8/
LoopTrax_2923276 birddog8560 vs. Linda Sue : @0+ @1\ C1\ D1\ B0/ D3\ D0/ E2\ A1\ @2/ C0/
LoopTrax_2923281 keops vs. Zehrs Employee :
LoopTrax_2926214 supermac vs. Phil The Hat : @0/ @1/ A2/ B0\ @2+ B1\ B0\ A1\ @3/ E4/ E5+ B5+ B0\ @2\ @2+ A1\ C0/ F0+ G4+ H2\ @3\ A1+ F0/ I5\ A7/ I1/ @6\
LoopTrax_2926290 ypercube vs. jazzbeth : @0+ A0/ B2/ A3/ @2/ A3+ B0/ A2+ B5/ B6/ B7/ C4+ D6+ C1/ D1+ E3+ C0/ D0\ @1+ D0+ A7\ F2/ G3+
LoopTrax_2927726 YankeeFan vs. Sea Breeze : @0/ B1\ A2/ B2+ C2\ A3/ @3/ E2/ B4+
LoopTrax_2929254 Daddy Doyle vs. marygal : @0/ B1\ B2\ C1\ C0\ B1\ A3/ A4/ @2\ @4/ A5/ F1+ D0\ B2+ G2\ G4\ H4\ D5\ C6/ B7\ E6+ @6/ B1+ B0+ A1\ @1\ A8+ @8+ A9/ G1/ G0/ E10\ @7+ E9+
LoopTrax_2932241 Lilac Oyster vs. keops : @0+
LoopTrax_2932245 basplund vs. Uncle Chuckie : @0/ B1\ A2/ @2/ @1/ C3/ C4/ D3+ C5/ B5/ E5\ D6/ E1/ E6\ F3+
LoopTrax_2937333 ypercube vs. * : @0+ @1+ @1+ D1\ @1+ D0/ D0/ C1/ C0/ B5\ B6\ D5+ B1\ C0+ D8+ A6+ @7\ G4+ H5/ I4\ J5/ G2/ H2/ G6+ I7+ H1/ J0\ K6/ L8+ J9/ F8+ L5+ H9/
LoopTrax_2937461 * vs. Oartkickel of the Wolf Pack : @0/ B1\ B2\ A0/ A3/ B4\ C3+ D1+ A0/ E3/ F2\ E1+ G3/ E0+ G5/ D6\ E7/ @4+ D0+ A2\ @4+ J3+ J2/ D0\ C2\
LoopTrax_2940698 Daddy Doyle vs. spitfire : @0/ B1\ B2\ B3\ A0\ @2/ D2/ D1/ B0\ @3\ A2\ D6/ C5\ F5\ F6\ D7/ C0\ B0/ G6+
LoopTrax_2942598 * vs. Rogue Trooper : @0/ A0+ A0\ @1\ @1+ C0/ D3/ E2\ E4/ B0\ A2+ D1/ E0\ C1+ F5/ A1\ @3\
LoopTrax_2943378 Jools vs. dgb : @0+ A2+ A3\ @3/ B4+ B5/ A4/ @4/ A5/ A2\ C0\ D2\
LoopTrax_2944042 Uncle Chuckie vs. marygal : @0/ A2\ B1/ B2+ B3\ C3\ C4\ D4\ A4/ A5/ @3\
LoopTrax_2944144 basplund vs. Dragon101 : @0/ A0/ B1/ B3/ C2/ A0\ @3+ C0+ D3/ E5+ RESIGN
LoopTrax_2944908 Jools vs. dgb : @0/ @1/ B0\ @2\ A1\ @1\ B0\ A4/ @3+ E4\ B5/ F3\
LoopTrax_2945591 keops vs. spitfire :
LoopTrax_2948734 FujiTape vs. Lilac Oyster : @0/ A2\ B1/ C1/ B2+ C0+ D2\ D1+ C4\ D4\ D5\ E2+ E4+
LoopTrax_2948735 FujiTape vs. Lilac Oyster : @0/ A2\ B1/ C1/ C2/ C0+ D2\ D1+ D0/ E3\ E4\ C5/ F3+
LoopTrax_2948736 FujiTape vs. Lilac Oyster : @0/ A2\ B2\ C2\ C1+ D1/ A0\ @1\ D1/ C0\ F4\ E5/ E6/ G4/ F6\ F7\
LoopTrax_2948738 FujiTape vs. Lilac Oyster : @0/ A2\ B2\ @1/ D2/ D1/ E1/ B0/ F3\ F4\ G2/ G1/ D0+ A1/ H1\ D0\
LoopTrax_2952134 basplund vs. Furbster : @0/ B1\ A2/ A0/ C2\ B0/ @4+ A1/ E2/ D1+ F3\ E4+ F1/ E0/ G2\
LoopTrax_2952870 Daddy Doyle vs. marygal : @0+ B1\ A2/ A3/ @3/ A4/ @2\ D5+ E5\ E6\ F4/ B6/ F2+ C7\
LoopTrax_2953597 nisqually vs. spitfire : @0/ B1\ A2/ @2\ D1/ D0/ C3\ C4\ @3+ @3\ C2\ E1\ E0\ @3\ B2+ D0/ @4/ A5/ B6/ B7/ A7/ H7\ I6/ C1\ @6+
LoopTrax_2953880 Rose of Sharon vs. YankeeFan : @0/ A0/ B2/ B1+ @2/ A3/ @3/ E1/ E2+ A4\ B4+ F4\ D5+ F1/ G1+ B0+ @4/ B6+ B0/ @2+ F2/ F1/ C0/ A8/ B9\ @7\
LoopTrax_2954321 ypercube vs. Rogue Trooper : @0+ A0+ B2+ @1/ D2\ D3\ D1/ E3+ C0+ E5\ D5+ D6/ A1\ @3\ B4+ C0/
LoopTrax_2954407 jaha vs. dgb : @0/ @1/ A0/ @2/ B0+ B0/ A5\ @3+ B1+ @1/ A4\ B5+ @2/ F2\ G3+ G1/ G0/ D7+ E6+ H6\ F7+ H1/ I4+ E1+ E0/ B2\ B1+ A3\
LoopTrax_2954429 Misfit Lenrad6672 vs. Lilac Oyster : @0/ A2\ B1/ B2+ B3\ C3\ C4\ D2/ B5/ A5/ A3/ E3\ @2/
LoopTrax_2954430 Misfit Lenrad6672 vs. Lilac Oyster : @0/ A2\ B2\ B1+ C2/ C1/ D1/ A0/ E3\ E4\ F2/ F1/ F0/ F0+ G1/ B6\ E7\ A2\ @2\ B7/ A6\ D0/ G9\ H9\ C0\ B1\ @8/ A9/ @9/ C10\ F0/ G1/ B5/ B6/ G10/ I12/ H11/
LoopTrax_2954431 Misfit Lenrad6672 vs. Lilac Oyster : @0/ A2\ B2\ B1+ B0/ C3\ C4\ D2/ @2\ A1\ A0\ A0+ @1\ F7\ G7\ F3+ F2/ G2+ G1/ A2+ @1\ A0\ @1\ A0\ @1\ @2/ C0+
LoopTrax_2957461 keops vs. boneyardking :
LoopTrax_2957590 Daddy Doyle vs. spitfire : @0/ B1\ A2/ @2+ C2\ C3\ B3+ A3/ A4/ @1\ A0\ C6/ A5+ E3+ @2/
LoopTrax_2959213 marygal vs. dawn1968 : @0/ B1\ B2\ @1/ B2/ C3\ D1/ D0/ B1+ A3+ E1/ B0/ F5\ E6/ G2/ G1/ E0\ B1\ A1\ @1\ I2/ F0\ E1\ G8\ F0+
LoopTrax_2959240 YankeeFan vs. Dragon101 : @0/ @1/ B0+ B0/ B0/ A2+ @4/ @4/ B1+ @3+ C0\ @1+ C0/ C0/ A6+ @4\ A2+ D0/ H3+ I4/ H0+ I2/ J5/ A1\ F0+ @2/
LoopTrax_2961741 GringoNZ vs. Sea Breeze : @0/ @1/ A0/ @1+ @1\ @1/ C0+
LoopTrax_2963582 spitfire vs. Izeul : @0/
LoopTrax_2964501 Jane vs. jazzbeth : @0/ @1/ B0+ B3+ C3\ A0/ @4+ E3\ B5+ E2/ F2/ D5\ F3\ G2/ D6+ A6+ E6/ A1+ A7+ @5\ B8/ C8+ @3+ B8/ A6\ C9+
LoopTrax_2967111 dgb vs. ypercube : @0/ @1/ @1/ A0+ D1\ A3/ @3/ A4/ @1+ F5+ G2+ C0/ F7/ H5+ A7/ RESIGN
LoopTrax_2968490 Rogue Trooper vs. dingbat : @0+ A0+ @2/ @2+ D2/ E2/ D3/ C0\ E5\ F5\ B5/ A5/ D6/
LoopTrax_2968643 keops vs. stormy rebel :
LoopTrax_2970094 Dragon101 vs. jaha : @0/ A0/ B2/ @2\ B3/ A1\ A0\ A0\ A6\ B1/ B0+ @4+ D3/ A1\ @4\ C0/
LoopTrax_2971478 dgb vs. dingbat : @0/ A0/ B1/ C2+ A3/ D2/ @2+ C4/ E3+ @2+ E0\ G3+ F0/ G3+ B1+ A2+
LoopTrax_2973691 basplund vs. balmoral : @0/ B1\ A2/ B2+ B3\ C3\ D3\ B4/ D1/ @2/ F1\
LoopTrax_2974642 ypercube vs. Lilac Oyster : @0+ @1/ C1/ C0/ C0/ D1/ A1\ B0/ @3/
LoopTrax_2974643 Lilac Oyster vs. ypercube : @0+ A0+ B1/ C1/ @1/ @1/ C3/ D0+ @4/ A5/ C5/ B1\ D0/ A3\
LoopTrax_2974644 ypercube vs. dl2 : @0+ B1/ C1+ B0\ @2/ B1+ B3+ C3+ B4+ A1+ C0/ D2+ E2/ E1/ F1/ B1\ E0+
LoopTrax_2974645 dl2 vs. ypercube : @0+ A0+ A3+ A4+ @1/ C1\
LoopTrax_2974646 ypercube vs. jazzbeth : @0+ A0/ B2/ A3/ @2/ @2/ C0/ D4+ D5\ E5\ F5+ D6+ D7/ B4/ G5\ G4+ H5\ A4/ E2+ H6\ G7+ G8/ H2/ F1+ I3\
LoopTrax_2974647 jazzbeth vs. ypercube : @0/ B1+ C1/ B0/ B0/ @3/ @3/ D4/ D5/ E4+ E6/ C5/ F4/ F5+ F7/ C2+ @3+ D0\ C1\ @1+ C0/ G1+ D0+ D7+ A6+ G5+
LoopTrax_2974648 ypercube vs. boneyardking : @0+
LoopTrax_2974649 boneyardking vs. ypercube :
LoopTrax_2974652 Lilac Oyster vs. jazzbeth : @0+ A0\ @1/ B3\ B4\ A3\ C2/ @1\ A0\ A5/ @4/ C6/
LoopTrax_2974653 jazzbeth vs. Lilac Oyster : @0/ B1\ B2\ A0/ C1\ C0\ D2+ @2\ B1/ @3/ B4\ D5\ E4+ D6/ C5+ C6+ B6/ A6/ @4+ D7\ A1\ @2/ D0+
LoopTrax_2974656 dl2 vs. jazzbeth : @0/ A0/ B1+ A3/ B4\ C4/
LoopTrax_2974657 jazzbeth vs. dl2 : @0/ B1\ B2\ C2+ A2+ C0+ B0/ A2\ @2/
LoopTrax_2974660 jazzbeth vs. boneyardking : @0/
LoopTrax_2974661 boneyardking vs. jazzbeth :
LoopTrax_2974662 ginifish vs. GringoNZ : @0/ @1/ A0/ A3\ A4\ @2+ A0/ @2/ A0/ B6+ C7/ D3/ B7+ C2+
LoopTrax_2974663 GringoNZ vs. ginifish : @0/ @1/ A0/ @1/ D2/ @1\ C0+ B0+ E3/ D1/ B4/ A2+ @3\ D0/ F6\ G6\ A6/ @6/ C7\
LoopTrax_2974664 ginifish vs. Traxplayer : @0/ @1/ C1/ B2+ B0/ B0+ A0+ C2\ C1+ @4+ E2+ E3+ F4\ D6+ F3/ G2\ G1\ E0+ H3/ I3/ I2\ I4\ H5\ J3\
LoopTrax_2974665 Traxplayer vs. ginifish : @0/ @1/ A0/ @1/ A0/ @1/ A0/ @1/ A0/ @1/ A0/ @1/ A0/ @1/ A0/ @1/ A0/ @1/ A0/ @1/ A0/ @1/ A0/ @1/ A0/ @1/ A0/ @1/ A0/ @1/ A0/ @1/ A0/ @1/ A0/ @1/ A0/ @1/ A0/ @1/ A0/ @1/ A0/ @1/ A0/ @1/ X24/ @1/ Z23\ R18/ R19+ S20/ S21+ U18/ U17/ V17/ S16+ T15/ Q19/ P20/ R21+ S15\ R14/ T14/ R13/ T13/ R12/ T12+ Q18+ P18/ O20+ M10/ M9/ L8\ L7+ I9/ I10/ J11/ H9+ S11/ U12/ U11/ V11/ V10/ W10/ U9\ S9\ R9\ U8+
LoopTrax_2974666 ginifish vs. basplund : @0/ A0/ A0/ @1/ A0/ @1/ A0/ @2/ A0/ @3+ A4/ D2+ E2/ E1/ @3\ B0+ B0+ G4+ E7/ D6+
LoopTrax_2974667 basplund vs. ginifish : @0/ @1/ A2+ @2\ D1\ E1\ E0\ F1\ E0\ C2+ E4\ D5\ F3+
LoopTrax_2974670 GringoNZ vs. Traxplayer : @0/ @1/ A2/ B3+ C1/ C0/ D1/ B5/ E4+ D5\ A6\ C6+ E6/ @6+ A7+ @7/ A5+ G7+ A8/ @6\ C9\ D9\ E9+ C10+ E0+ C1+ @8+ C4+ G10+ H11/ E12/ F13+ I9+ J7\ K7+ K6+ L7\ G0+ K9/ RESIGN
LoopTrax_2974671 Traxplayer vs. GringoNZ : @0/ @1/ A0/ @1/ A0/ @2+ C4/ E3+ C5+ F4+ B3+ D2/ A4\ B5+ C1+ C0/ C0/ B2+ C0+ A2+ F5\ E4+ G5+ @5\ C9/ @6/ RESIGN
LoopTrax_2974672 GringoNZ vs. basplund : @0+ A0+ @1\ B3+ C1\ D2/ B0/ @1/ A3+ C5/ @1/ D0/ @3\ B0+ @5/ C6+ I3+ A6/ C7/ C8/ B9\ J4/ K3\ @6+ A7/ A3\ @5/ C1\ E0\ A4+ @5\ A7+ N3/ RESIGN
LoopTrax_2974673 basplund vs. GringoNZ : @0/ @1/ A2+ C2/ B0/ A4/ B4+ @3+ @3/ B5\ F4\ F5\ C6+ B1+ C0\ @6/ RESIGN
LoopTrax_2974674 GringoNZ vs. Ina : @0+ @1/ C1/ A2\ B0+ @2/ B4\ B5+ B6\ C6\ B1+ B0\ @2+ D1/ D0/ F2\ A6+ @6\ B8/ C9+ A7/
LoopTrax_2974675 Ina vs. GringoNZ : @0/ A2/ @1\ B0/ C3+ B0\ A1\ A0\ @1\ D1/ A5/ E3/
LoopTrax_2974676 Traxplayer vs. basplund : @0/ @1/ A0/ B1+ @2\ B0/ D2\ B4+ C5+ A1\ B0/ D2+ C0+ D0\ C0/ B2+ E2/ @7+ B8/ B1\ B0\ G5+ H4\ G6+ H2/ A5\ F1+
LoopTrax_2974677 basplund vs. Traxplayer : @0/ @1/ B0+ A3\ C2/ A0/ A0/ D3\ C5+ E4+ F5/ G4\ E6+ F3/ C2+ A6/ E7/ @6\
LoopTrax_2974678 Traxplayer vs. Ina : @0/ @1/ A0/ B1+ B3/ C1\ @2\ B3/ D4+ E4\ E5\ F5\ F1/ F6+ G1\
LoopTrax_2974679 Ina vs. Traxplayer : @0/ @1/ A2+ C2/ A3\ B0\ D3/ B5+ E5\ C6+ C2/ C0\ D3/ C0+ B2+ F5+ A3\
LoopTrax_2974680 basplund vs. Ina : @0/ B1\ A2/ A0/ A0/ @2/ A0+ @2\ @2\ A1\ C0/ D0\ A0+ @4\ F3+ G4/ F1/ E0+ G3/
LoopTrax_2974681 Ina vs. basplund : @0+ A0+ A0+ A0+ A0+ A0\ @1\ @1\ C7+ A3/ B0+ D2\
LoopTrax_2974686 Izeul vs. B Line electric streetcar :
LoopTrax_2974687 B Line electric streetcar vs. Izeul : @0/
LoopTrax_2974688 Izeul vs. spitfire :
LoopTrax_2974689 spitfire vs. Izeul : @0/
LoopTrax_2974692 mgs vs. B Line electric streetcar : @0+ A2+ A3/ A0+ @3+ A2\ C2\ D3/ @2\ A0\ @1\ F5\ RESIGN
LoopTrax_2974693 B Line electric streetcar vs. mgs : @0/ B1\ B2\ C1\ A0/ D1+ B0\ @1+ E0+ C0\ B2+ D0/ E1/ F1+ D0+ @7/ A8/ B8+ @7+ E9+ F9\ B5+ @5/ G10\ H10\ I10+ G11+ D9+ A4\ RESIGN
LoopTrax_2974694 mgs vs. spitfire : @0+ @1+ A0/ B3\ C2/ @2\ D0+ E4\ D5/ F3/ F2/ D0/
LoopTrax_2974695 spitfire vs. mgs : @0+ B1\ C1/ C0/ D2/ B1\ C0/ A4+ @4/ D4+ @4\ A3\ E0\ D1\ @4\ A3\ C2\ C0+ B3\ F1/ G2\ D0/
LoopTrax_2974696 Daddy Doyle vs. B Line electric streetcar : @0+ A2+ A3+ A4+ A5/ A0+ @5+ C4\ A7\ C6+ A3/ @6\ @4/ B3+ F7/ G5+ H5\ G7+ H4/ I4/ I6+ E3+ F3/ F2/ G8\ C1/
LoopTrax_2974697 B Line electric streetcar vs. Daddy Doyle : @0/ A0/ @2+ C1+ A0+ @2+ C4/ B0/ B0/ A1/ @1/ F4/ F5+ A4/ @2\ A4+ C0+
LoopTrax_2974698 Daddy Doyle vs. spitfire : @0+ B1/ B2\ C2\ @1\ B0+
LoopTrax_2974699 spitfire vs. Daddy Doyle : @0/ A0/ B1/ B0/ B4\ C3/ @1\ B0/ B6/ A5+ C7\ D6/ E4/ F4/ B8/ A6/ @4\ F6\ F7\ @6\ H8\ I7/ F2/ A7/ @7/ D8/
LoopTrax_2974700 B Line electric streetcar vs. spitfire : @0/ B1\ B2\ C2+ D2/ C0+ C0/ E2+ F3/ E0/ F1/ G1/ F5\ G4\
LoopTrax_2974701 spitfire vs. B Line electric streetcar : @0/ @1/ A2\ A0+ @2/ B4\ @3\ B5+ @4\ C6/ C7\ D7\ E7\ A7/ C8/
LoopTrax_2974704 coopaah vs. DavidJ : @0+ B1\ C1/ B0\ A3/ B4\ @2\ D4\ E3\ F3\ F4\ C5+ @2+ G1/ F0/ H2\
LoopTrax_2974705 DavidJ vs. coopaah : @0/ B1\ A2/ A3+ @3\ C2+
LoopTrax_2974706 coopaah vs. HeatherN : @0+ @1/ B0\ A3\ A4\ C2\ C3\ B4\ C4+ D3\
LoopTrax_2974707 HeatherN vs. coopaah : @0+ B1\ B0/ C2\ A3\ B3\ B4/ C1/ D2\ C3+ D1+ A1\ A0\ A5+ @5\ C6\ D6\ A2\ E6/ F5\ D7/ @4/ B6/ C7/ C8/ B8/ B1\ A7+
LoopTrax_2974710 REBEL DJ vs. DavidJ : @0+ @1\ A2/ @1\ D1+ D0/ D0+ C4\ B5/ A5/ @3\ D1+ D0\ C7+ D7+ B8\ C9/ F6+ E7\ E8\ F8\ G5\ A7\ @4\ E9\ D10/ F9\ I7+ G9+ F10+ D11/ A8+ E11+ G10\ H10\ E12\ G11+ I10/ G4+ I5+ J8/ B3+ H3+ B1\ B0\ G13/ F14\ H13+ I12+ J11+ G15+ K10+
LoopTrax_2974711 DavidJ vs. REBEL DJ : @0/ A2\ B2\ C2\ @2/ C3+ D4/ C1+ E4\ E5\ E1/ F2+ D0/
LoopTrax_2974712 REBEL DJ vs. HeatherN : @0/ B1\ B2+ B3/ A2/ A3+ @1\ B0/ A4/ @3\ A2+ A4/ @4/ C5/ A5/ E0/ F1+ F2+ G2\ @6/ H1/ I2\ G4+ H0/ I6\ J6\ G7+
LoopTrax_2974713 HeatherN vs. REBEL DJ : @0/ A2\ B1/ B0+ @3\ A4/ @4/ A2+ D3\ E3\ @4\ C0+ A2\ @5/ A6/ A4+ A2\ @3\ B1/ D0\ @5\ E7+ A4+ A3\ C8\ A8/ @7\ D9/
LoopTrax_2974716 DavidJ vs. HeatherN : @0/ B1\ A2/ B2+ C2\ C3\ D3\ D4\ D1/ C0/ E3/
LoopTrax_2974717 HeatherN vs. DavidJ : @0/ B1\ A2/ A0/ B3\ A4/ @4/ B5\ C5\ @1+ A0\ @1\ A0\ E1/ E0/ F4/
LoopTrax_2974718 DavidJ vs. Beaupol : @0/ B1\ A2/ B2+ C2\ A3/ @3/ C4\ @1+ C0/ C0/ E2/ F5/ @5\ G6\ H4\ E7+
LoopTrax_2974719 Beaupol vs. DavidJ : @0+ B1/ B2\ C2\ C1+ C0/ D3\ @2\ A1\ D0/ F4\ D5/ G3+ A1+ E0\ @3\
LoopTrax_2974720 HeatherN vs. Beaupol : @0+ A0+ A3\ B2/ @2/ A4+ B0/ D1/ C0\ D5\ E3/ D6/
LoopTrax_2974721 Beaupol vs. HeatherN : @0+ B1\ C1/ C0/ A3/ A4/ @2\ A1\ @1+ @2\
LoopTrax_2974722 Guyver vs. Jay RAA : @0+ B1\ B0/ C1/ A3/ D1\ D2\ E2\ E3\ B4/ D0\ F4\ D5/ G1/ F0\ H5\ H6\ F7/ A2\ B1/ @4+
LoopTrax_2974723 Jay RAA vs. Guyver : @0/ A2\ B2\ B3\ B1/ C1/ A0\ @2/ A5/ @4\ F1\ D6\ E6\ A2\ A1\ A5/ @5/ B0+ A2/ C8+ A4\ @3/ H8\ F9+ I3\ I4\ D0/ E2+ J5/ A9/ A10/ @8\
LoopTrax_2974724 Guyver vs. Mersephone : @0+ B1\ B0/ C2\ A3/ A4/ @2\ @2+ C1+ C0+ A2\ A1\ B0/ @2\ A5+ @1\ C0+ G4/ H3\ @2+ I7\ I8\ J5+
LoopTrax_2974725 Mersephone vs. Guyver : @0+ @1/ @1\ B0/ C3\ A1\ A0+ @3/ A4/ C5\ C6+ D5+ E5\ D6\ E6+ D7/ E7+ E4+ F5/ E8+ F7/ G7/ A7/ @6\ D8/ E9\ G3/ G2/ G1/ C0/
LoopTrax_2974726 Guyver vs. Rogue Trooper : @0+ A0+ A3/ @3/ @2\ A1\ A4/ @1+ C4+ @2\ A4/ @4/ D5+ C0/ G2/ G4+ F6+ G1/ H3\ E0/
LoopTrax_2974727 Rogue Trooper vs. Guyver : @0+ @1+ @1+ @1/ @1/ @1\ C0/ D0/ C4+
LoopTrax_2974728 Guyver vs. Jools : @0+ A2\ B2/ B1/ C1/ @1\ C0/ C0+ D1/ E1+ D0\ @2\ C1+ A4+ B5+ E6+ F5\ G5+ B6/ A7\ @4/
LoopTrax_2974729 Jools vs. Guyver : @0+ A2\ @2/ A3/ A1+ @1\ @2+ A4/ @2/ D0+ D0\ B1\ A2/
LoopTrax_2974732 Jay RAA vs. Rogue Trooper : @0/ A0+ A0\ @3/ A4/ @1+ A0\ @5+ E5\ E6\ F4/ F3/ G3/ G2/ E1/ B0+ @4\ A3\ I3/ I2/ F0/ J7+ G9/ K9\ J10/ K3/ L6/ J2/
LoopTrax_2974733 Rogue Trooper vs. Jay RAA : @0+ B1\ A0/ @1\ A0\ B4+ A4/ @4/ E3\ C5/ E1/ B0\ F3/
LoopTrax_2974736 Mersephone vs. Rogue Trooper : @0+ A0+ A3/ @3/ @2\ A1\ @3/ A4/ C0/ D5\ A6/ E5/
LoopTrax_2974737 Rogue Trooper vs. Mersephone : @0+ @1/ C1/ C0\ C3/ D3\ D4\ @3+ A4+ @3\ E5+
LoopTrax_2974740 Rogue Trooper vs. Jools : @0+ @1/ C1/ C0/ C3/ D2/ C0/ D2/ A1\ B0+ @4\
LoopTrax_2974741 Jools vs. Rogue Trooper : @0+ A0+ A3/ @1/ C2\ @3+ A1+ D4+ @1\ C0/ B0/ @2/ A0+ @1\ A0\ @1\ E1/ F1\
LoopTrax_2974746 Missing Sock Fairy of TA vs. dgb : @0/ @1/ A0/ @2+ A3\ B0\ C2+ B0/ C2+ D2/ C1/ C0/ D1/ A1\ B0/ @4+
LoopTrax_2974747 dgb vs. Missing Sock Fairy of TA : @0/ A2\ B2\ B3+ B4/ @2+ B0\ A1\ A0\ @3/ D1/ RESIGN
LoopTrax_2974750 dawn1968 vs. dgb : @0/ @1/ B2/ C2/ B3/ B0\ C2/ B0\ A4/ D5+ C6+
LoopTrax_2974751 dgb vs. dawn1968 : @0+ @1/ C1/ D1/ C2/ B0\ D4\ E4\ A4/ @3/
LoopTrax_2974752 birddog8560 vs. dgb : @0/ B1+ C1/ A2/ A3+ C2+ @3+ C0+ E3/ F3/ E4+ F2+ E0\ D6+ D7/ G3\ F6+ D8/ B8\ F1+ H2\ G1+ @5\ I6+ F7+ D9+ D10+ J5\ J2+ I7+ G8+ F9+ H8+ K6\ K7/
LoopTrax_2974752 birddog856 vs. dgb : @0/ B1+ C1/ A2/ A3+ C2+ @3+ C0+ E3/ F3/ E4+ F2+ E0\ D6+ D7/ G3\ F6+ D8/ B8\ F1+ H2\ G1+ @5\ I6+ F7+ D9+ D10+ J5\ J2+ I7+ G8+ F9+ H8+ K6\ K7/
LoopTrax_2974753 dgb vs. birddog8560 : @0/ A0/ B1/ B3/ @2+ B0/ D3+ E2\ C5\ B5\ C6+ A5+ C1/ E0\ A8\ @6/ A3+ @4\ B9+ A8/ @8/ A9/ D10/ @9\ @9\ E11+ F11\ G11\ I6\ J6\ K6\ K8+ L5/ K3+ E1\ D1\ C1\ I9/ G8+ B2+ K0/ L3\ E1+ I0+ K1/ H0/ C7+ A11/ H12/
LoopTrax_2974753 dgb vs. birddog856 : @0/ A0/ B1/ B3/ @2+ B0/ D3+ E2\ C5\ B5\ C6+ A5+ C1/ E0\ A8\ @6/ A3+ @4\ B9+ A8/ @8/ A9/ D10/ @9\ @9\ E11+ F11\ G11\ I6\ J6\ K6\ K8+ L5/ K3+ E1\ D1\ C1\ I9/ G8+ B2+ K0/ L3\ E1+ I0+ K1/ H0/ C7+ A11/ H12/
LoopTrax_2978455 spitfire vs. GringoNZ : @0/ A0/ @2+ B0/ C2/ C4/ C1+ D1\ A4/ @4/ E5\ B5+
LoopTrax_2981373 drgnrdr vs. birddog8560 : @0/ A0/ @1/ @1+ A0+ @1\ A0+ C1+ E3/ D0+ B5+ C1+ C6/ C7/ D6+ A7/ A8/ @6\ E8\ A5/
LoopTrax_2981535 jazzbeth vs. Traxplayer : @0/ @1/ @1/ @1/ D2/ E2/ F2/ B0\ E1+ B3+ C4/ C5/ @2/ D6+ A1\ RESIGN
LoopTrax_2983275 stormy rebel vs. Linda Sue : @0/ A2\ B1/ A3\ @3\ C0/ C3\ D3\ A5/ @5/ D5\ D6\ B2/ D0\ D8\ @6\ A5\ G5/ A7/ @7/ H3+ I4\ F9/ E9/ E7/ D8/ C9/ B9/ E10/
LoopTrax_2983450 * vs. ypercube : @0/ A0/ A0/ A0/ B2+ @1+ @2+ E4/ A1+ C0+ @5/ A6/ A3\ @3\ E0\ A7+ @4\ H7\ I7\ B8\ D7+
LoopTrax_2984750 * vs. Dionysos : @0/ B1\ B2\ A2+ @2/ C3\ @2/ C4+ A1\ A0+ @2/
LoopTrax_2984814 Rogue Trooper vs. dgb : @0+ B1+ A0/ A3/ A4/ C2+ @4+ @3+ B1+ D4+ F3/ E4+ E5\ A4/ C0/ B6+ C6+
LoopTrax_2985582 dgb vs. Dionysos : @0/ B1+ C1/ C0/ C0/ C0/ A1+ B0\ @5\
LoopTrax_2985590 Dionysos vs. dgb : @0+ A2+ A3+ A4+ A5\ @2+ C4+ C2/ B0/ D1/ C0\ D5\ E3+ A6\
LoopTrax_2987220 keops vs. spitfire :
LoopTrax_2987309 ypercube vs. * : @0/ B1\ A2/ A0/ B0\ @2+ B0/ D1+ @1\ A0\ A6/ @4+
LoopTrax_2987310 * vs. ypercube : @0/ @1/ A2+ A3/ A4/ A5/ B3\ C1+ D2/ E1\ D3/ B0/ E1\ B6\ F1/ B7/
LoopTrax_2987344 GringoNZ vs. mgs : @0+ B1+ @1\ B0+ D2\ C3\ C4\ B3+ D3+ E3\ D5/ F3/ F2/ F1/ B0/
LoopTrax_2990553 marygal vs. dingbat : @0/ A0/ @2\ A1\ B0/ B0/ C2+ @3+ A2+ @2\ B1\ D0/ F2/ G2+ G3+ H2/ B6/ A5\ @4/ E6+ I1/ E0/ A7/ @7/ I7\ I8\ J4+ K4\ J0/ K1/ L3\ H0+ F2+ D2+ E1\ E0\ B7\ A8/ @9\ N5+ N6\ N2/ M1/ O3/
LoopTrax_2992893 ypercube vs. Dragon101 : @0/ A0/ B1+ C2/ @2/ D3+ C4+ @2/ F3\ F4\ F5+ G3+ A5+ @3\ E6/
LoopTrax_2992897 YankeeFan vs. jazzbeth : @0/ @1/ B0+ B3+ A4\ @2/ D1/ @1\ C0/ A5/ B6\ @3/
LoopTrax_2994337 supermac vs. basplund : @0/ @1/ A0+ A3\ @2+ B4/ A4/ A5/ @2/ D5\ E2/ D6/
LoopTrax_2994339 Phil The Hat vs. balmoral : @0/ B1\ B2\ A2+ C2/ @1/ C3+ A0\ @1\ C5\ B4+ E4+ A2/ @2/ A5/ B6/ @4/
LoopTrax_2994815 lexy vs. Morticia : @0/ B1\ B2+ A0/ C2\ A3/ A4/ @4/ @3/ A4/ B5/ E5\ @4/ G3\
LoopTrax_2996086 ypercube vs. jaha : @0+ A0\ A0+ B1\ A0/ A0/ C2+ A0/ B6+ D3\ E4/ D5+ @1\ B0/ @2\ B6+ B1+ F3+ H4\ G7+ F0+ G1/ A1/ E0+ @4\
LoopTrax_2996090 spitfire vs. darkest angel 70 : @0/ B1\ A2/ @1/ D1/ C0\ @1\ B0/ @3/ A4/ D5\ E5\ @4/ B5\ C5+ C6\ G2+ G6\ G7\ H3\ H4\ I5\ I6\ C1\ D0/ I4\ A1\ D0/ @3\
LoopTrax_2996091 Dragon101 vs. Traxplayer : @0/ @1/ B0/ @1+ C0/ @3\ B4\ C5+ @2/ D0+ F4+ G3+ F1+ E7+ C0/ B2+ A1/ @2\ C7+ @2\ B7+ A5+ @5/ F0/ A8/ RESIGN
LoopTrax_2997036 ypercube vs. dgb : @0+ A2+ B1+ B2+ C1/ B3\ C3\ D1/ @2\ E0+ F2+ @3\ @3\ @3\ RESIGN
LoopTrax_2997037 ypercube vs. dgb : @0+ A0/ @1+ B3/ @1/ D2+ D3+ B2+ E3/ @2\ @2\ H2\ G1+ H4\ I4\ I2+ I5+ E0/ E0/ E0/ F0+ F0\ E9/ C8+ B9+ C5+ J8/ @5\ A4\ @6/ A7/ A10+ @8\ F10+ D11/ J11+ F11\ I10+
LoopTrax_2997038 ypercube vs. dgb : @0+ @1\ C1\ C2\ C3\ C4+ C5\ C6\ A4+ @1\ E2+ E0/ F3/ B6+ A6/ A4+ RESIGN
LoopTrax_2997039 ypercube vs. dgb : @0/ A0/ B2/ C2/ @1/ B0+ @2/ D1+ @1\ A0\ D5+ C5+ @3/ A4/ A5/ H3/ H2/ G6+ H5\ I2/ G7\ H1+
LoopTrax_2997040 ypercube vs. dgb : @0/ @1/ B2/ B0\ @2/ C4/ D2/ C0\ E2+ @3+ C5+ D6+ F3+ C6/ B6/ C1\ A6+ D0+ C8\ F8+ RESIGN
LoopTrax_2997041 dgb vs. ypercube : @0/ @1+ @1\ C0/ D2/ A0+ @3\ D4+ A0/ C1+ E2\ @3/ @1+ B0\ B0\ A1\ @1\ A0\ @4+ E0/ F4+ H4+ J4+ K5/ J3+ F1+ G1+ G0/ I2+ @5+ K3+
LoopTrax_2997042 dgb vs. ypercube : @0+ A2+ @2/ C2\ A3/ @3/ D4+ E3/ D1+ E0\ D0/ F5/ F7/ D7/ F8/ RESIGN
LoopTrax_2997043 dgb vs. ypercube : @0/ B1\ A2/ B0\ @2+ B4/ C3+ @1/ @2\ F3\ G3\ G5/ H4+ A0/ @2+ @2/ @2/ B1+ B0\ C0+ A5+ B6+ H3\ @3+ I1/ J5+ H0/
LoopTrax_2997044 dgb vs. ypercube : @0+ A2+ B2+ B1+ C1/ D1/ C2+ B3+ @2/ B0+ F2\ E1/ G2\ B4/ B5+ H1+ G0/ G0/ H1/ I3\ H5/ E6/ B8/ B9/ F0+ E3+ D2+ RESIGN
LoopTrax_2997641 ypercube vs. Lilac Oyster : @0+ B1\ @1\ C0\ D2\ D3\ A0\ @2/ E1/ D0/ F2\
LoopTrax_2997643 ypercube vs. Lilac Oyster : @0+ @1/ B0/ B0\ A1\ @1\ @1+ A0\ A5/ @5/ E5\ C6/ F4+
LoopTrax_2997644 ypercube vs. Lilac Oyster : @0+ A0+ B2+ B3\ B1/ C3\ C4\ D4\ A4/ A5/ A0\ @4/ E1/ C0\ F2\
LoopTrax_2997645 ypercube vs. Lilac Oyster : @0/ B1\ A2/ A0/ C2+ D2\ D3\ A4/ @4/ A5/ @5/ A6/ A0+ @3/ F1/ D0\ G2\
LoopTrax_2997646 ypercube vs. Lilac Oyster : @0/ B1\ B2\ A0/ C1\ @1\ A0\ @3/ A4/ C1+ A5\ B5\ C6/
LoopTrax_2997819 Rogue Trooper vs. * : @0+ A0+ @2+ A1+ A3\ A0\ @1\ D4\ D5\ C1/ A0+ @3+ D6/ D7/ E2/ F5\ F6\ G3+ A4+ @2/ I4/ B5+ C8+ D9/ C0/ E1+ E9+ A9\ E0/ F1/ I9\ J7+ G9/ A11/ A7/
LoopTrax_3000528 Dionysos vs. YankeeFan : @0+ A2\ A0/ B1/ B0/ C4+ A0\ @3+ A5+ D6+ E5/ D1+ B6/ D7/ A1+ @1+ B0/ E0\ A2\ A1\ A6+ F1/ F0/ G4/
LoopTrax_3000713 GringoNZ vs. Daddy Doyle : @0+ A0+ B1/ A0+ @3\ D2/ @2\ A1\ @1\ C0/ A4/ E1/ B5\
LoopTrax_3008190 dgb vs. kbalakri : @0/ @1/ A2/ B3+ C1/ B4/ B0+ D3+ B6/ @4+ F2\ G2\ F4+ C0/ E2+ F1+ E6+ A8/ @8/ B3+ D0+ B10\ F1+ I5+ H7+ J5\ I8/ K8+ J9\ D0\ C3+ I3/ I2/ I1/ H0+ K2/ RESIGN
LoopTrax_3009233 Miss Traven vs. Christine : @0+ @1/ B2/ C2/ A2/ B3/ A3/ @2/ E1/ D0\ E3\ F2\
LoopTrax_3009819 Daddy Doyle vs. drgnrdr : @0/ A0/ @1/ A0/ C2/ C4+ D4\
LoopTrax_3009924 birddog8560 vs. GringoNZ : @0/ A0/ @1/ A2/ C2/ A3/ A4\ D2+ C4\ C5+ @4+ @4\ E1+ G3/ E0+ C7+ @5+ C4+ B3+ B1+ @5\ D0/ D0/ C2+ D0/ B3\ B7+ A1\ C0+ B5+ A7+ A5+ @5\ A7\
LoopTrax_3009924 birddog856 vs. GringoNZ : @0/ A0/ @1/ A2/ C2/ A3/ A4\ D2+ C4\ C5+ @4+ @4\ E1+ G3/ E0+ C7+ @5+ C4+ B3+ B1+ @5\ D0/ D0/ C2+ D0/ B3\ B7+ A1\ C0+ B5+ A7+ A5+ @5\ A7\
LoopTrax_3010167 Miss Traven vs. Christine : @0/ B1\ A2/ B2+ A3\ @2/ B4\ C4/
LoopTrax_3012021 dl2 vs. YankeeFan : @0/ A0/ @2\ B0\ A2+ A1\ C2/ C4/ B0\ A5/ @5/ D0\ A3\ @3+ C2+
LoopTrax_3012802 nisqually vs. spitfire : @0/ A2\ B1/ B0/ @3/ A4/ D2\ D3\ E1/ E0\
LoopTrax_3014326 kbalakri vs. dgb : @0+ A2+ A3+ A4+ A0+ B1+ C1/ @4+ A1/ E1+ E2+ F1/ C3+ D4/ @3/ @3\ @3\ B4+ @3\ C5/ @4+ G6/ D2+ @4\ @3/ B5+ E1/ F0\ C2+ G0/ H1/ K2/ J0+ L7\ RESIGN
LoopTrax_3015417 nisqually vs. YankeeFan : @0/ A0/ B2/ C2/ B1+ C3+ @2+ E3+ E4\ C4+ F2/ F1/ E0/ F5\ G3/ E6+
LoopTrax_3016573 supermac vs. Uncle Chuckie : @0/ B1\ A2/ @2/ A0+ @3/ @3+ C4+ C0/ D0\ B1+ A2+ @4/ E7/ F6\ G6+ G7\ E8/ C7+ F1/ D0/ G3+ H4/ H9/ G10\ D10+ B8/ D11+ A10/ I7/ @9\
LoopTrax_3016632 basplund vs. Rogue Trooper : @0/ @1/ B0+ @2/ D1/ C0+ A1+ @1\ A0\ @1\ F1/ G3/ C0/ E2\ D1/ G5\ RESIGN
LoopTrax_3018448 dingbat vs. Rogue Trooper : @0/ @1/ @1+ A2/ A3/ @3/ B4\ C4\ E1/ E0/ F2\ F3\ F4+ E4+ F5\ G5\ F6/ E6/ F7\ D5/ D4+ @2/ F0/ H1+ I3+ B7+ D0+ D9+ E10/ F10+ H9+ B1+ A3+ A5+ D0\ E1+ G2+ @3/ B2\ A1+ @5/ B7+ A2\ @3/
LoopTrax_3018449 * vs. Lilac Oyster : @0/ A2\ B1/ B2+ B3\ C3\ B4\ B0/ D1+ E2+ A5/ @4/ C6/
LoopTrax_3019450 kbalakri vs. GringoNZ : @0+ B1+ B0/ B0/ @3+ B2+ @3+ D0\ E2/ D5/ D6/ B2\ C1+ C0\ B2\ A2\ A1\ @1\ C0/ RESIGN
LoopTrax_3025674 dgb vs. ypercube : @0/ @1/ @1/ C2\ D2\ A3\ @2\ A0+ C4+ B5+ B6\ @2+ B0/ F2+ @3\ @2/ @3\ D1+ A4/ @2/ B7+ A6+
LoopTrax_3025675 Dragon101 vs. jazzbeth : @0/ A0/ B1/ C1+ D1/ A3+ D3\ E1\
LoopTrax_3026611 GringoNZ vs. kbalakri : @0+ A0+ @2/ B3/ C2/ D1\ C3+ C0/ C0/ B2+ E4\ D6/ C7/ E5\ F5/ A5/ D2+ C0\ C0\ D2+ D0+ E3\ F3\ F2/ G2/ F1/ D0\ H3+ I3\ RESIGN
LoopTrax_3026847 dgb vs. kbalakri : @0/ A0/ B1/ C1+ @2+ C0/ B0+ B0/ E3\ @3+ B1+ G3\ C6+ D7+ F5+ E8+ E2+ H3+ I3\ E0\ F2+ I3+ E10/ E11/ F10+ G7+ H5+ I6+ H8+ G11+ J4\ K4\ L3+ L6\ K2+
LoopTrax_3027671 stormy rebel vs. YankeeFan : @0/ A0/ B1/ C2+ C3\ D1\ D4\ E4\ D5\ D0/ E1/ A1\ B0\ @3\
LoopTrax_3028449 DavidJ vs. Rogue Trooper : @0/ A0+ A3+ @1\ @1\ A0\ A0+ @3+ E4/ E2+ F3\ G4/ F1+ B0/ G7+ H4\ G1+ E0+ I3/ C0\ B1\ A1\ @6\ H1/ I2/
LoopTrax_3028450 Rogue Trooper vs. DavidJ : @0+ A0/ B1\ A3/ @3/ B4\ C4\ A5/ @5/ A2/ B1+ D0/ E1/ B1/ D0+ F2/ E3+ F4/ G1\ F6\ F7\ C8+ F9+ E10\ G7+ H5/
LoopTrax_3028451 DavidJ vs. ypercube : @0/ @1/ A2+ A3/ @2\ D1/ A0\ B0+
LoopTrax_3028452 ypercube vs. DavidJ : @0+ @1/ C1/ A2\ C0\ A1/ @2/ A4/ @4/ A2+ F1/ E0+ E0/ F1/ F0/ G2+
LoopTrax_3028453 DavidJ vs. GringoNZ : @0/ A0/ @2/ A0+ @1\ @1+ C0/ A5/ @4/
LoopTrax_3028454 GringoNZ vs. DavidJ : @0+ @1/ C1/ A0/ @2/ D3/ D0/ E3/ A1\ B0/
LoopTrax_3028455 Rogue Trooper vs. ypercube : @0+ A2+ B2+ A0+ @2/ @2/ C4/ D2+ E2/ E1/ C0\ B2\ D0+ F4+ E5+
LoopTrax_3028456 ypercube vs. Rogue Trooper : @0/ A0/ B1+ A3/ C3/ C4+ C1+ D2/ @3/ D5/ @5\ A1+ C0/ @3\ @3\ RESIGN
LoopTrax_3028457 Rogue Trooper vs. GringoNZ : @0+ A0+ B1+ A0/ C1\ C3/ @2/ @3\ E0/ F1/ RESIGN
LoopTrax_3028458 GringoNZ vs. Rogue Trooper : @0+ A0+ B1/ A3+ @2\ C0/ @3/ A4/ @4/ RESIGN
LoopTrax_3028459 ypercube vs. GringoNZ : @0+ A0+ B2+ A3+ @2+ B4+ C3+ B5\ @2+ B1+ C0/ B5+ D2+ D6\ C0/ E6+ A5+ @5/ A6/ A7+ F8/ @6/
LoopTrax_3028460 GringoNZ vs. ypercube : @0+ A2+ B1/ @1\ B0/ B0/ C1/ C0/ D1/ @1+ D0+ E0\ @4\ G6\ RESIGN
LoopTrax_3028461 dgb vs. B Line electric streetcar : @0/ @1/ @1/
LoopTrax_3028462 B Line electric streetcar vs. dgb : @0/ @1/ B0/ @1+
LoopTrax_3028549 kbalakri vs. GringoNZ : @0+ A0+ A0+ A0+ A0+ A6\ B5\ B2+ @4/ @4/ D4/ E4/ C7+ B6/ @4/ E6\ E8/ C7/ B7/ C9+ G3/ H3/ G4+ I4+ J3/ J2/ H2+ E1/ F5+ H1/ E0/ D0\ C2/ E0/ F1/ K6\ K7\ G9+ H9\ RESIGN
LoopTrax_3031104 spitfire vs. washie224 : @0/
LoopTrax_3032641 Phil The Hat vs. birddog8560 : @0/ A0/ B2/ B3/ B4/ @1\ B0/ B0+ C3+ D2\ @3\ A5+ @3\ @3+ C2+ A6/ @4\ D7+
LoopTrax_3032641 Phil The Hat vs. birddog856 : @0/ A0/ B2/ B3/ B4/ @1\ B0/ B0+ C3+ D2\ @3\ A5+ @3\ @3+ C2+ A6/ @4\ D7+
LoopTrax_3032750 jaha vs. GringoNZ : @0/ @1/ A0/ A3\ C2+ @2+ E2/ D1/ B4\ A4\ B5\ B0\ C1+ C0\ @5\ @5\ @5\ C6+ B7+ D8+ D2+ F5+ G6+ E9+ C9+ B10\ B11\ @5\ @6+ G10+ E12/ C9+ H8+ B12+ C13/ C14/ B14/ A14/ B8+ @8/ A9/ D3\ A14+ RESIGN
LoopTrax_3032751 dgb vs. ypercube : @0/ @1/ @1/ A0/ @2/ @1+ B0\ D1\ C0+ A1/ C0\ B6\ B7\ A6+ @5\ @5\ A2+ @3\ @3\ A2\ D1\ E0+ A1+ F0\ B8+ B9/ B10+ A8+ @8\ H1/ I1+ G0/
LoopTrax_3032755 DavidJ vs. darkest angel 70 : @0+ @1\ A2/ @2/ @2/ A1/ @2/ C3\ C0/ E3\ E4\ D5\ A1\ B0\ @2/
LoopTrax_3033089 kbalakri vs. GringoNZ : @0/ A0+ A0\ @1\ B0\ C1\ @2+ RESIGN
LoopTrax_3034057 kbalakri vs. GringoNZ : @0/ @1/ A2/ C2+ A3/ D2/ E1\ B4+ C5/ B6\ @4+ B5/ D7/ E3+ G2/ F0/ H4\ H5+ H6/ G5/ F0+ G1/ H2/ I2/ I1/ F0+ D1\ C1+ H0\ C1/ E0+
LoopTrax_3034279 Sea Breeze vs. marygal : @0+ A2\ A3\ B2+ @2/ B4\ A1+ A4/ B5\ @2+
LoopTrax_3037750 dgb vs. GringoNZ : @0+ A2+ @1\ B3+ C1\ D2/ B0/ C0\ E1+ C0\ B7\ C6\ F4\ F5\ E6\ D7\ D8+ E8\ F7\ G4+ A8/ G7\ B9/
LoopTrax_3038373 GringoNZ vs. kbalakri : @0+ A2+ B1+ A3+ @2+ A3+ C2+ B4+ @2/ C0+ B5+ C6\ E2\ C0\ B3+ D6/ D8/ @4/ G4/ F2/ C7/ E9/ A6+ F6+ H4/ I6+ H7\ F1/ D0\ G3+ I4+ C10/ C11/ A8/ @6\ A4+ D2+ @6+ A5\ @8/ C9+ A5\ A4\ @6/
LoopTrax_3039805 GringoNZ vs. dgb : @0+ A2+ B2+ A0\ @3/ @3+ B1\ @3/ E4/ B4+ B1+ @2/ A1/ C5/ A5+ D6+ G4+ A6/ A7/ @6\ RESIGN
LoopTrax_3040249 dingbat vs. basplund : @0/ A0/ A0+ B3\ B4\ A4+ C3+ D3/ E3/ D4+ E1/ F1/ D5\ F2\ G1+ F6\ G5+ H1\
LoopTrax_3040366 jazzbeth vs. Rogue Trooper : @0/ A0/ B1+ C1+ B0/ D1\ E1\ D3+ E4/ B4+
LoopTrax_3041446 dgb vs. ypercube : @0+ A2+ B2\ C2\ @2\ B0\ D2+ C4+ C5/ C6/ D5+ C0\ @4/ B5/
LoopTrax_3041447 ypercube vs. dgb : @0+ A0/ A3\ B2/ C2/ C1/ @3\ E2+ A4+ @3\ E0/ B6/ A7\ C6+ D7/ B8/ E6+ B9/ @8/ E10+ F7+ C11/ B11/ A10/ @8+
LoopTrax_3041448 dgb vs. GringoNZ : @0/ @1/ B0/ @1/ D1+ B3+ D0/ D0/ C2+ B1+ @1+ E0+ @3\ E0+ @4+ @4\ @4\ C6+ B6/ B7\ B8/ A8/ C7\ B9+ @9\ E2/ D3+ C2+ B7\ RESIGN
LoopTrax_3041449 GringoNZ vs. dgb : @0+ A2+ @2/ @2/ B1+ B0\ @1/ C4+ B0\ @2/ F3/ C0\ D2+ D0+ E2/ C0/ F5/ G4\ H5+ I5/ J5/ I6+ G2+ H3/ J4/ I7\ RESIGN
LoopTrax_3041450 ypercube vs. GringoNZ : @0+ B1/ C1\ B2/ B3/ B0+ C4\ B5/ D2+ C1/ @2/ C0+ E2/ F4/ E0/ F1/ F7\ G2+
LoopTrax_3041451 GringoNZ vs. ypercube : @0+ A0+ @1\ @1\ @1\ A0\ C3+ D4\ B4+ A0/ E5\ C6/ F5/ G5/ D7+ D8/ B7+ F6+ E8+ H6/ E9\ C9+ G7+ G10+ H9\ I9\ I10\ G11/ G4/ G3+ H5+
LoopTrax_3042159 * vs. YankeeFan : @0/ A0/ B1+ A3+ @2/ D3\ C4/ C5/ D1+ E1/ C6/ F1/ D0\ B1+ G1\ G0+ E0+ F7+ H4/ H8\ I7\
LoopTrax_3042169 kbalakri vs. GringoNZ : @0/ @1/ B0+ B3+ @2\ B0/ C5/ A4+ D2/ E2/ D0+ C0/ B2+ D6\ C8/ B9+ F3/ A3+ E5+ D9/ @2/ @3\ H5\ I6/ J4+ RESIGN
LoopTrax_3043578 Miss Traven vs. Christine : @0/ A2\ B1/ B2+ C1\ B0/ D1/ C0\ E3\ E4\ C4+ B5/ F4\ G4\ H2/ H1/ F5/ E5/ C5+ D6/ G6\ E7/
LoopTrax_3043730 jazzbeth vs. birddog8560 : @0/ A0/ B1+ @2\ B3/ @3\ C4/ E3+ F3/ G2\ D5+ D6/ B5+ B7\ @3+ B2+ A2+ A1\ @2/ B0/ A6/ C1\
LoopTrax_3043730 jazzbeth vs. birddog856 : @0/ A0/ B1+ @2\ B3/ @3\ C4/ E3+ F3/ G2\ D5+ D6/ B5+ B7\ @3+ B2+ A2+ A1\ @2/ B0/ A6/ C1\
LoopTrax_3045592 drgnrdr vs. MountainMist :
LoopTrax_3049449 jazzbeth vs. Dragon101 : @0/ A0/ @2+ @1/ @2\ B0+ E2+ E4/ @2+ @1/ C0/ E1+ A4\ A5\ C0/ E6/ E7/ C0/ @2+ D0/ D10/ C10/ G10\ H10\ F11/
LoopTrax_3050792 spitfire vs. Traxplayer : @0/ @1/ B0+ @2+ A3\ B0\ C5\ D3+ B6/ A6/ @6/ C7+ A8/ @7\ D8\ B9+ B3+ F6+ G3/ F9\ D10/ G8\
LoopTrax_3050957 ypercube vs. riaZZZ : @0+ B1\ @1\ B0+ A3/ @1/ C3+ A3/ @3/ B0\ A1\ A2+ @3+ A1\ A0\ @1\ H4/ G3+ E0/ F3+ D0+ F2/ G2/ I6\ I7\ F8\ H2\ H3\ I3\
LoopTrax_3051348 * vs. riaZZZ : @0+ A2+ A3\ B1\ @2/ D3\ C4/ @4/ A5/ C5/ C6/ D5+ E6/ C7/ @7/
LoopTrax_3051452 dl2 vs. YankeeFan : @0+ A2\ B2/ A0\ @1+ @2\ B3+ D2/ D0/ E1/ B5+ E4\ F2/ D5\
LoopTrax_3055387 Pegasus vs. drgnrdr : @0/
LoopTrax_3056962 Phil The Hat vs. MountainMist : @0/ B1\ B2\ A2+ @2+ B3\ D1/ C0\ C0\ C5+ A1\ A0\ E5\ E6\ F6\ E7\ G4+ F3/ G7\ F8\ H6\
LoopTrax_3057011 dl2 vs. DavidJ : @0+ @1/ B0\ C2\ B3/ B4/ A4/ @4/ @3/ A4/ @4/ C5+
LoopTrax_3057045 birddog8560 vs. GringoNZ : @0/ A0/ @1/ A0/ @1/ D2\ C1/ E2\ E0\ A1/ A0/ @2+ @2+ H4+ H1\ H0+ B1/ B5/ A5/ C1+ A2\ H6/ E7/ E3+ B6+ @6\ F8/ I7/ C8/ RESIGN
LoopTrax_3057045 birddog856 vs. GringoNZ : @0/ A0/ @1/ A0/ @1/ D2\ C1/ E2\ E0\ A1/ A0/ @2+ @2+ H4+ H1\ H0+ B1/ B5/ A5/ C1+ A2\ H6/ E7/ E3+ B6+ @6\ F8/ I7/ C8/ RESIGN
LoopTrax_3060296 jazzbeth vs. Red Arrow : @0/ A2+ B1/ A3+ A4\ B0/ C1/ C0+ B0/ @3\ C6+ A2\ E4+ A6/ @7\ G4+ F7\ G7\ E8/
LoopTrax_3062785 marygal vs. dingbat : @0/ A0/ @2/ A0+ @1\ A0\ @3/ B5\ A0/ @4/ E1/ A5+ F2\
LoopTrax_3062983 Dragon101 vs. YankeeFan : @0/ A0/ B1/ C2+ A3/ C0\ @3+ A0\ @4\ C0+ C0/ E1+ F3+ F5\ G3/ H5/ G6+ H3+ G7\ I4/ E8\
LoopTrax_3064489 DavidJ vs. MountainMist : @0/ B1\ A2/ @2/ @2/ B3\ A0\ @1\ A2+ E3+ E4\ @1\ A0\ G5\ D6+ @1\ C0/ D1/ B0\ B0+ A1\ @2\ H4/ I5/ G3/
LoopTrax_3068414 kbalakri vs. dgb : @0/ @1/ B0+ @2/ @2+ @2/ A3/ D0/ @4/ @4+ @4/ @4/ D2+ D5/ G0+ G0/ G0/ F2+ J4\ I3+ I0+ J1/ K1+ I0+ G2+ D6\ B7+ L4+ K6+ M3\ H9+ J8+ F11/ E2+ F1\ C5+ A6+ C3+ D1/ B4+ @5+ C2+ E0/ E0+ C13\ B14+ A13/ H2+ G1/ K2/ L3+ K12\ L12\ L10+ M7\ H13+ K13+ E13/ E14+ F15+ C15+ H16\ I14+ D16+ G17+ E17/ E18/ @13/ A14/ A15/ A16+ @12\ C11+ G19+ D19+ J19\ K17/ J20/
LoopTrax_3068731 DavidJ vs. spitfire : @0/ B1\ B2\ C2+ A2/ A3/ @1\ A0\ C1+ @4/ C5/ @1\ C0\ D0/ E1/ @6/ C7/ C8/ G1/ H3\ @5+ H6\ A2\ B1\ @2/
LoopTrax_3073570 birddog8560 vs. Rogue Trooper : @0/ A0+ A3+ @2/ @2\ A1+ C4/ A3+ @3\ B0\ B0\ A3/ @2+ A4+ A0\ @1/
LoopTrax_3073570 birddog856 vs. Rogue Trooper : @0/ A0+ A3+ @2/ @2\ A1+ C4/ A3+ @3\ B0\ B0\ A3/ @2+ A4+ A0\ @1/
LoopTrax_3076208 Dragon101 vs. birddog8560 : @0/ A0/ B1/ B3/ B4/ @1\ C0+ A4/ @2+ E3+
LoopTrax_3076208 Dragon101 vs. birddog856 : @0/ A0/ B1/ B3/ B4/ @1\ C0+ A4/ @2+ E3+
LoopTrax_3077166 riaZZZ vs. ypercube : @0+ A0+ A3\ A0\ @3/ B5\ C3/ D4+ A2+ D6\ B6+ E5\
LoopTrax_3079261 Linda Sue vs. csain1 : @0+ A0/ A0/ @3\ C1/ B4/ @3\ B5+ E1/ B0+ F2\ E5\ D6\ F4\
LoopTrax_3079275 Rogue Trooper vs. Lilac Oyster : @0/ A2\ B1/ B2+ A0\ @3\ @2/ C4\ B1\ B0\ E2\ C0+ F5\ D7\ E7\ D8\ F6+
LoopTrax_3080015 kdogtrainer vs. CHESSCATJAY : @0+ B1/ C1\ B2/ C2+ D2\ B3/ E3/ A4/ @4/ A3+ F1/ D0\ G3/
LoopTrax_3082231 Traxplayer vs. marygal : @0/ B1\ A2/ A3/ B2\ B3\ A4/ @3+ B0+ D3\ E3+ C5+ B6+ E1+ @3+ @1\ C0+ A4/ @2+ I3+ G6+ I4+ I5\ J5\ J6\ K6\ H7+ F8/ H8/
LoopTrax_3082244 birddog8560 vs. ypercube : @0/ A0/ @1/ A2+ B0\ @2/ C4/ C5/ @3\ @2/ F1\ F0/ G1/ G3+ C5+ B6+ B2+ G0+ H7+ E8+ H1\ I6+ C0\ B3+ @4\ A3\ A8+ @8\ C9+ E9\ C10/ A4+ @5\ C2+ E1+ D11/ A8/ A9/ A12+ @9/ G12+ F13\ H11+
LoopTrax_3082244 birddog856 vs. ypercube : @0/ A0/ @1/ A2+ B0\ @2/ C4/ C5/ @3\ @2/ F1\ F0/ G1/ G3+ C5+ B6+ B2+ G0+ H7+ E8+ H1\ I6+ C0\ B3+ @4\ A3\ A8+ @8\ C9+ E9\ C10/ A4+ @5\ C2+ E1+ D11/ A8/ A9/ A12+ @9/ G12+ F13\ H11+
LoopTrax_3082281 jaha vs. dgb : @0/ @1/ A0/ @2/ @1+ B0\ @3\ C0/ C0+ @5\ B3+ C1+ C0\ @6\ A7+ A3\ C2+ @4\
LoopTrax_3082514 dgb vs. Dionysos : @0/ B1+ C1/ C0/ C0/ A2+ A0+ @1+ A0\ @2\ E1/ F2\ C0+
LoopTrax_3082518 dgb vs. Dionysos : @0+ A0+ B2\ @2/ A3/ A4/ D2/ D1/ C5+ D3\ D4+
LoopTrax_3082522 Dionysos vs. dgb : @0/ @1/ A2/ C2/ C3+ C4/ C5/ @5+ A6/ A1\ @3/ B0/
LoopTrax_3083041 kdogtrainer vs. Darla MIA 1 : @0+ @1\ A2/ @1\ C2+ A2/ @1\ E2/ E3\ F3\ A2/ RESIGN
LoopTrax_3083736 dgb vs. birddog8560 : @0/ @1/ B0/ A0/ A0+ @2/ @2/ A0/ E4/ C6+ E7/ D2+ D1/ D0/ C8/ C9/ C10+ F5+ B9/ A10\ B11+ B12/ @7+ C6+ @5\ RESIGN
LoopTrax_3083736 dgb vs. birddog856 : @0/ @1/ B0/ A0/ A0+ @2/ @2/ A0/ E4/ C6+ E7/ D2+ D1/ D0/ C8/ C9/ C10+ F5+ B9/ A10\ B11+ B12/ @7+ C6+ @5\ RESIGN
LoopTrax_3087549 GringoNZ vs. birddog8560 : @0+ A2+ B1+ A3+ @2+ B0+ D2+ A2+ @2\ @2\ B3+ D5+ G2\ F1/ B4+ A1\ B0+ C0/ @5/ B6+ B7/ A7/ A8/ RESIGN
LoopTrax_3087549 GringoNZ vs. birddog856 : @0+ A2+ B1+ A3+ @2+ B0+ D2+ A2+ @2\ @2\ B3+ D5+ G2\ F1/ B4+ A1\ B0+ C0/ @5/ B6+ B7/ A7/ A8/ RESIGN
LoopTrax_3089611 Rogue Trooper vs. jazzbeth : @0+ A2/ A3+ @2/ C2+ D2/ C4/ C5/ A4+ B0\ @3/ @1+ B0+
LoopTrax_3089617 supermac vs. Dragon101 : @0/ A0/ B2+ @1+ B0/ B4+ D1/ B0/ @3/ A2+ A5/ @4\ G3\ G4\ D0+ D7\ G6\ F2/ F1/ A2+ G7\ G8\ H6+
LoopTrax_3089620 GringoNZ vs. Phil The Hat : @0+ A2+ B1/ C1+ A0\ D2+ D3+ E2/ E3+ D1+ A0+ C0\ E2+ A6+ @6+ A3+ B1/ @3\ A4+ B7/ G6/ B1/ A2\ @1/ D0+ A0+ @4\ @6+ B7/ B8/ A8/ @8/ @7+ B4\ B3\ B0+ A3/ @4+ A8+ @4/ F11+ C10+ C12+ G12+ B11+ A11/ A10\
LoopTrax_3089803 basplund vs. birddog8560 : @0/ A0/ B2/ C2+ A3/ D2+ D3\ B4+ E3+ E4\ D5\ D6+ E5+ F5\ F4+ B6/ B7/ @4\ D1/ @1+ C0/ A8/
LoopTrax_3089803 basplund vs. birddog856 : @0/ A0/ B2/ C2+ A3/ D2+ D3\ B4+ E3+ E4\ D5\ D6+ E5+ F5\ F4+ B6/ B7/ @4\ D1/ @1+ C0/ A8/
LoopTrax_3091209 Dragon101 vs. dingbat : @0/ A0/ B1/ B3+ C1/ B4/ @2/ E1+ A0\ @1+ @1/ B3+ B5/ B6/ A3+
LoopTrax_3091434 ypercube vs. GringoNZ : @0+ A2\ A0/ B2\ C2\ C3\ D3\ D4\ A0/ B6+ D7+ E4\ @4\ RESIGN
LoopTrax_3091935 dgb vs. GringoNZ : @0/ @1+ B2/ C2/ D2/ @2\ C3/ C4+ C5/ F4/ G4+ G3+ H3/ B0+ B0\ B0\ C2+ D2+ F4+ B7+ @6+ D9/ E8+ D10+ B3+ @5/ G9+ J8+ B2+ C0+ B5+ C9+ A8+ B10+ @5\ B4+ A9\ @8/ F11+ C11+ K6+
LoopTrax_3100986 Miss Traven vs. Christine : @0+ @1\ A0\ @1\ @1/ D0/ E2\ C0/ E5\ F4/ A4+ @4/ C5+
LoopTrax_3101132 GringoNZ vs. ypercube : @0/ @1/ A2+ A0\ @1\ C4/ D2+ C0/ D1/ E2+ A4/ @4/ E6\ F4+ A6+ E7+ @4+ A6/ A1\ F0/ @3\
LoopTrax_3105985 Lilac Oyster vs. dgb : @0+ A2+ @1\ @1\ @1\ B2+ A0+ @2/ B0\ B0\ C6\ F4\ A3+ G4\ @4+ A5/ A6/ A7+ @6\ I3/ J4\ G2/
LoopTrax_3105987 Lilac Oyster vs. dgb : @0+ A2/ @1+ B0/ C2/ D2/ A1+ D3\ E2/ C4/
LoopTrax_3105988 dgb vs. Lilac Oyster : @0/ B1\ A2/ B2+ C2\ @2/ C3+
LoopTrax_3105990 dgb vs. Lilac Oyster : @0+ @1/ C1/ B0/ B0/ A1+ @3\
LoopTrax_3106428 kbalakri vs. dgb : @0+ A2/ A0\ @1\ B0\ B0\ A1\ @5+ D2+ E2\ F2\ C0+ @6+ C7+ A3\ @4+ F5\ @5\ E8/ D9+ B7+ @5\ B3+ C2+ A8+ @5+ @6+ RESIGN
LoopTrax_3109141 Dragon101 vs. birddog8560 : @0/ A0/ B1/ C1+ A3/ D3/ B0/ @2+ E3/ B5\ C0/ A0+ @3/ F7\ G7\ D0/ E1/ RESIGN
LoopTrax_3109141 Dragon101 vs. birddog856 : @0/ A0/ B1/ C1+ A3/ D3/ B0/ @2+ E3/ B5\ C0/ A0+ @3/ F7\ G7\ D0/ E1/ RESIGN
LoopTrax_3109289 ypercube vs. Lilac Oyster : @0/ B1\ B2\ A2+ @1\ A0\ D2+ D4/ C1+ D5/ A0+ @2/ B5+ @2\ A1\ A0+ @3/ A4/ A5/ C4/ C7/ C8/ @2\ A1\ @5/ @2+ A0+ E1/ A7\ C1+ E0/ K7+ A1/ @3\ E0+
LoopTrax_3109290 ypercube vs. Lilac Oyster : @0/ B1\ B2\ A2+ C1/ B0\ A0/ B5+ D4\ C5+ E3/ E2/ E5\ C6/ F4\
LoopTrax_3109291 ypercube vs. Lilac Oyster : @0/ B1\ A2/ B2+ C2\ A3/ @3/ E2/ B4+
LoopTrax_3109292 ypercube vs. Lilac Oyster : @0+ @1/ C1+ D1\ A2/ D2+ B3/ B0/ B0/ @4/ E1/ F3\ D0/
LoopTrax_3109293 ypercube vs. Lilac Oyster : @0+ @1/ C1/ A0/ C0/ D2\ @3/ D4/ A1\ C0/ @3\
LoopTrax_3109294 ypercube vs. Lilac Oyster : @0+ @1/ A2/ C2\ A3+ @3\ A0/ D2+ D1/ E1/ E0/ F3\ A1\ @2/ E0\ D2/ C1\ H4\ H1/ F0\ I2\
LoopTrax_3109341 ypercube vs. Dee Dee : @0/ A2\ B1/ B0+ @1/ C3+ B0/ D4+ @2+ E5/
LoopTrax_3111126 Phil The Hat vs. Geri39 : @0/ B1\ B2\ C1+ C0\ B1\ B0/ @2\ A1\ B0/ A5\ C6+ B0/ D3+ C2+
LoopTrax_3112529 Jump This vs. Goodtime politics : @0/ A2\ B2\ C2\ D2\ E2\ C1+ E3\ E0/ F2\ A1\ @2/ D0+
LoopTrax_3112973 Dionysos vs. Rogue Trooper : @0/ A0+ @2/ @1/ C3/ D2/ E1/ C0/ C0/ E5\ E2/ D6\
LoopTrax_3113039 GringoNZ vs. dingbat : @0+ A0/ A0/ A4/ @2\ @2+ D2+ E2\ F2\ C0/ B5+ E5+ E6/ E7/ F6+ A5\ A2+ C7/ C8/ C9/ A9\ G5+ H5/ G3+ F8\ G8\ H8\ I7+ A10/ @9+ I10\ D11+ J9\
LoopTrax_3113040 jazzbeth vs. dingbat : @0/ A0/ B1+ C1/ D1/ C2+ D3/ B4+ E3\ E4\ B5\ B6\ A5+ F2+ F0/ G2\ A8/ @7\ F8+ G8+ D9/
LoopTrax_3113315 YankeeFan vs. spitfire : @0/ B1\ B2\ C2+ D2+ C0/ D1/ E2\ D4\ F3\ F2+ F4\ G3+
LoopTrax_3114287 marygal vs. Uncle Chuckie : @0/ A2\ B1/ C1/ A0\ @3\ D3/ E2/ D0/ C5/ C0+ A3+ A2+ @1/ A6/ A7+ A8\ B8\ B9\ C9+ D9+ E7/ A10/ @9\ G7\ H5+ A5\ B3/ A2\ G9+ G10\ G11\ H11\ I11+ I12\ I6\ H7+ J12\ F12+ H13+ E11+
LoopTrax_3114630 STrek vs. Kriistina Jean : @0+ @1/ @1\ A0\ C3\ @2/ A3/ A4/ A5+ @5/ F5+ D6/ C6/ C7/ C8/ E9+ G6/ H6/ B9+ I8\ G4+ I9+ I4/ H10+
LoopTrax_3115346 lobo vs. * Sassy_Angel * : @0/ B1\ B2\ C2/ C1/ B0\ D3\ C4/ D1/ E2\ E3\ C0+
LoopTrax_3117300 nisqually vs. YankeeFan : @0+ A2\ A0/ B3\ B4\ C1+ D3\ @4+ B5/ B6/ A2\ A5+
LoopTrax_3117565 Linda J vs. Linda Sue : @0/ A0/ A3/ @3/ B4\ C4\ A0\ @1\ B6/ A6/ B0+ D2/ E6+ B0\ A0\
LoopTrax_3117989 Dragon101 vs. birddog8560 : @0/ A2/ B1/ @1/ D2/ E2+ B3+ B4/ B5/ C4+ D5+ F5+ B6+ A4+ D1+ D0/ E1/ F1+ G5+ E0/
LoopTrax_3117989 Dragon101 vs. birddog856 : @0/ A2/ B1/ @1/ D2/ E2+ B3+ B4/ B5/ C4+ D5+ F5+ B6+ A4+ D1+ D0/ E1/ F1+ G5+ E0/
LoopTrax_3118054 Linda Sue vs. birddog8560 : @0+ A2/ A0\ @1\ @2\ @3\ C0\ B1\ A2\ C0+ @4/ @4+ B5+ E6+ C7\ A6+ D7+ F6+ G6\ G7\ H7\ E8+ G9/ G10+ F9+ C8+ @8/ A9/ A10+
LoopTrax_3121029 Pegasus vs. Linda Sue : @0/ A2\
LoopTrax_3122565 DavidJ vs. Lilac Oyster : @0/ A2+ A3/ B3/ C1/ C0/ @4+ A5/ B5+ B6\ A7/ @6\ @4\ A3\ A2\ C1\ A1\ D1/ @2+
LoopTrax_3124077 dgb vs. birddog8560 : @0+ A2+ @2/ @2/ D1\ D3/ E3/ E4/ C4+ @3+ E5/ G3\ H3\ D0\ C2+ E7/ F6+ F8/ C0/ A7/ @7+ RESIGN
LoopTrax_3124077 dgb vs. birddog856 : @0+ A2+ @2/ @2/ D1\ D3/ E3/ E4/ C4+ @3+ E5/ G3\ H3\ D0\ C2+ E7/ F6+ F8/ C0/ A7/ @7+ RESIGN
LoopTrax_3127047 Rogue Trooper vs. YankeeFan : @0/ A0/ @2/ B0+ B0/ C1/ C3+ B0/ @5+ A2+ @4/ @2+ @3\ E1\ F0/ @5+ A6/ E7/ @6+ C7+ E8\ D2+ D1/ I2+ F1/
LoopTrax_3127381 dgb vs. Rogue Trooper : @0/ B1+ C1/ B2+ B0+ A4\ D2\ D3\ E3\ E4\ B5/ F3+ G3\ F5+ E1+ C0/
LoopTrax_3127534 Daddy Doyle vs. DavidJ : @0/ B1\ A2/ A0/ B3\ A4/ A5/ C1/ B0\ D3+ C5/ @3\ A2\ @5+ F6\ C7/ G6/
LoopTrax_3127777 jaha vs. Traxplayer : @0/ @1/ A0/ @2+ A0/ @2+ B0/ C5\ E4+ E3/ @3\ C0/ E3+ A0+ @4+ H6\ G7\ C6/
LoopTrax_3127779 dgb vs. Dragon101 : @0/ A0/ B1/ B3/ B0+ @3/ D4+ B4+ E3/ B0/ D1\ E2/ A0\ @3+ G5\ F6+ F1+ B0+ G3+ G4\ H4\
LoopTrax_3130613 Dionysos vs. dgb : @0/ @1/ B0/ @2+ B3+ B4/ D3\ D4\ B5/ B6+ A6/ E6\ E7\ E1/ D0\ F5\
LoopTrax_3130614 Dionysos vs. dgb : @0/ B1\ B2\ A0/ @2/ B0+ B4/ B5/ A5\ D2/ D1/ E1/ F2+ D0+
LoopTrax_3131017 dingbat vs. Phil The Hat : @0/ @1+ A0+ @2/ B0\ B4+ D2\ C1+ B5\ C4+ C0/ B0\ A1\ @1\ B0+ E2+ F6/ E8+ B4+
LoopTrax_3133853 nisqually vs. YankeeFan : @0/ A0/ @2/ A0+ @1\ A0\ @1\ D5\ E4/ A5/ D1/ C6/
LoopTrax_3134279 jazzbeth vs. Rogue Trooper : @0/ A0+ B1/ A0+ @2/ B0/ A2\ @1/ @1/ C0+ B4/ C0/ C0/ C0/ E4+ F7/ G7/ H4+ H3/ I3/ G2\ I6\ J5\ H7\
LoopTrax_3139109 mgs vs. Linda Sue : @0+ @1/ B2\ C1/ C3/ C0/ D1/ D0/ E4+ C0\ A2\ @4/ B1\ B0\ A3/ @2/ F8+ H7\
LoopTrax_3139166 GringoNZ vs. jazzbeth : @0+ A2/ @1/ @1/ D1/ D0+ C0/ C0/ E2\ B1+ B0\ D1+ A1/ B6/ B7/ A4\ @5/ E0/ G2/ H2+ H1/ E0/ B8+ B1\ B5+
LoopTrax_3140540 birddog8560 vs. jazzbeth : @0/ @1/ B2/ B3+ C1/ D1/ E2+ A2+ @2/ B3/ F4+ G1\ H1\ F5/ D0/ C6+ E7\ A2+ H1/ I2\ D0/ I1\ J1\ E0+ B9\ A7+ D10+
LoopTrax_3140540 birddog856 vs. jazzbeth : @0/ @1/ B2/ B3+ C1/ D1/ E2+ A2+ @2/ B3/ F4+ G1\ H1\ F5/ D0/ C6+ E7\ A2+ H1/ I2\ D0/ I1\ J1\ E0+ B9\ A7+ D10+
LoopTrax_3142015 YankeeFan vs. dingbat : @0/ A0/ A0/ B2+ @1\ B0/ D3+ D1/ B0/ B6/ @6+ E6\ @5+ E7\
LoopTrax_3143202 dgb vs. Kriistina Jean : @0/ B1\ A2/ @2/ @2+ C3+ D3\ D4\ E1+ E0/ F5\ E6+ G5\ F2+ H5\ I5\ F6+ F7+ I1+ E0/ J3+
LoopTrax_3143202 dgb vs. Sutik Ansalewit : @0/ B1\ A2/ @2/ @2+ C3+ D3\ D4\ E1+ E0/ F5\ E6+ G5\ F2+ H5\ I5\ F6+ F7+ I1+ E0/ J3+
LoopTrax_3143221 dgb vs. birddog8560 : @0/ A0/ B1/ C2/ A3/ A4+ B5/ D4+ B6/ @5\ F2/ RESIGN
LoopTrax_3143221 dgb vs. birddog856 : @0/ A0/ B1/ C2/ A3/ A4+ B5/ D4+ B6/ @5\ F2/ RESIGN
LoopTrax_3143483 CHESSCATJAY vs. DavidJ : @0/ B1\ B2\ A0/ A0/ A0/ B6/ A6/ C3/ C1/ A0/ B8\ C8\ D5+ E3+ @3+ F1+ E0/ B1+ @4\ A5+ F0/ H1/ H0/ B2+ D1+ H0/ @5+
LoopTrax_3144535 mgs vs. Traxplayer : @0+ A0+
LoopTrax_3144536 Traxplayer vs. mgs : @0/ B1+ C1/
LoopTrax_3144539 dreamflight vs. Traxplayer : @0/ @1+ @1\ B0\ A1+ B0/ A1+ D2/ C1+ C0/ D1/ D0/ E3\ F3+ F4\ F5\ D6\ F0/ G2\ C1\ C0/ B2/
LoopTrax_3144540 Traxplayer vs. dreamflight : @0+ B1/ @1/ A2+ C0\ B1+ B4/ C3+ D2+ D1+ B5+ D0\ D6\ A2\ @2/
LoopTrax_3144543 Traxplayer vs. birddog8560 : @0/ A0/ @1/ A0/ @1/ A0/ @1/ A0/ @1/ F4\ E6/ E7+ D5+ E8+ F6+ E9+ G5+ B0/ @1/ A0+ B0+ D9\ D4+ @3+ A4/ A5+ RESIGN
LoopTrax_3144543 Traxplayer vs. birddog856 : @0/ A0/ @1/ A0/ @1/ A0/ @1/ A0/ @1/ F4\ E6/ E7+ D5+ E8+ F6+ E9+ G5+ B0/ @1/ A0+ B0+ D9\ D4+ @3+ A4/ A5+ RESIGN
LoopTrax_3144544 birddog8560 vs. Traxplayer : @0/ @1/ B2/ C2+ A0/ @1/ @1+ C0/ @2/ B0/ A1\ RESIGN
LoopTrax_3144544 birddog856 vs. Traxplayer : @0/ @1/ B2/ C2+ A0/ @1/ @1+ C0/ @2/ B0/ A1\ RESIGN
LoopTrax_3144549 csain1 vs. dgb : @0/ @1/ B0/ @1+ C0/ @3\ @3\ B1+ D4/ @1\ A3+ A0/
LoopTrax_3144550 dgb vs. csain1 : @0/ A0/ B1/ @1\ A0\ A0+ @3+ @3/ @4\ B2+ F5\ G3+ A5/ A1\ E6/
LoopTrax_3144553 kbalakri vs. dgb : @0/ @1/ B0+ A3/ @2\ B4+ D1\ @2/ @2/ B1+ @2/ B0+ D5+ H4+ C5/ F1/ F6+ D6/ I3\ G7+ G8/ J3\ B5+ I7\ I8\ H9\ J8/ J9/ H10\ F9+ H11\ J10\ K10\ L10\ G12\ A5/ B6/ B7/ A7/ A8/ @5+ F12/ RESIGN
LoopTrax_3144554 dgb vs. kbalakri : @0/ A0/ A0/ @1/ B0/ A0/ @1+ @2+ D1/ D0/ E1/ E0/ F4+ C7/ G7+ RESIGN
LoopTrax_3144555 boneyardking vs. dgb : @0/ @1/ B0\ @2\ A1\ @1\ C3/ B0+
LoopTrax_3144556 dgb vs. boneyardking : @0+ B1/ @1/ A2/ A3/ C2+ C4+ B5\ D4+ @5/ A6+ A7\ C6+ B7+ C0\ A3\ @3\ A2\ E0+ D9+ E9\ F9\ A8\ @6/ E10/
LoopTrax_3144557 davidmilne vs. ypercube : @0/ @1/ B0\ @2\ A1\ @1\ C0/ A4/ RESIGN
LoopTrax_3144558 ypercube vs. davidmilne : @0/ @1+ A2/ @2+ D1/ C2+ B3+ C4/ D3+ E3\ F2+ G2/ D5+ D6\ D7\ A4/ A5/ RESIGN
LoopTrax_3144559 davidmilne vs. CHESSCATJAY : @0/ A0/ B2/ @1\ A0\ A0\ B2+ @1\ @2+ @4/ C5+ E5+ D0+ F3\ E0\ D0/ D0/ F5/ G6\ H6\ C3+ A5/ @5/ B4+ B3/ B2+ A3+ A7+ @8\ D10\ B9+ @6+ A8+ @8/ C10\ D11/ @7\ B6+ A11+ D12+ @8/
LoopTrax_3144560 CHESSCATJAY vs. davidmilne : @0/ @1/ B2/ C1+ C3/ B3+ D2\ B4\ C5/ D4+ E4\ E3+ A3\ C6/ D7+ C8\ B7+ F5/ E8+ G3\ F2+ G5+ H4\ E1+ H2/ RESIGN
LoopTrax_3144561 davidmilne vs. dl2 : @0/ B1+ C1+ D1\ D2\ C3\ E1+ B2+ B4\ D3+ A4/
LoopTrax_3144562 dl2 vs. davidmilne : @0+ A2+ B1/ A3\ B2+ C1+ C0/ D3/ @2/ E4\
LoopTrax_3144563 ypercube vs. CHESSCATJAY : @0/ A0/ B2/ B3/ B1+ C1/ C2+ C4/ D2\ A3+ E4\ D5/ E1/ C0/ F3\
LoopTrax_3144564 CHESSCATJAY vs. ypercube : @0/ @1/ B2/ A2+ A0/ C2/ @3/ B0/ D5+ E3/ B5+ C2+ D1+ C0+ D0\ E2+ F4\ G7+ D8\ G3+ H6+ G1/ F0+ H2\
LoopTrax_3144565 ypercube vs. dl2 : @0/ B1+ C1/
LoopTrax_3144566 dl2 vs. ypercube : @0+ A0+
LoopTrax_3144569 GringoNZ vs. Pegasus : @0/ B1\ A2/
LoopTrax_3144569 GringoNZ vs. Wife of a Maverick driver : @0/ B1\ A2/
LoopTrax_3144570 Pegasus vs. GringoNZ : @0+ A2+
LoopTrax_3144570 Wife of a Maverick driver vs. GringoNZ : @0+ A2+
LoopTrax_3144571 GringoNZ vs. jazzbeth : @0+ A0/ B1/ C1/ @2/ B0+ C0/ @4/ D0\ C2+ B2\ B1\ A1\ D0+ B7+ B4+ @4+
LoopTrax_3144572 jazzbeth vs. GringoNZ : @0/ @1/ B2/ B0\ B0\ C3/ B0+ B0\ @5/ E3+ D7+ E6\ F6\ F7\ D8/ E1/ D0/ F2\
LoopTrax_3144573 GringoNZ vs. Jools : @0/ B1\ A2/ B2+ C2\ B3/ @1\ @2+ B0/
LoopTrax_3144574 Jools vs. GringoNZ : @0/ B1+ A0/ @2\ A1+ B0+ C1+ B4+ D2+ @3/ A4/ @4/ B5\ A2\ @3+ D0/
LoopTrax_3144575 Pegasus vs. jazzbeth : @0+ A0\
LoopTrax_3144575 Wife of a Maverick driver vs. jazzbeth : @0+ A0\
LoopTrax_3144576 jazzbeth vs. Pegasus : @0/ B1\ B2\
LoopTrax_3144576 jazzbeth vs. Wife of a Maverick driver : @0/ B1\ B2\
LoopTrax_3144579 jazzbeth vs. Jools : @0/ B1\ B2\ A2+ C1+ B0+ A1+ @2+ C4+ A4+ D4+ B5+ E3+ D5+ E1+ F4+ E5\ @2/ @2/ B4+ A1\ C0/ @2/
LoopTrax_3144580 Jools vs. jazzbeth : @0/ @1/ A0+ B3+ @2+ A3+ D3\ E3\ C4/ A5/ @3/ F1/ B6\ D0/
LoopTrax_3145843 dgb vs. sweeteyes : @0/ @1\ A0/
LoopTrax_3148414 DINGEROO vs. * : @0/ B1\ A2/ A0/ A4\ B4\ C4+ A5+ D4\ C1/ D2\
LoopTrax_3148559 basplund vs. marygal :
LoopTrax_3148623 ypercube vs. Dionysos : @0/ B1+ C1/ C2/ D1/ D0/ A4/ @4/ E4\ F3+ C5\
LoopTrax_3149218 ypercube vs. dgb : @0/ B1\ A2/ A0/ A0/ A5/ @1+ D2+ E3/ F2\ B0/ @2\ A3+ D6\ B7\ @2\ A0+ A8/ RESIGN
LoopTrax_3149219 ypercube vs. dgb : @0+ A0+ B2\ C2\ @2\ B0\ @3\ A4/ @4/ E1/ RESIGN
LoopTrax_3149220 ypercube vs. dgb : @0/ @1/ B2+ B3\ C1/ D2+ @2\ B3+ D4/ @3/ A4/ D5+ F5\ G2\ C6+ F6+ @3+ E0+ G8\ A6+ A8+ B9/ @8+ C10/ A9+ B11+ H9/ G9+ I7+ J3\ I2+ J7\ K8/ L7\ G10\ I9+ K6+ L10+ G11/ M9+
LoopTrax_3149240 dgb vs. ypercube : @0+ A2+ @1\ @1\ D1\ D3/ D4/ E3+ D5/ D0\ F3+ F5+ G3\ H3\ G6+ D7+ B4+ @1/ A0+ A0/ B8/ RESIGN
LoopTrax_3149241 dgb vs. ypercube : @0/ A0/ @2/ @1+ C0/ @2/ E2+ C0+ A2+ F2\ G2\ H2\ E1+ E5+ A0\ @1\ F1/ F0+ F8/ I6+ J2+ G1+ I7/ J5+ D9/ C7+ G9+ G10/ I9\ J9+ I10/
LoopTrax_3149242 dgb vs. ypercube : @0+ @1/ C1/ B2/ B3/ C2+ C4+ C0/ D3+ D4\ E1/ RESIGN
LoopTrax_3151248 YankeeFan vs. spitfire : @0/ B1\ B2\ C2+ C3+ D1/ B0+ D4+ E3+ F2/ D1/ C0\ B0/ E6+ E7/
LoopTrax_3151836 DavidJ vs. jaha : @0/
LoopTrax_3151863 birddog8560 vs. Traxplayer : @0/ @1/ A0/ @1/ C3/ B0\ D3\ E3\ C2/ B0+ B0\ F4\ D3+ E2+ G2+ C1+ H3\ I3\ J3\ G5/ D0/ D0/ @6/ D9+ F8+ F9/ D10/ C10/ F10+ B10/ RESIGN
LoopTrax_3151863 birddog856 vs. Traxplayer : @0/ @1/ A0/ @1/ C3/ B0\ D3\ E3\ C2/ B0+ B0\ F4\ D3+ E2+ G2+ C1+ H3\ I3\ J3\ G5/ D0/ D0/ @6/ D9+ F8+ F9/ D10/ C10/ F10+ B10/ RESIGN
LoopTrax_3153429 Miss Traven vs. Lore_Lamia : @0+ B1\ B0/ C2\ B3\ C1/ D1/ C3\ D2\ E2\ B4/ E1/ F2\ @2/ A4/ B5+
LoopTrax_3155311 dingbat vs. Dragon101 : @0/ A0/ B2+ @1+ B0+ B4+ D3/ C1+ C5/ D4+ C0/ C0/ B2+ C0/ @4/ F5+ F8/ F0/ G3+ C1\ E10+ B1/
LoopTrax_3156971 Miss Traven vs. Christine : @0/ B1\ A2/ B2+ C1/ C0/ A4\ @4/ C4+ B5/
LoopTrax_3157185 stormy rebel vs. Rogue Trooper : @0/ A0+ @2\ B0/ B4/ C3/ @3/ E1/ D0\ E5\ F3/ D6\
LoopTrax_3160166 Dionysos vs. ypercube : @0/ B1/ B2\ C2\ A3/ @1/ C4/ D5/ E2\ B4+ F5\ F6\ E1/ F1/ G3\ H3+ H4\ A0\ @2/ I1/ E0+ J2\
LoopTrax_3161728 Rogue Trooper vs. Lilac Oyster : @0+ @1/ C1/ A0/ @2/ C3\ D0/ E1/ A1\ @2/ C0/
LoopTrax_3163362 jaha vs. dawn1968 :
LoopTrax_3164902 Traxplayer vs. Dee Dee : @0/ @1+ @1\ A0+ A0/
LoopTrax_3166628 CHESSCATJAY vs. * : @0/ B1\ A2/ A0/ A0/ @3+ D1+ A0\ @3+ A4/ @4/ E1/ C0+ G5\ E6\ D7/ D8/ A9+ @6+ F8/ E9+ F10/ G7\ H6+ H10\ H11/
LoopTrax_3166685 Uncle Chuckie vs. basplund : @0/
LoopTrax_3166759 marygal vs. DavidJ : @0/ A2\ B1/ @1/ D1\ D2\ E2\ C3/ A4/ @4/ D4\ D5\ F0/ G1/ D1\ F0+ E7\ G3\ H2/ G5\ G6\ F0/ H5\ I3/ C8+ F9/ I0/ J1/ H10\ H11\ H8/ I7\ J6/ A10/ B11/ @10\
LoopTrax_3169795 Rogue Trooper vs. ypercube : @0+ @1+ A0/ B3\ @2/ @2/ B1+ B3+ B4\ C5/ C6/ C7/ @1\ A0\ @3/ A4/ C5+ F8\ E9\
LoopTrax_3173019 dgb vs. Oartkickel of the Wolf Pack : @0/ A0/ B1/ C2+ A3/ D2/ @2+ @1+ G1\ F3+ C4/ F0+ H2\ E6+ I1/ H0/
LoopTrax_3173403 Traxplayer vs. stormy rebel : @0/ A2\ B2\ B3/ @2/ A3/ @3/ A4/ A1\ @2/ C0/
LoopTrax_3174273 Miss Traven vs. Christine : @0+ @1\ A0\ B0/ C2\ @2\ D1+ A4/ @4/ F1/ F0/ D5\ G2/ C6\
LoopTrax_3174954 Phil The Hat vs. jaha : @0/
LoopTrax_3177460 jazzbeth vs. Uncle Chuckie : @0/ B1\ A2/ @2/ @1/ C3/ C4/ D3+ C5/ B5/ E5\ D6+ E1/ F5\ D0/
LoopTrax_3177540 GringoNZ vs. Rogue Trooper : @0+ B1/ B0\ B0\ A1+ @3/ B0/ C5/ D4/ C6/ E6+ D7+
LoopTrax_3178928 Lilac Oyster vs. YankeeFan : @0+ A0/ B2+ B3\ C2/ B0\ @2\ E1/ D0\ E5\ F3/ E6/
LoopTrax_3179118 Paddington Bear vs. violet unicorns : @0+ B1/ @1/ A2/ B3/ C2\ D2/
LoopTrax_3179119 Paddington Bear vs. violet unicorns : @0/ A2/ B1+ B0/ B0/ A5\ A1\ @1/ B0/
LoopTrax_3179120 Paddington Bear vs. violet unicorns : @0/ B1/ A2+ C1/ A3/ @3/ D3\ E3/
LoopTrax_3179121 Paddington Bear vs. violet unicorns : @0+ A2/ A0\ @3/ A4/ @2/ A3+
LoopTrax_3179122 Paddington Bear vs. violet unicorns : @0+ B1/ @1/ A2/ @2/ D2\ E2/
LoopTrax_3179961 Rogue Trooper vs. REBEL DJ : @0+ B1\ B2\ A3/ @1/ @1/ B3+ B4/ C4+ C0\ E5\ D6/ E2/ F4\ D1/
LoopTrax_3180097 dgb vs. GringoNZ : @0/ @1/ @1/ A0/ @2/ C3\ C4+ @3+ B0\ A1+ D1/ B0\ E5\
LoopTrax_3184366 violet unicorns vs. Paddington Bear : @0/ B1+ A2/ B0/ C2/ C3+ C1/ D3\ E3/ C4+
LoopTrax_3184368 violet unicorns vs. Paddington Bear : @0/ B1+ A2/ C2/ C3\ D1\ D3\ E2\
LoopTrax_3184369 violet unicorns vs. Paddington Bear : @0/ B1\ B2\ A2+ A3\ C2\ B3\ B4\ C4\ C5\ D5\ E5+ D6+ D7\ E6\ F6\ E7\ F1/ F7\ G4\
LoopTrax_3184370 violet unicorns vs. Paddington Bear : @0/ A2+ B1/ @2/ B3/ B4/ A3/ C4\ D4\ C5/
LoopTrax_3184372 violet unicorns vs. Paddington Bear : @0/ B1\ A2/ @2+ C2\ B3/ C3\ B4\
LoopTrax_3184373 violet unicorns vs. Paddington Bear : @0/ B1+ A0/ C2\ @2/ C3+
LoopTrax_3185101 Traxplayer vs. dingbat : @0/ A0/ @1/ B0\ C2+ D2/ B4\ E2\ E3\ E4\ F4\ C5+ D6/ G6+ D7+ H5\ A4+ G2/ E1+ @5\ J5\ A3\ @2/ H8+ C6+ E7+ A6/ A7/ @4+
LoopTrax_3185108 Lilac Oyster vs. Rogue Trooper : @0+ A0+ @1\ B0+ C1/ C0/ C4/ D4/ C5/ B0+ C7/ A6+ @5+ E8\ F6+ B8/ D9\ A7/
LoopTrax_3185237 YankeeFan vs. ypercube : @0/ @1/ C1/ D1/ B0+ @2/ D3+ A0\ @3+ F1/ F0+ G3/
LoopTrax_3185899 Miss Traven vs. Christine : @0/ A2\ B1/ B2+ C1\ C0\ D2/ @1\ A0\ E2+ @2\ A1\ E4+ D5/ F1\ B5/ A5/ C6/
LoopTrax_3186484 ypercube vs. Traxplayer : @0/ @1/ B2/ C2/ A2+ B3\ B0/ @2+ C5\ B4+ D2/ C6/ A0+ B0+ B0/ D8+ E5+ D3+ @5\ @4\ G8/ H7\ I8/ H9+ G10\ H11/ I6/ J5\ G1+ D0/ I11+ J8\ K9/ D12/ C12+ E13/
LoopTrax_3187536 Dragon101 vs. birddog8560 : @0/ A0/ B1/ C2/ @1+ B0\ @2/ A1/ A0/ B5\ B6\ @6+ C7\ E0+ F3\ A3+ @3/ B1\ C0+ A3\
LoopTrax_3187536 Dragon101 vs. birddog856 : @0/ A0/ B1/ C2/ @1+ B0\ @2/ A1/ A0/ B5\ B6\ @6+ C7\ E0+ F3\ A3+ @3/ B1\ C0+ A3\
LoopTrax_3187603 basplund vs. REBEL DJ :
LoopTrax_3187673 GringoNZ vs. Rogue Trooper : @0+ A0+ B2+ A3/ C2+ C1+ @3+ B0/ B0/ A2+ E4/ D5/ C6\ E5+ E2/ F4/ B0/ @6+ B0\ A4/ A2\
LoopTrax_3188958 Judy vs. jaha : @0/
LoopTrax_3189048 Phil The Hat vs. Rogue Trooper : @0/ A0+ @1/ A2+ C1/ @2/ B3/ B0/ A2+ B0/ E1+ E0/ B1+ E0/ F4/ @6/ B7/ H3\ F5\ F6\ F7\ B8/ A8/ @5+ J1+ J0/ D10+ E10\ K4\ K5\ I6/ D1\ G0/
LoopTrax_3190501 jazzbeth vs. birddog8560 : @0/ A0/ B1+ B3/ C3/ @2\ B0/ D2\ @3\ C4/ B1+ E5+ F3/ A5/ C6\ @5\
LoopTrax_3190501 jazzbeth vs. birddog856 : @0/ A0/ B1+ B3/ C3/ @2\ B0/ D2\ @3\ C4/ B1+ E5+ F3/ A5/ C6\ @5\
LoopTrax_3191610 nisqually vs. spitfire : @0/ A2\ B2\ B3+ @2+ C4/ B0\ A1\ A0\ @6/ A7/ @5\ A4\ @4\ C2+
LoopTrax_3193001 violet unicorns vs. Paddington Bear : @0/ B1+ A2/ B0/ A4\ @2/ D1\ A1\ C4+ C0\
LoopTrax_3193024 violet unicorns vs. Paddington Bear : @0/ B1+ A2/ C2\ C3\ B3+ D3/ C4\ D2/ D1/ D0\ C6\ E3/ A6/ E2/ B7/
LoopTrax_3193026 violet unicorns vs. Paddington Bear : @0/ B1\ B2\ B3\ A2+ B4\ C4/ C3+
LoopTrax_3193027 violet unicorns vs. Paddington Bear : @0/ B1\ B2\ A2+ C2/ B0\ A4\ C4/ C2/ C1/ D1/ B0/
LoopTrax_3193028 violet unicorns vs. Paddington Bear : @0/ B1+ A2/ B0\ A4\ @1\ @1/ B0/
LoopTrax_3193029 violet unicorns vs. Paddington Bear : @0/ B1\ B2\ A2+ @2+ D2\ C3/ B0/ B4/ C5+ A2+ E2+ E4\ F3\
LoopTrax_3193030 violet unicorns vs. Paddington Bear : @0/ B1+ B2/ C2\ C3\ A2/ A3/ A4+ C4\ C5/
LoopTrax_3193032 violet unicorns vs. Paddington Bear : @0/ B1\ A2/ A0/ C2/ @3+ D1/ C0/
LoopTrax_3193033 violet unicorns vs. Paddington Bear : @0/ B1+ A2/ C2\ B0/ C4/
LoopTrax_3195022 YankeeFan vs. Rogue Trooper : @0/ A0+ B2/ A0/ B0\ A5/ @5/ @5+ C6+ E4/ F6+ F7+ F8/
LoopTrax_3195101 ypercube vs. dgb : @0/ @1/ B2/ C2/ C1+ B0\ D2/ E2/ D3+ E4/ C5+ E1+ RESIGN
LoopTrax_3195666 Rogue Trooper vs. Traxplayer : @0+ B1/ B2/ C1\ C0\ D1\ D2+ D0/ E2/
LoopTrax_3196311 dingbat vs. marygal : @0/ B1\ A2/ @2/ B3\ C3\ B4/ @1\ A0\ E5\ E6\ @3/ A4/ A5/ A6+ E7/ @6\
LoopTrax_3196312 MountainMist vs. Dragon101 : @0/ A0/ B1\ A3\ B3\ B4\ C4\ @1\ A0\ A5/ @5+ C6/
LoopTrax_3196373 dawn1968 vs. supermac : @0/ B1\ A2/ B2+ B3\ @2/ C4\ D2/ @2+ A4/ A5/ @2+ C5\ B6/ D0/ A2+ D0/ @8/ A9+ A4\ @3/ D9\ D10/ E8\
LoopTrax_3197580 dgb vs. birddog8560 : @0+ A0+ @1\ @1\ D1\ D3/ A2+ B0+ B0/ D2+ D0+ C7+ A6+ @4+ D0/ F7\ F8\ A8\ @8\ H8\ F9/ D2+ H5/ I5\
LoopTrax_3197580 dgb vs. birddog856 : @0+ A0+ @1\ @1\ D1\ D3/ A2+ B0+ B0/ D2+ D0+ C7+ A6+ @4+ D0/ F7\ F8\ A8\ @8\ H8\ F9/ D2+ H5/ I5\
LoopTrax_3197581 birddog8560 vs. dgb : @0/ @1/ A0/ @2/ @1/ A0+ C0\ D2\ C5+ C6/ C7/ D6+ A1\ @2/ @1/ B0/ B0/ @1+ B0\ D7/ C8\ A5+ RESIGN
LoopTrax_3197581 birddog856 vs. dgb : @0/ @1/ A0/ @2/ @1/ A0+ C0\ D2\ C5+ C6/ C7/ D6+ A1\ @2/ @1/ B0/ B0/ @1+ B0\ D7/ C8\ A5+ RESIGN
LoopTrax_3197582 dgb vs. ypercube : @0/ @1/ @1/ A0/ @2/ D1/ D3+ E1/ E0/ F4+ F5\ F6\ G5/ G1+ H6\ H7\ @1+ B0\ @4/ A5/ A6+ K6\ G8+
LoopTrax_3197583 ypercube vs. dgb : @0/ @1/ C1/ D1/ C2/ E2+ D3\ A2+ C4+ F1\ D0/ G2+ D6/ E6+ C7\ B6+ A7\ @3\ B0+ F9\ G8/ C9+ D10/ A9/ I3+ @8\
LoopTrax_3197584 dgb vs. GringoNZ : @0/ @1/ @1/ B0/ D2+ A3+ @3/ A1\ A0\ @4\
LoopTrax_3197585 GringoNZ vs. dgb : @0+ A0+ @1+ B0/ B0/ B0/ C3/ D3/ E3+ C2+ A2+ F3/ D1+ B0/ @2+ @2/ G2/ C0/ B6+ RESIGN
LoopTrax_3197586 birddog8560 vs. ypercube : @0/ @1/ A0/ B1+ C1+ B3\ C3\ A0/ @2+ @1/ D5+ B4+ @2\ @2\ C0+ D7/ C7/ B0+
LoopTrax_3197586 birddog856 vs. ypercube : @0/ @1/ A0/ B1+ C1+ B3\ C3\ A0/ @2+ @1/ D5+ B4+ @2\ @2\ C0+ D7/ C7/ B0+
LoopTrax_3197587 ypercube vs. birddog8560 : @0/ A0/ @1/ C1\ D1\ B0+ C3+ E2\ F3/ D1+ G2+ D4+ C4/ F5\ RESIGN
LoopTrax_3197587 ypercube vs. birddog856 : @0/ A0/ @1/ C1\ D1\ B0+ C3+ E2\ F3/ D1+ G2+ D4+ C4/ F5\ RESIGN
LoopTrax_3197588 birddog8560 vs. GringoNZ : @0/ A2+ A3/ B2/ C2+ A0+ C2+ B1/ D2\ @4/ @3/ G3/ E4+ C5+ H2\ I2\ C6\ D5\ A2\ @2\ G5\ G6/
LoopTrax_3197588 birddog856 vs. GringoNZ : @0/ A2+ A3/ B2/ C2+ A0+ C2+ B1/ D2\ @4/ @3/ G3/ E4+ C5+ H2\ I2\ C6\ D5\ A2\ @2\ G5\ G6/
LoopTrax_3197589 GringoNZ vs. birddog8560 : @0+ A0+ B1+ A3+ @2+ B0+ @3+ A4+ @4/ C5+ A5\ B6/ B7/ @6+ F4/ E0/ @6/ B5+ @5+ B4\ D9\ F9\ F10\ G7+ D4+
LoopTrax_3197589 GringoNZ vs. birddog856 : @0+ A0+ B1+ A3+ @2+ B0+ @3+ A4+ @4/ C5+ A5\ B6/ B7/ @6+ F4/ E0/ @6/ B5+ @5+ B4\ D9\ F9\ F10\ G7+ D4+
LoopTrax_3197590 ypercube vs. GringoNZ : @0/ A2+ A3/ A4+ @3\ @3\ B4+ @3\ C1+ B1+ A0/ E2/ E1/ A0/ A0/ @3+ A6+ G5\ F6+ D2+ E1+ H5+ G6+ I3/ I2/ J4\ J5\ J6+ K4+ H7/
LoopTrax_3197591 GringoNZ vs. ypercube : @0+ @1+ C1+ @1\ B2+ @1\ B2+ A0\ A0+ D2+ A0\ A0\ A0\ B1\ C3/ @2+ G6\ E2\ F2\ G2\ D1+ G0+ H3\ H7\ @4+ B6+ @6\ G8\ F9/ A5+ @5\ A4\ A3+ C1+ @4\
LoopTrax_3197663 basplund vs. DINGEROO :
LoopTrax_3201117 Rogue Trooper vs. Red Arrow : @0+
LoopTrax_3201173 YankeeFan vs. Traxplayer : @0/ @1/ C1/ D1/ C0+ D3+ E2/ B0+ E1/ F1/ F3+ E5+ G3\ A5+ B6+ @5+ A6/ E7/ A7/ @5\ B2/ F0+ A2\ E8/
LoopTrax_3202294 REBEL DJ vs. * Sassy_Angel * : @0/ A2\ B2\ @1/ B3+ D2\ D4/ A0\ @1\ D1/ D0/ F4+ A5/ A6/ @3+
LoopTrax_3202500 * vs. jaha : @0/
LoopTrax_3208115 Phil The Hat vs. Uncle Chuckie : @0/ B1\ B2\ A2+ C2/ @2+ A3+ D3/ B4+ E3\ E4\ C5/ B6\ A5+ F6\ E7+ F3+ G6\ G7\ A7/ F8+
LoopTrax_3208130 Lilac Oyster vs. YankeeFan : @0+ A0/ B2+ B3\ C3\ D3+ B4+ A4/ @4+ C5+ C6\ E1/ C0\ F3/
LoopTrax_3208133 REBEL DJ vs. Rogue Trooper : @0/ @1/ B2/ C2+ C3+ D1\ A0/ A0+ C2+ E3+ A0\ @4+ D7\ E2+ @3+ H4/ D1\ E1+ E0/ B1+ D0/ E1/ G3+ H2+ B7/ A7/ F8+ I3+ J5/ E0/ @7/ B1\ J7\ A3\
LoopTrax_3211416 dingbat vs. Dragon101 : @0/ A0/ A0/ A0/ @3+ C4+ D4+ B0/ @4/ @5\ F3+ F0/ G1/ C1\ B1\ D0/
LoopTrax_3211473 Rogue Trooper vs. Sea Breeze : @0+ @1+ @1+ @1/ A0/ D1+ @2/ @1+ C3+
LoopTrax_3213264 * vs. marygal : @0/ A2\ B1/ @2\ C2\ D2\ @2\ C0+ A4+ @1\ C0+ A5/ @5+ C6+ F6+ E1/ F7/ G2/ H2/ H1/ G0\
LoopTrax_3213396 jaha vs. basplund :
LoopTrax_3216164 Miss Traven vs. Christine : @0+ @1\ @1/ A2/ D1\ B2\ @2\ C3/
LoopTrax_3216547 Morticia vs. Yiewxi : @0/ B1\ A2/ A3/ A4/ B3/ @4/ @3/ C5+ A4/ E3/ F3+ C6/
LoopTrax_3217777 Dragon101 vs. YankeeFan : @0/ A0/ B1/ C2+ A3/ D2/ B0/ @2+ C0/ C6+ @1\ C0+ A6/ A7/ @4+
LoopTrax_3219534 YankeeFan vs. Traxplayer : @0/ @1/ C1/ D1/ C0+ D3+ E1\ B0+ D5\ F2\ D1+ F6\ G4+ E0+ @4+ D6+ E1\ @3+ E7\ F8/ C7\ B7+ F9/ D10/ C8+ H10+ I8/ F11/
LoopTrax_3220159 Rogue Trooper vs. ypercube : @0+ A2+ B1+ B2+ @2/ D2\ B0/ A4+ B5+ E3\ D2+ @3/ C0/ D0\ B7/ D6+ E7+ G5\ G3+ H4/ I4/ I3/ G2+ H1+ H0/ D9/ D10/ B3\ @3\ C2\ B1/ A7+ D0+
LoopTrax_3221786 Rogue Trooper vs. birddog8560 : @0+ A0+ @2/ B3/ C2/ D1\ C3+ C0/ E3/ B5/ D5+ B6/ D7+ F2\ D1+ G2\ G0+ H2/ I2/ I1/ I0/ H0+ C3/ C2/ E2+ A8+ @8/ @9\ B7+ @8+ B6+
LoopTrax_3221786 Rogue Trooper vs. birddog856 : @0+ A0+ @2/ B3/ C2/ D1\ C3+ C0/ E3/ B5/ D5+ B6/ D7+ F2\ D1+ G2\ G0+ H2/ I2/ I1/ I0/ H0+ C3/ C2/ E2+ A8+ @8/ @9\ B7+ @8+ B6+
LoopTrax_3221790 jazzbeth vs. Phil The Hat : @0/ A0/ B2/ C2\ C3/
LoopTrax_3222850 Dragon101 vs. birddog8560 : @0/ A0/ B1/ A3+ A4/ @3/ A2+ @3/ E2+ D4+ B4+ D0/ F4/ E6/ G6+ F7\ F8\ G8\ H6/ H3/ G2/ I3\
LoopTrax_3222850 Dragon101 vs. birddog856 : @0/ A0/ B1/ A3+ A4/ @3/ A2+ @3/ E2+ D4+ B4+ D0/ F4/ E6/ G6+ F7\ F8\ G8\ H6/ H3/ G2/ I3\
LoopTrax_3223076 basplund vs. Uncle Chuckie :
LoopTrax_3224595 dingbat vs. Phil The Hat : @0/ @1+ A2/ @1+ B0+ @2/ E2/ D3+ A1/ D0\ C0/ F1+ D0\ F6\ A1+ E7\
LoopTrax_3224690 Dragon101 vs. DavidJ : @0/ B1\ B2\ A0/ A0/ A0/ A0/ C3+ @1+ D0/ E1/ B1+ @4+ F4+ A7/ @4/ D8+
LoopTrax_3225740 violet unicorns vs. Paddington Bear : @0/ A2\ B1/ A3+ B0/ B0/ B0/ @1\ @1\ B0/
LoopTrax_3225742 violet unicorns vs. Paddington Bear : @0/ B1\ B2+ B3/ A3/ A4/ @4/ @4+ @4\ B5\
LoopTrax_3225743 violet unicorns vs. Paddington Bear : @0+ @1\ A0\ @1\ D2/ B0+
LoopTrax_3225744 violet unicorns vs. Paddington Bear : @0/ A2\ B2\ B1+ C1/ B0\ B0+ D3\ D4\ D5/
LoopTrax_3225745 violet unicorns vs. Paddington Bear : @0/ A2\ B2\ B1+ C1/ B3\ D2/ D1+ D0+ D0\ C1\ C0\ B1\ A0/ @2\ A7/ A1+ A8\
LoopTrax_3225746 violet unicorns vs. Paddington Bear : @0+ @1\ B0\ B3/ C2/ D2/ C3\ C4/
LoopTrax_3225747 violet unicorns vs. Paddington Bear : @0/ B1\ B2\ A2+ A3\ C2\ C3+ C4/
LoopTrax_3225748 violet unicorns vs. Paddington Bear : @0/ A2\ B1/ A0/ B3\ C2/ C3+ C4\ C1/ D3+
LoopTrax_3225749 violet unicorns vs. Paddington Bear : @0/ A2\ B2\ C2\ B1/ C1/ B3+ D2/
LoopTrax_3225750 violet unicorns vs. Paddington Bear : @0/ A2+ B2/ @1/ B0/ C1/ D2+ C4/
LoopTrax_3225843 Miss Traven vs. Christine : @0/ A2\ B2\ B1+ @1\ A0\ D2/ B1/ A0\ E4\ E5\ @3/ C1/ B4/
LoopTrax_3225959 marygal vs. Paddington Bear : @0/ A2\ B1/ B0+ B3\ C1\ A4/ @2/ @1\ C0+ @3/ A4/ A5/ @5/ C6\ A1\ @1\ D0+
LoopTrax_3226031 jaha vs. * : @0/ B1\ A2/ A3/ A4+ A5\ B2+ C2/ D1\ E2/ D3+ F2/ F0+ G4\ G5\ @2/ B1+ F0/ D0+ A5+
LoopTrax_3227612 dgb vs. Dragon101 : @0/ @1/ B0+ A0/ B4/ C3+ @3+ A4/ @1\ C0/ A5/ C6\ @4\
LoopTrax_3227617 Traxplayer vs. YankeeFan : @0/ A0/ @2+ @2\ B3/ A4\ D1/ A0+ B0+ D5+ E4\ F4\ F5\ F6\ E7+ E8/ @5+ H6\ A2\ @2+ C1+
LoopTrax_3228942 jazzbeth vs. stormy rebel : @0/ A2\ B1/ @2\ @1/ D2+ D0\ E2/ D0\ C2\ F4\ E5/ F1/ F0/ G3\
LoopTrax_3228946 Dragon101 vs. GringoNZ : @0/ @1/ B0/ @1+ C0/ @3\ E2+ F2/ G1\ D4+ D5/ F0+ H3/ G4\ F5+ C1+ C0/ A2\ A1\ @3/
LoopTrax_3229316 Miss Traven vs. Lore_Lamia : @0/ B1+ @1\ B0/ A1+ C0/ B1\ D1\
LoopTrax_3229532 ypercube vs. Traxplayer : @0+ A0+ B2+ A0+ B1+ A0+ C3+ B5/ C5/ D4\ A0/ B1/ E4/ C3/ C1+ B0\ @6\ @6\ B7+ @7+ C8\ @7\ @7\ @7\ A5/ A8+ G8\ F9/ E9+ RESIGN
LoopTrax_3231464 birddog8560 vs. Dragon101 : @0/ A0/ B2/ B1/ @1/ D2/ B3+ D4/ D5+ @1/ D0/ @2/ G5+ D5+ G2/ H5/ C4\
LoopTrax_3231464 birddog856 vs. Dragon101 : @0/ A0/ B2/ B1/ @1/ D2/ B3+ D4/ D5+ @1/ D0/ @2/ G5+ D5+ G2/ H5/ C4\
LoopTrax_3236080 dingbat vs. YankeeFan : @0/ A0/ A0+ A0\ @4+ A0/ A6\ C6+ D4\ A7\ D3/ @5\ F4/
LoopTrax_3237767 * vs. ypercube : @0+ @1+ A0/ B3+ @2/ @2/ C0/ B4+ B5/ D0\ E4\ B7/ @4/ A3/ @5\ A2+ @4/ C1\ D2+ F0/ G7/
LoopTrax_3238646 jazzbeth vs. dingbat : @0/ A0/ B2/ C2+ @1/ E2/ D3\ C4+ A2/ E1/ @1\ A0+ A5/ G2+ A6\
LoopTrax_3238649 Lilac Oyster vs. YankeeFan : @0+ A2/ @1+ A0\ C2/ D2/ C3+ B4+ B1+ E2+ A0+ @1\ A0\ E2/ F2/ C1/
LoopTrax_3240262 stormy rebel vs. basplund : @0/
LoopTrax_3240276 Dragon101 vs. jazzbeth : @0+ A0/ @1/ B3/ C3/ B0+ A0/ C2/ D2/ C0+ B0/ B0/ E5/ D7\ D9+ E9+ E10\ D1/ B0/ E3+ F3/ @9/ A10/ D11+ B1\ A6+ B0/
LoopTrax_3241737 CHESSCATJAY vs. Phil The Hat : @0/ A0/ A3/ B3+ @2+ C4\ A0\ @2/ E4+ D6/ @3\ B4+ C5+ @4/ A5/ D6/ D7/ A8+ @6\ G8+ E9\ H7+
LoopTrax_3241764 jaha vs. DINGEROO : @0/ A2\ B2\ B3/ @2+ A3/ @3/ B4+ @4\ B5/ A1\ B0\ @3\
LoopTrax_3241882 * vs. dreamflight : @0/ A2\ B2\ B1+ C1+ C0/ A4/ @4/ E3/ D4+ E5/ F4\ D0/ F6+ C1\ E0\ F4+ D8+ F8\ F9+ G7/ G9+ E10\
LoopTrax_3242648 Faucilla vs. Phil The Hat : @0+ A2+ B2\ A0+ B1/ C3\ C4\ D2/ @3\ @2/ @2/ @2/ F0/ A5/ A2\ D6\
LoopTrax_3242648 Wyonette vs. Phil The Hat : @0+ A2+ B2\ A0+ B1/ C3\ C4\ D2/ @3\ @2/ @2/ @2/ F0/ A5/ A2\ D6\
LoopTrax_3242648 Wyvella vs. Phil The Hat : @0+ A2+ B2\ A0+ B1/ C3\ C4\ D2/ @3\ @2/ @2/ @2/ F0/ A5/ A2\ D6\
LoopTrax_3242649 Phil The Hat vs. Faucilla : @0/ @1/ A0/ @1/ C3/ D2+ C4/ D1/ D5\ E5\ E4+ E6/ B5/ C6\ E1/ F4/ D0+ F3/ B4+
LoopTrax_3242649 Phil The Hat vs. Wyonette : @0/ @1/ A0/ @1/ C3/ D2+ C4/ D1/ D5\ E5\ E4+ E6/ B5/ C6\ E1/ F4/ D0+ F3/ B4+
LoopTrax_3242649 Phil The Hat vs. Wyvella : @0/ @1/ A0/ @1/ C3/ D2+ C4/ D1/ D5\ E5\ E4+ E6/ B5/ C6\ E1/ F4/ D0+ F3/ B4+
LoopTrax_3242654 Faucilla vs. davidmilne : @0/ @1/ C1/ B2+ @1/ B0+ B0\ E2\ @4\ C0\ D2+ E1+ A0\ @3+ A1\ @2\
LoopTrax_3242654 Wyonette vs. davidmilne : @0/ @1/ C1/ B2+ @1/ B0+ B0\ E2\ @4\ C0\ D2+ E1+ A0\ @3+ A1\ @2\
LoopTrax_3242654 Wyvella vs. davidmilne : @0/ @1/ C1/ B2+ @1/ B0+ B0\ E2\ @4\ C0\ D2+ E1+ A0\ @3+ A1\ @2\
LoopTrax_3242655 davidmilne vs. Faucilla : @0/ @1/ @1+ @1\ D0+ @2\ F1\ E3+ D4\ C3+ G2/ G0/ H2\ E1\ G0+ F0/ H7+ E8/ I6+
LoopTrax_3242655 davidmilne vs. Wyonette : @0/ @1/ @1+ @1\ D0+ @2\ F1\ E3+ D4\ C3+ G2/ G0/ H2\ E1\ G0+ F0/ H7+ E8/ I6+
LoopTrax_3242655 davidmilne vs. Wyvella : @0/ @1/ @1+ @1\ D0+ @2\ F1\ E3+ D4\ C3+ G2/ G0/ H2\ E1\ G0+ F0/ H7+ E8/ I6+
LoopTrax_3242656 Phil The Hat vs. Gandalf : @0/ @1/ B2/ @1/ D1\ B2+ B3+ B0/ A0/ A0+ @4+
LoopTrax_3242656 Phil The Hat vs. White Wolf : @0/ @1/ B2/ @1/ D1\ B2+ B3+ B0/ A0/ A0+ @4+
LoopTrax_3242657 Gandalf vs. Phil The Hat : @0/ @1/ C1/ C2/ B2+ D1\ B0/ A0/ C2+ B5+
LoopTrax_3242657 White Wolf vs. Phil The Hat : @0/ @1/ C1/ C2/ B2+ D1\ B0/ A0/ C2+ B5+
LoopTrax_3242658 Phil The Hat vs. sweeteyes : @0/ A2\ B2\ B3\ A4\ C3/ @3+ D2+ C1/ E2/ E1\
LoopTrax_3242659 sweeteyes vs. Phil The Hat : @0/ A0/ @2\ C1\ A1+ A0/ C3+ C4/ B1/ D3/ E3\ E4\ C5/ B5/ F5/ C6+
LoopTrax_3242660 Phil The Hat vs. davidmilne : @0/ @1+ A2/ A3/ B2+ C3/ A4+ @2+ E1/ RESIGN
LoopTrax_3242661 davidmilne vs. Phil The Hat : @0/ A0/ B1+ C1/ D1/ C2+ B3+ C0+
LoopTrax_3242664 Gandalf vs. davidmilne : @0+ A0+ A3+ A4+ A5\ A0+ A0/ B1+ B7/ C1/ B6+ B4+ C2+ D3/
LoopTrax_3242664 White Wolf vs. davidmilne : @0+ A0+ A3+ A4+ A5\ A0+ A0/ B1+ B7/ C1/ B6+ B4+ C2+ D3/
LoopTrax_3242665 davidmilne vs. Gandalf : @0/ @1/ B0+ @2/ D1+ E1\ C3+ D3\ E2\ C0\ C0\ @2/ E1/ D0\ C0/
LoopTrax_3242665 davidmilne vs. White Wolf : @0/ @1/ B0+ @2/ D1+ E1\ C3+ D3\ E2\ C0\ C0\ @2/ E1/ D0\ C0/
LoopTrax_3242666 sweeteyes vs. davidmilne : @0/ @1+ @1\ A0\ @1\ D0+ A4/ @4/ F1/ G2/ D0+ E1/ E0/ F1/ B1\ G2+
LoopTrax_3242667 davidmilne vs. sweeteyes : @0/ @1\ B0\
LoopTrax_3242680 jazzbeth vs. **Lover of Darkness** : @0/ A2\ B2\ RESIGN
LoopTrax_3242681 **Lover of Darkness** vs. jazzbeth : @0+ B1/ RESIGN
LoopTrax_3242682 jazzbeth vs. GringoNZ : @0/ @1/ B2/ B0\ C1+ D1/ C0\ C0\ B1\ A1+ D4\ B0\
LoopTrax_3242683 GringoNZ vs. jazzbeth : @0+ @1\ @1+ B2/ B0\ @1/ @2\ @1/ D0/ A0+ @2\ F1+ C5+ @2\ A1\ C0/ @4+ C5+ B6+ D0/ @3\ J1/ D8+
LoopTrax_3242684 jazzbeth vs. Paddington Bear : @0/ @1/ B2/ @1\ C0+ D1+ D2\ B3/ B4/ D3+ E1+ C0/ F3/ B6+ F4\ C7\ G3\
LoopTrax_3242685 Paddington Bear vs. jazzbeth : @0+ B1/ @1/ @1/ @1/ A0/ D1\ E3/ @1+ D0+ @3\ @2/ D0+ F6+ H2+ G7/ F1+ H7\ E0\
LoopTrax_3242686 jazzbeth vs. Lilac Oyster : @0/ B1\ A2/ B2+ @1+ C0\ D2\ B4\ D0/ E2\ A1\ B0\ @2/
LoopTrax_3242687 Lilac Oyster vs. jazzbeth : @0+ @1/ C1/ C0/ D1/ B0+ @3\ B1/ B4\ B5\ C4\ A5/ B6\ @3/
LoopTrax_3242688 **Lover of Darkness** vs. GringoNZ : @0+ A2\ A0/ B3\ @2/ @3\ A4\ A1\ RESIGN
LoopTrax_3242689 GringoNZ vs. **Lover of Darkness** : @0/ B1\ B2\ C2\ D1\ B3\ D2+ RESIGN
LoopTrax_3242694 GringoNZ vs. Paddington Bear : @0/ A2\ B1/ C1/ B0\ @2+ @2\ A1\ @1\ D0+ A4/ C5+
LoopTrax_3242695 Paddington Bear vs. GringoNZ : @0/ @1/ C1/ B2+ D1/ A0+ B4/ E2+ E4+ E5/ F4+ D0/ E1/ E0/ F4/ G4+ C0+ E9/ B8+ @6\ A3/ A8/ @9\ E10+
LoopTrax_3242696 GringoNZ vs. Lilac Oyster : @0/ B1\ A2/ B2+ @2\ A1+ B0+ @2/ E2/ E1/ F1/ F0/ F4\ G4\ D5+
LoopTrax_3242697 Lilac Oyster vs. GringoNZ : @0+ A2+ A3/ A0/ B2/ C2/ D2/ B4\ A5/ E4+ E5\ B6/ B7/ A7/ @6/ G2/ F1\ G5\ H3/ D8+
LoopTrax_3242700 dgb vs. dreamflight : @0/ B1\ A2/ @2/ B0+ C1+ D2+ @2/ @2+ C4/ F3+ B4/ B5/ E6\ F6+ C7+ A7/ @6+ C8/
LoopTrax_3242701 dreamflight vs. dgb : @0+ B1+ B2/ B0/ C1+ D1\ A1\ A0/
LoopTrax_3242702 dgb vs. coopaah : @0+ @1/ C1/ B0+ B3+ D1\ @2\ B1+ F1\ D0+ B1\ A2\ @2\ A1\ A4/ B0+ @5\
LoopTrax_3242703 coopaah vs. dgb : @0/ @1/ @1+ A0+ @1\ A0\ C1+ @2+ A3/ E4\ F3/ A4+ D5+ @4\
LoopTrax_3242704 dgb vs. Traxplayer : @0/ @1/ B2/ C1+ B0/ B0+ D2\ B5\ B6\ E2\ D4+ E5/ F3+ C1+ C6+ D7/ D8/ D9/ E7+ D10+ A6/ A7+ A9/ A10+ @6+ A9+ F0/ G1+ @5\ A4\ A1+ RESIGN
LoopTrax_3242705 Traxplayer vs. dgb : @0/ @1/ A0/ @2/ @1/ A0+ C0\ D1+ E2+ F2\ D5/ D6+ C6+ C7/ C8/ E6\ G3+ D7+ RESIGN
LoopTrax_3242708 dreamflight vs. Traxplayer : @0/ @1/ A2/ B3+ C2\ B4/ @2/ D4\ D5\ E2\
LoopTrax_3242709 Traxplayer vs. dreamflight : @0/ B1\ A2/ B2+ @2\ C3/ B0\ A2+ @2\ B1\ B0\ A2\ D1/ E1\ C0/
LoopTrax_3242710 coopaah vs. Traxplayer : @0/ @1/ @1+ A0+ @1\ A0\ B0+ @3+ B4/ E5\ F3\ B5/ @3/ B4+
LoopTrax_3242711 Traxplayer vs. coopaah : @0/ A2\ B2\ C2+ D2/ D1/ E1/ B0+ A4/ @4/ A2+ E4+ D0+ A6+ G1/ G0+ H3\ H4\ G7+ C8+ I2/ H1+ H0/ I1/ I0/ J1/ G1\ G0\ F4+
LoopTrax_3243876 jazzbeth vs. GringoNZ : @0/ @1+ A2/ @2+ D1/ B3/ B4/ @2/ B0/ A2+ @5\ E3+ F4+ A1/ G1\ F0/ @3\ B1\ B0+ A1\ @3/ D0\ F2+ F0+ H2+ I2/ A9/ H1+
LoopTrax_3244772 marygal vs. Pegasus : @0/ A2\ B1/ B0/ A0+ B0/ @3+
LoopTrax_3247950 Rogue Trooper vs. Traxplayer : @0+ A0+ B1/ C1/ @1/ D0+ E2/ C3+
LoopTrax_3249514 marygal vs. jaha : @0/ @1/ C1/ D1/ B2+ A0+ D4\ E4+ B4/ B5/ @1\ F5/ B0+ D7/
LoopTrax_3249533 Pegasus vs. basplund : @0+
LoopTrax_3249533 Wife of a Maverick driver vs. basplund : @0+
LoopTrax_3249550 Traxplayer vs. dgb : @0/ @1/ @1/ D1/ D0+ C0/ D4+ C5+ B6+ E4\ E5\ F5\ C6+ F2+ RESIGN
LoopTrax_3250894 Rogue Trooper vs. JiffyJeff : @0+ A2/ @2\ C2+ B3/ A1\ D2\ E3/ D1+ F2+ G2/ H2/ C4+ E0\ F0+ @5\ B6+ I5\ F7+
LoopTrax_3252503 ypercube vs. dingbat : @0+ B1\ C1/ C0/ D2/ A1/ A0/ @3\ B4+ D4+ @2+ C0/ G4/ C6/ B6/ A6+ G6\ H5/ B7+ @5/ G7/ F6+ @6\ A7+ @7/ C3+ C8+ B8/ @6\ B5+ A8/ D2\ B9\
LoopTrax_3255416 GringoNZ vs. Red Arrow : @0/
LoopTrax_3258180 ypercube vs. * : @0+ B1\ B2\ @1+ C3\ A2+ C4\ B0\ A0/ D5+ @5\ B0/ B0/ D3+ A1+ @6/ G6+ C9+ @8+ H8/ G9+ D10\ I5\ I4/ J4/ H2+ J7+ K7/ K3+ L7/ L8\ M8\ M6+ N3+ M2/ M1/ N1/ O4/ P5\ N6+ L0+ J2+ P3+ Q4/ P1/ P0/ Q2\
LoopTrax_3259867 Geri39 vs. * : @0/ A2\ B2\ @2\ C1/ D1+ D2+ E2\ D3/ C0/
LoopTrax_3259893 JiffyJeff vs. jazzbeth : @0/ A0+ @2/ B3+ C3\ @2+ @1/ F3\ D4/ F5/ G4/ H5+ H6\ I5/ E6/ E7/ F1+ C5+ B4/ A5+ @3\ @3+ B2+ A2+ A1\ D0+ G9+ K4/ L4/ H1/ J2/ L6+ F9+ D0/ RESIGN
LoopTrax_3259977 Phil The Hat vs. ypercube : @0/ @1/ B2/ A2+ C1\ A0\ @1\ C4/ D3+ E3\ B0+ C0\ B0/ C0\ C0\ F8/ F7/ RESIGN
LoopTrax_3261449 Rogue Trooper vs. GringoNZ : @0+ B1+ @1+ B2+ D1+ D0+ @2+ C4\ E3+ C1\ F2/ D5\ E4+ G2/ F4/ F0/ H3/ G5/ F6+ I3/ H6\ G7/ I7+ F0\ D2+ F0\ J6+ K5\ J4+ F10/ I3+
LoopTrax_3268933 Pegasus vs. marygal : @0+ A2\ A3+ @3+ A4/ C2\ B4\ A5/ A1\ @1\ A2+ @2+ E5\ D6+
LoopTrax_3269150 Rogue Trooper vs. GringoNZ : @0+ A2\ B2/ A0\ @1\ @1+ B3+ @3\ A1+ A0\ C1+ B0/ A0\ @1\ F3/ F2/ F1/ B0+ D1+ @2/ B4+ H6+ E8/ E9/ B8+ A5\ G8+ I4+ H1+ C0/
LoopTrax_3270163 Rogue Trooper vs. Dionysos : @0+ A0+ B2\ @2+ A1+ @2/ @2\ A1\ @1\ C0/ C0/ E5+ C5/ E2+ F2/ G1\ C0/ E7\ F8/ H3/ C0/ A8/ @6+ F0+ A2\ @3+ B1/
LoopTrax_3270280 Rogue Trooper vs. GringoNZ : @0+ A2+ B2\ @2/ A3/ D2\ C1+ @2/ C4+ D0/ F5\ F6+ D6/ D7/ B6+ A4/ B2+ B1/ D0/ F4+ G5+ H5/ @6+ B8+ E9/ G10+ H8/ I7\ J8/ E11/ B10/
LoopTrax_3270285 Traxplayer vs. Phil The Hat : @0/ A0/ @1/ A0/ @2/ @1/ E2\ B3\ C4/ A3\ B0+ E2/ F2/ C0\ @5+ @5+ D0/ C2+ G3+ B8+ C9/ A9/ RESIGN
LoopTrax_3270366 Traxplayer vs. birddog8560 : @0/ A0+ B2+ A0+ @3+ B0+ C2\ C5/ D3+ C1+ B5+ E3\ C6/ B0/ @4/ E6\ E3+ D8/ C0/ E2+ E0\ G7\ G8\ F4/ G4/ H8\ H9\ H4+ RESIGN
LoopTrax_3270366 Traxplayer vs. birddog856 : @0/ A0+ B2+ A0+ @3+ B0+ C2\ C5/ D3+ C1+ B5+ E3\ C6/ B0/ @4/ E6\ E3+ D8/ C0/ E2+ E0\ G7\ G8\ F4/ G4/ H8\ H9\ H4+ RESIGN
LoopTrax_3270390 ypercube vs. jaha : @0/ A0/ B2/ A3+ C2/ B4+ @3\ D1/ C5/ E1\ E3+ D5+ F1\ E0+ B5+ B1+ @4\ @2+ @3\ @3\ @3\ D4+ G0/ G0/ K2+ B3+ B2/ @6/ C7+ A3\ G8/ A2/
LoopTrax_3270421 dgb vs. Traxplayer : @0/ @1/ @1/ C0/ D1+ A3+ B0+ B0/ B0/ B0/ D3+ @7\ @4+ B3\ C8/ C9/ @5\ A3/ @5\ @5+ G8+ F10+ J1/ J0/ J6\ K6+ F3+ RESIGN
LoopTrax_3271923 Lilac Oyster vs. GringoNZ : @0+ A2+ A3\ A0\ B2/ C2/ A0/ B1/ B4+ @3+ @3/ D6\ E6\ F3+ B4+ E7\ G4/ C7/ D8\ B5/
LoopTrax_3272060 YankeeFan vs. Red Arrow : @0/
LoopTrax_3274047 Rogue Trooper vs. Dragon101 : @0+ A2/ @2\ B0/ C1/ D1+ C3+ C0/ B0\ A3+ @3/ D6\ F4/ E7/ B6+ @4\ B2+ A5/ @5/ D8+ B6+ F9\ G8+ I8+ I9\ J9\ I10+
LoopTrax_3274129 GringoNZ vs. dgb : @0+ A0+ B1+ A3+ @2+ A3+ @2\ C0/ D0\ E1\ B2\ C6/ E3/ @3\ @3\ B4+ H2+ E0/ F0\ C3\ RESIGN
LoopTrax_3275400 Sista vs. Dee Dee : @0+ B1/ B2\ A2+ C1\
LoopTrax_3275569 basplund vs. Lorraine of the Renegades :
LoopTrax_3275682 jazzbeth vs. dawn1968 : @0/ A0/ B2/ A0\ @1\ A0\ A0+ C3+ A0/ D3/ D4+ B7/ D1/ D0/ E4+
LoopTrax_3275939 JiffyJeff vs. Chef Jeff 1 : @0/ B1+ A2\ B2\ B0/ C1/ B0/ C5\ D4/ A2+ A5/ B6/ @4/
LoopTrax_3276453 Dragon101 vs. GringoNZ : @0/ @1/ A2/ C2/ @2+ C0/ A4/ @4/ A2+ C0+ @3+ B6/ A2+ @4+ C7/ @7+ D8/ C0+ C0/ B3+ B4/ A4/
LoopTrax_3276840 Sista vs. Dee Dee : @0/ B1\ A2/ @2+ C2+ @1\ B0/ A3+ @3\ A2+ F3\ A1+ E4+
LoopTrax_3277493 Goonerg vs. Kriistina Jean : @0/ B1\ A2/ @2/ B0/ B4+ C4\ D4+ B5+ D5+ D0/ C7+ E2/
LoopTrax_3277493 Goonerg vs. Sutik Ansalewit : @0/ B1\ A2/ @2/ B0/ B4+ C4\ D4+ B5+ D5+ D0/ C7+ E2/
LoopTrax_3280029 * vs. balmoral : @0+ @1+ A0/ B3\ @2+ B3/ B4/ D3+ C0\ @3/ E5\ D6\ E1/ C0/ F4/
LoopTrax_3283111 Rogue Trooper vs. REBEL DJ : @0/ B1\ A2/ A3/ @3/ C3\ C4\ B4+ @1+ C0/ C0+ B0/ @1+ D0\ F8+ E9/ D9/ B8+ @4/ B6+ H4/ F3+ A5/ F1/ F0/ A8+ B10+ F11\ G11\ H10+ H3+ I7+ D1/ E0\ A1+ RESIGN
LoopTrax_3283287 Dragon101 vs. GringoNZ : @0/ @1/ B0/ A0/ B4+ C3\ B5/ D3/ B1/ @3/ @4\ B6+ G3+ G2+ C7/ A0\ @1\ G1/ F0/ H2\
LoopTrax_3285363 stormy rebel vs. basplund : @0/
LoopTrax_3286646 Red Arrow vs. Goonerg :
LoopTrax_3286797 Dragon101 vs. YankeeFan : @0/ A0+ B2/ A3/ @3/ @3+ C4+ A4+ A5+ @4\ @3/ G1\ C0+ B3+ A2+ @2\ I5+ I6\ H7+ H1/ I1/ F0+
LoopTrax_3289597 supermac vs. Dragon101 : @0/ A0/ @1+ A0\ @1\ A0+ @3/ A4/ D5/ E4+ E2+ B0/ F6+ D7/ A2\ @4+ A6+ C0/ B0/ G6+ G4+ E10/ H7/ G11+ H8\ I8\ @10+ D11+ E12/ K10+ I4/ J4/ F1+
LoopTrax_3290383 mugglewump vs. firefly : @0/ A2\ @1\ B0/ A1+ B4+ @2+ B3/ @2\ B1+ E2/ E3+ C4+ D5\ B0/ E2/ E6/ F3+
LoopTrax_3290996 * vs. REBEL DJ : @0+ A2\ A0/ B3\ B4\ C2/ D2+ D1/ A0/ B0\ D7\ E6+ A7/ B8/ @6/
LoopTrax_3293935 Goonerg vs. balmoral : @0/ B1\ A2/ B2+ A0/ @3/ A4/ A5+ @3+ C0+ E3+ @1+ C0/ C0/ E3/ @3\ G1/ F0/
LoopTrax_3294018 Goonerg vs. GringoNZ : @0/ A0+ @2/ A3\ C2/ B0\ @3+ B0+ D5\ E4/ D2+ F2+ F1/ B6/ A6/ A7/ @4/ F7\ G5+
LoopTrax_3295384 Linda Sue vs. Judy : @0+ @1\ C1\ B2+ A0\ B0/ C1/ D3\ C5\ @3+ B4/ C5/ D6\ B5/ A5/ @3\ F5+ G4\ G2\ A1\ @1\ C0/
LoopTrax_3296911 jazzbeth vs. csain1 : @0/ A0/ B1+ A3/ C3/ @1\ B0+ B0\ A2\ @2\ A1\ @1\ D0+ @4+ @4/ B7+ G3/ D0+ B2+ A2+ @5/ @5/ E9/ D10\ C9+ @8+ H11+ I9/ D11/ K9\ F12/
LoopTrax_3296975 Rogue Trooper vs. YankeeFan : @0+ A2\ B2/ A0\ @1\ @1\ B3+ B0+ D1+ @2\ @1/ C5+ E5\ F6/ B6+ @2\ C7/ @2+ A8+ @8/ H8\ I8\ E9/
LoopTrax_3297064 basplund vs. mgs :
LoopTrax_3298911 Beckie B vs. *Leo The Lion : @0/ A2\ B1/ B2+ C1\ B0/ D2/ B4/ C0/ D1/ E1/ A1\ @2/ D0\
LoopTrax_3302635 Beckie B vs. Linda Sue : @0/ A2+ A0\ @1\ A0\ B5\ @1/
LoopTrax_3303099 RubyJoy vs. Linda Sue : @0/ B1+ C1/ A2\ C2\ D2\ @2/ A3/ C3+ A4\ B0\ A1\ @1\ @4/ A5/ C6\ C7+ D6/ F5/ G2+ G6\ H5/ E7\
LoopTrax_3306867 dgb vs. Phil The Hat : @0+ A0/ A3\ B2/ C2/ C1/ @3\ E2+ C0+ A2+ F2\ E1+ A5/ @3/ E5+ B6/ G5\ G6/
LoopTrax_3306868 Phil The Hat vs. dgb : @0/ @1/ B2/ C1/ C0+ D1/ D2+ D4+ C5\ E4+ F4\ F5\ F6\ C0\ @2+ F2+ G4+ H5+ G3+ E0/ F1/ G1+ H1\ F0/
LoopTrax_3306869 dgb vs. birddog8560 : @0/ A0/ A0/ @3\ C2+ C4/ D4/ D5/ E4/ E3+ A4+ A2+ @2\ D5+ C5/ C6\ G3/ E6+ F2+ E1+ D7/ B6+ C8+ A5/ @5/ @5/ B1\ D0+ C5+ B4+ C9/ E10/ @4+ RESIGN
LoopTrax_3306869 dgb vs. birddog856 : @0/ A0/ A0/ @3\ C2+ C4/ D4/ D5/ E4/ E3+ A4+ A2+ @2\ D5+ C5/ C6\ G3/ E6+ F2+ E1+ D7/ B6+ C8+ A5/ @5/ @5/ B1\ D0+ C5+ B4+ C9/ E10/ @4+ RESIGN
LoopTrax_3306870 birddog8560 vs. dgb : @0/ @1/ @1/ @1/ A0/ A0/ D4/ E3/ C4/ B2+ F4/ E1+ A0/ D6+ F3/ G6\ RESIGN
LoopTrax_3306870 birddog856 vs. dgb : @0/ @1/ @1/ @1/ A0/ A0/ D4/ E3/ C4/ B2+ F4/ E1+ A0/ D6+ F3/ G6\ RESIGN
LoopTrax_3306871 dgb vs. GringoNZ : @0/ A0/ B1/ B3/ C3+ D2\ B0+ B0/ C6+ C7\ E4+ F4\ G4\ F3+ H4\ F5/ F6+ I4+ H7\ I7+ G8/ F8/ E8+ F2+ F9/
LoopTrax_3306872 GringoNZ vs. dgb : @0/ @1/ A0/ @2/ A0/ @3+ A4/ @4/ @4/ A5/ C0/ C7\ D5+ E6+ @6+ G7/ H7+ D8+ E9+ I5\ J5+ K5\ L5\ K4+ H3+ J2+ L3+ M2\ I6+ F10/ D9/ A9+ B10/ F11/ RESIGN
LoopTrax_3306873 Phil The Hat vs. birddog8560 : @0/ A0/ A3+ @2\ B4+ C1\ B5+ C2+ B0/ A2+ D1/ D0/ D0/ D0+ D0\ A4\ E2/ @5\
LoopTrax_3306873 Phil The Hat vs. birddog856 : @0/ A0/ A3+ @2\ B4+ C1\ B5+ C2+ B0/ A2+ D1/ D0/ D0/ D0+ D0\ A4\ E2/ @5\
LoopTrax_3306874 birddog8560 vs. Phil The Hat : @0+ A0/ @2+ B3+ B0+ B5/ B0/ B0+ C3\ D3\ A1+ A0\ A7+ @3/ A4\
LoopTrax_3306874 birddog856 vs. Phil The Hat : @0+ A0/ @2+ B3+ B0+ B5/ B0/ B0+ C3\ D3\ A1+ A0\ A7+ @3/ A4\
LoopTrax_3306875 Phil The Hat vs. GringoNZ : @0/ @1+ B2/ @2\ D2\ D3\ B3+ E1+ F1\ A0\ @2+ E1+ C5\ D1+
LoopTrax_3306876 GringoNZ vs. Phil The Hat : @0/ @1/ A0/ @1/ B0/ A0/ C5/ C6+ D5\ E5\ E3+ F4/ G4/ G3/ F2/ F1/ G1/ H1/ H6+ I3+ C7\ B7/ D6+
LoopTrax_3306877 birddog8560 vs. GringoNZ : @0/ @1/ A0/ @1/ B3/ B0\ @2/ B3+ A4+ B5+ B6\ B1+ A0/ @5+ A3+ F4+ A0/ @4/ @4/ D1/ F2+ D0/ D0/ G1+ F0/ G7/ H4+ B6+ RESIGN
LoopTrax_3306877 birddog856 vs. GringoNZ : @0/ @1/ A0/ @1/ B3/ B0\ @2/ B3+ A4+ B5+ B6\ B1+ A0/ @5+ A3+ F4+ A0/ @4/ @4/ D1/ F2+ D0/ D0/ G1+ F0/ G7/ H4+ B6+ RESIGN
LoopTrax_3306878 GringoNZ vs. birddog8560 : @0/ A0/ @1/ @1/ A0/ @1/ E3/ B0\ D2+ E2+ D5\ B4+ D6+ F2/ E5\ F4/ G4/ D7/ B6+ A7\ H3/ G2+ G1/ H1/ H0/ I3\ J3+ J4\ I5\ I6\ J6\ RESIGN
LoopTrax_3306878 GringoNZ vs. birddog856 : @0/ A0/ @1/ @1/ A0/ @1/ E3/ B0\ D2+ E2+ D5\ B4+ D6+ F2/ E5\ F4/ G4/ D7/ B6+ A7\ H3/ G2+ G1/ H1/ H0/ I3\ J3+ J4\ I5\ I6\ J6\ RESIGN
LoopTrax_3308582 Goonerg vs. REBEL DJ : @0/ B1\ A2/ B0\ C2\ D1+ A0/ E2\ D4/ C5+ @2+ D0+ G5\ E6+ H4/ H3/ F2+ A1\ @1/
LoopTrax_3310319 Rogue Trooper vs. birddog8560 : @0+ A0/ B1\ A3/ @3/ @3/ B1+ B0/ C5+ D4\ E4\ E5\ C6/ A7/ @7/ G4+ H4/ E7+ C8\
LoopTrax_3310319 Rogue Trooper vs. birddog856 : @0+ A0/ B1\ A3/ @3/ @3/ B1+ B0/ C5+ D4\ E4\ E5\ C6/ A7/ @7/ G4+ H4/ E7+ C8\
LoopTrax_3310557 birddog8560 vs. Rogue Trooper : @0/ B1+ C1/ B2+ B0+ @3+ E2\ E3\ F3\ E4+
LoopTrax_3310557 birddog856 vs. Rogue Trooper : @0/ B1+ C1/ B2+ B0+ @3+ E2\ E3\ F3\ E4+
LoopTrax_3310558 jazzbeth vs. Rogue Trooper : @0/ A0/ A3/ @3/ C2/ A0+ @4+ D2/ E2/ D0+ D0/ F2+ G3/ F4+ E7+ C8+ C9/ A9+ @8+ A5+ B2+ D1+ E0/ E0/ @8+
LoopTrax_3310582 * vs. Traxplayer : @0+ A0+ B2\ B3\ @2+ D2\ C1+ E1\ E0\ F1\ F2\ C1/ D4\ E4\ F4+ D5+ A5/ C6+ G1+ D0+ H2+ H3+ I4/ J3\ K4/ @6/ @4\ B3/ @4+ A3\ A2\ A1+ @3+ E2+ G1\
LoopTrax_3310669 basplund vs. Rizzo :
LoopTrax_3310673 stormy rebel vs. Dragon101 : @0/ A0/ B1/ C1/ B3\ D1/ D3\ E1+ F2/ D4\ @3\ F3+
LoopTrax_3310689 GringoNZ vs. YankeeFan : @0/ A0/ @1/ A2+ B0+ C3\ B4/ A5\ @4+ D5\ D6\ B6+ E4+ D1+ B0/ A4\ F5/ E8/ F1/ G3+ D0+
LoopTrax_3312472 firefly vs. mugglewump : @0/ @1\ A0/
LoopTrax_3313442 Rogue Trooper vs. JiffyJeff : @0+ A2/ @2\ A1\ C2/ D2/ B3+ B0\ B0\ B0\ B0+ A3+ A7+ @7/ D4+ @6+ B8/ @8/ A9\
LoopTrax_3313558 dgb vs. jazzbeth : @0/ @1/ @1/ A0/ @2/ D3+ D1/ E1/ E0/ F4+ F5\ G1+ B5+ E6\ @1+ D0+ A6/ C7/ @5\
LoopTrax_3315261 JiffyJeff vs. GringoNZ : @0/ A2+ A3/ @3/ @2/ A1/ A0+ D2/ E2+ D4+ B1+ @2\ A1\ B0+ @3+ C5/ B0/ A2+ G3/ G2/ F2+ E7+ E1/ E0+ B1+ A8/ RESIGN
LoopTrax_3317411 Sea Breeze vs. Goonerg : @0+ B1/ @1/ B0+ A1\ @2/ A1+ A0\ @3/ @3+ B4\ D4+ @2/ B0+ D1+ D0+ E3+ H5/ @5\ I6\ H7\ J6/
LoopTrax_3317812 firefly vs. mugglewump : @0/ B1\ B2\ A2+ A3+ @3/ A2+ B4\ D2/ @3\ A2\ B1+ @2/ F3+ F1/ F0/ G2/ D1\ E0/ G2+ F1/ F0\ D1/ C2\ G1+ H1/ E0/ H4\ I5/ G0/ I3\ J4/ I2/ I1/ J1\ I0/ G1+ K3/
LoopTrax_3318894 tburgoon vs. Goonerg : @0/ B1\ A2/ @1/ C2\ B3/ D1/ B0/ E3\ D4/ D5/ D1/ E0\ D0/ E7\ D8/ A2\ @4+ G5+ B5/ F0+ A7/ @5/ D9/ E10\ I6\
LoopTrax_3320489 dingbat vs. YankeeFan : @0/ A0/ @1+ A0+ @2/ @3\ @2+ B4/ A4/ C1+ F2/ F0/ G3/ H4\ F5+ B6+ @3\ A4+ J4\ I2+ J5+ I6+ G6+ G7\ E7+
LoopTrax_3320551 Phil The Hat vs. birddog8560 : @0/ A0/ A0+ B2\ C2\ D2+ B3+ @2+ B0/ B0/ A2+ @2/ B0\ A1\ @3/ A4/ @5\ D7/ C7/ @7+ A8/ A1\ E8\ @5\
LoopTrax_3320551 Phil The Hat vs. birddog856 : @0/ A0/ A0+ B2\ C2\ D2+ B3+ @2+ B0/ B0/ A2+ @2/ B0\ A1\ @3/ A4/ @5\ D7/ C7/ @7+ A8/ A1\ E8\ @5\
LoopTrax_3320572 Geri39 vs. basplund : @0/
LoopTrax_3323934 Rogue Trooper vs. jaha : @0+ A0/ B1\ A3/ B3+ @3\ D3/ B4/ @4+ F3/ G3/ H3/ A2\ @4\ RESIGN
LoopTrax_3323937 ypercube vs. Rogue Trooper : @0+ A0+ B2+ A0\ A4/ @4+ @4\ B1\ A5\ B0+ A2/ D2+ E4\ @4/ @5\ B2+ G3/ H2\ I3/ J2\ @6/ C7+ A2+ @2/ C1+ D1+
LoopTrax_3324053 GringoNZ vs. Traxplayer : @0+ A0+ @2+ B0+ C2+ B0+ A1+ C2+ D2/ @1/ A2+ C5/ A4/ F2+ E1\ C0/ C0/ C0/ C0/ C10/ D9\ A11/ @11/ RESIGN
LoopTrax_3324066 ypercube vs. balmoral : @0+ @1+ C1+ D1+ E1+ A0/ B3/
LoopTrax_3324195 supermac vs. FixitDave : @0+ B1+ B2/ A0\ B1+ @1/ B0+ B0/ D3\ E4/ D5+ D6+ E6\ F4+ D1/ C0\ A2+ E2/ F3/ G3+ G2/ A6/ A7/ A8/ @1\ C0/ B0+ A1\ @1+ A0\ B8+ B5/ B1+ F4+ A6\ @4+ A8+ @7+ B1\ H2/ A3\
LoopTrax_3330659 Rogue Trooper vs. ypercube : @0+ A2+ @2/ B0+ A1\ @1\ D3+ D1/ D0/ A0\ @2/ @4+ G5/ H3+ G1+ I2\ G0+ C0+ F0+ I3/ J4+ E0/ G3+
LoopTrax_3331358 dgb vs. birddog8560 : @0/ A0/ B1+ C1/ A3\ A4\ @3\ @1/ E0/ A4+ F2+ D0/ C2+ B1+ @4/ @5\ D7+ E8/ E9/ C8+ F9\ F10\ G10\ I3\ G4+ G5+ H6+
LoopTrax_3331358 dgb vs. birddog856 : @0/ A0/ B1+ C1/ A3\ A4\ @3\ @1/ E0/ A4+ F2+ D0/ C2+ B1+ @4/ @5\ D7+ E8/ E9/ C8+ F9\ F10\ G10\ I3\ G4+ G5+ H6+
LoopTrax_3332212 Dragon101 vs. Goonerg : @0/ @1/ B0/ @2/ A3/ @2+ D0/ E1/ B0+ F4+ F6+ @4/ @4/ B3+ B0+ A1\ @2+ F1+ J5/ I8/ C7+ A4+ A6+ J7\ K8/ I9/
LoopTrax_3334685 mgs vs. basplund :
LoopTrax_3335317 jazzbeth vs. GringoNZ : @0/ A0+ B1/ A0/ A4/ B3+ @2/ D3+ B0/ A2+ A0/ @2/ @2/ A0+ @3/ E1/ F4+ D0/
LoopTrax_3336402 Dragon101 vs. Lilac Oyster : @0/ B1\ B2\ A2+ C1+ A0/ @2+ A3+ D0/ E2\ A1\ B0\ @3\
LoopTrax_3336405 Uncle Chuckie vs. marygal : @0/ A2\ B1/ B0/ C2\ C3\ D3\ B4/ A0+ @1\ A0\ @3/ G3+ G2/ E1/ C0\ H3/ H2/ H0/ E0+
LoopTrax_3338060 Lorraine of the Renegades vs. Rogue Trooper : @0/ @1/ B0\ A3+ B4\ C4\ B5\ A5+ @5/ C6\ D6\ A7+ @6/ D8+ F6/ F7+ @6\ A5\ A4\ A7/ B8/ @6/
LoopTrax_3338089 ypercube vs. dingbat : @0+ @1/ C1+ A0/ A0/ @2+ @3\ @2/ @3\ D4\ E5/ E0/ A7/ @7+ G7\ G8+ H6\
LoopTrax_3338091 dingbat vs. Traxplayer : @0/ @1/ @1+ A0+ @2/ A3/ E2/ F1\ D0+ F4+ D5+ @3+ A2\ A1+ @1\ D0/
LoopTrax_3338182 GringoNZ vs. JiffyJeff : @0/ @1/ A0/ @1+ B3/ C1/ B0\ D4+ A5\ B0\ A1\ @1\ F4+ G3\ A0\ @2\ E0/ F2+ A1\ RESIGN
LoopTrax_3338273 YankeeFan vs. stormy rebel : @0/ A2\ B2\ @2\ C3+ D3\ B0/ C1\ @4/ B5\ A1\ @2\ B0/
LoopTrax_3338283 jaha vs. Traxplayer : @0/ @1/ A0/ @1/ B0/ A0/ @2+ @3\ C0\ C0\ F6/ F7/ @5\ C2+ B2\ C0/ E1+ E0/ E0/ F2\ F6+ G1/ G0/ G6+ H3+ H5\ I5\ I7+ G8+ B10+ I1/ RESIGN
LoopTrax_3341598 davidmilne vs. stitcher : @0/ A2+ A3+ B2+ A4+ A5\ B5\ C5+ C6\ D6\ A6/ C7+ @6\
LoopTrax_3346595 ypercube vs. JiffyJeff : @0+ A2/ A0\ @3/ A4/ @4/ D2/ C5+ D4\ E3\ A0\ RESIGN
LoopTrax_3346640 birddog8560 vs. GringoNZ : @0/ @1/ B2/ B0\ B0\ C3+ A2+ B0\ @1/ B0+ D3+ C7+ E6\ F6+ F5/ E3+ B0+ G6+ H6/ C9\ F8/ C1+ B0+ H6+ F5+ E3/ E2/ B10/ RESIGN
LoopTrax_3346640 birddog856 vs. GringoNZ : @0/ @1/ B2/ B0\ B0\ C3+ A2+ B0\ @1/ B0+ D3+ C7+ E6\ F6+ F5/ E3+ B0+ G6+ H6/ C9\ F8/ C1+ B0+ H6+ F5+ E3/ E2/ B10/ RESIGN
LoopTrax_3346641 birddog8560 vs. GringoNZ : @0+ A2+ @1\ @1\ D1\ A0+ @1\ A0\ C1+ E2+ F2\ D0/ D0+ D0\ C3+ @3/ D7+ F2/ G1\ H2/ I3+ J3\ H5+
LoopTrax_3346641 birddog856 vs. GringoNZ : @0+ A2+ @1\ @1\ D1\ A0+ @1\ A0\ C1+ E2+ F2\ D0/ D0+ D0\ C3+ @3/ D7+ F2/ G1\ H2/ I3+ J3\ H5+
LoopTrax_3348388 Rogue Trooper vs. Dionysos : @0+ @1+ A0/ A3/ A0/ B4\ A5+ A6\ B6\ C2\ @4/ E5\ A1\ @3+ B0/
LoopTrax_3350191 * vs. Rogue Trooper : @0+ A0+ @2/ @2/ D1/ A1\ @2\
LoopTrax_3352099 basplund vs. Uncle Chuckie :
LoopTrax_3353389 FixitDave vs. Goonerg : @0+ A2/ B2/ A3/ @1\ @1+ D4\ E4/
LoopTrax_3353960 dingbat vs. marygal : @0/ A2\ B1/ @2\ @2\ D0/ D3\ E2/ C0+ @1+ C0/ F2/ F1/ F0/ @5\ B6+ D7+ G6\ H5/ G0/ I5+ D2+ @6\ B5\ A8/ @8/ C9\
LoopTrax_3354021 ypercube vs. Phil The Hat : @0+ A2+ A3+ A4+ A5\ A6/ @5\ @4/ B3+ @5/ C6+ A4+ E3/ F3/ G3/ E6/ C2\ B1+ B0/ E2+ @3+ B1+ G1+ @4\ @4\ F8/ I7/ G1\ F0/ K4\ J1+ G0\ D0/ I1/ J1/ J0/ K1/ L1+ L0/ M4\ M5+ N3/ N2/ K1+ O4+ N5\ G0\ F4+ J0/ K2+ C13/ C14/ E3+ E2+ D4\ C6+ B7\ N2/ P4/ L1/
LoopTrax_3355456 YankeeFan vs. Goonerg : @0/ B1/ B2\ C1/ A3/ @2\ E1/ C0+ E0/ F3/ A1\ C0+
LoopTrax_3355872 Goonerg vs. FixitDave : @0/ A2+ B1/ C1\ D1\ C2\ B3/ B0/ @2/ A0+ @3/ F1/ F0/ G3/
LoopTrax_3356485 dgb vs. birddog8560 : @0/ A0/ B2/ B3/ C2/ @2\ @2\ E4/ F2+ G4/ G5+ D5\ C0+ D1+ G7/ E8+ F9/ G8+ G10+ G3+ H6+ H9\ G11/ G12/ C7+ D9+ E10+ D11+ C10+ A4+ @4/ J9+ I11+ I13/ B5+ C7+ D0/ C3+ F14+ C11/ B8+ A10+ D13+ E15/ @10\ E0/ @10\ A9\ RESIGN
LoopTrax_3356485 dgb vs. birddog856 : @0/ A0/ B2/ B3/ C2/ @2\ @2\ E4/ F2+ G4/ G5+ D5\ C0+ D1+ G7/ E8+ F9/ G8+ G10+ G3+ H6+ H9\ G11/ G12/ C7+ D9+ E10+ D11+ C10+ A4+ @4/ J9+ I11+ I13/ B5+ C7+ D0/ C3+ F14+ C11/ B8+ A10+ D13+ E15/ @10\ E0/ @10\ A9\ RESIGN
LoopTrax_3357235 GringoNZ vs. tburgoon : @0+ A0+ B2+ B1+ C1/ B0+ D2\ D3\ E3\ E4\ E1/ D0/ F3/
LoopTrax_3357236 tburgoon vs. GringoNZ : @0/ @1/ B2/ B0\ C3\ C4\ D3+ D1/ E2\ B0/
LoopTrax_3357237 GringoNZ vs. boneyardking : @0/ B1\ A2/ B2+ @2\ C3/ B0\ A2+ @2\ A1\ @1\ D0/ C0+
LoopTrax_3357238 boneyardking vs. GringoNZ : @0+ A2+ B1/ A3+ B0/ C1/ B3+ B0\ A6\ B5+ D2/ E2/ E5/ C0+ @5/ G1/ F0\ G7\ E7+ H4/
LoopTrax_3357239 GringoNZ vs. Rogue Trooper : @0/ A0+ @2/ @2/ D1/ C3+ B4/ B5/ C4+ D2+ E2/ D0/ C0/ A6+ E2+ E1/ F1/ E0+
LoopTrax_3357240 Rogue Trooper vs. GringoNZ : @0+ A2+ A0/ A4/ B2+ @4\ B5/ C4+ D5/ D1/ B0/ A3/ D4/
LoopTrax_3357241 GringoNZ vs. davidmilne : @0/ @1+ @1\ C0/ B3/ B4/ C3+ @4/ A5/ C5+ E1/ B0+ F3+ G2\ H3/ G1+ C0+ @7/ D8/ J4/ J1/ K1/ I0\ RESIGN
LoopTrax_3357242 davidmilne vs. GringoNZ : @0/ @1/ A2+ B0\ @2/ C4/ B5\ A4+ @4/ D6/ @3/ D1+ F3+ E7/ E0\ F9\ G7+ B9+ RESIGN
LoopTrax_3357245 tburgoon vs. Rogue Trooper : @0/ A0/ B2/ B3/ A3+ @1+ C1/ C0/ D1/ A0+ D6\ E6\ @1\ @1\ D0\ F0+ G3\ H8/
LoopTrax_3357246 Rogue Trooper vs. tburgoon : @0+ A0+ B1/ B0/ @2/ @2/ B1+ D3+ E1/ A4/ @4/ D4\ D5\ F0/ G4+ D0+ B1\ A2+ B0/
LoopTrax_3357247 tburgoon vs. davidmilne : @0/ @1/ C1/ B2+ D1/ A0+ @1\ @2\ D0+ B1\ F0/ G1/ G5\ F6+ G3/ H5\ F7\ G6+
LoopTrax_3357248 davidmilne vs. tburgoon : @0/ B1\ A2/ B0\ @2+ D1/ D0/ B5/ A1\ D0/ @2/
LoopTrax_3357249 boneyardking vs. Rogue Trooper : @0+ A0/ B2+ B3\ A0/ A4/ B5\ C3/ @2\ D6/ A3+ A5/ @5/ F5+ D7/ F1/ G1+ E0/
LoopTrax_3357250 Rogue Trooper vs. boneyardking : @0+ B1/ B0/ @2\ C3/ D1/ A0+ @1/ D0+ F3\ F2+ D0/ F6\ E7/ G4+
LoopTrax_3357251 boneyardking vs. davidmilne : @0+ A0+ A3\ A0+ B3+ A0+ B2+ A0+ A0/ B1/ C2/ A0\ @2/ @3\ B1+ B0\ E3/ F4+ @2+ G6\ H6\ C7\
LoopTrax_3357252 davidmilne vs. boneyardking : @0/ B1\ A2/ @2\ A1+ A0\ B0\ A1+ C1/ @1/ E2\
LoopTrax_3357253 Rogue Trooper vs. davidmilne : @0+ A2+ A0/ A4+ @1/ @2\ A0+ A4/ @3/
LoopTrax_3357254 davidmilne vs. Rogue Trooper : @0/ A0+ B2/ A0/ A4+ C1/ RESIGN
LoopTrax_3357267 dgb vs. Big Giant Head : @0+ @1/ C1/ @1+ C2+ D2+ B0/ C0\ E1+ C0\ F2\ E0/ F1/ G3\ A1\ E6/ @2\
LoopTrax_3357268 Big Giant Head vs. dgb : @0+ A0+ B2\ C2\ B3+ A0\ B2+ D2\ A5+ D1/ E1/ B0+
LoopTrax_3357269 dgb vs. coopaah : @0+ @1/ C1/ B2+ B0+ @2/ E2\ E3\ F3\ D4/ F1/ D0\ G2\
LoopTrax_3357270 coopaah vs. dgb : @0/ @1/ C1+ C2+ D2\ D3\ B3+ E2+ E1/ E0+ F2\ A1\ @1\ C0/
LoopTrax_3357271 dgb vs. Goonerg : @0+ @1\ C1\ B2+ B0+ @1/ E2/ E1/ F1/ E0+
LoopTrax_3357272 Goonerg vs. dgb : @0/ @1/ B0/ @1+ C0/ D1/ D0/ @4\ A2+ E5+ F4+
LoopTrax_3357273 dgb vs. ypercube : @0+ A0+ @1\ C1/ A0\ @1\ D0+ E2\ D4+ E0\ @3+ @3\ @3\ B4+ @3\ F1+ F0/ C3+ F6+ A2\ @2\ C1/ RESIGN
LoopTrax_3357274 ypercube vs. dgb : @0+ A2+ B2+ B1+ C1+ B0/ B4\ C4\ C5\ D2+ B0/ C7+ E5+ F5\ G6/ F4+ D1/ D0/ H6+ F4/ G8\ H8\ I7+ J7/ @5\ A3+ B1/ @5\ @5\ A2\ @2\ E0+ H1\ F2/
LoopTrax_3357277 Big Giant Head vs. Goonerg : @0/ A0/ B1\ @2/ A3\ B3\ C2+ @2/ C4\ D4\ E3\ @4/ B5\ A1\ @3/ B0/
LoopTrax_3357278 Goonerg vs. Big Giant Head : @0/ B1\ A2/ @2/ C2\ B3/ B0/ C0/ D3+ C5\ D6/ A5+ A1\ @1\ C0/
LoopTrax_3357279 Big Giant Head vs. ypercube : @0/ @1/ B2+ B0\ @3\ @2/ B1/ E2+ @1\ A0\ @3/ A4/ B5/ @1\ B0/ A6/ @6/ D7/
LoopTrax_3357280 ypercube vs. Big Giant Head : @0+ B1\ @1\ B2+ @1/ B2+ B3/ A2/ @2/ A3/ @3/ C4\ @1+ B0\ C6+ F4\ F5\ B0+ A7/ @4\ C8/
LoopTrax_3357281 coopaah vs. Goonerg : @0/ A0/ A3+ B3+ B4\ C4+ C2+ A0/ @4/ A2+ @3\ E0/ F1+ B1\ A2+ C0/
LoopTrax_3357282 Goonerg vs. coopaah : @0/ A2\ B1/ C1+ A0\ @2/ D3+ E3\ C4+ A1\ @2/ @4/ C5+ C6\ D7/ B6+ @4/ B2+ D8\ F7+ F9\ G8/ C9/ B8\ E10/
LoopTrax_3357283 coopaah vs. ypercube : @0/ @1/ A0+ B3+ B0\ B0\ C3+ @1+ B0\ @2\ A1\ @1\ A0\ A4/ C5+ @4\
LoopTrax_3357284 ypercube vs. coopaah : @0+ A0+ B2+ @2\ D2\ @1/ B3+ A0\ @1\ @1\ B4/ C5\ A0\ @1\ H3/ I4\ F1/ D0+ F6\
LoopTrax_3357285 Goonerg vs. ypercube : @0/ @1/ B0/ @1/ B3+ B4/ A2+ D2+ C4+ A3+ E2/ C0/ @4/ F0/ G1/ B1+ D0/
LoopTrax_3357286 ypercube vs. Goonerg : @0+ A0/ A3\ B1/ B0/ C1/ D1+ D0/ C1+ D0/ E6+ E7\ E1+ F4/
LoopTrax_3357287 jazzbeth vs. rednose426 : @0/ A0/ B2/ A0\ @3+ @2/ @2/ E1\ A4/ @3\ F4\ G3/ D5+
LoopTrax_3357288 rednose426 vs. jazzbeth : @0+ A0/ B1\ B2\ C2+ A3\ D1/ D0/ B4+ D3+ C4+ E2+ C1+ B0/ A2+ B0/ @2/ F1/ F0/ G4/
LoopTrax_3357289 jazzbeth vs. SIRI : @0/ B1\ B2\ C2+ D2/ B0+ E2+ D0/ D0+ B1+ E2/ E5+ F2\
LoopTrax_3357290 SIRI vs. jazzbeth : @0/ @1/ B0/ B0+ C2/ @3/ A0\ @3+ F4\ E5/ D1/ D0/ C6\ A2+ A6/ @6\
LoopTrax_3357291 jazzbeth vs. ajj52 : @0/ B1\ B2\ C2+ A2+ D2+ A3\ B3+ C3+ D3+ E2/ E3+ F3\ F4\ G4+ E1/ G5/
LoopTrax_3357292 ajj52 vs. jazzbeth : @0+ A0/ B1\ B2\ C2\ B3/ B4/ A4/ C5\ @3+
LoopTrax_3358031 JiffyJeff vs. Rogue Trooper : @0/ A0/ @1/ A2+ B3/ @2/ @3\ B1+ B0+ D0+ E4+ B6+ C7/ @3\ RESIGN
LoopTrax_3358118 Traxplayer vs. Dragon101 : @0/ A0/ @1/ @1/ D1/ A2/ @2/ @2+ F0/ G1+ E0+ E0/ E0/ G2+ @3/ D7+ D8/ C9\ B8+ A8\ @6\ B5+ F8+ E10/ C2+ A2+ D11+ J6+ @3+ @3/ G1+ G0/ C2\ C1+ G0/ B2/ E1+ E0/ @7+ K3+ I1+ M5/
LoopTrax_3358119 jazzbeth vs. ypercube : @0/ A2+ B1/ A0/ B1+ @3/ A2+ D1/ E1+ @3/ C4\ C0/ A2+ E0/ F2+ D0\ C2+ F1/ G4/ E0/
LoopTrax_3358549 GringoNZ vs. Traxplayer : @0+ A0+ @2/ C2\ B3/ B4/ A4/ @4+ C5+ C6/ A5+ E2\ F5+ E6\ E7\ F7\ G6\ D8+ C8+ C9/ G3/ RESIGN
LoopTrax_3361322 DINGEROO vs. * : @0+ A2+ A3\ @2\ C2\ @2\ D1/ E1/ @2+ A3+ @3/ E4/
LoopTrax_3361561 dgb vs. birddog8560 : @0/ A0/ A0/ @3+ @2+ @1+ C4/ @1+ D0+ B0/ F4+ D7+ C5+ B5\ E7+ D8/ C8/ B7/ A6/ @6/ A7/ B8/ E9+ RESIGN
LoopTrax_3361561 dgb vs. birddog856 : @0/ A0/ A0/ @3+ @2+ @1+ C4/ @1+ D0+ B0/ F4+ D7+ C5+ B5\ E7+ D8/ C8/ B7/ A6/ @6/ A7/ B8/ E9+ RESIGN
LoopTrax_3363048 Goonerg vs. stormy rebel : @0/ B1\ A2/ B0\ @1/ B0/ B0/ @3\ E3+ D0\ C0/ A4\ E0/ F2\ B1\ A2/ C0/
LoopTrax_3363792 Miss Traven vs. Christine : @0/ A2\ B1/ B2+ C2\ C0\ C4/ D2+ B4/ E2+ C5\ D5\ B6/ E5/ A6\
LoopTrax_3365079 basplund vs. lhh61 :
LoopTrax_3371822 * vs. csain1 : @0/ A0/ A0/ A0/ @3+ C3\ D3+ D4\ A5\ @1+ C0/ @2/ E7+ G5/
LoopTrax_3371837 Goonerg vs. Sea Breeze : @0/ @1/ B0/ @2+ B3/ B0\ D2/ @2/ C0+ B2+ F5+ B1+ E6+
LoopTrax_3373346 marygal vs. DINGEROO : @0/ A2\ B1/ A0+ @2\ @2/ A3/ A4/ A1\ B0\ @3\
LoopTrax_3373397 dingbat vs. Rogue Trooper : @0/ A0+ A3+ A0/ @2+ C4+ B5/ C5+ A4+ @5+ A3\ D6\ D7\ E4\ F4\ E3+ E2/ G7+ D8\ E1+ G4+ @5+ C6+ B7+ @4/ B2+ @4/ K5+ L5/ H9/ I10+ G10+ C6+ C8+ F11+ B9\ D12+ A12/ A13/ @8/
LoopTrax_3375089 basplund vs. dreamflight :
LoopTrax_3376678 jazzbeth vs. Rogue Trooper : @0/ A0/ A0/ @3+ C1/ D1+ B0+ @3/ @2+ C0/ A0+ @3/ @3/ @4\ A0+ F1/ D0+
LoopTrax_3376790 birddog8560 vs. ypercube : @0/ @1/ A0/ @1/ A0/ @1/
LoopTrax_3376790 birddog856 vs. ypercube : @0/ @1/ A0/ @1/ A0/ @1/
LoopTrax_3378238 Traxplayer vs. REBEL DJ : @0/ B1\ A2/ @1/ A0/ B1/ D1\ C0+ E1\ F1\ @3/ C1+ C0/ B1+ C0+ F2\ @3+ @3\ A4+ E0/ F2+ H2+ G1+ B7+ B8\ @7/ A8/ C9\ A5+ @5\ D10+ E7+ A10/ @8\ C11/
LoopTrax_3378381 jaha vs. birddog8560 : @0/ A0/ B2/ B3/ C2/ @2\ C4\ E3/ B0/ B0+ F5+
LoopTrax_3378381 jaha vs. birddog856 : @0/ A0/ B2/ B3/ C2/ @2\ C4\ E3/ B0/ B0+ F5+
LoopTrax_3379587 dingbat vs. YankeeFan : @0/ A0/ A0+ B1+ B0\ B4\ A5/ A0/ A0/ @2+ @2\ E6+ F5\ B7+ A5+ @5\ H4/ @5\ H3/
LoopTrax_3380506 ypercube vs. birddog8560 : @0+ A0/ A3\
LoopTrax_3380506 ypercube vs. birddog856 : @0+ A0/ A3\
LoopTrax_3384528 Pegasus vs. basplund : @0+
LoopTrax_3384528 Wife of a Maverick driver vs. basplund : @0+
LoopTrax_3389657 Miss Traven vs. Christine : @0/ A2\ B2\ B1+ C2/ C3/ C1+ D1\
LoopTrax_3394675 BigDaddyTuaine vs. Authority : @0+ @1/ A0\ @1\ A0\ C4+ D4\ B5\ E4/ D3+ E3+ D2\ D6\ E6\ F4/ G3\ H5\ G2/ H2/ E1+
LoopTrax_3395801 Sista vs. Klu : @0+ @1/ @1\ B0/ A1+ @2\ C0\ B1+ @3/ B4\ C0+ B2+ B1\ A2\ @3\ G4\ G5\ B5+ B1+ F6\ A2\
LoopTrax_3398001 marygal vs. dingbat : @0/ A0/ B1/ B0/ C3\ A4+ A0\ @3+ C0/ D1/ E3\ E5\ F4\ C0+ G2+ G1/ D0\ A2\ A1\ @4+
LoopTrax_3398016 Lilac Oyster vs. YankeeFan : @0+ A0/ B1\ B2\ B3+ C3\ B4\ C1/ D1\ B0/
LoopTrax_3398042 Goonerg vs. Rogue Trooper : @0/ A0+ B1\ A3/ @3/ @3+ C4+ E1\ F2/ E0+ @3/ B1+ E0/ H6+ H2/ I4/
LoopTrax_3398238 birddog8560 vs. Rogue Trooper : @0/ A0/ @1/ B0/ @1/ D2+ C4\ E2\ F2\ E1+ E0\ E5+ G3\ F1+
LoopTrax_3398238 birddog856 vs. Rogue Trooper : @0/ A0/ @1/ B0/ @1/ D2+ C4\ E2\ F2\ E1+ E0\ E5+ G3\ F1+
LoopTrax_3398288 Authority vs. basplund : @0/
LoopTrax_3398477 birddog8560 vs. jazzbeth : @0/ @1/ A0/ A0+ @3/ B0/ B0+ @3+ B6/ D7/ E5+ D4+
LoopTrax_3398477 birddog856 vs. jazzbeth : @0/ @1/ A0/ A0+ @3/ B0/ B0+ @3+ B6/ D7/ E5+ D4+
LoopTrax_3402008 birddog8560 vs. Traxplayer : @0/ @1/ B2/ C2/ D2+ D3+ E2/ E1/ E3\ F3\ G3+ B4/
LoopTrax_3402008 birddog856 vs. Traxplayer : @0/ @1/ B2/ C2/ D2+ D3+ E2/ E1/ E3\ F3\ G3+ B4/
LoopTrax_3402500 Miss Traven vs. Christine : @0/ B1\ A2/ B2+ B3\ @3\ B4/ A4+ D1/ D0/ B6/ C1\ C0\ D5\ E3/ @6/ A8/ @8/ A7+ A5\ A4\ @8\ A6\ A1\ A5\ B0\
LoopTrax_3402520 Miss Traven vs. Lore_Lamia : @0+ @1/ @1\ B0/ C0\ @3/ B4\ E3+ D0/ E1/ C1\ C0/
LoopTrax_3402528 andysus93 vs. Authority : @0+ @1/ @1\ B0/ C3\ C4\ C5/ D3+
LoopTrax_3403308 Hoosierenvy vs. Authority : @0/ A2+ @1\ A0\ A3+ C3+ B4/ D2\ @2+ D1/ B0\ B0\ C0+ B8\ B9\ E3\ F5\ G6/ H5\ F1/ F0/ F8+
LoopTrax_3403814 dingbat vs. Rogue Trooper : @0/ A0/ A3/ B1+ B0/ B0/ @5+ D2+ E2\ F2\ C0/ A3+ @5/ D0/ E6+ F7+ E8+ C2+ F3+ G2+ H4\ G8+ D9+ I7+ I9\ J7\ B9/ @6/
LoopTrax_3405834 andysus93 vs. Charlo : @0+ A2/ @2\ A1\ @1\ A0\ B0\ A5+ D1/ @4+
LoopTrax_3405948 Goonerg vs. marygal : @0/ B1\ A2/ @1/ B0/ D1/ B0/ @1\ C0/ F4\ D5\ D6\ A5/ @5/ G5+ F1/ D0/ C7+ F8\ B1\ C0/ H3/ F2/ F1/ D9/ F10\ I6+ H7\ H9+ I9\ J9+ I10/ B9+ E1\ F0/ J7+ K10/ B2+ D1/ F0/ K7\ L8/ M8+ M7/ M6/ I4\ A8+ E1\ F0/ A2\ H4/ B1\
LoopTrax_3406062 YankeeFan vs. JiffyJeff : @0/ A0/ A3/ B2+ A4/ @2\ D2/ E1\ C0\ D5+ D6\ D7+ A6+ E6\
LoopTrax_3406726 phonic vs. firefly : @0/ A2/ B1/ A0+ @3/ @1+ @1/ D0/ F2\ B1+ A1\ @2\
LoopTrax_3407340 Miss Traven vs. Lore_Lamia : @0/ B1\ A2/ B2+ C1/ C0/ B4\ B1\ C0/ @2\ A1\ A5/ @5\
LoopTrax_3407480 Authority vs. hexkid : @0/ A2\ B2\ B1+ A3+ A4+ @2\ D2+ B0/ E3/ @4/ A5/ A1\ RESIGN
LoopTrax_3407975 Yiewxi vs. Charlo : @0/ A0+ @2\ A1\ B0\ @3+ @3\ C1\ C4/ D0/ E2\ A1\ @1\ D0\
LoopTrax_3409239 dgb vs. jazzbeth : @0/ @1/ B0+ A0+ C2\ A0+ @3+ D5/ E5/ @3+ B5/ A4+ @4/ B5/ B6/ A6/ A7/ @4+ E7+ B8+ H6\ G7\ I5\
LoopTrax_3409240 jazzbeth vs. dgb : @0/ A0/ B2/ C2/ A0+ @1+ A0\ @1\ C5/ E6+ F6\ A4+ @3/ B6/ A6/ D7/
LoopTrax_3409241 dgb vs. birddog8560 : @0+ A0/ @2\ B3/ B0\ @3/ C5/ D2\ E2\ F2\ C0/ D1+ G2/ G1/ D6\ RESIGN
LoopTrax_3409241 dgb vs. birddog856 : @0+ A0/ @2\ B3/ B0\ @3/ C5/ D2\ E2\ F2\ C0/ D1+ G2/ G1/ D6\ RESIGN
LoopTrax_3409242 birddog8560 vs. dgb : @0/ @1/ A0/ @2+ C3/ B0\ @3\ B1+ @1/ D4/ C0+ C0/ E3+ F5+ G5/ G4/
LoopTrax_3409242 birddog856 vs. dgb : @0/ @1/ A0/ @2+ C3/ B0\ @3\ B1+ @1/ D4/ C0+ C0/ E3+ F5+ G5/ G4/
LoopTrax_3409243 dgb vs. ypercube : @0/ @1/ B0/ @1/ @1+ D3\ E3\ @1\ D0+ E0\ F2\ G3+ E6+ C4/ B5+ A4+ H3\ G2+ D0/ I4\ G7\ F8/ H2+ G0/ J4/ RESIGN
LoopTrax_3409244 ypercube vs. dgb : @0+ A2+ A0\ B1+ @2+ B4\ @2\ B0/ E2/ B4/ @3\ @4+ RESIGN
LoopTrax_3409245 dgb vs. GringoNZ : @0/ @1/ @1/ C0\ B3+ C4/ D3+ E3\ @3/ A4/ A5/ B6+ C7/ B1/ A2+ @1/ @4/ @3+ B1+ F8/ D7+ D9+ G5+ C8+ C0+
LoopTrax_3409246 GringoNZ vs. dgb : @0+ A2+ B2+ B1+ C2\ B0/ @2\ @2\ A3\ B4/ @3+ C5/ RESIGN
LoopTrax_3409247 jazzbeth vs. birddog8560 : @0/ A0/ A3/ B3/ C3/ A4+ B1+ C1+ @1+
LoopTrax_3409247 jazzbeth vs. birddog856 : @0/ A0/ A3/ B3/ C3/ A4+ B1+ C1+ @1+
LoopTrax_3409248 birddog8560 vs. jazzbeth : @0/ @1/ B2/ C2/ C3/ C4/ A0/ @1/
LoopTrax_3409248 birddog856 vs. jazzbeth : @0/ @1/ B2/ C2/ C3/ C4/ A0/ @1/
LoopTrax_3409249 jazzbeth vs. ypercube : @0/ @1/ C1/ D1/ A0/ @1/ F2+ B3+ A2+ F4\ G3+ C5/ B4+ G5\ E6+ H4/
LoopTrax_3409250 ypercube vs. jazzbeth : @0+ A0/ A3\ B2\ C2\ B3\ D1/ B0+ D4\ A5/ E3\
LoopTrax_3409251 jazzbeth vs. GringoNZ : @0/ @1/ C1/ C2/ C3+ B0\ @2+ @2\ B1\ B0\ A2\ F5+ E6+ F1/ G3\ E0/
LoopTrax_3409252 GringoNZ vs. jazzbeth : @0+ A2/ A0\ @2/ A0/ @3\ @3+ B2+ A1+ C0/ E3+ E0\ @4/ C6+ B7\ C8/ D7+ E8/ F5\ A6+ D9/ F8+ B9+ G7\ E10+ H8+ @4\ B2+ A7+ D1+ A6+
LoopTrax_3409253 birddog8560 vs. ypercube : @0/ @1/ C1/ D1/ C0/ A0+
LoopTrax_3409253 birddog856 vs. ypercube : @0/ @1/ C1/ D1/ C0/ A0+
LoopTrax_3409254 ypercube vs. birddog8560 : @0+ A0/ A3\ B3\ B4\ C4\ @2\
LoopTrax_3409254 ypercube vs. birddog856 : @0+ A0/ A3\ B3\ B4\ C4\ @2\
LoopTrax_3409255 birddog8560 vs. GringoNZ : @0/ @1/ A0/ A3\ C2+ @2+ B4\ C4+ D3\ A4\ @4\ B5+ @5\ B6+ B7+ F5/
LoopTrax_3409255 birddog856 vs. GringoNZ : @0/ @1/ A0/ A3\ C2+ @2+ B4\ C4+ D3\ A4\ @4\ B5+ @5\ B6+ B7+ F5/
LoopTrax_3409256 GringoNZ vs. birddog8560 : @0/ A0/ A3/ B3/ B4/ C4/ C5/ D5/ @3\ B4/ A5\ B6\ B7\ @4+ F6/ D2+ G6\
LoopTrax_3409256 GringoNZ vs. birddog856 : @0/ A0/ A3/ B3/ B4/ C4/ C5/ D5/ @3\ B4/ A5\ B6\ B7\ @4+ F6/ D2+ G6\
LoopTrax_3409257 ypercube vs. GringoNZ : @0+ A0/ A3\ B3\ B4\ C1+ D2+ C5+ @2\ @1/ E0/ F1/ F0/ G1/ G0/ H4+ I3+ J2+ H6+ I5\ D0\ C2/ G8\ I7\ H9+ J7\ G10+ A4\ @4\ L5+ L8+ F0+
LoopTrax_3409258 GringoNZ vs. ypercube : @0/ @1/ B2/ B3/ A0/ A0/ C3+ @1\ A0\ C3+ D3/ C1+ A5/ @5/ F6\ F7\ B0\ A1+ @2\ B0/
LoopTrax_3409377 Goonerg vs. Dionysos : @0/ B1\ A2/ @2+ B0/ C3+ D3/ B4\ D0/ E1/ A1\ @1\ C0/
LoopTrax_3409406 GringoNZ vs. dingbat : @0/ A0/ @1/ A2/ C2+ A3/ D2/ E2/ F1\ @3+ A0+ @3/ H1/ I2\ D0/
LoopTrax_3409407 Authority vs. Lilac Oyster : @0/ B1\ A2/ A0/ @3+ A4/ @4/ E2/ A1\ @3/ B0/
LoopTrax_3409634 Mersephone vs. basplund : @0/
LoopTrax_3409655 jazzbeth vs. Traxplayer : @0/ @1/ C1/ D1/ D2/ B0\ A3+ C4+ E2/ C5/ E5\ RESIGN
LoopTrax_3411281 Authority vs. * : @0/
LoopTrax_3413565 GringoNZ vs. Faucilla : @0/ A0+ @1/ @1/ A0/ A3/ D2/ E2/ D3+ F3/ E1/ C0+ F1/ D0\ E6/ F4/ G3\
LoopTrax_3413565 GringoNZ vs. Wyonette : @0/ A0+ @1/ @1/ A0/ A3/ D2/ E2/ D3+ F3/ E1/ C0+ F1/ D0\ E6/ F4/ G3\
LoopTrax_3413565 GringoNZ vs. Wyvella : @0/ A0+ @1/ @1/ A0/ A3/ D2/ E2/ D3+ F3/ E1/ C0+ F1/ D0\ E6/ F4/ G3\
LoopTrax_3414270 honeybee vs. Charlo : @0+ @1/ @1+ C0\ B3/ C0\ D3\ D1\ B5/ @4/ @4+ F0/ G1+ C1\ E7/ E0\
LoopTrax_3414370 Miss Traven vs. Lore_Lamia : @0+ B1+ A0\ B1+ A3/ @3/ A4/ @4/ C5\ D5+ D4+ D6/
LoopTrax_3414371 Lore_Lamia vs. Miss Traven : @0/ @1\ A0/
LoopTrax_3415353 jazzbeth vs. Jay RAA : @0/ B1\ A2/ A0/ C1\ A0\ @3+ @3/ E1/ D0/ F3/
LoopTrax_3415354 Jay RAA vs. jazzbeth : @0/ A0/ B2/ B3/ C3/ D3/ E3/ D2+ B4/ B5+ A4\ @3/ G2/ E1/ G5\ H2\
LoopTrax_3415355 jazzbeth vs. Authority : @0/ @1/ A2+ @1/ A0+ C4/ D3+ @2/ C5+ E5/ E6/ B5/ @3+ G3/ F1+ C0/ C0/ @5/ C6+ G0+ H1/ I1+ F0/ H0+ I1/ J1+ H0+ J6\ I7+ K4\
LoopTrax_3415356 Authority vs. jazzbeth : @0/ A0/ B1+ A3/ B0+ A1\ @2/ A3/ D2\ C5+ E3/ F3/ C6+ @2/ B5\ A1\ @1\ I4/ H6+ D6+ D0+ I3/ G2+ F0/ H2+ I9/ J8\ K8+ K9\ I10/ H11\ I2/ I1/ J1/ G0+ K4+ L8\ F10+
LoopTrax_3415357 jazzbeth vs. Traxplayer : @0/ @1/ C1/ D1/ A0/ A3/ @2\ B4+ C1+ F3+ C5/ F6\ G4/ D7/ D8+ C8/ B7/ A5\ @4/ F9+ A2\ @2+ G10/ J4+ A1/ D0/ D0/ F11+ D10/ I11\ J12/ K6\
LoopTrax_3415358 Traxplayer vs. jazzbeth : @0/ @1/ A0/ A0/ A4/ @1+ @1/ C0/ D1/ E1+ C0+ @6+ C7\ B2+ E8+ G4+ H3\ F9/ H8+ I6+ J6\ I9+ F10+ H2\ G1/ F0\ F0\ D2/ H1/ I6/ G0/
LoopTrax_3415359 Jay RAA vs. Authority : @0/ @1/ A0/ A3+ A0\ @4\ A5/ @5/ E4\ D5/ D6/ A2\ B1\
LoopTrax_3415360 Authority vs. Jay RAA : @0/ B1\ A2/ A0/ C2\ @1\ A0\ A0\ @1\ B0/ E3/ F3/ B0/ C1/ @7+ D8/ A1\ @2/
LoopTrax_3415361 Jay RAA vs. Traxplayer : @0/ @1/ @1/ @1/ A0/ A3/ E3\ C4+ A0\ @1\ A5/ A6/ F2/ G4+ H3\ A3+ @4\ A2\
LoopTrax_3415362 Traxplayer vs. Jay RAA : @0/ B1\ A2/ A3\ B2\
LoopTrax_3415363 Authority vs. Traxplayer : @0/ @1/ A2+ C1+ D1+ B3\ @2\ C0/ B0+ B0/ B0/ @6\ @6\ @5+ C2+ @3\ B1\ A1\ C0/ RESIGN
LoopTrax_3415364 Traxplayer vs. Authority : @0/ @1/ A0/ B1+ B3/ @2/ D2\ C4/ B0+ B4+ D4+ @3/ D6/ C0/ A1/ @3+ F8+ G6/ F9/ D0/ RESIGN
LoopTrax_3415365 GringoNZ vs. hexkid : @0/ A0+ B1/ @1\ A0\ C3+ @2+ @2+ B4/ A3+ E4\ A1+ F3+
LoopTrax_3415366 hexkid vs. GringoNZ : @0+ A2+ B1+ A0\ B3\ A4\ C2/ D2\ D3\ D4/
LoopTrax_3415367 GringoNZ vs. Goonerg : @0/ @1/ A0/ B3\ C3\ @2/ E3/ E2/ F2/ C1/ A4/ C0/ @5\
LoopTrax_3415368 Goonerg vs. GringoNZ : @0/ @1/ @1/ B2\ B0+ D2\ D3\ E3\ E4\ E1/ C0/
LoopTrax_3415369 GringoNZ vs. Daddy MBA : @0/ A0/ @1/ A0/ @1/ A0/ @2+ B0/ B0+ @1/ A4/ @4\ A3\ D0/ @5/ B6+ A2\ C1/ @4\
LoopTrax_3415370 Daddy MBA vs. GringoNZ : @0+ A2+ B1/ C1/ C2/ A3/ A4/ @3/ C0/ @4+ @4\ A5\ C6+ E5+ D6\ D7\ E6\ F6\ F7\ G5/
LoopTrax_3415371 hexkid vs. Goonerg : @0/ @1/ C1/ @1/ @1+ B2/ B0\ B0\ A2\ F1/ E0+ F5\ D6+ G4/
LoopTrax_3415372 Goonerg vs. hexkid : @0/ @1/ @1/ @1/ B2+ C0\ C0\ B2\ E1/ A2+ D0/
LoopTrax_3415375 Goonerg vs. Daddy MBA : @0/ A0+ @1+ B0/ C1/ D2/ B0+ A1\ @1+ C0+ D5+ F5/ F4+ F6\ G5/ F3\ E7+ C6+ D7/ H5/ I5/ A1\ B0/ E2\ F3+ F1\ I4/ J4/ D9/ B8/ A8/ @7+ A5+ @4/ K7\ L7\ J9+ G10+ K3+ M4\ L6+ M7/ M5\
LoopTrax_3415376 Daddy MBA vs. Goonerg : @0+ @1+ A0/ B3\ B4\ A4+ @1/ B0/ D3\ @1\ B0+ A5/ @3\ C6/
LoopTrax_3415377 dgb vs. Rogue Trooper : @0+ A0+ @2/ @2/ D1\ A3+ B4/ D3+ @4\ @3/ B2+ E0/ G2\ H3/ H0+ I3\ F0\ E1\ D1+ A2+ B1+
LoopTrax_3415378 Rogue Trooper vs. dgb : @0+ A2+ B2+ B1+ C2\ B0/ C1/ D3\ @2/ E4+ C0+ @4\ B5+ F6/ E0\ @5+ E8+ E9/ C3/ C9/ C10\
LoopTrax_3415379 dgb vs. BigDaddyTuaine : @0+ @1\ C1\ C2\ C3\ C4/ A3/ A4/ @2\
LoopTrax_3415380 BigDaddyTuaine vs. dgb : @0+ B1+ B2/ B0/ C1/ D1/ E1\ D3\ E2+ C4/
LoopTrax_3415381 dgb vs. ypercube : @0/ @1/ B0/ A0+ @3/ C0\ B5+ @4/ @3+ @3/ @4\ B2+ D6\ C5+ H2\ RESIGN
LoopTrax_3415382 ypercube vs. dgb : @0/ @1/ C1/ C2+ B0+ A0/ @2+ E2\ B0/ F3\ RESIGN
LoopTrax_3415383 Rogue Trooper vs. BigDaddyTuaine : @0+ @1\ B2/ A3/ @3/ D2\ D3\ B4/ A1\ @2\ C0+
LoopTrax_3415384 BigDaddyTuaine vs. Rogue Trooper : @0+ A0+ A0\ A4\ B4\ C4\ D4/ @3/ A5/ B6+
LoopTrax_3415385 Rogue Trooper vs. ypercube : @0+ A0+ B1+ B2+ @2/ B0\ B0\ D4\ A5+ B6/ C6+ @5/ B1\ A2+ @5/ E7\ F7\ G6+ A1/ @1/ E0/ F1/ @2/ G3+ H3/ I2\ J3/ J6+ K3+ I1+ H0/ F0+ D1+ L5\ M7+ N6\ M5+ L9+ N8+ D0\ D0\ C3/ B2+ H2/ G0+ I3\
LoopTrax_3415386 ypercube vs. Rogue Trooper : @0+ A2+ A3/ @1/ C3/ @3+ @3\ B1+ @3\ E0/ C5/ E5+ @5/ B6/
LoopTrax_3415387 BigDaddyTuaine vs. ypercube : @0+ A0+ A0\ B1/ B0/ C1+ B0\ A1\ A0\ @1\ @2\ E5\ F5\ B6\
LoopTrax_3415388 ypercube vs. BigDaddyTuaine : @0+ @1\ C1+ D1/ A0\ B0/ C1+ A0\ @1\ C0/ D1/ D0/ E4/ F4/ A6/ A7/ @4+
LoopTrax_3415391 birddog8560 vs. Guyver :
LoopTrax_3415392 Guyver vs. birddog8560 : @0+
LoopTrax_3415395 Judy vs. Guyver : @0+ B1\ C1/ B0\ A0+ D3\ B4\ B1/ C1/ A5/ @4\ B0\ A1\ @5\ B0+ A3+ @4\ B7/ A6\ @6\ C8+ G7+ C1+ F9+ H7/ H8+ G10/ I6/ B2+ D10/ I7+ E11\
LoopTrax_3415396 Guyver vs. Judy : @0+ @1\ B2/ B0+ C3/ @3/ C4/ @2\ A1\ C0/ F3/ F2/ G2/ G1/ C0/ @5/ C6/ C7/ A1\ G1+ A0/
LoopTrax_3415399 Guyver vs. Leeeeeesa : @0+ B1\ C1/ C0/ B1+ C0\ D2/ D0/ E3/ A3\ B1/ C0\ F3/ F2/ A2\ A1\ F4+ @2\ H5\ H6\ B6/ B0\ A6+
LoopTrax_3415400 Leeeeeesa vs. Guyver : @0/ B1\ B2\ A2+ A0\ @2/ D2/ D1/ C0/ C0/ D1/ E1/ A3\ @3/
LoopTrax_3423017 Charlo vs. Lilac Oyster : @0/ @1/ A2/ B3+ C3\ D3+ C4/ C5/ C0\ E3/ D0/ E2+ A1\ C0/ @2/
LoopTrax_3423027 Goonerg vs. Rogue Trooper : @0/ A0/ A0/ @2+ C1+ A0\ @2/ E3/ E5+ F3/ C0+ D2/ D1/ C0+ E1+ D0\ G3/ H3+ H6+ I4/ H2/ H1/ G0+ J6+ H8/ K6\ C1\ B1\ A5\ @6/ B8+ B1/ C2+ A3+ @3/ @3/ B2+ C1+ D0/ D0/ D0/ B1+ A1\ A3/
LoopTrax_3423185 Phil The Hat vs. supermac : @0/ B1\ B2\ C2\ @1+ B2+ D3\ D4+ E4\ E3+ D5/ A4+ F1/ D0+ E7\ F7\ G3\ G4\ F8\ H7\ D9+ C7+ I6+ @3+ A7/ @3/ B8\
LoopTrax_3423366 ypercube vs. Dragon101 : @0/ A0/ A3/ A4/ B4/ B5/ C4+ @2+ A5\ @4+ @4\ @3/ B5+ F3+ C1\ B0/ @1\ C0/ A7/ B8\ @6\
LoopTrax_3424004 Sassy Lassie vs. Charlo : @0+ A2\ A0/ B1/ B4/ @4\ D1+ B0\ A3\ A6/ @5\ E6\ E7+ F6/
LoopTrax_3427864 YankeeFan vs. Lilac Oyster : @0/ A2\ B2\ @1+ @1\ A0\ A0+ @1\ E1/ F2\ F3+
LoopTrax_3428136 Pegasus vs. basplund : @0+
LoopTrax_3428136 Wife of a Maverick driver vs. basplund : @0+
LoopTrax_3429360 Rogue Trooper vs. jazzbeth : @0+ A0/ B1\ A3/ C1\ B3\ C4/ C5/ @3+ E4+ F4/ E1+ B4/ E0/ G4\ G0/ H3+ F7+ F8\ D1+ G0/ B2\ B1/
LoopTrax_3429446 birddog8560 vs. Traxplayer :
LoopTrax_3429446 birddog856 vs. Traxplayer :
LoopTrax_3429471 jazzbeth vs. GringoNZ : @0/ @1/ A2/ B0/ C1+ @3+ C4+ @3/ C0+ C0/ C0/ A4+ @5+ G4/ F1/ F0/ B8/ E9/ C2\ D1/ D0/ H6\ G7+ G10\ H8+ F11/
LoopTrax_3430850 * vs. Jay RAA :
LoopTrax_3430960 Authority vs. dawn1968 : @0/ @1/ A2+ A3/ A4/ A5/ A6+ C1/ @3+ C6+ B7/ @4\ F1/ B6+ E0+ E6\ B1\ A2\ B0/
LoopTrax_3435019 YankeeFan vs. JiffyJeff : @0/ A0/ A0/ B3\ B4\ C1\ C2+ D2+ @2+ D0/ E1/ A1\ D0+ @2/
LoopTrax_3436540 Authority vs. REBEL DJ : @0/ B1\ A2/ A3/ B3+ B4+ C3/ D2\ C4+ E4/ F4/ E1+ B0+ C0+ G6/ D7/ G3/ H4\ C0/
LoopTrax_3436616 GringoNZ vs. Dionysos : @0/ B1+ C1/ B0+ B0+ B4\ @3\ A2\ @2\ E5\ B1+
LoopTrax_3436634 Charlo vs. Geri39 : @0+ A2\ B2\ A3/ @3/ D3\ B4+ A2+ D1/
LoopTrax_3436823 Lady Mac vs. Linda Sue : @0/ @1/ B0\ @2/ A1\ @1\ A2+ A3\ E3\ E4\ E1/ D0/
LoopTrax_3436997 jazzbeth vs. Dionysos : @0/ @1\ A0/
LoopTrax_3437060 dgb vs. Dionysos : @0/ A2\ B2\ A0/ @2+ @1/ D1/ E3\ C0+
LoopTrax_3437358 jazzbeth vs. dgb : @0/ A0/ A3/ A4/ A5+ B5+ A6+ A7\ B7\ C1/ A0/ C8+ D7\ C9/
LoopTrax_3437372 Dionysos vs. dgb : @0/ A0/ B1\ A3\ B3\ B4\ C2/ @4/ B5\ A1\ B0/ @4\
LoopTrax_3437587 Geri39 vs. dgb : @0/ A0/ A3+ B3+ B4\ C4\ B5/ A5/
LoopTrax_3437846 dgb vs. jazzbeth : @0/ @1/ @1/ @1+ C2+ C3+ A0+ @1\ A0\ C5+ B0/ C1/ F5\ E6+ F1+ G3+ E0+
LoopTrax_3438081 Dionysos vs. jazzbeth : @0/ A0/ A3/ @2\ C3\ B4/ D1\ D2+ E3\ D4/ C5\ A1+ D0/ E3/ F4\ C0+ C0\ B3+ @5/ B1\ C0/ A3/
LoopTrax_3438531 GringoNZ vs. dgb : @0+ A0+ B2\ C2\ @1/ B3/ C4+ C5/ C6/ D5+ @3\ B4+ A5+ A7+ D7+ @5+ A6/ @3\ B2/ E0/ G2+ C1\ B1\ D0/
LoopTrax_3438539 GringoNZ vs. jazzbeth : @0/ @1/ B0+ @1/ A0/ @1/ C4/ A2+ B3+ C1+ C0/ D1/ E5\ D6/ E1+ A1\ F4/
LoopTrax_3438573 Goonerg vs. Dionysos : @0/ @1/ A2+ @1\ C0+ D3/ C4/ B5/ A3/ @2\ E5\ F4/ D6/
LoopTrax_3438580 GringoNZ vs. Goonerg : @0/ A2/ @1/ C2+ B0+ A3/ C4\ C5+ D3+ A6/ @4\ @5+ B6/ B7/ A7/ @7/ B1+ A3/
LoopTrax_3438594 Goonerg vs. dgb : @0/ @1/ A2/ C1+ B0/ @2+ A0+ A0/ @3/
LoopTrax_3438600 Goonerg vs. jazzbeth : @0/ @1/ A0/ A3+ C3\ C4\ D2/ C1\ @2/ A4\ B5/ B6+ C7/ E7+ F5/
LoopTrax_3438605 Goonerg vs. GringoNZ : @0/ B1/ B0/ C2+ A3/ D2/ E2/ D3+ F2/ A0\ @3+ G1/ C0/
LoopTrax_3438744 Dionysos vs. GringoNZ : @0/ @1+ A0+ @1\ B3/ B0+ B5\ C5\ D5\ E5+ E6\ E2/ D1/ F3/
LoopTrax_3438809 Dionysos vs. Goonerg : @0/ A0/ B2+ B3\ C1\ A0/ A5/ @3/ C6\ D6\ E4/ E1/ D0\ @2\ B1/ B6/ A6/ @3+ B8/ A8/ @8/ @6+ B9/ G10+ D1\ D0\ I9\ J7+ H12/ I10+
LoopTrax_3438978 dgb vs. GringoNZ : @0/ B1+ C1/ A2/ B0\ @2\ B4/ B5+ B6/ E2/ D3+ C6+ @2+ A1\ B0\ B0\ A1\ @4+ A6/ RESIGN
LoopTrax_3438982 dgb vs. Goonerg : @0/ @1/ B0/ @2\ B3+ C0+ C0/ D3+ D6/ E3/ A3+ B1+ @1/ D0+ E3+ F7+ G3\ D7/ D8/ F2+ A1\ @1/
LoopTrax_3439111 jazzbeth vs. GringoNZ : @0/ A0+ B1/ @1\ B0/ @2/ C4/ C0/ D1/ A1\ D5\ @2/
LoopTrax_3439115 jazzbeth vs. Goonerg : @0/ @1/ A2+ B3/ B0/ C1/ D1+ D0/ D6+ E6\ E7\ A1+ F6+
LoopTrax_3439307 GringoNZ vs. Geri39 : @0+ A2/ A0\ @2/ C2/ @1\ A0\
LoopTrax_3439951 * vs. basplund :
LoopTrax_3440626 Goonerg vs. PK : @0/ B1\ A2/ A0/ @1/ A0+ @1\ C0\ D2+ A4/ @4/ @4/ C0\ B2/ F1/ G2\ D0/
LoopTrax_3440708 ypercube vs. Dionysos : @0/ A0/ @1/ C2\ B3/ C0/ D3+ E3+ A1\ @1\ D0\
LoopTrax_3440711 ypercube vs. dgb : @0/ @1/ B2/ C2+ A0/ D2\ C4\ E2\ F3+ D1+ D0/ D0/ F2+ G2\ H3/ B7/ A7/ I5+ RESIGN
LoopTrax_3440717 ypercube vs. jazzbeth : @0+ A0/ A3\ B1/ @3\ B0+ D2/ @3/ @4\ D5+ D6\ C6+ C7\ B7+ E5+ G5+ E7\ F6+ H5/ G1+ D8/ D9/ @5+
LoopTrax_3440727 ypercube vs. GringoNZ : @0/ B1/ A2\ @1/ D1\ C2+ C3\ D2\ E2\ E3\ F3\ D4/ D5+ C5/ B3+ A4+ @5\ G6+ H4/ E0+ @4+ B2+ E7/ E8/ C1+
LoopTrax_3440730 ypercube vs. Goonerg : @0+ A0/ A3\ B1/ B0/ C1/ @4\ C5/ E4+ A2+ D0/ @2/ G3+
LoopTrax_3440751 GringoNZ vs. ypercube : @0/ @1/ A0/ @2+ C3/ C4/ D3+ C5/ B5/ D1\ E4+ E1/ E0/ B7/ @7+ F8\ G6/ C9+ E1\ RESIGN
LoopTrax_3441307 Dionysos vs. ypercube : @0/ A0/ B2+ B0/ C2\ B0/ C2/ D3\ D5\ E4\
LoopTrax_3441433 marygal vs. birddog8560 : @0/
LoopTrax_3442054 dgb vs. ypercube : @0/ @1/ B0/ @1+ C0/ @3\ E2+ C0+ A2+ F2\ G2\ H2\ E1+ E5+ A0\ @1\ F1/ F0+ I1+ J4+ F0+ C1+ H0/ RESIGN
LoopTrax_3442242 Goonerg vs. ypercube : @0/ A0/ @1+ C2+ B0/ A0\ @2/ @2/ B4+ F3+ E1+ C0\ E0\ F2+ G2/ A3\ @4/ A7/ @5+ E1\ E0+ J5+ K4+ G8+ H8\ H9\ J6+ K6\ L6+ J7+ I10/ D3+
LoopTrax_3442354 jazzbeth vs. ypercube : @0/ @1/ C1/ D1/ C0+ D3+ C4+ @3+ F3\ F4\ D0/ E0\ F7+ G5+ D8+ E9/ D0/ F10\ E11/ F3+ C8+ G1/ F0\ H6/ H5+ H4+
LoopTrax_3442827 Dionysos vs. YankeeFan : @0/ A0/ B2/ C2/ @2/ C1/ A3\ C3+ A4/ @4\
LoopTrax_3442863 Traxplayer vs. Authority : @0/ @1/ A0/ A3+ C2\ A0/ @4\ B5+ @4/ A5/ @4/ D6/ C7/ A5/ E5\ F5\ F7+ C8/ G5+ G7\ H7+ H8\ H9+ I6\ J6+ K6\ D8+ G9+ G10/ F2+ D9+ I4+ RESIGN
LoopTrax_3458296 jazzbeth vs. GringoNZ : @0/ A0+ A0\ @1\ A0\ @4+ @3+ @2+ C5/ B5/ A5+ C6+ E5+ C0/ @2/ F0/ G3+ A1\ B0+ @2/
LoopTrax_3458297 GringoNZ vs. jazzbeth : @0/ @1/ A2+ A3/ C1\ D1\ @1/ @3/ C4/ D3+ @3+ B1+ E0/ F0\ A2+ G4+ H4\ I4\ E0/ H2+ I6\ G0+ I2/ E1+ J6+ I5/ J2\ J3\ K4/
LoopTrax_3458298 jazzbeth vs. PK : @0/ B1\ B2\ A0/ A3+ C3\ A4/ @4/ D5+ A1\ @4/ B0/
LoopTrax_3458299 PK vs. jazzbeth : @0/ @1/ @1/ A0+ A0\ @2/ @2/ A3/ D4+ E1/ C0\ F3/
LoopTrax_3458300 jazzbeth vs. Traxplayer : @0/ @1/ A2/ B3+ C1/ B4/ @2/ @3+ D5/ E0/ F4+ G3+ E0/ H2+ E7\ E8\ F6+ G6\ C0+ A1+ C9+ B0+ E1/ F2+ H1/ I3\ E0/ G0+ I2+ J5\ H9+ D1+ F0/ B2\ C1/ @5\
LoopTrax_3458301 Traxplayer vs. jazzbeth : @0/ @1/ A0/ @1/ A0/ @1/ A0/ @1/ A0/ @1/ A0/ @1/ A0/ A0/ @3+ @1/ A0/ D2+ D1/ C1+ E4/ E1+ F2+ F5/ D0+ C0/ C0/ E2+ F2\ B3+ @5+ B7+ B8/ A8/ @8+ C9\ RESIGN
LoopTrax_3458302 jazzbeth vs. ypercube : @0/ @1/ A2/ C1+ A3+ @3/ A2+ C4/ E3+ F2\ G3/ D5+ B5+ D0\ G2/ H1\ F0+ E0+ A2+ @3\ @3\ A2\ B1/ D1+ D0/ B1/
LoopTrax_3458303 ypercube vs. jazzbeth : @0+ @1/ C1+ B2/ B3/ B4/ D1/ E1/ C4+ E0/ A5/ A6/ F1/ C0+ B1\ @6+ E0+ D1\ A1+ @4+ E0\
LoopTrax_3458304 GringoNZ vs. PK : @0/ B1\ A2/ A0/ @2+ B0+ B5\ C5\ C6\ D4/ A6/ @4\ C7/
LoopTrax_3458305 PK vs. GringoNZ : @0/ @1/ C1/ B0\ C3\ D2/ E2/ @2\ A1\ @1\ C0/ A4/ @4/ D5/
LoopTrax_3458306 GringoNZ vs. Traxplayer : @0/ @1/ B0+ A3+ @2\ @2\ E2\ D4/ B3+ C0/ D6/ F3\ E5\ D7/ B5+ @4\ F6+ A5/ D8/ @5\
LoopTrax_3458307 Traxplayer vs. GringoNZ : @0/ @1+ @1\ C0/ B3/ B4/ D2/ B5+ B6/ B0\ @4+ @4\ @4\ B5+ C6+ D1\ RESIGN
LoopTrax_3458308 GringoNZ vs. ypercube : @0/ @1/ A2+ B3/ A0/ C4+ B5/ @5\ C6/ E5+ D1/ E3\ A3\ F2/ RESIGN
LoopTrax_3458309 ypercube vs. GringoNZ : @0/ A2/ B1+ B0+ @2\ A1\ D3/ C4+ @1\ C0/ B5+ D6/ @4/ @4+ A5/ B6/ B7/ A7/ RESIGN
LoopTrax_3458310 PK vs. Traxplayer : @0/ @1/ C1/ D1/ C0+ D3+ E3\ C4/ C0/ C0/ D6\ C7/ C0/ F6\ F7\ F8+ C9/ G7\
LoopTrax_3458311 Traxplayer vs. PK : @0/ A0/ @1/ B3\ C1+ A3\ A4\ @3\ B0+ A6/ @4+ D6\ B7+ C0/ C0/ B2+ E8+ F6/ G6/ F5/ C0+ G6/ F4/ G3+ H7+ F9\ F10\ C11/ G9+
LoopTrax_3458312 PK vs. ypercube : @0/ @1/ @1/ @1/ C0+ D3+ E2/ C0/ B5+ F1/ F0/ F5\ G3/ E6\
LoopTrax_3458313 ypercube vs. PK : @0+ A0+ B2+ A0+ B1+ @2\ D3/ A0/ A0/ C2+ A0/ @1\ A0\ C1+ @3+ D8/ A6/ B7/ @6\
LoopTrax_3458314 Traxplayer vs. ypercube : @0/ @1/ @1/ @1/ B0/ @1+ C0/ D1/ B0\ E1\ D0+ E0\ D0/ E0\ F1+ G5/ F6+ F9+ G8\ H5+ H7+ @7/ I9\ RESIGN
LoopTrax_3458315 ypercube vs. Traxplayer : @0/ @1/ B2/ A0/ @2+ D2\ D1/ E2\ B0/ RESIGN
LoopTrax_3458316 birddog8560 vs. Charlo :
LoopTrax_3458316 birddog856 vs. Charlo :
LoopTrax_3458317 Charlo vs. birddog856 : @0+
LoopTrax_3458317 Charlo vs. birddog8560 : @0+
LoopTrax_3458318 birddog8560 vs. dgb :
LoopTrax_3458318 birddog856 vs. dgb :
LoopTrax_3458319 dgb vs. birddog856 : @0+
LoopTrax_3458319 dgb vs. birddog8560 : @0+
LoopTrax_3458320 birddog8560 vs. Guyver :
LoopTrax_3458321 Guyver vs. birddog8560 : @0+
LoopTrax_3458322 Charlo vs. dgb : @0/ A0/ B1/ C2+ C3\ C4+ D4\ @1\ D0\ A5/ D6/ @4\
LoopTrax_3458323 dgb vs. Charlo : @0/ @1/ @1/ A0+ B3+ C4+ B0\ @3\ E5+ E6\ E1/ F4\ D0/
LoopTrax_3458324 Charlo vs. Guyver : @0/ B1\ B2\ C2\ D1+ A0/ E3/ @1\ B0/ F2+ C5/ E5+ B5\
LoopTrax_3458325 Guyver vs. Charlo : @0+ A2+ A0/ @2/ C2/ @2/ B1+ B0\ D4\ E4\ C0/ D2\ E4+ E6+ F5/ A6/ @5\ D7/
LoopTrax_3458326 dgb vs. Guyver : @0+ @1\ C1\ A0/ B3+ A3+ @2+ A1+ C4+ B0+ C1/ C0/ D1/ E5/ C0+ A2+ D7+ @1\ A0\ F5/ G5/ @1\ H8\ I7\ H9/
LoopTrax_3458327 Guyver vs. dgb : @0+ A2+ A0/ @1\ A0\ @1\ B0/ C1/ D1+ B0+ C7\ A5/ @5/ E5\
LoopTrax_3458328 Authority vs. Daddy MBA : @0/ B1\ A2/ @2/ A3/ B0/ D2\ B0/ B0/ B0/ @2+ A0/ A0/ A0/ F7+ A0\ @1\ C1\ A5/ @1\ E4+
LoopTrax_3458329 Daddy MBA vs. Authority : @0+ A2+ B1/ C1+ D1/ C2\ E2\ E3\ @2\ C3+ D4/ E0/ A1\ @2/ E0\ D2+ C1/ A5/ B6\
LoopTrax_3458330 Authority vs. Jay RAA : @0/ A2\ B2\ @2\ @1/ @2\ C0+ B4/ @3\ E0/ F1/ @4\ A1\ D0\ @3\
LoopTrax_3458331 Jay RAA vs. Authority : @0/ @1/ A0/ @2+ A0/ A4/ @1\ B0/ E4/ E3/ F4\ D5+ B6/ D2+ @3/ A4+ H3/ H2/ F1\ @3/ J2/ F0/ F0\ J7\ I8\ K6\
LoopTrax_3458332 Authority vs. Goonerg : @0/ B1/ A2+ B0/ A4+ @1\ B0/ A4/ @4/ E3+ C6/ D6/ E6/ F3\ G3\ H4/ I3\ D1/ I5\ F1/ D7+
LoopTrax_3458333 Goonerg vs. Authority : @0/ @1/ B0+ A3+ C3\ B4/ D2/ D1/ D0+ E3+ C0/ E6\ A2\ C7+
LoopTrax_3458336 Daddy MBA vs. Goonerg : @0+ A2/ A0\ @1\ B4/ C3/ @1\ D5\ E4/ A5/ B6\
LoopTrax_3458337 Goonerg vs. Daddy MBA : @0/ A0+ @1+ B0/ B4/ C4/ B5/ C1/ @4\ A6\ C0+ B1\ A1+ B0/ @8+ @6/ F8\ G7/ C9+ E9\ A5/ @5/ A4/ B2\ A2\ @4/ G10+ H10\ H11\ I8\ J9/ K10+ E11/ D10/
LoopTrax_3458338 Jay RAA vs. Goonerg : @0/ A2\ B2\ B3\ C2/ C1/ D1/ A0/ E2\ A5/ @5/ E5\ RESIGN
LoopTrax_3458339 Goonerg vs. Jay RAA : @0/ B1\ A2/ A0/ C1\ A0\ @3+ C1/ B0/
LoopTrax_3462556 Goonerg vs. Linda Sue : @0/ @1/ B0/ @2\ B3/ C0/ A1+ @2\ C0+
LoopTrax_3462735 Traxplayer vs. Authority : @0/ @1/ A0/ A0/ A4/ B5+ C3/ @5\ B6+ @4/ @5+ @5\ F2+ B3+ A3/ C0+ @5+ C8\ E0/ E0/ D2+ F1\ G3+ H3\ I5+ J5/ K4\ L4\ I3+ I2\ M3/ L2+ K1+ G9+ N4\ N5\ N6\ M2/ O8\ I9+ O2+ P2\ L1+ G10+ RESIGN
LoopTrax_3464615 Dragon101 vs. dingbat : @0/ A0/ B1/ A3+ C1/ D2+ B0+ B0/ D2+ @4/ @3+ @4\ B5+ C1+ C0/ A2\ A1\ @3/
LoopTrax_3464808 jaha vs. jazzbeth : @0/ @1/ A0/ @1/ A0/ @1/ A0/ @1/ A0/ A0/ @1/ @1/ A2+ A3/ @2/ @2/ B1+ D0/ C0+ A2+ @2\ @4+ @2/ B1+ A4/ D5/ @3\ @2/ F0+
LoopTrax_3464829 Traxplayer vs. YankeeFan : @0/ A0/ @1/ A2+ B0+ C1/ B4/ C3+ D2\ C0+ D1/ E3\ B6+ @5\ @5\ H2+ G0/ F1+ E0/ D2+ E0/ E0/ H1+ C4\ I4+
LoopTrax_3464848 GringoNZ vs. ypercube : @0/ B1/ B0/ B3/ @2+ C0/ @2+ E4\ E5\ @2/ G3+ H2+ B3/ RESIGN
LoopTrax_3482347 * vs. Geri39 :
LoopTrax_3482365 jazzbeth vs. JiffyJeff : @0/ @1/ B2/ B3/ C3/ C4/ D4/ A3+ A4/ D3+ A5/ C5+ D6/ D2/ B0/ @2+ F7+ E0+ F1/ @3\ A1+ D0\ F10/ H9\ I10/ H2+ F1+ C11/ B11/ H5\ I6/ J7+ I11\ RESIGN
LoopTrax_3482411 birddog8560 vs. Charlo :
LoopTrax_3482411 birddog856 vs. Charlo :
LoopTrax_3486166 Guyver vs. dgb : @0+ A0+ A3/ B3+ @2+ B0/ C5\ C6\ A5+ D5+
LoopTrax_3486167 dgb vs. Guyver : @0/ B1\ A2/ @2/ B0+ C3+ B4\ B5\ C5\ D3/ E4/ D1/ E1/ A6/ @6/ E6+ G6+ H6/ D7+ H3/ I3/ I0/ J1/ A2+ E1+ E0/ E0/ @6/ A7+ A9/ @8\ C11/ @9/ A10/ B11/ E12\ A12/ @9+ C13/
LoopTrax_3486168 Guyver vs. Authority : @0+ A0+ A3\ B1\ @2/ @2/ E2/ C0\ D1+ F2\ G2/ G4\ E5+ H2\
LoopTrax_3486169 Authority vs. Guyver : @0/ B1\ A2/ @2/ C2\ B3/ D1+ @1\ A0\ @3/ C4/ D5\ E5\ C6/ B6/ A6/ F6/ B7+ G4/
LoopTrax_3486170 Guyver vs. GringoNZ : @0+ A2+ A3\ A0\ B4/ B1/ A0\ @3/ D2\ D3\
LoopTrax_3486171 GringoNZ vs. Guyver : @0/ B1\ A2/ @2/ B0+ @2/ B0/ C0/ D3/ E3/ A1\ @2/ C0/
LoopTrax_3486172 dgb vs. Authority : @0+ A0+ B1/ A3/ A4/ C1/ @2\ @3+ B5\ C0\ @4\ @3/ B2+ @3/ @3+ @3/ @3/ D1+ H0/ J0+ G9/ F7+ H10\ I10\ J10+ H11+ L3+ L4\ M1/ D8/ L0/
LoopTrax_3486173 Authority vs. dgb : @0+ A2+ @2+ B0+ C2+ B4\ @3+ A2\ E2\ @2+ C1+ C0/ F4+ G4\ D0\ B2+ A1/ @3+ @4\ B5+ F7\ G3/ I4+ G0/ H2\ F0\ E2+ B2\ B1\ A4\
LoopTrax_3486174 dgb vs. GringoNZ : @0/ A0+ B1\ A0/ A4\ @2+ B0/ B6\ A5+ @3/ C7/ @4/ @4/ B3+ B5+ B6\ C7/ C8/ @5/ RESIGN
LoopTrax_3486175 GringoNZ vs. dgb : @0/ @1/ A0/ A3\ @2/ B4\ @3+ @3\ B1+ C0\ C0+ C0/ E3+ F1\ F4/ G3\ F5+ H3\ I3+ H6\ I6+ B2\ RESIGN
LoopTrax_3486176 Authority vs. GringoNZ : @0/ B1+ C1/ B0/ B0/ A2+ B4+ C1/ @3+ B5\ E1+ C6/ E0/ E0/ C2+ A3+ @2/ @4/ A5/ G0\ E2+ E1+ D1\ A1+ C0/ @4/
LoopTrax_3486177 GringoNZ vs. Authority : @0/ @1/ B0+ B0+ @2/ C4+ D3/ B5\ A4/ B6\ C7/ C8/ E2/ E1/ F1/ D0\ D9/ A9/ @8+ @6+
LoopTrax_3486578 Lilac Oyster vs. Goonerg : @0+ A2/ @1+ B0/ B4/ @2/ D2/ D3+ B1+ A5/ @4\ E5\ F4/ D6/
LoopTrax_3486579 YankeeFan vs. Daddy MBA : @0/ B1/ A0\ @1\ A2+ B0\ C0+ D1/ E1+ E0\
LoopTrax_3486653 Rogue Trooper vs. Traxplayer : @0+ A0+ B2\ A0\ @2/ @2\ B0/ B0/ A3+ B0+ D7+ E7+ D4+ E3+ E1+ @3+ D8\ E9/ E10/ C7+ D11\ @2+ G9+ C10+ H7/ RESIGN
LoopTrax_3486864 * vs. PK :
LoopTrax_3487338 Miss Traven vs. Christine : @0/ A2\ B2\ B1+ B3/ C1\ C2+ C3+ D3\ D4\ E4/ F4\
LoopTrax_3487943 csain1 vs. Charlo : @0/ A0+ A0\ @1\ B4/ C2\ @4+ E2\ F3/ E1+ A0/ @1+ A0\ E2+ E1/ E0+ F3+ A1\ @3/ C0/
LoopTrax_3487949 Rogue Trooper vs. dingbat : @0+ A2+ @2/ B3+ C2/ @3+ @3/ C4\ C5\ C6\ @6+ A7/ @7/ C8\ A4\ A3\ @6\
LoopTrax_3492781 jazzbeth vs. PK : @0/ B1\ B2\ C2\ D1\ B3+ A2/ @2/ A3/ C4\ D5/ E3/ @1+ C0/ A6/ @4\ C7/
LoopTrax_3492782 PK vs. jazzbeth : @0/ @1/ A0+ B3+ @2/ C4/ B0\ A0/ C2+ @1\ C0\ A7/ @5\ C8/
LoopTrax_3492783 jazzbeth vs. hexkid : @0/ A0+ A0\ @1\ A0\ @2\ @2\ B1\ B0\ A2\ D0+ E2\ A1\ E3+ @2/
LoopTrax_3492784 hexkid vs. jazzbeth : @0/ @1/ B2/ B3/ A2/ @2/ A3/ D2+ C4\ C5+ D5\ E4/ @3/ @3/ G2/ H4+
LoopTrax_3492787 Charlo vs. Authority : @0+ A2+ B1/ C1+ B0/ @2/ D3\ D4+ E2+ @2/ @2/ @2/ @3\ C1+ C0/ C5+
LoopTrax_3492788 Authority vs. Charlo : @0/ A0/ A0+ @3/ B0/ C1/ D2+ D0\ @4+ E4+ F4\ F2+ E5+ D6\ G1\ G0+ F0+ @7\ C9+ B9/ E10\ F10\ G10\ H8+ B10/ A10+ @9/
LoopTrax_3492789 Charlo vs. ypercube : @0/ @1/ C1+ D1\ B2/ B3+ A3/ A4/ @1/ E4\ C5/ F4/
LoopTrax_3492790 ypercube vs. Charlo : @0/ A0/ B1+ @2+ C3\ D2/ E2/ @1/ @2\ @2\ @2\ E0+ C4+ D5/ I1/ A5/ J1\
LoopTrax_3492791 Authority vs. ypercube : @0/ @1/ A2+ C1+ D1+ A0+ @1\ @1\ D0\ E5\ F5\ C0+ @2/ F2+ E1/ A0+ @1\ D0/ E1+ A1\ A6/ @2+
LoopTrax_3492792 ypercube vs. Authority : @0/ @1/ C1/ A2+ D1/ A3/ A4/ @4+ D0+ A2+ A6\ C6+ D0/ F2+ @4+ H2+ G4\ E5+ G0+ H1/ I1+ H0\ I6\ H7/ J4\
LoopTrax_3495298 marygal vs. dingbat : @0/ A0/ A3/ B1+ B0/ C2+ C0/ D2\ C5+ A6/ @6/ C7+ C8/
LoopTrax_3495360 Authority vs. Rogue Trooper : @0/ A0/ @2+ A0/ A4+ @4\ @3/ @4\ C2+ D0/ D6\ B2+ @4/ E0/ A7/ E8/
LoopTrax_3496133 kidgame2001 vs. Traxplayer : @0+ A0+ A3/ @3/ A4\ @3+ B1+ B0/ A5+ D4\ C5+ D1/ D0/ @4/ E3+ F1+ B7\ A2\ C1/ @3\
LoopTrax_3498037 Goonerg vs. Traxplayer : @0/ @1/ A2/ B3+ C1/ C0/ D4+ B5/ B0+ @1+ A5+ F3+ E1+ @6\ @2\ B1+ @5/ A6/ D7+ @2/ A6/ RESIGN
LoopTrax_3499481 ypercube vs. dingbat : @0/ A0/ B2+ B3+ C2/ B4\ C4\ D2/ C5+ A4+ @3\ D6\ @1\ A0\ A5/ @3\ C6/
LoopTrax_3499572 Rizzo vs. * : @0+
LoopTrax_3499700 dgb vs. jaha : @0/ A0/ A0/ A0/ @3+ C4+ C5\ D1+ C6/ D4+ E2+ @1+ B0\ B0\ A1\ @4\ H6\ H7\ G8\ G9\ H9\ I6+ F10+ E10/ D10+ C9+ E11/
LoopTrax_3499701 GringoNZ vs. dgb : @0/ @1/ A0/ @1/ A0/ @2/ @1/ A0+ C0\ D1+ E2+ F4\ E6\ B5/ D7+ G3/ G2/ H4\ H5\ H6+ RESIGN
LoopTrax_3500916 Rogue Trooper vs. ypercube : @0+ A0+ A0/ A4+ A5\ B5\ B6\ C6\ @3/ @3/ @3/ E3+ G3+ D0/ C1+ @3+ H8/ I8+ I9\ I10\ J8/ K5+ K4/
LoopTrax_3501019 Dragon101 vs. dreamflight : @0+ B1/ @1/ A2+ A3/ C0\ B1\ @2\ A3+ A1+ @3+ D0\ C0/ C0/ A1+ @4\ C0+
LoopTrax_3502207 YankeeFan vs. birddog8560 : @0/
LoopTrax_3502242 Daddy MBA vs. Authority : @0+ A0+ @1\ @1\ A0\ D3\ E3\ E2/ F3\ B0+
LoopTrax_3502758 JiffyJeff vs. Traxplayer : @0/ @1/ C1/ D1/ C0+ D3+ A4\ @3\ @3\ F4\ G4\ D0/ RESIGN
LoopTrax_3511757 supermac vs. marygal : @0/ B1\ A2/ A3/ @1\ A0\ @1\ C1/ C0/ D5\ D6\ B6+ @2+ @4+ A7+ @5\ C1/ E0\ H5+
LoopTrax_3511758 Phil The Hat vs. Authority : @0/ A0/ @1/ A0/ C3/ @2/ D4\ E4\ B4/ B5/ A0\ @3/ D1/ E2/ D0\
LoopTrax_3513048 dingbat vs. Rogue Trooper : @0/ A0/ B2+ B3\ C2/ B0\ C5/ C0/ D1/ E1+ C0+ @4+ F3+ G3\ B8\ E5+ @5\ G4\ F8+ G8\ H5/ F9/ C1/ C0\ B1\ A4+ C0+ G12\ H10\ I6\ F2/ C0/
LoopTrax_3513803 YankeeFan vs. Traxplayer : @0/ @1/ A2+ C1+ B3/ B0\ D2/ B5+ D5+ E4+ E5+ C6+ F4/ G3\ F2+ D1+ B0\ H3\ D1/ D0/ @5\ @5\ @4/ @5\ @4/ C6+ E7/ C3+
LoopTrax_3514342 Lilac Oyster vs. * : @0+
LoopTrax_3514429 Authority vs. birddog856 : @0/
LoopTrax_3514429 Authority vs. birddog8560 : @0/
LoopTrax_3514448 Dragon101 vs. YankeeFan : @0/ A0/ B1/ C1+ @1/ C3+ E3+ A3\ C0/ D5/ @3/ A5+ E6/ G3\ H4/ G6\ E7+ H5+ F2/ @5/ G0/ H2\ B1\ A3+ E0/
LoopTrax_3514453 Traxplayer vs. Charlo : @0/ @1/ A0/ @2+ C3/ D2/ D4/ A3+ D1/ C4/ E2+ F2\ D5+ C0+ C0/ D0\ @3\ A2\ @4/ A5/ @5/ A6/ F0/ I5+ J5/ H4+ D8+ J7+ @8\ A9+ @3+ D2+ A9/ @6+ D10+ C10/ F11\ G10+ C11/ F12\ B10+
LoopTrax_3515715 ypercube vs. GringoNZ : @0+ A2\ A0/ B3\ B4\ C1+ D2+ C5+ @2\ @2\ E0/ F1/ G1+ E0+ H4\ G5+ @4\ C5+ @4+ @4\ @4\ B5+ G7+ C3+ E2+ B2+ M3/ M2/ G8/ E7/ L7\ J8/ J9/ M6+
LoopTrax_3515716 Lady Mac vs. Linda Sue : @0+ @1\ @1/ A2/ @1\ A0/
LoopTrax_3516999 jazzbeth vs. Authority : @0/ @1/ B2/ B3/ C3/ B4/ D4/ D5+ D3+ E4+ C2/ A0+ A5/ @4+ F3/ D2/ @4/ @4/ @5\ F7+ A6/ @4/ E7+ H0\ I2+ D2/ D3/ C9+ A8+ J2\ K4/ H0\ J2+ G10/ F2/ E11/
LoopTrax_3517026 GringoNZ vs. Phil The Hat : @0/ @1/ B0+ B0/ @3\ @3\ C4+ B2+ E3\ D5/ @2/ G3+ B4/ H3+ C6+ C7/ C8/ C9/ C10/ C1\ C0\ G5\ F3+ E1+ D0/ D0/ E1/ F1/ G3/ H4/ @3\ A2\ E13\ H1/ E14/
LoopTrax_3519840 Traxplayer vs. Lilac Oyster : @0/ A0/ @1/ C2\ C3\ B3+ D2+ E2/ D0+ F2\ F4\ D5/ G3\
LoopTrax_3519845 Goonerg vs. PK : @0/ A2\ B1/ @2\ D1\ C2+ C0/ E2\ E3\ B4\ @1\ C0+ A5/ @3\ C6/
LoopTrax_3521519 Linda Sue vs. * : @0+
LoopTrax_3522252 jazzbeth vs. ypercube : @0/ @1/ B2/ A2+ A0/ A4/ C3+ D2\ E3/ D4/ C5+ @3\ B5/ D1+
LoopTrax_3522253 ypercube vs. jazzbeth : @0+ B1/ @1/ A0+ C1+ A0/ C1/ D3+ E3\ C4/ D1/ @3/ @2\ B1+ @3/ A4/ D5+ @3+ B1+ E0/ @2\ A1\ F0+ D1+ B1\ C0\ C0+ B1\ A2\ @2\ A1\ D0+ F1/ G3+ C0+ F1+ @1\ C0+ A6+ @3\ C7+
LoopTrax_3522937 Dionysos vs. Authority : @0/ @1/ B2/ B3/ C1\ D1\ C3/ D0/ E2\ A1\ B0+ @2/
LoopTrax_3522963 Goonerg vs. JiffyJeff : @0/ @1/ @1/ C2\ D2\ E2\ @2\ @1\ C0+ B0/ D1+ D0+ F2/ F1/ D6+ A5+ F0+ D1\ C0/ A4\ A3+ @5+ C9+ A8+ @6\ @8\ B9+ F10/ F11/ K7+ D11/ E12+ A5\ A4\ A3\ J9\ K10/ L7\ J12+ B10/ L4+ RESIGN
LoopTrax_3524374 Dragon101 vs. Oartkickel of the Wolf Pack : @0/ A0/ B1/ B3/ B4/ C2+ A4/ @4+ C5+ @1+ D0+ @2+ B0+ A5/ A6/ @3+ A2+ F1/ C0/ @4/ @4/ H1+ E0/ E0/ G0+ A11+ @8+ D12\ E11+ F12/ F13/ A12+ D14+ @10+ J13\ I14\
LoopTrax_3525724 dingbat vs. ypercube : @0/ @1/ B2+ B3\ C3\ C4\ D2/ A4/ @2\ C5/
LoopTrax_3525795 Authority vs. Rogue Trooper : @0/ A0+ A0\ @1\ A0\ @4+ @3+ B0+ @3/ A5\ B6/ @4\ @1+ E0\ C0+
LoopTrax_3528762 dingbat vs. Goonerg : @0/ @1/ B2+ A0\ @2/ B4+ D1\ D4\ E4\ E3+ F3/ B0+ E1+ B0/ A2\ @1/ B7\ @3+ A5+ A6+ @4+ G0+ I3\ J4/ D1+ E0\ B2\ A3/
LoopTrax_3529093 dgb vs. Authority : @0/ @1+ B2/ @2\ D1\ B3+ C0/ C0/ C0+ C0/ C0/ A4+ @5\ @4/ B3+ B6/ A7+ D9/ E8\ F8\ G4/ G3/ A10+ @7/ G10+ C11/ H9+ H8/ I7\
LoopTrax_3529094 Authority vs. dgb : @0/ @1/ A2/ C2+ A3/ D1\ E1\ D3+ @2+ E0\ F5/ G1/ E0\ H3\ G4+ G7\ H4\ B7/ A7/ F8/
LoopTrax_3529095 dgb vs. ypercube : @0/ @1/ A2/ B3+ C1/ B4/ B5/ B6/ @3\ E1+ E0/ @3+ E5+ D8+ C1+ D0+ G3\ A7+ H6+ RESIGN
LoopTrax_3529096 ypercube vs. dgb : @0+ A2+ A3+ A4+ B2+ A0+ @2+ A3+
LoopTrax_3529097 dgb vs. GringoNZ : @0/ @1/ B0/ A0/ A4+ A5/ A6/ C3+ @6+ A7/ @7/ @7+ C8+ B9/ A8+ @8/ A9/ @9/ D10+ E10\ F10+ G6+ A7+ @10\ C5\ A6+ @6\ A5\ E4+ RESIGN
LoopTrax_3529098 GringoNZ vs. dgb : @0/ @1/ B0/ @2+ @2/ @2/ D0+ D0/ F2+ B3+ @3\ A2\ D1+ C0+ E1/ G0/ H1+ A1\ RESIGN
LoopTrax_3529099 Authority vs. ypercube : @0+ A2+ @1+ B3+ C3+ A2+ @1+ D4+ E3+ F3\ E2/ G2/ E1/ G4\ H2/ I3+ I4\ I5+ J5\ J6\ G6\ G1+ E0/ E0/ F7+ F9/ E7/
LoopTrax_3529100 ypercube vs. Authority : @0/ @1/ C1/ B0+ @1+ B3+ E2+ C4/ A4\ @3/ @4\ E5/ E6+ H2\ A2\ @1/ G0/ H1/ J6+ J8+ H0/ I1/ J2+ K2\ F1\ I0+ B9+ D1\ A8+
LoopTrax_3529101 Authority vs. GringoNZ : @0+ @1/ C1/ A2/ A3/ A4+ A5/ A6/ C4/ D1/ D0+ @7+ A8/ A3+ @4\ B1\ A1\ C0/
LoopTrax_3529102 GringoNZ vs. Authority : @0/ A0/ @2+ @2/ D2+ B0/ @3/ A4+ B5\ @4/ E1/ G3/ E0+ D6+ F5+ C7+ B6/ C8+ C9/ B9/ B10/ A7+ D10\ B11/ E6+ E7\ F8/
LoopTrax_3529103 ypercube vs. GringoNZ : @0+ A2\ A3+ @1\ B4\ C4\ C2+ D3+ E3/ D1+ D0/ F3\ G1+ F0/ B7/ A7+ @3/ A4/ D8\ E8\ RESIGN
LoopTrax_3529104 GringoNZ vs. ypercube : @0/ B1+ A2/ A3+ @2\ @2\ E2\ F2\ C4+ C5+ C0/ E4+ B5+ C7\ G4/ B1\ D0\ D0\ A4+ B9/ C10\ E1/ C0/ F8/ A10/ @6\
LoopTrax_3535019 Charlo vs. Uncle Chuckie : @0/ B1\ A2/ @2/ B0/ D1/ D0/ B1+ B0/ B6+ C6\ D7/ E7+ @2\ A1\ A0\ D9\ E1/ G8/
LoopTrax_3536403 jazzbeth vs. Traxplayer : @0/ @1/ B2/ C2/ C3/ D3/ E3/ C4+ B4/ D5\ A3/ B5/ B6+ F4\ E5+ G3/ E2/ G5\ E6/ H4\
LoopTrax_3537413 * vs. Christeeny :
LoopTrax_3537441 dawn1968 vs. Linda Sue : @0/ B1+ @1\ A0\ B3/ @2\ A1\ E2\ C4/ C5/ @3/ @2/ H2+ B4/ A4/ A5/ A6+ @5\ A3\ @3\ F6/ C7/ A2/ D0\ G2+ G1/ D0\ H3/ G1+ D0\ H3/
LoopTrax_3537524 Traxplayer vs. Daddy MBA : @0/ B1/ B0\ B0\ C1\ D1\ A1\ @2\ B4\ D3/ E2\ D4+ F2\ E0+ F6\ G5/ B6/ D7+
LoopTrax_3538395 Authority vs. Traxplayer : @0/ @1/ A2/ B3+ C1/ B4/ B5/ B6/ @2/ D0/ E4+ @7\ G1+ H3\ H4\ C0+ A1+ E0/ G2\ @3+ C1+ @5/ B6\ B7+ D0/ B3\ D0+ @7\ B4/ I3+ L7+ A8/ @8/ @9\ G12+ H13/ H14/ H15/ J11/ N9/ L10/ RESIGN
LoopTrax_3539922 Authority vs. dingbat : @0/ A0/ @2+ C1+ C0/ @3\ @2/ @2/ @2/ H3/ A1\ E0+ @2/
LoopTrax_3542265 csain1 vs. spitfire : @0/ A2\ B1/ A0/ @2+ A3+ A4+ @4/ B5\ A6/ @4/ C7\ D7\ E7\ F3+
LoopTrax_3542266 spitfire vs. csain1 : @0/ @1/ B0+ A3+ A0\ @2/ D4\ C5/ D2/ E4+ A3/ A1\ @1\ E1/ D0/ G5/ F2/ H4\ @2/ B3+ H2\ G6/ F7\ A1\ @1\ A2+ @1/ A0/ A0\ @2/ B4/ D1/ J10\ E2/
LoopTrax_3542269 csain1 vs. dgb : @0/ A0/ B2/ B3/ C2/ @2\ B3/ @2\ @2+ @2\ @2\ B3+ D4\ D5+ @2+ I4+ J2/ F5+ A1/ H6\ I6\ C6/ B6/ G7/ F7/ F8/
LoopTrax_3542270 dgb vs. csain1 : @0+ A2/ B1\ C2/ B3+ @2/ C4/ A0/ A0/ @6+ D7/ F3\ A1\ F6\ A0/
LoopTrax_3542271 csain1 vs. STrek : @0/ B1\ B2\ B0+ B0/ C3\ B5/ A5/ B0/ A2+ @1/ E1+ A6+ C7+ D7\ D0+ A1+ A5\ @4/ G5+ H4\ F8+ H2/ G0+ I3\
LoopTrax_3542272 STrek vs. csain1 : @0/ A0/ B2+ B3+ C2/ A0/ @2+ D0/ E1+ A1\ B0+ @2/
LoopTrax_3542273 Buz vs. spitfire : @0+ @1+ B2/ B0/ C3/ @3\ B4/ B1\ C0/ @2\ C1\ D0/ E6\ F5/ D7/
LoopTrax_3542274 spitfire vs. Buz : @0/ A2\ B2\ @1/ C1/ D1/ D0+ D3\ E3\ @3/ A4/ A2+ A5\ B4+ F5\ G4/ E0\ C7/ F8\ G7/ H6\ F2/ F0/ G1/ H1/ I7\ A1\ H9+ J8\ H0/ @3\
LoopTrax_3542277 Buz vs. dgb : @0+ A2+ A3+ A4+ A5+ B3+ A6+ B6+ A7+ @5\ B0+ C5\
LoopTrax_3542278 dgb vs. Buz : @0/ A0+ A0\ @1\ B0\ C4\ C5\ @2\ D1/ E2+ C0/
LoopTrax_3542279 Buz vs. STrek : @0+ B1/ C1\ B2+ C2+ C3\ B0/ @1\ A0\ C5/ D6\ E3\ C1/ C0+ F5/ B6/ A5/ @3\ E8/ D7+ F8+ B7/ D8/ A5/
LoopTrax_3542280 STrek vs. Buz : @0+ B1+ A2\ A0\ B1+ C1/ A0\ @1\ D0+ E1/ B0+ @4+ A2+ A6/ F1+ @5/
LoopTrax_3542281 spitfire vs. birddog8560 : @0/
LoopTrax_3542282 birddog8560 vs. spitfire :
LoopTrax_3542283 spitfire vs. dgb : @0/ @1/ B0+ @2/ B0/ @2+ A0/ D1/ E1/ @2/ C1/ C0/
LoopTrax_3542284 dgb vs. spitfire : @0/ @1\ A0/
LoopTrax_3542285 spitfire vs. STrek : @0/ A0+ A0\ @1\ @2\ A1\ A4/ @4/ C5\ D5\ E5\ F5+ E6/ F2/ G2/ C0+
LoopTrax_3542286 STrek vs. spitfire : @0+ B1+ A0/ B3\ B4+ @1\ B0+ C6/ B6/ D2/ C1+ A1+ B0/ B8+ D4\ E4\ D1/ C0\ A5/ @5/ E8/ B9/ F9\ @5\ G10/
LoopTrax_3542287 birddog8560 vs. dgb :
LoopTrax_3542287 birddog856 vs. dgb :
LoopTrax_3542288 dgb vs. birddog856 : @0/
LoopTrax_3542288 dgb vs. birddog8560 : @0/
LoopTrax_3542289 birddog8560 vs. STrek :
LoopTrax_3542290 STrek vs. birddog8560 : @0/
LoopTrax_3542291 dgb vs. STrek : @0/ A2\ B2\ B1+ B0/ C1/ C0/ D4+ A1\ E3\ @3\
LoopTrax_3542292 STrek vs. dgb : @0+ A2+ @1\ @1\ B0+ C4\ A3+ C5\ D5\ A5/ @5+ C6/
LoopTrax_3542293 GringoNZ vs. YankeeFan : @0/ @1/ A2/ C2+ A3/ A4/ B5+ D3+ B0+ A7\ B8/ D3/ @5/ @8/ A9+ A5+ D9\ E7+ @9\ G1/ C9+
LoopTrax_3542294 YankeeFan vs. GringoNZ : @0/ @1+ @1\ C0/ @2\ C3/ A0+ @1\ F2/ D0\ A1\ F0+ G1/ A1+ C0+ E1/ E0/ @4\
LoopTrax_3542295 GringoNZ vs. Goonerg : @0/ @1/ A2+ @2/ C0/ A2+ A4/ @1/ B0\ B0+ A1\ @3/ C7/ E6+ C0+ F7\ E9\ F2/ RESIGN
LoopTrax_3542296 Goonerg vs. GringoNZ : @0/ @1/ B0/ A0+ @3/ B0/ D3/ C5+ B0/ A2+ E1+ D0/ D0/ E1/ F1/ F4+ G1/ D0+ D0/ H3/ G7+ I7+ I2+ G8+ I8\ I9+ J7/ G10/ F9+ H11\ I11\ D11/ F10/ F12+
LoopTrax_3542297 GringoNZ vs. patchwork0 : @0/ A2\ B1/ B0/ @2+ C3+ D2\ E2\ E3\ D4\ F1+ G2\ E0+
LoopTrax_3542298 patchwork0 vs. GringoNZ : @0+ A2+ A3\ A0\ @1/ A4/ A5/ C3/ A2/
LoopTrax_3542299 GringoNZ vs. phonic : @0/ B1\ A2/ A0/ A0/ @2+ B0/ D2/ @5/ A6/ A1\ A0\ @4+
LoopTrax_3542300 phonic vs. GringoNZ : @0+ A2+ B1\ @2/ B3+ D2/ B0+ @4\ C0+ E2/ F3\ B1/
LoopTrax_3542301 GringoNZ vs. Oartkickel of the Wolf Pack : @0/ @1/ A2+ C2/ C3/ C4/ B4/ B5/ D5\ B6+ D1/ E2/
LoopTrax_3542302 Oartkickel of the Wolf Pack vs. GringoNZ : @0+ A2+ B2\ @2/ A3/ D2\ C1+ E2+ F2/ @3/ D4+ A1\ @2/ G0\ H4\ I5/ J5/ D1+ E1/ E0/
LoopTrax_3542303 YankeeFan vs. Goonerg : @0/ B1/ C1\ B2/ D1\ B0/ E1+ B0/ E0+ D0/ F5/ G5/ C0+ B3+ A2+ @2\ D0/ F2+ A1+ D0/ C1+ D0/ G2+ G0+ D1+ B2+ G6\ H3\ H5+ D11\ C12/ G11+ G0/ H1/ I5/ A12/ @12/ E13\
LoopTrax_3542304 Goonerg vs. YankeeFan : @0/ A0/ @1/ @1/ C0+ D1/ D2+ @2/ E0/ C1+ F2+ A4+ A5+ D5+ F4+ E6/ G2/ C6+ E0/ B1+ E8/ @7\ D9/ C9+ G9\ H7+ F10/
LoopTrax_3542305 YankeeFan vs. patchwork0 : @0/ B1\ B2\ C2\ D1+ C0/ C0/ D5\ D2+
LoopTrax_3542306 patchwork0 vs. YankeeFan : @0+ A0/ B1\ A3/ B2+ B3\ B4\ C2/ D2/ E4+ C5+ E6\ F5/ F3+ E7/ F1/ G1/ D0/
LoopTrax_3542307 YankeeFan vs. phonic : @0/ B1\ B2\ C2\ D1+ D0/ E1/ E0/ A1\ RESIGN
LoopTrax_3542308 phonic vs. YankeeFan : @0+ A0/ B1\ A3/ B2\ A4/ @2\ D4\ C5/ D1/ @2\ F2\
LoopTrax_3542309 YankeeFan vs. Oartkickel of the Wolf Pack : @0/ @1/ C1/ D1+ E1\ E2\ F2\ C3+ E4+ B4+ G4\ G5/
LoopTrax_3542310 Oartkickel of the Wolf Pack vs. YankeeFan : @0/ A0/ A0/ B1+ C3\ A4+ A0/ @1+ D2/ E1\ F2/ C0\ @1/ F4+ H3/ G0+ H6\ E7\ I6/
LoopTrax_3542311 Goonerg vs. patchwork0 : @0/ A2\ B1/ B0/ @3\ @2/ @2/ C4/ F2\ F3\ E4+ G2+ E0/ D6\ F6\ G6\ E7/
LoopTrax_3542312 patchwork0 vs. Goonerg : @0/ @1/ A2/ @1\ B0/ B4/ A5\ B6/ B7/ @4+ E2\ E3+
LoopTrax_3542313 Goonerg vs. phonic : @0/ B1\ A2/ @2+ B0/ C3\ C4/
LoopTrax_3542314 phonic vs. Goonerg : @0+ @1/ B0\ C2\ C3\ C4+ D4\ @4/ A5/ A1\ E2/ A0/
LoopTrax_3542315 Goonerg vs. Oartkickel of the Wolf Pack : @0/ @1/ A0/ A0+ @1+ B0/ B5/ @2/ D1+ C0\ B1\ @5+ @4/ @4/ B6+ C3+ @6/ A3\ B7/
LoopTrax_3542316 Oartkickel of the Wolf Pack vs. Goonerg : @0+ @1+ B2/ B0/ B4/ @2/ D2/ D3+ E4/ B1\ B0\ A6/ @4+ C7\ E6/ G3/ G5\ F2/
LoopTrax_3542331 TaUrUsRoSe vs. *Leo The Lion : @0+ @1/ @1\ B0/ D2+ C3+ B4/ A4/ @4/ @4+ F3\ B5/
LoopTrax_3542332 *Leo The Lion vs. TaUrUsRoSe : @0/ A2\ B1/ A0/ C2\ C3\ D3\ @1\ D4+
LoopTrax_3542339 PK vs. *Leo The Lion : @0/ A0/ A0/ B2+ B4\ C2\ D2\ C1+ A5/ @3/ C6\ D4\ E4\ F4\ G5/ E6+ H6+ F7/ @1+ C0/ H4/ I3\ J6\ K5+ I1/ RESIGN
LoopTrax_3542340 *Leo The Lion vs. PK : @0/ A2\ B1/ C1/ A3/ @2\ D2+ C0+ C0/ @2+ A1\ A0+ @3+ E1/ E0/ C7/ B7/ A7/ G2+ @7/ A8/ G8\ @8+ H9/
LoopTrax_3542345 BrnIdGirl vs. *Leo The Lion : @0/ A2\ B2\ B3\ C2/ C1/ D1\ D2+ C4/ C5/ @1\ A0\ F5\ D1/ F2/ B0+
LoopTrax_3542346 *Leo The Lion vs. BrnIdGirl : @0/ B1\ B2\ C2\ D1+ C0/ C0/ D1/ E4/ D5/ A1\ B0/ @4\
LoopTrax_3542349 Dionysos vs. *Leo The Lion : @0+ @1/ @1\ B0/ @2\ A1\ B0\ A1\ @3/ A4/ D1/ D0/ D0/ A2\ @2\ G3+ B1/ D2+
LoopTrax_3542350 *Leo The Lion vs. Dionysos : @0/ A2+ @2\ C2+ B3/ A0\ @1\ C0/ D1/ E3\ A5/ E5/ @3+
LoopTrax_3542351 Ruthm vs. *Leo The Lion : @0+ @1/ A0/ @1\ B0/ D1+ A1\ B0/ E1/ C0\ A6\ A2+ @1/ A3+ @2\ E7\ F6/ G4/ H3\ B7/ A4/ A7\
LoopTrax_3542352 *Leo The Lion vs. Ruthm : @0/ B1\ B2\ A2+ @2+ B3\ @2/ D3+ E1/ C0/ C0/ F3\ F2/ G2/ C0/ B2\ F0+ F6+ F7\ G6/ H4/ I4/ I0+
LoopTrax_3542353 spellbound vs. Phil The Hat : @0/ @1/ B2/ B3+ C2\ A3\ D2/ E2+ C3+ B4/ B5/ C4+ @3\ A6/ @6/ E6\ E7+ F5\
LoopTrax_3542354 Phil The Hat vs. spellbound : @0/ A2\ B1/ @1/ B0+ @2+ C4+ B0/ D1+ C0/ A1\ E2/ C0\
LoopTrax_3542355 spellbound vs. ypercube : @0/ A0/ B2/ B3/ A3+ @3/ C1+ A1\ B0/ @4\
LoopTrax_3542356 ypercube vs. spellbound : @0/ B1\ A2/ A0/ A0/ A0/ @3+ B0/ D4+
LoopTrax_3542357 spellbound vs. jazzbeth : @0/ @1/ B2/ C2/ B3/ D3/ A3\ A0+ B5/ D6/ E6/ B6/ B7/ @7\ A8\ E3+ A5/ @5/ G3/ A7+ C8\ @8\ C9/ A4\ A9/ @6\
LoopTrax_3542358 jazzbeth vs. spellbound : @0/ B1\ B2\ A0/ C3+ B0\ D2+ E2\ F3/ G3/ D4+ B0\ @3+ E6\ E0+ F1/ A1\ E0/ B1/
LoopTrax_3542361 spellbound vs. Dragon101 : @0/ A0/ @1/ C1/ C0\ A3/ A4+ A5\ D3\ B1+ D5\ B6+ E4+ E1/ F3+ C0/
LoopTrax_3542362 Dragon101 vs. spellbound : @0/ A2\ B1/ @1/ B3\ @2\ @1/ D4+ C0+ E5\ @5+ B6/ A1\ @5/ A3\
LoopTrax_3542363 Phil The Hat vs. ypercube : @0/ @1/ B2/ C2/ B3/ D3+ D4\
LoopTrax_3542364 ypercube vs. Phil The Hat : @0+ A2+ B2+ A3/
LoopTrax_3542365 Phil The Hat vs. jazzbeth : @0/ @1/ C1+ C2\ B3+ B4/ @2+ C0/ E2/ C0/ E0+ F1/ F0/ G1/ C2+ F0+ H5\ H6\ H7\ G7\ F8+
LoopTrax_3542366 jazzbeth vs. Phil The Hat : @0/ @1/ B2/ B3/ C1+ D3/ D2/ A0\ @1\ @1+ E5+ G2\ F1+ H2\ I3/ B0\ B3/ I1+ D0+ J3+
LoopTrax_3542367 Phil The Hat vs. mexicanfury : @0/ A0+ @1/ A2+ B3+ @2/ C4+ D2+ C5+ B4\ C6+ D4\ E5/ B0/ A2+ D7+ D8\ @2+ A4\ @2\ F1\ A4/ A5/ @2/
LoopTrax_3542368 mexicanfury vs. Phil The Hat : @0/ @1+ C1/ @1+ D2+ D3/ C0+ D0\ @3/ A4/ @4+ G1/ F0\ G5\ H2+ E7\
LoopTrax_3542369 Phil The Hat vs. Dragon101 : @0/ A0/ @1/ A2+ C2/ @2/ B0\ A1\ @1\ C0+ E2\ @2\ G1/ D0/ G5\ F0/ H4\
LoopTrax_3542370 Dragon101 vs. Phil The Hat : @0+ A0+ B1+ A0+ C2+ C3\ C1+ B0/ D2/ D3+ @2/ A1/ C0/ F1/ C0/ B1\ C0/ @2\ B1/ B0/ E1+ A2+ A0+ G8\ H5+ I5\ G3+ G1/ H3/ I2\ J3/ K3+ D1+ C0/ F1+
LoopTrax_3542371 ypercube vs. jazzbeth : @0+ B1/ B0/ A3/ A4/ B3+ C1/ D1+ E2+ F2+ B5/ G2/ @2+ E4+ B0+ A1\ A0\ @4+ E1/ A0/ F2\
LoopTrax_3542372 jazzbeth vs. ypercube : @0/ @1/ B2/ C2/ D2/ C3/ E3/ A0\ @1\ F5+ G5\ D1/ B0+ C6/ F7/ B5\
LoopTrax_3542373 ypercube vs. mexicanfury : @0/ B1+ A2+ B0/ B0/ A2+ A0/ B1+ C3+ D3/ E3/ D4+ @4/ @4/ C6\ B6+ G1/ H3/ E0+
LoopTrax_3542374 mexicanfury vs. ypercube : @0/ @1/ A0/ @1/ A0/ @1/ B3/
LoopTrax_3542375 ypercube vs. Dragon101 : @0+ A0/ A3\ B1/ B0/ C4+ D3+ @1+ B0\ D1+ C0+ A2\ F3+ G3/ D7\ E7\ F7+ D8+ G4\
LoopTrax_3542376 Dragon101 vs. ypercube : @0/ @1/ A0/ @2+ @1/ C0+ D1/ D0/ E4/ A1\ D0/ @3\
LoopTrax_3542377 jazzbeth vs. mexicanfury : @0/ A0+ A0\ @1\ @1+ C0+ D3/ C0\ @3/ B2+ A2\ @1/ C6+ D7/ D8/ B7+ D0+ A4/ @2/ @3\ E10+ B4/ A5+ C9+ E11/ @7+ G11/ H8+ I7\ J8/ D12/ C11+ G12\ H10\ F13/
LoopTrax_3542378 mexicanfury vs. jazzbeth : @0/ @1/ B0+ @1/ C0\ @2/ B3+ B4/ C4+ @1\ A3+ A0/
LoopTrax_3542379 jazzbeth vs. Dragon101 : @0/ A0/ B1+ C2/ D2/ @1+ A0\ C4+ E1+ D0/ F4/ F6+ G6\ C6/ C7/ A6+ @4\ I5+ J5/ E7+ G7+ K5/ J6+ E8+ C8+ H2+ I2/ I1/ G0/ G0/ L3/ L2/ L8\ M5+ L9/
LoopTrax_3542380 Dragon101 vs. jazzbeth : @0/ @1/ B0/ @1/ @1/ D0/ E1/ F3/ A3/ E4\ B5+ @3/ C0+ @6/ C7\ A1\ C0/ @5/
LoopTrax_3542381 mexicanfury vs. Dragon101 : @0+ A0/ A3\ B1/ @2/ @3\ B1+ C0+ C5+ @3/ E5+ F2+ @4\ A1+ D0/ @3+
LoopTrax_3542382 Dragon101 vs. mexicanfury : @0/ A0/ B1/ @2\ B3/ B4/ B0/ D3+ C6+ D1\ E3/ A2+ @2/ G1+ D0/ F5\ G5\ H3/ A1\ B0/ @4\
LoopTrax_3545789 jazzbeth vs. GringoNZ : @0/ B1/ B0\ C1\ C3/ B0/ A1/ @2\ B4/ E4/ @1/ F5\ G4/ B5/ E6+ C0+ A4+ @1\ C0/ A5/ @5/ B6\
LoopTrax_3545790 GringoNZ vs. jazzbeth : @0/ @1/ B0+ @1/ A0/ A0/ C2/ A4+ @2/ E1\ B5/ A5/ A0\ @3/ C0/ D1+ B0\ A2/ @6\ F8\ G8\ E9/
LoopTrax_3545791 jazzbeth vs. dgb : @0/ @1/ B2/ B3+ C3\ D2+ B0/ @2+ @2/ @2/ D4+ F5+ G0/ H1/ B2+ G0+ G0\ E3+ H4+ B2\ A2\ @5+ E1+ G0/ G0/ E0+ D2\ I3+ J6/ I1/ J3/ G0/
LoopTrax_3545792 dgb vs. jazzbeth : @0/ @1/ A2/ C2/ C3+ C1+ B4/ B0/ B6\ C6\ D2\ D6\ E6\ B7+ A7/ @7+ E8/ B8/ G8\ E9/ G5/ A1+ F2\
LoopTrax_3545793 jazzbeth vs. Mersephone : @0/ B1\ B2\ B3\ A2/ A3/ A4/ A5/ @5+ C4+ C6+ @1\ C0+ A6/ @4+ C7+ @3/ D8/ B8/ G4+ C9/
LoopTrax_3545794 Mersephone vs. jazzbeth : @0+ B1/ C1\ B2/ A0/ C3+ C1+ B4+ D3/ E2\ C5+ A4+ D5/ F3/ A5+ @3+ H2\ H5+ I3/ F6/
LoopTrax_3545795 jazzbeth vs. Traxplayer : @0/ @1/ B2/ B3/ C1+ D2+ E2/ B0\ C5/ C6+ C7/ F3/ E4+ F5+ G5/ H5/ G6+ D7+ B5/ F2/ C1+ G3+ B0+ E1+ D0/ G2/ H5/ F1/
LoopTrax_3545796 Traxplayer vs. jazzbeth : @0/ @1/ A0/ @1/ C3/ D3/ D4/ D5/ E3+ D2+ D1/ D0+ C0/ C7/ E2\ B7+ F2\ G3/ A5+ C8/ F8+ C9+ G6+ H6\ F1+ C0/ H2/ F1/ I3\
LoopTrax_3545797 GringoNZ vs. dgb : @0/ @1/ B0/ B0+ C2+ D2/ B4\ B5/ C5/ D4\ E5/ E6+ F3/ D1/ C0\ B1\ @2\ @2+ A1\ C0/ RESIGN
LoopTrax_3545798 dgb vs. GringoNZ : @0+ A2+ B2\ A0+ @2/ B0\ B0\ C1\ C0\ D1\ C0\ E2+ C0+ F2+ B9+ @8\ B6+ A5+ @8\ @8\ @5+ B4\ F2\ I4\ C9+ E10+
LoopTrax_3545799 GringoNZ vs. Mersephone : @0/ B1\ A2/ A3/ @2\ C3\ C4\ @3/ A4/ @2\ B1/ D0/ B6\ D5+ D6+
LoopTrax_3545800 Mersephone vs. GringoNZ : @0+ A2+ B2+ A3+ A0/ B1/ C1+ D3/ B0/ D1/ D0/ @4/ F2\ F3\
LoopTrax_3545801 GringoNZ vs. Traxplayer : @0/ @1/ A2+ C2/ A0/ @1/ @1/ C0+ B0+ @3+ @2+ D0/ E1+ @3/ E0/ C2+ C1\ E0/ H9/ A3+ RESIGN
LoopTrax_3545802 Traxplayer vs. GringoNZ : @0/ A2+ A3/ @3/ @2/ B1+ C0+ D3/ B5\ A4/ @5\ @3+ @4\ @4\ @4\ D5+ A6+ @4\ @3/ C2+ RESIGN
LoopTrax_3545803 dgb vs. Mersephone : @0/ B1\ A2/ A3/ @2\ C3\ B4/ C4+ B0\ A1\ A0\ @4\ D1/ E1\ C0/
LoopTrax_3545804 Mersephone vs. dgb : @0+ A2+ B1+ A3+ B3+ A4/ @3+ B5\ C5\ C6\ D4/ A6/ B7+ @5\
LoopTrax_3545805 dgb vs. Traxplayer : @0+ A0+ B1/ C1/ @2\ D0+ C0/ @4\ F1\ G1\ F3+ H2+ G4/ RESIGN
LoopTrax_3545806 Traxplayer vs. dgb : @0/ @1/ A0/ @2/ @2+ @2/ A3+ C0+ @3/ C5/ D0/ @5\ D7/ E0/ E0/ G3+ H2+ D2+ C3+ A5\ RESIGN
LoopTrax_3545807 Mersephone vs. Traxplayer : @0+ A0+ B1/ C1/ A3/ B0+ @4/ @4+ D0/ D0/ D6+ B7/ F4+ C1\ B2+ C0/
LoopTrax_3545808 Traxplayer vs. Mersephone : @0/ B1\ A2/ A3/ @2\ C3\ B4/ B5/ @5\ A6\ A7\ C6\ D6\ B8/ @6+
LoopTrax_3545811 mexicanfury vs. Authority : @0/ @1/ A2+ A3/ @1/ D1/ @1/ D0+
LoopTrax_3545812 Authority vs. mexicanfury : @0+ A2+ B1+ @1/ D1/ B0\ @3\ C4\ A4\
LoopTrax_3545815 mexicanfury vs. ypercube : @0/ @1/ B0+ @1/ A0/ A0/ @1/ C5\ C2+
LoopTrax_3545816 ypercube vs. mexicanfury : @0/ B1\ B2\ C1\ B3/ A2+ @2/ A3/ @3/ C4+ C5/
LoopTrax_3545817 PK vs. Authority : @0/ A0/ A0/ @3\ A1\ A0\ A0\ @5+ A0\ @4+ A1+ @4\ F5+ G5/ C0\ B0/ D3/ G5/ H6\ A1\ B0/ @3/
LoopTrax_3545818 Authority vs. PK : @0+ @1\ C1\ B0\ B0\ C2+ D2+ D1/ D0/ C5\ E2+ A2\ A1\ A0+ @1\ A2+ F6\ G4/ F7/
LoopTrax_3545821 PK vs. ypercube : @0/ @1/ @1/ D1/ D2\ E1/ F1/ C0+ B4/ @3\ G3\ H1\ D0/ F6+ F7/ A1+ @1\ D0/
LoopTrax_3545822 ypercube vs. PK : @0+ @1\ C1\ B2\ B3\ A2+ D1\ D0/ E2\ A1\ A0+ @3+ E4+ @4\ @4\ @4\ D5+ D6/ B2+ B1/ @6+ A7/ A2\ @3\ C1\
LoopTrax_3545823 Authority vs. DINGEROO : @0/ A2\ B2\ B3/ C2/ C1/ D1/ B0\ D4\ E4\ C5/
LoopTrax_3545824 DINGEROO vs. Authority : @0/ @1/ B0\ @2\ A1\ @1\ C0/ A4/ @4/ E4\ F4\ D5/
LoopTrax_3545825 Authority vs. ypercube : @0+ @1+ @1+ B0+ A3\
LoopTrax_3545826 ypercube vs. Authority : @0+ A2/ A0\ @1\ A0\ @3/ D4/ E3\ D5+ D6/ C7\ D8/ @3+ A4/ C5+ B0/ F8+ G4\ @1+ C0/ G11\ H11\ D11/ C9+ F12/
LoopTrax_3545827 DINGEROO vs. ypercube : @0+ A2+ B2\
LoopTrax_3545828 ypercube vs. DINGEROO : @0+ B1/ @1/ D1/
LoopTrax_3551613 Charlo vs. dingbat : @0/ A0/ B2+ @1+ A3\ B4+ B0/ C6/ B7\ @3\ E4/ F3\ C0/ E1+ A1\ @3\
LoopTrax_3551619 Goonerg vs. Lorraine of the Renegades : @0/ A2\ B1/ @1+ A0+ @1\ A0\ @2/ A3/ @1\ A0\ @2\ G2/ F1/ H3/
LoopTrax_3551659 Rogue Trooper vs. YankeeFan : @0+ A0/ B1\ A3/ A0/ @3\ D1/ D0/ B1+ D4+ E1+ D5/ D6/ F3+ B6/ D7/ D0/ A8\ D9/ @5\ A9/ A10+ @8/
LoopTrax_3551661 Phil The Hat vs. jaha : @0/ A0/ B2/ @2\ B0+ B4+ B0/ A2\ C2+ D3/ D4+ D6+ A0/ B1/ D2+ B0+ @6\ E1+ A3+ F3+ F2/ F7+ @6/ G6+
LoopTrax_3551745 GringoNZ vs. dgb : @0+ A2+ @1\ @1+ C0/ @2\ A1\ A0\ E4/ F3/ G3/ F4+ F5+ B4/ @3/ @3+ A4/ D5/ RESIGN
LoopTrax_3551750 Authority vs. jazzbeth : @0/ @1/ B0+ @1/ D1+ B3\ B4+ D0/ D0/ C5\ D5\ C2+ E3/ B1\ A0/ A6+ @5/ B0/ A3+ @7\ F2\
LoopTrax_3551963 Lady Mac vs. Linda Sue : @0/ @1+ B0\ A1\ A0/ A4\ B1+ C2/ D2\ D3\ A5/ @5/ E5\ B6\
LoopTrax_3553186 hexkid vs. * :
LoopTrax_3554230 Charlo vs. REBEL DJ : @0/ B1\ B2\ B3\ A3+ @1/ C0\ D4/ D5/ A5/ A6/ D1/ D0/ B1+ C7\ A8/ E5+
LoopTrax_3556501 Dragon101 vs. Goonerg : @0/ @1/ A0/ A0/ A0/ @3+ C1/ D4\ B5+ C0/ E1+ @1+ D0+ D0/ G6+ H7/ H5+ E1+ H3/ H2+ I4/
LoopTrax_3561272 jazzbeth vs. Traxplayer : @0/ @1/ B2/ C2/ C3/ B0\ C1\ C0\ D3/ E2+ C0\ F2+ G1+ G0+ H2\ H3\ G4+ C0\ B2/ I3+ H2/ H1/ F0+ I3+
LoopTrax_3562466 DINGEROO vs. * : @0/
LoopTrax_3565459 dingbat vs. Goonerg : @0/ @1/ @1/ @1/ C0+ D3+ A0\ @3/ E5+ B5+ A6\ @2\ A1\ @3/ A4/ C0/ @2+ F0/ G3+ C1\ B2\
LoopTrax_3566967 dgb vs. Authority : @0/ @1/ A2/ C2+ A3/ D1\ @2+ C4+ E3+ @2/ @3\ @2/ A4\ D4+ @4/ C5+ C1+ C0/ A2\ A1\ @4\
LoopTrax_3566968 Authority vs. dgb : @0+ A2+ B2+ A3/ @2+ B4\ C3+ D3\ D4\ E4\ B5+ A5/ @3\ E6/ B6/ G3/ A6+ F2/
LoopTrax_3566976 Rogue Trooper vs. Charlo : @0+ A2/ @2/ @2/ @2/ C0+ B0/ @1+ D0\ @2/ C6/ @5+ @5+ F0/ C2+ A4/ H4/ I2+ J3/ K2\ I7\ I8\ H0+ B4+ C1\ G0/ B2/
LoopTrax_3566977 Rogue Trooper vs. Traxplayer : @0+ A0+ B2+ A3+ C2+ A0+ @2/ @3\ D2/ E4\ B4+ F3+ B1+ D5/ @1\ B0/ A5/ RESIGN
LoopTrax_3567074 Daddy MBA vs. YankeeFan : @0+ B1/ B0/ A3+ A4+ A0\ @2/ D2/ B6+ D4\ RESIGN
LoopTrax_3567771 Dragon101 vs. Traxplayer : @0/ @1/ A0/ @2/ @1/ C0/ A0+ @2\ B0/ @4/ C5/ C6/ @3+ C2\ B1+ A0/ E1+ G1+ @3/ F0+ G1/ I4\ H5+ G0/ H1/ I1/ J1+ F0\ E1\ K3+ I0+ RESIGN
LoopTrax_3568252 marygal vs. ypercube : @0/ A0/ B2/ B3/ B1/ @1\ A0\ D3+ A0/ B1+ E3/ E2/ E1/ A5/ C6\ @5\
LoopTrax_3568677 Chad vs. PK : @0+ A2/ B1+ B2\ A3/ A4/ C2/ A5/ D2/ B3+ @2+ B0/ E2+ @2/ D0\ B2+ @2\ A1\ D0+ C0+ G4+ D1+ E1+ @5\ @5\ J5\ K6/ H9\ I10/ K11+ L9/ L8/ M10\ N10+ N11\ K12\ L13/ N7/ O7/ B1\ D0+ I2/ K5/ F1/ O6/
LoopTrax_3569921 Traxplayer vs. Kaisa : @0/ @1/ @1/ A0/ @2/ D1/ E1/ C3+ F2+ B0+ B0/ G4/ @5\ C6+ F6\ @6/ RESIGN
LoopTrax_3576097 jazzbeth vs. Authority : @0/ @1/ B2/ C2/ C3/ D3/ D4/ B3+ A0/ E5/ E6/ F6/ F7/ G7/ G8/ @1+ C1+ D1/ D5/ E1/ E0/ F4+ G6+ B6/ D7/ D0+ B1+ C0/ G4+ H3\ B7\ A8/ @6\ B9\ J4/ @6+ A5\ A9/ @6/ D10/
LoopTrax_3576098 Authority vs. jazzbeth : @0/ @1/ B0/ @1/ C0/ A0/ C5/ D5/ D4+ D6+ E2+ E5+ F4/ G4/ D7/ F6\ F7\ D8/ B5/ H4/ F2+ H8\ I7/ G9/
LoopTrax_3576099 jazzbeth vs. Pegasus : @0/ B1\ B2\ A2+ C1+ C0\ B4+ B1+ C4\ D3/ E3/ A1+ E1/ C0\ F3/
LoopTrax_3576099 jazzbeth vs. Wife of a Maverick driver : @0/ B1\ B2\ A2+ C1+ C0\ B4+ B1+ C4\ D3/ E3/ A1+ E1/ C0\ F3/
LoopTrax_3576100 Pegasus vs. jazzbeth : @0+ B1/ C1\ A2\ A0/ B1+ C1+ D1/ C3+ E1/ D3+ D0+
LoopTrax_3576100 Wife of a Maverick driver vs. jazzbeth : @0+ B1/ C1\ A2\ A0/ B1+ C1+ D1/ C3+ E1/ D3+ D0+
LoopTrax_3576101 jazzbeth vs. dgb : @0/ B1\ A2/ A0/ @3/ C3+ B4\ B5\ C5\ D5\ E5+ E6\ @1\ A0\ A5+ @5+ G8\ F7+ H6/ B8/ A6+ F9/
LoopTrax_3576102 dgb vs. jazzbeth : @0+ B1/ @1/ B2/ B0\ @1+ A0\ C1+ C0/ B0+ B0/ B0/ A2+ E4+ F4\ E7+ D3+ @4/ F1/ G2/ E0/
LoopTrax_3576103 jazzbeth vs. Kaisa : @0/ @1/ B2/ C2/ C3/ D2/ E3/ C4\ C5\ D5+ A0/ A0+ B2+ C8+ @1+ A0\ B1+ @2/ A0/ A6/ @6+ F4/ E7/ E3+
LoopTrax_3576104 Kaisa vs. jazzbeth : @0/ @1/ B2/ C2/ B0/ A0/ @3+ D2+ C5/ B4/ A5\ @3/ RESIGN
LoopTrax_3576105 Authority vs. Pegasus : @0/ A2\ B1/ B0/ @3\ C3+ D1/ E2/ @2/ F1+ D0+ F1+ E5/ G3\ G5\ G6\ H4+ G2+ I4/
LoopTrax_3576105 Authority vs. Wife of a Maverick driver : @0/ A2\ B1/ B0/ @3\ C3+ D1/ E2/ @2/ F1+ D0+ F1+ E5/ G3\ G5\ G6\ H4+ G2+ I4/
LoopTrax_3576106 Pegasus vs. Authority : @0+ A2+ A3\ B3\ B4\ A0\ B2+ C3+ @3/ C1+ A2+ E3/ D1+ E0\ F2/ E6\ F5\ D7\
LoopTrax_3576106 Wife of a Maverick driver vs. Authority : @0+ A2+ A3\ B3\ B4\ A0\ B2+ C3+ @3/ C1+ A2+ E3/ D1+ E0\ F2/ E6\ F5\ D7\
LoopTrax_3576107 Authority vs. dgb : @0/ @1/ B0/ @1+ C0/ @3\ @3\ B1+ C0+ E5\ F3+ D6/ C6/ @6+ D7/ A2\ G7\ @4\
LoopTrax_3576108 dgb vs. Authority : @0/ A0/ A0/ B3+ @3/ A4/ A5+ @2+ @4+ A5/ E6\ F6\ A6+ @6/ E7/
LoopTrax_3576109 Authority vs. Kaisa : @0/ A0/ B2/ @2\ C1/ B3+ B0+ A2\ B0/ A2\ D5+ D2+ D0\ D0+ E3\ F5+ G6+ G7+ C8/ H7/
LoopTrax_3576110 Kaisa vs. Authority : @0/ A0/ @2+ @2/ A3+ A4+ @3/ B5/ B6/ @5+ D6\ E6+ D7/
LoopTrax_3576111 Pegasus vs. dgb : @0+ A0+ A3\ @3/ A4/ @4/ B5\ C5\ C6\ D6\ D7\ E5/ E4+ A2\ @3/ E1\
LoopTrax_3576111 Wife of a Maverick driver vs. dgb : @0+ A0+ A3\ @3/ A4/ @4/ B5\ C5\ C6\ D6\ D7\ E5/ E4+ A2\ @3/ E1\
LoopTrax_3576112 dgb vs. Pegasus : @0+ @1/ C1/ C0\ B3+ B1\ D2\ C3+ C4\ D3\ E3\ E4\ E1/ F1/ C0/
LoopTrax_3576112 dgb vs. Wife of a Maverick driver : @0+ @1/ C1/ C0\ B3+ B1\ D2\ C3+ C4\ D3\ E3\ E4\ E1/ F1/ C0/
LoopTrax_3576115 dgb vs. Kaisa : @0/ A0/ B1/ B3/ B0+ A0+ C5+ @4\ @4\ B5+ F4/ G4/ D6/ G5+ G3/ RESIGN
LoopTrax_3576116 Kaisa vs. dgb : @0/ @1/ B2/ C1/ C0/ C0+ @3+ B0+ @3/ @2+ C0/ B0+ @3/ E7/ B0/ F3+ E2+ G4+ H8+ E9+ F10+ I9+ H4/ I3\ J5+ F1+ G11/ G2+ E1+
LoopTrax_3576117 GringoNZ vs. PK : @0/ A2\ B1/ C1/ B0\ @3\ @2/ E3\ F2/ C1+ B4/ E0/ G2/ G1/ H1/ E0/ H4\ I3/ G5/
LoopTrax_3576118 PK vs. GringoNZ : @0/ @1/ A0/ B1+ @2+ A0/ B4/ B1+ B0/ C2/ D2/ D1/ D5\ RESIGN
LoopTrax_3576119 GringoNZ vs. Rogue Trooper : @0/ @1/ A2+ A3+ C2/ @3/ A4/ @4/ A2+ @4/ A5/ @2+ A1\ A0+ @5\ A2\ A7/ @1/ A7\
LoopTrax_3576120 Rogue Trooper vs. GringoNZ : @0+ B1+ A0/ A3/ C2\ @2+ @2\ @2+ D0/ D0/ F2+ G3/ C3+ H3\ G4+ G5\ H5\ H6\ I3+ C6/ B6/ @6/ A7/ G6\ D7\ E7\
LoopTrax_3576121 GringoNZ vs. Traxplayer : @0/ @1/ A2+ C1+ A0/ B4\ D2\ B1/ A0\ @3+ F3/ F2/ E1/ E0/ F1/ G4+ D0+ C2\ G6\ G7\ H6/ H2+ I7\ I8\ H1/ H0/ I4/ J5+ E8+ E9/ F10+ J8+ K7+ J2+ K3/ G0\ F1+ H0/ I1/ G0\ F2+ @8\ B7+ M10/ L9/ M5\ D13/ RESIGN
LoopTrax_3576122 Traxplayer vs. GringoNZ : @0/ @1/ @1/ B0+ B0/ D2\ D4+ B5\ B6+ E1/ RESIGN
LoopTrax_3576123 GringoNZ vs. ypercube : @0/ @1/ A2/ B3+ C2\ D2\ D3\ B4/ B0+ E4\ D6\ F2+ E1/ D7+ E7\ F6\ G6\ G7\ D8+ A7/ A8/ @6\
LoopTrax_3576124 ypercube vs. GringoNZ : @0+ A2+ B1+ @1+ D1+ C0+ E2+ E3+ D1+ C0\ C0\ B2+ @4\ A5\ A6\ B7\ B8\ @5+ @5\ @5\ @5\ A3/ E2\ D2\ F9/ E9+ D9\ D8+ D0/ C7+ @6+ H10\ F11\ I6\ I8+ J8\ I10+ F12\ E11+ @6\ M6/ F13+ E13/ D13\ A5\ E2+ B3+ D8+ A7+ E10+ C10/ C11/
LoopTrax_3576125 PK vs. Rogue Trooper : @0/ A0/ A0/ @2+ B0/ C4+ @3/ A2+ A5/ @4\ C0+ @3+ B1+ B0\ A1\ @1+ C0+ A6\ @6\ F2+ I5+ H3+ E0+ @7\ B5+ B8/ D9/ B9/ C10/ @6/ B9/ A4\ @5/ C3/
LoopTrax_3576126 Rogue Trooper vs. PK : @0+ @1\ C1\ A0/ B3/ D3/ @1/ A0\ @1\ B5\ D5/ C0/ D3/ G3+ G2/ F1+ G6\ H4\
LoopTrax_3576127 PK vs. Traxplayer : @0/ @1/ A0/ @2/ @1+ C0/ C0+ D3+ @1\ C0+ B6\ @2+ G4/ H3\ B4+ G5\ @4/ C5/ D7/ C7/ C8/ B8/ A6/ J4\ J5\ K5\ H6\ F7+ B9/ A9/ @5\ L3/ J2/
LoopTrax_3576128 Traxplayer vs. PK : @0/ A2\ B2\ @2\ B3+ B4/ @3+ @3\ @3\ B4+ D0/ G4/ F5+ C2+ @3+ H2/ I2/ H6/ C6+ E7/ I3\ J4/ K6+ K7\ L7\ I8+ L4/ L3/ M5\
LoopTrax_3576129 PK vs. ypercube : @0/ @1/ A0/ @1/ B0/ A0/ A4+ A5/ B5+ A6/ @4/ E4/ F5/ C7\ D6+ A7/ B8\ D3+ A5/ @6\
LoopTrax_3576130 ypercube vs. PK : @0/ A2\ B1/ C1/ B0/ C3\ D3\ E3\ @1/ D4+ G4/ E2/ E1/ F1/ C0+ @1\ A0\ C7/ B6\ A4/ @5\ B6+ A1+ @3\ E1+ C0+ A6+ G8\ E9+ J5+ J9+ K7/ G10+
LoopTrax_3576131 Rogue Trooper vs. Traxplayer : @0+ A0+ B1/ B0/ @2/ D2+ D3\ E2+ E1/ E0/ C1+ B0/ A3+ @2+ D0\ G4+ G2\ D7+ D8/ D9/ D10/ B7+ B11+ A8+ @8/ @10+ C12\ D13/ D14/ G9+ H9/ I8\ J9/ G11\ E12\
LoopTrax_3576132 Traxplayer vs. Rogue Trooper : @0/ A0/ @1/ B0/ @2/ D2+ C4\ E3/ F2\ E1+ D0+ C1+ G3+ D0/ D0/ F2+ @4+ C7+ @5\ A6/ RESIGN
LoopTrax_3576133 Rogue Trooper vs. ypercube : @0+ A2+ B2+ A0+ B1+ B0+ @4/ @4/ E4/ B2\ @4+ C5+ D6/ G3\ F1+ @2+ D1\ E7/ C6+ F0+ G6+ G8+ D9\ C10/ B10/ D0\ C1\ @1+ C0/ F0+ G1/ H1+ G0/
LoopTrax_3576134 ypercube vs. Rogue Trooper : @0+ A0+ B2+ B3+ C2+ C1+ D1+ A0\ A0\ C2+ @3+ B5+ B6/ A6/ @1\ B0/ A7+ @4+
LoopTrax_3576135 Traxplayer vs. ypercube : @0/ @1/ @1/ D1/ B0\ C3+ E1\ E0+ E5\ RESIGN
LoopTrax_3576136 ypercube vs. Traxplayer : @0+ A0+ B1+ A0/ A4\ B4\ B5\ C2+ D3+ C6+ A0/ A0/ A0/ @3+ D3/ E3/ F4+
LoopTrax_3581109 hexkid vs. * :
LoopTrax_3585601 Rogue Trooper vs. Goonerg : @0+ A2/ @2\ B0/ C1/ D1+ C3+ A1\ A0\ @4/ A5/ F2\ G3/ G5+ H3/ A3+ @2/ @1\ A0\ A5+ @5\ B7/ A7/ @4/ H6+ H7/ H8/ I9+ C8+ F9+ H10\ @7/ A8/ D9/ D10/ H2+ @10/ A11/ A5\ @6+ B4/
LoopTrax_3585654 Traxplayer vs. supermac : @0/ B1\ A2/ @2/ B0+ C3+ A4/ A5+ @3+ E3/ C6+ @3/ @4\ G6+ H5+ C0\ B3+ E1/ C0+ E9+ @5+ B3+ H9\ B2\ B0/ @5+ F1/ G1/ K7/ K6/ @3+ C2+ B1+ B0\ D9/ C9/ B9/ A9+ RESIGN
LoopTrax_3585751 Traxplayer vs. YankeeFan : @0/ A0/ @1/ A2/ B3/ B4/ C2+ A4/ @2+ C5+ E2\ F3/ A0+ F2/ RESIGN
LoopTrax_3585759 Mersephone vs. jazzbeth : @0/ @1/ B2+ A0+ @1\ @1\ C0/ A4/ D0\ C6/
LoopTrax_3591607 * vs. ScoobyRex02 :
LoopTrax_3596685 Goonerg vs. balmoral : @0/ B1\ A2/ B2+ @1\ B0/ C4+ D2\ @3/ A4/ A5/ A6+ @6/ A4/ @6/ D7/ A2+ A1\ @4/
LoopTrax_3596841 GringoNZ vs. jaha : @0/ A0/ B1+ @2\ B0/ A2+ @1/ E3/ D4+ @2\ B3+ @3\ B4\ C5/ B0+ A2\ @6+ D7/ A2\ A1\ @4\
LoopTrax_3597557 ypercube vs. Traxplayer : @0+ B1+ C1+ A0+ A3/ @3/ B4/ B5/ C5+ C1+ C0/ D1/ D0/ E4+ F3+ RESIGN
LoopTrax_3598804 Momsie vs. violet unicorns : @0/ B1\ B0/ C1/ @2\ E1/ A1/
LoopTrax_3599956 * vs. Kaisa :
LoopTrax_3601194 Dionysos vs. Traxplayer : @0/ @1/ A2\ C1\ C2\ D2\ B3/ D0/ E2\ A1\ B0+ @3\
LoopTrax_3601435 Authority vs. ypercube : @0/ @1/ B0+ @2+ @2+ B0\ A1\ A0\ @4\ D0+ E2/ C6/ F5/ G2+ G1/ G0+ H3+ E7+ E8/ G7\ G8\ H5\
LoopTrax_3602864 marygal vs. dingbat : @0/ A0/ B2/ @2+ D2\ D3\ A0\ @3\ C0/ E3/ D2/
LoopTrax_3602865 Charlo vs. REBEL DJ : @0+ B1\ B0/ C1/ C0/ A2+ D2+ D3\ C4+ @4/ A5/ E5/ F4/
LoopTrax_3602928 Authority vs. Rogue Trooper : @0/ A0+ A0\ @1\ A0\ @4+ @3+ C0\ @2+ @2/ @2/ D0+ D0/ F8+ @4/ E7/ G9\ D7/ C2/ A6/ B7+
LoopTrax_3602972 JiffyJeff vs. jazzbeth : @0/ @1/ @1/ A0/ @1/ A0/ B4+ C2/ A3+ @3/ B0/ A5/ B6/ F4+ F6+ F7/ G4/ B7/ C8/ A1+ @4/ D1/ D0/ E1/ C0\ C0+ B1\ A3/ F1\ F2\ F0/ G3+ C1+ I7+ H2+ H9+ I10/ J10/ K7\ J4+ @2/ @2/ M5/ M2/ I1+
LoopTrax_3607992 Charlo vs. Authority : @0/ A0/ @1+ C2+ B3/ @2\ E2\ F3/ G2\ H3/ A0\ @1\ D5/ I2/ I6\ J3/
LoopTrax_3607993 Authority vs. Charlo : @0+ A2/ A0\ @1\ A0\ @4+ @3+ E2+ B5/ A5/ @5+ C6+ A1\ C0/ @4\
LoopTrax_3607994 Charlo vs. SIRI : @0+ B1\ B2\ @1/ B0/ B4\ B0/ C5+ D3+ @5/ C6\ @4\ A3\ B2\ B1\ A1\ C0/
LoopTrax_3607995 SIRI vs. Charlo : @0+ A0/ A3\ B3\ C2\ A4+ D1/ D0/ C1+ C0\ E1/ E0/ D6\ E4+ F3\ A2\ @5\ B1/
LoopTrax_3607996 Charlo vs. davidmilne : @0+ A0+ B2\ A0+ B1/ C1/ C0/ D1/ @3/ C5\ F4+ @4\ D6\ B5+ B2+ H5/ @2\ C1\ C0\ A6\ B7+ D1+ A1\ C0\ @4+ A7+ D9+
LoopTrax_3607997 davidmilne vs. Charlo : @0/ @1/ A2+ @2\ D1\ C0/ @1+ A0\ D0/ E1/ F1/ C6/ C7/ D6+ @1/ A0+ @1\ A3+ @4\ @2+ @3\ D5\ D0\ C7/ B6+ D8\ F9/ H10/ A1\ B9+ @2/
LoopTrax_3607998 Charlo vs. Traxplayer : @0+ A0+ @2/ @2/ A3/ @3/ B4/ B5+ E1\ F1\ D6+ E3+ E0\ G3+ @4+ F0+ C3+ RESIGN
LoopTrax_3607999 Traxplayer vs. Charlo : @0/ @1/ A0/ @1+ B3+ B0+ C1/ C0/ D3\ E2+ @4/ A5/ @5/ A6/ @6/ D7+ @4+ D3+ C2\ C1\ C0+ B3+ @3\ A2\ A1\ J6\ RESIGN
LoopTrax_3608000 Authority vs. SIRI : @0/ B1\ A2/ @2/ A3/ C2+ @2+ B0/ E4/ A0\ @1\ D1/ D6+
LoopTrax_3608001 SIRI vs. Authority : @0/ @1/ B0\ @2\ B1+ B0\ A1\ A0\ A5\ @2+
LoopTrax_3608002 Authority vs. davidmilne : @0/ A0+ A0\ @3/ A4/ @1+ @2+ B5\ E4+ F4/ B0\ A1\ @1+ RESIGN
LoopTrax_3608003 davidmilne vs. Authority : @0/ @1/ A2+ A3/ A4/ C1+ D1\ D3/ @1/ C0/ D0\ F3\ C6\ D7/ D8/ E6+ G5+ @5+ C0+ A1+ @6\ D9\ E0\ D0/ B10\ G12\ H11+ D12/ RESIGN
LoopTrax_3608004 Authority vs. Traxplayer : @0/ @1/ A2+ C1+ B0/ B4\ D2+ B0+ B0/ B0/ @5/ @6\ D8\ E2+ F4+ F1/ D0/ D0/ G7\ G3/ B9+ F4+ H4\ G5\
LoopTrax_3608005 Traxplayer vs. Authority : @0/ @1/ A0/ @1/ C3/ A2+ A0/ @2/ @2+ D1+ E1/ C4/ D0+ D0/ D0+ @5/ B6+ D8/ C9+ G5\ RESIGN
LoopTrax_3608006 SIRI vs. davidmilne : @0+ A0+ A3\ A0+ A0/ B5\ B3+ B2+ @2\ @2\ D6\ E6\ A3+ F5+
LoopTrax_3608007 davidmilne vs. SIRI : @0/ B1\ B2\ C1+ C0+ D1/ B0/ A2+ @1/ F2\ F3\ G3\ G4\ E5\ H3+ D5/ D6/ B6/ B7\
LoopTrax_3608008 SIRI vs. Traxplayer : @0+ A0+ A3/ @3/ A1\ @3+ A4\ D3+ C0\ B6+ D7\ E5+ B7/ D8+ B1+ A1\ @3/ @4\ B0\ A6/ @5\ C7\
LoopTrax_3608009 Traxplayer vs. SIRI : @0/ B1\ A2/ B2+ @2\ @2+ C3+ A3\ A1\ B0\ @3+ D0/ E1/ F3\ D6/ B1\ D0+ G5\ G6\ G7\ D8/ B1+ G8+ H8\ E9/
LoopTrax_3608010 davidmilne vs. Traxplayer : @0/ @1/ B2/ C2/ A2+ B3\ C1+ B0\ D2\ E2\ F2\ G2\ B0\ C2+ D5+ B6/ A6/ G6+ RESIGN
LoopTrax_3608011 Traxplayer vs. davidmilne : @0/ @1+ B2/ @2\ D1\ C0/ C0\ C0\ E3\ D2+ F2\ E1+ B6+ A7\ @5\ @4/ @7+ A8/ C3+ RESIGN
LoopTrax_3608012 Pegasus vs. dgb : @0+ A2+ A3\ @3+ B0/ C4\ C2/ D2/ D1\ B5+ A3\ C6\ D5+ E5\ D3+ D6+
LoopTrax_3608012 Wife of a Maverick driver vs. dgb : @0+ A2+ A3\ @3+ B0/ C4\ C2/ D2/ D1\ B5+ A3\ C6\ D5+ E5\ D3+ D6+
LoopTrax_3608013 dgb vs. Pegasus : @0/ B1\ A2+ B2+ A3/ B3+ @2+ A1+ B0+ C1+ D3+ D1\ C5+ D5\ C6/ A5+ C7/ E3\ @4\
LoopTrax_3608013 dgb vs. Wife of a Maverick driver : @0/ B1\ A2+ B2+ A3/ B3+ @2+ A1+ B0+ C1+ D3+ D1\ C5+ D5\ C6/ A5+ C7/ E3\ @4\
LoopTrax_3608016 Pegasus vs. ypercube : @0+ A2+ B1/ C1/ B2\ @2/ A3/ @3/ E3\ F2+
LoopTrax_3608016 Wife of a Maverick driver vs. ypercube : @0+ A2+ B1/ C1/ B2\ @2/ A3/ @3/ E3\ F2+
LoopTrax_3608017 ypercube vs. Pegasus : @0+ A2\ A0/ B1+ C1\
LoopTrax_3608017 ypercube vs. Wife of a Maverick driver : @0+ A2\ A0/ B1+ C1\
LoopTrax_3608018 dgb vs. Kaisa : @0+ A2/ B1\ A0/ A4\ A5+ A0/ @2+ B0/ B0/ A8+ A9/ D4+ A5+
LoopTrax_3608019 Kaisa vs. dgb : @0/ @1/ A0/ @1+ B3+ @2\ E2\ D4/ B4+ F2+ @2/ @2/ B1+ B3+ H3/ @2+ @2/ @2/ D0/ D0/ B2+ F0/ G1/ E0\ RESIGN
LoopTrax_3608020 dgb vs. ypercube : @0/ @1/ B0/ @1/ D1+ B3+ A0+ B5/ C5+ A4+ B0/ B0/ A2+ B8+ @7\ @6/ @7\ H6+ A5\ @6/ G1/ H1+ B2+ RESIGN
LoopTrax_3608021 ypercube vs. dgb : @0+ A2+ B1+ B2+ C1+ C2+ D1+ A0\ A0\ B5/ @5\ @5\ @5\ E1+ C2+ B2\ B0/ @5+ B2+ B7+ A6/ @6/ A7/ D8/ F9+ G8\ H8+ A3+ RESIGN
LoopTrax_3608022 Kaisa vs. ypercube : @0/ @1/ B2/ C1+ D1/ E1/ D2+ E0/ B1+ C0/ @3\ C0\ B1\ A2\ C0+ @4+ C6/ B7\ @6+ @6\ @5/ C8+ E9/ K5+ J7+ K8/ K3\ L4+ H9+ G10+ L6+ I10+ M8\ M9\ K2+ J0/ J0+ K1/ L2/ M2/ M1/ J0+ G2\ G1\ E4/
LoopTrax_3608023 ypercube vs. Kaisa : @0+ A2/ A0\ @2\ @2\ A1\ @1\ D0+ C0+ E2/ D1+
LoopTrax_3609943 dingbat vs. Traxplayer : @0/ @1/ C1/ D1/ B2+ A0+ B0+ C0+ D6\ E4+ A2+ @4+ @4+ E7\ C6+ B5+ D8/ C8/ A5+ D9+ E0\ E0+ G5+ H4+ F1+ F0/ D4+ C3/ I5+ F11\ H8+ G9\ I8+ H10+ G12+ E13/ E14+ I10\ J8/ H6\
LoopTrax_3609944 marygal vs. REBEL DJ : @0/ B1\ B2\ B3\ C1/ A0/ D4/ @1\ B0/ B0/ E7\ F6/ D8/ C8/ B8/ A1\ B0/ @8+ C10\ @9\ C10/ D11\ F3\ A3\ @8/ @8/ I10\ J9/ K8\ I5/ B3\ A3+ B2/ @7/
LoopTrax_3610013 Charlo vs. Phil The Hat : @0/ @1+ B0/ @2+ B3/ @2/ A1/ B0\ E2/ F3+ F4\ F5+ G5\ G4+ H4/ G2+ B5+ C6/ I4/ J3\ I6+ H7\ I8/ J7+ D7+ E1+ A0/ K3/ I2+ @5\ B7+ G7+ H2+ G1/
LoopTrax_3613702 Jump This vs. Kaisa : @0/ A0/ A0/ A0/ @3/ @3\ @3\ D0+ D0/ E4+ F3\ D7+ D8/ D9/ E9/ C6/ E10\ F10\ @6\ G5+ H8/ H6/ I6+ F2+ RESIGN
LoopTrax_3615207 jazzbeth vs. ypercube : @0/ @1/ B2/ C2/ C3/ D2/ D4/ A2/ A3/ @1\ C0+ @3+ E1+ D0\ @3/ C1\ D0/ @3+ E7/ D8+ C1/ D0\ G3+ G1+ C0/ A0+ @4+ @4/ J4\ K7\ L10+ K11\ L6+ M6\ K12\ L12\ M11/ N7\ M8+ N10\
LoopTrax_3621161 Rizzo vs. * :
LoopTrax_3622465 Phil The Hat vs. jaha : @0/ A0/ A3+ @2\ B0+ C3+ D3/ E3/ D4+ F4/ F2+ C1+ B5/ A2+ C0/ E0+ G4/ C7+ E7+ D8/ G6\ H4/ C9\ D10+ I1+ F0+ J4\ J5\ I8+ I9/ D1/ D0/ D0/ C4+ E0\ D0+ G4+ H3+ B5+ A7+ J3+ K4+ @7\ A6\ B1\ D0/ @6/
LoopTrax_3626690 csain1 vs. Goonerg : @0/ @1/ C1/ @1/ D2\ E1/ A0\ @2/ D0+ C0/ B6+ A1\ F1/ A0/
LoopTrax_3626901 * vs. birddog856 :
LoopTrax_3626901 * vs. birddog8560 :
LoopTrax_3628760 Charlo vs. serenityinwv : @0/ B1\ A2/ A3/ A0\ @1\ A0\ D3\ A3+ @3/ @2/ B0\ D1/ E1/ B0/
LoopTrax_3628761 serenityinwv vs. Charlo : @0/ @1/ C1/ A0\ @2/ @2/ F1/ D0+ E4\ F4\ G4\ H4+ G5/ H1/ I1/ F0+
LoopTrax_3628762 Charlo vs. *Leo The Lion : @0/ A0/ B1+ A3/ C3+ A4/ A5+ @3+ @3/ A2+ C0/ @2/ @3\ B0+ A6/ RESIGN
LoopTrax_3628763 *Leo The Lion vs. Charlo : @0/ @1/ A2/ C2+ A3/ D2/ C0\ A5+ @4+ E5\ B6/ E6/
LoopTrax_3628764 Charlo vs. Kaisa : @0+ A2+ B1/ A0/ @3\ B4/ C4/ D4/ E4/ B5+ D6+ D2+ D1\ F6+ F3+ G3/ H4/ G6+ C0/ A2+ C0/ A7/ @5+
LoopTrax_3628765 Kaisa vs. Charlo : @0/ @1/ A0/ C2\ A3/ C3+ B4\ D3/ A5+ D4\ E3/ F2/ E1/
LoopTrax_3628766 Charlo vs. Traxplayer : @0+ A0+ B2\ B3\ C2/ C1/ @2/ @3\ B4+ C5+ E5\ RESIGN
LoopTrax_3628767 Traxplayer vs. Charlo : @0/ @1/ @1/ C0+ B0+ C4\ D2\ C5+ D5\ E3/ B6+ B0/ @3+ A1\ RESIGN
LoopTrax_3628768 serenityinwv vs. *Leo The Lion : @0/ A2\ B2\ @1/ C1/ D1/ D2+ B3+ D0/ E1/ D0/ @4\ D0+ @2+ @2\ D0+
LoopTrax_3628769 *Leo The Lion vs. serenityinwv : @0/ B1\ A2/ @2/ B0/ C3+ A4/ @4/ D5+ @4\ F2\ F5\ G5\ G6\ G1/ H4+
LoopTrax_3628772 serenityinwv vs. Traxplayer : @0/ @1/ A2\ C1\ C2\ D2\ D3\ D0/ E1/ A1\ C0/ @2/
LoopTrax_3628773 Traxplayer vs. serenityinwv : @0/ A2\ B2\ A0/ @2+ @1+ A0+ @1\ A0\ @2/ A3/ @3/ D4/ B0\ D1/ E1/ B0/
LoopTrax_3628774 *Leo The Lion vs. Kaisa : @0/ @1/ C1+ B0\ B0\ B0\ A3+ @2\ B0/ D3+ @3\ F1/ D0+ F6\ G2+ E7+
LoopTrax_3628775 Kaisa vs. *Leo The Lion : @0/ B1\ A2/ A3/ A4+ B4+ A5/ C1+ C4+ D4+ D5\ C5+ E4/ @5/ F1/ B6+
LoopTrax_3628776 *Leo The Lion vs. Traxplayer : @0/ @1/ B2+ B0\ C2+ B0/ C1/ D2+ D4+ E2\ @3/ G2\ H3/ I2\ D5/ I1/ A5/ E0/
LoopTrax_3628777 Traxplayer vs. *Leo The Lion : @0/ @1/ A0+ @1+ B0/ B0/ D3\ B5+ E4+ A1\ A0\ C1+ @2+ @4/ A5/ A6/ B7+ G2+ G0/ H3/ C9+ @5+ @6+ D9/ K2\ H0+ F2/ J2+ F1+ F0/ D2\ RESIGN
LoopTrax_3628778 Kaisa vs. Traxplayer : @0/ @1/ B2/ C2/ B0/ B0+ B5/ A5/ @3+ RESIGN
LoopTrax_3628779 Traxplayer vs. Kaisa : @0/ @1/ A0/ A3\ @2\ @2\ C4\ C0/ E3/ B4+ C6\ A5+ D2+ D4+ F3+ G3/ @4+ @4\ D7+ D8/ D9/ RESIGN
LoopTrax_3628780 Authority vs. Pegasus : @0/ B1\ A2/ B2+ B3\ C3\ D3\ D4/ C4+
LoopTrax_3628780 Authority vs. Wife of a Maverick driver : @0/ B1\ A2/ B2+ B3\ C3\ D3\ D4/ C4+
LoopTrax_3628781 Pegasus vs. Authority : @0+ A2+ A3\ A0\ @1/ A4/ B5\ C3/ A2+ @3\
LoopTrax_3628781 Wife of a Maverick driver vs. Authority : @0+ A2+ A3\ A0\ @1/ A4/ B5\ C3/ A2+ @3\
LoopTrax_3628782 Authority vs. dgb : @0+ A2+ @1+ A2+ C2+ C3/ B0/ C1/ D3\ E3\ F2+ G2\ D5+ B0\ A1\ E1+ D0/ G2/ G1/ H3\
LoopTrax_3628783 dgb vs. Authority : @0/ @1/ @1/ D1/ B0\ A3+ E2+ B0+ C5+ C6/ D6+ C0+ A6+ @6/ @7\ @6/ C4\ B3/ @3\ A2\ I8/ J8+ G9/ F9/ A9+ C2/ @7\
LoopTrax_3628784 Authority vs. ypercube : @0+ A0+ @1+ B3+ C3+ C2+ D3+ C4+ D4+ D5+ E4+ D6+ E5+ D7+ C7+ B7\ F5+ C5+ E7\ E8\ F8\ A6/ @7\ H8+ F9+ C8+ E10\ A9/ E11\ @9\
LoopTrax_3628785 ypercube vs. Authority : @0+ A0+ B2+ @1+ D2+ D3+ C3+ D4+ A2+ A0+ B4+ B1+ @2+ D1\ F3/ E1+ D5+ D6/ @2/ D0/ H3+ G1+ D0/ E0\ F0+ E0/ E0/ E0/ C6+ B6/ @9/ A10/ @7+ A6\ C5\ E4/ E3+ D2+ D0\ C1\ B4+ @8+ J3+ K5+ L6/ K2\ K1+ F0+ L3+ A6\ L4+
LoopTrax_3628786 Pegasus vs. dgb : @0+ A2+ A3/ A0/ B1\ B4\ B2+ B5/
LoopTrax_3628786 Wife of a Maverick driver vs. dgb : @0+ A2+ A3/ A0/ B1\ B4\ B2+ B5/
LoopTrax_3628787 dgb vs. Pegasus : @0/ B1\ A2/ B2+ C2\ @2+ C3+
LoopTrax_3628787 dgb vs. Wife of a Maverick driver : @0/ B1\ A2/ B2+ C2\ @2+ C3+
LoopTrax_3628788 Pegasus vs. ypercube : @0+ A0+ A0\ B1/ A0\ C2/ B1/ A0\ @3/ D4\
LoopTrax_3628788 Wife of a Maverick driver vs. ypercube : @0+ A0+ A0\ B1/ A0\ C2/ B1/ A0\ @3/ D4\
LoopTrax_3628789 ypercube vs. Pegasus : @0+ B1\ @1\ C2/ A2/ @2/ D3/ A1\ @3\
LoopTrax_3628789 ypercube vs. Wife of a Maverick driver : @0+ B1\ @1\ C2/ A2/ @2/ D3/ A1\ @3\
LoopTrax_3628790 dgb vs. ypercube : @0/ @1/ A2/ B3+ C1/ @1\ C0+ C5/ A4+ @3+ @3\ E0\ D0/ F2+ G5\ G2/ H5+ I4\ J4\ J6/ I3/ E0\ A4\ RESIGN
LoopTrax_3628791 ypercube vs. dgb : @0/ A0/ B2/ B3+ B4\ C3/ D3/ D2/ D1/ C0+ E3+ F2\ G3/ F4+ C0/ E2+ RESIGN
LoopTrax_3631300 Goonerg vs. YankeeFan : @0/ A0/ B1/ C2+ A3/ A4+ @4/ C0/ C6/ E2\ E0/ F1/ B1\ E7+ A2\
LoopTrax_3631363 Rogue Trooper vs. Dragon101 : @0+ A2+ B1/ C1/ @1/ C0+ D0\ B5/ E1/ C0/ B2+ @5\ E5+ C7/ @6+ @6\ D3+ G7\ H6\ G8/
LoopTrax_3633051 REBEL DJ vs. Charlo : @0+ A2/ B1\ A3/ @2\ C0\ A2\ D1/ C0\ D5\ E3/ D6/
LoopTrax_3634870 GringoNZ vs. Kaisa : @0/ A0/ B1+ @2\ C0/ C0+ @4\ @4\ @4+ E5/ E6/ G6+ F7\ F8\ G8\ H7\ E9+ RESIGN
LoopTrax_3634871 Kaisa vs. GringoNZ : @0/ @1/ B2/ A2+ @2/ D2+ E2\ D3/ RESIGN
LoopTrax_3634872 GringoNZ vs. Traxplayer : @0/ @1/ B0+ A3\ A4\ @3+ C3+ B0/ @4/ E3+ @4+ E6/ G4+ C2\ D0/ A2\ @3/ @3/ @3+ A2+ @2\ A1\ E0+ C0+ D6+
LoopTrax_3634873 Traxplayer vs. GringoNZ : @0/ @1/ A2+ A3+ C1\ D1\ @2\ B0+ @2+ F1/ RESIGN
LoopTrax_3634874 Kaisa vs. Traxplayer : @0/ @1/ A2+ B0+ @2\ B4+ A3/ @4\ @3/ D5/ E5/ F4\ F3+ C6+ G4/ @3/ C2+ @3+ F6+ G7+ F7/ J4/ B7+ RESIGN
LoopTrax_3634875 Traxplayer vs. Kaisa : @0/ @1/ A0/ @2/ A3/ C4/ D2+ D1/ A0+ @4+ @4\ @2+ C0/ D6/ D7/ B6+ C8+ C9\ @4\ C0+ C0/ H4/ H3+ G2/ A3+ RESIGN
LoopTrax_3634876 serenityinwv vs. dgb : @0+ A2+ A0/ A4/ B2/ C2/ A0/ A0/ C5/ B3+ @3\ D1/ E1/ C0/
LoopTrax_3634877 dgb vs. serenityinwv : @0+ @1/ C1/ A2\ B0+ @3\ @3\ B1/ B4/ @1\ A0\ A4+ B5+ A0\ E6+ E7\ F7\ G6\ E8+ E2/ B8/ @6/ D9/
LoopTrax_3634878 serenityinwv vs. ypercube : @0+ A0+ @2/ @2/ D2/ @2\ A1\ B3/ A0/ B2+ D5/ E4+ A0+ E7\ F7\ C7/ C8/ C9/ C2+ A9/ @5\ B10\
LoopTrax_3634879 ypercube vs. serenityinwv : @0+ A0/ A3\ B1/ B0/ C4\ D3+
LoopTrax_3634880 dgb vs. ypercube : @0/ @1/ @1/ A0/ @2/ A3/ @3/ @1\ C0+ F5+ G4\ D0\ H4/ RESIGN
LoopTrax_3634881 ypercube vs. dgb : @0+ A2+ B2+ A3/ A0\ @1+ @2\ B3/ @2\ B3+ @2+ @2\ A1\ A0+ @2+ B4+ @3\ C5+ E6\ F5+ D7/ C7/ @4/ A5/ B1/ A2+ @2\ A0+ D8+ F9+ @4\ A2+ D8/ B7+ B8\ C9/ B10\ @7/ A8+ @4\ A3\ C11/ RESIGN
LoopTrax_3638934 Charlo vs. Rogue Trooper : @0+ A0+ B1/ A3+ B3\ C1/ D1+ B0+ @2/ E1+ B0/ A2+ B0/ @2/ @3\ B5+ C6+ D0/ D0/ F4+ H5/ G1+ G0/ G0+ H1/ H9+ H4/ I4/ J4/ I7+ K5+ K3+ E0+ D1\ E0/ K3/ L3/ H2+ L1/ M2\ I0\ H2\
LoopTrax_3640438 PK vs. marygal : @0/ @1\ A0/
LoopTrax_3641877 Lindap957 vs. drgnrdr : @0/ A0/ B2+ C2\ D2+ B3+
LoopTrax_3643477 hexkid vs. * :
LoopTrax_3646156 Loretta vs. Charlo : @0/ @1/ B0+ B0+ @2\ A1\ @1\ C0/ C5+ @1/ E6\ F6\ A5/ @3+ C6/ F7/
LoopTrax_3646165 CHESSCATJAY vs. Charlo : @0/ @1/ A0/ @2+ @1/ C0+ D1/ D0/ E3\ A1\ @2/ C0/
LoopTrax_3647643 Miss Traven vs. Christine : @0/ A2\ B2\ B1+ A3/ @3/ D3\ D4\ A4/ D5/
LoopTrax_3648931 Goonerg vs. REBEL DJ : @0/ B1+ A2/ A0/ @3+ C4\ D3/ A4/ A5/ B5+ A6/ @4\ A3\ @5/ B0+ A1\ @2+ A4+ A0/ @4\ F1/ G1/ D0/
LoopTrax_3649048 marygal vs. Kaisa : @0/ A0/ B1/ B3/ A0+ @2\ @2\ A1\ C0/ C0/ @1+ D0+ B7/ A5+ @3\ @2/ B1+ B5/ @1\ A0\ A4/ @4/ H9+ E9+ E10/ D10/ F11\ C8/
LoopTrax_3649280 Lady Mac vs. Charlo : @0/ A0/ B1\ A3\ B2\
LoopTrax_3650663 birddog8560 vs. Traxplayer :
LoopTrax_3650663 birddog856 vs. Traxplayer :
LoopTrax_3650664 Daddy MBA vs. YankeeFan : @0+ B1+ B0\ B3\ C1\ B0\ @2\ E4\ E5/
LoopTrax_3650683 Goonerg vs. Red Arrow : @0/
LoopTrax_3651098 Authority vs. GringoNZ : @0+ A2+ B2+ B1+ C2\ D2\ @1\ C3+ D4+ E1/ F3/ C0+ A1\ @1\ D0+ A4/ A5+ @3/
LoopTrax_3651171 jazzbeth vs. Traxplayer : @0/ @1/ B2/ C2/ C3/ D3/ D4/ E4/ A0/ @1/ F6/ G6/ G7/ H7/ A0/ @1/ A0/ @1/ A0/ @1/ A0/ @1/ A0/ @1/ A0/ @1/ A0/ A0/ @1/ B0/ C1/ C0/ A5+ D1+ E3+ F2\ @4/ O18\ H3/ G1+ E0+ E0/ F0\ I5/ K14/ Q20\ P21+ P22\ Q21\ R21\ Q22\ S20/ Q19+ S22\ P23+ T21\
LoopTrax_3659490 GringoNZ vs. Dragon101 : @0/ A0/ @1/ A2/ C2+ A3/ D2/ @2+ C4+ C5\ @2/ @3\ B1+ H2/ G3+ H4+ G0\ C1+ I1/ F0/ I6+ J4+ J2/ K5/ H8+ I8\ I9\ J6+ F9/ J10/ E9\
LoopTrax_3660767 birddog8560 vs. Rogue Trooper :
LoopTrax_3660767 birddog856 vs. Rogue Trooper :
LoopTrax_3661013 Traxplayer vs. YankeeFan : @0/ A0/ @1/ @1/ D1/ D0/ E1/ F2+ F4+ F0\ G4+ G1/ G0/ G0/ G0+ F1+ G0/ A8/ @8+ I4+ J6+ I8+ K7+ J9+ J10/ K5+ L8+ D10+ RESIGN
LoopTrax_3663858 DINGEROO vs. Traxplayer : @0/ @1/ B2+ B0\ @3\ B4+ @2\ C1+ E2/ A4/ @3/ C5/
LoopTrax_3663910 drgnrdr vs. TBD : @0/ B1\ A2/ @2/ @1+ @2/ C0+
LoopTrax_3665587 Lindap957 vs. Goonerg : @0+ @1/ @1+ C2+ B3+ D2/
LoopTrax_3665673 * vs. balmoral :
LoopTrax_3667493 drgnrdr vs. mexicanfury : @0/
LoopTrax_3667624 Lady Mac vs. Linda Sue : @0+ @1/ @1\ A0\ @1+ C3\ @2/ A3/ C3/ D4\ B4+ E3+ E1\ F2\
LoopTrax_3668948 Goonerg vs. PK : @0/ B1\ A2/ A3/ @2+ A0\ @2/ D4\ C5/ C6/ A6+ @5+ E5+ F3+ E1+ E0/ @5/ B4\ F0+ H4\ I2/ I1/ J2+
LoopTrax_3670430 Goonerg vs. Authority : @0/ @1/ B0/ A0+ @3/ A4/ @1+ @2+ C0/ E6+ F6\ A6/ A1\ @5/
LoopTrax_3670502 PK vs. Rogue Trooper : @0/ @1/ A0/ @2/ A0/ C2+ @3/ D4+ D1/ E4\ E2/ F4\ D5/ A6+ @4\ F6+ C7/ H3/ H2/ H6\ H7/
LoopTrax_3670505 Charlo vs. supermac : @0/ A2\ B1/ B2+ C2\ C0\ B4+ D3+ B0/ E1+ B0/ B0+ @1+ D1+ E0+ @6/ A7/ A8/ C1/ A2\ @4+ @7+ D9+ A4\ @4\ E10/ F10+ H9+ H0/ K5\ B10/ A9\ @9\ @8/ F12+ M3+ N3\ M1/ N1/ L0\
LoopTrax_3670633 Dragon101 vs. Rogue Trooper : @0/ @1/ A0/ @2+ B0+ B0+ C1\ A5+ @3/ B6+ E3\ C6+ F4/ F6+ D7+
LoopTrax_3671980 marygal vs. hexkid : @0/
LoopTrax_3675760 Authority vs. dgb : @0+ A2+ B2+ A0\ C3\ D3+ D4\ C4+ D5\ E4/ B2/ A0\ @4\ E2+ F2/ G6\ G7\ G2+ E1+ H4\
LoopTrax_3675761 dgb vs. Authority : @0+ A0+ @1\ B3/ C1\ D1\ C3+ D4/ E1\ F3+ G2\ H2\ G4+ B0/ A0\ @2/ F1+ G3+ C0/
LoopTrax_3675762 Authority vs. Oartkickel of the Wolf Pack : @0/ A0/ B1+ B3+ A0/ A0/ C3/ @4/ D0/ E2/
LoopTrax_3675763 Oartkickel of the Wolf Pack vs. Authority : @0/ @1/ @1+ A2/ D1/ E1/ D0+ E3+ C4+ B5\ A4+ @2\ D0/ @1\ A0/
LoopTrax_3675764 Authority vs. Goonerg : @0+ @1+ @1+ B0+ A1+ B0/ B4\ C1/ @3/ E3+ F1+ E4\ D5/ F3+ G2/ C0+ A5/ H3/ F6/ F7/ @5/ G1/ G0/ J1+ J0/ J6\ K5\ J7/
LoopTrax_3675765 Goonerg vs. Authority : @0/ A0/ @2/ @1+ C0/ D1/ A0+ B0+ @3/ F5+ D6/ F1/ A1\ G3/
LoopTrax_3675766 Authority vs. Traxplayer : @0/ @1/ A2+ C1+ D1\ B0\ @3\ C4/ A1\ @3\ C5\ F6+ G3+ H4+ D7\ D8\ E8\ I6\ H7+ B4+ J6\ J7\ J8\ I9+ J4/ RESIGN
LoopTrax_3675767 Traxplayer vs. Authority : @0/ @1/ A0/ @1/ A0/ @1/ A0/ C2+ D5/ D2\ @2\ D1/ B0\ A1\ F3+ @2/ B4+ @2/ @2+ B5/ A3+ A0/ E1+ D0+ F3+ F7/ B8+ H3+ E1/ E0/ G2+ E0/ C2/ @4\ A3\ C2+ C0/ A7/ @8\ @7/ B5+ G1+ G0/ G0/ M8\ K6\ L6+ N8\ @10\ C11\ E12+ C12+ L4+ J3+ J0/ K2\ P7+ O6/ Q8\ N5+ N3+ N2/ M1+ O2\ P5\ J0/ J0+ G17/ H18+ J16+ M14+ B10/ K17+ J19+ J20/ N14\ E16/ D17+ O14\ O13\ P14+ Q13\ Q8+ R8\ R14+ R13+ S11+ P17+ S14\ O18+
LoopTrax_3675768 dgb vs. Oartkickel of the Wolf Pack : @0/ B1/ A2\ @2\ B0+ A0/ D3\ D4\ E4\ E2/ D5+
LoopTrax_3675769 Oartkickel of the Wolf Pack vs. dgb : @0/ @1/ A2+ C1/ @2/ @2/ D0+ D0/ B2\ B1\ D0/ F5\ D6+ G4/ F3+ F0/ G3+ E0\ D1+ A2\ A1\ A5+ @5+ A4\
LoopTrax_3675770 dgb vs. Goonerg : @0/ @1/ A0/ B1+ A3/ A4/ C4+ A5/ A6+ @4+ E2/ E6\ D1/
LoopTrax_3675771 Goonerg vs. dgb : @0/ B1\ A2/ A0/ @3+ B0+ D3\ E3+ E4\ E5+ D4+ B5/ E6/ C7+ A6+ A8\ D8/ E7+ @1+ A5+ A7+ F9\ G8/ C9/ E10/
LoopTrax_3675772 dgb vs. Traxplayer : @0+ A0+ @1\ A0\ B0+ @2+ B0/ D1\ C0\ E4/ A3+ @2+ G4+ G5+ H5\ H6\ H7+ I5+ H4/ J5\ I4/ D0+ A4/ F8+ I8+ I4/ K8\ K9+ L7/ L6/ L3+ RESIGN
LoopTrax_3675773 Traxplayer vs. dgb : @0/ A0/ @1/ B0/ A0/ @3+ @2+ @2/ @2/ D0+ D0/ C5+ C6/ D6+ @5+ F7/ H5+ F8+ C3+ E0/ G1+ F10/ H3+ I5\ J5\ I7+ G8+ H9+ K6+ I2\ H1+ I10/ I11/ J8+ RESIGN
LoopTrax_3675774 Oartkickel of the Wolf Pack vs. Goonerg : @0+ A2/ @1+ B0/ @3+ A4+ @3\ A2\ C5\ D5\ E2\ F3/ E6/ E7/ G6+ G2+ E0\ C2+ A1\ B0/
LoopTrax_3675775 Goonerg vs. Oartkickel of the Wolf Pack : @0/ A2\ B2\ @2\ A3\ A0\ @2/ @3\ C0+ C0/ A3/ B1\ C0/ @5/ @6\ @5/ @5/ @6+ A5+ @4/ E3+ I8\ A8/ @6+
LoopTrax_3675776 Oartkickel of the Wolf Pack vs. Traxplayer : @0/ @1/ A0/ @1/ A0+ B4\ A3/ @4\ @4+ D5+ D0\ C0/ C0/ C0/ E3+ B2\ A4+ F4+ F1/ F0+ D1\ C0/ G8\ G9\ G10\ H9+ @10\ F12/
LoopTrax_3675777 Traxplayer vs. Oartkickel of the Wolf Pack : @0/ B1/ A2\ C1/ B0\ @2/ B4+ C3\ @3/ B1\ A1\ @3/ A4/ @3+
LoopTrax_3675778 Goonerg vs. Traxplayer : @0/ @1/ A2/ C2/ A3+ B4+ A0+ @4\ D2/ C0+ @4/ F1/ D0/ F6+ E8/
LoopTrax_3675779 Traxplayer vs. Goonerg : @0/ @1/ A0/ B1/ B3+ C1/ B4/ @2/ @2+ E0+ F3+ G4/ H3\ G2+ H5\ E6/
LoopTrax_3675780 GringoNZ vs. BigDaddyTuaine : @0/ B1\ A2/ B0\ @2+ A4\ B0\ C5\ C6\ D2/ D1/ C0/ @4/ F5\ F1/ G2\ D0/
LoopTrax_3675781 BigDaddyTuaine vs. GringoNZ : @0+ A2+ A0\ A4\ B1\ B3+ B0/ C1/ A0\ @1\ E2/ A4/ @2\ C7/ B7/ A6/ @6/ A7/ H2\ B8+
LoopTrax_3675782 GringoNZ vs. Christine : @0/ A2\ B1/ B2+ B3\ C3\ C4\ @2\ E3+
LoopTrax_3675783 Christine vs. GringoNZ : @0/ @1/ A2\ C1\ C2\ D2\ B0/ C4+
LoopTrax_3675784 GringoNZ vs. Kaisa : @0/ @1/ A0/ @2/ @1/ C0+ @1/ D0/ C5+ E1/ E0/ B6/ F2+ F5+ G2/ D7/ G5\ H2/ D0\ C3+ @3+ B2\ C1\ I6+ J3/ G9+ I8\ C9/ B9/ E10/
LoopTrax_3675785 Kaisa vs. GringoNZ : @0/ @1/ A0/ B1+ A3/ B0/ B0/ @4+ D1+ E2/ @4/ @5\ @4/ D6+ B7+ B8\ C9/ @6+ E7\ E2\ RESIGN
LoopTrax_3675786 GringoNZ vs. ypercube : @0/ @1/ A0/ @1/ A0/ C4\ D4\ A4/ C5+ D6/ D7/ C8\ E6+ D9+ D10/ D11/ F8+ @3\ B0+ C1/ D2/ @1+ @2+ C0+ D1/ D0/ E1/ F1+ F0/ G5+
LoopTrax_3675787 ypercube vs. GringoNZ : @0+ B1/ A0/ A3/ A4/ B4/ C2/ @3+ B5+ E3/ B0/ A2+ C2+ @4\ F3/ E1+ G2+ H2\ C0/ C0/ A1+ @5+ C0+
LoopTrax_3675792 BigDaddyTuaine vs. ypercube : @0+ A0+ A0\ B1/ B0/ C2/ A1\ B0/ C1/ C4\ D4\ @5\
LoopTrax_3675793 ypercube vs. BigDaddyTuaine : @0/ A2\ B1/ @2\ @2\ @1/ F1\ F2\ C3+ B0\ A5/ @5/ H3\ A4\ G4+
LoopTrax_3675796 Christine vs. ypercube : @0/ A0/ A0/ A4/ A0\ @4+ @4/ A2\ A1\ @4\
LoopTrax_3675797 ypercube vs. Christine : @0/ A2\ B1/ @2\ A3\ @1\ C0+ A4\ A5\ @4\ E3\ F3\ B6+ D4\ C6/ @2\ A1\ @3/ A4/ C7/ E0\ D2+ C1+
LoopTrax_3675798 Kaisa vs. ypercube : @0/ @1/ A0/ @2+ B0/ A4/ B4+ @3\ B0+ @1+ C6/ @3/ RESIGN
LoopTrax_3675799 ypercube vs. Kaisa : @0/ @1/ A2+ A3/ A4/ B3+ B5/ A5+ C5\ C6\ @5\ D3+ E6+ F4+ G4/ @4/ @2+ B1\ B0\ A1\ @1\ G8/ F8/ C7/ RESIGN
LoopTrax_3676483 dgb vs. ypercube : @0+ A2+ B2\ @2/ A3/ @3/ D4+ D5/ @4\ @3+ D6+ E7/ E8/ E9/ F6+ G9+ E10/ H7/ H6/ E11/ I7+ J6\ I5+ H10+ J8+ F12+ C7+ A7+ B9+ F13/ G13+ @3\ C1\ @6/ A7/ C8/ C10+ D0\ C1\ M7+ E0+ I4\ C0\ RESIGN
LoopTrax_3677975 dgb vs. Authority : @0/ @1/ @1/ C0+ @2+ D0/ D4+ E1/ E0/ F1/ G1/ G4+ H1+ I2+ J4/ G5/ G6/ E7+ A2\ @3+ @3\ A2\ A1+ @1\ F0/
LoopTrax_3677976 Authority vs. dgb : @0/ @1/ A2+ B3/ B0/ C4+ D3+ C0+ E4/ E5/ E6/ F1+ D0\ G4\ F5+ F8\ G6/ C8+ D9/ A8/ A9/ @7\
LoopTrax_3678068 * vs. birddog856 :
LoopTrax_3678068 * vs. birddog8560 :
LoopTrax_3679521 Rogue Trooper vs. Traxplayer : @0+ A0+ B2\ B3\ @1/ D2+ D1/ E1/ B0+ @3\ B4+ D0+ B2+ G1/ F0/
LoopTrax_3679633 YankeeFan vs. Dragon101 : @0/ A0/ A3/ A4/ B2+ @1+ B0/ B0/ D2+ B0/ @1+ C0/ E8\ F5/ E9/
LoopTrax_3679668 Authority vs. birddog856 : @0/
LoopTrax_3679668 Authority vs. birddog8560 : @0/
LoopTrax_3683028 marygal vs. balmoral : @0/ A0/ B2/ @1\ B0/ B0+ B0\ A1\ A0\ @1\ A0\ @1\ A8+ @5+ F8\ A9\ D9\
LoopTrax_3683165 hexkid vs. * :
LoopTrax_3683985 dgb vs. ypercube : @0+ A2+ B1/ C1/ @2\ E1/ B0+ D0+ C0/ F2+ G3/ E5+ H2/ H1/ I1/ J2+ I3\ I4\ J4\ RESIGN
LoopTrax_3683986 ypercube vs. dgb : @0+ A2+ @2+ B3\ B4\ A3+ A5\ @5\ A4+ @4\ B6\ @4\ B5+ C7/ @5+ @5\ B3+ A2/ A1/ H3+ RESIGN
LoopTrax_3683987 dgb vs. GringoNZ : @0/ @1/ B0/ @1/ D1+ E1/ F1/ C3+ C4/ C0/ A5+ B6\ D5+ @5/ A4+ C0+ @5\ B2\ F8\ RESIGN
LoopTrax_3683988 GringoNZ vs. dgb : @0+ A2+ B2\ C2\ @1/ A0/ D2+ C4+ C5/ A4+ B0/ B0/ @5\ @5\ @5+ @5\ E8\ D7+ C8+ F8\ I6/ J5/ K5/ I7+ H8+ G9/ G10/ C11+ B10/ A7+ RESIGN
LoopTrax_3683989 ypercube vs. GringoNZ : @0/ @1/ B2/ C2/ C1+ A2+ A0/ B4\ B5\ @2/ E3/ D5\ B5/ B6/ @2+ @2/ @2/ D0+ C5+ C0/ H7\ I4\ B6\ D9+ A6/ A7/ D10\ C10+ G3\ H8\ H9+ I3/ I8\
LoopTrax_3683990 GringoNZ vs. ypercube : @0+ A0+ B1+ B2+ @2/ @2/ E2/ C0+ A2+ C0\ C0\ C0\ A1/ A2+ @3+ C0/ E2/ A1\ A0\ D9+ @7/ A3+ @4\ @6+ B8/ C9/ F10\ @4\ A3\
LoopTrax_3687481 Traxplayer vs. purplehawke MIA 1 : @0/ @1/ @1/ D1\ B2+ @2\ A0/ C1\ B0/ C5\ E1/ A5/ F2\
LoopTrax_3691489 Goonerg vs. csain1 : @0/ @1/ B0/ B3\ C1/ B0+ @3/ C5+ C6/ @2+ C0/ A7+ D8/ @5\
LoopTrax_3691498 Goonerg vs. drgnrdr : @0/ @1/ B0/ @1+ C0/ @3\ C4/ D0+ E1/ A1\ @2/
LoopTrax_3691511 dingbat vs. Traxplayer : @0/ @1/ B2+ B0\ C2/ D2\ @2/ B4+ C4\ D0\ E2+ E0\ B3+ @6/ B7\ A3\ B2/ @5\
LoopTrax_3696217 GringoNZ vs. YankeeFan : @0/ A0/ B1+ A3+ C3/ A4+ @3\ D1/ D0/ RESIGN
LoopTrax_3697474 Authority vs. Phil The Hat : @0/ A0/ @2+ @2/ B3+ D2\ D3\ C4/ @2/ D0/ F2/ B5+ D6/ F5+ G4+ B2+ @3/ @2+ A1\ A0+ @3+ B5+ I8+ F8+ A5\ G1/ F0+ K6+ J3+ H1+ K4+
LoopTrax_3700183 Rogue Trooper vs. Sea Breeze : @0+ A0/ B1\
LoopTrax_3700288 birddog8560 vs. Dragon101 :
LoopTrax_3700288 birddog856 vs. Dragon101 :
LoopTrax_3701554 GringoNZ vs. Charlo : @0/ @1/ A0/ A3+ A4+ C2+ B1/ B0/ A6\ B5\ D4/ E4/ C5\ C6\ C7+ D5+ @7/ D8/ A1+ C0/ @7\ A6\ @6\
LoopTrax_3701555 Charlo vs. GringoNZ : @0+ B1+ A2\ B0/ C1/ D1+ E1\ @2+ D3+ C4/ E4+ D5\ D6+ @2/ B4+ G0\ E1+ H1/ F0/ H6+ I5\ G7+
LoopTrax_3701556 GringoNZ vs. dgb : @0/ A0+ @2/ A0+ C3+ C4+ D4\ B5/ C5+ E4\ C6\ D7/ C8+ C9\ @3/ B6+ A7+ @7\ D1+ C9+ D10/ A9/ H7+ @8\
LoopTrax_3701557 dgb vs. GringoNZ : @0+ A2/ A0\ @3/ B4/ B5/ A5/ @1+ D1\ E2/ D0+ @4+ E6+ D7\ G1/ C8/ F0/
LoopTrax_3701558 GringoNZ vs. Kaisa : @0/ @1/ A0/ B1+ B3/ @2/ D2\ C4/ B0+ @3\ C5/ E2+ @3\ D0/ A3+ E1/ E0/ C2+ G2+ G0\ B4\ B2/ C1\ F8\ F9+ B7+ G8+ H7+ @6+ I1/ G0/ J3\ J6/ J4/
LoopTrax_3701559 Kaisa vs. GringoNZ : @0/ @1/ B2/ A2+ B0/ A4/ @4+ B0/ C1/ @4/ B3+ @4+ @3/ E0+ D7/ D8/ E7+ E9+ F9\ G9/ F10/ G5/ A6/ @6/ A9/ @8\ F10/
LoopTrax_3701560 GringoNZ vs. Traxplayer : @0/ A0+ B1/ C1/ A3/ B0+ B0/ @3+ @4/ C6/ F2/ D0/ D0/ G4/ D6+ C9+ C10/ C11/ D10+ E7+ F5+ H5/ G7\ F10\
LoopTrax_3701561 Traxplayer vs. GringoNZ : @0/ @1+ B2+ C2/ C3/ D3/ D4/ C4/ C1/ A3/ B0+ D6/ @3+ @3\ G4/ F7/ F3+ E6+ H6+ C5/ C6/ A6+ @3+ C7+ RESIGN
LoopTrax_3701562 Charlo vs. dgb : @0/ @1/ A2/ C2+ A3/ D1\ E2/ D3+ C4\ A0\ @3+ C0/ D2+ G2/ E1+ G5\ F6/ H3\
LoopTrax_3701563 dgb vs. Charlo : @0/ @1/ B2/ B0+ A0/ @1+ @2/ E2\ F3+ D5/ B4/ A5\ F6+ G4/ @2\ A1\ B6+ C7/ A5+ A4\ @4\
LoopTrax_3701564 Charlo vs. Kaisa : @0+ A0/ B1/ B0\ @3/ @3/ B2+ B1\ B0+ D5/ B6+ C7/ E4+ F4/ G4/ F5+ C8/ A7+ @5\ @6+ B8+ E9/ @6\ A7+ F10/ C11+ B9+ @8+ @8\ J2+ K1+ D4+ E1+ J0+ J0\ M4+ H0+ G3+ C14/ E15/ I13\ I14\ F15+ F1\ E1+ F0/
LoopTrax_3701565 Kaisa vs. Charlo : @0/ @1/ B2/ C1+ B3/ D3+ C4\ C5\ D5\ E3/ A5+ D6+ B0/ A3/ @3/
LoopTrax_3701566 Charlo vs. Traxplayer : @0/ @1/ B0+ A3\ A4\ @3\ @3\ B5+ C6/ C7/ @4+ E7\ D8/ @3/ B2+ C0\ C0+ B1\ A1\ @1+ C0+ G3+ H4/ I3\ J4/ K3\ L4/ J2+ I1/ J5+
LoopTrax_3701567 Traxplayer vs. Charlo : @0/ @1/ A0/ @2/ C3/ D2+ E2\ D1/ F1\ D0/ D0/ D0/ G1+ D0/ D8\ G6+ H4+ I4/ J3\ H2+ K3+ I1\ H0/ I0\ G9/ G10/ I7+ L5/ B9+ L6\ M6\ N7/ O6+ C11+ E11+ B10+ C12/ A11\
LoopTrax_3701568 dgb vs. Kaisa : @0/ @1/ @1/ @1/ B2+ A0+ @1\ E0+ @2/ G1\ @2\ A1\ E5/ E6/ @1\ I4+ G5+ G7+ H6\
LoopTrax_3701569 Kaisa vs. dgb : @0/ @1/ A0/ A0/ A4/ A5+ A6/ @2\ D3+ C6+ @4\ A5+ A3+ @3\ D0/ E1/ G2+ A2\ RESIGN
LoopTrax_3701570 dgb vs. Traxplayer : @0/ @1/ @1/ B0+ @1/ A0/ B4+ RESIGN
LoopTrax_3701571 Traxplayer vs. dgb : @0/ @1/ A0/ @2/ A0/ @3+ A0/ B5/ B6+ @5\ D7+ A1+ @2\ C0+ RESIGN
LoopTrax_3701572 Kaisa vs. Traxplayer : @0/ @1/ B2/ C2/ B0/ C2/ D2/ D4/ E2+ E1/ F1/ G2/ D5\ A0/ @1+ @2/ B4/ A4/ D5/ RESIGN
LoopTrax_3701573 Traxplayer vs. Kaisa : @0/ @1/ A0/ @1/ A0/ @2/ B3/ B0\ @2/ A3/ D1\ C0\ E6/ F5/ E3+ B5+ C6/ F3\ C7+ C8\ G3\ H6+ G9+ F2+ I5+ E10+ C9+ I7/ H10+ J6+ B10\ A9+ @7+ A4+ F11/ D12+ E13/ F12+ @4/ D13+ E14+ J11/ H12+ I13/ I14/ I15/ J12+ K11+ C12+ K15+ RESIGN
LoopTrax_3701574 Izeul vs. Authority : @0/ @1/ B2+ A0+
LoopTrax_3701575 Authority vs. Izeul : @0/ A2\ B1/
LoopTrax_3701576 Izeul vs. Carroll : @0/ @1+
LoopTrax_3701577 Carroll vs. Izeul : @0/ A2\ B2+
LoopTrax_3701578 Izeul vs. ypercube : @0/ @1/
LoopTrax_3701579 ypercube vs. Izeul : @0+
LoopTrax_3701580 Izeul vs. drgnrdr : @0/ @1/
LoopTrax_3701581 drgnrdr vs. Izeul : @0/ B1\ A2/
LoopTrax_3701582 Authority vs. Carroll : @0/ A0+ A0\ @1\ A0\ @3/ @3+ A4/ C5\ B0/ @5/ B7/ A1+ RESIGN
LoopTrax_3701583 Carroll vs. Authority : @0/ @1/ C1/ D1/ D0/ C0+ @2/ D0/ F2\ E5+ D6\ A1+ RESIGN
LoopTrax_3701584 Authority vs. ypercube : @0/ @1/ A2+ C2/ @2/ @2/ B1+ A3+ B4/ A0/ @5\ C6/ C7/ C8+ F2/ @7+ A8/ @8/ D9+ A5\ A4\ @7\
LoopTrax_3701585 ypercube vs. Authority : @0+ A0+ B1+ B2+ @2+ B3+ @2+ A1\ A3/ @1\ A0\ @4+ @3+ C5+ A0\ @1\ A4/ B0+ B0/ D3+ G8\ A7/ B9+ F2+ G2+ E1/ H7+
LoopTrax_3701586 Authority vs. drgnrdr : @0/ A0/ @2+ A0/ A4/ A5/ B4+ C5/ D3+ C6\ D6\ E3\ F3\ E2+ F7\ G7\ B7+ @4+ F8/
LoopTrax_3701587 drgnrdr vs. Authority : @0/ A0/ A3/ A4/ @3+ C4+ D4+ B5+ D2+ B0/ @2+ @3\ @2/ D0+ F1+ C6+ B6+ C7\ H2+ E0+ G1+ @5\ J4/ A8/ J2/ @7/
LoopTrax_3701588 Carroll vs. ypercube : @0+ A2+ @2/ B0+ C1/ D1/ C3/ B4/ E1/ D2\ E3/ F2\ G3/ E0/ D5/ D6+ A5/ C6+ F2/ G7+ H7\ A7/ @5/ C8\ G8\ D8/
LoopTrax_3701589 ypercube vs. Carroll : @0+ @1+ @1+ B2+ D1+ C0+ E2+ C3\ C4\ E4/ D5/ F4/ F6+ G6+ H5\
LoopTrax_3701590 Carroll vs. drgnrdr : @0+ B1/ @1/ C2/ C0/ C4/ D3\ E3+ E4\ C5/ C0/ F6/ E7\ E8+ F8\ G6/ A1\ A7+ @3\
LoopTrax_3701591 drgnrdr vs. Carroll : @0/ @1+ B2/ A3\ @1\ C0/ @1/ E2+ B3+ C5\ D6/ A6+ @2\ C7+
LoopTrax_3701592 ypercube vs. drgnrdr : @0+ B1/ @1/ C2/ D1/ A0/ D4\ E3/ A4/ C5\ @4\
LoopTrax_3701593 drgnrdr vs. ypercube : @0/ @1/ B2/ C2/ A2+ C3\ D2/ B4/ A4/ E2/ D4/ A5/ @3\ F5\ G2+ E6\
LoopTrax_3706128 dreamflight vs. * : @0/
LoopTrax_3706176 ypercube vs. Carroll : @0/ @1+ A0/ @2/ @2/ C0/ B4+ C5/ B6\ C7/ D4+ @4\ E1/ F4\ G7+ D8+ G1/ H6\ G0\
LoopTrax_3708026 marygal vs. Mersephone : @0/ A2\ B1/ C1/ A0\ @2/ E2/ A4/ @3\ A4+ @4+ A5/ C5+ E5+ G5\ H4/ E6+
LoopTrax_3708090 Authority vs. YankeeFan : @0/ A0/ @2+ C2\ B3/ B4/ D2\ D3+ D0/ E4/ A1\ C0+ @2/
LoopTrax_3709333 Goonerg vs. PK : @0/ A2\ B1/ C1/ B2+ D1/ A0+ D4\ E2/ @3\ @2/ G0/ H3/ A1\ D0+ C0/
LoopTrax_3709386 Rogue Trooper vs. Traxplayer : @0+ A0+ B2\ C2\ @1/ B3/ D4+ D5/ @1/ B0\ A5/ @3+ A2+ G3\ G2+ F1+ C0\ H3/ H2/ H6\ G7\
LoopTrax_3709615 Charlo vs. dgb : @0+ A2+ B2\ @1\ C3\ @1\ B2+ @1\ B3+ @3+ F4+ E5/ @2/ B4+ C5/ F6\ G6\ C7/ B7/ A6/ @6+ F8+ I7/ I9+ J7/ C9+ B7/ F10+
LoopTrax_3709616 dgb vs. Charlo : @0/ @1/ A0/ @2+ B0/ @2/ A0+ @4\ E1/ B0/ D6/ A6/ E4+
LoopTrax_3711109 jaha vs. Kaisa : @0/ A0/ B2/ A3/ A4+ C2+ @2+ @2/ C0\ D2/ C6\ F5+ C0+ E2+ B7\ C0\ D1+ F2\ G5/ C0\ B4\ A3/ @4\ G1/ D0+ H2\
LoopTrax_3712688 Kaisa vs. YankeeFan : @0/ A0/ @1/ C2\ C3\ D1/ D0/ B1+ @1/ F1/ C0/ G5\ G6\ H2/ H1/ E0+ A2\ B1\ @2/
LoopTrax_3715122 * vs. hexkid :
LoopTrax_3715269 Traxplayer vs. Dragon101 : @0/ A0/ @1/ A2/ B3+ C1/ C0/ D4+ D5\ E1+ D6/ C0/ F3\ A0+ RESIGN
LoopTrax_3716743 GringoNZ vs. Phil The Hat : @0/ @1/ A0/ A3\ C2/ B3+ D3/ @1/ @1/ B3/ B4/ F2+ F4\ G3/ B5\ D4+ D5+
LoopTrax_3716744 Phil The Hat vs. GringoNZ : @0/ @1/ B2/ C2/ C3/ B3+ A0/ D4/ D5/ @2/ E3+ E2/ F2/ B4/ F1+ @1\ D0\ A5/ G6\ B6/
LoopTrax_3716745 GringoNZ vs. Goonerg : @0/ A0/ @2+ B0+ C3/ C1/ A4/ B4+ A5/ @5+ E3/ @3\ A2\ @2\ C0/ F1/ A0+ @3/ H7\ I7/
LoopTrax_3716746 Goonerg vs. GringoNZ : @0/ @1/ A0/ @1+ B3/ @2/ B0\ E4/ E5+ E6/ B5+ F4/ E3/ B7+ G4/ G3/ D2+ A7\ A6\ @5/
LoopTrax_3716747 GringoNZ vs. ypercube : @0+ A2+ B2+ A0+ @3/ @3/ B1\ E3\ B4/ @1\ A0\ @1+ @3+ C0\ A6+ D7+ C8+ B9+ A9+ RESIGN
LoopTrax_3716748 ypercube vs. GringoNZ : @0+ @1+ C1+ D1\ @1+ D0/ D0/ D4/ @3+ C2/ C1/ C0/ @4+ D5/ C6\ D7/ @4+ D3\ C5+ B6+ @4\ J3+ K3/ G7\ G8\ J8\ RESIGN
LoopTrax_3716749 GringoNZ vs. FixitDave : @0/ A0+ @2/ @2+ B0/ C4+ C5/ D4+ C6\ D6\ D7\ E7\ B7/ C8+ A6\
LoopTrax_3716750 FixitDave vs. GringoNZ : @0/ @1/ C1+ D1\ B2/ E2/ E3/ E0/ F1/ A1\ F4\ C0+
LoopTrax_3716751 Phil The Hat vs. Goonerg : @0/ @1/ C1/ C2/ C3+ D3+ D4\ B2+ C0/ @1+ C0/ C0+ E2+ E1+ F4+ C0/ B1+ E1/ E0/ F3+ G6/ G2+ B1\ A0/ @4+
LoopTrax_3716752 Goonerg vs. Phil The Hat : @0/ @1/ A0/ A0/ @2+ @3\ C4/ D2/ A5/ @5/ E5\ E6\ F5/
LoopTrax_3716753 Phil The Hat vs. ypercube : @0/ @1/ C1/ B2/ A0/ D3\ D4+ B4/ C5\ E3\ E5/ F3+ F5\ D6\ G4+ H4\ D1+ H6\ I5/ F7+
LoopTrax_3716754 ypercube vs. Phil The Hat : @0+ A2+ B1+ A0\ A4/ @4/ A5/ @5/ C0\ A7+ D7+ B8/ D1/ C0\ E4+ E7+ F6+ F3+ @5+ C4+ H3/ F9+ B3+ H1+ F0/ A3+ @8/ A9/ A3+ @8+ C1+ H0+ B3+
LoopTrax_3716755 Phil The Hat vs. FixitDave : @0/ A0+ @1/ A2+ C1/ D1/ C2+ D3/ E1+ C0+ B5/ A5/ E5\ E1/ F4\
LoopTrax_3716756 FixitDave vs. Phil The Hat : @0/ @1+ C1/ @1/ A2+ B3/ D2\ E2+ B4/ F2+ C3+ @3\ C0\ A6/ @4+ E6\ D7+ F6/
LoopTrax_3716757 Goonerg vs. ypercube : @0/ @1/ B0/ @1/ B3/ D3+ D4\ E4\ F4\ D5+
LoopTrax_3716758 ypercube vs. Goonerg : @0/ @1/ A2+ A3/ A4/ B3+ @3/ @3+ A1/ A0/ D0\ A1/ @1+ E0+ F4/ G5+ F7+ G8/ D0+ B2+ H6/ G10/ H10+ I6/ C0/ B9+ C11/ @4/
LoopTrax_3716759 Goonerg vs. FixitDave : @0/ @1+ A0+ @2/ A3+ C0/ D3/ C4+ @4/ F3/ B2+ F5+ G3/ F1+ G6/ H6+ G0\ E1+ C6/ C7+ F8\ H2\ I7/ E0+ I3+ A5+ B3/ F0/ G1/ J5+ I0/ J3+ K6/ @6\ A5\ D4\ C3/ B2+ G1\ I0/ F2/
LoopTrax_3716760 FixitDave vs. Goonerg : @0/ @1/ B0\ A3+ A1+ C2/ D1/ B0+ D3+ B5/ C6+ E4+ E2/ E1/ D0/ F3+
LoopTrax_3716761 ypercube vs. FixitDave : @0+ A0/ A3\ B3\ B4\ C4\ @2\ C5+ A0\ E2+ @2\
LoopTrax_3716762 FixitDave vs. ypercube : @0/ A0/ @1+ @1\ C0/ D1/ D0/ A0\ @2+ E0/ F3/ A1\ A0+ @4\
LoopTrax_3716763 dgb vs. jazzbeth : @0/ B1/ B0\ B3/ C2+ D2/ E2/ D3+ E4/ F2/ G3+ B0\ C2+ C0\ D2+ G3+ H5\ H7+ G1+ F0/ H3+ I3\ I4\
LoopTrax_3716764 jazzbeth vs. dgb : @0/ @1/ B2/ C2+ A2+ B0\ @2/ C4/ D5+ D6/ B5+ B7+ C8/ A6+ D8\ A5+
LoopTrax_3716765 dgb vs. PK : @0+ A0+ B1/ A0+ @3\ D2/ @2\ A1\ @1\ RESIGN
LoopTrax_3716766 PK vs. dgb : @0/ @1/ B0+ A3\ @1\ A0\ B5\ A4+ D2\ @1/ A2+ @3\ RESIGN
LoopTrax_3716767 dgb vs. coopaah : @0/ @1/ @1/ A0+ A3+ @2+ C4/ C5+ A4/ A5/ B0/ @2/ F1/ E0\ F7\ G5+ F8/
LoopTrax_3716768 coopaah vs. dgb : @0/ @1/ A0/ @1+ A0+ @2/ @2/ A4+ D4+ C5+ @2\ A1\ E6/ F5+ G5\ H4+ C6+ @2/ A3/ A5/ C7+ @5\
LoopTrax_3716769 jazzbeth vs. PK : @0/ B1\ B2\ A0/ A0/ B5\ B6\ C5+ A6+ A7/ A8/ @8/ D8\ C9/ E7/
LoopTrax_3716770 PK vs. jazzbeth : @0/ @1/ B2/ C2/ B3/ D3/ C1+ C0/ B1+ A3/ B5+ D1/ E5\ C6+ C7/ E3+ F2\ G3\ E0\ G1+ H4\ F0+
LoopTrax_3716771 jazzbeth vs. coopaah : @0/ @1/ B2/ @1\ B0/ D3/ E3/ D4+ F3/ F2/ A3/ @2\ A1\ C0/ D1/ H5+ F6/
LoopTrax_3716772 coopaah vs. jazzbeth : @0/ @1/ B2+ A0+ @3/ B4/
LoopTrax_3719881 Rogue Trooper vs. birddog856 : @0+
LoopTrax_3719881 Rogue Trooper vs. birddog8560 : @0+
LoopTrax_3720031 Authority vs. Dragon101 : @0/ A0/ @2+ A0/ A4/ @4/ @4+ @4\ C2+ B1+ F2/ F1/ F4\ C5/ G3\
LoopTrax_3720034 jazzbeth vs. Red Arrow : @0/
LoopTrax_3722855 Rogue Trooper vs. Uncle Chuckie : @0+ B1\ A0/ C1/ A0/ D3\ C4/ E2/ E1/ A0/ @4/ D1/ B0/ A4+ @1+ A0+ A0/
LoopTrax_3723228 * vs. Izeul :
LoopTrax_3724724 Dragon101 vs. JiffyJeff : @0/ @1/ A0/ @1/ @1/ @1/ B2/ B3\ E1+ F1\ F3+ B0+ A3/ G2\ F1+ G5/ G6/ H1\ A5/ @4+ D6+ RESIGN
LoopTrax_3724889 Authority vs. GringoNZ : @0/ @1/ A2+ A3+ @2+ @2/ E1/ @2/ F0+ D0/ G3/ D6/ A5+ C6+ C7/ @5\ A3+ A2+ @4+ J3+ K3/ D8\ F7+ E9/ G5+ K4+ B6/ A7\ E10/ K2/ K1/ H6+ A11/ L3+
LoopTrax_3727090 Goonerg vs. Judy : @0/ A2\ B1/ @1/ A0/ @3/ C4+ C1/ A1\ E2/ @3\
LoopTrax_3727091 jaha vs. Uncle Chuckie : @0/ B1\ B2\ C2\ B0+ B0\ B0\ C2+ B0\ D2\ A2+ E6\ @5\
LoopTrax_3733967 Carroll vs. ghardegh : @0+ @1/ C1/ B2\ D1/ C0/ D4\ E4+ A4/ D5\ @3/
LoopTrax_3733967 Carroll vs. Ghardh : @0+ @1/ C1/ B2\ D1/ C0/ D4\ E4+ A4/ D5\ @3/
LoopTrax_3735134 Rogue Trooper vs. Phil The Hat : @0+ A0/ B1\ A3/ A4/ B4/ @4/ A5/ A6/ @4+ D2\
LoopTrax_3735292 jaha vs. marygal : @0/ A2\ B2\ @1/ B3+ @1\ C0+ A3+ @4\ @2\ B1/ C0\ B0/ @5/ A6/ A7/ C8+ @7/ A9+ G8+ D9\ D10\ @8+ A7\ A4\ A3\ @6+
LoopTrax_3735322 dgb vs. Authority : @0/ @1/ @1/ C0+ D1/ E1/ C3/ A3/ D2+ F1/ G2+ G3\ B4+ C0\ G5+ H3+ E6/
LoopTrax_3736767 YankeeFan vs. Red Arrow : @0/
LoopTrax_3736769 jazzbeth vs. Traxplayer : @0/ @1/ B2/ C2/ C3/ D2/ D4/ E4/ E5/ F5/ A0/ @2/ F7+ H7/ E7/ D7/ C4/ E8+ F3/ G3+ F9/ F2/ D1+ B3+
LoopTrax_3736863 Rogue Trooper vs. Kaisa : @0+ A2\ B2/ A0\ B1+ @1/ D2/ E2/ D3+ A3/ A4/ A0/ @1\ A0\ C1+ D6+ E2+ G3\ A5+ @1+ @3+ A4+ @3/
LoopTrax_3738181 dgb vs. GringoNZ : @0/ @1/ B2+ B0\ @3\ A4\ A5\ D2+ C0\ A2/ @4\ @3+ @3/ E0/ D2+ C1+ G3+ F0+ B6+ C9+ D10/ C11\ B10+ D12/ E7+ F8/ H7\ H8\ E9+ A8\ B13+ A12/ @8+ A12/ A7+
LoopTrax_3738182 GringoNZ vs. dgb : @0+ B1+ B2\ A0/ C3\ D3+ B0\ @1/ A0/ A0+ @2\ B0/ @3/ D3/ F4+ C5/ F8+ E9+ A5\ B6+ C7+ E10/ @5+ B7+ @7\ C8/ @7+ @7\ G11+ D9+ @7\ A6\ B9+ D10+ C11+ C12/ A12+ A8+ @8/ @10+ F13/ D13/ I14\ RESIGN
LoopTrax_3738213 Linda Sue vs. * : @0+
LoopTrax_3739743 Traxplayer vs. Authority : @0/ @1/ A0/ B1+ @2\ C3+ B0\ A1\ C5/ C6/ C7/ @2/ @2\ C5+ B0\ A1\ A0\ @3/ C0/ D1/ G10\ F11/ @5\ D11+ G12/ C6/ RESIGN
LoopTrax_3740528 GringoNZ vs. Authority : @0/ A0/ @2/ @1+ C0/ D1/ A0+ B0+ E2+ @5\ @4/ @5\ E6/ E7/ D8+ D9/ G8\ H9/ A10+ @7+ G10+ C11/ I6+
LoopTrax_3740529 Authority vs. GringoNZ : @0+ A2+ @1+ C2+ D2+ C3/ D1/ B0\ @2+ B0\ A1\ A0\ @3/ D1/ F3\ C0/
LoopTrax_3740530 GringoNZ vs. dgb : @0/ @1/ A2+ C1/ @2/ @2/ D0+ A4+ B5+ D0/ D0/ C2+ D0+ F6\ F7+ G5/ G4+ H6\ H7\ H8+ I6+ D8+ G9/ F9/
LoopTrax_3740531 dgb vs. GringoNZ : @0/ @1/ A0/ B3/ C2+ B4\ D2\ @1/ B0/ C1+ C6+ F4/ E2+ B5/ C7\ G2\ B7/ B8/ F5+ A5+ A8+ @8\ F1/ F8\ H4+
LoopTrax_3740532 GringoNZ vs. Traxplayer : @0/ A0+ @2/ @2+ A0/ B4\ D3/ @1/ A0/ C2/ C6+ D5+ E6/ F3\ E2+ F7\ G6/ C7/ RESIGN
LoopTrax_3740533 Traxplayer vs. GringoNZ : @0/ @1/ B0/ @1+ C0/ @3\ @3\ D0+ F3+ G2\ H2\ E5+ D0/ F2+ I3+ J3\ E0+ F8/ G6\ E9\ F10/ F11/ RESIGN
LoopTrax_3740534 Authority vs. dgb : @0/ B1\ A2/ A3/ @1+ D1\ B4/ A0\ A0\ @1\ D6+ B0+ A0/ D2/ D1/ A0/ @5+ F2/ C0\ G6\
LoopTrax_3740535 dgb vs. Authority : @0+ A0+ B2\ @2/ A3/ @3/ D4+ C5+ @5\ F4\ F5\ F6+ G4+ G2\ C1+ C0/ C0/ A4+ H4+ H3/ G2\ G1\ I2\ J2\ I5+ F9/ H7\ I8/ J8+ K4+ I9+ F10\ G10\
LoopTrax_3740536 Authority vs. Traxplayer : @0/ A0+ A0\ @1\ @1+ B0/ @2+ E2/ E1/ F1\ C0/ D0/ E6/ F5\ F7+ E8+ G3/ G2/ G1/ H1/ E0+ B3+ H5\ RESIGN
LoopTrax_3740537 Traxplayer vs. Authority : @0/ @1/ @1/ D1/ B0\ @2/ D3\ A1\ @3\ E0+ G2\ D5+ C0+ D7/ A2\ @4/ H1/ I3\ F0+
LoopTrax_3740538 dgb vs. Traxplayer : @0/ @1/ A0/ A0/ A4/ @2\ @2+ A1\ B0/ B0/ C1/ D4+ D7\ RESIGN
LoopTrax_3740539 Traxplayer vs. dgb : @0/ @1/ A0/ B3+ @2\ B0/ C5/ A4+ B6+ D4\ E4/ C1+ @3+ A5+ F3/ E1/ F1/ F0/ G1/ G0/ RESIGN
LoopTrax_3740540 jazzbeth vs. Charlo : @0/ @1/ B2/ A0\ @1\ D1\ D0+ E3+ E1+ C0/ B0+ B0/ D2+ @5+ A6+ @5\ H6\ H8+ B2\ B1\ C0/ C0/ D1/ D0/ G2+ A6+ D11+ A1+ @4/ C0+
LoopTrax_3740541 Charlo vs. jazzbeth : @0+ B1+ C1+ D1+ E1+ C2+ A0/ A3/ @3/ D4/ C5+ @3/ B1+ B0+ @4/ B1+ @1+ C7+ A5+ D0/ D0/ F2+ G2\ C10/ @9+ I7\ I8\ J7+ G9+ H9+ F10+ D11/ D12+ A7+ @4+ E2+ F0/ I2+ I0+ H0/ J5+ F15+ E16/ L10\ M11/ A14/ A15/ A10+ @14+ M9+ L5/ K1\ I0/ L3/ M6/ L13+ L14+ J15\ J16+ N14\ K16/ O13\
LoopTrax_3740542 jazzbeth vs. davidmilne : @0/ @1+ A2/ A3/ B2+ @2+ B0/ B0/ C1/ D5/ A2+ C6+ E1/ RESIGN
LoopTrax_3740543 davidmilne vs. jazzbeth : @0/ @1/ A2+ C2/ @2\ C0+ D2+ E2/ D1/ D0/ @2+ F2+
LoopTrax_3740544 jazzbeth vs. ypercube : @0/ @1/ B2/ C2/ C3/ D3/ D4/ A0\ @1\ D1/ C0\ C0\ B5+ @3\ @3+ D2+ D0/ A5+ @5+ @5\ A4\ A3+ E2+ @4\
LoopTrax_3740545 ypercube vs. jazzbeth : @0+ A2+ B2+ B1/ B3\ C2/ D2/ C1/ E3\ C4+ E1/ D0/ F2\
LoopTrax_3740546 Charlo vs. davidmilne : @0/ @1+ B0/ @2\ C0+ D3\ D4\ E4+ @3\ A4\ @2/ B0+ B0/ B0/ A2+ E2+ F4+ G8/ H5+ I4\ @3+ A6+ @4\ @6\ B7+ A4\ @3/ D8+ B8+ @5+ @4/ D2+ E1\ D0/ A9+ RESIGN
LoopTrax_3740547 davidmilne vs. Charlo : @0/ @1/ A2+ C2/ @1/ C0+ D1/ D0/ RESIGN
LoopTrax_3740548 Charlo vs. ypercube : @0/ @1/ B0+ @1/ @1/ D0/ C1+ D0/ B1+ E2+ B4/ F2\ E4+ F5/ D6+ E0\ F2+ E0+ G3+ H3\ I4/ @3/ D1+ @3/ B5+ B6/ A6/ A7/ C1+ H0\ I3/
LoopTrax_3740549 ypercube vs. Charlo : @0+ A2/ A0\ @1\ A0\ @4+ @3+ E2+ B5/ A5/ @1\ C0/ A6+ C7+ @4\
LoopTrax_3740550 davidmilne vs. ypercube : @0/ @1/ A2+ C2/ @1/ C0+ D2+ E2/ D1/ A0\ @1+ E1/ B0\ F3+
LoopTrax_3740551 ypercube vs. davidmilne : @0+ A2+ B2+ A3\ A0/ B2/ C2/ C1/ @4\ E2+ D4+ C5/ F4\ F5\ C6+ A6/ @6/ E7/ A8/ @6/ H8+ RESIGN
LoopTrax_3746805 JiffyJeff vs. Rogue Trooper : @0/ A0+ @2/ @2/
LoopTrax_3747350 Dragon101 vs. Kaisa : @0/ @1/ A0/ @2/ A3/ D2/ @3/ A0+ @4+ E1/ E0/ C6+
LoopTrax_3747948 dingbat vs. Goonerg : @0/ B1/ A2\ A0/ A0/ @3/ C2+ D2/ @2+ @3\ @3\ B1+ H1\ G3+ G4\ I2/ J3+ K3/ L2\ B4+ E5+ @4/ C5/ F6/ M4\ A1\ K5\
LoopTrax_3749324 YankeeFan vs. dingbat : @0/ @1+ @1\ A0\ @1\ A0\ E2\ @2+ E0+ D0/ A2+ @3/ C6+ F0/ G1/ H4+ B1\ A2\
LoopTrax_3749764 Red Arrow vs. Traxplayer :
LoopTrax_3750525 Rogue Trooper vs. Uncle Chuckie : @0+ B1\ @1+ B0/ D1\ B3/ @2\ A1\ A0+ D1+ C0/ @4+ E6+ @3/ H2+ D0\ C1\ B1+ D0+ F2+ D0/ H4/ G1/ H7\ I3\
LoopTrax_3754697 Miss Traven vs. Christine : @0+ @1\ @1/ A2/ B2+ B0/ D2\ C3\ D3+ C4/ B4/ @2\ B1+ B0\ A1\ C0/ C7\ D2/
LoopTrax_3755107 Linda Sue vs. Lilac Oyster : @0+ @1/ A0/ B3\ @2/ D3+
LoopTrax_3755148 Sea Breeze vs. Traxplayer : @0+ A0+ A3+ A0+
LoopTrax_3755173 * vs. Izeul :
LoopTrax_3755174 DavidJ vs. birddog856 : @0/
LoopTrax_3755174 DavidJ vs. birddog8560 : @0/
LoopTrax_3756269 Lorraine of the Renegades vs. jazzbeth : @0/ @1/ @1/ A0/ B1/ C1/ B0\ C0\ A2+ @3/ @3/ B4/ A1\ @3+ B4+ D5+ F6\ G4+ D6/ D7/ B5/ G1/ G6+ H3/
LoopTrax_3760042 dgb vs. GringoNZ : @0/ @1/ @1/ B2\ D1/ A0/ B4/ D3+ C1+ C0/ C0/ E2+ @5/ B6+ B7/ A7/ B2+ A3\ @3\ RESIGN
LoopTrax_3760043 GringoNZ vs. dgb : @0/ A0/ @2/ @1+ C0/ @3\ E2+ C0+ @3/ G2\ D0/ B6+ C7/ @5/ C8/ B8/ A8/ @6\ A5+ F0/ D4+ A5\ @5\ A4\ B3+ C2\ @6/ A7/ A10+ @9/ F10+ F11/ H10\ I8\
LoopTrax_3760044 dgb vs. Authority : @0+ A0+ @1\ @1\ D1\ A0+ B0\ D2+ @2\ E5/ F3\ G3\ A0\ @2/ I3+ I2/ E1+ D0/ I2+ G1/ J2\
LoopTrax_3760045 Authority vs. dgb : @0/ @1/ A0/ @1+ A0\ A0/ @4\ D5\ E4/ A5/ @4\ D6/
LoopTrax_3760046 dgb vs. Traxplayer : @0/ @1/ @1/ @1/ B0/ A3/ @3/ A4/ E5+ F2+ @4/ B6/ @2+ B0\ F8\ G8\ F1/ C0+ @6/ A7/ A8+ RESIGN
LoopTrax_3760047 Traxplayer vs. dgb : @0/ @1/ A0/ @1+ C3/ C4+ D4+ C5/ E3/ F3/ B5+ @2\ B3+ D1/ A0/ @3\ RESIGN
LoopTrax_3760048 GringoNZ vs. Authority : @0/ @1/ B0+ B0/ B0/ @4/ A2+ @4/ A5/ @2+ @3+ C1+ A6/ @3/ G6\ F7+ H6/
LoopTrax_3760049 Authority vs. GringoNZ : @0+ A2+ B2+ B3+ C3+ B4+ D3+ C2+ C4+ B5/ A5/ A6\ @6\ B7\ E4+ C7+ D6\ E6\ F7/ A8/ @8/ G8+ B9+ H5\ H8\ I4/ I3/ I8+ J4+ I9/
LoopTrax_3760050 GringoNZ vs. Traxplayer : @0/ @1/ A0/ @2/ @1/ B0+ B0/ B0/ @4/ A5/ A6/ @4+ C2+ @3+ G3+ RESIGN
LoopTrax_3760051 Traxplayer vs. GringoNZ : @0/ @1/ A0/ B1+ @2\
LoopTrax_3760052 Authority vs. Traxplayer : @0/ @1/ A2+ C2/ @2/ C0\ C0\ B5/ B6/ D2+ E3+ C5+ C0\ B8\ E1/ E0/ F5+ F2+ G4+ H3\ I3\ J3\ F0+ E7+ D9+ F9+ F10\ F11/ G10+ B11/ A9/ C11+ C12+ E11/
LoopTrax_3760053 Traxplayer vs. Authority : @0/ @1/ A0/ @1/ A0/ @1/ A0/ @1/ B0/ C1/ E6/ F6/ F7/ D2+ C0+ C0/ @3+ @3/ B5+ C1+ RESIGN
LoopTrax_3760056 Christine vs. ypercube : @0+ A0+ A3/ A0+ A0\ @1\ A3/ C4/
LoopTrax_3760057 ypercube vs. Christine : @0+ @1/ B2/ C1\ C3\ D3\ D4+ A4/ C5+ D2/ E2/ @2/ @2/ C5+ A1\ B0\ @3\
LoopTrax_3760058 Kriistina Jean vs. ypercube : @0/ @1/ A2/ C2/ B0/ D3/ @3/ @2+ D0/ D5+ F3/ F6\ G5/ B6/ C7+ A5/
LoopTrax_3760058 Sutik Ansalewit vs. ypercube : @0/ @1/ A2/ C2/ B0/ D3/ @3/ @2+ D0/ D5+ F3/ F6\ G5/ B6/ C7+ A5/
LoopTrax_3760059 ypercube vs. Kriistina Jean : @0+ @1\ A2/ @2/ D1\ C2\ C3\ A1\ @1\ A0\ @2/ B3+ @1\ C0\ G1/ F0+ H3\
LoopTrax_3760059 ypercube vs. Sutik Ansalewit : @0+ @1\ A2/ @2/ D1\ C2\ C3\ A1\ @1\ A0\ @2/ B3+ @1\ C0\ G1/ F0+ H3\
LoopTrax_3763262 dingbat vs. ypercube : @0/ @1/ A0+ B3\ C2/ D1\ B0\ C0+ E3\ F2+ G2\ F4+ E0+ E0/ G1+ H2+ C7+ H6\ H7\ I4+
LoopTrax_3764659 marygal vs. Uncle Chuckie : @0/ B1\ B2\ C2\ C0+ D3\ D4\ E4\ B5+ A5/ A6/ @6/ A7/ @4+ D8+ E8\ E9\ G6\ F8+
LoopTrax_3764739 Rogue Trooper vs. Traxplayer : @0+ A0+ @1+ B0+ C1+ B0+ D2+ C1+ @3+ C0/ F3\ C6/ D6+ B5+ @4+ B3/ F6+ D7+ G6+ E5/ H6/ I5/ @4+ I7/ I8/ C6/ C7/ B5+ A5/ I9/ J6+ G1/ E0/ E0/ F12+ RESIGN
LoopTrax_3764740 jazzbeth vs. Rogue Trooper : @0/ A0+ A0\ @1\ @1+ C0/ D3/ E3+ D4+ F3+ F4+ C5/ @4+ G2+ D6/ @6/ C7+ G5+ @6/ B3/ B7+ E8/ @6/ C2\ A4+ @7\ I7+ H8\ G9/ K6+ J8+ F10\ E8+ C8+ L4\ L7+ I9+
LoopTrax_3765336 GringoNZ vs. Traxplayer : @0/ B1\ A2/ @2/ @1/ C0+ @1/ B0+ @2/ A3/ A0\ @3+ D1/ D0/ @4/ I5\ J5+ H6+ H7\ I8/ J6+ RESIGN
LoopTrax_3765813 Miss Traven vs. Christine : @0+ @1\ A0\ C2/ B0/ @2\ @2/ C0/ E2+ D1+ F2\ A2\ A4+ @3\
LoopTrax_3770212 Izeul vs. DavidJ :
LoopTrax_3771541 YankeeFan vs. Dragon101 : @0/ A0/ A3/ A4/ B2+ @1+ @3+ C5/ E4+ @4\ @4\ B2+ @3/ B1/ C0+ @4/ B7+ C8/ A1\ @2/ A5\ E0/ G0+ A10/ A11/ @9/
LoopTrax_3774225 Dragon101 vs. jazzbeth : @0/ @1/ A0/ @1/ A0/ @1/ @1/ A0/ @1/ A0/ A3/ C2/ C1/ A4/ C0+ B0/ @2+ E2+ E3+ F4/ B7/ C8+ G4/ H5+ D9/ I6+ D10+ F2+ F1/ C0/ @2/ A6+ @2/ E0/
LoopTrax_3777916 Dee Dee vs. Charlo : @0/ @1/ B0\ B3\ B4+ C3/
LoopTrax_3778686 Mersephone vs. Goonerg : @0+ A0/ A3\ B1/ C2/ B4/ B5\ @2/ @2\ A1\ A0\ E1/ E0/ F3\
LoopTrax_3778895 dgb vs. ypercube : @0/ @1/ @1/ A0/ @2/ @1/ A0+ D1\ D0+ C0+ C6+ E3/ F6\ RESIGN
LoopTrax_3778896 ypercube vs. dgb : @0+ B1+ C1+ B2+ D1+ B0/ B0/ D4/ @3+ B2+ @3+ A4/ A5/ F5\ G3\ B5+ @5\ E5+
LoopTrax_3780347 jazzbeth vs. jaha : @0/ A0/ B2/ B3/ C3/ C4/ D4/ D5/ A0/ @3+ C1/ D2+ C0\ F6\ E3/ D1+ A5+ @4\ D6/ D7/ D8/ B6+ A7+ A1+ @3/ H5/ I5/ E0+
LoopTrax_3781228 dgb vs. ypercube : @0+ A0+ B2+ A0+ @3\ C1/ D3\ @2/ B1+ B0\ @4\ D5/ @4+ C6\ E1+ A1+ B0\ @2/ D0/ E1+ @5+ @4/ @5\ D7+ D9+ @4/ D3+ A2+ @5\ D1/ E1/ H0+ F1\ RESIGN
LoopTrax_3781229 ypercube vs. dgb : @0+ A2+ B2+ @2+ B0+ B0/ A1/ B5/ C3/ B0+ D4+ @2\ A6\ @5/ @6\ D7+ A4+ A3+ B1+ D0/ @2\ C1\ B0/ A9/ RESIGN
LoopTrax_3781535 csain1 vs. marygal : @0/ A2\ B2\ A3\ A4\ @4\ A1\ B0/ B0/ A4/ @5\ B7/ A7/ @7/ @7+ B8\ A4\ B9/ B3/
LoopTrax_3786932 dingbat vs. Traxplayer : @0/ @1/ A0+ A3\ @3\ @2\ C0+ C5+ B6\ C7/ A4+ D7\ B8\ E6/ D5+ E4+
LoopTrax_3787012 ypercube vs. Rogue Trooper : @0+ A0+ B2+ A3+ C2+ B3+ D2+ D1+ D3\ D4+ @3\ F3+ D5\ C5+ E0\ G3\ F6\ E7/ C8/ B8/ A8/ G6\ H4/ C2/ @4/ A5/ A6+ @5/
LoopTrax_3787121 Authority vs. Dragon101 : @0/ A0/ B1+ A3/ B0/ B0/ @3/ D2+ E3/ D4+ F3+ G4/ A5\ A6\ D0+ E7\ C8+ B9\ B3+ @3\ A2\ D1+ A6+ @6\ D0+ A2+ G2/ H2+ F1+
LoopTrax_3788447 dingbat vs. Traxplayer : @0/ A0+ @1+ A0\ @2\ @2\ C4\ E3+ B3+ E5\ F4+ B5/ A5/ D6/
LoopTrax_3790955 dgb vs. GringoNZ : @0/ A0+ A0\ @3/ B4/ @1+ @2/ @2/ D0/ F5/ A2+ A4\ B5/ D0+ C0+ F3+ F2/ B8+ C9/ F1+ G2+ A1+ @2+ E0\ C1\ F0/ G1/ H2/ I2/ I1/ F0+ I6+ J5\ @8\ J7\ L7\ H8\
LoopTrax_3790956 GringoNZ vs. dgb : @0+ @1/ C1/ C0/ C0/ @3/ C4\ E1/ B5+ C6/ F1+ D0+ C8/ E0/ F2+ G2/ G1/ H1/ F0\ F0+ E1\ D1+ B3+ D0/
LoopTrax_3791145 Rogue Trooper vs. YankeeFan : @0+ A2\ B2/ A0\ @1+ C2/ C0+ D1/ D3+ E2+ F2/ G1\ F3+ E4+ G0+ D1+ D6+ H3/ F0/
LoopTrax_3791278 DavidJ vs. Kriistina Jean : @0/ B1\ A2/ @2/ D1/ B0/ @1\ B0+ B0\ A1\ @1\ A0\ @1\ @5+ E7/ @2+ A0\ @2/ H2/ G1+ I3\
LoopTrax_3791278 DavidJ vs. Sutik Ansalewit : @0/ B1\ A2/ @2/ D1/ B0/ @1\ B0+ B0\ A1\ @1\ A0\ @1\ @5+ E7/ @2+ A0\ @2/ H2/ G1+ I3\
LoopTrax_3791845 dgb vs. ypercube : @0/ @1/ @1/ A0/ @2/ B3\ B4\ @2+ @2/ E4\ E5\ A3/ C0+ A2+ @2\ E0\ D0/ E0\ D10+ C8+ D11/ G9\ H9\ E11+ I9\ J10+ F12+ @5+ G3+ RESIGN
LoopTrax_3791846 ypercube vs. dgb : @0/ @1/ B2/ B0\ C3\ C4\ B0\ C2+ D3+ C6/ B5+ A5/ RESIGN
LoopTrax_3792550 Dragon101 vs. Uncle Chuckie : @0/ B1\ B2\ C2\ C3\ A2+ D2+ E2\ F3/ E1+ E0/ B0\ A1\ @1\ C0+ G2+ H3+ G0/ H1/ I3\ G8\ H8\ I5+ A1\ J7+ C0+
LoopTrax_3792982 GringoNZ vs. Traxplayer : @0/ @1/ B0+ @2+ A0/ B4\ D3/ @2+ @2/ C0\ C0\ D3/ E2+ G4\ A5\ G6\ H5/ @5\ J5\ I6+ I7\ J7\ J8\ K6/ L6+ L5/ K4/ K3/ L3/ RESIGN
LoopTrax_3795760 Izeul vs. Linda Sue :
LoopTrax_3797170 Rogue Trooper vs. tobybob : @0+
LoopTrax_3797171 tobybob vs. Rogue Trooper :
LoopTrax_3797172 Rogue Trooper vs. GringoNZ : @0+ A2+ B2+ B1+ C2+ B3+ @2+ B0+ A1+ A0\ @2+ B0/ C1/ C0/ D2+
LoopTrax_3797173 GringoNZ vs. Rogue Trooper : @0/ A0+ A0\ @1\ A0\ @4+ A5/ @1+ E4/ F3\ E2+ @1/ D6\ G5\
LoopTrax_3797174 Rogue Trooper vs. Authority : @0+ A0+ @2+ A3+ @3+ A4+ @3+ B5+ C4+ A4+ @4/ C6+ E4/ A5/ D5+ @4+ A3\ B2+ B1/ B0/ B0/ A2+ @4+ B0\ A1\ F1+ C0/
LoopTrax_3797175 Authority vs. Rogue Trooper : @0/ A0+ A0\ @1\ C2\ B4/ @4+ @3/ @2+ @2/ @2/ D0+ G1\ H6\ I6\ D6/ C5+ B1\ B0\ H3+ F1/ I3/ E0\ D1/
LoopTrax_3797176 Rogue Trooper vs. ypercube : @0+ A2+ B1+ A3+ @2+ B4+ C4+ A3+ @2+ @2/ A3/ @3/ A4/ A1\ @3+ B5/ D1+ E0\ C0+ A2+ @1/ E0\ F2+ A8/ C9/ A4+ @8+ A4+ I5+ C1+ D0/
LoopTrax_3797177 ypercube vs. Rogue Trooper : @0+ A0+ B1+ A0+ C2+ B1+ B3+ B4+ D2+ C4+ E2+ A4/ A0\ B6+ @4+ A1\ E2/ E5+ E6\ F6\ A0\ @4/ @3+
LoopTrax_3797178 tobybob vs. GringoNZ :
LoopTrax_3797179 GringoNZ vs. tobybob : @0/
LoopTrax_3797180 tobybob vs. Authority :
LoopTrax_3797181 Authority vs. tobybob : @0/
LoopTrax_3797182 tobybob vs. ypercube :
LoopTrax_3797183 ypercube vs. tobybob : @0+
LoopTrax_3797184 GringoNZ vs. Authority : @0/ @1/ A2+ A3/ A4/ C1+ A0+ @5+ B0/ B7/ E3/ F3/ E4+ C5+ @6/ @6/ B8+ D8+ F6+ G7+ D0/ G3+ B6+ @7/ D10/ D3\ I8+ J3\ J2/ K2/ H10+ A5\ I9+
LoopTrax_3797185 Authority vs. GringoNZ : @0/ A0/ @2+ @2+ B3+ D1+ C0+ A2\ B0+ E4/ D5/ @4/ B5+
LoopTrax_3797186 GringoNZ vs. ypercube : @0/ A0/ B2/ B3/ C3/ C4/ A3/ A4/ @3+ B0+ @4/ F5\ D6+ D7/ C0/ @5/ C7+ @6+ @6\ F9+ F10\ G10\ H9\ I8\ J8+ I4+ D8+ I9+ I10\ I3/ K4/ L7\ L8\ L9+ M9\ G11\ G2+ K11\ L11+ I12\
LoopTrax_3797187 ypercube vs. GringoNZ : @0+ A2+ B2+ B1+ C1+ B3+ D1+ B0/ B0/ B6/ E3+ D4/ B7/ C6+ A6+ D1+ D5+ B0/ D0+ @9\ @9\ A7/ C3+ F0\ D11/ G8\ A12+ RESIGN
LoopTrax_3797188 Authority vs. ypercube : @0/ A0/ B1+ C2+ B0/ B4+ C2/ D2/ D1/ D0+ E3+ A1\ E5\ @3\
LoopTrax_3797189 ypercube vs. Authority : @0+ A2+ B2+ B3+ C3+ C4+ D4+ D5+ E5+ E6+ F5+ E7+ G5+ G4+
LoopTrax_3797190 dgb vs. Kriistina Jean : @0+ @1/ C1/ B0+ B3+ D2+ @2\ B1+ F2\ F3\ G3\ E4/ G1/ H1\
LoopTrax_3797190 dgb vs. Sutik Ansalewit : @0+ @1/ C1/ B0+ B3+ D2+ @2\ B1+ F2\ F3\ G3\ E4/ G1/ H1\
LoopTrax_3797191 Kriistina Jean vs. dgb : @0+ A2+ A3/ A0/ B2+ @4\ B5/ C4+ @4+ D6\ E5/ A6/ @5/
LoopTrax_3797191 Sutik Ansalewit vs. dgb : @0+ A2+ A3/ A0/ B2+ @4\ B5/ C4+ @4+ D6\ E5/ A6/ @5/
LoopTrax_3797192 dgb vs. Kaisa : @0/ @1/ A2/ B3/ B0+ @3+ D4+ E3+ @1/ A0+ B0+ A5/ C6/ D7\ B7+ C8+ E7\ D9+ @2\ @2/ C1+ B0/ A2+ B6/ A6+ B9/ E10/ A8/
LoopTrax_3797193 Kaisa vs. dgb : @0/ @1/ A0/ A3\ C2/ @2+ D1/ B4/ RESIGN
LoopTrax_3797194 dgb vs. Traxplayer : @0+ A0+ A0+ A0\ B2/ C1\ @3\ @1+ @2\ @2\ B0/ @2+ F6/ D0+ C5+ RESIGN
LoopTrax_3797195 Traxplayer vs. dgb : @0/ @1/ B0/ @1+ C0/ D1/ A0+ @1\ D0/ @2/ D0/ B5/ A6\ @3\ A2+ B7+ RESIGN
LoopTrax_3797198 Kriistina Jean vs. Traxplayer : @0+ A0+ A0\ @1\ @1+ B0+ C5/ D2+ B4+ D5\ C6/ @3\ B1+ E3\
LoopTrax_3797198 Sutik Ansalewit vs. Traxplayer : @0+ A0+ A0\ @1\ @1+ B0+ C5/ D2+ B4+ D5\ C6/ @3\ B1+ E3\
LoopTrax_3797199 Traxplayer vs. Kriistina Jean : @0/ B1\ A2/ @2/ B3\ C2+ A4/ @2/ D4\ A0+ E3\
LoopTrax_3797199 Traxplayer vs. Sutik Ansalewit : @0/ B1\ A2/ @2/ B3\ C2+ A4/ @2/ D4\ A0+ E3\
LoopTrax_3797200 Kaisa vs. Traxplayer : @0/ @1/ A0/ @1/ B0/ A0/ B5/ A5/ @1/ B0/ A3/ D7+ E6\ A7/ C8+ F6\ F7\ F8\ G6+ G4+ D2+ E1+ A5+ @6\ @5/ B7+ G9+ H10/ I9+ J9\ F10+ D9+ C8+ H11/ G12+ K10+ I12+ K7+ L9+ J13+ J14/ M9\ L11+ K14+ J15+ N10+ G13/ H15+ E11+ @7/ A8+ E12+ C9/ RESIGN
LoopTrax_3797201 Traxplayer vs. Kaisa : @0/ @1/ B0+ @2/ A3/ A0\ @3+ B0/ B6+ @3/ D7+ F5/ E8+ E9/ F3\ G4/ E10/ G2/ RESIGN
LoopTrax_3802208 DavidJ vs. tburgoon : @0/ B1\ B2\ A0/ A3/ B4\ C2+ B0\ @2\ @3\ D6\ E0/ F2\ A3+ A2\ A1\ B0+ B0/ C9/ B10\ F6\ @4+ H8+ E1/ E0/ A7/ @6\ H4+ E1\ E0\ I5+ I4/ G12+ B10+ C13+ J5\ J7\
LoopTrax_3802271 Traxplayer vs. jazzbeth : @0/ @1/ B0/ @1/ D2/ B3/ A0/ @1/ A0/ A0+ @1+ B0/ @3/ C5/ C6/ E4/ G8+ H7\ I7\ I8\ I9\ I10+ J6/ H5+ K7+ D8+ G4/ F3+ A5/ @5+ A6/ A7/ B8+ @6+ @6\ @5/ J10+ M11/ G9+ I10+ @6\ H10+ N12/ P5\ O4/ O3/ N2+ P10\ Q7\ K13+ RESIGN
LoopTrax_3802758 Miss Traven vs. Christine : @0/ A2\ B1/ B2+ C1\ D1/ D0/ A4\ C3+ B5\ C5\ C6\ D6\ E4\ F4\ B7/ A7/ A5/ @7/ A5\
LoopTrax_3803545 Uncle Chuckie vs. Goonerg : @0/ A0/ B1/ B3/ C3+ C4+ D3/ A0\ @1+ E1/ A0/ F3/
LoopTrax_3805003 REBEL DJ vs. Dragon101 : @0+ A0+ @2+ B3+ C1/ A3+ C3\ D3\ A1+ C4+ C5\ E4/ @2\ G1+ F0/ G6\ G7\ H5/
LoopTrax_3805009 Traxplayer vs. Goonerg : @0/ @1/ B0/ @1/ A0/ B1+ @2\ C0/ A4/ @3/
LoopTrax_3805092 Authority vs. supermac : @0/ B1\ A2/ @2/ B0/ @1+ C0/ C0+ @4+ F2+ F1/ G1/ D0+ G5\ H5+ G6/
LoopTrax_3808369 jaha vs. Kaisa : @0/ @1/ A0/ @2/ B0+ B0/ C1+ @3+ B1+ @1/ A4\ F1/ E5+ D6\ F4+ RESIGN
LoopTrax_3809546 Linda Sue vs. Judy : @0+ @1/ B0\ B0/ C1/ B4+ C4+ @2\ A1\ B0\ A1\ @4/ A5/ C6\ B7/ @2+ C0/ G6/ G5/ F7\ F8\ E9\ F9+ E10/ E11/ G9+ @3\ I8+
LoopTrax_3810935 Goonerg vs. Rand al*Thor : @0/ B1\ A2/ @2/ B0/ C3+ A4/ A5+ @5/ A6+ B7/ D6\ E6\ E5+ E7+ A8\ F7/
LoopTrax_3812111 dgb vs. ypercube : @0/ @1/ @1/ A0/ @2/ C3\ C4+ @2+ B5/ A5/ C6\ D6\ @5+ A2\ A0+ E1\ @6+ A5\ B5+ C8/ B8/ @3\ B2+ H1/ H0/ H0/ @6+ E11+ @6\ B7/ K2+ F2\ L4\ L5\ L6+ M4+ H1+
LoopTrax_3812112 ypercube vs. dgb : @0+ A2+ B2+ B1+ C1+ B0/ B4\ C4\ C5\ D2+ E3+ D6+ B0/ D2+ D0+ E1/ @5\ G1/ D0/ G9\ G10+ F4+ RESIGN
LoopTrax_3813439 jazzbeth vs. Goonerg : @0/ @1/ B2/ A0\ @1+ D1\ B3+ D0\ E2\ F2\ G2+ G4\ E5+ E6/ B6/ D7+ A1/ A6+ @3/ C7/ C8+ F0+ F0/ I5+ J5/ A6+ I7/ I8/ I9/ J6+ J3/ K3/ I10+ B2+ K9+ I11/ L10/ L8+ A2\ C1+ @4+
LoopTrax_3813442 Goonerg vs. Lindap957 : @0/
LoopTrax_3813580 GringoNZ vs. jaha : @0/ A0/ @2+ C1\ B0\ @3\ C4/ C5/ @2/ @3\ C4+ A1\ @1\ G5\ G6\ H2/ H1/ RESIGN
LoopTrax_3813616 Authority vs. Kaisa : @0/ A0/ @2+ B0/ A4/ @4/ @4+ @4/ F1+ E4+ C5/ A6/ @5\ E6+ A3\ C7\
LoopTrax_3813619 Charlo vs. Kaisa : @0+ A2/ A0\ @2/ @2/ A3/ A4+ @2+ D0\ E2+ @3/ F0/ G2\ B1+ A1\ D0/
LoopTrax_3813899 Riika vs. Kaisa : @0/ @1/ B0/ @1/ A2+ A3/ B3+ @2+ C4\ E4+ F2/ C5\ G3\ F5+ H2/ H1/ A1+ D0+ C0+ H2\ D1+ G2/
LoopTrax_3818429 marygal vs. Lilac Oyster : @0/ A2\ B1/ B2+ C2+ B3/ A0\ @1\ A3+ C0+ A0+ @4+ @3\ F3+ A2/
LoopTrax_3821404 Rogue Trooper vs. birddog856 : @0+
LoopTrax_3821404 Rogue Trooper vs. birddog8560 : @0+
LoopTrax_3821518 YankeeFan vs. Dragon101 : @0/ A0/ B1+ C2/ @2/ D3+ B4+ A5\ E1\ @2/ A0+ @4\ H3+ G5+ @1/ B0/ A4/ @1\ A0\ A8+ @8\ C9+
LoopTrax_3823030 Traxplayer vs. jaha : @0/ A0/ @2/ @1+ C0/ @3\ @3\ B1+ F2+ E0\ A1/ G3/ H2\ I3/ F1+ I0+ J3\ E6+ H0+ A7+ B8+ @5+ RESIGN
LoopTrax_3823031 dgb vs. GringoNZ : @0/ @1/ A0+ A3\ C1\ B0+ A5\ D2/ B0/ @5+ B7\ B8+ B9\ B10\ @7+ D5+ E6+ F7/ G5+ H5\ G7+ H8/ I5\ H4+ H3/ J3+ J6+ @7\ @7\ B8+ A5\ @5\ H9+ D4+
LoopTrax_3823036 Riika vs. Kaisa : @0+ A2\ B1+ B0/ B0+ A1\ @1+ @2+ B0/ E3\ C0/ A6/ B7+ @5/
LoopTrax_3823429 Riika vs. Kaisa : @0+ A2/ A3/ B2/ @2\ @2\ A1\ A4/ @3\ E4\ C0+
LoopTrax_3823466 Riika vs. Kaisa : @0/ A0/ @2/ C2\ C3+ D1+ D3+ B0/ B4/ D0/ E2\ A1\ D0+ @2/
LoopTrax_3826048 Riika vs. Kaisa : @0/ @1/ B2/ C1/ B0/ B0/ A4+ A5/ B5+ @3/ D2/ @5/ A6/ A1+ @3+ C0+
LoopTrax_3830562 DINGEROO vs. Dragon101 : @0/ A0/ @2\ C2+ C3/ A1+ B0+ C1/ D1/ D0+ E2\ E3\ B0\ A1\ @3/ C0+ @5/ A6/ A7/ B8+ G6+ H4/ H3/ E8+ E9\ D10+ G9\ G10\ G11\ H11\ H12\ I6/
LoopTrax_3831294 Riika vs. JiffyJeff : @0/ @1/ B2/ C2/ A2+ B3/ B0/
LoopTrax_3833531 Miss Traven vs. Christine : @0/ B1\ A2/ B2+ A3\ A4/ @4/ C3\ B5\ D4\ D5\ C6\ D6\ E5\ E6+ F4/ F3/ E7/
LoopTrax_3835551 Lindap957 vs. Rand al*Thor : @0+ A0+ A0+ @2/ @2/ D3/
LoopTrax_3836841 Rogue Trooper vs. csain1 : @0+ A2/ @2\ A3/ @3/ A4+ A5\ C5+ D1\ E2/ @3\ A2\ A1+ F3\ C0/
LoopTrax_3838350 Rogue Trooper vs. YankeeFan : @0+ B1/ B0/ C1/ @2/ A3/ C3+ E1/ D0+ A5/ A1\ @4+ B0/
LoopTrax_3838470 jazzbeth vs. dgb : @0/ @1/ B2/ C1/ D2/ B3+ E3/ C0/ A4/ A5/ @2/ @1\ C0+ @3/ A4+ B7/ A5+ E7\ E8+ F6\
LoopTrax_3838490 ypercube vs. Traxplayer : @0+ A0+ B2+ B3/ A0/ B1/ B0/ C4+ D3+ E2+ A6\ B7/ @1\ C0+ A8+ @2+ E8+ F7+ D9+ C9/ A6\ A5+ @7/ A8/ A9/ A10+ @6\ B5+ E10+ F11/ H9/ @9+ A10/ A11+ A12\ @10/
LoopTrax_3846097 ypercube vs. jaha : @0+ A0/ A3\ B3\ B4\ C1+ D2+ C5+ C0/ D1/ @3\ @3\ @3\ F0+ H3+ C5+ @4+ J4/ G0/ I2+ J3+ @5\ @5\ B6+ E7+ @5/ H3+ I1+ L6+ G8+ M8\ K9+ N6\
LoopTrax_3846100 dgb vs. GringoNZ : @0/ @1/ @1/ @1/ B0/ B0+ C1/ C4\ C5+ D5\ E4\ F4\ F5\ C6+ G3+ E2+ A6/ RESIGN
LoopTrax_3846101 jazzbeth vs. Dragon101 : @0/ A0/ B2/ B1/ @1/ C0/ @2/ @2+ D0+ B0+ B0/ D2+ @3+ B1+ @2/ E6+ G2+ B0/ B0/ B0/ E1+ B0/ @1\ C0/ C0+ G5/ H7+ @4+
LoopTrax_3846106 jazzbeth vs. Traxplayer : @0/ A0+ B1/ C1/ B2+ D2+ B0/ C4+ B4/ E2\ C5+ D1/ F3/ G2\ F1+ E0/ D0+ D0/ D0/ D0/ G5+ H7\ H9+ D10+ G10+ D11/ F12+ G12\ G13\ G14\ H12+
LoopTrax_3847503 Rand al*Thor vs. bassix : @0/ RESIGN
LoopTrax_3850229 Kaisa vs. Traxplayer : @0/ @1/ A0/ @1/ B0/ A0/ B5/ C2/ C1/ D1/ B0/ @4/ E1/ F1/ B6/ G1/ F0+ A7/ C8+ H1\ A9/ RESIGN
LoopTrax_3850422 birddog8560 vs. YankeeFan :
LoopTrax_3850567 Traxplayer vs. Dee Dee : @0/ B1\ A2/ @2+ B0+ @3\ C4\ A0\ D5/
LoopTrax_3856760 Uncle Chuckie vs. marygal : @0/ A2\ B1/ B0/ C2\ C3\ @1+ A0\ @1\ C0/ F3/ F2/ F1/ B0\ @4/ A5/ A6/ D7\ H3+ @6/ C7\ A2\ I7\ @2/
LoopTrax_3858148 dingbat vs. Authority : @0/ A0/ B2+ @1+ A3\ @2\ E2\ F3/ D0\ A5/ @5/ G5\ E6+ H5/
LoopTrax_3864643 Charlo vs. csain1 : @0+ A0/ B1/ @1\ C0+ C4/ C5/ D3+ A5+ @4/ @4+ @3+ E6\ E7\ C6+ B6+ F8/ H7+ I6\ B8/ D9+ @3\ D1/ F0/ F0/ D2+ H1+ I5/ F0/ A2+ J3+ E0+
LoopTrax_3864650 dingbat vs. Rogue Trooper : @0/ A0+ @1+ B0/ A4\ @3\ D2/ D3+ E3\ C5/ D6+ @4+ @3/ B2+ C6+ F7/ A6/ B7/
LoopTrax_3864731 Kaisa vs. Rogue Trooper : @0/ A0+ B2/ A0/ A4\ @2+ D2+ D3+ C4+ E2\ F3/ G2\ H3/ I2\ G4+ E5/
LoopTrax_3864901 GringoNZ vs. Authority : @0/ @1/ A0/ @1/ B0/ @1/ D4/ E4/ F4+ G4\ D5+ D6+ C4/ B4/ A5+ C0/ @6\ A5\ A4+ E3+ H7\ I5\ F4/ E8/ F1/ G2/ E0/
LoopTrax_3869072 Authority vs. DINGEROO : @0/ B1\ A2/ @1+ B3\ C3\ C4\ D4\ A4/ B5\ @3\
LoopTrax_3869073 DINGEROO vs. Authority : @0/ A0/ @2\ B0\ A1\ A0\ @1\ D4\ D5\ D1/ D0/ E4/
LoopTrax_3869074 Authority vs. Jay RAA : @0/ B1\ A2/ @1/ B3\ C3\ C4\ D2/ B0/ E5\ D6/ A6/ C7+ F4+ A0\ @2/ E1/ C0/
LoopTrax_3869075 Jay RAA vs. Authority : @0/ @1/ C1/ B0/ D2/ A3/ E3\ C4+ E1/ F3\ D5/ E4+
LoopTrax_3869076 Authority vs. davidmilne : @0/ A0+ A0\ @1\ A0\ @4+ @4+ D5\ E4/ D0+ E1/ F2+ B6/ RESIGN
LoopTrax_3869077 davidmilne vs. Authority : @0/ @1/ A2+ A3/ A4/ C1/ C3+ D1/ B4\ C5/ E1+ C0+ @4+ C0+ G3\ E6+ G7\ D8/ H6\
LoopTrax_3869080 DINGEROO vs. davidmilne : @0/ A0+ @1+ B0+ B0\ A1\ A0\ @1\ @4/ A5/ A6/ A7+ @7/ E7\ E8\ F5\
LoopTrax_3869081 davidmilne vs. DINGEROO : @0/ B1\ A2+ B2+ A3+ A4\ B4\ B5\ C5\ @5/ C6+ @4\ A3\ @5/ C6/ D7+ C1\ D0/ G5+
LoopTrax_3869082 Jay RAA vs. davidmilne : @0/ A0+ B1\ B0\ C3\ A4/ @1/ D1/ E2\
LoopTrax_3869083 davidmilne vs. Jay RAA : @0/ B1\ A2/ A0/ @2+ @1/ @2\ C0\ A4/ @3/
LoopTrax_3869084 GringoNZ vs. dgb : @0+ A0+ B2\ C2\ B3\ B4/ @2/ @3\ B1+ A0/ @3+ B0+ B0/ B0/ A2+ D8+ @6/ A5+ @3/ B1+ D0\ E1\ F4/ A1/ @1+ G1\ H2+ B5/ RESIGN
LoopTrax_3869085 dgb vs. GringoNZ : @0/ A0/ A0/ @2\ B4/ C2/ B5+ B6/ B7/ D5+ D6\ B8+ D7\ E4\ F2+ RESIGN
LoopTrax_3869086 GringoNZ vs. kidgame2001 : @0/ B1\ A2/ B2+ C2\ B3/ @1\ A0\ A4/ @4/ D5/
LoopTrax_3869087 kidgame2001 vs. GringoNZ : @0/ A2+ @2\ B0\ C3/ @2\ A1\ @1\ B0/ A4/ @3\ D5/
LoopTrax_3869088 GringoNZ vs. Traxplayer : @0/ @1/ B0\ @2\ B1+ B0\ RESIGN
LoopTrax_3869089 Traxplayer vs. GringoNZ : @0/ B1+ C1/ C0/ B0/ @3/ A4+ E2/ B5+ D1+ F2+ D0/ D5+ F6\ RESIGN
LoopTrax_3869090 dgb vs. kidgame2001 : @0+ @1/ C1/ C0\ B3+ B1+ @2\ A1\ @1\ C0/ A4/ @4/ D5/
LoopTrax_3869091 kidgame2001 vs. dgb : @0+ B1+ A2\ B0/ A1+ C2+ A0/ B5\ C5\ C6\ C7/ D5+
LoopTrax_3869092 dgb vs. Traxplayer : @0/ @1/ @1/ C0+ D1/ D0+ B1+ C0+ B5+ D4+ D6/ E4+ F3\ G3\ F2+ H2+ E6\ D7/ H6+ RESIGN
LoopTrax_3869093 Traxplayer vs. dgb : @0/ @1/ @1/ @1/ B0/ @2+ C3+ E1/ F1/ F0/ E0+ G3+ H2\ I2\ C6/ C7/ J2\ A7/ RESIGN
LoopTrax_3869094 kidgame2001 vs. Traxplayer : @0+ A0+ A3\ A0\ @1/ A4/ B5\ C2\ A3+ @3\
LoopTrax_3869095 Traxplayer vs. kidgame2001 : @0/ B1\ A2/ @2/ B0+ C3+ A4/ @3+ @2+ D5\ C6\ E5+ B6/ A4\ C7/
LoopTrax_3873339 Goonerg vs. balmoral : @0/ B1\ A2/ B2+ B3\ C2/ A0/ C0+ D4/ B0/ A2+ @4+ D7/ A6+ F5/ @4/ A3+ G1/ H1\
LoopTrax_3873343 dgb vs. ypercube : @0/ @1/ B0+ @2+ A0/ @3+ C4/ RESIGN
LoopTrax_3876560 Rogue Trooper vs. marygal : @0+ A0+ B2+ @2\ D2\ D1\ A0/ A0\ @3/ C5\ D1/ B0\ E3/
LoopTrax_3876718 Kaisa vs. GringoNZ : @0/ @1/ B2/ A0/ @2\ D3/ C4/ B0/ B0+ C2\ D4/ E3\ D2+ F6/ E1/ F1/ A5/ @4\ B2+ D1/ D0/
LoopTrax_3878071 jazzbeth vs. Authority : @0/ @1/ B2/ C2/ C3/ D3/ E3+ E4\ E5+ F5\ B3/ B0+ C7+ D8/ E3/ F3/ G3+ E2+ D9/ D10/ E8+ F1/ G2+ H2/ H1/ I1/ F0+ I4\ J2+ I7+ J7+ G8/
LoopTrax_3878120 GringoNZ vs. Kaisa : @0+ A0\ @1\ @1\ A3\ B3\ @1\ D0+ E4/ F4/ B0/
LoopTrax_3879040 Riika vs. Kaisa : @0/ @1/ C1/ D1/ E1/ C2+ C0\ A1\ @2+ D0+
LoopTrax_3879172 dingbat vs. Authority : @0/ A0/ A0+ @1\ @2+ @2+ E3+ D4/ F3\ G4/ H3\ I4/ F2+ I5\ J2/ J5/
LoopTrax_3879239 YankeeFan vs. Rogue Trooper : @0/ A0+ A0\ @1\ A0\ @4+ @3+ E1+ E0/ E0+ F1/ F0/ D1+ G2+ F4+ E0+ C9\ E8+ A9\ D10/ A11+ @10+
LoopTrax_3882756 Charlo vs. JiffyJeff : @0/ @1/ B0+ B0/ B0/ A2+ B0+ @2/ D3+ E4/ D5+ D6\ F4/ E2+ E1/ D0+ C0/ @6+ A4+ A8/ @6/ C9\
LoopTrax_3883465 dingbat vs. jazzbeth : @0/ @1/ B2+ A0+ @2\ @2\ C4\ D5/ C0/ B1/ C7\ B5+ B8\ E5+ E3/ E0/ F1+ B1\ A2\
LoopTrax_3883649 Dragon101 vs. Authority : @0/ @1/ A0/ @1/ @1/ C0+ @2+ A3/ E1/ E0/ F1/ G1+ A5\ B5\ E0+ A7/ @5/ F7+ C8/ G6+
LoopTrax_3885012 Traxplayer vs. Uncle Chuckie : @0/ B1\ A2/ A3/ B2+ C2/ A4\ D1/ B0\ @1\ @2+
LoopTrax_3886405 balmoral vs. marygal : @0+ B1\ @1\ A2\ @1/ A0\ @2/ C4/ B3+ D4+ C1/ C0/ B5/ A6/ @5\
LoopTrax_3886941 REBEL DJ vs. * Sassy_Angel * : @0/ B1\ B2\ C2+ A2/ C3/ D2\ E2\ F2\ G2\ H3/ D1+ D4+ C5\ C6\ C7\ B4+ @2\ A3/ @2\ E0+
LoopTrax_3887448 DINGEROO vs. Goonerg : @0/ @1/ B2+ B3\ C1/ C0/ D1/ D0/ B6/ E2+
LoopTrax_3887568 Rogue Trooper vs. jaha : @0+ A0/ B1\ A3/ @3/ A4+ C4+ D3/ @4/ D0/ E2\ F4\ F5\ F6+ G4+ B6+ C6+
LoopTrax_3887571 supermac vs. ypercube : @0/ @1/ A0+ A3\ @2+ D2\ C3+ C4\ D4\ D5\ E5\ B5/ A3+ B6\
LoopTrax_3889736 Dee Dee vs. * Sassy_Angel * : @0+ A0\ A3/ @2+
LoopTrax_3889896 Miss Traven vs. Christine : @0+ @1\ A0\ C2/ B0/ A0\ @1\ C0/ D1/ B0\ @2\ A1\ @1\ @2\ D0+ D0/ D7/ D0\ C1\ A6/ @5\ B3\ B7/ C0\ C9\
LoopTrax_3890251 Rogue Trooper vs. ypercube : @0+ A2+ B1+ A3+ @1/ @1/ D3/ D0\ B1+ C5/ B5/ C0+ A5+ @4\ B1+ @5/ A6/ B7/ B8/ A8/ @5+ B3+ A2+ @4/ @5\ D0/ A7/ @7/ I1\ A3+ B2+
LoopTrax_3890405 Dragon101 vs. Traxplayer : @0/ @1/ B0/ @1+ C0/ D1/ A0+ @4\ B5\ A1\ @1\ B0/ F1+ A0\ @1\ H6+ E8/ H2/ I2/ H1\ D1+ RESIGN
LoopTrax_3890411 jazzbeth vs. Traxplayer : @0/ @1/ B2/ C2/ C3/ D3/ E3+ E4+ F4\ F5\ D5+ G4+ G3/ F2+ E1/ E6+ F7/ F8/ G7+ H6\ D7+ F9/ F10+ D0+ @2/ D7+ C7/ I4+ J5/ K4\ B6+ J3/ I2/ I1+ E0/ K9\ L7+ J10/
LoopTrax_3891448 Dragon101 vs. Rogue Trooper : @0/ B1+ C1/ B2+ B0+ @3\ B1+ A0/ @2+ B0/ C6+ @4\ @3/ B5+ B6/ E7/ B2+ @5+ B7+ B8/ @4/ C9/ A9+ @4/ G10/ E10+ I7+ A8/ @7+ F0+ C4+ B3/ B2/ H0+ A3\ @7+
LoopTrax_3891530 jaha vs. Authority : @0/ @1/ A0/ @1/ B0/ @1+ A0\ A4\ @2+ @2/ E5+ D6\ D7\ D8\ C5+ B7+ G4\ G5+ A7\ B5+ D9+ A8+ @5+ A8/ @9\ D10+
LoopTrax_3891640 Riika vs. Kaisa : @0/ @1/ @1/ B0/ C1+ C0/ B1+ C0/ @2\ A1\ A0\ D0+ E2\ F4+ F6/ B7+ G3\ G5+ H5\ F7+ E8\ I7\ I8\ I4/ G2/ I3\
LoopTrax_3892815 jazzbeth vs. Authority : @0/ @1/ B2/ C2/ C3/ D3/ D4/ E4/ D2/ B3+ D1/ D0+ E3+ A4/ A5/ A6+ @4+ F6\ A1\ E7/
LoopTrax_3896257 dgb vs. Authority : @0/ @1/ @1/ @1/ B0/ A3/ @3/ A4/ C0+ B0/ @2+ @6+ @5/ @4+ @5\ @4/ B3+ D7+ E1\ D0/ A1+ @1/ C0+
LoopTrax_3896258 Authority vs. dgb : @0/ @1/ A0/ @2/ A3/ @2+ A0+ @1\ E2+ @1/ G3/ B3/ A4\ G5\ H4+ @1\ A0\ E7/ D6+ I7\ J5/ I8/
LoopTrax_3896259 dgb vs. davidmilne : @0+ A2/ A0\ @3/ A4/ @1+ A0\ @5/ A6/ B0\ A1\ @6+ E7\ RESIGN
LoopTrax_3896260 davidmilne vs. dgb : @0/ @1/ A2+ B0\ @2/ C4/ @3\ A4/ RESIGN
LoopTrax_3896261 Authority vs. davidmilne : @0/ @1/ A2+ B3/ B0/ C4+ @3/ B5\ E4\ B0+ A2\ @2\ A1\ D0\ @4+ A5+ @5/ G1/ A2\ H2\
LoopTrax_3896262 davidmilne vs. Authority : @0/ @1/ A2+ A3/ A4/ C1+ @2\ C3+ C5/ E2+ D4+ @4+ E6/ G4/ @3/ A5/ @4+ I2\ RESIGN
LoopTrax_3898485 Rand al*Thor vs. Izeul : @0/
LoopTrax_3899093 Miss Traven vs. Christine : @0/ B1\ B2\ A2+ A3/ C2\ B4\ C0/ @3/ E1\
LoopTrax_3901270 Miss Traven vs. Christine : @0/ B1\ A2/ B2+ A0\ @1\ A0\ A3/ @3/ B4/ A1+ @3/ E2/ F2/ B4+ A1\ A0\ @2/ A4/ C6+ @4\ A3\ @3\ B2\ B1\ B0/
LoopTrax_3901654 REBEL DJ vs. Goonerg : @0+ B1/ @1+ C2/ D1/ A0/ B0/ E3/ F2/ D1+ E5+ F5\ G4+ A4/ A5/ D6+ D7+ E6+ H4+ B0+ @5+ G8\ H8\ I8\ J7+ H3+ I3+ G2/ E1/ D0\ G2/ E1/ D0\ G11+ I12/ J11+ K9\ K6+ L8/ J5+
LoopTrax_3901810 dgb vs. Authority : @0/ @1/ @1/ @1/ B0/ C3\ C4+ B0+ B0/ B7+ @3+ C0+ D3+ E7\ F4\ G4\ H7+ F8/ E2/ E1/ H1/ E0/ I5\
LoopTrax_3901815 YankeeFan vs. jazzbeth : @0/ @1/ C1/ C2/ A2+ @2+ C3/ C0\ E1/ E0/ A5+ E5+ RESIGN
LoopTrax_3909917 Charlo vs. Authority : @0/ @1/ B0+ B0+ C1/ D1/ C2+ E1/ D3+ F1+ E4+ G1+ C0+ A5/ G4+ D6\ F6+ D7\ H4/ A8/ @5/ E9+ I6\ I7\ J5/
LoopTrax_3909918 Authority vs. Charlo : @0/ @1/ B2/ C2/ C3/ C1+ D1/ D2+ C4/ E4/ C5+ E6/ A0/ @1/ A0/ C7/ F3/ F2/ C8/ F9/ G9+ D10+ G2/ H3+ F1+ B7\ C6\
LoopTrax_3909919 Charlo vs. dgb : @0/ B1\ A2/ A0/ A0/ A5/ @4\ A3+ D1+ @5/ C6/ A1\ C0/ @4+
LoopTrax_3909920 dgb vs. Charlo : @0/ @1/ @1/ A0/ @2/ @1+ B0\ B0\ A1\ @4\ E1+ E0/ D6+
LoopTrax_3909921 Charlo vs. Jay RAA : @0/ B1\ A2/ A0/ @2+ @1/ @1/ @1/ D0+ @3/ C4+ D5/ A1\ A0/
LoopTrax_3909922 Jay RAA vs. Charlo : @0/ A0/ A0/ B2+ C1/ A0/ B0\ A6/ @4\ D6\ D7/
LoopTrax_3909923 Charlo vs. ypercube : @0/ @1/ A2+ C1+ A3\ B0\ C1+ B0/ D2\ E2\ @4/ @5\ B3+ @3/ @3+ A2+ @2\ A1\ C1+ E1\ G0/ H1/ H0/ H0/ K2+ L3/ K6+ F0+ E4+ J1+ I0/ L2/ L1/ M4/
LoopTrax_3909924 ypercube vs. Charlo : @0+ A0/ A3\ B1/ B0/ C4+ D3+ @2+ D5\ E4\ F1/ D0\ F5\ G2+ E6+
LoopTrax_3909925 Authority vs. dgb : @0/ A0/ @1/ C1\ B3/ B0+ B0/ B0/ @4+ @4/ @4/ B3+ D2+ C1+ B0/ D0+ C0/ F5+ B1\ G6\
LoopTrax_3909926 dgb vs. Authority : @0/ @1/ @1/ @1/ B0/ D1/ D3+ E1/ D4/ E0+ F3+ A6+ @5/ @5/ A6/ A7/ H5\ H6\ I4\
LoopTrax_3909927 Authority vs. Jay RAA : @0/ A2\ B2\ @2\ @1/ E2\ A3+ @2\ C0+ B5/ B6/ F2/ G3\ @3\ B0+ @7/ A8/ D8/ B9/
LoopTrax_3909928 Jay RAA vs. Authority : @0/ @1/ B0/ @1+ A0\ A0+ A5/ @1/
LoopTrax_3909929 Authority vs. ypercube : @0/ A0/ @2+ C1+ C0/ B1+ @2/ C0+ B5+ E4/ F2+ G3/ H2\ F1/ G0\ F5+ F6+ I1+ G0\ I6\ J3/ H7\
LoopTrax_3909930 ypercube vs. Authority : @0+ A0+ B2+ B3+ C3+ C4+ D4+ D5+ E5+ C5+ F5+ E6+ E7\ F7\ F8\ G8\ F4/ H4+ I7\ H3\ D8/ E9\ C7+ B7/ A8\ @7/ D9+ D10+ @9/ A10/ C6+ B5/ I9+ G10\ G11\ I10/ D1/ E1/ A6+ @7+ A10/ @10+ I12\ J3/ D2\ F0+ F0/ N7+ M6/ M4\ O7\ N10+ M11\ K4+ K2+ L2/ N6/ P7+ I1+ F0/ L2/ I1/ M3+
LoopTrax_3909931 dgb vs. Jay RAA : @0+ B1\ @1\ A0+ A0/ @1/ D1/ C0/
LoopTrax_3909932 Jay RAA vs. dgb : @0/ @1/ A0/ A3\ A0\ @3+ C2/ B0\ D4/ C0/ D1/ E1+ E2+ F1/ B7\ D0/ E4\ F0/ G1/ B1+ D0\ A3+
LoopTrax_3909933 dgb vs. ypercube : @0+ A2+ B1/ @1\ C0/ D1/ A0+ B0\ D0+ E2/ D6+ E5\ F2/ F1/ F0/ G1/ D0+ F6+ RESIGN
LoopTrax_3909934 ypercube vs. dgb : @0+ A0+ B2+ A3/ A0\ @1\ A0+ @3\ D3+ B0/ E5/ D2+ C0/ C0/ B2+ A4\ @4\ @2+ B1\ E0/ F1/ G4\ H7\ H9+ RESIGN
LoopTrax_3909935 Jay RAA vs. ypercube : @0/ A0/ B1/ B3/ C3/ A0\ @1\ C5/ D2/ D0+ A3/ @1/ A0/ E8\ F7/ C8/ C9/ F5/ C7\ F3+
LoopTrax_3909936 ypercube vs. Jay RAA : @0+ B1\ @1+ B0/ B0/ C0\ A5/ A1\ @4+
LoopTrax_3909937 hoot vs. Rand al*Thor : @0/ B1\ A2/ @2/ D1/ B0/ C3\ D4/ @1\ C0+ F5/ B5/ D6\ @2\ D6/ E7\ G8\ H6+ F9/ E9/ D9/ A1+ B0+ C1/ B0+ A1\ D12+ C10+ A0\ @3/ C0/ D1/ E1/
LoopTrax_3909938 Rand al*Thor vs. hoot : @0+ @1+ A2\ A0\ B1+ C1/ A0\ @1\ A0\ A0+ @1\ D7\ E6/ F4/ A3\ F5\ G5\ F0/ G3+ H6\ B7+ G8+ I6+ J6\ I8+ F0+ G1/ H2/ J3+ K7\ A9\ C10/
LoopTrax_3909943 Rand al*Thor vs. Missing Sock Fairy of TA : @0+ A2+ B1+ A0\ @2+ B0/ C1/ D1+ B0\ A1\ @3/ D0+ E2/ F2+ A6/ @6/ C7\
LoopTrax_3909944 Missing Sock Fairy of TA vs. Rand al*Thor : @0+ B1+ A2\ B0/ B0/ A1+ A0+ @3\ C0+ C0/ D3\ @5\ @4\ C3+ D1\ E0/ D9\ A7/ RESIGN
LoopTrax_3909945 Rand al*Thor vs. Kaisa : @0+ A2/ @1+ B0/ A1+ C1\ C2\ B4/ @4+ E1/ D0\ E5\ F3+ E6/
LoopTrax_3909946 Kaisa vs. Rand al*Thor : @0/ B1\ A2/ @2/ B3\ C3\ D3/ C4+ @2/ @1+ D0+ A4+ @3+ D0+ A2+ E1+ F1/ G4/ D7+ A6+ E8/ G6+ H5\ F0/ H1+ I3+ J4/ C1+ @6+ G9\ G10/
LoopTrax_3914172 jazzbeth vs. Uncle Chuckie : @0/ B1\ B2\ C2\ B0+ D3\ E3+ C4+ D5/ A4/ A5/ D6/ E4+ E7+ F6/ G6/ F5/ G8\ H6+ @5/ A7+ C8+ G1/ E8\ H3+
LoopTrax_3916199 Miss Traven vs. Christine : @0+ @1+ C1\ @1/ D2\ B2/ B3/ A3\ E2/ F2/ @3/ A4/ A2\ @3\
LoopTrax_3917569 csain1 vs. jaha : @0/ A0/ @1/ A0/ B4/ @2\ A3\ D2/ @3/ C4/ @2\ B1/ B0/ B0/ D7/ E3+ B7/ B8/ G6+ G8+ E9+ C10+ A9+ @6+ @8+ F1/ F0/ C2\ A11/ C1/
LoopTrax_3919162 Dragon101 vs. jazzbeth : @0/ @1/ A0/ @1/ @1/ A0/ A0/ B2/ A4/ C5\ @4+ C1+ @2+ C0/ B0+ @3/ @2+ @2/ @2/ D0+ D0\ F2/ F1/ F0/ H4+ A7+ B8+ C9/ H11+ I2\ I6/ B3+ C1+ @5/ B3/ A3/ @3/ C8/ F10+ F11/ F12/ J12/ H11+ F13/ L6/
LoopTrax_3919181 YankeeFan vs. Traxplayer : @0/ @1/ C1/ D1/ B2+ A0+ @2/ B4+ D0+ F2\ E5+ @5/ RESIGN
LoopTrax_3920411 Kaisa vs. Authority : @0/ @1/ A0/ @1/ B0/ B4\ D3/ C1\ D4+ D5/ E3+ F3\ E5+ A3/ @4\ B6+ C7/ C8/ E8\ E9\ G6\ H6\ @6+ B8+ A1+ A8/ @4\
LoopTrax_3924892 Rogue Trooper vs. Charlo : @0+ A0/ B1\ A3/ @3/ @3/ B1+ C0/ A5/ E2\ C0/ A2+ E4\ D7+ F7+ F4+ C0/ A0+ @2+
LoopTrax_3925006 GringoNZ vs. Dragon101 : @0/ A0/ @1/ @1/ A0/ @1/ B0/ C1/ E3/ @1/ A0/ G5/ G6/ E2+ E1/ F1/ C5/ B5+ A3+ B1+ B0/
LoopTrax_3926566 Thud vs. Rand al*Thor : @0/ A2\ B1/ B2+ B0\ A1+ A0\ @3/ @3+ A4/ B5+ @1+ C0/ E2+ A5/ @2/ C6+
LoopTrax_3929968 Traxplayer vs. Kaisa : @0/ A0/ @2/ @1/ A0/ @2/ A3/ @1\ C0+ E2/ E0\ F2+ B6+ C1/ C0/ B2+ B0/ D1+ G2+ D0/ H2+ A3/ @3+ A6+
LoopTrax_3931760 ypercube vs. Sea Breeze : @0+ A0+ B2+ B1+ C1+ D1\ @1\ B0/ C4/
LoopTrax_3931776 birddog8560 vs. Rogue Trooper :
LoopTrax_3931776 birddog856 vs. Rogue Trooper :
LoopTrax_3933046 jazzbeth vs. Goonerg : @0/ @1/ B2/ C2+ C3\ D2/ B0+ E3/ C5+ C1+ F2\ F5+ G4\ G2+ D6+ B0/ D1+ @3/ A4/ A1\ A7+ @2\
LoopTrax_3933092 Traxplayer vs. supermac : @0/ B1\ A2/ @2/ B3\ C3\ D2+ D4+ @2+ F4\ G4\ G5\ H5\ H6\ H7\ I3/ G2+ J3+ J2/ J1/ J0+ K1/ I9+ F9+ D8/ C9+ L1+ I10+ H11+ A5+ @3\ B1\ A9/ C10\ @5+
LoopTrax_3933176 ypercube vs. dgb : @0+ A0+ B2+ @1\ D2+ @1\ C3/ C0+ E2+ F2/ F1/ A0\ RESIGN
LoopTrax_3934448 Charlo vs. dingbat : @0+ A0+ B1+ A0\ A0\ C3+ B1/ B4\
LoopTrax_3938387 Authority vs. JiffyJeff : @0/ A0/ @2+ A3+ A4+ @3\ D2+ C3\ D3\ B0/ @3/ @4\ D6/ G4\ E1/ E0/ G2+ H5\ H7+ E8\ D0\ RESIGN
LoopTrax_3944687 dingbat vs. marygal : @0/
LoopTrax_3944768 Charlo vs. balmoral : @0/ A2+ A3/ B3/ A4/ @1/ D1/ B0/ D5\ B0/ E5/
LoopTrax_3947666 jazzbeth vs. balmoral : @0/ B1+ C1/ C0\ B3+ B1\ A0/ @1+ B0+ D1/ E3+ C0+ B0/ A2+ E2\ F2\ B0/ @2/ @2/ F8\ G8/
LoopTrax_3948056 Miss Traven vs. Christine : @0+ B1\ @1\ D1\ @1/ A2/ @2/ C0\ C3+ @3+ B4\ E3\ D4/
LoopTrax_3953681 Goonerg vs. Charlo : @0/ @1/ B0/ A0+ @3/ @3+ C4+ E2/ B0/ @2+ E1+ E0/ G6+ E7/ H4/ H3/ G0+ F0/ B8/ B9/ D10\ H9+ F0/ H2+ I4+ E3+ F0/ J4\
LoopTrax_3953716 Rogue Trooper vs. JiffyJeff : @0+ A2/ @2\ A1\ C2/ A0/ C1/ D1/ @1/ E3/ B0/
LoopTrax_3953880 GringoNZ vs. Authority : @0/ @1/ A0/ @1/ A0/ @1/ B0/ @1+ B0\ @2/ C0/ C5/ A2/ B6+ B7\ B8\ A7+ C6+ E3/ @3/ @3+ H2\ G1/ D0+ F8+ E10/ F0\ B11/ B12/ A9/
LoopTrax_3955085 jazzbeth vs. Traxplayer : @0/ B1\ A2/ A0/ A0/ C3+ @1+ E2+ D4/ D5/ E3\ @2+ G5\ G6+ G1\ RESIGN
LoopTrax_3955205 birddog8560 vs. Charlo :
LoopTrax_3955205 birddog856 vs. Charlo :
LoopTrax_3959303 dingbat vs. Dragon101 : @0/ A0/ B2/ C2/ B1+ @1+ B3+ C4+ C0\ B5+ E3/ D1+ B0/ F6+ E7+
LoopTrax_3959304 marygal vs. Lilac Oyster :
LoopTrax_3960971 Charlo vs. dingbat : @0/ A0/ A0/ B2+ B4+ C2+ C4/ B5/ @3/ E3\ @1+ B0+
LoopTrax_3961017 GringoNZ vs. Rogue Trooper : @0/ @1+ @1\ C0/ B3/ A4\ C3+ D3\ @3+ C5/ C6/ @6+ B7/ B8/ A8/ @5/ H6+ E7+ I4/ H3+ H0/ I3+ G0\ F1+ C2\ B3/
LoopTrax_3963114 Rogue Trooper vs. Traxplayer : @0+ A0+ @2+ B3+ C2+ B4/ A4/ A5+ @5/ D5+ A2+ RESIGN
LoopTrax_3966471 mema vs. Rand al*Thor : @0+ A0+ A3\ B1\ C2/ @1/
LoopTrax_3967971 Rogue Trooper vs. Lorraine of the Renegades : @0+ A2+ @1+ @1/ A2/ B3\ B4\ @3\ @2/ F2\ E4+ D0\ @1+ A0\ A6/ @4+ C7/
LoopTrax_3969689 marygal vs. mema :
LoopTrax_3970844 Rand al*Thor vs. Mersephone : @0/ A2\ B2\ C2\ @1\ A0\ B1+ E3/ D2+ E2+ E1/ E0/
LoopTrax_3971019 Miss Traven vs. Christine : @0+ @1\ A2/ @1\ A0\ C0/ D1/ B5\ C5\ A4/ @3\ B6/ A6/ C0/ @4/ B5+ A5+ A6/ A7+ B8/
LoopTrax_3973396 Kaisa vs. dgb : @0/ A0/ A0/ A4/ @1+ C1/ C0/ D1/ A0+ @1\ @1\ B0/ F1+ A0\ @1\ H8+ E9+ E1/ RESIGN
LoopTrax_3973397 dgb vs. Kaisa : @0+ A2/ A0\ @2\ @2\ A1\ @1\ D0+ E1/ A0+ F2\ C0+ E5\ F6/ G3/ E2/ A7+ @6/ G7+ RESIGN
LoopTrax_3973398 Kaisa vs. ypercube : @0/ A0/ B2/ B1+ @2/ B0+ @2/ @2/ B0+ A4/ @1+ D0\ B1+ E1/ D0\ D7+ RESIGN
LoopTrax_3973399 ypercube vs. Kaisa : @0+ A0/ A3\ B2\ C2\ C3\ D3\ A4+ @2\ @1/ @2\ D0+ E6+ H5/ C5/ D6/ H7+ RESIGN
LoopTrax_3973400 dgb vs. ypercube : @0/ @1/ @1/ @1/ B0/ C3\ C4+ @2+ B5/ A3+ C6\ RESIGN
LoopTrax_3973401 ypercube vs. dgb : @0+ A2+ B2+ A0+ C3+ C4\ C2/ D4\ D5\ E2+ B5/ B6/ @3\ @3\ H4+ C0\ @4\ C2+ @2/ F1/ J7\ E0/
LoopTrax_3974135 Dragon101 vs. jazzbeth : @0/ @1/ A2/ C2+ A3/ A4+ @2+ E1\ E3+ C5/ F3+ F4+ C6/ A5+ @4/ G7\ H4\ D8+ C7+ A6+ B8+ @3\ B1+ A6/ @6/ F9/
LoopTrax_3975643 Charlo vs. ypercube : @0/ A0/ @1/ @1/ D1/ C3+ C4/ A2/ @2/ A0+ @3/ B0+ B0\ @5+ @4/ B2+ @4/ B1/ B0/ @2+ @3+ D7+ E9+ D0/ G2+ H1+ F11/ B0+ A3/ G1+ H5/ D0/
LoopTrax_3976343 Charlo vs. Traxplayer : @0/ B1\ A2/ A0/ A0/ @2/ A0/ @3/ @1/ C0/ C0+ D3+ B6/ A6/ C0/ B1+ @1/ B0/ A5+ C9+ B0/ @2+ D11/ D12/ @4+ I8+ J8\ K8\ L9/ I10+ F11+ K7+ J6/ E13+ L11+ RESIGN
LoopTrax_3979900 Rogue Trooper vs. JiffyJeff : @0+ A2/ @2\ A1\ C2/ D2/ C3+ C4/ @1\ A0\ A0+ @1\ A2+ E1+ B0/ G6/ A0+ G8\ H8/
LoopTrax_3980045 Authority vs. GringoNZ : @0/ @1/ B2/ A2+ @2/ C0\ C0\ D3+ E3/ A5/ C5+ E4+ D6/ F5+ B7+ @5/ B3+ C1\ B8+ E1+ C0\ F2\ G3/ F1+ H3/ F0+ F9+ H8+ E10/
LoopTrax_3982688 marygal vs. Northwoods :
LoopTrax_3985415 GringoNZ vs. Dragon101 : @0/ A0/ @2+ @1/ D1/ A0+ @1\ E0+ @2/ G3/ F0/ E1+ C1+ F0/ H4\ I5/ H7+ F0/ F0/ D2+ C3\ J7/ I0+ K2/ K10+ L6+ J11+
LoopTrax_3987079 Kaisa vs. dgb : @0/ @1/ B2/ C2+ B0+ D2\ @2\ @2\ @2\ A3+ H3/ G4+ B4+ C5\ E4+ D0/ I4/ H6/ J5+ K4\ J3+ F7/ RESIGN
LoopTrax_3987080 dgb vs. Kaisa : @0+ A2/ A0\ @2/ @2/ A3/ @3/ D4+ E4\ A5+ F4/ C6+ A0+ @4+ F2\ G3/ G1+ F0/ H6\ H7\ H3+ RESIGN
LoopTrax_3987081 Kaisa vs. ypercube : @0/ @1/ A0/ @2/ A3+ B4+ B0/ @4/ A3+ C6\ E6+ E2+ D7/ B5+ D8\ F4+ B6/ G3+ D0+ G2/ RESIGN
LoopTrax_3987082 ypercube vs. Kaisa : @0+ A2/ A0\ @2/ @2/ A3/ @3/ B4/ @1+ RESIGN
LoopTrax_3987083 dgb vs. ypercube : @0/ @1/ @1/ D1/ B0\ D3/ E1\ A3+ C0+ F3+ B5+ @3/ A2+ C0+ A2+ B0/ @2+ E1\ H2+ G1/ C0/ F1+ F0/ F0+ H3\ I5+ J4+ @4/ B7+ A2+ @4/ A6+ @4\ E1+ E0/ E0/ D2+ C3+ B3\ A2/ @3\ D1+ F0/ E0+ C2+ @3+ @4\ @3/ B2+ D6+ H0/ I0\ K17/ K18/ J18/ H18\ J19/ I20+ G18\ F20+ G21/ G22+ H17+ G16+ F14/ E14/ E15/
LoopTrax_3987084 ypercube vs. dgb : @0+ A2+ B2+ A3/ @3+ @3\ A4\ B5/ A6\ @4+ D0\ C1\ C0\ B1\ A2+ @3\ A7+ G4\ H4/ H3/ I3+ E7+ F7+ G5+
LoopTrax_3987119 dawn1968 vs. Rogue Trooper : @0/ A0/ B1/ B3+ C2\ D2\ D3\ B4/ E3/ D0/ E1/ A1\ @1/
LoopTrax_3988447 dingbat vs. Rogue Trooper : @0/ A0/ B2/ B3+ A4/ @4/ @4/ B3+ A5+ @3\ B2+ E4+ F4/ D0/ B2+ F2/ G5\ G3/
LoopTrax_3992009 Uncle Chuckie vs. GringoNZ : @0/ @1/ C1/ A2/ A0+ @2\ @2\ A1\ C0/ F4\ E5+ F1/ A5/ G3/
LoopTrax_3992082 Rogue Trooper vs. birddog856 : @0+
LoopTrax_3992082 Rogue Trooper vs. birddog8560 : @0+
LoopTrax_3992148 birddog8560 vs. marygal :
LoopTrax_3992226 dingbat vs. jazzbeth : @0/ @1/ B0+ B0/ C2+ A4/ D2/ D3/ C4\ D5/ C0+ E6\ D7/ E1/ F3/
LoopTrax_3992253 Authority vs. ypercube : @0/ @1/ B0+ @1/ D1/ D0/ D0+ E2+ D4+ B5+ F2/ F3+ E5+ D0\ D7+ G4\ F7+ E8+ H4+ I4\ J4\ I3+ I2/ K4+ I5+ H1+ H0/ I0\ G2+ C2\ B4+ F2+ C1/ D2/
LoopTrax_3996945 Linda Sue vs. mema : @0+ @1/ A0\ @2/ A3/ A1\ @1\ D1/ D0/ E1/ F3\ E4+ F4+ F5\ E5+ G2/
LoopTrax_3998262 Rogue Trooper vs. Goonerg : @0+ @1/ C1/ B0/ C1+ D1/ D0/ @3/ B2+ C1+ E0+ F3\ F4\ D5/ D6/ G6+ D7+ A7+ @7/ @7+ C8+ @6/ F8+ G9/ H9+ I9/ J2+ I10/ K4\
LoopTrax_3999886 Rogue Trooper vs. GringoNZ : @0+ A2+ B1+ B2+ A0/ A4/ @4+ @4\ B1+ C0+ E3/ F2\ D1+ E0+ B7/ @6+ H3\ G5+ D1/ I5\ H6/ I1+ J4/
LoopTrax_4001459 dingbat vs. Traxplayer : @0/ B1\ B2\ C2\ D1+ A0/ E2\ D4+ C0+ C0/ E2+ F2\ E0/ F1/ G3\ E0+ D0/ D0/ E0\ D0/ F4+ C1\ G1/ B6/
LoopTrax_4001471 Goonerg vs. Dragon101 : @0/ A0/ B2/ C2/ B1+ C3+ A4/ @3\ C5\ D5\ @1\ C0+ F6+ D7+ D8/ D9/ E8+ B9/ A5+
LoopTrax_4003214 balmoral vs. DavidJ : @0+ @1/ A0/ C2/ B3+ @1\ C0\ D0/ E1/ D5+ B6/ A6/ @4\ D6\ C7/ A3\ @3\ @3+ C2+ D1\ D0\ C0/ B1+ A4+ H6/ I2\ B9+ @5/ E0+ C1\ B1\ D0/ D0+ F2+ A1\ C0/ A5/ @4+ C6/
LoopTrax_4004596 Miss Traven vs. Christine : @0/ B1\ B2\ A2+ @1+ D2\ C3/ C4/ B3/ A3/ B4/ B5/ A5/ @4/ @4/ C6/ A5\
LoopTrax_4004610 JiffyJeff vs. Rogue Trooper : @0/ A0/ @1/ B0/ A0/ C3+ B5\ D4/ C5+ @1+ F3\ E2+ G2\ H2+ F6+ G3\ E1/ B0+ D1/ E1/ C0\ C0+ B1\ B0\ A1\ @3\ G2+ G1/ G0+ I4/ J5\ @4/ A5/ B2+ C1+ E0+ G1/ H0\ K4/ K8\ L6+
LoopTrax_4004700 kidgame2001 vs. marygal : @0/
LoopTrax_4007603 jaha vs. jazzbeth : @0/ @1/ A0/ @1/ B0/ @1/ C4/ B4/ C5+ E5+ F3+ E2+ A3+ @3/ @4\ B5+ B6\ A2/ @4\ E0+ F7\ D8/ @3\ B2+ A6/ C7+ @5\
LoopTrax_4007658 GringoNZ vs. Charlo : @0/ @1/ B0+ B0/ @3\ A4\ @3+ C5/ E4+ F4/ G4/ F5+ C6/ @5+ A7+ D7+ F8+ F9+ I4/ J3\ H8+ F10/ K4/ L4/ K6+ H2+ H9/ I7+ E10+ D8+ F11/ F12/ D11+ C9+ G11+ I10+ D13/ C11/ G13\ D14/ H12\
LoopTrax_4009690 Miss Traven vs. Christine : @0+ B1/ C1\ C2\ B2+ A2/ A3/ C0/ B5\ D1\
LoopTrax_4010864 dgb vs. GringoNZ : @0+ A2+ B2\ B3\ @3\ B4+ B5/ @4+ @4\ A2/ @2+ B1\ @3\ @3\ B1+ D5+ @2\ @2\ E4+ B4+ C5/ C6/ B6/ A4\ @3/ C7/ F7\ RESIGN
LoopTrax_4010865 Dragon101 vs. jazzbeth : @0/ @1/ A2/ C2/ @2+ C0/ A4/ A5/ @3+ C5+ B6/ C7+ D5/ D6+ E5+ F3/ E1+ G4+ F2/ F5\ G6/ @4+ D8/ D9/ D10/ A3+ F0/ F0/ A4/ B3\ A2/ I6/ B9+ @8+ K6/ L6+ I3+ A5/ @7/ G11+ H11/ D13/ C11+ G13\ H13\ F14/
LoopTrax_4021098 Goonerg vs. Lorraine of the Renegades : @0/ B1\ A2/ B0+ B0/ C3\ C4\ B5\ D3+
LoopTrax_4021199 Dragon101 vs. Rogue Trooper : @0/ B1+ C1/ C0/ D1/ B3+ C0+ B0/ A2+ @5\ D5+ F2\ G5+ D6\ E1+ A6/ @6/ D7+
LoopTrax_4025380 DINGEROO vs. marygal : @0/
LoopTrax_4032351 REBEL DJ vs. Goonerg : @0+ @1/ A0\ @2/ C1+ C3+ D2/ C4\ @3\ C4/ D5\ D0+ E1/ F3/ C6/ C7/ E0+ F1/ G3\ E5+ A6/ @4/ I2+ I0/ J3/ I6\ RESIGN
LoopTrax_4035614 jazzbeth vs. supermac : @0/ B1\ A2/ B2+ @1+ B3+ A3+ @2+ C0+ C5/ C6/ C7/ E4\ E5\ E2+ F3+ D8+ F2+ D1+ D9/ A6+ @5+ A7/ A8/ A3+ @3/ C1/ E0/ E0/ G2+ @5/ B4+ A7/ @7/ K6/
LoopTrax_4035726 jaha vs. Traxplayer : @0/ @1/ A0/ @1/ B0/ @1+ A0\ @1\ D0+ @2/ A3+ D0/ C0+ C0/ C0/ C0/ E1\ A5+ @8\ @8\ D3+ RESIGN
LoopTrax_4041687 Miss Traven vs. Christine : @0+ @1/ @1\ A0\ C1+ A3/ @3/ B0/ C1/ D0/ E1/ E4\ D5/ D6/
LoopTrax_4046278 dingbat vs. Rogue Trooper : @0/ A0/ A0+ A0\ @1\ A0\ @4+ D5\ B6\ D1/ D6\ E3+
LoopTrax_4046515 Kaisa vs. GringoNZ : @0/ @1/ A0/ @1/ B0/ B4\ A3/ B5/ C1/ B6/ C5+ D4\ E1+ F1\ E5+ D6+ E7/ G2/ G0+ C9+ D10/ D11/ B10+ F7+ H7+ H8\ H9\ I8/ I4+ J9\ J10\ G10\
LoopTrax_4047122 Authority vs. Traxplayer : @0/ B1\ A2/ A0/ A0/ @4/ A5/ D3+ @2+ @3+ C6+ G2+ D0/ D0+ H3\ I3+ J3\ K3\ G1\ A2+ @4+ @3/ @3/ L4+ L5+ B5+ B6/ C8/ H8\ G9/ F0/ K1+ M3+ O4+ I1/ J0+ A4\ RESIGN
LoopTrax_4047235 Authority vs. JiffyJeff : @0/ @1/ A2+ A0+ A0/ C1\ @2+ @3\ @2/ @2/ @2/ F5\ A1\ RESIGN
LoopTrax_4047819 Rogue Trooper vs. Authority : @0+ A0+ B2+ B3+ @2+ B0+ A2+ B0+ @3+ D1\ B1\ E1\ C0/ D0+ B1\ A2/ D0+ F4+ @3/ B2\ E0\ A2+ D0/ F1/ H4+
LoopTrax_4047999 ypercube vs. Kaisa : @0/ A0/ B1+ A3/ C3+ B4\ D3/ A5+ A6\ C5/ B7+ E3\ F3\ C1+ C0/ C0/ B2+ @5/ @5+
LoopTrax_4049244 Uncle Chuckie vs. Goonerg : @0/ @1/ B0/ @1/ D2+ B3/ B4+ A4/ D5\ E3+ A5/ A6+ @4+ A3\ F1\ G4/ E6/ D7\ F0/ G1/ H1/ F7+ I1/ E9/
LoopTrax_4051971 Miss Traven vs. Christine : @0/ B1\ B2\ A2+ @2/ C3\ D3\ E3\ B4\ E4/ D4/
LoopTrax_4053064 Rogue Trooper vs. Traxplayer : @0+ B1+ @1+ B2+ C0/ C3+ D2+ C4/ @2+ B1/ B0/ B0/ A3+ @2+ D0\ C0/ @4+ B5/ H6\ C7/ A6+ @5+ H8+ D8/ D9/ A9+ @6/
LoopTrax_4053155 Riika vs. marygal : @0/
LoopTrax_4058885 jazzbeth vs. dgb : @0/ A0/ B2/ B3/ C3/ B4/ A0+ @1+ B0/ E6\ C7+ E4/ F5\ A5/ @2/ D3/
LoopTrax_4058886 dgb vs. jazzbeth : @0+ B1+ C1+ B0+ C1+ D2+ D3\ E3\ A3+ B3+ F3/ @2+ A3+ B4+ A1/ B5\ C5\ B0+ G6\ H6+ G7/
LoopTrax_4058887 jazzbeth vs. Kaisa : @0/ @1/ B2/ C1/ @1+ D0+ C0/ @3/ A4/ E5\ F3/ A5+ C6+ @5\
LoopTrax_4058888 Kaisa vs. jazzbeth : @0/ @1/ B0/ A0/ @3+ B4\ B5\ C1/
LoopTrax_4058889 jazzbeth vs. Traxplayer : @0/ A0+ B2+ A3+ A4/ @4+ D3/ E2\ D4+ B5+ E5\ F3+ A5+ D1/ G4/ D5/ D6+ H3+ D7/ @5\ C6+ @5\ C2+ B6/ C0/ B2\ D0\ @7/ B8+ B9/ A9/ A10/ @7+ C11\ D9+ A6\ A5\ @6/ A10+ @5\ B4+ @6/ A7+ @5\ B4/ E4+ @6+ A7/ A8+ @6+ B4/ D3/ A4\ B3/ B2/ E2+ E1/ G2+ J5+ P7+ P8\ R7+ H1+ R4/ S7/ P3+
LoopTrax_4058890 Traxplayer vs. jazzbeth : @0/ @1/ A0/ @1/ A0/ A0+ @1+ B0/ @3/ D6\ D7\ C6+ @3/ B4+ E2\ B2+ C5+ F7\ G5/ C6/ RESIGN
LoopTrax_4058891 jazzbeth vs. ypercube : @0/ @1/ B2/ C2/ D2+ E2\ B3+ C4+ A2/ E5\ F3+ E1\ F2+ G3\ F5+ G6/ E6+ D0/ A5/ @5/ D7/ F8/ E0/ H2+ I3/ A3\ @3+ B2/
LoopTrax_4058892 ypercube vs. jazzbeth : @0/ @1/ C1/ A2/ D2+ A3+ E2/ C0/ C5+ A0+ RESIGN
LoopTrax_4058893 dgb vs. Kaisa : @0/ @1/ @1/ B0/ B0+ B0/ B0/ A2+ B0/ C3+ @6+ E6/ E7+ E1/ F3+
LoopTrax_4058894 Kaisa vs. dgb : @0/ @1/ A0/ @2/ B0/ @2+
LoopTrax_4058895 dgb vs. Traxplayer : @0+ A0+ @1\ A0\ @1/ B0/ D2\ @2/ F3\ E4+ E5\ F5\ F6\ G3+ G2/ G1/ H2\ H6+ I1/ I0/ I5\ J4+ J2/ K4\ E8/ RESIGN
LoopTrax_4058896 Traxplayer vs. dgb : @0/ @1/ A0/ @1/ A0/ @2/ B0+ @3+ C0/ A1\ RESIGN
LoopTrax_4058897 dgb vs. ypercube : @0/ @1/ @1/ @1/ B0/ C1/ C0/ B0+ @1+ B5/ @2\ RESIGN
LoopTrax_4058898 ypercube vs. dgb : @0+ A2+ A0+ A0+ B1+ B4+ @4\ @4\ B5+ A2\ @2\ F1\ RESIGN
LoopTrax_4058899 Kaisa vs. Traxplayer : @0/ @1/ B2/ C2/ B3/ D2+ B0/ C2/ E3+ @1/ C0+ B4+
LoopTrax_4058900 Traxplayer vs. Kaisa : @0/ @1/ A0/ @2/ @1+ B0\ @3\ C0/ B5/
LoopTrax_4058901 Kaisa vs. ypercube : @0/ A0/ @1/ A0/ @2/ D2\ C4/ @1+ B0\ @2/ RESIGN
LoopTrax_4058902 ypercube vs. Kaisa : @0+ A2/ A0\ @2/ @2/ A3/ D2/ @2+ @3\ G2/ H2/
LoopTrax_4058903 Traxplayer vs. ypercube : @0/ @1/ A0/ @1/ A0/ @1/ A0/ @2/ @1+ B0\ B0/ A1\ RESIGN
LoopTrax_4058904 ypercube vs. Traxplayer : @0+ A0+ A0+ A0+ B3+ C3/ C4\ D4\ @4\ B5/ A6\ @5+ @5\ @5\ @5\ D3+ A2+ @5\ D6+ D1\ D0\ A8+ @7/ @6/ B5+ @6+ F1+ H3+ K2+ F9\ G9\ H10+ C2\ RESIGN
LoopTrax_4058905 GringoNZ vs. Authority : @0/ @1/ A0/ @1/ B0/ C1/ C4/ D2/ E3+ F3/ D5\ D6+ B5/ C0+ D2/ C0/ @3+ @4\ @3/ @4\ E5/ E1+ G0/ @5+ D3+ C2+ @5\ I0/ F8+ M5+ K4+ C2/ B3\ K0+ L4+ N4/ M3+ O5\ O6\ N1/ N0/ O1/ P2+ M1+ O0/ Q5+ P7+ K2\ J1/ J0/ F14/ I2+ B13/
LoopTrax_4058906 Authority vs. GringoNZ : @0/ @1/ A2+ C1\ B0/ A4/ A5/ B4+ @5/ @4+ @3/ C2+ D0+ C0/ C8/ A7+ C9+ @4\ B3/ B2+ G7+ F10+ F11/ A2\ A0+ @1\ @1\ B0/ F1+ A0\ @2/ H2/ I2+ J3/ K3+ F1+ C0+ G2+
LoopTrax_4058907 GringoNZ vs. coopaah : @0/ A0/ @2/ A0+ @3/ A4/ @4/ A5/ @2+ F4+ E6\ E0\ D0/ @7\ D9+ D10/ D11/ H7/ I7/ G9\ F10/ H10+ J10+ A4/ I11+ E12\ G11+
LoopTrax_4058908 coopaah vs. GringoNZ : @0/ @1/ B0+ B0/ B0/ @4/ D2+ E2/ F2/ E3+ G3+ F4\ F5\ H3\ H4\ I4\ I5\ I2/ H6+ J3/
LoopTrax_4058909 GringoNZ vs. kidgame2001 : @0/ B1\ A2/ @2/ B0+ C3+ B4\ B5\ C5\ @5/ C6+ D1+ E4+
LoopTrax_4058910 kidgame2001 vs. GringoNZ : @0/ @1/ B0/ A0+ C2/ @3/ A0\ @1\ F4\ B5/ G3/ G2/ G1/ C0+
LoopTrax_4058911 Authority vs. coopaah : @0/ @1/ B0+ B0/ B0/ A2+ @4/ @2/ D0/ B1/ D0+ B0/ E3/ A7/ A8/ @8/ F8\ E9/ G7/
LoopTrax_4058912 coopaah vs. Authority : @0/ @1/ B2+ A0+ A0/ C2\ D1+ A0/ E3/ @1\ B0/ A5/ @3\ D7/
LoopTrax_4058913 Authority vs. kidgame2001 : @0/ B1\ A2/ A3/ A0\ @1\ A0\ A3/ @3/ D5\ C6/ D6\ D7/
LoopTrax_4058914 kidgame2001 vs. Authority : @0/ @1/ A2/ B3+ C3\ D3+ C4/ A0\ @1\ E1/ D0/ F3/
LoopTrax_4060894 Rand al*Thor vs. Lorraine of the Renegades :
LoopTrax_4060967 Dragon101 vs. Uncle Chuckie : @0/ B1\ B2\ B0\ C2+ D3/ E3/ D1+ C0+ F2/ F1/ C0/ G3+ F5+ E6+ C0\ B1\ A1\ @1+ C0+ C0/ E2+ F1\ @5+ B7+ J8\ J9\ G10\ F10+ K9\ G11\ @5\ E10/ B7+ F11/
LoopTrax_4060970 Charlo vs. Goonerg : @0/ A0/ A0/ A0/ @3+ C1/ D1+ B0+ @4/ C6/ F4+ B0/ A1+ @3+ A6+ D8/ D9/ F10+ H6+ A10+ F11/ I7/
LoopTrax_4062640 jaha vs. GringoNZ : @0/ @1/ A0/ B1+ B3/ B0/ @3\ B4/ D3\ @3/ A2/ A1/ A0/ D0\ D0+ B2/ B1/ @3+ B1+ E0/ F4+ B1\ E0/ A3+
LoopTrax_4065769 Rand al*Thor vs. marygal : @0/
LoopTrax_4065853 Riika vs. Lorraine of the Renegades : @0/ A2\ B1/ @2\ @1/ A3\ A4\ A5\ B4+ @4/ D3\ C6\ D6\ E6\ @4+ A5/ A6/ D7\ A1\ @1\ C0/
LoopTrax_4066823 Miss Traven vs. Christine : @0/ B1\ @1\ B2\
LoopTrax_4066829 Miss Traven vs. Christine : @0+ B1\ @1\ C2\ B0/ C0/ D1/ B5/ D3\ A5\
LoopTrax_4075302 JiffyJeff vs. Traxplayer : @0/ A0/ A0/ A0/ @3/ @1+ C0/ C0+ D1/ @5/ A6/ A1\ C0/ @4+
LoopTrax_4078937 Carroll vs. JiffyJeff : @0+ A0/ A0+ B3\ @2\ @2\ A3\ E2/ E1/ E0+ F3+ G3/ H3/ I3/ F1+ F0/ F0/ F0/ B8\ E8+ G0/ F10/ J7/ G8+
LoopTrax_4079187 balmoral vs. Riika : @0+ B1+ A2\ A0\ B1+ A0\ @1+ C0/ D2\ E3/ B0+ A1\ @1+ C0/ A6/ C8/ @5\
LoopTrax_4079197 DavidJ vs. Lorraine of the Renegades : @0/ B1\ A2/ B0\ @2+ D1/ B0/ C4+ A5/ @4\ A2+ C5\ B6/ F3\ F4\ F5\ F6+ E7+ G6/
LoopTrax_4081892 Dragon101 vs. Rogue Trooper : @0/ A0/ B2/ B3/ @1/ B3+ B4/ A3+ A0+ @3\ @2/ B5+ @3\ B5+ C6/ B0+ @3/ @1+ C0/ A7+ A8/ @4/
LoopTrax_4083382 ypercube vs. Traxplayer : @0+ A0+ B2+ A3+ C2+ B3+ @2+ C4/ E2+ C1/ C0/ E4/ D0\ E1+ F2/ C7/ A7+ E7\ RESIGN
LoopTrax_4083402 JiffyJeff vs. Charlo : @0/ A0/ A3/ B3/ B4/ C4/ B2/ C2/ A4+ @4\ C5/ @4\ @4\ C0+ D7\ C6+ @6+ A7/ B8+ A1\ @2+ C0\
LoopTrax_4083575 ypercube vs. Traxplayer : @0+ A0+ A0+ A0+ B2+ A0+ B4+ A6+ @5\ @5\ E3\ B3+ @3+ @4\ B5+ B2+ B1/ H3\ F2/ H5\ G6+
LoopTrax_4089721 Riika vs. Rand al*Thor : @0/ RESIGN
LoopTrax_4095172 Charlo vs. Authority : @0/ A0/ @2+ @2/ @2/ C0/ C0/ B3+ A2+ B5+ D2/ A0+ D1\ @3+ A2\ @5/ A6/ D7/ A3+ C0+ A2\ @4\ E9/ @3\ B2+ B1\ A1\ A0\ @4+ C0/ D2\ I3+ H2+ D1+ C11/ B8+ D12/
LoopTrax_4099091 Dragon101 vs. dingbat : @0/ A0/ B1/ C2+ A3/ @2+ C0+ @3/ A2+ B5\ @2\ E0\ A6/ @3\ B7\
LoopTrax_4099177 Traxplayer vs. Rogue Trooper : @0/ A0/ A0/ @3/ @3+ A4/ D2+ E2/ F1\ C4+ B5+ G1\ C0+ H2\ E4+ G1+ H5+ I4+
LoopTrax_4099306 dgb vs. GringoNZ : @0/ B1\ A2/ @1/ B0+ B4/ B5+ A3+ @4\ @4\ @4\ C2+ B1+ F5+ E6/ C5+ G4+ @1+ B6+ A5/ @2\ C0+ E1/ E0+ D0/
LoopTrax_4112804 Kriistina Jean vs. Authority : @0/ @1/ B2+ B3\ C1/ C4/ C0+ D3+ @1\ C0+ C0\ B7/ A5+ C8/
LoopTrax_4112804 Sutik Ansalewit vs. Authority : @0/ @1/ B2+ B3\ C1/ C4/ C0+ D3+ @1\ C0+ C0\ B7/ A5+ C8/
LoopTrax_4112805 Authority vs. Kriistina Jean : @0/ B1\ A2/ @2/ A3/ C2+ @2+ B4+ E3/ D5+ D6/ F2/ F1/ C0/ F5+ G4\ F7\ E8+ G7/
LoopTrax_4112805 Authority vs. Sutik Ansalewit : @0/ B1\ A2/ @2/ A3/ C2+ @2+ B4+ E3/ D5+ D6/ F2/ F1/ C0/ F5+ G4\ F7\ E8+ G7/
LoopTrax_4112808 Kriistina Jean vs. *Leo The Lion : @0+ B1/ B2\ C2\ C3\ B4+ A4/ B5\ @1+ A0\ B7+ E3/ D2+ E6\ D7+ F5/
LoopTrax_4112809 *Leo The Lion vs. Kriistina Jean : @0/ B1\ A2/ @2/ @1+ D0\ @2/ F1/ D0/ D5+ E4\ G4+ G5\ F6+ A5/ C6+ @5\
LoopTrax_4112812 Authority vs. Zanda : @0/ A2+ A3/ B3/ A4/ @4/ D1/ C0\ D5\ E5+ D6/
LoopTrax_4112813 Zanda vs. Authority : @0/ A0/ @2/ @1+ C0/ @3\ @3\ @3\ @2/ G4\ H3/ C4+ E5/ C1+
LoopTrax_4112814 Authority vs. *Leo The Lion : @0/ A2\ B1/ B0/ C1/ A4\ @3\ @2/ B0+ B6+ @6+ A7/ B8+ E6/ G3+ F5+ D7+ @7/ G7\ RESIGN
LoopTrax_4112815 *Leo The Lion vs. Authority : @0/ @1/ B0+ B0/ C1/ @3+ @2/ @2/ E0+ A5/ @3/ F5\ RESIGN
LoopTrax_4112816 Authority vs. coopaah : @0/ A0/ A0/ B2+ B4+ C2\ D2\ C1+ E2\ E0+ F3\ E0\ D0/ F2+ E0+ C9/ E0/ G9+ E11+
LoopTrax_4112817 coopaah vs. Authority : @0/ @1/ @1+ B2\ @1/ A2/ A3/ B4+ C4\ D4+ @2+ F2/
LoopTrax_4112818 Zanda vs. *Leo The Lion : @0/ @1/ B0\ @2\ A1\ @1\ A0\ A4/ @4/ E4\ D5+ F4/
LoopTrax_4112819 *Leo The Lion vs. Zanda : @0/ A2\ B2\ @2\ C3+ D3/ B0/ C1/ @4/ B5\ A1\ B0/ @4\
LoopTrax_4112822 *Leo The Lion vs. coopaah : @0/ @1/ B2+ A0+ C2/ @1+ A0\ C1+ C5/ A4+ E3/ C6/ F1/ F0/ F5\ E6/ G3\
LoopTrax_4112823 coopaah vs. *Leo The Lion : @0/ B1\ A2/ @2/ @1+ C0/ C0/ B0+ C0\ E4+ @2/ D0\ F3\ F2+ B2+ A5+ F0+ E0/ G4+ G1\ H5/ D0\ C1\ G1/ D0+ H3/
LoopTrax_4112824 GringoNZ vs. dgb : @0/ @1/ A0/ A3\ A4\ @2/ @3+ @3\ D0+ D6+ C7+ E5\ B3+ F3\
LoopTrax_4112825 dgb vs. GringoNZ : @0+ A2/ B1\ A0/ A4\ C2/ A0/ A6\ @4/ @4+ E1/ E0/ B8/ A8/ D7+ RESIGN
LoopTrax_4112826 GringoNZ vs. Charlie the Unicorn : @0/ B1\ A2/ @2\ B3\ C3\ B0\ A1/
LoopTrax_4112827 Charlie the Unicorn vs. GringoNZ : @0/ @1/ A0/ @1/ A2+ A3/ C1+ D2/ E2/ E3\ F2/ B4/
LoopTrax_4112828 GringoNZ vs. Traxplayer : @0/ A0+ A0\ @1\ B0\ C2+ @4\ A5\ D0\ E2+ E0\ @6/ B4+ C3+ C2\ RESIGN
LoopTrax_4112829 Traxplayer vs. GringoNZ : @0/ @1/ A0/ @1/ A0/ @1/ A0/ @2/ A3/ A4\ E5/ F4/ F6/ G4+ @1+ B0\ C0\ H9\ I7+ F9/ H10+ G5/ E9+ C0\ @6/ A7/ B8/ @6+ D9\ A4\ RESIGN
LoopTrax_4112830 GringoNZ vs. ypercube : @0/ @1/ B0+ @1/ B3/ C0/ B1+ @2/ E1/ A0\ @2/ G2/ B4/ C5/ A3+ @3/ @3/ @3/ E5/ A6\ H6\ I4+ E7/ D7/ @7/ RESIGN
LoopTrax_4112831 ypercube vs. GringoNZ : @0+ A2/ @1/ B0/ B0/ A2+ @3/ C0\ D2/ E3+ F4/ E5+ C6+ E6+ D7\ B1\ A1\ @1\ @4+ G8/ @4/ C5\ D7/ F9+
LoopTrax_4112832 dgb vs. Charlie the Unicorn : @0+ B1\ @1\ C2\ C3\ D3\ A3/ @1\ C4/
LoopTrax_4112833 Charlie the Unicorn vs. dgb : @0/ A0/ @2/ @1+ C0/ @3\ @3\ B1+ B0\ E5\ F5\ A5+ D6\ @2/ C6/ A4+
LoopTrax_4112834 dgb vs. Traxplayer : @0/ A0/ B1+ @2+ A0+ @3\ @2\ F2\ C4/ C5/ D4+ D6/ C6/ A3+ B7+ G3\ D7+ E5+ F6+ G6\ B8/ @7/ I3/ I2/ H1/ H0+ G9+ RESIGN
LoopTrax_4112835 Traxplayer vs. dgb : @0/ @1/ A0/ @2/ A0/ @3+ @2+ A0+ C0\ @4/ C6/ E2+ F3\ D6+ @4+ C1/ C0/ G2+ E0\ C7+ B2+ H8+ RESIGN
LoopTrax_4112836 dgb vs. ypercube : @0+ A2+ B2\ @1+ B3/ B0/ B5\ D3\ E3\ C2+ B0/ C0\ D3+ F4+ A2+ @1/ @2\ G1+ F0/ F0/ G1/ H3\ I3\ J1+ I0/ K4\ K5\ K6+ L4+ J8\ J9+ K7\
LoopTrax_4112837 ypercube vs. dgb : @0/ @1/ C1/ @1/ B0\ B0+ D4+ @4\ F2+ G2\ C5\ A2\ @2\ G4\ F5\ @2\ E6\ A0\ @3\ F1/ RESIGN
LoopTrax_4112838 Charlie the Unicorn vs. Traxplayer : @0/ A0/ @2\ B0\ A1\ A0\ C2\ @2+
LoopTrax_4112839 Traxplayer vs. Charlie the Unicorn : @0/ B1\ A2/ B2+ @2\ @2\ A3\ D3/ @2/ D3+ B4/ A4/ B5/ @4\ B1\ A1\ B0\ D2\ D1/
LoopTrax_4112840 Charlie the Unicorn vs. ypercube : @0/ A0/ B1\ A3\ B3\ B4\ @3\ D3+
LoopTrax_4112841 ypercube vs. Charlie the Unicorn : @0+ B1\ A2\ B2\ A3\ @1/ D1+ E1+ @3+ A4/ @4/ B5/ @3\ A2\ B1\ D0/ A6/ @5\ D7/
LoopTrax_4112842 Traxplayer vs. ypercube : @0/ @1/ A0/ @1/ A0/ @1/ A0/ @2/ A3/ E5\ F4/ F3/ C4/ C6+ F2+ B4/ D7/ F1/ C8\ B7+ C9+ E9\ F9\ G3+ H4+ C1+ RESIGN
LoopTrax_4112843 ypercube vs. Traxplayer : @0+ A0+ B2+ A3+ C2+ C1+ A0+ @1+ @1+ B4+ F3\ G3\ E4/ E1/ E0+ F3+ H3/ H2/ G1/ I3+ H5+ I1/ J3/ G0/
LoopTrax_4117349 marygal vs. Lorraine of the Renegades :
LoopTrax_4117493 DavidJ vs. kidgame2001 : @0/ B1\ B2\ C2\ C0+ B0\ D3+
LoopTrax_4120709 supermac vs. Thud : @0/ B1+ A0/ C2\ A3/ @3/ A4/ A5+ @1\ A0\ F5+ C7/ F8\ G6/ D9/ D10+ C10/ B10/ A6/ @7\ I7+ I8+ J7/ I5+ I9+ F11/ J8\ K8\ L9/ J11/ M10+ L11\ L12\ M12\ N10/ L7\ B10+ J12+ J13/ O12/ N13+ N8+ M14+ O10/ P8+ A9\ P13\ RESIGN
LoopTrax_4120896 Miss Traven vs. Christine : @0/ B1\ @1\ C2/
LoopTrax_4122901 Rogue Trooper vs. Goonerg : @0+ A2\ @1+ A0/ @1+ A0+ @1\ B3+ C4+ B0/ D2+ B0/ B0/ E5\ A6/ @3/ A0+ @3+ @3\
LoopTrax_4123121 jaha vs. Traxplayer : @0/ @1/ A0/ @1/ B3/ D3/ B4+ E4/ B5\ E6+ F5\ G5\ G6\ G7\ G8+ H4/ F3+ F9+ D7+ C8+ C10+ B9/ B7+ RESIGN
LoopTrax_4124492 Linda Sue vs. marygal : @0+
LoopTrax_4124595 Traxplayer vs. Authority : @0/ @1/ A0/ @1/ A0/ @1/ A0/ @1/ A0/ @1/ A0/ @1/ A0/ @1/ A0/ @1/ B0/ C1/ I10/ J10/ J11/ @1/ C0/ @1/ A0/ @2/ E1+ A3/ C0+ B5+ B6/ B7/ F2\ G2\ H2\ G1+ C0/ C0+ @3\ B2/ E8+ @4+ K4\ F1+
LoopTrax_4124597 ypercube vs. Charlo : @0+ A2/ A0\ @3/ A4/ @4/ D2/ E2/ F2/ B0/ @2+ E4+ B6/ @2/ A7/ @7+ G7\ H5+ D8/
LoopTrax_4126118 dingbat vs. Riika : @0/ @1/ A0/ A0/ B2+ B4\ C3/ A0\ @3+ C1+ B6+ @2/ E1/ A1\ F3/
LoopTrax_4129709 Rogue Trooper vs. jazzbeth : @0+ B1/ B0+ C1/ C0/ C0+ C0\ A3+ @2/ @2/ D0/ F1/ F0/ @6/ B1\ B7/
LoopTrax_4130981 Goonerg vs. Uncle Chuckie : @0/ B1\ A2/ A3/ @2+ @1\ C0/ E1/ C0/ E4\ F5/ B6\ A6+ @6\ D7/ H7+ E8+ B8\ I7/ E9/ I4/ A8/ J4\
LoopTrax_4131124 Dragon101 vs. Rogue Trooper : @0/ A0/ @1/ @1+ A2/ C0/ A4+ C0+ D3+ C5+ @3+ F3/ F4+ G5+ D6\ G4/ G3/ H3/ G1+ C7/ B7/ G7+ C8+ E8+ B0/ D1+ A1+ F0/ G1/ A1\ @4+ C0/ D2/
LoopTrax_4132805 Carroll vs. JiffyJeff : @0+ A2/ B2/ @1\ @1\ C0/ A4/ C4+ @3/
LoopTrax_4132806 JiffyJeff vs. Carroll : @0/ B1/ B2+ B0/ C3\ D3+ D4\ A0\ @2/ E1/ RESIGN
LoopTrax_4132942 dgb vs. Authority : @0+ A0+ B2\ C2\ @2\ A0/ A0/ A0/ C3+ B0+ B0\ E7+ F6\ F8/ B0/ C1/ D1+ B0+ G8\
LoopTrax_4132943 Authority vs. dgb : @0/ @1/ B2/ C2+ C3\ C4/ D2+ E2\ F3/ A0\ @2/ C0/ D1/ E1+ C0+ H3+ H2/ F7+ G1+ E8/
LoopTrax_4134032 Authority vs. dingbat : @0/ A0/ B2/ B1/ A0+ @3/ A4/ @4/ C0/ @3+ F5+ F6\ F1/ B7/ E0/
LoopTrax_4134278 GringoNZ vs. Charlo : @0/ @1/ A0/ @1/ B0/ @1/ C4/ D1/ E3/ E5\ F5\ B4/ F3/ G3+ D6+ F2/ B7/ A4/ F7\ G6/ D8+
LoopTrax_4135785 Dragon101 vs. Traxplayer : @0/ @1/ A0/ @1/ A2/ A3+ A4/ @2\ D4\ RESIGN
LoopTrax_4140386 GringoNZ vs. Authority : @0/ @1/ A2+ B0\ C2\ A4\ @2/ @2/ B4+ C5+ C1+ @3+ B5+ D6/ @5/ A6/ D7+ F5\ G4/ F7\ G6/ H4/ F8+ @4+ B3\ C8+ D9/ A8/ @6\ C9/
LoopTrax_4140387 Authority vs. GringoNZ : @0/ @1+ @1\ C0/ D1/ A0+ B0+ C0+ B1\ E4/ F4/ D0+ D0\ G2\ @5\ A4\ C8/ C9/ H7\ H8\ H4+ I5/ H1+ RESIGN
LoopTrax_4140388 GringoNZ vs. dgb : @0/ A0+ A0\ @1\ B0\ B0\ A1\ @1+ D5/ E4\ D6+ D7/ C8\ E7+ D9+ B6+ @5+ @6\ H6\ H7\ I8+ B7/ D9+ B8+ F10\ A8\ @7/ C9+ E10+ C10+ D11+ J6+ K6/ @8\ K11+ L10\ M10\ M11\ M12\ N12\ L13/ L14+ K14/ J12+ H12+ I14+ N8+ O11+ G0+ H2/ I16/ H15/ G15/ G16/ I17\ O15\ N16/ P13\
LoopTrax_4140389 dgb vs. GringoNZ : @0/ @1/ @1/ C0\ D1\ C0\ D4+ E4\ D0+ RESIGN
LoopTrax_4140390 GringoNZ vs. ypercube : @0/ B1/ B0+ C2+ B3\ D2/ D1/ @3\ C4+ @2+ G1/ D0+ E0+ H3+ C2\ F5+ I3/ H6+ I5\ J5\ J6\ H7/ F7+ C7\ F8\ J8+ E9+ F10/ E11\ D10+ I9+ C11/ C12/ K7+ I10/ K4/ K3/ C13+ B13/ B12+ E0\ F1+ K3/ L6+ M5\ D14\ D15\ E15\ E16\ M2+ N3/ H1/ F0/ E0\ D3\ F0/ G1/ H1+ F0+ L4+ K2/ N5/ O8+ M4/
LoopTrax_4140391 ypercube vs. GringoNZ : @0+ A2+ B1+ A0+ C2+ B3+ @1+ A2/ E2/ E1/ C4/ D0+ B6\ @4\ E0/ G3/ H2\ I3/ J2\ I5+ I6/ I7+ K4+ I0+ K3+ L3/ L0+ M2/ H1/ M5\ J0\
LoopTrax_4140392 Authority vs. dgb : @0+ A0+ @1+ A2+ @2+ C0/ C0/ C5/ C6/ C7/ D5+ C8+ C9/ C10/ E7+ F6\ G7/ D9+ B8+ C11/ C12+ C13/ F8+ E10+ F11+ G11+ H6\ F13+ G13\ D14/
LoopTrax_4140393 dgb vs. Authority : @0+ A2/ A0\ @1\ A0\ @4+ A5/ @1+ B6\ B0+ B8/ A8/ A9/ C8+ A6+ @6/ A5\
LoopTrax_4140394 Authority vs. ypercube : @0/ @1/ B2/ C2/ C3/ D2/ E3/ A2/ D1/ A0\ @3+ F1/ F0/ E1+ D0+ G2/ G1/ A2+ H2+ I1\ J2/ K1\ L2/ J0+ L4+ F5+ I0+ M2/ K1+ F9+ G7+ C9/ C2/ C10\
LoopTrax_4140395 ypercube vs. Authority : @0/ @1/ A2/ B3+ C2\ D2\ D3\ B4/ D0+ E1/ E0/ F4+ @3+ A2\ B1+ B0/ B8\ D9+ D10/ D11/ E10+ D12+ H5/ I3+ J4/ K3\ L4/ I5+ H1+ G0/ L7+ M4\ G0/ J3\ K3+ J2+ N3+ N2/ N1+ O3+ L0\ K1\ H1/ K0\ J2+
LoopTrax_4140396 dgb vs. ypercube : @0/ @1/ @1/ D1/ B0\ B0+ D4+ E4\ D0+ RESIGN
LoopTrax_4140397 ypercube vs. dgb : @0/ A0/ A0/ A4/ B2\ @3+ D1+ E1\ B0+ @4\ @4\ D6/ B0+ @5\ C0/ B1+ @3/ F2+ D7+ I6\ J5/ A7+ B8/ F9/ RESIGN
LoopTrax_4141769 jazzbeth vs. JiffyJeff : @0/ A0/ B2/ C2/ D2+ D3+ E3+ F3/ E2/ A4\ C1/ E4/ A0+ RESIGN
LoopTrax_4142898 Authority vs. Traxplayer : @0/ @1/ B2/ C2/ C3/ D3/ D4/ E4/ E5/ F5/ F6/ G6/ G7/ H7/ H8/ I8/ I9/ J9/ J10/ K9/ I10/ K8+ I7/ B0\ C2/ C0\ C0\ D3\ D0\ E1\ F1\ G1+ G0/ E0\ E4+ F5+ H2/ I2\ J2\ F0\ H0\ I3+ J2+ K4\ L4+ M3+ H0+ L6/ I7\ I8\ G7+ I9+ H10\ E11+ F12+ J9\ K10/ F2+ I0+ E3/ F2+ I0\ I0\ J2+ K4\ L4+ M3+ N6\ G3+ L1+ G1\ J0/
LoopTrax_4143896 Charlo vs. dingbat : @0/ A0/ @2+ @2+ B3+ @2+ C4+ C0/ B2+ D5\ E2+ F2/ E1+ A1/ C0+ A5+ @5\ B0/ @4+ @5\ D7/ H8/ F9+ G10/ H9+ I6+ J3\ D8/ J6\ K3\ J10\ K8+ I11/
LoopTrax_4145148 Carroll vs. ypercube : @0+ A2+ B1+ A3+ @3+ A4+ @4/ @4/ A3/ C2+ B2+ C5+ D5\ D6\ E3\ A6/ RESIGN
LoopTrax_4145149 ypercube vs. Carroll : @0+ A0+ B2+ A3+ C2+ @3+ B4+ B5+ D1\ C3+ A4+ C5+ C6\ D6\ @3\ B1\ D0/ B6+ F1/ E0\ @4+ @3/ G9\ H9\ E9/ D10\ C9+ A5+ B8\ C7+ @5/ B7+ A7\ E11\ I10+ C11/ B11+ C12\
LoopTrax_4147072 ypercube vs. LadyScorp : @0/ A2\ B1/ B0/ C2\ C3\ D3\ @1\ D4+
LoopTrax_4147670 JiffyJeff vs. Riika : @0/ A0/ A0/ A0/ A0/ @3+ C4+ @5/ A6/ A1\ RESIGN
LoopTrax_4147754 Riika vs. mema : @0/ B1\ B2\ C2\ @1/ D3/ A0\ @2\
LoopTrax_4149124 Goonerg vs. DINGEROO : @0/ A2\ B2\ A3+ @1\ A0\ @2\ C1/ C0/ B1+ B0\ D1/ B0\ A1\ @1+ A0\ @4+ C7+ B7/ C1/ B0\ E2+ F2/ B0+ A9/ A10/ @7/
LoopTrax_4149402 Authority vs. Dragon101 : @0/ A0/ B2/ C2/ C3/ D3/ D4/ E4/ E3+ E5+ E2/ F2/ C1/ A3+ C5\ B5\ E0+ @2\ C1+ E0/ H5\ H6\ F8/ C9+ B9/ A9+ D10/ @7\ A6+ A5+
LoopTrax_4149436 lhh61 vs. Riika : @0/ @1/ B2/ C2/ C3/ C4/ D4+ D1\ E1\ D5+ E5\ B3+ E4/ F5\ E6+ F2+ G5\ A4/ A5/ A6/ B7+ H5\ D7\ C8/ B9\ I5\ H7\ H8+ H9+ I8/
LoopTrax_4151146 Riika vs. ypercube : @0/ @1/ C1/ D1/ C0+ D3+ E2/ B0+ F2/ C1/ D5\ E0/ F2+ A1/ B0\ @4+
LoopTrax_4151798 dgb vs. ypercube : @0+ A2+ A3+ A4+ B3+ @3+ C2+ B5+ @3+ D1+ E2\ B2+ F2/ E1+ E0/ F1/ F0/ G3\ E6\ F6\ G5\ RESIGN
LoopTrax_4151897 dgb vs. JiffyJeff : @0/ A0/ A0/ @3\ B4/ A5\ C3+ B0/ @4+ A3\ D7\ RESIGN
LoopTrax_4152029 dgb vs. Goonerg : @0/ A0/ A0/ A0/ @2/ A3/ @3/ D4\ D5\ E1+ E0/ E0/ F1/ F0/ G4+ C1+ F0+ B4+ @4+ A3\ A2+ @4+ A7+ C8/ H6+ J6/ A9/ @7/ E9+ E10/ G10/
LoopTrax_4152035 dgb vs. dingbat : @0+ A0+ B1/ A0+ @3\ D2/ @2\ A1\ @1\ C0/ A4/ B5\
LoopTrax_4152070 dgb vs. stormy rebel : @0+ B1\ B2\ @1/ B0+ C4\ @2\ A1\ B5+ A0/ A5+
LoopTrax_4152234 JiffyJeff vs. Goonerg : @0/ A0/ A3/ @2+ B0\ C2+ C1/ B0\ D5/ A2+ D2+ D1/ C0/ C0/ RESIGN
LoopTrax_4152290 GringoNZ vs. Goonerg : @0/ A0/ B1+ C2/ C3/ @2+ B0\ D1+ E1/ E3+ D0+ C1\ @3\ B2+ B1\ A1\ C0/
LoopTrax_4152295 GringoNZ vs. dingbat : @0/ A0/ B1+ @2\ B0/ D2+ C0/ D2+ E2/ E1/ F1/ D0\ D0+ C2+ B2\ C1+
LoopTrax_4152348 Riika vs. dingbat : @0/ A0/ A3/ @2+ @2\ B4\ @1/ D0/ E1/ C0+ A0\ @3+ F1/ G2+ D0+
LoopTrax_4152357 ypercube vs. dingbat : @0+ A0+ A0+ @2/ C3\ C1+ @2\ B1+ B0\ A1\ @1+ B0/ A5/ C6\ @5\
LoopTrax_4152361 ypercube vs. Goonerg : @0+ A0/ A3\ B1/ B0/ C1/ @4\ B0+ A2\ @4/ A3+ D6/ F5+ G4+ A1\ G1/ C0\
LoopTrax_4152455 Carroll vs. dingbat : @0+ A0+ B2+ A0+ @1+ C2/ @1+ B0/ @2+ B3\ C0/ D0\ B1/ F4\ A3+ C7\ B6+ D8\ E8\ E9\ F9\ G9+ E10+ G5+ H6/ E11\ H4+ E3+ B0\ A1/
LoopTrax_4152517 Carroll vs. ypercube : @0+ A2+ B2+ A0+ @1+ A0+ @2+ B0+ A2+ @3+ A4+ A5+ A2+ E4+ B1+ C0+ F6+ D7/ B1+ D1\ A1\ D8\ E8\ E9\ F8\ A0\ D11+ @2+
LoopTrax_4152542 ypercube vs. stormy rebel : @0+ A2+ B1+ @1/ D1/ C0/ E2/ D3\ C0/ D5/ F3/ D2/ E5\ E6\ G3/ F2/ H6\ G7/ H2/ I2/ G1\
LoopTrax_4152555 Carroll vs. Riika : @0+ B1+ @1+ B0+ A3+ C3+ A4+ @3\ E3\ B1\ E4/ C0+ D2+ @2\ A1\ C0/ C0/ E1+ @4+ G4/
LoopTrax_4152578 Carroll vs. dgb : @0/ A0/ A3/ A0/ B1+ C3/ @2\ @3+ B5\ F4+ F6+ D7+ @3\ @3\ F8/ F9/ G8+ I3\ H8+ I7\ J6+ E0/ B2+ F11+ F12/ F13/ G12+ K7\ L7\ K6+ I10/ H12+ E11+ G14+ RESIGN
LoopTrax_4152595 Riika vs. stormy rebel : @0/ A2\ B1/ @1/ @1/ B3/ E1\ E2\ @2/ A3/ A4+ @4/ C0\ B1\ A4+ @2/ A5/ @4/ A2+ @3\ C0+ A3+ K4\ K5\ K6+ L6\ K2/ L3\ I1/
LoopTrax_4152599 Charlo vs. Goonerg : @0/ A0/ A3/ A0/ @1+ C2+ B0+ @2/ E4+ E6+ @4+ C0/ B2+ C0/ E1/ B0\ F4+
LoopTrax_4152612 Charlo vs. dingbat : @0/ A0/ @2/ A3/ @3+ D1+ A4/ B0/ D5+ A6\
LoopTrax_4152624 Carroll vs. Charlo : @0+ @1+ A0+ @2+ A3+ C3/ D2/ B0\ B0\ C2\ A1\ @3+ @2+ C0+ B6+ D7+ C0\ F3+ C9\ D10/ E10/ E8\ F8\ G9/ B9+ A8/ @6+
LoopTrax_4152688 ypercube vs. Charlo : @0+ A0/ A3\ B1/ B0/ C4+ D3+ @2+ D5\ E4\ F1/ C0/ F5\ G2+ E6+
LoopTrax_4152749 dgb vs. Charlo : @0/ @1+ B2/ C1/ C0/ @2/ E2+ E4+ B4+ C5+ D6/ F3/ B0\ A1\ @1\ @2+ @3\ G8/ E7+ C4+ I6\ J7/ J9\ K7/ E9/ G10+ D9\
LoopTrax_4152790 Carroll vs. stormy rebel : @0/ @1/ @1/ A2/ B0+ B0\ @2\ B0/ B0/ @5\ C7/ @5\ B4+
LoopTrax_4152912 Carroll vs. GringoNZ : @0/ A0/ A0/ B2\ A4/ @3+ B0/ B6/ A7\ A8\ C5+ D1/ D0/ D9+ A1\ E6+
LoopTrax_4152916 GringoNZ vs. Charlo : @0/ A0+ B1\ A3/ @3/ @3+ A4/ B4+ @4\ D0/ D0/ D0/ F5/ G5+ A4+ A3\ @3\ A2\ A6/ @2+ D8/
LoopTrax_4152921 GringoNZ vs. stormy rebel : @0/ A2/ B1+ A3/ @2\ D2/ C4+ C0/ D0\ E4/ F1+ G2/ E0+
LoopTrax_4152956 Traxplayer vs. dawn1968 : @0/ A0/ @1/ B0/ A0/ B5\ C3+ @2/ @1+ A0\ @1\ C0/ C5/ A4+ @3+ @4\ I6\ I7\ J7\ G8\ @4\ G7+ G9/ F7/ E8\ C6/ A2\ A1\ B0+
LoopTrax_4153599 Riika vs. dgb : @0/ A0/ B1/ C2+ A3/ @3/ A4/ E1\ F1\ G1\ E3+ G0/ H1/ A1+ G5\ C0/
LoopTrax_4153677 jaha vs. Goonerg : @0/ @1/ A0/ B3\ C3\ @2/ @2+ D4+ C5+ A3+ @4+ A2/ F2+ F1+ G3+ @4+ B1+ B6+ A5/ @5/ A6/ D7/ B1\ A1+ C0+
LoopTrax_4153684 jaha vs. dingbat : @0/ B1\ B2\ B3+ C2/ B4\ A2+ @2/ @3\ @2/ D4+ D5/ A6+ @4\ F6\ E7/
LoopTrax_4153688 Carroll vs. jaha : @0+ A0/ A0/ A4/ A5/ @2\ C2+ C4+ D3/ A3+ A6\ @6/ C7/ E5+ F2\ E8+ F8\ G3/ F9/ C0/ B1/ F11/ G11/ G8+ H5+ G2/ H2/ I5/ J4\ I6+ H7\ K2+ H11/ J1+
LoopTrax_4153693 jaha vs. Charlo : @0/ @1+ A2\ C1/ C0/ C0+ D3+ A5\ @4+ C6/ B7+ F2\ G2\ F4+ G5+ H3/ G1+ E7+ I4+ H0\ G0/ J6/ I4+ F10/ J1+ H0\ K4\
LoopTrax_4153700 jaha vs. Riika : @0/ A0/ B2/ C2/ @2/ @2/ C3+ E1/ A4/ @4/ F4\ C5+ G3\
LoopTrax_4153737 GringoNZ vs. Riika : @0/ A0+ @1/ A0+ C2/ D2/ D3/ E2/ A0\ @3/ A4/ @4/ E2+ B5+ G1/ B6\ E0+
LoopTrax_4153743 Charlo vs. Riika : @0/ @1/ @1+ @1\ D0+ @2\ F2/ B0+ C4/ B0\ A0/ @5\ B7+ E2/ G3+ G2+ H2/ @5\ @2+ D0/ A8+ I7+ @5/
LoopTrax_4153786 Authority vs. Goonerg : @0/ A0/ A0/ A0/ @3+ C1/ C0/ D4+ E3+ C6+ E6+ F4+ A0+ @4+ F1/ G3+ A5+ B0/ @6\ @5/ B7+ A8\ B4+ A3+ A1+ D0/ @4+ A2\ @6/ B7+ A2+ @2/ D1/
LoopTrax_4153791 Authority vs. dingbat : @0/ A0/ @1/ B3\ C3\ A2/ C4+ D4\ @1\ A0+ A5/ B6/
LoopTrax_4153796 Carroll vs. Authority : @0/ @1/ @1/ D1/ E1+ C0+ D3+ C4+ @2/ B0+ B0/ B0/ A2+ B0+ C1+ @1+ D9\ H6+ H7+ F9+ G9/ I7+ B10+ A7+ @8+ B11+ G4/ B6+ I5\
LoopTrax_4153801 Authority vs. Charlo : @0/ @1/ B0+ @1/ A0/ C4+ C1/ D1/ A4\ A5+ D4/ E3+ F3/ @5/ @5+ D0+ G1+ B2+ B1\ D0/ B0+ A1\ F1+ E0/ H2/ I7/ G1/
LoopTrax_4153806 Authority vs. Riika : @0/ @1/ B2/ B3/ C3/ D3/ D4/ E3/ E2/ A3+ D1/ D0+ A5/ D6+ @4\ C0+ @6/ C7/ A1\ @2+ B0/
LoopTrax_4153812 Authority vs. jaha : @0/ @1/ B2/ C2/ C3/ D3/ D4/ E4/ E5/ F4+ F6/ G5+ G4+ F3/ F2/ F7\ H4+ F1/ I4+ F0+ B1+ D0/ D0+ A2+ D0+ A6/ D0+ G5/ H7+ H10+ E3+ C2+ G4+ B1+ C0+ A9/ A10+ B11/ C12+ D14+ J10+ J11/ K11/ J9/ J8/ J12/ I13+ K13\ L11/ J14/ J15/ H14+
LoopTrax_4153835 Miss Traven vs. Christine : @0+ @1+ B0/ A1\ B0/ A1+ @1\ C0/ D1/ A0\ A0/ @3\
LoopTrax_4153857 GringoNZ vs. jaha : @0/ A0/ B2/ A3+ @3+ D2\ C1/ A1\ A0\ E3+ F3/ G2\ C5/ B1+ G1\ E4/ B6/ A6/ G4/ F1+ E0+ @2\ B1\ D0\ B9/ A9/ @3\ A2\ A1\ F0+ E10\ C11+ F8\
LoopTrax_4153861 GringoNZ vs. Authority : @0/ @1/ A0/ @1/ B3/ A3/ @1/ C0+ @2+ D0/ B5+ @3/ D6/ F1/ G6+ D7+ G1+ E0\ H4\
LoopTrax_4153907 dgb vs. jaha : @0+ A0/ @2\ B0/ C1/ B4/ B0+ D3+ C5+ @4/ A5+ E6/ @5\ B3+ A2+ C6+ G2\ H3/ C7/ A6+ B8+ G1+ E0/
LoopTrax_4153911 dgb vs. Authority : @0/ @1/ B0/ A0+ @3/ A4/ @1+ @2+ B5+ E5+ F2+ B0\ A1\ @1+ C0+ A7+ @7\ E8+ G2/ H1\ A3\ C0/ @6\
LoopTrax_4154151 JiffyJeff vs. Riika : @0+ A2+ @2/ C2\ C3\ D3\ B4/ B5+ A5/ @5/ F4/ A6+ @4+ G6+ RESIGN
LoopTrax_4154175 Carroll vs. JiffyJeff : @0+ A2/ B2+ @2/ D2/ A3+ B4/ C5/ B5/ C6\ D4+ E3\ F3\ G4/ A0/ C1/ C0/ @4/
LoopTrax_4154203 dgb vs. LadyScorp : @0/ B1\ A2+ B2+ B3\ A3+ C2+ @1+ C0/ D2+ E2/ D1/ @2\ A1\ E0/ F1/ A1+ @1\ D0/
LoopTrax_4154256 ypercube vs. LadyScorp : @0+ @1\ C1\ A2\ @1\ @1\ C0+
LoopTrax_4154260 ypercube vs. Riika : @0+ A2+ A0+ A0+ B1+ B4+ @2\ D4/ A4/ @1/ @2+ A1\ C0+ @3/ A6+ @6/ A7/ @7/ E7\ H3+ F6\
LoopTrax_4154264 ypercube vs. Authority : @0+ A2+ A0+ A0+ A0/ @1\ B0/ B0/ C4+ B8+ B9\ C9\ C10\ D10\ A10/ D11+ @9\ B8+ A8+ B6+ A6+ A5\ @5\
LoopTrax_4154268 ypercube vs. jaha : @0+ A0/ A3\ B3\ B4\ C1+ D2+ C5+ @2\ @2\ @2\ E0+ H4/ G2/ G0/ H1/ I4+ I7+ H8\ J3+ J6+ J0/ K3\ F1+ J0/ E3+
LoopTrax_4154409 Charlo vs. LadyScorp : @0/ B1\ A2/ C1\ C0+ D1+ B0/ C0\ C5\ A6/ E4/
LoopTrax_4154767 GringoNZ vs. Traxplayer : @0/ @1/ B0+ @2+ B0/ B4\ D2/ E1\ F2/ B0+ B6\ @3+ D6/ E4+ A0\ @3+ C0/ D1/ G7+ E9/ C8+ B8\ A7/ D10+ I5/ I3/ J5/ K7+ H8+ F9\ F0+
LoopTrax_4154768 Traxplayer vs. GringoNZ : @0/ @1/ A0/ B1+ B3/ C2\ B4\ C4\ @2\ D5/ E3+ F3/ D6/ E5+ F4+ B0/ C0+ E4+ A3+ D2+ C7+ B8\ D9+ E10/ C9+ D11/ C10+ A9\ F9+ G8+ F11\ G10\
LoopTrax_4154769 GringoNZ vs. ypercube : @0/ @1/ A0/ @1/ B0/ @1/ C4/ D1/ D0/ A0+ @2\ @2\ A1\ C0/ F0+ G2/ D0\ C1\ @1+ RESIGN
LoopTrax_4154770 ypercube vs. GringoNZ : @0+ A2/ A0\ @3/ A4/ @1+ @2+ B5+ E2/ F1\ B0\ A1\ A0\ @1\ @4+ G6+ F7\ @4\ F0\ J5\ I7+ I8\ I9\ J8/ K8/ J6+
LoopTrax_4154771 GringoNZ vs. dgb : @0/ A0/ B1+ @2\ @2\ C3/ @2+ @2\ E4+ G4+ @2\ C4+ D5+ B3+ A1\ A0+ @3+ G1/ RESIGN
LoopTrax_4154772 dgb vs. GringoNZ : @0/ @1/ @1/ B0\ B0/ D2/ C1+ C0/ D1/ D0/ RESIGN
LoopTrax_4154773 Traxplayer vs. ypercube : @0/ @1/ A0/ @2/ C3/ D2/ A3/ @3/ A4/ A5+ @5/ B0+ A4+ @4/ @5\ B3+ C0+ C8/ @5+ H2/ RESIGN
LoopTrax_4154774 ypercube vs. Traxplayer : @0+ A0+ A0+ A0+ B2+ A0+ C3+ B5+ @3\ @3\ @3\ E1\ E6\ F6\ G5\ F7/ G7/ H5+ G3/ D0/ I6/ J5\ I7+ G9/ C6\ H3\ D7+ F1+ A2\ @4\ G0/ G0/ H1/ H0/ J1+ F0+ E2\ H0/ I1/ K2/ L5+ M7+ N7/ O6\ D4+ D2/ C4\ A5+ @6\ @5/ E1\ D1\ I0+ F1/ G1\
LoopTrax_4154775 Traxplayer vs. dgb : @0/ @1/ @1/ D1/ B0\ B0+ C4\ C5+ E2+ @5/ C6+ @4\ A3\ A2+ RESIGN
LoopTrax_4154776 dgb vs. Traxplayer : @0+ A0+ B2\ C2\ @2\ D3+ D4/ @2\ F3\ G3\ F2+ D5+ B3+ @2+ F5+ B0\ A1\ G7+ C0+ I5+ J5\ K5\ J4+ I6+ A0\ RESIGN
LoopTrax_4154777 ypercube vs. dgb : @0+ A2+ A3+ B1+ @3+ A1\ @1+ C4/ B5\ @2\ E3/ D6/ B3+ @3\ C0/ C0+ B2+ G4\ B6+ D9+ F6+ F9+ G8\ H4\ H7+ I7\ @6/ C9/ D10\ J3/ H2+ K4\
LoopTrax_4154778 dgb vs. ypercube : @0/ B1/ B0\ C1\ A3+ B4+ B5/ C0+ B0/ A2+ B0/ D1+ E1\ D7+ E6/ F6/ F5/ F4/ G6+ F7\ F8+ F9/ H4/ H3/ H2+ I4+ D0/ RESIGN
LoopTrax_4160095 Kaisa vs. ypercube : @0/ A0/ B2/ A3+ C2/ @3/ A2+ D4+ E2/ E1/ F4+ G2+
LoopTrax_4160101 Kaisa vs. Goonerg : @0/ A0/ @1/ A0/ C2/ D3+ D4\ E4\ B5+ C6+ F5/ G5/ D7/
LoopTrax_4160117 Carroll vs. Kaisa : @0/ @1/ @1/ A0/ @2/ C1/ D1/ @2/ A3/ B0+ @1+ @2+ B5\ B0\ A2\ @6+ C7\ A2\ A1\ @4\
LoopTrax_4160121 Kaisa vs. Charlo : @0/ @1/ B2/ C1+ B3/ A0+ A0/ A0/ C3+ B0+ @3/ A6\ @6+ A7/ A2\ @5/ B1/
LoopTrax_4160125 Kaisa vs. Riika : @0/ A0/ B2/ C2/ A3+ C1+ A4/ A5/ A0/ @5+ @6\ B7\ F2/ D5+ C8+ G2+ E1+ B3\ A3\ @5/ C2+ E0/ E0/ E0/ @7+ B11+ A10/ @10/ A11/ C12\ B5\ C4\ A5/
LoopTrax_4160129 Kaisa vs. jaha : @0/ @1/ C1/ D1/ B0/ D1/ E1/ @2+ C0+ C4+ G4+ D5+ E0+ H4\ F7+ I3/ I2+ I1\ G2+ @4\ B1+ E0/ I8\ J8+ I9/
LoopTrax_4160136 Kaisa vs. Authority : @0/ A0/ B2/ B3/ @2/ A3/ D2/ @1+ B0\ F4/ B0/ A1/ RESIGN
LoopTrax_4160277 dgb vs. Kaisa : @0+ A0/ A0/ @1/ C1/ B4/ B0+ B0+ @3\
LoopTrax_4160722 jazzbeth vs. Goonerg : @0/ @1/ B2/ A0/ A3/ C3/ C4/ C5/ D3\ @3+ C4+ E5\ D6/ E2+ F5+ C1/ B6/ A6/ C7/
LoopTrax_4160730 jazzbeth vs. dingbat : @0/ A0/ @1/ C2\ C3\ D1/ B0/ @1\ C0+ @3/ C4/ G3/ B5/ A5/ A6/ @6/ B1/ C0+ H7+ I5/ @7+ C8+ F6/ F7+ D9/ C10\ B9+ K7\ J8/ J9/ B11/ A10\ F11+ B12+ G9+
LoopTrax_4160735 Carroll vs. jazzbeth : @0/ @1/ @1/ A0/ A0/ C2/ D3/ D4/ E3/ B4/ C1+ C5\ E2/ @2+ D6/ E5\ D0\ E1+ E8/ G5+ G6+ H6\ G2+ B0+ I7\ H4+ D1+ F1+ I3+ E10+ B0/ G9+ D10+ F1/ F0/ H1+ H11+ I1/ I0/ J7/ J5+ J4+ K6\ J1/ K1/ I0+
LoopTrax_4160741 jazzbeth vs. Charlo : @0/ @1/ B2/ C2/ C3/ D3+ D4\ E3/ D5+ E1/ F3/ E0+ D0+ D8/ B6+ F7\ G5+ G4+ A5/ @5/ H3+ I5/ G1/ D0/ H3/
LoopTrax_4160747 jazzbeth vs. Riika : @0/ @1/ B2/ B3/ C1/ B0+ @1+ D0\ A4/ E1/ @4\
LoopTrax_4160757 jazzbeth vs. LadyScorp : @0/ B1\ A2/ A3+ @1+ @1/ A0/ D3+ @1+ B4/ A4/ @4/ @4+ B5+ A1\ A5+ C0+
LoopTrax_4161028 Goonerg vs. stormy rebel : @0/ A2\ B1/ @1/ A0/ A0/ @3/ @3/ D2+ D0/ E1/ F3\ C6+
LoopTrax_4161033 Goonerg vs. dingbat : @0/ A2\ B1/ @1/ C2\ D1/ A0/ B1+ C4+ D4\ E2/ F2+ @1\ A0/
LoopTrax_4161044 Goonerg vs. Riika : @0/ @1/ B2/ C1/ C0/ C0+ B0/ @2+ A5/ @5/ E6+ F6\ G3/ F1+ G7/ H7+ G1+ G0+ D1/ E0\ A3/ F10\ I10/ D0/ H3/ D11/ C11/ E12/
LoopTrax_4161049 Carroll vs. Goonerg : @0+ A0+ B2+ @1/ D2+ C3/ B4\ C5/ D5+ C1/ E3+ B0+ B7\ F5/ A6+ A8/ @3/
LoopTrax_4161199 Authority vs. LadyScorp : @0+ @1/ C1/ B0+ C3/ C4\ D2/ C0/ A5/ A6/ @5\
LoopTrax_4161554 GringoNZ vs. LadyScorp : @0/ B1\ A2/ A0/ C2\ A4/ @3+ D3\ A0\ @2/ E1/ F2\ D0\
LoopTrax_4161558 ypercube vs. GringoNZ : @0+ A2/ B2+ B3/ A0\ @3/ A4/ @4/ E3/ C5\ @3+ @3\ C0+ B0\ F4/ @2\ B1+ C0/ D2+ F3+ H3+ H2+ I2/ @4+ I1\ G1+ J0/ K1/ G1\ E2+
LoopTrax_4161566 dgb vs. GringoNZ : @0/ @1/ B0/ C2/ B3\ B4/ A4+ B5/ C5\ B6/ D3+
LoopTrax_4161636 Kaisa vs. GringoNZ : @0/ @1/ B2/ C1/ D1/ B3+ E1+ E0/ D1+ E0/
LoopTrax_4161837 balmoral vs. Charlo : @0+ A2/ A0\ @3/ C2\ A4+ @2+ @2\ C5\ F3/ E1+ E0/ A1+ E0/ G4\ H7+ E8+ H1/ H9\ I5/
LoopTrax_4162010 ypercube vs. jazzbeth : @0+ B1/ @1/ B2/ B3/ C2+ C4/ B4+ D1/ D3+ @1/ D0+ C0/ B4+ @4\ B5+ G3/ D0/ E8/ H5+ I5/ J5/ K5/ H3+ K2+ L5/ F9\ G7+ C8\ B8\ C9+ D10/ A9/ A10/ @8\
LoopTrax_4162596 dgb vs. jazzbeth : @0/ @1/ @1/ C0/ @1+ D0+ C0/ B0+ B0/ E4/ E5+ F4+ E7\ F7\ G4\ C8+ A8\ D2+ A9/ @7/ F9+ F10/ H9\ H10\ I7\
LoopTrax_4162944 Kaisa vs. jazzbeth : @0/ @1/ B2/ C2/ B0/ @1/ C4/ D1/ D0/ E3\ E5\ C6+ F3+ B5/ G1/ E0+ G6\ F7/ H4+
LoopTrax_4162973 GringoNZ vs. jazzbeth : @0/ @1/ B0+ B0/ @3\ B4/ @3\ E3+ F3/ E1/ A5/ @3+ C6\ D6\ G6+ E7/ H4/
LoopTrax_4164432 Authority vs. jazzbeth : @0/ @1/ A0/ @1/ A0/ @1/ A0/ C2+ D2/ C5\ E3+ D1/ F1+ G1\ G0\ G4\ H4\ F5+ F6/ H2+ H6\ F7/ I6/
LoopTrax_4164567 ypercube vs. JiffyJeff : @0+ A2/ A0\ @3/ A4/ @2\ @2+ A1\ C0/ C6/ @6+ RESIGN
LoopTrax_4164842 Linda Sue vs. Judy : @0+ @1\ B2/ A3/ @2\ C0+ D2\ D1+ E2\ F3\ E4+ C5\ A2\ B0\ C1+ C0+ D1/ C8/ B8/ E7\ F6\ @3\ A2\ H6\ H7\ I5/ I4/ G4/ I3/ H2/ D0\ A2\ @2\ A1\ D0/ @2+ A1\ H1/ H0/ A7+ @6/ E9+ M6\ D8+
LoopTrax_4165037 Charlo vs. JiffyJeff : @0/ @1/ B0+ B3\ C2/ D2/ B4\ @3\ B0+ D5\ B6+ @3/ @1+ C0/ A7+ RESIGN
LoopTrax_4165156 Authority vs. dgb : @0/ A0/ @2+ C1\ B0\ @3\ C4/ C5/ @2/ E4\ B4+ C6+ A6\ @6\ D7/ C1+ @4+ C8+ D9/ D10/ B9+ A6+ E9+ F6\ G6\ D11/ @8+ C12/ B11\ F12\ G9\ E13/
LoopTrax_4165164 ypercube vs. jazzbeth : @0+ A2+ A0+ A4+ B2+ B3+ C3+ C2+ @3+ A2+ D1\ D4\ E2/ C5/ D6\ E5+ C7/ B7/ A5\ C8+ F5\ E6\ F1/ D0+ F5+ G2\ F3\
LoopTrax_4166294 GringoNZ vs. JiffyJeff : @0/ @1/ A2+ B3/ B0/ C3\ D3+ D4\ C5\ D0\ @2\ A1\ C7/ B7/ A7/ @5/ A7/ RESIGN
LoopTrax_4166748 Traxplayer vs. dingbat : @0/ A0/ @1/ C1+ B3\ D1+ B0/ E2+ B0+ @3/ B4+ A0\ @3+ @4\ @4\ @3/ D5+ H2+ B2+ D1+ @5/ B6/
LoopTrax_4167062 Phil The Hat vs. Charlo : @0/ A0+ B2/ A3/ @3/ @3+ D4+ E2/ D0+ @4/ B1/ A1+ @4/ C0+ E2+ D1/ A1\ B0/ D8/ C7+ E9\ G8+ H8\ H9\ H3/ I6+ H2\
LoopTrax_4167072 Phil The Hat vs. dgb : @0/ @1/ B2/ C2+ @1/ E1\ F2+ E0/ F1/ A1+ A0/ A4/ C5+
LoopTrax_4167106 Phil The Hat vs. dingbat : @0/ A0/ B2/ B3/ B4+ C4+ C5\ D5\ D3+ C6+ B6/ A6+ A7/ B7+ D1/ E1/ E0/ C0+ A2+ @2\ F4+ G2/ A9+ A10/ H2/ G5+ G0/ I4+ J6\ J7\ K5/ K4/ L4/ L3/ K2+ J1/ F0\ A8+ @8\ A10\
LoopTrax_4167373 Phil The Hat vs. ypercube : @0/ @1/ B2/ C2/ A0/ @2/ A3/ E3/ @3+ D4+ F2/ B5/ A5/ F5\ G2+ D6+
LoopTrax_4167712 Phil The Hat vs. jazzbeth : @0/ @1/ A0/ @1/ B0+ B4\ A3/ B0/ D4+ C3+ E4+ @4/ C6+ A1\ F5/ B0/
LoopTrax_4167951 Phil The Hat vs. Kaisa : @0/ A0/ B2/ A3/ A0+ B1/ A5/ C1/ C0\ C6+ D3/ B7+
LoopTrax_4168758 Phil The Hat vs. GringoNZ : @0/ @1/ A0/ B3/ @1\ A0\ A0+ @4+ B0+ E5/ A6+ @6/ A4+ C7/ F4/ F7\ D8\
LoopTrax_4170280 GringoNZ vs. Traxplayer : @0/ @1/ B0+ A3+ C2\ B4/ @2\ @2\ B3+ C5/ B4+ C6/ E4/ C0/ A2\ F3\ G3\ D6+ C8\ B8\ A7/ @8\ D9\ A3+ @3/ @4\ I6+ A2\ RESIGN
LoopTrax_4170281 Traxplayer vs. GringoNZ : @0/ @1/ A0/ B3/ C2\ B4/ @2\ B4+ @3\ D1/ F1\ E0+ C6/ C1/ C0+ C8/ E5+ E1/ E0+ B3+ A3/ D0/ G4/ F6\ B2/ B1/ D0/ E0\ F3\ G4/ H7\ C1\ A4+
LoopTrax_4170282 GringoNZ vs. ypercube : @0/ @1/ B0+ B0+ @2/ B4+ D3\ C5/ C0\ E4\ B1\ D5+ F5/ G5/ H5/ F3+ H6+ B7\ A7/ A8/ D1+ E0\ E8+ C9/ C10/ H3/ F9+ E0\
LoopTrax_4170283 ypercube vs. GringoNZ : @0+ A2+ A0+ A0+ B2+ @4\ C4\ @4\ C5+ E2/ @4\ B5\ @4+ G3+ H2/ H1/ H0+ I1/ J1/ I2+ J3+ D1/ G0/ H0+ E1+ K1/ H0/ K6+ L4+ L2/ M5/ J8+ I9+ K7+
LoopTrax_4170284 GringoNZ vs. Lorraine of the Renegades : @0/ B1/ A0/ B3/ C2/ A0\ @1\ A2+ A0/ A5/ @3/ @2\ A1\ C0/ D1/ E3\ C0+
LoopTrax_4170285 Lorraine of the Renegades vs. GringoNZ : @0/ @1/ A2+ B0\ C3\ B4/ D2/ D1/ D0/ E1/ E0/ E6\ A2/ F5\
LoopTrax_4170286 Traxplayer vs. ypercube : @0/ @1/ A0/ @1/ A0/ @2/ A0/ D3/ D2/ E2/ E1/ A4/ A5+ D6+ F5\ G5+ G6\ E7/ @2+ A0+ @5/ A6/ A1\ @1+ D0+ A1/ H10/ D0/ @3/ I0/ J1+ F0\ E1/
LoopTrax_4170287 ypercube vs. Traxplayer : @0+ A0+ B1+ A0+ C2+ @2+ B4/ A4+ B0\ C4+ @5\ A2/ @2+ B1\ B0+ B0/ D2+ E3+ B8\ C9/ C10/ A7+ @10+ D11/ E8+ @9+ B5\ G7+ H8/ A6+ @7\ @7\ B5+ @6+ C4\ B3/ @3+ C2/ C8+ B8/ A8+ RESIGN
LoopTrax_4170288 Traxplayer vs. Lorraine of the Renegades : @0/ A0/ @1/ B3\ C1+ A2+ B0\ A1+ B0/ C1/ C0/ D1/ B7/ A7/ A1\ @3/ B0/
LoopTrax_4170289 Lorraine of the Renegades vs. Traxplayer : @0/ @1/ A2/ B3+ C3\ D3+ D4\ D0/ E2\ A1\ A0+ @3\
LoopTrax_4170290 ypercube vs. Lorraine of the Renegades : @0+ @1/ C1+ @1/ E1+ @1\ D0\ D0/ C4+
LoopTrax_4170291 Lorraine of the Renegades vs. ypercube : @0/ @1/ A0/ C2/ @1\ A0\ @3/ A4/ C1+ D1/ B0\ F2/ F1/ C0+ C6+ F6\ E0+ G6/
LoopTrax_4174484 Rogue Trooper vs. Riika : @0+ A0+ B1+ A0+ C2+ C3+ @1/ D1+ E3/ A0/ B0\ @2+ D1/ E0\ E7/
LoopTrax_4175942 jazzbeth vs. JiffyJeff : @0/ @1/ B2/ A2/ A0/ @1+ C1+ @2/ @2/ D0/ A2\ @1/ D0+ D0/ D0/ B7\ G5/ H5/ G3+ E8/ F1/ G0\ E10/ G9+ B10/ RESIGN
LoopTrax_4176279 Phil The Hat vs. stormy rebel : @0/ A2\ B1/ @1/ B0+ B4\ @4/ B5\ A1\ @3/ C0\
LoopTrax_4176293 Phil The Hat vs. LadyScorp : @0/ A2\ B1/ B0/ A0/ C2\ B4\ C4\ D4/ B1+ D2/ D1/ D5/ E3/ E4+ E2+ A6+ @3/ F6\ F7+ G5\
LoopTrax_4176663 davidmilne vs. Goonerg : @0/ @1/ A2+ @1\ C0+ B0/ C0\ A2+ D1/ B0/ D6\ E4+
LoopTrax_4176668 davidmilne vs. dingbat : @0/ A0/ B1/ C2+ A3/ A4+ @2+ E1\ F2/ G2/ E3+ D5+ F0+ @3/ I1/ H0\ I5\ H6\
LoopTrax_4176683 davidmilne vs. Riika : @0/ @1/ A2+ B0+ C3\ C4\ @3\ E2+ D1/ D0/ E1/ F1/ F0/ G3\ H3+ H4\ F5+ G6+ E7/ E8/ C6+ I3/ C9/ F0/
LoopTrax_4176689 Carroll vs. davidmilne : @0+ A2+ @1+ A0/ C1\ D2/ C0+ B0/ A2+ E3\ D1+ F3\ E5+ E6/ G1+ RESIGN
LoopTrax_4176704 davidmilne vs. LadyScorp : @0/ B1\ A2/ A0/ @2+ @2+ E2+ C0/ E4\ C5/ D0\ F6\ D7+ A6/ A7/ B8/ B0\ A2/ E1/ E0+ F2\
LoopTrax_4176709 davidmilne vs. stormy rebel : @0/ A0/ B1+ @1\ B0/ B0/ A2+ @3/ E2+ C0/ C0/ C7/ E0/ F2\ B1\ A2/ C0/
LoopTrax_4176712 davidmilne vs. stormy rebel : @0/ A0/ B1+ A3\ B0\ @2/ @2+ B3/ C5\ C6+ B0+ @3/ A2+ @3+ E0\ A5/ C6+ D0/ B9/ B10/ A8\
LoopTrax_4176873 Riika vs. Lorraine of the Renegades : @0+ A0+ B1+ B0/ C2+ C3\ A4/ C0/ D2\ C5+ B6\ @5+ A6/ C7\ D8/ F4\ E6+ G3/ G2/ F1/ G5+ H3\ H4+
LoopTrax_4177113 Carroll vs. Phil The Hat : @0+ A2+ @1+ B0/ C3+ B4/ @2+ A3+ E3+ E2+ C0/ D0\ B1/ D0\ E2/ A1\ A0\ @3/ A4/ @4/ B6\ A6\ D9\ @1\ A0+ D1\ C0/ @6/ A7/ @7/ C8/
LoopTrax_4177626 jaha vs. LadyScorp : @0/ B1\ B2\ C2\ D2+ C3+ C4\ A3/ A4/ A5/ A6\ C6\ D4\ @4/ B0/ F1/ F0+ F0\ E1\ G3\ F8\ F9\ @6+ H4+ G6+
LoopTrax_4177915 Phil The Hat vs. Authority : @0+ A0+ B2\ @2/ C3\ D3\ D4\ B0+ C1/ E5+ @4\ @4+ D0\ D0\ C4\ B2+ A3\ E0/ F3+ B1\ C0/
LoopTrax_4177919 Authority vs. JiffyJeff : @0/ @1/ B2/ A0\ @2/ B3/ B0\ D4+ B5/ E4/ F4/ G4/ H4/ C0+ D1/ F3+ H6+ C7+ E1/ E0/ F8+
LoopTrax_4178989 Charlo vs. jaha : @0/ A2/ B1+ A3\ C2/ A0/ A0/ C2+ D2/ A0/ C0+ B7+ E4+ B0/ @4+ B2+ F2/ F1/ F0/ F0+ G3+ @8+ I5+ A4+ @4/ B10/ A8/ D11/
LoopTrax_4179618 jaha vs. jazzbeth : @0/ @1/ A0/ @1/ B3+ D3/ C4+ C1+ A3/ E3/ D1\ C5/ D5+ E1\ B0+ C7/ C1/ A5+ F1/ C0/ F7\ G2+ E8\
LoopTrax_4179714 Charlo vs. JiffyJeff : @0+ A2/ A0\ @3/ C3/ D2\ A0/ A5+ @3+ @3/ @3/ @3/ C2+ @2+ A1\ A0+ @3+ B0\ B0\ G3/ C2+ H9/ E8+ I4/ B8/ A6/
LoopTrax_4180862 jazzbeth vs. stormy rebel : @0/ A2\ B1/ A3+ B3/ C3/ D3/ C4+ C5/ E3+ E5\ C6/ F5/
LoopTrax_4182210 Phil The Hat vs. Riika : @0/ @1/ B2/ B3+ C3\ A0\ @2/ E4+ F2+ F1/ F0+ G3+ F0\ G1\ H2/ A5/ D7/ @4+ B3\ B2\ A3\ @3\ A2\ A1+ @2\
LoopTrax_4182784 dingbat vs. Riika : @0/ A0/ @1+ A0+ @3\ D3\ C4/ B0\ E4+ D2+ C1+ @5/ B6\ G2/ G1/ E0\ E0\ G0+ H2+
LoopTrax_4183412 Authority vs. stormy rebel : @0/ A2\ B1/ @1/ @2\ B3\ A0+ @2/ @1\ A0\ A5/ A6/ @4\
LoopTrax_4183570 Charlo vs. stormy rebel : @0/ A0/ @2+ A3\ C3+ B0/ B5+ D4/ E2+ A0+ @2+
LoopTrax_4186706 GringoNZ vs. Kriistina Jean : @0/ B1\ A2/ @2/ B0+ @2/ E2/ E1/ F1/ C0/ E0+ G4+ E5/ D6+ G1/ H2+ F0/
LoopTrax_4186706 GringoNZ vs. Sutik Ansalewit : @0/ B1\ A2/ @2/ B0+ @2/ E2/ E1/ F1/ C0/ E0+ G4+ E5/ D6+ G1/ H2+ F0/
LoopTrax_4186707 Kriistina Jean vs. GringoNZ : @0+ A2+ A0/ A4\ B2+ B4\ B5\ C5\ C6\ D6\ D7\ E7\ E8\ F5+ C9+ F1/ @6+
LoopTrax_4186707 Sutik Ansalewit vs. GringoNZ : @0+ A2+ A0/ A4\ B2+ B4\ B5\ C5\ C6\ D6\ D7\ E7\ E8\ F5+ C9+ F1/ @6+
LoopTrax_4186708 GringoNZ vs. Traxplayer : @0/ @1/ B0+ @2+ A0/ A0/ C5/ D4+ B1/ B5+ B6/ C6+ A5+
LoopTrax_4186709 Traxplayer vs. GringoNZ : @0/ @1/ A0/ B1+ B3/ C3/ C4/ D3/ @2\ E2/ D0+ B4/ C5+ F3/ G2+ H2\ @4\ B2+ C1\ D6/ D7/ G0+ F7+ H6\ G8/ D9/ I6+ H7+ I2+ J1\ K5\ K6\ I8/ C1\ RESIGN
LoopTrax_4186710 GringoNZ vs. dgb : @0/ @1/ A0/ @1+ B3+ @2\ @1/ B0+ @2/ B4/ C0/ B1+ B6+ D1+ B7/ B8/ C7+ F6+ A7\ @8/ A9/ A1\ B0+ B7\ @7\ B6\
LoopTrax_4186711 dgb vs. GringoNZ : @0+ A2+ B2\ B3\ @2/ @2/ E3/ F3/ E4/ E5/ G5+ F6\ F2+ D1+ H3/ H2/ I2/ I1/ C0/ E1+ E0/ G2+ I1/ J1/ D0\ C1\ B1+ D0+ @3\ A2\ A9+ A10/ @7\
LoopTrax_4186712 Kriistina Jean vs. Traxplayer : @0+ A0+ A0/ A4/ @3+ C2+ C3\ D2+ A1+ B5+ B0+ D6\ D7\ E4\
LoopTrax_4186712 Sutik Ansalewit vs. Traxplayer : @0+ A0+ A0/ A4/ @3+ C2+ C3\ D2+ A1+ B5+ B0+ D6\ D7\ E4\
LoopTrax_4186713 Traxplayer vs. Kriistina Jean : @0/ B1+ C1/ B0+ B3+ A1+ @2+ B4+ B5/ A5/ @2+ D4+ E3\ F3+ F1/ G2+ E0/
LoopTrax_4186713 Traxplayer vs. Sutik Ansalewit : @0/ B1+ C1/ B0+ B3+ A1+ @2+ B4+ B5/ A5/ @2+ D4+ E3\ F3+ F1/ G2+ E0/
LoopTrax_4186714 Kriistina Jean vs. dgb : @0+ A2+ A3\ @3/ B4\ @3/ D2+ D5/ C0/ D1/ D0/ E4+ E5\ A4\ F4+ @5\
LoopTrax_4186714 Sutik Ansalewit vs. dgb : @0+ A2+ A3\ @3/ B4\ @3/ D2+ D5/ C0/ D1/ D0/ E4+ E5\ A4\ F4+ @5\
LoopTrax_4186715 dgb vs. Kriistina Jean : @0/ B1\ A2/ @2/ A0+ @3/ B0/ C5+ D4\ E4\ E5\ C6/ @6/ B7+ @5\ B4+ A7/ B8+ @7\
LoopTrax_4186715 dgb vs. Sutik Ansalewit : @0/ B1\ A2/ @2/ A0+ @3/ B0/ C5+ D4\ E4\ E5\ C6/ @6/ B7+ @5\ B4+ A7/ B8+ @7\
LoopTrax_4186716 Traxplayer vs. dgb : @0/ A0/ @1/ A0+ C3/ A0/ C2+ D1\ E1\ B0\ B0+ B7/ @3\ @3\ E8/ F8+ H3+ H7\ H8\ I1/ I0/ I9\ RESIGN
LoopTrax_4186717 dgb vs. Traxplayer : @0+ A0+ B2\ @2/ B3/ C4/ D3+ C5\ B4+ A3/ @3\ @3\ B4+ E6\ A2\ A1+ B5/ RESIGN
LoopTrax_4186718 ypercube vs. Authority : @0+ A0+ A0+ A0+ B1+ B4+ @4\ @3/ B1+ C0+ @3\ A2\ A1+ @3+ @4\ D6+ D7\ E8/ C0\ C0\ D11\ F9+ G10+ C9+ C7+ E2/ D1+ D0/ F2+ D0/ G3+ C0\ B1+ F1/ C0\ G2\
LoopTrax_4186719 Authority vs. ypercube : @0/ @1/ C1/ A0/ C1/ @1/ A0/ @2/ E1+ E0/ E0/ D2+ E0+ @3+ A2\ @5/ C6/ A2\ D1+ @4\
LoopTrax_4186720 ypercube vs. jazzbeth : @0+ A2+ B2+ B1+ C1+ C2+ D2+ A0\ A0\ B2+ E4+ E3+ E2+ C2+ F3+ F4+ A0+ B0+ C1+ C7/ C0\
LoopTrax_4186721 jazzbeth vs. ypercube : @0/ @1/ B2/ C1/ C3/ @1/ D0/ A3/ A4/ @2+ E0+ @5/ C6/ A1\ E0/ @4+
LoopTrax_4186722 ypercube vs. Riika : @0+ B1+ C1+ B0+ D2+ A1+ B3/ B0/ A5\ B0\ A1\ @1+ A0\ A0+ D8\ F7/ D5/
LoopTrax_4186723 Riika vs. ypercube : @0+ A0+ B1+ A3+ B3+ B0+ B0\ A6/ C1\ D1\ E1\ @3/ D4\ C0\ B1+ G1/ E0+ G6+ G7+ F8\
LoopTrax_4186724 Authority vs. jazzbeth : @0/ @1/ @1/ A0/ @2/ C3\ C1+ A4+ E1\ D0+ @5/ C1+ C0/ E6+ G3\ H4/ H1+ I1+ E0+
LoopTrax_4186725 jazzbeth vs. Authority : @0/ @1/ B2/ C2/ C3/ A2+ @2/ @2/ B1+ A3/ @2\ C4+ G3+ C5/ C6/ D5+ @2+ @2+ E7+ H5/ G6+ J3\ K4/ J2+ K5\ L3\ K6+ J7+ F8+ F9+ I9+ M3+ J1/ I0+ K1+ E10/ H11+ C6+ D8+ D9/ B6/ A6/ @9+ D10+ A4+ @8/ H1+
LoopTrax_4186726 Authority vs. Riika : @0/ A0/ A0/ A0/ B2+ @4/ A5/ @2+ @3+ C0+ A1+ E7\ F6/ E8+ @2\ D0/ A7/ @3\ @4+
LoopTrax_4186727 Riika vs. Authority : @0+ A0+ B1+ B0+ C1+ C0+ D1+ C0+ @4+ B6+ A6+ @6\ D6\ B7+ B8\ C8\ D8\ E6+
LoopTrax_4186728 jazzbeth vs. Riika : @0/ @1/ B2/ B3+ C1/ D1+ B0\ @2\ B1+ E1+ B0/ F2\ G3/ H3/ B4/ C6/ A1\ C0\ @3/
LoopTrax_4186729 Riika vs. jazzbeth : @0/ @1/ C1/ C2/ D1/ B0\ B0+ C5+ B5+ A1\ @3/ F3/ E0+ B1/ B0/ @3/ A4+ H2+ I3/ H1+ G0/ G0\ H9\ F10+ I8+ J8/ C2+ I2\ J3/ A4\ @5/ L3/ I1+ G1+ K4+ L5/ C3+ L7\ M4+ N3\ J10+ H11/ K10\ K11\ K12\ L10+
LoopTrax_4192220 jazzbeth vs. Rogue Trooper : @0/ A0+ A0\ @3/ @3+ C4+ D3/ A4+ D5/ E3/ F3/ F1+ E0+ B1+ G4/ F1/ B0/ F1/ F0+ F0\ H9+ H5+ G10+
LoopTrax_4192495 Authority vs. Traxplayer : @0/ @1+ @1\ A0\ @1\ A0\ @1\ D0+ D5/ D6/ E6/ E7/ C0/ @2+ @2+ H5+ H7+ I6+ J6+ H9/ I8+ I5/ I4+ B0\ A1\ D0/ @4/ E0+ E0/ D1+ F2+ G4+ C11+ F12+ B11+ @6/ F13+ L12\ C13/ F14/ @9+
LoopTrax_4192678 Phil The Hat vs. jaha : @0/ A0/ @1/ B0+ @1/ D1\ D0\ C0/ C0/ E5+ D0\ B4+ @5/ B6+ A7\ @5/ @6+ @6\ I3+ G8/ J7/ E9/ D9/ J9\ F10\
LoopTrax_4194740 Goonerg vs. LadyScorp : @0/ @1/ C1/ @1\ C0+ C0\ B4/ A1\ @2+
LoopTrax_4194863 jaha vs. stormy rebel : @0/ A0/ A0/ A4\ B2+ C2/ D1\ E2/ D3+ C4\ F3+ D5/ A0/ @4\ A3+
LoopTrax_4195377 davidmilne vs. JiffyJeff : @0/ @1/ A2+ B3/ A4\ @2/ D4+ E4/ F1+ F0/ C1+ B0/ G2/ F0/ G6\ H5/
LoopTrax_4195794 Phil The Hat vs. JiffyJeff : @0/ @1/ B2/ C2/ B3/ D3/ E3+ C4/ F3/ G3/ F4+ B4+ A4\ D2/ D1+ C5/ D6+ F1/ C0/ G6+ H3\ I4/ I2+ G0+ @2\ A1\ K7+ K8\ K9+ L8/ @2+ D1+
LoopTrax_4196059 JiffyJeff vs. Rogue Trooper : @0/ A0/ @1/ B0/ C1\ A3+ A4/ A5/ C3/ @5+ B0+ A1\ @4/ A3+ D0\ D6+ C8\ F3\ F6/ G5\ H5/ A6/ @7\ @7\ D0/ C2+ @5+ C4+ @5\ A6+ C9\ H1+ I3+ J2+ K2/ L3+ M3/ L1+ N3/ K0+ B4\ E1\ D1\ C3+ A4\ @4\ O1/ M0/
LoopTrax_4196196 dgb vs. jaha : @0/ A0/ A0/ A0/ @2/ @2+ A3/ D4+ E3+ C5/ @5+ A6/ F0/ G1+ B1+ F0/ G4\ H2/ A3+ B1/ A4+
LoopTrax_4196233 Charlo vs. jazzbeth : @0/ @1/ A2+ C2/ @2/ @2/ D0/ C4/ D4+ E1/ B2+ C0\ C0+ B1\ A1\ @1+ C0+ C0/ G7+ G9\ H9\ G4+ H4+ E1/ C0/ B2+ I10/ F11/ H9/
LoopTrax_4196234 jazzbeth vs. Charlo : @0/ @1/ B2/ C2/ C3/ D2+ A2/ D4+ E3+ C1/ B3/ D5/ F4/ E5+ D6/ A5+ C0/ E2\ @2+ A0+ H6/ F1/ G3+ D0/
LoopTrax_4197579 Carroll vs. LadyScorp : @0/ A2+ A3+ A4\ @4/ A5/ B0/ B6\ B7+ A7+ B8+ A8+ B9+ C4+ C1+ B0\ A2/ B11/ A11/ @11+ C12\ D11/ A6/ D9+ E7+ A8+ @7/
LoopTrax_4199450 Phil The Hat vs. Goonerg : @0/ @1/ B2/ A0\ @2/ D1\ A3/ C0+ A2\ @3/ F2\ E5+ F0/ G1/ B1\ G5+ D0+
LoopTrax_4202578 jaha vs. JiffyJeff : @0/ @1/ A0/ @1/ A0/ B1/ B4/ A4/ @3+ D1+ B0+ B0/ B0/ A2+ B0+ D4+ @5/ @3/ B8/ C9\ G4\ B6/
LoopTrax_4203499 Rogue Trooper vs. Uncle Chuckie : @0+ B1/ B0/ @1/ D1+ B3/ @1/ D0/ @4/ B5\ A1\ F4\ A0/
LoopTrax_4203923 Riika vs. LadyScorp : @0+ @1\ @1\ C0+ D2\ @1\ C0/ B4/ A4/ @2\ A1\ B0\ @3+
LoopTrax_4207453 jaha vs. Dragon101 : @0/ A0/ B2/ C2/ @2+ E2\ C3+ C4/ B5\ D4+ A5/ B6\ E1/ F1/ @3+ F0\ E1\
LoopTrax_4209188 Dragon101 vs. jazzbeth : @0/ @1/ A0/ B1/ C2/ C3/ C4/ D4/ A3+ @1/ @1/ F3/ A0+ C0+ B5+ E1+ F2/ G2+ G5+ C6/ D7\ H6/ C8/ B8/ A5/ @5/ I8\ H9+ J8/
LoopTrax_4209222 Charlo vs. ypercube : @0/ @1/ B0+ @1/ A0/ A3/ C4/ D2\ A4/ @4/ D5+ C6+ F3+ @6/ D7/ A1\ @2+ B0/
LoopTrax_4212582 Charlo vs. Traxplayer : @0/ @1/ C1/ D1/ B2+ A0+ B0+ E2+ B5/ B6/ D5\ E3+ C6+ @3+ @3+ B4+ A4/ H2\ E0+ I3\ H5+ F0+ F0\ @7+ D4\ E10+ B4\ RESIGN
LoopTrax_4216699 Rogue Trooper vs. jazzbeth : @0+ A2+ B2+ B3+ A0/ A4/ @1/ @1/ C0+ D2+ B4+ @2/ B5+ F3/ A0+ @3/ G2\ H4/ F1/ C0+ G7+ H1+ I4+ F1+ E0+ G1/ H0\ J4+ @6/ @4+ B3+
LoopTrax_4216767 Traxplayer vs. DavidJ : @0/ B1\ A2/ @2/ B0+ C3+ A4/ @4/ D5+ B6+ @5+ B0\ A3+ D1/ D0/ @4/ @4/ @7+ B8/ B9/ A9/ @7\ C3\ D2/
LoopTrax_4218833 Riika vs. Zugzwang : @0+ move
LoopTrax_4220528 dgb vs. ypercube : @0/ @1/ A0/ @1/ B0/ C1/ D1\ D0\ E2\ D0+ D0\ A6/ C2+ D0\ E2+ @3+ C2+ C0+ B1\ B0\ A2\ @2\ A1\ RESIGN
LoopTrax_4220635 Authority vs. Charlo : @0/ @1/ A0/ @1/ A0/ @2/ A3/ @3+ @3/ A2+ @2/ B0+ E0\ E0\ D7/ D8/ A7+ E0\ D3+ F2+ G4+ C2+ E0+ H4+ B3/ @8+ I6+ I8+ J7/ H11+ J11+ K10\ J12+ L11/ J13/ E12+ K12+ M11/ L13+ M8/ N11/ H14+ K7/ M14/ O14\ M15/ O9/ E14/ P11/
LoopTrax_4222763 Kriistina Jean vs. Authority : @0+ A0+ A0\ A4+ A5/ @1\ A3/ C3\
LoopTrax_4222763 Sutik Ansalewit vs. Authority : @0+ A0+ A0\ A4+ A5/ @1\ A3/ C3\
LoopTrax_4222764 Authority vs. Kriistina Jean : @0/ B1\ A2/ @2/ B0/ C0/ D1/ D0/ E1/ F2\ E3/ C5+ B6\ B7\ C7\ D7\ E6+ F6/ @6\ B2+ @2+ G0/ I1+ J2+ A8/ RESIGN
LoopTrax_4222764 Authority vs. Sutik Ansalewit : @0/ B1\ A2/ @2/ B0/ C0/ D1/ D0/ E1/ F2\ E3/ C5+ B6\ B7\ C7\ D7\ E6+ F6/ @6\ B2+ @2+ G0/ I1+ J2+ A8/ RESIGN
LoopTrax_4222765 Kriistina Jean vs. ypercube : @0+ A0+ A3/ A0+ A0\ @1\ @2/ B4+ A0/ @1+ A0\ A0\ @3/ A6/ @6/ A2+ A7+ A0\ @2/ E1/ RESIGN
LoopTrax_4222765 Sutik Ansalewit vs. ypercube : @0+ A0+ A3/ A0+ A0\ @1\ @2/ B4+ A0/ @1+ A0\ A0\ @3/ A6/ @6/ A2+ A7+ A0\ @2/ E1/ RESIGN
LoopTrax_4222766 ypercube vs. Kriistina Jean : @0+ B1\ @1+ @1/ D2\ E2\ E0+ F3\ F4\ G4\ G5+ C1\ B0/ E1/ D0+
LoopTrax_4222766 ypercube vs. Sutik Ansalewit : @0+ B1\ @1+ @1/ D2\ E2\ E0+ F3\ F4\ G4\ G5+ C1\ B0/ E1/ D0+
LoopTrax_4222767 Kriistina Jean vs. dgb : @0+ A2+ A3\ A0\ @1\ @1+ A3+ C5\ D3/ A5/ @1/ C6/
LoopTrax_4222767 Sutik Ansalewit vs. dgb : @0+ A2+ A3\ A0\ @1\ @1+ A3+ C5\ D3/ A5/ @1/ C6/
LoopTrax_4222768 dgb vs. Kriistina Jean : @0/ B1\ B2\ C2\ B0+ D1+ E1\ C0/ B5/ A4+ E5\ RESIGN
LoopTrax_4222768 dgb vs. Sutik Ansalewit : @0/ B1\ B2\ C2\ B0+ D1+ E1\ C0/ B5/ A4+ E5\ RESIGN
LoopTrax_4222769 Authority vs. ypercube : @0/ A0/ B2/ B3/ A3/ A0/ @4/ A5/ C1/ D2/ B6+ E5+ F3+ G2\ H3/ G4+ B7+ F6\ G7/ G8/ H5+ I2\ J4+ @2+ A0+ @5+ @6\ @5/ O6\ M7+ L10+ A4\ H2/ @4/
LoopTrax_4222770 ypercube vs. Authority : @0+ A2+ A0+ A0/ A5\ B5\ B6\ C6+ @6/ D7/ A4\ @3/ F4\ F6\ E8/ G7+ H7/ I7/ G9+ G10/ H10\ G11/ H6+ I8+ J8\ J9\ H5/ J5\ K9\ K10\ H11+ L8+ H4/ E3+ E2+ I12+ F12\ L12\ J13/ M10\
LoopTrax_4222771 Authority vs. dgb : @0+ A2+ B2+ A3/ A4+ @2\ @2\ A0\ @3\ C0/ D1/ E1+ F2/ D0/
LoopTrax_4222772 dgb vs. Authority : @0+ A2+ B2\ C2+ @2\ D3/ D1/ @1/ @2\ @1/ H1+ F0+ F5+ A1\ B0+ @2/
LoopTrax_4222773 ypercube vs. dgb : @0/ @1/ B2/ C2+ B3\ D1\ B0+ @1+ F3/ F1+ E0+ @3\ @3\ B4+ @3\ A1+ E1+ B0\ A6/ @4\ @5+ B6/ K6\ L6\ D7\ F6+ G7+ A2\ RESIGN
LoopTrax_4222774 dgb vs. ypercube : @0/ @1/ B0/ @2+ @2/ A3/ C3+ @2/ B1+ @2/ C0+ A1\ @1\ E0+ H2+ F6+ B5+ A5/ H5\ H6\ I6\ G7/ G8/ F0\ J9\ H10+ H0+ I2/ J6+ RESIGN
LoopTrax_4222775 GringoNZ vs. Traxplayer : @0/ @1/ B2/ C2/ B3/ D3/ B0/ A4/ B5+ C2+ B6/ D1/ D0/ @5/ F2\ E3\
LoopTrax_4222776 Traxplayer vs. GringoNZ : @0/ @1/ A0/ @2/ @1+ B0\ C0\ @3/ A2\ @4\ C1/
LoopTrax_4222777 GringoNZ vs. Lz : @0/ B1\ B2\ C2\ C0+ A3+ D2+
LoopTrax_4222778 Lz vs. GringoNZ : @0/ @1/ A2\ C1\ B2+ B3\ C2\ D2\ C3\ C4\ C0\ D4+
LoopTrax_4222779 Traxplayer vs. Lz : @0/ A2\ B2\ B1+ B3/ C1\ @2/ B3+ B4/ A3/ @3/ A4/ A1\ A0\ @3\
LoopTrax_4222780 Lz vs. Traxplayer : @0+ A0+ @1+ B0+ A3+ B4+ B0\ A1\ A0\ @1\ C7/ C0+ @3/ E2+
LoopTrax_4228630 Rogue Trooper vs. Riika : @0+ A2+ @1+ B0/ C3+ B4/ A4/ C4\ A5+ A6\ C5+ B7/ @4/ A6+ @6/ @5\ A4\ B1+ C0\ G8\ G9\ E0+ @7+ @7/ J9+ I7+ J6+ K6+ K5/ H3/ K2/ L5/ K1+ H0\ M5\ L2/ N2+ E1\ F0/
LoopTrax_4228772 GringoNZ vs. jaha : @0/ A0/ B2/ B3/ C2/ @2\ B3/ C1+ C0/ E2+ E3\ C5+ D6/ E4+
LoopTrax_4228782 Authority vs. Dragon101 : @0/ A0/ B2/ C2/ A3+ @3/ @3/ B2+ @3/ B1+ B4+ F1/ F4\ C5/ G4/
LoopTrax_4229516 davidmilne vs. GringoNZ : @0/ @1/ B0+ @1/ D1\ B3+ A2+ @2/ A3/ @3/ RESIGN
LoopTrax_4229519 davidmilne vs. Kaisa : @0/ A0/ B1+ A3/ B0/ C1/ C3+ C0/ @4+
LoopTrax_4230150 davidmilne vs. ypercube : @0/ @1/ B0+ @1/ D1\ C3/ A2+ D4\ E4\ D0\ B1+ B5/ D6+ B0\ E4/ F3\ F1+ RESIGN
LoopTrax_4230155 davidmilne vs. Phil The Hat : @0/ @1/ B0+ B0/ B0/ A2+ C3\ A5/ B6+ D3+ @1/ A6+ @6/ D7/ D8/ E7+ @3+ F9\ RESIGN
LoopTrax_4233366 davidmilne vs. Authority : @0/ @1/ B0+ B0/ B0/ @4+ D2+ @3/ A2+ D0/ C6/ F3\ G3\ H3\ C7/ A7\ B8\ C9/ E5+ A10/ RESIGN
LoopTrax_4234800 Riika vs. DINGEROO : @0+ B1\ B2+ B3/ @1\ A2+ @2/ @1\ A0\ @3/ A4/ C5\ E1/ G2/ C0+
LoopTrax_4235448 jazzbeth vs. lhh61 : @0/ @1/ B2/ C2/ C3/ C4/ D4/ B4\ C5\ A4/ A5/ C6\ D5+ @6\ A7+ D1+ E3+ F2\ G3/ @7/ H1/ I3/ F0+
LoopTrax_4237935 Traxplayer vs. Lz : @0/ B1\ A2/ B2+ @2\ B0/ A2+ D3/ D0/ E1+ A1\ B0\ @2/
LoopTrax_4237936 Lz vs. Traxplayer : @0/ @1/ B0/ @1+ A0+ A0/
LoopTrax_4237937 Traxplayer vs. ypercube : @0/ @1/ A0/ @2/ A3/ B0+ @4/ C0/ @2/ B6/ A3+ @3/ B7+ C1+ B8/ D0/
LoopTrax_4237938 ypercube vs. Traxplayer : @0+ B1/ @1+ @1\ D0/ D3/ D0/ E4+ F3+ G2+ H2\ D5+ C0\ B3+ F1+ RESIGN
LoopTrax_4237939 Traxplayer vs. *Leo The Lion : @0/ B1\ A2/ B2+ @2\ B3/ B4\ B5\ @3\ E2\ B4+ B6+ @4\ B5+ @5\ B6+ C7+ E0/ E0/ D3+ E0+ C11/ A10+ @11\ G8\ H9\ F10/ D12+ I9\ D1+ C1/ F0/ B4/ D5+ A4\ C7\ B7\ G12+ I11+ G13/ G14/ G15/ @8+ I14+ B6+ A4\ @7+ C3+ D2+ I16/ G15/ K16\ I17+ A9\ @11+ A12/ C13/ M11\ M12\ A6+ RESIGN
LoopTrax_4237940 *Leo The Lion vs. Traxplayer : @0/ @1/ B0/ @1+ C0/ @3\ C4/ E1/ B0+ C0+ F2\ F0+ G4/ A3\ RESIGN
LoopTrax_4237941 Lz vs. ypercube : @0+ A2+ @1\ B3+ A3/ @3/ @3+ C4+ E2\ F2\ @1\ A0\ A4/ @2+ A4+ H5\ G6\ I4\
LoopTrax_4237942 ypercube vs. Lz : @0+ A0+ A0+ A0/ A5\ B2\ @2\ A5/ B6\ C4+ @5\ E3+ A2/ @2/ B4/
LoopTrax_4237943 Lz vs. *Leo The Lion : @0+ @1\ @1\ A2/ @2/ D0+ E2\ E1+ F1+ D0/ G2\ F4/
LoopTrax_4237944 *Leo The Lion vs. Lz : @0/ A2+ @2\ A3/ @1/ A3+ @3+ A4/ A5+ B5+ A6/ @3\ A1\ A0/ @3\
LoopTrax_4237945 ypercube vs. *Leo The Lion : @0+ B1/ @1/ @1/ B0/ D3/ A0\ RESIGN
LoopTrax_4237946 *Leo The Lion vs. ypercube : @0/ @1/ A2+ C2/ A3\ A0+ C1+ B5+ @1\ A0\ C1+ @2+ C0+ D0\ C0/ D0\ F6/ G5\ @5/ B4+ G4+ F1/ D0/ I6+ G9+ D11/ C9/ H11/ D12/ @6/ B8+ @6+ K11+ H12+ H13+ G14\ K10+ I13\ J14/ J15+ G15+ L11\ L13+ M13\ M14\ K7+ L7\ M9+ N10/ O11+ P14+ O15\ K16/ L16+ D9/ E12/ L17\ N16+ Q13\ O17/ RESIGN
LoopTrax_4237947 Kriistina Jean vs. GringoNZ : @0+ A2+ A3/ A0/ @4/ C3/ D3/ D4\ RESIGN
LoopTrax_4237947 Sutik Ansalewit vs. GringoNZ : @0+ A2+ A3/ A0/ @4/ C3/ D3/ D4\ RESIGN
LoopTrax_4237948 GringoNZ vs. Kriistina Jean : @0/ B1\ A2/ @2/ B0+ C3+ B4\ B5\ C5\ D3/ E4/ C6\ D1+ F6\ E2+
LoopTrax_4237948 GringoNZ vs. Sutik Ansalewit : @0/ B1\ A2/ @2/ B0+ C3+ B4\ B5\ C5\ D3/ E4/ C6\ D1+ F6\ E2+
LoopTrax_4237949 Kriistina Jean vs. dgb : @0+ A2+ A3/ A0/ @4/ @3+ @3\ C1+ E4/ B5\ F5\ F6/
LoopTrax_4237949 Sutik Ansalewit vs. dgb : @0+ A2+ A3/ A0/ @4/ @3+ @3\ C1+ E4/ B5\ F5\ F6/
LoopTrax_4237950 dgb vs. Kriistina Jean : @0/ B1\ B2\ C2\ D2+ E2\ F2\ E3+ F1/ RESIGN
LoopTrax_4237950 dgb vs. Sutik Ansalewit : @0/ B1\ B2\ C2\ D2+ E2\ F2\ E3+ F1/ RESIGN
LoopTrax_4237951 GringoNZ vs. dgb : @0/ A0/ B2/ B3+ B4\ C3/ D3+ E3\ C5/ A4+ B6+ @4/ @4/ A7+ @6/ D8\ E7+ G2/ F1/ F7\ I2/ E8+
LoopTrax_4237952 dgb vs. GringoNZ : @0+ A2+ B1/ C1/ @2\ B0/ E2+ B4/ B5/ E3+ F2/ @2/ H2\ G3+ E6\ F5+ @5+ B6/ E7+ B1\ B0+ A2/
LoopTrax_4242660 balmoral vs. Rogue Trooper : @0+ A0/ A3\ B1/ C1+ C0/ A1/ A0/ @3/ @2+ @2/ B4+ A1+ @1\ D0+ A5/ C0/ B7/
LoopTrax_4244332 jazzbeth vs. Goonerg : @0/ @1/ B2/ @1\ C0+ D1+ E1/ D3+ F1/ C0/ F4\ G3/ D5+
LoopTrax_4245261 dgb vs. ypercube : @0/ @1/ @1/ C0/ D2+ A3+ @2+ @2/ C0\ D0+ G3\ H3\ E6+ F7/ F2+ I2+ H1/ E0+ G6+ RESIGN
LoopTrax_4245262 ypercube vs. dgb : @0/ A0/ B2/ B3+ @2+ C4/ B5\ D3\ E3+ A3+ @4+ @4\ E6+ E7/ E8/ F7+ @4\ B5+ E6+ D7+ C8+ G9\ H7\ D9/ RESIGN
LoopTrax_4247323 Charlo vs. Authority : @0/ @1/ A2+ B0\ B4\ C3/ D3/ C4\ @2/ B1\ D5+ D6+ C6/ B5\ E4\ F5/ E6+ D7+ F7\ G6/ G4\ C8\ B7+ A8\ H6+ H7\ I5\ I4\ I3\ G8+ F9\ E2+ D9/ C10\ J6+ K7/ F1\ B0+ A1\ @4\ J2/ K5\ I1/
LoopTrax_4248831 Rogue Trooper vs. Dragon101 : @0+ A2/ B1+ A0/ C2+ C3/ A4/ A5/ @5/ @3+ @2/ A4+ C6/ B7\ E6+ @5+ @5\ A6+ A4\ B3+ I5+ C8+ I6\ H8+ D9/ B9+ @6/ @6/ @9+ D10+ A4+ A3\ @7\
LoopTrax_4249554 davidmilne vs. dgb : @0/ @1/ B2/ C2+ B0+ D2\ C1+ C0/ E3\ D5/ D6/ F1+ RESIGN
LoopTrax_4249557 davidmilne vs. jaha : @0/ A0/ B1+ C1/ D1/ A3+ B4/ C2+ RESIGN
LoopTrax_4251388 davidmilne vs. jazzbeth : @0/ @1/ A0/ @1/ B3+ B0\ C2/ D1\ E3+ C5/ B0+ F4/ F5+ C0+ E3+ G5/ H5/ I5/ I7+ J6\ G8/
LoopTrax_4252551 Dragon101 vs. Traxplayer : @0/ @1/ A0/ @1/ D2/ D3/ @1/ F2\ D1+ D0/ F2+ E0+ E6/ B2+ B1/ @3\ C4+ C5\ D6/ D7/ B6+ A6\ @5/ D8+ D9/ @6\ B2+ @5+ @4/ L4+ L2+ G0+ I1/ I0/ C3+ @3\ C2/ @5/ @5+ A6/ A7/ A8+ @6+ C2+ F1/ G9/ F8+ E9+
LoopTrax_4252556 jazzbeth vs. lhh61 : @0/ @1/ B2/ C2/ C3/ D3+ B3+ A3/ A4/ @1\ C0+ C6\ D5+ move
LoopTrax_4253393 Charlo vs. davidmilne : @0/ B1/ B0+ C2/ A0/ B0\ A0/ @3+ B6/ E6+ B7+ F5\ G6/ D8+ @2+ A4+ @5+ F1+ G2+ J4+ B0+ I8/ J7+ I9+ @6/ A8+ B2/ C0\ D1+ A6\ @7+ C10/ C11/ A11/ C12/ A8+ @8/ B5+ A5/ @5/ @5/ @8+ A9/ A10+ @7/ @7/ A5+ RESIGN
LoopTrax_4254712 jazzbeth vs. GringoNZ : @0/ @1/ B2/ A0/ @2\ @2\ B3\ B4+ @2\ @2+ C1+ D0+ B6+ B1/ B0/ A2+ B0/ E2+ @3/ C0+ G4/ C0\ A1+ @3\ A6+ @5/ C10/ C11+ F11\ G10+ B10+ A9+ @7\ A3\ B2/ @6/
LoopTrax_4256271 Goonerg vs. Uncle Chuckie : @0/ A2\ B1/ C1/ C0/ C3\ D1+ D0\ A5+ @1+ D0+ @4/ B5+ A6+ C0+ A2\ @5+ @5\ D0/ @5/ A7+ @3+ D2+ K5/ @4\ J9\ D1/
LoopTrax_4257650 ypercube vs. Traxplayer : @0/ @1/ C1/ D1/ C2/ D0/ E1/ E0/ E5+ F2+ G2/ H1\ E0+ D7+ B0+ @2\ E0/ F1/ @3+ A2\ B1\ F0+ A1\ RESIGN
LoopTrax_4258029 Rogue Trooper vs. lhh61 : @0+ A2\ B2/ B1/ @1/ @2\ @1/ B0+ B0/ C5+ E2/ C6\ E1/ F1/ C0/
LoopTrax_4260476 jazzbeth vs. GringoNZ : @0/ @1/ B2/ A0/ B1/ A0/ @2\ B4/ B0+ D4+ E4/ F4/ E5+ A2\ B0/ G5/ C1/ C7+ D3+ G7\ D8/ H7/
LoopTrax_4260477 GringoNZ vs. jazzbeth : @0+ A2+ B1+ B0/ @2\ @2\ B3+ B4+ @2/ C5/ E0/ C2+ E0\ C2+ @4\ A3\ B2\ B1+ A1\ @1\ B0/ F1+ A0\ @1\ E9/ D8/ B5+ A2/ @2/ E1+ B0+ H10\ G11/ @6+ B7/ E8+ H1/ B8/ F0/
LoopTrax_4260478 jazzbeth vs. Riika : @0/ @1/ B2/ B3/ C1+ D3+ C4/ C5/ B4/ B5+ A3+ @3/ A2+ E6\ F4+ @4/ C5+ A3+ @2/ B1+ A0/ @1+ @1/ E0+ D0+ C1+ D0/ A3\ @4/ C8/ E9/ G10/ G11/ E11+ H12+ J13+ K13\ L9/ I3/ H2+ J4+ K6\ M10+ N9\ N11+ C10/ C11/ B11/ C12\ C13\ E12+
LoopTrax_4260479 Riika vs. jazzbeth : @0+ A2+ B1+ B2+ A0/ A4/ A0/ @4+ @4/ B2/ E1/ E0+ B1+ A2\ D0/
LoopTrax_4260480 jazzbeth vs. violet unicorns : @0/ A0/ @1/ A2/ B3/ A3/ C2/ C1/ C4+ B5+ D3+
LoopTrax_4260481 violet unicorns vs. jazzbeth : @0+ A2+ B2/ @1/
LoopTrax_4260482 jazzbeth vs. Traxplayer : @0/ @1/ B2/ C2/ C1+ B3\ D1/ B0\ B5\ A5\ A3+ @4\ D1+ @4\ @3/ @4\ @3/ C5+ D6/ B2+ D1+ A6/ @3/ D7/
LoopTrax_4260483 Traxplayer vs. jazzbeth : @0/ @1/ A0/ @1/ A0/ @1/ A0/ @1/ A0/ B4/ E6/ F6/ F7/ E4/ E3/ F3+ @2\ B3/ B4/ B5/ F2/ B6+ H7+ E7+ G8\ G9\ H9\ I7/ J4+ J3+ K3/ K5+ D1+ @2\ J1+ E0/ K3+
LoopTrax_4260484 jazzbeth vs. ypercube : @0/ A2+ B1/ @1+ A0\ B0+ D3+ @3+ A4/ F4+ C5/ D5+ E2+ D0+ C7+ D8+ B1/ @3/ B1+ B0\ @6+ @6\ B4+ B3\ A2+ B7/ E8+ @6\
LoopTrax_4260485 ypercube vs. jazzbeth : @0/ @1/ C1/ A2/ A0+ @2\ @2\ A1\ B0\ B0\ A1\ @4+ F6+ G4/ @3+ B0/ B7+ @3/
LoopTrax_4260486 GringoNZ vs. Riika : @0+ @1/ C1/ @1/ B0/ D3/ A0\ @1\ E1/ F2/
LoopTrax_4260487 Riika vs. GringoNZ : @0+ A2/ A0\ @1\ A0\ @4+ @3/ @2+ F1/ F0+ C1/ E0/ E0/ F1/ G1/ H2+ I2\ D0+ C1\ C0\ B1\ D0/ E1/ H1+ A2\ I3\
LoopTrax_4260488 GringoNZ vs. violet unicorns : @0/ A2/ @1/ A2/ A0+ @1/ A3/ A4/ @1+ A5/ @5/ C5\ B6/ A6+ B7/ C6\ B8\ B9+ C7\
LoopTrax_4260489 violet unicorns vs. GringoNZ : @0/ @1/ A2/ B3+ C3\ D3+ D4/
LoopTrax_4260490 GringoNZ vs. Traxplayer : @0/ @1/ B0/ A0/ B4/ C4+ D3\ C5+ C6\ E3+ F3\ C7\ A5+ G3\ D1+ G4\ G5+ B6/ E8+ E9/ D10\ E11/ C11\ @5/ A6/ B7/ B8/ A11+ A7+
LoopTrax_4260491 Traxplayer vs. GringoNZ : @0/ @1/ A0/ @1/ B0/ B4\ A4\ B5\ @4+ D5+ E4\ D6/ F4/ F3/ F2/ C0+ G4+ F6+ A4+ @6\ @5/ B1+ D0/ @8/ RESIGN
LoopTrax_4260492 GringoNZ vs. ypercube : @0+ A2+ B2+ A0+ @1\ C1/ C0/ @1/ B4+ @2+ D5/ B0+ D7/ B0\ A1\ F3/ F1+ A0\ @4+ F1+ C0+ E1/ E0/ G1+ H4+ H1\ I2/ E0+ G1/ B1\ B0/
LoopTrax_4260493 ypercube vs. GringoNZ : @0+ A2+ A0+ B1+ C1+ C0+ @3\ @3\ F2/ E0/ B2/ C6\ B6+ B1/ RESIGN
LoopTrax_4260494 Riika vs. violet unicorns : @0+ A0/ A3\ B3\ C3+ C4/
LoopTrax_4260495 violet unicorns vs. Riika : @0/ A0/ @2+ C1+ A3/ B3+ B4/ B0/ A5/ A6/ @6/ D6\ D7/
LoopTrax_4260496 Riika vs. Traxplayer : @0+ A0+ @1+ B0+ C2+ B0+ @3+ B2+ A2+ B4+ @2+ B1/ C5/ B5/ B6/ A3+ @4+ B7+ A2+ A1\ A0\ @3+ F7\ F8+ G5+ C0+ F2/ G2/ E9+ E10/ A6/ G1+ H3+ D0/
LoopTrax_4260497 Traxplayer vs. Riika : @0/ @1/ A0/ A0/ A4/ A5/ C3+ A6+ @2+ C1+ B0\ A7+ E3\ D8\ E6+ F5\ G5\ H6/ I5\ F7+ E8+ F9/ F10/ F3\ J6+ F11/ D9+ D12+ C11/ B11/ B12/ E13/ B9+ A11/ @5+
LoopTrax_4260498 Riika vs. ypercube : @0+ A0+ @1+ B3+ A3+ A0+ C3+ A0+ @2+ A1+ A5+ E4/ A4+ @4\ E3/ E2/ F2/ A2\
LoopTrax_4260499 ypercube vs. Riika : @0+ A0+ A0+ A0+ B2+ B1+ A0+ @2/ D3\ E3\ C4+ @2/ G4/ H4/ F5+ H2+ I2/ I4+ G1+ H1/ D0+ C7+ H1/ I1/ G0\
LoopTrax_4260500 violet unicorns vs. Traxplayer : @0/ @1/ A0+ A3\ @2/ @2\ A1\ A0/
LoopTrax_4260501 Traxplayer vs. violet unicorns : @0/ @1/ A0/ A3/ @2\ A1+ @2+ A1\ B0+
LoopTrax_4260502 violet unicorns vs. ypercube : @0+ A2+ @2/ B0+ C1/ D1/ D2+ C0+ E1/ D0/
LoopTrax_4260503 ypercube vs. violet unicorns : @0+ @1\ @1\ A2/ @2/ B0/ A2\ D3\ @3\
LoopTrax_4260504 Traxplayer vs. ypercube : @0/ @1/ A0/ @1/ A0/ @2/ @1+ B0\ B0\ A1\ @4\ E1+ B0+ F7\ RESIGN
LoopTrax_4260505 ypercube vs. Traxplayer : @0+ A0+ A0+ A0+ B2+ B1+ @3+ B0+ D3\ E3\ A3\ E4+ @3+ D6\ D7\ G3\ G2+ H3+ E6+ E8/ G5\ H5\ E1+
LoopTrax_4263888 JiffyJeff vs. jazzbeth : @0/ @1/ @1/ A0/ A3\ B3\ D2/ C1+ B4/ C4/ C5/ E2/ F1\ E3+ D6/ B0/ G3/ G1+ E0+ B1+ E8\ F9/ H9\ F10+ I4/ H3+ G1+ E10/ D10/ C10+ D11\ B8+ A7/ @4/ @7\ B8+ I11+ K10/ K11/ A4/ C9+ @1\ B0/ A9/ C11/ @5/
LoopTrax_4266703 dgb vs. ypercube : @0/ @1/ A0/ @1/ B0/ C1/ D3+ C4\ C5\ D5\ E5\ F4+ A4/ E6\ G3\ G5+ F7/ H6+ H3\ E2+ C8+ A8+ @1\ A0+ A7/ @2\ E1+ B0\ C11/ RESIGN
LoopTrax_4266704 ypercube vs. dgb : @0+ A2+ B1+ B0+ C1+ B3+ C2+ C0/ D2+ C0\ B2+ A2\ RESIGN
LoopTrax_4266705 dgb vs. GringoNZ : @0+ A2\ A0/ B1/ B0/ C1/ C0/ D1/ D0/ E1/ D7+ F6\ E0/ G2/ C9/ H3+ C0+ @2+ F0/ G1/ H1+ F0+ J5\
LoopTrax_4266706 GringoNZ vs. dgb : @0+ A2+ @2+ B3\ @2/ C0\ D4\ E4\ E5\ B1+ B0\ B0\ E4+ F7+ G5\ H5+ A6/ B7+ B8/ D9\ @5+ A7+
LoopTrax_4266707 ypercube vs. GringoNZ : @0+ A0/ B1+ @2/ B0/ B0/ B0/ A1/ B0/ @6/ E3+ RESIGN
LoopTrax_4266708 GringoNZ vs. ypercube : @0/ @1/ B0+ @1/ B3/ C0/ @2/ E2\ F3/ G3+ E5/ B3+ C5/ A4+ C6/ @5+ @5\ J5+
LoopTrax_4274325 Uncle Chuckie vs. Dragon101 : @0/ A0/ @2/ @1/ D2+ B3/ A3/ D4+ @1+ D0+ F2\ F4+ G2/ G1/ G4/ H2+ D0+ A1+ E1/ E0/ @6/ A7/ A8/ @6+ D0\ C1\ C10+ B3+ B2\ A2\ @3+ C1+
LoopTrax_4274326 Rogue Trooper vs. Goonerg : @0+ A0/ A3\ B1/ @2+ B0+ B0/ D2\ E2\ E0+ F1/ F0/ G2+
LoopTrax_4282436 ypercube vs. Traxplayer : @0+ A0+ B1+ A0+ C2+ B3+ A4+ @1+ B0+ A5+ A6\ B0/ C1/ C6+ B0+ A1\ A9\ D1/ B0/ E2/ E1/ E0/ B1+ @10+ D11\ D12\ G3+ A12/ F4+
LoopTrax_4282637 Riika vs. Rogue Trooper : @0/ A0/ A3/ B3+ B4+ C4\ C2+ D3/ E3/ A5\ @3+ F5\ C6/ G5/
LoopTrax_4282640 Rogue Trooper vs. Charlo : @0+ A2/ @2\ B0/ C1/ D1+ C3+ C0/ E1\ F2/ E0+ D0/ A7\ A3+ C2+ B1+ E0\ F2+ G3+ @6/ @8+ A9/ A10+ @10/ C3+ D1+ B2/ D0+ B1\ A3/ @2+ A1\ F0\ D0+ F1+ @4+ B0+ A1\ @1+ D0\ C0/ @3/ B6+ @6+ A7/ A8+ A9\ @7/
LoopTrax_4282734 PuggieLover vs. mema : @0/ A2+ A3/ @3\ C2\ A2+ B4/ @3/ D5\ E5\ E6\ E3/ F4/ F2/ D0/ B2+ F7/ G4/ E1+ F1/ G2/ H3+ G6\ G1/ I3\ H5\ H6+ I6\ J5\ E8\ I7\ J7\ K6\ K7\ L7/ G0\ E1\ B2\ A3\ I3/ J3+ @5\ A4\ A3+ @3+ D1/ L9\ A4+ @4/ K10/
LoopTrax_4282825 ypercube vs. Authority : @0+ A0+ B1+ B0+ C1+ C0+ D1+ D0+ E1+ @5+ F0+ G1+ G0+ H1+ H0+ I1+ J1+ H0/ I0\ J4/ I5\ J2/ J6/ K6+ L4/ L3+ K7\ G2+ J8/ I7+ L8\ J9+ L7+ M6+ N6/ N5/ M4+ O6+ N7+ M3/ P6/ Q5\ P7+ M9/ J10\ K11/ I10+ H10+ O3+ O2/ R7\ Q8/ F8+ F3+ E3+ F1+ F0\ O2/ P2/ L12\ J13\ Q12+ N13+ R9\
LoopTrax_4285081 Carroll vs. ypercube : @0+ A2+ A3\ @3/ A4/ @4/ B2+ B5+ C5\ D4+ E4/ @4+ @2/ A1+ @2/ H1/ I3+ @2/ A3/ E0/ I1+ G0+ E1+ @6\ B7/ C8+ C9\ D10/ B9+ C11+ C2/ F0\ G0/ H1/ A3+ @6+ C1\ G0+ B2/
LoopTrax_4285082 ypercube vs. Carroll : @0+ A2+ A0+ A0+ A0+ A0+ A0+ A0+ A0+ A0+ A0+ B6+ C6+ D6+ @7\ F6\ C7\ D5/ @6\ A5\ @5\ A4+ E3+ B2\ A2\ E1\
LoopTrax_4294885 ypercube vs. GringoNZ : @0+ B1+ B2+ C2+ C3+ C1+ A0+ @1+ E3+ A0\ A3/ @1\
LoopTrax_4294886 GringoNZ vs. ypercube : @0/ @1/ B0+ C1+ D1+ D0+ D3+ B4/ B5/ A5/ @3\ D6+ E5\
LoopTrax_4294887 ypercube vs. jazzbeth : @0+ A2+ A0+ A4/ A0\ B3/ @2+ A5/ @2\ A3+ B6/ D5+ @1\ C0+ A5+ @2/ B4+
LoopTrax_4294888 jazzbeth vs. ypercube : @0/ @1/ B2/ @1/ D1\ E1\ B2+ B3/ B4/ A5\ E2\ D3+ B6/ E0/ F4/ A1+ A0/ @5+ B9+ H4+ F6+ B0\ A2+ @2\ A1\ A6\ A9+ A3/
LoopTrax_4294889 ypercube vs. dgb : @0/ A0/ B2/ B3/ @2/ D2\ C1/ B3+ A4\ @3+ D0+ C0/ @6\ D7/ A4\ @4\ F6+ G6\ H3/ H2/ B8+ A7/ @6/ @6+ A7/ B8/ B9/ A9/ @6+ A4\ A3+ @7+ A5\ A10/ RESIGN
LoopTrax_4294890 dgb vs. ypercube : @0+ @1+ C1\ @1/ B0/ A3+ B0/ B5/ C4\ RESIGN
LoopTrax_4294891 GringoNZ vs. jazzbeth : @0+ A2+ B2+ B3+ C2+ B4+ C3+ D2+ D1/ A0+ @2/ @2/ F4\ G2/ G5/ E2+ F1\ D1+ F0+ G7/ H5+ I4+ B5\ B6+ E8+ I6+ J6/ A2+ F9\ G8+ J8\ H9+ K6\
LoopTrax_4294892 jazzbeth vs. GringoNZ : @0/ @1/ B2/ C2/ C3/ D2/ B3/ B0\ C2/ A3+ @3/ C5/ C6+ D0+ E1/ F1+ D0+ F8\ G7+ F9/
LoopTrax_4294893 GringoNZ vs. dgb : @0+ A2+ B2+ B3+ C3+ B4/ D3/ A0\ @2\ @2\ B3+ B4+ D6/ D7/ B5+ A6+ F3/ E7\ E8\ G4+ @3/ A4/
LoopTrax_4294894 dgb vs. GringoNZ : @0/ @1/ @1/ C0\ D1\ D3/ C0/ A2+ B4+ @4\ B5+ @3/ B1+ B0/ A7\ @7+ @5/ F0/ B3\ B2\ C1\ C0\ B1\ A2/ A5+ RESIGN
LoopTrax_4294895 jazzbeth vs. dgb : @0/ A0/ B2/ @2\ B0/ C4/ C1/ B0+ A2\ B0/ @4+ E1/ C0/ E7\ F6+ E8/
LoopTrax_4294896 dgb vs. jazzbeth : @0/ @1/ @1/ C0/ B0+ B0/ B0/ @4+ C6+ C0/ B3+ E5/ A1\ @4/ B0/
LoopTrax_4294897 Kriistina Jean vs. Authority : @0/ @1/ A2/ B3+ C3\ D3+ D4\ D0/ E3+ A1\ RESIGN
LoopTrax_4294897 Sutik Ansalewit vs. Authority : @0/ @1/ A2/ B3+ C3\ D3+ D4\ D0/ E3+ A1\ RESIGN
LoopTrax_4294898 Authority vs. Kriistina Jean : @0/ B1\ A2/ @2/ A0/ C3+ A4/ @4/ D5+ E5\ A6+ E3/ F3/ @2+ G5\ RESIGN
LoopTrax_4294898 Authority vs. Sutik Ansalewit : @0/ B1\ A2/ @2/ A0/ C3+ A4/ @4/ D5+ E5\ A6+ E3/ F3/ @2+ G5\ RESIGN
LoopTrax_4294899 Kriistina Jean vs. Traxplayer : @0+ A0+ A3/ A0/ B2+ @3+ B5/ @4+ D5\ D6\ @5+ A6+ RESIGN
LoopTrax_4294899 Sutik Ansalewit vs. Traxplayer : @0+ A0+ A3/ A0/ B2+ @3+ B5/ @4+ D5\ D6\ @5+ A6+ RESIGN
LoopTrax_4294900 Traxplayer vs. Kriistina Jean : @0/ B1\ A2/ @2/ B0+ B4+ C4\ C5\ D2+ E3+ F4+ D1/ E1/ E0/ F4+ C0+ A1\ RESIGN
LoopTrax_4294900 Traxplayer vs. Sutik Ansalewit : @0/ B1\ A2/ @2/ B0+ B4+ C4\ C5\ D2+ E3+ F4+ D1/ E1/ E0/ F4+ C0+ A1\ RESIGN
LoopTrax_4294901 Kriistina Jean vs. Riika : @0/ @1/ B0\ C1/ B0\ B0+ C1+ B0\ A1\ @5\ B4+ A4\ C0+ D1/ D0/ E3\ F3+ E5+ F5+ E7\ RESIGN
LoopTrax_4294901 Sutik Ansalewit vs. Riika : @0/ @1/ B0\ C1/ B0\ B0+ C1+ B0\ A1\ @5\ B4+ A4\ C0+ D1/ D0/ E3\ F3+ E5+ F5+ E7\ RESIGN
LoopTrax_4294902 Riika vs. Kriistina Jean : @0/ A2\ B1/ B0/ @1+ A0\ A0+ @1\ E1/ D0\ E5\ RESIGN
LoopTrax_4294902 Riika vs. Sutik Ansalewit : @0/ A2\ B1/ B0/ @1+ A0\ A0+ @1\ E1/ D0\ E5\ RESIGN
LoopTrax_4294903 Authority vs. Traxplayer : @0/ @1/ @1/ @1/ @1/ C0+ D3+ E0/ F2\ A1\ D5/ C0+
LoopTrax_4294904 Traxplayer vs. Authority : @0/ @1/ A0/ @1/ A0/ @1/ A0/ @1/ A0/ @1/ A0/ @1/ A0/ @1/ A0/ @1/ A0/ D6/ @2\ B3/ B4/ B5/ J10/ B6+ @5\ @5\ B3\ E7/ E8+ E9/ E10/ E11/ D11+ C6/ B7\ B8\ A7+ @7+ J5/ G9+ I4+ I3/ K4\ C9+ L3/ L2/ L7+ H10+ M4\
LoopTrax_4294905 Authority vs. Riika : @0/ @1/ C1/ D1/ B2+ A0+ B0+ E2\ D0+ D6+ F6+ D7/ @3\ B2\ B1\ D0/ A2/
LoopTrax_4294906 Riika vs. Authority : @0/ A0/ A0/ A0/ @4/ @1+ C0/ C0+ D1/ E1/ B7/ @7/ C8/ A1\ C0/ @4+
LoopTrax_4294907 Traxplayer vs. Riika : @0/ @1/ A0/ A0/ A4/ @4/ A5/ @5/ A6/ E3/ C7+ F6+ @5+ F2+ H4+ G2+ D8/ F1\ C9+ I5/ J4\ I6+ H8\ G9+
LoopTrax_4294908 Riika vs. Traxplayer : @0+ A0+ A0+ A0+ B2+ @1+ C3+ A4+ @1/ E2\ B2+ A0/ A0/ @2+ B0/ D2/ @4\ @4\ @3/ D5+ H2+ C2+ @2/ K4+ H8/ I1/ I0/ J1/ G0+ F1\ E1\ G0/ J0+ K3\ L5+ G1+ F0/ E0\ D2+ H1+ E0\ D1\ C1\ C4+ C8+ L6+ M6\ C0\ B4+ E0+ G1/ G0/ G0/ N10+ L15\ M15\ D17+ A11\ @11\ B8\ C9+ D11+ A12+ @12/ A14+ A9+ @10\ B7\ A7\ C6/
LoopTrax_4296433 jazzbeth vs. Rogue Trooper : @0/ A0+ B1/ C1/ A3/ A0+ @3+ @4\ @3/ B2+ E3+ C5+ A1/ D0+ G4+ H3\ G2+ G1+ I4/ H5+ J3\ K4/ J1+ I0/ H0+ B2\ A2\ @5+ H0\ G3+ F2+ A9/ @6/ C10/
LoopTrax_4296618 Riika vs. lhh61 : @0+ A0\ B2/ A0\ @1\ @1+ A0\ B1+ B5\ @4+ A2+ B6+ @4\ A5+ @3/ B7/ A7/ @4+ E7+ E8\ F8\ G7\ E9+
LoopTrax_4299371 dgb vs. Traxplayer : @0/ @1/ A0/ @1/ B0/ B0/ B5/ C1+ B0/ @2+ C0/ @2+ F1/ F0/ F8\ RESIGN
LoopTrax_4299372 Traxplayer vs. dgb : @0/ @1/ A0/ @1+ B3+ @2\ @2\ B0/ B0/ E1+ E0/ F4\ B6/ F1/ RESIGN
LoopTrax_4299896 GringoNZ vs. Charlo : @0/ A0/ B1+ @2+ A0/ A4\ RESIGN
LoopTrax_4300852 Lorraine of the Renegades vs. DavidJ : @0/ B1\ B2\ A0/ B4/ A4/ C3/ C1/ B0\ D3+ C1/ C0/ @2\ A1\ B7+ C1\ F2+ C0/
LoopTrax_4304158 Charlo vs. Leeeeeesa : @0/ B1\ A2/ B2+ @2\ C3/ D3/ @2+ A3+ D4\ @3\
LoopTrax_4304159 Leeeeeesa vs. Charlo : @0/ @1/ B0\ @2\ A1\ @1\ C3/ B0+
LoopTrax_4304160 Charlo vs. dgb : @0/ A0/ A3/ A0/ B4+ @4/ A5/ D3\ @2+ @3\ @2/ A6+ @6/ A7/ @4+ E7\ A8\ F6\
LoopTrax_4304161 dgb vs. Charlo : @0/ @1/ @1/ D1/ B0\ B0+ E2+ B4+ A1\ @3/ B5+ @3+ @1\ C0/ @3/ A4/ A5+ @3+ F7/
LoopTrax_4304162 Charlo vs. ypercube : @0+ @1+ C1+ B0+ @2+ C0+ B1\ B4\ A1\ A0\ @4/ @3+ E6/ E7/ F3/ G2\ F1+ H3/ G5+ C0+ G8\ I7+ G9/
LoopTrax_4304163 ypercube vs. Charlo : @0+ A2+ A0+ @1/ C3/ D3/ @2/ B3+ B4/ A4/ D4+ B5+ A6\ B7/ A8\ F2\ @8/ C9/ A3+ @3/ B1\ E9\ A1/
LoopTrax_4304164 Leeeeeesa vs. dgb : @0/ A0/ B1\ A3\ B2+ C2\ C3\ D3\ @3\ D4+
LoopTrax_4304165 dgb vs. Leeeeeesa : @0+ @1\ C1\ C2/ B0+ C1+ D2+ B3/ @2\ B0\ D5\ E4+ A5/ D6\ @5\
LoopTrax_4304166 Leeeeeesa vs. ypercube : @0/ @1/ B0\ C1/ B0+ B0/ C1/ C0/ A2\ D2+
LoopTrax_4304167 ypercube vs. Leeeeeesa : @0+ @1/ B2/ B3\ C2/ A2+ B4/ A4/ A5/ @5/ D5\ D6\ E3+
LoopTrax_4304168 dgb vs. ypercube : @0/ @1/ A0/ @1/ B0/ C2/ B4/ @2+ E2/ B3/ @3\ @2/ B1+ @1/ B0/ B0+ B6+ A5/ C7/ C8/ @5/ B6/ F9+ RESIGN
LoopTrax_4304169 ypercube vs. dgb : @0+ A0+ A0+ B1+ @2+ B0\ B5/ A5/ @4\ B2+ E2+ @4\ C6+ B2\ RESIGN
LoopTrax_4304170 Kriistina Jean vs. GringoNZ : @0/ @1+ A0+ @1\ A0\ A0\ @3+ B4/ B5/ A5/ @2/ E1/ RESIGN
LoopTrax_4304170 Sutik Ansalewit vs. GringoNZ : @0/ @1+ A0+ @1\ A0\ A0\ @3+ B4/ B5/ A5/ @2/ E1/ RESIGN
LoopTrax_4304171 GringoNZ vs. Kriistina Jean : @0/ B1\ A2/ @2/ B0+ C3+ B4\ B5\ C5\ D3/ @4\ A6+ F4/ @5+
LoopTrax_4304171 GringoNZ vs. Sutik Ansalewit : @0/ B1\ A2/ @2/ B0+ C3+ B4\ B5\ C5\ D3/ @4\ A6+ F4/ @5+
LoopTrax_4304172 Kriistina Jean vs. Authority : @0+ A2+ A3\ @3/ B4\ @3/ D1+ E1\ C0/ D5+ D6\ A3\ @3\ F4/
LoopTrax_4304172 Sutik Ansalewit vs. Authority : @0+ A2+ A3\ @3/ B4\ @3/ D1+ E1\ C0/ D5+ D6\ A3\ @3\ F4/
LoopTrax_4304173 Authority vs. Kriistina Jean : @0/ B1\ B2\ C2\ D2+ B3+ A3/ A4/ @1+ C5\ D5\ E4\ C6+ A0\ E7\ RESIGN
LoopTrax_4304173 Authority vs. Sutik Ansalewit : @0/ B1\ B2\ C2\ D2+ B3+ A3/ A4/ @1+ C5\ D5\ E4\ C6+ A0\ E7\ RESIGN
LoopTrax_4304174 Kriistina Jean vs. *Leo The Lion : @0+ @1\ A2/ @1\ A0\ B0+ A4+ D3/
LoopTrax_4304175 *Leo The Lion vs. Kriistina Jean : @0/ B1\ A2/ @2/ @1+ C0/ C0/ C5+ D4\ E4\ C0/ F2+ F6/ F7/ @4/ C0+ A1+ @5/ I5+ F9+ I9\ RESIGN
LoopTrax_4304176 GringoNZ vs. Authority : @0+ A2+ B2+ B3+ C3+ C4+ D4+ D5+ E5\ F5+ D6/ D3/ C6/ B5/ D7\ D8+ B7/ A7/ A0/ B1/ F7\ F8\ C3+ D1\ B0/ B0/ G10\ G11\ H11\ E12+ E1+ C0\ D0\ F2+ F5\ F6+ @3+ A1+ @5/ A6/
LoopTrax_4304177 Authority vs. GringoNZ : @0/ @1/ B2/ A2/ @1+ B0\ B0\ A1\ @4\ C5+ A5/ @3/ B0/ B0+ @5+ @5+ H7+ I6\ E8+ C7/ B8\ B9+ A9/ A10/ A11/ @11/ @11/ D12+ E10+ F11+ G12/ K8/ L7+ E13/ A7+ @10+ G14+ G15/ G16/ E14/ D14/ A14+ D15/ @11/
LoopTrax_4304178 GringoNZ vs. *Leo The Lion : @0/ A0/ B1/ C2+ B3\ D1\ A4/ @4/ A1/ A0+ B0\ E5\ F5\ G5\ @2\ A6\ A4+ @2\ E7\ F7+ D8+ H3/ H2/ G2+ B8/ A6\ C9/
LoopTrax_4304179 *Leo The Lion vs. GringoNZ : @0/ @1/ B0+ A3\ C1\ A0/ @2+ @1/ C0/ E2+ @2/ A0\ @2+ G1/ B5/ E0/
LoopTrax_4304180 Authority vs. *Leo The Lion : @0+ @1\ C1\ B0+ B3+ D2\ E3/ C4+ D5+ @1/ @1/ A0+ B0+ F8/ F9/ H4\ F3+ E9+ I7+ G8+ I3/ J7/ H2/
LoopTrax_4304181 *Leo The Lion vs. Authority : @0/ @1/ B2+ A0+ B4/ B5/ C4/ D4+ @2/ @5+ D6/ A1\ B0/ @3/
LoopTrax_4310183 GringoNZ vs. Goonerg : @0+ B1\ B2\ @2/ A3/ B3+ C4/ D3/ E3+ A5/ @5/ A3+ @3/ B1\ A1\ @1\ @2+ I5+ I6/ J5+ B4+ D0+ E7+ E8\ B7/ H1/ D8/
LoopTrax_4310424 jaha vs. Charlo : @0/ @1+ @1\ A0\ D1\ C0+ A4\ C4+ C0/ B1+ @1+ D0/ F4\ G4\ F7+ F8/ G0+ H6/ I3+
LoopTrax_4312014 Traxplayer vs. jazzbeth : @0/ @1/ A0/ @1/ A0/ A3+ @2\ B4/ B5/ A3+ @2+ A4+ @3+ @4+ D6+ F4+ H3\ E0/ E0+ F1/ D3+ C2/ C0\ B3+ F1/ C0+ G3/ F5+ E1+ G5+ H4\ I4\ J4+ J7\ I8/ I9/ I10/ K7+ K8\ J11+ J12/ H11+ I13+ L9/ L12\ B6+
LoopTrax_4314296 Authority vs. csain1 : @0/ A2\ B2\ @1/ @2\ A0+ A0/ B0+ @5\ A6+ @6/ A4+ @4\ A2+ B1+ E0/ G4\ H7/ I7/ G8+ H2+ J4+ H9+ J9+ K9/ J10+ F0+ I3+ A9/ @6+ F10+ D10+ @8+ A9/ G11/ D11/ G12/ B4/
LoopTrax_4314444 JiffyJeff vs. Rogue Trooper : @0/ A0/ @1/ @1+ D2+ D3\ D0\ D5\ E2\ E6/ F6/ G6+ G7+ H6\
LoopTrax_4314606 jazzbeth vs. Riika : @0/ @1/ B2/ B3/ B0\ C1/ B0\ @3\ B2+ B5+ A1\ @4/ B0/
LoopTrax_4329155 Dragon101 vs. supermac : @0/ B1\ B2\ C2\ D2+ A2+ D3/ B0+ E2+ E3\ F4/ D5/ F6+ G6\ A6+ @6/ E7/
LoopTrax_4329310 Dragon101 vs. JiffyJeff : @0/ @1/ A0/ @1/ @1/ C0+ A3/ A4+ @2+ @3\ F2/ D0\ B5+ A6\ D6+ B7/ E7+ A8\ B9/ G5/ H5+ G8+ F10+ G10\ I9+ E1/ E0/ @9\ E12+ H5/ E13/ @10/ C11+ B12+ A11+ C14/ @11\ F15\ G15\ H15\ I15+ G16+ E17+ I16+ I17\ F18/ B13+ B14+ A12+ C18/ F19/ B17/
LoopTrax_4334054 dgb vs. Authority : @0/ @1/ @1/ D1/ A0\ @2/ E0+ D0+ A2+ C5+ D6+ F2/ F1/ A6/ @6/ D7+ H2+ G6+ G7\ E8/ E9/ I2+ H5\ I5+ H9\ I9+ H10/
LoopTrax_4334055 Authority vs. dgb : @0/ @1/ B2/ B0\ C2\ B4+ A4/ C4\ A5/ A6+ @4+ E6\ C7/ E3+ F4/ E1/ E0/ F2\
LoopTrax_4337138 Riika vs. Rogue Trooper : @0+ A0+ B2+ A3+ @2+ B4+ A4+ B0/ A1+ C1/ B0+ A7/ D4+ C6+ D6+ B7\ A8/ E4/ @4/ F1/ C8\ G2/
LoopTrax_4337318 Charlo vs. jazzbeth : @0/ @1/ @1/ C0\ D2/ B1\ D0/ E3/ C4+ F3+ D0+ E1/ F1/ A2+ F6+ @4/ G0+ H3+ B1+ B0/ A2+ @6+ J5/ G1/ D0+ K6/ J4+ J3/ L3+ J8+ L2/ L1/ M4/ K9/ L6+ I10/
LoopTrax_4345182 GringoNZ vs. Charlo : @0/ @1/ B0/ A0+ @3/ @3+ C4+ E2/ E0\ F2\ G3/ H2\ I2\ H0+ F0+ A3\ @3\ C2/ D2/ F0/ D2+ @3/ A1\ @3/ F0+
LoopTrax_4347625 DINGEROO vs. DavidJ : @0+ B1\ C1/ A0/ B3\ A4/ @4/ A1\ C0\ A4+ @3+ A4/ F4\ F5\ F6\ G6\ G7\ H7\ H8\ H9+ I9\ B10/ A9\ G11\ H11\ I12\ J11/ H2+ I2/ J2+ K6+ I1/
LoopTrax_4349010 PuggieLover vs. Sea Dreams : @0/ A2+ @2\ B3\ C2/ D2+ C1+ D1+ B0/
LoopTrax_4349167 ypercube vs. Traxplayer : @0+ A0+ A0+ A0+ B2+ @3+ D2+ C4+ @3+ D5/ E1/ E0+ C7\ B6+ E7\ E8\ F3+ F4\ G4\
LoopTrax_4355980 Kriistina Jean vs. ypercube : @0+ A0+ A3/ A0+ A0\ @4/ A2+ @4\ A5+ A1\ B0/ D4/ @5+ B4\
LoopTrax_4355980 Sutik Ansalewit vs. ypercube : @0+ A0+ A3/ A0+ A0\ @4/ A2+ @4\ A5+ A1\ B0/ D4/ @5+ B4\
LoopTrax_4355981 ypercube vs. Kriistina Jean : @0+ B1\ C1/ A0/ A0/ @3\ B4+ D2+ C0\ E3\ E1/ RESIGN
LoopTrax_4355981 ypercube vs. Sutik Ansalewit : @0+ B1\ C1/ A0/ A0/ @3\ B4+ D2+ C0\ E3\ E1/ RESIGN
LoopTrax_4355982 Kriistina Jean vs. GringoNZ : @0+ B1+ B2/ B0/ C1/ D1/ B0+ A2\ @2\ A1\ C0/ E5\ RESIGN
LoopTrax_4355982 Sutik Ansalewit vs. GringoNZ : @0+ B1+ B2/ B0/ C1/ D1/ B0+ A2\ @2\ A1\ C0/ E5\ RESIGN
LoopTrax_4355983 GringoNZ vs. Kriistina Jean : @0/ B1\ A2/ @2/ @1/ C3+ D2\ E2\ E3\ C4/ D5/ D6/ F6+ D7/ F1+ RESIGN
LoopTrax_4355983 GringoNZ vs. Sutik Ansalewit : @0/ B1\ A2/ @2/ @1/ C3+ D2\ E2\ E3\ C4/ D5/ D6/ F6+ D7/ F1+ RESIGN
LoopTrax_4355984 Kriistina Jean vs. Authority : @0+ A0+ A3\ B3\ A0/ A5+ B2/ C2/ @3+ A4+ D1/ B6\ A1+ D0+ E1/ D6/ E3/ @4/
LoopTrax_4355984 Sutik Ansalewit vs. Authority : @0+ A0+ A3\ B3\ A0/ A5+ B2/ C2/ @3+ A4+ D1/ B6\ A1+ D0+ E1/ D6/ E3/ @4/
LoopTrax_4355985 Authority vs. Kriistina Jean : @0/ B1\ A2/ @2/ @1/ C3+ D3\ E3+ C4+ E4+ F2+ D5+ C5/ C6/ B6/ A3\ A5\ F0+ C1+ B8/ E8\ RESIGN
LoopTrax_4355985 Authority vs. Sutik Ansalewit : @0/ B1\ A2/ @2/ @1/ C3+ D3\ E3+ C4+ E4+ F2+ D5+ C5/ C6/ B6/ A3\ A5\ F0+ C1+ B8/ E8\ RESIGN
LoopTrax_4355986 ypercube vs. GringoNZ : @0+ A2+ B1+ B2+ C1+ B0+ B4+ @3+ E2+ C5+ D3\ E1/ C0\ A5+ @5/ @5/ @5+ A6/ E6+ F7\ A4\ @4\ D3+ B7\ C7\
LoopTrax_4355987 GringoNZ vs. ypercube : @0+ A0+ B2+ A0+ @2+ B0+ C1+ A1\ @1\ B0/ B0/ D2+ E3\ @3+ E7+ D7+ E8\ F6\ C6+ G8\ F9/ F10/ H8+ G3\ A5+ C7/ C8/ D9+ E11/ A7+ RESIGN
LoopTrax_4355988 ypercube vs. Authority : @0+ A0+ B1+ B0+ C2+ B0+ C2+ B0+ C2+ C1/ D4/ C0/ D6\ E4\ @6\ D6+ D0/ C8/ E4+ D0+ B10\ C11/ B12\ @7/ B9+ @8+ C13\ I6+ D6+ D5\ J6\ K6\ H4+ I3+ J3\ K7+ J8+ J9/ F12\ J12+ E13\
LoopTrax_4355989 Authority vs. ypercube : @0/ B1/ A2+ C2/ B3\ B4\ B5\ @2/ @2/ B1+ D0/ D0+ C0+ C0/ @6+ B4+ C1+ D0/ @6/ F1+ G2+ H3+ B8/ B4+ A3+ @7\ @6+ D1+ G0+ @7\ B9+ C10/ @4+ B3/ A8/ @5\ C9/
LoopTrax_4355990 GringoNZ vs. Authority : @0+ A0+ @2+ A3+ C2+ B0+ C2+ A2+ @2+ A3+ E3\ F3\ F4+ C5+ D6+ F6+ G4+ G3/ F2\ E7+ A4+ @4/ A5/ A6+ @4\ E7+
LoopTrax_4355991 Authority vs. GringoNZ : @0/ @1/ A0/ B3/ @2+ B0\ B0\ C3/ D2+
LoopTrax_4355992 Traxplayer vs. Riika : @0/ @1/ B0/ B3\ C1+ @2/ @1+ A0\ @1\ A0\ B0+ F1+ C0+ @4+ B6+ A2+ B1+ B0/ B0/ B0/ D1+ H4\ E1+ H7+ I4\ H0+ J2/ H0/ K3/ J1+ K7\ L3/ J8/
LoopTrax_4355993 Riika vs. Traxplayer : @0+ A0+ B1+ A0+ @2+ C1+ @2/ C0/ E3/ F2\ C0/ E5/ E1/ C0/ F7\ G5+ C7/ C8/ B6+ @6\ F8+ G9/ H8+ H10/ E10+ E11/ C10+ B7+ @7/ A8/ C10+ @9\ @6+ B5\ B4\ A4\ @4\ A3\ @6+ D10/ E11/ C10\
LoopTrax_4355994 Traxplayer vs. dgb : @0/ A0/ @1/ A0+ C3/ A0/ C2+ D1\ E1\ C0+ D4\ F1/ D0+ G3\ G4\ G5+ RESIGN
LoopTrax_4355995 dgb vs. Traxplayer : @0/ @1/ B0/ @1+ C0/ @3\ @3\ @3\ E4/ G1/ D0+ D6+ C2+ C0/ @7+ RESIGN
LoopTrax_4355996 Riika vs. dgb : @0+ A0+ B1+ A3+ @3+ A1\ @2+ C4/ @1/ B0/ B0/ @2+ F1/ C0/ C0/ C0/ @2+ A0+ B0+ @2/ H9\ I9\ J6/ H3/ H2/ I11\ J11\ H12/
LoopTrax_4355997 dgb vs. Riika : @0/ @1/ @1/ @1/ B0/ A3/ @3/ D4+ B5+ @3/ G2+ E1+ B0+ @1+ H6\ I4/ F7+
LoopTrax_4360404 Kriistina Jean vs. GringoNZ : @0/ @1/ A0/ @1/ @1+ B0\ B3+ C0/ D3/ A1\ @3/ B0/
LoopTrax_4360404 Sutik Ansalewit vs. GringoNZ : @0/ @1/ A0/ @1/ @1+ B0\ B3+ C0/ D3/ A1\ @3/ B0/
LoopTrax_4360405 GringoNZ vs. Kriistina Jean : @0/ A2\ B2\ B3\ A4\ B1+ C2/ D2/ D1/ A0/ C0\ C0\ E1+ C0\ E7+ RESIGN
LoopTrax_4360405 GringoNZ vs. Sutik Ansalewit : @0/ A2\ B2\ B3\ A4\ B1+ C2/ D2/ D1/ A0/ C0\ C0\ E1+ C0\ E7+ RESIGN
LoopTrax_4360406 Kriistina Jean vs. Authority : @0+ A0+ A3/ @3/ @3/ D2\ C4+ C5/
LoopTrax_4360406 Sutik Ansalewit vs. Authority : @0+ A0+ A3/ @3/ @3/ D2\ C4+ C5/
LoopTrax_4360407 Authority vs. Kriistina Jean : @0/ B1\ A2/ @2/ A3/ @3/ C0/ B0+ @1+ E4+ E6+ F6\ B7+ @2+ G3+ F7+ G1/ RESIGN
LoopTrax_4360407 Authority vs. Sutik Ansalewit : @0/ B1\ A2/ @2/ A3/ @3/ C0/ B0+ @1+ E4+ E6+ F6\ B7+ @2+ G3+ F7+ G1/ RESIGN
LoopTrax_4360408 Kriistina Jean vs. ypercube : @0+ A0+ A0/
LoopTrax_4360408 Sutik Ansalewit vs. ypercube : @0+ A0+ A0/
LoopTrax_4360409 ypercube vs. Kriistina Jean : @0/ B1\
LoopTrax_4360409 ypercube vs. Sutik Ansalewit : @0/ B1\
LoopTrax_4360412 Kriistina Jean vs. dgb : @0+ A2+ A3\ @3/ B4\ @3/ D2+ D5/ C0/ D1/ D0/ E4+ E5\ A4\ RESIGN
LoopTrax_4360412 Sutik Ansalewit vs. dgb : @0+ A2+ A3\ @3/ B4\ @3/ D2+ D5/ C0/ D1/ D0/ E4+ E5\ A4\ RESIGN
LoopTrax_4360413 dgb vs. Kriistina Jean : @0/ A2\ B2\ B3\ @3+ C4\ @3\ E2+ D1/ D0\ A2\ RESIGN
LoopTrax_4360413 dgb vs. Sutik Ansalewit : @0/ A2\ B2\ B3\ @3+ C4\ @3\ E2+ D1/ D0\ A2\ RESIGN
LoopTrax_4360414 GringoNZ vs. Authority : @0/ A0/ B2/ B1+ A3\ C1\ A0/ A0/ D4/ E4/ C2+ D1+ B0/ B0/ @3/ F7+ D1/ G6+ B1+ D0/ D0+ E3+ G5/ C0+ A10\ A11+ @10/ A9+ I8+ @8+ @8/ A7+ L8/ K5+ D4/ H12+ I12+ H13/ K11\ L11+ K12/
LoopTrax_4360415 Authority vs. GringoNZ : @0/ @1/ B2/ C2/ C3/ D2/ C4+ B4/ A4+ @4/ D1+ D0/ E0\ F2+ G3/ C2+ E0\ A4/ @5+ G5+ F8/ H8+ H1/ I6/
LoopTrax_4360416 GringoNZ vs. ypercube : @0/ @1/ B0/
LoopTrax_4360417 ypercube vs. GringoNZ : @0+ A2+
LoopTrax_4360418 GringoNZ vs. BigDaddyTuaine : @0/ A2\ B1/ @1\ A0/
LoopTrax_4360419 BigDaddyTuaine vs. GringoNZ : @0/ @1/ C1/ A2/ D1\ C0+ @1\ A0\ B1+ D5\ E4+ F4\ E5\ E6\ F5\ A6/ E7\ @4/
LoopTrax_4360420 GringoNZ vs. dgb : @0/ A2/ @1/ C1/ D2/ C3+ E3/ F3/ C4/ E2+ A3/ C5/ E1\ G2+ E4+ G3+ C6/ A4+ B7+ E5+ H3/ I2\ H4+ F1+ H1+ J2\ I5+ A0\ @1\ G1/ G0/ G7+
LoopTrax_4360421 dgb vs. GringoNZ : @0/ @1/ A0/ B1+ A3/ B4/ C3+ C5/ C6/ B6/ A6+ @3+ @4+ B0\ A1\ C0/ D1/ F5/ G4\ F3+ A0\ @3\ E0/ F1/ G1+ G0/ @5\ C8\ J3/ J2+ K4+ L6+ H0/ G2+ B2+ E1+ H0/ J1+ @4\ A3\ H0\ G1\ @4\ A3\ G1+ RESIGN
LoopTrax_4360422 Authority vs. ypercube : @0/ @1/ B2/
LoopTrax_4360423 ypercube vs. Authority : @0+ A0+
LoopTrax_4360424 Authority vs. BigDaddyTuaine : @0/ A2\ B1/ @2\ A0/ @2\ C1+ E1\ C0/ E4\ D5+
LoopTrax_4360425 BigDaddyTuaine vs. Authority : @0/ A0/ @1/ A0/ C3/ C4/ C2/ C1/ D3\ C0+ A0\ @3+ C6/ C7/ C0/ D1/ A1+ F5+ @1\ D0+ H7\ G8/ H5/ I6+
LoopTrax_4360426 Authority vs. dgb : @0+ A2+ @2+ B0+ C2+ C1+ D2+ B4/ @4+ C0/ C0+ B1+ C0/ E3/ E2/ F4\ A3/ A4/
LoopTrax_4360427 dgb vs. Authority : @0/ @1/ @1/ C0/ B0+ A4/ @1+ @2+ B0+ A1\ B6+ B7\ @2+ C0+ G4+ D7+ E8+ D9+ E10/ E11/ C10+ A5\ H5+ B9\ D12/ D13/ E12+ B10+ F11+ A10\ G9+ I9+ I10\ I11+ J11\ J6/ J5/ J12\ K7+ K9+ L5/ J4/ L9\ K12+ M7+
LoopTrax_4360428 ypercube vs. BigDaddyTuaine : @0+ A2+
LoopTrax_4360429 BigDaddyTuaine vs. ypercube : @0/ @1/ C1/
LoopTrax_4360430 ypercube vs. dgb : @0+ A0+ B1+ A0\
LoopTrax_4360431 dgb vs. ypercube : @0+ A2+ B2\ @2/ A3/
LoopTrax_4360432 BigDaddyTuaine vs. dgb : @0/ A0/ B1\ A3\ B3\ B4\ B5/ C3+
LoopTrax_4360433 dgb vs. BigDaddyTuaine : @0/ A2\ B2\ @1/ B3+ @1\ A0\ E3\ A4/ @3/ C5/
LoopTrax_4368758 Uncle Chuckie vs. Riika : @0/ @1/ A2/ A3/ C3+ C4\ D4\ D2+ C5+
LoopTrax_4369060 dgb vs. GringoNZ : @0/ @1/ @1/ B0/ C3+ C4/ @2+ E3/ E2+ E1/ C5+ C6\ C7\ A5\ D0+ @3/ @3/ B2+ A4+ @4/ A3+ C1\ @3\ B0+ B0/ B0/ A2+ D2/ F10+ F12/ E12/ D9+ C10+ C8+ C13/ B11\ A9/ @6+ H13+ RESIGN
LoopTrax_4369061 GringoNZ vs. dgb : @0/ A0/ B2/ B3+ @2+ C4/ C5/ A3+ @5+ D6/ E6+ E7\ F7\ F5+ E3+ G4\ H4+ E1/ RESIGN
LoopTrax_4369124 Kaisa vs. Riika : RESIGN
LoopTrax_4372498 Dragon101 vs. Goonerg : @0/ A0/ B2/ @2/ C1+ B0/ @2+ B4+ C5+ E2/ E3+ E0/ F1/ D0\ C2+ G2/ D8+ G3\ H2/ G6+ H3\ I4/ B1+ F7\ H7+ G8+ G9/ J3\ K6+ I1+ F0+ K3/ K2/ L4\
LoopTrax_4376111 supermac vs. Riika : @0/ @1/ B2+ C2+ B3/ @2\ A4+ @4/ @4+ A5/ A1\ D5\ @1/
LoopTrax_4379063 Charlo vs. Rogue Trooper : @0/ A0/ A0/ A0/ @3+ C4+ D3+ E1+ E0/ E0+ F3+ C7+ D7\ E6+ A2\ @2\ D0+ B2+ C1\ A5/ @2/ B1+ A6/ A7/ A8/ A9+ @8+ C10/ @7/ I9/ J6\ E11+
LoopTrax_4379227 jazzbeth vs. Traxplayer : @0/ @1/ B2/ C2/ C3/ D3/ D4/ E4/ D2/ D5\ D6\ C4+ E3+ B0\ F5/ G4\ D2/ F3/ B4/ H4/ G3+ I4/ H5+ J5+ G6+ I3/ F2/ F1/ F0/ K5+ B7/ A6\ J2+ I0/ E9+ C10+ A9+ E1+ E0/ E0/ @6+ A5+ @5\ A7+ B4+ C2\ M6/ N5\ M4+ D1+ G0/ @7/
LoopTrax_4380590 Uncle Chuckie vs. jazzbeth : @0/ @1/ A2\ B0\ C2/ D2/ C3+ E2/ D0/ A5/ @4+ F5\ G2/ D6+
LoopTrax_4385076 sweeteyes vs. Sista : @0/ B1\ A2/ B2+ C2\ C3\ B4\ C4\ C5\ D3/ E3+ E2/ E1/ B0\ F3+ B7+ B8/ @5+
LoopTrax_4385077 Sista vs. sweeteyes : @0+ @1\ A2/ @2/ A3/ D1/ B0\ A1\ @3/ D0\ B1\ B0+ A1\ E5\ F4\
LoopTrax_4387270 Riika vs. Paddington Bear : @0+ @1+ @1+ A2/ A3/ A4/ A0\ @4+ B6/ @3+ D6\ D1/
LoopTrax_4387487 mema vs. Traxplayer : @0+ A0+ A0/ A4\ B1\ B4\ B5\ C2+ @4/ A1\ A0\ E3\ A3+ @4\
LoopTrax_4392224 ypercube vs. Zanda : @0+ A2\ A0/ B3\ B4\ C2/ D2+ C1+ A5/ @4\ E5\ F5\ D6/
LoopTrax_4392225 Zanda vs. ypercube : @0/ @1/ A2\ @2/ B3\ C3\ D1/ @2/ A1/ B3+ B4/ @3\ F3+ G2\ E5\ F5\ B5+ E6+ G6+ @1\ A0\ A5+ @4/ B7/ C8+ A7\
LoopTrax_4392226 ypercube vs. balmoral : @0+ A0+ B1+ @1/ D1/ A0/ A0/ D2/ D1/ A0/ @5\ C6\ B6+ E5+ F4\ G4\ G5\ G6\ C7\ H6+ F7+ D8/ A8/ @7/ C9/
LoopTrax_4392227 balmoral vs. ypercube : @0+ A0+ B2\ @2/ A3/ D2\ C1+ B0\ A2\ @4/ D5+ F4/ E1+ F6\ G6\ B6+ C7/ @3\ A2\ A6/ @4/
LoopTrax_4392228 ypercube vs. Traxplayer : @0/ @1/ B2/ C1+ B3/ C0/ B1+ D3+ A4/ A5/ @5/ A6/ C0\ @2+ @5+ @6+ A3\ A2\ @6\ E8+ @2/ B1/ F0+ F0/ F0/ F0/ F0/ E4+ J7/ H4+ D1+ E0\ F0\ A11+ I3+ G2+ K14+ J16\ H1+ H0/ J6\ I8+ J1+ K6+ H0+ I1/ E1\ RESIGN
LoopTrax_4392229 Traxplayer vs. ypercube : @0/ @1/ A0+ A0\ @3/ A4/ @1+ C0\ D2+ C0+ @3/ A7/ RESIGN
LoopTrax_4392230 ypercube vs. Riika : @0+ A0+ A3+ A4+ B4+ B1+ @4\ D4/ D3/ E2\ A1\ @1\ @1+ C0+ A5/ @4+ D6/
LoopTrax_4392231 Riika vs. ypercube : @0/ @1/ B0+ B0+ A1\ @2/ D2/ E1\ D3+ B0\ D1+ F2\ G3/ G5+ H5\ H6\ I6\ E6/ D6+ F7\
LoopTrax_4392232 ypercube vs. dgb : @0+ A2+ B2+ B1+ C1+ B0/ B4\ C4\ C5\ D2+ E4+ B0\ RESIGN
LoopTrax_4392233 dgb vs. ypercube : @0+ A2+ B2\ @2+ B3/ D2\ C4+ B0/ @4\ @3/ G4\ H4\ G3+ E6/ C5+ A2\ @2\ A5\ A6+ A7\ @5+ RESIGN
LoopTrax_4392236 Zanda vs. Traxplayer : @0/ @1/ C1/ D1/ B0\ C0/ E3/ B4+ A2+ @3+ A4+ B5+ @3+ E0+ C1/ F1\ C0\ B3\ A2/ E7+ E1/ E0/ @3\ B2/ I5/ I4/ H2+ I8+ I3+ J5\
LoopTrax_4392237 Traxplayer vs. Zanda : @0/ B1\ A2/ @2/ B0+ A4\ D2/ D1/ E1/ C0\ D0+ D5+ D6/ @3/ G2/ A2/ G4+ H3\ G6\ E7/ H5\
LoopTrax_4392238 Zanda vs. Riika : @0/ A2/ A3\ B3\ @1\ A0+ B1+ A0\ @4/ A5/ A6/ @6/ C7\ E7\ F6/ C8+
LoopTrax_4392239 Riika vs. Zanda : @0/ B1\ A2/ @2+ B0/ C0/ D3\ E2+ D1/ D4+ B5\
LoopTrax_4392240 Zanda vs. dgb : @0/ A0/ A0+ @1+ B0/ C1/ C3+ B0+ A1\ @5/ A6/ A1+ @2+ B0/
LoopTrax_4392241 dgb vs. Zanda : @0/ A2\ B2\ @2\ B3+ @1\ A0\ E4+ A4/ @3/ C5/
LoopTrax_4392242 balmoral vs. Traxplayer : @0+ A0/ A3\ B1/ B0/ C4+ C5\ D1+ D5\ E5\ E6\ A6/ E7+ @5\
LoopTrax_4392243 Traxplayer vs. balmoral : @0/ B1\ A2/ B2+ @2\ C3\ C4\ D2/ A4/ B5/
LoopTrax_4392244 balmoral vs. Riika : @0+ @1+ B2/ A0\ B1+ @2/ A4+ B5/ C4+ @4/ A2+ C6/ E1\ A7/ @7/ E7\ D8/
LoopTrax_4392245 Riika vs. balmoral : @0/ B1\ A2/ B2+ @1\ B0/ C4+ D3/ B5\ A4+ @4/ F1+ D0\ E6/ F6/ G6/ B1\ C0/ C8\ @6/ I5+ @8+ A9/ A10+ @10/ C1\ K8\ B1/
LoopTrax_4392246 balmoral vs. dgb : @0+ A0+ A0/ @1\ A0\ @1\ C1/ C0/ D2+ D5+ D6\ E3+ B4+ D7/ C7/ C8/ B5/ @4/ F7+ @2\ A1\ @1\ @2+ B5+ B6\ E1+ F0\ C1+
LoopTrax_4392247 dgb vs. balmoral : @0/ B1\ B2\ A2+ C2/ C1+ C0/ D1/ E1/ E0/ E4\ D5/
LoopTrax_4392248 Traxplayer vs. Riika : @0/ @1/ @1/ @1/ B0/ D3+ @1\ B0+ C5+ @2\ A1\ C0/ @3+ @2/ @3\ @2/ D1+ A0+ @4\ @3/ C5+ @3/ G6/
LoopTrax_4392249 Riika vs. Traxplayer : @0/ A0+ A0\ @1\ @1+ B0/ D4/ E3\ F4/ C5/ @4+ F2+ E1/ H3/ F6+ D7/ C7/ @3/ @4\ B5+ @4\ A2+ @2\ @2\ A1\ H8/ G1+ F0+ H1/ J0/ K1/ L1/ M2+ A2+ A1/ @3\
LoopTrax_4392250 Traxplayer vs. dgb : @0/ B1/ B0/ C2+ A3/ @3/ A4/ @4/ A5/ @5/ A6/ @6/ A7/ D0+ @3+ I6+ H9+ G0/ H1/ I2/ J2+ A1\ RESIGN
LoopTrax_4392251 dgb vs. Traxplayer : @0+ A0+ B2\ C2\ @2\ D3+ D4/ C5+ E3\ A0/ A0/ @4\ B0+ @4+ C6+ D9+ @4/ @4/ B3+ A2+ D0/ C6+ G3/ G2/ I2+ J5+ H1+ RESIGN
LoopTrax_4392252 Riika vs. dgb : @0/ A0/ A3/ A0/ B3+ C2\ @1+ @3\ C5/ E0/ F1+ B1\ E0/ A3+
LoopTrax_4392253 dgb vs. Riika : @0/ B1+ C1/ B2\ D1/ B0\ D4\ E4\ A4/ @4/ D5/
LoopTrax_4394861 Authority vs. Traxplayer : @0/ @1/ B2/ C1/ C3/ D1/ E3/ C4+ E1/ C5/ C6/ F2/ B4/ D0+ A5+ D0/ D0/ @3+ C2/ @4\ @4\ @4\ C2+ C1+ G0+ J3+ G0/ D9\ E10\ @4/ E2+ G0+ L8+ G12/ D10\ L6+ M6/ A7/ B8\ M7+ M9+ N7\ I11+ N11\ M12/ O9\
LoopTrax_4394935 DavidJ vs. Uncle Chuckie : @0/ A2\ B1/ B0/ @1+ C0/ D1/ D0/ E1/ B0+ C0\ @4/
LoopTrax_4395035 GringoNZ vs. Rogue Trooper : @0/ A0+ A0\ @3/ A4/ @1+ A0\ @5+ B0/ @5/ B7+ D7+ B2+ C8/ F4/ E2+ G4\ F7\
LoopTrax_4395119 dgb vs. Traxplayer : @0/ @1/ @1/ @1/ B0/ A3/ @3/ A4/ C0+ B0/ @2+ @5/ @5+ @3+ A2+
LoopTrax_4395120 Traxplayer vs. dgb : @0/ A0/ @2+ C1\ B0\ @3\ C4/ C5/ C6/ D4+ E5+ F5/ @3\ B4+
LoopTrax_4395269 Dragon101 vs. lhh61 : @0/ B1\ A2/ A0/ @2+ A4\ C3+ @4/ A5/ E1/ E0/ E4\ F2+ C1+ A2+ @5+ B0+ H4/ D7/ C8\ D9/ B8/ @7\
LoopTrax_4400817 Rogue Trooper vs. Goonerg : @0+ @1/ C1/ A0/ @2/ D3/ D0/ E3/ A1\ B0/
LoopTrax_4401178 dgb vs. GringoNZ : @0/ @1/ @1/ B0/ B0+ @3/ @2+ E1/ A0+ @4\ B5\ G3\ F6+ D7+ H3+ B0/ D9/ D10/ E9+ E11+ G8+ D12\ E13/ F12/ G11+ B10/ B11/ F14\ RESIGN
LoopTrax_4401559 PuggieLover vs. JiffyJeff : @0/ A0/ B1/ B3+ C2\ A4\ @3\ D4\ E4\ D5/
LoopTrax_4401560 JiffyJeff vs. PuggieLover : @0/ B1/ A2\ @2\ B3+ B0+ @4/ A5/ A1\ @1\ B0/
LoopTrax_4402843 jazzbeth vs. Charlo : @0/ A0/ B2/ B3/ B4/ C2/ B1+ @1+ C0+ A4+ E4+ F4/ E2+ C6/ F1/ G1/ E7+ F7\ G7+ E8/ B7+ A7+ @2/ C9+ B9/ A9+ @9\ C10/
LoopTrax_4404245 Dragon101 vs. Traxplayer : @0/ @1/ A0/ @2/ @2+ C0+ A4/ @4+ A2+ B5/ B6/ @5+ D4+ D7\ E5+ A7/ D8+ @7\
LoopTrax_4410503 ypercube vs. Rogue Trooper : @0/ A0/ B2/ B1/ B0/ C1/ D3+ A4+ E1/ E0/ C1+ C0/ @2/ A6\ D0+ G2\ H5/ H4/ B8\ H3/ F8\ F9/
LoopTrax_4411918 Goonerg vs. Uncle Chuckie : @0/ B1\ A2/ @2/ B0/ D1/ B0/ B5+ D4/ D5/ E2+ D6/ D7/ B8+ F4+
LoopTrax_4412294 GringoNZ vs. jaha : @0/ A0/ @1/ A0/ @1/ B0+ @2/ D1/ E3+ @1/ E0/ E0+ F1/ B5/ G6+ A4+ G7+ H6/ H5/ D6/ D8+ E9/ G4+ G3/ I5/ J4+ J6\ J7+ J2+ I1+ K4+ K3/ L6\ L7\ L3/ L2/ M4\
LoopTrax_4416355 ypercube vs. Traxplayer : @0+ A0/ A3\ B1/ @3\ @3\ B1+ C0+ E2/ D5+ C5+ @3+ G3+
LoopTrax_4416356 Traxplayer vs. ypercube : @0/ @1/ B0+ @1/ B0/ C4+ D1\ B0/ @2+ A4+ F2+ C6/ B5+ @2/ @3/ I2\ J2\ I1+ F0+ F0\ K3\ J2+ F0\ G2+ J6\ I7+ G9\ E10/ E11+ D9+ C10\ I1+ F0\ K2/ L3\
LoopTrax_4416357 ypercube vs. Lorraine of the Renegades : @0+ @1/ C1/ A0/ @2/ A3/ D0/ E2\ A1\ @2/ D0\
LoopTrax_4416358 Lorraine of the Renegades vs. ypercube : @0/ @1/ C1/ @1/ D2\ E2\ D3/ E4\ F3/ C4/ C5+ C0+
LoopTrax_4416359 ypercube vs. dgb : @0+ A2+ A0/ @1\ B0/ B0/ C4+ @3\ C6\ D6\ B6\ D7+ RESIGN
LoopTrax_4416360 dgb vs. ypercube : @0/ @1+ @1\ A0\ @1\ D0+ E1/ F1/ E0\ A1+ F0/ G1/ C1\ RESIGN
LoopTrax_4416361 Traxplayer vs. Lorraine of the Renegades : @0/ A2\ B2\ @2\ B3+ @1\ B0/ A4\ B5+ E4/ D2+ D1+ D5/ D0/ F6\ F7\ F3/ D0\ E3/
LoopTrax_4416362 Lorraine of the Renegades vs. Traxplayer : @0/ @1/ C1/ D1/ D2/ E2/ D0+ E1\ B3/ A0+ F2/ @2+
LoopTrax_4416363 Traxplayer vs. dgb : @0/ A2/ @2/ C2+ A3/ D1\ @2+ @3\ G1\ E4+ D5+ F3+ H2+ D0+ RESIGN
LoopTrax_4416364 dgb vs. Traxplayer : @0/ @1+ B2/ C1/ C0/ @3\ @3\ @3\ E4/ G1/ D0+ H4+ H6+ G7+ I5+ D0/ F0+ E0/ E0/ E0/ D2/ H4+ I4\ J6+ I8+ G2/ K5/ K4/ K3+ L5\ L6\ J7\ M4+ RESIGN
LoopTrax_4416365 Lorraine of the Renegades vs. dgb : @0/ @1/ A2/ C2+ C3\ C4+ D3/ @4/ B5\ A1\ @2\ B0/
LoopTrax_4416366 dgb vs. Lorraine of the Renegades : @0+ @1/ C1/ B2+ B0+ @3\ E2\ E3\ F3\ F4\ F1/ G2\ D0/
LoopTrax_4416712 DINGEROO vs. DavidJ : @0/ B1\ A2/ B0\ B3+ A4+ @4/ D2\ E1/ E0/ @5\ A4\ A1+ @3/ B0\ @3+
LoopTrax_4418377 DINGEROO vs. Riika : @0/ @1/ A2+ B0+ C3\ C4\ D2/ D1/ E2+ E0/ F1/ C6/ B6/ B7/ A7/ E6+ F6\ G6+ G7\ A8/ @8/ @5+ F8\ B9/ G9+ @7+
LoopTrax_4418524 supermac vs. Thud : @0/ B1+ A0/ @2\ B3+ A3/ @3/ @3/ B4+ B5\ D6+ E5\ F5\ F6\ C7\ B6+ B2+ B1\ E0\ E0\ B0+ A2\ @2\ A1\ A0\ D1+ F2+ E0\ G4/ H4+ G2+ A6+ @3+ A7+ B9+ H8+ I11+ J8\ E0/ RESIGN
LoopTrax_4421379 DavidJ vs. Authority : @0/ A0/ @2/ A0+ @1\ @1+ A0\ A5/ @4\ E5\ C6/ F5/
LoopTrax_4423196 ypercube vs. JiffyJeff : @0+ A2/ A0\ @3/ A4/ @2\ B0/ B0/ @4+ RESIGN
LoopTrax_4431725 Kriistina Jean vs. ypercube : @0+ A0+ A3/ A0+ A0\ @1\ A0\ @1\ A4+ D4\
LoopTrax_4431725 Sutik Ansalewit vs. ypercube : @0+ A0+ A3/ A0+ A0\ @1\ A0\ @1\ A4+ D4\
LoopTrax_4431726 ypercube vs. Kriistina Jean : @0/ B1\ B2\ C2\ B3/ B4/ A3\
LoopTrax_4431726 ypercube vs. Sutik Ansalewit : @0/ B1\ B2\ C2\ B3/ B4/ A3\
LoopTrax_4431727 Kriistina Jean vs. dgb : @0+ A2+ A3/ B3\ A4+ A5\ B5\ B6\ C6\ C2/ RESIGN
LoopTrax_4431727 Sutik Ansalewit vs. dgb : @0+ A2+ A3/ B3\ A4+ A5\ B5\ B6\ C6\ C2/ RESIGN
LoopTrax_4431728 dgb vs. Kriistina Jean : @0/ B1\ B2\ C2\ B0+ B4+ A3/ @3/ A4/ @4/ C5+
LoopTrax_4431728 dgb vs. Sutik Ansalewit : @0/ B1\ B2\ C2\ B0+ B4+ A3/ @3/ A4/ @4/ C5+
LoopTrax_4431729 coopaah vs. ypercube : @0/ @1/ @1/ @1/ C0+ D3+ C0/ E2\ D5\ @3+ A1+ A0/ @2+ C0\ H3\ C0+ C0\ C0\ E4+ A4\ B3+ @6+ D10+ H11/ I8+ J5/ H4+ J11+ J12\ K6\ K7\ L7\
LoopTrax_4431730 ypercube vs. coopaah : @0/ @1+ @1\ A0\ @1\ D0+ C0+ A5+ @4/ A2+ C6\ D6\ F2/ F1/ D7\ E7\ F6+ G2+ B7/ D8+ A5+
LoopTrax_4431731 coopaah vs. dgb : @0/ @1+ A2/ A0\ @3/ A4/ @4/ D4\ D5+ E2\
LoopTrax_4431732 dgb vs. coopaah : @0+ A2+ B2\ @1\ C3\ B0+ C1/ D1/ D5/ A4+ E3+ D0/ F6\ E7+ G5/ G4/ G7\ H7+ F8/
LoopTrax_4431733 ypercube vs. dgb : @0/ B1\ A2/ A0/ @2/ D2/ C3\ D4/ E2/ F3+ G3/ H2\ E5+ F6/ E7\ D6+ C5+ G5+ F8+ E1/ D0/ B7\ A7\ H6\ I4/ J2/ I1\ H10\ I8+ J5+ K5/ D9/ C8+ @8/ C9+ F10+ RESIGN
LoopTrax_4431734 dgb vs. ypercube : @0/ @1/ A0/ @1/ B3/ B0\ B0+ C1+ C0/ D2/ D3+ D5+ B7+ E5\ D8+ D9/ D10/ F8+ F5+ G7\ G9/ E3+ G4+ @4\ B2+ RESIGN
LoopTrax_4436715 Charlo vs. dgb : @0/ A0/ A0/ A4/ @1+ C1/ A0\ A0+ @1\ E6\ C7/ E1/ B0/ F3\
LoopTrax_4436730 Traxplayer vs. jazzbeth : @0/ @1/ B0/ @1/ C0+ D1/ E1+ E2\ B4+ B5/ D0+ B1+ A5+ E4\ F4\ E1+ B7/ C6+ @4\ A6+ E6\ F6+ @4+ @4/ @5\ B6+ H8+ C8+ D9+ F9+ G10/ H9+ G11/ I10+ I12+ F12+ @5+ D1+ F0/ C2+ F0/ A3+ H0/ I1+ D1+ C2\ F0/
LoopTrax_4438031 Dragon101 vs. Rogue Trooper : @0/ A0+ @1/ @1/ @1/ B0+ B3+ @1+ B0/ B5\ C6/ C7/ A4+ B8\ @7+ E8+ A4+ @3/ C0+ B1+ C0/ D11\ F12\ G11/ E1/ F3/
LoopTrax_4438325 lhh61 vs. Charlo : @0/ @1/ B2/ C2/ C3/ D3/ E3/ C4+ F3/ D5\ A0/ G5+ G6\ G7+ H5/ H3/ I5/ D3+ A0+ F3/
LoopTrax_4440515 DavidJ vs. Dragon101 : @0/ A0/ @2/ @1+ A0\ A0+ @1\ E1/ E0\
LoopTrax_4441186 dgb vs. Authority : @0+ A0+ B2\ B1+ @2\ B0+ @2\ B1+ B0\ A1\ A0\ @4+ @3+ @2+ C5/ B5/ E6/
LoopTrax_4441187 Authority vs. dgb : @0/ A0/ @1/ A0+ A3+ C2\ B4/ A0/ D3\ @4\ B0/ A2+ @4/ B6+ C0+ A2+ B0/ @3+ A1\ A0\ @5+ A2+ @3+ @4\ H3/ I2\ B6+ J6+ J3+ I1/ J1/ J0/ K3\ C1\ B1\ F2+ F0\ E1\
LoopTrax_4441188 dgb vs. ypercube : @0/ @1/ @1/ B0/ C3+ A0\ @1\ C5+ B0+ C0\ B0/ @3/ E2/ E8\ F8\ F9\ G6+ H8+ D0/ E2+ F2/ F1/ G1/ D0+ C1\ B1\ C0/ G1+ B0\ A2/ E1/ D0+ B1\ E0\ H4/ G3/ H7\ I4/ H8/
LoopTrax_4441189 ypercube vs. dgb : @0+ A2+ A0+ B3+ C3+ B4/ @4\ @4\ B2+ D2/ F3/ E1+ @4\ C5+ @3+ E6/ D7\ H4/ G5\ I1/ G0/ G9+ H8\ I5+ RESIGN
LoopTrax_4441190 Authority vs. ypercube : @0/ @1/ A0/ B1+ C1/ D1/ A3+ B0\ C0+ C0\ B0/ B0/ @6+ C9/ D7+ F6/ G5\ H6/ G3+
LoopTrax_4441191 ypercube vs. Authority : @0+ A2+ A0+ A0+ B1+ B4\ @4\ C5+ B6\ C7/ B8\ @3/ E8\ D9/ B7+ F6+ A2+ B0/ A10/ C11+ @5\ @3+
LoopTrax_4442906 Goonerg vs. Rogue Trooper : @0/ A0/ B1+ C1+ B3\ C3\ D3+ D4\ D5\ D6+ C6+ D7\ A4/ @4/ C6+ A1\ @3+
LoopTrax_4443214 jaha vs. ypercube : @0/ A0/ @1/ B0/ @2+ @2/ E2+ C0+ A2+ F2\ G2\ H2\ E1+ D5/ B4\ @2\ I0/ J1/ C6\ @3\ A1+ B0+ G8+ RESIGN
LoopTrax_4443281 ypercube vs. GringoNZ : @0+ B1+ C1+ B0+ D2+ C3+ D3+ D4\ E4\ F4\ F2+ G3/ E1/ D5/ C4+ B4/ B5/ D6+ RESIGN
LoopTrax_4448069 Rogue Trooper vs. Paddington Bear : @0+ @1+ @1+
LoopTrax_4448080 Goonerg vs. Authority : @0/ A0/ @2/ A0+ @3/ A4/ @1+ @2+ C0+ A6/ @4\ F6+ D7/
LoopTrax_4448293 Dragon101 vs. Riika : @0/ @1/ A0/ A0/ A4/ @4/ A5+ @1+ C0/ C0+ D3+ @6+ C0/ A2+ @2/ @6/ A7/ A8/ @4+ B2+ @5+ C9/ C10/ E9+ C11/ A12/ @10+ F12+ G9\ D13/
LoopTrax_4456310 Lorraine of the Renegades vs. Riika : @0/ @1/ B2/ B3/ C3/ D3/ C4/ E3/ D2+ E1\ B0/ A4/ A0\ F6\ @1/
LoopTrax_4457882 Uncle Chuckie vs. Dragon101 : @0/ A0/ B1/ B0+ B4\ C2+ @2+ A0\ @2/ B0\ C7/ B7/ A7/ @7+ A8/ F6\ G7/ H7/ F8+ F9/ G4+ G3/ H9\ I7+ G10/
LoopTrax_4464585 Authority vs. GringoNZ : @0/ @1/ B2/ A2+ @2/ C0\ C0\ D2+ E2\ A5/ A6+ D4+ D5\ B7/ E4+
LoopTrax_4467310 ypercube vs. Lorraine of the Renegades : @0+ @1/ A0\ @1\ @1\ E2\ C3/ B3\ @1\ C0/ A4/ B5+ @4\
LoopTrax_4467311 Lorraine of the Renegades vs. ypercube : @0/ @1/ C1/ @1/ A0\ @2/ F2\ C3+ E0/ D0+
LoopTrax_4467312 ypercube vs. dgb : @0/ A0/ B2/ B3+ B4\ C3/ D3/ D2/ D1/ @3+ A2+ @3\ @3\ B1+ D4+ C5+ B5+ C6\ G0/ H4+ H6+ G0/ RESIGN
LoopTrax_4467313 dgb vs. ypercube : @0/ @1/ @1/ @1/ B0/ C3\ C4+ @2+ B5/ A5/ @2/ F4\ G3/ E1+ G1\ H1\ E0/ G0+ C2+ D1\ F0/ H8\ I6+ G9/ F9+ RESIGN
LoopTrax_4467314 Lorraine of the Renegades vs. dgb : @0/ A0/ @2+ B0/ C2/ D2/ C1/ C0/ @1\ C0+ C0\ B0/ E3\ @6+ @4\ C1\ D0/ A2\ B1/ @4+
LoopTrax_4467315 dgb vs. Lorraine of the Renegades : @0+ A2\ A0/ B1/ A0/ @4/ C5/ @4/ B1\ B0\ A6/ C7\ @5+
LoopTrax_4467316 GringoNZ vs. Goonerg : @0/ @1/ A0/ A0/ @1/ C4\ D3/ A0/ @1/ @1/ A0/ @2/ B0+ B4+ D2+ B5/ C0/ D1/ D0/ E4/ B1\ D7+ F6/
LoopTrax_4467317 Goonerg vs. GringoNZ : @0/ @1/ B2/ A0/ C3\ C4\ C1/ D3+ A0/ A0/ @1+ E1/ F3+
LoopTrax_4469556 Christeeny vs. DavidJ : @0/ B1\ A2/ @1/ C0/ D2\ D1+ A1\ C0/ @2/
LoopTrax_4474075 JiffyJeff vs. Rogue Trooper : @0/ A0/ @1/ B0/ A0/ C3+ A4/ B1/ @1\ A0\ E2\ E3\ F3\ E5+ F1\ @3+ C6/ @5+ C0\ E8+ F2/ H8\ RESIGN
LoopTrax_4474541 Authority vs. Traxplayer : @0/ @1+ A2/ A0\ @1\ B4/ B5/ @2+ E1\ A6/ @4+ @3/ @3/ @4\ A2/ B2+ D0+ J2\ H1+ D0/ H5+
LoopTrax_4475967 REBEL DJ vs. Dragon101 : @0+ A0/ @2\ @1/ B0+ A0/ D4+ B5\ B0\ C2+ D3+ @4/ B7+ A0\ @2/ E1/ A8/ F2/
LoopTrax_4476273 Charlo vs. Authority : @0/ @1/ @1/ A0/ @1/ A0/ C2+ D1/ E3/ B4/ A4/ @3+ C5+ C6/ C7/ C8/ A5+ @4+ @4/ @4/ C2+ A3\ @2/ I0/ E1+ D0/ D0/ D0/ F2+ G2\ H3/ D0/ C1+ C0\ B4+ G6+ J6/ K6/ I5+
LoopTrax_4482637 Goonerg vs. Lorraine of the Renegades : @0/ B1\ A2/ @2+ B0/ C0/ D3+ A1/ A5\ @1\ B0/ D0/ E3/ F4\ G5/ D7\ E8/ G3\ F8\ E9/ G6+ H4/ H8\ G9/ G10/ B8/ A6/ @5\ E10+ I3/ G2/ G1/ B10/ A9\ A8+
LoopTrax_4482762 Riika vs. balmoral : @0+ B1+ A0/ A3/ @2\ D1\ A0\ @2/ E1/ C0+ F2\
LoopTrax_4482866 ypercube vs. jazzbeth : @0+ A2+ A0+ @3+ C3/ C4/ B5\ D4+ E4/ D2+ F2+ C1+ G3/ H3/ G1\ F0+ G5+ G6/ F7\ I4/ J3+ A5+ @6\ A7+ F8+ D1/ F0/ H1\ F0/ I2+ J1+ G0+ H0+ L5+ H0\ L4/ M6/ M3+ N4/ O3+ P3/ O2/ O1/ P1/ K1+ J0/ N1\
LoopTrax_4486769 DavidJ vs. Riika : @0/ A0+ A0\ @1\ A0\ @1\ @4/ A5/ B0\ @1+ E0+ F1/ F0/ G1/ C1\ G0+ B2/
LoopTrax_4491543 Miss Traven vs. Christine : @0+ B1/ B2\ C1/ C0/ @2+ E1\ E0/ E3+ F1\
LoopTrax_4496080 ypercube vs. GringoNZ : @0+ A2+ A0+ A0+ B2+ B1+ B0/ @4+ D2+ C0\ B2+ A2\ A1\ @1\ D0+
LoopTrax_4496081 GringoNZ vs. ypercube : @0/ @1/ B0+ @1/ A0/ @1/ B0/ C1+ D5/ B4/ A4/ A5/ E3/ F2\
LoopTrax_4496082 ypercube vs. Authority : @0+ A0+ @2+ A3+ @3+ A4+ @4+ A5+ @5+ A6+ @5+ B7+ B8/ C8\ C9\ A6/ RESIGN
LoopTrax_4496083 Authority vs. ypercube : @0+ @1+ @1\ B0\ D2\ D1\ C0/ C0/ E3\ C5/ C6+ F1+ C0/ D0+ E6\ B2+ B1\
LoopTrax_4496084 ypercube vs. Traxplayer : @0+ B1/ C1/ A0+ @1\ A0\ C1+ @2+ B3/ E4\ RESIGN
LoopTrax_4496085 Traxplayer vs. ypercube : @0/ @1/ B0/ @1/ C0+ @2/ D0/ E4\ C5+ C6/ A1+ RESIGN
LoopTrax_4496086 ypercube vs. dgb : @0+ A2+ B2+ A3/ A0\ A5+ @3+ A1\ A0\ @4+ C7/ B0+ E5+ E6+ B0\ B0\ D4+ E4\ F5/ E3+ @6+ B3+ @4+ @4\ @4\ B5+ @5+ B6/ @5\ @5\ @5\ A3/ B3+ F2+ @5\ C6/ F7/ G7+ G8\ H8\ I9/
LoopTrax_4496087 dgb vs. ypercube : @0/ @1/ @1/ A2/ C3\ D2/ C4+ B0+ B0/ C0\ A2+ @6\ @6\ @2/ A1+ D0+ B1\ E0\ A6+ RESIGN
LoopTrax_4496088 GringoNZ vs. Authority : @0/ A0/ B1+ @2\
LoopTrax_4496089 Authority vs. GringoNZ : @0/ @1/ B2/ C2/ C3/
LoopTrax_4496090 GringoNZ vs. Traxplayer : @0/ @1/ A2+ B0+
LoopTrax_4496091 Traxplayer vs. GringoNZ : @0/ @1/ A0/ B1+ @2+
LoopTrax_4496092 GringoNZ vs. dgb : @0/ A0/ @1/ A0+ C2+ A0/ B5\ D3\
LoopTrax_4496093 dgb vs. GringoNZ : @0+ A2+ B1/ @1\ C0/ @1/ E1\
LoopTrax_4496094 Authority vs. Traxplayer : @0/ @1/ A0/ @2/ A0+ @3/ A4/ @4/ C0/ E1+ A1\ RESIGN
LoopTrax_4496095 Traxplayer vs. Authority : @0/ @1/ @1/ @1/ B0/ C1/ A0\ @2/ C0+ B5/ E2/ B6+ F2+ G3+ C7/ A6/ @7\ @6/
LoopTrax_4496096 Authority vs. dgb : @0+ B1\ @1\ D1+ B2+ D0/ D0+ C0/ C0+ @5\ F4/ D7/ D8+ E8+ E9\ B4+ B3/ F9\ G6+ E10+ D10/ C10+ B9/ D11/
LoopTrax_4496097 dgb vs. Authority : @0/ @1/ B0/ @1+ C0/ D1/ A0+ B0+ E1\ E5+ B6+ F3+ @3+ D7+ G6+ G8+ E9\ E0+ H3+ H4+ H7\ H10/ D10/ F11/ A6/ A7/ A8+ @6+ H2+ C11/ I5+
LoopTrax_4496098 Traxplayer vs. dgb : @0/ @1/ @1/ A0+ B3+ B0/ B0/ A2+ @4+ C6/ C7/ D6+ E3\ F3\ C8+ D1/ A7+ E7+ D9+ G5+ A8/ @8/ D9+ @8\ F0/ C2+ B7+ J5\ K5\ G11/
LoopTrax_4496099 dgb vs. Traxplayer : @0+ A0+ B2\ B3+ @2\ @2\ B3+ B4+ B0/ @3+ @3\ G3\ C5+ C6/ C7/ C8/ E6\ F6\ @3/ A4/ A9+ RESIGN
LoopTrax_4499463 ypercube vs. Rogue Trooper : @0+ A0+ A0+ A4+ B3+ C3\ @3\ D4\ D2/ E3+ F3/ F2/ C1+ C0/ G3/ H2\ H5+ I3/ F6/
LoopTrax_4501265 dgb vs. ypercube : @0/ @1/ B0+ A3\ C1\ B0\ @3+ E2\ D1+ C0+ D5+ E6/ E7/ D8\ B6+ RESIGN
LoopTrax_4501288 Rogue Trooper vs. Traxplayer : @0+ B1/ B0/ C1+ B0/ B4\ D3/ @2+ D0\ F3\ E5+ G4+ G3+ G6\ C6/ E7+
LoopTrax_4504334 Charlo vs. Dragon101 : @0/ A0/ A3/ A4/ B2+ @1+ @2+ C5/ @4+ A6+ C0\ B2\ A2\ @5\ C1+
LoopTrax_4508458 jazzbeth vs. Dragon101 : @0/ A0/ B2/ B1/ @1/ @1/ A0/ A0/ @3+ C1/ C0/ A5/ D3+ A6\ C5+
LoopTrax_4513801 Uncle Chuckie vs. Rogue Trooper : @0/ A0/ @2/ A0/ C3+ C4\ D4\ A5+ E3/ E2/ B1/ E0+ D0/ F2+ B1\ C0+ C0\ B1\ A3/ @4\ @5+ E0/ F1/ G1/ H2+ B1\ I2/ A1/
LoopTrax_4516652 Riika vs. balmoral : @0+ B1+ @1+ D1+ B2/ B0/ @3\ D3\ D4\ F3/ A4+ A5\ C6+ @5/ A6/ C7\ C8\ E8/ @8/ C9+ A5\ A4/
LoopTrax_4516828 Authority vs. dgb : @0/ A0/ B2/ @2+ B0\ @3\ B4+ C4+ C5+ @3/ B4+ B5/ A5/ @5+ C6+ A2\ @4+ C1/
LoopTrax_4516887 Riika vs. GringoNZ : @0/ @1/ C1/ B0/ A0\ @1\ B0+ D2/ @2\
LoopTrax_4519135 dgb vs. GringoNZ : @0/ @1/ @1/ B0/ @2+ @2/ @2/ D0+ F4+ D5\ D0/ D0/ C2+ D0+ F2+
LoopTrax_4519136 GringoNZ vs. dgb : @0/ A0/ @1/ B0/ C2/ D2+ A0/ D2/ E3/ F3/ C5+ A4/ B6\ @3+ E1+ D0/
LoopTrax_4524471 Uncle Chuckie vs. DavidJ : @0/ A2\ B1/ @1/ D1\ D2\ E2\ E3\ B3+ B4/ F4/ E5\ G1+ G0/ H1/ F0\ H5\ H6/
LoopTrax_4525891 Authority vs. dgb : @0/ A0/ B2/ A3/ A4/ A0/ @5+ D3+ A6+ D6\ E4+ @6\ B7/ A1\ @6\ B0/
LoopTrax_4525892 dgb vs. Authority : @0/ @1/ @1/ @1/ B0/ A0/ C4/ B4/ B5/ D2/ D1+ E2\ A0+ @4+ A5/ @5/ G6+ D7+ H3+ H2/ H1+ C0/ I2\
LoopTrax_4525893 Authority vs. Miss Traven : @0/ B1\ A2/ B2+ @1+ C3\ C4\ D4\ A4/ E3\ B5/
LoopTrax_4525894 Miss Traven vs. Authority : @0/ A0/ @2+ C1\ @2/ D0\ A4\ A1\ @1\ B0/
LoopTrax_4525895 Authority vs. Traxplayer : @0+ A0+ @1+ A0+ @1+ B0+ @2+ C0+ B2+ C0+ D1+ C0/ E2+ D8+ E7+ E3+ F3+ E4/ @5+ E0/ F2+ G2/ G1/ G0+ H3+ D1\ C3/ D0/
LoopTrax_4525896 Traxplayer vs. Authority : @0/ @1/ A2/ B3+ C1/ C0/ D1/ B5/ B6/ @5+ @4/ @4/ @5\ @4/ D6+ C7+ @7+ D8/ F2+ J0+ C4+ @7/ C10+ @8+ A7+ @7+ I0\ H3+ N5+ L7+ O6+ L0+ M1/ N1+ RESIGN
LoopTrax_4525897 Authority vs. AndrewB : @0/ B1\ A2/ @1/ B0+ A0/ @3+ A4/ @4/ D0/ E3/ F4\ B6+
LoopTrax_4525898 AndrewB vs. Authority : @0/ @1/ B2/ C2/ C3/ D2/ B3+ C1+ A3/ A4/ E1/ @3+
LoopTrax_4525899 Authority vs. ypercube : @0/ A0/ A0/ A4/ B1/ B0/ A0/ C6\ A7+ D4+ @7\ F2/ D1+ F6\ E7/ G4+
LoopTrax_4525900 ypercube vs. Authority : @0+ A0+ B2+ B3+ C3+ C4+ D4+ D5+ E5+ E6+ @1+ A0+ G7+ F8+ H7+ G6+ I7+ H6+ I8\ H5+ J7+ I5+ I9\ J10/ I4/ J4/ J3/ K6+ L5+ M4+ K10+ L9+ N4\ J2+ I1+ H10/ I11\ I12\ H2+ G2/ L12\ J13+ M8+ M12+ L2+ K1/ H0/ H13/ G14\ E14/ F15\ N9\ O8\
LoopTrax_4525901 dgb vs. Miss Traven : @0+ @1/ C1/ C0\ B3+ A4\ B5/ C4\ D3+
LoopTrax_4525902 Miss Traven vs. dgb : @0/ A0+ @2\ B0/ A2+ C2+ A1\ A0/
LoopTrax_4525903 dgb vs. Traxplayer : @0/ @1/ @1/ @1/ B0/ A3/ @3/ A4/ @4/ A5/ @5/ A6/ H4+ G7+ I2/ G1/ I7+ J6+ F8+ RESIGN
LoopTrax_4525904 Traxplayer vs. dgb : @0/ A0/ @2+ B0/ A4/ C2\ B0+ B0/ B0/ @4+ @5\ @5\ @5\ G3+ H5\ I5+ D6/ B6+ D2+ I6/ RESIGN
LoopTrax_4525905 dgb vs. AndrewB : @0+ @1\ C1\ C0\ D2\ C0\ C4+
LoopTrax_4525906 AndrewB vs. dgb : @0/ A0/ A3/ A0/ B4\ B5\ C1/ C0/ D3+ @4+
LoopTrax_4525907 dgb vs. ypercube : @0/ @1/ @1/ @1/ B0/ D3\ E3\ C1/ C4+ A0+ @2\ D0/ E1/ @3\ A2\ B1\ E0+ @5/ A6/ C7+ F8/ RESIGN
LoopTrax_4525908 ypercube vs. dgb : @0+ A2+ B1+ A3+ @2\ @2\ @2\ B0+ B0/ E5\ F5\ D6+ C6/ @6+ RESIGN
LoopTrax_4525909 Miss Traven vs. Traxplayer : @0/ @1/ A2\ C1\ C2\ D2\ B0/ C4+
LoopTrax_4525910 Traxplayer vs. Miss Traven : @0/ A2+ A3/ @3\ C1\ A2+ B0\ C3\ A1/
LoopTrax_4525911 Miss Traven vs. AndrewB : @0/ B1\ @1\ B2\
LoopTrax_4525912 AndrewB vs. Miss Traven : @0/ A2\ B2\ B3\ @1\ C1+ A0/
LoopTrax_4525913 Miss Traven vs. ypercube : @0/ @1/ B0+ @1/ C0\ B4\ C4\ D4/
LoopTrax_4525914 ypercube vs. Miss Traven : @0+ @1\ C1+ D1/ C2/ A0/ C1\
LoopTrax_4525915 Traxplayer vs. AndrewB : @0/ B1\ A2/ B0\ @2+ C0/ D3+ B5/ A1\ B0\ @2/
LoopTrax_4525916 AndrewB vs. Traxplayer : @0/ @1/ C1/ B0\ D2\ B3+ C0/ D1/ B0\ E3+
LoopTrax_4525917 Traxplayer vs. ypercube : @0/ @1/ A0/ @1/ A0/ @2/ A0/ D3/ D2/ @3+ D1/ @3/ C0+ F1/ D0+ G3\ RESIGN
LoopTrax_4525918 ypercube vs. Traxplayer : @0+ A0+ A3+ A0+ B1+ A0+ C2+ B5+ @5\ B6/ C4/ D1/ A2\ @2\ @2\ F0/ G4/ C1/ G0\ H4\ E0\ D1\ H1/ I1\
LoopTrax_4525919 AndrewB vs. ypercube : @0/ A0/ A0/ A0/ A5/ B3+ C1\ @4+
LoopTrax_4525920 ypercube vs. AndrewB : @0+ @1\ C1+ D1/ C2/ C0/ B4\ C0\ B2+ C6/ B7\ C0\ D8\ D9\ E4\
LoopTrax_4530925 Traxplayer vs. Authority : @0/ @1/ A0/ @1/ B0/ A3/ A4/ C5/ @4/ @4/ B5+ E1/ E0/ F1/ F0/ G1/ G0/ H1/ H0/ I1/ I0/ J1/ J0/ K1/ K0/ L1/ L0/ M1/ M0/ N1/ N0/ O1/ O0/ P1/ P0/ Q1/ Q0/ R1/ @3+ B0+ R20+ T20+ D21/ C21/ G0+ @10+ U1/ V11+ T0/
LoopTrax_4531986 Charlo vs. Rogue Trooper : @0/ A0/ A3/ B2+ A4/ @1+ C0\ D2\ @2\ E4+ B6\ C7/ C0/ A4+ A0+ @2+
LoopTrax_4532037 JiffyJeff vs. Dragon101 : @0/ A0/ @2/ @1/ @1/ E1+ D0/ C4+ B3+ F2/ G1\ B4/ @2/ B0+ @3\ A4+ G6+ H4+ I5+ J3/ G7/ J1/ I7\ K2/
LoopTrax_4536329 ypercube vs. Leeeeeesa : @0+ @1/ C1/ B2/ B3/ B0\ C4\ D2/ C5/
LoopTrax_4536330 Leeeeeesa vs. ypercube : @0/ @1/ B2/ C2/ C1+ C0/ A3+ A1\ B4/ @2\
LoopTrax_4536331 ypercube vs. Lorraine of the Renegades : @0+ @1\ C1+ A0+ D2+ B0/ C1/ A4+ B0\ A1\ D1/ C0\ D6/ E5\ E4/
LoopTrax_4536332 Lorraine of the Renegades vs. ypercube : @0/ @1/ @1/ @1/ @1/ C0+ C3\ E0/ F2\ A1\ C0/ @3\
LoopTrax_4536335 Goonerg vs. dgb : @0/ A0+ B2/ A3/ @3/ A4/ @1+ A0\ @5/ A6/ C6+ B0/ D8/ F3\ G4+ F2/ D1+
LoopTrax_4536336 dgb vs. Goonerg : @0/ @1/ A0/ B3\ C3\ @2/ B4/ B5+ E3/ D2+ D1/ E1/ D6+ E6\ F1+ D0+ F7+ F8/
LoopTrax_4536337 Goonerg vs. Lilac Oyster : @0/ B1\ A2/ B0\ C2+ @2+ D0/ E2\ A1\ @2/ C0/
LoopTrax_4536338 Lilac Oyster vs. Goonerg : @0+ A0\ B2/ A0\ @1\ A0\ @1\ @1+ @2\ E5\ B0\ B6+ E7\ @4+
LoopTrax_4536339 dgb vs. Lilac Oyster : @0+ @1/ C1/ B0\ @2/ A3/ D0/ E1/ A1\ C0/ @3\
LoopTrax_4536340 Lilac Oyster vs. dgb : @0+ A2+ @2/ @2/ D1/ A1\ @2/ D0+
LoopTrax_4539959 Dragon101 vs. Riika : @0/ @1/ B0/ A0+ @3/ @3+ C4+ E1\ D0+ E0\ D7/ A2\ @5\ B1\ B0+ A3+ @3\ @4+ I5/ J2+ G1/ G0/ B7+ J8+ K5+ H10+
LoopTrax_4541310 jazzbeth vs. supermac : @0/ B1\ A2/ @2/ A3/ C2+ B4\ D2/ B0/ E1+ D0/ D0/ E1/ F4/ E5+ A2+ @5+ C1\ B0/ @5/ @5/ B7+ E9+ @3+ B2\ A7/ C8/ @6\
LoopTrax_4544146 Carroll vs. Mika : @0+ @1+ @1+ @1\ A2/ E1\ @1/
LoopTrax_4544302 lhh61 vs. Rogue Trooper : @0/ A0/ B1+ B3/ A0/ @3/ @2+ C0/ C0/ E3\ E5+ A0+ @1\ F1/ D0/
LoopTrax_4547690 Miss Traven vs. Christine : @0/ B1\ A0\ A3\
LoopTrax_4550079 Authority vs. Traxplayer : @0/ @1/ B2/ C2/ C3/ D3/ D4/ E4/ D2/ D5\ C4/ B5\ B6\ A3+ D1/ @1\ C0+ B6+ @2+ C0/ D0+ @5\ C7+ @5+ C3+ E10/ D10/ C8\ E11+ E12/ E13/ E14/ B10\ G10+ F12+ H11+ J7/ E15+ I12/ B9+ @7+ @7+ B9/ E11+
LoopTrax_4554513 Jay RAA vs. ypercube : @0/ A0/ B2/ A3/ A4/ A0/ C4\ C2/ D2/ @3+
LoopTrax_4555061 GringoNZ vs. Rogue Trooper :
LoopTrax_4556696 dgb vs. jaha : @0/ A0/ A0/ A0/ @2/ @2+ A3/ D4+ E3+ C5+ @4/ C5+ F0/ G4/ B1+ B0/ A3+ F1+ A4+
LoopTrax_4556733 ypercube vs. Traxplayer : @0+ B1/ @1+ @1\ D2\ E2\ F2\ B2/ A3\ B4+ C0/ @3+ @3\ @3\ B4+ E6/ F6+ D5+ C6+ @3\ A1+ @4/ C5+ A1\ @1\ B0/ F1+ A0\ @1\ E1+ E0\ M10+ N9/ O9/ N7+ O11\ RESIGN
LoopTrax_4562339 Miss Traven vs. Christine : @0+ @1/ A2/ C1\ B3\ @2+ C4\ D3+ E2/ D0/ A4/ D0\ @5\ D2\
LoopTrax_4563494 Dragon101 vs. GringoNZ : @0/ B1/ A0/
LoopTrax_4567871 GringoNZ vs. dgb : @0/ A0/
LoopTrax_4569948 Riika vs. ypercube : @0/ @1/ @1/ @1/ B0/ C3\ C4+ D4\ E2/ @3+ A1\ A0\ A6+ A7\ @3+ G2/ H2/ H1/ F0+ I3+
LoopTrax_4570746 dgb vs. ypercube : @0/ @1/ @1/ B0/ B0/ @1/ A3/ D1/ E3+ B4+ F2/ G2/ C5/ C6/ F6+ C7+ G1/ RESIGN
LoopTrax_4570747 ypercube vs. dgb : @0+ B1+ B2+ B3\ B0/ C1/ C0/ C0+ D3+ C6\ C7\ D7\ E4/ C8+ @4\ G3\ F2+ H2+ H1/ H0\ I3+ D1\ B1+ E1+ RESIGN
LoopTrax_4571986 Goonerg vs. supermac : @0/ A2\ B1/ B0/ @2/ C3+ D1/ E1+ E0/ E5\ F3/ G4+ G5\ E0/ C6+ C7/ C8+ B8/ H8\ E9+ H4/ G3+ B9/ E10/ I7/ I6+ I9\ I4\
LoopTrax_4571987 supermac vs. Goonerg : @0+ A0/ B2+ A3/ @3/ @3/ @2+ A1\ B0+ D5\ E4+ @3+ C6/ B6/ A6/ F6\ E7\
LoopTrax_4571988 Goonerg vs. GringoNZ : @0/
LoopTrax_4571989 GringoNZ vs. Goonerg :
LoopTrax_4571990 Goonerg vs. jazzbeth : @0/ @1/ B2/ C2/ C3/ D3/ D4/ E4/ C4/ B4/ A4+ A5/ E3+ D5+ F4/
LoopTrax_4571991 jazzbeth vs. Goonerg : @0/ A0/ B2/ @1\ A0\ B4/ @4+ @3/ E2+ F4\ D5+ A5/ @5/ G2/ H4+ F1+ A1+ @4+
LoopTrax_4571992 supermac vs. GringoNZ : @0/
LoopTrax_4571993 GringoNZ vs. supermac :
LoopTrax_4571994 supermac vs. jazzbeth : @0/ @1/ A0+ B3+ @2/ D2+ A0/ A0/ C2+ D1\ A6/ @4/ A0\ @3+ D1+ D0/ G1+ D0/ B0+ A3/ @5/ I4+ A8/ A9/ @7\
LoopTrax_4571995 jazzbeth vs. supermac : @0/ A2\ B1/ B0/ C1/ D1+ B0+ D4+ D1+ @3+ B0+ A5+ D6+ C7+ E6+ @1+ G6/ A7/ D8/ A5\ @4/ F1\ A1/ @4/ D0/
LoopTrax_4571996 GringoNZ vs. jazzbeth :
LoopTrax_4571997 jazzbeth vs. GringoNZ : @0/
LoopTrax_4571998 ypercube vs. Traxplayer : @0+ A0/ A3+ A4/ B4/ A5/ @5/ A6/ @3+ D7+ E4+ @4+ B2+ A3+ @5+ E0/ F1/ G2+ D0+ C2\ B3\ A6\ D10\ H7+ H4/ I5+ J6/ I7+ F0/ G1/ H2/ I2+ J3/ K4+ K7+ F0+ E0/ E0/ C14/ D15\ @12\ C14+ L12\ K14+ M11\
LoopTrax_4571999 Traxplayer vs. ypercube : @0/ @1/ B0+ @1/ B0\ B0/ C2+ D2/ D1/ E1/ B0+ A1\ @4/ G3\ G4/
LoopTrax_4572000 ypercube vs. dgb : @0+ B1/ @1/ C0/ D1+ C0\ C0\ C5\ C6\ D2+ E1+ @4+ @4\ A3\ A2+ @3/ B5\ C6/ B7\ D0+ D0/ F2+ E0+ E8+ H6/ I5\ C11/ A11+ @6+ B5\ @10/ A11/ @11/ B12\ E12\ A13/ RESIGN
LoopTrax_4572001 dgb vs. ypercube : @0+ A2+ B2\ C2\ @2\ B3/ B4/ @2+ @3+ @3\ @3\ B4+ F5+ C5+ A2\ C6/ A5+ @5/ D7/ @2/ A4+ B8+ A7/ @7/ A8/ B9/ B10/ A10/ @7+ B5\ B3+ A4+ B11/ @11+ A12/ A13/ @13/ A14/ @11+ K6+ L7+ @12+ @13+ E6+ D7+ C10\ B11\
LoopTrax_4572002 ypercube vs. Big Giant Head : @0+ A0+ A0+ B2+ C2+ C1+ A0+ @2\ E2\ @1/ F1/ G2\ E4/ H3\ E1\
LoopTrax_4572003 Big Giant Head vs. ypercube : @0/ @1/ B2+ B3\ C1/ C0/ D3\ C5/ A4+ D5\ D6\ E3+
LoopTrax_4572004 Traxplayer vs. dgb : @0/ A0/ @2/ @1+ C0/ D1/ A0+ @1\ D0/ @2/ D6+ @2\ A1\ @1\ @1+ E1+ RESIGN
LoopTrax_4572005 dgb vs. Traxplayer : @0/ @1/ @1/ @1/ B0/ A3/ @3/ A4/ @4/ A5/ @5/ D6+ @3+ B0+ H8+ RESIGN
LoopTrax_4572006 Traxplayer vs. Big Giant Head : @0/ A0/ @2/ @1+ C0/ @3\ @3\ F1/ F0/ F0+ G3+ H2\ I2\ J3/ D6+ H6+ E7+ F8+ G9+ D7/ D8/ @5\ D7+ J1/ F0+ G1/ D10/ C10/ J6\ J8\ K8\ J9\ F10+
LoopTrax_4572007 Big Giant Head vs. Traxplayer : @0/ @1/ A0/ @2/ C1/ C0/ A0/ @2\ B0/ @4+ D2+ @5\ B2\ A1/ @2\ @2+ C0+ A6/ C7\ @6\
LoopTrax_4572008 dgb vs. Big Giant Head : @0+ B1\ @1\ B2\ B0/ D2+ D0/ E2\ A1\ E1/ B0/
LoopTrax_4572009 Big Giant Head vs. dgb : @0+ B1+ B2/ B0/ B0/ @3+ A4+ D2+ B2\ C0/ @5\ @5\ G4\ G5\ D6\ A3\ D2\ @4\
LoopTrax_4572010 AndrewB vs. Authority : @0+ A2+ A0/ B1/ C2\ C3\ C0/ D4+ C0/ E4+ F3/ E2\ C0\ B2/ @3\ A2\ @4/ C1+
LoopTrax_4572011 Authority vs. AndrewB : @0/ B1\ A2/ B0\ A0/ A0/ @3+ D1/ E2+
LoopTrax_4572012 AndrewB vs. Riika : @0+ A0+ A0/ @2/ C3\ @2/ D2/ E3\ A4\ A1\ @1\ D0\
LoopTrax_4572013 Riika vs. AndrewB : @0/ B1\ A2/ B0\ A0/ B0\ @5/ D3+ @4+
LoopTrax_4572016 Authority vs. Riika : @0/ @1/ B2/ C1/ D2/ D1/ A0/ @2/ A3/ @3/ A4/ F1+ G1/ E5+ G5+ H3+ C6+ D0+ @1+ A0\ A8/ @3\ C9/
LoopTrax_4572017 Riika vs. Authority : @0/ @1/ @1/ @1/ C0+ D3+ E3\ A4+ E4\ E5\ F2+ G3+ C5+ C6/ H5+ H6\ H7+ I5+ G2/ G1/ G0+ H3+ I4/ A7/ B8\ @5+
LoopTrax_4572018 Authority vs. Lorraine of the Renegades : @0/ B1\ A2/ A3/ @3/ C3\ B4/ @1\ C0+ A1+ B0/ @3/ B0+ @4\ B2+ B5+ F2\ G4\ F1/ G2\ D0/
LoopTrax_4572019 Lorraine of the Renegades vs. Authority : @0/ @1/ B2/ C2/ C3/ D3/ C4/ B4/ E4\ D5/ F3/ D2/ G4\ F5/ D6/ E1/ F1/ A3+ E0/ D1\
LoopTrax_4572020 Riika vs. Lorraine of the Renegades : @0/ A2\ B2\ @2\ B0/ @3/ D4+ A2+ D1+ E3+ B5/ A4+ C6\ D5+ A6/ @6+ B7\
LoopTrax_4572021 Lorraine of the Renegades vs. Riika : @0/ A0+ @2+ B3/ C2\ B4/ @1\ B0/ E3/ D1+ E2+ D5\ B6\ F3/
LoopTrax_4578084 DavidJ vs. REBEL DJ : @0/ B1\ A2/ C1\ @1\ A0\ A0\ C4+ B1/ B0/ @5/ C6/ @5+ A6/ A7/ A1\ D0/ @2/
LoopTrax_4578119 Uncle Chuckie vs. Authority : @0/ @1/ A2\ C1\ C2\ D2\ B3/ D0/ E3\ A1\ B0+ @2/
LoopTrax_4578194 ypercube vs. Rogue Trooper : @0+ A0/ A3\ B1/ B0/ C4+ D3+ B0/ C6\ D5\ E1+ D0+
LoopTrax_4581345 Dragon101 vs. Cheeky Cow : @0+ B1/ @1/ C0/ A3/ B0\ A1\ @2\ B5/ B0\ A1\ A7/ @2+
LoopTrax_4592688 Riika vs. ypercube : @0/ @1/ @1+ @1\ D0+ B3/ C3+ C0+ @2/ B0+ E6\ F4+ @5/ C6\ F7\ G3/ B7+ A6/ F8/ F2+
LoopTrax_4595426 Rogue Trooper vs. Authority : @0+ A0+ B2+ B3+ @2+ B0+ A2+ B0+ C1+ A2+ @3+ A2+ @3+ A2+ @2+ A3+ @3+ A2+ @2+ B1+ E1/ E4/ E0/ C5/ E6/ E7/ A4/ A6+ C8+ A7+ E8+ @5+ E2+ C1\ F0+ A5+ I4+ J4\
LoopTrax_4603168 Goonerg vs. REBEL DJ : @0/ B1\ A2/ @1/ B0/ D1/ B0/ B5/ @1+ A0\ A0+ @2/ E1/ F2/ D0/
LoopTrax_4603504 Riika vs. jazzbeth : @0+ B1+ @1+ B0+ B3+ C3\ C1/ D2/ E2/ D1/ D0/ E2/ E1+ F3+ D5/ F6+ G4/ B6/ A4/ D7/
LoopTrax_4606363 Dragon101 vs. Rogue Trooper : @0/ A0+ B2/ A0/ A0/ C1+ D2+ C4+ B5+ @3+ @3/ B5+ B6/ @4\ C7/ @7+ D8/ F0+ C3+ A4+ B2+ @3/ @4\ G1+
LoopTrax_4606416 DavidJ vs. balmoral : @0/ B1\ A2/ B2+ C2\ A3/ @1\ B0/ D2+ B5/ @2\ C6/ @3+
LoopTrax_4612978 Uncle Chuckie vs. DavidJ : @0/ @1/ A2\ B0/ A0\ @3/ D3+ D4\ E4\ E5\ A6+ @6/ A7/ @7/ F7+ E8+ H5\
LoopTrax_4618660 kidgame2001 vs. DavidJ : @0/ @1/ A2/ B3+ C2/ D2/ D1/ D0+ B0/ E3/
LoopTrax_4619889 Goonerg vs. supermac : @0/ B1\ A2/ B2+ B3\ @3\ C4\ D4\ E4+ A5/ @5/ E1+ E6+ F6\ F7\ G7\ A7/ G8+ @7\
LoopTrax_4624490 Jericho vs. klaashaas : @0/ A2+ A0+ B1\ @2+ B4/ @2+ B3+
LoopTrax_4624490 King Arthur vs. klaashaas : @0/ A2+ A0+ B1\ @2+ B4/ @2+ B3+
LoopTrax_4624490 UandT vs. klaashaas : @0/ A2+ A0+ B1\ @2+ B4/ @2+ B3+
LoopTrax_4628723 Judy vs. Dragon101 : @0/ A0/ @2\ C2+ B3+ A3/ @3/ @3/ B2+ @3/ A4/ D5+ A1+ @4+ @3+ H5\ A0\ H7/
LoopTrax_4629501 REBEL DJ vs. * Sassy_Angel * : @0+ B1/ B2\ C1/ B3\ B0\ A4/ A5/ D2/ A1+ @2/ A4+ B6/ @3\ A6/ C7/ @4+
LoopTrax_4630363 Authority vs. Charlo : @0/ @1/ B2/ C2/ C3/ D2+ C4/ B3/ E2/ E3+ F2+ E1/ D5+ E6/ E7/ E8/ E9/ E10/ C8+ B7/ F8+
LoopTrax_4632347 Thud vs. Rogue Trooper : @0+ A0+ A3+ B2+ A0+ B2+ A5+ @1+ B0+ A1+ @1\ D1/ B6/ A6/ D5\ C0+ B1\ @7\ B6+ C0\ B2\ A2\ B1\ B4/ RESIGN
LoopTrax_4632531 ypercube vs. Traxplayer : @0+ A0/ B2/ @1/ B0\ @3\ @3\ D4/ C5\ E4+ D6/ F5+ G5/ H5/ F7+ E8+ C7+ D9+ G4+ G6\ I5/ J4\ F3/ F2/ H3+ D0+ C1+ C0\ J4/ RESIGN
LoopTrax_4634300 jazzbeth vs. JiffyJeff : @0/ A0/ B2/ B1/ @1/ C3+ D2\ E2\ E3\ E4\ D5+ D6/ D7/ D8/ D9/ C10\ E8+ RESIGN
LoopTrax_4634469 GringoNZ vs. lhh61 :
LoopTrax_4639049 Riika vs. Rogue Trooper : @0+ A0+ B1+ B0+ C2+ A4+ @4+ A3+ @3+ D4/ F3/ A4+ @3\ H2\ I3/ J3/ H1+ B2/ H4+
LoopTrax_4648706 Uncle Chuckie vs. jazzbeth : @0/ @1/ B0/ @2/ D2+ A3+ @1+ D0+ C0/ B0+ C7/ D8+ @4/ F2\ G3/ H3/ A6/ @7\ B1+ A4/ @6/ J1/ A8/ K2/
LoopTrax_4648916 lhh61 vs. Dragon101 : @0/ A0/ B1+ @1+ D1/ D0/ B1\ D0+ A2\ A1\ @3/ C0/
LoopTrax_4648933 Riika vs. lhh61 : @0+ A0/ A3\ B1/ C1+ C0/ C0+ B2\ D2/ D4+ @3/
LoopTrax_4654677 GringoNZ vs. JiffyJeff :
LoopTrax_4654683 Charlo vs. jazzbeth : @0/ @1/ C1/ A2/ D2/ A3+ @3\ B0+ B5/ C5+ @3+ D0+ D0/ B2/ @3+ D0+ D0/ E0\ D0/ F4+ G2+ G4+ H2/ H0+ G0+ C4+ I4/ J4/ H5+ I6+ K6+ L6/ K7+ K8\ G0/ H14/ E1\ E0+ D3\
LoopTrax_4655839 jbdobie vs. DavidJ : @0+ B1/ @1/ A0/ @2/ D3/ D0/ E2/
LoopTrax_4656843 ypercube vs. Traxplayer : @0+ A0+ A0+ A0+ B2+ A0+ C3+ B2+ @4+ A1+ @4\ C0+ D6\ C7+ B7/ B8/ A8/ @8+ C9+ F6\ E8+ C10/ G4+ F3+ G8\ RESIGN
LoopTrax_4657435 Rogue Trooper vs. ypercube : @0+ A2+ @2+ B0+ C1+ B4+ B5\ B0\ @4+ B2+ D6\ C0/ D1/ D0/ E2+
LoopTrax_4657629 jaha vs. Traxplayer : @0/ @1/ A0/ @2/ B0+ @2\ D1\ @2/ D4+ F4+ G3\ RESIGN
LoopTrax_4659338 Riika vs. Authority : @0/ @1/ C1+ A2/ A3+ C0/ @3+ E2\ D5+ @3/ @3/ @3/ I3/ J2\ I6+ K6+ L5+ M4+ K7\ L7\ M6+ N5\ L2+ N3+ O3/ P3+ Q5+ Q6\ P7+ P8/ O9\ O1+ P2/ Q2/ O0/ R4\
LoopTrax_4661007 Uncle Chuckie vs. Dragon101 : @0/ A0/ B1/ A3+ @2/ B0+ @3/ @4\ @1+ D0+ @4/ A5/ D6+ D7/ @7+ D8+ I3/ H6+ B2\ D0+
LoopTrax_4664846 Lorraine of the Renegades vs. dgb : @0/ A0/ B2/ B3+ A0/ B5/ @1\ A0\ A5+ @3+ B7/ A7/ @5\ @5+ B4+ B1\ C0/ A4+
LoopTrax_4664847 dgb vs. Lorraine of the Renegades : @0/ A2\ B2\ @2\ @2\ B3\ B0\ @4/ A5/ D0/ E1/ F4\ @5+ G3/ H2\ B3+ I3\ I4\ J4\ H5/ J2/ I1/ K2\
LoopTrax_4664848 Lorraine of the Renegades vs. Goonerg : @0/ B1/ B2\ C1/ @2/ C3+ B0\ A1\ @3/ A4/ B5/ @3+
LoopTrax_4664849 Goonerg vs. Lorraine of the Renegades : @0/ B1\ A2/ A0/ @1/ C0/ D3\ B1+ E2/ E1/ F1/ F0/ G4+ C5+ F5+
LoopTrax_4664850 Lorraine of the Renegades vs. ypercube : @0/ @1/ C1/ @1/ A0\ @2/ F1/ F0/ E4\ F4\ G3/ C1+ E0+ D6+
LoopTrax_4664851 ypercube vs. Lorraine of the Renegades : @0+ @1\ C1+ D1/ A2/ @2/ B0\ D3/ C4\ E3+ A2+ @3/ A4+ B5/ @4\
LoopTrax_4664852 dgb vs. Goonerg : @0+ A0/ A3\ B1/ B0/ C1/ C0/ D4+ E3+ C6+ E6+ E7\ A0+ E1/ @2+
LoopTrax_4664853 Goonerg vs. dgb : @0/ A0/ @1/ A0/ @1/ B0/ A0+ @2\ @2\ A1\ C0/ A5+ @5/ E6/ F2\ A6/ @5+
LoopTrax_4664854 dgb vs. ypercube : @0/ @1/ @1/ C2/ D1\ D0\ E2\ D0+ B4+ B5/ @4\ @3+ E1+ F4+ E5+ A4+ H3\ H0+ I4+ @4\ F1\ RESIGN
LoopTrax_4664855 ypercube vs. dgb : @0+ B1/ A0/ C2+ D2+ E2+ B3+ C1\ @2\ B0+ B0/ B0/ B0/ D4+ @6\ A7+ F5+ G4\ F7\ F8+ @7/ A8+ @8/ C3+ B4\ A7+ A5+ @5\ G8+ I9\ D9/ E9+ J9\ K8+ K5/ L8\ G9+ RESIGN
LoopTrax_4664856 Goonerg vs. ypercube : @0/ @1/ B0/ @1/ C0+ D1/ D2+ B0/ @2+ E5+ F1\ E0+ A5/ @4\ H3/ C1+ C0/ A2\ @3/
LoopTrax_4664857 ypercube vs. Goonerg : @0+ A0/ A3\ B1/ B0/ C4+ D3+ B0/ C6\ D6\ E1+ B0/ E7+ E8/
LoopTrax_4671278 DavidJ vs. Lorraine of the Renegades : @0/ A2\ B1/ @2\ A0\ @1/
LoopTrax_4674437 Cheeky Cow vs. DavidJ : @0+ @1+ A0/ A3/ @3+ @2/ @3\ A4\ @2\ C1+ D0\ A5/ B6\ @4\
LoopTrax_4674548 ypercube vs. Charlo : @0+ A0/ A3\ B1/ B0/ C1/ @4\ @3/ B5+ D5+ C6+ C7/ F3+ G4+ A6/ @4+ E0+ C1+ E0/ E0/ E0/ E0/ G3+ H7\ D3+
LoopTrax_4682454 Rogue Trooper vs. jazzbeth : @0+ A0+ B2+ A3+ @2+ B4+ @2+ D3\ B4/ B1+ C5+ D1+ B0\ A6\ A1\ @3/ A5/ @2+ @4+ B6+ A1/ @3/ C7/ B0/ A2+ @4+ A5+ B6+ @5/ C9/ B8+ H9\ E10/
LoopTrax_4688918 Rogue Trooper vs. Dragon101 : @0+ A0/ B1/ A3/ @2+ D1+ C3+ C0/ E2/ F1\ G1\ C0/ C0+ A4+ @3/ C0/ F2+ G1+ I4\ F6+ G7+ H8/ J1/ G0/ J9\ K3+
LoopTrax_4689056 Dragon101 vs. Thud : @0/ A0+ B2/ C2/ D2/ E1\ C0+ A4+ F1/ F0/ F5\ RESIGN
LoopTrax_4691645 balmoral vs. Rogue Trooper : @0+ A0+ B2\ A0+ A0+ C4\ A0+ C4/ D5/
LoopTrax_4691792 Authority vs. jazzbeth : @0/ @1/ B2/ C2/ C3/ D3/ D4/ E4/ E5/ F5/ F6/ G6/ E3/ E6+ F7+ G5/ G4/ G3/ F8/ H5\ F9/ G8+ H8+ I3+ G10+ H9\ I9\ I10\ J8/
LoopTrax_4695236 Kriistina Jean vs. Goonerg : @0+ A0/ B2+ A3/ @3/ @2/ C4+ D4\ D5\ E5\ E6\ F3+ F1+ D0/
LoopTrax_4695236 Sutik Ansalewit vs. Goonerg : @0+ A0/ B2+ A3/ @3/ @2/ C4+ D4\ D5\ E5\ E6\ F3+ F1+ D0/
LoopTrax_4695237 Goonerg vs. Kriistina Jean : @0/ B1\ A2/ @2/ B0/ B4+ C4\ C5\ D5\ D6\ E3+ @1+ C0/ C8+ B8/ A7+ @6/ G0+ H4+ H5\ I7+ I3+ I4+
LoopTrax_4695237 Goonerg vs. Sutik Ansalewit : @0/ B1\ A2/ @2/ B0/ B4+ C4\ C5\ D5\ D6\ E3+ @1+ C0/ C8+ B8/ A7+ @6/ G0+ H4+ H5\ I7+ I3+ I4+
LoopTrax_4695238 Kriistina Jean vs. ypercube : @0+ A0+ A3\ @3/ B4\ @3/ D2+ C0\ B1\ D1/ C0\ D7/ A6/ @3+ E1/ D0+ D0/ E1/ E0/ F1/ F0/ G1/ G0/ H4+ I7+ I9\ J8/ A12\ D13\ @10+
LoopTrax_4695238 Sutik Ansalewit vs. ypercube : @0+ A0+ A3\ @3/ B4\ @3/ D2+ C0\ B1\ D1/ C0\ D7/ A6/ @3+ E1/ D0+ D0/ E1/ E0/ F1/ F0/ G1/ G0/ H4+ I7+ I9\ J8/ A12\ D13\ @10+
LoopTrax_4695239 ypercube vs. Kriistina Jean : @0+ @1+ B2+ C1\ @1\ A0\ B0\ @3+ B4/ B5/ A5/ @2/ C6+ C7/ E1/ E0/ E7\ G6+ E8/
LoopTrax_4695239 ypercube vs. Sutik Ansalewit : @0+ @1+ B2+ C1\ @1\ A0\ B0\ @3+ B4/ B5/ A5/ @2/ C6+ C7/ E1/ E0/ E7\ G6+ E8/
LoopTrax_4695242 Kriistina Jean vs. Rogue Trooper : @0+ A0+ A3\ A0+ B3+ @1\ B0/ C1/ D1+ A0+ D1+ A0/ E5\ E6\ F6\ F7\ G7\ D8/
LoopTrax_4695242 Sutik Ansalewit vs. Rogue Trooper : @0+ A0+ A3\ A0+ B3+ @1\ B0/ C1/ D1+ A0+ D1+ A0/ E5\ E6\ F6\ F7\ G7\ D8/
LoopTrax_4695243 Rogue Trooper vs. Kriistina Jean : @0+ @1/ C1/ B0+ C3/ B4\ @4+ C5\ D6/ A7+ @7/ @7+ C8\ B9+ A9/ @9+ B10/
LoopTrax_4695243 Rogue Trooper vs. Sutik Ansalewit : @0+ @1/ C1/ B0+ C3/ B4\ @4+ C5\ D6/ A7+ @7/ @7+ C8\ B9+ A9/ @9+ B10/
LoopTrax_4695244 Goonerg vs. ypercube : @0/ @1/ B2/ B3/ C1/ @1/ E3\ E4\ B0+ C0\ A4/
LoopTrax_4695245 ypercube vs. Goonerg : @0+ A0/ A3\ B1/ B0/ C1/ C0/ B6/ D2+
LoopTrax_4695246 Goonerg vs. JiffyJeff : @0/ @1/ B2/ B3/ C1+ A2/ D3\ B4+ B0/ A0+ @3/ B5/ @2+ C0/ C0/ F8\ E9/ E10/ E11/ E1+ F5/ G5/ G6+ H7+ H5/ F3+ G2+ C0/ E0+ D0/ D0/ F3/ B6+ I6+ H4+ A5+
LoopTrax_4695247 JiffyJeff vs. Goonerg : @0/ @1/ @1/ @1/ A0/ D3\ E2/ @2/ D1+ B4+ A5\ C0+ E6/ B7/ F6\ F7/
LoopTrax_4695248 Goonerg vs. Rogue Trooper : @0/ A0+ @1+ B0/ C1/ D1+ B0+ A1\ @1+ A0\ C6/ D1/ E1/ E0/ F1/ D0\ C1+ @4/ A2/ D2+
LoopTrax_4695249 Rogue Trooper vs. Goonerg : @0+ A2\ B2/ B1/ @1/ C3/ D1/ A0/ C5/ C6/ E6+ C7/ B0+ E2+ @2+ A1\ @3\ D0/ H6+ H2+ E10/ H9+ E11/ I9\ B8+
LoopTrax_4695250 ypercube vs. JiffyJeff : @0+ @1/ C1/ A0/
LoopTrax_4695251 JiffyJeff vs. ypercube : @0/ @1/ @1/
LoopTrax_4695252 ypercube vs. Rogue Trooper : @0+ A0+ A0+ A0+ B3+ @4+ D3+ C1+ B5+ C5/ C0/ D1/ E5/ C0+ E7\ D8/
LoopTrax_4695253 Rogue Trooper vs. ypercube : @0+ A0+ @2+ @2+ D2+ C0+ A2+ B4+ @2+ C5+ D4+ C6+ B6+ B7+ C7\ D7+ D8\ E4\ B4/
LoopTrax_4695254 JiffyJeff vs. Rogue Trooper : @0+ A0+ B2\ C2\ D2\ E2\ C1+ B3+ E4/ F3/ F5/ E5/ C0\ G6+ RESIGN
LoopTrax_4695255 Rogue Trooper vs. JiffyJeff : @0+ A2/ @2\ A1\ C2/ D2/ B3/ @1+ C0/ F2\ B5\ @5+ A6/ H5+ H6\ A7+ @4/ I1/ H0/
LoopTrax_4698425 dgb vs. jaha : @0/ A0/ A0/ A0/ @3+ C4+ C5\ C6\ D5/ D1+ E6\ D7/ E3/ F5+ F3/ G6/ A0\ @1+ E1/ A0/ G4/
LoopTrax_4700151 Rogue Trooper vs. jbdobie : @0+ A2+ B2+ A0+ @3/ @3/ D2+ E3\ A4+ @4/ C2+ A3+ @2/ C1/ A0+ @2\ @2\ A1\ A0\ @1\ D0+ C0/ @2/ C7+ @6+ @5+ @3+ C2+ B1+ B0\ I3/ C9+ B9/ A9+ RESIGN
LoopTrax_4701581 supermac vs. Judy : @0/ B1\ A2/ B0\ @3+ C0/ D3\ @2+ A1\ D0/ D5+ C6\ @2+ B1/ C6+ D1\ D0\ A2\ A1\ C0/ F8/ E9\ G9+ G10+ H10\ D0/ E3+ @2\ C1+ E0/ H7/ H6/ I9/
LoopTrax_4701616 Goonerg vs. Traxplayer : @0/ @1/ B2/ C2/ C3/ D3/ D4/ E4/ D2+ D5\ F4/ D1/ E1/ E0/ G5/ F6\ F7+ G7\ H5/ F8+ B1+ I6+ H0+ I4+ J7/ I9\ H10/
LoopTrax_4707467 Miss Traven vs. Christine : @0+ @1/ @1\ A0\ @1\ E2\ A0/ E4/ D4/ C4+ D5\ A0\ @1\ C2/ D6/ D7/ A4/ D2\
LoopTrax_4710096 GringoNZ vs. lhh61 :
LoopTrax_4718454 Rogue Trooper vs. thebodywall : @0+ A2+ B1+ B0+ C2+ B0+ C1+ D1\ A1\ A0\ @3/ C0/ E2+ E1+ F3\ B0\ A1\ @4+ D0+ E1+ E0/ @3\ A2\ D1+ H4/ I4/ F0/ G1+ G0/ E1/ G0/ H1+ F0+ E1\ D4+ I6/ J8/ I2/ J4+ K5/ D1\ C1+ E0+
LoopTrax_4720242 Traxplayer vs. JiffyJeff : @0/ @1/ @1/ B2\ B3/ C3/ D2\ B0+ B0/ E5/ @3+ C0/ E2+ E0\ C8+ F1/ RESIGN
LoopTrax_4720341 ypercube vs. dgb : @0/ A0/ B2/ B3+ C2\ B4/ @3+ @4\ C5\ E3\ D6+ A2\ RESIGN
LoopTrax_4722069 Charlo vs. Dragon101 : @0/ A0/ A0/ A0/ @3+ C4+ D3+ B0/ @2+ @2/ @2/ @3\ C4+ B5+ G6\ H6\ I6+ G7+ I1+ J2/ H0+
LoopTrax_4725189 jazzbeth vs. thebodywall : @0/ B1\ A2/ @2+ @2/ B0\ A1\ @2\ C0+ A5/ @3\ B1/ F1/ A5+ G3/
LoopTrax_4729011 Rogue Trooper vs. lhh61 : @0+ A0/ @2+ C2\ A3/ A1+ A0\ @1\ E3\ E4\ E5+ F3+ A3+ @1\ D0+ G6\ H5/ I4\ H3+ C6+ F7/ H7\ H8\ E1/ F1+ D0+ A1+ @4+ B6+ A2\ @3/ D7+ A6/ K3/ @5\
LoopTrax_4729208 REBEL DJ vs. Riika : @0/ @1/ A2+ A3+ C2\ C3\ D3\ B4/ B5\ A0\ RESIGN
LoopTrax_4733020 Riika vs. GringoNZ : @0+
LoopTrax_4736366 Authority vs. JiffyJeff : @0/ @1/ B2/ C2/ C3/ C1/ A0/ B1+ @1+ E2\ F2\ C0/ C0/ B2+ C0+ C0\ B0/ B0/ B0/ @9\ E1/ F2+ G4+
LoopTrax_4736493 jaha vs. GringoNZ : @0/
LoopTrax_4742562 thebodywall vs. Traxplayer : @0+ A0+ @1+ C1+ C2+ A0/ A3+ C4/ @1/ B0+ A4/ @4/ B0/ B0/ B0/ B0/ B0/ A3+ @6+ E3+
LoopTrax_4742679 ypercube vs. Traxplayer : @0+ A0+ A0+ A0+ B2+ @1+ D2+ B0+ @2+ B1+ B5+ C6+ B0\ A1\ A4/ @5\ E6/ F3/ B0+ G5+ F3/ H4\ @4+ @5\ @5\ L3/ L2/ L1+ K1+ K0\ M4+ L6+ N5/ L7+ K8\ J9+ J10\ K11/ J12\ L9+ M12+ K13/ D8+ C7/ A7/ A8+ @7\
LoopTrax_4744369 Charlo vs. Riika : @0/ @1/ B0+ A3/ @2+ C0/ C0/ B6/ @6+ D7\ E6/ A7/ D8\ B8+ B9/ E7+ C2+ A3+ E1+ C0\ B2+ B11+ F4\ E5+ F6+
LoopTrax_4745184 ypercube vs. mammacat : @0+ @1/ B0+ C2\ C3\ A4\ D2/ D1/ E1/ D0\ D0\ C2\ F1/ F0/ F6+ G4\ E7+
LoopTrax_4745763 Goonerg vs. Thud : @0/ A2+ B1/ B0+ @2/ D3+ C4/ C5\ B0/ D1\ E1\ C0/ B1+ F2\ @2+ B0\ @5/ A6/ A7/ B8+ C9/ H5\ I3\ H7\ I2/ I6\
LoopTrax_4746005 ypercube vs. Traxplayer : @0+ A0+ A0+ A0+ B2+ @1+ D2+ C3+ E2+ A4+ A5\ B0/ C1/ E4/ F3/ E2+ D0\ C7\ C8\ @6\ A3/ B4/ @3\ B4+
LoopTrax_4747740 Carroll vs. ypercube : @0+ @1+ C1+ B0+ C3+ B0+ A1+ B0+ @3/ @3/ A2/ D5/ A5\ @4+ C6/ G5\ G6\ G7+ H5/ H4/ F3/ B7\ B1/ C0+ I7+ @6\
LoopTrax_4751384 jazzbeth vs. JiffyJeff : @0/ @1/ B2/ C2/ C3/ D3/ D4/ E4/ E5/ F5/ F6/ G6/ G7/ H7/ D5/ E6+ D7/ C5/ F4/ G5/ H5/ H4/ E3+ I6+ H8\ H2\ J5+ H9+ J7\ J8\ J9+ K6+ K4/ K3/ D8/ L3+ L2/ L8\ M8\ L9/
LoopTrax_4755944 balmoral vs. Rogue Trooper : @0+ A0+ A0+ A4+ A0+ @3+ C4/ B6+ C6\ D3\ A1\ B0+ C2\ D2\ E4\ F4\ G4\ D8/ E9+ H8+ E2+ E1/ G2+ A6/
LoopTrax_4756042 jbdobie vs. Dragon101 : @0+ A0/ A3\ B1/ B0/ C4+ C5\ D1+ @3/ @4\ @3/ @4\ C5+ G6\ C2+
LoopTrax_4757093 jazzbeth vs. Kriistina Jean : @0/ B1\ A2/ @2/ A3/ RESIGN
LoopTrax_4757093 jazzbeth vs. Sutik Ansalewit : @0/ B1\ A2/ @2/ A3/ RESIGN
LoopTrax_4757094 Kriistina Jean vs. jazzbeth : @0+ B1/ B2\ C1/ RESIGN
LoopTrax_4757094 Sutik Ansalewit vs. jazzbeth : @0+ B1/ B2\ C1/ RESIGN
LoopTrax_4757095 jazzbeth vs. AndrewB : @0/ B1\ A2/ C1\ D1\ D0\ E2/ F2\ E3/ A4/ A1/ D0/ E1/ B5\ A6/ @2\ A1\ C0/ G2/ H4\ F1+
LoopTrax_4757096 AndrewB vs. jazzbeth : @0/ @1/ @1/ A0/ C3/ B1+ C4\ D2+ B3/ A3/ A5\ C5\ A6/ @4+ A2\ @4/ A6/ B7+
LoopTrax_4757099 dgb vs. Authority : @0+ A2+ B2\ C2\ @2\ A0+ @2+ @2+ G3+ F4/ H3\ D4/ D5/ B3+ D6/ D7/ A6+ C8+ G4+ I3\ H2+ B0+ A2+ @3+ F3+ K4+ I2/ I7+ I9+ J6\ K6\ A6/ A8+ G10+ E11+ C0+ J10+ J11\ I12\ G13\ K11\ K12\ L9+
LoopTrax_4757100 Authority vs. dgb : @0/ A0/ @1/ A0+ C3/ C4+ C1+ D1\ B0+ C6/ C7/ A5\ @4/ E5\ F2\ A8+ F1/ @7+
LoopTrax_4757101 dgb vs. ypercube : @0+ @1+ C1+ B0+ C1+ A1+ D2\ @1\ D3/ C0\ F3/ E2+ B0\ E2\ D1/ E0\ D0+ A2+ F2+ E1/ A0+ A0/ @2+ E2+ G2\ E0\ H8\ H10/ B1\ A2+ H3\ RESIGN
LoopTrax_4757102 ypercube vs. dgb : @0/ A0/ B2/ B3+ C2\ B4/ @3+ @4\ C5\ E3\ A6/ @6/ G5+ F6\ F7\ G7\ RESIGN
LoopTrax_4757103 Authority vs. ypercube : @0/ A0/ B1+ B3/ C3/
LoopTrax_4757104 ypercube vs. Authority : @0+ A2+ A3/ A0/ B4/ A5/ @5/ @5+ C6+ C7/ @4+ @4/ D8\ G4+ H5+ E9/ F1/ G1+ F0+ F0/ H6+ H3/ H2/ H1\ F0/ F0/ H2+ I4+ E2+ D2/ H0/ I2\ E1\ D1\ G0\
LoopTrax_4764838 Rogue Trooper vs. jazzbeth : @0+ A2+ @1+ A0+ C2+ B4+ @1+ A0+ C2/ C6/ B6+ A5/ @3+ B0/ @4+ D2+ B2\ A5+ B7+ F7/ D8/ G5/ @4\ C9/ B9/ A6+ G8\ F9\ H7\
LoopTrax_4768505 lhh61 vs. GringoNZ : @0+
LoopTrax_4769869 Rogue Trooper vs. ypercube : @0+ @1+ @1+ B0+ B0/ B4/ C1/ A1\ C0+ @4\ E2/ F1\ E5+ D0\ E1+ G2\ E0/ H1+ H7\ G0+
LoopTrax_4770005 Traxplayer vs. Riika : @0/ @1/ @1/ @1/ C0+ D3+ B4+ @2/ B0+ A6/ @4+ C7\ D7\ G4+ G5\ E6+ F7+ H5\ G8/ I8+ RESIGN
LoopTrax_4773545 thebodywall vs. jazzbeth : @0+ A2+ A0\ A4\ B1\ C2/ B3+ @2+ E3\ E4\ B5\ F3+ B6/ A4+ E1+ E0/ B0\ A1\ @3/ E8+ E9/ G8\ H6/ G9/
LoopTrax_4779685 Authority vs. Charlo : @0/ @1/ B2/ C2/ C3/ D2+ C4/ B4/ B5/ A5/ A6/ E4+ D7+ B8+ @7\ @6/ B9+ C10/ C11/ C12/ D12/ @2+ A0+ @7/ B8+ G2/ I3/ J3/ K3/ F0+ H2+ I1+ H0+ J1+ L3+ J0/ M2+ N3/ O3/ N1+ K0+ I1\ H1\ G2+ P3+ O1+ J0\ G1/ F3/ F2+ G0/ E3+ K0/ L1/ F1\ J0+ E3\
LoopTrax_4783767 dgb vs. Authority : @0/ @1/ @1/ @1/ B0/ C1/ C0/ D1/ D4+ E1+ B5+ B6/ B7/ A0\ @3+ C9/ C10/ B0+ A1\ @3/ B11/ A8+ C12/
LoopTrax_4783768 Authority vs. dgb : @0/ A0/ B2/ B3+ @2+ C4/ C5/ D3\ C1/ @2/ D6+ D7/ C7/ B3+ @3\ D0+ E9/ G6+ H6/ G4+ F1+ F9+ D9+ G8+ C7+ B8\ C9+ @4\ J5+ I7+ J7/ K4\ L5/ E10/ I9/ I10/ E11/ E12/ J10+ K9+ C12+ B8\ @4\ B5+ D2+ B9/ A1+ A7/
LoopTrax_4783769 dgb vs. jazzbeth : @0+ A2+ B2\ A0+ @3\ @2/ C4/ @3+ @3\ E0/ F6\ G5/ E7/ D7/ A7+ @6/ C8+
LoopTrax_4783770 jazzbeth vs. dgb : @0/ A0/ B2/ B3+ B1+ B0/ C1/ C0/ A2+ B6/ D1/ D0/ B8/ B9/ C7/ D9+ B10/ E4+ D6+ E6+
LoopTrax_4783771 Authority vs. jazzbeth : @0/ @1/ B2/ C2/ C3/ C4/ D2+ E4/ E3/ B4+ D5+ D6/ E1/ F3/ A4\ F6\ C1/
LoopTrax_4783772 jazzbeth vs. Authority : @0/ @1/ B2/ A2/ B3/ B4/ C3\ B5/ B0+ B0/ B0/ @3/ A5/ E6+ A6+ F6+ D3+ F4+ G4/ E2+ D0+ B3+ @4\ E9\ F10/ @4+ A3\ B2\ B1\ A1\ @3/ B7/ A5+ D8+
LoopTrax_4784726 Rogue Trooper vs. GringoNZ : @0+
LoopTrax_4787527 Goonerg vs. jazzbeth : @0/ @1/ B2/ B3/ C1+ A0+ C5\ D3+ @2+ B3+ C6/ B6/ A3/ @1/ C0/ @4/ B5+ G6\ H5/ B8/ A6+ G8\ D9/
LoopTrax_4787615 lhh61 vs. Rogue Trooper : @0+ A0/ B2+ A3/ B0\ C1\ A0/ D1\ @2+ B0+ A5/ @5/ D1+ A1\ B0/ @3/ B5+ A5+
LoopTrax_4795325 Thud vs. ypercube : @0/ A2/ A3+ @2/ C1/ C0/ D2\ E2\ D4+ A0+ RESIGN
LoopTrax_4795362 jaha vs. Traxplayer : @0/ @1/ A0/ @2/ B0+ @3+ C4+ C5/ B6\ E3/ D1\ @3/ A2+ A0+ @4/ D0/ E1/ C6/ D0+ B2+ A2\ @5\ B4+ A2+ @5\ D0+ C0/ C0/ E2+ D0+ G4/ H3\ B7+ RESIGN
LoopTrax_4795369 jazzbeth vs. Dragon101 : @0/ A0/ B2/ B1/ @1/ @1/ @1/ C0+ A3/ E0/ F3/ A1\ G2/ C0+
LoopTrax_4795399 GringoNZ vs. thebodywall :
LoopTrax_4796245 ypercube vs. JiffyJeff : @0+ A2/ A3+ @2/ B0/ C4+ A5\ B6/ D4/ C1/ C0/ D2/ E2/ D1/ A1\ RESIGN
LoopTrax_4797125 Rogue Trooper vs. JiffyJeff : @0+ A2/ @2\ B0/ C1/ D1/ C3+ C0+ A1+ A0\ A0\ @3/ @2+ RESIGN
LoopTrax_4797402 Christine vs. Miss Traven : @0+ @1\ A2/ @1\ C2+ B0/ B0+ B0\ @2/ B0\ A4+ B6/ A5+ B7\ A1\ A0\ @3\
LoopTrax_4799238 Rogue Trooper vs. Authority : @0+ A0+ B2+ B3+ A0/ A4/ C4/ D3+ D2+ E2+ F2\ F3\ F4+ F5/ G3\
LoopTrax_4800125 dgb vs. ypercube : @0/ @1/ @1/ B0/ @2+ @2/ @2/
LoopTrax_4800126 ypercube vs. dgb : @0+ A2\ B1\ B0\ C2\ C3\
LoopTrax_4802528 GringoNZ vs. Uncle Chuckie :
LoopTrax_4805571 carebears 2733 vs. Traxplayer : @0/ @1/ B0+ @2+ C0\ B4\ C4\ D3\
LoopTrax_4817783 jazzbeth vs. Thud : @0/ B1+ B2\ A3+ @2+ A1\ A0/
LoopTrax_4817876 Cheeky Cow vs. GringoNZ : @0+
LoopTrax_4817890 Uncle Chuckie vs. Authority : @0/ @1/ A2\ C1\ C2\ D2\ B3/ A0\ @2/ E1/ @2\ D0/
LoopTrax_4818400 Kaisa vs. Riika : @0/ @1/ @1/ @1/ C2/ D0/ D0+ @3/ E0/ D1+ F3/ A5+ G1/ G0/ G6+ H6/ F7+
LoopTrax_4820382 jazzbeth vs. GringoNZ : @0/
LoopTrax_4822511 Riika vs. Dragon101 : @0+ A0/ A0/ A4/ A5/ @2/ C1/ C4+ @2/ D6\ E5/ A6/ D7\ @5/
LoopTrax_4822532 ypercube vs. Traxplayer : @0+ A0+ B2+ B3/ A0/ B1/ A5\ C3+ @2\ @2\ B0+ F3+ C0+ B5/ A6+ D8/ E7+ @4\ F9\ RESIGN
LoopTrax_4823677 Goonerg vs. DINGEROO : @0/ B1\ A2/ @1+ A0+ @2/ C4/ @2\ A1\ A4/ B5/
LoopTrax_4825359 dgb vs. jazzbeth : @0/ @1/ @1/ A0/ @2/ D1/ D3+ E2/ A0\ @2/ F1/ G4\ E0/
LoopTrax_4825360 jazzbeth vs. dgb : @0/ A0/ B2/ B3+ @1/ C4/ A3+ @4\ @3/ B1+ A5+ B6+ F4/ @5/ @5/ A6/ @6/ D7+ E8/ @4/ A6/ D8+ @6/ B3+ @3+ B9+ A8/ @4+ A7+ @8\ J9/ F10+ D2+ J10/ I11+ K8+ K0/ L11\ J12+ M10/ N6\ L9/
LoopTrax_4825487 Traxplayer vs. JiffyJeff : @0/ @1/ @1/ @1/ D0/ C0/ @3/ @1/ C0+ RESIGN
LoopTrax_4826843 Kaisa vs. Riika : @0/ A0/ B2/ C2/ A3+ D2/ C4+ E2+ E1/ B1/ F3/ F5+ G4\ H4\ H5\ H6\ G7+ G8/ E8+ D8/ G9/ C5/ C6+ C7+ C9/ B9/ D10/
LoopTrax_4827951 Dragon101 vs. Cheeky Cow : @0/ A2\ B1/ B0/ C1/ C3\ D1+ D0\ D4+ E3\ D5\ E5\ F5+ F6\ E6+ G4/ G6\ H4/ F7+
LoopTrax_4829344 Authority vs. jbdobie : @0/ A0/ B2/ B3/ C3/ B4/ A3/ C5\ D3+ A5/ C6+ @3/ @4\ D1/ E2/ B0+ @1+ C7+ D8/ @2+ C0+ I4\ J5/ H7+ I7\ J6+ G3/ H2+ E1+ H0\ B7+ C10+ E11+ C1/ A2\
LoopTrax_4830624 Lorraine of the Renegades vs. GringoNZ : @0/
LoopTrax_4830765 JiffyJeff vs. GringoNZ : @0/
LoopTrax_4830859 jazzbeth vs. Traxplayer : @0/ @1/ B2/ C1/ C3/ D1+ E3/ C4+ D0+ D0/ C1\ D0/ B1+ E3+ @2+ A0\ @2/ D8\ A5/ G5+
LoopTrax_4836997 Charlo vs. Traxplayer : @0/ @1/ B0+ A3+ C3+ @2\ B0\ A1\ A0\ @4\ A5+ C6+ E6\ E7+ F7\ @2\ A5/ @5+ A6\ B7+ C8/ D0+ F10+ @7/ A8/ @7/ B6+ C9+ D10+ D11/ G12+ B11/ B12/ A9/
LoopTrax_4851966 Rogue Trooper vs. Dragon101 : @0+ B1+ @1+ D1\ A0+ A0+ C2+ C1/ A4\ C0+ @2/ A1/ C0/ C0/ A2/ @5\ B1+ F3/ B7+ @4/ B0/ @6\ @1+ A0\ A8/ C9+ @6/
LoopTrax_4851992 thebodywall vs. Riika : @0+ A2+ A3+ A4+ A0+ @1+ B0\ A5+ A4+ B7+ A7+ B8+ A8+ B9\ C8\ D8\ C9\ D7/ E8\ @7\
LoopTrax_4852120 thebodywall vs. Traxplayer : @0+ A0+ A0+ A0+ A0+ A0+ A0+ @3/ C4\ @4\ B1+ E4\ B7+ E6\ F6\ A7\ A6+ E3/ F5/ @3/
LoopTrax_4856617 Goonerg vs. lhh61 : @0/ A2\ B1/ @2\ D1\ C2+ C3\ D2\ B3+ E1/ C0/ @2/ @2/ @2/ @3\ C5+ D0+ C7/ D7+ I5\ J4/ @4\ E0/ I2+ B1+ G8\ G9/
LoopTrax_4856893 Dragon101 vs. jazzbeth : @0/ @1/ A0/ B3/ @2/ @1/ B3/ A3/ A4/ D1/ D5/ E2/ B5+ F3+ C6/ @4/ A6/ A7+ @6\
LoopTrax_4860327 Riika vs. Kaisa : @0+ A2/ A0\ @1\ @1+ C0+ A5/ @3+ E4/ D5+ C0/ E3+ F4\ G5/ H5/ H2+ F1/ I3+
LoopTrax_4860328 Kaisa vs. Riika : @0/ @1/ A0/ A0/ A4/ A0/ B3+ @5/ D1/ D0/ D6\ A1\ E4+
LoopTrax_4860347 Rogue Trooper vs. dgb : @0+ A2+ B2+ A0+ @2+ A1+ @1+ @1/ A2/ A0/ A4/ @1+ B0/ E2+ @1/ B0+ @3\ B6+ E1+ @2+ F0/ B7\ A5/ E8/ I5/ H9\ C9/ E10/
LoopTrax_4862743 ypercube vs. Rogue Trooper : @0+ A0+ A0+ @1+ @1+ A0\ A3/ @3/ A4/ @1+ @2\ @4+ B5/ B6/ A6/ @6/ A7/ @4+ @5+ G7+ D8+ B8+ B3\ A3\ @3+ C2+ C1/ F0/ E0+ K3/ J2/ J1/ K1/ C2+ I0+ H2+
LoopTrax_4862909 Traxplayer vs. Charlo : @0/ @1/ B0/ @1/ B3/ D3/ C0+ D1/ D0/ B1+ E2+ A5/ @5/ @4+ D6+ F3+ @1+ D0+ @4/ A5/ D0+ @5+ C0\ B3+ @7\ A5+ D8+ B8+ F10/ E9+ J10\ K8+ H11+
LoopTrax_4862970 Riika vs. JiffyJeff : @0+ A0/ A3\ B3\ B4\ C1+ D1+ C0\ B1\ A0/ @2+ B7+ A4/ @2/ E0/ A5/ F2/
LoopTrax_4866550 Lorraine of the Renegades vs. Riika : @0/ @1/ A0/ A0/ A4+ B2+ C4\ C5\ B5/ B6\
LoopTrax_4867007 jazzbeth vs. GringoNZ : @0/
LoopTrax_4867014 ypercube vs. Traxplayer : @0+ B1/ B2\ C2\ C3+ C4/ D4/ E3\ F4/ C5+ G4+ D6+ @1/ B3/ E2+ E1/ G0/ H1/ C1+ G0+ I2/ I8\ I9\ J7/ J6/ K7+ J5+ J1\ K1+ L9\ J10+ L6\ M7/ M8+ F0/ H1+ G10+ H11/ N10/ K12+ G12\ F11+ N11\ RESIGN
LoopTrax_4872934 supermac vs. jazzbeth : @0/ @1/ B2+ A0+ @2+ D2+ C4/ C5/ E3/ F3/ E1+ E0/ G3+ G4\ E5+ A6/ C7/ C8/ H4\ H2+ E6\ H5\ I5\ I6\ F7+ J5+ I1+ B1/ E0/ K4+ J1+ @5+ I8+ F10/ E10+ G11+ A8+ E11/ @7+
LoopTrax_4873894 Riika vs. Traxplayer : @0+ A0+ @1+ A0+ C2+ B4+ B5+ C5+ C3+ B6+ C6+ A5+ B7\ C1/ D3/ @1\ A0\ @1\ E9/ A3/ F9\ C4+
LoopTrax_4873895 Traxplayer vs. Riika : @0/ @1+ B2/ C1/ C0/ C0+ D3+ B5/ @2+ F2\ F4+ C0/ A6+ @2/ @3+ A4+ @4/ F0/ B6+ I3/ J2\ D0+ RESIGN
LoopTrax_4874953 Miss Traven vs. Sweetpea : @0+ B1/ @1/ D1+ C2\ A2\ E1\ E2\ D3\ E0/ F3\ E4\ E5\ F4\ G4\ F5\ F6\ G6\ H5\ G7+ G8\ H7\ I7\ H8\ H9\ I8\ I9+ J9\ F9/ G10\ H10\ J8/ F10+ K9/
LoopTrax_4875620 thebodywall vs. jazzbeth : @0+ A2+ A3\ A0\ B2/ @2+ C0/ D3/ B0\ A1\ @2\ C0+ @4/ B5+ A5+ C6/ C8/ B8/ A7/ F1/ G4\ E0/
LoopTrax_4875666 volvath vs. GringoNZ : @0+
LoopTrax_4883974 Dragon101 vs. Riika : @0/ A0/ B2/ B3/ B4/ C2+ C1/ A3+ A0/ @4/ B0/ A1+ @3+ E7\ F5/ B7/ A5/ D8/
LoopTrax_4884044 GringoNZ vs. JiffyJeff :
LoopTrax_4884663 Jump This vs. Traxplayer : @0/ @1/ C1/ D1/ D2/ D0/ A0\ @3+ B0/ B5/ E1/ F1/ @3/ G5+ A2\ C0+
LoopTrax_4884664 Traxplayer vs. Jump This : @0/ A0/ @2/ A0/ @3+ A0/ B5+ D3/ E3+ E6+ F3\ F2+ C7\ C8\ @4/ B5/ H6+ E7\ I5+ J5/ H3+ G1/ K4+ I1/ G0/ L5/ L3+ M3/ L2/ N4\ N5\ K6\ L7/ O3/ M2/ M8+ M9/ L10\ O7+ P4+ K9+ J8/ H0/ I1/ I0/ RESIGN
LoopTrax_4884680 Traxplayer vs. Authority : @0/ A0/ @2/ A0+ @3/ A4/ @4/ A5/ @2+ @3+ @4+ C0+ B2\ A2\ B1\ B0\ A1\ E1/ C0/
LoopTrax_4886812 Riika vs. DINGEROO : @0+ B1+ A0/ B3\ @1/ C4/ B4/ D1\ D0/ E2\ A1\ B0+ @2/
LoopTrax_4891331 GringoNZ vs. kidgame2001 :
LoopTrax_4891925 Dragon101 vs. thebodywall : @0/ A2\ B1/ B0/ C1/ C3\ D1+ @1\ C0+ @3/ A4/ D5+ D6/ @6+ D7+ C8+ A2+ @3\ B1+ D0\ D0\ C2\ A2+ @3\ B1+ A6/ @6/ B7\
LoopTrax_4896927 thebodywall vs. GringoNZ : @0+
LoopTrax_4897451 Rogue Trooper vs. Dragon101 : @0+ A2\ B2/ A0\ @1\ C2/ C4/ @1\ D0+ E1/ F1/ C0/ A0+ @3/ @3/ @5/ B6/
LoopTrax_4897570 jaha vs. ypercube : @0/ A0/ B2/ B3/ C2/ D3/ E3+ C4/ E5+ B4/ @2/ B5/ D6+ A3/ @4\ RESIGN
LoopTrax_4902501 Uncle Chuckie vs. Riika : @0/ @1/ B0/ A0+ @3/ C0\ D2\ D0+ E4/ @5+ B6+ A2\ @5/ A2/
LoopTrax_4903538 Rogue Trooper vs. Riika : @0+ A0+ @2+ B3+ C2+ B4+ @2+ C5+ E2+ D1+ D0/ E1/ D6+ B2+ B4+ B6+ E0/ D0/ D0+ D0\ C1\ D11/ A3+ E1\ @3/ @3/ G0+ F0/ H5+ G12+ C11/ G11+ H11/ I5\ H6+ I10+ F14/ I11+ I7+ J7\ K10+ K7+ J5+ F15/ I12+ J11+ J4/ J3/ I1+ L5+
LoopTrax_4903564 JiffyJeff vs. Dragon101 : @0/ A0/ B2/ B1/ A3/ @3+ B4/ D3+ A5\ D6+ E6\ F6+ F7\ @3/ F2/ H2+ A1\ @4\ B0/
LoopTrax_4904455 JonathanT vs. honeybee : @0/ B1\ A2/ @2/ @2/ B3\ D2\ C3+ E1/ A4/ D0/
LoopTrax_4916194 JiffyJeff vs. JonathanT : @0/ @1/ C1/ C2+ @1/ @1/ C0+ D4\ E0/ A1\ C0+
LoopTrax_4916195 JonathanT vs. JiffyJeff : @0/ A0/ A3/ A4/ A5/ A6/ B1/ C2/ D4\ @5+ C0+ C0/ B1+ E8\ D9/ B9/ @7\ @7\ @7\ B0+ @5+ @5+ A1+ A0\ @5+ F1/ C0+ B9/ @8+ C10\
LoopTrax_4917638 ypercube vs. Dragon101 : @0+ A2+ A3+ A0+ B1+ B2+ A0+ B4+ C3+ C4+ A0\ A7\ B7\ C8/ C3+ B1+ B0/ C1/ D1+ B0+ D9+ C11/ @10+ @10\ G4\ F6+ G7+ G11\ G6+
LoopTrax_4923702 csain1 vs. Authority : @0/ A0/ A3/ A0/ B4+ @4/ A5/ A6+ @4+ E2+ F2\ A0+ @4+ F1/ E0/ G3/
LoopTrax_4923703 Authority vs. csain1 : @0/ @1/ A0/ A0/ A4/ B1/ A0/ @3+ @4+ E2/ E1/ @5\ B2/ C0+ D0+ G3/ F0+ @7/ A9+ I5+ I9+ G10+ J8+
LoopTrax_4923706 AndrewB vs. Authority : @0/ @1/ B2/ C2/ D2/ B3+ D4/ C4/ E2/ E1/ D0/ A5/ B6\ F3+ @5\ B3+ C7/ B7/ A1\ A0\ @3/ A4+ A6\ H8\ E9\ I7\
LoopTrax_4923707 Authority vs. AndrewB : @0/ A2\ B1/ A3\ @1/ @1\ B0/ B5\ C5\ B6/ A5+ @3/ A4/ E6\ E7\ @3\ A2\ @4/ A5/ G1/ B6+
LoopTrax_4923710 Authority vs. BrnIdGirl : @0/ B1\ A2/ @2\ A3/ @3/ A4/ A2\ @3/ D3+ B5/ A5/ E4+ E3+ C6+
LoopTrax_4923711 BrnIdGirl vs. Authority : @0/ @1/ B2/ C2/ C1+ B3\ B0/ B0/ D1/ D0/ D4\ E5/ D6\ A1\ @2/ D0+
LoopTrax_4923712 ypercube vs. volvath : @0+ B1\ A2\ @1/ A3+ C3+ D3\ D4\ E4\ D5\ E2/ F3\ C0\
LoopTrax_4923713 volvath vs. ypercube : @0+ A0+ A3/ A0+ @3+ B0/ C1+ @5/ A6/ @5/ C6\ D7/ F2+ A4\ @5/ D2\ F3+ E0/
LoopTrax_4923714 ypercube vs. dgb : @0+ A2+ B2+ A0\ A4/ @1\ A0\ @1\ C6/ D5+ B4+ A5+ C7/ E7+ D8\ @7+ B8/ B9/ A9/ @7\ E9+ F10/ H6/ G4+ G3/ H3/ @7\ @9+ B10/ H11/ I9\ J8\ RESIGN
LoopTrax_4923715 dgb vs. ypercube : @0/ @1/ A2+ @2+ C0/ B4/ B5/ C4+ @4/ @4/ F1/ G4/ F5+ D6/ E7+ G6+ H6\ H8+ I5/ D8\ E9/ E10/ C7+ B7/ A6+ @6/ @7\ @6/ E3+ F2\ C8+ C9+ D11+ F12+ H11+ G13+ I0/ C5+ K4/ RESIGN
LoopTrax_4923716 volvath vs. dgb : @0+ A2+ A3\ @3/ B4\ @3/ D2+ D5/ C0/ D1/ E1+ E0/ F4\ F5\ G3/ G2+ D1+ A4\ @4\ I2\
LoopTrax_4923717 dgb vs. volvath : @0+ B1\ A2/ @2+ B3\ A3+ @3/ B4\ B5\ C4\ D4\ E3\ C5+
LoopTrax_4927949 LyndiLoo vs. GringoNZ : @0+
LoopTrax_4929351 Authority vs. Sweetpea : @0/ B1\ A2/ @2/ A0/ C3+ A4/ @4/ D5+ @1\ C0+ @5/ A6/ A7/ A8+ @8+ G8\ H8\ G9/
LoopTrax_4929352 Sweetpea vs. Authority : @0/ @1/ @1+ C0/ @2/ A3/ D0\ D4\ E4\ C5/
LoopTrax_4929353 Authority vs. Traxplayer : @0/ @1/ A2+ C2/ C3/ D3/ B0/ A4/ @4/ C0+ D1/ A6/ A7+ @5+ @5/ @6\ B4+ E8+ C7+ A8+ @8/ I1\ I2\ B3/ J1/ RESIGN
LoopTrax_4929354 Traxplayer vs. Authority : @0/ @1/ B0/ A0+ @3/ A4/ @1+ @2+ B5+ D0/ D0/ D0/ F4+ G1\ C3+ B2+ G3+ D0/ F7+ F9+ B10/ @10+ F11\ G11\ A11/ A12/ @11\ A7+ @12/ C13/ A8+ @10+ A12/ @9/ D6\ C6\ F4/ C5+ B7+ L5+
LoopTrax_4929355 Authority vs. ypercube : @0/ @1/ B2/ C2/ C3/ D3/ D4/ E4/ E5/ F5/ F6/ G6/ G7/ H7/ E3/ F3/ E2/ A2/ D1/
LoopTrax_4929356 ypercube vs. Authority : @0+ A0+ B1+ B0+ C1+ C0+ D1+ D0+ E1+ D0+ F2+ E1+ D0+ E1+ E4+ D0+ G4+ F5+
LoopTrax_4929357 Sweetpea vs. Traxplayer : @0/ @1/ C1+ C2+ D2+ E2/ E1/ F1/ F0/ A1\ E0+ @3\
LoopTrax_4929358 Traxplayer vs. Sweetpea : @0/ B1\ A2/ A0+ @1+ B0/ B5\ C5\ C6\ D4/ A6/ E6\ B7/
LoopTrax_4929359 Sweetpea vs. ypercube : @0+ @1+ A0/ A3/ A0+ @1+ A0\ A0\ A5/ @5/ A6/ E4/ E3/ F4/ @5+ A4+ @4\ G2+ A5/ H2\
LoopTrax_4929360 ypercube vs. Sweetpea : @0+ B1\ B0/ C1/ D1/ @2/ C3\ D3\ A4+ B1\ D0+ @5/ B1/ C0\ A4+ D1/ D0/ @5\ G6\ H5\ E8+
LoopTrax_4929361 Traxplayer vs. ypercube : @0/ @1/ @1/ D1/ B0+ B0/ D4+ E1/ C0+
LoopTrax_4929362 ypercube vs. Traxplayer : @0+ A0+ B2+ A3+ C2+ B3+ A4+ A0+ @2+ A5+
LoopTrax_4929365 LyndiLoo vs. dgb : @0+ A2+ A0\ B1/ A0\ C2/ B1/ B0/ A6/ C4\ @3/ E3\
LoopTrax_4929366 dgb vs. LyndiLoo : @0/ A2\ B2\ B3\ B4+ C4/ D2+ C1/ E2\ D1+ C0/
LoopTrax_4929369 volvath vs. dgb : @0/ A0/ B1/ C2+ D1/ B3+
LoopTrax_4929370 dgb vs. volvath : @0+ @1\ C1\ C2/ B0+ C1+ B0+ B4+ @3/ E2/ B4/
LoopTrax_4929373 dgb vs. mammacat : @0/ A2\ B2\ @1/ @2\ C3+ @2+ @2+ G2/ G1/ H1/ G0\ C1+ G0/ H5\ RESIGN
LoopTrax_4929374 mammacat vs. dgb : @0/ A0/ @2+ C1\ @1\ A0\ E2\ F2\ D1+ D0/ D0/ F5+ D6\ G4\
LoopTrax_4934539 jazzbeth vs. JiffyJeff : @0/ @1/ B2/ C2/ C3/ C1+ A0/ C5/ D5/ A3/ A4/ @4/ A5/ E6+ F6+ E7/ @1+ C0/ A8/ @6/
LoopTrax_4935690 Goonerg vs. Dragon101 : @0/ A0/ B2/ B1/ C2\ A3+ B0/ @2+ C0/ E4+ F1+ C0/ C0/ E0+ D0/ D0/ F2+ G7/ @6+ I7/ H5+ F10+
LoopTrax_4935857 lhh61 vs. GringoNZ : @0/
LoopTrax_4936335 Loretta vs. JonathanT : @0/ A0/ @2/ B0/ C2/ C4/ D3/ D5/ @2\ A4\ C0\ E3+ B1+ A1\ A0/ E3+ F3/ F2/ G3\ D1+
LoopTrax_4936336 JonathanT vs. Loretta : @0/ B1\ B2\ C1/ B0/
LoopTrax_4938350 ypercube vs. thebodywall : @0+ B1\ A2\ A3/ @2\ C3+ D3\ B4/ A4/ @4/ C5+
LoopTrax_4941585 Dragon101 vs. LyndiLoo : @0/ @1\ A0/
LoopTrax_4942331 Dragon101 vs. LyndiLoo : @0/ A2\ B1/ B0/ @2+ C3+ D1/ D0/ E4+ @1\ C0+ @3/ A4/ @4/ D5/ D6/ A1\ C0+
LoopTrax_4942607 Rogue Trooper vs. balmoral : @0+ @1+ @1+ @1+ A0\ B3/ A0+ B1+ A0\ E4+ C2+ E5\ E6\ D5+ C6+ F6\ C7+ D2+ D1/ E1/ F1+ G5+ D0\ C1\ B0/
LoopTrax_4942786 Rogue Trooper vs. thebodywall : @0+ @1/ B0/ C2\ C3\ D3\ A4+ B0\ A1\ RESIGN
LoopTrax_4942806 ypercube vs. Riika : @0+ A2+ A0+ A0+ A0+ @5+ B6+ A2+ C3+ C4+ D4+ A6+ @5\ E3+ E2\ D6+ D7\ E7\ E8\ F5+ F3/ G2\ G7+ H6\ D9/ B7+ G9\ I5+ H8\
LoopTrax_4946062 Judy vs. GringoNZ : @0/
LoopTrax_4950745 * vs. LifeScape : @0+ @1/ @1\
LoopTrax_4950798 JiffyJeff vs. Traxplayer : @0/ @1/ C1/ A2/ D2/ C0+ B4+ C0/ D1/ E5\ C6/ E1+ F3+ D0/
LoopTrax_4952023 dgb vs. Authority : @0/ @1/ @1/ @1/ B0/ A0/ C4/ D2/ @1+ F2\ G2\ H2\ H1+ G0+ E2+ C1/ C0+ F1+ @5/ C6/ A1\ C0/ @4+
LoopTrax_4952024 Authority vs. dgb : @0/ A0/ B2/ B3+ @1/ @1+ B3+ A3\ D4/ E3+ F3\ G3\ F2+ C5+ A4+ G4+ F5+ D1/ H4\ A0\ @3/ G1/ H1/ E0/
LoopTrax_4952588 dgb vs. ypercube : @0/ @1/ A0/ @1/ B0/ A3/ @3/ D1/ D4+ E3\ D0+ F3+ D6+ @1+ D0+ @4+ B6+ E0\ A2+ C8+ D9/ D0/ F1+ F0/ F0/ G2\ G3\ @8/ J4/ J3+ K7\ J8+ I0/ J1+ F1\ K4+ G0/
LoopTrax_4952613 jazzbeth vs. Riika : @0/ @1+ A2/ A0\ @2\ B4/ D2/ C3+ @3+ C5/ A1\ C0+ @2/
LoopTrax_4953920 ffrebelfay vs. ypercube : @0+ A2+ A0/ A4+ B1\ B4\ A5\ @3\ C3+ D2\
LoopTrax_4953920 jlsat13500 vs. ypercube : @0+ A2+ A0/ A4+ B1\ B4\ A5\ @3\ C3+ D2\
LoopTrax_4954114 Goonerg vs. Charlo : @0/ A0/ B2/ B3/ @1/ A0/ A0/ @1/ A2+ A0+ @3/ D1/
LoopTrax_4954174 Rogue Trooper vs. Riika : @0+ A0+ B1+ A3+ @3+ A4+ @4+ D0+ E1+ E0+ E0\ D1\ F2/ G1\ F0+ H2\ C1/ C0+ D0+ D8+ F1/ E0\ D0/ B5+ C1\ E0\ F3/ F9+ B9+ I9\ G10/ I3+ J7\
LoopTrax_4956425 Traxplayer vs. Rogue Trooper : @0/ A0/ @2+ @2+ B0/ @3+ C4/ @3+ B2/ D5/ F3/ F2/ D0/ @4+ E7/ F5+ H4+ G2/ C5/ I2/ G1/ G7\ E8+ C6/ H0/ I1/ I0/ J4/ K5\ I6+ K2+ L2\ H0\ G2\
LoopTrax_4956441 JiffyJeff vs. Marko : @0/ A2\ B1/ C1+ C0/ B1+ B3+ @2/ B4+ D0+ E1/ B1+ D0+ A1\ @2+ A5+ F4\ G3/
LoopTrax_4964003 Riika vs. dgb : @0+ A2+ @1+ A2+ @1+ A0/ @2\ B3/ A4\ @2\ B5\ B6+ @2+ D0+ B0+ A2+
LoopTrax_4964520 Rogue Trooper vs. REBEL DJ : @0+ B1/ B0/ C1/ @2+ C3\ C4\ B4\ @2+ B4/ B5/ F1/ F0/ B2+ B0+ G1\ D7\ C8\ E0+ E6+ H6\ G7/ H1/ I3\ G0/
LoopTrax_4968290 Riika vs. LyndiLoo : @0+ @1\ C1\ C2\ C3\ A2+ @1\ B4/ A4/ @4/ F4\ A5+ @5/ B0/ B0/ A6+ F1/ G1+ E0/
LoopTrax_4969081 * vs. Judy : @0+ @1\ A2/ @2/ @2/ C3\ D3\ D0+ E3/ F2+ F1+ G1/ B1\ C0/ @4/ B6/ @2+ A1\ F0\ C0+ H2+ H1/ H0+ I2\ @4\ C1\ A7/ J6\ @6\
LoopTrax_4969270 Marko vs. LyndiLoo : @0+ @1\ @1/ A2/ B0\ B3\ A4/ B0/ A6\ B6\ B7\ C7\ D7+ D8\ @7/ B8\ A2\ @6\
LoopTrax_4969476 dgb vs. jaha : @0+ A0/ A3\ B3\ B4\ C1+ C0/ D5+ C0\ C0\ E6/ D4+ D2+ B2+ @5/ C0/ B4+ B2+ A2\ @3+ A8+ D9+ B4+ RESIGN
LoopTrax_4969509 Traxplayer vs. Riika : @0/ @1/ B0/ A0+ @3/ @3+ C4+ C5/ A4+ @4/ @5\ B1\ D0/ @2+ A1\ D0+
LoopTrax_4969534 GringoNZ vs. lhh61 :
LoopTrax_4971211 Sweetpea vs. Traxplayer : @0/ A0/ @2+ C1+ B0+ D2\ @3/ A1\ B4\ A0/
LoopTrax_4971212 Traxplayer vs. Sweetpea : @0/ B1+ C1/ C0+ B0/ C0+ A2\ @4\
LoopTrax_4971213 Sweetpea vs. ypercube : @0/ @1/ @1+ C2\ D2\ @1\ A0\ @1\ A0\ A4/ C5+
LoopTrax_4971214 ypercube vs. Sweetpea : @0+ B1+ C1+ D1\ D0/ E1/ E0+ E3\ F3\ @3/ D1\ E0\
LoopTrax_4971215 Sweetpea vs. Riika : @0/ @1/ C1+ D1\ D2\ E2\ E3\ E0/ F1+ A1\ @4/ D0+
LoopTrax_4971216 Riika vs. Sweetpea : @0+ B1+ C1+ D1/ D0/ D0\ D0\ C2\ B2\ B1\ A1\ @1+ A0\ @1\ F1/ C0\
LoopTrax_4971217 Sweetpea vs. dgb : @0+ A2+ A3\ A0\ B1+ B4/ RESIGN
LoopTrax_4971218 dgb vs. Sweetpea : @0/ B1+ C1/ @1+ C2+ E1+ C0\ RESIGN
LoopTrax_4971219 Traxplayer vs. ypercube : @0/ @1/ B0/ @1/ C0+ @2/ B3/ E1/ E2+ C0/ @1+ A4/ RESIGN
LoopTrax_4971220 ypercube vs. Traxplayer : @0+ A2+ A3+ A4+ A0+ A6+ B3+ B6+ @4\ @4\ B2+ @3+ F3/ B5/ A6\ F4+ F6\ F7\ G6/ G4/ H7\ RESIGN
LoopTrax_4971221 Traxplayer vs. Riika : @0/ @1/ B0/ @1/ C0/ @2/ E3+ C4/ C5+ C6\ B4/
LoopTrax_4971222 Riika vs. Traxplayer : @0+ A2+ B1+ A0+ C2+ A4+ D2+ C1+ B4\ A0/ A0/ @1+ @2/ B3+ @2/ B1+ G3+ F2+ G1+ A3+ A0/ A5/ @1+ @3/ A4/ B6/ B7/ B8/ J4/ C6+ D8\ B9+ E6\
LoopTrax_4971223 Traxplayer vs. dgb : @0/ B1+ C1/ C0/ B0/ A2+ A4+ @4/ A5+ A2\ @2\ A0+ @4/ A5/ A1\ @5+ C6+ A1\ B0/ @4\
LoopTrax_4971224 dgb vs. Traxplayer : @0+ A2+ B2\ C2\ @2\ D3\ C4+ @2\ B0/ B4/ E2+ RESIGN
LoopTrax_4971225 ypercube vs. Riika : @0+ A0+ A0+ A0+ A0+ @1+ @1+ B0+ C7+ C8+ D5+ D2+ B5\ B7+ A6+ D4+ E4/ @5\ A4\ A1/ C8/ B8/ A8+ @7/ C9/
LoopTrax_4971226 Riika vs. ypercube : @0/ @1/ C1/ @1/ D2\ E2\ @2\ D3+ B0+ F5\ B0/ G5\
LoopTrax_4971227 ypercube vs. dgb : @0/ B1+ C1/ C0/ C0/ A2+ C4/ D4+ D5\ E1/ E0/ B6+ A1+ B0+ E6+ F6+ C0+ E0+ F2/ G7\ RESIGN
LoopTrax_4971228 dgb vs. ypercube : @0/ @1/ @1/ B0/ B0+ C1/ D2+ B0+ A5/ C0\ D2+ @4+ B2\ C0/ @7/ A8/ A5\ @7+ H1+ G0/ C2+ D1\ D0\ C1\ B2\ A2\ A1\ D0+ G9+ G11+ B12/ A6+ @6\ A8+
LoopTrax_4971229 Riika vs. dgb : @0/ @1/ C1/ @1/ C2/ D3\ E3\ B3/ E4+ C0+
LoopTrax_4971230 dgb vs. Riika : @0+ A0+ B2\ C2\ @2\ D3+ D4/ @1/ F3\ G3\ F2+ C0\ C6/ B5+ D7\ E7\ B7/ A5\ C8/
LoopTrax_4971231 Authority vs. Marko : @0/ B1\ A2/ A3+ A4\ B4\ B5\ C2+ @5/ A3\ B6/
LoopTrax_4971232 Marko vs. Authority : @0+ A0+ @1+ A0+ A3+ B4+ @2+ @2/ A3/ E4/ A4+ B5+ @4\ G4/ F5+ C6+ A1+ @3/
LoopTrax_4971233 Authority vs. jazzbeth : @0/ @1/ A0/ @1/ A0/ @1/ A0/ E4/ E3/ C2/ C5/ E2/ E1/ B4/ A4\ B0+ C0+ @4+ G1/ E0+ G8+ H5+ F9+
LoopTrax_4971234 jazzbeth vs. Authority : @0/ A0/ B2/ B3/ C3/ C4/ C5/ C2/ B4/ D2/ E2/ F3+ E6+ G3/ E1/ H2+ D7+ E7+ I2\ J2\ I1+ E0+ A5/ E9/ B6+ G7+ H4+ I1/ F0+ E0+ I7+ H1+ K4+ L4\ K2+ J1/ J0/ L2\ M6/ H1/
LoopTrax_4971235 Authority vs. LyndiLoo : @0/ A2\ B1/ @1/ @2\ C0+ B0+ C5+ D5\ E3/ B6+ C6+ F3+ G3+ F6\ @5+ F7/
LoopTrax_4971236 LyndiLoo vs. Authority : @0/ A0/ B1\ A3\ B2+ C2\ C3\ D3\ D1/ C4+
LoopTrax_4971237 Authority vs. JonathanT : @0/ A0/ @1/ A0/ @1/ @1/ A0/ A0/ A4/ B1/ E4/ E3/ C2+ C0\ D2+ D0\ F4+ G3\ E2+ F1+ @3+ A1+ @3/ I0/ J3+ K3/ J1+ J0/ J0/ J0+ I1+ H3/
LoopTrax_4971238 JonathanT vs. Authority : @0+ A2+ B2+ A3+ @1\ @1\ @1\ A0\ A0+ A4+ @2\ G4\ G5\ G6+ H4/ G3\ G2+ C6/ E7/
LoopTrax_4971239 Marko vs. jazzbeth : @0+ A2+ B2\ B1+ A0\ B4\ C2+ C1/ A0\ D4/ @2+ E6\ F4/ B6/ F1/ D7/
LoopTrax_4971240 jazzbeth vs. Marko : @0/ B1+ C1/ A0+ C1/ A0+ @3+ B0\ C1+ E2\ D5+ C0\ D1+ F3\ G6+ G7\ G1+ H2+ F0+
LoopTrax_4971241 Marko vs. LyndiLoo : @0+ @1\ A2/ @2/ D1+ B3\ C3\ C0+ D4/ C5\ E3+ A2\ @2\ F4+ G4\ B0+ A6/ A7/ @4+
LoopTrax_4971242 LyndiLoo vs. Marko : @0/ A2\ B1/ B2+ C1\ B0/ D1/ D0/ C4+ B5/ E3\ E4\ F4\ D5/ B6/ A1\ @2/ D0+
LoopTrax_4971243 Marko vs. JonathanT : @0+ A2+ @1+ A0+ B1+ A0/ B5/ A5/ @5+ C6\ D4\ A2+ D2/ E1\ @2+ A1\ D0\ C0/ A0+ @1\ G1+ F0/ H3+
LoopTrax_4971244 JonathanT vs. Marko : @0/ B1+ C1/ B0+ B3+ C0\ C0\ A2+ C0/ D3+ B1+ E4\ E5\ E6\ D7+ F5+ G6/ D8\ E9/ E2/ E1/ G4+ H1+ E0/ H6\ I4\
LoopTrax_4971245 jazzbeth vs. LyndiLoo : @0/ B1\ A2/ @2+ @2/ A3\ C0/ E1/ E0/ F3\ E4/ C5/ B1\ D0+
LoopTrax_4971246 LyndiLoo vs. jazzbeth : @0/ @1/ A2+ A3/ @3\ D1/ C0\ D4\ E3\
LoopTrax_4971247 jazzbeth vs. JonathanT : @0/ @1/ B2/ B3/ C1+ D3/ B4/ B5/ B6/ B7+ A2+ C0/ @2/ B1+ B0/ A5+ @3/ A1/ F3+
LoopTrax_4971248 JonathanT vs. jazzbeth : @0/ A2/ B1/ @1/ A0/ A0/ A0/ @4/ D3/ A5/ @4+ D2+
LoopTrax_4971249 LyndiLoo vs. JonathanT : @0/ A0/ B1+ A3/ A0\ @1/
LoopTrax_4971250 JonathanT vs. LyndiLoo : @0/ A2\ B1/ @1+ @1\ A0\ C0+ @3/ C4/ C5/ D0/ @3\ A2\ C1/ F0/ G2\ D1/ @5/ B6\ H4+ D1+ E0\ A2\ B1\
LoopTrax_4973390 Riika vs. JiffyJeff : @0+ A2/ A0\ @3/ C2/ D2/ A4/ @1+ @3+ @3/ @3/ @3/ @3/ D2+ A5/ @5/ I5\ RESIGN
LoopTrax_4976286 Traxplayer vs. Uncle Chuckie : @0/ B1\ A2/ C1+ C0+ D1/ D0/ E2\ E3\ F3\ D4/ D5/ F0/ G3+ C1\ G6\ D0/
LoopTrax_4976604 Traxplayer vs. jazzbeth : @0/ @1/ @1/ @1+ A0+ @2/ D3+ B3+ F2\ E4/ D5+ G2+ @3+ E0+ G2/ B2+ I3/ H2/ H1/ E0/ I3+
LoopTrax_4983336 Dragon101 vs. Rogue Trooper : @0/ A0/ @1/ B0/ @1/ @1/ E1/ E4+ F4\ E0+ G3+ H2\ I3/ H1+ C4+ C5+ B3+ B0+ @3+ F1+ C6/ F7/ G8\ H8\ I8\ I9\ J6+ K6/ A0\ @3/ L4+ K2+ J11\ L11+ M9+ C0+ D2/ B0/ A2+ @3\ J3+ F2+ D8+ H1/ I1/ G0\ E2+ E1+
LoopTrax_4989021 JonathanT vs. GringoNZ : @0/
LoopTrax_4999102 Riika vs. jazzbeth : @0/ @1/ C1/ D1+ A2+ B3/ E3+ B4+ C0/ B0+ B0/ E4/ F4/ E2+ G2\ E1+ G1/ H2\ G4\ H5/ F6+ B0/ @5/ @5/ B7+ @6+ D2+ E0/ E0/ C2+ E0/ D0+ B4/ A4/ H2+ H1/ H0+ I3+ B4+ D1+ E0\ A4+ I2+ I5+ J3+ A11+ @9+ A13/ C14\ E15+ @13\ B11/
LoopTrax_4999616 dgb vs. Traxplayer : @0/ @1/ B2/ C2/ B0/ C2/ D2/ D4+ E3\ B5/ A5/ F3\ F4\ F5\ B6+ @1+ B0\ H3/ H2/ @3\ F2/ G1+ B7/ D8/ C4/ B5+ B1\ A0/ @6+ B8+ @4\ A3\ A0+ RESIGN
LoopTrax_5000681 Charlo vs. Rogue Trooper : @0/ A0/ B1/ C2+ A3/ D2/ E2/ A4+ @2+ G2/ E3+ F4+ E0+ E6+ B6+ E7/ D0/ D0/ H7+ G2+ H2/ I3+ G1+ C1\ D0/ B3+ G9+ H10/ E11/ I9/
LoopTrax_5002749 Riika vs. jaha : @0+ A2/ A3/ A0/ B1/ B3+ A0/ A0/ @3+ A6+ @6/ A2+ C0+ D3+ @3/ A2+ E8/ B6+ A7/ A8/ A9+ @7+ B4+ A2\ @2\ D0+
LoopTrax_5002807 JonathanT vs. Cheeky Cow : @0/ A2+ A3/ A4/ B4/ B3+ B2+ B0+ C5\ C6\ B6+ C4/ @4+
LoopTrax_5003776 Christine vs. Miss Traven : @0+ B1/ B2\ C1/ C0+ D1/ A3+ B4/ B5\ A4+ C4\
LoopTrax_5004445 Carroll vs. GringoNZ : @0+
LoopTrax_5010876 Christine vs. Miss Traven : @0+ @1/ @1\ A0\ C1/ A0/ D2\ B1+
LoopTrax_5013823 Carroll vs. DINGEROO : @0+ B1+ C1+ @1/ D0+ A3/ D3+ E3/ A1\ @2/ C4+ C1/
LoopTrax_5013971 JiffyJeff vs. Marko : @0/ B1\ A2/ A3/ B2+ @3+ B4\ @1\ C0/ B0+ A2\ @2\ B1\ A1+ B0+ @5+ A6/ C0\ B1\ A1\ @4/ A7/ D8+ E9/ A1+ @4/ B0/
LoopTrax_5014132 JonathanT vs. lhh61 : @0/ B1/ A0+ C1\ D2/ A0/ C0+ @4+ C5+ @4\ @4\ @4\ C2/ F0/ F0/ H2+ I7/ E1/ I4\ E3+ D2+ E0\ F0\ J6+ J3\ I7\ B9+ D10/ J9\ K9\ J10/
LoopTrax_5017735 jaha vs. ypercube : @0/ A0/ B2/ A3/ A4+ A0/ @5\ B6/ A7\ A8\ @5\ B9+ D8+ E3+ E2+ F2/ @7+ RESIGN
LoopTrax_5017766 Riika vs. Traxplayer : @0+ A0+ @2+ B3+ C3+ B4+ D3+ A4/ C2/ D4\ D5+ E4/ F4+ B0/ D2+ A1\ B0/ @3/
LoopTrax_5019509 volvath vs. GringoNZ : @0/
LoopTrax_5027937 ypercube vs. Traxplayer : @0+ A0+ A0+ @1\ C2/ D1\ C0\ E2+ @2/ B3+ B4/ A4/ A5/ @3\ E5+ B6+ C7+ D8+ @3+ A2\ B1\ B0\ A1\ @4+ B7/ RESIGN
LoopTrax_5028733 * vs. REBEL DJ : @0+ B1/ B2\ C1/ A0\ @1\ C4\ B3+ @2/ A3/ @3/ A4/ B5+ C6/ F3+ F5/ G4/ E0/ E0+ F1/ G1/ H1+ F0+ F9/ D10/
LoopTrax_5031196 Christine vs. Miss Traven : @0+ @1\ A2/ @1\ A0\ D2/ D0/ D0\ E2\
LoopTrax_5034401 Uncle Chuckie vs. Riika : @0/ @1/ B0/ @1+ C0/ @2/ C4/ D0+ A2+ E3+ @2\ D0/ A6/ @2/ C7/
LoopTrax_5036827 Judy vs. Goonerg : @0+ B1/ C1\ B2/ A0\
LoopTrax_5037150 Charlo vs. Carroll : @0/ B1+ A0\ @1\ A0\ C4/ @2+ B3/ @1/ @1/ A0+ D1+ @2+ F5+ D0+ @3\ A1+ D0/ @3+ I3/ I2/ I1/ E0/ C0+ A3+ @3\ A2\ @2\ A1\ A0+ @5/ C6+ L3+ J2/ M4/
LoopTrax_5037696 dgb vs. Authority : @0/ @1/ @1/ @1/ B0/ A3/ @3/ @3+ @3/ @3/ C0\ B2/ G1/ G0/ E6+
LoopTrax_5037697 Authority vs. dgb : @0/ A0/ @1/ A0+ @1\ @1/ C0+ @2\ B1+ B0\ A1\ @1+ C0+ A5/ C6/ @5\
LoopTrax_5038723 kidgame2001 vs. GringoNZ : @0/
LoopTrax_5040032 Sista vs. Traxplayer : @0+ A0+ A3\ A0\ A0\ B2+ @2\ C5\ D4/ E4+ A1+ E6\ F4\ B6/ A6/ D7/
LoopTrax_5043111 Marko vs. thebodywall : @0/ B1\ A2/ A3/ B3+ C3\ C4\ C5+ D5\ A6/ @4+ E4+ A1\ B0/ D2+ E7\ E8+ F6+
LoopTrax_5045045 JonathanT vs. REBEL DJ : @0+ B1/ @1/ B0+ B3+ D1\ E2/ E3/ F2/ G1/ D0+ G4+ D4+
LoopTrax_5046461 Traxplayer vs. Dantes7 : @0/ A2\ B2\ B1+ B3/ C1\ @2/ B3+ B4/ A3/ @3/ B4/ A1\ A0+ @3\
LoopTrax_5047499 balmoral vs. * : @0+ A0+ B2\ A3+ @1/ A0/ B0\ C2+ C6\ D5/ @3/ A0\ @3+ E1/ D0\
LoopTrax_5049069 jazzbeth vs. DINGEROO : @0/ B1\ A2/ @1+ C2+ D1+ B3+ D0/ B1+ E2+ E3\ F3\ F4\ D5+ E6/ B5/ A5/ @4/ C6+
LoopTrax_5049382 jazzbeth vs. ypercube : @0/ @1/ B2/ @1/ A2/ C3+ D3\ A4/ @2/ E4\ E5\ F3+
LoopTrax_5053099 Authority vs. Goonerg : @0/
LoopTrax_5053341 Riika vs. Dragon101 : @0+ A0+ @1+ B0+ C2+ A3+ @3+ C4+ A2+ D3+ @2+ D0/ D6\ E6\ E7\ F7\ F8\ E1/ E0/ C2+ F2+ G6+ H7+ G10/ H5+ G3+ G11/ G12/ C11+ G13/ A5+ I8/ B9+ A3\ B13/ D14+ A11+
LoopTrax_5060421 * vs. supermac : @0/ B1\ A2/ B2+ C2\ A3/ D2\ C1+ C0/ @4+ B5/
LoopTrax_5061855 dgb vs. Traxplayer : @0/ @1/ A0/ @2/ @2+ C0+ D4+ B5\ A0/ @4/ B6+ B7/ A7/ A8/ B9+ D7+ D10/ E9+ F8\ @6+ F2/ G4\ E11/ RESIGN
LoopTrax_5061958 ypercube vs. thebodywall : @0+ A2+ A0+ B1\ @3\ A1+ D2\ D3\ E3\ E4\ E1/ B0/ F2\
LoopTrax_5062142 GringoNZ vs. balmoral :
LoopTrax_5062241 JonathanT vs. Traxplayer : @0/ @1/ C1/ B2+ B0+ A0/ B0\ D3+ @3+ @4\ B0+ A2\ @4/ A2\ A1/
LoopTrax_5063593 Charlo vs. golfnutrof : @0/ @1/ B0/ @1/ A0/ @2/ D1/ B3+ B0+ C0+ E5+ C6/ E1/ D0\ F4/
LoopTrax_5065477 Rogue Trooper vs. ypercube : @0+ @1+ @1+ @1+ B0+ E2+ C3/ B4/ A3+ @3/ A4/ @4/ D5+ C6+ F1/ F0+ G4/
LoopTrax_5065661 Dragon101 vs. lhh61 : @0/ @1/ A0/ C2\ A3+ D2\ @2/ A4\ @3\ @3\ @2/ C5+ @5+ C6\ A1\ C0+ @3/
LoopTrax_5067725 Christine vs. Miss Traven : @0+ @1\ A2/ @1\ C0/ D2/ B4/ D1+ D0/ E1/ D4\ E0\ E4\
LoopTrax_5067860 jazzbeth vs. Rogue Trooper : @0/ A0/ B2/ B3+ C3\ B4/ @3+ C5/ E4+ A1\ A0+ D2/ E3+ @3+ @3/ @3/ B2+ F1+ E0/ H2/ H1/ I4/
LoopTrax_5068043 ypercube vs. Traxplayer : @0+ A0+ A0+ A0+ B1+ B4+ @2+ A4/ @3+ B5+ @4\ @4\ B2+ D1+ C5+ E6\ F6\ F7\ G5/ E8/ D8/ @4+ D6+ D7+ A2\ A1\ C1+ D0+ F1+ E0+ @3\ C2/ C1/ C0/ A0+ @4+ G1+ B0/ H3+
LoopTrax_5073038 Traxplayer vs. Uncle Chuckie : @0/ B1\ A2/ @2/ B3\ C3\ C4+ D4/
LoopTrax_5073440 Riika vs. kidgame2001 : @0+ A2/ A3/ B1\ @3/ @2/ D4+ E3\ F3\ D5\ E4+
LoopTrax_5076876 jazzbeth vs. volvath : @0/ B1\ A2/ A3/ @1+ @3/ C4/ C0/ @4+ E0/ F3+ C1/ E4+ B1\ A0/
LoopTrax_5076933 Uncle Chuckie vs. Authority : @0/ @1/ A2\ C1\ C2\ D2\ B3/ A0\ @2/ E1/ @4+ D0/
LoopTrax_5077195 ypercube vs. Traxplayer : @0+ B1+ C1+ B2+ C2+ B3+ A3+ @2\ E1/ A0/ C5\ @2\ G2\ G3\ G4+ RESIGN
LoopTrax_5080061 Lorraine of the Renegades vs. Traxplayer : @0/ @1/ A0/ @2/ C3/ D2/ C1+ A3/ E1/ E0/ B1\ B0/ D2+ D1+
LoopTrax_5082298 Goonerg vs. golfnutrof :
LoopTrax_5082582 Authority vs. thebodywall : @0/ B1+ C1/ C0\ D1/ D0/ E1/ D0\ C1\ B1+ D0+ F4+ F5\ F6+ G4+ D7/ B6+ E8\ F8\ C8/ E9+ F2+ G2\ F0/ G1/ H3\ I3\ E0\ D1\ J2+ J1/ I0+ H0/ K6\ K7\ I8/ J9/ K10+ I10/
LoopTrax_5084097 ypercube vs. * : @0+ B1\ B0/ C2\ B3\ A1\ A0\ C2/ D2/ B1+ E2\ D3+ D4\ E4\ F4+ G3\ F5/
LoopTrax_5084857 jazzbeth vs. Charlo : @0/ @1/ B2/ C2/ C3/ D3/ D4/ E3/ B0/ C1/ D1/ E3+ D6+ C6/ B6+ F1/ D0/ F5/ G2+ G5+ H2+ H5\ F1/ F0/ D1+ B9/ A6+ E9+ B10\ D9+
LoopTrax_5084910 Rogue Trooper vs. JonathanT : @0+ A2/ @2\ B0/ A1+ C1+ @3\ @2/ D0/ F3/ E4+ E0\ F2+ D6+ F0/ RESIGN
LoopTrax_5088754 Goonerg vs. Sir Pussycat :
LoopTrax_5091044 marlisam vs. Rogue Trooper : @0/ A0+ A0\ @3/ @3/ C4+ A5/ @5/ A3+ A6+ D6/ @5/ A7/ @7/ A4/ B1\ B0\ @5+ B6+ A7+
LoopTrax_5091045 Rogue Trooper vs. marlisam : @0+ @1+ @1+ @1+ A0\ @1+ B0+ A1\ C1/ C4/ B0+
LoopTrax_5091046 marlisam vs. * : @0/ B1\ B2\ A0/ C2+ B4\ C0/ D3/ D1+ D5\ E3/ C6\
LoopTrax_5091047 * vs. marlisam : @0/ A2\ B1/ A3\ B2\ C1/ @2\ C3+ C0+ D4\ E4\ F4/ @4/ A5/ A1\ A6\ @3\
LoopTrax_5091048 marlisam vs. Goonerg : @0/ A0/ B2/ A3/ C2/ @1\ B0/ B5/ E5/ A6/ @6/ F4+ G5\ D6+
LoopTrax_5091049 Goonerg vs. marlisam : @0/ B1\ A2/ A3/ B3/ B4+ @2+ @3/ A4/ A5/ C0/ @4+ F3/
LoopTrax_5091050 volvath vs. Rogue Trooper :
LoopTrax_5091051 Rogue Trooper vs. volvath : @0+
LoopTrax_5091052 volvath vs. * :
LoopTrax_5091053 * vs. volvath : @0/
LoopTrax_5091054 volvath vs. Goonerg :
LoopTrax_5091055 Goonerg vs. volvath : @0/
LoopTrax_5091056 Rogue Trooper vs. * : @0+ A2+ @2+ B3+ A3/ C3\ A4/ @4/ D5+ B1+ B6+ @6/ C7/ A2+ @6+ B1/ A2/ C0/
LoopTrax_5091057 * vs. Rogue Trooper : @0/ A0/ @2+ B0+ @3\ D3+ E2\ B0/ E2/ F4/ D5\ B0/ E0+ F4/ G3\ @5/ A7+ C8+
LoopTrax_5091058 Rogue Trooper vs. Goonerg : @0+ A0/ @1+ @1\ C0/ @1/ C0+ B4/ A4+
LoopTrax_5091059 Goonerg vs. Rogue Trooper : @0/ A0/ B2/ C2/ B1+ B3+ @3\ A4+
LoopTrax_5091060 * vs. Goonerg : @0/ @1/ C1/ @1/ E1/ B2+ A0+ E4+ F2/ C5/ B5/
LoopTrax_5091061 Goonerg vs. * : @0/ B1\ A2/ A0/ @2+ B0/ B0/ @1+ C0/ E3+
LoopTrax_5091062 JiffyJeff vs. dgb : @0/ A0/ B2/ B3+ A0/ @1+ D4\ E4/ @3\ B4+ E5/ G4\ G5\ G6\ D6\ H6+ RESIGN
LoopTrax_5091063 dgb vs. JiffyJeff : @0+ A2/ B1\ C2/ A3+ B0/ B0/ B0/ B0+ C2\ C4+ D7/ D3\ @6+ E1/ F1/ B1\ RESIGN
LoopTrax_5091066 JiffyJeff vs. ypercube : @0/ @1/ C1/ @1/ D2+ D0/ E1/ E0/ F2\ G2\ G3\ A0+ RESIGN
LoopTrax_5091067 ypercube vs. JiffyJeff : @0+ A2/ A0\ @3/ A4/ @1+ @2+ A5\ E2/ F1\ G2/ D0\ A2\ A0+ G1/ C0/
LoopTrax_5091068 dgb vs. stormy rebel : @0/ A2\ B2\ B3/ C2/ C1/ D1/ A0/ D4\ E2\ C5/
LoopTrax_5091069 stormy rebel vs. dgb : @0/ A0/ @2/ @1+ C0/ @3\ B4\ D0+ E1/ A1\ @3/ B0/
LoopTrax_5091070 dgb vs. ypercube : @0/ @1/ B0+ @2+ A0/ A4/ B4+ A5/ D3\ E3\ @4+ @3/ B2+ @3+ B1+ F1\ F0\ G2\ H2+ G5+ F6+ D7/ B6+ A6/ E8+ F9/ F10/ I5\ I6\ RESIGN
LoopTrax_5091071 ypercube vs. dgb : @0/ A0/ A3/ A0/ B4\ B5\ C5+ @4/ @1/ A4+ D0+ F3+ G4+ H4\ E7\ F7\ G2+ E8+ E9/ D9/ C9+ D10\ A8/ A9/ D11\ A10/ RESIGN
LoopTrax_5091072 stormy rebel vs. ypercube : @0/ B1+ A0\ @1\ B0\ D3\ B4/ A4/ @2\ C5+
LoopTrax_5091073 ypercube vs. stormy rebel : @0+ @1+ C1+ D1\ @1+ E2/ @1+ @1/ A2/ F0/ F0/ E1/ A5/ E4/ D6+ D1/ E5\ E0/ D8\ E8\ F8+ E9/ H4\
LoopTrax_5091074 jazzbeth vs. Carroll : @0/ @1/ B2/ A0+ @2+ A3/ B0/ D2\ C5+ B0+ @3/ C0+ D2+ A3/ @4/ B2+ B1+ A7+ @4/ H4\ I7+ @7+ I8+
LoopTrax_5091075 Carroll vs. jazzbeth : @0/ @1/ @1/ C0\ C0\ D1\ B4+ D3/ B2\ E1/ RESIGN
LoopTrax_5091076 jazzbeth vs. Marko : @0/ B1\ A2/ A3+ @1+ @1/ B0/ D1+ E1/ A4/ @2/ B1+ E4/ G1/ F0+
LoopTrax_5091077 Marko vs. jazzbeth : @0+ A2+ B1/ B2+ B3\ C2/ D2/ C1/ C0/ D1/ E1+ C0+ E6+ F3+ G3\ E7/
LoopTrax_5091078 jazzbeth vs. davidmilne : @0/ A0+ B1/ C1/ B2+ B0+ B0/ B0/ B0/ D5/ D0+ E4+ C8+ A3+ @5/ B1\ B0\ A2/
LoopTrax_5091079 davidmilne vs. jazzbeth : @0/ @1/ A2+ A0+ @3\ C4/ B5\ @3\ A4\ E2/ E0/ F3/ @2\ C1+ A5/ A6/ @3/
LoopTrax_5091080 Carroll vs. Marko : @0+ B1/ A2/ @1\ A0\ @1\ D0+ A5+ @2+ @3+ A6\ A2+ A1\ B0+
LoopTrax_5091081 Marko vs. Carroll : @0+ A0+ @1+ C1+ C2\ @1\ D0/ E3\ E4\ F1+ G2/ E0\ A4/ B2+
LoopTrax_5091082 Carroll vs. davidmilne : @0+ A2+ B1+ A0/ C2/ C3/ B4\ D2/ E4+ B5\ D6/ F2\ C0+ B0/ A2+ E2\ D1+ G4\ D0/ F7\ F3+ @6\
LoopTrax_5091083 davidmilne vs. Carroll : @0/ B1/ A0+ A0/ @1/ A4+ D2\ B0/ B5+ @3\ F5\ D6/ F1+ E0+
LoopTrax_5091084 Marko vs. davidmilne : @0/ A0+ A0\ @1\ C1/ C0/ RESIGN
LoopTrax_5091085 davidmilne vs. Marko : @0/ B1\ A2/ A3+ @1+ @1/ @1/ RESIGN
LoopTrax_5091086 jaha vs. thebodywall : @0/ B1\ B2\ C2\ D2+ B3+ A3/ @3+ B4\ A0\ @3+ C0/ D2+ F1/ G1/ B0\ A3\ @4/ H4\ I2/ F1+
LoopTrax_5091087 thebodywall vs. jaha : @0+ A0/ B2+ A3/ @3/ @3+ B1+ @1/ D4+ E4\ E5\ F2+ D6/ C6/ B5/ D7+ F6+ B7/ A6/ C8/
LoopTrax_5091088 jaha vs. Authority : @0/ @1/ A0/ @1/ B3+ D2/ D1/ C0/ E3+ F3/ D1/ D5+ A0\ F6\ @2\
LoopTrax_5091089 Authority vs. jaha : @0/ A0/ @2+ C1\ B0\ @2/ C4/ C5/ C6/ D4+ C7+ C8/ E3+ D1+ B1\ E5+ F6+ @2\ B1+ B6+ A5+ @4/ B1\ H4\ F0/ I5/ H3+ H9+ H10/ I8+ J5\ J6\
LoopTrax_5091090 jaha vs. Traxplayer : @0/ @1/ A0/ @1/ B0/ B4\ D3+ E3\ E4\ F4\ C5+ D6+ E7+ A5+ A6/ @6/ D7+ H7+ H4+ @5\ B4+ D8+ B1\ RESIGN
LoopTrax_5091091 Traxplayer vs. jaha : @0/ A0/ @2/ C2+ A3/ @2+ E1\ F2/ G1\ D0+ D5+ F4+ G0+ H2/ E0\ D1\ I3/ I2/ H1/ E0+ E0/ J6+ RESIGN
LoopTrax_5091092 thebodywall vs. Authority : @0+ A0+ A3/ @3/ A1+ B0+ A1\ @4+ @4+ C5/ E5\ C6+ F4/ F3/ G5\ F6/ E7\ E1/ E0/ A2\ RESIGN
LoopTrax_5091093 Authority vs. thebodywall : @0/ B1\ A2/ B2+ C2\ A3/ A4+ @2+ @1/ E5+ F2\ D0\ E2+ B5/ A5/ @5/ A6/ A7/ @5+
LoopTrax_5091094 thebodywall vs. Traxplayer : @0+ A0+ A0\ A4\ @3/ @4\ B1/ @2/ D5+ E3+ B1+ C6+ A0\ @3+ C1+ B5+ A7/ C8+ D0/ E1/ F1/ G1/ F0+
LoopTrax_5091095 Traxplayer vs. thebodywall : @0/ B1\ A2/ @2/ B0+ B4+ C4\ D4+ B5+ D1/ E3+ @1+ E0+ C0\ B2+ D0/ E1/ B1\ D0+ @7/ A8/ A9/ @9/ B10/ @6\ C5+ A10/ A11/ @9/
LoopTrax_5091096 Authority vs. Traxplayer : @0/ @1/ A0/ @1/ A0/ @1/ A0/ @1/ A0/ @1/ D2/ E3/ E6/ F4/ F3+ G3/ H3/ G4+ I3+ B0\ @2/ B1+ B0+ @2+ @2/ M5\ N5\ L7+ N4/ O4/ O6+ O8+ O9/ P7+ P4/ P3/ Q6\
LoopTrax_5091097 Traxplayer vs. Authority : @0/ @1/ A0/ @1/ A0/ @1/ A0/ @1/ A0/ @1/ B0/ C1/ F7/ G7/ G8/ H8/ G9/ I8+ G10+ F9+ E9/ E10/ D10/ J9+ E11+ I7/ I6+ J6/ D8\ C7/ H5+ B6/ K9/ L9/ K10+ G12/ J7+ J5\ K7+ K11\ M8\ M7\ I4/ I3/ I2/ K4\ N11+ N12\ O10+ N13+ O11+ M6/ RESIGN
LoopTrax_5091098 Riika vs. golfnutrof : @0/ @1/ C1/ C2/ D1/ B2/ A2+ E2/ B3/ A4/ C0+
LoopTrax_5091099 golfnutrof vs. Riika : @0/ A0+ A0\ @1\ C3/ A4\ @4+ E3/ D1+ E5+ F5\ F6\ G3+ C6/ C7+ B5/
LoopTrax_5091100 Riika vs. JonathanT : @0/ @1/ C1/ A2/ C3+ D1/ E1+ C0+ E5\ F3/ F5+ G3/ F1+ @4\ @4\ F6\ E0/ E0+ @6\ A7/ @7/ J8\ I9+ L6+
LoopTrax_5091101 JonathanT vs. Riika : @0/ @1/ @1/ @1/ @1/ C0+ D3+ E0/ F3/ A1\ C0+
LoopTrax_5091102 Riika vs. Jay RAA : @0/ B1\ A2/ A0/ C2\ A0\ @1\ D1\ D4+ B5/ A4+ @2/ E5/
LoopTrax_5091103 Jay RAA vs. Riika : @0/ @1/ C1/ D1/ E1/ C2+ C0\ A1\ @2/ D0+
LoopTrax_5091104 golfnutrof vs. JonathanT : @0/ A0/ @2/ @2/ A0/ @1/ @1/ C0+ A0+ @3/ E2+ B4+ C5/ D1/ C0\ B0/ B0/ B0/ D3+ A2\ @2+ A1\ A0\ F3+ @1+ A0+ H6+ I7/ A6/ B7/
LoopTrax_5091105 JonathanT vs. golfnutrof : @0/ @1/ @1/ A0/ A0/ @2/ A0+ @1\ A0\ @1\ E3/ D1+ A0\ @1\ G2\ F1+ G4+ B6+ @2+ A7/ @5+ G7/ E8\ G0+
LoopTrax_5091108 JonathanT vs. Jay RAA : @0/ B1\ A2/ B0\ A0/ A0/ @3+ B0/ D4+
LoopTrax_5091109 Jay RAA vs. JonathanT : @0/ @1/ B2/ B3/ C3/ C4/ C5\ D5/
LoopTrax_5093741 ypercube vs. Traxplayer : @0+ A0+ A0+ @1\ C2/ D1\ B0/ @2\ C5\ D4\ B4\ @2/ B3+ G2+ C0+ @3+ I3\ D0/ F2+ G1+ D0/ E9/ D9/ C9/ B9+ D10+ C1\ RESIGN
LoopTrax_5098231 GringoNZ vs. Goonerg :
LoopTrax_5100616 ypercube vs. Traxplayer : @0+ B1/ A2+ C1+ D1\ D2\ @2\ C0/ B4+ C5+ F4/ F6+ G5\ D7/ RESIGN
LoopTrax_5104246 Rogue Trooper vs. Traxplayer : @0+ A0+ @1+ A0+ C2+ @1/ E2\ B3/ D3+ B4+ @1/ B0\ C1+ @2\ A1\ @1\ D0\ E0/ F3/ B1+ C0\ @5/ B6/
LoopTrax_5104273 golfnutrof vs. Sir Pussycat : @0/ A2\ B1/ B0/ A0+ C1/ @2+
LoopTrax_5104409 Charlo vs. Dragon101 : @0/ A0/ A3/ A4/ @3+ C4+ D3+ B0/ @2+ C6+ C7/ @2/ @2/ B1+ G5\ F7+ G8/ E0/ G0/ H1/ B1\ D0+ A3\
LoopTrax_5104666 dgb vs. Traxplayer : @0/ @1+ @1\ B0/ B3/ B4/ C3+ B0\ @3\ C6+ C7/ C8/ D7+ B8/ E4\ F4+ G3\ @5+ B7+ @3\ A2\ D1+ I5\ J3\ I8+ RESIGN
LoopTrax_5106326 Marko vs. Goonerg : @0/ B1\ A2/
LoopTrax_5111382 Traxplayer vs. balmoral : @0/ B1\ A2/ B2+ @1+ @1/ C3/ @1/ D4\ C4+ @3+ @3/ A5+ @3/ I3\ I4\ J4\ J5\ J2/ K1\ G0/
LoopTrax_5111487 Carroll vs. Goonerg : @0+ A0/ B1/ A3+ @2\
LoopTrax_5115129 Lorraine of the Renegades vs. GringoNZ : @0/
LoopTrax_5115245 Rogue Trooper vs. JiffyJeff : @0+ A2/ B1+ A0/ @3/ @2/ B1+ D3\ C4+ B0+ C6/ C7/ C8/ E4/ E3/ D1+ @3/ G1/ F0/
LoopTrax_5116895 REBEL DJ vs. jazzbeth : @0+ A2+ B2\ C2+ C1+ D1/ @1/ C0/ C4/ E0/ F3/ B1\ RESIGN
LoopTrax_5118795 Traxplayer vs. supermac : @0/ B1\ A2/ @2/ B0+ C3+ A4/ A5+ @3+ C0/ @3+ A1+ B0+ F5/ F6+ A5/ @6\ A2\ @2\ A1\ E0/ F1/ A6+ @3+ G0/ H4/ I3+ G0+ C10/ B10/ E11+ I6+ J5\
LoopTrax_5118803 * vs. balmoral : @0/ B1+ C1/ C0/ B0/ A2+ C1/ @1/ A0+ @1\ A3+ B0+ E1+ D0+ D7\ E8/ F5+
LoopTrax_5125128 Rogue Trooper vs. jaha : @0+ A0\ @1/ B3\ A2+ C3/ @2+ B3/ B4/ B5/ @2/ E1/ E0\
LoopTrax_5125374 JonathanT vs. ypercube : @0/ @1/ @1/ @1/ A0/ A3/ A4+ C5+ E5+ @4/ E1+ A1+ @3/
LoopTrax_5128030 JonathanT vs. Sir Pussycat : @0/ A0\ @2\
LoopTrax_5128275 Riika vs. lhh61 : @0/ @1/ C1/ C2/ D1/ A0/ C1+ B3/ C0/ B1+ E4\ E5\ E1/ F1/ D0/
LoopTrax_5135453 Dragon101 vs. Sir Pussycat : @0/ A0\ @2\
LoopTrax_5135488 Rogue Trooper vs. JonathanT : @0+ A2+ @1+ B3+ C2+ B4+ A2/ B5\ D2/ E2/ C1+ A0/ @1/ F1/ E0/ G2\
LoopTrax_5137089 ypercube vs. Traxplayer : @0+ A0+ A0+ A0+ A0+ A0+ A0+ B6+ B2+ B3+ @4\ @4\ E3/ A5/ @6\ A7+ B8+ F4+ F6\ G4/ @5\ B4+ D1+ D9\ B2\ RESIGN
LoopTrax_5137724 Uncle Chuckie vs. JonathanT : @0/ A0/ B2/ C2/ C3+ C1\ @3/ C4+ A2+ A0/ E3/ F2+ G2/ D1+ D0+ C1+ @3/ F6\ G6\ H1/ I2\ @4\ J4\ K3/ B6+ D1\
LoopTrax_5137733 GringoNZ vs. Goonerg :
LoopTrax_5137881 Authority vs. Rogue Trooper : @0/ A0/ @1/ B0/ @1/ D2+ D4+ C0/ E2\ B4/ E0/ F2/
LoopTrax_5141752 Carroll vs. * : @0+ A2+ B2+ B1+ C1+ B0/ B0/ A5\ C5/ B6/ @4\ A6\ B7\ C8/ @7+ C9\ C1\ D0/ A5\ F5\
LoopTrax_5142776 Dragon101 vs. Sir Pussycat : @0/ B1\ A2/ A3/ B2+ A0/ @2+ C0/ D4/ B1\ B0/
LoopTrax_5143490 Goonerg vs. Sir Pussycat : @0/ B1\ A2/ A0/
LoopTrax_5143595 Dragon101 vs. Marko : @0/ B1\ A2/ A3+ @3/ B4+ C2+
LoopTrax_5148559 golfnutrof vs. JonathanT : @0/ @1/ A0/ B1/ C2/ A3/ D2/ E2/ F3+ C4+ F5+ D6\ A5/ @4\ H4+ C7+ A6+ @5/ A1+ B0+
LoopTrax_5150650 volvath vs. GringoNZ :
LoopTrax_5153823 Goonerg vs. lhh61 : @0/ A0/
LoopTrax_5154081 jazzbeth vs. Riika : @0/ @1/ B2/ B3/ A0/ @1/ D4/ D5+ @1/ C0+ A3/ A4\ B4+ E3/ F5/ A5/ @3/ E1/ @2+ E5/
LoopTrax_5155589 jazzbeth vs. Rogue Trooper : @0/ A0/ B2/ B3+ B1+ C3\ A0/ @3/ @2+ A0+ A0/ @4\
LoopTrax_5156872 Dragon101 vs. JonathanT : @0/ @1/ B2/ B3/ C1\ D1\ B0/ @2+ C0/ B4/ C0/ F2+ A0+ @4+ H4/ I4/ E1+ H6+ E0/ F7/ G8\ H9/ H10/ E11+ A6/ C9+
LoopTrax_5159157 DINGEROO vs. GringoNZ : @0/
LoopTrax_5161948 Miss Traven vs. Christine : @0/ A2\ B1/ B2+ B3\ C3\ C4\ B0/ D3\ D0/ D6/
LoopTrax_5161993 golfnutrof vs. Traxplayer : @0/ @1/ B0/ @2/ D2+ A3+ A0+ @4\ E5+ C6\ F3/ G2\ F4+ H3+ I4/ J3\ I2+ J5\ K4/ G6/
LoopTrax_5164409 coopaah vs. ypercube : @0/ @1/ C1/ @1/ A0\ @2/ E0/ F1/ G1+ D0+ B5/ A1\ @4/ B0/
LoopTrax_5164410 ypercube vs. coopaah : @0+ A2/ A0\ @3/ A4/ @1+ @2+ @4\ F2/ F3+ C0\ B1\ F1/ D0\ G3/
LoopTrax_5164411 coopaah vs. JonathanT : @0/ @1/ C1/ D1/ E1/ C2+ E0/ A4/ @3\ F4\ E5\ G4/
LoopTrax_5164412 JonathanT vs. coopaah : @0/ @1/ C1/ D1/ C0+ A3/ @3/ D4+ D5/ D6/ E5+ F3/ @6+ A7/ A1+ C0/ @4/
LoopTrax_5164413 coopaah vs. jazzbeth : @0/ @1/ C1/ C2/ @1+ E1\ D0/ F2\ E3+ B0+ @1\ B0/ H3+ H2/ E1\ F1+ I4/ H5+ C0+ J6\ I7/ J3/ J2/ K5/
LoopTrax_5164414 jazzbeth vs. coopaah : @0/ @1/ B2/ @1\ C0+ C4+ D2/ A3+ @3/ @2\ B1/ C0\ B0/ E2/ D6+ C0+ G5/ F8/ H8\ H9\ H3/ H2/ I4\
LoopTrax_5164417 ypercube vs. JonathanT : @0+ A2+ A0+ @3+ C2+ C3+ B4+ C4+ B5+ C1+ D2+ B6+ C6+ A6+ D5+ D4+ E4/ F4/ C7/ B0\ E3+ G3+ B9\ D8+ E8/ D2/ G6+ H5/
LoopTrax_5164418 JonathanT vs. ypercube : @0/ @1/ @1/ D1/ D0/ E1/ D3+ F1+ D0+ @1+ D0+ C6+ @2/ C0+ I6+ G7/ F8/
LoopTrax_5164419 ypercube vs. jazzbeth : @0+ A2+ A0+ A4+ A0+ A6+ A0+ A0+ A0+ A10+ B4+ B5+ B6+ B7\ @9\ D8/ @9/ B10+ B11/ A11/ B12/ @9+ G6+ E3+ E10+ G8+ D12\ E13/ C3\ E2+ F2/ B2/ H6/ B4/ G5+
LoopTrax_5164420 jazzbeth vs. ypercube : @0/ B1+ C1/ B0/ B0/ B0/ C3/ @4/ @4/ F3/ D5+ G3+ E2+ H3/ C3+ C6+ B2+ @6/ C7+ A3+ @3/ B1\ A1\ C0/
LoopTrax_5164421 ypercube vs. BrnIdGirl : @0+ B1/ @1+ @1\ C2/ C0/ B4\ B1\ B0\ A2+ D5\ E3/ D6/
LoopTrax_5164422 BrnIdGirl vs. ypercube : @0/ A0/ @2+ B0+ @3\ D3\ C4/ B5\ E3/ A5/ B6\ @4\
LoopTrax_5164423 JonathanT vs. jazzbeth : @0/ @1/ C1/ C2/ C3+ D3\ E1+ B2/ A2/ C4/ B0+ A6/ @5/
LoopTrax_5164424 jazzbeth vs. JonathanT : @0/ @1/ B2/ B3/ C3/ C4+ D4\ E3+ C2+ C0+ F5/ E3/ F2+ D0+ E0+ F0+ C9+ E9+ D10/ G6+ G8+ F10+ B4+ A7/ B9/ B11\ @7/ A9\ @7/ C3/ C2/ F1/ @2\ C1+ F0+ J2/ I1/ K6/
LoopTrax_5164425 JonathanT vs. BrnIdGirl : @0/ B1\ A2/ B2+ B3\ A4/ @4/ D3\ A1\ B0/ @4+
LoopTrax_5164426 BrnIdGirl vs. JonathanT : @0/ @1/ B0+ A0/ A4/ @1+ A0\ A0\ @2/ A6+ @2\ E1/ D0\ F3\
LoopTrax_5164427 jazzbeth vs. BrnIdGirl : @0/ B1\ A2/ B0\ @3+ C0/ D3+ B1\ B0/
LoopTrax_5164428 BrnIdGirl vs. jazzbeth : @0/ @1/ B0+ A3\ @1\ B0/ @3/ A4/ C5\ D5\ E4\ C6+
LoopTrax_5164431 thebodywall vs. Riika : @0+ A2+ B2+ A0+ @1\ B0+ C3/ C5+ B5+ @1/ D1/ E1/ E4/ E0+ D0+ F3/ B7\ C8/ A7+ @7/ G6\ G7\ H7\ F8/ E9\ G5+ @4\ J6+
LoopTrax_5164432 Riika vs. thebodywall : @0/ A2\ B1/ B0/ @3\ @1+ C0/ C0+ D2+ D5+ E3/ A0\ @2+ C7/ B7/ A7/ @2/ D0/ E2+ B1\ C0+ E1/ B10/ D0/
LoopTrax_5164433 thebodywall vs. dgb : @0+ A2+ B2\ C2\ B3+ A0\ C2+ A0\ @3/ D1/ D0/ E4+
LoopTrax_5164434 dgb vs. thebodywall : @0+ B1\ @1\ B2/ @1\ C0/ D4\ E4\ A4/ A5/ @4\
LoopTrax_5164435 leewisdomjr vs. Riika : @0+ A2+ A3/ B3\ B4\ B5\ B6/ A5/
LoopTrax_5164436 Riika vs. leewisdomjr : @0/ B1\ A2/ A3+ @1\ C0\ B5\ C5\ C6\ D6\ A6/ B0\ B8/
LoopTrax_5164437 leewisdomjr vs. dgb : @0+ A2+ A0/ A4/ B4/ C3\ B1+ D3/ C2+ C1/ D1/ E1+ C0+ E5\ C6+ F4\
LoopTrax_5164438 dgb vs. leewisdomjr : @0+ B1/ @1/ A0/ @2/ C3\ D0/ E2\ A1\ B0\ @3\
LoopTrax_5164439 Riika vs. dgb : @0+ A2+ B2\ C2+ @2\ D3/ C1/ E2\ F3/ G2\ B4\ G1/ A4/ C0/
LoopTrax_5164440 dgb vs. Riika : @0/ @1/ @1/ @1/ B0/ C3/ A0\ @1\ D1/ D0/ C5+
LoopTrax_5164441 Carroll vs. Brian Nicholls : @0+ @1\ C1+ D1/ D0/ A1\ A0+ @2\ @2\ E1/ B0/ D5\ E1\
LoopTrax_5164441 Carroll vs. Justvisiting : @0+ @1\ C1+ D1/ D0/ A1\ A0+ @2\ @2\ E1/ B0/ D5\ E1\
LoopTrax_5164442 Brian Nicholls vs. Carroll : @0/ @1/ A2\ B2+ C2/ A0/ C2+ C1/ A0\ @3/ A5/ @5/ A4+ A2\ B1+ @4+
LoopTrax_5164442 Justvisiting vs. Carroll : @0/ @1/ A2\ B2+ C2/ A0/ C2+ C1/ A0\ @3/ A5/ @5/ A4+ A2\ B1+ @4+
LoopTrax_5164443 Carroll vs. Authority : @0+ A0+ A0+ A0+ A0+ A6+ B2+ B3+ C3+ B5+ C5+ B1+ B0/ @2/ D1+ @2/ B1+ A4/ F5\ @3/
LoopTrax_5164444 Authority vs. Carroll : @0/ A0/ B2/ C2+ A3/ C1+ B0+ B5/ B6/ D2\ E3/ D1+ @3\ B6+ B7+ E4+ G3+ H4/ F5+ E7+ E0+ D1+ E0+
LoopTrax_5164445 Carroll vs. Traxplayer : @0+ A0+ B2+ A3+ C2+ A0+ @1+ B0+ C1+ B0+ D2+ D6+ E5+ C7/ E6+ A5/ F5/ F4/ D1\ D3/
LoopTrax_5164446 Traxplayer vs. Carroll : @0/ A0/ @2+ @2/ D2+ C0/ C4+ A4/ @4/ D5+ C6+ @5\ A7+ @7/ D8\ A3\ E7\
LoopTrax_5164447 Brian Nicholls vs. Authority : @0/ @1/ A2+ C1\ A3\ A0+ B0\ A0/ C3/ D3+ E3\ E4\ @1+ G3+ E2\ A4/ @2\ F5+
LoopTrax_5164447 Justvisiting vs. Authority : @0/ @1/ A2+ C1\ A3\ A0+ B0\ A0/ C3/ D3+ E3\ E4\ @1+ G3+ E2\ A4/ @2\ F5+
LoopTrax_5164448 Authority vs. Brian Nicholls : @0+ B1\ @1\ A2\ @1\ B0/ D1/ @3/ A4\
LoopTrax_5164448 Authority vs. Justvisiting : @0+ B1\ @1\ A2\ @1\ B0/ D1/ @3/ A4\
LoopTrax_5164449 Brian Nicholls vs. Traxplayer : @0/ @1/ A2/ C1+ C0\ @2+ C4/ @2\ C0\ C0\ B2\ E1/ F1/ D0/
LoopTrax_5164449 Justvisiting vs. Traxplayer : @0/ @1/ A2/ C1+ C0\ @2+ C4/ @2\ C0\ C0\ B2\ E1/ F1/ D0/
LoopTrax_5164450 Traxplayer vs. Brian Nicholls : @0/ B1\ B2\ C2+ D1\ A2+ B3+ @2\ @2\ A3\ @3+ B0/ @4\ B2+ A5/ @5/ E5+ D5/ D6/
LoopTrax_5164450 Traxplayer vs. Justvisiting : @0/ B1\ B2\ C2+ D1\ A2+ B3+ @2\ @2\ A3\ @3+ B0/ @4\ B2+ A5/ @5/ E5+ D5/ D6/
LoopTrax_5164451 Authority vs. Traxplayer : @0/ B1+ C1/ C0/ C0/ A2+ @2/ B4+ C5+ E2+ F2\ G2\ H2\ E4+ I3+ H1+ D0/ B0+ A1\ @1+ C0+ H8+ J4/ K8\ I9/ K4+ H3/ L6\
LoopTrax_5164452 Traxplayer vs. Authority : @0/ A0/ @2/ A0+ @3/ A4/ @4/ C0/ C0/ B1/ C0+ @3/ C8+ F2+ G3+ C9/ C10/ C11/ F1+ G1/ G0/ H1/ H0/ I1/ I0/ J4+ G0+ E1+ K3+ I0\ H8+ I9+ B7+ D5+ D14+ F13+ G10+ H11+ D17\ E16/ I10+ L3\ J2+ I0+ M3/ L2\ J0/ H2/ H1/ H0/ H0/ G3/ N6\ D22\ B21+ @11/ B10+ D8+ G5+ G3+ L12+ M11\ N10+ O9\ F4+ G0/ @12\ @12\ G24+ G25+ H22+ H25+ I22+ J21\ K21+ J23\ K23\ K18\ L18\ D20+
LoopTrax_5174682 Dragon101 vs. Charlo : @0/ A0/ B2/ B3/ A0/ @3+ A0/ C3+ B5+ B6/ A6/ A7/ @5+ @5/
LoopTrax_5174893 JiffyJeff vs. Traxplayer : @0/ @1/ A0/ @1/ C3+ C4\ D4\ D5\ E5\ B5/ RESIGN
LoopTrax_5176440 Rogue Trooper vs. Traxplayer : @0+ A0+ A0+ A0\ B2/ C1\ B3+ D2\ @2/ @2\ @2\ B3+ C0/ H3\ B1\ B0\ D1+ D7+ C7+ @4/ A3/ E8/ H2+ F0+ C1\ H0/ I1/ C1+ B1/
LoopTrax_5176615 jazzbeth vs. Sir Pussycat : @0/ B1\ A2/ A0/ @1+ @1\ C0/ E1+ A4/ B5\ @2/
LoopTrax_5176769 Goonerg vs. volvath :
LoopTrax_5182866 dgb vs. Brian Nicholls : @0/ @1+ @1\ C0/ D1/ C0/ E3\ E4\ E1/ B4+ C0/
LoopTrax_5182866 dgb vs. Justvisiting : @0/ @1+ @1\ C0/ D1/ C0/ E3\ E4\ E1/ B4+ C0/
LoopTrax_5182867 Brian Nicholls vs. dgb : @0/ A0/ @1/ A0+ C2/ B0/ A4+ D2/ D1/ C5+ D4\ E1/ C0\ E5\ F4\ D6+
LoopTrax_5182867 Justvisiting vs. dgb : @0/ A0/ @1/ A0+ C2/ B0/ A4+ D2/ D1/ C5+ D4\ E1/ C0\ E5\ F4\ D6+
LoopTrax_5182868 dgb vs. mammacat : @0+ @1/ C1/ A0/ @2/ C3\ D0/ E2\ A1\ B5+ B0/
LoopTrax_5182869 mammacat vs. dgb : @0/ @1/ A0/ @1+ @2/ A3/ D3/ E3+ F2/ D1/ D0/ D5+ B4+ B5+
LoopTrax_5182870 dgb vs. BrnIdGirl : @0+ @1/ C1/ C0+ B3\ D2\ B0/ E3/ D2+ E2+ E1/ B0/ A6/ @4/ C7\ D7\ E7+ E8\ G3\
LoopTrax_5182871 BrnIdGirl vs. dgb : @0/ A0+ @2\ B0/ C1/ D1+ E1\ F1\ G1\ F0+ H2\ D4+ C5\ B1\ A2/ D0+
LoopTrax_5182872 dgb vs. ypercube : @0/ @1/ @1/ C2/ D1\ D0\ E2\ D0+ D0\ D0\ F4+ G4\ H4\ G3+ I4\ G2/ D0+ E1+ D0\ C1\ F8/ E9+ J8\ RESIGN
LoopTrax_5182873 ypercube vs. dgb : @0+ A2+ A0+ B3+ A0+ @4+ B5+ C1+ A2\ A0/ A0/ @2+ @3\ @3\ @3\ C4+ @3+ E5/ I3/ F7/ D6+ I4+ I5+ J5\ RESIGN
LoopTrax_5182878 Brian Nicholls vs. ypercube : @0/ A0/ B2/ A0/ B2/ C2/ @3/ D4\ E3+ A5/ @4\ F5\ F1/ G4/
LoopTrax_5182878 Justvisiting vs. ypercube : @0/ A0/ B2/ A0/ B2/ C2/ @3/ D4\ E3+ A5/ @4\ F5\ F1/ G4/
LoopTrax_5182879 ypercube vs. Brian Nicholls : @0+ @1+ C1+ D1/ @1+ @1\ A2/ @1\ E2+ B3/ C3\ F3\ C4/
LoopTrax_5182879 ypercube vs. Justvisiting : @0+ @1+ C1+ D1/ @1+ @1\ A2/ @1\ E2+ B3/ C3\ F3\ C4/
LoopTrax_5182882 mammacat vs. ypercube : @0/ @1/ A0/ C2/ C3\ D3\ A0\ @3/ B5/ F4/ F3/ G3/ RESIGN
LoopTrax_5182883 ypercube vs. mammacat : @0+ @1/ C1/ @1/ C0\ A3/ D0/ E2\ A1\ E4\ C0\
LoopTrax_5182884 BrnIdGirl vs. ypercube : @0/ @1/ A2+ C1+ B0/ B4\ A0\ @1+ B0/ B0/ C2/ D2/ E6/ E3+
LoopTrax_5182885 ypercube vs. BrnIdGirl : @0+ B1/ @1+ @1\ B2\ C0/ B4\ D1+ D4\ D5\ E2\
LoopTrax_5185791 dgb vs. Authority : @0+ A2+ B2\ C2\ B1+ B0+ D3/ D4/ @3\ @2/ B4+ D5\ C6+ @3+ C1/ D7/ D8/ D9/ B7+ C10+ H3/ D0+ H6\ I4+ E9+ F8+ F10\ A7/ H8\
LoopTrax_5185913 JonathanT vs. Rogue Trooper : @0/ @1/ @1/ A0+ D2/ B0+ A1\ @1\ @1\ D4+ B0/ G2/ F1/
LoopTrax_5186345 riaZZZ vs. ypercube : @0/ @1/ C1/ D1/ B2+ A0+ E3\ E4\ C0\ E2+ A1+ @3+ E5+ B0\ C6/ C7/ A5+ F7\ C1/ D8+
LoopTrax_5189797 GringoNZ vs. Goonerg :
LoopTrax_5195869 Dragon101 vs. jazzbeth : @0/ @1/ A0/ @1/ @1/ A0/ @2/ D1/ E1/ E0/ F1/ A4/ G1\ E5/ C5/ G4+ C6+ H2+ H5+ B0+ @4+ C0/
LoopTrax_5196018 Riika vs. Charlo : @0+ A2/ A3+ B1\ @3\ @2/ A4/ @2/ F2/ C0/ E1+ E5+ D6\ C7+ A6+ @3/ D8\ E9/ H3+ G6+ B0+ @1+ A5+ J4\ G9+ H9/ K8+ K9\ J10+ J11/ F12+ G13/ I14+ J14\ K13+ L13/ M12+ I15+ C9/ B7/ A7/ @5/ B0\ B0\ A1\ @4+ A3+ @3+ A2+ @1/ @2\ @1/ @2\ D3+ A0\ @2/ J1+ B0\ K3+
LoopTrax_5196447 Charlo vs. Traxplayer : @0/ @1/ B0+ @1/ A0/ @1/ A0/ @1/ D5/ D2+ C5/ B4/ B0/ A4/ @4+ D1/ A5/ A6+ F1/ F0/ D1+ @4+ A7/ B0+ @1+ E0/ G2+ A1\ E0+ @3+ A6+ D11/ H2/ J2/ H1/ E0+ H1+ B0+ A1\ @1+ C0+ @4/ B6+ @4\ F1+ H14+ J2/ RESIGN
LoopTrax_5200365 jazzbeth vs. JiffyJeff : @0/ @1/ B2/ B3/ C1+ A3+ D2\ C0/ @3+ A1+ A0/ @4/ D6/ F3+ G3/ G1\ E1/ D0\ F1+ B7\ F6+ C8/ G7+ A4+ @4+ B6+ C1/ D0\ E9+ E10/ F0\ I6/ J7+ J5+ I10+ H11+
LoopTrax_5203099 JonathanT vs. DINGEROO : @0/ B1\ A2/ @1+ C2\ B3/ B4/ D1+ D3\ E2/ F2/ C0+ A1\ A6+ F1/ E0/ G3/
LoopTrax_5203164 Rogue Trooper vs. Goonerg : @0+
LoopTrax_5203243 Rogue Trooper vs. ypercube : @0+ @1+ @1+ @1+ A0\ @2/ A0/ C4/ A5+ B6/ C5+ @3\ A4+ E4+ D1/ C0\ F6/ G5\ H6/ H3/ I3/ E7+ C8/ C9/ H8+ I7\ J7\ J8\ J9\ G1+ F0+ I1/ J4/ E0+ G1+
LoopTrax_5203440 JonathanT vs. Traxplayer : @0/ @1/ C1/ D1/ @1/ C0+ D3+ E0/ RESIGN
LoopTrax_5203489 GringoNZ vs. volvath :
LoopTrax_5207979 JonathanT vs. Sir Pussycat : @0/ @1\ A0/
LoopTrax_5210268 REBEL DJ vs. Goonerg : @0/ A0/ @1+ C1+ D2\
LoopTrax_5214114 LyndiLoo vs. Sir Pussycat : @0/ B1\ B2\ A2+ B3/ @1/ D1/ B0/ @1\ B0/ @3/ A4/ D5/ D6/ @2\ B1/ B0/ E2+ D1/ D0/ G8\ G9\ H6\
LoopTrax_5223451 LyndiLoo vs. JonathanT : @0+ A0+ @2/ C2\ B3/ B4/ A4/ A5/ @3\ @3+ A2\ A1\ A0+ @1\ B0\ B8/ A7+ F8+ G7+
LoopTrax_5223549 * vs. Cheeky Cow : @0/ B1\ B2\ B0\ A3/ B4\ C3+ C5\ D4/ @1\ B0/ B5/ @3+
LoopTrax_5225059 Uncle Chuckie vs. Carroll : @0/ B1/ C1\ A2+ @1\ B0/ C4/ C5/ A4+ D5+ A6/ @5\ E6\ E7\ F5/ E1\ D8+ B7+ G7\ G8\ G9\ G10+ H8+ D10/ E11\ C8+
LoopTrax_5225069 Sir Pussycat vs. Goonerg : @0+ A0/ B1\ A3/ A4/
LoopTrax_5225281 GringoNZ vs. LyndiLoo :
LoopTrax_5226890 Dragon101 vs. Rogue Trooper : @0/ A0/ A3/ A4+ @3\ C1+ A1+ @1/ B0+ B0+ B6+ @4\ B1+ C0+ @7+ B8+
LoopTrax_5239568 JonathanT vs. Rogue Trooper : @0+ A0+ B1+ A0+ C2+ A4+ D2+ B3+ E2+ E1+ D1+ @1/ F3/ F0/ C5\ C2/
LoopTrax_5241210 ypercube vs. Sir Pussycat : @0+ A0+ A0+ @2\ C1/ C3\ D1/ E1/ B0+ C0\ D0+ C0/ C0/ B3\ A5\ @6/ F1/ G3\ F0\
LoopTrax_5243463 Carroll vs. ypercube : @0+ @1+ C1+ @1+ E1+ @1+ F0+ G2+ H2+ E3+ C1+ A3/ D3+ E4\ A1\ RESIGN
LoopTrax_5243464 ypercube vs. Carroll : @0+ A0+ A0+ A0+ A0+ A0+ A0+ B7+ A8+ B1+ A0+ B5+ C5+ C8+ @6\ @6\ @6\ E1+ C3\ @3+ B2\ D1+ @4+ @4/ B6+ F7+ @6/ A7/ B3/ B2/ B1/ G0/ G9/ B8\ J10/ J8/ K7\ move
LoopTrax_5244100 * vs. ypercube : @0/ @1/ A0/ C2/ B1+ B0/ D3/ D4+ C5\ A6+ @6/ A7/ @4\ @5+
LoopTrax_5244101 ypercube vs. * : @0+ A2+ A0+ @2/ C2/ B4+ B0+ @3/ E2/ E1/ F1/ E0+
LoopTrax_5245839 LyndiLoo vs. Goonerg : @0/
LoopTrax_5246159 GringoNZ vs. Goonerg :
LoopTrax_5250482 golfnutrof vs. Charlo : @0/ @1/ B0/ @1+ C0/ C0+ D3+ E3/ D1+ D5+ F1/ D0/ @4\ B1+ F0\ E0/ H5\ H6\ F7+ G8+ A2+ E0/ H4+ A1\ @5+ B0/
LoopTrax_5252194 lhh61 vs. Charlo : @0/ @1/ B0/ @1+ A0\ A0+ @1\ E4\ E5\ E1/ F1/ D0/
LoopTrax_5252197 Riika vs. ypercube : @0+ @1+ A2\ A0\ C3/ A4\ @4+ @3/ F4+ E5\ E6\ F6\ G4/ H3\ I5+ J4\ K5/ L4\ I3+ F2+ K6+ K7/ M3/ K2+ G1+ D7+ C5+ H7+ J8\ F8\
LoopTrax_5256192 jazzbeth vs. DINGEROO : @0/ B1\ A2/ @1+ C2+ B3+ A3+ @1/ C0+ @2\ A1\ B0\ A5/ @4/ C6/
LoopTrax_5256245 REBEL DJ vs. Dragon101 : @0+ A2/ A3/ A4/ @1+ B0/ C3\ C2+ B0/ A2+ D2/ D3+ C5+ B7/ @7+ E7\ RESIGN
LoopTrax_5258290 LyndiLoo vs. * : @0/ B1\ A2/ A3/ @1\ C0\ C3+
LoopTrax_5262377 supermac vs. balmoral : @0/ @1+ A0+ @1\ A0\ A3/ @1\ A3+ @3/ @3+ D4/ A4+ A5/ D5+ D6\ C7+ D8/ F4\ G2\ @7+ A8/ B9/ H1/ I2/
LoopTrax_5262543 Traxplayer vs. Dragon101 : @0/ A0/ @1/ @1/ D1/ E2+ C3/ B3/ B4/ A4/ A5/ @4+ @2+ E0+ E0/ E0/ @6\ @6\ I2+ J4\ F2+ J8+ RESIGN
LoopTrax_5264226 Rogue Trooper vs. Goonerg : @0+
LoopTrax_5264259 LyndiLoo vs. Sir Pussycat : @0+ A2+ B1/ B0\ B0/ C3/ A5/ D3\ B4+ B5\ B6\ A2+ @3/ @5/ B6\ E7/ F2+ C7/ D8\ D0\ C2+ E2/ F2/ G4\ H4+ G5/ @5+ H6\ I6\ D1+ C2/ B4+ C1+ E0\ J3/ I2\ D10/ E11\ B9+ B4\ @4\ B3+ I8+ D11/ E12/ E13/ D12/ I12\ J11+ D13+ C13/ G13\ F14+ K9+ I13\ J13+ G14+
LoopTrax_5270724 Uncle Chuckie vs. Goonerg : @0/
LoopTrax_5270966 Carroll vs. Traxplayer : @0+ A0+ A0+ A0/ A0/ @2+ @2+ D1+ B0+ B0\ A2\ @2\ A1\ @1\ D0+ E1/ F1+ C0+ E1/ @1\
LoopTrax_5277728 dgb vs. Charlo : @0+ A2/ B1\ A3/ @3/ @3+ C4+ C0/ B6/ A6/ A7/ @4/ D7\ A2\ F4+
LoopTrax_5277783 volvath vs. GringoNZ :
LoopTrax_5279412 Traxplayer vs. Rogue Trooper : @0/ A0/ @2/ @1/ C0+ D1/ B4+ A3+ D0+ @3+ @3/ D6/ C1+ D0/
LoopTrax_5279587 jaha vs. ypercube : @0/ A0/ B2/ A0/ A4\ C3/ B2+ A0/ C2+ C0+ D4\ C0\ A2+ @4+ @3+ F2/ G1\ D0/ F8+ G0+ H2/ C1\ RESIGN
LoopTrax_5279590 Dragon101 vs. Riika : @0/ @1/ A0/ @1/ @1/ @1/ C0\ @2/ D3+ @2/ D4+ A5+ @2/ @2/ @4+ @3/ @3/ @3/ F1+ D2+ B5+ C6/ @2\ B1+ F0/ F7+ F8/ L1+ I0+ N3\
LoopTrax_5282988 Uncle Chuckie vs. Rogue Trooper : @0/ A0/ B1/ B3/ C3/ B4/ D4+ B5/ A5/ D6+ @1+ A0\ @1\ B0+
LoopTrax_5288171 DINGEROO vs. Goonerg : @0/
LoopTrax_5288536 Christine vs. Miss Traven : @0+ @1+ A0/ B3\ C3\ A0\ @1\ B4/ B5/ A0\ A5+ @3\ A5+ @3/ F6\ B1/
LoopTrax_5293181 jazzbeth vs. lhh61 : @0/ @1/ B2/ B3/ A0/ B5\ C3+
LoopTrax_5295150 Dragon101 vs. JiffyJeff : @0/ @1/ A0/ A3\ A4\ @3\ @3\ @3\ @2/ B5+ E0+ F1\ F4+ G5/ D7+ F0\ E0/ C10\ H5+ G3+ H2+ B10/ B11/ @7+
LoopTrax_5295198 Christine vs. Miss Traven : @0+ @1+ A2\ A0\ B1+ @3/ B4\ D1/ B0\ A1\ @4\
LoopTrax_5295589 dgb vs. Riika : @0/ A0/ A0/ @1/ B0/ A4/ C4+ A5/ D3\ E1+ D0/ @3+ D0\ C2+ F1/ E0+ G3\
LoopTrax_5295590 Riika vs. dgb : @0+ A2+ @2+ A1+ @2/ B0\ D2/ E2/ B0\ C2+ A1\ @4/ B0+ F5\ G5\ H5\ E1/ E0/ H5+ C7+ E7\ A8/ @7\ F8+ E9\ G7\
LoopTrax_5295591 dgb vs. jaha : @0+ A0/ A0/ @2+ @1/ B3/ @2\ A0+ D5\ RESIGN
LoopTrax_5295592 jaha vs. dgb : @0/ A0/ B2/ B3+ @2+ C4/ D3\ C5/ C1/ A3+ C6+ B0/ @2+ D8/ A5+ F2+ E1/ G4\ G5\ G8+ RESIGN
LoopTrax_5295593 Riika vs. jaha : @0+ A0/ A0+ B2/ @2+ C4/ B0/ D3/ C6/ E6\ E7\ E1/ D0+ F4/
LoopTrax_5295594 jaha vs. Riika : @0/ A0/ B2/ C2/ A3\ A4\ @2+ A3+ E2+ F2\ F3\ G3\ D4+ F5+ H4+ I5/ H6+ H2/ J6+ G1/
LoopTrax_5295595 davidmilne vs. Rogue Trooper : @0/ A0/ B1+ C1+ C0\ D2+ @3/ B1+ @3/ @3/ F3\ G4/ H3/ B4+ D5+ G5+ @1\ A0/
LoopTrax_5295596 Rogue Trooper vs. davidmilne : @0+ A2/ B1+ A0/ C2+ C3/ C4/ B5\ @2/ @2/ B1+ B3+ F2/ A0/ @3/ C0\ E2+ E0+ D0/ F4+ F2/ G1\ E10\ D8+ G10+ H9+ I7+ I6+ J8/ G11\ H10+
LoopTrax_5295597 davidmilne vs. * : @0/ B1\ A2/ A0/ @2+ @1/ @2\ A3\ A4\ @2\ C5/ E5/ D0+ C0/ @7/ A8+ A1+ @6+ C0+
LoopTrax_5295598 * vs. davidmilne : @0/ @1+ @1\ C0/ D1/ A0+ D0\ E3/ F3/ E5+ G3/ H5+ G6+
LoopTrax_5295599 Rogue Trooper vs. * : @0+ A0+ @2+ B3+ C2+ B4+ A4/ C3+ @3+ C5+ D5\ D1+ @3/ B5+ F4/ D6/ B7/ A7\
LoopTrax_5295600 * vs. Rogue Trooper : @0/ A0/ @2/ @1/ @1+ B2+ E2+ C3/ C4/ D5+ F2\ G5+ E6/ E7/ E8/ H8+ H9\ H3/ H2\
LoopTrax_5296438 DarkIzeul vs. JonathanT : @0/ @1/ A2\ B0\ @2/ @2/ C1+ A0/ C5+ D5\ E3/ F3/ C1/ F0+ G2/ B1\ D0/ @4+
LoopTrax_5296439 JonathanT vs. DarkIzeul : @0/ B1\ A2/ A0/ A0/ @3+ A0/ D4+ D5\ B6/ B7/ E2/ C1+ E4\ F2/ @1+ F7\ D8+ @1/ D0/ D0/ F2+ A2/ G10\ E11\ G1/ G0/ E1/ @6/ A7/ A3\
LoopTrax_5296449 DarkIzeul vs. JonathanT : @0/ @1/ B2/ B3/ C2+ D2/ A3\ A0\ @2/ E1/ D0+ F3/
LoopTrax_5296450 JonathanT vs. DarkIzeul : @0+ A0+ B1+ A3/ @2+ C3\ B4/ D2/ @3\ F3\ E4/ D5\ A1\ @2/ C0/
LoopTrax_5296464 DarkIzeul vs. JonathanT : @0/ @1/ B2/ B3+ C3+ B4+ C0/ D4/ A5\ A1\ C5+ @2\
LoopTrax_5296465 JonathanT vs. DarkIzeul : @0/ B1\ A2/ A0/ A0/ @3+ A0/ @2+ D1/ E3+ B0/
LoopTrax_5296470 DarkIzeul vs. JonathanT : @0/ @1/ A2/ C2+ A3/ A4+ @2+ C0/ A5/ @3/ C6\ F6+ D7/ A1\ @3/ B0/
LoopTrax_5296471 JonathanT vs. DarkIzeul : @0+ A0+ B2+ B1/ C1/ A0+ @2/ B4/ B5/ E1/ E0/ E3+ F3+ E5\ F6/ G5+ G1/ F0/
LoopTrax_5296673 * vs. volvath : @0/
LoopTrax_5296775 LyndiLoo vs. Dragon101 : @0/ A0/ B1+ C2/ A3+ @1+ D4\ E2+ C5/ B5/
LoopTrax_5296942 JiffyJeff vs. DarkIzeul : @0/ B1\ A2/ A0/ B3\ A4/ @1/ C0/ D3+
LoopTrax_5296944 JiffyJeff vs. JonathanT : @0/ @1/ C1/ D1/ C2+ D3/ @1/ @1/ C0+ A4+ F5/ F6/ D0/ D0+ B7+ A2/ @4\ A5+ C2/ C1/ H4\ I4\ H3+ I5+ J5\ J4+ D0/ C1+ A3+ B0/ @1+ C0/ C0/ F1/ RESIGN
LoopTrax_5296945 JonathanT vs. JiffyJeff : @0/ @1/ C1/ D1/ E1+ C2+ @1/ C0\ E0+ D5/ C6\ @3/ @3/ @6+ D7+ B2/ A3+ G0/ J5/ C9/ E9+ F10/ E11\ @8+ E11+ A6\ H11\ RESIGN
LoopTrax_5296948 Riika vs. JonathanT : @0+ A2+ @2+ A3+ C1+ D1+ E1+ C0+ F2+ C0+ B1\ A1\ @1+ @2\ F2/ E4\ E5\ @1/ C5+ D6+ E7/ RESIGN
LoopTrax_5299674 * vs. ypercube : @0+ @1+ A2/ B0\ @2+ B4\ C3+ D3\ D4\ D5+ E4\
LoopTrax_5299675 ypercube vs. * : @0/ B1\ B2\ A0/ A0/ @3/ @2+ @3\ @3\ @2/ @3\ C4+ A1+ C0+ @4+ D6/ E6+ G6+ I6\ J5+
LoopTrax_5300075 DINGEROO vs. GringoNZ : @0/
LoopTrax_5306226 Uncle Chuckie vs. Charlo : @0/ @1/ A2/ A0\ C3\ @1/
LoopTrax_5306840 Charlo vs. Traxplayer : @0/ B1+ C1/ B0/ B0/ A2+ C4/ D3\ E3\ B5+ C2+ E4\ E5+ F3+ F2/ A0\ @1\ G1/ E0+ H2\
LoopTrax_5307775 golfnutrof vs. Traxplayer : @0/ @1/ A0/ A0+ @1+ B0/ C1+ @3+ @3/ C5+ A6+ @3/ G2/ C7\ D7\ D8\ E6/ B8/ B9/ @5+
LoopTrax_5311411 Goonerg vs. Cheeky Cow :
LoopTrax_5311758 jaha vs. Charlo : @0/ A0/ B2/ B3/ C3/ C4/ D3+ C5/ C6+ B6/ D2/ B5+ C1/ C0+ A4/ C0/ @4+ B2+ C1+ B6/ @5\ F1/ G1+ E0\ A4+ G5+ H5\ @7+ C8+ B9+ B10/ C11+ B2\ D1/ A3\
LoopTrax_5313234 Rogue Trooper vs. * : @0+ A2\ @1+ A2/ A3/ A0/ C3\ @3+ C0\ B0/ E4+ D1/ B0/ A4+ @1+ C0/ A7\ @5/ G5+ H5+ H7\ I6/
LoopTrax_5313435 Riika vs. dgb : @0+ A2+ @2+ B3\ C1+ B0\ A2\ C3+ D4/ E3\ D2+ F3+ E1+ E5\ F4+ D6+ G1/ G0/ G5/ H4\ B6+ A5+ @3\ A2\ @2\ G1\ G0\ D2/ E3+ A1\ D0+ @3\
LoopTrax_5313502 JonathanT vs. Authority : @0+ A0+ B2\ A0+ @1\ @1\ @1\ B0+ B3+ B0+ C1+ C0/ C0/ E3\ E0+ F4+ @6\ B8+ C2\ A4\ D1\
LoopTrax_5315038 Sir Pussycat vs. Goonerg : @0+
LoopTrax_5315160 jazzbeth vs. golfnutrof : @0/ @1/ B2/ B3/ C3/ @1\ C0+ A1+ D2/ B4+ C5/ A5\ @2\ D0/ D7/ A6+ F4+
LoopTrax_5315313 Charlo vs. Traxplayer : @0/ A0+ A0\ @1\ A0\ @4+ @3+ @1/ C5/ B5/ A5+ C6+ D7/ D8/ C9\ D10/ D11/ E9+ B7+ F4\
LoopTrax_5316960 DINGEROO vs. jazzbeth : @0/ B1/ A0\ @2/ D1/ B0+ C4\ D4\ E4\ F3+ C5+ @4+ F6\ G6\ H4/ G1+ F0/ H3+ G0/ H1/ I1/ J1+ J0/ F10+ I9\ I10\ I11\ D2+ F1\ B9+ @8/ G0\ D3+ E2/ A10/ C11/ D12\ F12+ D13/ C13/ C6\ B6/
LoopTrax_5317703 Christine vs. Miss Traven : @0+ @1+ A2\ A0\ @1+ C1/ C0/ D1/ E1+ D0\ @3+ C2+ F1/ F0/ B3\ C2/
LoopTrax_5318105 JonathanT vs. DarkIzeul : @0+
LoopTrax_5318106 DarkIzeul vs. JonathanT :
LoopTrax_5318107 JonathanT vs. dgb : @0+ A2+ @1+ B3\ A3\ A4\ C1/ D1/ C2+ A0/ @3+ F2+ E4+ D5/ G4\ G5\ D6+ H3+ RESIGN
LoopTrax_5318108 dgb vs. JonathanT : @0/ @1/ @1/ C0/ D2+ A3+ B4+ @2/ A0\ @1+ D0/ @2\ H3\ I4/ B5\ B1+ D0+ C7+ A6+ @6/ @3\ A2\ B1\ B0\ A1\ @4+ @7+ A8/ A9+ @7+ L9\ M8/ F9+ F10/ K10/ J10/ I10+ RESIGN
LoopTrax_5318109 JonathanT vs. Traxplayer : @0+ A0+ B1/ @2/ C2+ @2/ B1+ D3/ B4+ @3\ @2/ E0+ @5/ RESIGN
LoopTrax_5318110 Traxplayer vs. JonathanT : @0/ @1/ A0/ A0+ @1+ B0/ @3/ @3/ D5+ F4/ E2\ D6/ E6+ G6+ E7/ B2+ @3\ D5+ C4+ B1/ E0/ D0+ B2+ G3+ F1+ H3/ F0+ E0/ I4+ J4\ I9+ J9/ K8\ L9/ M8\ I7+
LoopTrax_5318111 DarkIzeul vs. dgb :
LoopTrax_5318112 dgb vs. DarkIzeul : @0+
LoopTrax_5318113 DarkIzeul vs. Traxplayer :
LoopTrax_5318114 Traxplayer vs. DarkIzeul : @0/
LoopTrax_5318115 dgb vs. Traxplayer : @0/ @1/ A0/ B3+ @2\ C4/ A4/ RESIGN
LoopTrax_5318116 Traxplayer vs. dgb : @0/ A0/ @2/ @1+ C0/ D1/ A0+ @1\ D0/ @2/ G3+ @2\ B1+ B0\ A1\ A0\ @3/ @3+ A4/ D5/ RESIGN
LoopTrax_5319038 ypercube vs. JiffyJeff : @0+ @1+ C1+ B0+ D2+ D3\ D4\ D5\ C5+ C1/ E5\ E6\ E7+ RESIGN
LoopTrax_5319087 LyndiLoo vs. Dragon101 : @0+ A2/ @2\ B0/ A2\ C2+ D2\ @2\ @3/ C4+ @2\ A1\ C0/ B5/ B6/ @3+ D0/ A1\ D7\ @2/
LoopTrax_5319375 Christine vs. Miss Traven : @0+ @1+ B0\ A3/ @3+ D2\ @3+ C0\ B1\ A2\ @4+ A5\
LoopTrax_5325042 Goonerg vs. GringoNZ :
LoopTrax_5326549 Rogue Trooper vs. golfnutrof : @0+ @1+ @1+ @1+ A0/ B3\ C4/ @2+ F2+ E3+ B0/ E2/ G3/ F1+ F5+ D6/ C7\ B5+ G6/ H5\ D8/ A7+ @5+
LoopTrax_5328497 Carroll vs. supermac : @0+ @1/ C1/ B2+ @2\ D2+ A3\ D0/ E2/ A1\ RESIGN
LoopTrax_5330373 Dragon101 vs. Uncle Chuckie : @0/ B1\ A2/ @2/ A3/ C3\ A4+ @3/ @3+ F3+ F4\ D5/ G3+ @1\ B0/ G7\ H7\ I4\ J5/ G1/ H3+ @3/ B4+ F1\ H0+ @3\ B2/ B1/ B5/ C6+ E7+ F8+ F9/ D1/ B0/ M9+ M10\ M11+ N9+ J11/ L12+ D9+ J3/ K2\ L5/ M4\ I1/
LoopTrax_5336561 DarkIzeul vs. Goonerg : @0/
LoopTrax_5338181 dgb vs. ypercube : @0+ @1+ C1+ @1+ E1\ E0\ D0/ D4/ E5\ F3\ D6/ C6/ B6+ RESIGN
LoopTrax_5339774 Traxplayer vs. Dragon101 : @0/ A0/ @2/ @1/ B3+ D1/ D0/ @2+ C0+ A4/ E0/ F3/ A1\ @3/ D0+
LoopTrax_5343881 GringoNZ vs. balmoral :
LoopTrax_5343970 volvath vs. Miss Traven :
LoopTrax_5344977 Miss Traven vs. Christine : @0/ B1\ A0\ A3\
LoopTrax_5345353 Sir Pussycat vs. golfnutrof : @0/ A0/ @1+ A0+ @3\ D3\ C0\ C5\
LoopTrax_5345651 * vs. ypercube : @0+ A0\ B1\ A0\ @1\ A0\ @1\ A0\ @4+ @3+ A5\ E6/ E7/ A0\ @2/ G1/ G8\ H1\
LoopTrax_5345652 ypercube vs. * : @0+ @1+ C1+ B2+ D1+ B0+ @2+ C4+ C5+ C0+ F3+ D5\ B6/ B4+ A2+ D7/ A7/ C8+ B1\ A5+
LoopTrax_5348697 Goonerg vs. Rogue Trooper :
LoopTrax_5348877 jazzbeth vs. Charlo : @0/ @1/ B2/ C1+ C3/ D2/ D0+ A1\ @1\ F1/ F3+ F5+ C4/ G3+ G4\ G0/ H3+ D1+ A0\ E2+
LoopTrax_5355995 Goonerg vs. GringoNZ :
LoopTrax_5357318 JonathanT vs. sheridan : @0+ @1\ C1\ C0+ C0/ D2\ E2\ D3\ A2+ C4+ B0\ A1\ E1/ F2\ C0/
LoopTrax_5357319 sheridan vs. JonathanT : @0/ A0/ @1/ A0/ @2/ A0/ C2/ C1/ B0\ C0\ D3/ E3/ F4+ F1/ F0+ G4/
LoopTrax_5357909 DarkIzeul vs. Miss Traven : @0/ B1\ A2/ @2/
LoopTrax_5358860 ypercube vs. Traxplayer : @0+ B1/ B2/ C1\ @2\ B3+ A4\ B5/ C5/ @4/ @4+ C0/ G2\ F1+ @3\ C2+ @4/ A5/ G0+ F0/ H5+ G7+ G9+ H7\ I8/ J6\ J9+ K5/ I10+
LoopTrax_5359098 Sir Pussycat vs. Goonerg : @0+
LoopTrax_5359314 Traxplayer vs. jaha : @0/ A0/ @2/ @1+ C0/ @3\ C4/ E3+ @3/ D0+ B2+ A3+ D0/ E0\ D0/ G6+ B9/ A9/ @7+ G4+ I4/ I3/ J2\ I0+ K6+ J7\ K1+ L2/ J0+ F1+ J0/ J10+ H12+ B13+ A11+ L8/ RESIGN
LoopTrax_5359316 Charlo vs. Dragon101 : @0/ A0/ B1/ @2\ B0+ A2\ @2\ A1\ C0/ E4/ E1/ C0/ B0+ F4+ D7+ D8/ F7\ F8\ G6/
LoopTrax_5361265 ypercube vs. Traxplayer : @0+ B1/ A0/ @1/ B0\ @3\ @2/ D4/ C5\ F3/ G3+ G4+ H3/ H2/ G5/ F6+ A1\ @1\ F1\ RESIGN
LoopTrax_5376165 Rogue Trooper vs. Sir Pussycat : @0+ @1+ @1+ @1/ C2/ C3/ B0/
LoopTrax_5377523 thebodywall vs. Goonerg : @0/
LoopTrax_5377617 golfnutrof vs. Authority : @0+ A0+ A3+ A4+ A0+ A0+ B4+ B3+ @4/ @4/ A3+ E3/ E2/ A6/ @5\ E6\ F6+ D7+
LoopTrax_5377805 lhh61 vs. GringoNZ : @0/
LoopTrax_5380068 Rogue Trooper vs. REBEL DJ : @0+ A0/ B1\ A0\ @2/ @3\ @2/ B4+ C5/ D5/ E5/ @4/ A5/ B6/ B7/ A7/ @4+ B2+ H5/ G6\ G7+ C8+ H6\
LoopTrax_5380073 * vs. Goonerg : @0/
LoopTrax_5389486 volvath vs. GringoNZ :
LoopTrax_5393550 Carroll vs. * : @0+ A2+ A3+ @2/ C2/ D2/ B4\ @3\ B4+ A1\ @1\
LoopTrax_5393582 Traxplayer vs. JiffyJeff : @0/ @1/ B0/ @1/ C0+ D1/ D2+ E2+ D0+ C0/ @4/ A5/ D0/ D0/ C4+ G5\ G7/ G8/ @7+ B8+ E9+ F10/ I8+ I9\ J9\ RESIGN
LoopTrax_5395164 Dragon101 vs. lhh61 : @0/ B1/ B0/ C2/ D2/ C1+ D3+ A0\ @3+ F4\ B5+ E5\ C6+ G3/ G2/ E1\ D0/ H1+ E0+ G7\ H5+ I3/ J3/ K2\ G0+ I1/ G0/ J6+ J2+ C4\ C3/
LoopTrax_5397372 dgb vs. davidmilne : @0/ @1+ C1/ B2+ C3/ A3\ C4/ D4+ @4/ RESIGN
LoopTrax_5397373 davidmilne vs. dgb : @0/ A0/ A3+ B3+ A4+ C1/ B0\ D3\ RESIGN
LoopTrax_5397374 dgb vs. Rogue Trooper : @0+ A0+ B2\ A0+ @3\ D3\ @2\ B1+ B0\ A2+
LoopTrax_5397375 Rogue Trooper vs. dgb : @0+ A2+ B1+ A3+ C1/ @1+ D0/ B5\ C5\ E1/ D3+ E4+ F1/ C0+ D7/ A7+ A8/ G3+ A4/
LoopTrax_5397376 davidmilne vs. Rogue Trooper : @0/ A0/ @2+ @2+ A3\ @2/ E1+ A4/ @2/ D0+ C1+ D0/ F5\ E6/
LoopTrax_5397377 Rogue Trooper vs. davidmilne : @0+ A2+ B2+ B3/ C2\ C1\ B0/ D3\ E1+ C0\ A0\ @2+ F1\ B0\ A1\ @3/ H2/ RESIGN
LoopTrax_5397428 dgb vs. Traxplayer : @0/ @1/ @1/ @1/ B0/ D3+ D1/ E1/ D4/ A5+ @4/ @4/ A5/ A6/ B7+ @5+ @6\ @6\ B4+ @5+ E2+ G8/ C1\ B3+ G0\ RESIGN
LoopTrax_5401171 Sir Pussycat vs. Goonerg : @0+
LoopTrax_5401312 ypercube vs. dgb : @0+ B1+ C1+ B2+ D1+ C0+ D3+ C4/ B5\ B1\ E2/ D4+ E5/ F4\ G2\ A5+ E6+ H2\ F1/ F0/ @4\ B1\ A1\ @1\ @2+ H2+ H0\ G1\
LoopTrax_5401411 Charlo vs. Riika : @0/ A0/ B1/ @2/ A0\ @2/ B0+ E2\ D0+ @4\ A3\ A2+ @4+ E6+ B1\ B0/ C1/ F8/ H7+ F9/ D8+ I9\ F10/ I5/ H4+ J7+
LoopTrax_5405728 Uncle Chuckie vs. supermac : @0/ B1\ A2/ B2+ @1\ B0/ @3/ C4/ C0/ A5/ C6/ @5+ A6/ D7/ E8\ F6+ A2+ @4/ F0\ G4\ H7/ B1\ H1/ @4+
LoopTrax_5405735 Goonerg vs. volvath :
LoopTrax_5405876 balmoral vs. GringoNZ : @0+
LoopTrax_5409616 Sir Pussycat vs. jazzbeth : @0/ @1/ A2\ B0\ B3+ A1+ C3/ C2+ D2/ E2/ C1+ E3\ F3\ D4/
LoopTrax_5409834 Traxplayer vs. JonathanT : @0/ @1/ @1/ A0/ @2/ D1/ D0+ @3+ D0+ F2+ B5+ B6/ C6+ B7/ B8/ D8+ B9/ B10+ RESIGN
LoopTrax_5414189 LyndiLoo vs. DarkIzeul : @0/
LoopTrax_5414199 Cheeky Cow vs. Miss Traven : @0+ @1\ A2\ C1/ B0\ B0\ A1\ @2\ A5/ B0\ @5/
LoopTrax_5417143 Authority vs. balmoral : @0/ B1+ A2/ C1\ @1+ B0/ B0/ D2+ E1\ C0\ A0\ @3+ F1+ G2+
LoopTrax_5417226 Charlo vs. Dragon101 : @0/ A0/ A0/ A0/ @3+ C4+ D3+ B0/ @2+ @2/ @2/ D0+ D0/ D0/ C2+ B4+ A3+ B1+ F9\ G9\ H9+ F10+ H4+ H3/ I7/
LoopTrax_5418932 Goonerg vs. GringoNZ :
LoopTrax_5420589 Miss Traven vs. REBEL DJ : @0+ B1/ @1/ C0+ @2\ A1\ E1\ B0+
LoopTrax_5420689 Cheeky Cow vs. Rogue Trooper : @0+ A2+ B1+ A0+ A0/ @2/ @2\ A1\ C0/ D1/ C0\ E4+
LoopTrax_5424021 kidgame2001 vs. Goonerg : @0/
LoopTrax_5425211 DINGEROO vs. GringoNZ : @0/
LoopTrax_5429388 jazzbeth vs. Rogue Trooper : @0/ @1/ B2/ A2/ @1/ A0+ A3+ @3/ A2+ C4+ @3\ E0+ B5/ C1+ D0/ @5+ C7\ B7+ G3/ B3/ D7+ G1+ G6+ H2\ I2\ H1+ C2+ A3+ B1+ B0/ J3+ @3/ G8+ G9\ I9\ I10\ D9+ E10/ F11+ A8/ K1/ A9\
LoopTrax_5429528 jazzbeth vs. Charlo : @0/ @1/ B2/ B0+ C2\ B4/ C4+ A3+ A5+ A0/ @4/ E4\ D2+ F5/ B0/ A4+ @5/ F7/ F8/ H3/ E1/ C0/ A1\ C0/ @5/
LoopTrax_5429564 Riika vs. ypercube : @0/ @1/ C1/ @1/ B0/ A0\ @2+ D1/ B0\ C5+
LoopTrax_5432014 ypercube vs. Traxplayer : @0+ B1/ @1/ B0/ B0/ A2+ C2/ @3/ C0/ C0+ C0/ @6+ B4+ C1+ E2\ C7+ F1/ RESIGN
LoopTrax_5434366 Miss Traven vs. volvath : @0/
LoopTrax_5436000 * vs. DarkIzeul : @0/ B1\ B2\ A0/ A3/ A4/ C3\ @1\ B0/ C5\ C6+ A6/ C7/
LoopTrax_5437521 REBEL DJ vs. Carroll : @0/ B1+ @1\ B0/ D2/ A1+ D3\ E3\ C3+ D4+ D5/ C6\ E5+ C0\ C0\ E2+ F5\ D9+ G6+ F8+ F10+
LoopTrax_5440517 thebodywall vs. jazzbeth : @0/ @1/ @1+ B2\ A0\ @1+ A0\ @1\ B0/ C2+ F2/ D1+ A0\ @1\ H4\ H5\ H6\ A4/ @1\ C5/
LoopTrax_5443806 Goonerg vs. GringoNZ :
LoopTrax_5445440 kidgame2001 vs. Miss Traven : @0/ A2\ B1/ B0/ A4/ @4/ D2\ E2\ D3/
LoopTrax_5447391 Authority vs. Rogue Trooper : @0/ A0/ @1/ A0+ C3/ C4+ C1+ C5/ C6/ D5/ E4+ A3/ @3/ A7+ E1/ @6+
LoopTrax_5449268 Goonerg vs. volvath :
LoopTrax_5453218 hoot vs. jazzbeth : @0/ @1/ C1/ C2/ D2/ A2/ E2\ C3+ @3/ C4+ C5+ A1\ @2\ B0/
LoopTrax_5453219 jazzbeth vs. hoot : @0/ B1\ A2/ @1/ A0/ @1/ A0/ @1/ A0/ A3+ @2\ A1+ D2+ G4\ E3+ G3/ H4\ A0/ B1/ @1/ D1/ C5/ C0+
LoopTrax_5453222 hoot vs. dgb : @0/ A0/ B2/ B3+ @3/ B4\ D4/ A1\ @2\ B0/
LoopTrax_5453223 dgb vs. hoot : @0/ B1\ A2/ @1/ B0+ @1/ E2/ E1/ F1/ @1\ F0+
LoopTrax_5453224 hoot vs. JonathanT : @0/ @1/ C1/ C2/ D2/ D3/ E3/ D4/ A0/ @2/ G4+ G3+ H5\ F6+ @1/ C3+ A3/ D1+
LoopTrax_5453225 JonathanT vs. hoot : @0/ B1\ A2/ @1/ A0/ @1/ B0/ @1/ B3+ @1\ A0\ B4\ C1+ @3/ B0/
LoopTrax_5453226 jazzbeth vs. BrnIdGirl : @0/ B1\ A2/ @1/ A0/ @2/ A3\ A0\ @3+ D1/ B0+ E3+ F3/ F5\ E6+
LoopTrax_5453227 BrnIdGirl vs. jazzbeth : @0+ A2+ A3+ A4+ A5+ A6+ A7/ A0/ @1/ @1/ D8/ E8/ B7\ A6/ @8/ C9+ C10/ @8/ A9/ A6\ B5\ @6/
LoopTrax_5453228 jazzbeth vs. dgb : @0/ A0/ B2/ A3+ C3/ B4\ B5\ @2\ B0/ C1/ C7\ D3+ C0/ @4/ B5+ B6/ E8\ A5+
LoopTrax_5453229 dgb vs. jazzbeth : @0+ A2+ B2\ A0\ A4/ @4/ @4\ A3+ B5/ @4/ @4/ D2+ D0/ D0/ D0/ D0/ C3+ B6/ F3+
LoopTrax_5453230 jazzbeth vs. JonathanT : @0/ A0/ B2/ B3/ C3/ C4/ D4/ E4/ E5/ F4/ F3/ F2+ C5/ B5/ B6/ @1\ B0+ @3/ C4/ A1\ A0+ @2/
LoopTrax_5453231 JonathanT vs. jazzbeth : @0/ @1/ C1/ C2/ C0/ A3/ A4/ D4/ B5+ D3/ E3/ D1+ E6+ F3+ G4+ D7+ F2/ G3/ H3/ B7/ G2+
LoopTrax_5453232 BrnIdGirl vs. dgb : @0+ A2+ B2\ C2\ A0+ C2/ D1\ @2\
LoopTrax_5453233 dgb vs. BrnIdGirl : @0/ B1\ A2/ @2+ B3/ C2+ @2\ B4/ A4/ @3/ E4\ C5/ F3\
LoopTrax_5453234 BrnIdGirl vs. JonathanT : @0+ A0+ A3/ A0/ B1+ C2/ @2/ E2/ C0\ B0/ A1/ B0/ D3/ F5/ D2/ E3+ G3/ G2/ D1/ E0\ @8\ B1\ A2/ D0+
LoopTrax_5453235 JonathanT vs. BrnIdGirl : @0/ B1\ A2/ @2+ @1/ @2\ @1/ E0/ A0+ A0\ @3+
LoopTrax_5453236 dgb vs. JonathanT : @0+ A2+ B2\ C2\ @2\ B0/ B0/ B0/ B0/ @5/ D5+ RESIGN
LoopTrax_5453237 JonathanT vs. dgb : @0/ @1/ B2/ B3+ B4\ C1+ D1/ D0/ D0+ B2+ C0+ @4/ B5/ A6\ B7+ @6\ @5/ B8+ @6/ A5+ A2\ @5\ E1+ E0/ A3+ @4\ @4\ A3\ A2\ E1+ RESIGN
LoopTrax_5461425 Christine vs. Miss Traven : @0+ @1\ A2/ @1\ A0+ C3\ C4\ D1/ D0/ D5\ E2\
LoopTrax_5466436 Goonerg vs. LyndiLoo :
LoopTrax_5466482 Dragon101 vs. Traxplayer : @0/ @1/ A0/ @1/ @1/ C0+ @2+ E4\ F3/ C4/ C5/ E2/
LoopTrax_5466543 GringoNZ vs. volvath :
LoopTrax_5469127 Riika vs. Rogue Trooper : @0+ A0+ @1+ B0+ C2+ @2/ C4/ E2\ E3+ C5/ A3\ D6\ E6+ @2/ F7/ F5+
LoopTrax_5469271 ypercube vs. jaha : @0+ A0/ A3\ B3\ B4\ C1+ D2+ C5+ @2\ @2\ E6/ E7/ F6+ D5+ B5+ C7+ B7\ E8/ E0/ F1/ G1+ E0+ G8\ H7+ E11/
LoopTrax_5473764 GringoNZ vs. * :
LoopTrax_5474022 LyndiLoo vs. DarkIzeul : @0/ A2\ B2\
LoopTrax_5479040 Goonerg vs. Miss Traven :
LoopTrax_5488382 Charlo vs. kidgame2001 : @0/ @1\ A0/
LoopTrax_5491091 * vs. Miss Traven : @0/ A2\ B2\ B1+ B0/ B4\ C2+
LoopTrax_5491211 ypercube vs. Traxplayer : @0+ A0+ A0+ A0+ A0+ A0+ A0+ A0+ A0+ A0+ A0+ A0+ A0+ @10+ @10+ D10+ D11+ B13+ D6+ D3+ B4+ B5+ A4+ B11+ E6/ C14/ D14/ C15/ A13\ @13\ F14+ @11/ D8+ H6+ H7+ I6/ H8\ F8\ C8\ H14/ D2+ B8+ C7+ @9\ A8\ A7+ @11/ D6/
LoopTrax_5491273 GringoNZ vs. Goonerg :
LoopTrax_5497303 dlouise vs. JonathanT : @0/ @1/ B2\ C2/
LoopTrax_5497304 JonathanT vs. dlouise : @0/ @1\ A0/
LoopTrax_5497925 Lorraine of the Renegades vs. DarkIzeul : @0/ A2\ B2\
LoopTrax_5497963 Goonerg vs. JonathanT :
LoopTrax_5498217 * vs. balmoral : @0/ A0/ A0/ B2+ B4\ C3/ B0/ C1/ D4/ D5+ C0/ A2+ E3+
LoopTrax_5502792 Dragon101 vs. LyndiLoo : @0/ A2+ A3/ @3/ B4+ C2+ C4\ D4+ B5+ D5+ @2+ D6/ F5/
LoopTrax_5502800 Miss Traven vs. GringoNZ : @0+
LoopTrax_5502840 jazzbeth vs. Traxplayer : @0/ @1/ B2/ C2/ C3/ D3/ D4/ E4/ E5/ F5/ F6/ G6/ G7/ H6/ H8/ I8/ I9/ J9/ J10/ K10/ K11/ L11/ L12/ M11/ M13/ N12/ N14/ O12+ O15/ P15/ P16/ Q16/ A0/ P18\ O17/ N17/ O12+ P12\ P14+ M15+ O19+ L16+ L15+ M18/ H10/ I8/ I7/ K17/ L18+ O20/ K14+ O11/ O10\ N11+ N10+ M10\ J13/ Q12\ J15+ Q10/ R13/ O9/
LoopTrax_5503570 Loretta vs. JonathanT : @0/ @1/ B0\ @2\ A3/ A1/
LoopTrax_5503571 JonathanT vs. Loretta : @0+ @1/ A2+ C1+ D1+ A3+ B3+ A4+ @3/ F1+ D3\ B5+ D0/
LoopTrax_5504432 Charlo vs. Rogue Trooper : @0/ A0/ @2+ @2+ B0\ A1\ C4/ B0+ D3/ @4\
LoopTrax_5504737 Riika vs. JonathanT : @0+ A2+ B1+ A3+ B3+ A4+ @2+ A4/ C4+ B5+ D4/ E4/ D1+ B0/ D6+ RESIGN
LoopTrax_5508576 volvath vs. DarkIzeul :
LoopTrax_5510317 Lorraine of the Renegades vs. Goonerg : @0/
LoopTrax_5510318 Carroll vs. balmoral :
LoopTrax_5510361 REBEL DJ vs. * : @0/ A2\ B1/ C1/ A0\ @3\ A4\ A5\ B4+ D3\ E4/ E5+ A6\ D6/ C0+
LoopTrax_5510434 Goonerg vs. Sir Pussycat :
LoopTrax_5510488 JonathanT vs. golfnutrof : @0/ @1/ A0/ A0/ @3+ A4/ B4+ @3+ @3/ B1+ B0\ A1\ B0+
LoopTrax_5510537 Dragon101 vs. JiffyJeff : @0/ @1/ A0/ A3\ @2/ C1/ A4+ B5/ C4+ D4/ E2+ A6\ D5+ E4+ E0/ F3/ A1+ RESIGN
LoopTrax_5510684 Traxplayer vs. Charlo : @0/ @1/ B0/ @1/ C0/ @1/ A0/ @1/ A0/ @1/ A0/ @1/ A0/ @1/ I7+ G8/ G9+ F9/ J9\ H10/ H11/ H12/ H13+ J6+ K6\ F4+ I4+ D5/ D6/ D7+ C5+ K5+ E12+ D11/ F13+
LoopTrax_5514866 dgb vs. Authority : @0+ A0+ B2\ A0\ A4/ C3\ B5+ B1/ A0\ A0\ @7/ A8/ A4+ @7\ A6\
LoopTrax_5514867 Authority vs. dgb : @0/ @1/ B2/ C2+ A0/ A0+ C5\ B2/ @3/ A4/ @5\ F5\ D6/ F2/ G3/ E1/
LoopTrax_5514868 dgb vs. Traxplayer : @0/ @1/ @1/ @1/ B0/ A3/ @3/ A4/ C5+ @2+ C0\ C0\ B1\ @6/ A7/ D8+ @6+ B4+ D9+ B10+ A9/ RESIGN
LoopTrax_5514869 Traxplayer vs. dgb : @0/ A0/ @2/ @1+ C0/ D1/ A0+ @1\ E0+ @2/ @2/ C4/ B5\ G6+ RESIGN
LoopTrax_5514870 dgb vs. ypercube : @0/ @1/ @1/ @1/ B0/ C1/ C0/ D4+ A0+ @4+ C6+ E3+ @3+ B5+ B7+ A6/ C8/ D0+ A9/
LoopTrax_5514871 ypercube vs. dgb : @0+ A2+ A0+ B3+ A0+ @1+ D4+ C5/ B6\ A4/ @1/ A2/ RESIGN
LoopTrax_5514872 Authority vs. Traxplayer : @0/ @1/ A0/ @1/ A0/ @1/ A0/ @1/ B3/ B0\ C1\ D1\ E2/ F1\ D0+ @3\ A2\ G7+ H4+ I3\ G0/ RESIGN
LoopTrax_5514873 Traxplayer vs. Authority : @0/ @1/ B0/ A0+ @3/ A4/ @1+ @2+ @3+ C0\ B1\ A1+ C0+ A7+ B8+ E1+ E7+ G7+ H5+ C9/ @3+ J4\ H3+ G1+ @3/ I8\ I9/ J8/ F9+ K7\ H9/
LoopTrax_5514874 Authority vs. ypercube : @0/ @1/ A0/ C2/ B1/ B3/ D3/ C4/ E4/ D2/ E2/ F4+ D5/ D6+ C5+ G2/ E1/ G6\ H5\ F7\
LoopTrax_5514875 ypercube vs. Authority : @0+ A0+ A0+ A0+ A0+ A0+ A0+ A0+ A0+ A0+ A0+ A0+ A0+ A0+ A0+ A0+ A0+ A0+ A0+ A0+ A0+ @18/ C20/ D19\ @19/ B21+ B22/ A22/ A23/ @23/ G20+ F18/ G18/ H20\ E21+ G16+ C17\ B16/ A17\ @18+ I16+ I15/ F14+ G13+ D13\ J13/ J12+ J16\ K13/ I18+
LoopTrax_5514876 Traxplayer vs. ypercube : @0/ @1/ A0/ @1/ A0/ @2/ B3/ B4/ A3/ @3/ B4/ B5/ B6/ E2/ A6+ F4+ E7+ G7+ H6\ E8/ C9+ D10/ D11/ D12/ B11+ A8+ I5/ G2/ G1/ E11+ RESIGN
LoopTrax_5514877 ypercube vs. Traxplayer : @0+ A0+ A0+ A0+ A0+ A0+ A0+ A0+ A0+ @3+ B10+ A6+ C5+ C4+ D5+ A9+ C8+ D6+ D7+ D4+ E6/ F5\ G6/ A10+ @9\ C11/ C0\ B1\
LoopTrax_5519150 volvath vs. Miss Traven :
LoopTrax_5519284 DarkIzeul vs. kidgame2001 :
LoopTrax_5520591 JonathanT vs. Uncle Chuckie : @0+ B1\ @1+ @1/ D0/ E1/ E0/ B2+ F2/ B4+ D4\ D5+ E3+ G3\ G4\ G5\ H3+ B6/ A6/ @4\ C7+ G1/ G0/ G7+
LoopTrax_5520663 golfnutrof vs. Sir Pussycat : @0/ B1\ B2\ B3\ B4\ C2+ D2/ C0\ D5\ E2\ C6\
LoopTrax_5520840 GringoNZ vs. Carroll :
LoopTrax_5520886 Goonerg vs. JonathanT :
LoopTrax_5521969 Goonerg vs. LyndiLoo :
LoopTrax_5523682 Riika vs. Uncle Chuckie : @0+ B1\ @1\ C2/ B0/ D1/ D0/ B1+ D0/ D0/ E4+ B1\ C0/ D7+ @6\ @2+ C1/ C0/ C8\ H6\ A8/ I8+ B9/
LoopTrax_5523953 JonathanT vs. Dragon101 : @0/ A0/ @1/ @1/ C0+ D3+ A3/ A4+ B5/ @4\ C0/ C0/ @1+ D0+ F3+ @2/ E0+ A8/ C9/
LoopTrax_5523993 Rogue Trooper vs. ypercube : @0+ @1+ @1+ @1+ B2/ C0\ @2/ D0/ E1/ E0/ F2+
LoopTrax_5527994 Lorraine of the Renegades vs. Rogue Trooper : @0/ A0/ B1\ A3+ B3\ B4+ C3/ C2/ D3\ D4\ E4\ E5\ @3/ A5+ B6/ A1\ @5/ A2/
LoopTrax_5528046 Authority vs. Sir Pussycat : @0/ B1\ A2/ @2/ @1/ D2+ B3/ A3/ A4/ B5/ @3+ @3/ A1/ C5/ A6/ @5\ G6\ A6/ D7/
LoopTrax_5530069 GringoNZ vs. DarkIzeul :
LoopTrax_5531497 Charlo vs. Uncle Chuckie : @0/ A2\ B1/ B0/ @1+ C0/ C0+ D4+ C5\ E4/ B6+ E1+ F4/ @2/ B0+ B6/ A6/ @3/ D8/ C8/ C9/ B9/ @7+ E10+ F10\ G6\ G8+ A10/ E11/ @9/
LoopTrax_5531733 Miss Traven vs. Carroll : @0+ B1+ A2/ A0/ B3+ B4\ @3/ @4\ C5\ A1\ @1\ C0/
LoopTrax_5531773 Riika vs. dgb : @0+ A2+ B1+ A3+ B3+ B0/ B0+ A1+ A0+ A0/ B1/ C5\ RESIGN
LoopTrax_5536635 volvath vs. Goonerg :
LoopTrax_5542390 LyndiLoo vs. DarkIzeul : @0/ B1\ B2+
LoopTrax_5544597 JonathanT vs. Rogue Trooper : @0+ A0+ @2+ C1+ D1/ B0+ D1/ E2+ A1/ A0/ @2/ B5/ A0\ @3+ C0/ D1/ G1+ H3\
LoopTrax_5547578 JiffyJeff vs. Goonerg : @0/
LoopTrax_5547665 Dragon101 vs. golfnutrof : @0/ @1/ A0/ @1/ @1/ D3/ C0+ @1\ C0+ @3+ C4/ F2+ @4\ H3\ D5+ C5/ G6+ D6/ F7+ B5+ B6/ I6+ B7+ E8\ D9+ G8\ G9\ E10/ J6/ H9+ J3/ K5\ H2/
LoopTrax_5547675 GringoNZ vs. balmoral :
LoopTrax_5551857 volvath vs. Miss Traven :
LoopTrax_5555096 Goonerg vs. Cheeky Cow :
LoopTrax_5555097 thebodywall vs. Goonerg : @0+
LoopTrax_5555228 jazzbeth vs. JiffyJeff : @0/ @1/ B2/ B3/ C3/ C4/ D4/ C2/ @1/ E3+ B0\ F4/ E6+ B3+ E2+ @2/ B4+ H2\ C0+ E2/ G2+ H4+ B2+ @2/ C6+ E7+ H6+ C7+ B6/ A5\ A3+ D8\ E9/ @5/ A6/ @6/ B7/ C8/ C10+ G10+ I10+ K6/ L6/ M6/ C1+ D11+ E0/
LoopTrax_5555341 kidgame2001 vs. jaha : @0/ @1/ B0/ @1+ A0\ A0+ @1\ E4\ E5\ E1/ E0/ F4/
LoopTrax_5566337 dgb vs. Authority : @0+ A0+ B2\ @2/ A3/ @3/ D4+ C5+ @4+ D6/ E5\ F5\ A7+ @4/ D8\ E7+ H7\ F8/ H4+ I6\ H2/ G1/ I3/
LoopTrax_5566338 Authority vs. dgb : @0/ A0/ @1/ A0+ C2+ A0/ A0/ C2+ C0\ D2\ @3+ A1+ C0+ E5+ F4+ G4\ H4\ F2/ F1/ G6+ G7/ D8+
LoopTrax_5566339 dgb vs. ypercube : @0/ @1/ A0/ C2/ @1+ C1/ B0\ @2/ A1/ D0\ C5/ B6+ A1\ RESIGN
LoopTrax_5566340 ypercube vs. dgb : @0+ A2+ A0+ B3+ @2+ A1+ @2+ B0/ D2/ D5/ E2+ F2\ G3/ F1+ H2+ G4+ E0/ E0/ C0/ I5\ J5\ H3+ H6+ I7+ E9+ G2/ G1/ G0/ A5+ H9+ K7/ I10/ H11\ L7+ B9\ C10+ A9+ K5/ L6+ F1\ G0/ J5+ @7\ M5/ K1+ N6\
LoopTrax_5566341 Authority vs. ypercube : @0/ @1/ A0/ C2/ @2\ @2\ B3+ B4\ B5\ @2\ @3\ E0+ D2\ E4+ B2\ A2\ A1\ B0+ @4+ D7\ D8+ B7+ E9/ G2/ G0+ I6\ H7/ I3/ I2/ J5/
LoopTrax_5566342 ypercube vs. Authority : @0+ A2+ B2+ A3+ C2+ B1+ C3\ A0\ @1\ C5\ C1+ @1\ F3+ F2/ F5/ A3/ RESIGN
LoopTrax_5567789 volvath vs. GringoNZ :
LoopTrax_5569619 Miss Traven vs. balmoral : @0+ A0+ A3\ @1/ C1/ B4/ A4/ @2\ C0/ A1\ C0/ @3\
LoopTrax_5572789 Rogue Trooper vs. Goonerg : @0+
LoopTrax_5573139 Carroll vs. Cheeky Cow : @0+ B1/ @1/ D1/ E1/ E0\ A1\ @2/ D3/ D4/ D1+
LoopTrax_5575069 Uncle Chuckie vs. Riika : @0/ @1/ B2/ B3+ C3+ B4/ D1/ D0/ B1+ B0/ D5\ E2/ @2\ A1\ C0/ G2+ @1/ A0+ A6+ @4\ @4+ B2+ A7/ @6+ D7\ B8/ A8/ @6\ G0+ H10/ E9+ E10\ L7+ L8\ I1/ G0/ L10+ M10\ C5\ F11+ G12+ J11+
LoopTrax_5575071 Miss Traven vs. Goonerg : @0+
LoopTrax_5575141 * vs. GringoNZ : @0/
LoopTrax_5575177 balmoral vs. Charlo : @0/ @1/ A2+ A0\ @2/ D1\ E3+ C4/ F3/ G3/ F4+ B0+ A1\ @3/ F1+ F0/ F0+ G3\ G1+ H4/ I4/ A7/ B8/ @6/
LoopTrax_5575331 Charlo vs. thebodywall : @0/ B1\ A2/ @2/ @1+ D0\ B4/ D4\ B5/ B0+ @3/ A2+ A7/ @7/ E7\ A4+ D8/
LoopTrax_5576813 Traxplayer vs. dgb : @0/ A0/ @2/ @1+ C0/ D1/ A0+ @1\ D0/ @2/ D6+ @2\ A1\ @1\ G7/ I6+ B0/ D2+ G1+ A4/ RESIGN
LoopTrax_5576906 volvath vs. DarkIzeul :
LoopTrax_5578999 REBEL DJ vs. Dragon101 : @0+ A0/ A3\ B1/ C1+ A0+ @3\ @3\ B4+ @2/ D0/ @5/ RESIGN
LoopTrax_5585933 GringoNZ vs. DINGEROO :
LoopTrax_5586073 Rogue Trooper vs. LyndiLoo : @0+ B1/ @1/ @1+ D2/ A2/ B3/
LoopTrax_5586074 lhh61 vs. * : @0/ B1\ B2\ A0/ A3/ A4/ A5/ C2+ B5\ A6/ D1/ D0/ A8/ B1\ D0/ @4+
LoopTrax_5586365 Miss Traven vs. DarkIzeul : @0+
LoopTrax_5586366 Traxplayer vs. JonathanT : @0/ @1/ A0/ @2/ @1\ B0\
LoopTrax_5588560 Goonerg vs. Lorraine of the Renegades : @0/ B1\
LoopTrax_5596873 Traxplayer vs. Rogue Trooper : @0/ A0/ @2/ A0+ @3/ B0/ B0/ @5+ C6+ E4/ F6+ E7+
LoopTrax_5597058 JonathanT vs. ypercube : @0+ A0+ B2+ @2+ @2/ E2\ E3\ F3\ F4\ A3+ F5+ @3/ H3+ F6+ E7+ I3\ H5+ C1\ C0\ B5+ I7\ J7\ E2/ I8/ H7/
LoopTrax_5597142 GringoNZ vs. volvath :
LoopTrax_5597145 JonathanT vs. DINGEROO : @0+ B1\ B2\ A3/ @1/ D3\ D4\ C4+ D1/ E3\ C0/
LoopTrax_5603846 Carroll vs. Uncle Chuckie : @0+ B1\ B2\ @2/ A3/ B3+ C4/ C5/ @2\ A1\ A5/ D6\ A6\
LoopTrax_5604175 Riika vs. ypercube : @0+ A2+ @1+ A0+ C3+ A0+ C3+ B5+ A4+ @2\ C1/ C0/ D1/ @2/ @2/ @2/ D5/ A1+ B0+ B7+ @6/ A3+ E7\ F8/ I6/ F9\ G8+ H8\ G9\ G10\ J6/ H9+
LoopTrax_5606098 GringoNZ vs. DarkIzeul :
LoopTrax_5609719 Charlo vs. * : @0/ B1\ A2/ A0/ A0/ B0+ C1+ C0/ D1/ C0\ B1\ D0+ E1/ F1/ C0/ A4+ A2+ G3\ E4+ D0\ E0+ B1/ @7+ A4\ D0+ @3+ A1+ E0+ F10+ G12/ H11+ I9\ G13+ H12+
LoopTrax_5611354 CHESSCATJAY vs. Goonerg : @0/
LoopTrax_5611467 Goonerg vs. Sir Pussycat :
LoopTrax_5617516 Miss Traven vs. volvath : @0+
LoopTrax_5617596 Carroll vs. Dragon101 : @0+ A0/ A3\ B1/ @3\ C4/ D4+ E4/ C0/ A6/ @5+ E6\ B7/ G5/
LoopTrax_5618753 Rogue Trooper vs. Goonerg : @0+
LoopTrax_5618766 golfnutrof vs. Sir Pussycat : @0/ B1\ A2/ B0\ @3+ @3\ E2\ C0/ C0/ F4+ G4/ A0\ @3+ C0\ E1+ B1+ D0+
LoopTrax_5621371 JonathanT vs. dgb : @0+ A2+ B2+ B1+ C1/ B3\ B4\ C0/ @2+ D0\ A4+ A5+ A6+ E2+ E1+ F1/ D0\ C1\ RESIGN
LoopTrax_5621372 dgb vs. JonathanT : @0+ A0+ B2\ C2\ B1+ B0+ @3\ D4+ E3/ A1/ F3\ F4\ G4\ RESIGN
LoopTrax_5621373 JonathanT vs. Traxplayer : @0+ A0+ B2+ @1+ D2\ B3+ D3\ D4+ A3/ B5+ @3/ C0/ @6/ D7/ A3\ RESIGN
LoopTrax_5621374 Traxplayer vs. JonathanT : @0+ A2+ @1+ B3\ A3\ A0/ @2+ C5\ RESIGN
LoopTrax_5621375 JonathanT vs. ypercube : @0+ A0+ B2+ @1+ D2+ C3+ D3+ D1+ B0+ D1/ D5\ D6/ C6/ B6+ B7/ C7+ E3+ E1/ F1+ D0+ D0/ E0\ C2+ E10\ D11/ A11\ A8+ @10/ H6\ G9/ F8+ D0+ C1\ E0\ F2+ D0/ G1+ E0\ B5\ G6+ RESIGN
LoopTrax_5621376 ypercube vs. JonathanT : @0+ A2+ A3+ A4+ A5+ A6\ A0/ B7+ @6\ @5/ E6/ E5/ @6\ @5/ H5/ H4/ D3\ A7+ D8/ C2+ D1+ @2/ E0\ A2+ A5+ @4/ K5/ K3+ L7+ I8+ L3/ M3/ L2\ H2+ M1/ N1/ J1+ RESIGN
LoopTrax_5621377 dgb vs. Traxplayer : @0/ @1/ @1/ @1/ B0/ A3/ @3/ A4/ @4/ A5/ @5/ A6/ C0+ @2+ F0/ G2\ A1+ F0+ @5+ A3\ @9/ RESIGN
LoopTrax_5621378 Traxplayer vs. dgb : @0+ A2+ A0+ B3+ A4+ @3+ D3+ D2/ D1/ A1\ D0+ C0+ E2\ D6/ F2\ F1+ G5+ F6\ D7/ E7+ G6\ G2+ G8\ H8\ A6+ E0/ @3+ I6+ RESIGN
LoopTrax_5621379 dgb vs. ypercube : @0/ @1/ @1/ B0/ B0+ B0/ B0/ A2+ B0/ @2+ C0+ A5+ D2+ @7/ A8/ A3\ A0+ @6+
LoopTrax_5621380 ypercube vs. dgb : @0+ A2\ A0/ B2/ C2/ C1/ @3\ @3\ D0+ F3+ G3/ F1+ E0+ H4+ E6+ F7/ E8\ D7+ H5+ I4/ D9\ G8+ G9+ H9\ I6+ J7+ J5/ J10\ RESIGN
LoopTrax_5621381 Traxplayer vs. ypercube : @0+ A0+ A0+ @1+ B0+
LoopTrax_5621382 ypercube vs. Traxplayer : @0+ A0+ B1+ A0+
LoopTrax_5626757 DarkIzeul vs. LyndiLoo :
LoopTrax_5626848 GringoNZ vs. Cheeky Cow :
LoopTrax_5634820 JonathanT vs. ypercube : @0+ @1+ C1+ D1+ E1+ F1+ B2+ C0+ C0/ F4+ E4+ D1/ D0/ E0\ F1+ B4\ @5\ @4/ @4/ D6/ J3+ I7\ J7\ K4+ J8+ K7\ L8/ E7+ F7\ G9+ RESIGN
LoopTrax_5634821 ypercube vs. JonathanT : @0+ A2+ A0+ A0+ A0+ A0+ A0+ @4+ C3+ C6+ D3+ D2/ C7\ E3\ D1/ F3+ A2\ D4+ @4+ B7/ B8/ E6/ A7\ B6\
LoopTrax_5635748 Rogue Trooper vs. Miss Traven : @0+ @1+ B0/ B0\ A1\ A0\ @3/ C0/ D1/ D2+ D0+ E2\ A1\ @1\ B0/
LoopTrax_5635909 dgb vs. JonathanT : @0/ @1/ @1/ A0/ @2/ D1/ D3+ E1/ F1+ D0+ F5\ G5\ D5/ RESIGN
LoopTrax_5635917 ypercube vs. Traxplayer : @0+ A0+ B2+ @1+ D2+ B0+ D4/ D2/ E2/ E1/ C5\ D6/ C7\ E4+ F1/ C0+ F8+ RESIGN
LoopTrax_5638994 GringoNZ vs. Goonerg :
LoopTrax_5639109 Rogue Trooper vs. jaha : @0+ A0/ B1\ A3/ @3/ A4+ @4/ A3+ B1+ A5/ B6+ D3/ @5/ F1/ E0/
LoopTrax_5640401 JonathanT vs. Traxplayer : @0+ A0+ A0+ A0+ A0+ A0+ @1\ A5/ C5/ @5/ B3/ A3/ @6\ @5+ B1+ @3+ B1+ C7+ B7/ A7+ A8\
LoopTrax_5641998 * vs. ypercube : @0/ @1/ C1/ @1/ E1/ C0+ D3+ A0\ E1/ @2\
LoopTrax_5641999 ypercube vs. * : @0+ A2+ A0+ @1/ C1/ @1/ C0\ B0/ C6/ B6/ B7/ A7/ @7+ D8+ E6/ F6/ B9+ A9/ @9+ B10/
LoopTrax_5642195 DarkIzeul vs. DINGEROO :
LoopTrax_5642239 thebodywall vs. Goonerg : @0+
LoopTrax_5642477 Miss Traven vs. JonathanT : @0/ A0/ A0\ @1/
LoopTrax_5644518 Charlo vs. golfnutrof : @0/ @1/ B0+ C1+ A3+ B0+ @2\ A1\ A0+ @3+ @3/ @3/ B2+ A5/ @3/ A1\ @1\ F6+ D7+ B6+ A6/ @6+ A1/ B2+ @6\ A5\ B7/ B8/ B9/ @4+ C0/ @3\ A2\ G0+ H1/ G10\ H11/ G12\ E13+ D13+ D14/ F14+ B12+ C14+ C15/ B15/ A15+ C16\ D16\ H14\ I11+ H15/
LoopTrax_5644674 Dragon101 vs. JonathanT : @0/ @1/ C1/ C2/ D1+ C3/ @1/ A0/ @2+ @2/ D1+ C0/ C4+ A4/ D5/ A1\ F1/ A0/
LoopTrax_5648140 CHESSCATJAY vs. * : @0/ A2\ B1/ @2\ @2\ C0+ A4/ @3\ B5/ A5/ @2/ G2/ F3+ F5+ C6+ D7/ A5/ @3\ C7+ H7\ C8+ H8/
LoopTrax_5648195 Uncle Chuckie vs. JonathanT : @0/ A0/ B1/ C2+ A3/ D2/ C4\ D4\ E2/ A5+ F4\ F5\ C6+ D0+ G6\ G8+ @2+ A1\ D0/ C1+ @1/ @1/ D0/ A0\ @4\ G1/ A6/ H2/
LoopTrax_5652525 Rogue Trooper vs. Traxplayer : @0+ A0+ B2+ A3+ @2+ B0+ A4+ B5+ C2+ B6+ C5+ D3\ @3+ F3\ E5+ C7+ B7+ @3/ A4/ @4/ A5/ A2\ @4+ A6+ E8/ E1+ A2\ @2+ B1+ F0/ A5/ RESIGN
LoopTrax_5652651 Goonerg vs. Miss Traven :
LoopTrax_5652789 volvath vs. GringoNZ :
LoopTrax_5653799 purplehawke7 vs. dgb : @0+ B1+ B2/ B0/ B4/ C2\ @3/ E4\ E5\ E1/ F3\ D0/
LoopTrax_5653800 dgb vs. purplehawke7 : @0/ B1\ A2/ B0\ @2+ C0\ B0+ D3\ C1+ D4+ D5\ B6/ B7/ @3+ A0/ A5/ D1/ F4\ @4\ H1+ C1/
LoopTrax_5653801 purplehawke7 vs. Traxplayer : @0+ A0+ A0\ A4\ B2\ @3\
LoopTrax_5653802 Traxplayer vs. purplehawke7 : @0/ B1\ A2/ @1/ B0+ A3+ D2/ D1/ E1/ C0\ E4\ B5/ F5\ C6+ E7+ F7\ G7+ G8+ E8/ F4+ H4+ I4\ G3+
LoopTrax_5653803 purplehawke7 vs. ypercube : @0+ A0+ B1+ B0+ B3+ B0+ A5\ C2/ A1\ C5\ B6/ @4\ A6/ D4/
LoopTrax_5653804 ypercube vs. purplehawke7 : @0/ A2\ B1/ @2\ @2\ @2\ C0+ B4/ E0/ F2\ A1\ B0\ @3\
LoopTrax_5653805 dgb vs. Traxplayer : @0+ A0+ B2\ A3+ @2\ @1/ E2/ D1+ D0/ E1/ @3\ F0\ F0\ E7/ G4+ C3/ E2+ C7/ E8/ @3\ RESIGN
LoopTrax_5653806 Traxplayer vs. dgb : @0/ A0/ A0/ @2+ B0/ C4+ C5\ D1/ D0/ E1/ D5+ F4+ D7+ B1+ E0/ E0/ D0+ D0/ D0/ C2+ G4+ A5\ RESIGN
LoopTrax_5653807 dgb vs. ypercube : @0/ @1/ @1/ D1/ B0\ B0+ D4+ @3/ C5+ D0\ B2\ C0/ @7/ B8\ C0+ B2\ A5+ RESIGN
LoopTrax_5653808 ypercube vs. dgb : @0/ @1/ B2/ C2+ D2\ C3/ E3/ D1+ @1/ E4+ @1\ C0+ RESIGN
LoopTrax_5653809 Traxplayer vs. ypercube : @0/ @1/ A0/ @1/ A0/ @2/ A0/ D3/ C2/ B1/ @2/ E5\ F3+ C5/ C6/ C7/ E2/ G2\ G1+ A5+ C0/ G1/ H3\ D2+ RESIGN
LoopTrax_5653810 ypercube vs. Traxplayer : @0/ @1/ B2/ C2/ B3/ B0\ @2/ B3+ @3/ A4/ A5/ @5/ D6+ @3+ B2\ B1\ A1\ @2\ @2\ A1\ B0\ @4+ C6\ A1\ RESIGN
LoopTrax_5660993 Traxplayer vs. Charlo : @0/ @1/ @1/ D1\ B2+ C0/ B0+ B0/ B0/ A2+ E4\ D3+ C0+ @4+ G5+ G6\ @5+ G7/
LoopTrax_5664445 JonathanT vs. Traxplayer : @0+ A0+ B1+ A0+ @2+ B0+ C1+ B0/ D4/ A3+ @4/ F3\ G3\ E5/ H5+ E6+ I5/ J4\ I6+ F2+ H3+ I2+ H7+ RESIGN
LoopTrax_5665462 Sir Pussycat vs. Goonerg : @0/
LoopTrax_5667202 jazzbeth vs. Miss Traven : @0/ A2\ B1/ B0/ C1/ C3\ D2/ A0\ @1\ E4+ F4\ F2/ G3\ A0\ A3+ @1/ A3/
LoopTrax_5667393 Goonerg vs. DarkIzeul :
LoopTrax_5668636 dgb vs. ypercube : @0/ A2+ A3/ B1/ C1/ B3+ @2\ A0+ B0+ @4+ E0/ RESIGN
LoopTrax_5670014 DINGEROO vs. GringoNZ : @0/
LoopTrax_5670320 Riika vs. JonathanT : @0+ A2+ @2+ B3\ B0/ @3\ D1\ D4\ E4+ C5/ B5/ B1\ C0/ F5/
LoopTrax_5677425 ypercube vs. Traxplayer : @0+ A0+ A0+ A0+ B4+ B1+ @2\ C3+ D3/ A0/ E4\ D5+ D6\ E6\ E7\ F4+ F3/ E2/ G5+ RESIGN
LoopTrax_5677460 Carroll vs. Rogue Trooper : @0+ A2+ A3+ @3+
LoopTrax_5677461 Traxplayer vs. * : @0/ B1\ A2/ A0/ @2+ @1/ C4\ D3+ E3\ E4\ F4\ E5+
LoopTrax_5677462 jazzbeth vs. Rogue Trooper : @0/ B1/ A2\ A3\ @2+ C0/ D1/ C3+ E3+ A1\ C0+ C0/ E2+ F1\ G3+ F5+ @5/ C1+ B1+ B0+ D1/ G0\ C1+
LoopTrax_5677630 Dragon101 vs. jaha : @0/ A0/ B1/ C2+ A3/ C0\ @3+ B5/ E3/ @5/ C6/ F6+ G6/ E7+
LoopTrax_5680747 CHESSCATJAY vs. DarkIzeul : @0/
LoopTrax_5680843 Goonerg vs. volvath :
LoopTrax_5680847 Goonerg vs. Traxplayer :
LoopTrax_5680903 Sir Pussycat vs. thebodywall :
LoopTrax_5683970 Miss Traven vs. Christine : @0/ B1\ A2/ B2+ A3\ @3\ B4/ @1\
LoopTrax_5690799 GringoNZ vs. Lorraine of the Renegades :
LoopTrax_5690806 JonathanT vs. Charlo : @0+ A2/ B2+ C2\ C3\ D3\ D4\ D1/ E3+ @1\ @1\ C0/ B0+ @2/ F1+ E0/ H2/ H1/ I4+
LoopTrax_5693834 Dragon101 vs. thebodywall : @0/ B1+ C1/ B2+ B0+ A1+ @2+ C0\ B0/ C0\ B0/ A4+ D1/ E2+ C0/
LoopTrax_5695762 DarkIzeul vs. Goonerg :
LoopTrax_5695763 volvath vs. Goonerg : @0/
LoopTrax_5697391 * vs. CHESSCATJAY : @0/ @1/ B2/ B3/ C1+ A2/ D3\ D4\ D1/ E2\ @2/ B0+ B0/ B0/ A2+ @3+ E2\ G4/ B6\
LoopTrax_5697509 Traxplayer vs. Rogue Trooper : @0/ A0/ @2/ A0/ A4/ @1\ B0/ D4+ @5+ E6+ @3+ F7/ G6+ F2/ RESIGN
LoopTrax_5699412 ypercube vs. golfnutrof : @0+ @1/ C1+ B2+ D1/ B0+ @2\ A1\ @1\ D0\ A4/ A5+ @4\
LoopTrax_5699550 Traxplayer vs. Charlo : @0/ @1/ B0/ @1+ C0/ C0+ D3+ B5/ @4+ @4/ C6+ G3/ A7/ @4/ @6+ A7/ J2\ A8/ @5/ B4+ I6+ J4+ K5+ I1+ L4+
LoopTrax_5703045 JonathanT vs. Traxplayer : @0/ @1/ B0+ @2+ A0/ B4\ D3/ @2+ C5+ F3+ F4+ G3/ E1/ RESIGN
LoopTrax_5706803 *Leo The Lion vs. GringoNZ : @0/
LoopTrax_5708936 REBEL DJ vs. Traxplayer : @0+ A0+ B1/ @1\ C0/ D1/ A0+ @1\ D4+ C0+ A1\ E0/ F2\ A1+ D0/ @2/
LoopTrax_5709098 ypercube vs. JonathanT : @0+ A2+ A0+ A0+ B1+ @4/ C4/ @4/ B1\ A1\ B5+ C0/ E3+ C0/ E1+ @1+ D0+ @2/ C5\ B7/ D9\ E10/ A8/ C9+ A4+ A6+
LoopTrax_5710532 Lorraine of the Renegades vs. Goonerg : @0/
LoopTrax_5713675 Rogue Trooper vs. volvath : @0+ B1/ B0/ @1\ B0/ A1+ C1+ D1/ D3\ E3+ D4/
LoopTrax_5713975 DarkIzeul vs. GringoNZ :
LoopTrax_5716079 golfnutrof vs. Rogue Trooper : @0/ A0/ @2/ A0/ C3/ B1/ @1/ D4+ D2+ A0+ B0\ D2+ C7\ E7/ E8\ F7\
LoopTrax_5716174 Miss Traven vs. *Leo The Lion :
LoopTrax_5717451 Traxplayer vs. JonathanT : @0/ @1/ @1/ A0/ @2/ @1+ C0/ D1/ A0+ C0+ @3+ @3/ D0/ D0/ D0/ C1+ A5+ @6/ A7+ @5\ RESIGN
LoopTrax_5717452 JonathanT vs. Traxplayer : @0/ @1/ A0/ @1/ B3/ A2/ @1+ C0/ D1/ A0+ A0+ @3+ D1+ D0/ D0/ D0/ F1+ F6+ C3+ B2+ D0/ A2/ RESIGN
LoopTrax_5717454 JonathanT vs. Traxplayer : @0+ A0+ B1+ A0+ C2+ A0+ @1+ A0/ B0\ A0/ @1/ D7+ C8/ B8/ B9/ A9/ A10/ D3\ A2+ E1+ B0/ A0\ @1\ G5\ G6\ H6\ C8+ I4+ A11+
LoopTrax_5719816 Rogue Trooper vs. ypercube : @0+ A2+ B2+ A0+ @1+ A0+ @2+ B0+ C2+ A1\ @3+ D1/ D0/ A1/ @4+ C5/ F2+ @3+ G0\ H3\ I4/ H5+ H7+ H8\ I8\ J5+ H9+ G9+ H10\ I11/ E8+ C0/ K7/ L6\ M7/ K8+ M9+ N6\ K5+ N4+ O7/ I3+ K4+ K3+
LoopTrax_5726291 REBEL DJ vs. Carroll : @0+
LoopTrax_5726389 balmoral vs. jazzbeth : @0+ A2+ B1/ A3/ B2\ C2\ @1/ C0+ D1/ E2+
LoopTrax_5726465 jaha vs. JonathanT : @0/ A0/ B2/ C2+ A3/ D2/ B4\ B5+ A0+ @4/ @5+ G3\ G4\ G5+ RESIGN
LoopTrax_5726468 Charlo vs. Dragon101 : @0/ A0/ @2+ @2\ D1/ A0+ B0+ E3/ D0+ C6+ @3\ A2\ A1+ B0+ @2/
LoopTrax_5729491 DINGEROO vs. GringoNZ : @0/
LoopTrax_5729582 DarkIzeul vs. Goonerg :
LoopTrax_5729857 JonathanT vs. dgb : @0+ A2+ B2+ A0+ @1+ A2+ @1+ B0/ B0/ D6/ D4/ D2+ E4+ A2+ E1\ F4\ G5/ A0\ @2/ I3+ I2/ E1+ C0/
LoopTrax_5731578 Miss Traven vs. volvath :
LoopTrax_5734653 REBEL DJ vs. * : @0+
LoopTrax_5739754 balmoral vs. *Leo The Lion : @0+ @1\ C1\ C0+ C0/ D3\ D4\ E1+ C0/ A3\ F1\ @2/ B5+ B6+ A6/ @6/ B7+ A3\ @7\ @7\ J4\ K4+ B1\ B0\ A2+ @3/ C4+ E9/ E1+
LoopTrax_5739876 Traxplayer vs. jazzbeth : @0/ @1/ B0/ A0/ @3+ A4/ D2+ E2/ A5/ D1/ @4+ A2+ @3+ D4+ G3+ H2+ C6+ C0+ A1\ B0/ @3/
LoopTrax_5746393 Carroll vs. volvath : @0+ A2+ A0+ B2/ @2/ A1+
LoopTrax_5748107 Charlo vs. Goonerg : @0/
LoopTrax_5748292 DarkIzeul vs. Miss Traven :
LoopTrax_5749497 JonathanT vs. Traxplayer : @0/ @1/ A0/ @1/ C3/ D3/ C4/ D2/ B4+ A3+ @2/ B0+ B0/ B0/ B0/ B0/ F9\ D10+ @6+ @7\ F3+ C1\ B2+
LoopTrax_5750644 ypercube vs. dgb : @0/ A0/ B2/ @2\ @2\ C3/ B4+ B5\ B6\ A5+ @2+ @2\ C7\ B6+ B8\ A7\ RESIGN
LoopTrax_5750648 JonathanT vs. jazzbeth : @0+ A2+ B1+ A3+ @3+ B4/ A1/ B0/ D1\ E2/ B0/ A2+ B0/ C0+ D6/ @6+ A4\ @3/ G7\ F8\ H7/
LoopTrax_5753942 Lorraine of the Renegades vs. Goonerg : @0/
LoopTrax_5757717 Rogue Trooper vs. thebodywall : @0+ @1/ A2/ B3\ C2/ A4/ @4/ C5\ D3\ E4/ A1\ F4\ @3+
LoopTrax_5757744 Dragon101 vs. golfnutrof : @0/ @1/ B0/ @1/ @1/ B2+ A0+ B4/ @3\ D0+ @5/ F5\ B6/
LoopTrax_5760503 DINGEROO vs. * : @0/
LoopTrax_5763634 Miss Traven vs. *Leo The Lion : @0+ B1/ B2\ C2\ C3\ @1\ C0/ D1/ E2/ C0+
LoopTrax_5763679 DarkIzeul vs. GringoNZ :
LoopTrax_5767360 Big Giant Head vs. Goonerg : @0/
LoopTrax_5772102 dgb vs. Big Giant Head : @0+ A2\ A0/ B1/ A0/ B1+ C2+ C1/ D1/ @4/ D0+
LoopTrax_5772103 Big Giant Head vs. dgb : @0/ A0/ @1/ A0+ @1+ B0/ A1+ D4\ D5\ D1/ C5/ C0/
LoopTrax_5772104 dgb vs. Traxplayer : @0/ @1/ @1/ B0+ @1/ D3+ B0\ @2/ A3/ B5+ @4\ B6+ B7\ B8\ E6\ F6\ @2\ RESIGN
LoopTrax_5772105 Traxplayer vs. dgb : @0/ A0/ @2/ @1+ C0/ D1/ A0+ @1\ D0/ @2/ D6+ @2\ B1+ B0\ A1\ A0\ @4+ A5/ D7/
LoopTrax_5772106 dgb vs. ypercube : @0/ @1/ B0+ @2+ A0/ A4/ D2\ D4+ A5/ @1/ D1/ D0+ E6/ RESIGN
LoopTrax_5772107 ypercube vs. dgb : @0/ @1/ C1/ C2+ B0+ @2/ E2+ D4/ @3+ D0\ D6\ G3\ D7+ D0/ E1/ F1+ D0\ C1\ A1+ E0+ RESIGN
LoopTrax_5772108 Big Giant Head vs. Traxplayer : @0+ A0+ @2/ C2\ C3\ D3\ D4\ E4\ B5+ F2+ D1\ D0+ @4\ H1/ G0\ A3\ @5\ D2+
LoopTrax_5772109 Traxplayer vs. Big Giant Head : @0/ A0/ @2/ A0/ C2+ A4+ @4/ A3+ @2+ A0/ @2\ @2\ D1+ E0\ F2\ C6/ G1/ C1\ B1/
LoopTrax_5772110 Big Giant Head vs. ypercube : @0/ A0/ B2/ A3/ B4/ A0/ B1/ @4/ @3/ E3+ B5/ F1/ E0\ F6\ F7\ G4+
LoopTrax_5772111 ypercube vs. Big Giant Head : @0+ A0+ A3+ @1\ C2/ D2/ B0/ D4\ C5+
LoopTrax_5772112 Traxplayer vs. ypercube : @0/ @1/ B0/ @1/ B0/ @2/ B0+ A4/ @1+ @2+ @3+ F0\ E0/ @5\ D2+ C3+ F0\ E2+ @6\ C8+ B7/ I8\ RESIGN
LoopTrax_5772113 ypercube vs. Traxplayer : @0/ @1/ C1/ D1/ C0+ D3+ C4+ @3+ @3\ G2+ E0/ D1+ B3+ @4\ @4\ C2+ D0+ @3\ A2+ C6+ C1\ E7/
LoopTrax_5775418 JonathanT vs. ypercube : @0/ B1/ A2/ @1/ D1/ @1/ A2/ F1/ F3+ G2\ F4/ H1/ F0/ @4\ @3/ F0+ C7+ A0+ @2+
LoopTrax_5780367 Big Giant Head vs. * : @0/ B1\ A2/
LoopTrax_5780479 Goonerg vs. Miss Traven :
LoopTrax_5784231 DINGEROO vs. Dragon101 :
LoopTrax_5784518 jaha vs. Charlo : @0/ @1/ A0/ @1/ A0/ @2+ C1+ D1+ D4/ E1+ A0/ B1+ C1+ B0+ C1+ C0/ C0/ D1+ @6\ F1\ G2+ A3\ RESIGN
LoopTrax_5784531 Rogue Trooper vs. Traxplayer : @0+ A0+ B2+ @1+ C3\ D3\ D4\ E4\ A0/ B4+ F4+ D6+ F2+ D1+ A0/ E1/ F1/ @2/ D1/
LoopTrax_5784653 DarkIzeul vs. Carroll :
LoopTrax_5785778 Traxplayer vs. Uncle Chuckie : @0/ B1\ A2/ C1\ B0+ @3/ E2/ C3+ D4/ E3+ @3+ F5\ G5\ E6/ D6+ B6/ A4+ @4\ @4\ B5+ A2\ A6/ B1/
LoopTrax_5785782 Goonerg vs. thebodywall :
LoopTrax_5791733 golfnutrof vs. jazzbeth : @0/ @1/ B0/ A0/ B4/ C4/ @1/ @1/ @1/ E1+ A0\ @1\ D3+ E5/ B4/ A2/ @2/ G1+ D0+ G0+ G0\ H4\ C2+ A3+ A7/ @6+ @6/ A7/ @7/ D8+ D9\ D1\ C2/ F0+
LoopTrax_5791918 Dragon101 vs. JonathanT : @0/ A0/ @1/ B0/ B4/ C2+ A4/ @4/ @3+ F2/ G2/ H2/ E0+ @4/ @4/ @4/ D1+ C1\ G0+ A7/ @5/ L1+ H0/ M3+
LoopTrax_5794351 Phil The Hat vs. Zanda : @0/ B1\ B2\ B0\ C3+ @2\ A3\ B4/ @2+ A1\ C0/ D5\ D6\ @5\ G1+ G0/ H1/ F0\ H5\ G6+ I3\
LoopTrax_5794352 Zanda vs. Phil The Hat : @0/ @1/ @1/ C0\ D2/ A1+ D0/ E2\ B0/ B0/ A3\ @5/ A6/ @5/ @5/ A6/ C7\ C8+ D8\ @4+ B2\ A8/ A2\ A9\
LoopTrax_5794353 Phil The Hat vs. Miss Traven : @0/
LoopTrax_5794354 Miss Traven vs. Phil The Hat :
LoopTrax_5794355 Phil The Hat vs. ypercube : @0/ @1/ @1+ @1\ C0/ C0+ D2+ E2/ E1/ A0\ @1+ F1+ B0\ G2\
LoopTrax_5794356 ypercube vs. Phil The Hat : @0+ @1+ C1+ A2/ A0\ @2\ @2\ A1\ A0+ @4+ C5\ F2+ @2+ A1\ A0+ @2/ G1+ E0/ G7\ F8/ H2\
LoopTrax_5794357 Phil The Hat vs. BrnIdGirl : @0/ A2\ B1/ B0/ C2\ C3\ C0\ C5\ D5\ D6\ E3+ E0/ F1/ A6+ A1\ B0\ @2/
LoopTrax_5794358 BrnIdGirl vs. Phil The Hat : @0/ @1+ B0\ @2/ D1\ A1\ @2/ C0/ C4/ E0/ F1/ B1\ A2/ D0\
LoopTrax_5794359 Phil The Hat vs. dgb : @0/ A0/ B2/ B3+ @1/ C4/ A3\ A0/ A0+ @1+ A0\ @4+ F7+ B7+ D8\ F9\ G7\ E10/ D10/ A10+ D11/ @8\ A5\ B7\
LoopTrax_5794360 dgb vs. Phil The Hat : @0+ A2/ A0\ @1\ A0\ @1\ A0\ @1\ A0\ @2\ E0/ F4+ B0+ @6+ B9+ D10+ A3+ @6\ G9+ I3/ I2/ F0+ @7\ B8+ A3\ @3\ E2+ B10/ C2/
LoopTrax_5794361 Zanda vs. Miss Traven : @0/
LoopTrax_5794362 Miss Traven vs. Zanda :
LoopTrax_5794363 Zanda vs. ypercube : @0/ @1/ @1/ D1/ D2\ E1/ D0\ E0/ F2\ C1\ C0\ C6+
LoopTrax_5794364 ypercube vs. Zanda : @0/ A2\ B1/ A0/ @2+ B4\ B0+ C2+ B0/ @2\ A1\ C0/ D1/ B0\ @5+ @3/ B2+ B1/ B0/ A6/ A7/ @3/ H5+ D8\ F1+ E0/ H2/ I4\ H1\
LoopTrax_5794367 Zanda vs. dgb : @0/ @1/ @1/ D1/ @1\ D0+ B3/ C4/ B0/ @4+ A5/ F6+ G5\ A6+ C7/ @6\
LoopTrax_5794368 dgb vs. Zanda : @0/ A2\ B2\ @2\ C3+ B0\ B0\ D5/ A2+ @2/ @2/ A1/ @2/ A3/ A6+ @4\ C7/ @3/ B0+ @2\ B8/ A1+ A8\
LoopTrax_5794369 Miss Traven vs. ypercube :
LoopTrax_5794370 ypercube vs. Miss Traven : @0+
LoopTrax_5794371 Miss Traven vs. BrnIdGirl :
LoopTrax_5794372 BrnIdGirl vs. Miss Traven : @0/
LoopTrax_5794373 Miss Traven vs. dgb :
LoopTrax_5794374 dgb vs. Miss Traven : @0/
LoopTrax_5794375 ypercube vs. BrnIdGirl : @0+ B1/ C1/ D1\ D2\ B0\ B0\ A4/ D1/ D0/ E3\
LoopTrax_5794376 BrnIdGirl vs. ypercube : @0+ A2+ B2\ @2/ C1/ B3+
LoopTrax_5794377 ypercube vs. dgb : @0+ A2+ B2+ A0+ B2+ @1+ D2+ D3+ E2/ D4\ E1+ D0/ D0+ F2\ G3/ E5+ D7\ A5/ @5+ G5\ A6\ G8\ H6/ I5\ @4\ A3\ @3\ A2\ E1\ D0/ A2+ @5+ A6+ @6/ N8+ M9\ L2/ M3\ RESIGN
LoopTrax_5794378 dgb vs. ypercube : @0+ @1+ C1+ D1+ E1+ D0+ D3+ D4+ E3+ B1+ D0+ C1+ F3/ E1/ @3/ A4/ H2+ G0+ C2+ D1+ B3\ C1\ A2+ B0/ E2/ D0+ C0/ D0\ E2+ C0/ D0+ D0\ D0\ E2+ D0\ E0\ C3+ B4\ F6+
LoopTrax_5794379 BrnIdGirl vs. dgb : @0+ A2+ @1\ C1/ A2/ B0+
LoopTrax_5794380 dgb vs. BrnIdGirl : @0+ A2/ A0\ @3/ A4/ C2\ @3+
LoopTrax_5795257 Miss Traven vs. GringoNZ :
LoopTrax_5796936 Rogue Trooper vs. Dragon101 : @0+ A0/ B1\ A3/ @3/ @3+ B1+ B4/ D2+ D3+ B5/ A6\ E4/ A0+ @4/ @5\ F8+ H8+ A8+ B9/ @7+
LoopTrax_5797115 *Leo The Lion vs. DINGEROO : @0/ B1\ A2/ @1+ A0+ @2/ @2/ D0/ E1/ F1/ G1+ F0\ G5\ H4/ E6+
LoopTrax_5800795 Goonerg vs. DarkIzeul :
LoopTrax_5801016 LyndiLoo vs. Carroll :
LoopTrax_5801118 jazzbeth vs. kidgame2001 : @0/ B1\ A2/ @2/ A0/ B1/ A4/ @4/ C0/ C6\ D5+ E5\ E6\ E7\ B8+ @3+ F1/ D0/ G6/
LoopTrax_5803659 thebodywall vs. Charlo : @0+ A0/ B1/ B3+ C3+ C4\ D1/ D0/ E3\ D4+ F1+ A1\ RESIGN
LoopTrax_5807396 Rogue Trooper vs. Goonerg : @0+
LoopTrax_5815498 Lorraine of the Renegades vs. * : @0/ B1\ A2/ A0/ A4\ B4\ B5\ C5\ C6\ D3+ B0\ B8+ @7/ D9/ D1/ C0+ E9\ F8\
LoopTrax_5815735 Big Giant Head vs. DarkIzeul : @0/ A2\ B1/ @1/ A0/
LoopTrax_5817526 Goonerg vs. Miss Traven :
LoopTrax_5819736 GringoNZ vs. Carroll :
LoopTrax_5823062 Uncle Chuckie vs. JonathanT : @0/ @1/ B2/ C1/ D2+ B3/ A3/ D4+ @1+ D0+ @4/ A5/ D6+ @4+ B7/ A7/ @4/ B2\ B8/ E0+
LoopTrax_5823287 dgb vs. ypercube : @0/ @1/ @1/ D1/ C2\ E1/ A3+ A0+ C0+ C6\ D6\ B7/ A7/ A8/ @6\ @4\ A3\ A1+ A0/ F10\ G8+ A8+ @8\ B10/ A10/ C11\
LoopTrax_5823298 ypercube vs. Traxplayer : @0/ @1/ B2/ C2/ B3/ D3/ B0/ C2/ D2/ C1/ E4+ B5+ A5/ E6\ F5/ G4\ E1/ F2+ D0\ RESIGN
LoopTrax_5826474 dgb vs. Traxplayer : @0/ @1/ @1/ B0+ @1/ B0+ B4+ RESIGN
LoopTrax_5834357 JiffyJeff vs. Goonerg : @0/
LoopTrax_5836486 Miss Traven vs. balmoral :
LoopTrax_5839162 Charlo vs. Traxplayer : @0/ @1/ A2+ C1+ A3\ B0\ @3/ @4\ B2+ F3+ G3+ @2+ A1\ @3\ B4+ @4\ D0+ F6+ B6+ A3+ B1+ @5\ C7+ D8+ A1\ RESIGN
LoopTrax_5842280 DarkIzeul vs. Lorraine of the Renegades : @0/ B1\ A2/ A0/ @1+ @1\ C0/ @1/ B4/ C5\ D6/ @2/ B4\ B0\ A1\ @2\ C6/ B5+
LoopTrax_5847848 Rogue Trooper vs. Traxplayer : @0+ A0+ A3+ A0+ B4+ B1+ @3/ B5/ C3/ @4/ C6/ C7/ C8/ D5+ A8/ A9/ C9+ E5\ @5+ B3+ E10/ G9+ D11+ @9/ B10/
LoopTrax_5849677 Uncle Chuckie vs. jaha : @0/ @1/ A2\ C1\ C2\ D2\ B3/ D0/ E4\ E1\
LoopTrax_5849679 golfnutrof vs. Goonerg : @0/
LoopTrax_5852007 Miss Traven vs. LyndiLoo :
LoopTrax_5853217 JonathanT vs. Traxplayer : @0/ @1/ B2/ C2/ D2+ D3+ E2/ E1/ F1/ F0/ E0+ B6/ A4/ G3+ G5+ E6+ E7/ E8/ E9/ C7+ B8+ D10\ F7+ G10+ E11/ H8/ RESIGN
LoopTrax_5860627 * vs. Uncle Chuckie : @0/ A2\ B2\ @2\ @1/ E2\ @1/ F1/ G1+ D0+ B4+ G4\ H2\
LoopTrax_5860672 Rogue Trooper vs. jaha : @0+ A2/ @2\ B0/ C1/ D1+ C3+ D4/ E2/ F3+ G3/ H3/ G4+ C5+ A4+ H5/ I2\ E0\ C1+ J5+ H7/ D8+ H8+ H2+ J3+ A1+ @2\ D0+ A1/ B0\ A8\ @8\ D9+
LoopTrax_5860809 JonathanT vs. ypercube : @0+ A0+ @2+ B0+ C1+ C0+ D1+ A3+ @4+ B5+ C5+ D5+ E5/ B2+ F5/ D3+ E3+ @4/ A5/ A6+ @4\ C3\ H2/ I4+ E6+ @5+ A6/ A7+ @6/
LoopTrax_5865829 JonathanT vs. dgb : @0+ A2+ B1+ B0+ C1+ B3+ @3+ A2+ @3+ @3\ A2\ G1\ G2\ @2\ D1+ H4\ I2\ A4/ @2+ H5/ G5/ G6/ RESIGN
LoopTrax_5867150 DINGEROO vs. * : @0+ A2+ A0/ @2/ C3\ @2/ E3/ D1\ C4/ A1\ C0/ @2/
LoopTrax_5869798 JonathanT vs. ypercube : @0+ A0+ B1/ C1/ @1/ @1/ B0/ C4\ B4+ @2/ @2/ @3\ @2/ @2/ B5+ C6/ H5+ I3+ H0+ @2\ A1\ A5+ RESIGN
LoopTrax_5869799 ypercube vs. JonathanT : @0+ A2+ A3+ A4+ A5+ A6+ A7+ A0/ A9\ B1+ @4+ C5\ A7\ D6/ A3\ @2/ C0+ A6+ @4\ @5+ @6\ @5/ @6\ J2/ J5+ RESIGN
LoopTrax_5871210 golfnutrof vs. JonathanT : @0/ A0/ @2/ A0+ @3/ B0/ C0\ B0/ D4\ C7+ A2+ @6+ E0/ F2/
LoopTrax_5872649 dgb vs. Traxplayer : @0+ B1/ @1/ B0/ C3/ B4+ D2/ D1/ D0+ E4+ D5\ F2/ F1/ A2+ G1+ E0+ G5\ RESIGN
LoopTrax_5872650 Traxplayer vs. dgb : @0/ A0/ @1/ A0+ B4/ C4+ A3+ @4\ E3\ A5/ @4\ G2+ G1/ C0/ @5/ B6+ B7/ A7/ A8/ @5+ A4\ A3\ @4/ A8+ @3\ A2\ E9\ F9+ D10/ C9+ E11\ F11\ G11+ E12+ G7+ H10/ G8\
LoopTrax_5873008 dgb vs. JonathanT : @0/ @1/ @1/ C0+ A3+ C4/ D3+ A4/ A5+ B6+ @3\ B0+ B0/ @6\ B7+ E2+ F1\ G5/ H4\ RESIGN
LoopTrax_5873009 JonathanT vs. dgb : @0+ A2+ @1+ B3+ C2+ A0/ D3+ D2/ D4\ E2/ F2+ F1/ F0/ A5/ @5/ B6\ F6/ A7/ RESIGN
LoopTrax_5873453 dgb vs. ypercube : @0/ @1/ B2/ C1/ A0+ A0/ D3+ @1/ B0/ B0+ A6/ @6/ C0/ B8+ C9/ F5+ A6+ @5/ B4+ H3/ F2+ A3+ @3+ J4\ I6+ J6+ J7\ G8+ B1+ K4\ A2+
LoopTrax_5873454 ypercube vs. dgb : @0+ A0+ A3+ A4+ B3+ @2\ C1/ @2\ E3/ F2/ G2/ E4/ B0/ @1/ E6\ C0/ D0+ A4/ C7\ @2+ B1\ @4/ A5/ A6+ @4+ C8/ H0\ G10/
LoopTrax_5873763 dgb vs. Charlo : @0+ A2/ A0\ @3/ A4/ @1+ A0\ A0\ @2/ A6+ @1\ A0\ A5/ @4+ A2\ @4/ G8\ H5\ D8/ D9/ C7+
LoopTrax_5873764 Charlo vs. dgb : @0/ @1/ @1/ A0+ A3+ B0/ B0/ A2+ B0/ @4+ A2+ E5+ B7\ D2+ E4+ E1\ F5/ G4\ H5/ C0/ @2/ A0\ @4\ G1/ H4/ E0/
LoopTrax_5876843 Uncle Chuckie vs. JonathanT : @0/ A0/ B1/ C1+ B0/ C4+ D4\ E4\ C5/ @1+ C0/ A6/ G6\ @4/
LoopTrax_5876901 Rogue Trooper vs. JiffyJeff : @0+ A2/ @2\ B3/ @3/ C4/ A1\ RESIGN
LoopTrax_5876936 balmoral vs. Dragon101 : @0+ A2/ A0\ @1\ A0\ @4+ C5/ C6/ D6+ D2+ @1+ F6/ A6/ D7/ @4+
LoopTrax_5877560 JonathanT vs. ypercube : @0+ A0+ @1+ B3+ C1+ @1\ D3\ A2+ C4/ D0\ E2+ D0/ RESIGN
LoopTrax_5877561 ypercube vs. JonathanT : @0+ A2+ A0+ A0+ B1+ B4+ @3+ A2+ @3+ @3\ A2\ A1\ E0\ D6/ A0\ @1\ @1+ A0+ F9+ B6+ @4+ RESIGN
LoopTrax_5879346 ypercube vs. DarkIzeul : @0+ A0+ A3+ @1/ C1/ B4+ C3/ D3/ @2/ A3/ @3/ B4/ A1\ C0/ @3\
LoopTrax_5879347 DarkIzeul vs. ypercube : @0/ A0/ A3/ A4/ B2+ @1+ A0\ A0\ @3/ @6+ E2+ B7+
LoopTrax_5879348 ypercube vs. corrie m : @0+ @1/ C1+ D1\ A0\ @2/ B0\ C4+ E4\ A2+ C1/ E5\ C0\
LoopTrax_5879349 corrie m vs. ypercube : @0+ A0+ A3\ @3/ A4/ A5+ B4\ @5\ @5\ A2+ E2+ @3+
LoopTrax_5879350 ypercube vs. dgb : @0+ A2+ B2+ B1+ C1+ A3/ A0+ A0/ C2/ @4\ A6\ B0/ A2\ @5\ F2\ F0+ G2/ D0\ C1\ B1+ E0\ @6+
LoopTrax_5879351 dgb vs. ypercube : @0/ @1/ A0/ @2/ A3/ C1/ D2+ D4+ E4\ A5+ F4/ G4/ E2/ F1\ A0+ @4+ D0/ RESIGN
LoopTrax_5879352 DarkIzeul vs. corrie m : @0/ B1\ A2/ B2+ C2\ A3/ @1\ @2+ B0/
LoopTrax_5879353 corrie m vs. DarkIzeul : @0/ B1\ A2/ A0/ B3+ C1/ B4+ B0/
LoopTrax_5879354 DarkIzeul vs. dgb : @0/ A0/ A0/ @2+ C1+ B0\ C5\ D5\ @3/ B5+ @3\ A2\ A1\ A5/ D6+ @4\
LoopTrax_5879355 dgb vs. DarkIzeul : @0+ A0+ B2\ B1/ C1\
LoopTrax_5879356 corrie m vs. dgb : @0/ A0/ B1\ A3\ B2+ C2\ C3\ D3\ C4/ D1/ @2/ F1\
LoopTrax_5879357 dgb vs. corrie m : @0/ A2\ B2\ B1+ B0/ B4\ C2+
LoopTrax_5883494 Uncle Chuckie vs. *Leo The Lion : @0/ B1\ A2/ A3+ A4\ B4\ @1\ B0/ C6\ RESIGN
LoopTrax_5885431 JonathanT vs. Rogue Trooper : @0+ @1/ A2/ B0/ B4+ @3/ D2+ D4\ D5\ E4+
LoopTrax_5887811 golfnutrof vs. Traxplayer : @0/ @1/ B2/ C2/ C3/ D3/ D4+ B0\ D3/ E3/ B5\ F5+ D6/ E2+ D7\ E6+ C7+ G3+ G2/ G1+ F0+ H2\
LoopTrax_5889995 JonathanT vs. Leeeeeesa : @0+ @1\ C1\ C0\ D2\ D3\ D0/ E2+ A1\ B0\ @2/
LoopTrax_5889996 Leeeeeesa vs. JonathanT : @0/ A0/ @1/ B0/ B4/ C2+ A4/ D2/ C0\ @2+ E4+ B6/ @3\ A7/ @6\ G7\ F8+ H7/
LoopTrax_5892922 golfnutrof vs. Traxplayer : @0/ @1/ A0/ @1/ B0/ C2/ D3/ C4+ E3/ E2/ E1+ F3+ C5\ G4+ A3/ B5+ C6\ @1+ D0+ A6/ G2+ @4/
LoopTrax_5897944 JonathanT vs. Traxplayer : @0/ @1/ B2/ C2/ B0/ A0/ @1/ A0/ @2/ D6\ D7\ C6+ D8\ E4/ E6+ F4/ G6+ F3/ B5+ @1+ A0\ @1\ D0+ C5/ @1/ A0+ B0+ F4\ G5/ @3+ @3/ M7+ J5/ K11\ I13\ K12+ K14/ N8+ M10+ G2+ L14\ L15\ M13/ M12/ K3/ I2+ RESIGN
LoopTrax_5902945 JonathanT vs. ypercube : @0+ A0+ @1+ B3+ A3+ A0+ C3+ @2\ B0+ C2+ D2/ @2/ @2/ F1/ G4/ A1+ B0+ D7+ A5/ @5/ @5/ J4+ B2+ C1+ @3\ A2\ A1+ D0/ @2/
LoopTrax_5902946 ypercube vs. JonathanT : @0+ A2+ A3+ A0+ A0+ A0+ B3+ B1+ A0+ B7\ @5\ @5\ E4/ F4/ G4/ C8+ B8/ A3\ @3\ F5+ H2+ B1+ H6+ RESIGN
LoopTrax_5903192 Rogue Trooper vs. thebodywall : @0+ A2+ A3\ B1+ @3\ C0\ C3+
LoopTrax_5903218 * vs. kidgame2001 : @0/ B1/ B2\ C2\ B3+ D3\ C4/ @3/ A4/ A5/ C6/ @2\ A1\ A0\ E7\ F6\ E8/
LoopTrax_5903333 Traxplayer vs. jazzbeth : @0/ @1/ A0/ @1/ B0/ @1/ A0/ @1/ A0/ @1/ A0/ @1/ A0/ @1/ A0/ @1/ A0/ @1/ I10/ K10/ K11+ K9+ H11/ J12\ L11+ H10+ J13+ G8/ J14/ H14+ G12+ J8/ J15/ K14+ I16+ F12/ I17/ G17+ I6/ J17\ I18/ I19+ L15+ M17+ K18/ K7/ L13+
LoopTrax_5904938 Dragon101 vs. DINGEROO : @0/ B1\ A2/ B0+ C2+ B0\ C4/ A5/ @5+ A2\ @4+ D0/ E1/ F1/ D0+ G4\ F5+
LoopTrax_5905986 ypercube vs. JonathanT : @0+ A2+ A3+ A4+ B4+ A5\ A0/ B1/ C2\ B3+ @4+ D4+ E3+ E2+ F2/ G2/ H2/ A1\ D0\ H0/ I1/ F0+ H6+ J2/ E0+ C3+ B2+ F8+ F9\ D10\ B11\ A11+ @9+ I8+ A5/ B6/
LoopTrax_5905987 JonathanT vs. ypercube : @0+ A0+ B2\ A0+ @1\ C1+ D1\ C0\ @2/ B3+ E5/ F2\ B5\ A4/ G5+ F6\ F7\ G7\ H6+
LoopTrax_5906653 JonathanT vs. Rogue Trooper : @0+ B1+ C1+ B2+ @1\ B0+ E2\ C4+ D4+ C5+ F3\ E4+ E5\ F5\ G5+ G6/
LoopTrax_5906698 balmoral vs. jaha : @0+ B1/ @1/ B0/ C3\ D3\ B3+ A4\ A1+ @1\ C0/ A5/ @4/ B6\
LoopTrax_5916314 JonathanT vs. jaha : @0+ A0\ A0+ @2\ B0\ @3\ D3\
LoopTrax_5916315 jaha vs. JonathanT : @0/ @1/ A0/ @2/ B0+ B0+ C2\ A5/ @2+ @3+ B6+ A2+ C1+ @3/ @4\ D7/ C8\ E7+ E9/ E10/ F8+ H6+ I6\ J7/ G10\ H11/ I5+ RESIGN
LoopTrax_5916316 JonathanT vs. * : @0+ A0+ B1/ @1\ C0/ D1/ A0+ D0\ C5+ E1/ D0\ B2\ @4/ D7/ D8/ E8/ B8+ @3/ B2+ A7/ A8/ G5+ H5/ H7/ G8+ C1/ @2\ A1\ D0+ E10\ G11+ I10+ J8/ F12\ B10/ C11\
LoopTrax_5916317 * vs. JonathanT : @0/ A0/ @1+ @1\ A0\ @1\ B0+
LoopTrax_5916318 JonathanT vs. TallPaul : @0+ B1\ @1\ C0\ D2\ D3\ D0/ E3+ A1\ B0/
LoopTrax_5916319 TallPaul vs. JonathanT : @0/ A0/ B1+ C1/ B3+ B4/ @2/ @2/ B5+ C6/ D5+ E6/ C7/ E8+ F6/ A6+ B8+ G4/ F3+ F1/ G1+ E0+
LoopTrax_5916320 jaha vs. * : @0/ B1\ A2/ A0/ A0/ @3/ B0+ B0+ @4\ B6/ C0\ A3+ @4\ C1/
LoopTrax_5916321 * vs. jaha : @0/ @1/ B2/ C2/ C1+ B3+ A3/ A4/ B5/ C4+ @1/ @4+ @3/ D0+ A6\ @5\ @5\ A7+ @4/ I7\ J6/ F7+ E8/
LoopTrax_5916322 jaha vs. TallPaul : @0/ A0/ B2/ A0+ A0/ @1/ @2\ C5/ B6+ @2\ C0+ E3/ @7+ C8\ A1\ B9+ @3\
LoopTrax_5916323 TallPaul vs. jaha : @0/ A0/ B2/ B3/ C2+ @1\ B0+ A4/ @3\ D5/ E2/ E6\ F4/ B6/ A5\ D7/
LoopTrax_5916324 * vs. TallPaul : @0/ @1/ C1/ B2+ D1/ D0/ A4\ @3\ B0+ D5+ D0+ F4+ G4/ G5+ @6+ D7/ @5/ G7+ E8/ H2+ I8\ B4+ G9\
LoopTrax_5916325 TallPaul vs. * : @0/ A2\ B1/ C1+ C2\ B3+ B0+ @1\ B0/ A5/ C6/ @4\
LoopTrax_5916326 dgb vs. Leeeeeesa : @0+ B1\ @1\ C0\ D2\ D3\ D0/ E2+ A1\ D0/ @3\
LoopTrax_5916327 Leeeeeesa vs. dgb : @0/ @1/ @1/ C0+ C0\ @2+ @3\ @3\ C0/ C0+ B1+ C0/ D2+ C0\ B1\ B0\ D1\ A2+
LoopTrax_5916328 dgb vs. davidmilne : @0+ A2+ B2\ B3+ @2\ @2\ B3+ A4\ @2\ @3+ @3\
LoopTrax_5916329 davidmilne vs. dgb : @0/ A0/ B1+ B3/ B0\ @3+ B4+ B5/ A4/ @4/ RESIGN
LoopTrax_5916330 dgb vs. Traxplayer : @0/ @1+ @1\ C0/ D1/ A0+ @1\ E4+ F3\ G3\ G4\ E5/ H2+ G1/ C0+ A1\ G1/ H1/ E0/
LoopTrax_5916331 Traxplayer vs. dgb : @0/ A0/ @1/ A0+ C2+ A0/ @2\ B0/ @2/ A5+ @4/ E6/ RESIGN
LoopTrax_5916332 Leeeeeesa vs. davidmilne : @0/ A0+ @1+ A0+ A0/ B1/ C2/
LoopTrax_5916333 davidmilne vs. Leeeeeesa : @0/ A2\ B2\ A0/ A0/ @3+ C2+ D4\
LoopTrax_5916334 Leeeeeesa vs. Traxplayer : @0/ A0/ @1/ A0/ A3+ @2\ D3/ E3/ D2/ C4+ E2+ C1+ F2/ D5+ F3\ G3\ @2+ F6/ G4\ A1\ C0/ C0/ E2+ @4/ A5/ A1\ B0/ @3/
LoopTrax_5916335 Traxplayer vs. Leeeeeesa : @0/ B1\ A2/ A3/ B2+ @3+ B4\ D2/ E1\ E3\ F2\
LoopTrax_5916336 davidmilne vs. Traxplayer : @0/ @1+ A2\ B3/ C2+ B4+ B5\ D3+ D1/ B0/
LoopTrax_5916337 Traxplayer vs. davidmilne : @0+ A2+ A0+ A4+ A0+ A0+ A7+ A0+ A0+
LoopTrax_5916338 jazzbeth vs. JiffyJeff : @0/ @1/ B2/ B3/ A0/ @1/ D4/ D3+ D5+ B3+ A3/ B5+ @4+ F4/ F2+ G2+ E1+ D0/ G6\ RESIGN
LoopTrax_5916339 JiffyJeff vs. jazzbeth : @0/ @1/ @1/ A0/ D2/ @2+ C1+ B0+ B4/ D1+ A0/ F5\ B6/ @3/ E1/ E0/ @2+ B1\ B0\ A1\ @1\ C8/ RESIGN
LoopTrax_5916340 jazzbeth vs. ypercube : @0/ @1/ B2/ @1/ D2+ E1\ C0+ D1/ E4/ D0/ B1+ B5/ D6+ B0+ @4/ E0/ F1+ G1\ G2\ G6+ H4\ I4\ H6/ @6+ D8/ F9/ C9+ I2+ H0+ K5+ J7+ J8\ G9+ K7+
LoopTrax_5916341 ypercube vs. jazzbeth : @0/ @1/ C1/ B0\ B0/ A1/ @2\ E3/ @2/ B3+ B4/ A4/ @4+ C5\ D5\ D0+ G7+ H4+ B7+ G8/ A6+
LoopTrax_5916342 JiffyJeff vs. ypercube : @0/ B1/ C1/ D1/ A2\ C0+ D3+ C4+ @2/ F3\ F4\ A5+ @2/ G5+ RESIGN
LoopTrax_5916343 ypercube vs. JiffyJeff : @0/ @1/ C1/ D1/ B0/ C3\ C4+ @2/ A0+ @1\ E1/ RESIGN
LoopTrax_5917520 Rogue Trooper vs. Uncle Chuckie : @0+ @1/ C1/ C0/ B0+ B0\ A1\ @2+ @2/ B4+ B5/ C5+ B6/ @3\ B1+ D0\ @7/ G1/ B8/
LoopTrax_5926583 Rogue Trooper vs. Dragon101 : @0+ A2/ @2\ B0/ C1/ D1+ E2/ C0/ A5\ C4+ @5/ A6/ C6+ E5+ A3\ @5+ F7/ G6+ B7/ E7/ E8/ D9\ H9+ E10+ I7/ H6+ @7/ C8/ D9+ I11+ G12/ F11+ J6/ K4+ J10+ C10\ D1\ F0+ B10+ K8+ L8/ L6+ L10\ M7\ L11/
LoopTrax_5942632 golfnutrof vs. Traxplayer : @0/ @1/ A0/ @1/ A0+ B4\ C2/ D3\ D4\ C5+ E3+ B0+ C0\ F5\ @4+ A5/ H5\ @4+ I4/ RESIGN
LoopTrax_5943892 ypercube vs. thebodywall : @0+ B1\ @1+ A2+ @1\ B3/ A0+ C4\ C5\ B0/ C1/ E5+ @3\ B5/ B6/ E7/ A5+
LoopTrax_5954980 golfnutrof vs. ypercube : @0/ @1/ A0/ C2/ B3+ D2\ A0\ @1\ F3\ C1/ C0/ A5\ C6\ @3\
LoopTrax_5963903 golfnutrof vs. Traxplayer : @0/ @1/ A0/ @1/ A0/ @1/ A0/ @1/ A0/ @2/ A3/ A4/ C5/ @4+ A5/ @5/ A3+ H6\ I6\ @5/ A2+ C0+ @3+ F0/ G3/ B1\ B0+ A2/
LoopTrax_5963912 dgb vs. jaha : @0/ A0/ B2+ @2\ B0/ B0/ D3\ E2+ F2\ E4+ A2+ G3/ D0+ B1+ @1/ D0\ D0\ E2+ A2\ @2\ D0/ RESIGN
LoopTrax_5963913 jaha vs. dgb : @0/ @1/ A0/ @1+ B3+ @2\ @2\ C3+ F3+ B0/ @2+ @2/ @2/ C0+ D0+ B3+ C5+ B6+ A7\ E8\ G7+ H7\ H8\ @6+ B8+ B9/ A4+ I9+ RESIGN
LoopTrax_5963914 dgb vs. ypercube : @0+ A2+ B2\ @2/ A3/ @3/ D4+ C5+ @4+ @4\ G3+ E6\ @4\ B5+ E6+ F7+ @4+ B6+ D3+ C2+ C1+ D0+ A3+ B2\ @6\ C8+ D9+ G9+ F10\ @6\ F11/ E11/ H11\ I11+ H12/
LoopTrax_5963915 ypercube vs. dgb : @0+ B1\ A2\ A0\ A0\ B2+ @2\ @2\ B4+ @4+ @3+ @3\ E5\ B4+ F0\ @4/ B5+ B6/ A6/ @6+ C7\ E6+ RESIGN
LoopTrax_5963916 jaha vs. ypercube : @0/ A0/ B2/ A0/ @2\ B4+ C2+ B0/ D2+ B0/ C0+ C0\ C0\ C0\ B1\ A7+ D1+ RESIGN
LoopTrax_5963917 ypercube vs. jaha : @0+ A0/ A3+ A4\ B3+ B1/ A5\ B0\ C2/ C5+ @3\ A5+ @6\ B7+ C8+ F3+ G3/ H3/ I3/ F1+ E0+ G1+ A3\ C2+ @7\ A5+ @8/ A9+ A5\ @5\ C4+
LoopTrax_5966727 thebodywall vs. JonathanT : @0+ A0+ A0+ A0+ A0+ A0+ A0+ A0+ A0+ @1\ @1/ A2/ @2/ A3/ E5/ E1/ E0/ C6+ A1\ E4/
LoopTrax_5973472 Riika vs. Traxplayer : @0+ A0+ B1/ C1/ D1/ C0/ @2/ @3\ D0+ C5+ G3/ C6+ F1/ RESIGN
LoopTrax_5973473 Traxplayer vs. Riika : @0/ A0/ @1/ @1/ D1/ @1\ C0+ C0\ B0/ A2+ F3\ D2+ E1+ B5/ E0/ G1+ D0+ G7\ C8+ H6/
LoopTrax_5973474 Riika vs. ypercube : @0+ A2+ @2+ A1+ @1\ D1/ C3/ A0+ B0+ @2/ B5+ F3/ D1/ A1\ @1\ A3+ B5+ E6\ F5/ @5+ A6/ B7+ F7/ E7+ E8\ G8/ B8/ B9/ H8/ @4/ B2+
LoopTrax_5973475 ypercube vs. Riika : @0+ A0+ A3+ A0+ A0+ A0+ B3+ B6+ @4\ @3/ @4\ F6/ F3/ G3/ G6/ @3/ D2+ F1/ C5+ B1+ A6/ @2+ A6\
LoopTrax_5973476 Traxplayer vs. ypercube : @0/ @1/ A0/ C2/ @2\ B0/ A2+ D2/ B0\ @2/ @3\ D5/ F6+ G3+ E7/ E8/ H3\ H7+ I4+ D7+ C6+ H2\ J4\ J8\ K7\
LoopTrax_5973477 ypercube vs. Traxplayer : @0+ B1/ @1/ B2/ B3/ C2+ C4/ C0/ D1/ E2+ C6/ B6/ C0+ A2+ A4+ C8\ D5+ E6+ B9\ @6+ G6+ D0/ F9+ G9\ H5/ G4/
LoopTrax_5973480 Leeeeeesa vs. dgb : @0/ @1/ B2/ C2+ D1/ D0/ B1+ E1\ B4/ B5/ A5/ D5\ E4\ D6/
LoopTrax_5973481 dgb vs. Leeeeeesa : @0+ A2+ B2\ A3+ @2\ @2\ E2/ E1/ F1/ E3+ E0+
LoopTrax_5973482 jarrausi vs. dgb : @0/ @1/ C1/ B2+ B3/ @2\ A0+ C0\ A1\ @2\ E0+ F2/ RESIGN
LoopTrax_5973483 dgb vs. jarrausi : @0/ @1/ B0/ @1/ A0+ C0\ D2\ E2\ E0+ F1/ F0/ RESIGN
LoopTrax_5977906 JiffyJeff vs. Traxplayer : @0/ A0/ A3/ A4/ @1/ C2+ A3+
LoopTrax_5977907 Traxplayer vs. JiffyJeff : @0/ @1/ A0/ @1/ A0/ @1/ A0/ B4/ @2\ @2\ B3+ E5+ G4\ E6/ E7/ F6+ A1\ A0+ @3+ B5/ C6/ B6/ A5+ @4\ @4+ @4/ @5\ @4/ @5\ A3/ A6/ RESIGN
LoopTrax_5977908 JiffyJeff vs. ypercube : @0/ @1/ @1/ D1/ D2/ C2/ C3+ B3/ A0+ B0+ @4\ F1/ E0\ A7+ @7/ G6+ H5\ F7+ C8\ D7\
LoopTrax_5977909 ypercube vs. JiffyJeff : @0+ A2/ A0\ @1\ A0\ @4+ @3+ B0/ B6/ A5/ @1+ B0\ A6/ RESIGN
LoopTrax_5977910 Leeeeeesa vs. Traxplayer : @0/ @1/ B2/ C2/ B0/ A0/ C3+ B5\ D3+ @1\ B0/ @3+ C5+ C0/
LoopTrax_5977911 Traxplayer vs. Leeeeeesa : @0/ A0/ @1/ B0+ @2/ B3/ A0\ @2/ E2\ C5\ B0/ E6/ F3\ E2+ G3+
LoopTrax_5977912 Leeeeeesa vs. ypercube : @0/ @1/ B2/ @1/ D2\ D3\ B0+ E3+ D1+ D5/ C5/ C6/ B6/ @1\ B0/ F7\
LoopTrax_5977913 ypercube vs. Leeeeeesa : @0+ @1/ C1/ D1/ C2/ B0\ D4\ E3/ A4/ @4/ D5/
LoopTrax_5977914 Traxplayer vs. ypercube : @0/ @1/ A0/ C2/ B3\ @1/ B0/ D2/ C5+ A3/ B6+ @1+ B0\ B0\ A1\ @2\ D0+ E1+ A1\ D0/
LoopTrax_5977915 ypercube vs. Traxplayer : @0+ B1\ @1\ C2\ C3\ C4+ C5\ C6\ C7\ A2+ @1\ A3+ E4/ B0\ F8\ RESIGN
LoopTrax_5977916 dgb vs. JonathanT : @0/ @1/ @1/ C0+ @2/ B0+ B0/ B5+ @5\ B1+ A6/ RESIGN
LoopTrax_5977917 JonathanT vs. dgb : @0+ A2+ B1+ A3+ @3+ B4/ B5/ @5\ @5\ E3\ RESIGN
LoopTrax_5977918 dgb vs. TallPaul : @0+ B1+ C1+ B0+ @2+ B3\ C4/ A1/ A0/ D2+ @2\ D0+ @3/ A4/ @4/ A5/ A2\ C1+
LoopTrax_5977919 TallPaul vs. dgb : @0/ A0/ B1+ B3/ @2+ B0/ A4/ @4/ D5/ A1\ C0/ @4\
LoopTrax_5977920 JonathanT vs. TallPaul : @0+ B1+ C1+ C0/ C0/ B2+ C0/ A2+ C0/ A6\ B7/ @2/ D7\ C8/ E5+
LoopTrax_5977921 TallPaul vs. JonathanT : @0/ @1/ C1/ A2+ @2/ @2/ D0+ C0/ B3+ D5/ A1\ @2/
LoopTrax_5980254 kidgame2001 vs. DarkIzeul : @0+
LoopTrax_5983087 * vs. Uncle Chuckie : @0/ B1\ B2\ C2\ A0/ B4+ A4/ D1+ A0/ A6/ @3+ F4\ E5+ E6\ D7/
LoopTrax_5986197 jaha vs. Uncle Chuckie : @0/ B1\ A2/ @2/ @2+ C3+ D3\ D4\ E1+ C5/ B5/ A5/ A6/ @6/ F6\ @6/ F7\
LoopTrax_5994341 golfnutrof vs. Traxplayer : @0/ @1/ B0/ @1+ C0/ D1/ A0+ @1\ E0+ C0/ B1\ C0/ E2/ F1\ @4\ A3\ @3\ A2\ G0+ H8+ I7\ G9+
LoopTrax_5995162 jaha vs. Rogue Trooper : @0/ A0/ B2/ B3+ @1/ @1/ A0/ @2/ D1/ C3/ B4\ B5+ @2/ B4\ F2+ D0+ D0/ D0/ D0/ F4+ G2+ D0/ C4+ B1+ B0\ B0+ A1\ A0\ A5\ @4/ A7+ @8\ A11+ @8+ H2+ H1/ H0+ J4/ K6+ B4\ RESIGN
LoopTrax_5996621 DarkIzeul vs. Chad :
LoopTrax_5996792 kidgame2001 vs. * : @0/ A0/ B1/ B3+
LoopTrax_6003616 dgb vs. ypercube : @0/ @1/ @1/ D1/ B0\ C0\ C4\ B5\ E3\ E4\ D0+ RESIGN
LoopTrax_6003617 ypercube vs. dgb : @0/ A0/ B2/ B3+ C2\ B4/ @3\ A5+ @3\ C6/ B7\ A6+ E4/ F2/ D1/ D5+ E6+ F6+ RESIGN
LoopTrax_6004359 golfnutrof vs. Traxplayer : @0/ @1/ B2/ C2/ C3/ D2/ C4/ E4+ E5\ F5\ C6+ F2/ G5\ E1/
LoopTrax_6007020 dgb vs. Riika : @0/ @1/ @1/ A0/ @2/ A3/ @3/ D4+ F2+ D1+ F5\ G4+ E6/ B0+ D7\
LoopTrax_6007021 Riika vs. dgb : @0+ A2+ @2+ A1+ @2+ B3+ C3+ C0/ C0/ B2+ D1+ C0\ A2/ E2\ D6+ F4+ C0+ D1+ A2\ C0/
LoopTrax_6007022 dgb vs. ypercube : @0+ A2+ B2\ C2\ @2\ C3\ C4\ @1/ @2\ C3+ B4+ G2\ F4+ C5\ C6\ B7\ D5+ @3+ @4\
LoopTrax_6007023 ypercube vs. dgb : @0+ A2+ A3+ B3+ @2+ B4/ B0\ A1\ C2/ B0+ A6/ @2+ E3+ F3\ B7+ D6+ D0+ E1+ D0\ C1\ B0/ A4+ RESIGN
LoopTrax_6007024 Riika vs. ypercube : @0+ A0+ @2+ B0+ @3+ C4/ C0\ B3\ D2/ A1\ B0/ @4\
LoopTrax_6007025 ypercube vs. Riika : @0/ A0/ B2/ C2+ D2\ D3\ B1+ B4+ @3\ B0+ E6\ F6\ A6/ F3/ @6\
LoopTrax_6010340 DarkIzeul vs. DINGEROO :
LoopTrax_6010600 Dragon101 vs. Chad : @0/ @1/ B0/ @1/ @1/ D3\ E1+ B3/ B4/ C0+
LoopTrax_6013001 Zanda vs. ypercube : @0/ @1/ B2/ @1/ @1\ A0\ E3\ D4/ E1/ F2\ E0/ @3/ B4\ A1\ @2/ H1/ I2/ F1+ F0\ E2+ B1\ C2/
LoopTrax_6014914 Rogue Trooper vs. dgb : @0+ A2+ B2+ A0+ @1+ A0/ D4+ C5/ E4+ E3+ C6/ A5+ C3/ B0/ C1/ D3+ F3+ E1/ E0/ F1/ G4\ C1+ E0+
LoopTrax_6023717 * vs. Uncle Chuckie : @0/ B1\ B2\ B3\ C1/ A0/ A0/ C6\ D4+ E3\ C2/ A0/ A5+ @5/ C7/ D8\ E8\ F7\ G5/ G2/ H2/ A2+ @5\
LoopTrax_6024471 DarkIzeul vs. kidgame2001 :
LoopTrax_6024477 golfnutrof vs. Traxplayer : @0/ @1/ A0/ @1/ A0/ @1/ A0/ @1/ A0+ @1\ @1+ C0+ E2\ F2\ D5+ B4/ C5+ G2\ G1+ H6\ G7+ I3/ H1\ I7\ G8/ J6\
LoopTrax_6026667 Sista vs. OriconAilin : @0/ B1\ B2\ A2+ A0\ @1\ D2/ C1+ D4\ E3/ C0/ D2/ E2/ E1/ F1/ D6/ C6/ A4\ E0+
LoopTrax_6030369 Chad vs. jazzbeth : @0/ @1/ A0/ @1/ A2+ B0\ @3/ @3+ D0+ @4/ B3/ B2/ @4/ E0/ E6\ G1\ D7/ C7+ G7\ D8/ H6\
LoopTrax_6030394 DINGEROO vs. * : @0+ A2+ A0+ @3+ A2+ C2\ @3/ D4/ @3\ A2\ A1+ @3/ A4/ A5/ G2/ F1+ @2+ A1\ B0\ H5\ H6\ I3\
LoopTrax_6030443 jaha vs. Uncle Chuckie : @0/ B1\ A2/ @2/ B0+ B4+ C4\ C5\ D2+ B6/ A6/ @4\ C7+ E7/ @5+ @6\ B1+ A3\ C0+
LoopTrax_6030490 Rogue Trooper vs. Traxplayer : @0/ @1/ B0/ @1+ C0/ D1/ A0+ B0+ C0+ E6+ B7+ C8+ D9+ F9+ F5+ E3+ F2+ F0+ G1/ H1\ E0/ E0/ H2+ D0\ C1\ H1+ G0/ I3+ I5\ G8+ J4+
LoopTrax_6034077 Traxplayer vs. Rogue Trooper : @0/ A0/ @1/ B0/ C1+ D1\ C4+ C0/ C0/ E1+ F3/ D0\ D0/ C9/ C10/ E7+ B4+ A3+ A1+ B0\ @3+ A6+ @2/ @2/ @5+ A6/ @7\ C8+
LoopTrax_6034109 JiffyJeff vs. Dragon101 : @0/ A0/ A0/ A0/ @1/ C4+ D1\ B0/ @1/ @1/ F0+ G3\ E0/ H2+ C2+ A4/ A1\ @3+ C0/ E2+ E1+
LoopTrax_6049839 golfnutrof vs. Traxplayer : @0/ @1/ B0/ @1+ C0/ D1/ A0+ @1\ E0/ F1/ F3+ @3/ B5+ B6/ A6/ G6\ A7+ H5\
LoopTrax_6066367 Dragon101 vs. DINGEROO : @0/ @1\ A0/
LoopTrax_6066417 Uncle Chuckie vs. * : @0/ @1/ B0/ @1+ A0\ C0\ A1\ @4\ D0+ E1/ E0/ RESIGN
LoopTrax_6072204 Rogue Trooper vs. Uncle Chuckie : @0+ B1\ A0\ A0/ B1/ C3\ D3+ C4/ D0/ E1/ A1\ E2\ @2\
LoopTrax_6072206 thebodywall vs. Rogue Trooper : @0+ A0+ A0+ A4+ A5\ A0\ @6\ @5/ D5/ B2/ D2/ E2/ E0+ E7\ F3+ D8\
LoopTrax_6072244 Traxplayer vs. golfnutrof : @0/ @1/ A0/ @1/ A0/ @1/ A0/ @1/ A0/ @1/ A0/ @1/ A0/ @1/ A0/ @1/ A0/ @1/ A0/ @1/ A0/ @1/ L12/ M12/ A0/ @1/ A0/ @1/ A0/ @1/ A0/ @1/ A0/ @1/ A0/ @1/ A0/ @1/ A0/ @1/ A0/ @1/ A0/ @1/ A0/ @1/ A0/ @1/ @1+ @1\ D0+ B3/ E1\ C0/ @3\ @2/ A5+ @3\ D6\ E5+ I2/ I1/ I0/ @2+ D1+ F0+ I8/ J5+ K5\
LoopTrax_6072266 balmoral vs. Traxplayer : @0+ A0+ A3+ @1\ C2/ D1\ A3\ @3\ C0/ F2+ D4+ E5/ E6/ C0+ @5\ G4+ H4\ C6+ @4/ A7+ D8+
LoopTrax_6075897 ypercube vs. dawn1968 : @0+ B1\ @1\ @1\ C2/ C0/ D4\ E4\ A4/ @3/
LoopTrax_6075898 dawn1968 vs. ypercube : @0/ A0/ B2/ B3/ A3+ @3/ A1/ B0/ D3/ @4/ A2+ E5+ F3/ D6\ B0+ @1\ A0\ G4/ H6\ E2/ E1\
LoopTrax_6075899 ypercube vs. Riika : @0+ A0+ A0+ A0+ A0+ B4+ @2+ A3+ @2+ A1\ A3/ @3/ @3+ C4+ G4/ B0/ @2+ B5/ B6/ F7/ G2\ G7\ G8\ I3+ A5+ @4+ B7/ A6\ E7+ B8\ C8/
LoopTrax_6075900 Riika vs. ypercube : @0+ A2+ @1\ C1/ C0/ D1/ A0+ B0+ D0+ E2/ F2/ F1/ C0/ D0+ G3/ G0+ H4/ B3+ I5+ C2+
LoopTrax_6075901 ypercube vs. dgb : @0+ B1\ A2\ C1+ D1\ C0+ B0/ B0/ D1\ E1\ E4\ E3+ F3/ A2\ D5+ E6/ D7\ E8/ F8/ E9+ C6+ D9+ G4/ H4/ E0\ F2+ F0\ @4\ H4+ H2+ J6/ K5\ K7/ K4/ L6/ K1+ L4/ H0/
LoopTrax_6075902 dgb vs. ypercube : @0/ @1/ A0/ @2/ A3/ C4+ D3\ E3\ E4\ D5\ F2+ RESIGN
LoopTrax_6075903 dawn1968 vs. Riika : @0/ @1/ B2/ B3/ A2+ C3+ C4\ C5\ D3/ A5/ B0/ @4/
LoopTrax_6075904 Riika vs. dawn1968 : @0+ @1/ C1/ B0/ B0/ C2+ A1\ @1+ B0/
LoopTrax_6075905 dawn1968 vs. dgb : @0/ @1/ B2/ C2+ A2+ A3/ D2\ D3\ D4+ E3/ B0+ F4\ F5\ G5\ G6\ G3/ H4/
LoopTrax_6075906 dgb vs. dawn1968 : @0/ A0/ A0/ B3\ B4\ B5\ C2/ D5\ C6/ @3+ D7\ E7\ E8\ F7\ C8/ B6/
LoopTrax_6075907 Riika vs. dgb : @0+ A2+ @1\ @1\ B2+ B3/ @1+ C0+ E3/ F2\ G3/ H2\ A5/ @5/ C6\ D6\ F4+ I1/ J4\ E0/
LoopTrax_6075908 dgb vs. Riika : @0+ A0+ B2\ C2\ D2\ A3+ @2\ A0/ A0/ C6/ D3/ C0+ B0/ B0/ D2+ F8/ @4\ A3\ A0+ @1\ F1/ A7/ D0/
LoopTrax_6077841 dgb vs. JiffyJeff : @0+ @1+ C1+ B2+ C2+ C3\ C4\ B0/ B0/ D6/ B5/ A4+ @5\ @4/ F3\ G3\ F2+ F7/ H7\ RESIGN
LoopTrax_6077962 ypercube vs. Traxplayer : @0+ A0+ A3+ A4/ A0\ @5/ A6/ C4\ B7+ @6/ B2\ @6+ @5+ E8/ B8/ C9/
LoopTrax_6078942 DINGEROO vs. * : @0/ A2\ B1/ @2\ D1\ D2\ D3+ E1/ D0\ A4/ B5/ @3/
LoopTrax_6080787 Dragon101 vs. * : @0/ @1/ A0/ C2\ A3+ A4/ @4+ @3/ D1/ F1/ D0/ D0/ G3/ F5+ B7/ B2+ D6+ D0/ F1+ C0+ @7/ A6/ @8\ A5/ I8+ F9/ G9+ A10+ @7/ @8\ E4+ D3/ G0/ K5+ @11+ D12/ A6+ H11\ @9\
LoopTrax_6082372 jaha vs. Chad : @0/ @1/ A0/ @1/ A0/ @1/ B0+ @2/ A3/ D5\ C5\ C6\ @2+ @2+ E7\ B4\ A3+ @4\ G1\ F0/ F0/ E2+ H1/ F0/ @7\ C3\ E2+ D10+ G11+ C8+ B3+ A9/ RESIGN
LoopTrax_6082396 jazzbeth vs. DINGEROO : @0/ B1\ A2/ @2+ @1/ C0+ B0+ @1+ @2+ D0+ A5/ @4\ D6/
LoopTrax_6086554 ypercube vs. Rogue Trooper : @0+ A0+ A0+ A4+ A0+ B5\ @5\ C6\ C1/ D6+ @4\ B3+ F6\ F7\ D7+ D8/ E9+ G7\ H7+ E1/ B2\ A1/ G5+ I5/ I4/ E0+ @3\ E3+ G3\ F4/ G5/ H3+ A6/ C7/
LoopTrax_6086694 ypercube vs. dgb : @0+ A2+ A0+ A0+ A0+ B1+ B5\ C5\ @5\ @5\ B2+ @4+ C6+ D0\ F7\ C8/ G7+ E4+ H6+ F9+ G8\ F10/ G4+ I5/ F2/ G2/ C11+ B10/ RESIGN
LoopTrax_6094848 Traxplayer vs. hajja : @0/ A2\ B2\ C2\ B3/ C1/ D2\ B4+ E3+ F3/ G3/ H3/ F2+ E1/ C0/ D6+ A0+ @3/ F1/ E0/ G2\
LoopTrax_6094849 hajja vs. Traxplayer : @0/ @1/ B0/ @1+ B0+
LoopTrax_6094941 medea83 vs. Traxplayer : @0/ @1/ @1/ @1/ E1/ C2+ B0+ E4\ F4\ A4/ D5\ @3/
LoopTrax_6094942 Traxplayer vs. medea83 : @0/ @1/ B0/ B0\ A4+ @2/ B1+ A4/ @2\ C0/ C0/ B1/ E2/ C7/ F3/ E6/ D7+ E4+ B0+ A1\ B0/ D1\ @3/ B4+ @2\ A1\ D0+ B6+ C9+ C0+ E2+ @3/ C0+ G13+ I10+ A5+ H4\ I7+ I4+ A7/ @8\ F12/
LoopTrax_6096089 ypercube vs. Traxplayer : @0+ A0+ A0+ A0\ A5/ @5+ C4/ D3\ E4/ F3\ D2+ E5\ E6+ F6\ G5\ B6+ C7/ B0\ A4\ @4+ H3/ RESIGN
LoopTrax_6096480 Traxplayer vs. Lady Mac : @0/ @1\ B0\
LoopTrax_6096481 Lady Mac vs. Traxplayer : @0/ @1/ B0/ @1+ B0\ @3\ D0/ E1/ C0\ B1\ B6+ E5\ @6/ F6/
LoopTrax_6099711 Dragon101 vs. golfnutrof : @0/ @1/ A0/ @1+ A0\ C2/ @2+ B0+ E3/ D0+ C0/ B1+ F3+ E7+ F7\ G7+ E8/ G8+ E9/ E1+ B9+ G4/ A7\
LoopTrax_6114210 dgb vs. Chad : @0+ A0\ B1\ A3\ A0/ @1/ C5/ B6\ D2\ @1/ B0\ B0\ A1\ @1\ E2+ E0+ G9\ E10+ G4/ H7+ F3/
LoopTrax_6114295 jaha vs. Uncle Chuckie : @0/ B1\ A2/ @2/ @2+ D2+ A3\ B4/ C5+ @4/ A5/ D6/ @4+ B7/ A7/ @4/ B2\ A1/ @5\ @7+ G0+
LoopTrax_6122363 Traxplayer vs. Chad : @0/ A0+ A0\ @1\ A0\ @4+ A5/ @5/ D0/ E3+ C0\ B1\ A4+ @7/ D8+ D0+ G4+ C10+ A6+ @6\ A5\ @7/ C11+ B11/ A10+ B1+ A4+ D0/
LoopTrax_6134038 ypercube vs. Traxplayer : @0+ A0/ B2/ C2+ C1+ B3+ A0+ @2+ E2+ C5+ E3+ F3+ G3\ F4+ C6\ E5+ A0+ @2+ I4+ I3+ J3/ J2/ G6\ H7/ F8\ F2/ G1+ K3+ J4\ L2\ K4\ I1+ I0/ I0\ I0\ J2+ K4+ M5\ N6/ N8+ O7\ P6\ M9+ K8+ K10\ K11\ G11\ L10+ Q6\ F12+ C10+ D11+ B11\ C12+ B13\ D14+ C15\ B14+ A11+ B9+ J0\ J0\ K1+ L2+ I1\ I0\ H5+ G3+ F4\ E3/ D4\ D5+ K15/ B10/
LoopTrax_6135706 barefootony vs. Traxplayer : @0+ A0+ @2\ C2/
LoopTrax_6135707 Traxplayer vs. barefootony : @0/ B1+ C1/ D1\ D2/
LoopTrax_6138285 jaha vs. Rogue Trooper : @0/ A0/ B2/ B3/ C2/ C4/ @2/ A3/ E3+ @3+ C4+ C5/ B6\ D5+ E6+ E1/ E0/ E0/ A8/ C9/ G3+ @8+ H0/ I3+ B1+ F0/
LoopTrax_6138374 ypercube vs. dgb : @0/ @1/ B2/ C2+ D2\ C3/ E3/ D1+ B0+ D5+ RESIGN
LoopTrax_6140805 Rogue Trooper vs. Dragon101 : @0+ A2\ B2/ A0\ A0+ @3+ C5/ C2+ D3/ E3/ D1+ C0+ B1+ F4/ E1+ F5+ B0/ B0/ @5/ B3/ A3/ @4\ C7+ C9+ C10\ C11\ B9/ A6\ @3/ B10+ F9+ H8\ A10/ @7+ G12\ D12+
LoopTrax_6146193 jazzbeth vs. Traxplayer : @0/ @1/ B2/ C1/ @1+ A0+ @2/ A3/ @3/ F4\ G2+ @2\ C1+ F0+ E5+ C6+ A5+ @6\ E7/ C1/ C0/ @6+ A3\ @5+ C8+ D9+ E0/ B9/ H0+ RESIGN
LoopTrax_6156502 ypercube vs. Traxplayer : @0/ @1/ B2/ C2/ C3/ D2/ E3+ C4/ B4/ E5+ B0/
LoopTrax_6160449 DINGEROO vs. * : @0/ @1/ A2+ C1/ B3+ B0+ @3/ B0/ E4+ E6\ A3\ F5\
LoopTrax_6161708 Chad vs. ypercube : @0+ A0+ @2+ B0+ C1+ C0+ @4/ D4\ A5/ @5/ A6/ @6/ @4\ B3+ H4+ H5\ @5+ G6+ D7+ G8+ I6+ E9/ D9/ J6\ I8+ D10/ C10/ B8+ A3\ I9\ E11+
LoopTrax_6169658 dawn1968 vs. dgb : @0/ A0/ B1+ C1\ D2/ B0/ C4\ C5+ D5\ E4\ @3/ A6+ @6/ F6\ D7+ G5+
LoopTrax_6169659 dgb vs. dawn1968 : @0/ A0/ A0/ B1/ C3\ B4/ @1\ B0+ @3+ @3\ @3\ D5+ A1\ C0+ @3\
LoopTrax_6169662 dawn1968 vs. Traxplayer : @0/ @1/ B2/ C2/ A2+ B3\ D2/ C3+ D1+ E2\ C4\ D5/ D6/ E3+ F4/ B5+ A5\ F7+ G7\ B7/ E8\ A7\
LoopTrax_6169663 Traxplayer vs. dawn1968 : @0/ A0/ @1/ A0/ @2/ A3+ D2+ C1+ @2+ B0+ @2\ C0/ @3/ A4/ @4/ C5\ A2\ A1+ @2/
LoopTrax_6169664 dgb vs. Christeeny : @0+ @1/ C1/ D1/ C2/ A0/ D4\ E3/ A4/ D0/ @5\
LoopTrax_6169665 Christeeny vs. dgb : @0/ A0/ @1/ A0+ A0\ @2/ A3/ D2+ A0/ C2+ @4+ C5+ A5+ A0\ @2/ E1/ D7/ C0/
LoopTrax_6169666 dgb vs. Traxplayer : @0/ @1/ @1/ @1/ B0/ A3/ @3/ A4/ @4/ A5/ @5/ D0+ @3+ F7+ I6+ @1\ D0+ A5\ @2+ B8/ A6+ C9\
LoopTrax_6169667 Traxplayer vs. dgb : @0/ A0/ @2/ @1+ C0/ @3\ D4\ E3\
LoopTrax_6169668 Christeeny vs. Traxplayer : @0/ @1/ B2/ C2/ A2/ B3\ A4/ @4/ D3+ A1\ C5\ @3+
LoopTrax_6169669 Traxplayer vs. Christeeny : @0/ B1\ A2/ A0/ @2+ B0/ @2+ E3+ E4\ C5/ F3+ E0/ F3+ C1\ E0+ F2+ C8/ F7+ G6+ E0\ C10/ G5+ G10\ E0/ F2\ G3/ H9\
LoopTrax_6178957 Uncle Chuckie vs. * : @0/ A2\ B1/ @1/ C0+ @3\ A4/ @2/ @1\ C0+ F4\ G4+ G3+ H3+ H4\ F1+ H5\ G6+ I4+
LoopTrax_6182162 medea83 vs. dgb : @0/ @1/ @1/ D1/ C0\ C0\ E2\ E4\ F4\ G4\ F5/ C5+ B1\ G6\ H4\ A6/ RESIGN
LoopTrax_6184745 Dragon101 vs. Uncle Chuckie : @0/ B1\ A2/ @2/ @2+ C3+ D3\ D4\ E1+ F1\ E5/ E0/ G1/ D0\ G1\
LoopTrax_6186304 dgb vs. Traxplayer : @0+ B1+ C1+ B2+ C2+ A0/ A0/ C5/ D4\ E4\ D6+ D7/ B6+ A7\ D8/ F5+ @1\ B0/ A9/ C10+ A6+ @4+
LoopTrax_6186305 Traxplayer vs. dgb : @0/ @1/ B0/ @1+ C0/ @3\ E2+ F1\ G1\ D4+ @3\ B1+ E5/ C4+ RESIGN
LoopTrax_6189337 Rogue Trooper vs. thebodywall : @0+ B1\ B2\ C1/ B0/
LoopTrax_6189768 medea83 vs. dgb : @0/ @1/ B0/ @1+ C0/ @3\ B4\ D0+ E5\ C6/ @6+ B7/ B8/ A8/ @8/ C1\ RESIGN
LoopTrax_6189769 dgb vs. medea83 : @0+ @1/ C1/ A2\ B0+ B0\ B0\ C2+ D3\ C5\ B0\ D2+ E4\ F2\ E6\ F5/ A2+ RESIGN
LoopTrax_6192149 JiffyJeff vs. ypercube : @0/ @1/ C1/ D1/ D2/ A2/ C0\ D4/ C0+ E3/ A5/ F1/ E0+ F6+ RESIGN
LoopTrax_6199111 * vs. thebodywall : @0/ A2+ B1/ C2\ B3/ C0\ @3\ E3+ E4\ C5/ F3/ B0+ G5\ G6\ F7+
LoopTrax_6202752 jaha vs. Dragon101 : @0/ @1/ A0/ B1/ B3+ C1/ @3\ E3+ F2/ C0+ C0/ C0/ B2+ B0/ @3/ A5+ B8+ E8+ D9\ F4+ G5+ G3+ @6\ A4+ C2+ B1+ @1+ @1/ E0+ E0/ @4\ L7\ K3+ L3/ H2+ I1+ B2/ C1+ C6+
LoopTrax_6202758 ypercube vs. Traxplayer : @0+ A0+ A0+ A0+ B1+ A0/ A6\ B6\ @5\ @5\ D7\ A3\ @3\ F5+ F2\ E4+
LoopTrax_6205482 ypercube vs. Rogue Trooper : @0+ A2+ A0+ A4+ B1+ B0+ C1+ @2/ C4/ D4/ @3/ B4+ B5/ A5/ @5+ B6/
LoopTrax_6205763 Traxplayer vs. whatever : @0/ A0\ @2\
LoopTrax_6205764 whatever vs. Traxplayer : @0/ @1/ A2/ B3+ B4\ C2+
LoopTrax_6211207 golfnutrof vs. ypercube : @0/ @1/ B2/ @1/ A0\ @1\ B3+ A3/ @3/ @3+ A4/ F0/ G1/ A1\ G4\ @1/
LoopTrax_6211276 Traxplayer vs. dgb : @0/ A0/ @1/ A0+ C3/ C4/ D4/ C1\ B0+ C6/ D7/ D4+ B6/ A6+ RESIGN
LoopTrax_6215230 * vs. Traxplayer : @0/ @1/ C1/ D1/ C0+ D3+ C4+ @3+ E4+ F2+ D0/ D0/ B2\ A4+ @4/ @5\ @4/ @5\ C6\ A3\ D2/
LoopTrax_6216581 golfnutrof vs. Rogue Trooper : @0/ A0/ B2/ B3+ @1/ C4/ C1+ D3+ A0\ @1\ E5+ B3+ B4+ A5\ C6+ E6\ A7/ @7/ A1\ G5+ D7\ B8+ B9\ A0\ @2/ C3+ B7+ @2/ B6\ B5\
LoopTrax_6216689 Dragon101 vs. ypercube : @0/ @1/ A0/ @2/ @2+ @2/ D3+ C0+ A4/ D5/ A2+ @2\ D0/ G4/ F3/ G6\ D0\ E8\
LoopTrax_6223705 * vs. DINGEROO : @0/ A0+ A0\ @1\ A0\ @1\ D4/ @2+ A5+ @5/ F1/ E0\ G4/
LoopTrax_6223817 balmoral vs. Rogue Trooper : @0+ A0+ @2+ B3+ A1+ B4+ C3/ B5+ A3/ B6+ @4/ A5/ @5/ A6/ A7+ @5+ F5/ G4\ F1/ G1/ H5/ H6+ I6+ D8+
LoopTrax_6227945 Uncle Chuckie vs. jazzbeth : @0/ @1/ A2\ B2+ B3/ B4/ B0/ C4/ D5\ B6+ @1\ C0+ A4/ @4/ F4/ G6+ A5/ A2+ @2/ A1/ A0/ A0/ @4/ A6+ @6/ A7/ A1\ @7+ B0/
LoopTrax_6237100 dgb vs. Traxplayer : @0/ B1\ B2\ A0/ C2+ C4/ C5/ D1\ B0+ C0+ E3\ @4/ C8+ B7+ E7\ D8+ F6+ RESIGN
LoopTrax_6241487 thebodywall vs. Rogue Trooper : @0+ A0+ @2/ @2/ C3\ C0+ D3/ C0+ B3\ E5+ D1/ E1/ E0/ F5/
LoopTrax_6248689 Traxplayer vs. Lorraine of the Renegades : @0/ A0/ @2/ C2\ A3+ C0/ D3+ E3/ A1\ B0\ @2/
LoopTrax_6255635 dgb vs. Traxplayer : @0/ @1/ @1/ C0+ A0/ @2+ @3\ @3\ B1+ B4+ @4/ RESIGN
LoopTrax_6260913 * vs. balmoral : @0/ A2\ B1/ B2+ A0\ @2/ D1/ D0/ @3/ D1+ B1\ A0/ B6+ @3+ B7\ A5+ @3\ A7/ A8+ A9\ B9\ C9+ C10\ E8\ A10/ D9\
LoopTrax_6260921 Dragon101 vs. golfnutrof : @0/ @1/ A2/ B3/ C1/ C4/ D1+ D5+ E2+ F3+ E1+ F1+ D0/ F7\ G5+ D7/ D8/ D9/ B6+ @2\ C1+ D0\ C0/ C0/ F3/ G3/ F0+ H1/ F0/ I2+ I1/ G0\ J4/ H7\ K5\ K6\ K2/ L5+ K1\
LoopTrax_6265001 Rogue Trooper vs. Traxplayer : @0+ B1+ @1+ B0+ @2+ C0+ D1/ D4/ E1/ D0/ D0/ E1/ B1\ D0+ F1\ A3\ F6+ G3+ H3/ I2\ H4+ G7+ H1+ E0+ J5\ RESIGN
LoopTrax_6278729 Traxplayer vs. Lorraine of the Renegades : @0/ B1\ A2/ A0/ @2+ C0/ D3+ @2/ @3\ C1/ A4/ @3\ D5/
LoopTrax_6278921 ypercube vs. Traxplayer : @0+ A0+ A0+ A0+ B3+ @1+ D3+ B0+ B0\ C3+ A2+ B7\ C7\ E6+ F7/ F8+ E9+ C8+ D10+ A7\ G7+ E5/ E4/ D2/ @3\ H5+ I5/ J4\ K5/ I6+ J7+ L7+ L8\ J3+ G2/ L3/ F1+ K2/
LoopTrax_6301680 jaha vs. Chad : @0/ @1/ A0/ @1/ B0/ B4\ A4\ D3\ D4\ E3\ C2/ B5\ B6+ E5\ C6+ @1+ B0\ @4/ B5+ D8\ D9\ F8+ D0/ E3/ H4+ C0+ B2\ A3\ @6+ D0/ B10+ D12\ C12+ B13\ H12/ C1\ RESIGN
LoopTrax_6301972 Rogue Trooper vs. Dragon101 : @0+ A2/ @2\ B0/ C1/ D1+ C3+ C0/ E4\ D5/ E1\ F2/ F3+ G3\ E0+ G6\ H6/
LoopTrax_6302150 Traxplayer vs. ypercube : @0/ @1/ B0/ @1/ D1+ E1/ E0/ C4+ E3+ F4/ C5/ C6/ G3+ F0+ H3\ H5/ H6/ H0\ I4+ I5+ D7+ E8+ A3+ B2+ H8+ J1+ I0/ K4\ K5\ J9+ L7+ @4+ A3\ E10+ G2\ J10+ G10+ G11\
LoopTrax_6304350 DINGEROO vs. jazzbeth : @0/ @1/ A0+ B3+ C3/ C2+ @1\ @1\ C0/ A4/ C5\ @4\
LoopTrax_6307473 jazzbeth vs. thebodywall : @0/ B1+ C1/ A2/ C0\ A1+ @2/ @2/ A3/ @3/ B4/ A4+ C5+ E6\ F4+ G4/ H4/ D7/ C7/ C8/ B7/ A6/ F8\ G5+ F9/
LoopTrax_6307474 thebodywall vs. jazzbeth : @0+ A2+ A0+ B2+ B1+ B3\ C3\ A0\ D3/ C2+ D2+ B1/ B0/ B6+ E5\ E6\ B7\ F5+ B8/ A8/ @8/ E8+ A9+ @7+ D10\ E9+ C11/ B11/ E11\ H8\ E12/
LoopTrax_6308057 balmoral vs. ypercube : @0+ A0+ B2\ @2/ C3\ D3\ D4\ @3\ D5+ C0/ D2+ F4\ E1+ A2\ @4\ D0/ H3/ B0+ A3/ @4\ I3/ J4+
LoopTrax_6314778 * vs. Lorraine of the Renegades : @0/ A2\ B1/ @2\ B0+ @3/ B4\ B5\ A1\ B0/ @4\
LoopTrax_6332352 * vs. balmoral : @0/ A2\ B1+ C1\ C2\ D2\ A3+ D0/ E1/ E4\ D5\
LoopTrax_6332520 ypercube vs. Dragon101 : @0/ A0/ @1/ A2/ C2/ D2/ A0\ @3+ D1/
LoopTrax_6333806 ypercube vs. dgb : @0+ A2+ B1+ B0/ B0/ B0/ C4+ C5\ A6/ D5/ B0/ A4+ @5+ B0\ A2+ E4+ @3\ F1/ C0\ G2\
LoopTrax_6333811 jazzbeth vs. Traxplayer : @0/ @1/ B2/ C2/ C3/ D3/ A0/ @1/ A0/ @1/ F6/ G6/ G7/ H7/ H8/ I8/ I9/ J9/ J10/ K10/ K11/ L11/ L12/ M12/ M13/ N13/ N14/ O14/ O15/ P15/ P16/ Q16/ Q17/ R17/ R18/ S18/ S19/ T19/ T20/ B0\ @2/ @2+ B3\ B1+ E2/ B0/ B0/ A2+ @1/ F0+ G4+ @4/ B5+ I3+ F0+ D2+ C1+ @4\ A3\ A0+ @4\ A7+ E8/ @6+
LoopTrax_6338677 Dragon101 vs. Rogue Trooper : @0/ @1/ B2/ B3/ @1/ A0/ D4/ E4/
LoopTrax_6339042 Rogue Trooper vs. Traxplayer : @0+ A0+ @2+ B3+ B4/ A4/ A5+ A6+ @5/ D5+ D6\ E6\ B7+ F5/ F4/ F3/ A2\ @6\ H2\ H1+ H7\ I2\ G8/
LoopTrax_6344477 JiffyJeff vs. Traxplayer : @0/ B1\ A2/ A0/ A0/ @4+ A0+ @4+ B0/ B0/ @3/ F5+ G6/ H5\ E3+ D0+ G4/ F3+ D0\ E1+ E0+ G4+ G10+ D11/ F12/ G11+ G13/ I10/ I8\ H7+ A8+ J10\ RESIGN
LoopTrax_6359687 DINGEROO vs. Rogue Trooper : @0/ A0/ B2+ @1+ B3/ @1/ A0\ @1\ B5+ A5/ @1\ F5\ E6\ G5/
LoopTrax_6367806 ypercube vs. Traxplayer : @0+ A0+ A0+ B1+ A4+ B4+ @3+ A2+ @2+ C0\ @3+ E6/ @3+ C2+ D0/ D0/ C6+ A6+ @5+ D7/ G9+ B4/ @5+ H5\ @5\ A4\ D3/ E8/ D8/ D9/ C7\ E10\ C2+
LoopTrax_6373311 Chad vs. dgb : @0/ @1/ A0/ @1+ D2/ @2\ A0/ E4+ A4\ @2/ A5+ @4/ A2+ @2+ @4+ B5/ B6/ A6/ @3/ H0/ I2\ D1+ H0+ C3+
LoopTrax_6373458 * vs. jaha : @0/ A0/ B1/ B3+ C3\ D3+ D4/
LoopTrax_6379350 thebodywall vs. * : @0+ A0+ A0+ @2/ C2/ D2/ A4/ @3\ D3+ D4\ B5/ C0/ D7\ E6+ F6\ F7/
LoopTrax_6384243 Dragon101 vs. Rogue Trooper : @0/ @1/ A2/ B3/ C1/ C4/ C0\ C0\ D6/ C7/ B6/ D1/ C0\ @5+ C2+ E6+ F5+ E9\ F7/ C9/ E10\ B7/
LoopTrax_6389458 Rogue Trooper vs. ypercube : @0+ A2+ B2+ A0+ B1+ C1+ @2+ C4+ D0/ E1/ B5+ C6+ E0/ D0+ B3+ F1\ A3/ D7/ A7/ A8/ @5/ @4\ A3\ A2+ @5+ B7+ F0/ E10\ E11\ F11\ G11\ H11+ D12/ C10+ H1+ I9/ H7+ G13+ H12\ I12\ H13+
LoopTrax_6389571 Dragon101 vs. Traxplayer : @0/ @1/ B2/ C2/ D2/ B0\ D2/ D4+ E2/ F2+ C0+ F6\ G5/ B6/ H5\ D7+
LoopTrax_6395742 Rogue Trooper vs. Traxplayer : @0+ A0+ B1+ A3/ @3\ B0/ B5/ C5+ A3+ D3+ E3\ B6/ @3/ D7+ F5+ G5\ F7+ F8\ G8\ H4/ H3/ G2+
LoopTrax_6402039 jazzbeth vs. thebodywall : @0/ B1/ A2\ B0+ A0/ @2+ @1/ B0+ A0/ D6+ D2+ E2/ D1/ D0/ E2/ F2/ F1/ F0+ G5\ G6\ D9\ E9\ E0+ G8\ H5+ I3/ G2+ B1\ D0/ @6+ I10\ J10\ G12/
LoopTrax_6416257 Chad vs. Traxplayer : @0+ A0+ @2+ C1+ B0\ B4\ D2+ C3+ B5\ D4+ @3+ B4+ C6\ C7+ E7\ F5+ C0+ A3/ D9+ E10/ F9+ E11+ A8\ B9+ D11+ G6\ H7/ H5+ I8\ G9+ I5/ J5/ I4\ F3+ G3+ G2/ K6+ K7\ L6/ K4+ L3\ M7\ M8\ J2+ G1/ M4+ N6/
LoopTrax_6416408 jazzbeth vs. balmoral : @0/ B1+ C1/ B2+ C0\ B1\ A0/ D1/ B0+ E3\ E4\ E5\ C0\ E2/ F4+ E0/ F3/ G5/ G6+ G2\ H5/ @5+ @4/ I1+ F8+ C3+ E0+ A3\ I9\ C2+
LoopTrax_6417038 Rogue Trooper vs. Traxplayer : @0+ A0+ A3\ B3\ @2+ C4+ D4+ C5+ @2+ B3+ A4+ @2/ C1\ C5/ C6/ B6/ A6/ @6+ C7+ G3+ H3/ I2\ G7\ E8+ H5+ I1+ I7\ E0+
LoopTrax_6426988 Traxplayer vs. Rogue Trooper : @0/ A0/ @1/ @1+ A0+ @2/ D0/ E3/ A4+ D5/ F4+ @4\ D0\ C1\ A3+ B0/ A2+ @6\ F0+ G1/ H2+ RESIGN
LoopTrax_6427033 Dragon101 vs. JiffyJeff : @0/ @1/ A0/ @1/ @1/ A0/ E3/ B3/ E4+ D5+ C6+ E2/ F2/ A4\ @3/ D7\ A0\ @2/ D8+ C0\ F8+ G3/ E0+ H2+ D11/ A10+ @8+ F0\ H10\ G12+ F13+ F14/ I9+ J6/ K4/ K3/ A7\ @7\ D1+ F0/ C4/
LoopTrax_6433480 Rogue Trooper vs. thebodywall : @0+ @1+ C1+ A0\ A0\ B4/ @1+ @2+ E2/ B0\ B5+ B0/ C1/ F1+ C0/ A1\ A0\ @3/ B4+ E9\ F9\ G9\ H8/ H7/ A6/ @8/ A9/ I4\ J8+ @7\ I10\
LoopTrax_6437617 DINGEROO vs. Dragon101 : @0/ A0/ B2+ @1+ C3\ C4+ D3\ A4/ B5\ @2/
LoopTrax_6437723 Rogue Trooper vs. jaha : @0+ @1\ C1+ B2/ D1+ B0/ B4/ @2\ @4+ D5/ G2+ E4+ D0/ D7/ @3\ B2+ E0/ G1+ I2/ I1/ E9/ G8+ H8/ D0+ A2+ H1+ G1+
LoopTrax_6439977 dgb vs. Traxplayer : @0/ B1+ C1/ B0/ B3+ @3\ B1+ B0/ @3\ C5+ A5/ B6/
LoopTrax_6454333 jaha vs. ypercube : @0/ @1/ A0/ C2/ @2\ @2\ D1+ B3/ @2\ D0/ D0/ D0/ C4+ G4\ D6+ @5\ G3+ D0+ C4+ H3+ I7\ H8+ H1+ G0/ I4+ J8\ I3+
LoopTrax_6454334 thebodywall vs. Rogue Trooper : @0+ A0+ A3\ A0\ @4\ A2+ A5/ @5/ C6\ D6\ C7+ D3+ E7/ F7/ A8/ @8/ C9\ E8+ G9\ H7+ F10/ D9+ G11\ H9\ I8/ E1\ G3+ H6+ J7/ I5+ J3/ G2/ E0/ F2+ K5\ J6+ L4/ L3/ A6\ A5/
LoopTrax_6469474 * vs. DINGEROO : @0/ B1\ B2\ C1+ D1/ B0\ E2/ @2+ F3\ G3\ D4\
LoopTrax_6474649 ypercube vs. Traxplayer : @0+ A0\ A3/ @2\ @2\ A1\ D3/ E2\ F3/ @2+ @2\ @2\ D4+ F4+ H5+ H1+ E0+ J2+ H1/ E0/ E0/ K4\ J8+ H0+ I3+ J10\ K3/ K9+ L4\
LoopTrax_6481644 dgb vs. jaha : @0/ A0/ A0/ @1/ B0/ @2+ D3/ B3/ @3\ E1+ D0+ C0+ C0/ C0/ B2+ @7\ B3+ E1/ F1+ RESIGN
LoopTrax_6489042 medea83 vs. * : @0/ A0/ B1/ B3+ C1/ A4\ B0+ D4/ C5+ D3+ D1+ B0/ E3\ D7/ C8/ @3+ C8/ B8/ A5+ D0\ F2+ @7\ @9+ B10+
LoopTrax_6501365 * vs. DINGEROO : @0/ B1\ B2\ C2+ D2/ B0\ D0+ E1/ @2/ F0+ G3+ @3+ H5\ I4/ G6/
LoopTrax_6501559 Dragon101 vs. medea83 : @0/ A2\ B1/ B0/ @2/ B0+ B0/ C0\ A2+ @2\ E4/ F1+ C0/ F6\ G3/ E7\
LoopTrax_6523235 dgb vs. Traxplayer : @0/ @1/ @1/ C0+ @2+ C0+ @1/ D0/ A4+ @3/ @4\ D1+ D0/ D0/ E0\ B8+ @7\ B9+ C5+ B4+ C3+ @7+ A5+ B3+ C2/ @3\ A2\ D1+ C0+ F1+ @1\ C0+ A6+ @2+ C7+
LoopTrax_6531919 Traxplayer vs. jaha : @0/ A0/ @1/ B0+ @2/ D2\ E2\ B3+ B4/ B5/ @1\ A0+ @3/ A4+ @2\ A1\ A0+ @4+ D8/ C8+ E9\ F9\ G6+ H7+ H5+ D10+ E11+ C9+ RESIGN
LoopTrax_6541478 Lorraine of the Renegades vs. * : @0/ B1\ A2/ A0/ A4\ B4\ B5\ C3/ B6\ D2\ @5/ E7\ @4\ G6\
LoopTrax_6552124 medea83 vs. ypercube : @0/ @1/ A2\ C1\ B2+ B3\ C3\ C4\ RESIGN
LoopTrax_6566175 dgb vs. Rogue Trooper : @0/ @1/ A0/ A0+ @1\ C1/ B0\ @3+ D0/ E3/ C0\ B3\ C7/ E1\ F1\ E6+ @7/ A8\
LoopTrax_6569687 medea83 vs. Chad : @0/ @1+ A0+ @2/ @2/ C3+ A4/ @3\ E0\ B6/ C7/ C8+ D6/ B8\ E0\ A9\ @5\ D1\ A8/ E0\
LoopTrax_6569911 ypercube vs. dgb : @0+ A0+ B2+ A0\ A4/ C3/ C2/ @4/ A5/ @5/ D0+ F2\ G3+ H3/ I3/ H4+ G2+ F0+ E0/ C9+ E7+ F8+ A5+ @8+ E1\ F0/ D11/ C3+ A11/ A12/ @8+ A11+ A5\ @5\ M5/ M4/ B3+ C1+ H0/ K11\ I12/ L10\
LoopTrax_6571136 Traxplayer vs. Dragon101 : @0/ A0/ @2/ B0/ @1+ C0/ D1/ A0+ B0+ E3/ @6/ C7/ A2\ B8/ B1+
LoopTrax_6581640 Lorraine of the Renegades vs. jazzbeth : @0/ @1/ C1/ A0/ @1\ B0/ A4/ @2+ E4\ C5/
LoopTrax_6586156 Dragon101 vs. DINGEROO : @0/ B1\ A2/ A0+ @2+ A0+ A0/ @1\ B0/ A1+ C2+ @2+ E2\ F4/ B5\
LoopTrax_6587558 Chad vs. Traxplayer : @0/ @1/
LoopTrax_6601007 Chad vs. * : @0/ A0/ @1/ A0/ C2/ C4+ D4\ E4+ C5+ C1/ E0/ F3+ A1+ C0/
LoopTrax_6601431 medea83 vs. jazzbeth : @0/ @1/ @1/ A0/ @2/ D1/ D3+ E2/ B4\ @2/ B5+ G3+ D0+ D0/ E0\ C2+ B1+ D0/ F8+ D8\ E9+ G5+ G4\ H4+ C10/ F2+ C0+ @3+ A2\ @2\ A1\ A0+ @1\ B8/ B9\
LoopTrax_6617684 JiffyJeff vs. Rogue Trooper : @0/ @1/ C1/ C2+ A0/ @1+ C4\ D1/ RESIGN
LoopTrax_6622828 Rogue Trooper vs. Traxplayer : @0+ B1+ @1+ B0+ @2+ C0+ A2+ B4+ B5/ A5/ @5/ @3+ B6/ @4+ D1/ G1/ D0/ E8+ F6/ A8/ C9/
LoopTrax_6622867 JiffyJeff vs. Dragon101 : @0/ A0/ B2/ B1/ C2\ A3+ A0+ @4\ B0/ B0/ B0/ B0/ D3+ A1\ @2+
LoopTrax_6626457 1926 vs. ypercube : @0+ A0+ B1/ @1\ C0/ D1/ D0/ @3\ A0/ E5\ F5\ A5/ D6\ @5\
LoopTrax_6626458 ypercube vs. 1926 : @0/ A2\ B1/ @2\ B3\ @3\ E1/ C4/ D4\ C5/ E4\ A2+ E3+ F2/ D0+
LoopTrax_6626459 1926 vs. Riika : @0/ A0/ @2\ B0\ A1\ @1+ A0\ B1+ @1/ E1/ E0/ E5\ F4\ E6/
LoopTrax_6626460 Riika vs. 1926 : @0/ B1\ B2\ A2+ A3+ @3/ @3/ E2\ C4/ B2\ E4\ D5\ F4/
LoopTrax_6626461 1926 vs. dgb : @0+ A2+ A3\ A0\ B2/ C1\ B4/ D1\ @1\ D0+ A4/ @1/ D0/ F6\ E7\ G5\
LoopTrax_6626462 dgb vs. 1926 : @0+ @1/ C1/ C0\ B3+ B4+ @3/ A4/ @4/ A5/ A2\ B1\ @3\
LoopTrax_6626465 ypercube vs. Riika : @0/ A0+ A0+ A0/ B2/ @3+ B0+ D3/ D2/ A1\ D0/ E1/ A1\ A0\ @3+
LoopTrax_6626466 Riika vs. ypercube : @0+ B1+ B2/ B0/ B0/ C1+ B5/ D3/ E3/ C4+ @5/ A6/ C6+ E1/ G3/ A3+ @6+ G0+ B3\ D1+ @5+
LoopTrax_6626467 ypercube vs. dgb : @0/ A0/ B2/ B3+ C2\ B4/ @3\ @3\ @4\ D5+ F4/ D0+ G4\ A2+ B0/ B0+ H5/ E4/ D2/ F3+ E1+ H4+ G2+ G0/ H1/ I4+ J3+ F0\ E2+ I1+ I8\ I9\ J6+
LoopTrax_6626468 dgb vs. ypercube : @0/ @1/ @1/ D1/ B0\ @2+ A1+ @1\ A0\ @2/ A3/ RESIGN
LoopTrax_6626469 ypercube vs. medea83 : @0/ B1\ B2\ C2\ C3\ A3/ B4\ @3+ C0\ E2+ @2+ B0+ @4\ C0\ H5/ H7\ I7+ I5/ J5/ K4\ F2+ E1/ B0/ @6\ J4+ K9/ L3/ M3/ K2\ RESIGN
LoopTrax_6626470 medea83 vs. ypercube : @0/ @1/ A0/ @2/ @1+ B0\ @3\ @3\ B1+ E0/ F2\ @4\ B5/ A1\ @1\ F0\ RESIGN
LoopTrax_6626471 Riika vs. dgb : @0+ A2+ B2+ A0\ C3\ C4\ C5\ A4+ @2/ @1\ B0/ @3/ A4/ A5+ F7\ @5\
LoopTrax_6626472 dgb vs. Riika : @0+ A0+ B2\ C2+ A3/ @1\ B4\ @1\ D1+ D0\ C0/ E2+ C0/ F2+ @1+ D0+ C6+ G5+ A6/ @3\ B7\
LoopTrax_6626473 Riika vs. medea83 : @0+ @1/ C1/ C0\ D2/ D0/ E1/ F1/ G1+ F0\ C1+ C5\ G3\ H3\ I2/ I1/ E0+ H6\ I6\ J6\ K6+ J7/ G1/ H0\ C8+ E1\ D0/ L7\ E10+ M5+ M3+ N7\ N8\ L9/ L10/ J11/ H1+ E0\ M2/ N5\ L1/
LoopTrax_6626474 medea83 vs. Riika : @0/ @1/ A2\ C1\ B2+ A0+ @3\ D3+ D4\ B4+ @3\ A0/ E6\ F4/ A6/ E7\ @5/
LoopTrax_6626475 dgb vs. medea83 : @0/ B1\ A2/ @2/ B0+ @3/ C4\ D4\ D5\ E5\ @1+ D0\ A6/ @5/ C7/
LoopTrax_6626476 medea83 vs. dgb : @0/ A0/ B2/ B3+ C3\ D3/ B1+ C4+ @1/ F3\ F4\ G4\ D5\ G2/ F1/ H2\
LoopTrax_6631758 jaha vs. Chad : @0/ @1/ A0/ A3\ C2/ A0/ @2+ B0/ C3+ E4/ B0+ @5\ B6+ A7\ @5\ @7+ B8/ B9/ A9/ @9/ @8+ I3+ K3+ @8\ @8\ B9+ @8+ H3+ G2+ J0/ J0/ @10\ @10\ B11+ A12\ E12+ K10+ E8+ M9+ @10+ C9+ A13/ @11+ G13\ E14+ G7/ I6+ I12+
LoopTrax_6632021 Dragon101 vs. jazzbeth : @0/ @1/ A2/ C2/ D2/ E2+ D1+ A3+ C4+ C5/ C6/ C7/ C0/ A7+ F3\ @5+ A3+ D9/ E6+ A9/ @2/ C10/
LoopTrax_6636281 Traxplayer vs. dgb : @0/ A0/ @1/ A0+ C3/ D3+ D4+ E4\ C5/ D5+ F4\ E6/ G5+ H5/ C2/ B0/ B0/ C9/ B8\ A5/ @6\ G9+ RESIGN
LoopTrax_6636315 ypercube vs. thebodywall : @0+ @1+ C1+ B0+ D2+ A1\ A3/ @3/ A4/ @4/ D4\ E5/ A0\ @3+ E1/ F1\
LoopTrax_6637664 Rogue Trooper vs. golfnutrof : @0+ A0/ B1\ B2\ @1/ B0/ @1+ C0/ E4\ C5/ C6/ A6+ @6\ E7+ G7+ H6\ D0/ F9/
LoopTrax_6641981 thebodywall vs. * : @0/ A0/ @2/ B3\ C2/ A0+ @4\ @3/ E1/ C0/ F4\ E5+ E6\ F6\ G6+ E7+ H4/ F3+ @2+ A1\ D0/ B1/ A0\ @1\ F1/ G2\ C0/ D1/ A7/ A8/ A9/ C10+ @6\ @7+
LoopTrax_6653726 golfnutrof vs. Traxplayer : @0/ @1/ B2/ C2/ @1/ C0+ A0+ @3/ A4/ @4/ A5/ @2+ @4+ B6+ D0/ A2+ @7+ D7+ D8/ A1/ A0+ A4+ @7/ @8\ C0/ B1/ E0+ A4/ B5+ @3\ A2\ D1+ I1+ RESIGN
LoopTrax_6664046 Dragon101 vs. Rogue Trooper : @0/ A0/ B1/ B3/
LoopTrax_6679422 Rogue Trooper vs. JiffyJeff : @0+ A2/ @2\ A3/ @3/ B4/ C3+ @3/ B4/ C1\ B1\ B0\ B0+ A3+ @5/ F2\ F0+ G4/ H4/ D0+ C1\ B1+ A3/
LoopTrax_6691770 DINGEROO vs. ypercube : @0+ A2+ A0/ A4+ A5\ @2+ C3+ C5\ D3+ D2+ D6\ E3\ F5+ A4\
LoopTrax_6699145 Lorraine of the Renegades vs. Dragon101 : @0/ A0/ A3/ A4/ B4\ B5/
LoopTrax_6699239 jazzbeth vs. Rogue Trooper : @0/ A0/ B2/ B3/ C3/ @2+ C1/ @2/ D4\ C3/ B4+ D0+ E3+ A1\ C0+ @3/
LoopTrax_6706164 Traxplayer vs. ypercube : @0/ @1/ B0/ C2/ B0\ @2+ A1\ @1\ D0+ D0\ @3\ @3+ D0+ E7/ G8+ H7\ I6\ F9+ D8+ J6\ C6+ I5+ K6/ J4\ I3/ I2/ K7/ I8\ I9\ A1\ C0+ E11\ E12+ G5+ RESIGN
LoopTrax_6720652 jaha vs. Dragon101 : @0/ A0/ B2/ B1/ @1+ C0/ A4\ D2+ E4\ C5+ B6\ A5+ @6\ @4+ @5\ D7+ F0/ H2+ F0/ F0/ C1\ B0/ A3+
LoopTrax_6738368 medea83 vs. ypercube : @0/ @1/ @1/ @1/ C0+ D3+ C4+ @3+ C0/ F3+ G3/ D0\ E2+ C0/ D0\ F1+ F0/ G1/ G0/ G5\ H4\ F6\
LoopTrax_6752570 Chad vs. Rogue Trooper : @0/ A0/ @1/ @1/ B0\ A1\ @2/ B0+ E2\ E0+ F2/ C0\ B1\ G3/ G2/ G1/ G0+ H5\ H6\ E0+ C2+ C1/ I3+ I2/ I1+ F0/
LoopTrax_6753615 golfnutrof vs. Traxplayer : @0/ @1/ B0/ @1+ C0/ D1/ A0+ @3/ B5+ F4+ F5\ G5\ D6+ G2/ H3/ A1\ G1/ @2/
LoopTrax_6758663 Traxplayer vs. Rogue Trooper : @0/ A0/ @1/ B0/ @1/ A2/ D1+ D0/ C1+ C5/ E1/ E3+ D0+ A5/ @5/ A6/ @6/ D7+ G8+ H8\ E9/ C8+ H9\ G10/
LoopTrax_6758699 JiffyJeff vs. ypercube : @0/ B1/ B0\ B3/ A1\ @1\ D1/ B0+ C5/ @2/ A3/ @3/ RESIGN
LoopTrax_6765718 golfnutrof vs. ypercube : @0/ @1/ A0/ @2/ C3/ D2/ D1/ E1/ E0/ F1/ C5/ E0+ B6+ G4+ C7/ H7+ E8+ H2/ D9\ G1/
LoopTrax_6765783 ypercube vs. jazzbeth : @0+ B1/ @1+ B0/ @2+ C3/ B4\ D3+ B1+ E2/ D1/ D0/ D0+ E3+ A6/ A7/ D7/ C0/ A2+ F5+ @2\ A0+ A6+ B10\ A5+
LoopTrax_6771850 JiffyJeff vs. Traxplayer : @0/ @1+ C1/ B2/ C0/ D1/ B0\ E4+ C5/ C6+ RESIGN
LoopTrax_6778812 ypercube vs. Traxplayer : @0+ A0+ B1+ B0+ C1+ B0/ A5/ @5/ E2/ E3/ E0+ D0/ D0/ D0/ B5+ @8/ G3+ D1+ B6\ @7\ I1/ I0+ J2\ I0/ C6+ C5+ B5\ K3\ H7\ H10/ I6+ J4+ L3+ L2+ M2/ M1/ I10+ J6\ G10/ RESIGN
LoopTrax_6782650 Rogue Trooper vs. JiffyJeff : @0+ A2/ @2\ C2\ B3/ B4/ @4+ A1/ C5/ D3+ @4/ B6/ D6+ B7/ A7/ @4/ C8+ G5+ G7+ G3/ H3/ D9/ H5/ I5/ J5/ A6+ K4\ I3/ C0/ @5/ C4\ @6/ I2+ L2\ J7+
LoopTrax_6782669 golfnutrof vs. Traxplayer : @0/ @1/ A0/ @1/ A0/ @1/ B0/ A0/ D4+ C6\ D3+ E5\ E6\ C1/ D1/ E1+ C0+ F7\ D8/ G6/ F5\ B7+ A6/ E9+ @7/ A8/ D9+ C10+ E10\ @7\ A6\ A10/ D0\ C1\ B1\ A1+ RESIGN
LoopTrax_6782755 ypercube vs. dgb : @0/ @1/ B2/ C2+ D2\ C3/ E3/ D1+ B0+ D5+ @1\ B0/ RESIGN
LoopTrax_6788289 Dania59 vs. ypercube : @0/ @1/ B0/ @1/ A2+ @2\ D0/ E1/ C0\ A1\ @2/ D0+
LoopTrax_6788290 ypercube vs. Dania59 : @0+ @1/ C1+ D1\ B0/ B3/ C0\ E3+ A1\ RESIGN
LoopTrax_6791650 dgb vs. Chad : @0/ @1/ @1/ C0\ A3+ B4+ B5/ @3/ D0\ C2+ E1/ C0/ E5+ F4\ E7\ F7\ D8/
LoopTrax_6791769 Rogue Trooper vs. ypercube : @0+ A0+ @2+ B0+ B0\ B5+ C2+ C5+ D2+ A1+ A0\ D6\ @5/ A1+ @2\ @2\ D6+ C0/ H7/ G6+ D0\ A5/ @4/
LoopTrax_6803622 Traxplayer vs. ypercube : @0/ @1/ @1/ D1/ D2+ D0/ E1/ B4+ @3\ B0+ D6/ D7/ @5/ A6+ @4\ A3\ A0+ @4\ D0/ F2+ @7+ B8/ @5\ A4\ B1+ B0/ E10+ F10/
LoopTrax_6805004 Lorraine of the Renegades vs. jazzbeth : @0/ @1/ B2/ C2/ C3/ A0/ C5\ D4/ @1\ B0/ A4/ @2+ G5/ G6+ G7\ H6/ I6/ I5/ G4\ E7/ J4/ F8\
LoopTrax_6805196 golfnutrof vs. Dragon101 : @0/ A0/ B2/ B1/ @1/ @1/ A0/ @1/ A0/ E2/ E1/ B4/ E0/ F1/ C0+ A5+ G4+ F7+ @5/ @5/ F0\ J4\ H9/ E0+ I2/ G1+ J3+ K2\ J9+ K8+ L4+ K1/ H0\ L3/
LoopTrax_6810948 Chad vs. jaha : @0/ A0/ B2/ @2\ C3\ D3\ B0+ A1\ @2+ B4+ B5/ D2/ C6/ D7+ F5/ G6+ E8/ @3\ B6\ B7+ @4+ G9/ I10+ J7+ H11/ H12/ I12/ G11+ F10+ G3+ J5\ K6/ I4+ L4+ L3/ L2+ M4+ J1\ I1+ RESIGN
LoopTrax_6811178 medea83 vs. Dragon101 : @0/ A0/ @2/ @1/ C0+ D1+ D0\ B1+ D0\ E3\ E2+ C0/ A2+ F4+ F2+ @3+ @5/ C6/ G0+ I1/ G0/ G0/ A6\ @5/ G2+ K3+ J7/ I8\ H8+ G0+ F1\ G0/ I2+ E3/ E4/ G0/ E2+ D5+ C6\ B7+ I0+ J3\ L6\ K10/ K11+
LoopTrax_6821230 Traxplayer vs. ypercube : @0/ @1/ B0+ B0/ B0/ @3/ B1+ D1/ C0\ C0\ B1\ A4\ @4\ F1/ RESIGN
LoopTrax_6822558 * vs. DINGEROO : @0/ B1\ B2\ C1+ D2\ D3\ A0\ @2/ B3/ B4/ E5\ F3/ F2/ F1/ D5/ D6/ D7/ B0/ C1/ @3\ A2\ @2\ A1\ C0\ I5+ F1/ G2+ J7\ G9\ F10/ J9+ J10\ F11/ J3/ I2/
LoopTrax_6822692 Rogue Trooper vs. kidgame2001 : @0+ B1\ @1+ @1/ D2\ B2+ B3/ A4/ @2\ C0/ C0/ F4\ F6+ B7/ A2/ B0\ A1\ @1\ A6/ A7/ @5\
LoopTrax_6822773 thebodywall vs. ypercube : @0+ A0+ A0+ A0+ A0+ A0+ A0+ A0+ A0+ A0+ A0+ A0+ A13+ A14+ A15+ A0+ A0+ A0+ A0+ A0+ A0+ B11+ C11+ @10+ A12\ @12\ A9\ @9\ F10\ E13+ C8+ B13/ A14\ F13\ E15/ G12/
LoopTrax_6842107 * vs. ozallan : @0/ B1+ C1/ B0/ B0/ C2+ A1\ A4/ @3\
LoopTrax_6848694 * vs. Lorraine of the Renegades : @0/ B1\ B2\ A0/ C2+ D1\ E2/ @1\ B0/ D5/ B0/ G4+ E0+ G2/ A3+ @4/ B1\ C6+ C0/
LoopTrax_6850590 dgb vs. ypercube : @0/ @1/ @1/ C2/ D1\ C3/ C4+ C5\ D2+
LoopTrax_6850595 jazzbeth vs. Traxplayer : @0/ @1/ B2/ C2/ C3/ D3/ D4/ E4/ E5/ F5/ F6/ G6/ G7/ H7/ H8/ I8/ I9/ J9/ J10/ K10/ K11/ L11/ L12/ M12/ M13/ N13/ N14/ O14/ O15/ P15/ P16/ Q16/ Q17/ R17/ R18/ S18/ S19/ T19/ T20/ U20/ U21/ V21/ V22/ W22/ W23/ X23/ X24/ Y24/ Y25/ Z25/ Z26/ AA25/ AA27/ AB27/ AB28/ AC28/ AC29/ AD29/ AD30/ AE30/ AE31/ AF31/ AF32/ AG32/ AG33/ AH33/ AH34/ AI34/ AI35/ AJ34/ AJ36/ AK36/ AK37/ AL37/ AL38/ AM38/ AM39/ AN38/ AN40/ AO40/ AO41/ AP41/ AP42/ AQ42/ AQ43/ AR42/ A0/ @1/ A0/ @2/ A0/ @3+ A0/ @3+ B0/ @3+ C0+ @3+ B0+ @3+ A0/ C1/ F9\ @1+ F2+ C6/ B6/ A6+ @5/ C7/
LoopTrax_6855227 Traxplayer vs. JiffyJeff : @0/ @1/ A0/ A0/ A4/ C4/ @3+ C2/ A0\ RESIGN
LoopTrax_6861820 Rogue Trooper vs. Traxplayer : @0+ A0+ B2+ A3+ C2+ A0+ @4+ B5+ @4+ B1/ D1/ D0/ E1/ A2/ D0+ F2+ B2+ @3+ B1+ E0/ G2+ H6+ G7/ I4/ I3/ J3/ J2/ G8/ A7/ A8/ @5+ E9+ D9+
LoopTrax_6862063 ypercube vs. Traxplayer : @0+ A0+ A0+ A0+ A0+ A6+ A0+ A0+ A0+ A0+ A0+ A0+ A0+ A0+ A0+ A16+ A0+ A0+ A0+ A20+ A0+ A0+ A0+ A0\ A25/ B1/ B0/ B26\ B27\ B23/ @24\ D22\ @23\ B22+ D21+ F21\ B21\ A20/ E20\ E19+ E24+ E26/
LoopTrax_6862064 Traxplayer vs. ypercube : @0/ A0/ A0/ A4/ @2\ @4\ B5+ D4/ @4/ A3/ @4+ @4\ C2+ A1/ G1/ E6/ D1/ G0/ H4+ H6+ I2/ A6\ RESIGN
LoopTrax_6869667 ypercube vs. Traxplayer : @0/ @1/ B2/ C2/ B0/ @1/ C4/ D1/ B3/ C0/ C0/ D2/ A0+ @4+ @3+ G7+ F8\ H3/ H2/ @2/ C0\ @2\ C1+ C0/ B6/ RESIGN
LoopTrax_6869668 Traxplayer vs. ypercube : @0/ @1/ A0/ C2/ @2\ B0/ A2+ B0/ C3+ E4/ D5+ F4/ F2/ E1+
LoopTrax_6883345 dgb vs. Traxplayer : @0+ A0+ B2+ A3+ C2+ A4+ @3\ @3\ B4+ B5/ B6/ D3+ F2/ D4+ A1+ @5+ F1+ D5+ C7/ @6+ F0/ H4/ B2\ A2\ B1/ D1+
LoopTrax_6883818 ypercube vs. Traxplayer : @0+ B1/ C1/ A0+ @1\ A0\ A3/ @3+ A1\ @1\ A0\ @1\ F5/ F6/ F2+ F0+ A6/ RESIGN
LoopTrax_6883819 Traxplayer vs. ypercube : @0/ @1/ C1/ A0/ @2\ B3/ D4+ E3\ F2\ C5+ A4+ G2\ C1+ @2+ C6/ C7/ B6+ A7\ @3+ C8\ B1\ D0/ D0/ B0+ A4\ F3+ E1+ @5+ @6\ C11/ C12+ B10\ C9+ A7/
LoopTrax_6886113 ypercube vs. DINGEROO : @0+ A2\ A0/ B1/ B0/ C1/ @4\ E2+ E5+ F5\ A1\ A0\ @4\
LoopTrax_6895042 Rogue Trooper vs. jaha : @0+ A0/ @1/ B3/ @2\ D1\ D2\ C4/ @4+ B5/ B6/ A6/ @6/ G1/ F0/
LoopTrax_6902014 Traxplayer vs. JiffyJeff : @0/ A0/ @1/ @1/ D1/ D3/ C0+ A3/ @3/ D4+ A0+ @3/ @3+ RESIGN
LoopTrax_6909084 dgb vs. Traxplayer : @0+ A0/ @1/ B0/ C1/ C0/ D4+ E3+ D5+ E5\ F2+ A0+ @4+ @3+ @1/ F0/ G1/ J1+ H0\ E0+ D1+ D0\ A7\
LoopTrax_6909085 Traxplayer vs. dgb : @0/ A0/ @1/ A0+ C3/ D3+ D4+ E4\ E5\ C5+ A4+ @4\ F6\ C6+ G4+ F3/ @4\ C0/ E2+ F2/ I7\ I8\ I9\ J6+ H9/ J10/ C8+ H3+ I4\
LoopTrax_6910535 Rogue Trooper vs. JiffyJeff : @0+ A2/ @2\ C1/ B3/ A1\ C0/ A5\ @1/ B0\ D5+ E1\ A7/ C0+
LoopTrax_6910547 * vs. jaha : @0/ A0/ @2+ C1\ D1\ B0/ B0/ E2+ @1\ A0+ C1/ A0\ D1+ A0\ @2+
LoopTrax_6914117 Rogue Trooper vs. jazzbeth : @0+ B1+ @1+ B2+ B3\ B0\ C4\ D4\ B5+ A5/ A6/ @3+ E6\ B7/ F6/
LoopTrax_6914456 dgb vs. Traxplayer : @0/ @1/ @1/ D1/ B0\ B0+ A1\ @3/ F2+ @3/ A4/ @4/ A5/ @5/ A6/ @6/ A7/ @7/ A8/ @8/ A9/ @9/ A10/ @10/ move
LoopTrax_6914457 Traxplayer vs. dgb : @0/ A0/ @1/ @1+ A0+ @1\ A0\ C1+ D5/ @1\ D4+ C5\ E6/ F6+ G5+ E7+ C0+ B6+ H4/ H3/ I5\ I6\ J6\ J7\ K7+ J2+ RESIGN
LoopTrax_6918178 JiffyJeff vs. Dragon101 : @0/ A0/ @1/ A2/ B0\
LoopTrax_6927650 ypercube vs. Traxplayer : @0/ @1/ C1/ D1/ C2/ D0/ B3/ D4+ E1+ F2+ A0\ @3+ F6+ C0+ D0+ F1+ G2+ H3+ I5/ H6+ G9+ G10/ J6/ I7+ J8+ J10+ J11/ K9+ K7/ L9\ E8/ I3/ K11+ C9+ B7\ J3/ E9\ RESIGN
LoopTrax_6927651 Traxplayer vs. ypercube : @0/ B1/ B0\ @2/ B3\ D2/ B4\ @3+ A5+ A6\ @5+ B7+ C7+ G2\ E3+ H2\ I2\ G1+ B8/ A7/ @7/ A8/ @8/ D9+ A4\ @7+ C3/
LoopTrax_6930464 Rogue Trooper vs. * : @0+ A0+ @2/ B3+ C2/ D2/ C3+ D4/ E4+ F2\ E1+ C0\ C0\ E0+ F1/ G1+ D0/ B1/ B0+ F1\ A3+
LoopTrax_6936937 kidgame2001 vs. jazzbeth : @0+ A2\ B2\ A3+ B4\ C4/
LoopTrax_6941103 Rogue Trooper vs. Traxplayer : @0+ B1/ B0/ B0+ C3\ B4/ D3+ A0/ @4/ @5\ B3+ A2+ C6+ @6/ B7/
LoopTrax_6942810 Dragon101 vs. Rogue Trooper :
LoopTrax_6942824 * vs. Dragon101 : @0/
LoopTrax_6942850 ypercube vs. JiffyJeff : @0/ A0/ B2/ @2\ B0/ A4/ @3\ E3/ E2/ B5/ C4+ C6/ D5+ B6/ A6+ @3\ A6/ A5+ @5\ F7/ G6+ G1/ A7\ H1+ I4+ J6/ E7+
LoopTrax_6952098 ypercube vs. Chad : @0+ @1+ C1+ A0\ A3/ @1\ A0\ @4+ D1/ A0/ D5\
LoopTrax_6952118 DINGEROO vs. jazzbeth : @0+ A2+ A3/ A0/ @2+ A3+
LoopTrax_6952410 medea83 vs. Dragon101 : @0/ A0/ @2/
LoopTrax_6953914 * vs. Lorraine of the Renegades : @0/ A2\ B2\ @2\ C3+ B0\ C1\ D2/ B0+ A1\ @3/ E5/ F2\ B0/ @6+ C7\ D7\ B8/ G6/ H6/ I5\ H2/ F1+ C0\ B1\ A2\ @6/ E10\ F10\ G9/ H9+ K6/ J10\ I2+ I11/
LoopTrax_6961838 Rogue Trooper vs. jaha : @0+ A0/ B1\ A3/ @3/ A4+ C4\ B5+ D2/ D5/ E3+ C6+ @2\ A1\ A0\ B0+ G5/ H5/ I5/ F3+ J4\ K4+ H6+ F8+ H7/ H8/ F2/ E1+ D0/ I2+ L5/
LoopTrax_6967220 Traxplayer vs. medea83 : @0/ B1\ A2/ @2/ B0+ @3/ @3+ B0+ @3+ C5/ E6+ F6\ F7\ G7\ C7/ G8+ B7\
LoopTrax_6979580 dgb vs. jaha : @0+ A0/ @2\ B0/ C1/ B4/ B0+ D3+ C5+ C0\ B0/ A2+ E4+ E6+ @5/ @6+ F8/ RESIGN
LoopTrax_6980607 Traxplayer vs. Rogue Trooper : @0/ A0/ @1/ A0/ @1/ A0/ @1/ A0+ A0\ @3/ @2+ E3/ D1+ B0/ C0+ F5/ @3+ D6+ D7/ H8\ RESIGN
LoopTrax_7005622 Catherine vs. Chad : @0+ A0+ B2\ C2\ C1\ A0\ @1+ C4+ C5+ @1/ B0+ D7/ C6+ A4+
LoopTrax_7010112 * vs. Chad : @0/ @1+ A0+ @2/ B0\ A4\ D2\ E3/ C1/ B0\ C5/ E6+ F5+
LoopTrax_7010617 Traxplayer vs. Lorraine of the Renegades : @0+ @1/ C1/ A0/ @2/ A3/ D0/ E2\ A1\ @2/ C0/
LoopTrax_7011130 jaha vs. Rogue Trooper : @0/ A0/ B2/ B3/ @2+ B0/ A4/ C2+ @3+ E1\ F1\ G1\ C0+ F1+ H1+ E0/ E0/ B2+ E0+ G3+ A4+ B0+ A2\ @2\ A1\ A0\ B0+ A9+ @4+ B7\ A7\ @5\ @5\ B6/ J4+ L5+ G2+ J3\ K3+ J2+ H1+ G0+ I12+ M9/ N8\ O8\ J11+ O7/ P8\ L10+ K12/
LoopTrax_7011697 Catherine vs. Chad : @0/ A0/ B1+ B3/ @1/ D1/ D3/ E2+ D4\ E3+ E4\ E5+ F4/ B5/ C6\ C0\ C0\ A5+
LoopTrax_7013134 Catherine vs. Chad : @0+ A0+ B2\ C2\ C1\ A0+ D2/ C1\ A0\ B5+ B6\ D5+ D2+ @1+ B0/ D8/ B8\ A7/ B9\ F5+ @9/ B5\
LoopTrax_7016937 Catherine vs. Chad : @0+ A0+ A3\ A0\ @2\ B0\ A2\ @2\ D1/ D0/ D6+ E2+ B5+ D0\ C1\ B1+ B0\ F4\
LoopTrax_7019942 Chad vs. Catherine : @0/ @1+ C1+ B2/ D2/ D3/ E2/ C3+ C0/
LoopTrax_7020319 Catherine vs. Chad : @0/ @1/ A2/ B3+ C1/ C0/ D4+ D5\ E4\ E2+ F4+ E0/ F1/ A1+ F4/ @2+
LoopTrax_7023872 * vs. medea83 : @0/ B1\ A2/ @2/ A0+ @3/ C0\ D1\ @4+ D5+ E5\ B1+ F5\ F6\ E7+ B0\ @3+
LoopTrax_7024380 Chad vs. Catherine : @0/ B1\ B2\ A2+ A3/ C2+ B4/ C3+ @3\ A2\ A4/ @4/ D0\ D6\ E0/ F2\ B1\ A1\ D0\
LoopTrax_7024868 Rogue Trooper vs. JiffyJeff : @0+ A2/ B2/ @2+ C3+ D2\ E2\ F2\ F3\ C4/ F1+ RESIGN
LoopTrax_7024961 ypercube vs. dgb : @0+ A2+ A3+ A4+ A5+ B5+ A0+ B3+ @4+ B7/ B8/ C7+ D6/ A2\ C1/ D1+ RESIGN
LoopTrax_7026415 Catherine vs. Chad : @0/ A0/ B2/ @2\ B3+ D2\ B0/ A4+ @4/ @3/ B5/ C6/ D6+ D7\ D8+ B8+ A4+ D9\ @4\ F8+ F10/ F7+
LoopTrax_7030575 Catherine vs. Chad : @0/ @1/ @1/ A0+ C0\ C0\ D3/ E3/ F3/ B1+ B0\ C6+ F5\ G5\ D6\ @5\ B7/ A7/ @7/ A8/ @6\ D1\ C2\ E9\ F7+ @6+ A5\ A4+ @5/ B9/ C10/ A8/
LoopTrax_7032263 Chad vs. Catherine : @0/ A0\ @1/
LoopTrax_7033567 Catherine vs. Chad : @0/ @1/ A0/ @1/ A2+ @1/ C0/ A4\ B5/ D1\ E2\ D4+ D5/ A6\ @2/ E6/ D7\ D8\ A7/ @7/ G6/ A2/ @6\ E0+
LoopTrax_7034304 Rogue Trooper vs. Traxplayer : @0+ A0+ @2+ B3+ A3+ A4+ C2/ @2\ A1\ @1\ D0+ F2\ A4\ C6+ E4+ F1/ G1/ G3+ F0+ @3+ F0/ G7/ I5+ H8+ E0\ D3+ C2+ I8+
LoopTrax_7034305 Traxplayer vs. Rogue Trooper : @0/ A0/ @2/ @1/ C0+ D1/ C4/ B4/ E1/ @2/ A0+ @3/ C0+ G2/ B5+ H3+ @2+ H4+
LoopTrax_7034310 Catherine vs. Chad : @0+ A2+ B1/ A0+ @2/ B4+ C3\ D1\ D0\ @3/ B5/ C6/ F1/ E0\ G3\ G4\ G5+ H3+ E7/ H1/ G0/ I2\
LoopTrax_7036089 Chad vs. medea83 : @0/ A2\ B2\ B3\ A4+ @1/ @2\ @3+ D5\ F4/ F1\ F6\ G4/ H4/ G6+ E7/ D7/ C7/ C8/ B6\ @5/ B6+ H8\ J3\ G9\
LoopTrax_7037232 Catherine vs. Chad : @0+ A0+ B1/ A3+ B3\ C2\ C3+ D1/ C0\ D4\ E3/ B5\ @5\ @4/ A3/ B6+ @5/ G6\ H5/ E7\
LoopTrax_7037269 Catherine vs. Chad : @0/ A0/ B1+ C1/ B0/ A4/ C3+ D2/ C5\ D5\ E3/ B6+ @6/ C7/ D7+ G3+ G2/ H2/ G6/ G1+
LoopTrax_7037387 Lorraine of the Renegades vs. * : @0/ A0/ A0/ B2+ C3\ C4\ A0\ @4+ B5\ D2\ E3/ E4+ @2/ G3/ A1\ @1+ F6/ G1+ F7\ D0/
LoopTrax_7037566 Traxplayer vs. ypercube : @0/ @1/ A0/ @2/ A3+ @3/ B0/ E3/ A5+ B6/ C5+ F4+ G3\ H4/ I3\ C7/ D6+ A7/ @6\ H5+ @6/ B7+ B8/ A8/ A9/ @6+ C10\ D10+ G8\ H7+ @7+ N5\ L6+ D11\ E8+ G9+ J2/ C5+ D4+ J1+ I1\ L2+ O5+ E3+ D2+ D0+ C2\ H1/ E0+ A7\ A6/
LoopTrax_7037945 Catherine vs. Chad : @0/ A0/ @2/ A0/ C2+ D2/ E2/ B4+ C5/ C6/ A6\ D4/ C1\ E6+ F4\ D7+
LoopTrax_7038630 Catherine vs. Chad : @0+ A0\ A0\ A4\ B3\ C3+ C2\ D3\ D2+ D1/ C0/ E3+
LoopTrax_7039392 Catherine vs. Chad : @0+ A0+ B1+ C1\ @2/ B0\ A2\ @3/ A4/ F2\ D4+ F1/ G2\ D0+
LoopTrax_7039474 Catherine vs. Chad : @0/ A0/ B2/ B3/ @1/ D2\ C4/ C5+ D3\ D1/ E1/ B4/ D5\ F1+ E0\ A5\ B1\ B0+ C2/ B0+ A1\ @4/ D1\ H4/ B2/ A1\ F7/ @1/ B2+ A3+
LoopTrax_7041703 Catherine vs. Chad : @0/ B1\ A2/ A0/ B3\ B4\ A4+ C4/ @3\ @3\ F4/ F5/ F6/ A4/ B5/ @3/
LoopTrax_7042975 Catherine vs. Chad : @0/ A0/ A3/ @1\ B0/ C1/ @4/ B5\ C6/ C0+ B2\ C0/ E2\ D0+ D0\ C2\ B2\ @7/ @7/ A8/ D4\ C2\ @4\ A2\ B1/ @4+
LoopTrax_7049844 dgb vs. Chad : @0+ A0+ B2\ C2\ @2\ B0+ @2\ B1+ B0\ A1\ A0\ @3/ C6/ B6/ A5/ @4/ D0/ E2\ A1\ D0/ @3\
LoopTrax_7050076 medea83 vs. jazzbeth : @0/ B1/ A0\ @2/ D1\ C0/ A2+ A4\ B0\ A2+ @5\ @3+ @4\ B5+ A6\ C2+ D7\ G5\ H4/ F0+ F0\ G4+ G3+ @7+ B9+ E10+ D11+ C12+ C13\ F9\ G10/ F11+ I7\ J6+ J8\ H10+ K6\
LoopTrax_7050696 Catherine vs. Chad : @0/ @1/ A2+ A3/ @2/ D2/ D3/ E2/ E1/ @2/ A1/ @2/ A0/ E1+ A4/ A5+ B6/ E0/ @3+ A1\ @2/ E1+ D0/ G1\
LoopTrax_7051859 Catherine vs. Chad : @0/ @1/ B0+ A3\ C1/ B0/ A5\ A6\ @6\ C5+ D4\ E4\ D6+ @6\ C7+ E7/ D8\ G6+ G7\ D9\ H7/ A5+ @6/ I5\ D8+ H3+ C3\ B8+ A8/ A9/ C10+ @8+
LoopTrax_7057668 Traxplayer vs. ypercube : @0/ @1/ B0/ @1/ C0+ D1/ D2+ E2/ D0/ B1+ @1+ E0+ @3/ @3/ B2+ F6+ H5+ I6/ F7/ F8/ G7+ H8+ C5/ B5+ I3/ J6/ D6+
LoopTrax_7063393 Rogue Trooper vs. kidgame2001 : @0+ B1\ @1+ @1/ A2/ B0/ B4+ C4\ C5\ D5\ B0/ E5+ A1\ A0\ @4\
LoopTrax_7077885 Rogue Trooper vs. Traxplayer : @0+ A0\ @1/ B3\ C3\ D2\ C1+ B0+ B0\ E4+ D2+ B0\ E6\ A2+ @2/ @3\ B1+ C0+ H7\ I7\ B5+ @4\ B1+ @5/ C6+ A1+ @1/ C0+ E1/ B0/ B0/ F2+ B0/ A1+ @3+ H2\ I5+
LoopTrax_7077886 Traxplayer vs. Rogue Trooper : @0/ A0/ @1/ B0/ C1+ B4/ D1/ D2+ @1/ E0+ B4/ A3/ C1+ C0+ F3+ F5+ G3\ F7+ @2+ A1\ @1\ B0+
LoopTrax_7081375 Chad vs. medea83 : @0/ B1\ B2\ C2\ D1+ A0/ E2\ D4/ C5\ F4+ B0+ E2+ B0/ B0/ A2+ @3\ F0+ G1/ B1\ E0/ A2/
LoopTrax_7089570 jaha vs. Chad : @0/ @1/ A0/ @1/ B3+ D2/ D1/ E2\ A3\ D0+ E1/ F3+ @1/ A0\ @1\ B5\ A5\ @2+ E0+ B0+ A2\ @3\ A5+ @6\ E0+ E0/ D2+ C2\ B2+ A3\ @3/ E10+ I10+ H11\ H1+ @3/ B2+ @2/ D6+ C4+ C6\ A4\ D1+ H0\ F2+
LoopTrax_7089719 * vs. medea83 : @0+ B1/ B2\ C1/ B0/ A3/ A4/ A5/ B5+ @4+ D3+ E4/ E5/ E6/ E7/ E8/ F2/ E1\ E0\ A2+ C8+ B8/ F5+ D0/ F3/ G3/ C11+ A10\ @10\ I6+ H8+ G1/ G0/ A8+ @8\ J11\ H12+ H13/ A12/ @8+ C13/
LoopTrax_7092368 DINGEROO vs. jazzbeth :
LoopTrax_7094943 Rogue Trooper vs. Traxplayer : @0+ A0+ B2+ B3/ @3+ B0\ A1\ B5+ @3/ @4\ E1\ A5/ C6/
LoopTrax_7094944 Traxplayer vs. Rogue Trooper : @0/ A0/ @2/ A0/ @3+ @3+ E3/ B4/ B5/ D1+ @4/ D4+ G4/ B1+ D0/ G4/ C7+ F3/ G2\ H3/ G1+ D0/ I6+ H7+
LoopTrax_7100135 Lorraine of the Renegades vs. Traxplayer : @0/ @1/ A2\ C1\ C2\ D2\ B3/ D0/ E2\ A1\ @2/ C0/
LoopTrax_7104515 * vs. Chad : @0/ A0/ B2/ B3+ C3\ A4\ @3\ @3+ D1/ C0+ C0/ F4+ G5/ F6+ G7/ E8+ F2\ G3+ H3/ H6+ I3/ I1+ E0/
LoopTrax_7104660 Traxplayer vs. Rogue Trooper : @0/ A0/ @2/ A0/ @3+ A4/ D3/ D2/ A5/ B4+ B6/ B7/ C5+ E3+ @1\ C0+ A6+ @2\ E1/ H3\ C7/
LoopTrax_7104689 JiffyJeff vs. ypercube : @0/ @1/ @1/ @1/ D2/ A0+ C0+ E3/ RESIGN
LoopTrax_7104768 dgb vs. jaha : @0+ A2/ A0\ @3/ A4/ @1+ A0\ @4/ E2\ F3/ B6\ A5+ C7/ @6+ F4+ C0\ B1\ A1+ D0+ RESIGN
LoopTrax_7106941 dgb vs. Traxplayer : @0+ B1/ @1/ B0/ C3/ D2\ B0/ @4\ D5/ D6/ E4+ F5+ B2+ @3+ B1+ C0+ E3+ @3+ B1+ C0+ D1/ F2+ I7/ J7/ I8+ F9+ I6+ H10\ D0/ D0+ B10+ E11+ H6/ I6/ A7+
LoopTrax_7106942 Traxplayer vs. dgb : @0/ @1/ B0/ @1+ C0/ D1/ D0/ @4\ @4\ @4\ C2+ G5+ RESIGN
LoopTrax_7108380 ypercube vs. Chad : @0+ A0+ A0+ A0+ A0+ A6+ A0+ @7\ C6/ D5\ @6\ B4+ A4+ B2+ B1\ A1\ A0\ @4+ @3+ B6+ A6\ @5\ H5+ H4+ I6+ C0/ A2+ @2/ @3\ B1+ A4/ @4/ A7/ A1\ @7\
LoopTrax_7113988 jazzbeth vs. * : @0+ A2+ B1/ @1\ B0/ C1+ A0+ C1+ @2+ B0/ A1+ @2/ A4+ F3/ C5+ E0\ F2+ A1/ C0+ E1+ G2\ C0\ B0/ H4\ H2+ I4\ G7+ G8/ G9/ H8+ J8+ E10+ I9+ E2+ G1/ C0\ A4+ @5+ @4+ C0+ B4+ D0\ @6/ J2/ K2/ L2/ M6+ N9+ M2+ N5/
LoopTrax_7115425 ypercube vs. thebodywall : @0+ A2+ A3+ @2\ C1/ D1/ @2/ A3/ @3/ A4/ A1\ A0\ @3\
LoopTrax_7115756 dgb vs. Traxplayer : @0+ B1+ C1+ D1+ D0/ D3/ D4/ B3+ E3\ F3\ D0/ C6/ A4/ E5+ G4\ E3+ C1\ B0/ A7/ @6\ H7\ I7\ D8+ H8+ E7+
LoopTrax_7115757 Traxplayer vs. dgb : @0/ A0/ @1/ B0+ @2/ D2\ E2\ B0/ @2+ C4+ @3\ A4/ RESIGN
LoopTrax_7120868 Rogue Trooper vs. Traxplayer : @0+ A0+ @2+ B3+ @2+ D3+ E3+ C0+ B1\ D5/ C0/ D1+ B0\ A3\ @2/ E8\ F7+ G7\ G8\ H8\ E9+ I7/ G6+ D0+ E2/ C0/ @6+ B8/ K9/ @7/ A8/ F11/ E11/ F12\ J12+ E13/ D11/ G1/ H3/
LoopTrax_7120869 Traxplayer vs. Rogue Trooper : @0/ A0/ @1/ B0/ C1+ D1+ B0+ B0+ E3+ D4+ B6+ C7/ E6+ F6/ G5/ E2/ E1/ A7\ @7\ G3+ @6+ E8/ B9+ A9/ G9+ E10/
LoopTrax_7121128 Chad vs. Rogue Trooper : @0/ @1+ A0\ A0+ A4+ @4\ @3\ E3/ D4\ @3\ B4+ D5/ C6\ @3\ A2\ D1\
LoopTrax_7122896 Traxplayer vs. dgb : @0/ @1/ A0/ @1+ B3+ @2\ @2\ B0+ C1+ @2\ B0/ B0/ B0/ A3+ @2+ E7+ D8+ H6/ G8+ H5/ F3+ F1/ RESIGN
LoopTrax_7128003 Chad vs. jaha : @0/ A0/ A0/ A0/ B2+ @1+ @2+ B5+ B0\ A1\ E3/ F3/ G3/ B0+ B8\ E5+ D7+ E8/ @7+ @6+ H7/ G9+ @6\ K5+ L5\ M6/ L4+ K3+ K7+ K2+ N7\ RESIGN
LoopTrax_7128154 medea83 vs. Rogue Trooper : @0/ A0/ @1+ B0\ C2/ C0+ A1/ D2+ C0\ D4+ E3/ D1+ A0+ @4\ @4/ B6+ A6\ @5\ D0/ D0/ C2+ A5\ @7\ B8+ D0\ C2/ B3/ H10+ G11/ E10+ E11/ G12+ E0/ F1/ G1/ G0/ H1/ J5+ K5/ C1\ B2\ C0/
LoopTrax_7132267 lemming vs. Rogue Trooper : @0+ A2+ A3/ @1/ C2\ @3+ E2/ D1+ D0/ E1/ E0/ F4+ G3+ H1+ G0/ G0/ H1/ I4/ F7\ G6+
LoopTrax_7132267 Red Panda vs. Rogue Trooper : @0+ A2+ A3/ @1/ C2\ @3+ E2/ D1+ D0/ E1/ E0/ F4+ G3+ H1+ G0/ G0/ H1/ I4/ F7\ G6+
LoopTrax_7134514 dgb vs. Traxplayer : @0/ A0/ B2/ B3+ B4\ C2/ D3+ @2\ B0/ F4\ E6+ E7/ C6+ G5+ F7+ D2/ G4+ H5\ F3+ B5+ G8+ E1+ G2+ A4+ D1+ A2+ D0/ E0+ F1+ F0/ G1/ H3\ H6\ RESIGN
LoopTrax_7134515 Traxplayer vs. dgb : @0/ B1+ C1+ A0/ @2/ D3/ B4+ @3\ B0+ B0/ B0/ A2+ F5\ D2+ E3\
LoopTrax_7138410 Rogue Trooper vs. JiffyJeff : @0+ A2/ @2\ B3/ @3/ C4/ A1\ B0\ @3\
LoopTrax_7138521 Traxplayer vs. jazzbeth : @0/ @1/ A0/ @1/ C3+ D3\ E3/ D4/ D5/ E4+ C4/ B5+ A0/ C2+ A4\ E3/ D2/
LoopTrax_7140992 lemming vs. Traxplayer : @0/ @1/ B2/ C2/ C3/ D3+ D4\ E2\ C5\ B4+ C1/ F3+ A0+ B0+ C8\ D8\ A8/ A9/ @3+ B5+ A6+ RESIGN
LoopTrax_7140992 Red Panda vs. Traxplayer : @0/ @1/ B2/ C2/ C3/ D3+ D4\ E2\ C5\ B4+ C1/ F3+ A0+ B0+ C8\ D8\ A8/ A9/ @3+ B5+ A6+ RESIGN
LoopTrax_7145472 Lorraine of the Renegades vs. * : @0/ A0/ @1/ C1+ A0\ @2/ B3/ B4/ C0/ D1/ B0\ A3\ @3\ F4/ F5+ G3\ E7\ G1/ B6/ H2/
LoopTrax_7148171 jaha vs. Rogue Trooper : @0/ A0+ B1\ A0/ A4\ C1+ D1\ C3+ E3+ F3\ C4\ B5+ G4\ E5+ B6\ @1/ F6\ G7/ @2\ I5+ C0+ E1/ @1\ A0/
LoopTrax_7150710 kidgame2001 vs. jazzbeth : @0/ @1/ A2/ C2/ A3/ C1+ B0/ B5+ @1\ C0+ A1+ @1/ A0/ A7/ D8/ @6/
LoopTrax_7161055 Rogue Trooper vs. Traxplayer : @0+ A0+ B2+ @1+ B0/ C1/ D3+ C4/ E3+ C5\ D4+ E4\ E5\ F5\ C6+ A4/ B5+ F2+ C0/ D0+ E9+ G5+ @6+ H9\ G10\
LoopTrax_7163091 * vs. lemming : @0+ @1/ C1/ D1+ E1\ C2/ D0/ D0/ C5/ E6+ F5+
LoopTrax_7163091 * vs. Red Panda : @0+ @1/ C1/ D1+ E1\ C2/ D0/ D0/ C5/ E6+ F5+
LoopTrax_7174306 Traxplayer vs. jaha : @0/ A0/ @1/ C2/ B0\ @2/ C4\ B3+ @3\ @3\ B4+ C5/ @3/ @3/ B2+ B4+ E6/ H5+ C5/ @4\ C1+ E0+ @3+ A2\ F8/ E8/ E9/ D7\ F10\ G10+ B7+ A6/ @6/ A7/ A8+ @5+ A4+ @6\ D10/ RESIGN
LoopTrax_7174353 Traxplayer vs. ypercube : @0/ @1/ @1/ D1/ A0\ @1\ A0\ B0+ E5+ F5\ G5\ G6\ H6\ G7/ G8/ F7/ H9\ I7/ F9/ F3+ G10/
LoopTrax_7174456 medea83 vs. Rogue Trooper : @0/ A0+ @1\ B0/ C3/ A0/ @3\ A0+ @1\ @1+ B0/ B6+ B7/ B8+ A8/ A9/ A6+ @8\
LoopTrax_7177132 lemming vs. Traxplayer : @0/ @1/ @1/ @1/ B2+ A0+ B0+ E2+ D0/ @4+ C6/ C7/ A6+ E0/ @5+ C9+ A4+ A3\ A2+ RESIGN
LoopTrax_7177132 Red Panda vs. Traxplayer : @0/ @1/ @1/ @1/ B2+ A0+ B0+ E2+ D0/ @4+ C6/ C7/ A6+ E0/ @5+ C9+ A4+ A3\ A2+ RESIGN
LoopTrax_7177133 Traxplayer vs. lemming : @0/ @1/ B0/ @1+ C0/ @3\ @3\ F1/ F0/ F5+ G2+ H1\ I1\ H3+ G6+ G0+ RESIGN
LoopTrax_7177133 Traxplayer vs. Red Panda : @0/ @1/ B0/ @1+ C0/ @3\ @3\ F1/ F0/ F5+ G2+ H1\ I1\ H3+ G6+ G0+ RESIGN
LoopTrax_7177424 * vs. Rogue Trooper : @0+ A0+ B2\ A0+ @2/ C4\ @2/ A4/ @3/
LoopTrax_7181409 ypercube vs. Traxplayer : @0/ B1\ B2\ A0/ @1/ B0+ D3+ D5/ E4+ @2\ A3+ C5/ B6\ C0/ E2+ F2/ F1/ G1/ G0/ E8+ G0/ RESIGN
LoopTrax_7181410 Traxplayer vs. ypercube : @0/ B1+ A2+ B0/ C1+ @2/ C0/ B5+ @4\ C1+ C6+ B5+ D0/ B3+ @5+ B7\ @6+ C2/ B3\ D0\ C1\ B2\ A6+ A1\ F0/ @3\
LoopTrax_7183513 DINGEROO vs. * :
LoopTrax_7183532 Lorraine of the Renegades vs. Rogue Trooper : @0/ @1/ B0/ A0+ @3/ @3+ B4\ C4\ A4/ C5+ B6\ @4/ B5/ A1\ @3/ B0/
LoopTrax_7189231 dgb vs. Traxplayer : @0/ @1/ @1/ D1/ B0\ A3/ E1+ C0+ D5+ E5\ E6\ RESIGN
LoopTrax_7189232 Traxplayer vs. dgb : @0/ @1/ A2+ B0+ @2\ B0/ D3\ C5/ D5+ E4\ F4+ G4\ H4\ F2+ D0+ F2+ D7+ C0/ C0/ E2+ G4\ A4\ RESIGN
LoopTrax_7199994 medea83 vs. * : @0/ A0/ B1/ B3+ C1/ A4\ B0+ D4/ C5+ D2\ E3/ F3/ B0\ @5\ @1\ A0/
LoopTrax_7205544 Eunhye vs. ozallan : @0/ A2\ B1/ B2+ C2+ B3/ A0\ A0/ @2/
LoopTrax_7205545 ozallan vs. Eunhye : @0/ B1\ B2\ C2\ @1/ B2+ E2\ C3+
LoopTrax_7210268 medea83 vs. Rogue Trooper : @0/ A0/ A3/ B1+ C1\ A4+ D2\ D4\ D5\ D6\ C5+ E3+ D1+ D7\ F4/ B7/ C8\ A5/
LoopTrax_7211080 Chad vs. Traxplayer : @0/ @1/ A0/ @1/ @1/ C0+ D2+ B0+ D5/ E4+ C1/ @3+ B0/ @1+ B0\ B0\ A1\ @1\ @1+ E0/ F1+ B0\ A2+ E0/ A1\ @3\
LoopTrax_7219544 Rogue Trooper vs. lemming : @0+ @1/ A2/ B0/ C2+ @3+ B1+ D3\ C4+ E2+ E4/ C5/ C0+ @3+ B1+ G3\ F6+ @3\ C0+ @2\ C1+ C5/ C6/ A6+ @5+ C7+ D7+
LoopTrax_7219544 Rogue Trooper vs. Red Panda : @0+ @1/ A2/ B0/ C2+ @3+ B1+ D3\ C4+ E2+ E4/ C5/ C0+ @3+ B1+ G3\ F6+ @3\ C0+ @2\ C1+ C5/ C6/ A6+ @5+ C7+ D7+
LoopTrax_7225439 dgb vs. Traxplayer : @0+ A0+ B2\ C2\ @2\ D3+ D4/ @2\ F3\ G3\ F2+ D5+ B3+ @2+ F5+ I4+ C0/ RESIGN
LoopTrax_7225514 jaha vs. Rogue Trooper : @0/ A0/ B2/ B1/ A0+ @3/ B0/ D3/ @4+ E5\ F5+ F1/ F0+ G6/ G1\ F5+
LoopTrax_7225546 ypercube vs. lemming : @0+ @1/ C1+ B0+ D2+ B3+ @2\ B1+ B0\ A1\ A0\ @4+ @3+ H4\ H5\ I5\ F6+ I3/ J4\ H2\ G2+ A4/ B5/ B6/ A6/ @3+ F1/ D0\ D8+ E8+ F8+
LoopTrax_7225546 ypercube vs. Red Panda : @0+ @1/ C1+ B0+ D2+ B3+ @2\ B1+ B0\ A1\ A0\ @4+ @3+ H4\ H5\ I5\ F6+ I3/ J4\ H2\ G2+ A4/ B5/ B6/ A6/ @3+ F1/ D0\ D8+ E8+ F8+
LoopTrax_7226699 dgb vs. Traxplayer : @0/ @1/ B0+ A3+ @2\ @2\ @2+ C1+ B0/ C0/ C0/ B2+ A6/ A4+ C7+ F5+ D8/ E7+ G5/ D1/ E2+
LoopTrax_7228519 ozallan vs. * : @0/ A0/ @2\ A3/ C1/ @2/
LoopTrax_7228955 dgb vs. Traxplayer : @0/ @1/ @1/ @1/ C0+ A3/ @3/ D4+ C5+ @4+ G4+ F5\ H2/ H1/ E0/ E0/ I5\ I6\ H7\ E8+ H0+ I1/ J1+ H0+ J8\ RESIGN
LoopTrax_7228956 Traxplayer vs. dgb : @0/ A0/ @2/ @1+ C0/ @3\ @3\ B1+ F2+ C4+ B5+ B6\ B7\ @4+ @4\ @4\ @4\ C2+ @3+ H6+ F6/ E6/ D6+ B6/ RESIGN
LoopTrax_7236635 dgb vs. Traxplayer : @0+ A0+ B2\ @2/ A3/ D2\ C1+ D4+ B5\ @4+ C0/ F3+ E1+ D0+ F6\ F7\ G7\ G3+ F8+
LoopTrax_7236636 Traxplayer vs. dgb : @0/ A0/ @1/ A0+ C2\ A0/ C2+ @3+ A4/ C5\ D5\ @4/ A5/ E6\ RESIGN
LoopTrax_7241357 Rogue Trooper vs. Chad : @0+ A0+ B2+ A3+ @2+ @2\ A1\ C0+ D2+ E2/ E1/ F1/ C0+ A1\ @2/ F0\ B1+ H4\ G5\
LoopTrax_7241482 * vs. jaha : @0+ A0/ B2+ A3/ C2\ D2\ A0/ C4+ C5/ C6/ C7/ C8/ A6+ @4+
LoopTrax_7248065 dgb vs. Traxplayer : @0/ @1/ A0+ B3+ B4/ C2+ A0/ B6/ C5+ @3+ A4+ @5+ E1/ C0/ F7\ RESIGN
LoopTrax_7248066 Traxplayer vs. dgb : @0/ A0/ A0/ @3+ C1+ D3/ B4+ C5+ E3+ B5/ B6/ A4+ D1/ D0/ RESIGN
LoopTrax_7249539 Chad vs. Traxplayer : @0/ @1/ A0/ A3\ A4\ @3\ B5+ @5+ @4/ B6+ F2+ E5+ F5+ E3\ B7+ @4+ @4/ C2\ E7+ G6/ E8/ @4/ B3+ F9/ G7\ D9/ D10/ C8\ G10\ D7\
LoopTrax_7249752 Rogue Trooper vs. jazzbeth : @0+ A2+ @2+ A1+ C2\ B3\ @1/ @1/ B0/ A4+ B5/ @3+ A1\ C0+ @4/ D7/ E8+ @3+ B1+ B0/ @4/ @4/ @4/ @4/ C6+ D3+ F7/
LoopTrax_7254683 * vs. Lorraine of the Renegades : @0+ B1\ A2/ A3/ @3/ A4/ @1+ A0\ A0\ @2\ D7+ F4/ C8\ D9/ G5+ G8\ H7+ G9/ H8\ G3+ I6\ G2\ I5/ J5/ F2+
LoopTrax_7254905 medea83 vs. jaha : @0/ @1/ B0\ @2\ B1+ B3\ C0\ C0\ D4/
LoopTrax_7261848 willemien vs. dgb : @0+ A0+ @1+ B3+ A3+ B0/ A1+ @1\ C0/ C0+ D4+ E2+ E1/ E0+ F3+ A1\ B0+ @3\
LoopTrax_7261849 dgb vs. willemien : @0/ A2\ B2\ B1/ C1\
LoopTrax_7261852 Gypsyfire vs. dgb : @0/ @1/
LoopTrax_7261853 dgb vs. Gypsyfire : @0+ @1\ C1\
LoopTrax_7261854 BrnIdGirl vs. dgb : @0/ A0/ B2/ B3+ A4/ @3\ @1\ A0\ E3\ @2+ F4+ F5\ D6/ A4/ B5/ @4\
LoopTrax_7261855 dgb vs. BrnIdGirl : @0+ B1/ @1/ A2+ C0\ D2/ C3+ D0/ E1/ B1\ D0+ E3+ E5\ E6\ F3+
LoopTrax_7265547 Eunhye vs. dgb : @0/ @1/ A0/ @1+ @1\ B0/ B0/ C1/ D1/ @2+ E5+ F2+ G5+ H4\ E6/ H2/ F0/ I3\
LoopTrax_7265548 dgb vs. Eunhye : @0+ @1/ C1/ C0+ @2\ A1\ C0/ @3/ A4/ C4+ @3+ B1+ B0\ E0/ F1/ G3\ H3\ G5+ H0/ I1/ D1+ F0\ @7\
LoopTrax_7265549 Eunhye vs. stevienie : @0/ B1\ A2/ @2/ A0+ A0\ @3+
LoopTrax_7265550 stevienie vs. Eunhye : @0/ A2\ B2\ @1/ C1/ D1/ D2+ E2+ E3\ A0\ @2/ E0/ F2+ G5\ F1/ G1/ H3/ E5+ H5/ F6+
LoopTrax_7265551 Eunhye vs. Traxplayer : @0/ @1/ A0/ @1/ D2/ B3+ E3+ C4/ C1+ A3\
LoopTrax_7265552 Traxplayer vs. Eunhye : @0/ B1\ A2/ B0\ @2+ D1/ D0/ B1+ A0/ @5\ @5\ F5+ F6/ G2/ G1/ D0\ H3+ C7/ E8+ G7+ B3+ G8\ F1+
LoopTrax_7265553 Eunhye vs. medea83 : @0/ A2\ B1/ B0/ @1+ C0/ D1/ D0/ A0\ @3/ D0/ C0+ F7+ F8\ A3+ @5/ A2+ A7/ H5+ @6/
LoopTrax_7265554 medea83 vs. Eunhye : @0/ A2\ B1/ @1/ C0+ A0+ @3/ B5\ A0\ @1\ B7\ A2/ @1\ C0/ D1/ D0/ E1/ F4+ B9/ C10\ D0+ @1+ C0/ C8\ B7/ A7/ @5/ B9/ A9/ E1/ F0\ G2+ H4/ I5/ A4\ A8+ E0/
LoopTrax_7265555 dgb vs. stevienie : @0+ @1+ C1+ @1\ D2+ E1/ A2/ @2+ C0/ C0/ D4/
LoopTrax_7265556 stevienie vs. dgb : @0/ @1/ B2/ C2+ D1/ D0/ D0/ A4/ C5+ C6/
LoopTrax_7265557 dgb vs. Traxplayer : @0/ @1/ A0/ @1/ B0/ @2+ C4/ D2/ C0+ A4+ C6/ E4+ D2/ D7+ D8/ D9/ E8+ F3+ A6/ RESIGN
LoopTrax_7265558 Traxplayer vs. dgb : @0+ @1\ C1\ @1+ B0+ E2\ D1+ F2\ C3+ A3/ A4/ @3\ B5/ @4+ RESIGN
LoopTrax_7265559 dgb vs. medea83 : @0/ B1\ B2\ C2\ B0+ D3\ B4/ A4/ A5/ @3\ F1+ D0\ F6\ D7+ G4\
LoopTrax_7265560 medea83 vs. dgb : @0/ A0/ @2\ B0\ A1\ A0\ @4\ D4\ D5\ D1/ A5/ E2\
LoopTrax_7265561 stevienie vs. Traxplayer : @0/ @1/ A0/ @1/ B0/ B4\ C4+ A0/ C2/ D2+ B1+ @2\ A1+ F4\ A4\ C6+ @1+ B6/ A5/ C7/
LoopTrax_7265562 Traxplayer vs. stevienie : @0+ A2\ A0/ @3/ C2+
LoopTrax_7265565 Traxplayer vs. medea83 : @0+ B1/ @1/ @1/ B0/ D3/ D0/ E2\ A1\ C0\
LoopTrax_7265566 medea83 vs. Traxplayer : @0/ @1/ B0\ @2\ A1\ @1\ C0/ D4\ E4\ A4/ C5/
LoopTrax_7270058 ypercube vs. Rogue Trooper : @0+ A2+ A3+ B2\ @3/ A4/ D2/ D1/ E1/ D0+
LoopTrax_7271465 thebodywall vs. Rogue Trooper : @0+ A2+ A3+ B3+ C3+ B4+ C4+ B5+ C5+ C6\ C7\ C8+ B8+ C9\ D9\ D7+ B9+ B10/ A10/ D11+ @9\ B7+ @10/ A11/ A12/ @12/ A13/ G13\ F14\
LoopTrax_7271510 ypercube vs. JiffyJeff : @0+ @1/ C1/ A0/ @2/ RESIGN
LoopTrax_7277361 sam vs. scret : @0/ @1/ B0+ A3\ @1\ A0\ A4/ A5\
LoopTrax_7277660 * vs. Chad : @0/ A0/ B1/ B3+ C3\ D3+ RESIGN
LoopTrax_7277703 Lorraine of the Renegades vs. jazzbeth : @0/ @1/ A0/ @1/ A0/ @2+ @1/ B3/ A0\ @1\ @1\ E0+ @2/ C3+ B4\ E0/ G3/ A1\ @2\ B0/
LoopTrax_7282571 ypercube vs. dgb : @0+ A2+
LoopTrax_7282746 Rogue Trooper vs. Red Panda : @0+ A2+ @2+ C2/ @2/ D3/ B1\ B0\ @1+ A0\ A0\ @4\ @5/ D6/ G7/ C0+ B8+ A7/ C9/ @6+ @6/ @7\ B5+ @7\ E9/ G10/ D8+ E4+ A9+ E10/ @8+
LoopTrax_7285973 dgb vs. ypercube : @0/ @1/ @1/ C2/ D1\ E1\ D0+
LoopTrax_7286015 scret vs. sam : @0/ B1\ A2/ @2/ A0+ @2\ B0/ @4/ B5\ E5\ E6\ @3\ A2\ @4/ B5\ E6/ G1/ G7\ H3/
LoopTrax_7288456 Chad vs. medea83 : @0/ B1\ A2/ A3/ @2\ D1\ E1\ D2+ B4/ @2\ A1+ B0+ F1/ G2\ C0\
LoopTrax_7288641 * vs. jaha : @0+ A0/ A0/ A4/ @1\ B0/ A4/ @2+ @2/ B4+ @2/ C1/ C0/ A6+ @3/ G4+ D6\
LoopTrax_7289722 scret vs. tiggerluv83 : @0/ A2\ B1/ B2\ C1\
LoopTrax_7305252 jazzbeth vs. medea83 : @0/ B1\ A2/ @2/ A3/ C2+ C4+ D1\ @2+ @2/ @2/ B1+ E0+ F6/ A5+ B6\ C7/ A6+ @3+ B1+ A5/ @1\ B0+ F9+ F10/ H9\ H10\ I7\
LoopTrax_7313584 Red Panda vs. * : @0/ A0/ A0/ B2+ @2\ @2+ D4\ RESIGN
LoopTrax_7313700 ypercube vs. Rogue Trooper : @0+ A2+ A3+ @2/ C2/ @3\ E2\ D3+ D4\ E4\ E5\ F2+ C5/ E6+ C0\ B1\ @6+ D7/ D8+ F2+ C0\ B1\ A2+ @3\ I5/ I8+ J7\ I9/ H10\ F11+ E10/ J9+ K6+ J11\ K10/ H12\
LoopTrax_7313887 scret vs. sam : @0/ A2\ B1/ B0+ A0/ @2+ @2\ B4+ A4/ B5/ @2/
LoopTrax_7315349 jaha vs. Red Panda : @0/ A0/ B2/ B3/ C2+ B4/ A4/ C1\ B5+ D2\ E2\ D1+ F2+ E6+ F3+ G2\ H2\ G1+ G0/ D1+ C0/ B2+ @2+ @6/ A7/ B8/ B9+ D0\ C1\ A1+ @5+ J1/ RESIGN
LoopTrax_7315767 scret vs. hoyboy : @0/ A0/ A0/ @3\ C2+ A2+ @1/ A3/ @2/
LoopTrax_7317759 scret vs. Traxplayer : @0/ @1/ C1/ D1/ D2/ E2/ F2/ D0/ F2+ D4+ C4/ B0+ A6/ RESIGN
LoopTrax_7320319 * vs. jazzbeth : @0+ A2+ @2/ @2/ B1+ C0/ D2/ @2/ @2/ C4\ B4\ C5+ C6/ A5+ C7/ E4+ F3\
LoopTrax_7336935 dgb vs. Traxplayer : @0/ @1/ A0/ @1/ B0/ B0+ @3+ A0/ C6/ D4/ E4/ D7+ F7+ G5+ A5/ RESIGN
LoopTrax_7342108 * vs. kidgame2001 : @0+
LoopTrax_7342317 scret vs. JiffyJeff : @0/ @1/ C1/ @1\ B0/ B3\ B4\ B5\ A5\ B6\ C3+ D6+ E3/ C7\ C8\ F3/ E5+ E6+ G3/ D7\ @5+ F2+ E1\ D0/ A5+ A4+ @4\ A3\ A2+ RESIGN
LoopTrax_7351369 Traxplayer vs. scret : @0/ @1/ A0/ @1/ A0/ A0/ @3+ C1/ @2+ D5\ D6\ C6\ E1+ E0/ E0+ F2\ E0/ E0+ F3+ E0/ @7/ H5\ C5+ G9\ F10+ I9\ RESIGN
LoopTrax_7351371 dgb vs. Traxplayer : @0/ @1/ B0/ @1+ C0/ D1/ A0+ E4+ B5+ C6+ F5+ B0+ @2+ B1+ F2+ @3/ B4+ C0/ B2\ C0+ H3\ H2+ F1+ A4+ @3+ A4+ B6/ C7+ D8+ J3+ B2+ E0+ @4\ @4\ B7/ B8/ C9/ C10/ B10/ RESIGN
LoopTrax_7359379 jazzbeth vs. ypercube : @0/ @1/ B2/ C2/ C3/ D3/ D4/ E4/ E5/ F5/ F6/ G6/ G7/ H7/ H8/ I8/ I9/ J9/ J10/ K10/ K11/ L11/ L12/ M12/ M13/ N13/ O13/ L13/ O14+ O12/ P13/ Q13/ Q12/ L15+ R13+ M11+ K12+ L10+ J11/ S12\ P10+ L9\ T13/ R15+ M16+ R11+ S15\ T10/ T15\ R9/
LoopTrax_7364458 Rogue Trooper vs. Chad : @0+ A0+ @2+ B3+ B0\ B5\ C2+ C5/ A1\ B6/ A4/ @4/ C0+ D1/ E1+ D4\ E5+ @5/ C7+
LoopTrax_7366331 Red Panda vs. Traxplayer : @0+ A0+ @2+ A3/ A4/ B3+ A1\ @4+ @3+ C5/ @3+ C0+ B5/ F5+ A3+ E1/ A0\ RESIGN
LoopTrax_7367583 dgb vs. Chad : @0/ A0/ A0/ @3+ A4/ A5/ C2+ @3/ A2+ E1\ F1\ G1\ D0\ @1\ C0+ I3+ H5+ E6/ G1+ C0/ I5+
LoopTrax_7383566 1926 vs. jaha : @0+ A0/ B2+ A3/ B3+ @3\ B0/ D1\ C0/ A4\ D4\ A1\ @2/ C0/
LoopTrax_7386240 Rogue Trooper vs. Traxplayer : @0+ A0+ B2+ @1+ @1+ A0+ D4/ B1/ C0+ B4+ @3+ D6/ C5+ B5/ C6+
LoopTrax_7388317 medea83 vs. * : @0/ @1/ A2/ B3+ C1/ A4\ B0+ D3+ C5+ C0\ D2+ @4/ @6/ B7/
LoopTrax_7401512 Traxplayer vs. Chad : @0/ A0/ @1/ C1\ B0\ B0\ C2+ D3+ E2\ F2\ G2\ D1+ B0\ E5/ RESIGN
LoopTrax_7403176 Rogue Trooper vs. Traxplayer : @0+ A0+ @2+ C1+ @2+ C3/ @2+ B1/ B0/ C0/ C0/ B2+ B0+ A5+ A1\ @1\ C0/ E2\ F3+ E0/ F3+ B1+ C0/
LoopTrax_7404755 Red Panda vs. Chad : @0/ @1/ A0/ @1/ A0/ B4\ D3+ C2+ C1/ D2/ A4\ C0+ D1/ E1/ E3+ @2+ E0+ C1+ B2+ G2/ @4\ G0\ A7/ A8+ @7\
LoopTrax_7405720 medea83 vs. Traxplayer : @0/ @1/ A2/ B3+ C1/ C0/ D1/ D0/ E4+ B0+ @2\ G4+ F1+ F7+ G7\ D8/ C8/ G8\ H8/ F9/
LoopTrax_7406012 dgb vs. Traxplayer : @0/ @1/ B0+ A3\ C1\ @2+ @2\ A0+ C5\ F2\ F1\ D5+ E5+ RESIGN
LoopTrax_7406013 Traxplayer vs. dgb : @0/ @1/ A0/ @1+ B3+ @2\ @2\ B0/ B0/ E1+ B0/ F4\ RESIGN
LoopTrax_7409580 jazzbeth vs. * : @0/ A2\ B1/ @2\ @1/ C3+ @3\ D0+ E4\ F4\ G3+ H3/ C0+ G6/ G7/ B6\ B7+ A3/ @2+ E8+ A7+ @3\ G9+ A6/ @5+ I10/ F9+ G10/ G11/ D9\ J9+ K8/
LoopTrax_7415224 Chad vs. Traxplayer : @0/ @1/ B2/ C2+ A2+ B0\ @2/ E2\ F3/ E4/ G4+ F5\ D5+ E1+ E0\ G2/ G1/ H3\
LoopTrax_7415345 Rogue Trooper vs. medea83 : @0+ @1/ A2\ C1\ C2\ D2\ A3+ B4+ E2\ D5+ F5+ G4\ D6/ G2/ H2+ D0+ H2\ H5\ I6/ J4+ I2+ I1/ K4/ I0/ L2+ D1/ G1+
LoopTrax_7427302 Rogue Trooper vs. * : @0+ B1\ B2\ A3/ @1/ D2\ B0/ @2/ @2/ C4/ F5+ D6+ C7\ G1+ D0/ B2/ B1+ D9/ E8+ H4\ G5+ F8/ A5/ @3/ B10+ A9+
LoopTrax_7427417 ypercube vs. medea83 : @0+ @1/ C1/ A2\ D1/ D2\ E1/ A0+ C1+ B4/ E0/ F2\ A1\ E5\ @2+
LoopTrax_7427617 Playoria vs. Traxplayer : @0+ A0+ A3/ @3/ C2\ @3/ C4\ E2\ D1+ E4\ RESIGN
LoopTrax_7427618 Traxplayer vs. Playoria : @0/ @1/ A0/ @1/ C3+ D3\ E3/ E4/ D5/ F3\ G3\ F2+ F4+ E5+ E1/ E0/ E0/ A2\ @3/ C1+ F0+ H3+ I3\ E0+ @5\ B4+ D0+ C1\ B2+ A2/ K6\ K7+ H3+ C8/ C9/ C10/ D11+ A10/ @7\
LoopTrax_7434567 Red Panda vs. Traxplayer : @0/ @1/ A0/ @1+ B3/ C4+ RESIGN
LoopTrax_7443000 Rogue Trooper vs. jazzbeth : @0+ B1+ @1+ B2+ @1+ B0+ E2+ C1/ F2+ E3/ E4/ C5+ D6/ E5+ F6/ D7/ E8+ E9/ B6+ B4\ D10\ F9+ C10/ C11+ G8+ B8+ F11+ C12/ G5+ A6+ @3/
LoopTrax_7448992 1926 vs. * : @0+ A2+ B1/ @1\ A0\ @1\ C0/ B0/ C1/ @4/ A5/ A1\ @3/ B0/
LoopTrax_7455388 * vs. medea83 : @0+ @1/ A0\ @1\ A2+ A0/ B4/ @1\ B0/ D6\ E4\ F4\ E6+ F3/ E2+ E1\
LoopTrax_7463702 Chad vs. medea83 : @0/ B1\ A2/ @2/ A0/ D2\ D3\ C4\ C5+ D5\ B5/ B6/ A6/ A7/ E3\ E6+ B1/ @2+ G6+ G3+ F8+ G8\ G9\ H7/ B9/ F10/
LoopTrax_7467540 dgb vs. Traxplayer : @0/ @1/ B2/ C2/ B0/ B4\ D3/ A0/ A0+ @3/ @3+ B0+ E4/ C7+ C8/ C9/ B7\ D10\ E8+ G6\ D11\ B10+ G5+ @4+ I6+ I7\ I8+ G10+ J7\
LoopTrax_7471365 Chad vs. Red Panda : @0/ @1/ C1/ D1/ B2+ A0+ B0\ E3+ C5/ C0+ C0\ A2+ @6\ B7+ @6\ @6+ F8/ H3/ I8+ F9+ I3+ G1/ I2\
LoopTrax_7471501 Rogue Trooper vs. * : @0+ A2+ @2+ A1\ C1+ C0+ D2+ A4\ @2\ A1\ D0/ @3+ D6/ C7\ D8/ B6+ E8+ A5/ @5/ B8/ E9/ E10/ A2/ @3\ A1+ C0\ @3/ @5+ @4/ J12\ K12/
LoopTrax_7476299 Red Panda vs. jazzbeth : @0+ A2/ A0\ @2\ C2\ D2\ E2\ @3+ C0\ D2+ E1+ A2\ G4\ @2/
LoopTrax_7478857 medea83 vs. * : @0/ @1/ B0/ @1+ C0/ @3\ @3\ @3\ G2+ E0+ H2/ H1/ H0/ E6/ F7+ B3+ A7/ @6/
LoopTrax_7488391 1926 vs. Rogue Trooper : @0+ A0+ B2\ B3/ @2\ D2\ @2/ C3/ @2/ B1+ C4\ D5/ E1+ A3/ A4/ A0/ @4/ D0/ E1/ A1\ B0\ @2/
LoopTrax_7502333 Red Panda vs. Rogue Trooper : @0/ A0/ B2/ B3/ B4/ C4+ A3+ C5\ C6\ D3\ A6/ RESIGN
LoopTrax_7503252 1926 vs. * : @0+ A2+ A3\ @1/ C2\ @2\ D1/ E1/ B3+ @3+ @3/ C4\ F3+ D5/
LoopTrax_7514797 Rogue Trooper vs. * : @0+ B1\ B2\ A0\ @3+ @3/ D4+ D5\ E5\ E2\ D6+ E1/ C0/
LoopTrax_7514973 Traxplayer vs. jazzbeth : @0/ @1/ @1/ A0/ @2/ D3+ C4+ @3+ D5/ E5/ F4\ D1+ D0/ D0/ D0/ F4+ G7\ G9+ G1+ A9+ F0+
LoopTrax_7522578 Rogue Trooper vs. medea83 : @0+ @1/ A2/ A3\ A4\ @2/ B0+ B0/ C2+ @3+ B7+ A7/ @7+ C8+ C1+ @5/ G3/ H2\ I2\ F7\ F8\ G8\ E9/ G4\ G6+ H5\ I7+ J6\ I9\ J9\ H10/
LoopTrax_7522607 * vs. Red Panda : @0/ A0/ B2/ B3/ B1/ @1\ C0+ A4/ @2\ A4+ @4/ D5\ F5+ A5/ B6\
LoopTrax_7532545 medea83 vs. * : @0/ B1+ C1/ C0/ D1/ @2/ B1+ E3\ F2/ C3/ C4/ E0+ D5\ C6+ D6+ C7/ B4+ @2/ B1+ C0+ C0\ B0/ A2+ @2/ F2/ G3+ H7\ I7\ H3/ H2/ F1\ I3\ H5+ B7/ B8/ D9+ A8/ D0\ @10/ C11+ D12/ B1\ A4\ B0/
LoopTrax_7548067 * vs. Rogue Trooper : @0/ A0/ B2/ B3/ C2/ C1/ @1+ D0+ D5\ E3+ F2\ E1+ E0\ C7+ B5/ A6+ @4\ @3/ D1+ F0/ E9\ G9+ H7+
LoopTrax_7549835 medea83 vs. jazzbeth : @0/ @1/ A0/ @1/ A0/ @1/ A0+ A3+ @3/ A4/ B0/ B0/ A4\ @5/ B1/ C0/ E1/ E0/ A2/ F3+ B5\ A4/
LoopTrax_7550654 dgb vs. Traxplayer : @0+ @1\ C1\ B0\ B0+ C2+ D3\
LoopTrax_7568684 Rogue Trooper vs. Red Panda : @0+ B1/ B0/ A3+ B0/ @1+ C0/ @3\ B0+ A5/ @3/ F5+ F6\ F7+ G5/ D8/ C8/ G1/ H2/
LoopTrax_7568695 tjader vs. * : @0+ A2+ @2/ C2\ B3/ A3+ A4/ B4+ @4+ A5\ D1/ E2+ E1+ F2+ G2/ G1/ G0+ H3\ F4\ B7/ @5\ @4/ K2+ K1/ K0+ RESIGN
LoopTrax_7576897 Traxplayer vs. jazzbeth : @0/ @1/ @1/ A0/ @2/ D3+
LoopTrax_7578142 dgb vs. Traxplayer : @0/ @1/ A0/ @1/ B0/ C4+ C5/ C2+ D1\ E1\ F1\ @2+ F3\ D0+ E6\ F7/ C1+ B5+ G0+ RESIGN
LoopTrax_7579309 Rogue Trooper vs. medea83 : @0+ @1/ A2/ B0/ C2+ D1/ B0/ A2+ B5+ C5\ D5+ E2/ D6/
LoopTrax_7583925 * Sassy_Angel * vs. REBEL DJ : @0/ A2\ B1+ B2+ C1/ @1/ C0\ C4\ D4+ E3\ A0\ @1\ C0+ B6/ D7\ A5/
LoopTrax_7583926 REBEL DJ vs. * Sassy_Angel * : @0/ A0\ @2\
LoopTrax_7592216 Rogue Trooper vs. jazzbeth : @0+ A2/ @2\ B0/ C1/ C0/ A2+ A0+ B6/ D3+ E3/ F2\ G3/ D1+ G0+ H4/ E5+ D6+ E7/ B8/ @5/ G6+ A2\ @4\ D1+ J7\ F0/
LoopTrax_7592431 Traxplayer vs. medea83 : @0/ B1\ A2/ @2/ B0+ B0/ @3\ C5/ @3+ A5\ A6\ E5\ E6\ E7\ @4+ A7/ @5+ @5\ D8+ E8\ F8/ C9/ B9/ C10/ A9\ A8\ @8\
LoopTrax_7602113 Rogue Trooper vs. thebodywall : @0+ @1\ A0\ @1+ A3\ D1/ A0/ C0/ D2/
LoopTrax_7613434 Traxplayer vs. JiffyJeff : @0/ @1/ A0/ A3\ @2\ B0/ D3/ @3\ B4+ B1\ C0/ D2+ @4\ A3\ @3\ @5+ D6+ C7+ @6+ B2\ A3/ H0\ D3+ B2\ F7+ H6\ B1\ F8/ F9/ I4/ G0/ I1+ J1\ K3/ H0\ F2\ H0/ I9+ J6\ K7+ K3\ L4/ A5+ @5/ D4+ C2+ E1+ G0+ RESIGN
LoopTrax_7629297 1926 vs. jazzbeth : @0+ A2+ @2/ A1+ @1+ B0/ B0/ B0/ C0\ D1\ D2+ D0+ D0\ B2+ C0/ E4+ A1\ A0\ @1\ F2/ G3/ E1/
LoopTrax_7635948 jazzbeth vs. Red Panda : @0/ A0/ B2/ B3/ C3/ C4/ D4/ D5/ E5/ F5+ E4+ E3/ C2+ B4/ C1/ A4/ A5/ E6+ F3/ B0\ @1+ D0/ E3/ A1\ A0\ @2/ A5/ @1\ B0/ A6+ @3\ C8+
LoopTrax_7639450 REBEL DJ vs. davidmilne : @0+ A0\ A3/ @3/ @3+ C4\ D2\ E2\ D1+ A0\ @1/
LoopTrax_7639451 davidmilne vs. REBEL DJ : @0/ B1\ A2/ A3/ B2+ @3+ C4\ D4\ @3\ E2\ F3/ E1+ C0/ B0+ @4/ E1+ H4\ A0\ @3+ H2/ H1/ D7+ G8+ C7+ C8/ D9\ G1\ D0+
LoopTrax_7639456 davidmilne vs. dgb : @0/ A0/ B1/ C2+ A3/ D1\ E1\ D3+ C4+ A0\ @4/ C0/ D1+ G2/ E1+ G5\ RESIGN
LoopTrax_7639457 dgb vs. davidmilne : @0+ A2/ A0\ @3/ B4/ @1\ B0/ B0/ D1+ D5+ E1\ C0\ A1+ @3+ G5\ G6\ H6\ H7\ E8/ I4+ J6+ E0/ F1/ G3+ J3/ RESIGN
LoopTrax_7639458 davidmilne vs. medea83 : @0/ B1\ A2/ @2/ A0+ @3/ C0\ D2+ @4+ D5+ E5\ B1+ F5\ F6\ F7+ G5+ H3+ A0/ @4/ F1/ RESIGN
LoopTrax_7639459 medea83 vs. davidmilne : @0/ @1/ B0\ A1+ A3/ @1\ @1+ A0\ A5/ RESIGN
LoopTrax_7650598 Rogue Trooper vs. Red Panda : @0+ A0+ B2+ A0+ @3+ B0+ @4+ D1/ B1/ B5\ E4+ B6/ A5+ @5/ A6/ @6/ D7+ E7\ F7+ C8+ F8/ @5\ A4/
LoopTrax_7650737 medea83 vs. jazzbeth : @0/ @1/ B0\ A1+ A0/ A0/ C2+ D2/ E2/ D3+ B0/ F2\ D1+ D5\ C6\ C0+ A7/ G4/ B8\
LoopTrax_7657519 1926 vs. * : @0+ A0+ A3/ B1\ @1\ D2/ E2/ E3+ B4/ C4+ F2\ B5+ F3+ A4/
LoopTrax_7657615 sam vs. Traxplayer : @0/ @1/ C1/ D1/ A2+ @2\ A3/ C0+
LoopTrax_7662439 jazzbeth vs. 1926 : @0/ B1\ A2/ B2+ @1+ C0\ D2+ C4\ A0\ @2/ E1/ D0/ F2\
LoopTrax_7668912 jazzbeth vs. * : @0/ @1/ B2/ @1\ C0+ B0/ D3/ E3/ D1+ F2\ G2\ F0+ D1+ C0/ B2+ A2\ A6/ @6+ F0+ B8/ A4+ @7/ E8+ D9+ C1+ F0/ B3+ A3+ @3/ I10+ F11/ K8+
LoopTrax_7670369 ypercube vs. thebodywall : @0+ @1/ C1/ A2\ C0+ B0\ A1\ @3/ C0/ D1/ @4+ B1+ A5+ A6/ @6/ A7/ F0/ G1/ A3+ @3/ B1\ D0+ A3\
LoopTrax_7670445 medea83 vs. Rogue Trooper : @0/ A0/ B1/ B0/ C3\ A4+ A5+ @2+ @3\ B5+ B6/ @3\ B1+ A0/ E0/ F1/ G4+ H4\ I5/ D0+ A2+ H3+ G1+ D0/ C1+ @6/ C10/ A1\ @2\ C0\
LoopTrax_7679425 dgb vs. HeatherN : @0+ @1/ C1/ D1/ C2/ B0\ D4\ E3/ A4/ @3\ D5/
LoopTrax_7679426 HeatherN vs. dgb : @0/ @1/ A2/ C2+ D1/ B3+
LoopTrax_7679427 dgb vs. Traxplayer : @0/ @1/ A0/ @1/ B0/ B4\ D3/ C4+ D5/ E4+ F4\ G4\ F3+ G6+ H6\ I6\ I7\ J7\ J8\ K8\ H9+ L6+ L4+ F2/ M6\
LoopTrax_7679428 Traxplayer vs. dgb :
LoopTrax_7679429 TrueIndian vs. HeatherN : @0/ A2\ B2\ B3\ A4+ C3/ @3+
LoopTrax_7679430 HeatherN vs. TrueIndian : @0/ A2\ B1/ B2+ C1\ C2\ D2\ B3/ C4/ A4/ @3\ E5+ F4\ G4\ G5\ G6\ H6\ H7\ I7\ F8+ D6/ C6/ J6/ J4+ I2/ F1+ K5/ E0+
LoopTrax_7679431 TrueIndian vs. Traxplayer : @0/ @1/ @1/ @1/ B2+
LoopTrax_7679432 Traxplayer vs. TrueIndian :
LoopTrax_7679433 HeatherN vs. Traxplayer : @0/ @1/ A2\
LoopTrax_7679434 Traxplayer vs. HeatherN :
LoopTrax_7680802 Traxplayer vs. * : @0/ @1/ A0/ B1/ B3+ C1/ C0/ D4+ D5\ B0+ @5\ @5\ G4+ G5+
LoopTrax_7680899 jazzbeth vs. sam : @0/ A2\ B1/ @2\ B3+ @1\ C0+ A3/ @2/
LoopTrax_7685748 Rogue Trooper vs. Traxplayer : @0+ B1/ B0/ C1+ D2+ D3+ E3\ E4\ E5+ F3+ F2/ B0\ B0\ G5/ F3/ G3/ H3+ RESIGN
LoopTrax_7688698 Traxplayer vs. Rogue Trooper : @0/ A0/ @1/ B0/ @1/ C0+ D2+ E4/ D5\ C0/ B1+ B5/ B7+ B0+ @4+ E2/ F1\ B8+ B9/ D9+ F8+ E10/ G7+ H6+ A8+ G10\ G11\ H11\ I11+ G3+ A10/ @9\ F11/ I12+ K10\ D11+ K6/ L6\
LoopTrax_7688780 * vs. jazzbeth : @0/ @1/ B2+ A0+ B0\ A0/ @3\ @3+ A5\ D0+ E5/ F6+ F3\ G4\ E0\ G1/ H4\
LoopTrax_7691110 JiffyJeff vs. Rogue Trooper : @0/ A0/ A0/ A0/ B4/ A5/ @3+ C1/ @5/ A1\ @3+
LoopTrax_7691404 jazzbeth vs. medea83 : @0/ B1\ A2/ @2/ B0+ B0/ B0/ A2+ C2\ D2\ @5+ E0/ F3+ B1\ A1\ C0/
LoopTrax_7709281 Traxplayer vs. Rogue Trooper : @0/ A0/ @1/ @1+ A0+ @2/ C0/ C4/ @4\ F4\ F5\ E1+ G4+ H3\ B5+ @5/ A6/ H6/ H7/ H8/ F6+ I8+ J3\ I2+ F9/ E6/ J7+ RESIGN
LoopTrax_7713619 JonathanT vs. Playoria : @0+ A0+ B2+ A0+ @2+ B0+ C2+ B5+ D3+ B6/ A5+ B0/ B0/ B0/ B0+ C5+ A6+ A1+ B0/ D3/ D2+ C11\ A12\ @7\ E7/
LoopTrax_7717562 Playoria vs. JonathanT : @0/ A0/ A0/ @2+ @2/ @2/ D0/ E4+ F3+ G2+ @4\ D5\ G5/ C2+ B1+ A6/ @4+ H6+ G7\ I5+ I4+
LoopTrax_7717563 JonathanT vs. Playoria : @0/ @1/ @1/ @1/ A2+ D3+ E1/ F1+ D0+ B5/ RESIGN
LoopTrax_7720761 JiffyJeff vs. Traxplayer : @0/ @1+ B2/ C1/ C0/ D1/ B0\ @4\ @3/ @4\ G0/ H1/ G0+ H6+ RESIGN
LoopTrax_7720762 Traxplayer vs. JiffyJeff : @0/ @1/ B0+ @1/ C3/ A2/ D2+ D1+ E1/ B0\ @3+ F1/ F0+ C0/ G2\ D7+ C6+ G1\ F0/ H3/ I3/ @6/ H6+ I4+ G9+ H9+ G10/ J8\ J9/
LoopTrax_7727674 sam vs. * : @0+ @1+ A0+ B1+ A0/ B4\ C4+ C5/ D5\ C6/ A5+ D4/ E4/ C2+ F4\ F5\ @6/ A7/ A5+ F1/ G1/ D0+
LoopTrax_7727775 jazzbeth vs. 1926 : @0/ A0/ B1+ @1/ A0+ @1/ D4+ B3/ A3/ E4/ D1+ E3+ D0\ B6/ B7+ C8/ C9/ D8/ A6/ @6/ F8+ G4/ @7\ B8/ I4/ J4/ I5+ H6\ I3+ H1/ G6/
LoopTrax_7728831 JiffyJeff vs. Traxplayer : @0/ @1/ B2/ C2/ A0/ @1/ A0/ @1/ D5/ F5/ @1/ C0/ C0/ A0+ @4+ C0/ E5+ @4+ G5\ A1\ RESIGN
LoopTrax_7744352 dgb vs. Traxplayer : @0+ A0+ B2\ B3\ @2/ D2\ B4/ @3\ B1+ C5\ F2\ B0/ E2+ G3/ B6\ C0+ A7+ @5+ D0/ F3+ G2+ G0+ I6/ H4+ H2/ F0\ I4\ J4+ G8+ J5+ K5\ L5\ K3+ M5+ A6\ A5\ A4+ @6+ E2+ E1\ C0\ B1+ D0/ RESIGN
LoopTrax_7744635 * vs. 1926 : @0/ A0/ @2+ B0/ A0+ @1\ D1\ D0\ A1\ @3/ C0+ @4/ A1\ B0\ @3\
LoopTrax_7746308 Rogue Trooper vs. jazzbeth : @0+ A2/ @2\ B0/ C1/ A2\ B4/ B5/ @2\ A0+ D5+ E2/ A7/ C0+
LoopTrax_7746424 dgb vs. Traxplayer : @0/ @1/ @1/ @1/ B0/ C1/ C0/ A4/ @4/ @3+ B0+ F6+ G5\ F3/ H3+ I4+ D7+ @5\ H2+
LoopTrax_7757907 sam vs. Rogue Trooper : @0+ A2+ B2+ A3+ B1+ B0+ B4+ B5+ A1\ @2/ D2/ @1+ E3\ F3\ B4/ A4/ @2\ B5+ A5/ @3+ B0\ A1\ @3/ I6\ F7/ J6/
LoopTrax_7757957 * vs. medea83 : @0/ B1\ B2\ C2\ C0+ D3\ B0/ A2+ E4+ B5+ A4/ D1+ @3+ E0/ A6/ G3+
LoopTrax_7758197 jazzbeth vs. Red Panda : @0/ A0/ B1+ A3+ B4/ @3/ A2+ A0+ B6+ D3+ C1+ C0/ D1/ E1+ C0+ E7\ A1\ D8\
LoopTrax_7774420 Traxplayer vs. jazzbeth : @0/ @1/ A0/ B1+ @2\ C0/ C4+ D4\ E4/ E3+ E5/ F5+ G4\ F3+ D6/ E2+ H3+ H2/ I2/ F1+ J2\ E1+ F0/ J2+ K3+ E7+ E8/ D1+ G0+ J0\ K6\ K7\ J8+ J9/ H10+ H11/ H12/ I11+ H13+ L8/ K9+ M8+ J10+ J12+ N8\ F13+ K11+ L10+ M11+ L12+ H14+ O11+ I14+ J15/ K13+ L14+ M13+ K3+ L4+ J0+ M4/ L3+ L0/ M3+ K0\ J1\ J0\ I2\ H2\ I1\ G3/ H5+ G1\ F3/ H0/
LoopTrax_7777556 1926 vs. * : @0/ @1/ B2/ @1\ A0\ @1\ B3/ C1+ C0/ C0/ @1/ E0\ F4\ G3+ F7/ @2+ B4/ C0+ A5/ A6/ B7+
LoopTrax_7797373 JiffyJeff vs. Traxplayer : @0/ @1/ A0/ @1/ C3/ D3/ A0/ @1/ D5/ B0\ C2/ D1\ E7\ F5+ C7/ RESIGN
LoopTrax_7826123 dgb vs. Traxplayer : @0+ A0+ B2\ C2\ @2\ D3+ D4/ @2\ F3\ G3\ F2+ H3+ C5/ RESIGN
LoopTrax_7829129 * vs. jazzbeth : @0/ @1/ @1/ A0/ B1+ C3+ B0\ @2+ @2\ D0\ C0/ E1+ F4\ G6\ F7+ @3/ @3/ F7+ F8/ C5+ C0+ @6/ D7/ A1\ A0/
LoopTrax_7829403 medea83 vs. Traxplayer : @0/ @1/ A2/ B3/ C1/ D3+ D4\ E4\ E5\ E1/ F2/ D0/
LoopTrax_7830131 Traxplayer vs. ypercube : @0/ @1/ B0/ A0/ C3/ A0/ A5/ @3+ RESIGN
LoopTrax_7830132 ypercube vs. Traxplayer : @0+ B1/ A0/ C2+ A3+ D2/ A0+ B1\ E3/ @1\ B0/ @2+ B4+ G5+ A5/ @3+ G2+ I3/ J3/ B6+ D0+ C0/ H8\ I6+ J7+ K7\ H9\ K10+ L8/ M5+ L4/ K3/ G9/ G10/ F8\
LoopTrax_7830133 Traxplayer vs. ypercube : @0/ B1+ C1/ B2/ B3/ D1/ D0/ E1+ C0+ @3+ B4+ @3+ C2+ E0/ E0/ E0/ D3+ C2+ C0+ B3/ G5+ H3+ I3\ E0\ F2+ G1+ I1+ J2/ H0+ E1+ H0/ K4/ C3/ K6+ L3\ M4+ N5+ L2+ M3/ J1+ N4+ O4/ P3\ N7+ M8+ K0/ L1/ M1/ F1+ N3+ O8+ N9+ K11+ I12+ Q5+ N10+ O10\ M12\ K13+
LoopTrax_7830134 ypercube vs. Traxplayer : @0/ @1/ B2/ C2/ C3/ D3/ D4/ E4/ E5/ F5/ F6/ G6/ G7/ H7/ H8/ I8/ I9/ J9/ J10/ K10/ K11/ L11/ L12/ M12/ M13/ N13/ N14/ O14/ O15/ P15/ P16/ Q16/ Q17/ R17/ R18/ S18/ S19/ T19/ T20/ U20/ U21/ V21/ V22/ W22/ V23/ X23/ V24+ Y24/ V25/ U24/ V20/ W20/ V26/ X22+ U26/ T26+ U27+ U28/ U29/ V28+ S26/ R26+ S24\ U23+ V19+ RESIGN
LoopTrax_7840642 Rogue Trooper vs. thebodywall : @0+ @1/ A2/ B3\ C2/ @3/ C4+ A2+ B0/ @1+ C0/ E2+ @1/ B0\ B0+ A1\ @3/ G2/ H4/ E0/ F1\
LoopTrax_7841130 * vs. 1926 : @0/ @1/ A0+ @1\ B3/ B0\ @2+ A1\ A5/ @4\ E5\ A2\ D6/
LoopTrax_7842401 Rogue Trooper vs. jazzbeth : @0+ B1+ @1+ B2+ @1+ B0+ @2+ A3/ A4/ A1/ A0/ C4/ C5/ A6/ C6+ C7/ E2/ E5+ D7+ C8/ F7\ F8\ C9+ G7+ A9+ @8\ A2/ @4+ @7+ B9+ A3/ @3/ C1+ D0/ D0/ E1/ H1+ G0\ C1\ E0+ B3\
LoopTrax_7850314 JiffyJeff vs. Traxplayer : @0/ B1\ A2/ @2/ C2\ C3\ C4+ C5/ B3+ D2+ A5/ RESIGN
LoopTrax_7851222 medea83 vs. * : @0/ B1\ A2/ A0/ @3\ A1\ A0\ A0\ A6/ @4+ B7/ B8/ A7\ @5\ A7+ D6+ E7/ F7/ G5+ H6/ H4+ G8+ D9+ D10/ B9+ @6+ A8+ B10+ @6\ @5/ E11+ B8\ B9+ @6\ B4\ B3+ A3\ @4+
LoopTrax_7851339 Traxplayer vs. Red Panda : @0/ A0/ B1/ C2+ A3/ D1\ @2+ D0/ F2\ C5+ C6/ C7/ C8/ A5+ E4+ D6+ G2\ F1/ E7+ E9+ H4\ F5+ F0+ G1/ H1/ I1+ G0+ A11/ RESIGN
LoopTrax_7853410 JiffyJeff vs. Traxplayer : @0/ @1/ C1/ @1/ D2/ C0+ A3/ @3/ D4+ C5+ @1\ C0+ @3+ H2\ D0/ I5+ H7\ C8/ RESIGN
LoopTrax_7869572 JiffyJeff vs. Traxplayer : @0/ @1/ @1/ @1/ B2+ D0/ B4/ B5/ A0\ @1\ A2+ @3\ G2/ G0+ A5\ @4\ D0+ @6/ RESIGN
LoopTrax_7883562 Traxplayer vs. medea83 : @0/ B1\ A2/ @2/ B0+ @3/ B0+ B0/ B0+ C1\ @4+ B1\ C0/ B0\ A1\ F7\ @7/ @7/ B1/ B2/ D0+ F1\ A3/ C5\ @4/ H3+
LoopTrax_7884010 JiffyJeff vs. Traxplayer : @0/ @1/ C1/ D1/ D2/ D0/ E1/ E0/ @3+ F0+ C5+ G3+ H2\ I2\ C0+ D0+ @2\ C1/ RESIGN
LoopTrax_7884011 Traxplayer vs. JiffyJeff : @0/ @1/ B0+ @1/ A0/ D2\ D4+ A4/ C5+ B1/ B0\ E4/ D2+ F3\ G3\ F1+ E0/ F0\ G2+ @4+ A3\ A2+ @4+ D1/ E2\ G0/ J3/ J0+ RESIGN
LoopTrax_7887924 jazzbeth vs. * : @0/ @1/ B2/ C2/ C3/ A0\ @2/ D1/ B0+ B4/ E3/ E5/ A1/ @1/ @1/ G2/ D5/ F6+ H2+ F7\ H5\ I4+ G8/ G1\ C5/ H6\ I6\ J4/ H7+ J2\ K5+ I1/ I0/ L7/ K1/ J0/
LoopTrax_7897669 * Sassy_Angel * vs. REBEL DJ : @0/ B1\ B2+ A0/ C3/ A3/ A4/ @3+
LoopTrax_7897670 REBEL DJ vs. * Sassy_Angel * : @0+ B1/ C1\ C2\ B0/ A0\ @2/ @2+ F2/ F1/ F0/ E0\ A5/ A6/ A3+ @4/ H4\ C6\ D7/ D8/ C1\ B1\ I2/ A1/ H1/
LoopTrax_7899537 dgb vs. davidmilne : @0/ @1/ A0/ @2+ B3/ A0+ @1\ A0+ @2/ B0/ D2+ E2/ B5/ A6\ E7\ F5/ @3\ A2\ B7+ D8+ F8\ D9/ A6+ RESIGN
LoopTrax_7899538 davidmilne vs. dgb : @0/ A0/ @2+ B3/ A0+ @3\ @3\ B4+ E2/ E0/ F3/ @5/ RESIGN
LoopTrax_7899541 dgb vs. ypercube : @0+ A2+ B2\ @2+ @2+ B3+ @2\ D0+ B2+ B4/ D4+ F4/ G3\ D0+ E2\ G6+ C6+ B7\ A6+ @7\ @5+ C2+ F0/ @7\ B8+ B9/ @7\ @9+ B10/ RESIGN
LoopTrax_7899542 ypercube vs. dgb : @0+ A2+ B2+ A3/ C2\ B1/ D2\ D3\ C4+ E2+ F3/ G2\ H3/ H4/ A0\ @1\ @2+ C0+ E2+ F1+ B0/ @4\ I2+ E1+ D0+ F1+ E0\ I3/ J3/ J2/ I1+ H0/ J10+ G11/ J7+ L7/ K5\
LoopTrax_7899543 davidmilne vs. Christeeny : @0/ B1\ A2/ A0/ @2+ B0/ C4+ D2\ C0\ D4+ D0/ E1/ A1\ B0/
LoopTrax_7899544 Christeeny vs. davidmilne : @0/ @1/ @1/ B0+ B3/ @1+ B3+ A0+ @2/ C0\ A5/ @4\ G5\ E6/ A5+ H5+ RESIGN
LoopTrax_7899545 davidmilne vs. ypercube : @0/ @1/ A2+ B3+ C2+ @2/ B3/ B4/ A4/ @4+ RESIGN
LoopTrax_7899546 ypercube vs. davidmilne : @0+ A2+ B2+ A3\ A0/ B1/ B0/ C4+ A6\ C5+ @1\ C0+ A7/ B8\ @6\ F4\ A5/
LoopTrax_7899547 Christeeny vs. ypercube : @0/ @1/ B2/ C2/ A0/ @1/ B3+ B4/ A3/ D4\ C5/
LoopTrax_7899548 ypercube vs. Christeeny : @0+ @1\ B0\ B0/ C1/ A1/ C0+ @2/ B0+ @3\ D0/ E1/ E0/ F4/ C1\ C0/
LoopTrax_7902898 JiffyJeff vs. Traxplayer : @0/ B1\ A2/ A0/ A0/ @4+ @3/ A0+ @3/ @3+ A4/ A0\ RESIGN
LoopTrax_7905700 JiffyJeff vs. Traxplayer : @0/ @1/ A0/ @2/ A0/ @3/ B4+ E4/ A5\ B6/ A0+ @1\ @1+ C0+ E3/ F2\ A6+ @3+ E9/ E1+ C8+ D10/ @6\ B7+ A4+ G0+ A4+ A3\ C2+ @4+ @4/ @4/ B3+ E9/ C9+ J0/ L5/ M7+ M9+ M1/ N5/
LoopTrax_7910082 JiffyJeff vs. Traxplayer : RESIGN
LoopTrax_7915812 JiffyJeff vs. Traxplayer : RESIGN
LoopTrax_7922777 JiffyJeff vs. Traxplayer : RESIGN
LoopTrax_7924515 JiffyJeff vs. Traxplayer : RESIGN
LoopTrax_7924753 Traxplayer vs. jazzbeth : @0/ @1/ A0/ @2/ A3/ A4/ D4+ D5\ E5\ B6+ E2/ C1/ F3\
LoopTrax_7926315 dgb vs. Traxplayer : @0+ A0+ B2\ @2/ A3/ @3/ D4+ C5+ @5\ D6/ E5\ F6/ A7+ RESIGN
LoopTrax_7926868 * Sassy_Angel * vs. REBEL DJ : @0/ A0/ @2\ A1\ A0\ A4/ @3+ A4+ @2/ E3\ E4\ E5\ @3/ A4/ E1/ E0/ B6+ A2\ B1/ @3/
LoopTrax_7926869 REBEL DJ vs. * Sassy_Angel * : @0+ B1/ @1+ C0\ A3\ @2/ B1/
LoopTrax_7928273 * vs. robertst : @0+ @1\ A0\ C1/ A0+ @2\ @2\ @1\ C0/ D0/ D6\
LoopTrax_7931842 dgb vs. Traxplayer : @0+ A0/ A3\ B1/ B0/ C4+ C5\ D1/ D0/ B1+ C7/ C8/ @5\ @5\ D8/ C8+ F8+ D9/ G3+ G5+ H1/ RESIGN
LoopTrax_7931861 dgb vs. Traxplayer : @0/ @1/ A0/ @1/ B0/ C1/ C0+ C0/ B1+ @4+ E1/ A0\ @3+ B0/ F7+ RESIGN
LoopTrax_7937207 dgb vs. ypercube : @0+ A2+ B2\ @2/ C3\ D3\ A4+ B5+ E5/ C6/ A5/ @6\ F7+ G6\ D8/ C7+ @7/ A8+ @6\ A5\ A2+ B1+ @3+
LoopTrax_7937208 ypercube vs. dgb : @0+ B1\ A2\ A0\ A0\ B2+ @2\ D1\ E1\ E0+ D0/ C0+ C0/ E2+ A3+ C0+ F5+ F7+ B1+ C0/ E2+ F2+ D1/ G8\ G10+ @5\ A6+ A8+ C11+ F0\ I9\ I12/ C1\ C0\ J13+ E1/ C0\ B4+ G2+ @8\ I5\ I7+
LoopTrax_7942067 Rogue Trooper vs. Traxplayer : @0+ B1/ B0/ C2/ B0+ @3\ D2+ E2/ E1/ A0\ RESIGN
LoopTrax_7949676 dgb vs. Traxplayer : @0/ @1/ @1/ D1/ B0\ A3+ E2+ B4+ D0/ E1/ E0/ RESIGN
LoopTrax_7963879 dgb vs. Traxplayer : @0+ A0/ B1+ @1+ @1+ C0+ B0/ @3\ B1+ C4/ C0/ B0+ A1+ @2\ B0/
LoopTrax_7971897 Rogue Trooper vs. * : @0+ A2+ A3\ A0\ @1\ @2+ D2/ A0/ C6+ A0/ B5+ C8/ B8/ @7+ A9/ @9\
LoopTrax_7971977 jazzbeth vs. robertst : @0/ B1\ A2/ @2+ @1/ B0/ @2+ D1+ E3+ E4\ E5+ E1+ F5/ F2/ G4\ G6\ H5/ H2/ I4+ E6/ E7+ F7+ G8/ D7/ B4/ A4/ H8\ H9\ I6+
LoopTrax_7978508 dgb vs. Rogue Trooper : @0+ A2+ B2\ C2\ @2\ D3+ D4/ @2\ F3\ E5/ G3/ G2/ F1/ F0+ F7+ G7\ H7+ RESIGN
LoopTrax_7984191 * vs. ypercube : @0/ @1/ B2+ B3\ C3\ C4\ D3+
LoopTrax_7989876 Rogue Trooper vs. Traxplayer : @0+ A0+ @2+ A3\ @3+ C0/ D1/ E1+ F1+ D0/ @5+ C6+ E4+ E0+ C3+ F6/ F7/ G6+ H6/ I5\ J6/ J2+ G1+
LoopTrax_8002765 dgb vs. Traxplayer : @0/ @1/ A0/ @1/ B0/ C1/ B0+ @1+ @2/ C0+ C0/ @4/ A5/ A6+ A3+ @6\ C1\ RESIGN
LoopTrax_8002766 Traxplayer vs. dgb : @0/ B1/ B0/ C2+ A3/ @3/ D4+ E4\ B5/ F4/ D5+ B6+ A6/ @5/ @5/ A6/ D7+ G1\ H1\ I4\ I5\ H6\ G7\ H0+ I1/ C1+ RESIGN
LoopTrax_8002814 Rogue Trooper vs. ypercube : @0+ A0+ @2+ C2+ @2+ @2+ D3/ D4\ E4\ E5\ F4+
LoopTrax_8007089 Traxplayer vs. scret : @0/ @1/ B0/ @1/ D2/ D3/ E2/ F3/ F4+ B3+ C5+ E1/ D6\ D7\ C6+ F2+ G1\ G3+ C0+ E0\ B1+ A5\ RESIGN
LoopTrax_8007090 scret vs. Traxplayer : @0/ @1/ C1/ D1/ A0/ A3/ A4\ @1+ C1+ @2/ @2/ D0+ A2\ @3/ E0\
LoopTrax_8007091 Traxplayer vs. ypercube : @0/ @1/ B2/ C2/ B0/ D3/ B4/ D2+ B5+ E2+ E3+ A5/ @1\ A0\ A4/ @5\ H5/ G7+ I4\ J7+ I8\ I9+ J8\ G9/ I10/ G2/ H3/ A6/ @5\ D7+ F2/
LoopTrax_8007092 ypercube vs. Traxplayer : @0+ A0+ A0+ A0+ A0+ @1+ C2+ C5+ A3\ @3\ B5+ @3\ @4+ A5/ B0+ A2\ @2\ A1\ C0/ A6+ @6\ H5+ I4+ E8+ @4+ D0+ K5+ L5\ J7/ K4/ L7\ RESIGN
LoopTrax_8007093 scret vs. ypercube : @0/ @1/ C1/ @1/ C2\ C3+ B4+ C0+ D4\ E2/ F1\ D0\ F0+ G2/ @3+ B2\ C1\ D0\ I4/ E0+ RESIGN
LoopTrax_8007094 ypercube vs. scret : @0+ A0+ B2+ A0\ A4/ @1\ A0\ @1\ C6/ D5+ A0\ @1\ B0\ B0\ E1+ B0+ @6+ A8+ @8/ A5+ A3+ H3/ F0+ H11\ F12/ E10+ I11/ H10/
LoopTrax_8013786 Red Panda vs. HeatherN : @0/ A2/ B1\ @1/ B3\ C3\ A0+ @2\ B0/ B4/ D1/ D0/ E3\
LoopTrax_8013787 HeatherN vs. Red Panda : @0/ A0/ @1/ A0/ @2/ A0+ @2\ B0/ @3/ C5/ B2\ C0+ E3\ A1\ @3/ B0/
LoopTrax_8013790 Red Panda vs. DavidJ : @0/ B1\ A2/ A0/ C1\ A0/ @3\ B5/ C4+ A6\ @6+ @4+ C1\ C0/
LoopTrax_8013791 DavidJ vs. Red Panda : @0/ A0/ @1/ B0/ @1+ A0\ A0+ @2/ E1/ D0+ F3\ F4\ E7+ E1/ G6+ E8/ F8+ G2+ E0/
LoopTrax_8013792 dgb vs. HeatherN : @0+ A0/ A3\ B1/ B0/ C2/ A0\ @2/ D1/ D0/ E3\
LoopTrax_8013793 HeatherN vs. dgb : @0/ A0/ @2\ B0\ A1\ A0\ @3/ D4\ D5\ D1/ E3\ C0/
LoopTrax_8013796 dgb vs. DavidJ : @0/ B1\ A2/ @2/ B0+ C3+ B4\ D3/ D4/ B5+ @4\ C0\ @6/ A7/ A1\ @4/
LoopTrax_8013797 DavidJ vs. dgb : @0/ A0/ B1+ B3/ C2/ @2\ E3\ E4\ A3\ @2\ @3\ A4+ C5/ D0/ B2\ A2\ @5+ C1+
LoopTrax_8013798 HeatherN vs. Jools : @0+ @1/ A0\ @1\ C1+ C0+ D2\
LoopTrax_8013799 Jools vs. HeatherN : @0/ B1\ A2/ @2+ A3\ @3/
LoopTrax_8013800 HeatherN vs. DavidJ : @0+ @1/ A2\ C1\ B2\ B3\ C3\ C4\ D4\ D5\ E5\ E6\ F6\ C7+ @3\ A2\ G8\ @3+
LoopTrax_8013801 DavidJ vs. HeatherN : @0/ @1/ A0/ @2\ A1\ A0\ D3/ B1/ B0/ C3/ A1\ A0\ D6\ E6\ D7+ D4/ A7/ A8/ @6\
LoopTrax_8013802 Jools vs. DavidJ : @0/ B1\ A2/ B0\ A4\ B4\ B5\ C5\
LoopTrax_8013803 DavidJ vs. Jools : @0/ B1\ B2\ B3+ A3+ B4\ B0/ C3\ @4/ E2/ D1+ E5\ E6\ F3\
LoopTrax_8019540 dgb vs. Traxplayer : @0+ B1/ @1/ B0/ C3/ D2\ E2\ @3\ B1+ B4/ E3+ D4+ E5/ F4+ @3\ G6\ H6\ H4+ B0/ @1+ B0\ B0\ A1\ @1\ A4+ @1\ D0+ C7+ K11+ L9+ @5+ F9\ @5\ E8/ B6+ D0+ G11+ J12+ C9/
LoopTrax_8021177 Rogue Trooper vs. * : @0+ A2+ B2+ @1/ D2\ C3\ C4\ B3+ C1/ E1/ E0/ @3\ C6+ D1+ C0/ G2/ G1/ F0+ H4+ H6+ E0/ G9+ G10/ H8\ I8\ J7+ I3/ I2/ J1\ H0+ H11/ B10+ D11/ C12\ H0/ H0/ H0/ J4+ K4/ L7+ L3+ L11\ M11/
LoopTrax_8021288 ypercube vs. Traxplayer : @0+ A0\ A3/ @3/ A4/ @1+ @2+ @3+ F2/ G1\ F0+ E0/ E0/ E0/ C4\ B5\ D3+ F8+ C9\ A10+ @8\ D11\ E11\ H11+ E12\ I6\ I9/ H8/
LoopTrax_8029050 dgb vs. Traxplayer : @0+ B1+ C1+ D1+ A0\ B3/ @1\ @1+ B3+ C4+ B0+ D2/ C6/ @3+ G4+ C0/ E1+ B6+ @5/ D8/ @5\ B4+ B3\ A4\ @4\ RESIGN
LoopTrax_8030914 dgb vs. Traxplayer : @0/ @1/ B2+ B0\ @3\ B4+ D1\ E2\ F2\ @3/ G1/ RESIGN
LoopTrax_8032339 dgb vs. Traxplayer : @0+ A0+ B2\ C2\ @2\ D3\ C4+ A3+ E3+ D5/ B5+ C6+ E4+ F4\ G4\ F3+ H4+ G2+ D1+ I2/ I1/ D0/ F7\ J2+ G1+ RESIGN
LoopTrax_8034774 dgb vs. Traxplayer : @0/ A0+ A0\ @2\ @2\ A1\ @1\ A0\ E3\ F3\ G3\ C5+ G5\ H3\ F2+ C6/ @5+ G1+ C0+ E8+ I7+ C0/ E10/ F10+ E11/ E12+ @7\ @4+ L4/ L3+ L8/ M3\ E9+
LoopTrax_8041488 dgb vs. scret : @0+ A2+ B2\ C2\ @2\ B0\ D2+ C4+ C5/ A4+ @3\ @2+ D0/ D0/ G5\ E8+ G7\ RESIGN
LoopTrax_8041489 scret vs. dgb : @0/ A0/ A0/ A4/ @2\ @2+ D4+ C0/ A2+ E1+ F3+ E5+ G4+ C0+ C7+ G7/ H7/ @4\ C7+ I5/ C0/ H4+ G3+ E9/ D10\ C9+ C11\ A7+ @5+ B9/ A9/ G10+ RESIGN
LoopTrax_8041490 dgb vs. ypercube : @0/ @1/ B2+ B0\ @3\ A4\ C4/ D3/ @3+ @3\ @3\ F5/ G4+ F6+ F7/ H4/ H5+ F8/ F0+ E1+ C3+ B2+ I6\ E7+ I4/ G2+ J4\
LoopTrax_8041491 ypercube vs. dgb : @0+ A0+ B1+ A3/ C1+ A0/ A0/ C2+ C0\ D1\ D3+ @3+ C1\ @3\ A4/ @4/ C0+ B6+ @6\ B3+ @4/ E0/ E0/ B3\ A2/ @6+ B8+ B9/ A9/ @2\ A1+ A9+ E10\ @6+
LoopTrax_8041492 scret vs. ypercube : @0/ @1/ C1/ @1/ B0\ B0+ D0\ @4/ E5+ F5\ C1\ E6+ B6+ D7+ D8\ A3\ @3\ A0\ RESIGN
LoopTrax_8041493 ypercube vs. scret : @0+ A2/ A0\ @3/ A4/ @1+ @2+ D0/ E1/ E5+ C6/ C1+ F4/ RESIGN
LoopTrax_8042246 Traxplayer vs. Playoria : @0/ @1/ A0/ @2+ B0/ C4\ D4\ @2+ C5+ F4\ D6/ B5/ C0+ F8+ RESIGN
LoopTrax_8045221 dgb vs. Traxplayer : @0+ A0+ B2\ @2/ B3/ B4/ A4/ A5/ @2+ @3+ @4+ F6+ G3+ C1\ B1\ D7/ C7/ @7+ D8/ I3\ J5+ F9+ G9+ G10\ H2/ H1/ J1+ K2+ E0+ B1/ I1+ RESIGN
LoopTrax_8045379 medea83 vs. * : @0/ A2+ @1/ B3\ C3/ C2+
LoopTrax_8046625 ypercube vs. Rogue Trooper : @0+ A2+ A3+ B1/ @2\ C0/ @3/ B4/
LoopTrax_8046640 Red Panda vs. * : @0/ @1/ A0/ B3\ C3\ @2/ B4/ B5+ @1+ C0/ @3\ @2/ E0+ F3+ G2\ H6/ I7\ G8+ J6/ I5/
LoopTrax_8049811 Eunhye vs. dgb : @0/ A0/ @2/ @1+ A0\ A0+ @1\ E4\ D5+ E1/ A4/ D0/
LoopTrax_8049812 dgb vs. Eunhye : @0+ @1/ C1/ C2/ D1/ D0/ A4/ @4/ E4\ C5/ F3\
LoopTrax_8049813 Eunhye vs. Traxplayer : @0/ @1/ C1/
LoopTrax_8049814 Traxplayer vs. Eunhye : @0+ @1/
LoopTrax_8049815 Eunhye vs. medea83 : @0/ B1\ A2/ @2/ @1+ C0/ C4\ D4\ B5/ A5/ @3\ F4\ C6/ F1/ @4+ F0/
LoopTrax_8049816 medea83 vs. Eunhye : @0/ A2\ B2\ B3\ @1/ @3+ A4/ D1+ E4/ @4/ D5+ F6\ G5/ D6/ E7\ @3\ A2\ A1\ A0+ @2/ B6+ A1\ @1\ E0+ F1/ F0/ G1/ E0\ D1\ C1\ D11+ E12\ B9/
LoopTrax_8049817 dgb vs. Traxplayer : @0/ @1/ A0/
LoopTrax_8049818 Traxplayer vs. dgb : @0+ A2+
LoopTrax_8049821 Traxplayer vs. medea83 : @0+ @1/ C1/ @1/ B0/ D3/ A0\ @1\ E1/ RESIGN
LoopTrax_8049822 medea83 vs. Traxplayer : @0/ @1/ @1/ @1/ E1+ E2+ F2\ F3\ C0+ B4/ C5+ G3+ F2/ F1/ RESIGN
LoopTrax_8056467 Traxplayer vs. Playoria : @0+ A2+ @1\ B3+ C1\ D1\ B0+ @1/ B4+ B5/ @3+ D5\ D6\ @2/ B1+ D0/ H3+ H2+ I3\ I4\ I5+ J3+ RESIGN
LoopTrax_8059596 * vs. ypercube : @0/ @1/ C1/ D1/ C0+ D3+ A0\ @1\ D1/ E0\ F2+ A5/ C6+ C7/ C8/ D7+ D9+ E9\ E7/ F7/ C10\ A6+ @8+ C9+ B10+ B11/ C12+ @7\ A6\ C1+ C0/ @7\ A6\ A5+ @5/
LoopTrax_8059704 dgb vs. Traxplayer : @0/ @1/ @1/ C0/ D2/ C0/ D4+ @1+ D0+ @3/ @3/ @3/ C4+ F6+ F7/ D6+ C5/ B6+ C7+ I4+ I3+ D8+ @3/ @6+ B7/ B8+ C9/ A8\ B2\ A1/ G0+
LoopTrax_8059858 medea83 vs. Rogue Trooper : @0/ A0/ @2/ B0/ B0/ A0+ @4+ @3+ @3\ B0+ B0/ D2/ C0/ E2+ E1+ F3+ G3\ H3\ G2+ F8\ F9\ H5\ I5\ I3+ J3\ I1/ J1/ K1/ K4+ H0\ G1\ F0/ I8\ L3/ H0\ L9\ RESIGN
LoopTrax_8077768 dgb vs. Traxplayer : @0+ A0/ A3\ B2/ C2/ C1/ D1/ B0\ B0+ A1\ @2\ D6+ F6+ @2\ A1\ B0+
LoopTrax_8083220 Playoria vs. Eunhye : @0/ A2\ B1/ @2+ D1\ D2\ E2\ E3\ B0\ A2+ E1/ F2\ D0\
LoopTrax_8083530 dgb vs. ypercube : @0+ A2+ B2\ @2/ A3/ @3/ D4+ C5+ @4+ F3/ E1+ F0\ E0/ G6+ G7\ H6/ G4+ RESIGN
LoopTrax_8085856 Traxplayer vs. Rogue Trooper : @0/ A0/ @1/ B0/ C1+ B4+ D2+ @1\ A0\ A0+ @3+ E2+ C1+ C0/ @3\ B2+ C6/ C7+ D8/ F8+ D9/ A4/ @5\ C1/ C0/ C10\ @5\ B4+ B3\ A3\ @3+ RESIGN
LoopTrax_8094832 Eunhye vs. Playoria : @0/ @1/ C1/ D1/ D2+ D0\ E1\ D0\ F1+ F0/ G1/ D0+ F5+ A4\ @5/ D1+ E0/ D8\
LoopTrax_8098601 asdf vs. Traxplayer : @0+ A0+ A0+ A0+ B4\ C4\ B3+ @2\ C1/ @2\ D5+ F4+ D6\ E2+ @1/ H3+ I2\ J2\ H4\ J1+ G0+ C1/ C0/ A0+ @4+ G1+ H1+ D0/
LoopTrax_8098602 Traxplayer vs. asdf : @0/ @1/ @1/ @1/ B2+ A0+ @1\ @1\ B0/ F1+ A0\ @1\ H5\ F6+ H2/ I2/ H1\ D1+ D0+ D0\
LoopTrax_8098603 asdf vs. ypercube : @0+ A0+ B2\ @2/ A3/ @3/ D4+ C5+ D5\ E3/ A6+ @4\ G2\ E6\ C7/ H6\ E7\ C8/ C9/ A1+ @3/ G1+ F0/ I2/ J3+ H1/
LoopTrax_8098604 ypercube vs. asdf : @0+ @1+ C1+ A2/ A0\ @1\ A0\ @1\ D1/ D0/ E5/
LoopTrax_8098605 dgb vs. Traxplayer : @0/ B1+ C1/ C0/ C0/ A2+ A0+ @3/ B0/ E1/ E0/ B7+ F2+ E4+ D7+ C8+ G3/ F5+ C1\ E0/ A3/ RESIGN
LoopTrax_8098606 Traxplayer vs. dgb : @0/ @1/ @1/ D1/ A2/ A0+ @3/ B0/ @4/ D5+ F0+ G2/ H2/ H1/ RESIGN
LoopTrax_8098607 dgb vs. ypercube : @0/ @1/ @1/ B0/ D2+ A3+ A4/ A5/ B4+ @1\ A0\ B7+ @2+ B4+ A5+ @6\ @4+ @5\ B6+ A7\ F8+ J5/ @5\ L5\ I6+ RESIGN
LoopTrax_8098608 ypercube vs. dgb : @0+ B1\ A2\ C1+ B2\ B3/ B4/ D1\ E2/ C3+ D4+ C0/ D0+ D7+ F4+ D0\ @4\ @4\ C6+ B6/ D9\ H3+ I3/ J2\ J1\ K2+ E2+ J4\ K3+ L3\ RESIGN
LoopTrax_8098609 Traxplayer vs. ypercube : @0/ @1/ @1/ B0/ A3+ @3/ A2+ E2/ A4+ B5/ @2\ A0+ B0+ E1+ B0/ G6\ RESIGN
LoopTrax_8098610 ypercube vs. Traxplayer : @0+ B1/ A0/ A3/ @2/ D2/ E2/ C1+ B0/ B0/ B0/ A4+ A0/ @4+ @1+ B0\ @4/ A5/ C0+ @5+ B3+ D0/ @7\ @7\ B8+ L8\ H11/ G11/ E8+ C9/ B10\ C11/ B12\ @7+ I12\ J10+ H13/ G13/ F13+ H14+ E13/
LoopTrax_8110235 jazzbeth vs. ypercube : @0/ @1/ B2/ @1/ D1\ C3/ B2+ @2\ B3+ @2+ C0+ D5+ B5+ B6\ @3\ A4+ B6+ @5\ B7+ F6\ C7+ D8/ D9/ D10/ E8+ @3\ B2/ G10+ D11\ A7+ @7\ C8+ I10\ H8/
LoopTrax_8130264 dgb vs. Traxplayer : @0+ A0/ A3\ B2/ C2/ C1/ D1/ A0+ @1\ D5+ F5+ E0/ F1/ G4+ @3/ A4/ A1\ @3+ F0+ D1+ D0\ B2+ H1/ I1/ F0+
LoopTrax_8133363 dgb vs. Traxplayer : @0+ B1+ C1+ C2\ C0/ RESIGN
LoopTrax_8134863 Rogue Trooper vs. jazzbeth : @0+ B1+ @1+ B2/ A0/
LoopTrax_8134958 ypercube vs. Traxplayer : @0+ B1+ C1+ D1\ @1+ A2/ A0\ @2\ @2\ A1\ A0+ @4+ C5\ @2\ A1\ @3/ A4/ @4/ A5/ A6+ @1+ C0/ I2/ H1/
LoopTrax_8145811 Playoria vs. JonathanT : @0+ A2+ A3+ A4+ B2+ A5+ @3\ C5/ RESIGN
LoopTrax_8148757 dgb vs. Traxplayer : @0+ A0+ B2\ C2\ @2\ D3+ D4/ E2\ E1+ RESIGN
LoopTrax_8156127 Traxplayer vs. Rogue Trooper : @0/ A0+ A0\ @1\ A0\ @4+ A5/ A6/ @5\ A1+ @6/ A7/ E0/ F1/ A3+ @7+ C1\ D0/
LoopTrax_8159234 asdf vs. jazzbeth : @0/ @1/ C1/ A0+ @2+ C3+ @2/ F1\ B0/ G4+ E5/ B0/ D1\ E1+ D0+ C0/ C0/ E2+ F2\ G6+ A5+ @7/ E0\ G2+ @8/ I2/ @8\ H0+
LoopTrax_8163936 sam vs. birddog856 : @0/ A0/ @2+ @2\ @2\ A3\ @1\ D0+ A4\ D4/
LoopTrax_8165768 Playoria vs. birddog856 : @0+ A0\ A3/ @1\ A0\ @4+ @3+ @2+ C5/ B5/ F3\ G3\ H3\ C6+ @2/ F0\ F0+ G2/ F0\ H4+ J6/ I4+ D3/ @5+ E10+ H8+ I9+ I2/ J2/ K2/ A6\ I10/ L6/ H10+ RESIGN
LoopTrax_8166624 JonathanT vs. birddog856 : @0+ A0\ B2\ A3\ @1+ @2\ B3+ E2\ F2\ @3\ @3\ B1\ B0\ B5\ E5\ E6+ F6/
LoopTrax_8172081 asdf vs. birddog856 : @0/ @1/ @1/ A0/ @1+ C1+ B0/ C0+ E3\ E5/ B1+ B0/ B0/ A2+ D4+ F7\ E8/ F4/ D1/ E3/
LoopTrax_8174447 birddog856 vs. jazzbeth : @0/ @1/ A0/ A3\ C2/ C3+ B1+ A0/ @2+ @1/ @2\ B3+ C4+ F5/ D6+ B5+ @3\ F7/ F8/ H2\ F0+ C1+ C0/ C0/ A3+ G3/ H4+ H2+ F0+ G0+ I5\ A4\ I9\ A3\ H10\
LoopTrax_8177054 asdf vs. Rogue Trooper : @0/ A0/ A0/ A0+ A5/ A0/ A0+ B3\ @3\ D2/ D1/ D7\ D8\ E4/
LoopTrax_8182333 Eunhye vs. ypercube : @0/ @1/ A0+ A0\ @1\ A0\ @1\ D1/ C0\ E4/
LoopTrax_8182334 ypercube vs. Eunhye : @0+ A0+ A0+ @3\ C2/ @3\ E2\ D3+ D4\ E3\ F3\ C4/ E4+
LoopTrax_8182335 Eunhye vs. asdf : @0+ A0+ A3\ A0+ B3+ A0+ B6/ A7\ A0/ B1/ C2\ C3\ @3\ @3\ F1/ F0/ B2+ G4+ @2\ B1/ G0/ B6/ A6/ @7\ G7\ H8/ J5/ J6+ I10+ I11\ J8+ K9/ J11\ G12+ E11+ K11\ I13+
LoopTrax_8182336 asdf vs. Eunhye : @0/ A2\ B2\ B3\ B4+ B1+ C3\ D3+ B0/ E3+ B0/ E0+ F1/ F0/ G4+ C1\ A3\ D0/
LoopTrax_8182337 Eunhye vs. dgb : @0+ A0+ @2/ @2/ B3+ A1+ @3\ C4/ A5+ @4/ A2+ F3\ F4\ F5\ C6/ G5+ G6\ G2/ H3\ C0/
LoopTrax_8182338 dgb vs. Eunhye : @0/ B1\ B2\ @1/ B0+ B3+ D3/ @2+ D4+ A3/ A4/ C5\ D6/ A7+ @6/ @6/ A7/ A8/ G6\ F7+ H4+
LoopTrax_8182339 Eunhye vs. birddog856 : @0+ A0+ @2+ B0/ @3/ @3+ A2+ @2\ A1\ B0\ A4+ @3/ @2/ @2/ F2/ H1/ G0/ I3+
LoopTrax_8182340 birddog856 vs. Eunhye : @0+ A0/ @1+ A0+ @1\ A0\ B0\ C2+ D3+ A4+ @3/ @3/ A4/ C5\ E6\ F6\ D7/ C7/ @2+ C1/ A7+ @4\ C8+
LoopTrax_8182341 ypercube vs. asdf : @0+ A2+ A0+ A4+ A5+ A6+ A7+ A8+ A9+ A10+ A11+ A12+ B7+ @7\ C6/ @7\ @7\ E8+ F7+ @7\ C5+ A8+ A4\ @4\ D3+
LoopTrax_8182342 asdf vs. ypercube : @0/ @1/ @1/ D1/ D0+ E1/ F1/ D0\ D4+ F0+ D0/ C7+ A8+ @7/ @7/ A8/ A9/ G6\ H6\ F7+
LoopTrax_8182343 ypercube vs. dgb : @0+ A2+ A3+ B3+ @2+ A1+ @2+ @2\ E2+ E4/ D0/ E1/ E0/ F4+ G3+ F0+ D8\ F7+ G6/ C3+ B3+ @5\ @5\ E1\ D1\ C1+ C0\ C0+ B3+ @3+ @4\ E8+ G2+ C2+ G1+ F0/ F0/ E2+ D2+ G11+ I13+ H2+ L6+ E0\ D1\ H1/ J3+ F0/
LoopTrax_8182344 dgb vs. ypercube : @0/ @1/ A0/ @1/ B0/ B4\ D3+ E3\ E4\ F4\ C5+ D6+ G5+ A5+ B6/ B7/ A7/ @6/ @6+ @6\ E8+ E9/ C7/ I2/ J2/ F1+ I1+ C10+ B10/ A9+ @6\ @6\ M5\ M7+ M1/ L0\ M5+ N5+ N4/
LoopTrax_8182345 ypercube vs. birddog856 : @0+ A2/ A0\ @3/ A4/ @1+ @2+ B5+ E2/ F1\ G2/ C0/ A2\ D6+ E5\ @6/ A7/ A3+ H0\ I3/ @5+ @5/ @6\ @5/ @8+ D9+ C4+ C3/ C2/ C1/ A4\ @8\ C3\
LoopTrax_8182346 birddog856 vs. ypercube : @0/ @1/ B2/ C2/ @1+ @1\ D0+ B3/ @3\ B4\ D5/ B0+ B0/ A2+ @3/ E0+ F1/ D0/ C2+ D0/ G2+ A9/ C10+ H8\ H9\ H7\ I8+ H6+ I10\ J10\ F9+ F11\ H10/
LoopTrax_8182349 asdf vs. birddog856 : @0/ @1/ C1/ C2/ D1+ D3/ D4/ B2+ @2\ B3\ D0/ A5/ @5/ D6/
LoopTrax_8182350 birddog856 vs. asdf : @0/ A0/ B2/ C2/ D2+ D1/ @2/ B0+ E4\ F4\ F5\ G5\ C1/ B6+ G1/ C0/ H2\
LoopTrax_8182351 dgb vs. birddog856 : @0+ B1/ @1/ B0/ B0/ A2+ B4+ D3/ C4+ D5/ E4+ F4\ G4\ D2/ C1+ C0/ C0/ F5/ E3+ A7\ B8/ E8/ @8+ @7\ C2+ B3\ B9+ A9/ @8/ B10\ J9+ K7/ G8/ RESIGN
LoopTrax_8182352 birddog856 vs. dgb : @0/ A0/ B2/ A3+ A4+ C2\ D2\ @3\ E1/ F2\ B5+ @2+ @2/ @2/ C0+ A2\ @3/ A4/ C5+ @3+ RESIGN
LoopTrax_8189939 dgb vs. Traxplayer : @0/ @1/ B0+ A0+ C3+ @2/ @2+ B3+ @2\ E4+ E5/ E6/ E7/ C4+ B6+ F7+ G3\ E8+ B8+ A8/ G2/ H3\ E1/
LoopTrax_8192124 Traxplayer vs. birddog856 : @0/ @1/ @1/ C0+ A3/ D3/ @3+ B4\ B5\ B6+ C4+ F3+ A6+ B7\ @6\ A2+ H3/ D6+ @4+ B0+ C0+ F9\ F10\ H7\ I7\ H4+
LoopTrax_8192395 dgb vs. Traxplayer : @0+ A0+ B2\ C2\ B1+ C3\ C4+ D4\ E4+ C5/ @4+ E6\ F6\ @4\ F7+ D6+ C7+ G8/ G9/ E8+ D9+ B8+ D10/ A8+ @7+ A4+ @5\ @5\ A4\ A3\ E2+ @6/ A7+ A8\ B8\ @3\ F10/
LoopTrax_8192506 birddog856 vs. Playoria : @0+ A0+ B1+ A0+ @2+ B4+ C4+ B5/ D4\ B0/ B0+ C2\ A7/ A2+ B0/ E7\ @7+ F8+ C9+ E9\ C10/ E5/ @6\ H8/
LoopTrax_8192507 birddog856 vs. Playoria : @0/ A0/ @1/ @1/ A0/ @2/ D1/ A3+ A4/ A5/ E1/ @4+ @3+ B2+ D4+ E5+ C0\ D0+ F0+ F0\ E0/ G2+ E0/ H3+ I4+ H2+ D3+ I1/ G0+ A12/ C13/ RESIGN
LoopTrax_8193351 jazzbeth vs. asdf : @0/ A0/ B1+ A3+ A0/ A0/ B6/ C1+ C4+ D2+ E3/ @5\ @3+ @4\ G6+ E7/ I5\ I6\ J6\ J7\ J8+ K4+ L7+ K8\ H9/ G9+ G10/ A5/ K9\ @5\
LoopTrax_8200083 dgb vs. Traxplayer : @0+ B1/ @1/ B0/ B0/ A2+ C4/ D3\ E3\ B5+ D4+ C5+ D6/ D7/ D8/ E5+ F7+ @4/ B0+ A2\ C9/ C10/ G4\ H4\ D2/ RESIGN
LoopTrax_8200428 Rogue Trooper vs. medea83 : @0+ @1/ A2/ @2/ D1+ C0/ B1+ B0/ D1\ @4/ B1+ B5+ B6/ B7/ @6+ A4+ A0+ @1\ A0\ @4+ E2+ B0\ @1+ @1/ C0/ D0\ F1+ F0/ G1/ G0/ G6+ RESIGN
LoopTrax_8213064 birddog856 vs. dgb : @0/ @1/ B2/ C2+ @1/ E1\ C0/ C0/ F2+ G2\ H2\ G1+ C5/ B5/ A4+ C6+ E6/ F4+ I4+ H5\ G6\ F7\ J3\ @1+ D0+ L4\ K6+ K7/ K8/ K9/ M6\ M7\ M10+ N7\ H10+ F9+ K11/
LoopTrax_8218214 JonathanT vs. Playoria : @0+ A0+ B1+ A0+ C2+ A4+ @3\ @3\ F2/ F1+ @2/ H1/ H0+ H0/ I3/ G5+ H5+ G6/ H6+ I6\ I7\ F5+ I5/
LoopTrax_8227396 jazzbeth vs. robertst : @0/ A2\ B1/ @2\ @2+ A3+ @3/ D4\ E3/ F1/ D5+ G1\ F3+ G3+ E4+ B1\ D0+ F0/ G1/ H3\ A3+ @5/ G0+ A7+ B8/ C9/ A4/
LoopTrax_8227402 asdf vs. Traxplayer : @0/ @1/ B2/ C2/ D2/ B3+ A3/ A4/ C4+ A5+ C6/ D5+ A0/ E3+ D8/ E7+ E9+ F5+ G4\ H4\ I4\ G6+ H7+ F8+ F10/ F11/ F12/ F13/ G11+ D13+ C9\ E14+ B9/ C10+ A9/ B7/ @7\ @7\ D10/ D13/ C13/ G15/
LoopTrax_8235754 Red Panda vs. birddog856 : @0/ @1/ C1/ A2\ A0/ D2+ E2\ B3+ D4+ A0/ C2/ D6/ C7\ F4+ B7/ A0/ C9/
LoopTrax_8245627 dgb vs. ypercube : @0/ @1/ A0/ @1/ B0/ B4\ D3/ E3+ C2+ B0+ E5+ F4/ F3/ F2+ E1/ A0/ @1+ H5\ H6\ I6\ G7/ I3+ J6+ H1/ G0+ I3/
LoopTrax_8248268 JonathanT vs. Traxplayer : @0+ A0+ B1+ A0+ C2+ C1+ C3+ B0+ D2/ E2/ @2/ F1+ F3+ E0/ G2/ G3+ A2\ @4\ H0/ I1/ I3+ @4\ RESIGN
LoopTrax_8248269 Traxplayer vs. JonathanT : @0+ A2+ A0\ @3+ B4/ A1\ A0\ @1\ A0\ @4+ E1+ B0+ D8/ D9/ @3+ @2/ @3\ @3\ @3\ D4+ A1\ @2/ I0+ F1+ L1/ RESIGN
LoopTrax_8250584 Rogue Trooper vs. birddog856 : @0+ A2+ B2+ B3+ A0/ B5+ @1/ @2\ @1/ D0/ E1/ F5\ D6/ C6+ F7/ @1\ A0/
LoopTrax_8253936 EU BNL frisian3 vs. birddog856 : @0/ A0/ @2/ @1/ D1\ C3\ D3\ E3/ B0\ C0\ B1\ D1/ E3\ C0/
LoopTrax_8255518 dgb vs. Traxplayer : @0+ A0/ A3\ B2/ C2/ C1/ D1/ A0+ @1\ D0/ @2/ D0/ B5/ A6\ F7+ G4+ A7+ F8/ H6+ D9/ C9+ E10\ F10\ G8+ @3\ RESIGN
LoopTrax_8259871 birddog856 vs. Traxplayer : @0/ @1/ A2/ B3+ C1/ C0/ D4+ E3+ D0+ D6\ E6\ @2+ B1\ G6+ F7/ @3/ F0/ H1+ I3+ B1/ E0+ E0/ E0/ D2+ B1/ J6\ F11+ G3+ H2+ H0+ G0/ I3+ I5\ J5\ K8\ L8\ K5+ J2+ I1+ E2+ M5/ M4+ L1/ C1\ K0\
LoopTrax_8266464 birddog856 vs. Traxplayer : @0/ @1/ A0/ @1/ D2+ D3+ E3\ E4\ C4+ C5/ D6+ F4+ G4\ D7/ B6+ F5+ E7+ H4\ G3+ D8+ D9/ A7\ B0/ C2/ @5/ @4+ B6+ H3+ D9+ A7\ @6+ B8/ A8/ F10/ F11\ L5+ J2+ C1+ D0\ F1\ E0+ C1/ B3+ G2+ H1+ J1+ K2+ H0+ K2/ I1+
LoopTrax_8272058 ypercube vs. birddog856 : @0+ A0+ A0+ A4+ A5+ A0+ A0+ A8/ A0\ @9/ A10/ @8/ D8/ E7\ F8/ D9+ G8+ H8/ C11/ E10+ G11/ D12/ F13/ G12+ I8/ J8+ J9+ K9\ K10\ H11+ D13/ J11+ H7+ E6+ B5\ I13\ H14+ J13/
LoopTrax_8274062 birddog856 vs. Traxplayer : @0/ @1/ A0/ @1/ B3/ D2/ B0/ A4/ A5/ E5+ B6+ @6\ G3\ C7+ @3/ @1+ D0+ @3/ C6+ G1\ G0\ D1/ C0+ C0/ C0/ A6\ @6+ F3+ E0+ I6+ J5\ @7/ A8/ @8/ A9/ G13/ F13/ F14/ E12\ D10/
LoopTrax_8275710 birddog856 vs. Traxplayer : @0+ A0+ B2+ @1+ D2+ B3+ E2/ E3/ A2/ E1/ D4/ D0+ D0/ F2+ G1\ D7/ E6+ C6/ C7/ A6+ @6\ F8+ E9\ G8+ H7+ H6+ I7+ J7/ J6/ F10\ G10\ F11\ G4/ G0+ H10+
LoopTrax_8292211 birddog856 vs. dgb : @0/ A0/ B2/ B3+ @1/ C4/ B5\ D4+ E4\ D2+ F4\ C1/
LoopTrax_8293346 dgb vs. ypercube : @0+ A0+ B2\ @2/ A3/ @3/ D4+ C5+ @4+ F4\ F5\ G4/ @5\ A6+ C7/ E7+ D8\ F7/ @6/ C8\ C2+ A4+ D1+
LoopTrax_8293516 Playoria vs. birddog856 : @0+ A2+ B1+ A0+ C2+ C3\ @2+ B0+ @3+ A4/ E5\ E6/ F5/ A5/ A6+ E7+ @6\ H5+ D8+ D9\ F8+ A7+ D10\ I5+ G9+ E1\ C2+ I4\ RESIGN
LoopTrax_8294979 Traxplayer vs. birddog856 : @0/ A0/ @2/ @1/ C0+ @2/ A0+ @2\ D0/ E1/ @4\ G5\ E6+ G1/ H1+ F0+ D7\ C1\ RESIGN
LoopTrax_8296929 Rogue Trooper vs. Tezcatlipoca : @0+ A0+ @2+ C1\ @2/ B1\ @2/ C0\ B4+
LoopTrax_8305687 Traxplayer vs. Rogue Trooper : @0/ A0/ @1/ B0/ C1+ D1\ C4+ E2/ E0\ E0+ F1+ F0/ G3\ C3+ F7+ G4\
LoopTrax_8307616 birddog856 vs. Traxplayer : @0/ @1/ B2/ C2/ C3/ D3/ D4/ E4/ C4/ C5/ C1/ B5+ @1+ C0/ @2/ A3+ F2/ F1/ F0+ G3+ A1\ RESIGN
LoopTrax_8315962 Eunhye vs. Traxplayer : @0/ @1/ C1/ D1/ C0+ D3+ @1\ C0+ F4\ B5+ @3/ B4+ H3/ H2/ F1\ D6+ I4\ H5/ @2\ B1/ C0\ @3+ J1/ K1/ L1/ L0/ M3\ N3+ M4+ N0/ O2\ H1+ K0\ G3+
LoopTrax_8315963 Traxplayer vs. Eunhye : @0/ B1\ A2/ A3/ @2\ @3/ C4/ @2\ A1\ @3/ C4/ C5/ B0/ D2+ D1+
LoopTrax_8315964 Eunhye vs. asdf : @0+ A0+ B2\ A0+ C3/ C2/ D2/ D1/ E3\ E4\ D0+ A5+ @4\ B6\ F1+ G4+ @3\ A2\ B5/ A6\ @3\ E0+ C1+ B2\ F0/ G1/ G0/ H1/ J6\ A4\ @7/ C2/
LoopTrax_8315965 asdf vs. Eunhye : @0+ A0+ B1+ A3/ @1+ C3\ B4/ A4/ @3+ C0/ C0/ D6+ B7/ E3\ @5/ @7/ B8+ B9/ A9/ @7\ C3\ B4\ C2/
LoopTrax_8315966 Eunhye vs. dgb : @0/ A0/ A3/ A0/ A5\ B5\ @1\ A0\ D6\ @3+ B6+ D3+
LoopTrax_8315967 dgb vs. Eunhye : @0/ B1\ B2\ A2+ C2/ @1/ @2\ @1/ C3+ A4+ @3/ @3/ A4/ C5\ H3\ I2/ E0+ A2\ F4+
LoopTrax_8315968 Eunhye vs. birddog856 : @0/ @1/ B0/ A0/ C3+ A4/ B5+ D3\
LoopTrax_8315969 birddog856 vs. Eunhye : @0/ B1\ B2\ C2\ B3/ A2+ C4\ D4\ A4/ B5\ @3\
LoopTrax_8315970 Traxplayer vs. asdf : @0/ @1/ A0/ @1/ A0/ @1/ C4/ D5/ E5/ F5/ D6+ C6/ D7/ E7+ E8/ E9/ F8+ F10/ G7+ D9/ C9+ E10+ G4/ H7/ I5+ I4/ I3+ J3/ B6+ F3/ F2+
LoopTrax_8315971 asdf vs. Traxplayer : @0/ @1/ @1/ @1/ @1/ C0+ D3+ E0/ F3/ A1\ @1\ D0+
LoopTrax_8315972 Traxplayer vs. dgb : @0+ A0+ @1+ B0/ C2/ D2/ B0/ B0/ C2/ B6/ D3+ A5+ E2\ F2\ E4+ E1/ B7+ F5/ F6+ D8+ G6+ H5+ I3+ H2/ H1+ G8\ H6+
LoopTrax_8315973 dgb vs. Traxplayer : @0+ B1+ C1+ D1/ A2+ D2/ E2/ D3+ D4/ F2\ G2\ F1+ F3+ E4+ F0/ E6+ E7/ C7+ B7/ E8/ C4+ A7\ A6\
LoopTrax_8315974 Traxplayer vs. birddog856 : @0+ A2+ @1+ B0+ C1+ B0+ @3+ B2+ D3\ C5\ B5\ A2\ @3+ F4\ G4\ H4+ F5+ I4\ F3+ F1\ F6+ D6+ B5+ C7\ C8+ H5+ J4\ I3+ G2+ K3/ K2/ H1+ I0+ F1+ L1/ J0\ L5+ M4\ L7\ RESIGN
LoopTrax_8315975 birddog856 vs. Traxplayer : @0/ @1/ A2/ B3+ C1/ C0/ D4+ E3+ F2+ A0+ @4+ C0/ E7/ H4\ I4\ H3+ F7\ E8/ B7/ A7/ A8/ @7\ D8\ B9+ H5\
LoopTrax_8315978 asdf vs. birddog856 : @0/ A0/ A0/ @3+ A4/ A5+ C3/ A6+ A7\ D3/ D2/ B6\ C6\ B7\ B5+ E5+ E7+ A8/ @8/ G4/ C0/ A5+ @4/ A9/ E2+ C0/ H8+ I6\ H5+ G3+ J6\ I3/ I2/ J7\ K7\ G10/ C11+ B8\
LoopTrax_8315979 birddog856 vs. asdf : @0/ @1/ B2/ B3/ C3/ C4/ B0/ A0+ @2\ D1\ @3/ B4\ A1\ A0\ @3\
LoopTrax_8315980 dgb vs. birddog856 : @0+ A2+ B2\ A0+ @2/ @3\ C4/ E3\ E2+ D0\ E2+ @5\ F6+ G4/ B2+ E0\ B2+ A4+ G2+ H2\ I2\ G0+ I4\ H7+ H8/ J3\ J5+ K6+ D9/ C8+ @8/ A9/ A5\ @8+ B3+ C1+ H0/ J2+ D1+ F0+ H1/ RESIGN
LoopTrax_8315981 birddog856 vs. dgb : @0/ A0/ @1/ A0+ C3/ C4/ B4+ A0/ B6/ @2+ @2\ F4\ G4\ A1\ C0/ E4/ H5+ C7/ @3/ A4/ C5+ C1+ G3+ E8+ E9\ F9\ G9+ E10/ D10/ C9/ B9/ B10/ E11+ A8+ B6+ @5+ A2+ @7/ B9+ B1\ B0\ A2/ A6+ @1\ RESIGN
LoopTrax_8318272 dgb vs. Traxplayer : @0/ @1/ A0/ @1/ B0/ B0/ C5/ D4/ E5+ E6\ D3/ F5+ @1+ B0\ B0\ A1\ @1\ A0\ @3/ @3+ A4/ A5+ B6/
LoopTrax_8318313 Rogue Trooper vs. asdf : @0+ A2+ B2+ A0+ @2+ B4+ D3+ B0+ @3+ C6+ D1+ C0+ E2+ C0+ F6/ E5+ B6/ A4\ B2/ A3\ F3\ G4/ H4/ I3+ G2+ F7/ F1/ F0/ @5+ @5\ B3+ B2\ @4/ B6+ J7/ K7+ G2+ B7/ B8+ C9/ K2+ M2+ G9+ C1\ G0/ @6\ @3+ A1+ A8+ A9+ @5/
LoopTrax_8318314 medea83 vs. ypercube : @0/ @1/ A2\ C1\ B2+ B3\ C2\ D2\ D3\ A0\ @2/ E1/ RESIGN
LoopTrax_8323163 birddog856 vs. Traxplayer : @0+ A0+ B1+ @1+ @1+ A0+ @2+ D4+ C4/ E4\ E5\ F5\ C6+ B6/ F7+ A6\ @6\ D1/ C3/ D0+ B5+ G9/ B8/ C8+ H8/ F10+ F11\ I8/ H9+ H6\ B9/ F12+ A5+ H10+ D11+ @5\ @4/ D12/ C12/ K4/ J3\ L9+ K10\ M8\ A6/ @7\ D8+
LoopTrax_8330459 birddog856 vs. dgb : @0/ A0/ @1/ A0+ B4/ A0/ A4+ @2+ D1\ E1\ @3\ B5+ C6/ E4+ C7+ G2/ G0+ H4\ F5+ H1/ I1/ H0\ D1+ I0/ RESIGN
LoopTrax_8330464 Traxplayer vs. ypercube : @0/ @1/ B0+ B0/ C1+ @2/ B1+ C0/ @3\ @3\ D5+ G2\ E0+ C2+ C5/ @5\ F7/ G7+ H5+ F0/ E1+ G2+ I6+ J6/ K5\ L6/ I4+ L3+ M5\ K7/ M8+ N6/ I7\ H3+ I8/
LoopTrax_8335062 jazzbeth vs. medea83 : @0/ B1\ A2/ @2/ B0+ @3/ B0+ D4+ C5/ B5+ B6/ C6+ @6/ A7/ A2+ RESIGN
LoopTrax_8344251 birddog856 vs. Playoria : @0/ A0/ @1/ B0/ @1/ @1+ C0/ @2/ @2+ D0+ G3+ C4+ C5/ B6\ D0+ F2/ E1+ D7\ C8/ H4/ H3/ I3/ H2/ H1/ RESIGN
LoopTrax_8350965 BigDaddyTuaine vs. ypercube : @0/ @1/ B0/ @1/ B0\ B0\ D3/ E3/ F3\ F1/ G1+ E0/
LoopTrax_8351162 birddog856 vs. Traxplayer : @0/ @1/ A0/ A3+ C2\ B4/ @3+ A2+ @3/ @3/ B1+ @2/ B1+ E0/ E0+ F3+ E7+ C6+ G2\ H4\ I4\ G5\ I5/ H6/ G7\ I6+ I3/ C7/ J3\
LoopTrax_8357602 birddog856 vs. Playoria : @0/ @1/ B2/ B3+ @1+ C0/ D1+ C5+ C0+ C7/ C8+ E2+ C9+ D9+ D7/ E4+ C10\ E9\ F8+ B8/ B7+ F3+ G7+ H5+ E1+ A6/ G2+ I4\ H2+ E0\ @7+ C5/
LoopTrax_8361695 ypercube vs. jazzbeth : @0+ A2+ A0+ A4+ B4+ B1+ @2+ A4+ @2+ A1+ @2+ A3+ @2+ A3+ @2+ B1+ @2+ A3+ @2+ B1+ J4+ J5\ D0+ H6+ H7/ G6/ C5/ B1\ B6\ D5+ E6/ E1+ H1\ D0/ F8+
LoopTrax_8369909 Traxplayer vs. Rogue Trooper : @0/ A0/ B1+ C1+ A3\ B0/ @3+ B1+ B5/ A4+ @4\ A1\ RESIGN
LoopTrax_8373412 birddog856 vs. Traxplayer : @0/ @1/ A0/ @1/ A0/ @2/ E3+ E2/ E1/ A0\ @3+ F1+ C0\ D1+ E0\ @4+ H3/ F7+ C1/ D0+ D0\ B2+ A5\ @5+ E9+ F10+ F11\ D0\ I5+ J6+ I8+ K6+ J8+ D0/ E1/ F2/ G2+ H2\ E0\ F15\ E14+ D13+ C11+ F16+ D15+ F1\ F0\ G2+ H3+ K10\ H14/ I13+ J12+ @10\ A11+ B12+ D14+ D15/ @11\ N10+ O10\ I15+ K15+ O11\ O12+ P11+ P9\ K4+ H0\ M9+ J1/ RESIGN
LoopTrax_8374084 jazzbeth vs. medea83 : @0/ B1\ A2/ @2/ A3/ C3\ A4+ D2+ B0/ @2+ F4/ F2+ G3+ C6/ F5+ B0+ @1+ A5\ B6+ D0\ E2+ F1+ E0+ C10/ A9+ @4\ B6\ A5/ @3/ D10/ J3+ K3\ J1/ K1/ I0\
LoopTrax_8396634 birddog856 vs. Traxplayer : @0/ @1/ A0/ @1/ B0/ B4+ D3\ C2/ A4\ @1+ B0\ C0\ @5\ B6+ D0+ E1+ E0/ F4+ G6\ H6\ G3\ G7+ I5+ H3+ G2\ E0/ G9\ H10/ I10+ J6\ G11+ H11\ E12/ D10+ H12\ G13/
LoopTrax_8404151 ypercube vs. Rogue Trooper : @0/ A0/ B2/ B3/ @1/ B0/ @1/ @1+ B0\ B3/ C0+ A2\ C0\ C6+ B7\ A6+ E2/ E1/ D0/ D0/ E1/ F4+ @3\ A2\ H5/ D0\ A2+ @4+ I3+ RESIGN
LoopTrax_8404323 asdf vs. Traxplayer : @0/ @1/ @1/ @1/ @1/ C0+ A3/ E0/ F1/ A1\ RESIGN
LoopTrax_8406386 birddog856 vs. Traxplayer : @0+ A0+ @1\ A0+ A0\ @3\ D2\ E2\ D4+ A0/ C2+ A0/ @2\ G5+ @3/ H3+ F2+ G1+ D0+ I4\ I3+ D0/ F0+ E0/ D2+ H4+ G1+ I1+ J5\ K4+ K3/ L3/ L2+ M4\ G0/
LoopTrax_8420301 Traxplayer vs. Carol91859 : @0/ B1\ A2/ B2\ A3\
LoopTrax_8428601 * Sassy_Angel * vs. REBEL DJ : @0/ B1/ C1+ C0\ C3\ D3\ C4/ B4+ C5\ @4/ A5/ A1\ @2\ C0\
LoopTrax_8428602 REBEL DJ vs. * Sassy_Angel * : @0/ B1\ B2\ A2+ A3+ @3/ B0\ A1\ @4+ C5\ E3/ B3+ E4\ F3/ A5+ A6/ @4/ H3\ H4\ B1/ A1\ B0/ C0\ A9\ E9\ @8/ F10/
LoopTrax_8433038 Traxplayer vs. jazzbeth : @0/ @1/ A0/ @1/ B0/ C1/ C0/ A4/ D1+ D0+ @5/ A6/ C7+ F6+ A8/ @6/ C1+ @2+ D9\ F8+ I4+ I7+ G0+ H2\ E0\ C2+ @2\ C1+ A8/ @5+ @5\
LoopTrax_8433194 birddog856 vs. Traxplayer : @0/ @1/ A0/ @1/ A0/ @2/ C1/ D2/ C0\ D1\ E2\ F2\ E1+ G1+ E0\ H2\ E0+ G5\ I3\ G6/ E6+ F7/ E8\ G7+ F9/ H8+ I5\ J5\ @4+ B3\ B2\ A1/ G2+
LoopTrax_8433195 Traxplayer vs. birddog856 : @0/ @1/ A0/ @1/ B0/ B4\ D3/ A0/ @3+ @1/ A0+ D1\ D0+ B0/ E6+ A1\ @3+
LoopTrax_8433634 Playoria vs. birddog856 : @0+ A2+ @2/ B0+ C3/ D3/ B4\ @4\ @4\ C5\ B6+ G3+ H3/ D0\ F2\ I4+ D0\ E1+ A4\ @5/ F7+ RESIGN
LoopTrax_8435438 dgb vs. birddog856 : @0/ A0/ A0/ @2+ B0/ C1/ @4\ @4\ B5+ D5+ C6+ D0+ D0/ F1\ B3+ D0+ @8/ C9/ @7\ A6\ A5+ @7+ C3\ RESIGN
LoopTrax_8435439 birddog856 vs. dgb : @0/ A0/ A0/ B2\ C2/ A0/ @3/ @2+ @2+ B0\ A2+ @2\ A1\ @1\ C0/ C0+ RESIGN
LoopTrax_8435440 dgb vs. davidmilne : @0+ A2+ B2\ B1+ @1\ C0\ D3\ D4\ D5+ RESIGN
LoopTrax_8435441 davidmilne vs. dgb : @0/ A0/ B1+ B3/ B0\ @3+ B4+ B5/ A4/ @4/ RESIGN
LoopTrax_8435442 dgb vs. Traxplayer : @0/ @1/ @1/ @1/ B0/ A3/ @3/ @2+ A0+ F5+ G4\ E1\ H3/ RESIGN
LoopTrax_8435443 Traxplayer vs. dgb : @0/ A0/ @1/ A0+ A3+ C2\ B4/ @3\ @2\ D5/ D6/ E4+ F5+ G5/ H5/ G6+ F3+ D0+ B5+ A4+ @5\ C8/ B8/ H3+ J5\ G8+ F9+ G2+
LoopTrax_8435446 birddog856 vs. davidmilne : @0/ A0+ @1/ A0/ C1\ D2/ C3+ D0/ E1/ E3+ @3/ A4/ A1\ RESIGN
LoopTrax_8435447 davidmilne vs. birddog856 : @0/ A0/ B1+ C1+ C0\ B0/ B0/ A2+ @2/ @3\ @2/ C4+ C6\ D0\ C1+ @5/ RESIGN
LoopTrax_8435448 birddog856 vs. Traxplayer : @0/ @1/ B2/ C2/ B3/ B4/ B0\ A3+ D4+ @4+ @4\ C6/ C7/ D6+ E7+ G3\ H3\ D8+ D9/ D10/ E9+ B2\ A1/ D0/ E1/ @2+ E0+ C2+ B2\ @5/ A6/ B7/ B8/ A9\ @5+ @4/ F1+ F0/ D2\ C3/
LoopTrax_8435449 Traxplayer vs. birddog856 : @0/ A0/ @1/ C1\ B0\ @2/ E2\ D1+ D3+ B3+ D4+ D5/ D6/ E5+ D7+ B5+ @4/ A5/ G5+ @4+ B2+ F8/ @5\ A3+ A6/ @6/ A4+ C7/ G7+ J6+ K6\ I0\ J2/ H0\ K4/ J5+ L4+ L8+ H11/ H12/ I10+ H13+ C3+ @6\ G2/ D2/ @6+ H1/ M3/ O4\ N9+ M7+ P6+ Q6/ P4+ M2\ K1+ O3+ N2+ L0+ P9\ Q9\ R9\ H13/ H14/ G12\ G10+
LoopTrax_8435450 birddog856 vs. bengt : @0/ @1/ A0/ @2/ A3/ C4/ D2+ D5/ @1+ B0\ A5/ @3+ F2\ B6\ D5+
LoopTrax_8435451 bengt vs. birddog856 : @0/ A0/ @1/ C1\ B3/ A0/ D2\ C1+ A0/ @2+ @2\ B0+ B0/ D2+ C6/ A5+ @3/ @3+ @3/ @3/ @3/ D4+ E6+ G0+ L6\ F8+ E9+ G9+ F10/ L4+ RESIGN
LoopTrax_8435452 davidmilne vs. Traxplayer : @0/ @1/ C1/ D1/ C2+ E1/ E0/ E4\ F3+ A4/ RESIGN
LoopTrax_8435453 Traxplayer vs. davidmilne : @0/ @1+ @1\ C0/ D1/ A0+ @1\ @1\ B0/ F1+ A0\ @1\ H5\ G6+ F1+ C0+ E1/ E0/ H4/ RESIGN
LoopTrax_8435454 davidmilne vs. bengt : @0/ @1/ A2+ A3/ A4/ B3+ @2\ @1/ C0+
LoopTrax_8435455 bengt vs. davidmilne : @0/ @1+ A2/ A3/ B2+ @2+ @2/ @3\ B1+ F2\ D4/ A5+ @5/ G5+ RESIGN
LoopTrax_8435456 Traxplayer vs. bengt : @0/ @1/ A0/ A0+ @3/ B0+ A5+ @2/ A5\ C0\ @3+ C2+ @4/ B1\ RESIGN
LoopTrax_8435457 bengt vs. Traxplayer : @0/ @1/ A0/ @1/ D2/ B3+ A3/ D4\ E2+ F2\ B0/ D6/ D7/ A5/ A6+ C8/ C9/ D8+ A7+ @1+ B0/ B0/ C1/ A9/ B10\ @10\ I6/ A1\ C0+ A9\ @8/ A5+ @6\ B3/
LoopTrax_8453274 medea83 vs. jazzbeth : @0/ @1/ B0\ A3\ @2/ @2/ D0\ E2+ F2\ G2+ F3/ E4\ E5\ B6+ D7+ E8/ F6\ G6\ F7+ G5+ F1+ H6+ F9\ G9\ H9\ H10\ I7+ D10/ RESIGN
LoopTrax_8454061 davidmilne vs. SnugglyBear : @0/ A2\ B1/ B0+ B0\ @2\ @2\ @3\ A4+ D5\ C5+ @3/ F5\ G3/ E6+
LoopTrax_8457970 birddog856 vs. ypercube : @0/ @1/ A0/ @1/ B0/ @1/ C4/ A0\ @1\ E2/ @1/ A2/ E0+ G3/ H1\ C0+ @4/ D5/ D6/ A7+ @6/ @6/ A7/ A8/ B9+ I8+ K8+ L7+ M3\ K9\ L9\ M9+ K10+ M4+ N5+ K1+ RESIGN
LoopTrax_8462715 Traxplayer vs. bengt : @0/ A0/ @1/ A2+ @2/ @2/ A1\ @2/ C0/
LoopTrax_8462716 bengt vs. Traxplayer : @0+ A0+ B1/ C1/ B2+ C3/ C4/ D3+ E4/ C0/ C0/ F5+ E7\ F7\ F8\ G5\ B8/ C9/
LoopTrax_8466311 birddog856 vs. Traxplayer : @0/ @1/ A0/ @1/ D2+ D3+ E3\ C4/ D4+ D5/ B0/ F4\ E6+ D7/ G5\ H5\ G4+ G6+ C6+ F7+ B7/ D8/ C2/ A7\ B6\
LoopTrax_8474554 birddog856 vs. Traxplayer : @0/ @1/ B2/ C2/ C3/ D2/ D1/ D0/ E2/ C0/ C0+ B0+ @5+ G7+ D8+ C8/ G9\ H9\ F4/ F10+ D9/ F11/ F12/ D12+ C11+ I9/ I8/ J8/ I7/ J10\ B11\
LoopTrax_8482228 jazzbeth vs. Rogue Trooper : @0/ A0/ B2/ B3+ C3\ C4\ C5\ D4+
LoopTrax_8488441 birddog856 vs. Traxplayer : @0/ @1/ A0/ @1/ A0/ @1/ E3+ E4+ F4\ D5/ B4\ B0\ E6+ G5\ C1\ A3+ @4\ @4\ B2+ I7\ J5\ H8/ G8/ E7/ G9/ I10+ J7\ K7\ J11+ H11/ D0/ B2+ D0/ @4+ A3\ C1+ E0/ G6+ @5+ C3\ E0\ @6/ F9+ B7+ @7\ @7\ @7\ D5+ A4+ @7\ G4\ F3+ G9/ I10+ E8+
LoopTrax_8490438 ypercube vs. dgb : @0+ A0+ B1+ B2+ @1+ A0/ B4/ A4/ A5/ @2+ B0/ B0/ @5+ B8+ F4+ E6+ B9\ B10\ @7\ C3+ H4+ D0+ I5+ F2/ F1/ I4+ J4+ I6/ K4+ I1/ H0\ H0\ B4/ G10\ G11\ H12/ I12/ D11+ A8\ I13+ B2\ A2\ G1\ C0+ A0\ @1\ F1+ F0\ A14/ A15/ J17\ K16/ L16/ L15/ L14/ F15+ F17\ G17\
LoopTrax_8490457 Traxplayer vs. birddog856 : @0/ A0/ @1/ C1\ B0\ @2/ E2\ D1+ C4/ B1\ E3+ F3+ C0+ C0\ B0/ D2+ @5/ G4/ F3+ G7\ H4+ C6+ F7/
LoopTrax_8491111 REBEL DJ vs. * Sassy_Angel * : @0/ B1\ A2/ @2+ D1/ C0\ C3\ D4/ E3+ B4/ B5/ @3/ F5\ D6\ G4\
LoopTrax_8491112 * Sassy_Angel * vs. REBEL DJ : @0/ A2\ B1/ B2+ C1\ C2\ D2\ B3/ C4+ E2\ C0/ F5\ F6\ F2/ G3/ E1/
LoopTrax_8491662 asdf vs. Rogue Trooper : @0+ B1+ C1+ B0+ D2+ C3+ @2+ B3+ B1+ C0+ @3+ E5/ E1+ E0/ F1/ E0\ D1\ C1+ E0+ B2/ G5+ F8+ G1/ H3/
LoopTrax_8493795 birddog856 vs. Traxplayer : @0/ @1/ A0/ A3\ C2/ @1/ C1+ B0/ B5+ C4+ D5/ E2\ F5+ D6/ D1+ G4+ H4/ A4+ C7/ C8/ @4\ @4\ B5+ C6+ E9+ D7+ E10/ F8+ H7+ E0+ E0/ C2+ B4+ @5+ H1/ B3+ I2\
LoopTrax_8521874 Traxplayer vs. robertst : @0/ B1\ A2/ @2/ B0+ B4+ C4\ D4+ B5+ D1/ E3+ B0+ @4+ E0/ F1/ C1\ C0\ @4\ C3+ B2+ H2\ G3+ H4+
LoopTrax_8524922 birddog856 vs. Traxplayer : @0/ @1/ A0/ @2/ A3\ A4\ @2+ @2/ @2/ D0+ F1\ D0/ G3+ H3/ B3+ C1+ A2+ F0/ G3+ F6+ I3\ H2+ D1+ C0+ F8/ @5+ D8\ E9+ E10\ F11/ C9+ D0/ D0+ E3+ G2\ C4+ A5+ C2+ D0/ E2+ B3\ D0/ F1\ G3+ I6+ K8\ @9+ K10\ K11/ I12+ F0/ L11\ M12/ M9+ N9+ M13+ M14/ N12+ RESIGN
LoopTrax_8524923 birddog856 vs. Traxplayer : @0/ @1/ A0/ A3+ C2\ D2\ @2\ B0/ B0/ C3+ D2/ D5+ F4\ G3+ H3\ I3\ I2\ E6+ G1+ F0+ H6/ C7/ I7\ RESIGN
LoopTrax_8526322 ypercube vs. birddog856 : @0+ A2+ A0+ A4+ A0+ A6+ A0+ A8+ A0+ A10+ A0+ B6+ C6+ B4+ @6\ D4/ E5/ @5/ G5\ G6\ H6\ F7/ @6\ @6\ I8+ A4\ H9/ F2/
LoopTrax_8543905 ypercube vs. jazzbeth : @0+ A0/ A0+ @2+ A0+ C2/ D2/ B5/ E2/ D1\ E0\ E0\ C5+ D6+ B8/ A8+ @8\ E2+ D2\ C1+ A3+ @4+ E0+ C10/ H7+ C11\ D11\ E10\ G8+
LoopTrax_8544210 Playoria vs. Traxplayer : @0/ B1+ C1/ B0/ B0+ A4+ B0/ @5/ D2+ B3+ @5+ B6+ A6/ A7+ @6+ G1\ H1\ G3+ C2/ E0+ B9\ C10/ D9+ E8\ F8\ G7+ F10\ E11/
LoopTrax_8544278 Playoria vs. birddog856 : @0+ A2+ B1/ C1/ B2+ A3/ A4+ D2/ A5/ @4/ @4+ D0+ B4+ D5\ G5+ F6\ C7/ B7/ F7\ G7\ E8/
LoopTrax_8544764 ditzyblue vs. Traxplayer : @0/ @1/ C1/ D1/ A0/ A3/ E3\ E4\ A0\ @3+ F2/ G4+ H4/ G2+ F6\ F1\ E2+ H5+ C0\ I4/ E7/ E8/ B6\ H8\ I8\ F9+
LoopTrax_8544765 Traxplayer vs. ditzyblue : @0/ A2\ B2\ @2\ B3+ @1\ A0\ A0\ A5/ @3\ C6/
LoopTrax_8553140 Red Panda vs. ypercube : @0/ @1/ A2/ C2/ A0/ D3/ @3\ C4+ E2/ C5/ C6/ C7/ A4+ F2/ C1+ D0+ G2+ @8+ D9/ C1+ B2\ A2\ @3+ C1+
LoopTrax_8570360 Playoria vs. ypercube : @0+ A0+ B1+ A3+ C1+ @1+ @1\ C4/ F1\ D0\ C0/ B5\ RESIGN
LoopTrax_8571616 Rogue Trooper vs. BigDaddyTuaine : @0+ @1\ A0\ B0/ C3/ @1\ C0+ A1+ A4/ C5/ @2/
LoopTrax_8571820 jazzbeth vs. asdf : @0/ @1/ B2/ C2/ C3/ C4/ D3/ D5/ E5/ F5/ E6+ F7/ G6+ H7/ G8+ G4\ I6+ I7+ J8/ G9/ E8+ K8/ L7\ L6+ H5+ M8/ G10/ D7+ C7/ H3+ J4+ H2\ G1/ B6+ J3\ J1/ K1+ J0\
LoopTrax_8585571 birddog856 vs. Traxplayer : @0/ @1/ A0/ @2/ B0/ @1+ B0\ @3/ D0/ RESIGN
LoopTrax_8594513 birddog856 vs. Traxplayer : @0+ A0+ B1/ B0/ C1\ B0+ @2\ @2\ B4+ @3\ @3+ E5/ A4/ F0+ C7+ D8/ D9/ @6/ A5+ @6+ E2+ G1+ @6\ B4+ @4/ E3/ D3+ B3+ C2/ D1+ A6/ RESIGN
LoopTrax_8600060 ypercube vs. Playoria : @0+ A2+ A3+ A4+ A0+ A0+ A0+ A0/ B5+ A9/ @9/ @9/ B6\ @6+ @7+ C5+ B4+ A4+ B3/ @6+ E2\ D3+ G3/ H1+ I2/ J1\ I0\ I0\ I0\ I0+ F14+ A13+ B14/ E15\ G13+ B15/ A15/ D16/
LoopTrax_8611065 Traxplayer vs. Red Panda : @0/ A0/ B1+ C1+ B0+ D2+ A4\ @2\ A1\ B5\ A4+ @2+ @3+ D6\ C0+ A3\ C0+ A7+ B8+ C9/ E8\ F7+ @7+ A8/ B9/ E10+ E1/ F1/ G2\ H5+
LoopTrax_8612154 robertst vs. Rogue Trooper : @0/ A0/ @2+ B0/ @2/ B0+ A5\ B6/ @2/ D6\ E5\ C7\
LoopTrax_8620398 dgb vs. davidmilne : @0+ A0+ B2\ A0+ @3\ C4\ @2\ B1+ B0\ A1\ @1+ RESIGN
LoopTrax_8620399 davidmilne vs. dgb : @0/ A0/ B1+ A3/ C1\ B4+ B5/ B6/ D3+ E2\ F2\ E4+ C5+ C0/ D1/ G1+ RESIGN
LoopTrax_8620400 dgb vs. birddog856 : @0/ A0/ A0/ @3\ C2+ C4/ D3+ E3/ C0+ A3+ @3\ E1/ E0/ E0\ E0\ G5\ H3+ F2+ G1+ H0\ I6\ I7\ I1+ J2+ G0+ H1/ E0\ D4\ A7\ RESIGN
LoopTrax_8620402 dgb vs. ypercube : @0+ A0+ B2\ C2\ @2\ @2\ A0/ C4\ B4+ @2+ F4\ B5\ G4+ B6\ A5/ F7\ G5+ H5+ @3+ @5+ @5\ @5\ J8\ G9\ M5\ D6+ C7\ @5\ B6/ E8/ M4/ L2/ O4/ O3/ N2/
LoopTrax_8620403 ypercube vs. dgb : @0+ A0+ A0+ A0+ B1+ A0\ A6/ B5+ @4+ A1\ @4+ B0/ B7/ A2+ @3\ @4+ F5/ D0\ C2+ @4\ A3\ B2\ B1+ B0/ D0+ C0/ C0/ E2+ A4+ B3+ C0+ @8\ B7\ G4+ H5+ A6+
LoopTrax_8620404 davidmilne vs. birddog856 : @0/ A0/ B1/ B3/ C1/ B4/ A0+ @2\ @2\ A1\ A0\ D1+ A5/ @6\ D7\ G6+ B0\ A4+ @5\ H2/ RESIGN
LoopTrax_8620405 birddog856 vs. davidmilne : @0/ A0/ B2/ A3+ @1/ D3\ C4/ B5\ D4+ E4\ E3+ F3/ D1+ A3/ G1/ RESIGN
LoopTrax_8620406 davidmilne vs. ypercube : @0/ @1/ A2/ C2/ B3+ A0\ @1+ D1/ RESIGN
LoopTrax_8620407 ypercube vs. davidmilne : @0+ A0+ A3+ A4+ A0+ B5/ @4\ C6/ B7\ @4\ D3/ E4\ F7+ D8/ @3+ A2+ @2\ I6\ J5+ I4/ G2+ H2+ F1+ J3/ K6/ J2\
LoopTrax_8620408 birddog856 vs. ypercube : @0/ @1/ A0/ @2/ @1/ E2/ D3\ F2+ E3\ G2+ C4/ A3\ B4+ @3\ @3\ A5+ @4/ H5+ F6+ E7\
LoopTrax_8620409 ypercube vs. birddog856 : @0+ A2+ A0+ A0+ A0+ A6+ A0+ A8+ A0+ A10+ A0+ A12+ A0+ A0+ A0+ A16+ A17+ A0+ A19+ A0+ A21+ B10+ C10+ B11+ @12+ C8+ A10\ A7+ E10+ C13\ A15\ C5\ A5\ @12\ F11+ A8\ E9/ @10\
LoopTrax_8627917 dgb vs. Traxplayer : @0/ @1/ @1/ B0/ C3+ C4/ @2+ E2/ E1/ F1/ F0/ B6/ A6+ C7\ D7\ F5/ F0/ G1/ G0/ H1/ H0/ I1/ J5+ F10+ J9+ RESIGN
LoopTrax_8637219 bengt vs. Traxplayer : @0+ A0+ B2\ @1\ C1+ D1/ C3\ A0+ A0\ E4+ D6/ A5+ @5\ G5+ G7+ E8\ D7+ C8+ D9+ @5+ B7+ D10+ B9/ A9/ A10/ A11+ A7+ @7\ A9+
LoopTrax_8649221 medea83 vs. jazzbeth : @0/ @1/ B0\ A3\ C2/ C3+ D3+ C4/ E3\ B0+ D2+ C0+ B1+ E4+ E2+ F2/ G3\ G4\ D6+ E7+ F7+ E8/ G7\ H4\ A7/ @5+ G0\ J5\ D1\ K8+ K9\ K3+ L5/ J2+
LoopTrax_8651693 Traxplayer vs. thebodywall : @0/ A0+ A0\ @3/ A4/ @2\ B0/ A2+ D5\ C6/ D1/ E2+ F2\
LoopTrax_8657667 JonathanT vs. Playoria : @0/ @1/ B2/ B3+ A0/ A0+ @3/ A4/ D5\ @3+ E2+ F2/ F1/ F0+ RESIGN
LoopTrax_8677372 JonathanT vs. Playoria : @0/ A0/ B2/ A3/ A0+ B1+ B5/ B6+ C3+ D3/ E3/ D4+ E5+ F5+ E2/ @4+ C0/ F8+ G7\ F0+ G1/ H5+ RESIGN
LoopTrax_8716262 dgb vs. davidmilne : @0/ A0/ A0/ @2+ A0/ C4+ B5/ D4\ D2/ RESIGN
