Trax_1000794 Rogue Trooper vs. Aphrodite : @0+ A0\ A0+ @2\ A0/ @3\ D4+ @4/ B5/
Trax_1001089 lexy vs. Morticia : @0/ B1+ @1\ A0\ @1/ B3\ A2/ D1\ B0\ E3+ C5/ F3+ @3/ B4/ A4+ A5/ D6/ @4+
Trax_1001159 Chad vs. Retired 3815 : @0/ A2+ A3/ A0/ B2+ @3/ A2+ @3/ @3/ A4/ A1\ @1\ C0/
Trax_1001857 Goonerg vs. Chad : @0/ @1/ A0/ A3\ C2/ A0/ @3/ C4+ E3/ C1\ A5/ @3/ D0\ G5+ D6\ C7/ H4/ H3/ G2/ I3/ H2+
Trax_1001860 DIRKSTRA vs. Chad : @0/ A0/ B1/ C2/ @2+ A0/ C1+ C0+ @3+ D0+ E3/ B6+ E6+ D7\ F4+ F7/ G6\ H5+ G8\ H8\ I5\ H3/ RESIGN
Trax_1001912 Geri39 vs. Chad : @0/ A0/ A0/ A0/ A5/ B3+ B6/ @4+
Trax_1001939 Tigger vs. Chad : @0/ @1/ B0+ @1/ C0\ C4+ A3/ @1+ A0\ @4/ A5/ C6\ F2\ A1\ @2\ C0+
Trax_1001944 Megababe vs. Chad : @0+ A2+ A3\ @3/ A4/ B0\ A2+ C1/ B0\ @2+ A4+ D4+ E2/ @3+ E1+ C0\ G4+ G5\ H5\ H7+
Trax_1002581 bigmurds vs. drgnrdr : @0/ B1+ A0\ @2/ A1+ C3+ D2/ @3/ C4+ B5\ A2\ @2\ B4+ A1\ C0/ A0+ A0\ @4\ @3/ E1/ E0/ F2\
Trax_1002746 bigdan409 OTWP vs. Phil The Hat : @0+ @1/ B0+ C2\ A3/ @3/ C4\ @2\ A1\ D5+ E5\ F2\ A5\ G4+ F6\ G6+ D0+ F2/ G2/ C2\
Trax_1002748 Cachel vs. Phil The Hat : @0+ A0\ @2+ B3\ A3+ @3/ B4/ A4+ B5\ B6+ A2\ @3/ A2+ C0/ E2/ A1\ @3+
Trax_1002749 Oartkickel of the Wolf Pack vs. Phil The Hat : @0+ A0\ A3/ @3/ @3+ C4\ D2\ A0+ @2\ @2\ A1\ C0/ C6+ C7/ C8+ B6+ E2+ E9+ F6\ G6+ G5+ H5/ G8+ H8+
Trax_1003028 Cozy vs. Phil The Hat : @0+ A0\ A3/ @1\ @2\ @3+ A1\ B4+
Trax_1003159 FULL moon CRAZY vs. Phil The Hat : @0+ A0+ A3+ @2+ B4+ B5/ A5/ @5/ D4/ A6/ @6/ D7+ B8/
Trax_1003223 Cozy vs. supermac : @0+ A0/ A3\ @3+ C2+
Trax_1003733 WebbyDebi vs. Pammie : @0+ B1/ B2\ C1/ C0/ C3\ D3\ A3/ D1\ B4/
Trax_1003931 Chad vs. immitzi : @0/ A0/ A3/ B3+ C2+ B0+ D1\ A5+ @4+ A1+ @3/ E5+ G1/ E0+ E0\ D1\ D0\ F1/ G2\
Trax_1004118 Eriisa MIA vs. Phil The Hat : @0/ B1+ B0+ A1+ A0/ A4/ B5+ C5+ B6/ @1\ B0/ D2+ A3+ E1/ D0\ E3+ A8/ B1+ @6/
Trax_1005381 Goonerg vs. Orcster : @0/ A2+ B1/ B0/ C1\ B4/ C3\ A0\ @4\ A1+ @1\ E5\ E6/
Trax_1005393 Cozy vs. Goonerg : @0+ A0/ A3\ B1/ B0/ C3\ D3+ D4\ B5/ B0/ C7+ E6\ @6/ A7/ A8/ B0\ A2+ @4\ @4+ H5+
Trax_1005395 bigdan409 OTWP vs. Goonerg : @0+ A0/ A3\ B1/ B0+ C1\ @2\ A1+ A3/ @3/ F4\ D5+ C5+ F5\ F6\ A1/ @3/ D6+ C0\ E1/ E0/ @5/ G8+ B2+ E9\ B1\ H3+ A1+
Trax_1005407 Goonerg vs. Aphrodite : @0/ A0+ B2/ A3/ @3/ C0\ D2\ @4+ B5\ A1\ C0/ @3\
Trax_1005488 Cachel vs. Goonerg : @0/ B1/ @1\ B0/ D2\ C3/ A1+ A0\ C1/ A0\ D3+ @2+
Trax_1006205 FULL moon CRAZY vs. Goonerg : @0+ A0/ @1/ A0/ C2/ A4\ @3\ C1/ @3/ @3/ C5/ B5+ D6\ E6\ F6\ G5+ G3+ C7+ B7/ A7+ @5/ C8/
Trax_1006812 Eriisa MIA vs. Goonerg : @0/ @1/ A2/ A0\ @3+ D1\ C4+ E3/ E2/ C5/ C6/ C0+ @4/ A5/ E6+ G2\ D0\ G8\ F1\ F9/
Trax_1007142 Oartkickel of the Wolf Pack vs. Goonerg : @0+ A0/ A3\ B2/ B1+ C1/ C3/ D2/ C0\ B5/ @5/ A6/ E4+ E1/ E0/ A8\ B8\ @6+ B4+ @6+ C3\ C2/
Trax_1007850 Nan54 vs. Nancy : @0/ B1\ B2\ A2+ @1\ A0\ D2/ D1/ C4/ B1/ A3/ D0\
Trax_1007903 Cozy vs. firefly : @0+ @1/ A2/ B0\ @3+ A4/ A0\ @3/ C0/ D1/ E3\ D6\ D7+ E6/
Trax_1007960 Oartkickel of the Wolf Pack vs. firefly : @0+ @1\ A2/ @1\ B0+ B0/ D3\ D2+ E2/ C0\ A2+ F1/ D0+ B1+ F4+ G3+ D6/ F6/ C0/ @4/ H6+ A2\ A5/ A1/
Trax_1007963 FULL moon CRAZY vs. firefly : @0+ @1/ B2\ A0/ B4/ C4/ B0\ C2+ B0+ @3/ E3\ E2+ D0\ C0/ F5\ E7+ F7+ F8\ F9\ B2+ G5\ E0/ F1/ B1\ B0+ A3\
Trax_1008012 bigdan409 OTWP vs. firefly : @0+ @1\ A2/ @2/ A3+ C2+ B4+ D2+ C5\ D3+ B5+ A5/ C6\ D1/ B0\ C0+ E2/ B9+ @8+ F5/ G3\ A6\
Trax_1008578 Eriisa MIA vs. firefly : @0/ B1\ A2/ A0/ C2+ D1\ D0+ C0+ @4+ @3/ G2/ E5+ F1+ C2\ B2+ B1\ B0\ C7/ A7\ C0+ F7+ @4+
Trax_1009229 Cachel vs. firefly : @0/ B1\ B2\ A2+ A3+ @1/ A3+ D2+ @3/ E0/ F2\ B1\ C0/
Trax_1009489 Vacant 12565 vs. Rogue Trooper : @0+ A0+ B1/ A3+ C1\ C2\ D1/ C0/
Trax_1009502 Rogue Trooper vs. Aphrodite : @0/ @1+ A2/ A0\ @1\ @2+ @3\ @2/ @3\ F4/ F5/ B1+ D0/ @6+ B7+
Trax_1009763 Rogue Trooper vs. touchpoint : @0+ @1+ B2+ @1+ @1\ @1/ A2\
Trax_1010326 ROCKY MIA vs. doc harley : @0/ A2\ B2\ B3\ B1/ C1/ @2\ D2\ E2+ E1+ F1/ E0/ F3\ G3\ E4/ D1\ E0+ D1+ D0\ G4/ F3/ H4\
Trax_1010373 Gone with the Wind 25871 vs. Chad : @0+ A0+ A3+ A0+ A0+ @1+ A5/ A2+ A3/ C4/
Trax_1010848 Vacant 1884 vs. drgnrdr : @0/ B1+ B0/ @2/ B1+ A3\ C3\ D2\ A0\ @2/ C1+ A4/ C5+ D0\ E6\ E1/ F5/
Trax_1010898 gorrick the goblin vs. Megababe : @0+ B1\ @1\ B0/ D2\ B3/ C0+ C0\ B1\ C6+ @5\ B6+ D7/ C0\ E2+ F5\ A5+ B2+
Trax_1010940 Tessa vs. drgnrdr : @0/ A0+ A3/ B3/ @2\ C2/ @3/ B4\ A1\ C0/ @2/
Trax_1010945 Megababe vs. drgnrdr : @0/ B1+ C1/ A0/ @2/ C3\ B0\ E3/ C1+ A1+ @3/ @4\ C0/ B6/ G6\ F7\ H6/
Trax_1011107 MsLady vs. drgnrdr : @0/ A0+ A0\ @3/ A0/ C4\ B5/ @3+ D2/ E4\ E5\ F3\ F5/
Trax_1011304 Retired 3815 vs. drgnrdr : @0/ A0+ B2/ C2/ B3+ B0\ D4\ C5/ D1/ E2/ D0\
Trax_1011752 toadisgimpy vs. Pamper Me : @0/ B1\ A2/ B2+ @1\ C3/ B0\
Trax_1013360 drgnrdr vs. Sarah : @0+ B1\ C1/ C0/ C3/ @2+ B4\ E2+ C4\ B1\ D0/ F3+ G3\ G4\ F1/ F0/ H4+ A2+ A5+ B1+ C0+ @5\
Trax_1014455 Goonerg vs. Aphrodite : @0/ A0+ B2/ A3/ @3/ A4/ @4/ D0\ B1+ A6/ @6/ A7/ @7/ D8+ G7+ @5+
Trax_1015656 WebbyDebi vs. RubyJoy : @0+ B1+ A0/ B3\ C3+ C4\ A3+ @3/ E2\ E1/ B4\ D0\
Trax_1015680 SunnyD vs. drgnrdr : @0+ A2\ B2\ C1\ C2+ C3\ A3\ B4/ D4\ C5/ B0\ B6/ @3\ E3/ F3+ @4+ G5\ H5\ @4\ @3/ C2\ C1\ E0/ @4\ B3/ @4\ B3\ B2\ B1\ D0\ B1\ A1\ C7\ B7\ G1+
Trax_1018012 immitzi vs. Adam : @0+ @1+ B2/ B0/ A1+ C2+ @2/ B0+ A1\ @3/ @3/ B0/ C0+ C0/ A2+ @4/ A6/ @5/ D8+
Trax_1018040 Adam vs. immitzi : @0/ A2\ B1/ B0/ @1+ C0/ D3\ C4+ C5\ D4\ E4\ E5\ A0+ F3+ C0/ D1/ G3/ C0+ E1+ A7+ @7/ A8/ D9\ C9+ A3\ @6+
Trax_1018576 drgnrdr vs. Tessa : @0+ A0/ B2\ C2/ A0/ C1\ @2/ A0\ @2/ E1/ D0/ F3/
Trax_1018671 Goonerg vs. Aphrodite : @0/ A0/ @1+ @1\ C0/ B0+ B5\ A4+ C6/ @4/ @4/ @4/ @4/ F7\ H6\ A8/ C9+ @7/
Trax_1019268 B Line electric streetcar vs. Vacant 1884 : @0/ B1/ A0+ C2/ A3+ C0/ D2+ @4\ D0\ E1/ E4+ F3/
Trax_1019294 Amanda vs. Vacant 1884 : @0/ A2+ @2+ A3/ @3/ C0/ @4+ C1\ C0\ B6/
Trax_1019739 Misfit Lenrad6672 vs. Vacant 1884 : @0/ A2\ B1/ B0+ C1+ C2+ B3\ D1\ A4/ @3+ A4+ @4/ E4\ D5+ E5+ D6/ A5/ F5/ D0\ G3\
Trax_1021457 Logged Off 6467 vs. Adam : @0+ @1+ B0+ C2+ B0+ @3+ E3/ E2/ B1\ F2+ A1/ C4/ B5\ @3+ B5/ @3+
Trax_1021628 FujiTape vs. Allison : @0/ B1\ A2/ @2\ A1\ B0/ C3\ C4\ @3/ C4/ C5/ D0/ E1/ A2+ F1\ E2+ @3+ G5\ F6+ F7\ G7\ H2/ G0/ H9\ I7+ I9+ B6/
Trax_1021880 Misfit Lenrad6672 vs. Allison : @0/ B1\ A2/ A3/ A0\ @1\ A2+ @2/ D3\ C5\ D4+ E4\ E5\ F5\ F6\ G6\ E7/ B6/ B0+
Trax_1023035 Vacant 1884 vs. Rogue Trooper : @0/ A2\ B1/ A3\ B2+ B0/ C2+
Trax_1024278 Goonerg vs. drgnrdr : @0/ B1+ C1/ B2/ A2+ C2+ C3/ D3\ C4/ C5/ B5+ D4+ B6/ E4\ @2/ C0\ A1/ E3+ D0/ E1/ F1/ B1+ G3\ F4+ G4\ @2/ @1\ B0/ A5/ @4/ C6/
Trax_1024994 paganje vs. Allison : @0/ B1\ A2/ A0/ C2+ @1\ A0\ A0\ C5\ C6\ E4+ B2/ @4/ C1/ C0+ C0\ B2\ @5/ F2/ G2/ H6+ H5\ G4/
Trax_1025028 Pamper Me vs. toadisgimpy : @0/ A2\ B1/ B0\ @3/ A4/ A2\ @3\
Trax_1025144 Megababe vs. Shosie : @0/ B1+ C1/ B0+ B3\ B0\ B0\ D5\ C6/ @5\ D1/ D0/ E3\
Trax_1025575 MORRIS vs. firefly : @0/ A2/ B1\ B2+ C2+ A0/ C1\ B4+ @2+ @2/ C5\ C0+ E6\ E7/
Trax_1025772 Goonerg vs. ScoobyRex02 : @0/ A2\ B1/ B0+ @3\ @1/ A2/ A4\ D3\ @3/ C4+ A1\ F2\
Trax_1025913 ROCKY MIA vs. doc harley : @0/ A2\ B2+ C2/ C1/ D1+ C3/ C0\ B1+ B0/ @3/ E2+ F3\ E0/ F2\ G3/ A2\ @2\ D1\
Trax_1026156 Adam vs. Logged Off 6467 : @0/ A2\ B2\ A0/ C3/ C2/ C4/ A0\ @1\ B6/ A5\ C7\ D7\ E5/ D1/ E2\ B0/
Trax_1026592 Sarah vs. Megababe : @0+ B1\ B2\ C2\ A0+ @3\ D4\ C1+ B0/ E2\ E5+ C6+ D7+ E1/ F1/ D0\
Trax_1026593 Megababe vs. Sarah : @0+ B1/ C1/ @1\ A0\ A0+ @1\ A0\ A4/ B5\ @3\
Trax_1027988 toadisgimpy vs. Pamper Me : @0/ B1\ B2\ C2\ A2/ D1/ A3\
Trax_1028587 REBEL DJ vs. * Sassy_Angel * : @0/ B1\ A2/ @2+ C2+ D2/ E2+ C3+ A3+ C4/ @3/ E3+ C5+ A2+ C6+ E4+ C7+ C0/ A2\ @4/ G2+
Trax_1031657 DINGEROO vs. Misery Midnight : @0/ B1\ B2\ A2+ A0\ @1\ D2/ D1/ B0\ C0\ E5\ E6\ F5+ B6/ C7/ B7/ A6+
Trax_1032095 Geri39 vs. Misfit Lenrad6672 : @0/ B1\ B2\ A2+ B0/ C1/ C2+ B0\ A2+ D2/ D4+ @2\ E0/ B2+
Trax_1032097 TN_Sapphire vs. Honeybear : @0/ B1\ A2/ @2/ B3\ C2+ D1/ C0\ C4\ D4\ E2/ C5+
Trax_1032159 Goonerg vs. Aphrodite : @0/ A0+ B1+ B0\ C1\ A4\ C3+ D3\ D4\ D5+ E3+ C0\ E2+ B7/ A7/ @6/ A4+ B1\ A1\ @2\ H5\ G6+ H6+ G7/ G8/ G1\ F0+ B1\ A1/
Trax_1032165 RubyJoy vs. Sir Pussycat : @0+ @1+ A0/ A3/ @3+ A4/ C3+ @4+ @4\ B2+ B5\ B1/ D4+
Trax_1032537 Gone with the Wind 25871 vs. Goonerg : @0/ B1/ B2\ C1/ C0+ A4\ D1\ @4/ RESIGN
Trax_1032673 Goonerg vs. Vacant 1884 : @0/ A2/ B2/ B1/ C2/ B3+ D3/ A4/ @4/ A2+ E4\ F3/ C5+
Trax_1032889 Knight Rider vs. Vacant 1884 : @0+ @1\ A0\ C1/ B0\ C3+ C4/ @3\ A2\ A4/ @3/
Trax_1033810 hayleesam vs. paganje : @0/ A2\ B1/ B0+ B0\ B4+ @1\ B0/ B0/ @5/ A6/ A7/ A8+ @7\ C2+ C0\ B1\ A5+ @5/ B3\ A3\ @5/ @6/ A8\ B9/ G0/ H1/ I3\ C2\ C0/ B4\
Trax_1034204 Chad vs. Vacant 1884 : @0+ @1\ C1\ C2\ C3+ A2+ A0+ @1+ A3/ @1+ B0+ A1+ B0+ @3\ @3\ H6/ F2\ H3/ I5+ G2+ I2\ J5/ D0/ J4/ K4/ L4/ F1/ M4/ H2+
Trax_1035926 HEATHER vs. Honeybear : @0/ B1\ @1\ C2/
Trax_1035970 HEATHER vs. Misery Midnight : @0+ @1\ @1/ A2/ @2\ C0/ C3+ E2/ A2+ E1\
Trax_1036049 Chad vs. immitzi : @0+ @1+ C1+ @1+ D2+ E1+ A2+ @1+ C0/ C3\
Trax_1036481 TN_Sapphire vs. Honeybear : @0/ B1\ B2\ C2\ A0\ @2/ B3/ B4/ A1+ @2\ @2\ C0\ B1\ A2\ B0+ A2+ @2/ D5+ E7/ A1\ @2/ C0/
Trax_1036550 Goonerg vs. Vacant 1884 : @0/ A2+ B1+ @2/ B3/ B4/ C3+ A3+ C5\ D3\ C0+ C7+ A6+ D6\ E6\ D8/ E4/ F7/ A8/ C9\ @7/
Trax_1036773 Misery Midnight vs. RubyJoy : @0/ A2\ B2\ B1+ C2/ C1/ B3/ A3+ A4/ @1/ C0\ E2/ C0/ B1+ D1/ C0+ @5/ E6+ @5\ B4+ F0/ G2+ H2/ G1/ H1+ G0\ B8+ F9+ E10\ D10+ C10/ F11/ A8+ H5+ H6+ I4/
Trax_1036799 Honeybear vs. RubyJoy : @0/ B1\ A2/ @2+ B0/ @3+ E2\ B4/ F1/ D0\ F1+ F0/ G4\ F5+ G5+ F6+ G6+ F7+ H3/ A4+
Trax_1037897 Goonerg vs. Aphrodite : @0/ A0/ A0/ @3+ C1+ A0\ @3+ C0/ D1/ @3/ B1+ C0\ E7\ F7\ C7/ E8+ C0\ B1\ A1\ @1+ A0\ A6/ @4+ C8\
Trax_1037940 Pamper Me vs. toadisgimpy : @0+ B1/ B2\ C2\ C1+ D1+ D0/ D0/ E4/ C5/ A2\ C0+ C0/ F5+ E2+ G5\ G3\ @5\ G6\ G7/
Trax_1038223 chuckwagon vs. drgnrdr : @0/ B1\ B2+ C1\ A2+ A3\
Trax_1038411 Goonerg vs. drgnrdr : @0/ @1/ @1/ C2\ D1/ @2\ A3\ A4\ D3+ D0+ E4\ F2/ D5/ B0+ E7\ F7\ G4+ D1/ H4+
Trax_1040099 Kran vs. * Sassy_Angel * : @0/ A2\ B2\ B3/ B1/ C1/ A0\ @3\ C0+ A2+ C0+ E4\ E5\ E3+ D6+ E1/ F1/ A2+ C7+ C8\ E7+ F7/ F5+ G3\ D0+
Trax_1040154 betty vs. Rogue Trooper : @0/ A0/ B1\ A3\ A4/ B2\
Trax_1040167 Rogue Trooper vs. Aphrodite : @0+ A2/ @1\ @2/ C3/ C4/ D3+ E3/ F3/ @1\ A0\ A4/ @3/
Trax_1040223 Honeybear vs. Shosie : @0/ B1\ A2/ @1/ D1/ D0/ B4\ C4\ C5\ D5\ E2/ C1\ C0\ A4/ E5\ F4\ D7\ E6\ E7+ E8/
Trax_1041399 Adam vs. immitzi : @0/ B1\ A2/ A3/ A0\ @4+ D2/ D1/ D0/ D4\ E5/ B6/
Trax_1041401 Adam vs. immitzi : @0/ @1/ B0/ @1+ A0\ A0+ @1\ E4\ D5/ E1/ F3\ D0/
Trax_1041403 Adam vs. immitzi : @0/ B1+ @1\ B0/ D1\ A1\ B0/ D4/ D0+ E3\ F5\ F6\ @3+ B5+ @3+ I5+ G6+ B2+ H7+ B1/ E0/ D7+
Trax_1041456 Lorraine of the Renegades vs. B Line electric streetcar : @0/ @1/ B0+ @2/ @2/ B0+ B4+ E3/ C5\ E1\ D0/ F2+ F4+ B1+ A1+ B0/ @4+ G1/ @4+ F0/
Trax_1041457 B Line electric streetcar vs. Lorraine of the Renegades : @0/ @1/ C1+ D1\ D2\ E2\ E3\ F3/ B0/ C5/ @1\ A0\ A5/ E2/ B6/
Trax_1041462 B Line electric streetcar vs. Shariann : @0/ B1\ B2\ B0\ C2+ B0\ D2+ @3+ B4+ B5/ A5/ @4/ B6+ A6/ E6\ D7+ F5/
Trax_1041463 Shariann vs. B Line electric streetcar : @0+ A2/ @1+ A0\ A4\ C4/ @4/ A5/ @3\ A2+ B0+ E6\ F5/ C7+
Trax_1041464 B Line electric streetcar vs. Judy : @0/ A2\ B2\ B1+ A3+ A4\ C3/ D3/ E3/ @3/ B5/ C5+ G1/ F0\ G6+ H3/ F7+
Trax_1041465 Judy vs. B Line electric streetcar : @0/ A0/ @2\ A1+ C1/ C0/ C0+ D3+ A0\ @3+ A4/ C6/ A1+ E7+ @3+ G6+
Trax_1041468 Kevin vs. klaashaas : @0+ @1/ C1/ A2/ B3/ C3/ A0/ D2\ @3+ A4/ A0\ @2\
Trax_1041469 klaashaas vs. Kevin : @0/ A0/ A0/ A4/ B1/ B0/ B0/ C3+ @4+ @4/
Trax_1041470 Kevin vs. paganje : @0+ @1+ C1+ @1+ D0+ @2+ F1\ @2/ C1+ G0\ A2\ @3/ F4/ @3\ G1\
Trax_1041471 paganje vs. Kevin :
Trax_1041474 klaashaas vs. paganje : @0/ B1\ B2\ A2+ C2/ @1/ @2\ B0+ B0/ D2+ E1+ F1/ F0/ E4+ C6\ @4/ A2\ @3/ C1/
Trax_1041475 paganje vs. klaashaas :
Trax_1041476 klaashaas vs. cocopuff : @0/ B1\ B2\ A2+ A3\ B3+ C2/ C3+ C4\ D2/ D1/ D0+ E3+
Trax_1041477 cocopuff vs. klaashaas : @0+ A0/ A3\ B1/ C2+ D2\ C4+ C5/ D5+ A5/ B6\ @4\
Trax_1041478 paganje vs. cocopuff :
Trax_1041479 cocopuff vs. paganje : @0+ @1+ B2/ A0\ @2+ B0/ C2+ D2/ C1/ @2\ A1\ A0\ A0+ @2/ B0\ F2/ E1+ B0\ F2/ A3\ @4/ H3+ F1/ D8/ E9\ D1/ E0\ I6\ H7+ I7+ H8+ G11\ H10+ I9/
Trax_1041484 Sarah vs. Goonerg : @0/ A0/ B1\ C1\ B2+ A0/ @2\ D4/ C0\ D6/ E4+ A6/ B7\ @4/
Trax_1041485 Goonerg vs. Sarah : @0/ B1\ A2/ B2+ C1\ D1/ C0\ B4/ A4/ A5/ @5/ A6/ @6/ E5\ F4\ G2/ G1/ F0/ H3+
Trax_1041488 SarahMills vs. Goonerg : @0/ @1/ B0+ C1/ D1\ D2\ D3\ @3\ D0\ A5\ @5\ F5+ G5\ B1\ A2/ F6\ G4/ H4/ F7\ G7\ C6+ C0+ A5\ D8\ C0/ F10+
Trax_1041489 Goonerg vs. SarahMills : @0/ A2\ B1/ C1/ C2/ C3/ B4\ @1/ B4/ B5/ B6+ B7\ C7\ A4+ @1/ @2\ G5+ A3/ @1/ B5/ E8/ A5\
Trax_1041490 Stinger vs. Goonerg : @0/ @1/ A2/ A3\ B3\ C2/ C1+ A4\ @2/ @2/ B5+ @5+ C0+ A1+ @3+ D0\ D0\ E1+
Trax_1041491 Goonerg vs. Stinger : @0/ A2/ @1\ A0\ @3\ A2+ C4/ @2+ E4/ E2/ B5/ A4/
Trax_1041492 immitzi vs. Misfit Lenrad6672 : @0/ A2\ B1/ B2+ C2\ B0/ @1+ B0\ B0\ A2\ D1/ E2/ D0\
Trax_1041493 Misfit Lenrad6672 vs. immitzi : @0+ @1+ B2/ B0/ C1/ D1+ A1+ C0/ B0\ D5\ C6\ E4\
Trax_1041496 immitzi vs. Isischylde : @0/ B1\ A2/ @2+ B0/ B0/ A0+ @1\ @3+ @3+ A1\ A0\ @3+ H5+ G2+ E1/ E0+ D0+ A2+ I4+ G2\ H3+ B0+ E2/ @3\
Trax_1041497 Isischylde vs. immitzi : @0+ B1+ B2/ B0/ C1+ D2/ C3+ D4/ A1+ C5\ E4\ A5/ C0+ @5\
Trax_1041498 Misfit Lenrad6672 vs. DINGEROO : @0/ B1\ B2\ A2+ A3\ C2\ C3\ @1\ A0/
Trax_1041499 DINGEROO vs. Misfit Lenrad6672 : @0/ B1\ B2\ A2+ C1/ C0/ B4/ B1\ C0/ @2\ B1/ D0/ E4+ F1/ F0/ C2\ C1\ C8\ D8\ F8\ G5+
Trax_1041500 Misfit Lenrad6672 vs. Isischylde : @0/ @1\ B0\
Trax_1041501 Isischylde vs. Misfit Lenrad6672 : @0/ B1\ A2/ B2+ C1/ C0/ B4+ C4\ D2/ B5/ @3\ E1/ F3\ G2\ F4+ F5\ D6+ G4+
Trax_1041502 DINGEROO vs. Isischylde : @0/ A2\ B1/ B0+ A4/ @4/ A5\ D1\ C3\ B5+ D4+ C6/ B7/ A7/ @5\ F2/ E0/ B3+ @7+ C9\ C1\ C0+ B3\
Trax_1041503 Isischylde vs. DINGEROO : @0+ @1+ A0/ A3/ @3+ @2\ A1/
Trax_1041504 Arctic Warrior vs. Phil The Hat : @0/ A2\ B1/ @1/ D1\ C2+ C3\ D3\ D4\ E4\ F3\ C5+ B5/ A5+ B6\ @3\
Trax_1041505 Phil The Hat vs. Arctic Warrior : @0/ B1/ B0\ A3+ @3/ B4+ @3/ C5+ A2\ C1+ @2/
Trax_1041506 Arctic Warrior vs. gramat : @0/ B1\ B2\ B0\ C2+ D2/ D3+ D4\ E3\ E4\ F4\ D5/ D6/ D7\ E7+ G5/ C5+ B4+ H5+ I5\ G8\ A4\ H8+
Trax_1041507 gramat vs. Arctic Warrior : @0/ A2/ A3\ B2/ B3+ C2\ B1/ B4\ C4\ D3\ D4\ E4\ F3\ E5/ C5/ D6/ C6/ C7/ B7/ A5/ @3\ G4\ H1\ H4+ E0/ H6\ B8+ C9/
Trax_1041508 Arctic Warrior vs. Vacant 1884 : @0/ A2\ B1/ A0/ C2+ A4\ D2+ @4/ A5/ A1\ C3\ @2/
Trax_1041509 Vacant 1884 vs. Arctic Warrior : @0+ B1+ A2/ C1+ C0/ C0\ A2+ @2/ @3\ B1\ @2/ C0/ D1/ C6+ G4+ G5\ B1\ C0/ @2\ A1\ G6/
Trax_1041510 Phil The Hat vs. gramat : @0/ A2+ @1\ A0\ A3+ @3+ B4\ @3\ E2+ E1/ B0/ F2\ G2\ G1\ C0\ @3+ H4+
Trax_1041511 gramat vs. Phil The Hat : @0/ B1\ A2/ B0\ @3+ D1/ C0\ A0\ @2/ C0/ D1/ E1/ F1+ F0/ F0/ G7+ G8\ C9/ A8\ A9+ @9\ D10/ A7+ B4+
Trax_1041512 Phil The Hat vs. Vacant 1884 : @0/ B1\ B2\ C1\ A2/ B3+ A3+ B4\ C3+ @3\ E4/ A0\ @2/ E1/ F3/ D0\
Trax_1041513 Vacant 1884 vs. Phil The Hat : @0/ A2+ @2/ B3\ C1/ C0/ D1/ A1\ @3/ B0/
Trax_1041575 drgnrdr vs. Vixen Vampire : @0+ @1/ A0\ @2/ A1+ @2\ C3/ A1+ B0/ D1+ B4/ A1+ @2/
Trax_1041783 *EAGLE ONE* vs. drgnrdr : @0+ A2/ @2\ A1\ A0+ @1\ A0\ B0\ A4+ @5\ @4+ E1/ F1+ E0\
Trax_1042102 kleese2 vs. drgnrdr : @0/ B1+ A2\ @1/ B0+ C3+ D2+ A4/ @4/ E3+ F2+ E1/ A1\ A0+ @4+
Trax_1042445 Goonerg vs. monkeytyper : @0/ A0/ B1+ B0\ @1/ C0+ @2/ B3/ B4/ A4\ D0/ E1/ A2+ A1+ @2/ A3/ D6+ F5\ C0+
Trax_1042448 Goonerg vs. REBEL DJ : @0/ B1\ A2/ @2/ B0/ @3/ @3/ A4+ @2+ D0/ C6/ A5/ @4+ A6+ @4\ B2/ C0+ A3+ @3/ D8+ B6+ A6/ @6/ B7\
Trax_1042699 Kran vs. drgnrdr : @0/ A0/ B1/ B3/ B0+ C3+ B0+ A5+ B6\ D5/ @4/ B1+ D6+ D7\ F7+ C0\ E9/ C9\ @2\ A1\ C0/ @5+ @3+ B7/ D8\ A7\
Trax_1042849 Goonerg vs. Rogue Trooper : @0/ A0+ A0/ B2+ C2/ B0\ @1\ A0\ E3\ E1+ D0+ F3+
Trax_1042902 Vacant 1884 vs. Goonerg : @0/ @1/ C1/ D1/ D2/ D3/ B2+ D0/ E1/ E0/ F5\ E6/ G1\ E0+ G1/ H1/ A0\ @4+ D0/ @5/ @5/ F0+ G2+ C1\ B4+
Trax_1043067 Rogue Trooper vs. Vacant 12565 : @0/ A2+ @2\ C2+ B3/ @1\ C0/ E2/ A4/ C5/ @2/
Trax_1043212 MsLady vs. drgnrdr : @0/ A0/ B1/ A0\ @2/ A1+ A0\ @3/ B0\ A5+ @4\ E2/ F2/ B0/ B0\ A1/
Trax_1043546 Misery Midnight vs. rabbitoid : @0/ B1\ A2/ B2+ A3\ @1+ D2\ D3\ B0\ B5/ A5/ @2/ A1\ @2\
Trax_1043758 REBEL DJ vs. * Sassy_Angel * : @0+ @1/ @1\ C0\ D1\ C0\ C4\ A2+ B0/ E4\ B6/ A5+ C7\ D7\ E6\ C8\ @5/ B7\ F3+ G3/ C9+ A8/ @4\ A3\ H7\ H8+ I6\
Trax_1043851 MountainMist vs. Megababe : @0/ A2+ @1\ A0\ @1+ @1\ A0\ D5\ E3/ B4\ A3+ @3+ @3+ D0\ @4+
Trax_1043853 Megababe vs. MountainMist : @0+ @1/ C1/ A2/ B3/ @2+ D3\ E3+ C4\
Trax_1044287 Honeybear vs. rabbitoid : @0/ A2/ A3\ B1/ B3+ C1/ D2/ D1/ E1/ E0/ D0/ @3+ B0+ @4/ B6+ D0\ H4/ H3/ F0+
Trax_1044613 Vacant 12565 vs. Goonerg : @0+ A2/ B2\ B3/
Trax_1044647 pipeman650 vs. Goonerg : @0+ A2/ A0\ @3/ A4/ @4/ A5/ @5/ @5/ B6\ B7/ C0+ @3\ A1\ A0\ @4+
Trax_1044843 BIGDOGs vs. Misery Midnight : @0/ A2\ B2\ B1+ C2/ C1/ D1/ B0\ @2/ C4+ B5\ @2/ C0\ @2\ B1/ @3/ A4/ @2\ B1+ A1+ E7+
Trax_1044874 BIGDOGs vs. Honeybear : @0/ B1\ A2/ B0\ @2\ @3/ A4\
Trax_1045024 immitzi vs. Goonerg : @0+ A0/ B1/ B0/ A0\ @2/ A3/ A5\ B6/ C5+ @2+ A1\ E5\ A0\ @1\ F1/ F0\
Trax_1045042 *EAGLE ONE* vs. Goonerg : @0+ A0\ @2+ A3/ @2+ D2+ E2\ E3\ F3\ C4+
Trax_1045400 Backoff vs. Goonerg : @0+ A0/ A3\ B1/ C2/ B4/ C1/ @2/ E1\ D5\ E5\ A5/ B6/ @5\
Trax_1045572 Withacee vs. Goonerg : @0+ A0/ A3\ B3\ @3\ @2/ B1+ E3\ B4+ @2/ C5+ @4/ A5/ A1\ RESIGN
Trax_1045951 Chad vs. MASHER : @0+ @1/ C1/ C2/ D1/ D0/ D4\ E4/
Trax_1045958 Chad vs. Goonerg : @0+ A0/ A0+ B2/ @3+ A1\ @2+ E1\ E0/ F1/ E5+ F5\ G4+ E6+ E7\ G6+ D0\ C2+ H4\ D0+ I6+ @4/ @5\ B6+ E1\ F8+ G10/ F10/ E8/
Trax_1046167 Goonerg vs. chuckwagon : @0/ A2\ B2\ B1+ B3/ C1/ B0+ C4\ B5\
Trax_1046479 Goonerg vs. Vacant 12565 : @0/ B1\ A2/ B2+ @1/ A0\ @1\ B3/ B4/ B5+ A5/ D6\ E4/ B6/ C7\ A2+ @4/
Trax_1046540 Goonerg vs. drgnrdr : @0/ A2/ B1\ A0/ @1/ @1/ A0/ C1\ B4/ A3+ @4\ A2+ D5\ E5\ move C0/ C0/ E3/ F3/ D8+ F6/ G4\ E2+ C0/ B1/ G3\ C0/ E0/ F2\ B1\ @9/
Trax_1046579 ScoobyRex02 vs. Goonerg : @0/ A0/ @2+ A0/ @1/ D3\ D4\ C4+ C5+ B5/ C6/ A2/ A5\ C1/ B0+ E4+ F4+ E1/ F2\ C0/
Trax_1046800 doc harley vs. ROCKY MIA : @0/ A2\ B1/ B2+ B0/ C1\ C3/
Trax_1046836 Goonerg vs. sweetcaroline : @0/ B1\ A2/ @2/ B0/ A4\ D2+ C3+ C4\ B5\ D0/ D5\ E1\
Trax_1047264 drgnrdr vs. Vacant 1884 : @0/ B1\ A2/ @1/ C2\ B3+ @1/ B2+ D3+ C4+ B0+ @1\ B0/ D7/ E2+ B0/ B0/ E9\ D10/ C7/ F8\ A7/ @6+ B8\
Trax_1047937 Goonerg vs. Weth : @0/ B1+ C1/ B0/ C3/ @3\ B1+ D4\ E3/ D5\ A4\ @2+ C0+ B1+ @3/ A2+ F1/ G1+ E0/
Trax_1048442 Goonerg vs. Tactician : @0/ B1/ B0/ C1+ A0/ @3/ C1/ D4+ E1\ A5/ @4\ B6+ B0+ @4/ G1/ G0+ H2\
Trax_1048520 Goonerg vs. Vacant 1884 : @0/ A2\ B1/ B0+ @3\ A4/ @4/ @4/ B1\ D0+ C0/ A2+ @5+ @5\ E0/ G3+ G2+ H2/ C2+ D8+ G7\ H5/ I5/ F9+ G9\ J7\ J9\ H10+ K7+ I11\ J11\ F10/ D10+ J12\ K12\ L7\ F11/ I13/ H13/ E13+ D13\
Trax_1048544 Kevin vs. Goonerg : @0+ A2/ @2/ @1/ B0/ B0/ @1+ A4/ C5/
Trax_1048895 WizOz MIA vs. Rand al*Thor : @0/ B1\ @1+ B2\
Trax_1048930 Kran vs. Rand al*Thor : @0/ B1\ A2/ @2/ @2+ B3\ @2+ D3+ E3\ D0\ B4/ B5/ @4+ F1/ G1\
Trax_1048931 Goonerg vs. firefly : @0/ A2/ B1/ @2+ D1/ B0+ B0/ @4\
Trax_1048932 Kevin vs. firefly : @0+ @1\ C1\ A0\ B0\ C2+ C4/ B4/ @2+ A1\ A5/ C5+ @5\
Trax_1048940 Phil The Hat vs. Tactician : @0/ A2/ B1\ A0/ B3\ A4/ @3+ @2/ A0+ @4\ B5+ B0+ @2+ A6\ E1/ F1/ G4+ H4/ F0+ @5+ B2\ E0+
Trax_1048948 Rand al*Thor vs. Lyonsgirl : @0/ A2+ @2\ B3\ C2/ D2/ C1/ C0/ D2/ @1+ C5/ B0+
Trax_1049112 MountainMist vs. Megababe : @0/ A2+ @1\ A0\ A3+ B4\ C2/ @3+ A4/ C5\ @3+ @3/ G4\ A5/ A6+ @4/
Trax_1049906 McStack vs. Goonerg : @0/ @1/ @1/ C0+ @2/ C3+ E1/ D4/ A4\ @3\ @2/ B0+ G5+ H2/ A6/ @6/ A1+ G6/ A7/ C0/ A1/
Trax_1049991 McStack vs. firefly : @0/ A2/ @2/ A3/ A4/ @3+ @4\ A2+ D5\ E3+ A5/ B6\
Trax_1050037 Tactician vs. firefly : @0/ B1\ A2/ B2+ B3\ @2+ C4\ D4\ E4+ E5/
Trax_1050107 Logged Off 6467 vs. paganje : @0/ B1\ A2/ B2+ C2\ B3\ B4\ C3\ D3\ D4\ A5/ @2/ E1/ C6+
Trax_1050202 Goonerg vs. Mark007 : @0/ B1+ A2/ C1+ A3\ @2+ B0/ @3+ A1\ A0\ @3+ C5/ C6/ D1/ D0/ F2/ G4\ G5\ F1/ H4+
Trax_1050210 Mark007 vs. firefly : @0/ A2\ B2\ B1+ B0/ C1/ A4/ @2/ B1+ A4/ @3\ C5+ @1+ B0\ B0\ F7\ A1/
Trax_1050873 drgnrdr vs. ScoobyRex02 : @0/ B1\ A2/ @2+ B0/ A4/ B0/ D2+ C4\ C5\ D6/ @4+ C0/ A4\ F3\ E0\ F3/ G4\ A4+ @3/ C9/ B9/ A9/ A5/ @3/ C10+ J6+ K6/ A8+ @3/ E1+
Trax_1050882 Phil The Hat vs. firefly : @0/ B1\ B2+ A0/ B0\ C2+ B5\ @3/ B5/ B6/ @1+ F2+ B0+
Trax_1050887 Mark007 vs. Phil The Hat : @0/ A2+ @2\ B3\ C3\ D3+ C4/ D0/ E1/ A1\ C0+ @2/
Trax_1050892 Vacant 1884 vs. drgnrdr : @0/ B1+ B0+ A1+ @1+ B0/ D2\ E3/ F3/ D1/ C0\ A1/ @2/ @2/ @2/ C4/ E5/ @2/ C4+ B1\ C0+ E1+ D6/ D7/ H6+ E7\ D8/ B6+ A7+ J7\ @6+
Trax_1050941 Phil The Hat vs. McStack : @0/ A2/ @2\ C1/ B0\ A1\ A0\ @4\ E3+ E5+ B5+ F4+ E2+ @5\ A3+ A6/ @6+ A4\ @4+ D7\ E7+ C8/ B7+ G7\ D0/ H7\
Trax_1051114 Phil The Hat vs. MORRIS : @0/ A2/ B2\ B3\ B0/ C3+ B0/ B0/ A1+ @4/ A5/ B6/ C7\ D8/ A3+ @2/ B1+ E2+ F4\ B0/ F2\ G3/ A7+ @5\ A2\ B8\
Trax_1051131 * Sassy_Angel * vs. drgnrdr : @0+ B1/ B2\ C2\ B0/ C1+ D2/ E2/ C0+ D4\ C5+ E4\ F2\ A4+ @2/ A4+ D6+ F6\ G4\ H5/ D0+ E8+ E2+ G7+ I6/ B7/ A6+ E9/
Trax_1051135 Phil The Hat vs. Kevin : @0/ A0/ B2/ C2+ D2\ A3+ B4+ @1\ B0/ D6+ B5+ A5/ @5/ D1/ B6+ F1/ G1+ E0/
Trax_1051176 Absentee 27879 vs. * Sassy_Angel * : @0+ B1\ B2+ A0\ C3+ B4/ @1+ @1\ A0\ E5+ @1+ G4\ C0/ D1/ E1/ F1+ E0\ D1+ E8\ C6+ F8+ G8\ H7/ B6/ G9\ D8+ G3\ G5+ H9+
Trax_1051288 firefly vs. MORRIS : @0/ A2/ @1\ A0\ B1+ @2+ @3\ @2/ B1+ A0/ E1/ C0\ C6+ E1/ D0/ F3+
Trax_1051546 Phil The Hat vs. Goonerg : @0/ B1/ C1+ C0\ A3/ D1\ C4\ D4\ E2/ @4\ E5+ C6+ @6/ D7/ F0+ H3/ G6\ G7\ E8+ H7+
Trax_1051547 Goonerg vs. MORRIS : @0/ A2/ A3/ @2+ C3/ B0\ C1\ D1\ B0\ C0+ B7/ @6/ D8+ F7\ G6+ H6/ D9/ B8+ A9\ F8\ F9\ D10/ C11/ B1\ C0/ C0/ E2+ A13\ F13+ C14/ G12\ H10+ I10/ G5\ I6+ J9\ I11+ @9/ A12/ A7\ I12+ @8\
Trax_1053098 klaashaas vs. ScoobyRex02 : @0/ B1\ A2/ @2+ @2\ D2+ A0+ E2\ F2\ D4+ C5\ F4\ G3\
Trax_1053766 Goonerg vs. drgnrdr : @0/ @1/ @1/ @1/ @1/ E2\ F1/ C3+ B0\ G2/ D5/ B0\ B6+ @6+ @5/ D7\ C1\ B3+ D0+
Trax_1053836 Misery Midnight vs. Candy Cane Kaz : @0/ B1+ A2/ @1+ B0\ A1\ A4/ @4/ A5/ B0/ B7\ C7\ A8/ @8/ D5+ E2/ A9\ A7+ C9+ D1/
Trax_1054058 Vacant 1884 vs. Goonerg : @0/ B1/ A0/ @2\ @2\ C0/ B1\ C0/ C0+ B1\ B0\ D1\ E1\ D0+ D0/ move
Trax_1054069 Goonerg vs. Rogue Trooper : @0/ A2+ B1/ A0+ B0\ C4\ @4\ D5/
Trax_1054325 Tigger vs. Rogue Trooper : @0/ A0+ A0\ @1\ A0\ @1\ D3/ @1\ C0/ E1/ E0+ F3/
Trax_1054826 Goonerg vs. Aphrodite : @0/ A0+ @2/ A0/ C3/ A0\ @2/ A4/ C5\ @2+ A1\ A0+ @1\ E1/ F3/
Trax_1054961 Rogue Trooper vs. Goonerg : @0+ A2/ A0\ @3/ @3+ A4/ D3/ D4+ A5/ C5/ B0/ D1\ @6+ A7/ A1+ @5+ C0+
Trax_1054973 Misery Midnight vs. REBEL DJ : @0/ B1+ A0/ C2\ C3\ A4+ B5/ @4+ D6\ E6\ C7/ B7/ A7/ E4+ @7\ G6/
Trax_1055644 AWOL 25268 vs. Rogue Trooper : @0+ @1/ B2/ B3/ A2/ C1\ A3/ @3+ C4/ B4/
Trax_1055788 B Line electric streetcar vs. Goonerg : @0/ B1/ B2+ C2\ D2\ A3\ D0/ A1\ B0/
Trax_1055879 Rogue Trooper vs. Tigger : @0/ B1/ @1\ B0/ A1+ @1\ C0/ @2\ E1+ C0+ A4\ B0/ @1+ A4+ B0+
Trax_1056274 REBEL DJ vs. drgnrdr : @0/ A0/ B1+ C2/ @2/ C3\ B0/ B0/ C6+ D6\ E6\ D1/ E2/ C0/
Trax_1056353 Goonerg vs. REBEL DJ : @0/ B1+ C1/ A2/ A3/ @3+ D3\ C4/ B0/ @4/ E0/ F3/ B1\ A2/ C0/
Trax_1056694 klaashaas vs. Vacant 1884 : @0+ @1\ C1\ A0\ B3/ D3/ D1\ D4\ E3/ B5\ A5\ C5+ D6/ D7/ E4\ F3/ G2\ G0/ H1/ F6+
Trax_1057391 Nancy vs. spitfire : @0/ A2\ B1/ C1/ @2/ B0+ B4/
Trax_1057558 hayleesam vs. spitfire : @0/ A2\ B1/ B0\ A1+ @1/ A2+ A3+ A4+ @4/ B0/ A1\ A0\ A5\ @5\ E6\ F5+
Trax_1057659 drgnrdr vs. Goonerg : @0/ @1/ @1/ @1/ @1/ C0+ D3+ E0/ F2\ move
Trax_1057692 Sweet Pussycat vs. spitfire : @0+ B1\ B2\ A3/ @3/ C4\ D4\ B5+ D3/ @5/ F3\
Trax_1057807 faith64 vs. spitfire : @0+ @1/ B2\ B3+ B0/ C1/ C0/ A6/ D2+
Trax_1058076 Sir Pussycat vs. spitfire : @0+ A0/ B1/ B0/ A4+ @3+ B5+ B6\ C6\ D4+
Trax_1058437 Honeybear vs. goldfreckles : @0/ A2\ B2\ B3/ B4\ C2\ A0\ @2/ B4/ A4/ @2/ E5\ F4/ D1/ D0/ B2+ G4\ @3\ F7\ E8+ G6+
Trax_1058959 Barbie vs. spitfire : @0/ A2\ B2\ A3+ A4+ B1+ A5+ C1/ A6+ C3\ D1+ D0\ @3\ B8/ A8/ B1\ A1\
Trax_1059577 Goonerg vs. monkeytyper : @0/ B1\ A2/ @2\ A3\ C2+ D2+ B4/ @3/ @3/ A1\ @2/ B4/ C5/ D0+
Trax_1059687 ROCKY MIA vs. doc harley : @0+ @1\ B2/ B0/ @2\ B0\ D2/ B0/ @5/ D1+ F3\ F4\ E5+ B6\ C0/ B2\ A3\ @4\ B2\ H5/ A2\ A1\ C0\ A1\ F8\ G7\ G3/ G2/ H5/
Trax_1059933 Lilac Oyster vs. Misfit Lenrad6672 : @0+ @1/ @1\ A0\ @1/ E2\ C3/ @1\ A0\ D2/ B4\ C1/
Trax_1060120 Rude Misfit vs. Misfit Lenrad6672 : @0/ A2\ B1/ B2+ B0\ C3/ C1\ C0/ D1/ D2+ D4\ D5\ E2+
Trax_1060203 Misfit Lenrad6672 vs. Bekkah : @0/ B1\ B2\ C2\ B3/ A2+ @2/ B3/ B4/ A4\
Trax_1060229 Tigger vs. drgnrdr : @0+ B1\ B2\ A0/ B4\ C2/ D3/ A0\ @2/ A5\ A1\ @2/ B6\ A5+ F3+ F2/ F1/ D0/ G3+ A8/ @7+ I4/ J3\ A5+ D8/ K4/ A8/ @6\ F7+ L5\ M5+ M3/ N3/ M2\
Trax_1060419 Lorraine of the Renegades vs. Honeybear : @0/ A2\ B2\ @1/ B3/ A0\ @2/ C0/ D2+ B0\ A1\ E3/ E2/ F1\ C0\ D0\ C1\ B1+ B0\ G2+ F1/ C0+ G2+ H3\ G1/ G0/ A8\ @7/ F10+ B3\ B2\ D1/ H0/ A3\ @6\ D1+
Trax_1060423 paganje vs. Bekkah : @0/ B1\ A2/ @2/ D1/ A3\ C0/
Trax_1062989 Lorraine of the Renegades vs. Misery Midnight : @0/ A2\ B1/ B0/ B3\ C2/ @3\ B0/ C1+ A0\ @1\ F4\ F5\ C0/ D2+ E2/ E1/ A6/ A7/ E0/ A5+ @5/ A3/
Trax_1063006 sweetcaroline vs. drgnrdr : @0/ @1/ A2\ A3/ @3/ C3/ @3\ E2/
Trax_1064064 Chad vs. Aphrodite : @0+ A2/ B1/ @1\ A0\ B0+ B0/ @5/ B6\ E4/ F1+ D0\ B2+ G3+ D7\ @5+
Trax_1064266 drgnrdr vs. DiGaWiD : @0/ B1+ C1/ C0/ B0/ D2+ A1\ @2\ B0/
Trax_1064393 Goonerg vs. REBEL DJ : @0/ B1\ A2/ A3+ @1/ A2/ C2\ B4/ @2/ D4\ E3\ C5\
Trax_1064437 * Sassy_Angel * vs. REBEL DJ : @0/ B1\ A2/ B2+ @2+ D1\ B0+ D1/ E2+ E3\ D4/ D5/ E4+ D6+ C6/ B6+ F4\ A5+
Trax_1064439 REBEL DJ vs. * Sassy_Angel * : @0/ A2\ B1/ B0\ C2\ B3+ B4\ C4\ D3+ C5+ D5\ E5\ E3+ F4+ F3/ E2+ C6+ C7\ C1+ C0\ A2+ B1+ A6/ B7+ @5\
Trax_1064988 Chad vs. CHESSCATJAY : @0+ @1/ C1/ B0/ A3/ B4\ C4\ D4\ E4+ D5/ C5+ D6\ E6\ B0\ A2+ @2\ A1\ G4+ B7/ E8\ A7\
Trax_1065187 drgnrdr vs. CHESSCATJAY : @0/ B1\ A2/ @2+ @1/ @1/ E2\ E3\ @2\ @1/ A0/ D1+ D0/ F5/ F6/ B5+ @4\ B1+
Trax_1065282 Misfit Lenrad6672 vs. CHESSCATJAY : @0/ A2\ B1/ B0+ C2\ C3\ D3\ B4/ D1/ E2\ C0\ E1\ F3\ E5\ E6\ D0+ F3+ @4\ A3+ A6/ A7/ @5\
Trax_1065638 spitfire vs. Sweet Pussycat : @0+ B1+ A2/ C1+ D1/ D0\ C1\ C3\ A4\ B4+
Trax_1066938 Mike UK vs. Phil The Hat : @0+ A0+ A3+ B2+ A4+ A5/ A0+ A0/ B1/ @6+ C6+ C7\ B8/ B0\ A2/ B0+ @8\ E6\ B6\ A4\ @3/ B9+ @6+ C2+ G1/ G0+ F1\ A3\ @5\
Trax_1066939 Phil The Hat vs. Mike UK : @0/ A0/ B2+ B3/ @2/ A3/ @3/ A4/ D5\ E4/ A6/ @6/ @6/ D0+ B2\ G6+ @7/ A8/ @5+
Trax_1066942 Gone and Forgotten 5496 vs. Phil The Hat : @0+ B1/ A2\ A0+ @2/ A1+ A4/ @3\ @1\ B0/ F2\ F1/ E0+
Trax_1066943 Phil The Hat vs. Gone and Forgotten 5496 : @0/ A2/ B2\ B3\ B4+ B5/ A4/ @4/ A5/ @5/ E4\ B6+
Trax_1066946 Phil The Hat vs. Tactician : @0/ A2/ @1\ B0/ A4/ @2+ B5/ C5/ D1/ E3+ D5+ E6/ B1+ D0/ D0+ E1/ F2+ C0/ A2+ F1/ G1+ E0/
Trax_1066947 Tactician vs. Phil The Hat : @0/ A2+ A3/ A0/ @2/ C3\ @4/ A5+ A1\ D5\ @2/
Trax_1066948 Kevin vs. B Line electric streetcar : @0+ @1+ B0+ B3/ @3\ B1\ @2+ D4/ E1\ E3+ D5+ B5/ A5+ @1/ F0/ G2+ C1+ G5/ D1+
Trax_1066949 B Line electric streetcar vs. Kevin : @0/ A0/ B2/ C2+ A3+ B4/ B1+ B0/ C2/ D2/ C1+
Trax_1066950 Kevin vs. Goonerg : @0+ A2/ A3/ B1\ @3/ C0\ D3+ D1/ B0/ B0/ E5\ A7+ @4\ A3\ @4\ @5+ A7+
Trax_1066951 Goonerg vs. Kevin : @0/ A0/ B1+ C1/ A3\ A4\ @3\ @3+ E0+ E0\ B2\ A2\ F3/ A1+ D0/ @7\ B8/ A3\ G5\ F6+
Trax_1066952 B Line electric streetcar vs. Goonerg : @0/ B1+ B2\ A0/ @2+ B0/ @2+ A3/ C5/ B5/ @1/ C0+
Trax_1066953 Goonerg vs. B Line electric streetcar : @0/ @1/ A2\ B2+ C2\ D2\ B0/ C4+
Trax_1067149 Vacant 1884 vs. Rogue Trooper : @0/ @1+ A0+ @2+ @2\ B1\ B0\ A2\ @2\ B1\ @3/ C4\ A1\ @1/
Trax_1067204 Rogue Trooper vs. Aphrodite : @0/ @1+ C1/ B2/ C0/ D1/ D0/ E1/ E0/ F1/ F0/ @2+ D0/ G1+ H2/
Trax_1067680 Amanda vs. The Pampered Cricket : @0+ @1/ B0+ @2/ C0+ A2\ C0\ D3/
Trax_1068095 FujiTape vs. The Pampered Cricket : @0/ B1\ A2/ C1\ A3\ B3+ @1\ B0+ A1+ A0\ A0\ D3/ E5/ B7/ A7/ @7/ C8\ D7+ D8+ E8\ E7+ @8\ E9/ A3\ @5+ A9/ A10/ @8\
Trax_1068737 Oartkickel of the Wolf Pack vs. Rogue Trooper : @0+ @1+ A2\ B0/ A1+ C3/ @2\ D0\ E2+ E0/ F2\ B1\ C0+ A3\
Trax_1068845 Misfit Lenrad6672 vs. CHESSCATJAY : @0/ B1\ A2/ @2+ C0/ D1/ B4\ C4\ C5\ D3/ E1/ A1\ @1\ D0\
Trax_1069287 Rogue Trooper vs. Aphrodite : @0/ @1+ B0\ @2/ D1\ C3/ D0/ E1/ E4/ A5/ @5/ D0+ C3\ F3\ G2/ F6+ D7/
Trax_1069423 * Sassy_Angel * vs. Dawnas AZ : @0/ A2+ @2+ B3+ @2+ D2\ A3+ @3/ D4/ F2+ A4+ C5\ C1\ D0/ G2\ @5+ B3+ G0+
Trax_1069431 prettywoman vs. paganje : @0+ @1\ B2+ C1/ C0/ B0+ C4\ D4\ C5\ D3/ E3/ B6/ A5\ @2/ C0\ @2\ F6+ F3+ G5\ H5\ B5+ H7\ G8\ I7/
Trax_1069476 Rogue Trooper vs. CHESSCATJAY : @0/ @1/ @1+ C2\ D2\ A2/ B3\ A0+ @2/ B0\ E3/ F4\ @3\ A2\ A4\ D1/ C0\ H5/ H4/ @1\ A0\ @3/ B4+ B7/ A5\ @6\ E7+ F8/ F1/ G1/ I3/ J2\ L6\ L7\ L3/ M4+ K2/
Trax_1069961 Rogue Trooper vs. Aphrodite : @0/ @1/ C1/ A2+ A3\ @3/ A4/ B0\ A3\ @5/ @4+ A3+ @3/
Trax_1070786 Honeybear vs. Pammie : @0/ A2\ B2\ @1/ D2/ C1+ D1+ C0\ B4+ @2/ C5/ E1/ D0\ F3/ F2/ G2/ G1/ D0\ @5\ H5\ G1+
Trax_1071097 paganje vs. Pammie : @0/ B1\ A2/ A0/ A4\ B4\ B5\ C5\ A0/ C3/ D3/ @5\ D7\ @1\ F6+
Trax_1071349 Shosie vs. * Sassy_Angel * : @0/ B1\ A2/ @2+ B3\ C3\ D2\ E2+ D3+ C4/ B4+ A4+ A5/ E3+ D1/ B0/ @1\ A0\ A4/ @3\ D7\ D8\ E9/ B5+ F9\ D10\ E11/ B6+ H6\ H7\ I6/ H5+ J6\ J7+ K7\ J8\ G10/ C9/ C10/ A7\ I5+ K8\ H4/
Trax_1071434 Misfit Lenrad6672 vs. Vacant 1884 : @0/ A2\ B1/ C1/ @1\ A0\ B4/ A4/ @2\ A1\ C1+ @2+
Trax_1071870 Goonerg vs. Dave (UK) : @0/ A2\ B1/ B0+ @3\ A4/ @4/ A2+ E2\ E3\ B5+ @2\ D0/ E5+ A6\ @3\ F0/ G3/ H3/ D8/ E8+ D1+ D0/ A8\ G2+
Trax_1072345 Vacant 1884 vs. Rogue Trooper : @0/ A0+ A0\ @3/ A4/ @2\ D2/ E2/ D3+ E0/ F1/ F4/ C6+ C7/ C8/ C9/ D9+ E7/
Trax_1072433 REBEL DJ vs. Goonerg : @0/ A2\ B2+ A3\ C3/ B4/ D4+ D5\ C6\ A5+ C1/ D1/ E3\ F4\ F3+ @4+ H2\ F0+ C8+ A7+ C1+ @8\ F0+
Trax_1072434 Goonerg vs. REBEL DJ : @0/ A2/ @2\ A3+ A1+ B0+ C1/ C3/ A0/ @2\ @2\ D0+ F4/ F1/ D0/ C1/ B3+ B2\ @3/ C5/ A1\ C0/ @2/
Trax_1075037 Jump This vs. ellieoop : @0/ A0/ @2+ C1\ @2+ D0/ E1/ C1+ @3+ F2+ @3+ @3/ E0/ D3+ D5/ D6+ A5/ B6/ G4\
Trax_1077405 Rogue Trooper vs. Aphrodite : @0+ @1+ A2+ @1+ D1/ D2/ @1\ F2\ E3/ C4/ B2/ F0/ G3\ G1+ H1/ I1+ G0\ J4\ H5/ G6+ G7/ E1\ E0\ C9/ B7/ A8\ @7/ E1\ A3/ H1+ D0/ J8+ K8\ K9\ D11/ J10/
Trax_1077490 Goonerg vs. monkeytyper : @0/ B1\ A2/ @2+ @1/ B3\ C0/ C0\ E2\ B1+ E1/ D0/ F2\
Trax_1077988 Chad vs. Aphrodite : @0+ A0\ B1\ A0\ @1\ A0\ @4+ D0+ E1/ E0/ F4+ B1\ A2\
Trax_1078390 Misfit Lenrad6672 vs. PinkyDot : @0/ A2\ B2\ B1+ B0/ C2\ A4/ @4/ D4\ E3\ D5/
Trax_1079398 Aphrodite vs. Rogue Trooper : @0+ @1+ C1+ D1+ @1/ A2/ B3+ A0/ @3/ @4\ A0+ @3/ F5\ G2/ G1/ B0/ @4+ B6\
Trax_1079594 Weth vs. firefly : @0+ B1/ @1/ C0/ C0\ @3/ A2/ E2+ A4\ A1/ D4+ E1/ D0\ B1/ F3/ F4+ F2+ D6/ F6/ B0/ A2+ E2+ D1+ C0\ @3+ A1\ B0/ A1+ @3\ H4/ G2+ H1\ E8+
Trax_1079670 Aphrodite vs. Rogue Trooper : @0/ A0/ B2/ C2+ C3+ D3\ A4/ @3\ @1\ A0+ F5\ E6+ C6/ F7/ F3+ G3/ H3+ F2+ H6\ I5+ A0/ C2+ D2/ B7/ C1+
Trax_1079771 Nina vs. Honeybear : @0+ B1/ B2\ C1/ B3\ B0\ A4/ B5\ D2+ @2\ B1\ B0\ A1\ E4+ @2+
Trax_1079787 Chad vs. Rogue Trooper : @0/ A0+ B1\ A3/ @3/ A4/ @1+ B5/ @1/ D0/ F6/ A1/ @2/
Trax_1079788 Chad vs. Bekkah : @0+ B1\ B2\ @1/ C3/ D2\ D4+ B3+ @3\ E0/ F1/ C1\ A2/
Trax_1079971 Goonerg vs. CHESSCATJAY : @0/ @1/ B0+ @1/ B0/ C4\ D3/ B5/ A3/ C6\ D5/ E4\ @2+ @2\ B0\ G7\ E8+
Trax_1080089 Chad vs. CHESSCATJAY : @0/ A0/ A0/ A4\ B2+ A0/ C4\ C5\ C1\ @2+ @2/ E2+ F2\
Trax_1080341 Rogue Trooper vs. sweetcaroline : @0/ A2\ B2+ B1+ C2\ C1+ B3/ A4/ @1/ A4+ B0/
Trax_1080472 Rogue Trooper vs. buttercups : @0/ B1\ B2+ A2+ A3/ C2/ D1\ B0/ D4\ E3/ B5+
Trax_1082333 Amanda vs. WizOz MIA : @0+ A0+ A3+ @1/ C1/ @1+ C4+ D0\ C1+ C0/ E1+ F1\ E0+ E0/ F1/
Trax_1082334 Amanda vs. AugieDawg : @0/ A0/ B1+ A0\ @2/ B4/ A1\ @1\ D1/ D0/ E5+ E3/ D6+
Trax_1083344 Goonerg vs. CHESSCATJAY : @0/ B1\ A2/ B0\ @1/ A0/ @1/ D1/ E1/ A0/ E3\ F3\ D5\ D6\ E1+ G3/ F1+ A0\ @3+ D7/ E8\ B0\ A5+ @4/ D2+ A6/ @5\ B3+ G1/ RESIGN
Trax_1083659 Aphrodite vs. Rogue Trooper : @0+ B1+ C1/ B0+ @2/ D3/ C4\ E3+ F3\ G4/ F2+ C0/ B5/ B6/ @3\ A2+ A1/ B1+ I3/ I2+ F2+ I1\
Trax_1084345 Rogue Trooper vs. CHESSCATJAY : @0/ B1\ A2/ A0/ @2+ B4/ @3\ E1/ E0/ E0/ B2\ A1/ @1/ B7\ G1/ G0/ @5/ A6/ F0+
Trax_1084572 Honeybear vs. Mististar : @0/ B1+ @1\ A0+ A0/ B2/ B1+ B0\ @3/ C5+ A1\ E5/ @3\
Trax_1084955 Lillie vs. Amanda : @0/ B1\ A2/ @2+ C2\ B3/ D1/ B0/ E3\ C4\ C5\ @3+ F5\ E6/ F1/ E0+
Trax_1084956 Amanda vs. aussielady : @0/ @1/ B0+ @2+ C0\ C4+ A0\ @1\ C0/ D1/ E2/ F2/ E1/ E0/ F2/ F5\ G5\ A5/ @3\ E0+
Trax_1085061 Aphrodite vs. Rogue Trooper : @0+ A2\ B2/ A0\ A0+ B1+ B0/ C4\ D4+ @2\ A3+ F3\ F2+ @3/ H3\ F1/ A5+
Trax_1086141 drgnrdr vs. Rogue Trooper : @0+ B1+ B2+ C1+ D1\ B0/ B0/ B0/ D2+ E4\ C5+ D6/ E1/ C0\ A2\ E4/ F3\ G3\ A6/ @4\ C7+ @6/ A7/ A8/ E8/ B9+ @7/ A3\ H8\ C1/
Trax_1086253 Vacant 1884 vs. drgnrdr : @0/ @1/ A0/ C2\ B3/ B1/ D2+ E1\ F1\ G2/ D3/ D4/ E0+ B1+ G4+ G5\ H3/ I4+ I6+ I1/ A4/
Trax_1086309 Nan54 vs. Morticia : @0/ B1+ @1\ A0\ C3\ B1+ B4/ A4/ D4\ @3+
Trax_1086870 the great snowqueen vs. Rogue Trooper : @0+ B1+ B2/ B0/ A1+ C2\ A0/ B5/ D3\ @4\
Trax_1087156 SarahMills vs. Phil The Hat : @0/ A2\ B1/ @1/ B0+ @3/ A4/ A2+ D3\ E2/ F2/ @3+ E4\ E5+ F5\ C6/ B6/ B7/ A7/ @7+ B8\ F7+ F8\ E9+ @7+ B8+ H7+ H3+
Trax_1087157 Phil The Hat vs. SarahMills : @0/ A2/ B2\ A3/ C1/ B0\ A0/ @2+ D2+ B0\ C1+ @6/ B7\ D6\ C0+ B1\ A4\ @6+ C0\ A2\ @4\ A3+ H7+
Trax_1087520 Chad vs. CHESSCATJAY : @0/ B1\ A2/ A0/ @2+ C0/ D3+ B1+ @3+ B0\ A2+ A1+ @2/ D6/ @3+ F6\ H4+
Trax_1087612 toadisgimpy vs. Pamper Me : @0/ B1\ B2\ C2+ A2+ A3/ C3+ @2\ C4+ C0/ D1+ C0\ B2+ @4+ C1\ @4+ B2+ D0\
Trax_1088834 Amanda vs. Tigger : @0+ @1\ B0\ A1+ B3/ @1\ A2+ B0/ D3\ E4/ D1/ D0+ @4/ @3/ B2+ A5/ B6\ G2+ H5/ H2+ E6+ I3/ F7\ I6\ I7\ J4\
Trax_1089429 Rogue Trooper vs. umlayla : @0+ B1/ B0\ A1+ @2/ A3\ B0/ C0/ D3\ B5+ A3\ D1+ @4\
Trax_1089495 Rogue Trooper vs. Aphrodite : @0+ A2\ A0/ B1/ B4/ @3\ D3\ A5/ @5/ C6\ D6\ E5\ RESIGN
Trax_1089899 ROCKY MIA vs. doc harley : @0+ B1\ A0/ B3/ C2\ C4\ D3/ @2/ B3/ E0/ A4/ F1\
Trax_1090151 B Line electric streetcar vs. McStack : @0/ @1/ C1+ D1\ A2+ D3+ E2/ E0/ RESIGN
Trax_1090790 klaashaas vs. Kevin : @0/ A0/ A0/ A0/ A0/ @3+ C1/ @1\ A5/ @3+
Trax_1091833 Kevin vs. Goonerg : @0+ B1/ @1/ A2/ B3/ C2+ A0/ D1+ @3+ A4/ E0+ F2/
Trax_1091899 Goonerg vs. monkeytyper : @0/ B1\ A2/ @2+ B0/ C0\ B0/ D1/ C0\ @1\ A0\ F4\ G4+ H4\ H5\
Trax_1092361 Goonerg vs. ScoobyRex02 : @0/ B1\ A2/ @2+ B0/ @1/ D3+ E2/ B4/ @1\ B0/ @2\ B3\ E1+ B4+ @4/ H2/
Trax_1092366 Goonerg vs. Pammie : @0/ A2\ B2\ A3\ @1/ @2/ B0/ @3/ B1\ B0\ D2+ B5+ D6\ C7\ A6+ D7+ E7\ E3+ D8+ E5\ F3/ G4/ D1+ F2/ G1\ B0\ A3+
Trax_1093182 Buz vs. Marko : @0+ @1/ B0+ A1\ @1\ A2/ @1\ B0+ A3/ @2\ F2/ A0\ @3\ F5+ G5\ H4\ I4\ H5\ I2/ H6+ J2\
Trax_1093199 Misfit Lenrad6672 vs. (**)(**) Bunny Toes : @0/ A2\ B1/ B0/ B3\ C3\ A4/ @4+ A3+ @4/ E2+ F3\ C5/ E6\ F6+ G5\ E0/ F1/ G3\ A7/ B8/ @6/
Trax_1093200 Misfit Lenrad6672 vs. Rogue Trooper : @0/ A0+ A0\ @1\ A0\ @1\ A0\ @4+ C0/ @2\ B1+ @3+ D0\ B7/ B8/ G7\ G8\ H8+ B9\ E8\
Trax_1093235 Misfit Lenrad6672 vs. Trist : @0/ B1\ A2/ @2/ C2\ C3\ B3+ D2\ D3\ E3\ C4+
Trax_1093279 Rogue Trooper vs. Aphrodite : @0/ @1+ C1+ C0\ B3+ @1/ @2\ C3/ A0\ B0+
Trax_1093443 Misfit Lenrad6672 vs. CHESSCATJAY : @0/ A2\ B1/ @2\ D1\ D2\ C3\ A3/ C4\ @2/
Trax_1093564 Keizer Soze vs. Phil The Hat : @0+ A0+ A3+ A0\ @1\ @1+ B0+ A1+ B0+ D3\ @3/ E1/ F2\ D0+ B1+ C0/ A1/ B7+ E8\ F6/ B8/ B9/ @7+ D9\ D10\ G10\ B3/ H8\
Trax_1093782 buttercups vs. Goonerg : @0/ A2+ A0\ @2/ C3\ @2\ A1\ E2\ @2/ A3/ A4/ F1/ G2\ D0/
Trax_1093783 Goonerg vs. Trist : @0/ B1\ A2/ @2/ B0/ C3+ C4\ B5\ D1\ D4\ C5\ C6\ D6\ E5\ A0\ @4/ E1/ E0/ F2\
Trax_1093787 Goonerg vs. CHESSCATJAY : @0/ A0/ B1+ A0\ @2/ B0\ C2/ @3/ A2/ @2/ B1+ E1/ E0/ E0/ @4/ C2/ B2+ F0\ E2/ F0\ B3\ C2\ @5+
Trax_1093893 paganje vs. DINGEROO : @0/ B1\ B2\ C2\ @1\ A0\ D1\ @2/ C3/ D4+ C4+ C5/ F1/ E0\ A1/ A4+ A5/ G4\ G5\ G6\ F7+ H4+ I2\ D2+ C0\ D9+ B7/
Trax_1094342 Chad vs. (**)(**) Bunny Toes : @0/ B1\ A2/ B2+ @1\ B0/ D2+ E1\ D3\ B4/ C0\ @4+ A6+ @6/ B2\ A2/
Trax_1094350 Chad vs. Rogue Trooper : @0/ A0+ A3/ A0/ A0/ B5+ @4\ D4\ C6\ E6/ C7\ B8+ A8/ @8+ C9+ G7+ G8\ F9+ @6+ B5\ G4+ E3+ D10\ @6\ A5\ A4\ A3+ @5+ B7+ C0\ B3+ H3+ J5\ K5\ G1+ G0/ F0+ K12/ K13\ L9+
Trax_1095804 Rogue Trooper vs. Aphrodite : @0/ @1+ B2/ C1/ C0/ D1/ B0\ @3/ B5\ F5\ E6+ C0+ B1\ A2\ @2\ A1\ A0\ G2/ F1\ H3\
Trax_1096143 Rogue Trooper vs. Aphrodite : @0/ @1+ B0\ @2/ C0\ C0\ B3\ D1/ D0/ E2+ F4+ F5\ F6+ G6\ A3+ E0\ F1\ F3/ G3/ G0/ H2\ G5\
Trax_1096890 CHESSCATJAY vs. Rogue Trooper : @0/ A0+ A0\ @1\ A4\ C3/ @1\ A5/ @3+ E5\ RESIGN
Trax_1097108 firefly vs. FULL moon CRAZY : @0/ B1\ A2/ B2+ B3\ C3\ A4+ B0\ C2+ D4+ E3+ D1+ @2+ @2\ H3+ F5+ A0+
Trax_1097244 Goonerg vs. FULL moon CRAZY : @0/ B1\ B2\ A2+ A0/ A0\ @4\ C5/ D3+ C1+ B5/ E3\ @5/ F1/ B6/
Trax_1097491 hayleesam vs. klaashaas : @0/ @1/ C1/ B2+ C0+ D1/ D3/ A0+ @2\ C0\ @3/ F6+ F7\ G4\ H5\ G2\ C0/ D0\ F3/ H5\ I5\ J3+ I8/ I2+
Trax_1097776 firefly vs. Cachel : @0/ B1\ B2\ C2+ D1\ A2+ B0+ E1/ D0\ A2+ F2+ E4+ E1/ F0\ C2\ A6/ E0/ @5+ A7/ A8/ @5+ D2\ C3+ @5/ G2+ F1+ F7+ @6\ A4\ B3+
Trax_1097778 firefly vs. Cozy : @0+ @1/ @1\ A0\ B1+ C1/ C0/ D1/ A0+ B0+ A1\ @2\ A4+ @2\ B1+
Trax_1097810 firefly vs. bigdan409 OTWP : @0/ B1+ A0\ @1\ C1+ A2/ @2/ D0+ E2\ E4/ C5+ C6/ F3+ G3\ C0+ @5\ D0\ B2\ @6+ F2+ B1+ A1\ @2+ D0/ E1/ B10\ H8+ H3+ I3/ I4+ G1\ J4+
Trax_1097852 Goonerg vs. Cachel : @0/ B1\ A2/ @2+ B0/ D1/ D0/ A5\ A1\ B0+ @3\
Trax_1097854 Goonerg vs. Cozy : @0/ B1\ A2/ @2/ B0/ D1/ B0/ E3\ C4\ B5+ D5\ E4+ C6/
Trax_1097855 Goonerg vs. bigdan409 OTWP : @0/ B1\ A2/ @2+ B0/ A4\ D2\ C3\ A0\ @2+ E1/ C0/
Trax_1098473 Vacant 1884 vs. Rogue Trooper : @0/ A0+ A0\ @1\ @2+ @3\ @3\ D4\ F4\ E5/ A1\ @1/
Trax_1098769 CHESSCATJAY vs. Rogue Trooper : @0/ A0+ A0\ @1\ A4\ C4/ C5/ B5/ C6\ D5/ @5\ A2+ D2/ @5+ A6/ A7+ @7/ G4/ H3+ D8\ E7+ E8\
Trax_1098828 Whistler Gandalf vs. CHESSCATJAY : @0+ A0/ B2+ A3/ A4/ @1\ A0\ D2/ D1/ E2/ C5\ B6/ B1/ B0/ A4/ @3\ G3/ @3/ A4/ F1/ E0\ D9\ E9\ C6+ F6/ B8/ A9\ @6\
Trax_1098830 Whistler Gandalf vs. Rogue Trooper : @0/ @1+ A0+ @2/ A3+ B4/ C4/ B5/ D4/ D6+ E6\ E7\ F7\ B7/ A1\ A6/
Trax_1099032 Phil The Hat vs. FULL moon CRAZY : @0/ B1\ A2/ B2+ C2\ C3\ D3\ C1+ C4+
Trax_1099037 Phil The Hat vs. Cachel : @0/ A2\ B1/ B0+ A4/ @3\ C0/ C4+ A1\ D4/ C0\
Trax_1099038 Phil The Hat vs. Cozy : @0/ B1\ B2\ C2\ B3/ A3/ @3+ B4+ E4+ C5/ E2+ A5/ B6\ @3/
Trax_1099039 Phil The Hat vs. bigdan409 OTWP : @0/ A2/ B2\ B3+ B4/ A3/ A4+ @4/ A5+ A3\ @4/ A3+ A2\ @2\ D0+ D0\ E2/ F2/ F5\ E7+ @5+ B7+ D8\ @5\ A3+
Trax_1099043 Phil The Hat vs. dab : @0/ @1\ B0\
Trax_1099044 dab vs. Phil The Hat : @0/ @1/ A2/ C2+ B3\ B4\ C4\ D2/ C0/ A1\ @1+ C0/
Trax_1099171 Adam vs. Aphrodite : @0/ A0/ @2/ @1+ A0\ A0+ @2/ E4\ E5/
Trax_1099328 Tolp vs. Phil The Hat : @0/ B1\ A2/ A0/ C2+ B3+ D2+ A4+ @4/ F2\ A2/ G2/ G1/ A0+ @1\ A0\ @1\ @1+ B0/ @5+ C6\ I6+ H3/ H2+ I3\
Trax_1099329 Phil The Hat vs. Tolp : @0/ @1+ @1\ A0\ D2/ C3+ @1\ A0\ A0+ @2/ C5+ D6/ A4+ B6+ @4+ H4/ F0+
Trax_1099488 Rogue Trooper vs. Aphrodite : @0/ @1+ B0\ @2/ C0\ C0\ A5/ A6+ B1\ @5/ @1+ B0\ B0\ A1\ @4\ G3/ G2+ @2+
Trax_1099932 ROCKY MIA vs. doc harley : @0+ A2\ B1+ B0/ A1+ @1\ B0/ B0/ D3/ C1\
Trax_1099979 MASHER vs. Rogue Trooper : @0/ @1+ @1/ C2/ B0/ D2/ C1/ D4\ E3/ A4/ B5\
Trax_1100016 Goonerg vs. (**)(**) Bunny Toes : @0/ B1\ B2\ B3\ A0/ @1\ B0/ A4/ @3\ D6\ E4/ E3/ F3/ F2/ G2/ E1+ A6/ @5/ C7/
Trax_1100126 REBEL DJ vs. Honeybear : @0/ B1\ B2+ A2+ B3+ B4/ A4/ A5/ @4\ @4\ A3\ @3\ A2+ C0\ A2\ B1+ @3+ B1\ @3+ H4/ H5+ F0/ G1/ H1/ I2/ I4+ J4\ K4+ K5\ G0+ I2/
Trax_1100196 Phil The Hat vs. Logged Off 9554 : @0/ @1/ B0/ C2\ C3\ D1/ B0/ @1\ C0/ E1/ D0\ A1\ C0/ A1+ C0/ C0+ F9\ D10\ @6+ H7+ H4/ I4/ D0\ A2+ @5/ J7\ K5/ F2+
Trax_1100547 * Sassy_Angel * vs. Mististar : @0/ B1\ A2/ @2+ C0\ C3+ A4\ D2/ D4+ E2/ F2/ F1/ C0\ @4\ H2/ F1\ G0\ E1\ D1+ D0+ D0/ E2/ B3+ @4\ G2/ G1/
Trax_1100574 ScoobyRex02 vs. drgnrdr : @0/ A0/ @2+ @2\ D1+ D0\ A4\ B5/ D4\ E3/ @3/ A2+ G2\ F1+ C0+ H4/ C0/ B1+ F6+ F2\ F7+ G2+ C0/ C0/ F3/ A1\ @5+ B0/
Trax_1100580 * Sassy_Angel * vs. dingbat : @0/ @1/ A2+ C1+ C0\ A4/ @2\ E2+ C4+ A1+ D0\ C0/ A5+ @4/ A5/ F2+ D0+ A3+ @7\ E8+ H3+
Trax_1101171 * Sassy_Angel * vs. Honeybear : @0/ A2\ B1/ B2+ B3\ C1/ D2+ B4/ A4/ @3/ F1\ D0\ E5+ B6/ A6/ @4\ A3+ @5+ C7\ A3+ @5\ B2\ F1+ E0\ D2+ C2\ C1\ B2\ @5/ @5+ @4/ @5/ E1/
Trax_1102278 Rogue Trooper vs. Zieken : @0/ B1\ A2+ B2+ A3/ C2/ B0\ @3/ C4\ D5/ A2+ @2+ E0/ F1/ B1\ E0+ A3\
Trax_1102346 Rogue Trooper vs. Aphrodite : @0+ A2/ @2\ B0/ @3\ B1\ A0/ @2+ B5/ A5/ @5/ A6/ @6/ F6\ G5/
Trax_1102400 heidibb vs. REBEL DJ : @0/ B1/ B2\ C2+ D2/ D1/ E1/ E0/ F1/ F0/ G2+ B5\ F0/ G6/ E6\ D7\ @4+ F7\ I4\ I5+ I2/ J5/ F0+
Trax_1102616 drgnrdr vs. laytonjoe1 : @0+ @1/ C1/ A2/ D1\ D2\ D3\ D0/ E3+ E1/ F1\
Trax_1102628 drgnrdr vs. Zieken : @0+ @1/ C1/ B2\ C3/ D1+ D0/ E3/ C1\ D0/ D0/ A3+ C1\ B0/ A3\ @5/ G4+ G1/ G7\ H2/
Trax_1103560 * Sassy_Angel * vs. DINGEROO : @0/ A2\ B1/ B2+ C2\ B0/ @3\ A4/ @3\ @1\ B0/ D1\ D0+ @4/ A5/ A6/ D7+ @3\ B2/ D1/ E8+
Trax_1103809 firefly vs. FixitDave : @0/ A2+ A0\ @2+ A1\ C1\ A3+ B4+ D2+ B0+ B0/ D1+ D6\ E6\ C7+ E4+ F4+ F6\ @5+ H5+ G3+ F8+
Trax_1103811 Phil The Hat vs. FixitDave : @0/ A2+ A0\ @2+ @2\ B1\ B0\ A2\ A1+ @3/ B4\ @2\ B1+ B0\ A1\ @3/ F1/ E0/ G2\
Trax_1104291 Bekkah vs. Rogue Trooper : @0+ A0/ A3/ B2+ B3\ B4/
Trax_1104501 hANDYman the Rebel vs. DINGEROO : @0+ @1+ B0/ A1\ B0/ C2+ B4/ @4/ A5/ @5/ B3+ B6+ C6\ C7\ E6\ F4\ F6/ G6\ F7/ D8/ F3+ @5\ H3/ I6\ H2+ I2+ F8+ H1/ G0\ J4+
Trax_1104957 Logged Off 5196 vs. Rogue Trooper : @0/ A0+ A0\ @3/ A4+ B5/ @2+ A0/ A5/ @3/ B7/ A7/ D7\ E7/
Trax_1105097 Logged Off 5196 vs. Rogue Trooper : @0/ @1+ B0\ @2/ B1+ A1\ A0\ @2/
Trax_1105103 Logged Off 5196 vs. Rogue Trooper : @0/ @1+ @1\ C0/ B0+ @2/ @3\ D4/
Trax_1105558 Phil The Hat vs. SarahMills : @0/ @1/ A2+ A3\ @3\ B0\ A1\ @3/ A5+ @5+ B6\ E6\ F3+ E7/
Trax_1105903 Rogue Trooper vs. Aphrodite : @0+ A0\ @1/ B3\ A3+ C2+ B0\ A0/ @4\ D1/ E3+
Trax_1106165 Goonerg vs. FixitDave : @0/ A2+ B1/ B3\ C2/ A3+ C3\ D3\ B4+ B0/ C1/ D3+ E3/ E0+ F1/ F4+ E6+ G1+ G0/ F8+ G8+ B2+ H6/
Trax_1106380 Goonerg vs. Judy : @0/ A2\ B1/ B2+ @2\ A0\ @1\ A3/ @2+
Trax_1107250 bxlines_babydoll vs. Rogue Trooper : @0+ A0/ A3\ B1/ C2/ B4/ B0/ C1/ C0/ D4+ B7\ @5\ F4+ F1/ G3/ E0/
Trax_1107896 Rogue Trooper vs. Aphrodite : @0+ A0\ @1/ B3\ @1/ B3/ B4/ @3+ D4\ D5\ E4+ A5+ A6\ F3+ B0\ A1\ @1\ G2/ A0+ H4/
Trax_1108299 Chad vs. CHESSCATJAY : @0/ B1\ A2/ B2+ B3\ A4/ @4/ D4\ B5+ @4/ A6\ C0/ E2\ F5\ B3+ D7/ A1\ A0\ @4+
Trax_1108860 Goonerg vs. ScoobyRex02 : @0/ A2\ B2\ B3+ @1/ A4\ @2/ A4/ B5\ C4\ B0/ @3/ E2/ F3\ E1+ F1/ G1/ B1/ B0/ @3/ D1+ B1/ H1+ D0/ I3/
Trax_1109263 ROCKY MIA vs. doc harley : @0/ A2\ B2\ C2\ A3\ C1/ B3+ D2/
Trax_1109378 Linda Sue vs. Syl2 : @0+ @1/ B2\ C1/ B3/ D2\ D3\ E1/ E0/ @2\ B4/ @2/ A3/ C1/ C0/ H1/ H0/ G1+ A6\
Trax_1109379 Linda Sue vs. Syl2 : @0+ B1/ C1\ C2\ @1/ D3/ C3/ D0/ E2\ C5+ C1\ D0/ D0/ D8\ E8\ C8/ D9/
Trax_1109447 immitzi vs. Rogue Trooper : @0/ @1/ A0+ @2\ B0/ B0/ A2/ A0+ @2\ @2\ B1\ B5\ D6/ A5+ F3+ B0\ A2\ @4+ G7\ G2+ H5\
Trax_1109548 Chad vs. DINGEROO : @0/ B1\ A2/ @2+ B0/ D1/ D0+ E3\ D4/ C5+ D0+ D0\ E1/ D0+ C4\ E4+ F4/
Trax_1109549 MsLady vs. Whistler Gandalf : @0+ B1+ A0/ B3\ C3+ D3/ D1\ B4/ A4/ @4\ B5\ @4/ A5/ C6\ E0/ @7/ B8\ H4\ H5\ D1+ A5\ @5+ B4/
Trax_1109551 drgnrdr vs. ScoobyRex02 : @0+ @1\ C1\ @1/ A2\
Trax_1109669 firefly vs. Eriisa MIA : @0/ B1\ B2\ C2+ C3+ A2+ B0+ A4/ B0+ B6+ @6+ A3/ @5+ F5\ C7\ E7+ F2/ G6/ E1/
Trax_1109745 Goonerg vs. Eriisa MIA : @0/ A2\ B1/ B0\ C2/ B3+ C0\ B1\ D1/ D0/ D5\ C6/ E3\
Trax_1110228 bxlines_babydoll vs. Rogue Trooper : @0+ A2/ @2\ B0/ A2\ B0/ @2/ D2+
Trax_1110443 Rogue Trooper vs. Aphrodite : @0/ @1+ @1\ B0/ B0/ C1/ A4\ A0+ @1\ D0/ E2\ A1\ A0\ @3+
Trax_1110965 aussielady vs. Amanda : @0+ @1+ A0+ @2+ B3+ @2+ A1/ A3/ C4/ @2+ A1+ D0/ @3/ B5+ C6+ F4+ G3/ F2+ G4+ H4\ C1\ D0/ B2\ E1+ A2+ B1\
Trax_1111025 AugieDawg vs. Amanda : @0/ A2\ B1/ C1/ @1\ B0/ C3\ @2/ A3/ C4\ @3\ B5/ A5/ @5/ B2\ C1/ D0\ D7\ B2\ B8+ @7/ G5+ H2\ G6+ F1/ F0/ H5+ H1/ G0\ I3\
Trax_1111211 Lillie vs. Amanda : @0/ B1\ B2\ B3\ C1/ A0/ A3/ C1/ C0/ @2\ A1\ E2+ F2+ @3+ G1/ F0\ H3\ @4\ E2+ C1/ D0\ D0+ C8\ E9/
Trax_1111257 DINGEROO vs. Honeybear : @0+ @1/ A0\ @1\ C3\ D3+ D4\ C4+ E3/ C1+ E5\ F4/ B0+ D2/ C0/ A4/ @4+ @4\ A3\ @3\ B1\ F0/ D8/ C7+ C0+ A2/
Trax_1111548 Chad vs. Vacant 1884 : @0/ A2\ B2\ C2\ B1+ C3+ D3\ B0/ B0/ B0/ D1+ E4+ D7+ E7\ F5/ A7/ F2/ C8/
Trax_1111836 drgnrdr vs. buttercups : @0+ @1/ @1\ B0/ B0/ D3\ B4/ C5+ D1/ D0/ E3\
Trax_1111997 Freight Train vs. * Sassy_Angel * : @0/ A2\ B2\ B3/ A3/ @2\ B0+ A0/ D4/ C3+ C2/ D2/ C6\ D5+ E3+ D6+ D7\ C7+ F4/ E6+ G5\ H5+ G6+ C8/ C0+ A7+
Trax_1112001 Judy vs. STrek : @0/ B1\ A2/ @2+ @1\ C0+ C0\ A1+ A4/ @2+ B0\ @3+ C6+ F3+ B2+ B5+ A5/ A6/ A7+ @5+ H3+
Trax_1112002 Retired 3815 vs. Rogue Trooper : @0/ @1+ A2\ B3/ A4\ C1/ C0/ @3\ @4+ E0+ F3+ B1\ G3\ B0/
Trax_1112003 csain1 vs. Honeybear : @0/ A2\ B2\ B3\ A4\ C2+ C1/ B0/ @1/ E2/ E1/ E0+ F3+ @1\ B0/ F6+ B5\ D7\ A7+ @6+ C8+
Trax_1112005 FujiTape vs. Gone and Forgotten 5496 : @0/ A2+ @1\ B0/ B0+ C4+ C5\ D2/ C1+ A4/ @3\ F3\ E4+ F1/ G1/ D0/
Trax_1112007 Goonerg vs. immitzi : @0/ A2\ B1/ B2+ C1\ B3/ @1/ A0\ @1\ A3+ D0/ E1/ F1/ B6+ @6/ A7/ B0\ A2+ G5\ H2+ @6\ B4+ E0+ D0+ E1/ A4+ B2+ I1+ G0\ J3/ K2\ L3/ A3\ @3\ D1/ F0+ @3/ B1+ F0/ A7+ @4/ @4/ D1/ I0\ J2+ E10+ D12/ B9+ @6\ E14/ B2+ C11+
Trax_1112008 buttercups vs. Morticia : @0/ A2+ A0\ @1\ C3\ A2+ D2/ D1/ D0/ E2+ F1\ C0+ A0\ @2/ C0/ D1/ C8+ E1/
Trax_1112011 MountainMist vs. Adam : @0/ A2+ @1\ A0\ B1+ @2/ A3/ B0+ B0\ A6+ @5\ B2\ A2\ E5+ E6\ E7\ A3/ @3/ F8+ G6+ C1\ H5/ H4/ H3+ I4\ E1+ C0\ D0+ B3+ A2/ @5/ B1\ A1\ C0/
Trax_1112805 Rogue Trooper vs. Aphrodite : @0+ A0/ @2/ C2\ C3\ B4+ C0\ A2+ D1/ D0/ B1+ E4+ C7/ F1/ F0+ G3+ H4/ H5+
Trax_1112902 Goonerg vs. Trist : @0/ A2\ B2\ B3\ @1/ C1+ D3\ E2\ E3\ F3\ F4\ G4\ E5/ D5/ F6\ E7\ G6+ H5/ I6\ I7\ I2+ J4/ G0+
Trax_1112951 Phil The Hat vs. Eriisa MIA : @0/ B1\ B2\ A2+ A3+ @2\ A3+ A4\ A5/ @4\ C0+ @4+ C7/ F3+ D7\ C8+ E6/
Trax_1113619 Tigger vs. Amanda : @0/ B1\ B2\ A2+ @2/ C3\ @2/ C0/ @4/ B5+ F4\ E6\ A5+ A6/ A7/ G3+ C8+ @7/
Trax_1113820 WizOz MIA vs. Amanda : @0+ B1\ A2\ B2\ A0/ @2+ D2\ @2+ E3+ D4/ C4/ B4\
Trax_1114369 B Line electric streetcar vs. Abaitha : @0/ A2\ B1/ B2+ C1\ B3/ A4\ B0/ @2/ E2\ E3\ D6+ @1\ A0\ A6+ @2\ C7+
Trax_1114372 hANDYman the Rebel vs. Walter : @0+ @1\ A0\ B0/ C1/ D1/ B4/ D2\ E3/ D4+ B5+ D0/ E1/ F2/ F4+ C0+ @4/ B0\ A2/ F1/ G1/ D0+
Trax_1114495 psycotic virus hacker vs. Adam : @0/ B1\ A2/ A0/ B3\ A4/ @3+ @3+ A1\ A0\ E3+ C1/ B0/ @4+
Trax_1114555 drgnrdr vs. MountainMist : @0+ @1/ A2/ @2+ C3\ D2\
Trax_1114574 Allison vs. Rogue Trooper : @0+ A0/ A3\ B1/ B0/ C3\ D2\ B0/ D4+ D5\ D6\ D0/ E2\ A1\ @1+ D0\
Trax_1114580 Allison vs. Rogue Trooper : @0+ A0/ B1\ A3/ B3/ A4/ @3/ D4\ D5\ D1/ D6/ C0/
Trax_1114691 Aphrodite vs. Rogue Trooper : @0+ A0/ A3\ B1/ A0/ C2+ C1\
Trax_1114937 * Sassy_Angel * vs. Candy Cane Kaz : @0/ A2+ @1/ B3\ C1/ C4+ B4+ C5+ D1/ E3+ C0+
Trax_1116433 SweetCindyJo vs. Rogue Trooper : @0/ @1+ @1\ C0/ A3\ B4/ B5/ @1/ D5\ E3/
Trax_1116584 Chad vs. MountainMist : @0/ B1/ A0\ @2/ @2/ C0+ C0/ E2/ F2+ E4+ E5\ G4/ G6+ H4/ A3\ @4/ G1\ F0/ B2\ B1+ A2/
Trax_1116713 Zieken vs. Morticia : @0+ @1+ A2/ C1+ C2\ B3+
Trax_1117037 Aphrodite vs. Rogue Trooper : @0/ A0/ B1+ B3/ C1\ @1+ E3\ D4+ C5/ B4+ F2/ F1/ F0/ E5\ D0\ C1\ G6+ H6/ F7+ E7/ D8\
Trax_1118406 Vacant 1884 vs. Rogue Trooper : @0/ A0+ A0+ B2/ @2+ B0/ @4\ E2\ D4+ F2\ E0+ C6/ E6+ D0/ C2+ B1/ E0\ G4+ H4/ A5+ I4\ I5\ G6+ @4/ E9+
Trax_1118539 Allison vs. Rogue Trooper : @0/ A0+ @2\ B0/ A1/ B0/ C2/ @1\ B0+ A5/ C6/ @3/
Trax_1118641 Whistler Gandalf vs. Honeybear : @0+ B1/ C1\ C2\ A2+ B0\ B0/ C1/ D4+ D5\ C5/ C6/ D6+ @3\ B1/ B0+ A1\ @1+ C0+ G6+ G4/ H4+ H3/ G2/ D7/
Trax_1118667 Morticia vs. Adam : @0+ @1+ A2\ A0\ @2/ B0/ C1/ C0/ D3\ A1\ E2+ @3\
Trax_1119697 Rogue Trooper vs. Aphrodite : @0+ A0\ A3\ B2+ A0\ A0\ B2\ @4+ @1/ E1+ E0/ E0+ F1/ C0\ B1+ D0/ E1+ A4+ A3+ C0\ B1\ A1+ @5\ C0\
Trax_1120649 majestic_nova vs. Rogue Trooper : @0/ A0+ A0\ @1\ @2\ @3\ B1+ D0/ D0\ E3/
Trax_1121017 hANDYman the Rebel vs. ScoobyRex02 : @0+ @1\ B2+ C1/ C0/ @1/ D0\ C1+ B4/ A0/ A5+ A6/ @6/ F4/ D6\ C7+ E6/ G4+ G6/ D8/ G7/ @5+ D1/ B7\
Trax_1121023 drgnrdr vs. Nanett MIA : @0+ B1+ @1/ A2/ @1\ B0/ B0/ E3+ A2+ @3+ E1/ G3+ D0/
Trax_1121024 Morticia vs. Walter : @0+ @1/ B0+ @2/ A3+ A4/ B4+ B5\ D5+ C6/ B7+ E5/
Trax_1121056 Aphrodite vs. Adam : @0/ B1+ C1/ C0/ D2\ B3\ @2\ A1\ D0+ B0\ A1\ @1\ G3/ G2/ B0+ A3+ D0/ E3+ G3+ H5+ @4/ A5/ @5/ A6/ C7/ C8/ B8/ E9+ @6/ A7/ F0\ E1\ @5+ B3\ B2+ A2/
Trax_1121257 mammacat MIA vs. Sir Pussycat : @0/ A0\ @1/
Trax_1121288 mammacat MIA vs. Sir Pussycat : @0/ B1\ A2/ A0/ B3\ A4/ B4+ B5/ A5+ @5\
Trax_1121390 mammacat MIA vs. Sir Pussycat : @0+ B1/ B2\ C1/ C2+ C3+ D2/ C4+ D1+ C0\ B1+ E2/ D5+ C6+ B5+ C7+ E1/ B6+ D0/ F2/ E1/ C9+ F1/ C10+ F0+ G2/ C2\ @4\ B2\ D12+ C1\
Trax_1122165 Griffindor vs. Rogue Trooper : @0/ A0+ A0\ @3/ C1\ D1\ C3+ D4/ B5+ B6\ D5+ @5\ C7\ C8\ A6\ F8+ A8/ E9+
Trax_1122337 chuckwagon vs. Rogue Trooper : @0/ A0+ A3+ B2\ B3+ B4/
Trax_1122665 dingbat vs. Honeybear : @0/ A2\ B2\ B3\ C2/ B1+ C4\ D2/ D1/ A0/ A5\ E2/ B0\ F1/ E0\ F5\ G3/ D1+ @4/ F7+ D0+
Trax_1122756 Logged Off 9554 vs. Rogue Trooper : @0/ A0+ B1\ B0\ C2+ D1\ D0+ C0/ A2+ A6/ @3/ D6\ D7\ F4/
Trax_1122900 Nan54 vs. ellieoop : @0/ B1\ A2/ B2+ C1/ C0/ A4\ B4\ B5\ @3/ @3/ E5\ F3\ E6+ G3/ F5\
Trax_1122912 Whistler Gandalf vs. golfnutrof : @0+ A2/ @1+ A0\ @1+ @1/ B3+ @1\ B0/ A3+ C5+ B5+ @4/ E6/ A5/ B6+ D0/ E1/ F1/ F7\ G6+ E8\
Trax_1123108 MORRIS vs. Whistler Gandalf : @0/ B1\ B2\ B3\ A3\ C3+ B4/ D1/ C0\ D4\ E4\ C5+ E2\ B6+ A6/ @5/ F6\ B7/ E7/
Trax_1123109 SarahMills vs. Rogue Trooper : @0/ A0+ A0+ @1/ C3/ D3/ A4\ @2/ F2\ B0/ A1/ E2\ A4/ @1/ E6/ G1/ H4/ E0+
Trax_1123142 Retired 3815 vs. Phil The Hat : @0/ @1+ A2\ B0+ C1/ C2+ @2\ A0\ @2/ B4+ F4/ E1+ D0+ D0\ C1\ E1+ B2+ F2/ G2+ H2\
Trax_1123144 psycotic virus hacker vs. Honeybear : @0/ B1\ A2/ B2+ C2\ A3/ @1\ B0/ D2+ B5/ @2\ @2+ B1/ A1+ C6\ @2\ H3\ I3+ A3+ E0/ @7/ C1+ A8\
Trax_1123501 numptieheid vs. klaashaas : @0/ @1/ A2\ B0\ B3\ A1\ B4/ @2\
Trax_1123581 Syl2 vs. Rogue Trooper : @0+ A0\ @1/ B3\ C1\ A0/ @1\ A0\ @3/ B4+ B5/ C6+
Trax_1123859 chuckwagon vs. Rogue Trooper : @0/ A0+ A3\ B3/
Trax_1124266 Chad vs. CHESSCATJAY : @0/ B1\ A2/ @2+ A3+ A0\ @2/ @3\ B4+ A1\ @1\ @1\ F0\ G2+ B1/ C6\ B4+ B7\ B0/ D2+ @4/ A2+ A5\
Trax_1124291 Eriisa MIA vs. Nan54 : @0/ B1\ A2/ @2+ A3+ @1\ C0+ A4+ @3/ A1\ B0+
Trax_1124941 Chad vs. Scorpius : @0/ B1\ A2/ A3/ A4/ @2+ @1/ A3+ B5\ D5\ D6\ @3+ B6/ A5+ D7+
Trax_1125027 drgnrdr vs. Walter : @0+ @1/ A2/ @2\ D2/ B0/ B0/ D1\ A1\ A0\ D1\ E2\ D6\ E6\ F4/ B7/ A7/ @7/ D8+ @5+ H8\ E9\
Trax_1125036 Morticia vs. Keizer Soze : @0+ @1+ A2\ B0/ C2\ A1\ B0+ C5+ C6\ D6\ D3+ @3+ F5+ E7/ G4+ H4/ H2+ F1/ A4/
Trax_1125037 klaashaas vs. MountainMist : @0/ A2+ A3/ @3/ C2\ D2\ C4\ B5\ @5\ C6\ D6+ C7\ E5\ A4+ F3\
Trax_1125350 Rogue Trooper vs. Aphrodite : @0/ A0/ B2+ C2\ A3/ B4+ A0/ C2+ C6/ B7\ A7\ C0/ D2+ E2/ D1/ @2/ E0+ E0/ F1/ E10\ E11\ B2+ B1\ F0/ G1/ B1+ C0\ A2/
Trax_1126824 FujiTape vs. Geri39 : @0/ A2\ B1/ B2+ B3\ C1/ C0/ A4+ D2+
Trax_1127164 frump vs. Rogue Trooper : @0+ A0\ @1/ B3\ C2/ A0/ @2\ E1/ D0\ E5\ F5/ D6\
Trax_1127518 nisqually vs. Misery Midnight : @0/ B1\ A2/ @2/ @2/ B3+ E1/ D0\ E1+ D0/ E1/ F2/ B1\ D0/ @4\ G2+ G1/ H1/ H0/ G0/ A5+ H1+ B4+
Trax_1127529 Aphrodite vs. Rogue Trooper : @0+ A0/ B2/ B1+ @2/ D1/ B0/ A1/ C0+ C5/ D4+ C6/ @6+ A7/ F1/ E0\ F4\ G4\ F7+ F8\ A9+ @9+ H8\ I6\
Trax_1127836 Honeybear vs. dingbat : @0/ A0/ @2/ @1/ C0+ A0/ C1\ D2+ E2\ B0/ @4/ B5+
Trax_1128340 Knight Rider vs. Rogue Trooper : @0/ A0+ @1+ B0/ A1+ B0\ A1\ A0\ @3/ D5/ C6\ D1/ A0\ E4/
Trax_1128413 Hilander vs. Rogue Trooper : @0/ A0+ A0/ @1/ @1/ C0/ D1/ B0+ E2+ E5\ E1/ F5/
Trax_1128809 drgnrdr vs. buttercups : @0+ @1\ A2/ @2/ @2+ E1/ C0\ @3\ C2+ B4/ A1\ @2/ C0/
Trax_1128826 Morticia vs. Allison : @0+ @1/ B0+ C1/ B3/ C3+ D2\ D0/ E2+ F2/ F1/ B5/ A5/ @4/ B2+ D6\ E6\ F5\ G4\ H4\ H0\ E8\ I1+
Trax_1128827 klaashaas vs. SarahMills : @0/ A2/ B1/ @1/ B0+ A3+ @3/ A1/ A0/ @3\ A0/ C2/ C1/ E2+ D6/ @3\ A5\ B6+ G6\ G7\ @4+
Trax_1128888 ejd vs. Marko : @0/ A2\ B1/ C1/ A0\ @3\ A1+ A0\ B1/ @2+
Trax_1129094 bluewolf vs. Marko : @0+ @1/ C1\ B2+
Trax_1130099 Whistler Gandalf vs. (**)(**) Bunny Toes : @0+ @1+ A0/ A3/ B3+ C3\ A4/ @4/ @2\ C5+
Trax_1130893 pioenroosje vs. klaashaas : @0/ @1/ B0/ A3/ C1+ D1\ C4+ @3/ D5/ D6/ E5+ F5\ G4+ G1/ H4/ E0/
Trax_1130981 MORRIS vs. Rogue Trooper : @0/ A0+ B2/ B0\ A0/ C1\ @4/ A1/ @2\ E3/ F2\ G3/ G1\ G0\ D6\ E5+ H4/ H6\ I4/ H7\ G8+ G9/ I7\ J6+ J4/ K7/ C7\ I9\
Trax_1130982 Gone and Forgotten 5496 vs. klaashaas : @0/ A2/ @2/ A0/ B1/ C3/ A4\ C2+ D1\ E1\ E3/ C4+ A0\ @1\ C0/ D1/ G1+ G0/ G6\ H2\ F7\
Trax_1131001 Freight Train vs. Honeybear : @0+ B1/ C1\ B2/ @1/ C0/ E1/ D0\ @4/ C5\ B1\ C0+ A4\
Trax_1131002 Whistler Gandalf vs. SarahMills : @0+ @1/ A0\ @1\ A2+ C1+ @1+ B0/ C1+ @3/ B4\ @3/ C1+ D0\ B2+ @4/ A5/ E6/ E0/ F1/ C2/ F6\ G6\ F7\ E8/ @6/ A7+
Trax_1131039 * Sassy_Angel * vs. psycotic virus hacker : @0/ A2\ B1/ @2\ B3+ @1\ B0/ C1/ D1+ C0\ A2\ B1+ @2/ A1/ D6\ D7/ C6+ C7+ B5+ A5\ @3\ E8/ F8+
Trax_1131040 csain1 vs. drgnrdr : @0/ B1\ A2/ A0/ A0/ C2+ D1\ E1\ C4/ B5\ F1\ E3+ G2+ @3+ D0+
Trax_1131217 Brendans Grandmom vs. ema : @0+ @1\ A2/ @2/ A3\ B0/ A2\ @3\
Trax_1131222 Brendans Grandmom vs. (**)(**) Bunny Toes : @0+ B1+ C1+ D1+ A2/ E1+ @2\ G1+ C0+ H2+ C0\ I3+ B1/ A3+
Trax_1131277 Keizer Soze vs. Phil The Hat : @0+ A2+ A3+ @3\ C2/ A1+ @2+ D3+ D4\ E4\ F3+ C4/ C5/ D0\ F2/ G2/ A5+ G1+ C0/ @5+
Trax_1131315 ejd vs. Marko : @0+ @1/ A2/ C1\ B3\ @2/ D0/ E3/ B1/ C0/
Trax_1132120 Chad vs. ema : @0/ B1\ A2/ @2/ @1+ @2/ B3+ B4/ A4/ A5/ C0+
Trax_1132128 Chad vs. MASHER : @0/ B1+ C1+ B0\ A0/ A0/ D4+ C3+ B5\ @4/ D0/ A1+ E2/
Trax_1132201 Taylor vs. Mark007 : @0+ @1+ B0\ A3/ B0\ @3\ D3\ C0\ D2+ E4\ C0/ @6/ B7\ F3/ G3/ D6+ B1\ F7\ C0/
Trax_1132232 Jane vs. STrek : @0/ B1/ C1+ C0\ C3\ A4+ D3\ D5+ D6/ E2+ A6/ @6+ B7\
Trax_1133231 MsLady vs. Rand al*Thor : @0+ A0+ A0/ B3/ @2\ D1/ D0/ A4+ B1\ @4/ D0+
Trax_1133534 Tony5280 vs. Rogue Trooper : @0+ A0/ B1/ C1\ D1+ C0/ E2\ A1\ C0+ @2/
Trax_1133714 Aphrodite vs. Rogue Trooper : @0+ A0/ A3\ B1/ A0/ C4+ A5\ @5\ E2/ C1/ B0\ A3/ C7+ D8/ @3/ C8/ C9/ A6+ @9+ C10\ G6\ H4/ A5+ @5/ B2\ A3/
Trax_1134059 B Line electric streetcar vs. Rogue Trooper : @0+ A0\ B2/ A0\ @1\ C4/ B0+ B0\ D5/ @4+ F6\ D7/ F2+ G4\
Trax_1135442 carinda vs. Rogue Trooper : @0/ A0+ @2\ B0/ A2\ B0/ C1/ @4/ A5/ A1\ @4\ A2/
Trax_1135492 MountainMist vs. Rogue Trooper : @0/ A0+ @1+ B0/ C1+ D2/ C3+ E2/ C4\ F4+ E5/ E6/ D5/ A5/ A6/ @3/
Trax_1135503 Honeybear vs. Keizer Soze : @0/ A2\ B2\ B3+ B1/ C2\ @2\ A0+ B0+ D1/ E2+ C0/
Trax_1135626 Sir Pussycat vs. Rogue Trooper : @0/ A0+ B1+ A0/ C2+ B3\ C4/ C1/ C0/ C6/ @4+ B6/ B7/ E4/
Trax_1135862 Swtkitn vs. Rogue Trooper : @0/ A0+ @2\ B0/ C1\ A1/ @2\ @3\ C0\ B5+ @5/ B6\ B3+ D6+ D7\ E7\ E8+ F5/
Trax_1136475 kleese2 vs. Rogue Trooper : @0/ A0+ A0+ B2/ @1\ D1\ C3+ D4/ A3/ @1\ C5+ A3/ @3/ A6+ @6/ @6+ B7\ E0+ G1+ C2+ B4+ @4+ A3\ @3\ A2\ D1/ G0\ A7/ H8+ @6\
Trax_1137029 Whistler Gandalf vs. Keizer Soze : @0+ @1+ B2/ A0\ B1+ @2+ A3+ @2+ E2\ E4+ F2/ F1/ F0+ G3\ G4\ F6\ F7+ H4+
Trax_1137055 Rand al*Thor vs. buttercups : @0/ B1\ B2\ C2+ A2/ A3/ @2+ C0/ D4+ A1\ A0+ @3\
Trax_1137057 Honeybear vs. SarahMills : @0/ A2/ A3\ B3\ @1\ B0/ @3/ A4/ B5/ D2+ E3/ F3/ @4/ F5\ B5+
Trax_1137092 drgnrdr vs. monkeytyper : @0+ B1/ B2\ C2\ D2\ B0\ B4\ A1\ A4/ B5\ @2+
Trax_1137140 Rogue Trooper vs. Adam : @0/ A2+ B1/ @1/ C0+ D3\ C4/ D1/ E2+ A0+ @3/ G3/ G2/ D1+ A5/ D6/ @4/
Trax_1137186 Adam vs. Aphrodite : @0/ A0+ @2/ @2+ B0+ B0\ @1+ @2+ C0/ E6\ F5/ A1\ C0+ F4\ @3/
Trax_1137237 Fighting Spirit vs. Rogue Trooper : @0+ A0/ B1+ C1/ C2+ A3/ B3+ @1/ D0\ B1/
Trax_1137498 Aphrodite vs. Rogue Trooper : @0+ A0/ A3\ B1/ A0/ @2/ D2+ D1/ E1/ C0\ E5\ C6/ F3\
Trax_1137505 Fighting Spirit vs. Rogue Trooper : @0+ A0/ A3\ B1/ C2/ A0\ A0/ @2/
Trax_1137707 Aphrodite vs. Rogue Trooper : @0+ A0/ A3\ B3\ B4\ C1+ A5/ @5/ E4/ A2/ @5+ A2/ @2/ A1+ B0+ @5\ A3\ A7/ @4/ @6+ B7/ J2/ G1/ H0\ B3\ A3\ C2/
Trax_1138522 gameplayer vs. Adam : @0+ B1+ A2\ A0\ B1+ @2+ C0/ D3+ A4+ @3+ B5/ B6/ A4+ @4/
Trax_1138577 Vacant 1884 vs. Adam : @0/ B1+ A2/ C1+ A3/ B0/ B0/ A2+ D1/ B0/ @4+ A2+ C7\ D6/ @5\ C0+ A1\ B0/ A9/ @9\
Trax_1138580 Vacant 1884 vs. Rogue Trooper : @0/ A0+ A0/ B2+ A4/ A5/ B3+ @5/ D1\ E1\ D3+ @2+ E5\ C6+ C7/ @4+ H3+ H6\ G7\ I6/
Trax_1138754 Jane vs. Adam : @0+ @1+ A2+ @1+ C0/ @2+ B3/ B1/ C0\ @3+ B1\ C0/ E2+ @4+ D0/ @5+ @5/ A6/
Trax_1138976 Honeybear vs. Adam : @0/ B1\ A2/ B2+ C2\ C3\ C4+ D4\ D3+ C1+ E4+ C5/ @1\ B0/ E7+ F7\ G6\ F2/ G2+ E1/
Trax_1139111 ejd vs. Marko : @0/ B1\ A2/ @2/ D1/ D0/ B4\ C4\ C5\ D4\ E2/ C6\ A7/ D5+
Trax_1139132 ejd vs. Marko : @0+ @1/ @1\ A0\ C3\ D2\ C1/ B0+
Trax_1139141 Beaupol vs. Adam : @0+ B1+ A0+ @2+ B3+ @2+ B3/ A1\ C0+ B1+ D1/ E3+ E2+ E4\ E5\ F3+ G3\ B5/ @3/
Trax_1139162 ejd vs. Marko : @0/ B1\ A2/ @2/ D1/ C0\ B4\ C3+ A0\ @2+ @3\ C0\ F3+ B2+
Trax_1139366 Rogue Trooper vs. Aphrodite : @0+ A2\ B2/ A0\ B1+ @1/ @1/ B3/ B4/ B5/ B0/ E3/
Trax_1139594 Aphrodite vs. Rogue Trooper : @0/ A0+ A0\ @3/ A0/ C3/ @1+ C5\ D5\ E5\ E6\ F6\ A6/ @5\
Trax_1140777 Christeeny vs. Rogue Trooper : @0+ A0/ B1\ A3/ @3/ @3/ D2+ A1\ D3+ B0/
Trax_1141225 Gone and Forgotten 5496 vs. Rogue Trooper : @0+ A0/ B1\ A3/ @3/ C3/ D2\ C4\ E1/ D0+ F3\ F4\ F5\ C6+
Trax_1141233 MountainMist vs. Adam : @0/ B1+ B0+ C1+ C0\ A2+ C3+ C4\ @3\ C0\ B1\ A1\ A0\ @3/ @2/ F1/ G1/ F0\
Trax_1141239 klaashaas vs. Kevin : @0/ A0/ @2/ @1/ C3/ C0/ B0/ B0+ D5+ D7+ E6/ E4+ D8\ E9/ D10\ E11/ E12/ C10+ B8\
Trax_1141240 Phil The Hat vs. STrek : @0/ A2/ B2\ B3\ B4+ @2+ B4/ @2+ E4\ B5\ A4\ D6+ A6/ E3/ C7/
Trax_1141692 Aphrodite vs. Rogue Trooper : @0/ A0+ A3/ B2/ @3/ C4\ D3/ B0/ @2\ A1\ C0/ @5/ A6/ D7+ F1/ D0/ G2/ @5+ @7/ B8+ A3\ B2/ @5+
Trax_1141990 Aphrodite vs. Rogue Trooper : @0/ @1/ B0+ @2/ A3/ A4+ D3+ A0\ @4/ @2+ B1\ B0\ A1\ @1\ A0\ @3/ G3+ D0+ G0+ H1/ E0\ D1\ H1/ H0/ I3+
Trax_1142057 Misery Midnight vs. WILD-TURKEY : @0/ A0+ @2\ @2/ A3/ A1+ B0/
Trax_1142193 Goonerg vs. CHESSCATJAY : @0/ A0/ A0/ A0/ @3+ C3\ D3+ D4\ D5\ A0/ E6+ E7\ E2/ D1\ F4/
Trax_1142575 Goonerg vs. ScoobyRex02 : @0/ B1\ B2\ C2+ A0/ D3/ E2\ C4/ D4+ F3+ F5/ A4+ E0/ F2+ A6/ E0/ F1/ G2/ @5+ A7/ A8/ @6\ F7/
Trax_1143226 MsLady vs. Honeybear : @0+ A2\ A0/ B2\ B3+ C1/ B0\ @4\ B5/ C5+ A1\ B0/ @3/
Trax_1143228 Rand al*Thor vs. goldfreckles : @0/ B1\ A2/ @2\ A3\ B4/ C2+ @2+ A1\ C0/ E2\ B0+ @4/ C0\ C8+ A3+ @6\ @4+ B2+
Trax_1143229 Whistler Gandalf vs. gingershaz : @0+ @1/ @1\ B0/ A1+ D1/ D0/ @3/ A4/ C4\ B5+
Trax_1143237 MORRIS vs. Adam : @0/ B1\ A2/ A0/ C2+ @3+ A0\ @1/
Trax_1144076 kleese2 vs. Rogue Trooper : @0/ A0+ A0+ @1/ C2\ @3/ A4/ E2\ C0+ D1+ D0+ @4\ A3\ A2\ E0+ A2\ E0+ F3/
Trax_1144456 Goonerg vs. Pammie : @0/ A2\ B1/ A0/ @2/ A0/ @3/ @2\ @3\ B4+ C5+ @4/ B5+ B6/ A5/ B7\ A6/ F6\ G5+ G6+ H6\ A2\ @5+ G1+ I4\ E7+
Trax_1144457 Goonerg vs. Misfit Lenrad6672 : @0/ A2\ B1/ B2+ B3\ C1/ B4\ B0/ A5/ @4/ C6/
Trax_1144458 Goonerg vs. Candy Cane Kaz : @0/ A2\ B1/ @2+ C2+ B3+ C3\ D3\ E3+ D4/ B0\ A2+ E1/ D0/ F2\
Trax_1144724 Honeybear vs. geneoo : @0/ A2\ B1/ B2+ C1\ B0+ B4\ C3\ C4+ D3/ C5/ B0+ C7\ D7\ @2+ B5+ B1+ D2+ F7\ A5/ @2/ D0+ A7\ B8/
Trax_1145211 Taylor vs. Mark007 : @0+ B1\ @1+ @1\ B2\ C0/ C4/ C5/ B6\ C7/ B8\ C9/ A4\ C10/ C11/ C12/ C13/ C14/ C15/ C16/ C17/ C18/ C19/ C20/ B21\ C22/ C23/ C24/ C25/ C26/ C27/ C28/ C29/ C30/ C31/ C32/ C33/ C34/ C35/ C36/ C37/ C38/ C39/ C40/ B41\ C42/ C43/ C44/ C45/ C46/ B47\ C48/ C49/ C50/ C0/ C52/ B1\ C53/ A1\ C54/ C0/ C56/ A1+ C57/ C58/ C59/ C60/ C61/ C62/ C63/ C64/ C65/ C66/ C67/ C68/ C69/ C70/ C71/ C72/ C73/ C74/ C75/ C76/ C77/ C78/ C79/ C80/ C81/ C82/ C83/ C84/ C85/ C86/ E6/ @6\ D87/ A1+ @6\ G4\ E88/ E89/ E90/ E91/ E92/ E93/ E94/ E95/ E96/ E97/ E98/ E99/ E100/ E101/ E102/ E103/ E104/ E105/ E106/ E107/ E108/ E109/ E110/ E111/ E112/ E113/ E114/ E115/ E116/ E117/ E118/ E119/ E120/ E121/ E122/ E123/ E124/ E125/ E126/ E127/ E128/ E129/ E130/ E131/ E132/ E133/ E134/ E135/ E136/ E137/ E138/ E139/ E140/ E141/ E142/ E143/ D144\ E145/ E146/ E147/ E148/ E149/ E150/ E151/ E152/ E153/ E154/ E155/ E156/ E157/ E158/ E159/ E160/ E161/ E162/ E163/ E164/ E165/ E166/ E167/ E168/ E169/ E170/ E171/ E172/ E173/ E174/ E175/ E176/ E177/ E178/ E179/ E180/ E181/ E182/ E183/ E184/ E185/ E186/ E187/ E188/ E189/ E190/ E191/ E192/ E193/ E194/ E195/ E196/ E197/ E198/ E199/ E200/ E201/ E202/ E203/ E204/ E205/ E206/ E207/ E208/ E209/ E210/ E211/ E212/ E213/ E214/ E215/ E216/ E217/ E218/ E219/ E220/ E221/ E222/ E223/ E224/ E225/ E226/ E227/ E228/ E229/ E230/ E231/ E232/ E233/ E234/ E235/ E236/
Trax_1145238 MIA 29892 vs. Rogue Trooper : @0+ A0/ B1+ C1/ C2\ D2/
Trax_1145501 * Sassy_Angel * vs. Rogue Trooper : @0/ A0+ @1+ B0/ C1+ A1\ A0\ D2\ C4+ D5/ A5+ A0\ B7/ B1/ E5+ @3+
Trax_1145502 Morticia vs. Keizer Soze : @0+ B1+ B2/ B0/ C3/ A1\ B0+ @3/ C5\ B1\ A5/ @3/ D6/
Trax_1145687 drgnrdr vs. Misfit Lenrad6672 : @0+ @1/ A0\ @2/ @2/ E2\ B3+ D1/ D0/ B2+ F4\ F5\ @3/ C5\ E6+ G6+ H5\ F7\ B5+ G7+ H3\ B6\ C1/ D0\ H3+ @4\ A6/ B7+ @4/
Trax_1145838 Aphrodite vs. Rogue Trooper : @0/ A0+ A0\ @3/ B4/ A4+ A0/ C1\ @1+ A0\ @5/ B6+ B0\ A1\ @1+ D0+ F3\ D0/ F2+ G5\ F0/ G1/ F10\ D11\ G7+ G10+ @6/ A7+ @5\ A4\ C10/ B9/
Trax_1146454 Honeybear vs. Peeky : @0/ A2+ A0\ @2/ C3/ C2+ C1+ B4\ D2/ A1\ B0+
Trax_1146470 Honeybear vs. streep : @0/ B1\ B2\ C2/ B3/ A3/ A4/ @2\ @2+ B0\ A1\ C0/ D1/ E1/ F1+ F0/ @3\ B1\ F0+ @3\ B2+ E0+ I4\ H2+ G1+ G0/ H2/ I2/ J3+ H1+
Trax_1146568 Candy Cane Kaz vs. Misfit Lenrad6672 : @0+ B1\ B2\ @2/ B3\ C3\ A3/ A4/ B0+ B5\ B6\ @4+ @3+ @3\ A2\ F1+ G1/ B5/ C6\ E7\ G5+ H4\ H5\ H0/ I1/ G8\ G9+ D8/ E9\ D9+ D10+ C10/ B8\ A8+ A7+ A5/
Trax_1147085 Honeybear vs. Beaupol : @0/ B1\ A2/ @2+ A3\ @2+ C0/ D3\ E3+ E4\ D5\ F3+ C6/ B6/ A5/ G3+ @4+ A6+
Trax_1147640 Whistler Gandalf vs. faith64 : @0+ @1/ @1\ A0\ A0\ D3\ D4\ D5+ E5\ B1+ E3/ E2/ F4\
Trax_1147961 Keizer Soze vs. Phil The Hat : @0+ @1/ A0\ @2/ A3+ A4/ C4/ B0/ C2+ @5+ C6+ @4/ B6/ B7/ B3+ B2+ A2\ @4/ F6\ G6\ D0+ B2+ G3\ @4\ A3\ A8+ @5\ C9+
Trax_1148180 Mististar vs. Morticia : @0/ B1+ B2+ C1\
Trax_1148189 Dionysos vs. Morticia : @0/ A2+ B1/ A3+ B0/ A5+ C1\ B5+ C5/ @3/ E2+ A1\ @2\ C0\
Trax_1148313 DINGEROO vs. Morticia : @0+ B1+ B2/ A0\ A0/ B2/
Trax_1148444 pepperbeach vs. Morticia : @0/ A2+ @1\ B0/ A3+ C2+ @3/ C4/ A1\ B0+
Trax_1148647 dingbat vs. Morticia : @0/ A2+ B1/ A3+ B0/ C1/ C4\ D2+ B0+ @1+ F2\ G2\ F4+ D6\ A0\ @1\ A0\ @1\
Trax_1148846 paganje vs. rockdude : @0/ B1\ A2/ B2+ C2\ C3\ B0/ C1/ D3\ A5/ @4+ A5+ @4\ E6+ G3\ H3\ H4\ D7/ E0+ I5+ E0+ C9/ F9+
Trax_1148935 Honeybear vs. Scorpius : @0/ A2\ B2\ B3+ C3/ @2\ C1+ B0+ B0/ C1/ E2+ D0/ A7/ @7/ D7\ C8+ E8+ E9/ A3\ A2\ D1+ G3+ @2\
Trax_1148950 Honeybear vs. Morticia : @0/ A2+ B2/ B1+ B0\ @3/ A4/ A1\ @2+ C0\
Trax_1149624 MsLady vs. FujiTape : @0+ @1\ @1/ B2\ C0/ C0/ D1/ D0/ C6/ E2+
Trax_1149657 drgnrdr vs. Honeybear : @0+ B1/ B2\ C1/ A2+ B0\ D1\ @2\ B1\ B0\ A1\ A0\ @3/ @3+ A4/ B5/ C6/ @4/ A5/ B6/ C7/ C8+ G5\
Trax_1149670 Vacant 1884 vs. Whistler Gandalf : @0/ B1\ A2/ B2+ C1/ C0/ @2\ C1\ D0/ E3\ E4\ A2\ C1\ D0/ C6+ E6\ B7\ F4+ A7/ @6+ B8\
Trax_1149671 csain1 vs. Adam : @0/ B1+ C1/ A0/ @1/ C0+ C0/ A2+ B0/ A2+ A5+ @3+ A1+ A0\ E2/ F4+ @5\ F1/ B0+ A3+ F1/ E0+ G3+
Trax_1149783 Keizer Soze vs. Phil The Hat : @0+ B1+ A0/ A3+ B3+ B4+ C2/ B0\ @3/ A2+ A5/ @4\ D6/
Trax_1149931 Keizer Soze vs. Phil The Hat : @0/ A2+ A3/ A4/ @1\ A0\ C4/ A5/ @4+ A2+ E2/ C1/ D0\ F3+ B1\ C0/ @4\ A1\ D0/ @3\
Trax_1150047 klaashaas vs. Vacant 1884 : @0/ B1\ B2\ B3\ B4\ C2+ D2/ B5\ D5+ E4+ F3\ E5\ E6\ E2/ A2+ D7+ B0\ @1\ C0\ A4/ @3\ I6/ A7+ D8+ @4+
Trax_1151705 (**)(**) Bunny Toes vs. Rogue Trooper : @0/ A0+ @2\ B0/ B0/ A2/ C1/ @1\ C0+ A5/ RESIGN
Trax_1152043 MORRIS vs. Chad : @0/ @1/ A2/ C2/ B3+ D2/ C1/ C0/ D2/ E2/ E1/ E0+ F1/ F3/ E0+ B7/ C7+ @2\ C1+ A7/ C8/ @6\
Trax_1152096 Alko vs. Morticia : @0/ A2+ B1/ A3+ C1/ A4+ C3\ A5\ @4\
Trax_1152108 Dawnas AZ vs. Whistler Gandalf : @0+ @1+ B0\ B3\ C3+ B4/ A4/ B0/ C1/ D3\ @3+ A2\ F4+ A1/
Trax_1152295 Rogue Trooper vs. CHESSCATJAY : @0+ @1\ C1\ @1\ B2\ C0/ D4\ B4+ E3\
Trax_1152397 Kevin vs. Honeybear : @0+ B1/ @1/ A2/ B3/ A3+ C3\ D2+ C4/
Trax_1152833 Nan54 vs. gramat : @0/ A2\ B1/ B0+ C2\ C3\ @3/ A4/ @4/ F3+ @3\ A2\ H2/ H1/ A5/ @5/ F4+ F0+ H5\ H6\ H7\ F6/ B7/ F8\ F9\ F0+ E10/ F11\ G1+ F0+ F0\ D10/ G1/ G0/ H1/ E2\ H0/ E2+ D2+ E6+ D4\ A12/ F1\ B13+
Trax_1152891 Whistler Gandalf vs. Beaupol : @0+ B1+ B2/ B0/ A1+ @2+ A1+ @2+ E2\ E4+ D5/ C5/ B5+ D6\ E6\ @2+ A4/ A5/ A1\ G4+ G5+
Trax_1152934 Goonerg vs. CHESSCATJAY : @0/ A0/ @2/ A0/ C2/ C4/ A4/ D4\ C5/ C6/ C1/ A0\ @1\ @1\ E0/ F1/ G1/ F8\ E9/ E10/ H6+ D9+ B3+ C0/ A5+
Trax_1153052 Vacant 1884 vs. Rogue Trooper : @0/ A0+ A0/ @2+ B0/ A2\ @2+ @3\ B4+ E1/ D5/ E4+ B6\ C1+ C0\ B1\ E0+ F5+ @3+ G1/ H1/ E0/ H0+
Trax_1153104 What did you say vs. Rogue Trooper : @0/ A0+ @2/ @2/ C0+ @2\ A1\ @3/ A4/ A5/ C4+ F3/ E5+ B6/ B7+ A6+ E7\ F8/ G4+
Trax_1153211 Misfit Lenrad6672 vs. CHESSCATJAY : @0/ @1/ B0/ @1/ D1\ @1\ A0\ @2\ F3+ F4\ G4\ E5/ B0/ C1/ D0/ F2/ F1/ G3\
Trax_1153223 Chad vs. McStack : @0/ A0/ A3/ A4/ B2+ @1+ A0\ A0\ @4+ A2+
Trax_1153307 Logged Off 9554 vs. Rogue Trooper : @0+ A0/ A0/ A4/ B1+ C2/ @1\ A0\ E4/ E3/ D1+ E5+ F5+ G4\
Trax_1153477 Goonerg vs. Logged Off 9554 : @0/ B1/ A0\ @1\ D2/ B0+ B4+ A4/ @4/ E0+ F1/ E6+ F6\ G4\ G3+ H1/ H0/ H5\ I5\ G6+ A7+ B8+ @6/
Trax_1153643 Vacant 1884 vs. Rogue Trooper : @0/ A0+ A0/ B2\ C3\ A4/ @1/ D1/ E2/ C0/
Trax_1153795 Aphrodite vs. Rogue Trooper : @0+ A0/ B1\ A3/ A4+ B4+ A5/ @4/ @4/ A5/ C6\ D5+ B7+ A3+ @4\ D0\ C1\ @5\ A4\ A3+ @6+ B7\ B8+ B9/ C0\ B3+ F1/ D0/
Trax_1154000 pioenroosje vs. Chad : @0/ A0/ @2/ A3+ C1/ C0+ @2+ E1/ E0/ F1+ G1\ A1+ E0+ G4+ H4+
Trax_1154043 (**)(**) Bunny Toes vs. Rand al*Thor : @0/ B1\ A2+ A3\ B2\ B3+ C3\ C2+ B4/ @2\ E4\ C5+ C6/ E1\ F4\ F5+ F1/ D6\
Trax_1154097 STrek vs. Pammie : @0/ B1\ B2+ A2+ A3+ B3+ B4\ C4\ D4+ B0\ E5+ A5+ A6/ @6/ A7/ A3/ @4+ B1\ A2+ C0\
Trax_1154113 Phil The Hat vs. FixitDave : @0/ A2+ B2\ A3/ @1\ B0+ B0\ A2\ B6/ A6/ @6+ B7+ A2\ @3+ C1+
Trax_1154218 McStack vs. Rogue Trooper : @0/ A0+ A0+ @1/ C2\ C4/ B4/ @3+ E3+ B0/ A2+ D2+ B0/ @4/ A2+ D0\ A0+ @4\ H7\ G9\ F4/ G4+ G3+ I5/ H3\
Trax_1154404 Whistler Gandalf vs. Beaupol : @0+ @1/ A0\ @2/ B0\ C2+ B0+ A2+ @2/ A4+ A1\ @2/ F3\ F2+ C0+ E6+ D7+ B0/ A1+
Trax_1154531 Logged Off 9554 vs. Rogue Trooper : @0+ A0/ A0/ A4/ @4/ B0/ A3\ @5/ D4/ C0\ B1\ A1\ B2+ A0+ @1\ D0/ E1/ A7\ B5/ A3+ E5+ C0+ B1\ C0+ F6\ F8+ G9/ A7/ @7/ H10+ D11+ @10+ A11/ A12+ @9/ D1/ RESIGN
Trax_1154601 Tactician vs. Phil The Hat : @0/ A0/ @2/ A0+ @3/ @3+ A4/ @4/
Trax_1155496 WILD-TURKEY vs. Misery Midnight : @0/ B1\ C1+ A2\
Trax_1155592 Goonerg vs. Pammie : @0/ B1\ A2/ A3/ B2+ @3+ A4/ B4+ B0/ A6+ @6/ E5+ A3/ @5\ F3/
Trax_1155608 Vacant 12565 vs. Rogue Trooper : @0+ A0/ B2+ B3\ A0/ A4/ B5\ @3\ @3\ E2\
Trax_1156048 Vacant 1884 vs. drgnrdr : @0/ A2\ B2\ @2\ D2/ C1+ C0/ D1/ D0/ E3\ F3+ F4\ D5/ A2\ @3/ C1+ F0\ E7/ H2+ H7\ F8+ F0+ C1+ B2+ A2+ @6\ A9+ F10\ @8+
Trax_1156093 klaashaas vs. Zieken : @0/ A2\ B1/ B0+ A0/ C2\ D3/ E3/ D4+ D5\ D6\ C5+ A6\ F5\ @4+ A2+ C7/ @5/ E8+
Trax_1156159 Amanda vs. Vacant 1884 : @0/ B1\ B2\ B3\ A3/ C2+ B4\ @1/ B0\ A1\ @2/ B3+ D1+ D6\ C0+
Trax_1156187 Vacant 1884 vs. Amanda : @0/ B1\ B2\ C2+ B3/ C0\ D2\ A4/ B5/ D4/ E4\ D5/ C6\ E1/ F3\ E0\
Trax_1156215 Vacant 1884 vs. Amanda : @0/ B1\ A2/ @2+ B3\ C2+ C3+ D2/ B0/ A4+ B5+ @4/ C6\ B6+ E0/ F1/ B1\ A2/ D6+ D0/ A5\ C1+
Trax_1156602 ontherocks vs. Rogue Trooper : @0/ A0+ @2\ B0/ C1/ A1/ D1\ C0/ D3\ D4\ B5/ A6+ @3\ C6+ F4\ @4+
Trax_1157823 Vacant 1884 vs. Rogue Trooper : @0/ A0+ A0/ @1/ @2+ @3\ @2/ C4+ B1\ D0/ F4/ D6/ B6+ G2/ E1/ C0\ A3\ @2/ B1+ E0/ D0+ B2\ D0/ F3+ G4/ H5+ G3/ F1+ I5/ I4/ J4/ J3/ G2/ F9+ H8+ I2+
Trax_1158311 csain1 vs. Rogue Trooper : @0/ A0+ A3/ A4+ B1/ C1/ B2+ D1+ E2/ D0/ E0\ C5+ @3+ D2+ A2+ A1\ A0+ @3+ C8+ C0+ B1\ F2/ H7+ H8\ H9+ I9\ B8/ A8/ J9\ H2/ I2/ G1/
Trax_1158341 Stinger vs. klaashaas : @0/ B1/ B2\ C2\ B3+ @1/ A0+ D1\ E3\ F3\ D0+ E1+ E0/ B1/ F1\ A1\ G2+ A0/
Trax_1158342 * Sassy_Angel * vs. immitzi : @0/ A2\ B1/ B2+ B3\ C1/ C0/ D3\ E3+ E4\ C5/ F3/ D0+ A1\ D0/ @2/
Trax_1158343 Adam vs. SarahMills : @0/ B1\ A2/ @2\ A3/ @3/ D0/ E2\ B2\ B1\ B0\ A1\ @3+ C0+
Trax_1158374 Zieken vs. Goonerg : @0/ B1/ @1\ B0/ C1+ B3/ C0\ @3\ A2\ A5/ @3+ E5\ F4+ D6/
Trax_1158383 buttercups vs. drgnrdr : @0/ B1+ A0\ @2/ C3\ A1\ @2/ B4+ E2+ E1/ C0\ F4\ F5\ D6/ F2/ G3/ D0+
Trax_1158776 Rogue Trooper vs. Aphrodite : @0+ A0/ A3/ @2+ B0/ A2+ B0/ C4+ @4/ A2+ @4/ @4+ E0/ G4+ H3\ B1+ E0+ @6\
Trax_1158986 Chad vs. CHESSCATJAY : @0/ B1\ A2/ A0/ @2+ A0/ A0/ @4\ @1+ A0\ @1\ C0/ A5/ A6/ @3/
Trax_1159592 ScoobyRex02 vs. Misfit Lenrad6672 : @0/ A2\ B1/ B2+ B3\ C3\ D1\ B4/ A4/ @4/ D0/ E5\ D6/ C1+ @4+ F1+ F0/ G3\ B3+ F4\ F7\ E8/ C7+ B8/ A8/ @8/ A5+ D8+ H6+
Trax_1160041 WILD-TURKEY vs. Misery Midnight : @0/ A2\ B1\
Trax_1160444 Adam vs. Stinger : @0/ A2/ @1+ A0\ A0\ @1\ A0\ @1\ A5/ E4+ @5\
Trax_1160446 STrek vs. Allison : @0/ B1\ B2\ B0\ @2+ D1/ C0+ C0/ D1/ A2/ @4+ A3+ @4+ @4\ A3\ A5/ @3+
Trax_1160493 klaashaas vs. Nanett MIA : @0/ A0+ B2/ A0/ A0/ C2+ D2\ C4+ C5\ E4\ @3\ E1+ @3\ F0+ G1/ @5\ F0/ D2+ E0+ G1+ H4\ I5/ J5/ I8+ I2\ H0\ J2+ K5\ F0+ E1+ F0/ H2+ I1+ L8/ H0+ K5+ M8\ F13+ H13\ F14/ M13\ K14+ N12\
Trax_1160738 paganje vs. Dawnas AZ : @0/ A2+ A0\ @1\ A2+ C2/ A0\ @1\ E2\ C0+ F3/ C6/ E6\ F6\ D7/
Trax_1161033 Marko vs. ejd : @0+ A0+ B1/ A0+ @2/ A1+ C3\ D3\ @3\ A4/ @2/ D4\ C5+ C6\ D5\ F2/ G2/ D6\ E4+ E0/ A5/ @4\ B7/ E1\ D8/
Trax_1161168 Aphrodite vs. Rogue Trooper : @0+ A0/ A3\ B1/ A0/ B1+ @3/ C5/ D3\ D5/ E2/ E1/ A1\ @1+ B0/
Trax_1162126 Tony5280 vs. Rogue Trooper : @0+ A0/ A3\ B1/ C2+ B4/ @2\ A4\ E2/ B0+ E1+ C0/
Trax_1162526 Whistler Gandalf vs. Keizer Soze : @0+ B1+ A0/ A3/ @3+ D1/ C0\ C4\ B5/ A2+ @5/ B6\ E1/ E0/ F3\ E4+ E6+ B1\ B0+ A2/
Trax_1162540 Honeybear vs. Marko : @0/ A2\ B2\ B1+ C2/ C3/ B0/ C1/ D2/ E2/ D1/ D0/ E2/ F2\ G2/ E1/ F4+ E6\ E7+ F7\ G5/ H5/ I5+ G1/ E0/ C0+ A2\ @5/ B1+ K8/ D0\ A2\ I11+ A4+ @8+ B9+
Trax_1162568 Jane vs. drgnrdr : @0/ B1+ B2/ A0/ C2/ B4\ C4\ D2/ @2/ B3/ A4+ C5\ F4+ B0/ @4/ G2+ C7+ A6+ D0+ E0\ H3+ B2\ F8+ A3\
Trax_1162569 Goonerg vs. Nanett MIA : @0/ A0+ @2/ @2+ B3/ C0/ @3\ B1\ D0/ @4\ @3/ C2+ G4/ E1+ @4\ G6+ D5+ C1+ G0/ I2/ C1/ F0+ D8/
Trax_1162598 MASHER vs. klaashaas : @0/ A0/ B2+ @2\ B3+ A3/ @2\ @2\ F2/ G1\ G3/ G4/ E0\ E0\ E0\ C3/ B2+ A6/ C7+
Trax_1163094 Aphrodite vs. Rogue Trooper : @0/ A0+ @2\ B0/ A1+ @1\ A0\ @1\ D0+ D0+ A5+ @2/ C7/ B7/ @4\ E1+ G3\ E0\ H3/ H2/ H6\ I6\ G7\
Trax_1163715 What did you say vs. Rogue Trooper : @0/ A0+ @1+ B0/ C1+ D2/ C3+ E2/ A1+ C0/ C5\ F5+ F6\ F1/ G4+ E0/
Trax_1163810 Goonerg vs. Candy Cane Kaz : @0/ B1\ A2/ A3/ @2/ C0+ @3+ A1/ @2/ D1+ D0/ C1+ B0/ C0\ @2+ @4/ G1/ A5+ @4+
Trax_1164528 Linda Sue vs. What did you say : @0+ @1\ A2/ @1\ C0/ D1/ E2\ D3/ C4\ @2/ A3/ @3/ F5\ B4+
Trax_1164595 Rand al*Thor vs. Goonerg : @0/ A0/ B1+ C1/ C0/ C0+ B0/ A1+ @2+ B6+ B7\ D7+ E3/ D8+
Trax_1164596 MASHER vs. Morticia : @0/ A2+ B2\ C1+ C0\ D3/ C4+ D5/ D6/ B5+ E4+ D7\ D8\ F4/ E7+ F8/ G3\ F2\ A1\ @2+ H8/ I6+ I2\ E9\ I9/ J7/ F1\
Trax_1164605 Honeybear vs. Nanett MIA : @0/ A0+ @2\ C1/ B0\ A1\ D2\ D3\ C4\ B0+ B6/ A6/ @5/ E1/ E5+ F3/
Trax_1164612 Judy vs. Marko : @0+ A0+ A0/ B3/ @2\ D3/ C4/
Trax_1164667 Alko vs. klaashaas : @0/ @1/ A0/ @1/ B0/ @1/ C0+ A0/ @2+ @2/ @2/ @2/ C4+ E0/ F1+ H2\ C2+ D0+ @6/ B7/
Trax_1164925 MORRIS vs. Phil The Hat : @0/ @1/ A2/ A3+ A4/ A5/ B5/ @3/ A1/ A5/ @4+ D0+ E3+ A1\ @3/ B0/
Trax_1164953 Marko vs. ejd : @0+ B1\ B2\ @2/ A3/ A1+ C3\ B4\ D2/ D4\ E4\ C5/ @3/ B4+
Trax_1164965 kleese2 vs. Rogue Trooper : @0+ A0/ A3+ B3/ @2+ A3+ @3/ C4/ E2+ F1\ E3\ E4\ B5\ D6+ A6\ F6\ E7\
Trax_1165002 Marko vs. ejd : @0+ A0+ @2+ C2/ D2\ D3\ A1\ @2\ @2/ A3/ D3+ B3\ C4/ C0\ A2/ E5\ D6/ G3/ G2/ G1/ F0+ G6\ H5+ I5\ H6\ I2/ J4\
Trax_1165730 Kevin vs. Adam : @0+ B1+ B0+ @2+ D1\ C3/ C4/ D3+ A4/ C5/ A1\ @2+
Trax_1165891 Beaupol vs. Goonerg : @0+ A2/ @2/ @2/ B3\ C3\ D2/ C4+ D4\ E2/ C5+ @4/ B5+ A1\ D6+ @3\
Trax_1166663 rabbitoid vs. Honeybear : @0/ B1\ A2/ B2+ C2\ B3/ B4/ A3/ @1\ C0\ A5+ @4\ A2\ @2\ F1\ @2\ E0/ B2+ C7\ H5/ B1/
Trax_1166682 goldfreckles vs. Whistler Gandalf : @0+ B1+ B2/ B0/ @3\ B4\ D1+ D3+ B5\ C0\ B1\ D1+ E2\ E5+ @5+ B2+ D0+ A3+ @4\ H6\ D8\ A5+
Trax_1166683 Zieken vs. STrek : @0/ B1/ B2\ C2+ B3\ A0+ @3\ @2+ @2\ A0+ F3+ G5/ @1\ G2+ G1/ C0+ H2+ I3/ A1\
Trax_1166685 Scorpius vs. Adam : @0+ B1+ @1/ A2/ A0\ @3+ B4+ @3+ @3/ A4/ F4\ F5\ C1+ B1+ B0+ D1/ A6/ B0/
Trax_1166767 Keizer Soze vs. klaashaas : @0+ A0+ A3+ @3\ C2/ D1\ A4/ @2/ C4+ A1\ @2/ C0+ A2\ @3/ E0\ F6\ G7/ E0\ C7/ G9/ A4+ A7/ @6+ D1/
Trax_1167443 Kran vs. Misfit Lenrad6672 : @0/ B1\ A2/ B2+ B3+ C3\ @2\ D2/ E2/ D0/ D0+ E5+ B1\ A3+ B0/
Trax_1168753 Adam vs. drgnrdr : @0/ A2+ @1\ A0\ C3\ B1/ B0/ D2+ D0+ B1+ A1+ A0\ @4+ B6+ E7\ F7\ D7+ @3/ A5+ G5+ H6/ G4/ H3+ @6\ B2+ J4+ I1+ @6\ E7/ F8+ B8+ D9+ G8+ G9\ H10/ K2+ L5/ F1/ E0+ K7+ L3/ M5\ J1/
Trax_1168782 klaashaas vs. Walter : @0/ A0/ A0/ A4/ B4\ B5\ B6\ C6\ D2+ E6\ E7\ F3/ F2/ C7+ G5+ H4\ A7+ @5/ I7/ G8+ J6\ F8+
Trax_1169450 Kevin vs. klaashaas : @0+ A0/ A3\ B3\ B4\ C2/ A0/ B0\ A0/ B0\ C3+ @3+
Trax_1169472 Aphrodite vs. Rogue Trooper : @0+ A0/ @1/ B0/ C1/ B4/ A5\ D1+ B0+ D5\ E3+ @4\ @6+ A7/ A1+ @1/ C0+
Trax_1169611 Marko vs. ejd : @0+ A0+ B1+ A0\ @2+ A3/ A4+ @3\ A4/ @4\
Trax_1169662 Goonerg vs. CHESSCATJAY : @0/ A0/ @2+ A0/ @2/ D3\ C4/ C5/ B6\ A0/ E3+ E2/ F2/ D1\ E5/ F4+ D7\ C8/ C9/ G7\ D9\ D10\ H7+ A6+ @4\ H10+ A8+ G11+
Trax_1169735 Logged Off 9554 vs. Goonerg : @0+ @1\ A0\ @2\ B3\ C4/ @4+ D5/ A1\ @3+ C0/
Trax_1170441 snowwhite vs. Misery Midnight : @0+ B1\ B0/ C2\ C1+ D2/ D1+ D0\
Trax_1170609 Aphrodite vs. Honeybear : @0/ B1\ B2\ A2+ @2/ B3\ D1/ C0\ D4\ E4+ B5\
Trax_1170656 Rand al*Thor vs. ellieoop : @0+ B1\ B0/ C2\ B3+ C1/ D2\ @2/ D4/ B4+ F3+ B5+ G3\ E5\ B6\ D6+ D7\ F6\ A6+ H3\ @4+
Trax_1170700 FujiTape vs. Keizer Soze : @0/ A2\ B1/ B0/ @3/ A4/ B4+ A1\ B0/ @4\
Trax_1170707 Adam vs. Goonerg : @0/ A2\ B1/ A0/ B3\ C2/ B1/ D2\ D3\ D1+ C0+ B5\ E4\ @5/ C6\ A2\ A1/
Trax_1171293 Aphrodite vs. Rogue Trooper : @0/ A0/ A3/ @1\ B0/ C1/ B0\ A1\ @2+ A4+ B6\ E5+ @6/ A7/ A1/ B0/
Trax_1171457 paganje vs. CHESSCATJAY : @0/ @1/ B0+ B0/ C1/ D1+ E2/ D0/ D0/ D0/ F4\ E6\ B7/ G3+ C2/ B2+ A7/ H3/ @7/ A4\ A8+
Trax_1171757 carleen vs. Rogue Trooper : @0+ A0/ B1\ A3/ @3/ @2/ B4\ A1\ @2/ C0/
Trax_1171760 carleen vs. Rogue Trooper : @0+ A0/ A3\ B1/ C1/ B4/ D2\ @4\ C0/ A6/ F3/ @5/
Trax_1172687 drgnrdr vs. Freight Train : @0/ B1\ A2/ @2+ @1/ B3\ A0\ @2/ B4+ D0/ E1/ F1/ G1+ E0+ G5\ H5\ D0/ G2/ G1/ D0/ A4/
Trax_1172700 goldfreckles vs. Honeybear : @0+ B1/ @1/ B2+ B3/ C2+ A4\ D2/ C0\ C5+ B1\ @2\ @2\ E6/ F2+ G4\ G5\ H5\ G2+ G6+
Trax_1172712 Tessa vs. drgnrdr : @0/ B1+ B2\ A0/ @2+ @2\ E3\ D4+ D0\ E2+ C6\ C0/ B6/ D8/ @5+ F8\ G4+ F9/
Trax_1172781 SarahMills vs. Phil The Hat : @0/ A2+ @1\ A0+ A0\ A4/ @4/ C5\ D3/ E3+ D2\ F3/ F4+ B0/ C1/ C0/ D1/ E1+ E0/ E0+ B10+ F2/ G4\ D2+
Trax_1172994 MORRIS vs. firefly : @0/ A0/ @2/ @2+ @2/ A3/ D3/ B4+ B5/ @4+ D0/ D0+ A4/ @6+ C8+ F2/ G2+ H3+
Trax_1173054 Rogue Trooper vs. Aphrodite : @0+ A0\ @1/ B3\ B4\ @1\ C0\ B4\ D4+
Trax_1173512 Tigger vs. Goonerg : @0/ A2\ B1/ A0/ B3\ C2/ @2/ @3\ D1+ C4+ B0+ @5/ B6\ A3+ D6/ @4+ @3/ A2+ B6\ G1/
Trax_1173570 Adam vs. Phil The Hat : @0/ B1+ A0/ B3+ C2/ @1\ C0\ B5\ A4+ @4/ E4\ F4\ B1\ B0\ G5\ E1/ F3\ C0+
Trax_1173939 Phil The Hat vs. What did you say : @0/ A0/ B2+ A0\ @3/ A4/ D2\ C1+ @4/ C5\ @2+ A1\ D6+ E6\ F6\ G6+ D7/ A0\ @4\ B7+
Trax_1174403 Whistler Gandalf vs. Kevin : @0+ B1+ A0/ A3/ @3+ @3\ B1+ @2+ C0+ C0/ E2+ B1\ @3+ C0/
Trax_1174629 Chad vs. Goonerg : @0/ A2+ A3+ B1/ C1/ D1/ A4+ D0/ D4+ A6+ @4/
Trax_1174705 Adam vs. Whistler Gandalf : @0/ A2\ B2\ B3\ A4+ @4/ @2+ B1+ D1/ E1/ E2+ E0+ F3+ @4\ C6+ E0/ B2+ C0\ B1\ B8/
Trax_1174754 Morticia vs. Sarah : @0+ B1+ A2\ B0/ C2\ C4+ D3/ E3+ F3\ F5+ @3\ C5+ G6/ A4+ H6/ H7+
Trax_1174949 Marko vs. ejd : @0+ B1\ A0/ @1\ B0/ B4+ A4/ @3/ A1/ C0+ @4/ C6/ B6/ E1+ A5+
Trax_1175120 Aphrodite vs. Rogue Trooper : @0/ A0+ A0\ @1\ B0\ C3+ @2+ A1\ @4/ A5/ A1\ @2/
Trax_1176996 Marko vs. goldfreckles : @0+ @1/ B2/ C2/ D2\ C3/ A2+ B3/
Trax_1177028 Honeybear vs. Barbie : @0/ B1+ A0\ @2+ C1/ C0\
Trax_1177029 Dawnas AZ vs. Adam : @0+ B1+ B2/ B0/ C1+ C0/ D2+ @3+ B2\ B1/
Trax_1177140 the nutter vs. Rogue Trooper : @0/ A0+ @2\ B0/ A2\ B0/ @3\ D2+
Trax_1177360 Aphrodite vs. Rogue Trooper : @0/ A0+ @1/ B0/ C1/ D1+ C3+ @2/ B1+ A3+ F1/ E4/ B5+ @3+ G3+ H2\ G5\ F6/
Trax_1177490 ejd vs. Marko : @0+ @1/ @1\ C0\ C3\ A1\ A0\ B5\ B1/ B0/ D5\ A6/ D3/ @4/
Trax_1177639 SarahMills vs. Phil The Hat : @0/ A2\ B1/ B0+ C2\ C3\ C1+ D1+ C0\ B0/ A2+ D2+ D0/ D0+ E2\
Trax_1177933 Goonerg vs. Candy Cane Kaz : @0/ A2\ B1/ @1/ A0/ A4/ @4/ C5\ D5\ A2+ C6+ A0\ @2/ A7/ D8/ D9\ E9\ F9\ B9/ A8+ E5/ F5/ D10/
Trax_1178639 Sarah vs. Rogue Trooper : @0+ A0/ B1/ C1/ A3+ @1/ D0/ D4\ E4\ @3\ F2+ G2\ E0+ A5/ A6+ @5\
Trax_1178853 Vacant 1884 vs. Rogue Trooper : @0/ A0+ A0/ @1\ B0/ @2\ C0\ B2+ B5/ D4\ A4+ E4+ D6\ E5+ F4/ F1+ E0+ G3+
Trax_1179003 Keizer Soze vs. Whistler Gandalf : @0/ B1\ A2/ @2/ B0/ C0/ D3+ A5+ A1\ @3+ C0/
Trax_1179033 ScoobyRex02 vs. drgnrdr : @0/ A2\ B1/ @2\ B3+ @1\ A0\ A3+ A5\ B5\ D4/ E4/ D1+ B0/ E2+ E6\ F2+ F6/
Trax_1179035 Dave (UK) vs. STrek : @0/ B1/ B2\ C2+ A3/ @2+ A3+ @2\ B1\ B0+ C1+ C0/ A2\ B1+ C6/ @3+ F5+ E0\ F1/ G2+ E0/
Trax_1179040 buttercups vs. FujiTape : @0/ B1\ A2/ A3/ @1\ B0/ @3+ D4/ B5/ @4\ E5\ F4/ D6/
Trax_1179389 Nina vs. Phil The Hat : @0+ @1+ A0/ A3/ C2\ C3\ C4+ D3\ B5/ A5/ @4/ E1/ B6/ D0\
Trax_1179390 Phil The Hat vs. Nina : @0/ B1\ B2\ C2+ C3+ C0/ D3/ B0\ A1\ @1\ D6+ @3/ B4\ C5/ B0\ @3\ G1/ B5/ G0\
Trax_1179414 Rogue Trooper vs. Aphrodite : @0+ A2/ @2\ B0/ C1/ B4\ C4\ D4\ B5/ A5/ @5/ F5/ E6\ C0\ RESIGN
Trax_1179810 klaashaas vs. Aphrodite : @0/ @1+ C1/ B2/ A0\ A0+ @1\ E1/ D0/
Trax_1179923 paganje vs. Sarah : @0/ B1+ B2\ A3+ @1/ @2+ @3\ A4+ @2\ A1\ G3\ G4\ B5/ A5/ @2\ G0\ E6/ H2+ I3/ I4+ J4\ B7\ @3/ A4/ J6/ A7/ C8\ @7\
Trax_1180649 karosel MIA vs. Rogue Trooper : @0+ A0/ B1\ A3/ B2+ B3\ B4\ @1/ A0\ @1\ C0/ D1/ D7/ E2+
Trax_1181130 Honeybear vs. the nutter : @0/ @1+ @1\ A0/ C1\
Trax_1181159 Adam vs. Pammie : @0/ B1\ A2/ A3/ A0\ @2/ C3+ A3+ A1+ @3/ C5\ B5+ E3+ B0\ A1\ @3\ C7/ A4/ @3\ B2\ H4+ F2+ F1/ D0\ G3+
Trax_1181202 Rogue Trooper vs. Phil The Hat : @0/ A2\ B1/ @1/ C0+ A0+ @1\ @1+ C0+ A5/ C6/
Trax_1181548 Vacant 1884 vs. Rogue Trooper : @0/ A0+ A0+ B2/ @3/ @2+ A1\ @3\ C4/ D0/ E5\ F3\
Trax_1181581 Aphrodite vs. Rogue Trooper : @0+ A2\ B2/ @1\ B3\ C1/ B0/ @1/ E2/ E1/ B0+ A0/ F2\ E1/ E0+ F1/ G2/ H2/ G1/ F0+ @4+ C2+ C1\ C0+ B3+ H9+ G10\ I8\ J8\ J10+ H11+ F11/ G12/ G13/ F13/ E13/ D12+ C8+ K7+ K5+ L5/ L4/ A8/ @6/
Trax_1181677 Vacant 1884 vs. Rogue Trooper : @0/ A0+ A0+ B2/ @3/ @2+ A1\ A0+ @3+ F3/ G3/ F1+ C0+ H2/ G1\ F0/ F0+ F7+ C8+ E0+ C3+ C0+ B3/ H9\ I7+ G10\
Trax_1181914 game_77 vs. Rogue Trooper : @0/ A0+ @2\ B0/ A2+ A1\ A0\ A0+ B2/ @3+ C1+ D3+
Trax_1182282 What did you say vs. Rogue Trooper : @0/ A0+ @2/ @2\ B3+ C4/ D2/ E3+ C5/ A4+ F2\ G2\ @3/ F6+ G6\ B6/ G1/ D7/
Trax_1182885 STrek vs. Rogue Trooper : @0+ A0/ A3\ B1/ C3+ D2+ B0+ E2\ C5/ A5/ @4+ E1\ A3+ E5/ D6\ G1/ F0+ G5\ H3+ F6\
Trax_1183572 Eriisa MIA vs. drgnrdr : @0/ A2\ B1/ @1/ B0+ B0/ @2\ A1\ C0/ B6/ A6/ @6/ B7+ @2\ B1+ A1+ C0+ G5/ G6+ @4+ B8+ H1/ I3+ F0/
Trax_1184565 dab vs. Rogue Trooper : @0/ A0+ A0\ @1\ A0\ @4+ A5/ B6/ @2/ D6\ E4/ C7\
Trax_1184777 gatorbon007 vs. Rogue Trooper : @0/ A0+ @2\ B0/ C1/ D2/ A1+ A0\ @1\ D0+ E1/ E5\ E0\ F6/
Trax_1185052 Marko vs. ellieoop : @0+ B1\ A0/ C2/ C3/ C1/ B0\ C1+ C5/ D4\ D5+ E4\ E1/ F2+ C0+
Trax_1185067 Rand al*Thor vs. Nanett MIA : @0+ B1/ B2\ C1/ B0+ B0/ D3/ C4\ A4+ A5/ @5/ C6\ C7+ D7\ E4\ F4\ D8+ D9/ B9+ F3+ G3/ F2/ H3\ G2/ I2+ B10/ G6+ H5\ A8/ @6+ A5+ H1+ H0\ I2+ F1+ A9/ @8\ B4\ A5/ @6\ D2/ F1\ H0\ E13/ B11/ A9\ @8/ H13\ I13+ H14/
Trax_1185096 faith64 vs. Honeybear : @0+ @1\ A0+ B0\ C1/ B0\ A5\ @3\ D4\ E3+ F3\ F4\ D6\ D7\ E7\ E8\ G5/ F7+
Trax_1186211 ScoobyRex02 vs. Rogue Trooper : @0/ A0+ A0\ @1\ B4/ C3/ @3/ @3+ B4/
Trax_1186865 Donna vs. Rogue Trooper : @0+ A0/ B2+ A3/ B3+ @1/ @1/ C4/ C5/ @5+ B6/ B7/ A6/ @6/ B7/ A3+ @6/ A7/ C8\ B1\ B0\ A3\
Trax_1186979 Honeybear vs. Whistler Gandalf : @0/ A2\ B2\ B1+ A3/ @2+ D3\ B4+ @2/ A3+ D0/ E1/ F2+ D6\ E5+ A5/ C6/ C7/ G1\ D0+ A7+ G1/ E0+ H2\
Trax_1187968 RabidWolff of the Wolf Pack vs. supermac : @0/ B1\ A2/ C1\ C2/ B3\ B0+ D3/ E2\ A1+ B5\ @2+
Trax_1188006 Buz vs. Whistler Gandalf : @0+ B1+ A0+ C2+ @2\ E2\ B3+ E3\ B4+ C4+ A4/ @1/ C5+ F5\ G4/ H2/ G1+ F0\ D2+ D1/ E7+
Trax_1189028 STrek vs. Stinger : @0/ A2/ @2+ @2+ C0/ @3+ C4+ E2+ F2/ E0+ D1+ F0\ G3+ @5+ C4+ H4\
Trax_1189069 drgnrdr vs. Dave (UK) : @0+ @1\ A0\ @1+ D1\ D0+ @2/ A4+ F3\ F4\ E0/ F1/ G2+ C1\ G4\ B1/
Trax_1189239 Aphrodite vs. Rogue Trooper : @0/ A0+ A0\ @3/ @2+ C0\ D2/ C5\ D5\ @3/ B5+ E6+ A2+ @5\ G5/ F3\
Trax_1189952 Morticia vs. DINGEROO : @0/ B1\ B2\ C2\ @1+ E1/ C0\ F3\ F4\ D0+ E1+ D0\ @4+ E0/ H6+
Trax_1189953 Morticia vs. Honeybear : @0/ A0\ @1/
Trax_1190188 What did you say vs. Rogue Trooper : @0+ A0/ B1/ C1/ D1/ D3+ E1/ F1+ F0/ G4\ E5+ B5/ A5/ H3/ H2+ B6+ @4\ E7\ F7\ B7\ B8\ A8+ @7/ H0/ D2\ F1+ J1+
Trax_1190227 Peeky vs. Honeybear : @0/ A2\ B2\ B3\ B1/ C2+ D2/ D1/ C0\ C0\ B1\ B0\ A2\ @5\ F4/ A2\ C0\ @5\
Trax_1190288 Mark007 vs. supermac : @0/ B1+ A0/ C2\ A3/ B4/ @3+ B4+ A4/ A5/ C5+ @4+
Trax_1190289 supermac vs. Mark007 : @0/ B1/ @1\ A0\ B1+ @1+ C0/ E2\ B0\ A1\ E1/ F2\ D0\
Trax_1190294 Nancy vs. supermac : @0/ A2\ B2\ @1/ B0/ C4/ D3/ C2+ @1\ A0\ D6\ E6\ F6\ F7\ @3/ H6+
Trax_1190295 supermac vs. Nancy : @0/ B1\ B2+ B3/ A3/ @2/ A3/ @1\ A0\ @3/ F3\ A4+ D5+
Trax_1190298 karosel MIA vs. supermac : @0/ B1\ A2/ B2+ A3\ @2/ C3+ C4/
Trax_1190299 supermac vs. karosel MIA : @0/ A2\ B1/ B0/ B3\ A0\ C4/
Trax_1190302 supermac vs. Lorraine of the Renegades : @0/ A2\ B1/ B0+ @2/ @2/ D3+ C0+ E2\ C5/ D1+ E1/ F1/ D5\ D6\ B5/ E0/ C7+ A1\ F5+ @2\
Trax_1190303 Lorraine of the Renegades vs. supermac : @0/ A2+ @1\ B0/ A1+ @1\ C0/ B0/ B0/ C2+ D3+ D1/ E2/ D0\
Trax_1190304 Whistler Gandalf vs. cocopuff : @0+ B1\ B0/ C1/ C0+ D2\ D3\ D4+ E4\ E3+ C5/ B4+ D5+ D6\ F6+ F2/ F1/ F4/ G3\ C0\ A1+ E8/
Trax_1190305 cocopuff vs. Whistler Gandalf : @0/ A2\ B2\ B3+ A0\ @2/ D3/ D2/ @4/ A5/ @3\ A2\ A1\ E5/ B6/ F1/ C0+ @5/ @4+ I2/ I1/ F0\ J5\ I6+ K3+ H1+ G0/ C2\ F9\ B2/
Trax_1190306 Whistler Gandalf vs. DINGEROO : @0+ B1\ A2+ @2\
Trax_1190307 DINGEROO vs. Whistler Gandalf : @0/ B1\ B2\ C2+ B3/ A3/ @3+ C4\ D4\ E2+ B5+ A4/ B0\ A1\ @1\ A4+ F6\ E7/ B0+ @6/ E1/ B7/
Trax_1190308 Whistler Gandalf vs. coan_net : @0+ B1/ A0\ A0\ @1\ D1/ B0+ E3\ E4\ C5/ @1\ B0/ G4+ H3\ H2+ F1/ A1\
Trax_1190309 coan_net vs. Whistler Gandalf : @0+ @1+ A2\ B0/ C1/ D1+ B0+ A1\ C4+ E2+ E4\ C5\ B6/ A6/ @4\ @5/ H3+ A3\ @3\ C7+ B6/ D7+ A5+ @4/ B7/ C2+ A6/
Trax_1190310 Whistler Gandalf vs. napper : @0+ @1+ B2/ A0\ @1+ C1+ @2/ A3/ B4/ B0/ E4/ B6/ A5/ D5+ @5+ A6/ A7+ @5+ B2\ A4+ E0\
Trax_1190311 napper vs. Whistler Gandalf : @0/ B1\ A2+ A3\ B2\ B3+ C3\ C2+ A4\ @3/ A4+ A2\ @1/ B0+ D1+ B6+ A5+ A6+ @5+ A6+ @5+ A6+ @5+ G6+ E7/ C4+ C2+ B3/ C0\ B1\ A4+ G8+ D9\ I4/ E1/ G9+
Trax_1190324 Knight Rider vs. the great snowqueen : @0/ B1/ B2\ B0\ C3/
Trax_1190325 the great snowqueen vs. Knight Rider : @0+ B1+ C1\ B2+ @1/ B2+
Trax_1190326 Knight Rider vs. rabbitoid : @0+ A0/ B2+ B3\ @2/ @2/ C3+ A1\ C0\
Trax_1190327 rabbitoid vs. Knight Rider : @0/ A2+ A3/ @3/ B4\ C3+ D3\ C4\ @3/ D1/ A1\ @1/
Trax_1190328 Knight Rider vs. Erinity : @0/ A2/ B2+ B3\ C2\ C3\ @1\ A0\ C5\ C6\ D5+ @2+ F4\
Trax_1190329 Erinity vs. Knight Rider : @0/ A2+ @2\ B3\ C2/ C1/ C0/ D1\ D2\ D3+ E3+ E2+ F2/ C0+ C0+ @2\ B1/ E2+ D0+ G6+ E8+ H6+
Trax_1190330 Knight Rider vs. Nina : @0+ A0+ A0+ @3\ C3\ C4+ D4\ B5/ A4+ A5+ @5/ B1+ B0\ A2\ E6+ C7/ @2\ B1\ D1/ D0\
Trax_1190331 Nina vs. Knight Rider : @0+ @1+ A2\ B0+ B0\ A1\ A0\ C3\ @2+
Trax_1190344 hANDYman the Rebel vs. Kran : @0+ B1/ @1/ A2/ C0/ @3+ A1/ E1/ D3+ E0/ @4/ A3+ C0+ G2+ H2\ A2\ @2\ D0\ B2+ D0\ B2+ B1\ C0/ H4/ G3\ A7+ E3+ D9\ E9+ B9/ B10/
Trax_1190345 Kran vs. hANDYman the Rebel : @0/ B1\ B2\ B0\ C2+ A0/ D2\ C0\ @3+ C1+ C0\ B1\ D1+ A2+ B0\ @2\ E8\ F8\ G8\ A4+ @2\ A4+ H4+ I4\ I3+ G1+ I7+
Trax_1190346 hANDYman the Rebel vs. McStack : @0+ B1+ A2+ @1+ D1\ E1\ D2/ E3\ F2/ D4/ C4/ C5/ B5/ A5+ B6\ @2+
Trax_1190347 McStack vs. hANDYman the Rebel : @0/ B1+ C1/ A2/ B0+ B4\ C4\ D2/ B5+ C0\ @6/ C7/ A3\ @4/
Trax_1190348 hANDYman the Rebel vs. irishmiss : @0+ B1+ A2+ A0\ A4/ @4/ A2\ @3+ A2+ @2\ B5/ A5/ C5+ E4/ F3\ B6+ B1+ B7+ A4\
Trax_1190349 irishmiss vs. hANDYman the Rebel : @0+ B1/ B2\ C1/ C0+ C3\ D2+ C0/ C5+ A1\ B0+ @3\
Trax_1190350 hANDYman the Rebel vs. firefly : @0+ @1\ C1\ A0\ C3\ D2\ B0\ D2/ E2/ D4+ C1/ B0\ D2+ A2+ @2\ A3+ F5/ G3/ D6\ E1/ B0/ F1+ H4/ D0+ C0/ E1+ E0/ @7\ I8/ J5+ J7+ C3+ A4\ C1\ D0\ B3\
Trax_1190351 firefly vs. hANDYman the Rebel : @0/ B1\ B2\ C1\ A2/ A3/ C2+ B3\ C4/ D1/ B0+ @3+ E5\ D6/ F3+
Trax_1190356 Kran vs. firefly : @0/ A2+ @1/ C1/ D1/ B0\ C0\ A2+ C5/ A1/ B0\ @4+ A2+ F4+ G5/ F7+ @4\ I7+ C0/ G3+
Trax_1190357 firefly vs. Kran : @0+ @1/ A0\ @1\ A0+ @1+ B0+ @2+ C0+ @3+ G5+ F4+ H5/ H4/ E2+ I4/ D5+ G1+ D6\ B4+ E0+ E8/ C8+
Trax_1190360 McStack vs. firefly : @0/ A2/ @2\ A1+ C1\ D1\ E1+ C2+ F1\ C3+ C4/ A3+ E2+ @4/ C5\ E4+ E0+
Trax_1190361 firefly vs. McStack : @0/ A0/ @2+ B0/ @3+ A4/ @3\ @3\ C2+ @4/ B5\ D0+ B2+ A2\ @2\ C1+
Trax_1190362 irishmiss vs. firefly : @0+ @1/ B0+ A1+ A0/ C2+ B4\ @2+ E2/ E1/ C0+ @3+ @3/ A4/ C5+ H2+
Trax_1190363 firefly vs. irishmiss : @0/ A2\ B1/ B2+ C1/ D1\ @1\ A0\ E1/ F1/ E3\ D4/ E4+ C1\ C0+ A1\ C0+ F5+ G5/ G3+ @3+ B5+ C6+ E1+ F1/ H2+ D0+ I4/ D0+
Trax_1190368 ScoobyRex02 vs. Rand al*Thor : @0/ B1\ B2\ C1+ @1\ C0\ B0/ A2+ B0/ E2+ F3/ @3/ B5/ C6/ A1\ D0\ @3/
Trax_1190369 Rand al*Thor vs. ScoobyRex02 : @0+ B1\ B0\ @1\ C0\ B4+ A3+ @3/ B4/ B5/ A5/ D0\ @5+
Trax_1190374 Jay RAA vs. Rand al*Thor : @0/ A2\ B2\ B1+ B0/ C3\ A4/ @3\ E2/ C5+ E1+ E4+ F4\ A1\ C6+ C0\
Trax_1190375 Rand al*Thor vs. Jay RAA : @0+ B1\ A2\ B2\ A0/ A0\ @2/ A1+ @1+ A0\ D6\ E6\ F5+ F2\ E7\ G5/ G7\ H5\
Trax_1190378 worstwitch vs. Rand al*Thor : @0/ A2\ B1+ C1\ C2\ D2\ @1\ D3+
Trax_1190379 Rand al*Thor vs. worstwitch : @0+ @1/ A2+ C1\ A3/ B3+ @2\ @2\ C0/
Trax_1190382 Rand al*Thor vs. MASHER : @0+ B1\ A0/ A3/ C2\ D1\ @3/ A4/ A5/ @4+
Trax_1190383 MASHER vs. Rand al*Thor : @0/ A2\ B1/ A0+ @1/ A2/ @3\ C4+ D4\ E2/ F2/ D5+ B5+ C0/ D0\ B1+ D8+
Trax_1190404 Retired 3815 vs. Goonerg : @0/ @1+ A2\ C1/ A0\ A0+ @1+ E1/ E0/ E5\ D6\
Trax_1190405 Goonerg vs. Retired 3815 : @0/ A0/ B1/ B0/ @1\ A0+ @4\ E3+ E5+ D6\ F3/ F4+ F1/ G1/ @4/ C5+ A3+ H3/ H0/
Trax_1190410 Retired 3815 vs. paganje : @0/ B1\ B2\ A2+ @2/ A3/ D2/ C4\ D4\ E2/ @3/ B5/ A1\ B0\ @2/
Trax_1190411 paganje vs. Retired 3815 : @0/ A0/ B1/ B0+ @3/ C0/ C0/ B6+ D4+ D2/ E4/ E5+ @3\ B2\
Trax_1190412 Goonerg vs. pioenroosje : @0/ B1/ B0+ C1\ D2/ C0+ E2\ C4+ F4\ E5/ F1/ E0/
Trax_1190413 pioenroosje vs. Goonerg : @0+ A2/ B2/ C2/ A3+ D1\ B4/ D0+ E3+ E1/ C0+ @5\ E1+ B1+ @3+ @4\ B5+ C1+ C0\ A2\ @2+ J7\ H8+ J3+ K5/ A5+ G1/ D7+ A7\ C8\ D9/ @6\
Trax_1190414 Goonerg vs. POOK : @0/ B1\ A2/ @1+ B0/ B0+ C4\ B0+ C6/
Trax_1190415 POOK vs. Goonerg : @0+ A0/ A3\ B1/ B0/ C1/ C0/ D1/ D0/ E1/ E0/ F1/ F0/ G3\ G4\ @7+
Trax_1190416 Goonerg vs. paganje : @0/ A2\ B1/ B2+ C2\ B0+ @3\ C4\ A4\ E2/ D1+ E1+ E0/ @4\ C6/ @4/ B7/ A7/ E7\ C8/ F6\
Trax_1190417 paganje vs. Goonerg : @0/ B1+ @1\ A0\ B3+ C1\ B0/ D3/ A4+ @4/ B1\ A0/ A0/ @2+ D7\ @4/ G6\ H6\ G7+ G8\
Trax_1190420 pioenroosje vs. paganje : @0/ A2\ B1/ B2+ B0\ A1+ B4\ C4\ D3+ C1+ E4/ D5+ E2+ F3+ C5+ C6/ G3/ H2\ B0\ E1\ G2+ C0+
Trax_1190421 paganje vs. pioenroosje : @0/ A2+ @1\ B0/ A1+ B4\ C2/ A3/ @2+ A4/ @2\ C5/
Trax_1190422 POOK vs. paganje : @0/ A2\ A0\ B3/
Trax_1190423 paganje vs. POOK : @0/ B1\ A2/ @2/ C0\ C3+ C4\ D4\ D5\ D6\ E5+
Trax_1190424 Phil The Hat vs. Falsecut : @0/ B1\ B2\ C2\ D1+ C0/ C0/ D2/ A1\ @2\ C0\
Trax_1190425 Falsecut vs. Phil The Hat : @0/ B1\ A2/ A0/ B3\ B4\ @2+ B0/ D4\ D5\ E4/ E1/ D0\ F4+
Trax_1190426 Phil The Hat vs. Lillie : @0/ B1\ B2\ C2\ D2+ A0\ @2\
Trax_1190427 Lillie vs. Phil The Hat : @0/ A2\ B2\ @2\ C1/ D1+ E1\ E2\ B3+ @2\ C4+ C0+
Trax_1190428 Phil The Hat vs. stones- A - rama : @0/
Trax_1190429 stones- A - rama vs. Phil The Hat : @0/ A2\
Trax_1190430 Phil The Hat vs. (**)(**) Bunny Toes : @0/ B1\ B2\ A2+ C1+ @2\ D3\ E3\ C3+ D4+ B0/ E2/ F4\ G3+ F1+ D0\ H4\ I5/ D0+ C2+ G1/ RESIGN
Trax_1190431 (**)(**) Bunny Toes vs. Phil The Hat : @0/ B1\ A2/ A0/ B3\ B4+ A4+ A5/ A6/ C4/ @4/ E1+ E0/ F1/ G2/ E0+
Trax_1190470 nisqually vs. drgnrdr : @0/ B1+ B0/ C2\ A3/ @3/ A4/ A1\ C0/ @3\
Trax_1190471 drgnrdr vs. nisqually : @0+ B1+ C1\ C2\ A2+ D2+ B0/ D4\ D0/ E1/ C0\ B1\ A1\ E5+ E4/ F5+ F3+ G5+ @4/ C6/ F7/ @2+ C0/ C7+ A1\ B7+ B0/
Trax_1190476 EagleAnney vs. drgnrdr : @0+ @1/ A2/ A0/ @2+ C4\ D3/ B5/ A5/ @3\ C6+ E5+ @4+ B6+ C7\ @4\ A5+ G7\ H6/ E8\
Trax_1190477 drgnrdr vs. EagleAnney : @0+ @1/ A0\ @2/ C1+ @2\ A1\ A3/ @2/
Trax_1190480 Allison vs. drgnrdr : @0/ A2+ @1\ B0/ B4/ C2+ B5\ C5\ B0/ D5+
Trax_1190481 drgnrdr vs. Allison : @0+ A2\ A0/ @1\ C2+
Trax_1190482 Geri39 vs. drgnrdr : @0/ A2\ B2\ @2\ A3+ A4/ B4\ @3+
Trax_1190483 drgnrdr vs. Geri39 : @0+ A0/ A3\ @1\ C2+
Trax_1190484 FujiTape vs. gatorbon007 : @0/ B1\ A2/ B2+ C1/ B3/ B0/
Trax_1190485 gatorbon007 vs. FujiTape : @0/ B1\ B2\ B3\ C3/ D3\ E3/ D4/
Trax_1190486 FujiTape vs. Cachel : @0/ B1+ @1\ C0\ B0/ A4/ @3\ E3\ E4\ D5+ D6/ A4+ A5/ @5/ A7\ B7+ @5/ D8/ @6\ C2/
Trax_1190487 Cachel vs. FujiTape : @0+ B1\ C1+ @1/ C2\ A0/ @3\ D4\ A5/ @4\ F5+ F6\ G6\ G7\ H7\ F1\ H2/ I1\ F0\
Trax_1190488 FujiTape vs. Kevin : @0/ A0/ B2/ C2+ D2\ A3+ E3/ F2\ G3/ B4/ C1/ H1/ H0/ H5\ F6+ I3\
Trax_1190489 Kevin vs. FujiTape : @0+ B1/ @1/ A2\ B0+ D1\ @2\ A1\ @1\ C0/ A4/ B5/ @4\
Trax_1190490 FujiTape vs. immitzi : @0/ @1/ C1/ A2+ A3\ A4/ @2/ C4+ E1/ B0+ E6\ F6\ A1\ @3/ B0/ F1+ G1/ A2\ C0+ @5\
Trax_1190491 immitzi vs. FujiTape : @0/ B1\ A2/ A3/ @1+ C3\ B4/ A5\ @3+ C0/ D5+ E5\ E4+ @4/ A7+ @5\ G0/ H1/ D1\ E0\ C2/
Trax_1190526 Dania59 vs. Misfit Lenrad6672 : @0/ A2\ B1/ B2+ C1/ D1/ B0\ D4\ E4\ C5/ B5/ C0\ E3/ F5\ C0+ F8\
Trax_1190527 Misfit Lenrad6672 vs. Dania59 : @0/ A2+ @1\ A0\ B1+ C2/ D1/ D0/ @2\ A1\ E0/ C6+ A5/ @5/ F0/ D8+
Trax_1190532 Stinger vs. Misfit Lenrad6672 : @0/ B1\ B2\ A2+ C1/ C0/ @2+ D0\ C1\ B2\ C5\ C0\ B1\ B0\ A1\ @5/ A6/ F7\ @5+
Trax_1190533 Misfit Lenrad6672 vs. Stinger : @0/ A2/ B2\ A3/ A0\ @3+ D2/ D1/ D0/ E1/ C0\ E6\ B7/ F5\
Trax_1190538 Misfit Lenrad6672 vs. golfnutrof : @0/ A0+ B2\ A3/ B3\ B4\ B1/ C1/ A0\ @2\ @2\ A1\ A0\ A6/ @6/ D7+
Trax_1190539 golfnutrof vs. Misfit Lenrad6672 : @0+ @1/ C1/ A2/ B3/ @2\ D3\ C4/ E1\
Trax_1190540 Misfit Lenrad6672 vs. dab : @0/ A2\ B1/ B0/ A4/ @4/ D2\ D3\ E3\ F3\ D4+
Trax_1190541 dab vs. Misfit Lenrad6672 : @0/ B1\ A2/ B2+ C2\ C3\ B4\ D2/ D1/ D0/ C0/ E5\ D6/ F2/ F1/ G5\ F6/ E7\ H5\ E8/ D8/ H0/ I1/ G0\ F1\ E1\ I0/ I7+
Trax_1190548 FixitDave vs. klaashaas : @0/ @1/ B0/ C2/ C1+ A3/ @3/ A4/ @2\ B5+ F1+ A1\ A0\ D7+ F4/ G2\ G6/ E1+ E8/ B7+ G5+
Trax_1190549 klaashaas vs. FixitDave : @0+ B1/ B2/ A0+ @3\ B4+ A5\ @3\ @4+ B1\ A1\ @1\ @2+ C0\ A5/ @6\ E7+
Trax_1190554 Weth vs. klaashaas : @0+ @1+ C1\ B0/ A1+ A3\ @2\ @1/ B3+ A0\ @1\ @1\ B4/ B5/ G5\ H3\ F1\ F0\ E0/ F8\ G1/ G0/ H1+ G9+
Trax_1190555 klaashaas vs. Weth : @0/ @1+ B0/ B0/ A0/ B1+ C2/ @4\ B5\ C6\ @4\ A5\ F5+ E6\ G5/ D0/ G7\ B7/ H6\
Trax_1190558 Alko vs. klaashaas : @0/ @1/ C1/ B2\ @1/ E1/ A0\ @2/ D0+ A1/ @3/ D5+ H1/ H0/ F6+ A7/ @6+ C1\ B2/ A2/ @2/ A1+ D0+ F0/ G2\ E10+ F10+ E11/ J7\ J8\ K5\
Trax_1190559 klaashaas vs. Alko : @0/ @1/ B0/ @2/ D2/ B3+ B0+ E3+ D2/ F4/ D5+
Trax_1190562 klaashaas vs. Tigger : @0/ A0/ B1/ A0\ @1\ D2/ C4+ A2+ B0+ B6\ C7/ C8/ B9\ A7+ D8\ @5\
Trax_1190563 Tigger vs. klaashaas : @0/ @1/ B0/ A3/ C1+ A4/ B5+ D1\ E5\ D6/ D0\ D0\ @6/ B8+ G4/ F2+
Trax_1190566 REBEL DJ vs. STrek : @0+ @1/ A2+ A3+ C2/ C3+ D1/ C0+ C5\ D5\ E3\ E4+ D6\ F4/ E7/ E2+ B5+ F7+ G3\ G5+ A6/ @5+ C1+ C0\ G9+ H8+ B1/ A3+ F2/ D1+ H9+ I6\ F10\ J6\ B8/ C9+ C10/ B9/ E10/ D11\ C12/ B11\ A7+ @7+ B4+ A4+ A10/ B11+ @9+ A6/ H1\ F0+ H1/ I1+ F0/
Trax_1190567 STrek vs. REBEL DJ : @0/ A2/ B2/ @2+ C1+ A3/ B3+ D1+ C0+ @3+ @4\ @3/ D5/ G3+ H3\ C2\ D1+ D6/ F0/ G1\ G6+ @6/ D2\ H7+ E8/ J4\ D1\ D0\ A2+ @7/ K4+ @7/ B3+ @7\ B3+ @7+ B3+ @7+ B3+ @7+ B3+ Q5+ Q6\ @7+ B3+ @7+ B3+ @7\ B3+ @7/ C8/ C9/ B3+ @7/ B8/ S9+ R10+ U8+ R11/
Trax_1190568 REBEL DJ vs. Rogue Trooper : @0/ A0+ A3/ B2/ @3/ B0/ B0/ A2+ @1/ @4+ C6+ @4/ @5\ H2+ H4+ F0+ H8+ I8\ I3+ C1\ C0\ B4\
Trax_1190569 Rogue Trooper vs. REBEL DJ : @0/ A2\ B1/ A3\ A4+ B3/ C3/ C4/ D3/ @2\ F4\ E5/ F1/ G3\ F0\
Trax_1190570 Evening Sunset vs. STrek : @0+ @1\ @1/ A2+ B2+ B3+ B4/ A4/ @4+ B5+ B6/ A6/ @5/ C7+ A2\ B1+ @3/
Trax_1190571 STrek vs. Evening Sunset : @0/ B1\ A2+ A3\ B3\ C2\ @2+ D3+ C4+ D4+ C5+ D5+ C6/ D0/ E2+ D0\ E5+ D0/ E1+ E3+ F3/ A7/ B8+ C10/ F5/ G4\ @6/ E10\ H3+
Trax_1190572 Evening Sunset vs. Rogue Trooper : @0+ A0/ A3\ B1/ B0/ C1/ D4\ C5+ C6\ D6\ E6\ A0+ @3/ F1/ G1/ D0/
Trax_1190573 Rogue Trooper vs. Evening Sunset : @0/ B1\ A2/ @2+ @2\ B0+ @2/ B4/ C0/ B6\ C6\ C7\ D7\ E5\ A1\ @1\ C0/
Trax_1190574 STrek vs. Rogue Trooper : @0/ A0+ A0\ @1\ @3+ @2/ C0+ D5/ E5+ E2+ C0+ E1/ F3/ A2\ @3+ A1\ C0+ @3/
Trax_1190575 Rogue Trooper vs. STrek : @0/ A2/ A3\ B3+ C3/ C2/ D2/ D1/ B4/ @2+ E4\ A4/ D5/
Trax_1190578 MountainMist vs. Morticia : @0+ @1+ A0/ B3\ C3+ @2\ E3+ @2\ B0\ A4/ @4/ D5+
Trax_1190579 Morticia vs. MountainMist : @0/ A2+ @2+ B3+ C1+ D1+ @2+ F1+ E0/ F3\ E4\ G2+ H3/ G4/ C5/ B4+ G5+ D6+ A4+ D7\ H1\
Trax_1190580 MountainMist vs. Chad : @0/ @1/ B0+ @2/ C0+ C0+ C0+ A3\ @4/ E3/
Trax_1190581 Chad vs. MountainMist : @0/ A2+ A3/ B1/ C1/ D1+ D3+ A4/ A5/ D4/ E3+ E1+ B0+ @2\ @2\ H2+ G1/
Trax_1190582 mahonri vs. Morticia : @0+ @1+ B2/ B0/ A1+ @1\ A2/ B0+
Trax_1190583 Morticia vs. mahonri : @0+ A2+ A3+ @1/ C3/ C4+ D2\ E2/ C1+ A3+ E4\ F4+ E5/
Trax_1190584 mahonri vs. Chad : @0+ A2+ B2+ A0+ A4\ A0+ A0/ B1/ B4+ C3+ D1/ C0\ C6+ C7\ C8\ D6+ D9\ E9+ A0\ @3/ C0/ D1/ E2/ @4/ H11/ H10/ C0\ A3+ E0+ @5+
Trax_1190585 Chad vs. mahonri : @0/ B1\ A2/ B2+ @2\ A3/ @3\
Trax_1190586 Morticia vs. Chad : @0+ A0+ A3+ A4+ B1/ B4+ @3\ C2\
Trax_1190587 Chad vs. Morticia : @0/ B1\ A2/ @2+ D1/ C0\ E2/ D3+ F2/ F1+ E0/ A5/ G2/ G3+ G0/ C6\ H2/
Trax_1190718 Rogue Trooper vs. ScoobyRex02 : @0/ A2\ B1/ B0+ A0/ @2+ @2/ @2/ D0/ F4/ F2+ B1/ B5+ C6/ @5/ A6/ D7/ H4+ F5\ A2/ D0+ F1+ E7+
Trax_1190874 Beaupol vs. Honeybear : @0+ B1\ A0+ B3/ A0+ @2\ C1/ D2/ E3+ E1/ F2\ D0\
Trax_1190876 Goonerg vs. CHESSCATJAY : @0/ A0/ @2+ A0/ @3+ B0\ A1\ B0\ A4+ @2\ C6/ C7/ D6+ D8/ E6+ B8/ A8/ E3/ F3/ E7+ C9/ D9+ A5/ F6\ @7/
Trax_1191227 Chad vs. Alko : @0/ @1/ @1/ @1/ D0/ C0+ D4/ A4+ @4/ F2/ A1+ G4\ B0+
Trax_1191273 ScoobyRex02 vs. FujiTape : @0/ B1\ B2\ B3\ @1\ B0/ D2+ E2/ E0+ C0/ B2+ D7\ E6/ F5\ B6\ B7\ A6+ C8+ A1\ B0/ B9+ D2+ D1\ @6/ A8+ @6/ H8+
Trax_1191624 geneoo vs. Honeybear : @0/ A2\ B1/ @1/ B0+ @2/ C0+ C5+ D5\ E2\ C0+ C7/ @5/ C2\ E1/ D0\ G3\ D9/ A7+ @7/ H5\ I4\ C2\ B3+
Trax_1191769 Scorpius vs. Honeybear : @0+ B1\ @1\ B2\ A0/ B4/ A4/ @3/ C1/ B5/ A5/ @3\ E3+ F2/ G2/ F1/ E0\ B7/ @4\ @4+ A3\ @6+ C8+
Trax_1192605 Rogue Trooper vs. Retired 3815 : @0/ @1/ B2+ C2\ B0/ C4+ D3+ B5\ A0\ @1\ E1/ C0/
Trax_1192657 streep vs. Honeybear : @0/ A2\ B1/ B0/ C2\ B3+ B4\ C4\ B0/ D4+
Trax_1192742 STrek vs. Rogue Trooper : @0/ A0+ A0/ @2+ C1+ D2/ C3+ E2/ C4\ C5\ F2+ A5/ C6\ @3/
Trax_1192868 Rogue Trooper vs. CHESSCATJAY : @0/ A0/ A3+ A4\ B4\ A5\ C3+ @1\ C0\ A4/ @3\ E6\ F4\ F3+ A6/ @3\ C7/
Trax_1192992 STrek vs. Rogue Trooper : @0+ A0/ A3/ B2\ C2+ A4/ @4/ @4+ A5+ A1\ @4+ C0/
Trax_1193652 Whistler Gandalf vs. Keizer Soze : @0+ @1+ A2\ A0\ @1+ A0\ A0/ B1/ C1/ D1+ B0+ E2\ D6+ C0\ F5+ D1/ C0\ A2+ F3+ G3\ E1+ G1/ B0/ G1\
Trax_1193669 Retired 3815 vs. Morticia : @0/ A2\ B2\ B3+ B4/ @4+ @2/ B1+ B5+ A3/ E3/ B6+ F3/ E4+ @3/ F5+ E6\ F1+ F0/ H1+ RESIGN
Trax_1193688 Marko vs. Honeybear : @0+ B1/ B2/ C2\ B3/ B0/ @2\ C0+ A5/ A0\ @5\
Trax_1193692 Phil The Hat vs. Aphrodite : @0/ @1/ C1/ B2+ A0+ @2+ B4\ C5/ D4+ A5/ A6/ A7/ D6\ E5/ E7+ @5+ C0/ F1/ G4+ F0\
Trax_1193699 Rogue Trooper vs. Sarah : @0/ B1+ C1\ B2+
Trax_1193762 Aphrodite vs. Rogue Trooper : @0+ A0/ A3\ B1/ A0/ B1+ @4\ C5/ D4\ A2+ A6+ @6/ A7/ @4+ C8\ D8\ E8\ F5+ F8\ E9+
Trax_1194268 FujiTape vs. Rogue Trooper : @0/ A0+ A0\ @1\ B4/ @2+ D2/ D3+ B5\ @5+ D6/ F4/ B0/ C0+
Trax_1194269 FujiTape vs. CHESSCATJAY : @0/ @1/ B2/ C2/ C3/ D3/ D4/ A0\ @2/ D1/ C0\ @3/ F7\ G6/ C4+ C5\ D6/ D0\ C2\ A3\ @4/ @4/ D7/ D8/ G9+ H3\ H5+ I8\ J9/ G1/ G0/ A4\ @5/ @6\ F3\ A7/ @6\ @6\ K11+ E8+ H2+ B8/ A9\ B4+ @7+ F3+
Trax_1194271 FujiTape vs. Vacant 1884 : @0/ B1\ A2/ A3/ A4/ @3+ C3\ D1\ A5/ @5/ B6/ B0\ A2/ E1/ D0/ F2\
Trax_1194272 FujiTape vs. the great snowqueen : @0/ @1\ A0/
Trax_1194751 Misfit Lenrad6672 vs. Vacant 1884 : @0/ A2\ B2\ C2\ A0\ @3\ A1+ @3/ A4/ D2+ A2\ @4+ C4\ B5/ C5+ G3\ G4\ G1/ D0\ H2\
Trax_1195379 Rogue Trooper vs. Goonerg : @0/ B1+ C1/ C0/ D1+ D0/ C1+ A2+ E1/ F1+ C4/ E3+ D0+
Trax_1195562 Kevin vs. Goonerg : @0+ @1+ B0+ C2+ B3+ @2+ @2\ A1\ A3/ @1+ C0+ @2+ D4\
Trax_1195682 Rogue Trooper vs. Aphrodite : @0/ @1/ B2+ A0+ A0/ C1\ C3+ @3+ @2/ C5/ B4+ @3\ B4+ G2+ @2/ G0/ H2+ A2/ A6+ @6/ @6+ A7+ A8\ C7+ @8\ G6/ E7+ G7+ E8+ I7\ G8\ K4\
Trax_1195993 Goonerg vs. Kevin : @0/ A0/ @2+ @2/ D1/ E1/ @2/ B1+ A3+ C4/ D3+ C0+ B5+ B6/ A6/ A7/ @5\ D6+ H2+
Trax_1196538 mammacat MIA vs. Rogue Trooper : @0/ A0+ @2\ B0/ C1+ D1\ A4\ A1\ A0\ @3/ B0/ D2+ D6\ D7\ @2\ A1\ F5+ B0+
Trax_1196760 Goonerg vs. CHESSCATJAY : @0/ A0/ @1+ C2\ B3/ C0/ D2\ B5/ @5\ A6\ B1\ C0\ E4+ C0/ D1/ C8\ D8\ A9/ @8\ B10/ F1/ G2/ E0+ C2\ H3+ H2/ I2/ I4+ H1+
Trax_1197013 Syl2 vs. Marko : @0/ B1\ A2+ A3\ B0/ B3+
Trax_1197102 Marko vs. Goonerg : @0/ B1/ A0\ @2/ A1\ @1/
Trax_1197114 Geri39 vs. Honeybear : @0/ B1\ A2/ A0/ B3\ B4\ A4+ C2+ C0/ D2\ A1+ B0+ D5+ @4+
Trax_1197620 mammacat MIA vs. Rogue Trooper : @0/ A0+ @2\ B0/ C1\ C3/ D3\ B4/ A2\ D1/ E3\ C0/
Trax_1198179 (**)(**) Bunny Toes vs. Whistler Gandalf : @0/ B1\ B2\ C2+ B3/ A3/ A4/ @4/ A5/ @5/ @4+ G1/ G0/ C2+ F1\ G0/ H3\ H4\ C2/ F1\ G0/ B3+ D3/ B2+ G6/
Trax_1198328 Whistler Gandalf vs. Jay RAA : @0+ B1\ C1/ C0/ B1+ @2/ A3/ B1\ B0\ E3\ E4\ D5\ @1\ A0\ @5/ A6/ D7+ @4+ D8+ E8\ E9\ F1\ D1/
Trax_1198569 buttercups vs. Rogue Trooper : @0/ A0+ A0\ @3/ A4+ C3/ @3/
Trax_1198697 Honeybear vs. MsLady : @0/ B1+ B0\ C2\ B3/ B4/ A3/ A4+ @3+ E4\ D5+ F4/ A0\ @1\ C0/ D1/ E2/ F3/ G4/ G7\ H7+ F8/
Trax_1198733 Whistler Gandalf vs. Jane : @0+ A2/ @1+ A0\ @1+ @2\ B3+ B4/ C5\ D5\ E3/ B6\ A5+ @3+ G2/ F1\ D0\ @4/ A7/ E7+ C8/
Trax_1198790 Keizer Soze vs. Rogue Trooper : @0/ A0+ A0\ @1\ A0\ @4+ D3\ C5/ @2+ E6\ F6\ B6/ A4/ D7/
Trax_1199225 Kran vs. Whistler Gandalf : @0/ B1\ A2/ @2+ B0/ D1/ D0/ E3\ E4\ D4+ A1\ @1\ D0+
Trax_1199410 Misfit Lenrad6672 vs. rockdude : @0/ A2\ B2\ B3+ A0\ @1\ C2/ D3\ C0/ D1/ D2+ E2+ E3\ E4+ F3/ C6+ E0/ F1/ B1\ E0\
Trax_1199523 Chad vs. Mark007 : @0/ A0/ A0/ B2\ A4/ B3+ A5/ @5/ @5+ C6+ @2+ A0+ @1\ A4+ C0+ B1\ F1/ D0+ G4/
Trax_1200779 Rand al*Thor vs. Logged Off 9554 : @0/ B1\ A2/ @2+ A3+ @3/ C0+ B0/ A1+ @2+ B0/ A1\ B0/ @2+ D2/ D1/ F2/ G2+ H2\ F1/ E0\ I5+ G7+ D9+ E9+ D10/ I8\ F9+ J7\
Trax_1202362 Morticia vs. Dionysos : @0+ B1+ B2/ B0/ C1+ D1\ C3+ B4/ B5+ E2+ B6+ A1\ B0/ F3+ @4\ B1\ C0\
Trax_1202410 Morticia vs. pepperbeach : @0+ @1+ B2/ B0/ C1+ @2+ C0/ B2\ E2+ @3\ B1\ D5\ C0+
Trax_1202425 Morticia vs. dingbat : @0+ A0/ A3\ B3\ C1+ C0/ B5+ C0+ A2+ D5+ D2+ E4+ D6+ E6\ B0/ @3/ A2+ F3\ A5+ A6/ @4\ B0/ A2+ F3/ A7/ @5\ F1+ F0/ H1+ E1+ I3\
Trax_1202798 Keizer Soze vs. Goonerg : @0/ A2+ A3/ B3/ B4+ C3/ D3/ E3/ @2\ A0\ @2+ H5\ G6/ H2/ I5+ H1\
Trax_1203261 Aphrodite vs. Rogue Trooper : @0+ A0/ A3\ B1/ A0/ C4+ A5\ D4/ @2/ A4+ C6+ E1/ F2\ D7/ E7+ F7/ E8+
Trax_1203622 Lowell vs. Rogue Trooper : @0+ A0/ B1\ A3/ B2+ B3\ C3+ B4/
Trax_1204442 Keizer Soze vs. Rand al*Thor : @0/ A2\ B2\ B3+ C3+ B4+ @2+ @2/ A4+ A5/ @3\ @3\ G4\ D5+ A1+ @2/
Trax_1204443 drgnrdr vs. pioenroosje : @0+ B1\ B0/ C1/ C0+ D1+ A1\ B0/ A5/ @5/ @4+ A1\ @3/ D0+
Trax_1204508 FixitDave vs. Marko : @0/ B1\ A2/ A0/ C2+ @2+ D3\ C4\ C5\ D5\ A5/ C6/ B6/
Trax_1205140 Aphrodite vs. Rogue Trooper : @0/ A0+ A0\ @3/ B4/ A4+ C1\ D2/ @3/ C0\ C6\ D6+ B0+ C8/ B7+ @5/ B7+ B8/ @8+ @7/ B9+ B5+ I2/ G1+ H5+ H6+ J3\ I4+ @8/ B9+ B1\ A4/
Trax_1206361 Whistler Gandalf vs. immitzi : @0+ @1+ A2\ B0/ A1+ C2\ C4\ D4\ B5/ A5/ @3\ E1/ F2+ G2\
Trax_1206471 Linda Sue vs. RubyJoy : @0+ @1/ A2\ B2+ C2\ C1+ D2/ D1/ A0\ @2/ D1/ C0+
Trax_1206970 dingbat vs. Marko : @0/ B1\ A2/ A0/ @2\ A1\ B0/ D3+ D4/ D5/ E3+ @2+ A1\ B0\ D1+ @2\ @2+
Trax_1206972 dingbat vs. Marko : @0/ B1\ A2/ A0/ C1+ C0+ D2\ @3+ D4/ B5/ A1\ C5\ B0/
Trax_1207792 Nan54 vs. Lyonsgirl : @0/ A2\ B1/ B0+ C2\ B3+ C3+ B4/ @3+ A2+ @3+ C0+ @4+ C0\ B1\ D1+ @5+ E7+ E8\ F8\
Trax_1207794 Nan54 vs. Lyonsgirl : @0/ A2\ B2\ B1+ A3/ @2\ D3\ C4/ B0+ B0\ @2+ D1/ D0/ B6/ A6/ @4\ F2\ @5+ B7/ G7\ G8\ A7+ G3+ H6/ G4+
Trax_1208176 Misery Midnight vs. Pepper : @0/ A2\ B1/ B0\ A4/ @4/ D1/ D0/ C4\ D3+ E3\ E4\ F4\ G4/ E6/ @5\ E6+
Trax_1208501 drgnrdr vs. B Line electric streetcar : @0+ A0+ B2\ A0\ B2/ C1\ D2/ C3+ C0+ E4+ E2+ F1\ D0\ C0/ B1+ A7+ @7/ F0+ H2/ H5+ E0\ D1+ D9\ C10/ B2/ A3\ C1\ E10/ C11/ G10+ I6+ F11+
Trax_1208576 Goonerg vs. Nanett MIA : @0/ A2+ @1/ B3+ B0/ C1/ D2+ C4+ C5\ E4+ F3\ G4/ F5+ E2+ G1/ F0+ E0/
Trax_1208882 Vacant 1884 vs. Rogue Trooper : @0/ A0+ A0/ @1/ @2+ C0/ D3\ E3\ F1+ F0/ G1/ E0\ G5\ H3\
Trax_1210415 Honeybear vs. STrek : @0/ B1/ B2\ C1+ D1\ D2\ D3+ E2+ A4+ B0+ F3\ F4\ @4+
Trax_1210423 pioenroosje vs. klaashaas : @0/ A2/ B1/ A3/ C1+ @1+ B0\ @2/ F2+ A1\ C0\
Trax_1211625 Goonerg vs. Logged Off 9554 : @0/ A0/ @2+ A3+ B0/ A0\ @1\ C0/ D1+ D5\ A4/ E1\
Trax_1212466 Beaupol vs. Rand al*Thor : @0+ @1+ A2\ A0\ @1+ C1+ @1+ C0\ E3\ E1+ D0+ F5+ F4/ G4+ F3+ G6/ H5\ F2+ G3+ G2+ H3\ I4/ F1+ I2/ J3\ H1+ D0/ I1+ H0/ F9+ C8+ G9+ H8\ I8/ J4+ K4/ K3/ L3/ J2/ G0+ D1\ L3\ C2/
Trax_1213364 Kevin vs. Goonerg : @0+ @1+ B0+ B3/ @3\ A1/ B4/ D2/ C0+ B0/ B0/ D2+ @4/ F1/ D0+ F4+ G4\ B4+ G6\ G3+ H5\
Trax_1214354 Whistler Gandalf vs. MIA 29892 : @0+ A2+ A0+ A4+ A0+ @5\ C4/ C2/ D3/
Trax_1214367 Nan54 vs. hoot : @0/ A2\ B1/ B0+ C1+ A0\ @1\ D3+ B0/ C1/ E4\ D5/ C6\
Trax_1214617 Rogue Trooper vs. Goonerg : @0/ A2/ B1+ @2+ B0/ C4+ D1\ B0/ @2+ C6/ B6/ E0/ F3\ B8+ D7+ B9+ A7/ @6+ @5/
Trax_1214635 klaashaas vs. Phil The Hat : @0/ A2\ B1/ @1/ @2\ B0+ B0/ C5+ D5\ E5\ @3/ F6+ G4+ A6+ C7+ @5+
Trax_1216944 McStack vs. Chad : @0/ @1/ B2/ B3/ B0/ @2+ D4/ C5+ E4/ B5/ C0/ @2+ B4/ E1+ A5/ A6/ C0+ @6\ B4+
Trax_1216967 Freight Train vs. Honeybear : @0+ @1\ @1/ B2\ D1\ B0\ C0\ @2/ E1/ F1+ E0\
Trax_1217001 Stinger vs. Whistler Gandalf : @0/ B1\ B2\ C2+ C3+ D1/ B0+ D3+ B0+ B0/ C1/ D2/ C7+ C0/ D1/
Trax_1217048 STrek vs. FujiTape : @0+ B1/ B2/ C2\ B3+ @2/ A3/ @3/ A4/ @4/ C5\ F0/ G2+ G4\ G5+ H4/
Trax_1217080 Adam vs. pioenroosje : @0/ A2/ B2\ B3\ @2/ D2+ B3+ B4/ C5\ D5\ E2\ F3+ D6\ G5+ @2/ B0+ D1+ F2+ F8/ G3+ H4/
Trax_1217369 ejd vs. Marko : @0+ A0/ A3\ B2/ C2/ C1/ C4\ D2+ B5/ A5/ @5/ C0+ A2\ @4/ E7\ F6/ G4/ F7\ G7\ @3+ B1\ D0/
Trax_1218081 Kevin vs. Goonerg : @0+ A0/ A3\ B1/ B0/ C1/ C0/ D1/ A0+ @4+ F4+ A6/ C7/ G3+ F8\
Trax_1219136 Kevin vs. Goonerg : @0+ A0/ A3\ B1/ B0/ C1/ D2/ A5\ E4+ C6+
Trax_1219153 Marko vs. goldfreckles : @0+ @1\ B2/ C1\ @2/ B3/
Trax_1223467 pioenroosje vs. B Line electric streetcar : @0/ A0/ B1/ B0/ C1/ @2/ D0+ D0/ E3/ A1+ C0/
Trax_1223487 Whistler Gandalf vs. Barbie : @0+ B1+ A2\ B0/ C2\ D2\ E1/ E0/ C5+ E4+ F3+ G4/ B6/ A5+ A6+ @6+ @6\ A5\ A4+ @4\ I5+ A6/ H6+
Trax_1223489 Stinger vs. Goonerg : @0/ @1/ B0/ A3+ A4+ C2+ C4/ C5/ A0\ @3+ E2\ D1+ E5/ F4\ G6+ E7/ D7/ F8+ F9/
Trax_1223523 Geri39 vs. drgnrdr : @0/ A2\ B1/ @1/ C2\ D1/ D2+ C0+ D0+ D5\ C5/ E4+
Trax_1223557 Rogue Trooper vs. Aphrodite : @0/ @1+ B0\ @2/ A3/ @2\ B1/ E2\ E3\ B4+ C5/ E6+ F6\ A4/ @5\ G7\ H7\ D7/ F8/
Trax_1223566 Kevin vs. Phil The Hat : @0+ @1\ C1\ A2+ B0+ C3+ B4\ A5/ @5+ A6/ B6+ C7/ E4\ E5\ E8+ B8+ F7+
Trax_1224015 Morticia vs. Mististar : @0+ @1+ A2\ A0\ @3\ C1+ A4+ D2+ A5/ @5/ A2+ F2+ @4+ C0\ @6/ B7\ E7\ C1+ F5\
Trax_1225512 Keizer Soze vs. Whistler Gandalf : @0/ B1\ A2/ @2+ @1/ B0+ B4/ @2\ A3+ D0/ E1/ F2\ F3+ G2/ A6/ @5\ G4/ F5\ F6\ E7+ I2/ E0+ D1+ E0/ G2+ B3+ B2\ C1\ F0\ A3\ @6+ C2+
Trax_1225540 drgnrdr vs. goldfreckles : @0+ B1/ C1\ B2/ B3/ B0/ @1/ B0+ A5/ RESIGN
Trax_1225619 Allison vs. Marko : @0+ A0+ @2/ C2+ B0/ B4+ C1\ D3\ D4\ B5/ D2/ E3\ @3\ B2+ F1/ G2+
Trax_1225651 klaashaas vs. rabbitoid : @0/ @1/ C1/ @1\ B0/ B0/ A1+ A0+ @3\ C5\ C6\ D1+ D0+ E2\ C0/ F3/ F2/ G2/ G1/ G0+ H1/ G5\ H3+ I3/ F7\ G8/ J3/ I4+ J1/ K1/ I5\ H9+ J8\ K4+ L1/ K8+ K9\ L6/
Trax_1225659 Nanett MIA vs. Adam : @0/ B1+ B0+ C1/ B0/ B0\ A2/ @3\ B1+ E3+ D2+ E2/ B0+ E5\ F3/ C6+
Trax_1226152 Rogue Trooper vs. Aphrodite : @0/ A0+ @2\ B0/ B0/ A2/ C2+
Trax_1227830 klaashaas vs. Rimon : @0/ B1\ B2\ C1+ C3\ D2/ C4\ D0/ E3/ B4+ B1\ B0+ D5+ @3+ G4+ @2/ H6\ F7/ I5\
Trax_1227877 Geri39 vs. Honeybear : @0/ A2\ B1/ B2+ A3/ @3/ C3+ D2/ A2+ C0/ D4\ D2+
Trax_1227884 faith64 vs. Goonerg : @0+ A0/ A3\ B1/ B0/ C4+ D3+ B0/ C6\ D6\ D7\ E7\ E3/ F7\ D8/ B8/ A8/ D9+
Trax_1227938 csain1 vs. Rogue Trooper : @0/ A0+ A3/ A0/ A0/ B4/ @3\ D3+ @2+ A4+ @5\ @4/ E6/ H2\ I3/ D7\ G4\ J4\ H5+ E8/ B9+ @9+ H9+ F10/
Trax_1229536 Isischylde vs. irishmiss : @0/ B1\ A2/ @2+ A3\ B0+ D2\ C3+ B0/ C1/ C0/ A2+ D2+
Trax_1229558 aubug vs. STrek : @0/ A2/ B1\ @2+ C2+ C3\ A3+ @2+ D4/ E3+ F3/ E1+ C4+ F0\ A4+ B1\ C0+ A2/
Trax_1229562 Marko vs. MORRIS : @0+ B1/ @1+ C0/ D1+ E1+ C3/ D0/ C1+ F2+ G2/ G1/ F0/ @4+
Trax_1229563 Honeybear vs. FujiTape : @0/ B1\ A2/ A3/ C1/ A0/ @4/ B5\ C4+ B6/ C5\ D6/ E4/
Trax_1229830 Geri39 vs. drgnrdr : @0/ B1+ A0\ @1\ A2+ D2\ C1+ C3+
Trax_1229853 Keizer Soze vs. Phil The Hat : @0/ B1\ B2\ B0\ B0\ @2+ C0\ D1+ D0/ B1+ E2+ E5+ F2+ G3+ @4/ A6+
Trax_1230696 faith64 vs. Honeybear : @0+ @1\ A0+ B0\ C1+ @1/ D3\ E2/ D4+ A0\ @2/ F1/ G2\ C0/ D1+ E1+ A5/ @4+ C6\
Trax_1230906 Nan54 vs. Beaupol : @0/ B1\ B2\ C2+ B3/ A3/ A0\ @2/ B5+ D1/ B0\ E2\
Trax_1231227 faith64 vs. Honeybear : @0/ B1\ B2\ C2\ C0+ D2/ E2/ E1/ C0\ F4+ F5\ F6+ G4/ B0+ A5/ B6+ G2/ D1+ H2\
Trax_1231458 Tesa vs. Adam : @0/ A2\ B1/ B0/ C2\ C3\ C4/ A4+ D1+ @4/ A2+ F3\ F4\ F5\ C0/ F2/ G2/ E0\ D1\ G0/ H1/ G6+
Trax_1233463 pioenroosje vs. marygal : @0/ A2\ B1/ B2\ C2/
Trax_1233571 Kran vs. Whistler Gandalf : @0/ B1\ A2/ @2+ B3\ C3\ @1/ B3/ B4/ A0+ @2/ B0\ @3/ E1/ E0/ F2\
Trax_1233645 golfnutrof vs. drgnrdr : @0+ B1/ @1/ B2\ D1/ A0/ A4/ @3\ E4\ C5/ F4/
Trax_1234673 Rogue Trooper vs. Aphrodite : @0/ @1+ B0\ @2/ @2/ C1\ D3/ A0\ RESIGN
Trax_1236100 Whistler Gandalf vs. Stinger : @0+ @1+ A2\ A0\ @1+ @1/ B3+ D1/ C0\ B0/ @5/ B6\ @4\ A3\ C2+ F1/ E0\ G4+
Trax_1236200 pioenroosje vs. marygal : @0/ @1\ B0\
Trax_1237692 Nan54 vs. Lyonsgirl : @0/ B1\ A2/ @2+ C2\ B3/ B0/ D3+ D4/
Trax_1239195 Sarah vs. Whistler Gandalf : @0+ A2+ A3+ @2/ C3\ C4+ D4\ B5/ A5/ @5/ E5+ B6+ E6+ E7/ @5+ A6/ B7\ C8/ A2\ @2\ C1/
Trax_1239196 Whistler Gandalf vs. Sarah : @0+ B1+ A2\ B0/ C2+ D2+ E2/ E1/ E0+ F2+ D0\ C1\ E1+ F5\ G3\ @4+ @4\ I5+ B3+ C2+ A2\ A1\
Trax_1239197 Sarah vs. Rogue Trooper : @0+ A0/ A0/ A4/ B1+ C2/ @4+ D4\ C5\ E4/
Trax_1239198 Rogue Trooper vs. Sarah : @0/ B1+ C1/ C0/ C0/ B0/ B0/ @5/ D6/ E5\ B4+ D2/ A1+ @3\ C0+
Trax_1239201 Sarah vs. drgnrdr : @0+ @1/ B0+ C2\ C3\ A1\ @1/
Trax_1239202 drgnrdr vs. Sarah : @0+ B1+ B2/ B0/ C3/ C4+ B0/ @3+ E5/ E4/ C6/ B6/ A6/ F4+ B1\ C0/ @3/ G7\ C8+ H7/
Trax_1239203 Whistler Gandalf vs. Rogue Trooper : @0+ A0/ B2+ B3\ C3+ A3/ B4\ C5/ D2/ D1/ D0/ D6\ @4+ F4+
Trax_1239204 Rogue Trooper vs. Whistler Gandalf : @0/ B1\ A2/ @2+ A0/ @3+ A4/ A5\ B5\ B6\ C6\ D3+ A1\ D4+ @3+
Trax_1239205 Whistler Gandalf vs. McStack : @0+ @1/ A0\ @1\ A0+ B0\ C1+ D4\ D5\ E5\ C6/ F2/ E1\ G5\ G6\ H4+
Trax_1239206 McStack vs. Whistler Gandalf : @0/ B1\ B2\ C2+ C0\ D2+ D0\ E3+ C1\ A2+ E4\ C5/ E1/ F1+ E0\
Trax_1239207 Whistler Gandalf vs. drgnrdr : @0+ @1\ A2/ @1\ A0\ B0+ D3\ D2+ @1\ B0/ A3+ E1/ E0+ F3/
Trax_1239208 drgnrdr vs. Whistler Gandalf : @0+ A2+ A3+ @2/ C1\ @2/ D3\ E3\ C0+ E3/ F2\ E1+ C5+ F0/ G2\ A6/ @4/ F7\ G5\ H6/ F1\ F0\ C1\ D0/ H3/ I3/ G2+ C9+ D10/ I8\ G9+ I4\ J2\ C1\ D0/ C6+ G11/ H7+ E12/
Trax_1239209 Rogue Trooper vs. McStack : @0/ B1+ C1/ B0/ A3/ D2/ C3+ @3+ B1+ B4/ D5/ E4+ B5/ F5/ E6\ @4+ RESIGN
Trax_1239210 McStack vs. Rogue Trooper : @0+ A0/ A3+ A4/ @4/ @4/ A2/ A5/ C6\ D6\ D1/ C7+ @7/ C8+ A2\ @6\
Trax_1239211 Rogue Trooper vs. drgnrdr : @0/ A2+ A3/ A4\ B4/
Trax_1239212 drgnrdr vs. Rogue Trooper : @0+ A0/ @1/ A3\ B4/ C3+ C2+ C5\ D3\ @3+ B5+ B6/ F4\ F5\ @3/ H4/ H3/ H2/ C0\ B1\ A1\ @1+ A0\ H8\ E9+ A5/ @5/ @8+ A9/ A10+ @10/ F11\ G11\ H11+ H12\ J10\ I11+ L9+ M7/ N7+ N6/ N10\ N3/ O10/
Trax_1239213 McStack vs. drgnrdr : @0/ A2+ A3/ @1/ B0/ C1/ @1\ A0\ A5/ @2+ C6/
Trax_1239214 drgnrdr vs. McStack : @0+ @1\ A2/ @2/ C2+ A3\ @2/ A1/ B0\ A0/ C2+ B0+ @4+ D6\ E2+ @2+ A1\ D0/ G5\ A0\ @2/ G1/ G8+ H2/
Trax_1239215 supermac vs. Kevin : @0/ A0/ @2+ @2/ D1+ C0/ D4\ E2\ A2+ F3\ F4\ G4\ G5\ G2/ H3\ F1\
Trax_1239216 Kevin vs. supermac : @0+ B1\ @1\ B2/ @1\ C0/ A4/ @4/ E4\ E5\ F3\
Trax_1239217 supermac vs. Alko : @0/ @1/ A2+ C2/ C1+ C0/ B1+ C0/ C0+ A2+ @2\ C0/ B7+ @4+ @3/ @4\ B5+ A2\ @2\ B1+ D0\ A4+
Trax_1239218 Alko vs. supermac : @0/ B1\ B2\ C2+ D2/ C0+ E3/ C4/ D4+ E0\ B1/ A2+ A4+ D0/ F1+ A1\ D0/ @2/
Trax_1239219 supermac vs. MASHER : @0/ B1+ B2\ C1/ B0\ B0+ D3/ E2\ C5\ B5+ A1+ @1\ A4+ C6+ A0\ @4+ F1\ D8+ D1/ D0/ F7+ H3+ I1/ H0\ E10+ B2\ C1\ @4+
Trax_1239220 MASHER vs. supermac : @0/ B1\ B2\ C2+ D1\ B0+ D0\ A2+ E2+ @3+ A4/ C5\ E0\ D1+ @5\ H3/ G0+ D2+ C2\ A3+ D1+ E0\
Trax_1239221 supermac vs. Goonerg : @0/ @1/ B0/ @2/ @2/ @2/ C3+ C4/ B0+ F3+ D5+ E6/ G3/ A6/ A7+ @6\
Trax_1239222 Goonerg vs. supermac : @0/ B1\ A2/ @2+ B0/ B0/ B0/ C5+ D3+ E3/ C0/ B1+ @3+ @4+ C7+ D0+ B1\
Trax_1239227 Kevin vs. Goonerg : @0+ @1+ B0+ B0\ @3/ A2/ D2\ E2\ F2\ A4/ B5/ A1/ @2\ @2+ A1\ A0\ H5\ I4/ A0+ @1\ I8\ J7/ E2+
Trax_1239228 Goonerg vs. Kevin : @0/ A0/ B1/ B3/ C1+ C0/ B1+ B5/ D2/ D3+ E3/ E4+ E2/ C0/ D1+ B7/ A7/ @4+ F1/ A1\ @6+ H5\
Trax_1239231 Alko vs. Goonerg : @0/ @1/ C1/ D1/ A2/ D0/ D0/ B0+ @1+ @5+ G4+ D6/ G7\ H4\ G8\ A6/ I6+ H8+ H2/ I2+ H1\
Trax_1239232 Goonerg vs. Alko : @0/ B1/ A2/ @1/ B0+ @2/ A3/ C0/ E3/ D5+ B1+ E0/ F2/
Trax_1239233 MASHER vs. Goonerg : @0/ @1/ A2+ @2/ B3+ B4/ B0/ A2+ A6\ D3/ @2/ D5/ F3/ A5+ F4\ G5/ F2/ G2/ H3/ D7+ B7+ D8+ D9\ E1\ E8+ @5\
Trax_1239234 Goonerg vs. MASHER : @0/ B1+ A2/ B0\ @3+ B4\ @3/ A2+ C0+ @2/ B0+ E6+ @4+ D0\ C0/ C0/ D9+ A9\ @7+ F10\ H7/ H9/ G5+
Trax_1239235 rabbitoid vs. Phil The Hat : @0/ A2\ B1/ @1/ A3\ A0\ @2/ @4/ A5+ A6\ B6\ C6+ A7+ @5/ A3/ B2+ D7\ C8+ D8+ C9/ A8/ @8/ G0/ H1/ H0/ D1+ B3+ E0+
Trax_1239236 Phil The Hat vs. rabbitoid : @0/ @1/ B0+ B3\ C2/ A4/ @3\ C0/ C0/ C7\ D6/ E6/ C8+ E7\ E2+
Trax_1239241 Phil The Hat vs. ScoobyRex02 : @0/ B1\ B2\ C2+ B0+ A1+ D3\ D2+ C4+ E1/ C0\ E1+ C0\ E4+ A1\ B0/ @4+
Trax_1239242 ScoobyRex02 vs. Phil The Hat : @0/ A0/ @2+ @2\ D1/ D0/ E1/ E0/ @3/ A0+ @3/ @3+ A4/ @4/ A5/ A6+ @4+ F6\ E7\ H0+
Trax_1239243 Phil The Hat vs. Vacant 1884 : @0/ A2\ B1/ B0+ A4/ @4/ @4/ C5\ D4/ E2/ A3+ B0+ A2\ @2+ @3+ A2\ A1\ A0+ @1+ @1/ B3+ F1/ F0/ I3/ J4\ I0+ J1/ K6/ C9/ C10/ B9\
Trax_1239244 Vacant 1884 vs. Phil The Hat : @0/ A2\ B2\ @2\ D2/ C1+ D1+ C0\ B4+ C5/ @1\ C0+ A5/ E6\ @4\
Trax_1239249 Barbie vs. Chad : @0/ A0/ @2+ A0+ C2+ D3/ @3+ C4+ C5/ D5+ C6/ B0/ @4+ A5/ C7\ A3\ @2/ C5\
Trax_1239250 Chad vs. Barbie : @0/ B1+ C1/ C0+ C0\ A2+ @3/ @3/ B1+ B4+
Trax_1239253 golfnutrof vs. Chad : @0+ A2+ A0+ @1+ B0+ C1\ B0+ A1+ @2\ B0/ B6+ B7/ B0/ B0/ D4/ E4/ A7+ D8+ @6/ F7+ G6\ G2\ H4+ G0+ H2/ I3/ I6+ J6\ B4+ @6\ A5+ L6/ K5+ B2/ J8\ J9+ K8+ @7/ A8/ A9/ C1+ G0+ M8+ @7+ C4+ C2\ C1\ B4+ B5+ @7\ B6\ A5/ A9+ @5/ B11/ A10/
Trax_1239254 Chad vs. golfnutrof : @0+ A2/ B1\ @2+ C3+ C4/ A4\ @3/ E2+ E1+ C5\ E4+ F2\ B6+ E6/ G4+ C7/ F6/ E7+ F8/ E9+ B9\ G6+ H4/ G2+ F1+ F0/ H2+ I5/ I1+ J5/ A10+ B11+ A8+ @9\
Trax_1239257 Chad vs. Aphrodite : @0+ A0/ A0/ @3\ C1/ C0/ D4+ E3+ F1+ D0\ D0\ @1+ B0+
Trax_1239258 Aphrodite vs. Chad : @0/ @1/ B0+ @2/ B3/ D1\ C4+ C5/ B6\ C7/ A5+ @3/ B8/ A8+ E6+ F5/
Trax_1239265 marygal vs. Peachy : @0+ B1+ @1+ @1+ D2+ C2+ B2/ A3/ A0/
Trax_1239364 Buz vs. drgnrdr : @0+ @1\ B2+ C1/ C0/ B0+ @2\ @2/ A3/ A4/ B1+ C5+ @5\ G2/ G0/ H3/ E1\ D0/ F1+ F0/ H1+
Trax_1239521 Marko vs. rockdude : @0+ @1\ @1/ A2/ @2\ B3\ C3\ C4\ A3+ D3+
Trax_1239648 Honeybear vs. irishmiss : @0/ B1\ A2/ B2+ B3+ C3\ @1\ B0/ @3/ A4/ C5\ E1/ C0/ F4+
Trax_1239788 Buz vs. supermac : @0+ B1\ A0+ B3/ A3/ @3+ C4\ D3/ A4/ B5\ @3/ E4\ F3/ A4/ @4/ B2+ D6\ E5+ B5/ C1+ G4\ H4\ B0\ A1\ @4+ G7+ H2+ H1\ F0+ H1+ I3\ I1\ G0\ J4\ J5\ @7\ K9\ L9+ K10/
Trax_1244441 ejd vs. rockdude : @0+ B1\ A0/ @2/ A3/ @3/ E2\ B4+
Trax_1244479 Tesa vs. Misfit Lenrad6672 : @0+ B1\ @1\ A0/ C1/ D1/ C3\ E1\ D2+ B4/ A4/ @4/ D5/ B5/ E5\ D6/ F3\
Trax_1244637 Marko vs. rockdude : @0+ @1\ A0+ A0/ C2/ C3+ C4\ D2/ @2/ B4/ D5\ @3/ A4/ @4/ C5/ A5\
Trax_1246028 Sir Face of the GoldTable vs. drgnrdr : @0+ @1\ A2/ @1\ C2+ B0+ C4/ @2/ A3/ A4/ D5\ E5/
Trax_1246065 Keizer Soze vs. Phil The Hat : @0/ A2+ B1/ B0/ C1+ B4/ D3+ B5/ B0/ @4/ F5/ A1+ @4/ C0+
Trax_1246122 Bashfull28 vs. drgnrdr : @0/ B1+ B0\ C2\ C3\ D3\ D4\ D1/ C5/ E1\
Trax_1248271 MsLady vs. klaashaas : @0/ A2/ A3\ B3\ A0\ @1\ A0+ C2\ D4/ A5/ A6/ @2\ A3+ @3/ A4/ C0\ C0\ C0\ D3+ A1\ @4\ C0\
Trax_1248350 Kran vs. Goonerg : @0/ @1/ B0/ @1/ D1+ E1/ E0/ C4+ C1\ E0+ B2+ E5\ F4+ E6/
Trax_1248351 SarahMills vs. Whistler Gandalf : @0/ B1\ A2/ B2+ C1/ C0/ C0/ D3\ D4\ D5+ E5\ A2+ @3+ C0\ B1\ D0/ E1/ F3\ F6+ G5+ G7\ C0+ G1/ D0+ H3/
Trax_1248404 buttercups vs. Rand al*Thor : @0/ B1\ A2/ B2+ B3+ C2/ B0+ A1+ C0/ D2+ D1+ E3/ @3\ F4\ F5+ G4/
Trax_1248406 Marko vs. Scorpius : @0+ @1+ B2/ B0/ B0/ C3+ D3\ D1\ C0+ @4+ B3+ @4+ E5+ F6/ D7/ C7/ B7/ A3\ D1+ G2\ B1+ C8+ @6+ C0\ B1\ A4/ A9/ @7/ D10/
Trax_1248418 Freight Train vs. drgnrdr : @0/ B1+ A2+ A0\ @1/
Trax_1248419 Abaitha vs. STrek : @0/ A2/ A0\ @2+ A4/ @3+ @3/ A4/ B2\ C1\ B1+ C0/ A2+ E3+ F3\ F5+ C6/ G4/ H4/ H2+
Trax_1248509 hANDYman the Rebel vs. * Sassy_Angel * : @0+ B1\ B0/ C1/ @2\ A1+ C0/ C4+ @2+ E3\ F4/ @2/ A3/ C4+ E5/ A4+ G5\ D6\ H4\
Trax_1248720 rabbitoid vs. Phil The Hat : @0/ A2+ B1/ @1/ D1/ A0+ D0\ D5+ E4\ E2+ D6\ E6\ F3+ B1\ B0\ @4/ B6/ C7/ C8/ B8/ A8/ @8+ E9\ F9+ C10+ B1\ A2/
Trax_1248721 Rogue Trooper vs. Sarah : @0/ B1+ C1/ @1/ B0/ C3\ D0/ E1/ A1\ C0/ @2/
Trax_1250993 Adam vs. Chad : @0+ A0+ A0+ @3+ C2\ B4/ A2\ D3/ C4+ D5/ B6/ A6/ @6/ @6+ A7/ A8+ E7\ F7\ G7\ @7+ A5+ E8+
Trax_1251128 Megababe vs. the nutter : @0/ @1/ A0+ @2\ @2\ C0\ A2+ B1+ E2\ A1+
Trax_1254883 Slypher The Sky Dragon vs. drgnrdr : @0/ B1+ A0\ @1\ A0\ D3\ D4\ C2+ A3+ @3/ @2/ G4\ E5/ G2/ H3\ D0+
Trax_1254906 Rogue Trooper vs. immitzi : @0/ @1/ B0/ B0+ @3/ A4/ C0/ B1+ C6\ D5/ B7+ C8/ C9/ A0/ @2\ A7+ B0/ @7+ A2+ @5+ F0/ G3+ C1\ B1\ E0\
Trax_1256758 Rimon vs. Marko : @0/ B1\ A2/ @1+ C2\ B3/ A0+ @2/ D4+ E3\ D5+ E1/ RESIGN
Trax_1256803 ejd vs. Marko : @0+ A0+ B2\ A0+ C3/ C2/ B1/ @1\ C0/ D1/ E1\ C0+
Trax_1257002 Nanett MIA vs. Goonerg : @0/ B1\ B2\ C1\ C2\ @1/ E2+ E3+ F2+ D0+ C0/ B1+ C5/ B5+ B6/ C6+ F3+ G2\ F1+ C0/ C0/ E1+
Trax_1257984 Marko vs. Tesa : @0+ @1+ B0+ B3/ B4\ C4/
Trax_1257995 Marko vs. Tesa : @0+ @1\ A0\ B3/ @1+ A0\ B1+ @1/ E3\ E2+ C5/ C6/ E5\ F5\ B5/ A5/ A4+ A6\ F4/ G5/
Trax_1257996 Tesa vs. Marko : @0+ A0+ B2/ @2\
Trax_1259097 Buz vs. drgnrdr : @0+ B1/ A2+ @1\ C0/ @1/ C0\ A4/ @3\ C5+ B6\ A4+ E4\ F5/ G5/ A5+ @5/ G1/ F0\ A5+ G3\ H2/ I3\ I4+ J5/ K4\ F7+ D8/ F0/ G2+ B3\ E2+ A4\
Trax_1259136 Keizer Soze vs. Whistler Gandalf : @0/ A2\ B1/ B0+ @1/ C0+ A1\ @2/ E1/ C0\ C0+ B1\ A2+ C0+ E1/ F2\ D0+ E6\ F4\ D8+ F7\ G7\ G8\ E9/ H7+
Trax_1259534 Lilac Oyster vs. Misfit Lenrad6672 : @0+ A0\ @1/ B0/ C2\ @2\ A1\ A0\ A0+ @2/ C5+ A1\ D6/
Trax_1260990 B Line electric streetcar vs. klaashaas : @0+ A0+ @1+ B0\ C3/ D2\ C1+ C0\ @2/ F2\ A4/ @3/
Trax_1261052 pioenroosje vs. drgnrdr : @0/ B1+ C1/ A0/ @2/ C3\ E2+ F3/ B4/ D4+ C5/ E5+ B5+ A5/ @5/ G6/ H3/ A2+ H1/ H0+ I3/
Trax_1261108 umlayla vs. SweetCindyJo :
Trax_1261294 Amanda vs. bigdan409 OTWP : @0+ B1/ A2+ @1\ A0\ B0+ D2+ B0/ @2\ B1\
Trax_1261614 csain1 vs. supermac : @0/ B1\ B2\ A2+ @2/ A3/ @3/ D4+ A1\ @1\ C0/
Trax_1261620 karosel MIA vs. supermac : @0+ A2\ B2/ B1/ C1/ B0\ B0\ A2\ @2\ A1\ B0\ @4\ A2\ A1\ @1\ A0\ G1/ D0+ H5\ I4+
Trax_1261903 BrnIdGirl vs. supermac : @0/ A2\ B1/ B0+ @3/ B4\ C4/ A1\ B0/ @4\
Trax_1262139 Amanda vs. sandie : @0+ @1/ B0+ C2\ A3/ @3/ C4\ B5\ C0+ C6+ D6\ E6\ C7+ F6\ C8+
Trax_1262141 Amanda vs. supermac : @0+ @1/ B0+ B3+ C3\ D3\ B0+ C2/ A1\ @1\ C5+ C6\ F4+ E1+ B0+ E1/ F6\ C0/
Trax_1262195 Trist vs. supermac : @0+ @1/ B2/ A2/ A3/ C1\ @3\ D4\ E3/ A2\ @2\ B4+ A1/ D0/ G4/ B1+ D0/ B1+ F4+ B0+ F7+ B0+
Trax_1262524 FujiTape vs. Rimon : @0/ B1\ A2/ @2\ C0/ D1/ D2+ E2+ D3/ B4/ B5/ D4+ E4/ @3+ B2+ B1\ D0/ A3+
Trax_1263711 Nan54 vs. Sarah : @0/ B1+ @1\ B0/ A1+ B0/ C0/ D2\ C5\ D4+ B6/ A6/ @6/ B1\ C0\ A2/
Trax_1263712 Nan54 vs. Sarah : @0/ B1+ A0\ @1\ A0/ D3+ D2+ B4/ E2\ C1/ F3\ E4/ D5\ A4/ @3/ E6\ @3\ A2\ @2\ A1\ A4/ C0/
Trax_1264397 Dave (UK) vs. Honeybear : @0/ B1\ B2\ C2+ B0+ A1+ B0+ D4/ C5+ @3+ A4/ A5/ C6/ B6+ C7+ F2/ D1+ C0/ F2+ G4\ G5\ E7+ A8/ @7\
Trax_1264417 SarahMills vs. B Line electric streetcar : @0/ @1/ B2/ C1+ D2/ A2+ E1/ C0/ B1+ A4+ A5+ B4+ @3\ F4\ G2/ F5/
Trax_1264793 Keizer Soze vs. Phil The Hat : @0/ B1\ A2/ A0/ B3\ A4/ @3+ D2+ @3/ @3/ G2\ G4+ D5/ E0\ A7/ @6\ H2+ B3+ G0+ I1/ H0\ D2\ C4+ E1/
Trax_1265380 Kevin vs. Phil The Hat : @0+ @1/ C1/ D1/ C2/ D0/ A4/ C4+ @4\
Trax_1265381 Phil The Hat vs. Kevin : @0/ A0/ B1+ @2\ B0/ D2\ E3/ D1+ A1\ A0\ D5+ F5\ F6+ F2/ @3+ F1/
Trax_1265386 Phil The Hat vs. McStack : @0/ A0/ B1+ A3/ A4/ C4+ C5\ C6+ D6\ @1\ B0/ A7/ @4+ B8\
Trax_1265387 McStack vs. Phil The Hat : @0/ @1/ B2/ B3/ B0/ C4\ C5\ @1+ C0/ @2/ E7/ D7/ D8/ C8/ F8\ D9+ F1/ C10/ G6\
Trax_1265388 Phil The Hat vs. Aphrodite : @0/ A0+ A0\ @1\ A0\ @4+ D3\ C0+ D1/ E5/ F5/ F3\ G4\ F6\ E7+ H5\ H6\ B7/ D8\ F1/ D0/ G3+ H4/ I7\ I8\ H9+ G10\ H2/ I5+ H1\
Trax_1265389 Aphrodite vs. Phil The Hat : @0+ @1+ C1\ C2\ C3+ @1+ B3/ @2\ B0/
Trax_1266500 Goonerg vs. rabbitoid : @0/ @1+ A2/ A0\ @1\ A0\ @1\ C5/ D4+ A0\ @4+ A7/ @7/ C8+ C9/ C10/ D9+ E7+ G6/ A3/ A11/ A12/ @11\
Trax_1266502 SarahMills vs. Goonerg : @0/ @1/ B0/ @2/ B3+ D1+ D0/ A5\ E3+ @2\ C1+ E0/ A5+ F2+ G2\ E6+ E7/ G6\ G7\ H4\
Trax_1267593 Amanda vs. FULL moon CRAZY : @0+ @1+ A2\ A0\ @1+ C1/ B0\ @3\ B4+ C5+ B6\ A5+ D5+ @4+
Trax_1267765 Amanda vs. drgnrdr : @0+ B1/ A2+ @1\ A0\ D2/ B4+ B0+ C5+ C6\ E2/ E3+ D5+ F3\ A4+ F6\ D7/ G6/
Trax_1267935 Trist vs. drgnrdr : @0+ B1\ @1\ A2\ @1\ C0/ B0/ D5/ C1+ D1/ E1/ E5\ D6/ E3/ F4\ C5+ F5\ F3+ D0/ G5+
Trax_1268114 karosel MIA vs. drgnrdr : @0+ B1/ A0\ A0\ A4/ @2+
Trax_1268192 csain1 vs. drgnrdr : @0/ B1+ C1/ B2\ A3+ D2\ D3\ B4/ @4\ @2\ A1\ A0\ @1\ B5+ B0+
Trax_1268322 dolly vs. drgnrdr : @0+ B1\ A0/ C1/ C0/ C4\ D2+ C0/ @3/ C1\ C0\ C6+ E6+ A6+ D7\ F4/ F6\ G4\
Trax_1268362 What did you say vs. Honeybear : @0/ B1\ B2\ C2\ B0\ B4+ A3/ @3/ A4/ C5\ D0/ E3+ A1\ @2+ C0/
Trax_1268368 STrek vs. klaashaas : @0+ @1+ A0/ A3/ @3+ @2/ B1+ B0/ C1/ @2/ B1+ @2\ D0+ G3+ F1+ H3+ B4/ D0/ F6+ I4\ F7\ B7\ A6+ I3+ G1+ A3\
Trax_1269312 BrnIdGirl vs. drgnrdr : @0/ A2+ @1\ B0/ C1\ B4\ C4\ A1\ B0/ D3+ E3\ E1/ F3\ E0\
Trax_1269818 marygal vs. Peachy : @0+ B1\ B2+ @2/ B3+ B4/ A3/ @3/ D4+ B4+
Trax_1270278 Phil The Hat vs. csain1 : @0+ A2/ A0\ @1\ A4\ B5/ A6\ @4+ D5\ B0/ @2\ A1\ C0/ D1/ E4/ C0+
Trax_1271730 Misery Midnight vs. RubyJoy : @0/ A2\ B1/ B0+ A4/ @3\ @1\ A0\ D4\ E4\ D6/ B1/ A0\ C7+ E8\ F6/ E4/ B6+ A6/ @3+ C7+
Trax_1272221 Lorraine of the Renegades vs. klaashaas : @0/ B1/ B0/ B0/ C1/ A0+ @1\ B0\ A1+ @3+ D1+ A6\ @4/ A5/ C6+ @4/ C1+ A3\ F0/ @5\
Trax_1272335 marygal vs. CHESSCATJAY : @0+ B1/ A2+ @1\ A0\ D1\ A3+ D0/ E1/ B5/ E2\ F1/ C4\ A6\ D4\ @5\
Trax_1272553 DINGEROO vs. Honeybear : @0/ B1\ B2\ A2+ C1/ B0\ D3\ C4/ E2/ D1\ C0+ A1\ B0+ @2/
Trax_1272589 * Sassy_Angel * vs. cctiger2000 : @0/ @1\ A0/
Trax_1272641 geomomo vs. Goonerg : @0/ @1/ C1/ D1/ C0+ A3/ @3/ A4/ @4/ C5\ G2/ H2/ @2+ E0+ @5/ A6/ B7/ B8/ A7/ G1+
Trax_1272765 marygal vs. Allison : @0/ B1\ A0/ B3/
Trax_1272826 marygal vs. Allison : @0+ @1\ C1\ C0\ B3/ C0/ D1\
Trax_1274298 Beaupol vs. Adam : @0+ @1+ B2/ A0\ @1+ B0/ C1/ B5/ A5/ @3\ @5+ C6/ F3\ @4/
Trax_1274641 Marko vs. Allison : @0+ @1\ A0\ C1/ A0+ B0\ @1\ A0/
Trax_1274781 Tigger vs. Marko : @0/ B1\ B2\ C2\ A0/ B0\ A0/ @4+ A0\ @2+ E1/ E0+ F2\
Trax_1274786 marygal vs. Allison : @0+ @1\ C1\ C0\ A0\ @2/ B4\ E2/ E1/ C0\ B1\ F2/ E5\ D6/ C6+ D0+
Trax_1275256 Tesa vs. drgnrdr : @0+ B1/ A2+ @1\ C0/ @2\ C0/ A4/ @2/ C0+ C0\ D7+ E7\ F5/ @3+ E8/ B7/ A7/ @4+ G2/ G1/ H3\
Trax_1275285 drgnrdr vs. Allison : @0+ @1\ A0\ B0/ C2\ D2\ A4/ @4/ F2\ A2\ @4/ E1/ E0/ D5\ C6/ H3\ F1+ I3/ F0\
Trax_1276304 Kran vs. Whistler Gandalf : @0/ B1\ A2/ @2+ B0/ @3+ B4\ A4/ A5/ E1/ E0/ D4\ F2+ F5\ B1\ D6+
Trax_1277317 STrek vs. Whistler Gandalf : @0+ B1\ A0/ @2/ C3\ C4+ D4+ D1/ C0\ E4+
Trax_1277362 FujiTape vs. Lillie : @0/ B1\ A2/ @2+ C2\ C3\ C4\ A0\ @2/ C0/ D1/ A2+ E2+
Trax_1277391 pioenroosje vs. klaashaas : @0/ @1/ B0+ B0\ C2/ D1\ C3+ D4/ B5+ C6/ D5+ @5\ B6+ @6+ D7+ @5/ @5/ A7+ D3/ C2+ B8\ C7+ E8+ A3\ @2/ C9/ B8+ A8\ E0+ C1+ C0\ B1\ B0\ @1+ B0+ E1+ F1/ C13/
Trax_1279477 B Line electric streetcar vs. golfnutrof : @0/ @1+ A2\ @2\ @2\ B0+ B0\ D2+ E3\ C5\ @5+ A6/ F4+ C7+ D8/ B8+ F6\ G5/ E7+ B9/ E9/ G6\ H4\ D10\ H3/ G2+ I4/
Trax_1279511 Stinger vs. Goonerg : @0+ A0/ A3+ @2/ C2/ B4/ @4+ B5+ C0/ C0/ B1+ A2+ @2/ @4+ F2+ A6/ C8\
Trax_1279527 * Sassy_Angel * vs. REBEL DJ : @0/ A2+ B1/ A3/ A4\ B4\ C4\ @2\ E2\ B5/ A4+ F2\ E3+ C6+ E5+ B0+ @4+ A2+ C0\ E2+ @4+ F1+
Trax_1279584 Alko vs. klaashaas : @0/ @1/ C1/ C2/ D1/ A2/ D0/ D4/ E2+ B4/ B0+ @2\ @2+ A1\ D0\ A6+ @6/ @6+ D7/ @4\ A3\ I1\ I7+ E8+
Trax_1279601 SarahMills vs. Morticia : @0/ A2\ B1/ B0+ B0\ @1+ @1+ C0/ C0/ E1+ F1/ C0/ G2/ F0/ B1\ D8\
Trax_1281673 marygal vs. keops : @0+ B1/ A0/ @2/ B3\ B4/ D2/ D1/ C0/ A2+ E2/ D1/ D0\ B1+ @3/ A2+ D0\ A1\ C0/ @3\
Trax_1281843 Beaupol vs. Honeybear : @0+ B1\ A0+ @2/ A3/ A4+ @2+ E4\ D5/ F3/ F2/ F1/ B5+ G2+ B6+ D0+ G6\ H5+ E7+
Trax_1281872 Morticia vs. Nanett MIA : @0/ B1/ C1\ C2\ B0+ A3+ B4/ C4+ C1+ B0+ D4\ C6+ C7/ A6+ @5+ A4\ F2+ E6+ @4\ @5/ A6/ A7/ A8+ @8/ B3+ A5+ @7\ E1+
Trax_1282426 What did you say vs. keops : @0/ B1/ A0\ @1\ D1\ B0+ B4+ A4/ @1/ C0+ F5\ RESIGN
Trax_1283476 keops vs. MIA 29892 : @0/ @1+ @1+ B0+ B3/ A1+ @1/
Trax_1283624 keops vs. MIA 29892 : @0/ @1+ B0/ A3+ @1\ B4+ B0\
Trax_1283857 goldfreckles vs. Rand al*Thor : @0/ B1\ B2\ A2+ @2\ B3/ B0+ A0/ @2\ A1\ B0/ move
Trax_1283865 keops vs. Abaitha : @0/ A2\ B2\ A0+ @2/ B4+ @4/ A5/ A1\ A0/
Trax_1284099 drgnrdr vs. keops : @0+ B1\ B2\ @1+ C0/ D1/ A1+ @2+ C0+ D0\ D6\ E5\ F2\ G1/ E0+ F5+ G4+ H2+ H1/ G0/ I4/ B3+ A3/ H6+ I1/ J2+ G0/
Trax_1284320 SarahMills vs. Marko : @0/ A2\ B1/ B0+ A0/ @2+ @2/ D4+ A4/ B5+ @4\
Trax_1285590 drgnrdr vs. CHESSCATJAY : @0+ @1\ A2/ @2/ B3/ @2\ A1\ @2\ E3\ D4/ E0/ F3\ C1\ C0\ D1+ @4/ C5+ G5+ H4\ G1+ C2\ I2+ I0/ J2\ J4+ I6+ D1+ C2+ A6/ B7\ E8/ F1/ G0\ K3/ K2/ A8/ C9/ D10\ K5\ D1/ L3\
Trax_1286080 Whistler Gandalf vs. Keizer Soze : @0+ @1+ A2\ A0\ @1+ @2\ B3+ D4/ D5\ E3+ C5+ A4+ D1+ @5/ B6+ A6+ A7/ D6\ C7/ C8/ A4+ @4+ @4\ A3\ @3\ A5/ B2+ @5\
Trax_1286121 geomomo vs. drgnrdr : @0/ A2+ B2\ @2\ @1/ E2\ E3\ F1/ E0+ B4+ C1+ D5+ @2/ C0+ D1+ D0/ A7/ E8/ @6/
Trax_1286139 Sarah vs. Goonerg : @0+ A2/ A0+ @3+ @3/ C4/ D3\ B5\ D5+ D2+ E4\ F5/ D6+ F6\ G6\ C7\ B7+ C8+ D8\
Trax_1286158 STrek vs. buttercups : @0+ @1+ A0/ A3/ @3+ D1/ B0/ B5/ A1\ @1+ B0/
Trax_1287915 Sarah vs. drgnrdr : @0+ @1/ B0+ C2\ C3\ @3\ A4+ E4/ D5\ B1\ F2\ A1\ @2/ E1/ E0/ D0+ A1\ @5\ B0/
Trax_1287920 Sarah vs. keops : @0+ B1\ A0+ @2+ B3+ A3+ @3/ B4\ B1\ B0\ A3+ C0/ D2\ E3+ E5\ RESIGN
Trax_1288696 hANDYman the Rebel vs. Dania59 : @0+ @1/ C1/ C0/ @2\ A1\ C0/ B4/ B5+ E2+ F3/ E4\ E5+ C6/ C7/
Trax_1288780 Goonerg vs. Kevin : @0/ A0/ B1/ C2/ B0/ @2/ D1+ D4\ E4\ F4+ E2+ F2\ E1/ C0/ G2+ A0+ @1\ F1/ B0/ H3/
Trax_1289367 * Sassy_Angel * vs. Marko : @0/ A2\ B1/ B0+ @2+ C3+ @2+ B3+ C4\ E3/ D0\ B6+ A6\ A5+ A2+ A0+ E3\ F4+ @4/
Trax_1291021 STrek vs. Logged Off 9554 : @0/ @1/ B0+ C1+ A0\ @1\ B4/ A3+ @2+ A4/ B5+ @2\ B1\ A3+ @4\ A5+ C6+ @5+
Trax_1291042 SweetCindyJo vs. Lance : @0/ @1\ A0/
Trax_1291734 keops vs. kleese2 : @0/ B1+ B2\ B3+ C2+ A4\ A0\ @2/ E3/ C1+ C6\ D4\ D1+ E0\ B7+ C1\ C0+ F5+ E7+ G5+ G7\ H5+
Trax_1292295 Morticia vs. Stinger : @0/ B1/ C1\ C2\ B2+ A0+ A0\ @1\ @2+ B4+ F4+ @4/ B5+ C5+ G2/ E1/
Trax_1293220 * Sassy_Angel * vs. Abaitha : @0/ A2\ B1/ @2\ B0+ @2/ B4+ B5\ D4\ E3\ C0\ @4/ E6+ E7\ F7\ G4/ G6+ H4\
Trax_1293242 Pammie vs. keops : @0+ B1/ A2+ @1+ B3+ A3+ C3\ D1/ A4+ A0/ D5/ A6/ E5\ E6\ D7\ F3+ E1+ C0\ C9/ A1\ @1\ F0/ G1/ H3\ H4\ I5/ J1/ G0/ K4\ D0\ C1\ I1/ J1/ G0/
Trax_1293267 buttercups vs. drgnrdr : @0/ B1+ @1\ B0/ D2/ E1\ C3+ B0\ A1\ B5\ @3\ F4\ G3/ H3/ B4+ @2\ D0/ E2+ J4/ A5/ @3\ C6/
Trax_1293272 Beaupol vs. Phil The Hat : @0+ A0\ A3/ @3/ B4+ B5\ C3/ B6\ @3/ @1+ A0\ A0+ @3+ E1/ F2/ D0/
Trax_1293295 Honeybear vs. geomomo : @0/ A2\ B1/ A0/ C2\ C3\ D3\ C1/ C4+
Trax_1293307 Morticia vs. pioenroosje : @0/ A0/ B1+ B0+ C2+ A4+ B5/ C4\ C5\ B6/ D4+ C1+ C0/ @5/ A4+ @3/ A7/ @5/
Trax_1293693 Keizer Soze vs. Phil The Hat : @0+ A0\ @1\ @1+ A0+ @2+ E2\ E1+ F3\ D4\ C4+ F2+ A4/ B5\ @3+ B5/ B6+ D6/ F5+ @5/ B6+ A6+ B7+ C7+ C8+ I1+ @6/ J2+
Trax_1294072 the great snowqueen vs. keops : @0+ B1/ @1+ @1/ @1\ A0\ D1\ B0+
Trax_1295481 Abaitha vs. supermac : @0/ B1\ B2\ A2+ @2/ A3/ A4/ A5+ A6\ D2\ @5/ F1/ F0/ F6+ E8/ G4/
Trax_1297838 faith64 vs. SweetCindyJo : @0+ B1+ A0+ A0/ A4\ B2/ C2/ B1/ B0/ C2/ C1+ D2\ D3\ B0/ @2+ @2\ C0+
Trax_1297856 Honeybear vs. Sarah : @0/ B1+ A0\ @2/ B3/ A3+ A4\ @3+ D5\ E5\ C6/ B6/ A6/ E2+ @6/ C7\ @5+ A2\ B1+ B0/
Trax_1297863 Nanett MIA vs. klaashaas : @0/ B1/ C1/ C0\ B1\ B0\ B4+ B5/ D4\ D5\ D6\ C7+ D1/ E2/ C0/
Trax_1299738 Goonerg vs. csain1 : @0/ A0/ @2+ A0/ @3+ @3\ A2\ A1\ A0+ C1+ E3+ F3\ F5+ G3/ G2/ H2+ D2/ H4\ B0\
Trax_1299759 SweetCindyJo vs. Judy : @0/ A2+ @1\ A0\ B1+ A0/ B1/ C4+ B5/ A4/ @4/ C0/ D6\ D2+
Trax_1299816 Morticia vs. klaashaas : @0+ A0+ A3+ @2\ C2+ B0\ @1+ D1/ A0+ @2\
Trax_1301416 marygal vs. Sarah : @0/ B1+ A0\ @2/ C1+ A3+ C0/ D2+ D3+ E3+ D4+ B5/ A2+ @4+ D0\ @5+ B3/ H4+
Trax_1301837 keops vs. Dawnas AZ : @0/ A2+ @2+ B3+ C2+ B4\ C3\ D2/ E3\ C4\ A4/ B5\ @3+ @3/ B5+ B6\ C7/ E6+ A7/ @5+ C8/
Trax_1303524 Jane vs. Misery Midnight : @0/ B1\ B2\ A2+ @2/ C3\ @2/ B1+ E3\ B0+ D5+
Trax_1304096 Chad vs. Rogue Trooper : @0/ A0/ A0/ @3+ @2+ D3\ C4/ C5/ D5/ E2+ F2\ G2\ H2\ G4+ C6/ F7\ G7\ C8/ A3/
Trax_1304138 Dave (UK) vs. Whistler Gandalf : @0/ B1\ B2\ C2+ B0+ D2/ B0+ A2+ C5+ C6/ B6/ A5/ B7+ C8/ D8+
Trax_1304139 klaashaas vs. Stinger : @0/ A2/ B1/ @2/ C3+ D3\ B0+ E4\ E5\ F2+ F1/ F0+ G1/ @4/ E0+ D1+ E0/ A3\ B2\ @4\
Trax_1304204 rabbitoid vs. Adam : @0/ B1\ A2/ @2+ D1/ D0/ @2/ A1+ C0\ B1\ A0/ F1/ E0/
Trax_1304210 MASHER vs. Morticia : @0/ A2\ B1/ B0+ @1/ C0+ C0\ B1\ B0\ D3\ D2+ D5+ C6+ E6+ E5/ E4+ A2+ @3\ B6/ A5+ B7\
Trax_1305193 hANDYman the Rebel vs. Tesa : @0+ @1+ A0/ B3\ B4\ @2+ B4/ C5\ B0/ A2+ D5\ D2+ E4/ B0/ F5/ F4/ E2\ @4+ @4/ A5/ H2+ I3+ I4+ J4\ I2+ J2/ J1\ K3+
Trax_1305194 Tesa vs. hANDYman the Rebel : @0+ B1\ A0+ @2/ A3/ @3/ A4/ @4/ A5/ C6+ @4+ B1+ G5+ F7\ G7\ H5\ @3/ H8\ D0\
Trax_1305196 hANDYman the Rebel vs. Tesa : @0/ B1\ B2\ B3\ C2+ A2/ D2/ B0\ E3\ E4\ C5/ E1/ E0/ F3\
Trax_1306343 * Sassy_Angel * vs. keops : @0/ A2/ B2+ B3\ C2+ B0\ C5/ D5\ C6/ @1\ B0/ D8/ F6/ A5+ E7+ @3+ @5+ G4/ H5+ F3+ I5+ G1/ H3+ G0\
Trax_1306426 STrek vs. Dawnas AZ : @0/ A2/ B1+ @2+ B3/ C0/ B1+ @3+ A2+ D0/ B1+ @4+ F2+ E0+ F6\ @5+ H5/
Trax_1307641 Honeybear vs. geneoo : @0/ A2/ @2\ C1+ A3/ @3/ C0\ B1\ B0\ E3+ A2+
Trax_1307643 Honeybear vs. Beaupol : @0/ A2\ B2\ B3+ C2\ B4+ @2\ C1/ C0+ D1/ E3\ C0+ E6\ F6\ D7+ F4+ C8\ B6+ @5/ G8\ D9\ H7\
Trax_1308346 Whistler Gandalf vs. Zieken : @0+ @1/ A0\ @2/ D2+ E2\ E1/ F2\ C1+ C0+ E1/ F1/ G2/ E0+
Trax_1308347 Megababe vs. Lilac Oyster : @0/ A2+ A0/ @1\ B0/ @3/ A4/ B5/ @2+ B5+ D0/ D0\ C3+ E5+ F2\ F6\ F7\ E1+ B3+ G1/ E0/ D0\ C2/ G5/ B4\
Trax_1308355 Abaitha vs. keops : @0/ B1/ C1\ B2/ A0+ A0/ A4+ C1/ D3/
Trax_1308863 Adam vs. Jane : @0/ A2/ A3\ B3\ @1\ A0\ @3/ A4/ A5/ E5+ @2+ @4/ D6+ E7/ H5\ G8+ I7\ G4/ G3/ G1/ H1\
Trax_1309050 Honeybear vs. Morticia : @0/ A2\ B2\ B3+ @2\ C4+ C1/ D2\ B0+ @1+ C0/ E1+ F4\ A4+ @2\ A1\ B0+ D1+ E1/ E8+
Trax_1309057 Dionysos vs. Morticia : @0+ @1+ B2+ C1+ C0\ D2+ B4\ C4+ E2\ E4+ F3+ @2+ A3\ A1\ A0\ C6\
Trax_1309101 Honeybear vs. streep : @0/ A2/ A0\ @1\ B4\ C4\ D4\ B5/ A5/ A6/ @5\ A4\ B3\ D2\ @4\ A3\ @3\ B0+ A8/ @7\ G8+ E9/
Trax_1309264 Mististar vs. Morticia : @0+ @1+ A2+ @1+ B0+ D2+ B4+ E2+ @2/ A3/ D4\ @3+ H2/ H1/
Trax_1309385 dingbat vs. Morticia : @0/ B1\ A2/ @2+ @2\ A0+ C0\ D2+ @2+ B1+ @3\ B4+ B5+ D0\ E1+ A2+ G3/ E0+ F1/ G1/ H1+ G0+ E0/ H2+
Trax_1309493 DINGEROO vs. Morticia : @0/ A2\ B1/ B0+ C2\ C3\ A4/ @3+ A4+ @4/ B2+ E4/ F3\ E5\ B0\ A3\ @5/ E1+ @3\ A2\ A1\ E6/ G7\ E0+
Trax_1309660 Honeybear vs. Peeky : @0/ B1/ C1\ C2\ A0\ @2/ C0/ D1/ E3\ F3+ E4+ F4+ D5\ B4\ G2\ D0\ D7\ @5/ C6+ G6\ I2/ H1\ @5\ A4\ A3+ @4/ L3\ L4\ J5+ F1+ M4\ F8+ K6+ J7\ I8\ H9\ K7\ J8\ J9\ K8\ H1+ C6+ C7/ F0/ N4+ B3+ F10+
Trax_1309726 keops vs. kittlekitten : @0/ B1\ B2\ C2\ A0/ A0\ @2/ B4+ D5\ E5\ C6/ D7/ F6/ C7+ B7/ A6/ F1/ G1/ B0/
Trax_1309971 Honeybear vs. Scorpius : @0/ B1\ A2/ A0/ A4\ B4\ B5\ C3/ A6/ @5\ C7\ D6+ B8/ A6/ @6/ B3/ F6\ E8/ G3/ F1\ A4\ @6/ C8+ I5+ A5+ D9/
Trax_1310327 pepperbeach vs. Morticia : @0/ A2\ B1/ B0+ B3\ C2/ A4/ @4/ C5/ C0+ C0/ D1/ E2/ A3\ B2+ @5+
Trax_1312692 Kevin vs. klaashaas : @0+ @1/ C1/ C0/ B0/ A1/ B4\ @2+ E2+ E1/ F1/ E0+
Trax_1312703 marygal vs. Donna : @0/ B1\ B2\ B3\ C2/ D3\ C4/ A3\ D4\ D5\ E5/ B5/ B6/ E4/ A5+ E3+ @4+
Trax_1313098 Phil The Hat vs. Adam : @0/ B1\ B2\ C2+ D2/ C0+ C0/ A4+ D0/ E1/ E0/ C7/ C1\ B2/
Trax_1314854 keops vs. Donna : @0/ B1\ A2/ A3/ @2/ C3\ B4/ A3+ D1/ D0/ B1+ E4\ D5+ D6\ E6\ E0\ F1/ F0/ D1+ G6\ H4+
Trax_1315098 Honeybear vs. rabbitoid : @0/ A2\ B2\ C2+ A3/ @1/ C4\ D4\ D5\ E3/ C1+ A5/ @2\ C6/
Trax_1315119 klaashaas vs. Logged Off 9554 : @0/ A0/ B1/ B3+ C3\ A4\ A5\ D5\ D6\ D2+ E3/ D0/ F3\ F2/
Trax_1317167 keops vs. DINGEROO : @0/ A2\ B2\ B1+ C2\ B3+ @3+ @2\ A1\ A0\ B0\ B6+ A6/ @6/ A7/ @5\ F2+ H5\ F6\ F7\ E0+
Trax_1317172 Goonerg vs. Weth : @0/ @1/ B0+ B0\ @3+ A4/ B4+ @1/ A4/ C5\ E5+ F4\ B6+ F2/ G2/ G3+ F0/ B1/ @7/ B8\ F7\ E8\ E9\ H7+ I7/ G8/ I5/ J7/ K7/ K5\ H9+ E10+ G10\ G11\ D11+ B9+ A10\ D12+ I8+
Trax_1317222 drgnrdr vs. Barbie : @0+ @1+ A0/ B3\ A0/ @3+ B0\ A1\ D2/ C1+ D1+ D0+ E2\ A6\ B7/ E1+ C7\ C8+ A1+ E0\ A9/ @9+ D10/
Trax_1317223 supermac vs. buttercups : @0/ B1\ B2\ C2+ B3/ A3/ @3+ A4/ B4+ D0/ E1/ @3\ A2\ A1\ A0+ @2/ B6/ A6+ C7+
Trax_1317248 klaashaas vs. ScoobyRex02 : @0/ A2\ B1/ B0+ A0/ @1+ @1/ B4+ A0/ @1+ D0\ E2+ @2\ C1/ @2\ B3+ A4\ F0+ H1/ F0/ A2\ C1+ @2/
Trax_1317426 Megababe vs. CHESSCATJAY : @0/ A0/ B2+ C2\ A3/ D2\ C1+ D4\ E3/ E0/ F1/ A1\ @3+ E0\ D1\ H2/ G3+ G0/ B8\ E0+ A9/ E0+ B11/
Trax_1317548 bigdan409 OTWP vs. Amanda : @0/ B1\ A2/ @2+ B3\ C3\ D1/ C0\ @3/ A2+ F2\ F3/
Trax_1317932 Jane vs. Morticia : @0/ A2\ B2\ B3+ A0\ @1\ B5\ A4+ @2\ D1+ B0\ A1\ @1\ B5+ F4\ @3\ B6+ H4+
Trax_1318073 sandie vs. Amanda : @0+ B1+ A2\ B0/ C2\ @2/ B4/ C0\ B1\ C5+ E4/ D1+ A1\ @3/ D6\ C0+ G3/ C0/ G3+ A4+ D9+ @5+
Trax_1318638 drgnrdr vs. Amanda : @0+ B1+ A0/ B3\ C1\ B4/ A3+ B5/ C4+ B0\ @3/ A2+ A5/ @3/ F4+
Trax_1318675 drgnrdr vs. karosel MIA : @0+ B1\ B0/ C1/ B0/ @3/ A4/ @4/ C5\ B6\ D0\ C1\ B1\ @4\ C3+ A7/ @6/ B8\
Trax_1318677 drgnrdr vs. csain1 : @0+ A0/ @1/ @1/ B0+ A0/ A0/ C2+ C6\ D6\ B6+ @1/ F6+ F7\ A4\ C7/ F8\ A0\ @2/ E1/ F2\ C0/
Trax_1318844 paganje vs. CHESSCATJAY : @0/ A0/ @2+ C2\ B3/ D1/ C0\ A5\ @3+ D5\ B6\ B0\ A2+ C0/ D2+ E2/ E1/ F4+
Trax_1319077 marygal vs. CHESSCATJAY : @0+ B1/ B2\ C1/ C2+ C3\ D1/ @1\ D0+ @2\ G2/ D0/ F1+ A4/ @4/ D5+
Trax_1319523 marygal vs. Donna : @0+ @1\ A0\ C2+ A3/ @2\ A3+ E2+ A1\ A0\ @3+
Trax_1319630 Judy vs. STrek : @0+ @1\ @1/ B2+ @1\ B0\
Trax_1319660 Goonerg vs. Nanett MIA : @0/ B1+ A2/ @2+ B3/ C0/ B1+ @3+ A2+ @2+ D0+ A4+ F5\ E6/ F2/ G2+ D0/
Trax_1319706 Dawnas AZ vs. SweetCindyJo : @0/ B1\ B2\ A2+ @2+ @2\ D3\ A1/ C0+ @2\ A1\ D0\ F5\ F6\ G6\ B5/ E7\ A5\
Trax_1319739 drgnrdr vs. Trist : @0+ @1/ A0\ @1\ C1+ A2/ @2/ @2/ C3+ @3/ B4\ @3/ F4/ D1\ F0+
Trax_1320672 HeatherN vs. Dawnas AZ : @0/ B1+ A0\ @1\ C1+ D2/ C0+ B4+ B0/ A5/ @3\ D0+ @3/ D7+ C1\ D8+ E0\ F3\ D1+ G5+ B2\ @5\ B2+ @2+ A1+
Trax_1321065 supermac vs. Amanda : @0/ B1\ B2\ C2+ D2/ C0/ C0+ A2+ A4+ C0/ B1+ @3\ @3\ C0\ A6/ @5\ D7+
Trax_1321067 supermac vs. karosel MIA : @0/ A2\ B1/ B0/ @2/ C3+ D3\ E2\ E3\ F3\ D4+
Trax_1321069 supermac vs. csain1 : @0/ @1/ B0/ @1/ C0+ @1/ B3/ E1/ E2+ E4/ D4+ F4+ A3/ F1/ G3\ H4/ G2+ E5+ G5+ D5/ D0\ B7+ I6\ H7/ I3/ J4/ I2\
Trax_1321070 supermac vs. Trist : @0/ A2\ B1/ @2\ B0+ A4\ @4/ B5\ A1\ @3/ B0/
Trax_1322055 Morticia vs. drgnrdr : @0/ A2+ @2+ B3\ C1/ B4\ @2+ C0/ D1+ B1\ B5\ B0/
Trax_1322478 bambam vs. heidibb : @0+ B1\ A2\ @1/ C2+ B3\
Trax_1324145 Honeybear vs. DINGEROO : @0/ A2\ B2\ A3+ B4\ C4+ @3+ A4/ C5\ @2\ B1+ B0\ A2\ @2\ C7/ B1+
Trax_1324149 game_77 vs. marygal : @0/ A2\ B1/ B2+ @1\ B0/ A3+ D3/ B4\ D2+ C1+ C5\ D4+ @3+ @3\ B4+ B1+ C5+
Trax_1324216 keops vs. rabbitoid : @0/ B1\ A2/ A3+ @1\ B0/ B0/ D3+ C5+ B6/ D5\ E3\ E2+ A2+ @2\ A3+ A0\ @2+ B0\ A4+ A1\ @3/ F8+ D0+ F1+ B0/ A2+ G11/ H10+ D1/ E0\
Trax_1324309 mammacat MIA vs. marygal : @0/ A2\ B1/ B2+ C1\ B0/ B4\ C4\ D3\ D4\ C5\ E4+ E5\ E6+ F5/ F4+ B6/ C7/ A5/
Trax_1324313 keops vs. marygal : @0/ B1\ A2/ B2+ A3/ A4/ @2\ @2+ A1\ A0\ C6/ @1+ C0+ E2+ E8\ F7+ B8/ A6+ D9/
Trax_1324641 bubbly vs. marygal : @0+ B1\ B0/ C2\ C3+ C1/ D2\ D1+ @2/ C0\ B1\ A2+ F3/ B0\ @3/ G3/ F6\ G5+ H5\ H6\ G2/ I6+ I7\ F1+ F0/ H2+ J7/ K7/ G8+
Trax_1324741 MomofJade vs. drgnrdr : @0/ A2+ A0\ @3\ A1\ @2\
Trax_1325585 Arctic Warrior vs. ScoobyRex02 : @0/ A2\ B2\ B3+ A0+ B5+ @2/ D3\ B0/ @2/ D3+ D1/ F2+ D0\ C1+ F1/ F0/ G2\
Trax_1326272 FULL moon CRAZY vs. Amanda : @0+ @1+ A0/ A3/ B3+ C2+ @2+ @2+ B1+ F2+ G2\ G3\ @2/ A3/
Trax_1326474 Judy vs. Arctic Warrior : @0+ B1+ B2+ @1+ C3+ @1+ D4+ @1+ E0+ F2+ @2\ H2+ A1/ E4/ G5\ G6/ F0+ E7\ D7+ D8/ C8/
Trax_1326475 muffin man vs. Honeybear : @0/ B1\ B2\ A0/ A3/ B4\ @2/ D2+ A0\ @2/ D6\ C0+ B0\ A2/ F8\ @3/
Trax_1326513 drgnrdr vs. Dave (UK) : @0+ @1/ B2\ C1/ C3/ C0/ D3\ D4+ E1/ E0/ F2+ D1+ C1+ B0/ F6\ G3/ G5\
Trax_1327218 ejd vs. rockdude : @0+ @1\ A2/ @2/ B0\ @3\ A2\ E2+ B0/ F3+ F2\ E4/ C5/ G3+ A0\ @2/ B6/ A5\ D1/ C0\ C8\ A5+
Trax_1328569 marygal vs. Vacant 18505 : @0/ @1\ A0/
Trax_1328775 pipeman650 vs. Morticia : @0/ A2\ B1/ B0+ @2+ C0+ C4\ D2\ C5/ C0+ D5+ C0+ C0/ D1/ B4+ B8/
Trax_1328869 aubug vs. STrek : @0+ @1+ @1/ A2/ A3+ @2+ E1\ E2\ @2\ A0+ E4\ C5\ G3\ G4\ H3+ H1+
Trax_1330858 FujiTape vs. marygal : @0/ B1\ A2/ B2+ @1\ A0\ D2/ D1/ A0\ B5+ B1/ B0/ B7\ D5+ D6+ E5/ D8\ E7/ F7/ @4/ H7\ H8\ G5/ H5/ I5/ A5+
Trax_1330914 SweetCindyJo vs. umlayla : @0/ B1+ A0\ @2/ A1+ C1/ C0/ D3\ B4/ @3\ @3\ A2\ B1/ C1+ C0/ A5/ @4\ E6+ D6/ D7/ C6/ C7+ B7/ G1+ A5/ @6\ B3+ A3\ @6\ J1/ J0/
Trax_1331009 marygal vs. game_77 : @0/ A2\ B1/ B2+ B3+ C3/ C4/ D3\ D2+ C0\ C0\ C0\ A6/ @5\ A6+ E7+ F4+ F7/ C8+ A8\ G4+ G3+ @6+
Trax_1332449 drgnrdr vs. Not Quite Sonic : @0+ A0/ @1/ C1\ A3/ @3/ D2+ C3+ @3/ D0/ F1/ G2+ F0\
Trax_1332862 SarahMills vs. SweetCindyJo : @0/ B1\ A2/ @2+ @1/ B0\ B4+ B5/ A5/ @3\ C0+ C0/ E2/ F3/ E1+ E0\ D1\
Trax_1332902 drgnrdr vs. Beaupol : @0+ @1+ B2/ A0\ C2\ @1+ A0/ C1+ C5/ A4+ E3\ A0/ F6\ E7+ F3/ A7/ G4\
Trax_1333855 Chad vs. Rogue Trooper : @0/ A0/ A3/ @1\ A0\ @2+ D3\ A5/ @3+ C0\ E2+ F2+ F1/ F0/ A2/ F0/ G4+ H3\ F0/ A5/ H0/ I1/ C1\ B2\
Trax_1335135 Linda Sue vs. Not Quite Sonic : @0+ @1\ A0\ B3+ A3/ @2\ A1\ A3/ @3/
Trax_1335361 keops vs. Alko : @0/ A0/ @1+ A0+ @2+ A1+ @1\ B0/ C5\ E3/ D1+ B5\ C6+ E6\ F5+ G4+ D0+ D8+ F8+
Trax_1337948 marygal vs. game_77 : @0+ A2+ A3+ @1/ C2\ C1+ D1+ D0+ B1/ E2/ D0+ E1+ B6+ D5+ D0+ D7/ B8+
Trax_1338131 jbdobie vs. Marko : @0+ @1+ A0\ B1/ A0\ B4/ @2+ D3/ B5\ D2+ D1/ D0+ C0/
Trax_1338191 SweetCindyJo vs. Keizer Soze : @0/ @1/ B0+ @2/ C0+ B4+ D2/ D3+ E3\ D0\ C0/ B2/ E1\ C0/ E3\ F3+ C0/ G2+ D0/ E1/ H3\ F6+ E0/ G2+ I4/ H3+ A6+ @7+ @7/
Trax_1340364 keops vs. drgnrdr : @0/ B1+ A2\ A0/ @1+ C3+ D3\ C4/ A3+ E4/ C5\ B5+ D2+ D5+ F2/ D1/ D0+ @6/ B7+ G5+ H6/ G2/ G1/ D7/ I1/ I0/ J2/ B2+ D1+ A2/
Trax_1341949 hANDYman the Rebel vs. dolly : @0+ @1/ C1/ C0\ C3\ D2/ C0+ B1/ C0+ C0\ B1\ A2\ @2\ @4+ D0+ D0/ D0/ B9\ D10/ F3\ C10/ @9+ D4+ A5\ B4+ @7+
Trax_1342004 Beaupol vs. Whistler Gandalf : @0+ A2+ A3+ B2\ @3/ B4\ D4+ D5+ E3\ D2+ A5/ B6/ @4/
Trax_1342770 Adam vs. klaashaas : @0/ A0/ B1+ C1\ C3+ A4\ @2+ @1/ A0+ C6/ B5+ @2/ B0\ A6/ C7+
Trax_1344001 Donna vs. keops : @0+ B1/ C1\ B2/ B3/ C2\ C3\ B4/ C4+ C0/ D1/ @4+ @3\ A2\ F4/ B6+ @2+ B6/ F6\ F7\ @2/ H6+
Trax_1344444 keops vs. Donna : @0/ B1+ B0\ C2\ A3/ B0/ C1/ D1/ E2+ F2\ D4+ D5+ @3+ E6+ A1\ @2/ D0\
Trax_1344486 keops vs. ScoobyRex02 : @0/ B1\ A2/ @2+ B0/ @1/ E1+ C4/ D4+ E4+ C5/ F3+ A5/ C6/ D7\ E5+ @4\ A3+ @5/ C6/ B7\ E8\ A7/ A8/ C9\ A3+ @7+
Trax_1345003 Donna vs. keops : @0+ B1/ B2\ C2\ A2+ B3+ A0/ B5\ B1+ C1/ D2/ D4+ C0/ D1/ C7/ A7/ A8+ @6\
Trax_1345004 Donna vs. keops : @0+ B1+ A2\ A0\ @1+ A0\ @3/ A4/ B5/ A1\ @2\ B0\ A5/ @3\ C6+
Trax_1345005 keops vs. Donna : @0/ A2+ @1/ C1\ A0+ C3+ C4\ @2\ E4+ B4+ D5+ F4\ E5\ F5+ E6/ B0\ A1\ D7/ @3/ A4/ H6+
Trax_1345174 Sartex vs. STrek : @0/ B1\ A2/ @1+ B3\ C3\ C4\ D2/ A4/ @1/ C5/
Trax_1346258 keops vs. REBEL DJ : @0/ A2+ B1\ @2/ B3/ C2\ D1/ D0/ B5/ A4/ D5\ D6\ E3\
Trax_1347099 Phil The Hat vs. csain1 : @0/ A0/ @1/ A0/ C3/ C4/ D3+ E4/ F4/ G4/ H3\ I4/ C5+ B5/ A5+ A6/ A7/ A8+ I6\ J6\ D7+ E2\ A9\ C6+
Trax_1347131 rabbitoid vs. supermac : @0/ A2\ B1+ B2+ C1/ C0/ B0/ A2+ C4\ D4\ D3+ D5+ E3/ D6\ B6\ E5+ F3/ C7/ A7+ @6/ B8+ B9\ F1+ H1/ D9+
Trax_1347143 Rogue Trooper vs. MASHER : @0/ B1+ C1/ B2\ D1/ D0/ D4\ E3+ A4/ B5\
Trax_1347144 Logged Off 9554 vs. keops :
Trax_1348631 Kevin vs. Misery Midnight : @0+ @1+ B0+ @2\ D2\ D3+ D4/ B1\ @2\ C0/ B1\ B0\ C6/
Trax_1348632 Misery Midnight vs. Beaupol : @0/ B1\ A2/ @2+ B3\ C3\ A3+ @2+ C0+ @3+ B2\ B4+ @3/ A4/ C5/ A5/ G2/ G1/ @3\ A2\ D1\ H3+
Trax_1349069 SweetCindyJo vs. DINGEROO : @0/ A2\ B1/ B0/ B3\ C2/ A4/ @4/ D1+ @4\ A3\ B1\ C0/ F3\ F4\ @4\ B3\ A6/ @6/ C2\ B3\ I4\ A5\ H5+
Trax_1349094 Rogue Trooper vs. drgnrdr : @0/ B1+ C1/ C2/ D1/ A0/ D4\ E3/ A4/ @3\ D5/
Trax_1349207 drgnrdr vs. Judy : @0+ @1+ A0/ B3\ A3+ A0\ @2/ B5+ A5/ @4/ E2\ @3\ A2\ A1\ F1/ D0+ G3/
Trax_1349216 drgnrdr vs. Judy : @0+ @1+ A0/ B3\ B0\ @3+ D1/ C0\ C0\ @5+ B4\ B6\ C7/ @5+ B7/ C8\ F5\ G4/ C1\ D0/ @8/ B9\ E10/ F8\ G7+ A6+ @6\ @6+ C5/ D3+ J7+
Trax_1349225 Judy vs. drgnrdr : @0/ A2+ @2+ B3\ C3\ D2+ C0\ A4+ A2+ @2\ B0+ D1+ C6+ C7\ A6/ A7/ C8\ E0\ F3/ F5\ G5/
Trax_1350351 drgnrdr vs. MomofJade : @0+ A0\ B1\ C2/ B0+ D3\ C4/ C0\ C0\ B0/ A7/ @4/ E3+ F5/ B1+ C8\ E8+
Trax_1350390 drgnrdr vs. MomofJade : @0+ A2/ A0\ B1/ @2+
Trax_1350408 drgnrdr vs. MomofJade : @0/ B1\ B2\ B0\ C2+ @1\ C0\ @3/ C4/ E5/ B1\ C0/ F1/ E0\ G3+ H2\ G1+ @4/ B2+ A5+ A6/ D7/ D8/ G7\ I4+
Trax_1351414 dab vs. keops : @0+ B1\ C1/ A0/ C1+ C3\ D2/ @1\ A0\ @1\ D4/ D5/ C4/ B4/ @1/ H2\ A2+ A3/ @3/ A4/ C5/ A5/ D6\ @4+
Trax_1351418 keops vs. dab : @0/ B1\ A2/ @2/ C0\ C3+ A4/ B5/ B0/ @5/ B6/ D7\ E6/ E2+ @1\ A0\ F1\ @4+ E1/
Trax_1351585 Chad vs. Nanett MIA : @0/ A2+ A3/ B3/ C1/ B0\ A5/ @2/ D5\ E2+ C6\
Trax_1351766 irishmiss vs. Honeybear : @0+ B1\ B2\ @2\ B0+ C4+ D4\ C5/ D2/ E5/ C1/
Trax_1351807 jbdobie vs. STrek : @0+ @1+ A0\ @1\ B0\ @2+ B4\ B1+ B0\ A2\ @2\ A1\ A5/ B6+ @4\
Trax_1351822 marygal vs. game_77 : @0+ A2/ @1+ A0\ @1\ D2\ C1+ C4/ B0+
Trax_1352088 irishmiss vs. keops : @0+ B1/ A2+ B2+ A3\ B4\ C4\ C5\ A4+ C1\ @3\ C6+ A5+ @5/ F6/ E7/ F3\ G4+ G6+ F1/ C0+ E1/
Trax_1353128 keops vs. irishmiss : @0/ B1/ A0+ C2/ D2/ B0/ D4\ E3/ F2\ B5+ F4\ G3/ @4\ B1\ A0/ E2+ F7\ E8+ @1\ A0\ A7/ @7+ C8/
Trax_1354222 Marko vs. Lillie : @0+
Trax_1357228 Morticia vs. Buz : @0/ B1+ B0+ C2\ A3/ B4+ D4+ E4\ E5\ D6+ A1\ @2/ A3+ C6/ D7\ A6/ @5/ C7/
Trax_1357279 ScoobyRex02 vs. Arctic Warrior : @0+ @1+ B0+ @2+ D2/ B1+ @2/ A3/ D3+ B1+ C0+ @4\ A3\ A2\ A1+ @1\ E5+ F5+ G5\ H4\ E0+ G7\ H7\ I6\ F8\ H8\ I8\ J7\ H9+ F2/ C1\ B6+ E7+
Trax_1358514 marygal vs. Hoosierenvy : @0+ @1+ A2\ B0/ C1/ D1+ C3+ @2+ D0/ F2+ B1\ C0/ A5+ G3+ B6+ H3+
Trax_1358645 faith64 vs. Honeybear : @0+ @1\ B2+ C1/ A0\ A0+ @3/ A4/ B0+ E2/ C1+ C0\ C7/ C8/ D7\ E7\ F6+ @4+ @5+ C3+
Trax_1358659 keops vs. drgnrdr : @0/ B1+ B0\ C2\ C3\ D3\ C4+
Trax_1359045 thumper* vs. marygal : @0/ A2\ B2\ B1+ A0\ @1\ D3\ A2/ @1/
Trax_1360769 Chad vs. Kevin : @0/ A0/ A3/ A4/ B3+ A5/ @5/ D1/ B0/ D6\ E3+ F3\
Trax_1360788 Nanett MIA vs. B Line electric streetcar : @0/ @1/ A2/ A3+ @3+ D3\ C4/ E3+ E4\ C5/ F3+ B0\ A2/ E1/ G4+ F2/
Trax_1360969 drgnrdr vs. Dawnas AZ : @0+ @1+ A0/ A3/ B0\ C2+ D1\ D0+ A1+ @3+ @2/ B0+ D1/ D0+ A6/ @5+ A7/ B8\ @6\
Trax_1361186 prettywoman vs. drgnrdr : @0/ B1+ A0\ @1\ A0+ A3/ @2+ B0/ E4/ E5/ D6/ A5/ A6/ @3/
Trax_1362845 Honeybear vs. STrek : @0/ A2\ B1/ B0/ C2\ C3\ A4/ @3+ E3\ E4\ D5+ F2+ G3/ C0/ A5+ @4+ C6/ E7/ B2+ F0+ @5/ A6+ G0/ I4+
Trax_1364513 MrGiggles vs. Misery Midnight : @0/ A2\ @1/ C2/
Trax_1365007 Marko vs. FixitDave : @0+ B1/ B2\ C1+ D1\ C2\ D2+ D3\ C3+ D4\ C5+ B0/ @2\ F6/ A3/ @3/ G7\ H5\ G2+ H1+ I1+ H0+ H0/ I1/ J1+ H0\ G3\ B3+ C2+ E1+ J1+ K3+ I0+
Trax_1365059 SarahMills vs. Morticia : @0/ A2\ B1/ B0+ A0/ @1+ D3\ D4\ B5/ A5/ @3\ D5+ A1\ B0\ A1+ A0\ B1+ C8+ D1/ @1+
Trax_1367465 Sartex vs. drgnrdr : @0/ A2+ A3/ @2\ B0/ C3\ @1\ A3+ B0\
Trax_1367489 Barbie vs. Adam : @0+ B1+ A0/ A3/ @3+ B4\ C4\ D3+ @3+ E5/ F3/ B5/ D6\ C7+ B7+ D8/ E7+ @4\ C8+ B7+ @6/ H4+ I5+ H8+ G1+ I3/ H1+ F0+ J4\ J3+ J5+ D2+ I1+ K2\ F0+ @8+ A9/ D10/ C11\ A5\ C12\ B4/
Trax_1367532 keops vs. Alko : @0/ @1/ B0/ @1/ D1/ E2/ D0/ @1/ F1/ G2+ D4/ H2/ H3+ A0\ @1\ I1/ F0+ J3/
Trax_1368595 hANDYman the Rebel vs. Beaupol : @0+ @1+ B2\ @1+ C0/ D1/ D0/ E2/ E1+ F1/ G1/ E0+ G3\ H2/ E0/ H4\ I2\ H5+ I5/ J3/ H0+
Trax_1368638 MrGiggles vs. Misery Midnight : @0+ B1/ A0/ A0\ A4\ @1/
Trax_1369856 Sartex vs. Rogue Trooper : @0/ A0+ @2\ B0/ B0+ A2\ B0/ C1/ A1\ C0+ D2+ A1\ A0+ @3+ F3/ F2/ G2/ G1/ B0\ D6+ C9/ A7/ @7+ G5+
Trax_1369860 klaashaas vs. drgnrdr : @0/ B1+ C1/ @1/ C0\ D3/ D0/ E3/ A1\ B0/
Trax_1369873 Goonerg vs. SarahMills : @0/ B1/ A2/ B0+ C2/ B0+ @3+ B1+ A0/ D2/ E2/ D1\ E5\ C6+ F3+
Trax_1369874 Scorpius vs. Misery Midnight : @0/ A2\ B1/ B0/ @3\ A4/ @3+ @3\ E0+ B3+ F1\ D6\ E4\ C7/ C8+
Trax_1372289 Buz vs. drgnrdr : @0+ B1\ A0+ C2\ B3\ C1/ D1/ B0+ C4\ A0/ @1\ B0/ E6\ F4/ D7+
Trax_1372359 Sarah vs. Phil The Hat : @0+ A2/ @2/ @2+ D1\ D0\ C0/ C0/ @4/ @5\ D3+ G2+ H2\ E6+ E7/ A6/ @6+ G0+
Trax_1372360 Phil The Hat vs. Sarah : @0/ B1+ C1/ C0/ C0+ B0/ B0/ B0/ A3+ @6/ E1+ D7/ E7+ F3/ E8+
Trax_1372795 MrGiggles vs. Misery Midnight : @0/ B1\ A2/ @2/ D1+ A0\ @2/ D1/ E1+ C0/
Trax_1372938 Misery Midnight vs. Scorpius : @0/ B1\ A2/ @2+ B3\ C3\ B0+ A4/ A5/ C5/ D2/ C1+ C0/ D2/ E2/ D1/ E4\ F4\ @2\ B1/ C0\ @3+ A2/ B6/ E1/ E0/ F2/ G2/ H2/ I5\
Trax_1373853 spitfire vs. dewyandaj : @0/ A2\ B2\ B3\ C2/ B1+ D2\ D3\ D4/
Trax_1374212 Morticia vs. Stinger : @0/ B1/ C1\ A2+ @2+ C3\ D3\ D0/ E3/ C1+ F3+ A1\ B0/ @3+ A1+ E0+ F2+ H6/ G3+ E7+ G1+ A1/ B0\ @1+ E1/ C0+ F1+ I4\
Trax_1374783 ROCKY MIA vs. doc harley : @0/ B1\ B2\ A2+ B3/ A3/ @2/ A3/ @3/ B4\ B5+ C4+ E3\ B6/ A1\ C0/ @2/
Trax_1375089 spitfire vs. Peeky : @0+ @1+ A2+ @1+ @1\ A0\ @2/ A3/ C3+ F2+ B0+ G3+ H3/ H2/
Trax_1376207 Beaupol vs. keops : @0+ A2\ B2\ B0\ C1+ D1\ B4+ D4\ E2/ E0/ F2\ A1/ C0+ @4\
Trax_1376219 Lillie vs. Honeybear :
Trax_1376979 Megababe vs. Dawnas AZ : @0+ B1/ A2\ @1+ C0+ D2\ C4/ C0+ D4\ @3/ F3+ A4\ E2+
Trax_1378077 faith64 vs. supermac : @0+ @1/ B0+ B3+ C3\ C4+ B0+ D5/ C3+ C6\ E3/ C2/ A2+ E5+ F5\ @4\ B5+ @4\ C6+ D7/ E7+ A6/ @7\ C8/ C1+ A1+
Trax_1378087 What did you say vs. drgnrdr : @0/ @1/ B0/ @2\ A3\ A1+ C0/ C0+ D5\ D6\ @2/ B0+ A5+ C7/ C8/ F7+ A9/ @7+ E9\ D10/
Trax_1378127 klaashaas vs. MASHER : @0/ B1+ C1/ B0\ @1/ D0\ A3/ C4\ C5\ @2/ C1+ F2\ A0\ @2/ H6+ H7\ H2/ B6/ C7/
Trax_1379999 STrek vs. Beaupol : @0+ @1+ A0/ A3/ B3+ C3\ C4\ C2+ @3+ A4+ D5\ A6+ E3+ @4\ B7\ F7\ G7+ F8/
Trax_1380360 MountainMist vs. JenJen : @0+ @1+ A2\ A0\ @1+ A0\ @2+ C5/ B5/ A5/ C6\ D6\ E6\ E3+ @2+ G5\ B0\ A1\ G7\ H5+
Trax_1382058 Chad vs. klaashaas : @0+ B1/ @1/ D1/ A0\ @2/ @2/ C3+ D4/ D5/ @3+ @3\ G1\ C1/ G4/ I3/ D4+ B5\ A4+ H5/ I1+ H0+ H7+ A3/ I7\ J7\ J8\ H0/ J4/ J10+ K8+ I0\ K7\ L8\
Trax_1382283 mammacat MIA vs. marygal : @0/ B1\ A2/ @2/ C2\ C3\ C0/ D1/ C0/ B2+ C0+ A2+ C0+ @6+ D0+ C8+ A8/ B9\ E9\ D10/ @4\ B3+ B2\ F2/
Trax_1382586 mammacat MIA vs. Megababe : @0/ A0/ A3\ B2\
Trax_1383299 Misery Midnight vs. bekka228 : @0/ A0\ @2\
Trax_1384545 keops vs. Stinger : @0/ B1/ B0/ C1/ D1/ B0+ @1\ A0\ E1\ C5+ @2+ D1/ B0\ G2+ F1/ E0/ A7/ C8/
Trax_1384600 Morticia vs. irishmiss : @0/ A0+ A0\ @1\ @1+ B0/ @4/ B5\ @3+ @4\ B5+ C2\ G3\ H3\ G2+ E5\ G1/ I3\ H6+ C1\ B1+ D0/
Trax_1384835 doc harley vs. ROCKY MIA : @0/ B1\ A2/ B2+ C2\ B3/ @2\ A1+ C4/ E2/ B3+
Trax_1385766 SarahMills vs. keops : @0/ A2/ @1/ A2/ @2/ A3/ @1\ C0+ B0/ B0/ B0/ @7/ A8+ E3+ A4\ @3/ G3+ A0\ @3+ G1/ H3+ E0/
Trax_1385794 keops vs. SarahMills : @0/ B1/ B0/ C1/ C0/ D1/ A0\ @3+ F2/ C5\ C0+ E0+ @5/ B7+ A8\ H6\ F7+ D9\ H1+ I3/ E9\
Trax_1386506 aussielady vs. keops : @0/ B1/ B0+ C2/ D2/ B3/ E2/ E0/ F1+ E0/ C6+ F5+ G2/ C0\ B1/
Trax_1386536 keops vs. aussielady : @0/ @1/ B0/ A0/ B1/ C3/ C1/ @3/ A0\ @3+ C0+ C6+ D0+ F4+ F3+ A7+ @5\ B2+ C1\ H4+ H3/ E0+ D9/ I5\ I2/ C1\ H1/
Trax_1386762 aubug vs. Arctic Warrior : @0/ B1+ B0\ C2+ C1+ D1\ C0+ @3/ B4+
Trax_1386763 the nutter vs. Whistler Gandalf : @0/ B1\ B2\ C2+ A2/ B3\ A0\ @3+ B4+ D1/ RESIGN
Trax_1386782 Megababe vs. Judy : @0/ A2\ B2\ B3+ B1+ C1/ C0+ D2\ B0/ C5\ D5\ E5+ C6+ D2/ E1\ F3/ A1\ D0/ @4\
Trax_1386790 Sartex vs. Goonerg : @0/ B1/ A0\ @1\ @1+ B0/ D1/ E1/ @2\ E4/ F3+ G1/ H1/ H0/ H4\ I5/ E6+ D6/ I7\ J7\ C6+ E7+ F8+ I1+ J2/
Trax_1386854 Walter vs. keops : @0+ @1+ C1\ C2\ B3\ B4\ B5+ C5\ D5\ D2+ A3\ A0\ E3/ E1+ D0+ C5+ @3/ D0+ B0+ A1\ @1+ A0\ A7\ @3\ @3\ @2/ A0+ @3/ K5+ K11\ F2+ E1+ E0/ E0/ B2+ L13\ C0+ A1+ @5+ A7+ @2\ A1\ @1\ C0/ E0/ @2\ G2/
Trax_1388995 spitfire vs. game_77 : @0+ B1+ B0\ A3/ A4/ C2/ D2\ C3/ B4\ D3+ A5\
Trax_1389087 drgnrdr vs. Dave (UK) : @0/ A2\ B2\ B3+ B4/ @4+ C1/ D2+ D1+ E1/ A1+ C0+ B0/ @1\ A0\ A4+ @5+ A7\ G5+ C1+ F2/ F1/ F0/ A5+ H6+
Trax_1391775 STrek vs. Honeybear : @0/ A2\ B2+ B1+ C2+ C3/ A0/ D3/ D2/ E1\ E0+ D0+ D6+ E1+ F1+ E0\ C1+ F4\ G2/ H2+ H1/ I4\ I5+ I2+ E8/ E9/ G5+
Trax_1391790 Rogue Trooper vs. Alko : @0+ A2/ @2\ B0/ B0/ A1/ B0/ @2/ C6/ A5\ D2+ D5+ B3+
Trax_1392689 Megababe vs. Hoosierenvy : @0+ B1+ A2\ A0\ @1+ D2+ B4\ A0\ A5/ C2/ A6\
Trax_1393370 Hoosierenvy vs. marygal : @0+ B1+ A2\ B0/ C1+ B0/ @3/ B2+ D0\ E3\ A1\ @2+ @2/
Trax_1393570 Marko vs. dboy97 : @0+ A0/ A3\ B1/ B0/ C3\ D3+ D4\ D5\ E5\ D6\ A6/ E1/ @5\
Trax_1393594 MountainMist vs. Adam : @0/ B1\ A2/ @2+ B0+ A4\ C3\ D3+ E3/ E1+ @3\ C0+ A1+ @3/ C0+ A6/ A7/ @5/
Trax_1395593 Jump This vs. Slypher The Sky Dragon : @0/ A2\ B2\ B3+ B4/ @3+ @3\ B1+ C5\ E3/ A5/ D1/ B6/
Trax_1395648 Sarah vs. drgnrdr : @0+ @1/ A2\ @2\ B0+ C3+ D3\ A0/ A0/ B0\ C3+ @4+ E4+ E2+ F3+ F1/ F0/ B8/ A8/ @6\ D9/ A3+ @4\ F8\ B9+ A5+ C1+ A2+ H6/ @4+ A2\ D0/ D0/ C2+ @7/ C8/ D0/ A4/ @8+ A6+ H3/ D12+ D13/ I3+ I2/ I1/ A3\ I0/ @5/
Trax_1396700 keops vs. CHESSCATJAY : @0/ A0/ B1/ A0\ @1\ C4+ D4\ C0/ D1/ E1/ E0/ F3\ A6\ @4/ @4/ G7/ H5\ I5+ G8/ H7\ D7+
Trax_1397798 csain1 vs. Goonerg : @0/ B1/ C1+ B0/ C3\ D1\ E2/ B4\ @3\ @2/ @2/ B5+ D6+ E0/ F7\ E8/ D0+ I2/ H1+ G0+ G7+ H8+ J3/ J2/ J1/ H10\ E11/ I10/
Trax_1397851 What did you say vs. Phil The Hat : @0/ @1/ A0+ @2/ C0\ C0\ A2+ @1/ E2\ D0\ E0+ F4+ C1+ @6/ C7/ @5+
Trax_1398171 ROCKY MIA vs. doc harley : @0+ A0/ B1+ A0\ @2/ @2/ C4\ E3\ E2+ @2\ B1+ A1+ A0\ C1/ A0/ C1/ E3/ E2/ F1+ B6/ A5+ D7/
Trax_1399029 Megababe vs. CHESSCATJAY : @0+ @1\ C1\ D1\ C2+ C0/ B4\ A3+ D1+ A1\ D0\ @3+
Trax_1402144 Marko vs. Scorpius : @0+ @1\ A2/ @1\ B0+ B0/ D3+ E3/ E2/ F2/ F1/ E0+ G4+ G5\ H2/ G1+ H1+ H0/ H6\ RESIGN
Trax_1402150 Honeybear vs. SweetCindyJo : @0/ A2\ B1/ B0+ C1\ B3\ @3\ B4+ B5\ D4\ E2/ B0/ @5/ A6/ B7/ B8/ A8/ @6\ H4+ G6\ F7\ H6+ I6\ I7\ E8+ H8/ D9+
Trax_1404211 Rogue Trooper vs. B Line electric streetcar : @0/ A0/ @2/ @1+ A0\ A0+ @4/ A2\
Trax_1404238 Rimon vs. Arctic Warrior : @0+ @1+ A0+ @2+ A1+ @2+ B0/ B4/ @3/ @4\ C1+ F4/ D5/ G3\ H4\ E5\
Trax_1404616 marygal vs. worstwitch : @0+ B1\ B0/ C1+ D1\ C2\ D2+ D3+ D4/ E4\ C3+
Trax_1408619 STrek vs. supermac : @0/ A0/ B1/ A0\ @3+ A4\ C0+ @5\ B6+ E2\ F1+ B7/ @7+ B8+ C8\
Trax_1408817 Trist vs. drgnrdr : @0/ A0/ A0/ @2+ C2/ D3/ B0/ C2/ D2/ D1/ C0/ B0+ @3\ @4\ B2+ A2/
Trax_1409356 csain1 vs. drgnrdr : @0/ A0/ A0/ @2+ B4/ @2/ D4+ E4/ B0/ A2+ D6/ A6/ @4\ C7+ F1+ B0\ A1\ @3/ H3+
Trax_1409388 csain1 vs. supermac : @0/ @1/ C1/ @1\ A0\ @1\ B3\ C1+ A0\ A0+ @2/ F2\ E6+ A5+ A6/ A7+ @7/ A2+ A1\ D0+ H4+ @2\ B6+ B1+
Trax_1409639 BrnIdGirl vs. drgnrdr : @0/ A0/ @2\ A1\ B0/ A1+ C2/ C1/ B0\ @4/ C5/ A2+ C0/ A2\ @2\ @2+ B1/ D1+ D0\ @4\ E0/ C1\ B2/ E0\
Trax_1409640 BrnIdGirl vs. supermac : @0/ @1/ B0+ @2+ C0\ A4/ B4+ @3\ @3\ D0/ F3\ D6/ C6+ F6\ B6/ G5\
Trax_1409866 Amanda vs. drgnrdr : @0/ A0/ B1+ C2/ @2/ C3\ C4+ D4\ E2/ E0\ F4+ F6\ G5/ F1/ G2/ F0\
Trax_1409867 Amanda vs. supermac : @0/ @1/ A2+ C1/ A3+ B0+ @3/ @3/ D0+ C6\ C7+ A6/ @4/ E6/ G5\ G6\ G7\ H4/ C7/ F8+ C3\ F9/ I4+ I3/ I2/ B7+ F1/
Trax_1409868 Amanda vs. bigdan409 OTWP : @0+ @1+ A2\ B0/ C1+ @3/ C4/ D3+ B5/ A4+ @3\ B2+ B5+ A5/ @3\ F5\ D6/ G5/
Trax_1410058 Trist vs. supermac : @0/ @1/ A0/ @2\ A1\ B0/ B0/ @4\ B1\ C0/ A4+ D6\ E5/ A6/ @6/ D7/
Trax_1410279 keops vs. CHESSCATJAY : @0/ B1\ A2/ A3/ @1\ B0/ B0/ B0/ D4\ @6/ C7/ F1+ C0/ C9/ G3+ D6+ B1\ @4+
Trax_1410471 balmoral vs. Arctic Warrior : @0+ B1\ B0/ C1/ A1+ B0+ C3+ B0/ D2\ A5\ B0\ A1\ @2\ F5\ E6/ F2/ B0+ E2/
Trax_1410549 Misery Midnight vs. Rimon : @0/ B1\ A2/ @2+ A3+ @1\ A0\ D1+ E2/ F2\ E3/ E4/ E1+ E0/ G3/ F2+ A4/ D1\ @4\
Trax_1411053 karosel MIA vs. drgnrdr : @0+ B1\ C1/ B0\ A3+ @2/
Trax_1411060 karosel MIA vs. supermac : @0+ @1\ @1/ A2/ C2\ B3+
Trax_1413476 RubyJoy vs. HeatherN : @0+ @1+ A0/ A3/ @3+ D1/ C0\ A5\ A1\ @2\ B0/
Trax_1414180 Slypher The Sky Dragon vs. HeatherN : @0/ A2+ @2\ A0\ @2/ B4+ @3+ A2+ D4+ E4\ E5\ @3\ G5/ F2/ G3/ F6+ G2+ H3\ C1\ F7+ D0+ B2\ H5\ G2+ I5/ G7+ I4+ G8+
Trax_1414664 Lorraine of the Renegades vs. HeatherN : @0/ B1\ B2\ C2+ C3+ D2/ C4+ B0\ @2+ C0\ B4+ A4+ B5\ E5+ D7+ F5/ D8+ F4/ @3\
Trax_1414702 BIGDOGs vs. HeatherN : @0/ A2+ A0\ @1\ A0+ @1+ D2\ @1\ D0\ A1/ F4/ C5/ B5+ B6/ B0\ @2\ G7\ H7\ B6/ A5\ A1+ E7+ C8/ H5/ I7\ E1+ I4\ C0+ J7\
Trax_1414959 aussielady vs. keops : @0/ A0/ B1/ B3+ C2/ A0\ @2/ D1/ E3/
Trax_1414985 ROCKY MIA vs. doc harley : @0+ @1\ B2/ B3\ C3\ D3\ @1+ D1/ A3/ B0/ @3/
Trax_1415168 itb4me2 vs. Honeybear : @0+ B1/ A2\ @1\ C0/ B4/ A4/ @2\ E1+ E0/ D5\ B6/ @3\ @3+ A2\ C1+ E0+ H2+ H1/ G0/ @4+ A3\ C2/ C1/ I6\ I7+ J5/
Trax_1415185 SweetCindyJo vs. Lilac Oyster : @0/ @1/ A2+ @1\ A0\ @2\ C1/ B0\ D2+ D1/ B0\ B0+ A2/ A4+ B0/ B7/ E3\ C8\ F4/ @5\ F7/ C0/ B3+ H1/ G0\ H7\ I6\ H8+ I7+ G9+ D11/ B9/ A9/ @10\ D11/ @9/ B11/ B12+ A12/ @10\ @10\ D6+ @9\ H13+ J11\ G14/ F14+ K11\ K12\ L12+ M11\ D13+ C13/ E14+ F15\ B5\ A5\ B4+ D3\ A7+
Trax_1415216 keops vs. ScoobyRex02 : @0/ B1\ A2/ @2+ B0+ @2+ D1/ E2\ C0+ @3\ C1\ B1+ D0+ D6/ E6+ F6\ D7/ E8+ G8+
Trax_1415643 Amanda vs. sandie : @0/ B1\ A2/ @2+ D1/ D0/ C3\ C4\ B4+ E2+ A4+ B1\ D0/ D0/ B7+ @6/ A7/ A5+ F7\ G4+ G6\
Trax_1415772 Megababe vs. ScoobyRex02 : @0+ @1+ A2\ B0/ C1/ A1\ A0+ @2/ C5/ C1+ C0/ E3+ D5+ F3+ A4/ F4+ G5/ @5/ A4+ @4/ @4/ B3+ E1+ D1+ @4/ A5/ A2\ C1/ @3\
Trax_1417228 Aphrodite vs. B Line electric streetcar : @0/ @1/ A0/ @2\ B3+ B4+ A4/ @4/ @4+ D5+ E5\ F2+ A1\ @4+ A2\
Trax_1417233 Rogue Trooper vs. McStack : @0/ A2/ A3\ B3\ C3+ B4/ C2/ C1/ D1/ B5\ C5\ C6\ D6\ E6+ B7+ A7/ @5/ F1+ G4/
Trax_1417407 Lorraine of the Renegades vs. SweetCindyJo : @0/ B1\ A2/ @2+ C2\ C3\ D1/ D0+ A4+ @3/ D1+ E0/ C2+ D1\ E0/ F2+ G2/ D7\ F6\ G4\ H4\ H5\ B7+ C8/ I3/ G6+ F7+ C9\ B9\ A8\ E8+ D9+ D1\ D0\ A4\ @6/ B3/
Trax_1417687 RubyJoy vs. SweetCindyJo : @0+ @1/ B2\ C1/ B0\ B0+ @3+ @3\ C1+ F3\ F2+ F4+ B4/ C5\ E5+ B5+ B6/ A6\ @4+ H2/ A1\ C7+ @2/
Trax_1418448 Slypher The Sky Dragon vs. SweetCindyJo : @0/ B1\ B2\ A2+ A0+ @2+ B0+ B5\ B0/ D5\ D6\ E4/ D3\ @4\ B2\ A2\ @2\ B0/ C1/ E2\ D1+ D0/ F4+ G4/ H5+ F3/ B1+ E2/
Trax_1418947 BIGDOGs vs. SweetCindyJo : @0+ @1+ B2/ B0/ C1+ B4\ C4\ D4\ E4+ D5/ E1\ C0/ @3/ G4+ G5\ G6/ H5+ I5/ H2/ H1/ C6/ B6/ E7+
Trax_1419361 Jump This vs. FixitDave : @0/ A2\ B2\ B3+ C3+ B4+ @2+ C5+ @2+ B4\ F3+ A4/ B5\ @3+ H3\ F5/ G2/ H1\ G5+ G6+ C1\ D0+ B1\ C0+ A3\
Trax_1419402 Adam vs. Beaupol : @0/ A2\ B2\ B3+ @2+ C4+ D3+ @2/ A4+ C0/ F4+ B1\ B0\ @4/ B7/ @4/ F7+ @4/ H7/
Trax_1421179 spitfire vs. Misery Midnight : @0+ B1+ A0/ B3\ C3/ D3\ D4\ C1/ C0/ D3+ E3/ A1/ C0\
Trax_1421898 Misfit Lenrad6672 vs. Lilac Oyster : @0/ A2+ A0\ @2/ C3\ B4+ A4+ B5\ D3/ A1\ @1\ B0/ A0\ @1\ F4/ F3/ F2/ E0+ G2/ B0+ B0\ A6\ @4\ C7+ A6/ @5/ J4\ I5+ F11/ E11/ D11/ F12+ A6+ A7\
Trax_1421899 Misfit Lenrad6672 vs. Lilac Oyster : @0/ A2+ @1\ B0/ C1/ B0\ A1\ B0/ @1\ B0/ C1/ A3/ @3/ A4\ @4/ C5/ C6/ A6+ C1+ C7+ B7/ C0\ @5\ A4/
Trax_1421900 Misfit Lenrad6672 vs. Lilac Oyster : @0/ B1\ B2\ A0/ B4/ A4/ A5/ @3\ @1\ A0\ A4/ @2\ A4+ @4/ @2\ A1/
Trax_1421902 Misfit Lenrad6672 vs. Lilac Oyster : @0/ B1+ B2\ C2+ C3\ @2\ D0/ E2\ E5\ F5\ C4/ C5/ E6\ F2\ G5\ E7+ F7\ B4+ G4/ H4/ F1/ G2\ C1+ G8\ D0+
Trax_1423006 itb4me2 vs. Arctic Warrior : @0+ @1+ B0\ A3/ C2/ A0/ @2\ E1/ D0\ F2/ F4\ F5+ G3\
Trax_1423052 MIA 29892 vs. Honeybear : @0+ B1\ C1+ @1/ B2+
Trax_1423221 doc harley vs. ROCKY MIA : @0/ B1\ A2/ @2+ D1/ C0+ C3\ B4+ @2/ C1+ F2\ @1\ A0\ A4+ F5\ D6/ G5/
Trax_1423382 Honeybear vs. Mististar : @0/ B1/ A0\ @1\ B0+ B0+ B5+ A5/ @4/ E3/ C6\ A5+ @5/ F5\ G3/ A4+ D7\ @4/ H5\ I3+ G6+
Trax_1424151 Amanda vs. FixitDave : @0/ A2/ B2\ A3+ B3\ @2+ A3+ @2+ B4+ @2+ E0/ F2\ D1+ @3+ @3/ A4/ @4/ A5/ @5/ J1/ K2\ A6/ F1\ J3+ E4\
Trax_1424692 buttercups vs. supermac : @0/ A2\ B1/ A3\ C1\ C2+ A0\ @1\ C0/ D1/ E1/ A5/ @5+ C6/
Trax_1424711 STrek vs. geomomo : @0/ B1+ B0\ C2\ A3/ @1\ B0+ A1+ B0/ C6\ @3+ A6/ B7+ @5/
Trax_1424792 Nanett MIA vs. drgnrdr : @0/ A0/ @2+ @2\ A0+ D2/ C0+ E3/ D5+ B0/ D1+ F3/ D7\ F6\ G6+ G7\ E8/ @3+ A2+ @4\ E8/ H1+ D6/
Trax_1424813 drgnrdr vs. Brazil : @0+ B1/ @1/ C0/ B0/ D2/ A1\ C1+ A0/
Trax_1425067 Megababe vs. gorrick the goblin : @0/ A0/ B1/ C1+ C0/ A1\ C0\
Trax_1426814 irishmiss vs. Honeybear : @0+ B1/ A2+ B0\ B3+ @2\ A1\ A0+ @2/ D5/ B0/ E2+ E4+ F3/ D7/ C0\ F1/ F0+ G3\
Trax_1427348 Goonerg vs. ScoobyRex02 : @0/ B1\ A2/ @2+ B0/ @2+ B4/ B0+ @3/ A2+ A4+ @4/ A3+ A5+ @5/ C6/ D7\ E7\ F7\ G5\ A7/ B8/ @6/
Trax_1428213 Pamper Me vs. toadisgimpy : @0+ B1\ A0/ @2/ C3\ B4/ @2\ A1\ B4/ B0+
Trax_1429019 STrek vs. faith64 : @0/ B1\ A2+ A3\ B3\ C3+ A4+ C4+ A5/ @5/ C5+ A6+ @6/ A7+ A3+ @5\ D7+ A4\ B2+ A2+ B1+ A7\ @6/ G6+ C8/ A3+ @6\ B4+
Trax_1430128 keops vs. ScoobyRex02 : @0/ B1\ B2\ C2+ D1\ C0+ B0/ C5/ A1\ @2\ C0\
Trax_1430632 Megababe vs. ScoobyRex02 : @0/ A2\ B2\ B3+ @2+ @2+ E3+ A3+ @2+ C4+ B1\ D0/ @3+ C0\ B1\ A1\ @4+
Trax_1431240 Jump This vs. spitfire : @0/ A2\ B2\ B3\ @2+ C1+ D3\ D4\ E1+ F3/ @2/ @2\ E5+
Trax_1431241 ScoobyRex02 vs. Megababe : @0/ B1\ B2\ C2+ C3+ B0\ @1+ B0/ B0+ A0/ @1+ D2+ E8+
Trax_1431274 Misery Midnight vs. FixitDave : @0/ A2/ A3\ B3\ A4/ @3/
Trax_1431332 Megababe vs. Keizer Soze : @0/ @1/ B2+ C2+ B3/ D2\ A0/ C1\ D2+ A0+ @3/ D1+ D5+ C6\ B6+ E6/ F4/ F5+ G5\ G7+ F8\ H7+
Trax_1431376 mammacat MIA vs. drgnrdr : @0/ A0/ B1\ @1\ A0\ A0\ B2+ A0\ @1\ D3/ E3/ E0/ F2\ C0+ @3\ B0+ G6\ G7\ H5/ H8/
Trax_1431555 ROCKY MIA vs. doc harley : @0+ @1+ A0/ C1/ A3\
Trax_1433569 drgnrdr vs. Brazil : @0/ B1+ A2/ C1\ C3\ D3\ E3\ B0\ A0/ C2/ D2\
Trax_1433716 Geri39 vs. drgnrdr : @0/ @1/ B0+ A0/ @3+ A4/ B4+ C5/ A6/ @6/ A3/ A2+ A4+ E5\ D6+ E6+ E2/ E7/
Trax_1435221 Megababe vs. Freight Train : @0/ @1/ A0+ @1+ C0\ @2\ @2\ E4\ F3/ A3\ C1+ D0/ A1\ @3\ C0/
Trax_1435296 Cachel vs. Honeybear : @0+ B1/ B2/ B3\ C2/ @2/ B3+ B4/ A3/ @3/ A4/ C5\ E1/ C0\ C7+ D7\ E5/ F4+ F7\ D8\ A8/ B9+ @8\
Trax_1436811 Jump This vs. dolly : @0/ B1\ B2\ C2\ D1\ C3\ D2+ A2+ E3+ B4\ C4\ C5+ @2+ A4\ G4\ G5\ @2+ A5/ H3+
Trax_1436821 FixitDave vs. Arctic Warrior : @0+ @1+ B2/ B0/ @2/ C4/ D3+ D2+ E2/ D0/ F2/ F1/ G1/ F0/ G4\ G5+ H4/
Trax_1436898 ROCKY MIA vs. doc harley : @0+ @1/ B0\ @1\ A0\ C1/ B0+
Trax_1437072 Buz vs. Megababe : @0+ B1\ A0+ A0/ B1/ C2\
Trax_1438452 Arctic Warrior vs. ScoobyRex02 : @0+ @1+ A0/ A3/ @3\ D2+ A2\ D1/ D0/ B1+ C0/ D1+ E1/ E2+ F4+ F5\ G3/ G2/ F0/ G5\ H5\ A2+ @5+ A2+ A1\ E1/ I3+ J4/ A7/ @5/ H7\ I7\ J7/ K5\ L5\ K7+ J2+ E1\ F0/ A8/ @8/ B9+ A6\ @8/ C10/ E10\ L9/ C11\
Trax_1438976 balmoral vs. spitfire : @0+ B1/ A0/ B1/ B3\ C3\ A3+ B4/ A4/ D4\ B5+ A0\ @2/ D3/ E3/ F3/ A4/ @4/ H3+ H2/ H6\ I6\ F7+
Trax_1438987 Misery Midnight vs. Keizer Soze : @0/ @1/ A2\ A0\ @2/ B4+ @2\ A1\ @1\ A0\ A4/ @2+ C0+ E1+ D0/ C1\ C0\ F4/ A1\ @4\
Trax_1438991 golfnutrof vs. keops : @0/ @1/ B0+ C2/ A3/ B4+ D3+ D5\ E5\ E3+ B0\ @1+ @3+ D6/ F7+ B6/ D7/ F8/ H5/ I6\ I7\ H8\ H9\ I9\ J6+ I4+ K6/ I3+ H2/ G1+ D0\ K10+ D0\ L8\
Trax_1439990 Morticia vs. pepperbeach : @0/ A2/ A3\ B2/ @3\ B4+ C4+ D4/ C5/ E3\ E5\ F5\ D6/
Trax_1439997 Morticia vs. Dionysos : @0/ B1+ B0+ A3/ A4+ @4\ D1\ B5\ D5+ E2/ C0+ D1+ C0+ B8/ C8+
Trax_1440441 Beaupol vs. Honeybear : @0+ B1\ A0+ B3/ A0+ @2\ C1/ D3\ E1+ F2/ E0+ B5+ A5/ @5/ D6+ B6+ D7+ @6\ B7/ B8/ A8/ @6\ C9+
Trax_1440752 Morticia vs. curleyquenot : @0/ B1+ B2\ B3\ C1/ C0/ D2\ D3+ E3\ D5+ E1/ E0/ F3\
Trax_1440756 Morticia vs. Honeybear : @0/ B1\ A2/ @2/ B3\ C2+ @2/ C4\ D4\ E3\ B5+ B6/ @5/ G2/ G1/ E0\ E7\ A1\ D8/
Trax_1440758 curleyquenot vs. Morticia : @0+ @1+ A0/ A3/ @3/ @2+ A4/ @3/
Trax_1440776 Peeky vs. Honeybear : @0/ B1\ A2/ @2/ D1+ B3+ C2\ C3\ E1+ E2+ @2+ F0\ D5+ D6\ E6\ E7\ F7\ G4+ G6+ H7\ G8/ D9+ D10/ C8+
Trax_1440922 ROCKY MIA vs. doc harley : @0/ A0/ @2\ B3\ C2+ C3+ D3\ D1/ E2+
Trax_1441031 Goonerg vs. Chad : @0/ A0/ @2/ @1+ C0/ @3\ C4/ D0+ E1/ A1\ E5\ B0\
Trax_1441067 STrek vs. Whistler Gandalf : @0/ A2\ B1/ B0+ C1+ @1\ B0+ B0\ A2\ A1+ @2+ A1+ @2+ @2\ A1\ @1\ D0+ A4/ B6+ @4\
Trax_1441125 rabbitoid vs. klaashaas : @0/ A2/ B2+ C1\ @1\ C0\ D0/ E1/ E2+ E0+ F3+ B1\ A2/
Trax_1441129 Honeybear vs. the nutter : @0/ A2\ B1/ B2+ B3/ B0/ C3\ A5/ @3\ A5+ @3\ A0\ @2+ @2\ B1\ B0\ A2\ A1\ C8\ C9/ B6+
Trax_1441209 Scorpius vs. Honeybear : @0/ B1\ A2/ @2/ C2\ B3+ B4\ C3\ C4+ D3+ E3\ E4\ C5/ E1/ RESIGN
Trax_1441240 MountainMist vs. Honeybear : @0/ A2\ B2\ B3\ @2\ C4+ C5+ A5/ @5/ C6+ E2/ D1+ D0/ E1/ F3\ G3+ G4\ G5+ H5\ H1/ H0/ C9/ A5\ @7/ H7+ H8\ F9\ D10/ D2+ E11+ G10\ I9\ J8/ I10\ I11\ A5\ @6\ C4+
Trax_1441248 streep vs. Honeybear : @0/ B1\ A2/ @2/ B3+ C2+
Trax_1441477 Keizer Soze vs. Megababe : @0/ B1+ A2/ @2+ @1/ B3\ D0\
Trax_1442219 Keizer Soze vs. Megababe : @0/ B1\ B2\ @1+ C3/ B3/ B4/ A4/ A5/ @2+ @5+ F2+ D0+ B7+ C7\ D7+ D0+
Trax_1442527 drgnrdr vs. Brazil : @0+ A2\ @1/ B3\ C1/ D2/ D1/ C0/ E3+ C5+ A5+ D1/ @4+
Trax_1443037 Morticia vs. dingbat : @0+ @1+ B2/ A0\ @1+ @2\ B3+ A4\ @4+ C5+ A5/ E5\ @5+ E6\
Trax_1445296 keops vs. Peachy : @0/ B1\ A2/ @2/ A0+ A0\ @3+
Trax_1445297 Linda vs. keops : @0/ A2/ A3\ B3\ A0\ @4\ C5\ @2\ B1+ A5/ A1+ A6\
Trax_1445298 Arctic Warrior vs. keops : @0/ A2/ A0\ @1\ A0+ C2\ D3/ C5+ D0/ E3\ C7\ F6+ F8/ E8+
Trax_1445742 Arctic Warrior vs. sandie : @0/ A2+ A0\ @2/ @3\ C4/ B1+ B0\ @4\ C6/ @4\ C6/ @4\ C6+ @4\ @5\ E7+ I3/ F0+
Trax_1445877 itb4me2 vs. supermac : @0+ @1\ A2/ @2/ C2+ D1/ D0/ E1/ C0\ E4\ E5\ F4/
Trax_1446188 ROCKY MIA vs. doc harley : @0/ B1\ A2/ A0/ B3\ A4/ B4+ C4\ B5/ B6/ C3/ A6\
Trax_1446231 Arctic Warrior vs. REBEL DJ : @0/ A2/ A3/ @2+ B0/ C3\ @3\ @3+ F2\ A4/ C5\ A1\ @1+ C0\
Trax_1447166 heidibb vs. Peachy : @0/ B1\ B2\ C2\ B0\ B0+ B5/ A5/ A6/ A1\ @5+
Trax_1447170 Linda vs. heidibb : @0/ A2+ A0\ @1\ C3\ D3\ E3/ C4+
Trax_1447172 Arctic Warrior vs. heidibb : @0+ @1\ A2/ @2/ A3\ B3+ C3\ B0/ C1+ D1\
Trax_1447853 keops vs. hunnybunny hears yr heart : @0/ B1\ B2\ @1+ B0/ B0/ A0+ A0\ @3+
Trax_1448807 Stinger vs. Jump This : @0/ @1/ B0+ @2+ B0/ B4\ @2/ @1\ A0\ A0\ @2+ E2+ A5/ D6/ @5\
Trax_1448907 Alko vs. Adam : @0/ B1\ B2\ C2+ C0\ D3+ C4+ D2+ E2\ D0/ E1/ F1/ F0/ G3\ C0\ B1\ E7\ F7\ D8+
Trax_1449136 Arctic Warrior vs. Abaitha : @0/ A2\ B2\ B3+ C3+ C4/ @2+ C1+ D2/ C0+ E4+ F4\ F5\ E6+ G5+ H5/ G3/ F2/ H3+
Trax_1450849 Pammie vs. Arctic Warrior : @0+ @1+ A2+ @1+ D1\ D2\ @1/ A2/ D3\ @2+ D4+ C0\ F4+ F5\ F6\ G6+ G2/ H5+ G1\
Trax_1450897 Goonerg vs. jbdobie : @0/ A0/ @2/ @1+ C0/ @2/ C4/ D0+ E5\ C6/ @3/ A7+ @7/ F7\ A8+ D8\
Trax_1451973 hunnybunny hears yr heart vs. heidibb : @0+ @1\ A2/ @2/ A3+ D1/ D0/ B5/ @5\ E3/ @4\ A3\ A2\ @2+ B5/ B6/ A6\ @4+
Trax_1452136 Morticia vs. Mististar : @0/ B1\ A2/ @2+ @2+ D2+ D3+ E3\ C4\ B3/ D5+ @3\ C4+ B4+ C5+ C6/ B6/ @4/ F6/ C7/ A7+ @5/ A2\ B1\ @2/
Trax_1452406 ScoobyRex02 vs. Arctic Warrior : @0/ B1\ A2/ @2+ @1/ B0+ @2/ B4/ D0\ C5\ C6\ A5/ @3/ C1+ F1/ G3\ F0\
Trax_1452733 Jump This vs. What did you say : @0/ A2\ B2\ B3\ @2+ C4\ @2+ A4/ A5/ B1+ @3/ E1+ F4+ G3+ @3+ I3\ I1\ D5+ B4+ E6+ C1\ F0\ @4+ F0+
Trax_1452813 Misery Midnight vs. muffin man : @0/ B1+ A2/ C2\ C3\ @1+ @1/ A0\ @1\ A3/ A4/ B4+ @3\ A1+ @2\
Trax_1453797 heidibb vs. ScoobyRex02 : @0/ A2\ B2\ B3+ @2\ D3/ B0/ C1/ A5/ @5/ C0+ A2+ C0/ B1+ F5\ E7+ @2/ F3/ D8+ D0\ G5+ H5+ B1+ G2/ H4/
Trax_1453853 ROCKY MIA vs. doc harley : @0/ B1\ B2\ A0/ A3+ B4\ @2/ D3\ D0/ E1/ E4\ E5\ A1\ B0\ @2/
Trax_1454666 keops vs. ScoobyRex02 : @0/ A2\ B1+ B2+ C1+ C2+ D1+ E1\ D2\ D0\ C4/ C0\ B1\ E5/ C6/ A5+ F6\ E7/ F3/ G5\ E2/
Trax_1455091 Brazil vs. drgnrdr : @0+ B1/ B2\ C1/ A2+ B0+ A4\ @1/ C0/ B1+ A4/ @5\ C6\ D5\ E0\ D7+ E5+ A2\ A1\ C0+ B0/
Trax_1455236 Sarah vs. Phil The Hat : @0+ A0\ @1\ B3/ @3+ B0\ D3/ C0+ @4/ D0\ D7/ E7/ C0/ @7\ F1/ G6/ E0/
Trax_1455237 Phil The Hat vs. Sarah : @0/ B1+ C1/ A2/ B0+ B0/ B0/ B0/ D3+ A3+ @3/ B0/ F5/ G5/ H5/ D7+ B0/ @5/ B4+ C9/ F2/ G2/ @8+
Trax_1457174 STrek vs. game_77 : @0/ B1+ B0\ A3\ @1+ D2\ D3\ A0+ @1+ E5+ F4/ A2+ @2/ G5+ C4+ B3+ H5+ G6/ C0+ E7+ H7+ I7/ H8+
Trax_1457185 Whistler Gandalf vs. Keizer Soze : @0+ B1+ A2\ B0/ C1/ D2/ B0+ A1\ @1+ C0+ @4/ A5/ C6\ F3+ E6\ D7/ @3+ A7/ @5+ C8/
Trax_1457248 Phil The Hat vs. Alko : @0/ @1/ C1/ D1/ E1/ C2+ E0/ A4/ @4+ F4\ C5/ G3\
Trax_1459219 Abaitha vs. spitfire : @0+ B1\ B0/ C2\ B3+ C4\ D3/ @2/ B4/ B5/ B6+ A6/ A4/ @4/ @4/ A7/ @7/ C8\ D7+ D8\ C9+ C10/ @8\ B5\ A4+ G0\ F1\ A6+ @7\ J6+ H8+ E4\ A8+ @8\ G2+ D4\ J2+ L5\ RESIGN
Trax_1461345 rabbitoid vs. Rogue Trooper : @0/ A0+ B2/ A0/ @1/ B4+ C5/ B6\ A5+ B0+ D4/ @3\ E8\ F5+
Trax_1461471 Buz vs. drgnrdr : @0+ B1\ A0+ @2/ C3\ @3\ D4\ E2+ F2/ F1/ F4/ A1\ C0/ @2/
Trax_1461679 doc harley vs. ROCKY MIA : @0/ A2+ @1\ B0/ @2\ C4\ D2/ D1/ A3/ @3+ A4/ A5/ A2+ @3/ G1/ D1\ D0\ G1/ D0\ A4\ @4\ F1/ E0\ D8\ C9/ I3\ I4\ B7+ F8\ I5\ I6+ B4+ J5\
Trax_1461935 Keizer Soze vs. Phil The Hat : @0/ @1/ A2+ B3/ @3\ @2/ B1+ B0\ E2/ C5+ C6/ @5+ D0+ B1+ A1\ @5/ C0+
Trax_1463310 Aphrodite vs. Chad : @0+ @1+ C1/ B2\ B3\ D2+ C0/ A3+ @3/ F2\ G1+ D0/ @4\ A3\ I2\ J2\ K2\ H4+ K5+ L2\ H5/ J6\ I1+ H6/ G7\ H0+ I0+ G1+ E10/ D10/ M3/ M2/ J9+ H10+ D2\ C3/ @5\ C3\
Trax_1463331 B Line electric streetcar vs. klaashaas : @0/ B1/ A0+ A3/ @3/ @3+ C4+ D0\ B1+ @3/ @1+ A0\ @1\ B0+
Trax_1463343 Cachel vs. Jump This : @0+ B1+ B2+ C1+ B0+ D2+ D3/ C1+ E2\ E1\ E4\ F3/ D5/ C5/ A4/ C6/ G1/ F0\ C1+ F7\ D8+ G5+
Trax_1463450 Dave (UK) vs. Phil The Hat : @0/ A0/ B2+ A3/ @1+ D2+ B4+ @2+ C5+ @2+ F4\ F5\ G3+ B4/ A5\ F6\ @3\ D6\ E7/ A7+ @4\ C8+
Trax_1463457 Adam vs. What did you say : @0/ B1\ A2/ @2/ B3\ C2+ D2\ D3\ D4\ @1\ B0+ A5/ @3/
Trax_1464360 Morticia vs. DINGEROO : @0/ B1\ B2\ C2\ B0\ A0\ @1\ C5+ B5/ E2+ E1/ B0\ A3+ F3\ G2+ E1+ D0+ G2\
Trax_1464416 curleyquenot vs. Morticia : @0/ B1/ A2/ B0+ @2/ C0+ A1\ @2/ D0+ E2\ B0\ A2+ D1/ D0/ E2\ E7\ F7\ D8\
Trax_1465306 Megababe vs. Kran : @0/ A2\ B2\ B3/ B1/ C2\ C1+ D2\ C0/ B1+ E4/ B5/ A4+ F4/ B6/ D7+ G6+ @5\ D8\
Trax_1465314 supermac vs. Adam : @0/ B1\ A2/ @2+ B0/ A0+ @1\ @1+ A0\ @4/ A5/ G3/ G2/ G1/ G0+ H1/ @5+ C6+ B7/ @4/ A6+ A3\ @3\ K5\ L5+ K6/
Trax_1466842 SweetCindyJo vs. Lilac Oyster : @0/ B1\ A2/ A0/ B3\ A4/ C2+ @2+ B0\ @4/ A3+ A5/ B6\ @4\ F5/ A3+ A2\ A1\ G3+ @2+ @2/ F0+ G2/ I6\ H7+ J5\ H2+ I2/ I1/ I0+ C1/ K6+ J7+ J1+ L2/ K7+ K8\ J8+ I9\ M2+ M1/ K0\ F10\ J11\ L9\ N6+
Trax_1467054 Arctic Warrior vs. aubug : @0/ A0/ @2+ @2\ D1/ B0\ B0\ A1\ @2\ B5/ A5/ @2\ A5/ A4\ @4\ B1/ B6+ G5/ B7+ E6\ E0+
Trax_1467055 Dania59 vs. SweetCindyJo :
Trax_1467463 Rogue Trooper vs. 15951 : @0+ @1+ A0/ B3+ @1/ C0+ A4/ RESIGN
Trax_1468714 SweetCindyJo vs. Oartkickel of the Wolf Pack : @0/ B1\ A2/ A0/ C2+ A0\ @1\ C1+ D4/ C5\ A2/ @1\ F3\ F1/ G3\ E0/
Trax_1468831 Misery Midnight vs. buttercups : @0/ A2\ B2\ B3+ C2/ C1/ A0\ @1\ E2/ A4/ A5/ @2+
Trax_1470828 sandie vs. Amanda : @0+ @1+ A2\ B0/ C1+ D2/ A1+ D3\ B4/ E3/
Trax_1470981 DINGEROO vs. Marko : @0/ A2\ B1/ B0+ @3/ A4+ D2\ C3+ A5\ C4/ D4+ D5\ B6+ A1\ @2+ C0\
Trax_1471020 keops vs. csain1 : @0/ A0/ B2/ B3/ C3/ D3/ E3/ B1/ @1+ C0/ D1/ D0/ A0\ @3/ E0+ C0+ A3+ @6\ @6\ B7\ H9+ @3+ A2+ @4\ B7+ E8/ F0/ K8\ H11/ G11/ L9/ G0\ F0/ I14+ J14+ J15\ H15+ E14/ D12+ C13+ K9+ D0+ B1+ J7+ M10/ M9+ N11\ N12\ M15+ M7+ M6/ I5/ I4/ F0+ M17/ M6+ O14/
Trax_1471095 Dawnas AZ vs. STrek : @0/ A2\ B2+ C2\ @1/ D3+ B3+ D4+ B4+ C5/ B0/ C7+ E4\ E7\ C1\
Trax_1471131 drgnrdr vs. karosel MIA : @0+ @1+ A0/ B3\ B0\ A4/ B5\ C3+ D3\ @3/ A1\ A4+ @2/
Trax_1471146 drgnrdr vs. Amanda : @0+ B1+ A0/ B3\ B0\ C3+ @2/ D2+ E3\ B0\ C1+ D6+ E1/ D0\ F4+
Trax_1472354 supermac vs. karosel MIA : @0/ A2\ B1/ A0/ @3\ @3/ B4\ C0\ A2\ B1+ @4\
Trax_1472355 supermac vs. Amanda : @0/ B1\ A2/ @2+ B0/ C0/ D3\ C0+ C5+ A6/ @5/ C6\ C7\ A4+ E6/ @3\ D2+ B6/ B1\ A1+ C0/
Trax_1474464 FixitDave vs. Amanda : @0+ B1+ A2\ B0/ C1+ B4\ C3+ A1\ C0\ @4/ B5+ D5+ E3+ A5+ C6+ D6+ D7/ E2+ F3+ E7\ C8\ @5\ C8/ B7+ A6/
Trax_1475045 bigdan409 OTWP vs. Amanda : @0/ B1\ B2\ C2+ A2/ B3\ A3+ @3/ C4\ A2+ E2/ F2+ C5+ @4+ D6+ D0\ F5\ E6+ G5+ A3\ C0\ H6\ H7\ F8\ @4\ B1+ H2\ J7\ H8+ I9/
Trax_1475451 SarahMills vs. Marko : @0/ B1\ A2/ @2+ @1/ D2+ C0+ D1+ E3\ E4\ D0/ E1/ F2/ A1\ F1+ C0+
Trax_1476817 Megababe vs. MountainMist : @0/ B1\ A2/ @2+ D1\ @2+ C0/ C0/ E4+ C5+ A3+ @4\ G2+ E0+ A2\ @2\ B1/
Trax_1476888 balmoral vs. drgnrdr : @0+ B1/ B2\ C1/ A2+ B0+ C3+ @1/ C0/ B1+ A4+ C0/ @3/ B1+ @1\ B0\
Trax_1476889 drgnrdr vs. balmoral : @0+ B1\ B2\ @1/ D1/ C0\ C0\ E4+ A1\ C5+ @2/
Trax_1476894 drgnrdr vs. Barbie : @0+ @1+ A0/ A3/ C1\ B0+ @2/ A1+ B5/ E1+ D4\ E3+ E5\ E6+ F3\
Trax_1476895 Barbie vs. drgnrdr : @0+ @1/ B0+ C2\ C3\ @3\ C0+ A2\ D1/ @2/
Trax_1476896 drgnrdr vs. Senorita ZORRO_ : @0+ @1\ A0\ C1/ B0\ C3+ C1/ B0\ C1+ A2\ C5\ D4/ B0+ A2+ D7/ @2+ C7/ C8/ A4+
Trax_1476897 Senorita ZORRO_ vs. drgnrdr : @0+ B1/ B2\ C1/ A0\ @1+ A0\ B1+ D4+ D5\ E5\ E2+ A0\ F5+ D1\ F2+ B0\ G5\ E8\ C8/ C9\
Trax_1476900 Misfit Lenrad6672 vs. Nikki : @0/ A2\ B1/ B2+ B3\ C2/ D2/ C1/ D1+ C0\ E4\ D5/ F3/ E2+ F2+ E1\ C0\ G3/ C0/ D1/ D0/ G4/ E2+
Trax_1476901 Nikki vs. Misfit Lenrad6672 : @0/ B1\ A2+ B2+ A3/ B3+ A4\ @4/ A5/ B5+ C4+ D4\ D1/ C0\ C6\ A7/ @7\ @7/ A8/ F4/ G4/ E0/ F2+ F1+ G2\ H4\ I4\ B9+ A10\ @10/ A11/ D2\ D1\ D0\ C1\ C0\ B1\ B0\ C13+ B0\ D14/
Trax_1476902 Misfit Lenrad6672 vs. Nina : @0/ B1\ A2/ @2+ B3\ C2+ C3+ D2+ E2\ D3\ E3+ C4+ C0/ D1/ D0/ E2/ F4\ A2\ @3/ F1/ G2/ H4\ @4/ C5/ C6/ G6\ F7/ I2/ J4\ H1+
Trax_1476903 Nina vs. Misfit Lenrad6672 : @0+ @1/ A0\ @2/ D2/ @2\ A1\ @1\ A0\ @1\ A0\ @1\ D0+ @5/ E6+ @2\ A1\ A0\ @4+ J5/ F8\
Trax_1476904 Misfit Lenrad6672 vs. Rogue Trooper : @0/ A0+ @2\ B0/ C1/ @3/ A4/ B1\ C0/ @5/ F3\ F4\ F5\ B6+
Trax_1476905 Rogue Trooper vs. Misfit Lenrad6672 : @0/ B1\ A2/ @2/ C2\ B3/ B0/ B5\ C5\ C6\ D4/ A6/ A7/ @5+ E0/ F1/ B1\ F6+ D0\
Trax_1476908 Nikki vs. Rogue Trooper : @0/ A0+ A0\ @1\ @2\ C0/ D2\ @4+ B5/ B6/ A5/ D6\ E5\ D7/
Trax_1476909 Rogue Trooper vs. Nikki : @0/ B1\ A2/ B2+ B3\ A4/ @4/ C5\ D5\ A3+ A1\ B0/ @4+
Trax_1476910 Nina vs. Rogue Trooper : @0+ A0/ B2+ B3\ C3+ D2\ C4+ D1/ D0+ E3/
Trax_1476911 Rogue Trooper vs. Nina : @0/ A2\ B1/ B0+ B3\ C2/ A0/ @1+ @3\ B4+ A1\ B0/ D1/ D0+ E2\
Trax_1476936 nisqually vs. Honeybear : @0/ B1\ A2/ @2/ @2/ C3+ D3\ D4\ E4\ C5/ B4+ F4+ G3\ H4\ H5\ G0/ C7+ H2/
Trax_1476937 Honeybear vs. nisqually : @0/ B1\ A2/ @2+ A3\ C2\ B0/ D3/ E3\ D4/ C5\ E2\ E4\ @3+ G3+ H3+
Trax_1476942 Honeybear vs. BrnIdGirl : @0/ A2\ B1/ B0+ A4/ @3\ C3\ D3\ A0\ @1\ C6+ B6/ A6/ @6\ B3\ A4/ B0\ A2\ @5/ B1+ D0+ E9\ G4+ H7/ F3+ H4/ I5\ A2\ @3+ @3\ B2\ A2+ C1+ E0/ A6+ @5/ B2\ C1/ C0/ C9+ B2\ A4/ @5\ D10\ D11\ F12/ C10+ B10/ A7\ @4/ L3+ L2/ K1+ J0/ M3/ N5\ J0+ K1/ L2+ N4/ O6+ L1/ N7\ O9\ O5+
Trax_1476943 BrnIdGirl vs. Honeybear : @0/ B1\ A2/ @2/ A3\ B3+ C2+
Trax_1476944 Honeybear vs. Allison : @0/ A2\ B2\ B3\ C2/ C1/ C0+ D2\ @2\ A1\ B0\ A5/ @5+ B6\
Trax_1476945 Allison vs. Honeybear : @0/ B1\ B2\ B3\ A3\ C3+ C4\ D1/ D0/ D4\ E3/ B5+ C1\ D0/ @5\ D7+ E7\ E8\ @6/ A7+ C7/ @7\
Trax_1476948 Pittsburgh Steelers vs. paganje : @0/ B1\ B2\ A2+ @1\ B0/ C4/ D4\ C5/ A1\ B5/ A0/
Trax_1476949 paganje vs. Pittsburgh Steelers : @0/ B1\ A2/ B2+ @1\ @1/ C0\
Trax_1476950 Pittsburgh Steelers vs. Phil The Hat : @0/ A0/ @2\ @2+ D1/ E1+ F1/ F0/ G1/ C1\ B1\ D0/
Trax_1476951 Phil The Hat vs. Pittsburgh Steelers : @0/ A2\ B1/ B0+ A0/ @3+ A0/ C5+ D3+ D5+ C6\
Trax_1476952 Pittsburgh Steelers vs. Goonerg : @0/ A2/ A0\ @1\ C2+ D2+ A0\ E3+ F3\ F4\ G4\ D5+
Trax_1476953 Goonerg vs. Pittsburgh Steelers : @0/ B1\ A2/ @2/ B0/ C3+ C4\ D4\ D5\ E5\ E6\ D7+ @1\ B0\
Trax_1476954 paganje vs. Phil The Hat : @0/ A0/ @2+ @2\ D1/ D0/ E1/ E0/ B5\ D0+ @4/ C7\ D0/ G4+ A7\ @4+ A7\ @4/ E0+ C9+ B10\ A10+ @8+ B3+
Trax_1476955 Phil The Hat vs. paganje : @0/ B1\ B2\ A2+ A3/ C2+ D2/ E2/ F1\ B4\ C4\ A5/ @5/ B0/ C0\ F5/ B8+ A3\ A1\ B0+ B0\ A2\ D2+ H5\ G8+
Trax_1476956 paganje vs. Goonerg : @0/ B1\ A2/ A3/ A0\ @3+ D2/ D1/ B0\ A1\ @3/ C0+
Trax_1476957 Goonerg vs. paganje : @0/ A2\ B1/ B2+ B0\ A1+ @3\ @2+ E3+ E4\ A3+ B4/ B5+ C0/ D7+ F5/ D0\ F8\ B8+ E9\
Trax_1476958 Phil The Hat vs. Goonerg : @0/ B1/ B0\ B0\ B0\ @4/ @4/ C3+ A5/ D6\ E4/ A7+ F4/ @3\ A2+ G6\ H3\ E8+ H0+ I4+ A8/ @8/ C9+
Trax_1476959 Goonerg vs. Phil The Hat : @0/ A0/ @2/ A0/ @3\ C1/ B4/ D3+ E2\ F2\ E4+ C5+ G1/ E0+ G5\ G6\ H4/
Trax_1476964 ZORRO_ vs. Arctic Warrior : @0+ @1+ B2/ A0\ @1+ D2+ @2/ A3/ A4/ F2+ C5\ D5\ E5\ F1/ D6/ B6/ E7\ F7\ G7\ D8+ @4/ B6/ A6/ B9+
Trax_1476965 Arctic Warrior vs. ZORRO_ : @0/ A0\ @1/
Trax_1476968 Dave (UK) vs. Arctic Warrior : @0/ A2\ B2\ B3/ B1/ C1/ B4\ C4+ C3+ D4\ C0+ D1\ E3/ C6/ A5/ @5/ F1/ F0/ A3+ @4\ C1+ A2\ B7/ C8/ @5+
Trax_1476969 Arctic Warrior vs. Dave (UK) : @0/ A2\ B1/ B0+ C1+ B0+ B4\ C4\ C5/ D4\ B5+ B6+ C6+ B7+ A6+ B8+
Trax_1476970 psycotic virus hacker vs. Arctic Warrior : @0/ A2\ B1/ B0+ A4/ @4/ A2+ @4/ D0/ C1+ A6+ @6/ B7\ F1/ A4/ E0+ E6\ F5\ G2/ E7\ F7\ G5/ H4\ I5\ B4\ E0\ A3\ @6+ B2/
Trax_1476971 Arctic Warrior vs. psycotic virus hacker : @0/ B1\ A2/ A0/ C2+ @1\ A0\ E3/ D1/ B0\ D5/ B6/ B0\ A2\ @4+ C0\ B2\ E8/ C9+ F8\ G8+ F9/
Trax_1477008 nursestary vs. Morticia : @0/ A2/ B2\ A3/ A4/ C2+ B3\ D2+ B4\ A5/ E2/ E1/ C0\ @3\ B1\ A1\ E1/ D0\ G4\ F5+ G5+ G6\ G7\ C8+
Trax_1477009 Morticia vs. nursestary : @0/ A2\ B1/ @2\ B0+ @2/ C0+ D4\ E3\
Trax_1477014 Morticia vs. golfnutrof : @0/ A0+ A0\ @3/ @1+ @2+ C4+ E2+ D5\ E5\ C5+ @2+ D6/ G2+ C6/ @2+
Trax_1477015 golfnutrof vs. Morticia : @0/ B1/ B2\ C2\ C1+ C0/ D3\ B1+ B0\ C5+ B0\ E4+ D2+ @2\ D7+ A6/ D0+
Trax_1477016 Morticia vs. Beaupol : @0/ B1\ A2/ @2+ A3+ @2+ C0+ @3+ B1\ A4/ B0/
Trax_1477017 Beaupol vs. Morticia : @0+ B1/ A2+ @1\ C0/ C0+ D2\ C0\ @2+ E1+ @2/ B4+ C0+ A6/ @5+ A6+ @4/ B3+ E0+ H2+ F1/
Trax_1477026 Misery Midnight vs. rebelyell : @0/ B1\ A2/ B2+ C2\ A3/ A0\ @3/ C5/ A4/ A5\
Trax_1477027 rebelyell vs. Misery Midnight : @0/ A2\ B1/ B0/ B3\ C2/ A4/ @4/ B0+ A2\ @2\ A1\ C0/ @3/ A5/ @2\ A1\ C0/ B0/ G7\ H7\ @2/ E2/ C0/ D2+
Trax_1477028 Misery Midnight vs. Adam : @0/ A2+ B1/ A3+ A0\ @3\ D1/ D0/ A2+ D4\ E4+ C5\
Trax_1477029 Adam vs. Misery Midnight : @0/ B1\ B2\ C2\ B3/ A3/ C0+ C0/ D3+
Trax_1477030 rebelyell vs. Adam : @0/ B1\ A2/ @2+ C2+ C3\ C0\ D3/ B5+ A5/ @5+ B6/
Trax_1477031 Adam vs. rebelyell : @0/ A2\ B1/ B2+ B3\ C1/ @2/ A3/ A4/ A5+ @5/ F1/ F0/ G1/ G0/ H4+ G6\ G7+ H7\ E8/
Trax_1477032 Kevin vs. Whistler Gandalf : @0+ A0+ A0+ B3/ @2\ B0\ @2+ C0/ D2\ E3/ A1\ E1/ B0/
Trax_1477033 Whistler Gandalf vs. Kevin : @0+ B1+ A2\ B0/ C1+ D1\ C3+ E3+ E4+ F3/ E1+ A4/ @3\ F5/ D5+ @3\ E6+ D6+ D7/ A1\ C7+ B6\
Trax_1477034 Kevin vs. firefly : @0+ @1\ C1\ A0\ B0\ C2+ B4/ D2+ @2+ A1\ @1\ A0\ A5/ @2+ C6/
Trax_1477035 firefly vs. Kevin : @0/ A0/ @1/ @1+ C0+ B0/ A4/ @1\ A0\ A5/ B6+
Trax_1477036 Whistler Gandalf vs. firefly : @0+ @1/ @1\ A0\ D2/ B3/ A4/ @3\ F2\ F3\ C4+ A2+ D1+ E0\ E6+ G6+ G4+ B1\ @2\ D0/
Trax_1477037 firefly vs. Whistler Gandalf : @0/ B1\ B2\ B3\ A2+ B4\ C2/ @4/ B5\ E2+ E1/ E0/ A3+ F1+ D0+ F6\ G4\
Trax_1477117 Misfit Lenrad6672 vs. MNFrog : @0/ A2\ B1/ B2+ B3\ C2\ C3+ D3\ D4\ D1/ E2+ D0\
Trax_1477624 Weth vs. Goonerg : @0/ @1/ B2+ B0\ B0\ C3+ A1/ C5/ D5\ C6/ A6\ @3/ @3/ @3/ B6+ B7\ B1+ B0/ D8+ @6+ B8+ A4+ @4+ B1\ E9+ C0/
Trax_1477625 Whistler Gandalf vs. game_77 : @0+ @1/ A0\ @2/ C3\ C4/ B4+ @2/ A1\ @2/ F2+ E1+ F1+ F0/ E1+ F0\ E7\ F6+ F7+ G7\ C7+ E1+ C1\ E0/
Trax_1477776 Marko vs. dboy97 : @0/ A0/ @2+ B0+ C2+ A4+ A0/ @1+ D5\ E5\ D1/ C0\ C7+ E2/ C8/ A5/ @5/ F8\ F5+ D9\
Trax_1478671 supermac vs. BrnIdGirl : @0/ B1\ B2\ C2+ A0/ A0/ A0/ D5/ E1+ D0/ D0/ E1/ F1/ @5/ G5+ H4\ H3+
Trax_1479618 SweetCindyJo vs. Kran : @0/ B1\ A2/ @2\ C2\ B3/ B0\ A1\ D3\ C4\ C5\ D1/ C0/ E2\
Trax_1479757 Rogue Trooper vs. What did you say : @0+ @1+ A0/ B3\ A3+ C1\ @2/ @2/ @2/ D0/ G2\ H2\ H0+ I1/ J1+ H0+ F1+ H7\ I7\ J5+ K3/ J1/ J0/ D3+ J8\ C2/ L5+
Trax_1479803 drgnrdr vs. BrnIdGirl : @0+ @1/ C1/ C0\ A1\ @1\ A2+ B0\ B0\ @3/ E1/ F3\ D0/
Trax_1479806 dolly vs. Whistler Gandalf : @0+ A0+ A0+ @3\ C2/ C3+ A1\ @1\ C0/ @1\ C0+ F2/ F1/ F0/ G2+ D7\ F7/ C1\ E0+ G6+ H4/ A2+ B1/
Trax_1479819 drgnrdr vs. csain1 : @0+ A0/ @1/ @1/ B0+ A0/ B0\ C2+ D1\ D4+ @3+ @4\ B5+ D6\ A2+ F0+ @6/ A7/ A8/ H5\ G7+ C9+ @8/ A4\ @5/ D1+ E0\ C3+
Trax_1480156 supermac vs. csain1 : @0/ A0/ @1/ A0/ A3+ B1+ C1\ @3/ A2+ D4/ @3+ A4/ D0/ C5\ C6\ F2\
Trax_1481414 Megababe vs. Jump This : @0/ @1/ C1/ C2/ D1/ A0+ B0+ C0+ E3/ E4+ @3\ G3+ C5+ A2\ C1+ @2\ B5+ C0+ H3\ A0/ C1+ @2+ C0/ @2/ A1+ B6+
Trax_1481503 drgnrdr vs. ScoobyRex02 : @0+ B1+ A0/ B3\ B0\ C3+ C5/ D3+ A5/ C6/ @4+ A2+ E5+ D7/ A6/ @6/ E8/ G4\ A9/ @8\ G9\ D10+ H8\
Trax_1481871 Marko vs. ScoobyRex02 : @0+ B1+ A0/ B3\ C2/ A3/ B4\ B0\ @2\ E4+ E2+ F4+ F1\ E0/ E0+ F1/ G3\ D8/ B1\ C0/ A3/
Trax_1481873 Marko vs. rockdude : @0+ @1/ B0+ C2\ A3/ @3/ A4/ A1\ @1\ E5\ F4+ G4\ F5\ F6\ G5\ H5\ F7\ H6/
Trax_1483437 Buz vs. drgnrdr : @0+ B1/ A2+ B2+ A3+ @1\ C0/ B0+ @1+ E2/ B0/ D1+ B0+ @3\ C0+
Trax_1484276 Lyonsgirl vs. Morticia : @0+ @1+ B2+ C1+ D1\ D2\ E2\ E3\ D4+ B0+ F4\ F6+ A5/ A6/ @2/ @4+ D6+ F7/ @4\ E7+ F8\
Trax_1484277 Morticia vs. Lyonsgirl : @0/ B1\ B2\ B3+ A3+ A4/ @4+ C4\ A5\ D3/ A1\ C5+ @2/
Trax_1485527 keops vs. kittlekitten : @0/ B1\ A2/ B2+ @1\ A0\ @3+ B4+ D4\ C1/ C0/ C6\ D6\
Trax_1486463 keops vs. Chad : @0/ A0/ @2+ A0/ @2+ @2/ E2+ F3/ E4+ E5/ G3\ B3+ E6/ E7/ F7+ G6+ C5+ D8+ D1/ D9/ B9+ A7+ @6/ I6/
Trax_1486464 Alko vs. Phil The Hat : @0/ A0/ A3/ A4/ @3+ C1/ @3/ @4\ @3/ @4\ C5+ H4+ C2+
Trax_1486496 Cachel vs. Arctic Warrior : @0+ @1+ A2/ C1+ @1+ A0\ C3+ E2+ @3\ B4/ C4\ C5\ A4/ @3\ C5+ E1\ E0\ F2+ D0\ C1\ C0\ B1\ B9/ A9/ A3\ @4/ A6\ B1/ H4/ B8\ A8+ G2/ H2/ I3\ C0\ A2\ F9\ F10\ C11+ H2/ G9+ I2+
Trax_1486585 aubug vs. STrek : @0/ A2\ B1/ B0+ C2/ B0+ B4\ B5+ C4+ B6+ B7+ B0+
Trax_1488756 Misery Midnight vs. Dania59 : @0/
Trax_1488811 Goonerg vs. dboy97 : @0/ A0+ @2/ C2\ C3\ C1+ D2+ A3\ B4\ B5\ A4+ B6\ @4/ A2+ D6+ B7+ @3+ @2/ B1+ D0/ B0+ H4\ A2+ @3+ B0/ E11/ C11+ B8/ A8/ @8+ C9+ A5\ @5\ I10\ I11\ I12\ G1/ H1/ F0\
Trax_1488862 ScoobyRex02 vs. Marko : @0/ B1\ B2\ C2+ C3\ D2+ D1+ C0/ C0/ B0+ A1\ @2+ E3+
Trax_1491045 SweetCindyJo vs. muffin man : @0/ B1\ A2/ C1\ @1\ A0+ A0/ B5+ B2+
Trax_1492755 Misery Midnight vs. NightWishes : @0/ A2\ B2\ B3+ C2/ C1/ D1\ D2\ D3\ C4/ B5/ A5/ @3\ E5\ F5\ D6/
Trax_1492757 Misery Midnight vs. Jane : @0/ A2/ B1+ C1+ D1/ E1/ A0\ @1\ F1\ F3\ G3\ D4+
Trax_1493202 spitfire vs. Honeybear : @0+ B1\ C1/ B0\ A3/ A0\ @2/ E3\ E4\ D5\ F3/ E2\ D1/ E0\ B7/ A7/ @7/ G2+ @5+
Trax_1493939 HeatherN vs. Lorraine of the Renegades : @0/ A2+ @1\ A0\ @1+ B3/ A3/ @3/ C4\ C5+ C6/ A2+ D4+ E4\ D5\ E3/ F4\ A1+ B0/ D2+ @2/ D8/ A6/ @5/ B7/ A6+ G2\ B8+ E0/ C10+
Trax_1494009 SweetCindyJo vs. Lorraine of the Renegades : @0/ A0+ @2\ A1\ @1\ A0\ @1/ @1\ A0\ F2\ D1/ A0\ @3/ B4+ F2/ E0+ G2/ H2/ E0+ @3\ A2\ C1/ A6/ A7+ @5/
Trax_1494373 Jane vs. Misery Midnight : @0/ A2\ B2\ B3+ C3\ D3/ D2/ A4/ C1+
Trax_1494375 SweetCindyJo vs. Oartkickel of the Wolf Pack : @0/ B1\ A2/ A0/ C2+ @1\ A0+ E3/ F2\ D1+ E4\ B0\
Trax_1494408 Mark Callaway 41 vs. Misery Midnight : @0/ A2\ @1\ C2/
Trax_1494450 Megababe vs. DINGEROO : @0/ A2\ B2\ A3+ A4/ @4/ @2/ C5\ D5\ E5\ A1\ @1\ C0/
Trax_1494451 Megababe vs. dingbat : @0/ @1/ @1/ A2+ @2\ B0\ B4/ C4+ C0\ E1+ C0\ C0+ B3+ A3\ @2/ @4+ @3/ B2+ B1\ I3\
Trax_1494454 Megababe vs. Misery Midnight : @0/ B1\ A2/ @2+ D1\ D0/ E2\ C0\ B2+ D0/ E2\ F3/
Trax_1495027 Misery Midnight vs. Mark Callaway 41 : @0/ A2\ B2\ B3+ C2/ @3/ A4/ E2\ D1\
Trax_1495202 NightWishes vs. Misery Midnight : @0/ B1\ B2+ B3/ A2/ @2/ A3/ A0\ @3+ C0/ D2+ E2/ E1/ F3\ F4\ B0\ A2+ @2\ B1\ B0\ A1\ C0\ B1\ F0/ G2\ A2\ A8/
Trax_1495370 klaashaas vs. Sarah : @0/ B1+ C1/ C0/ D1\ @2/ A1/ D3/ B4+ C0+ @5/ B6\ A2\ @3\ B1/
Trax_1495378 acelockard vs. HeatherN : @0/ A2\ @2/ C2/
Trax_1495529 drgnrdr vs. Trist : @0+ B1/ B0/ A0/ A0+ A0/ @1/ @3/ A4/ A5/ D2\ @2\ A1\ F1\ B0+
Trax_1496629 Jay RAA vs. Misery Midnight : @0+ @1+ B2\ A2/ B3\ C3+ C4+ D3\ C5+ A3+ A4/ @5/ B6\ C6\ E1/ F4/ D0/
Trax_1496965 Whistler Gandalf vs. faith64 : @0+ B1+ A2\ A0\ @1\ @1+ C0+ D2/ E2/ E1/ C0\ @3+ B1\ B0\ A5+ A6/ C7/ @4+ H5+ H6\
Trax_1496981 drgnrdr vs. Keizer Soze : @0+ A2\ @1/ B0\ A0/ C2+ @1\ B0/ B0/ D6+ D7\ C7+ A6+ E7\ E8\ F8\ D9/ B8+ G6/ E5+ @4+
Trax_1497004 SarahMills vs. STrek : @0/ A2/ A0\ @3+ @2/ A1+ B0+ D3+ B0+ E4+ B6+ F4+ B7+ G4+ B0+
Trax_1497073 drgnrdr vs. SunnyD : @0+ @1+ A0/ A3/ C1\ @1/ C0/ @2/ C5/ @3+ @3/ C6+ @3/ B2\ D1/ E1/ C0\ C8\ @6+ B9+ I5\ J4/ H7/ I2/ I1/ F0\ K4\ H1+ H0\ H10+ F1\ F0\ D13/ D14/ E12\ F12\ @8\ A7\ A6+ @7/ G3\ L10+ K12+ K13\ F3\ D4+ K2+ M10+ L5+ N8+ N6+ M4+ O8\ O6\ O5+ F2\ D3/ B10+ A6+ A11+ A9/ @8/ F13/
Trax_1497184 HeatherN vs. RubyJoy : @0+ B1\ B0/ C2\ C1+ A3+ @3/ E1+ D0\ A5/ B2+ D5\ B6/ E4\
Trax_1497623 Megababe vs. goldfreckles : @0/ A2\ B2\ B3/ B1/ C2\ B0+ C2+ D3+ D1\
Trax_1497643 Misery Midnight vs. Jay RAA : @0/ A2+ B1/ B0+ C2/ @3/ E3\ E4\ F2/ F1/ F0/ A2\ @3\ C1\
Trax_1497709 supermac vs. Trist : @0/ B1\ A2/ B0\ C1\ C2+ @2+ B0/ D4\ B5/ B0/ B7\ D0/ E1/ A1\ B0\ @3\
Trax_1497740 Buz vs. supermac : @0+ @1\ B2+ C1/ C0/ D1/ C0/ D1+ D0/ @2\ B1/ D1+ B0\ A1\ D1/ A0+ @1\ G3/ G2/ G6\ H4+ G7/
Trax_1498013 Megababe vs. Dionysos : @0/ B1+ C1/ C0/ B0/ A4/ A1\ @3/ B0/
Trax_1498144 dingbat vs. Megababe : @0/ B1+ A2+ C1\ A3/ B3+ B4+ B0/ B0/ A2+ D3+ B0\ C1+ E3+ D6+ D7\ @5+
Trax_1498154 DINGEROO vs. Megababe : @0/ B1+ @1\ B0/ B3+ D2\ B4/ C4+ E2/ E1/ C0\ E5\ F3/ E6/
Trax_1499019 STrek vs. game_77 : @0/ B1\ A2+ B2+ A3+ B3+ B4+ A4+ B5\ A5+ B6\ C5\ @4+ D6+ D7\ C7+ E5+ C8+ F5+ C9\ E9+ E10\ G5+ F10\ H5+
Trax_1499174 HeatherN vs. BIGDOGs : @0/ B1\ A2/ @2+ B0+ C3\ C4/
Trax_1499710 Morticia vs. Dawnas AZ : @0/ A2+ @2+ C1+ C0/ D2/ E2\ D3+ E3+ D4/ E1+ D0/ F2+ B5/ @4+ @4/ A5/
Trax_1500981 SweetCindyJo vs. RubyJoy : @0/ A2\ B2\ B3+ B4/ @4+ @4/ C5\ C6\ A2\ A1\ @4\
Trax_1500983 SweetCindyJo vs. BIGDOGs : @0/ B1\ A2/ B2+ C2\ C3\ D3+ @3\ E1/ C4+
Trax_1501427 Rogue Trooper vs. B Line electric streetcar : @0/ A0/ B2+ @1+ B0\ B0+ D3\ E3\ C2/ B0\ @5\ B2+ D6+ B6+ D7+ D1/ B0/ E3+ D9\ E9\ G4/ F2+ G8+ C9/ H5\
Trax_1501540 buttercups vs. SweetCindyJo : @0/ B1\ A2/ @2+ B3\ C3\ D2\ C4/ C0/ D1/ E3\ A1\ A0\ @3\
Trax_1501563 dolly vs. Phil The Hat : @0+ @1+ A2/ @2/ B0\ D2+ @2+ A0+ E2+ B0\ F3\ G4/ @1/ D6+ D2+ B0/
Trax_1502218 Megababe vs. Dionysos : @0/ A2+ A0/ B2/ @3+ D2/ D1/ @3\ A2\ F2+ F4+ F5/ G4+ H3\ H2+
Trax_1502234 Misery Midnight vs. bigdan409 OTWP : @0/ A2\ B2\ B3+ C2/ C1/ D1/ D0/ B0\ A1/
Trax_1502418 goldfreckles vs. Megababe : @0+ B1+ B2/ B0/ @2/ C4/ D2/
Trax_1503784 FixitDave vs. spitfire : @0+ @1+ B2/ B0/ C1+ C0\ D2+ E2/ D1/ D0/ E2/ B6\ C6\ D6\ F3+ F1/ G3/ @4\ A3\ D1\ D0+ D0/ E2/ C2\ B4+ E1/
Trax_1503807 Honeybear vs. washie224 : @0/ @1+ @1\ A0\ A0+ @1\ A0\ C5\ @2+ B3/ D6/ C5+ B4/ A4/ @3/ @3/ C5/ D6+
Trax_1505033 SarahMills vs. drgnrdr : @0/ A0/ B2/ B1+ A0/ C2/ B0+ A5/ B6/ @4+
Trax_1505406 SweetCindyJo vs. Oartkickel of the Wolf Pack : @0/ A2\ B2\ B1+ C2/ A0+ @2\ C1+ B4/ A4/ @4/ A5/ E2+ E5\ D0/ F4\
Trax_1505430 supermac vs. Oartkickel of the Wolf Pack : @0/ B1\ B2\ A2+ B3/ @2\ B0/ D1/ D0/ C6\ D6\ E3+ A1\ @2+ D0+
Trax_1505768 SarahMills vs. Marko : @0/ B1\ A2/ B2+ C1/ B0+ A1\ @1\ @1\ B3/ B4/ B5+ A4+ @2+ @2\ A1\ A0\ G2/ F0/ E0+ @4+ H8\ E9\ I6+
Trax_1506591 Misery Midnight vs. dolcol (LAW-10) : @0/ A2\ B2\ B1+ C2/ C1/ @1\ B0+ B0\ A1\ B5/ A5/ A0\ @5+
Trax_1506593 dolcol (LAW-10) vs. Misery Midnight : @0+ B1\ B0/ C1/ B0/ B4/ A4/ D2\ C4+ C5\ A1+ D5/ @3+
Trax_1506797 supermac vs. dolcol (LAW-10) : @0/ B1\ A2/ @2/ B0/ C3+ A4/ B5/ D1\ @4/ A5/ C0/ @3+ @1\ D0/ @3/ A4/ H7\ H8\ H5/ I5+ J5\ I7+ A5+ @3+ J3+ H1/ I1/ D8\ E0\ I10/
Trax_1506798 dolcol (LAW-10) vs. supermac : @0+ @1\ B2/ B0+ C1/ B0/ @2/ A1\ D1/ C0\
Trax_1507832 drgnrdr vs. rabbitoid : @0+ A0/ @1/ A3\ B4/ B0/ C4/ @1\ A0\ E3+ E5+ A5+ @4/ F7+ F8/ G6+ G5/ G2/ G1/ G4+ H5\ H7/ D1/ B0/
Trax_1507857 goldfreckles vs. Honeybear : @0+ B1\ A0/ A0\ @3\ A4\ @3+ A5/ @5\
Trax_1509797 Morticia vs. curleyquenot : @0+ A0+ @2\ C1/ C0+ D1/ D0+ C4\ D3\
Trax_1510020 Misery Midnight vs. Whistler Gandalf : @0/ B1\ A2/ @2+ B3\ C3\ D1/ B0/ @1\ A0+ A0/ B1/ A5/ @3\ @2\ E2+
Trax_1510050 Scorpius vs. SweetCindyJo : @0+ B1\ B2/ A2+ @2/ A3+ A4\ C3+ D3\ @2+ B1+ A3/ A0\ @2/ D6+ B0/ C2+ C1+ D2+ @4\ F8/ H6\ C7\ H4/ RESIGN
Trax_1510680 lexy vs. Morticia : @0/ A2\ B2\ B3+ @2\ B4+ C1/ D2\ B0/ @3\ D1+ E1/ F1/ C0+ E1/ C7+ G2/ C0+
Trax_1510681 Morticia vs. lexy : @0/ A2\ B2\ B1+ B0/ C3\ C4\ D3\ A5+ D4\ @4+
Trax_1511247 SweetCindyJo vs. Oartkickel of the Wolf Pack : @0/ B1\ A2/ B2+ @1\ B0/ @3/ C4/ D5\ E3\ @2\ B1/ C0\ F2/ G3/ E1/
Trax_1512212 drgnrdr vs. CHESSCATJAY : @0+ @1\ C1\ @1\ C2/ C0/ B0+ B0/ D2+ E5/ F4\ C6/ @5+ H2+ D7/
Trax_1512469 lapman vs. drgnrdr : @0+ B1+ B0+ B3/ @2/ @3\ B1/ E3/ B4+ D4+ B5+ F2\ G3/ E1/ E0/ B1+ D0\ H6\ F7+ B1\ C0\
Trax_1515449 Morticia vs. sagitarius : @0/ A2+ @2+ @2\ A1\ B0\ @2+ C4/ A1\ C5/ @2+ E5\ F3/ D6\
Trax_1516604 Marko vs. Keizer Soze : @0+ B1+ B0\ B3\ C3+ D2\ C1+ @1\ A0\ F4\ D5\ F3+ F5\ D6\ C5+ G4/ G2+ G1/ H3\ H6\ H1/ I5\
Trax_1516610 Geri39 vs. HeatherN : @0/ B1/ C1\ B2/ @1\ A0\ B3+ A3+ @2+ @2\ @1\ B0/ B4+ C1/ D5/ A1\ A0+ B7/ A6+ A5+ @3\ D8\ E7+ F7/ F2/ F1/ C1/ G3+ D1+ E0/ G7+ F1/ B1/ E9+ C1+ A7/ A5/ A8\
Trax_1518328 Honeybear vs. goldfreckles : @0/ A2\ B2\ C2\ A3/ @1/ @2\ F3/ B0+ @2\ F5+ E2/ H4/ F2/ E6\ E0+ G2+ E0\ E9/ I6/ C8+ G1/ D9+
Trax_1518883 Jump This vs. dboy97 : @0/ @1+ B2/ A0\ A4/ @3+ B0\ A1\ D4\ RESIGN
Trax_1518957 Phil The Hat vs. Goonerg : @0/ A2/ B1\ @1/ A2/ B3+ C3\ D3+ B4/ A0\ @1\ E1/ A2/ C0/
Trax_1519010 MikeyB vs. Megababe : @0+
Trax_1520338 Kevin vs. Phil The Hat : @0+ @1+ B0+ @2+ D2/ E2/ @2/ @2/ B1+ D1+ @2\ C3\ C4\ B5+ A4/ @4/ A5/ C6\ @3+ B2\ B1\ A1\ C0/
Trax_1520339 Phil The Hat vs. Kevin : @0/ A0/ A0/ A0/ A0/ @3+ C4+ @1\ A0\ A6/ B7\ @4+
Trax_1520686 Beaupol vs. drgnrdr : @0+ @1/ B0+ C2\ A3/ @3/ A4/ @2\ B1+ C5+ C6/ B7\ F4+ F2+ E1+ A5+ @5/ A1\ C0/ @3\
Trax_1520863 keops vs. Sarah : @0/ B1+ C1/ C0/ B3+ B4/ @4+ E2+ D4/ D0/ B1\ C0/ A4\
Trax_1521259 keops vs. sagitarius : @0/ A2\ B1/ @2\ @1/ B0+ @2/ D4\ E4\ C0+ F4/
Trax_1521267 ROCKY MIA vs. doc harley : @0+ @1\ B2/ A0/ B1/ A4/ @3+ @2\ B1+ A1+ B0+ E4\ D5+ E5+ D6+ B0\ A1\ B7/ @2+
Trax_1521368 lapman vs. spitfire : @0+ @1/ @1/ @1\ B0/ C3\ B0\ A1\ A0\ E4\ @2+
Trax_1521433 Honeybear vs. MIA 29892 : @0/ @1\ A0/
Trax_1523521 drgnrdr vs. keops : @0+ B1+ A0/ B3\ B0\ A0/ C2+ D1\ E1\ F2/ D3\ D4\ G1\ C0+ G4\ H4\ H2+ B0/ A2+ @5+ @4/ D0+ G8\ G9\ B7/ @7/ A8/ I2+ F1+ L6\
Trax_1523556 Honeybear vs. STrek : @0/ A2\ B1/ B0+ @3\ B0+ D2\ @3/ D4+ B5+ A0\ @3+ D1/ C0+ B0\ A2+ D2+ D1/ C0/ A9/ @3\ A7/
Trax_1524591 supermac vs. bigdan409 OTWP : @0/ B1\ B2\ C2+ A0/ @1\ A0\ @3/ A4/ A5/ E1/ C0+
Trax_1525414 Pammie vs. supermac : @0+ A2+ A3+ @3\ C3\ A4\ D4\ B5/ D5+ D6\ C2/ D2/ E2/ @5\ F5\ G5\ @5\ G6+ G7\ H2+ I5\ B3\ I2\ J3/ J1/ G0+
Trax_1525943 Oartkickel of the Wolf Pack vs. drgnrdr : @0+ B1/ A0\ C2/ A3/ @1\ @1+ B0/ D4+ A5+ @3\ C6/ F5\ G5\ C0/ D7\ C8/ G5/ H6\ A7+ D8\ E9/ @4\ @7\ F2+ C2+ H1/ A4\
Trax_1527301 Nirvana vs. drgnrdr : @0+ @1/ C1+ A0/ D2+ C3/ @2+ D1/ E3+ D0\
Trax_1529150 MIA 29892 vs. spitfire : @0+ B1+ C1+ D1+ @1+ F1+ G1+ H1+
Trax_1531421 Jump This vs. ScoobyRex02 : @0/ A2\ B2\ B3+ @2+ D3+ @2+ B4+ F3+ A3+ A1\ C0/ D1/ E2/ C0+
Trax_1531583 prettywoman vs. HeatherN : @0/ A2\ B1/ B0+ C1\ B3\ @3\ C0+ B5\ C5\ C6\ D6\ E4\ E6\ E7\ F7\ F8\ G8\
Trax_1531596 Adam vs. dboy97 : @0/ @1+ B0/ @1/ B0+ C0+ C0/ D4/ @3\ B2+ E6\ F5/ F2+ @4\ B5+ @4\ A3\ C6\ B6+ E6+ @6/ C7/ B2+ C1\ E0\ H1+ F8/ F9/ J2\ G0/ H11+ I11\ J10+ F12\ C10\ C11\ B10+ D12/ E13/ A9+ @9/ G0+ E3+ C14/ B13\ D2/ E1\ E0\ L4/ L3/ I2/ G1/ D0/ J4+ L3/ J2\ I1/ I0/ L11/ K10+ L10/ M9\ M14\ N14\ K16/
Trax_1531605 irishmiss vs. Megababe : @0+
Trax_1533904 Kran vs. STrek : @0/ B1\ A2/ @2+ B0/ @3+ A1\ C0+ C5/ D4\ E3\ A1+ @3+ E1+ F4+ F5\ D6/ C0/ B7/ A2+ C8/
Trax_1534009 Honeybear vs. washie224 : @0/ A2\ B1/ B2+ B3\ C1/ C0/ D3\ E3+ E4\ B5\ A5/ B6/
Trax_1536213 Marko vs. Freight Train : @0+ @1+ B2/ A0\ @2/ D3/ D4+ @3\ E5\ F2\ C4/ C5/ F6/ B4+ A0\ @4\ B6+ H5+ B7/ B0+
Trax_1539195 Morticia vs. sagitarius : @0/ B1+ B0+ C2/ B3+ B0/ D1+ B5/ @5+ F1/ D0\ D0\ B1+ A1/ B0+
Trax_1540484 Carol91859 vs. drgnrdr : @0/ A0/ B1+ C2/ B0+ @2\ B1\
Trax_1542288 game_77 vs. STrek : @0/ B1+ B0\ C2\ @2/ C3+
Trax_1542289 spitfire vs. Honeybear : @0+ B1\ C1/ B0\ A3/ @3+ A4/ E2\ E3\ B4+ A5\ C5\ C6+ F4/ C7/ D5+
Trax_1542308 Megababe vs. Dania59 : @0/
Trax_1542453 HeatherN vs. Tigger : @0+ @1\ A2/ @2/ C2+ D1/ B0\ A1\ @3/ C0+
Trax_1542569 klaashaas vs. pioenroosje : @0/ B1/ A2\ B0+ A0/ @2+ @2/ B4+ D0\ E4/ A1\ A0/
Trax_1542572 klaashaas vs. SarahMills : @0/ A0/ B1/ @1\ B0/ B0/ C5\ D4/ D3+ A1\ B0/ C7\ B8\ D6+ E4/ C3/ F4\ E5+ @2\ @4+ A6+ @6\ A2\ A1\ I5\ H7+ A4+
Trax_1542587 ROCKY MIA vs. doc harley : @0/ A2\ B2\ A0/ B2+ C1/ C0/ @2\ B1/ C0\ D4\ E4\ E5\ C6\ E3+ A1\ F4+
Trax_1542647 pioenroosje vs. klaashaas : @0/ A0/ B1+ C1\ D2/ B0/ A4/ E4\ D5/ E1/ F3/
Trax_1542724 SarahMills vs. drgnrdr : @0/ A0/ A3/ B2+ A4/ @2\ D2/ E2/ B5\ B6\ A5+ C5+ D3+ E4+ F4\ E0/ F2+ D0+ B2+ @5+
Trax_1542750 Rimon vs. klaashaas : @0/ A2/ @1\ B0/ B4\ C4\ @3/ A4/ @2\ C5+
Trax_1542783 Rimon vs. drgnrdr : @0/ A0/ @1/ @1/ D2/ D3/ B0+ @2/ B0/ B4+
Trax_1543397 SarahMills vs. klaashaas : @0/ @1/ A0/ @1/ C1/ B0+ C0/ D1/ E1/ E2/ F1/ D0\ C1+ C6\ D5+ F5\ G3+ E6/
Trax_1543573 Beaupol vs. klaashaas : @0+ A0\ A3/ @1\ @3+ B0/ A5/ A6/ @6/ D6\ B1\ B0/
Trax_1543611 klaashaas vs. Beaupol : @0/ A2\ B1/ B0+ A0/ @1+ A0\ @1\ A4\ @4\ A0/ E2+ F4/ @5\ B6/ C7+ C0\ E0+ @5+
Trax_1544847 Jump This vs. keops : @0/ @1/ B0/ @1+ C0/ C0+ D3+ A5\ D1+ @5/ A6/ A1\ RESIGN
Trax_1544890 ScoobyRex02 vs. drgnrdr : @0/ A0/ B1+ C2/ A3+ @3/ A2+ D4/ A4/ @2\ @2+ G4\ G5\ H4+ E5/ G6\ B5+ I4/ A1+ A0\ @1\ A0\ J7+ J3+ F1+ K4+
Trax_1546063 marlisam vs. drgnrdr : @0/ A0/ B1/ @1\ B0+ @2/ A3/ B4/
Trax_1547289 Chad vs. Goonerg : @0/ B1/ A2\ B0+ A0/ @1+ B0/ D1/ B0/ C0\ @2/ A6/ A7/ B8/ A0+ @3/ @3+ A4/ A0\ @3/ F1/ C0+
Trax_1548060 jbdobie vs. drgnrdr : @0+ B1\ @1\ B2/ @1\ C0/ D4\ E4\ A4/ @4\
Trax_1548061 drgnrdr vs. jbdobie : @0+ @1+ A0/ A3/ A0/ @3\ D1/ D0/ B6/ A1\ C0+
Trax_1548064 REBEL DJ vs. drgnrdr : @0/ A0/ B1+ C2/ D1\ B3+ C0/ C0/ B2+ A1/ @2\ @1/ F1/ E0+
Trax_1548065 drgnrdr vs. REBEL DJ : @0+ A2\ @1/ B0\ A0/ C2+ D1\ D3+ @2+ B0+ @4\ @3/ G1/ H2\ E0+
Trax_1548066 Sarah vs. drgnrdr : @0+ @1\ A0/ @2\ @1/ B0+ D2/ C4\ @2+ @2\ A0+ B5/ B6/ A0/ @2+ @3\ A4+
Trax_1548067 drgnrdr vs. Sarah : @0+ B1+ A0/ A3/ C1\ D1\ E1\ E3+ A4/ C0+ @4+ G2\ B6/ @6+ D7+ E0/ E0/ G9\ H10/ I6+
Trax_1548068 Honeybear vs. rebelyell : @0/ A2\ B1/ @1/ C2\ D1+ C0+ A4/ @3\ A4+ A5\ B6+ F2\ E3\ E7+ F7\ G7+ E8+ C0+ G9\ F10/ D9/ H9\ E11/ @4\ E1/ F1+ F0/ H3/ G1+
Trax_1548069 rebelyell vs. Honeybear : @0+ B1\ C1/ A0/ A0/ C4\ D3/ @3/ A4/ D5\ C5+ E4+ D2+ A6/ @5\ C7\ D6+ G5\ D0+
Trax_1548070 Honeybear vs. Rogue Trooper : @0/ A2+ @2\ A0\ @3\ @3\ E2+ C4+ D0+ E2/ A6/ @6/ G2/ G1/ E0\ B3\ A3\ A0\ @1\ B6\
Trax_1548071 Rogue Trooper vs. Honeybear : @0/ B1\ A2/ B2+ @1\ B0/ D2+ B0\ A1\ A0\ @1\ @1+ D0+ E3+ G5+ @3\ B5+
Trax_1548072 Honeybear vs. SarahMills : @0/ @1/ B0\ A1\ @1\ @1\ B0+ B3/ D0/ E2\ B5+ A5/ @3\ F4/ @4+ C6\ E0\ D1\ D7\ A7/ C2\ @7\
Trax_1548073 SarahMills vs. Honeybear : @0/ B1\ A2/ @2/ B0/ D1/ B0/ A5\ @2+ @3\ A5/ D5+ C6/
Trax_1548074 rebelyell vs. Rogue Trooper : @0+ B1/ B2\ C2\ C1+ B3+ D3/ C4+ B0/ E5\ C6\ E2/ F4+ D1/
Trax_1548075 Rogue Trooper vs. rebelyell : @0/ B1\ A2/ A0/ @1/ A2+ @2+ A1+ @2+ F1/ E0\ F1+ G2+ H3/ H4+
Trax_1548078 Rogue Trooper vs. SarahMills : @0/ A2/ @2+ A3\ @3\ @2/ @2/ B1+ E0/ F1/ B5+ @4+ G5\ F6+ H5/
Trax_1548079 SarahMills vs. Rogue Trooper : @0/ B1+ A2+ C1\ B3\ D1\ E1\ E0+ F3\ F4\ D4\ D5\ D6/ B6/ A5+ C7+ @3\ C1+ @3/ C7/ C1+ C8\
Trax_1548088 Dave (UK) vs. Phil The Hat : @0/ @1/ A2+ @2+ C0+ D2+ A1\ B0/ @3+ E1/ D0\ F4/
Trax_1548089 Phil The Hat vs. Dave (UK) : @0/ A2\ B2\ B3+ A4\ @4+ @3+ @3\ A1+ D0/ F4+ E2+ G4+ F1/ H4+
Trax_1548090 Kran vs. Phil The Hat : @0/ @1/ B0/ A3\ @1\ C0/ C0\ @3+ B5+ B6/ C1+ B1+ C0/ D0\ B2+ A2\ @2\ C9+ E8+ F7\ A5/ @2\ G3/ H3+ I3\ H5+ H2/ F0\
Trax_1548091 Phil The Hat vs. Kran : @0/ B1\ B2\ C2/ D2+ D1+ E1+ F1\ F2\ C3/ A0/ D5+ E1/ E0/ @3+ H5/ G7+
Trax_1548269 klaashaas vs. Rimon : @0/ A2/ B1+ A3+ C1/ C2+ @3\ A0\ @1\ E1/ B0+ F3+
Trax_1548893 supermac vs. drgnrdr : @0/ A0/ B1\ A3\ B3\ @1\ A0\ B5\ A4+ A0\ @4/ E5+ E6\ F5/ G5/ E7/ B7/ A7/ H4+ @3+ E2+ F2/ A0\ @4\ E1/ D0\
Trax_1550023 Honeybear vs. MikeyB : @0/ A2\ B1/ B2+ A3/ @2\ D1\ A3/ @2\ D0/ A4/ @4/ B0+ B0\ A3+
Trax_1550885 keops vs. Linda : @0/ B1\ B2\ A2/ B3/
Trax_1550922 keops vs. ScoobyRex02 : @0/ A2\ B1/ B0+ @3/ B4\ C4\ D2/ A4+ A5/ A6+ @6/ E6\ E7\ E3+ F4/ A3+ F6/ G2/ G1/ G0/ G8\ F9/ H1/ E0+ B9\ @5/ B6+ A8/ @5/ E10/ F11/ B11+ A11/ @11+ C12+ K6+ L3+ G1+ H0/ A7+ @10/ F3\ F2\ C5+ B5\ L9+
Trax_1550984 keops vs. LazerLady : @0/ B1\ B2\ C2+ B0+ D3+ D1/ B0/ E3+ @3+ A2+ @3/ A4/ A5+ B6/ B1+ D0/ E7+ B8+ @6/ G1/ I2+ F0/
Trax_1551514 LazerLady vs. heidibb : @0+ @1\ A2/ @2/ A1+ D1/ D0/ A4\ C3+ E1/ E0/ F1/ C0+ @4+ B3+ E5\ E6\ F0/ F0+
Trax_1551694 ScoobyRex02 vs. heidibb : @0/ A2+ @1\ A0\ @1+ C4\ D2/ C1+ A0/ E4+ D6/ B5/ F5/ E7+ F8/ G5/ H6+ G9+
Trax_1552067 Arctic Warrior vs. Abaitha : @0/ B1/ A0\ @2/ C3\ D3\ B4/ B5+ D2+ A1\ @1\ D6/ F2/ G2/ G1/ D0\ B6+ A5\ A6+ @2+ C7/ E8/ A6+ @6/ A7/ C8\ I1/
Trax_1552068 Arctic Warrior vs. heidibb : @0/ A2\ B1/ B0+ @3/ A4/ C3\ D3\ C0\ B5+ A2/ B6/ @5/ A6/ E2+ E6\ E7+ F5\
Trax_1552069 keops vs. Arctic Warrior : @0/ A2\ B1/ B0\ A1+ @1/ A0/ @2\ B0/ A4/ @4/ A5\ E1/ B5+ F3/
Trax_1552081 Linda vs. heidibb : @0/ B1\ @1\ C2/
Trax_1552274 Phil The Hat vs. Jump This : @0/ A0/ A0/ @3/ @2+ @3\ @2/ @2/ @3\ C4+ C1\ C0\ B2+
Trax_1552370 Marko vs. Lillie : @0+ @1\ A0+ @1/ C3/
Trax_1553538 Arctic Warrior vs. REBEL DJ : @0/ A0/ @2/ A3/ @2/ @2\ A3\ @2+ @3\ C1\ B0/ A2+ E1/ D0/ F2+ A1\ B6+ C0+
Trax_1553603 keops vs. hunnybunny hears yr heart : @0/ A2\ B2\ B3+ @2+ B0+ A5/ @5/ @5/ B4\ C1+ D0/ A3\ A2\ @5+
Trax_1553608 hunnybunny hears yr heart vs. heidibb : @0+ @1+ A0/ B3\ A0+ A0\ @1\ C6/ B6/ A0\ @1\ D1/ E4\ D0\
Trax_1554309 Arctic Warrior vs. Linda : @0/ A0\ @2\
Trax_1554352 STrek vs. Tolp : @0+ A2/ A0/ @3\ A2\ C3/ D2+ E2/ E0+ @2/ A1+ D0/ @3/ @3/ B6+
Trax_1555798 drgnrdr vs. dolcol (LAW-10) : @0/ B1\ A2/ A3/ A4/ B2+ @4/ @1\ A0\ D6\ E4/ @5/ A6/ A7/ E1/ F1/ G1/ D1\ G0+ H2\ G6\ H6+ G7\ H8\ I6\ H1/ I2\ E0/ C10+ @7\ G10\ F11/ A3\ B2/ @7+
Trax_1556447 Marko vs. Freight Train : @0+ B1/ A2\ A0+ @1\ C4\ D4\ D2\ C5/ B5/ A2/ @3\ E6\ F4\ B6+ @4+ @4/ E7+ E8\ B7+ C8/ E9\ H7/
Trax_1556494 csain1 vs. drgnrdr : @0/ A0/ A3/ B2+ B0\ A0/ @3+ D4/ @5/ A6/ C6+ F3\ F0+ G3\ B1\ C0/
Trax_1556538 spitfire vs. Lillie : @0+ @1\ A2/ @2/ @2/ C0/ E2\ D1+ D0+ D4+ D0+ D0/ E1\ E2\ C2\ E0/ F1/ C8+ F4\ F6\ B5\ F8\ B3/
Trax_1556574 keops vs. Kevin : @0/ A0/ A0/ A0/ @3+ C4+ D3+ C0+ C6\ D6\ @5\ @5\ G5+ F7/ E0\ E0\ G4+ H4\ D2\
Trax_1556600 HeatherN vs. AugieDawg : @0/ A2\ B1/ C1/ A3/ @3/ C2\ E1\ E2\ A2\ @3/ G2\ C0+ G1/ E0\ H2\
Trax_1557455 Arctic Warrior vs. sandie : @0/ B1+ A2/ B0/ A4/ @3+ D2\ @3\ D5\ B1+ D0/ D7+ @3+ E8+ B1/ E0/ @4+ @4\ A3\
Trax_1558706 ScoobyRex02 vs. Honeybear : @0/ B1\ B2\ A2+ A3+ @2\ B4/ A0\ @3\ C0/ D1/ E2/ F2/ F1/ F0/ F0+ G1+ E7\ E8\ C9/ B8+
Trax_1558763 Megababe vs. frolind :
Trax_1561289 itb4me2 vs. Arctic Warrior : @0+ @1\ A2/ @2/ C0/ D2/ C0\ D2/ B1\ A1+ A0/ C0+ A4+ @3\ F5\ D6\ D7\ A4/ @2/ B1+ C0\ H6+ A5/ @4\ D8/ E9/ A5/
Trax_1563478 csain1 vs. klaashaas : @0/ @1/ @1/ A0/ A0/ B4/ A4+ C2/ C1/ A5\ D4+ E1+ B0+ @2\ @2+ A1\ A0\ G2/ G1/ H1/ H4+ A6+ B8+ @5+
Trax_1563482 drgnrdr vs. ScoobyRex02 : @0/ B1\ A2/ @2+ @1/ B0+ @3\ D4/ D5/ E3+ D0\ A5/ @5/ A3+ F1/ @5+ F0/
Trax_1565654 Honeybear vs. hoot : @0/ A2\ B1/ B0+ C2/ D2\ B3+ C0/ D1/ @2\ F2+
Trax_1569821 ScoobyRex02 vs. Arctic Warrior : @0/ B1\ B2\ C2+ B3/ A3/ @1\ A0\ C1+ C0/ B6/ A6/ @2\ A1\ D0/ F5+ D8\ E8\ F4+ F6\ G5/ C9\ B10/ A10/ D0\ C1\ @2/ C0\ D1+ B9+ C0+ B1\ @4/ @3/ B0+ @4/ E1+ B5+ G15\ H14+ C0/ I5+ K7+ L7\ H16+ I16\ J14/ K13\ L10+ B7+ D11/ M10+ A1\ M11+ B0/
Trax_1569959 Robyn Hode vs. Megababe : @0+
Trax_1570065 Kevin vs. Phil The Hat : @0/ @1/ @1/ B0+ @2/ A3/ @3/ A4/ @4/ A5/ @2+ A0+ D7+ C0+ H8+
Trax_1570066 Phil The Hat vs. Kevin : @0/ A0/ A3/ A4/ A5/ B3+ @5/ D1/ D0/ D6\ B1/ E4+
Trax_1570069 Kevin vs. Rogue Trooper : @0+ B1/ @1/ C0/ B0/ A2+ C4/ D4+ D5\ D6\ E6\ F5+ C7+ B5+ @4\ @4\ C7+ C8+
Trax_1570070 Rogue Trooper vs. Kevin : @0/ A0/ @2/ A0/ B4+ C4\ A0/ C2/ D2\
Trax_1570071 Phil The Hat vs. jbdobie : @0/ A0/ A0/ A4/ B4\ B5\ B6\ @3+ D5+ A0\ @1\ E1/ B0+ F3/
Trax_1570072 jbdobie vs. Phil The Hat : @0/ A2/ @2\ B3/ A4\ @3+ @2/ E1/ C5\ F1/ A5/ RESIGN
Trax_1570073 Phil The Hat vs. Rogue Trooper : @0/ A2+ A3/ @3/ C2+ C3+ A4/ A5+ @3+ C0/ E3+ B2+ @3+ D0+ D0\ B1+ E9+ F6\ D0/ E3/ F5+ @6\ B8/ B9/ E11\ B2/ D11/ F12/ H5+ @6/ A7+ @6/ J6+ K5\ B5+ A4/ J9+ K7+ J11\ K11\ K9+ L6+ L9+ M7/ L11\ D12/ M11\ N9/
Trax_1570074 Rogue Trooper vs. Phil The Hat : @0/ A0/ @2/ B0+ C3+ C4\ C5+ D5\ D4+ E3\ D2+ @3/ G2/ F1+ G5\ F6/ H3\
Trax_1570075 jbdobie vs. Rogue Trooper : @0+ A0/ A3\ B1/ B0/ C4+ C5\ C6\ D5/ D1+ E6\ E7\ A0\ @1\ F4/ G6+ G4/ H6\ E1/ E0/ F3+
Trax_1570076 Rogue Trooper vs. jbdobie : @0/ @1/ B0/ @1+ C0/ @2/ E3+ D4\ D5\ E5\ F5\ F6\ G3+ D7+ B4+ A5+ D8+
Trax_1570956 Geri39 vs. Knight Rider : @0/ A2/ B2\ A3/ B3+ B4+ C3/ @2+ D4\ E4+ A4+ @1/ A3/ @3+ A1\ @3\
Trax_1570970 keops vs. frolind : @0/ @1/ C1/ A2+ B3/ B0\ C5\ D3+ @3/ B5+ B6/ @6+ E7\ F6+ G2\ F1+ E0+ A8\ B9+ @5\ A4\ A3\ B2+ @6/ A7/ @7/ A8/ D9+ E1\ I8+ J6+
Trax_1571782 drgnrdr vs. Keizer Soze : @0/ @1/ @1/ B0+ @2/ D3+ E1\ @1+ D0\ E1+ B5\ A4+ F5/ D5+ C6\ @4/ @4+ C7/ D8+ F8+
Trax_1571852 SweetCindyJo vs. supermac : @0/ A2\ B2\ A0/ C3/ B2+ C2/ B4+ B5/ A0/ @5/ E4\ E5\ E1/ A6/ F2\
Trax_1571853 rabbitoid vs. Phil The Hat : @0/ @1/ B2/ B3/ A2+ C2\ @2/ @2/ B1+ B4+ @1\ B0/ A5/ @5+ B6\
Trax_1573691 spitfire vs. Kran : @0/ A2\ B2\ B3\ B1/ C2\ A0\ @2/ C0/ D2\ E4\ A2\ C6+ @3\
Trax_1573694 Stinger vs. Jump This : @0/ A0/
Trax_1573808 Geri39 vs. HeatherN : @0/ B1\ B2+ A2+ B3+ A3+ B4\ C2/ @1/ B0\ A1+ @2/ A4/ @4/ A5+ D6/ A3+ @5/ A4\ @5/ C2+ B6+ D6+ B7+ G1+ E0+
Trax_1576028 gladriel vs. SarahMills : @0/ B1\ B0\ B3/
Trax_1580943 spitfire vs. balmoral : @0/ A2\ B2\ B1+ B0/ C3\ @3/ B4\ C4\ E1/ D0\ A5/ E5\ B6/
Trax_1583320 keops vs. drgnrdr : @0/ A0/ A0/ @2+ B0/ C1/ D3+ C0/ A0+ @1\ A0\ @1\ E1/ B0+ F2\
Trax_1583563 Honeybear vs. STrek : @0/ A2\ B1/ B0+ C1\ B3\ B4+ B0+ @4\ D5\ E3/ F4\ C6/ D7+ E6+ A7/ C8\ @7\
Trax_1583564 dolly vs. Phil The Hat : @0+ @1+ B2/ A0\ @1\ @1+ B3+ A0\ B1+ E3+ D1/ E0\ B1+ B0\ C1+ @4+ A2+ G2/ G1/ G0/ A6+ A8/ @6/ D1\ G0+ A5+
Trax_1585645 HeatherN vs. prettywoman : @0/ A2\ B2\ B1+ C2/ C3/ B0/ C1/ @3\ E1\ E2\ E3+ F3\ B1\ B0\ A2+ D1+ C0+ D1+ D7/ E2/ F2+ C0\ B1\ F4+ G6\ G4/
Trax_1585681 drgnrdr vs. Sarah : @0/ A0/ B2/ B1/ @1/ D1+ D3/ D4/ E3+ F3/ G2\ H3/ G4+ F5\ G6/ F7\ E1+ B3/ I3/ H0+ @2\ A1\ F6+ F9\ D6/ D7/ F1\
Trax_1585702 drgnrdr vs. Sarah : @0/ A2/ A0\ @2/ C1\ D1\ C0+ C0\ E5\ D6/ E2/ F3/ D1/
Trax_1586068 Sarah vs. drgnrdr : @0+ @1/ A2+ @2/ A3/ B0/ B0/ B0/ B0/ A3+ @5\ E3+
Trax_1586069 Sarah vs. drgnrdr : @0+ B1\ A0/ A3+ @2\ @2\ @1/ C0+ B4/ D0\ C0/ F4/ E3+ B7+ A7/ @7/ A4+ C2+ C8+ C9/ C0/ H6\ H4+
Trax_1589243 drgnrdr vs. rabbitoid : @0/ B1+ C1/ A0/ @2/ A3/ A0\ @2\
Trax_1589303 Megababe vs. muffin man : @0/ @1/
Trax_1591085 Scorpius vs. Honeybear : @0/ B1\ A2/ @2/ B0/ B4+ C3\ D3\ C4\ C5\ D5\ E5+ C6+ F1/ D0+ G2+ G1/ F0/ @5+
Trax_1591172 dboy97 vs. Marko : @0/ B1\ B2\ B0+ C1+ B0\ D2/ C1/ C0/ D4+ B1\ B0\ A4+ D3+ @2+ F4/ B0/ @3/ A2+ B6/ C7+ D8/ E8+ G7+ B0+ @4/ D9/ D10/ A2+ @1/ H10+ C6+ A5+ B7+ G2/ C8+
Trax_1592919 Jump This vs. Marko : @0/ A2\ B2\ B3+ @3\ A1/ B0+ @4+ C5\ A2+ D2/ E2/ B6+ @4\ @2\ A1\ A0\ B0+ D0/ E1/ C10\ @5+ B7+ A8\ I5/ @4/ J6\ D10+ H3\
Trax_1592920 Marko vs. Jump This : @0+ B1+ B2/ B0/ C1+ C0+ A2+ @3+ C1+ E2\ D4+ D0/ D6+ @4+ G4/ F2+ G6+ H6\ F7/ H2/ I6+ G1/
Trax_1592921 Jump This vs. Honeybear : @0/ B1\ B2\ A2+ C2/ B3\ @2+ C4\ E3\ A4/ C5+ @2+ A1\ C0/ @3+ F2/ @3+
Trax_1592922 Honeybear vs. Jump This : @0/ @1/ A2\ A0+ A4\ @1/ B5/ A5/ A6/ C5+ @5+ B3+ A4\ D3+ E3+ @4\ E7+ A2\ @2\ D0/
Trax_1592923 Jump This vs. pioenroosje : @0/ B1+ C1/ A2/ A3+ C2+ A4+ A0/ @1+ C0+ A1\ @2+ A4/ A5/ @5+ A6+ @5/ C6+
Trax_1592924 pioenroosje vs. Jump This : @0/ @1/ B0+ @2+ @1/ B3/ C3+ C0/ C5+ @1\ A0\ A5/ @2+ B6\
Trax_1592925 Marko vs. Honeybear : @0+ @1\ A0+ C2/ A0\ @1\ D1/ B0+ E2\
Trax_1592926 Honeybear vs. Marko : @0/ A2\ B1/ B0+ @3\ A0+ @3/ A5+ @2+ C0/ B7/ A7/ @5+ E7\ F6+ C8\
Trax_1592927 Marko vs. pioenroosje : @0+ B1/ A2+ @1+ B0+ B0/ A1/ @2+ B4/ @2\ A3+ E0/ F3\ B2+ B1\ C0+ D7\ E7\ A7/ B8+ @6/
Trax_1592928 pioenroosje vs. Marko : @0/ A2\ B1/ B0+ B0\ @1+ A0/ @1/ A3+ B5+ D1/ D5\ E1\
Trax_1592929 Honeybear vs. pioenroosje : @0/ A2+ @2\ B3\ C3\ @1\ C0/ E4\ F4+ D5+ A1\ A0+ @3/ A4/ C5+ B6+ @4+ D7+
Trax_1592930 pioenroosje vs. Honeybear : @0/ B1\ A2/ @2/ C2\ B3+ A4/ @3\ D3\ B5\ C4+ A4/ @3+ B6/ A5\ C7\ C8+
Trax_1592931 Morticia vs. Rimon : @0/ @1/ A2+ @1\ A0\ D2+ C1/ C0+ C5/
Trax_1592932 Rimon vs. Morticia : @0+ @1+ A2\ A0\ @2/ A4+ @4+ A5/ A2+ @4+ A3+ @4+ D5+ G2+ B6\ @4+
Trax_1592933 Morticia vs. Geri39 : @0+ @1/ B0+ A3/ A4+ C2\ @3\ A2+ C0+ A5+ B6+ D6\ E5/ E6+ D7\ E4/ C8+
Trax_1592934 Geri39 vs. Morticia : @0/ A2\ B2\ B3+ @1\ A0\ C2/ D2/ D3+ A4/ B5\ @3\
Trax_1592935 Morticia vs. BrnIdGirl : @0/ B1\ A2/ @2+ A3/ C2+ B0+ C4\ B5\ C5+ A5/ B6\ A6+ D5/ @5/ B7/ A1\ @2\ C0\
Trax_1592936 BrnIdGirl vs. Morticia : @0/ A2\ B1/ B0+ C1\ B3\ B0\ @1+ @2\ @3\ F4+ E5+ C0\ A1+ E7/ C7+ A0\ @1\
Trax_1592955 supermac vs. drgnrdr : @0/ A0/ B1/ B3/ B0+ @1/ A2+ C0/ B1+ A0/ @1/ A0/ C1+ A3+ B0\ A0/ E4\ @6\ G3/ D1/ C0\ G6+ F1/ D0+
Trax_1592956 drgnrdr vs. supermac : @0/ B1\ B2\ C1\ D1\ C0+ B0/ A2+ E3\ E4\ E1/ C0\ F3/
Trax_1592957 supermac vs. ScoobyRex02 : @0/ A2\ B1/ B0+ @3\ @3\ @2/ @1+ A0\ @1\ A0\ A0+ @2+ B5+ E7+ F8/ H8\ G9/ I6+
Trax_1592958 ScoobyRex02 vs. supermac : @0/ A2\ B1/ A0/ A4/ @4/ A1/ B5\ C4/ D2/ E2/ A3+ @4+ B0/ A2+ A6/ B7\ @5\ @4/ @4/ A7+ B8+ @6+
Trax_1592959 supermac vs. Yulene : @0/ B1\ B2\ A0/ C3+ A0\ @1\ B4+ D1/ D0/ E2\
Trax_1592960 Yulene vs. supermac : @0/ A2\ B1/ A3\ B2\ C1/ A0\ @1\ A0\ C5+ D0/ E1/ A0\ C8+
Trax_1592961 drgnrdr vs. ScoobyRex02 : @0/ B1\ B2\ C2+ D2/ D0+ B0/ A2+ D1/ E3\ A0/ F5\ D6/ E1/ F3+ G4/ B1/ D0\ @2\ A1\ A4+ @2+ @2\ B0/ F2\ A4+ B6+ @5+ C7+ D8/ A3\
Trax_1592962 ScoobyRex02 vs. drgnrdr : @0/ @1/ A2+ A3\ C1+ A0\ @2/ @3\ B4+ @4\ E0+ F1/ G1+ G0/ G6\ E7/ H4\
Trax_1592963 drgnrdr vs. Yulene : @0/ A2\ B2\ B3\ @3\ B4/ D2/ C1+ C5/ E2/ E1/ F1/ D0+
Trax_1592964 Yulene vs. drgnrdr : @0/ @1/ C1/ B2+ D1/ D0/ D4\ E4\ B4/ B5/ C0/ D1/ D0/ E4+ F5+ F1/ E0+ @8/ A9+ @7+
Trax_1592967 Misfit Lenrad6672 vs. sagitarius : @0/ B1+ A0\ @2/ A3/ D3/ A4/ D1\ B0\ E5\ E6\ E2/ E1/ F3\
Trax_1592968 sagitarius vs. Misfit Lenrad6672 : @0+ @1/ A0/ C2\ A3/ @3/ A4/ C0/ D1/ E1/ A1\ @1\ C0/
Trax_1592969 Misfit Lenrad6672 vs. keops : @0/ @1/ A2/ C2+ C3\ C4+ D3/ @1\ A0\ A5/ B6\ @3/
Trax_1592970 keops vs. Misfit Lenrad6672 : @0/ @1\ A0/
Trax_1592971 Misfit Lenrad6672 vs. Lorraine of the Renegades : @0/ B1+ @1\ A0\ B1+ C1/ A0\ @1\ A0\ E4\ C5/ @2/ @1\ A0\ @3/ A4+ B4+ A5/ B7/ G7\ E8/ H7+
Trax_1592972 Lorraine of the Renegades vs. Misfit Lenrad6672 : @0/ B1\ B2+ A2+ A3/ @3/ A1+ C3+ A4/ @4/ A5/ @1\ B0/ D0/ E1/ F1/ F4+ G1/ H3+
Trax_1592973 sagitarius vs. keops : @0+ A2/ B2/ B3+ C2+ B4+ @3/ B4+ D4+ B0/ C6\ E5+ D2+ A2\ D0/ @4/
Trax_1592974 keops vs. sagitarius : @0/ B1+ C1/ B2\ D1/ B0\ D4\ B4+ E3\
Trax_1592977 keops vs. Lorraine of the Renegades : @0/ @1+ @1/ A0\ @1\ D3\ E3\ E2+ D1/ B0\ B4/ D5\ A4+ @2\ G2\ F1+ H3+ A4\ A1\
Trax_1592978 Lorraine of the Renegades vs. keops : @0/ @1/ A2+ @2+ B3+ @2+ D0+ E2+ F2/ F1/ @3/ A4/ @4/ A5/
Trax_1593015 Phil The Hat vs. DINGEROO : @0/ B1\ B2\ C1+ C0\ A1+ D2+ @2+ A3/ A4/ @2+ D5\ E5\ F5\ G5+ G6\ @3+ D0\ F7+
Trax_1593016 DINGEROO vs. Phil The Hat : @0/ @1/ B2+ C1/ D1/ D0/ E3\ E4\ @1\ D0+ @3/ A4/ A5/ H2/ G1+ E5/
Trax_1593017 Phil The Hat vs. Azalea : @0/ @1+ B2/ A0\ A0+ C3+ A0+ @3+ E5/ E6+ @4\ A5\ C6+ C7+ E2/ E1/ C8\ B7+ F8\ A7+ A8\
Trax_1593017 Phil The Hat vs. Hazard : @0/ @1+ B2/ A0\ A0+ C3+ A0+ @3+ E5/ E6+ @4\ A5\ C6+ C7+ E2/ E1/ C8\ B7+ F8\ A7+ A8\
Trax_1593018 Azalea vs. Phil The Hat : @0/ @1/ B0+ @2+ A3+ @2+ B4+ D3\ C5/ A4\
Trax_1593018 Hazard vs. Phil The Hat : @0/ @1/ B0+ @2+ A3+ @2+ B4+ D3\ C5/ A4\
Trax_1593019 Phil The Hat vs. washie224 : @0/ A0/ A0/ A4\ B2+ C2\ D3/ C1+ D0\ B5+ C0/ @4+ F3+
Trax_1593020 washie224 vs. Phil The Hat : @0+ @1+ B2/ A0\ C3/ D3/ D4/ D1/ C0/ E2\
Trax_1593051 Arctic Warrior vs. Freight Train : @0/ A2\ B1/ B2+ B3/ A4/ @4/ D3\ D4\ B5/ A5/ D6+ E6\ E3\ D7+ A7+ @7/ A5+ B2+ G4/ F2/ A2/ @3\ D8/ D9/
Trax_1593052 Freight Train vs. Arctic Warrior : @0+ @1\ B2+ A0+ @1/ B3/ B4+ A4/ @2\ @2/ C5/ A4/ @4+ A5/ D6/ G3/ D7+ E0+ B8\ F7\ G6\ F8+
Trax_1593053 Arctic Warrior vs. golfnutrof : @0/ A0/ @2+ B0/ @3+ A4/ A5\ B5\ B6\ C6\ D4\ A1\ C7\ @3+
Trax_1593054 golfnutrof vs. Arctic Warrior : @0/ A2\ B1/ B0+ C1/ B0+ A1+ @1\ @1+ B0/ A5/ @2/ D6/
Trax_1593055 Arctic Warrior vs. Lilac Oyster : @0/ B1\ B2\ A0/ @2+ @2\ E2\ A3/ @2+ E0/ C1+ E0/ F5+ F2+ G1\ A5+ @5/ A4+ D1+ G0/ D1+ H1+ G7+ I3+ I2/ J2+ D0+
Trax_1593056 Lilac Oyster vs. Arctic Warrior : @0/ A2\ B1/ B0+ B0\ @2\ D3\ C4+ D4+ D5\ D1/ D0/ E5\ E3+
Trax_1593063 B Line electric streetcar vs. gingershaz : @0+ B1\ A2/ A3/ @3/ D3\ B4+ E2/ E1/ D0/ F4+ G4\ D5\ C6/ E6/
Trax_1593064 gingershaz vs. B Line electric streetcar : @0/ @1/ A2\ A0+ @1\ @1\ @1\ C0+
Trax_1593065 B Line electric streetcar vs. Jay RAA : @0+ B1/ A0\ A0\ @1\ A0\ @1\ A5/ @3+ A0\ @3+ B0\ D2+ C1/ C0/ B8+ C9/ A7/ A9\ @8/ F9\ E10/ H9\ H10\ A5+
Trax_1593066 Jay RAA vs. B Line electric streetcar : @0+ @1+ A2+ A0/ @1\ A0/
Trax_1593067 B Line electric streetcar vs. Oartkickel of the Wolf Pack : @0/ B1\ B2\ C2\ D2+ A2+ D3/ C0/ D1+ E4/ E2+ F3\ G3\ F1+ E5+ D0/ C1+ C6+ C7/ @4\ E8\ F8\ B8/ A6+ D9/
Trax_1593068 Oartkickel of the Wolf Pack vs. B Line electric streetcar : @0+ B1+ B2/ B0/ A1+ A0\ @2/ @2/ B0\ A5/ @4/
Trax_1593513 maggies tavern vs. drgnrdr : @0+ @1/ A0/ @1\ A0+ C1/ B0/ D2\
Trax_1594860 golfnutrof vs. B Line electric streetcar : @0/ A0/ B1/ A3+ B0/ @1+ C0/ @2+ A1\ D0+ E1/ A5/ B6+ @3+
Trax_1594977 Marko vs. STrek : @0+ @1\ A0+ @1\ B3/ A2+ A0+ @1+ E2\ D1+ F3\ F4+ F2+ E0\ D0/ G5+ B1\ @3+
Trax_1595074 drgnrdr vs. What did you say : @0/ B1\ B2\ @1/ @1/ C2+ C3\ B3+ D0/ E3\ E4\ B1+ C0\ @5/ C6/ A2\ A1\ @3/
Trax_1597335 beckybythesea vs. drgnrdr : @0/ A0/ B1\ B2\ B3\ B4\ C2\ D1\ C4/ D0/ E1/ C0+ D5\ A1\ @2\ C0\
Trax_1598430 ROCKY MIA vs. doc harley : @0/ A2\ B2\ C2\ A3/ @2\ C4+ C1+ E3+ F3/ E2/ F2+ E1+ @2\ D0\ F6\ G5+ D6/ B5\
Trax_1599442 spitfire vs. MikeyB : @0/ A2\ B1/ C1+ D1\ D2\ C3\ B0/ E3\ D4\ @3\ @2\ A3/ @3/ G5\ H4\ I2/ H1\ F6+ I1+ H6\ G7/ H7+ I0+ H9+ J1\
Trax_1601188 balmoral vs. Arctic Warrior : @0+ @1/ @1\ A0\ C1+ D1\ D3\ E3\ C3+ D4+ C0/ E2/ F5/ E6/ G3+ F1/ C0/ A2\ E0+ G2/ H3/ H5+
Trax_1601307 HeatherN vs. AugieDawg : @0/ A2\ B1/ C1/ @2/ B3\ D0+ D3\ E2/ A4/ A5/ A1\ @2\ B0/
Trax_1601547 RubyJoy vs. crow57 : @0/ B1\ A2/ @1\ A0/
Trax_1602513 RubyJoy vs. crow57 : @0+ A0+ A0+ A0/ B2+ B3\ @3\ A4+ B5\ D4+ @4+ A5/ A6/ A7+ @6+ F2+ G3/ E6\ F6\ G6\ H6\ F7\ E8+ C8/ F9/ E10\ G8/ E11\ H10+ I6/ A7/ G12\ I9+
Trax_1604399 Tolp vs. Whistler Gandalf : @0/ B1\ A2/ B2+ A0/ A4+ @3\ A1\ A0\ @4+ B5/ B6/ A6/ @4\ B7\ F3\ @4+ H4\ H5\ H6\ F7+ A3+ H2/ F1\
Trax_1604453 Robyn Hode vs. Honeybear : @0+ @1/ A0\ @2/ C1+ D1/ B0\ B0+ A2/ C5\ D5\ E5\ C6/ C0\ E8\ F7/ F4/ G4/ G6/ D9+ B8/ @7+ B9/ C10/ B10/ I4/ F0/ B12/ A11/ @8/ F12\ E13/ H9\
Trax_1604495 Misery Midnight vs. washie224 : @0/ A2\ B2\ B3\ C2/ C1/ A0\ @2+ A1+ @2/ F4\ E5/ C6/ B5\ D7\ E7\ F7\ D1/ C8/ D0\
Trax_1606523 * vs. paganje : @0+ @1\ @1/ A2/ B2+ C2\ B3/ A0/ @3/ E3\ B4+
Trax_1606900 * vs. JanuarySnowAngel : @0+ @1\ @1/ C0+ A3\
Trax_1607211 keops vs. Dawn : @0/ A0/ A3/ B1/ B0/ @4+ @3\ B5/ B6/ A1/ A0+ D6\ E6\ @3/ E7+ D8+ B7/ A6+ @4\ C0/ B2+ G6+ G2+ @4/ I5\ H9/ J5\ K6/ F10/ E9/ K1+ I8+ L2+
Trax_1612227 supermac vs. Oartkickel of the Wolf Pack : @0/ B1\ B2\ C2\ A0/ A3+ C4\ C0+ D1/ E2+ @3/ B1+ @3/ B5+ D0/ B1+ @4+ F7\
Trax_1612433 Kevin vs. * : @0+ B1\ @1\ C2/ B0+ B3+ @2/ B3+ B4/ A4/ A5/ @3\ @3+ A2\ B1\ D0/ A7/ @7/ E7\ F6\
Trax_1613412 foxdancing vs. Rand al*Thor : @0+ B1\ @1/ B2+
Trax_1613463 Rogue Trooper vs. Goonerg : @0+ A0/ B1\ B2\ @2\ B0+ @1/ D1/ E3\ B4\ D5+ C6\ F2/ F1/ F5\ B6/ G3\
Trax_1613630 drgnrdr vs. What did you say : @0/ B1\ A2/ @2/ @1/ D2+ D3\ D4+ E4\ E3+ F4\ F5\ C5+ G5+ D6+ G2/ E1/
Trax_1613659 ScoobyRex02 vs. Arctic Warrior : @0/ B1\ B2\ C2+ B3/ A2+ A3+ @3+ A2+ @2\ D0\ B2\ E4+ F3/ G3\ G4\ G2+ C5+ E0+ E6+ F6\ C7/ C8/ B8/ E7+ H4+ H2+ A8+
Trax_1613718 drgnrdr vs. foxdancing : @0/ @1\ A0/
Trax_1615492 Lilac Oyster vs. Rand al*Thor : @0+ B1\ C1/ A0/ A0/ @1+ D2+ E2/ @2/ A3/ B4+ C4+
Trax_1615585 dolcol (LAW-10) vs. Megababe : @0+
Trax_1616638 cyn vs. * : @0/ B1\ C1/ B2/
Trax_1617631 B Line electric streetcar vs. Jump This : @0/ @1/ A2+ @2+ A1+ @2+ C0+ A4\ @3/ @3/ E0/ C2\ D1+ @4\ A3\ C2\ H3/ I1/ I0/ I5\ E1+ I6/
Trax_1617710 drgnrdr vs. golfnutrof : @0/ A0/ A3/ B2+ A0/ C2+ A5/ @2+ C0\ B0/ D7\ B8/ B0/ @2+ E9+ E10\ C11\ B10+ F10\ @3+ F11+
Trax_1617755 Honeybear vs. * : @0/ B1\ A2/ @2+ B0/ D1\ B4\ C4\ C5\ D4\ D5+ E4/ @1\ B0/ A4/ @4/ D7/ C5+ E8\ F7+ G7\ H6+
Trax_1618156 Brendans Grandmom vs. Mighty Jo : @0/ B1\ A2/ B2+ A3\ @2/ D2\ C3\ B4\ C4+ D3+ D4\ C5\ D5\ E4\ E5\ D6\ F4\ F5\ E6\ E7\ G5\ F7/
Trax_1620930 purplehawke vs. Alan : @0+ A2+ A3\ @2\ B0\ C3/
Trax_1624633 lapman vs. Rand al*Thor : @0+ A0+ A0+ B3/ @2\ C1+ D1+ C0\ B5/ A4+ B6/ C5+ @4\ A5+ E4+ F3+ C7+ @6/ A7/ F6+ G2+ H3+ A4\
Trax_1624678 FixitDave vs. STrek : @0+ @1\ @1+ D1\ D0/ E1+ F1\ F2\ D3+ E4+ G2\ H3/ D4/ E0+ D1+ E0+ E7\ G2+ E0/ I5+ D1\ G1+ E0\
Trax_1624736 sagitarius vs. Marko : @0+ @1+ A2\ A0\ C3/ A4/ @2/ C4+ @3\ A4/ @3\ D5+
Trax_1625815 HeatherN vs. aussielady : @0+ B1\ B0/ C1/ A1+ B0+ A4\ B4\ B5/ C5/ D2/ C6/ D4\ E5/ C0\ F4/ F3/ F7\ G5/ F8/
Trax_1626112 Knight Rider vs. Tigger : @0+ @1\ B2/ C1/ A0\ D2/ @2\ E3\ D4/
Trax_1626597 Lilac Oyster vs. paganje : @0/ A2\ B1/ B2+ C2\ B0+ B4\ B5/ A4+ @3/ B5/ A5/ @4/ A5/ C6\ F2/ F1/ G1/ B7+ @6/ E6+ G0+
Trax_1627649 Nina vs. supermac : @0+ @1+ B2/ A0\ @1+ D3/ C4/ A3+ C5/ @3/ F5\ E6/ G4+ H3\ F2/ D1/ D0/ @5\ D1\ D0\ A3\ @5/ A2+ C8+
Trax_1627651 supermac vs. Nina : @0/ B1\ B2\ C2\ A0/ @1\ A0\ C5+ B5+ C6\ D1/ E3/ E1\
Trax_1627663 Jane vs. supermac : @0/ B1\ A2/ @2+ B0+ @3\ C0+ B5/ D1/ E3\ E4\ F4\ D5/
Trax_1627666 supermac vs. Jane : @0/ A2/ A3\ B3\ A4\ B4\ @1\ A4\ A0/
Trax_1627809 NightWishes vs. supermac : @0/ B1\ B2\ @1/ B2/ B3/ C0/ D3+ B1+ C0+ A4+ @4+ F3\ @4+ A3/ A5/ B6/ @4+ G1\ H2+
Trax_1627810 supermac vs. NightWishes : @0/ B1\ A2/ @2+ B0/ @3\ @3\ C4/ @1\ D0+ A5/ @4\
Trax_1627948 Judy vs. supermac : @0+ @1+ B2/ B0/ C1+ @2/ A4/ @4/ E0\ B6+ D5\ E4\
Trax_1627949 supermac vs. Judy : @0/ A2\ B1/ B0+ @3\ A4/ @4/ D0+ A2\ @4/ B1/
Trax_1628496 DINGEROO vs. Honeybear : @0/ B1\ A2/ @2/ A0+ @3/ C4\ D4\ E4+ D5+ B6+ @5+ C7\ G4\ G5\ E6+ @5\ B2\ D8/ C7+ I4/ H3+ J5\ I6+ K4/ J3\ I2/ H1+ E0\ I8+ G9+ J8/
Trax_1628601 Dawnas AZ vs. * : @0/ B1\ A2/ @2/ C0\ C3+ @3+ C4+
Trax_1629314 Sarah vs. supermac : @0+ @1+ C1\ C2\ A2+ @1+ A2+ @1+ E3+ F2+ F3+ G2+ D0/ H3+
Trax_1629317 supermac vs. Sarah : @0/ A0/ @1/ B0/ @2+ A3+ A4+ @3/ B5/ @5+ @5/ C6\ F4+ G2/ H2+ H1/ H0+ I1/ E7+ A8/ @6/ F1+
Trax_1630371 Chad vs. drgnrdr : @0/ A0/ A0/ @2+ B0/ C2\ D2\ D3\ D0/ E1\
Trax_1630948 drgnrdr vs. Jane : @0/ B1\ A2/ @2+ @1/ A0+ C0\ D1\ A1\ @1\ @2+ A4\ @2\ A0+ A4+ C6/ C7/ @5+ A4+ @4+ D8\ G1/ F0+ I1\ A8+ @6+ D10+
Trax_1630949 Jane vs. drgnrdr : @0/ A2+ @2\ B3\ C1/ B4\ A4\ A5\ @3/ @3/ A1/ E5\ @5+ G4\
Trax_1631281 Sarah vs. drgnrdr : @0+ @1/ A2\ @2\ B0+ A0/ @1+ @3\ @3\ B4+ C5/ B6\ A5+ F4+ G4\ D6\ D7\ A2\ A7/ F5+ @6/
Trax_1631285 drgnrdr vs. Sarah : @0/ A0/ A3/ B3/ @2+ @1/ @1/ B3+ E1/ C0\ A1\ @2/ D0+
Trax_1631288 Judy vs. drgnrdr : @0+ @1/ A0\ @1\ C3\ C4\ D3/ E4/ A0+ A5/ @3/ B6\
Trax_1631289 drgnrdr vs. Judy : @0/ B1+ A2/ C1+ A3+ D1+ C3\ C0\ C5/
Trax_1632316 aubug vs. * : @0/ B1+ C1/ C0/ C0+ A4/ A5+ D2\ @5/ B6\ D6+ E4\ B7/ E6\ F4+ D7+
Trax_1632353 Megababe vs. muffin man : @0/ A2\ B2\ B1+ B0/
Trax_1632511 NightWishes vs. drgnrdr : @0/ A0/ B1+ C2/ B3/ @1\ B0/ C0\ D2+ E4/ @4\ G5\ F6/ G2/ F1/
Trax_1632512 drgnrdr vs. NightWishes : @0/ B1\ A2/ B2+ B3\ C3\ A4\ B4+ @2\ A3+ E2\ D1+ A5\ @3/ @4\ @5+ C6\ A3+ G5/ D1\ E6/
Trax_1632728 Nina vs. drgnrdr : @0+ B1\ B0/ C1/ A3/ A4/ @3\ @4\ E4/ A3\ A2\ A1\ C0\ A1\ @1\ D6/ E1/ C0+ F5+ A8/ @7\ A4+
Trax_1632730 drgnrdr vs. Nina : @0/ B1\ A2/ A3/ A4/ B2+ @4/ A5/ @5/ @3+ @2/ A5/ D0+
Trax_1634594 Rand al*Thor vs. soldierswife : @0+ @1/ C1/ A0/ B3\ D2\ @2/ B0\ D1/ B0\ E2\
Trax_1635499 Knight Rider vs. BabyGirl The Rebel Angel : @0+ B1/ B2\ C2\ A2+ C3\ @2\ D1/ E1/ E0/ C0+ C0\ E5\ F5\ A2\ @3\ B1+ A1\ A0\ F2/ G2\
Trax_1635816 supermac vs. STrek : @0/ B1/ @1\ B0/ @2\ B1\ B0\ C4/ E3+ E5+ D6\ F5+ E2+ A1+ @3+ A5+ B6/ E1/ D0+
Trax_1635830 TheRichBlues vs. BabyGirl The Rebel Angel : @0+ @1/ A0\ @1\ A0+ @2/
Trax_1636001 sunbird vs. marygal : @0/ B1\ A2/ B2+ C2\ C3\ D3\ C4\ D1/ D4+ C5\
Trax_1637769 SweetCindyJo vs. Kran : @0+ @1/ A0\ @1\ A0+ C4+ D4\ @2/ A3/ @3/ A4/ E5/ E6/ C5+ F3/ G4\ E2+ A6/ B7/ @6\
Trax_1637838 Marko vs. itb4me2 : @0+ @1/ A0\ @1\ C1+ C3+ D1\ A2/ @2+ B4/ A4/ @4+ A5/ B5+ @3\ B2+ G0/ H3/ B2\ A3\ @3\ B2\ B1\ A2\ @2\ A1\ D0+ @3+ C6\ F8\ D0/
Trax_1638723 Beaupol vs. drgnrdr : @0+ @1/ B0+ A1+ A0\ @3/ C1+ B4+ C0/ B0/ A2+ @1/ A6+ @4+ F2/ @2/ B1+ H2/ H1/ F0/ C8+ D0+ A1\ H2+ @3\
Trax_1641242 JanuarySnowAngel vs. * : @0/ A2+ B2\ C2\ @2/ C3+
Trax_1643925 Honeybear vs. Carol91859 : @0/ A0+ @2\ B0+ B0\ A3+ A2+
Trax_1643958 SarahMills vs. * : @0/ A2+ @1\ A0\ C2/ A3/ @2\ B0\ B5/ A1/ @3/ A4/ D2/ D1+ @4+ C6+ @4+ D7+ H3+
Trax_1645865 Freight Train vs. * : @0/ A2+ A0\ @2/ A1+ A0\ @4\ C5\ D3/ A5\ D1/ E3/ C0\
Trax_1645917 grandpa2 vs. Honeybear : @0/ B1\ B2\ C2\ A2/ B3+ C4\ D3/ D0/ E2\ @2\ A1\ A4/ B0+
Trax_1647626 foxdancing vs. SweetCindyJo : @0/ A2\ A0\ B3/
Trax_1647760 sagitarius vs. drgnrdr : @0+ B1/ A2\ @1\ A0\ @1\ A0\ E4\ A4+ C5/
Trax_1650745 rabbitoid vs. SweetCindyJo : @0/ A2\ B1/ A0\ @1/
Trax_1650782 foxdancing vs. Misery Midnight : @0+ B1+ B2+ C1\ C0/ D1/ A3+ @3\
Trax_1651084 Tessa vs. * : @0/ B1+ A2/ A3+ @3/ B0/ D1\ B0/ D5\ A3+
Trax_1651188 Tessa vs. * : @0/ A2+ A3/ B3/ B0/ C1/ D1/ A1+ B0/ C3+ E3/ E4/ B6/ @2\ F2+ D1/ D5+ C0+
Trax_1652392 keops vs. * : @0/ A2+ A3/ @2\ B0/ C4/ @4/ A5/ A1\ C5/ A0/
Trax_1655494 * vs. Beaupol : @0+ @1+ C1/ C0/ C0/ A1+ A0\ @1\ C0/ C0+ D1/ E4/ B0/ @5+ G3+ F1+ D0\ G6+ H3\
Trax_1655507 Arctic Warrior vs. Brazil : @0+ A0+ A3+ @2/ C3+ D3/ D2/ E2/ @3/ B4\ D0+ C1+ B1\ A1\ @4/ B0+ A1\ E6\ E7+ D7+ D8/ H5\ I5\ H2/ H1/ I3+ J5\ C7/ B7/ H6+ H7\ G1+ H8+
Trax_1655612 STrek vs. dboy97 : @0/ A0/ @2+ A3+ @2\ B4+ D1/ B0\ D4/ E3+ E5+ F2\ E1+ C0/ F1/ G2\ E1+ B7+ C7+ B8+
Trax_1656453 Kevin vs. * : @0+ B1/ @1/ A0/ @2/ B3/ A0\ @2/ E1/ A1\ C0/
Trax_1657382 Chad vs. Goonerg : @0/ B1/ B2\ C1/ A0+ A0/ @4/ C5+ @4/ E4\ F4+ C0/ G5+ F2+ G1\ G0+ D8\ F7+ B4/ G8\ E9+ A7/ B8\
Trax_1657457 drgnrdr vs. supermac : @0/ B1\ A2/ @1/ @1/ B0+ @2/ A3/ A0\ @1\ D1/ E0\ @2\ B1+ B4/ D0/
Trax_1657479 Honeybear vs. washie224 : @0/ @1/ B0\ @2\ A1\ A0+ @3/ A4/ @2\ A1\ A0+ @2/ B6\ A6/ A7\
Trax_1657514 SweetCindyJo vs. ScoobyRex02 : @0/ B1\ A2/ @2+ B0+ @3+ @3\ A2\ D4\ E4\ A4/ @3\ A4+ A5/ A2\ @4+
Trax_1659354 Reversi Queen vs. * : @0+ A0+ B1\ @2\
Trax_1659639 Megababe vs. Dawnas AZ : @0+ B1/ A0/ @2/ B0/ C2/ A1\ B0/ @4\
Trax_1661416 Sir Face of the GoldTable vs. SweetCindyJo : @0/ B1\ A2/ @2+ C2\ B3/ C3+ B0/ @1\ A0\ A4/ @4/ F4+ D1/ D0/ A2\ @6\ @5/ D1\ D0\ G8\ H7\ D8/ E9/ B5+ C8/ A3\
Trax_1661845 bluejeanbaby vs. * : @0+ B1/ C1\ A2\ A0/ A4+ A5\ B5\ C4\ B6+ C5\ @5+ @6/ A7/ B7+ F4+
Trax_1663265 foxdancing vs. SweetCindyJo : @0/ B1\ B2/
Trax_1663291 Misery Midnight vs. paganje : @0/ A2\ B2\ B1+ C2/ A3/ @2/
Trax_1663295 What did you say vs. klaashaas : @0/ A0/ B1\ @2\ A1+ A0/ B4/ B5/ @5+ D3\ C1/ @3/ D0/ F2/ @4/ H4\ H5\ C1+ C0\ A6/
Trax_1664517 Misery Midnight vs. nursestary : @0/ A2\ B2\ A0/ A4/ @4/ D3/ D2/ E1/ D0\ C1\ E3\ move E5/
Trax_1664569 soldierswife vs. Rand al*Thor : @0+ B1+ B0/ @2+ @2\ A1\ B0/ C1+
Trax_1664570 soldierswife vs. Rand al*Thor : @0+ B1+ B2/ B0/ B4/ @2+ D2\ A3+ @3/ F3\ F2+ B1\ B0\ E1+ D6\ B0+ A2/ A4+ E7+ F6\ E8/ F8/ @5/ D7+ E9\ @5+
Trax_1665012 SweetCindyJo vs. sagitarius : @0/ B1+ @1\ B0/ A1+ @2/ A3/ E2\ B3\ C4/ A4+ @4\ C5/ A1\ @2/ D0+
Trax_1665787 Gone with the Wind 34802 vs. BabyGirl The Rebel Angel : @0+ A0/ B1\ B2\ B3\ C2+ D1/ C0\ C5/ D4\ E2/ E1+ C0\ B1+ D1/ @3/
Trax_1666879 * vs. bud613 : @0+ @1/ B0/ A3\ B3\ C3\ B0/ C0\ B6/ @5+ B2\ A4+ B1+ C7+ C0/ E3\ E4+
Trax_1667890 purplehawke vs. Brazil : @0+ @1/ A2/ C1\ B3\ B4\ C4/ B5/ D2/ C0+ C0\ B2\ E3/ E2+ @3\ B1\ A1\ @1+ A0\ C8+ RESIGN
Trax_1669048 Sartex vs. Rogue Trooper : @0+ A0/ A3\ B1/ A0/ C3+ C5\ D4+ @1\ B0+ C7/ B7/ A6/ @4+
Trax_1669068 Megababe vs. ScoobyRex02 : @0+ B1+ C1\ C2\ C3\ @1+ A2\ B0/ B4/ B5/ E4+ E1/ D5\ C0/
Trax_1673121 Whistler Gandalf vs. itb4me2 : @0+ @1/ A0\ @1\ A0+ C4+ D4\ @2/ A3/ @3/ A4/ A5+ @5/ E5\ E6\ G7\ H7\ B1\ A3+ @4\ D6+ F7+ D7+ E8/ F8+ C7/ G2+
Trax_1673155 Tolp vs. * : @0/ A2+ B1\ B2+ A3/ @2\ B0\ B0/ C1/ D4/ @5/ B6\ F4/ @5/ B3+ C2\ B1/ @5/ A1\ E0+ @2/
Trax_1673156 Honeybear vs. dolcol (LAW-10) : @0/ A2\ B2\ C2+ D2/ D1/ D0+ E3\ D4/ @3\ D5/ C5/ C6+ C7\ F1+ G1/ @1\ A0\ I2+ H1+ F8+ G7+ D1+
Trax_1673264 SweetCindyJo vs. Lilac Oyster : @0/ B1\ A2/ B0\ @2+ @1/ B0\ E3\ A1+ @1/ A2/ @2\ G4\ D5\ G1/ F0/ H3/
Trax_1675204 STrek vs. Judy : @0/ A2\ B2\ @1+ A0+ @1\ D1+ E1/ E0/ B1+ E3+ F3\ C5+ E0+ F6\ D7/ G6/
Trax_1675262 keops vs. Rogue Trooper : @0/ B1+ C1/ C0/ B3+ A4\ B5/ C4+ D1/ E2+ D5+ A6\ C0+ @4\ G3\ G6\ C8/ H6/
Trax_1675264 Marko vs. dboy97 : @0/ @1/ A2/ B3+ C2\ D2\ D3\ B4/ B0+ E2/ E1+ @3+ D6+ F5+ G4/ H4/ C0\ G4+
Trax_1677152 game_77 vs. paganje : @0/ A2\ B2\ B3+ @2/ B0/ A4+ A1\ @3/ B0/
Trax_1677254 sagitarius vs. Misery Midnight : @0+ @1/ A0/ C2\ C3\ D3\ D4\ B0/ C1/ E1\ E3+
Trax_1679811 spitfire vs. sagitarius : @0/ B1+ @1\ B0/ D1\ B0/ B0\ A2/ D5\ E5\ F5\ D1/ G5/ E1\
Trax_1680007 Tigger vs. Misery Midnight : @0/ B1\ B2\ C2\ A0/ A0\ @1\ B4+ B5/ A5/ C6\ A3\ @3\ A0\ @1\ D8\ D1/ F7\ G6\
Trax_1680155 Jump This vs. Phil The Hat : @0/ A0/ A0/ A0/ B2+ @4/ A5/ @2+ C0/ @4+ E7+ F4+ A7/ D8\ @6/
Trax_1680156 Phil The Hat vs. Jump This : @0/ @1/ A2+ C1+ B3+ D1+ @2\ A0+ A4/ @3\ F4\ F5\ G3+ D5/ E6/ D6/ A5+ E7+ G6+ H7/ D8\ C7+ @5\
Trax_1680157 Jump This vs. Dave (UK) : @0/ B1\ B2\ C2+ B0+ D3+ C4+ B0/ D1+ E1/ C0\ B0/ A1+ @3+ @3/
Trax_1680158 Dave (UK) vs. Jump This : @0/ @1/ A2+ C1+ D1\ C0/ @3\ @2/ D1+ C4\ B4+ G4\ E5+ G1/ E0/ H3\
Trax_1680159 Jump This vs. B Line electric streetcar : @0/ @1/ @1/ C0/ C3/ D2+ C4/ A3+ @1/ A2/ A0\ @3/ F6\ G6\ E0/ F2+ B0\ C0+ A2/
Trax_1680160 B Line electric streetcar vs. Jump This : @0/ @1/ @1+ C0/ D1/ E1+ F2+ A3/ A4+ B3+ D4/ G4/ G2\ A5/ F5\ G1+ C0+ @6+
Trax_1680161 Jump This vs. What did you say : @0/ B1\ B2\ C2\ D1\ B3+ A2/ @2/ A3/ D4/ @2/ F4+ D5+ E5\ E6\ F6\ G4/ C6+ A0\ @3/ G8\ B4+
Trax_1680162 What did you say vs. Jump This : @0/ @1/ B0+ @2+ C0\ C4+ D2/ @3\ A0+ @3/ F1/ D0/
Trax_1680163 Phil The Hat vs. Dave (UK) : @0/ B1\ A2/ @2+ B0+ @2+ @2\ C0/ A4/ @2/ D5/
Trax_1680164 Dave (UK) vs. Phil The Hat : @0/ A0/ @2+ B0+ @3\ D1/ D2+ C0+ A1\ @3+ C0+ C0/ E2+ A3\ @3\ B1+ B0/ B0/ D2/ A1\ G4/ A0/
Trax_1680165 Phil The Hat vs. B Line electric streetcar : @0/ @1/ C1/ B2+ @2\ D0/ E1+ D0+ E5\ F2\ F1/ C0/ G2\
Trax_1680166 B Line electric streetcar vs. Phil The Hat : @0/ @1/ A2/ A3+ C1/ C0+ B0/ @2+ D6\ E4+ B6/ D7\ A5+ B7/ D8+ D0\ F4+ E1/ G2+ E0\
Trax_1680167 Phil The Hat vs. What did you say : @0/ B1\ B2\ C2+ D2/ D3/ C4\ B3+ A3/ A5+ A6\ @1+ E6\ A6/ F4\
Trax_1680168 What did you say vs. Phil The Hat : @0/ @1/ B0\ B0+ A1+ A0+ @3+ C5\ D5\ @3/ B5+ E6+ B7+ @4\ E1+ D8+ D0/ B3+ @4+ H7/ H5+ I7\ H8/ H3+ I4/ J7\ C2/ J3\ K5+ B2+ J2+ G1+ I1/ B7/ A5+ @5\ H0/ G0\ F1+ A4\ @4/ C3\
Trax_1680169 Dave (UK) vs. B Line electric streetcar : @0/ @1/ A2+ C1+ B0+ A0/ @1+ C5/ D2/ C6/ E3+ B0/ @2\ F1/ F5+ E0/
Trax_1680170 B Line electric streetcar vs. Dave (UK) : @0/ A2\ B2\ B3+ B4/ @4+ C5/ B6+ @5+ C7+ A7/ @5/ C8+ B2\ B1\ C0/ A5+ A8/ @8+ A7\ D0/ E1/ B1\ RESIGN
Trax_1680173 B Line electric streetcar vs. What did you say : @0/ B1\ B2\ C2\ A0/ A0/ D2+ B0+ E4+ C6\ C7+ E7\ F5+ A5+ A1\ @1\ F1+ C0/ B0+ G4/ B0+
Trax_1680174 What did you say vs. B Line electric streetcar : @0/ @1/ B0/ @2+ C0/ B0+ @1+ E2+ B5+ E5+ F5\ G4+ E6/ @2\ B0+ C0\ D1+
Trax_1680175 Kevin vs. keops : @0+ A0/ A3\ B3\ B4\ C4\ C5\ D5\ D6\ E3+ B7+ @7+ E8\ F8\ G6+
Trax_1680176 keops vs. Kevin : @0/ A0/ A0/ A0/ B3/ C3+ C2+ @2\ E2\ F2\ G2\ H2\ RESIGN
Trax_1680181 keops vs. SarahMills : @0/ A0/ A0/ @2/ A0/ @2+ B0/ C1/ @1\ C0+ E3+ F3/ G2\ F4+ F7+ G7\ H7+ G8/ C0/ C0/ C0/ E11\ E12\ C9/ A9+ @8/ H13\ I11+ D13+ F14+ C12+
Trax_1680182 SarahMills vs. keops : @0/ @1/ B0+ C1+ C2+ C3+ D1\ E1\ C4+ D3+ @3\ A4+ A5/ @2/ H1\ H0+
Trax_1680183 keops vs. MountainMist : @0/ @1+ A2/ A0/ C2/ B1/ C3\ C4+ D2\
Trax_1680184 MountainMist vs. keops : @0/ A0/ B1+ B0+ @3+ D1\ @3\ A1+ @1\ @1\ C0/ E0+ G2+ A5/ A6/ @4/
Trax_1680187 supermac vs. Sarah : @0/ A0/ B1+ B0+ C3\ C4\ C1+ B0+ @4+ B5+ D6\ B6+ A2\ @3/ E1+ F2\ D0/ C1+ @4/ C6/ H6+ H8\ I7/ A7/ @7+ D8/
Trax_1680188 Sarah vs. supermac : @0+ @1+ C1\ @1+ C2+ A2+ @2/ D3\ F3/ B3+ C4+ E4+ C0+ C6\ G5+ G3/ H5/ E1+ G6+ D7+ C0+ E9\ F9\ F10\ G10\ B7/ B8/ E11/ D11/ B9+ A9/ @4/ C10+ A3\ @4/ H2/ J9+ K6/ D11+
Trax_1680189 supermac vs. golfnutrof : @0/ A0+ @2/ @2+ B3/ A0\ @1\ E3+ D1+ A0+ E2+ E1/ B0+ F3+ A1+ @2/ B0\ B0\ D2+ G3/ H4\ D1/
Trax_1680190 golfnutrof vs. supermac : @0/ B1\ A2/ C1\ B0\ D2\ D3\ C4+ @3+ A4/ A5/ F1/ D0+ A7+ @5\ H2+ H1/ H0/ B2\ B1\ A2/
Trax_1680191 supermac vs. drgnrdr : @0+ @1+ A0/ A3/ @3+ @2/ B1+ A0/ @3/ C0\ E2+ A0\ @1\ C7+ A5+ @1\ H2\ G1/ G0+ H1/ I1/ J1+ I0+ D2+ D1\ E0+ F0\ A2+ @4/ E1\
Trax_1680192 drgnrdr vs. supermac : @0/ B1\ A2/ @1/ B0/ D1+ D3/ B4/ B5/ B0/ B0/ @3+ A5/ @3/ @4\ E0/ H1+ E0/ B1+ D0/ A2/ @4+ H9\ I7+ J7/ H1+ D0+ J3\
Trax_1680195 Sarah vs. drgnrdr : @0+ @1/ A2/ A0/ C3/ D3/ E2\ @3/ C4\ D4\ B5/ B6+ A6/ @4\ C0/ E2+ F1+ F7\ G8/ H5+
Trax_1680196 drgnrdr vs. Sarah : @0/ A0/ @1/ A0/ A0/ A0/ @3+ C1/ D3+ E4+ E1/ C0/ B6/ C7+ F2+ F1/ D0\ F7+ @2+ D0/ H6+ A7+ @8\ @7/ D0+ G1+ @8/ B7+ K5/ L6\ M7/ L8+ K4+ L5+ N6\ L9+ H11/ J12/ O8\ O6+ O9/
Trax_1680197 golfnutrof vs. drgnrdr : @0/ A0/ @2/ B0/ @2+ @3\ B4+ E1/ B0+ A6\ D5+ F1\ F6\ D7+
Trax_1680198 drgnrdr vs. golfnutrof : @0/ A0+ B2/ C1\ @1+ A0\ E2\ B1/ B0/ B5/ @5/ C6/ B7\ @4+ A3\ H3+ G0+ I1+ H5\ I5\ J2/ H6+
Trax_1680203 dboy97 vs. Morticia : @0/ B1\ A2/ @2+ A3+ @2+ C0+ @3+ B1\ @3+ C4/
Trax_1680204 Morticia vs. dboy97 : @0+ @1+ A2\ A0\ @1+ @2\ B3+ E3+ B4+ F3\ F4\ C5/ D1+ F5+ D6\ G5/
Trax_1680207 csain1 vs. Morticia : @0/ A2+ A3/ @3/ @2/ B1+ @1/ C0+ C0/ E2+ A2\ @2\ F4\ A3/ @3/ B0\ A1\ G1/ C0+ H2\
Trax_1680208 Morticia vs. csain1 : @0/ A0/ @2+ B0+ @2/ D3+ A0\ @1\ D1/ B0+ E3+ A3/ @2\ D6\ G5\ E1/ D0\ B1+ G4+ H5+ H7\ I6+ G8\
Trax_1680209 Jane vs. Morticia : @0/ B1\ A2/ @2+ B0+ @3+ @3/ A4/ B2+ @4+ B2\ @4+ C5/ @4+ F5\ H3\
Trax_1680210 Morticia vs. Jane : @0/ B1\ A2/ @2+ B0+ @2+ C0+ A4/ @3+ E2+ E4\ E5\ F3+ B5/ B6+ @4\
Trax_1682030 washie224 vs. drgnrdr : @0+ @1\ A2/ @1\ A0+ A0\ B1+ C0\ D1/ D0\
Trax_1682065 SweetCindyJo vs. buttercups : @0/
Trax_1682090 What did you say vs. supermac : @0/ B1\ B2\ @1/ C0\ @2+ B3/ B4/ A0/ @4+ C6/ @6+ A7/ A8+ @6+ H4+ G6\ G7\ I5/ G1\ I1+ J2+ H0+
Trax_1682110 washie224 vs. Linda Sue : @0+ @1\ A2/ @1\ C2+ D1/ D0/ E1/ E0/ D0/ F4+ G3/ E5+
Trax_1683177 nursestary vs. Arctic Warrior : @0/ B1\ A2/ @2+ D1/ D0/ C3\ D4/ E1/ @3+ G4\ H2+
Trax_1683178 Arctic Warrior vs. nursestary : @0/ B1\ A2/ @2/ @2+ B3\ B4/ A4/ A5/ A6\ @4+
Trax_1683183 sagitarius vs. Arctic Warrior : @0+ @1+ A2\ A0\ C3/ @2/ D4\ E4\ A4/ A5\ @4\
Trax_1683184 Arctic Warrior vs. sagitarius : @0/ B1+ B2\ B3\ C1/ D1+ D0/ A5/ @5/ E5\ F2\ D6/
Trax_1683187 Mamaba vs. Arctic Warrior : @0/ A2\ B1+ C1+ B2\ C0/ D1/ E1+ F1\ C4/ E3\ C0\ B1\ B0\ A2+
Trax_1683188 Arctic Warrior vs. Mamaba : @0/ B1/ A0\ @1+ A2/ @2/ @2/ C3\ D3\ D4\ E4\ C5/ F3/
Trax_1683191 Arctic Warrior vs. washie224 : @0/ A0/ B1/ A0\ @1\ C0/ D1/ D4+ E2+
Trax_1683192 washie224 vs. Arctic Warrior : @0+ B1+ A2\ A0\ @1+ A0+ @3/ A4/ A5/ @5/ C6\ B7\ @3\ A2\ A6+ C8/ A8/ @8/ B9+ A4\ @6+
Trax_1683197 Dave (UK) vs. Goonerg : @0/ B1+ A2/ A0/ @1+ B4/ @4+ @3+ @2/ G4+ E5/ A1+ E0/ G3+ G1/ @2+
Trax_1683198 Goonerg vs. Dave (UK) : @0/ A2\ B2\ B3+ B4/ @4+ @3+ B1+ @3\ C0+ E2/ F3\ A1\ @1\ B0+ E1+ A3+ G1/ @3+
Trax_1683199 Dave (UK) vs. keops : @0/ A0/ @2/ B0+ A4+ C4+ @3/ B5/ @4+ A1+ A0\ @4+ G5/ A1\ C0+ @3/
Trax_1683200 keops vs. Dave (UK) : @0/ A2\ B2\ B3+ @2+ C4+ A4/ @2/ C5+ E4/ F3\ G4/ @2/ F5+ A4/ @2/ E6/
Trax_1683203 frolind vs. Goonerg : @0/ B1\ A2/ C1\ C2+ C3/ C4/ A4+ B0\ @1+ E3\ E2+ F3\ G4/ F1+ E0+ H2/ H1/ H0/ H7\ I3+ H8/
Trax_1683204 Goonerg vs. frolind : @0/ @1/ A2/ B3+ C1/ A0\ @3+ E2/ B5/ A5/ A6+ F2/ F0+ G2+ E6+ G5\ B8+
Trax_1683205 frolind vs. keops : @0+ A0/ @2/ @2/ B1+ @2/ B3+ D0/ E3\ A1\ E5+ @1/
Trax_1683206 keops vs. frolind : @0/ @1/ C1/ B2+ D1/ D0/ D4\ E2+ C5/ B5/ F2\ E0/ F1/ G3\ A1\ A5/ D0/
Trax_1683207 MountainMist vs. Goonerg : @0/ @1/ B0+ A0/ A4/ C2\ @3+
Trax_1683208 Goonerg vs. MountainMist : @0/ A2+ @2\ @2/ C3/ B0+ A2+ @2\ C0/ E2\ A1\ B0\ @3\
Trax_1683209 MountainMist vs. keops : @0/ @1/ B0/ A0+ @1\ @1+ A0\ D5\ E5\ A5/ A6/ @4/
Trax_1683210 keops vs. MountainMist : @0/ A2+ A3/ @3/ @3+ B4+ A1\ A0\ @2/
Trax_1683211 Goonerg vs. keops : @0/ A0/ @2/ A0/ A4/ B5/ C5/ D5/ C2+ @4\ C1/ E2\ B0+ A3/ B0/ B0/ A2+ @5+ @3+ B1+ F2+ C0+
Trax_1683212 keops vs. Goonerg : @0/ @1/ A0/ B1+ B0+ A1+ @1+ B0/ @4/ C5/ E5\ D6+ F4/ E2+ F6\ G5+ E7/
Trax_1683213 Phil The Hat vs. DINGEROO : @0/ B1\ A2/ @1+ D1+ E1+ B0/ B0/ D4\ B5/ B0/ B0/ B0/ @3+ F5/ F3+ F0+ G1/ A1+ D0+ @3+
Trax_1683214 DINGEROO vs. Phil The Hat : @0/ @1/ B0+ B0\ @2+ A0+ A5/ @3/ C0/ D1/ E1/ D6\ E6\ B7\
Trax_1683215 Phil The Hat vs. Rimon : @0/ @1/ A2+ B0+ A4+ @3\ D3\ C4+ C0+ @2\ A1\ @3/ A4/ A5+ A6\
Trax_1683216 Rimon vs. Phil The Hat : @0/ @1/ A0+ @2/ A3+ @3/ C4/ A1\ RESIGN
Trax_1683217 Phil The Hat vs. golfnutrof : @0/ A0+ B2/ A3+ A4\ @2/ A4+ @2+ @2\ A0+ B5/ D6\ C7+ A6+ @6/ D8\ @5+ D0\ F1/ H2+ F0\
Trax_1683218 golfnutrof vs. Phil The Hat : @0/ @1/ A2/ A3+ C1+ D1+ A4/ D2+ E2/ F2/ C4+ C5/ C6/ E3+ D5+ @4+ @4\ A2+
Trax_1683219 Phil The Hat vs. purplehawke : @0/ @1/ C1/ B2/ B0+ @2/ A3/ @3/ A4/ A5+ @2+ B0\ B0+ A1\ @1\ H6+ G8\ @1+ A0\ H3\ C1+ A0\ F2/ I4/ E1\
Trax_1683220 purplehawke vs. Phil The Hat : @0+ @1+ B2/ A0\ @1+ @2\ B0\ A4/ B5/ @4\
Trax_1683225 DINGEROO vs. purplehawke : @0/ @1/ A0+ @1+ A0\ @2\ B0/ C1/ C5+ A1/ E5\ D6/ A0\ @1\ G5/ G4/ G3/ A2/ @1+ A2+ @2/ B4\ @2\ A1\ F6/ E6/ A0+ @1\ L7\ L8\ M5+ K3\ C7+ A3/ D8+
Trax_1683226 purplehawke vs. DINGEROO : @0+ B1\ B2\ A3/ @3/ C4\ D4\ C5+ D2/ E2/ @3/ B2\ E1/ E0/ G3\ @6+ B7/ D8\ E8\ B9+ A9/ @7/ I5/ G0\ F1\ F0\ E1\ @9\ A8\ D2+ J8\ C5+
Trax_1683229 Rimon vs. purplehawke : @0+ B1\ B2\ @1/ @1\ A0\ D1/ E1/ B1+ C0+ A1\ A0+ D1+ @1/
Trax_1683230 purplehawke vs. Rimon : @0+ A0/ B2+ A3/ @3/ C0/ D1/ B5\ C5\ A6/ @5+ C7+ E5\
Trax_1683231 golfnutrof vs. purplehawke : @0/ A0/ @2/ C2\ A3/ A4\ D2+ C3+ C4\ C5+ D5+ E5/ E4/ D6\ D0/ E2\ F4\ C7/ C8/ G7/ A1\ @2/ D0\
Trax_1683232 purplehawke vs. golfnutrof : @0+ @1+ B2/ A0\ @3\ B4\ D3\ @1\ A0\ A5/ B6+ @4\
Trax_1683237 Buz vs. Rogue Trooper : @0+ A0/ B1/ B3/ C2\ D2+ B0/ D4\ D5\ D6+ E6\ A6/ A7/ @4/
Trax_1683238 Rogue Trooper vs. Buz : @0/ @1+ B0\ B3\ C3\ B0/ C3/ D3/ A1\ B0/ @4\
Trax_1683243 mampara vs. Rogue Trooper : @0/ A0+ @1+ B0/ A1\ B0\
Trax_1683244 Rogue Trooper vs. mampara : @0/ B1/ B0/ A3+ @2/ D2+ D4\ C5+ E4/
Trax_1683247 (**)(**) Bunny Toes vs. Rogue Trooper : @0/ B1+ A0/ @1+ A0\ A0\ D4/ @2+
Trax_1683248 Rogue Trooper vs. (**)(**) Bunny Toes : @0/ A2\ B1/ B2+ A0+ C3\ D3\ C4/ D1/ RESIGN
Trax_1683251 Rogue Trooper vs. What did you say : @0/ A2\ B1/ B0+ B0\ @2+ D3\ D4\ E4\ C5/ E2/ F2/ B0/
Trax_1683252 What did you say vs. Rogue Trooper : @0/ A0/ B1\ @1+ B0/ @2+ C0/ E1/ E0/ C1+ C0/ A2\ A1\ A0\ D1+ F4+ @3+ G7\ G1/ H7/
Trax_1683253 Kevin vs. drgnrdr : @0+ B1/ @1/ @1/ B0/ D3/ D0/ E1/ A1\ B0/
Trax_1683254 drgnrdr vs. Kevin : @0/ A0/ A3/ A0/ @2+ @3\ D3\ A5/ @5/ F3+ F4\ E5\ E6\ F6\ G4/ F0/ G1/ C1\ G4/ B2\
Trax_1683261 drgnrdr vs. SarahMills : @0/ A2/ @1\ B0/ B0/ B0/ A3+ C1/ D1+ B0+ @4\ @4\ B5+ G3+ H4/ @2+ D0/ A5+ @6\ C7/ C8/ B7/ G8/ I9+ K6/ E0/ F9/ E10+ J4/ K6/ I3\
Trax_1683262 SarahMills vs. drgnrdr : @0/ A0/ @1/ A0/ @1/ D3\ C4/ D1/ E2\ C5/ E1/ F2\ E3+ D5\ E6/ D0+ B5/ B1+ A3+ A6/ @5\ B0\ A1\ C8+ D9/ C1+ A3/ @2/ C0+ H8+ I5\ H10\ I8\ F11\
Trax_1683263 drgnrdr vs. kittlekitten : @0/ B1/ C1\ B2/ D1\ B0/ B0/ E3+ A0\ @1\ E1+ D0/ E0\ F2+ B2+ G4+ D0/ G2+ @3/ C2\ B6/ A1\ A5/ B0/
Trax_1683264 kittlekitten vs. drgnrdr : @0/ A0/ @2/ A0/ A4/ C3+ @3+ @1+ C0/ @2/ E2/ E1/ G4/ D0+
Trax_1683265 drgnrdr vs. Beaupol : @0/ B1\ A2/ @2+ @2\ A0+ C0\ D2+ A1\ @4\ @2+ A0+ B6\ A5+ D1/ D0/ C0/ G5/
Trax_1683266 Beaupol vs. drgnrdr : @0+ B1+ B2/ B0/ C1+ D2/ C3+ C4\ @3\ D5\ F2/ C6/ B5+ D7\ E6+ B7/ A4/ B8\
Trax_1683273 Sarah vs. Marko : @0+ @1+ C1\ C2\ D2\ @1/ E3/ D3+ B2/ A2+ A3/ D4/ D5/ E4+ C0+ C7\ E1\ F7+ D8/ A9+ @7\ E9\ D10/ A6\ @8/ @8+ A9/ D10/ D11/ B5+ @11/ C12+ J4/ K4/ G0/
Trax_1683274 Marko vs. Sarah : @0+ B1+ A2\ B0/ C3/ D2\ C4+ B5\ @2/ @2/ C4+ B5+ B1/
Trax_1683281 Marko vs. Judy : @0+ @1+ A2\ A0\ @2/ B0/ C1/ D2\ E3\ E4\ E5\ E6+ F5+ C0+ B7+ D8\ G4/ A6/
Trax_1683282 Judy vs. Marko : @0+ B1+ A2+ @1+ B3+ C2\ A3/ A4/ B0+ @4+
Trax_1683283 Marko vs. pioenroosje : @0+ B1\ C1/ B0\ B3+ @2/ C4\ B4+ @2\ A1\ B0\ A5/ @2\ C6/
Trax_1683284 pioenroosje vs. Marko : @0/ B1\ A2/ @2+ C2+ @2/ @2\ A1\ A0\ A0+ @3+ E0+ F1/ G2+ E0+ E0/ C2+ G1/ H3/
Trax_1683285 Marko vs. Tigger : @0+ B1\ C1/ A0/ A3/ A4/ B5+ @3+
Trax_1683286 Tigger vs. Marko : @0/ B1\ A2+ A3\ B2\ C2\ C3\ D3\ B4/ B5+ A5/ @5/ @3/ C6+ D7+ A2+ B0/ A6/ @3\ D8/
Trax_1683293 Jump This vs. Misery Midnight : @0/ A2\ B2\ B3\ B4+ C4/ C1+ D3\ A0\ @1\ D6+ A2/ @2/ A1\ @1/
Trax_1683294 Misery Midnight vs. Jump This : @0/ @1/ A2/ A3/ C2\ D2+ A4\ A0\ B5+ @2\
Trax_1683295 Jump This vs. aleeus : @0/ A2\ B2\ B3+ @2+ A1+ @2+ E3/ @2+ G2/ F1+ F4\ G4\ H4+ I3\
Trax_1683296 aleeus vs. Jump This : @0/ @1/ B0\ B3+ A1+ C2+ C1+ B0+ @2\ A1\ A0+ @3+ B5+ A1+ @5/ A6/ A2+ E6/ C7\ @2/ B0/ H5+
Trax_1683297 Jump This vs. Stinger : @0/ B1\ B2\ B3\ @1+ B3/ B4/
Trax_1683298 Stinger vs. Jump This : @0/ @1/ B0+ @2+ C0\ B4\ @3/ B4/
Trax_1683299 Misery Midnight vs. aleeus : @0/ A2\ B2\ B3+ C2/ C1/ A0\ @2/ A5/ @5/ F2/ F1/ D0/ A5\ D6\ @5/
Trax_1683300 aleeus vs. Misery Midnight : @0+ B1\ B0/ C1/ A3/ D1\ C3+ C4\ D4\ @3/ E5+ @4\ G4\
Trax_1683301 Misery Midnight vs. Stinger : @0/ A2\ B1/ B0+ C2\ C3\ B4\ D2/ @3/ D1/
Trax_1683302 Stinger vs. Misery Midnight : @0/ A2\ B2\ B3/ B4+ B5/ B1+ B6\ C6\ B0\ C4/ D5/
Trax_1683305 paganje vs. GornTC : @0/ B1\ A2/ A0/ C2+ D2/ C0/ D1/ E3/ B0/ C5/ RESIGN
Trax_1683306 GornTC vs. paganje : @0+ B1/ B2\ C1/ B0+ @2\ A0\ @1\ B4+ F3\ F4\ C5+ C6\ E5\ B5/ A2/ @2+ E1+ C0\ A6/ A7/ C8\ @3+ A2\ @7/ B8+ B9/ A9/ @9+ G8\ E10+
Trax_1683307 paganje vs. Honeybear : @0/ A2\ B1/ @1/ B3+ @1/ C4+ C0+ D5/ E1\ C0+ B6+ C7+ F3+ C0+
Trax_1683308 Honeybear vs. paganje : @0/ A2\ B2\ B3+ @2\ C4+ D3/ C1/ C0+ D2+ E2/ D1/ D0/ E2/ F4\ E5+ F5+ E6/ B1\ C0/ @6/ A7/ B2\ A3/ G2+ H4\ I4+ I5\ J2/ J1/ K3\ J4+ I6+ H7\ F8/ G8+ K5+ J7/ C7/ J8\ K7+ H9\
Trax_1683309 paganje vs. gingershaz : @0/ RESIGN
Trax_1683310 gingershaz vs. paganje : RESIGN
Trax_1683311 GornTC vs. Honeybear : @0/ B1\ A2/ A0/ B3\ B4+ B5/ A5/ A6/ @4\ A2+ @4/ E4/ F1/ F0\
Trax_1683312 Honeybear vs. GornTC : @0/ A2\ B2\ B3+ C3/ A4/ @2\ B0\ A5/ @3+ C6\ D6\ D7\ E7\ F6+ A7/ @3+ A5+
Trax_1683315 Honeybear vs. gingershaz : @0/ RESIGN
Trax_1683316 gingershaz vs. Honeybear : RESIGN
Trax_1684144 nursestary vs. Phil The Hat : @0/ A0/ B2\ A3\
Trax_1684145 Phil The Hat vs. nursestary : @0/ B1\ B2\ C1\ C2\ D1/ B0\ B0/ @3+ F4\ F5\ E2+ E1/ F2/ G4+ F1/ H4+
Trax_1684148 nursestary vs. Misery Midnight : @0/ B1\ A2/ @2/ @2\ C0/ A1\ @3/ B0/
Trax_1684149 Misery Midnight vs. nursestary : @0/ A2\ B2\ B3\ C2/ C1/ D1/ C0/ E2\ D5\ E4/ C6/ B6/ B0\ RESIGN
Trax_1684152 Phil The Hat vs. Sarah : @0/ A0/ A0/ @1/ B0+ C1+ C2+ D1+ E1\ E2\ F1/ F3+ E0/
Trax_1684153 Sarah vs. Phil The Hat : @0+ @1+ C1\ C2\ D2\ D3\ A3/ C4+ @2+ @3\ @2/ @3\ I2+ G0\ H6/ A5/ C6+ @5\
Trax_1684154 Phil The Hat vs. Misery Midnight : @0/ A2\ B2\ B3\ A0+ A5/ @2/ A5+ @5/ D6\ E5/ A6/ D7+ D8/ B8+
Trax_1684155 Misery Midnight vs. Phil The Hat : @0/ A0/ B1/ A3/ A4\ A5+ C2\ D2+ B4+ C4+ C5\ D5\ E3/ C6+
Trax_1684156 Phil The Hat vs. Judy : @0/ B1+ C1/ A2/ A3+ @2+ D3\ E2\ D4/
Trax_1684157 Judy vs. Phil The Hat : @0+ @1+ A2+ B0\ A4\ B4\ C4+ C5\ @2\ B5/ C6/ A5\
Trax_1684158 Sarah vs. Misery Midnight : @0+ B1\ A0+ B3/ @1/ B3/ @3+ B4/ D4\ A4+ C5/
Trax_1684159 Misery Midnight vs. Sarah : @0/ A0/ @2\ B3/ A4/ @4/ D3\ D4\ B5/ E1+ F1\ E5+ RESIGN
Trax_1684162 Misery Midnight vs. Judy : @0/ A2\ B2\ B3+ C2/ C1/ RESIGN
Trax_1684163 Judy vs. Misery Midnight : @0+ B1\ C1/ B0\ D2/ RESIGN
Trax_1684164 purplehawke vs. washie224 : @0+ B1\ B2\ @2/ B3\ D1+ D0+ E2\ F3/ E1+ E4+ G1/ G0/ E1+ H2\ E6+ G4+ H4\ A5/ B6\ D7\ I5/ H6\ G7+ C8/
Trax_1684165 washie224 vs. purplehawke : @0+ B1\ C1/ C0/ C3\ D2\
Trax_1684166 purplehawke vs. Kevin : @0+ B1+ A0/ A3/ @1/ B4\ C4\ C5\ D5\ A5/ @5+ C6/
Trax_1684167 Kevin vs. purplehawke : @0/ B1\ A2/ @1/ B0+ B4/ B5+ C5+ B6/ @2/ B0+ A4\ E5+ B6/ A6/ @6/ @5+ A3/ @3/ @3/ A4/ C7\ B7+ F0/ G1/
Trax_1684168 purplehawke vs. (**)(**) Bunny Toes : @0+ @1+ A0/ B3\ C3\ @2+ C4+ B3/ C5\ E3+ E5\ E6\ @3\ F1/ E0/ G3/
Trax_1684169 (**)(**) Bunny Toes vs. purplehawke : @0/ A2\ B1/ B0/ @3\ D1\ C0+ C4+ D4\ E3\ B5+ E4+ E5+ F2/ F1/ E6/ D6/ F5\ G5\ H5+ B6+ B7+ C0+
Trax_1684170 purplehawke vs. pioenroosje : @0+ @1/ C1/ C0/ B3\ B4+ D1+ D0/ E2/ B1\ A1\ C0/
Trax_1684171 pioenroosje vs. purplehawke : @0/ B1\ B2\ C2\ B0+ B4+ A4/ @4+ A5/ @2\ A1\ A5/ @4/ D5+ E6/ G4/ F5+ D7\ G7\ E8/ H6/
Trax_1684184 Jump This vs. What did you say : @0/ A2\ B2\ B3+ C3+ B1+ D3+ A4/ @4/ E4\ D1+ D0/ A3+ @5/ A3+ G3+ G4+ H3\ F2/ I4\ I5\ G6/ H2+ J6+ H1\ B6+ I2+ J2\ J4+
Trax_1684185 What did you say vs. Jump This : @0/ @1/ B0+ @2+ C0\ B4\ A4+ @2+ A4+ A5\ C6\ D5/ E3/ F3/ C0/ F5\ G4/ E7/ G7\ F8\
Trax_1684186 Jump This vs. Honeybear : @0/ B1\ B2\ C2\ B0+ D3+ C0\ B0\ E4\
Trax_1684187 Honeybear vs. Jump This : @0/ @1/ B2/ B3/ A2+ @2+ D1+ D0/ E4\ E5\ F3/ E2+ G3/ B1\ D0/ A2/
Trax_1684188 Jump This vs. keops : @0/ @1/ @1/ A0/ A3+ B1/ B0/ @2+ C0+ D2+ D1+ E2+ C0/ C0/ E7\ E8\ C0/ F5+ E4+ G5\ @4\ B3/ @5/ B7+ D0+ C1\ A4+ I5/ J5\
Trax_1684189 keops vs. Jump This : @0/ @1/ A0/ @1/ @1/ C0/ B3+ D1+ D0/ E4\ D5/ D0/ @3+ D2+ D0\ C1\ @1+ C0/ F0\ G3\ H5+ I5/ C1+ D1+
Trax_1684190 Jump This vs. Tigger : @0/ A2\ B2\ B3\ B4\ C2+ B1/ C5/ D5\ B6\ @3/ C7\ F4+ C0/ D1/ E3+ G5+ @4/ A5/
Trax_1684191 Tigger vs. Jump This : @0/ @1/ A2+ C1+ B3/ A0\ @1\ D5+ E5\ F3\ F5\ D6/ C7\ G3/ F2+ H4+ D1+ E0\ F2+ A5/ A6+ A7/
Trax_1684192 What did you say vs. Honeybear : @0/ A2\ B1/ A0/ @2/ @3/ C4+ C0\ A2\ A1+ B0\
Trax_1684193 Honeybear vs. What did you say : @0/ A2\ B2\ B3+ @2\ @2\ D1/ E2\ D0+ E1/ F2/ @1\ C0+ A5/ @5+ B6\
Trax_1684194 What did you say vs. keops : @0/ @1/ B0/ @1+ C0/ D2\ @2\ A0+ B0+ C0+ E1+ F5+ F3+ D7\ E7\ @3+ B2+ B1\ A1\ @3/ B5+ C0+
Trax_1684195 keops vs. What did you say : @0/ B1\ A2/ @2/ B3\ C3\ C4\ D2/ B0+ C6\ E5\ F5+ F6\ D7/ G4+ D8/ @3/
Trax_1684198 Honeybear vs. keops : @0/ @1/ B2/ C2/ C1+ D1+ B0/ A0+ @2\ D5\ E4+ B0/ E3+ @3\ A2\ D7/ C6+ F7\ C7+ G5\
Trax_1684199 keops vs. Honeybear : @0/ B1\ A2/ @2/ B3\ C3\ @1+ B0\ B0\ A1\ @3/ E6+ F6\ F5+ E1/ E0+ F3\
Trax_1684200 Honeybear vs. Tigger : @0/ A2\ B2\ B3\ @2\ D2\ D3+ C1+ E1/ D0+ D5/ C1+ C0\ B1\ B0\ A1\ @5\ F6+ G5\ F3/ A1+ @1/ B0/
Trax_1684201 Tigger vs. Honeybear : @0/ B1\ B2\ B0\ @2/ @1+ A0\ A0+ @1\ F3/ E2+ F2+ A4\ @1\ D5/ G6/ H2\ D6/ C0/
Trax_1684202 keops vs. Tigger : @0+ @1\ C1\ A0+ B3+ D2\ E2\ C1/ C0/ C5/ A1/ C0/ C0/ B2+ C0/ D1/ E1+ E0/ F6\
Trax_1684203 Tigger vs. keops : @0/ A0/ B1+ A3/ C1\ A4+ @2/ B0/ E2\ D1+ A5\ F1/ E0+ F6+ G5\ E7+
Trax_1684208 SarahMills vs. Rogue Trooper : @0/ B1\ A2/ @2/ B0/ @1+ C0/ D4+ B5/ @4+ C0+ A1+ @1/ @3+ D0\ B7/ B8/ H4+ E1/ E0/ F9+ H9+ I6/ J7+ I9+ G10/
Trax_1684209 Rogue Trooper vs. SarahMills : @0/ A2\ B1/ C1/ C2+ C3\ D1/ D0/ E4+ B4+ D0/ F1+ A0\ @3+ B0+ A1\ @3/ B7/ A5/
Trax_1684214 kittlekitten vs. Rogue Trooper : @0/ A0/ @2/ A0/ C2+ B1/ C0\ A5+ @2+ E1/ C6/ D0/
Trax_1684215 Rogue Trooper vs. kittlekitten : @0+ B1+ A0/ A3/ @3/ @2/ D0\ A4+ @3/ B2\ E4+ E5\ F5\ D6/ F1/ F0/ G4+
Trax_1684218 Dave (UK) vs. Rogue Trooper : @0/ A0/ @2/ @1+ A0\ A0+ @1\ E4\ C5/ E1/ RESIGN
Trax_1684219 Rogue Trooper vs. Dave (UK) : @0/ B1\ A2/ @2+ @1/ A0+ B0\ D2+ B0\ @2+ @1/ G3+ G1/ E0+ C1+ C0+ A5/ @3/ D0+
Trax_1684222 Rogue Trooper vs. Beaupol : @0/ A2\ B1/ B0+ B0\ @2+ @2/ B4+ C0/ E4/ A1\ @3/ B0/
Trax_1684223 Beaupol vs. Rogue Trooper : @0+ B1/ A2+ C1/ @1/ A3\ C2\ B4+ @2\ D0+ B1+ E5\ D6/ F3+
Trax_1684226 frolind vs. Arctic Warrior : @0+ @1+ A0/ A3/ @1/ B0/ D1+ B5+ A0+ @1\ @1+ A0\ G3/ G2/ F1+ H2\ D8/ E6+ C7+ B7/ A6+ @4\ G5\ H5\
Trax_1684227 Arctic Warrior vs. frolind : @0/ B1\ A2/ A0/ @2+ A4\ D2+ C4\ @3\ C0/
Trax_1684228 frolind vs. paganje : @0/ A2\ B2\ B3+ A0\ @2/ D3/ C2+ @4/ B5\ B1+ A5/ B6+ A6+ B7\ E2/ E4+ E5\ F3/ B0\ A1\ @5+ A3+ @2/ B0\ C1+ C0/ B9/ A8\ @7/ F9/ I9/ C10/ F11/ D0/ F2/ G5+ J8+ B11/ B12/ E13+ I12\ I13\ A11/ @10+ H4/ J6/
Trax_1684229 paganje vs. frolind : @0/ @1/ B0+ @2/ C0+ D2+ B4+ E2\ D3\ D1/ B5+ A1\ @1\ D0+
Trax_1684232 dingbat vs. Arctic Warrior : @0/ B1\ A2/ @2+ @2/ A3+ B0/ A5\ A1\ @1+ B0/
Trax_1684233 Arctic Warrior vs. dingbat : @0/ A0/ @2+ @2/ A3+ C0+ @4\ E1/ E0/ E4\ F4+ D5\
Trax_1684234 dingbat vs. paganje : @0/ A2\ B2\ B3+ B1+ C1/ B4/ C3\ D3\ D2+ B5/ @2\ F5+ D6/ B6+ F2/ G4\ C7+ G1/ C8+
Trax_1684235 paganje vs. dingbat : @0/ A2+ A0\ @1\ C2+ A3/ @2\ D1/ D0/ C1+ A2\ B0/ C6\ E4\
Trax_1684238 Arctic Warrior vs. paganje : @0/ A2\ B2\ B3+ @2+ C4+ @2+ E3\ C4/ F3/ F2/ F1/ G1/ E0\ D1\ F0/ E0+ G7\ E0/ G2/ H3/ H8/
Trax_1684239 paganje vs. Arctic Warrior : @0/ B1\ A2/ @2+ A3+ @2+ C3\ D3\ D4\ E2/ F3+ E5/ D6+ A3+ @2\ E0\ G1/ A4+ H3/
Trax_1684240 Arctic Warrior vs. sagitarius : @0/ @1+ @1+ A0/ A3/ B3+ @1/ D0/ E1/ A1\ D0\ @2/
Trax_1684241 sagitarius vs. Arctic Warrior : @0+ B1+ A0/ A3/ C2/ B0\ @3/ A4+ A1\ @1\ B0/
Trax_1684242 paganje vs. sagitarius : @0/ A0+ A0\ @1\ A0\ @3/ D3\ D2+ E4/ F3\ E1+ B0\ B0+ F2+ B0+ E8+ G7\ B0/ G9+ C2+ E10+ G5+ H9/ A2/
Trax_1684243 sagitarius vs. paganje : @0+ @1\ A2\ C1/ A0\ @1\ C0/ D4+ D5\ E5\ A5/ @3+ C6\
Trax_1691036 sagitarius vs. Misery Midnight : @0+ B1\ A0/ @2/ A3/ C0/ D1/ @4/ C5\ @3\ C2+ A2+ @3\ C1\ A5/ B6/ @5\
Trax_1691065 Misery Midnight vs. (vikki) : @0/ A2+ A0\ @1\ A0\ C3/ D2\ C5/ B6/ A5\ @4/ @1+ G1/ F0\ B7/ A7/ @7/ B1+ A1\ @1\ A0\ @2\ B0/ H9\ G10/ E10\ G3+ F2/ F1/
Trax_1692788 * vs. SarahMills : @0+ B1+ A0/ A3/ C2\ C3\ B4\ @2+ @2/ C0\ B1\ E5+ F5\ F4+ G3\ E6/ C6+ A2+ H3\ G2/ E1/ C0\ H7\ A1/ C0+
Trax_1692982 * vs. murrman50 : @0+ @1+ A2\ A0\ C3/ B4/ @4/ A5/ E3+ A2+ @1/ E5\ B6/ @5\ A3\ A2\ @3+ E0/ E8+
Trax_1692982 * vs. murrsquito : @0+ @1+ A2\ A0\ C3/ B4/ @4/ A5/ E3+ A2+ @1/ E5\ B6/ @5\ A3\ A2\ @3+ E0/ E8+
Trax_1694557 B Line electric streetcar vs. csain1 : @0/ A0/ @1/ A0/ C3/ D3+ B4/ B5+ A3+ @3/ A2+ D2/ F2+ A5/ @3/ C0+ A2+ D2+ G4\ E7+ H7+ H8\ H3/ I3/ G2+
Trax_1694564 Jump This vs. klaashaas : @0/ B1/ C1\ B2/ A2+ @1/ A0+ B0+ D2+ B0+ D1/ E2\ C0+ F5/ C7/ B8\ @5/ F2/ G2+ G3+ H3\ I3\ F6+ G7/ F8\ G9/ E9+ I5\ J4/ E10/ B8\ @4\ C3\ E0\ K3/ L4\ A7+ @7/ A9+ A10\ @7+ A9/ @10\ J1/ K1\
Trax_1694569 Sarah vs. Whistler Gandalf : @0+ A2+ A3+ @2/ C2/ A4\ B5/ C4+ C0+ D6\ D7\ D4+ E4\ D1/ E2/ F5/ B7/ B8/ E8+ D9\ E10/ F9+ G7/ G6/ H8\ H5+
Trax_1694683 keops vs. jbdobie : @0/ A0/ A3/ A0/ @2\ @2+ B5\ C0/ D5+ E5\ A7/ @7/ G5\ D7+ B8+ A4\ @5+ I7\ I8\ D9+ F8+ G9+ B9+ @6\ E10/ E1\ D0/ C2+ B2/ A3\ @2/ D0\ C1\ @1+ RESIGN
Trax_1695118 What did you say vs. drgnrdr : @0/ A0/ B1+ C2/ A3+ @1\ A0\ A0\ A5+ @2+ D2+ A0/ @4\ A2+ @6/ D7/ G3+ @6+ A7/
Trax_1696843 keops vs. dboy97 : @0/ @1/ C1/ B2+ A0+ B0+ D2\ @2+ A1\ E5+ F5\ G3\ @2+ G1+ D0/ E0\ G8+ H8\ G0+ H1/ H0/ I1+ J1\
Trax_1697773 Rogue Trooper vs. 15951 : @0/ B1\ A2/ A3+ B2\ @2/ B0/ D1/ D0/ E3+ A1\ RESIGN
Trax_1697956 drgnrdr vs. frolind : @0/ @1+ B2/ A3\ C2+ D2\ E3/ D1+ B0/ B0/ B6/ E1/ F4+ E0\
Trax_1699412 Misery Midnight vs. SweetCindyJo : @0/ B1\ A2/ @2+ C2\ B3/ D1/ C0\ E3\ D4/ RESIGN
Trax_1699930 Touched*by*an*Angel vs. Linda Sue : @0/ @1/ B0\ A1\ C2+ @2\
Trax_1699931 Linda Sue vs. Touched*by*an*Angel : @0+ @1\ A2/ @2/ C0/ A2+ A4/ C0/ @3/ E1\ A5\
Trax_1701175 Kran vs. drgnrdr : @0/ A0/ B1/ B3+ C3\ A4\ D1/ D0/ @3/ C6/ F2+ C1\ E0/ A8/ @8/ E8\ C1/ D9/
Trax_1701210 paganje vs. itb4me2 : @0/ A2\ B1/ B0+ C2\ C3\ D3\ A4\ C5+ @1\ B0+ A5/ @3\ C6/
Trax_1701233 Honeybear vs. puddlelion : @0/ B1\ B2\ C2+ A0\ @2/ B3/ C4\ C5\ D1/ B5/ B0/
Trax_1706193 Kevin vs. Rogue Trooper : @0/ A0+ A0\ @1\ A0\ @4+ A5/ A6/ @5\ A1+ @6/ A7/ A2+ @4+ A7+ @7\ G0/ H1+ D1\ D0\ C3+
Trax_1706194 Rogue Trooper vs. Kevin : @0/ A0/ B2+ C2\ A3/ B4+ A0/ C2+ C6/ C7/ A6+ D6\ @1\ A0\ C1+ E2\ F3/ E0+ @2\ B1\ C0\ @3\ A2\ H9+
Trax_1706197 Sarah vs. Rogue Trooper : @0+ A0/ A0/ B2\ @2/ D2\ D3\ A4\ @2/ A0+ D1+ @2+
Trax_1706198 Rogue Trooper vs. Sarah : @0/ A0/ B2+ B3\ C2/ B0+ D3+ B5+ B6/ @6+ @5/ E5+ B7/ G3\ G6\ F7\ H6/
Trax_1706201 Rogue Trooper vs. frolind : @0/ @1/ B2+ B0\ C1\ D1\ B0+ A1\ @3/ C0+ F2/ E1+ F5\ G3/ F6/
Trax_1706202 frolind vs. Rogue Trooper : @0+ A2/ B1\ A0/ A0/ C1+ @1+ B5/ D5/ A4+
Trax_1706203 Arctic Warrior vs. dolcol (LAW-10) : @0/ B1\ B2\ B3\ C3+ D3\ D4\ D1/ D0/ E4/
Trax_1706204 dolcol (LAW-10) vs. Arctic Warrior : @0+ @1/ @1\ A0\ A0\ @1+ C1/ B0\ @2/ C5\ F5/ C0/ D1/ E1\ F3+ G4/ @6/ A7/ I4/ E0+ F8+
Trax_1706205 Arctic Warrior vs. Misery Midnight : @0/ B1\ B2\ C2\ A0/ RESIGN
Trax_1706206 Misery Midnight vs. Arctic Warrior : @0/ A2\ B2\ B3+ RESIGN
Trax_1706207 Arctic Warrior vs. Morticia : @0/ B1\ A2/ @2+ C2\ C3\ D3+ E3/ B0/ A4/ A5/ @5/ A6/ @4+ B2+ F6\ F7\ H4+
Trax_1706208 Morticia vs. Arctic Warrior : @0/ B1\ A2/ @2+ B0+ @2+ C0+ @3+ C5+ C6/ B6/ B7/ D7\ E7+ D8/
Trax_1706209 dolcol (LAW-10) vs. Misery Midnight : @0+ @1/ @1\ RESIGN
Trax_1706210 Misery Midnight vs. dolcol (LAW-10) : @0/ B1\ RESIGN
Trax_1706211 dolcol (LAW-10) vs. Morticia : @0+ @1+ A0/ A3/ A4/ @2+ B5\ C4+ @4/ A5/ A6/ D5\ @3\ A2\ D0/ A2\ D0+ C9+ @8/ A9/ C10\ E10+ @10/ A11/ B1\ A4+ B0/
Trax_1706212 Morticia vs. dolcol (LAW-10) : @0/ A2\ B2\ C2\ A3/ @1/ B0+ D2/ E4/ B5/ C0+ A5+ @5+ G6\ E7+ C8/
Trax_1706213 Misery Midnight vs. Morticia : @0/ A2\ B2\ B3+ C2/ C1/ A0\ @2/ RESIGN
Trax_1706214 Morticia vs. Misery Midnight : @0/ B1\ A2/ @2/ C2\ C3\ @2+ RESIGN
Trax_1706215 Jump This vs. Tigger : @0/ @1+ A2\ C1/ A0\ @1\ D0+ B5\ @2\ B0\ F6\ F7+ @4/ A5/ A6/ A7+ H5+ @4+ D5+ B8/ A2+
Trax_1706216 Tigger vs. Jump This : @0+ B1+ A0/ B3\ @1/ @1/ @1/ B3+ E4\ E5+ F5\ D0/ F3\ @1\ C0+ A5/ @3\ B6\
Trax_1706217 Jump This vs. Stinger : @0/ A2\ B2\ B3+ @2+ @2/ @2/
Trax_1706218 Stinger vs. Jump This : @0/ @1/ B0/ B0/ @2+ C0/
Trax_1706219 Jump This vs. Atticus Finch : @0/ B1+ C1/ C0/ C0+ D2+ A1\ @2+ C0\
Trax_1706220 Atticus Finch vs. Jump This : @0+ B1+ B2/ B0/ @2+ D2+ E2/ E0+ F3\ D4\ C5/ D0/ F2+ G3\
Trax_1706239 Phil The Hat vs. sagitarius : @0/ @1+ @1+ B2/ C0/ @3\ A4+ C0+ B1+ C0/ E3+ A2+ @4/ E5+ G3+ @5\ B1/
Trax_1706240 sagitarius vs. Phil The Hat : @0+ @1+ A2\ B0/ C2\ B4/ @2\ @2+ F3/ B1\ D0/ B4+
Trax_1706241 Phil The Hat vs. REBEL DJ : @0/ B1+ C1/ @1/ C2+ D0+ B1+ B4\ @4/ B5\ A1\ @2\ C0\
Trax_1706242 REBEL DJ vs. Phil The Hat : @0/ @1/ B0+ @2+ C3/ D2+ @2\ @1/ @1/ A3+ D3+ B4+ F4+ H2+ @3/ A4/ C5\ B6+
Trax_1706243 Phil The Hat vs. Scorpius : @0/ B1+ B0+ C2\ C3\ B4+ @4+ D5/ E2/ D1+ E5\ RESIGN
Trax_1706244 Scorpius vs. Phil The Hat : @0+ B1+ B2/ A0\ B4/ @2/ D3\ @1\ B0+ A5/ RESIGN
Trax_1706251 supermac vs. Buz : @0/ B1+ A0\ @1\ A0+ A3/ @2\ E3\ E4\ F4\ F5\ F2/ G1\ A4+ B0/ C7+ G6+ H3/ @2/ I5\ J3/ F0+
Trax_1706252 Buz vs. supermac : @0+ @1+ B2/ B0/ C3/ @3\ B4/ C4+ @2\ C1\ D0/ C6+ B6/ A5/ @3\ C7/ B7/ A4+ @6/ B2\ RESIGN
Trax_1706253 supermac vs. drgnrdr : @0/ A0/ B1+ B3/ C1\ D3+ D4\ E4\ E5\ E2+ A3+ @1\ B0/ F2/ G2/ D1/
Trax_1706254 drgnrdr vs. supermac : @0/ B1\ A2/ C1\ C0\ @3+ @2/ A4\ B5/ C4+ D4\ C1+ @2/ D0/ E0\ G4\ G5\ F2+ G6\ F8+ D9+ H5+ G9/ C2+
Trax_1706255 Buz vs. drgnrdr : @0+ B1\ A0+ @2/ C3\ @2/ C4/ A4/ @4/ E1+ E0/ F1/ F0/ G1/ G0/ H1/ H0/ I3\ D4+
Trax_1706256 drgnrdr vs. Buz : @0/ @1+ B2/ C1\ C2\ A3\ B4/ D2\ D0+ E3\ D0\ F2/ F1/ F0/ A3+ @5\ E0/ G1/ H4+ D2+ G7/ I4/ H8\ I6+ I8\
Trax_1707124 Marko vs. Stinger : @0/ B1\ A2/
Trax_1708398 * vs. RubyJoy : @0/ B1\ B2\ A2+ @2/ A3/ @2/ B1+ C0\ A4+ @2+ A1\ D0\ E2+ @2+ G3+ E6+ G6/ D0/ G2+ H4+
Trax_1708980 sagitarius vs. Phil The Hat : @0+ B1+ A2\ A0\ C3/ B4/ @2\ A3+ C5/ C6/ C7/ C8/ @8+ A9/ D9+ F6+ G7/ B10+ @5+ H5+
Trax_1711493 Chad vs. Geri39 : @0/ B1\ A2/ B2+ B3+ C3\ C4+ A4+ @4/ C5\ A1\ B0+ @3/
Trax_1712150 paganje vs. CHESSCATJAY : @0/ A0/ B1+ C2/ @2/ A3/ B4+ @2+ C5+ F4\ E5/ @2\ B0\ C0+ E2/ G3+ H3/ C0\ A3+ A2+ @2\ @2\ G2+ H2/ G1+
Trax_1713898 Arctic Warrior vs. Kran : @0/ A2\ B1/ B0/ C1+ B3+ D2\ @1\ B0/ @3/ A4/ A5/ @5/ A6/ @6/ A7/ @7/ A8/ @8/ A9/ @9/ D10+ @5+ F1/ G1/ H0\ @3+ E0/ A8+ A12/ @10+ C13\
Trax_1713901 Jump This vs. dboy97 : @0/ A0+ @2+ B0+ C1\ D2/ E2/ C0\ C0\ F1+ C0+ D6\ B7/ D0+ A3\ B2+ @5+
Trax_1713945 frolind vs. drgnrdr : @0/ A0/ A0/ @2+ @1/ @1/ B3+ E1/ B0+ @2/ @1+ C0/ A4+ H5+ F6/ F1+ D0\ F8/ I6\
Trax_1713973 klaashaas vs. Rogue Trooper : @0/ @1+ A2\ @2\ @2\ B3+ C4/ E1/ E0/ B1+ @2/ D0\ A6/ B7\
Trax_1715302 Keizer Soze vs. Rand al*Thor : @0/ A2\ B1/ B2+ @1\ C0+ @2\ B3+ D4\ E2/ D0\ A2\ F2\ B5/ D6\ @3+
Trax_1716829 Honeybear vs. Freight Train : @0/ @1+ @1\ A0\ @1\ A0\ E1/ D0+ D0/ E2/ F2/ E1/ E0/ F1/ G2/ C2+ @4\ F0+ B2+ D8+
Trax_1717429 Jane vs. Morticia : @0/ A2\ B1/ B0+ A0/ @1+ B0+ D3\ C5+ E5+ C6+ @4/ A5/ B6/ B0\ A2/ @4/ H6/ G4+ G7+ E8\ B8/ A8/ B9\
Trax_1717638 nisqually vs. Linda Sue : @0/ @1+ @1\ C0/ D1/ B3\ C0+
Trax_1717639 Linda Sue vs. nisqually : @0+ @1+ A0/ B3\ C3\ D3+ E3\ E4\ A3+ @2+ D4+ C5/ D5+ G4+ D6/ @2+
Trax_1718319 What did you say vs. Misery Midnight : @0/ B1\ A2/ A0/ @3+ C0/ D1/ @4+ B1\ C0\ A2/
Trax_1718376 Misery Midnight vs. Cachel : @0/ A2+ B1/ B3\ C3\ C4+ D3/ C2+ @1\ B0+ B0\ A2\ A1+ @1\ A2+ C6/ C7/ B6+ A0\ @4\ E8\ C9\ B5/ D10\ E10\ G4/ G3/ E2+ D11/ C10+ F1\
Trax_1718753 Chad vs. frolind : @0/ @1/ @1/ B0+ D1\ C3+ @2+ D0\ D5\ E0/ F2+ G2/ G1/
Trax_1718776 Goonerg vs. Jump This : @0/ @1/ @1/ C0+ B0+ @3/ A4+ E3+ A0+ @4+ @4\ @2+ B5/ A5/ @3\ D6\ E7/ B8+ A8/ @8+ A9/ A2/ @2/ B1+ C0+ @6+ B8+ A2\ A8+ B1\
Trax_1726493 Phil The Hat vs. drgnrdr : @0/ @1/ @1/ B0+ @2/ A3/ D0\ E2\ A5/ F5+ A1\ E6+
Trax_1726494 drgnrdr vs. Phil The Hat : @0/ A0/ @1+ B0/ B0/ C1/ @4\ E4+ C5/ A2+ F5/ C6/ F7\ G7\ A7/ D8+ @7\
Trax_1726495 Phil The Hat vs. pioenroosje : @0/ B1\ A2/ @2+ B0+ A0/ A0/ A0/ C1+ D2+ @3+ C7/ B8\ E1/ D7+
Trax_1726496 pioenroosje vs. Phil The Hat : @0+ B1+ A0/ A3/ @1/ B0/ D3\ D2+ B5/ D0/ E2\ A1\ @2/ C0/
Trax_1726497 Phil The Hat vs. Beaupol : @0/ A2\ B1/ B0+ @2+ C0+ D2+ C0+ A2\ D1/ @2/
Trax_1726498 Beaupol vs. Phil The Hat : @0+ @1+ B2/ A0\ @1+ A0\ @2+ @2\ A0+ F4+ D6\ @3/ A4/ H4+ @4/ G7/ B5\ A6+ C5/
Trax_1726499 drgnrdr vs. pioenroosje : @0/ B1\ A2/ A0/ @2+ B4/ D1\ B0/ @1+ A0\ A0+ @2/ E6+ B7/ A4\ C8/
Trax_1726500 pioenroosje vs. drgnrdr : @0+ @1/ C1/ C2/ C0+ D3\ D4\ @3\ B1+ E1/ F3+ F5/ D4/ @2/ D5+ D6/ @3\ B0+ C0\ G8+ E9/ B0/ B0/ D3+ E3+ G4+ H4/ I4/ E1+ C0\ H11+ I8\ J6+ A2+ @6+ H4+ I3+ K4+ A8+ H2+ G0+ K3/ B1\ I2/
Trax_1726501 drgnrdr vs. Beaupol : @0/ B1\ A2/ @2+ A0/ @2/ @1+ C0/ E2/ F2/ @2/ B4+ B0/ A2+ @4\ @3/ @4\ A1+ @3/ D0/
Trax_1726502 Beaupol vs. drgnrdr : @0+ @1/ A0/ B3\ A4+ A5\ C4/ @1\ C0\ D2+ E4+ A4/ @4/ G2\ F1+ B6/ B7/ @6+ F7\ B3+ G7/
Trax_1726505 Kevin vs. Goonerg : @0/ A2+ A3/ @3/ @3+ B1+ D2+ @2/ A0\ @3/ E1/ A1\ C0/
Trax_1726506 Goonerg vs. Kevin : @0/ A0/ B1/ C2/ C1+ C0/ B1+ C0+ B0/ A2+ @1/ @4/ @3+ D0+ E0\ D0/ B4+ @7\ A5+ A8/ B9+ C10/
Trax_1726511 Goonerg vs. cocopuff : @0/ B1\ A2/ A0/ @1/ A2+ D1\ A4\ D0/ E2+ A1\ @1\ C0/
Trax_1726512 cocopuff vs. Goonerg : @0/ @1/ C1/ D1/ C0+ A3/ @1\ D0\ F4\ B5/ @5+ @4+ G6+ H6\ I3/ I2/ I1/ H0+ F8+ J4+ C8/ E9\ C9+ F10/ J8+ K5+ A6/ A7/ K2/ K1/ G8+ H9\
Trax_1726513 Goonerg vs. What did you say : @0/ B1\ A2/ @2/ B0/ B4+ C4\ B5/ @3/ E4\ F2+ G3/ @1+ C0+ B0/
Trax_1726514 What did you say vs. Goonerg : @0/ B1/ C1\ B2/ A2/ B0/ B0/ B0/ C0\ @5+ E2+ D6\ C7/ F5+ A0+ @1\ F1/ F8+
Trax_1726529 * vs. Arctic Warrior : @0/ A2/ B2\ A3/ A4/ C2+ A5\ B5\ B4+ @3+ @3\ C0\ E1\ E6\ F4/ E7\ B7/ F6+
Trax_1726530 Arctic Warrior vs. * : @0/ B1+ A0\ @2/ A3+ D2+ @2/ @3\ C4+ @2+ D5/ C1+ D0\ @3+
Trax_1726531 * vs. dolcol (LAW-10) : @0/ B1\ B2\ B3\ A0/ B5/ A3+ C1/ B0\ B7/ C7/ D4+ @3/ F5/ F7\ RESIGN
Trax_1726532 dolcol (LAW-10) vs. * : @0+ B1/ B2\ C1/ B3\ C3/ C0/ D3\ A4/ B5\ E3/ E5/ @4\ A3\ F2+ A1/ E0\ G4/ F0\ D1+ C0/ @6+ I7\ H3\ I8/
Trax_1726533 * vs. Oartkickel of the Wolf Pack : @0/ B1\ B2\ A2+ @2/ A3/ @2/ C0/ B2+ C5+ E2+ E4+ @3+ B1+ G2+ C0+ @4+
Trax_1726534 Oartkickel of the Wolf Pack vs. * : @0+ @1/ C1/ C0/ B3\ B4\ D1/ @2/ B1+ @2/ E0+ A1\ @2/ C0/
Trax_1726535 Arctic Warrior vs. dolcol (LAW-10) : @0/ A2\ B1/ C1/ C0+ D1\ C3\ C4+ D4\ E3\ F3\ F4\ F5\ A5/ F6\ G3+ @5/ I5+ G7/ G8/ F7+ D0/ F2/ B7+ A4\ @6/ I8\ A4+ @6/ A4+ @4/ B8+ L8\ M7/ @4/ A3\ @3\ P7\ P8\ O9/ K1+
Trax_1726536 dolcol (LAW-10) vs. Arctic Warrior : @0+ B1+ A2\ B0/ B0/ @3+ B1\ C0/ D5/ E3+ F3/ C6+ F4+ G3\ H3+ @4\ E7/ F6\ H4+ H5\ G7/ E8/ I7+ I8\ E9/ E10/ C8+
Trax_1726537 Arctic Warrior vs. Oartkickel of the Wolf Pack : @0/ A2\ B1/ B2+ @1/ C0/ D1/ D0/ E1/ B5\ F1/ C0+ B0/ @4+
Trax_1726538 Oartkickel of the Wolf Pack vs. Arctic Warrior : @0+ @1+ A2\ A0\ @2/ C4/ D2/ C1/ A0/ @2+ A4+ C6/ E5\ F5+ D6\
Trax_1726541 supermac vs. RubyJoy : @0/ A2\ B1/ B2+ B3+ C1+ A0\ @3\ D1/ C0+ C0/ D1/ E4+ F3+ D0/ G2+ B1\ F5+ B0/
Trax_1726542 RubyJoy vs. supermac : @0+ @1+ A2\ A0\ @1+ D2+ @1+ F2/ @1+ E1/ E0+ D1+ D0+ B2\ A4/ A5/ B6+ @3\ A1+ I3\ H2/ I5\ H6+ J5/
Trax_1726543 supermac vs. Morticia : @0/ A2\ B1/ B0+ C1/ B0+ @3/ C0+ A2\ @4/ @4/ D0+ A3\ @4+ D0/ A4\ @1+ D0+ A7\ @3\ C8+
Trax_1726544 Morticia vs. supermac : @0/ A2\ B1/ B0/ @2/ D1/ C0+ C4+ C5\ E2/ C6\ A0\ @3+ F1/ C6+ G2/
Trax_1726545 supermac vs. Chad : @0/ @1/ B0+ A0/ @3+ C4+ D2/ B0/ @2+ C0\ F4/ F1+ E0/ G3+
Trax_1726546 Chad vs. supermac : @0/ B1\ B2\ C2+ B0+ D2+ E1\ E3+ E4\ F4\ B4/ A4/ C0\ C5+ C6\
Trax_1726547 RubyJoy vs. Morticia : @0+ @1+ A0/ A3/ @3+ A4/ @2\ A1\ C0/ A0+ @2/ D0/ E1/ F4+ @3/ A1\ D0+
Trax_1726548 Morticia vs. RubyJoy : @0/ A2\ B1/ B0/ B0+ B4+ C4\ C5\ D5\ D1/ E4+ C0+ @5/ A6/ B7/ G5/ B1+ G2/ H4\ E0+
Trax_1726549 RubyJoy vs. Chad : @0+ A2+ A0+ @1+ B0+ C3\ A4/ @4+ C5+ E3\ C6+ E5\ F5\ C7\ D2+ D1/ G5/ G4/ G6+ H4+ F3+ C0+ B2+ B1+ C0\
Trax_1726550 Chad vs. RubyJoy : @0+ B1/ @1/ A2/ B0\ @2+ A0\ @3\ E1/ C0+ F3/
Trax_1726551 Morticia vs. Chad : @0/ A0/ B1+ C1\ C3+ D3+ C4+ B4+ @2+ A4/ C5/ F2\ G3/ @3+ B5/ B6/ E5+ E6\ A7\ F5+
Trax_1726552 Chad vs. Morticia : @0/ A2\ B1/ B0+ B0\ @1+ A0\ @1\ A0+ @1+ E1/ D0/
Trax_1726553 Robyn Hode vs. gladriel : @0+ @1\ B0\ B0\ A4\ C3/ A1\ @2\ A5/ B0\ @5/
Trax_1726554 gladriel vs. Robyn Hode : @0/ A0+ @2\ @2/ B1+ B3/
Trax_1726559 gladriel vs. frolind : @0+ @1+ A0/ A3/ @3/ @3+ B4\ A1\ D3+ @1/
Trax_1726560 frolind vs. gladriel : @0/ B1+ C1/ C0\ B1+ A1+ A3\ @1/ A2+ A3+ C3+ A4\ B4+ D3\ E3/
Trax_1726561 gladriel vs. dingbat : @0/ A0/ B1\ B2+ @2/ C3\ B4\ A5+ D3\ @4+
Trax_1726562 dingbat vs. gladriel : @0/ B1+ C1/ A2\ B2+ C2+ B3+ D2/ B0+ A1\ @1/
Trax_1727169 DINGEROO vs. SweetCindyJo : @0+ B1+ B2/ B0/ C2+ @2+ C0\ B1/
Trax_1727250 Phil The Hat vs. golfnutrof : @0/ @1/ B0/ @2/ C0+ @3/ E1+ D4\ E2+ F2\ A5+ F1/ G3/ E0+ G5\ F7+ H5/
Trax_1731481 Peeky vs. klaashaas : @0+
Trax_1731482 klaashaas vs. Peeky :
Trax_1731487 PismoTigress vs. klaashaas : @0+ A0\ @1+ B3\ A3+ @3/ B4/ B5/ A4/ D1\ C0/ D6\ E5\ C7\
Trax_1731488 klaashaas vs. PismoTigress : @0/ B1\ B2\ A2+ A3\ B3+ C3\ A0/ A0/ C6/ C1/ D4/ C0\
Trax_1731493 klaashaas vs. pioenroosje : @0/ A0/ A0/ @2+ @2\ @1/ @2\ F1/ C0+ F0+ F0\ G3/ H3/ G1/ G0/ B7/ C8/ H5+ @4+ D2+ G1\ G0\ G9\ B8+ H8\
Trax_1731494 pioenroosje vs. klaashaas : @0/ A2+ A3/ B3/ @3+ A4/ B4+ C0\ A2+ A6/ D2+ E2\ D5+ B0/ @3+ F1/ F5+ G2\
Trax_1731495 klaashaas vs. What did you say : @0/ B1\ A2/ @2/ A0/ C3+ A4/ @4/ A5/ @4+ D6+ F6/ C7\ F3/ A7/ F7\ B8/
Trax_1731496 What did you say vs. klaashaas : @0/ @1/ B0\ @2\ B1+ @2\ C3/ A1\ C0/ D5/ E5+ E1\ C5/ E6\ E7+ F7\ F8+ F9/ D9+ G8/ F6/ F2+ G5/ H8/ C8/ B9\ A6+ @3+ F0+ G1/ J9/ J10+ H4+ H11/
Trax_1731499 csain1 vs. Phil The Hat : @0/ @1/ @1/ @1/ B2+ B0\ D0\ D5+ E5\ F5+ D6+ C1+ B0/ A3+ A2+ @1/ C6/ C7/ H4+ F3+ G2+ A5+
Trax_1731500 Phil The Hat vs. csain1 : @0/ @1/ C1/ D1/ C2+ D3/ B3+ B4/ E1+ C0+ E5\ C6/ F4\
Trax_1731503 csain1 vs. * : @0/ A2+ A3/ @1/ @1/ @1/ A0/ B1+ @1\ C0\ A5/ E1/ B6/
Trax_1731504 * vs. csain1 : @0/ A0/ B2/ C2/ B1+ @1+ B0/ D1+ C4+ D0/ E2/ A1\ E5\ @2\
Trax_1731505 csain1 vs. Goonerg : @0/ B1/ C1+ B0/ A3/ D1\ E2/ A4+ @2+ C0/ F0+ G4/ A1+ B0+ @3+
Trax_1731506 Goonerg vs. csain1 : @0/ A0/ @2/ @1/ C0+ A0/ @1/ @1/ B3+ C4/ E1+ F2\ C5/ A3/ C0/ E7+ G4/ A7/ @4/ D8/
Trax_1731507 Phil The Hat vs. aussielady : @0/ A0/ A3/ B2+ B0\ C2+ C4+ A5/ @4+
Trax_1731508 aussielady vs. Phil The Hat : @0/ @1/ B0/ B0/ C2+ D2/ C0+ A5+ @5/ E5\ F4/
Trax_1731509 Phil The Hat vs. * : @0/ A2+ A3/ @1/ B0/ C4/ @1\ A3+ B0\
Trax_1731510 * vs. Phil The Hat : @0/ @1/ A0/ @2+ @2\ @1/ B3\ A0+ C5/ D4+ D6/ F3+ @4+ A6+ H4/ H5+
Trax_1731511 Phil The Hat vs. Goonerg : @0/ B1/ @1+ B2/ C0/ D1/ A0+ B5/ E5+ B6+ @4+ G6/ C7\ F1+ E0+ H7/ A7/ G3+ C9\
Trax_1731512 Goonerg vs. Phil The Hat : @0/ A0/ A0/ A0/ @3+ C1/ @3/ @3/ C0\ B2+ F4+ G3\ E6+ G1/ D0+ H3/
Trax_1731513 aussielady vs. * : @0+ B1/ A2+ A3\ B3\ C2\ B4+ C3\ @3/ B5\ A5+ @5/ B6/ A3/ A6/ B7+ D6+ E6/ C0\ B3+ @4+ E9/ F8+ D9/ G5+ G4/ H5+ A6+ C2+
Trax_1731514 * vs. aussielady : @0/ A0/ B2/ B1/ C2\ C3\ D2+ A0\ @2/ E1/ A1\ C0/
Trax_1731515 aussielady vs. Goonerg : @0/ A2/ B1\ @1/ A2/ D1\ B0/ B0/ @4+ C0+ E5\ E6+ @5+ C6/ E7\ G6/ D7+ H4+ C8\ B7+ E1+ E9\ F9\ G9\ H6+ B9/ A3+ A8/
Trax_1731516 Goonerg vs. aussielady : @0/ A2/ A3/ @2+ C1+ C0/ B1+ C0/ D5\ D6\ D1+ A6/ E4/
Trax_1731517 * vs. Goonerg : @0/ B1/ B0/ A3/ B4+ C4\ D2+ A0\ @2+ E1/ E0+ F2\
Trax_1731518 Goonerg vs. * : @0/ A2+ @1\ A0\ @1+ C4\ D4\ A3\ E2/ C1/ B0\ @3\ A5/ G4+ C6+
Trax_1731521 Kevin vs. drgnrdr : @0/ A0/ A0/ @2+ B0/ C1/ C0/ D4+ A0+ @1\ A0\ @4+ E1/ B6+ C0/
Trax_1731522 drgnrdr vs. Kevin : @0/ A0/ A3/ A4/ @3+ C4+ D1\ B0/ B0/ E1+ C0\ E5\ F5\ @6\
Trax_1731527 hoot vs. drgnrdr : @0/ A0/ @2/ A0/ C2/ B4+ C1\ A0/ @2\ B0/ @5/ A6/ A7/ E1/ F1+ D0/
Trax_1731528 drgnrdr vs. hoot : @0/ B1\ A2/ B2+ C2\ D2/ B3+
Trax_1731533 drgnrdr vs. EagleAnney : @0/ B1\ A2/ B2+ B3\ @3/ C4\ A4+ D3+
Trax_1731534 EagleAnney vs. drgnrdr : @0/ @1/ A2+ B3/ B0+ @3\ D1/ @3\ @1\ C0+ F3\ G2/ F4+ B5/ RESIGN
Trax_1731535 drgnrdr vs. Abaitha : @0/ B1+ C1/ A2\ D1\ D2\ C2+ C0/ C0/ @3/ F1\ F4+ D5/ G2+ B5+ D6/ B7\ A6+ @4\ G5+ F7+ H6\ H7+ H4+ F8/ I5+ C2+
Trax_1731536 Abaitha vs. drgnrdr : @0/ @1/ B2/ B3/ A2+ C3\ B4/ D1\ E1+ F1/ F0/ A1\ @2\
Trax_1731539 Amanda vs. sagitarius : @0/ RESIGN
Trax_1731540 sagitarius vs. Amanda : RESIGN
Trax_1731541 Amanda vs. Marko : @0/ A2\ B2\ B3+ B1/ C1/ A0\ @3\ C5\ B5+ D4+ @2\ A1\ C6/ A5/ @5+ A6/ C7\ F7\ @6/ H5\
Trax_1731542 Marko vs. Amanda : @0+ B1+ B2/ B0/ C2\ @2/ C4\ B4+ @4+ D5\ D0/ D7\ E7\ F4/ B2\ A3+ A1+ @1/ D8+ C6+ F9\ G8/ H7\ B8/ D0+ A7/
Trax_1731543 Amanda vs. Rogue Trooper : @0+ B1\ A2\ @1/ A3/ @2\ D3\ D4\ A3+ E4+ E1+ B4+ C5+ E0/ F1/ A1\ B0+ @2/
Trax_1731544 Rogue Trooper vs. Amanda : @0/ B1\ A2/ @2+ B3/ C3\ B4/ @2+ A4/ B5\ C0/ E4\ E0/ F1/ B1\ A2/ C0/
Trax_1731545 Amanda vs. Catmane : @0+ B1+ B2/ B0/ C2/ C1/ A1+ C0/ C0+ D3+ C0/ C6+ B7/ B8+ D1+
Trax_1731546 Catmane vs. Amanda : @0/ B1\ B2\ A2+ @2+ B3/ C4+ @3\ B4+ B1+ B5/ @4+ D6+ B6+ @4+ F5+ G4+ H4/ H2+
Trax_1731547 sagitarius vs. Marko : RESIGN
Trax_1731548 Marko vs. sagitarius : @0+ RESIGN
Trax_1731549 sagitarius vs. Rogue Trooper : RESIGN
Trax_1731550 Rogue Trooper vs. sagitarius : @0/ RESIGN
Trax_1731553 Marko vs. Rogue Trooper : @0+ A0/ A3\ B1/ B0/ C4+ @3/ C5/ E2+ A6/ @5+ E6\ B1\ F6/
Trax_1731554 Rogue Trooper vs. Marko : @0/ B1\ A2/ B2+ @1+ B3/ B0/ D3\ E4/ @2\ C0+ A5/ @3/
Trax_1731555 Marko vs. Catmane : @0+ B1+ A0/ B3\ @2\ D2/ D0/ E3/ A1\ B0+ @2/
Trax_1731556 Catmane vs. Marko : @0+ @1+ B2/ B0/ @2/ D2\ A4/ C4+ @3/
Trax_1731557 Rogue Trooper vs. Catmane : @0/ A2+ @1/ C1/ A3\ @3+ E1/ B0+ E4\ RESIGN
Trax_1731558 Catmane vs. Rogue Trooper : @0+ A0/ B1/ B0/ C1/ @2/ B4+ A0\ @1\ C0+ C0\ D1+ A4+ D0/ B1+ F3+
Trax_1731565 rabbitoid vs. purplehawke : @0/ A0/ @2+ C1\ A0\ @1\ E2\ F2\ D1+ F0\ C1+ D4+ B5/ A3/ @2\ A4+ H2+ G0/ F6/ C7/ C1/
Trax_1731566 purplehawke vs. rabbitoid : @0+ A0/ A0/ @3\ C3\ D3+ C4/ D0/ E2\ A1\ @2+ C0/
Trax_1731571 Sarah vs. purplehawke : @0+ @1\ B2+ C1/ C0/ C0+ D2\ E2\ C0+ @4\ C6+ F2/ G2/ G0\ D1+ C8\ D8\
Trax_1731572 purplehawke vs. Sarah : @0+ B1+ @1\ A0\ A3/ @3/ B4/ B5/ C3+ A4+ A6\ B0/ B0/ B9/ @9\ E3+ F4\ A8+ E7+ C10/
Trax_1731575 Kran vs. purplehawke : @0/ @1/ B0/ A0/ A4/ A5/ @3+ D2\ A0\ @2/ C0/ D1/ B0\ A1\ A8/ A9/ @7\ A6\ @5\ A4\ A3\ G4/ H4/ H1/ I4\ I2/
Trax_1731576 purplehawke vs. Kran : @0+ @1/ A2/ B3\ C3\ A4/ @4/ C5+ A3\ @4/ A6\ D6/ E1/ F3\ F6\ F0\ G6\
Trax_1731577 Stinger vs. purplehawke :
Trax_1731578 purplehawke vs. Stinger : @0+
Trax_1731583 RubyJoy vs. keops : @0+ A0/ B2+ A3/ @3+ @2/ B1+ @2+ C0+ C0/ A2+ E1/ F2+ D0/
Trax_1731584 keops vs. RubyJoy : @0/ B1\ A2/ @2/ B3\ C3\ D2+ @1\ C0/ A1+ C0/ E1+ F4\ C6+ G3+ H3/ H1+
Trax_1731589 Jane vs. keops : @0/ A0/ @2/ A0+ @3/ A4/ @4/ A5/ @5/ A6/ @4\ A1+ @6/ C0+
Trax_1731590 keops vs. Jane : @0/ B1\ A2/ @2+ B0+ B4/ C4+ A5/ @3/ A1/ @1/ A0+ E2/ F3\ @2/ B5+ B0/
Trax_1731593 REBEL DJ vs. keops : @0+ A2/ A0\ @3/ @3+ C4\ D3/ E2\ A4+ C5\ D1+ B6+ @4\ B0+ A2\ @4/ @5+ B2\ B1\ A3/
Trax_1731594 keops vs. REBEL DJ : @0/ B1\ A2/ A3/ @1+ @1/ C0/ B0/ B0/ A1+ @2+ E2/ F4\ E5\ A6/ F5\ @4+
Trax_1731597 keops vs. dolly : @0/ A2\ B1/ B0+ @2+ B0/ B0/ D4/ D2+ C0\ B0/ @5/ E0/ F3+ A1+ @4+ D0/
Trax_1731598 dolly vs. keops : @0+ A2/ @1+ B0/ C1+ D1\ C3+ C4\ C5/ @3/ A4/ A5/ @4+ G3+ G5\ B6/ H4\
Trax_1731619 McStack vs. Rand al*Thor : @0/ B1\ A2/ B2+ A3/ A4/ @1+ @4+ @3/ B5+ A1\ E5\ @1/
Trax_1731620 Rand al*Thor vs. McStack : @0+ B1\ B0/ C1/ A1+ A0\ @1\ @1\ D0+ A4/ B5/ @4\
Trax_1731627 Rand al*Thor vs. ScoobyRex02 : @0+ B1+ A0/ A3/ B3+ B4+ C2\ @1\ B0/ D2+ A4/ @3/ C6\
Trax_1731628 ScoobyRex02 vs. Rand al*Thor : @0/ B1\ B2\ A2+ A3+ @2\ D2/ B4+ @1/ E1+ E0+ F3/ E4+ E0+ F6\ G4+ A5/ @4\ C7\ A7/ @4\ B8\
Trax_1731629 Rand al*Thor vs. golfnutrof : @0+ @1+ A2\ A0\ B1+ C2+ @2/ B4\ @3\ @3\ D5+ @5+ D6+ A1\ C0+ @3/
Trax_1731630 golfnutrof vs. Rand al*Thor : @0+ A2+ A0+ B3/ @2\ A3+ B4+ A0/ @1+ @1\ C0/ E2+ A0\ @2/ B0\
Trax_1731631 Rand al*Thor vs. Tigger : @0+ A0/ A3\ B1/ B0/ C3\ D3+ D4\ B5/ B0/ E6/ D7\ D8+ E8\ F5\ A0\ A9/ @2\
Trax_1731632 Tigger vs. Rand al*Thor : @0+ A2+ @2/ C2\ C3\ D3\ D4\ E4\ E5\ D6+ D7+ F4+ G3\ F1+ E0/ H3+ D0+
Trax_1733063 Sir Pussycat vs. foxdancing : @0/ B1+ B0+ A3+ A4\ A1\ @1/
Trax_1733129 spitfire vs. Tigger : @0/ @1+ B0\ @2/ A1/ @2/ A3/ A0\ @1\ E1/ A2/ D0\
Trax_1733146 Misery Midnight vs. Tigger : @0/ B1+ C1/ C0\ D2\ D3\ A1\ @2/ D0/ E1/ F3\ F4\ G4\ G0/ H1/ D1\ C1\ E0/
Trax_1733571 * vs. frolind : @0/ @1/ B0/ @2/ B0+ C0\ B0/ C0\ A1+ @5+ @4/ B3+ C7/
Trax_1734031 Geri39 vs. Chad : @0/ @1/ B2/ B3/ A2/ B4/ B5\ C5\ C4+ D3+ A3+ D5/
Trax_1734741 Misery Midnight vs. Sweetcheeks : @0/ A2\ B2\ B1+ C2/ C3/ D2\ @3/ A4/ B4+ D1+ D0/ F3/ E2+ A6/ C6+ D6\ E4+ @6\ @6/ B5+
Trax_1734867 Arctic Warrior vs. Linda : @0/ A0\ @2\
Trax_1735235 spitfire vs. Sweetcheeks : @0/ B1\ A2/ B2+ C1/ C0/ A1\ @1\ B0\ A3/ @3/ E4\ F4\ B4/ C5\ D5\ D6\ B7/ E6/
Trax_1735763 gladriel vs. Lyonsgirl : @0/ A2\ @1/ C2/
Trax_1736182 spitfire vs. adopt 3 : @0/ A0\ @2\
Trax_1736609 spitfire vs. Knight Rider : @0/ B1+ @1\ A0\ A0\ B4/ B1/ A0\ D2/ D1+ D5\ D6/
Trax_1736694 sagitarius vs. Knight Rider : @0+ B1\ A0/ A3+ @1/ C0\ A4+ @1\ A0\ A5\ E4\ D6\ @2+ @3\ A5/ @5\
Trax_1736981 spitfire vs. AugieDawg : @0/ A2\ B2\ @1/ C1/ D2\ D3/ E3\ E4\ D4/ E5/
Trax_1737106 Misery Midnight vs. adopt 3 : @0/ A2\ B2\ B1+ C2/ C3\ D3\ C1/ E3/ D2+ C4/ B4/ A5/ @5/ E5\ B6\
Trax_1737108 Misery Midnight vs. Knight Rider : @0/ A2\ B2\ B3/ C2/ C1/ D1/ B0\ E3\ E4\ F2/ F1/ A4/ E0+
Trax_1737110 Misery Midnight vs. AugieDawg : @0/ B1/ B0+ @1\ A0\ @3/ A4/ A5/ E3\ E4\ @1\ C0\ D2/ D1/ D0/ F4/ G4/ E6/ F7\ A2\ B1/ D0/ @3\ D1\ I5\ E0\
Trax_1737349 drgnrdr vs. SarahMills : @0/ A0/ A3/ A4/ @2+ @4/ C5/ C0/ D4+ E4/ F1+ F0/ A3+ @4\ H1/ H0/ F7+ G6+ @6+ @6\ B4+ C8+ E2+ B3\ C9/ A8+ @7/ D2\ D1\ I0+ G10/ E11+ C11/ D12/ I11+ F12/ J10+
Trax_1737980 What did you say vs. Knight Rider : @0/ B1\ A2/ @2\ C2+ C3\ C4\ D4\ A4/ @2/
Trax_1738205 Kevin vs. Goonerg : @0+ A0/ A3\ B3\ B4\ C4\ C5\ D2+ A6+ @3+ F5+ D0+ F1+ G5+ D8\ E7+ F8\
Trax_1738234 SweetCindyJo vs. ScoobyRex02 : @0/ B1\ A2/ @2+ @2\ A0+ C4\ D4\ E4/ A0/ @2\ E2+ @2\ B4+ D5+ B5+ C6/ H5/ C7+ D8/ G4+ H3/ G6+
Trax_1738368 * vs. RubyJoy : @0/ A2\ B1/ B0+ B0\ B4+ B5\ C2\ B6\ @4\ E2\ A0\ @3+ E2+ G4/ H3+ D1+ A1+ C6+ D8\ A6/ H4+
Trax_1738738 Misfit Lenrad6672 vs. Lilac Oyster : @0/ A2\ B2\ B3\ A0\ @1\ D3/ C2+ D5\ E4/ A2+ A0+ A0\ @4/ D2/ D1/ E4+
Trax_1738739 Misfit Lenrad6672 vs. Lilac Oyster : @0/ A2\ B1/ @2\ D1\ D2\ E2\ C3/ A4/ @3\ F0/ G3\ E0\ D1\ A6+ E0+ H6\ H7\ A5\ C8+ @6+
Trax_1739906 RubyJoy vs. crow57 : @0+ B1/ A2+ A0+ @2/ @2/ C0+ C0/ D1/ E4/ D0+ E2/ B3/ F4/
Trax_1740118 itb4me2 vs. STrek : @0+ @1+ B2/ B0/ B0+ @3+ D2/ A2/ E3\ E4\ B5\ F3+ G3/ G1+ F0+ @4+
Trax_1740132 rabbitoid vs. supermac : @0/ B1\ A2/ @2+ B0/ C0\ @3/ E3+ E4\ C5/ F2\ G3+ D6+ D7/ C8\ C9\ E9+ F5+ B7+
Trax_1740189 Linda Sue vs. Carol91859 : @0+ @1+ B0\ B3+ A3+ A4\
Trax_1742150 sagitarius vs. Goonerg : @0+ @1\ RESIGN
Trax_1742151 Goonerg vs. sagitarius : @0/ @1+ @1\ B0+
Trax_1742154 What did you say vs. Goonerg : @0/ A2/ @2/ A3/ B0+ @3+ D1/ A0\ @1\ E1/ C0+ E1/ E0/ B1+ E7+ F1/ D8+
Trax_1742155 Goonerg vs. What did you say : @0/ B1\ A2/ @2/ B0/ B0/ B0/ B0/ @5+ E2+ F4+ A0+ @4+ F1/ G1/ D0/
Trax_1742156 Rimon vs. Goonerg : @0/ A2/ @1+ C1/ C0/ @3\ B0\ A1\ @3/ D0+ D0\ F4/
Trax_1742157 Goonerg vs. Rimon : @0/ @1/ @1/ B0+ @2/ D3+ C4+ E2+ @4/ F4\ B5/
Trax_1742158 supermac vs. Kevin : @0/ A0/ @1+ @1\ A0\ @1\ A0\ A4/ @2+ D5/
Trax_1742159 Kevin vs. supermac : @0+ B1\ @1\ A0\ B0\ C2+ @2+ @2+ D4/ B1\ B5/ A5/ E5\ F3\ D6/
Trax_1742160 supermac vs. Beaupol : @0/ A2\ B2\ B3+ @2+ A1+ C4/ @2\ @1/ D0+ E1/ F1/ A1\ G1/ B0/
Trax_1742161 Beaupol vs. supermac : @0+ B1+ B2/ B0/ B4/ C2\ @4+ E4\ C5/ E1/ D0\ F4/
Trax_1742162 supermac vs. dolcol (LAW-10) : @0/ B1\ A2/ A3/ B2+ A4/ @4/ C5\ D3/ D5+ E3/ D1+ B6+ @5/ A4+ @3+ A5+ A6/ A7/ G6+ D0/ B9+ H3+
Trax_1742163 dolcol (LAW-10) vs. supermac : @0+ @1+ A2\ B0/ B0/ @4/ B5\ D4+ @4\ A3\ @3\ D2\ A5/ @3\ D6+
Trax_1742170 Brazil vs. * : @0/ B1\ A2/ B0\ B3\ B4\ C3+ A4+ A5/ @5+ A6/ E4\ D5+ C6/ A2+ @3+ A4+ @4/ B2+ E0\ E0\ G4\
Trax_1742171 * vs. Brazil : @0/ A2+ A3/ @2\ B0/ C3\ C0\ @3/ E4\ D6\ B6+ E6+ E7/ F5+ F2+ G5\ E8/ H6\ @3/
Trax_1742174 Brazil vs. Phil The Hat : @0/ @1/ A2\ B2+ C1+ C0/ B1+ C0/ C0/ D1/ A1\ @4+ B0/
Trax_1742175 Phil The Hat vs. Brazil : @0/ B1\ B2\ A2+ B3\ B4\ C4\ C5\ D5\ C0/ C0+ D2+ E2/ E1/ F1/ F0/ A2\ @3\ B1/
Trax_1742176 * vs. frolind : @0/
Trax_1742177 frolind vs. * :
Trax_1742178 * vs. Phil The Hat : @0/ A0/ @2/ @2/ B0+ B0/ B0/ @5+ C6+ E3+ A2/ E0/ B1/ F2/
Trax_1742179 Phil The Hat vs. * : @0/ A2\ B1/ @1/ B3+ B4/ A5\ @3+ D5\ C6/ E4/ D3+ E2+
Trax_1742180 frolind vs. Phil The Hat :
Trax_1742181 Phil The Hat vs. frolind : @0/
Trax_1742184 nylady41 vs. Rand al*Thor : @0+ @1/ @1\ B0/ C3/ B3+ A1+ A0+ @1\ E3\ A2/ D5/
Trax_1742185 Rand al*Thor vs. nylady41 : @0+ A0/ B2+ A3/ B3+ B4\ @4\ D1/ B0/ C6/ A1\ D1+ A0/
Trax_1742188 Oartkickel of the Wolf Pack vs. Rand al*Thor : @0+ @1+ A2\ B0/ C3/ @2/ B4/ C4+ C5\ A4+ E3/ F3+ @4+ H3+
Trax_1742189 Rand al*Thor vs. Oartkickel of the Wolf Pack : @0+ @1+ B2/ B0/ A1+ C1/ B0+
Trax_1742192 Rand al*Thor vs. Buz : @0+ B1+ A2\ B0/ A1+ @2+ C0+ D1/ D2+ @3+ E0/ F1/ G2+ F4+ H2/ E0+ B3/ A6/ D7/ H5\ I2\ H6/
Trax_1742193 Buz vs. Rand al*Thor : @0+ A2+ A0+ @1/ C2\ C1+ B0+ B5\ D4\ D3+ D5+ E4+ B0+ D7\ E7\ D8+ B8+
Trax_1743532 streep vs. Knight Rider : @0/ A2\ B2\ B3/ C3\ C4\ @2/ A3/ @3/ A4/ B5+ D1+ D0/ E1/ F2+ D0\ C1\ B1\ A3\ @4+ @4\ A3\ C2+ A5/ @5/ F0\ E1+ D1+ C2\ A4/ E0/
Trax_1743786 What did you say vs. Misery Midnight : @0/ B1\ B2\ C2+ B0\ A0\ @1\ A0\ C2+ @1/ F3+ A2+ A3/ @3/ A4/ @4/ A5/ E6/ A1\ A0\ @3\
Trax_1745374 Geri39 vs. Chad : @0/ A0/ @1/ B0/ A3+ B4/ @4/ D2+
Trax_1746206 Lyonsgirl vs. Morticia : @0+ @1+ A2\ A0\ B1+ C1/ A0\ C0+ @4+ @3+ @2/ A1+ E0+ @3/ @2+ A1\
Trax_1746337 Stinger vs. Rand al*Thor :
Trax_1746396 SarahMills vs. Honeybear : @0+ B1/ B0/ @2\ @2/ C3/ B4\ D0+ E1/ A2\ @3/ B1\ B0\ F3+ A3\ @3\ D1/ C0\ E2+ G2/ H5/ D1+ E1+ B1+ B0\ G1/ C7+
Trax_1746397 Keizer Soze vs. paganje : @0/ A2\ B1/ B0+ A0/ B4+ A0\ @3+ B0\ C2+ A2+ D4\ D2\ E4+ F4/ E2+ D1+ G2/ E0/ G2\
Trax_1746398 Honeybear vs. washie224 : @0/ @1/ A2\ @2/ B3\ C2\ D2\ B0\ @3\ A2\ B1\ B0\ F4/ A2+
Trax_1748663 Bacall vs. drgnrdr : @0+ @1\ @1/ C2/ C0/ B0/ D3\ A1\ @2\ B0/
Trax_1749035 drgnrdr vs. DINGEROO : @0/ B1\ A2/ @1+ @1\ A0\ C0\ @3/ A4/ C5\ E1/ F2/ D0/
Trax_1749059 Judy vs. Honeybear : @0+ @1/ A0\ @2/ A3+ D3\ C4/ @3\ @3/ C4/ E5\ F5\ E1+ A4+ @4\ C5\ F6\ D1+ D6+ E7/ F7+ B2\ F8+
Trax_1749774 Thud vs. basplund : @0/ @1/ A2+ C1/ A3\ @1/ C0/ @3\ B4+ F3+ B5+ C6/ D0+ F2/ G3\ A0\ @2+
Trax_1750165 Kevin vs. Phil The Hat : @0+ @1+ B0+ C2+ B3+ B4\ C4\ A4/ C5+ D3+ @4+ F3\ G3\ H3\ D6+ H5\ I5\ C0\ E2/ F2+ I3/ G2+ J5+
Trax_1750166 Phil The Hat vs. Kevin : @0/ A0/ A0/ A0/ B3+ A5/ @5/ D1/ D0/ D6\ B7+ E4+
Trax_1750167 Kevin vs. keops : @0+ @1+ B0+ B3/ @3\ C0/ D2\ @3/ C2\ D0+ D6/ A7+ @6/ D0\ C1\ B3+ A4\ @4\ A3\ C1+ B2+
Trax_1750168 keops vs. Kevin : @0/ A0/ @2+ @2/ B3/ B4/ C3+ C0+
Trax_1750171 Phil The Hat vs. keops : @0/ A0/ A0/ A0/ B3+ A5/ @5/ D5\ C6/ D1/ B0/ E4+
Trax_1750172 keops vs. Phil The Hat : @0/ @1/ C1/ B2+ C0+ D3\ C4/ C5/ E2+ E1/ A0\ @1\ F1+ C0\ G2\
Trax_1750173 Phil The Hat vs. dingbat : @0/ A0/ A3/ @3+ @2/ @2\ E1/ B4\ B5\ D0+ B7+ A5+ @4/ B8\ A8+ @5\ C2+
Trax_1750174 dingbat vs. Phil The Hat : @0/ @1/ B0/ @2/ B3+ B4/ B0+ D3+ C5+ B0/ C0\ B0/ E6/ E7+ D4+ E1+ C0\ F5/
Trax_1750175 keops vs. dingbat : @0/ A0/ A0/ @2/ B0/ @3\ D1/ E3+ B4/ B5/ F5\ F6+ F1/ G1+ E0/
Trax_1750176 dingbat vs. keops : @0/ @1/ B2/ C2/ C1+ A2/ B0/ C4+ B5/ A5+ D2\ B6/ C5+ @1+ D0\ A6/ @5/ D8/
Trax_1750177 sagitarius vs. Rogue Trooper : RESIGN
Trax_1750178 Rogue Trooper vs. sagitarius : @0/ RESIGN
Trax_1750617 aubug vs. Whistler Gandalf : @0+ A2+ B2\ A3+ @1/ B4\ D3\ D4\ C5/ E3/ E2/ E1/ A0/ A0\ @1\ B6+ G3/ C1+ F0+ H5+ A4+
Trax_1751066 Rand al*Thor vs. SarahMills : @0+ B1+ A2\ B0/ A1+ @2\ B0\ D4\ C5/ A4+ D2/ E3/ B0+ E3/ D0+ C0/ A3+ @5/ @5\ A6+ B8+ D2\ A4+ C1/ E0/ @5\ C3+ I7\ H8+ I5/ J7\ A6/ I8+
Trax_1751475 SarahMills vs. Rand al*Thor : @0/ B1\ A2/ B2+ C2\ A3/ @3/ A4/ C5+ E4+ C6/ D6+ D7/ @2+ A5+ C7/ @5/ D8+
Trax_1752152 RubyJoy vs. crow57 : @0/ B1\ B2\ C2+ C3+ B3+ B0+ A1+ @1+ B0/ D6+ E3+ D1+ F3+ @3\ F4\ C4/ C5/ A6/ @4+ C1+ F7\ G7\ H5+ D6\ C7/ G8+
Trax_1752553 STrek vs. Marko : @0/ A2\ B1/ B0+ C1+ B3+ @2+ D2+ C0+ C0/ D1/ D0/ E1/ E0/ F4+ G1+ G4+ H3+ B3/ E7+ E0+ G1+
Trax_1752554 washie224 vs. * : @0+ B1+ B2/ B0/ C1\ C2+ C3+ D2+ @2/ F2\ @2\ A1\ A0/ B1\
Trax_1752694 MountainMist vs. Misery Midnight : @0/ B1\ A2/ @2/ C0\ C0/ D1/ A5\ D2+ C4+ C5\ E3\ E4\ D6\ E1\ E0/ F1/ F6\ F7\ C7/ C8/ G7\ G8\ C9/ @5+ RESIGN
Trax_1752743 drgnrdr vs. What did you say : @0/ B1\ A2/ @2/ @1+ C0/ @3\ B4\ C5/ C6+ E3\ @2/ B1+ @2/ A6/ @4+ A2+ G0/ H5+ I3+
Trax_1752776 marygal vs. Mististar : @0/ B1/ C1\ B2/ A0\ @1\ D1+ B3+ D0+ E1/ D4+ E3\ F1/ C5/ C0\ B1+ F5\ F6\ D7/ @2+ F8+ H7\ E1/ E0+ E0\ D2\ B8/ B9/ H4\ G5\
Trax_1752805 * vs. What did you say : @0/ B1\ B2\ C2\ D2+ B3+ A2/ @2/ A3/ D4/ C5\ E3+ F4/ F6+ G4/ A6+ H6\ C7\
Trax_1753446 * vs. Misery Midnight : @0/ B1\ A2/ @2/ B0/ C0/ D2\ C4+ C5\ D5\ A6+ @5\ F6/ G3/ D7+
Trax_1754639 * vs. What did you say : @0+ @1+ B0\ A3/ @1/ B0/ D3\ @1\ A0\ A5/ D5\ @3/
Trax_1755705 Chad vs. Geri39 : @0/ B1\ A2/ B2+ B3\ @3/ C4+ A2+ @2+ A1\ B0+ A5+ B0/ A1/ D1/ D0+ E3\
Trax_1756232 Keizer Soze vs. Megababe : @0+ B1+ A0/ B3\ @1/ B0/ D3\ D2+ B0/ C6\ D0/ E2\ A1\ C0\
Trax_1757883 klaashaas vs. Sartex : @0/ A0/ A0/ @3+ C3/ A0\ @1\ D1/ C0\ C6/ D3\
Trax_1757932 What did you say vs. Rogue Trooper : @0/ A0+ @1+ B0/ C1+ D1\ C3+ E2+ E1+ B4/ D4+ C5+ F2/ F3+ E5+ @2/ F0/ A6/ B2\ @6\
Trax_1759197 Sherry vs. Megababe : @0/ B1\ A2/ B2+ A3\ A4\ C2\ C3\ D3\ D4\ E4\ B5+ C6\ @4+ B6/ D7\ E6\ G3+ F1/ E0+ E0\ A4+ F8+ F9\ G9\ H8+ E10+ D10/ H6+
Trax_1759413 CHESSCATJAY vs. paganje : @0/ A2\ B2\ B3+ B4/ @3+ @2/ B1+ E3\ D5\ C5+ B6\ F4/ E2+ E6\ E7\ D7+ G4\ G3+ G6+ A5+ @2/ B7/ F1+ C8\
Trax_1759434 the great snowqueen vs. Megababe : @0+ B1+ A2\ B0/ A1+ C2\ D3/ @1/ B0/ C1/ C0/ A2+ F3\ F4+ D6/ C6+ B6+ C7+ A6\ @4\ C0/ A2+ B0/ D2+ E2+ H3+ G1\ D1/
Trax_1760984 Sherry vs. Megababe : @0/ B1+ @1\ B0/ B3/ @3\ D4/ B1\ B0\ A2+ @2/ B5+ F3\ C6+ D1/ D0/ @5/ G7\ F8+ H6\
Trax_1761165 drgnrdr vs. Sarah : @0/ A0/ A3/ B3/ @2+ @1/ @2\ @1/ F1/ C0+ A4\ D0+ @2\ B1+ A5/ B6\ @4\
Trax_1762058 dolcol (LAW-10) vs. supermac : @0+ @1/ @1\ B0/ D2/ C0\ D4\ E4\ D5\ E1/ E0\
Trax_1762722 Dawnas AZ vs. Megababe : @0/ B1\ A2/ @2+ A3/ D1\ C0\ @3+ A2\ A1+ @2+ C0+
Trax_1762841 curleyquenot vs. gladriel : @0/ B1+ @1\ B2\ A0/
Trax_1764175 Sherry vs. Megababe : @0/ B1+ A0\ @1\ D2/ B3/ E2\ E3\ E4\ A3/ @1\ D1+ F5\ G2+ H3/ F1+ F0/ H2+ I4/ E0\ D1+ D8+ G1+ C1\
Trax_1765401 Geri39 vs. Chad : @0/ A0/ A3+ @3/ A2+ B4\ C2/ D2+ D1+ C0/
Trax_1767620 SweetCindyJo vs. CHESSCATJAY : @0/ @1/ B0+ @1/ B3/ C4/ A3/ D1+ E1\ @1\ A0\ F3\ @3\ H3+ A2+ I3+ G1\ F4+ F6\ G6\ H6\ H7\ J4/ I2+ K3/ J1+ C1/ B0\ G1/ D6+ B6+ F9+ D8/ J9\ K9/
Trax_1767693 paganje vs. ScoobyRex02 : @0/ A2\ B2\ B3+ C3+ A0/ @3+ B0\ A2+ A1+ @2/ C6+ D2+ E3/ A5+ @2/ B1\ D7+ B0\ A1\
Trax_1771334 STrek vs. supermac : @0/ B1\ A2/ @2/ C2\ B3+ D1+ C3\ E2+ C4+ E4/ F4\ E5+ B5/ A5/ @3\ D5\ B6/ @6+ G1+ G0/ @6+ E1/ F0\ I2/
Trax_1771366 Rand al*Thor vs. frolind : @0/
Trax_1772304 Geri39 vs. Chad : @0/ @1/ A0+ B3+ A4+ A5/ @4\ A1+ B0/ @5\
Trax_1773966 marygal vs. Thud : @0/ @1+ A0+ @2/ A3+ A4\ C3+ B0+ A2+ B0+ C7\ D6/ @5\ B2+ @4+ F7\ G6+ G4\ F3+ A5+ F8\ @5\ C6+ H7+ I7\ C2+ I9\ J8+ G2+ A2\ A1\ @3/
Trax_1775539 Jump This vs. klaashaas : @0/ A2/ A0/ B1\ @3/ C2+ A4+ @4/ D5\ E5\ @4/ A3/ @4/ C5\ C6\ A7+ @7/ H7\ C8+ I6\
Trax_1776719 Geri39 vs. Chad : @0/ @1/ B2+ C2+ C3\ D3+ B3/ A4\ C4+ E2/ E1/ E0/ E4\ F1+ B1+ E0/
Trax_1777816 Sherry vs. Megababe : @0/ B1\ A2/ B2+ C2\ A3/ C4/ B0\ @4/ A5/ D2+ @3+ C0/ C7+ F4/ F2+ E0\ G5/ C1/ D0\ @4/ G7+ I6/ I4+ J4/ J7\ K7\ I8\
Trax_1780314 rabbitoid vs. Chad : @0/ @1/ B2/ B3/ B0/ C1/ A4/ D1\ B5+ D5+ E5+ E4/ D0/ E2+ F2/ F1/ F0+ G2\ F4+ @6/ C8/ @4+ A2+ A8/ B9/
Trax_1780369 Linda Sue vs. princesarg : @0+ B1\ A2/ A3/ @1\ C4\ D4\ B5/ A5/ @4/ @4/ A5+ B6/
Trax_1781423 Misfit Lenrad6672 vs. Lilac Oyster : @0/ B1\ A2/ @2+ B3\ C3\ C4\ D2/ B5/ A5/ C6\ B7+ D6/
Trax_1781424 Misfit Lenrad6672 vs. Lilac Oyster : @0/ B1\ B2\ B3\ B0/ C1/ @2\ A1\ C0/ C0+ D1/ E1+ @2\ E0/
Trax_1782438 Megababe vs. Blue Warrior :
Trax_1783548 Kevin vs. keops : @0+ B1+ B0+ B0/ C1/ D1+ @3\ A2\ A0/ B5/ B6/ E4\ F2\ C5+ RESIGN
Trax_1783549 keops vs. Kevin : @0/ A0/ A3/ A4/
Trax_1783552 Kevin vs. Rogue Trooper : @0+ B1/ @1/ A2/ B3/ C2+ A0/ B0+ @4+ A5/ @2\ B1+ A5/ RESIGN
Trax_1783553 Rogue Trooper vs. Kevin : @0/ A0/ B2+ C2\ A3/ B4+ D3+ C5+ E3+ E5\ C6\ F4+ @1+ @2+ D5/ B4+ @4/ A5/ D6+ C7+ F7+ F8/ C0\ B1\ A1+ C0+ @4/
Trax_1783554 Kevin vs. paganje : @0+ @1+ B0+ A3\ @3\ C4\ D3/ B4+ A1\ @2/ C0/
Trax_1783555 paganje vs. Kevin : @0/ A0/ @2+ @2/ A3/ A4+ B5/ C5+ D2/ C0+ B0/ A1+ @3+ C0/
Trax_1783556 keops vs. sagitarius : @0/ @1+ @1\ C0/ C0+ D1/ A0\ @1\ E1/ B0+ E4+ F5/ A3+ E1/ E0/ G4+ H3+
Trax_1783557 sagitarius vs. keops : @0+ @1+ A2\ B0/ C3/ B4/ @2\ E1/ A4/ D0/
Trax_1783558 keops vs. Rogue Trooper : @0/ A0+ A0\ @3/ @3+ A4/ @1\ A0\ A5/ @4/ C6+ E5+ F5\ F6\ C7/ G6+ G7\ H4/ H3/ F2/ F1/ A5+
Trax_1783559 Rogue Trooper vs. keops : @0/ @1/ B0/ @1+ C0/ D1/ A0+ D5+ E3/ F3+ F2/ F6\ G4/ H3\ F1/ F0/ @5/ B6+ E7+ G8\ H8\ E9+ D9/ J6\ I7\
Trax_1783560 keops vs. paganje : @0/ A2\ B2\ B3+ @2+ A1+ @1\ A0\ A0+ @2/ E1/ F5/ D0/
Trax_1783561 paganje vs. keops : @0/ A0/ @2+ A3+ @2+ C0+ B0/ D4\ D5\ D1+ @4+ F3+ G3/ F1+ F0/ F7/ D1+ D0/ H2/ F1/ D0/
Trax_1783562 sagitarius vs. Rogue Trooper : @0+ A0/ B2+ A3/ @1/ B0/ D3\ @4/ C5/ A1\ E1/ A0/
Trax_1783563 Rogue Trooper vs. sagitarius : @0/ B1\ A2/ @1/ A0+ A0\ @1\ A0\ @1\ D1/ E3/
Trax_1783564 sagitarius vs. paganje : @0+ @1/ A0/ C2\ C3\ D3\ B4/ D1/ A0/ E3/
Trax_1783565 paganje vs. sagitarius : @0/ B1\ A2/ C1\ A3\ B3\ B4+ @2/ C5+ A0\ @2/ E1/ D0/ F3/
Trax_1783566 Rogue Trooper vs. paganje : @0/ A2\ B1/ B2+ B3\ C3\ D3+ C4/ D0/ E2\ A1\ @2/ C0/
Trax_1783567 paganje vs. Rogue Trooper : @0/ B1+ @1\ B0/ A1+ A0+ @2/ B0/ B0/ A2+ @5\ @4/ B6/ G4/ F2\ F0/ G1/ D8/ D1+ E0+ G4/ H3+ H6\ H7\ G0/ H1/ I4/ E10\ E11\ G9+
Trax_1783568 GornTC vs. Jump This : @0/ A0/ B1\ C1/ A0/ B0\ C2/ @1\ B0/ @5/ B6\ F3+ A6/ B7\ @5+ E7\ RESIGN
Trax_1783569 Jump This vs. GornTC : @0/ @1/ @1/ B2\ D1/ B3+ B4/ @4+ B0+ A1\ @3/ C0/ D0\ B0\ A4\ @4\ G6\ H6+ B7/
Trax_1783572 GornTC vs. Phil The Hat : @0+ @1+ B2/ A0\ A4\ @3\ D4\ D5\ E5\ @1\ B0/ A5/ RESIGN
Trax_1783573 Phil The Hat vs. GornTC : @0/ @1/ C1/ @1\ C0+ D0\ E2\ A4\ F1/ D0+ F5\ RESIGN
Trax_1783576 Jump This vs. pioenroosje : @0/ A2/ @2\ C1+ B3+ C4/ D4+ B0/ C0\ A3+ D2/ E4\ @2/ C0/ D0\ E1+ G3+ F8\ D9/ H4/ B9/ H7\ C10/
Trax_1783577 pioenroosje vs. Jump This : @0/ @1/ B0+ @2+ D2/ B3\ C0+ A1\ @2/ F2\ E1+ @2/ B4+ D0+ E5\ E6\ B1/ A1/ @1/ @1/ F7+ A3/ @2\ @1/ F7/ A3/ E0+
Trax_1783578 Jump This vs. Phil The Hat : @0/ B1+ A2\ A0/ @2+ B0/ B0+ D4/ D1+ E3\ C0\ A1+ @4+ G2/ F1\ E0/ F0\ H4+ H3+ H7\ D2\
Trax_1783579 Phil The Hat vs. Jump This : @0/ A0/ A3/ B2/ C2+ C4/ D2\ B4/ C1/ E4/ E1/ E0/ E0/ B2\ @2+ C7\ @5/ A6/ @6+ @3/ A2+ B1+ H0+ J4+ K6\ K7\ H8+ D7\ D8+ K3\
Trax_1783580 Jump This vs. Sarah : @0/ A0/ A3/ B2+ A4/ @1+ @2\ A5\ @1/ C0/ B1+ F4+ @6/ B7\ A1\ @3/ C0\
Trax_1783581 Sarah vs. Jump This : @0+ B1+ C1\ C2\ D2\ E1/ D0\ F3\ E4+ D0\ D5/ A2\ @3\ F6\ G6\ C5/ B5/ H3/ H2/ B7\ D7+ F8+ H7+ I7\ F9/ B8/ A8/ @3+ B5+ D10+ A10+ C11\ E11+ E2\ E1\ G1/ G0/ G11+ K7+ L3/ K2\ K1\ H10+ I11+ H12+ G0/ @11/ @11/ @11/ D10+ G14\ H2\ D14+ E15+ A9+ @11/ E9/ D8\ D13+
Trax_1783582 pioenroosje vs. Phil The Hat : @0/ B1+ A0\ @2/ B3+ B4\ D2/ D3+ C5/ A5/ @3/
Trax_1783583 Phil The Hat vs. pioenroosje : @0/ B1\ B2\ C2+ B0+ D3+ C4+ B0/ D1+ D0/ C0\ B1\ A4\ @3/ F2/ D0+ F7+ G6+ F8/
Trax_1783586 Phil The Hat vs. Sarah : @0/ A0/ A0/ @1/ C2+ D2\ E3/ F3/ F1+ D0/ B1+ B0/ A5/ C6\ C7+ D6+ @7/ D8/ A2\ A1\ @6\
Trax_1783587 Sarah vs. Phil The Hat : @0+ @1+ C1\ C2\ D2\ D3\ A3/ C4+ @2+ B4/ B5+ D5\ C6\ F4/
Trax_1784169 Rand al*Thor vs. Marko : @0+ @1+ A2\ B0/ @2/ D3/ D4\ E4\ A4/ E1/ C5/
Trax_1785128 Geri39 vs. Chad : @0/ @1+ B2+ @1+ C0\ @2/ C1+ B3\ A4+ A1\ @1\ C0/
Trax_1785911 drgnrdr vs. CHESSCATJAY : @0/ A0/ A3/ A4/ B2+ @4/ D1\ D3+ A0\ @2+ E1/ B0\ F3/
Trax_1785940 Brazil vs. SweetCindyJo : @0/ B1\ B2\ C2+ A2/ A3/ B0/ @3+ D1+ A1\ C4\ B5\
Trax_1788855 Misery Midnight vs. bigdan409 OTWP : @0/ A2+ A0\ @1\ B4/ C2/ D1/ B0+ A4+ D4\ E2/ D5/
Trax_1789160 thvickstr vs. crow57 : @0/ B1\ A2/ B2+ A3\ @3\ C3\ C4+ D3/ D2/ E3\ D4+ F2/ F1/ E4+ D5/ E0/ F5+ G3/ H3+ H2/ E6\ E7\ A6/ @5\ C7\
Trax_1789325 Arctic Warrior vs. foxdancing : @0/ @1/ A2+ @2\ B3+ B0+ B0/ A5/ @5\
Trax_1791416 dolcol (LAW-10) vs. drgnrdr : @0+ @1+ A2\ B0/ B0/ A2+ C1+ A0\ @2/ E4/ C6/ E5\ F5\ D1/ D0/ @3/ C8/ B7\ D1\ E0/ @5\ C6+ A7+ @5\ I6/ J6/ E2+ C3+ H2/ H1/ K6/ F1\ F0\ D2+ D0/ L7\ H10+ H11/ G12\ K9+ M6+ L10/ L11/ A4+ @6/ E12+ F13+ @7\ O8\ P7/ Q6\ D11/ D12/ @7\
Trax_1792693 drgnrdr vs. Jump This : @0/ @1/ B2/ C1/ C3/ A2+ D1/ A0+ D5+ E2+ C0+ C0\ A2+ A0/ B8\ @3\ A7\ @6/ A2/ E1/ F1/ G4+ B5+ @6+ C8+
Trax_1792722 rabbitoid vs. Phil The Hat : @0/ A2+ A3/ @3+ @3\ B1+ D3/ B4/ A5\ E2+ @2/ B0/ @6+ C7\ F1+ H3+ A2+ A0+
Trax_1795428 the great snowqueen vs. Megababe : @0+ B1+ A2\ B0/ C1\ B4/ A1\ A0/
Trax_1795429 Megababe vs. the great snowqueen : @0/ B1+ C1\ C2/ A2/ @2\ C3+ E2/ C0/
Trax_1795434 Megababe vs. Dave (UK) : @0+ B1\ C1\ A0/ B3+
Trax_1795435 Dave (UK) vs. Megababe : @0/ A2+ @2\ C1\ B3/ D1\ C3\ C0/ B5\
Trax_1795436 Megababe vs. Kran : @0/ B1\ A2/ @2\ A1+ A0/ @3\ A4/ @3\ C5\ D5\ E5\ A1\ C0/ @3\
Trax_1795437 Kran vs. Megababe : @0/ B1+ @1\ B0/ D1+ C0/ C0\ B1\ A1\ @2\ @3+ C0\ B1\ @4\ @4/ A5/ A6/ D0+ D0/ H3+
Trax_1795442 Kevin vs. firefly : @0+ @1+ B0+ A1+ C1+ @1+ A0+ @2+ E1+ F2+ D4/ D1+ C0/
Trax_1795443 firefly vs. Kevin : @0/ A0/ B1+ @2\ B0/ D2\ C4+ B0/ B0/ B0/ D4+ E5\ A3\ A1\ @5+ B0/
Trax_1795444 Kevin vs. drgnrdr : @0+ B1/ @1/ C2/ D1/ E2+ C0+
Trax_1795445 drgnrdr vs. Kevin : @0/ A0/ B1\ A3\ B3\ B4\ C2\ C3+
Trax_1795446 Sarah vs. firefly : @0+ A0+ A0+ A0+ A5+ @4+ B6+ C2/ A2/ C0\ D1+ B8/ A8/
Trax_1795447 firefly vs. Sarah : @0/ A0/ @2+ A3+ C1+ @1/ A0+ B0+ B0/ D1+ B0+ C1+ A2+ E6/ @3+ G3+ G2/ F0+ H3+
Trax_1795448 Sarah vs. drgnrdr : @0+ B1\ B2\ C2\ C0\ D2+ E3/ F3/ G3/ A1/ B0/ B0/ A2+ D2/ E3+ G6/ H3\ E2/ H1+ I1/ D6/ G0+ I1/ J1/ J0/ H7+
Trax_1795449 drgnrdr vs. Sarah : @0/ A0/ A3/ B2+ A4/ @2\ @4\ A3+ D5\ E3/ A5/ C6+ @5\
Trax_1795450 firefly vs. drgnrdr : @0/ A0/ A3/ B2+ @1+ @3\ C4+ A1\ B0\ A1+ A0\ B1+ D2+ C7\ B6/ A7\ @5\ A1\ @1\ C0+
Trax_1795451 drgnrdr vs. firefly : @0/ B1\ A2/ C1\ C0\ B1\ @1/ C0\ B0/ B0/ E1+ B0/ C0/ B1+ E8\ F6+ D8+ B9/ F8+ G5+ @4+ B0/
Trax_1795452 Dawnas AZ vs. Phil The Hat : @0/ A2+ @1/ A0\ C3\ @1/
Trax_1795453 Phil The Hat vs. Dawnas AZ : @0/ A2\ B1/ B0\ A4+ @4/ @4/ B5\ A2\ @3+ C1/
Trax_1795454 Dawnas AZ vs. Rand al*Thor : @0/ A2\ B2\ B1+ C2\ C3+ D3\ D2+ C4+ B4+ B0+ B6\ B0/ E4+ C2+ F4+ E3/ G4+ @4+ A3\
Trax_1795455 Rand al*Thor vs. Dawnas AZ : @0+ @1/ C1/ C0/ B3\ D1/ D0+ E1/ A1\ @1+ B0/
Trax_1795456 Dawnas AZ vs. Morticia : @0/ A2\ B2\ B3+ B4+ B5+ C3\ B6+ B7/ A4/ @2\ B7/ A5+ @3+
Trax_1795457 Morticia vs. Dawnas AZ : @0/ B1+ A0\ @2/ A3+ @3+ B4+ E2+ D4+ F2+ F3/ F1/ D1+ @3+ G0+ H3+
Trax_1795458 Phil The Hat vs. Rand al*Thor : @0/ B1\ A2/ B2+ A3/ @3+ A4/ B4+ @3+ A1/ E2+
Trax_1795459 Rand al*Thor vs. Phil The Hat : @0+ @1+ B2/ A0\ B1+ B0+ C2\ @3+ B5\ C6/
Trax_1795460 Phil The Hat vs. Morticia : @0/ A2\ B1/ B0+ @2+ C0+ D2+ B1+ @3+ A1\ B0/ @3+ @3\ B1+ B5\ C6/ G2+ H2/ B7\ F6+ A6+ @7\ A3/
Trax_1795461 Morticia vs. Phil The Hat : @0/ A2+ @1\ A0\ @1+ C4\ D4\ E4+ C5+ E1/ C0+
Trax_1795462 Rand al*Thor vs. Morticia : @0+ B1+ A0/ B3\ @1/ A0+ D3/ C1+ A4+ C0/ E4/ F3+ A6/ @3/ @4\ A1\ A0+ @3\
Trax_1795463 Morticia vs. Rand al*Thor : @0/ A2\ B1/ B2+ B3\ C1/ C0/ D4+ E1+ @3\ D5/ G1\ D0\ C1\ F1+ E0/ D1+ G6\ D8+
Trax_1795464 golfnutrof vs. Chad : @0+ @1+ A0/ A3/ C2/ A0/ @1+ @1/ B3+ @2\ A0\ @1\ C5+ H2/ F1\ C0+ E1/ E0/ A1/ G0+ H1/ D1+
Trax_1795465 Chad vs. golfnutrof : @0/ A0+ A3+ B1\ A4\ C4+ @3/ A1\ @3/ D0\ E2+ C0+ E1/ F2\ D0+ D8/ A9+ @9+ @8/
Trax_1795468 golfnutrof vs. Goonerg : @0/ @1/ B0/ B0/ A0+ @4+ @1+ @1/ D0/ A5/ @3+ B6+ E6+ C7/ A7\ @6/ H1/ H0/ H7\ B9+
Trax_1795469 Goonerg vs. golfnutrof : @0/ @1/ A2+ A3/ @3/ @3+ @2/ A1+ B0+ @3/ F1+ D0\ C0/ A7/ @5/ F7\ F2+ G6\
Trax_1795470 Chad vs. dingbat : @0+ @1+ C1+ @1+ D0+ E2+ A1+ @2+ C3\ D1+ C0/
Trax_1795471 dingbat vs. Chad : @0/ @1/ @1/ B0\ A3/ B4+ D4+ E3\ E5\ B5\
Trax_1795472 Chad vs. Goonerg : @0+ @1+ @1+ A2+ A3/ A0/ B0\ B5\ B6\ C2+ @5/ A2+ @2\ E6+ A5/ @4+ G4+ @4/ A6/ @5\ E6+ F7/ H7/
Trax_1795473 Goonerg vs. Chad : @0/ A0/ @2/ A0+ @3/ B0/ D3/ @4+ A1\ @2\
Trax_1795474 dingbat vs. Goonerg : @0/ A0/ B1\ B2+ A3+ @3/ A2+ C0\ D2\ A0\ @2/ E1/ C6\ F1\
Trax_1795475 Goonerg vs. dingbat : @0/ A0/ @2/ A0+ @3/ A4/ @1+ @2+ A1\ C0/ D0\ E2+ F5+ E7\ E8+ C0\ F9/
Trax_1795584 Chad vs. Rogue Trooper : @0/ B1+ C1/ A2/ A3/ D1/ B0\ @1+ @3+ C5/ A6+ @6/ F5+ F6\ C7/ G0/ H3/ G6/ A9+ A3/ @7+ A9/ D1\ F0\
Trax_1796284 Kevin vs. Phil The Hat : @0+ @1+ B0+ B0\ @3/ C4\ D4\ A4/ B5+ B1\ B6/ @4+ D6\ E7/ C0+ A1\ @4+ E0\ F1+ G5\ H4+ G1+ @3\ A2\ @4/ A5/
Trax_1796285 Phil The Hat vs. Kevin : @0/ A0/ A3/ A4/ B1+ C4/ @4/ C5\ B6+ @5\ A7+ @6/ A4+ @1+ C0/ A6+ @5/ B8/ A8/ D9/
Trax_1796292 Phil The Hat vs. dboy97 : @0/ @1/ C1/ D1/ C0+ A3/ B4+ E2/ E0/ F2\ C6+ A6+ D0\ C1\ C0\ B3+ F3/
Trax_1796293 dboy97 vs. Phil The Hat : @0/ B1+ A2+ C1+ B0\ @3/ A2+ A4+ @4\ E1+ @3/ A5/ @4\ E0/ H3\ D0\ C2+ G1/ E0/
Trax_1796294 Phil The Hat vs. csain1 : @0/ A0/ A0+ A4+ B3\ B1+ @3+ @3/ A2+ @1/ @3/ B4+ B0+ G3+ F5\ G6+ @3\ B2+ A5/ G6+ B6\
Trax_1796295 csain1 vs. Phil The Hat : @0/ @1/ @1/ C0+ @2/ A3+ B4/ C0+ @5\ B6\ F4+ A7/ @5+ G7\ F8+ H7/
Trax_1796296 Phil The Hat vs. golfnutrof : @0/ @1/ C1/ B2+ C0+ D1/ E1/ B4+ D0+ B1+ C0/ F3/ G3/ F4+ @5\ B1+ @3+ C0\ @5\ @4/ F8/ F0+ B7+ E8+ B2+ B1\ B0+ A3/ @4\ I2/ @5/ J1\
Trax_1796297 golfnutrof vs. Phil The Hat : @0+ B1+ A2\ A0\ B1+ C2+ @2/ A4+ @2/ @3\ A5+ @5/ @5+ A6/ E0/ H1/ I1+ G0/
Trax_1797335 Whistler Gandalf vs. dboy97 : @0+ A0+ A0+ A0\ @1\ @2\ B0+ A4/ B0+ D6/
Trax_1797526 * vs. Pamper Me : @0+ B1/ C1+ B0/ D2\ A3\ B0+ @3/ D5+ D1+ A5/ C6/
Trax_1797529 * vs. CHESSCATJAY : @0/ A0/ B2/ B3/ C3/ D3/ A3/ D2/ C1+ B4/ C0+ @4/ A5/ @5/ C6\ B7+ A8\ @7+
Trax_1797530 * vs. CHESSCATJAY : @0+ A0\ A3/ @3/ A4/ @4/ @3+ @3\ C5+ C6\ F4+ G4/ G6/ G2/ D0+ H4/
Trax_1797533 * vs. CHESSCATJAY : @0/ A0/ B1/ B3/ B0/ @1/ D1/ E4+ C5/ F2+ B5+ G1/ E0+ B7\ G3\ H3\ F5\ E8+ G8+
Trax_1797543 * vs. CHESSCATJAY : @0/ @1/ B0+ B0/ B0/ A2+ C1+ C0/ A1/ @1/ C6/ E3/ D5+ A4+
Trax_1797544 * vs. CHESSCATJAY : @0/ @1/ @1/ C2/ @1+ @1/ A2+ B0\ @1\ B0/ B0/ D0+ C0/ C0/ E8/ B3+ A4/ A2+ E1+
Trax_1798162 adopt 3 vs. spitfire : @0+ @1+ B2/ B0/ C1\ C0/ D2\ D3/ D1/ E1/ C4+ B5\ E3+ D4\ D5\ E4\ F4\ A2\ A1\ C0/ E6\ G4/ G3/ G1/ H1/ E1\ F0/ F0/ G2/ E1\ F0/ F9\ H8\ I6\ D10\ J4/ J3/ I7\ E10\ I8+ I9\ I10\ K6/ K5/ J9/ K4/ K3/ D1\ E0+
Trax_1798689 Sweetcheeks vs. spitfire : @0/ B1\ B2\ A2+ B3/ B4\ C3+ C4+ D4\ A3/ D3/ E4\ C1/ C0/ D3+ E1/ E0/ E4\ F4\ @5/ D7\ F7\ A7\ B7\ C8/ @6/ I4/ I3/ A7/ D9/ H7\ I6\ F10/ J4\ J5\ K5\ E10+
Trax_1798735 Knight Rider vs. sagitarius : @0/ A2\ B2\ A3\ @2\ C3+ C1/ D1/ C0+ D4\ A5/ E3+
Trax_1798736 Knight Rider vs. spitfire : @0/ A2\ B2\ C2\ A3/ @3/ D4\ C1/ E2\ D1/ D5/ @3\ A2\ B5/ A4+ A5+ @4+ A5/ C6/ E0+ F0\ G2+ G8\ G9\ H6+
Trax_1798756 AugieDawg vs. spitfire : @0/ B1\ B2\ B3\ B0/ C2\ @2\ A1\ B4/ C0\ B1\ E3/ E2/ B0\ C7\ A1/
Trax_1799158 Oartkickel of the Wolf Pack vs. Megababe : @0+ B1\ @1\ C2\ @1/ A2/ A3/ @2+ @2/ D4+ F0/ G2\ B5+ G4/ E1+ C1+ A2+ E0+ G2+ H5/ F7+ A1/ D1+ C7\
Trax_1799547 Blue Warrior vs. Misfit Lenrad6672 : @0+ @1/ B0\ C2\ A3/ @3/ B4/ B5/ A5/ A6/ E4+ @5+
Trax_1799905 Chad vs. RubyJoy : @0+ B1\ @1\ C2+ B3\ A2+ @2+ A0/ @1+ F2\ E1+ E5/ D0+
Trax_1800032 Megababe vs. dingbat : @0/ A0/ B1/ C2+ A3/ @3/ A4/ E2/ E3+ B5+ D0\ F3+ F5+ @3+ B0+ G3+ G1+ D0\ H2+
Trax_1800429 Knight Rider vs. streep : @0/ A2/ A3+ @2/ C1/ C0/ D3\ A0+ @3/ @3+ B4+ A4+ A5/ C6\ @4\ D0\ H3/ H2/ H1/ E0\
Trax_1800861 Marko vs. Sarah : @0/ A0/ @2+ B0+ C2/ @3/ A2+ A4\ C0/ B1+ E4\ C5/ E1/ F2/ E0\
Trax_1801737 Luke vs. Chad : @0/ @1/ A2/ A3\ B3\ C1+ C0/ A1\ C0/ @2/
Trax_1801980 Chad vs. Rebel Rider : @0+ @1/ C1/ A2+ A3\ C3/ D3/ C0+ E4/ B5/ E6\ F5/ @4\ A6\ C7+ B1+ F1/ G2\ D8+
Trax_1802112 Knight Rider vs. What did you say : @0/ B1\ A2/ @2/ @2/ C3+ B4+ D2+
Trax_1802456 klaashaas vs. Chad : @0/ @1/ B0/ @1+ A0\ A0+ @1\ E1/ D0/
Trax_1802479 Rand al*Thor vs. Rogue Trooper : @0+ A0/ A3\ B1/ C1+ A0\ @2/ @3\ E1+ A4/ D0+
Trax_1802889 Care-N vs. Misfit Lenrad6672 : @0/ B1\ B2+ B3/ A3/ A4/ B5/ @3+
Trax_1804159 SweetCindyJo vs. lapman : @0/ B1\ A2/ @2/ C0\ C3+ D2+ B4+
Trax_1804630 heidibb vs. Atticus Finch : @0+ B1+ A0\ C2+ @1/ E2+ B3/ A3/ @2+ A0+ A0+ @1\ A3+ @1\ B0+ A3+ A0/ A5/ @3\ A6+ @5+ A1\ @1\ B0/
Trax_1804844 basplund vs. Atticus Finch : @0+ @1+ @1/ A2/ B3/ @2+ @1/ B3+ F1/ F2+ E4/ F3+ A3/ @2\ @1/ B3+ @2\ B0\ @2/ A1/ A0/ @3+ A0/ K8\ L8\ A6/ B7\ D7\ J9\ K3/ G2+ D1+ G7\ E8/ G1/
Trax_1804887 Megababe vs. Atticus Finch : @0/ @1/ A0+ B3+ C2+ D2/ C4/ D3+ @1\ @1+ B3+ F1/ F0+ G3+
Trax_1805870 paganje vs. RubyJoy : @0/ A2\ B1/ B0+ C1+ B0+ @3+ @2/ E3\ E4\ F4\ D5/ E6+ G6+ D7/ C7/ B7+ D8\ E8\ F7+
Trax_1806451 supermac vs. bigdan409 OTWP : @0/ B1\ A2/ @2+ B0/ @3+ E2\ @3+ C0\ B1\ F1/ F0/ G3/
Trax_1807074 drgnrdr vs. Sarah : @0/ A0/ A3/ B2+ A4/ @2\ @4\ B1+ D5\ E5\ A5/ B6/ @5\
Trax_1807112 Jane vs. Megababe : @0/ @1/ A2+ A0/ A4+ @3\ B5+ D2/ D1/ C0+ @2+ D6/ B6/ A6/ @3+ C7+ C8\ E7+ B8+ G2/ E0\ F1+ A9\ C10\ F8+ H5+
Trax_1807285 What did you say vs. Misery Midnight : @0/ B1\ A2/ @2/ C0\ C0/ D3+ A5\ A1\ B5+
Trax_1807362 Megababe vs. dolcol (LAW-10) : @0+ B1+ @1+ D1+ A0+ E2+ B1/ C3\ @1/ A3\ D4\ D0/ E1/ E0/ F1/ G1+ E0+ @4+ G6+ I4+ H6+ I2+ G8+ H7\ A6\ J2+ H1/ F0/ A8/ @8\
Trax_1807760 dingbat vs. drgnrdr : @0/ A0/ B1/ B3/ C2+ D2/ E2/ D3+ C4+ E0\ F4/ D6/ C7\ B6+ C1+ E7/ C8+ A6/ @5+
Trax_1807789 Phil The Hat vs. B Line electric streetcar : @0/ @1/ C1/ B2+ D1/ A0+ @3\ E0/ F3/ D0+ F6+ G4/ A6/ A7+ @5/
Trax_1807937 drgnrdr vs. dingbat : @0/ @1/ B2/ C1+ D2/ A2/ A3/ C0/ E3/ D5+ B1+ C6+ E0/ F1/ A1/ E0+ @4+
Trax_1808338 curleyquenot vs. marygal : @0/ A2+ @1\ A0\ A0\ B2+ @2\ D4+ D5+ C0/ D3/ E3/ A5/ @5/ A4+ B1\ B0\ F2/ G2/ @6/ C7\ F8/ E8/ G7\ F1+ C0\ H4\ I3/ @7/ B9/ D10+ H10\ J4+ I9\
Trax_1808852 Sarah vs. drgnrdr : @0+ @1\ C1\ A2\ B3\ B4\ A3+ @3+ A4/ A5+ C5\ A6/ C7/ @5\ A2+ F2/ E3+ F4+ C7+ E6+ G4/ G5+ H6/ H7+ D8+ B0/ E1+ G4+
Trax_1810013 Aphrodite vs. * : @0+ @1/ C1/ A2/ @2\ E1/ B0\ A1\ D3+ E1+ A0\ @3/ E1/ D0+ D6+
Trax_1810711 Jane vs. gladriel : @0/ B1+ B0+ C2\ B3/ A3+ A4/ @4/ D4\ D5/ C5/
Trax_1810795 * vs. Nina : @0+ B1+ @1\ B0+ B3+ D2/ D1/ D0+ E2\ B0\ A1\ @3/ C0+ C0/ E1+ C0\ E1\
Trax_1810881 Misery Midnight vs. Judy : @0/ B1\ A2/ @2+ C2\ B3/ D1/ C0\ E3\ E4\ F2/ E1\ G3/ G2+ D4+ D0\
Trax_1812024 Sartex vs. Chad : @0/ A0/ B2/ C2/ @1/ @1/ D3+ F2/ F1/ B3\ B4\ G3\ G4\ D4+ C0+ A3+ @1\ B0/ H7/ G6+ @3/ B4+ B5/ F1\ E7/
Trax_1812050 klaashaas vs. Rand al*Thor : @0/ A2\ B1/ B2+ B0\
Trax_1812104 Goonerg vs. Rogue Trooper : @0/ A0+ A0/ @1/ @2\ @3\ E1/ B0+ E0+ D0/ F5\ F6\ D7/ B1\ A4+ B0/
Trax_1812304 * vs. Rebel Rider : @0/ B1\ A2/ B2+ C2\ B3/ D2\ D1\ A0/ @3/ A4/ B5/ @3+ D0+ @4+ G1/ H4+
Trax_1813826 SweetCindyJo vs. Aphrodite : @0/ A2+ @1\ B0/ C1+ D1/ D3/ B0\ A1\ @3/ A4/ B0\ A1\ @5/ A1/ B6+
Trax_1813836 Oartkickel of the Wolf Pack vs. * : @0+ @1+ A0/ B3+ B4/ A3/ A4+ @2+ D3/ @2+ F3\ E4+ F4+ F5\ E5+ C5+ C6+ B5+ B6+ A6/ G5\ G6\ D7/ D8/ H6\ F7+
Trax_1813869 Megababe vs. dolly : @0+ @1/ C1/ A2+ @2\ C0/ B1+ @2/ D0+ E1/ B1+ C0/ C0/ A2+ @3+ @3/ A6/ A7+ @6\
Trax_1814334 Keizer Soze vs. Phil The Hat : @0/ A2/ @1+ A0\ A0\ @1\ D2/ B5\ A4+ E2/ D1/ A0+ D1+ D0/ E1/ E0/ F1/ F0/ E7/ G4+ @5\ G6+ I6\ H7+ @5\ A3+ C0+ D11\ I9\ J8\ J5/ K4\ I1/ F0+ A11/ @10+ @10/ A11/ D12+ D13/ E14+ F0\ D2+ J1/ move L1\
Trax_1814601 Chad vs. Luke : @0/ B1+ A0\ @2/ B0\ A2\ @2\ C4\ C5+ A5+ @3+
Trax_1814915 Isischylde vs. Marko : @0+ B1+ A2\ B0/ C1/ @2+ C0+ B1+ C0/ E3+ @3/ F5\ F6+ G5/
Trax_1814998 Kevin vs. Phil The Hat : @0+ @1+ B0+ B0/ C1/ B4/ B5/ @4\ D4\ E1+ F1\ G3+ H2\ G1+ F5+ C6/ H5\ G6/ I4/
Trax_1814999 Phil The Hat vs. Kevin : @0/ A0/ B1/ C2/ B0+ B0/ B0/ A2+ @5/ @4+ D0+ E3+
Trax_1815004 Phil The Hat vs. Oartkickel of the Wolf Pack : @0/ B1\ B2\ A2+ @2+ C3+ D3\ D2+ D4+ E4/ C5\ B4+ B0/ E2+ F5/ E6+ D7+ C7+ A4+ A6+ G5/ G1/ D8+
Trax_1815005 Oartkickel of the Wolf Pack vs. Phil The Hat : @0+ @1+ A2\ A0\ @2/ B4\ D2/ @4/ B5/
Trax_1815006 Phil The Hat vs. Buz : @0/ B1+ B0+ C2\ C3\ B4+ @4+ @3\ A2\ A1\ A0+ @3+ D6\ @2\ A1\ @1\ C0/ D7/ F8+ B0\ I7+ J7\ J8\ I9+ B7+ @2/ C9/ F10+ E11\
Trax_1815007 Buz vs. Phil The Hat : @0+ @1+ B2/ A0\ C3/ C1\ B0/ C0\ D5\ B6/ @5/ E1/ F3+ E0\
Trax_1815010 Rand al*Thor vs. What did you say : @0+ @1+
Trax_1815011 What did you say vs. Rand al*Thor : @0/
Trax_1815134 Nukkle Dragger vs. basplund : @0/ @1+ A0+ @1\ A0\ B0\ @2/ D1/ E2/ D0\
Trax_1815535 muffin man vs. Whistler Gandalf : @0+ B1+ B2\ @1+
Trax_1815630 Knight Rider vs. basplund : @0/ A0/ B1/ A0\ @1\ A0\ C0/ D4/ B6\ E2/ E1/ E5\ F3\
Trax_1815806 Allison vs. basplund : @0/ @1/ A2+ C2/ B0/ @3+ B4\ D1/ A1\ C0+ @3+ @2/ A1/ B5+ A4+ A0/ A7\ @4+ D7+ A7/ G7\ B8/
Trax_1817379 Dawnas AZ vs. basplund : @0/ A0/ @2+ B0+ C1+ @3/ A2+ @1/ A0+ @2/ B0\ @5/ A6/ D1+ A3+ @4+ C6+ @3\ B2+ @3\ B4+ H6+ G7+ @4\ C5+ B6\ L3+ E7+ G8/ D7+
Trax_1818164 Misfit Lenrad6672 vs. Atticus Finch : @0/ A2/ A0\ @2/ C3\ B4/ D2/ D1/ B0\ @3\ F4\ A2/
Trax_1818616 Misery Midnight vs. drgnrdr : @0/ A0/ B1/ C2+ C3\ A4\ B4+ D1\ C0\ @5/ A6/ F2\ B6\ C7/ B0\ A1\ G4\ F6\ G5+ E7/
Trax_1819146 Jump This vs. Marko : @0/ B1\ B2\ C2+ B0+ @2+ C0+ E3\ D5+ E1/ F2+ D0+ E0\ G4/ G3/ E0\ C1+
Trax_1819175 Kevin vs. drgnrdr : @0+ @1+ B0+ B3/ @3\ C4/ D2/ D4/
Trax_1819354 Linda Sue vs. Pamper Me : @0+ @1/ A0/ B3+ C3\ B0\ @3/ C5\ D5\ A5/ C6\ @4/
Trax_1819359 Lilac Oyster vs. Linda Sue : @0+ @1\ A0+ C2/ A0\ B1+ B4/
Trax_1819360 Lilac Oyster vs. Linda Sue : @0+ B1\ B2+ @2\ B3/ C3+ D2/
Trax_1819362 Lilac Oyster vs. Linda Sue : @0/ @1/ B2+ C2\ D1/ D0/ E2+
Trax_1819715 dolcol (LAW-10) vs. Megababe : @0+ B1+ A2\ B0/ C1+ @2\ E1+ D0\ A2\ @3\ B1\ B0\ D1+ A2+
Trax_1819719 dolcol (LAW-10) vs. drgnrdr : @0+ @1\ A2/ @2/ A3+ D1/ B0\ A1\ @3/ C0+
Trax_1819996 supermac vs. Jump This : @0/ @1/ B2+ A0\ @1\ @1\ C0+ B4/ C5\ D6/ B0/ E3+ D1+ @5/ C6/ G3+ @5+ A6/
Trax_1819997 Jump This vs. supermac : @0/ A2\ B1/ B0/ @1/ C3+ D1/ E1+ D0\ F2/ G2/ B5\ C6/ E1+ A5+ C1\ E0/ D0+ B1+
Trax_1819998 supermac vs. Kran : @0/ B1\ A2/ @2/ @1+ A0\ A0+ @3/ E1/ F3\ D0/
Trax_1819999 Kran vs. supermac : @0/ B1\ A2/ @2/ C0/ D2\ B1+ C3+ A4/ A5+ @1\ A0\ E5+ D1/ C0/ C0+ D1/ @7+ B8/ A1\ @7/ A3\
Trax_1820000 supermac vs. Buz : @0/ @1+ A0+ @2/ A3+ @2\ A1\ @1\ C0/ A4/ @2\ A0\ @1\ B5+ A2/ @2/ E0+ G1\ D7+ H3/ D8+
Trax_1820001 Buz vs. supermac : @0+ @1+ B2/ B0/ C3/ B4/ @2\ E4\ D5/ E1/ A4/ E0\
Trax_1820002 Jump This vs. Kran : @0/ B1\ B2\ C2\ D2+ D3/ B4+ A4/ @2\ @2\ C5+ @3+ C5/ @3\ E0\ D1\ E7+ @4/ E0+
Trax_1820003 Kran vs. Jump This : @0/ A0/ B1/ C1+ B0/ @2/ A3/ D4+ E4\ F3\ D5+ A5+ @5/ @5/ A6/ A7+ @6\ I2/ J2/ G6\ A7/ I4\
Trax_1820004 Jump This vs. Buz : @0/ @1+ C1/ C0+ @2+ C3/ C0\ E3/ F4\ F5\ G3/ G2/ E1\ D0/ B6/ A6/ H3/ @5\ J6\ J7\ J1/ RESIGN
Trax_1820005 Buz vs. Jump This : @0+ B1+ B2/ B0/ C3/ A4\ @3/ E4\ E5\ E1/ C0/ F4/
Trax_1820010 Kevin vs. Morticia : @0+ @1+ B0+ C2+ B3+ @2+ @2\ A1\ A3/ @3/ C0+ B5\ C5\
Trax_1820011 Morticia vs. Kevin : @0/ A0/ B1+ C1\ @2/ D3+ A4+ @2+ A4\ C0+ A0\ @1\ D1/ D0+ E2+ D0/ E1\
Trax_1820014 Dave (UK) vs. Morticia : @0/ B1\ A2/ @2+ A3+ @2+ C0+ @3+ B1\ C0/ B5/
Trax_1820015 Morticia vs. Dave (UK) : @0/ B1\ B2\ C2+ B0+ D3+ B0+ A4+ A5+ @4\ D5+ B6/ D6/ A2\ @2\ C0/ A4/ @5\ @5\ C6+ B2/ A2+ D7/ C0+ @2+ A5/ H3/ I2\ H1+ G0/ G10+ E1\ H0\ @6+
Trax_1820018 Morticia vs. What did you say : @0/ A2\ B1/ B0/ @2/ D2+ D3\ @2/ D0+ E5+ F5\ @1+ C0/ A6/ @5/ B7\
Trax_1820019 What did you say vs. Morticia : @0/ A2\ B1/ B0+ @2/ C0+ D2\ @4\ F3/ C5/ A1+ @3/ G1/ D0\ H2\
Trax_1820020 pioenroosje vs. Phil The Hat : @0/ A2/ B1/ @2+ C0/ D1+ E2/ E0\ C1+ F1/ F0/ F5\ G2+ E6\
Trax_1820021 Phil The Hat vs. pioenroosje : @0/ A0/ A0/ @3+ A4/ B0+ C3+ B5+ @4+ A3+ E3+ @3/ @4\ B5+ C6\ D7+ H3/ F7\ H4+
Trax_1820022 pioenroosje vs. drgnrdr : @0/ A0/ B1+ C2/ B0/ B0/ A2+ B5+ D2+ D4+ C0/ B1+ @3+ A2+ C0/ B1+ @4+ A1\ B0/ @4/ A6+ C8+ A7+ @3+ G9/ I9+ G10/ E9+ H11\ E11/ B9/ G12/
Trax_1820023 drgnrdr vs. pioenroosje : @0/ A2+ A3/ B3/ B4/ A0/ A5/ @3\ @5\ A4\ D6\ E5+ A6/ F5/ C7/
Trax_1820024 Phil The Hat vs. drgnrdr : @0/ A0/ A0/ @2+ C3+ D1\ B0/ C0\ B0/ D6\ A7\ @1+ A0\ D1+ A8/ @6+
Trax_1820025 drgnrdr vs. Phil The Hat : @0/ B1+ A2/ C1+ B3/ @2+ B0/ A4/ @4/ C5\ A1\ @4+ B0/
Trax_1820474 Lone Outlaw vs. Chef Jeff 1 : @0+ @1+ A2\ A0\ @2\ A1\ C1+ D2+ C0\ A1\ B0\ @3+ D0/ E1/ B1\ B0\ @5\ B2/ @5/ B6+ A6+ B7\ A7+ G4\ H2/ E1+ D0/ H7\ D0\ C2+ C1+ B3+ A5/ G9+ A10\ E2/ E10\ D10+
Trax_1822995 Goonerg vs. aubug : @0/ @1/ A2/ C1/ A3+ A4+ C4\ D4\ D3+ C0+ D6\ E4/ E1/ F2\ D0+ C8+ F6+ C9\ @5+ H7/ H8+
Trax_1823044 Rogue Trooper vs. What did you say : @0/ A2\ B1/ B0/ A0+ @3/ @1+ @2\ RESIGN
Trax_1823727 Atticus Finch vs. Misfit Lenrad6672 : @0/ B1\ B2\ A2+ C1/ C0/ C0/ D3\ @3\ A2\ B2+ @3/ A4/ @4/ C5\ D6\ C1/ D7/ C6+ @6/ B7+ I2/ B1\ A1\ D0\
Trax_1823739 supermac vs. dolcol (LAW-10) : @0/ B1\ A2/ A3/ C1+ B3\ A4/ @4+ @1+ A0\ @1\ C0/ A5/ A6\
Trax_1824117 Pamper Me vs. Misfit Lenrad6672 : @0+ B1\ B0/ C1/ B0\ A1\ @1\ @1\ B0\ A1+ C0+ F4\ F5\ G5\ E6/ C7/ B5/ D8\ F7/ H7\ F8+
Trax_1824611 Jane vs. Megababe : @0/ A0/ B1+ A3/ B0\ @3+
Trax_1825363 Luke vs. Chad : @0/ @1/ A0\ @1/
Trax_1825488 SweetCindyJo vs. the nutter : @0/
Trax_1826434 Kevin vs. klaashaas : @0+ @1\ C1\ C2+ C3/ C4/ C5/ @1\ @1+ F2\ G2\ G1\
Trax_1826435 klaashaas vs. Kevin : @0/ A0/ A3/ A4/ B2\ @2\ @3+ B5\ D4\ C6/ B7\ D6+ E3/ A8/ @8\
Trax_1826436 Kevin vs. Rogue Trooper : @0+ A0/ A3\ B1/ B0/ C4+ C5\ D1/ D0/ B1+ C7/ E1/ B0/ F5\ F6\ G6+ H5\ E0+ @5/ B2+ E0/ @5+ H3+ I2+
Trax_1826437 Rogue Trooper vs. Kevin : @0+ B1+ A0/ A3/ @3/ @3+ C0/ B5/ A2+ E2+ D5\ D6+ D7/ C7/ B7+ B8/ C8+ A7+ @4\
Trax_1826438 Kevin vs. Phil The Hat : @0+ A2+ A3+ A4/ @4/ @4+ B1+ @3/ E3\ D5+ D6/ B6+ @3+ E7/ F6+ E8/ D9+ G3\
Trax_1826439 Phil The Hat vs. Kevin : @0/ A0/ A0/ A0/ A0+ @1+ B0/ C1/ @4+ D6+ E5+ C0+ B1\ A1+ D8\ A0/
Trax_1826440 klaashaas vs. Rogue Trooper : @0+ A0/ @2\ A3\ C3/ B0/ A0/ B1/ D3+ @2+ A5\ C6+ D7/ D0+ A7/ @8\ @8\ B3/ C9+ A10/ @10/ F10\ A6+ G10/
Trax_1826441 Rogue Trooper vs. klaashaas : @0/ A2/ A3\ B3\ C3+ C2+ D2/ E2/ B4\ C1/ @4/ B5/
Trax_1826442 klaashaas vs. Phil The Hat : @0/ A0/ @1/ @1+ @1/ B2\ A0/ A4/ @4\
Trax_1826443 Phil The Hat vs. klaashaas : @0/ @1/ C1/ B0+ B0+ B4+ D4+ @4\ A5/ @3/ D5\ B6+ D0+ A6/ @7\ F7/ C8\ H6/ G8+ D9/ A3\ B2\
Trax_1826444 Rogue Trooper vs. Phil The Hat : @0+ @1+ A0/ A3/ @3/ @3+ B1+ @3+ D4+ E4\ A1\ A0\ F4+ G3\ H3\ I3\ F2+ E1\ RESIGN
Trax_1826445 Phil The Hat vs. Rogue Trooper : @0/ A0+ A0+ A0/ B1/ B3+ B0+ @3/ D2/ A2+ @3/ B0\ A1\ @4+ C0+ @5+ G2/ H5+
Trax_1826446 keops vs. Sarah : @0/ A0/ A0/ @1/ @1/ B2+ C0/ D1/ D0/ E4+ F3+ C6+ A0\ @2/ G1/ F0/ H2\
Trax_1826447 Sarah vs. keops : @0+ @1+ C1\ C2\ D2\ D3\ A3/ A4/ E1+ B0/ @3+ F5/ C6\ F6/ G3/ G7\ H7\ C7+ B7+ F8/
Trax_1826448 keops vs. McStack : @0/ A0+ A0\ @3/ A4/ @1+ B0/ D5+ B6/ D1\ @1/ A5\ A7+ @6\ @6\ A5\ C3/ B2+ A8/ @8+ C9\ E8+ B10/ A10/ A11/ @9\ E11+ C12/ F9+ G9\ B3+ B2\ B1+ B6+ A1/
Trax_1826449 McStack vs. keops : @0+ @1+ C1/ C0/ B0/ B0/ A2/ C1/ @4/ A2+ B0/ A6/ A7+ C6+ @4\ B0+ A1\ @1+ A0\ @4/ B5+ B7+ A6/ @4\
Trax_1826450 keops vs. dingbat : @0/ A0/ @1/ B3/ B4/ A2+ @2/ D3\ E3+ E4\ E5\ C0/ F6+ D7+ F1+ G4+ E0+
Trax_1826451 dingbat vs. keops : @0/ A0/ @2+ B0/ A4/ @1\ A0\ A5/ @5+ B6+ E3+ D5+ B7/ C7+ C8\ E6+ A7/ F4+ E9+ F8\ G8\ G9\ E10/ @7/ H5/ D9+ I6\
Trax_1826777 Megababe vs. Lone Outlaw : @0/ B1\ A2/ @1/ A2+ A0\ @2/ C0/ D1/ E3\ E4\ E5+ F3+
Trax_1826818 Megababe vs. Lone Outlaw : @0/ A2+ A3/ B1/ C1/ C0\ B1+ @3/ A2+ A4+ D4\ B5\
Trax_1827457 supermac vs. RubyJoy : @0/ A0/ B1/ C2/ B0+ C4\ D3/ E3/ B0+ D3+ D5+ B6+ @4/ G4/ G2+ F1/ H5+ H6\ F7\ D0+ A8/ E9+ @8\
Trax_1828781 Goonerg vs. Shreela : @0/ B1\ A2/ B2+ A0/ B4/ @2+ B4/ @2/ E2/ D5\ E4/ F3\ E5\ A5/ A6/ @5\
Trax_1829216 Rogue Trooper vs. lapman : @0/ A2\ B1/ A0+ B3\ C2/ A0/ @1\ B0/ A3+ E4/ F1+ F0/ D6+ G2\ C0\ D0+
Trax_1829370 Buz vs. gladriel : @0+ @1\ B2+ C1/ A0\ @1\ A0\ B0\ C6+ A1+ @3+ B5\ D7+ A1\ @2\
Trax_1829504 SarahMills vs. gladriel : @0/ B1+ C1/ A2/ B3/ C0\ C4\ @3\ D5/
Trax_1829609 Chef Jeff 1 vs. *Christina* : @0+ @1/ B0+ A3\ B0+ C3\ C4\ C5\ D5\ C6\ D6\ D7\ E7+ F7/
Trax_1829669 dab vs. gladriel : @0/ B1\ B2\ A2+ @1\ D2\ B0\
Trax_1830304 Chad vs. Luke : @0/ B1\ A2/ C1\ A3\ B3\ B4+ B5/ @5+ B6/ A1\ A0\ @4\
Trax_1830852 paganje vs. Honeybear : @0/ A2\ B1/ B2+ B3\ C2/ @1\ C0/ D1/ E1/ E5\ F3+ G3\ F5+ F6\ @2/ B3+ C4/ C5/ D6/ G7/
Trax_1831682 jaha vs. Chad : @0/ @1/ A0/ A0+ @2\ B0/ @3/ @3/ A2+ B1\ D0+ B1\ C0/ C7+ A6/ @5/ @5/ A6/ A7+ B8/ @6/
Trax_1831728 jaha vs. Atticus Finch : @0/ A0/ @1/ C2\ C3\ @1/ C0\ B3/ D5\ A3/ E4+ B4/ E1/ B5+ C0/
Trax_1831953 Chef Jeff 1 vs. Atticus Finch : @0+ @1+ A0+ A0\ A4+ B1/ A0\ B1+ C2/ @4+ C5+ E2/ C6+ E4\ F4\ C0+ D1/ A1\ D0+
Trax_1832689 thvickstr vs. crow57 : @0/ A2\ B1/ B0+ C2\ C3\ D3\ B4/ D1/ E2\ E3\ D5+ A5/ @4/
Trax_1836252 Arctic Warrior vs. Sarah : @0/ A0/ B1/ B0/ C1/ @1/ B0+ C0/ @3\ B4/ @3\ D1+ D0\ G5/ E0+ D0/ C8/ C9/ C4\ B5+ C3+ B3\ B2\ A2\ @4\ B10\ A8+ @6/ B11/ A11/ A7/ @5\ D12\ E12\ G10+ J5/ J4/ K7/
Trax_1836526 drgnrdr vs. dingbat : @0/ B1\ A2/ B0\ @2+ @3\ E1\ E2+ E0/ F3/ B1\ A1\ D0\
Trax_1836970 Morticia vs. dingbat : @0/ A0/ B1/ C2+ C3\ C4+ D3/ @2\ E1/ E0/ F4\ F5\ F6+ G6\ F3+ A5/ D6/ @4\
Trax_1837303 Rabbits2 MIA vs. Chad : @0+ @1+ B0\ A3/ @3/ @3+ A4\ A1\ B0\ @2/
Trax_1837637 jingham vs. jaha : @0+ A2/ @2\ B0/ A1/ B0/ C3\ @4/ A5/ A1\ A0\ @3/
Trax_1838517 STrek vs. CHESSCATJAY : @0/ @1/ A2/ B3/ @2+ @2/ A3/ E1/ @3+ B1+ @3+ H2+ G0+ E0+ H2+
Trax_1839969 Sherry vs. jaha : @0/ A0/ B1/ B3+ C1/ B4/ @3\ @2+ F1/ F0/ B6/ A6+ B7\ F5\ F6+ G4\
Trax_1840102 Chad vs. firefly : @0/ B1+ B2\ B3\ C1/ D1+ B0+ RESIGN
Trax_1840893 jaha vs. the nutter : @0/
Trax_1842601 dingbat vs. Morticia : @0/ B1\ B2\ C2+ B3/ A3/ @3+ A4/ B4+ @3+ @3/ A5+ C5\ A6\ F4\ D5\ G3+ D6\ B7/ @5+ G6+ G7\ @4/ F7/ E8\ I6+ @4\ A3+ @4\ B5+ B6\ B2+ C2+ F2\ B1/
Trax_1842695 Chad vs. firefly : @0/ B1+ B2\ B3\ C2\ A4/ @2+ D4\ E1/ RESIGN
Trax_1842703 klaashaas vs. Chad : @0/ A0/ @2/ A0+ @3/ B0/ B0/ @5+ A6/ B6+ A7/ E5+ @3+ C2+ B1+ D0/ C9\ D9\ G6/ H5\ @4/ A3+ A1/ @2/ D0\ @2\ A1/
Trax_1842743 SweetCindyJo vs. Whistler Gandalf : @0/ B1\ A2/ @2+ D1/ C0\ A4/ A5\ B5\ C5\ @3\ @1\ B0/ A5/ @4/ C6/
Trax_1843763 Sarah vs. jaha : @0+ A0/ A0/ A4/ B4/ C2+ D3/ C4+ @3+ C0/ C0/ B2+ D2+ E3+ A1/ C0/ C0/ @6+ C9/ A1+ @4/ C0+
Trax_1844013 jaha vs. Peachy : @0/ A2\ B1/ B0/ A0/ C2+ D2/ C4\ D4\ E4\ C1+ A0\ F5+ F6\ F2/ F1/ G2\
Trax_1844651 RubyJoy vs. crow57 : @0/ B1\ A2/ B2+ B3+ C2/ A0/ @1\ C0\ @2+ B5+ A1+ B0\ F4/ B0\ @2\ A1+ E8+ B0/ G5+ G3/ H3/ H2+ I2/ I1/ J1/
Trax_1845624 Chad vs. firefly : @0/ B1+ B2\ B3\ C2/ D2/ D1/ D4\ C0+
Trax_1845751 FrodoBaggins vs. drgnrdr : @0+ @1\ A2/ @1\ A2+ @2/ @2\ @2\ F0/ F0/ C1\ G2+
Trax_1845783 jaha vs. Chad : @0/ @1/ B2/ C2/ C3/ D2/ D1+ C0/ E4/ E1\ F3\ F5+ C0/ B5+ A4+ @4/ A5/ B6/ F7+ D8+ C7/ F0+ G2/ H2/ H1/ F0\ A3+ B9/ @6\
Trax_1846426 jingham vs. basplund : @0+ @1+ B2\ A0\ C2+ C1/ C0/ D1/ D0/ E1/ E0/ E6\ E7+ F5\
Trax_1846591 G_net vs. marygal : @0+ @1/ A0/ C2\ C3\ D3\ C4/ D1/ B0\ E2\
Trax_1846850 Kran vs. keops : @0/ A0/ B1\ A3\ B3\ B4\ C4\ @1\ B0/ A5/ @3\ C6/
Trax_1847557 muffin man vs. basplund : @0/ A0/ @2/ @1/ A2+ D2\ A3\ D3+ B0/ C5+
Trax_1847781 Keizer Soze vs. Phil The Hat : @0/ @1/ C1/ @1/ A0\ @1\ F1/ C0+ E4+ A0\ @2/ F1/ G1+ H2/
Trax_1847953 Chad vs. Kevin : @0+
Trax_1847954 Kevin vs. Chad :
Trax_1847955 Chad vs. Phil The Hat : @0/ B1+ C1/ D1+ D2+ E1/ E0/ E0+ C5\ C6\ E5+ F1\ D0/ D0/ D0/ C5+ B1\ B7+
Trax_1847956 Phil The Hat vs. Chad : @0/ @1/ B0+ @2/ C0+ B4\ @4\ @2/ C5+ C6\ C7\ C8\ B8+ A5\ C1\ E8+ F3/ @5/ B6+ D0\ H3/ G2+ I3/ C2+ A5\ @4/ E0\ E0\ H1+ B4\ I3\
Trax_1847957 Chad vs. Megababe : @0+ A0+ A0+ A0/ A0/ B2+ @4\ A2+ B6\ @2\ @2\ C6\ B5\
Trax_1847958 Megababe vs. Chad : @0/ A0/ B2+ @1+ B0/ D1\ B4/ D4\ A5\ @3\ E2+ F3/
Trax_1847959 Kevin vs. Phil The Hat :
Trax_1847960 Phil The Hat vs. Kevin : @0/ A0/ B2/ C2+ C1+ D1\ E1\ @2\ B0/ B0/ F2/ G3\ E5+
Trax_1847961 Kevin vs. Megababe :
Trax_1847962 Megababe vs. Kevin : @0+ B1+ B2/ B0/ C1/ D1+ C3+ E2+ E1+
Trax_1847963 Phil The Hat vs. Megababe : @0/ A0/ A0/ A4/ A5\ B3+ C3\ C2+ A6\ @5\ C6\ B0\ D7\ E5/ @5/ G4+ D8+
Trax_1847964 Megababe vs. Phil The Hat : @0/ @1+ @1\ C0/ C0+ D3\ C4/ B5\ A4+ @2/ E1+ F3\ @3+ G0\ H2/ @4/ G5+ @4\ B3/ F7\ E1+ F0\ I7+ K3+ K2/ K1/ J0+ C3+ D8+ A4\ A3\ @3\ A2\ F10+ B7+ M3+ M5+ @3+ E10+
Trax_1848162 Misery Midnight vs. lapman : @0/ A2\ B2\ B1+ C2/ D2/ B0/ C1/
Trax_1848253 Chad vs. firefly : @0/ B1+ B2\ B3\ C2/ D2/ D1/ A0/ E4+ E5\ F5\ F6\ F2/ G5+ F1\
Trax_1848720 keops vs. golfnutrof : @0/ @1/ A0/ @2+ B3/ A0\ @1\ D1/ D0/ E5+ C6/ @2\ E0/ C2+ F2+ D1\
Trax_1849121 kleese2 vs. Chef Jeff 1 : @0/ A2+ B1\ B2\ @2+ B3/ C0\ A2\ D4/ @2+ D5+ @2+ D6\ C5+ C7+ B5/ A6\
Trax_1849759 lapman vs. Misery Midnight : @0+ B1\ C1\ @1/ C2\ D2\ B3/ C4/ A0\
Trax_1849782 Atticus Finch vs. paganje : @0/ B1\ B2\ C2+ A2/ A3/ A0\ @3+ C1+ E3+ @3\ B1\ A1\ @3\ B4+ A1\ @3\ C0\ G5+ A2+ H2/ H1/ E0+ F0\ B3\ D8\ D1+
Trax_1850316 kleese2 vs. dgb : @0+ @1+ @1\ A0\ @1\ A0\ D1/ B0+ E3+ F2\ B0/ @5/ A6/ F2+ @5+ A2\ @2\ D1\
Trax_1850569 STrek vs. Goonerg : @0/ A0/ @2+ A3+ B0+ @4\ C4+ D1\ C5/ A1\ @1+ B0/
Trax_1850648 dgb vs. csesugar : @0/ A2+ B1/ A0\ @2\
Trax_1850756 csesugar vs. dgb : @0+ B1+ B2/ B0/ A1+ C2+ A0/ B5\ C4+ B6\ B1+ A6/ @5/ C7/
Trax_1851125 Keizer Soze vs. Phil The Hat : @0/ B1/ B2\ C2\ D2\ @1/ B0+ @2/ E4+ @1\ B0\
Trax_1851146 Chad vs. dgb : @0/ A0/ @1/ B0+ @2/ D2\ C0/ B1+ E3\ B4+ A5\ B6/ C6/ B7+ A7+ D1/ E1+ F3\ A8\ D6\ E6\ B9/ C8+ @9/ A3/ D0+
Trax_1852401 Misery Midnight vs. chromer : @0/ @1\ B0\
Trax_1852592 dgb vs. Sir Face of the GoldTable : @0/ A2\ B2\ B1+ B0/ C1/ C0/ D3\ A1\ @1+ B0/
Trax_1852918 Lone Outlaw vs. dgb : @0+ @1+ A0/ A3/ B3+ @2+ D2/ E1\ C0/ E4\ F3/ C5+
Trax_1852948 jaha vs. Lone Outlaw : @0/ B1\ A2/ @2/ @1/ C3/ @1/ E3\ D4/ D5/ C0+ B3/ @1\ B0+ A4/ @2\ D5/
Trax_1852961 dgb vs. jaha : @0/ A0/ B1+ B3/ @2/ @1/ E3/ E1/ E0/ B4/ E0\ A4+ @5\ @5\ @5\ E6/ E2+ F1\ @5+ D7+ B3\ A4+ @4\ A3\ A2+ E1\ @3\
Trax_1853431 Kevin vs. dgb : @0/ A0/ A0/ A0/ B2+ @1+ @3\ @3+ @3\ G3+ C5+ A4+ C2\ B1+ D0+ D0/ G3\ C1\ B0/ G3+ @6+ A4\
Trax_1853684 Stinger vs. dgb :
Trax_1853723 paganje vs. jaha : @0/ A0/ B1+ B3/ @2+ D1/ D3/ B0/ A4/ D0/ E3/ A1\ C0/ @2/
Trax_1853761 dgb vs. basplund : @0/ @1/ B0+ @1/ B3/ D3/ D4+ C0/ B1+ A0+ @2\ B4/ @3+ C0/ @4+ A5+ G3/ @4/ I5+ I7\ J3/ H2/ J7+ RESIGN
Trax_1853836 dgb vs. Sir Face of the GoldTable : @0+ @1+ @1\ A2\ B3/ @3+ @1+ A0+ @3\ G2/ A4/ A5+ @4\
Trax_1854010 dgb vs. the great snowqueen : @0/ B1\ A2/ B2+ C2\ B3/ @1\ @1\ C0\
Trax_1854402 gladriel vs. GambitBob : @0+ @1/ A0/ A3\ @2/ C3+ B4\
Trax_1854524 jaha vs. Chad : @0/ A2+ A3/ @2/ C2\ C4+ D2/ B0/ B0/ E4/ D1+ E2\ B7\ B0/ A4+ B0/ E2+ F4+ @1+ D0\ G6\ F8/ H6+
Trax_1854936 Chad vs. firefly : @0/ B1+ B2\ B3\ C2/ A0/ D4\ D5\ @4+ D5/ C6\ A1\ D1/ RESIGN
Trax_1855484 Rogue Trooper vs. Aphrodite : @0+ A0/ B1\ A3/ A4/ B2\ RESIGN
Trax_1856500 dgb vs. McStack : @0/ A2/ B1+ @1/ B0/ A3/ D1\ E1\ D3+ F2+ D0+ B1+ E5/ E6/ G6+ E7/ @3+ D0/ A1\ @3/
Trax_1856686 Phil The Hat vs. Jump This : @0/ @1/ C1/ A2+ A3+ D2\ D3\ A0+ E4+ D1+ C4/ C5+ E5+ D6+ @4\ B5/ G5/ @4/ D6+ F7+ E0+ I5\ H7+ E0\ D0/ D0/ C4+ D0+ I12\ J12\ E1+ J9\ K10/ H8+
Trax_1856687 Jump This vs. Phil The Hat : @0/ A0/ A0/ A0/ @3/ A0+ @3/ @3+ B4+ E4+ A0/ B6/ D7\ A6\
Trax_1856688 Phil The Hat vs. drgnrdr : @0/ A0/ A3+ @3/ A2+ C3+ A4/ @1/ @3+ C5/ B6\ E5+ D0/ A2+ D0/ F5/ G6\ G7\ G1/ H5/
Trax_1856689 drgnrdr vs. Phil The Hat : @0/ A2+ A3/ B1/ C2/ D2/ C3+ B4\ C5/ E2/ E1/ F1/ C0+ F0+ D7\ D8\ G5\ G6\ H5+ G2+
Trax_1856690 Phil The Hat vs. What did you say : @0/
Trax_1856691 What did you say vs. Phil The Hat : @0/ A0/
Trax_1856692 Jump This vs. drgnrdr : @0/ A0/ A0/ A0/ B3/ B1/ @1+ A0\ A0+ @1\ E6\ C7/ E1/ D0/
Trax_1856693 drgnrdr vs. Jump This : @0/ @1/ B2/ B3/ C2+ B4/ A4/ A0\ @1\ @1\ D0\ E2+ B1+ B5+ A3+ F4/ F5+ G4/ H4/ C7/ C8+ A5/
Trax_1856694 Jump This vs. What did you say : @0/
Trax_1856695 What did you say vs. Jump This : @0/ @1/
Trax_1856696 drgnrdr vs. What did you say : @0/
Trax_1856697 What did you say vs. drgnrdr : @0/ A0/
Trax_1856883 Misery Midnight vs. chromer : @0/ B1\ A2/ @2/ D1/ D0/
Trax_1857076 drgnrdr vs. FULL moon CRAZY : @0/ B1\ A2/ B2+ B3\ B4/ C4/ B5/ D4/ A4+ @1\ B0/ A6\ D7+ @4\
Trax_1857624 superkaempe the gentle giant vs. dgb : @0+ @1+ B2/ B0/ B0/ @3+ D2+ A2+ @3/ A4/ C5\ @3+ A2\ A1+ @2/ D0/
Trax_1858067 Chad vs. firefly : @0+ @1/ C1/ C0/ C3/ C0\ D2/ @4\ @4\ E5/ C6\ F0+ G4\ G5+ G2+ E7+ H7+ H8\ I8\ F9+ E9/ E10/ I10+ I11/ C8+
Trax_1858262 dgb vs. Chad : @0/ @1/ @1/ A0/ @2/ C1/ C3/ C0\ C0\ C6/ D2+ C0/ E3\ E5+ C0/ C0/ D3+ E3\ E2+ F5+ B5+ @6\ F0/ G1/ C3+ B3/ A4\ G10+ D11+ D1+ @8/ B9\ H3+
Trax_1858266 the great snowqueen vs. dgb : @0+ @1+ C1\ C2\ D2\ D3\ A0/ D1/ A3+ B0/
Trax_1858446 MizE vs. dgb : @0+ @1+ A2\ B0/ C3/ B4/ D4/ @3\
Trax_1858477 dgb vs. basplund : @0/ @1/ A0/ @1/ B0/ @1/ C4/ D2/ E2/ E1/ C0+ E0\ @2\ C1+ A4/ RESIGN
Trax_1859088 What did you say vs. dgb : @0/ A0/
Trax_1859193 Honeybear vs. itb4me2 : @0/
Trax_1859223 keops vs. Aphrodite : @0/ A0+ A0\ @1\ A0\ @4+ @3+ @2+ F3\ E0+ F1/ G5/ C6/ B6/ H4\ C7+ E6+ I6\ I7\ D8/ A6/ D9/ F9\ F10+ H7/ I8\ B8+
Trax_1859252 Rogue Trooper vs. dboy97 : @0/ @1/ B0/ A0+ @3/ C4\ D1\ B5+ B0/ @3+ F1/ E0\ F5\ F6\ G3\
Trax_1860276 CHESSCATJAY vs. Misfit Lenrad6672 : @0/ B1\ A2/ A3\ B3/
Trax_1860277 CHESSCATJAY vs. Misfit Lenrad6672 : @0/ A0\ @2\
Trax_1860279 Chad vs. Cookie of the Wolf Pack MIA : @0/ @1\ A2\ B0/ C2+ D2/ E2\ E3\ B4+ F3/ @3/ A4/ H3/ A5\ H4\ E5/ I3\
Trax_1860613 Chad vs. dgb : @0+ @1+ C1/ C0/ B0/ B4/ @4\ B1+ @2/ B1+ A4/ A5/ D0/ @5+ D0\ C1\ A4+ F3+ B8/ B9/ @6+ C2+ A3+ @6\ A5+ E9\ E10\ G7\ H8/ A7+
Trax_1860756 dgb vs. basplund : @0+ A2/ A3/ B2/ @3/ C0\ B0/ @3/ C6+ E1\ D0+ F2+ E4\ D0\ F8+ RESIGN
Trax_1860771 jaha vs. dgb : @0/ B1\ B2\ A0/ @2/ B0+ D2\ D4\ B0/ B0/ A2+ C3+ E3\ E2+ @4+ C0+ D8/ C8+ E9\ F9\ D10/ C10/ C11/ B11/ A9/ @9+ A10/ G12+ H10/ @7\ A6\ C1\ H5+ B3\
Trax_1860968 Lone Outlaw vs. dgb : @0/ @1/ @1/ @1/ C0+ D3+ C4/ B0+ B0/ B0/ B0+ A1+ @3/
Trax_1861070 Stinger vs. paganje :
Trax_1861104 jaha vs. rabbitoid : @0/ @1+ B2/ @1/ C3/ B0+ B0\ B0\ D3\ C7/ C8+ E5+ F4\ G4\ H5/ E3+ C1+ D9/ A8+ @5+ F10\ G9\
Trax_1861105 Megababe vs. SarahMills : @0+ B1+ C1+ D1+ E1+ F1+ B2+ G1+ E2+ H1+
Trax_1861131 aubug vs. dgb : @0+ B1+ @1/ @1/ C0/ B3+ D0\ B2+ C0+ @4+ @4\ G3+ C1\ C0\ D7/ A3+ H3\ H2+
Trax_1861133 the great snowqueen vs. dgb : @0+ @1+ @1\ A0\ A0/ @2+ D2/ C1/
Trax_1862518 dgb vs. Acedog : @0/ B1/ B0+ A0/ A4\ B4\ C3\
Trax_1862837 Goonerg vs. Rogue Trooper : @0/ A0+ @1+ B0/ @2/ B1\ A0/ @3/ B5+ A0\ @3+ A5+ C7/ @5+ A7/ A8/ G3+ @7+ G2/ H1\ H0\ B4\ A4\ @3/ D9+ J4\ J6/ B2+ E0+
Trax_1862950 pepperbeach vs. dgb : @0+ @1+ A0+ @2+ B0+ B0/ C1/ A1\ A0\ D3+ A4+ @4\
Trax_1865176 Atticus Finch vs. Goonerg : @0/ A2\ B2\ B1+ C1+ A0/ D2+ C4/ D3\ @4/ B5\ A1\ D5\ @2/
Trax_1865177 Goonerg vs. Atticus Finch : @0/ @1/ B2+ B3\ C1/ A0+ D4\ C5/ A4+ B6+ @4+ B0/ A1\ A0\ E3+ @2/ B3+ A3/ G5+ A5/ @5/ F1+ E0/ H2/ A4/ G1/
Trax_1865182 CHESSCATJAY vs. Goonerg : @0/ @1/ B2/ @1\ B0/ C1+ D1/ D2+ E2/ D4\ E4\ F2/ D5+ E6/ F5+ F1+ G3+ E7+ G6+ B3/ C6+ E8+ A1+ G1/
Trax_1865183 Goonerg vs. CHESSCATJAY : @0/ A0/ B1/ C2/ C1+ C0/ B1+ C0+ D2/ @3+ B1+ D5\ E5\ F5\ G5+ E6+ B7+ A7/ @6+ H1/ E0/ I2\
Trax_1865186 Mystic River vs. Goonerg : @0/ A0/ B2\ A3/ B3\ A4/ B4+ C1\ C0/ D2\ B0\ A1\ C0/ @3+
Trax_1865187 Goonerg vs. Mystic River : @0/ A2\ B2\ B3\ @2\ @1\ C0+ E4/ A4/ D2+ B5/
Trax_1865188 FrodoBaggins vs. Goonerg : @0+ A0/ B1\ A3/ B3/ A4/ A5/ @3+
Trax_1865189 Goonerg vs. FrodoBaggins : @0/ A0\ @1/
Trax_1865190 supermac vs. csesugar : @0/ A0+ @1+ A0\ @1+ @2/ B3/
Trax_1865191 csesugar vs. supermac : @0+ @1+ B2/ B0/ A1+ A0+ @1\ A3+ D2/ A0\ E4\ @2+
Trax_1865192 supermac vs. KaTtdAnCe : @0/ A2+ @1\ B0/ C1+ C0+ C5/ C0+ D2\ D5/ B2+ A3\ E4\ D1/ E1/ C0+ F3+
Trax_1865193 KaTtdAnCe vs. supermac : @0+ @1\ A2/ @1\ C2+ C3+ D3\ C4/ C5+ A4/ A5\
Trax_1865194 supermac vs. Rogue Trooper : @0/ A0+ @2/ @2/ B0/ @1+ C0/ E2+ @2+ A4/ A5/ @3+ C0\ B1\ B0\ A1\ @1+ A0\ G8+ C9/ H7/ @4+ A5+ @5/ B1\ A4\ @3/ I1+ D0+ J3+
Trax_1865195 Rogue Trooper vs. supermac : @0+ B1\ @1\ C2\ D2+ E2+ D3/ D0/ E1/ @2\ C1+ C0\ B4+ @1+ A0\ @1\ D0+ @3/ A4/ C5+ E0/ F2/ B7+ B8/ F9+ H3+ @4+ K7/ I2/ J1\ K3+
Trax_1865196 supermac vs. drgnrdr : @0/ @1/ A2/ C2+ A3/ D2/ C0+ A5+ @5/ E5\ F5\ E6/
Trax_1865197 drgnrdr vs. supermac : @0/ B1\ A2/ @2/ @1+ A0\ @3\ B4+ @3\ F3+ F4\ E0/ F1/ G1/ A1\ G0+ @3\
Trax_1865200 csesugar vs. Rogue Trooper : @0+ A0/ A3\ B1/ C2/ A0\ @1\ E3/ D5\ D6\ E5+ B6/ F3\ B7\
Trax_1865201 Rogue Trooper vs. csesugar : @0+ @1\ B2/ A3/ @3/ B0/ D3/ A3+ D4\ @2\ F3\
Trax_1865202 csesugar vs. drgnrdr : @0+ @1\ A2/ @1\ A0\ B0+ D2/ A0/ E3\ E4\ A5+ @5/ @4/ A5/ @5/ C6+
Trax_1865203 drgnrdr vs. csesugar : @0/ @1+ @1\ C0/ D1/ @2/ D0+
Trax_1865204 KaTtdAnCe vs. Rogue Trooper : @0/ A0+ A0\ @1\ A0+ C3/ A0+ @2/
Trax_1865205 Rogue Trooper vs. KaTtdAnCe : @0+ A2+ A0+ @3+ B4+ @3+ C5+ @3+ D0+ D0\ C1\ C0\ B1\
Trax_1865206 KaTtdAnCe vs. drgnrdr : @0/ @1/ @1\ A0/
Trax_1865207 drgnrdr vs. KaTtdAnCe : @0/ B1/ @1\ C0\ B1\
Trax_1865208 Rogue Trooper vs. drgnrdr : @0+ @1+ A0/ A3/ @1/ A0/ @3\ A5+ @5/ @5+ C6+ A2\ @4/ G1\ H3\ H2+ D0\ C1+ E0+ H6\ RESIGN
Trax_1865209 drgnrdr vs. Rogue Trooper : @0/ A0+ B2/ A0/ @3\ B4/ A5/ @3\ B1/ D5\ C6/
Trax_1865210 Knight Rider vs. Phil The Hat : @0+ A2/ @1+ A0\ @1+ @1/ B3+ @2\ C4+ C0\ @2/ C5+ @3\ B0+ H4+
Trax_1865211 Phil The Hat vs. Knight Rider : @0/ B1\ B2\ B3/ A3\
Trax_1865212 Knight Rider vs. SarahMills : @0+ B1+ A2\ B0/ C1+ D2/ C3+ @3/ C4+ B4/
Trax_1865213 SarahMills vs. Knight Rider : @0/ B1\ A2/ @2\ B3\ C3\ C4\ D2/ A4/ @3\
Trax_1865214 Knight Rider vs. Megababe : @0+ B1\ A0/ @2/ A3/ D1/ B0/ A2+ @1/ C0+ B0/ @5+ B7\ F7\ F8/
Trax_1865215 Megababe vs. Knight Rider : @0/ A2/ B2\ A3/ C1/ C0/ D2+ @3+ D0/ @4+ C2/ E5\ E6\ G3+ H3\ H4\
Trax_1865216 Knight Rider vs. dgb : @0+ @1+ @1/ A2/ @1\ B0/ @2+ D4\ E4\ A4/ A5\ @4\
Trax_1865217 dgb vs. Knight Rider : @0/ B1/ B0\ A3/ C2+ @2+ B1\ A1\ @2+ @2/ @2/ C3+ A1\ @2\
Trax_1865218 Phil The Hat vs. SarahMills : @0/ @1/ C1+ D1\ A2+ C3+ E2/ B0/ D1+ B0/ F5\ D6/ F2/ F1/ G3\
Trax_1865219 SarahMills vs. Phil The Hat : @0/ A0+ A0\ @3/ A4/ @2\ D3/ E2\ D1+ B5/ @2\ A1\ C0/ @3+
Trax_1865220 Phil The Hat vs. Megababe : @0/ B1\ A2/ B2+ @2+ @2/ C0/ A2+ E2\ C4+ A4/ D5/ E4+ D6/ F1/ D0+ F5\ G3/ C8\
Trax_1865221 Megababe vs. Phil The Hat : @0/ A0/ B2+ @1\ B0/ D2+ D0+ E3+ E2+ E4\ E5+ F5\ A2+ D6\ A5\ @2/ A1+ A0\ @3/ @6+ D7+ C8+ D8\ @8/ C9+ A4\ B3+ @6+
Trax_1865222 Phil The Hat vs. dgb : @0/ A0+ A0+ A0/ @1/ @2\ D1/ B3/ B4/ E1/ E0/ E4\ F4\ A5/ D6+ @4\
Trax_1865223 dgb vs. Phil The Hat : @0/ @1/ B0+ @2+ A0/ @3+ C4/ D1/ E4\ C5/ E1/ F1+ D0+
Trax_1865224 SarahMills vs. Megababe : @0/ B1\ A2/ B2+ C2\ C3\ D3\ B4/ D1/ A0/ E2\
Trax_1865225 Megababe vs. SarahMills : @0/ A2\ B2\ C2\ A0/ B2/ B1+ B0+ B5+ B6+ @3/ D2/ E5/ C0+ B2+ C8+
Trax_1865226 SarahMills vs. dgb : @0/ @1/ B0+ @2+ @1/ A0+ E3/ E4+ F2/ F1/ F0/ G3\ F4+ @4\ @3/ A5+ C6/ I4\
Trax_1865227 dgb vs. SarahMills : @0/ @1/ B0/ @2/ C3+ D1/ @2+ E0+ C5/ E0+ F1\ E0/ E0/ G2+ F7+ G5\ E8+
Trax_1865228 Megababe vs. dgb : @0/ A0/ B2+ @2\ A1+ A3+ C3\ @2+ A1+ A0/ E4\ B5+ F3/ F2/ F1/ F0+ G1/ A1/ C0+ @4\
Trax_1865229 dgb vs. Megababe : @0/ B1\ A2/ B2+ C2\ C3\ D3\ D4\ D1/ C5+ B0/
Trax_1865234 Lone Outlaw vs. Chad : @0/ @1/ B0/ A0+ @3/ B0/ @2\ A1\ C0/ C0+ @3+ F2+ F1/ F6\ RESIGN
Trax_1865235 Chad vs. Lone Outlaw : @0/ A2+ A3/ @3/ @3/ @2/ A3/ @3\ B1+ E0/ A2/
Trax_1865240 kittlekitten vs. Chad : @0/ A0/ @1/ @1/
Trax_1865241 Chad vs. kittlekitten : @0/ B1/ A2\ @2+ A3\
Trax_1865244 Nukkle Dragger vs. Chad : @0+ @1+ B2/ A0\ B1+ @2+ B4\ D4/ A3+ D1/ B0\ @3/ C6\ E3\
Trax_1865245 Chad vs. Nukkle Dragger : @0+ @1+ @1\ A0/ D2\ B3/ C1/ C0+ C0\ E4\ D5+
Trax_1865248 Chad vs. RyRy is here : @0/
Trax_1865249 RyRy is here vs. Chad :
Trax_1865250 jaha vs. Sarah : @0/ A0/ B2/ B3/ C2/ C4/ D2+ D1/ @2/ A3/ @3/ A4/ A0+ @4+ E1/ E0/ D7+ H4+ H5\
Trax_1865251 Sarah vs. jaha : @0+ A0/ @1/ B3/ C2\ B0+ B5/ D5\ B6/ D2/ E4\ D1\
Trax_1865252 jaha vs. RubyJoy : @0/ @1/ A0/ @2/ A0/ C4\ D4\ C2+ B5+ C6/ D2/ E4\ @4\ E1+ A6/ C7\ @6\
Trax_1865253 RubyJoy vs. jaha : @0/ @1/ A0/ @1/ C1/ D1\ C0/ E2+ F1\ F0+ B5+ A1+ B0+ @3+
Trax_1865254 jaha vs. Judy : @0/ B1+ C1/ A2/ A0/ B0+ A5/ @4/ D5\ C6/ E3\
Trax_1865255 Judy vs. jaha : @0+ A0/ B2+ A3/ C1+ @2+ D0/ D0/ E2\ B1\ A2\ B0/
Trax_1865256 jaha vs. firefly : @0/ A2/ B1\ B2+ @2\ A1+ A0\ @1\ @1\ D0+ A4/ @3/
Trax_1865257 firefly vs. jaha : @0/ A0/ B1+ C1/ C2+ @2+ D0/ B1+ E1+ F1\ B4+ E4+ G4+ H4/ E5+ H5/ H6/ H1/ G0/ I2\
Trax_1865262 Sarah vs. firefly : @0+ B1/ B0/ C1/ C3/ D1\ @2/ A3/ D0\ D0\ E2+ E4\ E5\ C6\ D7/ E6+ F6\ G7/ F2+ G4\ H6/ B8+ C9/ D8+ @4\ B3+ I8\ H2/ J6\
Trax_1865263 firefly vs. Sarah : @0/ A0/ B1+ B3/ @2+ @1/ A3\ E2/ E4\ F3/ C0/ D0\ E1\ F2\ B6/ B7/ @6/ A3+ @6+ B7/
Trax_1865266 RubyJoy vs. firefly : @0/ A2/ @1\ B0/ @3/ C4/ @2\ B1/ D0/ @3+ @4\ A5+ E6\ G3+ H3\ F0/ B3+ E8+ H8+ G9+ A8/ I7+
Trax_1865267 firefly vs. RubyJoy : @0/ A0/ B1+ A3+ A0/ @3+ @2+ B4+ D5/ E4+ D6+ F3/ F2/ F5+ A4\ D7/ E7+ C6+ B6+ B7/ D8/ G4+ H3\ A6+ F1/
Trax_1865268 Judy vs. firefly : @0/ A0/ B1+ A3/ C1+ B0\ @2\ @2+ A1\ D0\ F3+ D6\ E5/ A6/ B7/ @6\
Trax_1865269 firefly vs. Judy : @0/ B1+ A0/ B3+ C2/ B0+ C4\ D3/ @4\ B5/ E4+ C0+ B2+ D6+ D7/ B7+ E1/ B8+
Trax_1866186 Geri39 vs. dgb : @0/ A0/ A0/ A0/ @4/ C4+ A5/ @5/ B6+
Trax_1866994 dgb vs. basplund : @0/ A0+ A0\ @3/ A4/ @1+ @3\ A5\ E1\ F2/ @3\ H2+ C0\ B1\ I3/ C0\ @5\ E0/ F3+ I4+ @8+ C9\ A3+ @3/ C2+
Trax_1867360 SarahMills vs. dgb : @0/ @1/ A2/ C2+ A3/ D1\ C0+ @4/ C5\ F3\ F4\ E5\ F1/ C6+
Trax_1867493 snaP632 vs. basplund : @0/ A0/ A3\ B2\
Trax_1867622 the great snowqueen vs. basplund : @0+ @1+ A2\ A0\ @1/ D2+ D1/ C0+
Trax_1869272 STrek vs. dgb : @0/ A0/ B1/ C2+ A3/ D1\ C0+ @3/ D0+ B6+ A6/ E6\ B7+ F4\
Trax_1870425 Cookie of the Wolf Pack MIA vs. Chad : @0/ A0/ B1/ B3+ B4\ C2+
Trax_1870766 Dbledee of the Misfits vs. dgb : @0/ A0/ @2/ @1+ A0\ A0+ @1\ E4\ F4/ E5/
Trax_1870766 Dbledee vs. dgb : @0/ A0/ @2/ @1+ A0\ A0+ @1\ E4\ F4/ E5/
Trax_1871085 Rogue Trooper vs. dgb : @0+ B1+ A0/ A3/ @3/ @3+ @2/ @3\ D1+ A0+ RESIGN
Trax_1871093 Sartex vs. dgb : @0+ B1+ C1+ D1+ @1\ A0\ @1/ C3/ A3\ @3\ @3\ @3\ C4+ F0/ G1/ D6/ @5/ A6/ I1/ J4\ B6+ E7/ K1/ K0/ C3+ E2+ K5+ L4\ A4\ @7+ B8\ H8+ J5+ J6+
Trax_1871443 rabbitoid vs. Megababe : @0/ B1\ B2+ A2+ A3/ @3+ @2/ B1+ A0+ C1+ B0/ @5\ E2/ F4/ E0/ F3/ G3/ C1+ G4\ H3/ G6\ F7+ H6/
Trax_1871485 STrek vs. supermac : @0/ B1\ A2/ @2/ B0/ C3+ C4\ C5+ D5\ @1+ A0\ A6/ @3\ C7/
Trax_1871493 dgb vs. dboy97 : @0/ @1/ B0+ B0\ A4/ @2\ B0/ D3+ A1\ C0\ @4+
Trax_1871561 stones rose vs. dgb : @0+ @1+ B2/ B0/ B0/ @3+ B1\ B0\ D4\ E3+ F3/ G2\ D6\ E6\ C7/ F5+
Trax_1872477 dgb vs. Chad : @0+ @1+ A2/ A0/ C1\ C0\ @4/ D4/ D5/ @4/ B2+ F4+ G3\ H3\ E6+ @4+ C5+ E6+ B6/ A6/ A7/ @4/ G7/ C8+ D6\
Trax_1873347 Dbledee of the Misfits vs. dgb : @0/ A0/ @2+ B0+ @1\ B0\
Trax_1873347 Dbledee vs. dgb : @0/ A0/ @2+ B0+ @1\ B0\
Trax_1873462 Honeybear vs. paganje : @0/ A2\ B2\ B3+ C3/ B1/ @2\ C4+ A4/ @3\ C0+ A2/ C6\ @3/ E0\ F2/ G3/ A2\ F1/ @3/
Trax_1873494 jaha vs. dboy97 : @0/ A0/ B2/ C2/ A3+ @3/ A2+ @1/ C0+ D2+ @4/ A5/ A1\ A0\ @3/
Trax_1874367 Cookie of the Wolf Pack MIA vs. Chad : @0/ A0/ @1/ @1/ A2\ D2+ D0\ E3/ C4\ E0/ F2\ A1+ D0/ @3+
Trax_1875165 Hammer vs. dgb : @0+ B1+ B2/ B0/ A1+ C2+ C3+ D2+ A0/ @3+ C1/ E2+ C0+ F4+ @4/ A5/ @5/ A6/
Trax_1875429 * vs. SarahMills : @0+ B1+ A0/ A3/ C2/ D2/ E2/ F2/ D0+ C4/ C5/ E0+ G4+ G1/ G0/ H5\ D8+
Trax_1875583 Dbledee of the Misfits vs. dgb : @0+ B1+ @1+ @1+ @1\ A0\ C3/ @1+ B0\ @2+ D0/ @3+
Trax_1875583 Dbledee vs. dgb : @0+ B1+ @1+ @1+ @1\ A0\ C3/ @1+ B0\ @2+ D0/ @3+
Trax_1876447 Misfit Lenrad6672 vs. Dbledee : @0/ A2+ A0\ @1/
Trax_1876447 Misfit Lenrad6672 vs. Dbledee of the Misfits : @0/ A2+ A0\ @1/
Trax_1876448 Misfit Lenrad6672 vs. Dbledee : @0/ A2+ @1\ B0+ B0\ @3/ B2+
Trax_1876448 Misfit Lenrad6672 vs. Dbledee of the Misfits : @0/ A2+ @1\ B0+ B0\ @3/ B2+
Trax_1876864 heidibb vs. dgb : @0+ B1+ C1\ C2\ A0\ @1\ D4/ E3+ F3/ G2\ G4/ G1/ F0+ D0+
Trax_1878740 dgb vs. Jump This : @0/ @1/ A2+ C1+ A0/ @2+ C4/ C1+ C0/ D1/ E5\ D6/ E1+ C0\ F4\
Trax_1878744 Keizer Soze vs. Whistler Gandalf : @0/ B1\ B2+ B3/ A3/ @3+ A4/ B4+ A0+ @1\ @1+ C0+ F4\ C7+ B6\ D1/ E1/ F1/ G1+ G0/ F8\ G6+ D9\
Trax_1878791 aubug vs. SweetCindyJo : @0/ B1\ B2\ C2+ B0+ B0/ B5/ A5/ C5+ A6\ A1+ A7/ @7/ A2+ B0\ A1\ @1+ A0\ B7\ A9/ D8+ F8\ D9\ D10\ F7/ G8\ F9+ F5+ H8\ I8\ E2/ E1/ G5/ A6+
Trax_1882962 Marko vs. Kran : @0+ @1/ A0\ @2/ C1+ @2\ A1\ @1\ A0\ @1\ C0/ E5+ @3+ B5/ E6\ H3/ H2/ F1/ B6+ E0+ A6/
Trax_1882964 paganje vs. DINGEROO : @0/ B1\ A2/ @2+ B3\ C3\ C4\ D4\ D5\ E4\ E1/ F1/ C0/
Trax_1882996 klaashaas vs. Goonerg : @0/ A0/ B2/ A3+ B4/ C3+ D4/ C5+ B6\ C1/ D1/ E1/ A6/ @4/
Trax_1883004 the nutter vs. Honeybear :
Trax_1883217 andy99 vs. dgb : @0/ @1/ B0+ @2+ C3/ B0\ @2/ @3\ E5\ F5\ D5\ A4/ C5/
Trax_1885274 Rogue Trooper vs. CHESSCATJAY : @0+ A0/ B1\ A3/ @3/ @2/ C4+ A1\ D3+
Trax_1885309 jbdobie vs. drgnrdr : @0+ B1\ @1\ B2/ @1\ A0\ D4\ E4/
Trax_1885965 spitfire vs. Misfit Lenrad6672 : @0/ A2\ B2\ B1+ C2/ C3\ D3\ D4\ D2/ E3\ C1+ C0/ A4/ @4/ @4/ E0\ D1\ D0\ A5\ @6/ B3\ D2+
Trax_1886001 Karen Q vs. Misfit Lenrad6672 : @0/ A2\ A0/ B3/
Trax_1886172 twodawgs vs. Misfit Lenrad6672 : @0/ A2\ B1/ B2+ C1\ C0/ D1/ D2+ A1\ B0\ @2/
Trax_1886902 Kiki vs. Misfit Lenrad6672 : @0/ B1\ B2\ A2+ @2\ D2\ E2+ C3+
Trax_1886981 spitfire vs. Rude Misfit : @0+ @1\ A2/ @1\ B3/ A2/ @2/ E1/ E2\ D0+
Trax_1887192 Kran vs. * : @0/ A2+ @1\ A0\ @1\ D2/ @2/ A3+ A4\ B3\ @3/ A2+ A5/ @4+ C6\ D4\ A3+ H2+ H4\ G5\ I3\
Trax_1887280 MountainMist vs. Misfit Lenrad6672 : @0/ A2\ B1/ B0/ B0+ B4+ C3/ D3/ C2/ E4\ C5+ E2/ F3\ F2+ A0/ @3\ @3\ A2\ I3+ I2/ G6\ G7\ D6+ G8/ F8/ I1\ H1\ J4\ J5\ H0\ G2/ C1\ F2\
Trax_1887717 Misfit Lenrad6672 vs. Pamper Me : @0/ A2/ @1\ B0/ A1+ @1/ D1/ D0/ E1/ C0\ D0\ F3+ E0/ F2\ @5\ A4\ A3\ C2+ F8\ @3+
Trax_1889191 Rogue Trooper vs. What did you say : @0+
Trax_1889799 Dbledee of the Misfits vs. Misfit Lenrad6672 : @0/ B1\ B2\ C2\ A2/ B3\ @1\ B0/ B4+ C5/ D5/ B0\ D1/ A1/
Trax_1889799 Dbledee vs. Misfit Lenrad6672 : @0/ B1\ B2\ C2\ A2/ B3\ @1\ B0/ B4+ C5/ D5/ B0\ D1/ A1/
Trax_1890275 Dbledee of the Misfits vs. jaha : @0/ A0/ B1\ A3\ B2+ C2\ C3\ D3\ @3/ D4+
Trax_1890275 Dbledee vs. jaha : @0/ A0/ B1\ A3\ B2+ C2\ C3\ D3\ @3/ D4+
Trax_1890279 LilSis vs. Misfit Lenrad6672 : @0+ @1/ A0\ @2/ C3\ B0/ C1/ C0/ D5/ D2+
Trax_1890354 gladriel vs. SarahMills : @0+ B1+ A2\ B0/ C1/ D1+ A1+ C0/ C4\ C5/
Trax_1890489 dgb vs. Chad : @0/ @1/ B0+ B0/ B4+ @2/ C0/ C0/ B3+ @4/ A5/ E1\ E4+ E6\ E7\ F7\ D8/ B7\ A8/ @5/ G1+
Trax_1891543 Honeybear vs. balmoral : @0/ A2\ B1/ @1/ A3/ @3\
Trax_1893137 Dbledee of the Misfits vs. Knight Rider : @0/ A0+ @2\ A1+ B0\
Trax_1893137 Dbledee vs. Knight Rider : @0/ A0+ @2\ A1+ B0\
Trax_1893334 Knight Rider vs. dgb : @0+ B1+ A2\ A0\ A0\ A0+ @3+ @3\ B1+ B0\ @2+ @3\ @2/ B1+ C4+ @1\ B0/ A5/ RESIGN
Trax_1894178 Swamp witch Haddie vs. dgb : @0/ @1/ A2\ C1\ B2+ B3\ C2\ D2\ C3\ C4\ D3\ A4/ D4\ B5/
Trax_1894472 STrek vs. Pamper Me : @0+ B1\ A0/ @1/ A3\ B4+ D2+ B0+ D1/ E3/ @3+ C6+ D0+ F2/ G3+ E6/ F0+ D8+ E9/ G2+ H3/ F7+ G5\ G7+ H4+
Trax_1896554 Marko vs. Jump This : @0+ B1+ A0/ B3\ @1/ @1/ D4\ D5\ C4+ D6\ E6\ A0\ @2/ D8/ A5+ G5+
Trax_1900731 Dbledee of the Misfits vs. Misfit Lenrad6672 : @0/ B1\ B2+ B3/ A3/ A4/ B0\ @4+
Trax_1900731 Dbledee vs. Misfit Lenrad6672 : @0/ B1\ B2+ B3/ A3/ A4/ B0\ @4+
Trax_1901005 Phil The Hat vs. Jump This : @0/ @1/ C1/ A2/ D2+ B3/ B4+ A3+ E2/ D5/ A0+ @4\ F1/ G2/
Trax_1901006 Jump This vs. Phil The Hat : @0/ @1/ A2+ C1+ A0/ A4/ D2\ D4+ B5\ @3+ @3/ @3/ C5\ E6\ E7\ A6+ @4\ G7\ I3/ F8+
Trax_1901167 Blue Warrior vs. spitfire : @0+ B1+ @1/ A2\ A3/ @3/ E1/ F1\ E2\
Trax_1902191 Kevin vs. Phil The Hat : @0/ B1\ A2/ A0/ @2+ B0+
Trax_1902192 Phil The Hat vs. Kevin : @0/ A0/ A3+ B3+ B4+ B5/ A5/
Trax_1902193 Kevin vs. keops : @0/ A0/
Trax_1902194 keops vs. Kevin : @0/
Trax_1902195 Kevin vs. Rogue Trooper : @0/ A0+
Trax_1902196 Rogue Trooper vs. Kevin : @0+ B1+ A0/ A3/ A4/ @2+ D1\ C4+ E1\
Trax_1902197 Kevin vs. Jump This : @0/ @1/ @1/ C0+ B0+ @1+
Trax_1902198 Jump This vs. Kevin : @0/ A0/ @1/ @1+ C0/ D1/ A3/
Trax_1902199 Phil The Hat vs. keops : @0/ A0/ B1+ A3+ A4\ C4+ A0/ @1+ E4\ D6+ C7\ A4/ @2\ C7+ F2/ B0+
Trax_1902200 keops vs. Phil The Hat : @0/ @1/ C1/ B2+ D1/ D0/ D0+ E4+ C5/ C6/ E1+ F3\ @1+ D0+ @4/ B5+ @3\ B2+ A5/ I1\ C6/
Trax_1902201 Phil The Hat vs. Rogue Trooper : @0/ A0+ A3/ B2/ @3/ B0/ A5+ C6+ D4/ D2+ E4+ B7\ E1/ E0/ @5/ F4/
Trax_1902202 Rogue Trooper vs. Phil The Hat : @0/ A0/ @2/ B0/ A0/ @4/ @4/ A0+ @1\ A0\ RESIGN
Trax_1902203 Phil The Hat vs. Jump This : @0/ @1/ B2/ C2/ D2/ B3/ D4+ E2/ F2+ E1\ B5/ A5/ F5\ G3/ D6+
Trax_1902204 Jump This vs. Phil The Hat : @0/ A0/ @2+ A3+ B0\ @2/ @2/ B4+ B5/ A1+ @1+ A0\ D6\ B7\ A0\ A8/ A9\
Trax_1902205 keops vs. Rogue Trooper : @0/ A0+ A0\ @1\ A0\ @4+ @3+ E2\ A0\ @1\ F1+ RESIGN
Trax_1902206 Rogue Trooper vs. keops : @0/ A0/ @2/ @1+ C0/ C0+ D3+ B5/ B0/ @1+ D0\ E8\ RESIGN
Trax_1902207 keops vs. Jump This : @0/ @1/ A0/ @1/ @1/ C0+ D1/ C0/ C0/ C0/ B3+ @4+ D7/ C0+ B3+ A2+ @1/ @4\ G1\ G0/ H1/ B7/ B8/ H3+
Trax_1902208 Jump This vs. keops : @0/ A0/ @2+ @1/ B0+ D3\ D4\ B0/ C0\ B0/ D4+ E7+ @4\ A3+ E0/ F3+ G3\ C1+ G7\ H3\ H8\ G9/ I3\ B8/ A8/ @5+ G10\ F9+ B9\ D8+ @6/ L3\ I2+ L1+ M3\ J5+ K6+ J0\ I1\ H0/
Trax_1902209 Rogue Trooper vs. Jump This : @0+ B1+ A0/ B3\ C3\ D3+ C1+ E3+ B4+ A4/ E1/ C0/ F2+ @5/ B6+
Trax_1902210 Jump This vs. Rogue Trooper : @0/ A0+ A3/ B1\ @3/ B0/ D4/ @4+ E5\ F5+ B1+ G5\ G4\ @3/ @1+ C0/ C6/ C7/ J5/ J4/ D0/ I5\ J4/ F2+ G1+ E1/
Trax_1902444 Kran vs. paganje : @0/ A2\ B1/ B0+ C2\ C3\ D3\ B4/ C1/ @3/ A2+ C5+ A4+ B5/ F2/ F1/ B6/ F0/ A6+
Trax_1902446 Goonerg vs. Jump This : @0/ @1/ B2/ C2/ C1+ A2/ @2+ C0+ @3\ A0+ @3/ F2/ D0+ F2+ E1/ C6+ C0/ B1/ @3\ A2\ D0/ B2+
Trax_1902451 * vs. DINGEROO : @0/ B1\ B2\ C1+ D1/ D0/ B0/ E3\ D4+ D5\ E4\ F4\ E5\ C6/ B6/ A6/ A1\ @2\ C0\
Trax_1902938 spitfire vs. Lilac Oyster : @0/ B1\ A2/ A0/ B3\ B4\ B5\ C4+ A4/ D3/ B6/ A6/ @2+ @4/ A5/ B7/ A7+ D7+ B8/ @4+ A6/ @6/ G6\ H6\ A4+ B7/ @4+ D2+ @4+ E1+ F0\ B6+ B4\ E1+ D1/
Trax_1903778 Dbledee of the Misfits vs. Misfit Lenrad6672 : @0+ @1/ A0\ @1\ C1+ D1/ B0\ A1\ A3+ B0+
Trax_1903778 Dbledee vs. Misfit Lenrad6672 : @0+ @1/ A0\ @1\ C1+ D1/ B0\ A1\ A3+ B0+
Trax_1904643 Rogue Trooper vs. dgb : @0+ @1+ A0/ A3/ @3/ @3+ @2/ @3\ F3+ D4/ RESIGN
Trax_1904644 supermac vs. Marko : @0/ B1\ A2/ @2\ B0/ A1\ A0\ D2/ B1/ C0\ E3+ D1/ D0/ F3\ E6\ F5\
Trax_1904672 Stinger vs. STrek :
Trax_1904680 Honeybear vs. frolind : @0/
Trax_1904690 jaha vs. What did you say : @0/
Trax_1904769 Dbledee of the Misfits vs. dgb : @0/ A0/ @2\ B0\ A1\ A0\ C3/ @2+
Trax_1904769 Dbledee vs. dgb : @0/ A0/ @2\ B0\ A1\ A0\ C3/ @2+
Trax_1905002 spitfire vs. Dbledee : @0/ B1\ A2/ @1\ A0/
Trax_1905002 spitfire vs. Dbledee of the Misfits : @0/ B1\ A2/ @1\ A0/
Trax_1905135 RubyJoy vs. crow57 : @0+ B1+ A0/ B3\ @1/ C0\ D1/ C0+ E3\ D4+ E4\ D6+ E1/ F2+ C0/
Trax_1905306 purplehawke vs. Pamper Me : @0+ B1\ B2\ C2+ D2\ D3\ B3+ @1/ C0\ C5/ E1/ F2\
Trax_1906668 HeatherN vs. Tigger : @0/ A0+ B1\ A3/ @2\ @3\ C4/ E3+ B5/ A2\ B1\ D0\ D6\ C7\ A1\ A0+ @2/ F2/ G4\ E1/
Trax_1906755 SweetCindyJo vs. Megababe : @0/ A0/ @2+ C1+ D1+ B3/ C0/ C0/ E3+ @5\ B2\ A2\ @2\ G2+ B1/ G4/ F0/ B1/ H3+ H2+ G1/ G0/ D3\
Trax_1908356 ejd vs. Marko : @0+ @1+ @1/ A2/ B3/ @2/ C0\ @1+ E4\ B0+
Trax_1908493 dgb vs. andy99 : @0/ A0/ B1+ A3+ C3/ @1\ B0/ @3/ A4/ @2\ A1\ C5\ D0\ C1\ C0\
Trax_1908540 LilSis vs. STrek : @0+ @1+ A0/ A3/ @3/ C3\ B4/ D1/ D0/ C1+ D0\ @5+ D1+ C1\ B1\ A3\ @3\ F4+ D0\ A6+ B2\ B1\ A7/ @7/ B1\ @7+
Trax_1909265 Goonerg vs. dgb : @0/ @1/ B0+ @2+ B0/ B4\ @3/ A2+ @3/ @3+ B1+ @3\ C0+ A1\ @3+ E0+ D6+ D1+
Trax_1909567 Chad vs. jbdobie : @0/ A0/ A3/ A0/ B1/ C1+ @1\ C0/ @5+ A6/ D6/ F1\ C7\ F6+ G4+ C0\ B1\ @8/ A9/ A5+ @8\ B6+
Trax_1909656 Rogue Trooper vs. csain1 : @0/ A0/ B2+ @1\ A0\ @3+ @1+ B4+ A4/ @1/ D5/ F4\ G4\ G5\ G6+ H6\ E7/ C6+ F8\ G7+ @3+ I4+ J6/
Trax_1909696 klaashaas vs. dgb : @0/ @1/ A2/ C2+ A3/ D2/ C0\ A5+ @5/ E5\ F4/
Trax_1913020 marcus vs. dgb : @0/ @1/ A2/ C2+ D1/ B3+
Trax_1913276 Oartkickel of the Wolf Pack vs. supermac : @0+ B1+ A2\ B0/ @2/ C4/ D2/ B1\ B0\ D4+ @3/ A6+ @6/ F6\ E7/
Trax_1914473 What The vs. STrek : @0+ A2\ B1+ B0/ C1/ D1+ A1+ A0\ @1\ D0+ C0+ E6\ E2/ F6/
Trax_1914831 STrek vs. * : @0/ A2+ @1/ B3\ C3\ B4\ A3+ B5\ A0+ D2\ C1+ @2/ D5+ E4/ @3+ @4\ A5+ A6/ @4\ H5\ H7+
Trax_1914920 Oartkickel of the Wolf Pack vs. drgnrdr : @0+ @1\ C1\ B2/ A0+ @3/ C4/ A1\ @1\ F3/ E1+ G3/ D0\ G1/ H2/
Trax_1916172 toadisgimpy vs. dgb : @0+ B1+ A0+ @2+ @2\ A1\ B0\ B0/ C1/ D2/
Trax_1916962 paganje vs. Whistler Gandalf : @0/ A2\ B1/ B0+ @3/ A4/ A2+ B4\ A5+ B5+ B6\ C4/ D2+ C5\ D5\ E5\ E2+ E1/ @4+ G2+
Trax_1918648 Chad vs. curleyquenot : @0/ B1\ A2/ @2+ @2\ B0+ C0\ D2+ @4\ B5+ A1\ C0/ @3\
Trax_1918649 curleyquenot vs. Chad : @0/ A0/ B1+ @2\ D1+ C3+ D3+ C4/ E1/ A4/ @3/ C5/
Trax_1918650 Chad vs. Roughdawg MIA : @0/ B1\ B2\ C2+ D2/ B0/ B0/ A4+ A1\ @2\ B0/
Trax_1918651 Roughdawg MIA vs. Chad : @0/ @1/ B0+ @1/ B3+ D1\ A3/ A4/ A5+ @3+
Trax_1918652 Chad vs. drgnrdr : @0/ A0/ A3/ B2+ @3+ C4\ D2\ E3/ B5+ A5/ @5+ A6/ A1\ A0/
Trax_1918653 drgnrdr vs. Chad : @0/ A0/ A0/ @3\ @3\ @3\ D4/ E1/ F3+ A5+ @3\ @3+ C2+ H5+ D6/ A2\
Trax_1918656 curleyquenot vs. drgnrdr : @0/ A0/ @2+ @1/ B0+ A0/ @2+ E3/ @1\ B0/ E2+ G3\ E1/ A3/ @2\ B5/ B6/ A4/
Trax_1918657 drgnrdr vs. curleyquenot : @0/ B1\ B2\ C2+ D2/ C0+ E3/ D4\ C0\ E5\ F5\ D1+ A1\ C5/ @3\
Trax_1918658 Roughdawg MIA vs. drgnrdr : @0/ @1/ A2+ A3\ C2/ A0\ B0/ @3\
Trax_1918659 drgnrdr vs. Roughdawg MIA : @0/ A2\ B1/ B0+ B0\ @2+ B0/ D2/ @3/ E3\ F3\ E1/ D0\ A3+ A6/ @6/ D7/
Trax_1918660 dgb vs. Rogue Trooper : @0/ A0+ A0\ @1\ A0\ @4+ A5/ D1+ C0/ @2\ A1\ C0/ F3/ F2/ E1/ E0+ @1\ D0+ A7/ @4\
Trax_1918661 Rogue Trooper vs. dgb : @0+ @1+ A0/ A3/ A4/ @2+ @2\ A3+ @3/ D5/ A6+ @5/ @5/ A6/ A7/ @7/ D8+ E1\ G0/ C4+
Trax_1918662 dgb vs. Phil The Hat : @0+ @1+ @1/ @1+ D2\ B2/ D3\ C3+ E2+ E4/ F2\ E0\ F6\ G6\ C6/ C1\ E7/
Trax_1918663 Phil The Hat vs. dgb : @0/ A0/ A0+ @1+ B0+ B0\ A1\ @5/ B6\ A1+ @2\ B0/
Trax_1918664 dgb vs. purplehawke : @0/ @1/ B0+ @1/ C0\ A3/ @3/ A4/ E1\ B5+ E5+ F2/ D6+
Trax_1918665 purplehawke vs. dgb : @0+ @1+ B2/ A0\ B4/ @3\ D2/ @1\ C0\ A5/ E5\ B6/
Trax_1918666 Rogue Trooper vs. Phil The Hat : @0+ @1+ A0/ A3/ A4/ @2+ @2\ A1\ A0+ A4+ A0+ B7\ @2/ A6+ @4+ F5\ C8+ A7+ @7/ H3\ H2+ G1/ I3\ E0\ J6\ G8\ A5+
Trax_1918667 Phil The Hat vs. Rogue Trooper : @0/ A0+ A0\ @1\ A0\ @4+ B5\ D4/ @1+ E6\ F6\ B6/ B7+ A5/
Trax_1918668 Rogue Trooper vs. purplehawke : @0/ A0/ B2+ C2\ A3/ D3/ C1+ A4+ @2+ @1/ G1/ G0/ G5\ H5+ G6/
Trax_1918669 purplehawke vs. Rogue Trooper : @0+ A0/ B2+ A3/ A4/ B4+ C2\ D2\ B0\ D4+ @5+ A6/ F4/ @4+ @4/ G5\ G6\ @4/ C5+ A3\ D2+ @3/
Trax_1918670 Phil The Hat vs. purplehawke : @0/ @1/ C1/ D1/ B2+ B0\ B0+ A1\ @3/ @3/ G4\ F5/
Trax_1918671 purplehawke vs. Phil The Hat : @0+ @1+ B0\ A3/ B0\ B4\ A5/ C3/ @3/ A2+ E2\ E0+ F3\ A1\ C0/ @3\
Trax_1918672 Morticia vs. SarahMills : @0+ B1+ B2/ B0/ C1+ B4\ C4\ D1\ E2/ F2/ F0+ G5\ E6+ C6+ B7\ A5/ @4\ @4\ C6+ E8\ I1/ J4+ I6\ K4\
Trax_1918673 SarahMills vs. Morticia : @0/ A2\ B1/ B0+ C2/ C3\ D1\ B0+ @4\ C5\ E1/ F1\
Trax_1918674 Morticia vs. dingbat : @0/ A0/ @2+ @2/ A3+ B0/ @4\ B2+ @3+ D0/ @3\ F2+
Trax_1918675 dingbat vs. Morticia : @0/ A2\ B1/ B0+ A0/ @1+ D2/ @3/ A4/ B5\ @3+ @2/ D6\ E5\ B6/ A4/
Trax_1918676 Morticia vs. Pamper Me : @0/ B1+ B0+ A3+ @3/ B4+ C0+ C5\ D4/ C0/ D1/ E4\ D0+ C0/ B1+
Trax_1918677 Pamper Me vs. Morticia : @0+ @1+ A0+ @2+ B0+ D3+ E3/ E2/ B0+ F3+ E5/ D2+ G4/ F6+ C5+ A2\
Trax_1918684 STrek vs. jaha : @0/ @1/ A2+ A3/ B0+ @1/ A3+ C0/ B1+ D2\ @2/ E5\ F5+ D6/
Trax_1918685 jaha vs. STrek : @0/ A2\ B1/ B0+ B3+ C3\ @1/ C0+ A1\ @2+ D0+ E2+ A1\ E6+ A0/
Trax_1918686 STrek vs. * : @0/ B1+ A0/ C2\ A3/ A0+ @2+ @2/ A5+ @3\ B1+ D0+ @6+ C1\ A1+ @5/ B7+ E0+ C1+
Trax_1918687 * vs. STrek : @0/ A2\ B2\ B3+ B4/ @2+ A5+ @3\ E3+ B6/ @3\ @4+ B7+ @4+ A6+
Trax_1918688 STrek vs. FrodoBaggins : @0/ A2\ B1/ B0/ @2/ D2+ D3\ C4\ C0+ D5+ E4+ F4\ F5\ E6\ C6+ G4\ F3+ A0\ @3+ H6\ H7\ E2+ G8+
Trax_1918689 FrodoBaggins vs. STrek : @0+ @1+ B2/ B0/ C1/ D1+ B0+ A1\ @1+ B0+ B0\ A1\ B7\ @2+
Trax_1918690 jaha vs. * : @0/ B1+ C1/ C0/ B3+ @2/ B1+ A4/ @4/ D0+ A2\ @4+
Trax_1918691 * vs. jaha : @0/ A0/ @2+ @2/ A3/ A4+ B5/ C5+ D3\ C0+ D6\ B7/ B8+
Trax_1918692 jaha vs. FrodoBaggins : @0/ A2\ B1/ B0/ @1/ C3+ D3\ E3+ C4+ C5+ F2\ D5+ E5+ E6\ G1/ F0\ G5\ F0/ G7/
Trax_1918693 FrodoBaggins vs. jaha : @0+ A0/ B1\ A3/ @1/ B0/ @2/ D4\ A0\ D6/
Trax_1918694 * vs. FrodoBaggins : @0/ A2\ B2\ @1+ B0/ C4/ C1\ B0/ D4+ A4+ D1/ @1\ D0/
Trax_1918695 FrodoBaggins vs. * : @0+ B1+ C1\ C2\ B0\ @2+ C4+ B3/ E2/ E1/ B0/ @3+ E0+ G4+ @4\ A3\
Trax_1920099 purplehawke vs. What The : @0+ B1\ B2\ A0/ C3+ B4/ B5/ A4+ C4+ D3\ @2\ D6\ E6\ F5\ E1/ E7\ F3/
Trax_1920100 What The vs. purplehawke : @0/ A0/ @1+ B0\ A1\ @2/ D1\ C0+ A5/ @4\ B1+
Trax_1921211 Pamper Me vs. STrek : @0+ @1+ A2\ B0+ A1+ B0+ A1+ B0+ A1+ B0/ A1+ @3+ C0+ D3+ A3\ C0\ @5+ A6/ E5\ B2+ @4/ B7/ @5\ E0/ C3\ A9/ C10/
Trax_1921824 Kevin vs. Rogue Trooper : @0/ A0+
Trax_1921825 Rogue Trooper vs. Kevin : @0/
Trax_1924581 Honeybear vs. dboy97 : @0/ @1/ B0+ A3+ C3\ B4/ A0\ @2/ E3/ E2/ C6/ D6+ F2\ F4\ D7+ E7\ F6\ A6\ A4\ A7/ G4+ @7\
Trax_1924589 jaha vs. Aphrodite : @0/ @1/ B2/ B3+ C1/ B4/ A4+ D2+ C4+ @2\ B0\ @4/ A5/ C0+ B1\ A2\ @2\ A1\ D0+ G2/ A7+ G1\
Trax_1924643 CHESSCATJAY vs. Misfit Lenrad6672 : @0/ B1\ A2/ @2/ C2\ C3\ A0/ C5/ B4+ D3\ E2\ D1/ A0/ @2\ @3+ C0\ A2+ F1/ D0\
Trax_1927161 Chad vs. CHESSCATJAY : @0/ A0/ A0/ @2+ B0/ C4+ @3/ A2+ C5\ B5+ @3/ @5\ G1\ A2/ D0+ F1+ D0+ D8+ A8/
Trax_1927162 CHESSCATJAY vs. Chad : @0/ A0/ A0/ A0/ B2+ @1+ D2/ @4/ A5/ C5+ E0/ F3/ G3/ @6/ D7/ A2\ F4+ C1+
Trax_1927163 Chad vs. jaha : @0/ A0/ @1/ C1\ B3/ A0/ @1/ D4+ E2\ F2+ G2/ G1/ G0+ H3\ F4\ B1+ F5\ C6/ I2+ H1/ H0/ I1/ J3\ C8/ B5+ F1+
Trax_1927164 jaha vs. Chad : @0/ @1/ A0/ @1/ B0/ B4\ D3/ E3+ E4\ E5/ A4+ B0/ C3+ B6\ D1/ @5\ D0/
Trax_1927165 Chad vs. Goonerg : @0/ B1/ A2\ A0/ @1/ B0/ C1\ D1\ B0/ B0/ A6/ @5\
Trax_1927166 Goonerg vs. Chad : @0/ @1/ B0/ @1/ D2+ D3\ E2/ C0/ E0+ F2\ F5+ G1+ G3+ A1+ @2+
Trax_1927167 CHESSCATJAY vs. jaha : @0/ A0/ A3/ A4/ B4/ @1+ C1/ C0/ D1/ A0+ E3+ E7+ F5/ G5+ F4+ C8+ H6/ @4\
Trax_1927168 jaha vs. CHESSCATJAY : @0/ @1/ A0/ @1/ B3/ C4/ B0/ C1/ @2+ A3/ A5+ B0+ @1\ B0/ A6\ @3+ A4/ F1/ G5+ D0/
Trax_1927169 CHESSCATJAY vs. Goonerg : @0/ B1/ A2/ @2+ C3/ B3/ D1/ D0/ E1/ E0/ D6+ F2+ G5+ @3/ D0\ A1+ G8+
Trax_1927170 Goonerg vs. CHESSCATJAY : @0/ A0/ A0/ A0/ B2+ @1+ @2+ C0+ A6/ @5+ E6\ D7\ F6/
Trax_1927171 jaha vs. Goonerg : @0/ A2/ B1\ @2+ B0+ @2/ @1/ D4/ D0+ E4+ F4\ A4\ C6\ A5/ @5/ D7\ A2\ A6/ A1/
Trax_1927172 Goonerg vs. jaha : @0/ A0/ A3/ A4/ B1+ C1/ C2+ @1/ D0/ @2/ B4+ F1/ D6+ D7/ B6+ A4/ G1+ E0+
Trax_1927173 dgb vs. Atticus Finch : @0+
Trax_1927174 Atticus Finch vs. dgb :
Trax_1927175 dgb vs. Rogue Trooper : @0/ A0+ A0\ @3/ A4/ @1+ A0\ @5+ B0/ A3+ E3\ D7+ E6\ F4/ F5+ F7/ G5\ H6/ H8+ I8\ I9\ J8+
Trax_1927176 Rogue Trooper vs. dgb : @0/ @1/ B0+ @2+ B0/ B4\ @3/ A2+ E1\ A4/ C5\ D0\ @5/ F0/ G1\
Trax_1927177 dgb vs. drgnrdr : @0/ A0/ B1+ C2/ @2/ A3/ @3/ D4+ F1\ E0\ A6+ C7+ D7+ C8/ G6+ A8/ @5\
Trax_1927178 drgnrdr vs. dgb : @0/ @1/ B2/ C1+ D1\ B3+ A3/ D4\ E4\ A4/ B5/ @3+
Trax_1927179 Atticus Finch vs. Rogue Trooper :
Trax_1927180 Rogue Trooper vs. Atticus Finch : @0+
Trax_1927181 Atticus Finch vs. drgnrdr :
Trax_1927182 drgnrdr vs. Atticus Finch : @0/
Trax_1927183 Rogue Trooper vs. drgnrdr : @0+ @1\ C1\ B2+ A2/ @1\ C3\ B0+ B0/ D2+ @3\ @2/ A1+ D0/ G1/ G0/ C7/ D8\ H3\ G4+ G6+ H5+ B8+ B2\ @4/
Trax_1927184 drgnrdr vs. Rogue Trooper : @0/ A0+ B2/ A0/ B0\ B0\ @1/ C0\ A6+ B7/
Trax_1927199 carinda vs. dgb : @0+ @1+ B2\ C2\ @1\ A0\ E2/ E1/ B3+ B0/ D2+ D1+
Trax_1927270 Misfit Lenrad6672 vs. STrek : @0/ A2\ B1/ B0/ C2\ B3+ D1/ B0/ C4+ B5/ @1\ A0\ F4\ E5+ F5+ G4\
Trax_1927794 shelly (uk) vs. dgb : @0/ @1/ B0+ @2+ C0\ B4\ @1\ A0\ A4+ @1+ @4/ A5/ A6/ @2\ B1+ @4/
Trax_1928202 klaashaas vs. csain1 : @0/ A0/ B1/ A3+ A4/ B4+ B5/ C2+ D4/ C5+ @4\ A2+ @2/ C5/ A5\ C0+ B0/ A1+ @5\ B0+
Trax_1928203 Aphrodite vs. drgnrdr : @0/ A0/ @2+ A0/ A0+ @1+ B0/ @2\ A3+ D2+ C6\ B1+ E3\ B5/ A6\ @6\ G6+ G7\ H7\ H8\ H4/ G3/
Trax_1928242 STrek vs. SarahMills : @0/ @1/ B0/ @2+ A3+ B3+ @2/ B4\ B0/ A2+ E3+ E5\ C6/ F4\
Trax_1928252 jaha vs. Rogue Trooper : @0/ A0+ B2/ A0/ @2\ B0/ @3+ E4/ A1+ A0\ F2+ F1/ A0+ @3+ G1+ H1\
Trax_1928263 the nutter vs. * :
Trax_1928537 * vs. Pamper Me : @0/ A2+ @2+ B3/ C2+ D2\ D3\ B4/ @2+ F3+ F1/ E0/ G2\
Trax_1928539 * vs. Pamper Me : @0/ A2+ @2+ B3/ @2+ B4\ D2+ D3+ E2+ F2/ F1/ D0\ G2+ @3\ A2\
Trax_1929415 jingham vs. dgb : @0/ @1/ A2+ C1+ A3+ B0\ A5+ C4\ B6+ @5\
Trax_1929783 Uncle Chuckie vs. Misfit Lenrad6672 : @0/ A2\ B2\ B3\ @1/ @1\ C0/ C5/ A4/ A5/ @3\
Trax_1929964 jingham vs. dgb : @0+ @1+ @1/ A2/ @2+ @2+ C3+ D0/ C1+ F2+ @3/ A4/ H2\ H3\
Trax_1930193 Megababe vs. frolind : @0+
Trax_1931496 kleese2 vs. basplund : @0/ A0/ @2+ A0/ C2+ B4/ C1/ D1/ A0/ D5\ C6\
Trax_1931525 dgb vs. basplund : @0+ A2\ @2\ A0/ B4/ @3\ B4+ @3\ @3\ B5+ C6/ C7/ @4+ A2+ @2/ @2/ A3/ C0+ A6/ @4/ D7/
Trax_1934708 balmoral vs. SweetCindyJo : @0+ @1/ A0\ @1\ A2+ D2\ B3/ C4+ E2\ D1/ C0\ C0\ B2\ B1+ A1\ C7\ C0\ E3/ F5\ G5/ E1/ E0/ G4\
Trax_1934975 * vs. STrek : @0/ A2\ B1/ B0+ C1+ @2+ @2+ D3+ F1+ E2+ C0/ A1\ A0\ @3+ C5/ D6+ @3\ C0+ G3/ F2+ E2\ D0\ G8/ H8+ I8/ B2\
Trax_1935222 purplehawke vs. Pamper Me : @0+ B1\ B2\ @1/ B3/ D2+ E2/ E0+ F1/ F0/ G2+ F4+ C1/ B1/ C0+ C0+ C8+ D8/ G7/ E9+ G9\ H8/
Trax_1935223 purplehawke vs. Pamper Me : @0+ @1/ A2/ @2+ D1/ @2+ C3/ C0\ E4\ F2\
Trax_1937605 Megababe vs. Pamper Me : @0+ @1/ @1/ D1+ B2+ C0/ @2/ B4\ @4+ D5/ C6\ E4+ C7\ F3+ A8+ @6\ F8\ D9\
Trax_1937606 Megababe vs. Pamper Me : @0+ B1\ C1\ @1+ B0/ B3/ B0/ A2+ E4+ E3+ B0/ E6\ E7+ F5+ B8+ A8/ @7+ G4+ @8\ C9\ @8\ C3+ A6\ B5/
Trax_1937608 Megababe vs. STrek : @0+ B1/ B2/ @1+ D1/ E2+ C0+
Trax_1938073 Morticia vs. Jane : @0/ B1/ A2+ A3+ @2+ C0+ D2+ C0+ E4\ D5+ @4+ D0+ E7\ F7\ F4+ C7\ B7/ E8+
Trax_1939260 Rogue Trooper vs. lapman : @0+ C6/ @4+ A2+ A1\ C0/ @3+
Trax_1941328 paganje vs. game_77 : @0/ B1+ A0\ @1\ A0+ C2+ D3/ A3+ @1\ B4\ A3+ @1\ D0+ A3+ F1/ C1+ G2\
Trax_1943939 Chad vs. dgb : @0/ @1/ @1+ A0+ @2/ A3/ C3+ @2+ B1\ E0/ F2\ B1\ A1\ C0/
Trax_1943940 dgb vs. Chad :
Trax_1943941 Chad vs. dingbat : @0+ A0/ A0+ @2+ @2/ D3\ A3\ @2/ B1+ F2/ E1+ B4\ @4/ A5/ A1\ B5\ B0\
Trax_1943942 dingbat vs. Chad : @0/ @1/ A0+ A3\ A0/ @2/ @2/ B1+ A3+ C5\ A4/ B6/ A6/ C7\ D7\ @4/ B0/ A1+
Trax_1943943 Chad vs. jaha : @0/ A0/ B2/ @2\ B0/ B0+ C3+ B5+ A1+ A0\ @1\ E3\ E5+ @1+ @1\ A0\ E2+ E1/ E0+ F3+ H6/ I4/ H3\ I7\ G9\ J5\
Trax_1943944 jaha vs. Chad : @0/ @1/ A0/ @1/ B0/ @1/ C4/ B4/ C0+ A4/ @1\ B0/ F6\ D7+ F4/ G6\ E2+ A1\ A0\ C9/ B9/ D2\ @2+ @3\ D8\ C9/ I8+
Trax_1943945 dgb vs. dingbat : @0/ A0/ A3/ @2+ B0\ C2/ B0\ B0\ D6+ B7/ D1+ E2/ C0+
Trax_1943946 dingbat vs. dgb : @0/ @1/ A0+ A0\ @3/ B0\ D3\ A5/ @2+ @3\ @2/ A6+ @4\ H6\ E7/
Trax_1943947 dgb vs. jaha : @0/ A0/ B1+ C1/ @1+ C3/ D2+ @1\ B0/ D1/ A0\ @3\ E1/ E0+ F3+
Trax_1943948 jaha vs. dgb : @0/ @1/ A0/ @2+ @2/ C0\ C0\ A5/ C5+ B6+ B7\ E5+ D7+ E6\ F6/ D3/ D0+ E2/ F5\ F3+ G2\ G6+ D9\ H6\ F9+ D0/ E1/ H1+ I5+ G0+
Trax_1943949 dingbat vs. jaha : @0/ A0/ @1/ @1/ C0/ A0/ B1+ B4+ B5/ B6/ B7/ @5+ @5/ A8+ @5/ F6+ G6/ G3+
Trax_1943950 jaha vs. dingbat :
Trax_1945789 drgnrdr vs. jaha : @0/ A0/ A3/ A4/ B2+ @1+ @4\ B5+ A1+ C0+ E3/ E4+ B7/ C6\ D6\ D1+ B8/ @8+ F7+ B1+ A2/ D0/ B5+ @6\ B5+ E10+ H6\ @6+ A5\ A9/ @7\ D10+
Trax_1945877 What did you say vs. * : @0/ A2\ B1/ @2\ C0+ @1+ C0/ @3\ B4+ F3/ A1+ C0+ @1/ C6/ A6+ @4/ D0/ B0+
Trax_1948163 Megababe vs. drgnrdr : @0+ @1\ A0+ B3\ C3\ @2\ B3+ B4/ A5+ E3\ C0\ E6/ B6+ @6/ @6+ D7/ @4+ I3/
Trax_1950541 csain1 vs. Phil The Hat : @0/ @1/ C1/ @1\ A0\ A0\ A0\ E4+ F4\ C5+ E3/ @2+ D3+ E2\ D6/ C7\ D8/ H4\ E6+ H2/ I4+ F1+
Trax_1950542 Phil The Hat vs. csain1 : @0/ A0/ A3+ A0+ A5+ @1+ A0\ C4+ B7+ C7\ D7\ C2/ D4/ E7+ B8+ A8/ A6+ @2/ B9/ A9/ @7/ @6+ G9\ D10+ H8\
Trax_1950547 csain1 vs. dgb : @0/ @1/ @1/ @1/ B2/ @1/ C3/ C0+ B4+ E0/ F2\ A1\ A4/ @2\
Trax_1950548 dgb vs. csain1 : @0/ A2/ B1\ C1\ B0+ @3+ @3\ A1+ F2\ G1/ G0/ H3\ H4\ C5/ D4+ E5+ C1+
Trax_1950549 Phil The Hat vs. RubyJoy : @0/ @1/ C1/ B0+ B0+ A1+ @2+ @2/ B4\ B0/ E6+ F4/ A6/ @4+ C7\
Trax_1950550 RubyJoy vs. Phil The Hat : A7/ B8\ @7/ B5+ A4+ @3/ @3/ C1/ I3+ I4+ J4\ A1\ J1/ B0/
Trax_1950551 Phil The Hat vs. Jane : @0/ A2/ A3+ @2/ C1/ B4/ @2/ C0+ @1+ @2+ C0+
Trax_1950552 Jane vs. Phil The Hat : @0+ @1+ A2+ B0\ B3\ C2+ A4/ A5/ @3\ D5\ D6/
Trax_1950553 Phil The Hat vs. dgb : @0/ @1/ C1/ D1/ C2+ E1/ E0/ E4\ F1+ A4/ A5+ @4\
Trax_1950554 dgb vs. Phil The Hat : @0/ @1/ B0+ C1+ B3/ @2+ C0\ A4/ @1\ D0\ A5/ @5+ C6+
Trax_1950557 RubyJoy vs. dgb : @0/ A0+ @1+ B0/ A4\ C2\ @4/ A5/ A2\ @3+ D5+ B1\ D0/ A3+
Trax_1950558 dgb vs. RubyJoy : @0/ A0/ B1+ A0\ @3+ B4/ B0/ C1/ C0/ D1/ A1\ @4/ B0/
Trax_1950559 Jane vs. dgb : @0/ @1/ A2/ C2+ A3/ D2/ C0+ B5+ C6/ C7/ A7\ D7\ A8+ E3\
Trax_1950560 dgb vs. Jane : @1\ C1\ A0\ A0+ D3\ @2\ E2\ C0\ D5+
Trax_1950561 Knight Rider vs. lonbonn : @0/ A2\ B2\ B3\ @1/ @1/ @2/ @2\ A1\ B3/ B0+
Trax_1950562 lonbonn vs. Knight Rider : @0+ B1+ A2\ B0+ B0\ A1\ @2\ A1\ @1/ B4+ A3/ A4/ B5/ E3+ @4/ B5/ D6\ E5+ E6+ F5/ @1\ B0/ A6/ @4+
Trax_1950563 Knight Rider vs. Morticia : @0/ A2\ @1/ C2/
Trax_1950564 Morticia vs. Knight Rider : @0/ B1/ B2+ C2+ C3\ D1\ C0/ B4/ C5\ E4+ A1\ B0+ @2/
Trax_1950565 Knight Rider vs. Lorraine of the Renegades : @0/ A2\ @2\ C2/
Trax_1950566 Lorraine of the Renegades vs. Knight Rider : @0/ A2\ B2\ @1/ D2/ D1/ E1/ B0/ E4\ F3/ F4+ G4+ G5\ C0\ G3\ H4/ H6/ @3/ B5/ C6+ E6+ H7\ E7+ F8+
Trax_1950567 Knight Rider vs. Mystic River : @0/ @1/ B0/ B3\ C3\ A4/ @3\ A0\ @2/ E3+ D6+ F4/ F6\ E7\
Trax_1950568 Mystic River vs. Knight Rider : @0+ @1+ B2/ B0/ C1/ A1\ A0+ D2+ @2\ D1/ B0\ D5\ C6/ F3+ A5/ @5/ C0/ H4+ A4/
Trax_1950569 lonbonn vs. Morticia : @0+ @1+ B2/ A0\ B1+ C1/ C2\ B0+
Trax_1950570 Morticia vs. lonbonn :
Trax_1950575 Morticia vs. Lorraine of the Renegades : @0/ B1\ B2\ C2+ C3+ A2+ @2/ A3/ C0+ A2+ C0+ C0\ B1\ @3\ C0+ A5/ C0+
Trax_1950576 Lorraine of the Renegades vs. Morticia : @0/ A2\ B2+ C2\ C1/ D2\ D1+ D0/ E3\ E4\ F2/ B5/ A5/ @3\ D1\ F0\ C2+ G1/ C1+ H3+
Trax_1950577 Morticia vs. Mystic River : @0+ @1\ A2/ @1\ A0+ A3/ @1/ @1/ C0+ A1\ @3\ E1/ D0/ D0/ A1\ E1\
Trax_1950578 Mystic River vs. Morticia : @0+ @1+ A0\ C2+ A3/ @3/ @2/ F2+ A3+ A4/ @1\ A0\ A5/ @3\ B6\ A5+
Trax_1950583 spellbound vs. drgnrdr : @0/ @1/ B0\ @2\ B1+ @2\ A1/ C0\
Trax_1950584 drgnrdr vs. spellbound : @0/ B1\ A2/ @2/ C2\ B3/ B0/ C0/ D3+ C5\ D6/ E5\ A1\ E3/ @2\
Trax_1950585 spellbound vs. Chad : @0/ A2/ A3\ B2/ B1/ @1/ C3+ D1/ D4+ B4/ A4/ C0+ A4\ @4\ C6\ D0+ D7+ C8+
Trax_1950586 Chad vs. spellbound : @0/ B1\ B2\ A2+ C2/ A3\ C3\ D2/ D1/ C0/ D4+ E4\ E5\ F4\ B5/ C6/ @4\
Trax_1950589 Rinny vs. drgnrdr : @0+ @1/ @1\ C0\ B3+ D2\ B4/ C4+ C5\ B6/ A6/ @6/ @6+ C5\ B2\ G5/ C1+ G6\ E7+ H5\
Trax_1950590 drgnrdr vs. Rinny :
Trax_1950591 Rinny vs. Chad : @0+ @1+ A2+ @1+ @1\ A0\ @1+ @1+ @1/ A2/ B3/ @2+
Trax_1950592 Chad vs. Rinny : @0/ B1\ A2/ @2+ @1/ D2+ D3/ A3+ C0/ C4+ E2\ C5\ A0+ @3/ F1/ G1/ D0/
Trax_1950595 drgnrdr vs. Chad : @0/ A0/ A3/ A4/ B2+ @1+ @4\ C5/ A6+ @4\ D6+ B1\ E0\ F5/ F2\ @7/ C8/ H7\ G8/ B4+ A4\ @5/ I3/ J7+ F8+
Trax_1950596 Chad vs. drgnrdr : @0/ A0/ B1+ C1/ D1/ C2+ D0/ B0/ A2+ D1/ @2\ D0/ @4+ @4\ @4\ C1+ B2+
Trax_1950597 drgnrdr vs. Lyonsgirl : @0/ B1\ A2/ A3+ A4\ B4\ @3/ C5+ D3+ @5/ A6/ D6+ B1\ A2\ B0/
Trax_1950598 Lyonsgirl vs. drgnrdr : @0+ @1\ B0+ C2/
Trax_1950599 Chad vs. Lyonsgirl : @0/ B1\ B2\ B3+ A3+ A4/ @4/ D3+ A1\ @2+ C0\
Trax_1950600 Lyonsgirl vs. Chad :
Trax_1950645 Weth vs. klaashaas : @0/ B1/ A0\ @2/ C0/ D3/ C4/ B4+ @3/ F4/ B1\ A0/ A0/ C1+ @1\ C0\ G5\ F4/ D8\ B8\ A8\ B9\ B10\ @9+ B11/ A5+
Trax_1950646 klaashaas vs. Weth : @0/ @1/ A2/ @1\ B0/ A1+ A0\ B5/ D4+ C1/ C0/ E4\ D2+ @2\ A1\ A0+ @3+ B6\ A7\ D0/ E1/ B1\ D0+ F2\ @4/ A6/ @5\ B3+ B8\ F0/ G0\ E1/ I4\ J6\ F12/ I7\
Trax_1950651 aussielady vs. klaashaas : @0/ A0/ B1/ C1/ A3+ @2/ @2+ F2+ F4+ D0/ A4+ G3\ F6\ G7/ H5+ I7/ E7+ C0+ E2/
Trax_1950652 klaashaas vs. aussielady : @0/ A0/ @2/ C1+ B0/ @2+ B0\ C0/ D1/ E4/ C0+ A2+ C0\ @6/ C0/ E2+ C0/ G5/ F3\ F2+ C0/ A6+ A1+ H7+
Trax_1950655 McStack vs. klaashaas : @0+ A0\ A3/ @3/ B4/ B5/ A5/ @4/ @4+ A5/ @5/ D6/ A1+ @4\
Trax_1950656 klaashaas vs. McStack : @0+ A0\ @1\ @1+ D2/ D0+ @3\ A4+ F3\ E4/ E5/ G3/ F2+ @3\ @3\ A1+ E0/ I3/
Trax_1950659 klaashaas vs. SarahMills : @0/ @1/ B0/ B0+ @3/ D1/ D3/ C0+ C0/ C0/ A7/ E2+ @6+ G3/ @5/ D2/ C1\ C0\ H5+
Trax_1950660 SarahMills vs. klaashaas :
Trax_1950661 Marko vs. Goonerg : @0/ A0/ B1+ A0\ @2/ D3/ B4+ A4/ A5/ @2/ E5\ C6\
Trax_1950662 Goonerg vs. Marko : @0/ B1\ A2/ A3/ @3+ C2+ A4/ B4+ B0/ @5/ A3+ B6+
Trax_1950663 Marko vs. keops : @0+ B1+ A2+ @1+ C2+ D1+ B0/ B4/ D3\ E3\ C0\ B0/ D2+ F3/ F2/ G2/ F1+
Trax_1950664 keops vs. Marko : @0/ B1\ A2/ @2+ B0/ B4/ D2\ D3\ D0/ D0/ E2\
Trax_1950665 Marko vs. dolly : @0/ A2\ B1/ B0+ C1+ B0+ @4/ B5\ C4\ D4\ A3+
Trax_1950666 dolly vs. Marko : @0+ A2/ @1+ B0/ C1+ D2/ C3+ B4/ B5+ D4+ C6/ A1\
Trax_1950667 Marko vs. Oartkickel of the Wolf Pack : @0+ B1+ A0/ B3\ C3+ D3/ C1+ E2+ D0\ F2\ E0+ C1+ A2+ D6\ F5+ F6+ G4/ G6+ H6\ H3+ D0+ B1+ I2/ G1+ E0+
Trax_1950668 Oartkickel of the Wolf Pack vs. Marko : @0+ A0\ A0\ @2+ C3\ C2+ @2/ A4/ @2/ E4\ D5+ F3+
Trax_1950669 Goonerg vs. keops : @0/ A0/ A0/ A0/ B2+ @1+ @2+ E3+ B0\ A1\ @1+ D0+ A6/ @5/ C7/
Trax_1950670 keops vs. Goonerg : @0/ @1/ C1/ D1/ C0+ A3/ @3/ A4/ @4/ A5/ @5/ D6+ H6+ A7+
Trax_1950671 Goonerg vs. dolly : @0/ B1\ A2/ @2+ B0/ D1/ B0/ @3+ @2/
Trax_1950672 dolly vs. Goonerg : @0+ A0/ B2+ A3/ @3+ B4/ B5\ C3+ D1\ A1+
Trax_1950673 Goonerg vs. Oartkickel of the Wolf Pack : @0/ @1/ A2/ B3+ C1/ D1+ B0+ B0/ @2\ A1\ C0/ @5/ A6/ D7/ E7+ B8+ @5+ @2+ A1\ E0+ H9/ E10/ B9/ B10/ A7/
Trax_1950674 Oartkickel of the Wolf Pack vs. Goonerg : @0+ A0/ @1/ B0/ C3\ A4\ D1/ D0/ @4+ B1\ C0\ A3\
Trax_1950675 keops vs. dolly : @0/ B1\ A2/ @2+ B0/
Trax_1950676 dolly vs. keops : @0+ B1+ B2/ B0/
Trax_1950677 keops vs. Oartkickel of the Wolf Pack : @0/ B1\ A2/ A0/ A0/ C2+ A0/ @5+ D0/ A1\ E1\
Trax_1950678 Oartkickel of the Wolf Pack vs. keops : @0+ B1+ @1/ A2/ B3/ B4/ C2+ C0/ @2\ A1\ E1+ D0\ A1\ C1/
Trax_1950681 supermac vs. bigdan409 OTWP : @0/ B1\ A2/ B0\ @3+ @3+ E2\ @3+ C0\ B1\ F1/ G2\ D0/
Trax_1950682 bigdan409 OTWP vs. supermac : @0/ B1\ B2\ C2\ B3/ A3/ C4\ D4\ D1\ @4\ B5/ E3+ F3/ D0+ F1\ G4/ D0\ G7\ E8\
Trax_1950683 supermac vs. dolcol (LAW-10) : @0/ A2\ B2\ C2\ B3+ C1/ D1/ A4/ @2+ @3\ F0+ @3/ B5+ @4\ A2+
Trax_1950684 dolcol (LAW-10) vs. supermac : @0+ @1+ A2\ B0/ C1+ @2+ C0/ A2+ @3/ A2+ F2/ F0/ G3/ A5/ @4+
Trax_1950685 supermac vs. purplehawke : @0/ A2+ @2+ @2/ A3/ D2/ @3+ @3\ A1+ E0/ F1/ C0+ A2+ @3\ C6/ D6+ A6/ D7+ A7\
Trax_1950686 purplehawke vs. supermac : @0/ A2\ B2\ B3+ B1+ B4+ B5/ C1/ A5\ @5+ A6+ @5\ B7\ E4\ F4\ B4+ A3+ E0+ A2\ D8+
Trax_1950689 bigdan409 OTWP vs. purplehawke : @0/ @1/ A2+ @2+ B0/ D2+ E2\ C4\ E1/ F3/ B0\ A2/ A1+ D2\ E1/ E0/ D6+ @5\ E7\ D0+ H7+
Trax_1950690 purplehawke vs. bigdan409 OTWP : @2\ B1/ G0\ E1+ F7/ D7/ B6\ D0/ A6/
Trax_1950691 dolcol (LAW-10) vs. purplehawke : @0+ B1+ A2\ B0/ @2/ @2/ B1+ D0/ E2+ F2\ G3/ B5+ @5/ B6\ A2\ @3+ B1/
Trax_1950692 purplehawke vs. dolcol (LAW-10) : @0/ B1\ A2/ @2+ A3+ B0/ D2/ @3+ D3\ D4\ D5\ A4+ @3\ A2\ @2+ H2+
Trax_1950760 dgb vs. jaha :
Trax_1950761 jaha vs. dgb : @0/ @1/ @1/ @1/ D2/ E1+ D0+ A0+ @2\ B0/ A2\ B0+ B6/ @6+ F2/ D1+ B0/ @4\ A3+ A1\ A0+ @5+ A2+ A8/ @6+ D9+
Trax_1952671 Honeybear vs. the nutter : @0/
Trax_1955627 SweetCindyJo vs. ScoobyRex02 : @0/ B1\ B2\ C2+ D1\ D0+ A3/ C4/ A4+ @4/ A5/ A3+ @3\ B6+ D7+ E7\ F5\ G3/ E0/ A2+ H4/ F7\
Trax_1957427 Chad vs. Beaupol : @0/ A2\ B2\ B3+ B4/ @4+ @2/ B1+ @1/ E1+ F1\ C5/ C6/ B4\ E6\ F4/ E7/
Trax_1957428 Beaupol vs. Chad : @0+ @1+ A2\ B0/ C1+ D1\ C3+ E3/ C4+ C5/ A4+ E4\ F5/ @4/ B1+ F1/ E0\ G2\ G7\ H7\ A3\ @3\ C1+ F0\ B8+ G9+ A8/ H4\
Trax_1957429 Chad vs. dingbat : @0+ A0/ A3\ B1/ B0/ C3\ A5\ @1+ C0/ @3\ E6\ C0+ F5+
Trax_1957430 dingbat vs. Chad :
Trax_1957431 Chad vs. Buz : @0+ @1+ C1/ @1/ D2\ E1/ A2\ A0/ @3\ D3/ D4/ D1/ D0/ F4\ G3/ B1+ H3\ H4\ F2\ F1+ H2+ I3+ H5+ I5\ J5\ J2/ J1/ G0+ K3\ J5+ K5+
Trax_1957432 Buz vs. Chad : @0+ A2\ B2\ C1\ B3+ @1/ D3\ D4\ E2/ A4/ A5/ @3/
Trax_1957441 Kevin vs. * :
Trax_1957442 * vs. Kevin : @0/
Trax_1957443 Sarah vs. * :
Trax_1957444 * vs. Sarah : @0/ A0/ @2/ @1/ D1/ D0\ C1\ D4/ B4+ C5/ A4\ @3/ @3/ G1\ H3+ A1\ @1\ F0+
Trax_1957715 paganje vs. dgb : @0/ @1/ B0+ @2+ C0+ B4\ C0+ A2\ D1/ @3\
Trax_1958075 balmoral vs. STrek : @0+ @1+ B0\ B3\ B4\ C1/ B0\ @2+ D1/ B0/ D4\ E3/ @1\ A0\ C7/ D8\ A4/ @3\ C5+ B6+ A2+ B8/ A4/ A7/
Trax_1958077 Megababe vs. Shreela : @0+ @1/ @1/ B2\ B3\ D1\ D2\ A4\
Trax_1959453 Geri39 vs. dgb : @0/ B1\ B2+ A0/ A3/ @3/ A0\ B5+
Trax_1960267 drgnrdr vs. Megababe : @0/ A0/ A3/ A0/ B1/ B0/ @2+ C0+ D3+ @6+ F5+ C7/ C8/
Trax_1960816 Jane vs. drgnrdr : @0/ A0/ @1/ A0/ C2+ C4/ A3+ B4/ B1+ @4\ A1/ A5/ @3/ E5\ F3+ D6/
Trax_1961994 Lilac Oyster vs. Misfit Lenrad6672 : @0+ B1\ B0/ C1/ A1+ B0\ @2/ D0/ E2\ C0\ B2/ C6+ B7\ D0/ E1/ C0\ B1\ @5\ A4\ A3\ B1+ @2\ A3+ B0\ A1\ A0\ @3/ @3\ I5\ J4/ J6\
Trax_1962062 purplehawke vs. B Line electric streetcar : @0/ A0/ B1+ C2/ C0\ @2+ A4\ E2\ B1+ F1/ E0\ F5\ G5+ E6\
Trax_1962131 jaha vs. rabbitoid : @0/ A0/ B2/ @2+ B0\ C2/ B4\ D3/ D1\ C0+ E2+ F2/ F0+ @4/ A3+ @3+
Trax_1962234 FujiTape vs. Cinnamon : @0/ B1\ A2/ B2+ C1/ C0+ B1+ C0/ @3\ A2\ C1+ E1+ D0+ F2+ A2/ B1+ D0\ C0\ E2/ E1/ C0\ B1\ D0/ F3+ G5+
Trax_1962681 BrnIdGirl vs. dgb : @0/ A0+ A0\ @1\ A0\ @4+ A5/ @1\ B0/ B7/ A7/ @2\ A7\ E7\ F5/ E8/
Trax_1962686 BrnIdGirl vs. BabyGirl The Rebel Angel : @0/ B1/ B0/ A0\ @1\ A2+ B0\ B0+ A2+ @3/ A4/ B6+ B7+ B1+ B0/ C7+ @6\ @7+ C2/ B8+
Trax_1962695 Acedog vs. BabyGirl The Rebel Angel : @0+ A2/ @2\ A1\ C2\ B3\
Trax_1962727 Chef Jeff 1 vs. BabyGirl The Rebel Angel : @0+ @1/ A0\ @2/ A1+ A0/ @1/ C4\ B0+ D3+ C6+ @3+ C0+ E6+ D8+
Trax_1962904 McStack vs. BabyGirl The Rebel Angel : @0/ B1\ A2/ @2/ @2/ D2+ A3+ B4/ D5+ E2\ F3/ G3+ F1/ F0/ G2\
Trax_1962911 Bluebird MIA vs. BabyGirl The Rebel Angel : @0/ B1\ B2\ C2+ A2/ B3\ B0\ D3+ @2/ F3+ B4+ A3+ A4+ B5\ C5\ @3+ A1\ A0+ A0/ B1/ F3/ H5+
Trax_1962986 Judy vs. BabyGirl The Rebel Angel : @0+ A2\ A0+ B2\ A0+ @2\ C1/ D2/ B0+ D2+ E3/
Trax_1962989 Judy vs. dgb : @0+ @1+ A2\ A0\ @1+ @2\ @2+ A3+ C4/ @3\
Trax_1962991 Judy vs. dgb : @0+ A2/ @1+ B0/ A4\ C3/ @3/ E1/ D0\ E5\ D6/ F3\
Trax_1962995 Judy vs. dgb : @0+ B1/ A2+ C1/ A3+ C2\ @2\ E1\
Trax_1962996 BabyGirl The Rebel Angel vs. Judy : @0/ B1\ A2/ @2+ A3+ @2+ C0/ @3+ B4/ A2\ A0+ @4+ F4\ F5\ G4+ @4+
Trax_1963002 dgb vs. Judy : @0+ @1+ A2+ C1+ @2\ E1\ E2\ E3+ F2/ C4/ B4/ B5/ A5/ @2\ H2\ H3\ I3\ H4\ C6+ C7+ D0+
Trax_1963005 dgb vs. BabyGirl The Rebel Angel : @0/ B1\ A2/ B2+ C2\ B3/ @1\ B0/ A4/ A5+ @4\
Trax_1963079 Lilac Oyster vs. dgb : @0/ A0/ B2+ @2\ B3+ B0\ A1\ A0\ @4\ D1/ E2\
Trax_1963088 * Sassy_Angel * vs. Lilac Oyster : @0/ A2\ B2\ A3+ B1+ A0/ C3+ @4/ A2+ @4+ @3+ D5+ E5\ F5\ E6/ G5\ F7+ H6\ G3+ D7\ E8/ F8+ H3+
Trax_1963129 Chad vs. BabyGirl The Rebel Angel : @0/ A0/ A3/ @3\ A1+ @1/ C0\ D1\ A1\ @1+ C0/
Trax_1963158 purplehawke vs. Lilac Oyster : @0+ B1/ B0/ @2\ D1\ C0+ C0+ D2+ B5+ E3+ E4\ E5\ C0+ F6+ D7+ D2/ B1\ B0\
Trax_1963170 GUINESS14 vs. BabyGirl The Rebel Angel :
Trax_1963219 FujiTape vs. Lilac Oyster : @0/ A2\ B1/ B0/ B3\ C2/ C3+ B4\ C1/ D3\ B5\ E2+ B0+ @5+ G3/ B7+ @6/ A5+ C8+ @6+ A7/ A8/ H1+
Trax_1963237 MizE vs. BabyGirl The Rebel Angel : @0/ B1+ A0\ @2/ A1\ @1/
Trax_1963314 Dragon101 vs. smores4me : @0/ A2+ @1\ B0/ A1\ A0/
Trax_1963413 Barbie vs. BabyGirl The Rebel Angel : @0/ B1\ B2+ A2+ A3/ @3+ D1/ C0\ A2+ @2\ A0+ @2/ B0\ D1\ E2+ A0/ E1/ D0/ F3/
Trax_1963425 SweetCindyJo vs. Lilac Oyster : @0/ B1\ A2/ B2+ C2\ D2/ D1/ B0\ C4/ A4/ B5\ E2/ F3+ C0+
Trax_1963521 Geri39 vs. BabyGirl The Rebel Angel : @0/ B1\ B2+ A2+ B3\ C3\ A3/ C4+ B0/ C1/ D2/ B6/ A5+ A6/ D1/ C6+ D0+ E2+ E1+ E0\
Trax_1963752 PinkyDot vs. BabyGirl The Rebel Angel : @0/ @1/ A2/ C1+ B3\ D1/ B0+ D1+ D0\ B6+ @4/ @4/ B7+ B1\ B0\ E7\ F7\ G5+ G4+ H6/ G2/ G1/ H4/
Trax_1963877 Cookie of the Wolf Pack MIA vs. BabyGirl The Rebel Angel : @0/ B1/ B2\ C1+ D1\ C2\ @1\ B0/ D4\ E4\ E5\ F2+ G4/ D1/ G2/ D0+ H3/ G1/ F0/ H2+ G1+ H6+ I2/ I1/ J1/ G0+ F1\ I0+ K3\ E2\ B10/ A9+ @6\ E11+ A9/ B10/ A7/ @7/ B10+ B11/ B12/ B5+ C4\ C3\ E2\ E1+ D1+ A5/ @6\ D12+ B11/ A11+ B12/ C13+
Trax_1963878 Cookie of the Wolf Pack MIA vs. BabyGirl The Rebel Angel : @0/ A2/ B2\ B3+ A3+ A4/ C1/ A0/ C4\ D3+ E3\ D4\ D1/ C0+
Trax_1964166 Honeybear vs. adrien : @0/ A2+ @1\ A0\ @1+ C4\ D2/ D1/ A0/ E3+
Trax_1964377 jaha vs. BabyGirl The Rebel Angel : @0/ B1/ B0\ A1+ A3\ @2/ @2\ D3+ C4+ E3/ A4/ @4+ C5/
Trax_1964383 Megababe vs. BabyGirl The Rebel Angel : @0+ @1\ C1+ D1/ C2/ C0/ D1/ A1+
Trax_1965768 nisqually vs. spitfire : @0/ A2\ B1/ A0/ B1/ C1+ B3\ D1\ C3\ B4\ C4\ C5+ D5/ E3\ B0/ @3\ A2\ F5\ E7\ D7/ D8\
Trax_1966093 hANDYman the Rebel vs. Dawnas AZ : @0+ @1\ C1\ C2\ C0/ D2+ D1+ E1+ E2+ F2+ D0/ A2\ B1\ D0/ F2+ G3+ D0\ @4/ G1/ F0/ H2\
Trax_1967687 Brendans Grandmom vs. BabyGirl The Rebel Angel : @0/ A0+ A0\ @3/ @2/ B0/ B5/ A4/ @4/ B5/ @1\ B0+ A1\ @4+ C6/ G3+ H2\ @4+ A6/ C7+ A3\ @3\ J4\ K3/ I5\ A2/ @2/ D0/
Trax_1967691 Brendans Grandmom vs. Lilac Oyster : @0/ B1\ A2/ A0/ B3\ A4/ B4+ B5\ A6/ @6/ D5\ C7+ E6\ E5+ A5+ F6+ F7\ A1\ A0\ @6+
Trax_1968098 Whistler Gandalf vs. CHESSCATJAY : @0+ A0\ A3/ @3/ A4/ @2\ @2+ A1\ C0/ A6\ @1\ C0+ F2/ F1/ D0\ G3+ F6+ D8+ A8+
Trax_1970610 heidibb vs. dgb :
Trax_1970619 heidibb vs. BabyGirl The Rebel Angel : @0/ B1+ B0/ A1+ B3\ C2/ @2/ B4/ E3/ B5+ E2/ E1/ D0+ D0\ A1\ @3+ C0\
Trax_1970715 supermac vs. drgnrdr : @0/ @1/ B2+ C2\ B0+ D3\ B4/ @2/ @3\ B5+ @5+ A2+ A0+ D7\ E6+ H6\ F7+ G2/ H4+ F1+ C0+ E9/ A8/ @7\ B10/ C11+
Trax_1971088 arthur vs. BabyGirl The Rebel Angel : @0/ @1+ A2\ C1/ A3\ B0+
Trax_1972581 Aphrodite vs. jaha : @0+ A0/ @1/ B3/ C2\ B4+ D2\ C0+ D6\ E4/ E0/ F2+ @5+ A6/ A7+ E8+ @6/
Trax_1972814 the great snowqueen vs. dgb : @0+ @1+ @1/ A2/ C2\ C3/
Trax_1973363 dgb vs. basplund : @0/ @1/ A2+ A3/ A0+ C3/ A5/ A6/ @6/ @3+ B7+ D7/ @6/ A7/ @7/ D8/ A3\ H3+ C2+
Trax_1973366 dgb vs. basplund : @0+ A0/ @2\ B3/ B4/ B5/ B0\ B0\ C7/ D7+ C8\ E7/ C3/ D3/ @4\ A2+ A8/ @7\ D9/
Trax_1973421 Megababe vs. DragonHeart MIA : @0+ B1\ B2+ B3/ @3/ A4/
Trax_1974384 FMG vs. basplund : @0+ @1+ C1\ C2\ A0/ D2\ C4/ D1/ D3\ E1\
Trax_1974621 Jump This vs. SarahMills : @0/ A0/ A3/ B1/ C3+ A4/ A5+ @4\ B0/ C1/ A1\ A0\ E7\ D8/ @6+ B7/ F4\ G5+ G2/ F1\ @4+
Trax_1974659 drgnrdr vs. Goonerg : @0/ B1/ B2\ C1/ D1/ C0+ B4/ C4+ E2/ C0\ E5\ F5/
Trax_1975943 jaha vs. misci : @0/ A2\ B2\ B1+ B3/ C1/ D1/ D0/ D4\ RESIGN
Trax_1976590 dgb vs. Aphrodite : @6\ C7+
Trax_1976614 Keizer Soze vs. supermac : @0/ B1\ B2\ C2+ D1\ A2+ @2/ B3/ F1\ F3\ RESIGN
Trax_1976615 Phil The Hat vs. jaha : @0/ A0/ A0+ B2\ A0+ @4+ C1+ B0+ B0/ @4\ B2+ D1/ A2/ E1/ C7/ D7+ D8+
Trax_1978300 Chad vs. * : A2+ A3/ B1/ C1/ C3/ B4/ B5/ D3+ D4+ E4\ A5/ E1/ D0/
Trax_1978301 * vs. Chad : @0/ @1/ B0+ A3\ B3+ @2/ A4/ @4/ E1\ A1\ D0/ A1/
Trax_1978809 Tolp vs. basplund : @0/ B1+ A0/ @2\ C3\ C4\ D2/ A4/ RESIGN
Trax_1979471 heidibb vs. basplund : @0+ A0/ A3\ B3\ C2/ D3/ B0\ D5\ E4/ A5/ B6\
Trax_1979730 purplehawke vs. What The : @0+ A0+ B1/ A0+ @2/ C3+ D2/ E1\ C0\ B5/ @4\ B2\ E0+ A3\ @4/ E6\ D7/ H4+ E7+ RESIGN
Trax_1980055 paganje vs. Marko : @0/ A2\ B2\ B3\ @1/ A0\ @1\ B5+ A5/ @3/ A5/ C6\ @3+
Trax_1980844 Pamper Me vs. Misfit Lenrad6672 : @0+ B1\ A0+ B3/ @2\ B3/ @1/ B0\ D2/ E2/ A5/ @5/ A2/ @5\
Trax_1980929 heidibb vs. basplund : @0/ A0/ B1+ C2/ @2/ D3+ A4\ @2/ B0+ B0/ F5\ G5\ E6/ E7\ G3\ @3+ C0/ A7/ @6/ C8/
Trax_1981952 adopt 3 vs. HeatherN : @0+ B1+ A2\ B0/ C2/ C1/ A1+ D1+ A0/ D1\ C4+ D0/ B6\ E2/
Trax_1983393 smores4me vs. Dragon101 : @0/ A2\ B1/ B0+ @2/ C0+ D2\ C0+ C5+ C6\ E5\ F5\ A2\ @2\ E2/
Trax_1983594 misci vs. violet unicorns : @0+ @1+ B0\ A0\ A4\
Trax_1983682 * vs. The Faun : @0/ @1\ A0/
Trax_1983838 HEATHER vs. violet unicorns : @0/ @1+ @1+ C0\ B1+ A1+ @2/ A1+ A3/ A4\ B4\ A5+ C4+ A6+ E2/ A7+ B6+ D3\
Trax_1984190 smores4me vs. Dragon101 : @0+ B1\ A2/ A3/ A0\ @3+
Trax_1984276 HEATHER vs. violet unicorns : @0/ @1\ B0/ A1+ C1\ C2\ A0\ C1/ C0\
Trax_1985515 keops vs. Jump This : @0/ @1/ @1/ B0/ @1+ C0/ C0+ D3+ @1\ A0\ @3/ A4/ C6\ F7+ G4\ D1/ A0/ B6+ @3+ C8/ RESIGN
Trax_1985517 violet unicorns vs. HEATHER : @0+ B1\ @1\ C2+ A2+ @2/ @1\ D3/ C3/ B0\
Trax_1985579 HEATHER vs. violet unicorns : @0/ A2/ A3/ A0+ @2+ @1\ B0/ D2\
Trax_1985643 lapman vs. * : @0+ @1+ C1/ C0/ C0+ D2+ C0+ B5\ E3/ E5/ C6/ C0\ D2/ B2+ A3+ D0\ A8/ @6+
Trax_1988235 smores4me vs. Dragon101 : @0/ A2+ A0\ @1\ A0\ A0+ A4+ @4/ @3/ A4/ @4/ C5+
Trax_1988894 Linda Sue vs. Resigned : @0+ B1+ A2\ A0\ @1\ D2+ E2\ E3\ D4\ @1+ B0/ A4/ @4/ D5/
Trax_1989738 dgb vs. Sartex : @0/ A0+ A0\ @1\ A0\ @4+ A5/ D1+ C0/ @5/ A3+ @5/ B1\ RESIGN
Trax_1989775 paganje vs. golfnutrof : @0/ A0+ A0\ @3/ A4/ @4/ D2/ E2/ A5/ @2+ E3+ C0/ @3+ A6/ B7\ @4+
Trax_1990373 Linda Sue vs. purplehawke : @0+ B1+ B0\ A3/ A4/ @2+ A1+ C3\ C4\ B5/ C5+ D2/ C0/ B1+ C0/ @3/
Trax_1992351 misci vs. Marko : @0+ @1+ A0/ A3/ @3+ B0\ A1\ @1\ @2/ A0+ F3\ E2+ A0\ @1\ A0\ @4+ B6+ C7\ @1+ C7/ C8/ A5+ A0\ @1+ C0/ D2+ A7\ @3+ A7\ @4\ C1\ D0/ C10\ B10+ @7/ A8/ @5+ B4\ B3\ A3\ D1+
Trax_1993853 toadisgimpy vs. Pamper Me : @0+ B1\ C1/ A0/ A0/ @2/ D2/ D1+ B0/ @3+ @3/ B4+ G2\ B5+ B6/ A6/ @4\ A5+ E5+ B7+ H5\ B8+
Trax_1993854 toadisgimpy vs. Pamper Me : @0+ B1\ B2/ @1+ B2+ A2/ @2\ B3/ A1\ C0\ @2/ C5\ A3/ C0+ D6+ C0+ @5+ @4/ G7\ H5/ B3/ C6+ A2\ B1/
Trax_1993855 toadisgimpy vs. Pamper Me : @0+ B1\ B2\ @1+ A0/ D3+ C1+ E3+ A3+ D4/ C0+ F4+ C0+ @6\ C7/ B7+ B8/ A4+ @6/ A5+
Trax_1995088 drgnrdr vs. What did you say : @0/ B1\ A2/ B2+ A3\ @2/ @1/ C4\ D4\ E1\ F2/ E5/ E6/ D7+ G2/ A2/ E0+
Trax_1995940 SarahMills vs. Rogue Trooper : @0/ A0+ A0\ @1\ C1\ A0+ @1\ A0\ C1+ B0+ B0/ C0\ A2+ @3/ B6+ @6+ E9/ A2\ @5+ B1/
Trax_1995984 the nutter vs. SweetCindyJo :
Trax_1996795 jazzbeth vs. Dragon101 : @0/ B1\ B2\ A2+ C2/ C1+ B0\ A0\ @2/ C1+ A3/ A1+ E3\ @2+
Trax_1997260 paganje vs. aubug : @0/ A2+ A0\ @2/ B4/ B5/ C4+ B0\ D5+ @5+ @5+ E4+ C7/ E7/ G5+ @5\ A4\
Trax_1997263 klaashaas vs. supermac : @0/ B1\ B2\ C2\ B3\ A3/ B4\ @3/ D0/ E1\
Trax_1999126 keops vs. Rogue Trooper : @0/ A0+ A0\ @1\ A0\ @4+ @3+ C0\ @1+ A0\ @4/ A5/ A1\ @4+ C0+
Trax_1999127 Rogue Trooper vs. keops : @0+ B1+ A0/ A3/ @3+ @2/ D0\ C0/ @5\ @4/ G3\ E0/ E7/ F6+ H3+ H0+ D5+
Trax_1999305 keops vs. Rogue Trooper : @0/ A0+ @1/ B0/ C1/ A3+ B4/ C3+ D3\ @3\ @2/ @3\ B4+ D5\ D1+ C0/ @1+ A0\ A6/ B7/
Trax_1999306 Rogue Trooper vs. keops : @0/ A0/ @1+ @1\ C0/ D1/ A0+ B0+ C0\ E1+ B0/ E7+ F5/
Trax_2002656 supermac vs. FULL moon CRAZY : @0/ B1\ A2/ B2+ B3+ C2/ B0+ @3/ A5+
Trax_2005901 HeartOnFire vs. crow57 : @0/ A2\ B2\ B3+ B4+ C2\ D2+ D1+ E1/ D0+ B1+ @2\ C0\ A1+ A0\ @3+ D8/ C7+ @3/ C6+ F2/ F1/
Trax_2005934 Whistler Gandalf vs. golfnutrof : @0+ A0\ A3/ @1\ @1+ C0+ @4/ C5\ A2\ @2\ B5+ D6\ F6+ A6\ D7\ F8\ G7/ G5+ H7\ G8+ D8+ F9\ H5/ I7/
Trax_2006055 frolind vs. Megababe :
Trax_2008155 dboy97 vs. STrek : @0/ A0+ A0\ @1\ C3/ @3/ B4\ @1+ F4+ F5\ @1/ B0+ D1+ F2+ A5/ D6/ C6+
Trax_2010278 SarahMills vs. paganje : @0/ B1\ A2/ B2+ C2\ A3/ B4+ @2+ @2/ D5/ D6/ E5+ F2\ C0/ A1\ @2\ B0/
Trax_2010285 Dawnas AZ vs. * : @0/ B1+ A0/ C2+ B3\ D2\ B4/ D4/ E2+ C1+ C0/ D1/ D0/ A1\ E1+ @3\
Trax_2012281 SweetCindyJo vs. CHESSCATJAY : @0/ @1/ A2/ C2+ C0\ B4+
Trax_2015456 Rogue Trooper vs. rabbitoid : @0+ A0/ B1\ A3+ A4\ B4\ @1/ B5/ A3/ @4\ E2+ F3+ C6+ E1/ E0/ C1+ F1+ F0\ C1\ E0/ G1/ G0/ E1+ A6\ @7/ H5+ I1+ A5+ @6\ D9+ J7+ K3+ A3\ A2/
Trax_2015483 paganje vs. Shreela : @0/ A0/ B1+ @1\ B0+ B0\ A1\ D3\ C1/ C0/ D3+ B1\ C0/ @3/ A4/ F4/ G3/ G1/ G0/ F7+ G6\ H4/ D1\ C1\ F1\ G0/ H2+ E1\ F0\ C2/ B4/ I4+ J5/ G9\ D10+ C1\ B1\ A3/ H8/ E1+ D0/ A9/ @6+ @7\ I1/ I0+ J3/
Trax_2016359 Buz vs. gladriel : @0+ B1/ A2+ @1\ C0/ D1/ D0/ E1/ E0/ D0/ C0\ E2/ E0/ B2\ F1\
Trax_2017409 smores4me vs. Dragon101 : @0/ A2+ A3/ @3/ @3/ D1/ A4\ B4+ D3+ E3\ F2/ F1+ F0+ G2/
Trax_2017746 Oartkickel of the Wolf Pack vs. Linda Sue : @0+ A0/ A3\ B1/ B0/ C2/ C1+ D2\ @1\ A0\ E5\ D6/ E2+
Trax_2017748 Linda Sue vs. Oartkickel of the Wolf Pack : @0+ B1+ B0\ B3\ C3\ A3/ B4\ D2+ D4\ E3/ C5/ C6/
Trax_2017943 SweetCindyJo vs. muffin man : @0/
Trax_2021947 RubyJoy vs. Goonerg : @0/ @1/ A2/ A3/ B0/ @1+ C0/ D1/ D0/ @6+ A2+ E0+ F1/ A0\ @3/ E0+ G7+ H5+ H8+ G2+ I5/ G1/ E0\ H3+
Trax_2022027 Blue Warrior vs. Honeybear : @0/ B1\ B2\ C2/ A0\ @2/ B3+ @3/ A4/ B1\ A1\ @1\ B0/ A0\ @1\ D2/ E2+ B0+ A5+ @4/ H5/ H4/ F2+ A7/ @5/
Trax_2022141 What The vs. Misfit Lenrad6672 : @0+ B1\ A0/ B0/ C1\
Trax_2024253 Chipr vs. Chef Jeff 1 : @0+ @1+ B2+ C1+ B3+ @1+ @1\ A0\ @1/ G2+ H2/ H1/ I1/ I0+ J1\ F4\ D4+ C4/ C5/ I0/ K2\ A4/ G1\ F2/ I0\
Trax_2024512 Dragon101 vs. FMG : @0/
Trax_2026877 Dania59 vs. Megababe : @0/ A0/ B1+ A3/ C1+ @1/ E1+ C0\ A4/ D1+ F2+ C0/ G3+ @4+ B1+
Trax_2026941 BabyGirl The Rebel Angel vs. aubug : @0+ B1+ B2/ B0/ C1/ C3+ D2+ E1\ @2/ C4/
Trax_2028923 Dragon101 vs. jazzbeth : @0+ A0+ @1\ A0\ B4/ A4\ @2/ D2/ A3/ @2+ C0\
Trax_2030940 Lone Outlaw vs. Megababe : @0/ B1+ C1/ A2/ C0\ D2/ C3+ C4+ A1\ @1\ C5+ A3/ @1\ E5+ D0/ D0/ A5+ @2/ A5+ F8\ @5+ E0+ I2\ C7+ J2/ E9+
Trax_2031156 Lone Outlaw vs. dgb : @0/ @1+ @1\ A0\ B3/ B4/ B0\ C5\ RESIGN
Trax_2033332 carinda vs. dgb : @0/ @1/ A2\ C1\ C2\ D2\ D3\ A0\ @1\ E1/ C5/ F1\
Trax_2034010 Chad vs. Rogue Trooper : @0/ A0+ @1\ A0/ C2\ @3+ @2/ B1+ @1/ D4+ C5\ B4+ A0\ @1\ C0/ D1+ B7+ C0/ B6+
Trax_2034136 STrek vs. SweetCindyJo : @0/ B1\ B2\ C2+ @1\ A0\ C1+ D4/ C0/ A4/ @3+ C1\ D0/ F3\ F4\ @4/ A5/ C2+ B2+ B1\ A1\ @3\ D1+ A4/ @4+ B1/ H0+ @5\ B3/ A6+ A3\ A2\ A1\ F1\ D1/ C0\ K3+ J1/ C8+ J8+ D9+
Trax_2034497 Megababe vs. dgb : @0+ B1+ C1+ @1+ A0+ @2+ E1+ B3\ C1/ F2+ C0/ @3+ D0/ H4+
Trax_2034954 Geri39 vs. dgb : @0/ @1/ A0/ @2+ C1/ A3/ A0+ C4\ D3/ B5/
Trax_2035698 spitfire vs. Lilac Oyster : @0+ @1/ A0\ @2/ A3+ D3/ D4\ E4\ C1+ C0/ E3/ F4+
Trax_2036944 Guyver vs. dgb : @0/ @1/ B2/ C1+ A2+ D1+ A3\ C0/ D4\ D5\ C5+ A1\ @1\ C0/
Trax_2041731 Marko vs. game_77 : @0/ B1\ B2\ A2+ B3+ C3/
Trax_2041836 Phil The Hat vs. Keizer Soze : @0/ @1/ @1/ @1/ C0+ C3\ E1\ C0+ E4\ move F4/
Trax_2044302 jaha vs. Sartex : @0/ @1+ B2/ C1/ C0/ D1/ A0+ @1\ E0+ @3/ A4/ B1\ E0/ @5/ B6/ @2\
Trax_2045728 fallingstar vs. dgb : @0/ @1/ @1/ @1/ @1/ C0+ F2/ B3+
Trax_2046310 Lilac Oyster vs. spitfire : @0/ A2\ B1/ C1/ C0\ C0/ D1/ C4\ D4\ D0\ D3\ E2/ E4\
Trax_2046769 SarahMills vs. drgnrdr : @0/ A0/ @2/ A3\ C2/ A0/ @3\ @3\ B4+ @4\ F4\ G4\ B2\ E5+ B5+ D6\ F6+ H4/ H3/ H5+ I4+ J5/ I6+ I7\ F2/ @5\ B6+ B3+ A3\ F7+ I8+ B1+ G1/ F8+
Trax_2046813 FMG vs. BabyGirl The Rebel Angel : @0/ A2+ @1\ B0+ A1+ B0/ A1+ C1/ D1/ C0/ D1+ C0/ @4/ C0+ F3/ C0\ A3/ A4+ @3\ G2+ A2\ E1/
Trax_2048701 the nutter vs. dgb : @0+ B1+ B0/ B3/ B4/ C2\ @2\ E4\ E5\ E1/ E0+ F3\
Trax_2048910 Syl2 vs. dgb : @0+ B1+ A2\ A0\ B1+ @2+ D2+ C4\ D3+ E3\ E4\ F4\ E5/ E6/ B4+ D5+
Trax_2049416 B Line electric streetcar vs. Dragon101 : @0/ A2\ B1/ B0+ B3+ @1\ A0\ B1+ @2+ @3\ A4+ D5\ F2+ F4/ F1/ C0\ G3+ H3/ H1+
Trax_2049951 Misfit Lenrad6672 vs. twodawgs : @0/ A2\ B1/ B2+ B3\ C1/ C0/ D2/ E2/ E1/ E0/ F3+ E0+ G4\ E0+ D8+
Trax_2049952 Misfit Lenrad6672 vs. spitfire : @0/ B1\ B2\ B3\ @1\ A0\ D2/ D1/ B1+ D0\ B1\ B0\ A1\ A0\ @3+
Trax_2049954 Misfit Lenrad6672 vs. Kiki : @0/ B1\ A2/ @2/ D1/ D0/ B4\ C4\ C5\ C1\ D4+
Trax_2049955 Misfit Lenrad6672 vs. Karen Q : @0/ B1\ A2/ B2+ C2\ B3/ B4/ A3/ @3/ A4/ @4/ B5/ B6/ A6/ @6/ A7/ @7/ A8\ B8\ B9\ F0/ G1/ H1/ H0/ I3\ J2\ E1\ E0\ F1+ I1/ H0\ J2/ K2/ D3\ D2\ C2\ E1+
Trax_2050112 Misfit Lenrad6672 vs. MountainMist : @0/ B1+ A0\ @1\ C3\ D2/ E2/ E1/ B0\ C5\ F2/ C1+ D0+ B1\ A1\ C0/ G7\ G8\ A5+ @3\ I4/ I3/ H1/ C0+ A2\ @5/ G1+ E0+ F1+ F0/ @6\ B5+ L5/ L4/ @7/ A8/ F2+ B5\ C3\ D2\ N4/ N3/ L2/ L12\ M12\ B3+ B2\ A3\ D1\
Trax_2050338 STrek vs. Misfit Lenrad6672 : @0+ @1/ A0/ C2\ A3/ @3/ D4+ E4\ B5+ @4/ A5+ @5/ A6/ @6/ C7\ B4\ B3\ G5\ C8+
Trax_2050369 Blue Warrior vs. spitfire : @0/ A2\ B1/ B0\ A1+ B3+ B4\ @3\ D3+
Trax_2051009 Dragon101 vs. Lone Outlaw : @0/ B1+ @1\ B0+ C1/ D2\ C3\ C4\ D4\ E2/ D5+ D0/ E1/ E0+ B2\ A2\ F2/ G1\ E0\ H2\ F5+ C9\ A7+
Trax_2051663 Rude Misfit vs. spitfire : @0/ B1\ B2\ B3\ B4\ C4/ B5/ A5/ B6/ A4\ @5/ B2+ D2/ E3/ D1+ D0/ A5\ @5\ D0/ F7\ G7\ H7\ C1\ F2\ B3\
Trax_2051764 Dbledee of the Misfits vs. spitfire : @0/ B1\ A2/ @2+ D1/ D0/ C3\ C4\ E3\ E0/ F2\ E5\ E6\ B5/ B6/ A2\ @2\ C1/ H2/ H1/ E6/ E1\
Trax_2051764 Dbledee vs. spitfire : @0/ B1\ A2/ @2+ D1/ D0/ C3\ C4\ E3\ E0/ F2\ E5\ E6\ B5/ B6/ A2\ @2\ C1/ H2/ H1/ E6/ E1\
Trax_2052063 jaha vs. dboy97 : @0/ @1/ A0/ A3+ @2\ C4/ A4\ @3/ @4\ D5\ F5+ E6/ F7\ G5\ A7/ @5+ F8/
Trax_2054305 Jump This vs. Sartex : @0/ A0/ @1/ C2\ B3/ B0+ D3+ E3/ @1/ E4+ A0\ @1\ B3/ A3+ @3\ B0+ A1\ @3/ G3+ D5/ F1+ E0/ I3/ J3/ H2\
Trax_2054340 * vs. rabbitoid : @0/ A0+ @2/ A0/ @1+ @2+ E3/ E4+ @2/ A4+ E5+ G2\ H2\ H1+
Trax_2054432 purplehawke vs. Dawnas AZ : @0/ A2\ B2\ B3+ @2+ C4+ C5\ D5\ B4+ D6+ D7/ B7+ C1+ A7+ D1\ D2\ E3/ B8/ @5+ A2+ A1/ B0+ B0/ C2/ C1/ @7+ G7+ H5+ A6+ A8/ H4+ @8+ @8\ A6+ B3\ A3\
Trax_2055403 Lone Outlaw vs. Dragon101 : @0/ A2\ B2\ B1+ B0/ C1/ C0+ B5\ D4\ E3/ A1\ @1\ C0\
Trax_2055636 sabath vs. dgb : @0/ @1/ B0\ @2\ B1\
Trax_2056587 jazzbeth vs. Dragon101 : @0/ B1\ B2\ A2+ @2/ B3/ D2/ B4\ A3+ D1+ @3\ E0\ B2\ B1\ A2+ C1+ D0\ F3/ C0\ F2/ E1/ G2\
Trax_2056659 LadyBabyJane vs. Brendans Grandmom : @0+ @1+ C1\ @1/ D2\ E2\ E3\ F3\ B3/ B4/ C0+ B1+ D5+ B6\
Trax_2056977 LadyBabyJane vs. violet unicorns : @0/ A0+ A0+ A0/ @4\ A3+ C1\ A2+ @2\ @2/ C1+ B3+ E2\ A3+ F2/ B4/
Trax_2056978 LadyBabyJane vs. violet unicorns : @0/ A0+ @2\ A1+ B0/ A1\ B0+ C2\ B0/ D3/ D2/ C4\ A1+ @3\ C0\ B1\ @5/ B6+ @4\ B3\
Trax_2057083 LadyBabyJane vs. dgb : @0+ @1+ @1+ @1+ B2/ B0/ @3\ A4+ A5/ @3\ B6/ @4/ H2\ H3\
Trax_2063728 Dania59 vs. Whistler Gandalf : @0/ B1\ B2\ C2+ B0+ D1+ B0+ C1+ A1\ @1\ D5+ A0+ @2/ A4/ A5/ A1+ @3/ A5+ @2\ @2+ A1\ A0\ F1+ F0/ H2/ J3+ H1+
Trax_2063805 Marko vs. Megababe : @0/ A0/ B2+ C2\ A3/ D2\ C1+ @2+ D4+ B0/ F5\ F6\ F2/ G4+ F1\
Trax_2063815 golfnutrof vs. keops : @0/ A0/ @2/ @1+ C0/ C0+ D1/ D2+ C0\ @2+ @2/ @2/ B1+ E0/ C6+ B6+ D0+
Trax_2063868 Phil The Hat vs. sabath : @0/ A0\ @2\
Trax_2065279 Geri39 vs. dgb : @0/ @1/ A0/ @2+ A0+ B4\ A4+ @4/ B5\ B6\ C6\ D6+ E3/ D7/
Trax_2065687 Dragon101 vs. Orange Blossom : @0/ A2+ @2\ C1\ C2\ B3/ B4+ @2\ C0+ C0/ D1/ E1/ B1+ E0/ C8+
Trax_2066144 jaha vs. drgnrdr : @0/ @1/ A0/ A0/ B4/ A4+ C3\ B5/ C4+ B6/ @4\ A5+ B7+ D7\ E5+ C2+ B8/ E4/ @1\ A0\ A7+ A6+
Trax_2067402 jazzbeth vs. Dragon101 : @0/ A2\ B2\ B1+ C1/ C0/ C0/ D1/ B5/ C5+ A1\ @1\ C0\
Trax_2068156 Orange Blossom vs. Dragon101 : @0/ A2\ B1/ B0+ C1\ B3+ @2/ C4\ C0+ A5/ A1\ B6\
Trax_2068513 STrek vs. B Line electric streetcar : @0/ @1/ B0/ @2/ @1+ D0+ A0+ B5/ E2+ @4+ G2+ E6+ F3+ A6/ C7+ @5/
Trax_2068624 klaashaas vs. The Faun : @0/ A2+ B1/ @2/ B3\ B0/ A1/ D2+ D1/ E2/ D5/ C0+ C0\ E2/ E1/ D0/ F3+ E1/ E0/ B3\ B9+ E7\ F7\ G6\ @6\ @6\ C3/
Trax_2068645 MikeyB vs. * : @0/ A2\ B1/ B2+ C2+ A3\ A0\ @2+ A1+ @1\ D0/ E1/ B1\ F2+
Trax_2068653 SweetCindyJo vs. Dragon101 : @0/ B1\ A2/ @2+ @2\ B0+ D3\ C4/ @2+ C0\ @3+ F5+ F6\ F7\ E8\ G6+
Trax_2070470 MNFrog vs. dgb : @0+ B1+ C1\ C2\ D1/ C0\ C4+ B0\ A1\ A0\ @1\ D1/ E2+ F3/
Trax_2070767 Sista vs. Lady Ehlana : @0+ B1/ @1+ C0\ A1/ A3/ @2/ C3\ @2\ D4/
Trax_2071023 Phil The Hat vs. SarahMills : @0/ B1\ B2+ C2/ A0/ @2\ @2\ B3/ D4\ D5\ B4+ C5/ E6/ B1\ B0\ @3\ F1/ G2\ D0+
Trax_2072064 jazzbeth vs. Dragon101 : @0/ A2\ B1/ B2+ B3\ C3\ B0\ A1+ D2\ C1+ B0\ D5\ @3+ F4+ F1/ G4/ E0\
Trax_2072109 Fighting Spirit vs. dgb : @0+ B1+ A2/ A0/ @3/ @3+ B4\ A1\ @2/ C0/
Trax_2073371 DINGEROO vs. SweetCindyJo : @0/ B1\ A2/ @2+ B3\ C3\ D3+ C4/ C0/ D2+ D1+ E2\ E3\ A1\ @2+ C0/
Trax_2073386 the great snowqueen vs. dgb : @0+ @1+ A2\ A0\ @1/ B0/ B0\ C3/
Trax_2073741 Buz vs. supermac : @0+ @1+ B2/ B0/ C3/ B4/ @2\ E1/ D0\ E5\ A5/ F3\
Trax_2074400 dgb vs. basplund : @0/ @1+ @1\ A0\ @2\ A3\ B0+ A1\ D0/ RESIGN
Trax_2075511 Orange Blossom vs. Dragon101 : @0/ B1\ B2\ A2+ B3/ C2\ C4\ D4\ A3+ @2\ B4/ B5/ C5+ E1/ A5/ E0\
Trax_2075710 rabbitoid vs. drgnrdr : @0/ A0/ B2/ A3\ @2\ B4\ A3+ C3+ D4/ D5/ E3+ A1\ B0+ @3+ @4\ B1\ C0/
Trax_2075734 carinda vs. basplund : @0/ A0/ B1\ A3\ B3\ B4\ C2/ @4/ A5/ A1\ @2\ C0\
Trax_2076801 marlisam vs. basplund : @0/ @1/ A2/ C2/ C1+ C0/ B4\ A1\ B0\ @2/
Trax_2076923 davidmilne vs. basplund : @0/ @1/ A0/ A0/ @2+ B0/ C1/ @4\ @3/ E0/ F4+ B1+ B0\ A1\ D0+ F2+ A8/ @8+ H4+
Trax_2076996 twobanana vs. dgb : @0/ @1/ A2/ C2+ A3/ D2/ A0+ @4+ @3+ F1/ B5/ G2/
Trax_2077984 Chipr vs. dgb : @0+ @1+ A2+ @1+ @1\ A0\ C1+ C0+ D1/ D0/ E2/ A1\ RESIGN
Trax_2081314 Kran vs. SweetCindyJo : @0/ B1\ A2/ @2+ A3\ C2\ D1/ D0/ @4\ B1\ @4/ B2\
Trax_2083090 Linda Sue vs. Misfit Lenrad6672 : @0/ A2\ B1/ B2+
Trax_2083433 the great snowqueen vs. dgb : @0+ A0/ B1\ A3/ B2+ @2+ A1\ B0\
Trax_2083501 Megababe vs. DINGEROO : @0+ @1/ B2/ C2/ A0/ B0/ C1/ D1/ @2/ C5/ B5/ E5\ A4+
Trax_2083529 supermac vs. csain1 : @0/ A0/ @2/ B0+ C3+ C4\ D4\ D5\ D6+ E4+ D2+ D1/ @4+ A3\ G1+ H1\ G0+ C8+ @8+ D9/ B2+ E1/ D0\ C2+ I6+ J4/ A4+ @9\ A6+ @8/ @8/ @7+ E2+ G11+ E1\ D10+ E12+ A10/ A11/ @8/
Trax_2083598 Marko vs. Dragon101 : @0/ B1\ A2/ @2+ C0/ D2\ B1+ B0\ D2+ B0\ @4/ E1/ C0+ F4+
Trax_2084144 acelockard vs. violet unicorns : @0/ A0/ B1\ B2+ @2/ C3+ B4/ D3+ C4+ C5\ D5\ D2/ A4+ E3/ D6/ C6/ F3/ E2+
Trax_2085857 Firecracker July 4th vs. Dragon101 : @0/ A2\ B2\ B1+ B0/ C3\ A4/ @3+ A4+ @4+ B2\ B1\ @4\ D0+
Trax_2087254 Sista vs. Lady Ehlana : @0+ @1+ A2\ B0/ A1+ B0\ A1\ A5/ @5/ D4\ C0+ C6\
Trax_2087969 jazzbeth vs. DINGEROO : @0/ B1\ A2/ @1+ @1\ A0\ @2\ D0/ E2+ F2/ F1/ C5/ B4/
Trax_2088025 BabyGirl The Rebel Angel vs. Buz : @0+ @1+ C1/ C0/ B3\ @2+ D0/ E1/ B2\ A4/ D5/ @2\ C1\ B0/ G2+ E1+ D0/ H3+ D8+ A5+
Trax_2088203 the nutter vs. davidmilne : @0/ A0/ @2+ @2\ B0/ B0+ C2+ D4\ D5+ B0+ D3+ E5\ C2/ B6/ C7/ @5+ E7\ E8\ G4+ H3\ C7/ G2+
Trax_2088227 supermac vs. dgb : @0/ @1/ B0/ @2+ C3+ D2\ E2\ E3\ C4/ C5/ F1/ D0\ E0+ F2/ G4+ G1/ H3\ E0/
Trax_2088228 dgb vs. supermac : @0/ B1\ A2/ @2/ B0+ C3+ B4\ B5\ C5\ D3/ @4\ B6+ @6+ @5+ D7/ D0/ B2+
Trax_2088229 supermac vs. keops : @0/ A0/ B1/ C2+ A3/ @3/ A4/ @4/ D5+ @2+ D0/ @1\ E0/ A6/ @5/ C7/
Trax_2088230 keops vs. supermac : @0/ B1\ A2/ @2/ B3\ C3\ D2+ B4+ @2/ @3\ B0+ D0/ E1/ F1/ F0/ G4+ B1\ D0+ @5+
Trax_2088231 supermac vs. ScoobyRex02 : @0/ B1\ A2/ A0/ C2+ C3+ D2+ C4+ B4+ D4\ E4+ D5/ @2+ B0/ C6/ A5+ @1+ D0\ A0+ D1+ F3+ D0/ G1+ D0/ G0+ G0\ H2+
Trax_2088232 ScoobyRex02 vs. supermac : @0/ A2\ B2\ B3\ @1\ A0\ C2/ D3+ A3+ C1/ B0/ D3+
Trax_2088233 supermac vs. Buz : @0/ A2+ @2\ @2/ C3/ B0\ A1\ @1\ @1+ C0+ A5/ A1\ @5\
Trax_2088234 Buz vs. supermac : @0+ @1/ B0+ C2\ C3\ D3\ B4/ @2/ F4\ F5\ F3+ A4/ B5/ @3/
Trax_2088235 dgb vs. keops : @0+ A2+ A3+ @2/ C1\ D1\ @2\ B1+ D0+ B1/ D0+ E5\ F5\ F3+ D6/ F1/ G2\ E7+ G5\ H5\ E0+
Trax_2088236 keops vs. dgb : @0/ @1/ C1/ B2+ D1/ A0+ D4\ E4\ B4/ B5/ @3+ E0/ F1/ F0/ C0/ F5+ RESIGN
Trax_2088237 dgb vs. ScoobyRex02 : @0+ B1\ @1\ C2\ C3+ A2+ C4+ @2+ C0+ D1+ E2/ F2/ F1/ F0/ G1/ G0/ G0+ H1/ C3+
Trax_2088238 ScoobyRex02 vs. dgb : @0+ B1+ B2/ B0/ C1+ D1\ C3+ E3+ E4+ F2\ E1+ C0/ E6\ G3+ F1+ H3+
Trax_2088239 dgb vs. Buz : @0/ @1+ @1\ A0\ @1\ A0\ @1\ A0\ @1\ A0\ @4+ B6/ D0+ H3+ G0+
Trax_2088240 Buz vs. dgb : @0+ @1+ B2/ A0\ C3/ D2\ C1+ @1/ B0/ F2+ F1+ G2\ F4+ B0/ A2+ F1\ D2\ D1\
Trax_2088241 keops vs. ScoobyRex02 : @0/ B1\ A2/ @2+ B0+ @3+ A1\ A0\ @3+ @1\ B0/ E6/ D1/ C0\ F2/ G2+ E1/
Trax_2088242 ScoobyRex02 vs. keops : @0/ A0/ B1+ B0+ A4+ C4\ C5\ A5+ @4+ A2\ A1\ @3+ A0\ @3/ @2+ B1\ B0\ A1\ @3/ @3/ F1/ D0+ B1+ I4\ J5/ @4/ A6+ D7/ F8\ H3+
Trax_2088243 keops vs. Buz : @0/ A2+ B1/ B0+ @2/ D1/ E1/ C0+ A1\ @1\ B0+ A5/ A6/ @2/ B3+ A3/ G1/ D0+ H2\
Trax_2088244 Buz vs. keops : @0+ @1+ B2/ B0/ C3/ A1\ B0/ D3\ A1\ A0\ D1\ E2/ E1/ D0\ F5\ F6\ C7+ G5+ B8/ @3+
Trax_2088247 Chad vs. Morticia : @0/ A0/ @1/ B3\ C2/ B0+ A4/ A5/ @2/ D1/ D0/ C0/ E3+
Trax_2088248 Morticia vs. Chad : @0/ @1/ B2/ C2/ B3+ D2/ A3/ @1\ B0/ B5/ D5+ E2\ A5/ @5+ B6+ B7/ A6/ @6/ B7/ A3\ @5/ B2/
Trax_2088249 Chad vs. FULL moon CRAZY : @0/
Trax_2088250 FULL moon CRAZY vs. Chad : @0/ @1/ B0+ A3\ B0+ @2/ C0+ A2\ C5\ A5/ C6+ D1\
Trax_2088251 Chad vs. McStack : @0+ A0/ B2+ A3/ C2\ D2\ A0/ D4+ B5\ C1\ A0/ @3/ F3/ F2/ F0+ @2+ B1\ B0\ A1\ @1\ A0\ @3/ J5/ J2\ C7+ A0/ @1+ F0/
Trax_2088252 McStack vs. Chad : @0/ @1/ A0/ @1/ B0+ @2/ @2/ C3+ E1/ E0/ F3\ A1+ A0/ @3+
Trax_2088253 Chad vs. drgnrdr : @0/ A0/ @1/ B0/ A0/ C3+ C5\ D4/ E3\ D2+ B6/ A5\ D6\ E7/ F5/ B7/ B8/ A6+ @2+ F8+ E9\ F10/ G9+ H6+ A7+
Trax_2088254 drgnrdr vs. Chad : @0/ A0/ A3/ A4/ @3+ C4+ D3+ C0\ B0/ C0\ @1+ B0\ D1+ @3+ @5+ H7/ C8\ A3+
Trax_2088255 Morticia vs. FULL moon CRAZY : @0/ A2\ B2\ B1+ C1/ C0/ D1+ C0\ D5\ E4/ A5/ C6/
Trax_2088256 FULL moon CRAZY vs. Morticia : @0/ A2\ B1/ B0+ C1+ @2/ A4+ @3\ @3+ A1\ C0+ @3+ G1\ D0/ D0/ C2+ D8\ A3\ @2/ G1+
Trax_2088257 Morticia vs. McStack : @0/ A0/ B1/ C2+ C3\ C4+ D4\ @4/ B5/
Trax_2088258 McStack vs. Morticia : @0/ @1/ A0/ B1/ C2+ C3\ C4+ D4\ @4/ B5/
Trax_2088259 Morticia vs. drgnrdr : @0/ A0/ @2+ B0/ C1/ A4\ @3+ E2+ D5+ C6\ B6/ A5\
Trax_2088260 drgnrdr vs. Morticia : @0/ B1\ A2/ @2+ B0/ C0/ D3\ B1+ C4+ C5+ D1/ E2\ F2\ E4\ F5/ G4+ H3\ E1+ C0+ @2\ A1\ A0\ G2\ D1/ A0+ @5+ E1/ C0+ H10/ J9+ G2/ F1\ F0\ I6\ @7\ K3/ L7/
Trax_2088263 FULL moon CRAZY vs. drgnrdr : @0/ @1/ B0+ @2\ B3+ C4/ D4+ E4\ D5/ B5/ E2/ D6/
Trax_2088264 drgnrdr vs. FULL moon CRAZY : @0/ B1\ A2/ @2+ @1/ D2+ E2\ B3\ C4/ A3+ F2\ E1+ G3/ B0+ H5\ H6\ H2/ H1/ I4/
Trax_2088265 McStack vs. drgnrdr : @0/ @1/ B2/ C1/ A0+ C0\ A4/ @4/ E3/ F2\ F5/ B1\ @1+ D5+ G0+ H4/ E0\ D1+ F0/ G1/ E0\ D2+ I9+ G10/ G11+ F10+ J11\ H12/ C10+ H3+ I3+ J8+ K8\ A9+ D11+ G13\ F12+ H14/ K12\ J5+ L12/
Trax_2088266 drgnrdr vs. McStack : @0/ A0/ @1/ A0/ @1/ @1/ D1+ E2\ D0/ D0/ C2+ D0+ F5\ @3+ C2+ B1+ B0\ C0+ F5+ B7/ C8+ E9\ F9\ G4/ G3/ G2+ H4\ G5\
Trax_2089708 violet unicorns vs. dgb : @0/ A0/ B1/ C2+ C3+ C4/
Trax_2089790 jazzbeth vs. Dragon101 : @0+ B1\ A0\ @2/ A3/ @2+ C0\ D2+ C5/ E3/ D6/ D0/ E1/ A1\ B0\ @2/
Trax_2089995 jazzbeth vs. Dragon101 : @0+ B1\ @1\ A0\ A0/ C2+ A0/ @1/ @1/ D2+ E1+ D0/ A3/ B1+ C0\ @5\ A1\ E1/ E0\
Trax_2090358 marygal vs. game_77 : @0/ A2\ B1/ B0+ C1/ B0/ B0\ A2+ A1+ @2/ A3/ B0/ A2+ D3/ @3+
Trax_2090445 Megababe vs. RubyJoy : @0+ @1/ C1/ B2\ D1/ D0/ E1/ E0/ A1\ E0+ F2/
Trax_2090475 SweetCindyJo vs. paganje : @0+ B1\ B0/ C1/ A1+ @1\ C0/ D3\ E3\ A3+ C0\ B1+ B5/ @3/ @3/ E6\ F2+ F6+ D7/ C7/ F7\ B6+
Trax_2092075 sabath vs. dgb : @0/ @1/ B0\ @2\ B1\
Trax_2092354 Carol315 vs. dgb : @0/ @1/ A2\ C1\ C0/ B3\
Trax_2092686 Nukkle Dragger vs. spitfire : @0+ A0/ B2+ B3\ C3\ B0/ C1/ D3\ B5+ A4/ @4/ A5/ B6/ @5\ D7\ E7\ E8\ F7/ F5/ F0/ G4+
Trax_2092687 spitfire vs. Nukkle Dragger : @0+ @1/ A0\ @2/ A3/ C1/ B0\ @3+ B2\ B1+ A2+ @2/
Trax_2092688 Nukkle Dragger vs. davidmilne : @0+ B1+ A2\ B0/ A1+ A0/ C2/ @3+ C1+
Trax_2092689 davidmilne vs. Nukkle Dragger : @0+ A0/ @1/ C1+ C0/ D2+ A1\ @1+ C0/
Trax_2092690 Nukkle Dragger vs. drgnrdr : @0+ @1\ A0+ B0\ C3\ C2+ B4/ @2\ A3+ A0\ @3+ A2\
Trax_2092691 drgnrdr vs. Nukkle Dragger : @0/ B1\ A2/ A3+ B3+ A4/ @1\ B0/ C5+ A1\ C0\ D3+ A6/ @3+ C7+
Trax_2092692 spitfire vs. davidmilne : @0/ @1/ A2/ @2\ D2\ B3/ @3/ B4\ E4\ E5\ @2\ C1\ C0\ G6+ H4+
Trax_2092693 davidmilne vs. spitfire : @0/ A2\ B1/ B2+ B3+ C2/ C1/ B4/ A4/ @3/ C5/ @3\ A2\ F1/ F0/ G3\ G4\ B2\ G0+ A3+ @5/ A6/ F6+ H6\ I3+ G7\ E8+
Trax_2092694 spitfire vs. drgnrdr : @0/ A0/ B1+ B3/ @1/ C0\ B4+ D1\ A3/ D4\ E2/ D5/
Trax_2092695 drgnrdr vs. spitfire : @0/ B1\ A2/ A3/ B3+ A4/ A5/ @4\ @5\ E3/ B2\ A4\ A3+
Trax_2092696 davidmilne vs. drgnrdr : @0+ @1\ A0/ A3\ C3/ A0/ C2/ @3\
Trax_2092697 drgnrdr vs. davidmilne : @0/ @1/ A2/ @2\ @2\ A1\ C0/ B4\ C5/ E4+ E1/ F3+ B1+ E0+ @2/ A1+ H4/ H2+
Trax_2092698 Phil The Hat vs. Geri39 : @0/ B1\ B2+ C1\ B0\ D3\ C4/ A3/ D1/ C0\ E3\
Trax_2092699 Geri39 vs. Phil The Hat : @0/ @1/ A0/ B3\ C2/ @2+ D3\ E3\ E2+ @2+ B3+ F4+ A1+ A0+ @1\ H5/ A2/ F2/
Trax_2092700 Phil The Hat vs. the great snowqueen : @0/ B1\ B2\
Trax_2092701 the great snowqueen vs. Phil The Hat : @0+ A2/ @1/ C1+
Trax_2092702 Phil The Hat vs. Momsie : @0/ B1\ B2\ A2+ A3+ B4\ @2/
Trax_2092703 Momsie vs. Phil The Hat : @0+ A2/ A0\ @1\ A0+ C3/ C4\ B5\
Trax_2092710 jaha vs. Megababe : @0/ B1+ C1/ A2+ B3/ C2+ B4+ D1+ A0/ @3/ A2+ C6\ A0\ @3\ E1/ C7/ C0/
Trax_2092711 Megababe vs. jaha : @0+ A0/ A3\ B2/ C2/ C1/ D1/ A0+ B0+ E2\ A1+ @4\ B0\ G6+ D7+ G2/ E8/ F1/
Trax_2092712 jaha vs. dgb : @0/ @1/ A0/ @2+ @2/ C0\ D1\ C0+ E2\ E5+ F4\ C6/ B5+ D7\ E7\ F6\ G6\ G7\ D8+ B6/
Trax_2092713 dgb vs. jaha : @0/ A0/ B1+ C1/ @1+ B3/ B0+ D1/ C5+ D5\ E1/ B0+ E6+ @4\ F7/
Trax_2092714 jaha vs. Allison : @0/ A2\ B2\ B3+ B4/ @3+ @3\ B1+ E2/ D1+ C5\ E4\ F3\ A4+ F1/ B6+ D0/
Trax_2092715 Allison vs. jaha : @0/ A0/ B1+ C1/ C2+ D2/ B3+ C4/ D3+ @2\ B4+ A4/ @4+ C5+
Trax_2092716 Megababe vs. dgb : @0+ @1+ C1+ D1+ A0+ C1+ D1+ E2+ A0+ @3+ E1+ G3+ D4/ @3+
Trax_2092717 dgb vs. Megababe : @0+ A0+ A3+ A0+ A5+ B1+ A0+ B5+ A7+ A0/ B1/
Trax_2092718 Megababe vs. Allison : @0+ @1\ A0+ @1\ @1\ B2+ @1\ C0+ B0/ D5/ F3\ E2+ C5/ F1/ G1/ D6\ E6\ A6/ E7+ @6\
Trax_2092719 Allison vs. Megababe : @0/ B1\ B2\ B3\ C2+ D2\ B0\ D2+ E4\ E5\ B0\ C6/ E3+ A4+
Trax_2092720 dgb vs. Allison : @0/ A2+ A3/ B1\ @2+ C0\ D2\ A1\ A0\ E3/ C5\ B6/ @3+
Trax_2092721 Allison vs. dgb : @0/ @1/ C1/ @1/ D0+ E1/ C0+ @2+ E1+ C4+ E0/ F5\ B6/ G3\
Trax_2092726 Dania59 vs. Jesme : @0/ @1/ B0+ C2/ B0+ A1+ B0+ B0/ C1/ D2/ C0+ D2/ A2\ @3\ D0+ B2\ B1/
Trax_2092727 Jesme vs. Dania59 : @0+ @1+ A2/ C1+ A0\ @1\ @2\ B0/ A2+ @2+ A4/ B5\ @2/ A3/ C1\ C0/
Trax_2092730 Dave (UK) vs. Jesme : @0/ B1\ B2\ C2+ B0+ D2\ B0+ C1+ B0+ B0/ C1/ A2+ E4+
Trax_2092731 Jesme vs. Dave (UK) : @0+ @1/ B0\ C1/ B0\ @2+ C0\ @3+ A2\ E1/ E0/ F3+ D6\ E6\ G4+ F5\ F6+ D7+ @4/ C7/ B5+ C8\
Trax_2092732 dingbat vs. Jesme : @0/ @1/ A0+ A0+ C3/ B1+ B0/ A1+ @4+ A2+ A5\
Trax_2092733 Jesme vs. dingbat : @0+ A2+ @1+ B3+ B0+ B5+ B6+ A6\ C4\ A7\ B0+ @6/ B5+ B2\ D3/ E5\ A2\ @5/ D0\
Trax_2093035 Dragon101 vs. rabbitoid : @0/ A0/ B1\ @2\ B0/ A2+ @2/ @2/ A1/ C0+ B5+ @4+ A2\ A1\ C0/ G4+ @4+ H2/ I3\ F1/
Trax_2093108 MikeyB vs. Marko : @0/ B1\ A2/ @2+ B3\ C3\ B4+ B5/ A5/ @5+ A6/ B6+ D0\ D7\ D8+ E6/
Trax_2093986 Jane vs. Misfit Lenrad6672 : @0/ B1\ B2\ A2+ A3/ C3\ B4/ C4+ C1/ D3\ C0\
Trax_2095283 sabath vs. dgb : @0/ @1/ A2\ C1\ C0\ B3\
Trax_2095394 game_77 vs. marygal : @0/ B1+ A0\ @2/ C1+ C3+ D3\ A1\ @2/ E4\ E5+ E2+ C4+ F3+
Trax_2095410 drgnrdr vs. Oartkickel of the Wolf Pack : @0/ B1\ A2/ B2+ @2\ A3\ @3\ E3/ F3/ E1+ F4\ A4/ G4/
Trax_2095422 Chad vs. klaashaas : @0/ B1/ B0\ C1\ A1\ @1\ B3+ C0/ D5\ E4/ C6+ D7/ E6+ D1/ E2\ F3/ @1/ G1/ H2+ H1+ I2\ D8/ C7+ G6\ H6\ E0+ A4/ C7\
Trax_2095444 Dania59 vs. Goonerg : @0/ A2\ B1/ A0/ @2/ @2/ D1/ B4+ B5\ @1\ A0\ A5/ RESIGN
Trax_2095451 Whistler Gandalf vs. jazzbeth : @0+ @1\ A2/ @1\ A0+ @1\ @1/ A2/ A3/ C0\ A5/ @3\ @3+ A2\ B1/ G1/ @2+ F0/
Trax_2095537 jaha vs. Rogue Trooper : @0/ A0+ B2/ A0/ A0/ A5/ @3\ D2+ A0+ @4\ @6+ A7/ A8+ @5/ F7+ G7\ H7+ F8+ C9/ G1/ D0/ H3/
Trax_2095548 * vs. The Faun : @0/ @1+ @1\ C0/ A0+ B4+ A0/ D4\ D5/
Trax_2096265 Megababe vs. Geri39 : @0+ A2/ A0\ @2/ @2/ B3/ D2/ D3+ B4/ A3/ B0\ A5+ @4/
Trax_2097062 sabath vs. dgb : @0/ @1/ C1/ D1/ B2\ B0\ C3+ E2/ B0/ C1+
Trax_2099603 faith64 vs. Dragon101 : @0+ B1/ A2+ B2+ A3+ B3+ B4\ A4/ A5/ @2/ D2/ @3\ C0\ B1\ E4+ A1\ @2\ C0+
Trax_2102050 rabbitoid vs. paganje : @0/ B1\ A2/ B2+ B3+ C2/ D2/ B4/ @4/ A5/ A1\ @3+ B0/
Trax_2102096 SweetCindyJo vs. Dragon101 : @0/ B1\ A2/ @2+ A3+ B0/ @3/ A2+ E2/ @2\ B0\ B6\ A5+ @4+ C0\ F1/ F0/ G3\
Trax_2103117 Dragon101 vs. SweetCindyJo : @0/ B1\ A2/ B2+ C2\ C3\ D3\ B0\ C5+
Trax_2103907 drgnrdr vs. Sartex : @0/ @1/ B2/ C2/ C3/ C4+ D4+ C5/ E4\ E2\ C1/ E5\ C6/ F2+ E6\ D7\ B5+ @1\ A0\ G7+ G8\ H8\ F9/ H2\ C8/ I6\
Trax_2103945 Buz vs. Dragon101 : @0+ B1\ A0+ A0/ B1/ C3\ A4/ C1/ D4/ A5+ @5/ B6+ C6\ E2+ C7+ D6+ F2+ G2\ F5\ D0+ C9+ F2/ F1/ H3\ H5+ E0\ G1+ A4+
Trax_2103970 * vs. dboy97 : @0/ @1/ B0+ @2/ C0+ D2\ D4+ D5/ B1+ @1+ C6+ C0/ @3+ B1\ D0/ @5+ H5+ @5+ B4+ @5\ B4\ C3+ E1\ G0/ B3+ A4+ C7+ @3/ A2+ B1\ B7+ @2\ D0+ @4/ B5+ N7/ B1\ E0\ A3\
Trax_2103985 BabyGirl The Rebel Angel vs. SweetCindyJo : @0/ A2\ B2\ B3+ @2+ D3/ A1+ B4+ D1+ @3\ C0+ D5+ C6/ @4\ B1/ C0\ G5/ B1\ A2/ @3+ A5+ @4/ H6+ J5\ E0+ F2/ F1/ J4/ K4+ I3/
Trax_2105849 Rogue Trooper vs. Jump This : @0/ @1/ A0+ @1/ B0/ B0/ A2+ @2/ E4/ F1+ F0/ G1/ F0+
Trax_2107726 spitfire vs. Lilac Oyster : @0+ B1\ C1/ C0/ A1+ B0+ D1/
Trax_2111995 drgnrdr vs. bigdan409 OTWP : @0/ B1\ A2/ A3/ B2+ B4/ A4+ A5+ @4\ D3\ E3\ B0/ D1\ B0+ @5/ E6\ E7\ B7+ D8/ @7/ C8/ B9\ G4/ H3\ B0\ A1\ E10+ A2+ @7/ @7/ I7+ J7/ K6\ C10/ E11/ G11\ H12/ G13\ K8\ K9+ L8/
Trax_2112127 aubug vs. Megababe : @0+ A2+ @1\ C1/ A0\ @1\ C0/ C0+ D1/ E4/ C0+ C0/ E7+ E1/ C8+ B7/
Trax_2114088 YankeeFan vs. balmoral : @0/ B1\ B2\ A2+ @2/ C3\ A4+ D2+ D0+ E4\ E5\ C6/ F4+ E3/ F2+ G3/ G4+ H4\ H5\
Trax_2115644 YankeeFan vs. stitcher : @0/ A2+ @1/ C2+ B3/ @2/ D3+ A3+ C4+ B4+
Trax_2115910 Dragon101 vs. B Line electric streetcar : @0/ A0/ B1+ @1+ C3\ D2/ B0/ C5\ B6\ A6+ @2/ A4+ @4/ B6+ F4+ @6/ B7\ A3\ @5/ C2\
Trax_2115963 STrek vs. Honeybear : @0/ A2\ B1/ B0+ C1+ B0+ A5/ @5/ A3+ @2/ A4+ @3\ A1+ D0+ B0+ E6+ F3/ E1/ E0/ G3/ G2/ D0+ G5+ B2\ A2\ @4\ A3+
Trax_2116266 basplund vs. stitcher : @0+ @1\ A0+ A0/ C1+ C0/ C0/ D3\ A1\ A0\ @3/
Trax_2118645 aseitz vs. B Line electric streetcar : @0/ @1/ A2+ B3/ B0/ C4+ D3\ B0/ B0/ E2+ F3/ E6+ C7\ G6+ G7\ D8/ @1\ C0+ I6+ I8\ I3/ A6+
Trax_2119904 Jump This vs. dgb : @0/ @1/ B2/ C1+ @1/ A0+ A0+ @1\ D1\ E1+ A3/ @3/ A4/ @2\ A1\ @1\ RESIGN
Trax_2128448 FMG vs. Jesme : @0/ B1\ C1/ A2\
Trax_2128449 Jesme vs. FMG : @0+ B1\ A0+ @2/ A3/ @3/ C4\ B5\ C0+ D5\ E4\
Trax_2128456 Jesme vs. Lone Outlaw : @0+ B1+ B2+ @1+ A0/ A3/ B4/ A4/ A5/ @5/ D4+ @4\ F3\ E1/ D0\ C0/ F3/ G5\ F2+ G7\ E8/ H7/
Trax_2128457 Lone Outlaw vs. Jesme : @0/ A2\ B1/ B2+ B3\ C1/ B0+ B0/ D3+ D2+ E3+ F3/ E2/ E4+ E0/ F1/ @3/ A4/ A2\ A1\ @3\
Trax_2128458 Jesme vs. Dania59 : @0+ @1+ A0+ @2+ A1+ @2+ B3\ C0/ D2+ E3+ D4+ F3+ E2/ F4\ B1+ @3+ F0/ @4+
Trax_2128459 Dania59 vs. Jesme : @0/ A2\ B1/ B0+ @2+ @2\ B0\ B4+ A1+ B5+ A4/
Trax_2128460 Jesme vs. misci : @0+ B1+ A0/
Trax_2128461 misci vs. Jesme : @0+ @1+ A0/ B3\
Trax_2128468 supermac vs. Phil The Hat : @0/ A0/ B1/ C1/ C3+ D3\ E3+ C4/ A0+ F2+ @2+
Trax_2128469 Phil The Hat vs. supermac : @0/ B1\ B2+ A2+ B3+ B4/ A4/ @4+ C5\ D4/ @3+ C0/ E2+ F3/ B2+ @2\ B1+ D0/ G2+ H4+ I5/ I6+ H7+ B6/ J4/ J3/ H3+ H8/ D8/ G9\ C8\
Trax_2128470 supermac vs. dingbat : @0/ A0/ B2+ @2\ C3\ C4\ D4\ A4/ @4/ B5\
Trax_2128471 dingbat vs. supermac : @0/ B1\ A2/ @2/ A0+ @3/ B0/ D2+ @4+ D5+ E5\ E6\ F6+ G6/
Trax_2128472 supermac vs. davidmilne : @0/ @1/ B2+ B0\ C3\ D3\ D4\ D1/ E3+ C0\
Trax_2128473 davidmilne vs. supermac : @0+ B1/ B0\ @2\ A1\ @1\ A0\ @1\ A0\ C5\ @5+ A6/ @6/ D7+ A1\ @6/ C0\
Trax_2128474 supermac vs. Momsie : @0/ B1\ A2/ A3+ B3+ @3+ B4\
Trax_2128475 Momsie vs. supermac : @0/ A2\ A0\ B2\
Trax_2128476 Phil The Hat vs. dingbat : @0/ A0/ A0+ @1+ B0+ C2/ C3+ D3\ B0/ C0\ B0/ E7/ D8\ D9+ E9\ F9\ A1\ B0/ @5/
Trax_2128477 dingbat vs. Phil The Hat : @0/ @1/ A2+ @2+ D1/ E2\ E3\ E0\ F3+ B0+ A2+
Trax_2128478 Phil The Hat vs. davidmilne : @0/ @1/ C1+ A2\ B0/ C3\ C4+ D3/ @1\ RESIGN
Trax_2128479 davidmilne vs. Phil The Hat : @0+ A0+ B2\ @1+ C3\ D3\ D4\ A4+ D5+ D1/ E3+ C0+ D0\ C0/ E1+ F2+ A9/ @8\ B3+ A5\ RESIGN
Trax_2128480 Phil The Hat vs. Momsie : @0/ B1\ B2+ A2+ B3+ A3+ B4+ B5/ A5/ @4+ D3\
Trax_2128481 Momsie vs. Phil The Hat : @0/ A0/ B1\ A0/ B0/ C3+ A1\ A0/
Trax_2128482 dingbat vs. davidmilne : @0/ @1/ B0+ B0\ C2/ @3/ A4+ @1+ C0/ D6+ E6\ F5+ D7+ F1/ F0\
Trax_2128483 davidmilne vs. dingbat : @0+ A0/ @2\ A3\ C1/ D1/ RESIGN
Trax_2128486 davidmilne vs. Momsie : @0+ B1\ B2/ A2+ @2/ A1+ B0+ @2/ C0+ B5/ A5/ D5\ E5/
Trax_2128487 Momsie vs. davidmilne : @0/ A0/ B2/ C2/ D2/ C3+ E2/ E1/ F1/ F0/ G1\ G3+ H3/ E5+
Trax_2128488 Dawnas AZ vs. dgb : @0/ @1/ A2/ C2+ B3\ D1\ C0+ D4\ E4\ C5/
Trax_2128489 dgb vs. Dawnas AZ : @0/ A2/ B1\ @2+ B0+ B0\ B0\ C2+ B0+ D3\ @2+ @4/ F1/ F0/ G3\
Trax_2128490 Dawnas AZ vs. FujiTape : @0/ B1\ B2+ A2+ B3\ C3\ D3+ A3+ C4\ D5/ E3+ E5\ D6+ E6+ D7+ F6/ @2+ H4\ H5\
Trax_2128491 FujiTape vs. Dawnas AZ : @0/ B1/ B2\ C2\ @2/ A3+ B3+ B4+ A4+ B5+ A5+ B6\ C6/ @4\ D4+ C0+ C0\ B1\ A2+ @3\ G5/ G3+ @4+ B6+ C7+ D8+ F1+
Trax_2128492 Dawnas AZ vs. Dragon101 : @0/ @1/ B0/ A3\ C1/ B3+ D3+ B4+ C0\ C5+ B1\ E4/ C6\ E1/ D0+ F2\
Trax_2128493 Dragon101 vs. Dawnas AZ : @0/ A2\ B2\ B3+ B4/ @4+ @3+ B5\ A1\ A0/ @3\
Trax_2128494 dgb vs. FujiTape : @0/ B1\ A2/ A3/ A4+ A5\ B2+ @5\ @4/ B3+ @4/ D6+ @3\ B2/ A6/ C7+ @5\
Trax_2128495 FujiTape vs. dgb : @0/ @1/ B2/ C1+ C3/ D3/ C0\ A3/ @3/ A4/ @4/ A5/ @5/ A6/ A7+ @4+ F0/ H2\
Trax_2128496 dgb vs. Dragon101 : @0+ B1\ @1\ A0\ A0+ B0\ A0/ C3\ @5/ B6\ A1\ @1+ B0/
Trax_2128497 Dragon101 vs. dgb : @0/ @1/ B0+ @2+ A3+ @2+ E1\ E3+ E4\ F1\ C0/ C5/ C6/ B6/ A6/ @6+ B7\ H3+
Trax_2128498 FujiTape vs. Dragon101 : @0/ B1\ A2/ @2+ C2\ B3/ C0/ D2\ E2\ A1\ @2/ C0/
Trax_2128499 Dragon101 vs. FujiTape : @0/ B1\ A2/ A3/ B2+ A4/ @4/ A5/ @5/ @4+ C0+ B7/ @4/ G3\ A7/ B8\ @6\
Trax_2128500 jaha vs. Megababe : @0/ B1\ A2/ @2/ @2+ D2+ B3/ @2/ @3\ B1+ G1\ C4+ A5+ @2/ F0/ D0+ G6\ H6\ E7+
Trax_2128501 Megababe vs. jaha : @0+ A0/ A3\ B2/ C2/ C1/ D1/ A0+ B0+ C0+ @3\ A2\ A1+ @4+ A1+ @4\ B5+ F0/ H5/ E0+
Trax_2128502 jaha vs. Rogue Trooper : @0/ A0+ B1/ @2/ B0+ B0/ B0/ C0\ A3+ @5+
Trax_2128503 Rogue Trooper vs. jaha : @0/ @1/ B2+ B0\ B4/ C2+ D2\ B5/ @2/ @3\ C1\ D0/ E1/ E0/ F1/ G1+ G0/ B2+ B1\ E0+ H5+ G6\ E8+ @9/ C10+ B2\ A3/
Trax_2128504 jaha vs. Marko : @0/ B1\ A2/ @2\ B0+ C3+ A2+ @2/ @3\ B1+ @2+ C0+ C0/ E1+ B1\ RESIGN
Trax_2128505 Marko vs. jaha : @0+ A0/ A3\ B2/ C2/ C1/ D1/ A0+ B0+ C0+ @3\ A2\ @4/ B5+ G2/ H2/ A5+ A6/ A7/ @5\ C1\ A0\ @2/ I7\ G8+ G9/ @2\ A1\ B5/ K7+ RESIGN
Trax_2128506 Megababe vs. Rogue Trooper : @0+ A0/ A3\ B1/ C1+ C0/ @2/ @2/ D5/ A1\ C0+ @2/
Trax_2128507 Rogue Trooper vs. Megababe : @0/ B1\ A2/ B2+ A3\ A4\ @4/ B5\ A1\ @2+ B0/
Trax_2128508 Megababe vs. Marko : @0+ B1+ C1+ D1+ A0+ @2+ E1+ F2+ D3/ @2+ D1/
Trax_2128509 Marko vs. Megababe : @0+ A0+ A0+ A0+ A0+ @4+ B6+ A1+ B0+ C4/ B0+
Trax_2128510 Rogue Trooper vs. Marko : @0/ B1\ A2/ @2+ @1/ E1+ E0+ F2\ F1+ E0+ F4\ RESIGN
Trax_2128511 Marko vs. Rogue Trooper : @0/ A0+ A0\ @1\ A0\ @4+ D3\ C5/ @5\ E2+ E6+ F6\ F7\ G7\ H4/ H3/ C6+ D7+ B7+ D8+ B8/ A2+
Trax_2128891 * vs. Misfit Lenrad6672 : @0/ B1\ A2+ B2+ B3\ C3\ D3+ A3+ A4/ @4/ D5+ @3\ A2\ @4/ A5/ A6/ G1/ E0\ H3/
Trax_2129593 dgb vs. B Line electric streetcar : @0+ @1+ @1\ A0\ B0\ @2+ C4/ B1+ B0\ A1\ @5/ A6/ A1+ @2+ C0\
Trax_2129857 YankeeFan vs. The Pampered Cricket : @0/ A2\ B1/ @2\ @2\ B3\ B0+ B0\ @1+ E1/ E0+ F3/
Trax_2129887 YankeeFan vs. The Pampered Cricket : @0/ A2\ B2\ A3\ B3\ @1/ B0+ D3\ C5+ C6/ B0\ A0\ @1\ D2/ D1/ D0/ @2\ A3+ A4\ B5/ @4\ G5/ B7+
Trax_2130396 Kran vs. jazzbeth : @0/ A2\ B2\ A3\ @1\ A0\ D3/ D2/ E2/ A4/ D1+
Trax_2130404 Whistler Gandalf vs. game_77 : @0+ @1+ A0/ B3\ C3+ A3+ D2/ D1/ D0/ D0+ E1/ B6\ @4\ B2+ F4+ G4/ E6\ E7\ D0/ E0\ G8+ H5\ H3/ I3/ H8/ I6\
Trax_2130443 Sartex vs. Rogue Trooper : @0+ A0/ B1\ A3/ @3/ A4+ @2\ A1\ C0/ C0/ A0+ @3/ @6+ A7/ @7/ A8+ B9/
Trax_2130445 drgnrdr vs. Keizer Soze : @0/ @1/ B2/ C1/ C3/ D2+ B3+ B4/ E3/ F2\ D0\ F5\ C6/
Trax_2130531 golfnutrof vs. Phil The Hat : @0/ B1/ A2/ @1+ C0/ C0+ D3+ A5\ B0+ A0+ D3/ E3/ C8+ @2+ A6+ C1+ D1+ F1/ G2\ F8+
Trax_2131199 dgb vs. * : @0+ @1/ C1/ B0\ @2/ C3\ D0/ D0+ E2\
Trax_2132557 drgnrdr vs. Megababe : @0/ @1/ B2/ @1/ A2/ @2/ D3\ E1+ @3\ E4\ @4/ C5+ A1\ D0+ @4\
Trax_2132643 Dragon101 vs. ScoobyRex02 : @0+ B1+ @1/ A2/ @2\ B0/ A2+ A0+ D2+ E3+ B5/ @2/ A4+ @2+ B6/ A6/ E6\ @2+
Trax_2132644 SweetCindyJo vs. Marko : @0/ B1\ A2/ @2/ @2+ C3+ D2\ E2\ E3\ D4\ D5\ B4+ E4+
Trax_2132666 BabyGirl The Rebel Angel vs. MikeyB : @0/ B1\ A2/ B0\ C2+ @1\ C0\ @2+ E4+ E5/ A1\ C0/ B0/ D1/ @3+ A5/ @3/ C7/ B7/ E8/
Trax_2132931 Misfit Lenrad6672 vs. Pamper Me : @0/ A2+ @1\ A0\ B1+ B0+ C1/ D1/ @1\ C0\ A3+ C6+ @3\ A2+ A1/
Trax_2132987 Geri39 vs. Megababe : @0/ @1/ B2+ C2+ B3/ B4/ C0/ D2\ B1+ C4+ D1+ C0+ A1+ @2+ E5+ C0/
Trax_2133153 dgb vs. Dave (UK) : @0/ A2\ B2\ B3+ @2+ C4+ B0\ A1\ A0\ @4\ D1/ RESIGN
Trax_2133154 Dave (UK) vs. dgb : @0/ @1/ A2/ C2+ A3/ D1\ C0+ B5+ C6/ C7/ A6+ D7\ E6+ D8/
Trax_2133155 dgb vs. Phil The Hat : @0+ @1+ @1\ A0\ B0\ @2+ C4/ A1\ @1\ B0+
Trax_2133156 Phil The Hat vs. dgb : @0/ B1+ C1+ A2/ @2/ A3/ E1+ C0/ D4\ E5/ C0/ @3\ A2\ @2\ H4/ A6/ @4+ E6+ H1/ D7/
Trax_2133157 dgb vs. davidmilne : @0/ @1/ @1/ B0+ @1/ A0/ B4+ A4/ D5\ RESIGN
Trax_2133158 davidmilne vs. dgb : @0+ @1+ @1\ A0\ @2+ A3/ A4+ B5/ @3/ D5\ RESIGN
Trax_2133159 dgb vs. dingbat : @0/ A0/ B1+ C1/ @1+ B3/ D2+ B4\ E2\ C4\ C5\ @2\ E4+
Trax_2133160 dingbat vs. dgb : @0/ @1+ A2/ A3/ C1/ @2+ C0+ B0/ B0/ D2+ E1\ C0\ F3/ A1\ @4/
Trax_2133161 Dave (UK) vs. Phil The Hat : @0/ A0+ @2/ @1/ B0+ D2+ B4+ A3+ @2/ A4+ B5+ E1+ F1/ G1+ C0+ A1\ @1\ C0+ A3+ @3+ F7\ G5+ E8+ I2\ F1+
Trax_2133162 Phil The Hat vs. Dave (UK) : @0/ A2\ B1+ C1\ C2\ A3+ B4+ D2+ B0+ E3+ D1+ @2/ E5\ D6/ F1\
Trax_2133163 Dave (UK) vs. davidmilne : @0/ @1/ B0+ A0/ @1+ @1\ C0/ A3+ C5+ A5/ @4\ C6+ A6\ @5/ B7+ A2\ @3+ C1\
Trax_2133164 davidmilne vs. Dave (UK) : @0+ @1/ A2\ C1\ C2\ A3+ D3/ D4+ C5+ @2\ B5/ C6\ D7/ C8\ E8+ @3+ C6+
Trax_2133167 Phil The Hat vs. davidmilne : @0/ @1/ @1+ A0\ B3+ B4\ B0+ @2\ B0+ A5\ @4+ D7\ F6\ B7/ C8+ C9/ B9/ RESIGN
Trax_2133168 davidmilne vs. Phil The Hat : @0+ @1+ @1\ A0\ A0+ @2+ @2/ A4+ A5/ @3\ F4+ @5/ RESIGN
Trax_2133169 Phil The Hat vs. dingbat : @0/ A0/ A0+ B1/ A0+ @1\ D2/ C3+ E2/ D4+ D0+ D0\ C0/ F4\ E8/ D9/ G8/ G5\ B9/ A8+ B1\ B0\ A4+ A8+ @7/
Trax_2133170 dingbat vs. Phil The Hat : @0/ @1/ B0+ A3+ C1/ C2+ @3/ A2+ E1/ F1+ C4+ F3\ G3\ H3\ B4+ E0+ B1+ H3/ G5+ G6/
Trax_2133171 davidmilne vs. dingbat : @0+ A0/ @1/ A3\ @2+ @3\ A4+ B5/ E2\ E4+ @4+ E5\ C6+ G3/ B1/ B0/ H5\ G6\
Trax_2133172 dingbat vs. davidmilne : @0/ @1/ B0+ A0/ C2/ C0+ A5/ RESIGN
Trax_2134758 Megababe vs. drgnrdr : @0+ A2/ @1+ B0/ C1/ A1\ C0+ D1\ B5/ D0\ E3/ F2\ D5+ E0+ G4+ H5/ G7+
Trax_2134778 jaha vs. Keizer Soze : @0/ A0/ B2/ A3+ C2/ @3/ A2+ C1+ A4/ @2\ E4\ D5/
Trax_2135046 supermac vs. drgnrdr : @0/ A0/ B2+ B3\ @3\ @3\ E3\ E4\ @2/ @2/ A0+ @4\ I5\ F6+ H2+ G1+ @1+ F0+ E8+ G8+
Trax_2136395 dgb vs. * : @0/ @1/ B2/ A0\ @2/ B3/ B0+ B0/ B0/ D3\ A1\ B0/ @3/ B4+ A5+
Trax_2137129 Jane vs. Marko : @0/ B1+ B2\ B3\ C3\ C4\ D3\ E3\ D4\ E4+ E5\ F1+ F0/ @5+ A6/ F7\ A2+ H1/ I1/ G0+
Trax_2137406 MizE vs. Misfit Lenrad6672 : @0/ B1\ @1\ B2\
Trax_2138213 Jump This vs. Sartex : @0/ @1+ @1\ B0/ B0/ C1/ @1\ C0+ @2/ @2/ D0/ A2\ @2\ E0/ G2+ A0\ @1\ F8/ E7+ D7/ E8/ E9/ D8/ G9\ F10\
Trax_2138229 RubyJoy vs. YankeeFan : @0/ B1\ A2/ @2+ B3\ C3\ D1/ C0\ @1\ C0/ A4/ @2+ @3\ A4+ A5/ @5/ I3/ I4+ @4+ I2+ A2\ A1\
Trax_2139071 Pamper Me vs. Megababe : @0+ A0+ A0+ A4+ A0+ @4+ B0+ A2+ B0+ C5/ B0+
Trax_2139846 Keizer Soze vs. B Line electric streetcar : @0/ A0/ @2+ C2+ A3/ B3+ A4/ @2\ C0+ D1/ E1/ C0\ @5+ B0\ A2+ @5/ E8\ F8\ G5\ H6/ B8/ A2/ C9\
Trax_2139904 Oartkickel of the Wolf Pack vs. Dragon101 : @0+ B1+ @1/ B0\ @2/ C3\ B4+ @3+ @3/ A5+ B1\ B0\ @5\ @5+
Trax_2142331 Jump This vs. jaha : @0/ @1/ @1/ @1/ C0/ B0+ A4/ @1+ C0/ C0/ B2+ C0/ @3/ F4\ F0+ G2\ F0\ H2+ H1/ H0/ I3\ G10+ D11+ H8/ G7+ A5+
Trax_2142340 * vs. Dania59 : @0/ A2/ B2\ B3\ B4\ C2+ A3+ D2\ @2\ E5/ D0\ C6+ E1/ RESIGN
Trax_2144236 Sista vs. Lady Ehlana : @0/ @1/ A2/ B3/ A3+ @1\ A0\ A4+ C1/ A0\ @2+ E2\ E3\ E5\ E6\ F4\ E7/ D7/ D8/ C8/ G3+ F1/ B9\ H2\ A7+
Trax_2145862 Sista vs. Lady Ehlana : @0/ B1+ C1/ D1+ E1\ E2\ E3+ F3\ B2/ D4/ @1/ F0/ G1/ G3/ A3\ H3\
Trax_2145986 Chef Jeff 1 vs. BabyGirl The Rebel Angel : @0+ B1/ B2\ C1/ C2+ A0+ @1\ C0+ C0+ E4/ B2\ F2/ F1/ F5\ E6/ G3\
Trax_2146129 YankeeFan vs. Buz : @0/ A0+ @1+ B0/ C1+ @3/ B4\ D4/ E2/ B1\ B0\ F3+ G4/ G5+ C6+ H4/ I4/ I2+ E1\ A5/
Trax_2147199 LilSis vs. Misfit Lenrad6672 : @0+ B1\ B0/ C1/ A3/ A4/ @4/ C0\ B1\ B0\ D0/ A3+
Trax_2147311 dgb vs. chaosbreaker : @0/ A2+ A3/ @3/ @3+ B4+ A1\ A4+ @2\
Trax_2148903 YankeeFan vs. chaosbreaker : @0/ A2+ B2\ A3/ A4+ A0+ A6/ @2+ A4+ A5/ A6+ @6+ C0+ E4\ C0+ E8\ E9+ F8/
Trax_2149063 Sista vs. Lady Ehlana : @0+ B1+ C1/ D1/ C0+ C3\ @2+ D0\ B2\ B4\ B1+ D5/
Trax_2149767 YankeeFan vs. dboy97 : @0/ A0/ @2+ @2\ D1/ A0+ @1\ B4/ A4/ @2\ F4\ G4\ D5+
Trax_2149808 Marko vs. Pegasus : @0+ A0\ A3/ B1/ @2+
Trax_2149835 dgb vs. chaosbreaker : @0/ A2+ B1/ A3+ C2/ B0+ @3\ D2+ E2/ D1/ D0/ C0/ E3+
Trax_2151482 SweetCindyJo vs. aubug : @0+ @1/ @1\ B0/ A1+ B0/ B0+ A0/ @2\ D6+ E5/ D7/ B6+ A5+ @3\ A2\ F6\ G4\ @2\ A1\ D0/ D0/ B7+ F4+ I6\ H8\ I8\ J9/ D10/ C10/ B10/ @8+ C2/ G2+ F0/ @10\ C12/ L5+ C2\ M8+
Trax_2152287 dgb vs. Traxplayer : @0/ B1/ B0\ C2/ B3+ D2+ C4+ E3+ @2\ B1+ G3/ E5\ B0\ A1\ A0\ @3/ C6/ B6/ A5/ @3+
Trax_2152445 Sista vs. Lady Ehlana : @0/ B1\ B2\ C1\ A2/ A3/ B3+ B4+ C3+ D3\ C4\ C5\ D4\ E4\ D5\ D6\ E5\ E6+ F6\ E2/ E7+ F3/
Trax_2152469 dgb vs. chaosbreaker : @0/ A2+ A3/ @3/ @3+ @2+ A1+ D0/ @3\
Trax_2152529 chaosbreaker vs. Traxplayer : @0+ @1+ A0/ A3/ @3/ @3+ A1/ C0+ A5/ C5\ B6\ D4\
Trax_2153186 Oartkickel of the Wolf Pack vs. Traxplayer : @0+ @1+ A2/ @2/ B0+ @3+ B4+ @3+ E4\ D5/ F2+ E1+ F1+ D0/ D0/ G4+ G6\ G7\ H5+ G8/ F7+ E8+
Trax_2153252 Kran vs. Dragon101 : @0/ @1/ C1+ A2+ A3\ B0\ C5\ D5\ B6/ A6/ @4\ E3\ @3\ A2\ A1\ @3+ H3/ G2+ @1\ A0\ @3/ A4/ J3+ H2/ G1\ J6\ I8+ K4\
Trax_2154187 dgb vs. chaosbreaker : @0/ A2+ A3/ A4+ @2\ A4+ B0/ C1/ @1\ B0/ A6+ @3\ C7/
Trax_2154601 Traxplayer vs. Sherry : @0/ B1\ A2/ B0+ A4\ B4\ B5\ C5\ @5/ A6+ A2\ @4+ B1/
Trax_2154930 Goonerg vs. Buz : @0/ A0+ @2/ C1+ B0/ D2+ D3+ D4/ B0/ E4\ B6+ D6+ A1\ @2\ B0/
Trax_2156221 SweetCindyJo vs. Dragon101 : @0/ @1/ A2\ A3+ B0/ B0+ @3\ A2\ D1\ E1+ C4\ A5\ @3\ E0\ G2/ G0+ F5\ F6\ C2+ C1\ D0\ B3+
Trax_2156278 Sista vs. Lady Ehlana : @0/ A2\ B1/ B2+ C1\ C2\ B0\ B4+ D4/ C5\ @2/ C5/ C6/ B4+ B1\ F4\ F5\ G5\ E6/ C7/ A5+ @3\ C0/ E8\ C9\ @4/ C2+ E10+ A5/ A6+ @5\ C7+ H9\ F11/ D1\ E0/ A5+ B4\ B3\ A3\ A2\ C1/ @3+
Trax_2159645 Traxplayer vs. aprilflower : @0+ @1/ C1/ A2+ C0\ B1+ A4\ A1+ C4\ B0+ D3\
Trax_2159892 smores4me vs. Dragon101 : @0/ @1/ A2\ B2+ C2/ C1/ D1/ B0\ C0\ E2\ B1+ A1\ @1\ G4\ F5/ G1/ G0/ H3\
Trax_2160290 Orange Blossom vs. Dragon101 : @0/ @1/ B0\ A1+ @1/ A2/ @2/ C3\ A0\ @2/ D1/ D0/ A4+ C6+ A6/ B7\ A2+ A1/ C0\ @4/
Trax_2160445 jazzbeth vs. Marko : @0+ @1+ @1/ A2/ A3\ @3/ B4\ A2+ A0/ B1/ D1+ E1/ E0/ @2+ A1\ A0+ @1\ F5\ E6+ A0\ C1+ H3/ E2+ C0\ D1+ F1+ C0\ @4+ A5/ A6+ @5\ B7/ B8+ C8+ C9+ C2+ D10\ E11/ K4\ H9\ I10/ C11/ B10/ D12/
Trax_2160830 aseitz vs. B Line electric streetcar : @0/ A0/ B1/ B3/ C2+ B4/ A4/ @3/ D0/ E2\ F2\ A1+ @2+
Trax_2161833 SweetCindyJo vs. Dragon101 : @0/ A0/ B1+ B0+ A1+ B0+ A5\ B0+ B6+ C6\ D5\ B0+ B0/ C1/
Trax_2161966 dgb vs. Badger : @0/ A0\ @2\
Trax_2162411 Rogue Trooper vs. Jump This : @0/ @1/ A0+ A3\ B0\ B0\ @1+ A4+ @3/ @3/ B5+ B1\ A0/ @1/ E7+ F7\ G7\ H7+ H8\ G2/ G1/ D0+ I6+ H4+ B1+ I4/ J3\ J1+ G0/
Trax_2162451 drgnrdr vs. YankeeFan : @0/ B1\ A2/ A3/ @2\ C2\ B4/ D2+ A1\ B0/ C5\ C6\ D7/ E3+ E4\ @4/ F1/ RESIGN
Trax_2162525 keops vs. Dragon101 : @0/ @1/ C1/ B2+ D1/ D0/ E1/ E0/ F1/ F0/ G1/ G0/ H6+ E7+ E0+
Trax_2163873 spitfire vs. WILD-TURKEY : @0/ @1+ B0\ A1\ A3\ B0\ B5\ A1+ C5/
Trax_2164418 keops vs. Megababe : @0/
Trax_2164499 Traxplayer vs. basplund : @0+ A2/ @2/ B0/ B4+ @2/ B1+ @1/ B0/ B0/ E1+ B0/ E6+ E4+ F4\
Trax_2166032 Arctic Warrior vs. BabyGirl The Rebel Angel : @0/ @1+ B0\ C2+ @2\ A1\ @1\ C0/ A4/ @2+ C5\ E4+ D5\ A5\ @3\ C6+ A5/ @5/ D7+ A6\ D8+ B7/ C1+
Trax_2166075 Dragon101 vs. paganje : @0/ A2\ B2\ B1+ A3+ B4/ C3+ @2\ B0+ B6/ A6/ @4\ E6\ C7/ F6/
Trax_2167210 chaosbreaker vs. marygal : @0+ @1+ C1/ @1\ C2/ C0+ A1\ C0/ B0\ C6\ D6\ E6\ E3+ F6\ E1/ E7+
Trax_2167211 chaosbreaker vs. marygal : @0+ @1/ B0+ C2\ A3/ @3/ C4\ C0/ D1/ E2/ D0+ B3\ E2+ A1\ @2\ B0/
Trax_2167565 Lady Ehlana vs. Sista : @0+ @1\ A0\ C2/ B0\ A1+ @2/ A1+ @2\ A1\ B0\ A1\ @2\ B0/ D2+ A2+ C5+ C6/ E6+ @3\ C5/ B5/ B6/ A6/ @5/ C7+
Trax_2167603 ravens nest vs. marygal : @0/ B1\ A2+ B2+ A3+ A4\ B3+
Trax_2167711 marygal vs. chaosbreaker : @0/ B1+ A0\ @1\ A0\ C2/ B0/ C1/ C0/ D1/ A5+ @5/ A2+ C0+ F3+ D0/ @4\ C1\ E0/ F8\ D9/ D10\ A2\ RESIGN
Trax_2168430 rogerrabbit vs. YankeeFan : @0+ @1/ A2/ @1+ B0/ @3+ B4\ E2/ C0\ E4+ D1/ C0\ A4+ @5/ G3/ F2+ G4+ H3+ G2+ G1/ H5+ I3+ I5\ H6\ E7+ G7+ I6\ G8\ C7/ J4+
Trax_2168599 Ray of Light vs. marygal : @0+ @1/ B0\ B3+ C2/ @1\ B0/ D0/ E1+ E0/ E3\ F1/ F0/ G3\ H2\ F5\ G5\ H5\ H6\ F7+ I5+
Trax_2168796 Sista vs. Lady Ehlana : @0/ A2\ B2\ B3+ C3/ A4\ A0/ @3+ @3\ D2/ E2/ F2\
Trax_2169126 dgb vs. Traxplayer : @0+ B1+ @1\ A0\ @1/ C3/ C4/ B0/ B0/ @3/ D2+ B4+ C7+ C8\ @4\ F3+ B7/ B8/ C9/ A5+ @8+ B9/ E10\ F10\ B10/ A10/ D11/
Trax_2169135 dgb vs. chaosbreaker : @0+ @1+ @1\ D1\ A0/ D3\ D4+ E3+ F3\ F4\ C1/ RESIGN
Trax_2169461 Traxplayer vs. marlisam : @0/ @1/ @1/ B0/ A3+ @1\ C0+ D2/ @3\ A2\ F2+ C5\ E0/ F1/ G4+ G3+ H3+ D1\ B2+
Trax_2169757 SweetCindyJo vs. RubyJoy : @0/ B1/ @1\ B0/ C1+ A1\ A0\ A4/ @3\ C4+ D1\ B0\ A3+ @3\ F3/ F1+ D0\ F6\ A1\ G4\
Trax_2169794 Dragon101 vs. aubug : @0/ B1\ A2/ B2+ C2+ C1+ D2+ A3+ @3/ C4/ A1\ B0/ @4\
Trax_2169803 chaosbreaker vs. marygal : @0+ @1+ B0/ A1\ @1+ C0\
Trax_2169809 chaosbreaker vs. marygal : @0/ B1\ B2+ A2+ A3/ @3/ D2+ C3+ A4/ @4/ C5\ D5+ A1\ E4+ B0/
Trax_2169865 violet unicorns vs. HEATHER : @0/ A2\ @1\ C1+ C2+ A2/ D2/
Trax_2171375 YankeeFan vs. Autumn : @0/ A0\ @2\
Trax_2171487 chaosbreaker vs. marygal : @0+ @1\ B0/ B0/ C3\ C4\ D4\ E2+ C0+ B6/ A5+ B1\ A6/ C7+ @5+
Trax_2171799 rabbitoid vs. Dragon101 : @0/ A0/ B2/ B1+ A0/ @2+ B0/ D3\ D1\ C0\ C0+ @3+ D0+ F3+ C2+ F6\ G6\ D8/ H8\ F9+ H5/ G2\ I7/
Trax_2173571 violet unicorns vs. LadyBabyJane : @0/ B1\ B0/ A3\
Trax_2173572 HEATHER vs. Dragon101 : @0/ @1/ A2\ B2\ B3/ C2/
Trax_2174506 Traxplayer vs. dizzy : @0/ A2/ B1\ A0+ @1+ @2+ B0/
Trax_2174698 brodie_bruce vs. marygal : @0/ A2\ B1/ B0/ C2\ C3\ @3/ B4\ E4\ E5\ E3+ A1\ A0\ @4\
Trax_2174825 spitfire vs. nisqually : @0/ A2+ A0\ @1\ A3+ C1\ @3\ C4+ E2/ D0/ C0/ D1/ D0/ E2/ F4\ C8+ C9/ B9/ B10\ A8\ @6/ D10\ E9\
Trax_2175185 Sista vs. Lady Ehlana : @0+ B1+ B2/ B0/ A1+ C2+ C3+ D3\ B4/ C0/ D1/ D2+ B6/ E1/ @3/ G1/ G0/ F0/ H2\ C3+ G1/ F8\ F9\ B1\ A3/ C0\
Trax_2175592 Kitty*s Got Claws vs. dgb : @0+ B1+ @1\ A0\ A3+ @3/ B0\ @1\ @2+ B0/
Trax_2175894 dingbat vs. drgnrdr : @0/ A2+ A3/ B3/ C2/ D2/ A4/ @2\ @2\ B5\ E4+ F3\ G3\ F5+ @4+ F6+ @4/ B6/ C7+ A2\ @4/ C1\
Trax_2176000 Sista vs. marlisam : @0/ B1\ A2/ @2\ A3\ C3\ A4\ C4+ @3+ E2\ B5\ E3+ E4+ F4\ A1/ B0\ F6\ E7\ G6/ D7/ E8\ E9\ G5+ F4/ @2\ @2\ B4+ D7\ @3+ B5/ A5+ A7/ B8/
Trax_2176007 Sista vs. dgb : @0/ @1/ B2/ C1+ B3/ B0\ @2+ C5/ B1+ A3/ E4+ @5/ A6/ A2\ @4/ C0/
Trax_2176098 paganje vs. YankeeFan : @0/ B1\ B2\ C1+ A2/ B3\ D1/ B0\ C5/ E1/ E0/ F2/ A6/ B7\ D4+ @3+ B1\ H2+ F3\ F7+ E8\ G4+
Trax_2176377 Lady Ehlana vs. Traxplayer : @0+ B1+ A2\ A0\ C2\ @2+ C4\ E2\ D4+ E1/ F2\ C0+
Trax_2176793 dgb vs. davidmilne : @0/ @1/ A0/ @1/ B0/ C1\ @1\ RESIGN
Trax_2177675 dgb vs. Phil The Hat : @0/ A2\ B2\ C2+ C1+ D2\ D3\ B3+ E2+ E1/ A0\ @2/ F1+ C0/
Trax_2177676 Phil The Hat vs. dgb : @0+ A2/ @1+ A0\ B4/ @3\ D4\ D5\ B5+ E3+ D2/ D1/ E2+
Trax_2177677 dgb vs. Rogue Trooper : @0+ A0/ @1/ B0/ C1/ B4/ B0+ D3+ C5+ @5/ A6/ @4\ A3\ A0+ @2\ @2\ A1\ B4+
Trax_2177678 Rogue Trooper vs. dgb : @0/ A2/ B2+ C1\ A0/ B4+ @2+ B0+ D5+ C6+ D1/ E1/ C0+ E4\ F3/
Trax_2177679 dgb vs. Lone Outlaw : @0/ A2+ A3/ @3+ @3\ C0/ D2\ D3+ C0/ B2+ C0/ E2/ A1\ B0+ @6\ B4+ A4+
Trax_2177680 Lone Outlaw vs. dgb : @0/ @1/ @1/ @1/ B2+ A0+ C0+ E2\ C5\ F1/ E0+ F5\ RESIGN
Trax_2177681 dgb vs. jaha : @0+ A0/ A3\ B2/ C2/ C1/ @3\ E2+ C0+ A2+ F2\ G3/ D5+ B5+ @3/ @4\ A6+ RESIGN
Trax_2177682 jaha vs. dgb : @0/ B1/ A0+ A0/ C2+ B0+ A1+ A5/ @5/ A6/ @3+ D7+ E6/ F6/ F5/ E8/ F2+ G6+
Trax_2177683 Phil The Hat vs. Rogue Trooper : @0/ A0+ A0\ @1\ @1+ C0+ @2\ A3+ E4/ D5/ C6\ A1\ A7+ B0/
Trax_2177684 Rogue Trooper vs. Phil The Hat : @0+ @1+ A0/ A3+ @2/ B4/ D2/ C0+ E2+ C0+ E1/ F3/ @5+ E0/ B8\ D8+ G5/ E6+ A9+ @9/ H6/ I3/ I2/ F8+ F9+
Trax_2177685 Phil The Hat vs. Lone Outlaw : @0/ A2+ B1+ C2/ C3\ D3\ E3\ B4+ A3/ @3/ A4/ A5/ @5/ C6\ A1\ RESIGN
Trax_2177686 Lone Outlaw vs. Phil The Hat : @0/ A2/ @2\ B3/ C2+ C0\ @3\ B5\ C0/ A7/ @6\ E7\ RESIGN
Trax_2177687 Phil The Hat vs. jaha : @0/ A0/ A3+ B3+ B4+ B5/ A5/ @1\ B0/ A6+ @6\ C7/
Trax_2177688 jaha vs. Phil The Hat : @0/ A2\ B2\ C2+ C1+ D1+ E1\ E2\ A3/ @1/ F3+ E4\ G2\
Trax_2177689 Rogue Trooper vs. Lone Outlaw : @0+ @1+ A0/ B3\ C3\ D3\ C1+ @2/ D0/ F2/ C5+ B5/ B6/ A6/ E6\ RESIGN
Trax_2177690 Lone Outlaw vs. Rogue Trooper : @0/ A0+ @2/ C1+ A3+ @2+ A3+ C0/ A1/ B5/ @3/ E3+ F3\ A2+ @3+ @2/ B1+ A0/ I5\ G6+ E7/ C6+ G7/ G8/ H7+ C8/ E9+
Trax_2177691 Rogue Trooper vs. jaha : @0+ A0/ B1\ A3/ A4/ B2\ @4/ D1/ D0\
Trax_2177692 jaha vs. Rogue Trooper : @0/ A0+ @2+ @2/ B3/ B0/ A2+ @2\ E2\ D4+ C0/ C0/ @1+ B0+
Trax_2177693 Lone Outlaw vs. jaha : @0/ A0/ @2+ @2/ A3+ B4/ C3+ D3\ E1\ D0+ B6/ @5+ F4\ G6\ G7+ G1/ RESIGN
Trax_2177694 jaha vs. Lone Outlaw : @0/ A2+ A3/ @3+ C1\ C0\ A2+ @2\ E1+ F1/ E0\ E0\ C2+
Trax_2177785 HeartOnFire vs. crow57 : @0/ B1\ B0\ B3/
Trax_2177840 Sherry vs. YankeeFan : @0+ @1\ @1\ C0+ D2\ @2/ A3/ D0/ C1+ D0/ C5+ B6\ C7+ C8\ D8\ D9\ F8\ B9/ A8/ C10/
Trax_2177979 BabyGirl The Rebel Angel vs. dgb : @0/ @1/ B0+ @2+ D1\ D3+ C4+ E1\ C0+ A1\ @2/ F1/ G4+ D0+
Trax_2178178 chaosbreaker vs. BabyGirl The Rebel Angel : @0+ @1+ B2/ B0/ @3+ D1/ B1\ B0/
Trax_2178383 violet unicorns vs. Dragon101 : @0/ A0/ @1/ A2/ A3/ @2+ D1/ B0\ A1\ @2\
Trax_2179200 HeartOnFire vs. crow57 : @0/ A2\ B1/ B0+ A0/ C2\ @1\ B0/ D5+ D6\ E6\ F6+ F7\ @2\ @2+
Trax_2180247 Sista vs. Lady Ehlana : @0+ B1/ A2\ B0\ @2/ B1\ D2/ D0/ E2/
Trax_2180365 drgnrdr vs. Megababe : @0/
Trax_2180461 chaosbreaker vs. BabyGirl The Rebel Angel : @0+ B1/ A2\ @2\ B0\ B0+ B5\ D4\ D1\ E4+ F4+ B0/ E6\ E7\ B7+ E1/ @4+ E0/
Trax_2181103 davidmilne vs. dgb : @0/ A0/ B2/ A3+ B4/ C2+ C1/ D4\ RESIGN
Trax_2182376 Dragon101 vs. LadyBabyJane : @0/ A2\ B1/ @2/ B3/
Trax_2182920 fallingstar vs. BabyGirl The Rebel Angel : @0+ B1/ B2\ C2+ D2/ C1/ B3\ A2+ A4\ C0+ @4\ A2+ D5\ E5\ F3/ G3+ G2/ E1/ C6/ E0/ H3/ @3\ H1/ G0\ B9/ A8+ @6/ J2/ B3/ I1+ A4\ @4+ D2\
Trax_2183919 Sherry vs. YankeeFan : @0/ B1\ A2/ @2+ B0/ @3+ A4\ A5/ @5/ B6/ B2\ C6\ D5\ B7\
Trax_2184190 violet unicorns vs. LadyBabyJane : @0/ B1\ A2/ @2+ @2/ B0\ A1+ @2\
Trax_2184831 spitfire vs. lapman : @0/ A2+ A0\ @1\ B4/ C4+ B5\ D4/ D3\ B6\ B7/ A5\ @3/ D6/
Trax_2184834 spitfire vs. nisqually : @0/ B1/ A0\ @1\ C0/ D1/ D3\ E2+
Trax_2184999 spitfire vs. Geri39 : @0/ B1\ B2\ @1/ B2/ C3\ C0\ D1/ D0/ B5/ B6/ E5\ D6/ C7\ F3\ C1+ B1\ C0/ D1+ A2+ D0\
Trax_2185794 Phil The Hat vs. Jump This : @0/ @1/ C1/ C2/ C0+ @1/ @1+ C0/ F2\ C4/ C0+ B4+ D1+ @1+ C0/ @2/ @3\ B1+ D6\ C4+ A0/ A6/ B7/ @6\
Trax_2185829 YankeeFan vs. RubyJoy : @0/ A0/ @2+ B3\ C1+ B0+ B5/ A5/ @5+ C6+ D4\ E4\ C7/ A1\ E7\ A0/
Trax_2185842 rabbitoid vs. keops : @0/ A2/ @1+ C1/ A0\ @1\ D0+ E1/ D5+ E4\ F4\ F5\ C6\ C0+ E1/ @1\ A0/
Trax_2185851 paganje vs. SweetCindyJo : @0/ B1\ A2/ @2+ B3\ C3\ C4\ @2+ E3+
Trax_2189112 dgb vs. Jesme : @0/ A2\ B2\ C2\ D2+ B1/ E2\ E3+ E4/ B3\ B4+ C1+ C0/ E2+ A1\ B0/
Trax_2189113 Jesme vs. dgb : @0/ A0/ B1/ C1+ C0+ D2\ A4/ E2\ C0+ E2/ C0+ B3\
Trax_2189114 dgb vs. violet unicorns : @0+ @1\ C1\ A0+ B0\ @1/ D1/ D0/ E3\
Trax_2189115 violet unicorns vs. dgb : @0/ @1/ A2\ C1\ C2+ C3/
Trax_2189116 dgb vs. chaosbreaker : @0+ @1+ @1\ A0\ B0\ B0\ A1\ C2+ @2+ C0\ C0\ C0/ A3\ E3+ @4\
Trax_2189117 chaosbreaker vs. dgb : @0+ A0/ B1\ A3/ B2\ A4/ @4/ D1/ D3+ C0/
Trax_2189118 Jesme vs. violet unicorns : @0/ @1\ A0/
Trax_2189119 violet unicorns vs. Jesme : @0/ B1\ B2\ A2+ @2/ B3\ D1/ C0\ D1+ A1\ B5\ @3\
Trax_2189120 Jesme vs. chaosbreaker : @0/ B1+ A0\ @2/ A3+ @3+ C4/ E2+ D1+ F2+ C0+ B1\ A2\ @2\ A1\ @3+
Trax_2189121 chaosbreaker vs. Jesme : @0+ @1+ A2/ B2\ B3\ C3+ D2\ @2+ A3/ B4/ @2/ A3/ B4/ G1/ G0/ @3\ A2\ A1\ @1\ C5+ E1+ D6/
Trax_2189122 violet unicorns vs. chaosbreaker : @0+ @1+ B2\ C1\ B0\ @2+ B3+ @2+ E3+ E4\ F3/ F1/ G1/ D0/
Trax_2189123 chaosbreaker vs. violet unicorns : @0+ B1\ A2/ A3/ @3/ A4/ @2\ A1\ A0/
Trax_2189124 jaha vs. Megababe : @0/ B1+ C1/
Trax_2189125 Megababe vs. jaha : @0+ A2/
Trax_2189126 jaha vs. Traxplayer : @0/ @1/ B2/ C2/ C3/ D3/ C4/ B0\ C1\ B0+ E6\ C7+ E4/ F6+ B5+
Trax_2189127 Traxplayer vs. jaha : @0/ A0/ @1/ A0/ @1/ B0/ @1/ B0+ E5/ @2\ B0/ A2+ @1/ C0/ A0+ @4\ F3+ A5/ A6+ @4/
Trax_2189128 jaha vs. drgnrdr : @0/ @1/ B2/ C2/ A0/ A0/ @3+ B0/ @1+ C0/ C0+ D3+ @5/ A6/ A1\ @3+
Trax_2189129 drgnrdr vs. jaha : @0/ A0/ @1/ A0/ C3/ B4+ A4\ D3\ C5/ C6/ A5+ @4\ E6/ D7/ A6+ E2/ F2/ C1/ @2+ F5+
Trax_2189130 Megababe vs. Traxplayer : @0+ B1+
Trax_2189131 Traxplayer vs. Megababe : @0/
Trax_2189132 Megababe vs. drgnrdr : @0+ @1+
Trax_2189133 drgnrdr vs. Megababe : @0/ A2+ A3/
Trax_2189134 Traxplayer vs. drgnrdr : @0/ A0/ @2/ @1/ A0/ @2/ B3/ A3+ A4/ A5/ B4+ C5+ E2/ D6/ F5+ B7+ G2/ G1/ H1/
Trax_2189135 drgnrdr vs. Traxplayer : @0/ @1/ A0/ @2/ D2/ A0\ @3/ D1/ C4+
Trax_2189136 jazzbeth vs. spitfire : @0/ A2\ B2\ @1/ A0/ @2/ @2/ @3/ B4\ B5\ A1\ B0/ @4\
Trax_2189137 spitfire vs. jazzbeth : @0+ A0+ A0+ @3+ B0+ A5\ A3+ B6/ B0\ A1\ @2\ A7\ @3/ A4/ A5/ E6/
Trax_2189138 jazzbeth vs. All Puckered Out : @0/ B1+ A0/ B3/ C1\ B0/ B5/ A4+ @3/
Trax_2189139 All Puckered Out vs. jazzbeth : @0/ A2\ B2\ A3\ A0/ @1\ A0\ A5/ A6/ @3/
Trax_2189140 jazzbeth vs. Dragon101 : @0/ A0/ B1\ B2\ A3/ @3+ D1\ C0\ B0/ C0\ B0/ C0\ B0/ E5+ @7+ @3+ A7+ H5/ H6+
Trax_2189141 Dragon101 vs. jazzbeth : @0/ B1\ A2/ C1\ C2\ B3\ @1+ D3+ B0/ C0\ C0\ C0\ B0/ C0\ E5+ @3+ @5+ A3+ H4\ C0+ B8+ @7\ A9/ D10\ @9\
Trax_2189142 spitfire vs. All Puckered Out : @0/ B1\ A2/ @2\ A3/ A4/ @3\
Trax_2189143 All Puckered Out vs. spitfire : @0+ B1+ B0\ B3\ A3+ B0/ C2+ B5/ C4\ @3+ E5\ E6/
Trax_2189144 spitfire vs. Dragon101 : @0/ @1/ B0/ @2/ B3/ D2+ C4/ B4/ A3/ A4/ @4/ A5/ @5\ B6/ A7/ @7/ @7/ B6+ B4\ A8/
Trax_2189145 Dragon101 vs. spitfire : @0/ A2\ B2\ A0/ B1/ C3\ @2/ D2/ E3\ A4/ @4/ E1+ A1\ @1/ C0\
Trax_2189146 All Puckered Out vs. Dragon101 : @0/ A0/ B1\ B2+ B3+ C3/
Trax_2189147 Dragon101 vs. All Puckered Out : @0/ @1\ A0/
Trax_2189150 Pegasus vs. davidmilne : @0+ A2\ A0/ B3\ C2/ D2+ C1/ B0/
Trax_2189150 Wife of a Maverick driver vs. davidmilne : @0+ A2\ A0/ B3\ C2/ D2+ C1/ B0/
Trax_2189151 davidmilne vs. Pegasus : @0/ @1\ B0\
Trax_2189151 davidmilne vs. Wife of a Maverick driver : @0/ @1\ B0\
Trax_2189154 Sarah vs. davidmilne : @0+ A2\ @2+ B0\ B0+ A3+ @2/ @3\ @2/ B4/ C5/ B5/ B6/ F3/ F5+ D1+ E0/ E0/ E0/ A3\ @3\ H3+
Trax_2189155 davidmilne vs. Sarah : @0/ A0/ @1/ A0/ A0+ @3/ C2+ D2/ D3+ D5/ A4/ @4/ @1\ B0/ @5/ A6/ @2\ C1\ B0/ I7\ I8\ I4/ J7+ F7+ RESIGN
Trax_2189158 davidmilne vs. Geri39 : @0/ B1\ B2\ @1/ @1/ E1+ D0\ @1\ C0+ A1+ F1/ E0/ G2\
Trax_2189159 Geri39 vs. davidmilne : @0/ A0/ A3/ B1/ A0/ @2+ A5/ @5/ A4+ D5\ B6+ E4\
Trax_2191973 STrek vs. DINGEROO : @0+ @1+ A2/ A3\ B2+ B3+ C2+ D2\ D3\
Trax_2192054 Gnahaha vs. Honeybear : @0+ @1+ C1/ @1+ C0\ C3\ C4\ @2\ C4/ C5/ A4+ @2\ A4+ D0/ B2\ A2\ @3+
Trax_2193487 Sherry vs. YankeeFan : @0+ B1/ A2+ B0/ A4+ A5\ B5\ C5+ C6\ A6/ C7+ @6\
Trax_2193522 Sherry vs. YankeeFan : @0/ B1\ A2/ @2+ C2\ B3/ A4+ @4+ A5/ @3/ E0/ F3+ E4+ C1\ E0/ B3\
Trax_2193917 drgnrdr vs. Rogue Trooper : @0/ A0+ B1\ A0/ B0\ A5/ @5/ @5+ C6+ E3\ F1+ C0/ F7+ G4\
Trax_2195812 the nutter vs. Rand al*Thor : @0/ B1\ A2/ B2+ C2\ A3/ @2+ @2/ C4\ B4+ D4+ D5/ @2/ A1\ A0/ B1/
Trax_2195847 Goonerg vs. golfnutrof : @0/ A0/ @2/ A0+ @3/ C0\ D3/ @4+ E5\ F3/ C0/ G1+ G0/ G6\ H4\
Trax_2195913 Dragon101 vs. The Faun : @0/ @1/ B2/ A2+ B0+ @2/ D1/ D3/ B4+ C0/ B1+ B6/ A6/ @3/ D5+ C0/ B1+ @3+ E1/ F1/ G2/ E0+
Trax_2197627 balmoral vs. paganje : @0+ A0\ @2+ A3/ A4/ @3/ C4\ C5\ D4+ E4\ E2/ F5/ E1\
Trax_2197643 * vs. Clement : @0/ A2/ A3/ @2/ B0/ C2/ D2+ C1/ C0/ A5+ B6+ B7/ A7/ @6/ E7\ A7+ D8/
Trax_2197676 misci vs. SweetCindyJo :
Trax_2199340 Marko vs. Megababe : @0/
Trax_2199400 Pegasus vs. jazzbeth : @0/ B1\ C1/ B2/
Trax_2199400 Wife of a Maverick driver vs. jazzbeth : @0/ B1\ C1/ B2/
Trax_2199403 * vs. Traxplayer : @0/ A0/ B2/ A3+ @3+ D2\ C4/ B5\ D3\ E3/ C1/ D4\ E2/ F3+ E5+ G5+ F6/ B6/ A6/ A1\ @3+
Trax_2199404 * vs. Traxplayer : @0+ @1+ A0/ A3/ @1/ B0/ D1+ @1\ A0\ A5/ B1/ @3/
Trax_2199448 * vs. the nutter : @0/ B1\ B2\ A2+ @2\ @2/ B3+ E1+ B0/ C1+ A1\ RESIGN
Trax_2199455 the nutter vs. Traxplayer : @0/ @1/ A0/ @2/ C1+ C0/ C0/ A5+ A6/ A7/ C0\ B3+ C7\ D7\ @5+ A2\ RESIGN
Trax_2200124 * vs. Traxplayer : @0/ @1+ B2/ C1/ A0\ A0+ @3+ E4\ E5\ E1/ A4/ D0/
Trax_2200127 * vs. Traxplayer : @0/ @1/ A2+ C1+ @1/ C0+ @2/ E4\ F2\ A4/ C5+
Trax_2200132 * vs. Traxplayer : @0/ @1+ B0/ B0+ C2+ @2\ C4/ C0/ D1/ E5\ E6\ E1+ F3\
Trax_2200608 * vs. stormyskys : @0/ @1\ A0/
Trax_2204635 Chad vs. B Line electric streetcar : @0/ @1/ A0/ B3\
Trax_2204710 klaashaas vs. Keizer Soze : @0+ @1+ A0/ B3\ B4\ B0/ C3/ B0/ @4\ B1\ C0/ A3+ @3\ B1+ @2/ B5+ F1+ C0\ G5/
Trax_2205344 dgb vs. Traxplayer : @0+ B1/ @1/ A2+ B0+ B0/ B5/ A6\ B0/ @4/ C8/ D5+ @5\ B6+ F8+ C9\ C1\ D0/ F4\ G7+ @6\
Trax_2205942 Traxplayer vs. anita : @0/ A2/ @2\ A1+ C1\ C2+ B3+ B4/ B5/ A3+ C5\ D4\ B6\
Trax_2206468 * vs. basplund : @0/ @1/ B0+ A0/ @1+ @2+ E2/ E0+ @3/ A5+ D5+ G3/ H2+
Trax_2206531 csain1 vs. keops : @0/ A0/ A3/ A0/ @1\ B0/ C2+ @3+ E4+ A6/ @6/ C7\ D6+ F7\ G4\ F8\ E9+ G7+ H8/ G9+ A4\ @6/ F10\ J6+ D9/ D10/ D11/ J4/ H11\ K4\
Trax_2206554 supermac vs. rabbitoid : @0/ @1/ B0/ B0+ C3+ C4\ C5+ D3+ @1+ C6+ C0+ @3\ B5+ A6+ @6+ C1\ B0/ A3+ @3+ F9\ G9\ @3/ D9+ H10\ C8+
Trax_2206562 Honeybear vs. Pegasus : @0/ A2\ B1/ B0+ @2+ B0/ @3+ A4\ C5/
Trax_2206668 jazzbeth vs. YankeeFan : @0/ B1\ B2\ A2+ A0/ B4+ C2+ B5\ @1/ A4\ D0/ E2\ A1\ A6/ B0/
Trax_2207872 * vs. JoMarie : @0/ B1/ A0\ @1\ D1/ B0+ B0/ D1+ A4+ B5+ C6/ D4\ E4\ D6+ E6\ C7/ D0+
Trax_2208338 Oartkickel of the Wolf Pack vs. YankeeFan : @0+ B1/ @1/ C0/ C3\ D2/ @2\ A1\ C0/ B4+ C5/ D1/ D0/ D6+ A0+ @3/ A6/ @4\ A6+ @6/ A7/ D8+
Trax_2209398 davidmilne vs. dgb : @0/ A0/ @1/ B0+ @2+ B0/ A4/ @4/ RESIGN
Trax_2210041 SweetCindyJo vs. Traxplayer : @0/ @1/ B2\ C1\
Trax_2211588 game_77 vs. Megababe : @0/
Trax_2211598 FMG vs. Whistler Gandalf : @0/ B1\ A2/ @2+ B0/ @2+ B0\ A1\ A0/ @2/
Trax_2211610 Marko vs. RubyJoy : move
Trax_2211696 jazzbeth vs. ScoobyRex02 : @0/ A2\ B2\ B3+ @2\ @3+ C4\ B0\ A2+ A1+ @1\ D0+ C0/ B1+ E2+ F3/ C0/ D0/ E3+ F3/ G4\ F1+ B1\ G2\
Trax_2211697 Dragon101 vs. Gnahaha : @0/ @1/ A0/ C2\ B3/ C1\ D2+ B4/ D0/ E2\ A1\ RESIGN
Trax_2212259 king_frodo vs. dgb : @0/ @1/ B0\ @2\ B1+ B0\ A2\ @2\ B1\ B0\ A2\ D1/ B0/ E3\
Trax_2212662 Jane vs. drgnrdr : @0/ A0/ @2+ A0/ @3+ D3\ C4+ A1\ B0+ @3+ D2/ A1\ D0\ @2/
Trax_2213661 Megababe vs. Lindap957 :
Trax_2215038 Sarah vs. Rogue Trooper : @0+ A0/ A0+ @3+ C3\ D2/ D1/ E1/ E0/ F1/ C0+ G5\ F6/ H2/ H1/ D6/
Trax_2216088 stormyskys vs. dgb : @0+ B1+ B2/ A0\ @1\ @1+ A0/ A4/ A5+ @4\
Trax_2216097 * vs. stormyskys : @0/ B1+ B0+ C2/ B0+ C1+ B0+ D3\ B5+ E4/ B6+ F2/ F1/ G3\ G4\ F5\ B7+ G5+ B0+
Trax_2216106 * vs. stormyskys : @0/ B1\ A2/ A0/ @2+ B0/ @3+ A4/ A5\
Trax_2216126 * vs. Good Charlotte : @0/ A0/ @2+ A0+ B4/ C2/ D1\ E2/ B5+ D0\ B7+ F3/ C1\ C7\ C0+
Trax_2218059 RubyJoy vs. Dragon101 : @0+ A0+ A0+ A4\ A0+ A0/ B6\ C6\ C7\ C4/ C8+ D4\
Trax_2219584 Chad vs. Traxplayer : @0/ @1/ A0/ @1/ B0/ @1+ A0\ B0+ A5/ @3/ C6\ RESIGN
Trax_2219968 SweetCindyJo vs. Jay RAA : @0/ B1+ A0\ @2/ D2/ C1/ C0/ @3\ B2+ A2+ A1\ A0\ B2+ E2/ @3/ E1+
Trax_2220008 Traxplayer vs. dgb : @0/ @1/ @1/ @1/ D0+ B0+ B0/ B0/ @5/ F4\ B6+ F7\ RESIGN
Trax_2221586 Rand al*Thor vs. Jay RAA : @0/ A2+ A0\ @1\ A3+ B4\ C2/ @2/ A0/ @3/ A5+ B6/ C7+ F4+ D0+ F7\ G5\ F3/ G3/ H5\ A1\ @1\ C0/
Trax_2223170 SweetCindyJo vs. Dragon101 : @0/ @1/ B0/ @2/ A3\ A4\ @3/ A1\ A0/
Trax_2223331 game_77 vs. Traxplayer : @0/ @1/ A2+ C1+ C0\ B4\ A4+ @2+ B5\ C0+ C6+ D6\ E6\ F5+ D7/ B0+ E4/ D9+ C8+ F9\ F10+ G7\
Trax_2223378 paganje vs. SweetCindyJo : @0/ B1\ A2/ @2+ A3+ C2+ B0+ B0\ @2\ @2+ B1+ C6/ B6/ B7/ @3\ F5/ F2/ G3\ @5+ F7+ F8\ H6\ @6\ J4\
Trax_2223379 misci vs. Megababe : @0/
Trax_2224278 dgb vs. davidmilne : @0+ @1+ @1\ A0\ B0\ @2+ C4/ RESIGN
Trax_2226718 Dania59 vs. SweetCindyJo : @0/ B1\ A2/ @2+ B0/ @3\ B4/ @2/ F2\ C5\ D5\ C6+ E4+
Trax_2228135 smores4me vs. jazzbeth : @0/ B1\ A2/ @1/ C2+ D1\ C0\ C0\ A4+ A5/ @2+ F2\ @2/ B0/ B5+ A1\ A0\ @4\
Trax_2228636 Sophia vs. paganje : @0/ A2\ B2\ B3+ B1/ C3/ @2+ C4+ D1+ C0+ B0/ A2\ A1\ B0/ @3+ @3\ @2/ B4/
Trax_2230185 Traxplayer vs. stormyskys : @0/ A2\ B2\ B3\ @2+ C1+ D3\ D4/ B0\ A1\ A0\ A0/ @3+
Trax_2231967 klaashaas vs. golfnutrof : @0/ @1/ A2/ A3+ C3/ @3/ A1/ B4\ D1\
Trax_2232024 Keizer Soze vs. Dragon101 : @0/ @1/ C1/ A2+ C3+ D1/ D0/ E1/ F4\ F5\ E5+ A0+ @3/ H6+ H7\ H1/ E7/ F0/
Trax_2232288 spitfire vs. drgnrdr : @0/ A0/ B1+ B0\ C1/ B0\ B5\ C3\ D3\ E4/ @4/ E2+ D5\ D6\ E6\ B7+ F1/ G1/ H1/ F7\ F8\ G3\ F6+ G5\
Trax_2233576 Chad vs. Rand al*Thor : @0/ B1\ B2\ A2+ C2/ C1+ C0\ B1\ @2/ A4/ @2/ D0+ D5\ C1+ F3\
Trax_2233638 Phil The Hat vs. drgnrdr : @0/ A0/ B1+ @1\ B0/ D2/ B0/ C5/ C6/ @3/ A2+ D0\ B0+ A1\ @4/ F1/ G2/
Trax_2233654 the nutter vs. Honeybear : @0/ A2\ B1/ B0+ @2/ C0+ C0\ B1\ C5+ B0+ D3/ A1\ C0\ E2+ D7/ C8\ E7/ D5\ E4+ @1\ A0\ D1+ E0\ G2+ F7\ G5/ H3/ D11/ C10+ C2\ E11\ D12/ E0\ H6/
Trax_2234212 Traxplayer vs. marygal : @0/ B1\ A2/ @2/ B0+ @3/ A0+ @3/ B0/ C6\ @4+ B5+ A1\ @1\ C0/
Trax_2234258 Traxplayer vs. Phil The Hat : @0/ @1/ @1/ D1\ B2+ E1\ D0+ F2\ A1+ C0+ G3+ @3/ B5+ @4\ @3+ B6/ A4+ C7\ D6+ D1\ E0/ B9/ A7/ @5/ @5/ F9\ RESIGN
Trax_2234503 Traxplayer vs. dgb : @0/ @1/ @1/ B0+ A0/ B0\ D3\ @4\ D5\ C6+ @4\ B2+ C0\ C0\ C0\ D1+ RESIGN
Trax_2235606 Megababe vs. Pegasus :
Trax_2237288 game_77 vs. * : @0/ B1+ B2\ A3+ A4/ @2\ C0\ @3+ E4/ E5\ C6/ F5/
Trax_2237368 Keizer Soze vs. * : @0/ A2\ B2\ C2\ @1\ A0\ @1+ A3\ D4+ C5+ @2+ D6+ A4/ @3\ G2+ C0+ A5+ E8+
Trax_2237559 Marko vs. Pamper Me : @0/ A2+ @1\ A0\ C2+ C4/ D4\ C5/ E3/ E2/ F2/ A5/ E1+
Trax_2238819 SweetCindyJo vs. Dragon101 : @0/ A0/ @2\ B0\ A1\ A0\ @1\ D4\ D5\ D1/ A4/ B5/
Trax_2239207 ontherocks vs. Dragon101 : @0/ @1/ A2+ @2+ C3\ D3\ D4+ D1+ E3\ C0/ B4+ D6\ B0\ A1\ F6/ B7/ C8/ A6/
Trax_2240352 smores4me vs. Dragon101 : @0/ @1/ B0\ @2\ A1\ @1\ B3\ B0+
Trax_2240750 STrek vs. rabbitoid : @0/ A0/ @2+ @2\ D2+ C3/ C4+ D5/ E5+ D0/ E1/ F4\ C1+ F3/ G3+ D0+
Trax_2240780 Dragon101 vs. supermac : @0/ B1\ B2\ C2\ A0/ B4+ A4/ D1+ D0/ E1/ C0\ E5\ F5+ E6/
Trax_2241843 RubyJoy vs. jazzbeth : @0+ @1+ A0/ A3/ @3+ B4/ C3\ @2/ B1+ @2/ A4/ D5/ @3/
Trax_2242874 supermac vs. jazzbeth : @0/ B1\ A2/ B0\ @3/ B0/ @1+ C0/ @2/ C6/ @6+ A7/ @5/ @4+ A2+
Trax_2244780 Sophia vs. Dragon101 : @0+ A0+ A3+ A4/ @2+ A3+ B0\ A1\ @1+ A0\ @1+ D1/ C0+ E2\
Trax_2244781 Dragon101 vs. Sophia : @0/ A2\ B1/ B0+ @2+ C0+ D2+ C0+ A2\ @1/ E2/
Trax_2244786 Sarah vs. Dragon101 : @0+ A0+ B2\ B3\ B4+ @2/ D4\ D3+ E3/ E5/ B5+ C6+ C7/ A6+ @6/ @3+ @3/ D8+ D9/ C2+ C1\ C0\ E0+ D0/ F3/ I7+ J8/ B1\ C0/ A3/
Trax_2244787 Dragon101 vs. Sarah : @0/ A0/ B2/ B3/ C2+ D2\ A3/ C4\ B1/ B0/ D1\ B6/ D0/ E2\ A1\ C0/ @3\
Trax_2244790 bigdan409 OTWP vs. Dragon101 : @0/ A0/ @2/ @2+ A3+ A4+ A5+ C3\ @4/ E2\
Trax_2244791 Dragon101 vs. bigdan409 OTWP : @0/ A2+ A3+ B2\ @3\
Trax_2244794 Dragon101 vs. chaosbreaker : @0/ B1+ C1/ A2/ B0+ C3+ A4+ B0/ A2\ @1/ D6/ A4/ @5\ F4\ G5/ F7+ E8\ G8+ B6+ A7\ @7+ A4+ A8+
Trax_2244795 chaosbreaker vs. Dragon101 : @0+ A0+ A3+ A4/ @4/ @4/ D3/ A2\ @1/ A3+ B0+ @4/ B6\ A1\ @2+ C0\
Trax_2244796 Rand al*Thor vs. B Line electric streetcar : @0+ @1+ A2\ A0\ B1+ @2+ D1\ E2/ D3+ A0/ @1\ A0\ A4/ @3+ D1+ B5/ A4/ D6/
Trax_2244797 B Line electric streetcar vs. Rand al*Thor : @0/ A2\ B1/ B2+ A0+ C2/ @2/ @2+ @1/ A0+ D5\ F1+ E0/ G3\ F6+ B6+ B7/ H6+ I5\ E7+ B8/ A8/ @7+ D9+ H7+ H8+ H9+ E10/ C10+ A9+ G11+ H10\ C11/ @9/ F12/
Trax_2244798 Rand al*Thor vs. Guyver : @0+ @1/ A2/ C2\ C3\ B3+ B0\ C2+ D2+ D1/ D0/ @2\ A1\ C0/ E1/ F4+ C0+
Trax_2244799 Guyver vs. Rand al*Thor : @0+ A2+ A3+ B2/ @2/ A1+ C3\ D2/ D3+ E3+ B0+ D5\
Trax_2244800 Rand al*Thor vs. drgnrdr : @0+ A2/ @1+ B0/ A1+ C3/ D3\ B4/ @4/ C5/ A2\ @2\ B5+ F1/ C6/ G3/
Trax_2244801 drgnrdr vs. Rand al*Thor : @0/ B1\ A2/ B2+ A3\ B3\ B4\ C2/ @4/ E4\ B5/
Trax_2244802 B Line electric streetcar vs. Guyver : @0/ A2\ B1/ B2+ A0+ B4/ @3\ @3\ B5+ E3+ F3/ E4\ E5\ F6/ F1/
Trax_2244803 Guyver vs. B Line electric streetcar : @0+ B1+ A2\ B0/ A1+ B0/ B0/ C4+ D4\ E4+ F4/ F3/ E2/ G4+ C5+ D6/ E6+ G6\ D7/ H6/
Trax_2244804 B Line electric streetcar vs. drgnrdr : @0/ A0/ A3/ A4/ B2+ @2\ @2+ A1\ C0/ C6/ @2\ B0\ A7+ @5\
Trax_2244805 drgnrdr vs. B Line electric streetcar : @0/ @1/ B2/ C1+ D2/ B3+ A3/ A4/ C4+ @3+
Trax_2244806 Guyver vs. drgnrdr : @0+ A0/ B2+ A3/ B3+ @2\ A0\ @3\ A1+ C0\ B1+ D1/ E3\ C0/
Trax_2244807 drgnrdr vs. Guyver : @0/ B1\ A2/ B2+ @1\ B0/ C0\ A2+ B0/ D4\ A0\ @1\ E1/ C0\ F3/
Trax_2244808 Jesme vs. jaha : @0+ A0/ B2+ A3/ B3+ @3\ D2\ E2\ C4+ E1/ D0/ F2\
Trax_2244809 jaha vs. Jesme : @0/ A2\ B2\ B3+ @2+ A1+ @2+ C4+ E3+ F3/ F2/ D1+ G2+ E4\ H2+
Trax_2244810 Jesme vs. forget me not : @0+ B1+ A2\ B0/ A1+ @1/ @2/ B3+ A3+ A4/ C0/ D1/ E2/ D0\ F4\ E5+ F5+ E6/ C1+ D6/ A7/ G5+ @5\ E7+ @6\ A5\ E7+ C8/ B9\ H6\ E8\ G8+ G9\ F10\ H8+
Trax_2244811 forget me not vs. Jesme : @0+ B1+ A2\ A0\ @1+ B4/ A3+ A4+ @4/ D1/ D0/ D0/ @6\ B5+ B3+ B2\ A2\ B7/ @5\ G3+ D2+ D1+ E0\ H2/ H1/ H0/ A9/ @8\
Trax_2244812 Jesme vs. Traxplayer : @0+ @1+ A2\ A0\ @1+ @1/ B3+ @3+ @2\ A1\ C0/ F5\ G3\ C5+ F6/ D5+
Trax_2244813 Traxplayer vs. Jesme : @0/ B1\ A2/ @2+ B0+ @2+ B0+ @3+ C5+ @3+ B1\ C4/ B0/
Trax_2244814 jaha vs. forget me not : @0/ A2\ B2\ B3+ @3\ C4+ A4/ @3\ C5+ @3/ B5+ A4+ B6\ C2\ C0+ B3\ @5\
Trax_2244815 forget me not vs. jaha : @0+ A0/ A3\ B2/ C2/ C1/ C4\ D2+ B5/ A5/ D5\ @4+
Trax_2244816 jaha vs. Traxplayer : @0/ @1/ A0/ @1/ B0/ A0/ B5/ C3/ @1+ @2+ F3/ F2/ @3\ C4+ F1/ F0+ @4+ G0/ H1/ I7\ G8+ I1+ G0\ J4\
Trax_2244817 Traxplayer vs. jaha : @0/ A0/ @2+ @2/ C0\ B4+ D3+ C4\ E2\ F3/ G2\ H2\ F1+ E0/ F5+
Trax_2244818 forget me not vs. Traxplayer : @0/ @1/ B0+ @2+ C0\ B4\ C4+ D3+ D2/ @2+ D0/ D0/ F4+ G4\ F3/ F2/ C2+ @3+ C1\ E0/ B6/ @3\ A2\ I1/ J1/ J0+ J5+ K4\ K3+ C8/ E9\ B7+
Trax_2244819 Traxplayer vs. forget me not : @0/ B1\ A2/ @2+ B0+ @3+ C4\ D4\ C5\ @3+ B1\ A4/ B0/
Trax_2244820 The Viking vs. jazzbeth : @0/ A2\ B2+ A3\ B1/ A0/ B1+ @1\ A0\ A5/ C6/ @4\
Trax_2244821 jazzbeth vs. The Viking : @0/ B1+ C1/ C0/ B0/ D2+ A1\ D4\ @3\
Trax_2244822 The Viking vs. spitfire : @0+ B1\ B0/ C2\ C1+ B0\ A2+ B0/ C1\
Trax_2244823 spitfire vs. The Viking : @0/ A2+ A0\ @2+ A1+ @1\ B3/ D1\ D0/ E1/ B5+ A5/ C6\ D5+ C0\ B1\ D7+ E6/ @6\ A5\ A2\ B7+ D8\ B8+
Trax_2244824 The Viking vs. Rogue Trooper : @0/ A0+ A0+ @1/ C1/ C0/ @3/ D3+ E3\ E4\ D5\ F3+
Trax_2244825 Rogue Trooper vs. The Viking : @0+ @1+ A0/ A3/ @3/ @3+ B1+ @3+ A1\ B0/ @3+ B1+ B0\ B0\ A1\ @2+ D0+ E3+ F2+ G2/ H6/ G7+ F8+
Trax_2244826 jazzbeth vs. spitfire : @0/ B1\ A2/ C1\ B0\ @1\ B0/ E3+ D4\ B5/ B0/ A1\ @2+
Trax_2244827 spitfire vs. jazzbeth : @0/ B1\ A2/ @1/ D1/ C0\ A3/ B0/ D1/ C0\ @1\ A0\ @3+ C7/ @4\ A1\ H4/ @3\
Trax_2244828 jazzbeth vs. Rogue Trooper : @0/ B1+ A0/ @1+ @2\ C3/ C4/ C0/ E3\ E2+ B0/ E1/ F1/ @4\ B2+ E0+ C1+ F8\ G5\
Trax_2244829 Rogue Trooper vs. jazzbeth : @0+ @1+ A0/ A3/ @3/ @2/ B1+ C0+ E2\ E4/ E5/ @2/ B1+ A0/ @3+ A4/ D0/ E1/ A1\ @2/ D0\
Trax_2244830 spitfire vs. Rogue Trooper : @0/ B1+ A2/ C1+ A0\ @3+ B4/ @3+ C0\ @4+ @4/ A5/ F6\ H3+
Trax_2244831 Rogue Trooper vs. spitfire : @0+ @1+ B2/ @2/ B0/
Trax_2246946 * vs. B Line electric streetcar : @0/ @1/ A2+ A0+ @1\ @1+ B0+ B0/ B0/ B0/ D3\ A1\ E4/ @4/
Trax_2247053 Irishrose vs. Megababe : @0+
Trax_2247580 aprilflower vs. Traxplayer : @0+ B1+ C1/ @1\ E1\ D2/ A2/ B3+
Trax_2248961 Traxplayer vs. lapman : @0/ A2+ A3/ @3+ @2/ B1+ D2+ C4/ C5/ A4+ D5\ E4+ F3\
Trax_2249452 dgb vs. davidmilne : @0/ @1/ B0+ @2+ A0/ A4/ B4+ A0/ @1+ A4+ @3+ @4\ C6+ B1+ @4\ C5+ G6\ H6\ F2/ RESIGN
Trax_2252303 B Line electric streetcar vs. The Faun : @0/ B1+ C1/ @1/ B0/ D3/ A0\ @1\ E1/ RESIGN
Trax_2252384 YankeeFan vs. aubug : @0/ A0/ @2+ B3\ C3\ C4+ C1+ D2/ A0\ @3\ F2\ E4+ F1/ G3/ D0+
Trax_2252410 * vs. Shreela : @0/ A0/ @1+ B0\ B4/ C1\ @3\ B1\ @3\ B0/ @3/ D6\ @2+ B0\ H6+ H3+ E1+ E0/ I3+ D0+ I6+ G10\ J6/ J3+ F1+ D0/ C1+ A3\ @5/ I11\ J9\ K9\ L9\ I12+ J12\ M10\ @4+ J13/ M13\ F0/ K15\
Trax_2252432 BabyGirl The Rebel Angel vs. Jay RAA : @0+ B1\ B2+ @1/ A3+ C3+ D3/ C4\ A4+ @3+ E5/ A4/ A6+ F2/ F1/ E0/ @6\ B8/ D8/ F8\ G6/ E9\
Trax_2253349 Traxplayer vs. Rogue Trooper : @0/ A0+ @2/ @2+ B0+ @2/ E2\ D1/ F2\ F4+ E5+ A0\ @3+ E1+ B0+ F8+ C0/ E2+ C0/ D2+ C0\ B1\ E2/ E1\
Trax_2253350 Rogue Trooper vs. Traxplayer : @0+ B1+ A0/ A3/ @3/ @3+ B1+ C0+ B0/ A2+ @1/ C0/ E2+ D0+ @3/ E8\ F8\ A7/ @5+ H5+ A2\ RESIGN
Trax_2254277 keops vs. Jump This : @0/ @1/ C1/ C2/ D1/ A0\ @2/ F3/ D4/ F5+ G4\ H4\ H5\ H6\ H7+ I3/ I2/ A3+ J6+ J7\ F8/ E8/ J8+ I9\ K7\
Trax_2254288 vfmgame MIA vs. Traxplayer : @0+ B1+ B0/ B3/ A1+ C2+ C3+ B0+ C5\ C6\ A5+ D5+
Trax_2254712 Sista vs. Lady Ehlana : @0+ @1+ B0+ B0/ B4\ C1/ C4\ D3\ C0+ @4\ B3+ E2\ F4/ E5+ E6+ D0\ B2\ B1\ B0\ @3+ D1+ D0/ C8+ E2+ F3/ G4/ G3/ C9+ B9/ A9/ @6\ A7+ E10/ I6+ A5\
Trax_2254750 Sista vs. Lady Ehlana : @0+ B1+ C1\ C2\ C3\ @1+ E3+ C0\ E5/ B3+ A3/ D6/ C6+ @4\ D0\ D8/ @5/ A6/ C1/ A4+ @4\ @4+ D2+ H2+ A3+ E9/ @4\ D1\ F0/ E0/ F1/ D9/ K7/ H2/ E0+ J4/ I3+ D11+ E0\ D13\
Trax_2255690 Traxplayer vs. the great snowqueen : @0/ B1\ A2/ B2+ @2\ C3+ D2\
Trax_2259314 jazzbeth vs. Irishrose : @0/ B1\ A2/ A3+ B0\ @2\ A1+ C3\ A0\ @1\ A4/ E4/ @3\
Trax_2259837 Traxplayer vs. marlisam : @0/ B1\ A2/ @2+ B0+ @1/ A0/ A4\ C5\ D5\ @3/ E2+ E6\ F5/ F3/ G3/ G2/ H2/ F1+
Trax_2260567 Chad vs. dgb : @0/ @1/ @1/ C0+ D1/ E1/ C3/ E0+ D0+ D4+ C6/ E5+ F5+ G4+ E7+ F6\ C8/ B7\ A5+ C9+
Trax_2260568 dgb vs. Chad : @0/ @1/ B0+ A3\ A4\ @1/ B0+ D2\ A4/ D4+ E3+ D1\ @3/ A2+ B0/ @2/ A0+ E1/ @2+
Trax_2260569 Chad vs. McStack : @0/ A0/ B2/ C2/ C3/ D2/ C4+ B4/ C1\ B0/
Trax_2260570 McStack vs. Chad : @0/ @1/ A0/ @1/ B0/ B4\ D3/ C1/ B5\ A0+ @3/
Trax_2260571 dgb vs. McStack : @0+ A0/ A3\ B3\ A4\ C1+ B0\ @5\ C0+ E2+ A2\ A1\ @1\ B0\ E7\ F5/ B0\ D2+
Trax_2260572 McStack vs. dgb : @0/ @1/ A0/ @2+ C3/ B0\ B0\ B5/ C2\ D5+ D2+ C6+
Trax_2261168 Whistler Gandalf vs. Keizer Soze : @0+ @1+ A2\ B0/ C1+ D1\ C3+ E1/ D0+ E1+ D0\ E4+ E1/ D0\ C1+ A4+ @4\ @2\ A1\ A4+ C1+ B0/ A6+ @6/ C8/ B8/ F8\ F9\ I4\
Trax_2261238 FMG vs. Megababe : @0/ @1\ A0/
Trax_2263002 FujiTape vs. Cinnamon : @0/ A2\ B1/ B2+ A3/ @3+ A2+ @3/ B1\ B0\ D1\ A3\ @4/ B2\ B1\ B0\ A4\ @5+ B1\ B0\ F1/ F0/ G3\
Trax_2263109 klaashaas vs. csain1 : @0/ B1/ B0/ A3/ C3/ D3/ @1/ @1/ D4+ F2/ B4\ G3+ D5\ C5+ D0/ C7/ C8/ A8+ H5/ E1+ E0/ @9\ G1\ I8\ J6+ D10/ B1\ D0+ A2/
Trax_2263236 SweetCindyJo vs. chaosbreaker : @0/ B1+ @1\ B2/ B0\
Trax_2263276 jaha vs. golfnutrof : @0/ @1/ A0/ C2\ A3+ C1+ B0+ A5\ C5+ @3/ E4\ D6\ F6+ A1\ @3+ G4/ H5\ H7+ H8\ I6/ G8+
Trax_2264501 Deep Thinker vs. dgb : @0/ A0+ B2/ A3/ @3/ B0/ D3/ @4+ E5\ F2\ G4+ F5\ G5\ A1\ RESIGN
Trax_2264502 dgb vs. Deep Thinker : @0/ @1/ @1/ C2\ D2\ B0+ B0/ B0/ A2+ E5\ B6/ B7+ A7/ @7/ E3+ F2+ A1\ D0\ D9/ RESIGN
Trax_2264581 YankeeFan vs. Kran : @0/ B1\ A2/ @2+ A3+ @3+ C0+ @4+ E3\ E4\ E5+ F4/ F2/ F1/ B2/ A5/ D6\ A1\ C0+ @3/
Trax_2265062 * vs. twobanana : @0/ B1+ A0\ @2/ A1+ @1+ A0\ D4+ E4\ B5/ A5/ @5/ A2+ @4+ B6/ @4\ C7/ A7+ @6+ F1+ B8+
Trax_2265273 nisqually vs. spitfire : @0+ B1\ A0+ B3/ A3/ @2+ A1+ B0/ C2+ D2+ D1+ A5\ @4/ B1\ B0\ F2/ F1/ D0/ F1/ E7\ F6\ E8/
Trax_2266009 dgb vs. Deep Thinker : @0+ @1+ A0+ B3/ B4/ @2/ D4\ D5\ B0/ C1/ D1+ RESIGN
Trax_2266012 dgb vs. Deep Thinker : @0/ @1/ B0+ @1+ D1\ C0\ E2+ C4+ E3+ C0\ C6/ C7/ B0+ B0/ F6+ @4/ F4+ G4/ G3/ RESIGN
Trax_2266014 Deep Thinker vs. dgb : @0/ A0+ B1\ A3/ @3/ B0/ D3/ @4+ E5\ F3/ C0/ G1+ RESIGN
Trax_2266015 Deep Thinker vs. dgb : @0/ B1\ B2\ A0/ B4/ A4/ @3\ @3+ C5/ C6+ E4/ F1+ F0/ F7+ RESIGN
Trax_2267247 Deep Thinker vs. Jump This : @0/ @1/ A2+ C1+ @2/ A3/ C3+ C0\ C0\ E3+ E5\ C6\ F4+ E6\ D7/ C8\ D1/ D0/ G6/
Trax_2267322 violet unicorns vs. Deep Thinker : @0/ @1/ B0\ @2\ B1+ B0\ A2+
Trax_2267733 supermac vs. B Line electric streetcar : @0/ @1/ B0/ @1+ C0/ @3\ C4/ D0+ E5\ C6/ B0+ A1\ @1+ C0+ F8+ C9\ G7\ @2/ B5+ A1/ A0/ @5\ F11+ I10+ A1\ B0/ @5/ B8+ E12+ K7+ K5+ K12/ L11\ I13+
Trax_2267781 Dragon101 vs. The Faun : @0/ @1/ A2+ @2\ B0\ D2/ B4+ B5/ A5/ @2/ D0/ E5\ F5\ A6/ @4\ C7+
Trax_2267988 jazzbeth vs. Sarah : @0/ A0/ @2/ @1/ C3/ C4+ D4+ C5/ E2+ F2/ D5+ D6\ E5\ F5\ G2/ H2/ H3/ D7\ E7\ G6/ H5+ I4\ J5/ K5/ I2+ F0+ I2/ H0\ J4+ I8+ L5/ L4/ L8\ L9\ M6\
Trax_2267989 Sarah vs. jazzbeth : @0+ A0+ B2\ @2\ C3/ A3\ B4/ @4\ A5\ E3/ F3/ F1\ G1\ H1\ F5/ H2/ I2/ G0+ H4\ E6/ I6\ J3/ I7/
Trax_2267990 jazzbeth vs. davidmilne : @0/ @1/ @1\ A0/
Trax_2267991 davidmilne vs. jazzbeth : @0/ B1\ A2/ @1/ A2/ D1\ E1+ B0/ C0/ B1+ E1+ C4+ A5/ F3/ F0\ F0\ @7+ C8+ H4\ D2+
Trax_2267992 jazzbeth vs. Dragon101 : @0/ A0/ A3+ B1+ C1\ @3/ A2+ C0+ B5/ C5+ A5/ @2/ C6+ C7\ C8\ B7+ C1+ F5\ F6\ G6+ F2+ A7/ @4+ I5\
Trax_2267993 Dragon101 vs. jazzbeth : @0/ B1\ A2/ @1/ @1/ B0+ B3+ C4/ C5/ A4+ @3\ @3\ @3\ @3\ @3\ @3\ @3\ @3\ H5+ I6+ F0+ D0+ C0/ I10/ F9/ L8/ K9+ F2/ F1/ F0/ F0/ J3+ L5+ M5\ L3/ M3/ H0+
Trax_2267994 Sarah vs. davidmilne : @0+ B1+ C1\ C0\ B0/ C4\ D4\ D5\ E4+ E0/ F1\
Trax_2267995 davidmilne vs. Sarah : @0/ A0/ B2/ C2/ B3+ C4/ B5\ C6/ A6+ @2/ A0\ @2/ E2/ F2/ G7\ F8/ H5+ F9\ RESIGN
Trax_2267996 Sarah vs. Dragon101 : @0+ A0+ B2\ @2+ C3/ D3/ E2\ F3/ F4/ G3/ C1+ H1/ H0/ H5\ G6/ I4/
Trax_2267997 Dragon101 vs. Sarah : @0/ A0/ B2+ B3\ A0/ A0/ C4/ D4\ @2+ E1+ F2+ D0+
Trax_2267998 davidmilne vs. Dragon101 : @0/ A0/ A0/ @2+ @1/ B0+ B5\ @2/ A4\ @3+ @3/ A5+ C6/ G3/ H4+ F6+ D6\ D7\ B1\ E0\ G2\ H8\ RESIGN
Trax_2267999 Dragon101 vs. davidmilne : @0/ @1/ A2+ B3/ C2+ B4/ @1/ @2\ D0/ F3\ F2+ E0\ G3/ @4/ B5+ A5+ A6+ B6+ A7+ H5+ G0+ @7\ F1+ C8\
Trax_2268000 dgb vs. jaha : @0/ A0/ B1+ @2\ @2\ C3+ E2+ A1+ C0/ @3\ D0+ A5/ @4\ @4\ H6\ I4\ C6+ D7/ E1+ F0/ G1/ H3\ F0+ E1\ D1+ C4+ D0/
Trax_2268001 jaha vs. dgb : @0/ A0+ @2+ B0/ A4/ A5/ B4+ @3\ B1+ @1/ A3+ C6/ E6+ D7\ @5+ D8/ C8/ @8+ D9/ G9+ H8\ F10+
Trax_2268002 Traxplayer vs. Deep Thinker : @0/ @1/ A0/ @1+ B3+ @1/ A0/ @2/ C0+ E3+ F3/ E6/ @3+ D0/ F1+ G2/ F0+ E9/ B7/ A7/ A9/
Trax_2268003 Deep Thinker vs. Traxplayer : @0/ @1/ B2+ B0\ @2/ B4+ C0\ @4/ C1\ B2+ A3+ E2+ B0/ @3/ G2\ @3/ E7\ A6/ A7+ @5/
Trax_2268354 Sista vs. Lady Ehlana : @0+ B1+ B2/ B0/ A1+ C1\ @1/ C0+ @2+ A1+ A0/ @3/ D1/ E0\ F5\ E7/ G4+ G3/ A3+ B5+ B6/ H1/ H0/ C8/ C9\
Trax_2269469 Megababe vs. Deep Thinker : @0+ @1+ C1+ @1+ @1+ @1+ B0+ G2+ E1+ @2+
Trax_2269924 Shadow_Ops vs. Megababe : @0/ B1+ @1\ B0/ A1+ @1\ @1/ C0+
Trax_2273103 chaosbreaker vs. Megababe : @0+ A0+ A3+ A0+ A0+ @4+ B6+ A1+ B7+ C3/ B0+
Trax_2273311 Jump This vs. Deep Thinker : @0/ A2\ B2\ B3\ A4\ C2+ B1/ B4\ A0\ @1\ D1/
Trax_2274862 RubyJoy vs. Honeybear : @0+ B1+ A0/ B3\ A0/ B5/ A5/ @2/ D1/ C0\ D5\ E4+ E2/ F2/ A6/ F1+ B7+
Trax_2274907 Oartkickel of the Wolf Pack vs. SweetCindyJo : @0+ @1\ B2+ B3/ C2+ A2+ @3\ B4\ E2+ D3+ @4+ A1\ B5+
Trax_2274926 Traxplayer vs. dboy97 : @0+ A0/ @1/ @1/ @1/ B0+ @2/ B4/ A0\ E1/ C0+
Trax_2275262 Jane vs. Megababe : @0+ A0+ A3\ A0+ B4\ B2+ B5+ @3/ D5\ C6\ D2+ D1/ E4\
Trax_2275501 Paddington Bear vs. dgb : @0/ @1/ A2/ C2+ @1+ C3+
Trax_2276293 dgb vs. Paddington Bear : @0+ A0+ A3+ A4/ @4/ B0\ A1\ @4/ B0+ B0/ D1+ D0/ E1/
Trax_2276777 Phil The Hat vs. Rogue Trooper : @0/ A0+ @2/ @2/ @2/ B0+ A4/ @1+ @3+ G2\ F5+ B5+ B0\ B0\ A1\ @1\ B8\ A4/ @1+ E0/ F1/ B9+ A5/ F3+
Trax_2278432 Morticia vs. lexy : @0/ B1\ B2\ B0/ C2/
Trax_2278586 Traxplayer vs. dgb : @0/ A0/ @2+ B0+ @2/ D2\ C4/ C5/ @3\ A0\ @3+ C5+ D7/ A5/ A6/ B7/ RESIGN
Trax_2279589 Paddington Bear vs. Dragon101 : @0+ A2+ A3+ A4/ A0\ @1/ A5\ A3/ @3/
Trax_2280366 STrek vs. jazzbeth : @0+ @1+ A0/ A3/ @3/ @2/ B1+ A3+ @2/ A4\ C4+ @4/ B5+ A1\ F3+ @3\
Trax_2280371 purplehawke vs. BabyGirl The Rebel Angel :
Trax_2280392 The Faun vs. Traxplayer : @0+ B1+ A0\ A3\ B4/ @4\ D2/ D3+ E3+ D5\ E5\ A5/ RESIGN
Trax_2281151 Sista vs. Traxplayer : @0+ @1+ B2+ C1+ A2+ @1+ B0/ B4/ A3/ @3/ @3/ A1\ @1\ D0+
Trax_2281287 dgb vs. Paddington Bear : @0/ @1+ @1\ C0/ D1/ D0/ E1/ B0+ B0/ B6/ @6/ B7\ A3+ @4\ B1\ A2\
Trax_2281882 Kran vs. Dragon101 : @0/ A0/ B1+ C1\ @2/ C3\ @1\ A0\ C5\ A4+ D5+ E5\ F3/ @4+ F6\ H6+ H7\ E1+ I5+ I6\ I2/ J4\ H1\
Trax_2283348 Sartex vs. jaha : @0+ A0/ A3\ B2/ C2/ C1/ D1/ A0+ @1\ D0/ F2\ E1+ A1\ A0\ @1\ @2+ C6/
Trax_2283354 drgnrdr vs. golfnutrof : @0/ A0+ A3/ @3\ B0\ A1\ C1\ C3+ D4/ A0+ @3+ E1/ F2\
Trax_2283392 YankeeFan vs. Honeybear : @0/ A2\ B1/ B0+ @2+ B0+ C4\ D2\ @3+ C0+ B5/ B6/ @4+ B3\ @4+ A5\ @4+ H5\ H6\
Trax_2283525 Paddington Bear vs. Dragon101 : @0+ A0+ A0/ B1/ A4+ C1/ A5+ C3\ A6+ D2\
Trax_2283853 nisqually vs. spitfire : @0/ B1\ A2/ A3/ B2+ @2/ A3/ B4/ A4/ C5\ D4/ D3+ D2+ A0\ @2/ E6\ F5\
Trax_2283972 Paddington Bear vs. dgb : @0+ B1+ @1+ @1+ @1/ A2/ @2/ @1\ A0\ B4/ @2+ A5/ @5/ F5+ A2/ G4+
Trax_2284803 the great snowqueen vs. dgb : @0+ B1+ @1/ A2/ D1/ D0/ @3\ F1+ C4\ D3\
Trax_2285789 Megababe vs. FMG : @0+ @1/ C1+ A2\ B2\ D1\ B0/
Trax_2288349 Sista vs. Lady Ehlana : @0+ B1+ B2/ A0\ B1+ C3\ B4/ B0+ C2\ D4\ B0\ @2\ C0\ A2+ D7\ C8/ E7\ A5\ @1/ F8/ B7\ D9/ A4/
Trax_2289860 dgb vs. Paddington Bear : @0/ A2+ A3/ B1+ C1\ B3+ D2+ E2\ C4+ A4/ E5\ F3+ A5+ B6+ @5\
Trax_2290381 Sara vs. purplehawke : @0+
Trax_2292009 dboy97 vs. drgnrdr : @0/ @1/ @1/ A0/ B3+ A4\ @2/ D1/ @4/ A5/ A1\ E0/ @3/
Trax_2292520 Jane vs. Misfit Lenrad6672 : @0+ @1/ B0+ C2\ C3\ D3\ B4/ E2/ E1/ C5/ E5/ B5+ A5/ @3\ C6+ @2\ A1\ B1+ A4+ @2\ B6/ A6/ C7\
Trax_2293868 Megababe vs. Irishrose : @0+ A0/ B2+ A3+ A4\ A5/ B3+
Trax_2295051 The Faun vs. drgnrdr : @0+ B1\ @1\ B2/ A3\ @3\ B4\ C5/ @4+ @4\ @4\ B5+ H1\ G0/ F1+ D3+ A3\ @3\ A5+ D7+ A7/ B1+
Trax_2295103 jaha vs. dboy97 : @0/ A0/ B2/ @1\ A0\ A4\ B5/ A6\ D5+ E4\ F4\ E6+ @6/ C7/ @1\ B0/ F3+
Trax_2296524 RubyJoy vs. YankeeFan : @0+ @1\ A2/ @2/ C2+ C3+ D2/ A1\ @2/ B0+ B0/ B6+ E1/ F1/ D0/
Trax_2296551 SweetCindyJo vs. Honeybear : @0/ B1\ B2\ C2+ B3/ A3/ D1\ C0+ @2\ A1\ A0\ A0+ @1\ E2/ G4\ H4+ E6\
Trax_2297433 Jane vs. Misfit Lenrad6672 : @0/ B1\ A2+ B2+ A3/ @3/ D2+ C3+ C4\ @2\ A1\ A0\ @3+ F5\ F6\ G6\ H4+
Trax_2299655 Rand al*Thor vs. Keizer Soze : @0+ @1+ B2/ B0/ A1+ @1\ C0/ D1/ D0/ E1/ E0/ E6\ F1+ D7/
Trax_2300062 Sista vs. Lady Ehlana : @0/ A0/ B1+ A3/ A4/ B0\ @4/ @3/ B5+ A4+ C6/ E2/ @3/ E0/ B6/ F4\ G3/ C1\ D0+ F2+ F6+ D9\ G6/ H4/ @6\ F1+ F0/ G2+ D10+ C3\ D1\ E0\ C2+ C1+ D0/
Trax_2300415 Dragon101 vs. Paddington Bear : @0/ A2+ A3/ @1/ @2\ A0/ @3\ C1+ @1\ C0+ A5/ @4+ C6/
Trax_2300417 Dragon101 vs. Paddington Bear : @0/ B1+ C1/ C0+ C0\ A2+ B4\ D2/ E2/ D3+ A5/ @3/ E5\ C6+ F5/
Trax_2300418 Dragon101 vs. Paddington Bear : @0+ @1+ @1+ @1+ @1/ A2/ A3/ F1+ C3\ D4/ C0/
Trax_2300906 Knight Rider vs. Paddington Bear : @0+ @1+ A2+ A3\ B3/ B0/ C1\ @3\ D3\ @2/ B1+ A4/ A5/ @4\
Trax_2301195 chaosbreaker vs. Megababe : @0+ A0+ A0+ A0+ A0+ @4+ B6+ B0/ C1/ A2+ C0/ D2+ @3\ D5/ B4+ A4/
Trax_2301545 marlisam vs. dgb : @0/ A0/ B1/ C2+ C3\ C4+ C5/ D3\
Trax_2302546 rabbitoid vs. drgnrdr : @0/ @1/ B2+ C2\ B3/ @3\ B4\ C5/ E4+ E2+ C0/ D0\ A1+ C0/ F6+ @8/ C9\ G8/ A4+ @7+ A4+
Trax_2302621 DINGEROO vs. BabyGirl The Rebel Angel :
Trax_2303540 jaha vs. Traxplayer : @0/ @1/ A0/ @1/ B0/ A0/ @1+ @2+ @3\ B4/ E5/ E6+ F3+
Trax_2305678 YankeeFan vs. Sara : @0/ B1\ A2/ @2/ D1+ C2+ A3/ A4+ @4/ E4\ D5+ E5\ F5+ E6/ A1+ @3\ C0+
Trax_2305789 Honeybear vs. purplehawke : @0+
Trax_2307254 Oartkickel of the Wolf Pack vs. SweetCindyJo : @0+ @1\ C1\ A0\ A3/ @2\ C0\ C0+ D3/ E3/ D1+ C0\ B2\ C0/ D1/ E4+ E2\ E6+ C7+ A4+ B2\ @5\ A2\ @3\ B1/
Trax_2307278 jaha vs. golfnutrof : @0/ @1/ A0/ @1+ B3+ C1/ B0\ B0\ A1\ @3/ E2\ C6/ D6+ B5+ F1/ C0+ F7\ @5+ G8/
Trax_2308517 hoot vs. violet unicorns : @0/ @1/ B0+ B0\ @2/ A3/ @1\ A0\ @3\ A2\ @4/ D1/ A5\
Trax_2309963 Gnahaha vs. Dragon101 : @0+ A2+ B1/ B0/ A0/ A5+ @3/ @3/ B1\ B0\ D5\ E6/ E7+ C7/ D8\ B6+ F6+ E9/ E4+ F4/ F8+ G5\ B8\ @5+
Trax_2310543 REBEL DJ vs. Chef Jeff 1 : @0+ @1+ B0\ A3/ @3+ C3\ C4\ A4+ @3+ E2+ C5\ F2+ F3\ B5+ @3+ F1+ F5\ G5\ F0/ H6\ F7/ E7+ C7/ F8+ E8/ E9/ D9/ C8/ B7+
Trax_2311046 Tlingit vs. dgb : @0/ @1/ C1/ D1/ @1/ C0+ A3/ E0/ F2\ A1\ @1\ D0+
Trax_2311466 stormyskys vs. dgb : @0+ B1+ A2\ A0\ @1\ @1+ B0/ A4/ @4/ D5/
Trax_2311475 stormyskys vs. dgb : @0+ @1\ A2/ @1\ C2+ D2\ C3/ C4/ E2/ B3+
Trax_2311602 Traxplayer vs. rabbitoid : @0/ A0/ @2/ @2+ B3+ D1/ C4+ C5/ C6/ E3+ D0+ C0/ @1+ C0/ C0+ D1/ @5/ A6/ A1\ A0/
Trax_2312493 basplund vs. Paddington Bear : @0/ A2+ @1/ B3\ C1/ C0/ D4+ B5\ A4+ A0+ @4\ @1+ @1/ E0\ G1/ G0/ H3\
Trax_2312939 Nina vs. drgnrdr : @0+ B1/ B2\ C1/ C2+ D2\ E1/ E0/ F3\ E4/ C5/ B5/ A4/ A1+ A5+ @2\
Trax_2313510 ScoobyRex02 vs. Rogue Trooper : @0/ A0+ A0\ @1\ @1+ C0/ D2\ @2+ B1+ B0\ B0+ A3+ E1/ F3+
Trax_2313516 Phil The Hat vs. YankeeFan : @0/ B1\ A2/ @2+ @2\ A0+ B0+ C0\ D1+ E2+ B6+ E1/ E0/ F1/ B8+
Trax_2315084 jazzbeth vs. drgnrdr : @0/ A0/ @2\ C1\ C2+ D2\ B3/ E3/ D1+ F2+ D0/ D0/ G2+ B1\ E0\ A3/
Trax_2315209 jaha vs. dgb : @0/ @1/ A0/ @2+ @2/ C0\ B4+ @4\ B2+ A5/ @5/ F1/ F0/ C7\ D7\ E7+ G4+ E8/
Trax_2315847 Geri39 vs. spitfire : @0/ A2\ B1/ B0+ A4/ @4/ C3\ D2/ C5\ D5\ A3+ C0+ A3+ C0+ A2\ C0+
Trax_2316682 purplehawke vs. DINGEROO :
Trax_2316764 STrek vs. Honeybear : @0/ A2\ B2\ B3\ A4+ @2\ @4+ C5/ @4+ @4\ A3\ @3\ A2\ B1+ E0/ @2/ A1+ C0\ A1\ @2\ C0/
Trax_2317916 Traxplayer vs. dgb : @0/ @1+ C1+ A0\ B0\ B4+ D3/ E3/ C5/ C6/ D4+ D7+ E6\ F3/ RESIGN
Trax_2318326 game_77 vs. paganje : @0/ B1\ A2/ B2+ A3\ B3\ C2\ D2/ C1+ D1+ C0\ B1+ C4+ C5\ A1+ A5/ B6/ @4/
Trax_2318381 BabyGirl The Rebel Angel vs. Oartkickel of the Wolf Pack : @0/ B1\ A2+ B2+ A3/ @2\ C3+ D2\ B0+ B5/ @2/ @4+ C6\ A1\ C0+ @3/
Trax_2318414 Sophia vs. SweetCindyJo : @0/ B1\
Trax_2318577 dgb vs. cissi : @0/ A2\ B2\ @1/ B3+ @1\ A0\ E3\ A4/ @2\ C5/
Trax_2319263 dgb vs. twobanana : @0+ @1\ C1\ B0\ B0\ C2+ B4/ @3+ D5\ E4+ A5/ B1\ @5\
Trax_2319757 dgb vs. Traxplayer : @0+ B1+ @1/ D1\ @1+ B0/ E3+ @1/ F4\ F5\ D3+ G4+ H3\ G2+ C0/ B0+ E2/ RESIGN
Trax_2319758 dgb vs. Traxplayer : @0/ @1/ A2+ C1+ A0/ B4\ D2\ @2+ @2/ D1/ D0/ B0+ A2\ RESIGN
Trax_2319811 Dragon101 vs. csain1 : @0/ @1/ A2+ C2/ @1/ @2\ @1/ E0+ F1/ C0+ E1+ G3+ D0/ B1+ B0/ E2/ G3+ H2\ D7/ F1+ @6\ G7\ F0+
Trax_2322394 Rand al*Thor vs. Irishrose : @0+ A0\ @2+ @1\ B3\
Trax_2322417 Keizer Soze vs. jazzbeth : @0/ A2\ B1/ A0/ A0/ @3/ B0/ C3+ @3+ @4\ B0+ A1\ @4/ D0+ A2+ C1+ @4/
Trax_2323915 drgnrdr vs. Jump This : @0/ @1/ B2/ C2/ C3/ D2/ D4+ E2/ E1/ F3\ E5/ D6\ C5+ B5/ F4\ G2/ H2+ H1/ F0\ F7\ E8/ I4/
Trax_2324019 golfnutrof vs. keops : @0/ A0/ B2/ B3/ C3/ C4/ C5+ D3/ D6+ D7/ B5/ D2/ E6+ C6/ E7\ D8/ D9/ F5/ B6/ A6/ F4/ @5+ E1/ A1\ B7/ @2/
Trax_2325596 Gnahaha vs. jazzbeth : @0/ B1\ A2/ C1\ B2\ B3\ A0\ @1\ D1\ D4/ E3\ F3\ F2+ D0+ F2\ F6\ G5/ C1\ H3\ E1/ E0/ B1+ G1\ F8/ H3/ G7\
Trax_2326780 jazzbeth vs. Rogue Trooper : @0/ A0+ A3/ A0/ @2+ @4\ C5/ @4+ E1\ E2\ B2\ B1\ A1\ C0/
Trax_2326781 Rogue Trooper vs. jazzbeth : @0/ A0/ A0+ B2\ @3/ A4\ C1+ C3\ C4\ D4\ A5\ A6\ D7+ E5/ F1/ F0/ G5\ G6\ @6+
Trax_2326782 jazzbeth vs. B Line electric streetcar : @0/ @1/ A0/ B1/ A3\ @2/ @2/ B0+ @4\ C5+ C0\ @6/ B7\ A1\ F1/ @4/
Trax_2326783 B Line electric streetcar vs. jazzbeth : @0/ A0/ B2/ A3\ @3\ @2/ @2/ A0/ D1+ B5+ @5/ B6\ A1+ E6\ B0+
Trax_2326784 jazzbeth vs. Traxplayer : @0/ @1+ C1/ B2/ A0\ A0+ @1\ E4\ E5\ E1/ F4+ D0/
Trax_2326785 Traxplayer vs. jazzbeth : @0+ A2/ @2+ B0/ C2/ D2/ C3+ @2/ B1+ @3\ B0+ @3/ @1+ C0/ C6+ A5+ C0/ C8/ @1\ C0+ A9/ B10\ @8\ A7\ @5+
Trax_2326786 jazzbeth vs. Dragon101 : @0/ @1/ A2/ A3/ A0+ @1\ B5/ D2+ @2+ @3\ F1+ G3+ D0+ E1/ D0\ D8/ @6+ B9+
Trax_2326787 Dragon101 vs. jazzbeth : @0/ @1/ A2+ A3/ B0+ C2/ @1\ B0/ B6/ A4+ @4/ D6/ B7\ B8\ @7+ A2/ @6+ @6\ A4+
Trax_2326788 Rogue Trooper vs. B Line electric streetcar : @0/ @1/ B0/ B0+ A4/ C2+ @4/ @3+ A0+ @3/ G4/ D6\ G6\ G2+ H5\
Trax_2326789 B Line electric streetcar vs. Rogue Trooper : @0/ A0+ B2/ A0/ C3/ C0+ D4/ A5/ @2/ B1+ F4/ A0/ G6\ D7+ G2+ H5/
Trax_2326790 Rogue Trooper vs. Traxplayer : @0/ B1+ @1/ C2+ D1/ D0/ B1+ E2+ E3\ A4/ @4/ F4+ G4/
Trax_2326791 Traxplayer vs. Rogue Trooper : @0+ A0/ A0+ @2\ B0/ C1/ D1+ C3+ E2+ F2\ F1+ B0+ A2\ @4+ H3\ @4\ A3\ @4/ A5+ A6\ B6+ J5/ I1/ K3\ I0\ H1/
Trax_2326792 Rogue Trooper vs. Dragon101 : @0/ A0/ B2+ @1\ A0\ B4/ B5/ @4/ C1/ C0/ E1+ E5+ F5/ @4/ RESIGN
Trax_2326793 Dragon101 vs. Rogue Trooper : @0/ A0+ B2/ A0/ B0\ C4/ @4/ A5/ A1\ A0/
Trax_2326794 B Line electric streetcar vs. Traxplayer : @0/ @1/ C1/ D1/ A2+ D3+ E2\ B4/ A3+ @3/ A4/ @4/ E0+ B6+
Trax_2326795 Traxplayer vs. B Line electric streetcar : @0/ @1/ A0/ B1/ B3/ C1/ C4+ D1+ E2+ D5/ F4+ G3\ H3\ E6+ E7/ C6+ C8+ F7+ B7+ B5+ A5/
Trax_2326796 B Line electric streetcar vs. Dragon101 : @0/ A0/ B1+ C1+ D1+ A3/ B0/ @3\ F2+ @3\ H2+ @4/ D5/ D6/ F6+ D7/ I3+
Trax_2326797 Dragon101 vs. B Line electric streetcar : @0/ @1/ A2+ B0+ B0+ A5\ C5+ B6+ B0+ D7/ B8/ RESIGN
Trax_2326798 Traxplayer vs. Dragon101 : @0/ @1/ A0/ B1+ A3+ A0/ @1+ C5/ C6/ C7/ D2\ E3/ E8+ F5+ A5\ @1/ B8/ H4\
Trax_2326799 Dragon101 vs. Traxplayer : @0/ @1/ B0+ @2+ B0/ B4\ D2/ E1\ E3/ F3+ D4/ G2\ H3/ I2\ D0+ C0/ G3+ G6\ H6+ J4+ G2/ G1/ F0+ F0/ H1+ B9/ A9/ K5+ I9+ A10/ @7/ J1/ K7+ M4\
Trax_2327260 spitfire vs. nisqually : @0/ A0/ B2/ B1/ @2+ @2/ B0\ A1\ @3/ A4/ A5+ @3+
Trax_2328911 Jane vs. Marko : @0/ A2\ B1/ B0\ B3+ C3\ @3+ A4/ @3\ @3\ A2\ D1+ E4+ @2\ A1\ B0+ A0/ @2/
Trax_2331152 balmoral vs. SweetCindyJo : @0+ B1+ B2/ B0/ @2/ D2\ B4/ E2\ A4/ @3+ D4\ D5+ B5/ E4+ C6+
Trax_2331231 dgb vs. JimC : @0/ A2+ A3/ B3\ B4/
Trax_2333057 dgb vs. Linda Sue : @0/ @1/ B0+ C2\ A3/ @2\ @2\ D0+ D5\ E5\ A5/ @4\ D6/
Trax_2333220 paganje vs. jazzbeth : @0/ @1/ A2+ C2/ A3+ C1+ B0+ @1/ C0+ B1+ C0+ C0\ B1\ A0/ @2\ C9\ D9\ C10+ B10/ D11\ A1+ E10\
Trax_2333638 hoot vs. drgnrdr : @0/ A0/ B1+ B3/ @2+ @2\ E1\ C3/ C0\ C0\ E6\ F6\ D7+ D8/ B6/ A6/ @6/ G8\ G9+ H8/
Trax_2334436 violet unicorns vs. Irishrose : @0/ @1/ B0\ A1+ A3\ B3+ C3\ C1/ D2\ E2/ D1/
Trax_2334921 Rand al*Thor vs. YankeeFan : @0/ A2\ B1/ B0+ C2\ C3\ C4+ D2/ D1/ E1/ E0/ B1+ D5+ F1+ E0/ E0/ G3\ C8+
Trax_2335136 bigdan409 OTWP vs. drgnrdr : @0/ A0/ B1+ B3/ C1+ C3\ B4/ D2+ @2\ C5/ B4+ E4\ F3/ G3/ H3/ F5\ F6\ D0\ F2+ G1+ @3/ D0/ H1/ J5/ K8\ I9+ K1/ C1\ L5/
Trax_2335176 violet unicorns vs. HEATHER : @0/ A2\ B2\ B1+ C1/ B3/ A3/ C3\ C4+ D2\
Trax_2335671 Buz vs. supermac : @0+ @1/ B0+ C2\ A3/ @3/ C4\ C5+ D5\ E3/ C6+ @5/ C6+ A2\ D7+ A1/
Trax_2336647 LadyBabyJane vs. Dragon101 : @0/ @1/ A0\ @1/
Trax_2338873 dgb vs. stormyskys : @0+ A2+ A0+ @2\ C2\ B4\ C5/ C1+ A5/ @4/ C6/
Trax_2339068 violet unicorns vs. Irishrose : @0/ A2/ B1\ B2+ B3/ A3/ @2\ D1/ D0/ A2+ C1\ D0+ C1\ D4+ C0\ D6+ C7/ B7+ A7/ @1/ A6\ A2/ A3/ A7+ @7/ @7/ B8/ B5+ A8+ A4+ B9/
Trax_2339211 faith64 vs. Dragon101 : @0+ A2+ A3+ A4/ @4/ @4/ C0+ A3\ @3\ E2\
Trax_2339576 dboy97 vs. * : @0/ A2/ B2\ B3\ @1\ B0/ @3/ B4\ D5\ E1/ C0/ A5/ B6\ C7/ @3\ B2+ D8/ @3+ H4+ I3\ I1/ G0+
Trax_2341415 BabyGirl The Rebel Angel vs. DINGEROO : @0+
Trax_2341441 Dragon101 vs. RubyJoy : @0/ @1/ A2+ A3\ C2+ @2/ D4\ E3/ A4/ B5+ @4\
Trax_2341487 Oartkickel of the Wolf Pack vs. Phil The Hat : @0+ @1+ C1/ C0/ C3\ D3\ E3\ @2+ E2+ G2/ G1/ G0/ D1+ H1+ F0+ F6\
Trax_2343960 dgb vs. Dragon101 : @0/ A0/ B1+ C2/ @2/ C3\ E1\ F2/ C4+ D4+ @1\ D0\ A5/ D6/ @4\
Trax_2343961 Dragon101 vs. dgb : @0/ @1/ B0+ @2+ B0/ B4\ D2/ B5/ A4+ @4/ A5/ @5/ D6+ A3\ C0+ @5\
Trax_2345091 jaha vs. Traxplayer : @0/ @1/ A0/ @2/ B0+ @3+ A4/ @4/ @4+ B5+ F1\ C0\ B1+ D0/ E1/ A4+ A3+ @3\ A2\ A1+ D0+ @2/
Trax_2345716 aussielady vs. hANDYman the Rebel : @0/ A2/ B1\ @2\ A3/ @3/ B1+ C3+ C0/ D4\ B5/ A3\ @2/ B1+ A0/ B6+ F2+ B7\ F6+ G4+ D8+ @3/ I5/ E9/ F1+ G9\ C9+
Trax_2346606 paganje vs. Judy : @0/ A2\ B1/ B0+ C1+ B0+ @3+ B1\ D1/ B0\ C0+ E1+ A3\ @4/ A3+ A2\ @4/ @4/ B6/ E7\ F7\ G6\ E8+
Trax_2350164 dgb vs. stormyskys : @0/ @1\ A0/
Trax_2351954 klaashaas vs. Dragon101 : @0/ @1/ B0\ A1+ C2/ D2/ E1\ C0+ D4\ B5+ E4\ F5/ G5/ H5/ A6/ @3/ G1+ D0/ G7+
Trax_2351972 FMG vs. SweetCindyJo : @0+ B1+ A2\ B0/ A1+ B4\ C4\ @3/ A4/ C5\ D5\ C6\ D6+ D7\ B0/ @5+ D1+ E1/ F8+ F5\ G8/ E4/ E0+ F3/
Trax_2352892 HEATHER vs. violet unicorns : @0/ @1/ A2\ B2\ B3\ C1/ A4/ @4/ A5\ B5\ D3/ E2/ D4\ A3\ C5+ C6/ D5\ @4/ @5/ G1/ C7/ A6/ D8\ E8\ A4\ A3\ B7/
Trax_2352957 dgb vs. Marko : @0+ B1+ @1\ D1+ D2+ E1+ A2/ @1\ C0/ C3\
Trax_2353325 dgb vs. Dee Dee : @0+ B1/ @1/ @1+ C2+ D2\ E1\
Trax_2353390 dgb vs. stormyskys : @0/ B1+ C1/ B0+ B3+ B0\ A1\ @2\ @2\ D0+ E1/ F2/ D0\ F1+ F0/ G4\ E0+
Trax_2353609 Marko vs. Rand al*Thor : @0+ @1+ A2\ B0/ RESIGN
Trax_2353710 Rogue Trooper vs. jazzbeth : @0+ A2/ @2\ A1\ C2/ C3/ @1\ D0\ D0\ B0+ C0\ C0\ @4+ @4/ G4/ G3/ B7/ B8/ H5+ I5\ I7+ A7+ @4/ I1/ H0/
Trax_2354036 ERIN MIA vs. violet unicorns : @0/ A0\ @2+ A1\ A0/ B1/ B0/ @4/ A2\ @2\ E1\ E2+ E3\ B1\ E5\ F5\ F4/ G5\ G4/ H5\ C5/ C6/ H4/ I5\ J5/ J4/ H1/ I1/ I0/ C1/ I3\ I0\ J2\ K6\ K5/ K4/
Trax_2354827 violet unicorns vs. Dragon101 : @0/ @1/ A2\ B2+ C2\ B0/ D2\ B0/ B0\ D1/ B6\ E2/
Trax_2355310 Jane vs. marygal : @0/ A2\ B1/ B0/ B0+ B4+ C4\ C5\ D5\ D1/ E1/ @1+ F3+ G2\ G5/ D0\ A1\ @1\ C0/ A5/ @5+ B6\
Trax_2355311 Jane vs. marygal : @0/ B1\ A2/ B2+ B0+ @3/ A4/ @4/ C5\ A1+ @3/ A4/ @2\ F0+ G1/ C1\ C0+ A2\ @3+
Trax_2355312 Jane vs. marygal : @0+ @1/ @1+ C2+ D2\ D3\ @1+ B0\ A3/ A4/ C5/ A5/ @5/ E5+ E6\ @2\ A1\ A0\ D1+ C8+ F1\
Trax_2356449 Nina vs. Misfit Lenrad6672 : @0/ A2\ B1/ B0/ B3\ C3\ A4/ @4/ C0+ D6\ E5/ @5\ A4\ B7/ A6+ @4\ B3\ A3+ C2+ E0/ A3\ A2\ D1+ C0+ E1/ F1/ D0\ @2\ C1+ G11\ H11\ H9+ I9\ J10\ G5\ G12+
Trax_2356450 Nina vs. Misfit Lenrad6672 : @0/ A2\ B1/ B2+ @1\ A0\ B4/ A4/ @4/ A5/ @5/ C0/ D2+ A7/ @6\ A5+ @5\ @3\ B7/ C8\ A6\
Trax_2356451 Nina vs. Misfit Lenrad6672 : @0/ A0\ @1/
Trax_2357144 TXCCIDER vs. dgb : @0/ @1/ B0/ @1+ D1/ B0+
Trax_2357164 TXCCIDER vs. dgb : @0+ B1+ C1+ D1+ E1\ E2\ F2/ @1+ F3\ H3\ I3/ H4/
Trax_2357650 stormyskys vs. dgb : @0+ B1+ A0+ @2+ B0+ C4/ D3\ C2/ A1\ E3/ A4+ C5/ B0/ @5\
Trax_2357972 YankeeFan vs. Gnahaha : @0/ B1/ @1\ B0/ D2\ B3/ D1+ D3\ C4+ @3\ B4+ D5\ E5\ F2+ C5/ E6\ A5/ @5/ H6+ F0/ H2/ I5+ B3\ A4/ @4/ E7/ G8\ A2+ @2\ A5+ D8+ G9+
Trax_2359705 Keizer Soze vs. Megababe : @0/ A2+ A3/ @3/ @3+ @2/ A1+ B0\ @1\ B0/ A3+
Trax_2361395 GUINESS14 vs. drgnrdr : @0/ A0/ A0+ B1/ @2/ C3\ A3/ D1\
Trax_2362718 RubyJoy vs. BabyGirl The Rebel Angel : @0/ A2+ @1\ A0\ @1+ @1/ B3+ D4\ E2/ F2+ D1+ C0\ G3\ F6+ D6+ H5+ H7\ I6/ A5/ @6\ C7/ F7+ C8+
Trax_2363167 Nan54 vs. bcurb OTF : @0/ A0+ @2\ B3\ C3\ A3+ A1+ B0/ D4/ C3+ D3+ C2+ @4/ D5+ @3\ B2+ @4/ B5+ B6/ A6/ @3\ C2\ @4/ G7+ G8\ H6+
Trax_2365146 bigdan409 OTWP vs. drgnrdr : @0/ A0/ B1/ B3+ C3\ D3+ C4/ A0\ @2/ E1/ F3+ D0\
Trax_2365147 drgnrdr vs. bigdan409 OTWP : @0/ A2+ A3/ A4/ B3/ @4/ D4\ D5\ D1/ E4+ D0\
Trax_2365152 Paddington Bear vs. drgnrdr : @0+ @1/ C1/ B2\ D1/ A0/ B4/ C4+ B5/ C6/ A5+ @5\ A3+ A1\ C0\ @4+
Trax_2365153 drgnrdr vs. Paddington Bear : @0/ B1+ C1/ C2/ D1/ B0\ D4\ E3/ A4/ C5\ @4\
Trax_2365156 dingbat vs. drgnrdr : @0/ A0/ A0/ B2+ @3/ D2/ C4\ D4\ E2/ B5+ @2+ A4+ @4\ @4\ B5+ E0/ D0+ B3+ A5+ C8+ H1+ E0\ I3+
Trax_2365157 drgnrdr vs. dingbat : @0/ A0/ @1/ A0+ B4/ A3+ @1+ A0\ A0\ D3\ @3/ A5+ D7/ A6+ @4\ @4+ E2+ @4+
Trax_2365158 Geri39 vs. drgnrdr : @0/ @1/ B0\ @2\ B1+ @2\ C3/ A1\ A0\ C5/ @3\ A1\ E1+ B0+
Trax_2365159 drgnrdr vs. Geri39 : @0/ B1\ A2/ @1/ B0/ D1/ B0/ E3\ D4/ C5+ B5+ C6\ @1+ E1+ B0+
Trax_2365160 Rand al*Thor vs. nisqually : @0+ @1+ A2\ B0/ C1/ D1+ A1+ B0\ B0\ E3+ A2+
Trax_2365161 nisqually vs. Rand al*Thor : @0/ B1\ A2/ B2+ A3/ @3+ A4/ B4+ A5\ @4/ @4+ E5\ F4/ D6/
Trax_2365162 Rand al*Thor vs. Rogue Trooper : @0+ A0/ B2+ A3/ @3+ @3\ B1+ E2+ E3+ D0\ E2+ E0/ F2\ B1\ F1/ A1/
Trax_2365163 Rogue Trooper vs. Rand al*Thor : @0/ B1\ A2/ B2+ A3\ A4\ @4/ A2+ B5/
Trax_2365164 Rand al*Thor vs. Guyver : @0+ @1/ C1/ C0\ A1\ @2/ C0+ A2\ @1/
Trax_2365165 Guyver vs. Rand al*Thor : @0+ @1+ A2\ B0/ A1+ A0+ @2/ D3+ A1\ @3\
Trax_2365166 Rand al*Thor vs. fallingstar : @0+ A2+ A3+ @3\ C1\ @2/ A1\ @2\
Trax_2365167 fallingstar vs. Rand al*Thor : @0+ @1+ B2/ B0/ B4/ @2+ A4/ B5\ B1\ B0/
Trax_2365168 nisqually vs. Rogue Trooper : @0/ A0+ @2/ @2+ D1\ D3+ @2/ A3/ B4/ @3+ G3\ A1\ B4+ B0/
Trax_2365169 Rogue Trooper vs. nisqually : @0/ B1\ A2/ B2+ A3\ B3\ B4\ C2/ @4/ A5/ A1\ @1/ B0/
Trax_2365170 nisqually vs. Guyver : @0/ A2\ B1/ B2+ C1/ D1/ D0/ D0+ E3+
Trax_2365171 Guyver vs. nisqually : @0+ @1/ @1\ B0/ C0\ A4\ @4/ A5/
Trax_2365174 Rogue Trooper vs. Guyver : @0/ A2\ B1/ B2+ @2\ @2/ A3/ B0\ A1\
Trax_2365175 Guyver vs. Rogue Trooper : @0+ A0/ B2+ B3\ A3+ @1/ @1\ C0/ D0/ E4/
Trax_2365176 Rogue Trooper vs. fallingstar : @0/ A2\ B1/ @1/ B3+ A0\ @1\ B5\ A5+ @3/ E0/ F1/ B0\ A1\ C0+
Trax_2365177 fallingstar vs. Rogue Trooper : @0/ A0+ B2/ A0/ B4\ C4\ A0/ @2/ B6/ A6/ @4\ E4/ F5\ @4+ A3\ C0\ B1\ F1/ E0/ G3/
Trax_2365178 Guyver vs. fallingstar : @0+ A0+ A0/ B2\ @2\ D1/ B0/ E3\ E4\ C5/ A4/ @4/ E1/ D0\ F7+ D0/ E1/ A3+ @3/ G9/ H6/ I6/ H7+ H5/ H4/ I4/ J6\ I3\ D9+ G10/ H9+ B8/
Trax_2365179 fallingstar vs. Guyver : @0/ B1\ B2\
Trax_2365180 Dawnas AZ vs. jaha : @0/ @1/ B0/ A0+ C1\ @2+
Trax_2365181 jaha vs. Dawnas AZ : @0/ A2\ B2\ B3+ @2+ B4+ @2+ C5+ B1\ B0\ @3+ B4/ @3+ E7\ G4+ @3\ A2\
Trax_2365184 Dawnas AZ vs. Dragon101 : @0/ @1/ B0/ @2+ A3+ A4+ A5+ C3\ @3+ E2\
Trax_2365185 Dragon101 vs. Dawnas AZ : @0/ A2\ B2\ B3+ C3+ B4+ @2+ @2/ A4+ B1+ F3+ G3/ G2/ F1/ H2+
Trax_2365186 jaha vs. Pegasus : @0/ A2\ B2\ B3\ @2+ C1/ D2\ D1+ E2\ E3/ B0+ A1/ F3\ D1/ E5/
Trax_2365186 jaha vs. Wife of a Maverick driver : @0/ A2\ B2\ B3\ @2+ C1/ D2\ D1+ E2\ E3/ B0+ A1/ F3\ D1/ E5/
Trax_2365187 Pegasus vs. jaha : @0+ A0/ B1\ A3/ @3/ @3/ B4\ A1\ @3\ C0/
Trax_2365187 Wife of a Maverick driver vs. jaha : @0+ A0/ B1\ A3/ @3/ @3/ B4\ A1\ @3\ C0/
Trax_2365188 jaha vs. Dragon101 : @0/ @1/ A0/ B1+ @2\ D1+ C3/ C0/ D4\ C5/ E3+ B4+ C0/ C0/ C0/ C0/ E3+ F7/ B3+
Trax_2365189 Dragon101 vs. jaha : @0/ A0/ @2+ C1\ @2+ B0/ B4/ B5/ C4+ D1/ E2\ @5/ C6/ @4\ A3\ A2+ D0+ @4\
Trax_2365190 Pegasus vs. Dragon101 : @0+ A0+ A3/ @3/ A4\ @3/ C4+ C0+ D5/ A2\ B0/ D2\
Trax_2365190 Wife of a Maverick driver vs. Dragon101 : @0+ A0+ A3/ @3/ A4\ @3/ C4+ C0+ D5/ A2\ B0/ D2\
Trax_2365191 Dragon101 vs. Pegasus : @0/ B1\ A2/ B2\ B3/
Trax_2365191 Dragon101 vs. Wife of a Maverick driver : @0/ B1\ A2/ B2\ B3/
Trax_2365192 jazzbeth vs. spitfire : @0+ B1+ C1\ C2/ B2/ A0\ @3+ B4\ C5/ A2\ D6\ E6\ A6/ A1\ C7/
Trax_2365193 spitfire vs. jazzbeth : @0/ A2\ B2\ A0/ A4/ @2/ D4\ C5/ @1\ B0/ D3/ E3/ F3/ @3\ H5\ G6/ E7/ A4/ F7\ C5/
Trax_2365194 jazzbeth vs. FrodoBaggins : @0/ B1\ B2\ B0+ C1/ C0\ A4+ B1+ A1\ @1\ @2+ F3\ A4/ @3\ D5+
Trax_2365195 FrodoBaggins vs. jazzbeth : @0+ A0/ B2+ A3/ B0+ @4\ D1/ E2/ D0\ C1\ C5+ D5\ F4/ C6+
Trax_2365196 jazzbeth vs. chaosbreaker : @0/ A0+ B2/ @1+ A0/
Trax_2365197 chaosbreaker vs. jazzbeth : @0+ A0/ B1+ C1/ A3+ B0\ @4\ @3/ D0+ B6\ A3+ @4/ @4+ F0\ E1\ C3+ A3\ @3\ A4+ B2+ E0+ F1/
Trax_2365198 spitfire vs. FrodoBaggins : @0/ @1/ B0+ @1+ B0\ C1/ C0/ C0+ @4\ A3\ C2\ B2\ B6/ A5+ A6+ @5\ E0\ D1\ D0\ D8\ D9\ F6+ B4+ G6/ A5\
Trax_2365199 FrodoBaggins vs. spitfire : @0+ B1+ B2/ B0/ B4+ B0\ A2+ @2\ A1\ D4\ D5\ D6/ D3/ E4\ D2+ E5\ D1/ C0\ A1/ D1/ C0\ E5/ F5+ G5\ G6\ D9/ C9/ B8/ A6\ @4\ B8/ A7/ B9\
Trax_2365200 spitfire vs. chaosbreaker : @0/ B1+ @1\ C0\ B0/ A4\ @4/ C5/ B2\ E3+ B1\ B0\ E2/ D1\ D0\ F5\ @5/ @5+
Trax_2365201 chaosbreaker vs. spitfire : @0+ B1\ A0+ B3/ A0+ A0/ B1/ @4/ D3+
Trax_2367891 EagleAnney vs. dgb : @0/ A0/ @2+ B0+ @2/ D2\ D1+ @2+ B0/ E1/ F1/ F0/ G3\ H3+ H4\ G5\ I4/ E6+
Trax_2367921 jazzbeth vs. Phil The Hat : @0/ A0/ @2/ C2\ B3/ B0/ B0/ B0/ C0\ D1/ D0/ @6+ F6+ E8+ G5+ RESIGN
Trax_2367934 balmoral vs. * : @0+ @1+ B2/ A0\ @1+ @2\ @1/ C0\ @3+ B4+ F5/ G3+ A1/ A0+ @1+
Trax_2367937 dboy97 vs. jaha : @0/ A0/ @1/ A0/ A0/ @2+ C1+ A0+ A0/ @2/ @2/ B1+ B0+ E3+ F3/ G2\ F5+ G1/ RESIGN
Trax_2369493 game_77 vs. Rand al*Thor : @0/ B1\ B2\ A2+ @1/ C3+ D3\ D2+ B0/ E4+ D5/ E2+ F4\ F1\ G4\ D0+
Trax_2369647 Traxplayer vs. basplund : @0+ @1+ C1/ C0/ B0/ B0/ D3\ C5/ C6/ D4\ E4/ F4/ A3+ D2+ @3\ G3+ G5+ A4+ A5/ H3+
Trax_2371396 stormyskys vs. basplund : @0+ A0\ @1/ B3\ A2+ C2+ D2\ E3/ A3+ E1/ E0\ C1+
Trax_2371631 Sophia vs. SweetCindyJo : @0/ A2\
Trax_2371824 HEATHER vs. marygal : @0/ A2\ A3/ B1\
Trax_2372022 Lowell vs. Traxplayer : @0+ B1+ A2+ @2+ C2+ @2+ C3+ E2+ D3+ F2+ D4/ C0\ E2+ G3+ D1+ H3+
Trax_2372325 HeartOnFire vs. dgb : @0/ @1/ B0\ @2\ A1\ @1\ C0/ D4\ E4\ A4/ @1/ D5/
Trax_2372379 Traxplayer vs. dgb : @0/ @1/ A0+ A3\ A0/ A0/ C3\ B5+ D4+ @1\ RESIGN
Trax_2373124 keops vs. Traxplayer : @0/ @1/ @1/ @1/ B2+ A0+ E3\ C4+ F2/ F1/ C0+ G3+ D6/ E0+ H3\ I3\ F6+ D8\ H6\ H7\ H8\ I6+ J4+ I2/ J2/ D0\ C2+ J2/ E1/ K3+
Trax_2373952 dgb vs. EagleAnney : @0+ B1/ @1/ C0/ C0/ A4/ A1\ @2\ B0/
Trax_2374851 Irishrose vs. YankeeFan : @0/ B1\ C1/ B2/
Trax_2374888 drgnrdr vs. RockinRon : @0/ B1\ A2/ B2+ C2\ C3\ C4+ D4\ @4/ A5/ A1\ A0+ @4\
Trax_2375115 supermac vs. bigdan409 OTWP : @0/ A2+ @1/ C1/ C0+ D1/ D2+ C4+ D0/ E1/ A1\ C0/ @3\
Trax_2375730 HeartOnFire vs. dgb : @0+ B1+ B2/ B0/ B0/ B0+ C2+ D3+ C5+ E3+ @5\ A6+ G3\ G4\ @5+ A4\
Trax_2376552 violet unicorns vs. dgb : @0/ @1/ A2/ C2+ C3\ C4+ D2\ D3\
Trax_2376772 spitfire vs. violet unicorns : @0+ A2\ B2/ B1/ B0/ C2\ B0+ B0\ @2+ D5\ C6/ B7/ A7\
Trax_2379071 Rogue Trooper vs. STrek : @0+ @1+ A0+ @2+ @2/ A3/ D1+ E2+ @2\ B1/ B4/ G2+ @2+
Trax_2380146 Thud vs. dgb : @0+ B1+ B2/ A0\ @2/ B0/ C1/ C0/ D3\ A1\ RESIGN
Trax_2380936 ERIN MIA vs. violet unicorns : @0/ B1\ @1\ A0\ D2/ D1/ E1/ B1/ E3\ F3\ E0\ D1+ F5\ @2/ H5/ H4/ G3/
Trax_2381505 HeartOnFire vs. dgb : @0/ @1/ A2+ C1+ @1/ A0+ E2\ E4+ F2/ E1\ E0\ G3\ F4+ @4\ @3/ A5+ E6\ I4\
Trax_2382546 golfnutrof vs. jazzbeth : @0+ A0/ @2\ A3\ C2\ B0+ @3\ B5\ B6\ @2/ B0+ F4\ G7+ E8/ G3/ H3/ F2/
Trax_2384225 drgnrdr vs. Phil The Hat : @0/ A0+ B2/ C1\ B3+ D2+ E2\ E4+ B0\ @2+ F6/ G5+ C5+ H5+
Trax_2384275 balmoral vs. Megababe : @0+ A0+ A0+ A0+ A5+ @4+ B6+ A1+ B7+ C3/ B8+
Trax_2384490 faith64 vs. drgnrdr : @0+ @1/ B0+ C2\ C3\ D3\ D4\ @4/ C5+ D6/ @4+ B2+ D0+ F2/ G1\ C2\
Trax_2384893 HeartOnFire vs. dgb : @0/ A0+ A0\ @1\ @1+ B0/ D3/ E2\ D4+ C5/ C6/ @6+ G3/ B7+
Trax_2385544 DINGEROO vs. * :
Trax_2385609 YankeeFan vs. aubug : @0/ A0/ @2+ B0+ @2/ D3\ C4/ B5\ A4+ D5/ @5/ B6\ E1+ F4/ A4+ A2+ @4+ @4/ D7+ B6\ H5+ D0+ B1\ C0/ F8/ A3+ B9+
Trax_2388051 HeartOnFire vs. dgb : @0/ @1/ A2/ C2+ C3\ C4+ D4\ @4/ B5\ A1\ C0+ @4\
Trax_2389730 HeartOnFire vs. dgb : @0/ @1/ B0+ A3\ B0+ @3+ B1+ B5/ A5/ A6/ @5/ D6\ E5\ D7/
Trax_2390896 Dawnas AZ vs. BabyGirl The Rebel Angel : @0/ A2/ A0\ @3+ A4+ A1\ @2+ B5\ B0+ B0/ D1+ A1/ @4+ F2/ E0+ D0/ C1+ D9/ E8+ F7\ G6+ B7/
Trax_2392339 Dania59 vs. SweetCindyJo : @0/ B1\ B2\ C2+ B0+ B0/ A1/ @3/ D5/ B4/ A4+ @4+ F4\ E6\ F3/ G3/ A3+ F6+ @4\ G2+ F0/ E1+ C3\ B3\ H7/ A1\ @3/ B0/
Trax_2392383 klaashaas vs. rabbitoid : @0/ A0/ @2/ B0+ B0/ C1/ C4/ C0+ B0/ A3+ @3+ E2/ C0/ A2+ C0/ F1/ D0+ @4+ A2\ H3+
Trax_2392428 Dragon101 vs. dboy97 : @0/ A0/ @2+ @1/ D1/ D0/ E1/ B0+ @3/ G3+ D5/ @3/ B5+ C6/ @1+ C0/ A6/ @4/
Trax_2394044 jaha vs. golfnutrof : @0/ @1/ A0/ C2\ A3+ B4/ B5/ @4+ E2\ E3\ B6+ D1+ D4+ A2+ @3\ A5+ @5\ D7\ C7+ @5+ E0/ G7\ F8+
Trax_2394570 jbdobie vs. dgb : @0+ B1+ A0+ @2+ B3+ @2+ @2\ B3/ @2\ C1/ B0/ A0+ @2\ B6+ A5/ @5/ A6/ D7/ @4+ B3\ D0\ C1\ B2\ A3\ @4\ A6+ D0\ C1\ B1\ A3\ RESIGN
Trax_2395579 Oartkickel of the Wolf Pack vs. dgb : @0+ B1+ A2\ A0\ C3/ D2\ C1+ @2+ @1/ @2\ @1/ D0/ E5\ A0\ @1/
Trax_2395945 * vs. Megababe : @0/ A2\ B2\ B3\ A4+ @2\ C5/ B6\ A5+ @3+ @4\ B6+ F6+ F3+ D0+ B2+ D0+
Trax_2396489 timerunner vs. dgb : @0/ @1/ B0\ @2\ A1\ @1\ C3/ B0+
Trax_2397487 Phil The Hat vs. jazzbeth : @0/ A0/ A3/ A4/ @3+ C1/ @4\ @3/ E0/ F4+ B3+ C0+ B7+ @6+ H5/ E0+ B2+ A3\ B1+
Trax_2397616 Geri39 vs. violet unicorns : @0/ A2\ B2\ B1/ C2/
Trax_2397884 spellbound vs. violet unicorns : @0+ @1\ B0\ A1\ A3/ @3/ A4/ A2\ @2\ A3/ @3\
Trax_2400070 Oartkickel of the Wolf Pack vs. drgnrdr : @0+ B1\ @1\ B2/ @1\ C0/ C0/ C5/ C0/ E5/ @3/ G3+ C0+ G6+ @6+ B8/ E8+ A1\ @4/
Trax_2402378 Jane vs. drgnrdr : @0+ @1+ A0/ B3\ C3+ D3/ D1\ A3+ C0+ B0/ A1/ E3\ C0\ D1\ @2/ F6\ D7\ E3+ G5\ @1+ D0+ A0+ A6/ B7/
Trax_2403805 BabyGirl The Rebel Angel vs. Rand al*Thor : @0/ B1\ A2/ @2/ @2+ C3+ D3\ D4\ E4\ F1/ E0+ G4+ D6+ G1/ H4/ E0/
Trax_2403845 YankeeFan vs. drgnrdr : @0/ A0/ @2+ B0/ @1+ C0/ D1/ D0/ E2+ @2/ C0\ A1\ @2+ D0+
Trax_2403979 drgnrdr vs. aussielady : @0/ @1/ B2/ B3/ C1\ C2\ B0/ A3+ B5/ D2\ C5\ D4\ C6/
Trax_2404110 Dee Dee vs. basplund : @0/ @1/ B0\ @2\ B1\
Trax_2405135 Jane vs. YankeeFan : @0/ B1\ B2\ C2+ B0+ D3+ C4+ D4\ D1/ C0\ E4+
Trax_2405137 Jane vs. YankeeFan : @0/ B1\ A2/ @2+ A3+ @2+ C0+ A4/ A1\ C0\ @4+
Trax_2405138 Jane vs. YankeeFan : @0+ @1/ B2\ C2+ C3\ B3+ A0+ @4/ B5+ D5+ E5\ A5+ A6/ @6+ A3/ @6+ A4/ @6+ F6\ C7\ E7+ G7+ H2\ I3+ F1/
Trax_2406312 nisqually vs. spitfire : @0/ B1\ A2/ @2+ A3+ @2+ C0+ C0\ A2\ C0/ D3/ E3/ A2+ @2\ A1\ D0/ A1/ @1/ C1/ B0/ C1+
Trax_2406313 nisqually vs. spitfire : @0/ B1\ A2/ B2+ A3/ A4/ @2\ @3\ E3+ A2+ B1+ B0\ B6\ A1/
Trax_2406353 spitfire vs. nisqually : @0+ B1+ A0/ A3/ B0\ @2+ D1/ B0/ C5\ B6\
Trax_2408428 YankeeFan vs. paganje : @0/ B1\ B2\ A2+ @2/ A3/ @2/ B1+ @2+ B0/ A4/ B0\ C1+ F3\ B6+ D6\ A1+ @4\ B7\ G2/ H2/ A6+ @5/ D8\ C8+ A8+ A9+ @9/ F8+ H7\ I4\ F9/ B10\ A5/
Trax_2408541 Marko vs. Misfit Lenrad6672 : @0/ B1\ B2\ A2+ @2/ C3\ D3\ D4\ E4\ E5\ F5\ F6\ G6\ G7\ H2+ G0/ F9+
Trax_2408542 Marko vs. Misfit Lenrad6672 : @0/ A2\ B1/ B0/ @1+ C0/ D1/ D0/ E1/ E0/ F1/ F0/ G1/ G0/ F8+ H5/ H2+
Trax_2408543 Marko vs. Misfit Lenrad6672 : @0/ B1\ A2/ B2+ C2\ A3/ @3/ A4/ @4/ A5/ @5/ C6\ F6+ G6\ C7+
Trax_2408771 timerunner vs. dgb : @0+ B1+ A2\ A0\ @1\ @1+ D1+ C0/ D1/ A4/ RESIGN
Trax_2409874 DINGEROO vs. Rogue Trooper : @0/ A0+
Trax_2409911 RubyJoy vs. drgnrdr : @0/ @1/ B0/ @1+ A0\ A0+ @3/ E1/ D0\ E5\ D0/ F4\
Trax_2410055 HeartOnFire vs. dgb : @0+ A0/ B1/ @2+ C0+ D2+ B4+ D4\ E2\ F2\ E4\ G3\ F4+ C0\ C0\ C7+ D3/ A3+
Trax_2410141 jazzbeth vs. dingbat : @0/ A0/ B2/ @2\ @2\ B3\ B4\ @3+ A5\ E5+ F2+ G3/ D0/ F2/ H2/ C2+
Trax_2410142 dingbat vs. jazzbeth : @0/ A0/ B1+ C1\ B0/ B0/ A2+ D3\ C5\ C0\ E2+ E0\ A1+ @3/ G4+ @6/ A3+
Trax_2410143 jazzbeth vs. Rogue Trooper : @0/ A0+ A3/ A0/ @2\ @3+ @2/ B1+ C5\ A4+ @3\ @2/ B5+ A0\ @1\ A2+ B0+ G2/ H2/ D8+ @3/ I1/ G0+ J3+
Trax_2410144 Rogue Trooper vs. jazzbeth : @0+ @1+ A0/ A3/ @3/ @3+ B1+ @2\ F2/ F0+ D5+ F4/ C6\ A4+ A2\ A1\ @3+ F6/ @2/ C5+ @3\ E7/ D7/ H7\ F8\
Trax_2410145 jazzbeth vs. jaha : @0/ A0/ @2+ C1\ D1\ B0+ B0\ @4\ B5\ C6/ A6\ @4\ D7+ @1+ B0\ A6/ @5+ C7/
Trax_2410146 jaha vs. jazzbeth : @0/ A0/ B2/ C2/ @2/ C3+ C4/ C1/ @4/ A5/ A1\ @2\ B0/
Trax_2410147 jazzbeth vs. drgnrdr : @0/ A0/ B1+ A3/ C2/ @2+ C0/ D5+ E3/ B1+ B6\ A5+ B7\ @6\ @6\ @5/ B3+ F7+ E8+ D0/ D0/ A4+
Trax_2410148 drgnrdr vs. jazzbeth : @0/ @1/ B2/ C1\ @1/ C0+ @1+ C0/ E2/ F2/ C0/ C0/ B6+ F5\ G4/ H3\ F0+ E0+ G7+ D0/ C1+ E9+ F10/ D11+ B10+ A10/ @8\ I9+ A4+ D12\
Trax_2410149 dingbat vs. Rogue Trooper : @0/ A0+ A3/ @3/ C1/ C2+ D2/ C0/ B5+ D4+ E5/ C6/ D2+ F6\ D7+ F3/ G5/
Trax_2410150 Rogue Trooper vs. dingbat : @0+ @1/ C1/ C0+ D2/ A3+ C3+ C0+ E4\ D5+ B5/ @3/ B2+ G4\ F2+ C6/ A5+ @5\ F7+ E8+ G6+
Trax_2410151 dingbat vs. jaha : @0/ A0/ B2+ @2\ A1+ D2+ B3+ @2/ A3/ C4/ @2+ A1\ D0/ @2+ @3\ A4+
Trax_2410152 jaha vs. dingbat : @0/ A0/ @1/ C1/ D1\ C3+ D2\ C4/ E2+ E3+ F1\ E4\ C5/ A3+ D0+ D7+ F0+ G3\ B8+ D1\ E0/ @6/ E10\ G8+ G6+ C10\ H8\ I6/ F11/
Trax_2410153 dingbat vs. drgnrdr : @0/ A0/ B1/ B3+ C3\ D3+ D4\ A0\ @1\ E1/ D0\
Trax_2410154 drgnrdr vs. dingbat : @0/ A0/ A3/ @2+ C2\ @2/ E1\ E2+ E0/ F3/ B1\ A2\
Trax_2410155 Rogue Trooper vs. jaha : @0+ A0/ B1\ A3/ A4/ B2\ @1/ D1/ D0/ D5\ E4/
Trax_2410156 jaha vs. Rogue Trooper : @0/ A0+ @2+ B0/ C2/ @3\ B1+ @2+ B0/ B0/ @2+ F1/ F0+ G3+ H3\ G5+ D7/ C1/ E0/ E0/ F1/ G1/ H2+ I2\ J4+ H8\ I7+ G0/ I2+ K6/ I0/ J1/ D1\ H0\
Trax_2410157 Rogue Trooper vs. drgnrdr : @0+ B1/ B2/ A0+ @2/ @3\ B4+ C5/ E1\ C0\ D1+ F2\ G2+ @4\ C2+
Trax_2410158 drgnrdr vs. Rogue Trooper : @0/ A0+ B1\ A0/ B0\ A5/ @5/ @5+ C6+ E3\ B1\ B0\ B0\ @5\ A4\ G3/ E2\ @4+
Trax_2410159 jaha vs. drgnrdr : @0/ @1/ A0/ @2\ D2/ B3/ C1+ C0/ C0/ B2+ E1/ E0/ D7+ E7\ F7+ D8/ E9+ F9\ G9+ G10\ G5/ H8+ F4/
Trax_2410160 drgnrdr vs. jaha : @0/ A0/ A0/ A0/ @3+ C4+ D2+ @1/ A4\ B5+ B6/ @6+ A3+ E0+ F0\ G1+
Trax_2410886 Geri39 vs. dgb : @0/ @1/ A0/ @2+ A3/ C3\ D2/ B4/
Trax_2416452 Grover vs. Linda Sue : @0+ @1/ B2+ C2/
Trax_2416786 Linda Sue vs. Jay RAA : @0+ B1+ B2/ B0/ C1/ @3/ B4\ E2/ D0\ C1\ B1\ B0\ A1\ @5/ A6/ B7/ E6\ E7\ E8\ D8/ E9/
Trax_2417108 golfnutrof vs. Jump This : @0+ B1+ B2/ A0\ @1+ @1/ B3+ B4\ B5\ A4+ C5+ E3+ @3+ F2/ D6+ F1+ D0+ E1+ E0+ @5/ C8+ A7+ C9\ B8/ C10\ H3\ F8\ I3/ G2/ G10\ H7/ G11/
Trax_2417427 basplund vs. dgb : @0/ @1/ A0/ @2+ A0/ @3\ D2+ E2/ E1/ F1/ B4\ E0+
Trax_2418668 STrek vs. RubyJoy : @0/ A0/ B1+ A3+ @3/ A1\ D1\ B0\
Trax_2420149 Phil The Hat vs. drgnrdr : @0+ @1\ B0/ B0/ C1/ A4\ A5\ D1+ D0/ @4\ A1\ @4\ E0/
Trax_2420208 Oartkickel of the Wolf Pack vs. jazzbeth : @0+ A0+ A3+ @3\ C1\ B4/ C3\ D2/ E2/ B0/ C0\ A2+ D6\ C7/ @2/ A6/ G4+ A7\
Trax_2420563 basplund vs. Dragon101 : @0/ A0/ B2/ B1+ C1\ @2\ B0/ B0/ B0/ B0/ E6/ A4+ B7/ @5\ B0\ A2+ @3+ G9\ H6\ B9/ A2\ D10/
Trax_2421815 dgb vs. Traxplayer : @0/ @1/ B0/ @1+ C0/ @3\ E2+ B4/ @3\ B1+ C5/ @2\ @2\ @2\ D0/ E0/ G1+ J3\ E7+ RESIGN
Trax_2422212 Judy Moody vs. basplund : @0+ @1/ A2/ @2/ C0+ D2\ B4/ B5/ A4/ D6+ C7+ E5+
Trax_2422469 HeartOnFire vs. dgb : @0/ A0/ B1+ A3+ A4\ B5/ @4\ D5+ B0/ E3/ E2/ @4\ A3+ A1\ B0/ G3/ H5+ H7+
Trax_2422543 Grover vs. basplund : @0+ @1+ A0/ B3\ C3\ D3\ C4/ D1/ A3+ B0/
Trax_2423674 Dragon101 vs. basplund : @0/ A0/ B1+ B3/ A0/ @3+ A4/ @4/ C5\ A1\ @5\ C0\
Trax_2423681 basplund vs. dingbat : @0/ A0/ A0+ B1/ A4/ B3+ C1/ C2+ A5/ @5/ C0+ B0/ A2+ @2\ @4+ C8/ @7+
Trax_2427035 fallingstar vs. Rogue Trooper : @0/ A0+ @1+ B0/ C3/ B4/ @3/ E4\ E5\ E1/ F3\ D0/
Trax_2427630 DIRKSTRA vs. basplund : @0/ @1/ B0+ A3\ B0+ A1+ B0+ C4\ C5\ D5\ D6\ D3/ E6+ @3+
Trax_2427869 MizE vs. basplund : @0/ A0/ B1/ A3/ A4\ A0\ @1\ @1\ D5\ E4\
Trax_2431507 balmoral vs. drgnrdr : @0+ @1\ A2/ @1\ B0+ B4\ C3+ A4\ @4\ B5+ C6/ B7\ @5\ E7\ D8/ F4/
Trax_2431536 aubug vs. * : @0/ A2\ B2\ @2\ B3+ C4/ D4/ D3/ C1+ C0/ A1/ @3+ F2+ A5/ D6/ @5\
Trax_2431552 Phil The Hat vs. keops : @0/ A0/ @1/ @1/ @1/ C0+ A3/ @3/ A4/ @4/ A5/ @5/ A6/ @1+ D7+
Trax_2432714 Sara vs. Megababe : @0+ A2+ A0\ A4+ @2+ B5+ B6/ C3+ A4+ A6/ @5/ D5/ A3\ @3\ C7/ B6/ A4+ A1\ @2/ D0\
Trax_2432833 SweetCindyJo vs. dboy97 : @0/ A0/ B1/ C2+ B0+ B4+
Trax_2432934 HeartOnFire vs. basplund : @0/ @1/ B0+ C1\ A3\ D2/ B0+ C1+ A1\ @1\ F3/ B0+ E1+ C5+ A3+ @4\ B5+ @4\ C6+ A1\ @3/ C0/
Trax_2434228 jazzbeth vs. supermac : @0+ B1\ @1\ A0\ B3/ D3/ E2\ @2+ A4+ E1+ D0/ G2/ G1/ D0/ C2+ C6+ H3+ I3\ I5+ C7+ B1+ B0\ A1\ D8+
Trax_2434330 HeartOnFire vs. dgb : @0/ @1/ B0+ @2+ C0+ D2+ @2/ A1+ @2\ E0+ F1/ C5/ D5+ A5/ C6/ @4\
Trax_2434454 faith64 vs. drgnrdr : @0+ @1\ B2+ C1/ C0/ B0+ @1+ E2/ D0/ A4+ C6+ E5\ B5+ F4\
Trax_2434775 Jane vs. drgnrdr : @0/ A0/ @2+ B0\ C2+ @3\ A1+ E2\ E4+ C0\ A1+ @1/ D6/ C6/ E7\ F7\ G7+ E8+ D9\ B6/ A5/ @3\ B9/ B10/ B11/ G2/ D10+ E0\
Trax_2435397 smores4me vs. jazzbeth : @0/ @1/ A2+ C2/ A3\ B4/ C1+ B0\ D3\ @5\ E4\ D6\ E6\ A6/ C7\ @6\
Trax_2435795 paganje vs. ScoobyRex02 : @0/ B1\ A2/ @2+ B0+ @3+ C4\ D4\ D5\ E3/ F4+
Trax_2435861 Keizer Soze vs. Dragon101 : @0/ A0/ B1/ C1+ C0+ C0+ D2\ A2\ @4/ D0/ A3\ @3\ E0/ C2+ F1+ G5/ A1\ @3/ E1\ D0/ E8+ D9\ A6/ @6/ C8+ F0/ H2+ F0/ H10\ H11\ E12\ A5\ @8/ B4/
Trax_2435874 YankeeFan vs. Sophia : @0/
Trax_2435888 Traxplayer vs. jaha : @0/ A0/ @1/ A0/ @1/ B0/ D4/ E4+ D3+ C5/ B0+ C1/ @3+ D3/ C6/ B6+ F7\ G5\ E1/ F1/ RESIGN
Trax_2439577 BabyGirl The Rebel Angel vs. Dawnas AZ : @0+ B1\ B2\ @1\
Trax_2442606 rabbitoid vs. keops : @0/ @1/ B0+ @1/ B3/ C0/ B1+ C0/ C0/ @4/ E2+ B6/ E6\ F2\ D7\
Trax_2442630 Phil The Hat vs. klaashaas : @0/ @1/ @1/ A2+ @2\ B0\ B0+ A1\ @4\ F2\ F5+ RESIGN
Trax_2442672 YankeeFan vs. SweetCindyJo : @0/ B1\ A2/ B2\ B3/
Trax_2444056 balmoral vs. Rand al*Thor : @0+ @1/ A2/ C2/ A0\ @3/ A4/ @4/ B5\ E5\ F5\ C6+
Trax_2444185 Sophia vs. basplund :
Trax_2447479 ERIN MIA vs. marygal : @0/ A2\ A3/ B1\
Trax_2447648 B Line electric streetcar vs. Dragon101 : @0/ A0/ A3/ B1+ A4/ C3+ D3/ @3+ B5/ D6+
Trax_2447751 SweetCindyJo vs. misci : @0/
Trax_2448401 the great snowqueen vs. basplund : @0+ A2\ B2+ A0\ C2\ C1/ @1\ B0/
Trax_2448568 dgb vs. basplund : @0/ @1/ B0/ @2/ A0+ @3/ @3+ E4\ F4\ B0/ @1+ C0/ C7+ B7/ A7+ RESIGN
Trax_2449045 dgb vs. Thud : @0/ A0/ B1+ A3+ @1/ B0+ D2\ A4/ D5\ E4+ A5/ RESIGN
Trax_2449971 dgb vs. sithneedow : @0/ B1/ B0\ @2+ A1+ @1\ A0\ C1+ @2+ B3/ E4\ F3/ B4/ C5/ A3+
Trax_2451949 spitfire vs. MountainMist : @0+ B1+ A0/ B3\ C3+ @2/ E3+ A3\ C4/ B4+ A4/ @3\ E4\ E5+ E6/ D5/ F5\ G5\ A5/ @4+
Trax_2452505 game_77 vs. STrek : @0+ @1/ B2/ A2+ @2\ C0/ B1+ C0/ D1+ D0/ C1+ A2+ D0+ E1/ E2+ A1\ F1+ B0/
Trax_2452648 YankeeFan vs. Rogue Trooper : @0/ A0+ @1+ B0/ C1+ D1\ C3+ B4+ C5/ D4+ E5/ C6/ A5+ F3+ E1+ F6\ @5+ F7\
Trax_2452788 spitfire vs. * : @0/ A2\ B2\ B3+ A0\ @2/ C2/ D2/ C0+ D5/ E3/ E4+ C0\ A2\ @3\ A5+ G4\ F1/ B1\ G1\
Trax_2452789 * vs. MountainMist : @0/ B1\ A2/ @2+ @1/ B3/ @2\ B0\ B0+ A1\ @3/ @3+ G1/ H1/ F0/
Trax_2453219 dgb vs. sir_gary : @0+ B1\ B2\ @1/ D2/ B3/ @2/ B3+ C4+ A3/ E4\ B4+ F2\
Trax_2453225 dgb vs. sir_gary : @0/ B1+ C1/ D1+ C0/ D3/ B3/ A3+ B4\ C4\ E2\
Trax_2453282 drgnrdr vs. REBEL DJ : @0/ B1+ C1/ @1/ B0/ A3/ D0/ E2+ A1\ @2+ D0\
Trax_2454099 dgb vs. * : @0+ @1\ C1\ C2\ C3\ A2+ C0\ D1+ E2+ D5/ D0/ E1+ F2/
Trax_2454381 * vs. Dragon101 : @0/ A0/ @2/ @2/ B3+ C0/ D4+ C0/ C6/ E2+ D0\ A0+ @1+ @1/
Trax_2455530 * vs. MizE : @0/ B1\ B2\ C2\ A2/ B3\ D1+ D0/ E1/ D0/ A1\ E1+ D0/
Trax_2455616 Rogue Trooper vs. RubyJoy : @0/ @1/ B2+ B3\ C1/ @2/ A3/ C4\ D0+ E1/ A1\ E4\ @3\
Trax_2455624 dboy97 vs. drgnrdr : @0/ A0/ A0/ @2+ B0/ C1/ D1+ B0+ A6\ @4/ F2/ E7+ F4+ G3\ B7+ G7+ H6\ G8+ H4/ F1+
Trax_2455686 Keizer Soze vs. * : @0+ B1/ A2+ @1/ B3+ A0/ D2\ D3\ D4+ E2+ E1\ B0+ B0\ C1+ E2+ A1\ @2\ E0\ G2\ C0+
Trax_2455949 spitfire vs. MizE : @0/ A2\ B1/ B0/ @3/ A4/ D2\ D3\ @4+ B5/ D4\ E4\ F1/ F0/ @6\ B7/ E7/ H4/ H2/ I2/ I1+ J1\
Trax_2456338 dgb vs. Gypsyfire : @0+ @1/ C1/ A2\ B0+ A1+ @2+ B0/ B0/ D5+ A1\ @3/ B0/
Trax_2456935 marygal vs. YankeeFan : @0/ A2\ B1/ B0+ A4/ @4/ A2+ B5\ C4/ D3\ C5+ C6\ B6+ D7\ E5+ C0+ F7\ F8\
Trax_2456938 marygal vs. YankeeFan : @0/ A2\ B2\ B3+ C2/ C1/ D1/ B0\ @3\ E0/ F1/ F3+ A1\ D0+ @3\
Trax_2456939 marygal vs. YankeeFan : @0+ B1/ B2\ C2+ C1+ D1/ C0/ C4+ B1\ C0/ @3/ D6+ B4+ D7+ C6/ E1+ E6\
Trax_2458613 Dania59 vs. basplund : @0/ A2/ @1/ C2/ A2/ C1+ B0+ D2\ A4/ @4/ C5\ E5\ RESIGN
Trax_2458662 jaha vs. rabbitoid : @0/ @1/ A0/ B3\ C2/ A0/ B2+ D3/ A0/ C1\ B0+ C0\ B0/ B0/ B0/ @7+ E1/ F6\
Trax_2458730 Traxplayer vs. keops : @0/ A0/ @1/ B0/ C3/ B4/ C1+ @1\ A0\ A4/ RESIGN
Trax_2461022 YankeeFan vs. SweetCindyJo : @0/ B1\ A2/ @2+ A0\ @1/
Trax_2462370 SweetCindyJo vs. Oartkickel of the Wolf Pack : @0/ @1/ B0+ B3\ C3+ C4/ B0\ A6+ @5\ @5\ A4\ @2+ D7/ C0+
Trax_2463547 Rand al*Thor vs. * : @0/ A2\ B2\ C2\ B1+ B3+ @2\ A0+ E2/ D1+ D0\ B6\ @3/ @3/ A1\ B0+ B0/
Trax_2463678 * vs. Traxplayer : @0/ @1/ B0+ @2+ B0/ B4\ D1\ C0+ A1\ @3+ C0+ @4/ A5/ A6+ @5/
Trax_2464840 fallingstar vs. BabyGirl The Rebel Angel : @0/
Trax_2464874 Pegasus vs. YankeeFan : @0/ B1\ A0/ B3/
Trax_2465622 * vs. Nirvana : @0/ @1/ @1/ C0+ @2/ A3+ C0/ @3+ C5/
Trax_2465910 * vs. Laurel : @0/ A2\ B1/ B0+ C1/ B0+ D2/ C3+ C4\ B0+ B0/ C1/ D1/ E2/ A3+ B7+ C8/ C0+ A3\
Trax_2466329 * vs. basplund : @0/ @1/ B0+ @1/ C0+ D2\ C0+ B2\ D1/ E3\ D5+ D6/ F5\ F6\ D7/ G6+ A4/ @7+ E8/
Trax_2466842 * vs. Fallen Angel : @0/ A2\ B1/ B0+ A0/ @2+ B0/ D2/ @3/ F2\ F3\ D0/ E1/ G4\ G5\ E6\ B1\ H5\ C0/
Trax_2467394 Rogue Trooper vs. Traxplayer : @0/ @1/ B0/ @1+ C0/ @3\ E2+ C0+ A2+ F2\ C0/ C0/ E3+ C7/ F1/ G4+ F0\
Trax_2470219 * vs. Traxplayer : @0/ @1/ @1/ @1/ B2+ A0+ D0\ E3+ B1/ C0/ C6/ E1/ F3+
Trax_2473217 drgnrdr vs. Jump This : @0/ @1/ B2/ C2/ C3+ B0\ C2/ D1\ C5/ B6\ D5+ D0/ E1/ B0/ E6+ F5+ D1+ A6+ @5\ B1\ E0\ H5+
Trax_2473265 dboy97 vs. paganje : @0/ A2\ B1/ B2+ A0\ @2/ @2/ D4/ @4+ A5/ @3/ B2+ @4\ D1+ B6\ G6\ C7+ H4\
Trax_2473266 golfnutrof vs. Traxplayer : @0+ @1+ A0/ A3/ C2\ @2+ C3+ E2\ D1+ F1+ @2\ C0\ B1\ F1+ E1\ D0/
Trax_2473748 Jane vs. Marko : @0/ B1\ B2\ B3\ A0/ @1\ B0+ A4/ @4+ A3+ @3+ B1\ E6+ A2\
Trax_2474693 rabbitoid vs. keops : @0/ A0/ B2/ B3/ A3+ A4+ B4+ @1\ A0\ D5\ E5+ E6\ F5\ E2\ C2+ A0\ C2/ @4+ A5/ @2+ D0+ D0/ A2\ RESIGN
Trax_2474767 basplund vs. ScoobyRex02 : @0/ A2\ B1/ B0+ A0/
Trax_2474847 jaha vs. dgb : @0/ A0/ B2/ A3+ @2+ B0/ B0+ B0/ B7\ @4+ B1+ D2\ E3+ B6/ A7\ E8\ F8\ A8+ E9+ @5/ A8/ @4\ A3\ A0+ @4\ @6+ B7/ D10/ C8+ @4\ A3\ A0+ @4\ D10+ C11\ B9+ @6/ @4\ A3\ A0+ @4\ B8+ @8+ D10/ C11\ G13+ E12+ K13\ L12+ J14/
Trax_2475263 * vs. wvsable : @0/ A2\ B1/ B2+ B3\ A3+ C2+
Trax_2476210 klaashaas vs. Oartkickel of the Wolf Pack : @0/ @1/ B0/ @1/ B3/ A0+ @2+ B3+ A3/ @2\ C0/ B1+ E6\ B6/ D7/
Trax_2476222 Phil The Hat vs. Rogue Trooper : @0/ A0+ @1+ B0/ @2/ A1/ A0/ @2+ @1/ E5/ F5\ F6\ F2+ G3/ B4+ A3+ H3/ G5+ F7\ C0/ B7/ A7/ @2/
Trax_2477081 Megababe vs. drgnrdr : @0+ @1\ A2/ @1\ B0+ D1\ B4+ C0\
Trax_2477929 Good Knight vs. BabyGirl The Rebel Angel : @0/ B1\ B2\
Trax_2479590 drgnrdr vs. aussielady : @0/ @1/ @1/ B0+ A3+ @1+ D0\ C0/ @3/ A2/ @4\ B5/ B6+ A6/ @4\ F6+ D7+ H2+ D8/ C8/
Trax_2482850 YankeeFan vs. Sara : @0/ A2\ B1+ C1\ C2\ B3+ B0\ @3+ C0\ A6\ D1/ D6\ C0/
Trax_2482859 B Line electric streetcar vs. paganje : @0/ A2\ B1/ B2+ A0+ C3\ D3\ B4/ D1/ A0/ E3/
Trax_2483519 dgb vs. Daniel Snyder : @0/ A2\ B2\ B1+ A3+ @3\ B4+ A2+ D3\ C4+ C5\ D4\ C0/ D1/ E5\ E6\ E1+ F3/ D0/
Trax_2486794 dgb vs. SassySass : @0+ B1/ @1/ A2\ B0+ B3+ D2\ C3+ C4\ D3\ E3\ D4\ E1/ E4+ C0/
Trax_2487172 basplund vs. SassySass : @0/ A2\ B1/ B2+ C2\ C0/ D3\ C4/ A4/ A5/ @3/
Trax_2488977 Sarah vs. Rogue Trooper : @0+ A0/ A0+ A0\ @3/ @4\ @3/ A5+ @4+ A1+ C0/ C0+ D1/ @5+ @4/ C0\ A4\ @4\ I6+ G1/ H1+
Trax_2488989 Phil The Hat vs. Dragon101 : @0/ A0/ A3/ B2+ A4/ @1+ @2+ @3+ E0+ D6/ C1\ B2\ F1/ D0\ F7+ F8\ G4+
Trax_2491397 Thud vs. SweetCindyJo : @0+ @1/ A2+ C2/ A3/ D2/ E2/ D0+ E4\ F3/ B5/
Trax_2491423 Irishrose vs. BabyGirl The Rebel Angel : @0/
Trax_2491791 dgb vs. kssockeye : @0+ A2+ A0+ A4/ @4/ B5/ C2\ A2+ @3\ @3\ A2\ @2\ C1+
Trax_2492611 heidibb vs. kssockeye : @0+ @1+ A2\ A0\ C2/ B1+ B4/ A0\ @1\ @2\ E5\ A1+ F3\
Trax_2494350 dgb vs. RyRy is here : @0/ B1\ A2/ @2/ B0+ @2\ @2+ B1+ D4\ E4\ A4/ @4/ D5/
Trax_2496067 MizE vs. marygal : @0/ B1\ B2\ A2+ @2/ C3\ D3\ D4\ E4\ E5\ F5\ D6/ D7\ C0\ C0/ A2\ B1+ @4\
Trax_2496301 dgb vs. RyRy is here : @0+ @1/ C1/ B2/ A0/ A0/ @2\ A4/ @4/ F1/ D0+ D6\ E6\ F6\ G5+ E7+ @5\ A4\ D6+
Trax_2499184 basplund vs. YankeeFan : @0/ B1\ A2/ @2+ @1/ A0+ A0/ @2+ E1/ @2+ E0/
Trax_2502918 dj_virtue vs. doc harley : @0+ @1\ A2/ @2/ A3/ C3\ B4\
Trax_2503089 SweetCindyJo vs. Good Knight : @0/
Trax_2504802 Traxplayer vs. the great snowqueen : @0/ B1\ A2/ B2+ @2\ C3+ D2\
Trax_2505243 marlisam vs. Traxplayer : @0/ @1/ B0\ @2\ A1\ @1\ B3\ B0+
Trax_2506227 B Line electric streetcar vs. Jump This : @0/ @1/ C1/ A2/ D2+ A3+ B4/ @1\ C0+ E6+ F6\ G6+ E7/ A4/ @2+ @2/ H8\ F8+ I8/
Trax_2506278 drgnrdr vs. Dragon101 : @0/ A0/ A3/ B2+ @3+ C4+ D2/ B5/ A5/ A6/ @3/ D6\ E5\ D7/
Trax_2506311 dboy97 vs. paganje : @0/ B1\ B2\ C2+ D2/ @1/ F1/ D0+ B1+ B3+ C4+ D4\ F3+ D5+ F5\ G3\ D6/ D7/ B7+ A4+ D8/
Trax_2507906 BabyGirl The Rebel Angel vs. Sophia :
Trax_2507918 YankeeFan vs. Irishrose : @0/ B1/ C1\ B2/ A2+ C2\ C3\ B3/ B4\
Trax_2509414 STrek vs. Thud : @0/ @1/ A2/ B3+ C3\ D3+ B4+ E3\ E2+ A4+ A0+ @3/ @1+ B6\ A6+ @5+ I3/ H1/ D0/ D8\ F7+ I6+ G7/ F8\ C1+ B0\ A3\ H9/ E10+ G10+ I9+ A1+ C1+ B0\ @4/ A5+ A8\ H3+
Trax_2513281 basplund vs. drgnrdr : @0/ @1/ A2+ B3/ @1/ B0+ A0/ @4\ B5+ B0/ B0/ D1+ E5/ F5/ @5/ F3+ C8/ @8+ A9/ D9+ E10/ @10\ D11\ A6\ @9/ C5\
Trax_2513376 dalkelly MIA vs. SweetCindyJo : @0+ @1\ B2/ C1\ B0\ B4+ B5\ D4+ C6/ A5/ @4/ @4/ A5/ D7\ B6+
Trax_2513442 Leeeeeesa vs. marygal : @0/ B1\ A2/ @2+ C2\ B3/ B0/ A0+ D3\ @2+
Trax_2513650 marlisam vs. basplund : @0/ @1/ A2/ C2+ D1/ B3+
Trax_2513799 ken vs. basplund : @0+ A2/ @2\ B0/ A1\ A0/
Trax_2513816 Jane vs. Marko : @0/ A2\ B2\ B3+ @2+ D2\ @2+ F3\ E4+ E5\ F5\ G5+ G6\ G2/ E1/
Trax_2513958 dgb vs. basplund : @0/ @1/ A2+ C1/ @2/ @2/ E0+ C4/ D4+ F2/ D0/ D0/ G3+ B2+ A4+ @5/ B6/ B7+ @5/ A6/ A8/ @6/ A3+ @6+ E2\
Trax_2514901 golfnutrof vs. paganje : @0+ B1\ @1\ A0\ A0\ C2+ B4+ D2/ D0+ A5+ @2+ C0\ D0+ B2+ F5/ E7+ E2+
Trax_2514939 Traxplayer vs. dboy97 : @0/ @1/ @1/ @1/ C0+ C3\ E1\ D3+ E0/ F1/ A1\ @2/ D0+
Trax_2515478 CrzyCrtv vs. basplund : @0/ A0/ B1\ A3\ B2+ A4+ @3\ B5/ @4\ A1/ A3+ A6\ D3\ @3+ @3/ A4/ A2\ @4+ H2/ H0+
Trax_2515994 RyRy is here vs. basplund : @0/ A0/ @2/ @1/ B0/ @1/ D1+ E1/ E2+ F2/ F1+ C4/ B3+ D0\ F4+ A3/
Trax_2518341 rabbitoid vs. Phil The Hat : @0/ @1/ A2+ C1+ B3/ A0\ @2/ C0/ D2+ @3/ @4\ D0\ B3+ F1/ G3/
Trax_2518423 Pegasus vs. BabyGirl The Rebel Angel : @0+
Trax_2520022 Rand al*Thor vs. supermac : @0+ B1\ B0/ C2\ @2\ A1\ C0/ B1+ D2+ B4/ E1/ C0/
Trax_2520152 * vs. jazzbeth : @0/ @1/ A2+ A3/ A4/ C2/ @3+ @4\ B5+ A6\ @6+ F1+ E0+ D0/ C1+
Trax_2521636 Kituku vs. SweetCindyJo : @0/ B1\ A2/ @2+ C2\ B3/ B0/ D2+ E2\ D4\ C5\ @3\ D0/ D7\ E6\ B7/ B8/ A6\
Trax_2521959 Jane vs. Marko : @0/ A2\ B2\ @1/ B0+ C2+ B0+ C5\ D5\ A6+ @6/ A3+ C7+ C8\ F7+
Trax_2521960 Jane vs. Marko : @0/ B1\ B2\ B0\ A3/ A4/ @4+ @1+ A0\ @1\ A3+ B0+
Trax_2521961 Jane vs. Marko : @0+ @1+ A0/ A3/ B3+ C1/ B0+ A1\ @2/ C5+ D4/ E3\ A1+ C0/ D2/ E2/ E1\
Trax_2522317 YankeeFan vs. Misfit Lenrad6672 : @0/ B1\ A2/ B2+ C2\ A3/ @1\ A0\ E3\ A5/ @5/ B0/ C2+ C1+ D1/ E1/ F1+ G4\ F0\
Trax_2522319 YankeeFan vs. Misfit Lenrad6672 : @0/ A2\ B1/ B0/ B0/ B4+ C1+ C0/ A1\ D2+ B0/
Trax_2522320 YankeeFan vs. Misfit Lenrad6672 : @0/ B1\ B2\ A2+ @2/ C3\ D1/ D0/ @3/ D5\ F2/ F1/ G1/ G0/ H1/ H0/ I1/ A8/ J1/
Trax_2524179 YankeeFan vs. dalkelly MIA : @0/ A0\ @1/
Trax_2525902 Traxplayer vs. Dragon101 : @0/ A0/ @1/ A2+ C1+ D1\ C0/ @3\ @3\ G2\ E4\ E5\ F4\ C5/ RESIGN
Trax_2527578 drgnrdr vs. klaashaas : @0/ B1/ B2\ C1/ D1/ A3\ D2\ E1/ D3\ C4+ @2\ E0+ @5+ B6+
Trax_2527657 dboy97 vs. YankeeFan : @0/ B1\ B2\ C2+ B3/ A3/ @3+ A4/ B4+ @3+ E4\ C5\ F3+ B6\ A5+ @3+ H2/ G1+ G0/ H1/ E0/ D2+ G1+ C2\ B3\ E0+
Trax_2528212 dgb vs. basplund : @0/ @1/ @1/ B0/ @2+ A3+ @3+ A2+ @3+ C4+ D3+ C5+ G3\ G4\ H4\ G1/ G5+ F5/ E5+ RESIGN
Trax_2528368 davidmilne vs. basplund : @0/ @1/ B2/ A2+ @2\ C3/ B4\ @1/ E2+ E0+ B1+ F5\ F6\ F1/ RESIGN
Trax_2528859 Sara vs. basplund : @0+ A0\ @2+ A3/ @1/ A0/ D3\ E3\ C1\ @4/ C5/ A1\ A5/ @2/
Trax_2528998 Sophia vs. BabyGirl The Rebel Angel :
Trax_2529311 Geri39 vs. basplund : @0+ A0\ A3/ @1\ B0+ @4/ A5/ @5/ C5\ C6\ B6+ A1\ @2/ C0/
Trax_2529330 marygal vs. basplund : @0+ A0/ B1/ B3+ B0/ @2/ D4+ C5/ @1+ C0/ B5/ A6\ @3\ @3\ F1/ H3+
Trax_2529645 dgb vs. Shreela : @0/ A0/ A3/ A4/ B1+ @4/ D4\ A5/ @1\ D0\ @5+ C7/ @5+ H5+ H6\
Trax_2530463 rabbitoid vs. jaha : @0/ A0/ @2+ C1\ A3\ @2\ @2\ B3+ B4/ B5\ E3\ E4\ E5\ @3+ B5+ E6+ G3+ F0+ C1\ D0+ H2+ H5\
Trax_2530513 Phil The Hat vs. dgb : @0/ @1/ B0+ @2+ B0/ B4\ D2\ E2\ A0\ @3/ C0/ D1/ E3+ F2+ G5/ G6\ H5\
Trax_2533359 SweetCindyJo vs. chaosbreaker : @0/ A2+ A0\ @2+ @2\ B1\ A1+ A0+ B1+ B0+ B0\ A2\ A1+ @3+ A4+ A5/ A6/ @5+ E7/ D6/
Trax_2533467 basplund vs. Chef Jeff 1 : @0/ A2+ B1+ C1/ B3/ C2+ D3/ C0+ E3\ C5\ C6\ D5\ A6/ B7\ @5\
Trax_2534085 davidmilne vs. Traxplayer : @0/ @1/ A0/ @1/ A0/ @1/ A0/ @1/ A0/ @1/ A0/ @1/ A0/ @1/ A0/ @2/ A0/ @2/ A0/ @2+ @2/ C0\ F4+ B5+ A6\ @5+ G3\ B7/ B8/ C7+ @4/ B3+ E7/ M12\ D9/ D10/ E10+ F6\ I3\ H7/ F8+ J5+ K4\ L4\ B7+ C9+ M4\ J3+ K2\ @4+ C2/ P11\ P12\ Q12\ O13/ O14+ A2\ RESIGN
Trax_2538054 RubyJoy vs. basplund :
Trax_2538809 splodge vs. gladriel : @0/ B1\ A2/ @2/ C2\ D2\ C3/
Trax_2538889 gladriel vs. Dionysos : @0/ A2\ @2\ C1\
Trax_2538907 Geri39 vs. gladriel : @0/ A2\ B1/ B2+ B3\ C2/ A0\ A0/ @2/
Trax_2538998 spitfire vs. splodge : @0+ A0/ B1\ B2\ A3\ B3+ C3/
Trax_2539004 spitfire vs. Geri39 : @0/ A2\ B2\ A0/ @3/ A4/ C2/ D3\ D4/ B0\ A1\ D3/ E3/ D6+ E4\ F4+ F3+ G4\ C1/ C6+ B0/
Trax_2539174 spitfire vs. Dionysos : @0/ A2+ A0\ @1\ C2/ B0+ A0\ @1/
Trax_2539290 spitfire vs. stormy rebel : @0/ A2\ B2\ B3/ C3\ B4/ @1\ A0\ B4/ A4/ @4/ D6\ E6\ F4\ B5/ B0/ C1/ C0/ A8/ A9/ @7\
Trax_2539292 gladriel vs. stormy rebel : @0/ A2\ A3/ B3/ B1/ @3/ D2/
Trax_2539684 BabyGirl The Rebel Angel vs. jazzbeth : @0/ @1/ B0/ A0/ B1+ C1/
Trax_2540844 MizE vs. gladriel :
Trax_2541397 Rogue Trooper vs. * : @0/ B1\ A2/ A3/ A4+ @2+ @2/ @2/ @2/ C4+ A5+ @2/ H1/ F0/ D1\ E0/ C8/ B3+ @5\ @6+ @5/ A4/ C8+ E9/
Trax_2544412 Dragon101 vs. B Line electric streetcar : @0/ @1/ A2+ B0+ C1/ C2+ @3/ A2+ B4\ E3/ A5/ @5+ F5+ D6/
Trax_2544416 Jump This vs. Traxplayer : @0/ @1/ @1/ @1/ C0+ D3+ A4\ @3+ B5\ F2+ A1\ C0/ B0+ A1\ @1+ RESIGN
Trax_2544462 drgnrdr vs. Sarah : @0/ A0/ B2/ B3/ A3/ C2/ @3+ A4/ A5/ A6+ D4\ E4\ C5+ C6/ C7/ C1+ F5/ G4\ E6+ G3+ G2\ H3\ @2+ A5+ A7+ D8/ F7/ G7+ @6\ @5/ B4+ A3+ B8+
Trax_2546804 DavidTrax vs. Dragon101 : @0/ A0/ @2/ B0/ C3+ B4\ A5\ @4+ A3+ B0+ @1+ D0/ E1/ F4+ D0\ C1\ B2+
Trax_2548148 dawn1968 vs. Rogue Trooper : @0/ A0+ A0\ @1\ A0\ @4+ A5/ A6/ @6/ D6\ E5\ D7/
Trax_2548267 Traxplayer vs. Phil The Hat : @0/ @1/ A0/ A0/ A4/ A5+ C3+ B6/ D5+ B7/ D8+ E8\ E9\ F6+ B9/ A9\
Trax_2548357 STrek vs. patchwork0 : @0/ B1\ A2/ @2+ @2\ B0/ @2/ D1+ E3\ D4/ B4+ B5/ @1\ B0/ A6+ @6\ B7+ H4/ E7\ F7\ C8\
Trax_2549075 rabbitoid vs. YankeeFan : @0/ B1\ A2/ @2+ @1/ A0+ @1/ A2/ B0/ C5\ E1/ A5/ D0/
Trax_2549099 dboy97 vs. klaashaas : @0/ @1/ C1+ C0/ B1+ B3+ A4\ B5/ C4+ D2\ E3+ E5/ F3+ F5\ D6\ G4+ A0\ @1\ A5+ F2/ F1/ H2+ I5/ B7+ B8/ D9\ G0\ E1+ D1+ D0\ I5/ J5/ D12+ J6\ K7/ @9+ M7\ K8+ H9\ I10/ H11\ K9+ G13+ J2+ I1/ K2\ L3/ K1+ H0\ F2/ F1/ I0+ J2/ C3/ C2+ D1\ H0+ B3\ A5/ C1/
Trax_2549180 dgb vs. jaha : @0/ A0/ B1+ @2\ B0/ D2\ E2\ D1+ D4\ C5+ A4+ B0/ D7/ D8/ @4+ A3\ F7\ G5\ A0+ @4\ F1/ C0+ G3/
Trax_2550124 Dionysos vs. ypercube : @0+ @1+ A2\ A0+ A0/ B1/ C1+ A0+ B6/ D2\ @4/ A2+ D5\ B0\ @2\ A4+ F2+ A7/ F1\ @5/
Trax_2550983 Thud vs. spitfire : @0+ @1+ @1/ A0/ A0/ D3\ A4/ C4\ B5/ D4\ E4/ C2+ B0+ D3+ D1/ E4/ E2\
Trax_2550984 spitfire vs. Thud : @0/ B1/ B2\ C1/ A3/ @2\ D3\ E2+
Trax_2550985 Thud vs. * : @0+ A2\ @2\ A0/ C1\ B0+ B0/ D4/ E2+ E5/ @3/ C6+ C7/ A7+ A2\ E0+
Trax_2550986 * vs. Thud : @0/ @1+ @1\ A0\ @1\ C0/ @1/ D4+ @2\ E5+ A0/ @2/ @3\ G7+ @4/ RESIGN
Trax_2550987 Thud vs. Traxplayer : @0+ B1+ C1/ @1\ B0\ B3/ A4\ @3+ @3/ B5+ B6/ B7/ C6+ C8+ C1\ D7+ D6+
Trax_2550988 Traxplayer vs. Thud : @0/ A0/ @1/ @1/ D1/ D3/ E3/ C3+ D0/ E1+ A3/ F3+ F5+ B5+ D6+ B6+ @4+ E0+ H4\ E0+
Trax_2550989 Thud vs. basplund : @0+ @1/ B2\ B3\ C3\ A0/ B5+ C6/ B7\ @4+ @3/ @3/ A5\ D6+ F8/ @4+ H6+
Trax_2550990 basplund vs. Thud : @0+ B1+ B2/ B0/ B4/ @3+ C0/ D4+ C6/ E5+ F5/ B2+ A7/ @7/ E7+ B8+ G7\ RESIGN
Trax_2550991 spitfire vs. * : @0/ B1/ B2\ C2\ A3/ @2\ B0+ A0/ D2/ E3+
Trax_2550992 * vs. spitfire : @0/ B1\ B2\ B3\ C2+ D3/ C0\ A4/ C5/ @3/ E1/ A4+ E0\
Trax_2550993 spitfire vs. Traxplayer : @0+ B1+ A2+ @2+ B3/ B0/ A2\ @3+ E2\ C0+ F3/ F2/ F1/ G1/ F0/ H4+ G5\ H1/ I4\ I1\
Trax_2550994 Traxplayer vs. spitfire : @0/ A2\ B2\ C2\ B3/ C4\ D2\ B5/ A4\ @3/ @4\ F5\ G4+
Trax_2550995 spitfire vs. basplund : @0/ A0/ @2+ A0/ @3\ D3\ D4\ D5\ A0\ @3/ A5/ @5/ D0/ E2\ D0/ A4\ @7/ B3/
Trax_2550996 basplund vs. spitfire : @0/ B1\ A2/ C1\ D1+ E1/ B0+ D0/ D4/ A5/ C0+ D0/ B2/
Trax_2550997 * vs. Traxplayer : @0/ @1/ B0+ @2+ @1/ C0\ B1+ @2\ C0/ C5/ C6/ C7/ D6/ A7/ E7\ B8/
Trax_2550998 Traxplayer vs. * : @0/ B1\ A2/ A0/ @2+ @1/ B0+ C5/ A4+ C0\ B0/ A1/ @3+ @4\ D0+ C0/ C0/ C0/ C0/ B5/ E1/ D0/
Trax_2550999 * vs. basplund : @0/ @1/ A2+ C2/ A3+ D2\ D3\ D1+ @1/ E4\ F2+ D4/ D5/ @2\ F0\ H2\ I3/ A1\ D0/
Trax_2551000 basplund vs. * : @0/ B1\ A2/ B2+ @2\ D2/ E1\ E0+ E4+ E5/ A4/ @3\ F6/ C4\ C6\ G5/ E0+ B3+ H6/ H3\ E0+
Trax_2551001 Traxplayer vs. basplund : @0/ @1/ A0/ B1+ @2\ @2\ C3+ B3+ C4/ D0+ C6/ C7/ C8/ E3+ A8/ @7+ C9/
Trax_2551002 basplund vs. Traxplayer : @0/ @1/ A2+ C1+ B0/ B4\ B5\ B0+ @4\ B0+ @3+ B0+ B0+ C8/ A7+ B9+ C10/ C11\ C12\ B11+ @9\ @9\ A10+ B8+ A7+ H5/ H4/ I4/ G3+
Trax_2551023 ypercube vs. Cayey : @0/ B1+ A2+ A3\ C3+ D3/ D1+ C0+ C0\ A2+ E5/ C6\ F3/ F2\
Trax_2551024 Cayey vs. ypercube : @0/ @1/ B0+ @1/ C0\ @2/ C4/ A3+ C5+ @2+ A3/ C4/ B5+ D0/ F3\ F2+ G3\ H4/ F7+ H1/ I3\ G0\
Trax_2551025 ypercube vs. drgnrdr : @0/ @1/ A2/ C2+ A3/ D2/ B0/ A5+ @1\ D0\ A1+ A0\ @6/ A7/ A1\ @4+ C0+
Trax_2551026 drgnrdr vs. ypercube : @0/ @1/ B2/ A2/ @1+ A0\ A0+ @3+ E4\ E1/ E5/
Trax_2551027 ypercube vs. dgb : @0/ A0/ B1/ B3+ C1/ B4/ C4+ @1\ E1+ D0/
Trax_2551028 dgb vs. ypercube : @0+ A0+ A3+ A4\ B4\ B1+ A0+ B6\ C6\ B7+ @7+ @7/ D8/
Trax_2551029 ypercube vs. Rogue Trooper : @0/ A0+ A3/ @2\ A1+ B0/ C1+ C3+ B0/ @5\ B6+ C6+ E3+ E5+ F3\ C7/ D7+ G4+ H5/ H6+
Trax_2551030 Rogue Trooper vs. ypercube : @0+ A0+ A0+ @1/ C1/ A0/ @1+ E2/ C5+ A0+ @2/ E6/ C6/ B4+ D7+ D8/ B8+
Trax_2551031 Cayey vs. drgnrdr : @0+ @1\ B2/ B0+ C2\ @3/ B4\ B0/ A2+ @2\ B0/ @3\ @3+ F1/ G2\ D0/
Trax_2551032 drgnrdr vs. Cayey : @0/ B1+ B0+ A3/ B0+ C2/ A1\ @3/ B5+ B6\ D6+ E2/ C0+ A6\ @4+
Trax_2551033 Cayey vs. dgb : @0+ B1+ B0\ A3/ @3\ B4\ C4\ C5\ D2\ A5/ E2\ B6/
Trax_2551034 dgb vs. Cayey : @0+ B1+ @1\ A0\ B0\ @2+ C4/ A1\ @1\ @1+ C0+
Trax_2551035 Cayey vs. Rogue Trooper : @0+ A0/ A3\ B1/ C2/ A0+ C2/ D4+ D5\ A0/ @5\ E1/ A2+ F3/
Trax_2551036 Rogue Trooper vs. Cayey : @0/ A2\ B1/ B0+ @2+ @2\ @1/ C0+ A4+ B5/ C6+ @4+ F6\ G4/ F7/
Trax_2551037 drgnrdr vs. dgb : @0/ A0/ B2/ A3+ B4/ C2+ C1/ D1/ D0/ D5\ B6/ E3\
Trax_2551038 dgb vs. drgnrdr : @0/ @1/ A2+ C1/ D1+ B3/ A0+ @3\ B0\ C1+ @1\ A0\ @1\ @3+ A5+
Trax_2551039 drgnrdr vs. Rogue Trooper : @0/ A0+ @1+ B0/ C3/ B4/ @4/ A5/ C5+ @3+ A2\ A1+ F3/ C0/
Trax_2551040 Rogue Trooper vs. drgnrdr : @0+ @1\ C1\ B2/ @1\ A0\ A0+ @4+ A5/ F4/ A6/ @4\ A1\ @4\ C0+ G6+ @3+ A2+ @3/ G1+ G8+ H8+ H9\ D8+ E9+ H10\ @4/ A5/ J3+ D0\ C2+ J11+ K10\ J12/
Trax_2551041 dgb vs. Rogue Trooper : @0+ A0/ A3\ B1/ B0/ C4+ C5\ @1+ C0/ D7\ E6/ E2+ F7\ F8\ B6+ E8/ F9\ D9+ A6/ @5/ B10+ A10/ G10\ E11+
Trax_2551042 Rogue Trooper vs. dgb : @0/ @1/ B2+ B3\ C1/ C4/ @1/ C5+ E1/ B0+ F5\ F6\ @2+ H3+ E0+ H8\ I6+ D8/ C8/ E8+ F8\
Trax_2551055 davidmilne vs. chaosbreaker : @0/ B1+ A2\ C1\ C2\ A3+ @3+ B4+ @2/ B1+ A4/ RESIGN
Trax_2551056 chaosbreaker vs. davidmilne : @0+ B1/ A2/ A3/ B3\ RESIGN
Trax_2551057 davidmilne vs. jazzbeth : @0/ @1/ A2+ C2/ @2/ @2/ B1+ B0\ B0/ B5+ C6/ D6/ @2/ B1+ A5\ F2/ RESIGN
Trax_2551058 jazzbeth vs. davidmilne : @0/ @1/ B2/ A2+ A0/ A4/ B1/ @3\ @2/ E1+ A0\ @1+ E5+ E6/ B0/ A6+ C7\ @6\ A4+ A2\ H6\ RESIGN
Trax_2551059 davidmilne vs. Masonsmith : @0/ A0/ B2/ B3/ B1+ A3/ B0/ B5\ C5\ C4+ @4\ C0/ D7+ E7\ A7/ B1\ @6\
Trax_2551060 Masonsmith vs. davidmilne : @0+ A2/ A3+ @3\ @1\ B0/ D2\ @3\ B4+ D0\ E1/ RESIGN
Trax_2551061 chaosbreaker vs. jazzbeth : @0+ A2/ A0/ @2+ B4+ C2\ D2+ D0\ E3+ F3/ F2/ F1+ E0/ D6\ C7+ B2\ RESIGN
Trax_2551062 jazzbeth vs. chaosbreaker : @0/ @1+ A2/ C1+ C0/ D2/ B1+ C0+ B0/ A2+ C0\ D3\ D1\ E1+ E3+ E4+ D6/ RESIGN
Trax_2551065 jazzbeth vs. Masonsmith : @0/ A0/ B2/ A0/ @2\ D3/ E3/ C4+ E2/ F4\ F5\ D1\ @3/ B4/
Trax_2551066 Masonsmith vs. jazzbeth : @0+ A0\ B1\ B0\ B0\ B0\ C3+ A1\ @2+ @5\ F4/ G4/ C6/ A3\ D0+ H5+ F6+
Trax_2552206 * vs. ypercube : @0/ A0/ @1/ A2/ A3+ C3+ D1\ B4+ D0/ E1/ A1\ A5+ B0/
Trax_2552243 paganje vs. Jay RAA : @0/ A2+ A0\ @1\ A2+ B4\ C2/ A3/ @3/ D0/ E1\
Trax_2552314 ypercube vs. Keizer Soze : @0/ @1/ B0/ @2+ C0/ A4\ D1/ A0+ @4\ @4\ B5+ @1\ B0+ @3+ @3\ A1+ D0/ I2+
Trax_2552461 ypercube vs. klaashaas : @0+ A0\ B1\ C2/ B3+ C4/ A4\ @4\ @2+ B0/
Trax_2552462 klaashaas vs. ypercube : @0/ A2+ B1/ @1/ @2\ B3\ A0+ @1\ B5\ C0+ B1\ F1/ F0/ F5\ F6\ G3\
Trax_2553698 violet unicorns vs. irishmiss : @0/ A2\ B2\ B3+ B1/ C1/ C0\ C4\ D4\ B1\ A1\ @2+ A1\ C0/ D1/ E2/
Trax_2555154 DavidTrax vs. ypercube : @0+ A2\ A0/ B2/ C2/ C1/ @2/ E2+ C0+ C0\ A1+ @5\ C0/ A3\ @6\ H6/ G7\ A7/ D0+
Trax_2555746 rabbitoid vs. B Line electric streetcar : @0/ A2/ @2\ B3/ C2+ B4/ A1+ @2+ C5/ E4+ E6+ E7/ F3\ G3\ E2+ @5+ C6+ C8+ A7+ @7/ I1/ B8+
Trax_2558799 McStack vs. ypercube : @0/ @1/ @1/ C2\ D1/ B3+ @1/ A0+ E3\ F3\ G3\ G2+ G5\ H3\ A5/ H1/ C6+
Trax_2560404 goldfreckles vs. SweetCindyJo : @0+ B1\ A0/ B3/ @2\ B3/ B4/ B0/ D4/ E3+ @3+ A2\ A1+ @2+ @2/ B4/ D0+
Trax_2560565 spitfire vs. Unique1 : @0/ A2\ B2\ B1+ B0/ B4/ C4\ C3/ C5/
Trax_2560572 stormy rebel vs. spitfire : @0/ B1\ C1/ B2/
Trax_2560575 spitfire vs. splodge : @0/ A2\ B2\ B1+ A0\ @1\ D3/ D4\ E4\ B0/ C1/ @1\ B0/ D1\ E4+ E3/ E1/ F3\ D0/
Trax_2561115 gladriel vs. Unique1 : @0+ @1\ A0/ B1+ B3/ C2/
Trax_2561116 gladriel vs. stormy rebel : @0+ @1+ A2\ B0/ A1+ @1\
Trax_2561117 gladriel vs. splodge : @0/ A2\ A3+ B1\
Trax_2561663 Dionysos vs. spitfire : @0+ B1\ A0+ B3/ A0+ @3/ A4/ B5+ D5+ A6\ @4\ C0/ D1/ F5/ E3+
Trax_2561973 Masonsmith vs. paganje : @0+ B1/ @1/ A2/ @2\ B0/ C0/ A3\ B5/ D4+ B6/ @5+ @5/ C2\ C1\ C0\ A3+ @6/ D8+
Trax_2562099 YankeeFan vs. dalkelly MIA : @0/ B1\ B2\ C2+ B3/ A3/ A4/ D2+ @3+
Trax_2562231 Masonsmith vs. Phil The Hat : @0/ @1/ A2/ @1\ A0\ A4\ D3+ A0\ B2+ @1\ @4+ A6+ D0/ E1/ F1/ G1+ D0+ @5/ C9/ @3\ A2\ G0\ J5+ J6+ K6\ E1+ B3/ A2\ A0+ F10+ G11+ B11\ E12+ A9\
Trax_2562233 Dionysos vs. Phil The Hat : @0+ @1+ B0+ C2+ D2\ B0+ B0+ C1+ B0+ A4\ D4+ E4/ D3/ F5\ F6\ G4/ F3\ H4/ D6/ D7/ B6+ H7\ B7+ I6\
Trax_2562237 Phil The Hat vs. Dionysos : @0+ B1+ C1/ C0/ C0/ @3+ B1\ C0/ B5/
Trax_2562615 ypercube vs. Phil The Hat : @0/ @1/ B0+ @2+ @1/ @1/ B3+ E0/ C1/ E0/ F4/ A1+ @1+ @2\
Trax_2562617 ypercube vs. Dionysos : @0/ B1+ @1\ B0/ B0/ A2+ @2\ E2\ C4/ A4\ C5/ E5/ @1/ B0\ A6/ A1\ B0+
Trax_2562731 Masonsmith vs. ypercube : @0+ B1+ A2+ @1+ @1/ B0\ A3\ C4/ B0\ D5\ C6/ E4/
Trax_2562761 Dionysos vs. ypercube : @0/ @1/ B0+ B3\ C2/ A0/ A0/ C2+ @2+ D0/ E2\ A1\ A0+ @2/
Trax_2563163 dawn1968 vs. Phil The Hat : @0/ @1/ C1/ D1+ C2/ C3/ B0/ B3+ D1/ E1/ D0/ E5\ E1+ E0\
Trax_2563263 Jay RAA vs. Phil The Hat : @0+ A2/ A0\ @3/ A4/ @4/ A5/ @5/ A6/ @6/ E7\ F4+ @4+ E8+
Trax_2563552 paganje vs. Keizer Soze : @0/ @1/ B0+ A0/ A4/ @4/ @2+ D0/ E2+ E1+ F1/ @3\ B1\ B0+ A1\ @3/ C0+ E8+ G7\ G8\ H8\
Trax_2563610 Phil The Hat vs. dawn1968 : @0/ A2\ B1/ @1/ @2\ B0+ @3\ E3+ C4+
Trax_2564535 Rogue Trooper vs. Dionysos : @0/ A2+ B1\ A0/ @2/ @2/ A0+ B0+ @3+
Trax_2564538 Rogue Trooper vs. Phil The Hat : @0/ @1/ B0/ @1+ C0/ C0+ D4+ B5/ B6/ C7+ E7+ @1\ A0\ A6+ @5/ B8/ A7/
Trax_2564539 Rogue Trooper vs. dawn1968 : @0+ @1/ B0+ A1\ @2\
Trax_2564542 Rogue Trooper vs. Masonsmith : @0/ @1/ A0+ A3\ @2/ B0+ @2+ C0+ B6+ A6/ @6/ C7\ B8+ E7\ F5+
Trax_2564639 dawn1968 vs. Rogue Trooper : @0/ A0+ @1+ B0/ B0/ A2+ @2\ @1/ @2\ A3\ E5/ E0+ F1/ @1\ A0\ A5/ C5+ @3/
Trax_2564670 Jay RAA vs. Rogue Trooper : @0+ A0/ A3\ B1/ B0/ C4+ @1\ C0/ E1/ E0/ E0/ B2\ A1/ F1/ F0/ G1/ H2+
Trax_2564891 Dionysos vs. Rogue Trooper : @0/ A0+ A0+ @1/ C1+ C3\ D3\ C4/
Trax_2565221 basplund vs. YankeeFan : @0/ B1\ A2/ @2+ A0/ @3+ A1\ A0\ @3+ E2+ A0/ F4+ F5\ F6\ D7\ F7\ G4+ D2+ G8/ H5/ H9\ I9+ D9+ E10/ C8+
Trax_2565225 Dragon101 vs. dgb : @0/ @1/ B0+ @2+ @2\ A0+ C0\ D1+ C5+ C6/ A1\ @4\ E0+ F2+ F6\ F7\ E8\ G6+ F1+ G1/ B6\ @2\ B1+ G4+
Trax_2565232 ypercube vs. dawn1968 : @0+ B1+ A2+ B2\ C1+ C0/ @2/ B1/ C0\ A1/ E2+ C5/ F2+ A0\ @2/ F2+ @2/ C6+ D7/ F1\ B5+
Trax_2565270 Phil The Hat vs. Masonsmith : @0/ A0/ A0/ @1/ B0/ @2+ D1/ A0\ @1\ C4+ D0+ C0/ F7\ D8/ F2/ F1/ G3\
Trax_2565273 Phil The Hat vs. Rogue Trooper : @0/ A0+ @2/ @2/ @2/ D0/ D0/ @3+ C2/ A1+ E0+ @4/ C1+ C0/ C7/ F1/ D0\ C0/ A10/ @10/ G10\ A7/ D11/
Trax_2565454 Masonsmith vs. Rogue Trooper : @0+ @1+ A2+ @1+ @1/ A2/ B3+ C0/ C0/ A2+ @4/ F2+ G2/ G0+ @4\ A3\
Trax_2566134 shelly (uk) vs. dgb : @0+ B1+ A0/ A3/ @3\ B4\ C3+ D3\ D4\ E4\ C5/ @3/ A4/ B5/ G5\ D6+
Trax_2566676 ypercube vs. Masonsmith : @0+ @1+ B2+ A0/ A0/ A0/ @2+ B0/ D1+ @3/ A2+ C0+ @2/ B0+ C0\ C0\ A2+ @6\ F11/ E11/ E12/ D12/ G12\ E13+ H11/ G9+ H9+
Trax_2566680 ypercube vs. Rogue Trooper : @0/ A0+ B2/ A0/ @2\ B0+ @3+ C5+ E3\ E1+ F1/ F4+ D6/ D7/ A5/ @6\ B8+ B2+
Trax_2567034 ypercube vs. * : @0+ @1+ B2+ C1+ C2+ D1+ B3\ D0\ E1\ E0+ A2+ @3+ C1\ D0\ F5\ G4/ H3\ H5+
Trax_2567038 Phil The Hat vs. ypercube : @0/ @1/ C1/ B2+ C0+ D1/ E1/ D3\ D4\ F1/ G1+ C0\ E3+ F0+ @2+ A1\ A0+ @4\ C7\ G8/ A1+ @4\ E0/ F1/ I2+ D0+ I8+ K6+ J5+
Trax_2567207 dawn1968 vs. ypercube : @0/ @1+ A0/ C2\ C3\ B1/ @1\ A0\ A0\ A0\ B3+ @4+ D1/ D6/ C0/
Trax_2567408 irishmiss vs. drgnrdr : @0/ @1/ B0+ @2\ A1+ @2\ D0\ A4/ @3+ E4\ C5\
Trax_2567537 jaha vs. dgb : @0/ A2/ @2\ B3/ C2+ B0/ D1\ C0+ B1+ E2/ B0/ @5/ F2+ G2/ G1/ F0/ H2\ I2\ A5+ A3\ @3+ C2\
Trax_2567538 dgb vs. jaha : @0/ A0/ B1+ @2\ B0/ B4+ C5/ D2\ E2\ B0/ @4\ C0/ E2/ A6+ D0/ E2+ F2/ F1/ G1/ D0+ G8+ G10+ F4+ G5+ H5\
Trax_2568716 Rogue Trooper vs. ypercube : @0+ @1+ A0/ B3\ B4\ B5\ B0\ C2\ @1\ A0\ B5+ E7+ A7/ C8+ @3/ B5+ A5+
Trax_2568776 spitfire vs. Geri39 : @0+ A2/ @2\ C2\ C3\ @2+ C0\ B2\ D2/ E2/ C4/ C5/ D0\ D6\ D7\ E4\ F4\ @3\ B2/ D7+ G1/ F0\ H3\ H4\ C8/ D9\ A5/ @4\ J4\ B8/ A8/ F9+ E10\
Trax_2568872 GlassTiger vs. dgb : @0/ @1/ B0/ @1+ @2/ C0+
Trax_2569411 ypercube vs. marlisam : @0/ B1\ B2\ A2+ C1+ B0\ @2+ B0/ B0/ B6/ A6/ A7\ D0/ E2+ A1\ D0/ @2/
Trax_2569887 Sea Breeze vs. dgb : @0+ B1+ B2\ A0/ B4\ @2+ C5/ A3+ A4+ D1/ B0/ D6\ C0/ D8/
Trax_2570020 Jay RAA vs. ypercube : @0+ A0/ A3\ B3\ B4\ C4\ C5\ D2+ E2/ C0+
Trax_2570466 basplund vs. unbeatable : @0/ A2/ B1+ @2+ B3/ @2+ C0/
Trax_2570885 Marko vs. Sea Breeze : @0/ B1/ B2\ C1/ A0\ @3\ E2/ A1\ @3\ @2/ D0+ B2\ G4\ H3/ E5+
Trax_2570897 Sea Breeze vs. dgb : @0+ B1+ A0/ A3/ A4+ @2+ @3\ @3\ @3\ C4+ @4\ B1+ H2/ E0+
Trax_2570918 paganje vs. Dania59 : @0/ B1/ @1\ A0\ B1+ B3+ @1\ A0\ @1\ A0\ E1/ F3\ D0/
Trax_2571026 Pegasus vs. SweetCindyJo : @0/ B1\ @1\ B2\
Trax_2571207 marygal vs. Marko : @0/ B1\ B2\ C2\ A2/ A3+ @1\ C0\ C4+ C5\ @3/ A4/ @4/ D5/ D6/ A1\ @1\ D0+
Trax_2571208 marygal vs. Marko : @0+ @1+ B0\ B3\ C3+ C4\ D2/ D1/ D0/ E1/ C0\ @3\ A2\ A1\ C0\ C0+ C0/ B3\
Trax_2571209 marygal vs. Marko : @0/ A2\ B1/ B0/ @1+ B0\ B0\ A1\ @3/ B5+ D0/ E3\ E1+ F3\ F6\ G3\ D7+ D8+
Trax_2572222 Morgana Le Fey vs. dgb : @0/ A0/ @2\ B0\ A2+ @2\ A1\ @1\ B0/ A4/ @4/ D5/
Trax_2573149 Jane vs. YankeeFan : @0/ B1\ B2\ C2+ B0+ @3/ D5+ E5\ E2/ E1/ F4+
Trax_2573150 Jane vs. YankeeFan : @0/ A2\ B2\ B3+ @2+ C4+ @2+ B4+ E3+ A3+ A1\ C0/ @3+ @2/ A1/ A4/ @3+ D0+ D0/ F0/ G1/ E0\ D1\ C1\ B3\ A4/ E0+ B2\ B0+ G1/ E0+
Trax_2573152 Jane vs. YankeeFan : @0+ @1/ B2/ C2\ C3\ D3+ B0+ @2/ B3/ A1\ @2/ F2/ G3+ C0+ F1\ G1+ H3/ D5+ A4+ E0+ F1/ C7+ F7+ E7+ F8+
Trax_2574249 golfnutrof vs. klaashaas : @0+ @1/ C1/ A0/ @2/ D3/ D0/ RESIGN
Trax_2574305 GlassTiger vs. Linda Sue : @0/ @1/ B0\ A1\ @2/ @2/ C0/ B1\ B0\ C5\ D5+ E4\ D6+ E5+ F4/ F3/ F5+ D7\ E7\ D2/ F2/ G3\ G1/ H1/ C6/ A6\ @4\
Trax_2578458 Jump This vs. basplund : @0/ A0/ @1/ A2+ C1+ C0\ C4\ D4\ E4\ B5+ A5/ @5+ B6\ A1\ A0\ @3/
Trax_2578568 dboy97 vs. YankeeFan : @0/ B1\ B2\ C2+ B3/ A3/ @1\ A0\ C1+ D4\ C5/ A4/ @4/ A5/ A1\ E5+ B0+
Trax_2578569 Traxplayer vs. dalkelly MIA : @0/ B1+ C1/ A2+ B0+ A4+ A5/ @5/ @5+ B6/ D5+ C1+ @2/ D0+ B7/ A8\ A2+ G6\ H4/ D9/
Trax_2578836 Tiki vs. Marko : @0/ B1\ A2\
Trax_2579142 gladriel vs. Geri39 : @0+ A2/ @2\ C2\ B0\ B4\
Trax_2581438 DINGEROO vs. BabyGirl The Rebel Angel : @0/
Trax_2581556 balmoral vs. jazzbeth : @0+ A0/ B2+ A3/ C1\ D1\ E2/ E3/ F1/ D0+ G2/ H2/ F3+ I2+ F1+ E5/ H4/ D5\ G0\
Trax_2581869 Phil The Hat vs. Keizer Soze : @0/ A2+ A3/ @3/ C2+ D2/ E2/ D3+ A4/ B5+ E4+ F4\ F5\ C6+ G4+
Trax_2582242 dgb vs. csain1 : @0+ A2/ A0\ @3/ B4/ C4/ @3+ A4/ @4/ A5/ A1\ E5\ A0/
Trax_2582243 csain1 vs. dgb : @0/ A0/ A0/ A0/ B4/ C4/ D4/ C5/ D6/ @1\ B0/ C1/ D2+ @5+ @3+ B1+ E0/ B7+ A7/ @5\ @4/ I5+ I1/ G7+
Trax_2582244 dgb vs. balmoral : @0/ B1\ A2/ A0/ @2+ B0/ B0+ @4\ E2/ E1/ F1/ C0/ F6\ G5\
Trax_2582245 balmoral vs. dgb : @0+ B1+ B2/ A0\ C2\ D2\ E3/ C4+ C1+ F4\ F5\ F1/ G2\
Trax_2582246 dgb vs. basplund : @0/ @1/ B0+ A0/ A4/ @1+ A0\ D5/ @4\ A1\ @5/ D6/ A1+ @2+ B0/
Trax_2582247 basplund vs. dgb : @0/ @1/ A0/ @2+ @1/ C0+ D2+ E2/ E1/ F1/ C0+ F4\ G3/ E5/
Trax_2582250 csain1 vs. basplund : @0/ @1/ C1/ B2/ D1/ D3/ D4/ E2+ B3+ A3/ A4/ A5+ @3+ F5\ G3/ E6/
Trax_2582251 basplund vs. csain1 : @0/ @1/ A0/ @1/ B0/ @2/ E3+ F3\ F4\ B4/ B5/ C5+ C6+ G4\ G6+ D7+ H3+ H5+
Trax_2582252 balmoral vs. basplund : @0+ A0/ A3\ B1/ C1+ A0+ @3\ @3\ B4+ E1/ D0\ B1+ A6\ B7/ @3/ D8\ E7/ A8/ G2+ F1/
Trax_2582253 basplund vs. balmoral : @0/ B1\ A2/ A0/ C2\ @2+ D0/ E2\ A1\ B0/
Trax_2582254 jazzbeth vs. dalkelly MIA : @0/ A2+ A3/ @3/ B4+ C4/ C1/ C0/ D3\ A1\ B0/ @4\
Trax_2582255 dalkelly MIA vs. jazzbeth : @0+ A0\ A3+ A4\ B4\ @2+ A0+ D4\ E4\ C3+ C2+ E2/ F2/ C1+
Trax_2582256 jazzbeth vs. Jay RAA : @0/ B1+ C1/ C0/ B0/ @3/ @3/ C1/ @2+ A1\ B0+ F2/ D5+ E6\ F6\ G6\ B6/ C7/ A6\
Trax_2582257 Jay RAA vs. jazzbeth : @0+ A2/ A0\ @1\ A0\ @4+ D1/ D0/ D0/ E2+ F1/ B2/
Trax_2582258 jazzbeth vs. Traxplayer : @0/ @1/ A2+ C1+ B3/ B0\ @3\ @3\ @3\ G3+ H3/ I3/ H4+ E5+ E0\ J4/ G7+ G8/ D1\ C2+ @2+ B1\ D0/ C6+ B1\ E7/
Trax_2582259 Traxplayer vs. jazzbeth : @0/ A0/ @1/ B0+ C2+ C4/ D3+ @1+ F3\ F5+ E6/ C5\ G3\ C0/ E8/ H5+ D2+ D7+ F3\ H4+ B6\ A6+ G7/ A1\ H2+
Trax_2582262 dalkelly MIA vs. Traxplayer : @0+ B1+ B0\ A3/ A4/ @2+ @4/ C5/ B6\ D3+ A6/ A7/ B7+ D7\ E6/ B8+
Trax_2582263 Traxplayer vs. dalkelly MIA : @0/ A2+ A3/ @3/ @3+ B4/ A1\ B0\ @2/
Trax_2582264 Jay RAA vs. Traxplayer : @0+ B1+ A2/ A0/ @3/ @3+ @2/ @3\ B4\ B1\ E0/ E5\ C6/ F4\
Trax_2582265 Traxplayer vs. Jay RAA : @0/ B1+ C1/ A2+ C0+ A4+ B0/ @3/ @4\ D5\ E5\ F3/ A5/ @4\ D6+
Trax_2583007 Dragon101 vs. B Line electric streetcar : @0/ @1/ A2+ B0+ C1/ C2+ @3/ A2+ B4\ C5/ E5+ C6/ E1/ D0+
Trax_2583014 SweetCindyJo vs. Dania59 : @0/ B1/ B0/ C1/ B0+ @2\ E3/ C4+ E2/ B0/ D1+ C6/ A2+ @2\ A3+ F6\ G1/ G5\
Trax_2583697 ypercube vs. Dragon101 : @0/ A0/ @2+ B0+ B4/ @4\ B5\ D4\ A2+ @3/ @4\ A6+ @3/ E0+ D8+
Trax_2585249 FujiTape vs. Swirly Shirley : @0/ A2\ B1/ B0/ B3\ C1+ A4/ @4/ C5\ D4+ D5+ E4+ E5+ F4/ B6+ F3/ E6\ D7\ E7+ E8\ F6/ G5\ @6/ A7/ D8\ E0/ F3+ F2/ F1+ @7/ A8/ A5\ @7+ D4\
Trax_2586062 paganje vs. rabbitoid : @0/ @1/ B0+ B0/ C1/ @2/ B1+ A0/ A4/ @1+ D0+ F3/ E5+ D0\ E1+ G4/ H5+ A2+ @2\ I3+ F0+ E8+ J4\ H1+ G0/ D10\ B9+ I9+ F10+ F11\ G10\ A6+ @7\ B3\ C2\ A4+
Trax_2586099 ScoobyRex02 vs. YankeeFan : @0/ A2\ B2\ @2\ C1/ D1+ B3+ C4/ @3/ A4/ C5\ @2/ B1+ @2/ G2+ H1+ H2+ I1/ B5/ D6+ H3\ H6+ I6+ F7/
Trax_2586104 jaha vs. dboy97 : @0/ @1/ A0/ B3\ C3\ B1/ D3\ @1+ B0\ B0\ A1\ @3/ D6+ F4/ G5\ B6+ E1+ E0/ E8/
Trax_2586159 drgnrdr vs. REBEL DJ : @0/ B1\ A2/ A3+ B3+ D3\ C5\ A2+ @2/ E0/ F4\ B1\ C0\ A3\
Trax_2588192 * vs. Keizer Soze : @0/ @1/ A2+ B3/ C3+ D2+ B0/ B0/ B0/ @5\ F3+ B7/ A7/ @4/ H3+
Trax_2588767 FujiTape vs. Swirly Shirley : @0/ B1+ @1\ B0/ D2/ C0+ E3\ D4+ E4+ D5/ E2+ B4+ C5/ D6\ E6\ A5\ @4/ G4\ D0/ B7/ E8+ G3\ H4\ G1/ H2/ G0\
Trax_2590081 Rogue Trooper vs. Masonsmith : @0+ @1\ A0+ B3\ @1+ D1\ A0/ A0/ @1/ E2+ A3+ @1/ C0/ E2/ G5+ H6/ B0+ G4+ I5/ I4+ H3/
Trax_2590130 Pegasus vs. BabyGirl The Rebel Angel : @0+ A0/ B1\ B2\ B3/ C1+ B4/
Trax_2592094 dawn1968 vs. Rand al*Thor : @0/
Trax_2594706 ypercube vs. STrek : @0/ B1/ B2/ C2\ C3\ C0\ A0+ @3/ C0\ D2+ @4+ A5/ A1\ F1/ @1/
Trax_2596811 B Line electric streetcar vs. supermac : @0/ B1\ B2\ C2\ D1+ A0/ E3/ B4+ A4/ D4+ A0/ E2+ F4/ @5+ D6/ F0/ G1/ H4+ G7\ E8/ H7/
Trax_2597875 dgb vs. Dionysos : @0/ B1\ A2/ B2+ @2\ A1+ B0+ C4\ C5\ D4\ A5/ B6+ @4\
Trax_2598678 Masonsmith vs. dgb : @0/ @1/ @1/ B0+ @2/ D3+ E3\ A4/ @4/ G3\ G4\ A5/ D0/ G6+ H4+ E7/
Trax_2599279 Masonsmith vs. basplund : @0/ @1/ @1/ B0+ @2/ D3+ A4+ A5/ @5/ A6/ @4\ C7\ D6+ B2+ @6/ A7/ H3+
Trax_2600103 dgb vs. Traxplayer : @0/ @1/ @1/ @1/ B2+ A0+ C0\ E2+ @2\ A1\ E5\ F3+ D6/ C6/ @1\ D0+ C6+ E8+ G7+ B0\ @5+ RESIGN
Trax_2600104 Traxplayer vs. dgb : @0/ @1/ A0/ @2+ B3\ B4/ A3+ @3/ A4/ @4/ C5\ C6+ D6\ E5\ F5+ @3\ RESIGN
Trax_2600529 davidmilne vs. Masonsmith : @0/ @1/ B0+ @2/ D1/ E1/ C3/ D0+ D0\ C0/ F3\ A3\ @5+ H4/ C2+ H2/ I4/ F5+ A2/ @2/ A5+ H1+ H0\ G0/ I2+ J8\ K8\ J4/
Trax_2601038 rabbitoid vs. Traxplayer : @0/ @1/ A2+ C1+ B3/ B0\ @3/ C0/ D1/ D0/ C7+ E2+
Trax_2601528 Masonsmith vs. basplund : @0/ @1/ @1/ A0/ @2/ A0/ @1/ B0/ A4/ D3/ @4/ C0/ B6+ D2+ A0+ @4+ G5/ H7+ E8+ B0/ @3+ F1/ G3\ E0/
Trax_2604765 Dionysos vs. Chef Jeff 1 : @0/ B1+ B2\ B3+ @1/ D2+ D3\ B4\ @2\ B0+ D6/ @3/ A6+ A7/ @5+ A6/ B2+ D8+ A7/ D0\ @5+
Trax_2605313 Masonsmith vs. FujiTape : @0/ B1\ B2\ B3\ A2+ B4\ C2/ A0/ A0/ C3/ D6+ E6/ F4+ G4\ C1/ A0/ H5\ @2+ H7+
Trax_2605941 paganje vs. Rand al*Thor : @0/
Trax_2605943 * vs. ypercube : @0/ A0+ A0\ @1\ @3+ C4/ B0+ B0/ D1+ @5\ C7+ E5/
Trax_2607398 davidmilne vs. dawn1968 : @0/ @1/ B0+ B0/ A4+ C2\ @4/ E4\ RESIGN
Trax_2608095 Traxplayer vs. Rogue Trooper : @0/ A0+ @2+ @2/ A3+ D1+ @2/ @3\ B4+ @4\ B5+ H1+ E4\ F4\ G4\ F0/ C2+ A3+
Trax_2608099 supermac vs. dawn1968 : @0/ @1/ A0+ A3\ B3+ A0\ @3/ C5/ @5+ A6/ A7+ @6+ E7\ E8\ F5\
Trax_2608125 misci vs. SweetCindyJo : @0+ B1+ B0/ @2+ C0/ @3+ C1\ D0/ C5/
Trax_2608267 dawn1968 vs. basplund : @0/ @1/ B2/ A2+ B3/ B0\ A1+ @1/ D1\ B0/ D6\ A3/
Trax_2609294 aussielady vs. drgnrdr : @0/ A0/ @1/ A0/ A0/ @1/ @1/ B2+ @2\ A3/ @3\
Trax_2609932 * vs. Masonsmith : @0/ A0/ B1/ C2/ A3/ A4/ @4/ @1+ A0\ @1\ D0+ C0/ @3\ B5+ @4+ G8+ I8+ C8/ E9/
Trax_2609949 jazzbeth vs. Keizer Soze : @0/ @1/ B0+ A0/ C2/ D1\ E2/ F1\ G2/ F3+ A4/ @4/ H0/ I2\ A1\ F5\ C0\
Trax_2610150 basplund vs. Masonsmith : @0/ A2+ B2\ @1/ A0/ B1/ D3+ C4/ A0\ @2+ E1/ E0+ F2\
Trax_2610442 misci vs. basplund : @0/ A0/ @1/ A2+ A0\ @1\ D2+ B4+ C4+ B5+ A5/ B0+ RESIGN
Trax_2610618 Sea Breeze vs. ypercube : @0+ A2\ @2\ B3\ C1/ D1+ E3/ D0\
Trax_2612297 Dionysos vs. ypercube : move A2\ B2\ @2\ C1/ D1/ C3+ D3\ E3\ F3+ F4\ A0\ @2/ G1/ F0/ H2\
Trax_2612301 Rogue Trooper vs. ypercube : @0+ @1+ A0/ B3\ B4\ C2+ A4+ @3/ B0/ A2+ D6/ D7/ E7\ F6+
Trax_2613636 game_77 vs. SweetCindyJo : @0/ B1\ A2/ @2+ C0\ B4/ C3\ @3+ A2+ @3+ E4+ F3+ F4+ E5/ D5/ G3+ D6/ @3+
Trax_2614141 ypercube vs. Missing Sock Fairy of TA : @0+ @1\ B0/ B0/ C1/ C0/ D4+ D5\ D6\ E2\ E5+
Trax_2614518 basplund vs. Missing Sock Fairy of TA : @0/ B1\ A2/ B2+ @2\ A1+ A0\ @1\ @1\ A0\ A4/ @2/ D5/
Trax_2614820 davidmilne vs. Missing Sock Fairy of TA : @0/ B1\ A2/ B2+ @2\ A1+ @1+ B0\ B0\ @1\ A0\ B1+ D1/ @1\ F1\
Trax_2615581 B Line electric streetcar vs. Rogue Trooper : @0/ A0+ A0+ @1/ C3/ @3+ @2/ B1+ C0/ @2+ C0\ B1\ @1\ B0/ G4/ H3\ A4/ @4/ H7\ I7\ J4/ H8+ E0+ F8+ I10/ G1+ I11\ J11\ H2/ G0+ F0+ G12+ J8\ K8\
Trax_2615736 jazzbeth vs. Sea Breeze : @0/ @1/ A2+ B3/ A4\ @4/ B5/
Trax_2616333 DavidTrax vs. ypercube : @0/ @1/ B0/ @2+ D1/ A0\ @1\ D4+ A3/ @3/ E5/ C4+ D6+ G4\ G5\ G6\ G7+ H7/
Trax_2619435 klaashaas vs. ypercube : @0/ @1/ B0/ B0+ C3/ A4/ @3/ @2+ C0/ E6\ F6\ B0+ @4\ @4\ A5\ D7+ E8+ @1\ C0+ @3+ E9\ I4/ F10\
Trax_2620555 Dragon101 vs. ypercube : @0/ @1/ A2+ A0\ @2/ A4\ B5/ C4+ C0\ @3/ @5+ D1+ C1+ C0\ A3\ @4/
Trax_2621173 DavidTrax vs. Dragon101 : @0/ A0/ @2+ @2\ A0+ B0+ D2\ E2+ @2\ A1\ B5\ F4+ E5\ B6\ C7/ @1+ A0\ B6+ C9+ @4/ A5/ B0+ @6+ C10+ A8+ A3+ @3\ A2\ @5+ D1+ G2+ E11\ G1+ E0+ C1/ E0+ G2+ A3+ K4+ I3/ L6+ L5/ J3/ J2/ I1+ G0+ L4+ M7+ L2/ I1/ M2\
Trax_2621590 STrek vs. Kituku : @0/ A2\ B2\ B1+ B0/ C3\ B4+ B5/ @5/ C6/ D5+ E4/ E0/ F3+ F5+ G5\ G7+ C8+ F1+ E0/ G2+ H5\ C2+ F9/ H2+
Trax_2621643 misci vs. ypercube : @0/ A0/ @2+ B0/ @1+ A0\ A0+ @1\ E5+ F4\ D6+ D0+ RESIGN
Trax_2622128 Buz vs. ypercube : @0+ @1+ A2\ A0\ @1+ @2\ B3+ A4\ C5\ D5\ E3/ C6+ A5+ F2\ E6+ F1/ E0+ D0/
Trax_2622202 basplund vs. Masonsmith : @0/ A2+ B1\ A0/ A0/ @3/ B5/ @1\ A0\ A5+ D6\ C7/ E5/
Trax_2623095 ypercube vs. DavidTrax : @0+ @1+ B2+ C1+ D1\ D2\ C3+ C0/ C5\ E1/ E0/ F2/ F5+ G4\ H3+
Trax_2623158 Keizer Soze vs. Rand al*Thor : @0+
Trax_2623187 Rogue Trooper vs. ypercube : @0+ @1+ B0/ B3/ C1/ D1/ A4\ B0+ A2+
Trax_2623216 Traxplayer vs. rabbitoid : @0/ A0/ @2/ A0+ @3/ B0/ D2+ @2/ B1+ C0/ C0/ F1+ E0/ C1+ A1+ @1/ C0+ E1/ B0/ A2+ @3+ B0\ A1\ @3/ C0+ E2+ C8+ A6+ @6/ A7/ E0+ A9/ A10+ @8+
Trax_2623244 paganje vs. dawn1968 : @0/ A0/ B1+ A0\ @2/ B4/ A3+ @2/ D5+ E4\ D6/ B5+ D1/ C0\ E7+ A6+ F5\
Trax_2623709 dawn1968 vs. ypercube : @0/ @1/ B2/ C2/ A2/ D2\ D3\ D4\ D1/ E1/ @2/ A0+ @3/ @3+ A4/ B4+ @3\ B0+ D1+ F1/ F0+ G3/
Trax_2624969 drgnrdr vs. jaha : @0/ A0/ B2/ B3/ @1/ B0/ B4+ D3\ @1+ B0\ B0\ A1\ @4\ A5+ F4+ @3+ A5/ D6+ F7/ A0\ @1\ F1+ G1/ C0/
Trax_2626601 Masonsmith vs. davidmilne : @0/ @1/ A0/ @2+ B0/ @3+ A1\ A0+ C1/ A0\ @1\ RESIGN
Trax_2628530 YankeeFan vs. jazzbeth : @0/ @1/ C1+ A0+ D2\ C3+
Trax_2628610 basplund vs. Masonsmith : @0/ B1+ C1/ A2/ A3/ C3/ A0/ @1+ B5/ D6+ E4/ @2\ E0/ F1/ G3\ A7/ @6\ D8/
Trax_2628715 ypercube vs. klaashaas : @0/ A2/ B1/ C2/ D2\ B3+ B4\ C5/ A4+ A6\ @1\ B0/ E5+ A5\ @4/ @3+ B1+ H5/ @4\ @4\ @4\ C1/ A5/ D6/ @5\
Trax_2629118 Nan54 vs. drgnrdr : @0/ @1/ A2\ C1\ C2\ D2\ C0\ C4+
Trax_2630434 Masonsmith vs. ypercube : @0/ A0/ B1+ B3/ @2/ D1/ D2+ @2/ E0/ C1+ F4\ F5\ F3+ D5+ E6+ G1/ E0/ D0+ A6+ G7\ @6+
Trax_2630523 DINGEROO vs. SweetCindyJo : @0+ B1/ C1\ B2/ C2+ B0/ D1/ D0/ E3\ E4\ F3+ G3+ F0/ G1/ E0\ D2+ C3\ C7/ D1+ C1\ A2\ @2\ D0\ C2\ E0/ F1/ C1\ G9\ B3\
Trax_2630586 jazzbeth vs. paganje : @0/ B1\ B2\ A2+ C1+ @1/ B0/ C0+ A5\ E3\ @2\ B1+ A5/ C6/ @3/
Trax_2632497 Buz vs. drgnrdr : @0+ B1/ A2+ C1/ A3+ C2\ B0+ @4\
Trax_2632593 ypercube vs. dalkelly MIA : @0/ @1\ A0/
Trax_2632739 dgb vs. davidmilne : @0/ @1/ B0+ B0/ B4+ @2/ C0/ A2+ D3+ D5\ E1/ RESIGN
Trax_2633209 dgb vs. basplund : @0+ A2\ A3\ @1/ C3\ A0/ A0/ A0/ @5\ @4/ F4/ F3/ @1+ D0+ H4+
Trax_2633237 spitfire vs. Dionysos : @0/ A2/ B2\ A3/ B0/ C1/ @2\ A1\ C0/ D3\ E2/ A0+ @3\ C0/ B1+ F3\ F5+ @3+ @3/ A4/
Trax_2633399 spitfire vs. Geri39 : @0/ B1\ A2/ B2+ C2\ B3/ @1\ A0\ A4/ @3\ D5/
Trax_2633436 spitfire vs. stormy rebel : @0/ A2\ B2\ B3/ C3\ D3/ B4\
Trax_2633519 spitfire vs. splodge : @0/ B1\ A2/ B2+ C2\ D2/ D1/ @2/ B3\ D3\ D0+
Trax_2633652 spitfire vs. Unique1 : @0/ A0+ A0\ A4\ @2+
Trax_2634428 jazzbeth vs. supermac : @0/ A2\ B1/ B0/ B0+ B4+ C2/ @2/ B0+ A5\ B6\ @6+ D7/ E6+ A1\ @6\ C0\
Trax_2634499 dalkelly MIA vs. YankeeFan : @0+ B1\ A0+ @2/ C3\ D3\ B4/ @2/ C0+ E2/ F2/ B2\
Trax_2634521 Linda Sue vs. aussielady : @0+ B1+ B2/ B0/ B0/ C2/ D2\ C1+ C0\ A2\ @3\ @3+ B2+ B1\ D0/ A6/ C7\ @5/
Trax_2635142 dgb vs. ginifish : @0/ @1+ @1\ B0+
Trax_2635187 DavidTrax vs. ypercube : @0/ @1/ A2+ B3/ B0/ C1/ @3/ B0+ A2\ @4/ A3+ B1\ C0/ D7/ F6+ @6\ A3+ @4+ A6+ D8+
Trax_2636148 paganje vs. McStack : @0/ @1/ B0+ @1/ C0+ B4\ C4+ D3+ C0\ B2+ D3/ A5/ @4/ C6/
Trax_2636918 basplund vs. birddog8560 : @0/ A0/ B2/ C2+ @1/ A0/ A0/ @2+ B0/ C1/ C6/ A5/ @3/ F4+
Trax_2636918 basplund vs. birddog856 : @0/ A0/ B2/ C2+ @1/ A0/ A0/ @2+ B0/ C1/ C6/ A5/ @3/ F4+
Trax_2636961 davidmilne vs. birddog8560 : @0/ A0/ B2/ C2+ A3+ C4/ D2+ C1\ A4/ @1\ C0+ A5/ RESIGN
Trax_2636961 davidmilne vs. birddog856 : @0/ A0/ B2/ C2+ A3+ C4/ D2+ C1\ A4/ @1\ C0+ A5/ RESIGN
Trax_2638691 Dragon101 vs. ypercube : @0/ A2/ @1+ C1/ C0/ @3\ E3+ C4/ B0\ A1\ @2\ @2\ A1\ C0/ @4+ C5+ C7+ B7/ F1+ B0+ @3\ A2\ A0\ @3\ J3/ I9+ G10\
Trax_2638847 Sea Breeze vs. spitfire : @0+ @1\ A0\ @2/ C3/ A3+ B0\ @3/ E1/ E0/ F1/ C1\ E0/ B7\ C7\ E5\
Trax_2638942 ypercube vs. Senorita ZORRO_ : @0/ B1\ B2\ B0+ C1+ C0/ D1/ D4/ C0+ B1\ A1+ @2\ C0\
Trax_2638949 ypercube vs. spitfire : @0/ B1\ A2/ A0/ A0/ @4\ A1\ A0\ A0\ D4+ E4\ D2/ E1\ F4\ F6+ D7\ D8+ E8\ A8/ D9/ @6/
Trax_2638954 nisqually vs. ypercube : @0/ A0/ B1+ @1+ A0\ D3/ @1\ @1+ B0+ A4/ B0+ C6/
Trax_2639143 ypercube vs. rogerrabbit : @0/ A0/ B1+ C1\ A3+ @3/ A2+ B4\ C5/ E2/ E0/ F2\ A7/ @7/ G7\ E8+ H7/
Trax_2639322 Masonsmith vs. spitfire : @0/ A2\ B2\ B3/ A3+ @3/ @3/ A4/ A1\ D4\ @1/
Trax_2639343 nisqually vs. Rogue Trooper : @0/ A0+ @2/ @2/ B3+ D2/
Trax_2639347 Rogue Trooper vs. spitfire : @0+ @1/ A0/ C2\ A3/ @3\ C0\ C5+ D1/ E3\ C0/
Trax_2639350 Rogue Trooper vs. Senorita ZORRO_ : @0+ A0+ A0+ @2\ C1/ B0\ @1+ @2/ A3/ A4/ A5+ @5/ A6/ D0\ F1/ E0\
Trax_2639351 Rogue Trooper vs. rogerrabbit : @0+ A0+ A0+ @1/ C3/ @1/ C0+ E3\ C5+ A1\ @1\ C0+ B5\ A4+ B6+ C7/ @2\ D0/ F1/ D0/ A8/ @5\ C9/
Trax_2641469 dgb vs. birddog8560 : @0/ A0/ @2/ A0/ A4+ C2+ @2+ @3\ @3\ B1+ G4/ E5\ E6\ H4+ B4/ @3\ A4\ A5\ B6/ B7/ @5+ A2+ D7+ RESIGN
Trax_2641469 dgb vs. birddog856 : @0/ A0/ @2/ A0/ A4+ C2+ @2+ @3\ @3\ B1+ G4/ E5\ E6\ H4+ B4/ @3\ A4\ A5\ B6/ B7/ @5+ A2+ D7+ RESIGN
Trax_2641560 dgb vs. Betty04 : @0/ B1\ A2/ @2+ @1/ D2+ B3+ B0+ E3\ E4\ F4\ D5/ F2/ B0+ G4/
Trax_2641560 dgb vs. boop2004 : @0/ B1\ A2/ @2+ @1/ D2+ B3+ B0+ E3\ E4\ F4\ D5/ F2/ B0+ G4/
Trax_2641806 basplund vs. birddog8560 : @0/ A0/ B1+ B3/ C3/ D3+ C1+ @2\ B3+ E2/ F2/ F0\ G3/ H2+ I1+ @3/ B4+ B5/ A5/ A6/ @4+ @5\
Trax_2641806 basplund vs. birddog856 : @0/ A0/ B1+ B3/ C3/ D3+ C1+ @2\ B3+ E2/ F2/ F0\ G3/ H2+ I1+ @3/ B4+ B5/ A5/ A6/ @4+ @5\
Trax_2641941 spitfire vs. Dionysos : @0/ B1\ B2\ C2+ C0/ D1\
Trax_2642357 GlassTiger vs. drgnrdr : @0/ @1/ B0\ @2\ A1\ @1\ C3/ B0+
Trax_2642579 davidmilne vs. birddog8560 : @0/ A0/ @2+ @2/ @2/ B1+ C3\ B4+ C5/ @1\ RESIGN
Trax_2642579 davidmilne vs. birddog856 : @0/ A0/ @2+ @2/ @2/ B1+ C3\ B4+ C5/ @1\ RESIGN
Trax_2643309 nisqually vs. * : @0/ @1/ A2+ C1/ A3+ @1/ D0/ C0+ @2+ B0+ @3/ G2\ F1/ C0/ E0+
Trax_2643313 * vs. spitfire : @0/ A2\ B1/ B0\ @3/ A4/ @3/ C4\ C5\ A4+ A2\ B1\ @2/
Trax_2643316 * vs. Senorita ZORRO_ : @0/ B1\ A2/ @2+ @1/ B0\ B4+ C0/ D2+ E2/ E1/ F1/ C0+ B0/ F6\ D7+
Trax_2643317 * vs. rogerrabbit : @0/ A0/ B1+ C1\ @2/ A3/ B4+ @3/ C5/
Trax_2643512 klaashaas vs. YankeeFan : @0/ B1+ C1/ C0/ B0/ @3/ A2/ B4+ B0/ @4+ @4\ A2+ C6\ @2\ F1/ G1/ E7\ F7\ G7\ H7+ F8+ F9/ @2\ A1\ A4/ I1+ C5/
Trax_2643562 basplund vs. dboy97 : @0/ @1/ A0/ A0/ C3/ A0\ @3+ @2/ @2/ B4+ @3\ @4+ A5/ A6+ @4+ E6\ D7/ G5+ H6+ H3+ D1+ D0\ B1+ A3\ C8+
Trax_2643569 ypercube vs. golfnutrof : @0/ @1/ B2/ C1+ C3/ C0/ C0/ B1+ @3/ E3+ A4+ A2+ B0/ F3+ A1\ @1+ B0/
Trax_2644846 dingbat vs. drgnrdr : @0/ @1/ @1+ A0+ @1\ B0\ E2\ D1+ C0/ C5/ F3\ G3\ G1+ G0\ H3+
Trax_2645004 Masonsmith vs. basplund : @0/ @1/ B0/ B0+ @3+ A4/ B4+ @2/ A0+ @1\ A0\ @4+ E1/ E0/ F3/
Trax_2645709 * vs. DINGEROO : @0/ B1\ B2\ C2+ D2/ B0+ D0+ E1/ F3/ C0\ B1\ F2/ F1/ C0\ F6\ G6/
Trax_2645741 marlisam vs. SweetCindyJo : @0+ @1\ A2/ @1\ C0\ C0/ D1/ C4\ C5\ A4/ @3\ E3\ F1\ F2\ G2\ G3\ H3\ E0/ A5/ @4\ I0/ J1/ I6/ H6/ E8/ D8/ H7/ G6/ I8\ J7/ H9/ G9+ F9+ A8/ A9/ E1\ D1\ F0/
Trax_2645901 jaha vs. Dragon101 : @0/ A0/ B2/ B1/ C1\ B3+ C2\ D2\ D3\ B4/ A0+ @1\ @1+ C0+ E2+ @3\ C0/ A6/ @6+ A4\ @4\ C7/ C8/ B9\ F9+ C10+ D11/ J6\ I9+ K8\ H2/ K3+ L5+ L7+ B2+ @2\ F0/
Trax_2645973 ypercube vs. birddog8560 : @0/ A0/ @2+ @2/ @2/ B1+ B0\ @3+ A4/ A0\ @3/ @3+ H4+ F1+ E0/ H2/ H1\
Trax_2645973 ypercube vs. birddog856 : @0/ A0/ @2+ @2/ @2/ B1+ B0\ @3+ A4/ A0\ @3/ @3+ H4+ F1+ E0/ H2/ H1\
Trax_2646024 Masonsmith vs. ypercube : @0/ B1\ A2/ @2+ @1/ C0/ C0/ @1+ C0/ C0+ D2+ @1\ C0/ E1/ F2/ D0/
Trax_2647562 drgnrdr vs. ypercube : @0/ @1/ B2+ B3\ C1/ C0/ D4+ C5/ A4+ E4\ E6+ E1+ F2/ A0+ @4\ F1+ F0\ D1+
Trax_2647638 DavidTrax vs. ypercube : @0/ @1/ A2+ C2/ A3\ A0\ @3\ @2/ D0+ E1/ F5\ E6\
Trax_2647690 kbalakri vs. BabyGirl The Rebel Angel : @0+
Trax_2648385 birddog8560 vs. ypercube : @0+ @1+ @1/ A0/ A0/ C2+ C0\ C0\ C0+ C7\ C8+ B8+ C9\ A3/ D2+ B1\ B0\ A1\ @7/ B8/ A1+ A0/
Trax_2648385 birddog856 vs. ypercube : @0+ @1+ @1/ A0/ A0/ C2+ C0\ C0\ C0+ C7\ C8+ B8+ C9\ A3/ D2+ B1\ B0\ A1\ @7/ B8/ A1+ A0/
Trax_2650078 kbalakri vs. dgb : @0/ A0/ A0/ @2+ A0/ A0/ @5\ D4\ E4/ C1+ C0/ C0/ A5+ B8+ @4\ F4/ F3+ A8/ B9+ G3\ H5+ B2+ A3\ @3\ A2\ B1\ B0+ A1\ @1\ B0/ F1+ A0\ @1\ E1/ C0+ E1/ E0/ H4/ I4/ F1/
Trax_2650104 ypercube vs. Masonsmith : @0/ @1/ A0/ A0+ B4/ B5+ A5/ C5\ C6\ B2/ @1\ E2+ E1/ E0/ F1/ G1+ E0+ H4\ F5+ E9/ G9\ E10/ H5\
Trax_2650313 klaashaas vs. ypercube : @0/ @1/ A2/ B3/ @1/ C0/ C0+ @3+ B0+ @3/ @2+ @2/ @3\ @2/ @3\ C4+ B1\ F5/
Trax_2650443 Geri39 vs. Rogue Trooper : @0/ A0+ @2\ B0/ @3\ @3+ @3/ A4/ E4+ F3/ G2+ D1\ D0+ D6+
Trax_2650853 ypercube vs. Geri39 : @0/ B1\ B2\ A2+ A3+ @3/ A4+ A2\ @2\ D4+ E1/ E0/ E5\ F4\ D6+
Trax_2651109 birddog8560 vs. ypercube : @0/ A0/ B2/ B1+ B0/ B0/ A2+ @1/ C0+ D3+ @1\ A0+ @3/ A4/ A7+ @6+
Trax_2651109 birddog856 vs. ypercube : @0/ A0/ B2/ B1+ B0/ B0/ A2+ @1/ C0+ D3+ @1\ A0+ @3/ A4/ A7+ @6+
Trax_2651214 Phil The Hat vs. ypercube : @0/ @1/ B0/ @1/ C3/ D1/ E1+ E4+ F2/ G2/ G5+ H2+ E0/ C6+ F7\ A1\ C0+ @3\
Trax_2651238 basplund vs. Masonsmith : @0/ @1/ A2+ A3/ A4/ C2/ @1/ C0+ D1/ D0/ RESIGN
Trax_2652773 basplund vs. Masonsmith : @0/ @1/ B2/ C2/ A0/ A0+ @3/ C1/ D2/ C0/ C0/ B0+ A1\ @1+ C0+ F8/ G8/ G9+ G10/ G5+ H5/ A7+ @6/ C8/
Trax_2653367 DavidTrax vs. ypercube : @0/ @1/ B2/ B3/ B0/ A4/ C4+ A5/ @2/ A3+ @2+ D0/ F1+ F0/ G5\ F6+ @3/ A5+
Trax_2653941 rabbitoid vs. drgnrdr : @0/ @1/ A2+ C1/ C0+ A4/ B4+ C0\ @2+ @3\ E6/ F5\ G5+ G6\ G7\ G8+ H6+ I6/ G2/ H2/ H4+
Trax_2653992 ypercube vs. dboy97 : @0/ @1/ B2/ C1/ A0+ @1+ A0\ C1+ E2\ E0+ F1/ G1+ E0+ G5\ H3/ @3\ D2\ C1/ I5\ J5\ F7\ G7+ E8+
Trax_2654031 Traxplayer vs. birddog8560 : @0/ A0/ @1/ @1+ A0+ @2/ D0/ E1/
Trax_2654031 Traxplayer vs. birddog856 : @0/ A0/ @1/ @1+ A0+ @2/ D0/ E1/
Trax_2654557 birddog8560 vs. basplund : @0+ B1+ C1/ C0/ D1\ B3\ D2+ E3/ F2\ E1+ E0\ E0+ E0/ F1/ G2+ H2\ I3/ J2\ D2\ E0+ D0/ F9/ F10/ A8/ A9/ A10/ B9+ B5\ A6+ D0/ F2+ C5+ E11\ B12+ G8\
Trax_2654557 birddog856 vs. basplund : @0+ B1+ C1/ C0/ D1\ B3\ D2+ E3/ F2\ E1+ E0\ E0+ E0/ F1/ G2+ H2\ I3/ J2\ D2\ E0+ D0/ F9/ F10/ A8/ A9/ A10/ B9+ B5\ A6+ D0/ F2+ C5+ E11\ B12+ G8\
Trax_2654560 birddog8560 vs. basplund : @0/ A2/ B1\ A0/ C1\ D1+ @3+ E2/ E0/ E0+ F2\ B6+ D5+ B7+ F4\ F5\ @3\ C2+ @4/ B5+ @3\ B2/ C1\ F0+ A6/ A7/ @5/
Trax_2654560 birddog856 vs. basplund : @0/ A2/ B1\ A0/ C1\ D1+ @3+ E2/ E0/ E0+ F2\ B6+ D5+ B7+ F4\ F5\ @3\ C2+ @4/ B5+ @3\ B2/ C1\ F0+ A6/ A7/ @5/
Trax_2656019 davidmilne vs. birddog8560 : @0/ A0/ @2+ @2\ B3/ B4/ D1/ A0+ @4+ E0/ F1/ F0/ RESIGN
Trax_2656019 davidmilne vs. birddog856 : @0/ A0/ @2+ @2\ B3/ B4/ D1/ A0+ @4+ E0/ F1/ F0/ RESIGN
Trax_2656111 * vs. ypercube : @0/ @1/ A2+ C2/ B3/ A0\ @3\ D1/ D0/ @3/ D6/ E7\ F5+ B5+ C7+ @4+ D8+ G7+ @4/ A6+
Trax_2656112 Geri39 vs. * : @0+ @1+ C1\ C2\ C0/ D3+ D1+ E3+ E2/ @2+ E4\ @2+ G1+ @2+
Trax_2658023 rogerrabbit vs. Guyver : @0/ A2+ A3/ @3/ C2\ B4+ D2/ D3+ @4\ C5\ A1\ C0/ @3\
Trax_2658024 Guyver vs. rogerrabbit : @0+ @1\ B2+ C1/ C0/ D1/ B0\ A1+ B0+ A1+ @1\ F3\ F2+ C0/ G3/ F0+ H2/ H4+ C8+ G6/ H1+
Trax_2658025 rogerrabbit vs. Rogue Trooper : @0/ A0+ A3/ A0/ @2\ B0/ C3\ D5\ C6/ D2+ E3/ A0\ @3/ E1/ C0+ F3/
Trax_2658026 Rogue Trooper vs. rogerrabbit : @0+ @1/ A2/ C1\ @1+ @1/ F2/ C3/ C0/
Trax_2658029 Guyver vs. Rogue Trooper : @0+ B1+ A2\ B0/ A1+ A0\ B0/ C3/ C5+ D3/ @2\ F2\ C0+ @2/ E2/
Trax_2658030 Rogue Trooper vs. Guyver : @0+ @1+ A0/ A3/ A4/ @2+ @2\ B1\ B0\ A4+ A6\ D5/ C6/ A2\ A7/ @7/ E7\ F6/ D8/
Trax_2658031 Guyver vs. Masonsmith : @0+ @1+ A0/ A3/ B3+ @2+ A1+ D2+ D3+ E2+ F2\ F3\ F4+ G3+ H2\ H1+
Trax_2658032 Masonsmith vs. Guyver : @0/ B1+ B0+ B3+ C2/ C3+ B4+ A1+ B0+ B0\ A1\ @5\ B0+ A7/ @7/ E7+ D8+
Trax_2658033 Rogue Trooper vs. Masonsmith : @0+ @1+ A0/ A3/ @2/ D2+ B0/ @3/ E1/ E0/ F3+ E0\ C2+ B2\ B1\ A1\ @4/
Trax_2658034 Masonsmith vs. Rogue Trooper : @0/ A0+ B1\ @2/ @1\ A0\ A0+ D5+ B6\ @3+ C7/ B7/ C1/ C0/ F4/ F3/ F0+ G1/ B1\ C0/
Trax_2658037 kbalakri vs. ypercube : @0+ @1+ B0+ C2+ A3+ @2+ E2/ E1/ E3\ F1+ D0+ E5/ D5/
Trax_2658038 ypercube vs. kbalakri : @0/ A0/ B2/ C2+ A3/ @3/ C4+ E2/ E3+ B5\ D1/ @5/ A6\
Trax_2658041 heyred72 vs. ypercube : @0+ @1+ B2/ A0\ @1+ @2\ B3+ @3\ C4+ D5/ D6/ C7\ E4+ A1\ B0/ B8/ @3+ C9\
Trax_2658042 ypercube vs. heyred72 : @0/ B1\ B2\ C2+ D2/ C0/ C0/ D1\ A1\ @1\ B0/
Trax_2658045 ypercube vs. irishmiss : @0/ A2\ B1/ B0+ A0/ B4+ C4+ B5/ D3\ D2+ @5\ D0+ C0/ B2+ E1\ F5\ C0/ A3+ F1/ F0\
Trax_2658046 irishmiss vs. ypercube : @0/ @1/ B0+ @1/ C0+ A1\ @1\ @1\ D4+ D0+ C4+ D6\ C5/ E7/ F6\ C8/ B6+ G6+ G7\ G8\ F9+ H6/ B4+ H3+ F1+ I4+
Trax_2658051 Geri39 vs. violet unicorns : @0/ A2/ B2\ B3\ C1/ C0/ @2\ A1\ @3/ A4/ C4+ B5/ @3/ B5/ D5+ B6\ D6/ C7\ E7+ D1/ F5\
Trax_2658052 violet unicorns vs. Geri39 : @0/ B1\ B2\ @1/ B2+ @1\ C3\ B0\
Trax_2658055 birddog8560 vs. violet unicorns : @0/ A0/ @1/ C1/ C3\ D2/ E2+ D3\ F2/ E3\ G2/ E1/ G1\
Trax_2658056 violet unicorns vs. birddog8560 : @0/ @1/ B2/ B3+ C2\ D1\ C3\ D0/ E2\ A1\ B5/ @2\
Trax_2658057 Jay RAA vs. violet unicorns : @0/ A2+ A0\ @1\ A0\ C1/ C0\
Trax_2658058 violet unicorns vs. Jay RAA : @0/ B1+ C1\ B2+
Trax_2658059 Traxplayer vs. basplund : @0/ @1/ A0/ B1+ A3+ @2/
Trax_2658060 basplund vs. Traxplayer : @0/ @1/ A2+ C1+ B3/ B0\ @3/
Trax_2658061 Traxplayer vs. jazzbeth : @0/ @1/ A0/ @2+
Trax_2658062 jazzbeth vs. Traxplayer : @0/ @1/ B0+ @2+ @2\
Trax_2658063 Traxplayer vs. Dragon101 : @0+ A0/ A3\ B1/
Trax_2658064 Dragon101 vs. Traxplayer : @0/ @1/ A2+ C1+ @2\
Trax_2658065 basplund vs. jazzbeth : @0/ @1/ A0/ @2+ C3/ D2+ B0/ B0+ @3/ B0/ A6/ @5+ E4+ B0\ D7/
Trax_2658066 jazzbeth vs. basplund : @0/ @1/ B0+ C1+ A3+ @2+ B0+ @3+ A4+ @3+ F4\ E5/ G3+ @3/ B4/ B5/ B6+ A4+
Trax_2658067 basplund vs. Dragon101 : @0/ A0+ B2+ A0/ C3/ A4/ @1/ B0/ C3+ @1\ A0\ @3/ A4/ A7+ @7/ F7\ A1\ E8/
Trax_2658068 Dragon101 vs. basplund : @0/ A0/ B1/ C2+ A3/ D1\ @1+ D0\ D5\ E5\ F4\ G4\ G5\ E6/ E7+ D7/ D8+
Trax_2658069 jazzbeth vs. Dragon101 : @0/ A0+ A3+ @3\ @1+ @2\ @2\ @2\ E4\ D4\ E5+ B0+ G2\ A5+ @5/ A6/ @3+ C7\ E6/ F7\ J3/ J1/ K1/ D7\ E8/ B9+ A9/ @9+ A10+ E10\ F10\ G10+ I6\
Trax_2658070 Dragon101 vs. jazzbeth : @0/ @1/ B0/ B3/ C3\ C4+ C5/ B4/ A0\ @3+ B5/ B6/ E3+ D1+ @6+ E0/ C8+ B8/ F8\ @6+ H6+
Trax_2658071 supermac vs. Pegasus : @0/ A2/ @1\ C1/ A0/
Trax_2658071 supermac vs. Wife of a Maverick driver : @0/ A2/ @1\ C1/ A0/
Trax_2658072 Pegasus vs. supermac : @0+ @1\ A2\ B0+ B0\ C2\
Trax_2658072 Wife of a Maverick driver vs. supermac : @0+ @1\ A2\ B0+ B0\ C2\
Trax_2658073 supermac vs. B Line electric streetcar : @0/ @1/ B0/ B0+ C2/ B4+ D3/ D1+ E4\ C5+ A5+
Trax_2658074 B Line electric streetcar vs. supermac : @0/ B1\ B2\ A2+ A3/ C2\ C4+ D4\ D2+ @2+ D5/ C6+ @2+ D7/ B7+ A4/ G2/ H3/ E0+
Trax_2658075 supermac vs. YankeeFan : @0/ B1+ A2+ A3+ B0\ @4\ A2+ C4\ D3/ C5+ D5\ E3/ D1+ C0+ F2/ F1/ F0/ B8\ A7+ D9/ F7+ G5+ A2\ @3+ B1\ C0+ H2+ F1+ I5+
Trax_2658076 YankeeFan vs. supermac : @0/ B1\ A2/ B2+ B3+ C1\ B0+ @3/ A5/ @5/ B1+ A4\ @4+ @4/ A5/ B1\ C0+ @2\ C1\ E1/
Trax_2658077 Pegasus vs. B Line electric streetcar : @0+ @1+ B2/ A0\ @1\ D2+ C1+ A0\ B0\
Trax_2658078 B Line electric streetcar vs. Pegasus : @0/ A2\ B2\ B3/ B1+ C1\ C3\ D3\
Trax_2658079 Pegasus vs. YankeeFan : @0+ @1/ A0/ C2\ B3/ @1\ @1/ B0/
Trax_2658080 YankeeFan vs. Pegasus : @0/ A2+ @2/ C1\ C2\ B3\ D1/ C3\ C0/
Trax_2658081 B Line electric streetcar vs. YankeeFan : @0/ B1+ B2\ B3+ @2\ C4/ B0/ D2+ @1\ B0+ A6+ @5+ C7+
Trax_2658082 YankeeFan vs. B Line electric streetcar : @0/ @1/ A2+ B0+ B0+ C3/ @2+ E4\ D5+ F3+ @2\ B1\ A1+ C0+ C6+ G6\ G7+ H6/
Trax_2658083 spitfire vs. drgnrdr : @0/ @1/ A2/ B3+ B4\ C2+
Trax_2658084 drgnrdr vs. spitfire : @0/ B1\ A2/ A0/ A4\ B4\ B5\ C5\ D5+ C6/ C2+ E2/ E1/ E0/ D7+ C8\ E6\ F4/ A7/ @7/ F8\ A5\ E9/
Trax_2658085 spitfire vs. golfnutrof : @0/ @1+ @1/ B0\ A0\ @3/ @3+ C4+
Trax_2658086 golfnutrof vs. spitfire : @0+ @1/ C1/ C0/ B3\ B0\ A1\ @3/ A0+ A0\ @4+ B7/ A7/ @7/ G4+ G3/ G2/ A4\ @4+ @4/ B6+ C0\ A4\ @5/ B6/
Trax_2658087 drgnrdr vs. golfnutrof : @0/ A0+ B2/ A0/ @1/ C0/ D2\ B1+ @3\ A5\ D5\ E4+ C6+ E6/ @4+ B0+ A1\ @1+ C0/ C8+ F2+ F1/ D0\ A9/ A10/ @5/ G10/ B6/
Trax_2658088 golfnutrof vs. drgnrdr : @0+ @1/ C1/ B0+ B3\ @3\ B4+ @3\ A1+ A5/ @3\ @3\ @2/ A0+ @3/ H1+ G0+ D7+ D8+
Trax_2658571 dalkelly MIA vs. paganje : @0/ A2\ B1/ B2+ C2+ B3/ @2+ C0/ E2/ A1/ E1/ E0+ A1\ @2+ E0/
Trax_2658706 ypercube vs. basplund : @0/ @1/ A0/ B1+ C1/ D1/ C2+ D3/ B4+ @3\ @3\ F0+ G3+ A1+ C0/
Trax_2658757 dgb vs. ypercube : @0/ @1/ B0+ B0/ B0/ A2+ B0+ A0/ C5\ D4+ E4\ F5/ C1+ B7/ C8+ A8/ D7+
Trax_2659266 ypercube vs. klaashaas : @0/ @1/ B2/ C2/ A0/ A0/ B5/ C6/ @3+ C1/ D3+ B4/ A0\ @2/ C6/ F3\ A6/ A7/ C7+ E8\ C8+
Trax_2659806 Masonsmith vs. basplund : @0/ B1/ @1/ C2/ D1/ A2+ D0+ A0+ @2\ @2\ A1\ A0\ A0+ @3+ D0/ E2+ C0\ B1\ A8/ @8/ B2/
Trax_2660359 McStack vs. klaashaas : @0/ B1/ B0\ C1\ B0+ C0\ B0/ C0\ A1+ D2/ @6\ B4+ A4+
Trax_2661351 Masonsmith vs. ypercube : @0/ B1/ @1/ D1/ B2+ A0+ @1\ @1\ B0/ F1+ A0\ @1\ E1/ C0+ E1/ B0/ H7\ F8/ H4/ I4/ G3+
Trax_2661462 ypercube vs. DavidTrax : @0/ @1/ A2+ C2/ A0/ B4/ D4\ D5\ D2/ @3\ C1/
Trax_2662259 Dawn vs. ypercube : @0/ A0/ B1+ B3/ @2+ B0/ A4/ @4/ A5/ A1\ C0/ @4\
Trax_2663038 DavidTrax vs. ypercube : @0/ B1/ B0\ C2/ @2\ A1\ B0/ B0/ @2+ E0/ F1/ D0\ C2+ @2\ A1\ C7/ B5+ A5/ @5/ @5/ A0+ @4+ J5+ K4\ H8+ G9\ J8\ @4+ L7/
Trax_2663659 basplund vs. Phil The Hat : @0/ @1/ A0/ @2+ B0/ A4/ B4+ B0/ C3+ D3/ @1+ A0\ E6\ E1/ E7/
Trax_2663748 ypercube vs. Masonsmith : @0/ @1/ A0/ A0+ C3/ C2/ @3/ A4/ @1+ E0/ F1/ A1\ E0+ @1\ D0+ A5+ F1+ A4+
Trax_2663795 drgnrdr vs. REBEL DJ : @0/ A2/ A3\ B3\ A4\ @2+ A4/ A5/ @4+ C5\ B6/ D4+ C0/ D1/ E4\ A2+ E1+ E0\
Trax_2664492 dgb vs. ypercube : @0+ A2/ B1\ A3/ @3/ B0/ B0/ @5+ C6+ B7\ C8/ E5+ F4\ G4\ H4\ I5/ I6/ @3\ A2\ J3+ @3+ F0\ E0/ D3+ G1+ D0\ C1\ B4\ @6\
Trax_2665530 drgnrdr vs. * : @0/ A2\ B1/ @2\ C2\ D2\ C3+ C4+ C0+ D1/ E3\ @2/ F0\ G1+ A1+ E0+ @3+
Trax_2665617 YankeeFan vs. goldfreckles : @0/ A2\ B2\ @1/ @2\ C3+ A0\ @2/ D5+ E5+ D6+ D7\ E7\ F3\ E8+
Trax_2665814 birddog8560 vs. ypercube : @0/ @1/ A0/ B3\ C3\ @2+ C4+ E3\ F3\ F5+ D6\ A0\ @3\ A4+ D7/ D8/ A8/ @6+ B9\
Trax_2665814 birddog856 vs. ypercube : @0/ @1/ A0/ B3\ C3\ @2+ C4+ E3\ F3\ F5+ D6\ A0\ @3\ A4+ D7/ D8/ A8/ @6+ B9\
Trax_2665820 ypercube vs. birddog8560 : @0/ A0/ A3/ B3+ @2+ @2\ @2\ B3+ E4+ F4\ F2+ D0/ D0/ G1+ G0/ @6/ A7/ A2+ H7\ G8+
Trax_2665820 ypercube vs. birddog856 : @0/ A0/ A3/ B3+ @2+ @2\ @2\ B3+ E4+ F4\ F2+ D0/ D0/ G1+ G0/ @6/ A7/ A2+ H7\ G8+
Trax_2666092 basplund vs. Masonsmith : @0/ @1/ @1/ @1/ A0/ @2+ C3+ E1/ C4/ F2+ G2/ H1\ G3+ D4+ E5/ A3+ @3/ A5+ C6/ F0/
Trax_2666865 DINGEROO vs. paganje : @0/ A2\ B1+ B2\ C1+ A0/ B0\ D4/ C5\ B5+ @2+ A5/ @4\
Trax_2666869 game_77 vs. BabyGirl The Rebel Angel : @0/
Trax_2671428 YankeeFan vs. csain1 : @0/ A0/ @2+ B0+ @1/ @1/ A2/ E3\ C4\ B4+ @1+ D0+ A4+ B0+ @3/ A2+ @4+ @5\ A6+ B7/ G7\ @7\ A8+ K5\ K3\ L3+ K6\ D8\ L7+ C9/
Trax_2671494 supermac vs. dboy97 : @0+ A2\ B1+ A0\ @1\ C4\ D3/ D1\ A0\ E2/ C1/ B0\ @4/ A5/ A6/ B7+ @5/ @3+ A1+
Trax_2672578 davidmilne vs. birddog8560 : @0/ A0/ @2+ A0/ A4/ C2\ C1\ D1\ @1+ B0\ B0\ A1\ @1\ @2+ C5+ D7/ E0/ F3+ F6+ D0+ RESIGN
Trax_2672578 davidmilne vs. birddog856 : @0/ A0/ @2+ A0/ A4/ C2\ C1\ D1\ @1+ B0\ B0\ A1\ @1\ @2+ C5+ D7/ E0/ F3+ F6+ D0+ RESIGN
Trax_2672861 Dragon101 vs. Masonsmith : @0/ @1/ A2+ A3\ B0/ C4+ @3/ C5/ E5/ B0+ A2\ @4/ F3+ G4/ F1/ F0+ G3/
Trax_2673052 DavidTrax vs. Dragon101 : @0+ A0/ B1/ A3\ C3/ B0\ B0\ C2\ B0+ B0\ B0\ D8+ B9/ C2+ D5+ @9+ B10/ B4+ A5+ F6/ B1\ G7\ G8\ D0/ E1/ F1/ A4+ G1/ H5+
Trax_2673370 B Line electric streetcar vs. rabbitoid : @0/ A0/ B1+ C2/ B3+ @1\ A0\ @2+ A4/ A0+ C6/
Trax_2673482 kbalakri vs. paganje : @0+ @1\ C1\ C2+ A0/ C4+ C5\ B4/ A4/ @4/ @3+ B1+ E6\ F6\ A6/ @3/ C7/
Trax_2673531 dgb vs. birddog8560 : @0/ A0/ B1+ A3/ B0/ B0+ C3\ B6+ @4+ E3+ C7/ B8\ E5+ F4\ @4+ H4+ G2+ D0+ E1/ I3\ G0/ H1+ B4\ RESIGN
Trax_2673531 dgb vs. birddog856 : @0/ A0/ B1+ A3/ B0/ B0+ C3\ B6+ @4+ E3+ C7/ B8\ E5+ F4\ @4+ H4+ G2+ D0+ E1/ I3\ G0/ H1+ B4\ RESIGN
Trax_2673532 Masonsmith vs. Rogue Trooper : @0/ A0+ A0\ @1\ A0\ @4+ @3+ C0\ B6/ A6/ @1+ A0\ A7+ @5\
Trax_2675281 Kituku vs. paganje : @0+ @1/ A2/ C1+ @1\ B0/ A1+ @2+ C4/ @2+ B5/ A5/ F4\ E5/ B6+ B1\ B0\ A4/ @2/ @3/ I4+ E0+
Trax_2675327 * vs. ScoobyRex02 : @0/ B1\ A2/ @2+ B0+ @3+ B4+ @3+ B1\ @3+ C0/
Trax_2677013 birddog8560 vs. drgnrdr : @0/ A0/ B2/ A3/ A0+ A0\ @4+ @2+ @3\ B4/ D6/ D7/ E1\ B0\ F4\
Trax_2678085 dgb vs. birddog8560 : @0+ A2/ B1\ A0/ A4\ C2/ A0/ A6\ @4/ A2+ @3+ @4+ D0+ A3+ F2/ RESIGN
Trax_2678085 dgb vs. birddog856 : @0+ A2/ B1\ A0/ A4\ C2/ A0/ A6\ @4/ A2+ @3+ @4+ D0+ A3+ F2/ RESIGN
Trax_2678321 Dragon101 vs. Masonsmith : @0/ @1/ A2+ C1+ @1/ A0+ D1+ E2+ C0\ B1\ C5+ @2+ F5\ E6/ G4+ F6\ F7\ H5/ F1+ C0+ I8+ G9/ @3/ F9/ G10\ C6\ K10\ H11/ K6/ A5+
Trax_2678848 BabyGirl The Rebel Angel vs. goldfreckles :
Trax_2678852 jazzbeth vs. Rogue Trooper : @0/ A0+ A3/ A4/ B4/ B5+ B2\ C2\ B1+ B0/ @5/ E4\ D5+ E3+ A7+ @5+ B1+ @4+ @4\ F0/ I2+ A1+ C8/ D0+
Trax_2678928 birddog8560 vs. ypercube : @0/ @1/ B2/ C2/ D2+ A0\ @1\ F3\ D4/ D5+ C4+ D6/ E6+ B4/ C6+ E2/ G2\ E1/ B0+ D1+ H2\ C8/ B7/ A7/ A8/ A9+ @7+ F0/ G1+ D11\ E11\ H5\ C1/ G0\ B7+ A4\ @9\
Trax_2678928 birddog856 vs. ypercube : @0/ @1/ B2/ C2/ D2+ A0\ @1\ F3\ D4/ D5+ C4+ D6/ E6+ B4/ C6+ E2/ G2\ E1/ B0+ D1+ H2\ C8/ B7/ A7/ A8/ A9+ @7+ F0/ G1+ D11\ E11\ H5\ C1/ G0\ B7+ A4\ @9\
Trax_2678941 Masonsmith vs. dgb : @0/ @1/ B0+ @2+ A0/ B4\ D2\ E2\ @1\ A0\ D2/ F5+ C1+ C0/ @2\ A1\ A0+ @5/ A6/ H3+ I6/ J7\ J8\ K6/ K5/ K2+ L4\ I1\ E1/ H2\
Trax_2679586 Knight Rider vs. birddog8560 : @0/ @1/ B0/ A0/ C2/ B4+ D2+ B1+ E4\ E5\ F5\ @3+ D0\ C0/ F8+ E8/ D8+ F9+ A6+ E1/ E0\
Trax_2682478 * vs. ypercube : @0/ @1/ B0+ @1/ C0+ A1\ @2/ C0+ A2\ @1/ C0/ E6\ F4\ C0/ C0/ E2+ F2\ A0+ @2+
Trax_2685230 DavidTrax vs. ypercube : @0/ B1/ A2\ @1+ D1\ C2+ C3\ D3\ D4\ E3+
Trax_2685343 paganje vs. Traxplayer : @0/ @1/ A2/ C1+ C0+ B4\ D3/ B5\ C4\ @5/ A6+ A2\ B1/ @3/
Trax_2685386 Phil The Hat vs. Rogue Trooper : @0/ A0+ B1/ B0\ @2/ C0\ B5+ C4+ D2\ D0+ E1/ F1+ C0/ B4\ @5/ B6/ H2+ H4\ H5\ I3+ C8\ C9\ C10\ A3+ @5/ A6/ @7\ E2+ G10\ G11/
Trax_2685795 basplund vs. birddog8560 : @0/ A0/ @1/ @1+ A0/ D3\ RESIGN
Trax_2685795 basplund vs. birddog856 : @0/ A0/ @1/ @1+ A0/ D3\ RESIGN
Trax_2686986 * vs. ypercube : @0/ B1/ B0+ A3+ @2/ D3+ C4/ A0/ @3/ D6/ C1/ C0/ F5/ G4\ E2+ G2+ H4\ B6+ D0\ @3+
Trax_2687082 drgnrdr vs. dboy97 : @0/ A0/ A3/ A4/ B2+ @4/ @4+ C5+ C6/ A0\ @3+ B0+ A1\ @4\ F2+ @2+ D0/ H2\ G0+
Trax_2687176 supermac vs. jazzbeth : @0/ @1/ B0/ @2+ D1/ C3+ E1+ E0/ D1+ F3/ E5+ G1+ E0+ G1/ G0+ H3+ E0\ D1\ C3+ F0+ @6/ C2/ H1/ C1\ B2+ E0\
Trax_2688670 * vs. ypercube : @0/ B1/ A2+ A0/ @3+ @3/ A2/ @3/ D4/ A1\ E4\ C0+
Trax_2688817 SweetCindyJo vs. Sea Breeze : @0/ @1/ A2+ C1/ B0/ @1/ B4\ E2\ E3+ @1/ E1/ A2/ @3+ @3/ D4+ E5/ A2\ @3/ C5/ B5/ B6/ A6/ @4\ I5+ G6\
Trax_2690280 DavidTrax vs. ypercube : @0+ @1+ C1\ B0/ @2\ C3/ C0/ E3\ C5/ E0/ F3+ E7+ F6\ G6\ G7\ RESIGN
Trax_2690477 Linda Sue vs. Carol91859 : @0+ @1+ A2\ B0\
Trax_2690860 Jane vs. marygal : @0+ @1/ @1\ A0\ @1+ C3/ C1+ D4\ A4+ B5\
Trax_2690861 Jane vs. marygal : @0/ A2\ B1/ @1/ C0+ @1+ A0\ @1\ A0\ E2+ A0\ @2/ E7+ F0/ G2\ C7+ G5/
Trax_2690862 Jane vs. marygal : @0/ B1\ B2\ A0/ C2+ A3+ @2+ B4/ @2+ B3+ D0/ C1+ F3+ A1\ B0/ D7\ E7\ F7\ C0+ G8\ H6+
Trax_2692535 Rogue Trooper vs. birddog8560 : @0+ A0/ A3/ B1\ @3/ @3/ C0/ C0/ E1+ E4/ D6+ C7+ A8+ @7/ C3+ F6\ G4\
Trax_2692535 Rogue Trooper vs. birddog856 : @0+ A0/ A3/ B1\ @3/ @3/ C0/ C0/ E1+ E4/ D6+ C7+ A8+ @7/ C3+ F6\ G4\
Trax_2692615 birddog8560 vs. Dragon101 : @0/ A0/ @1/ A2/ C2/ A0+ @3/ A4/ @2\ @2+ A1\ B0\ F6+ G5\ @5+ B6/ B7/ A7/ @5\ E0/ RESIGN
Trax_2692615 birddog856 vs. Dragon101 : @0/ A0/ @1/ A2/ C2/ A0+ @3/ A4/ @2\ @2+ A1\ B0\ F6+ G5\ @5+ B6/ B7/ A7/ @5\ E0/ RESIGN
Trax_2692616 Dragon101 vs. birddog8560 : @0/ @1/ A2+ A3/ A4/ B3+ A0/ @1/ A3+ B0\ D5\ E3+ C1\ B0+ D8\ E8\ F5+ @5/ F9+ H6+ A8+ @6\ H9+ F2+ D10/ C9+ F0/ G1/ H2\ I2\ I3\ I6+ H5+ J3\
Trax_2692616 Dragon101 vs. birddog856 : @0/ @1/ A2+ A3/ A4/ B3+ A0/ @1/ A3+ B0\ D5\ E3+ C1\ B0+ D8\ E8\ F5+ @5/ F9+ H6+ A8+ @6\ H9+ F2+ D10/ C9+ F0/ G1/ H2\ I2\ I3\ I6+ H5+ J3\
Trax_2692619 dawn1968 vs. Dragon101 : @0/ A0/ @1/ A2+ @1/ D1\ E1\ C0/ A0\ @3+ @2/ G1/ H2\ E0/
Trax_2692620 Dragon101 vs. dawn1968 : @0/ @1/ B0/ C2\ A3+ D2/ D3/ C4\ @1\ A0\ E6/ A4+ B1+ E2/ E1/ E0/ C7/ C8/ F4+
Trax_2692621 Masonsmith vs. Dragon101 : @0/ A0/ A3/ A4/ @3+ C4+ @3/ B0+ A2\ @2\ A1\ C0/ F5+ @4/ A5/ @5/ A6/ E7\ @2+ B1\ B0\ A1\ @3/ I9\ J9/
Trax_2692622 Dragon101 vs. Masonsmith : @0/ A0/ B2/ B1+ @2+ A0/ C1+ D3/ E3/ F3/ D4+ F1/ G1/ D5/ F0+ E6+ F0/ @4/ A2\ F8\ C1+
Trax_2692623 supermac vs. golfnutrof : @0/ @1/ B0/ @1/ D2+ D3\ D4+ E2+ E1+ F1/ F0/ A5+ A6/ @6/ C7\ A3\ B1\ @5\
Trax_2692624 golfnutrof vs. supermac : @0+ @1/ C1/ A2/ @1/ D0/ B1+ E1+ D3+ E4/ C5+ F4\ F5\ F6\ G6\ E7/ E8+ D7+ B6+ C0+ A5\ G2/ H2+ @4/ I9\ I10\ C8+ C9/ C0/ C11/ B9+ A10+ @7+ @8+ B3+ D2+ A6\
Trax_2692625 supermac vs. kbalakri : @0/ @1/ B0/ @1+ C0/ @2/ D4+ E3/ B0\ A1\ @3/ G5\ G6\ G3/ H3/ E0/ F1/ B0\ A1\ E8+
Trax_2692626 kbalakri vs. supermac : @0+ B1\ @1\ C2\ C3+ A2+ A0+ D4/ E3+ C1/ A0/ @5\ F5\ F6\ F7\ C0\ @5/ A7+ F8/ F9/ H4\ F3/ B3+
Trax_2693293 dgb vs. birddog8560 : @0+ A2/ A0\ @1\ B0\ B0+ @3+ B1+ B0\ A2\ @2\ RESIGN
Trax_2693293 dgb vs. birddog856 : @0+ A2/ A0\ @1\ B0\ B0+ @3+ B1+ B0\ A2\ @2\ RESIGN
Trax_2693462 game_77 vs. BabyGirl The Rebel Angel : @0/
Trax_2695138 rabbitoid vs. klaashaas : @0/ @1/ A2+ B3/ @2/ @2/ B1+ C0+ C0\ B0/ E4/ A2/ @5/ D0/ E2+ E1+ F3/ G2\ B1\ A1/
Trax_2695248 Phil The Hat vs. birddog8560 : @0/ A0/ B2/ C2+ A3/ D2/ @1+ D1+ @3/ C4/ F3+ G3/ H3+ G1+ I3+ G4+ D5+ F6+ H5+ I5\ J3+ J2/ J1/ K3\ H7+ H8/ F8+ B0/ G1+ G0/ L6+ I4+ I2/ G0\ F1\ E1+ G0/ L5/
Trax_2695248 Phil The Hat vs. birddog856 : @0/ A0/ B2/ C2+ A3/ D2/ @1+ D1+ @3/ C4/ F3+ G3/ H3+ G1+ I3+ G4+ D5+ F6+ H5+ I5\ J3+ J2/ J1/ K3\ H7+ H8/ F8+ B0/ G1+ G0/ L6+ I4+ I2/ G0\ F1\ E1+ G0/ L5/
Trax_2696612 kbalakri vs. dgb : @0+ B1+ A0+ B3/ A0/ B1/ @3/ C0\ D3+ @5\ D0\ E2+ F2\ B3\ C2+ @6\ B7/ @3+ RESIGN
Trax_2696776 dgb vs. birddog8560 : @0/ A0/ A0/ @3+ B0+ @3+ A0/ @3\ @3\ D1/ F1\ G1\ H1\ D0+ D0/ D0/ C2+ B2\ D9/ F7\ A4+ @3+ B1+ B0/ @3\ @3\ @3\ @3+ @3/ D4+ B2\ A1/ C2+ D1+ F0\ B1+ C0+ F1+ F0/ F10+ G11/ J4/ K7+ D0+ C2\ J1/ RESIGN
Trax_2696776 dgb vs. birddog856 : @0/ A0/ A0/ @3+ B0+ @3+ A0/ @3\ @3\ D1/ F1\ G1\ H1\ D0+ D0/ D0/ C2+ B2\ D9/ F7\ A4+ @3+ B1+ B0/ @3\ @3\ @3\ @3+ @3/ D4+ B2\ A1/ C2+ D1+ F0\ B1+ C0+ F1+ F0/ F10+ G11/ J4/ K7+ D0+ C2\ J1/ RESIGN
Trax_2697922 Rogue Trooper vs. B Line electric streetcar : @0+ @1+ A0/ A3/ @3/ @3+ C0/ E3+ E1/ C0/ C0/ F4/ C7+ E6/ E1/ C0/ E8/ G5+ RESIGN
Trax_2697951 golfnutrof vs. drgnrdr : @0+ A2\ B2\ A0/ A0/ C3+ @1+ B5/ A5/ E4/ F4/ E5+ B6+ E2+ G2\ F1+ A4\ @4\ E6\ F7/ F8/ C0+ F1+ F0/ G0\ A4/ @7\ I8\ I9+ D2+ E11/ E12/ J9/
Trax_2704590 dgb vs. ypercube : @0+ @1+ @1\ C2\ C3\ A2+ D1/ B4/ A4/ C0+ A1\ E3+ B6+ B0+ @7/ C8/ A4+ A5/ @6\
Trax_2704627 aubug vs. BabyGirl The Rebel Angel : @0/
Trax_2704678 * vs. dboy97 : @0/ @1/ B0+ A0/ @1+ @2+ C4/ C5/ C6/ E3/ @2\ C0+ B2+ G7\ G8\ B8+ A5+ @4/ I5+ J4\ F8+ E9\ H9/
Trax_2707072 birddog8560 vs. Dragon101 : @0/ A0/ B2/ B1/ A0/ @2+ D3\ C4+ D1/ E3\ B0/
Trax_2707072 birddog856 vs. Dragon101 : @0/ A0/ B2/ B1/ A0/ @2+ D3\ C4+ D1/ E3\ B0/
Trax_2707073 Dragon101 vs. birddog8560 : @0/ A0/ B1+ A3/ @2/ B0+ C5+ D2\ E3/ D6+ F3+ G5+ H5/ I4\ F7+ E1\ C1+ G8/ I6+ G3/ I3+ J4/ G2+ B6/ A6/ I7\ J7\ D7/
Trax_2707073 Dragon101 vs. birddog856 : @0/ A0/ B1+ A3/ @2/ B0+ C5+ D2\ E3/ D6+ F3+ G5+ H5/ I4\ F7+ E1\ C1+ G8/ I6+ G3/ I3+ J4/ G2+ B6/ A6/ I7\ J7\ D7/
Trax_2707074 kbalakri vs. Dragon101 : @0+ A0/ A3\ B2\ C2\ C3\ @1/ B0/ D5+ E1/ C0\ D0+ E2/ F2/ F1/ C0/ B9/ A7+ G7\ F8+ @5+
Trax_2707075 Dragon101 vs. kbalakri : @0/ @1/ A2+ C1+ @1/ C3\ C4\ D0/ A4/ @3\ B6/ A4/ @2/ F5\ G5\ D7+
Trax_2707481 paganje vs. DINGEROO : @0/ A2\ B2\ A3+ B1/ C1/ @3\ A1+ C0/ E2\ E3\ F3\ F4\ C5/ @1/ G1/ C0+
Trax_2707646 dalkelly MIA vs. Traxplayer : @0/ @1/ A2+ B0\ A4+ C2+ @2/ @3\ C1\ F2\ C5+ G2\ D0\ G5\ B6/ H4\
Trax_2711075 basplund vs. dgb : @0/ @1/ B0+ @2+ A0/ B4\ D3/ E2\ B5\ D4\ F3/ D1+ G1\ @2+ E5+ D6+ D7\ G4+ F6/ G5+ H5/ A3+ @1/ F0/ E1+ J1/ J0/ J6\ K7/ L4+ K2+ J8+ J9/ L8\ RESIGN
Trax_2711157 basplund vs. Masonsmith : @0/ A0/ @2+ B0+ @1/ D2\ D1+ C0\ C5/ E2/ F3\ F4\ F5\ @1\ A0\ @3/ A4/ F5+ E7/ C4/
Trax_2711987 aussielady vs. drgnrdr : @0/ A0/ B1/ B3+ C3\ D3+ B4+ D0/ E1/ A1\ C0/ @2/
Trax_2712479 paganje vs. dawn1968 : @0/ @1/ B0+ @2/ C0+ A4\ D2/ B1\ B4+ @2\ A1\ F2/ A0\ @3/ D6+ A0/ @2\ D0/ E1+ E0/ D1+ A3+ F4\
Trax_2713502 dgb vs. kbalakri : @0/ A2+ A3/ @3/ @3+ C0/ B5/ D2+ E2\ F2\ E1+ E4\ B6+ B7/ A7/ @4/ @5\ D2+ D8+ G0\ D1\ C1\ B1\ @5+ B1\ E0+ D0/ E12\ F12\ G12+ G13\ J6\ I7+ H10/ H9/ A4/ @7\ RESIGN
Trax_2713847 B Line electric streetcar vs. Masonsmith : @0/ A0/
Trax_2713958 golfnutrof vs. Rogue Trooper : @0/ A0+ A0/ B3/ @2\ B0+ @2/ @2/ B0+ @1+ A5\ C0/ B7+ @7/ B8+ A2/ @5+ A7/ @7/ A8/ @8/ D9+
Trax_2715629 ypercube vs. * : @0+ B1+ C1+ D1+ C2\ C0\ B0/ E3+ A1\ C0\ @3+ E3+ D6\ C5/ G4+ F5+ E0/ F1+ D0\ C1\ B1\ @6\ @6\ B2+ G0/ C1+ H1\
Trax_2716463 dgb vs. birddog8560 : @0+ A2/ B1\ A0/ A4\ @2+ B0/ D4/ @4\ B5+ D5+ E0/ F1/ @6/ A7/ @5\ A4\ A3+ @7/ B8\ I3+ I5+ J2/
Trax_2716463 dgb vs. birddog856 : @0+ A2/ B1\ A0/ A4\ @2+ B0/ D4/ @4\ B5+ D5+ E0/ F1/ @6/ A7/ @5\ A4\ A3+ @7/ B8\ I3+ I5+ J2/
Trax_2716505 dgb vs. birddog8560 : @0/ A0/ B1+ B3/ C1\ D2+ B0/ B0/ A2+ @3+ E3+ F2+ C6+ A5+ @5/ B6/ @4\ RESIGN
Trax_2716505 dgb vs. birddog856 : @0/ A0/ B1+ B3/ C1\ D2+ B0/ B0/ A2+ @3+ E3+ F2+ C6+ A5+ @5/ B6/ @4\ RESIGN
Trax_2716510 birddog8560 vs. dgb : @0/ @1/ A0/ @2+ D2+ B0\ @3\ C4/ F3/ G3/ D5+ @3\ B4+ @4+ A5/ A6\ @5\ A4\ B2+ @3/ @4+ B1\ A3+ D7/ C7+ A7/ @7/ E8/ C0+ F9\ G7+
Trax_2716510 birddog856 vs. dgb : @0/ @1/ A0/ @2+ D2+ B0\ @3\ C4/ F3/ G3/ D5+ @3\ B4+ @4+ A5/ A6\ @5\ A4\ B2+ @3/ @4+ B1\ A3+ D7/ C7+ A7/ @7/ E8/ C0+ F9\ G7+
Trax_2716621 ypercube vs. McStack : @0/ @1/ A2+ C2/ B0/ B0\ C1/ C0/ B6/ D2\ C4+
Trax_2717640 golfnutrof vs. * : @0/ B1\ A2/ A0/ C2+ D1\ D0+ B0/ @4+ @4\ @4\ @4\ A5+ C2+
Trax_2719066 Guyver vs. Kituku : @0+ A0+ A3/ A0/ B3\ A5/ @2/ C2+ D4/ E3+ D1+ F2\ E5\ E6\ @4+ D6+ F7\ H4+ H2+ E0+ B7+ G1\
Trax_2719067 Kituku vs. Guyver : @0+ B1\ @1\ B0/ A0\ @3\ A1+ @3/ A4/ B0\ A1\ @3\ A5\ D1+ F2+ D0/ B0\ A2+ G5+ G2/ E7+ H3\
Trax_2719068 Guyver vs. Jay RAA : @0+ B1\ C1/ C0/ B1+ @2/ C3\ B1\ A0/ C0/ A6/ @5\ B1+ @5/ B6+ B7/ A7/ A4+ C7\ B8/ B0/ F2+ G2+ G1/ D0+ H3+
Trax_2719069 Jay RAA vs. Guyver : @0/ A2\ B2\ B1+ B0/ C1/ C0/ D1/ A1\ @3/ C0\
Trax_2719070 Guyver vs. YankeeFan : @0+ @1/ A0\ @1\ A2+ @2+ C3/ E2+ @2\ C0/ B1+ @3+ C4/ H3+
Trax_2719071 YankeeFan vs. Guyver : @0/ B1\ A2/ B2+ C2\ C3\ D2\ C1+ D3\ D4\ E4\ B5+ A0\ @2/ A4+ @5\ B7+ E1/ C8\ H4+
Trax_2719072 Guyver vs. tburgoon : @0+ @1/ @1\ B0/ A1+ @1\ C0/ E2/ A0\ @1\ F2/ F1/ C0+ G2+ G1/ G0/ H4/ I1/ G0/ E2\ I6\ J3+ I7/
Trax_2719073 tburgoon vs. Guyver : @0+ @1\ A2\ C2\ C3\ @2/ C3/ C4/ @2/ E4\ D5/ B4\ D0/ A6/ A7/ @5\
Trax_2719076 Kituku vs. YankeeFan : @0+ @1\ C1\ A0\ @2/ C3/ A3+ E2\ D1+ A4+ @2/ C0/ G3\ A1\ B6+ C0\
Trax_2719077 YankeeFan vs. Kituku : @0/ B1\ A2/ A3/ C1+ B3\ C4/ @3/ A4/ D5/ E1/ B0/ C0/ D1+ A1\ @5+ C0/
Trax_2719080 Jay RAA vs. YankeeFan : @0/ A2+ A3/ @3/ C3\ A4+ B0\ A1\ @1\ D2/ E4\ A0\ @1\ A0\ @1\ C0+
Trax_2719081 YankeeFan vs. Jay RAA : @0/ B1+ B0+ C2\ A3/ @3/ D4+ @2\ A1\ @3/ A4/ A5/ @5/ A6/ A7+ @7/ D8+
Trax_2719084 YankeeFan vs. tburgoon : @0/ B1\ A2/ @2/ @2+ D2+ D3\ E3\ B4+ A4/ D0\ E2/ F2/ C6+ A6/ @5+ @4+ G1+ G0/
Trax_2719085 tburgoon vs. YankeeFan : @0+ @1/ A0/ C2\ B3/ D2\ @2/ A3/ B4/ E1/ F1/ C0/
Trax_2719086 ypercube vs. dawn1968 : @0/ @1/ A0/ B1/ C2/ C1/ C3\ D2/ C4+ B0/ @5/ B6\ A1+ @4/ C0+
Trax_2719087 dawn1968 vs. ypercube : @0/ @1/ B2/ A2+ A0/ C2/ C4/ D4/ @3/ A2+ C1/ E5\ F5\ G5\ G6\ @2\ A0+ @1\ A0\ A5/ @4/ B6\
Trax_2719088 ypercube vs. Pegasus : @0/ B1\ A2/ B2+ @1\ @1/ B0/
Trax_2719088 ypercube vs. Wife of a Maverick driver : @0/ B1\ A2/ B2+ @1\ @1/ B0/
Trax_2719089 Pegasus vs. ypercube : @0+ @1+ B0\ B3+ B4/ A4/ @3/ C5+ D5\ D1/ D6/ D0\
Trax_2719089 Wife of a Maverick driver vs. ypercube : @0+ @1+ B0\ B3+ B4/ A4/ @3/ C5+ D5\ D1/ D6/ D0\
Trax_2719090 ypercube vs. jazzbeth : @0/ @1/ A0/ @2+ B0/ @2+ @2/ @2/ B1+ @2+ F4/ G2/ C3+ C0\ G1/ E0+ H3\
Trax_2719091 jazzbeth vs. ypercube : @0/ @1/ A2+ C2/ B3+ @1\ A0\ @1+ B3+ @3\ @3\ H3/ F5\ H6+ I4/ I3+ E5\ F6+ F7/ G8\ H8\ J4/ K6+ K7\ L7\ K8\ J9\ F10+ E10/ D6+ C4+ D10+ G2+ E11/
Trax_2719092 ypercube vs. birddog8560 : @0/ A0/ B2/ C2+ @1/ @1+ A0\ B0+ B0/ B0/ E7+ F7\ C8/ B8/ @4\ @4/ @4/ B3+ C6\ C7+ G5/ C9/ B7/ G9+ RESIGN
Trax_2719092 ypercube vs. birddog856 : @0/ A0/ B2/ C2+ @1/ @1+ A0\ B0+ B0/ B0/ E7+ F7\ C8/ B8/ @4\ @4/ @4/ B3+ C6\ C7+ G5/ C9/ B7/ G9+ RESIGN
Trax_2719093 birddog8560 vs. ypercube : @0/ @1/ A0/ A0+ @3/ @3/ A0/ @4/ E2/ D5+ F3/ F4+ E6+ F7/ G5+ G4/ H7\ RESIGN
Trax_2719093 birddog856 vs. ypercube : @0/ @1/ A0/ A0+ @3/ @3/ A0/ @4/ E2/ D5+ F3/ F4+ E6+ F7/ G5+ G4/ H7\ RESIGN
Trax_2719096 dawn1968 vs. jazzbeth : @0/ @1/ B2/ B3/ @1/ C4/ D1/ C5+ B5/ E2+ B4\ A4+ @1\ A0\ D1\ C1+ C0\ D1+ C5\ A5/ @5/ G1/ H2/ G0\
Trax_2719097 jazzbeth vs. dawn1968 : @0/ @1/ A2+ @1/ D2+ D0\ @2/ C0\ A5\ C0+ @3\ A2\ A6/ @5/ B7\
Trax_2719100 Pegasus vs. jazzbeth : @0/ @1/ A2\ B0\ A1+ B3\ B4/ C2\
Trax_2719100 Wife of a Maverick driver vs. jazzbeth : @0/ @1/ A2\ B0\ A1+ B3\ B4/ C2\
Trax_2719101 jazzbeth vs. Pegasus : @0/ B1\ A2/ @2/ A0/ A4\ C3\ D3\ C4/
Trax_2719101 jazzbeth vs. Wife of a Maverick driver : @0/ B1\ A2/ @2/ A0/ A4\ C3\ D3\ C4/
Trax_2719104 jazzbeth vs. birddog8560 : @0/ A0/ B1+ B3/ C2+ @2\ A3\ E2/ F2/ E3+ G3/ @3\ @3\ F4+ H1/ G5/ E5+ C4+ @3+ G6+ F7\ @3\ H8\ I8+ @3\ D5+ F6+ K0\ L3+ D7+ E8+ E9\ F9+ I10/ G9\
Trax_2719104 jazzbeth vs. birddog856 : @0/ A0/ B1+ B3/ C2+ @2\ A3\ E2/ F2/ E3+ G3/ @3\ @3\ F4+ H1/ G5/ E5+ C4+ @3+ G6+ F7\ @3\ H8\ I8+ @3\ D5+ F6+ K0\ L3+ D7+ E8+ E9\ F9+ I10/ G9\
Trax_2719105 birddog8560 vs. jazzbeth : @0/ @1/ B2/ C1+ D1/ E1/ D2+ F1+ G1/ B3+ E3+ E4\ D5+ E6/ G3+ H1/ H4\ H5\ G0+ F7\ H3\
Trax_2719105 birddog856 vs. jazzbeth : @0/ @1/ B2/ C1+ D1/ E1/ D2+ F1+ G1/ B3+ E3+ E4\ D5+ E6/ G3+ H1/ H4\ H5\ G0+ F7\ H3\
Trax_2719108 Mersephone vs. basplund : @0+ @1+ C1/ C0/ A1\ A0/
Trax_2719109 basplund vs. Mersephone : @0/ B1\ A2/ @2/ A0/ C3+ B4\ C4+ D4/
Trax_2719110 Mersephone vs. dgb : @0+ B1+ A2\ B0/ C2\ B0\ A1\ A0\ @2/ A4/ B6/ @3\
Trax_2719111 dgb vs. Mersephone : @0+ @1/ C1/ C0\ B3+ B1\ D2\ D3\ E3\ E4\ E1/ D0/ F2\
Trax_2719112 Cherub vs. basplund : @0+ A0/ B1\ A3/ @3/ @3/ D2+ A1\ D3+ B0/
Trax_2719113 basplund vs. Cherub : @0/ B1\ A2/ @2/ A0/ C3+ C4\ D4\ A5+ C6/ A6/ @5/ F5/ B7/ A7/ @5\ G2/ B3\ E1/
Trax_2719114 Cherub vs. dgb : @0+ B1+ A2\ A0\ B1+ @2+ C0\ B5/ A4+ @4/ B5/ B6/ A6/ D6\ E5\ D7/
Trax_2719115 dgb vs. Cherub : @0+ @1\ C1\ C2\ C3+ D3/ A3/ @3\ C4/
Trax_2719116 basplund vs. dgb : @0/ @1/ A2+ C1+ A0/ B4\ B5\ B1/ D3/ E2\ D1+ B0/ B0/ @1+ RESIGN
Trax_2719117 dgb vs. basplund : @0/ @1/ @1/ B0+ @1/ @1/ F1\ E3/ A2/ B3/ F0/ RESIGN
Trax_2719118 supermac vs. golfnutrof : @0/ @1+ @1\ A0\ @1\ A0\ D4/ E3/ D0+ B5+ @2\ D0/ @6/ C7\ @6/ H7\ H8\ I6\
Trax_2719119 golfnutrof vs. supermac : @0+ B1\ @1\ A0\ B3+ A3+ @1\ @1+ C0+ E2+ C5/ @5+ C6\ @3\ A2\ @4/ A5/ C1/
Trax_2719120 supermac vs. Rogue Trooper : @0/ A0+ A0\ @1\ @1+ A0\ B1+ C5/ @1\ B0+
Trax_2719121 Rogue Trooper vs. supermac : @0+ B1\ A0/ @2/ C3\ C4+ D1+ C5\ C6\ D4+ E2/ A5/ @5/ F5+ C0/ B2+ @6\ A5+ A4+ C0\ B2/ H4/ G2+ C8+
Trax_2719122 supermac vs. irishmiss : @0/ B1\ A2/ @2+ @2+ @2+ A3\ A1\ A0\
Trax_2719123 irishmiss vs. supermac : @0+ B1\ A0+ @2/ C3\ D3\
Trax_2719124 golfnutrof vs. Rogue Trooper : @0+ A0/ A3/ @1/ @2+ C0/ D4/ C5/ B6\ B7\ E7+ E8\ E9+ F6\ G4/ F3/
Trax_2719125 Rogue Trooper vs. golfnutrof : @0+ @1/ A0/ B3\ C1\ B0+ D2\ D5/ @2+ A1\ A0+ @2+ F1/ E0\
Trax_2719128 Rogue Trooper vs. irishmiss : @0+ @1/ A0/ C2/ @2/ A3/ D0/ E2\ A1\ C0\
Trax_2719129 irishmiss vs. Rogue Trooper : @0+ A0/ A3/ @1/ @2+ C0/ D1/ E1+ RESIGN
Trax_2719132 Missing Sock Fairy of TA vs. spitfire : @0+ @1+ A0/ B3\ A3+ @3/ A2\ B4+
Trax_2719133 spitfire vs. Missing Sock Fairy of TA : @0/ B1\ A2/ B2+ C2\ D2/ B3+
Trax_2719136 Laurel vs. spitfire : @0/ B1\ A2/ B0/ C1\
Trax_2719137 spitfire vs. Laurel : @0/ B1\ A2/ B2+ C2\ C3\ @1\ A0\ A0\ @3/ A4/ A5/ A6/ A7+ @7/ D2+ C0\ A4/ A5/ @4\ A3+ @4/ A3+ D0/ G3/ H3/ I6\ H2+ I3\ A6+ I7\ G10\ J3/ J2/ H10\ I10+ I11\ J11\ @4/ L10+
Trax_2719140 spitfire vs. Furbster : @0/ @1\ B0\
Trax_2719141 Furbster vs. spitfire : @0/ A2\ B1/ C1/ C2\ D1\
Trax_2720654 klaashaas vs. ypercube : @0/ B1+ A0/ @1+ D1\ E1\ D3+ F3/ B3/ @2+ @3\ A4+ E0\ G0+ H3\ C1\ B2\
Trax_2721888 tburgoon vs. BabyGirl The Rebel Angel : @0+
Trax_2724065 ypercube vs. dgb : @0+ B1+ B2+ B3\ A3\ A0/ A5/ @5/ A3+ @3\ @2/ @3\ D1+ B0+ B0/ D8\ @3+ C0/ D7+ A6+ H8\ G9+ F10\ @7\ A8+ C9+ G11\ @5\ B3+ D11/ C12\ A8/ @8/ C9+
Trax_2725063 dgb vs. Chad : @0/ @1/ A2+ A3\ A0/ C3\ B5/ A6\ C4+ C7+ D4\ E4\ @1\ A0\ A6+
Trax_2725074 Chad vs. dgb : @0/ @1/ B2\ C1\
Trax_2725121 pepe72 vs. dgb : @0+ B1+ B2/ B0/ A1+ C2+ B0/ @1\ C0+ A5/ A6/ E3\ A4+ @4\
Trax_2725701 mr sinister41 vs. dgb : @0+ B1+ A2\ B0/ C1\ B0\ A2+ @2\ B1\ B0\ A2\ D1/ B0\ E3\
Trax_2726056 B Line electric streetcar vs. Rogue Trooper :
Trax_2726187 Phil The Hat vs. Masonsmith : @0/ A0/ A3+ A4\ B2/ C2+ C1/ D1/ B0\ D5\ E2+ D6/
Trax_2726325 Lawrie567 vs. dgb : @0+ B1+ B2+ C1+ C0\ B0\ C4\ A2\
Trax_2726641 YELLERDA vs. dgb : @0+ B1+ C1\ C2\ A2/ B3/
Trax_2728189 GornTC vs. dgb : @0+ B1+ B2/ A0\ @1+ @2\ B3+ @2+ A4+ E4/ D5+ F3+ B5/ D6/ F5+ @2+ G2/ H2/
Trax_2728639 basplund vs. JiffyJeff : @0/ A0/ B2/ A3+ @2/ B0+ B5/ @4+ E3/ D2/ E5\ E6+ F5/
Trax_2731650 ypercube vs. csain1 : @0/ A2/ B1\ A0/ @2+ B4/ @2/ E1/ E0/ E0/ E5+ F5\ F6\ F7\ G5+
Trax_2731815 lhh61 vs. BabyGirl The Rebel Angel : @0/
Trax_2731868 drgnrdr vs. dingbat : @0/ A0/ A3/ @2+ C3\ C4\ D1\ @2\ @1/ B3+ @2\ F0\ G4\ D0+ @1+ C0/ A6/ @6/ C7/
Trax_2733010 Handyman vs. spitfire : @0+ B1\ A2/ A0/ C2\ D3\ B4+ D2/ E3/
Trax_2738445 DINGEROO vs. klaashaas : @0/ @1/ A0+ @1\ A3/ @2\ A3+ D3\ E3\ C4/
Trax_2738497 rabbitoid vs. Dragon101 : @0/ A0/ B1+ A3+ @2/ D3+ B4\ E2/ E1/ E4+ F3\ G1+ C0/ @2+ A1\ A0+ @3+ D7\ F1+ B0/ D9+ G9\ H9\ H3+
Trax_2740541 Oartkickel of the Wolf Pack vs. drgnrdr : @0/ A0/ A0/ A0/ B2+ @4/ A5/ @5/ @4+ D6+ F2\ @4/ B6+ B7/ H4+ G7+ G8/ I4\
Trax_2740736 Rogue Trooper vs. jaha : @0+ A2\ B2/ A0\ @1\ @1+ B3+ @3+ E2/ B0/ D0+ E6\ F4/ B6+ C6+
Trax_2740742 YankeeFan vs. dalkelly MIA : @0/ B1\ B2\ C2+ C3+ C4\ D4\ B0\ D1/ E1+ C0/
Trax_2740743 B Line electric streetcar vs. Traxplayer :
Trax_2743491 jazzbeth vs. dgb : @0/ @1/ A2+ C1+ D2/ D3+ C4+ E1\ F2/ G3\ G4\ H2/ G1+ G0/ H2/ A1\ E0+ @3\
Trax_2744359 goldfreckles vs. klaashaas : @0/ A2/ A3\ B2/ B1+ B0\ B4+ A5\ C2/ D2/ C3+ B6/ C5+ E3/ @3+ A6/ B7\ @3\ E0+ @7/ B8\ H3+
Trax_2746011 spitfire vs. marlisam : @0+ @1/ @1\ A0\ D2/ @2/ A3/ @1\ A0\ D2/ B1/ A0\ D2/ C1\ A0\ D2/ B1/ C0\ @2+ E2/ H5+ @3\ J5/ K5\ K6\ J1/ E0\ K3/
Trax_2746047 aubug vs. * : @0/ A2\ B1/ C1/ B0\ C0/ D2\ C4+ C0/ A2+ C6/ @3+ E2+ F2+ A1+ C0/ D1/ D0/ A0\ @1\ E0/ F1/ G4+ A4/ H4\ @3\
Trax_2746091 Rogue Trooper vs. golfnutrof : @0+ @1/ C1/ A2/ A3+ D1/ B0+ B5/ A1\ @1\ A2+ A0+ @1/
Trax_2746142 Dionysos vs. dgb : @0/ @1/ A2\ C1\ C2\ D2\ D3\ D0/ E3\ A1\ A0+ @3\
Trax_2748063 birddog8560 vs. Rogue Trooper : @0+ A0/ @2\ B3/ B4/ C3+ D3\ B5/ A0+ D3\ E4+ B7/ @6/ @5+ @5+ F1\ G1+ A3+ B2\ H7+ E8+ D0/ @4\ A3\ C2+
Trax_2748063 birddog856 vs. Rogue Trooper : @0+ A0/ @2\ B3/ B4/ C3+ D3\ B5/ A0+ D3\ E4+ B7/ @6/ @5+ @5+ F1\ G1+ A3+ B2\ H7+ E8+ D0/ @4\ A3\ C2+
Trax_2748064 YankeeFan vs. supermac : @0/ B1\ A2/ @2/ @2+ B3/ D3+ D4\ B5\ A4+ @1/ D0/ F5\ F6\ G6\ D7+ A4+ H4/ H3/ D8\
Trax_2750001 dgb vs. JiffyJeff : @0/ B1/ B0+ C1\ @1/ E1\ E0/ F3/ A1\ B0\ @3\
Trax_2750253 golfnutrof vs. jazzbeth : @0/ A0/ @2/ @2+ A0/ @2+ C4/ E3+ E1\ A4/ C5/ F2+ @3\ B0\ A1\ @1\ E0+ E0\ A6+ G3+ I3/ I2/ F1+ B8+ H7+
Trax_2750334 kbalakri vs. jaha : @0+ A0/ A3\ B3\ A4\ @4\ D3+ C4+ C5\ D5\ E1/ D0+ E6+ F5\ E7/
Trax_2752963 Rose of Sharon vs. marygal : @0/ B1\ A2/ B2+ B3\ A4/ @2/ @1\ B0/ E4\ D6+ F4/ D1/ E1/ F1/ E0+ G1\ F0/ H5+ G7\ E1+ D9/ B8/ A8/ @6/ D1\ C1\ F0+
Trax_2753109 violet unicorns vs. jazzbeth : @0/ @1/ B0/ @2+ C3/ A3/ B0/ @2/ D1/ @1\ A3/ B0\
Trax_2753527 dgb vs. birddog8560 : @0+ A2/ A3/ A4/ @1+ A0\ @1\ @1+ E2\ F3\ B0+ D2/ F3+ B0/ @3\ G2+ E0+ G8+ F9\ G2+ C6+ H4+ H7+ RESIGN
Trax_2753527 dgb vs. birddog856 : @0+ A2/ A3/ A4/ @1+ A0\ @1\ @1+ E2\ F3\ B0+ D2/ F3+ B0/ @3\ G2+ E0+ G8+ F9\ G2+ C6+ H4+ H7+ RESIGN
Trax_2753528 birddog8560 vs. dgb : @0+ B1+ C1\ C2\ B3\ A0/ @2\ B4+ @3\ B4+ C0\ F4+ E2+ C0\ C0+ B3+ A3\ @3\ @4+ @4\ @4\ B5+ @4+ B2+ G1+ I3+ J2+ C6/
Trax_2753528 birddog856 vs. dgb : @0+ B1+ C1\ C2\ B3\ A0/ @2\ B4+ @3\ B4+ C0\ F4+ E2+ C0\ C0+ B3+ A3\ @3\ @4+ @4\ @4\ B5+ @4+ B2+ G1+ I3+ J2+ C6/
Trax_2753529 dgb vs. spitfire : @0/ B1\ A2/ A3/ B2+ A4/ @1+ B0/ D1\ D2+ D0/ E1/ A1\ @3/ C0/
Trax_2753530 spitfire vs. dgb : @0/ @1/ A2+ C1+ D1\ D3+ C4\ E3+ A4/ A5/ @3+ E5\ F5\ F6\ @4\ H5+
Trax_2753531 dgb vs. Laurel : @0/ @1/ A2/ A3+ A4/ B0+ C3+ D4/ E3\ C5\ B6/
Trax_2753532 Laurel vs. dgb : @0/ @1+ A2+ @2\ C0+ B0/ @4\ @4\ B5+ @4+ @5\ C2\ B2\ B1\ F0/ A3+
Trax_2753533 birddog8560 vs. spitfire : @0/ B1\ A2/ @1\ A0/
Trax_2753534 spitfire vs. birddog8560 : @0/ A0/ B1+ @2\ C3\ D1\ B4/ A4/ @4/ A5/ @4/ F5\ G4\ F6/
Trax_2753537 spitfire vs. Laurel : @0/ A2\ B2\ B3+ A0\ @2/ A5/ @4\ D5\ C6/ E3/ E2/ F2/ F1/ D0/ F1+ G1\
Trax_2753538 Laurel vs. spitfire : @0/ A2\ B1/ B0+ B0+ @4/ B5/
Trax_2753539 supermac vs. YankeeFan : @0/ B1+ A0/ C2\ A3/ @3/ D4+ @2+ C0/ E2+ B6/ A6/ @3/ G2+ H2\ H4+
Trax_2753540 YankeeFan vs. supermac : @0/ B1\ A2/ @2/ @2+ D2+ B3/ D4+ B5\ A4+ @2/ D0/ C0+ A1+ @3\ A5+ B7+ @5/ A3\ @3\ A2\ F0/ B1+
Trax_2753541 supermac vs. Furbster : @0/ B1\ A2/ B0\ C2\ @1\ B0/ D0/ E3+ E1+ A2\ A1\ A0\ A0\ @2+
Trax_2753542 Furbster vs. supermac : @0/ A2\ B1/ B2+ B3\ C1/ C0/ D1/ D0/ E1/ E0/ F1/ F0/ G1/ G0/ H3+
Trax_2753543 YankeeFan vs. Furbster : @0/ A2\ B2\ @1/ B3+ A0\ @2+ A1+ @2/ B3+ B5\ A5\ D5/ B0\ A1\ @2\ C0+ D1/ D0/ E1/ F5/ G5/ E0/ F3\ G1+ H4\ F9+ B1\ G8/
Trax_2753544 Furbster vs. YankeeFan : @0/ A2+ A0\ @1\ @1\ C4\ D2/ E4+ C5/ B5/ D5\ C6\
Trax_2754031 Geri39 vs. Dragon101 : @0/ A0/ A3+ B1/ A0+ @4\ @2\ B0/ B0\ A1\ A6+ @4\ C7\ B3+
Trax_2756232 Rogue Trooper vs. dgb : @0+ B1+ A0+ @2+ B3/ B4\ C4\ C5\ D2+ D4+
Trax_2756841 DavidTrax vs. ypercube : @0/ @1+ B0/ @2/ C0\ C0\ D2\ E4/ A5+ B2+ @5/ F1+ E0/ G4\ G6+ F7+ H6/ E0/ F1/ G2/ H2/ H1/ E0+ I4+ H5\ F10/ H7+ E0/ H10/ I10\ I11\ G12/ I7+ J7+ J9+
Trax_2757054 spitfire vs. DavidTrax : @0/ @1/ A2\ C1\ C2\ D2\ B0/ C4+
Trax_2758361 DavidTrax vs. Dragon101 : @0/ A0/ B1+ C2/ @2/ D3+ C4+ A5+ @4/ @4/ A5/ C6\ E6+ @6\ C7\ F7\ A8+ @6\ I3\ I4\ H7\ J7+ G8+
Trax_2758448 jazzbeth vs. Rogue Trooper : @0/ A0+ B1+ A0/ A4/ @4+ D2/ D0+ D4\ E3\
Trax_2758700 McStack vs. jazzbeth : @0/ @1/ A0/ @2+ C3/ D2+ @1/ C0+ E2+ C4/ C5/ A4+ C0/ D2/ E7\ F7\ F8\ D9+ B9+ C10+ F10\ G10\ D1/
Trax_2758808 golfnutrof vs. jaha : @0+ A2/ A0\ @2/ A3+ @2\ C0\ B0/ A1+ @3\ E4+ E2/ F3+ B0\ F2+ G2/ G1+ H3\ H4\ B0\ A3/ F1/ G6+ E2+
Trax_2760564 spitfire vs. DINGEROO : @0/ A2\ B2\ @2\ C1/ D1/ B3+ @2\ C4+ C0+
Trax_2761314 dgb vs. jazzbeth : @0/ @1/ A2+ C2/ B0/ A0/ C5/ C6/ D4+ C7/ E7+ C8/ B8/ C3/ C9+
Trax_2762410 B Line electric streetcar vs. csain1 :
Trax_2762501 Geri39 vs. spitfire : @0/ A2\ B1/ B0+ @3/ A4/ D2\ D3\ B4+ C4\ B5/ E2/ D1+ D0/ E2/ @4\ A3+ G2/ G5\ G1\
Trax_2762597 ypercube vs. Traxplayer : @0/ @1/ A0/ @2+ C1+ B0\ @2/ C4\ C5\ B4+ D5/ E4\ D6/ D7+ A6/ RESIGN
Trax_2765271 ypercube vs. supermac : @0/ B1/ C1/ C2\ D1/ C3+ A0\ @1\ A3+ B0+ A0/ A7+ E1+ D0/ F3+
Trax_2765272 supermac vs. ypercube : @0/ @1+ B0/ @2/ A3/ A4+ D1+ C0+ A2+ E2\ @5\ F4+ @4/ H4+ H5\ B1+ I3/ H2+ G1+ @3+ C0+ D0+ D8/ A8/ @8/ C9/
Trax_2765273 ypercube vs. Cherub : @0/ B1\ A2/ B2+ @1\ B0/ B0/
Trax_2765274 Cherub vs. ypercube : @0+ A2+ B2\ A0+ A0/ C4\
Trax_2765275 ypercube vs. jazzbeth : @0+ A2/ A3/ A0/ B4\ A5/ @5/ @2/ D5+ B6/ B7+ A7/ E3/ D2+ E7\ F4/ D8\
Trax_2765276 jazzbeth vs. ypercube : @0/ @1+ A2\ C1/ C0/ @2/ E2+ C0+ A2+ F2\ E1+ A5/ @4+ E5+ E6/ G5\ G6\ H3\
Trax_2765277 ypercube vs. Rogue Trooper : @0+ A0/ @1+ B0\ @2/ A3/ A1\ @1+ A3/ @1\ A0\ @4+ @3/ B0/ E1+ E0/ F1/ C0+ @7\ E8/ H3+ I3\ @3\ A2\ C8+ C9/ @6/ A7/ A10+ @10/ A11/ RESIGN
Trax_2765278 Rogue Trooper vs. ypercube : @0+ A0+ A0+ A0+ A0+ @2\ C2\ D3/ E3/ E4+ A5/ @2\ D6/ A3/ @4\ D7+ E1+ E0/ G7\ B1\ G8/
Trax_2765279 supermac vs. Cherub : @0/
Trax_2765280 Cherub vs. supermac : @0+ B1\
Trax_2765281 supermac vs. jazzbeth : @0/ @1/ B2+ A0+ C2+ C1+ B0+ @3+ @3/ @3/ D1\ B1+ D0+ B5+ E6/ E7/ F6+ D0/ F2+ A4\ @3/ D1\ C0/ D9/ D10/ H6/
Trax_2765282 jazzbeth vs. supermac : @0/ B1\ B2\ A2+ C1+ B0+ A1+ @2+ C4+ @2/ @2/ B1+ C0/ G4/ A4+ @2\ E6\
Trax_2765283 supermac vs. Rogue Trooper : @0/ A0+ @2/ @2/ @2/ A3+ C0/ A5/ @1+ A0\ @1\ B0+
Trax_2765284 Rogue Trooper vs. supermac : @0/ B1/ @1/ C2+ B0+ @2+ B0/ @1+ D0\ F4/ C6+ B6/ A6+ @5+ C7/
Trax_2765285 Cherub vs. jazzbeth : @0+ A2/ @1+ B0/ C1/ D1+
Trax_2765286 jazzbeth vs. Cherub : @0/ B1\ B2\ C2\ B0+ A3+ C4\
Trax_2765287 Cherub vs. Rogue Trooper : @0+ A2/ A0\ @1\ A0\ @1\
Trax_2765288 Rogue Trooper vs. Cherub : @0+ B1/ A2\ C1/ B0+
Trax_2765289 jazzbeth vs. Rogue Trooper : @0/ A0+ B2+ A3\ C2/ C1/ @1/ C0+ D0\ E2+ F2/ E4+ E5\ F5\ G2/ E6+
Trax_2765290 Rogue Trooper vs. jazzbeth : @0+ A0/ B1\ A3/ @3/ @2/ B1+ @1/ E3+ E4\ E5+ F3/ G4+ G5\ G6+ H4+ C6/ B4+ E7/
Trax_2765291 davidmilne vs. rogerrabbit : @0/ @1/
Trax_2765292 rogerrabbit vs. davidmilne : @0/ A0/ @1/
Trax_2765293 davidmilne vs. basplund : @0/ @1/ A0/ @1/ B0+ @1/ @1/ @1+ C2+ @1/ G1\ F0/ F0/ F0/ H4\ I5/ E6+ E7/ F7+ J2+ G0\ J8+ RESIGN
Trax_2765294 basplund vs. davidmilne : @0/ B1/ A2+ A3+ B3+ @2\ D1/ D0/ C5/ C6/ C7/ A4/ @4/ C0+ C0/ C0/ A6\ @7/ G7+ F9+ H5+ I5\ H7+ H3\ A11+ @9\ A8\ @8\ A12/ @10+ E12/ D13\ K2+
Trax_2765295 davidmilne vs. dalkelly MIA : @0/ B1\ B2\ C2\ C3/ D1/ B0\ A3+ A4/ @4/ RESIGN
Trax_2765296 dalkelly MIA vs. davidmilne : @0/ @1/ B0+ A0/ A4/ @4/ @1\ C0/ B6/ @2+ F1/ F0/ A2+ E1\ E0+ @8+ A9/ @6+ H5\ A4/
Trax_2765297 davidmilne vs. irishmiss : @0/ A2\ B1/ B0+ A0/
Trax_2765298 irishmiss vs. davidmilne : @0/ @1/ B0+ A0/ A4/ @4/
Trax_2765299 rogerrabbit vs. basplund : @0/ A0/ A0/ @2/ A3+ @3/ A2+ @1+ @1\ D0+ B3/ B4/ C5+ D6/ E5+ F5\ A0+ G6\ @3+ F8+
Trax_2765300 basplund vs. rogerrabbit : @0/ @1/ A2/ B0+ C1/ C2+ A0/ @4/ D0/ E1/ A1\ E3/ B0/
Trax_2765305 basplund vs. dalkelly MIA : @0/ A2+ B1/ A3+ B3+ A4+ @2/ D3\ E3+ D4/ E0/ F1/ B1\ C0\ A3\
Trax_2765306 dalkelly MIA vs. basplund : @0/ @1/ B0+ @1/ B3/ A3/ @1+ B0\ A1\ @2/ F4\ F5\ @1+ A4/ @3/ C5/
Trax_2765307 basplund vs. irishmiss : @0/ A2\ B1/ B0+ A0/ B4+ @2\
Trax_2765308 irishmiss vs. basplund : @0/ @1/ A2/ C2+ C3\ C4+
Trax_2765311 Missing Sock Fairy of TA vs. Guyver : @0/ B1\ A2/ B2+ B3+ C2/ A0\ @1\ C5+ D1/ C0/ E2\
Trax_2765312 Guyver vs. Missing Sock Fairy of TA : @0/ B1\ A2/ A3+ C1/ C0/ @2\ B1/ B0/ E3\ D4/ F2/ D1/ C0\ F2/ F1/ C0\ E2\ D1/ D0/ G4+ A5\ @5\ A4\ @4\ I2/ B3+
Trax_2765319 Guyver vs. MountainMist : @0/ B1\ B2\ C2+ A2/ A3/ @1\ A0\ @2+ @2+ A4/ A5/ @2+ @2+
Trax_2765320 MountainMist vs. Guyver : @0/ B1\ B2\ A2+ @2/ A3/ @3/ B1+ B4+
Trax_2765321 Guyver vs. mgs : @0/ B1\ A2/ @2+ A0\ @2\
Trax_2765322 mgs vs. Guyver : @0/ A2\ B2\ B1+ B0/ C3\ C4\ D2/ E2+ E1/ C0\ A2+ A6+ @3/ F6\ D7/ G6/
Trax_2765323 Guyver vs. bejaye : @0/ B1\ A2/ A3+ C1/ B0\ B4+ A5/ C4\ D4\ B5+ @5+ C6+ E2/ F5/ E6/ @4\ B3+ D7/ B6/ A1\ B0+ B0\ A2\ @2\ @4+ B6+ I4\ C1+
Trax_2765324 bejaye vs. Guyver : @0+ @1/ A2+ C1\ A3/ B3+ A4/ @4+ B5\ @2\ A1\ C0/ A5+ @1\ C0/ G5\ G6\ G7\ H5+ H8\ A6+
Trax_2765335 Kituku vs. spitfire : @0+ @1+ B2+ C2/ B3+ @1/ A2/ @3/ A4/ B4+ D4+ C5\ D0+ D6+ E4\ F4\ D0+ D8\ E8\
Trax_2765336 spitfire vs. Kituku : @0/ A2\ B2\ @1/ C1/ D1/ B3+ @1/ A0\ B0+
Trax_2765341 Jay RAA vs. spitfire : @0/ A2\ B2\ B3+ B1/ C1/ A0\ @1\ C5/ D0/ E3/ A0\ @3\ E5\ A4/ @3\ D0+
Trax_2765342 spitfire vs. Jay RAA : @0/ A2+ A0\ @1\ B4/ A2/ @1\ C0/ D1/ C0+ D6\ C7/ D4\ E4\ F6\ E7/ D8\ @1\ C0/ B6+ A6/ A1+ @1\ C0+
Trax_2765345 Pegasus vs. spitfire : @0+ @1+ A2\ B0/ C1/ A1\ B0/ @4/ A2+ B5/
Trax_2765346 spitfire vs. Pegasus : @0/ B1\ B2\ A2+ @2/ D2\ B3+
Trax_2765349 spitfire vs. birddog8560 : @0/ A0/ B1+ @2\ D2\ D3\ D1+ E2+ C3+ C4\ D4+ A3+ A4\ B5\ @4/ A5/ C6\ C7+ D7\ @4\ B3+ A7/ C8\ @6\
Trax_2765350 birddog8560 vs. spitfire : @0/ B1\ A2/ @2+ @2\ @2\ A0/ A4/ @4/ D4\ E5/ D1\ A1\ @3/ B0/
Trax_2765357 dawn1968 vs. dgb : @0/ @1/ A0/ @2+ C1+ B0\ B0\ B5/ C6\ D6\ E6\ D7+ D5/ A7/ B8\ @6\
Trax_2765358 dgb vs. dawn1968 : @0/ @1/ A2/ @2/ C3\ D3\ A0\ @2/ E5\ C6+ C0+ C0/ F6+ E5/ E1+ F3/ A8+
Trax_2765363 Oartkickel of the Wolf Pack vs. dgb : @0/ @1/ B2/ C1+ D2/ B3+ A3/ D4\ A4/ E3\
Trax_2765364 dgb vs. Oartkickel of the Wolf Pack : @0+ A0+ A3+ A0/ B1/ @3/ C4\ D1+ C0+ B6/ A1\ A0/
Trax_2765367 Zehrs Employee vs. dgb : @0/ @1/ B2+ B3\ C3\ C4\ D2/ A4/ B5/
Trax_2765368 dgb vs. Zehrs Employee : @0/ A0\ @2\
Trax_2765369 tburgoon vs. dgb : @0+ @1+ A2\ B0/ @2\ @2\ C1+ A3/ B4/ @3\
Trax_2765370 dgb vs. tburgoon : @0+ B1+ @1\ A0\ B0\ @2+ C4/ A1\ @4/ B5\ A1\ @2\ C0+
Trax_2766678 SweetCindyJo vs. ScoobyRex02 : @0/ B1\ A2/ @2+ C2\ B3/ B0+ D3+ E3/ A5/ @5/
Trax_2770816 jazzbeth vs. Chester : @0/ A0/ B1+ B0\ B4+ C4\ D4\ C5\ C6\ D5\ A6/ B7\ @5\
Trax_2771329 nickvet419 vs. Rogue Trooper : @0/ A0+ @1+ B0/ A1+ C2+ B0+ @3+ D1+ E3+ E1\ E4\ D5\ D6\ E6\ F6\ G6+ H5+
Trax_2771495 Chester vs. jazzbeth : @0+ A0/ @2+ A3/ @2/ @2/ B3/ A1\ C0/ @3\
Trax_2771942 dalkelly MIA vs. spitfire : @0/ A2\ B1/ B2+ C2+ C3\ D2\ B3/ B4/ C0\ C5\ C6\ D1/ E1+ D0\
Trax_2773637 DINGEROO vs. B Line electric streetcar : @0/
Trax_2774047 jazzbeth vs. marygal : @0/ B1\ B2\ C2/ C1+ A2+ D2+ E2/ C3/ F2\ F3\ D4/ D5+ C5/ G5\ G6\ G2/ H3/ F1/
Trax_2776120 Dragon101 vs. Chester : @0/ B1\ B2\ A2+ C2/ A0/ A0/ @4\ @1+ C0/ E3+ F4+ C0/ B0+ @1+ F8/ G9\ H9\ D9/ F1/ F10/
Trax_2780839 Chester vs. Dragon101 : @0+ A0/ @1\ A0/
Trax_2780860 Chester vs. Dragon101 : @0+ A0/ A3\ B3\ C2+ D2/ C0+ B0/ C0\ D2+ E5/ @4\ A3\ G4\ H3+ H1+
Trax_2781112 Rogue Trooper vs. dgb : @0+ @1+ A2/ @2/ A3+ @2+ D3\ D4\ E2+ @2/ A3/ A4+ @3/
Trax_2781113 dawn1968 vs. * : @0/ A2\ B2\ B3+ B4\ A0/ @3+ A5\ @4+ C6+ A6/ @4/ F5\ E2+ F2\ G2\ F1+ F7/ H4+ I4/ D7+ C8+ A6+ A8/ B3+ @6+
Trax_2781114 jazzbeth vs. Dragon101 : @0/ A0/ B1+ C1\ D1\ B0/ D4+ E4\ D0+ E2/ F5\ E6/ A6+ F7\ G7\ B7+ E8+ B8\ B9\ F3+ G3/ H7\ I5+ C0\ B1\ A2\ @2\ A1\ D0+ E1/ F2+ C0/ A0+ @2\ F1/ G1/ D0/
Trax_2781119 marlisam vs. Rogue Trooper : @0/ A0+ @2\ B0/ B0/ B5/ C5\ C6\ D4/ D3/ A2\ E6\ E7\ E1/ F2/ D0/
Trax_2781184 birddog8560 vs. Phil The Hat : @0/ A0/ B2/ B3/ @1/ @1+ B0\ @2/ C0/ F5\ F6\ F7\ @3+ D0/
Trax_2781184 birddog856 vs. Phil The Hat : @0/ A0/ B2/ B3/ @1/ @1+ B0\ @2/ C0/ F5\ F6\ F7\ @3+ D0/
Trax_2782898 Traxplayer vs. csain1 : @0/ A0/ @1/ @1/ D1/ C3/ C0+ A3/ @3/ A4/ @4/ A5/ @1\ C0+ @2+ A1\ E7+
Trax_2784698 Rogue Trooper vs. * : @0+ @1+ B0/ A1\ B0/ B4/ C2+ D3/ C4+ C0\ C0\ D1+ E3/ E5+ @5/ C7+ E7+ D8/ G5/ H5/ B8/ C9/
Trax_2784780 Masonsmith vs. jaha : @0/ A0/ A3/ A4/ B4/ B1/ @1+ C0/ @4+ C6/ E5+ F4\ F0/ G4+ RESIGN
Trax_2786351 kaki68 vs. B Line electric streetcar : @0/
Trax_2786502 Rogue Trooper vs. Sea Breeze : @0+ A0/ B1\ A3/ @1+ A3/ B4+ C4\ @3/ @3/ E5\ @3/ G4+
Trax_2787604 Dragon101 vs. jazzbeth : @0/ @1/ A0/ @2+ B3+ D3/ A0/ @2+ F4/ C1/ B0/ @2+ C0+ @1/ B0+ B0/ B0/ A2+ @2\ G6/ H8+ F10/ I6/ G5/ J8/
Trax_2788208 dgb vs. firefly : @0+ B1/ @1/ C0/ C0/ A2+ A0+ B0+ C6/ D2\ E1/ D0\ E7\ C8/ F3\
Trax_2788585 Dragon101 vs. Chester : @0/ A0+ B1\ C2/ D2/ A0/ E2+ C4+ D5/ B5+ F2/ E0/ E6\ F7/ @2/ @3\ A1+
Trax_2789903 dgb vs. * : @0/ A2\ B2\ C2\ D2+ B3+ C4/ B5\ A4+ @3+ E3+ E1/ E6\ F4+ B6/ D0+ D8/
Trax_2789965 ypercube vs. dawn1968 : @0/ @1/ B0+ @1/ A0/ B1+ @2\ A1+ E2/ F2/ E3+ D1+ F0\ E1+ G4\ G5\ G1/ F0/
Trax_2791066 dgb vs. firefly : @0+ @1+ @1\ A0\ B0\ C2+ C4+ B0\ A1\ @2+ E4\ C0+ E1+ F6/ D7+ F7\ F8+
Trax_2791079 Dragon101 vs. Horsemadash : @0/ B1+ C1/ B0+ B3+ A1+ B0+ C1+ B0+ A1/ @3+
Trax_2791652 * vs. rabbitoid : @0/ A0/ B1+ @1/ @1\ A0\ B3/ B4/ B5/ C1/ @3+
Trax_2791695 golfnutrof vs. Rogue Trooper : @0+ B1+ A0/ B3\ C3+ D3/ D1\ E2+ C0+ D1+ F1/ D0/ F4\ G4\ D0/ G4+ H4+ F6+ E7+ @5/ G1/ H0\ I4+ J5\ I7+ D8/ B8/ F9/
Trax_2791768 Traxplayer vs. JiffyJeff : @0/ B1/ B0\ A3+ @2\ A1\ @1\ B0/ D1/ E2\ B0/
Trax_2793812 lhh61 vs. klaashaas : @0/ A2/ B1\ A0/ @2+ @1/ B0+ C5/ C6/ D5/ B7/ A5+ @3+ E7\ C8/ F6\
Trax_2795438 dgb vs. firefly : @0/ @1/ A2/ A3/ @2+ C0+ D3+ E3/ F2\ E4+ F1+ D0+ B1+ D0+ D7+ B8+ G4\ E8/ E9/ F7+ F10+ G10\ H10+ F11+ H6+ I6\ H3/ F2/ I5/
Trax_2795450 Klu vs. Sista : @0+ @1+ B0/ @2+ C3+ @2+ E2\ D4/ C4/ B1\ A3+ @3\
Trax_2796031 spitfire vs. goldfreckles : @0/ A2\ B2\ C2+ D2/ D1/ E1/ B0+ B4/ D4+ C5\ @2\ E6\ F6\ G6\ C6/ C7/ B5/
Trax_2797470 rogerrabbit vs. spitfire : @0/ @1\ A0/
Trax_2797687 spitfire vs. B Line electric streetcar : @0/
Trax_2799653 rabbitoid vs. drgnrdr : @0/ @1/ A2+ C1/ B3/ D3+ B4/ B5/ D6+ E4/ F4/ D0/ E2+ G5/ G3+ D8+ @5+
Trax_2799709 Oartkickel of the Wolf Pack vs. * : @0/ B1\ A2/ A3/ @1\ B0+ C3+ B5/ @2\ D6\ A6/ B7\
Trax_2800271 dgb vs. YankeeFan : @0/ B1+ C1/ A2/ A3/ A4+ A5/ @5+ D3+ E2\ D5\ E5\ C6/
Trax_2800272 YankeeFan vs. dgb : @0/ @1/ A2+ C1+ B0/ B4\ @3/ A2+ B4+ E2+ C5+ D5\ E5\ E6\ F3+ G3\ H3\ H7+ I7\ I8\ J8\ F8/ H2/ H9/
Trax_2801238 DINGEROO vs. YankeeFan : @0/ A2+ B1/ B3+ A0\ @2/ C0/ D1/ B0\ A3\ @4/ E6+ F4\ D7\
Trax_2801345 dalkelly MIA vs. supermac : @0/ B1\ A2/ @2/ C2\ A3/ C3+ A4/ A5+ @1\ A0\ @5/ B6+ F3+ C1/ A0/ D2/ @1\ A0\ @5+
Trax_2803056 ypercube vs. basplund : @0/ @1/ A0/ B1+ B3/ C1\ @1\ B0/ B0/ B0/ @5/ C6/ @4\ B3/ F7+ G5/ F3+ A3\ B2+ D0+ D9/ C9/ B9/ @5/ H2/ I6/ G1/
Trax_2803059 jaha vs. dgb : @0/ @1/ A0/ @2+ D2/ D3+ D1+ C4/ C0\ A4/ A5/ C6\ D6\ @5/ A6/ A7+ @3\ A2\ A1\ F7\ G6/ E8/
Trax_2804743 YankeeFan vs. goldfreckles : @0/ A2\ B1/ @1/ B0+ D1\ B0+ C4+ B5+ B6/ @6+ A3+ C0+ A8/ @8/
Trax_2807476 Dragon101 vs. stormy rebel : @0/ A2\ B1/ A0/ @3\ A0/ @3/ D2/ @4\ F3/ C5+ D1/ @1+ F1/ A5/ A6/ @4\
Trax_2807565 stormy rebel vs. violet unicorns : @0/ A2/ A3/ B1/ C1\ C3/ B0\ A5/ @3/ A4/ C6/ A5/ E3/ D1/ D0\
Trax_2807569 stormy rebel vs. violet unicorns : @0/ A0/ B1/ B0/ @3/ C0/ C0/ D1/ B0/ C1/ D1/ E1/ E0/ E0/ C0/ D1/ E1/ A0/ B1/ C1/ D1/ E1/ A0/ B1/ C1/ D1/ E1/ F1/ F0/ A0/ C1/ A0/ F15\ B1/ E2/ C1/ G15\ G14/ H15/
Trax_2809410 stormy rebel vs. violet unicorns : @0/ A0/ B1/ B0/ B4\ C3/ A0\ @1\ A5/ A6/ D3/ D5+ @6\ A5\ B4+ A4\ A1\ C6\ @2\
Trax_2810059 Rose of Sharon vs. Marko : @0/ B1\ A2/ A3+ B2\ @3\ B4\ C4\ D2/ E2+ E1/ D0/ F3\ D6\ C6+ A1\ C0/ @3\
Trax_2811609 YankeeFan vs. SweetCindyJo : @0/ B1\ A2/ @2+ D1+ D2+ E1/ E0/ B1+ D4+ C4+ E4\ F2/ D5/ G4\ G5\ E6/ E0/ @4/ A3+ B1+ A0\ @2\
Trax_2813361 spitfire vs. goldfreckles : @0/ A2\ B2\ B3+ A0\ @3\ A5/ @5/ D5\ B6+ E3\ E2+ D0/ E2+ F2/ F1/ F6\ E7/ D8\ A3\ A2\ F7+ G5/ F4+ G2/ E0+ H6/ G5+
Trax_2813373 Phil The Hat vs. Rogue Trooper : @0/ A0+ A3+ B2\ A4/ @4/ @4+ B2+ @4+ D0\ B2+ A1/ C0/ E2+ E6\ C7/ @1\ C0+ @3/ B4+ A5\ @5\ B1/
Trax_2815016 aubug vs. drgnrdr : @0/ @1/ B0+ @2/ A3/ C4+ B5+ D3+
Trax_2815027 Sea Breeze vs. * : @0/ B1\ A2/ @2+ A0/ @3+ B0\ A2/ B0\ @5+ E3/ F3/ F2\ @5+
Trax_2816693 kaki68 vs. spitfire : @0/ B1\ A2/ @2+ C2\ C3\ B0/ D1/ C0\ @4\ F3+ B5/ E6/ @5/ A6/ B7/ H3\ @6/ B7/ A7+ C8+ A8+ G1/ F0\ A4\ @4\ J2/ K2+ I1/
Trax_2817635 spitfire vs. nisqually : @0+ @1+ B2/ B0/ B0/ @3+ B1\ A0/ C1+ @3+ D0\ E3+ @2\ B1/ G5\ G6\ E7/ A1\ A0\ B6+ C2+ H6+ A6/ @4\ C7\ C8+ @5+ D9/ D1/ C0\ @5/ C4+ B4+ B3+ B8/ A8/ @8/ B3+ B2\ A4+
Trax_2817736 Rose of Sharon vs. spitfire : @0+ B1\ @1\ A0+ B3/ @2/ C4/ B0+ A4+ A2\ @3/ C0\ A2\ @4/ B6+ F7\ G6/ D7/ D8/ D9/ A7/ @7/ F8+ D8/ C9\ A5\ @7/ A10/ @10/ F10\ E11/ E12/ D11+ F12\ G12\ E13\
Trax_2817821 Senorita ZORRO_ vs. spitfire : @0/ A2\ B2\ B1+ C2/ C3\ D3\ C1/ A3/ B4\
Trax_2818018 aussielady vs. spitfire : @0/ B1\ A2/ A3/ @2+ B4\ C4\ A0\ @1\ A4/ A5/ C6\ C0\ @6/ A8+ A4\ @5/ B2\ A2\ A8/ @7+ A9/ @7/ F9/ D1+ D0/ H1+ I3/ G0+
Trax_2818179 YankeeFan vs. ypercube : @0/ @1/ B0+ B3\ C2/ B0\ C4\ D2\ C1+ @4\ A5+ @1+ A0\ @1\ C0/ A5/ @3+ B6\
Trax_2819808 Buz vs. spitfire : @0+ @1/ B0+ C2\ A3/ @3+ B4+ A4+ @2/ F4\ F5\ F6\ D5\ G3/ H4+
Trax_2819841 McStack vs. Traxplayer : @0/ @1/ A0/ @1/ B0+ B4\ D3/ C4+ E3/ E2/ @1\ B0/ @3/ A4/ @3\ I5+ H6\ G1+ G0\ I2/ J2/ H1/
Trax_2819871 jazzbeth vs. csain1 : @0/ A0/ B1+ A3+ C2+ B4/ A5\ @5/ C6/ A1\ B7/ A0/
Trax_2819950 Rogue Trooper vs. ypercube : @0+ @1\ B2+ @1\ A0+ A0\ B1+ D3/ B0+ D1/ E4/ A5/ @4/
Trax_2820042 YankeeFan vs. dawn1968 : @0/ A0/ B1+ A3/ C3+ C4\ D4\ D5\ E3/ E2/ E1/ E6/ F6+ @3/ D0+ H3+ D8+
Trax_2821524 Chef Jeff 1 vs. JiffyJeff : @0+ @1\ B2/ C1+ C0\ @2\ A0+ D4\ C5+ E3+ E2+ D1+ C0/ F4\ D1+ E1/ F2+ C0+ E1/ C0+ F2+ E8/
Trax_2822009 Phil The Hat vs. JiffyJeff : @0/ B1/ B0\ @2/ @2+ C1+ @2\ D3\ D4+ D5/ A3/ @2+ E0\
Trax_2825241 Traxplayer vs. JiffyJeff : @0/ B1/ B0\ A3+ C2+ @3\ B4\ E2/ C5+ A4+ @4/ A5/ @4\ B6+ @5+ A6/ A7+ @7/ F7+ D8/ H7\ I5+ H8/
Trax_2825337 marlisam vs. jazzbeth : @0/ @1/ C1+ C0/ C0/ C0/ D3\ B5+ D5+ B1+ E4/ A1/ @4/ D0+ G5\ F6+ G6+ G7+ G8/ F8/ H6/ C7+
Trax_2825362 klaashaas vs. rabbitoid : @0/ A0/ B1/ A0\ @2/ C0/ D3/ E3/ F2+ F1+ G1/ F3+ E0/ D6+
Trax_2827055 csain1 vs. drgnrdr : @0/ A0/ A0/ B2+ B4+ C2/ C0+ @5\ D0\ B2+ C0+ A2+ E2\ C8/ @4+ B0\ A1\ @4+ B9/ A6+ C10/
Trax_2827138 washie224 vs. spitfire : @0/ A2\ B2\ C2\ A3/ @3/ B0\ A1\ @4/ C0/ D2+ E6\ F5/ B0\ A3\ E3/ D2/ G4/ G3/ B4+ @5/ I5\ I6\ I7\ E8/ F9/ B1\ A1\ A4\ @5/ G1/ F0\ B7/ F0/ D10+
Trax_2827958 DavidTrax vs. ypercube : @0/ @1/ @1/ B0/ @1/ E2\ C3+ D4/ D5/ B4+ A0\ @1\ A0\ B6+ A3+ @2/ B4+ @1\ A0\ A0\ E10+ D10/ C10+ B6/ C11\
Trax_2828717 Rogue Trooper vs. golfnutrof : @0+ @1/ B2\ B0\ @3\ @2+ D4+ E2+ A0+ B0\ @3/
Trax_2828718 Rogue Trooper vs. dawn1968 : @0+ @1/ B0+ B3/ A3/ C3\ A4+ B5/ C5+ B0\ A1\ @3+ B0+ D3/ B0+
Trax_2828721 jaha vs. Phil The Hat : @0/ @1+ B0+ B0/ A4/ A5+ B0/ A2+ B0/ @3\ A5+ C0/ D4+ E1+ E0\ A1+ @4+ G4\ F5+ A6+ @6\ D10+ D11\ I3/ I2/ I5\ J3+ G6\
Trax_2828810 ypercube vs. dgb : @0/ @1/ B2/ C1+ B3/ B0\ D2/ D3+ E2/ F2/ E4+ G4+ H3\ B5/ E6+ G5+ H1/ I1/ B0\ H1+ G0/ A8/ C9+ E3+ @8\ A7\
Trax_2829343 MountainMist vs. Marko : @0+ B1\ A0+ @2/ C3\ D3\ C4/ C5/ B5/ B6/ A6/ @6+ A7/ F6+ F7\ F8+ G8\ F2/ G2+ E1/
Trax_2829624 Chef Jeff 1 vs. JiffyJeff : @0+ @1/ B0+ B0\ A1\ @3/ C4\ D3+ D2/ E3\ C5/ A5\ F3\ E1+ E5+ D6\ C6+ C0+ G5+ H5+
Trax_2830707 YankeeFan vs. Dragon101 : @0/ A0/ B1+ A3/ C1+ A0/ @1+ @2\ C5+ @2\ A0\ @1\ A3+ A6/ @4\ E7+ D8\ H5+ @4\ I7\ H8\ J7/
Trax_2832303 * vs. DINGEROO : @0/ B1\ A2/ @1+ @2/ A3/ D2\ C3/ C4/ @2\ A1\ @3/ C4/ D5\ A0\ @1\ C1+ @1/ B2+ G7\ H5+ A3\ A0/
Trax_2835752 * vs. ypercube : @0/ B1/ B2\ C1/ @1\ C0+ @2\ B3+ C4+ @3/ B4+ @2\ B1+ B0\ A1\ E1/ D2+
Trax_2836032 Dragon101 vs. YankeeFan : @0/ A0/ @1/ C2\ C3\ C4\ B3+ C0+ D1/ E1/ D0\ D0\ C1\ B1\ B8/ A7\ E8\ A8/ C9\
Trax_2836034 YankeeFan vs. jazzbeth : @0/ @1/ B0+ @1/ C0+ C0+ C0+ A3\ B6+ @3/
Trax_2836072 dlouise vs. dgb : @0+ B1+ B2/ A0\ @1/ B0/ C2+ D2/ C1/ C0/ D2/ A1\ @2+ B0/
Trax_2836548 Jane vs. Marko : @0/ B1\ B2\ A2+ A0/ C3\ C4\ @3\ C0/ E5\ A1\ D6+
Trax_2836686 Jane vs. Marko : @0/ A2\ B2\ B1+ A0+ B4\ C4\ D4+ D5\ @4/ B5+ C6+ C1/ F5+ A1/ F1+ D0\
Trax_2836695 Jane vs. Marko : @0+ A0+ A0+ B1\ @2+ A1+ @2+ B0/ C5/ A4\ C0\ @4\ A3\ C0/ E1+ F4\ C7/
Trax_2837521 ypercube vs. * : @0+ B1\ @1\ A0\ B3/ B4/ @4+ E2\ D1+ F2\ G2\ G5+ H3/ C6/ B6/ @4+ I0+ E8+ J2+
Trax_2839336 YankeeFan vs. Dragon101 : @0/ A0/ B1+ C2/ @2/ D3+ B4+ @3\ B0+ B0/ @6+ A7/ C0/ A3+ @5+ A8+ @8\ C9/
Trax_2839960 dgb vs. JiffyJeff : @0+ @1/ C1/ C0/ C0/ A2+ A0+ @1+ A0\ C1+ E2\ B6+ F1/ D0+ F6+ F7+ G3\
Trax_2840388 Horsemadash vs. dgb : @0+ B1+ @1/ A2/ C2\ C3/
Trax_2840587 Izeul vs. dgb : @0/ @1/ B2/ C1+ C0\ B4\ A0\ @1\ B5+ B0+ C7+ D7\ E5/ D1/ E1+ C0/
Trax_2840612 Izeul vs. dgb : @0/ B1\ A2/ A0/ B3\ A4/ @3+ B0+ D3\ E3+ D4+ D5\ B6/ B7/ E5+ F4\ G3/ G2/ D1+ A0/ @2+ @3\
Trax_2841016 Rogue Trooper vs. lhh61 : @0+ B1+ A2\ B0/ C1+ D1\ C3+ C4\ E2/ D5/ A4+ @2+ A5\ B6/ E6+ G3+ H4/ I3\ H2+ D7+ D8/ A8/ B9/
Trax_2841170 basplund vs. JiffyJeff : @0/ B1/ C1\ C2\ D2\ D3/ A0\ @2/ E1/ F2+ C0/
Trax_2841971 MountainMist vs. Marko : @0/ A2\ B1/ C1+ D1\ D2\ E2\ B3+ E0/ F3\ E5+ @2/ H4+ C1+ D0+ I6/ H7+ H8/ H4+ B1+ G2+ F7+
Trax_2842276 zarmonster vs. dgb : @0+ B1+ B0/ A3\ B0\ A2\
Trax_2842482 zarmonster vs. dgb : @0/ @1/ B0\ @2\ B3\ B1\
Trax_2843187 Chef Jeff 1 vs. JiffyJeff : @0+ @1/ B0+ C2+ B3+ B4/ @4+ D3+ E3\ A5/ @5/ B6+ D5+ E4+ F2/ G2/ F1+ @5+ H3+ A3\ B2\ @3/
Trax_2844473 keops vs. marlisam : @0/ B1\ A2/ @2\ B3/ @3/ C4/ @2\ A1\ @3/ C4/ C5/ @1\ A0\ H2/ G1\ H3+
Trax_2844600 SweetCindyJo vs. jazzbeth : @0/ @1/ A2+ C2/ B0+ A4/ D3/ @2/ D1/ @4/ B5\ A1\ F4\ @3\
Trax_2846091 golfnutrof vs. Dragon101 : @0/ A0/ @2/ @1+ C0/ D1/ A0+ @1\ F3+ C5/ F6\ G3\ G6+ E7+
Trax_2848746 marygal vs. heyred72 : @0+ @1+ B2/ B0/ A1+ @2+ D1/ D0/ @3/ A4/ C5\ E4+ F2/ @4+ B5/ D6\ C2\
Trax_2848864 heyred72 vs. marygal : @0/ B1\ A2/ B2+ C2\ A3/ B4\ @2+ B0+ D5\ E4/ D2+ B0+ B0\ A1\ @2\ B0+
Trax_2849011 spitfire vs. Rose of Sharon : @0/ @1/ B0+ C2/ C0/ D2\ @2\ C1\ D0/ E2/ F2/ @4+ @4/ B5\ A6/ D5+
Trax_2849099 pepperbeach vs. marygal : @0+ @1+ A0+ @2+ B0+ A2\ C1/ D2\ @3+ B4\ B0\ A1\ @1\ A0\ B6+ @2+
Trax_2849121 marygal vs. pepperbeach : @0/ A2\ B1/ B0/ A0+ B0/ @3+
Trax_2849340 jazzbeth vs. YankeeFan : @0/ B1+ A2/ @2/ D1/ @1\ B0/ D4\ E4\ F2/ F1/ G4+ G5\ B5\ H3+ H5\ D5+ H6+ I5+ A5/ I1/ B6/
Trax_2849829 nisqually vs. YankeeFan : @0/ B1+ B0+ C2\ A3/ @3/ A4/ @2\ B1/ E5\ F4/ B6/ A6/ @6/ E0+ D8+ @4+ B2+ E9/ D1+ @5\
Trax_2850272 basplund vs. JiffyJeff : @0/ B1/ A2+ A3+ @1\ B0/ B0+ C2+ B0/ D3/ A1\ A0\ C3+ A4\ @3/
Trax_2851069 SweetCindyJo vs. balmoral : @0/ B1\ B2\ C2+ C3+ B0\ B4/ A4/ @3/ A1\ A4+ A0/
Trax_2851405 Chef Jeff 1 vs. JiffyJeff : @0+ @1/ A0+ C2+ @2/ B3/ A3+ @3+ B4+ C0\ A1+ A5+ B6+ A0\ @1\ B0+ D1+
Trax_2852268 dgb vs. kbalakri : @0+ B1+ C1/ D1/ D2/ D3/ @1/ C2+ E4/ B2/ F3\ E5/ A2+ @2/ @2/ C0/ I3/ D4+ J3/ F1+ D0\ I3+ H2+ J6+ K5\ L4\ D0/ F2+ K4+ I9\ J9\ K8\ L8+ J10\ K10\ M10\ L11/ F11+ E11\ G12+
Trax_2856687 klaashaas vs. JiffyJeff : @0/ B1/ A2/ @2/ @2/ D3\ E3\ B4\ @1\ B0+ A5/ B6+ @4\
Trax_2857590 basplund vs. supermac : @0/ A2/ B1+ @2/ @2/ E2\ E3\ D3+ B4\ @4+ B5/ A2+ D5\ B6/ A6/ @3/ E0/ F6+ A1\ @2\ B0/
Trax_2862320 aubug vs. SweetCindyJo : @0/ B1\ B2\ C2+ B0+ C4/ C5/ A3+ D2\ C6+ D4+ E2/ E1+ E4\ D0+
Trax_2862340 ypercube vs. Rogue Trooper : @0/ A0+ A0+ @1/ C3/ B4+ @1/ A0+ A0/ @3/ @3/ B1+ E1/ E0/ F2+ G6/ A7/ @4/ H8\ I8\ C8+ D9/ A7+ @4/ A1+ @1\ A0\ @4+ E1/ F1\
Trax_2862374 balmoral vs. jazzbeth : @0+ A0/ A3\ B1/ C2+ D3/ B0+ A0/ @1+ B0+ D3/ E3/ F3/ C1+ G3/ G6\ D7+ H5\
Trax_2863034 basplund vs. JiffyJeff : @0/ B1/ B0+ B0/ @3/ B1+ D2\ D4+ E4\ E2+ C0/ @2\ A1\ C0/ D7+ F7\ A7/ @5\ C8/
Trax_2863647 csain1 vs. YankeeFan : @0/ A0/ A0/ B1+ C3\ B4/ B5/ D2\ C5\ C6\ D5+ E5/ A5/ A6/ D7/ @5+
Trax_2863858 andy99 vs. Linda Sue : @0/ A2\ B1/ C1/ @1\ A0\ C3+ E2/ F2+ C1/ B0/ E2\
Trax_2864237 dgb vs. MountainMist : @0+ @1\ C1\ A0\ A0\ A0+ A0\ @1+ D3+ E5\ D1/ D0+ E2\
Trax_2864238 MountainMist vs. dgb : @0+ B1+ A0/ A3/ @3+ @3\ D3+ A1\ A0\ @3\
Trax_2864239 dgb vs. Kituku : @0+ @1+ C1/ @1+ A2+ A0/ A0/ A0/ @4/ D1/ C0\ A4+ @5+ F2+ F6/ C7/ G4+
Trax_2864240 Kituku vs. dgb : @0+ B1+ A2+ @1+ B3+ B0/ A1+ @2+ B3+ E2+ F2/ F1/ D0\ G2+ H3/ H4+
Trax_2864241 dgb vs. ypercube : @0/ @1/ B0+ B0/ B4+ C3\ B5/ @4\ @3+ E5/ D6+ F3+ F2/ F1+ G3+ F5+ E0+ E8/ B7+ A6/ F9\ RESIGN
Trax_2864242 ypercube vs. dgb : @0/ @1/ A0/ @2+ B0/ B4\ A0\ @1\ @1+ C0+ B3+ E4+ F4/ G3\ F5+ H4+ I4/ G6\ D7\ G2/ H3+ C7+ C8+ B8/ B9/ @3/ A4/ A5/ H7\ E0/ F1/ A7/ RESIGN
Trax_2864243 dgb vs. basplund : @0/ @1/ A2/ B3/ B0+ @3+ D1/ D0/ B1+ @1/ B0/ A4/ A0\ @1\ C0/ D1/ G5\ RESIGN
Trax_2864244 basplund vs. dgb : @0/ @1/ A0/ @2+ B0/ B4\ B5+ B6/ A6/ A7/ @4+ D7\ B8+ E3\ D5+ E5+
Trax_2864247 MountainMist vs. ypercube : @0/ @1/ B0+ B3+ B0/ @2/ D3+ D1/ E2/ A1\ A0\ @3\
Trax_2864248 ypercube vs. MountainMist : @0/ A2/ B2\ A3/ @3/ @1\ B0+ A1\ A0\ @3/ A5/ @3/ C6/
Trax_2864249 MountainMist vs. basplund : @0+ A0/ B1/ B3/ C2+ D3/ B0+ A0/ @2+ B6\ A5/ @2/ E7+ D0\ E2/ F2/ G2+ E1+ @5+ C7/
Trax_2864250 basplund vs. MountainMist : @0/ A2+ @2+ B3/ @2+ D2\ C4/ E2+ @2/ B3/ A3+ B4+ B5/ A4/ E5\ F5\ D6/
Trax_2864251 Kituku vs. ypercube : @0+ @1+ A2+ B2+ A3+ B3+ B4+ A4+ A0+ B1+ A0+ B1+ A0+ B8/ A0/ B1/ C2/ D2+ C1/ D4\ E4\ @4/
Trax_2864252 ypercube vs. Kituku : @0+ @1+ @1\ A0\ A3/ @1+ B4/ E2+ A0/ A4/ @2/ A4+ E1/ E0/ F5/
Trax_2864253 Kituku vs. basplund : @0+ A0/ A3+ B3/ @2\ @1/ B3+ C4/ A0+ A0/ @3\ E1/ F3+ E0\
Trax_2864254 basplund vs. Kituku : @0/ B1\ A2/ B2+ @2\ A1+ @1\ B0\ B0\ A1\ D1/ E4/ C0/
Trax_2864255 ypercube vs. basplund : @0+ @1+ @1+ @1+ C0/ C3/ C0/ C0/ C0/ E3+ B1+ B0\ B0\ A1\ @1+ D0+ E3+ F2+ G2/ A5+ @3\ @4+ J3+ H0+ I7+ K3/ J2+ D1\ D0\ C2/
Trax_2864256 basplund vs. ypercube : @0/ @1/ C1/ C2/ D1/ A0\ @2/ A3/ @2\ A1\ D0+ E5+ B1+ @2+ B5+ @2/ A1/ B0\ A0/ F8+ I7+ H8\ I3/ @3+ I2/
Trax_2864501 DavidTrax vs. ypercube : @0/ @1/ B2/ A2+ C1\ B3/ @1/ @1/ B3+ E3\ E4\ @3\ B4\ C5+ B0+ A2\ @5/ C6+ A2\ @2+ C1+
Trax_2865152 drgnrdr vs. goldfreckles : @0/ B1\ A2/ B0\ A4\ B4\ B5\ C2\ D4+ D2+ D6\ E4\ A6/ RESIGN
Trax_2866795 spitfire vs. birddog8560 : @0/
Trax_2866897 dawn1968 vs. YankeeFan : @0/ A0/ @1/ B0+ @2/ D1/ C4/ D4+ E2\ B4/ D5\ E5\ E6\ B7/ A6\ F5+ E1/ E0+
Trax_2867555 dgb vs. Izeul : @0+ A0+ A3+
Trax_2868359 klaashaas vs. jaha : @0/ A0/ A3/ A4/ B2/ C4+ A5/ A6+ @4+ E2/ C1/ E6\ E7/
Trax_2868365 Oartkickel of the Wolf Pack vs. Linda Sue : @0/ A2+ @1\ A0\ @2\ D2\ A3/ @3/ C4+
Trax_2868388 Phil The Hat vs. kbalakri : @0/ A0/ B2/ B3/ B4+ C4\ A4/ B5\ D3+ B6/ @3+ @3/ B5+ G2\ A2/ @2/ D0/ H2/ I2/ F7/ G0+ I0/ J1+ H8\ I6/ G9\
Trax_2868393 * vs. dalkelly MIA : @0/ B1\ B2\ C2\ B0+ B4+ A4/ @4+ C5+ @2\ A1\ A4/ @2+ A0/ C2+ @1\ C0\ E1/ E0/ G3+ H6+ A5/ @5/ I2+ D1+ E0+ E9+ F10/ J5+ I2/ H1+ F0+ B9+ J2/ A6+ K2\
Trax_2869785 Dragon101 vs. ypercube : @0/ A2/ B2\ B3\ B4\ C1\ C4+ C5\ C6\ B5+ D1+ B0\ @1+ F4/ D0\ B1\ E0/ F3\ B1\ A1/
Trax_2871006 marygal vs. heyred72 : @0+ @1+ C1\ C2\ @1/ A2/ B3/ @2+ @2\ B0\ D5\ F4/ A1\ @1\ C4+ G5+ B4/ A3\ @1\ F6\ C5+ B0+ F1/ A3+
Trax_2871084 pepperbeach vs. marygal : @0+ @1+ A0+ @2+ D2\ @2+ A3\ A1\ A0+ @1\ G3/ F2\ A0\ A4+ @2+ G5\ A4/ E6+
Trax_2872991 heyred72 vs. marygal : @0+ B1+ B2/ B0/ C1+ B4\ C4\ D2/ @3\ F3+ E5\ C0\ B1\ B5+ G4+ B0\ A2/ @3\
Trax_2873921 Dragon101 vs. * : @0/ A2\ B2\ B3+ B4/ @2\ B0/ D5/ @1\ A0+ A6+ @3/
Trax_2875105 marygal vs. pepperbeach : @0+ B1+ A0/ A3/ @3/ D2/ C3+ C4\ D4\ E4+ C5+
Trax_2875775 dgb vs. Chef Jeff 1 : @0+ @1+ @1\ A0\ B0\ @2+ C4/ A1\ @1\ C0/ A5/ @3\ C6/
Trax_2877754 basplund vs. JiffyJeff : @0/ B1/ B0+ B0+ C3/ @2\ A1\ C0+ E4/ A1+ @3+ @3\ G2/ H1\ C0/
Trax_2877837 Beccagirl vs. Chef Jeff 1 : @0/ B1\ A0/ B3/
Trax_2878445 Rogue Trooper vs. game_77 : @0+ B1+ A0/ B3\ B4\ C2/ D2+ @2\ D0/ E2+ A1\ C0+ @2/
Trax_2878562 keops vs. spitfire : @0/ B1\ A2/ @2+ B3/ @3/ C4/ D3+ C5/ A5/ A6/ B0\ A2/ @4/ B8\ C8\ A7+ A8/ @8/
Trax_2880765 basplund vs. JiffyJeff : @0/ B1/ B0+ C1/ D1/ C2+ E1+ D3+ E4/ F1/ D0/ C4/ G1\ E0\ G0+ H1/ B1+ D0\ A3+
Trax_2881203 kbalakri vs. dgb : @0/ A0/ B2/ B3/ @1/ B0/ B4+ B5/ C1/ B6/ D3+ E2/ F2/ A4\ @4/ A3+ @3/ A2+ @3/ A4/ F0/ B0+ A2\ @2\ A1\ A0\ @1\ D0+ B8/ G2/ F1+ B0\ E10+ @6+ B8+ G12+ E11+ D12+ B12+ A11/ D13+ B13/ B14/ RESIGN
Trax_2881537 SweetCindyJo vs. Sassy Lassie : @0/ @1+ @1\ C0/ D1/ D0/ B4\ C5+ E1\ C6+ E2+ C7+ C8+
Trax_2882212 YankeeFan vs. spitfire : @0/ A2\ B1/ B2+ C2+ B3/ A0\ @1\ A3+ D4\ D5\ E2/ E1/ D0\ A6/ B7/ @6\
Trax_2883108 McStack vs. drgnrdr : @0/ A0/ B2/ A3/ @1+ @3\ A4\ A1\ A0\ A0+ @3+ A5+ E6+ F6\ F7\ G5/ C7/ @5/ F8/
Trax_2885445 DINGEROO vs. Marko : @0/ A2\ B1/ B0+ @3/ B4\ D1\ A1\ @3/ B0/
Trax_2886131 Traxplayer vs. rabbitoid : @0/ A0/ @1/ C2+ D1\ D3/ D0/ E1\
Trax_2886150 klaashaas vs. lhh61 : @0/ @1/ A0/ A0/ C3/ D3/ A4/ C5+ @3+ D2+ @4\ @4\ H3/ G1\ D6/ C6/ F6\ D7+ A2+ G7\ D8\ A7/ @2\ A7\
Trax_2886178 spitfire vs. tburgoon : @0/ B1\ A2/ @2+ C2\ C3\ D1/ D0/ D5/ @3+ @3/ A4/ @3\ B2/ C1\ @3+
Trax_2886186 supermac vs. golfnutrof : @0+ A0\ @1\ @2\ A3+ C3\ C4\ D2+ D1+ D0/ E1/ B0+ E6\ F4+
Trax_2886223 dawn1968 vs. keops : @0/ A0/ B2/ B3/ B1/ B4/ C4\ C5\ D4/ E5\ E6\ E3/ A4/ F3\
Trax_2887862 balmoral vs. SweetCindyJo : @0+ B1+ A2\ B0/ A1+ @2+ D2\ E2/ B0\ E2/ E1/ A1/ D0+
Trax_2889432 csain1 vs. jazzbeth : @0/ @1/ @1/ B0\ D2/ B3+ E2+ B0+ A1\ @1\ B5/ A5/ @2+ D0+ C0+ A2+ @4/ A8/ C8+
Trax_2889595 basplund vs. YankeeFan : @0/ A0/ B1+ A0\ @2/ B4+ A4\ D4\ D5\ E3/ E2/ F2/ F1/ E0+ F7+ G4+ H7+ H3+ C0+
Trax_2890422 nisqually vs. YankeeFan : @0/ A0/ B1+ A3+ C1+ @3\ E1\ E2\ F2\ F3\ C4/ D4+ B5\ A5/ @5+ C6/
Trax_2891285 * vs. ypercube : @0+ A0+ A0+ A4+ A5+ @5\ C5\ @4/ C6+ A3\ D3/
Trax_2891478 basplund vs. JiffyJeff : @0/ B1/ B0+ B0+ @3/ B1+ B0/ B0/ B0/ A2/ @3\ @3+ @3/ B2+ E0/ G2/ A1\ @4/ B0/
Trax_2891948 DavidTrax vs. ypercube : @0/ @1/ C1/ D1/ B2+ A0+ @1\ E0+ F4\ F5\ G3/ F2+ A1\ A0\ @4+ @1/ @1/ G1+ D0+ B4/ D6+ E7+ E8\ G7/ I8\ E9\ F8\ G9+ D8+ C7+ @2\ C1+ G10\ H11/ I10+ A3/ @4\ @4\ N5+ M3+ N9+ O6+ M11\ K12+ N10\
Trax_2893012 jaha vs. Traxplayer : @0/ @1/ A0/ @1/ B0/ B4\ A4\ @1+ B0\ C0\ @4+ D7+ B6+ C8+ @5+ F2/ F7+ E0/ F2+ G2/ G1/ H1/ E0+ H4\ G5+ I3\
Trax_2894704 Geri39 vs. SweetCindyJo : @0/ A2\ B1/ B0+ B3\ C3\ @3/ B4\ D2+ A1\ A0+ @3/
Trax_2896401 Dragon101 vs. jazzbeth : @0/ @1/ A2/ B3/ @1+ A0\ @1\ D0+ C0+ @3\ A0+ @1\ D0/ E2+ A1\ B7/ @2+
Trax_2898096 ypercube vs. rednose426 : @0+ B1+ C1+ D1+ C0/ D3\ C0/ E3/ F2\ D0\ G5\ @4\ H6/
Trax_2898097 rednose426 vs. ypercube : @0+ A2+ A3+ A4+ A0+ @2\ C2+ @1/ C0\ D1/ B4+ E3/
Trax_2898098 ypercube vs. golfnutrof : @0+ A2/ A0\ @1\ A0\ @1\ D4/ E4/ F4/ D2+ F5\ G4/ A5/ @3+ D6/
Trax_2898099 golfnutrof vs. ypercube : @0+ A2+ A0+ A4+ A0+ @2\ C1/ @1/ C0+ A4/ @4/ E4\
Trax_2898100 ypercube vs. dgb : @0/ @1/ C1/ D1/ C0+ D3+ C4+ B5+ E3\ E4\ C0/ C0/ C0/ F6+ @4\ A3\ C9\ @4+ @5\ H3+ J6/ K5\ J7+ I1/ G0+ J3\ K3\ J1+ B3/ A4+ F1\ J0/ L1+ G1+ J0\ I1\
Trax_2898101 dgb vs. ypercube : @0+ A0+ A0+ A4+ A5+ @5\ C3\ D3\ A1\ D2/ E3\ @4/ C0/ A4\ @5/ F0+ G2/ H4+
Trax_2898104 rednose426 vs. dgb : @0+ B1+ C1\ C2\ C0/ D3+ D4/ C0\ B2+ A2\ D2+ B1+
Trax_2898105 dgb vs. rednose426 : @0/ B1+ C1/ A2\ B0+ B0+ D2/ D1/ E1/ B4+ D0+
Trax_2898106 golfnutrof vs. dgb : @0+ B1+ C1\ C2\ D2\ D3\ B4/ A4/ A5/ E4+ F4/ B0\ C1+ E1+ @2\ B0+ G3+ E1+ D1\ C0/
Trax_2898107 dgb vs. golfnutrof : @0/ @1/ A2/ B3/ @2+ A3\ D1\ @2/ @3\ D0+ D0/ F2+ F4+ E6/ G6/ G7+ G3+ D7/ D8/ E8+ C7+ G5/ H4\ I3/ I2/ I1/ I0+ J1/ A7/ @8\ E1\ D2+ C2\ D1\ B2+ B1/
Trax_2898108 B Line electric streetcar vs. keops : @0/ A0/ A3+ @1\ B0/ B5\ C5\ C6\ RESIGN
Trax_2898109 keops vs. B Line electric streetcar : @0/ @1/ B2/ A2+ @2/ @2/ D0+ A4+
Trax_2898110 B Line electric streetcar vs. jazzbeth : @0/ @1/ C1+ B0\ B0\ C2+ D3/ E3/ D1+ B4+ D4+ E5/ B0\ A1\ @4/ @4/ C0\ B3/ G1/ H5/ F0/
Trax_2898111 jazzbeth vs. B Line electric streetcar : @0/ @1/ A2+ A0+ @2/ @1+ @1/ C4\ C5\ E4+ B5+ A3+ A0/ @1+ G4+ H4/ G2+ A3/ @2+ B5/ C6+ A5+ @5\ B6+ C7+ E0+ C1\ B8+
Trax_2898112 B Line electric streetcar vs. boneyardking : @0/ B1\ B2\ A2+ C1+ D2/ C0/ C0/ A1\ @1+ B0/
Trax_2898113 boneyardking vs. B Line electric streetcar : @0/ @1/ A2+ C1+ C0\ C4+ D4\ E4\ D5/ D6/ C5/ F6\
Trax_2898114 keops vs. jazzbeth : @0/ @1/ A2/ C2/ A3/ D2+ B4+ C1+
Trax_2898115 jazzbeth vs. keops : @0/ @1/ B0+ C1\ @1+ B3\ B4\ @1/ A3\
Trax_2898116 keops vs. boneyardking : @0/ B1\ A2/ @2\
Trax_2898117 boneyardking vs. keops : @0/ @1/ A2+
Trax_2898118 jazzbeth vs. boneyardking : @0/ A2\ B2\ B1+ A3+ @2\ B0/ B0/ @1+ B0\ A6/
Trax_2898119 boneyardking vs. jazzbeth : @0+ A0/ B2+ B3\ C3+ D2\ C1+ D0\ B0\ A1\ @1\ F2\
Trax_2898124 mgs vs. Marko : @0/ B1\ B2\ C2+ A0\
Trax_2898125 Marko vs. mgs : @0+ @1+ A2\ A0\
Trax_2898128 Jay RAA vs. Marko : @0+ B1\ A2+
Trax_2898129 Marko vs. Jay RAA : @0+ B1\ B0/ C1/
Trax_2898130 Zehrs Employee vs. Marko : @0+ @1/ B0\
Trax_2898131 Marko vs. Zehrs Employee : @0+ @1+ A2\ A0\
Trax_2898132 Rogue Trooper vs. Izeul : @0+ A0+ A0+ @1/ C1/ D1/ B0+ D0/ E1/ D4\ E5/ B1\ D0+
Trax_2898133 Izeul vs. Rogue Trooper : @0/ A0+ @1+ B0/ A4\ A1\ B0/ B0/
Trax_2898134 Rogue Trooper vs. maryu8888 : @0+ B1\ @1\ A0+ A0/ A0/ B5/ @4/ A2+ C0/ D3+ E6/ A1\ D1/ @2\
Trax_2898135 maryu8888 vs. Rogue Trooper : @0/ B1+ A0\ @1\ D2/ D1/ C0/ B4/ A1+ C0/ E4\ E5\ C6/ C7+ B7/ B8/ F7/ A7+
Trax_2898136 Rogue Trooper vs. spitfire : @0+ @1/ C1/ C0\ C3/ C4\ D1\ D0/ E1/ B1\ D0+ B1+ E5\ RESIGN
Trax_2898137 spitfire vs. Rogue Trooper : @0/ B1+ @1\ B0/ D2/ B0/ A1\ A0\ E4\ E5\ @3\ E1/ A2+ F2/
Trax_2898140 Izeul vs. spitfire : @0/ B1\ A2/ @2+ C2\ C3\ D2+ E3\ D4/ C0/ A1/ @3\ C5/ D6\
Trax_2898141 spitfire vs. Izeul : @0/ A2\ B2\ @2/ B3/
Trax_2898142 maryu8888 vs. spitfire : @0/ A2\ A0\ B2\
Trax_2898143 spitfire vs. maryu8888 : @0/ A2+ A0\ @2/ C3\ D3\ D4\ D1/ B5/ C0\
Trax_2901300 B Line electric streetcar vs. Kituku : @0/ B1\ B2\ C2+ D2/ C0+ B0/ B0/ E5/ D6\ A5/ B6\ C7/ D1/ B0/ E3+ F2\ A4+ @6/ @5+ A3+
Trax_2901384 princesarg vs. * : @0+ B1+ A2\ A0\ B1+ C1/ C2\ B0+
Trax_2901544 * vs. ypercube : @0+ A2+ A3/ B3\ A4+ A5\ B5\ C5+ A6/ @6/ D2\ E2+ F3/ E1+ D6\ C7+ E6/ A2\ C0+ @4/ B5+ A7\ F8\ A5+
Trax_2903027 * vs. ypercube : @0/ B1\ B2\ C2\ D1+ A0/ A0/ C0+ A5/ B6+ E5/ C7/ B0/ A8/ @6/
Trax_2904713 Rogue Trooper vs. klaashaas : @0+ @1+ A0/ A3/ A4/ B4/ @4+ A5/ D4/ E4/ B5+ @3+ B1+ B6/ A6/ F6+ G5+
Trax_2906133 SweetCindyJo vs. Ina : @0/ B1\ A2/ A0/ C2+ @2+ @2+ C0/ E4\ D5\ F3+ A1\ A0\ @3+ D1/ A0/ G4+ H4/ F1+ @5\ B6/ B7/ E8\ @5\ B3+ H7\ A1\ @1+ B0/
Trax_2907470 YankeeFan vs. rabbitoid : @0/ @1/ A0/ B3+ B1/ C1/ C0/ D4+ @4\ @4\ A0+ @4+ E0/ G7+ H6/ G2+ C7+ F8\ C8+
Trax_2907683 basplund vs. JiffyJeff : @0/ A2/ B1+ C1+ A3/ C0\ B0/ A2+ @1/ E3+ @1/ B0\ A7/ @7+ E7\ F7\ D8/
Trax_2908880 supermac vs. csain1 : @0+ A2/ @2/ @2+ B3/ A0+ @3/ @4\ B2+ B0\ A1\ @1\ C6+ @1\ D0+ @5/ B6+ F1/ @3+ A6/ D7/ @5/
Trax_2908933 golfnutrof vs. Rogue Trooper : @0+ B1+ A0/ B3\ B4\ C4+ B0+ @3/ E3+ F3\ D2+ @3/ B2+ D0+ A5+ @5\ @5\ E1+ E0\ A3+ C2/
Trax_2911494 princesarg vs. Rogue Trooper : @0+ A0/ A3\ B1/ C2/ D3+ C1+ C4+
Trax_2911541 Phil The Hat vs. basplund : @0/ @1/ B2/ C2/ B3/ C4/ D4/ C5/ @1+ A0+ @2/ A3/ @2\ A1\ A0/ E6+ G4/ B1/ D7/ D8/ @2+
Trax_2911560 YankeeFan vs. * : @0/ A2\ B2\ B3+ C3+ A0/ @3+ @4\ A5+ @5+ A6/ @4/ H4+ @5+ F6\ G6/
Trax_2911630 kbalakri vs. dgb : @0/ @1/ @1/ @1/ C2/ B2/ A2+ D3+ E2\ F2\ F3\ F4\ F5+ G5\ D6/ C6/ E7\ F7+ G4+ H1+ G0/ B8/ D9+ C1+ RESIGN
Trax_2913038 marygal vs. heyred72 : @0+ @1+ A2\ B0/ C1/ B4\ C4\ D2/ A1+ A0\ D2/ E2/ C0+ @1/ G5+ H3\ B0+ @3\
Trax_2913150 spitfire vs. marlisam : @0/ B1\ A2/ @2\ D1/ B0/ A4/ @3\ D3\ E4/ B5/ B1\ B0\ @4/ A5/ G5\ G6\ @6/ A7/ G2/ G7+
Trax_2913222 dawn1968 vs. Rogue Trooper : @0/ A0+ @1+ B0/ B0/ C2\ B5/ D2\ @3\ B2+ E3\ E0/ E0/ F3/
Trax_2913761 heyred72 vs. marygal : @0+ @1\ A0\ B0/ C3/ B4/ D3\ D4\ D5\ E5\ C6/ D2+ F5\ E7\ B0/ D2/ G3+ @1+ E1\ B0+
Trax_2914565 Rogue Trooper vs. keops : @0+
Trax_2916096 lhh61 vs. jaha : @0/ A0/ B1+ @2\ @2\ C3/ B4\ @3+ C5/ D5+ D6/ D7/ E6+ F3+ C6/ A5+ A6+ @5\ F8\ G8\ H8\ A2\ A1\ C7/ A4+ @4\
Trax_2916101 klaashaas vs. JiffyJeff : @0/ @1/ B0/ @2+ @2/ @2/ A1/ B0\ @3+ B4+ F4/ G2\ F5/ G4\ F0/ G1/ H1/ B1+ H0+ I1/ D8+
Trax_2916611 dgb vs. birddog8560 : @0/ A0/ B1+ @2\ @2\ C3+ E1\ @2+ C1+ G2+ E0/ E0/ F6\ @4\ F0/ G8+ G9/ E1/ F0/ H2/ I3+ F0+ D3+ D0/ C2+ B3\ A2/ B1+ A0/ B5+ A0/ @2\ @2+ A1\ B0\ B0\ A1\ @4+ A6/ C7+ C9/ B9/ F9\
Trax_2916611 dgb vs. birddog856 : @0/ A0/ B1+ @2\ @2\ C3+ E1\ @2+ C1+ G2+ E0/ E0/ F6\ @4\ F0/ G8+ G9/ E1/ F0/ H2/ I3+ F0+ D3+ D0/ C2+ B3\ A2/ B1+ A0/ B5+ A0/ @2\ @2+ A1\ B0\ B0\ A1\ @4+ A6/ C7+ C9/ B9/ F9\
Trax_2917131 JiffyJeff vs. basplund : @0/ B1/ B0\ C2/ B3+ D2/ B4+ @2/ @2/ D0+ C1\ G4\ G5\ G1/ H2/ F0/
Trax_2917428 klaashaas vs. dalkelly MIA : @0/ A2\ B1/ B0/ C1+ B3+ D1/ A0\ @1\ D1/ B0+ F3+ A5\ @3+ A1\ G2\ B0\
Trax_2917463 * vs. jazzbeth : @0/ @1/ A2+ C2/ A3+ C1+ B0+ A0/ @1+ C0/ D2\ D6\ E6\ C7+ E4\ F6+ A1\ A0\ @3/ A6/ E9/
Trax_2918168 klaashaas vs. JiffyJeff : @0/ @1/ C1/ B2+ @2\ @1/ C3/ C4/ B4/ D4\ D5\ A4/ @1/ A3+ B5+ C6+ C0+ G4+ C8\ E8+
Trax_2919252 heyred72 vs. marygal : @0+ B1+ B2+ C1+ B3+ @1+ A0/ A3/ A4/ D4\ D5\ E3/ @2\ @2\ C6\ B0+ @4+ A2+ I3\ H2/ H7/ G8\
Trax_2920358 Lilac Oyster vs. SweetCindyJo : @0+ B1/ C1\ C2\ A2+ B0/ D2+ E2+ B4/ B0\ B6\ D1/ C0+ E3/
Trax_2923446 basplund vs. birddog8560 : @0/ A0/ A3/ B3+ A0/ @4/ A5/ D3/ E3/ D5+ F3/ E5+ G3+ H5/ I5+ D6+ D7/ F6/ I4+ H7+ H8/ J5\
Trax_2923446 basplund vs. birddog856 : @0/ A0/ A3/ B3+ A0/ @4/ A5/ D3/ E3/ D5+ F3/ E5+ G3+ H5/ I5+ D6+ D7/ F6/ I4+ H7+ H8/ J5\
Trax_2923584 Megababe vs. birddog8560 : @0/ A0/ B1\ A3\ B3\ B4\ C4\ D4+ D5\ D1/ A5+ E1\
Trax_2927461 JiffyJeff vs. basplund : @0/ A0/ A3/ A4/ B3+ A5/ @5/ D1/ D0/ D6\ E3/ C7\
Trax_2929275 Dragon101 vs. dgb : @0/ @1/ B2/ C1+ D2/ B3+ A2+ @2/ A3/ E4\ F4\ A4+ E5+ @4\
Trax_2930692 Sea Breeze vs. jazzbeth : @0+ A0/ A0/ A4/ A0\ @3/ A6\ C3+
Trax_2932238 keops vs. Sassy Lassie :
Trax_2934665 DavidTrax vs. ypercube : @0+ @1+ C1\ B0/ B0/ D1\ E1+ C0\ B5/ C6/ E3\ A1+ A0\ C8\ D8\ @6\ A7+ B0\ A1\ @1+ D0+ E3+ G10/ F8\ H3/ H2/ G9/ H7+ B0\ A1\ H10+ I8/ E12/ D12/ H12\ I10\ G13/
Trax_2935327 * vs. Lilac Oyster : @0/ B1\ B2\ A2+ @2/ A3/ @2/ C4+ E4+ C5\ A1\ @1\ C0/
Trax_2935388 Rogue Trooper vs. jazzbeth : @0+ A0/ B1\ A3/ @3/ @2/ @2/ @2/ E0/ C4+ C2+ A5/ @5/ A3+ E5+ E6/ A1+ G3+ C0/ @4/ E1\
Trax_2935389 YankeeFan vs. ypercube : @0/ B1/ @1\ B0/ @2\ C3/ B4\ C5/ @4+ E6\ F4+ A6+ E7+ C7+ F7/ G6\ H7/ A1\ @3+ @3\ G8\ I5+ I4/ K5+ K3+ @3/ B4\ L8\ B1+ M7/
Trax_2935457 * vs. ypercube : @0/ @1/ B0+ B0/ B0/ @3/ B1\ B0\ A2/ @1\ B0/ B0/ @3+ B5+ @3/ C1\ B0/ F2/ E1/
Trax_2935466 Traxplayer vs. Dragon101 : @0/ A0/ @1/ A2/ B3+ C1/ B4/ A5\ D2+ E2\ @5+ A2+ @3+ H2/ H1/ G0/ F0/ G1+ G0/ H1/ I2+ G7\ H7\ I4+ J5+ J3/ K2\ L3/ H0/ K2/ F1\ G9+ E10+ E11/ F0/
Trax_2935476 YankeeFan vs. ypercube : @0/ @1/ C1/ D1/ B2+ A0+ @3\ A4\ @2+ F4+ G4\ C0/ G1/ C5\
Trax_2937365 DINGEROO vs. SweetCindyJo : @0/ B1\ B2\ C2+ A0\ @2/ B3/ B4/ A4\ D1/ E1/ C0\
Trax_2937488 lhh61 vs. Rogue Trooper : @0/ A0+ A3/ A0/ B3\ @4/ B5\ C5\ D5+ B6+ C2/ D2/ E4\ @5\ B1+ C0/ @2\ A1\ A0\ @1\ A0\ E10/ B9+ B11+ @1+ D0+ B9/ @7+ A2\ @5+ I4/ I0+ J3\ C11/ @4\ B3\
Trax_2937825 Traxplayer vs. inpassant : @0+ @1\ C1\ A0+ B3+ A0/ C1/ C0/ D3\
Trax_2940676 klaashaas vs. basplund : @0/ @1/ A2/ B3/ C2/ C1+ D1/ D2+ E1/ F2+ B4/ G2/ A4\ D0+ @2+ A1\ A0+ @3+ I2\ D0+ E2/ E1/ I6/ J5/ H7\ E8+ H2/ K2+ K1/ L1/ J0\ L5\ M4/
Trax_2942534 drgnrdr vs. Zehrs Employee : @0/
Trax_2944017 SweetCindyJo vs. McStack : @0/ @1/ A2+ C2/ A3+ B0\ A5+ C4\ @5/ E3\
Trax_2944948 basplund vs. JiffyJeff : @0/ @1/ C1/ A2\ @1/ B3+ B4/ C3+ E2/ F2/ D3+ E1+ F4\ G1\ G0/ H2\ B1+ D0\ @3/
Trax_2945532 tyshy4me vs. Linda Sue : @0+ @1\ A2/ @2/ A3/ B0/ A1\ A0\ @2\ @4/ @3/ F2/ A4+ A5/ B6/ B7/ A6/ @5\ G4\ H4\ H5\ F6/ I4+
Trax_2945580 Oartkickel of the Wolf Pack vs. keops : @0+
Trax_2951215 Judy vs. spitfire : @0+ @1+ A2\ B0/ C3+ D3\ B4/ B0\ A1\ @3+ D3+ @3+ B1\ A4/ B0+ D0/ E2\ C0\ B1\ E9/ B9/ E1/ F2+
Trax_2951522 klaashaas vs. JiffyJeff : @0/ @1/ B0/ @1/ D2/ C3+ B4\ C5/ D5/ A5/ C6/ @5/ B0/ A2+ E8+ F8\ G8+ G9\ F3/ E2/ H6/ H5+ I5/ I6+ G2/ H4+ E1/
Trax_2952658 JiffyJeff vs. Chef Jeff 1 : @0/ A2\ B1/ B0+ B0\ B4+ @1\ C0\ @3+ B5+ C6+ D6+ E6+ E5/ @5\ F3+ A6/ B7/ @6\
Trax_2954437 Misfit Lenrad6672 vs. Lilac Oyster : @0/ B1\ B2\ A2+ @1\ B0/ C4/ A1\ A0\ B5/ B6/ A4/ A5+
Trax_2954438 Misfit Lenrad6672 vs. Lilac Oyster : @0/ B1\ A2/ B2+ C2\ C3\ B4\ D3/ A0\ @1\ A5/ A6/ @4\ B3+ A1\ E5+ A2/ @1\ G5+ G3/ H4+
Trax_2954439 Misfit Lenrad6672 vs. Lilac Oyster : @0/ B1\ A2+ B2+ A3/ A4/ C1/ A0/ B4\ @4\ A2\ @4\ @5/ A6/ A2\ @3\ B1/
Trax_2955415 dgb vs. GringoNZ : @0/ @1+ B2/ C1/ C0/ D2+ @2+ F2/ G1\ D4+ F3+ D0\ H2\ H1+ D0\ I4+ F7\ G7\ J7+ G8\ G1/ F0+ K6/ RESIGN
Trax_2955494 DavidTrax vs. GringoNZ : @0+ @1+ @1\ B2/ B3/ @3\ B4+ B5\ B0+ A3+ B0\ B0\ C2+ D1+ C0/ C0/ A2+ @7/ @8+ C4+ B5\ A4/ F1/ G1/ G0/ H4+ D12\ E10+ F10\ G12\ G13\ H11/ RESIGN
Trax_2956050 ypercube vs. jaha : @0/ A0/ B2/ B3/ @2+ B0\ C1/ C0/ @3\ A2\ D0/ E3+ F4/ G3\ H4/ H5+ @3\ A2\ @2\ A0+ A6+ @3+ D7+ E8/ F9\ G8+ E10/ D10/ C9/ B9+ G10\ E11+ H8\
Trax_2956286 ypercube vs. GringoNZ : @0+ @1+ C1+ @1+ D2/ C0\ B0/ C5/ B4+ A4/ A5/ @5/ D6+ @6\ F1/ D0/ G3+ C1\ D0/ @6+
Trax_2956688 GringoNZ vs. birddog8560 : @0/ @1/ A0/ A0+ B4/ A0/ C5/ B6\ B7\ B8+ A6\ B9\ @4+ C2/ D2/ D1/ E1/ B0+ A1\ @1\ B0/ F1+ A0\ @1\ F1+ C0+ E1/ E0/ G1+ H3+ H5\ I2\ E0+ F1/ C0\ B3+ F1/ D0\ G3+
Trax_2956688 GringoNZ vs. birddog856 : @0/ @1/ A0/ A0+ B4/ A0/ C5/ B6\ B7\ B8+ A6\ B9\ @4+ C2/ D2/ D1/ E1/ B0+ A1\ @1\ B0/ F1+ A0\ @1\ F1+ C0+ E1/ E0/ G1+ H3+ H5\ I2\ E0+ F1/ C0\ B3+ F1/ D0\ G3+
Trax_2957122 spitfire vs. YankeeFan : @0/ A0/ A3/ B2+ A4/ @4/ C5\ D5\ @1\ A0\ @5/ A6/ A7/ C8+ C9+ F4/ G6\ @6+
Trax_2958532 ypercube vs. GringoNZ : @0/ @1/ B2/ A2+ A0/ @1/ A0/ D4/ C5+ E5/ @1\ A0\ E7/ E8+ E9/ E10/ F9+ G6+ H7+ G10+ G11+ G12/ I10+ I11+ J11\ E13/ D13/ H13\ F14\
Trax_2958859 Dragon101 vs. GringoNZ : @0/ @1/ A2/ C2+ A3/ @3/ D4+ E1\ F2/ D5/ @4\ @3/ @4\ A6+ @6/ @6+ C7+ I0/ I0/ G9+ B3+ D2/ F2+ A4\ D1+
Trax_2959066 drgnrdr vs. supermac : @0/ B1\ A2/ @2/ @1+ C0/
Trax_2961726 aubug vs. GringoNZ : @0/ @1/ B0+ @1/ B3+ D1\ A3/ A4/ @2\ E4\ C5/ F3\
Trax_2961727 keops vs. dawn1968 :
Trax_2963608 GringoNZ vs. dgb : @0+ B1+ @1/ A2/ @2\ C0\ B0/ B5\ D2/ B0/ E4\ B7/ A7/ @6/ B8\ F5\ E6\ B1\ RESIGN
Trax_2964950 Traxplayer vs. GringoNZ : @0/ A2+ A3/ B2/ C2/ B3+ D3+ C4\ E2\ F2\ A4/ C5\ C1+ C0+ F2+ F5\ G5\ E7\ C0/ F1/ B1\ G3+
Trax_2967110 Dragon101 vs. ypercube : @0/ @1+ B2/ C1/ C0/ @3\ E3+ B4\ B0\ A1\ @2\ @2\ A1\ B0/ B0/ C1/ A0\ @2/ E3+
Trax_2968473 Dragon101 vs. Dionysos : @0/ B1\ B2\ B3\ A2+ C1+ D2/ E2/ E4+ F2/ A4/ A5+ @4\
Trax_2968645 stormy rebel vs. jazzbeth : @0/ @1/ C1/ C2/ D1/ D3/ D0/ A0/ C1/ E2\ E4/ B4+ E6\ F4+ D7/ C7+ C6\ B6+ @4\ A0+ B6+
Trax_2969811 GringoNZ vs. DavidTrax : @0/ @1/ B0+ A3\ C1\ @2+ @2\ A0+ @2+ F4+ G3+ C0/ D6\ C6+ A4+ D7+ E7\ D8\ G6/ H6\ G7/ A6+ G8\ H8\ H9\ I7/ C8+ C0\ B2+ F3\ E2/ G2+ @3\ A2\ RESIGN
Trax_2970109 dawn1968 vs. GringoNZ : @0/ @1/ B2/ A2+ B3/ C2\ B0/ D2/ @3/ B0+ A1\ @1+ A0\ B7+ B8/ A6\ @6\ H4+ I4\ I6+ H7+ A4+
Trax_2971480 basplund vs. JiffyJeff : @0/ A0/ B2/ C2/ @2/ B0+ B0/ A1+ B5+ C3/ B6/ C6+ @1\ C0/ A7/ @6/ C8/
Trax_2971591 mgs vs. Rogue Trooper : @0/ A0+ A0\ @1\ A0\ @4+ D1/ A0/ @2+ A0\ @2/ E1/ RESIGN
Trax_2971592 Dragon101 vs. Rogue Trooper : @0/ A0+ B2/ A0/ A0/ A0/ C3+ B0\ D5/ C6+ D1+ E4/
Trax_2971659 GringoNZ vs. Daddy Doyle : @0/ A0/ B1+ C2/ @2/ A3/ D0\ B1+ E4\ D5/ E1/ RESIGN
Trax_2972347 jaha vs. GringoNZ : @0/ B1/ A0/ B1+ A3\ A4\ @2+ A3+ B0/ D2/ B0/ @2+ @3\ @2/ D0+ E8\ F8\ G7+ H6\ H3+ I6+ A5/ @6\ E0/ G2+ H1+ K6\
Trax_2972603 GringoNZ vs. ypercube : @0/ @1/ B0+ A0/ A4/ @1+ A0\ A0\ @2/ A6+ @1\ A0\ A6+ @4+ A1+ @4/ G8\ H5\ D8/ D9/ C7+
Trax_2972880 dgb vs. GringoNZ : @0/ @1/ @1/ B2\ D1/ A3\ @2\ B0\ B0+ @4+ F4\ G4\ E0+ G1+ H2+ A7/ @7+ G6+ F8+ J4+ I6+ C3\ B3\ A5\ @5\ D1+
Trax_2976605 B Line electric streetcar vs. stormy rebel : @0/ A2\ B2\ C2\ D2+ E2+ D1+ B0\ F3\ C0+ B0/ A3+ A1\ A0\ @4+
Trax_2976655 Lilac Oyster vs. YankeeFan : @0+ A2\ B2/ A0\ B4/ C3+ @4/ A5/ A2\ @4+ @3/ F5\ G4/ D6+
Trax_2976715 keops vs. joe768 :
Trax_2976725 * vs. jazzbeth : @0/ @1/ @1/ C0+ A3+ C0/ @2+ A1\ B0+ E4/ D6+ @3/ E1/ D0+ F1/ G3+ D0/
Trax_2978353 washie224 vs. B Line electric streetcar : @0+ @1+ A2\ B0+ A1+ A0\ C3\ C2+ D4\ B5/ @5/ C6/
Trax_2979618 dgb vs. B Line electric streetcar : @0+ B1+ @1\ A0\ B0\ @2\ E3\ C0\ B5+ B1+ B0\
Trax_2979619 B Line electric streetcar vs. dgb : @0/ @1/ C1+ C2+ D2\ D3\ B3+ E2+ E1/ A0\ @1/
Trax_2979620 dgb vs. Rogue Trooper : @0/ A0+ A0\ @1\ A0\ @4+ A5/ @1\ A0\ C1+ B7\ E2+ E0/ F1/ B9/ A9/ A10/ C9+ A7+ @6\
Trax_2979621 Rogue Trooper vs. dgb : @0+ B1+ A0/ A3/ @3+ @3\ B1+ @1+ F2/ @2\ G0/ H2\ F0\ E1\ C2+
Trax_2979622 dgb vs. washie224 : @0+ @1+ @1/ @1/ A0/ B3/ B4/ E2+ D4\ D5\ D1/
Trax_2979623 washie224 vs. dgb : @0+ B1+ A2/ A0/ @3+ @3\ B1+ @1+ @2/ A3/ A4/ F0/ G2\ C1+ F0\ E1\
Trax_2979624 B Line electric streetcar vs. Rogue Trooper : @0/ A0+ A3+ B2\ A4/ B4+ @3\ A0/ A0/ C2+ @6/ C7/ A1\ @5\
Trax_2979625 Rogue Trooper vs. B Line electric streetcar : @0+ @1+ A0/ A3/ @3+ @2/ B1+ C0+ B5/ @3/ B1+ @1+ A4+ D0/ B1+ F2/ G4/ H4/ G5+ B0+ B0/ @6/ F2+ B9+ F8+ A8+
Trax_2979626 B Line electric streetcar vs. washie224 : @0/ @1+ B2/ @2\ C3/ C0+ D3+ @2\ A1\ C0/ A5/ RESIGN
Trax_2979627 washie224 vs. B Line electric streetcar : @0+ @1+ A2/ A0/ @3\ B0/ A1\ B0/ D2+ D0+ @4+ A6+
Trax_2979628 Rogue Trooper vs. washie224 : @0+ @1+ B2/ B0/ C1/ B0\ A1\ A0\ @3/ E3+ D5+ F3+ F5\ E6/ G4+
Trax_2979629 washie224 vs. Rogue Trooper : @0+ B1+ A2\ B0/ C1/ D1+ C3+ B4/ B5+ D4+ D0+ @3/ F2/ A2/ B1\ @5/
Trax_2979997 princesarg vs. YankeeFan : @0+ A2\ B2/ A0\ @1\ @2\ A1\ A3/ B4/ @3\
Trax_2980609 dgb vs. GringoNZ : @0/ B1+ C1/ B0/ B0/ A2+ B4+ B5/ B6/ C5+ D3/ C1/ @2/ C7\ C0+ A2+ @2\ B5+ @2\ B0\ A5/ @5/ C8+ D9/ F10\ E10+ I6\ I7\ I4/ J3\ E11/ B8/ B9/ F12\ RESIGN
Trax_2980894 MNFrog vs. GringoNZ : @0+ A0/ A3\ B3\ B4\ C1+ C0/ D3\ D2+ E2+ D4+ B6\ @5+ F6\ F7\ G4+
Trax_2981323 DINGEROO vs. drgnrdr : @0/ A0/ B2+ B3+ C2/ B4\ @3/ A4/ C5\ A1\ @2\ C0\
Trax_2981439 Rogue Trooper vs. Phil The Hat : @0+ A0+ A0+ @3/ A4/ @4+ B5+ A2\ D1\
Trax_2981440 GringoNZ vs. supermac : @0/ B1\ B2\ C2\ B0+ A3+ B4/ D1+ E2/ C0/ E5\ B6/ F5/
Trax_2983172 Dionysos vs. ypercube : @0/ A0+ @2/ B3\ C3\ A0/ C2+ C5\ D3/ A6+ @6/ A7/ @5\ E7\ F7\ C8\
Trax_2984206 DavidTrax vs. GringoNZ : @0/ @1/ B2/ C1+ A0/ B4\ D2\ @1/ A0/ @1/ B0/ @2+ @2/ @2/ B1+ @1/ C3+ F0+ E5\ G2/ D6/ C6/ E7\ F7+ H4+ D0+
Trax_2984826 joe768 vs. * : @0+ B1+ B2/ A0\ @2\ @2\ B1+ A3/ @3/ D4/
Trax_2985410 tyshy4me vs. dgb : @0+ B1+ B0\ A3/ @3/ @3+ A1\ B0/
Trax_2985411 dgb vs. tyshy4me : @0/ B1\ A2/ A3/ @2\ C3\ B4/ D2/ @4/ A5/ @4/ F4\ E5+
Trax_2985416 mgs vs. dgb : @0/ A0/ @2+ B0+ @3\ D2\ A0\ @3/ A1+ @4\ C0\ G4/ F3+ B0/ @4+ G3/ H3/ H0/ I1/ E8+
Trax_2985417 dgb vs. mgs : @0+ B1+ @1\ A0\ B0\ C1/ B0/
Trax_2985420 Lilac Oyster vs. dgb : @0+ B1+ A2\ B0/ A4\ C2\ @3/ E1/ E0/ E5\ E6\ F3\
Trax_2985421 dgb vs. Lilac Oyster : @0+ @1/ C1/ @1/ B0/ D3/ D0/ E2\ A1\ C0/ @3\
Trax_2985424 dgb vs. Jools : @0/ B1+ C1/ C0\ B3+ A1+ D2\ D3\ E3\ E4\ E1/ D0\
Trax_2985425 Jools vs. dgb : @0+ B1+ A2\ B0/ A1+ C2+ C3+ B0+ C1+ D2+ C5\ D5\ E5+ C6+ E2+ A6/ @5\
Trax_2985428 coopaah vs. GringoNZ : @0+ B1+ B0\ B3\ B4+ C2+ A3+ B0/ C2+ D2/ D1/ E1/ C0\ A7/ @6\ @6\ D7+ A7/ @7+ D8+
Trax_2985429 GringoNZ vs. coopaah : @0/ B1\ A2/ @1+ B3\ C3\ C4\ D4\ A4/ @4/ B5\
Trax_2985430 coopaah vs. Rogue Trooper : @0+ A0/ B2+ A3/ A4+ @4/ C4/ D2/ D0/ E3/ D5+ D0+ A3+ F3\ F2\ F6\ E7+ D8\
Trax_2985431 Rogue Trooper vs. coopaah : @0+ @1/ C1/ B0+ C3/ C0+ C0\ D5+ E5/ D2\ F4\ E2+ E6/ B1\ A6/ @5+ D7/
Trax_2985432 Jay RAA vs. GringoNZ : @0/ A0/ B2/ B1+ B3\ C2/ @3/ C4+ B0/ A1+ @4/ C0/ A3\ @5/ C0\ B1\ A1\ A0\
Trax_2985433 GringoNZ vs. Jay RAA : @0/ B1\ A2/ @2/ B0+ @3/ C4\ D4\ D5\ E5\ @1+ A0\ A6/ B7/
Trax_2985434 Jay RAA vs. Rogue Trooper : @0/ A0+ A0\ @1\ A0\ @4+ D1/ D0/ A6/ @2+ F3\ F4\ @4/ B5+ D7\ E7\ F7\ F8\ G8\ H5+
Trax_2985435 Rogue Trooper vs. Jay RAA : @0+ B1\ @1\ C2+ B3\ @1\ A2+ @2+ A3/ @3/ B4\ C3\
Trax_2985436 GringoNZ vs. Rogue Trooper : @0/ A0+ A0/ B3/ C2+ D1\ D0+ C0/ @4\ B2+ @4+ C6/ G2+ @6/ A4+
Trax_2985437 Rogue Trooper vs. GringoNZ : @0+ A2+ A0+ B2/ @1\ D2/ B0+ D1/ E1/ C0+ C5+ D6/ A4/ @4/ B6+ F5/ F7\ G7\ C0/ C0/ F6/ G4/ C9+ E10\ B1+ A5\ @4/ H7+ I9/
Trax_2985440 harrymac vs. Traxplayer : @0/ @1/ B0\ @2\ B3/ A1/
Trax_2985441 Traxplayer vs. harrymac : @0/ @1\ A0/
Trax_2985444 Judy vs. Traxplayer : @0+ B1+ B2/ A0\ @1+ @2\ B3+ @3+ A4+ @3\ B1+ C0+ @2\ A1\ A0\ @1\ C0/ A6/ B7/ @5/
Trax_2985445 Traxplayer vs. Judy : @0/ A2\ B2\ B3+ C2/ C1/ D2/ B4+ B0+ B6+ @3+ C7+ A5/ @5/ E5\
Trax_2985448 Traxplayer vs. dalkelly MIA : @0/ B1\ A2/ A0/ @2+ B0/ B0+ D3+ E2\ @1/ A4/ @1\ A0\ D1/ C7+ F2\ H3+ C1\ D0/ G2\ I3+ G1/ G0/ F1+ A9/ A10/ A5/ @6\ @6\ D10\ E11/ E12/ E13/ J2/ F13\ J1/ E14\
Trax_2985449 dalkelly MIA vs. Traxplayer : @0+ B1+ B2/ A0\ B1+ @2+ C0+ D2/
Trax_2985530 keops vs. tburgoon :
Trax_2985555 * vs. ypercube : @0+ A2+ B1/ C1/ @1/ @1/ B0/ A4/ @3+ C5\ D4+ A5/ D5+ @4\
Trax_2985610 dgb vs. Dionysos : @0+ A0+ A3+ @1/ C2\ C1+ @2/ B3+ E2+ A3/ @3/ C4\ A1\ F3+ @2\
Trax_2985623 Dionysos vs. dgb : @0/ A0/ @2/ @1+ @1\ C0+
Trax_2987140 YankeeFan vs. Dionysos : @0/ B1+ C1/ C0/ C0+ A4/ A1\ D2+ A0/
Trax_2987321 dgb vs. ypercube : @0/ @1+ B2/ @1/ D1\ C3/ D2+ E2\ F2\ G2\ A4/ @4/ E0/ F1/ I1+ F0/ E6+ RESIGN
Trax_2987566 JiffyJeff vs. GringoNZ : @0/ B1+ B0+ @2/ C0+ A2\ D3/ @3\
Trax_2988177 Chester vs. GringoNZ : @0+ A0/ A3\ B3\ C1+ B0+ @2/ E4/ B1\ E5\ F5\ B5/ C6/ A5\
Trax_2988815 princesarg vs. jazzbeth : @0+ A0/ @1/ @1/ A0+ @1+ E1/ A0/
Trax_2988845 jazzbeth vs. klaashaas : @0/ @1/ B2/ @1/ B2/ @1/ B2+ B0\ B0+ A1\ @1\ F2\ A0+ @3+ G1+ G0/ D1/
Trax_2988874 Rogue Trooper vs. birddog8560 : @0+ A2\ B2/ A0\ B1+ @1/ A3+ B4+ @2/ @3\ @2/ @3\ E0/ A5/ E6/
Trax_2988874 Rogue Trooper vs. birddog856 : @0+ A2\ B2/ A0\ B1+ @1/ A3+ B4+ @2/ @3\ @2/ @3\ E0/ A5/ E6/
Trax_2988877 dgb vs. Phil The Hat : @0+ A0/ @2\ A0/ @2+ @1+ C4/ B3+ A3/ A4/ A5+ @5/ E5\ F3+
Trax_2988981 GringoNZ vs. ypercube : @0/ @1+ A2/ B2+ A0/ @2/ C4/ B0/ A2+ @2/ E4+ B0/ A2+ D3/ F3\ @3/ @3/ B1+ C0\ E2/ F1\ D0+ A6+ F0/ G3+ B2/ @3+ C1\ RESIGN
Trax_2989015 Phil The Hat vs. GringoNZ : @0/ A2+ B1\ @1/ A3\ A4\ B0/ D2/ E2+ C4\ F2/ B6\ C6\ C7\ D7\ A7/ D4/ A8\
Trax_2990414 Chad vs. JiffyJeff : @0/ A0/ @1/ B0+ @2/ D1/ E1+ C0+ C5+ D5+ C6/ B5+ A1\ @1+ A3/ @3/ D0+ C0/ G6+ G3+ H6+ B1+ @2+ C0+ B1+ C0/ D10/ C11\ I9+
Trax_2990728 stormy rebel vs. jazzbeth : @0/ @1/ C1/ A2\ D1\ C2/ C3/ D3/ @2\ B3+ D4/ D5/ @1\ D0+ G4\ B6/ B7/ A5\
Trax_2990944 GringoNZ vs. ypercube : @0/ @1/ B0+ B0/ @3\ @3\ C4/ @3+ A5+ B6/ @5+ G3+ B2/ C1+ F0/ E7\ C8+ H4\ H6+ I6\ H3/ I2\ H7/
Trax_2991218 GringoNZ vs. JiffyJeff : @0/ @1/ A0/ B1+ B3/ C1+ @2\ C4/ A3/ @2\ E2+ E0/ E6\ F6+ B6/ C7/ A6\
Trax_2991679 GringoNZ vs. dgb : @0/ @1/ A0/ @2+ C3/ B0\ D3\ C5/ C1+ B5+ @4\ @4\ D0+ C1\ B3+ A2+ @2\ @2+ @4+ B5/ E6+ C0+ B1\ A1+ H1\ @4\
Trax_2992693 dalkelly MIA vs. drgnrdr : @0/ @1/ C1/ B2+ D1/ B0\ C0\ E2\ B1+ A1\ @3/ G4\ F5+ G1/ H2/ G0\
Trax_2992794 * vs. YankeeFan : @0/ A0/ @2+ B0+ @3\ D3+ C4/ C0\ E3\ @1\ B0+ @4\ B5+ C0\ B1\ A1\ B7/ B8/ @5+
Trax_2993808 dgb vs. GringoNZ : @0/ @1/ A2+ @2+ B0/ B4/ B5/ D2+ D1+ @4+ B6+ D0/ F1\ G1\ @6/ B8\ I1\ H0\ J2+ C3/ D2+ F1\ B5\ B10/ A8+ G5\ E6+ J5+ I6\ I7+ D9+ H0+ @10/ RESIGN
Trax_2994260 STrek vs. DINGEROO : @0/ B1\ A2/ B2+ C2\ A3/ A0\ @2/ A3+ B5/ @3\ C0/ D1/ E1/ F4\ F7\ G6/ D0+ D0\ F2/ E1+ F1+ E0\ G3+ A9/ F5+ A10\
Trax_2994500 birddog8560 vs. GringoNZ : @0/ B1+ C1/ B2+ B0+ B4/ B5/ D2/ D0\ E1\ C5+ D0\ E4\ B8\ B9+ B10/ A10/ @6+ B11\ B12\ @7+ B11/ @7\ D13/ C13/ B13+ C14\ C8+ B9+ A11\ A8+ @8/
Trax_2994500 birddog856 vs. GringoNZ : @0/ B1+ C1/ B2+ B0+ B4/ B5/ D2/ D0\ E1\ C5+ D0\ E4\ B8\ B9+ B10/ A10/ @6+ B11\ B12\ @7+ B11/ @7\ D13/ C13/ B13+ C14\ C8+ B9+ A11\ A8+ @8/
Trax_2997046 ypercube vs. dgb : @0/ @1/ C1+ C2+ D1/ D0/ E2\ E3\ F1/ F0/ RESIGN
Trax_2997048 ypercube vs. dgb : @0/ A0+ @1+ B0/ @2\ @2\ B3+ D4/ D5/ @2+ F4+ D6+ B4+ @3+ E7\ E8\ G1/ H3\ I4/ H5+ @4\ C5+ D7+ E1+ H0/ I3+ J2+ K1\ L3+ H0+ M5\ M6\ I8\ G9+ H10+ K1/ L1/ M2/ N2+ F1\ E0/ K7+ M8\ I1+
Trax_2997049 ypercube vs. dgb : @0/ B1+ B2/ A0/ @2/ A3/ D2/ @2+ B4+ F1\ @3\ @3\ B1+ E0+ C0+ A2+ @2\ D0/ C7+ H7+ E8\ D9/ C9/ E10\ F10\ I10+ F11\ J5\ J8/ I7/
Trax_2997050 ypercube vs. dgb : @0/ A2\ B1/ @2\ A0/ @2+ C4+ C5/ D4/ E3\ D5+ F5+ B6\ G4\ F3+ H3+ G2/ I3\ J4/ K3\ H5+ J6+ L4/ J2+ K1+ M6+ J7\ K8/ I7+ N8\ RESIGN
Trax_2997051 ypercube vs. dgb : @0/ A0/ B1+ A3+ C1\ @2\ B0/ B0/ D2+ E3\ F3\ F6+ G5\ C0+ RESIGN
Trax_2997052 dgb vs. ypercube : @0+ A2+ A0+ B3\ @3\ C4+ C5/ A4+ A6+ @2/ C7/ C8/ D8+ E7\ A6/ RESIGN
Trax_2997053 dgb vs. ypercube : @0/ @1/ @1/ A0/ @2/ D3+ D1/ E1/ E0/ F4+ F5\ G1/ F0\ E7\ B0+ RESIGN
Trax_2997054 dgb vs. ypercube : @0+ A2/ A0\ @3/ A4/ @1+ A0\ @5+ E2\ B0\ A2\ @2\ A1\ E7+ F6\ G6\ G7\ G8\ F9+ D8+ C7+
Trax_2997055 dgb vs. ypercube : @0/ @1/ A2+ A3/ A0+ C3/ A5/ @5+ A1\ @1\ C0/ @3/ A4+ @2\ A1\ C0/ E1+ C0\ E1+
Trax_2997056 dgb vs. ypercube : @0+ @1+ @1/ A2/ B3/ @2/ A0/ @3+ @2+ @2/ @2/ B1+ @2/ @1/ A0+ C0\ H3/ E2+ B5+ A1\ @2/ E1/ E0/ K4/ K3/ RESIGN
Trax_2997232 DavidTrax vs. ypercube : @0+ A0+ A3+ B3\ B4\ C4+ D3\ D5/ C6\ E5+ F4\ E3+ @2+ A4/ A5/ H5/ H2/ I2/ C5+ A6/ B7/ @4+ D8+
Trax_2997452 GringoNZ vs. DavidTrax : @0+ B1+ B0/ B3/ @2/ B4+ @3+ @4\ D5\ D6+ F2/ G2/ E4+ B2+ @3/ B2+ B1\ A5+ @2\ D1+ F0/ D7+ E0+ H3+ G2/ C9/ B9/ @5/ A6/ B9/ @6/ @4+ B3\ D2\ D1+ E0\ I1+ K2+ H1\ E11+ K6+ H0+ I0+ G2+ C4\ D2+ C1/ C11+ A10+ B12+ F2/ @8\ G0/ I2+ N9\ N10\ N11\ M12+ @9\ D3+ C6/ D1\ F0+ C3\
Trax_2997892 GringoNZ vs. dgb : @0/ A0/ A3/ A0/ @2\ C2+ B5+ B0/ @4/ E3\ E2+ F3\ G4/ H2+ G1/ G0/ H1/ I3\ G0+ G0/ J3\ F10+ H10+ D11/ RESIGN
Trax_2997893 dgb vs. GringoNZ : @0/ B1+ C1/ B0/ B0/ @3/ D2+ B4+ B5/ A6\ C5+ B7/ C8+ D8\ C9/ A8+ C10/ D4+ E7+ C11+ F7+ A11+ @10/ @9/ B8+ @9+ D12/ C12/ B12+ D13\ A7+
Trax_3000217 GringoNZ vs. JiffyJeff : @0/ A2+ @2+ @2\ A1\ C0/ D1/ E1+ @3\ B4+ E4+ @4+ A5/ C5+ D5\ D6\ @5+
Trax_3000533 klaashaas vs. JiffyJeff : @0/ A2/ B1/ B0+ B4/ @3/ C0/ B1+ B0/ A6+ A7/ B7+ @6\ E3/ A1\ B0\ @2/
Trax_3000591 * vs. klaashaas : @0/ B1/ A0\ @1\ C3\ D1\ C0+ B0/ C0\ B0/ D2+ E3/ D0/ E1/ F4/ D8\ E6\ A1/ C9+ A9+ @9\ @7+ G0/ I4\ D0\ C1\ B4+ I1\ @8+ B6/ A6+ H0+
Trax_3000745 YankeeFan vs. jazzbeth : @0/ @1/ C1/ A2+ A3+ A4/ @4/ @4/ A5/ B6+ D6+ F1/ E6+ @3\ C2+ @4+
Trax_3001916 GringoNZ vs. kbalakri : @0+ B1+ C1/ C0/ B0/ B0/ D3\ C5/ C6/ C7/ A7\ A8\ D2/ E1\ F2/ A2\ D7/ C8/ A9+ @8/ A4+ B5+ G0/ RESIGN
Trax_3002344 basplund vs. JiffyJeff : @0/ A2+ A3/ @3/ @3/ B1+ B0/ C1/ @4+ B1+ E1+ D5/ E4+ E0/ B1+ D0\ @3+ A2\ @2\ A1\ A5/ @4/ C6/
Trax_3002909 GringoNZ vs. jaha : @0/ A0/ @1/ A0/ @2+ A0/ @1/ A0/ @2+ B0/ C1/ @1\ C0+ B0/ B0/ @5/ A6/ F4/ B1\ A0/ @5+
Trax_3003089 GringoNZ vs. dgb : @0+ B1+ C1/ D1/ D2/ @1\ B0\ C3/ C4\ F3+ F4\ E1/ E0/ G5\ G2+ H3\
Trax_3003331 GringoNZ vs. JiffyJeff : @0+ @1/ A2+ B0/ @3+ D1/ D0/ B2+ E2\ @4\ A3\ G2/ H2/ G3+ H1+
Trax_3004060 jazzbeth vs. ypercube : @0/ @1/ A2+ @2+ B0/ A2+ A0/ @3\ B0+ C1/ D1+ @3/ @1+ C0/ G2\ F7/ E0/ F1/ F0/ G1/ H1+ G0+ I2/ H6+ I6/ J5\ I1/ I0/ I8+ J9/ C2\ E1+ I0+ J3+ K4+ K8/ L6\ L10+ I11\ H12+ E13\ @8+ D11+ G14/ L3/ N3+ L1/ M2+ C3+ C2\ C1\ O6\ O7+ O9\ N10+ P6+ P9+ P3/ O1+ Q3\
Trax_3004403 ypercube vs. GringoNZ : @0/ A0/ B1+ B0+ A1+ C3/ @3/ C4\ E3/ B5/ @3/ D0+ F5\ RESIGN
Trax_3004604 dgb vs. GringoNZ : @0/ @1/ B0+ A3\ A4\ A0/ @2+ @2/ C0\ B6+ D5+ E3\ @4\ B2+ B6/ A7\ @5/ E8\ H4+
Trax_3005499 Daddy Doyle vs. supermac : @0/ B1\ A2/ @2/ D1/ D0/ D0/ E1/ B2/ @2+ C1/ E0+ B1\ B0+ G3+ A1/
Trax_3005593 YankeeFan vs. Rogue Trooper : @0/ A0+ @2/ @2+ B0/ C4+ D1\ C0\ @2+ @2/ F0+ G1/ @4\ D1+ E0\ E0\ C2+ C7/ D0/ F3+ E0\ B2+ H4/ I7+ A9/ @8\ K4\ I0+ J1/ C11+ D1+ C7+
Trax_3005595 Phil The Hat vs. basplund : @0/ @1/ A0/ @1/ A0/ A0+ D4/ B5+ D6/ A5\ D3/ D2+ E3/
Trax_3005608 Dragon101 vs. * : @0/ A2\ B1/ C1/ D1/ C2/ A0+ D0\ E3/ F3/ G3/ G5+ H3/ F6\ E0+ D0/ D0/ I6/ J3+ G2+ J8+ K6/
Trax_3006465 kbalakri vs. GringoNZ : @0/ A0/ @2/ @1+ C0/ @3\ @2/ @3\ G2+ F0/ B5\ H2/ I2/ H3+ F0/ G6+ F7+ F8/ H6+ G8+ G9\ H8+
Trax_3007789 dgb vs. GringoNZ : @0/ A0/ B1+ B3/ @2/ @2+ E3/ A3\ E1/ C0\ @4\ @4\ B2+ E5/ C5+ @4+ C1\ I5\ G6+ J4+ E6/ G7/ G8/ H7+ I3+ F0+ G2/ H2/ H1/ F0\ E10/ E11/ C0+ B2\ A6+ C10+ A2\ @4+ C1+
Trax_3008378 drgnrdr vs. Rogue Trooper : @0/ @1/ @1/ A2+ B0+ @3/ A2+ B4+ D0\ C0/ E5\ E6\ D0\ F6+
Trax_3008442 golfnutrof vs. GringoNZ : @0+ B1+ B0\ A3/ @3+ D2+ A4\ C0/ D2+ E2/ D1/ D0/ E1/ B1\ A1+ C0\
Trax_3009232 Miss Traven vs. Christine : @0+ @1+ A0/ A3/ @3/ D2+ C3+ E2+ A4\ @3+ C4+
Trax_3009291 GringoNZ vs. kbalakri : @0/ @1/ B2/ C2/ B0+ @2/ A3/ D1+ E1\ F2/ G1\ A0\ @3+ C0/ D1/ G5+ G6/ E2/ B6/ RESIGN
Trax_3009299 GringoNZ vs. Daddy MBA : @0/ B1\ B2\ C2\ @1\ A0\ E3+ B3+ C4/ C5/ B5/ A4/ @3/ C6/ B6/ A5/ @3\ A2+ @5+ A6/ F7+ H6\ A7+ @6\ D8\
Trax_3010130 Miss Traven vs. Christine : @0/ B1\ @1\ B0/ C3\ D3+ D4/ B3/ A1+ @2+ B4\ C5\
Trax_3010239 GringoNZ vs. JiffyJeff : @0/ B1/ B0\ @2/ B3\ A1+ D2\ D3\ E3\ D1+ D4+
Trax_3010267 GringoNZ vs. ypercube : @0/ @1/ @1/ @1/ C0+ D3+ E3\ F3\ E4/ A4+ F5\ G5\ @1\ A0\ A5/ @5/ B6\ F6+ F7/ D8+ I4+ I8\ H9+ E1+
Trax_3011118 kbalakri vs. GringoNZ : @0/ A0/ A3/ B3/ B1+ @2\ @2+ D4\ E2/ A4/ @3/
Trax_3011285 GringoNZ vs. dgb : @0+ B1+ C1/ C2/ D2/ C3+ E3/ D4/ D5+ D6/ D7/ F4+ E2/ G3+ H3\ C5+ E1/ E0+ H2/ RESIGN
Trax_3011569 GringoNZ vs. birddog8560 : @0+ A0/ B1/ B3/ B0/ C4+ C5\ C6\ D5/ D1+ E6\ E7\ E2+ RESIGN
Trax_3011569 GringoNZ vs. birddog856 : @0+ A0/ B1/ B3/ B0/ C4+ C5\ C6\ D5/ D1+ E6\ E7\ E2+ RESIGN
Trax_3012396 ypercube vs. GringoNZ : @0/ B1/ B0\ C2/ C3/ B0/ B0/ @4/ D6\ E6\ D7\ D8\ B1\ C0/ A6/ @3+ B10/ A8+ @8\ B1\ G9\ A1/
Trax_3012707 kbalakri vs. GringoNZ : @0/ A0/ A3/ B3/ B1+ B0\ @4/ D1\ E1\ D3+ @2+ C5+ @2/ RESIGN
Trax_3012708 kbalakri vs. GringoNZ : @0+ A0/ A3/ @2+ @2/ A4+ @3+ C5/ D4+ @4\ @3/ A2/ @2/ A4\ E6+ @3/ B5/ I4/ H0/ I1/ F8\ G8\ E8/ RESIGN
Trax_3012801 DavidTrax vs. ypercube : @0/ @1/ @1/ B0/ @1/ B0+ @2/ A3/ E1\ E0\ @4/ A5/ @2+ D1+ D6+ H2\ I5+ RESIGN
Trax_3012858 YankeeFan vs. Rose of Sharon : @0/ @1/ C1/ B0+ C3\ D1\ B0+ @3/ B5/ B6+ A6/ @3/ C7+ C8/ A8+
Trax_3013245 dgb vs. GringoNZ : @0/ @1+ B2/ @1/ D1\ B3/ @2\ B0+ C5/ D4+ D6+ E5\ D7/ E7/ F6/ E4+ B6/ @1\ A0\ C6+ C8/ C9/ E9+ G6+ B5/ A5/ @2+ D1+ A0\ @1\ I4/ H3/
Trax_3014857 STrek vs. marlisam : @0/ B1\ A2/ @2\ B0\ A1\ @3/ C4/ B0\ @4\ B2+
Trax_3015608 nisqually vs. YankeeFan : @0/ A0/ @2/ B0+ @2+ B0/
Trax_3016724 YankeeFan vs. stormy rebel : @0/ A2\ B1/ @1+ C2\ D1/ D2+ B3\ C3\ B4/ A4/ E1/ E0/ D0/ F2+ F1/ F5\ F6\ E7+
Trax_3017422 * vs. ypercube : @0+ @1+ A0/ B3\ @1/ B0/ D1/ D0/ @2+ D1\ D0+ F4+ F5\ F1/ B1+ D0/
Trax_3017729 DavidTrax vs. ypercube : @0/ @1/ A2+ A3/ A0+ @3/ @3/ A4/ A2+ @3\ B1/ A1/ @3+ E0+ C1+ @3+ E6+ G5+ H2\ E7/ E8/ I3+ H1/ RESIGN
Trax_3018080 GringoNZ vs. dgb : @0/ @1/ B0+ @2+ A0/ B4\ D3/ E2\ E4/ D1/ D0/ @3+ @3/ H4+ E1\ F0/ A2\ RESIGN
Trax_3018488 Phil The Hat vs. lhh61 : @0/ @1/ A0/ A0/ A4/ B2+ @3+
Trax_3018582 GringoNZ vs. basplund : @0/ @1/ A0/ B1/ C2/ @1/ B0+ @2/ A3/ C0/ E3/ D5+ @2+ A1\ B0\ C0+ D1+ B0/ C9+ F2/ G3\ A8+ @8/ @7/ E10/ J3\ I6/ K3/ I2+ H9+ K4\ L3/ H1/
Trax_3019995 ypercube vs. GringoNZ : @0/ @1/ B2/ B0\ B0\ C1\ B0\ D1\ D0+ C0/ E3+ E4\ E5+ F5\ C0+ C0/ C0/ B2+ @9/ B8+ A10+ @8\ A7\ C11/ E10+ C3+ F1/ G3/ H4/ B2/ C1+ B0/ A4\ @7/ A4\ C0/ C0/ C0/ C0/ J9/ I8/ K10\ K11+ K8/ L10\ I7/
Trax_3021044 dgb vs. birddog8560 : @0+ A2/ A3/ B3/ A4+ A0/ @2\ @2/ A4/ A5/ @5/ RESIGN
Trax_3021044 dgb vs. birddog856 : @0+ A2/ A3/ B3/ A4+ A0/ @2\ @2/ A4/ A5/ @5/ RESIGN
Trax_3021045 birddog8560 vs. dgb : @0+ B1+ C1/ C2/ C3/ C4/ D2/ E3+ F2\ G2\ F4+ H2\ H5/ I5+ J3\ G1+ G0/ G6/ H7\ F7+ H0/ I2+ C9+ B8/ A8/ A9/ A10/ D10+ D11/ F2+ H0/ J7\ F10+ E12+ E13/ @11/ A12/ @12/ D13+ M6+ L4+ N6\ I1\ J0/ M9+ M5+ M4/ M3+ N5+ O7\ P9/ K10\ I12+ H14+ H15/ L0+ M1/ O5\ P5\ F4+ @15\ A16+ L0\ K1\ J1+ L0/ M2+ D19\ E18+ F18\ F19\ F20+ G18+ A20/ @18+
Trax_3021045 birddog856 vs. dgb : @0+ B1+ C1/ C2/ C3/ C4/ D2/ E3+ F2\ G2\ F4+ H2\ H5/ I5+ J3\ G1+ G0/ G6/ H7\ F7+ H0/ I2+ C9+ B8/ A8/ A9/ A10/ D10+ D11/ F2+ H0/ J7\ F10+ E12+ E13/ @11/ A12/ @12/ D13+ M6+ L4+ N6\ I1\ J0/ M9+ M5+ M4/ M3+ N5+ O7\ P9/ K10\ I12+ H14+ H15/ L0+ M1/ O5\ P5\ F4+ @15\ A16+ L0\ K1\ J1+ L0/ M2+ D19\ E18+ F18\ F19\ F20+ G18+ A20/ @18+
Trax_3026589 dgb vs. Traxplayer : @0/ @1/ B0+ @2+ A0/ B4\ B5\ @2/ E2\ C6\ E1/ RESIGN
Trax_3026590 Traxplayer vs. dgb : @0/ @1/ A0/ @2+ C3/ B0\ D3\ C5/ @2/ D2/ F2\ E1+ C4/ @3\ RESIGN
Trax_3026591 dgb vs. GringoNZ : @0+ A2\ @2\ A0/ B4/ @2\ B0/ C0\ A3+ D2/ C7\ D7\ D8\ C9+ B8/ A8+ @3/ @3/ F5+ G7+
Trax_3026592 GringoNZ vs. dgb : @0/ @1/ A0/ @2+ C3/ B0\ @3\ @3\ A1/ B4/ @2\ B0/ C6/ @3\ B4+ @4+ @4+ B2/ @4\ B5/ F5+ B2\ B1\ A1\ RESIGN
Trax_3026593 Traxplayer vs. GringoNZ : @0/ @1/ A0/ B1+ @2\ B3\ D1\ B0/ B0/ E4/ B6\ A5+ D2/ B0/ D6+ A2\ @3+ @3\ D8+ F1/ D0/ H6/ G4/ A7+ @3/ F9/ RESIGN
Trax_3026594 GringoNZ vs. Traxplayer : @0/ @1/ A2+ C1+ A0/ B4\ D3/ @2+ @1/ C0+ E2+ A0\ @1\ H4\ G3+ G6\ G7+ H7\ I7\ J7+ H8+ H9/ E8+ D7+
Trax_3027227 No home computer for now vs. Traxplayer : @0/ @1/ C1\ B2\
Trax_3027421 Rogue Trooper vs. Dionysos : @0+ @1+ A0/ A3/ @3/ C0/ D1/ @4+ B2+ E3+ @3/ D5\ E5\ B1+ F5\ @2+ F6+
Trax_3028904 marygal vs. Kriistina Jean : @0+ @1/ B0+ A3\ A1\ @1\ A0\ C4+ D3/ A0+ D1/ D0/ E4/
Trax_3029444 supermac vs. lhh61 : @0/ A0/ @1+ A0+ @1\ D3\ C4/ C5/ A4+ @4\ @3/ B5+ @1\ B0/ @3+ @4\ A5+ J3+ J5+
Trax_3029446 jazzbeth vs. Phil The Hat : @0/ @1/ A2+ C2/ C1+ D1+ @2\ A0+ @3/ C4/ D4+ @3+ G4\ G5\ H3+ C5/ B4+ E5/ G6\ E7+ F8/ B1/ D7/ H7+ C6+ E9\ I7\ C9/ J6+ D10/
Trax_3031306 jaha vs. YankeeFan : @0/ A0/ B2/ B1+ A3\ B0+ A1+ A0\ @1\ A0\ @1\ B6+ B0+ D1+ @2+ @4+ E8+ C8+ @5\ @8/ D9+ A9+ B10/ I5/ C11\ D11\ A11/ C12+ @10\
Trax_3032573 YankeeFan vs. Dionysos : @0/ A2\ B1/ B0\ A1+ B3+ A0\ @1\ A0\ @2\ D1/ A1\ E3/
Trax_3032955 GringoNZ vs. dgb : @0+ A2+ @2/ @2/ @2/ B1+ B0/ @3\ C4/ D0\ B2+ D0+ C7+ B6+ @5+ F8/ B3\ B6/ C1+ A2+ @2\ F0/ H1+ A1+ RESIGN
Trax_3032957 dgb vs. GringoNZ : @0/ @1/ @1/ B0/ @2+ @2/ @2/ D0+ F4+ F2+ D0/ D0/ C2+ D7\ B6+ D0/ B3+ A5+ G5/ F2+ E0\ D0+ G4\ E1+ H4/ H3/ H0+ I2/ B5+ A6+ A2\ I4+
Trax_3034289 joe768 vs. DavidJ : @0/ B1\ A2/ A0/ B3\ A4/ B4+ C4\ B5/ B6/ @4/ B5+
Trax_3038055 Miss Traven vs. Christine : @0+ @1+ C1\ C2/ B2/ A0\ D3\ C4/ A0\ @3/ B5/ C2+ A5/ @4\ C6/ E2+ B6/ F2+ G3/ F1/ H3\ H4\ I4\ D0/ F1/ H6\ H7\ D8/ I7/
Trax_3038170 Judy vs. drgnrdr : @0+
Trax_3038171 STrek vs. dalkelly MIA : @0/ B1\ A2/ @2+ D1/ D0/ B1+ E2\ E3+ F1/ E0+ D4+ E5\ F1+ E0+ F5\ G5+ G4+ H3\ F1+ E0+ D3+ G2\ B3\ C2+ A2\ C1+ @2/
Trax_3038195 marlisam vs. spitfire :
Trax_3038283 dgb vs. kbalakri : @0/ @1+ B2/ C1/ C0/ @2/ B4+ C0+ A2+ @3/ @4\ A6+ @5/ D7\ E6+ G5\ H5\ C8/ B8/ E7\
Trax_3040717 DavidTrax vs. ypercube : @0/ @1/ A2+ A3/ C1\ B0/ @4+ @3/ A2+ @3\ B1/ C0\ B0/ A3+ E2/ A0\ @1\ H3\ H5+ I4/ B0+ E3+ G3+ J5\ I6+ J4\ I7/ I8/ H9+ D9+ F10/ F11/ D10\ G12\ H10+ A5/ K5\ H2\ I11\ I12\ J12\ H13/ F14/ E14/ G15\ H15+ K14\ K15\ K11/ J8\ L12\
Trax_3042144 Dragon101 vs. Rogue Trooper : @0/ A0+ B2/ A0/ A0/ A5/ @5/ @5+ C6+ E3\ F4/ A2\ @5\ H6+ E7+ H1+ I2/ G0+
Trax_3042249 birddog8560 vs. ypercube : @0+ @1+ A0+ @1+ @1\ D1/ E2/ C0+ B1\ B0\ A1\ E2\ B0+ @1/ B0/ G4/ F3+ G3+ G2+ F2+ F1+ E1+ D0/ @4\ B1+ E0/ B8+ @4/ F9/
Trax_3042249 birddog856 vs. ypercube : @0+ @1+ A0+ @1+ @1\ D1/ E2/ C0+ B1\ B0\ A1\ E2\ B0+ @1/ B0/ G4/ F3+ G3+ G2+ F2+ F1+ E1+ D0/ @4\ B1+ E0/ B8+ @4/ F9/
Trax_3042945 Sea Breeze vs. ypercube : @0+ A0+ @2/ C2\ C3\ D3\ A1+ C4+
Trax_3043732 jazzbeth vs. birddog8560 : @0/ @1/ A2+ C2/ C1+ B0\ B0\ B5\ D4/ C1+ E3\ D5\ E1/ F3\ C0+
Trax_3043732 jazzbeth vs. birddog856 : @0/ @1/ A2+ C2/ C1+ B0\ B0\ B5\ D4/ C1+ E3\ D5\ E1/ F3\ C0+
Trax_3044043 Miss Traven vs. Christine : @0+ @1+ @1\ D1/ E1\ E2\ D2+ D0\ E1/ D0\ F4\ C2+ E1+ A2/
Trax_3044317 YankeeFan vs. spitfire : @0/ A2\ B1/ B0+ A0/ @2+ @3\ B0\ A1\ @1\ B5/ C6\
Trax_3045408 klaashaas vs. B Line electric streetcar : @0/ @1/ A2/ C1/ B0/
Trax_3045476 Ina vs. * : @0/ B1\ A2/ A3/ B0/ C2\ D2+ @2/ D3+ A1\ E1\ @1/
Trax_3045477 Kituku vs. DavidJ : @0+ @1/ A0\ @1\ C1+ D2\ B3/ A3/ @1\ C4+
Trax_3045902 dgb vs. GringoNZ : @0/ A0/ B1+ B3/ C3/ C4/ @2/ B0+ E4/ F5/ C5+ D6+ B0/ F8/ @3+ B1+ @1/ D0\ D7/ RESIGN
Trax_3048049 kbalakri vs. dgb : @0/ @1/ B0+ @2+ C3/ B0\ @2/ @3\ C4/ A1+ B0+ @2/ E6+ E7/ E0/ F1+ D0\ C1\ F3+ G2/ G1/ RESIGN
Trax_3048889 Daddy MBA vs. ypercube : @0+ A2+ A3/ B2/ @1+ @1/ C0\ B3+
Trax_3048890 ypercube vs. Daddy MBA : @0/ B1\ A2/ @2+ B3\ C3\ C4\ @1\ E3+
Trax_3048891 Daddy MBA vs. jazzbeth : @0+ A0/ A3+ B1/ B0/ C1+ C0/ B1+ D2\ C5+ E1+ A0/ E4\ @3+
Trax_3048892 jazzbeth vs. Daddy MBA : @0/ A2\ B2\ C2+ C1/ B3\ D2+ A4/ @2+ E3+ F1\ F0/ G2+ G3\ F4+ F5\ G4\ G5\ G6+ F7/ E7/ C1+ C0/ E1+ H6\ E6+
Trax_3048895 ypercube vs. jazzbeth : @0+ @1\ C1\ A0\ A0+ C2+ C4+ A0+ B6\ A5+ @3\ @2/ @5+ A6/ E7+ @4+ @4\ A2+
Trax_3048896 jazzbeth vs. ypercube : @0/ @1/ B0+ B0/ B4/ C2\ B0/ C6\ D5+ A6/ A1\ @5\
Trax_3048897 ypercube vs. Jay RAA : @0/ B1\ A2/ @1/ B0+ @2/ C4\ D4\ E2/ E1/ D5\ E5\ F1/ B4\ E0+
Trax_3048898 Jay RAA vs. ypercube : @0/ A0/ A0/ A0/ @3+ C4+ A0\ @1\ C0/ D1/ E1/ F1+ F0/ F7\ C8/ G7/
Trax_3048899 jazzbeth vs. Jay RAA : @0/ B1\ A2/ @2/ @2+ A3\ C4/ B0/ A5+ A0\ @3+ D1/ B0\ B0/ A6/ B9\ @5\ @4\ C2/
Trax_3048900 Jay RAA vs. jazzbeth : @0/ A0/ B2/ A3+ @3\ D2/ D1\
Trax_3048901 Traxplayer vs. mgs : @0/ B1\ A2/ @2+ A0/ @3+ C4\ D4\ C5\ C1/ E2+ @3+ B1\ RESIGN
Trax_3048902 mgs vs. Traxplayer : @0/ @1/ B0+ @2+ B3/ B0\ D4\ B5+ E3/ E2/ D1+ F3+ B0+ A1\ @1\ G6\ H5/ E7+
Trax_3048903 Traxplayer vs. Lilac Oyster : @0/ B1\ A2/ B2+ @2\ C3\ C4\ D4\ A4/ A5/ @2/
Trax_3048904 Lilac Oyster vs. Traxplayer : @0+ B1+ A0/ A3/ @3/ @2/ B4\ A1\ C0/ @2/
Trax_3048905 Traxplayer vs. Jools : @0+ B1\ @1\ B0+ B3+ C1+ D2+ A3+ @2+ D4/ D5/ B4+ C6+ E5+ A6/ C7/ @4+
Trax_3048906 Jools vs. Traxplayer : @0/ @1+ @1\ B0\ B0\ A1\ @1+ C0+ E2+ C0/
Trax_3048913 GringoNZ vs. Pegasus : @0/ @1+ A2+ @1\ B0+
Trax_3048913 GringoNZ vs. Wife of a Maverick driver : @0/ @1+ A2+ @1\ B0+
Trax_3048914 Pegasus vs. GringoNZ : @0+ B1+ A2\ B0/ C1/ D1+ D0+ D4\ D5\ E3\
Trax_3048914 Wife of a Maverick driver vs. GringoNZ : @0+ B1+ A2\ B0/ C1/ D1+ D0+ D4\ D5\ E3\
Trax_3048915 GringoNZ vs. dgb : @0/ @1/ A0/ @2+ C3/ B0\ D3\ D2+ E3+ C5/ @2/ G3\ H3\ G2+ G1\ E1/ E5\ D0+
Trax_3048916 dgb vs. GringoNZ : @0/ @1/ B0+ A3\ C1\ @1/ B0+ @1/ @1/ A0+ B0+ G4\ G6/ F3/ F2+ D7+ E0/ F1/ E8\ C7+
Trax_3048917 Pegasus vs. dgb : @0+ B1+ A2\ B0/ C1/ D1+ D0\ D4\ D5\ E3\
Trax_3048917 Wife of a Maverick driver vs. dgb : @0+ B1+ A2\ B0/ C1/ D1+ D0\ D4\ D5\ E3\
Trax_3048918 dgb vs. Pegasus : @0/ @1+ @1\ A0/ B1+
Trax_3048918 dgb vs. Wife of a Maverick driver : @0/ @1+ @1\ A0/ B1+
Trax_3051641 Megababe vs. Kriistina Jean : @0+ @1/ @1\ B0/ B3+ D2\ B4/ @2/ B3+ D4+ A3+ A4+ A5+ @5/ @5/ C6\ F5\ H4\ A4\ @5/ B2\ E1\ A3\
Trax_3052128 * vs. Daddy Doyle : @0/ A0/ B1+ C1/ D1/ D2/ A3/ C4/ D4/ A0\ @3+ F5+ F3+ B5/ D6+ G3\ H4+
Trax_3052251 Linda Sue vs. boneyardking : @0+
Trax_3052471 spitfire vs. dl2 : @0/ B1\ A2/ @2+ D1/ D0/ B4\ C4\ E1+ D3+ D5\ E5\ F5\ G4\ H2/ H1/ B1+ F1+ H0/ E1\ @2\ H6+ I0\ F1\ H2\
Trax_3055253 STrek vs. drgnrdr : @0/
Trax_3055391 YankeeFan vs. tyshy4me : @0/ B1\ B2\ @1/ A2/ C3\ @1/ D4+ C3+ E4\ C5\ E6\ F5/ F6+ B5/ C6/
Trax_3055409 GringoNZ vs. Traxplayer : @0/ @1/ A0/ @1/ C3/ C4+ D3/ E3/ D5+ F3+ G5/ E6+ G7/ H6+ E7/ G8\ I7/ J6\ I5+ H4+ B3+ K6+ I3+ I8\ L6\ B0\ C1\ D1\ K8+ M7\ J5+ I10+ E9+ M9\ N7\ D9/ J10\ I11/ F10+ F12+ E12+ G13/ H4+ D8\
Trax_3059754 kbalakri vs. GringoNZ : @0+ B1+ C1/ C2/ C3/ D3/ D4/ E4/ D2/ D5\ F4/ E3/ C5+ A2+ C0+ D2+ @3/ B5+ F2/ F1/ E0+ D0/ D0/ G4/ E10/ H7+ B9/ B10+ G9\ H9\ I7\ G11\ @9/ RESIGN
Trax_3060105 game_77 vs. spitfire : @0/ B1\ A2/ A0/ C2+ A0\ @1\ C4\ C5/
Trax_3062749 basplund vs. McStack : @0/ @1/ A2/ C2+ A3/ D1\ E2/ B4+ C5/ C6/ C7/ C0/ B1+ D4+
Trax_3062780 drgnrdr vs. Geri39 :
Trax_3062918 stormy rebel vs. STrek : @0/ B1\ A2/ @2+ C2\ B3+ C3+ C4+ C5/ B4/ D1/ B0/ A5\ A0+ B7/ @2+
Trax_3064409 * vs. ypercube : @0/ @1/ A2+ A3/ A4/ B3+ @1/ @3+ @3/ E0+ F1\
Trax_3064606 stormy rebel vs. YankeeFan : @0/ A0/ B2/ A3+ C3/ A4\ A5/ @3/ @3/ E5\ A5/ C6\
Trax_3065524 YankeeFan vs. Red Arrow : @0/ A2+ A3/ B1/ A0\ @2/ A1+ @3\ B0\ @2\ E1/ F1/ C0/
Trax_3066512 JiffyJeff vs. Traxplayer : @0/ @1+ C1/ B2/ C0/ @3\ @2/ D0+ B1+ C0+ C6+ B7+ F2+ E1+ A2+ B8\ C8\ @6+ A8\ B9/ G3\ H2+ E7\ G5\ G6\ A4+
Trax_3067415 YankeeFan vs. Rogue Trooper : @0/ @1/ A2+ C1+ B0/ C4+ D2/ B0/ @1+ A0\ A0+ @1\ F7\ G7\ G8\ G3/ H6+
Trax_3067449 Dragon101 vs. STrek : @0/ A2\ B1/ B0+ A0/ @1+ @2+ C0/ A5/ A6+ @5\
Trax_3068303 GringoNZ vs. JiffyJeff : @0/ @1/ A2+ @2+ B0/ A2+ D2\ @3+ E1/ F2\ C0/ D5/ B0\ A2/ E1/ C0\ F3/
Trax_3068413 dgb vs. kbalakri : @0/ A2+ A3/ @2/ @2/ C0/ B4+ D2+ E1\ E0\ @4+ A3\ F0\ C7/ A6+ @6/ H3+ H4+ E2+ C3+ D8/ E7+ D9/ F7+ G6+ E10+ F9\ H0/ I3\ A4/ @5+ C3/ D2+ D1/ RESIGN
Trax_3069983 DINGEROO vs. Linda Sue : @0/ A2\ B2\ C2\ A0\ @2/ D2+ E2/ C0/ D1/ F2/ F3+ G4+ G3/ H4+ H5\ B0\ A1\ B0+ A3+ C7+ @3\ B8/ A8/ F1/ F0/ G4/
Trax_3073581 jaha vs. golfnutrof : @0/ @1/ A0/ B3/ C2\ D2\ B1/ E1\ F1\ @1/ @1+ @1\ D0+ D0/ F2+ G1+ D0/ F0+ E0/ I3+ J6+ E0/ G2+ C5+ D3+ C2+ H8+ @5\ A4+ A3/ A2/ @6/ A7/ A8/ @5+ A4+ @6\ @8+ C9\ E10+ N3/ P6\ P2/ M1+ Q2\
Trax_3076211 Dragon101 vs. birddog8560 : @0/ A0/ B2/ C2+ A3/ D2/ @1+ @2\ D1/ A0/ G3/ @1\ B0/ A5/ @4/ C6/
Trax_3076211 Dragon101 vs. birddog856 : @0/ A0/ B2/ C2+ A3/ D2/ @1+ @2\ D1/ A0/ G3/ @1\ B0/ A5/ @4/ C6/
Trax_3076410 B Line electric streetcar vs. balmoral : @0/ B1\ B2\ C2+ D2\ C3/ B4+ A2+ A0/ @4\ E1/ D5\ F3/
Trax_3076928 GringoNZ vs. JiffyJeff : @0+ @1+ @1/ A2/ B3/ D1+ C3\ C0\ C5/
Trax_3077160 riaZZZ vs. ypercube : @0+ B1+ A2\ A0\ @1+ @1/ B0\ A4/ @2/ C5\
Trax_3077982 davidmilne vs. Kriistina Jean : @0/ B1\ A2/ @2/ A3\ C2+ C3\ D3\ A4+ @4/ @4/ C5\ F6+ G6\ G7\ G8\ H6+
Trax_3077982 davidmilne vs. Sutik Ansalewit : @0/ B1\ A2/ @2/ A3\ C2+ C3\ D3\ A4+ @4/ @4/ C5\ F6+ G6\ G7\ G8\ H6+
Trax_3078511 B Line electric streetcar vs. JiffyJeff : @0/ @1/ C1+ A2+ B3/ A0\ @2/ E2+ C0+ D1/ C0+ F2\ C0/ E6\ A3/ @6\ C8+ G5+ G7/ F8\ H5/ I4\ F1/ E0\ H4+ B3/ A4+ C2\ @2+ D1\ D0\ A5/ @3/ I4+ @4/ B6+ RESIGN
Trax_3079271 klaashaas vs. Sassy Lassie : @0/ @1\ B0\
Trax_3079272 dalkelly MIA vs. jazzbeth : @0/ @1/ B2/ C1+ D1/ E1/ D2+ A2/ F2\ E3/ E4+ G1+ A4/ @2/ G4\ H5/ I2/ E0+ E0\ C8+ C9/ A9+ @5\ D1+
Trax_3079764 Chef Jeff 1 vs. JiffyJeff : @0+ A0\ @1\ @1+ @1+ E2+ F2/ F1/ D0\ @2+ @2\ A1\
Trax_3079989 kdogtrainer vs. Kriistina Jean : @0/ B1\ B2\ C2\ B3/ A3/ C4\ D4\ A0\ @2/ @4/ A5/ @3\ E6+ B2\
Trax_3080020 kdogtrainer vs. CHESSCATJAY : @0+ @1\ A2/ @2/ A3\ @3/ A4/ A5/ @3\ A2\ B1\ B0\ @3\ B2+
Trax_3080181 dgb vs. GringoNZ : @0/ @1/ A2/ B3/ @2+ D2\ E2/ @2/ @2/ D0+ D0/ F2+ B5+ @5\ C3+ A6/ @6/ RESIGN
Trax_3080230 dgb vs. Traxplayer : @0/ @1+ @1\ B0\ C3/ B0/ D3\ C5/ A4+ E3\ D2+ D4\ B0/ @4+ @5\ B6+ E7/ B3/ B2+ E8/ A2\ RESIGN
Trax_3080231 Traxplayer vs. dgb : @0+ B1+ C1/ C0/ D1\ C3/ C4/ C0\ C0\ D2+ D5\ C7/ A5+ B8+ @6\ @5/ G5+ D1\ C2\ F7\ G8/ A4\ H5\ C1+
Trax_3080232 dgb vs. ypercube : @0/ @1/ @1/ A0/ @2/ A0/ @1+ B4/ @3+ C5/ C6/ C7/ C8/ @5+ H4+ E9+
Trax_3080233 ypercube vs. dgb : @0/ @1/ B2/ C1+ B3/ B0\ B0\ A4+ C1/ B0\ D2+ E3+ @6\ @6\ B4+ B7+ @6\ @7/ C8+ A4\ C3/ @6\
Trax_3080234 Traxplayer vs. ypercube : @0+ A2+ A3+ @3/ C2\ C4/ B5/ @3/ E3+ F4/ G3\ H3\ I3\ A2\ @4\ K3\ I2+ F5+ F1+
Trax_3080235 ypercube vs. Traxplayer : @0/ @1/ B2/ C2/ B0+ B4\ A4\ B5+ @3/ @4+ A6\ D6+ @4\ A5+ B3+ @4\ C7+ @4+ D0\ RESIGN
Trax_3080285 Linda Sue vs. Kriistina Jean : @0+ @1/ A2/ C1\ @2+ @2/ D3\ B3+ B4\
Trax_3082016 Sea Breeze vs. davidmilne : @0+ A0\ B1+ A3\ @3+ A2+ C2+ D2+ E2/ E1/ A4/ C0+
Trax_3082286 dgb vs. YankeeFan : @0/ A0/ B1+ B0+ @2/ B4+ D2\ A4/ D5\ E5\ A5/ A6+ @4+
Trax_3082511 dgb vs. Dionysos : @0/ A2/ @2\ B3\ C2\
Trax_3082520 dgb vs. Dionysos : @0+ B1+ C1/ B0+ @2/ A1/ @2/ B3/ @1\ B0/ A4/ C5\ @4\
Trax_3082524 Dionysos vs. dgb : @0/ A0/ B1/ C2+ C3\ C4+ D4\ @1\ B0/ A5/ A6/ @4\
Trax_3083603 davidmilne vs. birddog8560 : @0/ A0/ B1+ @2\ C0\ D2\ E2\ B0/ D2+ B5/ @5/ C6/ D7+ G6+ RESIGN
Trax_3083603 davidmilne vs. birddog856 : @0/ A0/ B1+ @2\ C0\ D2\ E2\ B0/ D2+ B5/ @5/ C6/ D7+ G6+ RESIGN
Trax_3083735 dgb vs. birddog8560 : @0/ @1/ @1/ A0+ B0+ D1\ C4+ C0/ C0/ A7\ E3\ F3+ @5/ A3/ B2\ @2/ F6\ H5+ A4+ B8\ I3/ I2/ C1\ D0\ G8/ J5/ J3/ I2\ I8\ RESIGN
Trax_3083735 dgb vs. birddog856 : @0/ @1/ @1/ A0+ B0+ D1\ C4+ C0/ C0/ A7\ E3\ F3+ @5/ A3/ B2\ @2/ F6\ H5+ A4+ B8\ I3/ I2/ C1\ D0\ G8/ J5/ J3/ I2\ I8\ RESIGN
Trax_3083994 Chef Jeff 1 vs. JiffyJeff : @0+ A0\ @1\ C2+ B3+ B0+ C1/ D1/ B0\ C0+ E1+ @2/ C7+ F0/ G1/
Trax_3086724 Chad vs. Nargada : @0/ A2\ B1/ B2+ B0\ C2/ C0\ D3/ C0+ B2+ A2\ @4/ D6+ @3+ C1/ B6/ A6/ @5/ B1\ A2+ C0/
Trax_3086906 Sassy Lassie vs. YankeeFan : @0+ A0/ B2+ A3/ @3+ @3\ B1+ E1/ C0/ @3+ E4+ A1\ D0+ @2/
Trax_3087546 GringoNZ vs. birddog8560 : @0+ A2/ @1/ @1+ D1/ C0/ B3/ @3\ @3\ B1/ C0\ C0+ D6+ F5+ G4/ E7\ B6/ H4/ I5/ @4\ E7+ D8/ @4\ C6+ B3+ E9+ C1+ E0/ G2/ A3+ E0+ D0/ C3+ A3\ @5\ I4+ I3/ I2+ B0\ J3\
Trax_3087546 GringoNZ vs. birddog856 : @0+ A2/ @1/ @1+ D1/ C0/ B3/ @3\ @3\ B1/ C0\ C0+ D6+ F5+ G4/ E7\ B6/ H4/ I5/ @4\ E7+ D8/ @4\ C6+ B3+ E9+ C1+ E0/ G2/ A3+ E0+ D0/ C3+ A3\ @5\ I4+ I3/ I2+ B0\ J3\
Trax_3088485 GringoNZ vs. ypercube : @0/ @1/ A0/ @2+ C3/ B0+ @2\ B0/ E4\ D6/ D7+ D8\ E5+ C7/ B7/ A7/ @3/ A4/ C5+ D0/ @6\
Trax_3089547 Rogue Trooper vs. klaashaas : @0+ A0/ A0+ B2\ A0+ @2/ A3/ A5\ @3/ @4\ A1+ @1\ @1+ B0/ E1+ E0\ C8+ A6\ @6+ A7/ B8+ H2\ I2\ @6\ D9\
Trax_3089621 birddog8560 vs. Phil The Hat : @0+ A0/ A3/ B1\ A4+ @4/ A3+ C4/ A5/ @3\ B1+ B6/ @1\ A0\ A7/ @6+ C8/
Trax_3089621 birddog856 vs. Phil The Hat : @0+ A0/ A3/ B1\ A4+ @4/ A3+ C4/ A5/ @3\ B1+ B6/ @1\ A0\ A7/ @6+ C8/
Trax_3089684 DavidJ vs. balmoral : @0/ B1\ A2/ @2+ B3\ C3\ C4\ D2/ @2\ B3/ D0\ F3/ D0/ G3\ F1+ @3/ B1+
Trax_3089735 STrek vs. Ina : @0+ B1+ B2/ A0\ @2/ C1/ B0+ D3\ A5+ C1+ B0\ B7/ D6\ E6\ @4+ F3/ G4+ H4\
Trax_3089805 YankeeFan vs. birddog8560 : @0/ A0/ A0/ @1+ @2+ @2\ A1\ A0+ @2+ B4+ @2+ A4/ C5/ @3+ H4/ E6+ E7/ A5+ C6+ B1\ @1\ D0/
Trax_3089848 mgs vs. Dragon101 : @0/ A0/ B1/ C1/ D2+ A3+ A0+ @4\ E5+ F2/ F1/ C0+ F4\ E7/
Trax_3091251 supermac vs. ypercube : @0/ @1/ B2+ A0+ B4/ @3\ @2+ @1/ A0+ B5/ C6\ A0/ @5+ E1/ E0/ G5/
Trax_3092839 dreamflight vs. DavidJ : @0/ B1\ A2/ A0/ @2+ @2\ B0/ D1/ E2\ @1+ E0/ B1+
Trax_3093691 Dragon101 vs. JiffyJeff : @0/ @1/ B0/ @2/ D1/ C3+ E1+ C0+ E5\ F5+ A5/ B6/ @5\
Trax_3093693 Chad vs. JiffyJeff : @0/ @1/ A0/ B1/ B3/ B0+ B0/ B0/ A2+ C1+ D1\ @2\ @1/ C0+
Trax_3096726 B Line electric streetcar vs. DavidJ : @0/ B1\ B2\ A0/ C3+ @1\ B0/ E1/ E0/ @4/ C5/ D6\ @4+ @3/
Trax_3096835 dreamflight vs. STrek : @0+ @1+ B2/ B0+ B0\ A1\ @2\ D4\ D5\ D2+ B0\ A1\ D2/ E2/ C6/ C7+ C8\ D8\ A0\ @4+ F8/ F5+ G5\ @3+
Trax_3098320 YankeeFan vs. Rogue Trooper : @0/ A0/ A0/ @1+ @2+ @2/ B4+ C5/ D4+ E5/ B6\ @2/ C1+ B1+ B0+ @5/ B6+ A2\ F1/ @3/
Trax_3100412 Chef Jeff 1 vs. JiffyJeff : @0+ @1/ C1+ B0\ B3\ D2/ C1+ C0/ E2+ F2/ F0+ B1/ B6+ A1\ @3/ C0\
Trax_3102494 Fallen Angel vs. JiffyJeff : @0/ @1/ A2\ A3+ B0+ C1/ D1\ D2\ C3\ D3\ B0+ @3/ @3/ C1\ B1\ E0\ C0+ F2/ F1/ G4/
Trax_3102813 klaashaas vs. JiffyJeff : @0/ @1/ A2/ A3/ C2/ C1/ D1/ B4+ A5\ C5+ @5/ B6+ A1+ @3\ C0+
Trax_3103565 dgb vs. ypercube : @0+ @1+ @1\ B2/ B3/ C2+ B4+ @2+ E1\ F1\ @3\ @2/ C0+ D1+ G1+ @4/ D5+ C2\ G0+ J2+ I1/ B7+ A6/ @6/ A7/ B8/ F7/ C9\ D8\
Trax_3104658 Dragon101 vs. JiffyJeff : @0/ @1/ B0/ @2/ C3/ A3+ A0/ A5+ B1+ @1+ E4\ D5+ E5\ D0\ F4+ A1/ G3/ F2+ G5+ C0+ B0/ A1+
Trax_3105991 Lilac Oyster vs. dgb : @0+ B1+ B2/ B0/ A1+ C2+ D2\ E2\ @2\ F1/ G1/ D0/
Trax_3105992 Lilac Oyster vs. dgb : @0+ @1\ B2/ C1/ A0\ D1\ @1+ A0\ C5/ E1/ A0\ F2\
Trax_3105993 dgb vs. Lilac Oyster : @0/ B1\ A2/ B0\ @2+ B0/ B5\ C5\ D1/ C0\ E2+ D5+ F4+ C7/ F6\ G6\ E7/
Trax_3105994 dgb vs. Lilac Oyster : @0+ @1/ C1/ A0/ @2/ A3/ D0/ E1/ A1\ @2/ C0/
Trax_3106427 kbalakri vs. dgb : @0+ B1+ @1/ A2/ B3/ B4/ C2+ C0/ C0/ D3+ A6/ @5/ A2+ @5+ E7\ F4\ C0\ RESIGN
Trax_3109301 ypercube vs. Lilac Oyster : @0/ B1\ A2/ B2+ C2\ C3\ D3\ B4/ D1/ B0\ E2\
Trax_3109302 ypercube vs. Lilac Oyster : @0/ B1\ B2\ A2+ A0\ @2/ B0\ C5+ D3/ D2/ E1\ B0\ F5+ A2+ @5\ G6\ G1/ G0/ H3\
Trax_3109303 ypercube vs. Lilac Oyster : @0/ B1\ A2+ B2+ A3/ B3+ @2+ B4/ D4\ C5/ D1/ D0/ @4\ F5/ E4/
Trax_3109304 ypercube vs. Lilac Oyster : @0+ @1/ B2/ A2+ C1/ A3\ C3\ D2+ C4/
Trax_3109305 ypercube vs. Lilac Oyster : @0+ @1/ @1+ B2\ D1/ C2+ E1\ E2\ F2\ D3/ C4\ C0\ B5/ A4/ C6/
Trax_3109306 ypercube vs. Lilac Oyster : @0+ @1/ C1/ A0/ @2/ C3\ A0\ @2+ E1/ C0\ F2\
Trax_3112998 YankeeFan vs. lhh61 : @0/ @1+ @1\ C0/ D1/ B0\ B4/ C4+ B0+ A1\ @3/ C6\ E6+ F6\ F1/ G2+ E0/
Trax_3113068 Rogue Trooper vs. Lilac Oyster : @0+ @1/ C1/ A2\ A0/ @2\ @2\ C0/ A4/ @4/ D5/
Trax_3114251 ScoobyRex02 vs. STrek : @0/ B1\ A2/ @2+ B3\ C3\ D3+ B4+ @1/ A0+ F4/ E2+ D1+ D6\ E6\ B5/ @2/ B0+ F1/ G1/ H1/ G0+ C2+ C1+ @7+ A8/ A3\ A2+ @5\
Trax_3114541 nisqually vs. YankeeFan : @0/ A0/ B1+ B0+ B0\ A1\ @3/ B5+ A1\ @3/ A2+ A4+ @3\ F3/ D0/ F6\ G6\ E7\
Trax_3115942 JiffyJeff vs. Linda Sue : @0/ @1/ B0+ A3\ B0+ B0/ C1/ C0/ A1\ B0/ @4+
Trax_3117673 dgb vs. kbalakri : @0/ @1/ A2+ B0\ B0\ C4/ B5+ B0\ @4+ B2+ A3\ @2/ C0/ F7/ E8/ E4+ F4\ G4+ F2+ H4\ G5+ E9+ I4\ H6+ G7+ H8+ I7+ @5+ A6/ @6/ D7+ A8+ G10+ I3/ L4+ J10\ K10\ L7\ M10+ M7+ N7\ O7\ K11+ L11\ G12/ F10/ E11\ H13+ N8+ J14\ K14\ P8\ P9\ P10\ N11\ N12+ O11+ @5\ A4\ A3\ B2+ @6/ B7+ K15/ J15/ J16/ I16/ H16+ M17+ N15+ F2+ F0\ E2\
Trax_3118222 spitfire vs. YankeeFan : @0/ A0/ B1+ B0+ C3\ A4+ @4\ B5+ @2\ A1\ @3/ A4/ A5/ @5/ D6\ C7+
Trax_3118407 Chef Jeff 1 vs. JiffyJeff : @0+ A2/ @2/ C1+ A3/ C0\ @4+ A1\ @2/ D0\
Trax_3120501 nisqually vs. spitfire : @0/ @1\ A0/
Trax_3124076 dgb vs. birddog8560 : @0/ @1/ B0+ A3\ A4\ @3+ D1\ C0\ A3+ @1+ C0/ A6/ A7/ D5+ RESIGN
Trax_3124076 dgb vs. birddog856 : @0/ @1/ B0+ A3\ A4\ @3+ D1\ C0\ A3+ @1+ C0/ A6/ A7/ D5+ RESIGN
Trax_3125262 DavidTrax vs. GringoNZ : @0/ @1/ B0+ A3\ C1\ @2+ C3\ E1\ F1\ F0+ E0/ A2\ RESIGN
Trax_3125714 Linda Sue vs. balmoral : @0+ @1+ A0/ B3\ B4\ @2+ @2\ A3\ @2\ A1\
Trax_3125947 Traxplayer vs. Kriistina Jean : @0/ B1\ A2/ @2/ B3\ C3\ @2+ D4+ E2+ E4+ C5+ B0\ B0+ F6/ F7\ G7\ F4\ F8/ E7/
Trax_3125947 Traxplayer vs. Sutik Ansalewit : @0/ B1\ A2/ @2/ B3\ C3\ @2+ D4+ E2+ E4+ C5+ B0\ B0+ F6/ F7\ G7\ F4\ F8/ E7/
Trax_3126178 nisqually vs. YankeeFan : @0/ A0/ B1+ B0+ @3+ B4+ C5/ D5+ A4+ C0+ D7/ E6\ C0/ E5/ D4/
Trax_3127382 Rogue Trooper vs. Phil The Hat : @0/ A0+ A3/ A0/ B4\ A5/ @5/ C2+ B6+ C5\ D5\ D6\ B7/ @4+ F4+
Trax_3127383 Traxplayer vs. jaha : @0/ A0/ @1/ A0/ @2/ @2+ C0+ E3\ @3/ C0+ C0/ D6+ A3+ @4\ B1\ A1\ C0/
Trax_3127724 GringoNZ vs. birddog8560 : @0/ A0/ @1/ C1\ B3/ B0+ D2\ @2\ @2\ G2\ G1+ @2\ E0\ F0+ H2+ C3+ RESIGN
Trax_3127724 GringoNZ vs. birddog856 : @0/ A0/ @1/ C1\ B3/ B0+ D2\ @2\ @2\ G2\ G1+ @2\ E0\ F0+ H2+ C3+ RESIGN
Trax_3127725 Dragon101 vs. birddog8560 : @0/ A0/ B1/ B3/ A0+ @1\ B0/ D2+ B0/ B0/ B0/ @1/ F5\ G5\ A4/ @7+ A8/ A1\ @3+ B0/
Trax_3127725 Dragon101 vs. birddog856 : @0/ A0/ B1/ B3/ A0+ @1\ B0/ D2+ B0/ B0/ B0/ @1/ F5\ G5\ A4/ @7+ A8/ A1\ @3+ B0/
Trax_3127764 davidmilne vs. dreamflight : @0/ B1\ A2/ @2+ @2\ B0/ D1+ E1\ C0+ E3+ E4\ D5\ F3/ D1+ F5\ G5\ E6/
Trax_3127778 jaha vs. stormy rebel : @0/ B1\ A2/ A0/ A0/ A0/ @3+ D4\ D5\ C6\ E4+
Trax_3127794 Dionysos vs. YankeeFan : @0/ A0/ B1/ C2+ A3/ D1\ C4\ D4\ E4\ D0/ E1/ A1\ F2+
Trax_3129174 csain1 vs. DavidJ : @0/ A2\ B2\ @2\ B0/ @1/ D1/ E2+ C4+ E3\ D5/ F5+ C6\ B5+ F1\ G3/ D0/
Trax_3130152 ypercube vs. DavidTrax : @0/ A0+ @1/ B0/ B0/ A2+ @2/ D2+ C5/ B4/ A3/ @3/ A4/ A1\ @2\
Trax_3130595 Dionysos vs. dgb : @0+ B1+ C1\ C2\ C3+ D2+ E2/ E0+ F1+ F0/ D1+ G2+ D0+ H3+
Trax_3130610 Dionysos vs. dgb : @0/ A0/ @2/ @1+ C0/ @3\ B4+ C0+ A1+ @3\
Trax_3131045 supermac vs. dalkelly MIA : @0/ B1\ A2/ @2/ B0/ C3+ A4/ @4/ A5/ E2\ A0+ @2\ F1/ E0+ G2\
Trax_3131130 ypercube vs. jazzbeth : @0/ @1/ B2/ C2/ C3/ D2+ C1/ D4+ C0/ A3/ E4/ C0/ @1+ C0/ C0+ E2+ F2/ G2/ F1+
Trax_3133757 GringoNZ vs. DavidTrax : @0/ A0/ B2/ A3+ C3/ B4/ D3+ D2+ C1/ B5/ C0+ @6/ A7/ A2\ RESIGN
Trax_3134209 Rogue Trooper vs. Dionysos : @0+ B1/ @1/ C0/ C0+ D2+ A1\ A0\ @4\
Trax_3135921 davidmilne vs. CHESSCATJAY : @0/ A0/ @2+ A0/ A4/ @3/ @3/ @3/ C2+ B1+ F3/ E4+ @1+ E0+ E0/ D1+ A2/ F2+ C6/ C0/ @4\ @3/ F0\ H2+ C8/ B6+ C3+ B1\ D0+ C10+ B10+ A8+ I5+
Trax_3135996 GringoNZ vs. klaashaas : @0/ @1/ A0/ @2/ @1/ B0+ C0\ C0\ A2+ @4\ F5+ F4/ B5/ E2/ F6\ G6\ G7\ H6+
Trax_3136091 birddog8560 vs. dgb : @0/ A0/ B2/ A3+ @1/ D2\ C4/ B0+ @2/ A3+ @3/ A2+ B4+ E6/ @2/ @2/ C0+ A4+ @4/ E0+ E0/ D2\ C2\ D0+ D0/ D0/ B4+ H7/ J9+ J10\ I13+ I14/ I15/ J14+ F12+ E12/ F13/ G6+ G3+ H4/ I4/ I3/ I2+ J4+ H0/ I1/ I0/ J2/ K2+ D1\ D0/
Trax_3136091 birddog856 vs. dgb : @0/ A0/ B2/ A3+ @1/ D2\ C4/ B0+ @2/ A3+ @3/ A2+ B4+ E6/ @2/ @2/ C0+ A4+ @4/ E0+ E0/ D2\ C2\ D0+ D0/ D0/ B4+ H7/ J9+ J10\ I13+ I14/ I15/ J14+ F12+ E12/ F13/ G6+ G3+ H4/ I4/ I3/ I2+ J4+ H0/ I1/ I0/ J2/ K2+ D1\ D0/
Trax_3137202 dab vs. jazzbeth : @0/ A0/ B1+ B3/ @2+ D3\ D4\ D1/ E1/ F1/ E3+ B0/ A4/ F0/ G1/ A1\ @1\ C0/
Trax_3137400 HEATHER vs. jazzbeth : @0/ B1/ B0\ C2/ B0/ @3/ A4/ A5/ E4\ C6+ A7/ @6/
Trax_3137590 Rogue Trooper vs. jaha : @0/
Trax_3137595 Traxplayer vs. Phil The Hat : @0/ @1/ B0+ @1/ A0/ A0/ @1/ @1/ D1/ A2/ D5/ C5/ F5\ E6+ F1/ G3+
Trax_3137670 YankeeFan vs. jaha : @0/
Trax_3137774 marygal vs. jazzbeth : @0+ A0/ A3\ B1/ B0/ C4+ D1+ B0/ @1+ A0\ @1\ A0\ A5/ @1+ B6\
Trax_3138260 Geri39 vs. jazzbeth : @0/ A0/ A3+ @2\ C2\ D1+ D3/ E2+ C4/ E4\ F3+ D5/
Trax_3138318 DavidTrax vs. ypercube : @0/ @1/ A2+ B0\ @2/ C4/ B5\ @2/ B4+ A1\ @1\ A3+ D6+ F1\ D0/ @4+ D0+
Trax_3138342 Geri39 vs. Jesme : @0/ A2\ B2\ B3+ @1\ B0/ C2/ D2/ A3+ C1+ A5/ @3/ D5\ C6/ @2\ C1\ C0\ E1+ A5+ E0+ A7/ @7/ @4\ B3+ A3+ A2\ B1\ B0\ A2\ @4+ @2\ B1/ C9/ B7+ F0/ G1/ A5/ @5/ D0\ C2+ C1+ B2/ C11+ H3\ I3+ B8\ E11+
Trax_3138360 dab vs. Jesme : @0/ A2\ B1/ B0+ @2+ A3+ D1+ C3+ @1\ A0+ B1+ B0/ A4+ @2\ F4\ A1+ C0/ A1+ A0\ @1\ A0\ @1\
Trax_3138517 GringoNZ vs. DavidTrax : @0/ A0/ @1/ B0+ B0/ @3\ @3+ @3/ B4\ B5\ C5\ F5+ E6\ F1/ G4+ C6+ D7+ F0+ E9\ F9+ F10/ D1\ F8+ C3\
Trax_3138749 violet unicorns vs. jazzbeth : @0/ @1/ B0/ @1/ C3/ D2+ D4/ E3+ E2/ C0/ E6/ A0+ A4/ @2+
Trax_3138750 violet unicorns vs. Jesme : @0/ A2\ B1/ B0+ @3/ B4\ B5/ A4/
Trax_3138751 violet unicorns vs. splodge : @0/ A2\ @1/ C1\
Trax_3138752 violet unicorns vs. Dragon101 : @0/ A0/ B2/ B1/ A3/ A4/ A5\ C3+ C5/ D4/
Trax_3138816 dab vs. Dragon101 : @0/ A0/ @2+ @2\ D1/ A0+ C0\ E3/ @2\ B1\ A1\ G4\ G5\ G1/ B0\ H4/
Trax_3138953 lhh61 vs. B Line electric streetcar : @0/ B1+ C1/ B0/ B0/
Trax_3139225 Geri39 vs. Dragon101 : @0/ A0/ A3+ @3/ A4\ A1\ @3+ B0/
Trax_3139257 marygal vs. Jesme : @0+ @1+ A2\ B0/ C1/ A1\ A0\ @3+ C1/ C0/ D2+ E1/ D0\ A6/ B7\ @5+ E7\ F6/
Trax_3139258 marygal vs. splodge : @0/ A2\ B1/ B0/ A0+ C1/ @2+
Trax_3139259 marygal vs. Dragon101 : @0+ A0/ B2+ B3\ C3\ @2+ B3+ D4\ E2/ E1/ E0/ E0+ F4+ B1\ C7+ A5/
Trax_3141487 Dragon101 vs. birddog8560 : @0/ A0/ @2/ @1/ D2+ C3\ C0/ B5/ A3/ D5\ E5\ D6/
Trax_3141487 Dragon101 vs. birddog856 : @0/ A0/ @2/ @1/ D2+ C3\ C0/ B5/ A3/ D5\ E5\ D6/
Trax_3143173 HEATHER vs. Jesme : @0/ A2\ @2/ C1\
Trax_3143176 HEATHER vs. Dragon101 : @0/ A0/ @2\ B0\ C2/ A2\
Trax_3146704 * vs. tyshy4me : @0/ RESIGN
Trax_3146771 YankeeFan vs. basplund : @0/
Trax_3148632 DavidTrax vs. GringoNZ : @0+ A2+ A3+ A0\ @2\ B0+ C1/ D1+ B0\ B0/ A4\ @3+ C8+ C0+ A6/ A7/ B1\ B0\ @4+ F7\ B1\ G7/
Trax_3149115 nisqually vs. YankeeFan : @0/ A0/ B1/ C2+ A3/ D1\ C0+ A5+ @3+ E5\ D0+ D7\
Trax_3149212 ypercube vs. dgb : @0/ @1/ B2/ C1+ A0/ B4\ D2/ A4/ A5/ @3\ E1/ A0\ RESIGN
Trax_3149213 ypercube vs. dgb : @0/ A0+ A0\ @1\ A0\ @4+ @3+ B0+ B6/ A6/ E5/ F4\ G5/ @6/ B7/ F6+ I6+ I7\ I8+ J6+ D8+ E8+ F9/ A7/ A9+ D10\ H10+ C11+ @7+ A8/ @4+ C3+ A8/ A9/ @7\
Trax_3149214 ypercube vs. dgb : @0+ @1+ A0+ @2+ B3+ @2+ B3/ A1\ A4\ @3\ A5+ @4/ @4/ A5/ RESIGN
Trax_3149215 dgb vs. ypercube : @0/ @1/ B0+ A3\ C1\ B0\ @2+ E2\ D1+ B0/ C0+ E2+ F3+ A1\ @1\ C0+ A4/ @3/ E7+
Trax_3149216 dgb vs. ypercube : @0+ @1+ @1/ B2+ D1/ C0/ C0/ B5\ B6\ @3/ B5+ @4\ A2\ @1/ G4\ H3/ F0/ RESIGN
Trax_3149217 dgb vs. ypercube : @0/ B1/ B0\ C1\ B3+ D1\ C0/ @3/ B5+ F2\ D0/ B1+ C0\ C0\ B1\ A1\ @5+ H5/ F4+ RESIGN
Trax_3150079 Geri39 vs. * : @0/ B1\ B2\ B0+ A3/ A4/ @2\ A1\ C0/ D1/ E4\ D5/ B6+ F4+ D0/ G5+ C0\ @5+
Trax_3151654 DavidJ vs. jaha : @0/
Trax_3151719 csain1 vs. Rogue Trooper : @0/ B1/ B2+ B3/ A0+ C3+ D3/ C1+ C0/ E3\ E0+ F4+ D0/ E7\ C1\ C8+
Trax_3151741 YankeeFan vs. Lilac Oyster : @0/ B1\ B2\ A2+ C1/ C0/ A1+ D1+ D4+ E2/ F4+ G4/ C5\ D6+ @3/ C4+ B5+ B6/ F0\ C8\ E8\ F8\ C1+ E0/ G8/ B2+ C1+
Trax_3151767 princesarg vs. jaha : @0+
Trax_3152337 Dragon Jr vs. marygal : @0+ @1+ A0/ A3/ @3/ C3\ B4/ D1/ D0/ D3+ E2\ E4\ E5\ F3/ G4+ G1/ G0/ H3\
Trax_3152373 violet unicorns vs. Dragon Jr : @0/ A2\ A3/ B2/
Trax_3152836 dgb vs. GringoNZ : @0/ A0/ B1+ @1/ B0\ @2/ C4\ A3+ @3/ D5/ C1+ A2+ B4+ C5+ B0+ F3\ C7/ C8/ D7+ @5+ F6+ D9+ F8+ C9/ B9/ H5/ @5/ B6/ B7/ A6/ A9+ B3\ E1+
Trax_3153423 kbalakri vs. GringoNZ : @0/ @1/ B0+ B3/ C3/ C4\ D3/ A4/ A5/ A6/ @4+ @3/ @3/ E5\ G2+ E0/ E0/ C4+ @5+ E9\ F8+ I4/ G8/ @5/ @5/ B4+ G2+ J7/ H0/ RESIGN
Trax_3153431 Miss Traven vs. Lore_Lamia : @0+ B1\ B2\ A3/ @3/ D3/ D4\ E4\ A5/ @5/ @5/ B3+ D0\ C3\ B7/ C8+
Trax_3153847 klaashaas vs. YankeeFan : @0/ A0/ B2/ A3+ A4\ A5\ A6\ @6+ A2+ B0+ @3\ D1/ A0\ @1\ E1/ E0+ F3+
Trax_3155411 basplund vs. davidmilne :
Trax_3155969 Miss Traven vs. Christine : @0/ A2\ B2\ B3+ C2/ C1/ A0\ C1+ A0\ @3+ E2\
Trax_3157128 ypercube vs. Dionysos : @0/ B1\ A2/ B2+ C2\ C3\ D3\ D4\ @4/ A5/ E1/ F2\ A1\ B0/ @4\
Trax_3158454 csain1 vs. DavidJ : @0/ B1\ A2/ A0/ A4+ @3/ C4\ @1+ A0\ @4/ A5/ A6/ A7+ @5+ G5\ E6+ G1/ E8\ E0/
Trax_3158455 DavidJ vs. csain1 : @0/ A0/ @2/ B0+ C2/ B4+ C0/ D2/
Trax_3158460 csain1 vs. dgb : @0/ @1/ A2+ C1+ @2\ @2\ F1\ G1\ C3/ A0+ C0+ G5\ E1/ D6/
Trax_3158461 dgb vs. csain1 : @0+ @1+ @1\ B2/ B3/ B4/ D1\ B0/ C3+ D4+ @3+
Trax_3158462 DavidJ vs. Pegasus : @0/ B1\ A2/ @2/ C2\ C3\ B3+ C4\ D4\ D5\ E5\ E6\ F6\ F7\ G7\ G8\ H6+
Trax_3158462 DavidJ vs. Wife of a Maverick driver : @0/ B1\ A2/ @2/ C2\ C3\ B3+ C4\ D4\ D5\ E5\ E6\ F6\ F7\ G7\ G8\ H6+
Trax_3158463 Pegasus vs. DavidJ : @0+ @1\ A2/ @2/ A1+ A0\ B1+ @2+
Trax_3158463 Wife of a Maverick driver vs. DavidJ : @0+ @1\ A2/ @2/ A1+ A0\ B1+ @2+
Trax_3158464 DavidJ vs. boneyardking : @0/ B1\ A2/ B2+ C2\ B3/ B4/ A4/ @4/ A5\ D5\ E4/ @3+ @3\ B0+ C0/ C8/ B8/ D1/
Trax_3158465 boneyardking vs. DavidJ : @0/ B1\ A2/ A0/ @2/ A0+ @2\ @2\ A1\ C0/ C5/ E1/ F1+ D0/
Trax_3158466 DavidJ vs. dgb : @0/ @1/ B0/ @1+ A0\ A0+ @1\ E4\ D5/ E1/ A2/ D0/
Trax_3158467 dgb vs. DavidJ : @0/ B1\ A2/ B0\ @2+ B4/ B0\ @2\ B1\
Trax_3158470 Pegasus vs. dgb : @0+ B1+ A0/ A3/ B3+ @2+ A1+ D2+ C4\ C5\ D1+ D4+
Trax_3158470 Wife of a Maverick driver vs. dgb : @0+ B1+ A0/ A3/ B3+ @2+ A1+ D2+ C4\ C5\ D1+ D4+
Trax_3158471 dgb vs. Pegasus : @0+ @1+ @1/ D1\ B0/ D3/ C3/
Trax_3158471 dgb vs. Wife of a Maverick driver : @0+ @1+ @1/ D1\ B0/ D3/ C3/
Trax_3158472 boneyardking vs. dgb : @0+ @1+ B2/ B0/ C1/ D1+ D0\ D4\ D5+ E3\
Trax_3158473 dgb vs. boneyardking : @0/ B1\ A2/ @2+ B0+ @3\ E2/ E1/ F1/ F3/ E0+
Trax_3158474 davidmilne vs. mgs : @0/ @1/ A2+ A3\ @3\ @2/ B1+ C0+ B0/ B0/ E3\ A7/ @7/ C8+ C9/ A4\ A3/
Trax_3158475 mgs vs. davidmilne :
Trax_3158476 davidmilne vs. dreamflight : @0/ B1\ A2/ @2/ @2+ B3\ @2+ E2+ E3\ F3\ F4\ G4\ D5+ B4\ G1/ H1/ E0/
Trax_3158477 dreamflight vs. davidmilne : @0/ @1/ A2+ A3\ B0/ C4+ A0\ @1\ D6\ E6+ E7\ C7\ F6/ F4+ G4/ G3+ G2+ H3\
Trax_3158478 davidmilne vs. Traxplayer : @0/ @1/ B2/ B0\ B0\ C2+ A2+ B5/ C3+ B0/ D3/ E2\ B0/ @4\ D2+ G3+ E7\ C8+ G6+ G8\ RESIGN
Trax_3158479 Traxplayer vs. davidmilne : @0/ @1/ @1/ B0+ @2/ D3+ E3\ F3\ E4/ B4/ F5\ G5\ B5+ RESIGN
Trax_3158482 mgs vs. Traxplayer : @0/ @1/ A2/ B3+ C3\ D3+ D4\ D0/ E1+ A1\ A0\ @2/
Trax_3158483 Traxplayer vs. mgs : @0+ B1+ C1/ C0/ B0/ A1+ D2\ A4\ @2+ C0+ D1/ D0/ E2/ F4\ G4\ C0\ B1\ A1\ F4+ E1/ E0/ E7+ H6\ F3+ @5+ E8\ G8+
Trax_3158484 dreamflight vs. Traxplayer : @0+ B1+ B2/ A0\ C2\ B4+ A4+ @2+ A4\ @2\ F3/ E1/ D0/ D0/ E2/ F2/ G2\ G3\
Trax_3158485 Traxplayer vs. dreamflight : @0/ B1\ A2/ B2+ @2\ C3\ C4\ D3\ E3\ E4\ E1/ A1+ F1\
Trax_3158488 Daddy MBA vs. GringoNZ : @0+ B1+ C1/ C0/ C0\ D2+ D1+ C4\ E3/ F3/ D4+ E5/ G3/ A2\ A1\ @1\ B0\ H2+
Trax_3158489 GringoNZ vs. Daddy MBA : @0+ @1\ B2+ C1+ B0/ C3\ D3\ C4/ C5/ B5/ A5/ B6\ @3\
Trax_3158492 Jay RAA vs. GringoNZ : @0/ @1/ B2\ C1\
Trax_3158493 GringoNZ vs. Jay RAA : @0+ B1\ A0+ @2/ A3/ @3/ D4+ @2\ A1+ A0/ B1/ C0/ @4\
Trax_3158496 GringoNZ vs. the sting : @0+ @1\ B2+ C1/ C0/ D1/ D0/ E1/ B0+ @2\ F0/ D0\ G3/
Trax_3158497 the sting vs. GringoNZ : @0/ @1/ B2/ C2/ C3/ B0\ C5\ D4/ B4/ @2\ A1\ B5\ A0\ @1\ A6\ @2\ A1+ A0\ @7\ D1+
Trax_3158498 ypercube vs. jazzbeth : @0/ @1/ A0+ B3+ A4\ A5\ C5/ C3+ @3+ C6/ @6+ A7/ @7/ C8\ A4\ @4\ B3/
Trax_3158499 jazzbeth vs. ypercube : @0/ @1/ B0+ B3\ C2+ A4/ @2/ D4\ D5\ E2\
Trax_3158500 ypercube vs. birddog8560 : @0+ A0/ A3\ B1/ B0/ C3\ A5\ B6/ D3+ D4+ A0\ RESIGN
Trax_3158500 ypercube vs. birddog856 : @0+ A0/ A3\ B1/ B0/ C3\ A5\ B6/ D3+ D4+ A0\ RESIGN
Trax_3158501 birddog8560 vs. ypercube : @0/ @1/ A0/ A3\ C2+ D2\ D3\ E3\ E4\ B5+ @1\ A0\ @3/ A4/ A7+ @4/ D8\ E8\ @6/ A4+ J4+ K5/ H7+ F9+ G8+ H2+ K3+ D0/ E1/ F1+ D0\ J8+
Trax_3158501 birddog856 vs. ypercube : @0/ @1/ A0/ A3\ C2+ D2\ D3\ E3\ E4\ B5+ @1\ A0\ @3/ A4/ A7+ @4/ D8\ E8\ @6/ A4+ J4+ K5/ H7+ F9+ G8+ H2+ K3+ D0/ E1/ F1+ D0\ J8+
Trax_3158502 ypercube vs. Jenny Poo : @0/ B1\ A2/ B2+ @2\ C3/ A3/ @3/ E1/ E0/ F2/ A3+ F3\ C5/ G3/
Trax_3158503 Jenny Poo vs. ypercube : @0+ @1+ A2\ B0/ A1+ @1\ A0\ @1\ A0\ E1/ D0+ F3\ F4\ F1/ F0/ G2\
Trax_3158504 jazzbeth vs. birddog8560 : @0/ A0/ B1+ @2\ B0/ D2\ C4+ B0/ B0/ C7/ A6+ A1/ C8/ D2+ E5/ A0\ @2/ E1/ F3/ C0/
Trax_3158504 jazzbeth vs. birddog856 : @0/ A0/ B1+ @2\ B0/ D2\ C4+ B0/ B0/ C7/ A6+ A1/ C8/ D2+ E5/ A0\ @2/ E1/ F3/ C0/
Trax_3158505 birddog8560 vs. jazzbeth : @0+ A0/ @2\ @1/ A3\ @3\ D0\ D4+ A5\ @4+ @4\ F0\ G2\ H3+ F6/ E1\ D7/ B4\ A7/ @6/ C8/
Trax_3158505 birddog856 vs. jazzbeth : @0+ A0/ @2\ @1/ A3\ @3\ D0\ D4+ A5\ @4+ @4\ F0\ G2\ H3+ F6/ E1\ D7/ B4\ A7/ @6/ C8/
Trax_3158506 jazzbeth vs. Jenny Poo : @0/ B1\ B2\ C2\ C3\ C0/ D1/ A3+ C0+ C6+ D4+ E2/ A1\ @3/ B0/
Trax_3158507 Jenny Poo vs. jazzbeth : @0+ A0/ A3\ B1/ B0/ C4+ @1\ A0\ E4+ A5+ @4/ G2+ E6\ F1+
Trax_3160086 birddog8560 vs. GringoNZ : @0/ @1/ A0/ A0/ @3+ B4\ D3/ @1/ B0+ E3/ C6\ E2+ D0\ @3/ A4+ @2\ C1/ @3/ B4+ E6/ @3/ A4/ A5+ @2+ C1/ E0+ A1+ B0+ C9/ RESIGN
Trax_3160086 birddog856 vs. GringoNZ : @0/ @1/ A0/ A0/ @3+ B4\ D3/ @1/ B0+ E3/ C6\ E2+ D0\ @3/ A4+ @2\ C1/ @3/ B4+ E6/ @3/ A4/ A5+ @2+ C1/ E0+ A1+ B0+ C9/ RESIGN
Trax_3161789 Rogue Trooper vs. ypercube : @0+ @1+ A2\ B0/ C1/ C0/ A1\ B0+ @3+ D0\ C7/ E1/ E0/ E6+ F5+ @5/ A7+ @6/ A7+
Trax_3162814 GringoNZ vs. DavidTrax : @0/ A0/ @1/ B0+ C3/ @2\ B0/ D5/ A2\ B0/ E6/ D3\ D2+ E3\ F6\ D7+ F3+ C0+ D9/ G5+ H6\ C8+ I6/ H5+ F2/ G2/ H3/ I3+ J4+ G8/ F9\ H7+
Trax_3163235 princesarg vs. jazzbeth :
Trax_3163271 Rogue Trooper vs. dgb : @0+ B1+ @1/ A2/ C2+ B0\ A4/ @1+ C0\ B6+ E4/ F3\ E6\ E7\ C0+ C0\ D3+ F3+ RESIGN
Trax_3163353 stormy rebel vs. jaha : @0/
Trax_3165241 jaha vs. basplund :
Trax_3166106 Dolly25 vs. Traxplayer : @0+ B1+ A2+ @2+ C2+ D2+ A3\ B0/ A2+ @3+ B1+ C0+ D5+ C6+ B6+ F4+ D1+ E2+ F3+ G4+ F2+ H4+
Trax_3166224 DavidTrax vs. ypercube : @0+ @1+ @1/ B0\ A0/ B0\ D4/ D5/ E4/ E3/ F5\ F6\ C2+ E6/ E7/ A0/ @4/ @3+ B0+
Trax_3166760 DavidJ vs. davidmilne : @0/ @1/ B0/ A3\ A4\ @2+ C3+ D1/ D0/ E2\ A0\ @3/ D0/ D8/ F5+ G5\ A6/ @5\ F8+
Trax_3169014 violet unicorns vs. ypercube : @0/ @1/ A2/ C2/ A3/ C4+ A5/ D3+
Trax_3169015 violet unicorns vs. ypercube : @0/ B1/ A2/ C2\ A3/ B4+ C4\ B0/ D4/ E5\ D3/ D6\
Trax_3169016 violet unicorns vs. ypercube : @0/ A0/ @2/ A0+ @3/ B0/ A5/ @4+
Trax_3169870 YankeeFan vs. ypercube : @0/ @1/ B0+ B0/ C1/ @2/ D0+ E2/ B5+ F3\ E4+ G2/ G1/ G0/ H1/ G0\ E1/ E0/ E0/ H8+ I5+ E9\
Trax_3171925 Traxplayer vs. violet unicorns : @0/ A2/ @2\ A3/ @2/
Trax_3172306 jaha vs. Traxplayer :
Trax_3172450 Miss Traven vs. Lore_Lamia : @0/ B1+ A2/ A3+ A4+ @2/ D1/ A0\ D3\ @1/
Trax_3173218 CHESSCATJAY vs. * : @0/ A2\ B1/ B0+ A0/ C3/ D3/ D1\ @1\ B0+ A1+ A0\ @4+ B6+ B7/ D6+ E7+ E2/ A2\ @3+ A5\ H3+
Trax_3173387 Traxplayer vs. Red Arrow : @0/
Trax_3174041 Miss Traven vs. Christine : @0+ @1+ B0\ A3/ @3/ D2+ E2/ @3+ B4\ @3+ E3+ G1/ E4/
Trax_3175936 marygal vs. JiffyJeff : @0+ @1/ C1/ C0/ @2\ A1\ C0/ B4/ B0+ @3/ A2+ F4/ A5/ A6/ @3+
Trax_3176013 jazzbeth vs. Dionysos : @0/ B1\ B2\ A2+ C1+ C3/ D2+ E2\ D1/ C0/ F3/ E5+ A5/ F5+ C6/
Trax_3176047 princesarg vs. jaha :
Trax_3176054 aubug vs. Dragon101 : @0/ A0/ @2+ @2\ C0\ B4+ B1+ D3\ D4\ @2+ F3+ E1+ G3+ C0/ A1/ C0/ F2+ @3/ D7/ A1\ D0/ @2/
Trax_3176264 violet unicorns vs. JiffyJeff : @0/ B1/ A2/ B0+ @1/ D1/ D0/ B1+ A4+ D4\ E4/ E3/
Trax_3176270 mcinturff vs. FrostyColdOne : @0+ B1+ C1/ B0+ @2/ B1+ D3/ B3/ B4/ D4+ C0/ E1/ E0/ E6/ F2/ B2\ B1\ F6\ E7/ A6/ G2/ B7+
Trax_3177408 McStack vs. Rogue Trooper : @0/ A0+ A0\ @1\ B0\ B0\ C1+ @5/ C6/ D0+ E1/ E4/ B1/ C0/
Trax_3177445 csain1 vs. davidmilne : @0/ @1/ B0+ B0\ A4/ @1+ @2+ B0+ A1\ C0\ A7/ RESIGN
Trax_3177446 golfnutrof vs. supermac : @0+ @1/ C1/ C0/ C0+ B0/ A1+ @2\ D5\ E3/ E5+ F2\ G2\ E1+ E0/ H1+ H0/ H7+ I5+ G8+
Trax_3177591 stormy rebel vs. Linda Sue : @0/ A2\ B1/ C1/ @1/ @1\ A0\ @1\ C1/ B0\ D2/ C1+ C0/ C0\ E4/ B1+ A2\ @2\ C0/ A2/
Trax_3178071 Slippy vs. violet unicorns : @0+ A2/ @2\ A1\ @1\ A0/ B1+
Trax_3178339 paul jenkins vs. violet unicorns : @0+ A0/ B1\ B2\ B3/ A3/ C2\ B4/ A4/ A5/ D5\ E5/ D1\ @3/ F3\ A4/ A1\ @1\ G1/ B5/
Trax_3178598 FRANK FROM CINCY vs. violet unicorns : @0/ A0/ @1+ A0\ C1/ C0/ B1+ C3+ D1\ B0/ D5\ D3\ D6/
Trax_3178642 sweeteyes vs. violet unicorns : @0/ A0/ B1+ A0/ B4\ B5/ C4/
Trax_3178882 Phil The Hat vs. DavidJ : @0/ B1+ C1+ B0\ D2+ @1\ A0\ @3/ A4+ C4/ B5\ @4/ F5\ D6/ G2\
Trax_3178918 Ina vs. YankeeFan : @0+ A0/ A3\ B3\ B4\ C1+ A5/ @5/ E3/ D5+ E1+ C0+ B7+ B8\ E7+ A4\ D9+ F4/
Trax_3179249 BillsPlace vs. violet unicorns : @0+ A2/ A0+ @3/ A1+ B0/ A1+ B0\ A1+ @1\ A2+ A0\ A4+ @5/ A4+ A3\ D1/ A2+
Trax_3179527 DavidTrax vs. ypercube : @0+ @1+ C1/ C0+ C0/ B4/ B5/ B6/ @4\ B2\ A1/ B0\ E4\ E5\ @7/ A8/ @7/ G8\ H5+
Trax_3179988 jazzbeth vs. klaashaas : @0/ @1/ A2+ B3/ C3/ B0\ @2/ @2/ B4+ E5/ E2\ B5/ C6+ C7/ A6+ A8\ F3\ @3\ A1+ A8/ G6\ @6/
Trax_3180005 Rogue Trooper vs. jazzbeth : @0+ A0\ B2\ B3+ @1+ C4+ D4\ D3/ E3/ F3/ C1+ D5+ C0/ G2+ G0+ C1+ E7/ C0\ A1+ @4/ @4/ B6+ F0+
Trax_3180061 klaashaas vs. JiffyJeff : @0/ @1/ B0/ @2/ B3+ B4/ B0+ @3/ @5/ B6+ A1+ A0\ @5\
Trax_3180872 marygal vs. JiffyJeff : @0/ A2/ B2\ B3\ A0\ @1\ D2/ D1/ D0/ B0+ C0\ A5/ @5/ A3+ B1+ @3+ F0/ G2+ B1\ A1\ E0\ D2+ C1/ A6+ G1/ G0/ H4/
Trax_3184599 Rogue Trooper vs. JiffyJeff : @0+ @1\ A0+ C2\ A3\ @1\ A2+ C4+ D1+ B0+ A5/ @4+ C6+ F3/ A6/ @5/ C7/
Trax_3185047 FrostyColdOne vs. mcinturff : @0/ B1\ A2/ @2+ C2\ C3\ D1/ D0/ B1+ E2/ A4\ B5\
Trax_3185676 FrostyColdOne vs. mcinturff : @0/ B1\ B2\ C2+ A2/ A3/ @1\ A0\ @2+ E4\ D5\ D6\ E6\ F5\ F6\ G4+ C1+ H4+
Trax_3186096 Miss Traven vs. Christine : @0+ B1+ A0+ C2+ D2\ @2+ B0+ @3+ @3\ G4\ D4+ H4+ D0+ I5+ J5/ J4/ I3/ K4+ L4/ A3\ D0+ @4+ E0+ @5+ @5\ A4\ @4\ P5/ H0+
Trax_3186384 YankeeFan vs. Dionysos : @0/ @1\ A0/
Trax_3187333 Rogue Trooper vs. JiffyJeff : @0+ @1\ C1\ C2\ B0/ @2\ D4\ E4\ B0+ D1+ B5/ B6/ F4+ D0/ D0/ G3\ G4+
Trax_3187538 Dragon101 vs. birddog8560 : @0+ @1+ A0+ @2+ @2\ C3/ C4/ A3+ @3/ @3\ @3\ D5\ B4+ F5/ @3\ @4+ A5/ A6+ @4+ I6/ F7+ J4+
Trax_3187538 Dragon101 vs. birddog856 : @0+ @1+ A0+ @2+ @2\ C3/ C4/ A3+ @3/ @3\ @3\ D5\ B4+ F5/ @3\ @4+ A5/ A6+ @4+ I6/ F7+ J4+
Trax_3187726 YankeeFan vs. Traxplayer : @0/ @1/ C1/ D1/ C0+ D3+ E1\ B0+ E5/ F2\ A5+ B6+ G5+ F6\ F7+ H4+ F1+ @5+ A6/ F8+ C8+ E0+
Trax_3187731 DavidTrax vs. ypercube : @0/ @1/ C1/ B2/ A2/ @1\ C0+ C0/ E2+ E4\ D5+ C6+ @3+ G3+ G5/ E6+ @3/ A5+ E7+ I3\ J3/ J2/ I1/ F0+ K3/ F8+
Trax_3189049 GringoNZ vs. Phil The Hat : @0/ @1/ B2/ B3/ C3/ B4/ A3/ D3\ C2/ C5\ D5\ E4/ F3\ A5\ B6/ E6+ E7+ G6\ F7+ G3+ B0/ H5+ E2/
Trax_3189106 balmoral vs. davidmilne : @0+ A2\ A0/ B3\ B4\ C1+ C0/ B0/ A2+ D6+ D2/ E2/ E1/ F3\ E4+ A7+ @5\ @5\ @5\ A3+ @3\ A7+ @4\ C8+
Trax_3190511 ypercube vs. basplund : @0/
Trax_3190961 Morticia vs. Yiewxi : @0/ A2\ B2\ C2\ C3+ A4/ @4/ A5+ A2+ A1+ @4\
Trax_3191616 coopaah vs. spitfire : @0/ B1\ B2\ C2+ C3/ C0/ D2+ B0\ A1\ @3/ A4/ @1\ @2+
Trax_3193036 Dragon101 vs. JiffyJeff : @0+ @1+ @1/ A2/ A3+ @2+ D3\ C4/ B5\ C0/ D6\ C7/ E4+
Trax_3196462 balmoral vs. jaha : @0+
Trax_3196496 FrostyColdOne vs. mcinturff : @0/ B1\ B2\ C2+ A2/ A3/ B0\ C4\ C5\ D5\ A6+ B7+ D1/ @6/ F3/
Trax_3196537 YankeeFan vs. Phil The Hat : @0/ A0/ A0/ @1/ C2+ A0\ @1\ D1+ E1+ A0\ D0+ E2/ F2/ F1/ F0/ G1/ D0+ G6\ H4+ E7\
Trax_3196538 Traxplayer vs. GringoNZ : @0/ @1/ A0/ A3\ @2\ B0/ B5\ @3\ D4+ D2+ E2\ F3\ G3\ F2+ C0/ H4+ F5+ @4\ F2/ C5+ RESIGN
Trax_3196825 Morticia vs. Yiewxi : @0/ B1\ A2/ B2+ B3+ C3+ C1/ C0+ D3\
Trax_3197814 davidmilne vs. ypercube : @0/ @1/ A0/ @1/ B3+ @1\ C0+ D1/ E1/ E3+ C5+ B5/ B6/ D0+ C0/ A3+ B1+ @3/ G2\ E0\ C6/ B9+ @8+ D10/ B3/ @7/ C10+ F11+ G9/ H8\ RESIGN
Trax_3197858 jaha vs. stormy rebel :
Trax_3199615 davidmilne vs. ScoobyRex02 : @0/ B1\ A2/ @2+ @2\ @1/ D0/ E0\ A0+ @3/ E0\ G5+ G6\ E7/ A5/ @5/ A1\ @2/ G0/ H1/ F1+ C1\ E8+
Trax_3200256 Traxplayer vs. JiffyJeff : @0/ @1/ A0/ B1/ B3/ C2+ @1\ C0/ A4/ @3\ D5/
Trax_3200317 ypercube vs. JiffyJeff : @0/ B1/ B2\ C2\ D2\ B0+ D2/ E1\ E0+ D5+ @4\ B1+ @1+ A4+ H3/ F0+ A1\ E0+ H2+
Trax_3201116 ypercube vs. Rogue Trooper : @0/ B1+ @1\ A0\ @2\ C3/ C4/ C5/ C6/ @6+ B7/ B8/ A8/ @8/ @6/ A8/ D9+ H6+ B5+
Trax_3201130 FrostyColdOne vs. mcinturff : @0+ @1\ A2/ @2/ C2+ B0+ C4/ B0/ D1/ D0/ A6\ A3\ @2/ F2+ @3\ A1+ E0\ H3/ H1/ F5\ G0\
Trax_3201171 Rogue Trooper vs. Traxplayer : @0+ B1+ A0+ @1+ B3+ A0/ A4+ B5\ C2/ C4+ @2/ @3\ @3\ @3\ H1\ A1\ E0/ @2/
Trax_3201207 Ina vs. basplund : @0+
Trax_3201695 YankeeFan vs. JiffyJeff : @0/ B1/ C1\ C2\ D2\ A2/ D3+ E2+ E0+ B1+ A4/ B5/ C0+ F4+ @3+ B1+ D0\ @2\ A1\ C0+
Trax_3202375 STrek vs. Sassy Lassie : @0+ @1/ @1\ B0/ C3\ C0\ A1\ B0/ @3+ A5/ B6\
Trax_3206170 lhh61 vs. * : @0/ A2\ B1/ B0+ B3\ C2/ D2/ B0+ @3+ C5+ D4+ C6+ A1\ @2+ C0+ F2\ G4+ B6/ B7/ A6+ @5+
Trax_3206711 jazzbeth vs. JiffyJeff : @0/ B1/ A2/ B0+ @3+ A4/ D3+ C4\ C5\ C0+ D5+
Trax_3208082 darkest angel 70 vs. B Line electric streetcar : @0+ @1+ A0/ A3/ C1\ B3\ A4/ A0/ @2\ E1/ D0\ E5\ F3/ E6/
Trax_3208269 YankeeFan vs. princesarg : @0/
Trax_3208271 jaha vs. dl2 :
Trax_3208310 stormy rebel vs. ypercube : @0/ @1/ A2/ C2/ B3/ @1\ A0\ A4/ @3\ D5/ E2/ E6\ F6\ B6/ C7/ A5/
Trax_3209816 Rogue Trooper vs. birddog8560 : @0+ A0/ B1\ A3/ @3/ @3+ B1+ B0/ A5+ @2/ B1+ B0/ A5/ E2/ F3\ @4\ @3/ E1/
Trax_3209816 Rogue Trooper vs. birddog856 : @0+ A0/ B1\ A3/ @3/ @3+ B1+ B0/ A5+ @2/ B1+ B0/ A5/ E2/ F3\ @4\ @3/ E1/
Trax_3209890 FrostyColdOne vs. mcinturff : @0/ A2\ B2\ B1+ @1\ A0\ A3+ A4/ @3/ @3/ B4/ B5/ A4/ @4/ G3/ B5+
Trax_3209895 jaha vs. Red Arrow :
Trax_3209899 dgb vs. GringoNZ : @0/ @1/ B0+ C1+ B3/ B0/ B0/ @4+ @4/ F2+ E0+ G2\ C3+ A4+ D1+ B2+ @2\ A1\ D0+ H1/ I1/ G0\ F1\ @5+ B7/ A6+
Trax_3209921 stormy rebel vs. Dragon101 : @0/ A0/ @2+ @2\ D1/ A0+ C0+ E3/ B5/ F1/ F0/ F5\ G4\ F6/
Trax_3210640 jazzbeth vs. JiffyJeff : @0/ B1/ B0\ A3+ A1+ @1\ B4\ D4+ @1\ C0/ E2+ C0+ @4/ A5/ A1\ B0/ @3/
Trax_3211333 CHESSCATJAY vs. STrek : @0/ A2\ B2\ B3+ B4/ @4+ D3\ C1+ E4/ D1/ E1/ B0/ F3\
Trax_3211391 balmoral vs. basplund : @0+
Trax_3211434 YankeeFan vs. rabbitoid : @0/ A0/ B1+ C1\ C3+ D3+ D4\ B4+ C0\ @5/ B6\ A2\ A1\ @3/
Trax_3211566 ypercube vs. dgb : @0+ @1+ A0/ A3/ @3/ @3+ C0/ E2+ C5+ D5\ B6\ E5+ D7+ E7\ F6+ D8+ D9\ G6\ H7/ G5+ @4/ B5+ C7+ G8+ J7/ G4+
Trax_3213119 DavidTrax vs. GringoNZ : @0/ A2+ A3/ B2/ @2+ B4/ C3+ B0+ B0\ A1\ @4+ @3/ @2+ @2/ @2/ D0+ E0+ D7/ C8\ C1\ RESIGN
Trax_3213157 Rogue Trooper vs. Traxplayer : @0+ B1+ B2/ A0\ @1\ @1+ @1/ @2\ D3+ A0\ @1\ F1/ D0+
Trax_3213334 DavidTrax vs. ypercube : @0/ @1/ @1/ @1/ D2/ E2/ C0+ A3/ @1\ A0\ D5+ C6+ @1\ H4+ G3/ F6+ B5+ @5+ I7\ J5+ C7/ B6+ D8\ E8\ H8/ E9\ F7+
Trax_3213359 JiffyJeff vs. jazzbeth : @0/ @1/ A2/ A3+ @3+ C0/ D1+ B0/ E3+ C1+ F3+ F5\ F6\ G4+ E6+ E7+ C7/ A6+ F8/ F9/ E2/ A2+ A0\ @3\ B8\ A5+ @5\ I8+ J6/ D0+ E1/ F1+ F0/ B3\ A3\ B9/ A10\ @9/ K12\ J13+ L10\
Trax_3214783 Sea Breeze vs. jaha : @0+ A0/ A3\ B3\ B4\ C1+
Trax_3216228 Dionysos vs. Dragon101 : @0/ A0/ B1+ C2/ D2/ C3+ E2+ F3/ E4\ F4\ G3/ B0/ F6\ C5/
Trax_3216302 STrek vs. Paddington Bear : @0+ @1/ A0/ @1+ B0+ A0/ @2+ C0\ D2+ A4+ @3+ F5/ F6/ G3+ G5+ E7\ E0+ C8/ B1\ C9\
Trax_3216578 Adam vs. Brown_Velvet : @0/ A2\ B2\ @2\ B3+ B4/ @4+ A1\ @1/
Trax_3216579 ypercube vs. JiffyJeff : @0+ @1+ C1+ D1+ D2/ C0\ C4\ E2+ B4/ C5\ C6\ @2+ A4/ C5/ @3+ @4\ @4\ B2+ E6\ H7/ G8\ C5+ F8/ F9/ I5+
Trax_3216780 Dragon101 vs. JiffyJeff : @0/ B1/ A0/ A3+ C3/ C4/ C5/ D4+ D2\ E4/ A4\ F4/ A5/ A6+ @5\
Trax_3217162 Dragon Jr vs. violet unicorns : @0/ B1/ B2\ B0/ C2\
Trax_3217164 Dragon101 vs. violet unicorns : @0+ A2/ B2/ A3/ @3/ A4/ @1+ @3\ B5\ F1\ E6+ G5/ G4+
Trax_3217352 Miss Traven vs. Christine : @0/ A2\ B2\ B1+ C1/ B3+ A0\ @2/ E2/ C5+ C1/ C0\
Trax_3217599 McStack vs. dgb : @0/ @1/ A0/ @2+ C3/ B0\ B0\ B5/ B6\ D5+ C6\ E4\ E6/ F5+ @4/ @5\ B3+ E7+ G7+ @4+ F8/ F9/ H3\ F1+ D6+ C2\ @4/ A3+ @4/ E1\ E0+ B1+ A2\ @5/ C6+ C7/
Trax_3217703 Pegasus vs. Adam : @0+ B1+ A2\ A0\ @1\ D2+ C1+ C0/ D1/ B0\ C0\ @4+ C1+ B1\ A2/ @2/
Trax_3217965 jazzbeth vs. marygal : @0/ B1\ B2\ C2\ D2+ A2+ C3\ D4/ B5+ E4\ E5\ E6\ F6\ D7/ F2/ E8+ C0+
Trax_3217966 jazzbeth vs. violet unicorns : @0/ B1\ B2\ C1\ D1\ A2/ B3/
Trax_3219077 jazzbeth vs. patchwork0 : @0/ A2+ A3/ @3\ A2+ C1+ D2/ C3+ E3/ C4/ E4\ E2/ F3\
Trax_3219420 Dragon Jr vs. marygal : @0+ B1+ B2/ B0/ C1/ @2+ D0\ E2+ C1+ B2\ A4+ E4\ C5/ F4/
Trax_3219533 ypercube vs. Traxplayer : @0/ @1+ @1\ B0\ B0\ A1\ B4\ B0+ @4\ D6/ E5+ F4\ G5/ D7+ A3+ @3\ @3\ @3\ D1+ H2/ @3\ D4+ A5+ @4/ A2+ @3+ A5\ D6+ D7\ F5+ C7/ G6+ C8\
Trax_3219629 splodge vs. violet unicorns : @0+ @1/ A0\ @1\ A2+ @2/ A0\ A4\ @1/
Trax_3219988 FrostyColdOne vs. mcinturff : @0+ B1\ B0/ C1/ A3/ @2/ A1+ A3+ A4/ @1\ D4\ E4\ C5/
Trax_3220034 YankeeFan vs. DINGEROO : @0/ B1\ B2\ C1+ D1/ D0/ E1/ C0\ E4\ F4/
Trax_3220453 HEATHER vs. jazzbeth : @0/ @1/ B0/ @1/ B3\ A2+ D1\ D2\ E2/ D3/
Trax_3220724 splodge vs. marygal : @0/ B1\ A2/ @2/ D1/ C0\ @1\ A0\ C5\ D5\ B6/ A6/ @5/ F4\ G3/ F6\ F7+ @5/ A6/ A7/ I3\ F8+
Trax_3221346 Dragon101 vs. marygal : @0/ B1\ B2\ C2\ D2+ A2+ D3/ B0\ @3\ @1+ A0\ @1\ D0+ E2+ G1/ E7+ H2/
Trax_3221348 Dragon101 vs. patchwork0 : @0+ @1/ C1/ C0\ B3+ C3+ D2+ B1\ A0/ D2+ E2+ C0/ E4+ B0/ A1\ @2\ B0/
Trax_3221355 HEATHER vs. Dragon101 : @0/ A0/ @2\ B0\ C2\ A1/
Trax_3221641 Jesme vs. violet unicorns : @0/ @1\ A0/
Trax_3221642 Jesme vs. marygal : @0/ B1\ A2/ B2+ A3\ A4\ A5/ @5/ A3/ @5/ E1/ D0\ D4+ E4\ F2/ E6\ F6/
Trax_3221643 Jesme vs. patchwork0 : @0/ B1\ A2/ @2\ A3/ @2\ A3/ @3\
Trax_3221644 HEATHER vs. Jesme : @0/ B1\ @1\ B2\
Trax_3221768 jaha vs. Sea Breeze : @0/ A0+ @1/ A2+ C1/
Trax_3222199 davidmilne vs. ypercube : @0/ B1/ B0\ C1\ B3+ @2/ C0+ A2\ RESIGN
Trax_3223012 Rogue Trooper vs. CHESSCATJAY : @0+ A0/ B1\ B2\ @1/ @1/ B3\ @3+ A4/ B5+ D0/ A2+ F2+ C0+ E1+ @2/ A0+ @1\ A4+ B7/ G1/
Trax_3223073 YankeeFan vs. Lilac Oyster : @0/ B1\ B2\ A2+ @2/ A3/ @3/ C4\ A1\ C0/ @3\
Trax_3223126 Rogue Trooper vs. Traxplayer : @0+ B1+ @1/ D1\ D2\ A0/ D4\ E4\ D1+ @2\ D5/ C3+ D0+ G2+ G1/ C0/ E8+ C0\ B1+ G2+ B2+
Trax_3223247 Traxplayer vs. ypercube : @0/ @1/ @1/ @1/ D0/ A0/ @2+ D4+ F3\ @2/ @3\ @3\ F5+ I1\ H0+ H0\ F0+ G0\ F0/ J7+ K6\ G0\ H4+ L7\ K9+ L6/ M7\ M5+ L10/ K11+ E12/ D10+ M11\ N9+ E13/ A11+ RESIGN
Trax_3223278 davidmilne vs. ypercube : @0/ @1/ B0+ @1/ D1\ B3+ A2+ @2/ A3/ @3/ RESIGN
Trax_3223761 * vs. ypercube : @0/ B1/ B2\ C1/ A0\ @3\ B4+ B5\ B6\ B7\ A7+ @7\ A4+ @4\ @4\ G6+ B2+ E8\
Trax_3223778 mcinturff vs. FrostyColdOne : @0+ B1+ A2\ B0/ A1+ B4\ C3/ B0+ B6\ A6/ A7/ @5\
Trax_3225221 jazzbeth vs. Geri39 : @0/ B1\ A2/ B2+ @1+ C3\ C4\ D3/ A4/ B5+ @2/
Trax_3225369 Jesme vs. Geri39 : @0/ A2\ B2\ B3/ A3/ @2\ C1/ D1+ D3\ D4+ E2/
Trax_3225651 Geri39 vs. Dragon101 : @0/ A0/ A3+ A4/ A5\ B4/ B5+ @4+ D3+ A1\ @3/ B0/
Trax_3225989 YankeeFan vs. aubug : @0/ B1/ C1\ C2\ D2+ A0\ @2\
Trax_3227431 FrostyColdOne vs. mcinturff : @0/ A2+ A0\ @2/ A1+ C2\ C1+ B4\ C4\ D3/ D2+ C5/ B5/ A4+ E1/ E0/ @4+ C7/ A2/ B6+ A6+ @4\ A5/ C1/
Trax_3228875 STrek vs. joe768 : @0+ B1+ A0/ A3/ @3/ D2+ A4+ @3+ B1+ F2+ @2/ D0/ B1+ F2+ E4+ D6\ G1\ E6\ F6\ F5+ C6+ B6\ D7+
Trax_3228879 lhh61 vs. Rogue Trooper : @0/ A0/ B2/ B1/ C1\ B3/ D1/ D0/ A1/ A0+ A0\ @1\ A0\ @4+ F3/ G5\ F6+ A7+ D4/ D8/
Trax_3228932 Traxplayer vs. Red Arrow : @0/
Trax_3231304 Lilac Oyster vs. basplund : @0+
Trax_3231387 * vs. Ina : @0/ A2\ B2\ @2\ B0+ @2+ C0+ A4/ C5+ C6/ C7/ E4\ A6+ C8/ D8+
Trax_3233082 dgb vs. Traxplayer : @0+ B1+ @1/ D1\ C2\ B2+ C3/ C4+ B4+ @2\ @2\ B0/ @2+ C4+ G4\ F6/ G5\ @2/ F1/ F0+ I5+
Trax_3233083 Traxplayer vs. dgb : @0+ B1+ C1/ D1/ C2\ C3\ B2+ @1\ B0\ D1+ C0/ C0/ RESIGN
Trax_3233084 dgb vs. ypercube : @0/ @1/ B0+ B0/ B0/ @3/ D2+ E1\ D0+ E0+ E0/ F4+ D1+ D0+
Trax_3233085 ypercube vs. dgb : @0/ @1/ C1/ @1/ A2/ A0+ @3/ B0/ E5+ F4\ D0+ G4/ G3/ G0+ RESIGN
Trax_3233086 dgb vs. GringoNZ : @0/ @1/ B0+ C1+ B3/ B0/ B0/ @4+ E2\ E0/ F1/ B3+ @3\ A2\ D1+ @4+ B5/ C0/ G1+ A1\ C0/ @3/
Trax_3233087 GringoNZ vs. dgb : @0+ B1+ C1/ C0/ B0/ B4/ @4\ B1+ @3+ B1+ @3\ D0+ B1+ G3+ E6+ D6+ G2/ D7+ D8\ A5/ @4\ B7/
Trax_3233088 Traxplayer vs. ypercube : @0/ @1/ @1/ @1/ B0/ @1/ C3+ E1/ F1/ F0/ F5+ G2+ E6/ A0+ @2\ @3\ J2\ C5/ E6/ E7/ G8\ H8\ C0\ B1\ A1\ C8/ C9/ F1+ RESIGN
Trax_3233089 ypercube vs. Traxplayer : @0+ B1+ C1+ D1+ D0/ E1/ E0+ C4+ @3/ C2+ F4\ G2+ E0/ F6+ C1\ RESIGN
Trax_3233090 Traxplayer vs. GringoNZ : @0/ @1/ A0/ A3\ @2\ @2\ C4\ C0/ E3+ D2+ F3/ B2\ C0/ C0/ E2\ F2+ E4+ F6/ G4+ G2+ H3+ F0/ G1/ G0/ H1/ I2/ E0+ H0+ I2/ J5\ RESIGN
Trax_3233091 GringoNZ vs. Traxplayer : @0+ B1+ C1/ @1\ B2\ B0+ D1/ A0/ B5\ E1\ D0/ F4\ F5+ G3/ G2/ G1/ B0+ RESIGN
Trax_3233092 ypercube vs. GringoNZ : @0/ @1/ A2+ @2+ D1\ E1\ C0/ F2+ A1\ C0/ D0+ B1\ A2+ @4/ H4/ D0+ @4\ A3\ B2/ J2+ G1+ B1+ C0/ C0/ D1/ @6+ C0+ B2\ A5+ @4/ A3+ @5+ B7+ I2/ L3+ I1\
Trax_3233093 GringoNZ vs. ypercube : @0+ @1+ C1/ @1\ A0+ @1\ @1\ D3/ B0+ C0\ B0/ C0\ D2\ A1+ @2+ F1/ F0/ F4\ G2+ H2\ I3+ J6+ I7\ I8\ J8\ K7\ L7\ L8\ I9+ J10/ L11+ M8\ E9/ C7+ N6+ K5+ A6+ G8+ E10+ C10/ B10/ L12/ @7/ A8/ O10+ P7/ O12\ P10\ N13/
Trax_3233746 jaha vs. JiffyJeff : @0/ A0/ B2/ A3+ @1/ B4+ B0/ A3/ @4\ D2/ A5/ @3/ F2+ E1+ F5\ E6\ G4\
Trax_3234644 aubug vs. B Line electric streetcar : @0/ @1/ A2/ C1/ D1+
Trax_3234889 dalkelly MIA vs. YankeeFan : @0/ A0/ B1+ C1\ @2/ D3+ @1\ C0+ F4\ G4\ G5\ G2/ @3/ G1\
Trax_3236259 stormy rebel vs. jaha : @0/ A0/ B1/ C2+ B0/ B4+
Trax_3237356 FrostyColdOne vs. mcinturff : @0/ A0+ @2\ A1\ B0\ @2/ B1+ A1\ @1\ @1\ B2+ @1\ D0\ B1+
Trax_3237456 Traxplayer vs. YankeeFan : @0/ A0/ @1/ B0+ C2+ A3+ B4\ @3/ A2+ C0+ E3/ C0+ A2\ @4\ E1\
Trax_3238681 FrostyColdOne vs. mcinturff : @0/ A2\ B1/ @1+ C2\ D1/ A2/ A3/ B0\ A1\ @2\ @2\ B1\ B0\ F0/ A3+
Trax_3238707 JiffyJeff vs. jaha : @0/ A0/ B1/ C2+ A3/ D2/ E2/ B4+ C0\ C0+ C0\ D1+ D6\ @3/ C2+ @3+ B5+ C1+ D0+ E1+ @4/ A6+
Trax_3241947 YankeeFan vs. Dragon101 : @0/ A0/ A0/ A0/ @2+ B0/ C1/ @1\ C0+ A6/ A7/ @4+
Trax_3243873 Dionysos vs. GringoNZ : @0/ @1/ A2/ B3/ @2+ D1+ D4\ E4\ B3/ C5/ D0+ C7+ B6+ E2\ F4/ C8+ C1+ E1/
Trax_3244562 DavidTrax vs. ypercube : @0/ @1/ A2+ A3/ C1\ D1\ B0/ C0+ @2\ A1\ @3/ A4/ A6/ @6/ G4\ G5+ F6\ D7+ A7+ B8/ E8+ H5\ H4+ I1+ H0/ J2\ G0\ F1\ A6+ @5/ A2+ @3\ G1+ C1+ G0/
Trax_3244634 Lilac Oyster vs. STrek : @0+ @1+ B2/ B0/ C2/ C1/ D2\ C3+ D3+ D4+ E2/ D0+ E1+ E0/ A6\ D7\ D8+ E6+ F2/ G2+ B2+ A2\ @2+ B1+ G5+ H4+
Trax_3244676 joe768 vs. basplund : @0/
Trax_3244684 supermac vs. YankeeFan : @0/ A0/ @1+ @1\ C0/ @2\ B3+ E3\ E4\ F4\ D0/ G5\ G0+ H1/ @5/ A6/ B1\ A3+ E0/
Trax_3244793 GringoNZ vs. stormy rebel : @0/ A2\ B1/ @1/ B3+ C3\ D2+
Trax_3245126 FrostyColdOne vs. mcinturff : @0/ B1+ A0\ @1\ A2+ A3\ @2/ @3\ A4/ @4/ F4/ B5\ C5\ C6\ E5\ G3/ E6\ D7\ C0\ H6+ H3+ F8+
Trax_3246405 lhh61 vs. * : @0/ A2\ B1/ @2\ C2\ D2\ E2\ C0+ C4+ RESIGN
Trax_3246493 YankeeFan vs. GringoNZ : @0/ @1/ C1/ B0\ C3+ @2\ A1\ @1\ C0/ A4/ D5+ @4\
Trax_3249370 B Line electric streetcar vs. tburgoon : @0/ B1\ B2\ C2+ D1\ B3\ C4/
Trax_3249549 jaha vs. GringoNZ : @0/ @1/ C1/ B0\ @2/ B3/ C4+ E4+ F3\ E5+ F1/ G2\ D0/
Trax_3250831 GringoNZ vs. Lilac Oyster : @0/ B1\ A2/ B2+ @2\ A1+ D2\ D3\ E3\ E4\ E1/ F2\ C0/
Trax_3250873 jaha vs. Rogue Trooper : @0/ A0/ B2/ A3+ B4/ C2+ B1+ D2+ A0/ @5\ @5\ C6+ B7\ F5\ E6+ F2/ G4\ @7+
Trax_3250931 dgb vs. birddog8560 : @0/ A0/ B1+ A3/ B0/ B0/ A2+ B0/ C4+ C6\ C7\ D3+ @1/ F1/ D0\ G3\ RESIGN
Trax_3250931 dgb vs. birddog856 : @0/ A0/ B1+ A3/ B0/ B0/ A2+ B0/ C4+ C6\ C7\ D3+ @1/ F1/ D0\ G3\ RESIGN
Trax_3252566 darkest angel 70 vs. Adam : @0+ B1+ A2\ A0\ C3/ A0/ B1/ B0/ C1/ D4\ D2\ B6/ @4\ B7\ A5/ @4\ A5+ G4\ B7+ D8+
Trax_3253096 Irishrose vs. Adam : @0/ A2\ @1/ C2/
Trax_3253097 Adam vs. Irishrose : @0+ B1/ B2\ C2/
Trax_3253100 Irishrose vs. Rogue Trooper : @0+ B1+ B0\ B3\ C1/ C0\
Trax_3253101 Rogue Trooper vs. Irishrose : @0+ A0/ B1\ @1/ C0+ C3\ D3\ B1+ C4+
Trax_3253104 Adam vs. golfnutrof : @0+ A0\ @1\ B0\ A4/ @4/ D1/ D0/ E3\ E4\ E5/ C5\ D6/ A3\ @5/ C6+ D7\ B7+ C8+ E8+ C9\ B2\ A2\ @2\ A6+ @3\ A6+
Trax_3253105 golfnutrof vs. Adam : @0+ B1+ B0\ B3\ C3+ A0\ @1\ @1\ C0/ D1/ E1/ F5/ E0+ F3+ G4+ G6\ H6\ G7/
Trax_3253106 Adam vs. Rogue Trooper : @0+ B1+ A2\ B0/ C2\ B4/ @3/ E1/ D0\ E5\ F3\
Trax_3253107 Rogue Trooper vs. Adam : @0+ B1+ C1/ C0/ B0+ @3+ C0/ E3+ A3/ C5/ D5+ F3+ F5\ F6\ G4+ E6/ F7+ H6\ G7+ A2\ @2\ I7+ I8\ J5/ J4/ B5/ B6/ B7/ G8\ G9\ A7/ E8+ @3+
Trax_3253108 Adam vs. AndrewB : @0+ B1\ A0+ B3/ B1/ A3+ C2/
Trax_3253109 AndrewB vs. Adam : @0/ B1+ A0\ @2/ C3\ @2\ B1+ C0/ D1/ E4\ @3/ A4/ G3/ B5+
Trax_3253110 golfnutrof vs. Rogue Trooper : @0/ A0/ @2/ B0/ @1/ A0+ B0\ D3/ A4+ @5\ A3+ E6+ F4/ A6/ D7\ @5/
Trax_3253111 Rogue Trooper vs. golfnutrof : @0+ A2/ @2\ A1\ C2/ B3+ A3+ B4/ @3+ C5/ D4+ A5/ A6/ A7/ E1\ @6+ @5/ A2+ @5+ @5\ G0/ C2\ B1/ E0+ I1/ J3\ J7\ H8+ K6\
Trax_3253114 Rogue Trooper vs. AndrewB : @0+ @1/ C1/ C0\ C3/ A1+ D1\ D0/ E1/ C0\ A2+ B1+ B0/
Trax_3253115 AndrewB vs. Rogue Trooper : @0/ A0/ @2\ A1+ A0/ B1/ C2/ A0\ @1\ @1+ F4\ D5/ F2/ G4+ B5/ B6/ A4\ A3/
Trax_3253116 jazzbeth vs. Gandalf : @0/ @1/ C1/ B0+ @1+ @2\ C3/ C0\ E5+ D1+ F4+
Trax_3253116 jazzbeth vs. White Wolf : @0/ @1/ C1/ B0+ @1+ @2\ C3/ C0\ E5+ D1+ F4+
Trax_3253117 Gandalf vs. jazzbeth : @0+ A0/ A3\ B3\ B4\ C1+ D3/ C5/ C0/ D1/ E2/ D0+ E2+ A1\ B0/ @4\
Trax_3253117 White Wolf vs. jazzbeth : @0+ A0/ A3\ B3\ B4\ C1+ D3/ C5/ C0/ D1/ E2/ D0+ E2+ A1\ B0/ @4\
Trax_3253118 jazzbeth vs. Rizzo : @0/ B1+ C1/ C0\ A3\ B1+ B3+ C3+ A1+ D3/ D2+ D1+ D0/ @2\ @2\ B1/ A4/ G1+ C5/
Trax_3253119 Rizzo vs. jazzbeth : @0+ A0/ B1\ A3/ B2+ @3\ A2\ B0/ @3\ E3/
Trax_3253120 jazzbeth vs. critterhug MIA : @0/ B1\ B2\ @1/ D1\ B2/ C3/
Trax_3253121 critterhug MIA vs. jazzbeth : @0+ A0/ A3\ B2/ C2/ B1/ D3\ C4+ D1/ E3\ C0\
Trax_3253128 Faucilla vs. klaashaas : @0/ A2/ A3\ B3\ @2/ @2/ A4\ B0+ @5/ A6/ E3+ F2\ E1+ G2\ G0/ H1\
Trax_3253128 Wyonette vs. klaashaas : @0/ A2/ A3\ B3\ @2/ @2/ A4\ B0+ @5/ A6/ E3+ F2\ E1+ G2\ G0/ H1\
Trax_3253128 Wyvella vs. klaashaas : @0/ A2/ A3\ B3\ @2/ @2/ A4\ B0+ @5/ A6/ E3+ F2\ E1+ G2\ G0/ H1\
Trax_3253129 klaashaas vs. Faucilla : @0/ B1+ C1/ C2/ B0\ B4+ B5\ B0+ @4\ B6+ @2\ C1+ C0/ E7\ F6\ A5+ F2\ E1+ A8/ @6\ @7+ A8/ I6/ H5+ B9+ @7\ F8+ E10+ @8\ B9+ A6\ C5+ B3/ B2+ D1\ D0+ B2+ I10/ H12\ I12\ J12\ G13+ E12\ K11+ L8\ F0/ H2+ K3/ K2/ K1/ E14/ B2+ G15/
Trax_3253129 klaashaas vs. Wyonette : @0/ B1+ C1/ C2/ B0\ B4+ B5\ B0+ @4\ B6+ @2\ C1+ C0/ E7\ F6\ A5+ F2\ E1+ A8/ @6\ @7+ A8/ I6/ H5+ B9+ @7\ F8+ E10+ @8\ B9+ A6\ C5+ B3/ B2+ D1\ D0+ B2+ I10/ H12\ I12\ J12\ G13+ E12\ K11+ L8\ F0/ H2+ K3/ K2/ K1/ E14/ B2+ G15/
Trax_3253129 klaashaas vs. Wyvella : @0/ B1+ C1/ C2/ B0\ B4+ B5\ B0+ @4\ B6+ @2\ C1+ C0/ E7\ F6\ A5+ F2\ E1+ A8/ @6\ @7+ A8/ I6/ H5+ B9+ @7\ F8+ E10+ @8\ B9+ A6\ C5+ B3/ B2+ D1\ D0+ B2+ I10/ H12\ I12\ J12\ G13+ E12\ K11+ L8\ F0/ H2+ K3/ K2/ K1/ E14/ B2+ G15/
Trax_3253130 Faucilla vs. dgb : @0+ B1+ C1/ C0/ A1+ @2+ @2/ C0+ B1\ E0/ F2\ B1\ A1\ C0/
Trax_3253130 Wyonette vs. dgb : @0+ B1+ C1/ C0/ A1+ @2+ @2/ C0+ B1\ E0/ F2\ B1\ A1\ C0/
Trax_3253131 dgb vs. Faucilla : @0/ B1\ A2/ A3/ A4+ @2+ @3\ D3+ A4/ @3\ D0+ F3\ E6/ G4/ B7/ A5/ C8+
Trax_3253131 dgb vs. Wyonette : @0/ B1\ A2/ A3/ A4+ @2+ @3\ D3+ A4/ @3\ D0+ F3\ E6/ G4/ B7/ A5/ C8+
Trax_3253132 Faucilla vs. Dragon101 : @0+ A0/ @1/ @2\ D2+ C3/ B0+ @2/ B0/ @1+ A0+ A0/
Trax_3253132 Wyonette vs. Dragon101 : @0+ A0/ @1/ @2\ D2+ C3/ B0+ @2/ B0/ @1+ A0+ A0/
Trax_3253132 Wyvella vs. Dragon101 : @0+ A0/ @1/ @2\ D2+ C3/ B0+ @2/ B0/ @1+ A0+ A0/
Trax_3253133 Dragon101 vs. Faucilla : @0+ A2\ @1/ @2\ @1/ @2\ C3+ D0/ @1\ F0/ A1/
Trax_3253133 Dragon101 vs. Wyonette : @0+ A2\ @1/ @2\ @1/ @2\ C3+ D0/ @1\ F0/ A1/
Trax_3253133 Dragon101 vs. Wyvella : @0+ A2\ @1/ @2\ @1/ @2\ C3+ D0/ @1\ F0/ A1/
Trax_3253136 klaashaas vs. dgb : @0+ B1+ B2\ C2\ B3\ B4\ D1/ C0\ B0/ B0/ B0/ D1\ A1\ A0\ E2\ E1+ A0\ @1\ A0\ @4+ F5+ @8/ D9/ H8+
Trax_3253137 dgb vs. klaashaas : @0+ A2/ A3/ A4/ @1+ A0\ @1\ C1/ C0/ @3\ E3\ F3\ G6+ G7\ G1+ RESIGN
Trax_3253138 klaashaas vs. Dragon101 : @0/ A0/ A0/ A0/ @3+ C4+ @4\ @4\ @4\ E0/ C2+ G3+ F6\ G0/ H1/ @6\ C2/ C1+ C7+
Trax_3253139 Dragon101 vs. klaashaas : @0/ @1/ B0/ @2\ B3/ D2+ E2/ C0/ C0/ C0/ C0/ C0/ F1+ D0\ G5+ A4+ @7+
Trax_3253140 klaashaas vs. Sea Breeze : @0/ @1/ B0/ @1/ @1/ C0\ C0/ B1+ @3/ A4/ A1\ @2/ D0+
Trax_3253141 Sea Breeze vs. klaashaas : @0+ A0/ A0/ @1/ C3+ B4/ A3+ D2\ @3/ E0/ A6\ F1\
Trax_3253142 dgb vs. Dragon101 : @0/ A0/ A0/ A0/ @3+ C4+ C5\ C6\ D5/ D1+ E6\ C7\ A0\ @3/ F4/ G7+ E1/ F1/ C0/
Trax_3253143 Dragon101 vs. dgb : @0/ @1/ B0/ @1+ C0/ @3\ @2/ B1+ F3+ E4\ D0+ D6/ C6/ @6+ A7/ G6\ E7+ H4\
Trax_3253144 dgb vs. Sea Breeze : @0+ @1+ @1/ @1/ A0/
Trax_3253145 Sea Breeze vs. dgb : @0+ B1+ A2/ A0/
Trax_3253146 Dragon101 vs. Sea Breeze : @0/ A0/ B1/ A0+ @2+
Trax_3253147 Sea Breeze vs. Dragon101 : @0+ A0/ A0/ A4/
Trax_3253160 GringoNZ vs. coopaah : @0/ B1\ A2/ C1\ B0+ C0+ C0/ D1/ A6\ B6+ D0/ E4+ F5/ A8\ @8/ B9\ A5\ @7+ B4/
Trax_3253161 coopaah vs. GringoNZ : @0/ @1/ @1+ @1\ C0/ C0+ D1/ A0\ @1+ E1/ C0+ F3+
Trax_3253162 GringoNZ vs. ypercube : @0/ @1/ B2/ C2/ A0/ @1/ C4+ B4/ B0/ A5/ B0\ A7\ C2+ D3/ C7\ E7+ @5+ G7/ G8/ H8\ RESIGN
Trax_3253163 ypercube vs. GringoNZ : @0/ @1/ A2+ C2/ B0/ B4\ B5\ A5+ C4+ C2+ A0\ @1\ E3/ D1+ A2+ @3\ B5+ D7\ F5\ G6/ G8+ RESIGN
Trax_3253164 GringoNZ vs. mgs : @0/ @1/ B0+ @2+ A0/ A4/ B4+ @3+ D1+ E2+ B5/
Trax_3253165 mgs vs. GringoNZ : @0/ @1/ B2/ B0\ B0\ C2+ B0+ A1/ RESIGN
Trax_3253166 GringoNZ vs. Uncle Chuckie : @0/ B1\ A2/ @2/ B0+ B4+ C3\ D3\ D4\ A5\ @3/ F2/ F1+ G3+ A6/ @3/ C7\ D6+ F7\ G7\ E8+
Trax_3253167 Uncle Chuckie vs. GringoNZ : @0/ @1/ B0/ A0+ @3/ B4+ C5/ D2/ E5\ E6\ @4/ A5/ A6/ @4\ A3+ A1\ C0/ @3+
Trax_3253168 coopaah vs. ypercube : @0/ @1/ B0+ B0/ B0/ A2+ C3+ D2\ @4/ E0/ F2\ B1\ C0+ A3\
Trax_3253169 ypercube vs. coopaah : @0/ A2\ B1/ C1+ D1\ D2\ E2\ E3\ A0\ @2/ F1/ C0\ G2\
Trax_3253174 ypercube vs. mgs : @0+ A2/ B1/ C1/ B2+ D1+ C3/ D0/ A5/ @3/ E5\
Trax_3253175 mgs vs. ypercube : @0/ @1/ B2/ C1+ A0+ A0\ @1\ A0\ @1\ D1/
Trax_3253176 ypercube vs. Uncle Chuckie : @0+ B1\ B2\ @1/ D1/ B0/ B0/ A2+ D5/ C6\ E6+ F6/ F2+ G2/ G1/ C7+ E0/
Trax_3253177 Uncle Chuckie vs. ypercube : @0/ A0/ B1/ B3/ @2/ A0+ @3/ @3+ C4+ E0/ F2\ A1\ E6+ C0+
Trax_3253180 davidmilne vs. Traxplayer : @0/ @1/ C1+ C2+ D1+ E1\ E2\ A3/ RESIGN
Trax_3253181 Traxplayer vs. davidmilne : @0/ @1/ B0+ A0/ A4/ @1+ @2+ B5\ B0\ A1\ @1+ RESIGN
Trax_3253182 davidmilne vs. birddog8560 : @0/ A0/ @1/ @1+ A0\ A0+ D2\ E3/ D5+ D6/ D7/ E6+ F2\ G2\ F0+ E0/ B0\ A3+ B10/ B11/ H3/ C0+
Trax_3253182 davidmilne vs. birddog856 : @0/ A0/ @1/ @1+ A0\ A0+ D2\ E3/ D5+ D6/ D7/ E6+ F2\ G2\ F0+ E0/ B0\ A3+ B10/ B11/ H3/ C0+
Trax_3253183 birddog8560 vs. davidmilne : @0+ @1+ C1/ C2/ C3/ D2+ E2/ F2/ E3+ C4/ A0/ A5+ C0/ D1+ G2/ G1/ G5\ RESIGN
Trax_3253183 birddog856 vs. davidmilne : @0+ @1+ C1/ C2/ C3/ D2+ E2/ F2/ E3+ C4/ A0/ A5+ C0/ D1+ G2/ G1/ G5\ RESIGN
Trax_3253184 davidmilne vs. boneyardking : @0/ B1\ A2/ @2+ @2\ B0/ @1+ B0\ @3\ C0/ A5/ E3/ @4/
Trax_3253185 boneyardking vs. davidmilne : @0/ @1/ B0+ A0/ A4/ @1+ @3\ C0+ A3+ E3\ @5/ A6/ G3\ G2/ E1+ H2\
Trax_3253186 Traxplayer vs. birddog8560 : @0/ A0/ B1/ B3/ C2/ D2/ E3/ B4/ D1/ @1\ C0+ B5/ B6/ G6+ D7+ E0/ F2\ @3+ A2\ C1/ F0+ G1+ I9\ G10+ A1+ B0+ @4+ A3\ @3\ A2\ RESIGN
Trax_3253186 Traxplayer vs. birddog856 : @0/ A0/ B1/ B3/ C2/ D2/ E3/ B4/ D1/ @1\ C0+ B5/ B6/ G6+ D7+ E0/ F2\ @3+ A2\ C1/ F0+ G1+ I9\ G10+ A1+ B0+ @4+ A3\ @3\ A2\ RESIGN
Trax_3253187 birddog8560 vs. Traxplayer : @0/ @1/ A0/ A3\ C2/ @1/ @1+ A0+ @2/ D0/ E1/ F1/ C4/ @4\ E0+ H1/ H0/ G1+ D8/ C7+ G7\ H7\ F4+
Trax_3253187 birddog856 vs. Traxplayer : @0/ @1/ A0/ A3\ C2/ @1/ @1+ A0+ @2/ D0/ E1/ F1/ C4/ @4\ E0+ H1/ H0/ G1+ D8/ C7+ G7\ H7\ F4+
Trax_3253188 Traxplayer vs. boneyardking : @0/ B1+ C1/ B2+ B0+ B0/ D2+ C0\ E2+ E3+ A1\ @2\ B0/
Trax_3253189 boneyardking vs. Traxplayer : @0+ B1+ B0\ A3/ @3/ @3+ @3\ A1+ D0/ F2+ C1\ C0\ B2+ F1/ F0+ G1\ B7\ C8+ @4+ A3\ B2+ @4+ G7/ F9+ F0+ F0/ D3+ F0/ B9+ B10/ D11+ A9+
Trax_3255323 Geri39 vs. basplund : @0/
Trax_3255516 Rogue Trooper vs. GringoNZ : @0+ B1+ A0/ A3/ @2/ D2+ A3+ C0/ D2+ E2/ E1/ F1/ C0+ E0\ F5+ G4\ H4\ H5\ H6\ B2\ A3\ C1+
Trax_3256761 davidmilne vs. itb4me2 : @0/ A2\ B1+ B2+ C1+ B3/ B4/ B0/ B0/ A2+ B7\ C5/ B8\ @6+ E3\ A2+ @5+ F6\ E7+ B7/ F1/ D0/ G3\
Trax_3257135 Miss Traven vs. Christine : @0/ B1\ A2/ B2+ @2\ A1+ A0\ @1\ B0\ D2+ @2\ F2+ F1+ G2+ A1/
Trax_3258276 Rogue Trooper vs. csain1 : @0+ A2/ @2\ A1\ C2/ D2/ C3+ B4\ @1\ C0/ F1/ D0+ F5\ B6/ G3\
Trax_3258711 ypercube vs. JiffyJeff : @0+ A2/ A3+ B1\ A4\ C4+ @1+ B0/ E4\ A4+ F3/ F2/ F1/ E2+ B0/ G3+
Trax_3259864 ScoobyRex02 vs. Adam : @0/ B1+ @1\ A0\ @1+ C1+ B0+ A1\ @3/ A4/ B0\ A2\
Trax_3261380 Linda Sue vs. Sassy Lassie : @0+ @1+ B2/ A0\ @1\ @2/ B3/
Trax_3262996 ypercube vs. Rogue Trooper : @0/ A0/ B2/ B3/ C3/ C2+ @2+ E2\ C4+ B4/ B5/ A5/ E5\ D6/
Trax_3263068 Daddy MBA vs. jaha : @0+ A0/ A3\ B3\ @2/ @3\ D4\ E4\ A5/ @5+ B6\ B1\ A2\
Trax_3263070 Traxplayer vs. Dragon101 : @0/ A0/ @1/ A2/ @1+ B0+
Trax_3263405 FrostyColdOne vs. mcinturff : @0/ A0+ @2\ A1\ A0\ A0+ C1/ C0/ D3\ D4\ @3/ D5+ A2\ @3/ F6\ G6\ B1/ D6/ D7/ B4+
Trax_3264278 itb4me2 vs. jaha : @0/ A0/ B1+ @2\ D2\ B3+ B4\ C5/ A4+ D5+ E3+ F3\ @5/ A6+ B6+ C7/ @5+ H5\ H6+ I5/
Trax_3264297 davidmilne vs. rabbitoid : @0/ A0/ A3/ B2+ A0/ C3/ @1+ A0\ A0\ @3/ @5+ @4/ B3+ F7\ G7\ H6+
Trax_3264412 YankeeFan vs. jazzbeth : @0/ @1/ C1/ B0\ C0+ B0/ A2+ D4/ B0/ D2+ A6/ @6/ A2+ F4\ E7+ E8/ @5+ H3+ A8/ H1/ B9/
Trax_3267596 Dragon101 vs. GringoNZ : @0/ @1/ A0/ B1+ C2/ @2/ D3+ E3\ A4/ @4/ @4/ E0/ E0/ H4/ G3+ G6\ G7\ B3\ B2+ B7+
Trax_3268907 basplund vs. JiffyJeff :
Trax_3268908 Traxplayer vs. JiffyJeff : @0/ @1/ A0/ A0/ A4/ B5/ @3+ C2/ A0\ @2+ D1/ RESIGN
Trax_3268957 Dragon101 vs. jaha : @0/ A0/ B1/ B3+ C1/ B4/ B5/ D2+ @3\ @2+ C6\ D0+ B8/ A5+ E5+ G3+ @6\ A3+
Trax_3269700 Geri39 vs. jazzbeth : @0/ A0/ B2/ B3/ B1/ C2\ D1/ B0/ E3\ D4/ C5\ A4+ F2/ E1+ @3/ @2+ H1+ C0+
Trax_3269756 Geri39 vs. Dragon101 : @0/ A0/ B1/ B3/ C2+ @1\ B0/ A4/ @4+ D5/
Trax_3270221 klaashaas vs. Dragon101 : @0/ A0/ A0/ A0/ @4+ C1+ C5\ D3+ C6/ @4\ D0/ D8/ A1+ B0\ @3+
Trax_3270439 marygal vs. jazzbeth : @0/ A0/ B1/ A3+ @3\ D3+ A0\ @3+ C0\ E2+ B1\ A1+ @2+ A4+ @2\ B5/ D6\ B7+ A6\ @6+
Trax_3270440 marygal vs. Dragon101 : @0+ A0/ A3+ B2+ B3+ B4\ C4\ D4+ C5\ B6+ A6/ @6+ A7/ @4+ C7\ B8/ D7+ @4+ F7\ H4+
Trax_3270931 violet unicorns vs. jazzbeth : @0/ @1/ A2/ B3/ C1/ C4/ A3/ D4+ D5/ B4+ C5/ E4/
Trax_3270932 violet unicorns vs. Dragon101 : @0/ A0/ B1/ B3/ C1/ C4/ D2/ D5/ @2/ @2/ F1/ D0+ D5/ B4+
Trax_3271304 patchwork0 vs. jazzbeth : @0+ A0/ B1\ A3/ @3/ @3+ B4/ A1\ A0/ @2/
Trax_3271305 patchwork0 vs. Dragon101 : @0+ A0/ B1\ A3/ B2\ A4/ @3/ D1/ C0\ D5\ E4\ D6/
Trax_3271965 klaashaas vs. JiffyJeff : @0/ @1/ C1/ B2+ A3\ B4/ A5\ C4+ D4/ E4/ F4/ E2+ B6/ @5/ H3\ E5+ I2/ G1\ I5\ RESIGN
Trax_3272123 Goonerg vs. critterhug MIA : @0/ B1\ A2/ A3/ @3+ @3\ B4/ D3\ D4\ B5\ C5+
Trax_3274128 lhh61 vs. jaha : @0/ A0/ A0/ A0/ @1/ A0/ A3/ C5+ A5/ A6/ C1+ D4+ @6/ A7/ E6+ @4+ G1+ D8+ @6+ E9/ H5/ I1\ F0\ J4\ J5\ H8+ H1/ H0/ J3+
Trax_3274239 Dragon Jr vs. marygal : @0/ B1\ B2\ C2\ B0/ D2/ D1/ E1/ C0\ A4+ A5/ @5/ C6\ B2+ @5/ B7/ B8+ A8/ @6\ G5+ B9/ F8+ @7+
Trax_3274297 Dragon Jr vs. violet unicorns : @0+ B1/ B2\ A0/ C2\
Trax_3275621 Nukkle Dragger vs. * : @0+ @1+ B2/ B0/ A1+ @1\ B0/ D3\ D1\ A0+ B0\ E4+ D1\ B7\ A6/ @4\ F7+ G5\
Trax_3275699 marygal vs. splodge : @0/ A0+ A0\ B3\ @2+
Trax_3275789 Jools vs. ypercube : @0+ B1+ A2\ A0\ B1+ C1/ C0/ D1/ @2\ D0+
Trax_3276373 violet unicorns vs. splodge : @0/ B1\ B2\ A2+ C2/ A3\ B3\ C4\ B4+ D4/
Trax_3276394 HEATHER vs. jazzbeth : @0/ A0/ @2+ A0/ @2\ C1/ C0/ C5/ D3\ E3\ F3\ D4+
Trax_3276395 HEATHER vs. Dragon101 : @0/ A0/ @2\ B0\ C2+ A1/
Trax_3276432 Miss Traven vs. Christine : @0/ B1\ B2\ A2+ A3\ B3+ C3\ C2+ @2/ B4/ D4\ C5/
Trax_3276832 jazzbeth vs. Goonerg : @0/ B1/ B0/ A3/ C1+ D2/ C4+ @1\ B0/ @3+ B5+ @3+ D6+ H4+
Trax_3276888 Rogue Trooper vs. YankeeFan : @0+ A0/ B1\ B2\ @1/ B0+ C1+ A4\ @2/ C5+ E2+
Trax_3276924 jazzbeth vs. rabbitoid : @0/ A0/ @1/ @1/ D2/ B2+ @1/ @1/ E0+ F1/ C0+ @1\ B0+ @3+ H2/ I3+
Trax_3277490 Sista vs. Kriistina Jean : @0/ A2\ B2\ B3\ @2\ D2+ C1/ C0/ D1/ E3\ C0+ @3+ @3\ B0+ H4+ H2+
Trax_3277491 Goonerg vs. Kriistina Jean : @0/ B1\ A2/ @2/ B0/ B4+ C4\ D4+ B5+ E1+ B0/ @2+ @3+ D0+ H4+
Trax_3277491 Goonerg vs. Sutik Ansalewit : @0/ B1\ A2/ @2/ B0/ B4+ C4\ D4+ B5+ E1+ B0/ @2+ @3+ D0+ H4+
Trax_3279927 DINGEROO vs. Goonerg : @0/ A0/ @1+ @2/ A3/ D2+ B3\ B4\ D5\ E3+ C6/ B6/ A6/ @3+ C0\ B1\ E8\ F7/ G6\ C9+ G8\ H7/ D0/ E1/ F1/ G4+ F11+ H4+
Trax_3280098 critterhug MIA vs. basplund : @0/
Trax_3280101 GringoNZ vs. stormy rebel : @0/ A2\ B1/ @1/ C0/ @2/ B4/ D3+ E2\ E3\ F2/ E4\ B5+ G3\ A0+ D6+ @2+
Trax_3280746 Geri39 vs. Jesme : @0/ A2\ B2\ B1+ B0/ C3\ A4/ @2/ A4+ @2\ A1\ D0\ C2+ B1/ D0/ E1/ F3\ A2\ A1\
Trax_3281512 ypercube vs. JiffyJeff : @0+ A2/ A0\ @3/ A4/ @2\ B0/ A2+ D5\ C6/ D1/ RESIGN
Trax_3281734 marygal vs. Jesme : @0/ A2\ B1/ B0+ A4/ @3\ D2\ D3\ E3\ E4\ B5/ B6/ F4\ A4/ E5+
Trax_3281793 ypercube vs. Traxplayer : @0+ B1+ C1\ @1/ A2/ D2\ A3+ @2+ F2/ C0/ B1+ C0+ F5\ G5\ H5\ G6/ H7\ I5\ E5+ C6+ G8/ F8/ E8/ C7+ D6\
Trax_3281978 violet unicorns vs. Jesme : @0/ A2\ B1/ B2+ C2/ C1+ C0\
Trax_3282273 patchwork0 vs. Jesme : @0/ B1\ A2/ @2+ B3\ C2+ B0/ D3/ E1/ E0/ F3\ F4\ E5\ C1\ E0/
Trax_3282560 Goonerg vs. Weth : @0/ @1/ B0/ @2\ B0\ A2+ @2\ A1\ D0+ B5\ A4+ C6/ C7/ C8/ @5\ F3/ G5+
Trax_3282694 HEATHER vs. Jesme : @0/ A2\ @2/ C1\
Trax_3283087 Dionysos vs. Rogue Trooper : @0/ A0+ A0\ @1\ A0\ @4+ @2\ @3\ B1+ A4/ C5/ @3/
Trax_3283116 stormy rebel vs. Goonerg : @0/ @1/ C1/ D1/ B2/ D3+ E2\ D4/ D0/ E5\ F3/ E6/
Trax_3283143 princesarg vs. YankeeFan :
Trax_3285256 davidmilne vs. Rogue Trooper : @0/ A0/ B1+ A3+ A4\ @4\ A2+ D2/ E3+ F2\ C0/ B1+ G4/ D6+ B6+ @4/ B0/ @4\ RESIGN
Trax_3285385 dalkelly MIA vs. YankeeFan : @0/ A0/ B2/ A3+ C2/ C1/ C4\ D2+ B5/ A5/ C0/ B7+ @4/ E7+ F7/ A1+ G6\ @4\
Trax_3286715 GringoNZ vs. Rogue Trooper : @0/ @1/ A0/ @2+ C3/ D3+ D1/ E3/ C0\ B4/
Trax_3286833 dgb vs. GringoNZ : @0/ @1/ @1/ B2\ B3/ @1/ E1/ B0\ @3\ C4/ C5\ C0+ C0\ D1+ C0+ G3+ H3\ I3\ H2+ F6+ D8+ F7+ G5+ RESIGN
Trax_3286834 GringoNZ vs. dgb : @0/ @1/ B2/ C1+ A0/ B4\ D3/ @2+ @2/ C0\ D1\ G3\ F2+ C0\ E2+ D0+ D0/ D0/ D0/ D0/ F3+ G6\
Trax_3288156 Rogue Trooper vs. Goonerg : @0+ @1+ @1/ A0/ C3\ @1+ C0\ D2+ C4+ D0/ B1+ E2/
Trax_3288281 stormy rebel vs. jazzbeth : @0/ @1/ A2/ B3/ A3/ A4\ C2/ D3/ C1/ D4+ D2/ E2/ F3/ D1+ D0/ F3/ G3/ D6/
Trax_3289598 jazzbeth vs. supermac : @0/ B1\ B2\ C2\ D1\ A2+ A3/ @3/ D4+ D5+ E3+ B0/ @5\ A6+ B7/ G1/ E0+ G5\ H6/ B2+ B1\ B0\ A4\
Trax_3290578 YankeeFan vs. JiffyJeff : @0/ @1/ C1/ C2/ D1/ E2/ C3/ E4/ B2+ B0\ B0+ A1\ @4\ B5+ B0\ @2\ F1/ RESIGN
Trax_3290949 *Leo The Lion vs. DINGEROO : @0/ B1\ A2/ B0\ C2+ @1\ A0\ @2+ E1/ D0/ F2\
Trax_3290983 Dionysos vs. jazzbeth : @0/ @1/ B2/ C2/ B3+ D3/ B4+ B5/ C1+ C0/ A6/ A1\ @2/ C0/
Trax_3291005 Oartkickel of the Wolf Pack vs. Goonerg : @0+ A2/ @1+ B0/ C2\ B4/ @2\ E4\ E5/
Trax_3291006 Goonerg vs. dgb : @0/ @1/ A0/ @2+ @1/ C0+ D2+ E2/ D1/ D0/ A1\ E2+
Trax_3291019 rabbitoid vs. * : @0/ B1\ A2/ @2+ C2+ A0\ @2/ E2\ D1+ D4+ C5\ B5+ F2\ F4/ G3/ G0+ H1/ H4+ F0/ D2+ E0+ C1+ B9+ A8+ H1/ F0/
Trax_3292572 Rogue Trooper vs. YankeeFan : @0+ A0/ B1\ A3/ B3+ C3\ C4\ D4\ A5+ @2\ A0+ C7+ @3\ E8/ G7+
Trax_3292622 STrek vs. mgs : @0+
Trax_3293844 Goonerg vs. jazzbeth : @0/ @1/ @1/ A0/ B3+ @1\ B0/ C5/ A4+ E3/ C2+ E5\ @3+
Trax_3294003 GringoNZ vs. dgb : @0/ @1/ A0/ A3\ @2\ B0/ D3/ @3\ B4+ E4+ D2+ E5/ C0/ E2+ E7/ A6+ @5+ C3+ E8+ C0\ RESIGN
Trax_3295501 birddog8560 vs. Rogue Trooper : @0/ @1/ A0/ @2/ A0/ @2+ D4+ E3/ F3/ F2/ F1+ G2/
Trax_3295501 birddog856 vs. Rogue Trooper : @0/ @1/ A0/ @2/ A0/ @2+ D4+ E3/ F3/ F2/ F1+ G2/
Trax_3295502 JiffyJeff vs. Rogue Trooper : @0/ A0/ A0/ @3+ A0/ B1+ @4+ A1+ D1/ @3+ E4+ F4/ E5+ G2/ G1/ B0\ D1+ A1\ RESIGN
Trax_3295549 Linda Sue vs. Ina : @0+ @1/ A0/ @1\ A0\ B4\ D3/ C1+ C0\ C5+ @3/ @3+ E0\ F1/ G1\ E0/
Trax_3295935 GringoNZ vs. JiffyJeff : @0/ @1/ C1/ D1/ A0/ @1/ A0/ @1+ @1\ C0/ G5/ B4\ H5\ G6/ H3/ I4\ E5+ RESIGN
Trax_3296797 birddog8560 vs. GringoNZ : @0/ @1/ B2/ B0\ @2/ D3/ D4/ E3/ D1\ D0\ F4/ F3/ G2\ H3/ H0+ I2/ E7\ E8+
Trax_3296797 birddog856 vs. GringoNZ : @0/ @1/ B2/ B0\ @2/ D3/ D4/ E3/ D1\ D0\ F4/ F3/ G2\ H3/ H0+ I2/ E7\ E8+
Trax_3296987 FrostyColdOne vs. mcinturff : @0/ B1+ @1\ A0\ C1+ B0\ A1+ @2/ A1+ A0\ @3\ A2+
Trax_3297090 davidmilne vs. lhh61 : @0/ A0/ B1+ C2/ D1\ @2+ D3+ D4/ C0\ D1+ F3+ G4/ G5+ F1/ @3+
Trax_3298853 Sea Breeze vs. jazzbeth :
Trax_3298913 Beckie B vs. *Leo The Lion : @0/ A0/ A3\ B2\
Trax_3298934 STrek vs. jaha : @0+ A0/ A3/ @3\ A2\ B0/ C1/ @4/ B5\ A1\ D5\ A0/
Trax_3302637 Beckie B vs. Linda Sue : @0/ A2+ B1/ C2\ C3\ C0\ D1/
Trax_3303097 RubyJoy vs. Linda Sue : @0/ A2+ A3/ @3\ A1\ A0\ A5/ @5/ A3+ @4/ B6+ A5/ D6\ E5\ C7\
Trax_3304388 dreamflight vs. basplund : @0+
Trax_3304430 Goonerg vs. Dragon101 : @0/ A0/ B2+ B3\ @2/ @2/ @2/ F2+ C4+ @2/ @2/ F5+ @4/ F5/ G0/ I6\ E0+ I8/
Trax_3304524 jaha vs. birddog8560 : @0/ A0/ B2/ B3/ C2/ @2\ B0+ C2+ C1/ E2\ D5+ B0\ A1\ E1/ A0+ F2\
Trax_3304524 jaha vs. birddog856 : @0/ A0/ B2/ B3/ C2/ @2\ B0+ C2+ C1/ E2\ D5+ B0\ A1\ E1/ A0+ F2\
Trax_3304534 Sherry vs. *Leo The Lion : @0/ @1/ B0+ @2/ C0+ A1\ @1\ A0\ A0+ @3+ A4/ F1\ B0/ E7+ A6/ @3/ C8+ A8/ B9+ @7\
Trax_3307200 jaha vs. JiffyJeff : @0/ A0/ B2/ B3/ C3/ D3/ B4\ B5\ B1/ A4+ @2+ A3/ D2+ D4\ F2\ G2\ H2\ C6\ D6\ E4+ H1/ RESIGN
Trax_3308569 itb4me2 vs. Goonerg : @0/ @1/ B0+ @2+ C0\ A4/ @1\ C0/ A1+ C0/ C0/ D7\ A7/ C8/
Trax_3308570 golfnutrof vs. Adam : @0+ B1+ C1/ C0/ A1+ D1+ E1\ E3+ @2\ B0+ A1\ @3\ C0/ C5/ C6/ F7\ G7\ A7/ D8+ @7\
Trax_3308771 YankeeFan vs. jaha : @0/ A0/ A0/ A0/ A0/ @3+ C1/ @5/ C6/ A1\ C0+ @4+
Trax_3310493 Sea Breeze vs. YankeeFan : @0+ A0/ B1+ A3/ C1\ C3\ B4\ D3/
Trax_3312112 critterhug MIA vs. basplund :
Trax_3313330 B Line electric streetcar vs. STrek : @0/ A2\ B2\ B3+ B4/ @4+ @4\ B1+ C0+ @5/ C6/ A6+ E2/ F2+ C7+ E6+ F5/ G3+ D8/
Trax_3313389 balmoral vs. Goonerg : @0+ B1\ A2\ A0/ C2\ B3\ @2\ B0/ C5\ D5\ E2+ C6+ A5+ C7/
Trax_3316324 violet unicorns vs. dolcol (LAW-10) : @0/ B1\ A2/ A3/ B2+ @3+ A4+ A5\ B5\ B6\ C4\ C5+
Trax_3317410 Goonerg vs. jaha : @0/ A0/ A0/ A0/ B2+ @1+ @2+ B5+ @2/ A1/ D0/ @6+ D7/ A2\ G3/ A1/
Trax_3317466 davidmilne vs. Rogue Trooper : @0/ A0/ @2+ @1/ D1/ A0+ B4/ @2/ A0/ @5/ A6/ E5+ C6\ D7/ G4+ @5+
Trax_3317488 balmoral vs. YankeeFan : @0+ A2\ A0\ B2+ @1+ @2\ B3+ @2+ C4/ C5/ @4+ F5\ D6/ G4/
Trax_3317526 GringoNZ vs. birddog8560 : @0/ A0/ @1/ @1+ D1+ @1/ D0/ C0+ A2+ F2\ G3/ F4+ D5\ B4\ D6+ F1+ RESIGN
Trax_3317526 GringoNZ vs. birddog856 : @0/ A0/ @1/ @1+ D1+ @1/ D0/ C0+ A2+ F2\ G3/ F4+ D5\ B4\ D6+ F1+ RESIGN
Trax_3318784 * vs. ypercube : @0+ @1+ A0/ B3\ B4\ @1\ B0+ B0\ A1\ A0\ @2+
Trax_3319273 REBEL DJ vs. Rogue Trooper : @0+ B1+ A0+ @2+ C1+ D2+ E2\ E3\ B0/ A4\ C5\ C6\ A5+ D5+
Trax_3319274 Rogue Trooper vs. REBEL DJ : @0+ B1/ B0/ C1+ B3/ C0/ B1+ @1/ E1/ E0/ E5\ F3\
Trax_3319275 REBEL DJ vs. ypercube : @0+ @1+ B0\ A3/ @3+ @2/ @2/ @3\ A4+ A1\ D4\ E0\
Trax_3319276 ypercube vs. REBEL DJ : @0/ B1\ A2/ A3/ B2\ B3+ @3/ A4/ @2+ C5/ E5\ D6/ E1/ F4\ D0/
Trax_3319279 Rogue Trooper vs. ypercube : @0+ @1+ A0/ A3/ @3+ @2/ B1+ C4\ D3+ C5\ B5+ @3\ B5+ A0\ @4\ E1/ C0/
Trax_3319280 ypercube vs. Rogue Trooper : @0/ A0+ A0\ @1\ A0\ @4+ @3+ E2+ B5/ A5/ @1\ A0/
Trax_3319281 Rogue Trooper vs. critterhug MIA : @0+
Trax_3319282 critterhug MIA vs. Rogue Trooper :
Trax_3319283 ypercube vs. critterhug MIA : @0/
Trax_3319284 critterhug MIA vs. ypercube :
Trax_3319285 dgb vs. jazzbeth : @0+ A0/ A3\ B2\ C2\ B3\ D1/ B0+ D4\ A5+ E3\
Trax_3319286 jazzbeth vs. dgb : @0/ @1/ C1/ @1/ B0\ B0+ D4+ @4\ F3+ G3/ F2+ E0+ G2+ F6/ F7/ G7+ H6\ A3\ @2/ E6+ I2/ F0+
Trax_3319287 dgb vs. birddog8560 : @0/ A0/ B1+ B3/ @2/ D2\ E2\ @1/ D4/ D5+ E3+ G2\ B0+ B0/ @3\ B4/ C5+ @3/ @3/ @3/ F0/ E2+ D2\ E0+ @3+ B2\ E0/ I4+ H2+ C2+ @4+ B2+ A3\ C7/ D8+ D9\ A6+ RESIGN
Trax_3319287 dgb vs. birddog856 : @0/ A0/ B1+ B3/ @2/ D2\ E2\ @1/ D4/ D5+ E3+ G2\ B0+ B0/ @3\ B4/ C5+ @3/ @3/ @3/ F0/ E2+ D2\ E0+ @3+ B2\ E0/ I4+ H2+ C2+ @4+ B2+ A3\ C7/ D8+ D9\ A6+ RESIGN
Trax_3319288 birddog8560 vs. dgb : @0/ @1/ B0/ @1+ C0/ @3\ @3\ B1+ E4/ F1/ C0+ C0\ A2+ @4/ H4/ A6/ @6/ G1+ E0+ G1+ RESIGN
Trax_3319288 birddog856 vs. dgb : @0/ @1/ B0/ @1+ C0/ @3\ @3\ B1+ E4/ F1/ C0+ C0\ A2+ @4/ H4/ A6/ @6/ G1+ E0+ G1+ RESIGN
Trax_3319289 jazzbeth vs. birddog8560 : @0/ A0/ B2/ B3/ C3/ B4/ A4/ @3\ B5/ @4+ C6/ A7\ F3/ F2/ F7\ G4+ C8+ H2/ F1/ H1/
Trax_3319289 jazzbeth vs. birddog856 : @0/ A0/ B2/ B3/ C3/ B4/ A4/ @3\ B5/ @4+ C6/ A7\ F3/ F2/ F7\ G4+ C8+ H2/ F1/ H1/
Trax_3319290 birddog8560 vs. jazzbeth : @0+ @1/ C1/ B0/ B0+ @3/ @3/ C1\ C0\ A3+ D0+ B6/ B7+ E6+ A3\ @2/ @4\ A2\ B1+ E0/ @6/ C7+ A3\ @5/ C2+
Trax_3319290 birddog856 vs. jazzbeth : @0+ @1/ C1/ B0/ B0+ @3/ @3/ C1\ C0\ A3+ D0+ B6/ B7+ E6+ A3\ @2/ @4\ A2\ B1+ E0/ @6/ C7+ A3\ @5/ C2+
Trax_3320480 Sassy Lassie vs. * : @0+ @1+ B0\ A3/ C2/ @1/ C0/ A1/ E2/ E1/ E0+ F3\ F4\ F5\ E6+ @5/ B6+ A2\ @2+ B1/
Trax_3320494 Goonerg vs. rabbitoid : @0/ @1/ @1/ B0+ A3+ @3/ A2+ C4+ @3+ C4+ F1\ G1\ G0+ C1+ G6+ H4/ C6/ C7/ A5/ C8+
Trax_3320512 princesarg vs. YankeeFan :
Trax_3320667 davidmilne vs. dgb : @0/ @1/ B0+ @2+ @1/ A0+ @1+ A0\ C1+ @2+ F1/ D0/ D0/ G3/ @3/ A2+
Trax_3322881 Daddy MBA vs. GringoNZ : @0+ A2/ B2/ C1\ D2/ C0+ @3\ C4/ F3/ D0+ G5\ F6/ G2/ H4+ G1\
Trax_3323210 birddog8560 vs. GringoNZ : @0/ @1/ A0/ @1/ B3/ B0\ C1\ B5\ B0/ D4+ E3\ D2+ @3/ A2+ B0/ A2+ B0/ E8\ F8\ G8\ G9\ H9\ H10\ I7+ B8\ H11+ A10+ B12/ @1\ B0/ A6/ @6+ C7+ E3+
Trax_3323210 birddog856 vs. GringoNZ : @0/ @1/ A0/ @1/ B3/ B0\ C1\ B5\ B0/ D4+ E3\ D2+ @3/ A2+ B0/ A2+ B0/ E8\ F8\ G8\ G9\ H9\ H10\ I7+ B8\ H11+ A10+ B12/ @1\ B0/ A6/ @6+ C7+ E3+
Trax_3323935 Rogue Trooper vs. Dragon101 : @0+ A0/ @2/ @2/ C0+ B2+ B0/ A2+ @1+ A3+
Trax_3323969 JiffyJeff vs. jazzbeth : @0/ @1/ @1/ @1/ C2+ E1/ C0\ A4/ RESIGN
Trax_3324039 ypercube vs. jaha : @0+ A0/ A3\ B3\ B4\ C1+ C0/ D4\ @3\ @3\ @3\ C5+ E6\ F0/ G2/ H2/ H1/ G7+ D1+ F0/ A6/ @7\ B3\ A5\ D1+
Trax_3324216 Daddy MBA vs. GringoNZ : @0+ B1/ @1/ C0+ @2\ A1\ B0\ @3/ A4/ A1\ @1/
Trax_3324368 Daddy MBA vs. GringoNZ : @0/ @1/ B2/ C2/ A0/ @2+ @1/ @1/ A3\ F2+ C0+ C4\ @4/ B5\ A1\ @4+ B0/
Trax_3325376 basplund vs. joe768 :
Trax_3327111 Traxplayer vs. YankeeFan : @0/ A0/ @1/ B3\ C1+ C0+ D2+ C0+ B6\ C0+ A3\ C0+ D3\
Trax_3328028 Daddy MBA vs. GringoNZ : @0+ B1+ C1\ C2\ D1/ B0/ D1+ C0+ E4\ D5/ E5+ F4+ A5/ A6/ @4+ E6\ H4/ F2+ F1/ F0\
Trax_3328790 FrostyColdOne vs. mcinturff : @0/ B1+ A0\ @2/ B3/ D2/ D3+ A3/ E2\ D4+ A5/ E4/
Trax_3330580 Goonerg vs. dalkelly MIA : @0/ B1\ A2/ @2/ B0/ D2\ D0/ E2\ A1\ C4+ B0/
Trax_3330677 Adam vs. lhh61 : @0+ A0/ B1/ B3/ C3+ D1\ B0+ A0/ @1+ B0/ B0+ B0\ @1+
Trax_3330785 jaha vs. ypercube : @0/ A0/ B2/ B3/ C2/ @1\ B0/ E4/ @3+ D1+ @3\ @2/ G5+ I4/ I3/ D4\ D5+ I2+ B1+ J3/
Trax_3332216 jaha vs. Goonerg : @0/ A2/ @2\ C1+ B3+ C4/ D4+ E4/ D5+ D6/ A4\ @3/ C6+ A5/ @6\ D7/ A8+ @5/ F8\ C9/ G7\
Trax_3332755 Goonerg vs. Traxplayer : @0/ @1/ A2/ B3+ C1/ B4/ @2/ D0/ E4+ E5\ E6\ F5/ F2/ G6\ G7\ G2+ G1/ H4\
Trax_3335944 Dionysos vs. GringoNZ : @0/ A0/ B1/ C2+ C3\ C4+ D3/ @4/ A5/ A1\ @3+ B0/
Trax_3336272 * vs. ypercube : @0/ A2/ @1\ A0\ A4/ @2+ @3\ @2/ @2/ @3\ C4+ A1+ C0+ D0\ C7\ @6+ A7/ A8+ @6+ I6+ E0/ D2+ C10/ H3/ I4+ D0\ C1\ H1+ E11\ I2+
Trax_3338081 Dragon101 vs. csain1 : @0/ A0/ B1/ A3/ B4/ @1\ C0+ C6/ A5/ D6+ @5\
Trax_3338099 Goonerg vs. Rogue Trooper : @0/ A0/ @1/ B0+ A0/ C2/ C3+ @3+ A4/ D0/ E2\ A1\ @3/ C0/
Trax_3338105 Traxplayer vs. rabbitoid : @0/ A0/ @1/ C2\ B3/ C3+ A2+ @1/ C4+ C5/ C0/ E1+ F2+ B5+ A4+ @3\ B0+ F1/ B0/ @4/ @6/ C7+ J5\ I6+ A2+ K5+ @5\
Trax_3338145 jazzbeth vs. Rogue Trooper : @0/ A0/ A3+ B1+ B0/ C1/ C3+ D3\ E3+ D0\ A2+ B6/ F2+ E5+ F4+ E7+ C0+ F8+ E9/ A8+ G6+ G3\ F1/ G1/ H1/ H0/ I4+ A1\ E0+ @2/
Trax_3338270 basplund vs. critterhug MIA :
Trax_3339891 YankeeFan vs. * : @0/ B1/ C1\ C2\ D2+ B0/ E2+ D4/ B0/ B4+
Trax_3341973 stinky_malinky vs. spitfire : @0/ @1\ A0/
Trax_3341983 nisqually vs. spitfire : @0/ B1\ A2/ @2+ B0+ @2+ C0+ E3/ E2\
Trax_3341985 spitfire vs. SIRI : @0/ B1\ A2/ B2+ C1/ C0/ @2\ C1\ D0/ D4+ E4\ @3\ D5+ F5\ G5\ D6/ D7\ E7\ B6/ C7+ E0\ D1\ B8+ C9\ E9\ G8+ D0+ C3+ F1/ E0\ B3\ B2\ B4+ G11/ H11\ G12/ B12/ H9/
Trax_3342308 spitfire vs. FLOWER18252 : @0/ A2\ B2\ B3/ C3\ C4\ @2/ A3/ B0\ A1\ @1\ C0/ D1/ D0+ E2\ E3\ F3\
Trax_3344867 STrek vs. balmoral : @0+ @1+ B2/ B0/ C2\ @2/ C4+ C5/ B5/ B6/ A6/ @2/ E5+ A1\ D7+ C0+
Trax_3346562 Adam vs. Rogue Trooper : @0+ B1+ A0+ A3/ A0+ @3+ @3\ C0/ B3+ A2/ B0\ A1\ @3/ E1\ F5\ F4+ @2+ A0+ @2/ G1/ C0/
Trax_3349252 dgb vs. ypercube : @0/ @1/ @1/ @1/ B2+ A0+ C0\ E2+ F2\ @3+ C5/ D5+ E0+ G2+ F4+ E7+ G7+ H3\ C7+ RESIGN
Trax_3349253 ypercube vs. dgb : @0/ A0/ B2/ A3+ C2/ @2\ @2\ F2/ D4\ D5\ C4+ F1/ A3/ @4\ D0+ B2+ G0\ E1+ RESIGN
Trax_3350099 Judy vs. basplund : @0/
Trax_3350113 * vs. itb4me2 : @0/ B1\ B2\ A2+ @2/ C3\ @2/ B1+ @3\ C4+ @4/ C5\ F5\ G3\ E6/
Trax_3350332 davidmilne vs. JiffyJeff : @0/ @1/ A2+ @2+ C0+ B0/ D2/ C5/ D0/ E3/ A2/ C0/ D6+ A5+ @5\ C1\ D0/ E2/ C1\ D0/ G5\ F8+ G8+ H7+ I6\ J7/ H9/ G10\ B9+ F4+ H4\ G3+ A9\ @9\ C4+ A5+ @5/ K10\ K11\ E10+ E11/ K12\ G13+ L9\ M9\ L11+ D13/ I14+ D14\
Trax_3350348 jazzbeth vs. davidmilne : @0/ @1/ B2/ B0\ @2/ B1+ B0+ B0+ @4/ RESIGN
Trax_3350356 YankeeFan vs. dawn1968 : @0/ @1/ C1/ C2/ A2/ B3+ D2+ B4/ A5\ E2/ B0+ F2\ B7\ C7\ A0\ @3+ H4/ F5\ F6\ D1\ C0/ C0/ I6\ C11/ I7/
Trax_3352071 Goonerg vs. Dionysos : @0/ B1\ A2/ @2+ B0/ C3+ C4+ D4\ D2+ C0+ A1\ @2/ C0+ A4+ F4/ D7/ F1/ G1/ D0/
Trax_3352302 GringoNZ vs. Traxplayer : @0/ @1/ A0/ @1/ A0/ @1/ C4/ E4/ D5+ D6/ D7/ F5/ C1/ D1/ E2+ B6+ A5/ @6\ B7+ @7+ D4+ C0\ B1\ C9+ B9/ H7\ I7\ B10/ A10/ @7/ C4\ RESIGN
Trax_3352790 FrostyColdOne vs. mcinturff : @0/ B1+ A0\ @2/ A1+ @2\ @2/ A3/ C3+ F2\ D4/ A4\ C5/ D5+ C6\ D6+ E6+ G5\ @4/ A5/ B5+ E7/ B6/ C8+ I5\ A7\ I2/ C9/ H1\
Trax_3353963 Goonerg vs. aubug : @0/ B1/ A2/ @2+ C0/ D2+ E3/ B4/ D0/ E1/ F4/ D6+ G6\ F7/ H5+ I5/ B7/ A7/ @5\ B1+ H2+ D0/
Trax_3355505 Rogue Trooper vs. Dragon101 : @0+ A0/ B1\ B2\ @1/ @2\ B0+ @2/ E4+ F2/ F1/ C0/ @3+ C5+ D6+ E6+ D7/ H2+ G0+ I5+ I6\ I7+ J7\ B7/ A6/
Trax_3355585 YankeeFan vs. jazzbeth : @0/ @1/ C1/ A2+ B0/ @1/ D1+ E1/ E2+ C0/ A4/ A0+ @4\ F1/ C0\ G3/
Trax_3355974 jazzbeth vs. JiffyJeff : @0/ @1/ A0/ A0/ A4\ B2+ C2+ C1/ A0/ @4+ E3+ E4\ D5\ @4+ C6+ B6+ D7/ G4/ @4/ A6+ F1/ F0/ B8/ C9/ B2+ C1\ @5/
Trax_3356551 Fallen Angel vs. JiffyJeff : @0/ @1/ B0\ B0+ A4+ @4/ C5\ D3+ E3\ A5/ C6\ E5+ F5\ F6\ G5\ H4+ F7\ G3+
Trax_3358550 ypercube vs. Traxplayer : @0+ B1+ A0+ @1+ B0+ @2+ E3/ B3+ A3/ A4+ A5\ C0\ C6\ C7\ C8\ E5+ F8+ D9/ C10\ E11+ G6/ F5+ D12\ E13/ E14/ C11+ @5\ A2/ E3/ I7/ J7/ C0+ @6\ H14+ I14/ E16/ D14+ H16\ RESIGN
Trax_3359756 mgs vs. STrek :
Trax_3359843 GringoNZ vs. jazzbeth : @0/ @1/ A2+ A0+ C2\ B4/ @2/ @2/ B4+ B5/ E3+ D5+ @1\ B0/ @3/ B4+ A6/ D7/ @3/
Trax_3360397 jazzbeth vs. patchwork0 : @0/ A2\ B1/ B2+ A0+ @2/ D3/ @2/ E1/ E0/ E0/ F3\ B2+ G2\ D6/ D2+ H2+ C1\ E0/ G4\ F5+
Trax_3361455 davidmilne vs. * : @0/ B1\ A2/ @1/ A0/ A0/ @2+ C1+ C0/ B1+ E4+ F4/ E2+ D1/ E0\ G5/ E6/ D7\ @3/ D0+ @5\ A6\ F0\ @7/ RESIGN
Trax_3363029 supermac vs. itb4me2 : @0+ B1\ C1/ A0/ C1+ C0+ D3/ @2\ A1\ C0/ E5\ F4/ C0/ B0+ @1+ F8+ A5/ C7+ @4\
Trax_3364118 * vs. ypercube : @0/ B1/ B2\ C2\ A0\ @2/ B4+ @3\ D0/ E1/ F5/ G4\ E3+ G6+ B1\ D0+ @5\ C7/ C8/ G1\
Trax_3365065 dgb vs. GringoNZ : @0/ @1/ B2+ B0\ B4/ @3+ D3+ E2\ D1+ C0/ B6+ E1+ F3\ F5/ E0/ G2/ H3+ E0\ D2+ B4\ A4\ C2\ D1\ H6+ @8/ A9/ B2\ D1+
Trax_3366476 basplund vs. critterhug MIA :
Trax_3367761 Goonerg vs. JiffyJeff : @0/ @1/ B0/ @1/ C0+ C0+ D3/ @2/ B4+ C5\ E5\ F5\ C6+ B5/ A5/ B6/ B7/ A7/ @4+ B1\ @4/ B2\
Trax_3367970 Dawn vs. ypercube : @0/ A0/ B1+ C1/ C0+ A4+ C3+ A5\ D1/ D2+ E3/ D4+ F3/ G4/ G5+ F6\ F0/ G3+ H6\ F0+ D1+ E9/ D9+ F10\ G10+ E11/ D10+ F12\ G12\ D12/ G1\ D13\
Trax_3369186 boneyardking vs. davidmilne : @0/ @1/ @1/ B0+ A3+ @3/ B4+ A1\ C4+ @2/
Trax_3369187 davidmilne vs. boneyardking : @0/ A2\ B1/ B2+ C2/ C1+ C0/ B1+ A0/ D2+ E3/ D1/ B0\ @2\ F5\ F6+ G4\
Trax_3369188 boneyardking vs. ypercube : @0+ B1+ B2/ B0/ B4/ C2\ @2\ E1/ C0/ E5\ A4+ D6\
Trax_3369189 ypercube vs. boneyardking : @0+ B1/ @1/ C0/ C0/ A2+ B4\ B5\ D2+
Trax_3369192 Daddy MBA vs. davidmilne : @0/ @1/ A2\ B0\ C1\ B3+ C0/ D1/ D4/ B5+ C5+ B6+ B0\ B8+
Trax_3369193 davidmilne vs. Daddy MBA : @0/ A0+ B1\ A3/ @3/ C4\ D4\ C0\ B0/ @3/ E4/ F6\ B2+ E0\ C1+ @3/ B5+ F8+ D9+ B7/ A6\ @4+ H3+ @5/ A6/ A7/ B8+ C2\ B3+ E0/ J3\ H1/ H0/ I8/ J9\ K9\ G12\ H12\ H13\ I11+ J8+ L11/ F13/ G14\ D11+
Trax_3369194 Daddy MBA vs. ypercube : @0+ A0+ A0+ B1/ A4+ C1/ C2/ @1\ A0\ D4/ A3/ @1\ A0\ A5\ @4/ E7/ E8/ E9/ F6+ G9+ G10\ G4+ C8+ H7/
Trax_3369195 ypercube vs. Daddy MBA : @0+ A2/ A0\ @1\ A0\ @4+ @3+ E4\ C5\ B0/ E1+ C0\ F5+
Trax_3369196 coopaah vs. davidmilne : @0/ @1/ A0+ A3\ C1\ @1+ B0/ @3\ B4+ D4+ F3+ C5+ F5\ G5\ @4/ A5/ D6/ H3/ I5\ @3/ B2+ K4+ J6+ G7+ G8\ K2/ L2+ L4\ M3\ J8\ I9/ K6+
Trax_3369197 davidmilne vs. coopaah : @0/ B1\ A2/ A3+ @3/ A2+ C2+ @1\ A0\ B5/ A5/ @4+ D6/ E5+ D1/ B0\ @5\ E1+ E0\ C8+ D9/ G4\ G7/ @5/ I3/ I2/ H9\ B4+ G10\
Trax_3369198 coopaah vs. ypercube : @0/ @1/ A0+ B3\ C3\ D3\ A0/ B0\ @2/ @3\ B5+ @5+ A6+ @6/ A4+ F6+ D7\ D8\ A2\ @3/ F8/ F0/ H5/ I1/ J2+ K4+
Trax_3369199 ypercube vs. coopaah : @0+ @1/ C1+ B2+ D1/ D2/ E1/ B0/ B0/ @3/ G1/ E0+ G5\ H5+ G6/
Trax_3369200 davidmilne vs. ypercube : @0/ @1/ B0+ B0/ B0/ @3/ B2+ @3/ B1+ D5\ E4/ D0/ F4\ G1+ E0\ B0+ A1\ @1+ D0\ H2+ @3+ C0+ B1\ A1+ RESIGN
Trax_3369201 ypercube vs. davidmilne : @0/ A0/ B2/ @2\ @2\ C3/ B4+ B5\ B6\ A5+ C4+ D5+ D7/ E5\ @4+ G4+ H5/ H3+ I5\ I6\ G7+ G8\ J6\ H7+ G9\ @2\ A1\ A5\ @5\ E1\ E0\ F10+ H11\ E8+ M6/ K5+ K9+ RESIGN
Trax_3369202 GringoNZ vs. Dania59 : @0/ A2\ B1/ B0+ @2+ C0+ B5/ A5/ A6/ @6/ D6\ E3/ D7/
Trax_3369203 Dania59 vs. GringoNZ : @0/ @1+ @1\ A0\ @1/ B3/ A3/ @2/ A3/ @3/ A4/ A1\ C0/ @2/
Trax_3369204 GringoNZ vs. Jay RAA : @0/ B1\ A2/ B0\ @2+ @1/ A0+ E2/ E1/ C0\ @3/ E0+ G1/ G0/ H3\ H4\
Trax_3369205 Jay RAA vs. GringoNZ : @0/ @1/ C1/ B0\ D1/ B0+ C4\ D4\ E4\ F4+ F5\ F1/ G1/ D0+
Trax_3369206 GringoNZ vs. dreamflight : @0/ A2\ B1/ B2+ B0\ C3/ @2\ B1+ B0\ A2\ @2\ A1\ A4/ A5+ @4\
Trax_3369207 dreamflight vs. GringoNZ : @0+ B1+ B2/ B0/ A1+ C2+ C3+ @2+ B0\ B0\ A1\ D1/ A5/ B6/
Trax_3369218 tburgoon vs. *Leo The Lion : @0/ A2\ B2\ B3+ B1/ C3/ A0\ @1\ C0/ D3/ E3/ A5/ E1/ A6\
Trax_3369219 *Leo The Lion vs. tburgoon : @0/ B1\ A2/ B0\ C2+ @1\ A0\ @3+ E1/ F2\ C0+
Trax_3369220 tburgoon vs. Goonerg : @0/ A2/ A0\ @2/ B4\ C2+ A3/ A1\ @2/ C0/ D1/ E1+ A5/ E0\
Trax_3369221 Goonerg vs. tburgoon : @0/ B1\ A2/ B0\ @2+ D1/ B0/ @3\ F3/ D4+ F4\ G3/ D5+
Trax_3369224 Pegasus vs. *Leo The Lion : @0/ @1/ B0/ @1+ C0\ B1+
Trax_3369225 *Leo The Lion vs. Pegasus : @0/ B1\ A2/ @2\ B3\ C3\ C4\ A1+ D3+
Trax_3369226 Pegasus vs. Goonerg : @0/ @1/ B0/ @1/ A2+ A3/ B3+ @1/ @2\ D0+
Trax_3369226 Wife of a Maverick driver vs. Goonerg : @0/ @1/ B0/ @1/ A2+ A3/ B3+ @1/ @2\ D0+
Trax_3369227 Goonerg vs. Pegasus : @0/ B1\ A2/ @2/ B0/ C0/ D3+ C4+ C5\ D1+ A1\ C0+ @2/
Trax_3369227 Goonerg vs. Wife of a Maverick driver : @0/ B1\ A2/ @2/ B0/ C0/ D3+ C4+ C5\ D1+ A1\ C0+ @2/
Trax_3369228 TaUrUsRoSe vs. *Leo The Lion : @0+ @1+ A2\ B0/ C1/ D1+ D3/ E1+ D4\ E4\ D0\ @3+ B1\ B0\ G6\ @4+ I6/ G5+ H3+ I4\
Trax_3369229 *Leo The Lion vs. TaUrUsRoSe : @0/ B1\ A2/ @1/ @1/ @1/ C0+ D0/ B4+
Trax_3369230 TaUrUsRoSe vs. Goonerg : @0+ B1/ C1\ B2/ B0/ D2\ @2\ E0/ F1/ A1+ D0/ E5\ D6\ E6\ @4/ A5/ A6/ B7+ B1\ D8+
Trax_3369231 Goonerg vs. TaUrUsRoSe : @0/ A2\ B1/ @2\ D1\ D2\ B3+ @1\ C0+ F2/ F1/ F0/ A5/ @3\ C6/
Trax_3369232 *Leo The Lion vs. Goonerg : @0/ B1/ B2\ C1/ C0+ C3\ D3\ D4\ @2/ @2/ B0+ A6/ @3/ @1\ C0+ I5+ H4/ I4/ G8+ I2/ E1+
Trax_3369233 Goonerg vs. *Leo The Lion : @0/ @1/ B0/ @1+ C0/ @2/ C4/ D0+ E3+ A1\ @4/ B0/
Trax_3369234 Phil The Hat vs. SIRI : @0/ B1\ B2\ A2+ C1/ B0+ C1+ C0/ D1/ D4/ C0+ D0/ B2/
Trax_3369235 SIRI vs. Phil The Hat : @0+ A0+ A3/ @3\ A2+ B0/ A1+ C4+ A0/ C2\ C3+ D2/ C1+ D5\ D6\ @3/ B0+ E4\
Trax_3369236 Phil The Hat vs. dgb : @0/ @1/ A2+ C1+ C3/ B0\ D3\ E3\ @3\ A1+ D1+ E1/ E0/ G1+ G5/ H5\
Trax_3369237 dgb vs. Phil The Hat : @0/ @1/ @1/ B0/ D2+ B3/ B4+ D5/ E5+ F4\ E6+ E7\ C1/ A3+ F2+ G5/ A0+ @3/ F1/ E0\
Trax_3369238 Phil The Hat vs. Judy : @0/ A2\ B1/ @1+ A0+ @2/ @2/ C0+ C0+ C0+ E3/ F4\ B3\
Trax_3369239 Judy vs. Phil The Hat : @0/ A0/ B1+ @1\ B0/ B0/ @3+ B1\ C5\ C0\
Trax_3369240 SIRI vs. dgb : @0+ B1+ B2/ B0/ C1/ D1+ A1+ B0\ A1\ D4\ C5\ E3\
Trax_3369241 dgb vs. SIRI : @0/ @1/ @1/ D1\ B2+ B0/ @2+ A3+ @2+ B4/ C5/ A4\ E4\ F4\ F6+ B5/ @4\
Trax_3369244 dgb vs. Judy : @0+ @1+ @1\ B0+ D2\ D3\ D4+ E4+ A3/ @3/ F2/ F1/ G3+ D1/ D0/ @4\ B3+ G1+ I3\ F6/ I1/ E7+ J1\
Trax_3369245 Judy vs. dgb : @0/ A0/ B1/ C2+ A3/ D1\ C0+ B5+ D0/ E3+ B2\ D6\ @3+ F4\
Trax_3369246 jazzbeth vs. birddog8560 : @0/ A0/ A0/ @3+ B0+ B0+ C5+ D3\ A6/ @2+ D1/ B7+ @2/ D0/ F5\ G3/ B2/
Trax_3369246 jazzbeth vs. birddog856 : @0/ A0/ A0/ @3+ B0+ B0+ C5+ D3\ A6/ @2+ D1/ B7+ @2/ D0/ F5\ G3/ B2/
Trax_3369247 birddog8560 vs. jazzbeth : @0/ @1+ B0/ A0/ A4/ B4+ @1/ @1/ C0+ E3\ B5+ D1/ @4/ B5+ A1\ B0/ @4\
Trax_3369247 birddog856 vs. jazzbeth : @0/ @1+ B0/ A0/ A4/ B4+ @1/ @1/ C0+ E3\ B5+ D1/ @4/ B5+ A1\ B0/ @4\
Trax_3369248 jazzbeth vs. Big Giant Head : @0/ B1\ A2/ A0/ @3/ C0/ D3+ @2/ A4+ C1+ @4+ C5/ G3+ H3/ H2/
Trax_3369249 Big Giant Head vs. jazzbeth : @0/ @1+ A0+ @2/ B0\ B0\ C5/ C1/ D5\ B0/
Trax_3369250 jazzbeth vs. Rizzo : @0/ B1\ A2/ @2+ C2+ @1\ C0/ E1/ D0+ E1+ E0/ E5\ D6+
Trax_3369251 Rizzo vs. jazzbeth : @0+ @1/ @1\ C0\ C3+ D3/
Trax_3369938 jazzbeth vs. Rogue Trooper : @0/ A0/ A0/ @2+ B0/ C1/ D3\ @3+ D0/ F1+ G2/ H4+ F5/ F6/ B0+ A1\ A0\ @1\ E1/ F2/
Trax_3371983 dgb vs. birddog8560 : @0/ A0/ @2+ C1\ D1\ A0/ @2+ @2/ @2/ B1+ B0\ B0/ B0/ A2+ B0/ A0/ D9/ @4+ D8+
Trax_3371983 dgb vs. birddog856 : @0/ A0/ @2+ C1\ D1\ A0/ @2+ @2/ @2/ B1+ B0\ B0/ B0/ A2+ B0/ A0/ D9/ @4+ D8+
Trax_3372006 ypercube vs. dgb : @0+ B1+ B2\ A0/ B4\ C2+ @2\ @2\ A0/ @2+ G4/ G6\ H6\ B4/ A5\ @3\ I4+ J4\ E1/ E6+ RESIGN
Trax_3372022 GringoNZ vs. ypercube : @0/ A2+ B1/ @2/ C0\ C0\ D2+ A5\ @4/ @4/ F4+ E5\ B6+ D6+ @6/ A7/ C3+ RESIGN
Trax_3373466 jaha vs. Rogue Trooper : @0/ A0/ B2/ B1/ A0+ @3/ D1\ B0/ E2\ D5+ C6/ B0/ @3/ C7+ A6+ D8/ C9\ A2+ @7\ B4/ A3\ @4\ @4+ A3\ A2\ A1+ @3+ D0/ RESIGN
Trax_3373519 STrek vs. Linda Sue : @0+ @1/ A0/ C2\ C3\ D3\ D4\ @2\ A3+ F4\ F5\ G5\ F6/ F7/ E7/
Trax_3374898 Dionysos vs. YankeeFan : @0/ A0/ B2+ B3+ C3\ C4+ @2+ E4/ D2/ E2/ F3\ G4/ D0/ D0+ D7\ F3/ F2/ E1+ H5/ H6+ G1+ H1/ I2+ G0+
Trax_3374918 Goonerg vs. dalkelly MIA : @0/ B1\ A2/ B0\ @1/ D1/ B0/ @1\ C0/ A1+ C0/ A5/ @5/ G5\ F6/ E7\ A1/ B0\ H6+ G4\ H7\ I4/ F3/ J4/ H2/ I8/ I3/
Trax_3374947 davidmilne vs. aubug : @0/ A0/ B1+ A3+ B0\ @2+ @3\ @2/ @2/ B4+ B5\ C1+ G3/ D0+ G6\ D7+ H5\
Trax_3374985 ypercube vs. * : @0/ B1\ A2/ @1+ @1\ C0/ E1/ E0\
Trax_3375093 jaha vs. jazzbeth : @0/ @1/ A0/ @1/ B0/ @1/ B0+ D1\ B0/ E3/ F2\ E0+ G1+ H2/ G0+ D1+ G0+
Trax_3380135 birddog8560 vs. Charlo : @0/ A0+ @1/ A0/ C1\ @1+ C0/ A4\ E2/ E1/ F1/ D0\ F4\ E5\ G3\
Trax_3380135 birddog856 vs. Charlo : @0/ A0+ @1/ A0/ C1\ @1+ C0/ A4\ E2/ E1/ F1/ D0\ F4\ E5\ G3\
Trax_3380507 GlassTiger vs. Charlo : @0/ @1/ A2/ C1+ @2\ A3\ A4/ @2+ B1+ B0\ A1\ D0+ E6\ B7\
Trax_3380807 DavidTrax vs. GringoNZ : @0/ @1/ @1/ B0\ @2\ B1+ B0\ A2\ @2\ A1\ F2\ F4/ C0\ D2+ A5/ @5/ C6\ D6\ RESIGN
Trax_3382153 Authority vs. basplund : @0/
Trax_3382672 Jay RAA vs. Authority : @0/ B1+ A0\ @1\ B0\ C1+ C4\ D2/ B5/ A5/ C6\ D6\ E4/ @2/ B3/
Trax_3383084 Dragon101 vs. jazzbeth : @0/ @1/ B0/ A0/ A0/ C3/ @1+ B5\ B6\ @3+ @2/ B1+ A0/ @3/ @3/ B5+ C6/ @1+ D0+ A6/ A7/ @5\
Trax_3383869 BigDaddyTuaine vs. Authority : @0+ @1/ A0\ @2/ A1+ D2\ D1/ C3+
Trax_3384371 Traxplayer vs. Lilac Oyster : @0/ B1\ A2/ B2+ @2\ B0/ B4+ B5/ D2+ B6/ C6\ D5\ C7/
Trax_3384381 rabbitoid vs. davidmilne : @0/ A0/ A0+ B1/ B2+ @2+ @3\ @2/ B1+ F2\ D4/ C5\ G5+ RESIGN
Trax_3385775 JiffyJeff vs. Authority : @0/ B1+ C1/ A2/ B0+ D2/ B4/ C0\ E2/ C5+ C6+ D6\ E6\ E5+ F2\ E4/
Trax_3385906 Goonerg vs. princesarg : @0/
Trax_3386281 Sassy Lassie vs. Authority : @0+ B1/ C1\ C2\ A2+ C3\ A3+ B4+ @3\ @3\ B1+ A4/ A5+ @3/
Trax_3386685 BigDaddyTuaine vs. Charlo : @0+ B1\ C1/ C0/ D1/ C3/ B1+ B0\ C0\ D6\ E5/ A6/ A2\ @5/
Trax_3386879 BigDaddyTuaine vs. Charlo : @0+ @1/ A0\ @1\ A0\ D3\ E3/ C4+
Trax_3387144 serenityinwv vs. Authority : @0/ B1+ B0/ C2\ C3\ C4+ D4\ D5\ D2\ E4+
Trax_3387235 serenityinwv vs. Authority : @0+ B1\ A0\ @2/ B3/ @1+ C4\ E2\ D1+ E4\ F3+ D0/ D0\ C7+ B5/ A7\ @6/ E8/ G3/ G8+ H5/ F9+
Trax_3387313 dgb vs. GringoNZ : @0/ B1+ C1/ A0+ B3+ B4/ @3\ @2+ F2\ E3+ B5/ A5+ C6\ D6\ E5\ F5+ F6\ F7\ G6/ G3/ H7\ H8\ E1/ G1/ H3+
Trax_3387756 Traxplayer vs. Rogue Trooper : @0/ @1/ A0/ A0/ A4/ C3/ C5+ D3/ D2/ E5+ F4+ F5\ D6/ B6+ G5\ E7+
Trax_3387851 basplund vs. Charlo :
Trax_3390367 violet unicorns vs. GlassTiger : @0/ B1\ B2\ A2+ C1+ B0\ C0/ D2\ D1/ E1\
Trax_3390951 Juniorholic vs. Authority : @0/ B1+ @1/ D1\ B0/ C3+
Trax_3391505 jazzbeth vs. stormy rebel : @0/ B1\ B2\ B3\ B4+ A3/ B5\ A0/ A6/ A7/ C4\ @5/ E1/ E0/ E7\ C8\ F5\
Trax_3393796 Authority vs. JiffyJeff : @0/ A0/ @2+ @1/ B0\ B4+ B0/ B6+ B0+ B0/ A3+ @2/ C0/ D3+ E5\ A7/ B9+ A9+ B10\ @3\ A2\ B5/ A5/ @3\ G8\ A7/ B8/
Trax_3394480 Charlo vs. JiffyJeff : @0+ @1/ @1\ B0/ B0/ D3+ C4+ C5/ A5\ D4+ E3/ D5\ D6\ D7\ A1\ @1+ B0/
Trax_3394627 ypercube vs. Charlo : @0+ @1+ A2/ @2/ A3+ @2+ @1/ A0+ @2\ B4\ @2\ B4/ B5/ D0\ F6/ D7\ F1/ D0\ G5+
Trax_3395601 Sista vs. KOOKY : @0+ A0+ A0+ @2\ C2\ @1/ C0+ A4/ @4/ B1\ A2/ @4/ G4\ G5\ C0+ F6/ G7\ F1/ D0+ A8/ F9+
Trax_3397959 itb4me2 vs. YankeeFan : @0+ A0/ A3\ B3\ B4\ C1+ @4/ C5\ A2\ @2\ B5+ D6\ F4+ A4/ @1/ A3+ D0/ E0\ @3/
Trax_3398161 jaha vs. davidmilne : @0/ @1/ A0/ A3\ C2/ B3+ B1/ D3+ @2\ @2\ D4/ G3\ G4\ C5\ D6/ H4\ E5+ H2/ E1/ I2\
Trax_3398239 ypercube vs. supermac : @0/ B1\ A2/ B2+ C2\ A3/ A0/ C1/ RESIGN
Trax_3398397 Authority vs. Jay RAA : @0/ B1\ B2\ B0\ @2/ D1/ D0/ D5/ A1\ @1\ D0+
Trax_3398398 dawn1968 vs. Charlo : @0/ A0+ A3/ B1\ @3/ C0\ D3/ @4+ A5/ A1\ B0\ @2/
Trax_3398476 GringoNZ vs. birddog8560 : @0/ A0/ @1/ A0/ A0/ @2+ D4/ B0\ @2/ B1+ D6+ F5\ E4/
Trax_3398476 GringoNZ vs. birddog856 : @0/ A0/ @1/ A0/ A0/ @2+ D4/ B0\ @2/ B1+ D6+ F5\ E4/
Trax_3398502 basplund vs. critterhug MIA :
Trax_3398518 GringoNZ vs. jaha : @0/ A0/ B1+ @2\ @2\ C3+ C4/ B4/ B5\ D0+ E3+ F3\ F5+ D6\ @3/ A4+ C7/ B7/ A6/ E7+ F7/
Trax_3399003 Appollo vs. Authority : @0/ A2+ A0\ @3\ A1\ @1/
Trax_3400559 shelly (uk) vs. Authority : @0+ @1\ A0/ C2/ B1/ B0/ D3\ C1\
Trax_3402085 JiffyJeff vs. jaha : @0/ @1/ C1/ D1/ D2/ B0\ C3+ E1\ @3\ D0+
Trax_3402189 YankeeFan vs. jazzbeth : @0/ @1/ C1/ C2+ B3+ C3+ B4+ D1\ D3+ C4+ D4+ C5+ B0+ @2/ F3/ @4/ G1/ B5/
Trax_3406312 andysus93 vs. Charlo : @0+ @1/ A0\ @1\ B3/ D2\ E2/ D1\ B4\ C0\
Trax_3406899 Authority vs. hexkid : @0/ B1\ B2\ C2\ D1+ B0\ E2\ D4/ C5\ A3+ A6+ B7+ @5+
Trax_3407001 Traxplayer vs. Charlo : @0+ B1\ @1\ A0\ @1/ E2\ B0+ D4+ E5/ D6\ C5+ B4+ D2+ B0\ C1+ D0\ F4/ F3/ B0\ A1\ F1+ F0\ G3+
Trax_3407682 Goonerg vs. JiffyJeff : @0/ @1/ B0/ @2+ B3/ @2+ D0+ E2\ E4\ E5\ F2+ E1/ E0/ F1/ G4/ D0/ F1/ H4\ E0+ I2+ I1/ H0+ I9+ RESIGN
Trax_3407772 davidmilne vs. Rogue Trooper : @0/ A0/ B2/ B1/ C1\ C2+ C3\ C4+ D4\ @1\ RESIGN
Trax_3407786 Traxplayer vs. * : @0/
Trax_3407802 jaha vs. JiffyJeff : @0/ A0/ B2/ A3+ B4/ C4+ B1/ D1+ B0+ @3/ @4\ @3/ A5+ D6\ D0/ H4/ H2+ F1+ I2/ RESIGN
Trax_3408979 DavidTrax vs. GringoNZ : @0+ B1/ @1/ A2+ B0+ B0/ D2+ C0+ B6/ B7/ @5/ B8+ @5/ B4+ F4\ F5+ F7\ F8\ G5+ G3/ @8/ A9/ E8+
Trax_3409490 Rogue Trooper vs. Traxplayer : @0+ B1+ A0/ A3/ @3+ @2/ B1+ @2+ C0+ C0/ E2+ B1\ B0/
Trax_3409613 birddog8560 vs. dgb : @0/ A0/ B2/ A3+ A4/ C2\ D2\ @4/ A2+ @3+
Trax_3409613 birddog856 vs. dgb : @0/ A0/ B2/ A3+ A4/ C2\ D2\ @4/ A2+ @3+
Trax_3409636 basplund vs. hexkid :
Trax_3409645 jaha vs. ypercube : @0/ A0/ B2/ B3/ @2/ B0+ B0/ B0/ @4+ D3+ A6/ @4/ F4\ RESIGN
Trax_3409652 GringoNZ vs. Dragon101 : @0/ A0/ A3/ A4/ @1/ @1/ D2+ B4/ B0+ E4/ B6/ A6/ @2\ C0/ C0/ C0/ E1\ G9+ F10\ E4/ F4/ G5/ H8+ F3/ D11+
Trax_3410584 dgb vs. birddog8560 : @0/ A0/ A0/ @1/ B0/ @2+ A3/
Trax_3410584 dgb vs. birddog856 : @0/ A0/ A0/ @1/ B0/ @2+ A3/
Trax_3411283 golfnutrof vs. davidmilne : @0+ A0/ A3+ B1\ @3/ B4/ B0/ B0/ A1+ @3\ D4\ E5/ F5/ E6+ C7/ G1/ D0\ G7\ H4+ G8/
Trax_3411380 lhh61 vs. Authority : @0/ @1/ C1/ B2+ @2\ E1\ E2+ B3\ B0\ B0+ E2+ A1/
Trax_3412036 GringoNZ vs. Faucilla : @0+ A2/ @1/ A0/ C1\ D2/ E2/ D0+ @3/ B4/ A1\ @1/
Trax_3412036 GringoNZ vs. Wyonette : @0+ A2/ @1/ A0/ C1\ D2/ E2/ D0+ @3/ B4/ A1\ @1/
Trax_3412036 GringoNZ vs. Wyvella : @0+ A2/ @1/ A0/ C1\ D2/ E2/ D0+ @3/ B4/ A1\ @1/
Trax_3412055 Sassy Lassie vs. Authority : @0+ B1/ B2\ C1/ C0+ C0/ B1+ @2/ B0+ @4\ B5+ C6/ @5/ A6/ D7/ F7\ G7+ F8/
Trax_3412258 **Lover of Darkness** vs. Authority : @0+ B1/ B0/ C1/ A3+ B0+ @3/ @3/ B1\ B0\ A3+ E1\ D0/ C0+ C0+ A9/ @8\ A4\ @6/ C2\
Trax_3412692 Budgie vs. ypercube : @0/ @1/ B0/ @1/ B3/ D3+ E2\ C4+
Trax_3415845 jaha vs. GringoNZ : @0/ @1/ A0/ B1+ @2\ @2\ E1\ D3+ D4/ C0/ C0/ C0/ C0/ E1\ B2\ @6\ B7/ G6\ B5+ @6\ @6\ H0/ I1+ J1\ I2\ I3\ J3\ K3+ H4+ J5/ L1\ G0\ F1\ E1+ G0+ C6+
Trax_3415846 GringoNZ vs. jaha : @0/ A0/ @1/ C1\ D1\ A0/ C1+ E2\ @2/ @2+ H1/ H0+ H4\ I1\ E1/ H0/ C5+ E5+ F6/
Trax_3415847 jaha vs. BigDaddyTuaine : @0/ A2\ B2\ A3\ @3\ A2\ B0/ C4\ @4/ B5\ A1\ @2\ B0/
Trax_3415848 BigDaddyTuaine vs. jaha : @0+ A2/ @2\ B0/ C3/ A1\ B0/ B0/ D5\ B6/ @6/ A7/ A4\ @6+ F6+ F7\ E8\ D9+
Trax_3415849 jaha vs. Nukkle Dragger : @0/ A2\ B2\ B3\ @3\ D2+ C1/ E3/ F2\ D1+ D0/ C1+ A1+ A0+ @1\ B0\ A6\ @5/ @4+
Trax_3415850 Nukkle Dragger vs. jaha : @0+ A0/ B2+ A3/ @2\ B0/ D1/ D0/ D4\ E3+ C5+ A1\ @2/ D0+
Trax_3415851 jaha vs. Traxplayer : @0/ @1/ A0/ @1/ A0/ @1/ B0+ @1/ A0/ @1/ B0+ F7\ G7\ F8/ D7\ @1/ C4+ D2+ F3\ B4/ C5/ F8+ B0/ RESIGN
Trax_3415852 Traxplayer vs. jaha : @0/ A0/ @1/ C1\ B0\ @2/ E2\ D1+ F1+ C0\ E1/ C0+ G4/ F2/ C6/ B6/ A6/ G5/ H3+ B2\ @4+ B2+ C0/ @6\ RESIGN
Trax_3415853 GringoNZ vs. BigDaddyTuaine : @0/ A2\ B1/ B0/ @3\ A4/ @4/ C5\ D4/ E3\ A1\ A0\ @4+
Trax_3415854 BigDaddyTuaine vs. GringoNZ : @0+ B1+ B2/ B0/ A1+ C2+ A4\ B0+ @5/ C6/ A3\ @3\ A4+ A1\ @1\ C0/
Trax_3415855 GringoNZ vs. Nukkle Dragger : @0/ A2\ B1/ B2+ B0\ C3/ @2\ A1\ @1\ D0\ A4/ E2+ C5/
Trax_3415856 Nukkle Dragger vs. GringoNZ : @0+ B1+ B0\ A3/ @3/ @3+ C4+ D3\ E3\ E4\ C5/ A1\ C0/ @2/
Trax_3415857 GringoNZ vs. Traxplayer : @0/ @1/ A0/ @1/ @1/ C3\ A2/ A0/ @1+ @2+ D5+ E6/ E7/ C6+ C0+ D2+ B5+ A7\ A1+
Trax_3415858 Traxplayer vs. GringoNZ : @0/ @1/ A0/ B1+ B3/ C3/ C4/ @2/ E3\ @1\ C0+ A4/ @2+ F3/ RESIGN
Trax_3415861 BigDaddyTuaine vs. Traxplayer : @0+ B1+ B2/ A0\ @1\ @1+ A0\ C1/ D1/ A0/
Trax_3415862 Traxplayer vs. BigDaddyTuaine : @0/ A2\ B2\ B3\ @2+ D3/ D4\ E4\ B0\ A1\ C1\ D2/ F5\ D6/ C6/ @4/ A1/ F1/ F0/ @5\ B4+ H1/ B1/ G0+ A3/
Trax_3415863 Nukkle Dragger vs. Traxplayer : @0/ @1/ B0/ @1+ C0/ D1/ D0/ E1/ C0\ A1\ @2/ D0+
Trax_3415864 Traxplayer vs. Nukkle Dragger : @0/ B1\ A2/ @2+ B0+ C1+ @2\ D3+ E1+ D0\ C0/ B2+ B0+ A3/ B0/ E4+ F3\ B0/ A1+ E3+ @2\ A6/ A3\ E2+ A4/
Trax_3415867 Susie vs. dgb : @0/ A0/ B1\ A3\ B3\ B4\ @2/ D3+
Trax_3415868 dgb vs. Susie : @0/ @1\ B0\
Trax_3415871 Susie vs. Goonerg : @0/ A0/ @2+ B0/ @3\ @2/ D0/ E3\ F2\ F3\ @1\ A0\ @1\ @3+ B0/ E2+ C1+ H2+ G1/ E7+ E1\ G0+
Trax_3415872 Goonerg vs. Susie : @0/ A2\ B2\ B1+ A0/ C1/ A0/ C3+ D2/ E3\ E4/
Trax_3415873 Daddy MBA vs. dgb : @0+ B1+ A0/ A3/ A4/ A5+ B5+ A6/ A7+ @5\ D4/ @6/ A7/ A3+ @5/ B1\ D0/ A3\
Trax_3415874 dgb vs. Daddy MBA : @0/ A0/ A0/ B2\ C2/ D2/ C3+ B0\ @3/ @1/ A0+ C0\ E3+ E2+ F3\ F7+ C0\ C0\ A7/ @6/ @6+ A7/ @7/ B8/ A4\ B3/ @6\
Trax_3415877 Daddy MBA vs. Goonerg : @0/ B1\ A2/ C1\ C0\ B3+ D3/ C4/ A5\ E4\ D5/ E1/ D6/ F3/
Trax_3415878 Goonerg vs. Daddy MBA : @0/ A0/ A3/ @1\ B0/ B0/ @3\ @3+ A2/ E5+ D6/ F4/ @6+ A7/ F7\ G6\
Trax_3415879 dgb vs. Jay RAA : @0+ B1\ @1\ C0\ D2\ B3/ D0/ E1/ A1\ C0/ @3\
Trax_3415880 Jay RAA vs. dgb : @0/ A0/ B2/ A3+ @2/ D2\ A0\ @1\ D1/ B0+ A4\ C0/ D1/ D0/ E1/ B1\ C0/ @5\
Trax_3415881 dgb vs. Goonerg : @0/ @1/ @1/ @1/ B2+ B0\ @3\ B1+ E4\ A4/ C5+
Trax_3415882 Goonerg vs. dgb : @0/ @1/ @1/ @1/ B2+ A0+ B0+ C0+ @3\ A2\ C6/ A1\ @1\ A0\ @4+ E0+ E0/ C9+ C10/ G2+ H4\ H1/ F0+ H6+ B11+ H3\
Trax_3415883 Jay RAA vs. Goonerg : @0/ @1/ A0/ B1/ A0\ @2/ D1/ B0+ E2/ C5\ D4/ E1+ C0\ A6/ A7/ A1/ @2\ C7+ G2\ B8+
Trax_3415884 Goonerg vs. Jay RAA : @0/ B1\ A2/ A0/ C1\ A0\ @3+ @2/ E1/ C0/
Trax_3415885 birddog8560 vs. Charlo :
Trax_3415885 birddog856 vs. Charlo :
Trax_3415886 Charlo vs. birddog856 : @0/
Trax_3415886 Charlo vs. birddog8560 : @0/
Trax_3415887 birddog8560 vs. Authority :
Trax_3415887 birddog856 vs. Authority :
Trax_3415888 Authority vs. birddog856 : @0/
Trax_3415888 Authority vs. birddog8560 : @0/
Trax_3415893 Charlo vs. Authority : @0/ @1/ B2/ B3/ C2+ B4/ A4/ @3+ D0\ E3\ D0\ D0+ D0/ E3\ F7/ F2+ F5/ G5/ G2/
Trax_3415894 Authority vs. Charlo : @0/ @1/ A2+ A3\ B0/ C1/ @2/ @3\ A4\ C0+ @1+ @2+ C0+
Trax_3415895 Charlo vs. GlassTiger : @0/ B1\ A2/ @2/ @1+ @1\ C0+
Trax_3415896 GlassTiger vs. Charlo : @0/ A0/ @2/ @1+ B0\ @3\ C4\ A1\ C0/ @3\
Trax_3415897 Charlo vs. hexkid : @0+ B1/ B0/ C1+ B0/ B4+ D2/ B5\ A0\ @3+ E1/ B5/ F2/
Trax_3415898 hexkid vs. Charlo : @0/ A0+ @1\ C1/ B0\ D2/ B4/ @3+ D4\ D5\ C0+ A6/ B2\ C7+
Trax_3415899 Authority vs. GlassTiger : @0/ B1/ @1\ B0/ @2\ D1+ A3/ @3/ E3\ D4\ F2\
Trax_3415900 GlassTiger vs. Authority : @0+ B1+ B2\ C2\ C3/ D2+ B3+ E2+ D3+ @1+ @1\ A0\ A3/ @1+
Trax_3415901 Authority vs. hexkid : @0/ A2/ @2+ @2+ C0+ A1+ D2/ B4/ D4/ C0/ E2+ F2\ F3\ E4\ @3+ @3/ A5+
Trax_3415902 hexkid vs. Authority : @0+ @1\ B2\ @1\ B2+ C3\ A3+ D2+ A0\ @1/ A2+ B5/ C6+ D7/ D0+ A7+ E6\ F5/ E7+ @3/
Trax_3415905 jazzbeth vs. Rogue Trooper : @0/ A0/ B2/ C2/ C3/ D3+ B3+ B4/ @2/ D1/ @1\ A0/
Trax_3415906 Rogue Trooper vs. jazzbeth : @0+ A0/ B1\ A3/ @3/ @2/ @2/ @2/ D1+ A3/ E4+ F4\ F5\ G5\ A5/ @3/ F6/
Trax_3415907 jazzbeth vs. Judy : @0/ A2\ B1/ C1/ A3+ B3/ D1/ B0+ D3\ E2/ @3\ B5/ C0/ @5+ B1\ A2/ C0/
Trax_3415908 Judy vs. jazzbeth : @0/ @1/ A2+ A0+ @2+ C4/ A3/ C5/ D2/ D6\ E5/ A6/ @3+ A5/
Trax_3415909 jazzbeth vs. ypercube : @0/ @1/ A2+ C1/ D1+ B3/ C4+ C5/ C6/ C7/ A4+ @3\ A5+ @7/ C8+ C0\ B1\ A1\ @1+ A0\ G8+ H7\ C11/ RESIGN
Trax_3415910 ypercube vs. jazzbeth : @0/ @1/ C1/ C2/ D1/ B0\ D0\ E3+ E1/ E0/ F4/ F3+ C6/ E7+ F6\ G6\ G7\ E8/ C9/ B9/ E9+ H8/ H10+ I8/ J5+ G4+ G11\ H12/ I11+ B2/ A5+ A6+ @5\ C7+ B8\ H1/ F0/ L7/ J4+ F13+ G14/ L9\ M9\ G15/ F15/ E15/ L4/ E16+ L3\
Trax_3415911 Rogue Trooper vs. Judy : @0+ A0+ A0+ @2\ C3/ @1/ C0+ @2\ C1+ E1+ C4+ F2+ A4/ @3/ C5/
Trax_3415912 Judy vs. Rogue Trooper : @0+ B1+ B2/ B0/ A4\ @3\ D2/ D3+ C5+ A1/ C0/ @5/ B6\ A2\ B1/ @3/
Trax_3415913 Rogue Trooper vs. ypercube : @0+ @1+ @1/ D1\ A2+ @2/ A3+ B4/ C3+ B0/ A2+ E1\ D0/ E0\ @6/ C8/ E8+ E5+
Trax_3415914 ypercube vs. Rogue Trooper : @0/ B1+ C1+ A2/ B3/ B4+ C4\ @2+ B0/ B4+ E5\ E6\ E7+ F7\ G7\ E8/ B6/ A6/ @1\ D0\ A7+ @4+
Trax_3415915 Judy vs. ypercube : @0/ @1/ A2+ B0+ B0+ @4\ D3\ B5/ @5+ A2\ B1+ @4\
Trax_3415916 ypercube vs. Judy : @0/ A2\ B1/ A3\ B3\ C1/ @3\ C0+ A3\ C0+ @5/ B6\ A2\ @4/ C1\
Trax_3422983 davidmilne vs. csain1 : @0/ A0/ B2/ C2/ B3+ D2/ D1/ B4/ @3\ B0+ F4+ F5\ F6+ G6\ G7\ B6+ C7/ G8+ G2/ G1/ D0+ @7/ A8/ D9/ D10+ I9/ H6+ I3+ C10+
Trax_3422997 Goonerg vs. Authority : @0/ A0/ A3/ B2+ @3+ A4/ B4+ B5\ D3/ C6/ C7/ E6+ @7/ D8/ G6/ B9/ A9/ F9+ D10/
Trax_3427731 game_77 vs. basplund : @0/
Trax_3427823 jaha vs. itb4me2 : @0/ A2\ B2\ B1+ B3/ A3+ B0+ A5\ @5\ @3\ A2\ A1\ @1\ D0+ A6/ @3+ C7\
Trax_3427876 Goonerg vs. jazzbeth : @0/ @1/ B0/ B0/ @3+ @1/ E1/ B4/ C4+ F3\ D5/ F4+ A3+ E0+ @4/ E7/ H6/ H8\ I8\ C8/ B7/
Trax_3427975 Sea Breeze vs. YankeeFan : @0+ A0/ A0/ A4/ B2+ @3\
Trax_3428011 Rogue Trooper vs. * : @0+
Trax_3428053 JiffyJeff vs. YankeeFan : @0/ A0/ B2/ C2/ B3+ D2/ D1/ A0\ @1\ @1\ D5+ F5\ G3+ B4\ E0+ G2+ E7\ E0/ H3+ E9\ F9\ H2/ I2/ F0+ H1+ E11+ C11+ H0+ I2+ D13+ J3/ A3\ RESIGN
Trax_3429361 Rogue Trooper vs. Daddy MBA : @0+ B1+ B2/ B0/ A1+ A0\ @2/ @1\ A0\ D1\ E3+ F3\ E5+ E1/ E0/ @4/ A5/ A6/ A7+ @7/ I1/ H0\ I7\ J5\
Trax_3429363 FrostyColdOne vs. mcinturff : @0/ B1+ @1\ B0/ A1+ C3+ D3\ D4\ A3+ E3+ D2/ D0+ B1\ E2+
Trax_3430794 Charlo vs. Sassy Lassie : @0+ B1+ A0/ A3/ A0/ @3+ D3\ D2+ @4\ @4\ B2/ B1+ E0\ E0+ G5+ B2+ @4+
Trax_3433239 DINGEROO vs. Goonerg : @0/ @1/ B0+ A3/ A0\ @4+ D4\ B5+ D2/ E4+ @3\ D6\ E6\ E7\ F7\ F8\ G6/ E1/ D0/ C9+ C10/ H7+ H6/ H10\ I10\ G11/
Trax_3433311 aubug vs. jaha : @0/ A0/ B1+ @2\ B0/ B0/ D2+ B5/ @4/ D0+ A4\ @4\ F5/ G4\ E0+ E8+
Trax_3433352 golfnutrof vs. Authority : @0+ A0\ B2/ A3\ @2/ B4\ D3+ @1\ A0\ A5/ D1/ A6\
Trax_3433423 jaha vs. birddog856 : @0/
Trax_3433423 jaha vs. birddog8560 : @0/
Trax_3436303 JiffyJeff vs. Linda Sue : @0/ @1/ A2+ @2\ B3+ D1/ B0\ C0\ E3/ B1+ A1\ @3/ G1/ G0/ G5\ H4\ G6/
Trax_3436584 GringoNZ vs. Dionysos : @0/ B1+ C1/ C0/ C0+ C0\ A1+ @4/ A5/ B0+ A1\ A4\ @5/ D0\ C8+ E1/ F1/
Trax_3436995 jazzbeth vs. Dionysos : @0/ B1\ A2/ @2+ @1/ @1/ C0+ C4\ B4+ C5\ @1\ B0/ A5/ F5+ @4\
Trax_3437043 dgb vs. Dionysos : @0/ A2\ B2\ @2\ B3+ B4\ C5/ C1+ A5/ @3/
Trax_3437359 jazzbeth vs. dgb : @0/ @1+ A2+ @2\ D1/ E1+ D0\ D0\ A2/ C1+ B0/ A2+ @1/ C0/ F4+ @1\ C0+ A5+ @4/ B7/ E8/ A7\
Trax_3437380 Dionysos vs. dgb : @0/ @1/ B0/ @1+ @2/ C0+
Trax_3437602 Geri39 vs. dgb : @0/ B1/ C1\ B2/ D1\ B0/ A0+ @2\
Trax_3437768 wldndn vs. Charlo : @0/ A0+ A0\ @1\ A0\ @1\ A0\ @4+ @2/ C0\ @2\ F0+ E0/ G3+
Trax_3437850 dgb vs. jazzbeth : @0+ A0\ A3/ @2/ @2/ A3/ D1\ E2/ D3+ E4/ A0\ @3+ G4/ G2/ E1+ D0/ G7\ H5+ B7/ D8+ A7\
Trax_3438082 Dionysos vs. jazzbeth : @0/ A0/ @2+ C1\ C2+ @2/ B3+ C3\ C4\ D4\ B0\ E4+
Trax_3438296 Authority vs. * : @0/
Trax_3438400 basplund vs. PK :
Trax_3438439 rabbitoid vs. Traxplayer : @0/ @1/ @1+ A0+ @2/ A3/ C3+ @2+ A1\ E0/ F2\ A1+ C0/
Trax_3438532 GringoNZ vs. dgb : @0/ @1/ A0/ @2+ C3/ B0\ @2/ @3\ B4/ @3/ B4+ B5/ A5/ A6/ RESIGN
Trax_3438542 GringoNZ vs. jazzbeth : @0/ @1/ A2+ C2/ C3/ B0\ @3\ D1\ C0/ B1/ B5+ C6/ C7/ C8/ A7+ @3/ F5\ F6\ F9+ G9\ B9/ A7/ C10\
Trax_3438571 Goonerg vs. Dionysos : @0/ B1\ A2/ B2+ B3\ C1\ A0/ @1+ C5+ C6/ A6+ @4/ E0/ F2\ C1+ B0\ D1+
Trax_3438582 GringoNZ vs. Goonerg : @0/ @1/ A0/ A3+ C2\ @2/ @3\ @3\ E4\ F4\ F5\ G3/ H4/ G6/ G1+ H1/ I1+ F0/ J4\ I5+ A5/ @3/ G8+
Trax_3438595 Goonerg vs. dgb : @0/ @1/ B0/ A0/ C3+ A4/ @4/ D5+ B6+ @5+ A1\ C0/ F4/ F2+ @5+ @3+
Trax_3438601 Goonerg vs. jazzbeth : @0/ @1/ B2/ A2/ @2/ A0+ @3/ @3+ A4/ A0\ @3/ F1/ C0+
Trax_3438606 Goonerg vs. GringoNZ : @0/ B1/ A2/ @1+ C0/ D2+ @2\ A0+ B0+ E2+ @2\ B1\ B0\ A1\ @4+ E7/ A0/
Trax_3438791 Dionysos vs. GringoNZ : @0/ B1/ C1\ C2\ @1\ C0+ A1+ C0+ A1/ D1/ E1/ E0/ F1/ F0/ G3\ B1\ C0/ @4/
Trax_3438793 Dionysos vs. Goonerg : @0/ B1/ C1\ A2+ C2+ B0/ @3\ C4/ E3\ E2+ C0+ D1+ F3/ G1/ F0\ G5\ H4+ G6/
Trax_3438981 dgb vs. GringoNZ : @0+ B1/ @1/ @1+ C2+ C3/ C4/ D3+ C5+ A4+ B0/ @2\ E0/ F1+ D0\ C2+ F4+ G3\ F8\ G6+
Trax_3438983 dgb vs. Goonerg : @0+ A0/ A3\ B1/ A0/ C4\ B5/ @3+ A1\ A0\ A6/ @4+
Trax_3439114 jazzbeth vs. GringoNZ : @0/ B1/ B0/ B3/ C3/ @1\ C0+ D1+ D2+ @2/ F2/ G2/ E0/ H2+ E0/ C2+ E0/ E0+ F7+ H6+ E9+ A7/ H8+
Trax_3439118 jazzbeth vs. Goonerg : @0/ @1/ A2+ A0\ @1+ D2/ C4/ A3/ @3+ D5/ F1\ B0/ G6\ G2+ G7/
Trax_3439309 GringoNZ vs. Geri39 : @0/ B1\ A2/ @1/ B0+ D2+ E2/
Trax_3439938 birddog8560 vs. supermac :
Trax_3439938 birddog856 vs. supermac :
Trax_3440036 Traxplayer vs. birddog856 : @0/
Trax_3440036 Traxplayer vs. birddog8560 : @0/
Trax_3440539 Sassy Lassie vs. Authority : @0+ A0/ A3\ B3\ @1/ B0/ D4\ A0\ @1\ E1/ E0+ F3/
Trax_3440706 ypercube vs. Dionysos : @0/ B1\ B2\ C2+ B3/ A3/ A4/ @4/ @4+ B5\ A1\ @4+ A2\
Trax_3440713 ypercube vs. dgb : @0/ @1/ B2/ C1+ B3/ B0\ B0\ A4+ D3/ D4+ @5\ @5\ B3+ @4+ @4/ E2+
Trax_3440718 ypercube vs. jazzbeth : @0/ @1/ B2/ C2/ B3+ C1+ D1/ D2+ E1/ B0/ C5+ F2/ A0\ @2/ G1/ H4\ H1\
Trax_3440729 ypercube vs. GringoNZ : @0+ B1/ @1+ C0/ C0+ D3/ @3/ A4/ D4+ D5\ F3+ E1+ F6\ G6\ E0/ F2/ E8/ D7+ G4/ H2/ H1+ H8\ H9\ G5+ H7+ H5+ I5+ I7/
Trax_3440731 ypercube vs. Goonerg : @0/ @1/ A2+ @2+ C0+ D1\ @3/ B1+ @3/ A1\ B4+
Trax_3440748 GringoNZ vs. ypercube : @0/ @1/ A0/ @1/ A0/ @1/ B0+ @1+ B3/ A4/ @2\ D0/ G5/ E1+ F3+ @4+ A5/ A6+ @4+ H6+ B7\ F6+ E8+ J5/ A7\ @6/ D9/ C9/ B10+ D10/ G7+ J7+ K3+ L6+ K8\ F10\ D11+ M5\ H8+ I9+ I11+ J11\ F12+
Trax_3440767 GringoNZ vs. ypercube : @0/ @1/ C1/ @1/ E1/ @1/ @1/ @1/ @1/ @1/ @1+ L1+ A2/ L2/ A3/ L3/ A4/ L4/ A5/ L5/ L6/ L7/ L8/ A6/ L9/ A7/ A8/ L10/ A9/ L11/ L12+ A10/ K12/ A11/ J12/ A12+ B12/ I12/ C12/ H12/ G12/ F12/ E12/ D12/ B3+ C2\ D3/ K7+ J5+ I5/ J10+ H2+ H9/ G9/ F6+ F5\ I4+ E4/ D5\ move
Trax_3441309 Dionysos vs. ypercube : @0/ @1/ A2/ C2/ @2+ C0+ @3/ A1\ @3\
Trax_3441355 ypercube vs. golfnutrof : @0/ @1/ B2/ C2/ C3/ C4/ D2+ D1/ E4\ C5/ D6+ E5\ C7\ E6\ E1/ F4+ B7/ C8+ B4\ C0\ A7\
Trax_3441367 dgb vs. jazzbeth : @0+ A0/ A3\ B3\ B4\ C1+ C0/ C0/ D2\ D6+ E1/ C0/ E5\ F3+ F5\ G3/ A8/ @6+ E8\ B1+ F7+
Trax_3441368 jazzbeth vs. dgb : @0/ @1/ B0+ @2+ D2+ E2\ B3+ C4+ A3+ @3/ A4/ F5\ G2\ A5+ @3\ E6+
Trax_3441369 dgb vs. birddog856 : @0/
Trax_3441369 dgb vs. birddog8560 : @0/
Trax_3441370 birddog8560 vs. dgb :
Trax_3441370 birddog856 vs. dgb :
Trax_3441371 jazzbeth vs. birddog856 : @0/
Trax_3441371 jazzbeth vs. birddog8560 : @0/
Trax_3441372 birddog8560 vs. jazzbeth :
Trax_3441372 birddog856 vs. jazzbeth :
Trax_3441373 *Leo The Lion vs. ypercube : @0/ @1/ A0+ A3\ C1\ D1\ B0\ E1+ B0+ F2\ E4+ @2/ B1+ @3+ D5+ D0/ G0+ H2/ I2/ I1/ I0/ A8/ RESIGN
Trax_3441374 ypercube vs. *Leo The Lion : @0/ A2\ B1/ C1/ @2/ A3/ @3/ B1+ B4+ C4\ @4\ B5+ A0\ @3+ E6\ F6\
Trax_3441375 *Leo The Lion vs. GringoNZ : @0/ @1/ A2+ C2/ A3+ B0\ @3/ @4\ @3/ B5+ @3/ B2\ C1+ D6\ E5+ F5\ F6\ G1/ E0/ H4/
Trax_3441376 GringoNZ vs. *Leo The Lion : @0/ @1/ B0/ A0+ @3/ B0/ D2+ @4+ C5+ A1\ C0/ @3\
Trax_3441377 ypercube vs. GringoNZ : @0/ @1/ B2/ A2+ C1\ B3/ B0/ D2/ C3\ E2+ @1\ A0+ A0/ C2+ B7\ @2/ C1+ B5+ E7\ H4+
Trax_3441378 GringoNZ vs. ypercube : @0/ @1/ B0+ @2/ A0/ @2+ B0/ D2\ B5/ @4+ B0\ A2/ D2/ D7+ F7+ RESIGN
Trax_3441380 YankeeFan vs. JiffyJeff : @0/ @1/ C1/ B2+ D1/ B0\ @2/ C4+ D0+ D0+ F2/ RESIGN
Trax_3441741 Oolong vs. Authority : @0+ A2/ A0+ @1/ @2\ D1\
Trax_3442056 dgb vs. ypercube : @0+ @1+ @1\ A2\ A3\ C2+ B4+ @3+ E3\ F3\ F2+ E4+ G3\ F5/ G6/ H2/ H1/ H0/ I3+ E1\ D7\ D8\ F2+ D0/ @5/ B6/ B7/ A6/ @6/ B7/ @5\ RESIGN
Trax_3442240 Goonerg vs. ypercube : @0/ @1/ B0/ @1+ C0/ @2/ C4/ E1/ C0\ C0+ B1\ A2\ @2\ A1\ D0+ G2/ G1/ G7\ H6+ F8\
Trax_3442353 jazzbeth vs. ypercube : @0/ @1/ B0+ B0/ B0/ A2+ @1+ A0+ @1\ D6\ E5/ D0/ E1/ F3\ F5\ G2/ E7+ C8/ B6/ A1\ D0+ A4+ @2\ A5+
Trax_3443048 Charlo vs. YankeeFan : @0/ A0/ B1+ B0+ C2/ A4+ D2/ C4\ C5\ B0+ B6/ B7/ D5+ E4\ A2+ C1+ C0/ C8\ @4+
Trax_3461636 jazzbeth vs. Susie : @0/ B1\ B2\ @1+ D1+ A2/ B3+
Trax_3461637 Susie vs. jazzbeth : @0/ A0/ @2/ A0/ A0/ @1/ B5\ D4\ D5+ C6\
Trax_3461638 jazzbeth vs. Chester : @0/ B1+ B2\ B3+ C1+ A0/ @2/ D1/ B0/ A0\ @3+ A5+ @2/ A4/ @2/ A4+ A1\ @1+ D0+
Trax_3461639 Chester vs. jazzbeth : @0+ @1/ B0+ @2/ C0+ A2\ @1/ E2/
Trax_3461640 jazzbeth vs. Mersephone : @0/ B1\ B2\ C1+ A2+ D2+ B0+ @3+ D4/ E2/ C0/
Trax_3461641 Mersephone vs. jazzbeth : @0/ @1/ B0/ @1/ B3/ A0+ D4\ B5+ C0/ D1/ D0/ E3+
Trax_3461642 jazzbeth vs. ajj52 : @0/ B1\ B2\ C2+ A2+ C0/ D3/ B0\ A1\ @2\ @2\ F2+ A4/ @4+ D5+
Trax_3461643 ajj52 vs. jazzbeth : @0/ @1/ B0/ A0/ C2+ D2/ D1+ A0/ A5/ @3+
Trax_3461656 GringoNZ vs. Authority : @0/ @1/ A2+ A3/ C1\ C2+ B0/ @1/ A4+ E3/ @4+ G1\ G0+ F0/ G5/ H2/ I1\ G6+ G7\ H5+ G8\ G9\ I6+ J3+ K5+ A4\ D2+ E0+ K4/ L4/ K2+ H1+ G0/ @8+ C9/ A4\ A3\ @5/
Trax_3461657 Authority vs. GringoNZ : @0/ @1/ A2+ B0\ B0\ C3/ C5/ B5/ D2\ E3/ F2\ F6\ G2\ D7\ D0+ B0\ A1\ A9/ A10/ @7/
Trax_3461658 GringoNZ vs. Nukkle Dragger : @0/ A2\ B1/ B2+ B0\ A1+ C2+ B4/ B0/ C1/ C0/ D3\ A1\ B0/ @4+
Trax_3461659 Nukkle Dragger vs. GringoNZ : @0+ B1+ A2\ B0/ B0/ C3+ A1\ A0\ C5+ D3\ @4/ E1/ F2\ C0+
Trax_3461660 GringoNZ vs. ypercube : @0/ A0/ @2/ B0+ C3/ C4/ C1/ D2/ D3+ A0/ @2\ @2+ A1\ B0\ B0\ A1\ @4+ A6/ A7+ C7\ B8/ @3+ A6+ @1\ C0+ A6/ @5+ E10/ D10/ C10+ F11+ RESIGN
Trax_3461661 ypercube vs. GringoNZ : @0/ B1/ C1\ B2/ B3/ @1/ E1\ C0/ D0+ D0\ C1+ A2+ @3\ @3\ A2\ A1\ D0/ D6+ RESIGN
Trax_3461662 Authority vs. Nukkle Dragger : @0/ @1+ @1\ A0\ @1\ C0/ E2\ D1+ E4\ F3/ A4/ B5/ @4\
Trax_3461663 Nukkle Dragger vs. Authority : @0+ B1+ B2/ B0/ A1+ @1/ A3+ A0/ @2/ A0/ E2/ E1/ A6/ @6/ E1+ F3+ G2\ G0\ F0/ H2/ I2+ I1/ F0/ J2\ A6/ @8/
Trax_3461664 Authority vs. ypercube : @0/ @1/ B0+ B0/ C1/ D1/ A4+ @4\ D0+ D0/ F2\ G3+ E5\ F0+ G1/ H5/ H6+ @5\ A4\ J2+ G0+ K2\ L2\ L1\ @5+ C9\ A4/ E3\ C5+
Trax_3461665 ypercube vs. Authority : @0+ A0\ A3/ @3/ A4/ @4/ D4\ B5+ A6\ @4/ F3/ E1+ A0+ @3/ @3+ A4+ G1/ C0/ H3+
Trax_3461666 Nukkle Dragger vs. ypercube : @0+ A0+ B2\ C2\ B1+ D2\ B3+ A0\ D1/ B0+
Trax_3461667 ypercube vs. Nukkle Dragger : @0/ A2\ B1/ B2+ B3/ @3/ A4/ @2\ A1\ A0\ @5/ B6\ @4+ @4/ @5\ B3+ G0+
Trax_3461668 birddog8560 vs. jaha :
Trax_3461668 birddog856 vs. jaha :
Trax_3461669 jaha vs. birddog856 : @0/
Trax_3461669 jaha vs. birddog8560 : @0/
Trax_3461672 birddog8560 vs. dgb :
Trax_3461672 birddog856 vs. dgb :
Trax_3461673 dgb vs. birddog856 : @0/
Trax_3461673 dgb vs. birddog8560 : @0/
Trax_3461674 birddog8560 vs. Goonerg :
Trax_3461674 birddog856 vs. Goonerg :
Trax_3461675 Goonerg vs. birddog856 : @0/
Trax_3461675 Goonerg vs. birddog8560 : @0/
Trax_3461676 jaha vs. Daddy MBA : @0/ @1/ A0/ C2\ B3/ C1\ B4\ C4\ D2+ A4/ C5\ D5\ A0\ @1+ E1/ C0\ F2\
Trax_3461677 Daddy MBA vs. jaha : @0+ A0/ B1/ B0\ C2/ B4/ D4\ B5+ @2/ @3\ A4\ A1\ @1\ D0+
Trax_3461678 jaha vs. dgb : @0/ @1/ A0/ @2+ A0/ B4\ D3/ B5+ @3\ A0\ @1+ D1/ A0/ E4/
Trax_3461679 dgb vs. jaha : @0/ A0/ B1/ C2+ A3/ @3\ C0+ B5\ E2/ E1/ F1/ F0/ F4\ E6+ G4/
Trax_3461680 jaha vs. Goonerg : @0/ A2\ B2\ A3\ @3\ A1/ B0+ @2/ @2+ B5/ A5/ C6+ C7/ C8/ D7+ C9/ B10\ C11/ B12\ E11+ F10\ G10\ F12+ G7/ H7/ E6+ H9+ H5+
Trax_3461681 Goonerg vs. jaha : @0/ A0/ B2+ @2\ B0/ B0/ D3+ D0\ D5+ C6/ A2+ E3+ A6+ @3+ @3/ A7+ @7/ F7\ G7\ H4\ H7\ E7/
Trax_3461682 Daddy MBA vs. dgb : @0+ B1+ B2/ B0/ B0/ @3+ C5/ C6/ A6\ B7+ D4/ E2+ B1/ E0/ F1/ B1\ C0/
Trax_3461683 dgb vs. Daddy MBA : @0+ @1/ C1/ D1/ C2/ D0/ A4/ @4/ E4\ D5/
Trax_3461684 Daddy MBA vs. Goonerg : @0/ A2/ B1/ B3\ C2/ @2/ A0/ C1+ B0\ @2+ A1\ @1\ C0/ A5/ @3/
Trax_3461685 Goonerg vs. Daddy MBA : @0/ B1\ A2/ @2/ B0/ B4/ D2\ B0/ B0/ D0\ E4+ @4+ B1+ A7/ @5+ @6\ B2+ C0\ A5+
Trax_3461686 dgb vs. Goonerg : @0/ @1/ @1/ @1/ B2+ D0/ E1/ B0+ @3/ C5/ F0+ B1+ B0/ @5/ G7+ E8/
Trax_3461687 Goonerg vs. dgb : @0/ A0/ @2+ B0+ C2/ @2\ B0/ B0/ E3\ E6\ F6\ F7\ B7+ C8/ E2+ F9\ G8/ B9/ C10/
Trax_3461688 PK vs. Charlo : @0/ @1+ B0/ A3+ @1\ C0+ B0/ A1+ @2\ D0+ D0/ E3\ F3\ E5+ G4/ F6+ C1+ F7\ C8+ C9\
Trax_3461689 Charlo vs. PK : @0+ @1+ A0/ A3/ C2/ D2/ E2/ @2\ A0+ C4\ A5\ B6/ F1/ B0\ G3/
Trax_3461692 PK vs. Traxplayer : @0/ @1/ A0/ @1/ B0+ B4\ A0\ @3+ D3+ E4\ E5\ F5\ D6/ G4/ E3+ D7/ G6+ @3/ H3/ F2/ I3+ I2/ I1/ E8/ C5\ B8/ B9/ A7+
Trax_3461693 Traxplayer vs. PK : @0+ @1\ C1\ A0\ B0\ C2+ C0\ A2\ D4+ D2+ B5/ @2\ A6/ @4\ E6\ C7/ F5\
Trax_3461694 Charlo vs. Jay RAA : @0+ B1\ C1\ C0/ D1/ B0\ A1\ A0\ @3/ @1/ C0+ G2/ C0+ H4\ H5\ H6\ H7+ I6/ F8+
Trax_3461695 Jay RAA vs. Charlo : @0/ A0/ B2/ @1\ A0\ A4\ @4/ A5/ B0/ C2+ D2/ D1/ E1/ B0+ A1\ @1\ B0/ E1/ A0\ @2/ D1/ B0+
Trax_3461696 Charlo vs. Traxplayer : @0/ @1/ B0/ @1+ C0/ @3\ @2/ D0+ D0\ E6\ F6\ C0/ F3\ G5+ B3+ E2+ B0\ RESIGN
Trax_3461697 Traxplayer vs. Charlo : @0+ A2\ A0/ B1/ B0/ C4+ D3+ C0\ B0+ E5/ @3+ F6/ F7/ F1+ G4\ H3+
Trax_3461698 Jay RAA vs. Traxplayer : @0/ @1/ C1/ D1/ E1/ C2+ E0/ A4/ @4/ F4\ G4\ D5+
Trax_3461699 Traxplayer vs. Jay RAA : @0/ B1\ A2/ A0/ @2+ C0/ D3+ @4\ B1\ C0/
Trax_3462734 ypercube vs. YankeeFan : @0/ A0/ B2/ A3+ C2/ A4+ D3\ D4\ D1/ E3+ @3\ E0\ D2\
Trax_3464860 Appollo vs. basplund : @0/
Trax_3465389 DavidTrax vs. GringoNZ : @0+ B1/ @1/ B2/ B0+ B0/ D1+ E2\ E3\ E4\ E5+ F3+ C6/ B5+ D7\ RESIGN
Trax_3466732 supermac vs. Rogue Trooper : @0+ @1+ A0/ A3/ @3/ @3+ B1+ @3+ E3+ E4\ F4\ C5+ C6+ G5/ F6\ F1+ H2+ H1/
Trax_3471204 GringoNZ vs. Traxplayer : @0/ @1/ A0/ @1/ @1/ D3/ E3/ D4\ C3/ C5\ B4/ C0+ D1+ @1\ A0+ C1/ B0\ C6\ B7/ F3\
Trax_3475967 csain1 vs. * : @0/
Trax_3475968 aubug vs. Charlo : @0/ A0/ @2/ B0/ A4+ @4\ D4+ E1+ E0\ D1\ D0+ F1/ D0/ F6\ D8+ G4+
Trax_3476167 YankeeFan vs. dreamflight : @0/ A2\ B2\ C2\ B1+ D2\ D3\ C4\ B0/ D5+ E1/ D0\ E1+ E6+ F3+ F1+ C1\ C0\ D8\ G3\ C8+ G6+ H6/ A3+ @5\
Trax_3476168 Authority vs. jaha : @0/ A0/ B1+ @2\ B0/ B0/ D3/ A1+ A0\ E2+ E1/ E0+ F1/ A1\ @3/ C0/
Trax_3477509 Dragon101 vs. davidmilne : @0/ A0/ B1/ B0\ @2/ D3+ D4\ E2\ C0\ C6+ A6+ F5/ C0/ D1+ E7+ F4/ D3+ E2+ F3+ C0/ B1\ RESIGN
Trax_3480732 GringoNZ vs. Phil The Hat : @0/ @1/ A2+ C2/ C3/ A0/ @2\ A3+ A4/ @3\ @3\ C5\ B2+
Trax_3480733 Phil The Hat vs. GringoNZ : @0/ @1/ B2/ A2+ A0/ @1/ B4+ B0/ D4\ D5\ B0\ @2/ @2+ B3+ F3/ G3/ H3/ H1\ I2\ H4\ D0/ E1/ E0+ E9/ C8\ C2+ I1+ J4+ B6+ D10/ C10/ B9/ A9/ A10/ C11\ A6+ @6\ A8+
Trax_3480734 GringoNZ vs. B Line electric streetcar : @0/ @1/ B0+ B0/ @3\ D2+ C0/ B2+ C5+ D4\ E1/ E0/ E5\ A4+ D6+
Trax_3480735 B Line electric streetcar vs. GringoNZ : @0/ @1/ A2+ @2+ A1+ @2+ E2\ D3/ A1+ @2+ E0/ G1/ G0/ H2/
Trax_3480736 GringoNZ vs. hexkid : @0/ A0+ B1+ @2/ B3/ C2+ C0+ D3\ C5\ B6+ A6/ C7\ D6/ E5\ C8/ B8+ A8/
Trax_3480737 hexkid vs. GringoNZ : @0/ @1/ C1+ B0\ C1+ @2\ A1\ @1\ C0/ A4/ E4+ C5/
Trax_3480738 Phil The Hat vs. B Line electric streetcar : @0/ @1/ B2/ @1\ C0+ D2+ C0+ B4/ @4+ C5+ A2/ A1/ @4\ E6/ G3/ F7\ G5+ H5/ F1+ F0/ A1\ @3+ G9+ G10/ E10+ D9/ J5\ K6/ I4/ J3/ I2\ D7\ C8/ B8+ D11\ B9+ B10+ A8/ C12/ B12/ F12\ H10\ D13\
Trax_3480739 B Line electric streetcar vs. Phil The Hat : @0/ A0+ B2/ C1\ A0/ @3+ B4+ D5+ E5\ E2+ B0/ @3/ @3/ H3+ C5/ C2+ H1/ F0+ B2+ F0\ I8+ I5+ A2/ C1+
Trax_3480740 Phil The Hat vs. hexkid : @0/ @1+ B2/ @2\ B3+ A4\ @4+ D3+ B0/ B0/ E1/ D0+ E6+ @6\ F7/
Trax_3480741 hexkid vs. Phil The Hat : @0/ @1/ B2+ A0\ @2/ B4+ C0+ C5+ B6\ @5/ A6/ C7\ @5+ B3+ A2/ @2+ E8\ G8+ D0+ B1+ B9/ A1+
Trax_3480742 B Line electric streetcar vs. hexkid : @0/ A0+ B2/ @1\ @1\ C0/ A4/ D4\ C5/
Trax_3480743 hexkid vs. B Line electric streetcar : @0/ @1/ C1+ C2\ D1\ A0\ @2+ C0/ D1/ A1\ A4/ @3\
Trax_3480744 Authority vs. *Leo The Lion : @0/ B1\ A2/ @2/ A0/ A0+ @1+ A0\ @4+ @4/ D1+ B2+ E3/ G3/ G2/ G1/ B0/ A2/ @5/ B0\ B8+
Trax_3480745 *Leo The Lion vs. Authority : @0/ @1/ A2+ A3/ A0+ C1\ B4+ A5/ A6+ D3+ @4+ @4/ C7\ E7+ G3/ H2\ I3/ F7/ G5+ C0+ I2/ E1+ J3/
Trax_3480746 Authority vs. ypercube : @0/ @1/ A2+ C1/ @2/ A3/ A4+ @3/ D0+ E0\ D0/ F5\ F6\ @5\ A4\
Trax_3480747 ypercube vs. Authority : @0/ @1/ A2+ B0\ B0\ C2\ D3/ C0+ E5\ E6\ B0/ B7/ D8+ F6+
Trax_3480748 *Leo The Lion vs. ypercube : @0/ @1/ B0+ @2+ A3\ A0\ @1\ E3+ D1+ A0+ A4/ @1/ @3+ D6+ E6+ H6+ H7\ I7\ I8\ G1\ C0/ E9/ RESIGN
Trax_3480749 ypercube vs. *Leo The Lion : @0/ @1/ B2/ C1+ D1/ D0/ D0+ E2+ D4+ F2+ F4\ E5/ B2+ A5/ C6+ A1+ D0+ RESIGN
Trax_3480907 Goonerg vs. lhh61 : @0/ B1/ @1/ D1/ B2+ B0\ B0+ A1\ @3/ F2\ @2+ B0\ E1+ A1\ @3\ C0/ D1/ G1+ A2\ @2\ A3+ J4\ J0/ K1/ H1\ H0\ H9+ D2+ D1+
Trax_3481015 Traxplayer vs. JiffyJeff : @0/ @1/ @1/ A0/ @2/ A0+ @3/ D2/ B4+ E2+ @2\ B5\ C6/ G2+ @3\ D0\ C0/ B3\ @5+ B6+ RESIGN
Trax_3482581 GringoNZ vs. Authority : @0/ A0/ @1/ A0/ @1/ A0/ @2+ @2/ C0\ D2/ B4\ E2/ C0+ B2\
Trax_3485277 YankeeFan vs. Goonerg : @0/ B1\ B2\ C2+ C3+ @1/ C0+ C0/ E1+ E0/ F1/ B2\ B1\ A0/ E0+
Trax_3485281 jaha vs. rabbitoid : @0/ @1/ A0/ @2/ @2/ @1+ D0+ C0/ @1/ E0/ F1/ D1+ C0/ A5/ B7\
Trax_3485399 Authority vs. birddog856 : @0/
Trax_3485399 Authority vs. birddog8560 : @0/
Trax_3485428 ypercube vs. jazzbeth : @0+ B1/ C1/ A2/ B2+ C0\ @2\ B1+
Trax_3487515 ladyvic vs. crow57 : @0/ B1\ A2/ B2+ A0\ @2/ D2/ D1/ D0/ D0+ E1/ F1/ E2+ C0/ B0\ A3+ @6/ A7+ @7\
Trax_3487912 game_77 vs. Linda Sue : @0/ @1/ A2+ A3/ C2\ C3\ D3+ A4\ C0\ C5/
Trax_3488146 dgb vs. Traxplayer : @0/ @1/ B2/ C2/ B3/ B0\ @2/ B3+ A1\ RESIGN
Trax_3488151 jazzbeth vs. GringoNZ : @0/ A2/ B2+ @2/ A3/ D2/ @2+ C4+ F2/ @3\ @2/ @3\ F5/ E6\ H3+ G5+ I4+ F7+ J1\ H0+
Trax_3489751 * vs. JiffyJeff :
Trax_3492213 jaha vs. PK : @0/ @1/ A0/ B1+ @2\ C0\ D1\ E1\ D3+ C0\ A1+ F2\ G2\ H3/ G0+ A1\ A0\ @3/ @6+ D7/ G7+ A3+ @6\ B8/ A8/ @5/ C0\ B3+ @4\ H2+ G1/ G0/ H2/ F0\ E1+ G0/ H2\ G12+ G13\ I14+ K2+ I1/ L3+
Trax_3492214 PK vs. jaha : @0/ A0/ B1/ C2+ C3\ C4+ D2+ @1\ A0\ A5/ @3\ C6/
Trax_3492215 jaha vs. Authority : @0/ @1/ A0/ @1/ A0/ @2/ @2+ @2/ @2/ D0+ F5+ F2/ E4+ E5/ D0/ G4+ E0+ B6+ H5\ I6/ H4+ H3/ J3+ K4/ J2+ E0\ J2+ E0+ H4\ G2/ H3/
Trax_3492216 Authority vs. jaha : @0/ A0/ @2+ C1\ A3/ A0+ @1\ A4/ @4+ A2+ C0+ B6+ E4+ B7+ B0+ A1\ @1\ A0\ A0+ @4+ A5+ @4\ D9+ I6/ I5/ H4/ E0/ F3+ E0\ I5/ J8\ H4/
Trax_3492217 jaha vs. B Line electric streetcar : @0/ A0/ B2/ @1+ C1/ C0/ @3\ B4+ E2/ E4\ F4+ B5+ D0+ E1/ A1\ E0/ @4\
Trax_3492218 B Line electric streetcar vs. jaha : @0/ A0/ A3+ @2\ B4/ C2+ D2\ C4+ B0/ A5/ B6+
Trax_3492219 jaha vs. coopaah : @0/ A2\ B2\ B3+ @2+ @2/ D4/ B5+ E3+ @2\ A1\ B6\ A6+ @4+ E0\ D2+ C1+
Trax_3492220 coopaah vs. jaha : @0/ A0/ B2+ @2\ D1\ C0+ B1+ C0+ B5/ @5+ @4\ B3+ E6/ E7/ F5\ G5\ G3+ C6+ A3+ A2\ A1\ E0+ E9/ H4/ G7\ H7\ I4/ F8+ E10+ @2\ D1+ C0/ K4/ H3+ J8\ K6\ L4/ L3/ M6+ J2/
Trax_3492221 PK vs. Authority : @0/ A0/ B1+ C1/ D1/ A3+ C2+ B4/ RESIGN
Trax_3492222 Authority vs. PK : @0/ A2/ A3\ B3\ B2+ A0/ C2+ A5/ @3/ @3/ A0+ @1\ F1/ RESIGN
Trax_3492223 PK vs. B Line electric streetcar : @0/ @1/ B0/ C2+ B3+
Trax_3492224 B Line electric streetcar vs. PK : @0/ B1\ B2\ B3\ A2+ B4\ C1+ B0\ @3\ E4+ A0\ A6/ @1/
Trax_3492227 Authority vs. B Line electric streetcar : @0/ @1/ A2+ B0+ @3/ @3+ C4+ B2+ D0+ E4+ E5\ D6+ F5+ @3+ G6+ C1\ B1\ @1\ B0/ D0+ G1/ G0/ H3\ H6/ H4+
Trax_3492228 B Line electric streetcar vs. Authority : @0/ @1/ C1+ D1\ A2+ B0\ @2/ C4/ C5/ @2/ G4+ G6+ H4/ I3\ E7+ E8/ B5/ B6/ D9\ A9+ D10+ G7+ @9\ C11+ A10+ @8/ B6+ C4/ B2/ D1+ A5+ F0/ H2+ B1\ A4\ @5+
Trax_3492229 Authority vs. coopaah : @0+ @1+ A0/ B3\ C2/ D3\ C4/ E2/ E1/ C0\ E5/ D6\ E7/ @3\ A1+ G1/ D0+ B1\ G8\ C0+ F10\
Trax_3492230 coopaah vs. Authority : @0/ @1/ A0+ B3+ B0\ A5\ @5/ B6\ A1\ B0/ D2+ D4+ D6+ E2\ E6+ F5\ D8\ E8\ E9\ F9\ G7\ B9/ D10+ A7/
Trax_3492231 B Line electric streetcar vs. coopaah : @0/ A0/ A0+ B1/ B2+ @1+ C0+ @2\ A3+ D5/ @4\ F3/ F4+ A5/ @3/ B6+ A6/ @5/ H6\ I5/ G7/
Trax_3492232 coopaah vs. B Line electric streetcar : @0/ @1/ @1+ A2/ B2+ A0\ @2+
Trax_3492233 Charlo vs. Dania59 : @0/ B1/ A0\ @2/ @2/ C3+ E2/ C4+ A1\ @2/ D0+
Trax_3492234 Dania59 vs. Charlo : @0/ A0+ @2/ B0\ A4+ @3/ D2/ E1\ B5/ @1+ A0\ A6/ RESIGN
Trax_3492235 Charlo vs. *Leo The Lion : @0/ B1\ B2\ C2\ C3\ @1/ C0\ B4/ B5/ C0\ @2+ A0+ B0\ @2+ G6+ H6/ I6/ H7+ H2+ J2+ K4+ H8+ H1\ F0+ G0\ H2+ C9\ C11\ B10+ A6/ @6+ D12\ F12+ B12/ A9+ B13\
Trax_3492236 *Leo The Lion vs. Charlo : @0/ A0/ @2+ @2\ A3\ B4/ C3+ D2+ E3/ D4+ E5/ C6+ A5+ F2\ A7/ @6+ D7\ D8\ F1+ A3+ E0\ C0+ E1+ H4\ G1/ G0/ H3+ I5\ I2+ D1+ D0/ G0\ J5+ J8+ C13+ G11+ A13/ @10+ C14/
Trax_3492237 Charlo vs. hexkid : @0/ A0/ B1+ A3+ C2/ @1+ C0/ E3+ B5\ E6+ F4/ A5\ @5\ B6+ E7\
Trax_3492238 hexkid vs. Charlo : @0/ A0/ A3/ B2+ C2/ B0\ @3\ @3\ A2\ A5/ D5\ C6/
Trax_3492239 Charlo vs. ypercube : @0+ A0+ @2/ A3/ C1\ D1\ A4+ @2+ A1\ A0+ @2+ F1/ G2\ D0/
Trax_3492240 ypercube vs. Charlo : @0/ A0+ A0\ @1\ A0\ @4+ @3+ C0\ B6/ A5/ @1+ C0/ A6/ @5/ C7+
Trax_3492241 Dania59 vs. *Leo The Lion : @0/ A2\ B1/ B0/ @2/ C0/ D1/ E3\ E4\ F3+ C4+
Trax_3492242 *Leo The Lion vs. Dania59 : @0/ A2+ @2+ B3+ C2+ B4\ C4\ D3/ D1/ C0\ E3+ E4+ B6/ A6/ E6\ RESIGN
Trax_3492245 Dania59 vs. ypercube : @0/ @1/ B0+ @1/ C0+ D2\ B4/ B5/ A5/ E5+ E6\ F6\ F7\ F3/ @5/ G2\
Trax_3492246 ypercube vs. Dania59 : @0/ B1/ B2/ A2+ C1+ C0+ D2+ B4+ B5+ C0+ A2\ RESIGN
Trax_3492247 *Leo The Lion vs. hexkid : @0/ B1+ A0\ @2/ B0\ C1+ C0+ D3/ A3+ B5+ C6/ D6/ E3/ C7\ B0/ F4/ A1\ F7\ A0/
Trax_3492248 hexkid vs. *Leo The Lion : @0/ B1\ B2+ @1/ A0+ B3+ A4\ D2\ D4/ B5/ D5+ D1/ E3/ B0/
Trax_3492249 *Leo The Lion vs. ypercube : @0/ @1/ B0/ C2\ B3/ B0+ D3\ E2+ E1/ F1/ C0+ G3+ H2\ I2\ H4/ H5/ H6/ E5+ C0/ J7+ H8/ D8+ D9/ C9/ RESIGN
Trax_3492250 ypercube vs. *Leo The Lion : @0+ B1+ B2\ @1+ C3\ B0/ B0/ B4/ @4\ @3/ B5+ C6/ B7\ E8+ F7\ A6+ @7\ H7\ B2\
Trax_3492251 hexkid vs. ypercube : @0/ @1/ C1+ D1\ B2/ B3+
Trax_3492252 ypercube vs. hexkid : @0+ A2\ A0/ B3\ B4\ C2/ D2+
Trax_3495278 Charlo vs. csain1 : @0+ A0/ B1/ @1\ B0/ B0/ C2+ C5/ D5+ B6/ A5\ @4/ B1+ A1\ D0\ A4\ @6\ D0/ F1+ G2+ F8/
Trax_3495335 YankeeFan vs. aubug : @0/ B1/ @1+ B0+ C3+ C4/ C5/ C6/ D4+ D2/ A6+ E5+ B7\ @4+ F1\ B8/ G1\
Trax_3496063 Authority vs. GringoNZ : @0/ @1/ A2+ @2+ C0+ D2+ B0\ A2/ E3\ B0/ C1/ C0/ D1/ A1\ E2+ @3+
Trax_3496832 GringoNZ vs. jaha : @0/ A0/ B1+ @2\ @2\ C3+ E2+ C4+ E4\ F4\ C0/ F6+ G6/ B1+ D7/ E8\ F8\ C8\
Trax_3498044 Authority vs. rabbitoid : @0/ A0+ A0\ @1\ B4/ @3+ @4\ A2+ C0\ C0\ @6\ C7+
Trax_3500317 dgb vs. Charlo : @0+ A2/ B1\ B0\ A4\ @3/ B0/ @4/ B6/ E3\ F1+ D0\ D7+ B8/ F6\ C9+ G4\
Trax_3500318 Charlo vs. dgb : @0+ B1+ A2\ A0\ A0\ A0+ @3+ @3\ @3\ B4+ D6\ E1/ F2/ G2+ F1+ H4\ F5+ I3/ I2/ I1+ F0/
Trax_3500319 dgb vs. Authority : @0/ @1/ @1/ C0+ D1/ C0/ B1+ B0/ B5+ @4/ E5\ D6/ F3\
Trax_3500320 Authority vs. dgb : @0/ @1/ A2+ C1+ A3+ @2+ E1\ E3+ D0\ E5/ A1\ A0\ @3+ @2/ F7\ @3/ A4/ C5+
Trax_3500321 dgb vs. ypercube : @0/ @1/ @1/ D1/ B0\ D0\ E2\ E4+ @3\ B2+ B1\ A1\ A0\ @4+ A5/ A6/ @5\ A1+ @6/ A7/ A2+ RESIGN
Trax_3500322 ypercube vs. dgb : @0/ @1/ A2+ C1+ A0/ B4\ B5\ @1/ E3/ C1/ C0/ F3\ G4/ E2+ D0+ E6+ A5/ H3/ RESIGN
Trax_3500323 dgb vs. GringoNZ : @0+ A2/ A0\ @2/ @2/ A3/ @3/ D4+ E4\ C5/ F4/ @3+ H4\ H5\ I5\ B5/ A5/ A6/ @4\ E7\ F7\ B8/ A7+ G1\
Trax_3500324 GringoNZ vs. dgb : @0/ @1/ A0/ @2+ C3/ B0\ @2/ E3+ F3/ D5\ D6\ F2/ G2\ C4/ D7+ H2\ H1\ G3+ I2/ J2/ I3+ K3+ J4\ L2\ M3/ I1+ I0/ K2+ I0/ L1+ K0/ M3/ N3/ G2+ H1\ K0/ L1+ H1\ G1\ I0/
Trax_3500325 Charlo vs. Authority : @0/ A0/ @2+ @2/ A3/ A4+ D1+ C0+ @5\ D0+ D5+ F3/ F4+ D7+ G3+ F2\ B3+ B7+ @4+ E0+
Trax_3500326 Authority vs. Charlo : @0/ A0+ @2/ @1/ D1/ D0/ B1+ E1/ F2/ E0+ C0+ A2+ @2\ D0/ C7/ @4+ C7+ G1\ E8\ C8+
Trax_3500327 Charlo vs. ypercube : @0+ @1+ A0/ A3/ A0/ @3\ D1/ D0/ B1+ E3+ E4\ E5+ B6/ F4\
Trax_3500328 ypercube vs. Charlo : @0/ A0/ B2/ B1+ A0/ A0/ C2\ @2\ @2+ A1\ B0\ C6/ @6+ D7/ F1/ F7+ G1\
Trax_3500329 Charlo vs. GringoNZ : @0/ B1/ B0+ @2\ B0+ D2\ A4\ E3+ C5+ E6/ B6\ A5+ B7\ C8/ E7+ @8/ A9/ G6+ H6/ I4/ G3+ J5\ J6\ J7\ H8\ G9\ K5+ G2/ D1/ C0\ B1\ D0/ E2+ H2/ J5+ G1/
Trax_3500330 GringoNZ vs. Charlo : @0/ @1+ A0/ A3+ C2/ @2/ B4/ B0/ B0/ @4/ B2\ E3/ B7+ D2+ C0\ B1\ A2\ C0+ B0/ C0\ D2\ E4/ A3+
Trax_3500331 Authority vs. ypercube : @0/ @1/ A2/ C2+ A3/ D2/ E2/ F1\ B0/ B0/ @1/ A5/ A6/ @6/ A7/ G5+
Trax_3500332 ypercube vs. Authority : @0+ @1+ C1+ C0/ C0/ B4\
Trax_3500333 Authority vs. GringoNZ : @0/ B1/ A2\ @2\ A3\ @2+ @2\ C4/ D3\ C5+ D0+ E3+ F4/ B2+ G3\ F1+ B0/ @4\ @4\ C2+ D0/ B6+ C7/ @3\ B2/ A6/ A7/ @4/
Trax_3500334 GringoNZ vs. Authority : @0/ @1/ A0/ @1/ A0/ @2/ @1/ @1+ D0+ @2/ F2/ C0+ A2+ G2\ G1\ G0\ F1\ A5+ C6+ D6\ D7\
Trax_3500335 ypercube vs. GringoNZ : @0/ B1/ C1\ B2/ D1\ B0+ B0/ @3\ @3\ A4+ B2+ E1/ F1/ G3\ A1\ @1\ E0\ D1+ A1+ G0/ H1/ G0/ I2\ E0\
Trax_3500336 GringoNZ vs. ypercube : @0/ @1/ A2+ B3/ B0/ C4+ C5\ D1+ A0\ @1\ E6\ F6\ C7+ G5/ G4+ H6\ H7\ F8/ I5+ RESIGN
Trax_3502208 birddog8560 vs. ypercube :
Trax_3502208 birddog856 vs. ypercube :
Trax_3502231 Traxplayer vs. jazzbeth : @0/ @1/ @1/ A0/ @2/ A0/ @2/ @1/ D4+ F2/ G2+ E1+ E5/ B4/ B5/ B6/ C7+ D8/ D0+ B0+ B0/ @2+ @3/ G11\ F12/ F13/ F14/ D11+ C10\ C12+ B14/ C15\ B10\ A11+ A5\
Trax_3502759 jaha vs. Traxplayer : @0/ @1/ A0/ @1/ A0/ @1/ B0+ C5\ C1\ D3+ B5\ B0/ B0/ B0/ @5\ E1/ E0/ F5\
Trax_3503487 aubug vs. STrek : @0/ @1+ B0/ B0+ A4+ B0+ A6\ B6\ C6+ B7+ B8/ @8+
Trax_3507843 Dionysos vs. Authority : @0/ @1/ A2+ A3/ @3/ @3/ B4+ A1\ @2/ C0/
Trax_3507855 Daddy MBA vs. Goonerg : @0+ @1+ B0\ A3/ A0/ @2/ D2/ @1\ A0\ A5/ B6/
Trax_3507865 rabbitoid vs. ypercube : @0/ @1/ A2/ C1+ A3/ A0\ @3+ @3/ @3/ @3/ B2+ D1+ @2+ H5+ I2\ B5/ F6/
Trax_3507902 YankeeFan vs. Rogue Trooper : @0/ A0/ A3/ B1/ C3+ C4\ D4\ D5+ C6\
Trax_3509238 YankeeFan vs. JiffyJeff : @0/ @1/ C1/ D1/ C2+ C3\ B3+ E3+ A0+ C0/ B0\ A1\ C0/ D1/ B0\ F8/
Trax_3510370 PK vs. * : @0+
Trax_3511007 dgb vs. GringoNZ : @0/ @1/ C1/ B0\ @2/ B3/ E2+ F2/ G2/ F3+ D4+ H3\ H4\ E5+ D0/ E1/ B1\ RESIGN
Trax_3511008 GringoNZ vs. dgb : @0/ @1/ A2+ C1+ A0/ B4\ D3/ E2\ E4/ D1/ @2/ G3+ C5\ G2/ G1/ G0+ H3+ A1\ D2\ D1/
Trax_3511688 Rogue Trooper vs. Lilac Oyster : @0+ @1/ B0+ B3+ C2/ B4\ C4\ D3\ B0+ B0\ A1\ @4/ B0+ B0/ D1+
Trax_3511743 Authority vs. Sea Breeze : @0/ @1/ B0+ @2/ D1/ D2+ C0+
Trax_3511870 Dragon101 vs. YankeeFan : @0/ A0/ B1/ C2+ A3/ A4+ @2+ D0\ C0/ A0+ @4+ D0/ E1/ F1/ G4+ A6/ @6/ I4\ I6+ D9+ B8+
Trax_3513209 dgb vs. jaha : @0/ A0/ B1+ @2\ B0/ D3/ E2\ D1+ F1+ B0/ F1/ F0/ G3\ D6+ H1/ H0/ A4+
Trax_3514589 ladyvic vs. crow57 : @0/ A2\ B1/ B0/ A4/ @3\ D2\ C3+ E2/ D3\ D0/ E2+ @2\ B1/ G2\ F1/ F5\ H3/ I2\ D1\ D0+ E1+ E0/ E7+ C8/ G7\ E8/ C9/ C2\ @4\ F9+ C9+ C10/ B6/
Trax_3515538 Goonerg vs. csain1 : @0/ A0/ B1/ C1/ A0+ @3/ A4/ @2\ F3+ B5+ G2\ H3/ H1+ D0+ G6\ E7+ @3+ A2\ A1\ E0+ E0\ C2+ @5/ E1\ E10+ B1\ G1/ C0/
Trax_3515551 birddog8560 vs. Goonerg :
Trax_3515551 birddog856 vs. Goonerg :
Trax_3518354 STrek vs. PK : @0+ @1\ @1/ B2\ A2+ @1\ B0+ @2\ B3+ F3\ D4+ E4\
Trax_3518398 Nukkle Dragger vs. davidmilne : @0+ A0\ @2+ A3/ @2+ @2+ E2/ E0+ C1+ F2\ G2\ G4+ F5+ @3+
Trax_3518422 Dragon101 vs. Authority : @0/ @1/ B0/ @2+ D2/ A3/ A4/ A5/ A6/ D3+ @4+ B7/ C5+ F2+ E1+ C8+ D6/ F4+ @4/ @4/ A8+ B9/ @7+
Trax_3519059 jaha vs. Traxplayer : @0/ @1+ A2\ C2/ B3+ @2\ @2\ A0/ @1/ A0/ C2/ @2\ B4\ C5/ G2\ C1+ C0/ E2+ F7\ RESIGN
Trax_3519186 Authority vs. GringoNZ : @0/ @1/ B0+ @2+ B0/ B4\ A4+ A5/ @4\ A2+ E2\ @5/ C6/ A1/ @2\ D0+
Trax_3519187 GringoNZ vs. Authority : @0/ @1/ A2+ A3/ C1\ B0/ D2+ E1\ E0+ D0/ F2+ @3+ C2+ B1+ B0\ E0+ @6/ B7+ A7/
Trax_3519949 Rogue Trooper vs. jaha : @0+ A0/ B1/ B0\ A4+ C1+ A5+ A1\ @2/ C0+ E2+ E3+ C5+ B7/ B8+ A6+ C7+ @4/ A6/ @4\ A3\ C1+ H2\ @3\ D8+ B5+ D0\ I5+
Trax_3519950 Rogue Trooper vs. JiffyJeff : @0+ A2/ @2\ @2+ @2\ @2\ B1+ RESIGN
Trax_3519952 Charlo vs. supermac : @0+ @1/ A2/ C2\ C3\ D3\ D1+ E3\ B0+ A1+ @3/ @3+ A4/ E5+ C4+ A5/ A6/ H3+ H1+ H0\ F0+ B2+ I2\ J2\ K2\ G0+ K6+ L4/ B8\ D9/ D2\ F1\ @7+
Trax_3520089 Traxplayer vs. GringoNZ : @0/ B1/ A2\ @2\ B0+ D2/ @2\ D3\ D4+ A3+ C0/ E5\ F5\ G3\ A6+ B7/ @5+ A3\ @6\ @6\ @3+ B2\ C7+ C8\ A7/ RESIGN
Trax_3520341 supermac vs. JiffyJeff : @0/ @1/ B2+ B3+ B0/ C3\ D1+ E2/ D4+ C0+ A1\ @1+ D0/ F2+ B0\ A1\ A0\ @3/ C8/
Trax_3522297 ypercube vs. GringoNZ : @0/ @1/ C1/ @1/ E1/ F1+ @1/ G2/ @1/ H3/ @1/ I4/ @1/ J5/ @1/ K6/ @1/ L7/ L8/ L9/ @1/ M10/ @1/ N11/ @1/ O12/ @1/ P13/ @1/ Q14/ @1/ R15/ @1/ S16/ @1+ T17/ A2/ T18/ A3/ T19/ A4/ T20+ A5/ S20/ A6/ R20/ A7/ Q20/ A8/ P20/ A9/ O20/ A10/ N20/ A11/ M20/ A12/ L20/ A13/ K20/ A14/ J20/ A15/ I20/ A16/ H20/ A17/ G20/ A18/ F20/ A19/ E20/ A20+ D20/ B20/ C20/ B17/ K2+ L3\ N3+ O4/ M4+ N5+ P5+ K3+ N6/ J4\ K5/ O7\ Q6+ N8/ M8/ L6+ J6\ I6\ N9+ H5\ H4+ I7/ H7/ G5+ M10/ L10/ K10/ K11/ J11/ G8\ I10+ L12+ N12+ L13/ L14\ M14+ I12+ M15\ H12/ H14+ K15/ L16/ G11\ H10+ G14/ F14/ G15\ K16+ J16/
Trax_3523040 ypercube vs. Rogue Trooper : @0/ B1+ C1/ C0/ C0/ B0+ A2\ @2\ A1\ C0/ @4+ B5/ C0+ A2+ @2\ D0/
Trax_3523074 JiffyJeff vs. Authority : @0/ @1/ A0/ B1+ B0+ @3/ @2+ A1\ B4/ @3\ B0/ @5/ RESIGN
Trax_3523156 dawn1968 vs. YankeeFan : @0/ A0/ A3/ @1\ B0/ C3+ A5\ @5/ @4+
Trax_3524410 birddog8560 vs. * :
Trax_3524410 birddog856 vs. * :
Trax_3524429 STrek vs. dreamflight : @0+ B1/ A2\ @1\ A0\ B0\ D4+ A1+ @3+ E2/ F3\ B4/ B5+ E1/ D0+ C6+ C7+ B7/ C8+ D8\ @4/ A5/ B8+ E0/ F1/ G4+ H3+ F0/ I3+ H6\ D2+ J3\ J4\ K4\ K5\ G8+ I8+ E8\ G9+ L5\ L8+ J9+
Trax_3526665 jaha vs. ypercube : @0/ A0/ B2/ B3/ @2+ C4\ D2+ E3/ E1+ A3/ @3/ C0+ B5+ D6\ A6/ RESIGN
Trax_3526666 ypercube vs. jaha : @0/ A0/ A3/ A4/ B3/ @2\ @4\ C5+ C6/ D1/ C0+ B1\ E6/ F6/ B0\ A4+ @4\ B7+ A6/ @6/ A7/ D8/ B0\ A1\ @6+ A5+ RESIGN
Trax_3528383 jazzbeth vs. GringoNZ : @0/ @1/ C1/ C2/ D2/ B0\ @2/ D0\ C1+ E2/ A2\ @3/ A4+ B5/ C6+ G6+ D7+ H4/ G3+ C0/ @5\ B1\ A0/ I5/
Trax_3528384 GringoNZ vs. jazzbeth : @0/ @1/ A0/ @1/ A0/ @1/ A0/ A0/ A4/ @4/ E6/ F6/ F7/ G7/ @4+ B5\ D1/ E1+ F2/ D5+ @1+ D0+ E7/ H4+ @4/ B5+ @3\ B1+ A5/ C6\ @5\
Trax_3528385 jazzbeth vs. B Line electric streetcar : @0/ @1/ A0/ @2+ C1+ B0\ D3/ D4+ @2/ A1+ E5/ F4+ B5/ B6/ F5+ @6/ C7/ H4+ @4+ B1\ E7\ D8/ C0+ E1/ F1/ F0/ G1/ H2+ I3/ @6/ G9+ E11\ F10+ G10\ G11\ G12+ H11+ E13/ D11+ G13\ E14+ I11\ H13+ K5+ E0+ B3+ A10/ @10+ J14/
Trax_3528386 B Line electric streetcar vs. jazzbeth : @0/ @1/ @1+ B2\ @1/ A2/ A3/ C3+ B4\ D2\ E2\ F3/ A5/ @3/ H3+ D5+ C6/ C7/ B7/ A7+ D8+ @4/
Trax_3528387 jazzbeth vs. Traxplayer : @0/ @1/ C1/ D1/ @1+ A0+ @2/ A3/ C3+ @2+ B1\ G0/ H3/ B1\ A1\ C0/
Trax_3528388 Traxplayer vs. jazzbeth : @0/ @1/ A0/ @1/ A0/ @1/ A0/ @1/ A0/ @1/ A0/ @1/ A0/ A0/ @1/ A0/ @2/ A0/ @3+ A4/ @2\ @2\ G3/ C5\ D5\ G2/ H2/ E1+ C0\ B1+ D0/ F2+ I2/ F1/ J3\ I4+ C8/ B6/ C0\ B2+ D0/ F2\ B1\ A3/ B0/
Trax_3528389 GringoNZ vs. B Line electric streetcar : @0/ A0/ @2+ C2+ C3\ C4\ D1\ A4/ A5/ C0\ B0/ E2+ F3/ A0+ @4+ H4/ E1+ D0/ D0/ I5/ I4/ D0/ D0/ D0/ C3+ F5+ B1\ A3+
Trax_3528390 B Line electric streetcar vs. GringoNZ : @0/ B1/ B2+ B0/ C1/ B4/ B5/ B6/ @3\ @2+ E0+ F3+ @3/ @3/ G7+ B4+ E0+ H8/ I8/ C8+ C9/ A7/ @5/
Trax_3528391 GringoNZ vs. Traxplayer : @0/ @1/ A2+ C1+ A0/ B4\ D3/ @2+ A0/ @1/ A0/ @1/ E7+ E8/ D8/ D9/ C6+ B9+ F3+ A7\ A6\ B4+ G6\ H6\ E2/ E1+ @6+ RESIGN
Trax_3528392 Traxplayer vs. GringoNZ : @0/ @1/ @1/ C0\ D1\ C0+ E2+ E0\ F1\ F0\ C6\ E5+ C2\ G2/ F0\ D2+ D7+ F0\ E0/ G3+ H2+ I2\ B5/ A5/ @5/ D3\ C4+ D0+ RESIGN
Trax_3528393 B Line electric streetcar vs. Traxplayer : @0/ @1/ @1+ A0+ @1+ @1/ A2/ @2/ D3+ F0/ G1/ A1\ @1\ F0\ E6/ E2\
Trax_3528394 Traxplayer vs. B Line electric streetcar : @0/ @1/ A0/ A0/ A4/ B2/ C2/ C1/ D1+ A5+ @1+ A0\ @1\ D0+ @3/ A4+ A6/ B7/
Trax_3528395 PK vs. Authority : @0/ A0/ @2+ @2/ B0\ A1\ @3/ B0/ @2\ A1\ C0/ @4+ A6/ @6/ C0\ B1\ A1\ @4/ B6+ A6+
Trax_3528396 Authority vs. PK : @0/ A0/ B1+ A0\ @1\ D2/ E2/ D3+ A3/ @2/ F4/ G2+ F1+ D0/ A4/ F1/ G1/ G0/ H4+ H6\ H7\ I4+ I2/ J2+ J1/ G0/ H9/ G8+ E0+ D2\ B9+
Trax_3528397 PK vs. dgb : @0/ @1/ C1/ @1/ @1\ D0+ B3/ D4+ D5\ F1\ C5+ G5+ E6/ H3+
Trax_3528398 dgb vs. PK : @0/ A2\ B2\ C2\ B3/ C4\ D2\ C1+ E2\ E4+ E0/ F2\ A1\ @1\ D0+
Trax_3528399 PK vs. ypercube : @0/ B1/ B2\ C1/ D1/ B3\ A0\ @1\ C5+ C0+ D6/ A0\ @3\ F1/ E0/ G3/
Trax_3528400 ypercube vs. PK : @0+ @1+ B2\ @1+ C3\ B0/ B0/ B0/ D3/ D1/ D0/ A2\ A1\ C1+ A6/ @4\ E7+ F4/ E8/
Trax_3528401 Authority vs. dgb : @0/ A0/ @2+ B0+ A0/ @1+ C0/ D1/ C6/ C7/ D5+ A6/ @5/ F1\ F4/ E3/
Trax_3528402 dgb vs. Authority : @0/ @1/ @1/ C0+ A0/ B4\ B5/ @3\ E2\ C6/ @3\ C5+ B4+ @4/ A5/ A6/ E7/ E8/ @6/ C7\ G7\
Trax_3528403 Authority vs. ypercube : @0/ @1/ B0/ @1/ D2/ D3/ E2/
Trax_3528404 ypercube vs. Authority : @0/ @1/ B2/ C2/ C3/ D3/
Trax_3528405 dgb vs. ypercube : @0/ @1/ B0/ @1/ B3+ B4/ B5/
Trax_3528406 ypercube vs. dgb : @0+ B1+ A2\ A0\ C3/ @1/ D4\ E2\ D1+ F2+ B0/ G2\ G1+ D6\ D7+ A4/ A5/ A8+ @7/ F6\ RESIGN
Trax_3528769 Goonerg vs. Authority : @0/ A0/ @2/ A0+ @3/ C0\ D3/ @4+ A5/ A1\ @2\
Trax_3529065 GringoNZ vs. Traxplayer : @0/ @1/ A2+ C1+ A0/ B4\ B5\ @1/ E3/ C1+ B0/ C7\ B5/ RESIGN
Trax_3529164 supermac vs. JiffyJeff : @0/ @1/ B2+ B3+ B0/ C4/ D1+ E3/ A0\ @2+ C0/ D1+ E6+ @3/ B5+ G4/ H3/ H2/ H1/ D7+ E0\ B2+
Trax_3532582 Phil The Hat vs. spitfire : @0/ B1\ A2/ A3/ A4+ A5\ B5\ @2+ B0/ @4/ E3+
Trax_3532583 spitfire vs. Phil The Hat : @0/ @1/ C1\ C2/
Trax_3532584 Phil The Hat vs. Goonerg : @0/ @1/ B2/ C1/ C3/ D2+ @1+ E4\ F3/ A0+ @1\ C0+ F2+ G3+ H4\ C0/ G2+ B1\ B0+ @2\ B1+ H1+ B0/ I3+ C7\ I4+
Trax_3532585 Goonerg vs. Phil The Hat : @0/ @1+ B2/ B3/ @2+ B4+ D2+ D0\ E2\ C0+ E1/ F1/ F0/ F0/ F0+ B1+ A4+ C0+
Trax_3532586 Phil The Hat vs. mexicanfury : @0/ A0+ @1/ C1+ A2+ B0/ B0/ A2+ C0\ @3\ @3+ D0/ F2/ D0/ G5\ G6\ H4+
Trax_3532587 mexicanfury vs. Phil The Hat : @0/ @1/ A0+ @1/ B3/ A3/ @3+ D4+ E1\ @2/ E0\ B5/ B6/ @2\ C1+ D0\ E7\ C8/ A2\ @2+
Trax_3532588 Phil The Hat vs. JiffyJeff : @0/ @1/ B2/ C2/ C3/ D3/ E3+ D2+ @1+ @1\ D0+ @2\ B3\ B0\ A5/ @4\ G2+ G1/ D0+ E0\ E7+ E8/ C1+ B3+ G0+ H3\ I7+ G0\ I7+ J7\
Trax_3532589 JiffyJeff vs. Phil The Hat : @0/ @1/ @1/ @1+ @1\ A0\ D3+ D0+ F1/ D0/ F5\ G4+ F6/
Trax_3532590 Phil The Hat vs. golfnutrof : @0/ @1+ A2/ @1/ C0/ C0/ A2+ B5/ D2+ A4+ C4+ E4+ F4/ @4\ G2/ H3\ F5\ C6+ D7+ C0+ B0/ A1+ @3+ D9+
Trax_3532591 golfnutrof vs. Phil The Hat : @0/ @1/ B0/ A3\ B3+ C1/ A4\ A5\ C4+ A0+ @3/ @6+ A7/ @7/ A8/ A4\ @4+ C3\
Trax_3532592 spitfire vs. Goonerg : @0/ A2\ B2\ B3+ A0\ @2/ A5/ @2/ A1\ @1\ D6\ E6\ C7/ C8+
Trax_3532593 Goonerg vs. spitfire : @0/ A2\ B1/ @1/ B0+ @3/ C4+ A4+ A1\ @1\ B0/
Trax_3532594 spitfire vs. mexicanfury : @0/ A0/ B1\ A3+ B2\ @3\ D2\ C3\ C4\ D3\ E3\ E4\ F4\ D5+
Trax_3532595 mexicanfury vs. spitfire : @0+ @1+ @1\ A0/ B1/ C3\ D2\ C4/ A3+ B4+ A4/ @4/ @4+ A5/ A1\ @1\ C0/
Trax_3532596 spitfire vs. JiffyJeff : @0+ A2/ A0\ @3/ A4/ @2\ D4\ C5/ E3/ E2/ F4\ E5/ C6/ E1/ D0/ G4\ D0\ C1\ D8\ H5+
Trax_3532597 JiffyJeff vs. spitfire : @0/ B1\ A2/ A3/ B2+ A4/ @2\ D4\ B5/ @5/ A6/ F3/ F2/ @2\ @4+
Trax_3532598 spitfire vs. golfnutrof : @0/ @1+ @1\ A0\ B0\ A1\ D1/ D0/ A1\ C0/
Trax_3532599 golfnutrof vs. spitfire : @0/ A2\ B1/ C1/ B2+ D1/ D0/ A0\ @1\ E0/ F1/ E6\ F6\ G1+ C0+ A0\ @3/ A5/ @4+ @4/ A5/ G9/ F9/ F10/ E10/ D8/ J4+ K3/ J7\
Trax_3532600 Goonerg vs. mexicanfury : @0/ A0/ B1/ A3+ @3\ @2\ E1+ C0+ F4\ D5+ @3/ A4/ D5/ A2\ @4/ D0/
Trax_3532601 mexicanfury vs. Goonerg : @0+ @1+ B0\ A3/ C2\ C3\ C4+ D3+ C1+ E3+ E4+ F3+ A4/ B5\ @3+ @3\ G1/ E0/ B2+ D0+ B2+ G7/ E8/ H7\ B7/ I5\
Trax_3532602 Goonerg vs. JiffyJeff : @0/ @1/ B0/ @1/ D2+ B3/ B4+ A2+ B5/ C5+ @2/ B4+ @3+ @4\ A5+ E6/ H4+ G6+ G7\ G8+ D7+ C6+ A2/ B1\ E0+ B0/ @5/ G11+ E12+ D12/ C11+ B10/ @3\ A2+ G1+ A9+ @7+ B11/ A11/ D12/
Trax_3532603 JiffyJeff vs. Goonerg : @0/ @1/ C1/ @1/ B0\ D0\ E2\ F2\ E0+ D0/ D0/ F2+ G5\ H5\ RESIGN
Trax_3532604 Goonerg vs. golfnutrof : @0/ @1/ C1/ A2+ B3/ D3+ B4/ B5/ E3+ E5\ C6+ F4+ @4+ B6+ E7/ B7/ B8/ @8+ H6+ A4\ A2+
Trax_3532605 golfnutrof vs. Goonerg : @0/ A0/ B1/ B3+ C1/ B4/ B5/ C4+ C0+ D1/ D2+ E4+ D6+ E7/ E2+ F4+ F1/ F0/ A1\ @3+ C0/ D2+ E1\ H6+ @5\ B7+ A7\ @4/ D0\ C2/ B2/ C10/ B1\ C0+
Trax_3532618 csain1 vs. dgb : @0/ @1/ B0/ @1+ C0/ @3\ @3\ B1+ D4+ D5/ D6/ E5+ C5\ @1\ F0/ A1/
Trax_3532619 dgb vs. csain1 : @0+ A2/ A0\ @3/ A4/ @2\ B0/ B0/ @4+ A3\ D7\ E7\ A7/ B8/ @7\
Trax_3532626 rabbitoid vs. dgb : @0/ @1/ A2+ C1+ @1/ A0+ E2\ E4+ F2/ D1/ D0/ G3\ G4\ H4+
Trax_3532627 dgb vs. rabbitoid : @0/ @1/ B2/ A0+ B0\ @1/ D4\ D5/
Trax_3532632 Daddy MBA vs. dgb : @0/ @1/ B0/ @1+ A0\ A0+ @1\ E4\ D5/ E1/ E5\ D0/
Trax_3532633 dgb vs. Daddy MBA : @0+ A0\ A3/ @1\ A0\ @3/ C5/ D5/ A5/ B6\ @3+
Trax_3532636 Ruthm vs. dgb : @0+ B1+ A0/ A3/ @3+ @3\ D3+ A1\ A0+ @3\
Trax_3532637 dgb vs. Ruthm : @0/ B1\ A2/ B2+ C2\ B3/ @1\ C0\ A4/ @4/ D5/
Trax_3532640 dgb vs. curleyquenot : @0/ A2+ A3/ @3+ @2/ B1+ @1+ A0\ @3\ D1/ C0/
Trax_3532641 curleyquenot vs. dgb : @0/ @1/ A2+ C1+ B0/ B4\ D2\ E2\ E1\ @2+ E0+ G3+ A4+ D0/ C2\ F1/ H3+ E0/
Trax_3532644 spellbound vs. jazzbeth : @0/ @1/ @1/ A0/ @1/ A0/ C2+ D4+ A4/ B5\ @3+ @3/ @3/ D5/ E6\ C6+ A2\ @1/ F1/ C0+ I5\ G7+ G8\ D8+
Trax_3532645 jazzbeth vs. spellbound : @0/ B1\ B2\ A0/ A0/ B0+ C5\ D3+ E4+ F4\ B0/ E3/ E1/ E0/ F4+
Trax_3532648 spellbound vs. Dragon101 : @0/ A0/ @2+ @2\ D1/ A0+ E3\ C4+ F2/ F1/ E0/ E0/ F2/ A1\ B0/ @4+
Trax_3532649 Dragon101 vs. spellbound : @0/ B1\ B2\ C2\ D1\ C3/ A2/ B3+ @1+ B3/ B4/ @3/ @3/ @3\ B1\ D0\ A3\
Trax_3532652 nisqually vs. jazzbeth : @0/ @1/ B0/ @1/ D1/ D3/ B3+ B4/ A4/ D4\ E3/ C5/
Trax_3532653 jazzbeth vs. nisqually : @0/ A2\ B1/ B0+ B3+ C3\ A0/ @2\ @2\ B1+ A4/ E5+ @3/
Trax_3532656 nisqually vs. Dragon101 : @0/ A0/ @2+ @2\ D1/ A0+ @1\ E0+ A1\ D0/ @2+ A1/
Trax_3532657 Dragon101 vs. nisqually : @0/ B1\ B2\ C2+ D2/ C0/ C0+ D5/ A1\ @1+ B0/
Trax_3532660 jazzbeth vs. patchwork0 : @0/ B1\ B2\ A2+ C1+ @1/ B0/ C0\ B0/ B6/ @6/ A7/ A1\ @5/ B0/
Trax_3532661 patchwork0 vs. jazzbeth : @0+ B1/ B2\ C1/ C2+ B0+ A3+ D3/ D2/ B0/ A5/ E1/ E0/ E5\ F4\ E6/
Trax_3532662 jazzbeth vs. Dragon101 : @0/ A0/ B1/ A3/ C3/ D3/ D4/ D5/ C1/ C4+ E3+ E2+ B5+ F3/
Trax_3532663 Dragon101 vs. jazzbeth : @0/ @1/ B0/ A0/ A0/ @1/ @1/ A0/ B3+ D2/ D1/ A4+ C6/ E5+ @3\ A5+ E0/ G1+ E8+
Trax_3532664 jazzbeth vs. FixitDave : @0/ B1\ B2\ C2+ A2+ D2+ A3\ D1/ A0/ @4\ B5\ C5\ A2+ E4+ F5/ E1+ D0/ B1+ F2\ G3/ H4+ H5+ I4/ H2+ D7/ H1+ C0+ @5/ H9\ H1+
Trax_3532665 FixitDave vs. jazzbeth : @0/ @1/ B0\ B3+ C3\ D3\ D4\ D1/ D0/ E3/
Trax_3532666 patchwork0 vs. Dragon101 : @0+ A0/ A3\ B1/ C2/ A0+ C2/ A0/ @4/ E1/ E0/ E6+ F3/ D7+
Trax_3532667 Dragon101 vs. patchwork0 : @0/ B1\ B2\ C2+ A0/ A3+ @3\ B4/ D0/ E1/ A1\ B0\ @3\
Trax_3532670 Dragon101 vs. FixitDave : @0/ A2+ A3/ @3/ @3+ B1+ B4/ D1+ D3+ B0\ E3/ C6+ D7/ E6+ F6/ F4+ G4/ D1/ A0/ @1+ G3+ I3+ I2/ H1+ A5+
Trax_3532671 FixitDave vs. Dragon101 : @0/ A0/ B1+ A3/ C1+ @3+ D0\ C0/ B2+ C0/ D0\ A1+ A0\ @4/
Trax_3532672 TaUrUsRoSe vs. hANDYman the Rebel : @0/ B1\ B2\ C2/ C1/ C0/ D3\ C4/ @2\ A1\ F1\ B4/ C5\ B1+ F0/ G2\ A1+ @2/ C6/ E1+ C7\
Trax_3532673 hANDYman the Rebel vs. TaUrUsRoSe : @0/ A0/ @2\ A1\ A0\ @3/ C4/ D4/ A4/ B5\ @4+ C6/ B6/ @1\ B0/ B6+ F4+
Trax_3532674 TaUrUsRoSe vs. YankeeFan : @0/ A0/ B2/ C2/ D2/ B3+ A4/ @3\ A0\ @4\ C0/ E3+
Trax_3532675 YankeeFan vs. TaUrUsRoSe : @0/ A2/ A0\ @2/ B0\ A2\ @2\ D2\ E3/ E0\ F1+ F0+ G1/ D2+ F6\ G4/ F7/
Trax_3532676 TaUrUsRoSe vs. ypercube : @0+ @1+ A2\ A0\ @2\ @2\ E2/ A3/ @3/ C4\
Trax_3532677 ypercube vs. TaUrUsRoSe : @0/ B1\ B2\ B3\ B4+ A4+ A5/ @2\ @2+ C0/ E3\ B1\ A0/ B7/ E1/ F1/ C0+
Trax_3532680 TaUrUsRoSe vs. *Leo The Lion : @0/ A0/ @1/ A0+ @1+ B0/ D3/ E3/ E5/ C5/ E6\ F4+ B4+ F1/ G3\ E0/
Trax_3532681 *Leo The Lion vs. TaUrUsRoSe : @0/ A2\ B1/ A0/ @3\ @3/ C4+ A1/ A0+ @1+ A0\ A0\ @4\ C1/ B5+
Trax_3532682 hANDYman the Rebel vs. YankeeFan : @0/ A0/ B1/ C2+ A3/ A4+ @3\ C0/ C6/ E6+ E3+ D7+
Trax_3532683 YankeeFan vs. hANDYman the Rebel : @0/ B1\ B2\ C2/ B3/ A3/ A4/ @4/ D4\ E3\ D5/
Trax_3532684 hANDYman the Rebel vs. ypercube : @0/ @1/ B0\ @2\ A1\ @1\ A0\ D4\ E3/ A4/ C5\ @4\
Trax_3532685 ypercube vs. hANDYman the Rebel : @0/ B1\ B2\ B3\ B4+ B5/ A2+ C4\ D5/ C3+ D2+ B6+
Trax_3532686 hANDYman the Rebel vs. Dionysos : @0/ B1\ A2/ B0\ B3\ B4\ C3+ D3+ @2/ B0/ D6/ E3+ F3\ @3/ B4/ B5/ A4/ B6/ A5+
Trax_3532687 Dionysos vs. hANDYman the Rebel : @0/ B1\ A2/ B2+ C2\ C3\ @1\ B0/ @3/ A4/ C5\ E1/ F2/ D0/
Trax_3532688 hANDYman the Rebel vs. *Leo The Lion : @0/ A0/ B1/ B3+ C3\ D3+ C4/ A0\ @1\ E1/ D0/ F2\
Trax_3532689 *Leo The Lion vs. hANDYman the Rebel : @0/ B1\ A2/ @2+ @1/ B3/ B4/ C3+ D4/ B5/ @1/ @3+ D0+
Trax_3532690 YankeeFan vs. ypercube : @0/ @1/ C1/ D1/ C0+ D3+ E2/ A0+ @4\ E1+ G3+ @4\ D5+ A6+ @4\ A0+ @1\ A0\ @4+ J7+ L5\ I8+ E9+ @5\ E1+ F0\ C8+ C10+ B8\ A3+ @5/ B1\ D0+ A3\
Trax_3532691 ypercube vs. YankeeFan : @0/ A0/ A3/ B1/ C3+ C4\ D4\ D5\ D1/ E4+ D0\
Trax_3532692 YankeeFan vs. Dionysos : @0/ B1\ B2\ A2+ @2/ C3\ D3\ B4/ B5+ A5/ @5/ F3\ B6+ E6+ D7/
Trax_3532693 Dionysos vs. YankeeFan : @0+ B1\ B0+ B0\ A1\ @3/ C4\ D4\ D5\ E3+ @2+ A5/ B0+ B7/
Trax_3532694 YankeeFan vs. *Leo The Lion : @0/ B1\ B2\ C2\ D1+ A0/ D0+ C0/ E2+ A1\ @1+ B0/
Trax_3532695 *Leo The Lion vs. YankeeFan : @0/ A0/ B1+ A3+ C1\ @1+ B4/ A4/ @1/ B5+ C0/ @3\ B1+ B6\ D7/ C0+ @2\ A1\ C0/ @3+ @3/ C5/ D6+ @4\ B2+ A5/ @3/ K7+ L5/ D6+ I10\ J9+ I11\ E8/ C7+ G9/
Trax_3532696 ypercube vs. Dionysos : @0+ B1+ B2\ @1+ C3\ @1+ C3/ C4/ B0/
Trax_3532697 Dionysos vs. ypercube : @0+ B1/ B2\ C2\ B3\ @1\ A0\ @1\ C0/ C0+ D1/ E1/ F3/ F1/ G2+ E0+
Trax_3532698 ypercube vs. *Leo The Lion : @0/ B1\ A2/ @2/ B3\ C3\ D3/ D1\ B0/ @1+ B0\ D1+ F5\ E6/ @3+ H5\ H6+
Trax_3532699 *Leo The Lion vs. ypercube : @0/ @1/ B0/ @1+ C0/ D1/ E2+ C0+
Trax_3532700 Dionysos vs. *Leo The Lion : @0+ B1+ A0/ B3\ @1/ @2\ @2\ D0/ F2/ B4+ C5/ @1\ A0\ A5/ @3\ C6/
Trax_3532701 *Leo The Lion vs. Dionysos : @0/ B1+ A2+ A3/ @2+ A1+ D2/ C3+ @2\ C0\ @2/ B1+ A4/ B5/ @4\
Trax_3532722 GringoNZ vs. coopaah : @0/ B1/ B0+ C2/ @1/ @1+ @1\ A0\ @1\ D0+ A4/ @4/ F5+ D4+ D5+
Trax_3532723 coopaah vs. GringoNZ : @0/ @1/ @1+ @1\ A0\ @1\ D0+ A4/ @3\ F4\ G3/ D5+
Trax_3532724 GringoNZ vs. STrek : @0/ B1+ A2/ @2+ A0/ @3\ C4/ D1/ E1/ E0/ E5\ A1\ F4/
Trax_3532725 STrek vs. GringoNZ : @0+ B1+ A2\ B0/ C1+ D1\ C3+ D4/ E2/ C5+ A4+ D0+ C7/ F1/ E0+ F6+ F7+ G4/
Trax_3532726 GringoNZ vs. itb4me2 : @0/ B1\ A2/ B2+ @2\ A1+ B0+ @2/ E2/ E1/ F1/ D0\ F4\ C5/ G4/
Trax_3532727 itb4me2 vs. GringoNZ : @0+ B1+ B0\ A3/ B3+ @2+ D3/ B0\ A1\ A0\ @4\ D1/ B0+ E4/
Trax_3532728 GringoNZ vs. Linda Sue : @0/ B1+ B0+ C1\ B3+ B0\ D3\ D4\ E4\ C5/ E2/ F3\ C1/
Trax_3532729 Linda Sue vs. GringoNZ : @0+ B1\ A0/ @2/ C3\ B4+ B5/ @2/ E3/ A1\ C0/ @2/
Trax_3532730 coopaah vs. STrek : @0/ A2\ B1/ B2+ B0\ @3/ A4\
Trax_3532731 STrek vs. coopaah : @0+ B1+ B2/ A0\ B1+ A4/ @2/ @3\ B4/ @3/ B4+ A2+ @2+ E5/ F4+ @3/ A4/ B1\ C0+ H4/ A2\ @4/ C1+
Trax_3532734 coopaah vs. Linda Sue : @0/ @1+ A0+ @1\ C0\ D2\ D4+ E4\ E2+ B4+ F4\ E5/ B5/ E6\ G2\ G3+ G1/ H2\ F0\
Trax_3532735 Linda Sue vs. coopaah : @0+ A0+ B2\ A0/ B1\ A4+ @4/ D3/ A3\ @2/ A4+ A1\ C0/ @2/
Trax_3532736 STrek vs. itb4me2 : @0+ A2+ B2/ @1/
Trax_3532737 itb4me2 vs. STrek : @0+ B1+ A0/ B3+ C1\ C0+ D1+ C0+ @3/ B2+ C1+ F2/ F1/ F0/ B6+ C7+ F0+ G2\ D0\ C1+ E0+ E0\ C4+ B4+ A10/ @9+ B11/ D12\ E11+ B6+ A7+
Trax_3532738 STrek vs. Linda Sue : @0+ @1\ B2/ B3\ C2+ C3+ D2+ E2\ E3\ C1/ A0\ D5\ @1+ A0\ A5/ @4\ D6/
Trax_3532739 Linda Sue vs. STrek : @0+ @1+ @1/ A2/ B3+ B4\ C4\ D4+ D5\ E3+ E4+ C0+ B1+ F4/ C6/ D7+ D8/ C8/ C0/ E2+ E1+ B1\ B0\ G4+ B9/ A7+ @5\ F1/ G1/ G0/ D12/ H2+
Trax_3532740 itb4me2 vs. Linda Sue : @0+ B1\ B0/ C1/ C2+ B3/ B4\ C4\ D4\ D2+ E2/ C0\ D1+ D0/ F3+ G3/
Trax_3532741 Linda Sue vs. itb4me2 : @0+ A0+ A3/ A4\ B4\ @3/ A1\ @2/ C5\ @2\ A1\ A0+ @1\ A2+ B0\
Trax_3533743 Lorraine of the Renegades vs. Linda Sue : @0+ B1/ B2\ C1/ B3\ A2+ B4+ @2/ D4\ C0\ E5/ E4/ E2/ F2/ @3\ A2\ D6+ A1/ D0\ C2+
Trax_3535151 davidmilne vs. ypercube : @0/ @1/ B0+ @1/ D1\ B3+
Trax_3537335 Lilac Oyster vs. Goonerg : @0+ @1+ B2/ B0/ C1+ D2/ C0/ D4\ E3/ C5/
Trax_3537414 * vs. YankeeFan :
Trax_3538930 Traxplayer vs. ema : @0/ B1\ A2/ @2+ A0/ @3\ @2+ A3+ B4+ B0+ @3\
Trax_3540063 dgb vs. Charlo : @0+ @1/ C1/ C0/ C0/ A2+ A0+ B5+ @5/ B6\ A2+ D6\ A3+
Trax_3540064 Charlo vs. dgb : @0/ @1/ A2/ C2+ A3/ D1\ E2/ D3+ D4\ B5/ B0/ F1/ D0+ F5+ G4\ F7\ G7\ E8/
Trax_3540065 dgb vs. jazzbeth : @0+ B1/ @1/ B2/ B3/ C2+ C4+ D4\ A3/ E3+ E5/ D6+ A0/ @1+ D0/ E2\ A1\ A0\ @2/ A6+ @1\ B0/ A5/ @4+ A2\ @4/ D8/ C6/ F9/
Trax_3540066 jazzbeth vs. dgb : @0/ @1/ B2/ B0\ @2/ C4/ C0\ B4+ D4+ E3\ F4/ E5+ C6/ @4\ H5+ D7/ B6+ F8\ G6+ E2+ B8/ C1\
Trax_3540067 dgb vs. GringoNZ : @0/ @1/ B2/ A2+ B0+ C3/ @2\ B0/ B0/ C6/ D2/ B0/ A6/ @7\ @6/ E8/ G7+ H7/ I6\ F9+ F10/ F11/ G10+ F12+ H10\ G13+ D10+ B9+ D12/ C12/ B12+ C13/
Trax_3540068 GringoNZ vs. dgb : @0/ @1/ B2/ C1+ B3/ B0\ @2/ B1+ B0/ B4+ @3+ C0/ C0/ F6+ G6/ H6/ G7+ H5+ G4+ I5\ G8+ I8\ J6/ E9\ RESIGN
Trax_3540069 Charlo vs. jazzbeth : @0+ B1/ A2\ C2+ A3\ @1/ E2\ F3/ G3/ E4+ B4+ E1+ E0/ H1+ F0\ H6\ I3/ G7\
Trax_3540070 jazzbeth vs. Charlo : @0/ @1/ B2/ C1+ A2+ D1+ @1/ A0+ E1+ F2+ C0+ B5/ C5+ G3+ G4/ H3+
Trax_3540071 Charlo vs. GringoNZ : @0/ @1/ A0+ A3\ C2/ D1\ D0\ E2\ A1/ C0+ B0/ B0/ D2+ C0+ D0\ C0/ C0/ C0/ C0/ E3+ F4/ B3+
Trax_3540072 GringoNZ vs. Charlo : @0/ A0/ @2+ C2+ B0\ B0\ D3\ C2+ E3+ B0+ @4\ A3\ @3+ F1/ D0/ H4\ H3+
Trax_3540073 jazzbeth vs. GringoNZ : @0/ @1/ B2/ A2+ A0/ @1/ A0/ @2/ C1/ D5/ E3+ E2+ B3+ D6+ A4/ @4/ A2+ A5+ D6+ F7/ G7+ G8\ G9\ H8/ H5/ I9\ H10/ I5+ E10+ I4\
Trax_3540074 GringoNZ vs. jazzbeth : @0/ @1/ A2+ C2/ B3+ D3/ D4/ D5/ E3+ C5/ C1/ D2/ F4\ @1/ B0\ @3\ G7\ H6+ F8+ A1\ @2/ D0+
Trax_3549069 jazzbeth vs. mexicanfury : @0/ A0+ A0\ @3/ A4/ @2\ @2+ A1\ C0/ B6+ E1/ C0/ E6\ C7+ F4+
Trax_3549070 mexicanfury vs. jazzbeth : @0/ @1/ B2+ A0+ @2/ B4\ D3+ @1\ B0/ A5/ @4/ C6/
Trax_3549071 jazzbeth vs. GringoNZ : @0/ @1/ B2/ A2+ A0/ A4/ C3+ D3/ C4/ C1/ B5+ E2/ D1+ @1+ D0/ B7\ C8/ D8/ D6+ A6\ @3/
Trax_3549072 GringoNZ vs. jazzbeth : @0/ @1/ B0+ @1/ C3/ D3/ B3/ C0/ B1+ @1/ B4/ D0+ C0/ A2\ @2\ C7+ @2/ B3+ B4/ A4/ E0\ C2/ @7/ D8+ @7\ F9/ F10/ B8/ B9/ I5/ @7+ H9+ A10+ @7/ F9+ A6/
Trax_3549073 jazzbeth vs. Charlo : @0/ @1/ B2/ C2+ A2+ A3/ A4/ @3+ C4+ E1\ C0/ A2+ D4\ F2\ G3+ D0+ A7/ @5/ A4+ D7+ B8/ D8+
Trax_3549074 Charlo vs. jazzbeth : @0+ A2+ A3+ B3/ @2\ A0/ @1+ E4/ C5+ E5\ F3\ D6+ E2+ B0+ G4\ F2+ E1+ G6+ D8\ H5+ G7+ B7/ B8/ E9/ A7\ A6\ @5/
Trax_3549075 jazzbeth vs. DINGEROO : @0/ B1\ B2\ C2/ C1+ B0\ @1/ B0/ @2+ F1/ C0/ G3\ G4\ H4\
Trax_3549076 DINGEROO vs. jazzbeth : @0+ A0+ A0/ @2/ C3\ @2/ E3/ D2+ C4/ A1\ B0/
Trax_3549077 mexicanfury vs. GringoNZ : @0/ @1/ B0+ A3+ C3+ D3/ D4/ E3+ E2+ B5/ A5+ @5\
Trax_3549078 GringoNZ vs. mexicanfury : @0/ A0/ @1/ B0+ C1+ C2\ D2\ D0/ E3+ A1\ @3+ D4\ D5\ F4+ B0/ E1/ C2/
Trax_3549079 mexicanfury vs. Charlo : @0/ @1/ A2+ A0\ @2/ @3\ A1\ @1/
Trax_3549080 Charlo vs. mexicanfury : @0/ A0/ @1+ @1\ C0/ @2/ A3/ B4+
Trax_3549083 GringoNZ vs. Charlo : @0/ @1/ A0/ B3\ C2/ C1+ A4+ @3+ A1\ C0/ @3+ @2/ @2/ B4+ E0+ D1+ E0/ @6/ A7/ A3\ @4/
Trax_3549084 Charlo vs. GringoNZ : @0/ @1/ B2+ B3\ C1/ B0\ @3\ B4+ E2/ D0/ D0+ B2+ @4/ D0+ @4\ D8+
Trax_3549085 GringoNZ vs. DINGEROO : @0/ B1\ A2/ @2/ B0+ @1+ @1/ C0\ A5/ @5/ E5\ F4\
Trax_3549086 DINGEROO vs. GringoNZ : @0+ B1+ A2/ @2/ @1\ B0/ A4/ @2+ A1+ D4\ C5/
Trax_3549087 Charlo vs. DINGEROO : @0+ @1+ A2\ B0/ B0/ C4\ B5/ @3/ A2\ @3/ E1+ F4\ D0/
Trax_3549088 DINGEROO vs. Charlo : @0+ A2\ B1+ A0\ @2+ @2+ C0\ B4/ B5/ @3+ C6\ D5+ A5/ A6/ A7/ A8+ @8/ E7/ D0\ C1\ F2/ F1/ D0\ G4+ B11\ B4+ B2\ A4/
Trax_3549089 dgb vs. *Leo The Lion : @0/ B1\ A2/ @2+ @1/ C3/ C4/ A3+ C0/ D4+ C6+ A6/ @6/ C7+ D8/ E7+ F7\ B8+ B0+ A1\ F3+ G7+ F1/ G3/ D0/
Trax_3549090 *Leo The Lion vs. dgb : @0/ @1/ B0/ @1+ C0/ @3\ E2+ C0+ A2+ F2\ C0/ A6/ @6/ E6+ D7\ G6\ G7\ H4\
Trax_3549091 dgb vs. Mersephone : @0/ B1\ A2/ A3/ A4+ B4+ A5/ B5+ @4\ D3/ @5/ B6+ A1+ @2\ C0+
Trax_3549092 Mersephone vs. dgb : @0+ B1+ A2\ A0\ B1+ @2+ C0/ C0/ D2/ A1\ @1\ B0/
Trax_3549093 dgb vs. Traxplayer : @0/ @1/ @1/ @1/ B2+ A0+ C0\ E2+ F2\ @3+ E0+ E0/ E0/ RESIGN
Trax_3549094 Traxplayer vs. dgb : @0/ @1/ A0/ @2+ B0/ B4\ B5\ C2+ D2\ E2\ F2\ A0+ @2\ B0/ @4/ A5/ @5/ A6/ E8\ F6+ RESIGN
Trax_3549095 *Leo The Lion vs. Mersephone : @0/ B1\ A2/ B2+ C1/ A0/ D2/ C1/ C0/ @2\ C1\ D0/ E5\ B6/ F5/
Trax_3549096 Mersephone vs. *Leo The Lion : @0+ @1+ A2\ B0/ A1+ C1+ D2\ D3\ C4\ C5\ D4\ A5/ @5/ B6\
Trax_3549097 *Leo The Lion vs. Traxplayer : @0/ @1/ C1/ D1/ C0+ D3+ C4+ @3+ D5/ F2+ @3\ C6+ A4+ D0/ B2+ B0+ @5\ A4\ A2+ @2\ A1\ C0\ B9/ RESIGN
Trax_3549098 Traxplayer vs. *Leo The Lion : @0/ @1/ A0/ B1/ B3+ C1/ C0/ D1/ D0/ E1/ E0/ F1/ F0/ G4+ G8+ H8\ H1+
Trax_3549099 Mersephone vs. Traxplayer : @0+ B1+ A2\ A0\ @1\ @2\ A1+ A3/ B4/ @3\
Trax_3549100 Traxplayer vs. Mersephone : @0/ B1\ A2/ A3/ @2\ @3/ C4/ A4+ C0\ B1\ @4+ B1/ C0+ E5/ E1/ B7/ F2\
Trax_3549101 PK vs. Authority : @0/ A0/ @2/ A0+ @1\ @1+ A0\ A5/ @4\ E5\ F4/ D6/
Trax_3549102 Authority vs. PK : @0+ B1+ A2\ A0\ A0\ C4\ C5\ C6\ D4+ E5/ @4+ @4/ D6+ C6/ E7\ H4/ H3/ A6+ F3\ E2/ H7+ I3/ G8+
Trax_3549103 PK vs. B Line electric streetcar : @0/ @1/ A0/ C2/ C1/ B3/ A0\ @1+ @1/ B3+ A3+ B4+ B5/ A5/ A6/ @3+ D6\ B7/ A8/ @6+ A3\ @4\
Trax_3549104 B Line electric streetcar vs. PK : @0/ B1\ B2\ B3\ C1+ B4/ A4+ A0/ @5+ B4+ @5+ B2+ E0+ C1+ B0/ F4/ F6/ D8/ G6/ G7+ G2/ G1/ H4/
Trax_3549105 PK vs. ypercube : @0/ @1/ @1/ D1/ E1\ E2\ @1/ C2+ B0+ E4\
Trax_3549106 ypercube vs. PK : @0/ A2\ B1/ C1/ B0\ @3\ E2/ C3+ F3+ D4/ @3\ H4/ D5\ C1\ F0+ D0+ H8+ I6/ B1+
Trax_3549107 Authority vs. B Line electric streetcar : @0+ @1+ A2\ A0\ A0\ @3+ @3\ C5/ B4+ E3/ D2/ C0+ A1+ @3/ @4\ F1/ F0/ G4+
Trax_3549108 B Line electric streetcar vs. Authority : @0/ @1/ A0\ @1/
Trax_3549109 Authority vs. ypercube : @0/ @1/ A2+ C2/ @2/ @2/ @2/ B1+ B0/ B0/ B0/ B0/ A1/ F7\ G7\ D4+ F4\ C7+ D8/ A2+ @2/ C8+
Trax_3549110 ypercube vs. Authority : @0/ @1/ C1/ C2+ @2\ D0/ E1/ D4/ A0+ @1\ A0\ @4+ G1/ A0/ H2\
Trax_3549111 B Line electric streetcar vs. ypercube : @0/ @1/ @1+ @1\ D0+ @1/ C0+ A4/ @3+ C5\ E4+ A5/ C6\ @4\
Trax_3549112 ypercube vs. B Line electric streetcar : @0+ @1+ B2\ A0/ C2/ A0/ @1\ A0\ C1+ B0+ E5+ @4+ A5/ A6+ B7/ @5/
Trax_3550408 FrostyColdOne vs. mcinturff : @0/ @1/ A2\ B2+ C2/ D2/ C1/ C0/ A0\ @2/ F4\ F5\ E2+ A3+ F2/ G3\ G4+ H5/ I5\ I6\ H6+ D5/ E6/ E7/ E8\ I7/ C6/ B6/ A5/ G8+ D8/ D9/ A7\ F1+ D0+ E1/ G1/ G0/ A2\ @3+
Trax_3550469 jazzbeth vs. Rogue Trooper : @0/ A0/ B2/ C2+ B1+ C3\ C1+ D3\ A4+ @4/ @4/ A5/ D0/ B7+ F6+ G6\ G4+ C8/ D7+ H5+ H7+ I7\ G7/ I8\ D9\ E8+ G9+ J8\ J5+ K8+ I3/ J3\
Trax_3551621 YankeeFan vs. Goonerg : @0/ B1/ @1+ B2/ A0\ A0+ @3+ E1/ E0/ E5\ F5+ E6/
Trax_3551664 dgb vs. GringoNZ : @0/ @1/ @1/ A0/ @2/ @1/ D3/ D4+ F2+ E1+ C0/ G5/ F2+ @1/ C0+ B0+ D7/ F3/ B7/ B8/ A5+
Trax_3551665 GringoNZ vs. dgb : @0/ @1+ B0/ B0+ A0/ @1+ D3/ E3+ F3/ G3/ D5+ D6/ D7/ F4+ H3\ B5+ C8+ E7+ B0+ F3+ E2/ E1/ C10/ A10+ A5+ @4/ A8+ @3\ A2\ I1/ I0/ J3\
Trax_3551686 JiffyJeff vs. Authority : @0/ @1/ C1/ C0+ B0/ D1\ C0+ A5+ RESIGN
Trax_3551747 Dragon101 vs. GringoNZ : @0/ @1/ B0/ @1/ @1/ D3\ E1+ B3/ B4/ C0+
Trax_3551749 Dragon101 vs. GringoNZ : @0/ @1/ B0/ @1/ @1/ D3\ E1+ B3/ B4/ C0+
Trax_3553241 ladyvic vs. crow57 : @0/ B1\ B2\ A2+ @1\ B0/ C4/ D3\ C5\ A1\ A0\ E3\ E4+ @3/ A4/ C5/ @3+ B6/ @3+
Trax_3554292 Christeeny vs. * : @0/
Trax_3554489 Dragon101 vs. Traxplayer : @0/ @1/ B0/ @1+ C0/ D1/ A0+ @1\ E0+ @3/ A4/ G5+ D6+ H3/ G2+ F0+ C2+ D1+ A6/ RESIGN
Trax_3555373 YankeeFan vs. itb4me2 : @0/ B1\ B2\ A2+ A3/ C3\ C4\ @2\ D1/
Trax_3556643 jaha vs. GringoNZ : @0/ @1/ A0/ B1+ @2\ B3\ B4\ A3+ A5+ @4/ B1\ C0/ A3+ @4\ @4\ C1/ C0/ @4/ F8/ D7/ E9+ G8+ F1/ D0/ C3+ C8/ F10\ C11/ B11+ F11\ G11\ E12/
Trax_3556644 jaha vs. GringoNZ : @0/ @1/ A0/ B1/ B3+ C1/ @3\ B4+ @3+ B0\ A1+ E0/ F1/ B0\ A1\ C0+
Trax_3556648 Dragon101 vs. Authority : @0/ @1/ A0/ B1+ C2/ B0/ D3/ D4+ E4\ F4\ D5/ B6+ C7/ @5+ A7/ @5/ D8/
Trax_3556649 Authority vs. Dragon101 : @0/ A0/ B1/ B3/ @1+ C0/ @3\ @3\ D0+ C5+ F2/ C0/ F7\ G4+ A7/ @5+ C8\ E7+ E8+
Trax_3556945 jazzbeth vs. JiffyJeff : @0/ @1/ @1/ @1/ C0+ C3\ C4+ D4\ E2/ A5+ @2/ @5+ G5/ RESIGN
Trax_3561213 JiffyJeff vs. YankeeFan : @0/ A0/ B2/ A3+ A4\ C2+ C1/ D1/ RESIGN
Trax_3564161 hexkid vs. * :
Trax_3564177 davidmilne vs. JiffyJeff : @0/ @1/ A2+ B3/ @3\ B4+ C0/ D3\ A1\ RESIGN
Trax_3565701 Authority vs. PK : @0/ B1\ A2/ A3/ @1+ @1/ D2+ A4+ @2\ D4+ E5/ C6/ B6/ @2\ @3+ @2/ @3\ B4+ E6\ H7\ I7\ G8+
Trax_3566145 dgb vs. GringoNZ : @0/ @1/ A2+ B0\ @3\ C4/ D4+ @3\ B4+ F3+ D0\ @5+ A6+ @5\ @5\ H6+ I5+ J5\ J6\ K6\ H7+ D7/ E7+ J8+ G7+ E8\ F2+ G8/ H9/ D9+ I10\ J10\ D1\ C1\ E0/
Trax_3566146 GringoNZ vs. dgb : @0/ @1/ A0/ @2+ C3/ B0\ D3\ E3\ C1\ D1+ C0/ D1/ F2/ G2+ G1/ D0/ RESIGN
Trax_3566207 GringoNZ vs. Traxplayer : @0/ @1/ B2/ B0\ B0\ C2\ D3/ D5+ E4\ F4\ F5\ F6\ F7+ RESIGN
Trax_3566911 Goonerg vs. jazzbeth : @0/ @1/ @1/ A0/ A3/ D3/ B4+ B1+ E4\ E5\ F3/ D2/ G4+ C5/ F6/ G2\ @2+
Trax_3566978 Rogue Trooper vs. Authority : @0+ B1+ A0+ @2+ D2\ D3\ A1\ @1\ E4+ F3+ C3/ A0\ D6/ C6/ C7/ B7/ A6+ @4/ RESIGN
Trax_3567066 Dragon101 vs. YankeeFan : @0/ A0/ B2/ A3+ B4/ B1/ C4+ B5/ B6/ @6+ B0+ A1\ @6+ F2+ @2+ A0\ @5+
Trax_3567324 ladyvic vs. crow57 : @0/ A2\ B1/ B0/ B3\ C3\ @2/ D2+ @1\ C0+ B0/
Trax_3569076 dgb vs. Traxplayer : @0/ @1/ @1/ B0+ @1/ A0/ B4+ RESIGN
Trax_3570408 ema vs. Traxplayer : @0/ @1/ A2\ C1\ B2+ B3\ C3\ C4\ C0/ D4+
Trax_3570763 Traxplayer vs. MaeTx56 : @0/ B1\ A2/ @2+ B3\ @2+ D2\
Trax_3573391 GringoNZ vs. Pegasus : @0/ B1\ A2/ B2+ C2\ B3/ @1\ A0\ A4/ @4/ D5/
Trax_3573391 GringoNZ vs. Wife of a Maverick driver : @0/ B1\ A2/ B2+ C2\ B3/ @1\ A0\ A4/ @4/ D5/
Trax_3573392 Pegasus vs. GringoNZ : @0+ B1+ A0/ A3/ B3+ @2+ A1+ @2+ B0\ B0\ A5+ A2+
Trax_3573392 Wife of a Maverick driver vs. GringoNZ : @0+ B1+ A0/ A3/ B3+ @2+ A1+ @2+ B0\ B0\ A5+ A2+
Trax_3573393 GringoNZ vs. B Line electric streetcar : @0/ @1/ B0/ @1+ C0/ @3\ B4+ C4+ C0\ C6/ B7\ C8/ C9/ D0/ E1/ C0\ B1\ C0+ A2/ E5/ B3/
Trax_3573394 B Line electric streetcar vs. GringoNZ : @0/ @1/ C1+ D1\ C2\ C3\ D3\ E3+ A4/ @4/ D0/ G1+ D0/ E7+ F7\ G7+ C2+ F8\
Trax_3573395 GringoNZ vs. Traxplayer : @0/ @1/ A2+ C1+ A0/ B4\ B5\ @2+ D1/ D0/ D0+ E5\ E6+ D8/ B6+ C9+ E8+ B10/ A9+ F5+ F8/ G7\ E9+ B11+ E10/ B12/ C12+ C0/ B1+ C0+ @9\ B8+ H11+ F5+ A6\ @9+ H13\ RESIGN
Trax_3573396 Traxplayer vs. GringoNZ : @0/ @1/ A0/ B1+ A3+ C3/ @2\ B4/ B5/ B0/ E4/ C5+ F5/ D1\ D0/ E1/ RESIGN
Trax_3573397 Pegasus vs. B Line electric streetcar : @0+ @1+ A0/ B3\ A3+ C2+ C1+ D2+ C0/ C0/ D5+ D2+
Trax_3573398 B Line electric streetcar vs. Pegasus : @0/ B1\ B2\ A2+ C1+ C0\ A1+ @1/ B4+ A4/ A3+ @4/ D5/ E4+ @5\ G4\ C6+
Trax_3573399 Pegasus vs. Traxplayer : @0+ B1+ B2/ A0\ B1+ @2+ A3+ B0+ A1+ @2+ A3+ C5+ A4+ B0/ A6+ B0/ A8\ D1/ C0+ E3\
Trax_3573399 Wife of a Maverick driver vs. Traxplayer : @0+ B1+ B2/ A0\ B1+ @2+ A3+ B0+ A1+ @2+ A3+ C5+ A4+ B0/ A6+ B0/ A8\ D1/ C0+ E3\
Trax_3573400 Traxplayer vs. Pegasus : @0/ B1\ A2/ B2+ @2\ A1+ B0+ C1+ B4+ A4+ @3+ A2+ E2+ E3+ C0/ E5+ C0/ A3+ E1/ D0\ F3\
Trax_3573400 Traxplayer vs. Wife of a Maverick driver : @0/ B1\ A2/ B2+ @2\ A1+ B0+ C1+ B4+ A4+ @3+ A2+ E2+ E3+ C0/ E5+ C0/ A3+ E1/ D0\ F3\
Trax_3573401 B Line electric streetcar vs. Traxplayer : @0/ @1/ C1/ D1/ C0+ D3+ D4+ E2+ A4+ @3+ A1\ C0+ @2\ H4\ H5\ I4\ G6/ H7\ I6/ E7+ E8/ G8/
Trax_3573402 Traxplayer vs. B Line electric streetcar : @0/ @1/ B0+ B3+ @2\ @2+ D4/ B3+ C5+ @2/ F4\ E5+ E6\ F6\ F7\ G7\ D7/ B6+ E8/
Trax_3573403 PK vs. dgb : @0/ @1/ B0/ @1+ C0/ @3\ @3\ B1+ E4+ F1+ E5/ E6/ A4/ @4/ F7/ A1\ A0\ @4+
Trax_3573404 dgb vs. PK : @0+ A2/ B1\ A3/ @3/ @3+ C4+ C5/ C6/ D5+ E2+ F3/ E6+ C0/ C0/ G4/ E1/ E0/ G9\ H5/ G10/
Trax_3573405 PK vs. Rogue Trooper : @0/ A0/ A0/ A0+ @1+ B0/ @4+ @3/ E3/ C6\ A5+ F6\ D7/ F1/ E0/
Trax_3573406 Rogue Trooper vs. PK : @0+ @1+ A0/ A3/ C1\ D2/ C3+ @2\ D0+ @4/ A5/ @3\ A2\ D1+ @3+ I3/ G5/ F6+ G0/
Trax_3573407 PK vs. ypercube : @0/ @1/ C1/ @1/ @1\ D0+ D3\ F1\ G2/ D4+ RESIGN
Trax_3573408 ypercube vs. PK : @0/ B1\ B2\ B3\ C1+ D2/ C0/ D5+ E4\ F4\ F5\ C6\ A3+ @2/ @3\ B1+ F0\ G8+ G3+
Trax_3573409 dgb vs. Rogue Trooper : @0+ A0/ A0/ @1/ B0+ B5/ C1\ @2/ A3/ C0+ @6/ A7/ A2+ A1\ @5\
Trax_3573410 Rogue Trooper vs. dgb : @0+ B1+ A0/ A3/ C2/ D1\ C3+ E2+ @3/ A4/ A5+ @3+ C0/ G5\ D7+
Trax_3573411 dgb vs. ypercube : @0/ B1+ C1/ A2/ A3+ B4/ B5/ RESIGN
Trax_3573412 ypercube vs. dgb : @0+ B1+ A2+ @1+ C0/ D1/ D0+ E2+ A4+ A5/ @4\ B6\ C5+ D5\ D6\ D7+ RESIGN
Trax_3573413 Rogue Trooper vs. ypercube : @0+ A2+ A3+ @1\ A0\ @1+ B4+ @2\ E4/ B0\ B0\ B0\ @5\ @5+ E8/ C7+ A1\ A0\ A9/ @7+ C10\ D10\ A5+ E11/ E12/ A12+ @9+
Trax_3573414 ypercube vs. Rogue Trooper : @0+ B1+ A2+ @1+ C0/ D1/ D0+ E2+ A4+ B2+ @4\ A2+ C0/ G4/ G5+ G2+ B1\ H2+
Trax_3573415 jazzbeth vs. Authority : @0/ A0/ B2/ B3+ B1+ C1/ C2+ B4/ @2/ B0+ E2+ D1\ F3/ G3/ G4+ F5+ C6/ G1/ H3/ E0+
Trax_3573416 Authority vs. jazzbeth : @0/ @1/ A2+ C2/ C3/ D3/ @2/ A3/ D1+ D4/ C0+ B0/ A1+ @1/ C7+ A5/ C8+
Trax_3573417 jazzbeth vs. Kaisa : @0/ @1/ B2/ C2/ C3/ C4/ D4/ C5/ E5/ C6+ B4/ D7\ D8\ B0\ C2/ F6\ E5/ C8+ E4+ E3\ A5+ B9/ B10/ B7+ @2+ B1\ E10+ D11+ D12/ C12/ B12+ D13+ A8\ A7+ A6\ @5/
Trax_3573418 Kaisa vs. jazzbeth : @0+ B1/ @1/ B2/ B3/ C2+ C4/ D4/ C5/ D1+ E2/ B4/ E5\ F2/ E6/
Trax_3573419 Authority vs. Kaisa : @0/ A0/ @2+ C1\ B3/ @2\ B0+ C5/ C6/ C7/ @3+ B0/ B8\ F3/ F2/ F1/ F0+ G3+ E7+ B6+ E10\ F8+ H5+ A2\ B10/ @4+
Trax_3573420 Kaisa vs. Authority : @0/ @1/ A0/ @1/ B0/ B4\ D3/ A0+ @2\ @2\ A1\ C0/ C5/ @4+ C0+ B0/ A1+ @4+ A1/ @1/ H5/ E0/ F1/ G3+ I4+ F0/ H1+ B2/ I1/ I0/ F12/ E12/ B11+ A10/ @6+ F1\ C2/
Trax_3577305 Goonerg vs. balmoral : @0/ B1\ A2/ B2+ C2\ A3/ A4+ @2+ B0+ A0/ @1+ F6+ D7/ @1\ C0/ E9/ A4/ F4/ B5/
Trax_3577423 Rogue Trooper vs. davidmilne : @0+ A0\ @1/ B3\ @1/ B3/ A4\ @3+ E3\ F2\ C5/ E4\ E1+ C0/ @6/ A7/ H2/ H1/ G0+
Trax_3577608 Dragon101 vs. jazzbeth : @0/ @1/ A0/ @1/ A2/ C1+ A3/ C0/ B1+ D4/ @2+ A0+ C6+ E2/ F2+ D1+ A0/ G4+ D1/ A0/ @3+ H4+ I4\ A2+ A0\ @3\ B8/ B9/ A6+
Trax_3579415 YankeeFan vs. Dionysos : @0/ B1\ B2\ A2+ @2/ A3/ @3/ C4\ A1\ @3/ C0/
Trax_3582756 * vs. Appollo :
Trax_3582799 Jay RAA vs. Linda Sue : @0/ B1+ A0\ @2/ B0\ @3/ D2/ E3\ C4/ F3/ E5\ F5\ G3/ G2/ F1/ H4/ H2/ B5\ C6/ D7/ H1/ H0\ I3\ C8+ B8/ A7/ @7/ B8/ H1\
Trax_3582870 ypercube vs. jazzbeth : @0/ @1/ C1/ C2/ D1/ D3/ C0+ A3/ @3/ D4+ @1+ D0+ C6+ C7/ @4/ A5+ A7/ C8+ @6+
Trax_3585201 Authority vs. JiffyJeff : @0/ @1/ A2/ C1/ A3\ @2\ B0+ A1\ @1+ RESIGN
Trax_3585761 ypercube vs. PK : @0/ A2+ B2/ B1/ C1+ B3/ A0\ @2/ @3\ E1+ D0/ D0/ E1/ F4/ A6/ @6\
Trax_3590061 jaha vs. Goonerg : @0/ @1/ A0/ B3\ C3\ @2/ A4+ C5+ C6\ E6+ F5\ G6/ G3+ E2+ H4+
Trax_3590313 Phil The Hat vs. JiffyJeff : @0/ @1/ A0/ B1/ B0\ C2\ A4/ C3+ C1+ D2\ B5+ E3/ B0+ F3+ D5+ F5/ C7+ D8/ E8+
Trax_3591545 JiffyJeff vs. Goonerg : @0/ B1/ A2\ A3\ B3\ C1/ B4+ C4/ D2+ E2/ E1/ B0+ @3\ G2+ F4+ C0/ H4/ G6+ @5+ A3+ C7+ @2/ C1\ C0\ B1\ A8/ RESIGN
Trax_3596780 STrek vs. Kaisa : @0+ @1+ A2\ B0/ A4+ C2+ @2/ A1/ B0+ @5/ B6+ A2\ @3+ C1\
Trax_3596916 * vs. hexkid :
Trax_3597035 jazzbeth vs. JiffyJeff : @0/ A0/ B2/ A3+ C3/ D3/ D4/ A4+ A5/ D5/ C2+ B4\ A6/ @5/ C7\ D7\ A7/ A1\ @5/
Trax_3597558 GringoNZ vs. Traxplayer : @0/ @1/ B0/ @1/ D2/ C3+ C4/ E2\ A3/ C5/ D4+ D6+ E5\ D7/ D8/ D9/ B9\ E9+ F2\ D10+ F3\ G4+ H4/ I4/ H5+ F6+ J4\ K4\ I3/ E1+ K5+ K6/ H7+
Trax_3598241 Authority vs. golfnutrof : @0/ @1/ B0+ @1/ C3/ C4/ D1/ @1\ A0\ A0\ A4/ @4/ D6/ F2/ F6+ G3+ E7+
Trax_3601291 Rogue Trooper vs. Goonerg : @0+ B1/ @1/ A2/ A3+ C2+ B0+ D4\ D5\ D3+ A5+ B0/ @3\ A2\ C0/ @3+ A2\ A1\ G5/ F3+ H4\ A6/ @6/ D2+ E0+ G1/ A4/
Trax_3601425 Traxplayer vs. jaha : @0/ A0/ @1/ C1\ D1\ C0+ E1\ C3+ D0/ F2\ C5+ @3/ B4+ F4/ G3\ F5+ H4+ E6+ E7/ E8/ H2+ H1/ E9/ C6+ I1/ F0+ F0/ A7/ @6\ E2\ RESIGN
Trax_3605602 Pegasus vs. davidmilne : @0+ A2\ A3+ B2/ B1+ B0/ A1+ @4\ B0/ A2/ C1+ D1/ D2+ E3/ @2/ A1\ @1\ C0/
Trax_3605602 Wife of a Maverick driver vs. davidmilne : @0+ A2\ A3+ B2/ B1+ B0/ A1+ @4\ B0/ A2/ C1+ D1/ D2+ E3/ @2/ A1\ @1\ C0/
Trax_3605603 davidmilne vs. Pegasus : @0/ B1\ A2/ B2+ B3/ A3+ @3/ A2+ D1\ A4/ @1/ B0\ F2\ A1+ F4\ @4\ H3\
Trax_3605603 davidmilne vs. Wife of a Maverick driver : @0/ B1\ A2/ B2+ B3/ A3+ @3/ A2+ D1\ A4/ @1/ B0\ F2\ A1+ F4\ @4\ H3\
Trax_3605604 Pegasus vs. Traxplayer : @0+ B1+ B2/ A0\ B1+ @2+ A3+ B0+ A1+ D2\ A5/ @2\ F2/ F1/ A1\ E0+
Trax_3605604 Wife of a Maverick driver vs. Traxplayer : @0+ B1+ B2/ A0\ B1+ @2+ A3+ B0+ A1+ D2\ A5/ @2\ F2/ F1/ A1\ E0+
Trax_3605605 Traxplayer vs. Pegasus : @0/ B1\ A2/ B2+ @2\ A1+ B0+ C1+ B4+ A4+ @3+ A2+ C5/ A1+ @3\ B0/ D7/ F2/ B7/ F1\ C8/
Trax_3605605 Traxplayer vs. Wife of a Maverick driver : @0/ B1\ A2/ B2+ @2\ A1+ B0+ C1+ B4+ A4+ @3+ A2+ C5/ A1+ @3\ B0/ D7/ F2/ B7/ F1\ C8/
Trax_3605608 SIRI vs. davidmilne : @0/ @1/ B0\ A1+ @1/ A2/ B3/ B4+ A3+ @3/ A2+ E3+ C5/ D5+ @2/ G2\ B0\ A1\ @1\ H2/ H1/ I2\
Trax_3605609 davidmilne vs. SIRI : @0/ B1\ B2\ C2\ D2+ A2+ C3\ C0/ C0+ D1+ A1\ B0/ @3/
Trax_3605610 SIRI vs. Traxplayer : @0/ @1/ C1+ C2+ D1/ D0/ D3+ E2+
Trax_3605611 Traxplayer vs. SIRI : @0/ B1\ A2/ B0/ C1\
Trax_3605612 Kaisa vs. davidmilne : @0/ @1/ A0/ A0/ A4/ C3+ D3/ E3/ D4+ C2\ A0+ E6/ C2\ @4+ G2/ E1+ C0+ @3+ C1+ G8/ H8+ I6+ C9+ B9/ A9+ A10/ @4/ RESIGN
Trax_3605613 davidmilne vs. Kaisa : @0/ A0/ @2/ A0/ @2+ @2/ @2/ B1+ C0+ E1\ @3/ C0/ D0\ A7/ RESIGN
Trax_3605614 Kaisa vs. Traxplayer : @0/ @1/ A0/ @1/ B0/ @2+ C4/ B3/ @2/ @3\ D0+ C0/ C0/ C0/ C8+ @7+ G4/ F3+ C5+ RESIGN
Trax_3605615 Traxplayer vs. Kaisa : @0/ A0/ @2+ C1\ B0\ B0\ D3\ A2+ B5/ D4\ @3+ @2/ @3\ @2/ D1+ E0+ G2+ G1/ D0+ H3+ I3\ F8+ D7/ D8/ @3\ D2+ D0/ A3\ C2+ @3+ @4+ C2\
Trax_3605616 davidmilne vs. Traxplayer : @0/ @1/ B0+ @2+ D1\ D3+ E3\ C0/ C0/ C0/ E4+ C7/ F1/ D0+ D8+ F6+ G3+ E9/ G6/ H5\ G7+ H2\ I2\ J2\ K4+ J1/ RESIGN
Trax_3605617 Traxplayer vs. davidmilne : @0+ A2\ B2\ A0/ B4\ C1+ @2\ @2\ F2+ E5/ E0/ F1/ G1+ F0+ G7+ RESIGN
Trax_3605618 Charlo vs. Authority : @0+ B1+ A2\ B0/ @2\ @2\ D4/ E3/ D5+ B3+ C1+ @2\ B4+ A0/ E1/ @3+ F0/ H1+ I3+ G0\ D2+ C1+ H7+ F9/ I7\ J7\ B8\ @7+ L6+ K9\ L9\ G10\
Trax_3605619 Authority vs. Charlo : @0/ @1/ A2+ @1\ A0\ @1\ D4/ E4+ A0\ A4/ @2+ @3\ @3\ B1+ D6+ C6+ E7/ @1\ B0/ F1/ G1/ D0/
Trax_3605620 Charlo vs. dgb : @0+ B1+ A0/ A3/ C1\ D1\ C3+ @2+ C0+ F3+ C5+ C6/ B7\ @4/ A5/ E5\ H4/ G6+
Trax_3605621 dgb vs. Charlo : @0/ @1/ @1/ C0/ D2+ A3+ D4+ D5/ E4+ A4+ @3+ B0\ A1\ A0\ C0+ E1+
Trax_3605622 Charlo vs. ypercube : @0+ @1+ B2/ B0/ B0/ @3+ D2+ E2\ F3/ G2\ D4+ B5/ A5/ A6/ @4\ H5+ I2\ E0\ I2+ G1+ F0/ D8/ F8\ E1+
Trax_3605623 ypercube vs. Charlo : @0+ A0/ B2/ @1\ A0\ @1\ E3/ B0+ C2/ B0\ D6/ D3+ A0/ C3/ B0+ A7/ @8\ @7/ G9\ H8/ C9+ B4/ F10/
Trax_3605624 Authority vs. dgb : @0/ @1/ A2+ C1+ A3\ B0\ D2/ D3+ B0\ E4\ D6\ F3/ F2/ G4\ G5\ F6\ B7+ G7\ C8/ H5\
Trax_3605625 dgb vs. Authority : @0+ B1+ @1\ A0\ B0\ B0\ B5\ C3/ D3/ @3+ D6/ F3+ A2+ D1+ @3\ @3\ F0/ G3/ E0\ D1\ C1+ E0+ B7+ B8/ @3+ B2\ D9/ F10\ A8+ @7/ C9+
Trax_3605626 Authority vs. ypercube : @0/ @1/ A2+ C1+ @1/ B3/ E1\ C0/ B5/ B6/ B0+ @1+ A4+ @7+ D8/ A2+ @3+ F5+ D0/ I6\ H7/ G10+ H10\ I9+ B1\ RESIGN
Trax_3605627 ypercube vs. Authority : @0+ B1+ A2/ @2/ B3/ B0/ B0/ @4+ E3\ D0\ C0/ F5\ B4+ @5/ A7/ @5/ D0+ C1\ B3+ B0/ A1+ C0+ @4/ B6+ A6+
Trax_3605628 dgb vs. ypercube : @0/ @1/ @1/ D1/ A0\ @2/ @2/ E0+ G2\ RESIGN
Trax_3605629 ypercube vs. dgb : @0+ B1+ A2+ A0\ A0\ A5\ A0/ B1/ B0/ C2\ C3+ D2/ B7\ C7+ @1\ C0+ @3/ A4/ F4+ E1/ F1/ G1+ C0/ G6+ RESIGN
Trax_3608248 csain1 vs. YankeeFan : @0/ A0/ A0/ A0/ B2+ @1+ @3+ B5\ E4+ @5/ A6/ E6/ B6\ B7\ E0\ F2+ B1/ A3/ @6+ H3+ A3/ @4\ H8+ I8\ J3\ A6\ @5/ F7+ I9/ C2+ L3/ K2+ F0+
Trax_3608421 Nukkle Dragger vs. Authority : @0+ B1+ B2/ B0/ C2+ D2+ D1+ E2+ @2/ A4+ A5/ @3\ @4+ A6+
Trax_3610008 Rogue Trooper vs. supermac : @0+ @1/ A2\ C1\ C2\ C3+ D1+ B0/ D4+ C0+ E4+ E2+ E0+ A3+ @4/ A7+ @7/ A8/ @7+
Trax_3610074 STrek vs. birddog8560 : @0+
Trax_3610147 Charlo vs. davidmilne : @0+ A2\ @1/ B0\ C1\ C0\ D3/ B5\ E5+ RESIGN
Trax_3613101 JiffyJeff vs. dgb : @0/ @1/ @1/ @1/ E1/ C2+ B0+ E4\ F3+ A4/ RESIGN
Trax_3613102 dgb vs. JiffyJeff : @0+ A2/ B1\ A0/ A4\ @2\ @2+ @2/ @3\ @2/ @3\ @3\ C1+ RESIGN
Trax_3613103 JiffyJeff vs. ypercube : @0/ @1/ @1/ D1/ A0+ A3/ @3/ A4/ @4/ A0\ @2/ F1+ C0\ H6+ RESIGN
Trax_3613104 ypercube vs. JiffyJeff : @0/ @1/ C1/ D1/ B2+ A0+ B0+ E3/ @2\ B1\ F0+ G2\ B1\ B0+ A3+
Trax_3613105 JiffyJeff vs. Dragon101 : @0/ A0/ @1/ A2/ @2\ D1/ D0+ C4+ B5\ A4+ E1\ D5+ B0/ E7/ F6\ A7/ RESIGN
Trax_3613106 Dragon101 vs. JiffyJeff : @0/ A0/ B2/ C2/ A3+ A4+ C1+ C0/ B1+ @4\ E1/ E0/ E5\ RESIGN
Trax_3613107 JiffyJeff vs. GringoNZ : @0/ @1/ A0/ @1/ @1/ A0/ C4+ C5/ D2+ E3/ RESIGN
Trax_3613108 GringoNZ vs. JiffyJeff : @0/ @1/ A0/ @1/ A0/ @1/ A0/ @1/ C1/ D5\ B0+ B0/ @3\ D0/ E1/ A3+ A5/ @3/ F4/ RESIGN
Trax_3613109 PK vs. dgb : @0/ A0/ @2+ B0+ B4/ C4+ A0/ @1+ @1\ C0/ @1/ F1/ F0/ G4+
Trax_3613110 dgb vs. PK : @0/ B1\ A2/ A3/ A4+ @2+ @2/ C5\ D2+ A4+ D6/ E6+ A6/ @3\ C7/
Trax_3613111 PK vs. ypercube : @0/ @1/ B0+ @2+ B0/ C4+ @2/ @3\ @3\ B4+ C5/ @1\ C0+ A5/ @4\
Trax_3613112 ypercube vs. PK : @0/ A2\ B1/ C1/ B0+ C3\ D2/ A0\ @1\ D1+ A4\ @2/ D5+
Trax_3613113 PK vs. Dragon101 : @0/ A0/ A0/ A0/ @3+ C4+ A0\ @3/ E3+ D1+ D0/ C0+ C0/ F3+ F2/ G2/ G1/ C0/ @6+ A5+ @6/ I6\ J5/
Trax_3613114 Dragon101 vs. PK : @0/ A2\ B1/ C1/ B2+ D1/ A0+ E2/ C0+ D5+ B0/ C0\ D8/ @4\ B2+ B0/ @5\ B3/ A7/ @6/
Trax_3613115 PK vs. GringoNZ : @0/ @1/ B0/ A0+ @3/ B4+ C0/ D3/ D6+ E3+ @3+ B1\ D0/ E1/ D0+
Trax_3613116 GringoNZ vs. PK : @0/ B1\ A2/ A3/ @2\ C3\ B4/ @3+ A5+ B6\ C6\ D6\ E1/ C0/ F7\ E8/ G5\ H4+ G1+
Trax_3613117 dgb vs. ypercube : @0/ @1/ B0+ @2+ A0/ A4/ B4+ A5/ D3\ E3\ @4+ @3/ @4\ @3/ C2+ B1+ E6/ A5/ @5/ F7+ J4\ H5+ F0\ D2+ A2+ RESIGN
Trax_3613118 ypercube vs. dgb : @0/ @1/ C1/ @1/ A0\ @2/ @2/ B3+ G2+ D4+ G5+ H4\ I4\ I5\ H6\ J3+ RESIGN
Trax_3613119 dgb vs. Dragon101 : @0+ A0/ @1/ B0/ C1/ B4/ B5/ D1+ B0+ E2/ F2/ F3+ F1+ B0/ @7/ B8\ @6+
Trax_3613120 Dragon101 vs. dgb : @0/ @1/ A0/ @2+ C3/ B0\ @2/ @3\ E2/ A1\ A0+ @3\
Trax_3613121 dgb vs. GringoNZ : @0/ @1/ A2/ A0/ A0/ C3+ C2/ @2\ @2+ A1\ B0\ B0\ A1\ RESIGN
Trax_3613122 GringoNZ vs. dgb : @0/ @1+ A0/ @2\ B3/ B4/ D2/ @2+ B0/ @4+ @4\ @4\ D6+ D2+ H2/ H1/ I1/ F0+ J4+ I5\ H0+ C3/ E1\ F0\ @5\ A4\ K2/ RESIGN
Trax_3613123 ypercube vs. Dragon101 : @0/ A0/ B2/ B1/ @1+ C0/ @3\ C4/ E1/ B0+ A1\ @1\ C0/ F0+ G2/ B8/ A6+ @3\ D1+ F0/ H8\ G9/ I4\
Trax_3613124 Dragon101 vs. ypercube : @0/ @1/ A0/ @1/ B3+ D2/ E3/ A0\ @2/ D1/ D0/ B5\
Trax_3613125 ypercube vs. GringoNZ : @0/ @1/ C1/ C2/ D2/ D3/ E2+ D4/ E5+ F4\ D6\ E7/ G4\ G5\ F8+ F9/ E10\ C7/ C8+ D1/ C3+
Trax_3613126 GringoNZ vs. ypercube : @0/ @1/ A0/ B1+ C1/ D1/ A3+ @1\ A0\ E1+ D0+ @3+ @4/ A5\
Trax_3613127 Dragon101 vs. GringoNZ : @0+ B1+ C1\ C2\ D1+ D0/ E2+ D0\ C5+ F3\ A5/ A6/ @4+ B7\ C7\ C8\ D8\ A8/ A9/ @6/
Trax_3613128 GringoNZ vs. Dragon101 : @0/ A0/ B1/ B3/ C3/ C4/ @2+ C0/ D2/ @3/ C0+ A5/ F4+ A6+ C7+ E7+ @5+ D8/ G2+ F8\ @5+
Trax_3613200 * vs. DINGEROO :
Trax_3613268 Nukkle Dragger vs. Goonerg : @0+ A2/ A0\ @3/ @3+ B4\ A0\ @3/ B5+ B6+ A6/ @3/ D7/ E7+ F3\ G4/ F2+ G7\ H5+ E8+
Trax_3616680 Charlo vs. jaha : @0/ A0/ B1/ C2+ A3/ B0/ @3+ B5/ @4\ F1/ E6+ E0/
Trax_3620494 GringoNZ vs. B Line electric streetcar : @0/ @1/ B0+ A3+ C3/ @1/ D1/ D0/ @2/ A3/ F4/ A1+ C0\ @3+
Trax_3620495 B Line electric streetcar vs. GringoNZ : @0/ @1/ C1+ D1\ C2\ C0/ B1+ E1/ C0/ E4\ D5/
Trax_3620496 GringoNZ vs. Traxplayer : @0/ @1/ B2/ C2/ B3+ D3/ D4/ E4/ C1/ D1/ E5/ F5/ B4/ D0/ E2\ @1/ E6/ RESIGN
Trax_3620497 Traxplayer vs. GringoNZ : @0/ @1/ A0/ A3\ A4\ @3+ C3+ D3\ C5+ E3+ D6\ E5/ @3\ A2\ @2/ C5/ B5/ A4/ H3\ B6/ A6/ F7/
Trax_3620498 GringoNZ vs. ypercube : @0/ @1/ B0+ @1/ A0/ C4\ D4\ E4\ D5+ A5\ C6/ C7/ E6+ B1/ F5/ D8/ G5/ G7+ H6\ G3/ H3/ E1+
Trax_3620499 ypercube vs. GringoNZ : @0/ @1/ C1/ @1+ C0+ D3+ B0+ E3/ D5/ D1/ A5/ A6/ D0+ E1/ F1/ G1+ C0/ H4\ H5+ F0+ RESIGN
Trax_3620500 B Line electric streetcar vs. Traxplayer : @0/ @1/ C1/ D1/ D2/ D3/ E2\ D0/ C4/ D0+ F2+ B5+ D6+ F5/ F6/ G2/ G1/ C7/ B7/ H1/ G0/ I3\ I4\ I1/ G0/
Trax_3620501 Traxplayer vs. B Line electric streetcar : @0/ @1/ A0/ @1+ B3+ D2\ C1+ @2\ @2\ B0/ B0+ A0+ @1+ B0+ B0\ A1\ @5+ C0/ D2\ B8+ G10\ H9+ I9\ H10\ H11\ I11\ I12\ J9+ K10+ F12/ H13+ L12+ K13\ K14\ L14\ M14\ M15\ N12+ N11/ N10+ J8/ J7+ K9+
Trax_3620502 B Line electric streetcar vs. ypercube : @0/ @1/ @1+ @1\ D0+ @1/ D0/ E4\ RESIGN
Trax_3620503 ypercube vs. B Line electric streetcar : @0/ @1/ B2/ B3/ C3/ A0+ A4/ @4+ @3+ E1/ C0/ B1+ F2\ F3\ G4/ C6/ G1/ E0+
Trax_3620504 Traxplayer vs. ypercube : @0/ @1/ @1/ D1/ B2/ A0/ B4+ E4+ C5/ E1/ F3+ D1+ A0+ @2\ D0+ @4/ C5/ A2\ RESIGN
Trax_3620505 ypercube vs. Traxplayer : @0/ @1/ C1/ D1/ B2+ A0+ B0+ C0+ A6\ E5+ D6\ B7/ @3\ A2\ D7+ G4\ @4/ A5/ F8\ G6\ @5+ E8/ G9\ A8+ D9+ D1+
Trax_3620506 Charlo vs. Authority : @0/ @1/ A0+ B3+ C2/ @1/ @1/ B3/ D4/ B0/
Trax_3620507 Authority vs. Charlo : @0/ B1/ B0\ C2/ @2\ A1\ C3+ C4/ C5/ C6/ @1\ A0\ A0/ E2/ E1+ F2\
Trax_3620508 Charlo vs. dgb : @0/ @1/ C1/ @1/ C2+ C3/ A0+ C0\ E2\ @5/ D6/ A2\ A1\ @4\
Trax_3620509 dgb vs. Charlo : @0/ @1+ B2/ C1/ C0/ @2/ @3\ D0+ B1+ B5+ C6/ C0+ F4+ C8/ @5+ @5\ A4\ C3+ I3/ H2+ H1/ I2/ J2/ J1/ H0+
Trax_3620510 Charlo vs. Kaisa : @0+ A2/ B2/ A3/ @3/ B0/ B0/ B0/ B0/ D3+ A1+ @7+ C8+ F1/ C0/ F6\ G3+ E9+
Trax_3620511 Kaisa vs. Charlo : @0/ @1/ A0/ @2+ B0/ @3+ B0\ A2/ D1/ B0\ C6/ D3+ E4/
Trax_3620512 Authority vs. dgb : @0/ @1/ @1/ D1/ A0+ A3/ @3/ B0/ A5+ @3+ E6+ G6+ C0/ G1+ E0+ H4\
Trax_3620513 dgb vs. Authority : @0/ @1/ A0/ @1/ B0/ B4\ D3/ E3+ C2+ B5\ D4+ D5/ A5/ C6+ @1\ C0+ @3/ A4+ A6/ B7\ @5+
Trax_3620514 Authority vs. Kaisa : @0/ A0/ B1+ C1/ B0/ A4/ D2/ C3\ @3+ B1+ A0/ @3/ B0/ C0+ G5\ G6\ D8+ E8+ D9/ D10/ E3+ @2+ A1\ H8+
Trax_3620515 Kaisa vs. Authority : @0/ @1/ @1/ D1/ C0\ C0\ D4+ E4\ F4\ F5\ B2+ C5+ C6+ @5/ B6/
Trax_3620516 dgb vs. Kaisa : @0/ A0/ B1/ B3/ B4+ C1+ @2/ A3+ C5/ C6/ E3+ F3/ G2\
Trax_3620517 Kaisa vs. dgb : @0/ @1/ B2/ C2/ B0/ B4\ D3/ C2+ C0+ E3\ A4+ @4+
Trax_3621096 YankeeFan vs. Goonerg : @0/ @1/ C1/ D1/ B2+ D0/ @3\ C4/ B0+ D5+ C6/ C7/ E6+ @7/ C8\ A3\ @5+ H7/
Trax_3621150 Traxplayer vs. Rogue Trooper : @0/ A0/ @2+ @1/ B3/ @1/ A0+ A0/ E3/ A0/ @1\ E6+ A0/
Trax_3621375 ladyvic vs. crow57 : @0/ B1\ A2/ @2\ A3/ @2\ D0/ E2\ @3\ F1/ G1/ F0+ D2\ C3+ @3\ C2+ H0/ I2+ F1\ G0+
Trax_3622523 DINGEROO vs. STrek : @0/ A2\ B2\ A3+ @3+ B4+ B5/ A5/ D3\ C5+ B0\ A2+ @2\ A1\ @3/ A4/ C7/ @6+ C8+ C9/ @7/ B2+ C0\ A5/
Trax_3622589 birddog8560 vs. * :
Trax_3622589 birddog856 vs. * :
Trax_3624057 Charlo vs. Authority : @0/ @1/ C1/ @1/ D0/ B3\ B0+ A5+ B0/ E2\ D0+ @4+ B2+ D7+ B8\ G1+
Trax_3625285 davidmilne vs. Goonerg : @0/ @1/ B2/ @1\ C0/ D1+ D0/ C1+ E2+ B0\ A3+ @3/ @3/ B2+ @2+ B5\ G1/ G0+ C6+ I4/ @3/ E7+ I5+ G7+ G8\ J7+ K6\ J1+ K1/ L1+ M1\ K0/
Trax_3626987 Charlo vs. dgb : @0/ @1/ A2+ C1+ B3/ B0\ @2/ @3\ B4+ F3+ B5+ C6/ D5+ C7/ @4/ A5/ @3+ A2\ C1/ C6+
Trax_3626988 dgb vs. Charlo : @0/ @1/ @1/ A2+ @2\ A0+ @1\ D4/ D0\ A1\ F1/ F0/ F6+ @2+ H3\
Trax_3626989 Charlo vs. jazzbeth : @0/ @1/ A2+ C2/ D2/ A0+ A4+ @2+ D4+ D1+ F4+ D5/ A4/ D6/ B7+ A0/ @1\ B0/ @2\ A1\ C0/ B5+ @5+ C8+ B6+ @4/ I8+ G11/ G12/ B7+ C9+ @4/ B7/ L6/ L5/ K4/ K3+ M5/ L3\ M7\ N7\ K9+ L10/ B8/ A8/ @8+ C9+ G11+ F12+ F13/ A4+ @4/ @4+ L11+ M12+ H14/ E13+ C12/ D14+ B11+ A9+ A3+ @3\ D1\ C2+ A2\ A1+ D0/ B7+ A8+ D0+ E1+ E0/ C1+ F2+ J3/ I4+ M5+ J1/ H0+ K3/
Trax_3626990 jazzbeth vs. Charlo : @0/ @1/ B2/ A0\ @1\ C4/ D2\ E2\ C0\ D2+ F2+ F1/ E0/ F5/ G3+ B2+ B1/ E0/ A5/ @3/ B2+ H6\ H7\ B6/ I6+ C7+ H2/ I2/ J2/ I8/ I0+ K1+ K3+ C2/ D1+ E0\ K8\ B2\ F9+
Trax_3626991 Charlo vs. ypercube : @0+ @1+ A2\ A0\ @1\ @1+ B3+ C0/ D1/ D0/ E1/ E0/ F4+ B0\ A1\ D8\ E6\ B0+ F1/ A4+
Trax_3626992 ypercube vs. Charlo : @0+ A2\ A3+ B3/ @1\ D2\ C0+ C5+ E4+ C6+ E1/ E0/ E0/ F2/ G4+ F7+ G1/ H3\ E0/ D3\ G0+ H2\ I5+ G0/ E11+ B5\ B4+ C4+ B3\ E2+ D1+ A2/ E1+
Trax_3626993 dgb vs. jazzbeth : @0+ A0+ A0+ B3/ @2\ C4/ C5/ A4+ @2\ A0+ @1\ @1\ C0/ C0/ E1+
Trax_3626994 jazzbeth vs. dgb : @0/ @1/ B2/ C1+ A2+ B0\ D3/ D4+ D1+ @3+ F3/ G3+ D0/ H4+
Trax_3626995 dgb vs. ypercube : @0+ @1+ @1/ B2/ B3+ B4\ C4\ C5\ D2+ E4+ D6/ A6+ B7/ F6+ E7\ E8\ F8\ G5\ C8+ C9/ @6/ A7+ @7\ B9+ C10/ C11/ B11/ A11/ @7+ @7/ K4+ L6\ J2/ RESIGN
Trax_3626996 ypercube vs. dgb : @0/ A0/ B2/ A3+ @1/ D2\ B4\ D3+ E4/ F3\ E2+ G2+ D5+ H2\ C6\ H1/ RESIGN
Trax_3626997 jazzbeth vs. ypercube : @0/ @1/ B2/ A2+ A0/ @1/ A0/ @2/ A0/ E4/ E3/ B5/ E2+ E6\ F4+ B6/ B7+ @5+ F1+ A1+ C8+
Trax_3626998 ypercube vs. jazzbeth : @0/ @1/ B2/ C2/ C1+ B0\ B0\ C2/ @3/ C0\ @4\ C3+ C0/ B2+ A3\ @4/ D0/ F1+ B1\ A1+ C0\
Trax_3629624 Authority vs. serenityinwv : @0/ A2\ B2\ C2\ D2+ C1/ B3+ D3\ C4/ E2/ E1/ C0/ F2+ E1\ F5\ G4/ D6+
Trax_3629625 serenityinwv vs. Authority : @0+ B1+ A2\ A0\ @1\ @1+ E3/ A3/ @3+ D4/
Trax_3629626 Authority vs. dgb : @0/ @1/ A2/ C2+ A3/ D1\ E1\ D3+ B4\ F3\ E4/ A0\ @2/ E1+ D0/ G2/ G1/ H3\
Trax_3629627 dgb vs. Authority : @0/ @1/ B0/ @1+ C0/ @2/ E2+ C0+ A2+ B5/ C0/ C0/ C0/ F5\ G5\ D8+ D9/ D10/ F7+ B9+ H5\ E4+ H8\ E9+ I7\
Trax_3629628 Authority vs. *Leo The Lion : @0/ B1\ A2/ A3+ @1+ @1/ D3/ A3/ @3/ A4/ C5+ E4+ B6+ E6\ F6+ @3+ B1/ A5+ A1\ RESIGN
Trax_3629629 *Leo The Lion vs. Authority : @0/ @1/ B0+ @2+ B3+ D1+ C0+ @3+ E4\ D5/ F3+ G3\ F5+ E1/ E0/ F7/ B5/ C7+ A6+ H5+ G7+ D8+
Trax_3629630 Authority vs. Traxplayer : @0+ B1+ A0/ A3/ C2\ @2+ B0/ B0/ B0/ D4+ E2+ E4+ F4\ G4/ H4/ I4/ F1+ F0/ F0/ G2\ G5+ C0/ H3\
Trax_3629631 Traxplayer vs. Authority : @0/ @1/ B0+ B0/ B4+ @2+ D2+ D4\ E3+ A1\ C0/ C0/ @4+ C2+ D0\ G5\ E8+ E9/ E10/ E11/ C8+ B7+ F4+ E1+ @5/ B7+ C9+ B8+ H1+ I1\ G0+ E1\ E0+ E0/
Trax_3629632 serenityinwv vs. dgb : @0+ B1+ A2\ A0\ A0\ A0+ C4/ D4/ A0/ B4+ @4\ E6\ D7/
Trax_3629633 dgb vs. serenityinwv : @0/ A2\ B2\ B3\ B4+ C3/ B1/ C1/ D3\ D4\ C0/ D2/ E5\ C0/ D7+
Trax_3629634 serenityinwv vs. *Leo The Lion : @0/ B1\ B2\ C2+ @1\ B0/ D4/ E1+ D0/ D0/ E2/ B1\ A1/ B0/
Trax_3629635 *Leo The Lion vs. serenityinwv : @0/ A2\ B1/ B0/ @3\ @3/ C4+ D4/ E2\
Trax_3629636 serenityinwv vs. Traxplayer : @0/ @1/ B0\ @2\ A1\ @1\ A0\ D4\ E4\ A4/ @3\ D5/
Trax_3629637 Traxplayer vs. serenityinwv : @0/ A0\ @2\
Trax_3629638 dgb vs. *Leo The Lion : @0/ @1/ @1/ C2\ D2\ D3\ @2+ C0+ F3/ F2/ C0/ E2+ F6/ @4\ A5+ B2\ B1\ B0\ @6/ A8+ B1\
Trax_3629639 *Leo The Lion vs. dgb : @0/ A0/ B1+ A3+ C2/ @2\ D4\ E1\ F3+ F4\ F1+ F5\ G2\ C6/ B6/ F7\ G7\ E8+
Trax_3629640 dgb vs. Traxplayer : @0/ @1/ @1/ @1/ B0/ D3+ D1/ E1/ D4/ A5+ @4/ @3/ G0/ H4+ C0+ RESIGN
Trax_3629641 Traxplayer vs. dgb : @0/ @1/ B0+ @2+ A0/ B4\ B5\ @1+ E2\ @2\ A0/ D1/ B0+ F3+ G4+ E6+ H3/ H2/ D1/ C0\ D9/ C7+ B8\ G7\ RESIGN
Trax_3629642 *Leo The Lion vs. Traxplayer : @0/ @1/ B2+ B0\ B4/ C2+ D3/ E2\ B0\ B6/ @3/ B7+ D1/ C0\ E1+ G4+ @4/ C2+ I4/ I0+ J4+ C1/ RESIGN
Trax_3629643 Traxplayer vs. *Leo The Lion : @0/ @1/ B0+ C1+ B3/ @2+ B0/ A4/ @1\ C0+ A5/ RESIGN
Trax_3629644 Charlo vs. Pegasus : @0+ @1/ A2/ C2\ A3/ C3+ A4/ B5/ @3+ B5/ B0+ D2+ E4+ @5\ E7+ F2\ F6+
Trax_3629644 Charlo vs. Wife of a Maverick driver : @0+ @1/ A2/ C2\ A3/ C3+ A4/ B5/ @3+ B5/ B0+ D2+ E4+ @5\ E7+ F2\ F6+
Trax_3629645 Pegasus vs. Charlo : @0+ B1+ B2/ B0/ C1/ D1/ A1+ A0\ C0\ D5\ E4/ C6/
Trax_3629645 Wife of a Maverick driver vs. Charlo : @0+ B1+ B2/ B0/ C1/ D1/ A1+ A0\ C0\ D5\ E4/ C6/
Trax_3629646 Charlo vs. Kaisa : @0/ A0/ @2+ @2/ @2/ D0/ B4+ C5/ C6/ C7/ D4+ E1+ F3+ G3/ H3/ C0\ B3+ D0/ E1/ F1+ E0+ C0+ B3/ A4\ @6/ @6+ B8+ B9/ A9/ @9+ C10+ A4\ C3+ @6+
Trax_3629647 Kaisa vs. Charlo : @0/ A0+ @1/ C2\ B3/ B4/ A4/ @3+ A0/ @5\ C6/ C7/ C8+ C1/ B0\ A1\ E6+ E2+ A3+
Trax_3629648 Charlo vs. ypercube : @0/ @1/ A2/ C2/ C3+ D2/ E2/ E1/ A4/ RESIGN
Trax_3629649 ypercube vs. Charlo : @0+ @1+ B2\ @1+ C3\ A2/ C0/ D3\ A5+ E1/ C0/ C7+ A2\ @5\ B0\ A1\ E8\
Trax_3629652 Pegasus vs. ypercube : @0+ A2+ A0/ A4+ A5\ B1/ B3\ @4\
Trax_3629652 Wife of a Maverick driver vs. ypercube : @0+ A2+ A0/ A4+ A5\ B1/ B3\ @4\
Trax_3629653 ypercube vs. Pegasus : @0+ @1/ A0\ @2/ B0\ A2+ D3+ E3\ C1/ C0/ D5/
Trax_3629653 ypercube vs. Wife of a Maverick driver : @0+ @1/ A0\ @2/ B0\ A2+ D3+ E3\ C1/ C0/ D5/
Trax_3629654 Kaisa vs. ypercube : @0/ A0/ @1/ A2+ B0\ @2/ B1+ C4\ D2/ D0/ E1/ B1\ D0+ E4+ F2+ G2\ H3/ G4+ F6+ H1\ I3/ I5/ C7/ A6+ E0/ F2+ F1/
Trax_3629655 ypercube vs. Kaisa : @0/ @1/ B2/ C1/ D2+ C3\ E2/ C4/ A3\ E0\ @3+ F4/ G2\ H3+ A1\ @2+ @2\ A1\ I0/ RESIGN
Trax_3633627 Kaisa vs. dgb : @0/ @1/ A0/ @2+ B0/ B4\
Trax_3633628 dgb vs. Kaisa : @0/ @1/ @1/ A0/ @2/
Trax_3633629 Kaisa vs. Authority : @0/ @1/ A2+ A3/ A0/ C2/ @1\ B0/ C5+ C6/ C7/ C8/ B8/ E5/ D6+ F5/ E4/ @3+ A4/ B5+ G7+ H7\ I6+ E9+ F9\ H10/ E10/ A7+ @6+ K6\ L7/ M6\ N7/ K5+ I4+ M8+ N4+ I3/ O5+
Trax_3633630 Authority vs. Kaisa : @0/ @1/ A2+ A3/ @2/ D1+ B4/ C3+ E1/ E2+ F3/ G1/ G0+ E5+ B6+ G5\ F6/ H3\
Trax_3633631 Kaisa vs. GringoNZ : @0/ @1/ B2/ A2+ C1\ B0\ @2/ C4/ C5/ A5\ C0\ E3+ B7\ D7\ D8\ @6+ A8+ F9/ B10/ A10/ E1/ D0\ G7+ H5/ H4/ G3/ RESIGN
Trax_3633632 GringoNZ vs. Kaisa : @0/ @1/ A2+ C1/ @2/ A3/ A4+ @3+ D0+ D0/ D0/ F5\ F6+ F7/ E6/ B4+ @5\ @5\ E2+ RESIGN
Trax_3633633 dgb vs. Authority : @0+ B1+ C1/ C0/ B0/ A4/ A1\ @1+ B0/
Trax_3633634 Authority vs. dgb : @0/ @1/ A0/ @2+ @2/ C0\ C0\ @4+ A3/ D0\ A6+ C3+ A3+ E2+ D6\ @6/ @6/ A7/ E0/ D1+
Trax_3633635 dgb vs. GringoNZ : @0+ B1/ @1/ A2/ B3+ B0/ B5/ @4+ B6+ B7\ C0/ C0/ D1/ A4+ D7\ D8+ E3+ E5+ F1/ F5\ G3+
Trax_3633636 GringoNZ vs. dgb : @0+ B1+ A0\ B3/ B4/ @3\ D4\ D5\ A5\ E3+ E2/ E1+ RESIGN
Trax_3633637 Authority vs. GringoNZ : @0/ @1/ A2+ A3/ @2/ D2/ B4/ C0\ C0\ E4/ B2+ B0/ D6+ B8/ A2/ @3\ F4+ G6\ F7/ B6+
Trax_3633638 GringoNZ vs. Authority : @0/ @1/ B2/ C2/ B3/ B0+ @2\ B0/ D2\ A4+ B0/ B0/ A1/ A0/ E6/ D2+ E2+ E1/ F8+ C9+ G7/ A3+ @4+ @5+ H2+ H3+ I6/ H4\
Trax_3634650 serenityinwv vs. GringoNZ : @0+ B1+ B2/ B0/ C1/ D1+ C0\ D4\ A2+ B5\
Trax_3634651 GringoNZ vs. serenityinwv : @0/ A2\ B1/ B0/ @2+ D1\ B0\ C4+ D3\ E3\ E4\ E5\ E6+ F5/ B6/ A6\ B7\
Trax_3634654 serenityinwv vs. ypercube : @0+ @1+ A2\ B0/ A4\ B5/ A6\ @4+ D5\ @3/ F4/ A6/ @5/ B7\
Trax_3634655 ypercube vs. serenityinwv : @0+ A0/ A3\ B1/ @3\ @2/ D0/ C5\ E2+
Trax_3634656 GringoNZ vs. Kaisa : @0/ A0/ @2/ @1/ C3/ D2/ E3/ C4+ E5/ F3\ F2/ G2\
Trax_3634657 Kaisa vs. GringoNZ : @0/ @1/ B2/ A2+ B0/ @1/ A3/ A4/ A5/ D3/ D1/ @3\ @4+ B6+ G2+ A2/ RESIGN
Trax_3634658 GringoNZ vs. ypercube : @0/ A2+ A3/ B1/ B0\ A5/ C2+ B0\ @5/ B7\ C5+ E3/ E4+ D6+ C0\ D3+ B2+ A4+ C0+ C0\ C0\ E3+ F4+ G5/ E2+ G3+ H3/ G2/ F6+ I3/ I2/ J4\ H1+
Trax_3634659 ypercube vs. GringoNZ : @0/ @1/ B2/ A2/ B0+ B0/ C1/ D1+ C0+ @4+ @5\ @5\ D2+ F0/ E1+ B7+ RESIGN
Trax_3634660 Kaisa vs. ypercube : @0/ @1/ B2/ B3/ C1+ C0/
Trax_3634661 ypercube vs. Kaisa : @0/ @1/ B2/ C1/ D2+
Trax_3634662 dgb vs. Authority : @0/ @1/ A2/ C2+ A3/ A4+ @2+ @2/ @3\ D0+ D0/ D0/ B4+ C2+ G4/ F3+ G1/ D0/ C0+ B1\ A1+ A0\ A6+ @5/ A4+
Trax_3634663 Authority vs. dgb : @0/ @1/ B0+ @2+ @1/ A0+ C4/ C5+ C0+ D1/ E2+ @3/ B5+ @4\ B1+ @5/ B6\ A1+ @2\ C0+ F1/ E0+ E0/ E0/ E0/ G3+ C12/ B12/ B13/ A13/ H3+ @8+ A9/ @10\
Trax_3634664 dgb vs. Traxplayer : @0+ B1+ C1/ C0/ B0/ D3/ C4/ C5+ C6/ A2+ E4+ B6/ A6+ C7+ E6+ F6\ E7\ E8\ F8\ G6/ E2/ RESIGN
Trax_3634665 Traxplayer vs. dgb : @0/ @1/ A0/ @2/ A0/ A0+ @1+ A0\ @1\ @1+ D6+ B5/ C6+ A4+ RESIGN
Trax_3634666 Authority vs. Traxplayer : @0+ B1+ B2/ A0\ C2\ C4+ @2/ D5/ E3+ @2\ @2\ @2\ D0/ I4\ G7/ E5+ C4+ @3+ F0\ G3/ D3+ H2/ I3\ J3\ K5\ E0+ I2+ RESIGN
Trax_3634667 Traxplayer vs. Authority : @0/ @1/ A0/ @1/ A0/ @1/ A0/ A3+ @2\ @2\ F5/ G5/ G6/ F6+ H5\ G7/ E6\ D5/ G8/ D1+ D0/ E1/ E0/ F4+ E0+ B6/ RESIGN
Trax_3637632 Authority vs. ypercube : @0/ @1/ A2+ C1+ D2/ B3+ @2\ F3\ F4\ E0\ G5+ H4+ I4\ I5\ G6/ D5/ G7+ J5\ I3+ K7\ I8+ I9/ I10/ I11/ B5\ @4/ A5/ D6+ D7\ E6+ F7+ G8/
Trax_3637653 Charlo vs. PK : @0/ B1+ C1/ B0+ B3+ B4/ @4+ C0/ E1+ C0\ B1\ C7\ D7\ @5\ A4\ A3\ G3/ E8+ D9\ @4+ H4\ I3/ G5/
Trax_3640277 JiffyJeff vs. Goonerg : @0/ @1/ C1/ @1/ E1/ B2+ D0/ D0+ E1/ E0/ F1/ A1+ F5\ C0/
Trax_3640465 dreamflight vs. * : @0/
Trax_3640712 drgnrdr vs. Charlo : @0/ A0/ A3/ B3/ @2/ A0/ B5/ C2+ A4+ D2/ @5\ E5+ A6/ F3/
Trax_3640824 Hoosierenvy vs. Charlo : @0+ A2/ @2/ C2\ A3+ B4/ B0+ C5\ B6/ D4+ C2+ E3+ @3/ F5\ E6/ G4/
Trax_3641761 drgnrdr vs. Lindap957 : @0/ @1+ B2/ C2/ D2/ A3+ @1\ B0+
Trax_3643527 Lady Mac vs. Charlo : @0/ @1/ B0+ @2/ C0\ C4+ D4/ C5/ D3+ D1/ C6\ D0\
Trax_3644950 drgnrdr vs. mexicanfury : @0/ @1+ A0+ @2+ @2\ B1\ B0\ A2\ @2\ B1\ A1+ C0+ E2+ @2/ E5/
Trax_3646626 Rogue Trooper vs. Dragon101 : @0+ A0/ B1\ A3/ @3/ @3/ @3+ @3/ A4/ D1+ C0+ A6/ D1+ @5+ B1+ D0/ C1+ F6/ A2/ @6\ E6+ D8+ F7+ H7+ I3\ H2+ C9+ H1+ E0/ F10+ G1/ G0/ J4+ I3/ A6+ K5\ J8\
Trax_3646770 Authority vs. Traxplayer : @0/ @1/ A2/ B3+ C1/ C0/ D4+ B5/ B6/ @1+ D0+ F3+ G3/ @3/ H4+ D0+ H6\ RESIGN
Trax_3650684 Sea Breeze vs. Goonerg : @0+ A0+
Trax_3650698 Charlo vs. rabbitoid : @0+ B1\ B2\ A0/ C3+ A4+ @2\ C0\ E2+ B0/ E0+ F4/ A1\ @1/
Trax_3651172 Authority vs. Traxplayer : @0/ @1/ B0+ @2+ B0/ B4\ D1\ E1\ F1\ C0+ C0\ C0\ C7+ D6+ F7/ B3+ @4+ D8+ C0/ B1+ F3+ H8+ A1/ @5\ G2/ RESIGN
Trax_3652633 * vs. birddog856 :
Trax_3652633 * vs. birddog8560 :
Trax_3659392 JiffyJeff vs. YankeeFan : @0+ A2+ B1/ @1\ A0\ A0+ @1\ A2+ B0+ A0+ E4+ @1\ C6+ D7/ A4\ A5+ D8/ E7+ @5/ C7+ G8/ A8/ RESIGN
Trax_3660009 ladyvic vs. crow57 : @0/ B1\ B2\ C2\ A2/ C3+ @1\ B0/ @3+ B4+ D5/ E5+ D6/ C6+ C7/ D7+ F4/ C8+ B8/ G4/ @2/ B1\ B0\ A1\ @2\ C0+
Trax_3662339 Linda Sue vs. Appollo : @0+
Trax_3662394 jaha vs. Authority : @0/ @1/ A0/ @1/ B0/ C2/ D3+ D4\ C1/ C0/ E2+ B6/ A5\ @2+ A0+ E1+ F6\ G3\ D8+
Trax_3663905 Kaisa vs. jazzbeth : @0/ @1/ A0/ @1/ B0/ @1/ C0\ D1\ C0+ E2+ D0+ D0/ A4+ B2/ E7+ D8/ F4/ G1+ F0/ A3\ @5+
Trax_3663935 rabbitoid vs. YankeeFan : @0/ A0/ A3+ @3/ A2+ @2\ C0+ D3+ @1\ C0/ A5/ C6/ @3/
Trax_3664126 Dragon101 vs. GringoNZ : @0/ @1/ A0/ @1/ A2/ @1/ B3/ D4/ D5/ D1/ C5/ A0/ A4/ @2\ C5+ F5+ G2+ H3/ C1+ H5\ D7/ I5/
Trax_3667216 Lorraine of the Renegades vs. * : @0/
Trax_3667250 Goonerg vs. Lindap957 : @0+ A2\ @2+ @2+ B3/ B4\ A1/
Trax_3668947 Goonerg vs. Charlo : @0/ B1+ A2/ C2\ B3/ @2/ @2/ A3/ B4+ @4\ F4+ D5/ B5+ @3/ B0+ @1+ D7+ D0+ C1\
Trax_3669115 davidmilne vs. Nukkle Dragger : @0/ A2\ B1/ B0/ B0+ C1\ D2/ C4/ E4+ E5\ F5\ D6/ F2/ C6/ G3\
Trax_3670638 jazzbeth vs. birddog856 : @0/
Trax_3670638 jazzbeth vs. birddog8560 : @0/
Trax_3670647 Red Arrow vs. Traxplayer :
Trax_3672018 YankeeFan vs. hexkid : @0/
Trax_3673178 Goonerg vs. TBD : @0/ A2\ B2\ B1+ B0/ C1/ D1+ B4\ C0/
Trax_3673349 Authority vs. ypercube : @0/ @1/ A2+ C2/ C3/ A3/ @3+ E2/ C4+ C5/ D5/ F3\ F4\ G4\ G5\ C6/ D7/ G1+ H1/ A4+ F0\ D2+
Trax_3676324 Goonerg vs. Traxplayer : @0/ @1/ A2/ B3+ C1/ C0/ D4+ E3+ C5/ A0+ @2+
Trax_3676403 Charlo vs. golfnutrof : @0+ A2/ @2/ B0/ B0/ @4+ D4/ D5+ D6/ E5+ @4\ C7+ B7/ B8/ @8+ D9\ E9\ F9\ G6+ G9\ H6/ F10+
Trax_3677896 rabbitoid vs. Linda Sue : @0/ B1+ B2\ B3\ C1/ B0\ @2/ B0/ @1+ @1\ C0+
Trax_3678117 YankeeFan vs. GringoNZ : @0/ @1/ C1/ B0\ C3\ D2/ B4+ C5/ C6/ A5+ D4+ A7/ @6+ E7\ F5/ D8/
Trax_3679520 Christeeny vs. Rogue Trooper : @0/ B1+ @1\ A0\ B1+ C3\ B0\ C5\ D4/ A5/ B6/
Trax_3679524 davidmilne vs. supermac : @0/ B1\ A2/ B2+ @2\ A1+ A0+ @2/ C0\ D2+ @3/ F4+ B1\ B0\ F2\ D1+ G3/ G0+ H4/ @4+ D1+ G0/ G8/ J7+ J8\ J9+ K7/ K9+ L9\ L10\ M7+ H10/ RESIGN
Trax_3679541 jaha vs. golfnutrof : @0/ @1/ @1/ C0/ A0/ @1/ B0/ B0/ @1+ A0\ A5/ @5/ E4+
Trax_3679632 GringoNZ vs. dgb : @0/ @1/ B0+ @2+ A0/ B4\ D2\ @2+ @2/ G2\ E1/ G4+ E5\ D6+ C5/ E0/ D8/ C7/ B7/ RESIGN
Trax_3680900 GringoNZ vs. dgb : @0/ A0+ @2+ @1+ C3+ A0\ B0\ C1+ D5\ E4\ C0/ C0\ C0\ D2\ D0\ E5\ D6+ E1+ F4\ D0+ C2+ B2\ C1\ C0\ B1\ A1+ C0+ B5+ A6+ @10+ A11/ A5+ A7+ @8\
Trax_3681389 JiffyJeff vs. jazzbeth : @0/ @1/ A2+ C2/ @2/ @2/ @2/ D3/ G2/ H2/ C3/ H3\ RESIGN
Trax_3681475 purplehawke MIA 1 vs. Traxplayer : @0+ B1+ C1/ @1\ A0\ A0/ @2\ E4/ E5/ F4+ C5/ E6/ E7/ @5/ B6+ D8+ @5/
Trax_3682671 FrostyColdOne vs. mcinturff : @0/ B1+ @1\ A0\ C1+ B0+ @1\ A0\ C1+ E3/ D2/ E2+ E4+ E1+ D0/ C1+ F4/ D6/ F6+ A1/ @1\ A0\ H6\ E1/ I5/ F2+
Trax_3683007 * vs. itb4me2 :
Trax_3683453 Miss Traven vs. Christine : @0/ A2\ B1/ B2+ C1\ B0/ D1/ D0/ C4+ B5/ D4\ E3/ E1/ D5+ B6/ D6+ E4+ F1/ C1+ F0+ G2\ G3\ H3\ G4\ E7\ F0+
Trax_3684599 Goonerg vs. Dragon101 : @0/ A0/ @2/ @1+ C0/ @3\ C4/ C5/ E5+ C6/ F3+ @4+ D7/ A8+ @5+ G8+ E9/
Trax_3686499 jaha vs. dgb : @0/ B1/ B0\ C1\ B3+ @3\ B4\ C0/ B6\ D5+ @5+ @5\ @5\ B6+ E2+ C3+ @3+ B2\ B1\ A1\ @4\ D0+ E1/ F1+ D0+ G2/
Trax_3686585 ladyvic vs. crow57 : @0/ A2\ B1/ B0/ B3\ C3\ D3\ C1/ E3/ E2/ D0/ F4+ F5/ C5/ B5/ D6\ C7\ E6+ D7\ D8/ E1/ F1/ G3\ C8+ C9\ H2\ H4/ I4/ F6+ E0+ G7/ F8+ B2/ @3+ B8/ A7/ @4\ A5+ B8/ @8/ B9+ B10/ A10/ @8+
Trax_3690092 jaha vs. GringoNZ : @0/ @1/ A0/ B1+ @2\ B3\ D1\ @2\ B3+ C0/ C0/ F3\ G3\ E2+ D0+ G6/ G7/ H3/ H2+ I4\ I5\ D0/ F1+ D0\ C3\ B2/ J5+ J4/ J3+ I2/ K3\
Trax_3690114 YankeeFan vs. Traxplayer : @0/ @1/ C1/ D1/ B2+ A0+ C0+ C0/ E2+ F2\ F4+ G3+ H3/ I3/ H4+ C6+ H5\ I6/ H2+
Trax_3691438 drgnrdr vs. DINGEROO : @0/ A2\ B1/ @2\ D1\ D2\ E2\ E3\ E4+ F3/ F1/ E0\ F5+ @3/ H4+
Trax_3691502 PK vs. drgnrdr : @0/ @1/ A2/ @1\ B0/ B4/ D3+ E3/ F2\ E4+ F1/ G3/ A5/ @3+ C5+ E6+ C6+ H1/ I1/ G0+ E8/ I4+ @4/ B7+ G0/ K2\ D1\ I7+ C2/
Trax_3691620 JiffyJeff vs. Charlo : @0/ A0/ B1/ C1+ A3\ A4\ @3\ B0+ @3\ A4+ D5\ E5/ F3\ C0\ A2\ @2+ A1\ C0/ D0\ B0+ B0/ D2+ E5+ F4+ G2+ G1/ F0+ @5/ RESIGN
Trax_3697392 YankeeFan vs. Lorraine of the Renegades : @0/ B1\ B2\ C1\ D1\ E1\ D2+ F2\ C0+
Trax_3697470 Rogue Trooper vs. tburgoon : @0+ @1+ @1/ D1\ D2\ B2/ D3+ E2+ A2+ F2\ C0/ B4+ F1/ F4\ G2\
Trax_3697494 Appollo vs. * :
Trax_3697845 *Leo The Lion vs. GringoNZ : @0+ B1+ C1/ C0/ B0/ D2+ B4\ C1+ C0/ D1/ D0/ E4+ B1\ A4+ B0/
Trax_3697846 GringoNZ vs. *Leo The Lion : @0+ B1+ A2/ C1+ A0\ @2/ @2/ B3/ B4/ A4/ D4\ E1/ D5/
Trax_3698616 Rogue Trooper vs. Sea Breeze : @0+ A2+ A0+
Trax_3700129 Goonerg vs. golfnutrof : @0/ @1/ B0/ @2/ D2+ D3\ @3\ F3+ F4\ G2\ F1+ G5/ C4+ @3\ C0+ F1+ F0+ @3+ A1+ F0+ H9+ A7/ E8/ @6\
Trax_3705200 Izeul vs. GringoNZ : @0+ B1+
Trax_3705201 GringoNZ vs. Izeul : @0/ A2\ B1/
Trax_3705202 Izeul vs. dgb : @0/ @1/
Trax_3705203 dgb vs. Izeul : @0/ B1\ A2/
Trax_3705206 Izeul vs. ypercube : @0/ A0/
Trax_3705207 ypercube vs. Izeul : @0/
Trax_3705208 GringoNZ vs. dgb : @0/ @1/ A2+ C1+ A0/ B4\ D3/ @2+ B0/ B0+ D3/ F4/ G4/ D6+ F3+ E2+ D1\ H3\ I3\ E7\ F6+ C0/ I6\ J6\ E9/ D9/ F2+ C0/ D11/ C11/ B9/ A9/ B2+ C0/ C0+ G2+ F1/ G6+ H5+ I11+
Trax_3705209 dgb vs. GringoNZ : @0+ A2/ A0\ @1\ B0\ @3/ C5/ D4+ D2+ C0/ C7+ C0+ E5\ E7+ E4/ F4/ G3\ B1+ C0/ C10/ C0\ B1\ G4/ H6/ B11/ A11+ A3\
Trax_3705210 GringoNZ vs. Kaisa : @0/ @1/ B0+ @2/ @1/ C0+ @1/ C0/ F3/ G3/ D5+ A3+ E6/ F5\ B5\ B6/ C7/ A5/
Trax_3705211 Kaisa vs. GringoNZ : @0/ @1/ A0/ B1/ C2/ A0/ @3+ D4/ E3/ D5+ D6/ @1/ G5+ B4\ A3/ B5+ @4\ D7+ @5/ A6+ A2\ @3\ B1/
Trax_3705212 GringoNZ vs. ypercube : @0/ @1/ A2+ B0\ @2/ C4/ C5/ @2/ @2/ E6/ F6/ C6/ C7/ F7/ G7+ G5/ H5/ H1+ RESIGN
Trax_3705213 ypercube vs. GringoNZ : @0/ @1/ A0/ B1+ B0+ @2/ D2/ E1\ F2/ E0+ D0/ C6\ D6\ G6+ RESIGN
Trax_3705214 dgb vs. Kaisa : @0+ A2/ B1\ A3/ @3/ B0/ B0/ B0/ D4+ E4\ @4\ RESIGN
Trax_3705215 Kaisa vs. dgb : @0/ @1/ A0/ @2+ B0/ B4\ A4+ @4/ A5/ @5/ D6+ E6\ F3/ B7\ RESIGN
Trax_3705216 dgb vs. ypercube : @0+ @1+ @1/ B0+ C3/ B0\ B5/ @3/ @4\ C2+ C0/ @3\ A2\ D6+ B7+ A6/ @6/ A7/ D8/ @5+ B3+ G0\ I5\ H7+ B2\ A2\ A1\ B0+ C2/ E2\ D1/ RESIGN
Trax_3705217 ypercube vs. dgb : @0/ A0/ B2/ A3+ @2+ D2\ C4/ D3+ C5/ A4/ D6\ E6\ @4+ A5/ A6/ A7+ @6\ G3\ H4+ F7+ C8/ I4\ I6+ J4/ J3/ F1/ G1/ F8+
Trax_3705218 Kaisa vs. ypercube : @0/ A0/ @1/ B0+ B4/ C1/ A3+ C4+ D3+ B0+ C0\ A1/ @1/ E1\ C0/ D0+ D9/ A5+ F6/ F5+ D0\ A2\ @4/ @5\ H4+ D1\ H1/ RESIGN
Trax_3705219 ypercube vs. Kaisa : @0/ @1/ B2/ C2/ D2/ B3+ A3/ C4\ E2+ F2/ G2/ F3+ D1/ G0+ F0+ A6/ A7+ @3/ E2+ F6+
Trax_3705220 jaha vs. Charlo : @0/ A0/ B2/ A0\ @3+ C2/ @3\ D0+ C0/ E3\ D6+ C0/ F4+ B4+ E2+ G2+ B2\ B1+ @2\ A1\ H4+
Trax_3705221 Charlo vs. jaha : @0/ A0/ B1+ @2\ C3+ C0/ D4\ D1/ E4\ C5/ C6/ A6+ @6\ B7+ C8/ D8+
Trax_3705222 jaha vs. Authority : @0/ @1/ A0/ @1/ A0/ @1/ A0/ A3+ @2\ @2\ @2\ B1/ F5/ @1/ C3+ A0+ H7\ I7\ F7/ H8+ H4+ H3/ E5\ H2+ A5/ D6\ @5\
Trax_3705223 Authority vs. jaha : @0/ A0/ A3/ A4/ @3+ C4+ D3+ B0/ E2+ E0+ C7\ D7\ E7+ C8+ F5/
Trax_3705224 jaha vs. Traxplayer : @0/ @1/ A0/ @1/ A0/ @1/ A0/ @1/ B0+ D6\ C6\ B6\ C1\ D3+ A5\ B0/ B0/ B0/ A1+ @5/ A6/ @4\ F3+
Trax_3705225 Traxplayer vs. jaha : @0/ A0/ @1/ C1\ B3/ A3/ D1\ B0+ @3/ C5+ D3+ F3/ E4\ F1+ D0+ C0/ D8\ E7+ G4\ F7/ H4\ G2+ I2+ E1+ G7+ G8\ I6\ H7+ J4\
Trax_3705226 Charlo vs. Authority : @0+ B1+ A2\ B0/ C1/ D2/ C3+ B4+ B0+ A1\ A0\ @4+ A0/ @3+
Trax_3705227 Authority vs. Charlo : @0/ A0/ B1+ @1\ B0/ B0/ D2+ E1\ B0/ D0+ C0/ A4+ F4+ C0/ @6\ C9/ @8+ @6+ D3/ C4+ B4\ B2+ @7+ B5+ A5\ B3+
Trax_3705228 Charlo vs. Traxplayer : @0/ @1/ B0+ @2+ B3/ B0\ @3/ @4\ @3/ E5+ E6/ D5+ G4+ E7/ H4+ @5/ A6/ @5\ B3+ B2\ C1+ A3+
Trax_3705229 Traxplayer vs. Charlo : @0/ @1+ @1\ C0/ D1/ A0+ B4/ C4+ E4+ F3\ D5+ F1/ C5+
Trax_3705230 Authority vs. Traxplayer : @0/ @1+ @1\ A0\ @1\ D0+ C0+ @2+ F2/ F1/ D5\ G1+ G0/ E7/ C1/ G0/ H3+ A1+ @3/ D0/ E1/ J2/ J1/ K3\ K4\ J0/ K6\ RESIGN
Trax_3705231 Traxplayer vs. Authority : @0/ @1/ C1/ D1/ B0/ D3+ @2\ @2\ D4+ C0+ B1\ B0\ A1\ E2\ @1\ C0/ @5/ A6/ H3\ I3\ J3\ G8/ G9/ E9\ C0+ @3+ B2\ @3/ @7/ D8/ B9+ A9/ A10/ @7+ @5+ D2\ RESIGN
Trax_3706224 Traxplayer vs. dgb : @0/ A0+ A0\ @2\ @2\ A1\ @1\ A0\ @1\ D0+ A6/ @2\ @5+ B6/ @3+ F0/ RESIGN
Trax_3709305 csain1 vs. jaha : @0/ A0/ A0/ A0/ B2+ @1+ A0\ @4/ E3/ F3/ G3/ D1+ A1\ @1\ D0+ D0/ F7\ E8+ H2+ I5/ B7+ B1+ B0/ @5/ B6+ A2\ A1\ @4\
Trax_3709315 Lindap957 vs. drgnrdr : @0+ @1\ B2+ B0+ C1\
Trax_3709449 * vs. Izeul :
Trax_3710849 Judy vs. Goonerg : @0/ A0/ @2+ B3\ C3\ @2\ B3/ B4/ D2/ E3\ B0/ D2+ A0\ @3/ E2+ F2/ A7/ @5+ E1/ E0/ C9\ D9\ E8\ A3\ B10/ @4/
Trax_3711111 Dragon101 vs. YankeeFan : @0/ A0/ B2/ A3+ C2/ D2/ A0/ B5/ B2+ @2+ E1/ F2\ C0/
Trax_3712567 Traxplayer vs. JiffyJeff : @0/ B1/ A0/ B3/ C3/ C4/ D4/ C5/ D6+ E6\ B6\ E7/ A5+ A6+ F6/ G6/ F7+ F5/ D7/ @6+ E3/ H5/ G4/ A4\ E8+ I7/ F9/ A7+ A3+ C1/ C0/ D1/ C9+ @8/ G3/ H2\ I1/ I4+
Trax_3715268 Traxplayer vs. Dragon101 : @0/ A0/ @1/ A2/ B3+ C1/ C0/ D4+ D5\ E1+ D6/ E4+ E0/ C1+ F3+ F2/ A0\ @3+ H6\ H7\ H8\ H9+ I5/ H4+ G10+ H2/ RESIGN
Trax_3716563 jazzbeth vs. Rogue Trooper : @0/ A0+ A0\ @3/ A4/ @1+ @2+ B5+ C0/ E2+ F2/ F3+ E5\ F6/ G2+ @3+ C0+ H2/
Trax_3718499 Kaisa vs. YankeeFan : @0/ A0/ @1/ B0+ @2/ D3\ D4\ A3/ E3+ C4+ E5/ F5\ F6\ D6+ G4+ G3+ H3/ D7+ A0\ @3+ I7\ G8\ J5+
Trax_3719906 hexkid vs. * :
Trax_3719910 golfnutrof vs. jazzbeth : @0+ B1/ @1/ B0/ C1/ D2/ C0/ D4\ E4\ C0+ A1+ @1/ B0+ E3+ A5+ @2/ D6+ D7/ C8\ B8+ @6+ @5/ I4/ J7/ D1+
Trax_3720077 Dragon101 vs. Traxplayer : @0/ @1+ B0/ B0+ C2/ @2\ C0/ @3/ A4/ B5+ F1/ RESIGN
Trax_3721228 tburgoon vs. drgnrdr : @0/ A0/ B2/ B3/ @2+ B3/ A0\ @2/ D2+ C0+ D2/ E2/ E1/ B0/ F2+ E5+ A3+ A1\ B0/ @4+
Trax_3722841 drgnrdr vs. Goonerg : @0/ A0/ @1/ A0/ B4/ A3+ @1/ D2+ D1/ E1/ C0\ E5\ A5/ F4/
Trax_3726989 Kaisa vs. dgb : @0/ @1/ A0/ @2+ B0/ B4\ D3/ C4+ C5/ E3\ B0\ C7/ D6+ D8+ E8\ D9/ C1/ C0/ B9+ @3+ RESIGN
Trax_3726990 dgb vs. Kaisa : @0/ @1/ @1/ A0/ @2/ C1/ C0/ D1/ D4+ E1+ A0+ @4+ C6+ @1\ B0/ E8/ C0/ RESIGN
Trax_3731568 davidmilne vs. Goonerg : @0/ @1/ B2/ A0\ @2/ D1\ E2/ F1\ D4+ B0+ G3/ B0/ D0+ B7/ RESIGN
Trax_3731569 Goonerg vs. davidmilne : @0/ @1/ B2/ A0+ A0/ C2\ A0/ @4/ A5/ A1\ @5/ B0/
Trax_3731570 davidmilne vs. ypercube : @0/ @1/ B2/ B3/ C2+ B4/ A4/ A5/ @2+ @3+ F4+ E6\ B6+ F1\ G2/ D7+ G0/ H2\ @4/
Trax_3731571 ypercube vs. davidmilne : @0+ A0/ A3\ B3\ B4\ C4\ C5\ D5\ @5+ A6/ @6/ RESIGN
Trax_3731572 davidmilne vs. GringoNZ : @0/ @1/ B2/ A2+ @2\ D1/ A0+ @1\ @1\ B0/ F1+ A0\ @1\ H5\ H6\ E1/ D0+ A1+ B0\ H4/ RESIGN
Trax_3731573 GringoNZ vs. davidmilne : @0/ @1/ A2/ @2\ B0+ A1\ @1+ A0\ A5/ RESIGN
Trax_3731574 davidmilne vs. Authority : @0/ @1/ B2/ C2/ A2/ B0/ @1\ C0+ C0\ B0/ D3/ A1+ @2\ @3+ F0/ G3\ A8+ @5+ D1+ D0/ F9+ C10/ F10+ C11/ @8+ E12+ B4/ I8/ J5\ H7+
Trax_3731575 Authority vs. davidmilne : @0+ A0/ A3\ B3\ B4\ C1+ D2+ A5+ @3\ F4+ F5\ F6+ G4+ @3\ @3\ A1+ A0/ G2/ D1/ D0/ F9+ E9+ G10/ A8+ @5\ E9/
Trax_3731576 Goonerg vs. ypercube : @0/ @1/ B2/ C2/ B3/ A0\ @2/ C0+ D1/ E4+ E1+ C0+ A2/ @2/ C6/ G5\ C7+ H7\ E8/ D8/ B6/ G9+ H9\ H3+ I8+ G2+
Trax_3731577 ypercube vs. Goonerg : @0+ A0/ A3\ B1/ B0/ C1/ @4\ @3/ @4\ F5+ G2+ C1+ D0\ D0\ C1\ B1\ B7+ C8/ @6\
Trax_3731578 Goonerg vs. GringoNZ : @0/ @1/ A0/ B1+ C2/ @2/ D3+ E3\ F3\ E4/ A4+ F5\ G5\ B5+ F6+ @1\ C0/ A5/ B6+
Trax_3731579 GringoNZ vs. Goonerg : @0/ A0/ B1/ C2/ A0/ A4/ B5\ B1/ @2+ @3+ D6+ A5/ @5/ C6+ E0+ F1/ B2+ E8/ A8/ C9/
Trax_3731580 Goonerg vs. Authority : @0/ @1/ B2/ C2/ B3/ A3/ @1+ C0/ D1/ A0+ @3/ E6+ F5+
Trax_3731581 Authority vs. Goonerg : @0+ @1+ B2/ B0/ @3\ C4/ D1/ D3+ E4/ F2+ D0/ D0/ G2+ H3/ @5\ A3\ @3\ @2/ J5/ I6+ F7+ G8/ K5+ F0+ I10+ J8+ L8+ K10+ M8/ H1+ H0/ K3+ K0+ L6/
Trax_3731582 ypercube vs. GringoNZ : @0/ @1/ B2/ A2/ @1/ C3/ D3/ D4/ E3/ F4/ B3/ A0/ D3+ C5/ C6/ B6/ A3+ @1\ A0\ G8+ RESIGN
Trax_3731583 GringoNZ vs. ypercube : @0/ B1/ B2+ B0/ C1/ C0/ D1/ A5\ B6/ @1+ D0+ A7+ @6+ F6\ G2+ H2\ A3\ E0\
Trax_3731584 ypercube vs. Authority : @0/ @1/ B2/ A2+ B0+ C2/ @2\ C4/ A4\ @3/ C0\ B2+ @5\ D6+ C7\ B2+ C1+ @7+ RESIGN
Trax_3731585 Authority vs. ypercube : @0/ A0/ A3/ A0/ B3\ C3\ @1+ A0\ E3+ F3\ G3\ B0/ C2+ E1/ F2\ A0\ @2/ C8/ A6\ @8+ C9\ E7+ F8+
Trax_3731586 GringoNZ vs. Authority : @0/ @1/ A2+ A3/ A4/ C1+ D1/ D0+ C0/ @3/ B2\ @5+ E0\ D2+ E0\ E0\ F1+ G1\ D2+
Trax_3731587 Authority vs. GringoNZ : @0/ @1/ A2+ @2+ C3/ D2\ D0\ C5/ D5\ E1+ D6/
Trax_3731588 Charlo vs. Big Giant Head : @0+ A2+ A3+ @1/ C3/ D3/ B4+ E2/ E1/ E3+ F2+ D4\ E0\ C2/ E0\ C2/ F1/ B7+ G3/
Trax_3731589 Big Giant Head vs. Charlo : @0/ A0/ A0+ A0\ @2/ A0/ C4/ A5/ @4/ D1/ B6/ E3/
Trax_3731590 Charlo vs. ema : @0/ A2\ B1/ A0/ C2\ @1\ C3\
Trax_3731591 ema vs. Charlo : @0/ A0/ @2\ B0\ A1\ A0\ C2\ @2+
Trax_3731592 Charlo vs. Traxplayer : @0/ @1/ B0+ @2+ A3\ B0\ @3/ C5/ E4+ E6+ D7\ F3\ D8\ C0\ B2+ F7+ G7/ H6\ I7/ H5+ G3+ F2+ G8+ C10/ B8+ I9\ F10/ J8\
Trax_3731593 Traxplayer vs. Charlo : @0/ @1/ A0/ C2\ A3+ A4\ @3\ @2/ A0\ @1\ E6/ B5+ F4+ G5/ B0+ A6/ E8+ E3/ H8+ F9/ G4+ H5+ I4\ H3+ F2+ G1+ J4\
Trax_3731594 Charlo vs. dgb : @0/ A0+ @2/ @2+ B3/ B0\ @3/ C0/ D2+ E2/ E1/ F1/ C0+ F4\ D7+ G3\
Trax_3731595 dgb vs. Charlo : @0/ @1/ @1/ A2/ A0\ @3/ @3+ @3/ @3/ B2+ B4/ D4+ F0+ H3/ G6+ I6+ E7/ D6+ F8\ G8\ D7/
Trax_3731598 Big Giant Head vs. Traxplayer : @0/ @1/ @1/ @1/ A0/ C3\ C1+ E1\ C4+ RESIGN
Trax_3731599 Traxplayer vs. Big Giant Head : @0+ B1\ @1\ A2\ @1\ C0/ A4/ @3+ E4\ B5/ F3\
Trax_3731600 Big Giant Head vs. dgb : @0/ @1/ C1\ C2/
Trax_3731601 dgb vs. Big Giant Head : @0+ @1/ C1/ B0+ B3+ @2/ @3\ C1+ E0/ F2\ A1+ @3/ E5/ E1+ D0/
Trax_3731602 ema vs. Traxplayer : @0/ @1/ A2\ C1\ B2+ B3\ B4/ C2+
Trax_3731603 Traxplayer vs. ema : @0/ B1\ A2/ B2+ @2\ A1+ B0+ C1+ B4+ B5/ D2+ B6\ C6\ D5\ C7/ E4+ B0/ F6\ E7/ F7+ B0/ E9\ C10+ F6+ D1/ F5/ C0/
Trax_3731604 ema vs. dgb : @0/ A0+ @2\ B0/ A2+ C2+ C3+ B0\ B0/ A3\
Trax_3731605 dgb vs. ema : @0+ B1/ @1/ A2+ B3/ C0+ C4\ B0\ D4/
Trax_3731606 Traxplayer vs. dgb : @0/ A0+ A0\ @1\ B0\ B0\ C1+ B0/ D4\ D5\ @5+ A3+ F3/ F2/ RESIGN
Trax_3731607 dgb vs. Traxplayer : @0+ B1+ A2+ A0/ A0/ A5/ @5/ D2\ A2\ @5+ @4/ @2+ B1\ B0+ H2+ G1/ B0/ E0+ F2/ G7/ H6+ G8+ D9/
Trax_3734913 PK vs. Goonerg : @0+ A2\ B2\ @2/ C3+ D1+ D0+ E3/ C5+ C0/ D5+ E2/ F2/ F4+ B6/ A6/ A7/ @4/ H3\ A8/ @5+ @6\ F0\ E1+ D1/ E3+ D2/ C1\ B5+
Trax_3735136 Rogue Trooper vs. Charlo : @0+ @1+ @1/ A2/ B0/ @3+ B1+ @3+ A1\ B0/ @3+ C0/ F2+ A2+ G1\ G0+ C1+ G5+ H4+ H2+ E0+ D8/ F7+
Trax_3735300 birddog8560 vs. * :
Trax_3735300 birddog856 vs. * :
Trax_3735566 dgb vs. ypercube : @0/ @1/ @1/ B0+ @1/ A0/ B4+ A3+ @3/ A4/ E5\ RESIGN
Trax_3735567 ypercube vs. dgb : @0/ @1/ B2/ C1+ B0+ B4\ D3/ E2\ C1/ D4\ E0/ F1/ F3/ @2+ A1+ @1\ F0\ E2+ C1+ C5/ RESIGN
Trax_3735568 dgb vs. GringoNZ : @0+ B1+ C1\ C2\ B3\ B4\ B5+ A4/ B6\ @4+ D3+ E2+ D0+ @5/ @5/ B4+ @5+ G7+ H5+ G8\ D6+ G9/ F9/ E9+ G10+ D9/ C9/ B9+ I3\ J4/ I5+ G11/ I2+ K3+ J1+ H0+ D11+ C2\ B2\ D1/ E1/ E0/ L3/ L2/ RESIGN
Trax_3735569 GringoNZ vs. dgb : @0/ @1+ B0/ B0+ C3/ @2\ @2\ E1\ C0/ C0/ F3\ E2+ G4+ G6+ D0/ G3/ G2/ F1/ E0+
Trax_3735570 ypercube vs. GringoNZ : @0/ @1/ B2/ A0/ C3\ C4\ @1\ B0/ @3+ A4/ C0/ A6+ B7+ A2/ @2/ B1+ A6/ E2+ A5\ @6+ A5+ @6/ F0+ B5\ B3+ C8/ @8\ G9+ D9+ J9\ RESIGN
Trax_3735571 GringoNZ vs. ypercube : @0/ A2+ A3/ @3/ @3+ B1+ B4\ D2\ E2/ @2/ D0+ D0\ G4\ G5\ D6+ D7/ B7+ B2+ @6/ A7/ A3+ RESIGN
Trax_3736484 FrostyColdOne vs. mcinturff : @0/ B1+ @1\ A0\ B1+ C1+ A0\ @1\ A0+ @1\ E2+ F3/ F4+ B0/
Trax_3736517 GringoNZ vs. Rogue Trooper : @0/ @1/ B2/ C1+ A0/ C1/ D2/ C0/ B5/ D4+ C0/ @4/ C0\ B3+ E1/ E0/ B7+ E5+
Trax_3736744 Dragon101 vs. dgb : @0/ @1/ A0/ @2+ C3/ B0\ @2/ E3+ F4/ @2/ G5+ D5/ F6+ B4+ @3\ A1+
Trax_3739721 YankeeFan vs. * : @0/
Trax_3739722 Kaisa vs. jazzbeth : @0/ @1/ A0/ @1/ B0/ @1/ C4/ D5/ E3\ D1/ B0/ F2+ G3+ B4+ A0\ @3+ D1/ D0/ B6/ @3\ B2+ G8\ F9/ J7+ B7/ E8/ A7/ B1/ E0/ H4/ I4/ I3/ J6+ K4\ K8/ L6+ L4+ B9/ D10\ H10+ H11/ B10+ C11/ C12/ B12/ A11/ K10\ I11+ L8\
Trax_3740486 jazzbeth vs. GringoNZ : @0/ @1/ B2/ A0/ A3/ @1/ A0/ @2+ C1+ B0\ @2/ B4\ B5\ @3\ A1+ B5\ C6+ G5+ E6/ G3+ A6/ @3+
Trax_3740487 GringoNZ vs. jazzbeth : @0/ @1/ B0+ A0+ C3/ C4/ @2+ @3\ B4+ B0/ B0/ C6+ F5+ B0/ A1/ D1/ D0/ B1+ E3+ F4+ B9\ A5\ A4+
Trax_3740488 jazzbeth vs. Authority : @0/ @1/ B2/ C2/ C3/ C1+ D1/ E1/ D2+ F1+ G2/ G3+ C4+ B3+ A2/ C0+ A1+ @3/ D0+ C0/ B2+ E8/ C7/ E9/ G7+ C0+ A2+ @6+ @4+ I9+ J9\ J10\ K9/ I11/
Trax_3740489 Authority vs. jazzbeth : @0+ B1/ @1/ A0+ A0\ @2/ @2/ B3/ B4/ A4/ A5/ @4/ D6+ @3+ G2+ @2/ B0+ D0+ I5/ H8+ J5/ K4\ I8+ I6+ D9/ C8+ H3/ F2+ C0/ A2+ @5+ F1+ F0/ C1\ F0/ B2/
Trax_3740490 jazzbeth vs. Traxplayer : @0/ @1/ B2/ C2/ C3/ D3/ D4/ E3/ E5/ F5/ F6/ G6/ E2/ B0\ C2/ D1\ D0\ E1\ E2+ D0/ F2+ F5+ F3+ G6+ C7+ C8/ G4/ H3\ H9+ RESIGN
Trax_3740491 Traxplayer vs. jazzbeth : @0/ @1/ A0/ @1/ C3/ C4/ D2+ E4/ B4/ B5\ E2\ E5\ F3+ C6+ A5/ C1/ D7+ C0+ F8\ G5/ F9/
Trax_3740492 GringoNZ vs. Authority : @0/ @1/ A2/ B3+ C1/ C0/ D4+ C0/ E5/ E6/ F6\ E7/ F1/ C0/ G6/
Trax_3740493 Authority vs. GringoNZ : @0+ B1+ B2/ B0/ @2/ A4+ D3/ C4+ D5/ E1/ C0/ F3\ F4\ F7+ G4\ @4\
Trax_3740494 GringoNZ vs. Traxplayer : @0/ @1+ B0/ B0+ C3/ @2\ B0/ C5+ C6/ D2\ E3/ B0/ E7\ RESIGN
Trax_3740495 Traxplayer vs. GringoNZ : @0/ @1/ @1/ B0+ @2/ D3+ C4+ @3+ D5/ E5/ F4\ A6+ @5/ G6+ C7+ H3\ RESIGN
Trax_3740496 Authority vs. Traxplayer : @0/ A0/ A3/ A4/ B2+ @1+ @2+ B5+ @2/ @5+ D6/ B1/ B0/ D0+ F7\ G5+ D0/ A4+ @7/ C10+ A4/ @4/ D2+ B10/ D11/ A9\
Trax_3740497 Traxplayer vs. Authority : @0/ @1/ B0+ B0/ B4+ C1/ B5/ @3/ @3+ A5/ C6+ F2+ E3\ E4\ F4\ G1\ H1\ E6+ E7/ H0+ G0/ A8/
Trax_3740498 Charlo vs. dgb : @0/ B1\ A2/ A0/ @2+ B4/ A0+ A0/ A0/ @3\ @3\ B7/ @3\ D8/
Trax_3740499 dgb vs. Charlo : @0+ @1/ C1/ C0/ B0/ A2+ A0+ A0\ @2/ A5/ @1\ B0/ A6+ D1/ @4\
Trax_3740500 Charlo vs. ypercube : @0+ @1+ A0/ A3/ @3+ @2/ B1+ @2+ @2/ G1/ G0/ A4/ D5/ G0/ D2+ E0\ D1\ C1/ A7/ A8/ B1/ @5+ @5+ E0/ E3/ B5+ C4+ C1\ E0/ B4+
Trax_3740501 ypercube vs. Charlo : @0/ @1/ B0/ @1+ C0/ D1/ A0+ B0+ E2+ @4/ @5\ G3+ A6/ @5\ E0+ H7\ C8+
Trax_3740502 dgb vs. ypercube : @0+ @1+ @1/ B2/ B3/ D1\ C2\ B0+ A4+ B0/ C1/ E2+ C0+ RESIGN
Trax_3740503 ypercube vs. dgb : @0+ B1+ B0+ C2+ C3\ D3\ A1+ @2+ E4+ B3+ D5+ F3+ C6/ B6/ RESIGN
Trax_3745800 darkest angel 70 vs. Linda Sue : @0+ @1\ @1/ A2/ B2+ D1/ D0/ E1/ E0/ D0/ F4\ E5\
Trax_3745819 GringoNZ vs. YankeeFan : @0/ A0/ @1/ B0+ C3/ B0+ @3/ D1\ C5/ E5\ E6\ E1/ E0/ E4/ F4/ F5+ C7/ C8/ G4/ B8+ G7\ H4+ G8/
Trax_3747229 jaha vs. dgb : @0/ B1+ C1/ C0/ D1\ @2/ B1+ D0/ C0+ A2+ @2\ D0/ D0/ C7+ C1+ A2+ @5/ D0+ H5\ @5\ B4+ H4+ I3+ J4+ E0/ D2\ C2\ C0+ B1\ A2+ C0/ @9/ A10/ A7\ @7\ G0+ H2/ I2/ I1/ F0/ B13\ RESIGN
Trax_3747247 Rogue Trooper vs. Traxplayer : @0+ B1+ A0/ A3/ @2/ @2/ C0+ E2\ C0+ B3+ B5/ F3\ C6+ D5\ E6/ @4/ B2+ @2+ A1\ A0/ G3+ @4/ F1/ E1+ D1\
Trax_3747805 FrostyColdOne vs. mcinturff : @0/ B1+ @1\ A0\ @1\ @1\ E1+ C0\ B1+ C0/ @2\ A1\ @1/ H3\ H2+ F5/
Trax_3747955 rabbitoid vs. Goonerg : @0/ @1/ C1+ C2+ D2\ C0/ B1+ @2/ E1/ F2/ @3\ A0+ @3/ G1+ F0/ D6+ B1/ F0/ H1/ F0/ H5/ I3/ A9+ @6/ @4+ A3\ A2+ @5\ A7+ B1+
Trax_3748205 dgb vs. GringoNZ : @0/ @1/ @1/ A0/ @2/ C3\ C4+ @2+ B5/ A5+ C6\ D6\ E6+ RESIGN
Trax_3748206 GringoNZ vs. dgb : @0/ @1+ B0/ B0+ C3/ @2\ @2\ E1\ D0/ F2\ E5+ E6/ E7/ G4+ E0+ E0\ H6/ G4+ F1+ D2+ I5+ J4\ K5/ G8\ H8\ I8+ I9\ I3+
Trax_3748233 ypercube vs. golfnutrof : @0/ @1/ B2/ B3/ A0/ @2/ A0+ @1\ A0\ @1\ E3/ F2\ G6\ E7/ H3/ H2/ G1/ B0+ A6/ @2\ A0\ @2+ C0/ D2+ A1\ C0/ @3/
Trax_3749701 balmoral vs. Authority : @0+ B1+ A2\ B0/ @2/ @3\ E2+ A1\ E0\ @2/
Trax_3749922 Red Arrow vs. Traxplayer :
Trax_3749975 jazzbeth vs. Sea Breeze : @0/ A2+ B1/ @2+ B3/ A1+ C0/
Trax_3752223 Lindap957 vs. Goonerg : @0+ A0/ @2+ @2+ C3+ D2+ D0+ E3+ A4/ F3+ G3+ @3+
Trax_3752352 ypercube vs. Dragon101 : @0+ A0/ A3\ B1/ B0/ C4+ D3+ B0/ C6\ D5\ E1+ B0/ E6\ E7\ F4\
Trax_3753604 drgnrdr vs. Goonerg : @0/ B1/ B2\ C1/ A3/ @2\ @2\ C4+ C0+ E5\ D6/ F3+
Trax_3753707 * vs. Appollo :
Trax_3753835 Charlo vs. YankeeFan : @0/ A0/ B1+ A3+ @3\ D3\ C4/ C5/ C6/ A6+ @5/ A2+ @5/ C7+ G2+ F1/ @6\ A2\ B0+ @4\
Trax_3755203 Izeul vs. DavidJ :
Trax_3755281 Traxplayer vs. Authority : @0/ @1/ A0/ B1+ A3+ @1+ D1\ B4/ E2+ C0/ C0/ E1+ B7/ F3+ G3/ H2\ I2\ C0/ D0/ @5/ C3+ B2/ A4+ @3/ B2+ @3/ @4+ H0+ G1+ H0/ C3+ J4\ E10+ E3\ D10\ I2\
Trax_3763258 drgnrdr vs. Lindap957 : @0/ A2\ B1/ A3/ @3\
Trax_3763269 Goonerg vs. Authority : @0/ A0/ @2/ A0+ @3/ A4/ @1+ @2+ C0/ E6+ F3/ G4+
Trax_3763273 PK vs. Goonerg : @0/ @1/ B2/ C2+ C3+ D2/ B0/ A3/ A5/ @3/ D5\ C6/ A0+ @4/ @3+
Trax_3763274 Carroll vs. ypercube : @0+ @1+ A2+ C1+ B0+ A4+ C3+ @4+ A5/ A6\ B6\ B7\ C4\ C0\ A3\ D7+ E7/ A9/ @8+ E9\ B2\ C10\
Trax_3763327 Rogue Trooper vs. PK : @0+ @1+ B2/ B0/ C3+ C2+ D3/ @3\ D4+ B1\ C0/ B5+ E1/ F4/ D0/
Trax_3764888 Traxplayer vs. jaha : @0/ A0/ A0/ A0/ @2/ @2+ A3/ D4+ B5/ C5+ @3+ @3\ @3\ @3\ D1+ G0+ B5+ C6/ @5/ A6/ A7/ A8+ RESIGN
Trax_3768572 csain1 vs. Goonerg : @0+ A2/ A0\ @3/ C3/ D3/ E3/ @3/ A4/ A5+ @3+ F1+ D0\ G7+ H5/ H2/ F1/ G0\ @4/ I2+
Trax_3768573 drgnrdr vs. Sassy Lassie : @0/ B1\ A2/ A0/ A4\ B4\ B5\ C3/ @2+ @2/ E0/ F1/ B1\ E0+ A3\
Trax_3768589 Lindap957 vs. Goonerg : @0+ A2/ A3+ B3+ @1+ C4/
Trax_3768705 DavidJ vs. tburgoon : @0/ B1\ A2/ A0/ @2+ C3+ B0/ C5\ C6\ D4/ E5+ A0\ @3/ E1/ B0+ F3/
Trax_3770173 Rogue Trooper vs. dgb : @0+ B1+ A0/ A3/ C1+ @2+ A4+ B0\ A1\ E2/ E1/ A0\ @2+
Trax_3771554 YankeeFan vs. rabbitoid : @0/ @1/ C1/ B2+ D1/ A0+ @2/ C4/ B0\ C6/ E1+ A0/ F3\ @3+ A5+ H2/ F1/ H5\ E6+
Trax_3772695 drgnrdr vs. Goonerg : @0/ B1/ B2\ C1/ D1/ D0/ A0+ @4\ F3\ D4+
Trax_3774069 Charlo vs. Sassy Lassie : @0/ B1/ @1\ A0\ @1\ @1+ @1\ E1/ C0+ C0\ B5+ D1+ F5\ E6\ G5/
Trax_3774205 birddog8560 vs. Traxplayer :
Trax_3774205 birddog856 vs. Traxplayer :
Trax_3774226 Authority vs. Dragon101 : @0/ A0/ B1+ C2/ @2/ D3+ C4+ @2/ B0+ F3+ D6/ B0/ B0/ @4+ D9+ A9/ D10/ @5/
Trax_3774227 Carroll vs. ypercube : @0/ @1/ @1/ @1/ A2/ D3+ E1/ E0/ F3\ A0+ @1\ A0\ @2\ G1/ A6/ H1\
Trax_3775457 Traxplayer vs. Rogue Trooper : @0/ @1/ A0/ A0/ A4/ @1+ @3\ C5/ C6+ E3+ D7+ @5/ A6+ G3+ RESIGN
Trax_3775558 jaha vs. Dragon101 : @0/ A0/ B2/ B1/ A0+ @3/ D1\ B0/ D0+ E1/ F1+ F0/ E1+ A7+ @5+ B3+ H1/ E0/ H5\ F6+ I3\
Trax_3777048 Rogue Trooper vs. Kaisa : @0+ A2/ @2/ @2/ C0+ C0\ B1\ B0\ @4+ B2+ A6\ C0+ A3/ @5/ F5+ @7/ C8\ A4\ @5/
Trax_3777611 ladyvic vs. crow57 : @0/ A2\ B1/ B0/ @2/ @3\ D0+ E1/ C5+ C6\ B6+ @5\ D0+
Trax_3778672 PK vs. drgnrdr : @0/ A0/ @2+ C2\ B3/ A4\ A0\ @2/ C6/ A6+ @6\ A3+ @6\ C7/ C8/ C9/ E9+ F8\ D10+
Trax_3778762 balmoral vs. Charlo : @0+ A0/ A3\ B1/ B0/ C4+ @3/ A2+ @3/ @3/ B1+ D5\ G2+ H3/ A0/ @1+ H1/ I1/ G0\
Trax_3780366 Traxplayer vs. YankeeFan : @0/ A0/ @1/ A2+ C1+ D1\ @2/ C0/ C4+ A4/ RESIGN
Trax_3780611 FrostyColdOne vs. mcinturff : @0/ A0+ @2\ B0/ A2+ @2/ A1+ B0+ B0/ D3\ @5/ A6/ B2\ A2\ @4\ C0+ A3/ A6+ A1\ E7/ @3\
Trax_3781410 Nukkle Dragger vs. drgnrdr : @0+
Trax_3781558 Dragon101 vs. GringoNZ : @0/ @1/ A0/ @1/ @1/ B0\ B3+ B4/ B5/ @3\ B1+ A0/ C1+ D5+ C7/ @7+ D8/ G4+ F1/ H4+
Trax_3782779 STrek vs. ema : @0+ B1\ B2+ @2/ C3/ A1+ D1/ D0/ A1\ C1\ @2+
Trax_3782780 ema vs. STrek : @0/ A2\ B1/ A0+ @2\ A1\ B4/ A4/ C3\ @3+
Trax_3782781 STrek vs. GringoNZ : @0+ B1+ B2/ B0/ A1+ C2+ @1/ C4\ D4\ D5\ E5\ B5/ B6/ A3/
Trax_3782782 GringoNZ vs. STrek : @0/ A0/ B2/ A0\ @1\ B0+ B0/ C4/ D5\ D3+ D6/
Trax_3782783 STrek vs. ginifish : @0/ B1\ A2/ B0\ B3\ B4\ C3+ @2\ E1/ E0/ E4\ F3+ F5\ G4+ F6/
Trax_3782784 ginifish vs. STrek : @0/ @1/ A0/ @1+ B0\ C1\ @2\ A1\ A0\ A0+ @2/ A4/ @4/ B5\
Trax_3782785 ema vs. GringoNZ : @0/ @1/ A2\ C1\ C2\ D2\ C0/ C4+
Trax_3782786 GringoNZ vs. ema : @0/ B1\ A2/ @1/ B0+ @2+ B0/ A4/ @4/ E1/ F2+
Trax_3782789 GringoNZ vs. ginifish : @0/ B1\ A2/ A3/ @2\ A1+ @2+ D2\ E1/ E0/ F3+ B1\ B0+ F5\ F6+ G5+ A6/ @6/ C7\
Trax_3782790 ginifish vs. GringoNZ : @0/ B1/ C1\ B2/ B3/ A0/ A3+ @3/ B5\ D4\ E3\ A1\ @3+ B0/
Trax_3782791 dgb vs. Kriistina Jean : @0+ @1/ C1/ C0/ C0+ D1\ A1\ @2+ B0/
Trax_3782791 dgb vs. Sutik Ansalewit : @0+ @1/ C1/ C0/ C0+ D1\ A1\ @2+ B0/
Trax_3782792 Kriistina Jean vs. dgb : @0+ B1+ A0/ A3/ @3/ @3+ C4+ D3\ E3\ E4\ C5/ A1\ @1\ C0/
Trax_3782792 Sutik Ansalewit vs. dgb : @0+ B1+ A0/ A3/ @3/ @3+ C4+ D3\ E3\ E4\ C5/ A1\ @1\ C0/
Trax_3782793 dgb vs. Mersephone : @0/ B1\ A2/ A3/ @2\ C3\ B4/ A5\ B0\ A1\ A0\ D3\ @2+
Trax_3782794 Mersephone vs. dgb : @0+ B1+ A2\ B0/ C3/ B0\ A1\ A0\ @3/ D1/ C0+ E3\
Trax_3782795 dgb vs. ypercube : @0/ @1/ B0/ A0/ C2+ A4+ C5/ D3\ @4/ @4/ G3\ H3\ H4\ D5/ B6+ C7/ @6/ A7/ D8/ @6+ D3+ B4+ C2+
Trax_3782796 ypercube vs. dgb : @0/ @1/ B2/ C1+ C0+ B4\ D3/ E2\ F3/ G2\ E4+ F1/ B1+ F5+ H3/ D0+ G1/ E0+ F8/ I7+ H8\ F9/ G9+ I3+ J6\ C7+ A7+ C9+ D10/ I1/ RESIGN
Trax_3782799 Kriistina Jean vs. ypercube : @0+ A0+ A0/ @1\ A0\ @1+ D3+ C5/ C1/ D0\ B6/ @4+ @3/ F6\ E7+ G4\
Trax_3782799 Sutik Ansalewit vs. ypercube : @0+ A0+ A0/ @1\ A0\ @1+ D3+ C5/ C1/ D0\ B6/ @4+ @3/ F6\ E7+ G4\
Trax_3782800 ypercube vs. Kriistina Jean : @0/ B1\ B2\ C2\ B3/ A3/ @2+ @2+ C0\ B1\ B0\ A1\ C0/ D2+ B0+ @3\ E1/ C0/ F3\
Trax_3782800 ypercube vs. Sutik Ansalewit : @0/ B1\ B2\ C2\ B3/ A3/ @2+ @2+ C0\ B1\ B0\ A1\ C0/ D2+ B0+ @3\ E1/ C0/ F3\
Trax_3782801 Mersephone vs. ypercube : @0+ @1+ B2/ B0/ A1+ @1\ A0\ @1\ C0/ C0+ D1/ E2/ B0/ @5/ A6/ A1+ A0+ @4/
Trax_3782802 ypercube vs. Mersephone : @0/ B1\ B2\ C2\ B3/ A3/ D1\ @3/ D4+ @2\ A1\ C0/ F0+ G3\ F6+ E7/ A1+ C0\ @2+
Trax_3782803 Charlo vs. Authority : @0+ @1+ B2/ B0/ B0/ @3\ C5/ @3\ E1+ F1\ C1+ B2+ @2/ F0/ G0\ A6+ B7/ C8/ H3+
Trax_3782804 Authority vs. Charlo : @0/ @1/ A2+ C1+ @1/ A0+ C4/ D5+ E5\ D6/ D7/ @3\ B4+ C5+ B7\ @3+ @3/ A5+
Trax_3782805 Charlo vs. Traxplayer : @0/ A0+ A0\ @3/ A4/ @1+ @2+ @3+ C0\ B1\ F2\ A1\ D0+ G3\ E2+ H3+ D7\ D8\ F5+ C0/ @3\ @6\ B7+ E9/ E10/ J5+ K5\ L5\ M5\ N5\ O5\ M7+ K4+ I8/
Trax_3782806 Traxplayer vs. Charlo : @0/ @1/ B0/ @1+ C0/ @2/ E2+ E4+ D5+ D0/ @4\ @4\ C2+ D0+ @3\ A2\ D6+ B7+ A6/ @6/ A7/ C8\ H0/ I1/ J4+ J7\ K1+ K5/ L4\ H0+ M7+ M9+ L10/ E2\ D1/ H0+ C2\ G1+ D12/ B13+ @8+ B6+ A7\ C2/ C3/ D5+ B2\ C1/ A3/
Trax_3782807 Authority vs. Traxplayer : @0/ B1\ A2/ A3/ @1+ @2/ @2/ D0/ C0+ C0/ F4+ @5/ H4+ C3/ E0\ D0/ E9/ B5+ B3/ A4+ F3+ E0+ A9/
Trax_3782808 Traxplayer vs. Authority : @0/ @1/ B0/ @1+ C0/ D1/ A0+ B0+ E2+ @4/ @5\ @4/ E6+ E7/ E8/ H6\ F7+ C2\ C1\ C0+ B3+ H1+ G0+ F0/ I4/ I9+ J5\ J8/ K8/ D10+ I10\ I11\ I12+ J10+ H1\ I1\ J2+ K5\ I0+ J1/ J0/ K4\ L3+
Trax_3787119 GringoNZ vs. jaha : @0/ A0/ B2/ B3/ @1/ B0+ @2/ @2+ A3+ B3+ A4+ @1+ B0\ C0+ B0/ B0/ C8\ F6+ G6/ F5/ F4/ G4/ H4+ H3/ F9+ G7+ H8+ I9/ D10/ C9+ J5/ I4+ H10+ D11+ J10\ I11/ K9/
Trax_3787128 PK vs. YankeeFan : @0/ A0/ @2+ C2\ B3/ B4/ @2+ A4/ C5/ D4+ A5/ B6\ @5+ A6/ D7/ @3+ A1+ E0+ @5/ A6+ H3+ H5+
Trax_3787154 Authority vs. Dragon101 : @0/ A0/ A3/ A4/ B2+ @1+ @2+ C5/ @4+ @4\ @3/ @4\ I2\ G0+ G7/ A6/ @4/ C7+ D8+ D3+ H0/ H0/ D4+ G1\ F1+ G0/
Trax_3787890 dgb vs. Dantes7 : @0+ A0+ A3+ B3/ @2\ A0/ @1+ @1\ C0/ B0/ E2/ F2+ D1/
Trax_3788471 ypercube vs. Kaisa : @0/ @1/ B2/ C1/ A0/ @2/ B3/ @2\ A3\ @2+ B4+ F1/ F4+ G4\ G5\ H2+ I2/ I0+ J3\ J4\ J7+ RESIGN
Trax_3789727 Rogue Trooper vs. Dragon101 : @0+ A0+ A0+ A0/ B1/ C1/ C0/ C4\ D2+ @4/
Trax_3790952 Miss Traven vs. Christine : @0/ A2\ B2\ B1+ B0/ C3\ D3/ D2/ C4\ E2/ F2/ C5+ D1/ D0\
Trax_3792802 jazzbeth vs. JiffyJeff : @0/ @1/ A0/ @2/ C3/ A3+ @1/ B0+ D2/ @2\ D5/ D0+ F3+ B5/ D7/ G5+ B8/ A7\ G8\ RESIGN
Trax_3792983 Kaisa vs. Traxplayer : @0/ @1/ A0/ A0+ B1/ B0/ A5/ C5+ B6/ B7/ A7/ A8/ @8/ E8+ B9+ @4+ RESIGN
Trax_3794081 Rogue Trooper vs. Authority : @0+ @1+ B2/ B0/ C1+ C0/ B5/ B6/ @4/ D6/ A5/ @5/ A3+ @3\ D2+ A6/ @3+ B2/ H2+ E1/ E7+ F0\ G5\ H5\ D1+ D0\ C2+
Trax_3800416 Kriistina Jean vs. jaha : @0+ A0/ B2+ A3/ @3/ @3+ C4+ D4\ D5\ E2+ F3+ A1\ F2+ B0/
Trax_3800416 Sutik Ansalewit vs. jaha : @0+ A0/ B2+ A3/ @3/ @3+ C4+ D4\ D5\ E2+ F3+ A1\ F2+ B0/
Trax_3800417 jaha vs. Kriistina Jean : @0/ B1\ A2/ @2/ @1/ C3+ D3\ E3+ C4+ F1/ C0/ E0+ F2/ G2/ G1/ D0/ @3+ B2\ A5+
Trax_3800417 jaha vs. Sutik Ansalewit : @0/ B1\ A2/ @2/ @1/ C3+ D3\ E3+ C4+ F1/ C0/ E0+ F2/ G2/ G1/ D0/ @3+ B2\ A5+
Trax_3800418 Kriistina Jean vs. Authority : @0+ B1+ A0/ A3/ @3/ @3+ C4+ D4\ D5\ E2+ F3+ A1\ @2/ C0/
Trax_3800418 Sutik Ansalewit vs. Authority : @0+ B1+ A0/ A3/ @3/ @3+ C4+ D4\ D5\ E2+ F3+ A1\ @2/ C0/
Trax_3800419 Authority vs. Kriistina Jean : @0/ A2\ B2\ B3\ @1/ D2+ D1/ E1/ B0+ @2+ A0/ @2/ H2\ E1\ F0+ I3\ I6+ G7+ J5+
Trax_3800419 Authority vs. Sutik Ansalewit : @0/ A2\ B2\ B3\ @1/ D2+ D1/ E1/ B0+ @2+ A0/ @2/ H2\ E1\ F0+ I3\ I6+ G7+ J5+
Trax_3800420 Kriistina Jean vs. dgb : @0+ B1+ A0/ B3\ C3\ D3+ B4+ A4/ A5/ @2+ @3+ F1/ D0/
Trax_3800420 Sutik Ansalewit vs. dgb : @0+ B1+ A0/ B3\ C3\ D3+ B4+ A4/ A5/ @2+ @3+ F1/ D0/
Trax_3800421 dgb vs. Kriistina Jean : @0/ B1\ A2/ @2/ B0+ B4+ C3\ D3\ D4\ D5\ D6+ E5/ A6/ @4/
Trax_3800421 dgb vs. Sutik Ansalewit : @0/ B1\ A2/ @2/ B0+ B4+ C3\ D3\ D4\ D5\ D6+ E5/ A6/ @4/
Trax_3800422 Kriistina Jean vs. Traxplayer : @0+ B1+ A0/ A3/ @3/ @3+ C4+ D4\ D5\ E2+ F3+ A1\ D0\ @2/
Trax_3800422 Sutik Ansalewit vs. Traxplayer : @0+ B1+ A0/ A3/ @3/ @3+ C4+ D4\ D5\ E2+ F3+ A1\ D0\ @2/
Trax_3800423 Traxplayer vs. Kriistina Jean : @0/ B1\ A2/ @2/ B0+ B4+ C4\ D3\ B5+ A5+ E2+ E1/ F1/ C0+ @2\ B1+ @3+ G0+ H0\
Trax_3800423 Traxplayer vs. Sutik Ansalewit : @0/ B1\ A2/ @2/ B0+ B4+ C4\ D3\ B5+ A5+ E2+ E1/ F1/ C0+ @2\ B1+ @3+ G0+ H0\
Trax_3800424 jaha vs. Authority : @0/ @1/ A0/ @1/ A0/ @1/ B0+ B0/ D6/ E6/ @3\ A4\ D2\ A5\ A6/ @3+ A2\ A1\ A0+ @3+ G5+ E7\ E8\
Trax_3800425 Authority vs. jaha : @0/ @1/ A2+ B0\ C2\ B4/ A5+ @5\ @5+ F2\ D0\ F4+ D6+ B3\ B2\ A5+ @5\ D7/ A7\ @7\ D8+ H5/ H6/ F7+ F0\ G2/ I4\ J4\ G9/ H8+ I6+ J7+ K7\ K9+ K10/ L7+ L9\ M9\ C5+ D10/ C1\ B4+ C0/
Trax_3800426 jaha vs. dgb : @0/ @1/ A0/ @2+ A0/ B4\ @2\ C5/ B4+ @2\ A3+ B1+ A0/ C0+ B0/ A2+ @2\ @3+ @3\ D0+ D0/ F2+ G5\ H4/ G3+ H3/ G1+ A3+
Trax_3800427 dgb vs. jaha : @0+ A0/ @2\ B3/ B0\ C2\ B5/ @2+ D4\ C6/ E4+ F4/ F2\ A4+ @6/ D7/ A2\ B1+
Trax_3800428 jaha vs. Traxplayer : @0/ @1/ A0/ @1/ A0/ @1/ B0+ @2/ A3/ E5/ D1\ C0/ E2\ RESIGN
Trax_3800429 Traxplayer vs. jaha : @0/ A0/ @2/ @1+ C0/ @3\ E2+ C0+ @4\ B5+ @4\ C1+ C0\ B1+ C0/ @5+ D0\ C2+ @6\ J6/ K5\ J7+ B8/ B9/ C2\ @7+ E1+
Trax_3800430 Authority vs. dgb : @0/ A0/ @2+ B0+ @1+ @2/ B3+ B4/ A4/ A5/ @2+ A1\ D0/ A0\ @2/ E0/ F1/ E7+
Trax_3800431 dgb vs. Authority : @0/ @1/ B0/ @1+ C0/ D1/ A0+ B0+ C0+ E4\ @4+ @4/ B6/ D7/ B2\ A2\ C1/
Trax_3800432 Authority vs. Traxplayer : @0+ B1+ A2+ @1+ A2+ @1+ B0/ B4/ A4/ C0/ D1/ D0/ E4/ B1\ C0/ A3/
Trax_3800433 Traxplayer vs. Authority : @0/ @1/ B0+ B0/ B0/ @4+ B5+ D3\ @4\ B2/ @3+ G2+ F0+ G6\ RESIGN
Trax_3800434 dgb vs. Traxplayer : @0+ B1+ @1/ D1\ B0/ B3+ D3\ B4/ C5/ E3\ @4+ B5/ F6+ RESIGN
Trax_3800435 Traxplayer vs. dgb : @0/ A0+ A0\ @1\ A0\ @4+ A5/ @1\ A0\ @1\ F4\ G4\ H4\ C7/ B5+ @4+ @1+ H6+ K5+ L5/ E8+ C0+ C0\ J9+ M7/ E11/ C8/ D10+ E12/ I10/ G9+ C11\ RESIGN
Trax_3800436 GringoNZ vs. Rogue Trooper : @0/ A0/ @1/ @1+ B0\ @2/ E2+ C3/ C0/ A5/ @5/ @5/ B6/ C7+ E7+ A7/ C8/ B3\ @5\ C2/
Trax_3800437 Rogue Trooper vs. GringoNZ : @0+ A2/ @2\ C1+ A3+ A4/ @2\ C0/ A2+ @5\ @5\ A4\ F3+ E0/ C1\ A4\
Trax_3800438 GringoNZ vs. Kaisa : @0/ @1/ A2/ B3/ @1/ C0+ D1/ D0/ D0+ E2+ D6+ @3\ A2+ @4+ E7+ D6+ D1\ C0/ G5+
Trax_3800439 Kaisa vs. GringoNZ : @0/ @1/ B2/ C2/ B3/ B0\ C1+ C5/ A4/ D5/ D4+ E4/ C6\ F4\ F5\ F6\ F7+ G5+ H4\ I5/ B7+ C8\ @2+ B1\ A6/ B8/ @4/
Trax_3800440 GringoNZ vs. ypercube : @0/ @1/ A0/ @2+ C3/ D2+ C4/ E3+ B0/ @2+ @2/ @2/ B1+ E0+ F1/ @3/ E0+ @3\ A2\ E0+ D6+ H2/ I2/ F1+ I4\ RESIGN
Trax_3800441 ypercube vs. GringoNZ : @0+ A2+ A0+ A4/ @4/ C4/ C5\ D5\ @3\ A2\ E6\ E3\ F4/ B1+ D2+ A5+ A7+ B0/ B0/ @3+ G8\ H6/ E2+
Trax_3800442 Rogue Trooper vs. Kaisa : @0+ A2\ B2/ A0\ @1+ @1/ B3+ D4/ D5/ A4+ E3+ E2/ @3+ G2\ G5\ E6/ H4+
Trax_3800443 Kaisa vs. Rogue Trooper : @0/ A0+ B2/ A0/ A4\ @2+ @2/ B4+ E2+ C5+ D5\ E5\ F3/ F2/ G3\ E6+ E7/ C8+ B8/ A7+ @5/ I3+ H5\ G6\
Trax_3800444 Rogue Trooper vs. ypercube : @0+ A2+ A3+ @3/ A4/ @4+ D2\ B1\ @2+ F2\ E4+ F1/ D0+
Trax_3800445 ypercube vs. Rogue Trooper : @0+ B1+ @1+ @1+ D2\ C0/ C0/ B4\ B5\ E3+ C0/ B1\ A0/ @5+ G5\ F7+ G4/ H3\ B7/ A4+
Trax_3800446 Kaisa vs. ypercube : @0/ @1/ A0/ @2+ B0/ @2+ @2/ @2/ B1+ D4/ E4+ E0/ F1/ B0+ C6/ @4/ G0/ H1+ D0\ RESIGN
Trax_3800447 ypercube vs. Kaisa : @0/ @1/ B2/ C1/ D2+ B3/ A3/ D4+ E2/ F2/ C5\ @4+ A6+ F5/ E6+ F7/ G5+ C0+ A2\ @2+ A1\ E9+
Trax_3802236 Red Arrow vs. Traxplayer :
Trax_3802259 Nukkle Dragger vs. Traxplayer : @0+ B1+ B2/ A0\ B1+ @2+ A3+ B4+ D2/ E1\ D3+ F3+ F4+ G2\ G1\ E0+ G5+ A1/ B0\ @3/
Trax_3804976 Judy vs. Charlo : @0+ A2/ A0+ @1/ C1/ @3+ C0+ C0/ E1+ F2\ F3\ D5+ G2/ G1/ B2\ A2\ @4/ F0/ B7/
Trax_3805089 YankeeFan vs. Rogue Trooper : @0/ A0/ A3/ B2+ A4/ @1+ @3+ C5/ E4+ C6+ C0/ C0/ A1\ A0/
Trax_3806590 Goonerg vs. supermac : @0/ B1\ A2/ B2+ C1/ A0/ @2+ @2\ C0/ C5/ A4+ C6/ @5\ F6\ G4+
Trax_3808233 Sea Breeze vs. Traxplayer : @0+ B1+ B2+ C2+
Trax_3808380 dawn1968 vs. davidmilne : @0/ @1/ B2/ C1/ C3/ D2+ E2+ F2+ C4/ B4/ B5/ A5/ E3\ F1/ F0/ G1/ G0/ H3+
Trax_3811027 Lindap957 vs. Rand al*Thor :
Trax_3811080 Authority vs. YankeeFan : @0/ A0/ B1+ A3+ @2+ C0+ @2\ A1\ @1\ E0+ D2\ F2\ B1+
Trax_3813581 Dragon101 vs. jaha : @0/ A0/ B2/ B3/ B4/ @2\ B0/ D3/ B4/ A5+ @4+ A2/ A1+ @4\ G4+ F2/ @3\ E6/ E7/ C6+ G6\ I3/ J3/ F7+ B5+ E8\ D8+ A6+ F8\ I5+ H8\ J7+ G9\
Trax_3813615 PK vs. Authority : @0/ A0/ @2+ @2/ @2/ D0+ C4\ @4\ C2+ A1/ F1+ F2+ D0/ F6\ G4+ A6/ B7+ @5/
Trax_3813901 Riika vs. Kaisa : @0+ @1+ B0\ A3/ @3+ @2/ B1+ C0+ D1+ E2+ E3+ E4\ E5\ E6+ F5+ E7/ B7/ B8/ F6\ @6+ G8\ H8\ D8+ G9\ A2\ H4+
Trax_3814104 dgb vs. GringoNZ : @0+ B1\ @1\ A2+ A0/ C3\ @2+ C4+ C5/ @3\ E1/ F3+ D0+ D7/ E6+ F5+ G3\ D0\ D0\ F3+ H5+ G3+ B8+ @6/ B8+ J3/ J2/ D10+ C4\ B3/ G2/ J1/ C0+ B2\ A5+ RESIGN
Trax_3814105 GringoNZ vs. dgb : @0+ B1+ B2+ C1+ D1/ D0/ D3/ E3\ E4\ F4\ RESIGN
Trax_3817227 hoot vs. Traxplayer : @0/ @1/ B2/ C2/ D2/ C3+ E2/ E1/ F3\ D4+ A0/ @2+ B4\ D5/ B0/ D2+ E1/ A6/ A7/ @4/
Trax_3817228 Traxplayer vs. hoot : @0/ B1\ A2/ C1\ B0+ @2/ E2/ @2\ C1+ B0/ B0/ C6/ D2/ D6\ C7/ F2/ F1/ A1/ F0\ D2+ D1+
Trax_3817229 hoot vs. Charlo : @0/ @1/ B2/ B3/ B0/ C4\ B5/ D1+ @1\ C0/ D6\ D7\ @3/ C5+ G3/ H4+
Trax_3817230 Charlo vs. hoot : @0+ @1/ @1\ A0\ B3/ B1/ C0\ D4\ B5/ A6/ @3+
Trax_3817233 TrueIndian vs. Traxplayer : @0/ @1/ A2+ C1+ A3\ B0\ C5\ D3+ B6/ A6/ @3/ C0/ D1/ D0/ E1/ @8+ G4\ C1\ B3\ C0/
Trax_3817234 Traxplayer vs. TrueIndian : @0/ A2+ A3/ @3/ @2/ B1+ C0+ D2+ @2/ B1+ @2/ D5/ D0/ A4/ A1\ A0\ @3\
Trax_3817235 TrueIndian vs. Charlo : @0/ @1/ A2+ @1/ A0\ @3\ C4+ E1\ D0/ E5\ F5\ A5/ B6/ @4/
Trax_3817236 Charlo vs. TrueIndian : @0+ @1+ A2\ A0\ @1\ @1+ @1/ B3+ C4/ D4+ @2\ A0\ @1\ D1/ D0/ A4+ A1+ B0\ G3+ @2/ F1+ E0/ B8+ F9/ A7+
Trax_3817237 PK vs. Traxplayer : @0/ A0+ @2/ @2+ D2/ D3+ @2\ C4/ B4/ A0+ B0+ A5+ E2/ F3\ E0/ F2\ G3/ G5+ C8+
Trax_3817238 Traxplayer vs. PK : @0+ @1+ C1/ C0/ B0/ A4\ B5/ A6\ D2\ @3+ C7/ A5+ D6\ E5+ E1/ F1/ A2\ @2\ D0/
Trax_3817239 PK vs. Charlo : @0/ @1/ A2+ @2\ A0\ @3\ C4+ E2/ E0+ A5/ @3/ F5\ G4/ D6+
Trax_3817240 Charlo vs. PK : @0/ B1\ B2\ B3\ B4\ A2+ C1+ C5/ D3+ @4+ B0+ A3+ @4/ @4/ B6+ D7\ H4\ H7\ I7\ G8+ H9/ F9+ @3\ C2+ F1+ J10\ K8/ A5+ B7+ E9/ E10/ D8+ @4+ A6+ @6/ C8/ E9+ J10/ L11+ M10+ N8/ E11/ D11/ C11/ C12/ B9+ G12\ C13/ H11/
Trax_3817241 Traxplayer vs. Charlo : @0+ A2/ A0\ @1\ A0\ @4+ A5/ @1+ @3\ C6/ RESIGN
Trax_3817242 Charlo vs. Traxplayer : @0+ B1+ A2\ A0\ A0\ @3+ @2/ E3/ D1+ D0/ D0/ E3+
Trax_3817243 ypercube vs. Sassy Lassie : @0/ B1\ B2\ B0\ C1\ @1\ A0\ D4+ D1/ C0/ E2\
Trax_3817244 Sassy Lassie vs. ypercube : @0+ @1+ C1\ @1+ C2/ D0\ D4\ E4\ E2+ E5+ F5/ B5/ C6\ A4\
Trax_3817245 ypercube vs. Kaisa : @0/ @1/ A2+ C1/ D2/ A3/ @3+ E1/ A4\ C3+ B5+ F3\ F4\ C6/ E0+ G2+ F1/ D7\ B8\ A6+ RESIGN
Trax_3817246 Kaisa vs. ypercube : @0/ @1/ A0/ @2+ B0/ B4\ B5\ @2+ D1/ E3\ E4+ F2+ D0+ D0/ D0/ D0/ E2+ D10/ @4\ C3+ H6/ I5\ H7+ I8/ G4+ H9\ J9+ G10+ G11/ H3+ @5+ H12/ L9\ L10\ RESIGN
Trax_3817247 ypercube vs. Authority : @0/ @1/ B0+ B0/ B0/ @4+
Trax_3817248 Authority vs. ypercube : @0/ @1/ B2/ B3/ C1/ D3+ B4/ B5+ A3+ E1/ C0/ E6\ C7/ F4+
Trax_3817251 Sassy Lassie vs. Authority : @0+ A0/ B2+ A3/ @3+ @3\ A4\ A1\ @2/ D0\
Trax_3817252 Authority vs. Sassy Lassie : @0/ A2\ B1/ B0+ @3\ @3/ C4+ A2+ D4/ E2/ F2/ C5/ F0/ G2\ A1+ B0+ C8/ A6+ B0+ @9/ A10/ A7\ @8/ F8+ A5\ B4+ @7+
Trax_3817253 Kaisa vs. Authority : @0+ B1+ A0/ A3/ C2/ B0\ @4+ @3/ A2+ A1+ @2+ C5+ G2+ @2/ E0/ @3\ A2+ J1/ H0+ B6/ RESIGN
Trax_3817254 Authority vs. Kaisa : @0/ A0/ B2/ A3/ B4+ C3\ B5/ D3/ C1\ @4+ C0/ B7/ D6+ E5\ F4/ G4/ E3+ F6\ F7+ A1+ C0/ @4+
Trax_3817255 Kriistina Jean vs. Goonerg : @0+ A0/ B2+ B3\ C3\ @2+ B3+ E3+ C4+
Trax_3817255 Sutik Ansalewit vs. Goonerg : @0+ A0/ B2+ B3\ C3\ @2+ B3+ E3+ C4+
Trax_3817256 Goonerg vs. Kriistina Jean : @0/ B1\ A2/ @2/ B0/ B4+ C4\ C5\ D5\ D6\ E6\ E7\ F7\ D0+ G5\ H5+ G6+ I4+ A8+ E9+ @6\
Trax_3817256 Goonerg vs. Sutik Ansalewit : @0/ B1\ A2/ @2/ B0/ B4+ C4\ C5\ D5\ D6\ E6\ E7\ F7\ D0+ G5\ H5+ G6+ I4+ A8+ E9+ @6\
Trax_3817261 Goonerg vs. Beckie B : @0/ B1\ A2/ @2/ B0/ C0/ D2\ D3+ A1\ C0/ @3\
Trax_3817262 Beckie B vs. Goonerg : @0/ A0/ @2\ B0\ A1\ @1+ A0\ B1+ D2\ E3/ @3/ A4/ C5\ A1\ @2\ C0+
Trax_3817263 Goonerg vs. Jenny Poo : @0/ B1\ A2/ B2+ B3\ @3/ C4+ D3\ A1\ @3/ B0/
Trax_3817264 Jenny Poo vs. Goonerg : @0+ @1+ B2/ B0/ A1+ C3/ D3\ B4/ @2\ E1/ D0\ F3\
Trax_3817267 ema vs. GringoNZ : @0/ @1/ A0\ @1/
Trax_3817268 GringoNZ vs. ema : @0/ B1\ A2/ C1/ B0/
Trax_3817269 ema vs. jazzbeth : @0/ @1/ A0\ @1/
Trax_3817270 jazzbeth vs. ema : @0/ B1\ B2\ A2/ B3/
Trax_3817271 ema vs. dgb : @0/ @1/ A0\ @2\
Trax_3817272 dgb vs. ema : @0/ B1\ A2/ B2\ B3/
Trax_3817273 GringoNZ vs. jazzbeth : @0/ @1/ B2/ C2/ D2/ D3/ A0/ @1/ B0+ A3+ @2\ B0/ D2/ C5/ C0/ E3/ A5/ D7+
Trax_3817274 jazzbeth vs. GringoNZ : @0/ B1/ C1+ A0/ C3\ A4\ @2+ A3+ A5+ @5/ E1+ C0+ B0/ A1+ C8\ A8+
Trax_3817275 GringoNZ vs. dgb : @0/ @1/ B2/ C1/ C3/ D2+ E2/ C4\ D0/ F2\ G3/ E1+ H2+ E0/ C7\ B6\ A5+ F5+ E6+ G6\ H6\ F7/
Trax_3817276 dgb vs. GringoNZ : @0+ A2\ A0/ B2/ C2/ C1/ @3\ B4+ C0+ B0/ B0/ RESIGN
Trax_3817277 jazzbeth vs. dgb : @0/ @1/ B2/ C1+ D1/ B3\ A0/ A4/ B5+ @3\ E1/ A5/ @2/ D6/
Trax_3817278 dgb vs. jazzbeth : @0+ B1/ @1/ C2+ B0+ C4/ C5+ D2\ E2\ B0/ E4\ B4+ F6\ D7/ F3/ G3+ E2/
Trax_3818521 balmoral vs. Linda Sue : @0+ @1\ C1\ A0/ B1/ B0/ A4/ @4/ E3\ D4\ B5/ B6+ A1\ A0/
Trax_3819902 Rogue Trooper vs. Red Arrow : @0+
Trax_3820037 jazzbeth vs. Dragon101 : @0/ A0/ B2/ C2/ C3/ C4/ D4/ E4/ E5/ F5/ F6/ G6/ G7/ H7/ H8/ I7+ G8+ I9+ J8/ F7/ J10/ K9+ L9/ I6/ H5+ G4/ K7+ J5+ L6+ M9/ L10+ J11/ J12/ K13+ I4+ I3/ E7/ E9+ E10\ G3+ N6+ N9+ K4+ N5/ O7/ P8+ O10+ O11\ P6+ O12\ Q12+ Q13\ F11/ D8+ C9+ M13+ M14+ P14/
Trax_3821505 dgb vs. GringoNZ : @0/ @1/ B0+ A3\ A4\ @2+ B0+ B6\ D2\ C4+ E2\ D1/ C7/ D5+ E6+ A6+ @3\ @1\ A0\ A5+ @5\ C8/ F9/ A6+
Trax_3821506 GringoNZ vs. dgb : @0/ @1/ A2+ B0\ @2/ B4/ D2\ @3/ C5/ D4+ D6+ E6\ F6/ E4+ D7/ A4+ F5+ F3+ E1+ G2\ F0+ B7+ @7/ A8/ D9+ F9\ G9\ H9\ I5+ J5\
Trax_3823034 Charlo vs. darkest angel 70 : @0/ A2\ B2\ A3\ C2/ C1/ D1/ B0\ @2/ @2/ B0+ G2/ E1+ E0\ G5\ F6/ H4/
Trax_3831047 dgb vs. Authority : @0/ @1/ @1/ D1/ B0\ D0\ @3\ B2+ B1\ A1\ A0\ @4+ F5\ G3\ A5/ A6/ @5\ A1+ @6/ C7/ A3\ @5+ A3\ @5/ G0/ H1/ D1\ D0\ C3+
Trax_3831048 Authority vs. dgb : @0/ @1/ @1/ D1/ D2+ D0/ E1/ D4/ E0+ F3+ A6+ @5/ @5/ A6/ A7/ H5\ E7\ F6\
Trax_3831049 dgb vs. jaha : @0+ A0/ @2\ B0/ C1/ D1/ E2+ C4/ C5/ A4+ C6/ @5+ G6+ D7+ H4+ @6\ A7+ H1+ D8+ H0/ @6\ B5/ F10\ G10\ J9+ K9/ D10+ E11/ B10/ B11/ A8+
Trax_3831050 jaha vs. dgb : @0/ @1/ A0/ @2+ A0/ A4/ B4+ @3\ B0+ B6/ @3+ @3/ A2+ G4/ F6+ B4+ A5+ @4\ @4\ D0+ RESIGN
Trax_3831051 Authority vs. jaha : @0/ A0/ B1+ @2\ B3\ D2/ C0\ B0/ E4/ A3+ D2+ B0/ E1\ E0+ D0+ F4+ F2/ G2+ F1\ G6\ H3/ G7/
Trax_3831052 jaha vs. Authority : @0/ @1/ A0/ @1/ A0/ @1/ A0/ @1/ B0+ B0+ C2\ @3/ A4/ E2\ @3+ @3/ @4\ @3/ J7\ K7/
Trax_3831749 Rogue Trooper vs. golfnutrof : @0+ A2/ B2+ A3/ C3+ A4/ @4/ @4+ @3/ @1+ D0+ F6+ H6+ F2+ G2/ G1/ H1/ I2+ @2/ C0+ A6/ A1\ C7/
Trax_3831877 YankeeFan vs. ypercube : @0/ @1/ C1/ @1/ A2/ A0+ @1\ A0\ A0\ @3+
Trax_3832068 Riika vs. Dee Dee : @0/ B1+ A0\ A3/ @1/
Trax_3833262 Kaisa vs. dgb : @0/ @1/ A0/ @2+ B0/ B4\ D3/ C4+ C5/ C6/ E3/ C2+ F4\ F5\ RESIGN
Trax_3833263 dgb vs. Kaisa : @0+ @1+ C1\ C2\ B3\ D2+ B0/ RESIGN
Trax_3834316 YankeeFan vs. Rogue Trooper : @0/ A0+ A3/ A0/ B4\ A5/ B1/ C2/ B5+ A6/ C3+ D3\ A7/ @7/ E1/ F3+ D0+ E6+ F6\ B9+ C1+ G6\ G7\ @6+
Trax_3834356 Traxplayer vs. JiffyJeff : @0+ A2/ A0\ @3/ C1\
Trax_3842075 Authority vs. dgb : @0/ @1/ A0/ @2+ D2/ D3+ D4/ C5+ C6\ E3+ F3\ F4\ D5+ C1+ A3+ @2+ F6\ H4+
Trax_3842076 dgb vs. Authority : @0/ @1/ @1/ @1/ B0/ D3+ D1/ E1/ D4/ B5+ E0/ F4+ A0+ @4+ F0/ G1/ A8+
Trax_3842077 Authority vs. Kaisa : @0/ @1/ A2+ B0\ @2/ @2/ C4/ B1\ C5/ E2/ E0+ D0+ @5\ G2/ G1/ G5\ H1+ G6/
Trax_3842078 Kaisa vs. Authority : @0/ @1/ A0/ @1/ B0/ @2/ C4/ B3/ E3\ F3\ F2+ C0/ F5\ C6/ G4+
Trax_3842079 dgb vs. Kaisa : @0+ A2\ A0/ B2\ C2\ C3\ @2\ @1/ B3+ D0+ D0\ E1+ C2+ @3+ @3/ @3/ B2+ E1+ I1/ I0/ J1/ G0+ G0/ A7+ K1/ I0+ @6\ A5\ D4+ G2/ K10\ L4+ M9+ L10\ F2+ K11+ A3\ RESIGN
Trax_3842080 Kaisa vs. dgb : @0/ B1\ A2/ A0/ C2+ A4/ @3/ B0/ E2+ F2\ G2\ F1+ G3\ F0/ RESIGN
Trax_3842081 GringoNZ vs. Mersephone : @0/ B1\ A2/ A3/ @2\ @3/ A4/ @2\ B1/ D0/ @5/ A6/ @5/ H1/ H0/ A7/ G5\
Trax_3842082 Mersephone vs. GringoNZ : @0/ @1/ A2\ C1\ C2\ D2\ B3/ A0\ @2/ E1/ C0\ F3/
Trax_3842083 GringoNZ vs. Traxplayer : @0/ @1/ B2/ C2/ C3/ D3/ D4/ B0\ C2/ B0+ C6/ B6/ C0\ D8+ E7\ A8/ A9/ D3+ A5+ @6\ F5+ B1/ A2\ @3+ F9/ RESIGN
Trax_3842084 Traxplayer vs. GringoNZ : @0/ @1/ A0/ @1/ B0/ @1/ C4/ E3+ D2+ B4/ B5/ A2+ @3\ C6/ B0+ @7/ RESIGN
Trax_3842085 Mersephone vs. Traxplayer : @0/ A0/ @2\ B0\ A1\ A0\ @3/ D4\ C5/ D1/ D0/ E3\
Trax_3842086 Traxplayer vs. Mersephone : @0/ B1\ A2/ A3/ @2\ B4\ C2+ @3/ A4/ A5/ @5/ A6/ E6\ D7/ F4+
Trax_3848450 bassix vs. davidmilne : @0/ @1/ C1/ B2+ D1/ B0\ B0+ A1\ @4\ F2\ F5+ RESIGN
Trax_3849604 bassix vs. Charlo : @0/ @1/ C1/ B2/ A0/ B1+ B4+ @2/ A3+ E2/ D0+ F2\ G2\ F0+ H1+ H4+ H7\ I7\ H0+
Trax_3850059 bassix vs. Authority : @0/ @1/ C1/ D1/ D2+ A0+ E3\ F3\ G2+ E4+
Trax_3850230 Kaisa vs. Traxplayer : @0/ @1/ A0/ A0+ A4/ A5+ C3+ D4+ C2+ @3+ B0/ C2/ @2\ A1\ B0\ @3+ @2/ @3\ F0/ G1+ C6+ B2\ E0\ D1+ F0/ G1/ E0\ D1\ D0\ C2\ D12/ C12/ H5/ I13\ RESIGN
Trax_3850319 DavidJ vs. kidgame2001 : @0/ @1\ A0/
Trax_3850423 birddog8560 vs. YankeeFan :
Trax_3851548 FrostyColdOne vs. mcinturff : @0/ B1\ B2+ B3/ A2/ A3+ @1\ A0\ C1+ @2/ B4+ A3+
Trax_3855063 Authority vs. davidmilne : @0/ @1/ B0+ A0/ A4/ @4/ D2/ B0/ @2+ E4+ B6+ F4\ G5/ F7+ C0/ F1+ F0/ F0+ G1/ @3\ A2\ A5/ @2+ @4+ B6\ D9+ J4/ K3\ G0+ F1\ A8+ @5\ E11/
Trax_3855064 davidmilne vs. Authority : @0/ @1/ B0+ B0/ B0/ @4+ B2+ @3/ RESIGN
Trax_3855065 Authority vs. Traxplayer : @0/ A0+ A0\ @1\ A0\ @4+ @3+ B0+ E4\ F4\ G4\ C6+ C7+ E2+ E1/ F1/ C0+ F0\ F8+ H8\ A8+ H9/
Trax_3855066 Traxplayer vs. Authority : @0/ @1/ B0+ B0/ @3\ @3\ C4/ E3+ A5/ @3+ B6\ A5/ @3/ D2+ B7\ @3/ B2+ A5/ @4\ A6+ D8+ C1/ @3+ K3\ K5+ I6+ I7/ E9/ E0/ E11/ A7\ A9\ D12+ I9/ I10+ I12+ @7\ E13/ A13+ F14+
Trax_3855067 Authority vs. Charlo : @0/ @1/ A2+ C1+ B3/ C0/ @2/ D5+ E2\ A1+ D0/ @3/ B5+ @3+ @2/ A1+
Trax_3855068 Charlo vs. Authority : @0/ @1/ B0+ B0/ @2+ @3\ B4\ E3+ E5+ D6\ F5+ @2/ D1+ B1+ B5+ @3+ C6+ C7\ E8+ G8/ @3\ H9\ I7\ A5/ F9+ @3/
Trax_3855069 davidmilne vs. Traxplayer : @0/ @1/ B0+ @2+ @2\ A0+ B0+ @4\ E1/ C0/ @3\ C2\ G3+ B6/ A6/ @3+ G6/ I3\ J3\ K3\ D0\ C1\ A3+ D0+ F2+ A9/ @7+ @8\ J3/ RESIGN
Trax_3855070 Traxplayer vs. davidmilne : @0/ @1/ B0+ @2+ A0/ D3\ B4+ @3+ D5\ E5\ E6\ F4/ C6/ C7+ F7/ E8\ G3\ B6+ @4/ H2+ @4+ A3\ A2\ A5\
Trax_3855071 davidmilne vs. Charlo : @0/ @1/ B0+ @2+ @2\ A0+ @2+ B4\ F3/ F4+ C5/ A5+ E5\ C6/ G5/ G6+ RESIGN
Trax_3855072 Charlo vs. davidmilne : @0/ @1/ A2+ C1+ B0/ C4\ D4\ B5/ A4+ A0+ @3/ C0\ D2+ @4/ C0/ A7/ F3/ @7\
Trax_3855073 Traxplayer vs. Charlo : @0/ @1/ A0/ @1/ B3/ C4+ D2/ E2+ C1+ A4\ F3+ C0/ C0/ C0/ C8/ @6/ B9+ C10/ C11/ C12/ D9+ E11+ A12+ @8+ D13+ B13/ F14\ G12/ B14+ A11/ E15/
Trax_3855074 Charlo vs. Traxplayer : @0/ @1/ A2+ C1+ A3\ B0\ B0\ D4+ @4/ @5\ @4/ A3+ C2+ @5\ C1/ C0/ @4+ @5\ D7+ F0/ G2+ F9+ H9+ G10+ G11/ F0/ D4+ B8/ E2+ @7/ B8+ E10/ G11/ B9/ A9/ D11+ C4\ B4\ H2+
Trax_3855075 bassix vs. GringoNZ : @0/ @1/ B2/ C2/ B0+ @2/ C0\ D1/ D0/ B5+ RESIGN
Trax_3855076 GringoNZ vs. bassix : @0/ A0/ @2/ @1+ C0/ @2/ @2/ E0+ F1/ F2+ E0+ C6\ A7+ @4/ G7+ RESIGN
Trax_3855077 bassix vs. dgb : @0/ @1/ B2/ C1+ B0+ B4\ A4\ B0/ B0/ @4+ @5\ @5\ D2+ E0\ @6\ F8+ B4\ C3+ D7+ @7/ B8+ F9+ @7/ A8/ A9/ B5+ @9+ C10+ I9+ J2/ G10\ D3\ RESIGN
Trax_3855078 dgb vs. bassix : @0/ A0/ A0/ @1+ @2+ B4+ @3\ @3\ F3+ F4\ A5+ @3\ G5+ RESIGN
Trax_3855081 GringoNZ vs. dgb : @0/ @1/ B0/ @1+ C0/ @3\ @2/ B1+ D4+ D5/ D6/ E5+ A0/ F1\ E0/ G5+ C6+ H4/ H6+ @6/ A7/ @5\ RESIGN
Trax_3855082 dgb vs. GringoNZ : @0/ @1/ A0/ @1/ B0/ @2+ @2/ D4\ D0+ C5/ C6/ @3/ F1\ B4+ G4+ RESIGN
Trax_3855083 GringoNZ vs. kidgame2001 : @0/ B1\ A2/ B2+ @2\ C3/ B0\ A1\ A0\ @2/ A4/ A5/ @2/
Trax_3855084 kidgame2001 vs. GringoNZ : @0+ B1+ A2\ B0/ A1+ C2+ A0/ B5\ C4+ D4\ C5\ C6\ D5\ A6/ @5/ C7/
Trax_3855085 dgb vs. kidgame2001 : @0+ A2\ A0/ @1/ C2+
Trax_3855086 kidgame2001 vs. dgb : @0+ B1+ A2\ A0\ B1+ @2+ A3+ D2+ C0/ C0/ A6\ D2+
Trax_3856957 supermac vs. bassix : @0/ A0/ B1/ C2+ A3/ @3/ A4/ @4/ A5/ @4+ @2+ E0+ E0/ G8+ H8\ G1+
Trax_3857705 Authority vs. bassix : @0/ A0/ B1+ C2/ @2/ D3+ C4+ A0+ @1\ A4+ D6/ E5\ F6/ A7+ @5\ @6/ @6/ A4+ @4\ C2+ E0+ A3/ G9+ K5+ L5/ D1+ C0/ move D10+ D0\ E2/ C11/ C12/ B12/ B13/ G3+ C14+ @8+ G14\ RESIGN
Trax_3858087 jaha vs. dgb : @0/ @1/ A0/ @2+ B3+ D2/ E2+ @2/ E1/ D4+ G3+ @2/ B1+ D0+ @2\ A1\ B0/ B0/ D2+ C6/ C7+ @1\ C0+ A6+ @2+ C7+
Trax_3858091 DINGEROO vs. DavidJ : @0/ B1\ A2/ @2/ A0+ @3/ D3\ D4\ E2/ E1/ E0/ F1/ D0\ G6+ G7\ A6+ C7/ @6+
Trax_3858122 Lorraine of the Renegades vs. davidmilne : @0/ A0/ A0/ @2+ B0/ C1/ A0\ @1\ D6\ E3+ C7/ B7/ A5\ B8+ F2/ F1/ F0/ F6\ A4+ F7/
Trax_3858356 Authority vs. Traxplayer : @0/ @1/ B0+ @2+ B0/ B4\ D3/ E2\ D1+ B5/ A5/ A6/ @4\ @3/ E5+ H3+ A2/ A7/ @5+ A3+ D0+ C0/ @6+ G2+ C3+ A4+ @4\ @4/ @4/ @4/ B5\ D6+ A6\ @5+ B3+ F2+ C7/ RESIGN
Trax_3858769 bassix vs. ypercube : @0/ @1/ B2/ C2/ @1/ D1/ A2/ A0/ D4+ E3\ F2\ E1\ F0+ G2/ @2+ D1+ F0/ H1\ I3+ J3\ H5/ H6/ E7/ E8/ E1\ E0\ A9+ @7+ C10+
Trax_3861142 Traxplayer vs. csain1 : @0/ A0/ @1/ @1/ D1/ A0\ @2/ D4/ C0+ A4+ @4/ E0+ B6+ E0/ C7+
Trax_3861226 Authority vs. supermac : @0/ B1\ A2/ B2+ @1+ B0/ D2\ B0/ E2+ A0\ @3/ C6/ A6\ F1+ E0/ G4\ B1\ C0+ E1/ G3/
Trax_3864646 Sassy Lassie vs. Charlo : @0/ @1/ A0\ @1/
Trax_3864784 dgb vs. GringoNZ : @0+ B1+ @1/ A2/ B3/ B0/ B0/ @4+ A5+ E2+ D0+ F2/ G2\ F3+ F4\ G4\ G5\ RESIGN
Trax_3864785 GringoNZ vs. dgb : @0/ @1/ A0/ @2+ B0/ B4\ B5\ C2+ @3/ A2+ E2/ F1\ D4+ A4/ A0+ A0\ @2/ A6+ @1\ B0/ @2\ E8+ I6/ F2+ B6\ G9/ I7+ G10/ F11+ A6\ G3+ J3+ I2/ I1/ J1/ K3\ I0+ C1\ B1\ G1+ RESIGN
Trax_3864855 dgb vs. ypercube : @0+ @1+ C1\ B2\ B3\ B0\ A0/ B0\ @4\ B0+ D2+ E3+ @3+ D1/ A0\ RESIGN
Trax_3867260 Goonerg vs. rabbitoid : @0/ A0/ B1/ @2+ @2\ A0+ B0+ E3/ F3/ E5+ F0/ G1/ E0+ G0/ H3/ F9\ G8+ H8\ H9\ D1/ B2+
Trax_3868240 Authority vs. JiffyJeff : @0/ @1/ A2+ B3/ B0/ C3\ D3+ D4\ B5/ B0/ E5\ D7\ E1+ RESIGN
Trax_3868399 dgb vs. Traxplayer : @0+ B1+ @1/ A2/ B3/ @2\ C0+ C5/ D1+ B1+ E2\ B0/ A3+ @3\ @3\ @3\ D1+ E0+ D6/ C7\ D8+ E9/ @6+ RESIGN
Trax_3868400 Traxplayer vs. dgb : @0+ B1+ C1/ D1/ D2/ @1\ C0/ F2+ E4/ E1+ C0/ G4+ H4/ C4+ E6/ H5+ I4+ D1/ E7+ I6+ H3+ E8/ E9/ F8+ E10+ J4/ J5+ I9+ J8\ K8\ K9\ K10\ D10\ C8+ C0\ B1\ L11\ I12+ M9+ L7/ N8\ N10+ J13/ L14+ M12+ N13+ O13\ H13\ I14+ I15/ J16+ M5/ M4/ O8+ RESIGN
Trax_3868401 dgb vs. GringoNZ : @0/ @1/ B0/ A0+ @3/ A4/ @1+ @4\ C5/ C6/ A2\ B0+ F6+ RESIGN
Trax_3868402 GringoNZ vs. dgb : @0/ @1/ A0/ @2+ C3/ B0\ @2/ B1+ @1+ D4/ @1/ B3+ A4+ @2\ B0/ C0+ G7\ H7\ @2\ A1\ @3/ A4/ A7+ @6/ D8\ E8\ @6/ G7+
Trax_3868403 Traxplayer vs. GringoNZ : @0+ B1\ @1\ A0+ B3+ D2\ A0/ C5\ E3\ @2/ @3\ B1+ A4/ RESIGN
Trax_3868404 GringoNZ vs. Traxplayer : @0/ @1/ A0/ @2+ C3/ D3/ D4/ E4/ @2/ C0\ D2/ @3/ B2+ D4/ A5\ @4\ B6+ A1\ @4\ A7/ @5+ A3+ B8/ B9+ C0+ C0/ E1+ D0+ H3/ RESIGN
Trax_3871120 GringoNZ vs. kidgame2001 : @0/ B1\ A2/ B2+ @2\ C3/ B0\ A1\ A0\ A0/ @3+
Trax_3871121 kidgame2001 vs. GringoNZ : @0+ B1+ A2\ B0/ A1+ C2+ B4/ B5/ C4/ B6+ @4\ A1\ A3+ C0/ @6/ A7+ @5\ B3+ B8\ C8\ G1/ F0\ A8/ @9\ I3\ H5+ I1/ H0+
Trax_3871122 GringoNZ vs. StackPele : @0/ @1/ B2/ A2/ A0+ @1\ @1+ B0/ D5\ E4/ A5/ @4\ D6/
Trax_3871123 StackPele vs. GringoNZ : @0/ A0/ @1/ C2/ C1/ A0/ @2\ D4/ C1/ B0\ A2+ C0/ D2\ A1\ @2\ B0/
Trax_3871124 GringoNZ vs. davidmilne : @0/ @1/ A0/ @2+ C3/ B3/ D3\ RESIGN
Trax_3871125 davidmilne vs. GringoNZ : @0/ @1/ A2+ @2+ C0+ D2+ A1\ A0\ @3+ F3/ RESIGN
Trax_3871126 GringoNZ vs. Traxplayer : @0/ A0/ B2/ B3/ C3/ @2\ C4\ E3/ B0/ D3+ C1+ A2\ B4/ C6/ D6/ @3+ B5+ D7+ G3\ H3\ I3\ F7\ H2/ F8/
Trax_3871127 Traxplayer vs. GringoNZ : @0/ @1/ A0/ @1/ B0/ @2+ D4/ E4/ E5/ A3/ C0/ F6/ F7/ B5/ C6+ D3+ C7/ A6/ E3\ F4/ G5+ B8/ A8/ A9/ @8\ A6\ @9/ A10/ A6\ RESIGN
Trax_3871130 kidgame2001 vs. davidmilne : @0+ A2/ A0\ @3/ A4/ @2\ @3\ B5\ C6/ A7\ D7\ E5+ F3/ F2/ G4\ H4+
Trax_3871131 davidmilne vs. kidgame2001 : @0/ B1\ A2+ B2+ A3+ B3+ A4+ B4+ A5+ A6\ B5\ A0\ @1/
Trax_3871132 kidgame2001 vs. Traxplayer : @0/ @1/ B0\ @2\ B1+ B0\ A1\ A0\ @1\ D1/ C0\ E3\
Trax_3871133 Traxplayer vs. kidgame2001 : @0/ B1\ A2/ B2+ @2\ A1+ B0+ C1+ B4+ D1\ B0/ B0/ A1\ @3/ B0/
Trax_3871134 StackPele vs. davidmilne : @0/ @1/ B0/ @2+ @2+ D0/ E1/ E0/ F1/ G3+ F5\ F0/ H3\
Trax_3871135 davidmilne vs. StackPele : @0/ A2/ B2+ @2\ D2\ B3/ E2\ C0\ F3/ E2\ G3/ E5/ F4+ F6/ D5+ G6\ @3+
Trax_3871136 StackPele vs. Traxplayer : @0/ @1/ B0/ @1+ A0\ A0+ @2/ E4\ D5/ E1/ D0+ F3\
Trax_3871137 Traxplayer vs. StackPele : @0/ @1/ @1/ @1/ B0/ C1/ C0/ B0/ B5+ D3/ E3/ E2/ F2/ D1\ @1\ A0\ @5/ A6/ H1+
Trax_3871138 davidmilne vs. Traxplayer : @0/ @1/ B0+ @2+ @1/ @2\ C0+ B4/ B5/ @2+ D5\ C6/ G4+ B6+ A5+ H3\ I4/ E6+ B7/ B8+ H6+ F7/ F8/ A7/ D7+ C9\ H9\ I7+ I2/ C10/ J2\
Trax_3871139 Traxplayer vs. davidmilne : @0/ @1/ @1/ B0+ @2/ A3/ @3/ D4+ D0/ @3+ B1\ E0/ E0/ @6\ @6\ B4+ I1/ G0/ I8+ J7\ H9+ D9+ I10/ J3+ K4+ D3+ C4+ C9+ E10/ H11\ J11+ K11/ L9+ L8/ M7\ L4/ N5/ N8+ M10+ G11+ I12+ G12/ J13/ N11+ K13\ RESIGN
Trax_3871140 Charlo vs. Authority : @0/ @1/ B0+ C1+ B0+ @3+ B1+ @3+ A1\ B0/ @3+ C5\ D6/ @3\ @2/ @2/ F0/ F8\ E6+ D7+ J4\ F9\ I8+ A5/ @3/ @3/ C6/ B6/ @3/ G2+ F1+ F0/ E1+ F0/ B8/ B1+ @5+ E0/
Trax_3871141 Authority vs. Charlo : @0/ A0/ B2/ A3+ A4/ @4/ A2+ A5+ C4+ A6+ B0/ C1/ D2\ @4+ C0+ A1+ @5\ D0/ E0\ C2+ A4\ @4+ F0\ G1+ H6\ H2+
Trax_3871142 Charlo vs. dgb : @0/ @1/ B0+ @2+ A3\ B0\ @3/ C0/ D2+ E2/ E1/ F1/ C0+ F4\ D7+ G3\
Trax_3871143 dgb vs. Charlo : @0/ @1/ @1/ @1+ A0+ @1\ A0\ B4+ C4+ A4\ @3/ @4\ H4\ F5/ F1+ E0/ H2/ I5\ G1/
Trax_3871144 Charlo vs. Jay RAA : @0/ B1\ A2/ A3/ A4/ B4/ @1+ C5\ D5\ B6/ A6/ @4\ @4+ A3\ A1\ @1\ D0+
Trax_3871145 Jay RAA vs. Charlo : @0/ A0/ @1/ B0+ C2/ @1+ E3\ C4+ F2/ F1/ D0\ G2+ C0\ B1\ @2\ H6\ E7/ I5\
Trax_3871146 Authority vs. dgb : @0/ @1/ B2/ C1+ C0+ B4\ @2/ C5+ E3/ F2\ G2\ A1+ B3+ E4+ F5+ G1+ F0+ @3/
Trax_3871147 dgb vs. Authority : @0/ @1/ @1/ B2/ @1/ D0/ E1/ F1/ E4+ G1/ B4/ B5/ D0+
Trax_3871148 Authority vs. Jay RAA : @0/ B1\ A2/ @1/ B3\ C3\ C4\ D2/ B0/ E5\ D6/ D0\ A1\ @2/ D0+ A2\ @3/ B0\ A2/ @4/ H3+ I6/
Trax_3871149 Jay RAA vs. Authority : @0/ @1/ C1/ D1/ A0/ @2/ D1+ E3+ F3\ G3\ E4/ C5+ @3+ @5/ A6/ I1/ J2/
Trax_3871150 dgb vs. Jay RAA : @0+ B1\ @1\ C0\ D2\ B3/ A0\ @2/ E1/ C0/
Trax_3871151 Jay RAA vs. dgb : @0/ @1/ A0/ @2+ @1/ C0+ D1/ D0/ E4/ A1\ B0/
Trax_3873487 DavidJ vs. PK : @0/ A2\ B1/ B0+ B3\ C3\ A0/ C3/ D3/ C1+ @1\ B0/ F3+ E1+ G3+ F0/ G2+ G1+ H3/ I2\ I1+ J2+ J4\ H5+ A2\
Trax_3873581 GringoNZ vs. dgb : @0+ B1+ B0/ B3/ @2/ @2/ B1+ @2+ E0\ B5/ A4+ @4/ RESIGN
Trax_3875117 Charlo vs. jazzbeth : @0/ @1/ B0+ A3\ C1/ A0/ @3/ E2/ F1\ C0+ C0/ F5+ E6+ F6+ @5+ H6/ B7/ A7/ H3+ C8+ E7+ A2\ @4/ A7/
Trax_3875611 jaha vs. bassix : @0/ @1/ A0/ @1/ B0/ @2+ D4/ D5+ A3/ D1/ A0+ B5+ E5+ B6\ B7\ A0\ @2/ A5/ @4+ B7/ A7/ @5\ I7\ I8\ F9+ I4+ J4\ C8+
Trax_3876488 Goonerg vs. Kaisa : @0/ @1/ B0/ @1/ C3+ D2\ E2\ E3\ E4\ E5+ B5/ F5/
Trax_3876695 YankeeFan vs. bassix : @0/ A0/ A3/ B3/ A4/ B1+ B5\ C3/ C5+ D4\ E4\ E5\ E6\ F6\ D7/ D8+ C8/ B6+ A7+ @4/ D2/ @4/
Trax_3876999 Miss Traven vs. Christine : @0/ A2\ B1/ B2+ B0\ A1+ C3\ @1\ C4\ A0\ E4\ @1\ F5/
Trax_3879043 Riika vs. Kaisa : @0/ @1/ @1/ @1/ B2+ A0+ @1\ @1\ C0/ F0+ G1/ A5/ G5\ C6/
Trax_3879380 YankeeFan vs. jaha : @0/ A0/ A3/ A4/ B2+ @1+ @3+ C5/ E4+ @2/ A4+ G3\ G2+ E0+ H5/ E7+ G6+ E8+
Trax_3883448 DavidJ vs. Lorraine of the Renegades : @0/ B1\ B2\ @1/ A2/ B3/ B0/ C0/ D3+ B1+ @4+ D5\ D6\ C0/ A1\ @2/ C0/
Trax_3883647 dgb vs. ypercube : @0/ @1/ @1/ A0/ @2/ A0/ C4/ C5+ E3+ D6+ B1/ C6+ A0+ @4+ D2/ D0\ E2\ RESIGN
Trax_3885059 FrostyColdOne vs. mcinturff : @0/ A0/ @2\ A1+ A0/ B1/ C2/ C1/ B0/ C1/ C5\ D5\ @1\ E1\ A0/
Trax_3885089 Rogue Trooper vs. Kaisa : @0+ A0/ B1\ A3/ @3/ @3/ @3+ @3/ E4+ F3\ G3\ G4\ G5\ H5\ E6+ H1/ F0/
Trax_3885090 Traxplayer vs. Rogue Trooper : @0/ A0+ @2+ @2/ C3+ B3+ @3\ B1+ @2+ C0+ @2/ A1+ D5/ A4+ D0/ C0+ @3\ A2\ C0/ @4+ @5\ D1+ F8+ B6+ C7/ F9\ B2/ A3+ @5+ B1\ RESIGN
Trax_3885257 GringoNZ vs. Authority : @0/ @1/ A0/ @1/ A0/ @1/ A0/ @1/ B0/ C1/ E6/ F6/ C5/ B5/ A5/ D1/ E1+ D0+ @1+ D0+ G3+ H8\ H3+
Trax_3885670 Miss Traven vs. Christine : @0+ @1+ B2/ A0\ B1+ A0/ B1+ C2/
Trax_3886197 Riika vs. Dee Dee : @0/ B1/ @1/ C0+ B3+ B4+ D2/
Trax_3886296 Goonerg vs. Linda Sue : @0/ B1+ A0/ @1\ B0/ B4\ D3/ C4+ B0/ A1\ B0/ @5/ A6/ C7\ @3+ @3\ A1+ @1/ A2/
Trax_3887830 Carroll vs. JiffyJeff : @0+ A2/ B2/ @2\ @2\ B1\ A3/ @2\ E3\ RESIGN
Trax_3888814 Judy vs. Charlo : @0/ @1/ A2+ C2/ A3\ A0+ C2+ @3/ @4/ D5/ F3\ E6\ F5/ B6/ F6\ D7/
Trax_3888897 golfnutrof vs. davidmilne : @0+ A2/ A0\ @3/ C2/ D2/ E1\ C0+ @4+ C5\ D5\ G5+ A1\ F6+
Trax_3888989 birddog8560 vs. YankeeFan :
Trax_3889885 Miss Traven vs. Christine : @0+ @1+ B2\ @1+ D2/ @1+ E1/ @1+ @1/ G0/ H2/ G0\ H2+ I2+ F1\ E2\
Trax_3890278 Charlo vs. JiffyJeff : @0/ A0/ @2+ @2\ C0+ D1/ D2+ B4+ D0/ RESIGN
Trax_3890404 Dragon101 vs. ypercube : @0/ @1/ A0/ @1/ @1/ A0/ A0/ A4/ @2\ @2+ B5\ B6+ E2+ F6+ G4/ H4+ G3+ A7\ @3+ I7\ J5/ G8+
Trax_3891398 jazzbeth vs. Sassy Lassie : @0/ B1\ A2/ A0\ @1/
Trax_3891667 Riika vs. Kaisa : @0+ A2/ A0\ @2/ @2/ A3/ A4+ @4/ E4\ C5/ E2/ F1\ D0/ A7/ @6\ E7\ C1\ D8/
Trax_3892639 Lorraine of the Renegades vs. Rand al*Thor : @0/ B1\ B2\ C2\ A0\ @1\ @1\ E1/ F2+ D0\
Trax_3892760 DavidJ vs. YankeeFan : @0/ A0/ B1/ B3+ C1/ @3\ A0\ @1\ E0/ F1/ D0+ D7/ A0\ @1\ F8+ G1/ F0/ H2\
Trax_3892807 GringoNZ vs. jaha : @0/ A0/ @1/ A0/ @2/ D2\ C4/ @1/ F2\ C3+ A2/ E1\ RESIGN
Trax_3892814 Traxplayer vs. jazzbeth : @0/ @1/ A0/ @1/ B0/ A0/ @2+ B4/ B0\ D4+ @4+ E2/ F3\ D1+ C6+ G4/ @5\ A6+ F0\ H3/ I4\ D0\ C1+ B1\ F9\ G8+ I2/ G1+ J4+
Trax_3895671 JiffyJeff vs. Carroll : @0/ @1/ C1/ B2/ D2/ E2/ B3+ B4/ A4/ E4+ RESIGN
Trax_3899206 Miss Traven vs. Christine : @0/ B1\ A2/ @2+ C2\ B3/ @2\ E2\ @2/ A3/ @3/ B4\ C4\ G3/ D4\ D0+ B6\ D0+ D7+ C8/ D8\ C9\
Trax_3899755 Chad vs. superkaempe the gentle giant : @0/ B1\ B2\ B3\ C2/ C4\ D2+ A3/ B4+ A4+ C5+ E3/ F2\ D4+ D1\ C0/ G5/ G3\ E2+ F1+ B7/ A7/ A8/ @6\ @5/ B4+ D9\ E7+ A9/ F7/
Trax_3900039 Rogue Trooper vs. ypercube : @0+ @1+ @1/ B0\ C3\ @2\ C3+ D4\ E4\ F4+ F5/
Trax_3900132 birddog8560 vs. Traxplayer :
Trax_3900132 birddog856 vs. Traxplayer :
Trax_3901858 Riika vs. Lorraine of the Renegades : @0/ B1\ A2/ C1\ C2\ B3\ @1\ B0/ E1/ E0/ @4/ B5\ C6/ G4+ G5\ G6\ D7+
Trax_3906053 Rand al*Thor vs. Authority : @0/ @1/ A2/ B3+ C3\ D3+ B4+ A0\ @3+ E1/ E5\ C0/
Trax_3906054 Authority vs. Rand al*Thor : @0/ B1\ A2/ @2+ @1/ A0+ A0/ D2+ E2\ D0/ E1/ F3\ G3+ E4+ G0/ H3+ B1\ A1\ E0/
Trax_3906055 Rand al*Thor vs. Traxplayer : @0/ @1/ A2+ C1+ B0/ B4\ C4+ D3+ D2/ @2+ A3+ F3+ C0\ D1+ F2+ D0/ D0/ G5+ @5/ H1+ C1\ I3\
Trax_3906056 Traxplayer vs. Rand al*Thor : @0+ @1+ B0/ @2+ C3\ D3\ D4\ E4\ B4/ B5/ A1/
Trax_3906057 Rand al*Thor vs. Riika : @0/ @1/ A0+ A0\ @3/ @3+ C4+ @1\ A0\ @3/ A4/ @4+ F1/ G1/ H3\ D5/
Trax_3906058 Riika vs. Rand al*Thor : @0+ A0+ A0+ @1/ C2\ C1+ D2/ D1/ E1/ E0/ E4\ F2+ D5/
Trax_3906059 Authority vs. Traxplayer : @0/ @1/ B0+ @2+ B3+ D2+ C4/ B0/ @3+ C0+ C0/ F6+ G6/ H6/ F8/ G5+ D8\ E9/ E10/ E11/ B7\ G7\ E12/ F9+ @5/ D8+ C12\ @6\ I4/ K5+ L4\ I3/ G13/ I12+ K2+ F1/ G3\ G2+ H2/ G0+ G15+ D12+ C11+ D15/ C12/ A8/ E16+
Trax_3906060 Traxplayer vs. Authority : @0/ A0/ @1/ C1+ B3\ D1/ E1/ D2+ E3/ D4/ F2+ F4\ RESIGN
Trax_3906061 Authority vs. Riika : @0/ B1/ @1/ D1/ B2+ D0/ B4/ E3/ @4/ B5\ A1\ F4\ A0/
Trax_3906062 Riika vs. Authority : @0+ B1+ B0/ A3\ C3+ C1\ D2/ E2/ @2/ F3\ A4/ G2\
Trax_3906063 Traxplayer vs. Riika : @0/ A0/ @2+ B3\ C1+ D1+ B0\ @2\ A1/
Trax_3906064 Riika vs. Traxplayer : @0+ B1+ B0/ B3/ B0/ C3+ B0\ A3+ D2/ D1/ B0\ A1\ C0+ B0/
Trax_3906065 GringoNZ vs. Charlo : @0/ @1/ A0/ @1/ A0/ @2+ B0/ C1/ @3/ A2+ D5/ E1+ F1/ F2+ D0/ C5+ F0/ G3/ A1\ B0+ @3\
Trax_3906066 Charlo vs. GringoNZ : @0/ @1/ C1/ B0\ @2/ C0\ D4+ E4\ F4\ F5\ F2/ G2/ E1+ E0/ E7+ C6+ B1/ A7/ A1/ C8/
Trax_3906067 GringoNZ vs. jazzbeth : @0/ @1/ B2/ C2/ A0/ @1/ C4/ D5/ B0/ @1/ B3+ E3/ F3/ D1/ B4/ E1+ A5/ D6/ C0+ F8+ A4+
Trax_3906068 jazzbeth vs. GringoNZ : @0/ @1/ B2/ A2+ C1\ D1\ B0+ @2+ B4+ A0\ @2/ @2/ D6+ B4+ B1+ @3+ @3/ A5+ @5/ D6\ E6\ G0/ H1/ A7/ A8/ J5+
Trax_3906069 GringoNZ vs. dgb : @0/ @1/ A0/ @2+ B3+ D2/ @1/ B3/ @2\ A0+ D5\ F2/ B0\ @5+ B6/ F7/ H6+ B7/ RESIGN
Trax_3906070 dgb vs. GringoNZ : @0+ B1+ @1/ D1\ B0/ C3+ A3/ D4/ E4+ A5/ @4+ B1+ G3\ F2+ H4\ H5\ I5\ D6+ F5+ I6\ D7/ E7+ E8\ F8\ B8/ RESIGN
Trax_3906071 Charlo vs. jazzbeth : @0/ @1/ A2+ A3/ A4/ C1+ @2\ C0/ @3\ B0+ D6\ C7/ @3+ A7+ D8/ D0+ D10/ F1/ D0/ G4/
Trax_3906072 jazzbeth vs. Charlo : @0/ @1/ B2/ C2/ C3/ D3/ D4/ E4+ C4+ C5/ B3/ A5/ C6/ C7/ B0/ D7+ C2+ A3/ @3/
Trax_3906073 Charlo vs. dgb : @0/ @1/ A2+ C1+ A3\ B0\ @3/ C0/ D2+ E2/ E1/ F1/ C0+ F4\ D7+ G3\
Trax_3906074 dgb vs. Charlo : @0+ A2/ A0\ @1\ A0\ @4+ A5/ @1+ E3\ F4/ D0/ E3+ C0\ B1\ @1\ B0/ B8/ A5+ A1+
Trax_3906075 jazzbeth vs. dgb : @0/ @1/ B2/ C1+ A0/ B4\ D3+ A4/ A5/ A6/ B6+ @3\ @2+ @2/ @2+ @2\ B1\ B0\ A1\ I3/ I2/ E1+ B0+ I2+ E1/ J2\
Trax_3906076 dgb vs. jazzbeth : @0/ @1/ @1/ C0/ A3/ D3/ A0+ @4+ E1/ B0/ @3+ G5\ D6+ G4\ A1\ C0/ @3\
Trax_3906077 ypercube vs. Jay RAA : @0+ B1\ @1\ A0+ A0/ @1/ D1/ D0/ E3\
Trax_3906078 Jay RAA vs. ypercube : @0/ @1/ @1\ A0\ A3/ @3/ B4\ C3\
Trax_3906079 ypercube vs. Kaisa : @0+ A2/ A0\ @3/ A4/ @1+ @2+ @3+ C0\ B2\ F5\ D6/ D0/ E1/ F1/ G4/ G1/ H5+
Trax_3906080 Kaisa vs. ypercube : @0/ @1/ A0/ @2+ B0/ A4/ B4+ @2+ D1/ @2\ E0+ A0\ @1\ E0/ F2+ E8/ B6/ A6/ E0/ F1/ G4/ A4+ @8\ E0+ @9/ D10+ I7+ J5+ B3/ A4+ E0/
Trax_3910936 Rand al*Thor vs. balmoral : @0/ A2+ @2\ A3/ @1/ D2+ D3\ C4\ E2/ B0+ C6\ D5\ A6/ @2/ B7\
Trax_3911006 davidmilne vs. rabbitoid : @0/ B1+ A2\ A0/ C1\ B3\ @2/ B0/ @1+ A0\ @1\ B0+
Trax_3911211 PK vs. jazzbeth : @0+ @1/ B0+ @2/ A3+ D2+ @3\ A1+ A0+ @3/ D1+ E5\ F5\ F6\ G6\ H6+ D7/ G3+
Trax_3912517 Carroll vs. JiffyJeff : @0/ A0/ B1/ B0\ @3/ B4+ A5\ B6/ D3+ E2\ D1+ @3+ A4+ D6\ C7/ E5+ F4+ C1+ G1/ RESIGN
Trax_3915940 *Leo The Lion vs. ajj52 : @0/ A2\ B1/ B0\ @3/ A4/ A5+ C3+ A6+ @3\ A2\ @4/ C1+
Trax_3915961 Traxplayer vs. YankeeFan : @0/ A0/ @2/ @2/ C3+ D1/ D0/ E3\ B0+ @2\ @2+ A1\ C0/ D0\ A7/ @5\ D8/
Trax_3915962 Traxplayer vs. Kaisa : @0/ A0/ @2+ B0/ C1/ D2+ E1\ D0\ C5+ E0/ RESIGN
Trax_3917588 rabbitoid vs. Rogue Trooper : @0/ A0/ A0/ @1+ C2+ B4+ C5/ D5+ B6/ A6/ A7\ @6\ A5/
Trax_3920757 STrek vs. Kriistina Jean : @0/ B1\ A2/ @2/ @1+ C0/ E1+ E0+ F2+ G2/ F1/ F0/ G1/ H1+ H0/ I1/ I3+ H0+ F2+ D7+ B8/ @5/ A4+ D3\ A8/ @6+ C9/
Trax_3924893 Rogue Trooper vs. jazzbeth : @0+ B1/ A2+ C1/ @1/ B3/ B4/ C0+ C0\ D4\ E3/ D7+ E7\ F3/ A1\ B0/ @4\
Trax_3925445 dgb vs. GringoNZ : @0+ B1+ B0+ A1+ C2\ A0\ A0\ B5\ B6\ A0\ @2+ B0+ @3\ @2/ B5/ B6/ A1+ E9\ E1/ B0+ F4+ D10/ G6\
Trax_3925446 GringoNZ vs. dgb : @0/ @1/ A0/ @2+ D2/ D3+ A0/ D2/ E2/ F2+ RESIGN
Trax_3926664 davidmilne vs. supermac : @0/ B1\ A2/ B2+ @2\ A1+ A0+ @1\ C0\ D2+ B0/ D0+ E3\ B1+ F5/ C7/ C8/ A8+ RESIGN
Trax_3926715 Miss Traven vs. Christine : @0/ B1\ B2\ A2+ @2/ C3\ C4/ B4+ B5\ D3/ D4+ @3+ E2/ F2/ F1/ E0/ G2\ G4\ H3\ F1/
Trax_3926775 Dragon101 vs. GringoNZ : @0/ @1/ A0/ @1/ @1/ C0/ E3/ E4/ F4/ B3/ @2+ E2+ C4/ B4/ E5+ C0+
Trax_3926778 jazzbeth vs. Authority : @0/ @1/ B2/ C2/ C3/ D3/ D4/ E4/ E5/ B3+ D2+ D1/ C0+ A4/ A5/ C6/ A6+ C0\ C8+ E2\ B1\ C9+ A8+ C10\ B9/ B11+ F3/ A11+ F7\ @8/
Trax_3929760 DavidJ vs. Sassy Lassie : @0/ B1\ A2/ @2+ @2\ B0+ @2/ C4\ B4+ E3+ @4/ B5\ A1\ B0/ @3/
Trax_3929948 Authority vs. jazzbeth : @0/ @1/ B0+ @1/ A0/ B4\ B5\ @1/ A0/ @2+ @2/ B3/ D6/ E7\ C0/ C0+ C0/ E5/ A3+ @3/ B1\ A1\ C0/
Trax_3929967 GringoNZ vs. YankeeFan : @0/ A0/ @2+ A3+ C2/ D2/ B0\ A5+ D2/ @4\ @4\ @3/ B5+ C6/ D1\ C1\ @1+ D0\ E0+ A6+ @6/ J3+ I6+ J6\ H8\ G9+ J7\
Trax_3930236 Carroll vs. JiffyJeff : @0+ A2\ A0\ @2+ A0/ @3+ B0+ D4+ E4\ E6+ F4/ E3\ G4/ F5+ G3\ D7\ F2/ E1/ A1+ A0\ H4+ I3\ I2+ B6+ B7/ J2/ A6+ I1+ F1+ D1\ I0+ @4+ A3\ @3\ A6/ RESIGN
Trax_3931761 Rogue Trooper vs. Sea Breeze : @0+ A0+ @2+ A1+ @2+ A1+ B3/ A0\ @1\ C1/ A0+ B0\ C1+ C0+ D1/ @3+ F2+
Trax_3931855 birddog8560 vs. YankeeFan :
Trax_3931978 Riika vs. Darth Rob : @0/ B1\ B2\ C2+ B3/ A2+ @2/ B3/ B4/ A3/ @3/ A4/ A1\ C0/ @2/
Trax_3932457 Kaisa vs. dgb : @0/ @1/ A0/ @2+ B0/ B4\ D3/ B0+
Trax_3932458 dgb vs. Kaisa : @0+ A2/ B1\ A0/ A4\ @3\ B0/ D4/ A2\
Trax_3932525 dgb vs. Authority : @0/ @1/ @1/ @1/ B0/ A3/ @3/ D4+ F2+ E1\ @1+ D0+ G6\ H3\ E6/ E7/ A7+ @2/ C8+
Trax_3932526 Authority vs. dgb : @0+ B1+ C1\ C2\ B3\ A0/ A0/ C2+ A4+ B6/ @5\ @5\ @5\ F0/ G3/ E0\ D1\ C1+ E0+ @3+ A2\ H3+
Trax_3933186 Authority vs. Traxplayer : @0/ @1/ B0+ @2+ C3/ C4/ D4+ E3+ B4/ RESIGN
Trax_3934414 PK vs. Rand al*Thor : @0+ B1+ B2/ B0/ @2/ D2\ D4\ E3/ A4/ B5+ @3/
Trax_3936564 Kaisa vs. jaha : @0/ A0/ @1/ A0/ @2/ D2\ A3/ @2+ D4+ E3\ F3\ F4\ F5\ E6+ @2/ @3\ @2/ D4+ F5+ J6\ J7\ I1+ J4+ K5/ D6/ D7+ A5+
Trax_3936579 Traxplayer vs. Authority : @0/ @1/ A0/ @1/ A0/ @1/ A0/ A3+ @2\ @2\ F5/ G5/ G6/ C0/ B4+ C5+ F4+ F3+ C6/ D2/ G4\ G3+ RESIGN
Trax_3938661 TrueIndian vs. ypercube : @0+ @1+ A0/ A3/ @3+ @2/ B1+ E2+ C0/ @3+ B1+ @3+ G1/ H1+
Trax_3939811 jazzbeth vs. birddog856 : @0/
Trax_3939811 jazzbeth vs. birddog8560 : @0/
Trax_3939833 YankeeFan vs. Traxplayer : @0/ @1/ C1/ D1/ C2+ E1/ E0/ A4/ @2/ F4\ C5/ G3\
Trax_3939842 Authority vs. ypercube : @0/ @1/ C1/ @1/ B0\ B0\ D4+ E4\ F4\ F5\ E6+ D0/ E1/ F3+ G6+ E0/ F1+ C8+
Trax_3942880 Authority vs. Christine : @0/ B1\ A2/ C1\ A3\ B3\ C4/ D4\ D5\ @3\ A5+ E6\ @4+
Trax_3942881 Christine vs. Authority : @0+ @1+ B2/ B0/ A4\ C3/ @2\ E1/ D0\ E5\ F4\ E6/
Trax_3942882 Authority vs. StackPele : @0/ @1/ B0+ C1+ B3/ B4/ A0/ @2\ B5/ @4+ @5\ A2/ F5+ F6\ B1+ C0\ G4+ @3/ H7\ C7+ G8+
Trax_3942883 StackPele vs. Authority : @0/ @1/ B0/ @1+ C0/ @2/ B0\ A1\ @3/ A5+ @5+ A6/ C6+ @4/ B2\ F5+ A3\ @4/ C7/
Trax_3942884 Authority vs. ypercube : @0/ B1/ B2/ B0/ A0/ @1/ B0/ C1/ C0/ D3\ E3+ @2+ A0+ G2+ G1/ G0+ H3+ @5\ @4/ G0\ F2+ H0/ I1/ D8/ E2/ C3+ A9+ @7\ I8\ C10+ J8\
Trax_3942885 ypercube vs. Authority : @0/ @1/ C1/ D1/ B2+ A0+ B0+ E2+ A5\ B6/ B7/ @3+ E5\ F4/ C0\ C0\ D2+ E1+ @4+ @4/ A3\ @4/ C3+ C2+ D0+ B1/ J6/ K5\ J7+ D0/ D0/ A3\ B2+ A8+ B9+ @7/ A6+ A4/ @5\ F0/ D2/ @5+ A4+ @4+ C9\ B8+ E2\ F1/ E10/
Trax_3942888 Christine vs. ypercube : @0+ @1+ A2\ A0\ @1+ @1/ B3+ @2+ E1+ @2+ D4+ C0\ B1\ B0\ E7\ A2+
Trax_3942889 ypercube vs. Christine : @0+ @1\ @1\ D1/ A0+ C0/ C0+ @3\ D5+ A2/ E1/ F2/ C5+ E0/ F1/ C1\ G2+
Trax_3942890 StackPele vs. ypercube : @0/ @1/ A2/ C2+ A3/ @3/ C4\ C5+ D5\ E4\ E2/ F2\
Trax_3942891 ypercube vs. StackPele : @0+ A2+ A0+ B3/ @2\ @1/ C0+ A1/ D2/ E2/ @1+ @2\ B3+ D0/ D0/ C1/ D0+ D0\ B1+ A3\ B8+
Trax_3942892 GringoNZ vs. *Leo The Lion : @0/ @1/ A0/ @1+ C3/ D2+ A3/ @2\ D4/ E1/ F4\ D5/ F1/ G2+ E0+
Trax_3942893 *Leo The Lion vs. GringoNZ : @0/ @1/ B2+ B0\ B4/ C2+ D3/ B5/ @2/ @4+ D6/ C1+ A2+ B0/ @3+ @3/ B7/ B8/ G2/
Trax_3942894 GringoNZ vs. Kaisa : @0/ @1/ A0/ @2/ A0/ @3+ A4/ @4/ @3/ B5+ D4+ G3+ H3/ D6/ D0+
Trax_3942895 Kaisa vs. GringoNZ : @0/ @1/ B2/ A2+ B0/ B0+ B0/ B0/ @4+ @5\ @4/ @5\ @4/ E2/ D3+ G0/ H4+ E2+ B7+
Trax_3942896 *Leo The Lion vs. Kaisa : @0/ @1/ B2+ B0\ @2/ @2/ D4/ B5+ C6/ E4+ @4+ B6+ B7+ @3/ B2+ E1+ A5+ @3/ G6\ G7\ RESIGN
Trax_3942897 Kaisa vs. *Leo The Lion : @0/ @1/ A0/ @1+ B3+ B0+ C1/ B5/ A0/ @4\ A2+ C0\ E3/ F2\ F0+ G1/ B8/
Trax_3943151 JiffyJeff vs. jazzbeth : @0/ @1/ @1/ A0/ @1/ D1/ C3+ C4/ C5/ E2+ D4+ D6+ E6\ F6\ D7/ A4+ G5+ F3+ @3/ H3/ I3/ G1+ F0\ A1\ RESIGN
Trax_3946175 Riika vs. rabbitoid : @0/ @1/ B0+ B0\ A4/ @1+ D1\ E1\ @4+ @3+ F0\ A2\ F5\ @2/
Trax_3947599 Authority vs. Rogue Trooper : @0/ @1/ @1/ C2+ B3/ B0+ D1\ E3+ F2\ D0+ F5/ E6+ G4+ H4+
Trax_3953685 Rogue Trooper vs. rabbitoid : @0+ A0+ A0+ @2\ C3/ C4/ C5/ A5\ @5+ D6/ D1+ A2\ B3+ @1\ A0\ F6/ C1/ F5+
Trax_3953730 Traxplayer vs. golfnutrof : @0/ @1/ B0/ @1/ D2+ D3\ C0/ @1+ D0+ C6/ B6/ C0+ F6\ F8+ F3/ G6\ F2\
Trax_3953884 YankeeFan vs. Charlo : @0/ @1/ C1/ B2+ D1/ A0+ @2/ @3\ A4+ G2+ F0+ @3+ A1+ B0+ C7/ F6+ D0+ G1/ H2/ G0\
Trax_3956514 Charlo vs. YankeeFan : @0+ B1/ @1/ A2/ A3/ C2+ B0+ D1\ C0+ C0/ E1+ E4+ B7+ E6/ B8+
Trax_3956574 Riika vs. game_77 : @0/ B1\ A2/ @2+ C2\ A3\ B4/ C3+ B0+ @4\ E4\ E3+ A1\ B0/ @4\
Trax_3957744 Thud vs. DavidJ : @0/ A2\ B2\ @1/ B0+ B0\ @1+ D2+ C5+ @1\ C0/ A3+ D7+ D0\ E1+
Trax_3958810 Miss Traven vs. Christine : @0+ @1+ B2\ @1\ D1\ D2\ D3/ E2+ C3+ F2+ E3+ A0\ D1/ B0/ C1/ G4+ E2/ F2\
Trax_3960936 Rand al*Thor vs. balmoral : @0+ @1+ A2\ B0/ C1/ @2+ B1+ B0\ A1\ D0+ E1/ E4\ D5\
Trax_3962568 jaha vs. GringoNZ : @0/ @1/ A0/ @1+ B3+ @2\ @2\ F3/ A3+ B4/ C5+ C6/ B7\ D6+ D8/ A7+ @4\ F6\ C8/ F9\ G7+ C9/ B9/ E10/
Trax_3962576 Dragon101 vs. Traxplayer : @0/ B1\ A2/ A0/ @1+ B4/ @1/ B5+ @3/ @3\ A4\ @4\ B5+ @5\ @5\ C6+ C3\ E6/ C7+ D8/ I3+ J1/ H0/ H0\ H0\ I2+ G2+ F3+ E3/ D3/ C3/ K4\ B7+ D2+ D1/ D0/ I9\ J7\ K8/ C1\ B4+ C0/
Trax_3965689 jazzbeth vs. Riika : @0/ @1/ B2/ A0/ B1+ @2/ D3+ A3/ A4+ B5/ @2+ F3/ F4+ C6/ A6+ @3\ G1\ E0+ H5\ D8/ H9+ I9\ I4/ J6+ H3/
Trax_3965690 Riika vs. jazzbeth : @0/ @1/ @1/ A0/ @2/ D3+ E2+ C1+ C0/ C0/ E2\ A2+ @3\ @3\ A2\ C1/ D0\ A6/ D7+ @5/
Trax_3965691 jazzbeth vs. *Leo The Lion : @0/ A0/ B2/ B3+ B1+ C3\ D3\ A4\ B5/ C1+ E4+ C0/ E1+ E7\ F7+ F4+ G5+ D8+
Trax_3965692 *Leo The Lion vs. jazzbeth : @0/ @1/ B2+ A0+ A0/ C3/ B0\ D1+ D0/ D6\ RESIGN
Trax_3965693 jazzbeth vs. Kaisa : @0/ @1/ B2/ C1/ D2/ B3\ C0/ D1+ A3/ B5\ @3+ A0\ @3/ E0+ @4/ C0\ B2+ C7+
Trax_3965694 Kaisa vs. jazzbeth : @0/ @1/ A0/ @1/ B3/ D3/ B0/ C2/ D2/ D1/ E1/ C0\ F4+ F6+ A1\ @3+ D0+ B6/ G1/ H5/ F0/
Trax_3965695 jazzbeth vs. davidmilne : @0/ @1/ B2/ A0+ A3/ @3/ @3+ A4/ E3\ C4+ A5/ F3+ G3/ B0/ @5+ H2+ G1+ F0/ D7\ E8/ A2+ RESIGN
Trax_3965696 davidmilne vs. jazzbeth : @0/ @1/ A2+ A3/ A4/ B3+ C3\ A5/ @3+ @5/ B6\ F2+ D0/ F7+ RESIGN
Trax_3965697 Riika vs. *Leo The Lion : @0+ B1/ B0+ A3/ C2\ C3\ A4/ A5+ @3+ E5\ E6+ E2/ F5\ D1/
Trax_3965698 *Leo The Lion vs. Riika : @0/ @1/ B0+ A3+ A4+ @3\ D3\ C4+ C5\ D5\ D6\ E3+ F4/ C0/ B1+ D1+ F8\ G7+ C8/ F9\ B8\
Trax_3965699 Riika vs. Kaisa : @0+ A2\ B1+ A0\ A0\ B1\ A0\ @4+ D4\ E5/ D2+ F4+ @3/ G2/ @4\ E0+
Trax_3965700 Kaisa vs. Riika : @0/ @1/ B2/ B3/ C1+ A3/ @2+ B4/ B5+ E3+ C6\ A0+ F4+ @3/ D8/ C8/ B6+ B7+ @5+
Trax_3965701 Riika vs. davidmilne : @0+ A0\ A3/ @3/ A4/ @4/ A0\ @1\ C0/ D1/ E3\ A6/ @4+ G3\ C7+ B8\ A7+ @7/ G5+ I4/
Trax_3965702 davidmilne vs. Riika : @0/ @1/ A2+ C2/ @2\ D1/ A0+ E3\ C4/ D5+ E5\ F2/ F1/ C0+ C0\ E8\ G8+ A2+ @4+ I5+ D0/ F2\ D0/ C1+ F11+ E1\ E0/ F1+ D12/ C1/ D13\
Trax_3965703 *Leo The Lion vs. Kaisa : @0/ @1/ A0+ A3\ C1\ @1/ A3+ C3+ A4/ A5/ @5/ @5+ D6+ E6+ E7\ A2\ B7/ @2/
Trax_3965704 Kaisa vs. *Leo The Lion : @0/ A0/ @1/ A2+ C1/ B3/ D1\ E1\ F1\ C0/ F0+ G1/ A1+ A0/ @3+
Trax_3965705 *Leo The Lion vs. davidmilne : @0/ @1/ A0+ @1\ B3/ C4+ D2/ B5\ @1+ C0/ C0/ F5+ B0\ RESIGN
Trax_3965706 davidmilne vs. *Leo The Lion : @0/ A0/ B1+ A3\ A0/ @3/ A0+ @3/ C0\ B0/ @5+ A6/ @6/ A7/ A8+ @6+ G2+ H4\ I5/ H6+ I3/ J3/ F8+ F9/ D1+ F10\ RESIGN
Trax_3965707 Kaisa vs. davidmilne : @0/ @1/ A0/ @2+ B0/ A4/ B4+ D3+ C5/ RESIGN
Trax_3965708 davidmilne vs. Kaisa : @0/ @1/ A2+ C1/ C0+ A4/ D3+ D4\ D5+ E4/ C0/ B1+ @5+ A6+ D7\ E8/ F7+ E1/ F1/ A7+
Trax_3965709 GringoNZ vs. Authority : @0/ @1/ B0/ A0+ @3/ A4/ @1+ @2+ @3+ A5+ C6/ C0\ B1\ A1+ C0+ @5+ A7/ H6+ E7+ @3\ A2\ A7+ D8/ @4/
Trax_3965710 Authority vs. GringoNZ : @0/ @1/ B0+ C1+ B3/ B4/ C2+ C5\ D5/
Trax_3965711 GringoNZ vs. dgb : @0/ @1/ A2/ C2+ A3/ @3/ D4+ E4\ B5/ F4/ F5+ F6\ G6\ C6\ D5+ G7\ RESIGN
Trax_3965712 dgb vs. GringoNZ : @0+ B1+ @1/ A2/ @2\ B0/ B0/ C0\ C6/ D6/ A1+ C7\ @1/ B0\ C7/ RESIGN
Trax_3965713 GringoNZ vs. Traxplayer : @0+ B1+ B2+ C1+ C2+ D1+ B0/ B4/ B0/ A2+ @2/ @3\ D0+ F3+ G3/ B2\ @3/ D0/ E8+ D6+ C1+ D0+ B7+ @6/ J5\ I6+ I7\ J7\ I3/ J2\ K3/ D0\ C1\ D0\ G11\ F12/ F3+
Trax_3965714 Traxplayer vs. GringoNZ : @0/ @1/ A0/ B1/ C2/ C3/ D2/ B0+ C1/ RESIGN
Trax_3965715 GringoNZ vs. ypercube : @0+ @1+ A2+ @1+ A2+ @1+ B0/ C4\ B0/ D2+ E2\ @3\ B2\ G2\ D0+ C6/
Trax_3965716 ypercube vs. GringoNZ : @0/ @1/ A2+ A3+ B0+ C3/ @4\ A2+ C0+ A1\ @1\ C6\ C7\ A5+ A0+ D8/ @6/ C7+ A2\ B4\ @4+
Trax_3965717 Authority vs. dgb : @0/ A0+ A0\ @1\ C2\ A0/ A0/ D4\ B2+ A0/ @3+ D2/ D3+ C0/ D1/ @2+ B1\ E0/ F1/ B1\ A1\ C0/
Trax_3965718 dgb vs. Authority : @0/ @1/ @1/ D1/ B0\ B0+ C4\ B0/ A2\ @1/ E0/ F1/ D0\ C1\ B8/ A8/ @6+
Trax_3965719 Authority vs. Traxplayer : @0/ @1/ @1/ @1/ B2+ A0+ B4/ B5/ B0+ E2+ E0+ @4+ F5\ D6+ G3+ RESIGN
Trax_3965720 Traxplayer vs. Authority : @0/ @1/ A0/ @1/ A0/ @1/ A0/ @1/ A0/ @1/ A0/ @1/ A0/ @1/ A0/ @1/ A0/ @1/ A0/ @1/ A0/ @1/ A0/ @1/ A0/ @1/ A0/ @1/ A0/ @1/ A0/ @1/ R16+ R17\ Q18+ Q19/ Q20/ S17\ O19/ Q15/ Q14/ Q13/ N12+ P11+ S14+ T14\ T16+ N15/ L13+ L14+ K13\ M19/ O20/ L15/
Trax_3965721 Authority vs. ypercube : @0/ @1/ C1/ D1/ C0+ D3+ C4+ B5+ C0/ D0\ @7+ @7\ B8+ G5+ G6\ H6\ F7/ I5/ I4/ G3+ D2+ E0/ C2+ B3+ J7+ D0+ G10+ I10+ C11/ D11+ E11+ F12/ I11\ J11\ K10+ B12\ K6/ A11\
Trax_3965722 ypercube vs. Authority : @0/ A0/ B1+ C1/ D1/ A3+ @1/ @1/ C0+ B3/ E3+ D5/ RESIGN
Trax_3965723 dgb vs. Traxplayer : @0+ B1+ B2+ C1+ C0+ D2+ D1+ D0+ E2\ F2\ G2\ B5+ D4+ @3\ A2\ C1+ C0+ H5+ @3/ G2+ J2+ RESIGN
Trax_3965724 Traxplayer vs. dgb : @0/ @1/ A0/ @2+ A0/ @3\ A0/ @1+ A0\ @4/ A5/ D6/ E6+ @3\ B2+ E7/ RESIGN
Trax_3965725 dgb vs. ypercube : @0/ @1/ B0/ @1+ C0/ D1/ A0+ @3/ @4\ @3/ B5\ G5+ H2+ F0+ E7\ E8\ F8\ I6+ D8+ RESIGN
Trax_3965726 ypercube vs. dgb : @0/ @1/ A2+ C1+ B0/ B4\ B5\ B0+ @4\ D6\ E6\ B6+ RESIGN
Trax_3965727 Traxplayer vs. ypercube : @0/ @1/ A0/ @2+ A0/ @2+ C4+ E3/ E5/ A3/ E2/ F2/ F1/ @2\ B0\ @4/ A5+ A6\ C5/ E6+ I5+ C7+ D8/ E8+
Trax_3965728 ypercube vs. Traxplayer : @0/ B1\ B2\ A0/ A0/ @2+ @3\ E3+ A4+ E5/ F2+ C0\ C0\ @4/ B3+ @5\ @5+ J4\ K4\ J3+ F8+ G9/ H8+ I5\ J6/ G10+ K8\ I9+ D8/ RESIGN
Trax_3966520 jazzbeth vs. rabbitoid : @0/ A0/ B2/ B1+ @1/ D2/ A2/ D3+ C4+ @2/ E4+ F2/ F0/ G1/ A1+ D0+
Trax_3966550 GringoNZ vs. Rogue Trooper : @0/ A0+ A0\ @3/ A4/ @4/ D1\ C5+ D4\ E2/ E3+ D5\ F3\ G4/ G6+ H6\ H7\ I4/ J5+
Trax_3966660 Kaisa vs. jazzbeth : @0/ @1/ A0/ @1/ B3/ D3/ B0/ C1/ C5+ D1/ E5+ A5+ F5/ C6/ A0\ @3+ G1/ F0/ H3/
Trax_3968142 YankeeFan vs. birddog8560 : @0/
Trax_3969612 YankeeFan vs. JiffyJeff : @0/ @1/ C1/ D1/ B2+ D0/ @2/ B4+ B0+ @1+ A4+ D0/ C7/ D7+ F6\ G6+ @6\ E8+ E9/ C9+ E0/ F2/ B9+ H6/ F10\ H8+
Trax_3969739 Charlo vs. Traxplayer : @0+ B1+ B2/ A0\ A0\ @3+ @2/ D2+ E2/ E0+ B1+ D0/ C0+ A2+ @5+ @4+ B1+ H3+ I3/ E0/ E0/ D2+ C1+ A2+ @3+ H2+ I4+ H0/ I3/ E1+ E0/ B2\ C1\ A2/
Trax_3972185 PK vs. Rand al*Thor : @0/ B1\ A2/ @2/ B3\ C3\ @1+ C0/ A0+ @2/ D0/ E1/ F4+ F6\ C7+ B7/ A6/ @6/ A7/ A2\ C8+
Trax_3972186 Rand al*Thor vs. PK : @0/ A2\ B2\ B3+ B1/ C1/ B0+ @4/ B5\ A1\ @1+ C0\
Trax_3972189 PK vs. Goonerg : @0+ @1+ B2/ B0/ B0+ A1+ B0/ C3+ @3+ @3/ D6/ A2\ @3/ F2+ C1\ E0/ F7\ C7/ D8/
Trax_3972190 Goonerg vs. PK : @0/ B1\ A2/ @2+ B0/ @1+ C0/ A0+ A0/ @4/ E1/ F2/ D0/
Trax_3972191 Leeeeeesa vs. Rand al*Thor : @0/ B1\ A2/ B2+ A3\
Trax_3972192 Rand al*Thor vs. Leeeeeesa : @0/ B1\ A2/ @2/ A0+ B0/
Trax_3972195 Leeeeeesa vs. Goonerg : @0/ B1/ A0\ @2/ @2\ A1/
Trax_3972196 Goonerg vs. Leeeeeesa : @0/ B1\ A2/ @2/ B3\ C2+ D2\ B4\ C3+
Trax_3972197 Rand al*Thor vs. rapscallion : @0/ B1\ B2\ C1\ A0\ @1\ B3/ B4/ C1+ A2/ @2/ C5\
Trax_3972198 rapscallion vs. Rand al*Thor : @0/ A2\ B2+ C2/ C1/
Trax_3972199 Rand al*Thor vs. Goonerg : @0/ B1/ C1\ B2/ @1\ B0/
Trax_3972200 Goonerg vs. Rand al*Thor : @0/ B1\ A2/ B2\ B3/
Trax_3972201 rapscallion vs. Goonerg : @0+ A0/ A3\ B3\ C2+ A0/ @3/ A2+ C5+ D0/ E3+ A1\ @4/ C0/
Trax_3972202 Goonerg vs. rapscallion : @0/ B1\ A2/ @2+ B0/ C0/ D3\ E2+ E1/ F1/ C0+ B1\ A1\ @3+ C0+
Trax_3972508 Rand al*Thor vs. Riika : @0/ A0/ B2+ B3+ C1\ @1\ B0/ E1/ D0\ B1+ @3\ D6/ C0\ A3/ A2+ @3/ C6+ D8+
Trax_3972748 ypercube vs. Authority : @0+ @1+ B2+ A0+ A0+ B5/ @3\ B4+ B0/ C1/ D5/ D3+ B7\ C8/ B9\ C10/ A8+ @3/ E8+
Trax_3972812 Miss Traven vs. Christine : @0+ @1+ @1/ D1\ A2/ D2\ B3/ E2+ A3/ F2+ B4\ C4\ C0/ G3+ D6\ E6\ E4+ F6/
Trax_3974133 dgb vs. Kaisa : @0/ @1/ @1/ C0+ B0+ B0/ B0/ A2+ B0/ B0+ B0/ C5+ @5\ E7\ E9+ E3/ RESIGN
Trax_3975623 Dragon101 vs. jazzbeth : @0/ @1/ B2/ C2/ D2/ D3/ @1/ A0/ @2+ E2/ B3/ B4\ C4+ @2/ B4+ C0/ D1/ A1\ F2+ @2/
Trax_3979316 dgb vs. *Leo The Lion : @0/ A0/ A0/ B2+ A4\ @4\ B0+ @3+ E2/ E1/ F1/ C0/ F4\ G5/ C7\ E6+ A7/ A8\
Trax_3979317 *Leo The Lion vs. dgb : @0/ @1/ @1/ D1/ D2\ E2\ A0\ @2/ B4+ D0+ F2+ F6\ G6\ C7/ G3/ D0+
Trax_3979318 dgb vs. ypercube : @0+ @1+ A0+ B1+ @1\ C3\ C4\ D1/ C0/ C0/ D1/ C7\ D7\ E3+ F2\ E7+ F0/ RESIGN
Trax_3979319 ypercube vs. dgb : @0+ B1+ A2+ @1+ C2+ D1+ D0/ C4\ D0/ E1/ C1\ B0/ D6\ F2/ B6+ C7/ RESIGN
Trax_3979320 *Leo The Lion vs. ypercube : @0/ @1/ A2+ C1+ B0/ C4\ D3/ @2+ B4+ C5/ C6/ B6/ A3/ @2\ A0+ G3\ @2/ B0\ G3+ G8+ G9\ B6+
Trax_3979321 ypercube vs. *Leo The Lion : @0/ A0/ B1+ B0+ @3/ @3+ C1+ B0/ @1+ C0/ C0/ E3+ @5/ A6/ A1\ @6+ @4+
Trax_3979322 GringoNZ vs. Authority : @0/ @1/ A2/ C2+ A3/ @3/ D4+ C5+ B6+ E1\ F2/ @6+ H1\ A1+ RESIGN
Trax_3979323 Authority vs. GringoNZ : @0/ @1/ C1/ C2/ D2/ D3/ E3/ A0/ @1+ @2\ C3/ C0+ D1+ B0/ F3/ F2/ E6+ G4+ H5/
Trax_3979324 GringoNZ vs. Traxplayer : @0/ @1/ B2/ C2/ A0/ @2/ C4/ E4/ @2/ C4/ D5+ G4+ G3+ F2/ F1/ E0+ C1+ H3+ E0/ E8+ B5+ F9+ D8/ I3\ H2/ B7+ J3/ I2+ I1/ J1/ J0/ K3\ E1\ D2+ H2+ H0\ G1\
Trax_3979325 Traxplayer vs. GringoNZ : @0/ @1/ A0/ @1/ A0/ @2+ D4/ E4/ E5/ F5/ F6/ B0\ @2/ C4/ C5/ A4+ C6+ H6/ D7+ C7/ @3+ F8+ I5/ G9/ J5+ J4/ E8+ @4\ @3/ B2+ K4+ B5+ E6+ @2\ RESIGN
Trax_3979326 Authority vs. Traxplayer : @0/ @1/ B0+ @2+ A0/ B4\ @2/ E2/ E1/ C0+ C6\ F2+ F4/ E0/ F1/ @3\ A2\ @4/ A5/ D2+
Trax_3979327 Traxplayer vs. Authority : @0/ @1/ A0/ @1/ A0/ @1/ A0/ A3+ @2\ @2\ F5/ D1+ E1\ C0/ B2+ D5/ C0\ F3\ G3\ C0\ D2+ E3+ H4+ D8+
Trax_3981280 Authority vs. Rogue Trooper : @0/ A0+ A0\ @1\ A0\ @4+ @3+ B0/ B6/ A6/ @6+ @5/ C7/
Trax_3983125 JiffyJeff vs. Carroll : @0/ @1/ B0+ A0/ @1+ @2\ C4+ A0/ @4\ D6/ F3/ A1\ A0\ G3\ D1/ RESIGN
Trax_3984048 jazzbeth vs. birddog856 : @0/
Trax_3984048 jazzbeth vs. birddog8560 : @0/
Trax_3984206 dgb vs. Traxplayer : @0+ B1+ @1/ A2/ B3/ B4/ B5+ C5+ B6/ A3+ @3/ @4\ C5+ @4+ E7\ F7\ F8\ RESIGN
Trax_3984207 Traxplayer vs. dgb : @0/ @1/ A0/ @2+ C3/ B0\ C1\ D3+ B0/ C6\ E4\ F4\ E3+ G3+ F2/ H3\ I3\ D2+ F1+ I5+ H6+ C1+ RESIGN
Trax_3985245 davidmilne vs. csain1 : @0/ A0/ B1+ B0+ @3/ @2+ A1\ E2/ F2/ G2/ G3+ C4+ B5\ C6/ D5+ @1\ D0+ @3/ A4/ A5/ B6+ C7/ B8\ C9/ @4+ D0+ @6\ @5/ B7+ C8/ C11+ B11/ A10+ @9/ H10/ @8+
Trax_3986965 dawn1968 vs. Rand al*Thor : @0/ B1\ A2/ @2/ A3/ C3/ D1/
Trax_3987087 whatever vs. Linda Sue : @0/ B1+ @1\ A0\ A0\ A4/ D3+ @4\
Trax_3987121 Rogue Trooper vs. YankeeFan : @0+ B1\ B2/ @1/ A2/ @2/ D3+ C4\ B5+ @4\ A2+ D6/ D7/ A6/ @6/ F5\ G5\ C7+ G2/ RESIGN
Trax_3987157 golfnutrof vs. Riika : @0/ A0/ @1/ A0/ @2/ @1/ D1/ @1\ A0\ B3/ D4+ C5+ A4+ C6+ E1/ E0+ F3+
Trax_3987177 Authority vs. JiffyJeff : @0/ A0/ @2+ @1/ D1/ D0/ E1/ C0\ A1\ RESIGN
Trax_3990228 Goonerg vs. Rogue Trooper : @0/ A0/ @1/ @1/ A0/ @2/ E2/ C1+ A3/ E0/ F2\ A1\ C0+
Trax_3990237 YankeeFan vs. rabbitoid : @0/ A0+ A0\ @3/ A4/ @4/ D2/ B0/ @2+ E4+ @4+ A6/ @6/ F6+ D7+ H5/
Trax_3990301 GringoNZ vs. supermac : @0/ B1\ A2/ @2/ B0/ @1+ C0/ D4+ B5/ E2+ E0+ A7+ @4+ E7+ G2\ @4/ C8/
Trax_3990454 Authority vs. dgb : @0/ @1/ A2+ C1+ B3/ B0\ @2/ @3\ @2/ E5+ D5+ C1+ @2+ A0+ B0+ C6+ F2+ G3/ H3/ H2/ G1/ G0/ H1/ I4+ J3+ J5\ J6\ C8/ C9/ A6+
Trax_3990565 Lady Fiona vs. Authority : @0+ B1+ A2\ B0/ C1\ @3\ D2\ C4/
Trax_3991228 whatever vs. Authority : @0+ @1+ @1+ @1+ @1+ @1+ A2\ B0/ @2+ @2+
Trax_3991229 whatever vs. Authority : @0/ A0/ A0/ A0/ A0\ @1/
Trax_3991953 game_77 vs. Linda Sue : @0+ @1\ @1+ A0/ D2+ E2+ D3\ E1/ A0/ @1\ B0\
Trax_3995071 Charlo vs. Nukkle Dragger : @0+ A0+ A0+ @2/ C2/ B0/ D1+ D0+ E3/ D4+ D0+ E6\ F6\ A7\ @7+ D7\ C8/
Trax_3995083 Traxplayer vs. jaha : @0/ A0/ @1/ B0+ C3/ C4+ A4/ C5/ @2/ D1/ @1\ RESIGN
Trax_3995628 Kaisa vs. Riika : @0/ A0/ @1/ A0/ @2/ @2/ E2/ A3+ E1/ @1\ D0+ A4/ @2+ A1+ D0/ H2\ G1+ F0/ I6+ J5\ H7+
Trax_3998357 Northwoods vs. DavidJ : @0/ B1\ A2/ A0/ @2+ C3+ D2+ B0+ @2+ C0+ E2/ F2/ C6+ C0+ B2+ @2\ B1/ C0\ B0/ G3/ H5/ F9+
Trax_3999837 Goonerg vs. Riika : @0/ @1/ B2/ B0/ C2+ D1/ B0/ A0\ @3+ D6\ E4\ F4\ B0\ G5/ G4/ H4/ E3/ D2+ I5+ I6\ H7+ H2+ G8/ E7\ C8+ G1/ B7+
Trax_3999887 Rogue Trooper vs. golfnutrof : @0+ A2/ A0\ @3/ C2/ B0\ @1+ @2\ @3+ @3\ B1+ C5+ RESIGN
Trax_3999988 Authority vs. jaha : @0/ A0/ B1+ @2\ B3\ D2/ B0/ B0/ E4/ F4/ D2+ E1+ D5+ A1+ F6\ G4/ B6/ B7+ A6\
Trax_3999989 dgb vs. GringoNZ : @0+ B1+ @1/ A0/ A0/ D3\ B4/ D2+ B0+ E4\ @3/ @2\ A1\ @1\ I4/ H5\ G6+ @3+ B4/ D5/ E6/ F7/ F8/ RESIGN
Trax_4001194 mcinturff vs. FrostyColdOne : @0+ @1/ A0/ A0\ @1\ D2/ D1/ B0\ A1\ B0/ B0/ C2/ C1+ D1/ E2/ E1/ E0+ F2\ A7/ @6/ C8+
Trax_4001634 YankeeFan vs. Nukkle Dragger : @0/ B1\ B2\ C2\ D1+ B0\ D0+ D0\ A2+ E4/
Trax_4003169 Rogue Trooper vs. Charlo : @0+ A2/ @2\ A3/ @2\ C0/ D3/ B5/ C5+ A4+ B2+ @2/ B1+ @2/ B5+ C0/ B1+ @5/ B0/ A1+ @2+ F1+ I3+ F8+ E0+ H2+ B1\ D0/ A3+
Trax_4003307 Kaisa vs. dgb : @0/ @1/ A0/ @2+ B0/ B4\ D3/ C4+ E3/ C2+ D1+ F3+ D5\ B0/ C0+ @2\ C1+ H5\ RESIGN
Trax_4003308 dgb vs. Kaisa : @0+ A2\ @2\ A0/ B4/ B5/ A0/ C3/ D3+ C0/ D1+ B0+ B0/ A3+ @3\ B1+ @3\ G3\ G4\ RESIGN
Trax_4004637 golfnutrof vs. Traxplayer : @0/ B1\ A2/ @2/ A0/ A4+ A5/ @5+ D3+ E3\ F3\ G3\ F5+ C6+ D1/ E2+ H2/ RESIGN
Trax_4004708 YankeeFan vs. birddog8560 : @0/
Trax_4004753 Charlo vs. jazzbeth : @0/ @1/ A2+ B0\ @2/ C4/ D4+ @2/ C5\ A1\ @2/ G4/ D0+ B5+ D0+ B1\ D0+
Trax_4006007 Rogue Trooper vs. jaha : @0+ A0/ B1\ A3/ @3/ @3+ B1+ @1+ E3+ E4\ F2/ F3+ G1\ G0/ H1/ B1+ C1+
Trax_4007171 Carroll vs. JiffyJeff : @0+ A2/ B2+ @2\ B3\ C3\ C4/ D2/ C1+ E1+ C0/ A2\ E3+ F4/ E5+ E6/ C6+ F2+ G2/ G5/ F6+ H5/ I4\ H7+ G8\ F8+ J2+ J1/ D7\ C8+ E9\ C9+ B6\ A5/ @5/ C7+ K0+ L3\ M3\ A9/ K6+ @9\
Trax_4008447 dgb vs. Authority : @0/ @1/ @1/ @1/ B0/ A3/ @3/ @3+ D4/ B4/ D5+ G4+ H2/ H1/ E6/ H5+ I4\ C6+ @3/ @3/ J0/ D1+ I8+ J9/ J10/ L6+ D0/ D0/ C2+ B1/ A2/ @2/ @2/ B3+ E8+ D9+ H10+ B4\ K4\ K0+ D1+ D0/ C3+
Trax_4008448 Authority vs. dgb : @0/ @1/ B2/ C1+ A0/ B4\ D3/ @2+ D1/ D0/ D0/ F1/ D0/ G5\ G6\ H6\
Trax_4009370 YankeeFan vs. birddog8560 : @0/
Trax_4010849 jazzbeth vs. Thud : @0/ B1+ C1/ B2\ D1/ D0/ A4/ RESIGN
Trax_4016355 davidmilne vs. *Leo The Lion : @0/ A0/ A3/ @1\ B0+ @3+ @2/ A1+ D0/ @3/ B5+ @3+ E6\ G6+ H6/ A4+ B6+ E1+ C7+ A1+ B0\ C0+ @5/ G9+ H10/ J5+ H4+ K7\ K8\ I9+ A8/ K10\ A9\
Trax_4016356 *Leo The Lion vs. davidmilne : @0/ @1/ B0/ @2+ B3/ D2+ @2/ @2/ B1+ A0/ D5/ B0\ @1+ G1/ C0+ H3\
Trax_4016357 davidmilne vs. Riika : @0/ @1/ B0+ @1/ D2/ A0\ @1\ @1/ A2\
Trax_4016358 Riika vs. davidmilne : @0/ @1/ C1/ B2+ @1/ C0+ C4\ B4+ C0/ E4+ C0/ @6/ B7\ A3\ C2+ @5\
Trax_4016359 davidmilne vs. dgb : @0/ B1/ B2+ B3/ A4\ @3+ @2/ B1+ C5\ E5\ D6/ @3+ F2+ G2+ H4+ G6+ D0+ D0/ E0\ C2+ A7+ @6\ F10/ H4/ H3/ D0\ RESIGN
Trax_4016360 dgb vs. davidmilne : @0+ A2/ A0\ @3/ A4/ @4/ A5/ @2+ C0/ C7+ E7+ F5+ E2+ RESIGN
Trax_4016361 *Leo The Lion vs. Riika : @0/ A0/ B2+ B3+ C2/ @1\ A0\ @3/ A4/ D5/ E1/ B0\ F2\
Trax_4016362 Riika vs. *Leo The Lion : @0/ A0/ A3/ @1\ A0\ A0\ C5\ C6\ @5/ A6/ D7\ @2+ D2/ F7\ G5+ @4+ I5\ E6+ E8+ C7+ I8\ E9\ J7\
Trax_4016363 *Leo The Lion vs. dgb : @0/ B1\ A2/ A0/ @2+ B4/ D2\ @2\ A3+ F2\ A5/ @5/ E3+ F4+ H2\ H5+ I3/ D0/ RESIGN
Trax_4016364 dgb vs. *Leo The Lion : @0/ @1/ B0/ @2/ B0+ @3+ C4+ C5/ A0/ E3/ D6+ A0+ @3/ @3+ F2+ H4/ I3\ J4/ G1+ RESIGN
Trax_4016365 Riika vs. dgb : @0/ @1/ C1/ @1/ C0/ C0/ @3/ A0\ @3+ F1/ D0+ D6+ D0+ F5+
Trax_4016366 dgb vs. Riika : @0+ B1+ B0+ @2\ D2\ D3\ D4+ D5/ D6/ A1\ A3/ @4\ C0+
Trax_4016369 Northwoods vs. Authority : @0/ @1/ B2/ C2/ B3+ D2/ E2/ C1+ A3/ A0\ RESIGN
Trax_4016370 Authority vs. Northwoods : @0/ A0/ B2/ B3/ C3/ C4/ C2+ B4/ A4/ @1\ B0/ E5\ C6+ F4/ F3/ @4/ H4+ E2/ H6+ G7\ F1+ I7/ F8+ J5/ I4+ J4+ J3/ I2\ I8\ I9+ J8/
Trax_4016371 Northwoods vs. jazzbeth : @0/ @1/ B2/ C2/ B3/ D3/ E3/ E4+ E2/ F3+
Trax_4016372 jazzbeth vs. Northwoods : @0/ A0/ @2/ A0/ @3/ @1+ B0/ B0/ C1/ C0/ D4+ D7\ E5+ E1+ @4/ D8+
Trax_4016373 cire4791 vs. Authority : @0/ @1/ A2+ A3/ C2\ C3\ A4/ D2+ C5\ D5\ E5\ A0\ @2/ E1/ E0+ F3/
Trax_4016374 Authority vs. cire4791 : @0/ B1\ A2/ A3+ A4\ B4\ B5\ C4/ C1/ D1+ B0/
Trax_4016375 cire4791 vs. jazzbeth : @0/ @1/ B0+ B0/ A4+ @3/ D1/ A1\ D0+ @2/
Trax_4016376 jazzbeth vs. cire4791 : @0/ A2\ B2\ B1+ A3+ @1/ B0/ D1/ B0/ A0\ @3+ A5+ E6/ D7\ F3\
Trax_4016377 Authority vs. jazzbeth : @0/ @1/ A0/ @2+ B0/ B4\ D3/ C2+ D4\ E2\ B5+ A5/ @1\ C0+ A6+ @5/ C7/
Trax_4016378 jazzbeth vs. Authority : @0/ @1/ A2/ B3+ C1/ C0/ D4+ E3+ @2+ A0+ E1+ A0/ @4/ F7\ G6\ @4/ @5\ D6+ E7+ B7\ G0+ A9+ @6+ K3+ J2/ K7\ L4+ J8+
Trax_4016379 ypercube vs. GringoNZ : @0/ @1/ A2+ @2+ C0+ C0/ C0/ C0/ D2+ D6/ B1+ A5+ B7+ RESIGN
Trax_4016380 GringoNZ vs. ypercube : @0/ A0/ @2/ A0+ @3/ A4/ @1+ @2+ @3+ C0\ B1\ B0\ A1\ F7+ G4+ B7/ B8/ A0\ @1\ D0+ F2/ I6/ @2\ A0+ A9/ RESIGN
Trax_4016381 ypercube vs. Charlo : @0/ @1/ A2+ @2+ C0+ D2+ C4+ E2+ E4\ D5/ @3+ C4/ B1\ C0/ G4+ E7/ C8+ B8/ A7+ @5+ D9\ H6+ @5\ G2/ G0/ H1/ I1/ J1+ J0/ J8\ F1\ E1\ J0\
Trax_4016382 Charlo vs. ypercube : @0/ @1/ A2+ @2+ B0/ B4/ @3/ @3/ D5/ F3+ E5+ A6+ @3/ F6\ G6+ D7\
Trax_4016383 ypercube vs. Kaisa : @0/ @1/ A2+ C1/ D2/ B3/ C0+ D2+ E2/ E1/ A0\ RESIGN
Trax_4016384 Kaisa vs. ypercube : @0/ A0/ A3/ A0/ B3\ A5/ A6/ @5+ C5\ B7/ RESIGN
Trax_4016385 GringoNZ vs. Charlo : @0/ A0/ @2+ C1+ B3\ B0+ D3\ C4+ C5\ D4\ E4\ D5\ D6\ E5\ B6/ A5+ @5\
Trax_4016386 Charlo vs. GringoNZ : @0/ @1/ B0+ C1+ A0/ @1\ B0/ @2\ C5/ @4+ F5\ RESIGN
Trax_4016387 GringoNZ vs. Kaisa : @0/ A0/ @2+ B0/ A4/ @4/ @4+ B5+ E2+ C0\ B1\ @4/
Trax_4016388 Kaisa vs. GringoNZ : @0/ @1/ B2/ A2+ B0/ A4/ @4/ @4+ C5/ E2+ F2/ G2/ F3+ D4+ C6/ B6/ @4/ A7/ RESIGN
Trax_4016389 Charlo vs. Kaisa : @0/ A0/ @2+ B0/ C3/ B0\ C1\ B0+ D3/ C0+ E6+ B7+ @5/ B2\ @5/ C1+ E8+ A1\ @1\ C7+ D8/ A7/ A8/ B9\ @7+ A5+ J4+ G0/ I4+ C1+ C0/ B5+
Trax_4016390 Kaisa vs. Charlo : @0/ @1/ B2/ C2/ B0/ B0/ B5/ C1+ @1+ C0/ C0/ E3/ @5/ B6\ F7\ F0/ G5/
Trax_4017938 Miss Traven vs. Christine : @0+ B1+ B2\ @1+ @1/ E1\ A2/ D3/ A3/ E2\ A4/ F2+ A5\ G2+ C0/ H3+
Trax_4019463 JiffyJeff vs. Rogue Trooper : @0/ B1+ A2\ A0/ B3\ B4\ C4\ D4+ C5/ D1/ RESIGN
Trax_4019616 Loretta vs. Authority : @0+ @1+ C1+ D1+ E1\ E2\ D0+ F3+ E4\ G3+ H3/ H2/
Trax_4019623 jaha vs. Kaisa : @0/ A0/ B2/ A3/ A4+ C2+ @3\ @3\ D1/ F2/ G1\ E5\ F5+ G5/ F3+ F0+ E0/ E8/ E9/ D9/ C9+ H5+ H3+ F9+ C10\ H8\ I5\ G9\
Trax_4020647 wrain vs. Authority : @0/ @1/ A2\ C1\ D1/ B2\
Trax_4021478 Chad vs. KaTtdAnCe : @0/ B1/ B0\ A1+ A3\ B3+
Trax_4022574 jaha vs. Goonerg : @0/ A2/ @2\ C2/ B3+ C4/ A4\ @3/ @4\ E5/ F5+ A6/ @4\ E7\ F7\ H7\ H8\ F8+ E9\ C2+ @2\ C1/ E0+
Trax_4024026 Sassy Lassie vs. Rand al*Thor : @0+ A0+ A3+
Trax_4024266 dawn1968 vs. Dragon101 : @0/ A0/ B1/ C2/ B0/ @1/ A3\ D2+ C4/ A4+ D5\ E3+ B5/ D6+ A6+ @3+ A1+ D0+ B8/ A8/ @5\ @5\ B1+ A3\ B6+
Trax_4024286 YankeeFan vs. Riika : @0/ A0/ B1+ A0\ @1\ C1+ B0+ B5/ A5/ @5+ C6+ @3\ A2\ @2\ A1\ D0/ G4+ @4+ H2/ H1/ H0/ I2+ I5+ H7/ F0+ E1\ D1+ D9+
Trax_4024287 Authority vs. Traxplayer : @0/ @1+ @1\ A0\ @1\ A0\ @1\ A0\ E5/ E6/ C5+ F3\ D0+ G1/ D0/ H4\ @7/ C8+ H6+ @6\ I9+ J8\ A3+ @6+ L4+ L5+ L8+ M2+ J1/ H0+ E10/ F11+ I11/ I12/ J11+ I13/ K12+ @6+ B4+ O3\ P3\ Q3\ Q5/ K1/ K0+ F3\ F2+ F1/ M1+ G0+ H0\ I3+ J2+ J0+ L3+ H0\ G1\ F4\ E3/ B14/ A14/ C16+ I0+ F18/
Trax_4025514 golfnutrof vs. ypercube : @0/ A0/ @2/ @1/ D1/ D3+ E3\ E4\ F1+ B4/ A3\ C5\
Trax_4033982 Rogue Trooper vs. Charlo : @0+ A0/ B1\ A3/ A4+ @2+ @2/ D3+ D0\ C0/ E3\ F2+ A6/ @6/ A7/ C2+ D0/ H3/
Trax_4034009 jazzbeth vs. JiffyJeff : @0/ @1/ A2+ @2+ D2+ D3\ D4\ E4\ F4+ RESIGN
Trax_4034106 YankeeFan vs. Dragon101 : @0/ A0/ @2+ @2\ D1/ A0+ @2/ E0/ F3/ B5+ @3+ E0+ B2+ @2+ E0/ H7\ I5/ E8/
Trax_4035207 PK vs. Goonerg : @0/ @1/ A2+ @2+ C3\ D2/ E2/ B0\ A1\ @1+ A0\ B1+ D0/ E1/ E4+ F6+ A5/ @4\ C6+ G1/ G2+ H1/ D0\ H5+ I3\
Trax_4035208 Goonerg vs. PK : @0/ A2\ B1/ B0+ @3\ A0/ @3/ @1+ C0/ D6+ A5+ D1/ E0\ E7/
Trax_4035741 dgb vs. jazzbeth : @0/ @1/ @1/ A0/ @2/ C1/ C0/ A4/ @4/ E1/ B0+ @3\ E6+ G6+ D0\ E0+ G1+
Trax_4035769 GringoNZ vs. ypercube : @0/ @1/ A0/ @2+ C3/ D3/ A0/ @3\ A0/ D3/ D2/ D6+ F5\ E7/ B5+ E2/ B1+ C0\ E0+ F2/ G7\ G3+ F8+
Trax_4037087 Kaisa vs. ypercube : @0/ @1/ A0/ @1/ B0/ B4\ C4+ C2+ D2+ C5\ D4\ E4\ E5\ E6+ F2/ E1\ RESIGN
Trax_4038296 Thud vs. Rogue Trooper : @0/ A0+ A0+ @3+ @3/ B1+ C0+ D2/ C0+ A3\ RESIGN
Trax_4046345 Rogue Trooper vs. jazzbeth : @0+ B1+ A2\ A0\ @1\ A0\ C1/ A0+ D3+ @1/ @3+ G3+ E6/ F5+ B0/ B0/ D2+ H5\ H6\ E1\ G2/ G1/ I5+
Trax_4046477 Charlo vs. Traxplayer : @0/ @1+ @1\ A0\ A0+ @2/ D4/ D5/ D6/ E2\ D0+ B6+ A5/ E8\ F5+ B8/ C9+ A7/
Trax_4047123 ypercube vs. Traxplayer : @0/ @1/ C1/ D1/ B2+ A0+ B0+ C0+ B6/ B7/ B8/ @4+ D0\ F5+ F4+ G3+ H3\ I3\ H2+ E1+ F0+ J4\ H5+ RESIGN
Trax_4049492 Charlo vs. Riika : @0/ A0/ A0/ @3/ A0/ @4/ D4/ E4/ C5+ E3/ A6/ @5+ F6\ F2\ D7+
Trax_4049936 Kaisa vs. Goonerg : @0/ @1/ A0/ @1/ B0/ A3/ A4+ @2+ D1/ D0/ @3/ A2+ C6/ D6+ C7/ B7/ F1/ F0/ F8\ G1+ E9/
Trax_4049937 Goonerg vs. Kaisa : @0/ @1/ B0/ @1/ D2+ C3\ C4\ D4\ E4\ F4+ B5/ A5/ E1+ E0\ A1+ G2+ E7\ F7\ G6+ H3/ A5+ D8+
Trax_4049938 Kaisa vs. ypercube : @0/ @1/ A0/ @1/ B0/ B4\ A3/ A5\ @3/ @4\ @4+ B0+ A4+ A7+ RESIGN
Trax_4049939 ypercube vs. Kaisa : @0/ @1/ A2+ B0\ @3\ B1+ A0/ A0/ A0/ @3+ B0+ B0/ @6+
Trax_4049940 Goonerg vs. ypercube : @0/ @1/ B2/ C1/ C3/ @1/ D0/ @1\ C0+ C0\ D1+ A5\ A2+ @1/ C6+ @2/ A3/ H6+ G7+
Trax_4049941 ypercube vs. Goonerg : @0/ @1/ B2/ C1+ B3/ C0/ B1+ D2\ E3+ E1/ E0/ A5+ A6/ B6+ B1\ F2+ D0+
Trax_4049942 Charlo vs. dgb : @0/ @1/ A0/ @2+ C3/ B0\ B0\ B5/ @5\ C6/ E5+ D3/ E2+ E0+ B3+ F3+ F1/ G5\ G6\ G1+ H5+ F0/
Trax_4049943 dgb vs. Charlo : @0+ A2/ A0\ @1\ B0\ @4+ C5/ D4+ B6+ A7\ @7+ A3+ D0/ E4/ C1+
Trax_4049944 Charlo vs. Authority : @0/ A0/ @2+ B0+ C2/ @3/ A2+ @2\ C0/ @2+ A3+ A0+ B0+ E2+ B0/ D8+ B8+ F3/ G3/ @6\
Trax_4049945 Authority vs. Charlo : @0/ @1/ C1/ C2/ A0+ C0\ D3/ E2\ F3/ G2\ F0+ H1+ H4+ B1/ D0+ @4\ C0\ B3+ @6/ A7/ A3\ A2\ @5\
Trax_4049946 dgb vs. Authority : @0/ @1/ @1/ @1/ B0/ D3+ D1/ E1/ D4/ @2/ F0/ G4+ A6+ @4\ E0\ F0+ H1+
Trax_4049947 Authority vs. dgb : @0/ @1/ A0/ @2+ A0/ B4\ B5\ @1/ A0/ @2/ E3+ F3/ F2/ B4/ F1+ @4/ A5/ A1\ @5+ B0/
Trax_4050568 supermac vs. jazzbeth : @0/ @1/ B0+ A3\ B0+ B4+ C4\ C1+ B0+ A1+ B0+ @4+ E5+ @4/ D0+ C8/ D8+
Trax_4050655 dgb vs. GringoNZ : @0/ @1/ @1/ C0/ B0+ A4/ @1+ @3\ @3+
Trax_4051728 Rogue Trooper vs. golfnutrof : @0+ A2/ @2\ B0/ C1/ A2\ B0+ @1+ A3+ E2/ E0/ F1/ D0\ C1\ D6+ @3\ C2+ B1+ B7+ A6+ A5\ @5\
Trax_4051888 Authority vs. Kaisa : @0/ @1/ B2/ C2/ C3/ D2/ D4+ E3\ D5/ F3/ G3/ B4+ A4\ F4/ D6+ A0\ @3\ D1/ D0/ H4/ G3+ A2+
Trax_4056241 DINGEROO vs. YankeeFan : @0/ A0/ B1+ A3+ C1\ @3/ D4\ E4\ C5/ B5/ C6+ A1\ A0\ @3/
Trax_4056303 Goonerg vs. balmoral : @0/ B1\ A2/ B2+ B3+ C2/ A0/ C0/ D2/
Trax_4056354 jaha vs. Rogue Trooper : @0/ @1+ A2\ @1/ D1\ C0/ A4+ D0+ E1/ C1+ @4\ B1\ C0+ F1/ G1/ RESIGN
Trax_4062306 Rand al*Thor vs. game_77 : @0/ A2+ RESIGN
Trax_4064531 Miss Traven vs. Christine : @0/ B1\ B2\ A2+ @2/ A3/ @3/ E2\ A4\ A5/ C4/
Trax_4065673 Rogue Trooper vs. jaha : @0+ A0/ A0/ A4/ @4/ A2+ C1+ D2/ @3+
Trax_4065717 Linda Sue vs. JiffyJeff : @0+ A2/ @2\ A1\ @1\ C0/ D1/ B0\ C0\ E2\ C0+ E6\ D7\ F5\
Trax_4065718 JiffyJeff vs. YankeeFan : @0/ A0/ A0/ A0/ A0/ B5\ A6/ @3+ D2/ E2+ E1/ B0/ E7\ F5+ C8+
Trax_4070206 Goonerg vs. dawn1968 : @0/ A0/ B2/ @2/ B3+ D2\ C1/ E2\ B4/ D3\ D4\ D5+ D6/
Trax_4070207 Rogue Trooper vs. Charlo : @0+ A2/ @2\ B0/ C1/ C0/ D3+ B0/ C1/ E3+ A1+ A0\ A0+ @4\ @6/ A7/ @5+
Trax_4070307 balmoral vs. Dragon101 : @0/ A0/ @1+ C2+ B3/ B4/ @4+ C5/ B6+ B7/ @7+ D0+ E1/
Trax_4070412 Dragon101 vs. Charlo : @0/ @1/ A0/ @1/ @1/ C0+ @1+ C0/ B4/ C5+ E3/ @3\ D6/ D7/ B5+ A6+ E6+ B0\ A1\ @6+
Trax_4075208 DavidJ vs. rabbitoid : @0/ A0+ A0\ @1\ @1+ A0\ B1+ @2+ A4/ A5/ E3/ B0\ @1\ A0\ E2+ A4+ @2\ H5/ H1+ I4+ G6+ D1+ E0+ B9/ A7+ @3+ B2+ B1/ K5/ L3+ H1/ H0/ K7\ L8/ M8/ E1/ E0/ A3/ B1/ B0+ L11+ N8+ A1\ @1\ D0\ B0+ I3/ J3/ K5\ O13\ P11\
Trax_4075437 jaha vs. Traxplayer : @0/ @1/ A0/ @1/ C3/ D3/ C4/ E4/ B0+ @2/ A3/ @3/ A4/ A0+ @4+ @5\ G2\ H2\ E0+ F7+ B7+ @5\ A4\ B1+ E0/ J9\ K9\ @5+ E9+ RESIGN
Trax_4076584 ypercube vs. Carroll : @0+ A0\ A0\ A4+ B1/ A0+ C3\ RESIGN
Trax_4076769 YankeeFan vs. Riika : @0/ A0/ A3/ B1/ C3+ A4/ @4/ A5/ E5\ C6+ E1/ B7\ F3+
Trax_4077110 Kaisa vs. dgb : @0/ @1/ A0/ @2+ B0/ B4\ B5\ C2+ D3/ E2\ C0+ A1+ @3/ D0/ E3+ F2+ G1\ C0\ A2+ D0/ E1/ H1+ RESIGN
Trax_4077111 dgb vs. Kaisa : @0/ @1/ @1/ B0/ B0+ B0/ B0/ A2+ B0/ C3+ @6+ E6/ E7+ E1/ F5\ D0/
Trax_4077112 Kaisa vs. Authority : @0/ @1/ A0/ @1/ B0/ B4\ D3/ C4\ A4+ @2+ D2+ B5/ B6+ A4+ E6\ F2\ E7/
Trax_4077113 Authority vs. Kaisa : @0/ A0/ A0/ A0/ @3+ C4+ D3+ B0+ C6\ D5\ E2/ RESIGN
Trax_4077114 dgb vs. Authority : @0+ @1+ A2+ @1+ A0+ @2+ A1+ @2+ A3+ C0/ @4\ G3\ G4\ B5/ E1/ G5\ G1/ D5/ H2\
Trax_4077115 Authority vs. dgb : @0/ @1/ A0/ @2+ C3/ B0\ B0\ B5/ @4/ C6/ E5+ D3/ E2+ A7/ @4/ A3\ B2+ @4\
Trax_4079161 JiffyJeff vs. Rogue Trooper : @0/ A0/ A0/ A0/ B4/ @4/ @4\ C0/ D4+ E4/ C0/ A2+ A0+ A0/ @2+ E1/ D0\ F3+ G3/ H4+ I6+ I8+ G9\ A6+
Trax_4079280 jazzbeth vs. YankeeFan : @0/ A0/ B1+ B0+ @3+ B4+ A1\ @2/ C0+ A5/ D6/ @5\
Trax_4081790 DINGEROO vs. Riika : @0/ @1/ A2+ A3/ C2\ C3\ C4\ D2+ D5\ E5\ @4/ A5/ D0\ C6+ B7\ E7/
Trax_4089760 Dragon101 vs. Sassy Lassie : @0/ A2\ B1/ B0+ A0/ B4+ @3+ A4+ B0/ A6/ D3/ @4/ E0/ F2\ B1\ A3+ C0/
Trax_4089839 balmoral vs. YankeeFan : @0+ B1/ @1/ A0/ A3+ @3/ A2+ E1\ D3+ F2/ A4/ @2\ E4\ C5+ F0+ H1/ G0\ H6+ G7+
Trax_4091300 Carroll vs. ypercube : @0+ @1+ @1+ @1+ A2\ C0\ @2/ @2/ A1/ @1+ A0\ F1/ G2+ C2/ D1/
Trax_4092095 Rogue Trooper vs. Goonerg : @0+ @1/ C1/ C2/ B3/ A0/ @2+ B0/ @1+ C0/ A0+ D1+ @3/ G3+ H4/ H2+ E0/ D0+ A3\ C8+ @4/
Trax_4093808 Miss Traven vs. Christine : @0+ B1+ B2+ C1\ A2/ @1\ @1\ C3/ A0/ @2\ D1\
Trax_4095036 jazzbeth vs. JiffyJeff : @0/ A0/ B1+ C2/ A3+ @2\ B0/ A1+ A4+ @2\ C5/ C6/ @3+ B6\ E5+ C7+ C8/ A8+
Trax_4097626 Lorraine of the Renegades vs. Charlo : @0/ A0/ @2/ A0/ A0/ @3+ A5/ C2+
Trax_4097825 jaha vs. Charlo : @0/ A0/ B2/ B3/ C2/ C4/ @2/ D1/ C0+ @3/ A4/ A0+ @4+ @5\ C6+ F1/ F0/ G0\ E9/ H9+ E10+ F0/ H5+ I7+ I4+ J5+ E1\ E0\ G13+ I13+ J9+ J2+ G1+ K5/
Trax_4097831 Riika vs. Dragon101 : @0/ A0/ A0/ A0/ A0/ @3+ C1/ @1\ C0+ A6/ @6+ B7\
Trax_4097833 YankeeFan vs. Dragon101 : @0/ A0/ A3/ A4/ @3+ C4+ D2+ B0/ E2\ @3/
Trax_4097867 GringoNZ vs. supermac : @0/ B1\ A2/ B2+ @2\ C3\ C4\ D4\ A4/ B5\ @2/
Trax_4097869 Authority vs. jazzbeth : @0/ @1/ A0/ B1+ @2\ B3\ B4\ A3+ C4/ C5/ D3\ C6+ A6/ @5+ F6+ F3+ D7+ E7\ A7/ @5\ C8/
Trax_4099181 Thud vs. supermac : @0+ B1\ A0+ @2/ A3/ C1+ B0+ B5+ D5+ E4/ E3/ E1+ B0+ C1+ A2/ @6\ D7/ D8/ B8+
Trax_4099191 GringoNZ vs. golfnutrof : @0/ @1/ B2/ A2+ A3+ C1/ C0/ C4\ D4\ @3\ C5\ E5\ D6\ @1\ C0+ D0\ B8/ C9+ A6+
Trax_4116392 Darth Rob vs. YankeeFan : @0+ @1\ B2+ C1/ A0\ A0\ @1\ E2\ C5+ E4\ C6+ B4/
Trax_4116758 TurkeyShoot vs. STrek : @0+ @1/ B0+ C2\ C3\ C4+ D2/ D1/ C5+ A5/ @4\ C6+ A5/ @5+ A6/ B7+ E0\ E0\ C2\ B2\ A5+ @7/ A5+ H2\ F0/ @6/ H1/ I7\ B9+ J6\
Trax_4119589 YankeeFan vs. jazzbeth : @0/ @1/ C1/ A2\ C2\ D1+ D2+ E1/ B3+ B4/ A5\ C4+ @4+ D6\ E4\ A6/ RESIGN
Trax_4120706 Dragon101 vs. Rogue Trooper : @0/ @1+ B2/ @1/ @1/ @1/ C3\ B4+ B0+ @2/ @2/ A0+ @3/ B0/ D0/ E3+ @5/ E0+ @9+ C10\ A4+ @6+ C3+
Trax_4121541 Charlo vs. Goonerg : @0/ @1/ C1/ @1/ D0/ A0\ @3+ B4/ D0+ F2+ G2/ G0+ A2/ @4/ @4/ C1+ D0+ A4+ E0+
Trax_4121964 dgb vs. Authority : @0+ @1+ C1\ C2\ B3\ A0/ A0/ A0/ D4/ D3/ @4\ B0/ E7\ F4+ A6/ D8+ @6\
Trax_4121965 Authority vs. dgb : @0/ @1/ B2/ C1+ C3/ B0\ B0\ D5/ D6/ B0\ @4/ B3+ B0/ D4+ C0+ @5\ B4+ A7/ @5\ G5\ G2+ D7+
Trax_4121966 dgb vs. ypercube : @0/ @1/ @1/ @1/ B0/ A3/ @3/ E4/ A0+ RESIGN
Trax_4121967 ypercube vs. dgb : @0/ A0/ @1/ B0+ @2/ D2\ C4/ A0/ C6/ B4+ B7\ D5+ D8/ C8/ D9\ E7+ RESIGN
Trax_4121968 Authority vs. ypercube : @0/ @1/ @1/ @1/ B2+ A0+ B0+ C0+ @3\ A2\ A1+ @1\ G5\ D6\ G1+ H5+ D0+ A4+ @3/ B6/ C7/ A6\
Trax_4121969 ypercube vs. Authority : @0/ @1/ C1/ D1/ B2+ A0+ A4\ B5/ @1\ E0+ F1/ F3+ @3/ B4+ A6/ A7/ @5+ @7/ A8/ G6\ G7\ H7+ B2\ A4/ C1\
Trax_4122848 game_77 vs. Riika : @0/ @1/ B0+ @2+ A0+ C1/ B0\ B0\ A6\ C1/ B0\ @6\ @5/ A7/ C8/
Trax_4123130 Northwoods vs. Dragon101 : @0/ A0/ A3+ B3/ A0/ @2+ @2/ @3\ D0/ E4+ C0\ B3+ D0/ E1/ F1/ F0/ G4+ G7\ H4/ H7/
Trax_4124555 YankeeFan vs. Traxplayer : @0/ @1/ C1/ D1/ B2+ A0+ @2/ D4+ @1+ D4/ RESIGN
Trax_4129710 golfnutrof vs. Rogue Trooper : @0+ B1+ A0/ A3/ A0+ @3+ A1\ @1\ A0\ @1\ A0\ A6/ @2+ D7/
Trax_4131122 jaha vs. Rogue Trooper : @0/ A0/ B2/ B3+ C3\ B4/ @3\ A0+ @2\ A4+ A6+ B7/ @4+ A6/ @7\ A3+ D0\ C1\ @6+
Trax_4134038 Riika vs. Darth Rob : @0/ B1\ A2+ A3\ B3\ C1+ D1\ B4+ E3\ D4/ @3+ @3/ B2\ C0\ A6+ G5+ G6\ G7+ H6+
Trax_4139219 GringoNZ vs. Authority : @0/ A0/ B1+ @2\ B0/ D3/ E3/ F3/ A1\ B0/ D5+ C6+ @3+ B5+ B7/ A7/ @4+ @5+ B8+ E8+ F7\ @8+ @6/ D3\ C2/ L4+ I2+ D1+ F0\ H1+ B10+ A9\ B2+ B1\ B4+ A2+ J7+ H9\ H0/ A5\ H0+ J11\ J2/ M8/
Trax_4139220 Authority vs. GringoNZ : @0/ A0/ B2/ B1+ A3\ C1\ A0/ @2+ E3/ D1+ F3/ B0\ B0\ G4\ F2+ B0\ @5\ B3+ B0/ B0/ A3/ @7\ @7\ B8+ C9/ F2+
Trax_4139221 GringoNZ vs. dgb : @0/ @1/ B0+ @2+ A0/ B4\ D3/ E2\ @2/ C1/ C0/ B5/ C6\ @1+ A5/ B0+
Trax_4139222 dgb vs. GringoNZ : @0+ B1\ @1\ A0\ A0+ C2+ B4+ A0\ A0\ D6/ B2+ @5+ B6/ RESIGN
Trax_4139223 GringoNZ vs. Traxplayer : @0+ B1+ @1\ D1/ C2/ C0+ A1\ C0/ C5/ @1/ B0\ D7/ B5+ @2/ B1+ @2+ G7+ RESIGN
Trax_4139224 Traxplayer vs. GringoNZ : @0/ @1/ A0/ B1+ @2\ @2\ C3/ B4+ @2\ @3+ B5/ G3/ B6\ B7\ @4\ @4\ @4\ D7/ E8\ @7/ A8+ E1\ D1\ A1+ I4+ @3/
Trax_4139225 GringoNZ vs. ypercube : @0/ @1/ B0+ C1+ B3/ @2+ B0/ B4+ B5/ A5/ A6/ RESIGN
Trax_4139226 ypercube vs. GringoNZ : @0+ B1+ B0+ A1+ B3+ A3+ C1+ A4/ C3\ B0/ B0/ D2+ A1\ A0\ @4+ A7/ A8/ @8/ B0/ @7+ A10/ @10/ A11/ B12+ C10+ D11+ F11+ A8\ @8+ G12\ G13\ H12/ H8+ I8\ I12+ J12\ D13/ F14+ D14/ D15/ G1/ E0/ D5+ I6\ J6\
Trax_4139227 Authority vs. dgb : @0/ @1/ @1/ D1/ C2\ E1/ A0+ B4+ C5/ @1\ A4\ D6/ E5+ D7+ E8/ F8+
Trax_4139228 dgb vs. Authority : @0/ @1/ @1/ @1/ B0/ A3/ @3/ A4/ @4/ A5/ B0+ @1+ A0\ D1+ @4\ A1\ @1+ D0+ @4/ A5+ C0+ B1\ A1+ @4+ B0/
Trax_4139229 Authority vs. Traxplayer : @0/ A0/ A0/ A0/ @3+ C1/ @4\ @4\ @4\ E5+ D5/ C2+ B1+ E0+ E0\ A2+ @4+ C0\ C0+ B1\ A1\ @1+ C0+ G3+ H3\ C0/ E2+
Trax_4139230 Traxplayer vs. Authority : @0/ @1/ A0/ @1/ A0/ A3+ B4+ B1+ @2\ @2\ E1\ D0/ D0/ C1/ B3+ F3+ D0/ B2+ F0/ G1+ E0\ D1\ A2+ A8/ @7\ G7+ B9+ A2/ H5\ H9\ C10/
Trax_4139231 Authority vs. ypercube : @0/ @1/ A2+ C2/ C3/ D3/ D4/ E3/ A3+ A0\ @2/ @3\ @2/ A4+ G3/ I5\ G6+ F6/ G2\ F1/ F0/ H2+ J6+ F8/ F9/ H8+ D6+ J7\ G10+ G11/ G12/ G13/ E10+ D7+ C9+ D11+ B10+ I9+ @3\ A2\ L5/ J4+ I11+ L8/ B9/
Trax_4139232 ypercube vs. Authority : @0+ @1+ B2\ C2\ C3+ D2+ C4\ A0/ A0/ A0/ C8\ B7+ D8\ E7+ C3+ D2+ @1+ D0+ F4+ G7\ F1/ B8/ G2\
Trax_4139235 dgb vs. Traxplayer : @0/ A0+ A0\ @1\ B0\ C2+ @2+ RESIGN
Trax_4139238 Traxplayer vs. dgb : @0/ A0/ @1/ B0+ C2+ C4/ D3\ E3/ D2+ D1/ E1/ F1+ D0+ F5\ RESIGN
Trax_4139241 dgb vs. ypercube : @0+ @1/ C1/ B2/ B3/ D1/ A2+ @2/ @3\ D0\ C0/ F0\ D1+ D7/ E5+ F0/ G3+ @8/ C9+ F0\ E1\ RESIGN
Trax_4139242 ypercube vs. dgb : @0/ A0/ B1+ A3+ @1/ D2\ E2\ A2/ A0\ @3+ B5\ C6/ D5+ B0\ @4/ A5/ E1+ D0/ E9\ F9\ F3/ B2+ A4+ @5+ B3+ D0\ RESIGN
Trax_4139245 Traxplayer vs. ypercube : @0/ A0/ @1/ A2+ C1+ A3\ B0\ B0\ D4+ @4/ @5\ @4/ D6+ A7+ @5\ D3+ I5+ G1/ G0/ D9\ E9\ @4\ RESIGN
Trax_4139253 ypercube vs. Traxplayer : @0+ B1+ C1+ D1+ D2\ D0\ C0/ C4/ B5\ E3+ F4/ G3\ E1/ C0/ H2\ C7/ @4\ D8+ A5/ @4\ A6+ F6+ E0/ A9+ E10\ @8+ A6\ C4+ C2+ D0\ D0+ C1\ B2\ A2+ @6+ F0+ D1\ B2/ L9/ @5+ B2+ RESIGN
Trax_4142899 GringoNZ vs. Traxplayer : @0/ @1/ B0/ @1+ C0/ D1/ D0/ @4\ @3/ G1/ G0/ F6+ H5\ I5+ I6\ G7/ C0\ B3+ @5\ B3+ D0+ C1\ B2\ A2+ H0/ I3+ C1\ RESIGN
Trax_4143761 davidmilne vs. Goonerg : @0/ A0/ B1+ B3/ B0\ @3+ B4+ D2/ C0\ @2+ D6/ E4+ A4+ @1/ A0+ E1+ C7/ E8/ B6+ A6/ G6/ A8+ B9/ E0/ G1+ H3+ G10+ H7+ E11/
Trax_4143884 Charlo vs. Rogue Trooper : @0/ A0+ A0\ @1\ @1+ A0\ B1+ @2+ E3\ C0/ B6/ A4+ E6\ F6/
Trax_4144102 jaha vs. dgb : @0/ @1/ A0/ @2+ B0/ B4\ B5\ A0/ C5+ C3+ @4\ E4+ F4\ D7/ E6+ @1+ B0\ @4/ A5/ A6+ RESIGN
Trax_4145888 JiffyJeff vs. Carroll : @0/ @1/ B0+ A3\ C1\ C0\ D1+ B4+ C5/ B6\ C7/ A6+ @5/ E5+ F5/ A4\
Trax_4145889 Carroll vs. JiffyJeff : @0/ @1/ C1/ D1/ B0/ A3\ C1+ C3\ C4+ RESIGN
Trax_4147671 Riika vs. JiffyJeff : @0/ @1/ @1/ @1/ A2/ A3+ @2/ E0/ E0/ @4/ @3+ E0/ @5\ @4/ B3+ A2+ J2/ K2\ J7\ K4+ J8\ F8/ H9+ L6\ L7+ I1+
Trax_4149313 jazzbeth vs. balmoral : @0/ B1+ C1/ C0/ B3+ C3+ D1/ D0/ E4+ A2+ D0/ @2/ B0+ D0+ G5+ C8/ A7+ @8\ G2+
Trax_4149390 jaha vs. stormy rebel : @0/ A2\ B2\ @2\ @2\ @1/ C3+ D0/ E5\ F4/ A5/ B6/ @5\
Trax_4149425 Charlo vs. Traxplayer : @0/ @1/ B0+ @2+ A3\ B0\ C1+ D3+ @2/ @3\ @2/ D1+ E5/ C4+ B5+ H5+ E6+ @5+ @5\ C6+ F6+ C7/ A6+ J7+ D8+ C9+ H0/ H0/ I4/ E11/ J4/ K3\ F9\
Trax_4149475 Rogue Trooper vs. Riika : @0+ B1+ B2/ A0\ B1+ B0+ C1/ @4/ C5/ C6/ A1/ A0\ @5\
Trax_4149852 Authority vs. JiffyJeff : @0/ @1/ C1/ D1/ C0+ C3\ C4+ RESIGN
Trax_4151799 dgb vs. ypercube : @0/ @1/ A0/ @1/ B0/ A3/ @3/ D1/ D4+ E3\ A0+ @4+ D0+ E7\ F7\ G4+ E8/ D7+ B8/
Trax_4151896 dgb vs. stormy rebel : @0+ @1/ C1/ C0/ C0/ A4/ A1\ @3/ B0/
Trax_4151899 dgb vs. JiffyJeff : @0+ A2/ A3/ @2\ @3/ C4/ A1\ RESIGN
Trax_4152011 Goonerg vs. stormy rebel : @0/ A2\ B1/ @1/ B3\ B0\ C3+ @2/ E1\ F1\ F0+ D0/ F1/ G3\ A3\ @4/ E0/
Trax_4152030 dgb vs. Goonerg : @0+ A0/ A3\ B1/ A0/ B1+ B5/ C3+ @4/ A2+ B6/ A6/ E5+ E6\ E7+ F7\ A7/ @4+ D8/
Trax_4152057 dgb vs. dingbat : @0/ A0/ A0/ B2+ @2\ D2\ E2\ C0\ D5+ C6\ @3+ E7/ G4+ H4\ H6+
Trax_4152236 JiffyJeff vs. Goonerg : @0/ @1/ C1/ @1/ @1\ B0/ B3/ @3\ C4+ A4/ @4/ G5+ H3/ B5+ C6+ H2/ I4\ J4+ J5\ H6/ K3\ H1/ G0+ G0/ I1+
Trax_4152289 GringoNZ vs. stormy rebel : @0/ @1/ A2+ @2\ D1\ B3/ B4/ @2/ D4/ A3/ D5+ E4\ D6/ C0/ F2/ F1/ E7\ D8/ F6/ D1/ E4+
Trax_4152291 GringoNZ vs. Goonerg : @0/ A0/ B1+ C2/ @2/ A3/ E2/ C0/ D5+ @2+ B1\ D0/ F0/ G1/ E0\ D1\ C3+ G5+ H2/ G6+
Trax_4152297 GringoNZ vs. dingbat : @0/ A0/ @2+ C2+ C3\ A3+ B0\ C5\ D3/ B0\ @4+ D2+ F6\ D7\ G6\ G7+ H6+
Trax_4152333 Riika vs. stormy rebel : @0/ A2\ B2\ B3/ A0\ @2/ B4+ @3\ E3/ E2/ B5\ C0/ D2+ F3\ E1/ F1/ G1/ B1/ G4+ H2\ I1+ F0/ H1+
Trax_4152351 Riika vs. dingbat : @0/ A0/ A3/ @2+ B0+ @3/ @3/ B5+ @4+ F1\ E5+ G3+ F6/ H3/ A6/ @6\
Trax_4152354 ypercube vs. dingbat : @0/ A0/ @1/ C1+ C0/ C0/ B5+ D4+ B6/ C6+ B7/ B8/ E4\ A8+ D3/ @8+ G6\ G7/
Trax_4152359 ypercube vs. Goonerg : @0/ A2+ A3/ B1/ C1/ B3+ @2\ A0+ B0+ @3+ F5+ F2+ B6/ A5+ E6+ E7\ D6+
Trax_4152383 ypercube vs. stormy rebel : @0/ A2\ B1/ B0\ C2\ C3\ D3\ B4/ D1/ E2\ C0\
Trax_4152453 Carroll vs. stormy rebel : @0+ @1/ C1/ A2/ B0+ D2/ C3+ B4\ C0\ @4/ F4\ E5/ F1/ G3\ E0/
Trax_4152457 Carroll vs. dingbat : @0+ @1+ A0+ @2+ @2\ B3/ B1+ B0/ E3+ @3\ A1/ @4+ C5\ @4\ @4\ @4\ B2+ @3/ B5/ B6+ A6/ @4\ F6+ D7/ D1+ E8\ F8\
Trax_4152515 Carroll vs. ypercube : @0/ @1/ A0/ @1/ A0/ @1/ B0/ A3/ D5/ D3/ C1+ @3+ C4+ F5+ G4+ C5/ @3\ @1+ C0/ D7/ C6+ G7+ D8\ F7+
Trax_4152556 Carroll vs. Riika : @0+ B1+ @1/ @1/ B2\ E1\ E2\ F2\ D3/ A3/ @2\ E4+ B4+ H4\ F5+ H1/ RESIGN
Trax_4152579 Carroll vs. dgb : @0/ A0+ A3/ A0/ A0/ A6/ B1+ @3\ D3\ D4\ E2/ D1+ @2/ A0+ @3/ @4\ C0\
Trax_4152601 Charlo vs. Goonerg : @0+ B1/ A0\ C2/ A0+ D3/ @1/ B4/ D0+ E5+ E6/ F4/ G1+ G5\ F0+
Trax_4152615 Charlo vs. dingbat : @0/ A0/ A3/ @2+ C3+ @2\ @2\ C4\ A0\ @2/ G4/ D0+ @3/ E0+ C1\ F8+
Trax_4152626 Carroll vs. Charlo : @0/ @1/ C1/ C2/ A0/ D3+ C1/ E2\ E0\ C5/ B5/ D6+ A5+ A1+ @1\ @1+ A0\ B6+ @2/ C1+ H6+
Trax_4152686 ypercube vs. Charlo : @0/ @1/ C1/ C2/ D1/ A0+ C0+ C0/ A5/ @5/ @5+ C6+ A2\ A1+ @2/
Trax_4152692 Charlo vs. stormy rebel : @0/ A2\ B2\ C2\ A3+ @1/ B0/ @2/ @3+ A2+ E5/ E2/ G3\ D0/ E1/ F3/ F2+
Trax_4152750 dgb vs. Charlo : @0+ @1+ B0+ B3/ B4/ C2\ @4/ A5/ @3\ A2\ A1+ @3+ D0/
Trax_4152808 Rogue Trooper vs. Authority : @0+ B1+ A0/ A3/ @3/ A4/ B5\ C4/ D3/ E2\ A6/ @4/ @2+ A1\ D0\
Trax_4152913 Carroll vs. GringoNZ : @0/ @1/ C1/ C2/ D1/ C3+ C0+ A3+ B5\ C6/ E3+ F2\ E1+ G2+ D0/ H3/ H1+ E0\ @3\ A2\ E0/ C3+ C1+ A6+
Trax_4152919 GringoNZ vs. Charlo : @0/ @1/ B0+ @1/ A0/ @1/ C4/ D1/ B4/ D0+ D0\ B2+ C0/ A2+ E2\ A7+ @4\ A1/ B0\ @5+
Trax_4152982 Riika vs. lhh61 : @0/ @1/ C1/ C2/ D1/ D3+ E1/ E0/ F1/ B4\ E5/ G4+ C5+ A4+ D0+ D7\ H5/ A7/ D8\ @7\
Trax_4153607 dgb vs. Riika : @0+ B1+ C1\ D1\ D0\ D3\ C4+ @2/ B3/ C1+ C0+ A2+ D6+ A4+ A5/ A6/ A7+ @5+ D0+
Trax_4153661 jaha vs. stormy rebel : @0/ A2\ B2\ @2\ @2\ A3\ @2+ E3\ C0/ F3+ F2/ E1+ D0\ G2\ F1/ F0/ D7+ C1/ @5+
Trax_4153674 jaha vs. Goonerg : @0/ @1/ A0/ B3\ C3\ @2/ B4/ C5+ B0+ C1+ E6+ B7/ A7/ C0\ @8\ A4/ A7/
Trax_4153686 jaha vs. dingbat : @0/ B1\ B2\ B3+ C2/ B4\ A4\ B5\ C5\ D4+ E3\ @2+ A4+ G3\ H3\ F2+ I3+ F5+ F6\ @3+ I7\ J7\ F7/ D6+
Trax_4153690 Carroll vs. jaha : @0/ A0/ A0/ A0/ A0+ B5+ B1+ @4+ @3/ @4\ B5+ @4+ C6/ C7/ @7+ B8/ B9/ A9/ @7\ C10+ E8+ G7+ A4+ @7\ B10+ J5\ J6+ E11+ G9+ H10+ B11/ @11+ E12\ F13/ G12+ F14+ J9+ K9/ A5+
Trax_4153698 jaha vs. Charlo : @0/ @1/ A0/ @1/ B0/ @2+ @2/ A3/ C0+ @4+ F1/ D0/ D6\ E7/ F4+
Trax_4153702 jaha vs. Riika : @0/ @1/ A0/ B1+ @2\ B0/ B0/ D2\ A1+ C5\ D5\ E5\ C0+ F4/ F3/ E0+ D8+ @5+ A7+ B2/ @7+
Trax_4153739 GringoNZ vs. Riika : @0/ A0/ @2+ B0+ C3/ A4+ @2/ D1/ D0/ E3\ A1\ D0+ @2/
Trax_4153745 Charlo vs. Riika : @0/ @1/ B0+ A3+ @1+ C0\ D3/ @2/ @2/ B1+ A4/ @3\ D5+
Trax_4153783 Authority vs. stormy rebel : @0/ A2\ B1/ B0/ C1/ A4\ B0+ A6/ @6/ A2\ B7+ C5\ D4+ E2/ D7\ E6\ D8/
Trax_4153784 Authority vs. Goonerg : @0/ A0/ B2/ @1\ B0/ B4/ B5/ B6/ D5+ D7+ D8/ E5/ A8/ @6/
Trax_4153794 Authority vs. dingbat : @0/ A0/ B2/ @1\ B0/ @2+ A4/ @4/ E4\ C5\
Trax_4153798 Carroll vs. Authority : @0/ @1/ @1+ A2/ B2+ A3+ @3+ D0\ C5/ C6/ E2\ D4+ E4\ A6/ B7+ A2\ @2+ C1+
Trax_4153804 Authority vs. Charlo : @0/ B1+ C1/ A2/ A3/ C2+ A0/ @1+ @2+ C0+ E6+ E7/ F3+ G3/ D1+ F1+ C0+ G5+ C9\ E1+ A2+ B1\ B0\ A1\ @1\ @2+ @2+ J3/ J1/ K3/ F0/ G2+ H1+
Trax_4153808 Authority vs. Riika : @0/ @1/ B2/ C2/ C3/ C1+ D1/ E1/ D2+ F1+ F3/ B3+ A3\ A4\ @3\ B0+ @5/ C6\ E6+ E1+ I3/ H5+ E0+ D0/ C2+ F8+ C0\ B3\ A5+ @6\ G3+ I4/ I3/ J2\ K4+ H2\
Trax_4153814 Authority vs. jaha : @0/ @1/ C1/ D1/ C0+ D3+ C4+ @3+ F3\ F4\ F5+ G3+ A5+ E6+ D0/ F1+ B1\ F0+
Trax_4153831 Miss Traven vs. Christine : @0/ B1\ B2\ A2+ A3/ C3/ @3\ A2\ @3/ A4/ C0/ @4+ G3\ D0/ D6\ B7\ F6/
Trax_4153860 GringoNZ vs. jaha : @0/ @1/ B2/ B0\ B0\ C2\ D2+ A1+ @2+ B0/ A2\ B0+ @2/ E7\ F7+ C6/ A0\ C1+
Trax_4153869 GringoNZ vs. Authority : @0/ A0/ B2/ B3/ C2+ D2/ @2/ A3/ C4\ C5+ D1/ @1+ RESIGN
Trax_4153903 dgb vs. jaha : @0+ A0/ @2\ B0/ C1/ B4/ B5/ D2+ E2\ F3/ E1+ G1+ F0/ H3/ I2\ B7/ C5+ @7+ B1+ A2\ @6+ @4+ A3\ @3\ A2\ B1+ B0/ F1+ G9\ H9+ D9/ H10/ C8+
Trax_4153909 dgb vs. Authority : @0/ @1/ @1/ @1/ B0/ C1/ C0/ B0+ @4/ E1\ E5+ F2+ A6/ @6/ E7\ A2+ D8+
Trax_4154171 JiffyJeff vs. Riika : @0/ @1/ C1/ D1/ @1/ C0+ A3/ E0/ RESIGN
Trax_4154200 dgb vs. LadyScorp : @0+ @1/ C1/ A2+ B3/ C2+ B4+ D2/ D4\ D1+ E2\
Trax_4154254 ypercube vs. LadyScorp : @0/ B1\ B2\ C2+ B3/ A3/ A4/ C0/ @4+
Trax_4154258 ypercube vs. Riika : @0/ @1/ B2/ A2+ A0/ C2/ @3/ @3/ @3/ E1+ D4+ C2+ @3+ B5+ B6/ A6/ G4+ H2/ @2\ C1+ F0+ E7+ D8\ F6+ B8/ A8+ @8\
Trax_4154262 ypercube vs. Authority : @0/ @1/ C1/ D1/ C2/ D0/ E1/ E0/ E5+ F2+ G2/ H1\ A0+ @4+ @3+ B0+ K4/ F1+ F0/ F0/ B8/ A8/ I7+ F10+ D10+ J4+ A9/ @6+ D10/
Trax_4154266 ypercube vs. jaha : @0/ @1/ C1/ D1/ C2/ C3+ B3/ A0+ B0+ @3+ C0\ D1+ F1+ F4+ F7\ G5+ D0+ F1/ G1/ D0+ H3\ H4\ E0\ F0+ C11/ C12/ A10+
Trax_4154407 Charlo vs. LadyScorp : @0/ B1\ A2/ @2+ @1/ B3/ @1/ A0\ B0+
Trax_4159565 ypercube vs. jaha : @0+ A0\ @2\ B3\ B4\ A3+ @2\ D3/ D5/ A4+ E3+ @5\ A6+ G3+ RESIGN
Trax_4159566 jaha vs. ypercube : @0/ A0/ B2/ B3/ C2/ D3/ B4+ E4/ B5\ E6+ F5\ @1\ B0/ H6\ H7\ G8\ G9\ H9\ I6+ I4+ H3+ J7+ J4/ J10\ K7\ K4+ L7\ J3/
Trax_4159567 ypercube vs. GringoNZ : @0+ B1+ B2\ C2\ D2/ E2/ D3/ D4+ C0\ D1+ D0/ E1/ A5/ A6+ C0\ B1\ A2\ @2+ G3+ @2\ A1\ A0+ @3/ A4+ E1+ E0/ @3\ A2\ J1+ F0/ K4\
Trax_4159568 GringoNZ vs. ypercube : @0/ @1/ B0/ @1/ D2/ @1/ B0\ E1\ D0+ E0\ C1+ A2+ B0/ B0/ @1+ B0\ F3+ B0/ G9\ E10+ G4/ RESIGN
Trax_4159569 ypercube vs. Traxplayer : @0+ B1+ B2+ C2+ B3+ A0/ B0\ @2+ E4+ D2+ C0\ @2+ D7/ C7/ C8/ B5+ A5\ C9+ @5/ B6+ B0+ G5+ H6\ A9+ B10/ E11/ F11+ RESIGN
Trax_4159570 Traxplayer vs. ypercube : @0/ @1/ A0/ C2/ B3\ @1/ A0/ @2/ D5/ B4/ B5/ A0\ @3+ D1/ RESIGN
Trax_4159571 ypercube vs. dgb : @0+ B1+ A2+ @1+ C2+ D1+ A0+ @2+ D1/ @2+ A3\ A1\ C4\ C0\ @4\ C0/ RESIGN
Trax_4159572 dgb vs. ypercube : @0/ @1/ B0+ @2+ A0/ C4+ C5/ @1/ D1/ D6/ E6+ F6\ D7/ E1/ F8\ RESIGN
Trax_4159573 jaha vs. GringoNZ : @0/ @1/ A0/ @1/ B0/ B4\ D3/ @1/ B4\ C5\ C6+ C7\ C8\ A5+ @5\ @5\ B6+ D7+ C8+ @5+ G7+ H6\ G5+ I4\ J4\ J5\ J2/ K2/ J6+ K4+ L3\ F9\ H9+ D0\ C1\ C0+ G2\ E12/ H2+ E13+ L2/ L1/ M4+
Trax_4159574 GringoNZ vs. jaha : @0+ A0/ A3\ B2\ C2\ C3\ D3\ A4+ D5+ A5+ E1+ B0+ F4\ E5+ @5+ A6+ B7+ @6\ @5/ B4+ C2\ C1/
Trax_4159575 jaha vs. Traxplayer : @0/ @1/ A0/ @1/ B0/ A0/ B5/ D5/ A0+ @1+ A0\ @4+ @4\ @4\ @4\ E0\ F2+ G3\ E0/ F8/ C4+ C7+ B8+ @4\ A3+ A8+ @4\ D3/ A2/ F1+ A8\ C9+ @6\
Trax_4159576 Traxplayer vs. jaha : @0+ A0\ A3/ @1\ C2\ D3/ A0\ @4+ @3+ B0+ @1+ @2+ D6/ C6/ E7\ F6+ @3\ I7+ J4\ G8/ C4+ H9\ I9/
Trax_4159577 jaha vs. dgb : @0/ A0/ B2/ A3+ @1/ D2\ C1/ E2+ B4\ A0+ D1+ C6/ A5\ D6\ RESIGN
Trax_4159578 dgb vs. jaha : @0+ A0/ @2\ B3/ B0\ B0\ B6/ C3\ C2+ C5/ B7+ @5+ @6\ F7+ G5\ D8/ D9/ C7+ C10+ A8/ @6+ C9+ F9\ E10+ G8+ H9/ I8\ H7+ C11/ B11/ A11/ @10+ J10\ F11/ K9\
Trax_4159579 GringoNZ vs. Traxplayer : @0/ @1/ B0/ @1+ C0/ D1/ A0+ B0+ E2+ @2\ A1\ @1\ D0+ @4+ B5/ G7+ H6\ I6\ I7\ I8\ A6/ RESIGN
Trax_4159580 Traxplayer vs. GringoNZ : @0/ @1/ A0/ B1+ A3\ C1\ @2\ B0/ B0/ E3\ B6\ @4\ B2\ C0/ E3+ G4+ D0+ @6/ A7/ C2\ C1\ B1\
Trax_4159581 GringoNZ vs. dgb : @0/ A0+ A0/ B2+ @3/ @3+ C0/ C0/ E4/ B6/ D6\ B7/ @6/ G1+ D0/ H4\ G5+ H7\ A8/
Trax_4159582 dgb vs. GringoNZ : @0/ @1/ B0+ A3\ C1\ @2/ B4/ B5/ @2+ D4+ C6\ @2/ @2/ D0+ D0/ H4\ B3+ @3\ A2\ D1+ F0/ RESIGN
Trax_4159583 Traxplayer vs. dgb : @0+ B1+ C1/ D1/ C2+ @1\ A2/ @2/ @2/ E0+ C1\ G0/ RESIGN
Trax_4159584 dgb vs. Traxplayer : @0/ A0/ B1+ B3/ C3/ C4/ @2/ D2+ E4/ A0/ D2+ A4/ C5+ RESIGN
Trax_4160097 Kaisa vs. ypercube : @0/ @1/ A0/ @1/ B3/ C1/ C0+ D1/ RESIGN
Trax_4160100 Kaisa vs. Goonerg : @0/ @1/ A0/ @1/ B0/ C4\ D4\ A0+ @2\ @2\ A1\ C0/ C0/ E3+ @1\ B0/ A6+ @5/ C7+
Trax_4160118 Carroll vs. Kaisa : @0/ A0/ A0+ B2\ B1+ B0/ C2\ D2\ D3\ B4+ D5+ @3+ D6\ F4/ B5/ G1+ D0+ G6\ RESIGN
Trax_4160123 Kaisa vs. Charlo : @0/ @1/ A0/ @1/ B0/ @1+ A0\ A0+ @3+ E6+ E3/ F3+
Trax_4160127 Kaisa vs. Riika : @0/ @1/ A0/ @1/ B0/ C1+ B4/ C0\ @3\ B5+ C0+ A3+ D7\ E5+ @4+ F7\ G7\ F8+ G5/ H5/ F3+
Trax_4160134 Kaisa vs. jaha : @0/ A0/ @1/ C1\ B3/ @1/ A2/ D2+ A3/ D4+
Trax_4160138 Kaisa vs. Authority : @0/ @1/ A0/ @1/ B0/ @1/ C4/ B4/ C0+ A4/ B6/ A6/ @4+ E1/ @6/ C7/ A1+ C0/ @5+
Trax_4160275 dgb vs. Kaisa : @0/ @1/ B0/ @1/ B3+ B4/ B0+ D3+ C5+
Trax_4160327 Charlo vs. Dragon101 : @0/ A0/ A3/ A4/ @3+ C4+ D3+ B0/ B0/ B0/ @2+ A0+ D1+ F4+ G5/ @4+ A1\ @6/ C7+ A1+ F0/ @5+
Trax_4160720 jazzbeth vs. stormy rebel : @0/ A2\ B1/ @1/ @2+ B3\ D0/ B0/ E2/ C1/ A1+ C0/ D2+ D0/ E1/ F3\ E6+ @4\ C1+ E0/ A2\ A1\ @3/
Trax_4160725 jazzbeth vs. Goonerg : @0/ @1/ B2/ A0/ A3/ C3/ C4/ C2+ D2/ D3+ C1\ B0/ @2+ A5/ @3+ G4\ H5/ G6\ G7+ H7\ I5/ D7+ E8/ G8+
Trax_4160733 jazzbeth vs. dingbat : @0/ A0/ @1/ C2\ C3+ B3+ C4+ D2/ C5\ A3+ D4+ E4+ E2/ B4/ A0+ B0\ D3+ C1+ @3+ A5/ B7+ G6+ G7\ G8\ H8\ H9\ I9\ I10\ H5+ G3+ B8/
Trax_4160738 Carroll vs. jazzbeth : @0+ A2+ A3+ B2/ @1\ B0/ D2\ E2+ C0/ B1+ @2+ C6/ G3\ B5+ A0\ @2/ E1/ E0+ A2+ F7\ G8/ B6/
Trax_4160744 jazzbeth vs. Charlo : @0/ @1/ B2/ C2+ A2+ A3/ A4+ D2/ C0+ C4+ C5/ C6/ D5+ E6/ E4+ C7/ E1/ F4/ D0/
Trax_4160751 jazzbeth vs. Riika : @0/ @1/ B2/ C2/ C3/ D2/ D1/ E3\ D4/ B0+ @1+ E0/ F1/ G4+ D6+ A1\ A0+ B5/ A0/ @6/ D8+
Trax_4160752 jazzbeth vs. LadyScorp : @0/ B1\ A2/ @2+ @1/ B0+ B0/ @2\ A1\ B0\ E2/ E1/ F4/
Trax_4160834 Carroll vs. JiffyJeff : @0/ @1/ @1/ B0+ B0/ B0/ A2+ @1/ @3+ @2/ B1+ C5+ B6\ A6+ @4/ A1/ D7\ F5+ H5\ H6\ F6+ C0\ E0/ C9+ B10/ A10/ A1\ C10+ B0/
Trax_4161036 Goonerg vs. dingbat : @0/ A2\ B1/ @1/ C2\ D1/ C0/ A0+ @3/ B0/ @5\ D6\ B1+ B0/ E1/ F1/ @2\ A1\ A0\ @1\ A0\ E2+ B8+ @4+
Trax_4161048 Goonerg vs. Riika : @0/ @1+ A0+ @2/ A3+ @3\ A1+ B0\ C0/ D1/ E4/ D5+ B6/ @6/ C7/ D0+ B2+ A4\ @7+ E0\
Trax_4161053 Carroll vs. Goonerg : @0/ A0/ A0/ A0/ @2/ C4\ B5/ B0/ @3+ E2+ C0/ A5/ F4/ G4/ G7+ @3/ H2+
Trax_4161197 Authority vs. LadyScorp : @0/ B1\ A2/ @2+ B3\ C3\ C4\ A3+ D3+
Trax_4161552 GringoNZ vs. LadyScorp : @0/ A2\ B1/ B0+ @2+ D1\ E2/ C3+ D0/ F4\ D5/ D6/ B6/ A4+ C7/
Trax_4161556 ypercube vs. GringoNZ : @0/ @1/ C1/ B2/ D2/ C0/ E3/ D4\ D5+ C6+ A6+ E5\ F4/ G4+ H5/ A7/ @1\ A0\ I4/ J4/ A8/ @7/ B6+ A2+ @6\ A5+ A3\ C9+ A8+ @8/ A9/ F10\ G8+ F1+ C0/ A11+ B12+ @10/
Trax_4161565 dgb vs. GringoNZ : @0/ @1/ @1/ @1/ B0/ @2+ @2/ A3+ B4/ E3\ C0+ B0/ E6+ D7+ E2/ F1\ F5\
Trax_4161635 Kaisa vs. GringoNZ : @0/ @1/ A0/ @1/ B0/ B4\ D3/ A0/
Trax_4161805 Riika vs. Rogue Trooper : @0/ A0+ A0\ @3/ B0\ B5\ C4/ C2+ C5\ D5\ @2+ D0/ E1/ A1\ A0+ @3\
Trax_4161816 jaha vs. golfnutrof : @0/ @1/ A0/ @1/ B0/ C1/ D2+ B4+ A3+ A4+ @3\ C0+ B0/ F6\ F7\ F4/ G3\ @2+ @3\ B5+ D7+ D0/ F1+
Trax_4161835 JiffyJeff vs. ypercube : @0/ B1/ B0\ @2/ B1+ @2/ C3\ E2/ F1\ A0\ @1\ F1+ C0\ H2/ H1/ F5+ RESIGN
Trax_4162008 ypercube vs. jazzbeth : @0+ A2+ A0+ B2\ @2\ C4/ B5\ @1/ @2\ C0/ A0+ @2\ F8\ G6+ F3/ G2\ H3/ E1+ H0+ I4/ B1/ G0/ J6+ D1+ D0/ A4\ J3+ K7/ H1\ E0\ I3+
Trax_4162597 dgb vs. jazzbeth : @0+ A2+ A3+ B3/ @2\ C4/ C5/ C6/ A6+ @1/ E4+ D7+ F7+ G7/ F8+ C7/ G4+ H6\ F2/ E1+ G3/
Trax_4162943 Kaisa vs. jazzbeth : @0/ @1/ A0/ @1/ B0/ @1/ C4/ D1/ B0/ C1/ D1/ E1/ C6+ F5+
Trax_4162974 GringoNZ vs. jazzbeth : @0/ @1/ A2+ B0/ A4/ C1+ D3+ D4\ D5+ E3+ @4/ C0+ C0/ D8+ @5\ A4\ A1+ @4\ D0/
Trax_4163326 jaha vs. jazzbeth : @0/ @1/ A0/ @1/ B0/ @1/ C4/ D5/ E4+ D6/ C6/ D1+ F2\ B3+ D7+ F7+ A3+ A6/ A7/ A8/ @8/ D9+ @7+ @6/ J6\ H8+ D10+ A2+ @5+ F0+
Trax_4164429 Authority vs. jazzbeth : @0/ @1/ B2/ C2/ C1/ B0\ C0+ D1/ D3+ E1\ F1\ A4+ C0+ E1+ F3\ B6/ B7/ E4+ D0+ E8+ B9+ G7\ G8\ H6+
Trax_4164564 ypercube vs. JiffyJeff : @0/ @1/ B2/ C1+ B3/ C0/ @2/ B3+ D0+ E3+ F3/ A2+ E5\ F6/ G6+ C1+ B0/ C7/ D8+ F8\ F9\ G9\ H9\ @4/ I5+ J9+ F10/ E10/ I3/ RESIGN
Trax_4164978 lhh61 vs. Rogue Trooper : @0/ A0+ B2/ A0/ A0/ B0\ @1+ D1+ C6\ D6\ E6\ F6+ F7\ G2/ G1/ H3+
Trax_4166292 GringoNZ vs. JiffyJeff : @0/ @1/ A2+ B3/ C3/ @2+ B0/ B0/ C1/ D2/ E2+ E1/ F5+ F6\ G6\ G7\ F1/ G4+ E0+
Trax_4166741 Sassy Lassie vs. Riika : @0+ @1+ A2+ C1+ @2\ @1/ D0+ A1\ @2/ F1/ B0+ B5+ C0+ G4\ G5\ H5\ D6+ G6+
Trax_4166767 Darth Rob vs. Dragon101 : @0+ A0/ A3\ B1/ B0/ C4+ C5\ C6\ D5/ D1+ E3+ A6/ A7/ @4/
Trax_4167022 Phil The Hat vs. stormy rebel : @0/ A2/ @2\ B3/ C1+ B4/ D1/ D0/ D5+ E2/ C6+
Trax_4167064 Phil The Hat vs. Charlo : @0/ @1/ B2/ C2/ C3+ A3/ A4/ @4/ C0/ @4+ B6/ A7\ C0\ B1\ D8\ B9/ E2/ F6/ C0+ A4+ F1/ D0\ G3\
Trax_4167074 Phil The Hat vs. dgb : @0/ A0+ B1/ B0/ A4+ C1+ A0/ @3+ @4\ @4\ @3+ A2+ @2\ F0\ I3\ A2\ B1\ @3+ A4/ A5+ C6\
Trax_4167112 Phil The Hat vs. dingbat : @0/ A0/ B2/ B3/ B4/ C4+ D3+ B1+ B0/ B6+ A6/ A7/ @3+ @2/ A1+ B0\ C0+ D2/ E2/ E1/ B0/ B0/ F5+ G7\ G5+ H5\ H4+ B8/ A2+
Trax_4167371 Phil The Hat vs. ypercube : @0/ @1/ A0/ @1/ B3+ D2/ E2/ E4+ F3\ A0\ @2/ D1/ B0\ B5\
Trax_4167714 Phil The Hat vs. jazzbeth : @0/ @1/ A0/ @1/ A0/ @1/ @1+ A0\ @1\ B3/ E1+ F3/ B4/ E5/ C6+ A5+ @6\ H4+ D0+ F0/ D1+
Trax_4167952 Phil The Hat vs. Kaisa : @0/ @1/ A0/ @2/ C3/ D2/ A0/ D5\ E3/ B5/ B6/ C2+
Trax_4168760 Phil The Hat vs. GringoNZ : @0/ @1/ A0/ B3/ @2\ D3/ D4+ B0/ B0+ D7\ E7\ E8\ F5+ C8/ B7\
Trax_4171422 Traxplayer vs. ypercube : @0/ @1/ A0/ @2/ @1/ E2/ B0/ C4+ E2/ A0\ @3+ C0/ D2\ G4/ G3/ H6+ E7+ F8+ G9+ D7/ D8/ B7+ A7\ H10+ C9+ @6/ @7\ D0\ C2/ B2/ C9+ @5+
Trax_4171423 ypercube vs. Traxplayer : @0+ B1+ C1+ D1+ D2\ C0/ C0/ B2+ D5\ E2\ C0+ A1+ @2+ G6+ A1\ C0/ D7/ D8/ E2+ H5/ A0+
Trax_4171424 Traxplayer vs. STrek : @0/ @1+ @1\ C0/ D1/ D0/ E1/ E0/ F1/ F0/ G1/ G0/ G7+ H7\ E0+
Trax_4171425 STrek vs. Traxplayer : @0/ @1/ B0/ @1+ A0\ A0+ @3+ E4\ E5+ F3/ E2+ E0+ F1/ G5\ G6\ G1+ E0\ H4\
Trax_4171426 Traxplayer vs. Justin : @0/ A2\ B2\ B1/ C2\ A0\ @1/
Trax_4171427 Justin vs. Traxplayer : @0+ B1+ B0\ A3/ A4/ @3\ C4\ B5/ B6/ @3+ D6\ D7\ B2\ E2+ C0\ A8/ @7\ D9+
Trax_4171428 ypercube vs. STrek : @0/ A2\ B1/ B0/ @1+ C0/ @3\ B4+ E3\ E4\ F4\ F5\ F0/ G2+ E0\ D1\ F0/ G3/ H6+
Trax_4171429 STrek vs. ypercube : @0/ B1/ A0\ @1\ D2\ D3\ D1+ D0/ E1/ @2/ B3+ B4/ A3/ @3/ A4/ A1\ B0+ @3\
Trax_4171430 ypercube vs. Justin : @0/ A2\ B1/ C1\ C2/
Trax_4171431 Justin vs. ypercube : @0+ @1+ A0/ A3/ @3/ A4/ @2\ A1\ A0\ A0+ @1\ E1/ E0/ F4/
Trax_4171432 STrek vs. Justin : @0+ @1\ A2/ @1\ @1/ A2/ A0/ D3\ D4\ E1/ D0+ B0\ A2\
Trax_4171433 Justin vs. STrek : @0+ @1\ @1/ B2\ D1/ D0/ D3\ C4\
Trax_4175965 jazzbeth vs. JiffyJeff : @0/ A0/ B2/ @2\ B3\ C1+ B0/ A1+ @1/ @1/ A4+ RESIGN
Trax_4176291 Phil The Hat vs. LadyScorp : @0/ B1+ A2\ B2+ C1/ C0+ B0/ A2+ @2/ B0\ A1\ @1\ C0+ @2+ F1/ G2/ F0\
Trax_4176657 davidmilne vs. stormy rebel : @0/ A2/ B1+ @2+ @1/ B3/ C3+ @2/ @2/ D0/ D5/ B4/ D6+ D0/ F7\ G6\ E8\
Trax_4176658 davidmilne vs. Goonerg : @0/ @1/ A2+ @1\ C0+ D1\ E3+ C4/ F2\ E1+ C5/ F4+ A5/ @2+ @2/
Trax_4176676 davidmilne vs. dingbat : @0/ A0/ B1+ B0+ A1+ B0+ A1+ C2+ B0\ @5+ A6/ D5/ @4+ F5\ D6+ C7\ D8/ D9/ F4+ D10\ E8+ F7\ G8/ G4/ @4+
Trax_4176686 davidmilne vs. Riika : @0/ @1/ B0+ @2+ B3/ C0/ B1+ D3/ E2\ F1+ D0\ B6/ @6/ B7\ G6+ H5\ E8+
Trax_4176692 Carroll vs. davidmilne : @0+ A2/ A3/ B3/ C3/ B4+ B5/ A6\ C5+ @2+ C1/ E1/ E0/ @3/ G3+ F5+ @3/ C7/ C8/ H6/ I4\ G7+ E8/ E9/ I1/ RESIGN
Trax_4176694 davidmilne vs. LadyScorp : @0/ B1\ A2+ B2+ A3+ A4\ B4\ @2/ D3+
Trax_4176830 lhh61 vs. Riika : @0/ @1/ B2/ B3+ @1/ @1+ A2+ B0+ E1\ A4\ C4+ D5/ C6\ D7/ F2/ C0\ G4+ H4/ E0+ @5\ E0/ C1\ D0/ B4\
Trax_4177115 Carroll vs. Phil The Hat : @0/ @1/ C1/ A2\ A3\ @2\ @1/ A4+ @2\ E4\ E5\ F4\ F5\ E0+ RESIGN
Trax_4177623 jaha vs. LadyScorp : @0/ B1\ B2\ C2+ C0\ D2+ E2\ C0+ B1/ C0\ E2/ F3+ D1/
Trax_4177917 Phil The Hat vs. Authority : @0/ @1/ B2/ C2/ C3/ D3/ E3+ C4/ C5+ B5/ D2+ D1/ E1/ E0/ E0+ F2\ F3+ D8+ G3/ H2\ G1+ A7\ A6\
Trax_4177918 Authority vs. JiffyJeff : @0/ A0/ @1/ C2+ D1\ E1\ C3+ E3\ F1\ C0+ G1\ C0+ F1+ G3\ A5/ A6/ A2\ @1/ @1/ F6+ C7/ E0+ G0/ H1/ D2+ B5+ A1+ @3/ D0/ F2+ F1+
Trax_4178458 Christine vs. Miss Traven : @0+ A0\ A3/ @1/ A3\
Trax_4178792 Dragon101 vs. Rogue Trooper : @0/ A0+ B2/ @2/ C3+ @2+ @1/ A0+ @2+ G2\ F5/ G1+ F0/ H4+ I5/ I6+ F7/ A4/
Trax_4178898 jaha vs. JiffyJeff : @0/ A0/ B2/ @2/ @2\ B3\ B4\ A3+ @3\ D3+ F2/ RESIGN
Trax_4178990 GringoNZ vs. jaha : @0/ A0/ @1/ A0/ C2/ @2\ @2\ D1+ D0/ F2+ F3+ A2\ B1\ B0\ E1+ A2+ C0\ A6+ @3/ D7+ E0+ C9/ B9/ G2+ H5/ I2+ E8+ H7+ C1/ C0\ B1\ A4+ @8/ A9+ A3+ A5+ @4/
Trax_4179005 ypercube vs. jazzbeth : @0+ B1+ B0+ A1+ C1+ B0+ @3+ C4\ C0/ D1/ D5+ E2/ F2+ F1/ G4\ E5+ G1/ D0/ H3\
Trax_4179318 Phil The Hat vs. JiffyJeff : @0/ @1/ B2/ B0+ C2\ B0\ @3+ A4/ @4/ RESIGN
Trax_4179617 jaha vs. jazzbeth : @0/ @1/ A0/ @1/ B0+ @1/ B0+ C1/ D1+ E3+ F2\ G3/ C5+ G1+ B5\ C6/ E5\ F6/ B7\ H5+ A7/ B8\ H1+
Trax_4179711 Charlo vs. JiffyJeff : @0/ B1/ B0+ B0+ @3+ D3/ B4/ C5/ C0/ B2+ E3\ D2+ F4/ C0/ G3/ G2/ G7+ RESIGN
Trax_4180362 ypercube vs. Justin : @0+ A2+ B1+ A0+ C2+ D2/ D3\ E3\ C1\ B0/ C4/
Trax_4180363 Justin vs. ypercube : @0+ @1\ A2/ @1\ @1\ C3\ D3\ E1/ E0/ F1/ D0\ D0+ C1\ G1/ G0/ G5\ A6\ G6/
Trax_4182208 Phil The Hat vs. Riika : @0/ @1/ B2/ B3+ C3+ B4+ @1+ A0+ @2/ C5/ C0\ A4+ F5\ F4+ A5+ @3/ E7\ F7\ B7/ B2\ A6/
Trax_4191982 ypercube vs. GringoNZ : @0+ B1+ B2+ A2+ C1+ @1+ D0/ C4\ D4\ E3\ D0/ F3/ C6+ G3+ C1\ @3+
Trax_4191983 GringoNZ vs. ypercube : @0/ @1/ A0/ @2/ A0/ D3/ C4\ C5+ @4+ F3+ G3\ F4\ E2/ A6+ B7+ C1+ D6+ C8/ E8\ F9/ G5+
Trax_4191984 ypercube vs. Kriistina Jean : @0+ B1\ C1\ A2+ @1\ @1\ F2/ @1/ C2+ B0+ B4/ A4/ A5/ @2/ D5\ D6\ D0\
Trax_4191984 ypercube vs. Sutik Ansalewit : @0+ B1\ C1\ A2+ @1\ @1\ F2/ @1/ C2+ B0+ B4/ A4/ A5/ @2/ D5\ D6\ D0\
Trax_4191985 Kriistina Jean vs. ypercube : @0+ @1+ A0/ A3/ @3/ @2/ C4+ D3\ E3\ E4\ D5\ A1\ @1+ C0/
Trax_4191985 Sutik Ansalewit vs. ypercube : @0+ @1+ A0/ A3/ @3/ @2/ C4+ D3\ E3\ E4\ D5\ A1\ @1+ C0/
Trax_4191986 ypercube vs. Riika : @0+ B1+ B2+ C1+ C0/ A3/ C0/ B5+ C5\ D5+ B6+ B1+ D2+ E3+ E1/ D0\ F4/ E6\ E7\ C8/ F6+
Trax_4191987 Riika vs. ypercube : @0+ A0+ A0+ @1\ A3/ @1\ A0\ @4+ B0\ @3+ F4\ A0\ @2+ F1+ E0+ G3+
Trax_4191988 ypercube vs. dgb : @0+ B1+ B2+ C1+ C0+ D2+ C0+ E3+ E4/ E2/ F3/ G3/ H3/ H4+ RESIGN
Trax_4191989 dgb vs. ypercube : @0+ @1+ C1\ B2\ B3\ @1/ A2+ C4\ A3+ @2/ C5/ B5/ E5\ RESIGN
Trax_4191990 GringoNZ vs. Kriistina Jean : @0/ B1\ A2/ @2/ B0+ B4+ C4\ C5\ D2+ D1\ D6/ E3/ A6/ B7+ @5\
Trax_4191990 GringoNZ vs. Sutik Ansalewit : @0/ B1\ A2/ @2/ B0+ B4+ C4\ C5\ D2+ D1\ D6/ E3/ A6/ B7+ @5\
Trax_4191991 Kriistina Jean vs. GringoNZ : @0+ B1+ B2/ B0/ C1/ D1+ C0\ B5/ B1+ A2\ @2\ A1\ D0\ @3+ B0\ A1\ @2\ @2\ A1\ B4+
Trax_4191991 Sutik Ansalewit vs. GringoNZ : @0+ B1+ B2/ B0/ C1/ D1+ C0\ B5/ B1+ A2\ @2\ A1\ D0\ @3+ B0\ A1\ @2\ @2\ A1\ B4+
Trax_4191992 GringoNZ vs. Riika : @0/ A0+ A0/ B1+ C1+ B0\ @2\ @2\ A1\ A0\ C6/ D5+ D7+ D8\ E7/ F7/ E5+
Trax_4191993 Riika vs. GringoNZ : @0/ @1/ C1/ A2/ @1+ D0+ A4\ @4+ F3+ E5\ D0/ @4/ E0/ G2/ H2/ H1/ H0/ I3+
Trax_4191994 GringoNZ vs. dgb : @0+ B1+ B2+ C1+ D1/ D0/ D3+ E3\ F2/ G3\ G4\ C0\ B1\ D0/ E1/ F1+ RESIGN
Trax_4191995 dgb vs. GringoNZ : @0/ @1/ @1/ A0/ @2/ C3\ C4+ B0+ C1/ D5\ E4\ F4\ F5\ RESIGN
Trax_4191996 Kriistina Jean vs. Riika : @0+ @1+ A2\ A0\ @1\ B0/ C2+ A0\ @2/ A5/ @4+ C6\
Trax_4191996 Sutik Ansalewit vs. Riika : @0+ @1+ A2\ A0\ @1\ B0/ C2+ A0\ @2/ A5/ @4+ C6\
Trax_4191997 Riika vs. Kriistina Jean : @0+ B1\ B2\ @1/ D1\ D2\ D3\ E3\ C4/ D5/ D0+ F5/ G1/ F0\ G7\ F8+ H6/
Trax_4191997 Riika vs. Sutik Ansalewit : @0+ B1\ B2\ @1/ D1\ D2\ D3\ E3\ C4/ D5/ D0+ F5/ G1/ F0\ G7\ F8+ H6/
Trax_4191998 Kriistina Jean vs. dgb : @0+ B1+ B2/ B0/ C1/ D1+ E2+ E3+ C4+ A4/ C5/
Trax_4191998 Sutik Ansalewit vs. dgb : @0+ B1+ B2/ B0/ C1/ D1+ E2+ E3+ C4+ A4/ C5/
Trax_4191999 dgb vs. Kriistina Jean : @0+ @1+ C1\ B2+ @1\ A0\ A0+ @3+ B4/ B5/ A5/ @2/ C6+ C7/ E1/ E0/ E7\ G4/ E8/
Trax_4191999 dgb vs. Sutik Ansalewit : @0+ @1+ C1\ B2+ @1\ A0\ A0+ @3+ B4/ B5/ A5/ @2/ C6+ C7/ E1/ E0/ E7\ G4/ E8/
Trax_4192000 Riika vs. dgb : @0/ A0/ A0+ @1+ B0/ C1/ D1+ B0+ A2\ @5/ B6+ A2\ B1+
Trax_4192001 dgb vs. Riika : @0/ @1+ B2/ C1/ C0/ @3\ @3\ E4\ F2+ D0+ D0/ E0\ B3+ C1\ D0/ B8+ C9/ B3+ A5\ @5\ G1/ A8/ H4\
Trax_4192221 jazzbeth vs. Rogue Trooper : @0/ A0+ A0\ @3/ A4/ @1+ @2+ C5/ E4+ E6+ E7/ F3\ @2/ A1/ A0/ G3/ H3/ C0+ G7+ @7+ D8+ C9+ C10+ G2+ I7+ J7/ H1+ F1/ A4+
Trax_4192469 dgb vs. ypercube : @0/ @1/ @1/ @1/ B0/ C1/ C0/ D1/ A0+ @4+ E5+ F4\ D0+ E7\ F7\ G4+ E8/ RESIGN
Trax_4192681 Phil The Hat vs. jaha : @0/ A0/ @2\ B0\ A1\ A0\ @1\ D1/ C0\ D5\ C6\
Trax_4194207 supermac vs. Riika : @0/ @1/ B0/ B0/ B4+ C4\ C5\ D2+ @1+ C0/ F6+ G5\ C7/ B7/ A7/ @7+ A8/ F7+ F8\
Trax_4194227 golfnutrof vs. Traxplayer : @0/ @1/ A0/ @2/ @1/ C0/ D2/ C4/ D1/ E3/ F4/ C5/ C6/ B4+ E1/ E0/ F1/ F8+ G5+ A0+ @4+ E10+ C9+ E0+ B7+ @4+ B7+ @2\ A1\ J1/ J0/ K3\
Trax_4194353 Authority vs. Thud : @0/ B1+ C1/ C0/ C0/ A2+ @2/ @2/ D0+ D0\ E6/ F3/ B6/ RESIGN
Trax_4194393 Dragon101 vs. GringoNZ : @0/ B1/ A0/ @1/ C1/ A0/ @1/ C4+ E2\ B0/ C6/ B6/ D2+ A5+ @5/ B7+ C0/ A3\ @3\ D8+ G6+ H4+ E9/ I4\ G3+ I6\ F7+ J6/
Trax_4194589 jaha vs. JiffyJeff : @0/ A2/ B2/ @2+ B3+ D2+ A3/ A4/ C4+ E2+ @3+ @2/ @3\ @2/ D1+ F0/ B5+ C6/ F0+ G1/ @3\ RESIGN
Trax_4194738 Goonerg vs. LadyScorp : @0/ A2\ B1/ B0/ @2/ @3\ @2/ B0\ C5+ D0/ @6/ A7/ A3\ D7+ @5\
Trax_4195375 davidmilne vs. JiffyJeff : @0/ B1/ B2+ C2\ D2\ D3\ A0\ RESIGN
Trax_4196100 JiffyJeff vs. Riika : @0/ @1/ A2+ C1/ A0/ @2/ D1/ @2/ F2+ C4\ D5/ G3/ B0+ B5+ D7+ C7+ D8+
Trax_4196197 Charlo vs. jaha : @0/ A0/ A3/ A4/ @3+ C4+ D3+ @2+ @2/ E0+ E6\ F6\ G5+ B5/ B6/ E7+ B8+ @5+ G8/ G9/ G10/ I6/ B7+ H8+ J6/ C1\ B1\ E10+
Trax_4197578 Carroll vs. LadyScorp : @0+ @1/ A2+ A3\ C1/ C0/ C4\ C5\ D3/
Trax_4197854 Riika vs. Rogue Trooper : @0/ A0/ A0/ B1+ @2+ C0/ @2/ E2\ D0/ F2+ D0/ C1+ G4/ G2+ B1+ D7+ F7\ F8\ G7+ H4\
Trax_4198040 Dragon101 vs. jazzbeth : @0/ @1/ A0/ @1/ @1/ A0/ E3/ F3+ E2+ @2\ E1/ D0+ F5+ G3/ F1+ H2+ H3+ I3/ F0/ D7+ I1/ C5/ J3/
Trax_4198059 Traxplayer vs. jazzbeth : @0/ @1/ B0/ @1/ D2/ D3/ E3/ D1/ B0\ B4/ C0+ B0/ B0/ B0/ A4+ E5+ B9/ @5+ G4\ G8+ B8+ @7+ @7\ B8/ @7\ A5+ A9/ @6/ D10/
Trax_4199580 Phil The Hat vs. Goonerg : @0/ @1/ B2/ A0\ @1\ D1\ @1/ A2/ @2/ D3/ F0/ G1/ A1\ @1/
Trax_4202167 Miss Traven vs. Christine : @0+ B1+ B2\ A2/ B3\ C3+
Trax_4203920 Riika vs. LadyScorp : @0/ A2\ B2\ B3\ B1/ C1/ @1/ E1\ E2+ F2+ D0/ F1/ G2+
Trax_4209249 Authority vs. Charlo : @0/ @1/ C1/ C2/ D1/ D3/ C0+ B3/ B4/ A4/ C0/ C0/ C0/ E4+ D0+ F4\ G5/ B4+ @5+ D1+ @4\ C3+ H6/ A6+
Trax_4212967 JiffyJeff vs. Authority : @0/ A0/ @1/ A0/ C3/ C4/ B1/ A3+ C2/ D2/ A4/ A5/ D5\ A6/ E5/
Trax_4212972 balmoral vs. Linda Sue : @0+ @1\ C1\ C0+ C0/ B1+ D1/ C4\ E4+ B5/ A5/ @2/ B1+ C0\ @2\ A1\ C0/ @2+ H1/ I3\ G0/
Trax_4213741 Kaisa vs. Authority : @0/ @1/ A0/ @1/ B0/ @1/ RESIGN
Trax_4213742 Authority vs. Kaisa : @0/ @1/ C1/ A2+ D2/ RESIGN
Trax_4213743 Kaisa vs. ypercube : @0/ @1/ B2/ C2/ B3/ B0\ RESIGN
Trax_4213744 ypercube vs. Kaisa : @0+ A2/ A0\ @2/ @2/ A3/ @3/ RESIGN
Trax_4213745 Authority vs. ypercube : @0+ A0+ B1+ @1+ C2+ D1+ A0/ C4/ A0/ E3+ D2/ E4\ F2\ G2\ H3/ D0\ @3/ B6\ @3/ A1+ @4\ K6\ L5/ E7\ G7+ G8\ I7+ D8/ C8/ E9\
Trax_4213746 ypercube vs. Authority : @0+ @1+ B2\ C2\ C3+ D2+ C4\ A0/ E3/ F2\ A0/ C2+ @1\ A0\ D1\ H4+ D8\ B6\ C7+ A6+ @7\ A2+ @6+ E9+ A2\ @1/ @2\ @1/ C0+ A4+ A0\ @3/ F1/ @5/ H1\
Trax_4215164 Charlo vs. Rogue Trooper : @0/ A0+ @2/ @2/ D1/ D0/ B1+ E1+ D3+ @3/ B4+ E0/ B1+ G2\ D6+ H4\ H5+ C0+ F7\ I5\
Trax_4215400 Charlo vs. lhh61 : @0/ @1/ B0+ @1/ D2/ E1\ C0/ E4+ F4\ B5/ A3/ A1\ F1/ @2\
Trax_4216421 ypercube vs. Bill Roupas : @0/ @1/ B2/ A2+ A0/ @3+ @3+ @3\ C1\ E1+ D0\
Trax_4218121 dgb vs. ypercube : @0+ @1+ @1/ D1\ B0/ B3+ D3\ B4/ @4+ F3+ D5/ RESIGN
Trax_4218122 ypercube vs. dgb : @0/ A0/ B2/ A3+ C2/ @2\ @2\ D1+ C0/ C0/ F3\ E2+ C6/ G5\ E6+ E7/ H5+ E8\ F7+ G6+ C0+ D1+ RESIGN
Trax_4218544 Rogue Trooper vs. Kaisa : @0+ A2/ @2\ B0/ C1/ D1+ B0+ A2\ B5+ @2/ C6+ A1\ B0/
Trax_4218760 dgb vs. ypercube : @0+ @1+ C1\ B2\ B3\ A2+ A0+ @2/ D4\ @2/ D5+ A1\ @1\ C0+ C5+ C7/ B7/ A4+ @1\ RESIGN
Trax_4220237 Zugzwang vs. dgb : @0/ @1/ A0/ @2+ D2+ C3\ C4+ C5/ E2/ F2+ E3/ G2\ C6/ D5+ C7+ E5\ A6/ A7/ D1/ E8\ F6/ G5\ H5\ F8\ B0/ @3+ I9\ J7+ F2/
Trax_4220244 Zugzwang vs. ypercube : @0+ A2+ A0+ B3\ @3\ @2/ @2/ E4\ E5+ C4+ B5+ C6\ A1\ @1\ G3/ F1+ F0/ G1/ H1+ F0\ E1\ F8\ A5\
Trax_4220660 Riika vs. Charlo : @0/ @1/ C1+ D1\ B2/ B3+ A2+ C0/ B5\ E1/ D0\ E6+ F3+ D7+
Trax_4220679 Zugzwang vs. Rogue Trooper : @0/ A0+ A0\ @1\ B0\ @4+ C5/ @3/ E5\ E6\ C6+ E3+ F6+ A5+ E1/ D0/
Trax_4220730 Rogue Trooper vs. lhh61 : @0+ A2/ A3+ A4\ B4\ B5\ C2+ D5/ B6\ C7/ E7+ C8/ E4/ F3\ @4\
Trax_4225081 Kriistina Jean vs. Traxplayer : @0+ B1+ B2/ A0\ @1\ @1+ D1+ A0/ B4+ C5+ D5+ E4+ D0+ @4+ F4/ A6/ RESIGN
Trax_4225081 Sutik Ansalewit vs. Traxplayer : @0+ B1+ B2/ A0\ @1\ @1+ D1+ A0/ B4+ C5+ D5+ E4+ D0+ @4+ F4/ A6/ RESIGN
Trax_4225082 Traxplayer vs. Kriistina Jean : @0/ B1\ A2/ @2/ B3\ C2+ A4/ @2/ D4\ RESIGN
Trax_4225082 Traxplayer vs. Sutik Ansalewit : @0/ B1\ A2/ @2/ B3\ C2+ A4/ @2/ D4\ RESIGN
Trax_4225083 Kriistina Jean vs. ypercube : @0+ @1+ B2/ A0\ @1\ A0\ C2+ D1/ C0\ @2+ @2\ B5/ RESIGN
Trax_4225083 Sutik Ansalewit vs. ypercube : @0+ @1+ B2/ A0\ @1\ A0\ C2+ D1/ C0\ @2+ @2\ B5/ RESIGN
Trax_4225084 ypercube vs. Kriistina Jean : @0/ B1\ B2\ C2\ B3/ A2+ C4\ D3/ A4/ A5/ @3\
Trax_4225084 ypercube vs. Sutik Ansalewit : @0/ B1\ B2\ C2\ B3/ A2+ C4\ D3/ A4/ A5/ @3\
Trax_4225085 Kriistina Jean vs. dgb : @0+ B1+ B2/ B0/ C1/ C0/ A2+ D2+ C4+ E2+ C5+ C6/ D5\ E5\ A5+ @4+ A3\ G2/ G3\ H3\ A1+ H5\ RESIGN
Trax_4225085 Sutik Ansalewit vs. dgb : @0+ B1+ B2/ B0/ C1/ C0/ A2+ D2+ C4+ E2+ C5+ C6/ D5\ E5\ A5+ @4+ A3\ G2/ G3\ H3\ A1+ H5\ RESIGN
Trax_4225086 dgb vs. Kriistina Jean : @0/ B1\ B2\ C2\ B0+ D1+ E1\ C0/ E5\ F4+ B5/ RESIGN
Trax_4225086 dgb vs. Sutik Ansalewit : @0/ B1\ B2\ C2\ B0+ D1+ E1\ C0/ E5\ F4+ B5/ RESIGN
Trax_4225087 Traxplayer vs. ypercube : @0/ @1/ B0/ @1/ D2/ @1/ B0\ B0+ C0+ @4+ C5/ D6+ B3\ A2/ E7+ D0\ @4\ G3+ H2\ I2\ J2\ G1+ E0+ C3+ @4+ H1/ H0+ I6+ C8/ K7\ RESIGN
Trax_4225088 ypercube vs. Traxplayer : @0+ B1+ B2+ C1+ B0+ D2+ A3/ @3/ B4+ @3+ B1+ B0/ E2/ F4\ G3\ H3\ I3\ I2+ F1+ H4+
Trax_4225089 Traxplayer vs. dgb : @0/ A0/ @1/ B0+ C3/ @2\ B3/ @2+ B4+ @4\ B5+ F4+ B1\ C0+
Trax_4225090 dgb vs. Traxplayer : @0+ B1+ C1\ @1/ B2/ A0/ A0/ C2+ B0+ E4\ F4\ @3+ @4\ @4\ B2+ A5+ H3/ G0+ F0/ G7+ E8+ F0/ H2+ I5+ @8/ @8/ A9/ @9/ D10+ @7+ B6\ E4/ C5+ B4/ B3/ B2/ E1+ F3+ A3+ B1+ @7\
Trax_4225091 ypercube vs. dgb : @0/ A0/ B2/ A3+ C2/ @2\ @2\ D1+ D0/ E5/ F1/ D0/ D0/ G3+ B4+ C3+ D0+ @6\ @6\ C7+ @7+ B8/ @7\ D4+ D3/ E0+ D1\ C3\ RESIGN
Trax_4225092 dgb vs. ypercube : @0/ @1/ @1/ @1/ B0/ B3/ B4/ A4/ @4+ A5/ A6+ D5+ F5+ F6\ F7\ G4\ H2+ G1/ D7/ E8+ A8+ F9/ H6+ I3+ F0/ B10+ F11/ @9/ A10/ F2+ A11/ @8+ B2+ E1+ B7\
Trax_4225093 GringoNZ vs. Authority : @0/ @1/ A0/ @1/ B3/ C4/ B0/ C1/ D4\ E3+ C0/ F2+ F0+ E0/ G5/ H5/ C9/ D9+ B8+ A9\ F7+ G2+ I6\ H7/ J5/ J4/ J3+ K5+ A6+
Trax_4225094 Authority vs. GringoNZ : @0/ @1/ B2/ C2/ C3/ D2/ A2+ @2/ C0/ E5\ F5\ @3/ @3/ C4+ G6+ B5+ F1+ C2+ B1+ E0+ G2/ G1/ C0+ @7/ C8/ A3+ H1+ @5/
Trax_4225095 GringoNZ vs. Lz : @0/ B1\ A2/ B2+ C2\ B3/ @1\ @1/ B0/
Trax_4225096 Lz vs. GringoNZ : @0+ B1+ B2/ B0/ C1/ D1+ A1+ B0\ B0\ A1\ A0\ @3+
Trax_4225097 GringoNZ vs. Zugzwang : @0/ @1/ A0/ A0+ @2\ @2\ B4+ @2\ D0\ B2+ A1/ A6/ @6+ A2/ @3+ D7\ E7\ G5\ H4/ H3/ G8\ E8+
Trax_4225098 Zugzwang vs. GringoNZ : @0/ @1/ C1+ C0/ B1+ @2/ D3\ E1/ A4/ @4/ G1+ E0+ G5\ E6/ H4\
Trax_4225099 Authority vs. Lz : @0/ B1\ A2/ B2+ B3\ @2/ B0+ C1+ @3/ A5/ @3/ D6+ F3+ A0+ @4+ @4+ H7\ F8/ I5\
Trax_4225100 Lz vs. Authority : @0+ @1+ B0\ A3/ @3/ @3+ B4\ A1\ B0+ @2/
Trax_4225101 Authority vs. Zugzwang : @0/ @1/ A0/ A0+ @3/ @3+ B4\ @1\ C0+ @3/ A4/ C0/ @4+ C1+ @3+ B1\ F0\ D7+ A1/ @3/ D8\ I7\ J7\ D9\ E10/ B6+ @4\ E0/ E0+ B3+ B8/ D9+ @6\ H2/ @4\ C1\ C0\ B10/ A8+ C11\
Trax_4225102 Zugzwang vs. Authority : @0+ @1+ @1/ A2/ B3/ B4/ C2+ A4/ C5\ D5\ D6\ E5/ D4+ F6\ E7/ B0/ D1\ E1\ @8+ A9/ A3+ @7/ B1\
Trax_4228685 JiffyJeff vs. jaha : @0/ A0/ B1+ C1\ C3+ B4+ B5/ @3+ @3+ A5/ A6/ A2\ @3+
Trax_4228822 Authority vs. lhh61 : @0/ @1/ B2/ B3/ C1+ D3/ B0/ A4/ A5+ A0/ @4+ @1+ C0/ D1/ F2+ C0+
Trax_4229514 davidmilne vs. GringoNZ : @0/ @1/ A2+ @2+ @2+ E1+ E0\ C4/ B1\ A0/ F4/ F5+ E6\ G4/ @4\ E1/ E0/ I5/ G2+ I7\ RESIGN
Trax_4229521 davidmilne vs. Kaisa : @0/ @1/ A0/ @2/ B0+ @3/ @2+
Trax_4230145 davidmilne vs. ypercube : @0/ @1/ B0+ @1/ D1\ D0\ C0/ D0\ B3+ B6+ A6/ E1/ E0/ E7\ RESIGN
Trax_4230158 davidmilne vs. Phil The Hat : @0/ @1/ B0+ @2+ @1/ A0+ D1+ @2/ F3/ G2\ H3/ H1+ RESIGN
Trax_4233368 davidmilne vs. Authority : @0/ @1/ A0/ @1/ B3+ D2/ E2+ E1/ A3+ @2/ RESIGN
Trax_4234455 dgb vs. Zugzwang : @0/ @1/ @1/ C0\ B3+ B1+ D2\ @1\ A0\ F3\ E2+ E4+ @2+ B4+ B0/ D2+ @5\ A2/ B1+ @2+ F6+ A0\ @1\ I7+ A3/ @3/ C0+ B0/ E2/ D1+ D0/ E2/ F2/ E1/ G2+ D0+ J7/
Trax_4235446 Charlo vs. lhh61 : @0/ @1/ B0+ @1/ D2/ E1\ F2/ F3/ F4/ G3+ C3+ C0+ F1/ E0/ G3/
Trax_4237521 Kriistina Jean vs. Traxplayer : @0+ B1+ C1+ D1+ E1\ E2\ F2\ G1/ G0+ H3\ G4+ I2/ I1/ I4\ RESIGN
Trax_4237521 Sutik Ansalewit vs. Traxplayer : @0+ B1+ C1+ D1+ E1\ E2\ F2\ G1/ G0+ H3\ G4+ I2/ I1/ I4\ RESIGN
Trax_4237522 Traxplayer vs. Kriistina Jean : @0/ B1\ A2/ @2/ B3\ C2+ A4/ @2/ D4\ RESIGN
Trax_4237522 Traxplayer vs. Sutik Ansalewit : @0/ B1\ A2/ @2/ B3\ C2+ A4/ @2/ D4\ RESIGN
Trax_4237523 Kriistina Jean vs. ypercube : @0+ @1+ B2/ A0\ @1\ @1+ C0+ D2/ E2/ E1/ B0/ A5/ RESIGN
Trax_4237523 Sutik Ansalewit vs. ypercube : @0+ @1+ B2/ A0\ @1\ @1+ C0+ D2/ E2/ E1/ B0/ A5/ RESIGN
Trax_4237524 ypercube vs. Kriistina Jean : @0+ B1+ C1+ D1/ A2/ @1\ E2\ F1+ C0/ RESIGN
Trax_4237524 ypercube vs. Sutik Ansalewit : @0+ B1+ C1+ D1/ A2/ @1\ E2\ F1+ C0/ RESIGN
Trax_4237525 Kriistina Jean vs. *Leo The Lion : @0+ @1/ B0+ C2\ C3\ D3\ D4\ C5+ @2/ C0+ C0\ B1\ A0/ @1+ A0\ @4+ A1/ F5/
Trax_4237526 *Leo The Lion vs. Kriistina Jean : @0/ A0+ @2/ @2/ C0+ D2\ D4+ E4\ F4\ D5/ E6+ G3+ G2/ E1/ G1/ RESIGN
Trax_4237527 Traxplayer vs. ypercube : @0/ @1/ @1/ @1/ C0+ D3+ C4+ B5+ C0/ D0\ E5\ E6\ @7+ @7\ B8+ H5+ @6+ @6/ @6/ E4+ D3+ E9/ J7/ B5+ @5/ C2\ RESIGN
Trax_4237528 ypercube vs. Traxplayer : @0+ B1+ B0+ C1+ B3\ B0\ B0\ C2+ B6\ B0/ D3/ E2\ A2+ @3+ D7+ E6+ D8+ D9\ E9\ E10/ G3/ B6+ G1/ H2\ F9+ E0+ C0\ RESIGN
Trax_4237529 Traxplayer vs. *Leo The Lion : @0/ B1\ A2/ @2/ B3\ C3\ C4+ D3\
Trax_4237530 *Leo The Lion vs. Traxplayer : @0/ @1/ B0/ @1+ C0/ D1/ A0+ @1\ @1\ B0/ F1+ A0\ @1\ H6+ E7+ H2/ I5\ G8+ A4/ RESIGN
Trax_4237531 ypercube vs. *Leo The Lion : @0+ B1+ B2\ @1+ C0/ D3\ D4\ E1+ B4/ RESIGN
Trax_4237532 *Leo The Lion vs. ypercube : @0/ @1/ A2+ @2+ C0/ B4/ B5/ D2+ E1\ F1\ E3+ C4+ B6/ @6/ A7/ @7/
Trax_4237533 GringoNZ vs. Lz : @0/ @1\ A0/
Trax_4237534 Lz vs. GringoNZ : @0+ B1+ A2+ @1+ A2+ @1+ A2+ @1+ @1/ A2/ @2/ A3/ @3/ A4/
Trax_4237535 GringoNZ vs. dgb : @0/ @1/ A0/ @2+ C3/ B0\ D3\ C5/ @3/ @3/ B2+ B1\ A4/ @5\ A6+ A0+ @3/ A7+ C8/ B0/ @7/ A6+ A2\ A1\ @5/
Trax_4237536 dgb vs. GringoNZ : @0/ @1/ @1/ B2\ D1/ A3\ @2\ B0\ B0+ @5\ F0+ G4/ G5+ H5+ H6\ F6+ G7/ H8\ I7+ G9/ F9/ E7+ G10+ I10+ J9+ C1+
Trax_4237537 Lz vs. dgb : @0+ B1+ A2+ @1+ B0/ B0\ A2+ @2\ B1\ B0\ D5+ A2+
Trax_4237538 dgb vs. Lz : @0+ B1\ @1\ C2/ B0+ B3/ D2/ C1+ C0/ B1\ D2+
Trax_4242602 Rogue Trooper vs. Authority : @0+ @1+ A2\ B0/ C1+ D1\ C3+ D4/ B5+ C6/ D5+ E3+ D7+ D8/ B7+ E7\ F4+ A5/ @3/
Trax_4244035 Traxplayer vs. Zugzwang : @0/ @1/ @1/ A0/ @2/ B0+ C2+ D4+ B5+ @4\ B0/ @1\ C0+ A7/ RESIGN
Trax_4244123 jaha vs. Zugzwang : @0/ @1/ A0/ A0+ B1/ B0/ B5+ @5/ B6\ A1\ C0+ D3+ A3+ @3/
Trax_4244797 Dragon101 vs. Zugzwang : @0/ @1/ A0/ A0+ C3/ C2/ @3/ @3+ E4\ F2+ D0+ @2\ B1+ @3/ A4/ A1\ C0/ @2/
Trax_4245886 jaha vs. Kaisa : @0/ A0/ B2/ A3/ A4+ C2+ @2+
Trax_4245899 Authority vs. lhh61 : @0/ A0/ A0/ @1/ B0/ @1/ @1/ A0/ E3+ C5/ E1\ C6+ F1/ F0/ F7+ D8/ G4+
Trax_4246841 ypercube vs. Traxplayer : @0/ @1/ C1/ D1/ C2/ B0\ B0+ E2+ D5\ E5+ B5/ E6/ A2\
Trax_4247171 Traxplayer vs. JiffyJeff : @0/ A0/ @1/ A2+ C1+ D2/ D3+ @1/ A0+ @1+ A0\ C1+ G3\ @2/ A4+
Trax_4247295 Riika vs. lhh61 : @0+ A0/ A3\ B3\ B4\ C2/ D2+ D1/ B0\ C6/ @6+ D7/ A1\ @2\ B0/
Trax_4247325 Zugzwang vs. Charlo : @0+ A2/ A0\ @3/ B4/ C4/ @3+ B4+ @1\ C0/ A1+ C0/ @4/ A5/ A6+ E7/ @5/
Trax_4249552 davidmilne vs. dgb : @0/ B1\ B2+ A0/ @2+ D2/ C0\ D2+ C0\ @2+ A0+ F2+ F1/ F0+ RESIGN
Trax_4249560 davidmilne vs. jaha : @0/ A0/ B1+ @2\ @2\ C3+ D4/ E2/ A3/ @4\ D0/ A6/ RESIGN
Trax_4250236 Sassy Lassie vs. jazzbeth : @0+ B1/ @1+ B2+ B3+ A0/ @2/ C5\ B3+ @2/ B1+ A4/ @2/ C5+ E6\ G2/ F5\ H4+ F0+ H2+ I5/ A6+ F7+ C7/
Trax_4250329 golfnutrof vs. Dragon101 : @0/ A0/ B2/ C2/ C3/ D3/ @2/ A3/ F3/ E2+ B4+ D5+ G2\ D1/ F1+ H3/ F0/ @2+ D1+ G0+ F8/ J2+ J1/ J7+ K6\ H9+
Trax_4251334 Rogue Trooper vs. lhh61 : @0+ A2\ B2/ B3\ C3\ D3\ @1/ B3+ B4/ F3/ F2/ E5\ F5\ G3/ E6+ A5+ G2/ H4\ D2+ F1/ I4+ J3\ I5/
Trax_4251385 davidmilne vs. jazzbeth : @0/ @1/ B0+ C1/ A3+ C2+ D2\ E1+ F2/ E3+ F4/ C0/ D0\ @4+ RESIGN
Trax_4251524 PuggieLover vs. Kat : @0/ A2\ B1/ B2+ A3/ B3\ @2/
Trax_4251525 Kat vs. PuggieLover : @0/ B1\ A0\ @1/
Trax_4251677 Riika vs. Kat : @0/ A2\ B2\ B1+ @1\ A2/ A3\
Trax_4252539 jaha vs. Authority : @0/ @1/ A0/ @1/ B0/ A0/ @2+ @2/ @3\ @2/ C4\ E0+ C2+ @3+ G1/ H1/ H0/ H0+ H0+
Trax_4252615 GringoNZ vs. Charlo : @0/ @1/ A0/ @1/ B0/ A0/ B5/ C2/ @1/ B0/ D2+ E3+ D1/ B6/ D0\ C8+ F7+ E3+ A1+ @1\ B5+
Trax_4253394 davidmilne vs. Charlo : @0/ @1/ B0+ C1+ C2+ D1+ D2+ E1+ D3/ B0/ B0/ @4+ E1/ C0/ @5\ A3+ H3\ H1/ RESIGN
Trax_4254568 Rogue Trooper vs. lhh61 : @0+ A2/ @2\ A1\ C2/ D1\ E2/ F1\ E3+ E0+ G4\ F5/ G1/ G0/ H4/
Trax_4254611 Authority vs. JiffyJeff : @0/ B1/ B0\ A3+ A4\ C4+ D4/ E2+ E1/ E0+ F3+ C6+ C7/ C8/ C9/ @4/ B6+ E8+ F7\ G6+ A9+ @8+
Trax_4254742 lhh61 vs. Riika : @0/ @1/ A0/ A0+ A0\ @4+ A0/ C2\ @2\ @2+ A1\ A0\ D1+ @1+ A4+ B0\
Trax_4256306 Zugzwang vs. dgb : @0+ B1+ C1\ C2\ B3\ A0/ A0/ C2+ D1\ E3+ F2\ G2\ F4+ A0/ D0+ E2/ @3+ D0+ E8\ @5\ @4/ B3+ E0+ C7+ @6+ E9+ L8\ L9\ L10+ M8+ L6+ I9+ J11/ I11/ N9/ N7+ K12\ L11+ L5/ A4\ A3\ O7+ N4/ O4/ C3/ A2\ K4+ J3/ M3\
Trax_4256590 Riika vs. jazzbeth : @0/ @1/ C1/ C2/ D1/ A0+ C0+ E3+ C0/ E1/ C0/ B2+ F2/ G3+ H5+ G6\ G7\ H7\ I5/ J4\ F1+ E0/ E0/ F10+ E10/ J10\ J11\ K10/
Trax_4258032 supermac vs. JiffyJeff : @0/ A0/ @2/ B0+ C1\ @3/ @3/ A4/ B5+ E6+ F6\ G4+ D0/ F8+ F9/ D9+ F2+ H2+ D10/ C10/ B9/ H1+
Trax_4258192 Zugzwang vs. jazzbeth : @0+ B1+ C1/ B2+ D1\ D2\ E2\ C3/ D4+ F2+ A3\ C0/ A5/ D6/ @4/
Trax_4262168 Missing Sock Fairy of TA vs. Riika : @0/ @1/ @1+ C2\ D1+ A0+ @1\ E3+ F2/ B3/ B4/ F1/ E0/ B6/ E5/ E6\ F5+ G3+
Trax_4262169 Riika vs. Missing Sock Fairy of TA : @0+ A0+ A0+ A0+ B1/ C1+ D1\ D2\ @3/ B0+ A1\ F3/ @4\ B3+ A2+
Trax_4262170 Missing Sock Fairy of TA vs. dgb : @0/ A0/ @1+ C1\ B3/ @2+ C0+ D3+ C5\ A5/ B6/ @5\
Trax_4262171 dgb vs. Missing Sock Fairy of TA : @0/ A0/ B1+ B3+ A0/ A0/ C2\ @4/ D0/ E1/ A1\ @2+ C0/
Trax_4262172 Missing Sock Fairy of TA vs. violet unicorns : @0+ @1\ C1+ A0+ @2/ A1\ A3\
Trax_4262173 violet unicorns vs. Missing Sock Fairy of TA : @0/ A0+ @2\ B0+ A2+ B0+ A2\ C2/
Trax_4262174 Riika vs. dgb : @0+ B1+ B0\ B3\ B4+ C2+ D2\ E2\ D1+ F2+ E4+ B5/ A4/ C6+ E5+ A6/ C7/ @5\
Trax_4262175 dgb vs. Riika : @0+ B1+ C1\ C2\ B3\ B4\ B5+ B6/ A3+ D2\ C0+ C6\ D6\ E6\ B8/ @7/ @6+ @5/ B4+ F9+ @6\ B7+ J9+ J10\ K10\ H11+ K7/ K6/ L8\
Trax_4262176 Riika vs. violet unicorns : @0+ A0/ A3\ B2/ C2/ B1+
Trax_4262177 violet unicorns vs. Riika : @0+ A2+ B2/ @1/
Trax_4262178 dgb vs. violet unicorns : @0/ @1/ B0+ A3/ C1/ C2\ D1\
Trax_4262179 violet unicorns vs. dgb : @0/ A0/ B2/ A3+ B1/ B4/ C3/ C2+
Trax_4262180 GringoNZ vs. Traxplayer : @0/ @1/ A0/ @1/ A0/ @1/ A0/ @1/ B0/ E6/ D6/ F6/ B4/ C1/ F7/ G7/ D1+ A0+ @2\ @3\ A4+ C6\ G5+ D7/ E0+ F2/ G2/ RESIGN
Trax_4262181 Traxplayer vs. GringoNZ : @0/ @1/ A0/ @1/ A0/ B4\ A4\ B5+ @4+ C6/ @5+ @5\ @5\ D7+ E8/ G6/ H5\ H7+ I4/ D9\ E10/ F8+ E11+ E12/ J5/ I6+ K5/ I8/ I9/ H12+ RESIGN
Trax_4262182 GringoNZ vs. ypercube : @0/ B1/ B0+ A3+ C3/ @2\ B0/ B5+ @3+ A4+ @3\ A2\ A4/ @2+ D0/ E7+ D0+ A2+ E9\ G4\ G7\ H5+ F10+ F2\ @2\ B0+
Trax_4262183 ypercube vs. GringoNZ : @0+ A0/ A3\ B2/ @2/ D2\ A4+ C1/ D0\ C0+ C0/ E3/ E2/ F3/ G5/ G3+ RESIGN
Trax_4262184 GringoNZ vs. jazzbeth : @0/ @1/ A0/ @1/ @1/ C3\ C4\ D4+ E2/ E4+ @1/ E5/ E6/ C2/ B6+ E7/ C0+
Trax_4262185 jazzbeth vs. GringoNZ : @0/ @1/ B2/ A0/ A3/ C3/ B1+ B0/ B0+ C2/ D2/ B0/ A2+ @3+ F2+ F3+ E6+ C7\ D7+ C8+
Trax_4262186 Traxplayer vs. ypercube : @0/ @1/ A0/ @2+ C3/ D2/ D1/ @2\ E0+ B4/ @2+ A4/ A5/ C5+ E5+ C0+ D0+ @7/ A8/ @4\
Trax_4262187 ypercube vs. Traxplayer : @0+ B1+ B2\ A0/ A0/ A0/ C5\ D5+ C3+ E4+ @4\ G4\ G5\ H5\ RESIGN
Trax_4262188 Traxplayer vs. jazzbeth : @0/ @1/ A0/ @1/ A0/ @1/ A0/ @1/ A0/ B4/ E6/ A3/ B5/ D3/ D2/ E2/ F3+ B6/ G2\ H3/ A6/ D7+ C1+ @2+ G8\ H6+ F0/ G2+ C1/ @3/
Trax_4262189 jazzbeth vs. Traxplayer : @0/ @1/ B2/ C2/ @1/ C0/ A3/ A4/ D1/ D0/ A6+ B7/ E5+ E8\ F6/ F2+
Trax_4262190 ypercube vs. jazzbeth : @0/ @1/ C1/ C2/ D1/ E2/ C0+ A3/ @3/ D4+ F5\ G3+ A5+ D6\ @1+ D0+ D0/ D9+ @5/ B6+ C8+ H3/ H2/ G9\ G10\ I8/ J6/ J8+ F1+ H1/ I1/ F0/ A8\
Trax_4262191 jazzbeth vs. ypercube : @0/ @1/ B2/ @1/ D2+ A2/ A3+ @2+ @2/ @2/ B1+ E0+ B4/ C5\ G5+ E6+ C6+ H3\ D0/ @4/ B5/ E8\ J4\ A7/ C8+ J3+
Trax_4267159 Zugzwang vs. Authority : @0+ @1+ C1/ C0/ B0/ B0/ A3+ D3/ C5+ B0+ @4\ D1\ E2\ F2\ G3/ H2\ D0\ C0/ I5/ E2+ I3/ J2\ E0/ F2+ J1/ K3+ F7+
Trax_4267230 Zugzwang vs. GringoNZ : @0+ B1\ @1\ A0+ B0\ B0\ B0\ C1\ D1+ D5\ C3\ A0/ E5/
Trax_4267231 Zugzwang vs. ypercube : @0+ A2+ A0+ @1\ C1\ D1\ E1\ A0\ @2/ A3/ A4\ G2\ B0+ D2+ @2\ B1+ B0\ A1\ I3/ H2+ F1+ J3/ J2/ I1/ I0/ J1/ K4+ D2\ C1/ H0+
Trax_4267264 Zugzwang vs. jaha : @0+ A2/ A0\ @3/ B4/ @2\ B0/ D4+ D6/ B0/ D3+ E6+ D0/ E2+ A7/ @5\ A7+ @6/ G5\ H6/ @6/ A7/ C8\ G0/ H1/ I2/ J2/ J1/ G0+ C6+ A6\ @8+ K6+ L2+ K9\ L7/ K10/
Trax_4267531 Sassy Lassie vs. PuggieLover : @0/ B1\ A2/ @2\ C0/ D1/ B4\ C4\ C5+ C0\ B1\ A1\ @2+ @2/ C0+ F7/ G5\ H4\ C6+ @4\ E8+
Trax_4267692 Rogue Trooper vs. Charlo : @0+ A2/ @2\ B0/ @3\ C4/ D1/ D3+ E4/ E5+ E6/ F5+ B2+ F3+ G3/ G0+ H2+
Trax_4267907 dgb vs. GringoNZ : @0/ @1/ B0+ A3\ C1\ A0/ A0/ D4/ @3+ @4\ @4\ B2+ D6\ C5+ @5+ B6/ E7\ H5\ F6+
Trax_4267910 Dragon101 vs. ypercube : @0/ @1/ A0/ @1/ D2/ A2/ @1/ @1+ D0+ A3/ A4+ B5/ @3/ D0+ H4\ E5+ G3/ A1\ @3/ B0/
Trax_4267928 Zugzwang vs. Traxplayer : @0+ B1+ C1/ @1\ E1+ D2/ D0/ D0\ D0\ F3\ E6\ F6\ G4/ E7+ C7\ H3\ I6+ I7\ I8+ J6+ C8/ B7\ D9\ RESIGN
Trax_4268669 davidmilne vs. Big Giant Head : @0/ A0/ B1+ C1/ D1/ D2/ D0/ E3\ D4/ @2\ A1\ D0+ @3+ E0+ A6/ E0+ @7\
Trax_4275828 jazzbeth vs. Sassy Lassie : @0/ B1+ A2/ @2+ D2/ @2+ C3+ B3/ B0+ C5+ A2+
Trax_4276024 Thud vs. Riika : @0+ B1\ A0+ C2\ C3\ A0+ A0+ C3/ RESIGN
Trax_4276065 Traxplayer vs. jaha : @0/ A0/ @2/ @1+ C0/ @3\ @3\ @3\ @3\ G4\ H2+ C4+ RESIGN
Trax_4276156 Authority vs. Zugzwang : @0/ @1/ B2/ B3+ C1/ D1+ C0+ D5\ E3+ C6/ B6/ F4/ C7+ B8\ C9/ D9/ E6+ G4/ G2+ G6\ H4/ H7+ I7/ A8\ A5\ D10\ E10+ A0+ @1\ B11/ J3/ D12/
Trax_4276298 dgb vs. Zugzwang : @0/ @1/ @1/ A0/ @2/ B0+ C1/ D4+ C5+ E3+ D0/ E3+ @2+ A1+ @1\ C7+ B6/ A6/ A7/ D8/ B0/ D1+ A0\ @3\ E1/ E0+ F3+
Trax_4276563 Jacqui vs. PuggieLover : @0/ A2\ A0+ B2\
Trax_4276564 PuggieLover vs. Jacqui : @0+ @1/ A2/ C2/ B3\ @2/ D3+ E3\ F3\ @1\ B0/ C5+ G5/ C6\ E5\
Trax_4277615 lhh61 vs. PuggieLover : @0/ B1\ B2\ C2\ D1\ A2+ A3/ A4+ @3\ A4+ E3/ A2\ @2\ D0/ G5\ F6/ G2/ G1/ H4/
Trax_4279022 Rogue Trooper vs. Authority : @0+ @1+ A0/ A3/ C2/ D1\ C3+ D4/ C0+ B0/ A2+ E3\ F6\ F7\ @2+ B6/ H5+
Trax_4279107 JiffyJeff vs. Charlo : @0/ @1/ B0+ B0/ C2\ A4+ @2\ A1\ D0\ @4+ A5/ A6+ @6/ F6\ RESIGN
Trax_4282437 Zugzwang vs. Traxplayer : @0/ @1/ @1/ @1/ B0/ A3/ @3/ A4/ E5+ F2+ G3+ @1\ D0+ I5+ G2/ H2/ H1/ I4+ @3+ F1+ I0/ @6+ F8+
Trax_4282440 davidmilne vs. CHESSCATJAY : @0/ A0/ B1+ C1/ D1/ C2+ C3\ B4+ C5/ D4+ @3\ B5+ E0+ F1/ A1\ RESIGN
Trax_4282511 Goonerg vs. Sassy Lassie : @0/ B1\ A2/ @2+ B3\ C3\ B0/ @3+ A1\ B0+ E4/ F4+ E1/ G4+ F2/
Trax_4284244 csain1 vs. Traxplayer : @0+ B1+ B2/ A0\ A4\ @3+ @3/ A5+ E4\ E5\ B6+ F4+ G5/ H4\ I5/ F6+ I7+ J4\ A2\ @4\ E7+ F8+ A6/ @6/ D7+ L3/ J2+ M3\
Trax_4284639 Northwoods vs. jazzbeth : @0/ @1/ A2+ A3/ A4/ B3+ A5/ @3+ D1/ E1+ C0+ B0/ A1/ @5+ @5\ B7/ @6+
Trax_4286752 Authority vs. lhh61 : @0/ @1/ B2/ B3/ A0/ @1/ A0/ A0+ @1\ C1/ C0/ D1/ A0+ @1\ E0+ A5+ @5\ B7/ A7/ @5\ C8+ C9/ A9+
Trax_4288526 DINGEROO vs. PuggieLover : @0/ A2\ B2\ B3+ A0\ @1\ D3/ D2/ E2/ B0+ D2+
Trax_4295525 GringoNZ vs. Authority : @0/ A0/ B1+ C1/ A3\ C2+ @2/ @2+ C4+ F1/ F0/ F4/ G3\ H3+ H4\ H5\ G6+ G7/ C6+ H0/ I1+ F9/ E7+ I4/ J3\ J7/ E9/ K1+
Trax_4295526 Authority vs. GringoNZ : @0+ B1+ B2/ B0/ B0/ C3+ B5/ @5\ @5\ C6+ B7+ B8\ B9\ @6+ @6\ G4+ E9+ B4/ C8+ F7+
Trax_4295527 GringoNZ vs. Traxplayer : @0/ @1/ B0+ @2+ C3/ B0\ @2/ E3+ F3/ C4/ C5/ C0/ D1/ E7+ F6\ G6\ G7\ G8+ F9\
Trax_4295528 Traxplayer vs. GringoNZ : @0/ @1/ A0/ B1+ @2\ @2\ C3/ C4/ B5+ @3/ F1/ F2+ @3\ B5+ B6+ A6/ @4\ @4+ B3+ @6/ C7+ @5\ A4\ A3+ @5+ D2/
Trax_4295529 GringoNZ vs. golfnutrof : @0+ @1+ C1/ C0/ B0/ D2+ C4/ D1/ E1/ E0/ E5\ F2+ E6/
Trax_4295530 golfnutrof vs. GringoNZ : @0+ B1+ A0/ B3\ B4\ C3\ @2\ A0+ A4/ @2/ E5+ E6\ D1+ F4+ E1/ D0/ D0/ E1/ F4+ G2\ G5\ @4+
Trax_4295531 GringoNZ vs. dgb : @0+ B1+ C1/ C2/ D2/ E2/ C3/ A2+ B4+ @3+ G2/ D4+ F1+ C0\ @4/ E6/ E7/ C0/ B1\ B0\ D1+ G1/ E0\ I2+ J5/ F9+ G10+ E11/ D0/ G1/ D0/ A5+ C2+ E0+ E0\ I10+ I3/ J2\ J14/ J12+ K9+ J15+ K13/ H16/
Trax_4295532 dgb vs. GringoNZ : @0+ B1+ C1/ C0/ B0/ B0/ D3\ B5\ C6/ D6/ E6/ F6+ @4\ D1+ D0/ G6\ RESIGN
Trax_4295533 Authority vs. Traxplayer : @0/ @1/ C1/ B0/ C1+ A3/ A4\ B0+ B0/ @3\ E3+ B7\ @4+ @3/ @3/ @4\ A5+ E6+ C2+
Trax_4295534 Traxplayer vs. Authority : @0/ @1/ A0/ B1/ B3+ C1/ C0/ D1/ D0/ E4+ B0+ @1+ E0/ F1/ G2/ E0+ H6\ H7\ @6/ A7+ D9/ D10/ E9+ D11/ B8+
Trax_4295535 Authority vs. golfnutrof : @0/ A0/ @1/ B0/ @1+ C0/ D1/ A0+ B0+ A6/ @4/ A3+ F1/ F0/ F7\ G5+ F8/
Trax_4295536 golfnutrof vs. Authority : @0+ @1+ A0/ A3/ A4/ @1/ A0\ @2/ @5+ D6/ D7+ @4/ B2+ F4\ D7+ F7\ A7/ D8/ @5/
Trax_4295537 Authority vs. dgb : @0/ A0/ A0/ A4/ B1/ @1+ C0/ D1/ D0/ E1/ B0+ F6+ F8+ G3/ F9/ H5\
Trax_4295538 dgb vs. Authority : @0/ @1/ @1/ @1/ B0/ C1/ C0/ A4/ @1+ D0+ C0+ B0+ @5\ C8/ @8+ A9/ G4+ G9\ H4+
Trax_4295539 Traxplayer vs. golfnutrof : @0/ @1/ A0/ A0/ A4/ B1/ C1+ B5+ D1\ E5\ C6/ F2+ G4+ @4/ G6/ E7+ I3/ I2/ H7+ G8\ I6+
Trax_4295540 golfnutrof vs. Traxplayer : @0+ B1+ A0/ A3/ A4/ @2+ D2/ C0+ C5\ B6/ A2+ E4+ F5/ G4\ F3+ G6\ E7+ H5\
Trax_4295541 Traxplayer vs. dgb : @0/ A0/ @1/ B0+ C3/ @2\ B0/ A2+ @2\ E2\ C4/ A3+ B5+ B6\ @4/ A3+ @2/ C0+ B2\ E6+ @3\ A2\ A1\ A0+ @3+ I8\ RESIGN
Trax_4295542 dgb vs. Traxplayer : @0+ B1+ B0+ C1+ D1/ D0/ D0/ D0+ @5\ C2\ B4+ RESIGN
Trax_4295543 golfnutrof vs. dgb : @0+ B1+ A0/ B3\ B4\ C2+ @2\ D5/ A3/ @2\ B6+ A5/ @5+ @4+ A5/ B6/ B7/ A7/ @7/ B1\ E0+ A3\
Trax_4295544 dgb vs. golfnutrof : @0/ @1/ @1/ A0/ @2/ @1/ A0+ @1+ A0\ A0\ E3/ C2\ D6+
Trax_4295547 Kriistina Jean vs. ypercube : @0+ @1+ A2\ A0\ @1\ @1+ D1+ C0/ C0/ D1/ E4/ A5/ RESIGN
Trax_4295547 Sutik Ansalewit vs. ypercube : @0+ @1+ A2\ A0\ @1\ @1+ D1+ C0/ C0/ D1/ E4/ A5/ RESIGN
Trax_4295548 ypercube vs. Kriistina Jean : @0/ B1\ B2\ C2\ B3/ A3/ @2+ B4+ E2\ E0+ F2/ G2/ G1/ D0/ B1\ RESIGN
Trax_4295548 ypercube vs. Sutik Ansalewit : @0/ B1\ B2\ C2\ B3/ A3/ @2+ B4+ E2\ E0+ F2/ G2/ G1/ D0/ B1\ RESIGN
Trax_4295549 Kriistina Jean vs. jazzbeth : @0+ A2+ A3/ @3+ @3\ A1+ @1\ @1\ A0\ A4/ RESIGN
Trax_4295549 Sutik Ansalewit vs. jazzbeth : @0+ A2+ A3/ @3+ @3\ A1+ @1\ @1\ A0\ A4/ RESIGN
Trax_4295550 jazzbeth vs. Kriistina Jean : @0/ B1\ A2/ @2/ A3/ C2+ C4+ A5/ @3/ E4\ D5+ B6+ A6/ @5/ @5/ A6/ C7\ C8+ E7+ A3+ @6+ A7/ H7\ @5+ J6/
Trax_4295550 jazzbeth vs. Sutik Ansalewit : @0/ B1\ A2/ @2/ A3/ C2+ C4+ A5/ @3/ E4\ D5+ B6+ A6/ @5/ @5/ A6/ C7\ C8+ E7+ A3+ @6+ A7/ H7\ @5+ J6/
Trax_4295551 Kriistina Jean vs. Riika : @0+ A2+ @2/ @2/ A1/ @2/ C3+ D0/ @4/ C5\ F1/ B1\ E0+
Trax_4295551 Sutik Ansalewit vs. Riika : @0+ A2+ @2/ @2/ A1/ @2/ C3+ D0/ @4/ C5\ F1/ B1\ E0+
Trax_4295552 Riika vs. Kriistina Jean : @0/ A2\ B1+ C1\ B2\ B3\ C3\ D3+ D4\ E4\ A4+ RESIGN
Trax_4295552 Riika vs. Sutik Ansalewit : @0/ A2\ B1+ C1\ B2\ B3\ C3\ D3+ D4\ E4\ A4+ RESIGN
Trax_4295553 Sharon39 vs. ypercube : @0+ @1+ A2\ A0\ @1\ @1\ D1+ A0+ @1\ B4/ C0+ A5\
Trax_4295554 ypercube vs. Sharon39 : @0/ B1\ B2\ C2\ B0+ C4/ B4/ A4/ @2\ A1\ @1\ C0/ @3/ A4/ G2/ G1/ D0/ C6/ D7\ D0+ A8/ B9/ @8\
Trax_4295555 Sharon39 vs. jazzbeth : @0+ A2+ A0+ B1+ A0+ B1+ A0+ @2/ D3\ B0/ C1\ @3/ D6+ C7/ B7/ @3/ B2+ @5+ F7+ E8\ E9\ F9\ G8\ H8+
Trax_4295556 jazzbeth vs. Sharon39 : @0/ B1\ A2/ @2+ @2/ A3/ A4+ @4\ B1+ D3+ E4/ C5/ D0/ F2/ G3+ F5+ F7+ E8+ B7+ G7\ A7/ H5\
Trax_4295557 Sharon39 vs. Riika : @0+ B1/ B2\ C2\ @1/ E2/ E1/ F1/ D0\ F4\ G3/ C4/ D5/ B3/
Trax_4295558 Riika vs. Sharon39 : @0/ A2\ B2\ B3\ @3+ B4/ B5/ A5/ @3\ B6\ E2/ E1/ E5\ F4\ E6/
Trax_4295559 ypercube vs. jazzbeth : @0/ @1/ C1/ A2/ D2/ A3+ @1+ D0+ @3\ F2/ D0+ A2+
Trax_4295560 jazzbeth vs. ypercube : @0/ @1/ B2/ @1/ B0\ C4/ A3/ @3+ @3/ A4/ C4+
Trax_4295561 ypercube vs. Riika : @0/ @1+ @1\ C0/ D1/ A0+ B0+ E3/ @2\ A1\ F0+ G1/ A1+ B0+ @3\
Trax_4295562 Riika vs. ypercube : @0/ @1/ @1/ D1/ D0/ A3+ @2/ B0+ F2/ D0+ E6+ G6+ H4+ C0/ G2+ F1/ F0/ G1/ H3\ I1+
Trax_4295563 jazzbeth vs. Riika : @0/ @1/ B2/ B3/ A0/ @1/ B3/ A3+ A4/ @4/ @4+ @3/ C5/ C6/ E7+ F7\ G7+ E8/ F9+ G8\ B7+ A6+ @5/ B2\ A3/ @5/ B7+ J6\ I4+ K4+ J2+ K8\ K2/ L6\
Trax_4295564 Riika vs. jazzbeth : @0/ @1/ C1/ C2/ C3/ A2/ @2+ E1/ @2\ E0+ G1\ @2/ E4/ A4+ A0+ @4\ I1/ E0+ J3/
Trax_4296323 Goonerg vs. Lorraine of the Renegades : @0/ B1\ A2/ @1/ B0/ D1/ B0/ @1\ B0/ F4\ E5/ C6/ D1/ F2+ A5/ @4\ G1+ H2\ B7/ A6\ @5/ I1/ J2\ F6\ G7/ F8\ H8+ I4+
Trax_4296597 Traxplayer vs. jazzbeth : @0/ @1/ A0/ @1/ A0/ @1/ A0/ @1/ A0/ @1/ A0/ D3/ D6/ C6/ B6+ D7+ G7\ E8/ E9+ E4+ A6\ E10/ F4\ C2+ @3+ @1\ C0+ A6/ RESIGN
Trax_4296830 Authority vs. lhh61 : @0/ @1/ B2/ C2/ C3/ C4/ D2\ D1\ E2\ D4\ C5/ B3+ E3+
Trax_4298053 JiffyJeff vs. Rogue Trooper : @0/ @1+ B0/ B0+ @2+ C0+ A1\ @1\ C5\ A0+ E4+ E3/ F2+ F6\ F7+ G7\ F3\ G6+ F1/ H7\ D0/
Trax_4298240 GringoNZ vs. dgb : @0/ A0/ B2/ A3+ A4/ C2\ @3\ B5/ C4+ @1/ C0+ A5/ @4+ A2+ G3\ @2\ A0+ B0+ A1\ @2\ @2\ A1\ D0+ G2/ RESIGN
Trax_4298279 Charlo vs. ypercube : @0/ @1/ @1/ @1/ B2+ A0+ B0+ E2+ B5/ B6/ B7/ @3+ E5\ F3+ @3/ F6\ E0\ G0+ H3\ I3\ F9\ F10\ J3\ J0+ K4+ E1\ D1\ G0+
Trax_4298330 Charlo vs. GringoNZ : @0/ @1/ B0+ C1+ B3+ @2+ C0/ D3\ C0/ B6/ A6/ A7/ @4/ D7\ E7+ D8/
Trax_4298687 ypercube vs. GringoNZ : @0+ B1+ A2/ @2/ A3+ @2+ D3\ D4\ C0\ C5/ B6\ C7/ E3+ A7/ @5+ C8/
Trax_4298688 GringoNZ vs. ypercube : @0/ @1/ B0+ C1+ B3/ B4/ A4/ B0/ D2/ @2/ B1+ C0/ C0+ @4/ A5/ E7\ F8/ G6+ H5+ H8\ H9\ I4\ I8/ I10/ B7\ J10\ J11\ J4/ J3/ J7+ K7+ J6/
Trax_4301153 Zugzwang vs. Dragon101 : @0+ A0/ A3\ B1/ A0/ C4+ A5\ B6/ D2/ D1/ D6\ C7/ E4+
Trax_4305012 Kriistina Jean vs. GringoNZ : @0+ B1+ A0/ A3/ @3/ @3+ D3+ C4\ C5\ D5\ E2\ A1\ RESIGN
Trax_4305012 Sutik Ansalewit vs. GringoNZ : @0+ B1+ A0/ A3/ @3/ @3+ D3+ C4\ C5\ D5\ E2\ A1\ RESIGN
Trax_4305013 GringoNZ vs. Kriistina Jean : @0/ B1\ A2/ @2/ B0+ B4+ C3\ D3\ D4\ B5/ @4\ A6+ @5/ @5/ A6/ D7/ C8+ C9/ @9+ D10/ A4+ RESIGN
Trax_4305013 GringoNZ vs. Sutik Ansalewit : @0/ B1\ A2/ @2/ B0+ B4+ C3\ D3\ D4\ B5/ @4\ A6+ @5/ @5/ A6/ D7/ C8+ C9/ @9+ D10/ A4+ RESIGN
Trax_4305014 Kriistina Jean vs. Charlo : @0+ B1+ A2\ B0/ C1/ @2+ B1+ D0/ E1/ B0+ A1\ E5\ RESIGN
Trax_4305014 Sutik Ansalewit vs. Charlo : @0+ B1+ A2\ B0/ C1/ @2+ B1+ D0/ E1/ B0+ A1\ E5\ RESIGN
Trax_4305015 Charlo vs. Kriistina Jean : @0+ @1+ B2/ B0/ C1/ B4\ C4\ D4\ B5+ A5/ @5/ D6/ F1/ D0/ F7\ RESIGN
Trax_4305015 Charlo vs. Sutik Ansalewit : @0+ @1+ B2/ B0/ C1/ B4\ C4\ D4\ B5+ A5/ @5/ D6/ F1/ D0/ F7\ RESIGN
Trax_4305016 Kriistina Jean vs. *Leo The Lion : @0/ B1\ B2\ C2\ C0+ D3\ E3+ E4\ F4\ B4+ RESIGN
Trax_4305017 *Leo The Lion vs. Kriistina Jean : @0/ B1\ A2/ @2/ @1+ C0/ @2/ B0\ A1\ @4\ G3\ C5+ G1/ RESIGN
Trax_4305018 GringoNZ vs. Charlo : @0/ @1/ B0+ C1+ B3/ @2+ B0/ B4+ B5/ A5/ A6/ @3+ D6\ E3+ D7/
Trax_4305019 Charlo vs. GringoNZ : @0/ @1/ @1/ B0\ B3+ B0/ B5+ @4\ @3/ A5\ B2+ @5/ B6\ A2\ C1\ @4\
Trax_4305020 GringoNZ vs. *Leo The Lion : @0/ B1\ A2/ @2+ @2/ @2/ D0+ D4/ C5+ A6\ F2/ E1+ E0/ F1/ G3/ G4+ C7/ @7/ A8/ @8/ H0/ I1/ J2+ A5\ @5\ C4/
Trax_4305021 *Leo The Lion vs. GringoNZ : @0/ @1/ B0+ C1+ A3/ @3/ B0/ @1+ C0/ D6+ E6\ E7\ F7\ B7/ RESIGN
Trax_4305022 Charlo vs. *Leo The Lion : @0+ @1+ B2/ B0+ B0\ A1\ @1+ A0\ D2\ @3+ E5/ F2\ E6\ F4\ G5/ A5/ B6/ @4/
Trax_4305023 *Leo The Lion vs. Charlo : @0/ @1/ B0+ C1+ A3/ @3/ D3\ B4+ @3/ C5/ F1/ G1+ G0/ G5\ G6+ H4\
Trax_4305024 Traxplayer vs. ypercube : @0/ @1/ A0/ @1/ A0/ @2/ A0/ D3/ D2/ @3+
Trax_4305025 ypercube vs. Traxplayer : @0/ @1/ C1/ D1/ C2/ B0\ B0+ E3+ @3+ @3\ A2+ C4/ F0/
Trax_4305026 Traxplayer vs. dgb : @0/ A0+ A0\ @1\ C1\ @1\ @1\ C0+
Trax_4305027 dgb vs. Traxplayer : @0+ B1+ C1\ @1/ C2\ A0+ C4+ C1+ D3\ B0\ E3+ F3\ D6/ B4+ A0/ @2/ B0+ E9/ C8+ B7+ E4+ D10+ D2/ D1/ G7+ @4\ B0/
Trax_4305028 ypercube vs. dgb : @0/ A0+ @1/ @1+ A2\ B3\ B4\ @2\ C5\ B5/ B6+ D4+ RESIGN
Trax_4305029 dgb vs. ypercube : @0/ @1/ B0+ B0/ B4+ C2/ B5/ @4\ @3+ @3/ @3/ B2+ E1+ F0/ F0+ D2+ C6+ E0/ F9\ G9\ A8/ RESIGN
Trax_4311160 whatever vs. Linda Sue : @0/ A2+ B1\ B2+ C2/ B3/
Trax_4311818 Rogue Trooper vs. Paddington Bear : @0+ @1+ A2/ B0\ @3/ @3+ B1+ B0\ @1+ C5/ A4/ @4/ A6+ A7\ E6\ F5+ D7+ E8/ F6\ G6+ G8\ G9\ @7/ A8/ C9\ A5+ @9\ A10+ @7\ A6\ D3+ C3\ @6\ C5+ L6+ D1\ F0+
Trax_4317718 rabbitoid vs. Authority : @0/ A0/ @2+ @2/ B3\ C0/ D4+ A1\ A0/
Trax_4317952 JiffyJeff vs. Charlo : @0/ @1/ A2+ @2+ C3\ D1+ E1\ E3+ F3+ E4/ G2\ H3/ I2\ D0/ D0/ I6+ RESIGN
Trax_4317966 PuggieLover vs. DavidJ : @0+ B1/ A2+ @1\ C0/ D1/ D0/ A0\ @1\ C0+ C0\ D1+ A5\ D0/ F2/ @4/ A5/ B1\ D0\
Trax_4318055 Riika vs. Dragon101 : @0/ A0/ A3+ B3\ A0/ @4\ C5\ D2+ B0/ B0/ B0/ D9/ E9+ A9/ E1/ A10\
Trax_4318112 GringoNZ vs. Zugzwang : @0/ @1/ B0+ B0/ @3\ B4\ B5\ A4+ D2\ E2/ F2/ E3+ C4+ C0\ B1\ A2\ @2+ C0\ RESIGN
Trax_4318177 Scheherizade vs. ypercube : @0+ B1\ A0\ A0/ B1/ C2/ A0\ @2/ D2+ E4\ D5/ C0+ D2/ C0\ D2/ A1\ B0/ @4+
Trax_4319189 DINGEROO vs. jazzbeth : @0/ @1/ B0+ B0/ @2\ A1\ A0\ @3+ C0+ A6/ @6/ E6\ F6\ D7/
Trax_4322096 game_77 vs. Goonerg : @0+ @1+ B0+ C2+ B3+ D2+ B0+ E3+ B5+ A4/ C5\ F3+ D4+ D2/ C1/ G3+ D1/ H3+
Trax_4322857 Scheherizade vs. ypercube : @0+ A0+ A3\ A0+ A0/ B2/ B5+ C3\ C4+ D2/ C1+ E3\ E4+ E1/ F3\
Trax_4329311 Dragon101 vs. Authority : @0/ @1/ A0/ @1/ @1/ A0/ E3/ E2/ C4+ B4/ E1+ @1\ D0+ A5/ C6/ @3/
Trax_4329353 Riika vs. lhh61 : @0+ A0/ A3\ B3\ A0/ C3+ @3/ A2+ E3\ B5+ D0+
Trax_4329548 dgb vs. Zugzwang : @0/ B1/ B0\ @2/ B1+ @1/ C3\ E2/ A0/ @1/ B0/ B0/ C7+ A4/ @4/ C0/ @1+ D0+ F5/ RESIGN
Trax_4329549 Zugzwang vs. dgb : @0+ B1+ C1/ C0/ B0/ B4/ A5\ C4+ D5/ E3+ F4/ G3\ D1+ A2\ @2+ A4+ I3\ D6+ D7/ G5+ I2/ J2/ J4+ I1\ A1\ A0\ @6+ C7+ H2/ H1+ K7\ L7\ F1+ G0\ E10\ F10\ G10+ E11/ D11+ A2+ A1\ @7\
Trax_4330177 ypercube vs. Scheherizade : @0/ B1+ C1/ A2\ D1/ B2+ C0+ C3\ B0/ A2+ E3/ C5\ E1/ D0+ F2\
Trax_4330566 Authority vs. golfnutrof : @0/ @1/ B2/ C2/ C3/ C4/ D4/ D5/ C1/ D3+ C0/ C6/ B6/ @1+ D0+ B7+ D8+ @6/ A7/ G4\ A8/ @5+
Trax_4330724 GringoNZ vs. jaha : @0/ A0/ @1/ A0/ C3/ @2\ C4\ B3/ @2/ @2/ A1/ B3+ E5+ @2+ @2/ G6/ H5\ I5\ J5+ K4+ I7+ J6\ K2+ F0\ E2+ C5/ B5/ E7/ E8/ G1+
Trax_4336220 dgb vs. GringoNZ : @0+ B1+ C1\ C2\ B3\ B4\ B5+ C4/ B6\ C0\ B0/ A7\ A6+ @4/ A5/ @6\ B7+ @3\ A2\ G3/ @3+ F0/ I5+ A2/ @2/ K4\ A6+ C7+ D3+ A3+ @4\
Trax_4336221 GringoNZ vs. dgb : @0/ A0/ B1/ C2+ A3/ @3/ D4+ E4\ B5/ F4/ C6/ C7/ E2+ F2+ F1/ E0/ @3+ A1+ F0/ G1/ RESIGN
Trax_4337319 ypercube vs. jazzbeth : @0/ @1/ C1/ B2\ @2\ A3+ B4/ B5+ B6/ D0+ D5+ E5/ D7\ D8+ E6\
Trax_4338235 Goonerg vs. DavidJ : @0/ B1\ A2/ C1\ A0/ C3/ A4/ @4/ D0/ E4\ E2/
Trax_4338413 Scheherizade vs. ypercube : @0+ @1+ B0/ @2+ @2/ A3/ C3+ B4/ A4+ @3+ B5\ C1\ C0\ F1\ E6\ C7+ F4\ G2+ @4/ A5/
Trax_4344520 ypercube vs. Scheherizade : @0/ B1+ C1+ D1\ B0/ C3+ A3/ @3/ C4+
Trax_4344892 Charlo vs. golfnutrof : @0/ @1/ C1/ C2/ D2/ C3/ C0+ D1/ E2+ A0+ @1\ D1+ B0/ @1/ C5+ A5/ @3+ @2/ B1+ F0+ F0/ H1+ I2+ D8+
Trax_4344931 JiffyJeff vs. Traxplayer : @0/ @1/ A2+ C1+ D1\ B0\ A4+ @4\ C4\ F2\ G2\ H2\ B5+ H1/ I2\ D0+
Trax_4345113 Authority vs. jazzbeth : @0/ @1/ B2/ B3/ C3/ B0\ C2/ C5/ D3/ A4+ @3+ @3/ @3/ B2+ A4/ G1\ @4+ D1\ C5+ H0+ E7+ G7+ I5+ H8/ J8+ H9/ G10+ E9+ G11\ J4+ K8/ F11+ F12/ L7\ H10+ D10\ C10\ C13+ B10+ G13\ D14/ H13/
Trax_4345348 dgb vs. ypercube : @0/ @1/ @1/ @1/ B0/ B3\ B4\ @2+ @2/ E4\ C0+ A2+ B4+ @3/ E6\ H3\ H4+ G6+ I3/ I2/ C7/ RESIGN
Trax_4345349 ypercube vs. dgb : @0/ A0/ @1/ B0+ @2/ D2\ C4/ D3+ C5/ B3+ A4+ C6+ @1\ A0\ D8/ @2+ G6+ F8+ F9\ H6\ F10\ D1/ A0/ I7/ H6+ H5/ I6/ I4/ RESIGN
Trax_4347713 Goonerg vs. Riika : @0/ @1/ B2/ B3/ A0+ @1+ B0/ C0\ B5/ @3\ A4+ B6\ A2\ @2\ A5+ F4/ @2+ A1\ @4+ I6+ F7/
Trax_4349168 Kaisa vs. Traxplayer :
Trax_4349703 Rogue Trooper vs. davidmilne : @0+ A2/ @2/ A0/ A4/ @4/ D2/ B0/ @2+ C6+ C7/ B8\ E6+ F2\ A8+ @4+ @3/ @4\ B5+ H7+ I7\ I5+ J4+ J1+ K3\
Trax_4349874 Dragon101 vs. JiffyJeff : @0/ B1/ A0/ @2\ B0/ C1+ D2/ A1+ D4/ B4+ B0+ C1/ E3/ E0\ E0\ C2+ F1+ D8+ F8+ G6+ A7+ @5\ H2+
Trax_4350994 dgb vs. GringoNZ : @0/ @1/ B0+ A3\ C1\ A0/ A0/ D4/ D5/ E4+ @3+ G4/ D5/ G3+ E2+ H3/ B6\ C7/ D6+ E7+ @4/ RESIGN
Trax_4350995 GringoNZ vs. dgb : @0/ A0/ B2/ A3+ C3/ @2\ B4/ C4+ B0/ A2+ B0/ C1/ D3/ B0+ D3+ E2\ F3/ C0/ D2+ F1/ E5+
Trax_4351551 Scheherizade vs. ypercube : @0+ @1+ A0/ A3/ @3/ @3+ C0+ A5/ B5+ A6/ C6+ D6\ D7\ E7\ C8/ @7/ A8/ A3\ A2\ G5+ A4+ @5\
Trax_4351637 Zugzwang vs. dgb : @0/ A0/ A0/ A4/ @2\ B0/ @3\ D1+
Trax_4351644 Authority vs. jazzbeth : @0/ @1/ B2/ C2/ C3/ D3/ D4/ B3/ B4/ B0\ B0\ C2+ D3/ A4/ B0+ @4\ A3+ @5/ C7+ D0/ F1+
Trax_4351677 GringoNZ vs. Charlo : @0/ @1/ B0/ A0+ @2\ @2\ A1\ C0/ E3+ E1/ C0/ A6/ @6/ G4+ A1\ A0\ A5+ @5\ A7/ @6+
Trax_4356714 ypercube vs. Authority : @0/ @1/ C1/ C2/ D1/ D0/ E1/ B3/ E4+ F1+ G2+ E0/ G6\ H4+ C6+ F7\ F8+ G8\ D9/ C8\ G9\ D10+ H8+
Trax_4356715 Authority vs. ypercube : @0/ B1/ B2/ A0/ C3/ B4/ A4/ A0/ @5+ @5/ @5/ B4+ A3+ A0\ @1\ F1/ D0+ C8+ G2\ G3/
Trax_4356716 ypercube vs. Traxplayer : @0/ @1/ C1/ D1/ C2/ D0/ E1/ C0+ E5+ RESIGN
Trax_4356717 Traxplayer vs. ypercube : @0/ @1/ @1/ @1/ B0/ C1/ C0/ D1/ D0/ C0+ @2+ E0\ D0/ C2+ @3+ G1+ H2+ A4/ @7+ D8/ @6\ I4+ K2\
Trax_4356718 ypercube vs. Riika : @0/ @1/ C1/ D1/ B0/ A3/ D1/ D0/ E3+ E5+ @1+ D0+ D0/ G4\ B8+ A8/ @8/ C9\ E10+ G2+ I5\ H6+ A10+ D11\ I6\
Trax_4356719 Riika vs. ypercube : @0/ @1/ @1/ D1/ @1\ A0\ @1\ E1+ C0+ D4+
Trax_4356720 Authority vs. Traxplayer : @0/ @1/ A0/ @1/ D2/ B0\ B0\ C1\ C0\ D1\ D0\ B7/ D8/ E1\ E0\ E7+ C9/ A7+ @7+ G1\ G0\ H1\ H0\ I1\ I0\ J2\ J3\ F3\ F2\ J4\ J5\ E3\ F6\ K4+ F1+ E1\ H0/ D3/ J7+ C2\ C1\ C6+ B4/ E8+
Trax_4356721 Traxplayer vs. Authority : @0/ @1/ A0/ @1/ A0/ @1/ B0/ A3/ @3/ D1/ A4+ E2/ @1+ D0+ @4/ A5/ D0/ A2+ G2\ @4+
Trax_4356722 Authority vs. Riika : @0+ B1+ @1\ A0\ A0+ @2+ D2+ A1+ @2/ @3\ G2\ H3/ I2\ J3/ G1+ A4/ @2/ E0\ D6+ K1+ L4/ L5+ F6\ G7/ A5/ @5/ K0+ A8/ @6/ H9/ G9/ G10/
Trax_4356723 Riika vs. Authority : @0/ @1/ @1/ A0/ D2/ B3+ D1/ B4/ @3\ B0+ F4+ F5\ F6+ G3\ F1+ F7+ D0+ B7+ C8/ C0/ E1+ G2+ H5\ I4+
Trax_4356724 Traxplayer vs. Riika : @0/ @1/ @1/ @1/ B0/ A3/ @3/ E4+ F3\ A5/ @4\ H3\ H4\ H5\ H6+ I6\ C6+ F7+ E1+
Trax_4356725 Riika vs. Traxplayer : @0+ B1+ B0+ C1+ A3+ @2+ C0+ E2+ A4+ @3+ A2+ @2+ D5/ D1+ F1/ H2+
Trax_4356726 Kriistina Jean vs. GringoNZ : @0+ B1+ B2/ B0/ C1/ D1+ B0+ A2\ @2\ A1\ D0\ E5\ RESIGN
Trax_4356726 Sutik Ansalewit vs. GringoNZ : @0+ B1+ B2/ B0/ C1/ D1+ B0+ A2\ @2\ A1\ D0\ E5\ RESIGN
Trax_4356727 GringoNZ vs. Kriistina Jean : @0/ B1\ A2/ @2/ @1/ A0+ B0+ @3+ A4/ @4/ A5/ @5/ C6\ C7+ D7\ E6\ G1/ RESIGN
Trax_4356727 GringoNZ vs. Sutik Ansalewit : @0/ B1\ A2/ @2/ @1/ A0+ B0+ @3+ A4/ @4/ A5/ @5/ C6\ C7+ D7\ E6\ G1/ RESIGN
Trax_4356728 Kriistina Jean vs. dgb : @0+ B1+ B2/ B0/ C1/ D1+ B0+ A2\ @2\ A1\ A0\ E5\ RESIGN
Trax_4356728 Sutik Ansalewit vs. dgb : @0+ B1+ B2/ B0/ C1/ D1+ B0+ A2\ @2\ A1\ A0\ E5\ RESIGN
Trax_4356729 dgb vs. Kriistina Jean : @0+ @1+ C1\ B2+ @1\ A0\ A0+ @3+ B4/ B5/ A5/ @2/ C6+ F5+ C7+ @3+ D8+
Trax_4356729 dgb vs. Sutik Ansalewit : @0+ @1+ C1\ B2+ @1\ A0\ A0+ @3+ B4/ B5/ A5/ @2/ C6+ F5+ C7+ @3+ D8+
Trax_4356730 GringoNZ vs. dgb : @0/ @1/ A0/ @2+ A0/ @3+ D4/ B4/ E3/ B0+ A2\ B0/ F6+ E7\ E8+ E9/ G6/ E4/ H5+ C9/ D10\ A7/ RESIGN
Trax_4356731 dgb vs. GringoNZ : @0/ @1/ @1/ A0/ @2/ @2+ @2/ A3+ E3/ E4+ D4/ F1/ G1/ E0\ C1+ RESIGN
Trax_4360380 Authority vs. ypercube : @0/ @1/ C1/
Trax_4360381 ypercube vs. Authority : @0+ A0/
Trax_4360382 Authority vs. Charlo : @0+ A2/ B2/ A3/ @3/ @3+ C4+ E2/ D0+ F2\ E0+ B7\ B8\ B9\ G4+ D7+ A8+ @7/ E10\ F8+ B10/ A3\ C11\
Trax_4360383 Charlo vs. Authority : @0/ A0/ A0/ A0/ B2+ @1+ @2+ C5+ @2/ D0+ A2+ F4+ @4+ C6+ @4+ B7/ A7/ G7/ C8+ D9/
Trax_4360384 Authority vs. BigDaddyTuaine : @0/ A2\ B2\ @1/ B0/ B0\ @3/ A1\ @1\ A2+ @2/ @1\ A0\ C5+ F1/ G1/ B0+
Trax_4360385 BigDaddyTuaine vs. Authority : @0/ @1/ A0/ @1/ D2/ D3/ C3/ B3+ B0\ C1/ C0/ A4/
Trax_4360386 ypercube vs. Charlo : @0+ A2/
Trax_4360387 Charlo vs. ypercube : @0/ @1/ @1/
Trax_4360388 ypercube vs. BigDaddyTuaine : @0+ A2+
Trax_4360389 BigDaddyTuaine vs. ypercube : @0/ @1/ C1/
Trax_4360390 Charlo vs. BigDaddyTuaine : @0/ A2\ B1/ @1/ B0+ D1\ E1\ A4/ @3\ C5\ F3\ G3\ C6\ G2/ H2/ H4\ I3+
Trax_4360391 BigDaddyTuaine vs. Charlo : @0/ @1/ B2/ C2/ D2/ B3+ B0\ C1/ A3+ B0/
Trax_4360392 Kriistina Jean vs. GringoNZ : @0+ @1+ A2\ B0/ C1/ D1+ A1+ A0\ @1\ C0/ C0+ D1/ E1/ E6\ RESIGN
Trax_4360392 Sutik Ansalewit vs. GringoNZ : @0+ @1+ A2\ B0/ C1/ D1+ A1+ A0\ @1\ C0/ C0+ D1/ E1/ E6\ RESIGN
Trax_4360393 GringoNZ vs. Kriistina Jean : @0/ B1\ A2/ @2/ B0+ B4+ C3\ D3\ D4\ B5/ C6/ B6+ E6\ D7/ E2+ RESIGN
Trax_4360393 GringoNZ vs. Sutik Ansalewit : @0/ B1\ A2/ @2/ B0+ B4+ C3\ D3\ D4\ B5/ C6/ B6+ E6\ D7/ E2+ RESIGN
Trax_4360394 Kriistina Jean vs. Traxplayer : @0+ B1+ A2\ A0\ @1\ @1+ C0+ D1/ E2/ A4/ RESIGN
Trax_4360394 Sutik Ansalewit vs. Traxplayer : @0+ B1+ A2\ A0\ @1\ @1+ C0+ D1/ E2/ A4/ RESIGN
Trax_4360395 Traxplayer vs. Kriistina Jean : @0/ B1\ A2/ @2/ B0+ B4+ C4\ B5/ @4+ A1+ A6/ C0+ @6/
Trax_4360395 Traxplayer vs. Sutik Ansalewit : @0/ B1\ A2/ @2/ B0+ B4+ C4\ B5/ @4+ A1+ A6/ C0+ @6/
Trax_4360396 Kriistina Jean vs. dgb : @0/ A0+ @1+ B0/ C1/ D1+ A1+ B0\ B0\ A1\ @3/ E5\ RESIGN
Trax_4360396 Sutik Ansalewit vs. dgb : @0/ A0+ @1+ B0/ C1/ D1+ A1+ B0\ B0\ A1\ @3/ E5\ RESIGN
Trax_4360397 dgb vs. Kriistina Jean : @0+ B1\ @1\ A0\ A0+ @1/ D1/ RESIGN
Trax_4360397 dgb vs. Sutik Ansalewit : @0+ B1\ @1\ A0\ A0+ @1/ D1/ RESIGN
Trax_4360398 GringoNZ vs. Traxplayer : @0/ @1/ A0/ @1/ A0/ @1/ C4/ E4/ C1/ D1/ D0+ A0+ @2\ D0/ E1/ @3\ A2\ A1\ B0+ A6/ @4+ H4\ B7+ C0/ I6/ H4/ F2+ E1/ C0/ F11/ @7/ A8/ C1\ B2/
Trax_4360399 Traxplayer vs. GringoNZ : @0/ @1/ A0/ @2/ @1+ C0/ @3\ C0\ C0/ B6+ E6+ E7/ E3+ C0/ F6+
Trax_4360400 GringoNZ vs. dgb : @0/ A0/ @1/ B0+ C3/ @2\ @2\ E1\ D0/ F2+ G2\ C4/ @4\ E5+ D6\ C5+ @5\ H5\ H6\ G7\ G8+ I6\ I7\ G9/ F10\ J4+ RESIGN
Trax_4360401 dgb vs. GringoNZ : @0+ A2+ A3+ B3\ @3\ @3\ C4+ D5/ D6/ C0\ B1\ D8/ E6+ B0/ F6\ G7/ H6\ H5\ G5+ F4+ I6\ I8+ H9+ F10+ D10/ A6/ E11+
Trax_4360402 Traxplayer vs. dgb : @0/ A0/ @1/ B0+ C2+ B0+ @2/ @2/ C1+ B0+ @3/ @2+ C0+ C5+ E2/ E1/ A0\ @4\ F1+ C0+ E1/ F8+
Trax_4360403 dgb vs. Traxplayer : @0/ @1/ @1/ B0+ @1/ A0/ B4+ RESIGN
Trax_4364015 DavidJ vs. game_77 : @0/ A2\ B1/ C1+ B2\ C0\ D1\ D3/ D4\ E3/ C0+ E3+ C5+ F4/ C6+ B6/ C7+ E2/ C0+
Trax_4364312 Dragon101 vs. JiffyJeff : @0/ B1/ A0/ A3+ @1/ B4+ D2/ E3/ B5\ C5\ B6+ A6/ B0/ A5\ @7/ D8/ D2+ A5+ @7/ @8\ G7/ @5\ D3\
Trax_4369722 Scheherizade vs. ypercube : @0+ A0+ A3/ A0+ A0\ @4/ A2+ C5/ @4/ A5/ A6/ @6/ B7/ @3\ A2\ A7/ @6+ C8\
Trax_4370770 ypercube vs. jaha : @0/ A0/ B1+ @2\ B0/ B0/ D1\ D4/ D5+ A1+ @2\ D6+ E0\ A1/ C0+ @6+ RESIGN
Trax_4373408 dgb vs. Authority : @0/ @1/ @1/ C0/ C3+ D1/ E1+ C0+ A5/ @3/ F5\ G2\ D6+
Trax_4373409 Authority vs. dgb : @0/ A0/ B2/ A3+ C3/ @2\ @2\ D4/ D5+ D6/ E6+ F6\ D7/ F2/ G2/ D1/
Trax_4374812 Nukkle Dragger vs. Charlo : @0+ A2/ @1+ A0\ C3/ A4\ @2\ A3+ @3/ A5+ D5+ B6+ A6/ @6/ @6+ C7+ E7+ H4+ G6+ D8/ I4/ G8\ I6\ F9/
Trax_4376037 Paddington Bear vs. jazzbeth : @0+ A0+ @2/ B0/ A4/ @3+ B5+ @3/ D0/ E4/ A3/ @5/ C6+ A4+ F6\ G3\ F7/
Trax_4377601 supermac vs. rabbitoid : @0/ @1/ A0+ C2\ C3\ B3+ B4/ D2\ C1+ C0/ E3+ E4\ E0/ F3\ B1\ C0/
Trax_4377691 golfnutrof vs. GringoNZ : @0/ @1/ A0/ @1/ B0/ @1/ A0/ @2/ F4/ A0\ @3/ D1/ B0\ C5+
Trax_4378040 Zugzwang vs. Traxplayer :
Trax_4378671 PuggieLover vs. Charlo : @0+ A0/ A3+ B2+ B3\ C2+ C1+ D3\ D4+ A4+ C5\
Trax_4378672 Charlo vs. PuggieLover : @0/ A2/ A3\ B3\ B4\ @2/ B5+ C6/ B7\ A6+ D3+ D2/ E2/ E1/ C0+ D0/ A1\ @2/ D0+
Trax_4379618 STrek vs. Charlo : @0/ @1/ A2/ C2+ A3/ A4+ @4/ @4/ B1+ D0/ F5+ F6\ F2+ G4+ G6\ D7+ D0+ H6+ E9/ I7/ H9\ F10+ B7+ @7/ B8+ K6/ J5+ J4/ K4+ L4\
Trax_4379619 Charlo vs. STrek : @0/ A0+ A0\ @3/ A4/ @2\ @2+ A1\ C0/ D6+ E4/ E2+ A6/ C0+ @6/
Trax_4382896 Scheherizade vs. ypercube : @0+ A0+ A0\ A4\ @1+ @1/ D4\ E4\ D5/ E2/ C5+ F3/
Trax_4387379 lhh61 vs. Rogue Trooper : @0/ A0/ B1+ A3+ C2/ @1\ B0/ A1+ A4+ @2\ E1+ B0+ B0/ E2/ F4\ D1+ B7\ G4+ F1+ @6/ A7/ E0/
Trax_4387686 Authority vs. ypercube : @0/ @1/ B2/ C2/ C3/ D2/ C4+ B4/ D1/ A4+ E1/ @4/ A3+ F5\ G3+ H3\ I4/ J3\ H2+ G0+ G6+ E7/ D7+ K5+ A6/ A7+ B8/ F8\ E9+ G7\
Trax_4390610 Traxplayer vs. ypercube : @0/ @1/ @1/ @1/ B0/ A3/ @3/ D1/ A4+ B0+ @2\ F1/ D0+ C7/ @4/ F0+ G9\ H6+ E10/ F0\ @6/ B4+ A7/ A8+ D3/ @5\ E2/ D1\ C3+ E0/ F2+ I2\ I1+ B10\ C11+ J5+
Trax_4390611 ypercube vs. Traxplayer : @0+ B1+ B2+ C1+ D1+ @1+ E0/ E3/ E0/ F1/ D1\ F0/ B2\ C1/ B5/
Trax_4390612 Traxplayer vs. Riika : @0/ @1/ B0/ @1+ C0/ @3\ E2+ C0+ @4\ D0+ D6+ C6/ B3\ C7+ @4\ D8+
Trax_4390613 Riika vs. Traxplayer : @0/ @1/ C1/ D1/ B0/ B0+ @3/ D4\ @4\ B5/ C6+ F6\ F7\ G4+
Trax_4390614 Traxplayer vs. dgb : @0/ A0/ @2/ @1+ C0/ @3\ @3\ @3\ G2+ H1\ I1\ H3+ E4+ G5+ I4+ J1\ G6/ G7/ D4+ J0/ RESIGN
Trax_4390615 dgb vs. Traxplayer : @0+ B1+ @1/ D1\ E1+ C0/ A3+ F1\ C0/ B2+ C0+ A2+ @3\ @3/ D6+ I2\ D0/ F1/ E0\ H7/ I7+ D9\ E7+ RESIGN
Trax_4390616 ypercube vs. Riika : @0/ @1+ @1\ C0/ D1/ A0+ B0+ @2+ B1+ F2\ G3/ D0\ G6\ H4/ F7+ E0+ I3+
Trax_4390617 Riika vs. ypercube : @0/ B1/ @1+ @1/ A2/ C2+ D0+ C0/ C5\ A1\ @1\ B0/
Trax_4390618 ypercube vs. dgb : @0/ A0/ B2/ A3+ C2/ @2\ @2\ D4+ D5/ D6/ E5+ D7/ C5+ F2+ G4+ D1+ B7/ B8/ @2/ A3/ E8+ G6+ F9+ B8+ D9+ C3+
Trax_4390619 dgb vs. ypercube : @0/ @1/ A0/ B3/ @2\ B3/ @2+ C4+ @2+ F2+ B4/ A3+ @3/ A4/ G5\ RESIGN
Trax_4390620 Riika vs. dgb : @0/ A0/ B1/ C2+ A3/ D1\ E2/ D3+ D4\ F3/ F1/ D0+ C0/ F7\ G5/ A7/ D8+ @7\
Trax_4390621 dgb vs. Riika : @0/ B1+ C1/ A2+ B3/ B4/ B5/ D1/ B0+ @6+ D3+ @4\ A3\ F4+ @4+ B6+ E7/ E8/ H3+
Trax_4394862 Zugzwang vs. Traxplayer :
Trax_4398850 jazzbeth vs. Goonerg : @0/ A0/ B2/ @1\ B0/ B4/ @4+ E4\ C5+ E2/ F4+ D6/ F2/ G4/ @3+ F6\ G7/ H5\ I4/ G8/ A1\ C0+
Trax_4398863 GringoNZ vs. Traxplayer : @0/ @1/ A0/ @2+ C3/ D3/ B0/ A4/ C5+ E5/ @4/ B0+ A2\ @2\ A1\ C0/ E2+ B7/ @4+ B6+ F0/ G2\ E0\ A9\ B2\
Trax_4398915 Authority vs. Riika : @0/ B1+ C1/ A2/ A3/ D1/ E1/ E0/ D0+ @4+ @4\ C2+ D0+ B2+ C0/ @5/ I5\ I6+ B7+ I3+ @7/ A8/ K6+ K3/ H2/ H1/ H0/ E9/ A10/ G7+
Trax_4398916 Charlo vs. Zugzwang : @0/
Trax_4401563 PuggieLover vs. JiffyJeff : @0/ A2+ @2\ C1/ D1/ D0/ B0+ C0+ E4+ E1/ D0/
Trax_4401564 JiffyJeff vs. PuggieLover : @0/ A2/ B2+ C2/ C0+ D3\ C4/ @4\ @2/ C5/ F1/ G3\ C6+ C7\ E7+ F4+ E8+
Trax_4402835 Dragon101 vs. Traxplayer : @0/ @1/ A0/ @2/ D2/ B3+ D1/ B4/ @2/ B0+ D5+ @4+ F0+ G2+ E0/ C1\ E0+ A5+
Trax_4402836 Dragon101 vs. Riika : @0/ @1/ A0/ A0/ A4/ @4/ A5+ @5\ E5/ @5\ C6/ E1/ F4+ @5\ @5\ @5\ @4/ G0+ G0+
Trax_4402884 ypercube vs. GringoNZ : @0/ @1/ C1/ B0\ D2\ D3\ E3\ B0+ C4+ E5\ F5\ F6\ D7\ F2/ G4+ F1+ RESIGN
Trax_4403647 Scheherizade vs. ypercube : @0/ B1/ @1+ C2/ B0\ D3\ C4+ C5\ D4\ B0\ @3\ A2\ @2\ A4+ A5/ @4/ @4/ B5/ B6/ A6/ D1+
Trax_4404074 balmoral vs. DavidJ : @0+ @1+ B2/ A0\ B1+ C1/ A0\ @1\ A0\ @1\ D0+ A6/ D7/ @5/
Trax_4409469 Betty04 vs. Dragon101 : @0/ A0/ B1+ C1\ B3\ B0+ B0/ C1/ @5/ E3/
Trax_4409469 boop2004 vs. Dragon101 : @0/ A0/ B1+ C1\ B3\ B0+ B0/ C1/ @5/ E3/
Trax_4409861 dgb vs. ypercube : @0/ @1/ @1/ C2/ D1\ D0\ @2+ @2/ D3+ E0/ A2+ D5/ D6/
Trax_4409862 ypercube vs. dgb : @0/ A0/ B2/ A3+ A0/ C3\ A5\ @4\ @4\ D6/ C7\ E2/
Trax_4414589 ypercube vs. Robyn Hode : @0+ @1\ C1+ RESIGN
Trax_4414590 Robyn Hode vs. ypercube : @0+ @1+ @1/ D1\ RESIGN
Trax_4414591 ypercube vs. Traxplayer : @0+ B1/ C1/ B2\ B3\ B0+ B0/ B0/ @4\ @3/ C2+ @3+ @3/ F0+ E6/ D7+ D8\ G7\ H6+ H3/ I7/ J6\ E0/ C3\ D2+ F10+ F0\ G2/ H2/ I7+ C1\ A7/ D0\
Trax_4414592 Traxplayer vs. ypercube : @0/ A2\ B2\ @1/ B3+ C4/ C5/ B6\ C7/ D5+ A7+ @6+ D8+ B8/ A7/ D9+ A3+ @2/ B1+ A7/ @7+ C8+
Trax_4414593 ypercube vs. dgb : @0/ B1\ B2\ A0/ @2\ B0\ A2+ @2\ RESIGN
Trax_4414594 dgb vs. ypercube : @0/ @1/ B0+ @2+ A0/ A4/ B4+ A5/ D3\ E3\ @4+ @3/ E1+ E0\ D0/ D0/ D0/ F3+ C1+ B2+ G6+ RESIGN
Trax_4414595 Robyn Hode vs. Traxplayer : @0/ @1/ A2/ B0/ RESIGN
Trax_4414596 Traxplayer vs. Robyn Hode : @0+ @1/ C1/ RESIGN
Trax_4414597 Robyn Hode vs. dgb : @0+ B1+ @1+ D1+ RESIGN
Trax_4414598 dgb vs. Robyn Hode : @0+ A2\ A0/ A0\ B3+
Trax_4414599 Traxplayer vs. dgb : @0+ B1+ C1/ D1/ C2/ A0/ C0+ E2+ @3\ @3\ @3\ A4+ RESIGN
Trax_4414600 dgb vs. Traxplayer : @0+ B1+ C1\ @1/ C2\ C0/ E2\ E3\ D4\ F2+ G2\ H2\ E0+ D6+ B6+ D0/ D0/ D0/ C4+ D0+ F2+ G2\ G1/ RESIGN
Trax_4418424 Goonerg vs. DavidJ : @0/ A2\ B1/ @1/ A0/ @3\ @2/ A4/ @4/ C0+ A1+ @5/ A6/ @6/ A7/ @4+ C8+
Trax_4418693 jazzbeth vs. Charlo : @0/ @1/ B2/ C2/ C3/ D3/ D4/ E3+ F3/ G3/ F4+ F5\ C4/ G6/ H6+ I5+ G7+ I2/ J5/ F2+ I1+ H0/ B7+ B8/ G1+
Trax_4423217 supermac vs. Zugzwang : @0/
Trax_4423296 Charlo vs. jaha : @0/ A0/ B1+ @2\ A3\ B0/ @4+ E3/ B1\ C0/ E2+ A6/ F5\ F6\ @2+ @3\ C7/ B5+ @4+ D1/ F0/ D1+ D0\ B1+ A2+ B8+
Trax_4423414 Charlo vs. Traxplayer : @0/ @1/ @1/ @1/ B2+ A0+ B0+ C0+ @3\ A2\ @4+ @3/ E1+ @3+ B5+ E0+ F7/ I5+ I7+ F8/ G8+ D8/ F9/ G1/ I1+ E0/
Trax_4428745 Kriistina Jean vs. Authority : @0+ @1+ A2\ B0/ C3/ B4/ @3/ E4\ D5+ E1/ RESIGN
Trax_4428745 Sutik Ansalewit vs. Authority : @0+ @1+ A2\ B0/ C3/ B4/ @3/ E4\ D5+ E1/ RESIGN
Trax_4428746 Authority vs. Kriistina Jean : @0/ B1\ A2/ @2/ A3/ C3\ A4+ A5+ @5+ A4\ C0+ E4+ E5\ D6\ F4+ RESIGN
Trax_4428746 Authority vs. Sutik Ansalewit : @0/ B1\ A2/ @2/ A3/ C3\ A4+ A5+ @5+ A4\ C0+ E4+ E5\ D6\ F4+ RESIGN
Trax_4428747 Kriistina Jean vs. Charlo : @0+ A2/ A0\ @3/ A4/ @1+ @2+ C5+ B0\ A1\ @1\ B0+
Trax_4428747 Sutik Ansalewit vs. Charlo : @0+ A2/ A0\ @3/ A4/ @1+ @2+ C5+ B0\ A1\ @1\ B0+
Trax_4428748 Charlo vs. Kriistina Jean : @0/ B1\ A2/ @2/ @1+ C0/ @2/ D4+ E4\ F3\ A4/ RESIGN
Trax_4428748 Charlo vs. Sutik Ansalewit : @0/ B1\ A2/ @2/ @1+ C0/ @2/ D4+ E4\ F3\ A4/ RESIGN
Trax_4428749 sweeteyes vs. Authority : @0+ B1+ A2\ B0/ C1+ D2/ A1+ D3\ D4+ E2\
Trax_4428750 Authority vs. sweeteyes : @0/ B1\ A2/ B2+ @1+ C3\ C4\ D3/ A4/ A5+ @3\
Trax_4428751 sweeteyes vs. Charlo : @0+ A2\ B1+ A0\ @1+ @1/ B3+ D4/ @3/ A4/ A5/ @5/ G4\ B6+
Trax_4428752 Charlo vs. sweeteyes : @0/ A2\ B1/ @1\ A0/
Trax_4428753 Authority vs. Charlo : @0/ A0/ A3/ A4/ B2+ @1+ @2+ E3+ B0\ A1\ @1+ C0+ A6/ @2/ B7\
Trax_4428754 Charlo vs. Authority : @0/ A0/ A3/ B3/ B4/ C4/ C5/ D5/ D6/ E6/ @3+ C1/ D3+ B4/ B5/ @4+ @4/ A6+ D6+ C7+ A3\ @5\ H3\ I7\ E8/ J7/
Trax_4428755 coopaah vs. ypercube : @0/ @1/ C1/ @1/ B0+ B0/ D4+ C5+ @3/ A6+ @6/ A7/ @7/ E7\ D8+ F6\
Trax_4428756 ypercube vs. coopaah : @0/ @1/ B2/ @1\ C0+ D3+ E2/ E1/ F1/ C0/ F4\ F5+ G3\
Trax_4428757 coopaah vs. dgb : @0/ A0/ B2+ C2\ C3\ D3\ B4/ D1/ E1+ B0/
Trax_4428758 dgb vs. coopaah : @0/ @1/ @1/ B2+ D1\ @1/ C3/ D0/ @4/ A5/ A1\ A0\ @4\
Trax_4428759 ypercube vs. dgb : @0/ A0/ B2/ A3+ C2/ @2\ @2\ D1+ C4/ D4+ D0/ D0/ C2+ B3+ F3/ G3/ C7+ D0/ F1/ F0/ B3+ B1+ RESIGN
Trax_4428760 dgb vs. ypercube : @0+ @1+ C1\ B2\ B3\ @1/ B2/ E1+ D0+ E3\ D5+ E6/ F6+ F3+ G4+ C1\ C0\ @3/ F8/ D7+ F9/ B4+ C5+ @3\ A2\ F0/ G1/ RESIGN
Trax_4435237 Rogue Trooper vs. Traxplayer : @0+ B1+ A2\ A0\ @1\ @1+ B3+ @2+ E1+ B0/ C5+ @4\ A5+ C6+ C7/ C8/ C9/ A6+ @4+ E8+ F8/ G7\ H8/ H9+ H10/ A7+
Trax_4436143 Scheherizade vs. ypercube : @0/ @1/ B0+ @2+ C0\ C4\ D4\ C5\ A4+ @2+ E3/ F2\ E1+ D6\ E5\ A6+ E0/ B8+
Trax_4436722 davidmilne vs. Dragon101 : @0/ A0/ B1+ A3+ C2+ D3/ A0/ C2/ B0\ @5\ E1/ F5/ D0/
Trax_4436810 GringoNZ vs. Zugzwang : @0/
Trax_4438070 ypercube vs. golfnutrof : @0/ @1/ C1/ C2/ D1/ D3+ E2\ A2+ F1/ F0/ F4\ D5/ G3\
Trax_4444158 Rogue Trooper vs. rabbitoid : @0+ A0/ B1\ A3/ @3/ C3\ C4\ B4+ B0/ A2+ D5+ D2+ D6/
Trax_4444302 jaha vs. dgb : @0/ A0/ B2/ A3+ @2+ B4+ D2+ C1+ B0/ B6/ A6/ @1\ A0+ A7+ RESIGN
Trax_4448070 Paddington Bear vs. Dragon101 : @0/ A0/
Trax_4448297 Riika vs. jazzbeth : @0/ @1/ A2/ C2/ @2/ A0/ E3/ C4+ E2/ A5/ @5/ F5\ C6+ D7/
Trax_4449536 Lorraine of the Renegades vs. Riika : @0/ B1+ @1\ B0/ D1\ C0\ B0\ A3+ E4\ E5\ E2\ B5/ E6\ @4\
Trax_4449785 Pegasus vs. Authority : @0+ B1+ B0\ A3/ @3/ @3+ A4\ A1\ @1\ C0/
Trax_4449785 Wife of a Maverick driver vs. Authority : @0+ B1+ B0\ A3/ @3/ @3+ A4\ A1\ @1\ C0/
Trax_4452261 ypercube vs. Traxplayer : @0/ @1/ C1/ D1/ C2/ D0/ E1/ A0+ @2\ F0/ G1/ @3\ A2\ A1\ F0+ D6+
Trax_4453187 Carroll vs. Sassy Lassie : @0+ A0+ A3+ A4/ @4/ @4+ B1+ B0\ A6+ A7/ A1\ @3/ A7/ A8/ @8/
Trax_4453315 JiffyJeff vs. Rogue Trooper : @0/ A0/ @2/ A0/ A4/ C3+ @3+ D1\ C0+ A0\ @1\ D1/ C0\ E3+ F3+ G4/ A5\ F2/ D1/ C0\ H5+ H3/ F2/ F1/ I3/ F0\ D2+ D1+
Trax_4454311 Scheherizade vs. ypercube : @0+ A0+ A0/ A0+ A5\ A0\ @3/ C2\ C1+ C0/ D3\ B0\ A1\ @4+ A6+ F6\ F7\ F3+ G5\ F1/ G4/ G1\
Trax_4454669 golfnutrof vs. supermac : @0+ B1\ @1\ C2\ C3\ A2+ B0/ D2/ E2+ E1/ E0/ E0+ F3+ G4+ H4\ F5+ G6+ G7\ A2\ @2\ C1+ E0/ @2/ J9/ K6/ F10/ E8+ K10\ G11+ L10/
Trax_4454873 Zugzwang vs. Traxplayer :
Trax_4454929 GringoNZ vs. Charlo : @0/ @1/ A0/ @1/ A0/ @1/ A0/ A3+ @2\ @2\ F5/ C0/ D1/ E1+ F4+ F7/ E7/ D6+ G7+ E8/ C7\
Trax_4456343 Charlo vs. Goonerg : @0/ A0/ A3/ A0/ @4/ @3+ @3/ C5/ E4+ A2+ D0+ @6/ A7/ A3+ @5/ B1+ E0+ G8+ F9\ H6/ I4+ E10+ D8+ B9+ A7+ F11/ A3\ G2+ @5+
Trax_4457040 tiggerluv83 vs. Carroll : @0/ A0/ A3/ A4/ @4/ B0/ B6\ C5\
Trax_4457041 Carroll vs. tiggerluv83 : @0+ @1/ C1/ @1/ B0/ @2\ B0\ E1/ E4\ D4+ C5+ D5+ A5/ D0\
Trax_4457955 Dragon101 vs. Rogue Trooper : @0/ A0/ B2/ B3+ C3+ B4/ @3\ @2/ @3\ @2/ @3\ A0+ @3/ H2/ J2/ J1/ G0+ K4+ K5\ L5\ I6+ L2/ M5\ K1/
Trax_4458088 davidmilne vs. jazzbeth : @0/ @1/ B0+ @1/ D1\ E2/ C3+ E0/ F1/ F3+ G2\ H2\ D0+ C1+ C0\ H6\ RESIGN
Trax_4464465 Zugzwang vs. DavidJ :
Trax_4465718 GringoNZ vs. Goonerg : @0/ @1/ A0/ @1/ A0/ D3\ B4/ A4/ C5\ D5\ D6\ E4/ @6/ C7+ A1\ @5\
Trax_4465719 Goonerg vs. GringoNZ : @0/ @1/ B2/ A0/ C3\ C4\ D4+ E4\ E3+ F3\ E5\ C1+ G3\ G2+ F5+ E6\ C5+ @2/ A3/ A0\ @3+ G1/ H1/ C0/ I2/ E2\
Trax_4465720 GringoNZ vs. ypercube : @0/ @1/ A0/ C2/ C1/ C3/ B0\ @2+ B1\ @3\
Trax_4465721 ypercube vs. GringoNZ : @0/ @1/ C1/ C2/ D1/ C3+ B3/ B0\ B0+
Trax_4465722 GringoNZ vs. dgb : @0/ A0/ @1/ B0+ C3/ @2\ B0/ B0/ A1/ D2/ C6/ C0/ D1/ E1+ C0\ B1\ D0/ E2+ C0+ E10\ E8\ E11/
Trax_4465723 dgb vs. GringoNZ : @0/ @1/ @1/ A0/ @2/ B0+ C1/ D4+ C5+ RESIGN
Trax_4465724 Goonerg vs. ypercube : @0/ @1/ B2/ C1/ C0+ @2/ A3+ B4/ B0+ @4/ F3/ F6\ G6\ A6/ B7+ @6\
Trax_4465725 ypercube vs. Goonerg : @0/ @1/ C1/ D1/ B0/ D3\ E3\ @2/ A0+ @3/ E1/ D0/
Trax_4465726 Goonerg vs. dgb : @0/ A0/ @1+ @1\ C0/ @2\ B3+ B0\ E4+ @3+ C5+ D6/ C0+ B7/ F1/ C8/
Trax_4465727 dgb vs. Goonerg : @0+ A0/ A0/ B2+ @2\ B0/ D2+ C0\ C0+ A3+ C7/ D7+ @4\ D8/ B8/ @6+ @6\
Trax_4465728 ypercube vs. dgb : @0/ A0/ B2/ A3+ @2+ D2\ B4\ C5/ A4\ D5+ A6/ @4\ A6+ @5/ @5/ A6/ RESIGN
Trax_4465729 dgb vs. ypercube : @0+ @1+ @1/ D1+ D0+ D3/ E2/ E0\ D5/ E4+ F2\ G3+ D6+ F0+ G1/ H1+ F0+ I4+ H6+ F7+ G8+ H9/ F10+ J5+ J3\ F0\ I8+ H11+ K4\ K7+ E1\ RESIGN
Trax_4469485 JiffyJeff vs. Rogue Trooper : @0/ A0/ A3/ A4+ B2+ B5/ B0\ @4/ D6+ E4+ E3+ F4\ E1+ E0/ E0+ F3\ G7/ G2/ F1+ H3\ G5/ H6\ G1/ E0/
Trax_4472233 Riika vs. CHESSCATJAY : @0/ A0/ A3/ A4/ @2/ B5\ C2+ A4/ B6+ C5+ D5\ E5+ E6+ E2/ F2/ G1\ @6/ C7/ A1\ A0\ @5/
Trax_4472289 lhh61 vs. Carroll : @0/ A0+ B2/ C1\ D1\ A3/ @2\ @2\ B1\ A4/ @3\ G4\ D5\ H3\
Trax_4473273 dgb vs. Authority : @0+ @1+ C1\ C2\ B3\ B4\ D2/ B0/ B0/ D3/ C6\ E5+ A1\ B0/ A7+ F5\ @4+
Trax_4473274 Authority vs. dgb : @0/ A0/ B2/ A3+ A4/ C2\ B1/ D2\ B0+ @5/ @5+ C6+ @5+ D7/ D8/ A6/ C9+ C3+ B2+ H2/ F1+ I3\ I4\ @9/ C10+ H4+ G5+ J5+ I6+ K4\
Trax_4473924 Paddington Bear vs. jazzbeth :
Trax_4474155 JiffyJeff vs. Riika : @0/ B1+ A2\ C1\ B2\ A3/ @2/
Trax_4474325 DavidJ vs. Dragon101 : @0/ A0/ B1+ C1/ B0+ A4+ A5\ C5+ D3\ B0+ A2+ @5\ E6\ B7\ C8/ A8+
Trax_4474326 Dragon101 vs. Traxplayer : @0/ @1/ A0/ @2/ @1/ C0+ @1+ C0/ C0/ C6+ B5+ D7+ B6/ @2+ F3+ B6/ A6/ C0+ A8/ @6+ A5\ @8/ B9+ A4/ @4/ @5\ @4/ E10/ D10/ @4+ D10/ C10/ F11+ B7+ A7/ E12+ @8\ G2+ A2\ A1/
Trax_4477121 jaha vs. Traxplayer : @0/ @1/ A0/ @1/ B0/ C1/ D3/ A0/ D3+ B5+ A4+ @4/ A5/ E6\ F6+ A6+ @4\ E7/
Trax_4478508 Traxplayer vs. ypercube : @0/ @1/ B0/ @1/ C0+ D1/ D2+ @2/ E0+ A4/ A1+ RESIGN
Trax_4478509 ypercube vs. Traxplayer : @0+ B1+ B2+ C2+ C3+ D3+ D4+ E4+ E5+ F5+ F6+ G6+ H6+ G7+ I6+ H5+ J6+ A0+ F5+ I8/ H9\ G5/ I10/ F10+ H11\ E10\ D10\ C10\ D11+ F12\ J8+ J6/ K11+ I12/ K6/ B10\ L8+
Trax_4478510 Traxplayer vs. jazzbeth : @0/ @1/ B0/ @1/ C0/ A3+ C0/ A5/ A6+ D1\ @5+ A3+ @4+ B0/ C1+ D0+ G3\ E7\ F5+ B8+ B9/ A9/ G6\ @9+
Trax_4478511 jazzbeth vs. Traxplayer : @0/ @1/ B2/ C2/ C3/ D3/ D4/ E4/ E5/ F5/ D2+ B0\ C1\ C0\ D2+ E3+ E4+ C0+ E2+ E9\ D9+ F3\ E0+ D0/ C2\ C11/ D12/ D13/ C13/ F13\ D14+ G11+
Trax_4478512 Traxplayer vs. STrek : @0/ A2\ B2\ B1+ A3+ @2+ D2+ E2\ F2\ E1+ E3+ B4\ C5/ F0/ G3+ A5+ H2/ G1+ G0/ H1/ H0/ I4+ F1\ E2\ F0/
Trax_4478513 STrek vs. Traxplayer : @0/ @1/ A0+ A3\ B3+ C2+ D2+ @2+ @2/ E1/ D0+ F1/ C1\ D0/
Trax_4478514 ypercube vs. jazzbeth : @0+ B1+ B2\ B0\ A0/ @2/ D1/ B0/ C6\ E3+ D5+ F3/ G3/ B6+ G4\ H3/ E6\ D7/ H5+ I2/ G1\ @1+ B0\ A6/ @5+ C7/
Trax_4478515 jazzbeth vs. ypercube : @0/ @1/ B2/ C2/ C3/ D2/ D4/ A2/ A3/ D1/ A4/ @2+ A0+ @5/ A6/ A1\ @1+ H5+ E6+ B7/ E0+ @6+ I1/ B1/ J3/
Trax_4478516 ypercube vs. STrek : @0/ @1+ @1\ D1\ B0+
Trax_4478517 STrek vs. ypercube : @0+ B1+ B2/ A0\ B1+ @2+ A0+ @1+ B0+ B0\ A1\ A0\ @4+ D1/ B0+ E3\ F3\ D4\
Trax_4478518 jazzbeth vs. STrek : @0/ A2\ B2\ B3+ B4/ B1+ C2+ D2\ C4\ C5+ A5/ A6+ @4/
Trax_4478519 STrek vs. jazzbeth : @0/ @1/ B2+ A0+ @2/ B4+ B5/ @5+ A2+ C0+ @6/ D7/ D0/ E1/
Trax_4482886 lhh61 vs. Authority : @0/ @1/ B2/ C2/ C3/ D3/ A0/ C2/ E4/ E5/ E6/ A3/ A0\ @2/ C1\ B0+ B0/ B0+ C1/ D3+ A4+ E6+ A6/ @4\ @6\ C2+ C0/ B1+ A2\ C0/ C0/ F1+ F0/ G5+
Trax_4486899 GringoNZ vs. jaha : @0/ A0/ @1/ C1\ B3/ B0+ B0/ C1/ D1+ C0+ @4+ F3+ G3\ G4\ H4\ H5\ G2+
Trax_4489159 Miss Traven vs. Christine : @0/ A2\ B1/ B2+ B3\ C1/ C0/ D2/ E2/ @1\ E1+
Trax_4490202 andy99 vs. Carroll : @0/ @1/ B0/ @1/ D1/ E1/ D0/ D4+ A3/ F2+ E1+ D0/ D0/ F1/ @5/ F0/
Trax_4490203 Carroll vs. andy99 : @0+ B1\ @1+ @1/ @1\ A0\ B1+ C1+ B3+ B4/ @1\ B3+ B0+
Trax_4490267 DavidJ vs. DINGEROO : @0/ B1+ A0\ @1\ A0+ C4+ D4\ @2/ A3/ @3/ A4/ C5/ C0+ @3\ A2\ E6\ E7+ D7+ D8/ C6+ C7/ A6+ @7\ G2+ G1+ H1/ B8+ @6+ I7\ J6/ @6/ A7/ A5+ I0\ E3/ D2+ I0\ J5\ K3/ L6\ F1\ F0\ @10/ A11/ D12+ A5+ D4+ @7/
Trax_4490460 Dragon101 vs. JiffyJeff : @0/ B1/ B0/ C1/ @2+ C0\ B4/ E2\ D0+ C0/ B1+ @3+ B1+ F1/ E0+ @4+ C1+ G3+ H4/ H5+
Trax_4491234 Miss Traven vs. Christine : @0+ B1+ A0/ B3\ C3\ D3+ A3+ E3+ C4/ A4/ @4/ C5\ D5\ E5/
Trax_4492003 Authority vs. Thud : @0/ B1+ C1/ A2/ A3+ C2+ D1/ E1+ B4/ B0\ @1+ @2\ D0+ A1/ A0/ G3+ B6/ F7+ E8/ B8+ C9/ A6/ @4+ A7+
Trax_4492823 jaha vs. Traxplayer : @0/ @1/ A0/ @2+ B0/ @2+ @2/ D4+ C0+ A2+ B4+ C5+ E1/ RESIGN
Trax_4492992 ypercube vs. Carroll : @0/ @1/ B2/ C2/ B0/ @2/ A0+ @1\ A0\ RESIGN
Trax_4492993 Carroll vs. ypercube : @0+ @1+ B0+ C2+ D2\ @2/ B1+ @2/ @2/ D3+ G3\ H3\ E4+ F5+ I3\ D4/ D5/ I6+ J4/ A6+ @3+ F6+ RESIGN
Trax_4493076 dgb vs. Authority : @0/ A0/ A0/ A0/ @2/ A3/ @3/ B0+ @1+ @2+ A5+ @2/ G3+ A1\ E5+
Trax_4493077 Authority vs. dgb : @0/ B1+ C1/ C0/ B0/ A2+ @2/ E2/ D4+ B4/ E1/ F4+ B5+ F5\ F6\ G6\ C6/ F7+ E0/ G1+ H6+ H1/ E0/ A7\ I6/ I5/
Trax_4493078 dgb vs. Traxplayer : @0/ @1/ B0+ @2+ A0/ B4\ D2\ @2+ @2/ D1/ D0/ D6/ C5+ B5/ B6/ B0+ A2\ @2\ A1\ RESIGN
Trax_4493079 Traxplayer vs. dgb : @0/ @1/ @1/ B0+ @2/ D3+ C4+ @4\ D0/ D0/ F5\ F6\ G5/ A3+ C2+ @6\ A7+ C1+ B0/ A1+ @6+ D0+ RESIGN
Trax_4493080 dgb vs. ypercube : @0+ @1+ C1\ C0\ B0/ D2+ C0+ B5/ E3\ F3\ G3\ C6/ @4\ E0\ E6+ E8/ C7/ A6+ C8/ @7+ G7+ J6+ K5\ L5\ K7+ G3+ G0/ H3+ A6\ C5+ F0\ E1\ D1+ D0\ B6+
Trax_4493081 ypercube vs. dgb : @0+ B1+ C1/ D1/ D2/ @1\ C2/ C0+ A1\ A0\ A0+ @3+ B5+ @4+ G6\ H4+ F6+ F1+ E0/ E0+ D0/ F10/ I8/ H6/ I5\ J5+ J4+ K4/ K6+ I3/ H3+ K2/ L2/ H2\ G2+ I1/
Trax_4493082 dgb vs. GringoNZ : @0+ B1+ C1\ C2\ B3\ B4\ B5+
Trax_4493083 GringoNZ vs. dgb : @0/ A0/ @1/ B0+ @1/ D2\ E2\ A0/
Trax_4493084 Authority vs. Traxplayer : @0+ B1+ @1/ D1\ A2/ C0/ C0/ E2+ @3+ F4/ E5+ B2+ G2/ H2/ E0+ I1\ E0+
Trax_4493085 Traxplayer vs. Authority : @0+ B1+ A0\ A3\ @1\ @1+ D4/ E2+ B3+ A0/ C6+ @3+ D0/ E1+ C0\ B1\ A1\ @4+
Trax_4493086 Authority vs. ypercube : @0/ A0/ @1/ A0/ @1/ B0/ C1/ C5/ D1+ D6\ E4+ B6/ D7+ F5/ G5/ A0\ @3+
Trax_4493087 ypercube vs. Authority : @0+ @1+ B2\ C2\ C3+ D2+ B0/ C5/ E1/ C0+ F3\ F4\ E5/ F6/
Trax_4493088 Authority vs. GringoNZ : @0/ @1/ B2/ A2+ C1\
Trax_4493089 GringoNZ vs. Authority : @0/ A0/ @1/ A0/ C3/ C4/
Trax_4493090 Traxplayer vs. ypercube : @0/ @1/ @1/ B0/ @1/ E2/ B3/ B4+ E1/ C0+ A5\ E0/ RESIGN
Trax_4493091 ypercube vs. Traxplayer : @0+ B1+ C1/ @1\ C2/ C0+ A1\ C0/ B5\ @1/ A0+ @4/ C5+ A1\ @1\ B0/ F1+ A0\ @1\ F1+ C0+ E1/ B0/ A0\ RESIGN
Trax_4493092 Traxplayer vs. GringoNZ : @0/ @1/ @1/ B0/ A3/
Trax_4493093 GringoNZ vs. Traxplayer : @0/ @1/ B0/ C2/ C3/ D2\
Trax_4493094 ypercube vs. GringoNZ : @0+ B1+ C1\ A0\ A0\ B1\ C4\ A0/ C6+ @3\ D7+ B0+ A1\ A0/ D5/
Trax_4493095 GringoNZ vs. ypercube : @0/ @1/ A0/ @2/ A0/ D3/ C4\ C5+ B6+ E3+ @4\ F4\ E2/ @1\ A0\ @1\
Trax_4497775 rabbitoid vs. Carroll : @0/ B1+ A2/ C1+ C2+ @2/ E1/ D3+ E3\ F3\ G2+ C4+ G4/ H2/ I2/ E0/ E6+
Trax_4497948 Nukkle Dragger vs. davidmilne : @0+ A0\ @2+ A3+ A4\ B4\ B5\ C5\ C6\ D6\ C1+ @1\ C0\ F3+ E1+ E0/ G5+ G9\ H9\ G2+ D0+ H5+ I5/ C10+ G11+ A8+
Trax_4506290 Zugzwang vs. Riika :
Trax_4507197 Miss Traven vs. Christine : @0/ B1\ B2\ A2+ B3/ C2\ B4\ A3/ @2/ A4\ B5/ D0/ @4/ F1\
Trax_4508502 ypercube vs. Scheherizade : @0/ B1+ C1+ D1\ B0/ C3\ B0/ D2+ A1\ @1+ C0\
Trax_4508503 Scheherizade vs. ypercube : @0+ A0+ A3\ A0+ B4/ A0+ B4+ B1/ @2\ B0\ @2\ E1\ C0+ E4\ F4\ C0\ B2+ A1/ @2+ B5+ A6+ C8/ C9/ A7/ C6/ B9+ @7/ @4+ F9\ G10/ C8/ E10/ E11/ H10\ G11/ I9+
Trax_4514440 Christine vs. Miss Traven : @0+ B1/ B2\ C1/ A2+ D1\ D2\ E2\ C0/ E4/ E5\ C4\
Trax_4517870 Goonerg vs. CHESSCATJAY : @0/ @1/ B2/ B3/ C1+ C0/ B1+ B0/ D5\ B6+ D2/ E2+ C1+ A5/ E4+ F4\ E6+ C7/ G6\ F7/ C8+ G4+ H4/ I5+ H2+
Trax_4518292 Riika vs. Charlo : @0/ @1/ @1/ @1/ B0/ D3+ B4+ @2/ @3\ B0+ @1/ A0/ F2/ F1/ E1+ F0/ H1+ H0/ H0/ I1/ J1+ H0+ H9\ I6+ K4\ K5\ K6+ L4+ J1+ A7+ A10/ C5\
Trax_4523097 Riika vs. Rogue Trooper : @0/ A0/ B1+ B0+ @3+ B4+ B5\ D5+ A1\ @2/ F4\ E6+ C0+ B5/ C7+ @3/ F8/ A6/ @5+ C7+ H3/ I2\ F0/ G2+ B3\ D1/
Trax_4527961 ypercube vs. AndrewB : @0+ @1\ C1+ D1/ C2/ C0/ C4/ B1\ C0/ C0/ D6\ C0\ E5\
Trax_4527962 AndrewB vs. ypercube : @0/ A0/ @1/ A0/ @1/ B0/ D4/ B4/ D5\ E4/ F4/ A5/ A6/ C2+ A4+ @4\
Trax_4527963 ypercube vs. jazzbeth : @0+ A2+ A3\ A0\ @1\ C3+ B5\ @1+ C0+ D1/ E6\ D7/ E1+ F6+ E0\
Trax_4527964 jazzbeth vs. ypercube : @0/ @1/ B2/ @1/ A2/ A0+ @1\ A0\ @4+ E1/ A0/ F2\
Trax_4527965 ypercube vs. dgb : @0+ B1+ A2+ A3/ A0\ @4+ @4\ A2+ A5\ @3+ @3/ D6/ D7/ B5+ A6+ @6\ @6\ D8+ D9\ F8+ E10+ E11/ G10\ G11\ F12\ H10+ E13/ D13/ I2\ F14+ G12\ C14/ E15+ D10+ C12\ B12\ B11\ A13/ A7/ I10+
Trax_4527966 dgb vs. ypercube : @0+ @1+ B2+ A2+ C2\ D2\ @2\ B0\ A0/ C5/ C6/ C7/ E8+ F7\ A6+ RESIGN
Trax_4527967 AndrewB vs. jazzbeth : @0+ @1+ A2/ A0/ A4/ B3\ B4\ B5\ B0\ C3/ A0\ @3/
Trax_4527968 jazzbeth vs. AndrewB : @0/ B1\ A2/ @2/ A3/ @1\ C0+ D4\ B5+ B0/ E4/ A1\ @2+
Trax_4527969 AndrewB vs. dgb : @0/ A0/ B2/ A3+ @3\ D2\ @1\ A0\ @3/ A4/ A5/ B6+ C7\ D6\
Trax_4527970 dgb vs. AndrewB : @0/ B1\ B2\ A0/ C2+ A0\ @2/ B0\ C6/ C1/ B5/
Trax_4527971 jazzbeth vs. dgb : @0/ A0/ B2/ A3+ A4/ C2\ @1/ D1/ E1/ B0/ A4/ @4/ B5/ A1\ C0/ @4\
Trax_4527972 dgb vs. jazzbeth : @0+ A2+ A3+ B3/ @2\ C4/ C5/ @1/ C6+ A3+ E5\ D6+ D7\ E7\ E8\ F7/ C8/ A5/ D9/
Trax_4527973 Authority vs. Miss Traven : @0/ A2\ B1/ B2+ A0+ @1+ A0/
Trax_4527974 Miss Traven vs. Authority : @0+ B1+ C1/ C0/ C0\ D2+ B4/ D4\ A2+ E4/
Trax_4527975 Authority vs. Traxplayer : @0+ B1+ A0/ A3/ C1\ C0+ A5/ @2/ A1\ RESIGN
Trax_4527976 Traxplayer vs. Authority : @0/ @1/ A0/ @1/ B0/ C1/ C0/ B0+ @1+ C0/ C0/ C0/ A8/ @6+ D9/ F8+ G6+ H7+ @7\ I5\ J7\ J8+ RESIGN
Trax_4527977 Miss Traven vs. Traxplayer : @0+ B1+ @1/ A2/ A3/ @3/ C4\ D2+ D0/ A1\ A0\ B0+
Trax_4527978 Traxplayer vs. Miss Traven : @0/ A2\ B2\ B3\ C2/ B1+ D3\ E3/ D4/
Trax_4531984 Traxplayer vs. Rogue Trooper : @0/ A0/ @2/ B0/ @2+ C0+ D3+ E3/ F2\ C5+ B0+ D2/ C7/ @5\ @5\ C7+ D8+ F1+ F0/ E1+ A7/ @7/ H1+
Trax_4532124 ypercube vs. jaha : @0+ A0/ A3\ B3\ B4\ C1+ D2+ C5+ @2\ @2\ @2\ F0\ F7/ C4+ B5+ A6+ @6+ A7/ @4+ B2+ J5+ I7+ I8\ K5/ L5/ I1/ I0/ F2/ J1+ D1+ G7+ F0/ G2+ H1+ C1+ E0\ J12/ K12+ G12/ I13+ D10+
Trax_4533470 Charlo vs. Authority : @0/ @1/ @1/ A0/ @1/ A0/ @1/ A0/ @2+ @2+ B3/ B0+ A1\ C0+ @4+ @3/ A1\ @3+ G3/ F0/ E2+ D1/ F0/ F0/ H6/ I8+ K9/ D9+ G9/ I1+ F0/ J6\
Trax_4535913 Goonerg vs. ypercube : @0/ @1/ B2/ C2/ C3/ D2/ D1/ @1/ D0+ A3+ C4+ B5\ D5+ @2/ D6/ G3+ H5+ G6\ D7+ I4/ I3/ J3/ J2/ H1/ E0/ F0\ G9\ H9\ F10/
Trax_4535914 ypercube vs. Goonerg : @0+ A0/ A3\ B1/ B0/ C1/ C0/ D1/ D6+ E6\ E7\ F4+ A0+ @3/ H8+
Trax_4535915 Goonerg vs. golfnutrof : @0/ @1/ B0/ A0/ @3+ @2+ E2/ E4+ F2/ G2+ G1/ G5\ H3/ I2\ D1+ E0\ J4/ K4/ F7+ E7/ E8/ B7+ A4+ D9+ F9\ G9\ B1+
Trax_4535916 golfnutrof vs. Goonerg : @0/ @1/ A2/ A0\ @2+ D2/ @3\ C0+ D5+ F1/ F0/ B2\ A2\ @4/ C1+
Trax_4535917 Goonerg vs. dgb : @0/ A0/ A3/ A0/ @1/ C2+ A4/ A5/ @5/ A6/ @6/ D7+ F3+ @4+ C0+ @2+
Trax_4535918 dgb vs. Goonerg : @0+ @1/ C1/ C0+ B0/ A2+ B0+ @4+ B5\ B0/ B0/ A1/ D1/ C0/
Trax_4535919 ypercube vs. golfnutrof : @0+ @1+ B2+ B0\ B4/ A4/ A0/ @2/ D1/ D0/ B7/ @3/ E7\ C8/ F6/ RESIGN
Trax_4535920 golfnutrof vs. ypercube : @0/ @1/ A0/ @2/ A0/ C2/ D3/ A4/ A5/ @3+ D1/ @5/ E6+ B6/
Trax_4535921 ypercube vs. dgb : @0/ A0/ B2/ A3+ C2/ @2\ @2\ D1+ D0/ E5/ F2/ D0/ D0/ F3+ E0+ C2+ B3+ E0\ @7\ A8+ @5\ A4+ A3\ I5/ J2\ @5\ C4/ @6/ RESIGN
Trax_4535922 dgb vs. ypercube : @0/ @1/ A0/ @1/ B0/ B4\ D3/ @1/ A0+ D1\ B5+ E5+ E6/ E2+ F5\ A0\ @2/ B0\ @1+ RESIGN
Trax_4535923 golfnutrof vs. dgb : @0+ B1+ A0/ B3\ C3+ D2\ C1+ E2+ @1/ B0/ C0\ B0/ E2+ A0\ @3+ C0/ D1/ G1+ D0/ H4\ G5+ H6+
Trax_4535924 dgb vs. golfnutrof : @0+ A0\ A3/ @1\ B0\ @4+ C5/ C0\ D1+ D5+ B7+ A8\ A2\ @4+ A8+
Trax_4536848 DINGEROO vs. Dragon101 : @0/ A0/ @1+ C2+ B0/ B0/ A0\ @3/ @4/ A5/ C6\ A2\ B1\
Trax_4537233 DavidJ vs. Authority : @0/ A0/ @2/ A0+ @3/ A4/ @1+ @2+ @4+ A5/ A6+ @4+ G0/ H3/ H6+ I3+ E7\ C8+ C2\ E1/ E0/ B3\ A5+ E0/ E0+ A2+ D0/ @5/ B7\ A7+
Trax_4537364 jaha vs. ypercube : @0/ @1/ A0/ @1/ B0+ @2/ A3/ D1/ D0\ E4/ E5+ F2/ F1/ E0/ G3+ G1\ B2/ H1/ H0/ @3+ B2\ B1\ A1\ @3/ E1+ E0/ H0+
Trax_4544304 davidmilne vs. supermac : @0/ B1/ A0+ A3/ @3/ B0/ B0/ A2+ A0+ @6+ A7/ B7+ C0\ D2+ A9/ @9+ A10/ B10+ @8/ G8+ E9+ D11/ H8/ G5+ I7\ H9+ @7\ C6+ K5/ K4/ A10/ A11/ @8/
Trax_4545818 JiffyJeff vs. jazzbeth : @0/ @1/ A2+ C2/ A3+ C1/ D2/ B3+ A4+ A0+ @1\ E5\ F3+ C6/ A4\ @1\ B0\ D1+ D0\ B1\ A2\ H6/ F3+ E1+ E0/ A1\ RESIGN
Trax_4547412 Carroll vs. Dragon101 : @0+ A0/ A3\ B1/ C1+ A0+ A0/ @2\ B0/ D3/ @1\ C0/ A5/ @2+ B6\
Trax_4548900 Scheherizade vs. ypercube : @0+ @1+ A0/ B3\ A3+ A0/ A5\ C2\ @3/ @3/ B2+ D0\ D6+ F3\ B0\ A3+ E1+ G3+
Trax_4550080 GringoNZ vs. Traxplayer : @0/ @1/
Trax_4551167 Rogue Trooper vs. JiffyJeff : @0+ @1\ A0/ B3/ C2\ B1/ @2\ C4+ C0/ A5+ @5/ @5+ D6/ D7+ G4+ G1+ D0/ G1+
Trax_4551377 Traxplayer vs. jazzbeth : @0/ @1/ @1/ C0/ C0+ B0+ @3+ @2/ B0+ @3/ G3/ F2/ F1/ C0/ G3+
Trax_4555062 Rogue Trooper vs. Zugzwang : @0+
Trax_4555268 Riika vs. Traxplayer : @0+ B1+ A0/ A3/ B0+ C2\ A5/ @3+ A2+ E3+ E2+ F1\ A1\ @4+ D0+ G1+ E0+ D0/ D0/ D0/ A7/ @7\ C4\ B4\ A4\ I7\ I8\ J8\ I9\ K7/ I6+ D3+ E10\ K9+
Trax_4560827 Miss Traven vs. Christine : @0/ B1\ A2/ B2+ A3\ A4\ @2\ A1+ B0\ C4\ A1+ @1\ A0\ A0+ D7\ E6\ F6\ A0+ @3/ B0+ A5+ A6/ C8/ B0+ @7/ B9/ C10/ E11\ H10+ H11\ A9/ C0+ A11\
Trax_4561618 Thud vs. Rogue Trooper : @0/ A0/ B1/ A3/ C2+ D1\ E2/ A0\ @4+ G2\ B0+ B6/ F5/ F6+ D1/ D0/ @4\ A3\ C1+ A2\ @4/ D8/ G3+
Trax_4563519 Rogue Trooper vs. lhh61 : @0+ A2/ @2\ A1\ C2/ D1\ B0+ @3/ C4/ D5+ D6/ D7/ F4+ @2\ A1\ A0\ A0+ @2+ A6/ @6/ D7+
Trax_4569806 Dragon101 vs. Sassy Lassie : @0/ B1/ B0/ A3+ C1\ B0/ @3+ D3\ @3+ E4\ D5+ F3+ @3/ A4/ @4/ A5/ D0+ C1\ H1/ C7+ I2/
Trax_4576314 supermac vs. Charlo : @0/ @1/ B2+ C2\ D1/ D0/ @2/ @2/ D1+ @1+ C0/ @2/ B0\ A1\ @3/ D0+ F3+ A6+ E7+ @4+ A5/ A1\ @4\ C0/
Trax_4576315 Charlo vs. supermac : @0/ B1/ B2\ C1/ D1/ C2+ E1/ E0/ E4\ F4\ A4/ @4/ D5+
Trax_4576316 supermac vs. Riika : @0/ @1/ A2/ C2+ C3\ C4+ D4\ @4/ A5/ A1\ @1\ B0/
Trax_4576317 Riika vs. supermac : @0/ B1\ A2/ @2/ B0/ C3+ C4\ D4\ A5+ D1/ E4\ C0/
Trax_4576318 supermac vs. dgb : @0/ A0/ @1+ @1\ C0/ @2\ D0/ E4+ B4+ @3+ B0\ A3+ G5/ D0+ F1+ E7+ D0\ A1\ @3+
Trax_4576319 dgb vs. supermac : @0/ A2/ A0+ B2+ C2\ A4+ @2+ C1/ @3/ A4/ @4/ A5/ A2\ E0+ @4\
Trax_4576320 Charlo vs. Riika : @0/ @1/ C1/ D1/ C0+ A3/ A4+ @4/ @4/ B2+ A1+ A0\ @2+ B0\ B4/
Trax_4576321 Riika vs. Charlo : @0/ A0/ A0/ @3/ A0+ @4+ @3+ B5\ E2/ F2/ D0\ A6/ B7+ @4/
Trax_4576322 Charlo vs. dgb : @0/ A0/ @2+ B0+ B0\ @1+ @1/ B0+ C6\ E6+ A5/ @6\ D7\ E8+
Trax_4576323 dgb vs. Charlo : @0+ A2/ A0\ @3/ A4/ @4/ A5/ @5/ A6/ @6/ D7+ F3+ @4+ G1/ C8+
Trax_4576324 Riika vs. dgb : @0/ @1+ A0+ @2/ A3/ A4+ D2/ B0+ A6\ B7/ C5+ @7/ A8/ E4+ A4+ @8/ @7+
Trax_4576325 dgb vs. Riika : @0+ B1+ C1\ C2\ B3\ B0\ A0/ C2+ @2\ @2\ F3+ G2\ F1+ C0/ E0+ H3+ G1+ I3\ H5+ D0/ D0/ D0/ B5+ B4\ H5/ J6\ I4+ A4+ C3+ C0+ B1\ A2+ I10/ H11+ F4+
Trax_4576326 ypercube vs. GringoNZ : @0+
Trax_4576327 GringoNZ vs. ypercube :
Trax_4576328 ypercube vs. jazzbeth : @0+ A0+ A0+ A4/ A0\ B4/ @3\ @2\ B0/ B5+ D1/ B0/ E4+
Trax_4576329 jazzbeth vs. ypercube : @0/ @1/ B2/ C1/ D2/ @1/ A2/ D0/ E1/ B0+ @1+ @2+ H3+ D5+ I5\ I6\ B5+ B0\ A1\ F1+ F0\ D8+
Trax_4576330 ypercube vs. Big Giant Head : @0+ @1/ C1+ C0/ C3\ D1/ D0/ E1/ B4+ D5/ F4+ B2\ A1/ B0\ D7/ A6+ @1+ C0/ H6+
Trax_4576331 Big Giant Head vs. ypercube : @0/ A0/ B2/ A3/ B1/ @3/ A0\ @2/ A1+ A3+ B0/ B0/ C7\ A1\ @2\ B0/
Trax_4576332 GringoNZ vs. jazzbeth :
Trax_4576333 jazzbeth vs. GringoNZ : @0/
Trax_4576334 GringoNZ vs. Big Giant Head :
Trax_4576335 Big Giant Head vs. GringoNZ : @0/
Trax_4576336 jazzbeth vs. Big Giant Head : @0/ @1+ A2/ A0\ @2\ @2\ A1\ B0\ @3+ C5\ A1\ @3\ C0/
Trax_4576337 Big Giant Head vs. jazzbeth : @0+ A2+ @2/ B3\ A1\ @2/ C0/ C0/ D4+ D2+
Trax_4576338 Goonerg vs. AndrewB : @0/ B1\ A2/ A0/ @1/ C0/ D1/ C0/ A2\ @3/ D5\ D6\ E5+ F6\ F2\
Trax_4576339 AndrewB vs. Goonerg : @0+ @1/ @1\ B0/ B3/ @3\ B4\ C5/ C0/ A7/ @7/ E7\ C8/ F7/
Trax_4576340 Goonerg vs. Authority : @0/ @1/ B2/ C1/ D1/ D3/ E1+ E0+ C1+ C4+ F4\ F5\ E0/ E0+ C2+ D7/ D8/ B8/ C9/
Trax_4576341 Authority vs. Goonerg : @0/ @1/ A0/ B3\ C3\ @2/ B0+ C1\ C5+ @1+ C6+ A6+ @5/ B7+ A1/ C0/
Trax_4576342 Goonerg vs. Traxplayer : @0/ @1/ A0+ A3\ @1\ @1\ C0/ A4/ C5/
Trax_4576343 Traxplayer vs. Goonerg : @0/ A0/ @2+ B3\ C1+ B0/ @2+ C5+ D5\ E3/ F2\ G3/ H5+ E6+ F1+ E0/ H2/ I4/
Trax_4576344 AndrewB vs. Authority : @0+ @1+ A2\ B0/ A4\ C2\ @2\ E1/ E0/ E5\ F3/ E6/
Trax_4576345 Authority vs. AndrewB : @0/ A2\ B1/ @1/ @1/ A3\ @2\ @1\ D0+ G2/ D4+
Trax_4576346 AndrewB vs. Traxplayer : @0+ B1+ A2\ A0\ A4\ A0/ B1/ B0/ A7/ C2+
Trax_4576347 Traxplayer vs. AndrewB : @0/ B1\ A2/ B0\ @2+ C0/ D2\ A5\ A1\ C0/ @2/
Trax_4576348 Authority vs. Traxplayer : @0/ @1/ A0/ @2+ @2/ @2/ D0+ A4+ B5+ D4+ B6+ F3+ E5+ E2+ D0+ RESIGN
Trax_4576349 Traxplayer vs. Authority : @0/ @1/ @1/ A0/ @2/ A3/ @2+ B4+ E1/ E0+ E6+ F3+ G2\ H2\ @4\ @3/ I4+ H7+ @4\ L3+ K5+ L6+ H0/ C3+ @4+ I0+ C7/ A6+ @6/ A7/ A8+ C9+ @7/
Trax_4581221 jazzbeth vs. JiffyJeff : @0/ B1/ B0+ C2/ @2/ C3\ C4+ D4\ E2/ @2/ F5/ G4\ A5+ RESIGN
Trax_4581357 GringoNZ vs. Traxplayer :
Trax_4582154 ypercube vs. REBEL DJ : @0+ B1+ B2+ @1+ C0+ @2+ A1+ E2+ C3/ @2+ D1\
Trax_4584777 Riika vs. Goonerg : @0/ @1/ @1/ @1/ E1+ C2+ F2/ F3+ @2\ C0+ C0/ B5+ B6\ A1\ F1/ B0/
Trax_4586714 Carroll vs. Thud : @0+ B1+ B0+ C2+ C3+ D2+ E2\
Trax_4591079 Lorraine of the Renegades vs. Rogue Trooper : @0/ A0/ B2/ B1/ C2\ A3/ C0/ D3+ B1+ @4+ E4+ D5\ C6+ D0+ A1/ E2/ F3\ @5+ @5/ F8/ C0\ B4+ E1\ A2\ C7/ @4+
Trax_4594094 Traxplayer vs. dgb : @0/ A0/ @2/ @1+ C0/ @3\ @3\ B1+ F2+ C4+ B5+ B6\ E0+ G2\ H2\ G4+ B0\ A1\ @4+ E0/ F1/ G1+ E0+ G8+
Trax_4594210 Zugzwang vs. PuggieLover :
Trax_4597077 Charlo vs. Carroll : @0/ B1+ C1/ D1+ B0+ B0/ B0/ @4/ D5/ E1\ B3+ F4+ F3+ G4\ F1+ D0\ D0+ G4/ H5+ I5\ H6\ I6+ I7\ D0+ G2/ F8+
Trax_4597135 ypercube vs. Traxplayer : @0+ B1+ A2+ @1+ C0/ D1/ D0/ E1/ B1\ E0+ B6/ A6/ A7/ @4+ C1+ E0/ D7+
Trax_4600284 GringoNZ vs. jazzbeth :
Trax_4606406 PuggieLover vs. JiffyJeff : @0/ B1/ C1\ C2\ @1\ A0\ C3+ C1+ B0+ C1+ A1\ C0+ B6\ A6/
Trax_4608642 Traxplayer vs. jazzbeth : @0/ @1/ @1/ A0/ @2/ C3\ @1\ C0+ C5+ @2+ B4/ F4+ @3\ B1/ B0/ @3/ G7\ H7\ I5/ G3+ G2/ F1+ F0/ H2+ I1\ J6/ I8\ J7+ K6+ F8/ H9+ F0/ K4+ D9+ J1+ G0+ H0+ C10/ K1/ I0+ L3\ L7/ L4/
Trax_4609388 ypercube vs. Hoosierenvy : @0/ A2/ A3/ B1+ B0\ @4/ D2/ E2/ F2/ @3+ G0/ H3/ A1+ D0+ @3+
Trax_4609393 ypercube vs. Jay RAA : @0/ B1\ B2\ A0/ A0/ A0/ C3+ @2\ E5\ D6/ E1/ E0/ F4+
Trax_4611787 Nukkle Dragger vs. Dragon101 : @0+ A0/ B2+ B3\ A3+ C2+ @2\ @2\ B3+ B4\ C0+ @2/ B5+ @2+ G2+ A3+ F1+
Trax_4618601 Rogue Trooper vs. Charlo : @0+ A2/ @2\ B0/ A1+ C2+ @1/ @1/ @1/ @1/ C0+ A4+ E5/
Trax_4618751 Authority vs. Dragon101 : @0/ A0/ B2/ B3/ C3/ D3/ D4/ E4/ E5/ F4+ E6/ E7+ D7/ G7+ E3/ C7\ D5+
Trax_4628829 lhh61 vs. Rogue Trooper : @0/ A0/ B2/ B1+ @1/ B3/ D3+ B4/ A4/ D5+ C6+ @4/ F5\ F6\ F7+ G5+ F3+ F8/ H5\ C7+
Trax_4629009 Riika vs. jazzbeth : @0/ @1/ C1/ B0\ @2/ B3+ E2/ @2/ C4/ B1\ E0+ F5+ C6/ G4+
Trax_4629213 jaha vs. Traxplayer : @0/ @1/ A0/ @1/ B0+ @2/ A3/ @3/ D0+ A1+ @4+ F1/ F0/ C6+ RESIGN
Trax_4630038 rabbitoid vs. Goonerg : @0/ B1/ A2+ C2\ B3/ B0/ @2+ E3+ E4\ C5/ @1/ D0/ B4/ G1+ G0/ G7/ H3+ E8+
Trax_4632187 CHESSCATJAY vs. Rogue Trooper : @0/ A0/ @1/ A0/ C3/ C2+ A0/ A4+ B2+ @1+ D1/ D0/ D0/ E1/ C1\ E0/ B1+ E0/ F4+ G2+
Trax_4632194 DINGEROO vs. DavidJ : @0/ @1/ B2+ B3\ C3\ A0+ D2/ D1/ B0\ E3+ B6/ A6/ @6/ G5+ G6\ G7+ H7\ B7+ D8/ G3+ A2\ H3+
Trax_4632410 balmoral vs. Riika : @0+ @1+ B2/ A0\ @1\ @1\ B3+ D1/ B0+ E2+ E1/ E0/ F4\ F5\ F6\ F1+ G3/ E0/
Trax_4632505 Authority vs. Thud : @0/ B1+ C1/ D1/ C2/ D0/ A4/ @3\ E4\ RESIGN
Trax_4632540 ypercube vs. Charlo : @0/ @1/ C1/ C2/ D1/ A0+ A3/ @3/ A4/ @1+ @2+ @3+ C0\ B1\ B0\ A1\ A0\ @1\ G3+ @2+ C0\
Trax_4637510 leewisdomjr vs. DavidJ : @0+ @1+ B2/ A0\ @1+ @1/ B3+ C4\ @3/ A4/ C5\ F3+ B6+ @6/ B7\ H3+ @5+ B4+
Trax_4637635 davidmilne vs. Carroll : @0/ B1+ C1+ D1/ A0\ @1\ D1+ C0+ @1/ D4/ D5/ D0/ E1/ G2+ H3/ D0\ RESIGN
Trax_4637903 dgb vs. Authority : @0/ @1/ @1/ @1/ B2+ A0+ @1\ @1\ B0/ F1+ A0\ @2/ E1/ C0+ E1/ B0/ H7\ F8/ H4/ H3/ I5\
Trax_4637904 Authority vs. dgb : @0/ @1/ A0/ @2+ C3/ B0\ B0+ D4/ D3/ C0+ A6+ E6\ E7\ F7\ @5/ B2\ A2\ @3+ @3/ E7/ J5+ H8+ E8/ G7+
Trax_4637905 dgb vs. Traxplayer : @0/ @1/ @1/ C0+ B0+ @3/ D4+ @3+ C5+ D6/ D7/ B6+ A0\ RESIGN
Trax_4637906 Traxplayer vs. dgb : @0/ A0/ @2+ B0+ @2/ D2\ B4/ E2/ D1+ D0/ E1/ E0/ RESIGN
Trax_4637907 dgb vs. ypercube : @0+ @1+ B0+ A1+ B3+ C3\ C4\ D4+ @1\ D1/ F2+ B0+ D1/ @1/ B0+ H4\ I4\ G1/ H1/ F7/ G0+ G0\ I2/ I1/ F0/ J3\ J4\ J7\ K3+ G0\ E5+ F0/ D2+ I0+ J2/ L5\ H12+ I13+ G14+ E14+ K11/ L13/ C14+ C5+ K4+ L2\ B13+ @8+ C14+
Trax_4637908 ypercube vs. dgb : @0/ A0+ A3+ B1+ A4/ @4/ @4+ C0/ B3+ @4\ @4\ F3+ C6/ D6+ F5+ E7/ RESIGN
Trax_4637909 Authority vs. Traxplayer : @0/ @1/ B0+ @2+ B3/ B0\ @2/ @3\ @2/ G3+ H4+ D1+ @2+ F5+ J4+ D0+ D0+ D6+ A1+ @4\ @3+ @2+ D6+ G7/ H8+ H9/ H10/ I9+ H11+ J9\ F8+ C7+ J12+ K9\ J13/ J14/ J15/ H12+ L12+ K14+ G15+ J16/ F13\ E10/ G12\
Trax_4637910 Traxplayer vs. Authority : @0/ @1/ B0/ A0+ @3/ A4/ @1+ @2+ @3+ @3\ E0+ C6+ A5+ G6+ RESIGN
Trax_4637911 Authority vs. ypercube : @0/ A0/ @1/ B0/ C3/ B4/ A4/ A5/ @5/ D6+ E3+ C7+ @5/ B0+ @1+ C9+ A9+ @9\ B10+ @7\ A6+ @8/ A9/ A10/ I1+ D0\ D0\ C1\ B1+ E0+ F1+ F0/ B8+
Trax_4637912 ypercube vs. Authority : @0/ @1/ B2/ C2/ C3/ D3/ C1/ D1/ E3+ C4/ C5+ B5/ F1/ D0/ F6\ D7/ G4+
Trax_4637913 Traxplayer vs. ypercube : @0/ @1/ B0+ @1/ A0/ @1/ C4/ D1/ E4\ E5\ E1/ F1+ D0+ B5/ C0/ F6+ G5\ H5\ I5\ I4+ F8/ H2/ RESIGN
Trax_4637914 ypercube vs. Traxplayer : @0/ @1/ C1/ D1/ C2/ B0\ B0+ E3+ F3/ B4/ B5/ A4/ F5\ F6/
Trax_4639051 supermac vs. Charlo : @0/ @1/ A0+ A3\ B3+ @2+ D2/ C0+ C0/ E1+ F2/ E0+ E0\ C2+ B3+ A2/ @3\ G2/ H2/ I2/ H5\ I6/ G0+
Trax_4639128 Authority vs. Traxplayer : @0/ @1/ A0/ @2/ C3/ D2/ D1/ E1/ B3/ B4+ B5/ B6+ E0/ A6+ @4\ D0\ A1+ @4+ E0+
Trax_4640386 Sassy Lassie vs. Authority : @0+ @1+ A2+ @1+ C2+ D1+ @1/ A2/ @2/ A3/ @3/ A4/ F4\ C5+ G4\ @4+
Trax_4644269 golfnutrof vs. GringoNZ : @0+
Trax_4650046 CHESSCATJAY vs. Dragon101 : @0/ A0/ B2/ B1/ C2\ A3+ D1/ B0/ A5/ E2+ E4/ F2+ C0\ G3+ F5\ @6+
Trax_4650214 Rogue Trooper vs. Nukkle Dragger : @0+ A0+ A0+ @2/ C3\ B4/ @2/ A1+ A5/ @5/ E5\ D0+ F6/
Trax_4650417 Riika vs. Authority : @0/ @1/ C1+ A2/ A3/ D3+ D4\ @3+ E5\ F2\ A5/ C6+ C7/ C8/ A7+ F1/ G3/ @4+
Trax_4654310 Judy vs. DavidJ : @0/ A2/ B2\ A3/ @3+ A4/ A5\ B5\ C5\ D5+ C6/ E1/ E0/ F3+ G3/ G4+ C1\ @4\
Trax_4654346 Rogue Trooper vs. Goonerg : @0+ @1/ A2/
Trax_4655670 GringoNZ vs. rabbitoid :
Trax_4656048 Zugzwang vs. PuggieLover :
Trax_4657441 Rogue Trooper vs. JiffyJeff : @0+ B1/ B0/ B3/ B0/ C3\ B5/ B6/ D3+ C4\
Trax_4659144 jazzbeth vs. golfnutrof : @0/ @1/ B2/ B3/ C3/ C4/ C5/ @1\ C0+ @2\ @2\ F2+ G5\ G2+ H2/ F7/ D3+ G1\ C3/ D5+ G6+ C6/ A3/ E8+
Trax_4659252 jaha vs. Authority : @0/ @1/ A0/ @1/ B0/ C1/ C4/ D4/ C5/ D2/ E3+ C6/ B6/ A6+ C7+ C8/ E1/ F3/ C0/ @3+ @1\ E0/ A6+ @5/ F0/ J6\ I7+ I11+ E12\ J10+
Trax_4659263 ypercube vs. jazzbeth : @0/ @1/ C1/ C2/ D1\ B2+ @2\ C0+ C4\ B4+ @3\ B0+ B0/ D1+ @6/ B7+ A3+ @3/ B1\ A1\ D0\
Trax_4659339 Riika vs. Charlo : @0/ @1/ C1/ C2/ D1/ D3/ E1/ E4/ E5/ F3+ D5/ G1/ E0/ G6\ E7+ H4+
Trax_4663060 Nukkle Dragger vs. GringoNZ : @0+
Trax_4665581 Rogue Trooper vs. Dragon101 : @0+ A0/ B1\ B2\ @1/ @1/ E2\ B3\ D4+ F3/ E0+ B5+ @3\ @2/ B1+ @2/ F0/
Trax_4665617 Traxplayer vs. JiffyJeff : @0/ B1/ @1/ A2\ B0+ D2/ A0/ D1/ RESIGN
Trax_4669572 rabbitoid vs. davidmilne : @0/ @1/ C1+ C0/ B1+ C0/ C0+ C0\ A1+ @5+ C6\ A2\ @5\ B0/ A1+ RESIGN
Trax_4669613 jazzbeth vs. das ist Walter : @0/ @1/ B2/ A2/ @1/ D1/ E2/ D0\ A1+ A3/ @2/ A3/ F1\ G2/ F4+ F0/ B6+ @5/ E7\ E8/ D8/
Trax_4669924 golfnutrof vs. Carroll : @0+ B1+ A0/ A3+ @2/ B4+ B0/ A2+ @2\ C0/ @3\ B5+ F3\ A6\ @3\ @5+ E0+ E0/ E0/ A3+ @7/ C2+
Trax_4671441 DavidJ vs. JiffyJeff : @0/ B1/ B0/ @2\ C3\ D2/ A1+ A0\ A0+ @1\ E1/ D0\ F4\ A3/ @2\ C1/ B4/ E7\ F7\ B0+ D1+ B0/ G3/ H2\ E1+ C0\ B0/ H8+ I4\ J4/ I2+ J2/ J1/ K3\ G1+ J0/ F1\
Trax_4671553 Dragon101 vs. Judy : @0/ A2\ B1/ B0+ A0/ @2+ @2/ B0\ A1\ @3/ B5+ C6/ C0+ @2\ A1\ C0/ F2/ @4+ H4/
Trax_4673064 Traxplayer vs. lhh61 : @0/ @1/ @1/ A0/ @2/ A0/ B4+ D2/ B5/
Trax_4674427 JiffyJeff vs. Dragon101 : @0/ A0/ @2/ @1/ D2/ E2/ @1/ E1/ G2/ C0+ B3+
Trax_4676867 Goonerg vs. Nukkle Dragger : @0/ B1\ A2/ B2+ @2\ C3/ D1/ B0/ A4/ @4/ D5/ E4\ F4\ F5\ F6\ G4+
Trax_4682134 leewisdomjr vs. DavidJ : @0+ B1+ B2/ A0\ B1+ C2+ A0+ @1\ A2+ E3+ @1+ A0\ A0+ B1+ A0\ @4+ A5+ @4+
Trax_4682135 Thud vs. GringoNZ : @0+
Trax_4682455 Rogue Trooper vs. jaha : @0+ A0/ B1/ B0\ B0\ C3+ B5+ A1+ @3/ @4\ C5+ D6/ E2+ E0+ D0/ A4\ @4/
Trax_4682479 Rogue Trooper vs. jazzbeth : @0+ A0+ A3+ A4/ @4/ A1+ B0+ C3/ @4+ C0\ B1\ @5/ C7+ D8/ E8+
Trax_4682690 Traxplayer vs. ypercube : @0/ @1/ @1/ @1/ B0/ A3/ @3/ D1/ B4/ B0+ @2\ C0\ @3\ A2\ C0/ @3+ C2+ H3/ H2/ C7+
Trax_4682717 ypercube vs. GringoNZ : @0+
Trax_4685706 PuggieLover vs. jazzbeth : @0/ @1/ A2/ B3/ @2/ @1/ C0+ B0+ @2/ D5+ F3/ D1/
Trax_4687060 DavidJ vs. CHESSCATJAY : @0/ A0/ @2/ A0+ @1\ B0/ A0\ @1\ A3+ A0+ @1\ E1/ F3/
Trax_4691602 jazzbeth vs. Rogue Trooper : @0/ A0/ B2/ B1/ @1/ C0+ D1/ C4+ D3\ E3\ E4\ B5\ B0/ D0\ F5+ G6/ D8+ E1/ E0/ G3+ H7/ F9+ E10+ D10/ D11/ B11+ A7+ D1+
Trax_4691751 Carroll vs. jaha : @0+ A0/ A3\ B2/ B4/ C3+ D3\ C5+ B6\ C7/ C8/ A5+ @3\ E7+ F6\ B9/ A7+ @4+ E9+ H7/ E1\ G3+ G5+ C0\ G9+
Trax_4694606 Kriistina Jean vs. Rogue Trooper : @0+ B1+ B2/ B0/ C1/ @2+ C0+ A2/ B1\ @3+ C0+ F3+ D0/ E1/ F1/ F6\ E7/
Trax_4694606 Sutik Ansalewit vs. Rogue Trooper : @0+ B1+ B2/ B0/ C1/ @2+ C0+ A2/ B1\ @3+ C0+ F3+ D0/ E1/ F1/ F6\ E7/
Trax_4694607 Rogue Trooper vs. Kriistina Jean : @0+ @1+ B2/ B0/ C1/ D1+ C3+ C4+ E1\ D4\ D0+ C6/ A5+ @4\ B7+ A7/ @7+ D8+ E8+ D9/ D1+ C1\ A2+ C0/ B1+ C9+ F9\ G6\ H7/ A5/ @5/ E1+ A1\ C0\ @3/ G11\ A4\
Trax_4694607 Rogue Trooper vs. Sutik Ansalewit : @0+ @1+ B2/ B0/ C1/ D1+ C3+ C4+ E1\ D4\ D0+ C6/ A5+ @4\ B7+ A7/ @7+ D8+ E8+ D9/ D1+ C1\ A2+ C0/ B1+ C9+ F9\ G6\ H7/ A5/ @5/ E1+ A1\ C0\ @3/ G11\ A4\
Trax_4694608 Kriistina Jean vs. Goonerg : @0+ A2/ @1+ B0/ C1/ B4\ C4\ D4\ D5\ E2+ D0\ A6/ @5\
Trax_4694608 Sutik Ansalewit vs. Goonerg : @0+ A2/ @1+ B0/ C1/ B4\ C4\ D4\ D5\ E2+ D0\ A6/ @5\
Trax_4694609 Goonerg vs. Kriistina Jean : @0/ B1\ A2/ @2/ B0/ B4+ C4\ C5\ D5\ D6\ E6\ E7\ F7\ F8\ G6/ H6+ H5+
Trax_4694609 Goonerg vs. Sutik Ansalewit : @0/ B1\ A2/ @2/ B0/ B4+ C4\ C5\ D5\ D6\ E6\ E7\ F7\ F8\ G6/ H6+ H5+
Trax_4694610 Kriistina Jean vs. ypercube : @0+ @1+ A2\ A0\ @1\ @1+ C0+ D2/ E2/ E1/ C0\ A5/ @3/ C6\
Trax_4694610 Sutik Ansalewit vs. ypercube : @0+ @1+ A2\ A0\ @1\ @1+ C0+ D2/ E2/ E1/ C0\ A5/ @3/ C6\
Trax_4694611 ypercube vs. Kriistina Jean : @0+ @1+ B2+ C1\ @1\ A0\ D4\ E3/ F3/ @2+ A3/ @3/ D4+ E5+ B5/ B6+ A6/ @3/ A1\ @2+ D0\
Trax_4694611 ypercube vs. Sutik Ansalewit : @0+ @1+ B2+ C1\ @1\ A0\ D4\ E3/ F3/ @2+ A3/ @3/ D4+ E5+ B5/ B6+ A6/ @3/ A1\ @2+ D0\
Trax_4694612 JiffyJeff vs. Rogue Trooper : @0/ A0+ B2/ A0/ C2+ C3+ D2+ A4/ @1/ B0/ D0\ A1\ @1\ A2+ G4+ A0\ @3/ G3+ B5+
Trax_4694613 Rogue Trooper vs. JiffyJeff : @0+ @1/ A2/ A0/ @1+ B4\ B5\ @2+ E3/ E4+ B0+ A2\
Trax_4694614 JiffyJeff vs. Goonerg : @0/ B1/ C1/ D1/ B0\ D0\ B1+ B4+ A1\ @4\ D5+ @2+ D0/ D0/ B2+ D0+ A2+ B8/ A8/ @8/ A4/
Trax_4694615 Goonerg vs. JiffyJeff : @0/ @1/ A2/ A3/ @3\ A2\ B4/ D3+ B0+ A1\ @1+ B0/ F3/ F2/ F1/ @5+ H2+ H5\ F7+ I4\
Trax_4694616 JiffyJeff vs. ypercube : @0/ A0/ A3/ A4/ A0/
Trax_4694617 ypercube vs. JiffyJeff : @0+ @1/ C1/ C0+
Trax_4694618 Rogue Trooper vs. Goonerg : @0+ @1/ A0/ B3+ C1\ A0/ @4\ A5/ @3/ A0+ @5\ @3+
Trax_4694619 Goonerg vs. Rogue Trooper : @0/ A0/ B1/ A3/ C1/ @3/ A4/ D5\ E2+ A6+ E6/ F5\ @1\ F0\ A6+ G3\ G1/ H6/
Trax_4694620 Rogue Trooper vs. ypercube : @0+ @1+ B0/ B3/ C1/ D2/ C3+ B0\ A1\ A0\ @3/ @3/ B5+ A0\ @3+ F1+ G2+
Trax_4694621 ypercube vs. Rogue Trooper : @0+ B1+ B0/ C1/ C3\ D1+ C4\ E1+ B4/ C5\ A1+ A0\ @1\ D0+ A6/ B7/
Trax_4694622 Goonerg vs. ypercube : @0/ @1/ B2/ C2/ D2/ A2/ @2+ C3+ E1/ C4/ D4+
Trax_4694623 ypercube vs. Goonerg : @0+ A0/ A3\ B1/ B0/ C1/ @4\ C5/ E4+ A2+
Trax_4698168 Goonerg vs. DINGEROO : @0/ B1\ A2/ B2+ C1/ B0\ B4\ @4/ C5\ D1/ D4+
Trax_4698289 Dragon101 vs. Rogue Trooper : @0/ A0+ A3/ @3/ @3/ @1\ C0+ E2+ E3+ F2+ A1\ B0/ @3+ E6+ G5\ A6/ E7/ @5/
Trax_4700200 DavidJ vs. Riika : @0/ B1+ A2\ @2\ B0+ @2/ A4/ @4/ B0+ A1\ @5/ F5\ E6\
Trax_4701877 Thud vs. davidmilne : @0+ @1+ C1/ B0+ B3+ C0\ B0/ D3\ C5+ C6\ E3\ A2+ @3\ F0+ RESIGN
Trax_4701899 ypercube vs. dgb : @0/ A0/ B2/ A3+ @1/ D2\ E2\ A2/ A4\ B5/ A6\ @3\ @6\ G3\ RESIGN
Trax_4701964 DINGEROO vs. GringoNZ : @0/
Trax_4701972 Authority vs. Goonerg : @0/ A0/ B2/ @1\ A0\ B4/ C5/ B5/ @3+ C6/ @6+ D7/ A1\ @3+
Trax_4704967 JiffyJeff vs. jazzbeth : @0/ @1/ @1/ A0/ @1/ C1/ A2/ C0\ A1\ @2/ B4+ C5/ A3/ @3/ A5\ B1+ @1+ @1/ B0+ H2/ F1+ D0/ B1+ C0+ E1+
Trax_4705112 Dragon101 vs. lhh61 : @0/ @1/ A2+ C2/ D2/ D3/ E2/ E4/ @2/ B0\ A1\ @1\ A0\ @1\ F1/ F0/ F6+
Trax_4706168 Riika vs. CHESSCATJAY : @0/ A0/ A3/ B2+ A0/ @2+ C5/ D5/ D3+ @2/ C0/ E1/ E0/ F4+
Trax_4706330 Rogue Trooper vs. golfnutrof : @0+ @1+ @1/ A2/ C0/ D1/ D3+ E3\ F3+ F0/ G4/ C1\ D0/
Trax_4710081 GringoNZ vs. Traxplayer :
Trax_4710098 lhh61 vs. Riika : @0/ @1/ C1/ D1/ C0+ D3+ E1\ D0\ D5\ D0\ @3\ A2\ C6+ D7/ A6/ A7/ @5\
Trax_4711788 dgb vs. Authority : @0+ A0/ @2\ B3/ B0\ C3+ B5/ @2/ @4+ @3/ @4\ @3/ D2+ @3+ E6/ D5+ E7/ H7/ E1+ F8+ I4+ G0+ I9\ I1/ I10/
Trax_4711789 Authority vs. dgb : @0/ A0/ B2/ A3+ @1/ D2\ E2\ A3\ B4/ @3\ B0+ D2/ E1+ @5/ A6/ @4\ B3+ A1\ C0/ H5\
Trax_4711818 Rogue Trooper vs. rabbitoid : @0+ A0/ B1\ A3/ @3+ @2/ B1+ B0\ C0/ D1/ E1/ C0+ @4+ @4/ H4\ G5/ D7/ E7+ B7/ D8/ A6+ @6/ @5\ A4\ A3\ D2+ A2\ B1\ @3+
Trax_4717109 ypercube vs. dgb : @0/ A0/ B2/ A3+ B4+ @2\ @2\ @2\ E5+ F5\ D5/ D6/ G6/ F4+ E7/ G2/ C6/ F1/
Trax_4718248 CHESSCATJAY vs. davidmilne : @0/ @1/ A0/ @2+ C3/ A3\ @3\ @2/ B1+ C0+ E5\ F4/ B0/ A2+ @4/ @3+ B1+ E0\ B7/ RESIGN
Trax_4718495 balmoral vs. Riika : @0+ B1+ A2\ A0+ A0/ B1/ C1+ C0/ B1+ D3/ @4/ E5\ F4\
Trax_4719117 JiffyJeff vs. klaashaas : @0/ @1/ C1/ C2/ D1/ B0\ B3/ C4+ E4+ F3\ D5\ F1/ RESIGN
Trax_4720325 jazzbeth vs. Thud : @0/ B1+ C1/ C0/ A3\ @3\ B1+ B4/ C4/ C0+ E2+ D5+ E1+ @2/ C0/ C0/ G4+ C8/ E2+ B8+ B1+
Trax_4720613 Loretta vs. klaashaas : @0/ @1/ B0\ A1\ A3\ @1/
Trax_4720716 nadia maria vs. klaashaas : @0+ B1/ @1+ C2/ A2+ A0/ @1+ B4/ A2+ B5/ @1+ B4+
Trax_4721980 JiffyJeff vs. Dragon101 : @0/ A0/ A0/ A0/ A0/ @3+ C1/ @1\ RESIGN
Trax_4723145 JiffyJeff vs. klaashaas : @0/ @1/ B0+ A0/ C3/ D2\ E3/ F2+ @1+ G3+ B0/ D5+ E2+ B0/ E2+ B0/ @2+ A5+ C8\ C9\ B7+ A9\ D9\ C10+ @5\ @3\ A2\ K5\ J3/ K3/ L5\ L7/ H2+ E0+ F1/ F0/ G1/ C1\ B1/
Trax_4725250 Traxplayer vs. Charlo : @0/ @1/ B0+ @1/ A0/ @1/ A0/ @1/ B0/ C1/ D1+ E6+ F2/ F1/ C0+ E1+ B0+ @4/ A5/ D8/ F9/ @1\ C0/ D7+
Trax_4725328 JiffyJeff vs. klaashaas : @0/ A0/ A0/ @2+ C3+ D1\ B0+ B0\ E3\ @4\ @2+ E1/ RESIGN
Trax_4726043 touchpoint vs. klaashaas : @0/ @1/ A2+ B3/ @2\ @1/ B3+ B4/ D0/ E3\ D5+ E5/ @2+ A4/ @3\ H1/ H0/ I2+ G1+ I5\ J2\ F7\
Trax_4730887 Miss Traven vs. Christine : @0+ @1+ A2/ C1+ @2\ E1+ A1+ A0\ @1\ @1+ B0/ @2+
Trax_4731061 JiffyJeff vs. GringoNZ : @0/
Trax_4731183 klaashaas vs. andy99 : @0/ B1/ B0+ A3+ A0/ @2+ @2\ C5+ @1\ A0+ D1/ F2/ B0+
Trax_4732976 Rogue Trooper vs. Traxplayer : @0+ B1+ A0/ A3/ @3/ @3+ B1+ C0+ B0/ A2+ @1/ C0/ @1+ D0+ F3+ @1/ A0+ A0/ H4/ H3+ H2/ I4\ H6+ F10\ G10\ F11/ F3+ @1\ A0\ C1+ J4+ @2\ B4+ L4+ I2\ F0+ H4\
Trax_4733041 Riika vs. rabbitoid : @0/ @1+ @1\ A0\ @1\ D0+ C0+ @3\ @3\ @3\ @4+ D5+ C0+ E7+ I3/ E0+
Trax_4733476 Loretta vs. klaashaas : @0/ @1/ B0/ @1/ B3\ A2+ B4/ A4\
Trax_4733781 ypercube vs. klaashaas : @0/ A0/ B2/ B3/ C3/ D3/ A3/ D4+ D2/ E2/ E1/ F3\ D5\ E6/ G3+ G4+ H4\ G0\ F8\ G8\ C6+ G0/ H3+ I5+
Trax_4733782 klaashaas vs. ypercube : @0/ @1/ B2/ C1/ C3/ @1/ A2/ D0/ A4/ E2+ D5+ F1\ C0/ D7/ G2\ @7/ B8\ A1+ @5/
Trax_4734262 Authority vs. klaashaas : @0/ A0/ B2/ @2+ @2+ D3/ D4/ D5/ E3+ C5/ D1/ D0/ F3\ F6/ F0/ G1\
Trax_4735291 davidmilne vs. JiffyJeff : @0/ @1/ B0+ C1+ C2+ @2+ E1\ D0/ @2/ A1+ F0\ @3/ F5\ H3/ H1/ H0/ I4+ I5\ J5\ I6\ I7\ J7\ RESIGN
Trax_4736312 Nukkle Dragger vs. supermac : @0+ @1/ B2/ B3\ C2/ C3+ A2/ @3/ C4+ C0\ A1+ @2+ D6+ @3/ A4/ G3/ F1+ @4/ D5/ B2+
Trax_4736328 Charlo vs. leewisdomjr : @0/ B1\ A2/ B2+ @1+ B3+ B0+ B0/ B0/ D5+ A1\ @2\ B0/
Trax_4736337 golfnutrof vs. Carroll : @0+ B1+ A0/ B3+ C2\ D2\ E2\ B0/ C1/ C0+ A2+ C0+ A1\ @3\ C0+ @4\ G3/ H3/ A2+ D0/ C1+ A7/ @5\ D8+
Trax_4737560 ema vs. klaashaas : @0/ A2+ A0\ @2/ C3/ D3/ D4\ E4\ C5/ B5/ D6\ C1/ C0/ A7\ @4\ D8+
Trax_4740000 Miss Traven vs. Christine : @0+ B1+ B2\ @1+ D2/ @1+ E1+ E0/ F1/ G1+ @2\ I1+ A1\
Trax_4740438 ladyvic vs. klaashaas : @0/ B1/ @1\ B0/ C3\ D3\ B4/ A4/ @3/ C5+ @2\ C1\ B0/ @4+ C5/ A6\ G3+ C7+
Trax_4742323 Goonerg vs. jazzbeth : @0/ @1/ B0/ @1/ B0+ @2/ A3/ B0/ B0/ D2+ B0/ @2+ @4+ A7/ @7/ G7\ D8/
Trax_4742543 jaha vs. Authority : @0/ @1/ A0/ @1/ B0+ @2\ D1\ C0\ B0/ E3+ C6+ C7/ D2+ B5/ @4\ B2+ A2\ A0+ A0/ @3+ A7/ A8/ @6\ A3+ A5/
Trax_4742680 Rogue Trooper vs. Traxplayer : @0+ B1+ @1/ D1\ A2/ A3\ A4\ @2+ A4/ A5/ @3+ B6\ C5+ D5\ C6+
Trax_4747356 Rogue Trooper vs. Authority : @0+ @1+ @1/ A2/ B3+ A0/ @3/ C5/ @3/ B6+ F2+ G2\ E4+ F1/ F0/ @4+ A1\ B0+ @3\
Trax_4747404 JiffyJeff vs. jazzbeth : @0/ @1/ C1/ C2/ @1/ B2/ E2/ C3/ F3/ A0/ @1/ G5/ H5/ H6/ I6/ I7/ J7/ E5+ G3/ D1+ H3+ D0/ B4/ C5/ D7+ G7+ F2+ F8+ I4+ I6+ RESIGN
Trax_4747405 thebodywall vs. jaha : @0+ A0/ B1/ B0\ C3\ A4\ A1+ D3+ E3/ F2\ C1+ F4\ G4\ E5/ E6+ D5\
Trax_4747556 GringoNZ vs. PuggieLover :
Trax_4751479 Authority vs. Dragon101 : @0/ A0/ B2/ B1/ A0+ @3/ A4/ @1+ @2+ C5/ B0\ A1\ @1+ C0+ A7+ @6+ C8+
Trax_4752865 dgb vs. Rogue Trooper : @0/ A0/ A0/ B1+ B0\ @1+ A0\ @5+ E2\ F3/ D6\ E6\ C0/ F2/
Trax_4754253 Riika vs. game_77 : @0+ B1+ A0/ B3\ B4\ B0+ B6\ @3+ @3+ @3+ B4\ F6+ G6/
Trax_4754287 Lorraine of the Renegades vs. davidmilne : @0/ @1/ C1/ B2+ B3/
Trax_4754661 Riika vs. Zugzwang : @0/
Trax_4754988 JiffyJeff vs. Carroll : @0/ @1/ @1/ B0+ B0/ B0/ B0/ D4\ C6\ C7+ D7\ E7\ @6\ A8+ @8/ G8+ D9+ H8/
Trax_4754989 Carroll vs. JiffyJeff : @0+ @1/ B0+ A3+ @3/ B4\ D2/ D4/ B5+ E4\ C5+ C6/ E2/ F3/ C0/
Trax_4755799 Dragon101 vs. CHESSCATJAY : @0/ A0/ B1/ C2/ @2/ D3\ E3\ F3\ C4+ B0+ D6/ D1/ D0/ E4/
Trax_4756204 Rogue Trooper vs. Traxplayer : @0+ B1+ A0/ A3/ @3/ @3+ B1+ C0+ B0/ A2+ @2\ @3+ @2/ C0+ A2+ @4\ A1/ A0/ @4/ A0\ @1/
Trax_4757879 jazzbeth vs. angel heart : @0/ B1\ A2/ B2+ B3\ @2/ B0+ D4\ A5+ @5/ F5/ G5\ D6+
Trax_4757880 angel heart vs. jazzbeth : @0/ @1/ A2/ C2/ C1+ B3\ C0\ C4+ @1\ C0+ B6/ A6/ D6\ E5+
Trax_4757881 jazzbeth vs. ypercube : @0/ @1/ B2/ @1/ A2/ @1/ @1+ D0+ D0/ F2+ G2/ G0+ F0/ E7+ F7\ H2+ I3/ C8/ B7+ F8\ C9/ H6+
Trax_4757882 ypercube vs. jazzbeth : @0/ @1/ C1/ C2/ D1/ A2/ A0+ @3/ A4/ @1+ @2+ C5/ B0\ A1\ H6\ E7+ I4/ A7/ J6/ @6/
Trax_4757883 jazzbeth vs. AndrewB : @0/ B1\ A2/ B0\ @3+ C0/ D3\ C0\ B1/
Trax_4757884 AndrewB vs. jazzbeth : @0+ @1+ A0\ B3/ A4\ @2/ C5\ D3/
Trax_4757885 angel heart vs. ypercube : @0/ @1/ @1/ @1/ B0/ C1/ A0\ D1/ D0/ @3+ @3\ A2\ B1\ F0/
Trax_4757886 ypercube vs. angel heart : @0+ @1/ C1+ A2\ @2/ A3/ E1/ @2\ A1\ B0\ F3\ G2/ @3+
Trax_4757889 ypercube vs. AndrewB : @0/ B1\ B2\ B0\ @2/ C0/ D1/ C0/ D5+ E2/ @3\ A2\ A5/ @5/ A6+ B1/ C1+ H2\ H3+ @5\ B4+ A2\ A1\ @3+ C0+
Trax_4757890 AndrewB vs. ypercube : @0+ @1+ A2\ A0\ A0\ @4/ A5/ A6/ B0/ C3+ A4\ @4\ B8/ D6\ E5/ A7+
Trax_4757891 dgb vs. Authority : @0/ @1/ @1/ A0/ @2/ C3\ C4+ B5+ A0\ @3/ D1/ @6+ D0/
Trax_4757892 Authority vs. dgb : @0/ A0/ @1/ B0+ @2/ D2\ E2\ B3+ B4/ @3\ B0+ B0/ B7+ @3+ C0+ B1+ C0/ D1/ E1/ C0+ B1\ A1+ @1/ @3+
Trax_4757893 dgb vs. Emma : @0+ A2/ B1\ C1/ C0\
Trax_4757894 Emma vs. dgb : @0+ B1+ A2\ B0/ A1\ B0\
Trax_4757895 dgb vs. TallPaul : @0/ @1+ B2/ B3/ B4/ @3+ D3\ E2+ B5+ E4+ @3\ @2/ H2\ I3/ F0+ J4/ D7+ E7\ F8/
Trax_4757896 TallPaul vs. dgb : @0+ B1+ C1/ C0/ C0+ D2+ D1+ E2+ @3\ A2\ A1\ C0/ A1/ @2\ @3+ A5+
Trax_4757897 Authority vs. Emma : @0/ @1+ @1\ B0/ B0/ C1\
Trax_4757898 Emma vs. Authority : @0+ @1+ A0/ A3/ B3+ @2+ C4/ A4/ A5/ @3/
Trax_4757899 Authority vs. TallPaul : @0/ @1/ B2/ A2+ C1\ B3/ B0+ C1+ B5/ C3+ @3\ A4+ C6/ C7/ @6+ A4+ C0+ @5+ F9+ G6+ H7/ I8+ I10+ J9+ J8/ K8/ K6+ J5+ A4\
Trax_4757900 TallPaul vs. Authority : @0+ @1+ B0/ B3/ C3/ B4/ @3/ E1/ D0\ E5\ F5\ E6/
Trax_4757903 klaashaas vs. Kriistina Jean : @0/ B1\ B2\ RESIGN
Trax_4757903 klaashaas vs. Sutik Ansalewit : @0/ B1\ B2\ RESIGN
Trax_4757904 Kriistina Jean vs. klaashaas : @0/ A0/ @2\ C1\ RESIGN
Trax_4757904 Sutik Ansalewit vs. klaashaas : @0/ A0/ @2\ C1\ RESIGN
Trax_4757905 klaashaas vs. Traxplayer : @0/ @1/ B2/ C2/ B3/ A3/ B4+ D3\ A5\ @4+ @4/ G2\ B1+ C0\ F2\ D0+ G2/ H4+ H5\ H6+ G7\ E8+ A8+ E9+ B9/ @6+ E10+
Trax_4757906 Traxplayer vs. klaashaas : @0/ @1/ @1/ A0+ B0+ C0\ C5+ D5\ E5/ F5/ D1+ E4+ D6+ D7/ B7+ B0/
Trax_4757907 Kriistina Jean vs. Traxplayer : @0+ B1+ A2\ A0\ RESIGN
Trax_4757907 Sutik Ansalewit vs. Traxplayer : @0+ B1+ A2\ A0\ RESIGN
Trax_4757908 Traxplayer vs. Kriistina Jean : @0/ B1\ A2/ RESIGN
Trax_4757908 Traxplayer vs. Sutik Ansalewit : @0/ B1\ A2/ RESIGN
Trax_4761171 PuggieLover vs. lhh61 :
Trax_4764839 golfnutrof vs. Rogue Trooper : @0+ B1+ A0/ A3/ A4/ @2+ A1+ @2+ D4\ D5\ E2/ E0+ A5/ A6/ @4+ E7/ G1+ D6/
Trax_4764881 JiffyJeff vs. GringoNZ : @0/
Trax_4764974 ypercube vs. jazzbeth : @0+ B1+ B2+ C1+ B0+ D2/ @2/ E3/ F2/ F1/ G1/ D0+ D0/ H2+ B3\ C1+ @4/ A5/ C6/ F6+ I0+ A3+ G0+
Trax_4764977 Traxplayer vs. Charlo : @0/ @1/ B0/ @1+ C0/ C0+ D3+ D5+ C6+ @3/ C0+ C0/ @6\ B4+ A3+ C7+ @6+ A3+ D1+ F1+ E9+ @4/ A6/ A8+ H1+
Trax_4766269 PuggieLover vs. thebodywall :
Trax_4768479 lhh61 vs. jaha : @0+ A2\ A3\ @2\ C1/ D1+ D0/ A5/ @4\ E5\ D6\ F4\
Trax_4775319 Authority vs. rabbitoid : @0/ B1/ B0\ A3+ A4\ C3+ D4/ C5+ C6/ @3/ F5/ C7\ C8\ B6+ @3/ F8+ C9+ B6/ A2\ F9/ @2/
Trax_4775387 jaha vs. golfnutrof : @0/ @1/ A0/ B1/ B3+ C1/ A4\ B5/ D2+ @1+ B0\ F2\ D0+ E1/ A1\ E0+ A1/
Trax_4776938 Lorraine of the Renegades vs. jazzbeth : @0/ @1/ B0/ A0/ C3/ C4/ D4/ D5/ C2/ C1+ A4\ B0/ @4/ B6+ A0/ E5+ C7+ D8/
Trax_4776987 Goonerg vs. davidmilne : @0/ @1/ B2/ A0+ @2+ A3/ A4+ @2\ C0/ C0/ E5\ E6\ C7/ A7\ @6/ B2+ G4/ G3+ H4/ B1/ B0/ A2/ D1/ G2+
Trax_4780955 jaha vs. Rogue Trooper : @0/ A0/ @1/ B0/ B0+ @1+ D1\ C0/ C0/ D0\ E4+ F3\ @6\ A5+ F6+ C2+ H1+ E0+ H6\ I4\
Trax_4780993 Riika vs. JiffyJeff : @0/ @1/ @1/ @1/ B0/ A3/ @3/ D4+ F2+ F1/ G1/ H1+ D5/ G4+ G5\ F6+ @5/ E6/ F7\ I5+ J2/ J5+ C7+ D8/ A1+ @5/ C0+
Trax_4781105 lhh61 vs. Dragon101 : @0+ A0/ B2+ B3\ A0/ @2/ D3\ D2+ B0/ B0/ B0/ E2+ F4\ F5\ E7\ @5/ @5/ A7+
Trax_4781160 PuggieLover vs. GringoNZ :
Trax_4782489 ypercube vs. CHESSCATJAY : @0/ @1/ A2+ C2/ B0/ C4\ D3/ A0/ B6\ A5+ C2/ B1+ @1+ C0\ B0+
Trax_4782838 Carroll vs. dgb : @0+ B1+ A2+ @1+ D1/ D0/ E1\ F1\ D0/ B1+ D0/ B6\ G1+ F0/ H2+ I2/ I1/ E0\ D1\ A2+ RESIGN
Trax_4783607 Christine vs. Miss Traven : @0+ @1\ A2/ A0/ @3\
Trax_4785807 FrostyColdOne vs. mcinturff : @0/ A2/ @1\ A0\ C3\ B4/ D2/ C1\ B0/ A1+ C0/ D1/ B1+ B0/ @2\ A1\ B0\ E5/ E2/ D0/ F4+
Trax_4787612 Rogue Trooper vs. jaha : @0+ A2\ B2\ B3/ A0+ @1+ B0+ A1\ A0\ A0/ C3/ D3/ B1/ D1/ E1/ E6/ @4+ A5/ C0+ B0/ A1+ @3+ D9/
Trax_4790642 Dragon101 vs. jazzbeth : @0/ @1/ A0/ @1/ @1/ A0/ @1/ A0/ @1/ @1/ H4/ I4/ D4+ C3+ G5+ I3/ E6/ D6/ I6\ E7+ J6/
Trax_4790659 Authority vs. ypercube : @0/ B1/ A2\ @2\ @1/ B0/ @1/ A3\ C4+ B0+ B0/ B0/ A1/
Trax_4790816 jaha vs. Traxplayer : @0/ @1/ A0/ @1/ B0+ B4\ A4\ @3+ E3/ C5+ D2+ C6\ E4+ D7/ C8\ D9/ B6+ A5+ E6+ F5\ @3\ B0+ C11/ B9+ A7\ @7\ I6\ J4+ I3/ I2+ G11\ RESIGN
Trax_4792168 PuggieLover vs. Zugzwang : @0/
Trax_4804795 golfnutrof vs. jaha : @0/ A0/ B1/ C2+ A3/ D1\ B0/ B0/ @1+ B0\ B0\ A1\ @3/ G3/ F2\ H3/
Trax_4804984 jazzbeth vs. Authority : @0/ @1/ B2/ C2/ C3/ D3/ D4/ E4/ E5/ F5/ F6/ G6/ G7/ H7/ H8/ D5/ A0/ G6/ G5/ H5/ G4/ G3/ E2/ C5/ B4/ G2/ B1+ H2\ D7/ F0+ H2+ @3/ B5+ A1\ @3+ D0+
Trax_4804997 Traxplayer vs. GringoNZ : @0/
Trax_4808895 Rogue Trooper vs. thebodywall : @0+ B1+ A0/ B3\ C3\ D3+ C1+ E3+ E1/ E0/ A4+ A5/ A6+ @6+ A3/ @6/ D7/ D1\ G0/ F8\ RESIGN
Trax_4811741 Carroll vs. ypercube : @0/ A0/ B1/ B3/ B4+ C4+ C5+ C6/ B6/ B7/ A4+ @1\ C0+ E2+ @2+ F8\ D9+ G7/ G4+ G5+
Trax_4811742 Charlo vs. thebodywall : @0/ A2\ B1/ B0+ C1/ C2+ A0/ D3+ D4\ B4\ D5\ D6\ E4+
Trax_4814109 Authority vs. Traxplayer : @0/ @1/ B2/ C2/ C3/ D3/ D4/ E4/ E5/ F4+ E6/ F3/ G3/ E7+ D7/ G2/ G1+ H3+ G0+ F1+ D0+ D0/ D0/ D0/ D0/ C4+ B2+ A3\ @3\ @3\ @3\ D1+ B0+ B0/ B0/ @5+ F8/ D10/ D11/ @3\ B2/ F3+ G2+ H1+ D0/ N12/ N11/ O11/ O10/ P10/ M9+ E13/ B1\ RESIGN
Trax_4817548 Riika vs. rabbitoid : @0/ A0/ A0/ @2+ C1+ A0\ @1\ A3+ D1+ A0+ B0+ @3\ F6\ F7\ F1/ D0\ G3\ F4+ G5+
Trax_4817613 PuggieLover vs. Rogue Trooper :
Trax_4817819 jazzbeth vs. Zugzwang : @0/
Trax_4818401 Kaisa vs. Riika : @0/ @1/ B2/ B3/ B0/ C4+ A4/ A5/ A6+ @6/ @6/ B1+ C0\ C0\ B1\ A1\ @1+ A0\ G9\ F10+ G5+ H6/ B5+
Trax_4818814 Riika vs. JiffyJeff : @0/ @1/ @1/ @1/ A0+ B0+ A4/ @4/ A5/ @3\ G1/ F0+ G6+ H2/ F7+
Trax_4824059 Traxplayer vs. Dragon101 : @0/ A0/ @2/ @1/ C0+ D2/ @1\ C0+ A4/ @2+ D5/
Trax_4825562 Riika vs. Nukkle Dragger : @0/ A2\ B2\ B3+ C3/ C1\ @2\ D0\ B1+ C5/ @5+ D6/ A1\ @2+ C0\
Trax_4825639 PuggieLover vs. JiffyJeff :
Trax_4826842 Kaisa vs. Riika : @0/ A0+ B1/ C1/ B2+ C0+ @3/ @3/ B1+ D4\ B5/ B6+ B0\ @4/ D0+
Trax_4826844 Kaisa vs. Riika : @0/ A0/ A0/ A0/ @1/ C4+ A4+ B0/ B0/ B0/ D4+ @3+ F1+ C0/ F7\ G4+ H5/
Trax_4827784 Rogue Trooper vs. Riika : @0+ B1+ A0/ B3+ @1/ B0/ D3\ D2+ A4/ @2/ D5/
Trax_4827786 golfnutrof vs. supermac : @0/ B1\ A2/ B2+ B3\ B4+ C2/ @2+ C0\ D0\ E1+ A1+ @3/ G2/ C0\ F5+ F1/ H4+
Trax_4829474 Zugzwang vs. GringoNZ :
Trax_4830727 Traxplayer vs. Rogue Trooper : @0/ A0/ @2/ A0/ @3/ @3/ A0+ @4+ E1/ B0/ @3+ @2/ @3\ @2/ @3\ I0/ J1/ J0/ K1/ L1+ H0\ G3+ A7/ D8\
Trax_4830845 jazzbeth vs. Dragon101 : @0/ A0/ B2/ B1/ A0/ @3+ @1/ @1/ E1/ F3/ C0+ B4\ E0/ F2\ A1\ A0+ @2/
Trax_4837607 Riika vs. JiffyJeff : @0/ @1/ @1/ @1/ C0+ A3/ C0/ C0/ C0/ B3+ E6\ B7/ E1/ A1\ D0/
Trax_4839114 Dragon101 vs. Riika : @0/ @1/ B0/ @1+ C0/ @2/ C4/ @4+ D5/ E0+ F6+ F7\ G7\ D8+ G2/ H7\ F1/
Trax_4843564 Miss Traven vs. Sweetpea : @0/ B1\ B2\ B3\ C3\ A3/ D2/ A4\
Trax_4843616 dgb vs. klaashaas : @0+ A0/ A0/ A0/ @2+ @2/ C0\ D4+ E3+ E1\ @4\ @3/ C5+ A6\ A2+ D1\
Trax_4843617 klaashaas vs. dgb : @0/ A0/ B1+ A3+ A0/ A0/ A6\ B7/ A8\ B9/ A10\ C8+ @10+ D1/ C0/
Trax_4843618 dgb vs. jazzbeth : @0/ @1/ B0+ @1/ A0/ @1/ B0/ C1/ C5/ B4/ E1/ C0/ E6\ C7+ F4+
Trax_4843619 jazzbeth vs. dgb : @0/ A0/ B2/ A3+ C3/ @2\ @2\ E4/ F4/ E5/ F3/ @2\ F2/ F1+ C3+ H3/ E0/ C2+ B1+ A0/ @1+ I4/ E6/ I2/ H1/ J2\
Trax_4843620 dgb vs. Traxplayer : @0+ B1/ @1/ B2+ B0+ @3\ B4+ E1\ D0\ F2+ G2\ D4\ @5/ C6/ @4\ A3\ A2+ @4+ C0\ B1\ F0/ RESIGN
Trax_4843621 Traxplayer vs. dgb : @0/ A0/ @2/ @1+ C0/ @3\ @3\ B1+ D4+ D5/ F3\ C4+ @3+ E0/ H3+ G1/ I3\ E7\ F7\ H5+ RESIGN
Trax_4843622 dgb vs. ypercube : @0/ @1/ @1/ D1/ C2\ C3+ A0+ @1\ B5+ A4/ @1\ RESIGN
Trax_4843623 ypercube vs. dgb : @0/ @1/ C1/ @1/ D2\ E2\ C3\ D0/ @3+ B0\ A1\ E0/ F1/ E0/ D0+ C9+ RESIGN
Trax_4843624 klaashaas vs. jazzbeth : @0+ A2+ A3+ B3/ @1/ C4/ B0/ D3+ B6\ A5+ D6\ C7/ @7/ C8+ F4+ E2+ E1+ F1/ G3\ H4/ G6\ F7/ F8/ D0/ A6\ @8+ H9\ G10/ A5+ I7+ J5+ I1/ J2/
Trax_4843625 jazzbeth vs. klaashaas : @0/ @1/ B2/ C2/ C3/ B0/ C2/ C5/ D5/ D2/ A3+ E5/ C1/ @1/ F6/ A3\ B0+
Trax_4843626 klaashaas vs. Traxplayer : @0/ @1+ A2\ C1/ A0\ A0+ @1/
Trax_4843627 Traxplayer vs. klaashaas : @0/ @1/ B0/ @2/ A0+ @3/ A4/ @1+ @2+ A5\ C0+ G2\ H5+ E6+ F1+ G0\ F0/ G0\ @7\ F2+ D10+ B5\ B3\ A3\ @6+ E3+ B2+ A9+ B10/ B11/ A11/ @11/ C1/ I0/ K1+ L9/ J11+ A6/
Trax_4843628 klaashaas vs. ypercube : @0/ @1/ B2/ C2/ D2/ A2/ B0/ @1+ A0\ @4/ B5\ A1\ @3\
Trax_4843629 ypercube vs. klaashaas : @0/ @1/ C1/ B2/ B0/ A0/ D3/ C5+ B6\ C7/ D6+ D2\ A7\ C8/ E5+ A5+
Trax_4843630 jazzbeth vs. Traxplayer : @0/ @1/ B2/ C2/ C3/ D3/ D4/ E4/ E5/ F5/ F6/ G5/ G7/ H5+ E6/ H8\ I6+ J7+ F7/ F9+ D5+ D7/ C5/ B6\ A3+ @4+ D7+ H4+ G3/ C0\ J10/ I11+ K11+ L10+ @5/ C7+ D9+ G3+ G9+ J4\ I3+ F10+ J12/ F11+ G13/ F13/ J2/ K4\ I2+ E1/ E0/ B4/
Trax_4843631 Traxplayer vs. jazzbeth : @0/ @1/ B0+ @1/ B0+ @1/ A0/ @1/ B0/ C1/ E2/ B4/ A4/ A5/ @5/ B6/ @3+ B0+ A7/ @5+ D8/
Trax_4843632 jazzbeth vs. ypercube : @0/ @1/ B2/ @1/ B0\ C4/ A3+ @2+ E2\ D0/ E1/ F3\ G3+ G4\ C0+ H3+ F5+ @4/ D6/ C1+ D0/ A3\ H7+ A2/
Trax_4843633 ypercube vs. jazzbeth : @0/ @1/ C1/ B0\ @2/ D3/ E2+ F3/ D0/ E1/ B1\ D0+ A5+ F6+ @5\
Trax_4843634 Traxplayer vs. ypercube : @0/ @1/ @1/ D1/ C2\ C3+ B4+ C0+ D4\ E1\ D0+ B7\ B8\ @6+ @5+ F6\ H6+ I5+ G7+ G8/ J4+ D9\ B7/ D10\ B8/ A8/ G9/ G10/ @7+ D9+ C10+ @7/ A6+ D3+ B4+ E1+ E0/ J3+ I1+ H0+ J1/ K2+ I0+ L3\ M3\ F1\ E1\ D2\ C2\ C1\ C0\ B1\ B0\ A1\ A0\ @1\ A0\ B10\ A12+ @4+ E8/ @7+ C14/ @5\ B3+ A10+ @5\ C11+
Trax_4843635 ypercube vs. Traxplayer : @0/ @1/ C1/ D1/ B2+ A0+ B0+ E2+ A5\ B6/ A7\ @3+ @3/ @3/ C1+ C4+ C0/ F6+ G7+ B3+ I3\ C0/ C0/ C0/ G4+ B1+ A4\ @4\ J4/ RESIGN
Trax_4844418 jaha vs. Authority : @0/ @1/ A0/ @1/ B0/ C1/ D2+ E2/ F1\ G2/ C0/ G0\ @2+ D1+ A5/ D6+ @5\
Trax_4846340 Charlo vs. Nukkle Dragger : @0/ A2\ B1/ B0/ @2/ D2+ D3\ E3\ B4+ F2/ F1/ C0/ @5/ B6\ A1+ D0/ @5\
Trax_4849281 ypercube vs. Rogue Trooper : @0/ A0/ B2/ B3+ B4\ C2/ C1/ D4+ E3+ C0/ F1+ C0/ D7\ E6+
Trax_4851993 Rogue Trooper vs. Riika : @0+ B1+ A0/ A3/ @3/ @3+ B1+ @3+ B0\ A1\ A2+ F3+ D5+ E5+ D6/ G3+ @4+
Trax_4852112 jazzbeth vs. lhh61 : @0/ @1/ B2/ C2/ C3/ @1\ C0+ C0\ D3/ C0/ D1/ E1/ A3+ B1+ @2/ C5/ F0/ G3\ A1\ C0\
Trax_4852182 Dragon101 vs. Authority : @0/ @1/ B0/ @1+ C0/ D1/ A0+ B0+ E2\ @2\ A1\ A0+ @3+ G1+ F0+ H3+
Trax_4853823 Dragon101 vs. PuggieLover : @0/
Trax_4853828 Riika vs. jazzbeth : @0/ @1/ @1/ C2/ D1/ A0+ E2/ B3+ C0+ D5+ E0/ F3+ F4+ A2+ D7/ E7+ G5/ B6/ F1+ H7+ H8\ I8\ J8\ H9+
Trax_4854128 Judy vs. Riika : @0+ B1+ B2/ A0\ A0\ B5/ B6\ C4/ @4/ E5\ E6\ E7+ F6/ E8/ A3\ @4+ E2/ F2/ G2/ C0+ B1\ D9/ H7\ E10/
Trax_4854135 mcinturff vs. FrostyColdOne : @0+ @1+ A0/ A3+ A4\ B4\ C3\ @4/ C5+ B0\ A2/ @4\ @4\ B3\ G4\ G2/ A3+ E1/
Trax_4855279 Traxplayer vs. Charlo : @0/ @1/ @1/ A0/ @2/ @1/ C3+ E1/ C4/ C5/ F1/ F0/ G1/ G0/ E0+ H2/ A0\ @1+ H1+ G0/ J6+ E9+ J2/ J1/ K3\
Trax_4856522 CHESSCATJAY vs. davidmilne : @0/ @1/ A0/ @2+ A0/ A0/ B2/ A5/ B5+ C6/ @3+ A6\ D3/ E3/ @1\ B0+ @3/
Trax_4856619 Goonerg vs. volvath : @0/ A2\ B1/ B0\ C1/ B0\ A2+ C3+ D3\ C4+
Trax_4856778 Traxplayer vs. balmoral : @0/ @1+ B0+ B3/ C2\ C1+ B4\ C4\ C5\ D5\ A5/ @3/
Trax_4857505 Rogue Trooper vs. thebodywall : @0+ B1+ A0/ B3\ C3\ D3+ B4+ A3/ C1+ C5\ D5\ E5+ C6/ B6/ A6/ @5/ F1/ A1\ E0/
Trax_4860341 Riika vs. Kaisa : @0/ @1/ C1/ A2+ C0+ D1/ C4+ D4\ E4+ C5+ A4+ C0+ C0/ E2+ F6/ D8\ E8\ E9\ F9\ G8+ B7/ G4+ H8/ F1/ F0/ H4+
Trax_4860342 Kaisa vs. Riika : @0/ @1+ A2/ A3/ B2+ A0\ @4+ @3/ @2+ @2/ @2/ B1+ G5\ H5\ F0+ C5+ C6/ C7+ E8+ H3+ I4/ @2\ A1/
Trax_4860501 Dragon101 vs. GringoNZ : @0/
Trax_4860609 Zugzwang vs. PuggieLover :
Trax_4862745 Rogue Trooper vs. JiffyJeff : @0+ A2/ @2\ B3/ @2/ B1\ @1/ E1+ D0/ B1+ D0+ E1/ F3/ C0/ G4\ F5/ A2+ F2+ @3+ B0+ E1+ B0/ G2/ RESIGN
Trax_4862808 balmoral vs. Riika : @0+ B1+ B2/ A0\ B1+ @2/ D2/ E2/ D3+ C4/ D0\ D0\ F2+ A1\ A0/
Trax_4867930 ypercube vs. Nirvana : @0+ @1+ B2\ B0+ B0/ C1/ C4\ A2\ D2\
Trax_4868433 thebodywall vs. Rogue Trooper : @0+ B1+ B0+ C2+ C3/ D2+ B0/ C1/ D4+ E3+ D0/ E1/ C1+ F4+ A1\ A0\ @5\ G2\ F3+ H4\
Trax_4873060 jazzbeth vs. Riika : @0/ A0/ B2/ C2/ @1/ A2+ A3/ @3/ @2/ D0+ C0/ B1+ A2+ @3\ B1+ D0/ H5/ G4+ H6+ C7+ I6+ G7\ D8/ E8+
Trax_4873094 Authority vs. ypercube : @0/ @1/ A0/ @2/ B0/ D3/ C1+ D2/ @3/ D4+ C5+ @4\ B6+ @1+ B0/ E1+ B0\ @5/ B6+ I5+ I7+ A7+ E9/ @4\ A3\ A7\ @6/ F10/ E9+ C10/ B9\ H1+
Trax_4873741 Traxplayer vs. volvath : @0/ A0\ @2\
Trax_4873742 volvath vs. Traxplayer : @0/ @1/ A2+ C1+ C0\ B4\ A4+ @2+ B0\ B0+ B7\ D1/ C7+ E2\
Trax_4874234 dgb vs. jaha : @0/ A0/ A0/ A0/ @2/ C4+ A4/ A5/ D3\ @1+ B0\ B0\ A1\ @1\ G3/ G2+ @1+ RESIGN
Trax_4874948 Miss Traven vs. Sweetpea : @0/ B1\ B2\ C2\ D2/ C3/ B3/ A2+ B0/ B5/ C1+ A5\
Trax_4876402 jaha vs. Traxplayer : @0/ @1/ A0/ @2/ @1+ C0/ B4/ @3+ B5+ C0\ @5\ E0\ F2\ G4+ F7+ H3\ F0/ G1/ D1\ C1+ D0/
Trax_4879074 thebodywall vs. PuggieLover : @0+
Trax_4882163 balmoral vs. Goonerg : @0+ @1+ A2\ A0\ B1+ C1/ A0\ A0+ @3+ D0/ E2\ @5\ B6+ D0\ C1\ E0/ F2\ G3/ B2\
Trax_4882239 Rogue Trooper vs. ypercube : @0+ @1+ A0/ A3/ C2/ D1\ C3+ E3+ @3/ D4/ D0+ F2+ B6+ @4+ A6/ @4+
Trax_4882413 Traxplayer vs. Carroll : @0/ B1+ C1/ C0/ C0+ A2+ @3+ E3/ C4+ @2/ @3\ @2/ D1+
Trax_4885212 rabbitoid vs. Dragon101 : @0/ A0/ @2+ B0/ B0+ @4\ @2+ @2/ B4+ D0/ C0+ F4/ B7/ A1+ @5\ H4/ H2+
Trax_4885491 jaha vs. Authority : @0/ @1/ A0/ @1/ B0/ C1/ C4/ D4/ C5/ D2/ E3+ C6/ B6/ A6+ A7/ A8/ B7+ A9+ F7+ F8\ @7\ H8+ H5+
Trax_4889300 Dragon101 vs. thebodywall : @0/ B1+ C1/ C0/ D2+ D3\ C0/ A4/ D5\ E2\ A1\ @4+ B0/
Trax_4889363 GringoNZ vs. PuggieLover :
Trax_4891075 supermac vs. Rogue Trooper : @0/ A0/ B1/ A3/ B4+ C4\ C5\ D2+ C0+ D7/ E5\ F5\ F6\ A7/ @5\ C8/
Trax_4891078 Rogue Trooper vs. jazzbeth : @0+ @1+ A0/ A3/ @3/ A4/ D2/ D3/ E2+ D4+ D5/ F4\ F5\ D6/ G3+ A7/ @7/ A3+ B1+ C0/ @2\ G2+
Trax_4891259 dgb vs. ypercube : @0/ @1/ @1/ B0/ @2+ @2/ @2/ @2/ A3/ D0/ B5+ B6/ B7/ B8/ @5\ @3/ F0+ F0\ E4+ G2\ I6+ @4/ I2\ G0\ J3\ K6/ H2+ K2+ E3+
Trax_4891926 Charlo vs. thebodywall : @0/ A2+ A3/ @3/ @3/ B1+ D3/ A4/ E4\ E2+ E5/
Trax_4894860 JiffyJeff vs. jazzbeth : @0/ @1/ C1/ A2/ D2/ A3/ D1/ A4\ B4\ A5+ C5/ B6+ C7/ B0+ @2\ E6/ F5+ F2/ G3/ F7+
Trax_4895498 Riika vs. JiffyJeff : @0/ @1/ C1/ B2+ @2\ C0\ A1\ @3\ F2/ E0/ @4\ D0+ A6/ RESIGN
Trax_4896650 brew vs. Traxplayer : @0/ @1/ A2+ C1+ B3/ B0\ C5\ D3+ A1+ C6+ D2/ A6/ @4\ D7/ B0\ A2+
Trax_4896872 jaha vs. jazzbeth : @0/ @1/ A0/ @1/ B0/ A0/ A0+ B1/ @4+ C6\ D2\ A5/ E1/ C0/ E6+ F2+ D7+
Trax_4899716 jaha vs. Traxplayer : @0/ @1/ A0/ @1/ B0/ A0/ A0+ @1+ A0\ @4+ E4/ B6/ @5\ @5\ B3+ C1+ C6+ B7+ G7+ H4+ G3/ C0/ D8+
Trax_4902597 Marko vs. leewisdomjr : @0+ A0+ B2\ A3+ @1/ D2+ E2/ E1/ F1/ D3+ E0+
Trax_4903539 Rogue Trooper vs. Riika : @0+ A0+ A3+ B2\ @1/ B0\ C1\ D1\ @2/ C0\ @2+ @2/ D5+ F6/ A4+ G6\ H4+
Trax_4903547 jazzbeth vs. golfnutrof : @0/ @1/ B2/ B3/ C3/ B4+ D4+ @1\ C0+ E3/ F5/ F2+ E6/ G4\ E7/ E1+ A3/ @3/ G6+ I5/ D0+
Trax_4906836 rabbitoid vs. Riika : @0/ @1/ A0/ @1/ C1+ C0/ B1+ A0+ D4+ E4\ B5+ D2/ A4/ E6+ A6+ F4+ B1+ F5+
Trax_4906993 lhh61 vs. Dragon101 : @0/ A0/ A3/ A4/ B2+ @1+ @4+ C0+ E2\ E4+ C0/ D2+ A3\ @3\ E0/ F1/ G3\ H3+ G4+ H0/ I2\ E1\ D1\ F0/
Trax_4906996 jazzbeth vs. Dragon101 : @0/ A0/ B2/ B1/ @1/ @1/ B2+ A0+ B0/ @3+ C5/ C6/ A4+ @4/ E5+ C7+ A8/ @6+ @5/ H1/ I3/ E8+
Trax_4910715 Sassy Lassie vs. Marko : @0/ B1\ B2\ A2+ @2+ C3\ @2+ D4\ E2/ B4/ B5/ B1\
Trax_4915037 Charlo vs. Judy : @0/ A2\ B1/ B0+ A0/ @1+ @2\ B0+ A5/ B0+ C7/
Trax_4915334 JiffyJeff vs. JonathanT : @0/ A0/ A3/ @2\ B4/ @2+ D3+ E4/ C0/ C0/ B3+ E2/ F4/ C7/ @5/ B1+ D0/ A4+ G8\ G9/
Trax_4915335 JonathanT vs. JiffyJeff : @0/ @1/ @1/ @1/ C0/ B3+ B4/ B5/ C4+ E3\ E1/ F2/
Trax_4916309 dgb vs. Traxplayer : @0/ @1/ @1/ @1/ B0/ A3/ @3/ D1/ D0/ @3+ B0+ B6/ D7+ E8+ F1\ G2+ @5\ RESIGN
Trax_4918670 Authority vs. JonathanT : @0/ @1/ B2/ @1/ A2/ D2/ C0/ C0/ @2+ B0\ B0+ A1\ @3/ A5+ F5+ F1/ G3/
Trax_4918671 JonathanT vs. Authority : @0/ @1/ @1/ D1/ D0\ C1+ D3+ C4+ B5+ C5\ E3+ E4+ F3/ G2\ D6/ @4+ B6+ B7/ B0+ A1\ @4/ @4+ B8+ A6/ B3+ @3/ A2/ E0+ C1+ B0/ C0/ C0/ A4+ @4/ A6+ J11/ I12+ H13+ H14\ I15/ H16\ J13+ K11/ L12+ M12/ G14+ F15+ F17+ I17+ H18+ M7+ K6\ G4+ J5/ I3+ H2/ H1/ K4+ L3+ F3/
Trax_4923618 volvath vs. dgb : @0+ B1+ A2\ B0/ A1+ C2+ A0\ A0\ @2\ D1/ C0\ E3\
Trax_4923619 dgb vs. volvath : @0+ B1\ @1\ B2+ B0+ B0\ A0/ C3/ D3\
Trax_4923624 butterfly vs. dgb : @0+ B1+ A2\ B0/ C1/ D1+ A1+ B0\ B0\ A1\ @2\ E5\ A1+ F4\
Trax_4923625 dgb vs. butterfly : @0/ A2\ B2\ B3\ @2+ C1+ D2/ E2/ E1/ D0/ F4+ D5/ F1/ G2+ D0/
Trax_4923628 DebiM vs. dgb : @0/ A0/ @2\ B0\ A2+ @2\ B1\ B0\ A2\ @2\ A1/
Trax_4923629 dgb vs. DebiM : @0+ B1/ @1/ C0\ B3+ A1\ @2\
Trax_4923630 BrnIdGirl vs. dgb : @0/ A0/ B2/ A3+ @3\ D2\ @1\ A0\ @3/ A4/ D5/ D6/ D7/ @7+ D8/ B8+
Trax_4923631 dgb vs. BrnIdGirl : @0/ A2\ B2\ @1/ B3+ C1+ @2/ E2\ C0/ C5/ A1\ B0/ @4\
Trax_4923632 csain1 vs. ypercube : @0/ @1/ B2/ @1/ A2+ A3+ C3\ D3\ E3\ D4+ E2+ F2/ F1/ E5/ E6/ F0+ G3+ F5+ E8+ C6+ @5+ @5\ B3\ B1+ C0+ C8+ A2\ D9\
Trax_4923633 ypercube vs. csain1 : @0+ A0/ A3\ B3\ B4\ C4\ @2\ @1/ @2\ D0/ G2+ H3/ D6/ C4+ G0/ H1/ H0/
Trax_4923636 csain1 vs. Authority : @0/ @1/ A0/ @1/ D2/ B3+ B0+ C1/ A3+ E1/ D0\ E5\ F3/ E6/
Trax_4923637 Authority vs. csain1 : @0/ @1/ A0/ @2/ C3/ C4/ C1/ D1/ @1/ C0+ D0+ B5/ A5/ D0/ C1/ @3+ G1+ H2/ G0+ G0\ A3+ B2\ @4+ A8+ @7+ G2+ D1+ G0/ B10/ A10/ @10+ C11+ A6\ K7\ @7/
Trax_4923638 ypercube vs. AndrewB : @0+ B1\ A2\ @2/ B3\ B4\ C4\ B5/ A3+ D5\ D6\ @4\ E2+ F5\ D0\
Trax_4923639 AndrewB vs. ypercube : @0/ A0/ B2/ B3/ B4/ B1/ C4\ B5/ D1/ D0/ E5\ C6\ B7/ A1\ @2/ D0+
Trax_4923640 ypercube vs. Authority : @0+ B1+ B0+ C1+ C0+ D1+ D0+ A5+ @5+ A6+ @6+ A7+ @7+ A8+ @8+ A9+ @9+ A10+ @9+ B11+ A10+ B12+ C10\ D10\ E8+ A12/ @10\ E12\ RESIGN
Trax_4923641 Authority vs. ypercube : @0/ @1/ A2+ @2+ C0/ D1/ A1\ A0\ A0\ @2+ E2+ F5\ F6\ G6\ B6/ @2/
Trax_4923642 AndrewB vs. Authority : @0/ @1/ C1/ @1/ A0\ @1\ F2\ C3+ D0/ A3/ @2\ F5\ G5\ B5/ A4\ D6+
Trax_4923643 Authority vs. AndrewB : @0/ B1\ B2\ @1/ C3/ B3/ B4/ @1\ A0\ B6/ A4+ @2\ E6\ F5/ D7/
Trax_4927831 Rogue Trooper vs. thebodywall : @0+ @1+ A0/ A3/ C2/ D2/ C3+ A4/ @3+ A1+ A5\ @5/ A6/ A3\ @6+ A2+ @5/ G5+ G6\ F7+ D0+ B8/ @8+
Trax_4928109 Authority vs. jazzbeth : @0/ @1/ B2/ C2/ C3/ D3/ D4/ E4/ E5/ E6/ E3/ F5\ G3\ D6/ C4/ C5+ D2+ F2+ B6\ D1/ A6\ B3+ B0/ E1+ G1\ H3\ C0+ E9\ B1+
Trax_4928155 GringoNZ vs. Zugzwang :
Trax_4929447 Authority vs. volvath : @0+ B1/ @1/ C0\ A3\ B3+ B4/ B5/ C5\ D3/ C6/
Trax_4929448 volvath vs. Authority : @0+ B1+ A0/ B3\ C3\ D3+ C4/ D1/ B4+ E2/
Trax_4929449 Authority vs. *Leo The Lion : @0/ A0/ @1/ A0+ C3/ C4/ @1\ B3/ D1/ B0/ A5/ @3+ F3\
Trax_4929450 *Leo The Lion vs. Authority : @0/ A0/ B1+ @2\ @2\ C3/ C4/ B5+ @2\ C6/ @5+ @3+ H3+ G5+
Trax_4929451 Authority vs. Traxplayer : @0/ @1/ A0/ @2/ C1/ C0/ A4+ @1+ D0+ @3/ C0\ C0/ @5/ B3/ A4\ @4\ B6\ C7/ @3/ G8/ I7+ E9+ A5/ @4\ @3/ G1\ G0\ C9/ A6/ @5\ A7+ G11/ F10+ G12/ D11/
Trax_4929452 Traxplayer vs. Authority : @0/ @1/ B0+ A3\ C1\ A0/ A0/ A0/ @4+ E4\ D2+ B0/ E2+ E0+ C0/ F7/ F6/ G5\ E9+ F3+
Trax_4929453 volvath vs. *Leo The Lion : @0+ B1/ A2\ A0\ C2/ C4/ @1\ D0+ @3/ A4/ B5/ B6/ @4/ B5+
Trax_4929454 *Leo The Lion vs. volvath : @0/ B1\ A2/ B2+ B3\ A4/ @2/ D4/ E3\ @1\ D5+
Trax_4929455 volvath vs. Traxplayer : @0+ B1+ A2\ A0\ B1+ @2+ A3+ B0+ A1+ B5+ @1/ E4\ D5+ D6\ E5\ F5\ C6/ E6+
Trax_4929456 Traxplayer vs. volvath : @0/ A0+ @2/ C1\ @2\ C3/ E2+ B3+ D0/ A4+ E1\
Trax_4929457 *Leo The Lion vs. Traxplayer : @0/ @1/ B0+ @2+ @1/ @2\ D0/ E4\ F3/ A4/ RESIGN
Trax_4929458 Traxplayer vs. *Leo The Lion : @0/ A0/ @2/ @2+ C0+ D3\ B4+ @2/ B0+ B0/ B0/ A2+ @5+ F4/ G6+
Trax_4929461 LyndiLoo vs. dgb : @0+ B1+ A0/ A3/ @3+ @3\ B1+ @1+ B0\ @3\ B1\ A4/ A5+ @4\
Trax_4929462 dgb vs. LyndiLoo : @0/ A2+ A3/ @3/ @3+ D1/ A1\ A4\ @2\
Trax_4929463 LyndiLoo vs. ypercube : @0+ @1+ B0\ B3\ A3+ B0/ C1/ C3+ A1+ C0/ @1\ E2+
Trax_4929464 ypercube vs. LyndiLoo : @0+ @1/ A0\ @2/ @2/ B1+ @2/ E1/ B3+
Trax_4929465 Sweetpea vs. dgb : @0/ A0/ @2\ B0\ A2+ @2\ B1\ B0\ A2\ @2\ A1\ A4/ A5+ @4\
Trax_4929466 dgb vs. Sweetpea : @0+ B1\ @1\ A0+ A0/ @1+ D1/ E2/ C0/
Trax_4929467 Sweetpea vs. ypercube : @0/ A0/ @2+ B0+ C1\ @3/ D4\ E4\ B4/ B5/ B6/ A1\ C6\ @3\
Trax_4929468 ypercube vs. Sweetpea : @0+ B1\ B2\ @2/ C3+ A1+ A0\ @1\ @1+ A0\ A5/ D2/ @4/
Trax_4929469 dgb vs. ypercube : @0/ @1/ @1/ @1/ B0/ C3\ C4+ @2+ B5/ A5/ C6\ D6\ D7\ E4\ F3/ @5\ A4\ RESIGN
Trax_4929470 ypercube vs. dgb : @0+ B1+ B2\ A0/ A0/ C2\ @1\ A0\ C1+ @3+ RESIGN
Trax_4930634 Marko vs. CHESSCATJAY : @0+ A0/ @2/ C1/ D1+ B0\ A1\ @2\ @2\ B1\ @3/ A4/ A1\ B0+ @2/
Trax_4930683 davidmilne vs. Sassy Lassie : @0/ @1\ A0/
Trax_4932075 JiffyJeff vs. PuggieLover : @0/
Trax_4932138 Traxplayer vs. jaha : @0/ A0/ @2/ @1+ C0/ B4+ D1/ A0+ @2+ @2+ G2+ E0+ E0/ G8+ H5+ B6+ G2/ H3+ I6\ G9/ E10/ D10+ E11\ D8+ C8+ A5+ E12/ D12/ C11/ E13\ F11\ G12/ H11\ I10+ J9\ E0/ D15+ C15/ C16/ B13+ K11\ K12\ K13\ F15\ G16/ G17/ L13+ I14+ L10/ RESIGN
Trax_4932217 Riika vs. Charlo : @0/ @1/ @1/ A0/ @2/ A0/ A0/ @3+ C1/ D1+ B0+ @3+ C6/ A6+ A7/ C7+ F2+ @5+ C0/ A2+ @5/ B7+ E0\ D0/ A1+ @1/ @3+
Trax_4935466 jaha vs. Traxplayer : @0/ @1/ A0/ @2/ @2+ B3+ C4/ E2/ D1/ C0+ B0+ F6+ C7+ D8+ G5+ H4\ F9/ H6+ G9\ F10/ F11/ I4\ H3/ C1/ C8/ J4\ G2\ I2/ I1/ E1/ RESIGN
Trax_4935692 Goonerg vs. LyndiLoo : @0/ A2\ B1/ B0+ @3\ C0\ B0/ D1/ B0/ @2+ @1/ D0/ @1\ A0\ D1\ B1/ A0\ B7+ A6/ @5/ H4+
Trax_4936333 Loretta vs. JonathanT : @0/ @1/ B0\ A3/ C3\ B4/ D2/ D1/ E1/ C0+
Trax_4936334 JonathanT vs. Loretta : @0/ B1\ A2/ @2/ @2+ B0\ C0\ A5/ D1/ C0\ E4/
Trax_4937194 Rogue Trooper vs. JiffyJeff : @0+ A2/ @2\ B3/ @3/ B4\ A1\ C0/ @3\
Trax_4938502 Carroll vs. rabbitoid :
Trax_4938703 davidmilne vs. lhh61 : @0/ @1/ A2+ C2/ @1/ D1/ D0/ E1/ E0/ F1/ C0+ F0+ B1+ @4/ H6+ H7\ @3+ B0+ J8\ J9\ J10+ K10\ J4+ K8+ L8\ M8\
Trax_4938704 Traxplayer vs. Riika : @0/ B1+ C1/ @1/ B0/ C3\ D0/ E1/ A1\ E4\ B0/
Trax_4942528 Goonerg vs. game_77 : @0/ B1\ A2/ B2+ C1/ B0\ @2+ C0\ @3\ B0+ E2/ D1+ F3+ G4/
Trax_4942761 jaha vs. ypercube : @0/ A0/ B2/ A0/ A4\ @1/ C2+ D3/ C4+ C5\ C6\ C7\ E2\ F7+ C8\ @1\ C0+ H4/ H3/ G2\ C9/ RESIGN
Trax_4944014 jazzbeth vs. LyndiLoo : @0/ A2\ B1/ B2+ A0+ @1\ @1\ C0/ A4/ C5\ @4\
Trax_4944409 Guyver vs. ypercube : @0+ @1+ A0/ A3/ B3+ C3\ B4/ @2\ B4/ E3\ @3+ F2/ C0\ G3\
Trax_4945960 ypercube vs. * : @0+ @1+ C1/ C0/ B3+ A1\ C0+ B0/ A5/ @3\ E2/ D0\ A3+ A2+ @4\ F0/ G3+ D1\ F0/ F6+ E0\ D2+ F0/ G1/ D1\ C4\ C1+
Trax_4946712 dgb vs. Authority : @0/ @1/ @1/ @1/ B0/ C1/ C0/ C4\ C5+ B6+ B7\ B8\ @5+ @4/ G3+ C7+ A6+ @6/ D9/ C9/ @9+ C10\ A5\ G6+ @7\
Trax_4946713 Authority vs. dgb : @0/ A0/ A0/ @2+ B0/ C4+ D3+ C0+ E1+ F1\ D0/ G2\ C7\ D7\ E6+ C8+ C9/ C10/ C11/ F6\ H2\ F8\ F9\ H7\
Trax_4950523 * vs. DINGEROO : @0/ B1\ B2\ C1+ D1/ D0/ D0+ E1/ A1\ @3/ C0\
Trax_4950643 Riika vs. rabbitoid : @0/ A0+ A3/ A0/ B1/ C1+ @4+ @2/ D0+ C0/ B1+ D0/ E3/ B8\ D8+ C9+ C1+ C0+ A9\ C11/ E10/ D11+ B11+ C12/ D13\ E13\ F10+ D14+ A12\ @11/ E15\ G14+ G6+ @11+ H5+ B7/
Trax_4950725 Rogue Trooper vs. Dragon101 : @0+ A0+ A0+ A0/ B1/ B4+ A5+ B5+ A6+ C2+ @3/ E2/ C0+ A2+ C0+
Trax_4950801 jazzbeth vs. thebodywall : @0/ B1\ A2/ @2+ C2+ C3\ @1/ A0+ D5\ E3/ F3/ F1+ E0/ G2+ B6/ A7\ A1/ @2+
Trax_4950803 Carroll vs. balmoral : @0+ A0+ A3+ @1/ C2\ C1+ B0+ D4/ B5+ B0/ C1/ B7\ C7\ C0/ E1+
Trax_4951513 dgb vs. Traxplayer : @0/ A2+ A3/ B2/ @2\ B0\ B0+ B6/ C5+ A1\ @1\ B0\ B0/ @5\ A3\ @3\ A2\ @2\ A0+ A7/ @4+ C8/ @6/ A7/ A8+ @8\
Trax_4951855 FrostyColdOne vs. mcinturff : @0/ A2\ B2\ B1+ @1\
Trax_4952467 golfnutrof vs. Marko : @0/ A2\ B1/ C1+ C2+ D2\ E2\ C3/ C0/ B1+ @2/ E2+ @4/ C5+ A1\ @3\
Trax_4952470 * vs. Dragon101 : @0/ A0/ @2+ B0+ C2/ @1\ A0\ C1+ B0+ B6+ D6\ E4+ C7+ D8/ C9\ D10/ A5+ @2+ @2\ G8+ H8/ F11+ D8+ C8+ E1+ F1/ G1/ B7/ A6/ A3+
Trax_4952590 dgb vs. Traxplayer : @0+ @1+ @1/ B2/ B3/ B0/ B0/ B0/ D3\ C0+ A2+ @3+ F3+ RESIGN
Trax_4954661 ypercube vs. * : @0/ B1\ B2\ C2+ B0+ B0/ B5/ A5/ @3\ A2\ E4/ F1+ C0/ B2+ C0+ A7/ @5+ C0/ C9/ B2/ D10\ E9+ B10/ B11\
Trax_4956443 Marko vs. PuggieLover : @0+
Trax_4960380 Traxplayer vs. Rogue Trooper : @0/ A0/ @1/ @1/ D1/ C3/ C0+ B4+ B5/ A4+
Trax_4962755 ypercube vs. Traxplayer : @0/ @1+ @1\ B0/ B0/ C1/ C0/ D1/ D0/ E4+ B0+ @2\ E0/ F1/ G2/ E0+ H6\ H7\ I3\ @7+ C9\ @7\ @4+ C3/ D2+ @5+ B7+ M6+ N7/ A3/ A2+ J0/ K3/ E2/ F2+ F1\
Trax_4963959 Charlo vs. leewisdomjr : @0/ A0+ A0\ @3/ @3+ A4/ @4/ D4\ A1\ B5\
Trax_4967214 JiffyJeff vs. jaha : @0/ A0/ B2/ A3+ @3+ D2\ B4/ @3\ @3\ B4+ A2+ @3\ @3/ @3/ B2+ B4+ B5/ @4\ @3/ B6+ J4+ F6+ D7\ E1/ G6\ A1+ RESIGN
Trax_4967375 Authority vs. Zugzwang : @0/
Trax_4969250 Riika vs. supermac : @0+ @1+ B2/ B0/ B4/ @3\ D4\ D5\ E3/ D2+ @4+ D5/ D6/ F1/ D0/ G4/
Trax_4969477 dgb vs. Traxplayer : @0/ @1+ B2/ C1/ C0/ D1/ A0+ D5+ E2+ @4\ @4\ H3+ H6/ I4+ E6+ D0+ E0+ G1+ H3+
Trax_4970670 Marko vs. JiffyJeff : @0+ @1/ A2+ C1+ A0/ @2\ E2+ B4/ @2+ B4+ C5\ D5\ E4\ F1/ D0\ E6\ F0/ G2\ E8\ G6+
Trax_4971171 Authority vs. Sweetpea : @0/ A2\ B2\ C2\ C3\ C4\ @3+ B5/ @3\ E1/ F1/ F5\ C6+ B5/
Trax_4971172 Sweetpea vs. Authority : @0/ @1/ B0+ A3\ A0\ @1\ A2+ @2/ A0\ @2/ F4/ B5/ D6/
Trax_4971173 Authority vs. Marko : @0/ B1\ B2\ B3+ B4/ A4/ A5/ @3\ A1\ @2+ B0/
Trax_4971174 Marko vs. Authority : @0+ B1+ B2/ B0/ A1+ C2+ C3+ D2/ E2\ D3+ D4\ E4\ F4+ D5/ C5+ G3+ E6+ F6\
Trax_4971175 Authority vs. Riika : @0/ @1/ B2/ C1/ A0/ @2/ A3/ @3/ D1/ E4\ F2+ C5+ @4+ H3/ F1/ D0+ @6\ A7+ E7+ D8+ H6+ H7+ D9/ I6\
Trax_4971176 Riika vs. Authority : @0/ @1/ C1/ @1/ C2+ B0+ @2+ @1/ @2\ F4/ E0\ E0+ H4+ I5/ I6+ I7/ C1+
Trax_4971177 Authority vs. JonathanT : @0/ @1/ A0/ @1/ A0/ A0/ A4/ B1/ A5+ @3+ @3/ C0+ C0/ C0/ C0/ C0/ A6+ @6/ F3+ C4+ G5\ G6\ F0/ G1\
Trax_4971178 JonathanT vs. Authority : @0/ @1/ B0+ A3\ A4\ @2/ B0+ B0/ C1/ @3+ B1+ A0/ A6+ E2+ C0+ B0/ B0/ B0/ A4+ @7+ @5+ G5+ H5/ I4\ J5/ H6+ K4\ J7+ L5/ M6+ N7+ L3\ L2\ K2\ M4+ I9/ B10/ E12\ A12/ C13+ A9+ B3+ @7+
Trax_4971179 Sweetpea vs. Marko : @0/ B1\ A2/ @2+ C2\ B3/ C0/ D3+ D4+ A1\ @2/ D0\
Trax_4971180 Marko vs. Sweetpea : @0+ B1/ @1+ B0+ B0\ B0/ C1/ D1/ D0/ E3\ A1+ C0/ @2\ D0/ D0/ A8\ B6+ A6+
Trax_4971181 Sweetpea vs. Riika : @0+ B1+ B2/ A0\ A4+ A5/ @5/ A6/ @6/ D6\ E6+ D7/
Trax_4971182 Riika vs. Sweetpea : @0/ B1\ B2+ A2+ A3/ C1+ A0\ @1\ C4\ B5/ E2/ E1/ E0+ F2\ A4+ F3\ D5+ C0+ B1\ E6+ A1\ B0+
Trax_4971183 Sweetpea vs. JonathanT : @0+ A2/ @2\ A1\ C1+ B0/ @1\ C0/ E2/ A4/ A5\
Trax_4971184 JonathanT vs. Sweetpea : @0/ B1+ C1/ C0+ C0\ @3+ B1\ C0/ D5/ E4/
Trax_4971185 Marko vs. Riika : @0+ B1+ B2/ B0+ A1+ A0+ @1/ B0\ @3/ A4/ A2+ D1/ A5+ E3/
Trax_4971186 Riika vs. Marko : @0/ A2\ B1/ B0/ A0+ @3/ D1\ B0\ @1+ D1+ E5+ F3/ G3/ @2\ @4+ B5/ B6/ A6/ @6/ F0\ A3\ A2\ @5\
Trax_4971187 Marko vs. JonathanT : @0/ @1/ B0+ C2/ A0\ @2/ B4\ B5\ A4\ C4+
Trax_4971188 JonathanT vs. Marko : @0/ B1+ C1/ B2+ B0+ C0\ B0/ A2+ @1/ A3+ E4\ E5\ F5\ F6\ E7+ E3+ F2+ G2+ C0+ F1+ G1/ H1+ F0\ I2/ B8/ A8/ @8/ J4\ K3/
Trax_4971189 Riika vs. JonathanT : @0/ @1/ C1+ A2+ D2/ E2/ B0/ E4\ F3/ D5+ E6/ A5+ A6/ D7\ E8/ F1+ E0/ F9\ G5+
Trax_4971190 JonathanT vs. Riika : @0/ @1/ B0/ @1/ B0+ @2/ A3/ C0/ C0/ D0\ A3/ A2+ D0\ E3+ E7/ @4+
Trax_4971191 Traxplayer vs. ypercube : @0+ @1+ C1/ @1\ C2/ B0+ D1/ B0\ E2\ F2\ C0+ E4+ D5+ E6/ G4+ D7+ B6+ G5+ H4/ H3/ H2+ I4+ I5\ I6+ RESIGN
Trax_4971192 ypercube vs. Traxplayer : @0+ @1+ B2+ C2+ D2+ C3/ B4\ A0/ D2/ D1/ D0+ E2+ A5+ @4\ G4\ F5/ C7+ H3+ E0+
Trax_4971193 Traxplayer vs. jazzbeth : @0/ @1/ B0/ @1/ C0/ A0/ C1/ D1/ @3/ F1/ F0/ A5/ @3+ B0+ B7+ E8+ B8+
Trax_4971194 jazzbeth vs. Traxplayer : @0/ A0/ B2/ B3/ @1/ A0/ D4/ D5/ E5/ E6/ F6/ F7/ F8/ G6+ F5+ F4/ E7/ G4/ G3/ H3/ H2/ H8\ I5+ G9/ H1/ J5\ J4+ K5+ D6+ K1+ H0/ L4\
Trax_4971195 Traxplayer vs. LyndiLoo : @0/ B1\ A2/ @2+ A0/ C3+ @2\ D4/ B0\ A1\ B0\ @2+ A1/
Trax_4971196 LyndiLoo vs. Traxplayer : @0+ @1+ B0\ B3\ C3+ D2\ C1+ B0+ A1+ E3+ A4+ E1/ D0\
Trax_4971197 Traxplayer vs. dgb : @0+ B1+ C1/ D1/ C2/ A0/ C0/ B5/ A5/ E4+ D5\ A6/ RESIGN
Trax_4971198 dgb vs. Traxplayer : @0/ @1/ B0+ @2+ A0/ @2+ C4/ RESIGN
Trax_4971199 ypercube vs. jazzbeth : @0+ A2+ A3+ B3/ @2\ D3/ B0/ B5/ C5+ A4+ B0/ @4\ D3+ F4+ G3+ G2+ H2/ C0/ B3+ A2+ E1+ B0+ E1+
Trax_4971200 jazzbeth vs. ypercube : @0/ @1/ A0/ @1/ C3/ D2/ E3/ A0\ @2/ D1/ D0/ A4/ A5+ D6+ F1/ E0\ E8+ G2/ D8/ @6+
Trax_4971201 ypercube vs. LyndiLoo : @0+ B1/ B0/ @1\ C0+ A3+ A4/ @4/ A5/ @5/ A1\ C0+
Trax_4971202 LyndiLoo vs. ypercube : @0+ @1+ A0+ @2+ B0+ A2\ C1/ D3+ D1\ B4\ @3+ A4/ A5/ @5/ C6\ G3+ H3/ H2/
Trax_4971203 ypercube vs. dgb : @0/ A0+ A0\ @1\ A0\ @4+ @3+ B0+ E5/ F4\ G5/ B6\ B0/ E7+ H7+ F8/ D8+ I6/ H5+ H4/ I5/ J5/ I4/ J7\ RESIGN
Trax_4971204 dgb vs. ypercube : @0+ @1+ B0+ A1+ B3+ C1+ B0+ @3\ D3\ D5/ E5+ C0/ D1/ E1+ F5\ D0/ F3+ G6\ F1+ F8/ G9\ RESIGN
Trax_4971205 jazzbeth vs. LyndiLoo : @0/ A2\ B1/ B0+ A0/ @2\ @2+ A1+ A4/ C5/
Trax_4971206 LyndiLoo vs. jazzbeth : @0+ A2+ A3\ A0\ B4\ C4+ @1\ @1\ A0+ E3/ A0/
Trax_4971207 jazzbeth vs. dgb : @0/ A0/ B2/ A3+ A4/ C2\ @1/ D1/ E2\ B0/ A5/ A0\ @2+ E1/ B0\ F2\
Trax_4971208 dgb vs. jazzbeth : @0/ @1/ @1/ @1+ C2+ C3/ E1\ B0\ C0+ A5/ C6/ A1/ @2\ F2+ E6\ F6+ E7/
Trax_4971209 LyndiLoo vs. dgb : @0+ B1+ B0\ B3\ C3+ D2\ A0+ D2/ E2\
Trax_4971210 dgb vs. LyndiLoo : @0+ @1\ C1\ C2+ C3/ A2+ B4+ @3\ E3\ E4\ F4\ E5\ F2/ C0/
Trax_4973530 jazzbeth vs. LyndiLoo : @0/ A0\ @2/ C1/ B0\ C1+ @3/ D0\ C1\ C5\ D5\ E5\ A3+ B2\ A1/ @3+ G5+ F6+ G2/ H2+ D0+
Trax_4973578 thebodywall vs. Goonerg : @0+
Trax_4976417 Marko vs. JiffyJeff : @0+ @1\ A2/ @2/ D1+ B0\ @3/ B1+ A2\ @2\ C0+ D5+ B6/ A6/ A5+ A7+ D6+ A8\ @7/ A9+ A10/ H3+
Trax_4978328 jaha vs. rabbitoid : @0/ @1/ @1/ A0+ D1\ C0+ E1+ C4+ E3+ F4/ C5\ G3\ A5/ C6/
Trax_4978403 Rogue Trooper vs. golfnutrof : @0+ @1+ A2+ @1+ A0\ @1\ D3+ E2+ D4/ D1/ D0/ F3+ F1/ E0\ @1\ D0+ H4+ A4+ @5\ B1\ C0/ D1/ @5/ A7+ @2+ B1+
Trax_4978925 JonathanT vs. JiffyJeff : @0/ B1/ B0\ B3/ C2/ D2/ D4+ E4\ D5/ B6/ RESIGN
Trax_4978926 JiffyJeff vs. JonathanT : @0/ @1/ A2+ @2+ D1\ C3/ D3+ E3\ B4\ C0/ E1+ F5/ C6/ A6+ A1\ A0/
Trax_4983508 Traxplayer vs. Authority : @0/ @1/ B0+ A3\ @2\ @2\ C4\ C5\ B3+ C6+ E1\ D3+ F2+ G2\ E4+ H3+ C0/ A2\ C0/ C0/ B3+ A1/ E2+ F2\ D0/ D0/ C2+ D0+ G7+ @4/ @5+ B8+ @6/ B8+ D10+ C11+ B11+ A10+ C13+ B13/ E14\ F14\ B14/ G13+ A13+
Trax_4984946 Riika vs. JonathanT : @0/ @1/ C1/ B2+ C0+ D3+ B4/ A5\ A6\ C5/ @6/ A7/ A1\ @2/
Trax_4984947 JonathanT vs. Riika : @0+ B1+ C1\ C2\ D1+ D0/ A1+ @2+ A3+ @2+ F0/ G1/ H2+ H4+
Trax_4988713 Goonerg vs. Zugzwang : @0/
Trax_4988804 Marko vs. Authority : @0+ B1+ A0/ A3/ A4+ @1/ A0\ @1\ A3+ @2/ D0/ E1/ F3\ @3+ C6/ B6/ A6/ A1\ A7+ @1/
Trax_4988955 dgb vs. jaha : @0/ A0/ A0/ A0/ @2/ @2+ A3/ D4+ E3+ @1\ C0+ F5\ E6\ E7\ F7\ RESIGN
Trax_4989061 DINGEROO vs. JonathanT : @0+ @1+ B2/ B0/ @3+ @3/ A4/ @4/ A5/ E5\ E6/
Trax_4993876 ypercube vs. CHESSCATJAY : @0/ A0/ B2/ C2/ @2/ E2\ E3\ E1\ B0+ @1\ A0\ B5\ C5+ F6\ @4/ A5/ @5/
Trax_4993912 Lorraine of the Renegades vs. jazzbeth : @0/ @1/ B2/ C2/ C3/ D3/ D2/ B3+ D4/ E4/ B0\ C1/ B0\ A4/
Trax_4994098 LyndiLoo vs. PuggieLover : @0/
Trax_4995836 ypercube vs. Traxplayer : @0+ B1+ B2+ C1+ C0/ D1/ D0+ E2+ B1\ A0/ @2/ C0/ D1/ @3+ @3/ F0/ G1/ G0/ H4+ E0+ D4+ C3+ A4+ @5\ E0+ C3+ F11/ E10/ D10/ J5+ E11+
Trax_4998855 Judy vs. JonathanT : @0+ A0\ @2+ A3/ B3+ @2+ A1+ @2+ A1+ B0\ C0/ D1/ E1/ E0/ F2\ A1\ A6+ @2/
Trax_4999095 jaha vs. thebodywall : @0/ A2\ B2\ B3\ @2+ D2+ D1/ E1/ B0+ A2+ F1\ E0/ F5\ G4+ D6\
Trax_5001044 * vs. ypercube : @0/ @1/ A2+ @2+ C0/ B0/ B5\ D5+ E5/ B0/ F6/ F7\ G6+ E2+ G4+
Trax_5001045 ypercube vs. * : @0+ @1+ C1\ C2\ C3+ B4\ B5\ A3+ D5\ D1/ E3/ E2/ F4\ D6/
Trax_5002528 Charlo vs. Rogue Trooper : @0/ A0/ @1/ B0/ C3/ C4/ D4/ C5/ A0+ @3/ @3+ C4+ E2/ F4+ D5/ G6\ E7/ G2/ G1/ H4+
Trax_5002608 Charlo vs. JiffyJeff : @0/ @1/ A0/ B3+ C2+ C1/ D1/ B0\ B0+ E2\ @2+ B1\ E5+ D0+ B1\ A1\ @1\ A4+ @4/ C0\ D0+ I4+ G2+ F0+ B2\ D1\ C0/ I3+ J6/ B2+ F1/ F0/ C1+ E0+ A2+ @3+ J4/ RESIGN
Trax_5003783 Christine vs. Miss Traven : @0+ @1+ B2/ A0\ @1\ D2/ C1+ B0\ B0\ A1\ @2\ @2\ F2/ B1+
Trax_5010232 Goonerg vs. thebodywall : @0/ B1\ A2/ @2+
Trax_5012293 Zugzwang vs. PuggieLover :
Trax_5013878 jaha vs. rabbitoid : @0/ @1/ A0/ @2+ B0/ C4\ D4\ C5+ @3\ A4\ B0+ @2\ A4+ B6+ A7\ E2/ C0/ @5/ @8+ D9/ H1/ F0+ H5+ @7+ J7/
Trax_5013979 Carroll vs. leewisdomjr : @0+ A0+ A0+ @3\ C2/ D2+ E2\ F2/ D3+
Trax_5015932 Carroll vs. ypercube : @0/ @1/ C1+ B2\ D1/ D0/ B1+ E2+ D3\ A4/ RESIGN
Trax_5017558 Rogue Trooper vs. Riika : @0+ @1+ A0/ A3/ @3/ @3/ B1+ A4/ A0/ @1+ C6+ E6+ F4+ C0\ @6/ A7/ A8/ F1/ @6+
Trax_5019349 Marko vs. davidmilne : @0/ @1/ A0+ @1/ B3/ A3/ @3+ A4/ @3/ E4+ A1\ B5\
Trax_5021258 golfnutrof vs. ypercube : @0/ @1/ A0/ @1/ A0/ @2/ A0+ @2\ @2\ A1\ C0/ E1+ A0\ @1\ B0+ A5+ @2\ H8\ I8\ F8/ H9+ H5\
Trax_5027320 Dragon101 vs. Zugzwang : @0/
Trax_5027321 jazzbeth vs. PuggieLover : @0/
Trax_5028681 jazzbeth vs. CHESSCATJAY : @0/ A0/ B2/ @2/ C1/ @1+ D0+ @2/ C4/ C0+ E6+ F3+ A6/ D7\ @5/
Trax_5028828 Rogue Trooper vs. jaha : @0+ A2/ @2\ B0/ @3\ A4\ D1/ E1+ D3+ F2/ B1/ D0/ E5+ @4/ H4+ H6+ F0\ G2+ F7+ G0/ H1/ C1+ F0\
Trax_5030651 rabbitoid vs. Carroll : @0/ @1/ A2+ A0\ @2/ C4/ D3+ @2/ B4+ D5/ D6/ @3\ C1\ A1/ B0\ B7+ B8/ B9+ A7+ @6/ H7\ RESIGN
Trax_5032527 Charlo vs. Lorraine of the Renegades : @0/ A0\ @2\
Trax_5032622 JiffyJeff vs. Rogue Trooper : @0/ A0/ B2/ C2/ B3+ D2/ D1/ D0+ E2\ C0/ @3+ F5\ E6/ G3+ G2+ H2/ A0\ @3/ D0/ F2+ D8+
Trax_5032830 Authority vs. Charlo : @0/ @1/ A0/ @1/ A0/ @1/ B3/ A3/ @1/ A2+ A0+ @4\ C5/ C6/ B7+ @4+ @4/ A3/ A2/ D0/ C1+ @5+ @4/ B2+ I2+ J3+ K7+ H8+ J1+
Trax_5033533 * vs. ypercube : @0/ A0/ B1+ B0+ C2+ A4+ A5\ C5+ D5\ B6/ B7/ @7+ C8/
Trax_5033534 ypercube vs. * : @0+ B1+ B2\ @1+ B0\ A3/ B4/ @2+ D5\ E4/ C6/ B5+ D7\ E6/ F6/ F3+ F7\ G6/ D1+ C0+ B1\
Trax_5034783 Goonerg vs. PuggieLover : @0/
Trax_5036807 Charlo vs. game_77 : @0/ A2\ B1/ B0+ B0\ @2\ @2\ B1+ A4/ C5+ @4\
Trax_5037103 thebodywall vs. jazzbeth : @0+ B1+ B2/ B0/ C1/ A1\ B0/ D2+ B0\ A2+ @2\ A1\ @1\ D0+ A4/ @2+ B5+ G6\ E7/ H6/
Trax_5038687 Riika vs. Traxplayer : @0/ @1+ A2\ C1/ C0/ D1/ D0/ E1/ B0+ F4+ F6+ B7/ A7/ @7/ H4/ I4\ D8+
Trax_5043113 Rogue Trooper vs. thebodywall : @0+ B1+ A0/ A3/ @3/ @3+ B1+ @3+ D4+ E4\ F4+ D5+ D0/ F2+ D0/ B2+ F0/ G3\ @6\ A5\
Trax_5045014 Goonerg vs. DINGEROO :
Trax_5045242 jaha vs. dgb : @0/ A0+ B1\ A3/ @3/ B0/ B5+ B6/ B0/ A2+ @6\ E5+ @7/ A8/ A2\ @2\ B1/
Trax_5049040 CHESSCATJAY vs. Rogue Trooper : @0/ A0/ B2/ B3/ C3/ B1+ D3\ C4+ @2/ A3/ C0\ @2+ A0+ @1\ @1+ B0+ B0/ D1+
Trax_5049103 Judy vs. Riika : @0+ A2+ A0+ B2\ @3/ C4/ A5/ @5/ E3/ D5+ D1+ D0/ B3\ A3\ B7+ A1\ F4+ @1/
Trax_5049202 supermac vs. JonathanT : @0/ @1/ B2+ B0\ A1+ A0\ @3/ @3/ @1+ C0/ C0/ B0+ D8+ A7+ F7\ F8\ G6/ G5/ G4/ H4/ F3+
Trax_5050558 jaha vs. thebodywall : @0/ A2\ B1/ B0+ A0/ @2\ @2+ B4+ @4+ A5+ @4\ C1+ B2+ A1\ @3+ H3/ H4+
Trax_5056160 JiffyJeff vs. Carroll : @0/ @1/ C1/ D1/ E1/ C2+ RESIGN
Trax_5056252 ypercube vs. dgb : @0/ @1/ C1/ B2+ A3\ D1\ E1\ B4/ C3+ D0+ @3+ C6+ E0\ D1\ @6/ A7+ @5\ A4\ G7/ @5+ F8/ F2+ RESIGN
Trax_5060346 Sassy Lassie vs. Goonerg : @0/
Trax_5061856 jazzbeth vs. Traxplayer : @0/ @1/ B2/ C2+ C3\ C4/ B0+ D2\ A3/ E3+ D5+ F3\ A5+ F6\ G4+ F7/ A6/ @4\ E1+ B7\ G2/ C6\
Trax_5061959 ypercube vs. thebodywall : @0/ B1+ C1/ A2+ A3\ C2+ @3/ A4/ C4+ A5/ A6/ @6/ A2\ @1/ E0\
Trax_5062037 Dragon101 vs. Goonerg : @0/
Trax_5062041 jazzbeth vs. rabbitoid : @0/ A0/ @1/ @1/ D2/ B2+ C0+ D1/ D0/ A1\ E2+
Trax_5062095 Dragon101 vs. Rogue Trooper : @0/ A0/ B2/ A3+ B4/ @4\ A2+ D2+ D1/ E1/ B0/ E5\ C6/ F4/
Trax_5062096 Rogue Trooper vs. Riika : @0+ B1+ A2\ B0+ C2/ D1\ C3+ E1\ C4+ B0/ E0+ F1/ F0/ F6\ G2+
Trax_5062118 jaha vs. golfnutrof : @0/ @1/ A0/ @2/ @2+ @2/ @2/ D0+ B4+ B2+ D0/ D0/ F2+ E0\ C2\ G5\ G7+ F8+ G2+ D9/ C9/ @5\ A4\ A3\ C2+
Trax_5062242 Traxplayer vs. PuggieLover : @0/
Trax_5065646 nobby vs. ypercube : @0+ @1+ B0\ A3/ B3+ A0\ @2+ @2\ B1\ B3+ A4+ B5\ @2\ E6\ F4\ B6/ D7\ A6\
Trax_5067729 Christine vs. Miss Traven : @0+ @1/ @1\ D1\ B0\
Trax_5067874 Marko vs. JiffyJeff : @0/ @1/ B2+ C1/ B3/ @3+ B0\ A1/
Trax_5070862 davidmilne vs. leewisdomjr : @0/ B1\ A2/ B0\ @2+ C0\ D2/ C0\ @4+ A1+ A0\ A0+ RESIGN
Trax_5070880 * vs. Lorraine of the Renegades : @0/ B1\ B2\ B0\ C1\ A0\ @3+ C5\ D1/ E1/ B0/
Trax_5071191 Traxplayer vs. thebodywall : @0/ A2+ A3/ @3/ @3+ B1+ @1+ A0\ @3\ A0\ @1\ C1+ E6\ D0/ E1/ G4/ A1+ B0+ E4+ F3+ E9/ D9/ D10/ F9/ C9+
Trax_5073042 Goonerg vs. kidgame2001 :
Trax_5073044 Goonerg vs. PuggieLover :
Trax_5073146 jazzbeth vs. Rogue Trooper : @0/ A0/ B2/ B3/ C3/ A3+ @1/ B4+ D4\ E4\ C5+ D2+ C1+ D1+ B0/ E2/ F6/ A3/ E3+ D1+ F3+ G3/ H3/ G6+ F7+ E0/ F2+ I7\ I8\ G9/ B1/ C0\ @2+ E10/ G2/ G11/
Trax_5073340 Nukkle Dragger vs. Carroll : @0+ B1+ B2/ B0+ B0\ A2\ @2\ B1\ A1+ C0+ D2\ @3+ B5+ @3+ A4+ @3+ G4\ H4\ C2\ B6/ A5\ H1/ C7+ G0/
Trax_5073370 ypercube vs. jazzbeth : @0+ B1/ A0/ C2+ B1/ A3/ A0+ @4/ B0/ D2+ C0\ E2+ F2\ E3+ A3\ @6+ B7+ A2/ E0+
Trax_5076683 balmoral vs. Marko : @0+ A2+ A3+ B3/ @1/ @2\ D4\ E3+ E4+ F4\ E2/ E1/ F2+ G4/
Trax_5077193 jaha vs. Traxplayer : @0/ A0+ B1\ B3/ C2+ A0/ A0/ C1+ A5+ D4\ @4+ B6/ A5/ A2+ @4+ A1\ C0+ B0/ @6+ RESIGN
Trax_5078863 dgb vs. Authority : @0/ @1/ @1/ A0/ @2/ A3/ @2+ D1+ E4\ F3/ C0/ C0/ E2+ D0+ A1+ @4+ G2\ H4+ E8+
Trax_5078864 Authority vs. dgb : @0/ A0/ B2/ A3+ C2/ @2\ B0/ A2+ @3\ D2+ D5/ F5\ E6/ A4+ @2\ A1\ A0\ @3/ E7+ B5+
Trax_5078865 dgb vs. ypercube : @0+ @1+ C1\ C0\ B0/ D2+ E2\ F2\ E1+ D0/ D0+ B2+ D0+ B7/ G4/ F3\ C8\ RESIGN
Trax_5078866 ypercube vs. dgb : @0/ A0/ B2/ B3/ @2/ D2\ C1/ B3+ A4\ @3+ A1\ C0/ @3+ G2+ F1/ C0\ RESIGN
Trax_5078867 Authority vs. ypercube : @0/ @1/ A0/ C2/ B1/ A3/ C4/ C1/ A4/ D4+ A5+ @1+ D0+ F3+ E1+ G3+ E0+ H4+
Trax_5078868 ypercube vs. Authority : @0+ @1+ B2\ A0/ @2\ @1/ B3+ C4/ E3+ @1/ @3+ A4/ A5+ @5/ A6/ F5+ D6\ D7\ E7+ D0+ F0/ G1/ H2/ I2/ I1/ F0+ B4+ @9+ J6+ K2+ C10+ C11/ F0/ D3+ B8+ @10/ A9+ @8/ @10/ C11/ C7+ C6/ A7\ @8+ C6\
Trax_5078936 * vs. ypercube : @0/ @1/ A2+ C1+ B0/ C4\ D4\ B0+ A5+ D6+ D7+ E5\ D3/ C1+ C0/ D0\ @5/ F1/ G4\
Trax_5078937 ypercube vs. * : @0+ B1+ B2+ @1+ C0/ @2+ D0/ @3+ D1\ D0+ D5/
Trax_5080079 Sassy Lassie vs. Authority : @0/ A0/ @2+ C1\ @1\ B0/ C1/ C0/ A1\ B0/ A5+ A6/ @6/ @6+ A7/ A1\ @5+ D0+
Trax_5082305 Charlo vs. rabbitoid : @0/ A0/ B1+ @2/ B3+ D3\ C4/ C5/ A4+ @3\ B0+ C7+ C8/ A8+ @4\ @2+
Trax_5084070 * vs. ypercube : @0+ @1+ A0/ A3/ @3+ @2/ D0\ D0\ A3+ A2\ @4/ D6/ A6/ @4/ D7/
Trax_5084071 ypercube vs. * : @0/ B1\ B2\ C2+ B0+ B0/ B5/ A4+ @4/ A5/ @5/ A6/ A3\ C1\ @4\
Trax_5084643 golfnutrof vs. Traxplayer : @0/ @1+ @1\ B0/ B0/ C1/ D1+ C0\ @4\ B5+ @4\ @4+ A2\ A1+ A0/ B1/ B0/ C1/ A0\ @1\ @1+ B4/ F2+ E0/ F2+ B0\ A1\ F1/ B5+ G2\
Trax_5086583 golfnutrof vs. PuggieLover : @0+
Trax_5086837 kidgame2001 vs. Riika : @0/ B1/ A0/ C2/ C1/ A0\ D1/ @1/
Trax_5087345 Sir Pussycat vs. ypercube : @0+ @1\ A2/ @2/ D1\ B3/ B4\ C4\ D4\ E1+ C2+ E4\ C5+ E0/ F3\ G3+ F4+ G0/ H1/ D1\ E0\ C3\
Trax_5088155 Miss Traven vs. Christine : @0+ @1+ A2/ C1+ @2\ E1+ A1+ A0\ E3\ @2+ G3/ @2+ @2/ A3/ I2+
Trax_5088484 ypercube vs. Sir Pussycat : @0/ B1\ B2\ C2/ B3/ A3/ @1\ A3\ B0\
Trax_5088485 Sir Pussycat vs. ypercube : @0/ @1/ A2/ C2/ C1+ A0\ @2/ E3/ D4\ F3/ G3/ H3/ @2\ A1\ B4/ B5/ J3/ H1+ J4\ E0+
Trax_5088573 davidmilne vs. CHESSCATJAY : @0/ B1\ A2/ A0/ @2+ @2\ @1/ B3+ A0\ @3\ G3\ F1+ D0+ F5+ D6\ D7+ C0/ A1\ H4+
Trax_5088698 Sir Pussycat vs. Goonerg : @0/
Trax_5091110 thebodywall vs. Riika : @0+ B1+ B0\ A3/ @3/ @3+ C4+ D3\ E3\ E4\ D5\ A1\ RESIGN
Trax_5091111 Riika vs. thebodywall : @0/ B1\ A2/ @2+ B0/ @1+ C0/ A0+ B0\ @2+ E1/ F4+ D0/
Trax_5091114 thebodywall vs. Rogue Trooper : @0+ @1+ A0/ A3/ @3/ D2+ B4+ C4\ E4\ E5\ C5+ F5+ F6\ G6\ G4+ E2+ @3/ A5+
Trax_5091115 Rogue Trooper vs. thebodywall : @0+ B1+ A0/ B3\ C3\ @2+ C4+ B4/ A1+ B5/ @5+ C6/ @3\ A2\ F5+ A1\ D0/ C0+ F2/ G5+ E1/
Trax_5091116 thebodywall vs. Marko : @0+ B1+ A0/ A3/ @3/ D1/ D0/ C4\ C5\ D0\ C1/
Trax_5091117 Marko vs. thebodywall : @0+ @1+ A0+ @2+ A1\ C1/ A0\ @1\ A0\ @1\ B0+
Trax_5091118 Riika vs. Jay RAA : @0/ B1\ A2+ A3\ B2\ C2\ B3\ B0\ @3\ A0/ @4\ C6\ A5/ @4\ C6+ A0\ @2+ @2\ A1\ @1\ C0+
Trax_5091119 Jay RAA vs. Riika : @0/ A0/ B2/ C2/ D2/ B3+ D1/ A4\ B5/ D0+ C0/ E2\
Trax_5091120 Riika vs. Rogue Trooper : @0/ A0/ A0/ B3+ C1/ C0/ A5+ @5/ E3\ E4\ F2+ F0+ A7/ G3/ B8\ C8\ D6+ G5\ G6\ H3\
Trax_5091121 Rogue Trooper vs. Riika : @0+ B1+ A2\ B0/ C1/ @2+ C0+ B1+ C0/ E3+ E1/ E0/ D6+ D7+ F3+ E7+ F7\ G7+ E8+ G1/ E0/ H6/ RESIGN
Trax_5091122 Riika vs. Marko : @0/ B1\ A2/ A3+ A4\ B4\ B5\ C5\ @5/ A6+ A1\ B0\
Trax_5091123 Marko vs. Riika : @0+ B1+ A2+ A3+ A0+ A5+ B1+ B5+ A0+ @4/ B0+ C5\
Trax_5091124 Jay RAA vs. Rogue Trooper : @0/ A0/ B2/ C2/ D2/ D1/ E2\ C3+ F1/ F0/ G3\ G4\ F0/ G6/ F6/ E7\
Trax_5091125 Rogue Trooper vs. Jay RAA : @0+ B1\ A0+ @2/ A3/ @3/ D4+ A1\ @3/ @4/ A5/ D0\ A3\ A2/
Trax_5091126 Jay RAA vs. Marko : @0/ B1\ A2/ A3/ A4/ @3+ C3\ @3/ C5\ D5\ D6\ E4/ F3/ F1+ E0+
Trax_5091127 Marko vs. Jay RAA : @0+ B1\ B2+ @1/ A3/ @2\ C0/ E3\ E2+ A1\ @2+ C0/
Trax_5091128 Rogue Trooper vs. Marko : @0+ B1+ A2\ B0+ @2/ D1/ A1\ @2/ C0/
Trax_5091129 Marko vs. Rogue Trooper : @0+ B1+ A0+ @2+ A1\ D2+ A3/ @3/ A4/ @1+ @1/ @4+ A5/ @5/ E5\ B6+
Trax_5091130 JiffyJeff vs. Charlo : @0/ @1/ C1/ A2+ C0\ @2/ B1\ B0+ A1\ @3/ F3/ A0/ @2\ G1+ RESIGN
Trax_5091131 Charlo vs. JiffyJeff : @0/ B1/ B0/ @2\ B0+ A2\ @2\ RESIGN
Trax_5091134 JiffyJeff vs. davidmilne : @0/ @1/ C1/ B2+ D1+ E2/ E3+ F3+ F4\ D4+ A0+ G3\ H3\ I4/ D1/ D0/ G3+ G7/ A5+ A1\ @2/ D7+ A4+
Trax_5091135 davidmilne vs. JiffyJeff : @0/ B1/ B2\ C1/ C2+ B3+ B4/ @4+ @3/ D0+ B2+ D0+ @5/ C7+ D8/ E8+
Trax_5091136 JiffyJeff vs. ypercube : @0/ @1/ A0/ C2/ B1+ C0\ D1+ @3/ C4\ A1\ RESIGN
Trax_5091137 ypercube vs. JiffyJeff : @0/ B1/ C1/ B0+ @2/ C3\ E2/ F1\ C4+ D4\ @1\ RESIGN
Trax_5091138 Charlo vs. stormy rebel : @0+ B1/ @1/ C0+ C0\ A2+ B4\ D3\ B0+ C6/ @4/ E3/ F3/ @4/ D0+ H3\ D0+
Trax_5091139 stormy rebel vs. Charlo : @0/ @1/ A2/ B3/ C1/ A0\ @1\ A0\ A0\ E6+ E7\ E1+ F4\ D0+
Trax_5091140 Charlo vs. davidmilne : @0/ @1/ A0/ @2+ A3\ C4+ D2/ B5\ C6/ E2+ E1/ A0+ E1\ D2+ F3+ F5\ F6\ G3/ F1+ H3/ G0\ I7\ F8\ D7+ I3+ A7+
Trax_5091141 davidmilne vs. Charlo : @0/ @1/ A2+ @2+ A1+ @2+ C0+ A4\ D0\ E2\ E0+ F4/ G5\ F6+ RESIGN
Trax_5091142 Charlo vs. ypercube : @0/ @1/ @1/ C2/ B0+ @2\ B0/ B0/ D2+ A5\ A2+ B0+ @2+ E7+ F4\ G7+ G4+ C0+ E2+ D0/ E2+ H7+ E10/ A7+ B9+ @8\ D11+ E12/ E13/ E14/ F11+ B10+ A3/ A2+ B1+ C0+ G4/ H5+ J8\ K9/ L9/ I10+ C13+ K7+ I6+ M7/ K6/ M10\ B15/ L11\
Trax_5091143 ypercube vs. Charlo : @0/ @1/ C1/ C2/ D1/ D0/ A3/ A4/ @2+ A0+ @5/ C6/ @4\ B2+ H6\ E7+ B6/
Trax_5091144 stormy rebel vs. davidmilne : @0/ @1/ A2/ A3+ A4/ A5/ @3\ C5\ D4\ C6/
Trax_5091145 davidmilne vs. stormy rebel : @0/ A2\ B1/ C1/ B2+ B0/ D2+ A0\ @1+ @1/ A2/ A3\ B0/
Trax_5091146 stormy rebel vs. ypercube : @0/ @1/ B2/ @1/ B2/ D1/ A2/ @2/ E3/ E0/ F3/ G4\ G5\ G2/ H2/ D4+
Trax_5091147 ypercube vs. stormy rebel : @0/ A2\ B1/ B0/ @1+ A0\ A0+ @2/ E1/ E0/ E5\ D6+ F3\
Trax_5091148 davidmilne vs. ypercube : @0/ @1/ A2+ C1+ @1/ @1/ C0+ A4/ @4/ A2+ D0/ E0\ G5/ C1\ E0\ @5\ C2+ G3+ D1\ D0\ A4\ @5/ J7/ G8/ C9+ H1/ RESIGN
Trax_5091149 ypercube vs. davidmilne : @0/ @1/ C1/ B2+ D1/ D0/ A4\ @3\ B0+ F3+ G3/ H3/ I3/ D0+ B7+ I5+ E6+ E7/ D8\ E9/ F9+ RESIGN
Trax_5091152 marlisam vs. JonathanT : @0+ @1+ B0\ A3/ A4/ B4/ C4/ A5+ @4\ @4\ E2/ F3\ F6\ G5/ H5/ B1/ C0\ C0\ B2\ A3/ A2+ G8+ E2/ F2/ G5\ H5\ F3+ G3+ I5/ H2+ I3\ F9+ F10\ E10+ J3\ E1+ D0/ E0\ F2+ C1\ C0\ B3/
Trax_5091153 JonathanT vs. marlisam : @0/ B1\ A2/ A3/ B3+ A4\ C1/ B0\ B0\ A7\ @5/ C6\ D6\ E5\ C7+
Trax_5091154 marlisam vs. * : @0+ B1+ B0\ B3\ B4+ A4+ A5/ A0/ C1/ B0+ C1+ B0\ D4\ D5+ D6+ E4+ E5+ F3/ F2/ @5\ G5\ H5\ D7+ @6/ A7/ I6+ J5/ F8/
Trax_5091155 * vs. marlisam : @0+ @1/ A0\ @1\ C1+ B0+ B4/ A3+ @3/ C5\ A5\ @3+ @2/ F0/ G2\ E1+ B2/ E0/ C2\ B1+ B7/ B8/ @4/
Trax_5091156 marlisam vs. Goonerg : @0/ A0/ @2+ A3+ B0/ C3\ C4\ D3+ B5\ D0/ E1/ A1\ @1\ C0/
Trax_5091157 Goonerg vs. marlisam : @0/ B1\ A2/ A3/ B3/ A4\ C3/ D3\ B4+ C1+ D1/ B0\ E4/
Trax_5091158 volvath vs. JonathanT :
Trax_5091159 JonathanT vs. volvath : @0/
Trax_5091160 volvath vs. * :
Trax_5091161 * vs. volvath : @0/
Trax_5091162 volvath vs. Goonerg :
Trax_5091163 Goonerg vs. volvath : @0/
Trax_5091164 JonathanT vs. * : @0/ A0/ A0/ B1+ C1/ C3/ B0\ @1+ @3+ B5+ @4+ E5+ G5\ F6/ F7/ C6+ D7/ F8/ E0\ C0\ B3\ A4+ B9/ @6/
Trax_5091165 * vs. JonathanT : @0/ A0/ @1+ C1\ @1/ @1/ A3+ B4+ C5/ C6/ C7/ C8/ D3+ D9+ E9\ D10/ B10\ D11/ F10/ A7+ G6+ A11/ @9/
Trax_5091166 JonathanT vs. Goonerg : @0/
Trax_5091167 Goonerg vs. JonathanT : @0/ @1/
Trax_5091168 * vs. Goonerg : @0+ @1+ A0/ A3/ C2/ @1/ A0+ C1+ B5/ D0/ E1/
Trax_5091169 Goonerg vs. * : @0/ B1\ A2/ @2+ B0/ B0/ B0/ @1+ C0/ @2/
Trax_5091170 jazzbeth vs. golfnutrof : @0/ @1/ B2/ B3/ C1\ C3\ B4/ D1\ B0/ C0\ E3+ E0+ F4/ A1\ D0/ @2/
Trax_5091171 golfnutrof vs. jazzbeth : @0/ @1/ B2/ C2/ A2+ A3/ B3+ C1+ C0+ A1\ @2/ C0+ A2\ @1/ @2\ D0/ G3/ H3/ A4/ @4/ B0+ C0+
Trax_5091172 jazzbeth vs. dgb : @0/ A0/ B2/ B3/ C3/ B4/ C5/ D5+ D6\ D2/ E4+ @1\ B0/ A4/ @4/ D1/
Trax_5091173 dgb vs. jazzbeth : @0+ @1/ C1/ C0/ C3/ B0+ B0/ A3+ D1/ B0/ A7/ @7/ E5+ F5/ E7\ F7\ D8/
Trax_5091174 jazzbeth vs. dingbat : @0/ B1\ A2/ A0/ @3\ A2+ A0+ D2/ D1/ A0/ E3+ @2\ F5\ F6+ G5/
Trax_5091175 dingbat vs. jazzbeth : @0/ @1/ B2/ C2/ A2+ A3/ B3+ A4+ D3\ D4\ B5/ C1/ C6+ E3+ @5/ A6/ A7+ B8/
Trax_5091176 jazzbeth vs. Traxplayer : @0/ @1/ B2/ C2/ C3/ D3/ D4/ E4/ E5/ F5/ F6/ G6/ G7/ H7/ H8/ I7+ I9/ J9/ G8+ H6+ F7+ E7/ E8/ E9/ J7/ D7+ I6+ G5/ C8+ E10/ E11/ B11+ E12/ H13\ I11+ B13+ F14+ A13+
Trax_5091177 Traxplayer vs. jazzbeth : @0+ @1/ C1/ D1+ C0\ C0\ B4+ A2/ @2/ F3/ E2/ C5\ D4+ D6/ E6\ F5\ E7/
Trax_5091178 golfnutrof vs. dgb : @0/ A0/ @1/ B0+ B0/ @3\ C0\ B1\ A1\ A0\ @1\ A0\ D0+ @3+
Trax_5091179 dgb vs. golfnutrof : @0/ @1/ A0/ @1/ B0/ A0/ B5/ C6+ D5\ E5\ E6\ C7/ E3+ E2/ A4+
Trax_5091182 golfnutrof vs. Traxplayer : @0/ @1+ B0/ C1+ A0\ @1\ C0/ D1/ B0+ @2/ @1+ C0/ D0\ D8/ C8/ A7+ A9/ @4/
Trax_5091183 Traxplayer vs. golfnutrof : @0+ @1+ C1/ @1+ @1/ A2/ E2\ F2\ C0/ C3+ D4/
Trax_5091184 dgb vs. dingbat : @0+ B1\ @1\ A2+ B0+ @2+ C3+ B4+ E2/ E1/ F1/ F0/ F4\ D0\ E6/
Trax_5091185 dingbat vs. dgb : @0/ @1/ A0/ @2+ C1+ B0\ A4+ B0/ C1/ C0/ D1/ A1\ E3\ @3+
Trax_5091186 dgb vs. Traxplayer : @0/ A2+ A3/ @3/ @3+ C0/ D1/ B5+ E2+ D4+ C6\ F3\ C7/ B6+ A6/ RESIGN
Trax_5091187 Traxplayer vs. dgb : @0/ A0/ @2/ @1+ C0/ @3\ @3\ B1+ @2+ B4+ A0\ @1\ H3+ I2\ J2\ I4+ E6+ D1+ F0+ H2+ F6+ E0/ I2+ H8+ RESIGN
Trax_5091188 dingbat vs. Traxplayer : @0/ @1+ A0+ @2/ @2+ C3+ @2/ A3/ C4\ @2+ B4/ E5/ @3\ C1+ D1/ C0+ D6+ G6\ F7/ H4+
Trax_5091189 Traxplayer vs. dingbat : @0+ B1\ @1\ B2\ B3\ A2+ A4+ @1+ C0+ B6/ A6/ @6+ B7\ @4\ A3\ A2+ @4+ G5\ G6\ G7\ B1/ E0/ @6\ A7+ B8+ H9\ I6+ J6+ I10/ J10+ @7/ A8/ A9+ @8\ D10\ E9+ C11/ B11/ G11/ F11+ J12\ K11+ H13+ C12+ H14/
Trax_5091190 jaha vs. Authority : @0/ @1/ A0/ @2/ B0+ @3/ D1\ C0/ C0/ A6/ @3+ C2+ F1/ F0/ G2/ A2\ @6+
Trax_5091191 Authority vs. jaha : @0/ A0/ A3/ A4/ B2+ @1+ @2+ B5+ B0\ A1\ @1+ C0+ C0/ C0/ C0/ C0/ E6+ B1\ A2+ B0/
Trax_5091192 jaha vs. nobby : @0/ B1\ A2/ A3/ A4+ B4\ A5/ B6\ C6\ D6\ C5+ C4+ D1+ D0/ E5+
Trax_5091193 nobby vs. jaha : @0+ A0/ A3\ B3\ B4\ C1+ C0/ C0/ D4+ D2+
Trax_5091194 jaha vs. Carroll : @0/ @1/ A0/ @1/ B0/ B0/ B5/ A4/ @2+ C0+ RESIGN
Trax_5091195 Carroll vs. jaha : @0/ @1/ B0+ A3\ C2/ D1\ D3/ B0\ B0\ @2+ B0/ A0+ @1\ @2+ F4+ RESIGN
Trax_5091196 Authority vs. nobby : @0/ B1\ A2/ A3/ @3/ @2+ B4/ A0+ A0/ @3\ E1/ RESIGN
Trax_5091197 nobby vs. Authority : @0+ B1+ B2/ B0/ B0/ @3+ B2+ D3+ B5\ E3+ B0/ C7/ C8/ A6+ D7\ F4+ G4+ H4+
Trax_5091198 Authority vs. Carroll : @0/ @1+ @1\ A0\ @1\ D0+ C0+ B0+ E3/ E2/ D6/ F2+ E1+ C7\ E5+ G4+ D0/ H4/ H3/ F2/ H1\ D0/ @7/ B8+ D10+ B1\ A3/ B0/
Trax_5091199 Carroll vs. Authority : @0+ @1+ A2+ @1+ C0+ D2+ D1+ E2+ E3+ D0+ F3\ @3/ A2\ @2\ B4/ A4/ @4+ C5+ F5/ F6+ H5+ F7/ D8/ C7\ D2+ D9+ G7+ H7\ F8+ I5\
Trax_5091200 nobby vs. Carroll : @0+ B1+ B2/ B0+ A1+ B0+ A1\ @1/ @1+ E1/ C0\ E5\ C6\ A0\ RESIGN
Trax_5091201 Carroll vs. nobby : @0+ A0+ A3+ @3\ C2+ C1/ B4+ B5+ C5\ D5\ @3/ B4+ A4+ A5/ E2+ RESIGN
Trax_5098175 volvath vs. Goonerg :
Trax_5100297 rabbitoid vs. Rogue Trooper : @0/ A0/ B1+ A3+ @3\ D1/ D2+ C0+ D0\ E3/ B6/ F1/ F4\ F5/
Trax_5100378 * vs. Charlo : @0/ @1/ A2+ @2+ C0+ D2+ E2\ E4+ A1\ B0/ @3+ @2/ B1+ C5/ C6/ B0/ B8\ A8+ @6+ A3/
Trax_5100537 Traxplayer vs. Dragon101 : @0/ A0/ @2/ @1/ C0+ @2+ D0/ B4/ @4\ C5/ C1+ C0/ A2\ A1\ @3/
Trax_5100617 jaha vs. Traxplayer : @0/ @1/ A0/ @1+ B3+ @2\ @2\ B3+ A4\ F3+ F4\ E5\ D5/ E6\ C6+ @3+ @4\ I4\ H6+ H7\ I7\ J3/ J2/ G1/ G0/ I9\ J6+ K3+ C1\ RESIGN
Trax_5102462 Sir Pussycat vs. ypercube : @0/ @1/ C1/ D1/ A0/ @2/ C1/ A3+ F3\ F4\ F5\ C0/ F2/ G2/ E6/ F7\ @1\ B0/ E3/ H6+ E6/ I3\
Trax_5104274 golfnutrof vs. ypercube : @0/ A0/ B2/ A0/ @1\ A0\ C2+ C1/ C0/ D4+ @2\ B0\ @6/ A7/ B7+ @7+ C8+ A2\ @6+ C1/
Trax_5104447 thebodywall vs. PuggieLover : @0+
Trax_5106309 Sassy Lassie vs. Dragon101 : @0/ A0/ B1+ C2/ B0/ B0/ A2+ B0/ D1/ B0/ B0/ C8+ A9/ @8\ @6+ B4+ G6\ G7\ F9\ C10+ H7+
Trax_5106328 Marko vs. Goonerg : @0+ B1+ A0/
Trax_5106384 Sir Pussycat vs. JiffyJeff : @0/ @1/ A0\ @2\
Trax_5106641 jazzbeth vs. Authority : @0/ @1/ B2/ C2/ C3/ D3/ D4/ E4/ E5/ F5/ F6/ G6/ G7/ H7/ H8/ I8/ I9/ E6/ A0/ @1/ H6/ F8/ I6+ F9/ G5/ F10/ J6+ F11/ I5/ G12\ E9+ D8/ D10+ D12\ C1/ D1/ J7\ K7+ K11+ I12/ E1\ C5/ B5/ B6/ A3+ @3/ @6+ D7/ B2+ @5+ E8/ K13/ J4/ A8+ C9\ L3/ M3/ N3/ O4+ I14+ G13+ F13/ O11/ P5/ I1/ G0/ M14+ M15/ J16/ H4+ J3+ @6/
Trax_5106653 Traxplayer vs. ypercube : @0/ @1/ B0/ @1/ D1+ @1/ B0\ B0+ B4/ B5/ F3\ E6+ C0+ F3+ D0+ B2\ E9/ @5+ B9/ B10+ A8\ A7+ B4\ @7+ I7+ G10+ H10+ G11/ A9/ A10/ A11+ @9+ K6/ J5+ G10+ G12/ E11+
Trax_5109391 ypercube vs. thebodywall : @0/ B1+ B2/ C2\ C3\ A2/ D2/ D1/ B0\ D1/ D0/ E1/ A5/ A6/ @4+
Trax_5111847 dgb vs. marlisam : @0+ @1\ C1\ A2+ B0+ @1/ B0+ @3+ C5+ C6/ B6/ @4/ A5+ C7/ A7+ @7/ D8/
Trax_5115110 DINGEROO vs. Goonerg : @0/ @1/ A2+ B3/ C1+
Trax_5115243 JiffyJeff vs. Rogue Trooper : @0/ A0/ A3/ @3/ C2\ C3+ A4/ @2+ E3/ B5/ D6/ B6/ @2/ F6+ RESIGN
Trax_5115246 dgb vs. Rogue Trooper : @0+ B1+ C1\ C2\ B3\ @1+ B3/ C4/
Trax_5115299 golfnutrof vs. Dragon101 : @0/ A0/ @2/ @1/ C0/ @1/ E3+ E4\ E5+ F3+ B5/ D6+ A3\ @3+ B6+ @4/ A5+ D7/ B7+ B2+ @4/ E0/ D0+ B1+ E0/ F3/ A10/ C11/ @9\
Trax_5115341 JiffyJeff vs. jazzbeth : @0/ @1/ B2/ C2/ @1/ D1/ E1/ C3\ A2/ B0+ B0/ F3/ G3/ F0+ E0/ B2+ D0/ D8+ E1+ E9/ H5+ H7\ I5/ @5\ A4+ D0+ J3+ K6/ G2/
Trax_5115480 ypercube vs. Traxplayer : @0/ @1/ B2/ C2/ B0/ C1+ D2+ B4+ E3+ C5+ F4+ @2/ C0+ E7+ G4/ H7\ H8\ H4+ I5/ I6+ J5/ I9/ I3\ RESIGN
Trax_5118766 Sir Pussycat vs. PuggieLover : @0/
Trax_5128217 Nukkle Dragger vs. Riika : @0+ B1+ A2\ A0\ @1\ @1+ B3+ @1+ F3/ G3/ F1+ F0\ D0/ F6+ H5/ H2/ E1/ I3/
Trax_5135396 Marko vs. Lorraine of the Renegades : @0/ A2\ B1/ C1/ D1\ C2\
Trax_5137090 dgb vs. Traxplayer : @0/ @1/ A0/ @1/ B0/ C2/ D2/ @2+ A3/ A4+ B5/ E4+ F3\ G3\ G4\ G5\ F6+ H2/ F1\ @5\ H0/ I1/ B1+ I0+ J3\ D1+ B8+
Trax_5137883 JiffyJeff vs. Rogue Trooper : @0/ @1/ C1/ D1/ B2\ A3+ C3+ E1/ RESIGN
Trax_5138008 thebodywall vs. jazzbeth : @0+ @1/ A0\ @2/ A1+ A3\ B3+ C1+ C0/ C0/ D1/ A1\ C0+ @4+
Trax_5142034 Goonerg vs. JonathanT : @0/ @1/ C1/ D1/ B2+ A0+ B0+ D0+
Trax_5143489 Goonerg vs. Dragon101 : @0/ A0/ A3/ A4/
Trax_5143596 Authority vs. Sir Pussycat : @0/ B1/ B0\ C1/ B0/
Trax_5143781 PuggieLover vs. Charlo :
Trax_5150351 Miss Traven vs. chuckwagon : @0/ A2/ A0\ @3\ A1/
Trax_5150366 ypercube vs. Rogue Trooper : @0+ B1+ B0+ @2+ A3/ @3/ A4+ @3+ B5/ F2+ C1\ A5/ D4\ D5/
Trax_5150422 JiffyJeff vs. Traxplayer : @0/ @1/ C1/ A2+ A3+ B0\ D3/ B0+ @4\ @4\ F3/ G2\ H2\ A2\ I1/ C0/
Trax_5152062 rabbitoid vs. Carroll : @0/ B1+ C1/ C0\ A1\ @2/ @2/ F1\ D0/ F4\ G4\ G2+ D4+ F5\ E0\ G0+ G7\ H6+
Trax_5152088 Sir Pussycat vs. Dragon101 : @0+ A2/ A3/ A0/ @1/ A5\ @1\ C0/ D3\ A6/ A7/ @2/
Trax_5152137 golfnutrof vs. Authority : @0/ @1/ A2/ B3+ C1/ C0/ D1/ A5\ C5+ @1+ A0\ A6/ @6+ C7/
Trax_5155598 JiffyJeff vs. Marko : @0/ B1\ B2\ B0/ C2/
Trax_5156873 jazzbeth vs. JonathanT : @0/ @1/ B2/ B3/ C2\ D2+ E1\ E0+ B1+ F3/ D0/ C5\ D6/ C7\ E5+ F6+ C8+ A4+ B7+ D8+ @6/ A7\
Trax_5157204 * vs. volvath : @0+
Trax_5161558 DINGEROO vs. Charlo : @0/ A0/ B1+ B0+ C3\ A4+ @3/ B5+ A1\ @3/ D0+ E3/ F3/ D0+ G4\ C8+
Trax_5161734 Marko vs. leewisdomjr : @0/ B1\ A2\
Trax_5161994 Rogue Trooper vs. Traxplayer : @0+ B1+ A2\ A0\ @1\ @1+ B3+ C0/ D1/ C5+ E4/ F3\ D0+ E3+ C7/ A6+ @6/ @5+ @5/ @6\ B7+ E8+ B4+ B8/ B9/ B10/ @8+ @9\ B11+ L6\ M7/ M8+ G10+ D11+ M3/ N5+
Trax_5163777 thebodywall vs. JonathanT : @0+ @1+ A2\ B0/ C3/ D3/ D0/ E3+ C0\ B1\ A1\ A0\ @1\ F1/ A0+ G4+
Trax_5163778 JonathanT vs. thebodywall : @0/ B1\ A2/ @2+ @1+ @1\ A0\ @1\ D0+ F2+ F0\ G3+ C1/ B0+ H5/ H6+
Trax_5163779 thebodywall vs. jazzbeth : @0+ @1/ A0/ @1+ C3\ C4\ A4+ D3+
Trax_5163780 jazzbeth vs. thebodywall : @0/ A2/ B1\ @2+ @1/ A0+ A0+ @2+ C1+ E2+ A1+ C0\ D1+ F3+ F2+ F0/ G3/ G4+ @3/ C1\ B2+ B1+ A1\ @1\ A0\ @4+ F8+
Trax_5163781 thebodywall vs. Riika : @0+ B1+ A0/ A3/ @3+ @3\ B1+ @2/ @1+ D0\ B5/ A5/ @5/ A6/ @3+ A2\ C0\ @5+ A3\ A1+ E0/ A9/ @8+ G9\ A5+
Trax_5163782 Riika vs. thebodywall : @0/ B1+ C1/ A2/ A3/ C2+ D1/ C4\ D4\ E4\ F4+ D5+ @4\ G5\ F6/ H3+ B6/ C7/ H4+ F0+ C1+ F0/ @3+ A2\ A7/ J5/ @6\
Trax_5163783 SIRI vs. JonathanT : @0/ A0/ @2\ C1/ D2\ B3+ E1/ E0/ A4+ B1\ E4/ D0+
Trax_5163784 JonathanT vs. SIRI : @0/ B1\ A2/ B2+ @1+ C3\ B4\ D3\ A4/ @3/ C5/
Trax_5163785 SIRI vs. jazzbeth : @0/ @1/ A2/ C2/ B0/ A0/ A0/ C4+ B6/ @5\ A4+ D2/ @4/ F3/
Trax_5163786 jazzbeth vs. SIRI : @0/ A2+ B1/ A3\ C3+ B0/ @2+ D5\ E5\ E2\ E6+ F6\ B6/ A5/ C7/
Trax_5163787 SIRI vs. Riika : @0/ @1/ B0/ @1/ C0/ A3/ @1\ A0+ A0/ B1/ C2/ A0\ @2/ @3\ E2+ F2+ B5\ @3\ @2\ D1+ I3\ A4/ E0\ B6/
Trax_5163788 Riika vs. SIRI : @0/ A2\ B2\ A0/ @2/ @3/ C4+ A2+ B5/ A4+ D1+ E3\ E5/ E1/ F1/ A5/ F5\ G3/ F6/
Trax_5163789 JonathanT vs. jazzbeth : @0/ @1/ C1/ C2/ C3/ D1\ E1\ D3+ E3\ D4/ D5/ C5/ B5/ A4+ @3/ D0+ F1/ G1/ G3+ F7+ D0\ G7+
Trax_5163790 jazzbeth vs. JonathanT : @0/ @1/ B2/ B3+ C3\ B4/ C5+ A4/ D4/ A6+ E1+ RESIGN
Trax_5163791 JonathanT vs. Riika : @0/ @1/ @1/ @1/ E1+ F1+ B2/ B3+ A2/ B0+ F4\ F5+ G3+ G5+ C5+ G6/ E7+ C6+ B6/ A5+ C0\ @4+ F2+
Trax_5163792 Riika vs. JonathanT : @0/ @1/ C1/ D1/ C0+ D3+ C4+ E2+ @4/ RESIGN
Trax_5163793 jazzbeth vs. Riika : @0/ @1/ B2/ B3/ C3/ D3/ A0/ @1+ A0\ @1\ @1\ A0\ A4/ B0+ C6/
Trax_5163794 Riika vs. jazzbeth : @0/ @1/ C1/ C2/ D1/ B0\ B0+ C0+ B5+ A2\ @4/ C6+ E6\ F4/ A6/ E7+ @6\
Trax_5163795 coopaah vs. ypercube : @0/ B1/ C1/ D1/ A0\ @2/ B3+ C0+ D5+ D0\ @5\ @4/ H5+ H7\ I6/ H1+ E0/ I4\
Trax_5163796 ypercube vs. coopaah : @0/ @1/ @1/ A0+ D2/ E1\ C3+ B0\ A5/ @5/ F5\ C6/ G4\
Trax_5163797 coopaah vs. Authority : @0/ @1/ @1+ B2\ D1/ A0/ A3+ A4/ C4\ C5\ E2/ B1+ D6/ A5/ @5/ G1\ D0\ B7\ A8/ @6/ A8/
Trax_5163798 Authority vs. coopaah : @0/ @1/ B2/ @1\ B0/ A1+ @2/ A3+ D4/ C0+ D1/ @4/ A5/ F4+ D0+ @5/ A4/ A6/ G7+ F8\ G9/ H7+ E0\ C4+ B3/ C2\ C0+ E10+ I9/ H10\ I7/ J7/ K7/ @6+ B4+ H3\ G2+ E0\ A4\ C3+ @8\ A6+ @6\ B4+ A9/ @6\ C10/
Trax_5163799 coopaah vs. Traxplayer : @0/ @1/ @1/ @1/ E1/ C2+ E0/ A4/ @4/ F4\ G4\ D5+
Trax_5163800 Traxplayer vs. coopaah : @0/ @1/ B0+ C2\ A3+ B4/ B5/ @4\ D4\ A2+ E2/ E1/ F1/ C0/ F6\ C7/ G5\
Trax_5163801 coopaah vs. dgb : @0/ A0/ A3+ B3+ A4/ @4/ A2+ B5+ C5\ D1/ B0/ D6+ D7\ E3\
Trax_5163802 dgb vs. coopaah : @0/ @1/ B0+ C2\ A3+ B4/ B5/ B6/ C4+ D3\ @5+ E1/ F1/ D7+ E6\ F6\ F7\ D8/ A1\ @2+ B0/
Trax_5163803 ypercube vs. Authority : @0/ @1/ C1/ @1/ D2\ E1+ A3/ @1/ F3\ C4+ G1\
Trax_5163804 Authority vs. ypercube : @0/ @1/ A0/ C2/ B3\ @2+ B0/ @2+ E2\ B4/ B5/ F3/ G2\ H3/ D0\ E2+ @1\ C0+ E1+ C0/ G2+ G1/ G0+ H3+
Trax_5163805 ypercube vs. Traxplayer : @0/ @1/ C1/ D1/ C2/ A0+ B0+ E2+ D5\ E3+ B0/ D7+ E0/ F3\ B8+ B9+ A8+ D0\ A3\ @4/
Trax_5163806 Traxplayer vs. ypercube : @0/ @1/ A2+ C1+ A0/ A4/ B4+ A5/ D3\ E3\ @1\ A0\ @2+ @3/ A4/ C5/ @4\ D0/ E2+ F2/ F1/ H4+ J5/ F8\ G8\ H6+ I7+ G1/ E0\ G0\ J9\ K9\ I11/ E11+ K12+ L11\ F12+ I13+ G13/ G14/ I4+ J4\ D11/ D12+ C10+ L8/ RESIGN
Trax_5163807 ypercube vs. dgb : @0+ B1+ B2\ A0/ B4\ @2+ A3/ B5+ B0/ A2+ @5\ @4+ F4+ G3\ H4/ G5+ I5/ H6/ H7/ H2+ I3/ J7+ I8\ J3/ RESIGN
Trax_5163808 dgb vs. ypercube : @0/ @1/ B0+ @2+ A0/ @3+ C4/ C1+ E4\ E5+ F3/ RESIGN
Trax_5163809 Authority vs. Traxplayer : @0/ A0/ @2+ B0+ @2/ D2\ B4/ B5/ B6/ @2+ E3+ D4+ F3\ A4+ B7+ @1/ A0+ @3/ E0/ F1/ G1\ I5\ J5\ C0\ B1\ A2\ B0/ D12\ D13\ B9\ A8/ @11+ C12\ @9\ B8+ D0/ G2+ J4\ K4\ J10+ J11+ G12+ M9+ K7+ J6+ @11/ A12/ @11+ B13+ C14+ C15/ D14+ G15\ F15+ F16/ F17\ B14/ @11/ @11/ B10+ @10/ D13+ E9/ F7\ H5/ E7/
Trax_5163810 Traxplayer vs. Authority : @0/ @1/ A0/ B1+ A3+ C1\ @2\ C0/ C0/ C0/ C0/ E7\ C8+ E3+ RESIGN
Trax_5163811 Authority vs. dgb : @0/ @1/ B2/ C1+ C3/ B0\ @2/ A3/ B4/ A1+ @3/ @3+ A4/ E0/ F1/ A1\ B0+ @3\
Trax_5163812 dgb vs. Authority : @0+ @1+ B2+ C1+ C0+ D2+ D1+ E1+ F1\ D0+ E3+ C1+ @3/ C2+ F4+ E0/ H4\ H5\ I5\ G6/ I3/ F2/ J3\
Trax_5163813 Traxplayer vs. dgb : @0/ A0/ @2+ B0+ @2/ D2\ C4/ C5/ A4+ @3\ @3+ B0\ A1\ A0\ RESIGN
Trax_5163814 dgb vs. Traxplayer : @0/ @1/ A0/ @1/ B0/ C2/ D2/ E2/ B4/ D1/ D0+ E2+ C6+ E7\ F7\ A6\ F2\ RESIGN
Trax_5163815 Carroll vs. Brian Nicholls : @0+ @1/ B2\ B0\ C2/ B4\ @3\ C5+ A0\ @1\ E1/ F1/ C0/
Trax_5163815 Carroll vs. Justvisiting : @0+ @1/ B2\ B0\ C2/ B4\ @3\ C5+ A0\ @1\ E1/ F1/ C0/
Trax_5163816 Brian Nicholls vs. Carroll : @0+ B1+ A2\ B0+ B0\ A2\ @2\ B1\ B0\ A2\ @2\ A1\ B5+ E3/ B0\ @2+ F5\ G5+ G4+ H5\ F7\ G6+ A1\ B0/
Trax_5163816 Justvisiting vs. Carroll : @0+ B1+ A2\ B0+ B0\ A2\ @2\ B1\ B0\ A2\ @2\ A1\ B5+ E3/ B0\ @2+ F5\ G5+ G4+ H5\ F7\ G6+ A1\ B0/
Trax_5163817 Carroll vs. Charlo : @0/ A0/ @2+ B0+ C2+ A4+ C4\ D3/ B0\ @1+ C6+ A5\ @2\ B0+ @3\ E8/ B6+ @3\ @5+ A6/ E7+ D8+ F9\ G10/ D11+ C9+ H9+ I7/ I9+
Trax_5163818 Charlo vs. Carroll : @0/ B1+ B0+ C2\ A3/ B0+ C5+ @4/ A6/ @6/ A7/ B2\ D0+
Trax_5163819 Carroll vs. BrnIdGirl : @0+ B1\ C1\ B2/ A0/ B4\ @1/ B3/ A0\ @2/ A5/ B6/ @5\
Trax_5163820 BrnIdGirl vs. Carroll : @0/ A0+ @2\ B0/ A1/ C2\ @1\ C0+ D5\ E5\ C6/ B6/ A4\ C0+ C0\ B1\
Trax_5163821 Brian Nicholls vs. Charlo : @0/ A0/ B1\ A3\ B3\ B4\ C4\ @1\ A0\ A5/ @4/ C6/
Trax_5163821 Justvisiting vs. Charlo : @0/ A0/ B1\ A3\ B3\ B4\ C4\ @1\ A0\ A5/ @4/ C6/
Trax_5163822 Charlo vs. Brian Nicholls : @0/ B1\ A2/ B2+ B3+ C3\ C4\ @3/ A4/ A5/ A1\ @2\ B0/
Trax_5163822 Charlo vs. Justvisiting : @0/ B1\ A2/ B2+ B3+ C3\ C4\ @3/ A4/ A5/ A1\ @2\ B0/
Trax_5163825 Charlo vs. BrnIdGirl : @0+ B1\ B2/ A2+ @2/ A3+ @3/ C0/ E1+ E0/ B2/ A2/ @2/ D6\ E6\ F4\ F5+
Trax_5163826 BrnIdGirl vs. Charlo : @0/ A0/ @2+ A3+ @1\ C0+ B0/ A1+ B6\ C6\ D5\ C7+ A6\ A0+
Trax_5165118 golfnutrof vs. ypercube : @0/ @1/ B0/ @1/ D2/ @1/ E1+ C0+ A3/ @3/ A4/ G4\ G5\ E0\ @3+ A1+ B0+ @3+ A6+ J5/ J4/ I3/ J3/ D0+ D0\ J10/ I3+ @5\ A3+ L10\ K11/ L3/ M4+ K2/
Trax_5165231 jaha vs. Traxplayer : @0/ @1/ A0/ @1/ B0+ @2/ A3/ A0\ @3+ @4\ B5+ @4+ C6+ A6/ @5\ @5\ C7/ RESIGN
Trax_5165232 ypercube vs. jaha : @0/ A0/ B2/ A3+ C2/ @3/ A2+ E2/ A4/ A5+ F3+ C4+ G3/ H3/ C1+ @2\ B6/ I4\ G5+ J4/
Trax_5170169 dgb vs. Riika : @0/ @1/ @1/ @1/ B0/ D1/ D3+ E2/ A0\ @1/
Trax_5170170 Riika vs. dgb : @0+ B1+ B2/ B0/ C1+ D1\ B4+ C4+ C5\ D5\ E5+ C6+ B5/ A5/ A6/ @4\
Trax_5170343 Sir Pussycat vs. PuggieLover : @0+
Trax_5170533 Charlo vs. Dragon101 : @0/ A0/ A0/ A0/ @3+ C4+ D3+ B0/ @2+ C6+ C0/ C0/ F2+ @4/ A6+ H3/ F0+ @6+ I2+ J3+ J6+ J7\ A5\
Trax_5170613 Riika vs. rabbitoid : @0/ @1+ C1/ B2+ C0+ D2/ D0\ C0/ E5\ E6\ C0/ E4+ F7+ G5+ G3+ F1/ D0\ @6\ I4/ C4+ J2/ H1+ G0/ J5+ K4+ A8/ @8/ C9+
Trax_5174511 Carroll vs. Rogue Trooper : @0+ B1+ A0+ @2+ C3+ D2+ D3+ E2+ E1+ D4\ F2/ E3\ G2/ G0/ H1/ H3+ F0+ E2+
Trax_5178348 Traxplayer vs. Goonerg : @0/
Trax_5178529 JonathanT vs. Nukkle Dragger : @0/ B1\ B2\ A2+ A3+ @2\ @1/ E3/ E4\ F3/ D0+ D6+ C6/ C7/ B4+ A7+ @2/ B1\ C0+ H3+ C0\ A2\ @4/ F1/ I2/
Trax_5178530 Dragon101 vs. davidmilne : @0/ @1/ A0/ @2+ @1/ D1+ E2/ E3+ C0+ C0/ E2/ F3\ @3+ D0/ E0+ B7\ E8+ D9\ A3+ A7/ B8+ D10\ G8+ B10/ D11+ A9\
Trax_5179782 JonathanT vs. JiffyJeff : @0/ @1/ @1/ @1/ A0/ @1/ B0/ C2+ F3/ D4+ A3/ F1+ C0\ B6/ E6+ A6+ A0+ @4+ @4/ A3+ I5/ I2\ J5/ E8+ E9\ F10/ D9+ J8+ K5+ G2\ I1\ F1+ C0/ F1+ E0/ D0\ C1\ B3+ J13\ G14+ L10+
Trax_5179783 JiffyJeff vs. JonathanT : @0/ A0+ B2/ A0/ C2+ D2/ D0+ E2/ @2/ B1+ @3+ A1\ C0\ B0/ @5+ @5\ B2+ J4/ G6\ E7+ E0\ H1+ RESIGN
Trax_5182588 dgb vs. BrnIdGirl : @0/ B1\ A2/ A0/ A0/ C2\ @2\ @3+ @3\ F3+ A1\ @2/ D0+
Trax_5182589 BrnIdGirl vs. dgb : @0/ A0/ @2+ B0+ C2/ @2\ D4\ E1\ E4+ F1\ C5/ B5/ E5\ G3+
Trax_5182590 dgb vs. ypercube : @0/ @1/ A0/ C2/ @2\ B3/ C4+ D1/ E4+ C5/ C6/ F3+ G2+ B0+ A2\ H3\ C0+ B9\ @4+ @3/ @4\ H7\ I6\ E10/ D10/ RESIGN
Trax_5182591 ypercube vs. dgb : @0/ A0/ B2/ A3+ @2+ B0/ C2/ @2\ @2\ @2\ C1+ E0/ C0/ F2+ E7/ E8+ D6+ C7\ D8+ @6/ A7/ H6\ RESIGN
Trax_5182592 BrnIdGirl vs. ypercube : @0/ A0/ @2\ A3/ @3/ A4+ C3+ D3+ C5\ D5\ E4/ E1/ F3\ D0/
Trax_5182593 ypercube vs. BrnIdGirl : @0/ B1\ A2/ @2/ A0+ @2\ C4\ D4\ @2\ A1\ C0/ D6\ E1/ C0/ F3\
Trax_5182594 Brian Nicholls vs. Authority : @0/ @1/ A0/ @1/ D2/ D3/ C1+ E2/ B3\ B0/ D1+ F2+ C0/ C0/ A5+ D2/ F6\ E7/ G4\ H4\ H3+ @3+ C2+ C0/ A2\ @3/ J6/ I8/ H9\ I10/ C7/ D8/
Trax_5182594 Justvisiting vs. Authority : @0/ @1/ A0/ @1/ D2/ D3/ C1+ E2/ B3\ B0/ D1+ F2+ C0/ C0/ A5+ D2/ F6\ E7/ G4\ H4\ H3+ @3+ C2+ C0/ A2\ @3/ J6/ I8/ H9\ I10/ C7/ D8/
Trax_5182595 Authority vs. Brian Nicholls : @0/ B1\ A2/ A0/ A0/ C2+ A0/ @2\ E3\ @3+ E5\ D6\ F1/ A6/ E0/
Trax_5182595 Authority vs. Justvisiting : @0/ B1\ A2/ A0/ A0/ C2+ A0/ @2\ E3\ @3+ E5\ D6\ F1/ A6/ E0/
Trax_5182598 Authority vs. SIRI : @0+ B1/ @1/ A2/ A3/ B4/ B5/ C5/ A5/ D5\ C6/ B6/ @5/ A0\ @2/ F7+ F8\ E9\ F5/ C7/ G6/
Trax_5182599 SIRI vs. Authority : @0+ @1+ A0/ B3\ B4\ A3/ A4/ B5\ C5+ D4+ D5+ D1/ E1/ B0/
Trax_5183170 Goonerg vs. Sassy Lassie :
Trax_5188296 Carroll vs. dgb : @0+ B1+ B0+ C2+ C3+ D2+ D3+ E2+ E1+ D4\ F2/ G1\ H2/ H0+ H4+ @3\ A2\ B4/ C1/ D1/ H0+ @3\ B1\ @5+ A6/ @6/ D7+ A3\ E6+ @5\
Trax_5189845 Sir Pussycat vs. JonathanT : @0/ @1/ B0+ @2+ B3+ B4\ A3/ A5\ B5+ A0+ @4/ @4/ B1\ @3\ B2+ A6/ A2+ @5\
Trax_5190135 PuggieLover vs. Goonerg :
Trax_5191654 supermac vs. lhh61 : @0/ @1/ A0+ A0\ @3/ A4/ @4/ C5+ E3/ D1+ @1+ A0\ G6\ F7+ H5+
Trax_5191666 Sassy Lassie vs. * : @0/ B1\ A2/ @2+ D1/ B0/ B4\ C4\ @1+ B0+
Trax_5195650 Goonerg vs. volvath : @0/
Trax_5196448 Rogue Trooper vs. Traxplayer : @0+ B1+ A2\ A0\ B4/ @3\ D4\ D5\ B5+ E3+ D2+
Trax_5201628 B Line electric streetcar vs. JiffyJeff : @0/ @1/ C1/ D1/ B2/ C0+ A0\ @1\ E1\ D0/ F5\ E6/ F6+ F7\ D0/ C7+ F9+ G9\ C9/ RESIGN
Trax_5201629 JiffyJeff vs. B Line electric streetcar : @0/ A0/ A0/ @2+ B4/ C2/ D3+ E2\ D1+ A0\ @1\ A3+ G4/ @3+ @3\ A2\ C5/ I5+
Trax_5203301 JonathanT vs. JiffyJeff : @0/ @1/ @1/ B0+ @2/ C3\ C4+ D4\ E4\ @3\ A5+ @5/ G5+ RESIGN
Trax_5205191 Guyver vs. JiffyJeff : @0+ @1/ B2/ A0/ @2/ A3/ A4+ @2+ D5\ E5\ C6/ B6/ E2\ F5/
Trax_5205192 JiffyJeff vs. Guyver : @0/ B1\ A2/ B2+ A0/ @3/ D2+ B4+
Trax_5205315 rabbitoid vs. Rogue Trooper : @0/ A0/ B1+ B0+ @3+ B4+ C5/ D5+ A1\ @3\ C0+ B0/ B0/ E4/ F4/ A7/ @5/ @6\ C4+ @4+ C3/ @5\ B6+ C2+ C7+ @6+ B3+ A4+
Trax_5205377 Sir Pussycat vs. PuggieLover : @0/
Trax_5206286 golfnutrof vs. Traxplayer : @0/ @1/ A2/ B3+ C1/ C0/ D4+ E3+ E4\ C5/ @2+ B0\ E1+ G1+ H2/ F0+ E1\ G6\ D8/ B7+ H6\ RESIGN
Trax_5210274 golfnutrof vs. Goonerg : @0/ @1/ A0/ B3\ C2/
Trax_5210360 Authority vs. Rogue Trooper : @0/ A0/ @1/ B0+ C3/ D3/ C2/ @1+ C4/ E5+ F3/ F2/ G5+ E6/ E0+ E0/ E0/ B3+ G1/ H5/
Trax_5214067 balmoral vs. Goonerg : @0+ A0/ A3/ @2+ C2/
Trax_5214245 Traxplayer vs. JiffyJeff : @0/ A0/ @2/ C1\ A0\ @3/ B4+ B0+ C6/ D4\ @3+ A2\ F4\ F5\ G3/ F2+ A0\ @1\ I6+ J5+ H7+ RESIGN
Trax_5220732 Charlo vs. JiffyJeff : @0/ A0/ B1+ B0+ @3+ B4+ @2\ B1+ B0\ A1\ @1+ C0/ D1/ F1/ F0/ F7\ D8\ G6/ F5+ G4+
Trax_5223252 rabbitoid vs. Traxplayer : @0/ @1/ @1+ A0+ @1\ A0\ C1+ @2+ A3/ E4\ A4+ @3/
Trax_5228838 Rogue Trooper vs. golfnutrof : @0+ @1+ B2/ A0\ @1\ C1/ B0\ @2\ B4+ C5\ B1+ E4+ D6+ F4+ C0/ D1/ D0/ E3\ G6/ F1/ F0/ H5/ H4/
Trax_5229022 Nukkle Dragger vs. Riika : @0+ B1+ B2/ A0+ A0/ B1/ B0/ C4+ D3+ C0\ D5+ D6\ A7\ D0/ E2\ A1\ @3+ D0\
Trax_5229061 dgb vs. jaha : @0/ A0/ A0/ @1/ B0/ A4/ C4+ A5/ D3\ E1+ D0/ D0/ E1/ F2/ @7/ D8+ @3+ RESIGN
Trax_5229097 ypercube vs. Carroll : @0/ A0/ B2/ B1+ @2+ C3+ B4/ A3+ @3/ A4/ A5+ @3\ A2\ E4+ @4+ B5/ B1\ B0\ @5\ H2\ A6/ RESIGN
Trax_5231690 Sassy Lassie vs. JonathanT : @0/ A0/ @2+ B0+ A0/ A0/ A0/ A0/ @2+ D7\ C8+ D2+ E4+ B0/
Trax_5231848 Charlo vs. * : @0/ B1\ A2/ @2+ B0+ A0/ @1+ @1/ B0+ C0\ B0/ B0/ D4+ E1+ B0/
Trax_5231878 PuggieLover vs. JiffyJeff :
Trax_5232056 jazzbeth vs. Traxplayer : @0/ @1+ A2/ A0\ @2\ C0/ D3/ A1\ D4\ @2/
Trax_5234136 Dragon101 vs. Goonerg : @0/
Trax_5234261 Charlo vs. golfnutrof : @0/ @1/ @1/ A0/ @1/ @1/ C0+ A0+ @1\ B4/ @1\ C0/ E6+ G4+ A6/ @2\ D7/
Trax_5235602 Rogue Trooper vs. Traxplayer : @0+ A0/ B1\ A3/ @3/ @3+ B1+ C0+ B0/ B0/ D2+ @5+ @5/ E0+ G4+ E0/ G1+ H2+ E9+ G7/ G8+ H5\ I4/ J4+ I6/ G0/ H1/ I3+
Trax_5237770 Sassy Lassie vs. DarkIzeul : @0/ B1\ B2\ B3\ A0\ @2/ A1+ B0/ C1/ D2/ A1+ B5/ D6/ C0/ A6\ D2+
Trax_5239142 Morticia vs. JiffyJeff : @0/ @1/ B0+ C1+ A3+ @2+ C4\ D4\ @2\ A0+ @1+ A0\ B1+ D1/ E1/ B0+
Trax_5239143 JiffyJeff vs. Morticia : @0/ A2\ B2\ B3+ C3+ B4+ D3+ C4\ D2/ D1/ @2+ F1+ B0\ A1\ A5/ B0+ @5/
Trax_5239433 Rogue Trooper vs. CHESSCATJAY : @0+ A0+ A0+ B2/ @1\ D2/ B0+ A0/ @1+ @2/ A3/ A4/ D6+ E1/ C0/ D0\ E1+
Trax_5241923 Miss Traven vs. Christine : @0/ A2\ B1/ B0+ B3\ C3\ C4\ C5+ D4/ B0+ C3+ D3/ E4/ B0+ D3/ C8+
Trax_5243448 Traxplayer vs. jaha : @0/ A0/ @2/ @1+ C0/ B4/ @3+ B5+ @3/ @4+ G3+ G5+ H1/ F0/ H6\ I6+ E7+ C1\ C0\ B3+ A4/
Trax_5243576 JonathanT vs. Charlo : @0+ A2/ A0\ @3/ A0/ @3+ D1/ D0/ B6/ @6/ C7/ B1\ D0+
Trax_5245874 Sir Pussycat vs. JiffyJeff : @0/ @1/ A2+ @2+ C3\ D3\ D2+ @2+ F1/ F0/ A4\ C5+
Trax_5245916 golfnutrof vs. supermac : @0+ B1\ @1\ A0\ B3/ B4/ @4+ A5/ C5+ @3+ A5/ @5+ E6\ G3/ C0/ A1+ @3+ C0+
Trax_5250283 Goonerg vs. volvath :
Trax_5250284 PuggieLover vs. Goonerg :
Trax_5250483 golfnutrof vs. Dragon101 : @0/ A0/ @2/ @1/ @1/ C0/ C4/ B3+ D5\ E5\ A0+ @4\ B5+ F3+ G4/ C0+ D8/ C7+ @2+ F3/
Trax_5250672 dgb vs. ypercube : @0/ @1/ A0/ @1/ B0/ B4+ D3\ C5+ D2/ E1\ B5/ RESIGN
Trax_5262330 golfnutrof vs. Sir Pussycat : @0/ A0+ @2/ B3\ C3\ @1/ C0+ A3/ E4/ E3/ E2+ F2/ F1/ E0/ F4+ G2/ H2+ G1\ H5\ I4/ G6/
Trax_5262426 JiffyJeff vs. Dragon101 : @0/ A0/ @1/ A2/ B0\ @2/ D2/ C4+ E4+ D5/ F4\ G4\ F6\ G6\ H6\ G3/ H4\ I5/ E7+ F8/ C7/ C8/ B5/
Trax_5264224 leewisdomjr vs. Goonerg : @0+
Trax_5264334 Traxplayer vs. JiffyJeff : @0/ B1/ B0\ @2/ @2+ C1\ D0/ E2+ F2/ F1/ G1/ RESIGN
Trax_5266194 DarkIzeul vs. LyndiLoo : @0/ B1\ A2/ @2/ C2\ C3\ D1/ B0/ @1\ B0+ C0/ D2+ D1+ E2+ F2/ F1/ D0\ F4\ G3/ @4\ A3\ C2+ H4\ I3+
Trax_5270985 lhh61 vs. Carroll : @0/ B1/ C1\ A2+ A0\ @1\ C0/ D1/ E1/ D0/ E1+
Trax_5275407 Goonerg vs. golfnutrof :
Trax_5275451 PuggieLover vs. Sir Pussycat :
Trax_5275484 JiffyJeff vs. Rogue Trooper : @0/ A0/ A3/ A4/ B2\ A5\ B5\ B6\ C6\ @6/ A7/ A1\ RESIGN
Trax_5275674 Traxplayer vs. ypercube : @0/ @1/ A0/ C2/ @2\ @2\ D1+ E3+ D4+ F1\ G2\ D0\ C0/ A3+ H4+ H3/ RESIGN
Trax_5277425 Dragon101 vs. Sassy Lassie : @0/ B1\ A2/ A0/ @2+ C0/ D3+ B1\ B0/
Trax_5277580 JiffyJeff vs. Charlo : @0/ @1/ C1/ A2+ A3+ @2\ C0\ C0\ RESIGN
Trax_5279598 balmoral vs. davidmilne : @0+ A2\ B1+ B0+ A1+ B0+ B0\ A1\ @1+ C0/ D2\ E3/ B0+ A1\ @1+ C0+ A6/ RESIGN
Trax_5282975 Goonerg vs. Sassy Lassie :
Trax_5283327 jazzbeth vs. Goonerg : @0/
Trax_5283332 Traxplayer vs. golfnutrof : @0/ @1/ B0+ @2+ A0/ B1+ @2\ E2+ C4+ A3+ C5+ @2\ C0\ B2+ F5\ F6\ G4+ A1\ @1\ C5\ F7+ A3+ I5+ A5/ RESIGN
Trax_5286148 dgb vs. jaha : @0+ A0/ A0+ B2/ C2\ D2\ C1+ B4/ @3\ D4+ @2+ B0+ @2+ F1/ H3+ G5+ A0\ @3\ I1/ J4/ F1+ RESIGN
Trax_5290452 Dragon101 vs. Sir Pussycat : @0/ B1\ A2/ B2+ B3\ @3/ C4\ D2/ A1\ @3/ B0/
Trax_5292887 Rogue Trooper vs. rabbitoid : @0+ A2\ B2/ B1/ @1/ A0/ D2+ B4\ C0/ D1/ B0+ D7\ E7/
Trax_5295044 LyndiLoo vs. Sir Pussycat : @0+ B1+ A2\ B0/ C1+ @3/ B4\ B1\ D0\ D4+ A5/ B6\ B1+ A6+ A2+ @3\ A4+ B1+ B0\ @4+
Trax_5295254 Dragon101 vs. ypercube : @0/ @1/ A0/ C2/ @1+ @1/ B3+ E1/ A0/ @2+ C0+ G2\ H3/ @3\ A1+ I0+ J4/ E0\ D1\ B0+ A1\ @5/ H1+ F0+ J2/ H9+ J1\
Trax_5296689 golfnutrof vs. jaha : @0/ @1/ B0/ A0+ @3/ C0\ C0\ @5+ C6+ E4+ E1/ D0\ F5\ F8+ G8\ G9\ H6+ G3+ I6/ I5/ I4+ J6\ J7\ J10+ K8/ F10/ G11+ E10\
Trax_5296834 davidmilne vs. Dragon101 : @0/ A0/ B1+ C2/ D2/ B3\ E2/ C0+ A1/ F3/ E0+ D5+ F0\ G2/ H2+ H1/ F0\ A3+ I5\ I6\ D1\ C3+ D0/
Trax_5296870 Traxplayer vs. thebodywall : @0/ B1\ A2/ @2/ B3\ C3\ A4+ D4/ E3\ B5/ E1/ B0/ F2\
Trax_5296941 JiffyJeff vs. DarkIzeul : @0/ A2\ B1/ @1/ B3+ @1\ B0/ A3+ C5+
Trax_5298391 Charlo vs. balmoral : @0/ @1+ @1\ C0/ D1/ D0/ D0+ E3+ B5/ F4/ F5+ D6+ @1+ A0\ A6/ B7\ @4/
Trax_5300235 * vs. leewisdomjr : @0/ B1\ B2\ C2+ B0+ A3+ C0/ D2\ B1+ E2/ D1+ B0+ A2/ @2/ B6+ A4/ @4/ H3\ G4\
Trax_5306204 Judy vs. Rogue Trooper : @0+ B1+ B0\ B3\ C3+ A3+ D2/ D1/ B0\ A5+ @4\ @3/ E5\ C6\ E0+ G1/ G0/ G5\ H3+ F6\
Trax_5306839 Charlo vs. Traxplayer : @0/ @1+ @1\ B0\ B0\ A1\ @1+ C0+ E4/ @3+ C0/ C0/ F7+ G3+ E2+ H2\ I3/ F1+ C0/ E0+ G2+ G9\ H9\ F10/ F11/ I9\ E0/ J12\ H13+ J9/ K12+ H7+ J6+ K10+ J3/ H2+ B3\ B2\ B1\ B0+ A1\ D0/ E1/ E0/ F1/ F0/ G1/ @13\ E14/ D15+ B8+ A4+ L10+
Trax_5307917 jaha vs. Charlo : @0/ @1/ A0/ @1/ B0/ C4+ A4+ C2+ D1\ C0\ @2+ E0/ F1+ G1\ F3+ G3+ G4\ E5+ D7\ H5/ H6+ I6\ I7+ J5/ I4+ I8/ G8+ G9/ F9/ E8+ I2/ J2/ F0/
Trax_5308287 Charlo vs. dgb : @0/ @1/ A2/ C2+ A3/ D1\ @2+ C4+ E3+ @3\ B4+ F0/ G1/ C1+ C0/ A2\ @4/ B1/
Trax_5308288 dgb vs. Charlo : @0/ @1/ @1/ C2\ D2\ D3+ @2+ D4+ @3+ E5+ A5/ @5/ E6+ D0+ C2\ B2\ B1\ B0\ F9\ G8/ A5+ H6/ G2\ H3/ F1+
Trax_5308289 Charlo vs. jazzbeth : @0/ @1/ @1/ A0/ A3+ B1/ @2/ C0\ A1\ @3+ D0+ E1/ F5\ D6+ F1+ G1\ E0/
Trax_5308290 jazzbeth vs. Charlo : @0/ @1/ B2/ C2/ C3/ D3/ D4/ E4/ E5/ F5/ F6/ G6/ G7/ H7/ H8/ I8/ I9/ J9/ J10/ K10/ K11/ L11/ L12/ M12/ M13/ N13/ N14/ O14/ O15/ P15/ P16/ Q16/ Q17/ R17/ R18/ S18/ S19/ T19/ T20/ U20/ U21/ V21/ V22/ W22/ W23/ X23/ X24/ Y24/ Y25/ Z25/ Z26/ AA26/ AA27/ AB27/ AB28/ AC28/ AC29/ Q18+ S17+ Q19/ Q20+ P20/ P18/ O19/ O17/ N15/ P14/ P13/ Q13/ M17/ N18+ Q21+ O12+ L16\ M14+
Trax_5308291 Charlo vs. Carroll : @0+ B1+ A2\ A0+ A0/
Trax_5308292 Carroll vs. Charlo : @0+ A0/ @1/ B0/
Trax_5308293 dgb vs. jazzbeth : @0+ A2+ A3+ @2/ C1\ B4/ B5/ D2/ C4+ B0+ C1+ E3/ A1\ @2\ D0+ G2/ C8+
Trax_5308294 jazzbeth vs. dgb : @0/ @1/ B2/ C1+ A2+ B0\ D3/ E2\ F2\ D4+ D5/ E1+ D0/ F6\ G4/ E7/
Trax_5308295 dgb vs. Carroll : @0/ A0/ @1/ A2+ C1+ B3/ B0\
Trax_5308296 Carroll vs. dgb : @0+ B1+ B0+ C2+ C3+ D2+
Trax_5308297 jazzbeth vs. Carroll : @0/ A0/ B2/
Trax_5308298 Carroll vs. jazzbeth : @0+ A2+ A3+ B2/
Trax_5309443 PuggieLover vs. Goonerg :
Trax_5309540 supermac vs. Traxplayer : @0/ @1/ B0+ @2+ B3/ B0\ B5+ @2\ A1\ @1\ C0/ B0+ E2/ E1/ E0/ @5/ A6/ A2\ C1\ @3/
Trax_5309755 jaha vs. ypercube : @0/ A0/ B2/ A0/ @2\ B0+ C3+ B0/ A3+ @2/ @3\ @2/ D1+ G3\ C4+ A0+ @4\ D0/ E1+ E8+ D9\ C9+ E10\ F10\ D0/ G4/ B1\ RESIGN
Trax_5309826 Goonerg vs. kidgame2001 :
Trax_5312100 Riika vs. JiffyJeff : @0/ A0/ A0/ A0/ @2/ C3\ D3+ B0/ C0\ D0\ D0\ E6+ F6/ A2+ @4/ A5+ A7/ H4+
Trax_5312115 dgb vs. Rogue Trooper : @0+ B1+ C1\ C2\ B3\ D2+ B0/ D4\ E4\ D5+
Trax_5312116 Rogue Trooper vs. dgb : @0+ B1+ B2/ B0/ C1/ D1+ B0+ A1\ A0\ @4+ D5+ B0\ @3+
Trax_5312117 dgb vs. ypercube : @0/ @1/ @1/ B0/ B0/ D3/ D4+ C5+ B6+ B7\ E4+ E5\ E6+ F6\ @4\ RESIGN
Trax_5312118 ypercube vs. dgb : @0/ A0/ B2/ A3+ @1/ D2\ B4\ C5/ A4\ D4\ E4+ E5\ C6/ F3\ E1+ A7/ @7+ A4\ @4+ F7+ C8/ F8+
Trax_5312119 Rogue Trooper vs. ypercube : @0+ @1+ A0/ A3/ @3/ @3+ B1+ A4/ A5/ E2+ @4+ @3+ @3\ C2+ C0+ A2+ E6\ D7/ A1/ D8\ E8\ E9\ F8+
Trax_5312120 ypercube vs. Rogue Trooper : @0/ A0/ B2/ B3/ @2/ A0+ @2\ @2\ A1\ D0\ A5+ @2+ D0+ B0+ A2\ @7+ G3+ G2/ H5\ F7+
Trax_5312121 JonathanT vs. Riika : @0+ B1+ C1/ C0/ C0/ D1/ E2+ E4+ F3/ C5/ B5/ G3+ RESIGN
Trax_5312122 Riika vs. JonathanT : @0/ @1/ C1/ A2+ C0+ A4/ D3+ D4\ D5+ E5\ B6/ A6/ D1+ B7+ E4+ @3\ B0+ A7/ F7\ C9/
Trax_5312123 JonathanT vs. Carroll : @0+ B1+ C1/ C0/ C0+ D2+ E3/ E4+ A1\ B0/ @3+ D6/ B5+ E2/ E7/ G5\ G3+ H3/ I4+ D7+ G1+ D0+ G1+
Trax_5312124 Carroll vs. JonathanT : @0+ A2+ A0+ A0/ B1/ C1/ D1+ E1/ F1/ E2+ F0/ G1/ @4\ F0+ D2+ C1+ D5+ F0/ E7\ C8/ H6\ I5\
Trax_5312125 Riika vs. Carroll : @0/ B1/ B0\ B0\ B0\
Trax_5312126 Carroll vs. Riika : @0+ B1+ A0+ B3+ A0+ @3+
Trax_5313288 Riika vs. JiffyJeff : @0/ A0/ A0/ A0/ B4/ B1+ @3+ D2\ @4\ @3/ @3/ D5+ C6\ D7/ F5\ G4/ A8+ @8/ G8+ RESIGN
Trax_5315493 Goonerg vs. volvath :
Trax_5318625 Traxplayer vs. DarkIzeul : @0/
Trax_5318626 DarkIzeul vs. Traxplayer :
Trax_5318627 Traxplayer vs. JonathanT : @0/ @1/ B0/ A0/ B4+ C2/ B5/ B6/ D2+ D1/ E1+ D5+ E4\ F2/ F3+ F5/ B7/ @4\ @1\ RESIGN
Trax_5318628 JonathanT vs. Traxplayer : @0+ B1+ A0/ A3/ A0/ @2+ @1/ E2+ F2/ D0+ A1+ B0+ A5/ @6\ G5\ H5\ D0\ G7+ F8\ H3/ RESIGN
Trax_5318629 Traxplayer vs. dgb : @0+ B1+ C1/ D1/ D2/ @1\ A2/ @2/ C0\ A4+ @3/ A2+ @3+ F3+ @2\ A1\ @2\ E5/ E6/ F1+ B0\ F1/ H2/ C1+ RESIGN
Trax_5318630 dgb vs. Traxplayer : @0/ A0+ A3/ B1\ @3/ B0/ B0/ B0/ B7+ D2/ E3+ F2\ G2\ C0/ E2+ F5+ @5\ RESIGN
Trax_5318631 DarkIzeul vs. JonathanT :
Trax_5318632 JonathanT vs. DarkIzeul : @0+
Trax_5318633 DarkIzeul vs. dgb :
Trax_5318634 dgb vs. DarkIzeul : @0/
Trax_5318635 JonathanT vs. dgb : @0+ B1+ B0/ B3/ B4/ C2\ @4/ A5/ C5+ @3+ RESIGN
Trax_5318636 dgb vs. JonathanT : @0+ @1+ @1/ A2/ B3/ B0/ B0/ B0/ D3\ E1+ B0/ A4+ @6/ @5+ A3+ RESIGN
Trax_5319039 JiffyJeff vs. jazzbeth : @0/ @1/ C1/ C2/ D2/ A2/ B0+ D2/ C0+ E3/ E0\ F2+ E6/ F0+ C2/ G2+ B2/ @3+ C1\ @5+ C1/
Trax_5324773 Goonerg vs. Rogue Trooper :
Trax_5324875 Authority vs. golfnutrof : @0/ A0/ @1/ A0/ @1/ B0+ @2/ @2/ @1+ A0\ @1\ D0+ C5/ A4+ C6/ B0+ @3/ @3/ I8+ J8\ C8/ B6\ E9/
Trax_5328417 Goonerg vs. Sassy Lassie :
Trax_5328621 PuggieLover vs. LyndiLoo :
Trax_5330455 Charlo vs. Riika : @0/ @1/ B0+ A0/ @3+ A4/ @4/ D4\ E3/ C5/
Trax_5332380 balmoral vs. Carroll : @0+ B1+ B2/ A0+ B1+ A0+ A0/ B1/ B0/ C1/ C0/ D1/ D0/ E2/ F2/ F1/ F0+ G1/ D8+ G7+ H3+ H1+
Trax_5338043 * vs. davidmilne : @0/ @1/ B0+ C1\ B0+ B4+ D4+ C1+ C0/ D1/ E2+ F3/ E4\ E0\
Trax_5338045 leewisdomjr vs. Goonerg : @0+
Trax_5344010 Menelao_1 vs. Goonerg : @0/
Trax_5345556 volvath vs. Dragon101 :
Trax_5348698 Goonerg vs. thebodywall :
Trax_5348768 Rogue Trooper vs. Traxplayer : @0+ B1+ B2/ B0/ C1/ D1+ B0+ A1\ C4+ @3+ F3/ D5+ @2/ H4\ H5\ E6/ C5+ A0\ @1\ C0/ D2+ D1/ B6/ G7\
Trax_5359099 Sir Pussycat vs. thebodywall : @0+ @1+ B2/ A0\ @1+ @2/ A3\
Trax_5359475 Goonerg vs. PuggieLover :
Trax_5361246 Dragon101 vs. Charlo : @0/ @1/ A0/ @1/ @1/ C0+ @1/ E1\ B3/ A0+ @1\ A0\ A0\ @4+ @3+ B0/ B0/ E2+ @4/ G3/ H5+ E7+
Trax_5363981 ypercube vs. Miss Traven : @0+ @1/ C1/ C0\ D1/ D0/ C4/ D0\ C1\ B2\ E2+ C0\ B1\ A2\ @3+ C0\ A2/ B1+ C0+ A7/ @6\ F0/ G3+ B3+ A4\ @4\ A3\ B2\ A6+ @3\ @4+
Trax_5372218 Goonerg vs. Lorraine of the Renegades :
Trax_5372567 Menelao_1 vs. Dragon101 : @0/ A0/ B1+ C2/ D1\ B0/ C4\ C5+ D5\ E5\ @3/ F6+ G4+ A6+ RESIGN
Trax_5376116 jazzbeth vs. Goonerg : @0/
Trax_5376122 ypercube vs. rabbitoid : @0/ A0/ B2/ @1\ A0\ C2+ B4\ D3/ @2+ B4+ F3/ @4/ A5/ C0\ A2+ E2/ G5+ G1/ G6/ E0/
Trax_5376419 ypercube vs. PuggieLover : @0/
Trax_5377356 Christine vs. Miss Traven : @0+ @1\ A2/ @2/ A3+ B0/ C4\ C5\ A1\ A0\ A6+ C2+ D2/ B1/ B0/ @5\ B8+ A4+
Trax_5380429 kidgame2001 vs. Goonerg : @0+
Trax_5381545 JiffyJeff vs. Dragon101 : @0/ A0/ B2/ @2\ A1+ B0+ C2/
Trax_5387278 Charlo vs. supermac : @0/ B1\ A2/ @2/ A3/ C3\ A4+ D2+ C0+ @4+ B6+ @2+ D1+ D0/ C8/ B8/ A8+ C9\ @5+
Trax_5387418 Riika vs. Traxplayer : @0/ @1/ C1/ D1/ C0\ C0/ C0/ B5+ @4/ C6/ A3\ @3/
Trax_5389240 jazzbeth vs. Rogue Trooper : @0/ A0/ B2/ A3+ C3/ B4/ D4/ C2+ B1+ @4\ A2+ A5/ @4+ F5+ E6+ C0+ B0+ F5/ G5/ H4\ D2+ D1/ E3/ A1+ A0+ @7/ A8/ @8/ D9+ E10+ K4/ K3/ K8+ L5\
Trax_5392109 Carroll vs. Sassy Lassie : @0+ B1+ B0+ C2+ C3+ D2+ D3+ E2+ E1+ F2+ D4/ @2+ D1/
Trax_5393412 Goonerg vs. PuggieLover :
Trax_5393583 ypercube vs. JiffyJeff : @0+ A2/ A3+ B1\ A0\ @1\ A0\ RESIGN
Trax_5401190 Sir Pussycat vs. Dragon101 : @0/ A0/ B1+ B0+ @3+ B4+ @3/ C5+ D5\ E5/
Trax_5401717 dgb vs. Authority : @0/ @1/ A0/ @1/ B0/ A0/ B5/ A4/ @4/ D3/ @4+ D1/ F3/ E2/ A5+ F2/ A0+ @3/ D0+ F3/ B8+
Trax_5401718 Authority vs. dgb : @0/ A0/ @1/ B0+ C3/ @2\ B0/ E4/ C5/ D6+ E3/ F2\ E1+ D0/ G6+ A5/ @5/ A7+ E8/ D1\ E0/ H4+ H9+ H10/ I9+ J8\ I5+ F11/ E10+ G12\ H12\ I12+ B9/ K8\
Trax_5403101 dgb vs. rabbitoid : @0/ A0+ A3/ B2+ A0\ @3/ @3+ B4+ B5/ A5/ @1\ A0\ A6+ F4+ @4\
Trax_5403147 Rogue Trooper vs. ypercube : @0+ @1+ A2\ A0\ @1\ B0\ D3\ @2+ E2/ F3\ D5/ C0+ B1/
Trax_5405117 Charlo vs. Traxplayer : @0/ @1+ @1\ C0/ D1/ A0+ B0+ E2+ B0/ @4+ B1+ E6+ F6\ @3\ A2\ D0+ G1/ H3\ I4/ E0+ E0/ J5+ G0+ H1+ F0/ K6\
Trax_5409696 kidgame2001 vs. * : @0/ A2\ B2\ B3+ @1/ @2\ D4/ C0+ D1/ E4/ D6\ E6\ F6\ A6+ F2\ D7/
Trax_5409828 jaha vs. dgb : @0/ @1/ A0/ @2+ B3+ @2+ C0+ B0/ A2+ A0\ @3\ B0+ D2+ A6/ @6/ A7/ E0/ F1/ C1\ C0\ B3+ A5+ RESIGN
Trax_5409857 thebodywall vs. Goonerg : @0+
Trax_5414025 Goonerg vs. DarkIzeul :
Trax_5414058 PuggieLover vs. Sir Pussycat :
Trax_5414229 Traxplayer vs. Dragon101 : @0/ A0/ @2/ C1\ B3/ A3+ B4/ C4+ @2\ C0+ E3+ C6+ C0/ D2+ F3+ C0/ C0/ C0/ B4+ A2+ E1+ @3/ B4+ A7+ H6+
Trax_5414237 Traxplayer vs. Carroll : @0/ @1/ B2/ C1/ C0+ D2+ E2\ D4\ C5+ A5+ F2\ E4+ G3+ D6/ H3\ H5+ C0/ @2+ B1\ B0\ A1\ @3/ D0+ E2/ @5\ @3+ @3/ @4\ @4\ D5+ A6+ @4\ G6+ G7/ E1+ RESIGN
Trax_5417229 Rogue Trooper vs. davidmilne : @0+ A2/ @2\ B0+ C1+ C0\ A1/ B0/ D1/ C0\ D1+ @1+ D0\ A0+ A0/ @2\ D0/ RESIGN
Trax_5418938 Authority vs. Charlo : @0/ @1/ A0/ B3\ C2/ A0/ @1/ A4/ A5/ @5+ @4/ C3+ E1/ B6/ B7/ B8/ @4+ C2+ A1/ A5+ C9/ @8+ B0\ A1\ E10\ F9+ E11/
Trax_5419316 dgb vs. Riika : @0/ @1/ B0+ @2+ A0/ @3+ C4/ C1+ C0/ D2/ E2/ F2+ D1+
Trax_5419317 Riika vs. dgb : @0+ B1+ B2/ B0/ C2/ D2/ C3+ B4/ E3+ F2\ D4+ C1+ D0+ G4+ @3+ G2/ H3+ I3/ I2/ I1+ J3\ F0+
Trax_5423695 DarkIzeul vs. DINGEROO :
Trax_5427378 golfnutrof vs. Riika : @0/ A0/ @2/ @1+ C0/ @2/ E2+ E0\ C0+ D0\ F4\ D7+ F2/ G2/ C8\ F7\ G7+ F8/
Trax_5429315 Rogue Trooper vs. Goonerg : @0+
Trax_5429405 Sir Pussycat vs. golfnutrof : @0+ @1+ B2/ B0/ A1+ @2+ D1/ D0/ C0/ E3+ D5+ F3+ D6+ G3+ D7+ @4+
Trax_5435837 Rogue Trooper vs. thebodywall : @0+ @1\ B2+ C1/ C0/ D1/ A0+ B0\ D0+ E1/ F1+ F0/ E1+ F0/ G1/ H1+ E0+ G0+ H1/ H0/ I4+ @7\ A6\ D5+ J0\ K5/ G1\ I0/ F3/
Trax_5435943 Goonerg vs. PuggieLover :
Trax_5440345 Rogue Trooper vs. rabbitoid : @0+ A0\ @1/ A2/ C2/ C3/ C4+ D2/ D0+ C0/ A2+ @3+ @2/ B1+ E0+ C7\ D8/ B7+ A6/ @6/ H5+ H3/
Trax_5442005 davidmilne vs. Lorraine of the Renegades : @0/ B1\ A2/ B0\ @2+ C0/ D3+ @3\ @2/ @3\ C1+ E0\ A5+ C6/ H4+
Trax_5442027 Goonerg vs. balmoral :
Trax_5447459 PuggieLover vs. JiffyJeff :
Trax_5447568 Dragon101 vs. balmoral : @0/ B1+ C1/ A2/ B0+ A1+ @3/ @3+ C4+ E3+ F3\ D5/ G4/ F1+ @3\ D0/ D0/ G8+ B2+
Trax_5447676 Goonerg vs. DarkIzeul :
Trax_5452544 jazzbeth vs. BrnIdGirl : @0/ A2\ B1/ B0+ A0/ B4+ C3+ C2/ D2/ E3\ E4\ F2/ D5+
Trax_5452545 BrnIdGirl vs. jazzbeth : @0/ @1/ A2/ C2/ B3+ B4/ D3\ D4\ D1/ C5+
Trax_5452546 jazzbeth vs. dgb : @0/ B1\ A2/ A0/ A0/ A5/ @1+ D2+ E3/ F2\ E1+ F4\ G3/ B6/ @6+ E7\ H6\ E8+
Trax_5452547 dgb vs. jazzbeth : @0/ @1/ A0/ @1/ B0/ @1/ A0+ @1\ @1/ F2/ D0+ E0+ B5/ A5/ A2\ @4\ E6/ B1/ C1/
Trax_5452548 jazzbeth vs. JonathanT : @0/ @1/ B2/ B3/ C3/ C4/ D4/ D5/ E5/ B4/ A4/ A5/ @1/ A4+ D1/ D0/ E4+ F7+ C8+ A7+ D9+ F8+ D0+ A10/ @10+ A6/ @8+ B1+ A3+ C0+
Trax_5452549 JonathanT vs. jazzbeth : @0+ A2/ A3/ A0/ @1/ @2/ @2/ B1+ D0+ B4+ E3+ B6+ C7/ D6+ A6/ @6/ A3+ @3/ B1\ G1/ C0/
Trax_5452550 BrnIdGirl vs. dgb : @0+ B1+ A2\ B0/ C1/ D1+ B4/ B5/ C3+ C6+ B7/ D5+
Trax_5452551 dgb vs. BrnIdGirl : @0+ B1\ @1\ C2+ C3/ A0+ A4/ @3/ C5/
Trax_5452552 BrnIdGirl vs. JonathanT : @0+ A2+ A3+ @1+ A2+ C3+ A3+ C4/ C2+ @1+ D1+ B0/ D6/ E2+ C7/ B7+ B6+ A7+ E6\ E7\ F5/ D8+
Trax_5452553 JonathanT vs. BrnIdGirl : @0+ @1/ C1/ C0/ C0+ B0/ B0/ D2\ A1+ @4\ E5\ C6\ F3\
Trax_5452554 dgb vs. JonathanT : @0/ @1/ A0/ A0/ A4/ B5+ C4\ D4\ D5\ D6\ D2+ E3+
Trax_5452555 JonathanT vs. dgb : @0/ A0/ A3/ B1+ C3+ B4\ B5\ C5\ D3/ @4\ F2/ F1+ F0\ E1+ A1\ @3+ A5+ @4+ @5\ C7+ B7/ G8\ H8\ F1+
Trax_5458176 golfnutrof vs. ypercube : @0/ @1/ A0/ C2/ C3+ C1/ D3\ D4\ E4\ A4/ E5+ @4\
Trax_5461894 golfnutrof vs. *Leo The Lion : @0/ A0/ @1/ B3\ C2/ C1+ D2\ D3\ E3\ C4/ C0\ E2+ F4\ A0\ @1\ E1/ C0+ F3/
Trax_5461895 *Leo The Lion vs. golfnutrof : @0/ @1/ C1+ A2+ B3/ A0+ B0\ C6+ D4/ E4/ @3/ E2+ G6+ G7\ G2/ H4+ F1/
Trax_5463075 CHESSCATJAY vs. Charlo : @0/ @1/ B2/ C2/ C3/ D2+ @1/ E4\ F3/ G3/ H2\ G1+ F0/ F5+ I3\ H6+ I1/ F0/ J2\
Trax_5466254 leewisdomjr vs. Goonerg : @0+
Trax_5466484 JiffyJeff vs. jazzbeth : @0/ @1/ C1/ C2/ D2/ D3/ B2/ D1/ D0+ D0/ D0/ C2+ D0+ C0/ B1+ A1/ @3\ B0/ A3\ @2+ B7+ A3+ C8/
Trax_5467727 golfnutrof vs. ypercube : @0/ A2/ @2+ B3+ @2\ D1/ D0/ E2/ A4/ @4/ B0+ A3/ @5/ H5\ H6\ I5+ F6/ E7\ B6+ G8\ I7+ J3/ J2/ J7\ K7\ L6+
Trax_5468710 Authority vs. *Leo The Lion : @0/ A0/ @2+ B0/ @1/ D2+ D4+ @1+ C0/ F3\ G3\ F2+ H3+ B3/ C5/ B6\ C7/ H5\ F6/ F7+ H1/ I2\ A7/ I6\ @3/
Trax_5468711 *Leo The Lion vs. Authority : @0/ @1/ A2+ C2/ D2/ D3/ D1/ D0/ A0\ @3/ E0+ D0+ D7+ F7+ A2+ @2/ @2/ H2/ I6+ H1\
Trax_5469418 Authority vs. Traxplayer : @0/ @1/ A0/ @1/ A0/ A0/ @1/ B0/ A4/ C6\ C3/ B6/ B7/ @1\ A0\ D2/ E2+ C9/ @5\ G2\ H4+ I3\ J3\ G7\ F1/ F0/ E1/ D1+ F0/ F0/ D0/ D0+ C3/ F2/ B2\ H4+ A6\ H1/ G0/ A4/ A5+ @11+ C12+ J2\
Trax_5472511 JiffyJeff vs. Rogue Trooper : @0/ A0/ B1/ B3/ C2+ B4/ A4/ D1\ C5+ D5\ E5+ C6/ E2/ F1\ B7+ @1\ C0+ @5/ A6/ H6+
Trax_5475737 leewisdomjr vs. DarkIzeul : @0+ A0+ @1+
Trax_5477610 golfnutrof vs. Dragon101 : @0+ A0/ B1/ B3/ C1+ A0+ @2/ E2\ @2+ G3/ F1+ H3/ G5+ E6+ C5+ D0+ G1+ E8+ C1\ B0+ @1+ @2+ K6+ K8+ J9\ I10+ L6/ K4+ H1/ L2/ J1+ M4/
Trax_5477717 davidmilne vs. LyndiLoo : @0/ A2\ B1/ A3+ @3+ B4\ @2/ B4/ B5/ @4+ B1\ E2+ C0/
Trax_5477791 Traxplayer vs. ypercube : @0/ @1/ B0/ @1+ C0/ D1/ A0+ B0+ C0+ @5/ @6\ @5/ C3+ D2+ D7+ H6+ G7\ A8+ @5/ G0\ E2\ D1/ C4+
Trax_5480711 Traxplayer vs. rabbitoid : @0/ @1+ @1\ A0\ @1\ D0+ C0+ @3\ B0/ @1+ B0\ A6/ RESIGN
Trax_5480912 Carroll vs. Nukkle Dragger : @0+ A2+
Trax_5484096 kidgame2001 vs. Goonerg : @0/
Trax_5491215 jaha vs. ypercube : @0/ A0/ B2/ A3/ C2\ B4\ C4\ D3+ B1/ D2+ @2+ A0+ D1+ F3+ F1/ D0/ G3+ B0\ A1\ A0\ @2/ A5/ @1\ A0\ G3+ D1+ C0/ H2\ H1/ G0+ I2\
Trax_5496113 Goonerg vs. NEUROTIKA :
Trax_5496220 leewisdomjr vs. * : @0+ B1+ A2\ A0\ B1+ C1/ B0\ B0\ A2\ @2\ B1\ B0\ E1/ A2+
Trax_5496224 Traxplayer vs. golfnutrof : @0/ @1/ B0/ @1+ C0/ @3\ @3\ B1+ D4+ E0+ F3+ C0+ A2+ @2\ C0/ C7+ @4+ @3/ C6/ B1+ E0+ @4\ B2+ A2+ A1\ D0+ @3+ @2/ C0+ A2+ E0/ F1/ A2/ C1+ F0/ G1/ H4+ H3+ I4+ J5/ K5+ I3/
Trax_5497321 JiffyJeff vs. JonathanT : @0/ @1/ C1/ C2/ B0+ A3/ @3/ C0/ C0/ C0/ B1+ E1/ D0\ E7\ F3+ E8/
Trax_5497322 JonathanT vs. JiffyJeff : @0/ @1/ C1/ D1/ B2+ B0\ @2/ @2/ D0+ C1\ G4\ RESIGN
Trax_5497964 JonathanT vs. Goonerg : @0/
Trax_5498454 JonathanT vs. DarkIzeul : @0/
Trax_5501677 Vapira vs. JonathanT : @0/ @1/ A0+ A0\ @3/ @3+ A4/ A5/ @4+ C5+ A1\ B0\
Trax_5501678 JonathanT vs. Vapira : @0+ A2/ A0\ @3/ A4/ @2\ C0\ D5+ B6/ D2+ A1\ @3+
Trax_5502605 andy99 vs. JonathanT : @0/ @1/ A2/ B3+ C3\ D3+ D4\ D0/ E1/ A1\ B0\ @2/
Trax_5502606 JonathanT vs. andy99 : @0/ B1/ A2+ B0+ C2/ @2\ B4/ A3+ D4\ B5/ E4/
Trax_5508507 kidgame2001 vs. DarkIzeul : @0+ A2+ A0+
Trax_5510640 Nukkle Dragger vs. davidmilne : @0+ A0\ @2+ A3/ @3/ @3/ B1+ C0/ C5+ D4\ E4\ E5\ D6\ D7\ E7\ F4+ G7+ H6\ G8+ B0\ A1\ @4+ @1+ H10\ C0+ RESIGN
Trax_5510675 jazzbeth vs. Carroll : @0/ B1/ A0+ A0/ A0/ A0/ A0/ C3+ @2\ E1/ D0+ E6\ E7\ F4+
Trax_5510795 Goonerg vs. PuggieLover :
Trax_5512355 Sir Pussycat vs. JonathanT : @0/ @1/ A2+ C1/ A3+ @3/ B4/ A4+ C3+ E1/ A5\ B0\ @5/ B1/
Trax_5512400 Charlo vs. * : @0/ A2\ B1/ B0+ @2/ @1+ C0/ B5/ A5/
Trax_5512406 leewisdomjr vs. JonathanT : @0+ @1+ A2+ @1+ B3+ D1+ D0\ D3\ D4+ E4\ E3+ F3/ G2\ G1+ D0\ H2+
Trax_5514077 Goonerg vs. balmoral :
Trax_5514152 JiffyJeff vs. Dragon101 : @0/ A0/ B2/ B1/ C1\ B3+ C2\ D2\ D3\ B4/ B0/ @5/ B6+ A1+ RESIGN
Trax_5518772 rabbitoid vs. Riika : @0/ @1/ A2+ B3/ @2/ B4\ D4+ E3\ C0/ C0/ A1+ @4/ C0+
Trax_5519204 lhh61 vs. Traxplayer : @0/ @1/ B2/ C2/ B3+ D2/ D4/ E4/ D5/ C4/ A4\ D6+ E2/ E1/ F1/ F0/ G7\ E8/ H4+ I3\ C8/ C9/ G8+ F9\ C10/ G10\ H9\ G11/
Trax_5521970 Sir Pussycat vs. Goonerg : @0+
Trax_5522179 jaha vs. Traxplayer : @0/ @1/ A0/ @1/ B0/ C2/ B4+ D2+ D1/ E1/ E3+ D0+ A4+ @4/ A5/ C1+ C6\ G1\ E0+ @6+ F0+
Trax_5522209 ypercube vs. JonathanT : @0/ @1/ C1/ A0\ @1\ B0+ E2+ B0/ B0/ A2+ C0\ B0/ F2+ F0+ @6+ @5/ A4+
Trax_5522927 Miss Traven vs. Christine : @0+ @1+ B2\ @1+ D2/ @1+ @1/ A2/ F1+ F0/ @2\ A1\ @3/
Trax_5523646 Lorraine of the Renegades vs. Goonerg : @0/
Trax_5526047 Rogue Trooper vs. DINGEROO : @0+ B1+ A2\ B0/ A1+ A0+ @2/ D4\ C5/ E4\ A5/ @3\ C6/
Trax_5528018 dgb vs. rabbitoid : @0/ @1/ @1/ C2+ B3/ B0+ @2+ E2+ @2+ C4+ D0/ E0\ F1+ G1/ D0/ H1\ G3+ I3+ J2/ I1+ I0/ J2/ K2/ J1/ K4\ L3\
Trax_5528072 Rogue Trooper vs. PuggieLover : @0+
Trax_5528225 JonathanT vs. thebodywall : @0/ B1\ A2/ @2+ @1/ A0+ B4+ C0/ D1/ E1/ F1+ D0+ F5\ E6+ G5/
Trax_5528269 JonathanT vs. kidgame2001 : @0/ @1\ A0/
Trax_5531848 Judy vs. Riika : @0+ @1+ B0\ A3+ B3+ A4+ @2\ B0/ D3\ D2+ E4\ D5/ A4/ @4/ C6/ A1\ A7/ B0\
Trax_5531911 DarkIzeul vs. LyndiLoo :
Trax_5533602 JonathanT vs. Traxplayer : @0/ @1/ A0/ @1/ B0/ @1+ A0\ @1\ A0\ @1\ D0+ @4+ A5/ A6+ @3/ @5+ A6/ I7\ J6/ H8/ G8/ E7\ G7\
Trax_5535155 PuggieLover vs. Goonerg :
Trax_5535220 ypercube vs. Rogue Trooper : @0+ B1+ A2+ @1+ B3+ @1+ A2+ @1+ C0\ B4/ A4/ D5/ B0/ E6/ E7\ F7\ A1\ @3+
Trax_5536540 Goonerg vs. CHESSCATJAY :
Trax_5538467 JiffyJeff vs. Traxplayer : @0/ @1/ C1/ D1/ C2\ E1\ E2\ F2\ C3\ F0/ RESIGN
Trax_5547673 DarkIzeul vs. JiffyJeff : @0/ @1/ A2\ @1/
Trax_5547676 Dragon101 vs. balmoral : @0/ B1\ A2/ B2+ B3\ B4+ @1\ B0/ A5/ @3/
Trax_5551575 Sassy Lassie vs. Goonerg : @0/
Trax_5551664 Sir Pussycat vs. JiffyJeff : @0+ A0/ B1/ C1+ B3/ B0\ @3\ A1+ E2\ D5+ E6\ F4+ G4\ G6+ C6+ @1+
Trax_5551892 Traxplayer vs. dgb : @0/ A0/ @2/ B0+ @3+ A0/ @2\ C5\ E3+ @2+ D6\ G3/ G2/ D7\ E7\ G1+ H2+ G0+ H5\ H6\ I4\
Trax_5552023 Rogue Trooper vs. Riika : @0+ B1+ A2\ A0\ @1\ @1+ C4\ B3+ D1+ @1/ D0+
Trax_5553584 jazzbeth vs. golfnutrof : @0/ @1/ B2/ @1\ B0/ D2+ D4/ A3+ A4/ @4/ D1/ C4+ D5/
Trax_5565100 Sir Pussycat vs. PuggieLover : @0/
Trax_5565184 JiffyJeff vs. dgb : @0/ A0/ A3/ A0/ B1\ @2/ @2/ A0+ @3/ F2\ D0\ E4+ RESIGN
Trax_5565480 Charlo vs. JiffyJeff : @0/ A0/ @2+ A3+ C1+ B0+ C4\ D4\ B5+ B0/ C1/ D4+ D3+ E5\ F6/ E7\ F3/ G5\ @3/
Trax_5565481 JiffyJeff vs. Charlo : @0/ @1/ C1/ C2/ @1/ C0+ A3/ C0/ C0/ C0/ B1+ E1/ C0/ E7\ RESIGN
Trax_5567404 Goonerg vs. Charlo :
Trax_5569754 Authority vs. dgb : @0/ A0/ @1/ B0+ @2/ D2\ E2\ B3+ C0/ B1+ @3/ B5+ @3+ A0\ @1\ A0\ C0+ E1+ D9/ B7+ B0/ E1/ E0/ F2\ G2\ F4+
Trax_5570996 * vs. Judy : @0/ B1\ A2/ @2+ C0\ @3+ E1\ @3+ C0\ B2/ F1/ @4+ H1\
Trax_5572788 Goonerg vs. DarkIzeul :
Trax_5572826 Sir Pussycat vs. JiffyJeff : @0+ A0/ B1/ C1+ C0\ A4/ A0\ @1\ C5+ E3+ A5/ C6\ A3\ @4/ C7\ A5+ @4/ A3+ @3\ A2\
Trax_5575124 golfnutrof vs. Rogue Trooper : @0/ A0/ B1/ C2/ A3/ A4+ @4/ @4/ B1+ D0/ D0+ E1/ E0/ E0/ F1+ E4+ F5+ B9+ A7+ F9+ E10\ G8+
Trax_5575355 Riika vs. Charlo : @0/ @1/ @1/ A0/ @2/ A3/ @3/ @2+ A0+ C0+ B0+ B0\ A1\ @5/ @4+ C0\ G5+ D9/ H5+
Trax_5575378 PuggieLover vs. golfnutrof :
Trax_5576638 jazzbeth vs. Sassy Lassie : @0/ A2\ B1/ @1/ C2+ A0\ @2/ B4+ @3+ @3/ A5+ @5+ C6/ E5+ F0+ @5/ A4+
Trax_5576730 Carroll vs. JiffyJeff : @0+ @1/ A2\ A0/ C2/ B0+ @4\ C4\ E3/ F3/ E0+ G1+ G4+ H2+ I3+ F6+ D0\ C1\ H7/ J6\ J7\ G8+ C7+ B3+ @3+ @4\ D2+ G1/ E0\ C2+ F9+ D0/ B2/
Trax_5577921 JonathanT vs. JiffyJeff : @0/ @1/ B2/ B0\ B0\ C2\ D3/ E2\ F3/ F5+ G3/ H5+ G0+ H1/ I1+ I0/ I6\ RESIGN
Trax_5577922 JiffyJeff vs. JonathanT : @0/ @1/ C1/ A2\ B2\ D1+ B3+ @2\ B4+ @1/ B0+ @2/ C0+ @2\ B1+ A6+ RESIGN
Trax_5579055 thebodywall vs. Sir Pussycat : @0+ A2\ B2\ C2+ C3/ A0\ B1+ @2/ D0/ B6/ E2/
Trax_5579134 Dragon101 vs. JiffyJeff : @0/ @1/ A0/ @2/ D2/ B0\ B0\ C3/ B0+ A2\ @2+ E1+ C6+ F3\ D0+ F6+ C8+ C1\ C9+ G6/ G4+ E8+ B9/ F9\
Trax_5579243 jazzbeth vs. JonathanT : @0/ @1/ B2/ B0\ @2/ A1+ C0\ D3/ E3/ F3/ E0+ C0\ B2/ A6/ B7+ @5+
Trax_5581492 lhh61 vs. Traxplayer : @0/ @1/ B2/ C1/ C3/ D3/ @1/ C0+ A3/ E5\ F4/ D6/ C6/ E3/ E1/ E0/ C6\ A5+ @4\ B1\ A3+ C0/ E2+ E1+
Trax_5583039 DarkIzeul vs. balmoral :
Trax_5583161 JonathanT vs. Dragon101 : @0+ A0/ B2\ C1+ D1\ B3+ @1/ C4\ C5/ B5/ A5/ @5+ C6+ C0/ E6/ B0\ A3+ @7\ F9+ G9\ E1+ E0/ H10+ F11+ D0+ C11\ C12\ B10/ I11/ A4/ @5\ G13/ A3\ A0\ @4/
Trax_5595333 CHESSCATJAY vs. * : @0/ A0+ B2/ A3+ B4/ C4+ @2+ C0\ D2+ @2/ @3\ C4/ D6\ G6/ @4+ C5+ B6+ B7/ @3/ E1+ B1+ B0\ A1\ @2+
Trax_5595362 Judy vs. Goonerg : @0+ @1/ A0\
Trax_5595411 rabbitoid vs. Riika : @0/ @1/ A2+ C1/ C0/ @2/ C0+ @1+ A0\ B6\ C7/ @1\ RESIGN
Trax_5597931 bw5550 vs. TurkeyShoot : @0+ @1+ A2\ B0/ C1\ C3\ C4+ A4/ A5\ @3/
Trax_5597932 TurkeyShoot vs. bw5550 : @0+ B1/ A2/ A0+ @1\ A0+ A3/ @3/ B4+ A2+ @2\ B1\ @3/ A4/ A5/ A6+ @6/ C1\ B7+ C0/ A4+ @4/ E1+
Trax_5598690 PuggieLover vs. Goonerg :
Trax_5598906 LyndiLoo vs. Traxplayer : @0/ B1+ A0\ @2/ A1+ B0/ C2+ D2/ D1/ E1/ C0\ E4\ A5/ B6+
Trax_5609723 golfnutrof vs. Goonerg : @0/
Trax_5611416 Charlo vs. Judy : @0/ A2\ B1/ B0+ @2+ B0+ @3+ A1\ B0/ @4+ A5/ @2\ A1\ A4/ @2+ @2/ H1/ H0/ A5+
Trax_5611417 davidmilne vs. Thud : @0/ A0/ B1+ C2/ D1\ C0+ D0\ E3\ F2+ @3+ D5+ RESIGN
Trax_5611465 kidgame2001 vs. Goonerg : @0/
Trax_5613055 DarkIzeul vs. Lorraine of the Renegades :
Trax_5614397 ypercube vs. *Leo The Lion : @0/ A0/ B2/ B3+ B4\ C4\ C5\ D2+ A5/ RESIGN
Trax_5614398 *Leo The Lion vs. ypercube : @0/ B1/ C1\ C2\ D2+ B0/ B0/ C5\ B5+ @1+ C0/ A0+ B0\ @2+ A5+ @2+ H8\ H5+
Trax_5614399 ypercube vs. *Leo The Lion : @0+ B1+ B2\ C2\ C3\ C4+ C5\ C6\ C7\ B7+ A6+ @6\ E5+ B2+ C8+ A7+ F5/ E3+ A2+ F1/ G4+ E0/
Trax_5614400 *Leo The Lion vs. ypercube : @0/ @1/ A2/ B3/ @2+ @2/ E1+ E0/ E0/ D2+ C1+ F5+ F6\ B5\ F1/ G1+ E0+ A3+ @5/ B1\ RESIGN
Trax_5618682 Goonerg vs. jazzbeth :
Trax_5618767 JonathanT vs. golfnutrof : @0/ A0/ B2/ C2/ A3+ C4/ A0/ @1+ C1+ D1+ E1\ C0+ C6/ A6\ @5/ E7\ F6+ G3/ C1+ B7+ E8\ F8\ G8\ H6+ A2/ @3\ D0/
Trax_5620197 ypercube vs. * : @0/ B1\ B2\ C2+ C3\ @1/ B0/ E2\ A0\ @1\ F1+ D0\
Trax_5620318 jaha vs. Riika : @0/ @1/ A0/ C2+ D2/ @2/ C1/ D3\ A0+ @3/ F1/ B0\ D1/
Trax_5624572 ypercube vs. JonathanT : @0+ B1+ B2\ A0/ @2\ A0/ D2+ @1\ B0/ @3/ A4/ A5/ B6+ C7/ @4+ D0/ G8+ D9+ F3+ G5+
Trax_5624573 JonathanT vs. ypercube : @0/ @1/ B2/ @1/ A2/ @1+ D0+ C0+ @1+ D0\ E1\ @3/ A4/ F6+ G4/ D0/ F8/ H3/ G2+ G0+ H1/ B1+ RESIGN
Trax_5624574 ypercube vs. Traxplayer : @0+ B1/ A0/ A3/
Trax_5624575 Traxplayer vs. ypercube : @0+ @1+ C1/ B0/ B0/
Trax_5624576 ypercube vs. dgb : @0+ B1+ B2\ A0/ @2\ @2\ @2\ C0+ @2+ D0/ D0/ C2+ D0+ G5/ G4/ E7/ F8\ A7/ RESIGN
Trax_5624577 dgb vs. ypercube : @0/ @1/ B0/ A0/ C2+ D2/ E2/ D3+ F2/ D1+ A4+ A0/ @1+ G1/ C0+ H2\
Trax_5624578 JonathanT vs. Traxplayer : @0+ B1/ A2+ C1/ B2+ A3+ C0+ B0\ @3\ @3\ @2/ C1+ A4/ @5\ A1/ H4+ H5\ H6+ RESIGN
Trax_5624579 Traxplayer vs. JonathanT : @0+ B1+ B0+ @2\ D2\ D3\ D4+ D5/ A3/ @3/ F2/ F1/ D0\ C1\ A7/ @5\ @6+ A7/ @7/ A8/ C3\ B3\ E2+
Trax_5624580 JonathanT vs. dgb : @0+ B1+ A0\ B3/ C2\ D2\ C1+ E2+ F1\ D0+ A1\ F0/ RESIGN
Trax_5624581 dgb vs. JonathanT : @0/ @1/ A0/ @2/ @2+ D1/ @2\ A0+ B4/ C4+ @1\ @1\ A0\ @1\ D0+ I6+ H7\ H8\ I8\ J7+
Trax_5624582 Traxplayer vs. dgb : @0+ B1+ C1/ D1/ D2/ D3/ D0+ C0\ E3+ C0/ D2+ E2/ E1/ E0+ F3+ B1\ B6/ B0/
Trax_5624583 dgb vs. Traxplayer : @0+ B1+ @1/ @1/ A0/ A3+ D1/ B4\ B5\ @2+ D4+ F1/ @2/ H2/ I2/ F0\ D2+ F0/ C7/ E8/ C2/ RESIGN
Trax_5626555 CHESSCATJAY vs. jazzbeth : @0/ @1/ C1/ C2/ C0\ A3/ @2/ A1+ C4+ C0+ C0\ A2+ @2/ A5/ @5/ G2+ A4\ @4+ C6+ D7/ A6/ H6\ B7/
Trax_5626669 dgb vs. Rogue Trooper : @0/ A0/ A0/ @2+ B0/ C1/ C0/ D4+ B6/ @4/ F1+ F5+ G4\ A7/ @7/ C0\ B3+ A5+ D8+ E9/ H9+ I7/
Trax_5626699 golfnutrof vs. Carroll : @0/ @1/ B0/ B0/ C3/ C2+ @2+ C0/ E2+ F2/ D0\ F0+ G3\ A1+ E0/ @3+
Trax_5628632 JiffyJeff vs. davidmilne : @0/ @1/ B2/ C1+ C0+ C0\ B1\ A1+ @3/ B0/ A1/ @2\ @4+ @3/ E5+ D6\ @2+ A1\ A0+ @1\ H7+ C6\ I1/ J1/ B5+ @1/ B2+ D0\ F2+ J1+ B6/ A6/ C8+
Trax_5630292 Goonerg vs. leewisdomjr :
Trax_5630333 PuggieLover vs. Sir Pussycat :
Trax_5630535 Rogue Trooper vs. thebodywall : @0+ @1+ A0/ A3/ @3/ @3+ B1+ @3+ A1\ C0\ @3+ C0/ F2+ E6\ F6\ G4+ G6\ G7\ G2/ C0/ H5+
Trax_5632649 jazzbeth vs. Dragon101 : @0/ A0/ B2/ B1/ @1/ @1/ @1/ C0+ A3/ E0/ F3/ A1\ B5+ C0+
Trax_5634268 Thud vs. DarkIzeul : @0+
Trax_5635634 DINGEROO vs. Charlo : @0/ @1/ A2/ C2+ C3\ C4+ D3/ @1\ B0/ A5/ A6\
Trax_5637427 LyndiLoo vs. * : @0+ B1+ B2/ B0/ C2\ A1\ C0\ D4/ B5+ @3/ E6\ F6\ B1\ D0\ @4+ A1\ D0/ @2/
Trax_5637528 Traxplayer vs. ypercube : @0/ @1/ A0/ @1/ A0/ @2/ B0+ C1/ D1+ E2+ C5+ F2\ D6/ F4+ G4\ G5\ B5\ H5+ I4+ G7+ H6\ F1/ RESIGN
Trax_5642240 PuggieLover vs. Goonerg :
Trax_5645910 ypercube vs. *Leo The Lion : @0+ @1+ C1\ C2\ C3\ D3\ E1\ E0+ D0+ D0/ E1+ F1\ A6/ C7+ A3\ @6+ @3/ B2+ I2/ J1\ G0/ J0+ K2/ K4+ K7\ L5/ I9+
Trax_5645911 *Leo The Lion vs. ypercube : @0/ @1/ B2/ C1/ D2/ @1/ A0\ @1\ E0/ F1/ F0+ @3/ A4/ @4/ A5/ @5/ D6+ G0+ E7+ E8+ A8/ @8/ F9/
Trax_5646140 Goonerg vs. DarkIzeul :
Trax_5648255 golfnutrof vs. Sir Pussycat : @0/ A2\ B1/ B0\ B0/ C3/ B4+ B0/ A1\ A0\ @4+
Trax_5648467 JonathanT vs. ypercube : @0/ A0/ A0/ A0/ B4/ @3/ C1+ B0/ @2+ D0\ A6\ A0\ @1\ F7+ E8+
Trax_5652684 jaha vs. dgb : @0/ A0/ B2/ A3+ C3/ C4/ A4/ @2\ @2\ @2\ D0/ C2+ B1+ @2+ C4+ D0+ C0/ A6+ A7+ @7/ A5+ D0/ D0/ C3+ D0+ B1+ A3\ A4+ RESIGN
Trax_5655071 purplehawke7 vs. Traxplayer : @0+ B1+ A2\ A0\ B1+ @2+ C0/ C0/ A5+ D2+
Trax_5655072 Traxplayer vs. purplehawke7 : @0/ A2\ B2\ @2\ B3+ @2\ B0\ D2+ E3+ A1+ B5+ @3+ B6+ E5/ C0+ A3+ E1/ D0\ B1/ @4/ H4\
Trax_5655073 purplehawke7 vs. ypercube : @0+ B1+ B2/ A0\ B4/ @3\ D3\ @1\ B0/ A5/ B6+ @4\
Trax_5655074 ypercube vs. purplehawke7 : @0/ A2\ B1/ @2\ @2\ @2\ C0+ B4/ E0/ F2\ A1\ B0\ @3\
Trax_5655075 purplehawke7 vs. dgb : @0+ B1+ B2/ B0/ B4/ C2\ @3/ E1/ D0\ E5\ F5+ E6/
Trax_5655076 dgb vs. purplehawke7 : @0/ B1\ B2\ B0\ C2+ B0\ @1\ A0\ C1+ D6/ @1\ C0/ @4/ D6/ @2\ A1\ @1\
Trax_5655077 Traxplayer vs. ypercube : @0+ @1+ C1/ C2/ D2/ B0\ B0/ B0/ A2+ B0/ C1/ D2+ E3+ C0/ @6/ G4\ G5+ A1+ D0+ A8/ @2/ C9\
Trax_5655078 ypercube vs. Traxplayer : @0/ @1/ B2/ C2/ B3/ C4/ B0/ C2/ D2/ C1/ E5\ C6+ E1/ F3+ D0\ RESIGN
Trax_5655079 Traxplayer vs. dgb : @0/ @1/ B0+ @2+ A0/ B4\ @1\ A0\ E3\ D5+ E6/ @1+ @2+ C4+ @3+ B1\ I4+ A5+ B6/ @5+ C7/ E6+ F7+ J7\ K7\ F8\ H7+ H8+
Trax_5655080 dgb vs. Traxplayer : @0+ B1/ @1/ B0/ C3/ @2/ B1+ E2\ D4/ B5+ C6/ C7/ D7+ E3+ @5+ G4\ G5+ @4+ I4/ I3/ C6+ J4\ D0+
Trax_5655081 ypercube vs. dgb : @0/ A0/ B1/ C2+ A3/ @3/ D4+ E4\ A5+ F3/ F2/ F5/ F6/ G3/ RESIGN
Trax_5655082 dgb vs. ypercube : @0+ @1+ @1/ A0/ A0/ C4/ D3/ @3/ D5/ @1\ A0\ B7+ A6/ RESIGN
Trax_5660876 ypercube vs. Rogue Trooper : @0/ A0+ A0\ @3/ A4/ @1+ @2+ @3+ @3\ @3\ C5+ F5+ B4+ A2\ B6\ A5+ @6\ @2\ A1\ C7+ F1+ G0\
Trax_5660892 Traxplayer vs. * : @0/ B1\ A2/ @2+ B0+ A0/ B5\ C4+ D4\ D5\ E5\ D6+
Trax_5660994 Traxplayer vs. ypercube : @0/ @1/ A0/ @2/ A3/ @3/ C0/ @2+ B0\ @2/ @3\ B1+ F0+ G7+ H5/ H4/ I7+ G2+ RESIGN
Trax_5661050 JonathanT vs. Charlo : @0/ @1/ C1/ A2+ D1/ B0+ @1\ B0/ D1+ F2\ G3/ F0+ E0/ E0/ E0/ G1+ H2/ D9+ H9+ E10+ H5+ I9/ I4/
Trax_5664103 leewisdomjr vs. DarkIzeul : @0/
Trax_5664238 jazzbeth vs. Goonerg : @0/
Trax_5665746 Riika vs. Traxplayer : @0/ @1/
Trax_5668472 Sir Pussycat vs. PuggieLover :
Trax_5671520 Traxplayer vs. rabbitoid : @0/ @1/ A0/ B1/ B3+ C1/ C0/ D3\ A0+ @4+ @3+ B0/ @2+ E1+ @3/ A4/ A5+ @4/
Trax_5671677 Riika vs. Nukkle Dragger : @0/ B1\ A2/ @2/ A0+ @2\ @2\ A1\ C0/ E2+ A5/ @4+ E5\ B6/ F5/
Trax_5675797 Dragon101 vs. golfnutrof : @0/ @1/ B0+ @1/ @1/ @1/ C0+ A3/ A4+ @2+ C5/ E6+ G6+ C0/ A0\ @3+ C8+ B8/ A7+
Trax_5677475 * vs. davidmilne : @0/ @1/ A2+ A3\ C3+ D2+ B0/ C0\ @2+ A0+ E6+ E7+ A0/ @4/ G5\ A2+ @4+ @4\ B2/ A2/ B1+ @3\ B5+ E0/ B1+ E8/ D0+
Trax_5678721 ypercube vs. Traxplayer : @0/ @1/ B2/ C1+ B3/ B0\ B0\ D4+ E4/ F4/ C6+ C2+ B0\ A2+ @3\ B7\ A7\ @3\ @3\ F8/ G4+ A1+ B0\ @3\ A2\ C0+ C0\ C7+ B8+ I6+ @5+ B7+ @5\ B3+ @4+ F10+ C8\ B6+ A7\ J3+ K3+ K2/ M9+
Trax_5678909 Charlo vs. Goonerg : @0/
Trax_5679027 Charlo vs. JiffyJeff : @0/ @1/ A2+ C1+ A3\ B0\ B0\ @4+ E3/ E4+ D2+ F4+ C0\ B1\ A4+ A3+ @4+ E0+ F1/ G2+ H2\ A3+ @4\ B1\ C7+ A1/
Trax_5679132 jaha vs. JonathanT : @0/ A0/ B2/ A3/ A4+ C2+ @4/ @4/ F4/ B5+ A3+ F3/ @5\ G5+ F6\ H4+
Trax_5679146 jazzbeth vs. Sir Pussycat : @0/
Trax_5680786 DINGEROO vs. jazzbeth : @0/ @1/ A0+ A3\ @2+ C3+ A0+ B1+ D3+ D2+ A4+ C1+ C0\ B0/ D2+ A1\ @4/ B0/
Trax_5680845 Goonerg vs. DarkIzeul :
Trax_5685458 jaha vs. Traxplayer : @0/ @1/ A0/ @2+ A0/ @1/ B0+ @1/ D1\ C5/ D5+ B5+ A4+ @3+ C0+ A2+ C7/ B7/ A7+ @6+ @4/ D8+ B7/ A7/ A8/ C9+ I5/ C0\ B3\ A4+ @4\ B2+ @4\ F0/ G1/ G0/ H1/ K10\ L10+ J11/ H11+ K12\ L12\ M10/ M9/ N9/ N8/ @6+ J2+ RESIGN
Trax_5693731 leewisdomjr vs. DarkIzeul : @0+
Trax_5693830 Charlo vs. jaha : @0/ A0/ B1/ C2+ A3/ B0/ B5+ D5\ C6/ E5\ E3/ F5\ F2+ G3/ A0\ @4+ F7+ D8/ G1/ D0+ H3/
Trax_5693913 Goonerg vs. kidgame2001 :
Trax_5695764 volvath vs. Goonerg : @0/
Trax_5695822 golfnutrof vs. Rogue Trooper : @0/ A0/ B1/ C2/ D2/ D3/ E3/ E4+ D1+ C3/ A0+ @3/ @3+ A4/ A0\ C1/ C0\
Trax_5695949 PuggieLover vs. jazzbeth :
Trax_5697409 Lorraine of the Renegades vs. Dragon101 : @0/ A0/ A0/ A0/ @2/ A4/ @1\ C0+ @5/ A6/ @4+ E6\ F2+ C7+
Trax_5697770 JonathanT vs. Carroll : @0/ @1/ A2+ C1+ A0/
Trax_5699532 dgb vs. ypercube : @0/ @1/ A0/ @1/ B0/ C2/ D2/ @2+ C0+ A4+ E2/ A5/ E0/ RESIGN
Trax_5699674 Goonerg vs. volvath :
Trax_5702301 Judy vs. DarkIzeul : @0+
Trax_5703455 dgb vs. *Leo The Lion : @0/ A0/ @1/ B0/ B0+ C2/ @1+ @3/ C4/ B5\ F5+ C6+ G3+ @2\ A4+
Trax_5703456 *Leo The Lion vs. dgb : @0/ @1/ C1+ C2+ D1/ D0/ @2/ @3\ F0+ G3+ G4\ A5/ G5+ @5\
Trax_5710676 Rogue Trooper vs. jazzbeth : @0+ A2+ A0+ B1+ @1+ A2/ C3\ B0/ D4\ B5/ B0/ B0/ A2+ @2/ E3\ F7/ D8+
Trax_5710791 DarkIzeul vs. LyndiLoo :
Trax_5713620 Goonerg vs. thebodywall :
Trax_5719774 rabbitoid vs. ypercube : @0/ @1/ A2+ @2+ C0+ D2+ A1\ A0\ C1+ D1/ B5+ @3+ F3\ A0\ @2+ E1+ B0/ C1\
Trax_5719817 Rogue Trooper vs. Charlo : @0+ A0/ B1\ A3/ C1\ B3\ B4\ A0/ @4+ A2+ B0/ E2+ E0+ B1+ @5+ A6+ C7/ E8/ @5+ G8\ H1+
Trax_5728537 JonathanT vs. TurkeyShoot : @0/ B1+ A2+ B0/ @3+ A2+ @3+ E2+ @3+ F3+ F4\ @3\ E4/ D5\ E6/ B2+ B4/ A5+ @4+ D1+ F7/ A6+ G5+
Trax_5728538 TurkeyShoot vs. JonathanT : @0+ @1+ A2\ A0\ A0\ @3+ A4+ @2+ E4/ D1+ B5/ D5+ F3+ E1+ G3+ G2+ B0/ F6\ A4/ E1/
Trax_5729583 Goonerg vs. DarkIzeul :
Trax_5734893 Charlo vs. Traxplayer : @0/ @1/ A2+ C1+ B3/ B0\ D2/ D3+ B5+ @2\ A1\ @2\ E1+ E0/ G3/ H2\ E0/ H0+ I4+ D1\ C3+ E0/
Trax_5737551 Traxplayer vs. ypercube : @0/ @1/ A0/ @1/ A0/ @2/ A0/ D3/ C2/ @3+ A4/ F4\ D5+ F2/ G4+ @4/ A2+ A5/ G1+ B6\ C4+ E6/ @1/ A0+ J4/ J3/ K3/ K2/ @1\ @1\ B0/ F1+ A0\ @1\ O4/ L3+ H3+ I2+ I1/ K2+ H0\ G1\ J1/ G0+ N4+ K2+ P8+ O9\ P4/ O3\ Q5\
Trax_5737552 ypercube vs. Traxplayer : @0/ @1/ C1/ D1/ C2/ E1+ C0+ A3/ F2/ @2+ E4+ F5/ E6\ G3+ H6+ RESIGN
Trax_5737553 Traxplayer vs. biXe : @0/ A0/ @2/ @2/ A0+ @1\ A0\ @3/ E1/ B0\ F2\
Trax_5737554 biXe vs. Traxplayer : @0/ @1/ A2/ B3+ C1/ C0/ D4+ D5\ E2/ C6/
Trax_5737555 Traxplayer vs. Riika : @0/ @1/ B0/ A0+ @3/ @3+ C4+ E2/ @2+ G1\ E5+ D0/ G0+
Trax_5737556 Riika vs. Traxplayer : @0/ @1/ @1/ @1/ B2+ A0+ B0+ C0+ @3\ A2\ B6\ C7/
Trax_5737557 Traxplayer vs. dgb : @0/ B1+ @1+ B2+ B0+ @2/ C0/ D1/ D0/ B2+ B0+ A1\ @1/ F5+ D0/ C1+ G4+ F2+ E1+ H4\ I4\ @2/ @2/ J6+ F8+ F9\ A3+ C4+ C6/ E8+ F0+ G1/ G0/ I1+ RESIGN
Trax_5737558 dgb vs. Traxplayer : @0/ @1/ @1/ B0/ @2+ B3+ A3+ C4+ E2/ C0+ D2+ @1\ A0\ A5/ @2+ @4/ @4+ @4/ @4/ B3+ J7/ K8\ L8\ H7\ G7+ E6+ L3\ M8\ J2/ G8/ L9+ M4+ N5+ C2+ D6+ D0\ C1\ K11+ M3/ RESIGN
Trax_5737559 ypercube vs. biXe : @0/ A2/ A3/ B2\ A4+ @3\ @3\ A4\ A2+
Trax_5737560 biXe vs. ypercube : @0/ @1/ B0/ @1/ A0/ @2/ D1/ E1/
Trax_5737561 ypercube vs. Riika : @0/ B1+ C1+ A2/ A3+ @2+ D3\ D4\ B0+ A0/ E4/ C2/ E3/ B0\ @1+ G7\ G8\ H4+ @4/ B5+ B6/ A6/ J4\ J3+ @6+ B7+ A1\ D8\ @2\
Trax_5737562 Riika vs. ypercube : @0/ A0/ A0/ A4/ @3\ @3\ A5+ @4/ B6\ E2+ B2\ A5/ D6\ D7\ D8\ A7/ @7/ F8\ G5+ E9+
Trax_5737563 ypercube vs. dgb : @0/ A0/ B2/ B3/ C2/ @2\ @2\ D1+ D0/ D0/ C2+ F4+ F3+ G2+ H2\ I2\ G0+ F0+ B3\ B2\ D8+ H2+ G1+ G0/ RESIGN
Trax_5737564 dgb vs. ypercube : @0/ @1/ A0/ @1/ B0/ C2/ D2/ @2/ C4/ B4/ A0+ @2\ @2\ A1\ A0\ @1\ C0/ G8+ I8+ B6+ @6+ D8/ B7+ E9\
Trax_5737565 biXe vs. Riika : @0/ B1+ C1/ C0/ B3+ @3\ @2/ @2/
Trax_5737566 Riika vs. biXe : @0/ B1/ C1/ @1/ C0+ D3+ C4+ B5+ E2/
Trax_5737567 biXe vs. dgb : @0+ B1+ C1\ C2\ C3+ D2+ A3/ C4/
Trax_5737568 dgb vs. biXe : @0+ B1+ @1\ A0\ B0\ B4\ C5/ C6/ D3\
Trax_5737569 Riika vs. dgb : @0/ A2+ @2/ B0/ B0/ C3+ A5/ D2+ @4+ B2+ C0+ A3\
Trax_5737570 dgb vs. Riika : @0+ @1\ C1\ B0+ B3+ A0/ A0/ D5/ C2+ @3/ C0+
Trax_5744821 * vs. Thud :
Trax_5744959 Goonerg vs. davidmilne :
Trax_5745101 ypercube vs. JonathanT : @0/ @1/ C1/ A2+ @2/ A3/ A4+ @3+ D0+ D0/ D0/ D0/ C1+ RESIGN
Trax_5746196 Traxplayer vs. JiffyJeff : @0/ @1/ B0/ @2/ C3+ D1/ D0/ E3\ A5/ @4+ C6\ D5+ A6/ C7+ @4/
Trax_5746294 jaha vs. dgb : @0/ A0/ B2/ A3+ @3+ B4+ D2+ E2\ E4+ E1/ F2\ C5+ RESIGN
Trax_5748200 golfnutrof vs. jaha : @0/ A0/ B2/ @2\ @2\ C3+ B3+ @2/ F2+ @2\ B1+ A1+ A0\ @3\ B4+ @3\ @3\ A5+ @3\ H5/ G6+ I1\ H2+ G1+
Trax_5752415 DarkIzeul vs. Lorraine of the Renegades :
Trax_5752716 Carroll vs. Dragon101 : @0+ A0/ A3/ B2+
Trax_5752718 Dragon101 vs. JonathanT : @0/ @1/ @1/ C0+ A3/ D1+ C0+ @2\ C1+ @2\ C0/ B1+ B0\ A1\ @1+ C0+ G7\ E8+ C8+ E1/ F1+ D0/
Trax_5754103 LyndiLoo vs. Charlo : @0/ A0/ @2+ @2/
Trax_5757715 Rogue Trooper vs. JiffyJeff : @0+ @1/ A2/ @2+ B0/ B4\ D1\ E2/ A0\ @2/ E4+ E5\ C6+ B5/ F1+ E0+ A6/ A7/ A8/ D8+ A9/ @9/ C10+ G8\ C11/ G9/
Trax_5757844 Traxplayer vs. JonathanT : @0/ @1/ B0/ A0+ @3/ B0/ D2\ @4+ E5\ F3/ B6/ A6/ G4+ F6/ RESIGN
Trax_5760525 Goonerg vs. Sassy Lassie :
Trax_5760613 * vs. davidmilne : @0/ B1/
Trax_5761074 csain1 vs. dgb : @0/ A0/ A3+ B3+ B4\ C4\ A0/ A0/ D6\ B7+ C3+ A6+
Trax_5761075 dgb vs. csain1 : @0/ A0/ A0/ A0/ @2/ C1/ C0/ D3+ E2\ E5\ A4+
Trax_5761076 csain1 vs. *Leo The Lion : @0/ B1\ B2\ C2+ D2/ D0+ @2\ A1\ D0+ @3+ @2/ @2/ C4/ C5+ A1+ E0+ @2\ @2+ C6/ B4+ C1+ D1+
Trax_5761077 *Leo The Lion vs. csain1 : @0/ A0/ B2+ @1\ B0/ B0/ D3+ D0+ E4/ C0/ C0/ E2+ F3+ B2+ A3+ B0\ A2/ E1/ F2/
Trax_5761080 rabbitoid vs. dgb : @0/ @1/ A2+ C1+ B3/ B0\ @3\ @3\ C5+ F3+ G3/ @2+ G5/ B4/ A3+ @3/ A4/ A5+ RESIGN
Trax_5761081 dgb vs. rabbitoid : @0+ @1/ C1/ A2/ A3+ D1/ A4+ C0+ E1\ C3+ F3+ F4\ F5+ G5\ D6/ C5/
Trax_5761082 rabbitoid vs. *Leo The Lion : @0/ @1/ A2+ C2+ @2\ C0+ C4+ E2\ D1+ D5/ E4+ C0/ C0/ E2+ A6/ @4/ A2\ @4/ @3+ A2\ A1+ @3+ G0\
Trax_5761083 *Leo The Lion vs. rabbitoid : @0/ A0/ @1+ A0+ @2/ B0\ D3+ B5\ C6/ @6+ D7/ E8\ F6+ B8/ B9+ G5\ E9\ C10/ F9+ G7+ H7\ G9/ H8\
Trax_5761086 dgb vs. *Leo The Lion : @0/ @1/ @1/ B2+ D1\ E1\ F1+ F0+ G1/ G0/ E1+ H2+ G3\ C5/ F4/ G0/ H5\ F6/ I3\
Trax_5761087 *Leo The Lion vs. dgb : @0/ A0/ @2/ @1+ C0/ @3\ @2/ @3\ E4/ F0+ G3+ @4+ B2+ E0\ C2/ F0/ G2+ A8/ @8/ E2\
Trax_5761088 dgb vs. dellajo : @0+ B1\ @1\ C2/ B0+ B3/ D2/ D1/ E1/ E0/ E4\ C5/ F3\
Trax_5761089 dellajo vs. dgb : @0/ A0/ @2\ B0\ A1\ A0\ @3/ D4\ D5\ D1/ E2/ C0/
Trax_5761090 *Leo The Lion vs. dellajo : @0/ A2\ B1/ B0/ B0+ B0/ C1/ D1/ E2+ E3\ D4+ C5\ F1\ E0\ A1\ B0/ @4\
Trax_5761091 dellajo vs. *Leo The Lion : @0/ A0/ B1\ A3\ B3\ B4\ C1\ @1\ A0\ A5/ A6/ @3/
Trax_5761092 Budgie vs. Phil The Hat : @0/ B1+ A0\ @1\ A2+ D2+ A0\ @1\ C0/ D3+ D5\ E2/ E1/ A0\ @1\ C0+ G5/ E8\ A3/ G7/
Trax_5761093 Phil The Hat vs. Budgie : @0/ B1/ C1\ C2\ D2+ B0/ C0\ C5/ B4+ E2/ A0\ E5\ @1/
Trax_5761098 Phil The Hat vs. Vapira : @0/ A2\ B1/ C1+ D1+ B2+ C0/ @2/ A1+ D0/ B5\ @5+ C6\ E5+ G3+ @4/ @5\ I4\ A6/ I1/ @5/
Trax_5761099 Vapira vs. Phil The Hat : @0+ A0+ @1+ B0\ B4/ A4/ A5/ @5/ @5+ D6+ E6\ A1\ @1/
Trax_5761100 Phil The Hat vs. Legasae : @0/ B1\ B2\ C1+ @1+ A0\ A3\ B4/ @3+ D1/ D0/ C6\ E5+ B6+ B1\ B0\ A3+
Trax_5761101 Legasae vs. Phil The Hat : @0+ A0/ @2\ B0+ C2/ C4/ @3/ A4/ D5/ A1\ @2+ B0/
Trax_5767619 JonathanT vs. ypercube : @0/ @1/ B2/ @1/ @1/ D0/ E1/ E0/ A0+ @2\ F0/ G1/ C0\ B1\ A1\ @6+ A3+ @5/ H8+ D7/
Trax_5767746 DarkIzeul vs. Goonerg :
Trax_5769046 Goonerg vs. golfnutrof :
Trax_5775276 jazzbeth vs. Rogue Trooper : @0/ A0/ B2/ B3/ C3/ C4/ D4/ B1/ @1/ C4/ D1/ D0+ A0/ E5+ D7\ D1+ B1+ B5+ A6/ A7/ B8\ C8+ A9+ @9/ @9/ D10/ B11+ B3+ @8\ C4\
Trax_5775308 Traxplayer vs. JiffyJeff : @0+ A0\ A3/
Trax_5778729 DINGEROO vs. * : @0/ B1\ A2/ @2+ C2\ B3/ D1/ C0+ E3\ D4/ C5\ @3+ F5\ D6\ G2/ E1/ H5\
Trax_5783215 golfnutrof vs. Rogue Trooper : @0/ A0/ B2/ B3+ A0/ @4\ C2+ D4\ E4\ E5\ D6+ E2+ F5+ A0\ @4+ E1/ C6+ F2/
Trax_5784360 leewisdomjr vs. davidmilne : @0+ A0+ A0+ A0/ A0/ B2+ @3/ B0/ @4\ A3\ B6/ A6/ @4\ B0\ A2+ C0+ @7+ F8/
Trax_5784519 Traxplayer vs. jaha : @0/ A0/ @2/ @1+ C0/ B4/ @2/ @4+ A5/ A6+ @4+ G4/ D0\ C1\ B1\ A2+ F0+ @4\ E9+ F9\ H3+ H1/ I1+ F0/ J4\ J5\ RESIGN
Trax_5784520 jaha vs. Charlo : @0/ @1/ B2/ C2/ A0/ @1/ C4/ C1+ B4+ C0/ B1+ D1/ A0+ B1+ @2\ B0/ B0/ A1+ @2+ A4+ G5+ H6/ E2+ G3+ F1+ H2\ I2\ H0+ F1+ B1\ E0+ H1\ J3+ A3+ @3\ D1+ K6\ A5+ L4\
Trax_5788166 Megababe vs. ddyer : @0/ A0/ A0/ A0/ B2+ @1+ A0\ B0\ D3\ D5+ @3+ A6+ F6+ F7+ G6/ A1\ @3\ @2/ H5+ F8+ E0+ A2\ @4\ D1+
Trax_5789144 ypercube vs. thebodywall : @0/ B1\ B2\ C2+ B0+ D2\ C4+ C0\ A4/ A5/ @5/ D6/ A2+ @2\ A1\ A0\ @3+
Trax_5789145 thebodywall vs. ypercube : @0+ B1+ A0/ A3/ @3+ @2/ B1+ @1+ @1\ B0/ E1/ D0+ B1+ G3+ D0/ @2+ E0\ D1\ A2\ G7\ E8\ @3/ B5+ G9/ H2/ H1/ E0+ E10/ B7+ D9\
Trax_5795283 Carroll vs. Charlo :
Trax_5795368 LyndiLoo vs. DarkIzeul :
Trax_5797106 Dragon101 vs. Thud : @0/ @1/ A0/ A0/ C3/ B1+ A4+ B0/ @3+ B1+ A0/ A6+ D4/ E3+ B0+ @3+ F5+ F2+ E8\ A5+ E1/ D0\ G3/ C0\ B2/ E2/ E1/ C0\ B1\ RESIGN
Trax_5800877 thebodywall vs. Rogue Trooper : @0+ B1+
Trax_5803657 kidgame2001 vs. Goonerg : @0+
Trax_5804111 Charlo vs. davidmilne : @0/ @1/ A2+ A3\ B0/ C4+ D3+ C0\ @2+ A0+ D1+ C0+ D8\ E8\ F8+ RESIGN
Trax_5804112 Traxplayer vs. ypercube : @0/ @1/ A0/ @2/ @1/ E2/ D3\ D4+ E4\ F3\ D5+ E6/ A0\ @1\ H4\ H5\ H2/ I4+ I6+ H1/ J6\ J8+ G0+ F3+
Trax_5805297 DarkIzeul vs. CHESSCATJAY : @0/ @1/ A0/ @1/ B3/ C1/ C4\ D2+ E3/ F2\ E1+ F4\ G3/ D5+
Trax_5805554 LyndiLoo vs. Carroll :
Trax_5807326 Traxplayer vs. JiffyJeff : @0/ A0/ @2/ A3\ C2+ C3\ C4+ D3+ @1\ RESIGN
Trax_5813938 dgb vs. Phil The Hat : @0/ @1/ @1/ C0\ C0\ D2\ C4\ C5+ B1\ A6/ @6/ F1/ D0+ D0\ B3\ A4\ @4\ C0+ B1+ D0\ B8+ A10/ @6\
Trax_5813939 Phil The Hat vs. dgb : @0/ @1/ B2/ C1+ B3/ B0\ B0\ A4+ D3/ D4+ C1/ C0/ C0+ C0\ B1\ A1+ @3+ B0/
Trax_5821297 Rogue Trooper vs. Traxplayer : @0+ B1+ A0/ A3/ @3/ @3+ C0/ C5\ D5\ E4+ E2+ A2\ @2\ C1+ E0+ G2\ D1\ G0/ H1/ E8+ G7/ H6\ A5/ A2+
Trax_5821309 jazzbeth vs. leewisdomjr : @0/ A0/ B2/ A0\ @2/ A1+ A3+ D3/ D4/ C2/ E3\ D1/ C0\ C5+ E2/ F3+ E5+ E6\ F6\ G2\ E7+ G5\ H3/ @3+ I5\ J4+ J2/ J1+ K3\
Trax_5823072 JonathanT vs. rabbitoid : @0/ A0/ B2/ C2+ A0+ @3+ D4+ E4\ E5\ D6\ F4+ E3/ E2/ F2/ G5/ @3/ A4/ F1+
Trax_5823288 dgb vs. ypercube : @0+ @1+ @1/ A0/ A0/ @2+ B0+ D5/ @4\ @3/ D0/ G5/ G4/ H5/ G6+ I5/ H7/ G8\ J5/ J4/ J3+ RESIGN
Trax_5826475 ypercube vs. Traxplayer : @0/ B1\ B2\ C2\ B3/ A3/ D2+ B4+ @2+ @3\ @3\ @3\ A1+ B0+ E6\ E0/ F1+ D7+ C7/ D8+
Trax_5834359 JiffyJeff vs. Goonerg : @0/
Trax_5836487 balmoral vs. Carroll : @0+
Trax_5839004 Charlo vs. golfnutrof : @0/ @1/ B0+ @1+ B3+ @1/ C0/ A4+ @2/ B1+ @3\ @3\ B0+ D6+ E1+ C0\ G7/ F1\ E0/ G1+ H2/ H6+ E0+ F1+
Trax_5839266 kidgame2001 vs. davidmilne : @0/ A0/ B1/ A3+ @3\ D3+ D0/ E3\ C5\ A1+ D0/ @3+
Trax_5844908 Charlo vs. xr6turbo : @0/ B1\ A2/ B2+ @1\ @1/ B0/
Trax_5844909 xr6turbo vs. Charlo : @0/ A0/ B1\ A3\ B2+ C2\ @2/ C3+
Trax_5844910 Charlo vs. dgb : @0/ A0/ A3/ B3+ C3/ @3+ A4\
Trax_5844911 dgb vs. Charlo : @0/ @1/ A0/ @1/ B3/ B0+ B0/ C1/ C0/ A2+ D6\ B7/ D2+ E2\ A5+
Trax_5844912 Charlo vs. ypercube : @0/ @1/ B0+ @1/ C0+ D2+ B4+ A1\ @2/ C0/ A1/ @1/ D0+ E1+ F3+ E0\ C1+ A0\ @3+ G3+ H4+ H6\ I5\ @3/ @3/ @3/ D5+ @5\ H8+ J9/ F7/ F8/ G0+ I2+ F0/ E1/ I2+ J2/ K2/ J1\ L2/ G0\ F0/ H1+ L1/ E5\
Trax_5844913 ypercube vs. Charlo : @0/ @1/ C1/ C2/ D1/ D0/ A0/ @1\ A0\ A0\ E7\ F4+ G6+ G7\ H6/ @4+ C6/ F3/ E2+
Trax_5844914 xr6turbo vs. dgb : @0/ A0/ B1\ A3\ B2+ C2\ B3\ B4\ C3\ @1\ D4\ A0/
Trax_5844915 dgb vs. xr6turbo : @0+ @1/ C1/ C0\ B3+ B1\ D2\ C3+ C4\ D4\ D5\ E4\ B5/ @2\ D6/
Trax_5844916 xr6turbo vs. ypercube : @0/ @1/ B0\ @2\ B1+ B0\ A2\ @2\ B1\ B0\ A1\ D1/ @1/ F2\
Trax_5844917 ypercube vs. xr6turbo : @0/ @1\ A0/
Trax_5844918 dgb vs. ypercube : @0/ @1/ B0+ @1/ A0/ D2+ C4/ D1\ E1\ C0/ F1+ E0/ C1+ C0\ @4\ RESIGN
Trax_5844919 ypercube vs. dgb : @0/ A0/ B2/ A3+ C2/ D2+ D1/ @2\ @2\ G2\ G4+ H4\ D5/ C4+ I4\ I5\ I6+ J3+ H2+ H0+ I2/ C1\ B1\ D1+ D0+ E1/
Trax_5849750 Traxplayer vs. Rogue Trooper : @0/ B1+ C1/ C0/ B0/ @3/ B2+ @3+ D0+ E2+ F2\ D5+ G4+ G5\ D6+ B6/ A6/ @4/ B7/ B8+
Trax_5852141 Carroll vs. DarkIzeul :
Trax_5854888 jaha vs. JonathanT : @0/ @1/ A0/ A0+ B1/ B0+ @3+ @2/ @3\ @2/ D1+ B0+ B0/ B0+ G6\ E8+ H6\ G9+ D3+ D1/ E1/ F1/ A2+ G4+ C0+
Trax_5860673 DarkIzeul vs. Rogue Trooper : @0/ A0/ A3/ A0/ B4\ A5/ A0\ @1\ A3\ D4+ C1+ @3\ @4+ A7/ @6\ C8+ B1\ A1\
Trax_5861088 JonathanT vs. Traxplayer : @0/ @1/ A0/ @1/ B3/ D2+ A3/ A4/ @4/ E1/ F1+ F3+ G4+ G5+ H4/ A6/ @6/ B0+ A4+ @7/ C0/ A3+ F2+
Trax_5865663 Traxplayer vs. rabbitoid : @0/ @1/ B0/ @2+ C0+ @1+ C0/ C0/ E2+ C0/ F2+ @1+ D0+ A0/ @4+ B7\ E1/ I3+ F2+ @5\ A3/ D1+
Trax_5871200 Leeeeeesa vs. ypercube : @0+ B1/ B2\ C1/ A2+ D1\ D2\ @1\ C0/ D1/ B0\ B0+ A1\ @3/ G5+ G6+ B5+ A0/ @4/ F1/ C0+ G3/
Trax_5871867 Leeeeeesa vs. ypercube : @0+ B1/ B2\ C2\ @1/ B0+ A1\ @1+ A2+ @1\ D3+ D4/ D5/ B0/ B4/ A0\ @2/ E1/ D0/ F3/
Trax_5872022 Leeeeeesa vs. ypercube : @0+ A0\ @2+ A3/ B0\ B4+ A5+ @4\ D3\ C0\ C7/ C8/ A7+ E4\ D6+ F5+ D3+ C0+ A4+ @6+ A4/ @4/ B3+ @5\ D1+ B1+
Trax_5872646 Traxplayer vs. dgb : @0/ @1/ A0/ @2+ B3+ D2/ C4+ @2/ C0+ A2+ D1\ F3+ @1/ D0\ @3\ @3\ A0+ @4\ I8+ E6/ F0+ E0/ C0+ B1+ RESIGN
Trax_5873006 JonathanT vs. dgb : @0/ A0/ B2/ A3+ A0+ A0\ @4+ @1+ C6/ B6/ A4+ B7+ D6+ D1\ E3+ F2\ B0/ @2\ RESIGN
Trax_5873007 dgb vs. JonathanT : @0+ B1+ @1/ C2+ D1/ E1/ D2+ F1/ G1+ E3/ C0+ C0/ E0+ D0/ B4\ @4+ @5\ C3+ B6/ C6+ F0/ H2+ F0/ E1+ I5+ D2+ I1/ RESIGN
Trax_5873449 ypercube vs. dgb : @0/ A0/ B2/ A3+ @1/ D2\ E2+ B0+ D2+ @2/ A3/ F4\ E5\ B5+ @4+ H3/ RESIGN
Trax_5873450 dgb vs. ypercube : @0/ @1/ A0/ @2/ B0+ B0/ B0/ @3+ @4+ E2+ B2\ E0\ D0/ F1+ F5+ @6/ @7\ @6/ A5+ F3+ C8+
Trax_5873760 Charlo vs. dgb : @0/ A0/ B1+ A3+ @3\ D2\ E2\ @2+ C0/ F4\ D5+ F2+ G4\ G5\ D0+ E7+
Trax_5873761 dgb vs. Charlo : @0/ A0/ A0/ @1/ B0/ C1/ C0/ D3\ @1+ D0+ E6\ E7\ A5/ @5/ G4+
Trax_5873765 jaha vs. dgb : @0/ A0/ B2/ A3+ @2+ B0/ B0+ B0/ B0/ @4+ @5\ @5\ D2+ E0\ F6+ E9/ D8/ C8/ D9/ D10/ RESIGN
Trax_5873766 dgb vs. jaha : @0+ A0\ B1\ A0\ @1\ D3/ C4+ E3+ D0/ E1+ A0\ @1\ E0/ RESIGN
Trax_5874525 JonathanT vs. CHESSCATJAY : @0/ @1/ B0/ @1+ C0/ D1/ A0+ @3/ @3/ @3/ @4\ E0/ D3+ F6/ A2+ F0+ C2/
Trax_5874549 Carroll vs. DINGEROO :
Trax_5874652 * vs. JiffyJeff : @0/ A0/ @2+ A3+ C1/ @2/ D3\ E2/ C4+ D0+ @4\ F2/
Trax_5874870 Traxplayer vs. JonathanT : @0/ @1/ A0/ @2/ A3+ C4/ @2+ C0/ @1+ A0\ @1\ A0\ E0+ F4/ G6+ G3+ G0/ RESIGN
Trax_5876902 JiffyJeff vs. Rogue Trooper : @0/ A0+ B2/ A0/ C2+ B0+ C4\ A5/ @2/ @4+ B6+ D6\ E6\ E7\ F7\ @4/ G3/ H3/ G0+ A8/ RESIGN
Trax_5877012 jaha vs. jazzbeth : @0/ @1/ A0/ @1/ B0/ @1/ B0+ D2/ @2\ E0+ D0/ B5+ E7/ E8+ C6+ C7/ F5+ G4\ H4\ G6+ H7+ F3+ E0/ F1/ G3+ I4+ F0/ I3+ D1\ H1/ D0/
Trax_5884247 Leeeeeesa vs. ypercube : @0/ @1/ B2/ @1/ C3\ D1/ A2/ @1/ A0/ @2/ B3/ B5+ D1+ D6+ D7\ E8/ D9\ E10/ C7+ B6+ G3/ B10+ A0+ @2\ G1/ B9\
Trax_5885428 Rogue Trooper vs. JiffyJeff : @0+ A2/ @2\ B3/ @3/ C4/ A1\ RESIGN
Trax_5885443 * vs. DarkIzeul : @0/ A2\ B1/ @1/ C2\ D1/ B0+ B4+ @1+ E0/ F3/ A4+ F4\ G3/ E0+ H3/ H2/ A7/ @6+ H5\ I6/
Trax_5887354 ypercube vs. JonathanT : @0/ A0/ A3/ B3/ A4/ C3/ @3+ D2+ E2/ E1/ A0\ RESIGN
Trax_5887812 dgb vs. Traxplayer : @0+ B1+ @1\ A0\ B0\ B0\ B0+ C1+ C0/ D1/ @5/ B3+ F1+ D0+ C2\ D0/ C2\ B4+ A4+ E7+ C9+ @6+ A4+ B8+ H3+
Trax_5888991 Rogue Trooper vs. Dragon101 : @0+ A2\ B2/ A0\ @1\ @1+ B3+ A0/ @1/ @2\ E0/ F4/ @2/ H5\ H2/ G1/
Trax_5889998 JonathanT vs. Leeeeeesa : @0/ B1\ B2\ B3\ C3\ A2+ D2+ E2\ D4/ @2\ B0/
Trax_5889999 Leeeeeesa vs. JonathanT : @0/ A0/ B2/ A3/ B4/ @3/ A0\ @3+ @2/ @2/ B4+ A1\ @2/ D0+
Trax_5892118 jaha vs. ypercube : @0/ A0/ B2/ B3/ C3/ B1/ @2+ C4/ A3\ @2/ E1+ D0+ A2+ A0+ F6+ E7\ A0/ @3+ A6\ @2/ F1/ F0/ E9\ G2+ H3/ I2\ B9+ RESIGN
Trax_5893578 Rogue Trooper vs. JonathanT : @0+ @1+ A0/ A3/ @3/ D2+ B4+ D3/ D4/ C0/ D1/ D0/ E2+
Trax_5893681 Thud vs. Carroll : @0+
Trax_5893691 dgb vs. Traxplayer : @0/ @1/ @1/ @1/ B0/ A0/ C4/ D2/ @2+ D1+ F1\ C0/ C0/ A0+ @4+ @3+ @2+ A0+ E1+ F8+ G1/ RESIGN
Trax_5896452 CHESSCATJAY vs. ypercube : @0/ @1/ C1/ D1/ B2+ A0+ E1\ C0+ B5/ F1/ F3+ E0/
Trax_5896453 ypercube vs. CHESSCATJAY : @0/ A0/ A3/ B2+ A4/ @1+ @2+ C0+ D6\ E6\ A6/ @6/ D7/
Trax_5896454 CHESSCATJAY vs. dgb : @0/ A0/ A0/ @2+ B4/ @3\ D4+ E2\ E4\ D5\ F2\ F0+ C1+ G2+
Trax_5896455 dgb vs. CHESSCATJAY : @0+ A0+ A3+ @2\ C2\ D2\ @2/ A3/ @3/ D4/ A1\ F4\ @2\
Trax_5896456 CHESSCATJAY vs. Linda Sue : @0/ B1+ C1/ C0\ @2\ A1\ A0\ @1\ C1/ B0\ D1+ C5/ C6/ A1\ @3+
Trax_5896457 Linda Sue vs. CHESSCATJAY : @0/ A0/ B1\ C1/ C0/ C0/ D1/ D4\ E4\ B5+
Trax_5896458 ypercube vs. dgb : @0/ A0/ A3/ B2+ A4/ @1+ D2/ E1\ @2+ B5+ B0\ A1\ G3/ F1\ F0+ @2\ D1+ E1/ @1\ C0/ F1/ @2/ RESIGN
Trax_5896459 dgb vs. ypercube : @0/ @1/ @1/ B0/ @2+ @2/ @2/ D0+ F4+ D5\ D0/ E0\ C2+ @5/ G3\ H5\ D0\ RESIGN
Trax_5896460 ypercube vs. Linda Sue : @0/ A2+ A3+ A4/ B4\ A5/ C4\ @4\ D3/
Trax_5896461 Linda Sue vs. ypercube : @0+ @1+ B0\ A3/ B3+ C3\ @3/ C4+
Trax_5896462 dgb vs. Linda Sue : @0/ B1+ C1/
Trax_5896463 Linda Sue vs. dgb : @0+ B1+
Trax_5897801 golfnutrof vs. Rogue Trooper : @0/ B1+ C1/ C0/ B3\ B4\ D4+ E3\ C0/ D6\ F6\ F7\ A1\ @3\
Trax_5903136 davidmilne vs. rabbitoid : @0/ A0+ B1\ A0/ A0/ C2+ D3/ E2\ D1+ A5/ @5/ A2+ B0/ @3+ B0\ A1\ E1+ E0\ G2/ H3\
Trax_5903337 Traxplayer vs. JonathanT : @0/ @1/ A0/ A0+ @3/ B0/ B0/ A2+ @5+ @3+ B1+ A0/ @5\ @4/ B3+ A2+ A0+ G4+ @3+ RESIGN
Trax_5906858 kidgame2001 vs. Carroll : @0/
Trax_5908697 JonathanT vs. balmoral : @0/ B1\ A2/ B2+ C2\ C3\ D3\ D4\ D1/ B0/
Trax_5916240 dgb vs. JiffyJeff : @0+ B1/ @1/ C2/ D1/ RESIGN
Trax_5916241 JiffyJeff vs. dgb : @0/ A0/ B2/ A3+ @3+ B4+ D2+ E2\ F3/ A1\ A0\ @3+ D2/ F2+ D5\ H2/ F1/ F5+ F6/ H5\ RESIGN
Trax_5916242 dgb vs. Leeeeeesa : @0/ B1\ A2/ @1/ B0+ D2\ @2\ E1/ F2\ C0+ D0+ F2+ C6\ E5/ G1\ G3+ F6\ G6\ H6\ H3+ H7+ I6/ D8/
Trax_5916243 Leeeeeesa vs. dgb : @0/ @1/ B0+ @2+ C0\ B4\ @1\ C0+ A4/ @3\ C5+ C6/ A5+ C7/ E6+ F3+ G3/ G2/ F1/ H2+
Trax_5916244 dgb vs. Traxplayer : @0/ @1/ B0/ @1+ C0/ D1/ A0+ E4+ B5+ F2/ F1/ C0+ F0+ @5\ D1\ F0/ H2+ I2\ @5/ A3\ @5+ D8+ B7/ A6+ @6/ B7/ J0/ K1/ B9/ C2\ D10+
Trax_5916245 Traxplayer vs. dgb : @0/ @1/ A0/ @2+ B0/ B4\ @1/ C5/ B4+ A4/ A5/ @5/ D6+ E6\ F6+ B7\ F7/ @4\ RESIGN
Trax_5916248 JiffyJeff vs. Traxplayer : @0/ @1/ @1/ @1/ B2\ B3/ C0\ @3/ A4/ @4/ RESIGN
Trax_5916249 Traxplayer vs. JiffyJeff : @0/ @1/ A0/ @1/ A0/ @1/ B0/ C2/ D5/ A0+ @3/ @3+ C4+ E2/ @2+ C0\ C0\ C7\ @3/ B2\ @4\ B2+ F1/ E0\ I2+ I1/ H0+ I8/ J5\ J6\ J1\ RESIGN
Trax_5916250 Leeeeeesa vs. Traxplayer : @0/ A0/ A3/ A4/ B2+ @1+ @2+ B5+ A1+ C0+ E3/ F2\ E4\ C6+ C7/ C8/ D7+ A8/ A9/ @6/
Trax_5916251 Traxplayer vs. Leeeeeesa : @0/ B1\ A2/ @1/ A0/ D2\ @2\ C1+ B0\ A2+ @2\ A1\ @1\ C0/ A4/ B5/ @3/
Trax_5916252 JonathanT vs. * : @0/ A2\ B2\ B3+ B4/ @4+ @3+ @3\ @2/ D1+ E0/ C1+ G4/ G2+ B0/ F7/ G6+ F8/ G9+ H9\ I9+ I10\ C8+ C9/ D10+ B7/ E11\ G10+ I11\ F11+
Trax_5916253 * vs. JonathanT : @0/ @1/ B0+ @2/ C0+ A1\ @3+ C0+ D5+ @3/ A2+ F2/ C0/ A1\ A0/
Trax_5916254 JonathanT vs. Charlo : @0/ @1/ B2/ C2/ B3/ D3/ B4+ E4/ B0/ C2/ B6/ A6+ E4/ C6+ F4/ C7+ C8/ A7+ @7/ @8\ E1+ G7+ I7+ A9/ @9\
Trax_5916255 Charlo vs. JonathanT : @0/ A0/ A3/ B2/ @1/ B0/ C1/ C0+ B6/ C0+ D3+ D1+ E4/ A7/ @7+ F8+ G5+ B9/ A8+ E10\ F10\ A10/ D11+ @8/
Trax_5916256 JonathanT vs. ypercube : @0/ @1/ B0/ A0/ A0+ B2+ A0+ @5/ @2+ D6\ E4+ C7+ C8/ A8+ D1+
Trax_5916257 ypercube vs. JonathanT : @0/ @1/ C1/ B2/ D1/ C3+ B4\ D0+ E1/ C6/ B7\ F1+ G1/ A3/ @7\ F0/ F4+ B1+ F0/ A3+
Trax_5916258 * vs. Charlo : @0/ @1/ A2+ C1+ B0/ C4+ D1\ B0/ @2+ A0+ D1+ F4/ F0+ G4+ @2+ B1/ D0+ C8/ E9/ F9/ I5+ D0/ F1+ I3/ I2/ J5+
Trax_5916259 Charlo vs. * : @0/ B1+ @1\ B0/ B0/ D2+ B4/ @4\ B1\ C0/ C6/ B7\ A4+
Trax_5916260 * vs. ypercube : @0/ B1/ B2+ B0/ C1/ B4/ B5/ B6/ D1/ @6/ B7/
Trax_5916261 ypercube vs. * : @0/ B1\ B2\ C2+ B0+ B0/ B0/ B0/ D6\ D5+ E1/ D0+ E7\ F5\
Trax_5916262 Charlo vs. ypercube : @0/ @1/ C1/ A0/ @1/ A2/ D3\ E3\ E4+ @1\ C0+ A5/ C6+ @4\
Trax_5916263 ypercube vs. Charlo : @0/ @1/ C1/ C2/ D1/ A0+ B0+ E2\ E5+ F5\ F6\ F1/ G5+
Trax_5916264 jaha vs. davidmilne : @0/ @1/ A0/ @2+ B0/ A0+ @4\ @3/ E1/
Trax_5916265 davidmilne vs. jaha : @0/ A0/ B1+ @2\ C0\ D3/ E2\ D1+ E0\ A3+
Trax_5916266 jaha vs. Linda Sue : @0/ B1+ C1/ D1/ B2\ B3\ C0+
Trax_5916267 Linda Sue vs. jaha : @0+ A0/ B1\ A3/ B2+ @2+ D2\ D3\
Trax_5916268 davidmilne vs. Linda Sue : @0/ A2+ A3/ @3\
Trax_5916269 Linda Sue vs. davidmilne : @0+ @1+ B0\
Trax_5917659 Dragon101 vs. Traxplayer : @0/ A0/ A0/ A0/ @3+ C4+ D4+ B5+ D1+ C0+ A1\ @3/ B0\ D8\ E8\ F4+ A2+ @5\ H5/ A6/ A7+ @5/
Trax_5918650 Leeeeeesa vs. Linda Sue : @0/ A2+ @1\ B0/ C2/ B4\ @2\ C0+ C0/
Trax_5918651 Linda Sue vs. Leeeeeesa : @0+ A0+ A0/ @2/ C3\ @2/ C4/ B1+
Trax_5919645 Rogue Trooper vs. balmoral : @0+ B1+ A2\ B0/ C1/ @3/ C4/ D3+ C0+ B1\ A1+ B0\
Trax_5919665 golfnutrof vs. JonathanT : @0/ @1/ B0/ B0+ B4+ C2/ D2/ C0\ E3+ D0/ E1+ C0+ @5+ E0/ F1/ F0/ G3\ D1\ C1+ D0/
Trax_5925196 golfnutrof vs. JonathanT : @0/ A0/ @2/ @2/ A0/ @2/ A0+ @3/ E2+ F3/ A4/ @3+
Trax_5926598 davidmilne vs. golfnutrof : @0/ @1/ A2+ @2+
Trax_5928324 jaha vs. dgb : @0/ A0/ B2/ A3+ @1/ D2\ B4\ B0+ A0/ @3+ B5+ @1\ A0\ @3/ A4/ @4/ C5\ B6+ RESIGN
Trax_5942903 JonathanT vs. jaha : @0/ A0/ @2/ @1+ C0/ A4\ D1+ @3/ @3/ E0/ B1+ E0+ B6+ @4+ B1+ C0+ @3\ B2+ @4/ B5+ A2\ RESIGN
Trax_5943893 ypercube vs. thebodywall : @0+ B1+ B2\ @1+ C0/ D3\ D4\ E2/ B4/ B5/ B1\
Trax_5948969 jaha vs. golfnutrof : @0/ @1/ A0/ A0/ A4/ C4+ A5/ B1+ C6+ @2+ A0\ @3\ D8\ F7+ B8/ A6+ B9\
Trax_5949049 JonathanT vs. jazzbeth : @0/ @1/ A0/ @1/ A0/ @1/ B0/ A0/ @3+ @2+ E6/ F7/ E2/ E1/ B4/ F4/ C0+ A5/ @1\ C0+ A6+ @5/ C7/
Trax_5954607 JiffyJeff vs. Chad : @0/ @1/ C1/ B0/ @2\ D3+ C4+ @2\ D5+ @2/ B3+ G3/ E6+ A1+ E7+ A0+ B2+ E1+ C1+ B0/ C6/ B7\ F7/ B8\ F9\ A6+
Trax_5957817 Rogue Trooper vs. JiffyJeff : @0+ A2/ @2\ B3/ @3/ C4/ A1\ C0/ @3\
Trax_5957955 Traxplayer vs. jaha : @0/ A0/ @1/ A0/ @1/ D2\ C1/ E2+ D0+ A3/ F2/ D0/ A2\ @2\ C0+ B0+ @1+ @2\ B0+ A5/ C6/
Trax_5961073 Rogue Trooper vs. thebodywall : @0+ B1+ A2\ B0/ C1/ D1+ C3+ E1+ @2/ @3\ B1+ C0\ B0/ @3+ A2\ A5+ E6/ I3\ I4\ J4\ J5\ I6+ E7+ J2/ K4+ I1\ G1+
Trax_5961480 Leeeeeesa vs. ypercube : @0/ A0/ B1\ @1\ B0/ B4\ C4\ C5\ D3/ A5/ @3\ C6/
Trax_5961574 Leeeeeesa vs. ypercube : @0/ @1+ C1/ D1/ @1/ B2\ @1/ D0+
Trax_5962696 Rogue Trooper vs. rabbitoid : @0+ A0/ B1\ B2\ @1/ A3\ @2+ C4+ E2+ C0+ @3+ B1\ C0/ @2\ B1/ C0\ F2/ @4/
Trax_5963904 jaha vs. Traxplayer : @0/ @1/ A0/ @1/ B0/ C1/ @1/ D0/ C5\ @2/ A3/ E0/ F4+ A0+ @4+ H3+ B0/ @3+ @3\ @3\ @3\ @3\ K0/ L1/ F8/ E6/ D7\ A2+ F1\ H0+ G0/
Trax_5964925 Leeeeeesa vs. ypercube : @0/ @1/ C1/ @1/ D2\ E2\ A3/ @1/ D4\ F4\ G4+ G2/ G1/ H3\
Trax_5965042 golfnutrof vs. jaha : @0/ @1/ B0/ A0+ @3/ D1\ @1\ A0\ @2+ E1\ D0/ F0/ G4+ C1+ F0+ A2\ @2\ C1\
Trax_5966381 CHESSCATJAY vs. DarkIzeul : @0/
Trax_5969053 davidmilne vs. JiffyJeff :
Trax_5971349 Leeeeeesa vs. ypercube : @0/ @1/ B2/ @1/ D1/ D3\ E3\ B3/ C4\ C0+
Trax_5971350 ypercube vs. Leeeeeesa : @0+ A0/ B2/ B3+ C2/ B4/ D3\ D4\ C5\ E3+ A5/ A6/ B1+ E1/ A3+
Trax_5972110 Rogue Trooper vs. ypercube : @0+ @1+ A2\ A0\ @1\ @1+ C0+ D2/ B4+ B0\ A1\ A0\ @2+
Trax_5972126 Nukkle Dragger vs. * : @0+ @1+ A0/ A3/ B3+ C3\ A4/ @2\ @3+ D5+ B5+ C0/ E2/ F2/ G2+ E1+ A2+ C7\ @4\ A5+ E0\ @5\ G0/ H1/ I1/ J3+ I0/ E2+ C1\ G0+
Trax_5972827 marie1961 vs. ypercube : @0/ @1/ A0\ @2\
Trax_5973149 marie1961 vs. ypercube : @0/ B1\ A0\ @1\ B3/ A2/ @2/ C0/ B4/ @3/ E1/ F2/ B4/ @3/ F4+ E5+
Trax_5977924 JiffyJeff vs. Traxplayer : @0/ @1/ C1/ D1/ D2/ D0/ A3/ D4+ E1+ A0+ @1\ A0\ @4+ C0/ D2+ F1/ G1+ D8+
Trax_5977925 Traxplayer vs. JiffyJeff : @0/ @1/ A0/ B1/ B3+ C2/ A0\ RESIGN
Trax_5977926 JiffyJeff vs. ypercube : @0/ A0/ A3/ A0/ B1/ B0/ @4/ @1+ C0/ C0+ D1/ D0/ RESIGN
Trax_5977927 ypercube vs. JiffyJeff : @0/ @1/ C1/ D1/ C2/ D0\ D4\ E1\ B4/ RESIGN
Trax_5977928 Leeeeeesa vs. Traxplayer : @0/ @1/ B2/ C2/ A2+ B3\ B4\ B5\ C3+ B0\ C2/ D1\ D5+ E3+ C7\ C8\ B7+ F2\
Trax_5977929 Traxplayer vs. Leeeeeesa : @0/ @1+ @1\ C0/ D1/ B0\ @3\ B1+ E4\ F3/ A4/ B5/ @3/
Trax_5977930 Leeeeeesa vs. ypercube : @0/ @1/ B2/ @1/ A2/ C3/ A3+ A4/ B4+ @2+ C0+ A5/ C0/ E2\ @6/ G1/ G0/ H3\ G4+ B8+ B2\ H4\
Trax_5977931 ypercube vs. Leeeeeesa : @0/ B1\ A2/ B2+ C2\ A3/ A4/ @3+
Trax_5977932 Traxplayer vs. ypercube : @0/ @1/ A0/ C2/ A3/ @2/ D4+ E3\ F2\ E1+ G1\ H1\ B5/ A5/ A0+ @2\ @2\ A1\ C0/ D8+ @1/ B0\ G8+ C8\ D6+ F3\ B0+ A1\ @4\ E0+ F3+ A8+ @5+ C11+ F12/
Trax_5977933 ypercube vs. Traxplayer : @0/ @1/ C1/ D1/ C2/ D3/ E3+ D0/ F4/ G1+ F0/ E0/ H4+ G6+ D7+ C7/ B7+ D8+ B2+
Trax_5977934 dgb vs. JonathanT : @0+ @1+ @1/ A2/ B3/ B0/ B0/ A2+ D2/ E2/ @3+ @3/ D0+ C0/ C0/ D0\ E1+ RESIGN
Trax_5977935 JonathanT vs. dgb : @0/ A0/ A3/ @2\ B0+ C3+ D3/ E2\ D4+ F3+ G3/ H3/ G4+ H5/ F6+ H2+ D1+ D5+ RESIGN
Trax_5977936 dgb vs. Linda Sue : @0/ B1+ C1/ B2/ B3/ A3\ C3\ B4/ D1\
Trax_5977937 Linda Sue vs. dgb : @0+ B1+ B0\ A3/ @3/ @3+ A4/ A1\ C0/ @3\
Trax_5977938 JonathanT vs. Linda Sue : @0+ @1/ A2+
Trax_5977939 Linda Sue vs. JonathanT : @0+ B1+
Trax_5978503 Dragon101 vs. Judy : @0/ A2\ B1/ B0+ A0/ @2+ @2/ B0\ A1\ @3/ B5+ D6\ E6+ F5\ E7/ @3/ A6+ @4\ F8/ I5/ E7/
Trax_5980101 dgb vs. jaha : @0+ A0/ @2\ B0\ @2\ B1+ B0\ A1\ A0\ RESIGN
Trax_5981233 marie1961 vs. ypercube : @0/ B1/ @1\ A0\ A0\ B4/ B1/ A0\ C2/ C1/ A0\ @4+ E2/ A7/ F2\ @7\
Trax_5982995 Chad vs. DarkIzeul : @0/
Trax_5984437 davidmilne vs. CHESSCATJAY :
Trax_5984674 Traxplayer vs. jaha : @0/ A0/ @1/ A0/ @1/ B0+ @1/ E3+ D5\ F3\ B0\ B0\ D4/ C7+ G5\ F4+ E3+ F7+ F8/ H4/ RESIGN
Trax_5985846 Chad vs. JiffyJeff : @0/ @1/ B2/ B0\ @2/ B3/ C0\ D3/ E2\ F3/ F0+ G1/ H1+ G0\ F7+ G5+ E1/ RESIGN
Trax_5988209 ypercube vs. jaha : @0/ A0/ B2/ A3+ @1/ B0+ D3/ C2/ B5/ C5+ @2/ A3/ B6+ @1+ C0/ A7+ @7\ C8+ H6+ G7\ H3\ I6\ I7\ F1+ C9\ D8\ H8+ F8+ F9/ H1/ E9+
Trax_5994342 dgb vs. jaha : @0/ A0/ A0/ A0/ @2/ @2+ A3/ D4+ E3+ D5/ E0/ F1+ @5/ B6+ H1\ G3+ B7/ A7/ A8/ @6\ F0\ E2+ B5+ F8/ G8+ D9+ E10/ H5+ @8+ J5+ @7\ B6/ D2\ RESIGN
Trax_5994343 jaha vs. dgb : @0/ @1/ A0/ @2+ B0/ B4\ D3+ D2+ @3\ F3\ F4\ F5+ G3/ G2/ H2+ B5+ RESIGN
Trax_5994344 dgb vs. ypercube : @0+ @1+ C1\ A0\ A0\ @3/ A4/ @2+ B0+ @2+ E5+ A4+ B0+ E7+ B7+ C8+ B0/ RESIGN
Trax_5994345 ypercube vs. dgb : @0+ B1+ B2\ A0/ A0/ C2\ @1\ A0\ E3+ @3+ RESIGN
Trax_5994346 jaha vs. ypercube : @0/ A0/ B2/ A0/ @1+ C1/ C0/ @2+ B0+ E3+ F4+ F6+ A2+ F2\ G2\ F7/ A4+ @2+ H5+ I5\ H7+ E0/ F1/ A4/ I9\ J9\ C8+ F9+ J5+ K4\ E0+ I11/ H11/ K11\ I12+ J9/ K10+ K8+ RESIGN
Trax_5994347 ypercube vs. jaha : @0+ A0/ A3\ B2/ C2/ C1/ @3\ E2+ C0+ A2+ F3/ G3/ D5+ D6/ C7\ D8/ E8+ F7+ B6+
Trax_5995081 Sassy Lassie vs. DarkIzeul :
Trax_6004360 ypercube vs. Traxplayer : @0/ @1/ C1/ C2/ D1/ E2+ D3\ A0\ @1\ E0/ F1/ G3\ C5/ RESIGN
Trax_6004650 golfnutrof vs. Traxplayer : @0/ @1/ A0/ @2/ @1/ C0+ @2/ B0+ D1+ B4+ D0/ D0/ E3\ B1\ B0\ @5+
Trax_6006654 Sassy Lassie vs. davidmilne :
Trax_6008068 CHESSCATJAY vs. * : @0/ A2/ @1\ B0/ B0/ C3+ A1\ B0/ B0/ D4\ @6+ @3+ C2\ @3\ A4+ @5+ A2/ @5+ C6+ D7/ G7+ J5/ @5\ E8+ A2\ F1+
Trax_6013570 davidmilne vs. Chad :
Trax_6014886 rabbitoid vs. Rogue Trooper : @0/ A0/ @2+ B0+ @3\ D3\ D4\ C0+ A5\ D6\ @2\ B1\
Trax_6014942 JiffyJeff vs. DarkIzeul : @0/
Trax_6021115 Traxplayer vs. ypercube : @0/ @1/ C1/ A0/ @2\ @2\ C3/ C4/ C5+ @4/ A5+ @3+ B6/ E6/ E7+ @4/ B5+ E5+ C7+ A5/
Trax_6021603 dgb vs. ypercube : @0/ @1/ B0+ B3/ C2\ D2\ E2\ @2/ B0+ B0/ B0/ B0/ B0/ @7+ D4+ @7/ A6+ F6+ G5+ @6/ B8/ F9+ G1/ H0\ A9+
Trax_6021604 ypercube vs. dgb : @0/ @1/ C1/ B2+ D1/ A0+ B0+ E2+ D0\ @4+ @3+ H1\ C6\ D7/ C8\ B5+ B9\ A2+ @2\ D1/ B6\ F0/ RESIGN
Trax_6023447 Rogue Trooper vs. DINGEROO : @0+ A2+ A3+ @1+ B0+ C3\ A4/ @4+ C5+ B1\ C6+ C0+ C0+
Trax_6023745 golfnutrof vs. * : @0/ A2\ B1/ B0+ @2+ D2/ B0/ @3/ A2+ B4+ D4+ A5\ @2\ C0+
Trax_6023755 JiffyJeff vs. jazzbeth : @0/ @1/ C1/ C2/ A0/ @1/ D4/ E4/ E3+ E5+ F5\ G5\ D6\ D1/ F1/ H3+ E0/
Trax_6024478 ypercube vs. Traxplayer : @0/ @1/ C1/ D1/ B0/ A0/ @3/ A0/ C5+ RESIGN
Trax_6029192 Chad vs. JiffyJeff : @0/ @1/ B2/ C2/ D2/ B0\ B0\ D3+ D2/ A1\ @3+ B0+ C6+ D0+ E1/ B7/ F4\ F7\ D8/ D9/ G6+
Trax_6030505 * vs. kidgame2001 : @0/ A0/ @2+ C2\ B3/ C0/ D3+ D1+ A1\ D4/ B5\
Trax_6044940 ypercube vs. Traxplayer : @0/ @1/ A0/ @1/ A0/ @1/ A0/ @1/ A0/ @1/ A0/ @1/ A0/ @1/ A0/ @1/ A0/ @1/ A0/ @1/ A0/ @1/ A0/ @1/ A0/ @1/ A0/ @1/ A0/ @1/ A0/ @1/ A0/ @1/ A0/ @1/ @1+ C0/ C0+ A0/ @4/ E3+ C1/ A3+ A5\ A6\ D6+ @6/ A7/ F1\ G2/ B0+ A2\ F1+ E0/ H5\ H6\ E9/ D7+ D10+ I7/ B11/ @8+ A4\ F10\ K5+ L6/ K7+ I3+ M7\ M8\ W24\ X24\ U24/ V25\ J2+ J1+ F0/ L3+ M4+ K2+
Trax_6058626 golfnutrof vs. Chad : @0/ A0/ B2/ B3/ C3/ B4/ A0/ B6\ D5+ D6\ D7+ E5+ D3+ A7+ A8/ B1/ A5+ @4/
Trax_6064710 Chad vs. Traxplayer : @0/ @1/ B2/ C1/ C3/ D1+ D0/ E1+ E4/ F2+ @2+ D1+ A3/ B4/ E0+ D0/ H5/ G6+ H7/ F1/ E0\ @4/ A3+ C8/ I9/ J9+ E10/ D10+ H11\ I11+ B9\ @3\ A5+ @8+ A9/ A10+ @8\ @9+ B10/ I12+ H11/ B5+ A6\ @6\ A5\ C4/ C3+ G2+ E2\ D1/ @3\ D1\ F0\ A6+ @4\ @4+ C3+ C9+ A7\ D11/ E1+ F12/
Trax_6064993 ypercube vs. jaha : @0/ A0/ B2/ B3/ C3/ @2\ B0/ A1+ @2+ D5/ C5/ B6+ F5+ C6+ F7+ G4/ G3+ H4/ @4+ E1/ D0\ H8+ H9\ I9\ J6+ F9+ F10\ D0\ C1\ B1\ A4+ F1/ B0\ G3\ @3+
Trax_6068363 Rogue Trooper vs. jazzbeth : @0+ @1\ A0/ B3\ B4\ A3+ C3+ B1+ @3/ E4/ @3/ A5+ A1\ F5\ @1/
Trax_6069798 Rogue Trooper vs. * : @0+ @1+ A2\ A0\ @1\ @2\ @2\ A3+ E4/ E1/ E0/ B2+ F4/ G3\ H1+ G0+
Trax_6072394 Traxplayer vs. ypercube : @0/ @1/ A2+ C2/ A0/ @1/ C4+ D2/ A3/ A4/ @4/ @4+ D0+ A6\ E1\ G4+ E7+ F6\ E8/ B9\ A9+ @5/ G8\ RESIGN
Trax_6074199 JiffyJeff vs. Linda Sue : @0/ B1+ A2\
Trax_6074200 Linda Sue vs. JiffyJeff : @0+ @1\
Trax_6080722 Dragon101 vs. rabbitoid : @0/ B1/ A0/ A3+ B4/ @3/ @3/ E2+ D5/ D1/
Trax_6094188 Traxplayer vs. gruumsh : @0/ B1+ C1/ C0\ B3+ B1\ D2\ C3+ C4\ D3\ E3\ D4+
Trax_6094190 Traxplayer vs. gruumsh : @0/ @1\ B0\
Trax_6094926 Rogue Trooper vs. JiffyJeff : @0+ @1+ A2\ B0/ C1/ D1+ B0+ A1\ @2+ E4\ D5/
Trax_6096132 Chad vs. Nukkle Dragger : @0/ A2\ B1/ C1/ D1+ D2+ E1/ D0+ E3+ B1/ @2/ B4+ @1\ B0+ @3+ A4\ @2\ B1/ C6\ B5+ F0+ B1/ B0/ A3+
Trax_6099598 * vs. Lorraine of the Renegades : @0/ B1\ B2\ B0\ @2+ C0/ D3+ C0/ A2\ @2\ F4+ @2/ A3/ E0\ D2+ F3+ D6/ D7/ B1/ G2/ G1/ E0\ A2\ B1/ @4\
Trax_6101150 JiffyJeff vs. Traxplayer : @0/ @1/ @1/ @1/ A0/ D3+ C4\ @1/ F3+ B5+ A2/ @1\ A0\ E2+ D7/ D8+ E1/ A5+ @5\ B7/ RESIGN
Trax_6112989 Thud vs. Rogue Trooper : @0/ A0/ A0/ A0/ @4/ @4/ A0+ @4+ C6/ B0/ @3+ B1+ B7\ A6+ @3+ G4+ G2+ B8/ A8/ G8\ RESIGN
Trax_6113014 JiffyJeff vs. ypercube : @0/ B1/ B0\ C2/ B3+ B4/ @4+ E2/ B5\ C0+ B1\ A1\ @1+ A0\ G4/ G1+ H1/ C1+ RESIGN
Trax_6113099 dgb vs. Traxplayer : @0+ B1+ @1/ D1\ C2\ E1+ D0+ @2+ D4+ C4+ D5\ E5\ B4+ D6\ F3+ G4\ F6/ C1/ G3+ @2/ B4+ @2\ A1\ @1\ A0+ @3/ C4+ G1\ F2+ B0/
Trax_6115917 jazzbeth vs. DINGEROO : @0/ B1\ A2/ @2+ @2/ B0\ A1\ @1\ @2+ E0/ F1/ G1/ D0+ F0+ H4+ D7+ A2\ B1/ @3/
Trax_6116028 balmoral vs. Dragon101 : @0+ A2/ A0\ @3/ A4/ @1+ @2+ C5/ D6+ E4/ F4+ F3/ F2+ G5/ C7\ H3/ H2/ F1/
Trax_6116089 Traxplayer vs. dgb : @0/ @1/ B0/ @1+ C0/ @3\ @3\ B1+ D4+ D5/ B4/ F1/ RESIGN
Trax_6120683 rabbitoid vs. Traxplayer : @0/ @1/ A2+ C1+ B3/ B0\ D2/ D3+ B5/ @4+ F2+ A6/ @6\
Trax_6123820 inpassant vs. Chad : @0+ A2/ @2\ B0/ A2+ @2/ B4/ @2/ B4+ A1\ A0/ @2/
Trax_6123985 golfnutrof vs. dgb : @0/ @1/ A0/ @2+ C3/ B0\ B0\ B5/ @4\ D2\ B1\ E5+ C6/ E1/ C0+ F3\
Trax_6124075 jazzbeth vs. thebodywall : @0/ B1\ A2/ @2+ A0/ @3\ B0+ @3+ D2+ @1\ C0+ @3/ B4+ A4+ C5/ C6/ H4\ H3/ I3/ C7\ E6+ @2\ B1/ B0/ B6+ F8+ G8\ I6/ B8/ I8\ A7/
Trax_6133214 Rogue Trooper vs. rabbitoid : @0+ A0/ @1/ A3\ @2\ C0/ D4/ A5\ D5\ E3\ C0+ E1/ F5/ D7\ E7\ D0+ G5\ @5\
Trax_6133282 golfnutrof vs. Rogue Trooper : @0/ B1/ B0/ A3/ @1/ A0+ A3+ @1\ @1\ A0\ B0+ D2+ F5+ F3+ A5/ @6\ F7+ H7\ G8/ G1/ G0+ H3/
Trax_6146073 * vs. Rogue Trooper : @0/ A0/ @2+ B0+ @3\ D1/ D2+ B0+ E4\ C5+ C1+ A5/ @4+ C6+ C0/ A7/ A8\
Trax_6146075 Rogue Trooper vs. jaha : @0+ A0/ B1\ A3/ @3/ @3+ B1+ @1+ D0/ A1\ A0\ @4\ C0/ D1+ B0\ A1\ @2+
Trax_6153256 Chad vs. golfnutrof : @0/ A0/ @1/ A0/ @2+ B0/ B4+ C1/ C0+ A0+ @1\ A0\ @1\ A6+ @6/ @6+ H3+
Trax_6155383 kidgame2001 vs. Rand al*Thor : @0/ B1\ B2\ A2+ A3/
Trax_6160543 Rogue Trooper vs. Dragon101 : @0+ A2/ @2\ B0/ B4/ C3+ D4/ D5+ C1/ E2+ D0+ D0/ F1+ D8/ A8/ C9+ @7\
Trax_6163268 * vs. inpassant : @0/ A2\ B2\ B1+ A0\ @1\ B4/ A4/ A2+ @4\ A1\ C0/ D1/ B0\ @6\ B7/ @4+ B2+ A1/ @2\ F0/ A2+ H4+ H5\ H7\ G8/ I6/
Trax_6164512 rabbitoid vs. ypercube : @0/ @1/ A2+ C1+ C0\ A4/ D3/ E3/ F2\ G3/ A0\ @1\ C0/ D1/ E3+ H6\ B7\
Trax_6164568 Rogue Trooper vs. golfnutrof : @0+ @1+ A2\ B0/ B4/ C3/ @4/ A5/ C5+ E5+ E2+ @3+ A2\ A1+ @1/
Trax_6164603 JiffyJeff vs. jaha : @0/ A0/ B2/ A3+ @3+ D2\ B4/ B5/ C4+ @4/ E3\ E1/ F2\ @4\ A3\ A2+ RESIGN
Trax_6164681 dgb vs. jaha : @0/ A0/ A0/ A0/ @2/ C1/ C0/ A5/ D4+ D6+ @1+ D0+ F3+ G4/ @6/ A7/ H5+
Trax_6173674 ypercube vs. dgb : @0/ @1/ C1/ D1+ D0/ D0+ E1/ E2+ F2/ D4+ C2+ B1+ C0+ C0/ C0/ B2+ D8\ D9\ D10\ G5+ E7+ H5+ H6\ H4/ I5\ F7\ RESIGN
Trax_6173699 ypercube vs. golfnutrof : @0/ @1/ C1/ C2/ D1/ D3+ E2\ F2\ F3\ D4/ B4+ A0+ D6+ C6/ F7\ G7\ C7/ F8+ B6+
Trax_6174595 Rogue Trooper vs. JiffyJeff : @0+ A2/ @2\ B3/ @3/ A4/ A1\ RESIGN
Trax_6175479 Chad vs. Thud : @0/ A0/ B2/ C2/ C3/ C1+ D2\ D1+ @2/ A3/ A4+ A0+ @4+ @3+ E0\ B6/ A6/ @2\ D1\ C7+ @2+ B6\ H7+ RESIGN
Trax_6175483 CHESSCATJAY vs. * : @0/ A2\ B1/ B0+ A0/ @1+ @3\ A4\ A1\ C0/ D0\ E1+ F2/ E0+ E5+ E0+ @6+ E8\
Trax_6184789 Rogue Trooper vs. golfnutrof : @0+ @1+ A2\ B0/ C1/ A1\ C0+ D2+ C4+ @4/ A5/ F4+ A6\ B6\ B7\ C5+ @7/ A8/ A4\ @4+ B3/
Trax_6189277 Rogue Trooper vs. rabbitoid : @0+ A2/ @2\ B0/ C1/ D1/ C3+ E1/ C4+ C0+ A3+ A2\ D0+ F3/ D0+ B8\ A8+
Trax_6189424 Dragon101 vs. Nukkle Dragger : @0/ A2\ B2\ B1+ A3+ C2+ @2+ A1+ B0+ D4+ D1+ E2+ B0+ D6\ E6\ F6+ D7+ A6+ @4\ G3+ D8+
Trax_6191032 Rand al*Thor vs. Sassy Lassie :
Trax_6191229 jazzbeth vs. kidgame2001 : @0/ B1\ A2/ @2/ A3/ @1\ B0/ C5\ D3+ B6/ A6/ E2\ @5+
Trax_6193828 jaha vs. Chad : @0/ @1+ A2\ C1/ C0/ @3\ E2+ C0+ A2+ E5+ B5+ F3/ G2\ F1\ E0+ D0/ A8\
Trax_6200210 * vs. rabbitoid : @0/ A2+ @2+ @2\ A1\ C0/ D1/ A1\ B0+ D1/ B0\ E3+ F2\ G2\ D6/ D7/ F4+ G5+ B0\ G2/ H4/ B8/ @5+
Trax_6200255 Rogue Trooper vs. Traxplayer : @0+ B1+ B2/ A0\ @1\ @1+ B3+ B0/ D2+ D1/ D0+ E3+ @3/ A6/ @5/
Trax_6200258 Rogue Trooper vs. jaha : @0+ A0/ B1\ A3/ @3/ A4/ C4\ A5/ B6+ C5\ D5\ D6\ B7/ @4+ F2+ A1\ @4+ A2\
Trax_6200446 grandma vs. Rand al*Thor : @0/
Trax_6204218 Thud vs. * : @0/ B1+ B0+ C2\ C3\ B4+ @4+ @4/ A5/ B6+ D5+ @5/ B7/ A3\ RESIGN
Trax_6205106 JohnDoeXII vs. Traxplayer : @0+ B1+ A2+ @1+ @1\ A0\ @1\ A0\ A0+ @4/ B0+ B6/
Trax_6205107 Traxplayer vs. JohnDoeXII : @0/ A2/ @2/ @2\ B0+ A1\ @1+ C0\ A1/
Trax_6205152 dgb vs. Traxplayer : @0/ B1+ C1/ B0/ B3+ B4/ B5/ C4+ B6+ @2/ B1+ @2+ F2/ A0\ @1\ H3/ H2/ F1/ F0+ G1+ H1/
Trax_6208471 Rogue Trooper vs. rabbitoid : @0+ A0/ B1\ B2\ @1/ @1/ @1/ B3+ @1/ B0\ G3\ G4\ G5+ H3+ A5/ @5/ C6\ F6\ D5\
Trax_6209840 Rand al*Thor vs. DINGEROO :
Trax_6215161 rabbitoid vs. * : @0/ A2/ B1+ @2+ B3/ A0\ @3\ @3\ B4+ F4+ D5/ F6+ G3/ F2+ C6+ @3+ @4\ A5+ @5/ C2\ B1/ A2/ C6/ RESIGN
Trax_6216142 dgb vs. Traxplayer : @0+ B1+ A0/ A3/ @3/ @3+ C0/ E2+ D0+ F2+ D0/ C7\ D7\ E6+ C8+ E0+ F7\ G7\ H7\ D10+ E9+ A9+ B10/ I9\ I10\ E11/ B11\ C12/ @9/ A10/ A13+ RESIGN
Trax_6223997 Rand al*Thor vs. grandma :
Trax_6224418 Linda Sue vs. JiffyJeff : @0+ A2/ @2+ C2/ A3/ A4/ @2\ B0\ C1+ C5\ C6\ @4/ D0\ F4/ B2\ A3\
Trax_6228003 ypercube vs. Rogue Trooper : @0+ B1+ A2+ @1+ C2+ D1+ D0/ @2+ B1\ B3+ D4/ C1/
Trax_6228023 * vs. golfnutrof : @0/ @1/ B0+ @2+ B3/ A0\ @2+ @2\ A1\ @1\ A0\ A4/ @2+ G1+ G0/ H1/ H0/ C7+ D8/ F0+ @5+ B8+ J2/ I6\ H9+ D10\ B1+ J0+ A5\
Trax_6229230 Rogue Trooper vs. golfnutrof : @0+ @1+ A2\ A0\ @1\ C1/ A0\ B0+ C1/ D1+ B0+ E4+ D6+ @4+ G6\ F7+ F8\ G8\ G9\ H9\ F10/ E8+ I6+ G4+
Trax_6229328 ypercube vs. jaha : @0+ A0/ B2/ B3/ C2/ C1/ @3\ E2+ C0+ A2+ F3/ G3/ H3/ E1+ E5+ D6+ H0+ I4/ I0+ G6+ I0+ J6/ K6+ H8/ H9/ G2/
Trax_6230769 DINGEROO vs. Rand al*Thor : @0/
Trax_6234783 rabbitoid vs. Rogue Trooper : @0/ A0/ A0+ B1/ C1/ C0/ C3\ D1+ A5/ @3+ C0+ A1\ @2/
Trax_6234931 Traxplayer vs. ypercube : @0/ B1/ A0+ A0/ A4\ @2+ B5\ A5/ RESIGN
Trax_6238057 JiffyJeff vs. Rogue Trooper : @0/ @1/ C1/ D1/ D2/ E2+ C0\ A1\ @1\ D3/ F4\ F5+ G4/ D6/ C6/ G3/ D0+ G6+ H3\ B0+ C5/ B7+ D1+
Trax_6241370 * vs. Chad : @0/ @1/ B0+ @1/ C0+ B4\ D3/ E2\ E4+ C5/ D6\ E6\ F6+ F7\ C0+ A2\ @2/
Trax_6241599 jaha vs. Traxplayer : @0/ @1/ A0/ @1+ B3+ @2\ @2\ A3+ A4/ @2\ A0+ @5/ A6/ D0\ C7+ D0/ E3+ @8/ C9\ B10+ @9\ @9+ D11\ F10+ F12/ G12+ H11+ G9+ G7+ K5+ H8+ I9+ J8+ J3\ L5\ M5\ L4+ I2+ I1/ D4+ D2/ A5+ C2+ F1+ B2\ RESIGN
Trax_6253579 JiffyJeff vs. Chad : @0/ @1/ A0/ @1/ A0/ A0/ D4/ D5/ A0/ @3/ C1\ @3/ C0/ A5\ D3\ E3\
Trax_6255636 dgb vs. Traxplayer : @0+ B1+ B2+ C1+ B0+ D2+ E2\ C3+ D3+ C4/ C5/ C1/ C0/ F3\ C0+ A7+ @6+ D8/ F6+ B9\ E9\ RESIGN
Trax_6259662 thebodywall vs. Rogue Trooper : @0+ B1+ B2+ C1+ C0\ @2+ A3\ A1\ A0\ A0+ @1\ E1/ @1/ G3/
Trax_6259674 * vs. jazzbeth : @0/ @1/ A2+ C2/ A3+ A0+ A5+ @2+ A3/ @3+ B0/ B0/ B0/ @5/ B4+ B0\ A3+ @3/ @3/ B2+ @4\ I8/ J8\ I9/ I5\ H4+ I2\ D8+ K8+ K9\ I10/ J5+ K4+ H1+ H0\ C7/ D10/ F1+ L6+ L9+ J2+ J12+ H12+ K13\ L12/ E0\ D3\ C2/ @4+ D1\ B2/ D0+ B2/ @3+ J2/ K3+ M4\ N4\ O4\ A5/ @5/ A7+ C8+ D8+ D9+ B9/ L2/ D10/
Trax_6259682 golfnutrof vs. ypercube : @0/ @1/ B2/ C2/ A0/ @1/ C4+ E3/ D5/ B5/ B6/ D2+ B3+ A4\
Trax_6259704 jazzbeth vs. JiffyJeff : @0/ A2+ A3/ B3/ @3\ B0/ B0/ A3+ D1+ E2/ F3+ D5+ B0/ @2+ D0/ D8+ D9\ F9+ D0+ C1\ E2+ F2/ G3/ F1+
Trax_6259786 jaha vs. Traxplayer : @0/ B1+ C1/ B0/ D2/ A3+ C3+ @2/ C0+ B1+ C0/ @4\ B2+ E3+ B1/ B0/ B0/ A4/ B8\ C9/ B10\ A7+ @5\ A8+ @7+ @8\ A6+ D3+ E0+ E0/ E13\ C3+ B4\ C1\ RESIGN
Trax_6274275 Rogue Trooper vs. Chad : @0+ @1+ A2\ A0\ @1\ @2\ B3+ C4\ C0+ D2/ E2/ E1/ C0\ F3+ C7+ A6+ B0\ A1+ A2+ @2+ A4/ @2+ B1+ F1\ C0/
Trax_6274521 Thud vs. Traxplayer : @0/ @1/ A0/ @2/ C3/ D3/ D4/ E4/ F4/ D5+ F3/ D2+ E1+ A0\ @1\ H4+ D1\ H2+ H1+ I1/ H0/ C1+ E1+ H0/ A1\ @2/ J1/ @2\ A1\ @1\ RESIGN
Trax_6278922 jaha vs. Traxplayer : @0/ @1/ A0/ B3\ C3\ @2+ C4+ D5/ C6\ D7/ D2+ A4+ B6+ D8/ E8+ B9/ A7\ @6+ E1/ F1/ G6+
Trax_6282327 deer vs. Didier : @0/ B1\ A2/ B2+ C2+ D2/ A3/ C3+ @3\ A2+ @2\ C0\ B1+ @2/ G2/ E1+ F1+
Trax_6287322 jaha vs. ypercube : @0/ @1/ A0/ C2/ @2\ B3/ C1+ C0/ E2+ E4\ E5+ F5\ F6\ C5/ C7+ F3+ G3\ H4/ G2+ D0+ D0/ E0\ C2+ B4+ A8\ @6+ A5+ J5+ H8+ J7+ I9+ H4+ J4/ G1/ G0/ K1+ H0+ K8+ RESIGN
Trax_6292999 rabbitoid vs. Dragon101 : @0/ A0/ B1+ C2/ B0/ D3/ D4+ E3\ @3/ D5\ A1\ F1/ C0\
Trax_6295448 Chad vs. jaha : @0/ A0/ B2/ B3/ C3/ D3/ A0/ @2+ B0/ C1/ E4\ A5/ C6+ @5\
Trax_6301973 Rogue Trooper vs. golfnutrof : @0+ A2/ @2\ @2/ A3/ D2\ C3/ B4\ A1\ @3+ C0/
Trax_6313765 golfnutrof vs. Rogue Trooper : @0/ A0/ B1/ @1\ A0\ B4/ C1/ C0+ D4+ @2\ @5+ A6/ G3+ @2\
Trax_6314818 Traxplayer vs. rabbitoid : @0/ A2/ @2/ B0+ @3+ C0/ @3+ E3/ D5+ F1+ G1\ F3+ H2+ D0\ C2+ E1+ D0+ D8/ D9/ F8\ G8+ E9+ B9/ D10/ A9/
Trax_6314893 JiffyJeff vs. Dragon101 : @0/ A0/ B2/ B1/ C1\ @2\ B3\ B4\ A3+ B0\ A1\ C4+ D5/ C6/ C7/ B8\ @8\ A2+ F5/ A5+ G3+ @1/ D0+ B10+ A8\
Trax_6316133 golfnutrof vs. dgb : @0/ A0/ @1/ B0+ @2+ B0/ A4/ @4/ C5\ A1\ @4+ B0/
Trax_6318218 Linda Sue vs. JiffyJeff : @0+ A0\ A3/ @3/ A4/ @2\ @3\ @3+ B5/ D5+ F5/ F4+ E6\ D6+ B2+ B1\ A1\ C0+
Trax_6320391 Chad vs. Thud : @0/ @1/ A0/ A0/ B4/ C4/ @1/ B0+ @2/ D3+ C5/ B3+ A4+ @1/ F6+ C6+ A4/ B7+ @7+ B0\ A2/ @7+ E0/ F2+ H4\ G3+ I4\ I7+ C0+ F1\ G3/ A7+ @8\ A5\ G10+
Trax_6320643 jaha vs. dgb : @0/ A0/ B2/ A3+ @2+ B0/ @2+ @2/ D5\ C0+ A2+ B0/ @3+ F2\ G5\ B0\ A1+ C0/ D1/ E3+ F10\ G8+ H6+ @2/ RESIGN
Trax_6321829 Traxplayer vs. dgb : @0/ A0/ B2/ A3+ @2\ @2/ B3+ B4/ RESIGN
Trax_6325957 Traxplayer vs. Rogue Trooper : @0/ A0/ @2/ A0/ @3+ @3+ E2+ C4/ F2/ F1/ B0\ A1\ F1+ G1\
Trax_6328062 Rogue Trooper vs. jazzbeth : @0+ A2+ A0+ B1+ A0+ @3/ C3+ C1+ B0+ D3/ A1/ @4/ @4/ C0/ A2\ @3/ E7+ F7+ G7/ H7/ E8+ E0/ F1/ B8+ C2+ C10/ B10/ G9+ I9\ I10\ E10+ I11/ H11/ H12/ F10+ E11+
Trax_6328095 Traxplayer vs. JiffyJeff : @0/ A0/ @2/ A3\ C2+ B3\ D1\ E2/ F1\ D3/ F0/ RESIGN
Trax_6338676 Rogue Trooper vs. golfnutrof : @0+ @1+ B2/ B0/ C1/ D1+ C3+ E1+ B0+ A1\ A0\ @4+ F5\ F6\ G4+ B0\ @3+
Trax_6339043 dgb vs. Traxplayer : @0+ B1+ C1\ @1/ B0/ C3+ A3/ D4/ B5\ E4\ D5/ @3+ C0/ G4/ G3/ E2+ F1+ C0/ H5+ B8+ A7/ D9\ E9\ F9+ D10+ I8+ H9\ J6/ J5/ K5/ K4/ K3+ H1+
Trax_6347354 golfnutrof vs. jaha : @0/ @1/ B2/ B3/ C3/ A2+ B0/ C1/ C0/ D4+ E3+ F2+ @4\ C0+ C0\ @6\ @5/ A7+ B8/ I5+
Trax_6349187 Traxplayer vs. ypercube : @0/ B1/ B0/ C2/ A3+ @3/ A2+ @3/ @3/ D0+ F5\ G4/ E6/ D5+ @3\ C2+ I4/ @4\ H7\ I5\ G8/ F7\ J5\ K6/ F0/ H3/
Trax_6359639 jazzbeth vs. rabbitoid : @0/ @1/ B2/ A0+ A0/ C3/ B0+ @4/ A5/ @3\ A2\ A1\ F4+ @2+ C0+ C0\ B0/ C0\ A4+ @6+ I9/ E10+ A3/ D11/ C10+ H6+ @1+ D0+ B10+ C12\
Trax_6359806 jazzbeth vs. jaha : @0/ A0/ B2/ B3/ C3/ @2\ B0/ A2+ A4\ B0\ C2/ B6/ D2+ C0\ @3+ A7/ C8/ F4/ G5+ H5/ I5/ D9+ D10/ B9+ A10\ F2/ G3+ @7+
Trax_6368987 * vs. DINGEROO : @0/ B1\ B2\ C1+ D1/ B0\ D0+ E1+ D0+ @3\ A2\ A1\ @3+ C0+ A6+ B7/ @4+
Trax_6369249 Traxplayer vs. jaha : @0/ A0/ @2/ @1+ C0/ B4/ @3+ B5+ E3+ D5\ @5+ E6\ @5\ @5\ E0+ I2+ G0\ J4/ I6+ H7+ J6\ K7/ @7\ I9/ F10+ E8+ D9+ G11+ I10+ J9+ C10\ C11+ D12+ H12+ B11/ C12/ A10\ A8+ A12/ RESIGN
Trax_6371920 Chad vs. Rogue Trooper : @0/ A0/ @1/ B0/ A0/ A4/ C4/ @4/ @1+ A0\ @1\ D0+ A6+ @1/ A0+ A0/ A7\ @7\ D0+ A9/
Trax_6372182 grandma vs. Dragon101 : @0/ A0/ @2/ @1/ A2/ @2\ C0/ C4\ E2\ E1/ B5/ F2/
Trax_6386667 golfnutrof vs. Traxplayer : @0/ @1/ B2/ C2/ C3/ D3/ D4+ E4\ F4+ D5+ E6+ B0\ A1+ @1\ @2+ C0+ A4+ @3\ B1+ C5+ E6+ G4/ F2+ J5+ D7/ C7/ I7+ F7+ F8/ F9/ C8/ B6\ A4+ @3\ C0\ @1+ A0\ A6/ @4+ C7/
Trax_6386815 dgb vs. ypercube : @0/ @1/ @1/ C2/ B0\ C4/ D4+ E3+ B0+ F4/ C6/ D7/ B4+ D2+ A1\ @4\ C7/ RESIGN
Trax_6388786 * vs. JiffyJeff : @0/ @1/ C1/ C2/ B2/ B3\ C3+ D3\ E1+ A0\ @2+ B3/ F1/ C0+ C0/ A2\ @3/
Trax_6394567 golfnutrof vs. * : @0/ A2+ B1/ @1/ A3\ B4/ D1/ A0+ D4\ E3/ C0+ E3/ F3/ G2\ F5+ F6/ D7+ C0\ @4/ @6+ A4+ @6/ A8+ E9+
Trax_6395743 dgb vs. Traxplayer : @0/ @1/ @1/ @1/ B0/ D3+ D1/ E1/ D4/ A5+ @4/ G3\ G4\ G5\ G6+ H6\ A1\ D0+ @4\
Trax_6396930 * vs. JiffyJeff : @0/ @1/ C1/ D1/ C0+ C3\ A4\ @3\ C0+ C5\ D5+ E5\ F5\ C6+ F6+ G6\ B0/ @2+ E8+ A7+ B8+
Trax_6397821 dgb vs. Traxplayer : @0/ A0/ A0/ @2+ A0/ C4+ B5/ @2+ C6+ E5+ A4/ D7\ C7+ B0/ B7/ A8\ @6\ @6\ E1/
Trax_6401412 CHESSCATJAY vs. Dragon101 : @0/ A0/ A3/ A4/ @2+ B0/ C4+ @5/ B6\ A1\ @5+ B0/
Trax_6401636 ypercube vs. Thud : @0/ A0/ B2/ C2/ @2/ @1+ B0\ @2/ E1/ RESIGN
Trax_6403371 * vs. JiffyJeff : @0/ A0/ @2/ A0/ A4+ @4+ C5/ D4\ E3+ D1\ A2+ F2/ C6/ C7/ E5/ F5+ G4\ G6+ F6+ @4/ A5/ D8/ A6+ @6\ E9+ @3/ D7+ D9+ F10+ K4+ K6\ K7\ G10+
Trax_6404307 jaha vs. golfnutrof : @0/ @1/ A0/ @1/ B0/ @1/ B0+ D1\ C0+ A4+ @2\ B1/ F5+ D6/ F1/ RESIGN
Trax_6410316 * vs. JiffyJeff : @0/ @1/ B0+ C1+ A3/ B0/ C4\ B5/ D3+ @2/ C0/ E2+ F1+ F5/ G4\ F3+ H4\ G6+ C7/ B2+
Trax_6411307 jazzbeth vs. Thud : @0/ A0/ B2/ C2/ C3/ D2/ @1/ @1+ B2+ @1/ G1/ F0+ E4+ B0/ A2+ E6+ H3\ B4/ A4+ C5+ D1+ C6+ F6+ D7/ @3/ I6+ C0\ H8+ I9/ J7/
Trax_6415044 jaha vs. Traxplayer : @0/ @1/ A0/ A0/ @2+ B0/ C1/ C0/ D1/ D0/ E1/ E0/ F2\ F6+ RESIGN
Trax_6415055 ypercube vs. Traxplayer : @0/ @1+ @1\ B0/ B0/ C1/ A4\ B5/ A6\ @3+ @6+ D7/ E0/ F4+ C0+ B4+ A1+ @3\ F7+
Trax_6416259 Chad vs. * : @0+ @1+ A2\ B0/ @3\ A4+ C0+ D3+ @3\ B2+ @3\ B4+ A2/ A1/ D0/ @5/ A6/ C7\ @4+ B2\ B1\ E0+ A4+
Trax_6416389 Rogue Trooper vs. golfnutrof : @0+ A2\ B2/ A0\ @1\ C2/ B0+ D1/ C0\ D5\ C6\
Trax_6417041 ypercube vs. Traxplayer : @0/ B1+ C1/ B2/ B3/ C2+ C4/ D4/ C5/ E5+ D6\ D7\ E7\ F4\ B7+ E8+ D2+ RESIGN
Trax_6419026 * vs. JiffyJeff : @0+ A0\ B1\ B0\ A4/ @4/ B5/ B6/ A6/ @3\ D6+ RESIGN
Trax_6428174 Morticia vs. JiffyJeff : @0/ @1/ B0+ C1+ A3+ @2+ @2\ A0+ @1+ A0\ @3\ E1/ F1/ C0+
Trax_6430308 * vs. JiffyJeff : @0/ @1/ C1/ D1/ B0+ C3+ D0\ E3+ A5\ @3+ A5/ B6\ @4+ @3/ B2+ D1/ C0+ A2+ @2\ D0/ G7\ G9/ G2/ I3/ F1+ D8/ D9/ F0/ H2+ F0+ D1/ F11+ I10\ J6+
Trax_6430627 rabbitoid vs. Rogue Trooper : @0/ A0/ B1+ B0+ @3+ B4+ B5\ D5+ A1\ @2/ C0+ B0/ B0/ E3\ F3\ D1\ B0/ A1+ @4\ H8\
Trax_6432065 jaha vs. golfnutrof : @0/ @1/ A0/ @1/ B0+ B0/ @3\ D5\ E4/ F4/ D2\ E1/ C0/ B2+ A5\ F1+ G2/ H3+ H5+
Trax_6432200 ypercube vs. Traxplayer : @0+ B1+ B2\ B0\ @1+ B0+ @2/ E3+ F4/ G3\ H4/ I3\ G5+ E2/ E1/ H0+ J1+ H7+ H8/ K3+ B1/ B0/ B0/ @5+ K7+ E3+ H2+ B4+ E0+
Trax_6437598 Rogue Trooper vs. CHESSCATJAY : @0+ @1/ A2/ A3\ A4\ @2+ B0+ D2+ B0+ @4+ B6/ B7/ @4/ B3\ @5\ B2+ E7+ D1+ E0+
Trax_6438991 * vs. JiffyJeff : @0/ @1/ A2+ @2+ C0+ D2+ E3/ E4+ @3\ A2\ A1\ B0\ @3+ A5/ H5+
Trax_6439058 Morticia vs. JiffyJeff : @0/ @1/ B0+ C1+ B0+ D2+ A1\ @3+ @3\ A1+ B0+ G3+ C5/ @2+
Trax_6439484 Traxplayer vs. jaha : @0/ A0/ @1/ B0+ @2/ @2+ C0+ @2+ C0+ C5/ F3/ F2/ G2/ D1+ H3\ F4+ A0\ @1+ C0/ D1/ A5\ @5\ D0\ I3/ J2\ G1+
Trax_6439978 jaha vs. Traxplayer : @0/ @1/ A0/ @1/ B0/ A0/ B5/ C2/ B6\ D4+ C1/ A4+ E3\ F2+ G2\ H2\ E0+ D0/ C8+ C9/ E8\ RESIGN
Trax_6442822 JiffyJeff vs. Dragon101 : @0/ A0/ B1\ @1+ @1/ @1/ B0+ A0/ @1+ B5+ A5/ @1/ A4+ @2\ C0+ A1\ @1\ C0+ B0/ F9/ H8+ G4/ G3/ A4/
Trax_6447381 thebodywall vs. Rogue Trooper : @0+ B1+ B2/ B0/ C1+ D2/ C3+ E2+ B4\ B5\ A4+ D4+ F2/ F1/ C0/ F4+ G5/ E6/ D7+ H6\ H7\ H2+ I4/ E1+ H8/ G7+ D8+ G1+
Trax_6447891 jazzbeth vs. thebodywall : @0/ B1/ B0\ A3+ C3/ A4+ B4+ @2/ @2/ F4\ E5/ G3/ E2/ E0/ F1/ G1/ H1+ G0\ B6+
Trax_6447892 thebodywall vs. jazzbeth : @0/ @1/ A2/ C2/ @2+ @2/ A3+ A4/ B0\ A1\ @1\ C5+ @1\ D0+ A5+ @2+ G0/ H4/ F0\ F7+
Trax_6454182 JiffyJeff vs. jazzbeth : @0/ @1/ A0/ @1/ D2/ D3/ A0/ @1/ A0/ A0/ E4/ E3/ F4+ D6/ D7/ C7/ G3\
Trax_6459117 Morticia vs. JiffyJeff : @0/ A0/ B1+ B0+ C2+ B0+ C1\ A1\ @3/ B5+ B6\ D6+ E4\ C0+ C0\ A1+
Trax_6461188 firefly vs. Jay : @0/ A2\ B1/ B0/ B3\ C2/ C3+ C1+ C0/ C5/ D2+ D4\ E2/ B1+ C6/ D0\ E7\ F6\ E8/
Trax_6466760 jaha vs. Traxplayer : @0/ @1/ A0/ @2+ B0/ B4\ B5\ B0+ D4/ D5+ E5\ F5/ C3+ B7+ D6+ D7/ C8\ E7+ C9+ A8\ @7+ G7\ H7\ E9+
Trax_6466761 ypercube vs. dgb : @0/ A0/ B2/ A3+ C2/ @2\ @2\ D1+ C0/ C0/ C0/ B3+ B0/ A1+ A7/ @6\ C8+ A5+ A2+ G5/ G4+ G2/ RESIGN
Trax_6471169 Lorraine of the Renegades vs. Rogue Trooper : @0/ A0/ @2/ B0/ @2/ A0+ @3/ A4/ @4/ E0/ F1/ A1\ A0+ @2/
Trax_6474650 golfnutrof vs. Traxplayer : @0/ @1/ A0/ @1/ A0/ B4\ C4+ D4\ E3+ C5+ C6\ E5+ E2+ F2/ F1+ E7\ F7\ B6\ A5/ G2\ F4+ G4\ C1+ E0/ A4/ @7\ C1\ A5\ @6/ G0\ B1\ F1/
Trax_6478487 Morticia vs. JiffyJeff : @0+ A0\ B2/ @1/ A0+ D2\ C4+ C1/ A0+ @3/ C5/ B4/ A1+ @1\ A0\ @3/ F1/ G1/ D0+
Trax_6483768 * vs. grandma : @0/ @1\ A0/
Trax_6490457 jaha vs. rabbitoid : @0/ B1/ A2\ A0\ @3\ D2/ @3\ B4+ D4/ C5+ E4+ E0/ F1/ D0+ D0/ C9\ F6+ G5\ B4\ RESIGN
Trax_6490504 golfnutrof vs. jazzbeth : @0/ @1/ A0/ @1/ A0/ @1/ D4/ E4/ B0/ E4/ E6/ F6/ E7/ E8/ G8+ F9/ F10/ E9/ H10\ F11+ H6/ E11+ I8+
Trax_6490523 JiffyJeff vs. Traxplayer : @0/ @1/ A0/ B3+ @2\ @2\ @2\ B3+ D4+ F3\ A1+ RESIGN
Trax_6490683 JiffyJeff vs. Morticia : @0/ A2+ B1\ B0+ A1\ @1\ B0/ C1+ D1/ C0\ D0/ E3/ A1\ C0\
Trax_6500565 * vs. JiffyJeff : @0+ A0\ @1\ C2+ @1\ A0\ @2+ A4+ @3\ B5/ @3+ @3+
Trax_6503041 jazzbeth vs. Traxplayer : @0/ @1/ B2/ C2/ C3/ D2/ C4/ E3+ F3+ B3+ D1/ C0+ E1+ D0+ F3+ G2\ F1+ H2+ D0\ A2+ @3\ B5/
Trax_6505093 ypercube vs. Traxplayer : @0+ B1+ B2\ A0/ A0+ C3+ B5\ D3\ @3\ @2\ @2\ B3+ D5+ H5\ F6+ C5+ @2+ J5/ K5/ J6+ L5/ G7/ G8+ H8+ G9+ F6+ G10+ G11\ H10\ I10\ I11\ I12+ J9+ F12/ I13/ E11\ E10\ D10\ D9\ A1/ I8+
Trax_6513116 Nukkle Dragger vs. * : @0+ @1\ A2/ @2/ A3+ B4/ C4+ D3+ E3\ E2+ D4+ @3/ D5+ @4\ B2+ D6\ B1\ C0+ @3+ H1/ I2\ F0/
Trax_6513683 Morticia vs. JiffyJeff : @0/ @1/ A2+ @2+ B3+ @2+ B3/ A1\ C0/ E2+ D4+ F2+ @4\ A5+ D5\ @5+
Trax_6517170 rabbitoid vs. Rogue Trooper : @0/ A2+ B1+ @1+ B3/ C0/ A3+ @3\ E3/ B5\ A4+ C1+ @3\ B1+ B6+ @4/ A5/ A7/ @6\ I1/ G0/ D1+ G0+ D1+ F0/ F0/ H2/ I2/ I1/ G0/
Trax_6517409 Thud vs. jaha : @0+ A0/ A0/ A4/ B1+ C3/ B4+ @3\ D2+ @1\ RESIGN
Trax_6523236 jaha vs. Traxplayer : @0/ B1+ C1/ B0/ B0/ A2+ C2+ D1\ @2\ @3/ A4/ F0/ G2\ C1+ RESIGN
Trax_6532430 Morticia vs. JiffyJeff : @0/ @1/ B0+ C1+ @2/ A3/ C4\ D3+ B5+ E3/ C0+ F3+ B7+ @4+ C8+
Trax_6535189 Chad vs. CHESSCATJAY : @0/ @1/ B2/ A0+ A3/ @3/ A4/ @1+ @2+ B0/ E6+ F6\ A6/ E7/ @6\
Trax_6538419 jazzbeth vs. Rogue Trooper : @0/ B1+ C1/ C0/ B0/ @3/ B2+ @3/ B1+ A4/ A5+ F2/ A6+ G3\ G4\ F1/ @6\ A4+ H0\ G0/
Trax_6541613 Dragon101 vs. Thud : @0/ @1/ B0/ B0/ B4/ C1/ D1/ E1+
Trax_6547775 JiffyJeff vs. Morticia : @0/ A2+ B1\
Trax_6550867 golfnutrof vs. Traxplayer : @0+ B1+ A0/ A3/ B3+ @2+ A1+ B0+ B5+ D3+ @3\ @3\ @3\ @3\ D1+ A4/ C5+ @3/
Trax_6556321 jaha vs. ypercube : @0/ @1/ A0/ @2/ B0+ B0/ C1+ D1/ D2+ @2/ B1+ @2/ F0+ A1\ @3/ G0/ C1+ A2+ @4/ A5/ @3\ @3+ A2\ B1\ B0+ @6/ A7+ A3\ RESIGN
Trax_6566084 JiffyJeff vs. * : @0/ A2+ B1\ @2\ B3/ A0\ @1\ C5/ D3\ E3\ F2\ A3+ @1\ D0+ A6/ @4+
Trax_6569832 jaha vs. golfnutrof : @0/ @1/ A0/ A0/ A4/ B5+ C5\ C6\ D6\ @5\ B6+ C1+ @6/ B7+ A1\ @2+ B0/
Trax_6573547 grandma vs. * : @0+ @1+ A2\ B0/ A1+ @1\ C0/ D4\ C0/ C6\
Trax_6573568 golfnutrof vs. jazzbeth : @0/ @1/ B2/ C2/ A0/ @1/ E3/ C1/ @1/ D4\ A0\ @2/ E0/ F2\ B0+ B5+ C0\ A2+ @3\ G1/ D0+ H4+
Trax_6573587 JiffyJeff vs. Traxplayer : @0/ @1/ C1/ D1/ A0/ D3+ E2\ @2+ C1/ C4/ F1/ G2\ F0/ C6+ E1\ D0/ C2+ E7\ RESIGN
Trax_6576712 kidgame2001 vs. jazzbeth : @0/ @1/ B0/ @1/ D1\ A2+ B3/ C4/ D3/ E4/ B0\ @2/ A1\ B0+
Trax_6578090 Rogue Trooper vs. Chad : @0+ @1+ A2\ B0/ C1/ C0/ C0+
Trax_6578193 * vs. rabbitoid : @0/ A0/ B1/ C1/ B0+ B0/ D3/ E2\ E0+ F1/ F4+ A6/ C7+ @5+
Trax_6583773 * vs. CHESSCATJAY : @0+ A0\ A3\ A0/ B2+ B1+ C2\ A5/ @4+ A3+ @2/ B1+ D3+ F2\ G2\ F1+ F0/ C1+ D1+
Trax_6583957 JiffyJeff vs. Dragon101 : @0/ A0/ B2/ B3/ C3/ D3/ D4/ E3+ E2+ C4+ D5+ F3/ RESIGN
Trax_6584049 Thud vs. Traxplayer : @0/ @1/ A2+ C1+ B3/ B0\ @3/ @4\ @3/ E0/ F2+ G2/ G1/ H1/ RESIGN
Trax_6584065 ypercube vs. jaha : @0+ A0/ B2/ B3/ C2/ C1/ B0/ D3+ A5\ @4+ D6/ E7\ F5+ A6/ @5\ C7+ E8\ F1/ G1/ G3+ H6\ H7\ I7\ I8\ I9+ J6+ J5+ RESIGN
Trax_6587708 golfnutrof vs. Traxplayer : @0/ @1/ B2/ C2/ B3/ B0\ D4\ B5+ B0\ A4+ D3/ E5+ C1/ C0/ A7+ @6+ E1+ F3+ G4/ C8/ G6/ H3\ G2+ A4\ A3+ @5/
Trax_6591507 klaashaas vs. dgb : @0/ A0/ A3/ B3/ A0/ @3+ C1/ C0/ D4+ E1+ @4+ B0+ A1\ D0/ F2/
Trax_6591508 dgb vs. klaashaas : @0/ @1/ @1/ B0/ @2+ C0/ @3\ C4/ @3+ A1+ D0+ @2/ B0\ A1\ @1\ A5\ A0+ @3+ F0/ D8+
Trax_6591509 klaashaas vs. RolleJ : @0/ @1/ B0/ @1/ @1/ C0+ A3/ D0\ C0/ D6\ E5/ B1/ E1/ E0/ C1+ A2+ @5+ @2+ C8\ C9\ H4+ D8+ F9/ A1\ A0\ G1/
Trax_6591510 RolleJ vs. klaashaas : @0/ @1/ A2+ C1+ C3/ A0+ B0\ B0\ C3+ @4/ E4\ A1\ @3/ B0/
Trax_6591511 klaashaas vs. Traxplayer : @0/ @1/ B0+ @2+ C3/ B0\ B0\ D5/ E5/ D3\ C1/ D0\ C0/ E3+ A3/ @6/ A7/ G1/ G0/ G7+ H2+ F9+ G9\ A9+ C10\
Trax_6591512 Traxplayer vs. klaashaas : @0/ @1+ @1\ A0\ @1\ D0+ E1/ A4+ @2\ F0+ G3\ G4\ E5/ E6/ A1\ RESIGN
Trax_6591513 klaashaas vs. ypercube : @0/ @1/ B0/ A0+ @1\ @1+ RESIGN
Trax_6591514 ypercube vs. klaashaas : @0/ @1/ C1/ B0+ @2\ E1\ E3/ B3/ D0\ F3+ D5+ B6\ F1/ F0/ G1/ H3+ H5+
Trax_6591515 dgb vs. RolleJ : @0+ A0/ A3\ B1/ A0/ B1+ B5/ @3/ D5+ A2+ @4\ @3/ A6+ @6/ E0+ A8+ D8+
Trax_6591516 RolleJ vs. dgb : @0/ @1/ B2/ C1+ A0/ B4\ C4+ @2/ E4\ F4\ C5\ F2/ G2/ B4/ @3\ E1+
Trax_6591517 dgb vs. Traxplayer : @0+ B1+ B2+ C1+ C0+ D2+ A3+ @2+ A1+ A0+ @3\ @3\ @3\ C4+ I3\ E5/ E6/ @4/ A5/ C1+ A2+ B0+ D7/ RESIGN
Trax_6591518 Traxplayer vs. dgb : @0/ A0/ @2/ @1+ C0/ @3\ @3\ B1+ D4+ C4+ @3+ @3\ @3\ D5+ E6/ E7/ E8/ F6+ E9+ I1/ RESIGN
Trax_6591519 dgb vs. ypercube : @0+ B1+ C1\ B2\ B3\ A0/ A0/ D3\ @3\ D2+ C0+ F4\ D5+ D7/ A5/ RESIGN
Trax_6591520 ypercube vs. dgb : @0/ @1/ C1/ D1+ D0/ D0/ C2+ D0+
Trax_6591521 RolleJ vs. Traxplayer : @0/ A0+ B1/ B0+ A4/ B3+ B5/ @3\ A2+ D3\ E4/ @4+ A5/ F6+ G4/ A6+ B7/ @5/
Trax_6591522 Traxplayer vs. RolleJ : @0/ @1/ B0+ @1/ A0/ @1/ C4\ D1+ E2\ D0\ C0/ E2+ F2\ G2+ D0+ D0/ D0/ C2+ B4+ A3/ @4\ A7+ @7/ C2+ A3+ B1+ @3\ D0+ @6+ C9/ A2\ @5+ B1/
Trax_6591523 RolleJ vs. ypercube : @0/ @1/ B2/ @1/ C3\ D1/ E1+ B3/ A4\ C0+
Trax_6591524 ypercube vs. RolleJ : @0/ @1/ C1/ A2\ D1/ C0\ C0\ D0\ D5/ E5/ B3+ C5+ C6/
Trax_6591525 Traxplayer vs. ypercube : @0/ @1/ B0/ A0/ @3/ A0+ @4+ @2/ C5/ F5+ C6+ G3/ G2/ H2/ I4/ H1+ I5+ G7+ I6+ J6/ J3/ K3/ D8+ C8/ B8+ A8\ C9/
Trax_6591526 ypercube vs. Traxplayer : @0/ @1/ C1/ B2+ D1/ A0+ B0+ C0+ A6\ B7/ A8\ C6+ @3\ RESIGN
Trax_6596996 jazzbeth vs. Rogue Trooper : @0/ A0/ B2/ B3/ C3/ A3+ @1/ B4+ D4\ E4+ C5+ B0/ C2+ D2/ E2/ F3+ @2/ E0+ D8/ B8/ D9/ G1/ E9\ H3/
Trax_6597145 Traxplayer vs. dgb : @0/ A0/ @1/ B0+ C3/ @2\ B0/ C5+ C6/ B6/ @3+ F4\ G4\ B5+ C7\ B1+ @3\ D0/ B1\ D0+ G7+ D10\ D11\ @3+ B1+ G8+ H9/ I8+ @4\ @4\ I3+ K5+ L8\ J10/ M8+ H1+ C0\ B1\ J3+ C0/ E2+ A1\ C0+ B5+ RESIGN
Trax_6601008 Chad vs. rabbitoid : @0/ A0+ @1/ B0\ C1\ D1\ B4/ D3\ E1\ C4+ E0/ F3/ @3/ B5/ A4+
Trax_6601176 Rogue Trooper vs. golfnutrof : @0+ @1+ @1/ A2/ B3+ @2+ B0+ @3+ D1/ E4\ F3+ E5+ A1\ A0\ @3+ D1+ A0+ A0\ @3/ C1+ B0+ @4+ B6+ A1\ @1/
Trax_6601796 jaha vs. Traxplayer : @0/ @1/ A0/ @1/ B3+ B0\ C1\ D1\ B0\ E2+ E0+ C7/ E6+ RESIGN
Trax_6610879 Traxplayer vs. dgb : @0/ @1/ @1/ D1/ C0/ C0/ @2+ A0+ C0+ C6+ RESIGN
Trax_6612793 Thud vs. Dragon101 : @0+ A2\ B2\ A0/ A0/ @3\ D3/ E3/ E2/ E5\ F4+ B5/ RESIGN
Trax_6614933 golfnutrof vs. jazzbeth : @0/ @1/ A0/ @1/ A0/ @1/ A0/ @1/ E5/ F5/ A0/ @1/ G7/ H7/ H8/ I8/ I9/ J9/ A0/ @1/ K11/ L11/ L12/ M12/ H6+ H5/ G4/ H9+ G9+ H10+ H11\ I5\ J8+ I6+ J6+ F9/ K8/ D5/ F8\ E7/ G11+ D8/ D9/ I4/ J4/ G3/ D6+
Trax_6622856 * vs. grandma : @0/ B1\ B2\ C2\ C0+ C4/ D2+
Trax_6631760 Rogue Trooper vs. Chad : @0+ @1+ B2\ @1+ @1\ A0\ A0+ @2+ D1/ D0/ F4/ G5\ F6/ G1+ H3\
Trax_6631842 rabbitoid vs. * : @0/ A2+ B1/ A3+ A0+ A5+ @2+ C0\ D3/ E2\ D5+ A5\ B0/ B0/ A1+ @4+ G4\ C9+ H7+ G8+
Trax_6639162 golfnutrof vs. jaha : @0/ A0/ B2/ C2/ C3/ @2\ E3\ E4\ F2/ F1/ F0/ G5\ G6\ A4/ @3\ I3+ F1+ I0/ J1/ F1\ F0\ E3+ D6/ D7/
Trax_6639245 Traxplayer vs. jazzbeth : @0/ @1/ B0/ @1/ C0+ A0/ @1+ @2+ F4/ F5/ E1/ E0+ G6/ G5+ F2+ F7/ E7/ B5+ @4/ E7+ H2\ F8/ @4+ A3\ @3\ B2+ C1+ G0+ @3/ B2\ A6/ @4+ C7\ M9+ D6\
Trax_6640394 dgb vs. RolleJ : @0+ A0+ A3+ @1+ B0+ A4\ C2\ B5/ @5+ B1+ E2/ E1/ F1/ F0/ F4\ A2+ E5/
Trax_6640395 RolleJ vs. dgb : @0/ A0/ @2+ B0+ @2+ C0+ C5/ D5+ A1\ @1\ C0+ B6+ B7/ A5/ E2+ @2/ A3/ @3/
Trax_6640396 dgb vs. Riika : @0+ B1+ B2+ B0\ A0/ A0/ A0/ C5/ @1\ A0\ @5/ B6+ B7/ E1/ D8/
Trax_6640397 Riika vs. dgb : @0+ B1+ A2+ @1+ B3+ D1+ C0/ D3\ E3\ E4\ E5\ F3+ G3/ G1+ F0+ H3\
Trax_6640398 dgb vs. Traxplayer : @0/ @1/ B0+ @1/ A0/ @1/ B0/ C5\ B4/ C2/ C6/ A5\ E2\ F2\ E4+ @4+ @1+ D0+ E1/ A0+ F3+ G2+ E1/
Trax_6640399 Traxplayer vs. dgb : @0/ A0/ @1/ B0+ @2/ D2\ E2\ B3+ B4/ A0/ @4/ C6/ D5+ C7+ E7+ F7\ D8/ E4+ RESIGN
Trax_6640400 dgb vs. ypercube : @0+ B1\ @1\ C2\ C3+ C4/ C5/ RESIGN
Trax_6640401 ypercube vs. dgb : @0/ A0/ B2/ A3+ C2/ @2\ @2\ D1+ C4/ C5/ D0/ F2+ A2\ B1/
Trax_6640402 RolleJ vs. Riika : @0/ @1/ A2+ C2/ B0+ A4/ B4+ @3\ D1/ @4/ A5/ A1\ @4+ B0/
Trax_6640403 Riika vs. RolleJ : @0+ @1+ A2+ @1+ B3+ D1+ C0/ D3\ C0/ E3+ E1/ E0/ F3+ G4/ H4/ H5/ F5+ @4\ C2+ C1\ F6+ B1/
Trax_6640404 RolleJ vs. Traxplayer : @0/ @1/ B0+ @2+ B3/ B0\ @4\ @4\ B2+ F4/ F2/ @2+ C5+ B1+ A5/ C1+
Trax_6640405 Traxplayer vs. RolleJ : @0+ A0\ A3/ @1\ A0\ @1\ A0\ @4+ D0+ E4+ F3+ D0/ G1+ E0\ H4\ H5\ H6+ I4+ F7/
Trax_6640406 RolleJ vs. ypercube : @0/ @1/ A2+ A3/ A4/ B3+ C1/ D1+ C4+ C5+ B6\ E3+ D6/ B7\ E6+ @7/ C8+ G3+ G7/ H3+
Trax_6640407 ypercube vs. RolleJ : @0+ @1+ B2\ A0/ B4+ A4/ C4/ D3\ A5/ @2+ E5\ B6/ F4\
Trax_6640408 Riika vs. Traxplayer : @0+ B1+ A2+ @1+ B3+ B0/ D2/ D3/ A3+ @3/ A4/ @4/ D5+ C6+ @4/ A7+ @7/ A8/ A3\ @7+
Trax_6640409 Traxplayer vs. Riika : @0/ @1/ B0/ C1/ A3+ C0+ D2+ D1+ E2\ D5+ B6\ @4+ B6/ B7/ B0+ A4+ @4/ C9/ A9/ @4/ C10/
Trax_6640410 Riika vs. ypercube : @0+ B1\ @1\ C2\ B0+ D2+ C1/ E3/ F3/ G3/ D4/ G1/ A4/ C0/
Trax_6640411 ypercube vs. Riika : @0+ B1+ B0+ A1+ B3+ A0/ B5/ A5/ A0/ @5\ B7/ @7+ E7\ D8+ E1/ E0/ F7/ F6/ F3\ B4/ F4/
Trax_6640412 Traxplayer vs. ypercube : @0+ B1\ @1\ C2\ D1+ C0+ B1\ B0\ A2\ @2\ RESIGN
Trax_6640413 ypercube vs. Traxplayer : @0+ B1+ B2+ C1+ A2+ @1+ C0\ B4/ B0/ A4+ D1/ B0/ A7\ E2+ B0/ @7+ D8\ D9\ F6\ G4+ E1/ B3+ A4\
Trax_6644670 rabbitoid vs. jazzbeth : @0/ @1/ B0+ A0/ B4+ C3+ C2/ D1\ B0+ E3/ D5+ B6+ C0\ E0+ F4+ B1+ @4+ A3+ @3\ A5+ B7+ I1+ H6+ E8+ I7/ I8+ F9/ J3\ I5/ J6\ I9+ E0+ B2\ B1\ E0\ @7+ B4+ L9+ A4\ L8/ K6\
Trax_6644744 * vs. kidgame2001 : @0/ B1\ B2\ C2\ D1+ A0/ E3/ B0\ E1/ E0/ F4/
Trax_6644836 jaha vs. Traxplayer : @0/ @1/ A0/ A0/ A4/ @4/ @3+ E4+ B5+ C0/ D1/ A0+ @4+ D0+ G6\ E9+ H3/ H2+ A6+
Trax_6644839 dgb vs. ypercube : @0+ @1/ C1/ C0/ C0/ B0/ C5/ D5+ D6\ D7\ E6/ E2+ F4/ G4+ D8+ D9\ D10\ B6+ A7+ @5\ F1/ G3/ F10+ G10/ B3+
Trax_6653799 Rogue Trooper vs. Thud : @0+ B1+ A2\ A0+ C2\ @1+ D1/ RESIGN
Trax_6653820 Chad vs. Dragon101 : @0/ A0/ B2/ B1/ A0+ @3/ A4/
Trax_6662485 CHESSCATJAY vs. Rogue Trooper : @0/ A0+ A0\ @1\ A4\ @3+ D4+ D5\ B5+ C6+ B0+ E4\ @4\ E3+ G6\ G7\ G8\ H8\ E9+ A5+ F2/ G2\
Trax_6668244 golfnutrof vs. jaha : @0/ @1/ B0/ A0+ @3/ D1\ C0\ D0+ E1/ @5+ E6\ F4+ B2+ @2+ H1/ F0\ D2+ I3+ E0/ I7\ G0+ J7\
Trax_6668245 ypercube vs. golfnutrof : @0/ @1/ B2/ B3/ B0/ A0/ @1+ A0+ @1\ B5\ C0\ D1+ D0/ D0/ E2\ E5\ F4+ F2+ F9\ G8+ F10/
Trax_6679423 Rogue Trooper vs. Traxplayer : @0+ B1+ A2\ B0/ C1/ D1+ C3+ B4+ @2/ A1/ D0/ @3\ G2/ H1\ I2/ E0+ J2\ F1+ E0/ E0/ J2/ K4+ D2+ G6+ D9\ F0/ I2+
Trax_6679565 Traxplayer vs. Dragon101 : @0+ A2\ A0/ B1/ B0/ C4+ C5\ D1+ A0\ @4\ C7/ B7/ A7/ @5/ B8+ A6+ F6\ G7/ E1+
Trax_6681102 jazzbeth vs. golfnutrof : @0/ @1/ B2/ A0\ @2/ C4/ D4/ D5+ D3+ A1+ B4/ E3/ D1+ A4/ @2/ D0+ C0/ F7\ G7\ E8/ F9+ @4/ B6+ B8/ D9+ A6+
Trax_6681283 jaha vs. ypercube : @0/ @1/ A0/ @2/ B0+ B0/ A5+ @4\ @4\ D6+ C6/ D7\ F6\ E3/ D0/ B8/ D9\ B4+ A6+ G6+ G8+ H4+ F3+ E10+ I5\ H6+ I6+ H7+ G9+ @5\ B3+ @5+ B2/ @6\ B7+ D9+ F10/ C10\ G11+ A8+
Trax_6695032 jazzbeth vs. * : @0/ A2/ B1\ @2+ @1/ A0+ B0+ B0/ B0/ D3\ E2+ B0/ D0+ C0/ A4+ @4/ B2/ A2\ A8/ @3/
Trax_6699181 Riika vs. JiffyJeff : @0/ A0/ A0/ A0/ B1\ B0\ B3+ RESIGN
Trax_6700442 Rogue Trooper vs. JiffyJeff : @0+ A2/ @2\ B3/ @3/ C4/ A1\ RESIGN
Trax_6705869 ypercube vs. Chad : @0/ @1/ C1/ A2\ D1/ B0\ B0+ D0\ E1+ F3/ G3/ D5\ E4+ A6/ @6/ E7\ F6/ I5+ H6\ G7\ C1/ F0/ G1/ D0+ B3\ B2\ B0\ A2/ A5/ A7/ D11+
Trax_6706049 jazzbeth vs. JiffyJeff : @0/ @1/ B2/ C2/ C3/ C4/ D4/ C5+ C6/ @1\ C0+ A3+ C7/ C5\ B4/ C8+ D9/ B6+ E3+ D2+ F3/ G3/ F4+ G5+ E9+ A6+ @5+ G2+ F1+ A6+ I4+ H1\ @5/ A4+ @6/ C7/ D8/ C8+ J7+ K2+ L4\ L6+ M5/ L7\ J8/ D10+ C10/ B9/ A9+ C11/ B11/ @8/ N8/ O8\ P7+
Trax_6711921 jazzbeth vs. thebodywall : @0/ B1\ A2/ @2+ B0/ B4/ D2\ D3\ D0/ E1/ A1\ F1\ B0/
Trax_6713908 jazzbeth vs. cyberian11 : @0/ B1+ C1/ A2+ A3/ @3+ @2/ B1\ B0/
Trax_6713913 SOcean255 vs. dgb : @0+ A2/ A0\ @1\ A0\ @4+ @4\ B0/ B6/ @6/ B7\ A1\ @4+ B0/
Trax_6713914 Chad vs. HeatherN : @0+ @1\ A0/ B1/ B0\ C2/ D2\ A1+ B0+ A1+ D1/ E2/ C0/
Trax_6720545 Rogue Trooper vs. Nukkle Dragger : @0+ @1/ A2\ C1\ C2\ C3+ D3\ D1\ E1\ @3/ A4/ E4+ @3+ A1/ H1\ E0\ I4\ I5\ I1/ J3\ H0/
Trax_6723075 Traxplayer vs. JiffyJeff : @0/ A0/ @2/ A3\ C1+ C0+ D2\ D4+ D5/ @3/ @4\ A6\ A1\ @4\ A7/ @5+ C8\ E6+ RESIGN
Trax_6728259 Traxplayer vs. rabbitoid : @0/ A2+ A3/ @1/ B0/ C3\ @4/ B5/
Trax_6728331 Dragon101 vs. JiffyJeff : @0/ @1/ B0/ A3\ C1+ C0+ D2\ D4+ D5/ B6+ @3\ C7/ A7+ @3\ A7/ D8/ G5\ G6\ E7+ F8+ G9/ C9+
Trax_6735451 Thud vs. * : @0+ @1+ B2+ @1+ A0/ A3/ A0/ @3+ E3\ @3/ D5+ D6/ B6+ A2/ @2/ @2+ A1/ B3/ C1/ C0/ C6/ B0+ A6+ H4+
Trax_6735454 golfnutrof vs. Traxplayer : @0/ @1/ B2/ C2/ @1/ C0+ C0\ D1/ D0/ B5+ D4+ E3\
Trax_6738340 jazzbeth vs. mso : @0/
Trax_6740777 jaha vs. Traxplayer : @0/ @1/ A0/ @1/ B3/ B0\ @2/ B3+ B1\ B0\ B6\ @4\ @4\ C5+ E0/ F1/ A3\ @3\ A2\ F8/ H7+
Trax_6749680 cyberian11 vs. birddog856 : @0/ A0/ B1/ C2/ C1+
Trax_6750586 Lorraine of the Renegades vs. jazzbeth : @0/ @1/ A2/ B3/ B4/ B5+ B6\ C5/ D5/ C3+ D7\ E5+ F5/ D2\ G5\ A3+
Trax_6753616 dgb vs. Traxplayer : @0/ @1/ A0/ @1/ A0/ @1/ B0/ @1/ A0+ B0+ B0/ D3\ E6+ F5+ D8/ C8/ C9/ B6+ E3+ E0\ G5/ H5/ I5/ A2/ @3\ D11+ B10+ F12+ G9+ @2/ H1+ I4+ E1\ RESIGN
Trax_6759035 rekor vs. birddog856 : @0+ A2/ @2\ B0/ A2+ C1\ A1+
Trax_6761757 jaha vs. dgb : @0/ @1/ A0/ @2+ @1+ A2+ @1+ A2+ D3+ F3+ F1/ G2\ F0\ F0\ H4\ E1\ @3\ C0+ B3+ G1/ RESIGN
Trax_6762533 jazzbeth vs. sallyp : @0/ B1\ A2/ @2\ C2+ C3\ C4+ A3+ B5+ @3+ @2+ A3+ F3\ @3\ B1+ D0\ H4\ G6\ H2/ I2/ F1/
Trax_6762535 Leeeeeesa vs. dgb : @0/ A0/ B1\ A3\ B3\ B4\ C2/ @4/ B5\ A1\ B0/ @4\
Trax_6762536 Chad vs. stormy rebel : @0+ @1/ C1/ C0\ A3\ D2/ A1\ @1\ B4/ A3\ @2/ F0/ G3/ D5\ C6/ E5\ G4\ H2\ D1+ C0\ C0\ F2/ I5/ J4\ E8\ C9/ F1+ D0/ H4+ I7\ J3/ K4\ F8+ G3+ H2+
Trax_6762540 HeatherN vs. Lilac Oyster : @0+
Trax_6762966 omsky vs. birddog856 : @0/ A0/ @1+ @1\ C0+
Trax_6765602 golfnutrof vs. Chad : @0/ A0/ B2/ B3/ C3/ @2\ E3\ C4+ A1+ C1+ D2+ C0\ B5+ D2+ B6\ B7\ B8\ A6/ A5+ D8+ E7+ F6\ A8/ A9\
Trax_6765695 Rogue Trooper vs. * : @0+ @1+ @1/ A2/ B3+ @2+ C4/ @2+ B4/ C5+ A5/ B6\
Trax_6775989 Rogue Trooper vs. ypercube : @0/ @1/ B0/ A0/ A0/ C4\ C2/ @3+
Trax_6776037 JiffyJeff vs. jaha : @0/ @1/ @1/ @1/ A0/ D1/ D0\ @3/ @3/ C4+ C1+ F5+ G5\ A5/ RESIGN
Trax_6776892 Jump This vs. JiffyJeff : @0/ @1/ C1/ C2/ D1/ D0/ E3/ A0/ E5/ E6/ F6/ B4/ C5+ E2/ F7\ G6/ B6\ E1\ A5\ C7\ B7+ F2+ G2/ D1\ F1+ G0\ D0/ @4\ B2+ B1\ A1\ B0\ B0\ G3/ @7+ A9+ E4/ F2+
Trax_6777155 jaha vs. ypercube : @0/ @1/ A0/ @2/ @2+ @2/ @2/ @2/ F0/ H3/ H2/ E4\ E0+ E0/ E0/ C3/ A7+ D8/ C5+ @6+ H2+ E9\ F8+ G8\ RESIGN
Trax_6778813 dgb vs. Traxplayer : @0+ B1+ B0+ C2+ B3+ D2+ E2\ D1+ D3+ E4/ E5/ @2/ B3/ C4+ E6+ E0\ D0/ D0/ F1+ G2+ B8/ RESIGN
Trax_6782651 golfnutrof vs. Rogue Trooper : @0/ A0/ B2/ B3/ C3/ C2+ A0/ B5/ D4/ B1/ A5/ D1/ E1+ D0\
Trax_6782665 jazzbeth vs. * : @0/ A2/ B2+ @2+ @1/ B0+ A0/ @1+ @1/ B4+ A0/ D6/ B7/ A7/ @5\ A4\ @7+ H6\ G7\ G8\ H8\ B1\ G9+
Trax_6782756 dgb vs. ypercube : @0/ @1/ @1/ C2/ D1\ C3/ C4+ D3\ C5/ B2+ B4+ B0+ @2+ F2\ C0/ C0/ F6+ G6\ G7\ RESIGN
Trax_6785895 jazzbeth vs. jaha : @0/ A0/ B2/ B3/ C3/ B4+ C2/ @2\ B0/ C2+ B4+ B0/ E4/ D2+ E7\ F7+ F3\ RESIGN
Trax_6788292 Dania59 vs. ypercube : @0/ @1/ B0+ B0/ C1/ D1+ E1\ @3+ D3+ D4/ D0\ A2\ @3/ C1/
Trax_6788293 ypercube vs. Dania59 : @0/ A2\ B1/ B0+ @2+ @2+ C4/ B4/ C5/ E2/ D3+ F2+ @2+ D0\ @3+ G5\ I4/ C5/ A2/ B1\ D0/ C7+ G8+ C8+ D9/ E1/ F1\
Trax_6788360 Rogue Trooper vs. rabbitoid : @0+ B1\ A0+ B1+ B3\ B0\ @1/ @1/ @1/ B3+ @1/ G2/ C0+
Trax_6788371 golfnutrof vs. Traxplayer : @0/ @1/ A0/ A0/ B4/ C4/ C5/ D4/ E4/ E6+ F6\ F7\ G4/ G3/ H7+ C3+ G2/ B6/ D7+ @1\ B0/ B6\
Trax_6795387 jazzbeth vs. Chad : @0/ @1/ B2/ C2/ C3/ C4/ D4+ E3\ D5+ D6\ E5+ F5+ F3+ @1/ B0\ A3\ H6/ G2+ F8/ D7+ @2\ B1+ D5/ C6+ I7\ F9\
Trax_6795509 jazzbeth vs. Rogue Trooper : @0/ A0/ B2/ B1/ A0/ @3/ A0/ @4/ A0/ @1+ C1+ D1/ D0/ A1\ A0+ E4+ D1+ A0/ F6/ B9/ @9+ @5\ B4+ F10+ H10+ I6/ F11/ I9\ J8+ K9/ J10+ L10/ F1+ L11\ M11\ @7/ F12\ J4/ K6/ L6/ M6/ K4/ N6/ O10+
Trax_6795522 grandma vs. * : @0/ A2\ B2\ B3+ B1/ C2+ B0\ C2/ @3\ D4\ B1+ E3+
Trax_6796384 Traxplayer vs. Dania59 : @0/ @1+ @1\ A0\ @1\ A0\ @1\ A0\ @1\ C0/ F1+ RESIGN
Trax_6796385 Dania59 vs. Traxplayer : @0+ B1+ B0\ A3/ @3+ @2/ B1+ C0+ D1+ @3+ F1\ A1\ C0/ @3\
Trax_6799713 Withacee vs. Linda Sue : @0/ A2+ @1\ A0\ B4+ B5\ C5\ D4\ C2/ D5\ A5/ B6\ @1\ F5/ E3/ F4+ E6\
Trax_6799714 Linda Sue vs. Withacee : @0+ @1\ B0/ B0/ C1/ A0\ @1\ C0+ A5\ E3\ @2/
Trax_6799717 1926 vs. Linda Sue : @0+ @1\ B2+ A0/ C2\ B4/ A4/ @3/ C1+ C0\ B6/ A6/ A3+ @3\ B2\ @3\ C1+
Trax_6799718 Linda Sue vs. 1926 : @0+ @1+ B0\ B3\ C2\ C3\ @2\ B0\ B0/ C1/ D2/ E2/ E1/ E5+ F3/ A2+
Trax_6799719 Lilac Oyster vs. Linda Sue :
Trax_6799720 Linda Sue vs. Lilac Oyster : @0+
Trax_6800749 ypercube vs. Traxplayer : @0/ @1/ B2/ C2/ B0/ A0/ B5/ D5/ E5+ B6+ A6/ E7+ C3+ RESIGN
Trax_6801902 jaha vs. Rogue Trooper : @0/ A0/ B2/ B1/ A0+ @3/ D1\ B0/ E3+ D0/ E1+ B1+ D0/ E3+
Trax_6805070 rabbitoid vs. * : @0/ B1/ B0/ B3+ C3\ D1\ B0/ D4+ D5\ B0/ @2+ F5/ G3+ H3\ F0+ A1+ B0\ H3+
Trax_6805337 ypercube vs. Traxplayer : @0/ @1/ @1/ @1/ C0+ D3+ C4+ @3+ D0/ D0/ D0/ F5+ G5/ C3+ D0+ D0/ D0/ C2+ A6/ B3+ E1/ F1+ F0/ F0+ F6+ G6\ @8\ B7+ A9+
Trax_6805338 Traxplayer vs. ypercube : @0/ @1/ B0/ @1/ C3/ @1/ D0/ B3/ E1+ F2/ B4/ F5+ G2+ H3+ G6+ E0/ E0/ E0/ G4+ A8\ A9+ B10/ H4+
Trax_6811074 golfnutrof vs. jaha : @0/ A0/ B2/ B3/ B1/ B4/ A0/ A0+ A0\ @4+ C2/ A6/ @5\ E5+
Trax_6811355 Chad vs. dgb : @0/ @1/ B2/ C1+ B3/ B0\ @2+ A1+ @2/ F4/ D5/ B3/ F3+ G3/ G2/ G1+ G5\ H1\
Trax_6811356 jazzbeth vs. JiffyJeff : @0/ @1/ B2/ B3/ A0/ @1/ D4/ @1\ C0+ B3/ E3\ D2/ D6\ F5/ F3+ G3/ B4+ A4/ @4/ B5\ D6/ D7/ C8+ G6\ H6\ I6\ G1+ D0/ I2/ RESIGN
Trax_6811358 1926 vs. HeatherN : @0+ B1/ A2+ B0\ A4+ A1\ A5+ @1/ B6+ B7\ C7\ C8\ D8\ A0\ @2/ B6\ D5/ E3/ F6\ F7\ F8+ G8\ B4\ A4\ G5\ G6+ H7/ E1\ C1/
Trax_6812266 Dragon101 vs. Lorraine of the Renegades : @0/ A2\ B2\ @2\ @1/ @2\ C3+ B0\ E5\ F4/ A5/ G3/ C6+
Trax_6817012 Chad vs. rabbitoid : @0/ B1/ B0\ B0\ A1\ @1+ C4+ C5/ @1/ @1/ @1/ B0+ @2/ E4+ @4/ A1\ A5\
Trax_6817136 * vs. jazzbeth : @0+ B1+ A0/ A3/ @3+ @2/ B1+ B0/ A5\ @3/ B1+ D5+ A0\ @3+ @3/ F7\ G6+
Trax_6817154 jaha vs. JiffyJeff : @0/ A0/ B2/ B3/ @1/ D2\ C1/ A2/ C4+ D4\ E2/ A3+ C0+ @4+ A1+ B0\ B0\ A1\ @2\ A4+ B0\ A2\ @2\ B1\ H9\ I9\ A7/ RESIGN
Trax_6819503 thebodywall vs. Rogue Trooper : @0+ B1+ B2+ C1+ D1\ D2\ C3+ A0/ B5/ A4/
Trax_6822730 jaha vs. JiffyJeff : @0/ A0/ B2/ B3/ @2/ @2/ C0\ D2/ A4/ E1\ E5\ F2/ D6+ @5\ D0+ A2+ D0+
Trax_6827535 jazzbeth vs. thebodywall : @0/ B1+ C1/ C0/ B0/ A4/ A1\ B0\
Trax_6834478 dgb vs. jazzbeth : @0+ @1/ C1/ C2+ B0+ D2/ C0+ D5/ D6/ E2+ E6\ D7/ D8/ @3/ @3+ A4/ D8/ D9/ A2\ A9+ C1+
Trax_6836137 JiffyJeff vs. Rogue Trooper : @0/ A0/ B2/ A3/ @1/ A3/ C4+ D2/ @2+ F3\ D1/ A0+ E2+ C6+ A5+ B7+ @5+ F1/ D0+ C9/ A9+ @5/ G7+ B3+ @7+ A5+ B3+ @8\ G9\ G10\ E10+ K5\ C9+ B10+ H8+ E11/ I8+ E12/ H11/ B12/ RESIGN
Trax_6837918 Rogue Trooper vs. JiffyJeff : @0+ A2/ @2\ B3/ @3/ C4/ A1\ RESIGN
Trax_6841958 * vs. Chad : @0/ @1/ B0+ B0\ @2+ C0\ D1/ C0\ A0\ @3+ C7/ A7+ @6/ F6+ G5\ D8/ D9/ H4+
Trax_6845156 jazzbeth vs. Rogue Trooper : @0/ A0/ B2/ B1/ @1/ C3/ D3/ B3/ D1/ @1/ B3/ B4/ F4/ A4/ @4/ E5+ G1+ A6/ @4/ H6\ D7+ I6/
Trax_6849725 dgb vs. jazzbeth : @0+ A2+ A3+ B3/ @2\ C4/ C5/ @1/ B0+ B6+ @1\ B0+ A5+ @4/ B7/ A7/ D8+
Trax_6849726 Chad vs. JiffyJeff : @0/ A0/ B2/ B3/ @1/ A0/ B1+ D3\ B0/ C1/ E4\ D5\ C6+ D1+ E1\ F4\ @3/ RESIGN
Trax_6856520 ypercube vs. jaha : @0/ A0/ B2/ A3+ C2/ @2\
Trax_6858139 dgb vs. Rogue Trooper : @0/ A0/ A0/ @3/ B4+ C4\ D2/ B5+ C6/ E3+ F2\ G2\ H2\ C0+ H2/ RESIGN
Trax_6858238 jazzbeth vs. Traxplayer : @0+ B1+ C1/ @1\ D0/ E1+ F2/ F3+ B1+ @2\ B3+ E0/ @2/ B1+ D0/ @5/ D6/ A2\ @3+ B1/
Trax_6859952 JiffyJeff vs. Chad : @0/ @1/ A0/ @1/ D2/ B3+ B4+ D1\ A2+ A4/ RESIGN
Trax_6860051 rabbitoid vs. * : @0/ A2/ B1+ C1+ A3+ D1+ C3\ B4\
Trax_6860140 golfnutrof vs. Rogue Trooper : @0/ A0/ B1/ B3/ C3/ C1/ D1/ E1/ A0/ B1+ A4+ E5+ F5\ C6+ @4\ E0+ G2+ E0+
Trax_6862065 dgb vs. Traxplayer : @0/ B1+ C1/ C0/ C0+ @3+ C4+ C5/ C6/ D5+ E4\ F4\ E6+ F7/ D8+ B7+ A5+
Trax_6862066 Traxplayer vs. dgb : @0/ @1/ C1/ A2+ C0+ A0/ D4/ D5+ B6\ @4\ D1/ E1/ E0/ @2+ A1\ A0+ RESIGN
Trax_6866119 JiffyJeff vs. ypercube : @0/ @1/ B2/ @1/ B0\ D3/ B3+ @3\ C4+ A4/ RESIGN
Trax_6866184 Traxplayer vs. jaha : @0/ A0/ A3/ @3+ B4/ C4+ C5\ C6\ D5/ D1+ E6\ D7/ A0\ @1+ A3/ @4\ F1/ F0/ G3\ H5+ B6+ B1/ F0+ H3+
Trax_6868176 JiffyJeff vs. Dragon101 : @0/ A0/ @1/ A2/ C2/ D2/ D3/ E3/ E4/ B0/ B4+ D2/ B5/ @3/ E1/ E0+ F4+
Trax_6869669 jaha vs. Traxplayer : @0/ @1/ A0/ @1/ B0+ B4\ A4\ B5+ D3/ @3+ D2+ C6\ D6+ F5+ E6\ E7\ F7\ G6\ G4+ F2+ @1+ C0/ F9+ @1/ D0/ A0\ @1+ A4\ @4\ B5+ B6\ L5/ J4/ L8+ M5/ G10+ @4\ RESIGN
Trax_6869670 Traxplayer vs. jaha : @0/ A0/ A0/ A0/ @3+ C4+ D3+ C0+ @5\ @5\ E6\ F6\ @5\ F7+ H1+ H4+ G8+ E1+ I3+ I5+ J4+ C6+ B7+ F8/ @7+ D3+ RESIGN
Trax_6870586 Chad vs. Traxplayer : @0+ B1+ A2\ A0\ @1\ @1+ C4\ D5/ E3/ C0/ D1/ E2+ C0+ F7+ C8\ C0/ E2+ F1\ C0/ F0+ G2/ @7\ B8/ B9+ A9/ A10/ @8+
Trax_6870656 rabbitoid vs. jazzbeth : @0/ @1/ B0+ C1+ C2+ D1+ D2+ E1+ F1/ F0/ G2+ G3\ H3\ H4\
Trax_6879327 jazzbeth vs. golfnutrof : @0/ @1/ A2+ A3/ A4/ B3+ C1+ D1\ @1/ E4\ B5+ F3\
Trax_6879399 dgb vs. jaha : @0/ A0/ @2+ C1\ B3/ @2\ @2\ @2\ E0+ @1/ C0+ H3/ H2/ I2/ H1/ D0+ B6+ RESIGN
Trax_6879433 Rogue Trooper vs. ypercube : @0+ B1+ A2\ B0/ C1/ D1+ C3+ E1+ E3\ E4\ B0+ A1\ A0\ @2\ C0/ D1/ E1/ G7+ RESIGN
Trax_6880511 * vs. Quetza : @0/ @1/ A2+ C2/ A3+ A4+ @2/ @3\ A1/ @3\ D5+ D0+ A1/ @3/ A0+ @1\ G5\ @1\ B0+
Trax_6880589 jaha vs. dgb : @0/ @1/ A0/ @2+ B0/ B4\ D3/ @2+ F3+ C5/ B4+ A4/ A5/ A6+ @4+ E6\ RESIGN
Trax_6880594 Traxplayer vs. jazzbeth : @0/ A0+ A0\ @2\ @2\ A1\ @1\ B0\ @4+ B5/ A1\ E0+ @2/
Trax_6883820 jaha vs. Traxplayer : @0/ @1/ A0/ @1/ B0/ A0/ B5/ C3/ A0+ C7/ @3+ B0/ C2/ D2/ D1/ E1/ B0+ C0+ A8/ @9\ F7+ G4+ A6+ @7\ @8/ B9+ C10+ J3/ J2/ J0+ H12\ I10+ J7+ K3+ E12+ H13+ J10\ K10\ A10/
Trax_6883821 Traxplayer vs. jaha : @0/ A0/ @1/ @1+ A0+ @2/ C0/ C0/ E4+ F5+ F6+ G5/ E7/ C6\ B6+ B7/ E8\ F8\ @6+ B8+ B9/ E2+ D0+ F2/ F1/ C3+ G2\ G3\
Trax_6886142 Lorraine of the Renegades vs. * : @0/ A2/ A3\ B3\ A4\ @2/ D3\ @4/ A5/ A1\ @3/ B0/
Trax_6886241 Rogue Trooper vs. Traxplayer : @0+ B1+ A2\ B0/ C1/ D1+ C3+ E1+ E3\ E4\ B0+ A1\ @2+ @3\ @2/ @3\ C1+ A4/ RESIGN
Trax_6892666 jazzbeth vs. JiffyJeff : @0/ @1/ B2/ C2/ B3+ C1/ A0/ D2\ C1/ B0+ E2+ F3/ @1/ B0/ A3/ B5+ @2+ G2/ F1/ F0/ E0+ A2+ A1/ RESIGN
Trax_6900518 Dania59 vs. jazzbeth : @0/ A0/ @2+ @2/ D1+ A3\ C0\ E2/ B4\ E4\ F2/ D5\
Trax_6906045 jaha vs. Chad : @0/ @1/ A0/ A3\ @2\ @2\ B3+ E2\ E3\ C0+ A2+ F4\ F5\ G5\ D6+ E2+ @3\ D6/ @2\ A1\ I7\ J7\ E0\ C2/ F1+
Trax_6906069 Dania59 vs. * : @0/ @1/ B0+ C1+ A3+ D1+ B0+ @3+ @3\ A1+ @3/ A4/ @3/ A2/ A4+ A5/
Trax_6906174 Rogue Trooper vs. ypercube : @0+ B1+ A0+ C2+ @1/ E2/ E1/ F1/ C0+ C4+ A1\ @3\ G4+ H3\ I3\ I4\ I5\ A4/ @2/ D5+ F5+
Trax_6906275 Traxplayer vs. jazzbeth : @0/ B1+ C1/ C2+ B0+ C0\ D2+ E2\ C0/ @4+ B2/ A3\ A1+ A0/ @1\ B0/ A5+ @5/ A4\
Trax_6909086 dgb vs. Traxplayer : @0/ @1/ @1/ D1/ A0\ @2/ @2/ D3+ F0+ G1/ C0\ B3\ G4+ H3+ D6+ RESIGN
Trax_6909087 Traxplayer vs. dgb : @0/ A0/ @2+ B0+ @2/ D2\ E2\ C0+ B5/ B6/ C5+ B7+ @2\ A1\ A6+ @2+ F5\ B7/ H3/ F1+ F8\ G8\ E9/ D9+ A8\ G4+
Trax_6911546 klaashaas vs. Zanda : @0/ B1\ B2\ B3\ A2+ C1\ C3\ C4\ D1+ B0\ B6+ @3\ F3+ D7/ D8/
Trax_6911547 Zanda vs. klaashaas : @0/ @1/ B2/ A2/ B3\ C3\ A4/ @4/ A2+ @3\ A5/ @5/ C0\ B1\
Trax_6911548 klaashaas vs. Withacee : @0/ A2\ B1/ B0+ A0/ @2+ @3\ B4+ C0/ E3\ A1\ A0\ @4\
Trax_6911549 Withacee vs. klaashaas : @0/ B1/ @1\ B0/ C1+ D1\ C3+ C4/ A3+ E2/ C0\ E5\ F4/ C6\
Trax_6911550 klaashaas vs. 1926 : @0/ B1+ C1/ C0/ B0/ D2+ A1\ A4/ @3\
Trax_6911551 1926 vs. klaashaas : @0+ A0\ A3+ @2+ B4/ A4/ @3/ @3/ C5/ A4+ B5+ A1\ @4/ C0/
Trax_6911552 klaashaas vs. TallPaul : @0/ @1/ A0/ B1+ C1\ B0/ D2\ D4+ E4\ @3/ D5\ F6+ F1/ A1\ G2\
Trax_6911553 TallPaul vs. klaashaas : @0/ @1/ A2/ A3/ C3+ A4/ @4/ D5+ E3/ A0+ @1\ F1/ C0\ G3/
Trax_6914130 golfnutrof vs. Traxplayer : @0/ @1+ @1\ B0/ A3\ B4/ C4/ B0\ @4+ D1/ D0/ C7/ E6/ E8+ F6/ A8/ RESIGN
Trax_6914191 jazzbeth vs. Nukkle Dragger : @0/ B1\ A2/ @2/ A3/ C3/ B4\ A0\ @2/ A5/ B6\ A4+ @5/ A3+ A6+ B7/ C0+ E1\ C8+
Trax_6914458 dgb vs. Traxplayer : @0+ B1+ @1/ A2/ B3/ B4/ B5+ C5+ B6/ A6/ @6+ A2/ E5+ @1\ A0\ A7\ @2+ D4+ G2/ G1/ H4+ @3\ G0/ @4/ C5+ RESIGN
Trax_6914459 Traxplayer vs. dgb : @0/ @1/ A0/ @2+ A0/ @2/ A0/ B5/ B6/ B7/ C5+ @7/ A8/ A1+ @6+ F3/ F2/ F1+ RESIGN
Trax_6918141 Rogue Trooper vs. JiffyJeff : @0+ A2/ @2\ A1\ C2/ @1/ C0+ B0/ A2+ @3/ @3/ A4/ A5+ D5+ @4/
Trax_6920951 Traxplayer vs. ypercube : @0/
Trax_6927104 Thud vs. Dragon101 : @0/ A0/ B1/ C1/ B0+
Trax_6927652 dgb vs. Traxplayer : @0/ @1/ B0+ @2+ A0/ B4\ D2\ @2+ F2+ D1/ C0\ C0+ @2\ A1+ @3/ RESIGN
Trax_6927653 Traxplayer vs. dgb : @0/ @1/ @1/ B0+ @2/ D3+ C4+ B5+ C0/ C0/ E5\ E6\ @7+ B2+ A3\ @7\ RESIGN
Trax_6932997 ypercube vs. Rogue Trooper : @0/ @1/ B2/ C1\ A0/ C3+ D3\ B4/ B5+ A3+ @4\ A2+ C6\ A5+ F6/ F4+ G6\ G7\ H5+ B7/ A7/ G8/ F8/ H4/ F3+ G2+ I6+ I3+ J7\ H8+ H1\ I4+
Trax_6935006 dgb vs. Chad : @0+ @1+ C1\ C2\ B3\ A0/ A0/ D3\ @3\ F3\ E2/ D1+ @2+ D0/ F5+ @3/ @3/ B2+ E1+ C0+ A2+ @1/ C0/ E7\ C6+ I3/ J3/ I2+ K3\ J5/
Trax_6935007 jazzbeth vs. sallyp : @0/ A2\ B1/ @2\ A0/ @3/ C4+ A2+ @1+ D1+ D0+ A4+ D6+ B1\ C0\ @3\ D0+
Trax_6936944 Jump This vs. JiffyJeff : @0/ A0/ A3/ A4/ @3+ C3\ A5\ B6/ D3+ D4\ D0/ RESIGN
Trax_6940926 * vs. JiffyJeff : @0/ @1/ B0+ C1+ A3+ @2+ @1/ A0+ E4\ D5/ F3+ G3\ H3\ E1/ B0+ B0/ D0+ A2\ A1\ C0/ D0\ E1\ C0/ F4/ G4+ G3/ G7\ H6/ I8\ H11/ H3/ F2+ J7+ I4/ I2\ J3/ K6\ I1+ K2+
Trax_6941084 Traxplayer vs. jaha : @0/ A0/ @1/ B0+ @2/ D2\ E2\ B3+ B4/ @2+ E3+ C5/ D0/ D0/ C2+ B1+ @1+ A0\ @1\ @1\ A0\ H3+ E2+ D0+ @4+ C5+ B6+ B7/ @5\ A3+ E0/ C9+ K5\ L9/ L10+ F11+ @7+ A9+ B10+ @8+ J12/ K10+ L11+ H13/ F10\ G13\
Trax_6942933 sherekhan vs. Dragon101 : @0+
Trax_6950483 golfnutrof vs. jazzbeth : @0/ @1/ B0/ B0+ C3+ A4/ C1+ B5\ C0\ @2+ E3\ C0/ E2+ F4\ E6+ C8\ A8\ @3/ E7+ @4/ A5+ B8+ D1+ B2/ I6\ I7\ I8\ G9\ J8+ H9+ K5+ K4/ L4/ L3/ L7\ L2/ M6/
Trax_6952411 gigino42 vs. Dragon101 : @0/ A0/ @2+ @2\ B0/ B0+ D3/ C2/ @1\ A0/
Trax_6959019 sherekhan vs. * : @0/ A2/ @1\ B0/ A1+ @2+ B4\ A1\ A0\ C6/ A0/ D7/ B1+ D4+ E4/ A8/ E2\ @7/
Trax_6961892 JiffyJeff vs. Rogue Trooper : @0/ A0/ A0/ A0/ @1/ A0/ @1/ @1/ E5/ @1\ C0+ B0/ A1+ A4+ @4+ A5/ @5/ A3+ @3\ H3/ F0\ @5+ B7+ D1\ C0/ A1\ RESIGN
Trax_6961999 jaha vs. ypercube : @0/ @1/ A0/ @2/ B0+ C1/ D2/ E2/ D3+ C4/ A0/ @1+ A5\ @2\ E0/ G3+ H3\ H6\ RESIGN
Trax_6967657 dgb vs. Traxplayer : @0/ @1/ @1/ D1/ A0\ @2/ A3+ E4\ F4\ B5/ A5/ A6/ @4\ C7+ D8/ F9+ H9+ F0+ F11/ I9\ C11/ I11/ B10\
Trax_6967658 Traxplayer vs. dgb : @0/ @1/ A0/ @2+ C3/ B0\ B0\ B5/ C2/ D3+ E2\ D1+ A2+ D5+ B6/ F1/ RESIGN
Trax_6972179 Chad vs. HeatherN : @0/ B1\ A2/ @1/ A0/ @2/ A0/ A4\ B5/ @5/ C6/ D2+ D6\ E5\ C7\
Trax_6972180 Chad vs. dgb : @0/ @1/ B2/ C1+ D1/ D0/ D0+ B5\ B6\ A6+ C5+ D4+ C0\ B3+
Trax_6972181 jazzbeth vs. thebodywall : @0/ @1+ B0/ B0+ B4/ @1\ B0/ @3/ B5+ @2\ B1+ B5+ D6+ @3/ A4/ A1\ C0/ @3\
Trax_6976319 * vs. Lorraine of the Renegades : @0/ B1\ B2\ A0/ C2+ A0\ @3+ E2\ E1+ C0/ @4+ D0\ C1\ G5\ G6\ E7/ G3\ @5/ A6/
Trax_6979403 Chad vs. golfnutrof : @0/ B1/ B0\ B3/ C3/ B0\ A1\ @3/ A4/ D5/ @3+ B1+ E1+ C0\ F4\ B6+ G6\ E7+ G3/ D0+ F3/
Trax_6979496 jazzbeth vs. Rogue Trooper : @0/ A0/ B2/ B3/ C3/ C4/ D3+ C5/ D2/ E2/ F2+ E1+ C0+ B6/ A5/ D7\ E7\ A6/ @6/ C0/ B9+ H5+ H4+
Trax_6987204 jazzbeth vs. Dania59 : @0/ A2/ @1+ C1+ D2/ C3+ C4/ @2+ F2/ E0/ F5\ RESIGN
Trax_7010114 Traxplayer vs. Chad : @0/ A0/ @1/ @1+ A0+ @2/ C0/ B1+ @3/ @3+ A2+ @3/ F4/ D0+ A5/ D6+ @4+ B3\ I3/ I2/ J2/ G1/ I0+ H7\ RESIGN
Trax_7011172 golfnutrof vs. * : @0/ B1/ A2/ A0+ @3/ B4+ B5\ D2/ @4/ A5/ C6\ F6\ D7/ G5+ @5/ C8+
Trax_7017077 JonathanT vs. JiffyJeff : @0/ @1/ B0+ C1+ A3/ B0/ D2/ E2/ F2/ E0/ G2/ F1+ F0/ G1/ H1+ F0\ E1\ I4/ G0+ @8+
Trax_7022626 * vs. JiffyJeff : @0/ A0/ @2+ A3+ C1+ B0+ C4\ D4\ B5+ D3/ E5/ D1/ C0\
Trax_7023934 jazzbeth vs. Rogue Trooper : @0/ A0/ B2/ B3/ C3/ B1/ C1/ D2+ E1\ F1\ G2/ H2/ F0+ H4+ B5+ A5/ A1+ C0/
Trax_7024951 * vs. Thud : @0/ A0/ @2+ @2\ A0+ D2/ D0\ B5+ E1/ RESIGN
Trax_7025001 JiffyJeff vs. ypercube : @0/ @1/ @1/ D1/ B0\ B0+ B0+ D1/ E2\ A1\ C0/ B6+ @2/ A3/
Trax_7030775 jazzbeth vs. Traxplayer : @0+ B1+ A2+ @1+ A2+ @1+ E1/ E0/ E0+ B5+ F2/ @3\ D1+ C6/ B5/ D0\ G5+ H2\ I3/ J5+ H6/ H1+ G0/ J2/ K4+ I1/
Trax_7033305 Chad vs. * : @0/ B1\ A2/ @2+ C2\ C3\ C4\ D1\ B4/ B5+ B0/ D4/
Trax_7033417 thebodywall vs. Rogue Trooper : @0/ A0/ A0\ @1/
Trax_7034306 ypercube vs. Traxplayer : @0/ @1/ B2/ C2/ C3/ D3/ C4/ B0\ C2/ D1\ B0+ C0+ C0\ C0\ E3+ F4+ B9/ A4\ @5/ @5/ A6/ C7+ @7\ @4+ D3+ H10+ I7+ K5\ J6+ @5/ @5/ E2/ H2+ J2/ I11+ F8+ G10+ I0/ J1/ K1/ L2+ J0+ C3+ B3+ C2/ A8/ @4+ D10/
Trax_7034307 Traxplayer vs. ypercube : @0/ @1/ B0/ C2/ A3+ A4/ B4+ B5/ @4/ @4+ D6/ F3+ G2\ H3/ I2\ J3/ G4+ E5+ F6+ K3/ L4\ K5\
Trax_7034318 Eunhye vs. alexio789 : @0/ A0/ @1/ A0/ A3/ A4\ C2\ C1/ D1\
Trax_7034319 alexio789 vs. Eunhye : @0/ A0\ @2\
Trax_7036265 Traxplayer vs. golfnutrof : @0/ @1/ B0/ @1/ C0+ @1/ D0/ C1+ D0/ B1+ @3+ C0\ @1+ C0/ F0+ G1/ G0/ H1/ D1\ H0+ C2/
Trax_7037546 Thud vs. Rogue Trooper : @0/ A0/ B1/ C1/ C3/ A3/ @1/ A0+ A3+ D0+ C6+ E6+ F4+ @4\ D7/ B6+ G2/ H4/ F1+ F0/ F0/ C2\ B2\ A7/ @6+ A5+ J5\ K5\ J4+ C10/ B9+ E0+ E11+ E0/ D1+ J3/ RESIGN
Trax_7038801 dgb vs. Chad : @0+ A0/ A3\ B1/ A0/ A0/ B6/ @4/ D6+ E5+ A1+ @1/ D1/ A6/ C0+
Trax_7038802 ypercube vs. jaha : @0/ A0/ B2/ A3+ @3\ B0+ @4\ B5+ @4\ @4+ G4/ F2/ G2/ F0+ H5/ G6+ I6\ H7/ G8\ F7+ G9+ H1/ H0/ I5+ RESIGN
Trax_7039008 JiffyJeff vs. * : @0/ A2+ B1\ @1/ B3/ A4\ @3+ D3+ D5\ E2/ E4\
Trax_7039185 alexio789 vs. Eunhye : @0/ B1\ B2\ A2+ @2/ C3\
Trax_7046171 jazzbeth vs. JiffyJeff : @0/ @1/ B2/ B0\ C2/ D2\ C4/ A3/ C5/ A4+ B5/ D4+ A6/ @6/ A2+ B1\ @3\ D0+ D0/ F1+ G5+ D8+
Trax_7048369 grandma vs. * : @0+ @1+ C1\ @1+ @1/ A2/ C2+ E2\ B3/ F2+ B4/ @2+ @2/ A3/
Trax_7048449 dgb vs. Traxplayer : @0/ @1/ @1/ @1/ B0/ A3/ @3+ B4+ B0+ @3+ E1/ E0/ A5/ A6/ F7+ RESIGN
Trax_7051407 jaha vs. jazzbeth : @0/ @1/ A0/ @1/ B0+ A0/ C1\ D2\ B0/ @3\ F3\ E2+ E4+ F5/ E6\ F7/ G3\ F8+ D1+ H3+ H8+ F1+ I6+ J4+ K3\ F0/ I2+ J3+ F0+ G1+ J2+ K1/ J0/
Trax_7052964 mso vs. dgb : @0/ A0/
Trax_7052965 dgb vs. mso : @0/
Trax_7052966 mso vs. ypercube : @0/ @1/
Trax_7052967 ypercube vs. mso : @0+
Trax_7052968 lemming vs. dgb : @0+ B1+ C1/ C0/ B0/ B0/ B0+ C3+ A2/ C6/ D5+ E4\ F4\ E6+ F7/ D8+ B7+ G6+ E9+ D2/ RESIGN
Trax_7052968 Red Panda vs. dgb : @0+ B1+ C1/ C0/ B0/ B0/ B0+ C3+ A2/ C6/ D5+ E4\ F4\ E6+ F7/ D8+ B7+ G6+ E9+ D2/ RESIGN
Trax_7052969 dgb vs. lemming : @0+ @1/ C1/ @1+ C2+ E1+ C0+ C4/ E3+ F3\ F4\ move G3+ G2/ G1+ RESIGN
Trax_7052969 dgb vs. Red Panda : @0+ @1/ C1/ @1+ C2+ E1+ C0+ C4/ E3+ F3\ F4\ move G3+ G2/ G1+ RESIGN
Trax_7052970 lemming vs. ypercube : @0/ @1/ C1/ D1/ C0+ D3+ C0/ @3+ F4\ G4\ F5/ B5+ D6+ F6+ H4\ I5/ J4\ F7\ H2+ K5/ G1+ RESIGN
Trax_7052970 Red Panda vs. ypercube : @0/ @1/ C1/ D1/ C0+ D3+ C0/ @3+ F4\ G4\ F5/ B5+ D6+ F6+ H4\ I5/ J4\ F7\ H2+ K5/ G1+ RESIGN
Trax_7052971 ypercube vs. lemming : @0+ @1+ B2+ C1+ B3+ @1+ B0\ B4+ A0/ @3\ A4/ @4/ A2+ B5+ G3\ C0/ E1+ G3+ H3/ E0+ F1+ @7/ C8/ J2/ RESIGN
Trax_7052971 ypercube vs. Red Panda : @0+ @1+ B2+ C1+ B3+ @1+ B0\ B4+ A0/ @3\ A4/ @4/ A2+ B5+ G3\ C0/ E1+ G3+ H3/ E0+ F1+ @7/ C8/ J2/ RESIGN
Trax_7052972 dgb vs. ypercube : @0/ @1/ A0/ @1/ B3+ D2/ A3/ A4/ C4+ E4+ E5+ F5\ F6\ E1/ F3+ G6\ @2\ D5+ D6/ F7+ D7/ G8/ @1\ D0+ E1+ F1+ B8+ A7+ C9+
Trax_7052973 ypercube vs. dgb : @0+ B1+ B2\ A0/ C1+ @2+ E1\ E2\ C4+ B4+ C5\ F1+ B0/ G2\ H3/ G4+ I2\ H1/ F5\ G6/ E4+ D7/ @4\ K2/ J1+ J0/ K1/ J6+ K5\ L5\ L6\ K7\ J8\ D9/ C7+ L1+ J0\ M4\
Trax_7058576 * vs. rabbitoid : @0/ @1/ A2/ @2+ @2+ C0+ A2+ @1/ B0+ A4/ @2/ D0\ C0/ F3/ G4\ G2+ D7/ E0+ H4\ E0/ H3/ I3/ G9+ D10/ H8+
Trax_7068292 jazzbeth vs. Rogue Trooper : @0/ A0/ B2/ B3/ C2+ B4+ B1/ D1\ E2/ E0+ B1+ F1/ E4+ D0+ F1/ G2+ G4+ D6\ D7\ F0+ G6\ H6\ I6+ I7\ F8\ F9\ C1+ A2+ F0/ H4+ F11\ A1\ @2/ G0\ F1\ E0/ C2+ H1/ F0+ H5+ I2+ J6+
Trax_7068879 dgb vs. thebodywall : @0/ B1+ C1/ A2/ A3+ C2+ B0+ @2+ B1\ B0\ A1\ @1\ A0\ @3/ F1/ G1/ E0/
Trax_7070450 Chad vs. Traxplayer : @0/ @1+ A0+ @1\ A0\ A0+ D4/ C5+ @3+ A4/ @4/ D5+ A6+ G4\ C7+ E6+ @3\ A2\ A1\ @1\ D0+ E9/ E10/ E11/ @2\ A0+ @5+ B7/ B8\ E12/ D10+ F13/
Trax_7070551 Traxplayer vs. Rogue Trooper : @0/ A0/ @2/ B0/ @1+ C0/ D1/ A0+ C6+ E2+ B0+ @5+ A2\ A1\ E0/ F1/ A1+ D0\
Trax_7077887 ypercube vs. Traxplayer : @0/ @1+ @1\ B0/ B0/ C1/ A4\ B5/ A6\ B0+ @1+ A4+ @3+ E6+ F4+ E8\ F8+ E9/ A7+ RESIGN
Trax_7077888 Traxplayer vs. ypercube : @0/ @1/ @1/ C2/ D1\ C3/ B2+ @2\ @2\ @2\ D3+ E4\ E5+ @2\ H3\ D4+ G0/ I1+ A0+ RESIGN
Trax_7080640 jaha vs. Traxplayer : @0/ @1/ A0/ @1/ B0+ B4\ A4\ B5/ C1\ B6/ C5+ D1\ E3+ @4\ @2+ @3\ B4+ C0+ F8\ G7/ H7/ I6\ E9/ D8\ G9\ E10+ A6/ @6/ RESIGN
Trax_7080641 Traxplayer vs. jaha : @0/ A0/ @1/ B0+ @2/ D2\ E2\ B3+ C4/ C5/ A4+ A6+ @5/ A3\ @3+ B0\ A1\ A0\ D0+ B9/
Trax_7087985 ypercube vs. * : @0/ B1+ @1+ B2/ @1\ A0\ @1\ B0+
Trax_7088082 dgb vs. jaha : @0+ A0\ A0\ B1\ A0+ C2\ @3/ B5\ @3\ B4/ E3\ F4+ @3\ E6/ E7+ G1/ E0+ H5+ I4\ G9\ I6\ RESIGN
Trax_7092511 jazzbeth vs. Rogue Trooper : @0/ A0/ B2/ B3/ C3/ B1/ B0+ B0/ C6+ A5/ C4+ D6\ B0/ @4+ C8+ A7+ @4/ @6+ B8+ B9/ D2+ D0+ B3\ @6\ C2/
Trax_7092544 ypercube vs. JiffyJeff : @0/ @1/ @1/ B2/ @1/ D0\ D4\ E4\ B4/ RESIGN
Trax_7092672 Traxplayer vs. ypercube : @0/ @1/ B0/ @1/ C0+ D1/ D2+ B0/ @2+ E5+ F1\ C6/ B6/ D7\ E7\ E8+ C0+ F9/ G4+ G7/ F6/
Trax_7094941 dgb vs. Traxplayer : @0/ @1/ @1/ D1/ A0\ @2/ A3+ C0+ E5+ F5\ F6\ G6\ E7/ D6+ B7/ RESIGN
Trax_7094942 Traxplayer vs. dgb : @0/ A0/ @2+ B0+ @2/ D2\ C4/ C5/ C6/ @2+ C0/ E4+ F7+ D8/ B5+ A8+ B9/ @6\ A5+ H6+ @6+ B1+ E0+ H4/ H3/ J6\ RESIGN
Trax_7095075 * vs. Chad : @0+ B1+ A2\ A0\ @3\ C4/ D2\
Trax_7096463 * vs. Nukkle Dragger : @0+ A0+ A3+ @1/ C1/ D1/ D0/ D3\ E3\ E2+ D5+ F4\ B5+ D0+ A1\ @3/ C0\
Trax_7100097 Chad vs. Rogue Trooper : @0/ A0/ B2/ B3/ C3/ B4/ D4+ D5\ E5\ B6+ C7/ F5+ D2\ C1/ E1+ F2/ G5/ A3+ A0+ @1\ B8\ A6\
Trax_7100356 jaha vs. Traxplayer : @0/ @1/ A0/ @1/ B0/ @1/ C4/ D1/ D0/ E1/ F2+ C6/ B6/ B7/ A5\ D8+ G7+ A0+ @2\ I4/ I3/ J7\ I8+ A6+ I2/
Trax_7102012 * vs. JiffyJeff : @0+ A0\ A3+ @2/ C1\ B0+ @4\ C5\ A5\ A6\ A1\ @2/ C0+ A4+ @4\ G4+ G2\ F1+ D0/ H4\ H3+ G1+ D0/ B4\ F7+ C2+ A2+ @2/ C1+ F0\ F11\ E0/
Trax_7106943 ypercube vs. Traxplayer : @0/ B1\ B2\ C2\ B3/ A3/ D2+ B4+ E2/ A0/ @3\ @2+ C6\ D7/ F5+ H2\ G0+ H6\ B8+ F7+
Trax_7106944 Traxplayer vs. ypercube : @0+ A2+ A0+ B3+ A4+ @3\ C1\ @3\ @3\ D0/ F2+ D0/ G2+ B3+ F5\ C0\ B1\ F7\ @6\ H6+
Trax_7109712 jazzbeth vs. Thud : @0/ A0/ B2/ B3/ C3/ B1+ B0/ B0/ A2+ @4+ @3/ RESIGN
Trax_7109951 * vs. JiffyJeff : @0+ A2/ A0/ @2+ C1+ D2/ B4/ @2+ A4/ C5/ D4/ D6/ @3+ B5/ D6/ D7/ F7\ G1\ F8/
Trax_7115261 lemming vs. Rogue Trooper : @0/ A0/ A0/ A0/ B2+ @1+ @2\ C5/ B6+ D0\ E2/ @2/ F6+ G3+
Trax_7115261 Red Panda vs. Rogue Trooper : @0/ A0/ A0/ A0/ B2+ @1+ @2\ C5/ B6+ D0\ E2/ @2/ F6+ G3+
Trax_7115758 dgb vs. Traxplayer : @0/ @1/ A0/ @1/ B0/ A0/ @1+ @2+ D5/ E2/ @3\ C4+ F1/ RESIGN
Trax_7115759 Traxplayer vs. dgb : @0+ A0+ A0+ B1+ @2\ @2\ @2\ @2\ C0+ A4+ F3\ B0+ B0/ B0/ A2+ @5+ @5\ @2+ RESIGN
Trax_7116486 jaha vs. ypercube : @0/ @1/ A0/ @2/ B0+ B0/ B0/ @3/ @3/ C2+ B1+ @3/ C4/ E0/ D0+ @3/ C1+ D0/ B7/ G5+ C8/ H8/ RESIGN
Trax_7118913 jazzbeth vs. golfnutrof : @0+ A0\ B2\ @2/ B3/ @1\ B0/ D2+ B4/ D5+ C0+ E3+ F4/ E5+ F2/ G2/ D0\
Trax_7120870 ypercube vs. Traxplayer : @0/ @1/ B2/ C2+ B3\ D1\ B0/ B0/ C0\ B0/ @1+ C0/ @1+ G1+ F0/ H5+ A4\
Trax_7121366 Traxplayer vs. jazzbeth : @0/ @1/ @1/ A0+ B0+ B0/ C5+ @4/ E3+ E5\ F1/ D0+ F6+ G5+ F7/
Trax_7122934 ypercube vs. Traxplayer : @0/ @1/ B2/ C2+ D2\ B3/ A3/ D4+ C5\ B6+ B7\ C8/ B9\ D6+ @2+ E10\ F8+ @3\ F11\ D10+ @3\ D11\ C8+ F12+
Trax_7123673 Chad vs. lemming : @0/ A0/ B2/ B3/ C3/ B4+ D3/ D2/ @2/ @2+ A0+ F2+ D0+ C0+ @4\ B1\ C0/ A4+
Trax_7123673 Chad vs. Red Panda : @0/ A0/ B2/ B3/ C3/ B4+ D3/ D2/ @2/ @2+ A0+ F2+ D0+ C0+ @4\ B1\ C0/ A4+
Trax_7123674 lemming vs. Chad : @0+ @1+ A2+ @1+ C0\ D2+ B0/ C0\ B0/ A3+ D1+ E3+ F3\ @5/ F6/ E7+ H6\ H7+ A3+
Trax_7123674 Red Panda vs. Chad : @0+ @1+ A2+ @1+ C0\ D2+ B0/ C0\ B0/ A3+ D1+ E3+ F3\ @5/ F6/ E7+ H6\ H7+ A3+
Trax_7126384 Chad vs. lemming : @0/ @1/ A2+ A3/ @2/ D1+ E2/ F2/ G2/ H2/ I2/ G3+ D4+ G0+
Trax_7126384 Chad vs. Red Panda : @0/ @1/ A2+ A3/ @2/ D1+ E2/ F2/ G2/ H2/ I2/ G3+ D4+ G0+
Trax_7126385 lemming vs. Chad : @0+ B1\ @1\ B0\ B3+ C4/ C5/ @2\ @2+ A1\ A3/ @1\ B6+ A6/ @6+ C7+ A1+ C0/ @5\
Trax_7126385 Red Panda vs. Chad : @0+ B1\ @1\ B0\ B3+ C4/ C5/ @2\ @2+ A1\ A3/ @1\ B6+ A6/ @6+ C7+ A1+ C0/ @5\
Trax_7126522 Chad vs. lemming : @0+ A0+ B2+ C2+ @2\ E2/ E1/ F1/ C0+ D0+ G3/ G0+ H3\ E0\ D1\ C1+ B2\ A3+
Trax_7126522 Chad vs. Red Panda : @0+ A0+ B2+ C2+ @2\ E2/ E1/ F1/ C0+ D0+ G3/ G0+ H3\ E0\ D1\ C1+ B2\ A3+
Trax_7126523 lemming vs. Chad : @0+ A0\ A3/ @2\ @2\ B1\ @3/ C4+ A1\ @3+ C0/
Trax_7126523 Red Panda vs. Chad : @0+ A0\ A3/ @2\ @2\ B1\ @3/ C4+ A1\ @3+ C0/
Trax_7128184 dgb vs. lemming : @0+ @1+ C1\ C2\ B3\ A2+ A0+ B5/ B6/ D3\ D4\ E5/ D1+ RESIGN
Trax_7128184 dgb vs. Red Panda : @0+ @1+ C1\ C2\ B3\ A2+ A0+ B5/ B6/ D3\ D4\ E5/ D1+ RESIGN
Trax_7128185 lemming vs. dgb : @0+ B1+ A2+ @1+ C2\ D2\ B0/ D4\ B0/ B0/ E5/ E4+ F5+ F7/ G5\ B7+ F4/ F3/ H4+ I4\ D2+ G2+ G8\ H8\ D0/ E1+ I4+ F1+ E0/ D1+ H3+ J3/ J2/ G1+ H0+ F1\ K1/ K0/ K6+ L5\ J7+
Trax_7128185 Red Panda vs. dgb : @0+ B1+ A2+ @1+ C2\ D2\ B0/ D4\ B0/ B0/ E5/ E4+ F5+ F7/ G5\ B7+ F4/ F3/ H4+ I4\ D2+ G2+ G8\ H8\ D0/ E1+ I4+ F1+ E0/ D1+ H3+ J3/ J2/ G1+ H0+ F1\ K1/ K0/ K6+ L5\ J7+
Trax_7128270 Traxplayer vs. lemming : @0/ A2/ @2\ C1+ B3+ B0/ D3\ @3\ C0/ E2+ F4+ D6/ B2\ D0/ D0/ C2+ C0+ B2\ C0/ B2\ @8+ F3/ G5\ H7\ D0+ A8+ I8\ G10\ J9+ A10+ I7/ E12/
Trax_7128270 Traxplayer vs. Red Panda : @0/ A2/ @2\ C1+ B3+ B0/ D3\ @3\ C0/ E2+ F4+ D6/ B2\ D0/ D0/ C2+ C0+ B2\ C0/ B2\ @8+ F3/ G5\ H7\ D0+ A8+ I8\ G10\ J9+ A10+ I7/ E12/
Trax_7128271 lemming vs. Traxplayer : @0+ B1+ C1/ @1\ B2\ C0+ A1\ C0/ C5/ @1/ A0+ @4/ A5+ @3\ B2+ @4/ A5/ A6+ @4+ F6+ A2\ E6/
Trax_7128271 Red Panda vs. Traxplayer : @0+ B1+ C1/ @1\ B2\ C0+ A1\ C0/ C5/ @1/ A0+ @4/ A5+ @3\ B2+ @4/ A5/ A6+ @4+ F6+ A2\ E6/
Trax_7128278 ypercube vs. Traxplayer : @0/ @1/ C1/ D1/ C0+ D3+ C4+ @3+ D0/ D0/ F5\ F6\ F7+ G5+ F3+ E0+ C3+ H4\ G8+ D9\ A4+ @3/ A2+ D1+ I8+
Trax_7128279 Traxplayer vs. ypercube : @0/ @1/ A0+ A3\ C1\ @3/ A4/ @3/ D0/ D0/ B4+ F4/ F2+ B2/ D0\ C1\ A3\ A2+ @4/
Trax_7128576 Chad vs. lemming : @0/ @1/ B2/ C2+ A2+ C3\ D2+ @2+ B0+ B0\ A2\ @2\ A1\ A0+ @5/ C6/ C7/ @2+ A1+ H4/
Trax_7128576 Chad vs. Red Panda : @0/ @1/ B2/ C2+ A2+ C3\ D2+ @2+ B0+ B0\ A2\ @2\ A1\ A0+ @5/ C6/ C7/ @2+ A1+ H4/
Trax_7128577 lemming vs. Chad : @0+ B1+ C1+ D1+ D2+ @1+ F2/ D0+ A1+ C3+ C4/ D0\ @3\ F5/ F6/ H3\ I3\ F1/ F0/ F0+ F0\ E1\ D1+ F0/ B8/
Trax_7128577 Red Panda vs. Chad : @0+ B1+ C1+ D1+ D2+ @1+ F2/ D0+ A1+ C3+ C4/ D0\ @3\ F5/ F6/ H3\ I3\ F1/ F0/ F0+ F0\ E1\ D1+ F0/ B8/
Trax_7128822 rabbitoid vs. Chad : @0/ @1/ A2+ C1/ C0+ @2/ D0/ E4\ C5/ B1/ E2+ F1\ E0\ D0/ G2+ D8+ E8+ C9\ G7\ H2\ H6+
Trax_7128958 Thud vs. Rogue Trooper : @0+ B1+ C1\ C2\ A2+ @1+ C3+ C0/ E2+ E0+ C6\ C7\ D0\ C1\ B2+
Trax_7128961 lemming vs. Rogue Trooper : @0+ B1+ @1/ A2/ B3/ @2+ B0/ B4+ B5/ A5/ @1\ A0/
Trax_7128961 Red Panda vs. Rogue Trooper : @0+ B1+ @1/ A2/ B3/ @2+ B0/ B4+ B5/ A5/ @1\ A0/
Trax_7128970 JiffyJeff vs. * : @0/ A2\ B2\ B3+ C3+ A0/ @3+ A1\ B0/ @3+ D1+ E4+ F5\ C0/ B1+ B7\ F7+ F8+
Trax_7129850 Chad vs. lemming : @0/ @1/ A0/ A0/ A4/ B1/ @1+ C0/ @3\ E4+ E6+ @5+ A6/ A7+ @5+ G7/ H6+ E8/
Trax_7129850 Chad vs. Red Panda : @0/ @1/ A0/ A0/ A4/ B1/ @1+ C0/ @3\ E4+ E6+ @5+ A6/ A7+ @5+ G7/ H6+ E8/
Trax_7129851 lemming vs. Chad : @0/ @1/ @1/ A0/ @1/ A0/ @1/ @1/ G3+ G2+ H2/ C0/ F5/ C4+ H2/ H1\ D2+ B4+ B5+ F2+ F1/ F0/
Trax_7129851 Red Panda vs. Chad : @0/ @1/ @1/ A0/ @1/ A0/ @1/ @1/ G3+ G2+ H2/ C0/ F5/ C4+ H2/ H1\ D2+ B4+ B5+ F2+ F1/ F0/
Trax_7132187 Chad vs. lemming : @0/ A0/ B2/ C2/ @2/ A0/ B4+ D2/ B1+ C0+ E3+ B6+ E6+ F5\ C7+ G4/ F3+ G6\ G7\ H6/
Trax_7132187 Chad vs. Red Panda : @0/ A0/ B2/ C2/ @2/ A0/ B4+ D2/ B1+ C0+ E3+ B6+ E6+ F5\ C7+ G4/ F3+ G6\ G7\ H6/
Trax_7132188 lemming vs. Chad : @0+ A0+ A3+ @3+ B4+ A1/ C2\ B0\ D4\ C5+ C6\ D6\ D7\ E5/ F5+ F4/ E3/ D2/ C8/ B6+ F8\ G6/ E9/
Trax_7132188 Red Panda vs. Chad : @0+ A0+ A3+ @3+ B4+ A1/ C2\ B0\ D4\ C5+ C6\ D6\ D7\ E5/ F5+ F4/ E3/ D2/ C8/ B6+ F8\ G6/ E9/
Trax_7132396 jaha vs. lemming : @0/ A0/ B2/ B3/ C2+ D2/ B4\ B5\ E2/ D3+ C1+ @2\ C0/ E1+ G2+ E0/ F0+ F7/ G7+ H4+ E1+ C2+ H1+ I2+ I5+ G8\ G0+ B3\ A3+ D1+ E1/ E0/
Trax_7132396 jaha vs. Red Panda : @0/ A0/ B2/ B3/ C2+ D2/ B4\ B5\ E2/ D3+ C1+ @2\ C0/ E1+ G2+ E0/ F0+ F7/ G7+ H4+ E1+ C2+ H1+ I2+ I5+ G8\ G0+ B3\ A3+ D1+ E1/ E0/
Trax_7133932 JiffyJeff vs. Chad : @0/ A0/ @1/ @1/ D2/ C3/ A0/ @2/ B0/ A4\ D2/ E2/ C1+ D0\ C5+ F1/ F0/ F7\ A7/ G4/
Trax_7134519 ypercube vs. Traxplayer : @0/ @1/ C1/ D1/ D2/ D3/ C0+ A3/ C4/ @2+ F4+ E5\ D6\ G3+ D0/ D0/ @5\ @5\ E2+ B2+ C1\ D0\ H2+ @5\ B4+ @5\ G8+ F0/ G1/ A7/ I2+ C8/
Trax_7138266 Traxplayer vs. Chad : @0/ A0/ @1/ C1\ D1\ B0/ B0/ C0\ B0/ E2+ A0\ @4+ C0/ D1/ G1+ F0/ H4\ G5+ I3/ I2/ I1/ E0\ D1+ I1+ RESIGN
Trax_7138441 jazzbeth vs. Rogue Trooper : @0/ A0/ B2/ A3/ C3/ A4+ @4/ A5/ C5+ @5/ E2+ E1/ B6+ A7\ B8/ @4\ C3+ B2+ G5+ G6\ G7\ H7\ H8\ I5+ J6+ G1/ H1+ A1/ A0+ F1+
Trax_7140984 jazzbeth vs. ypercube : @0/ @1/ B2/ @1/ A2/ D2+ A3+ B4+ @2/ F2/ G2/ F0+ D1+ E0+ D0/ E8\ F7+ D9/ C8+ F9\ G7/ E10\
Trax_7145172 davidmilne vs. lemming : @0/ A0/ B1+ B3/
Trax_7145172 davidmilne vs. Red Panda : @0/ A0/ B1+ B3/
Trax_7145173 lemming vs. davidmilne : @0/ A0/ @1/ C2+ B3+
Trax_7145173 Red Panda vs. davidmilne : @0/ A0/ @1/ C2+ B3+
Trax_7145174 davidmilne vs. dgb : @0/ A0/ B1+ A3+ A0/ A0/ @3+ D1/ C0\ E2/ E4\ F3/ F5+ D1+ E7+ G7\ F8/ D8+ A0+ @4+ I7+ I6+ J7\ K7\ I4/ G3/ E10/ E1/ F0\ H1+ RESIGN
Trax_7145175 dgb vs. davidmilne : @0/ A0/ @2+ @2\ D2/ D1+ @2\ C0+ B4/ F3/ G2\ D0\ G5\ RESIGN
Trax_7145176 davidmilne vs. Chad : @0/ A0/ B1+ @2+ C3+ B4\ A3+ @3/ B5+ E2\ E3\ B6\ B7\ B8\ F4/ D6+ E8\ C9+ G2/ F1+ E6+ C0/ C0/ A3\ @3\ A6+ I5\ I6+
Trax_7145177 Chad vs. davidmilne : @0+ A0/ B2+ B3+ B4/ A4/ A5/ @2+ B0/ C7+ D5/ B8\ D1/ RESIGN
Trax_7145178 lemming vs. dgb : @0+ B1+ C1/ D1/ C2/ D0/ E1/ B0+ A1\ D0/ D0\ B2+ @5/ @4+ B2+ @2/ H7+ I4+ F8/ E8/ D6+ E9/ C9+ B9\ C1+
Trax_7145178 Red Panda vs. dgb : @0+ B1+ C1/ D1/ C2/ D0/ E1/ B0+ A1\ D0/ D0\ B2+ @5/ @4+ B2+ @2/ H7+ I4+ F8/ E8/ D6+ E9/ C9+ B9\ C1+
Trax_7145179 dgb vs. lemming : @0+ @1+ C1\ C2\ B3\ A0/ A0/ D4+ D5+ D6/ D7/ C8\ E8+ @3+ A4/ B6+ A1\ @5\ B0/
Trax_7145179 dgb vs. Red Panda : @0+ @1+ C1\ C2\ B3\ A0/ A0/ D4+ D5+ D6/ D7/ C8\ E8+ @3+ A4/ B6+ A1\ @5\ B0/
Trax_7145180 lemming vs. Chad : @0+ A0+ A3+ B1+ A0+ @3/ C4\ @3/ C5+ A2\ @4\ C5+ C0/ E7/ A1\ @4/ C0\
Trax_7145180 Red Panda vs. Chad : @0+ A0+ A3+ B1+ A0+ @3/ C4\ @3/ C5+ A2\ @4\ C5+ C0/ E7/ A1\ @4/ C0\
Trax_7145181 Chad vs. lemming : @0/ A0/ @1/ A0/ @1/ A0/ D3+ C5/ B5/ D2/ C1/ A0/ A0/ @1+ @2\ A5+ @4/ D0/ G4+ F0/ G3+ C1\ B1\ D0/
Trax_7145181 Chad vs. Red Panda : @0/ A0/ @1/ A0/ @1/ A0/ D3+ C5/ B5/ D2/ C1/ A0/ A0/ @1+ @2\ A5+ @4/ D0/ G4+ F0/ G3+ C1\ B1\ D0/
Trax_7145182 dgb vs. Chad : @0/ A0/ @1/ @1/ D1/ B0\ @2/ D0/ C0\ B1\ B5+ @4/ @5\ C3+ B2+ G6+ H3\ B6+ E7\ F7\ G8/
Trax_7145183 Chad vs. dgb : @0/ @1/ A0/ @2+ @2/ C0\ C0\ A5/ A6+ @5+ B3+ @5+ F1/ E0\ B3\ A3\ @6/ C2/ D2/ A2\ C1+ A5+ @2/ A3/
Trax_7148075 JiffyJeff vs. Rogue Trooper : @0/ A0/ A3/ A4/ @3+ C4+ D1+ @3+ A1\ A0\ @3+ D1/ B0\ G4/
Trax_7150705 ypercube vs. dgb : @0/ A0+ A0\ @2\ @2\ A1\ D3/ @2+ @3+ G2\ E0\ D5+ @5+ E6/ B3\ E7/ @5\ A6+ H5+ J3\ A8+ J6\ I8+ K5\
Trax_7150715 Traxplayer vs. lemming : @0/ @1/ @1/ @1/ C0+ D3+ E3\ B4/ C0/ C0/ F4/ F3/ @3\ A2+ A1/ B1+ H5\ H6\ @4/ A5/ A6/ A7+ RESIGN
Trax_7150715 Traxplayer vs. Red Panda : @0/ @1/ @1/ @1/ C0+ D3+ E3\ B4/ C0/ C0/ F4/ F3/ @3\ A2+ A1/ B1+ H5\ H6\ @4/ A5/ A6/ A7+ RESIGN
Trax_7150767 Rogue Trooper vs. thebodywall : @0+ B1+ A2\ B0/ C1/ B0\ A1\
Trax_7151696 Lorraine of the Renegades vs. * : @0/ B1/ A0\ @1\ D2\ B3+ C0/ D1/ E2/ A0\ @2/ F1/ F0/ G4/
Trax_7156997 jaha vs. JiffyJeff : @0/ @1/ A0/ A3\ C2/ A0/ B2+ @3+ B5+ A5/ @1\ B0/ E5\ F3\ A6+ RESIGN
Trax_7157232 ypercube vs. lemming : @0/ @1/ B2/ C2/ B0/ A0/ B5/ C2+ D3/ A5/ @4/ C6+ B7\ F6+ E7\ C8/ @1\ C0+ H4/ RESIGN
Trax_7157232 ypercube vs. Red Panda : @0/ @1/ B2/ C2/ B0/ A0/ B5/ C2+ D3/ A5/ @4/ C6+ B7\ F6+ E7\ C8/ @1\ C0+ H4/ RESIGN
Trax_7161060 golfnutrof vs. Rogue Trooper : @0/ A0/ B2/ B3/ @2/ B0/ @1/ A3/ B0+ @1+ @2+ C0/ B0+ A1\ @2+ A5+ @2\ A0\ @2/ E1/ B0\ G3+ H4+ G1/ H1/ I1/ E1+ D0/ A2\ @4\
Trax_7161110 Nukkle Dragger vs. jazzbeth : @0+ A2+ A3+ B3/ @3/ C4/ A1\ @3/ @1+ B0+ C1/ D1+ E1/ F2/ C0+ F6\ G5\ F7/
Trax_7169460 golfnutrof vs. jaha : @0/ @1/ A0/ @2+ @2/ C0\ C0\ C0\ D3+ D6\ E5/ E2+ F5\ E6+ F6+ E7/ F7+ B2+ A2/ @3\ B1+ G3+ H5\ H3+
Trax_7169534 Rogue Trooper vs. kidgame2001 : @0+ @1/ A0/ A0\ @3/ A1+ B4+
Trax_7174196 Traxplayer vs. * : @0/ A2/ @2\ C1+ B3+ D1+ B0\ A1\ A0\ @4\ @4\ C0\ @2+ @4/ B5+ C6+ @3/ A2/ @2/ E0+ I2+ I1/ E0/ J3+ I9/ J9+ B3+ F0\ @5/ B6+
Trax_7174894 JiffyJeff vs. Linda Sue : @0/ A2+ @2+ A3\ C2+ D2+ E2+ D3\ C4+
Trax_7174895 Linda Sue vs. JiffyJeff : @0+ @1/ B0\ C2\ B3/ D3/ @2/ B3/ B4/ A3/ @3/ A4/ @4/ C5+
Trax_7177134 dgb vs. Traxplayer : @0/ @1/ @1/ D1/ C2\ C0+ B4/ E1\ F1\ A0\ @1\ H2\ F4+ D1/ B0+ RESIGN
Trax_7177545 ypercube vs. dgb : @0+ B1+ B2\ A0/ B4\ B5+ C2/ D3+ E3/ F2\ G3/ D1+ D5/ E4+ H1+ E0+ H4+ H0+ I5\ I7+ D8+ E9/ I1/ J5+ D2+ F0/ @5\ F1\ A6+ F0/
Trax_7180998 dgb vs. Traxplayer : @0+ @1+ C1\ @1/ C2\ B0+ B3+ @3\ C4+ D5/ @3\ C5/ E6/ B6+ F5+ B7/ @3+ H5\ H7\ E7+ I6\
Trax_7181079 jazzbeth vs. thebodywall : @0/ B1\ A2/ @2+ @1/ A0+ B0+ D2+ E2/ F3\ E4+ G2/ G1/ G0/ H3+ E6\ F5\ H6\ I6\ G7+ I8\ G8+
Trax_7181411 dgb vs. Traxplayer : @0/ @1/ B0+ @2+ A0/ B4\ D2\ @2+ F2+ D1/ C0\ @2+ G1/ RESIGN
Trax_7181412 Traxplayer vs. dgb : @0+ B1+ C1/ D1/ D2/ @1\ B0\ C3/ B0+ @3\ A4/ C5/
Trax_7185883 Chad vs. ypercube : @0/ B1+ C1/ B0/ B0/ B0/ B0+ C2+ D2/ @5/ D1+ B1\ B0\ A4+ @4/ B0/ A1+ @3+ D8+ @4/ B5+ H6+ I5\ H8\ H9\ I8/
Trax_7185884 jaha vs. rabbitoid : @0/ A2+ A3/ B3/ A4/ @1/ D4\ RESIGN
Trax_7186080 lemming vs. jaha : @0/ A0/ A3/ A4/ @3+ C4+ D3+ C0+ C0\ C7/ C8+ A7+ E4\ A8/ @6\ E6\ E9/ B2+ A3\ @3\ A2\ RESIGN
Trax_7186080 Red Panda vs. jaha : @0/ A0/ A3/ A4/ @3+ C4+ D3+ C0+ C0\ C7/ C8+ A7+ E4\ A8/ @6\ E6\ E9/ B2+ A3\ @3\ A2\ RESIGN
Trax_7188891 gigino42 vs. * : @0/ A0/ B1/ C2+ B0\ B4+
Trax_7188895 Traxplayer vs. golfnutrof : @0/ @1/ B0/ @1/ A0+ B0\ D3+ @3/ A4/ @2\ A1\ A0\ F2+ F1/ F0+ G3\ A1+ RESIGN
Trax_7189233 ypercube vs. Traxplayer : @0+ B1+ B2+ C2+ C3+ D3+ D4+ E4/ C4/ C5/ B5/ F3\ C6+ A6\ B7+ E6+ B0\ @6+ D1+
Trax_7191002 ypercube vs. Traxplayer : @0/ @1/ B0/ @1+ C0/ D1/ A0+ @1\ E0+ @3/ A4/ G5+ F6\ H3/ H2+ B1\ E0/ H2/
Trax_7191536 * vs. JiffyJeff : @0/ @1/ C1/ D1/ C0+ A3/ C4+ B5+ C0/ @6/ B7+ A2+ RESIGN
Trax_7191886 ypercube vs. Traxplayer : @0/ @1/ B2/ C2/ C3/ D3/ D4/ E4/ E5/ F5/ F6/ G6/ G7/ H7/ H8/ I8/ I9/ J9/ J10/ K10/ K11/ L11/ L12/ M12/ M13/ N13/ N14/ O14/ O15/ P15/ P16/ Q16/ Q17/ R16/ S17/ S18/ T17/ S16/ S15/ T16/ U16/ R18/ Q14+ T19+ V19+ W18+ P17/ O17/ O18/ N15+ T14/ RESIGN
Trax_7198512 Lorraine of the Renegades vs. * : @0/ B1\ A2/ @2+ C0\ B0/ B5\ C5\ B6\ D3\ E3/ D0/ E1/ A1\ B0\ @3\
Trax_7200003 jazzbeth vs. golfnutrof : @0/ @1/ B2/ C2/ B3+ D3/ C4+ E3+ E5/ E6/ F5+ F3+ E7\ E2/ G2\ A3/ A4/ A5+ H4+ H5+ I4/ F1\ @3+ F0/ C1+ A2+ C0\ @3\ B0+ H2+ K5/ L6\ E10+ F11/ G1+ C0\ F13/ D12+ @5+ @5\ F1+ E12+ D11+ C10+ L4+ J1\ I0/ I0/ G2+ G1/ I0/ B5+ K3+ E3\ F1+ C4+
Trax_7204649 JiffyJeff vs. Rogue Trooper : @0/ A0/ move A0/ @1/ B0/ @2/ C0/ A4/ D2+ A5/ B6+ @3+ @5\ @5\ H4+ F7\ I4/ J3\ H1+ K2\ I6\ I7\ J5+ G7+ H8/ K3\ A6+ I1+ B4+
Trax_7205551 Traxplayer vs. Chad : @0/ A0/ @1/ A0/ @1/ @1/ C0+ D2+ E3+ A3/ C4+ F3\ G3\ G5/ A5/ @5/ G5+ E6\ I3\ H2/ I6\ J5/ H7/ G7/ F1\ A1+ RESIGN
Trax_7205777 jaha vs. ypercube : @0/ @1/ A0/ B3/ @2\ @2\ @2\ E4/ B3+ D5\ F5+ C1+ D0/ C7/ B7+ D0/ F3+ G6\ H5+ H2/ I4\ F8+
Trax_7211201 Rogue Trooper vs. lemming : @0+ @1/ B0+ C2\ C3\ D3\ A4+ B5+ E3\ @4/ A5/ A6+ @5+ G6+ E7/
Trax_7211201 Rogue Trooper vs. Red Panda : @0+ @1/ B0+ C2\ C3\ D3\ A4+ B5+ E3\ @4/ A5/ A6+ @5+ G6+ E7/
Trax_7218346 Traxplayer vs. lemming : @0/ @1/ A0/ A0/ A4/ B2/ C2/ C1/ @1+ D0+ @4+ B6+ F5+ E6/ @4+ H5/
Trax_7218346 Traxplayer vs. Red Panda : @0/ @1/ A0/ A0/ A4/ B2/ C2/ C1/ @1+ D0+ @4+ B6+ F5+ E6/ @4+ H5/
Trax_7218518 ypercube vs. Traxplayer : @0/ @1/ B2/ C2/ C3/ D2/ E3/ C4+ E5/ C5/ E6/ F5\ G5+ G6\ F7\ F8\ G8\ H5+ G2/ H4+ A0/ @1/ C7/ E8+ F2+ I10/ J10+ D10/ G11+ C9\
Trax_7220167 Chad vs. lemming : @0/ @1/ C1/ D1/ D2/ E2/ E3/ B0\ C3/ F3/ E2/ C4/ A3+ C0+ @4\ G2+ H4+ G6\ H6\ I6\ A2\ @4\ D0/ C6/ A7/ @5+ J3/ J1+ G0/ I1+
Trax_7220167 Chad vs. Red Panda : @0/ @1/ C1/ D1/ D2/ E2/ E3/ B0\ C3/ F3/ E2/ C4/ A3+ C0+ @4\ G2+ H4+ G6\ H6\ I6\ A2\ @4\ D0/ C6/ A7/ @5+ J3/ J1+ G0/ I1+
Trax_7220238 rabbitoid vs. Traxplayer : @0/ @1/ B2+ B0\ A4\ @3+ B1+ D2+ E2\ F2\ E1+ B5/ E4+ E5/ D6\ G3+ H3+
Trax_7223506 gigino42 vs. dgb : @0+ B1+ A2\ B0/ A1+ C2+ A0/ B5\ C4+ D4\ D5\ C6+ C7+ A6/ @3+ C7/
Trax_7223507 dgb vs. gigino42 : @0+ @1\ C1\ B2/ @1\ C3/ B0+
Trax_7223510 gigino42 vs. Traxplayer : @0+ B1+ A0/ A3/ B3+ @2+ @2\ C4+ C5+ E2\ @2\ A3/ B4/ @3\
Trax_7223511 Traxplayer vs. gigino42 : @0/ @1\ B0\
Trax_7223512 dgb vs. ozallan : @0/ B1\ A2/ B2+ C2\ @2/ C3+
Trax_7223513 ozallan vs. dgb : @0/ A0/ @2\ B0\ A2+ @2\ A1\ @1\ B0/ A4/ E3/ @4\
Trax_7223514 dgb vs. Traxplayer : @0/ @1/ B0+ @2+ A0/ B4\ D2\ @2+ @2/ C0\ B4+ @4\ @4\ @4\ D2+ A5/ @5/ E6\ F6\ G7/
Trax_7223515 Traxplayer vs. dgb : @0/ A0/ @1/ B0+ C3/ B4+ D3/ D2+ B0/ B0/ B0/ D3+ C8+ @4\ A3/
Trax_7223516 ozallan vs. Traxplayer : @0/ @1/ B0\ @2\ B1+ B0\ A2\ @2\ B1\ @3/ @3/ C4/
Trax_7223517 Traxplayer vs. ozallan : @0/ B1\ A2/ B2+ @2\ A1+ B0+ C1+ B4+ D1\ @3/ E2+ B4/
Trax_7225440 ypercube vs. Traxplayer : @0/ @1/ B2/ C2+ D2\ B3/ C4+ D5/ C6\ D7/ E3/ A0\ @1\ E2+ G3+ B5+ A5/ B6/ G8\ E9+ B7/ A7/ @7+ B8+ B4+
Trax_7226585 * vs. JiffyJeff : @0+ @1\ A2/ @2/ A3+ @3+ E1\ B4\ D2+ D5/ C0\ F2\ G2\ E6+ C6/ E7\ E8+ F8\ B8/ RESIGN
Trax_7227433 Chad vs. Rogue Trooper : @0+ B1+ C1+ @1+ A2\ B0/ A4\ @2+ C0/ C6/ A5\ B2+ @4\ E6\ E7\ G4/
Trax_7236530 dgb vs. Traxplayer : @0/ @1/ B0+ A3\ C1\ A0/ A0/ D3\ E3\ C2+ D1+ @5\ A6/ @6/ A7/ @6\ A5\ @5\ A4\ @4\ D3+ @6+ A8+ C9+ H7+ RESIGN
Trax_7236531 Traxplayer vs. dgb : @0/ A0/ @1/ B0+ C3/ @2\ B3/ D1\ B4+ @2+ @3\ @3\ B1+ A0/ E1/ H5\ F6+ D2+ A0/ D6+
Trax_7239015 * vs. Chad : @0+ A0/ B1/ C1/ C3+ D3\ E3+ C4+ D0\ E0/ RESIGN
Trax_7240263 jazzbeth vs. JiffyJeff : @0/ @1/ B2/ B0\ B0\ C2\ D3/ E2\ D5+ F5+ F2+ C6\ B0+ A1\ D0+ G4\ G3+ D0+ B10/ A10/ A5+ @4+ A10+ B2+ D1+ F9+ D11+ B9+ A8+ H1/ I3+ B1+ D0/ C1+ I6+ H7+ @8/ A7+ @7\ B6\ A10/ A5\ B11/
Trax_7240302 * vs. Nukkle Dragger : @0+ A0+ A0+ B2/ @2/ A1+ A0\ @3/ D4\ E3/ C5+ E1/ C0+
Trax_7241468 jaha vs. Rogue Trooper : @0/ A0/ B2/ A3/ A4+ A5/ A6/ B5+ @6/ @5+ E4+ F2/ D1/ G3\ G4\ A3\ @3\ @3+ B2+ A2+
Trax_7252306 dgb vs. lemming : @0/ A0/ A0/ A0/ @3+ C4+ C5\ D2/ B6/ A6/ @6/ A7/ @7/ A8/ @5+ F0/ G1/ C3+ @5+ A8+
Trax_7252306 dgb vs. Red Panda : @0/ A0/ A0/ A0/ @3+ C4+ C5\ D2/ B6/ A6/ @6/ A7/ @7/ A8/ @5+ F0/ G1/ C3+ @5+ A8+
Trax_7252307 lemming vs. dgb : @0/ A0/ @1/ B0+ B4/ C4+ D3+ E2\ C1+ F2+ C0/ @3\ E0+ B2+ E6\ D7/ A2\ E8\ F8\ G7\ H7+ C8/ A5+ D9/
Trax_7252307 Red Panda vs. dgb : @0/ A0/ @1/ B0+ B4/ C4+ D3+ E2\ C1+ F2+ C0/ @3\ E0+ B2+ E6\ D7/ A2\ E8\ F8\ G7\ H7+ C8/ A5+ D9/
Trax_7252567 ypercube vs. Red Panda : @0/ @1/ B2/ C2/ C3/ D3/ D4/ E4/ E5/ F4/ F6/ G4+ H5+ I5/ J5/ G7+ F8\ H4+ F3/ G2\ A0/ G10/ F11\ G12/ @1\ B0/ L7\ L8\ A4/ @2+ L5/ M4\ N5/ G13/ H14\ F8\
Trax_7254928 dgb vs. Traxplayer : @0+ B1+ C1\ B2\ B3\ A0/ @2\ B0+ @2+ A0/ F4/ F3/ F2/ G3\ E6+ C5/ @3\ F1+ @1\ A0\ D1+ @2+ G0/ H1/ J7\ J8\ G9/ F9/ F0\ E2+ D2\ C1/ A6+
Trax_7257373 Traxplayer vs. Chad : @0/ A0/ @1/ @1/ D1\ B2+ A0+ B0\ E3\ @3/ B5/ B6+ B7\ D5+ A7\ @6/ H3/ G2\ E6+ F4+ D8/ F8\ RESIGN
Trax_7259985 JiffyJeff vs. Rogue Trooper : @0/ A0/ @1/ B0/ @1/ B3/ C4+ D4\ D5\ E2+ F5+ E6/ C7+ G5/
Trax_7263504 rabbitoid vs. dgb : @0/ A0/ A3+ B3+ B4\ C4\ D4+ B5+ A5/ @1\ A0/
Trax_7263505 dgb vs. rabbitoid : @0/ @1+ C1/ B2+ C3/ D1+ B0+ E2/ E3+ B0/ B0/ @4\ F3/ G3/ A5+ @5/ A6/ H2/
Trax_7263508 NetKissa aka Knit This vs. dgb : @0/ A0/ B1/ C2+ A3/ D1\ C0+ A1\ @2+ C0+ A2\ B0/ @4\ @4\ B2+ D0/ B7\ E8+ B0+ A2\ @4+
Trax_7263509 dgb vs. NetKissa aka Knit This : @0+ B1\ @1\ A0\ A0+ C2+ A0+ B5/ @5+ @4+ @4\ B5/ B6/ E1+ F6\ G3/ E7/
Trax_7263510 lemming vs. dgb : @0+ B1+ C1/ D1/ D2/ E1+ C2/ A0/ F2/ G2/ D4+ D5/ D6/ E5+ D7+ B6+ A5+ F5\ C7/ F8\ G6+ C8/ B8/ D9\
Trax_7263510 Red Panda vs. dgb : @0+ B1+ C1/ D1/ D2/ E1+ C2/ A0/ F2/ G2/ D4+ D5/ D6/ E5+ D7+ B6+ A5+ F5\ C7/ F8\ G6+ C8/ B8/ D9\
Trax_7263511 dgb vs. lemming : @0/ A0/ B1+ C1/ @2/ A0+ @2\ B0/ A2\ @2+ @3+ E5+ G4+ C0+ B1\ B0\ A2\ C0/ D1/ E1/ F1+ B0\ A3\ @4+ F0+ G1/ H5\ G6+ H1+ F0\ I4\
Trax_7263511 dgb vs. Red Panda : @0/ A0/ B1+ C1/ @2/ A0+ @2\ B0/ A2\ @2+ @3+ E5+ G4+ C0+ B1\ B0\ A2\ C0/ D1/ E1/ F1+ B0\ A3\ @4+ F0+ G1/ H5\ G6+ H1+ F0\ I4\
Trax_7276300 JiffyJeff vs. jaha : @0/ A0/ @1/ A0/ C2/
Trax_7282438 Rogue Trooper vs. golfnutrof : @0+ A2/ @2\ B0/ C1/ A2\ A0+ D2/ C4+ @1\ @1\ A0\ @1\ D0+ B0+ C7/ C8/ G3+ @2+
Trax_7282568 jaha vs. dgb :
Trax_7283751 Traxplayer vs. Rogue Trooper : @0/ A0/ @1/ A0/ @1/ A0/ @1/ A0/ E4/ @2+ B0\ @3/ C4/ A5+ B6/ B7/ G7\ H5+ F8/ E6/ B8/ E3/ B9\ C9+ C8/ H7\ I5\ F4+ D8+ G9+ E10/
Trax_7285884 Traxplayer vs. JiffyJeff : @0/ @1/ A0/ A3\ @2\ B0/ D3/ C2/ B5\ B6\ A6+ @5+ @5\ E4+ G4/ F2/ B3\ A3+ F5+ G3/ H3/ G6+ C7/ F1\ D8\ E8\ I5+ G2+ E9+ I7+
Trax_7286263 Red Panda vs. Traxplayer : RESIGN
Trax_7288457 jaha vs. Chad : @0/ @1/ A0/ A0/ @3+ A4/ B4+ @3\ B0+ @5/ A6/ C0/ @6+ A8\ A9\ F1/ D0/ F5+ G4\ H5/ C1\ B3\
Trax_7288642 * vs. gigino42 : @0+ @1\ B2+ C1+ B0+ C1+ D2\ @2+ C0+ E2+ C5+ @3+ D0+ C5+ D0+ E3/ D0+
Trax_7288737 jazzbeth vs. Nukkle Dragger : @0/ A2\ B1/ B2+ A0+ @1\ @1+ A3\ @3\ B4\ B5+ B0/ B0/ A1\ B0/ @3/ A4/ @2\ B1/ @3+
Trax_7299003 Rogue Trooper vs. * : @0+ @1+ A2\ B0/ C1/ D1+ C3+ @3/ A4+ F1+ F3\ D4\ C5+ G3\ C0+ B2\ A6/ C7/ @4+ H5\ H6+ H7/ F8+ A6+
Trax_7303863 jaha vs. Traxplayer : @0/ @1/ A0/ @2/ B0+ @3+ C4+ E3/ D1\ C5/ B6\ C0/ C0/ F6\ D7+ G5/ G4/ A7+ A2+ @5\ F3+ E9\ F9\ G9+ E10+ A8/
Trax_7304949 Rogue Trooper vs. Traxplayer : @0+ B1+ A2\ B0/ B0/ C3+ C4+ B5+ D4/ E3\ D5+ C6+ B6/ F4+ C0/ D1+ D8/ C9/ C0/ C0/ B1+ A2+ E2\ D0+ D6+ F7+ @7\ H7\ B11+ I7\ C12/ F0/ G1+ I10\ H11/
Trax_7306257 * vs. rabbitoid : @0+ A0+ A3+ @2\ C1/ B0\ @1+ C0+ @3\ C5+ A4/ @4/ F4\ G5/ E0/ G1+ H5\ F0\ C7+ E8/ @7\ F0/ E3+
Trax_7309620 ypercube vs. golfnutrof : @0/ @1/ C1/ C2/ D1/ C3/ C0+ A3/ @3/ A4/ @1+ D0+ A0+ B7+ C0/ D1/ @7+ A8/ @5\ A4\ A8/ @5+ C9+
Trax_7313885 Chad vs. Red Panda : @0/ A0/ A3/ A4/ B2+ @1+ A0\ @5+ E3/ F2\ C0/ D1/ D7\ E7+ C8/ B7+ A2\ @5+ C8/
Trax_7317761 JiffyJeff vs. Traxplayer : @0+ B1+ B2/ B0/ C2/ D2/ E2/ D3+ C4\ D5/ D6/ F2\ D1+ D7/ A1+ C0/ @3\ F8\ G6+ F9/
Trax_7317762 Traxplayer vs. JiffyJeff : @0/ A0/ @1/ C1\ B0\ B4\ C4\ A3/ C5+ RESIGN
Trax_7318674 JiffyJeff vs. Chad : @0/ @1/ A0/ @1/ C3/ B0\ D3\ E3\ B0\ A1\ @2\ @2+ @2/ A3/ F1/ E0+ G2+ A2\ @4/ D5+ D2+ F0\ B7+ J6/ J5+ E0\ D1\ E8+ C3/ E9/ @5\ A4\ H9\ H10\ I8\
Trax_7326905 Rogue Trooper vs. Thud : @0+ B1+ A2\ A0\ @1\ @1+ C0+ D2/ B4+ @2+ A4/ B5\ @3+ A5+ A6\ D6+ F5+ G2+ G5\ H3/ D7\ F8+ @4\ C1\ B0/ C0+ I6+ F1/ E0/
Trax_7327029 Traxplayer vs. gigino42 : @0/ A2/ @1/ B3+ C3+ C4+ D2/ A3/ A4/ B0+ B6+
Trax_7334079 Rogue Trooper vs. Traxplayer : @0+ B1+ A2\ A0\ @1\ @1+ B3+ C4+ C0+ D1/ D0/ E4+ C7/ A6+ @3/ E0/ G3+
Trax_7334080 Traxplayer vs. Rogue Trooper : @0/ A0/ @1/ B0/ C1+ A0\ @3+ C0/ D1/ @4\ E0+ B1+ D0/ B7/ @4+ G5/ E8/ F9\ G7+ G9\
Trax_7334101 Traxplayer vs. Red Panda : @0/ A0/ @1/ A0/ @1/ A0/ @1/ A0/ E5/ E6/ @2/ @1/ C0+ A0+ @3/ B0/ B0/ A2+ @3+ E3+ B6/ E0/ RESIGN
Trax_7336309 jazzbeth vs. jaha : @0/ A0/ B2/ C2/ C3/ D2+ E2/ B1+ A3/ F2/ E3+ B4+ B5/ B6/ C5+ F4+ @5+ F1+ E0/ D1+ D8\ B8+
Trax_7336936 Rogue Trooper vs. Traxplayer : @0+ B1+ A2\ B0/ C1/ D1+ C3+ B4+ C5/ D4+ E2/ F1\ E5+ G5+ H3+
Trax_7337665 * vs. Daddy MBA : @0/ B1\ A2/ B0\ @2+ D1/ D0/ @2/ A1+ C0\ F3+ G3\ G5+ E6\ @2+
Trax_7338650 Rogue Trooper vs. Traxplayer : @0+ B1+ A2\ A0\ @1\ @2\ C0+ D1/ B4+ E3+ F1/ F0/ E5+ G2+ F0/ F6\ F7\ A3\ A2/
Trax_7341909 JiffyJeff vs. Linda Sue : @0/ A2\ B1/ B0/ @3\ A4\ @4/ A5/ A1\ @3/ B0/
Trax_7341910 Linda Sue vs. JiffyJeff : @0+ @1/ B0\ @2\ C0+ D3/ E2\ C0+ A3+ B5+ A2\ C0+
Trax_7342318 JiffyJeff vs. scret : @0/ @1/ @1/ A0/ D2/ D3/ @2/ F3\ F4\ F1/ G3+ C3+ RESIGN
Trax_7345396 Rogue Trooper vs. JiffyJeff : @0+ @1\ A0+ C2\ B3/ @3/ A4/ E3/ @2+ B1\ E1+ C0+ A1/ C0+ A1\ @1\ A3+ @4\ A2+ @4\ F6\ G7/ G1/ G0/ E0+ C8+ I4+
Trax_7347142 dgb vs. ypercube : @0/ @1/ @1/ A0/ @2/ A3/ B0/ E3/ C2+ B0/ @5/ A6/ @6/ RESIGN
Trax_7350388 Chad vs. * : @0/ B1/ B0\ A3+ A4\ C4+ D3\ E2+ D1/ D0+ C6\ E6/ C7\ A7\ F4+ G4\ G6+ @5\ B8+ A8+
Trax_7350837 jaha vs. JiffyJeff : @0/ A2\ B2\ C2\ D2+ B1+ E1\ A3+ C0+ D4\ D5\ D6\ F2\ E0+ D0/ C8/ D9\ G4\ G1/ RESIGN
Trax_7351372 Rogue Trooper vs. Traxplayer : @0+ B1+ B2/ A0\ @1\ @2\ B3+ @3\ D0+ E1/ F3\ B1\ C0/ E6/ A3/
Trax_7352724 scret vs. sam : @0/ B1\ A2/ @2+ B0+ @3+ E2/ E1/ F1/ G1+ E0+
Trax_7353052 Rogue Trooper vs. Traxplayer : @0+ B1+ A2+ @1+ A2+ @1+ C3/ C0/ E1\ F1\ C0/ @3\ A2\ G0+ H2+
Trax_7356517 Traxplayer vs. jazzbeth : @0/ @1/ @1/ A0/ @2/ D1/ E1/ F2/ F3+ B4/ E5\ F5\ A0\ @3+ H3+ G1+ H1+ F0+ E8+ E9/ C10/ B6/ A7\ G9\ RESIGN
Trax_7359636 scret vs. medea83 : @0/ B1\ A2/ @2/ @2+ @2/ A3/ C3+ @3+ @3\ @2/ @2/ A4+ @4+ A5/ C5+ D1+ H0+ A2\ @4/ B1/
Trax_7364775 jazzbeth vs. thebodywall : @0/ B1\ A2/ A3/ B2\ A4\ B4\ B5\ C3/ @5/ C6+ @4\ B3+
Trax_7365872 Rogue Trooper vs. Traxplayer : @0+ @1+ A2+ @2+ B3+ B0/ B5\ C5\ D1\ E1\ D0+ C0/ B2+ F3+ E1+ C8/ E0/ E0/ G1+ H2+ C2+ G0/ H1/ I1+ I0\
Trax_7365937 scret vs. sam : @0/ B1\ A2/ B2+ @2\ C3\ C4\ D4+ E4/
Trax_7368705 scret vs. JiffyJeff : @0/ B1/ B0\ @2/ B1+ D2/ E1\ D0+ @2+ C1\ D0+ C1+ C0\ F2/ G4+ E6+ H3/ G2+ C7+ A6+ G1/ H2/ I2/ H1/ I4\ RESIGN
Trax_7368923 JiffyJeff vs. Traxplayer : @0/ @1/ A0/ @1/ A0/ @1/ D4/ E4/ E5/ F4/ A0/ @1/ G7/ B0\ C1+ H6+ D1\ E1\ F3+ I8\ G9/ D0/ D7+ C7/ RESIGN
Trax_7372964 Traxplayer vs. Daddy MBA : @0/ A0/ @1/ A0/ @1+ A0+ @3\ A4\ @3+ B1+ B0\ A1\ A0\ C1\ @2+
Trax_7374246 Thud vs. * : @0/ B1/ B0/ B3+ C2\ A4\ B5/ D2\ D3+ A0\ RESIGN
Trax_7375917 jazzbeth vs. rabbitoid : @0/ A2+ B1/ C1+ B3\ D2/ D3+ E1/ C0/ B1+ @3+ A1\ B0/ @3+ D0\ F2+ A2+ H4/ G5+ G3+ C6/ E7+ D0\ A1\ C0/ @4+
Trax_7376068 ypercube vs. Nukkle Dragger : @0/ A2\ B1/ B0+ C1+ B0+ @3+ C0+ A2\ D1/ @3\
Trax_7383148 JiffyJeff vs. Chad : @0/ @1/ C1/ C2/ @1/ C0+ A3/ C0\ D5+ E3/ B0/ @4/ B0+ @5+ H4\ F2\ I3+ H2/ H1/ I1/ J1/ I7+ J6+ H8+
Trax_7383355 1926 vs. Rogue Trooper : @0+ B1+ B2/ B0/ C1+ D1\ B0/ D4\ C5\ E4/
Trax_7383358 dgb vs. Rogue Trooper : @0/ A0/ A0/ A4+ A5/ B5/ A6/ @3/ D6\ B7/ D1/ RESIGN
Trax_7383387 golfnutrof vs. * : @0/ B1/ B2/ B0+ @2/ A0+ @1\ @3+ F2\ C4/ D0/ E1/ E6+ @5\ A6+ D7/
Trax_7383442 JiffyJeff vs. jaha : @0/ A0/ @1/ A0/ @1/ D2\ A2+ @1/ D1/ A0+ B4/
Trax_7386241 Kaisa vs. Rogue Trooper : @0/ A0/ @1/ B0/ B0/ @1/ C0+ @2/ A0+ @3/ @3+ A4\
Trax_7390378 gigino42 vs. * : @0/ B1/ B0/ B3+ A4+ C2+
Trax_7397806 ypercube vs. jaha : @0+ A0/ A3\ B3\ B4\
Trax_7401513 Red Panda vs. Chad : @0/ @1/ @1/ A0/ @2/ C3\ C4+ @3\ A0+ @4\ E1/ F5\ D0/
Trax_7401666 * vs. JiffyJeff : @0/ A0/ B1/ B0\ C3\ B4/ B0\ D4+ E4/ E2+ A5+ A6/ C1/ C0/ @4+ A3\ @3\ A2\ @4+ C6+ @4+ C7\ B6/ @6/ B7+ C8+ @6+ A4+ A7/ A8+
Trax_7403305 Thud vs. jazzbeth : @0/ @1/ A2+ C2/ A3+ A4\ B4\ C4+ D3\ C5/ @3\ A4+ C0/ D1/ E2/ F2/ F1/ C0+ D0+ G3/ F0+ G7+ RESIGN
Trax_7406015 Rogue Trooper vs. Traxplayer : @0+ B1/ B0\ C1\ A3\ C0/ RESIGN
Trax_7406016 Traxplayer vs. Rogue Trooper : @0/ A0/ @1/ B0/ C1+ D1+ B0+ B5/ E2+ C1/ A0/ @1+ @3+ A5+ D7/ F7+ H3\
Trax_7409412 Chad vs. rabbitoid : @0/ @1+ C1+ B0/ B0\ B0\ D3\ C2+ E3\ B0+ D6+ F5/ A1/ @5\ G2+ H2/ H1/ I4+ J3\ H0+ J1/ K3+ H7+ H8\ I0+ D2/ E2+ H0+ H11+ I11\ J1/ K2\ L2\ J8/ J9+ K1+ H0/ E3/ L6\ M6\ N4+ I0\ F3/ F14+ E13/ D12+ L9/ N4/ N9\ N10/
Trax_7409560 JiffyJeff vs. Rogue Trooper : @0/ A0/ A0/ A0/ B4/ C4/ A0/ B1/ A6\ C6\ D6\ C1+ D2/ E6/
Trax_7410076 Rogue Trooper vs. Traxplayer : @0+ B1+ A2\ A0\ @1+ C4/ A4/ RESIGN
Trax_7411167 kidgame2001 vs. Rogue Trooper :
Trax_7411169 Traxplayer vs. Rogue Trooper : @0/ A0/ @1/ B0/ A0/ A0/ C5+ D4\ C6+ A0/ @4+ C3/ @1+ C0/ C0+ D3+ @1\ A0/
Trax_7412509 * vs. gigino42 : @0/ B1/ B2+ B3+ C1/ D1/ A0+ D0+ C0+ E2\ C0+ D2/ B8+
Trax_7412603 Nukkle Dragger vs. jaha : @0+ A0/ B2+ A3/ @3/ @3+ A1/ @3+ F1\ F0+ D5+ F4/ F0/ G3\ H2+ H0+
Trax_7423521 * vs. jazzbeth : @0+ B1+ A0/ A3/ @1/ @1/ A0/ @2/ @3\ B0+ @1+ @2+ C6/ B4+ F7\ G7\ E8+
Trax_7423667 Rogue Trooper vs. Traxplayer : @0+ B1+ A2\ A0\ @1\ @1+ B3+ C4+ C5/ C6/ D5+ C0/ D1/ B0\ A1\ @4+ A1\ F3+ B8+ A0\ F2+ G3\ F0+ H3/ G2+ G6/ G7+ @4+
Trax_7434545 Thud vs. jazzbeth : @0/ @1/ C1/ D1+ @1/ D0/ C3/ E4/ E5/ @2+ C3+ G3\ H3\ H4\ D4/ G2+ D0+
Trax_7435430 JiffyJeff vs. Traxplayer : @0/ @1/ C1/ D1/ D2/ D0/ A0\ @3+ B4+ B0+ F3/ G2\ H5\ H6\ I3\ H7/ G6+ C0+ D0\ G0/ H3+ I5+ I7+ H11/ J8/ I2\ J2\ K2\ G10/
Trax_7439175 thebodywall vs. Rogue Trooper : @0+ B1+ B0\ A3/ A4/ @1/ B5\ C3+ D4\ D5/
Trax_7443001 Rogue Trooper vs. Daddy MBA : @0+ A2/ @2\ A3/ @3/ B4/ C3+ C5/ @3\ A2\ A1+ D0\
Trax_7443024 golfnutrof vs. Traxplayer : @0/ @1/ A0/ @1+ D2/ B3/ C1+ D4\ E4\ E5\ C6+ E7\ F7\ D8/ C8/ E3+ F5\ G5\ H3+ G2/ E1+ A6+ @5/ C7+
Trax_7444460 robertst vs. jazzbeth : @0/ @1/ B0/ B0+ C1\ @1+ E3\ C4+ E1/ D0/
Trax_7455671 scret vs. gigino42 : @0/ @1+ A0/ B3/ C2\ B4/ A5\ @3+ @3+ A2/ @3+ B4/ F5\ F6+ G2/ B5+ H5\
Trax_7460387 Traxplayer vs. * : @0/ A2+ B1/ B3\ C3\ @2\ D1/ E3/
Trax_7463703 Chad vs. Kaisa : @0/ A0/ @1/ A0/ @1+ A0\ @2/ B0+ @2/ A3/ F4/ F3/ G2\ H3/ I2\
Trax_7463869 rabbitoid vs. scret : @0/ @1/ A2+ @2+ C0+ D2+ C0/ E3+ @4/ A5/ E1\ D5\ A6+ @5+ @4/ A3+
Trax_7467446 Linda Sue vs. JiffyJeff : @0+ A2/ @2\ C1/
Trax_7467447 JiffyJeff vs. Linda Sue :
Trax_7467538 JiffyJeff vs. Traxplayer : @0/ @1/ B2/ C2+ C3+ D1\ B0/ E2+ B0\ @3+ D6\ E6+ F4+ E7/ B4/ C0\ C8+ D9+ @5\ @5\ @5\ D6+ E2\ @6/ C7+ C3+ C2/ A3\ RESIGN
Trax_7467755 * vs. scret : @0+ B1+ A0/ B3\ A0/ B0\ @2+ @3\ E3\ F5\ F6\ F1+ G3\
Trax_7469045 * vs. 1926 : @0+ @1+ B2/ B0/ C1+ C0/ B5/ D1+ C5\ D4\ C6/
Trax_7469134 scret vs. Nukkle Dragger : @0/ A2\ B1/ B2+ B0\ C2+ @2\ A1\ @1\ D0\ A4/ D5/ @4\
Trax_7469152 Red Panda vs. jaha : @0+ A0/ A3\ B3\ B4\ C1+ D2+ C5+ C0/ D1/ @5/ A6+ @4\ A3\ B2+ A1+ G2+ F0+ C2+ D0+ D0+ @8+ C10\ D10\ A9+ @9/ A7+ B10+ B11/ @7+ D12+ G11+ K6\ J7+ K9\ RESIGN
Trax_7472897 Rogue Trooper vs. rabbitoid : @0+ @1/ @1\ B0/ B0/ D1\ E1\ D0+ F2\ D4+ F4/ E5\ C0/ A3+ A2\ A6\ F7/ G6\ RESIGN
Trax_7479321 Playoria vs. Traxplayer : @0+ B1+ C1\ D1+ @1\ D2+ C3\ A0\ B0\ @3\ D1/ C0\ F6\ F7/
Trax_7479322 Traxplayer vs. Playoria : @0/ A0/ @2/ A0/ C3/ D3/ B4+ C2/ E4\ E5\ E2/ RESIGN
Trax_7481543 * vs. rabbitoid : @0/ @1/ B0+ C1+ A3+ @2+ D3\ C4/ @2\ F2\ C0+ C0/ B1+ E2/ E0+ @4/ C6/ E8/ C9\ B7+ @6+ I3/ I2+ D1/ A2+ B1+
Trax_7487107 golfnutrof vs. jazzbeth : @0/ @1/ A0/ @1/ C3/ D3/ D4/ E4/ E5/ C4+ B4/ A4/ D2+ D1+ B5+ B0/ E3\ F4/ @4+ @3/ B1/ @3+ D0+ C0/ I9+ J6+ @5/ @5/ D3+ E0+ F1+ B5+ C7+ D8+ B8+ B9/ @7+ C10/ @9+ @9\ F11+ G9+ H10+ C11+ D12/ A11/ RESIGN
Trax_7488594 jazzbeth vs. Rogue Trooper : @0/ A0+ B1\ A0/ A0/ A5/ @2/ D5\ B6+ D2+ E3/ A0\ @3+ E1/ F6\ F2/
Trax_7488598 thebodywall vs. Traxplayer : @0+ B1+ B0\ A3/ @3+ @2/ @3\ B4+ D0/ C2+ B1+ C0+
Trax_7498822 Rogue Trooper vs. golfnutrof : @0+ @1+ B2/ A0\ @1\ D2+ C4/ A3+ C1+ C0/ D1/ A0\ B0+
Trax_7498923 Nukkle Dragger vs. jazzbeth : @0+ B1+ B2/ A0\ B1+ @2+ A3+ @2+ E2\ F3/ F1\ G2+ D0+ E5+ H3\ H4\ F6\ G5+ I5/ I2/ J3+ G1/
Trax_7503281 scret vs. JiffyJeff : @0/ @1/ C1/ @1/ C0+ B3+
Trax_7504515 rabbitoid vs. Rogue Trooper : @0/ A0/ @2+ B0/ B0+ @3/ D4+ E3\ D5+ F2/ F1+ G3+ C0+ F1\ E1+ C0/ A2+ @5+ @2/ A3+ B1\ E0+ D0/ C0+ C0/ E2+ F3+ G3\ I7/
Trax_7506393 * vs. scret : @0+ B1+ A0/ B3\ @1/ @2\ @2\ A0/ E5\ C4+ @4\ D1/ B0+ A4\ F7\ G4+ H4\ C6+ E8+ F9/ I4\ I3+ E2/ A0\ @3+ F11/ E11/ D11+
Trax_7514875 jaha vs. JiffyJeff : @0/ A0/ B2/ B3/ C2/ C4/ D4+ C1+ E3/ D1+
Trax_7521112 Daddy MBA vs. Rogue Trooper : @0+ B1+ B2/ B0/ B0/ B0/ A1/ C5/
Trax_7521143 JiffyJeff vs. Traxplayer : @0/ @1/ A0/ @1/ C3/ D3/ D4/ E4/ E5/ F5/ A0/ @2/ H6/ F7+ E7/ E8/ I7+ H8\ H9\ I9\ J6\ G10+ F10/ F11/ RESIGN
Trax_7527836 scret vs. Red Panda : @0/ A0/ A0/ A0/ @1/ @1/ A0/ B1+ @2\ C3+ B4+ C6+ B0\ A2+ @2\ A1\ @1\ D0+ A4/ B5+ @4\
Trax_7531353 golfnutrof vs. * : @0/ B1+ C1/ A2/ B0\ B0+ A5/ @4+
Trax_7532571 JiffyJeff vs. ypercube : @0/ @1/ C1/ D1/ A0/ C3\ E2/ @3\ @3\ A0+ @1\ E1/ RESIGN
Trax_7532633 jaha vs. Thud : @0/ @1/ A0/ @1+ B3+ A3/ @3\
Trax_7533699 dgb vs. Traxplayer : @0/ @1/ B0+ @2+ A0/ A0/ B1/ B5\ D3\ E3\ B0+ @3+ E3+ G4+ D1+ A0\ @4\ C0/ D1/ I5\ I4+ E1+ E0/ @5+ D1+ F0/ @6/ D1/ D0/ H3+ I3\ J3\ K3\ L8\ K10+ E0+ M8/ RESIGN
Trax_7533786 gigino42 vs. * : @0+ @1+ B2\ @1+ C3\ C4\ B2+ A0/ C6\ A3/ @4+ A2+ C7\ E5+
Trax_7543909 rabbitoid vs. jaha : @0/ A2/ B1+ A3\ @2/ B0/ D2/ C0+ A1\ @2+ C0/ B0+ A1\ @1+ A0/
Trax_7544072 Thud vs. * : @0+ @1+ B2\ @1+ B0\ A3/ A4/ @1\ C0\ B0/ D7+ B0\ A3+ @3/ @4\ @4\ G3+ H4/ G1/ E0/
Trax_7550655 dgb vs. ypercube : @0/ @1/ C1/ B2/ B3+ B4/ B5/ D3/ A4+ @5\ A3+ B6/ B7/ D5/ F3\ G3\ G2+ F4+ F0/ RESIGN
Trax_7554132 Linda Sue vs. JiffyJeff : @0+ @1/ B0\ C2\ B0\ B4+
Trax_7563148 jazzbeth vs. rabbitoid : @0/ @1+ A2/ B0+ C2+ B3+ B4/ B5/ C4+ B0/ D6/ A5+ C1/ D3+ E4+ E1\ C0/ A2+ C8+ D9/ @7\ B8+ A3/ @4\ @3/ A1+ H7+ @2+
Trax_7563269 Red Panda vs. jaha : @0/ A0/ A3/ B2+ C1\ D2/ E1\ @2\ B4/ B5+ @2+ A1\ B0\ @2/ H1/ RESIGN
Trax_7564167 golfnutrof vs. Rogue Trooper : @0/ A0/ @2/ A0/ @3/ A0/ C5/ D5+ D6+ E6\ E4+ F3\ E2+ B1/ C0\ @2+ A0+ B7/ E1/ @5+
Trax_7570734 Rogue Trooper vs. Traxplayer : @0+ B1+ B2+ C1+ A0/ B4\ C4\ B0/ C2+ D2/ D1/ E1/ B0+ F3\ F4\ C0+ D7+ C0/ F2+
Trax_7570759 * vs. gigino42 : @0+ B1\ B0/ C2+ C1+ D2+ D3/ C0/ D1/ A2+ E2+
Trax_7570916 jazzbeth vs. thebodywall : @0/ B1\ A2/ @2+ @1/ A0+ B0+ D2+ D0\ A2+ @3/ A2+ E5\ E6\ F4+ F7\ G5/ H4/ H3/ H2/ H6\ H1/ I4\
Trax_7577971 Rogue Trooper vs. Thud : @0+ @1+ B2/ A0\ @1\ @1+ C0+ D1/ B4+ @2+ F1+ F0/ A5/ A6/ @4+ D6+ C7+ B2/ B1/ A2+ @5\ D0+ F8\ RESIGN
Trax_7577982 * vs. Nukkle Dragger : @0+ @1+ A0/ A3/ A0/ @3+ @3/ A2+ C0/ E1/ E0/ A3+ F2+ @4\ C1+ F0/ A2\ F0/ A2/
Trax_7578143 dgb vs. Traxplayer : @0/ @1/ @1/ B0/ B0+ @3+ C4+ C5/ E3\ F3\ D2/ E1+ @3\ C0\ E1+ @3+ B5+ G5+ D7/ D8/ E7+ F0/ I4+ J4\ I6+ G7+ @4/ D8+ C2+ C1/ C0/ B2+ D0\ C0+ G2+ F1/ I3/ I2/ H1/ B0/ A5\ @6+ K3/ RESIGN
Trax_7592275 SweetCindyJo vs. asdf : @0/ B1+ @1\ A0\ D2/ D1/ C0/ C0+ D1/ D0+ E3/ A1\ @4\ C0/
Trax_7593649 jazzbeth vs. golfnutrof : @0/ @1/ B2/ A2+ @2/ A1+ A3\ @1\ D0+ B5\ A4+ C4\ E2/ E5+ F2+ C6+ B6+ @3+ A5+ D7+ H4+ C0+
Trax_7599162 jaha vs. Rogue Trooper :
Trax_7600094 SweetCindyJo vs. asdf : @0/ @1/ A2+ C1/ @2\ C0+
Trax_7600509 gigino42 vs. jazzbeth : @0+ B1+ A2\ A0\ C2/ C3+ D3\ C4+
Trax_7601264 SweetCindyJo vs. asdf : @0+ A0/ B1\ A3/ @3+ D1/ C0\ D3/ B5\ B0/ C6\ D6\ E6\ E2/ F3+ F1/ E0\ G3\
Trax_7606373 golfnutrof vs. jaha : @0/ A0/ B2/ B3/ C2/ @2\ B3/ B4/ D1/ B5+ E5\ E6+ B0+ A2\ @2\ A1\ A0\ B0+ G5+ C0/ H6+
Trax_7606521 Rogue Trooper vs. ypercube : @0+ B1/ B0\ @2\ A1\ @1\ D0+ C0+ @2/ F2/ F1/ A0+ @3/ G1+ D0/
Trax_7607525 SweetCindyJo vs. asdf : @0+ @1/ A0\ @1\ C1+ B0+ A3+ B4+ @3/ A4/ E3+ C0/ E2/ C0/ A3+ @5+ @6+ C2\ A4\ @4\ B3\ E7+
Trax_7613413 * vs. Thud : @0/ B1\ B2\ B3\ A2+ A4\ @2+ D2\ E1+ E0/ E0+ RESIGN
Trax_7617154 SweetCindyJo vs. asdf : @0/ @1/ A2+ C1+ @2\ @2\ D0\ B1+ F2/ F1/ E0/ G2+ H2\ H4+
Trax_7619154 Thud vs. jazzbeth : @0/ @1/ B0\ A3\ B3+ A1+ A4\ B5/ @5\ B6+ A7\ B8/ D3\ @5+ B4+ F3+ E6\ F6\ @5/
Trax_7624519 1926 vs. jazzbeth : @0/ @1/ A2+ C2/ B0+ A0/ A0/ B6/ @5/ @5/ E4/ F4/ E2/ B3+ F2+ A7/ @6\ F1+ F0/ G1/
Trax_7625179 SweetCindyJo vs. asdf : @0/ @1/ A2\ A0+ B3+ @2+ @2+ D4\ E2/ F3+ D0/ B1+ A2\ @2+ F1/ G1/ H2/ H5+ I4+ E0+ A2/ E7\ B1/ F0\ C6+ C7/ J6/ H1+ B7/ G0+
Trax_7630483 golfnutrof vs. * : @0/ A2/ B2\ B3+ C2+ @2+ C0\ B0/ @2+ A0+ B0\ @4/ G5\ E2+ H3+ D0+ H2+ H1+ E0/ F1/ I2/ E0\ D1\ C1/ E0+ G2+ H1+ I5+ I8+ J9/ J10+ G11/ B4+ @8\ A7\ @7\ B9+ C4\ F0\ E1\ D3+ D0/ C2+ B5/ B2+ L7\ A4+
Trax_7630589 jazzbeth vs. jaha : @0/ A0/ B2/ B3/ C3/ B4+ D4/ A4\ @3+ @2+ D5/ D6/ D7/ C0+ C0/ B1+ B0/ B0/ A2+ @4/ C10+ D12/ B10/ B9+ F6/ E5+ G7+ F4/ G4/ A7+
Trax_7641323 asdf vs. SweetCindyJo : @0+ B1\ A2/ C2/ B0+ C0\ A2\ @2\ E1+ C0/ F2/ G2/ G3/ F5\ E0+ D7\
Trax_7645489 Rogue Trooper vs. Traxplayer : @0+ B1+ B2+ C1+ B0+ D2+ C3\ D1/ B0+ E3+ D1/ A1\ D0+ D6\ E6\ F3\ @2\ H2/ F1+ @3+ A4/ A5+ @4/
Trax_7649375 Thud vs. * : @0/ A2/ B2/ @2+ A0/ @3+ A4/ D4\ RESIGN
Trax_7652029 asdf vs. SweetCindyJo : @0/ A2\ B1/ B0+ A0/ @2+ @3\ @2/ A1/ E4+ F2/ E0/ E0/ C2/ D0/ E1+ G5/ F7\ G7\ H7+ F8+
Trax_7655195 Traxplayer vs. ypercube : @0/ B1/ B0/ C2/ A3+ @3/ B0/ E4/ A5/ A6+ @5+ E5+ G4\ F6/ F7/ E8+ D9+ G7+ F8\ H4+ H3/ I3/ RESIGN
Trax_7655355 ypercube vs. Red Panda : @0/ A0/ B2/ B3/ B4/ C4/ B5/ D4+ D6+ C3/ C2/ E3+ E5+ A5/ B7+ @6\ G3/ @1+ C0/ A8/ RESIGN
Trax_7655748 asdf vs. SweetCindyJo : @0+ B1+ @1\ A0\ A0+ A4\ B5/ D3+ C1/ E3+ D4/
Trax_7657497 SweetCindyJo vs. asdf : @0/ B1\ A2/ A0/ B3\ A4/ @2+ @2\ @2\ @2\ B3\ @2\ D0\ A1+ C5/ E6+ C0/ F1+ D8\ C8+
Trax_7657499 * vs. Rogue Trooper : @0+ B1+ A2\ B0/ @2/ A1/ B0\ A0/ D3+ @3+ @4\ @4\ G2+ H3/
Trax_7662267 rabbitoid vs. jaha : @0/ A0/ B1+ @2\ @2+ E2/ D0/ D0/ E0\ F5/ E6\ C2+ B4\
Trax_7662440 jazzbeth vs. ginifish : @0/ A2\ B1/ B2+ A0+ C3/ C2+ @1\ @1\ @1/ C0+
Trax_7670620 asdf vs. SweetCindyJo : @0/ A2+ A3/ @3+ @2/ @3\ @3\ D4/ D5/ D6+ E6+ F5+ E7/
Trax_7672960 Rogue Trooper vs. Thud : @0+ @1+ A2\ B0+ @3\ @3\ @2/ E0+ D1+ D0+ F4/ C3+ A6+ B7+ E6+ A7+ @5\ A7+ @7/ @7+ C8+ E2+ I6\ RESIGN
Trax_7677151 jazzbeth vs. gigino42 : @0/ A2\ B1/ B2+ A0+ C3/ C2+ @1\ @1\ @1\ C0+
Trax_7677406 SweetCindyJo vs. asdf : @0+ A0/ B1\ A3/ B2\ A0\ @1\ A0+ D3\ C1/ C0/ D6/ D2+ E5\ B1\ A0/ @3+ A1\ B0/ @4+ A5/ A6/ C9/ E9+
Trax_7678077 jaha vs. JiffyJeff : @0/ A0/ B2/ @2\ B0/ B0/ A5\ D4\ @5/ B6+ A3\ RESIGN
Trax_7682766 asdf vs. SweetCindyJo : @0+ @1+ @1/ A2\ D1/ B2\ C0\
Trax_7684029 ypercube vs. * : @0/ A2+ A3/ @2\ B0/ C4/ @1\ A0/
Trax_7685330 jazzbeth vs. JiffyJeff : @0/ A0/ B2/ @2\ B0/ C2/ C1/ B4/ D3+ A2+ @4+ F2/ D0+ B0/ B0/ C2/ A3+ @3/ A2+ D1/ F2+ G3/ H4+
Trax_7685747 JiffyJeff vs. Traxplayer : @0/ @1/ B0\ @2\ B1+ B0\ A1\ A0\ RESIGN
Trax_7686868 SweetCindyJo vs. asdf : @0/ @1/ B0+ A0/ @2/ @2+ C4/ B4/ @3\ C5\ C6\ C7\ D7\ E5+ F3/ F7/ G3\ B7/ B8/ B9/ G4+ H5/ E8+ B10/ G8\ G9\ E9+ B11/ A9\ H8+ I7\ E10\ F11\ A6+ @6\ G12\ H11\ I11\ J11\ K11+ K12\ F12/ E11/ F13\
Trax_7688785 Traxplayer vs. thebodywall : @0/ B1\ A2/ @2+ B3/ @3/ C4/ D3+ C0+ @4/ A5/ B6/ B7/ @4\ A3\ A6/ @4+ G1+ D8/ E7\ G8+
Trax_7693743 golfnutrof vs. ypercube : @0/ @1/ B0/ @1/ A0/ @2/ E3/ A0\ @1\ D1/ D0/ C5+
Trax_7693921 Didier vs. Playoria : @0+ @1+ B0\ A3/ B3+ @2+ B4/ B0\ A2+ @2\ A1\ A0+ @1\ E1/ F2/ E0\
Trax_7697483 Playoria vs. Didier : @0/ A2\ B2\ B1+ B3/ A3+ C1\ C2\ B4/ @1+ E4\ D5/ E1/ E0+ F4/
Trax_7697876 SweetCindyJo vs. asdf : @0/ @1/ A2/ @1\ B0/ B0/ D4\ D5\ C2/ A5/ @5/ D5/ E6\ @5/ F7/ D6+ B3/ B2\ A2\ @5+ @4\ C7/ B7/ C8+ A6/ @4\ D9\ J5+ G7+ K2+ J1/ H0\
Trax_7698490 dgb vs. Traxplayer : @0/ @1/ @1/ D1/ B0\ B3/ C4+ D0+ E3\ C6/ C7/ D6+ E4+ F5+ C0+ B0/ A1+ RESIGN
Trax_7698491 Traxplayer vs. dgb : @0/ A0/ @2/ A0/ C3/ C4+ B5+ @4+ @4\ @4\ B5+ @5+ E6+ D7/ D8/ C3+ B6+ @5\ @5\ B6+ D2+ C3+ @4+ E1+ K4\ E7/ L4\ D8+
Trax_7698496 skcorky vs. Traxplayer : @0/ @1/ B0+ @2+ B0/ B4\ A4+ @2+ A3+ B5+ A4+ @4/ A5/ @5/ B6/ @4\ A3\ A6/ B7\
Trax_7698497 Traxplayer vs. skcorky : @0/ B1\ A2/ B2+ @2\ A1+ A0/ C4/ A4/ @3+ @3/ A4/ @4/ A2/ B5+
Trax_7698500 Red Panda vs. Traxplayer : @0/ @1/ @1/ @1/ B2+ A0+ @1\ D0/ C5/ C6/ @3/ A4/ @2\ A1\ F5+ H2/ H4+
Trax_7698501 Traxplayer vs. Red Panda : @0/ A0/ @2/ C2+ B3+
Trax_7698502 willemien vs. Traxplayer : @0+ B1+ A2\ A0\ B1+ @2+ D2\ E2\ D1+ C4+ C0/ F3\ B5/ A5\
Trax_7698503 Traxplayer vs. willemien : @0/ A2\ B2\ B1/ C2/
Trax_7703342 jazzbeth vs. Rogue Trooper : @0/ A0/ B2/ C2/ C3/ B3+ D3+ D4\ C5\ B5+ @3+ D6\ E6\ A5/ F4+
Trax_7703799 Playoria vs. Didier : @0/ @1+ C1/ C2+ B3/ A2+ @2/ A3/ @3/ A4/ A5+ @5/ F5+ F6\ G2+
Trax_7708025 Rogue Trooper vs. * : @0+ @1+ A2\ B0/ C1/ D2/ C3+ A1\ B0+ @3+ A1/ A0/ @3/ B0/ E2+ @1\ C0/ @3+ I7\ H8/ A6/ I5+
Trax_7708155 Playoria vs. * : @0/ B1/ B0\ A3+ B4/ C2/ B0\ @5\ E1/ D0/
Trax_7709282 ypercube vs. Rogue Trooper : @0/ A0+ A0+ @1/ C3/ B0/ B0/ B0/ @4/ C7/ D2+ E5/
Trax_7714552 golfnutrof vs. jaha : @0/ @1/ B2/ C2/ @1/ C0+ A0+ @2\ @2\ A1\ C0/ F6\ G6\ D6/ G5/ E7/
Trax_7717432 Thud vs. jazzbeth : @0/ @1/ A0/ A0/ A0/ B1+ A5/ B0/ B0/ @4+ @3/ @3/ @3/ G6+ C7\ C6+ A5/ @3/ B7/ F8/ A7\
Trax_7720763 jazzbeth vs. Traxplayer : @0/ @1/ B2/ C2/ B3+ D2/ C4+ B0\ C2/ B0+ C0+ D1+ C0\ B1\ D1/ D0/ A8\ E9+ E6+ F5/ E3+ A5\ @4/ B1/ C0+ H6\ G7+ H9\ H10\ A9\
Trax_7728832 jazzbeth vs. Traxplayer : @0/ @1+ B2/ C1/ B0/ D3\ B4+ D1/ D0+ E2\
Trax_7730058 Rogue Trooper vs. 1926 : @0+ @1+ A2\ A0\ @1\ D2/ C4/ @1\ B4/ C5\ D6/ E1/ B0+ F2\ E7\ F4\ D8\
Trax_7730061 Rogue Trooper vs. JiffyJeff : @0+ A2/ @2\ B3/ @3/ A4/ A1\ B0/
Trax_7730197 jaha vs. Red Panda : @0/ A0/ B2/ B3/ C2/ C4+ D3\ C5/ D4\ E4\ A5+ F4\ F6+ F1+ G4+ D0\ C1\ @1+ B0\ B0\ A1\ @1\ @1+ E0/ F3+ G2+ I11\ J10\ K9+ I12+ H12/ K11+ J12\ I13/ I14/ H14/ G11+ D10/ K14\ D11/ J15\
Trax_7730201 dgb vs. ypercube : @0/ @1/ @1/ C2/ B0\ @2+ @2\ A1\ @1\ A0\ G4\ RESIGN
Trax_7734397 jazzbeth vs. JiffyJeff : @0/ @1/ B2/ B0\ C1+ C2\ @2+ E1/ D0/ F3\ D4\ C5/ E1/ B4+ C6/ A4+ @3/ E5\ A2/ D7/ @3/ A5/ @5/ G7\ G8+ C1+ I6+ J7/ J5+ D0+ @6\ B4+ L2+ L1/ L0+ M1/ B2\ C1/
Trax_7744354 jazzbeth vs. Traxplayer : @0/ @1/ A2+ C2/ @1/ C0+ D2+ E2/ E1/ A0\ @3+ F1+ E0/ G2\
Trax_7744752 jazzbeth vs. dgb : @0/ @1/ A2+ C1+ B3+ @2+ C0+ B4/ E4+ A5/ @3/ E5+ A2\ D5+
Trax_7746237 rabbitoid vs. Rogue Trooper : @0/ A0/ B1+ C2/ @2/ D3+ B4\ @2/ B5+ C6/ D4\ E5+ C0/ @5+ B7+ A1+ D8+ @3/
Trax_7746310 Rogue Trooper vs. ypercube : @0+ B1+ A2+ @1+ B0+ D2+ D3/ D1/ B0+ E3+ B0+ F4+ RESIGN
Trax_7748860 SweetCindyJo vs. asdf : @0+ A0/ B1\ A3/ @3+ @2/ D2+ A1\ @1/
Trax_7764160 SweetCindyJo vs. asdf : @0/ @1/ B0/ @1/ D2/ E2/ E1/ A2+ A3\ A0+ C0/ C0+ D1\ A1+ @2\ A6+ B0\ @4+ A2+ B0/ @4\ A6+ A2/
Trax_7766812 * vs. Red Panda : @0/ A0/ @2+ A3+ C1+ @2\ D0\ B5\ C5\ C6\ D6\ E2\ C7+ E1+ D8/ E8\ C9\ E5+ F7/
Trax_7766913 dgb vs. jaha : @0+ A0/ A3\ B2/ @3\ D2\ B0/ A2+ @3+ B5+ D1/ C6/ D5+ D7+ F3+ F4\ E7\ F6+ F0/ G1+ E0\ D1\ A1+ RESIGN
Trax_7774248 * vs. rabbitoid : @0/ A0/ @2/ @2+ C3+ D1/ D0/ E4+ F2+ E0+ A1\ @4\ B0\ A1\ @2/
Trax_7774329 ypercube vs. Rogue Trooper : @0+ B1+ B2\ A0/ B4\ C4\ A0/ D3+ @1\ A0\ B6/ B7/ F5+ @2+ C8+ B6+ D7+ F7+ B8+ H5\ C9\ H8+ I6/ G9+ C10/ B9+ I4/ J5\ E2/ G3+
Trax_7777942 JonathanT vs. Playoria : @0/ @1/ A2/ A3+ B0/ @1+ C0/ C0+ D4+ @5/ A1\ @3+
Trax_7780183 jazzbeth vs. Nukkle Dragger : @0/ A2\ B1/ B0+ A0/ @1+ @2+ B4+ @3+ A2+ D5+ B5+ @2+ B6/ A4+ @2/ C1/ D0\ A2/ D7+ G6\ H6\ E0+ G2+ A2+ H2/ I4\ I7\ J3+ I1+ H0+ J9/ F10+ K7+
Trax_7783330 1926 vs. * : @0/ B1+ B0+ C2+ B0+ D3+ A4\ B4\ C2/ A1/
Trax_7790803 JiffyJeff vs. * : @0/ B1\ A2/ @2+ B0+ @3+ B4+ @3+ B1\ B0/
Trax_7794554 Traxplayer vs. jazzbeth : @0/ @1/ @1/ C0/ A3+ B4+ B5/ B6/ C5+ D3/ E5/ D6+ F6+ F4/ RESIGN
Trax_7797374 dgb vs. Traxplayer : @0/ @1/ @1/ D1/ B0\ B3/ E2+ B4+ A4+ @4\ @4\ @4\ @4\ D2+ I5+ J2\ A5/ RESIGN
Trax_7797416 * vs. 1926 : @0+ @1+ A0+ @2+ C1+ @2+ E1\ @2\ A1\ A0+ @3+ B4\ B0/ F5\ A6/ @5\ H2\ E0+
Trax_7809213 Aphrodite vs. jaha : @0/ A0/ @1/ A0/ C2/ @2\ A3\ C4+ D1/ E4+ B0+ A2\ B6\ C7/ F3+ E1+ @2\ A1\ A0\ B7+ A0\ @4+ @6/ A7+ E0+ F3+ C0\ B1\ A2\ @8+ C9+ B10/ H11/
Trax_7809269 Rogue Trooper vs. Traxplayer : @0+ B1+ A2\ B0/ C1/ D1+ C3+ B4+ C5/ D4+ E5/ C6/ A5+ B0\ A1\ A0\ @3/ D0+ E1/ G9\ E10+ G6+ H7/ E0/ F2+
Trax_7809278 * vs. ginifish : @0/ B1/ B2\ C1/ C0+ D2\ D3\ E3\ E4\ D5\ E1+ F2/ F5\ G4/ C6+ E0/ F1/ F0/ G3+
Trax_7820775 ypercube vs. Red Panda : @0+ B1+ B2\ A0/ @1/ C4/ B4/ B5/ A5/ @2\ D6+ E5\ F4\ E3+ G4+ A0\ @1\ G3+ I5+ B6/ A6+ A3+ @4\ A1\ @5/ A6/ F0/ G1/ C8+
Trax_7822489 rabbitoid vs. Rogue Trooper : @0/ A0/ @2+ @1/ C0+ D3+ C4/ B0/ @3/ B5+ @5\ A1+ D0+ @4+ E7+ E8+
Trax_7824256 JiffyJeff vs. * : @0/ B1\ A2/ @2+ A3+ D1\ B0+ D1/ E2\ C0+ D0\ C0/ E6+ B7+ C0/ B9/ E1/ D0/
Trax_7826124 jazzbeth vs. Traxplayer : @0/ @1/ B2/ C2/ B3+ B4/ A0/ A5/ D3\ C2/ C1/ E2+ F2/ A0+ @1\ A0\ @4+ E1/ F1+ C0/
Trax_7833359 jazzbeth vs. Traxplayer : @0/ @1/ A2+ B0\ A4+ C2+ A5+ C4\ A6+ @5\
Trax_7840643 Rogue Trooper vs. thebodywall : @0+ @1+ A2\ B0/ C1/ B0\ A1\ A0\ @3/ E3+ E1/ E0/ D6+ F4+ F5+ D7/ E7+ F8/ G5/ B7/ A7/ @7/ A8/ D9/ @7+
Trax_7841131 1926 vs. Rogue Trooper : @0/ A0/ @2+ B0+ C2/ @1+ B0/ C5/ B6+ A6/ @3\ E6\ D7\ F6/
Trax_7847245 dgb vs. ypercube : @0/ @1/ @1/ C2/ B0\ C4/ D4+ E3+ B0+ @3/ A2+ C4+ D6/ @4/ B5+ F2+ H4\ F0/ G1/ H4+ I3+ I5\ J1/ H0+ J6+ H7+ K3\
Trax_7847877 SweetCindyJo vs. asdf : @0/ @1/ B0+ A0/ @2\ A4\ @2/ A1/ B0\ @2+ @2/ @2/ @2/ @2/ G0+ H1/ F1+ D1+ D0/ G1+ E1+
Trax_7850315 jazzbeth vs. Traxplayer : @0/ @1/ B2/ C2/ C3/ D2/ B0/ @1+ B0/ @3\ B0+ B0/ A3+ @4+ G5/ C0/ B1\ RESIGN
Trax_7852282 * vs. robertst : @0/ B1\ B2\ A2+ @2/ C3\ @2/ E2\ A1\ B0\ @3\
Trax_7853411 jazzbeth vs. Traxplayer : @0/ @1/ B2/ C1/ C0/ A0+ @2\ @2\ A1\ A0\ A0+ @3+ E2+ G3+ D0+ E8/ G7+ D7/ H5+ F9\ F2+ H3+ I3/ J4\ I5+ H1+ E0\ J2/ K4+ I1/
Trax_7865308 asdf vs. SweetCindyJo : @0/ @1\ A0\ @1+ D2/ C1+ C0+ C4/ E4+ F4\ D5+
Trax_7869573 jazzbeth vs. Traxplayer : @0/ @1/ B2/ C2/ B3+ D2/ D1/ E3\ C4+ F2+ G2/ H1\ I2/ A0\ @2/ K2\ L3/ J1+ I0/ J5+
Trax_7871378 jazzbeth vs. JiffyJeff : @0/ A0/ B2/ @2\ B3/ @2+ B4+ @2+ D0/ E2/ A5/ C6/ E1+ A6/ C7/ E0/ @6/ B3/ E8\ D9/ G5+
Trax_7881052 ypercube vs. golfnutrof : @0+ @1+ B2+ B0\ B4/ A4/ A5/ @2+ B0/ B7/ D1/ C0\ D8+ B9/ E6/ E5/ F4\
Trax_7882540 jaha vs. Rogue Trooper : @0/ A0/ B2/ A3/ C2+ D2/ E2/ D3+ E1/ A0/ @1+ A0\ A0\ @4\ @2+ H2/ I3\ E1+ B0/ E8+ A0+ @1\ B8+ A5/
Trax_7884012 dgb vs. Traxplayer : @0/ @1/ A0/ @1/ B0/ B0/ B5/ C1+ D4+ E3+ C0+ E2/ F3\ G3\ B7+ A7+ D8\ E8+ F5/ F6+ H6+ RESIGN
Trax_7890138 SweetCindyJo vs. asdf : @0/ @1/ B0+ @2+ B0/ C4+ @1\ A0\ A4+ @1+ @2+ E1+ C0+ E1+ C0\ B2+ E1/ C0\ @5/ D8\ F9\ A8+ B9/ @7+
Trax_7893562 ypercube vs. Aphrodite : @0/ B1+ C1/ @1+ D0+ @2/ E3/ F1/ F2+ E4/ G3+ C5/ B5/ A3/ H3\ G5\ A6\ D7+ F6+ F0+ H3+ H6+ C9+ @3\ A2\ A6+ @2+ A6+ @6\ C8/ B8/ @3+ D9+ F10+ B9/ C10+ C11/ B10/ A10/ B11/ B8+ A7+ @7\
Trax_7902345 jazzbeth vs. rabbitoid : @0/ @1+ B2/ @1/ A0/ D3+ C4+ @3\ C4/ A0\ @4\ E1/ F1/ C0/
Trax_7902899 dgb vs. Traxplayer : @0+ B1+ C1\ C2\ D2/ C3/ C4/ D3+ B3+ B0/ B0/ B0/ C8+ C9/ D3+ A1+ E1/ RESIGN
Trax_7904594 asdf vs. SweetCindyJo : @0/ A2\ B2\ B3/ A3+ B1+ A4+ @3/ C4\ D4\ E4\ D1/ @3+ C0/ A5+ @4\ H5\ E0+ G7+
Trax_7905701 jazzbeth vs. Traxplayer : @0/ @1/ B2/ C2/ C3/ D2/ B0/ C1/ D1/ D0/ @3/ A0+ @2\ F0/ G1+ G4+ H3+ G8+ H5+ D8/ G9/ C7\
Trax_7906815 * vs. jazzbeth : @0/ @1/ B0+ C1+ A0\ @3+ @2/ A1+ @3\ G2+ B0/ H3+
Trax_7909804 Red Panda vs. ypercube : @0/ @1/ B2/ C2/ C3/ D3/ @1/ D1/ B0\ @2+ A3+ A1\ A0\ @4\ B5\ F0/ G3+ D0+ C6+ A1\ @4+ B0/
Trax_7910083 jazzbeth vs. Traxplayer : @0/ @1/ B2/ C2/ C3/ D3/ D4/ E3/ E2/ E1+ F2\ G2\ C4+ B0\ C0+ B0/ A2+ E8\ F6+ B7+ F4+ C8/ D9\ F3+ D1+ H5+ A6/ G3+
Trax_7912255 * vs. MT : @0+ @1\ @1/ B0/ B3/
Trax_7912324 Nukkle Dragger vs. jazzbeth : @0+ B1+ B2/ B0/ A1+ C1\ C3+ D2+ @2\ A0/ B0/ F4+ @2+ D1+ A1/ C0/ F4+ F6+ E2+ F7/ B0\ A1\ @1\ D0+ C0+ @4+ A2+ C0/ B8\ C9+ A8+ H12/ I11\ E12/ D11/ E13\
Trax_7913185 asdf vs. Traxplayer : @0/ @1/ @1/ @1/ @1/ C0+ A3/ E0/ F1/ A1\ @3+ D0+
Trax_7913186 Traxplayer vs. asdf : @0/ A0/ @2/ @2+ C0+ @2+ C0+ @1+ C0/ @2/ @3\ @3\ @3\ D4\ A1\ D0+ @3\
Trax_7913189 dgb vs. Traxplayer : @0/ B1+ C1/ B0/ C3/ D3+ B0/ A2+ A0+ @3/ B0/ @4+ F4+ C0/ B3\ A2+ E1+ F2+ B6/ RESIGN
Trax_7913190 Traxplayer vs. dgb : @0/ @1/ A0/ @2+ B0/ B4\ B5\ C2+ D2\ E2\ D1+ B0/ B0/ @1+ A0\ @4+ @4\ A2+
Trax_7913191 WONRHAF vs. Traxplayer : @0/ @1+ @1/ B0+ A3+ B4/ C4/ D2+ D1+ B5+ A1+ @2+ A3+ E5\ F5+ E6/
Trax_7913192 Traxplayer vs. WONRHAF : @0/ A2\ B2\ B1+ A3+ @2+ D2+ A1+ B0+ C1+ @3\ E1+ @3\ F4+ A1\ A0+ @3\
Trax_7915814 jazzbeth vs. Traxplayer : @0/ @1/ B2/ C1/ C0/ D1/ A3/ A0+ @4+ E5+ F2+ D0+ G5+ G7\ H6/ I5\ H4+ E7/ D8\ F8+
Trax_7915815 Traxplayer vs. jazzbeth : @0+ A0/ A3\ B1/ B0/ C2/ A0\ @3/ D1/ E4+ C0/
Trax_7920823 * vs. Rogue Trooper : @0/ A0/ B1/ C1/ B0+ @3+ D4+ E1\ @3\ A0+ @2+
Trax_7922051 rabbitoid vs. Rogue Trooper : @0/ A0/ B1+ C1\ B0/ D2\ C4\ C5+ D5\ E5\ @4\ A6+ @6/ G6+ C7/ H6/
Trax_7922164 * vs. MT : @0+ B1/ C1\ D1/ B2\
Trax_7922778 jazzbeth vs. Traxplayer : @0/ @1/ B2/ B3+ C1/ D1+ C0+ B0+ @3/ F4\ B4/ E6\ F6\ G5+ E7+ D1/ E1/ F1+ G3/ E0/
Trax_7924516 jazzbeth vs. Traxplayer : @0/ @1/ B2/ C2/ B3/ C4+ D2/ C5/ E4+ F3/ D5+ C6+ D1/ A0+ A4+ @4\ D0+ F2+ A6+ H5\ H6\ I6+ J6/ G7+ E0+ E0\ @6/ @5+ A7+ E10+ E11/ @6+ D3/ E2+ B2\ A2\ @6/ B8+ E9/ B5\ A4+ C1+ F0+ I1+ G2+
Trax_7924654 jaha vs. golfnutrof : @0/ @1/ A0/ @1/ B3/ C4/ B0/ C1/ D4+ C6/ B6/ A3+ @4\ @6+ B7/ C0+ B1\ A2+ @3\ H5/ G8+ C9/ H7+
Trax_7926316 jazzbeth vs. Traxplayer : @0/ @1+ A2/ A0\ @2\ C0/ D3/ A1\ @4/ B0/
Trax_7929209 asdf vs. SweetCindyJo : @0+ B1+ @1/ A2\ D1/ D0+ C0/ B2\ E2\ C4+ F2\ D4\ F1/ B1+ G2/
Trax_7931843 jazzbeth vs. Traxplayer : @0/ @1/ A2/ B3+ C1/ C0/ D1/ D0/ E1/ E0/ F1/ F0/ G1/ E8+ H7+ F0+
Trax_7931862 jazzbeth vs. Traxplayer : @0/ @1/ A2/ B3+ C1/ C0/ D1/ D0/ E1/ E0/ F1/ G5+ G7+ @3+ B0+ E0+
Trax_7942011 rabbitoid vs. * : @0/ B1\ A2/ @2+ A0/ @3+ A2\ @2\ @2/ B4\ A3+ A5+ @3\ A1\ @2/ D6/ E5+ B4+ G4\ G1/
Trax_7947930 SweetCindyJo vs. asdf : @0/ @1/ B0/ @2+ A3+ @3/ C3+ @3/ B2\ D0+
Trax_7949677 jazzbeth vs. Traxplayer : @0/ @1/ B2/ C1/ A0/ @2/ D1/ E1/ A3/ E4+ F1+ A5/ @4\ @1+ D0+ D0/ D8+
Trax_7957219 asdf vs. SweetCindyJo : @0+ A2/ A3/ B2\ @2+ C3+ A4+ B4+ @1/ C0/ B1+ A5\ D1/ E2/ C0+
Trax_7960010 * vs. robertst : @0+ @1\ A2\ B3\ C1\ @2/ A3/ B4+
Trax_7963848 Red Panda vs. jaha : @0/ @1/ @1/ C0/ D2+ A3+ A0+ @4\ F2\ G2\ D0/ E1+ F5+ D0/ E7+ B1\ F1/ B0/
Trax_7963880 jazzbeth vs. Traxplayer : @0/ B1\ A2/ @2/ A3/ B4\ C2+ D1\ B0/ B0/ E2+ F2\ E4+ D0+ F6\ G4+ C7\ D7+ F7\ G7\ F1+ G2\
Trax_7966284 asdf vs. Traxplayer : @0+ B1+ C1/ C0/ C0+ D2+ A1\ B0/ E3\ B0\ A1\ A0\ @1\ D1/ E1/ C0/
Trax_7966285 Traxplayer vs. asdf : @0/ @1/ A0/ @1/ A0/ @1/ A0/ @1/ A0/ @1/ B0/ @2+ C0+ A4/ @4/ @4+ F1\ B5/ D6+ D7/ C0\ G4+
Trax_7966288 dgb vs. Traxplayer : @0/ @1/ A0/ @1/ B0+ @2/ D1/ A0\ @1\ A2+ D1+ A0\ @4\ G2\ B0\ @1+ G2+ I3\ E0\ RESIGN
Trax_7966289 Traxplayer vs. dgb : @0+ B1+ C1/ C0/ B0/ B4/ B5/ C4+ @4/ @4/ F3+ D6\ D7\ C6+ E6+ G4+ B5+ D8/ D9/ D10/ @5\ B6+ G1/ H1/ E0/ D2\ G0+ F0/ F0/ H2+ D4+ E3+ F0+ I2/ RESIGN
Trax_7966290 vs.tjrt vs Traxplayer : @0/ @1/ @1/ @1/ @1/ C0+ C3\ E3\ F2/ C4+
Trax_7966291 Traxplayer vs. vstjrt : @0/ @1/ A0/ @2/ A0+ @1\ A0\ @3/ B0/ C1+ C6/ D1/ E1/ D0+
Trax_7983953 SweetCindyJo vs. asdf : @0/ @1/ C1\ C2/
Trax_7984140 Aphrodite vs. jaha : @0+ A0/ A3\ B3\ B4\ C1+ A5/ @3+ E3/ D5+ D0/ E1/ A2/ B1+ E0/ F4+ G3+ H2+ @4\ B1+ C0\ F9\ G7+ H6\ C9/ C10/ F0/ G2+ J2/ H1+ K3\ K4\ @3+ C2\ @5/ B6+ D0+ B2+ A4\ @6/ A3+ @4\ P3/ N2/ M1\ L0/ I14+ J13\ K13\ K14\ L12/
Trax_7984327 Thud vs. JonathanT : @0/ @1/ B0+ B0/ A4+ B0\ A1\ @4+ B6+ D3+ E3/ A0/ @1+ A0\ C1+ @3+ A2\ @5/ A2\ A6\
Trax_7985217 asdf vs. SweetCindyJo : @0+ @1\ C1\ C2+ C3/ A2+ A0\ @4\ @2+ B0/ E1/ @3\ G3/
Trax_7989877 jazzbeth vs. Traxplayer : @0/ @1/ B2/ C1/ C3/ D3/ D4/ E4/ E5/ F5/ F6/ G5/ H5/ H7+ I6\ J6\ J7\ J8\ J9+ K8/ H4+ K7+ L7+ L6+ M6+ I10+ I11\ I12\ H11+ J12\ L8+ G3+ D1+ H13+ E6/ G11+ G13/ J14\ K13/ G14/ G15/ F13+
Trax_7990475 SweetCindyJo vs. asdf : @0+ A2/ @2\ B0/ A2\ B0/ C1/ @1\ A0\ A5/ @5/ C6/
Trax_7996002 SweetCindyJo vs. asdf : @0/ A0/ @2/ B0+ @3/ B0+ D2+ D4\ D5\ D6\ @4+ @3/ D5\ G3+ C6/ E7\ B6\
Trax_8002767 jazzbeth vs. Traxplayer : @0/ @1/ B2/ C2/ C3/ D2/ A2+ B0\ E3+ F3/ G3+ D5+ C2/ E2+ E6/ E7/ B4/ C0\ E2/ C7+
Trax_8002768 Traxplayer vs. jazzbeth : @0+ B1+ C1/ B0/ B3/ D2+ B4/ C3+ @3/ F3+ C5+ G3/ C0+ E2+ E5+ F3/ D7+ F6+ H4+ D8/ E8+ H3+ G5+ H6+ I5+ C7+ @4\ A3\ @3\ D1+ E0/ B6+ @6+ @6\ C7+ A3\ E7+
Trax_8002815 Rogue Trooper vs. JiffyJeff : @0+ @1+ A0/ A3/ @3/ D2+ C3+ C4\ E2+ D3+ B5+ @3+ B1+ @3+ B5/ @3+
Trax_8002861 ginifish vs. * : @0/ A2\ B1/ B0+ C2\ C3\ B4\ D2/ E2\ C1/
Trax_8002936 JiffyJeff vs. Traxplayer : @0/ @1+ @1\ B0/ C1+ B0\ B0\ C2+ A2+ @3+ E3/ F2\ G3/ H2\ G4/ H1/ RESIGN
Trax_8013372 * vs. Red Panda : @0/ A0/ A0/ A0/ B2+ @1+ @2\ @4+ D5/ E6\ F4+ D7/ C7/ @7+ B8+
Trax_8016756 ditzyblue vs. HeatherN : @0/ @1\ A0/
Trax_8016757 HeatherN vs. ditzyblue : @0/ A2\ B2\ @2\ A3\ @1\ B0/ D4/ E3/ E2/ C1+ F3\ F4\ F1/ G1/ E5\ E6\ F6\ G4/ D1/ C5+ B6/ C7\ E0\ D8+
Trax_8016762 mark2804 vs. HeatherN : @0+ A0\ A3/ @1\ A0\ @1\ A0\ @3/ @3+ A4/ B6/ C0\ A7+ B8\ B9+ A0\ @1+ B0\ A4\
Trax_8016763 HeatherN vs. mark2804 : @0/ B1\ B2\ A2+ B3\ C2\ C3\ D3\ B4/ B5+ A5/ @4/ @4/ A5/ B6/ B7/ A6/ E7+ B2\ D8+
Trax_8016766 golfnutrof vs. HeatherN : @0/ @1\ A0/
Trax_8016767 HeatherN vs. golfnutrof : @0/ @1/ A2\ B2\ C1/ A3+ @2\ @3/ B4\ C0+ C0\ D1+ @5\ B2+ A3\ @4/ B6/ D7\ E0\ F8\ F9\ G6\
Trax_8016770 HeatherN vs. Jools : @0/ B1\ A2/ A3+ @1\ B0/ D2+
Trax_8016771 Jools vs. HeatherN : @0/ @1/ B2+ @2/ C3/ A3+
Trax_8019541 jazzbeth vs. Traxplayer : @0/ @1/ B2/ C2/ C3/ D3/ D4/ E3/ E2/ E1/ C0+ @2+ F0+ E0/ G3+ B5/ D2+ H2\ I3/ J2\ G1+ J0+ K4/ L3\ M2+ N2\ K5+
Trax_8022367 Thud vs. * : @0+ @1+ A2\ B0/ A4\ @3\ D1+ A1/ C0/ @5/ RESIGN
Trax_8022487 Red Panda vs. jazzbeth : @0/ @1/ A0/ @1/ A0/ @1/ A0/ @1/ B0+ @1+ D1\ E2+ F2+ F3+ F6/ G4/ H6+ H7\ I7\ F8+ I4/ I3/ J5\
Trax_8026958 Rogue Trooper vs. rabbitoid : @0+ @1\ B2+ @1\ A0\ C0+ D1/ B0/ B0+ @2\ A4+ E6+ F6/ G4+ D1+ C6+ @3+
Trax_8027160 dgb vs. Traxplayer : @0/ @1/ B0+ @2+ A0/ C4\ D4\ C5\ C1/ E4+ A4+ E5/ E3+ F4\ G4\ G6+ D6+ E1/ D0\ D8/ F3+
Trax_8028838 Rogue Trooper vs. jazzbeth : @0+ A2/ @2\ B0/ C1/ C0/ B5/ D2+ A1\ A0\ B1+ D5+ @1\ C0/ A7/ E1/ B8/
Trax_8029051 dgb vs. Traxplayer : @0+ B1+ C1\ @1/ D2+ @1+ B0+ F3\ F4+ B0/ G4\ F3+ C4+ @3\ B1+ D2+ F6/ E5+ B4/ B5/ B6/ I3/ I2/ @3+ C7/ RESIGN
Trax_8030250 JonathanT vs. * : @0/ A0/ @1/ B0+ @2/ D2/ B3+
Trax_8030915 dgb vs. Traxplayer : @0/ B1+ C1/ B0/ C3/ D2\ E2+ @3\ B1+ C0+ D5/ @4\ F5\ RESIGN
Trax_8032340 dgb vs. Traxplayer : @0+ B1/ @1/ A2/ A3+ D1+ B0+ @2+ A1\ @1\ D0+ @2/ G4+ H3/ H2/ H1+ I3+ I4\ I5+ RESIGN
Trax_8034008 JiffyJeff vs. ypercube : @0/ @1/ A0/ @2/ @2/ E2/ B3\ A0+ @3/ E1/ RESIGN
Trax_8034771 Traxplayer vs. Playoria : @0/ @1/ A0/ A0+ @1+ B0/ @3/ D2+ C0/ E2+ E4/ F3\ C6+ D7/ E5+ RESIGN
Trax_8034782 Playoria vs. Traxplayer : @0+ B1+ C1+ D1+ D0\ C3/ C4/ A3+ E2/ B5/ @3\ @3\ B4+ A1\ RESIGN
Trax_8034783 Traxplayer vs. Playoria : @0/ @1+ @1\ A0\ @1\ D0+ E1/ B0\ F2\ A1+ @4/ C5+ @3\ A2\ A0\ @2/ H2/ RESIGN
Trax_8041383 golfnutrof vs. jazzbeth : @0/ @1/ B0/ @1/ D2/ B3/ E2/ E1/ F1/ A3/ F0/ F0/ F0/ F0/ G2+ C8/ H2\ B8/ @1+ D0+ F0+ F0/ H2+ I4+ I2+
Trax_8042247 Traxplayer vs. Playoria : @0+ A0/ A3\ B1/ B0/ C1/ C0/ D4+ A0+ @4+ @3+ B0+ @1+ @3\ I5+ J3+ I2/ I1/ J1/ K3\ G1+ RESIGN
Trax_8043181 dgb vs. Rogue Trooper : @0+ B1+ C1\ B0/ B0/ A2+ B0+ A0/ @1+ C6+ B0/ @2/ E2/ F5+ C0+ B0+ A1+ @4\
Trax_8043330 jazzbeth vs. Traxplayer : @0/ @1/ B2/ C1+ A0/ B4\ A4+ @2+ E3/ B5/ A4\ @4/ E1+ D6+ F4+ @4\ B3+ H4\ G6+ I3/ I2/ I1/ F0+ F0/ J2\
Trax_8045104 Thud vs. Rogue Trooper : @0/ A0/ B1/ C1/ C0/ B4+ D4+ E1+ F2+ B5\ E5\ E6/
Trax_8045144 JiffyJeff vs. JonathanT : @0/ A0/ B2/ A3/ A0/ @3+ C1/ C5\ D4+ B6/ A6/ @3/ B0/ E7\ F5\
Trax_8054645 Rogue Trooper vs. Traxplayer : @0+ B1+ A2+ @1+ B3+ B0/ C4+ B5/ B0/ D2+ E1+ B0/ F2+ D5\ A7+ @7\ B1+ A1\ A0\ @1\ G7/ B9/ A9/ B0+
Trax_8054680 * vs. jazzbeth : @0+ A2/ A0+ @2+ @2+ A1/ B0\ C0+ D1/ @3/ E4\ F5/ C0/ G6/ E7+
Trax_8054855 Red Panda vs. ypercube : @0/ @1/ A0/ @2/ @1+ B0\ @3\ @3\ D0\ C1\ @1+ B0\ B0\ A1\ @2\ H3+ E2+ H7\ I6+ @2\ A1\ C0/ G9/ @4\ F8+
Trax_8056459 Playoria vs. Traxplayer : @0+ B1+ C1/ @1\ D0/ D0\ B2+ D4/ D5/ E2+ F3/ F6+ G3+ D0/ E1/ H5+ D0\ C2/ H9+ I9\ J9+ H10+ J6/ K8+ D9\ G10/ F10/ I5/ I4/ I3+ J5+ C8+ E11+ D10+ B10/ B11/ D12\ K4\ L5/ K3+ I2+ F1+ F0/ J2+ G0+ J0+ K3\ M7+ M10+ N4+ N3/ O6\ RESIGN
Trax_8056460 Traxplayer vs. Playoria : @0/ @1/ A0/ A0+ B4/ C3/ @3+ A0/ E5+ C6/ C7+ B5+ A6\ B7+ @5+ @5/ C0/ E2\ B1+ A3+ @6/ G1/ RESIGN
Trax_8058444 Rogue Trooper vs. Traxplayer : @0+ B1+ A2\ B0/ C1/ D1+ C3+ B4/ B0+ A1\ @1+ C0+ A6/ RESIGN
Trax_8058497 * vs. ginifish : @0/ A2\ B1/ B2+ A3/ @2\ B0+ B0\ @1+ A4+ A5/ @5/ A6/ E5+ @5+
Trax_8059705 jazzbeth vs. Traxplayer : @0/ @1/ B2/ C2+ A2+ @2/ D3\ E1\ C0/ A2+ F1/ RESIGN
Trax_8060691 Rogue Trooper vs. Traxplayer : @0+ B1+ A2\ A0\ A0+ @3+ D4/ B0/ C1/ C0/ RESIGN
Trax_8060795 golfnutrof vs. jazzbeth : @0/ @1/ A0/ @1/ D2/ B3\ E2\ D3+ C1+ D4/ C0\ A5+ C6\ B0+ E7\ D8/ F4\ @5/ G3/ G2/ H3\
Trax_8070499 rabbitoid vs. Rogue Trooper : @0/ A0/ B1+ B0+ A4\ C3/ @3/ D4+ C5\ @3/ B1+ @1+ E6\ G6\ E7\ A7/ @3/
Trax_8070788 jazzbeth vs. Traxplayer : @0/ @1/ A2+ C2/ D2+ D3+ E2/ C4/ E1/ F2+ E3\ E4\ E5+ F3+
Trax_8075923 jazzbeth vs. ginifish : @0/ B1\ A2/ @2/ A3/ C3\ B4/ @1\ C0+ A1\ A0/
Trax_8075924 jazzbeth vs. Rogue Trooper : @0/ A0/ B1+ C2/ D2/ E1\ F2/ C0\ C4\ C5+ D4+ G4\ E5+ G1/ C6/ H3/
Trax_8077769 jazzbeth vs. Traxplayer : @0/ @1/ A2+ B3/ B4/ @3\ D2\ E2\ D4+ E0/ F3+ B1\ A1\ C0/
Trax_8077816 ypercube vs. dgb : @0/ @1+ C1+ @1+ B2\ @1+ D0\ E4\ F4\ D5/ C5/ B5+ G5/ C6/
Trax_8080228 * vs. jazzbeth : @0/ @1/ B2+ A0+ B4/ C2/ D2+ C4+ D1/ A0/ @2+ @2/ B5/ D6/ F1+ C0/ G4+ C8/ B7+ A6+ @4+ E8+ H6+ I4/ J5\ J6\ G7+ E9+ E10/ I2/ J3/
Trax_8080828 Rogue Trooper vs. Traxplayer : @0+ B1+ A2+ @1+ D1/ D0/ C0+ C0\ A3+ E3+ D5+ D6/ D7/ F4+ E7\ E8\ B7/ B8/ D8+ @3\ B1+ D9+ F9\ G9\ H5\
Trax_8083218 Playoria vs. Eunhye : @0+ @1+ C1\ @1+ D2/ @1/ A2/ B3\ D2+ A4/ @4/ A2+ F3\ G2/ D0/ D5+ D6\ F5+ D0/ D8\ E7\ C1\ C0/
Trax_8085857 jaha vs. Rogue Trooper : @0/ A0/ B2/ B3/ C2/ C4/ D3+ C1/ C5\ E3\ E2+ F2\ A0+ @2+
Trax_8087580 jazzbeth vs. ypercube : @0/ @1/ A2+ A3/ @2/ @2/ D0+ E2+ F3/ F4+ F5/ G4+ H4/ A4+ @3/ J3\ K4/ K2\ I5+ L2/ L1/ L5\ J6/ M4/
Trax_8092647 Playoria vs. birddog856 : @0+ A2/ A3/ B3/ A4+ C4/ @1+ B0/ C6/ E6/ C1/ D1+ @4/ A5/ C0+ B1\ A1+ RESIGN
Trax_8096257 golfnutrof vs. ypercube : @0/ @1/ A0/ @2/ A0/ A0+ B1/ C2/ C1/ @1\ A0\ @1\ A0\ F6/ C7/ @1\ A0\ @1\
Trax_8096449 Nukkle Dragger vs. jazzbeth : @0+ A2+ A3+ B3/ @3/ C4/ D4+ C5+ A5/ @3/ C0+ F6/ C7+ D8/ E8+
Trax_8102060 birddog856 vs. Playoria : @0/ @1/ A0/ @2+ B0/ A4/ B4+ @3+ @4\ C5/ C0\ B1\ B7\ F4/ F3/ @6+ H5+ F6+ F8+ H7+ A8+ RESIGN
Trax_8102581 * vs. ginifish : @0/ B1\ B2\ C2\ C0+ D1/ E1+ D0\ E5\ F5\ B5/ D6\ A5\
Trax_8108741 rabbitoid vs. * : @0/ B1/ B0+ B0+ @3+ B4+ C5+ C6\ D6\ E6+ E7\ D7+ E8\ B6+ E9/ C8+ D9+ F8+ C0\ F4+ G6\
Trax_8111782 * vs. golfnutrof : @0/ A0/ @1/ B0/ @1+ A0\ @3\ B4\ @2/ A5+ @4+
Trax_8112554 Rogue Trooper vs. Traxplayer : @0+ B1+ A2+ @1+ B0+ @2+ A3\ A1\ C0+ B5+ B6/ @3+ E5/ F4\ A4+ A1\ @2/ F1\ D1+
Trax_8112868 Eunhye vs. Playoria : @0+ A0/ A3\ B1/ B0/ C1/ C0/ D4+ @1+ D0+ B7\ A7\ F7\ D8+ B8+ G7\ @8/ A9/ H5+ B5/
Trax_8113581 Eunhye vs. asdf : @0+ @1+ A0/ B3\ @1/ @2\ A3\ A4+ @4+ B5\ @2\ A1\ A0\ @1\ B0/ C1+ C0/ G1+ G0/ H4\
Trax_8113582 asdf vs. Eunhye : @0/ A2\ B2\ C2\ D2\ A3\ A4\ C3+ D1+ E2\ C4\ C0\ F5\ E6/ F2/ F1/ G3\
Trax_8113583 Eunhye vs. dgb : @0+ B1+ A2\ B0/ C1/ D1+ C3+ E1+ E3\ E4\ B0+ A1\ A0\ @4+ @3+ @3\ C0\ A5+
Trax_8113584 dgb vs. Eunhye : @0+ @1+ C1\ @1/ C2\ B2/ C3\ D2+ C4+ B3/ A3/ E3/ F2\ E1+ G2\ H1+ H0/ G5\ H5\ I3/ C1/ F0/ F7+
Trax_8113585 Eunhye vs. Traxplayer : @0/ @1/ A0+ A3\ @3\ @2\ B4/ A4/ @2\ A1\ @1\ C0/
Trax_8113586 Traxplayer vs. Eunhye : @0/ B1\ A2/ A0/ @2+ D1/ D0/ B1+ @2+ F1/ F0/ G1/ G0/ D0\ C3+ H5+ H7+ C8/ A8+
Trax_8113589 asdf vs. Traxplayer : @0/ @1/ C1/ D1/ @1/ C0+ D3+ E0/ F1/ A1\ A0\ @3\
Trax_8113590 Traxplayer vs. asdf : @0+ @1+ C1/ C0/ B0/ D2+ C4/ D1/ E1/ E0/ E5\ F5\ E6/
Trax_8113591 dgb vs. Traxplayer : @0/ @1/ B0+ B0/ @3\ @3\ C4/ C5/ B6+ @4+ @6\ G4+ F6\ A7+ D7+ @6+ B4+ C8+ C2\ B2\ A2+ C1/ D1+ E1/
Trax_8113592 Traxplayer vs. dgb : @0+ B1+ C1/ C0/ D1\ C3/ C4/ C0\ D4\ E3+ D1+ C6/ F3\ G3\ E5+ C7/ A7+ E7\ C8/ @4/
Trax_8116418 Playoria vs. birddog856 : @0/ @1/ C1/ A2\ @2\ B3\ A0+ B0/ B6+ @5\ D6\ C7\ C8\ C9+ D4+ E6\ F3+ G3\ H6+ G7\ G8\ H8\ I8\ J7+ F9/ F10/ I11/ G11+ @6+ C7+ F11\ F7+ F12/ E12/ D12/ B10+ J12\ K10+ H13+
Trax_8116858 JiffyJeff vs. * : @0/ A2+ B1\ B2+ B3\ @2\ A0+ D3/ B0\ D2/ E2/ D6/ E1+ A0/ @3+ A1\ B0/ @3+ E1/ E0+ C1\ D0/
Trax_8116865 golfnutrof vs. JonathanT : @0/ A0/ @2/ @2+ B3/ D2+ C0/ @3+ F2\ F0/ G1/ B1+ C0+ A3+
Trax_8123966 jazzbeth vs. Rogue Trooper : @0/ A0/ B2/ A0/ B1/ B0/ @3\ D2+ C5+ E5+ F4+ A1\ C0+ E7\ @4+ D7/ D8/ E8+ H4/ G3+ G6+ B7+ H7\ H8\ G9/ G10/ F9/ B9/ E10+ A8/
Trax_8124132 jaha vs. Nukkle Dragger : @0/ A2\ B2\ B3+ @2+ B4+ A5\ C5+ D2/ D1/ D5\ B6/ @3\ F5/ F4/
Trax_8129244 * vs. ginifish : @0/ B1\ A2/ A3/ A0/ B4\ A5+ A6\ B6\ A0\ @4+ D5\ D1/ E2\ B0/
Trax_8130263 Rogue Trooper vs. Traxplayer : @0+ B1+ A2+ @1+ B0+ @2+ A3\ A1\ A0+ @3+ D1+ C5+ A4+ @3+ RESIGN
Trax_8131474 dgb vs. JonathanT : @0+ @1+ C1\ D1\ D0\ D3\ E3+ E4+ F2+ D0\ F5\ C1+ F6+ F7+ G7+ G3/ D6/ D7/ G8/ G5+
Trax_8133364 Rogue Trooper vs. Traxplayer : @0+ B1+ A2\ B0/ C1/ D1+ C3+ B0\ A1/
Trax_8136903 rabbitoid vs. * : @0/ A2+ A3/ @3/ C1+ B0/ A2+ @2\ E3/ D4+ D5\ F2\ E1+ E6/ B7+ A7/ @6+ D8+ H4+ I4/ G7+ I6/ J5\ I8+ H2+ H0/ I1/ J4+ C9+ K9+ K4+ L7/
Trax_8137683 birddog856 vs. Playoria : @0/ A0/ B2/ B3/ @2/ D2\ C4/ C5+ B3+ @2+ F2+ D6/ @2/ D5+ F5+ RESIGN
Trax_8142158 birddog856 vs. Playoria : @0+ A0\ A0+ B2+ A0\ @1+ @2\ C0\ E3\ @3\ B1+ @2+ B4+ A0\ @1\ E1+ C0\ F8\ E8+ G7+ F9\ H9/ G10/ F11+ I5/ I4/ I10\ I11\ I8\ RESIGN
Trax_8145809 JonathanT vs. Playoria : @0+ A0\ A0\ A4\ B1/ B0/ B0/ B0+ C5\ B6+ A1+ A0\ @1\ C1/ A0+ D3+ E2\ E1\ B0/ C1/ @4/ A5/ G4+ H5+
Trax_8148758 Rogue Trooper vs. Traxplayer : @0+ B1+ A2\ A0\ @1\ @2\ B3/ C4/
Trax_8148759 Traxplayer vs. Rogue Trooper : @0/ B1+ C1/ C0/ B0/ A2+ A0+ @3+ A2+
Trax_8149376 JonathanT vs. golfnutrof : @0/ A0/ B2+ C2\ A3/ @3/ D4+ E2\ D1+ F3/ G3/ F5+ F6/ F7/ H5+ H2+ A5+ E0+ @2\ A1\ B8/ A8+ B9\
Trax_8152972 asdf vs. ypercube : @0+ B1+ C1/ @1+ C0\ D3/ D4/ C0+ A4/ C6+ A7\ E1/ E0/ E6+ E7+ F4/
Trax_8152973 ypercube vs. asdf : @0+ A2\ A0/ B1/ B0/ C1/ C0/ D1/ D0/ E1/ B0+ @1+ G4+ E8+ H7+
Trax_8152976 SnugglyBear vs. ypercube : @0/ @1/ A2+ C1/ B3/ D3+ D4\ E4\ E5\ E1/ E0+ F4/
Trax_8152977 ypercube vs. SnugglyBear : @0+ @1/ C1+ C0/ C3\ D1/ D0/ E1/ E0/ F3\ F5\ E6/ G3+
Trax_8152978 dgb vs. ypercube : @0/ @1/ B0+ C1+ B3/ B4+ C0+ D2+ D3+ E3\ B6+ D5/ A6\ RESIGN
Trax_8152979 ypercube vs. dgb : @0+ B1+ B2\ A0/ C1+ @2+ B0/ C0/ C0/ A4+ A6+ C0/ D7\ B8/ E5/ D2+ @7\ @7\ @7\ C4\ E3+ A8+ RESIGN
Trax_8154895 birddog856 vs. * : @0/ B1\ B2\ C2+ C0\ D3+ D2/ C4\ E2+ F3/ E4+ G3+ H3/ D5/ B5/ A3/
Trax_8162907 birddog856 vs. Playoria : @0+ A0+ @2/ @2/ D1\ D3/ E3/ C0\ C0\ E4/ B3+ @3/ C6/ C7/ A4+ D8\ E6+ B8/ B9/ @4/ B8+ A9\ F1\ C10/ D10+ B7+ A5+ RESIGN
Trax_8162967 Rogue Trooper vs. Traxplayer : @0+ B1+ A2+ @1+ B0+ D2+ @2+ F2+ @2+ H2+
Trax_8163710 jazzbeth vs. asdf : @0/ @1/ B2/ C1+ D2+ C0/ B1+ D4+ E3/ F3/ E2+ @2/ E1/ B4/ B5/ D0+ C0/ D0\ C0/ G5+ F4+ E3+ G3+ H3/ F2+ G1+ G0/ B3+ I3\ G0/ D0\ C1\ I1/ B1/ J2/
Trax_8163744 Red Panda vs. ypercube : @0/ @1/ B2/ @1/ A2+ @2/ @2+ F1/ B3+ C4/ A4\ B5\ A1\ E0+ @3+
Trax_8164338 Cherokee Girl vs. birddog856 : @0+ A2/ A0\ @1\ @2\ B0/ @4\ @4\ C2\ A5\ C5/ C6/ A3\ E6\ E7\ F4\
Trax_8166390 birddog856 vs. Rogue Trooper : @0/ A0/ @1/ B0/ @2+ C0/ @1/ E2+ E0+ A4\ A1\ @3+ G1/ F0+
Trax_8169708 Pilus vs. birddog856 : @0/ A0/ B1+ B3/ @2/ D1/ @2+ E3\ E4\ F1\
Trax_8169849 birddog856 vs. JonathanT : @0+ @1+ C1/ C0/ D1\ E1\ C0/ C0/ C0/ D0\ E0\ E0+ F1+ F0/ G7\ F0\ E1\ E0\ D1\ D0\ C4+ RESIGN
Trax_8169850 JonathanT vs. birddog856 : @0/ A0/ A0/ @2+ @2/ @3\ B1+ A0/ C0+ B0/ @4+ F2\ C0/ D0\ E3+ D0+ B10+ B5+ B1\ A3+ @4\ G9\ G10/
Trax_8169852 birddog856 vs. JonathanT : @0/ @1/ B2/ B3/ @1+ A2+ C4/ C5/ D3+ E4+ @2\ D0/ C0+ A2+ A5/ @4+ A7+ B8+
Trax_8169853 JonathanT vs. birddog856 : @0/ A0/ A3/ B3+ @3+ D2/ E2/ D3+ B0/ B5\ B6\ B7\ @2+ @3\ B4+ E6\ G5+ H5\ F2+ C0+ RESIGN
Trax_8171963 ypercube vs. jaha : @0/ A0/ B2/ B3/ C3/ B4+ B5/ B6/ D3/ A5+ @3\ @2+ A0+ A0/ @3+ G7+ H5/ E9\ G8+ I5+ G4+ E3/ B6/ RESIGN
Trax_8172549 yetluther vs. birddog856 : @0/ A2\ B1/ @2\ C2\ D1/ B3/ A0\ @2/ B4+ A1\ @1\ A2+ A4/ B5\ @2+
Trax_8172632 yetluther vs. birddog856 : @0+ A2/ @2\ A1\ B0\ @2/ A3+ C4\ B1+ D3\
Trax_8172641 yetluther vs. birddog856 : @0+ A0\ A3/ @1\ A0\ @4+ A5/ @1+ A5+ @5\ A3\ C6/
Trax_8172668 yetluther vs. birddog856 : @0/ @1/ B0/ A0+ A0/ @3+
Trax_8177968 Rogue Trooper vs. Traxplayer : @0+ B1+ A2+ @1+ A0\ @1\ RESIGN
Trax_8178563 * vs. asdf : @0/ A0/ B1/ C2/ B0/ B0+ C2/ @1+ @4+ @2/ A3/ A1\ C0+
Trax_8180777 jazzbeth vs. rabbitoid : @0/ @1/ B2/ B3+ C1/ D3/ C4+ @1/ A2/ E1+ D0+ B0+ @5\ B6+ @4+ A5+ A7+ D7+ B8+ @5\ @4/ F0/ F0/ C2+ B3/ J6/ F10\ E11+ G11\ E12\
Trax_8186536 Playoria vs. birddog856 : @0+ A2\ A0/ B3\ B4\ C1+ C0/ C0/ D2\ D6+ RESIGN
Trax_8188850 Rogue Trooper vs. * : @0+ @1+ A2\ A0\ A0+ B1+ B0/ C1+ C3+ D4/ C5+ E3\ F4+ F2/ E1+ F6+ F7/ G5+ G2+ H3/ D0/ C0\ B1\ A1\ @4+ A6/ G3/
Trax_8189940 Rogue Trooper vs. Traxplayer : @0+ B1+ A2\ A0\ B1+ @2+ D2/ E1\ RESIGN
Trax_8190321 JiffyJeff vs. birddog856 : @0/ A0/ A3/ B3/ A0/ @1/ B5/ A3+ C1/ @1\ RESIGN
Trax_8192396 dgb vs. Traxplayer : @0/ @1/ @1/ A2+ B3/ D1/ A0+ @1\ E0/ F1/ F0/ @3/ @3/ A4/ A5+ G7+ H4+ I2\ B6+ C7/ E8\
Trax_8193231 birddog856 vs. golfnutrof : @0/ @1+ A0/ B1/ A3\ @3\ @3\ B1+ C0+ A5+ B6+ E3+ F2\ E1+ D5+ D7\ E7\ F4+ C8+ G7\ B7+
Trax_8196824 NetKissa aka Knit This vs. Traxplayer : @0/ @1/ B0/ @1+ C0/ D1/ A0+ B0+ A1\ @4\ E0+ F1/ G1+ E0+ G5\ H5\ C2+ E8+ F8\ H2\ I4+ G6+
Trax_8196825 Traxplayer vs. NetKissa aka Knit This : @0/ B1/ @1/ A2/ A0+ @1\ A0\ @3/ E1/ A0/ F2\
Trax_8196828 gigino42 vs. Traxplayer : @0/ @1/ A2/ B3+ @3\ D2+
Trax_8196829 Traxplayer vs. gigino42 : @0/ B1\ A2/ @2/ B0+ C3+ A4/ @4/ D5+ B6+ B0/ D2+ @4+
Trax_8196830 asdf vs. Traxplayer : @0+ B1+ B0+ C2+ B0+ C1\ A1\ A0\ @3/ E2\ D1+ F2\ G2\ G5+ H5\ H6\ I6\ H1+ H0/ G0+ J8\ J9\ K9\ H10+ B7/ @7/ A8/ F8/ D2+ E8\
Trax_8196831 Traxplayer vs. asdf : @0/ A0/ @2/ @2+ D1/ @2\ E0+ B4/ B5/ @4+ B0+ A1\ @5\ @5\ C0\ B1\ B0\ A1\ E2+
Trax_8196832 dgb vs. birddog856 : @0+ A2/ A0\ @1\ B0\ B0\ C1+ @4/ C6/ C7/ D7+ E6+ A2\ @4/ G2/ G1/ B5+ RESIGN
Trax_8196833 birddog856 vs. dgb : @0/ @1/ A0/ @2+ C3/ B0\ @3\ @3\ @3\ A1+ G3\ B4+ A5+ B0/ E1+ F3/ F0\ E0/ H5\ B2\ A3+ @3\ RESIGN
Trax_8196834 dgb vs. ypercube : @0/ @1/ @1/ B0/ B0+ B0/ B0/ B0/ B0/ C2+ A1+ @2+ C0+ @3\ A4+ @3+ G6+ C6+ A5+ H7/ H5+ I4\ B7+ J6/ F9+ RESIGN
Trax_8196835 ypercube vs. dgb : @0/ A0/ B2/ A3+ @1/ D2\ B4\ C5/ A4\ D5+ E5/ F3+ D6+ B6+ G4/ E6+ E1+ G2+ E0+ E8/ G6\ H6\ F8+
Trax_8196836 birddog856 vs. ypercube : @0/ @1/ B2/ C2/ A0/ @1/ C4/ D5/ B0/ A3/ D7+ E4/ F5+ C6+ B6/ B7/ F8\ G6/ B8+ RESIGN
Trax_8196837 ypercube vs. birddog856 : @0+ A2\ @2+ B0\ C3\ D3+ B0\ D5/ C6\ C2/ E5\ @6\ B1+ B0\ A5+ B8/ G6/ F5+ B9+ A9/ @7\ F9/ B10/ @10+ B3\ RESIGN
Trax_8200084 dgb vs. Traxplayer : @0/ @1/ B0+ @2+ A0/ A4/ B4+ B5/ B6/ D3+ E3/ @1+ @1\ A0\ @1\ B0+
Trax_8200430 Rogue Trooper vs. Rafael : @0+ B1\ B2/ C1\ B3/ A0\ B1+ D1/ C0/
Trax_8200685 JonathanT vs. birddog856 : @0/ A0/ B1/ B3/ A0/ @3+ D2+ @3+ F2+ @3+ C4/ E1/ E0/ G1\ H2/ I1\ B1\ C0/ G6\ E7/ H4+ G1/ I6\ H7/ J4\
Trax_8203428 jazzbeth vs. golfnutrof : @0/ @1/ B2/ @1\ A0\ @1+ @1/ A3+ F2+ D1+ D0\ B5/ G4/ G5+ C6+ B7\ C8/ D7+ E8/ G6+ H4+ C9+ @2/ C1/ J5\ J6\ G2+ D10\ F1+ C0\ B2+ G11+ @2\ I9/
Trax_8205832 * vs. Nukkle Dragger : @0/ A2\ B2+ C2/ C1/ C0+ D3\ D4\ @3\ B0+ E2/ F2/ @3/ G4\ H3+ H5\ I4/ H2/ C0/ A1/ F2+ E6/ G7/ B0\ @1+ I2\ B0/ @4+ A7/ @6+ D8/
Trax_8214935 Rogue Trooper vs. ginifish : @0+ @1+ A2\ B0/ C1/ A1\ C0+ @4/ C5/ E2/ A2\ @4/ A5/ @4\ D6/
Trax_8216901 JiffyJeff vs. jaha : @0/ A0/ A0/ A0/ @1/ A0/ C5/ C2/ A4\ @5/ RESIGN
Trax_8218253 asdf vs. JonathanT : @0+ A0+ A3+ A0\ @1\ @1\ @2\ A1\ E2\ F3/ G2\ H2\ I2\ G1+ G0\ G5+
Trax_8218254 JonathanT vs. asdf : @0/ @1/ B2/ C2/ C3/ D3/ D4/ D5/ E3+ F5/ F6+ E7+ C7+ B6\ C5+ A6\ @6\ F2/ G4/ H6\ I6+ G7+ J4/ J3/ C3+ F1+ D0+ A8+ E9\ A2\ C1+ @2\ A5+ @6/ B7+ D0/ D0/ C2+ I11\ I12+ H12+ I13\ I14+ K10+ L10/
Trax_8218283 JonathanT vs. Red Panda : @0/ A0/ B2/ B3/ B4/ C4/ B5/ D5+ D6\ C2+ E5/ @1\ A0/
Trax_8218313 ypercube vs. JonathanT : @0/ @1/ B2/ C2/ C3/ D2/ D4/ E2+ F3+ D5+ G4+ G6+ E7\ H4/ H3/ A2/ D1/ H2+ B3+ C0+ B0/ G2+ F1+ E0/ D0+ D0\ C0/ D0\ I9+ D13+ C13+ C11/ B5+ @6+ F2+ G2\ H3/ I7/ @8+ J12\ K10+ E0/ C5+ K4+ K3/
Trax_8218314 JonathanT vs. ypercube : @0+ B1+ @1/ D1+ D2\ D0\ E2/ F1\ D0\ A4/ A5+ A2+ @3+
Trax_8218333 golfnutrof vs. birddog856 : @0/ @1/ A0/ A3\ B1/ @2+ C3+ D1/ D0/ E4+ F3+ F0\ A1\ @4\ E0+ F7/ A2+ @5\ B6+ E7/
Trax_8218398 JiffyJeff vs. JonathanT : @0/ @1/ A0/ @1/ B3+ D3/ @1/ C0+ D1+ E5\ F4/ D6/ C6/ B4/ @2/ F2/
Trax_8218399 JonathanT vs. JiffyJeff : @0/ @1/ A0/ A3\ A4\ B3\ C2/ @2/ @2/ A5\ C5+ @2/ @2/ C6+ @1\ E0+ A7/ RESIGN
Trax_8220214 Traxplayer vs. JonathanT : @0/ @1/ @1/ A0/ @2/ B0+ C1/ D4+ E3+ E2+ C0/ C0/ C0+ @4\ B3+ G2/ G1/ @5+
Trax_8220215 JonathanT vs. Traxplayer : @0/ @1/ A0/ @1/ B3/ B0\ @2/ B3+ C0+ B2+ A1/ @4\ F5\ D6+ E1/ B0/ B6+ @5+ B0\ A3+ @4\ I7+ F9\ J7\ I8\ I10+ RESIGN
Trax_8220655 jaha vs. JonathanT : @0/ @1/ A0/ A0/ @2+ B0/ C1/ D4\ B5+ C0/ E1+ E0/ E0/ F1/ G1/ @3+ D2+ I2+ @4+ G8+ H0+ H7+ F10\ I5+ K5\ K6\ I8+ J9+ I10\ I11\ J11\ K11\ L11+ H12/ G12/ L4+ L3+ RESIGN
Trax_8220656 JonathanT vs. jaha : @0/ A0/ @1/ A0/ C2/ @2\ @2\ D1+ D0/ F2+ B2+ F3+ @2\ B1+ B0\ A1\ A0\ @4+ C0/ D1+ E1\ E2\ A6/ A7/ @4/ @3+ F4+
Trax_8227433 ypercube vs. JonathanT : @0+ A2/ A0\ @1\ A0\ @1\ D4/ E3\ F4/ C5/ @4+ @3+ C0+ H7\ I7+ B7+ I8/ A6+
Trax_8230569 Rogue Trooper vs. golfnutrof : @0+ @1\ A0/ B1+ C1/ C0/ C0+ A2+ C0+ A1\ @1\ D5+ E3/ C6\ C7\ C8\ B8+ A6+ A2/ @3\ @5+ B6/ A6/ @4+ I2/ I1/ J1/ H0\ D0\ C2/ B2/ H1+ E0+ B11+ B2\ A2\ D0/
Trax_8230681 jazzbeth vs. asdf : @0/ @1/ B2/ C2/ C3/ D3/ B0+ @1/ B0\ A3+ A4\ @4\ C5+ @3/ B2+ @2+ D1+ @3\ @2/ D5/ C5/ @4+ G0/ H0\ G0/ D4\ C3/ I3+
Trax_8245417 * vs. jaha : @0/ A0/ B2/ B3/ A0/ @2+ B0/ C1/ D1+ B0+ E3/ F5+ F7+ G7\ H7\ F8/ C9+ B6/ @6/ A7/ D10+ A10/ @9/
Trax_8246374 Playoria vs. birddog856 : @0/ @1/ C1/ A2\ C0+ D1/ E1+ D0\ D0\ D4+ F3/ A2+ @4/ F2+ F5/ C0\ RESIGN
Trax_8249102 Playoria vs. birddog856 : @0/ @1/ @1/ A0/ A0+ B1+ B0/ @3+ @3/ @4\ @3/ C5\ A6+ @4\ D7\ E7\ @3/ E8+ F9/ E10\ F11/ @4+ F2+ B1\ A3+ D0/ F2+ I1/ G0/ J2+ RESIGN
Trax_8249290 chikady vs. birddog856 : @0+ A0/ A3/ @3\ A2+ C1\ C2+ B4\ A1+ C4/
Trax_8250700 jazzbeth vs. Serene Selene : @0/ B1+ C1/
Trax_8255517 dgb vs. Traxplayer : @0/ @1/ B0+ @2+ A0/ C4+ C5/ C6+ C1/ D2/ C7\ D6\ E6\ E7\ E8+ F5+ F4+ G4/ B8/ RESIGN
Trax_8257117 dgb vs. JonathanT : @0+ A2\ A3\ @1/ C3\ A0/ B5+ B6+ @2+ E5/ D1+ B0/ B0/ E2+ @1\ A0\ @2\ H5+ I3/ I2\
Trax_8257159 ypercube vs. asdf : @0+ @1+ B2+ C1+ C0/ D1/ D0/ E1/ B1\ A0/ B6/ A6/ @5+ F5\ G4/ @5\ @5\ B6+ D7+ E8/ F6+ C8/ B9\ C10/ @5+ G9+ H7+ I8+ J9/ K4/ L4+ J3+ L9\ B3+ M8\
Trax_8259864 jazzbeth vs. birddog856 : @0/ @1/ B2/ C2/ C3/ C4/ D4/ E4+ E3/ E1+ D5+ B0\ B5+ F5/ C1+ D7\ F6+ F8/ E8/ C7+ B7/ A7\ G6+ F9\ G7+ C9+ D10/ A9/ A10/ @7/
Trax_8264572 asdf vs. JonathanT : @0/ @1/ @1/ C0/ @1/ C0+ D4/ B4/ A4/ C0/ B1+ E1/ E0/ E6+ F4\ D7+
Trax_8273514 birddog856 vs. JonathanT : @0/ A0/ @1/ B0/ @2/ A0+ @2\ @2\ A1\ A0\ E1\ D0/ F2\ F6\ F7\ F0+ G1/ H1+ H0/ G5+ B8\
Trax_8282151 Robyn Hode vs. Traxplayer : @0/ @1/ B0+ @2+ D1\ D3+ @2\ @2\ C0/ A4/ A5+ @4\
Trax_8282152 Traxplayer vs. Robyn Hode : @0/ B1\ A2/ C1\ @2\ B3+ B0\ A1\ C1+ C3\ @3/ A4/ C5\ D5\ D6\ B6\ E5+
Trax_8282157 Robyn Hode vs. birddog856 : @0+ A2/ @2\ B0/ C1+ D1\ C3+ C4/ E2\ F2\ G2\ E3+ F1\ F4/ E0+ D6/
Trax_8282158 birddog856 vs. Robyn Hode : @0/ A0/ @1/ B3\ C3\ B0/ C5/ A4+ B5/ C3/ D4/
Trax_8282159 Traxplayer vs. asdf : @0/ @1/ A0/ @1/ B0/ @1/ C4/ C5+ D2/ D6/ E6+ F2+ B3+ F1/ G1/ D0+ H3\ H4\ A5\ @3\ A1+ @1\ G0+ D1+ G9+ H9\ J1/ J0/ K3\
Trax_8282160 asdf vs. Traxplayer : @0/ @1/ C1/ D1/ @1/ C0+ D3+ E0/ F1/ A1\ B0\ @3\
Trax_8282161 Traxplayer vs. dgb : @0/ A0/ @1/ B0+ C3/ @2\ B0/ B0/ C6\ C7\ D7+ E6\ F6\ D3\ E8\ D1/ RESIGN
Trax_8282162 dgb vs. Traxplayer : @0/ @1/ B0+ @1/ A0/ @1/ C4/ C1+ B0+ E4+ C1/ D1/ E3+ D6\ B0\ @2\ @3+ @3\ @3\ C4+ D5+ G8\ A4/ @3\ F7/ E7/ D7+ F8+ D1/
Trax_8282163 Traxplayer vs. birddog856 : @0/ A0/ @1/ A0/ @2/ D2\ C4/ @1/ A0+ C0\ D2+ C0\ F5\ F4+ E2+ E0+ F2/ E8+ D0+ C0/ A5/ B3/ @5+ A7/ A8/ @8/ B9\ B10\
Trax_8282164 birddog856 vs. Traxplayer : @0/ @1/ A0/ @1/ C3/ D2/ A0/ E3+ @2\ B3/ @3\ A4+ F2/ E5+ D5+ B5/ B6\ B7\ A6+ G6\ H3\ I5+ I6\ I7+ J7\ F8+
Trax_8282167 asdf vs. birddog856 : @0/ @1/ C1/ C2/ D2/ D3/ D4/ D5+ @1/ A0/ A0/ A0+ A0+ A0/ A0/ @3/ C5/ A8/ @8/ E5\ B1\ D8+
Trax_8282168 birddog856 vs. asdf : @0/ A0/ B2/ C2/ A3+ D3/ D4+ B5\ @3\ D1/ E1/ D5\ D0+
Trax_8282169 dgb vs. birddog856 : @0/ A0/ A0/ @3\ B4/ @3\ D3\ E3+ E4\ E5\ @4+ B5/ F6+ RESIGN
Trax_8282170 birddog856 vs. dgb : @0+ B1+ C1\ C2\ D2/ B0/ B0/ C5/ C6+ E4/ F4/ F5+ C7/ B0/ B7+ E7+ D9/ D10/ D11+ B9+ D12/ E9+
Trax_8282538 birddog856 vs. dgb : @0/ A0/ @1/ B0+ C3/ @2\ A3\ C4+ C5/ C6/ B7\ A4+ A8\ D7+ E4/ @6+ C8\ D9/
Trax_8282539 jazzbeth vs. Traxplayer : @0/ @1/ B2/ C1/ C3/ D1+ D4/ E2\ A0/ @2/ C1/ F4+ C0\ D1\ C0+ E2+ B5+ E8\ G6/ H5\ G7+ I7+ G4+ H8+ I4/ F8\
Trax_8283321 Playoria vs. birddog856 : @0+ A2\ B2\ B3/ C2/ A0/ @3\ @3\ C0/ C0/ E3+ B1\ B0\ D1+ A4+ @6\ G4/ E8\ F8\ A7/
Trax_8287175 Rogue Trooper vs. jaha : @0+ A0/ B1\ A3/ @3/ @3+ B1+ @1+ B4+ E0/ F2\ B1+ C1+
Trax_8287186 * vs. Nukkle Dragger : @0/ B1\ A2/ @2+ C0/ D2\ B1+ C3+ A0\ @1\ C5\ E2/ F3\ B5/ B6/ E5/ E6/ B7/ F7\ G6+ E8/ D7+ C8+ B8/ G8\ H5\ F9\
Trax_8293524 Playoria vs. birddog856 : @0/ A0/ A0/ @2+ C3/ B0\ @3\ D5/ E4/ @3\ @3\ D1+ B0+ B0/ B0/ @4+ E8\ H9+ I8\ J7\ J8+ D7+ RESIGN
Trax_8297220 jazzbeth vs. birddog856 : @0/ A0/ B2/ B3/ C3/ @2\ A1+ C4/ B4/ C1+ C0/ C0+ D4/ E3+ @5+ C7+ A7+ G3+ E8\ @7+
Trax_8299556 Red Panda vs. birddog856 : @0/ A0/ A3/ B2+ A4/ @1+ @2+ B5+ B0\ A1\ E5\ C6+ F4/ F3/ @2+ H4+ G6+ C0+ F3+ I7/ I4\ H3+ B0/ A2+ E3+ J4/ @4\
Trax_8308534 rabbitoid vs. birddog856 : @0/ A0/ @2/ @1/ A0/ @1/ B0/ @1/ B3+ D2/ F3+ G3/ H3/ G4+ G5\ I3+ G2+ I6\ D6/ J6/
Trax_8311301 dgb vs. birddog856 : @0/ A0/ B1+ @2\ @2\ B3+ C0/ @3/ C5/ D5+ A5/ C6/ F3+ @5+ D7/ @4+ C7/ E8/ G8\ RESIGN
Trax_8311302 Traxplayer vs. birddog856 : @0/ A0/ @1/ @1+ A0+ @2/ D0/ E1/ E3+ D0+ C0/ B3+ A6+ A1\ C0+ @6\ RESIGN
Trax_8311308 Traxplayer vs. birddog856 : @0/ A0/ @1/ C1\ B3/ B4+ A2+ @3\ @3\ C0/ D6\ E3+ F3\ G5+ H4\ G3+ E7/ H6+ I5+ G8\ F9+ C7\ C5+ G10/ G11/ E10+ J6\ J7\ J8+ K6/ K5/ E12/ RESIGN
Trax_8311403 dgb vs. Traxplayer : @0/ @1/ B0+ @2+ A0/ @1/ C4/ C1+ C0/ RESIGN
Trax_8311749 jaha vs. Red Panda : @0/ A2/ B1\ @1/ B0+ B4+ C3\ D3\ E3+ B5/ C4\ C1+ F2+ A5+ A6/ @3\ RESIGN
Trax_8311762 Traxplayer vs. birddog856 : @0/ A0/ @1/ @1+ C0/ C0/ C0+ @2+ C0+ A0/ @5\ @5\ B3+ A2+ G4+ H6+ F8+ D7+ H9\ I9\ G10/ F10/ F11/ E9\ I12\ J12+ D10+ RESIGN
Trax_8313812 jazzbeth vs. golfnutrof : @0/ @1/ B2/ C1/ C0/ @1/ D0/ D0/ C6/ E1+ F1/ D7+ F3+ G3/ H3/ G4+ H5+ G1+ E8/ I5\ I2+ J4+
Trax_8316927 dgb vs. Traxplayer : @0+ B1+ C1\ @1/ D0+ C3\ E2+ F2\ C4+ E3+ G2\ D0/ A4+ C2+ D0/ F3+ C1\ C0\ B1\ @4+ A6+
Trax_8316928 Traxplayer vs. dgb : @0+ B1+ C1/ C2/ C3/ C4/ D1/ A0/ E5\ E6\ C0+ F4+ E2/ A6/ B7+ @5+ H4\ A7/ C8/
Trax_8319769 Rogue Trooper vs. rabbitoid : @0+ A2/ @2\ A1\ C2/ B0/ D2+ B0/ B0/ @1+ RESIGN
Trax_8322400 dgb vs. Traxplayer : @0/ @1/ @1/ D1/ B0\ B3/ E2+ C0+ B0/ B0/ D2+ @5/ B3+ @5/ A6/ @6/ D7+ A3+ @6+ C8+
Trax_8323047 Traxplayer vs. birddog856 : @0/ A0/ @1/ @1/ D1/ D0/ D0+ E2\ A0+ @4+ @3+ G5+ F6\ H3/ H2/ F7\ G7\ H7\ I7+ E8/ D8/ G1+ B5/ D6+
Trax_8323048 birddog856 vs. Traxplayer : @0/ @1/ B2/ C1/ B3/ D3+ C4\ C5\ D5\ E5\ E2+ F5\ C6+ D0+ G7/ G8+ H3/ F2+ A4+
Trax_8323049 Traxplayer vs. birddog856 : @0/ @1/ A0/ A3\ @2+ B4/ A3+ @3/ A4/ B5+ E2/ C0\ @5\ @5\ B6+ B4+ D7+ F6\ G7/ G2/ H5+ C2\ B1/ G0/
Trax_8323050 birddog856 vs. Traxplayer : @0+ B1+ C1\ @1/ B0/ C3+ A3/ D4/ B0/ @5\ B6/ @3\ A2+ D0/ @3/ D3+ A6/ A7+ @5/
Trax_8323164 dgb vs. Traxplayer : @0/ @1/ @1/ D1/ B0\ B3/ E2+ B4/ D0/ E2+ C0+ E7\ F7\ B8/ A8/ E1+
Trax_8325327 jaha vs. rabbitoid : @0/ @1/ A0/ @1/
Trax_8325391 Rogue Trooper vs. asdf : @0+ @1+ A2\ B0/ C1/ D1+ C3+ E1+ B0+ A1\ @2+ B0+ F5\ F6\ G4+ @4\ B5+ D6/ D7+ @4\ B6+ B2+ A1/ C7+ C8/ C9/ F1+ @6+ B8+ G0/ H1/ A2+ @2/ D1+ F0/
Trax_8325510 jazzbeth vs. 1926 : @0/ B1\ A2/ @2+ @1/ B0\ B0+ C0\ B6+ A2+ D1+ E3/ B7+ D0/ E1/
Trax_8325875 JonathanT vs. ypercube : @0/ @1/ A0/ @1/ B0/ B4\ D3/ E3+ C2+ F3/ E4+ A0+ @1\ A0\ @4+ @4\ C0+ E1\ E8+ D7/ H8\ F9+ @2+ B1\ @4/ A5/ C6\ I10\ J10\ J11\ K11\ K8+ L6/ D0+ L10+ M9\ RESIGN
Trax_8325876 ypercube vs. JonathanT : @0/ @1/ C1/ A2+ C3/ A3+ A4+ D1/ D0/ @2+ A0+ A0\ @4\ B0\ F2/ RESIGN
Trax_8325877 JonathanT vs. ypercube : @0/ @1/ B2/ C2/ B3/ B0\ B0\ C3/ D3/ E1\ B0+ E0+ F3\ E6+ E8+ C0\ B1\ A1+ C0+ A5+ @7/ A4+ @4+
Trax_8325878 ypercube vs. JonathanT : @0+ @1+ B2+ C1+ C0/ D1/ D0/ D0+ B1+ B6\ @4/ A3+ C0\ C0\ B3+ @4+ @4/ @4/ B3+ D2+ I6\ G8+ C1+ H1/ F0\ G0+ H2/ I2/ J8+ H1+
Trax_8326894 asdf vs. birddog856 : @0+ A0/ @1/ A3\ B4/ B5/ B6/ @4+ D6+ @6/ A7/ A2\ A1\ @4+
Trax_8326895 birddog856 vs. asdf : @0/ @1/ B2/ C2/ B3/ D3/ B0/ @1/ A0+ B0+ @3+ A4/ A5+ @3+ F4+
Trax_8326896 asdf vs. Traxplayer : @0+ B1+ B0+ A3+ B0+ C1+ B0+ A1+ B0+ C4+ D3/ @2/ D1\ C0/ E1+ E0/ D0\ C1\ B3/ E0+ A7+ @5\ A4\ A1+ G2\ H2\
Trax_8326897 Traxplayer vs. asdf : @0/ @1/ B0+ @2+ A0/ @1/ C4/ C1+ C0/ D1/ E5\ E6\ E1+ F5+ D0/
Trax_8326900 dgb vs. birddog856 : @0/ A0/ B1+ B3/ C3/ @2\ @2\ D4/ C0/ E2\ B2\ C0/ C0/ A6+ D8/ A7+ @7\ G8/ G9+ G10/ H8+ H7+ I8\ J8\ F11+ @6\ G3+ B4\ A4\ A3\ @6\ I3\ J3\ H0/ I1+ B1+ H0/ A3+
Trax_8326901 birddog856 vs. dgb : @0/ A0/ @1/ B0+ B4/ C4+ D2\ B0+ @3/ @3+ @3/ @3/ B2+ G1+ I3\ D4/ G0\ @5\ @4+ F2+ B6+ D1\ RESIGN
Trax_8326902 dgb vs. Traxplayer : @0/ @1/ B0+ @2+ A0/ A4/ B4+ @3+ E2/ E3+ D1+ @3\ B2\ @3\ C5+ D0/ D0/ B4+ B3+ @4\ B3+ E7+ F8+ H2+ E0+ G9+ G10\ E0/ E0/ D11/ C9+ B10+ A11\ @9+ E1\ D3\
Trax_8326903 Traxplayer vs. dgb : @0/ A0/ @1/ B0+ @1/ A0/ @1/ B0/ E3\ F4+ @1/ C0+ F3\ G4+ F2+ F1/ H3\ I1+ H0/ J4\ J5\ J6+ K5\
Trax_8326904 Smelly-Feet vs. birddog856 : @0/ @1/ B0/ A0/ B1/ B4\ C4/
Trax_8326905 birddog856 vs. Smelly-Feet : @0/ @1/ B2/ C2/ B3/ A2+ D3\ C1/ C4\
Trax_8326906 Smelly-Feet vs. Traxplayer : @0/ @1/ B0/ @1+ A0+ A0/
Trax_8326907 Traxplayer vs. Smelly-Feet : @0/ @1/ A0/ B1+ A3+ @1+ D1\ @1\ B0+
Trax_8326908 birddog856 vs. Traxplayer : @0/ @1/ B2/ C2/ B0/ C2/ D2/ C4+ C5/ E3\ E4+ @1+ C0/ D1/ B0\ E3+ F2\ G2\ B6/ D8/ C9\ G5\ H5+ @4\ @4\ @4\ G0/ H1+ K2/ J1/
Trax_8326909 Traxplayer vs. birddog856 : @0/ A0/ @1/ A0/ @1/ B0/ D3/ B4/ D2+ E4/ B5/ A5/ @5+ C0/ @3+ G7+ H6\ C8/ B8/ I6\ I7\ H8\ H9\ I9\ J6+ A7+ E1/ B0+ D10+ G11+ G5/
Trax_8329265 * vs. golfnutrof : @0/ A0/ @2/ B0/ B4+ C4\ D1/ D0/ @3+ A1+ E0/ F1/ D7\ E0+
Trax_8331466 jazzbeth vs. Tezcatlipoca : @0/ B1\ A2/ A0/ A0/ A0/ A0/ C3+ @1+ E5\ D6/ C7\ E2+ F2\ B0/ @4+ H5+ @4\ B2+
Trax_8337233 jaha vs. JiffyJeff : @0/ A0/ B2/ @2\ B0+ C1/ C0/ B0/ D3+ A2/ @1\ C0/ A5+ RESIGN
Trax_8345731 Traxplayer vs. Playoria : @0/ @1+ @1\ C0/ D1/ D0/ E1/ B0+ C0+ F2+ @2+ B1\ F6+ G3+ D0/ D0/ H8+ C2+ G0+ RESIGN
Trax_8346387 Rafael vs. * : @0/ A2\ B1/ B0+ C2\ C3\ A4/ @2/ C0/ A1/ @4\ B5+ F4\ F5\ B6\ F2+ G4\ A0+ @3/ @3+ A4/ A5+ @5/ C6/ C7/ C8/ I7+ G8/
Trax_8357610 Traxplayer vs. birddog856 : @0/ A0/ @1/ A0/ @2/ D2\ E2\ @1/ C0+ @1/ C0+ D5+ D6/ E2\ F2+ @1/ A0+ C0\ G3/ I4/ G7+ D1/ D0/ H1+ I3\
Trax_8357611 birddog856 vs. Traxplayer : @0/ @1/ A0/ B3+ @2\ @2\ C4\ E3\ A3+ B1+ @1+ E5\ G3/ E1/ E0/ E0+ C0/ E9/ D9/ C9+ D10\ G3+ F2/ H3\ A8+ A9/ @9/ D10+ C11+ D11\ @11/ D12/ A8\ @8+ C7\
Trax_8357614 birddog856 vs. Playoria : @0+ A2+ A0+ A0\ @1\ B5\ C5\ A0/ A0/ @3+ D4/ E7+ B0\ A1\ D3/ E3/ C1+
Trax_8362989 jazzbeth vs. asdf : @0/ @1/ B2/ B3/ A0/ @1/ @1/ A0/ E5/ E6/ @1/ A0/ G6+ G8/ @2+ A0/ I8+ H10+ J9+ I11/ I12+ I13/ E6+ K12/ J13+ L13/ E8\ D7\ G6/ C8/ F9/ B7\
Trax_8363113 Tezcatlipoca vs. Rogue Trooper : @0/ A0/ B1/ B3/ @2/ @1/ A0/ A0/ B2+ D1/ D0+ E3/
Trax_8364526 jaha vs. golfnutrof : @0/ @1/ A0/ @1/ C3/ D2/ C4+ C5/ C6/ D5+ B4\ D1/ E4+ D7\ E7\ F5/ G4\ H7+ F8/ B8\ I6\ B9/ A9/ F3+ A5+ @9/ D0+ G1/ B3+
Trax_8365596 asdf vs. JonathanT : @0/ A0/ A0/ @1/ A0/ @2/ C5/ D5/ E5/ C6+ E7/ F7+ B6/ B4/ A6+ D2/ @5\ B4+ H5\ F4+ D7+ F1/ G3\ A3/ D1/ D0/
Trax_8365597 JonathanT vs. asdf : @0+ @1+ @1/ A2/ A3/ B0/ C0\ B0/ B0/ @6+ @7\ B8\ E7+ C3+ F1+ B4\ A4\ @3/ A7+ D0\ C3+ @5+ B2\ @6\ D1/
Trax_8365598 asdf vs. JonathanT : @0/ A0/ @1/ B0/ C3/ B4/ D4/ A0\ @1\ D1/ D0/ B5+ E2\ E3\
Trax_8365599 JonathanT vs. asdf : @0+ @1+ C1/ @1+ A2+ @1+ E2\ F2\ D0\ C3+ D4/
Trax_8366796 JonathanT vs. dgb : @0/ @1/ A0/ @2+ B0/ B4\ B5\ C2+ D3/ E2\ F3/ D4+ E5/ G5+ E6/ E1+ C0/
Trax_8366797 dgb vs. JonathanT : @0/ @1/ @1/ A0/ @2/ D1/ D3+ E1/ D4/ A0+ @2\ @2\ A1\ A0\ C7/ B7/ A0+ D2+
Trax_8366798 JonathanT vs. gigino42 : @0/ B1\ B2\ C2/ B0/ C1/ C0/ A2+ D2+
Trax_8366799 gigino42 vs. JonathanT : @0+ B1+ A0/ A3/ B3+ C3\ A4/ B5+ @4\ @4\ B5+ F4/ A6\ E6+ C7\ C8\ @5\ C3+ E8+ F1/ D0/ H5/
Trax_8366800 JonathanT vs. birddog856 : @0/ A0/ @1/ A0/ C3/ B4/ @2/ A3/ E3+ E2/ E1+ F3/ @3/ E0\ E0\ B6+ H5/ F7/ B7\ E8\ G7+ F8\ F9\ G9\ H9\ I8+ B9/ RESIGN
Trax_8366801 birddog856 vs. JonathanT : @0/ @1/ A0/ @1/ B0/ @2/ C4/ D1/ D0/ E1/ F1+ A0+ @4+ F0/ G1/ C0\ B1\ H4/ F0/ C9+ C10/ I3/ I2/ I1/ G0\ C1+ F0/ G1/ G0\ E1+ D0/ F1+ D0\ B4\ A6/ RESIGN
Trax_8366802 JonathanT vs. asdf : @0/ @1/ A0/ @1/ C3/ C4/ D2+ E4/ E3/ B4/ B5/ F2\ D1/ A0+ G6+ G7\ G2/ RESIGN
Trax_8366803 asdf vs. JonathanT : @0/ A0/ A3/ B3/ C3/ A4+ A5/ C5\ D5\ B6/
Trax_8366806 dgb vs. birddog856 : @0/ A0/ A0/ @1/ B0/ A3/ @3/ A4/ D4+ A5+ @1+ D0+ F3+ G3\ H3\ G5\ F7+ I3\ H7\ I8/ F8\
Trax_8366807 birddog856 vs. dgb : @0/ @1/ A0/ @2+ C3/ B0\ @3\ @3\ @2/ C4+ @4\ B1+ A1/ A5+ C6/ A2/ @5/ A2+ @1/ H0/ I1/ A1+ RESIGN
Trax_8366810 gigino42 vs. birddog856 : @0+ A2\ B2/ A0\ B2/ A0\ @1\ D4\ D5+ B5/ A4+ D6/
Trax_8366811 birddog856 vs. gigino42 : @0/ B1\ A2/ @2/ @1/ B3\ D2\ C3+ E1/ E0/ E4\ F3+ D5/
Trax_8366814 birddog856 vs. asdf : @0/ @1/ A0/ A0/ B4/ C4/ B5/ D5/ E5+ F5+ @3+ A0/ @3\ @3\ B4+ @3+ B5\ C2+ D0\ F3/ F8\ F9\ E8+ @6+ C7\ D8/ H5+ F7+ A9+ @9+ D10\
Trax_8366815 asdf vs. birddog856 : @0/ @1/ @1/ A0+ B0+ B0/ B0/ A2+ B0+ @5+ A3+ C0/ D1/ E2/ F2/ G2+ A2\ A1\ D0+ @4/ A6+ E0/ F1/ E10\ F10\ C1+ F0+ A2\ @4+ B1/
Trax_8367603 * vs. ginifish : @0/ B1\ B2\ @1/ B0/ D1/ C0+ C0/ D1/ E2/ A5/ C6\ @5+ E0/ F1/ G2/ H2+
Trax_8373969 Rogue Trooper vs. * : @0+ @1+ A2\ B0/ C1/ D2/ C3+ @3/ A4/ E1/ D4\ B5+
Trax_8374371 ypercube vs. JonathanT : @0/ @1/ B2/ C2/ C3/ D3/ A0/ @1/ A0/ @2+ B0/ C1/ A4/ D1+ @4/ C0+ C0/ C0/ D0\ D0\ A6+ @9/ C3+ F1+ B1\ D0+ A3/ RESIGN
Trax_8374372 JonathanT vs. ypercube : @0/ @1/ A0/ @1/ A0/ @1/ A0/ @1/ A0/ @1/ @1+ A0+ @2/ B0\ C1+ E1+ A1\ @2\ B0+ B0\ C1+ G3\ @4\ I7/ A3\ @3+ D6+ C6/ @3\ C0+ B3+ E8\ H9+
Trax_8374373 ypercube vs. JonathanT : @0+ B1+ B2\ A0/ A0/ C3/ @1\ B0/ E1/ D0\ C7\ B1\ A1\ @4+ B5/ B6/ A6/ @3/ B2+ RESIGN
Trax_8374374 JonathanT vs. ypercube : @0/ @1/ A0/ @1/ A0/ @1/ A0/ @1/ B0/ A0/ @1+ @2+ @3\ C4+ C5/ @5+ C6\ F5+ G6+ D7/ E0+ F1/ @6/ G9\ RESIGN
Trax_8384479 birddog856 vs. jaha : @0/ A0/ A3/ B1/ @2+ B4/ D1\ D3+ E2/ D0+ B1\ @2/ @3\
Trax_8386359 Rogue Trooper vs. golfnutrof : @0+ @1+ C1/ B2\ A2+ A0/ @2/ C0+ E2\ F2\ E0+ G1+ H2/ G0+ C7\ F8+ RESIGN
Trax_8392110 jazzbeth vs. Chester : @0/ B1\ A2/ @2\ A1+ A0\ A0+ @2/ D1/ E1+ C0/
Trax_8400586 * vs. robertst : @0+ B1\ B0/ C1/ C0+ A4+ @3\ D3\ E1\ D5\ E3\ F2/ B1\ D0\ E1+ C0\ B2+ A2/ D8+ D9/ A1\ B7+ @2\
Trax_8400707 Rafael vs. jazzbeth : @0/ @1/ B2/ C2/ D2/ D3/ E3/ E4/ B3/ B4/ F3/ F2/ F5\ G5\ A5\ C6+ D1\ G7\ A7/ H7/
Trax_8402137 jazzbeth vs. Chester : @0/ B1/ B2+ A0+ C3/ @2\ @2\ F3+ A3/ A4/ @2/
Trax_8416254 jaha vs. golfnutrof : @0/ @1/ A0/ @1/ B0+ @2/ C4+ A3/ B5+ E3/ D1\ @1\ A0\ G5\ G6+ H4/ H3+ F3/ @2+ I2/ F1+ A5/ @5+ F6\ F7\ @5\ B3+ L5\ L6\ M6\ M7\ M8+ N4/ L3+ B6\ A3\ D7\
Trax_8416642 Red Panda vs. birddog856 : @0/ A0/ A0/ @1+ C1\ @2/ @2/ @2/ D4\ G1\ C3/ F4/ E5/ F6/ G4/ B3+ E0/ C2\ B1+ H1\ B5\ D0/ F4+ D8/ C8/ H1/ E0+ I2\
Trax_8418049 jazzbeth vs. Chester : @0/ B1\ A2/ A3/ A4+ @1+ @2+ A4+ C0+ E2\ D3\ @5/ B6+ E5+ C6+ B1+ D7\ E6+ C7+ C0+ E2/ E1/ E0+ F1/ E0+ C1\ B1\ E10+
Trax_8421796 jazzbeth vs. Carol91859 : @0/ @1\ A0/
Trax_8423280 birddog856 vs. Carol91859 : @0/ @1\ B0\
Trax_8423333 jazzbeth vs. dgb : @0/ A0/ B2/ A3+ @1/ D2\ D1+ D0/ E2\ F2\ F3\ F4+ F5/ G3\
Trax_8426957 Rogue Trooper vs. Tezcatlipoca : @0+ A0+ A0+ B1/ B0/ @3/ C4\ D2+ E3/
Trax_8428305 Carol91859 vs. jazzbeth : @0/ @1/ A0\ @2/ C0/ D3/ D1/ E3/ A2\ @1/ F1/ G1/ G3\ F4\
Trax_8430642 jazzbeth vs. Chester : @0/ B1+ C1/ @1/ D0\ A1\ @2/ D0/ B0/ C5+ A1\ @2\ B0/
Trax_8432984 Traxplayer vs. birddog856 : @0/ A0/ @1/ @1/ C0+ D2\ E2\ A0/ D4+ B4+ C5\ C6\ @4\ C6/ C7/ D1\
Trax_8440351 Rogue Trooper vs. 1926 : @0+ @1+ A2\ B0/ C1/ D1+ C3+ E1+ B0+ A2\ E4\ D5/ F3+ B0\ A1\ @2\ C0/ D1/ E1/ E0/ G1+ H4/ A1+ @3\ C0+
Trax_8442979 birddog856 vs. dgb : @0/ A0/ B2/ A3+ C2/ @2\ @2+ @2/ B3/ B4/ A4/ G3+ F4\ A5/ RESIGN
Trax_8457846 golfnutrof vs. jazzbeth : @0/ @1/ B0/ @1/ B0/ @1/ C0/ A0/ B1+ @2\ A4/ @2+ F2/ G2/ H4+ H6+ I6\ J6+ G7+ J7/ D7/ F8+ C7+ E9+ C8+ D10+ C9+ C11/ B10+ C0\ A2+ A1+ @2/ C0/ J10+ G11\ G12\ I11+ J11\ J12\ J13+ K11+ L10+ J14+ E13+ I14+ G2+ G1/ G0/ I4+ I0+ J2/ E16+ C16/ F16+ D17/
Trax_8462521 jazzbeth vs. birddog856 : @0/ @1/ B2/ B3/ A0/ A0+ B1/ A5/ @5/ B0/ B0+ @5+ @4+ A6/ @5+ @5/ @5/ @6\ @5/ C7+ H8/ C4+
Trax_8462697 birddog856 vs. Red Panda : @0/ A0/ @1/ A0/ @2/ B0+ B0/ D5\ D6\ C2+ @4+ C0/ F5\ E1/ C0/ F3\ F4+ G6+ RESIGN
Trax_8467059 jaha vs. asdf : @0/ @1/ A0/ @1/ A0/ @1/ @1/ A0/ @2+ A0/ A4\ D2+ E2\ @4\ B5\ F1\ A6/ @6/ F6+ B1\ C7\
Trax_8474453 Traxplayer vs. birddog856 : @0/ A0/ @1/ C1\ B0\ @2/ C4/ C5+ B3+ C6/ D4+ B5+ A4+ @3\ A1+ @1\ @1\ B0/ F1+ A0\ @1\ H2/ I2/ H1\ D1+ D0/ D0/
Trax_8474454 birddog856 vs. Traxplayer : @0/ @1/ B2/ C2/ C3/ D2/ A0/ @2/ @1/ C0+ @2+ C0+ H6/ E2/ A4/ @4/ B0+ A2\ @2\ A1\ D0\ C7+ G3/ H5\ D8\ F7+
Trax_8478294 jazzbeth vs. rabbitoid : @0/ A2+ A3/ @2\ @1+ D3/ E3+ B0+ B0/ E4+ F4\ G5/ F3+ D2+ E1+ @3+
Trax_8478621 dgb vs. birddog856 : @0/ A0/ A0/ @3\ C2+ D2\ E2\ B0/ D5\ D6/ B0/ F4\ D8/ E3/ G4\ D9/ D10+ C8\ A6+ @7\ C8+ @7+ F11/ G10/ I6\ RESIGN
Trax_8488518 rabbitoid vs. birddog856 : @0/ @1/ A2+ A3/ A4/ B3+ C3\ D2+ @1/ C5+ D6/ D7/ B6+ E7\ F4/
Trax_8488619 jazzbeth vs. JiffyJeff : @0/ A0/ B2/ @2\ @2\ C3/ E2+ A4/ @2+ C1+ C0+ C0\ B7+ C8/ A6/ @7\ B8+ A5\ @5+ F8+ F1+ G1/ F0/ @6/ B8\ H9+ E10/ C10/ E11/ G10\ F11+ D12\ B11+ A11\ @11+ D13+ F13+ F14\ J2+ G15/ H15+ I13+ J11\ J9+ I1/ A8+
Trax_8493796 dgb vs. Traxplayer : @0+ B1+ C1\ B2\ B3\ B0/ B0/ D2+ A5/ RESIGN
Trax_8494272 dgb vs. birddog856 : @0/ A0/ A0/ @3\ B4/ @3\ D3\ E1\ C5\ D5\ @4+ B5/ E6\ RESIGN
Trax_8495273 Red Panda vs. jaha : @0/ A0/ A0/
Trax_8503492 * vs. 1926 : @0/ A2\ B2\ @2\ B0+ B4+ C1/ D3\ @1\ B0/ A5/ @4/ C6/
Trax_8504199 gigino42 vs. birddog856 : @0/ @1/ C1/ B2+ B0/ D2\ B4\ C5/ A0+ @2+
Trax_8505419 JonathanT vs. asdf : @0/ @1/ A0/ A0/ A4/ C3+ A5/ C6+ D4/ @1+ D7/ A6+ D2/ F5+ D8/ F2/ @4+
Trax_8509133 jaha vs. rabbitoid : @0/ @1+ A2\ @1/ @2\ C0\ C0+ E2\ F2\ E0+ @4+ G6+ H5\ I5\ I6\ I7\ F7+ F8/ H9\ G10+ D7+ C6/ B7\ A6/ G11\ I10+ E9+ J11\ H12+ @7/ D8+ E10+ K4+ A5/
Trax_8509206 * vs. asdf : @0/ A0/ A3/ A4/ B2+ @4/ @2+ D5+ E5\ @3+ F6+ G4+ D6+ B6+ E7\ E8\ G8+
Trax_8518725 birddog856 vs. Red Panda : @0/ A0/ B2/ B3/ C2/ D3+ D4\ A4\ @2\ @2\ @3\ B1+ C0+ D6/ C6+ A6/ @5\ @5+ B6/ J5\ I7\ H2/ J3+ H1+ F0\ F0+ K8\ K9\ K4/ I3+ H10+ L8/ K6+
Trax_8519241 dgb vs. birddog856 : @0+ A2\ A3\ @3\ B4+ B0\ C1\ D2\ D4\ D5\ E5\ B0\ D7+
Trax_8519242 bengt vs. ypercube : @0/ @1/ B0+ B0/ B4/ @3/ C0/ C0/ @4/ E5/ C6/ F1/ D0/ F7\ RESIGN
Trax_8523353 dgb vs. ypercube : @0/ @1/ @1/ B0/ @2+ @2/ @2/ C0/ B4+ C0/ B2\ @5\ @5\ E0+ F3+ E0/ H4\ D2\ C2+ E0/ F2/ G3+ A9/ H3/ @9\
Trax_8529966 mcinturff vs. FrostyColdOne : @0/ B1/ @1\ B0/ A1\ A0/
Trax_8534757 dgb vs. ypercube : @0+ A2+ A0+ B1/ @2\ @2\ @2\ E0+ D0/ C2+ B1+ D6/ E5\ F3/ D7\ A5+ G2\ RESIGN
Trax_8535579 Rogue Trooper vs. golfnutrof : @0+ @1+ A2\ B0/ C1/ @2+ C0+ B2\ C0/ E3/ D5+ B2\ @2\ A1\ D0+ F1/ G4/ B6/ C7\ G7\ D8+
Trax_8544207 Playoria vs. Traxplayer : @0/ @1/ @1/ @1/ D2/ A2/ @2+ E3+ F2\ C0+ G2/ G1/ D0+ B6+ A5/ @2\ RESIGN
Trax_8544279 Playoria vs. birddog856 : @0/ @1/ A2+ B0\ C2\ B4/ @2/ @3\ D5/ F2\ D0\ D0\ G4\ F5\ C2\ H4+ E3+ I4\ J4\ H2+ H5/ E6+ D8/ B7/ I2+ I1/ J1/ K1+ G1+ RESIGN
Trax_8549356 JiffyJeff vs. * : @0/ A2+ @1\ A0\ C3\ D3+ A0\ D2/ E2/ A0+ @4+ B0/ F5+ @3+ B1/ H1+ H0/ E0+ A3\ A2/
Trax_8549499 jazzbeth vs. asdf : @0/ @1/ B2/ B3/ A0/ A0/ C3/ C6/ @2+ @2\ F3/ C4/ A3+ F7/ B0+ D3+ @1\ A0\ F3+ B7\ D7+ @2+ C8+ F8/
Trax_8550203 dgb vs. Traxplayer : @0/ @1/ @1/ B0/ B0+ @3+ C4+ E3/ E2+ C5/ C6/ @1\ A0\ D1/ @2+ @3\ F0/ B1/ A2+ @3+ E2+ D0+ E0+ J8\ J9\ K7/ K6/ L6/ I5/ M9\ M10\ N6/ N5/ K4+ B2\ A2/
Trax_8550751 Red Panda vs. Rogue Trooper : @0+ B1+ C1+ @1+ A0+ @2+ E1+ C3+ F1\ E0/ G2\ G4\ H4\ H5\ G6+ E4/ G7\ H2+ I2\ J5+ D5+ RESIGN
Trax_8554539 rabbitoid vs. Rogue Trooper : @0/ A0/ B1+ B0+ @3+ B4+ D3/ D5+ E2\ E1\ @2\ B1+ D0/ G2+ H3/ E0+ G6+ G8\ H6\ I6\ J6+ I3+ I8+ J8\ J9\ K6+ F9+ I10/
Trax_8554688 Red Panda vs. jaha : @0/ A0/ A0/ A0/ B2+ @1+ @2+ B5+ E1\ F1\ B0\ A1\ @1\ B0+
Trax_8558260 ypercube vs. Playoria : @0/ @1/ C1/ A0/ D2/ @2\ B0\ A1\ A0\ RESIGN
Trax_8559738 Playoria vs. ypercube : @0/ @1/ B0+ C1+ D1\ D2\ D3+ E2+ F2/ C4+ @2/ A0\ @1\ H1+ B0+ F1\ E1+ D0+ D0/ E0\ C2+ D0+ F3+ H9/ C9+ A4+ B2+ I9+ F10+ G11/ F12\ G13/ A9\ @9\ H2/ F1+ D10/ E11+ I10+ I2\ H4/
Trax_8559739 ypercube vs. Playoria : @0/ @1/ C1/ B2+ D1/ D0/ E1/ B0+ F4+ E5\ E6\ F6\ G5\ C7/ A5+ G7\ D8+ H5\
Trax_8559797 ypercube vs. jazzbeth : @0/ @1/ C1/ C2/ D1/ B2/ B3/ A3/ A0+ @2\ E5+ F4\ D0+ G4+ D0+ G7\ D8\
Trax_8570357 Playoria vs. ypercube : @0/ @1/ A2+ C2/ @2/ B3/ B4/ E2/ D1/ @2/ D0+ E0\ D0/ E0\ D0/ B6+ C4+ A5+ @6+ @7\ H4+ D8/ I1+ H0/ I7\ B9+
Trax_8570379 jaha vs. birddog856 : @0/ A0/ B2/ C2/ @2/ C1/ E2+ C3/ F2/ @2/ D4+ G3+ E1/ C4/ B0+ E0\ G7+ H3\ E0\ E9\ @6\ B8+ F10\ C2/ @4+ @5\ @5\ B3+ H1+ G0/ G0/ I2+ H0+ F2+ E4+ J3/ G1\ J0/ K3+ G1\ RESIGN
Trax_8570381 birddog856 vs. jazzbeth : @0/ @1/ B2/ C2/ B3/ C1/ C0/ A4/ @4\ E1/ F2/ B5\ B6\ B7\ E0\ A4+ B1+ D0+ C0/ B2+ A2\ @4+ G3+ H3/ H1+ D0/ A8/
Trax_8573161 Rogue Trooper vs. Tezcatlipoca : @0+ A2/ @2\ A3/ @3/ D2\ D3\ C4\ @3\ B2+ B1\ B0+ A3+
Trax_8573228 Nukkle Dragger vs. ypercube : @0+ B1+ A2\ A0\ @1+ @2\ A3\ @3+ E1+ E4\ F3/ B4+ C4\ D5/
Trax_8579165 * vs. golfnutrof : @0/ @1/ A2/ A3/ @1+ A0\ D4+ B5/ A0+ @3/ E1/ F4\ D0/
Trax_8582495 * vs. Red Panda : @0/ A0/ B1/ C2+ A3/ D1\ B0/ A5+ @4/
Trax_8585572 dgb vs. Traxplayer : @0/ @1/ B0+ @1/ C0+ D2+ B4+ A1\ @1\ D5/ D0/ E6\ D7/ B0+ D9\ E8+ F8\ RESIGN
Trax_8592647 * vs. bengt : @0/ @1/ @1/ A0/ B3+ B1/ @3\ A0+ @4\ E1/ D0/
Trax_8594514 dgb vs. Traxplayer : @0+ B1+ C1\ C2\ B3\ B4\ D2/ B0/ B0/ A4+ @4\ A5+ @4+ @5+ D7+ E8/ C2\ B1/ A4\ @4\ G8+
Trax_8598630 ypercube vs. Playoria : @0+ A2/ A0\ @1\ A0\ @1\ A0\ @4+ A6+ @6+ A7/ C7+ A4\ @4+ B0\ RESIGN
Trax_8603078 Tezcatlipoca vs. * : @0+ @1+ B2/ B0/ B4/ C3+ A5/ @3+ C5+ E3+ E5\ E6\ C6+ F6+ F7\ @3+ B2\ @3+
Trax_8603313 Rogue Trooper vs. bengt : @0+ A0/ B1\ A3/ A4+ @3\ @3\ C5\ D3/ @3\ B2+ F4+ F2+ D0/ G2\ G0+ H1/ C1\ F0/ B3\
Trax_8604029 ypercube vs. golfnutrof : @0/ @1/ C1/ A2/ A0+ @3/ @3+ D4+ E0/ F1/ A1\ @3/ D0+
Trax_8605327 Traxplayer vs. thebodywall : @0/ A2+ A3/ @3/ @3+ B1+ @1/ @1+ A0+ @2/ F1/ E0/ D1+ @3\ A2\ @2\ C1/ D0\ I4+ E6/ E7/ E1/ D6+
Trax_8606344 ypercube vs. birddog856 : @0/ A0/ B2/ C2/ @2/ B0+ C1/ D4+ C5+ E3+ @5/ D6/ G4+ F2+ E0+ E0\ H6+ F7+ D2+ C1+ A4+ @6/ I5\ C9/ B8+ A8/ A9/ G8/
Trax_8610811 Rogue Trooper vs. ypercube : @0+ B1+ A2\ A0\ @1\ @1+ D4/ C0/ D1/ E5/ D0+ E3+ B0\ A1\ C0/ D1/ D0/ E3\ F4+ F6+ G4/ F1/ D0/ F10\ D11+ @8\ C10+ A2+ E0+ A7+ A5/
Trax_861717 B Line electric streetcar vs. (((INTENSITY))) : @0+ B1/ B2+ C1/ A2+ B0/ C1+ A0\ @1\ C5\ B5+ A5/ B6/ E2\ A2/ C0+ @5+
Trax_861726 maggies tavern vs. Chad : @0+ A0+ A0+ @1/ C2\ B4\ C1/ D2\ B0/ C1/ E4\ @2/ F5\ E6/ F6+ A1\ A0\ @2/
Trax_861727 Honeybear vs. Chad : @0/ @1/ @1/ @1/ B2+ B0\ B4\ B5\ @3+ B4+ C6/ D6+ D7/ D8/ B6/ A6/ @5/ F8\ D0+ G7\
Trax_861732 Nanett MIA vs. Chad : @0/ @1/ B0+ A0/ @2/ A3/ @3/ C4\ B5\ @3/ B0+ @2\ @3\ E0+ E0\ G2/ H2\ H3\
Trax_861738 Vacant 1884 vs. Chad : @0/ A0+ @2\ B0/ A2+ A1\ A0\ C3+ D3/ C4\ B5/ D1\ C5\ B6/ E2/ @2+ F3+ D1\
Trax_861741 Withacee vs. Chad : @0/ A0/ @2\ A1\ B0/ B0/ @3/ D2+ A4+ B5\ C6/ E5+ B2+ A2+ D7/ B7\ C8/ A9\ @6\ A5\ G5\ H6/ B1+ G4+ D9\ F9+ A1\ C0/ A4\ @5+ @5\ B4\ K8\ I3/ H1+ J4/
Trax_861750 B Line electric streetcar vs. SunDrop Kid MIA : @0+ @1/ A2\ C1\ C2\ D2+ E2/ B3+ C4/ D0/ E4\ D6+ F4/
Trax_861752 Honeybear vs. SunDrop Kid MIA : @0/ A2\ B1/ B2+ B3\ C3\ C4\ C0\ D4+
Trax_861753 B Line electric streetcar vs. SunDrop Kid MIA : @0+ @1/ B2\ B3\ C3\ C4\ D1+ E3+ F3/ C0/ D6+ D1/ E2/ @3/ G6\ E0/ F1\
Trax_861755 B Line electric streetcar vs. Vacant 1884 : @0+ @1\ B0/ B3/ C3/ B0+ @4\ A3+ D5\ E4+ A5/ @3/ D6/
Trax_861757 B Line electric streetcar vs. Vacant 1884 : @0+ @1\ B0/ C1/ B3+ C3+ B4+ B0+ @1+ @1\ C0/ F4+ C0+ C0\ @2+
Trax_861758 B Line electric streetcar vs. Nanett MIA : @0+ B1\ A2/ @1/ A2/ @2/ C3\ B4\ @2/ D4\ @1\ B0/ A5/ C6+ @3/
Trax_861780 Isischylde vs. Vacant 1884 : @0+ @1/ @1\ B0/ A1+ C3+ D3\ @1\ C0/ E1\ E2+ F2\ C0/ G3\ F2/ F1+ G2+ E0+
Trax_861782 lilith vs. Isischylde : @0+ A0+ A3\ B1\ @1\ A2+ A0/ @3/ A1\ @1/
Trax_861799 Amanda vs. csain1 : @0/ B1\ A2/ @1\ B0\
Trax_861802 Arctic Warrior vs. Vacant 1884 : @0/ A2\ B1/ C1/ B2\ C2\ D1/ C3\ A0\ @1\ F2\ E3+ E0/ F1/ G3\ A5/ A6/ @3+
Trax_861810 FujiTape vs. ema : @0/ A2\ B2\ A0\ @1/
Trax_861811 FujiTape vs. ema : @0/ @1\ B0\
Trax_861835 Arctic Warrior vs. B Line electric streetcar : @0/ A0/ B1\ B2+ B3/ A3/ A4/ @4/ @4+ C5+ E4\ E5+ E6\ @3+ @1\ C0+ @2/ B1\ C0/ F1\ C6+ C7/ C8/ D9+ I8\ I10+ J10\ G1/ H3\ F0/
Trax_861836 Arctic Warrior vs. B Line electric streetcar : @0/ @1/ B2/ B3/ C2/ A2+ B0/ C1/ C0/ D1/ E2/ F2/ E1+ C0+ G2+ F1/ G1/ E0+
Trax_861837 B Line electric streetcar vs. csain1 : @0+ B1/ A0\ @1+ C0/ D1/ D3+ B0+ A1\ @1+ D0\ A1+ A0\ F2\ D7/ D8+ F5+ @1\ C0/ C0+ D1/ E1/ @2/ E0/ @5/ A6+ A2\ @4/ C1\
Trax_861838 B Line electric streetcar vs. csain1 : @0+ @1/ B2\ B3/ C2+ B4+ C4+ C5\ D2+ @1/ B3/ C0/ B1+ D0+ E3/ F4+ B7+ A7/ @7+ C8+ D8\ A3+ @2/ G7/ H7/ H8+ D9+ G1\ E1+
Trax_861839 Arctic Warrior vs. Q : @0/ B1+ @1\ A0\ @1/ E2\ E3\ F3\ F4\ E5/ D1+ D0+ D0+ D0+
Trax_861852 Arctic Warrior vs. csain1 : @0/ A2+ A0\ @2+ @2\ B1\ B0\ A1\ A0\ @1\ A0\ @1\ @2\ C6+ @4/ A6/ B7\ @4+
Trax_861853 Arctic Warrior vs. Vacant 27555 : @0/ @1/ B0/ @2+ D1\ A3/ @3/ D3\ D4+ E3/
Trax_861854 csain1 vs. Amanda : @0+ B1\ A0+ B1/ C2/
Trax_8618579 * vs. asdf : @0/ @1/ A2/ B3/ B0+ @1/ C0+ C0/ D1/ A4+ A2+ E1+ @3/ D0+ A2+ @4/ @4/ H4\ I4+ I2/ J3/ @2+ D1\ D0\ A0+ @4\ @3/ E8+ G9/
Trax_861859 Arctic Warrior vs. *EAGLE ONE* : @0/ B1\ A2/ @2\ C2\ C3\ A1\ A0\ C5\ B1/ B0/ @3+ C5/ E5\ F4\ F5\ F6/ @4\ C6/ B6/ D7+
Trax_8618670 Nukkle Dragger vs. jazzbeth : @0+ A2/ @1+ B0/ A1+ C2+ B0+ C1+ D2\ E1+ C4+ D0+ @4/ C6+ A6/ @6/ E1\ B7+ B8\ E8\ F6/ D9\
Trax_861874 Adam vs. Chad : @0+ A0+ A3+ A4/ @4/ A5\ B0+ C1\ A1\ @4/ C0+ C0\ A1+ B0\ D8/ E7\ C9\ C10\ D10\ C11+ A10/ A11/ A12/ @10+ @8\ B7+ A12/ @11+ C13/
Trax_861878 Arctic Warrior vs. (((INTENSITY))) : @0/ A2/ A3\ B3\ A0\ @2/ C3+ A4\ C5\ A1\ @1\ E3/ F3/ B0\ G4/ D2+ A3/ @3/ I2/ C0+ I2\
Trax_861897 Arctic Warrior vs. stones- A - rama : @0/ @1+ @1/ A0\ @2/ A3\ A1+ @1/ @1\ B2+ A0/
Trax_861901 Arctic Warrior vs. bigmurds : @0/ B1\ A2/ B2+ C1/ A0/ A4\ @4/ B5\ D1/ D0/ A3+ @4/
Trax_861905 Arctic Warrior vs. ScoobyRex02 : @0/ B1\ A2/ B2+ C1/ B0\ A4\ @1\ A0\ D2/ D1/ C1\ A0/
Trax_861910 Vacant 27555 vs. Isischylde : @0/ B1\ B2\ C2\ D1+ B0\ E3/ D4/ A3+ B0+ E1/ E0/ F4/
Trax_861911 Vacant 27555 vs. Isischylde : @0+ B1/ A2/ @1\ B0\ B0\ A1\ @2\ C5/ A1+ @2\
Trax_861917 Vacant 27555 vs. B Line electric streetcar : @0/ @1/ A0/ @2+ B3+ C4/ B0+ @2/ D1/ D0+ B1+ @4\ F4+ F3/ G3/ G2/ G0/ H2\ C7\ B7+ @2+ B1\ B0\ A1\ @1\ A4+ A0+ @1\ E0+ F2/ I3\ I2\ J1+ K4/ L4+ L8\ RESIGN
Trax_861918 B Line electric streetcar vs. the great snowqueen : @0+ @1+ @1/ A2/ @2/ A0/ B4+ B1/ D3\ E2\ C0+ E4+ E5\ D2/ F4/
Trax_861920 Vacant 27555 vs. Adam : @0/ B1\ B2\ A2+ B3/ A3/ B4/ A4+ C4\ C5\ C1/ D3\ B0/
Trax_861923 Arctic Warrior vs. Adam : @0/ A2+ A0\ @1\ A3+ @1\ @1\ C0/ B0/ D2+ E2/ E1/ C6\ F1/ E0+
Trax_861924 Arctic Warrior vs. Adam : @0/ B1/ A0\ @2/ D1/ D0+ D0\ C2\ C1+ B2+ B1\ A3+ A1+ @3+
Trax_861932 Arctic Warrior vs. lilith : @0/ B1\ A2/ @2+ D1/ D0/ E1/ B4/ F2\ F3\ D3\ B5\ E4+ C5+ G2\ G3\ H2+ G0/ I4\ I5\ G6/ I3+ G0+ H2+ E8+
Trax_861934 B Line electric streetcar vs. lilith : @0+ A2\ @1/ C1\ A3/ @3/ D3\ C4/ A1+ A0\ B5+ @4\ A2\ C6/ A6/ B7\ @4/
Trax_861949 Adam vs. Lorraine of the Renegades : @0+ A2\ A0/ B2/ C2/ C1/ D3\ D4\ A0+ B0/ A1+ @1+ A2/ F4/ A3/ G6/ @3+ D0+ E1/ F1/ G4+ G3+ H3+ H4+ I3+ C7/ B7/ E7/ A6+
Trax_861951 Adam vs. Cookie of the Wolf Pack MIA : @0+ B1\ C1/ C0/ A3/ C0\ B1\ D2/ @4/ E4\ F3\
Trax_861961 Arctic Warrior vs. Isischylde : @0/ A2\ B1/ B2+ A0\ @2/ D1/ D0/ C5\ D5\ E3\ B1+ D0/ E5+ F5\ E7\ D0\ C2+ E2/ F4/ G6\ H6+ I6/ F3+ B2\ B1\ A1\ G3+
Trax_861962 Isischylde vs. B Line electric streetcar : @0+ @1+ A0/ B3+ B4/ A4/ @3/ A4/ B5/ D2+ A5+ @3+ A5+ A1\ B0\ @2/
Trax_861967 stones- A - rama vs. B Line electric streetcar : @0/ @1/ A0/ @2/ B0\ C1/ D1\ B0/
Trax_861984 FujiTape vs. Vacant 1884 : @0/ A2\ B1/ B2+ @2\ B0\ D1\ C4\ A1+ A4/ B5/ @3/
Trax_861989 Arctic Warrior vs. klaashaas : @0/ B1\ A2/ B2+ B0/ C2\ @2\ A1\ @1\ C0\ B1+
Trax_861991 Arctic Warrior vs. klaashaas : @0/ @1+ A0+ @2/ @2/ C3+ A4/ @4+ @4\ A3\ @3\ B1\ B0\ C6/ @4/ @4+ G6\ H5+ E7\
Trax_862012 Arctic Warrior vs. FujiTape : @0/ B1\ A2/ B2+ C2\ A3/ B4/ A4/ @2\ A1\ A0/
Trax_862013 Arctic Warrior vs. FujiTape : @0/ A2\ B1/ B0/ A4/ @4/ C3\ D3\ C0+ A4+ C0+ A3/ C0+ C0/ @6/ E1\ E4/ C2/ B2\ A3+
Trax_862014 B Line electric streetcar vs. FujiTape : @0+ A0+ A3+ B1\ @2+ @2\ B1\ A1+ A0+ A0/ B1/ B0/ C1/ C0/ E4\ F3+ E0+ @5\ @4/ I5/ G6+ H6+ I7/ H8\ I2\ J6\ J4+ I9/ D1+
Trax_862015 Arctic Warrior vs. FujiTape : @0/ A2\ B1/ B2+ A0\ @1\ D1/ C0\ C5\ D5\ E2/ E3+ A4/ @3+
Trax_862018 (vikki) vs. Adam : @0/ B1\ A0+ B3/
Trax_862027 FujiTape vs. Vacant 1884 : @0/ B1\ A2/ A0/ B3\ A4/ @3+ C0\ D3\ D4\ E4\ E5\ @3/ D6/
Trax_862034 B Line electric streetcar vs. Nikki : @0+ A0\ B1\ @2\ A1\ @1\ D0+ @2\ A0/ F2\ @1\ B0/ A5/ @4+ C6/
Trax_862044 Nikki vs. FujiTape : @0/ A2\ B2\ B3/ A3/ @2\ C1/ D3/ A3+ A4\ B0\ B0\ D1\ D3/ E4\ F4\ B7\ C7+ B0\ E4/
Trax_862048 Nikki vs. FujiTape : @0/ B1\ A2/ @2/ C2\ B3/ D1/ C0\ D1+ A4/ D0/ D0/ E2/ A2/ E1/ D0+ F2/ G2+ E0+ @6+
Trax_862049 FujiTape vs. Absentee 13409 : @0+ B1+ A2\ B0/ C1/ B0\ A2+ B0/ C1+ C0\ @4/ E3\ B2\ B1+ A3+ F3\ D6+ E1+ @4+ H4/ D7/ G0\ I5/ F0/ J3+ B8+ F9+
Trax_862078 Phil The Hat vs. FujiTape : @0+ B1/ B0+ B0\ @2+ A3+ @1/ A3+ E2\ C4/ C5/ F3\ E4/ D6\ E6\ F6\ A0\ @3\ C0+
Trax_862105 Amanda vs. FujiTape : @0+ B1/ B2\ C1/ C2+ C3\ D2/ C0\ D2/ C0/ B2\ D1+ D0\ E4\ E5\ A3\ E6\ D7/ @4+ B5+ B6\ A5/ @5+ @5\ D7/ E8\ B6/ B7/ F8+ D8+ G8+ B8\ E9+ C9/ C10+ E10\ D11\ F10/
Trax_862114 Arctic Warrior vs. klaashaas : @0/ A2+ @1\ A0\ C3\ B4\ D2/ D1/ E3\ E4+ F3/ C1\ B0/ B0/ @3+ F2/ G2/ B2+ C0\ D1+ @4+ F0+ H6+
Trax_862115 Arctic Warrior vs. shelly (uk) : @0/ B1\ A2/ @1\ A0/
Trax_862118 stones- A - rama vs. FujiTape : @0/ B1\ B2\ A2+ B3/ C3/ @2/ A3/ @3/ C4+
Trax_862128 Arctic Warrior vs. The TT : @0/ A2/ A0\ @2/ C3\ A3/ B4\
Trax_862165 Arctic Warrior vs. SUNSHINE : @0/ @1\ A0/
Trax_862184 Arctic Warrior vs. Wizard_from_Oz : @0/ A2\ B1/ B0+ A4/ @1\ A4\
Trax_862211 Arctic Warrior vs. prizzy : @0/ @1\ A0/
Trax_862215 Arctic Warrior vs. EddiE : @0/ A2\ B2\ B1+ A0\ @1\ B4/ A2/ @1\ E2\ E4\ D5/ F2/ F1/ @1/ A2/ H2+ F5+ G3+ E1+ F0\
Trax_862230 Missing 17886 vs. Arctic Warrior : @0/ B1\ A2/ @2\ C2+ C3/ A3\ A4\ D2+ @3\ B1+ A1\ B0+
Trax_862290 Cookie of the Wolf Pack MIA vs. * Sassy_Angel * : @0+ @1\ @1/ @1\ C2/
Trax_862322 superkaempe the gentle giant vs. * Sassy_Angel * : @0+ B1\ B2\ B3+ C3\ @2\ D2/ E3\ D1/ D0/ C5/ @3/ @3/ @3/ C2\ C1\ G0/ F7\ G7\ H2+ E7/ I5/
Trax_862352 Adam vs. Vacant 27555 : @0+ A0/ A3\ B1/ B0/ C4+ D3\ C0\ E4\ C6/ @3+ F6\ E7\ G6/
Trax_862401 bigmurds vs. * Sassy_Angel * : @0+ @1\ A2/ @1\ A2+ B0/ B0/ C2+ D3+ E3/ D2/ E2+ @2+ D4\ D5\ C0/ G3+ H3/ F5+ H2/ E0+
Trax_862402 bigmurds vs. * Sassy_Angel * : @0/ B1\ A2/ @2+ C2+ D2/ A3\ B0\ C1+ E2\ C0/ C0+ F4+ B7/ @5\ A6+ H4+ G5+ B3+
Trax_862467 Kiki vs. Adam : @0/ B1\ C1+ B2/
Trax_862479 Arctic Warrior vs. The Pampered Cricket : @0/ A2\ B2\ B3\ C2/ C1/ A0/ A5/ @5/ B0\ A1\ C7\ D7\ E5/ E2/ E1/ @1/ B2+ A2/ E8\ G5/ G2\ G3\ H5+
Trax_862507 FujiTape vs. The Pampered Cricket : @0+ A0+ A0\ @2/ C1\ A0\ @1\ A2+ B5/ A5/ @3\ D5\ D6\ B0\ E5\ F3\ E2\ @3+ A4/ @4/ E7/ B5+
Trax_862509 FujiTape vs. Absentee 13409 : @0+ @1\ A2\ B3\ C2/ A3+ @2+ A4/ @2/ C4+ E3\ F3\ D0+ D6+ D0+ D0/ A7+ E1\ E2+ D9+ B8\ F4/ G5/ F3+ F2/ H5/ G4/ H3/ I4/ I3/ J3/ J2\ I2+
Trax_862510 What The vs. Adam : @0+ B1+ B2/ A0\ B1+ A0/ @2\ D2/ C1/ C0/ D2/ D1/ E1/ E0/ F2+ D0+ C0\ @5+ B1\ @5+
Trax_862513 FujiTape vs. Adam : @0+ B1+ B0\ A3/ B3+ @2+ B4/ @2+ @2\ F2+ D5/ A1\ C0\ G3+ B4+ H3+
Trax_862524 Arctic Warrior vs. Geri39 : @0/ B1\ B2\ A2+ C1/ A3/ B0/
Trax_862549 Arctic Warrior vs. DragonHeart MIA : @0/ A2+ A0\ @2/ C3\ B4\ D2/ D1/ D0/ E1/ C0\ D0\ D7/ C8/ C1\ @6/ A7/ A8/ B9/ @7/ A8/ B9/ @8\ I4\ B9+ I5\ B10\
Trax_862569 FujiTape vs. Jay RAA : @0+ B1+ A2\ C1/ A0/
Trax_862571 FujiTape vs. The TT : @0+ @1+ A2\ A3/ A0/
Trax_862602 Matt vs. Amanda : @0/ B1\ A2/ @2/ B3\ C2+ C3+ C4/
Trax_862604 Matt vs. Amanda : @0/ B1\ B2\ A2+ @2/ B3\ D1/ B0/ B5/ C4+ D4\ E3+ D5+ B6\
Trax_862605 Amanda vs. Matt : @0/ A2\ B2\ A3\ B1/ C1/ A0/ C1+ C0\ B5\ @4\ C6/ B6+ B7/ @5\ F2\ E4\ E5+ F4+ F5+ E6\ D7\
Trax_862607 Amanda vs. Matt : @0/ A2\ B1/ B0+ @3\ C0+ C4+ A1\ @1/
Trax_862611 DragonHeart MIA vs. Adam : @0/ A2\ B2\ B3+ @1\ B0+ B0\ A1\ D5/ C2\ @2\ A1\ @1\ A0\ B0\ E8+ E9\ F9\ G7/ A1+
Trax_862628 Goonerg vs. FujiTape : @0+ B1/ @1/ C0\ B1\ B0\ @3/ C4\ E3/ B5+ @5/ B6\ A6+ E5+ F0/ G1/ A8+
Trax_862651 Adam vs. (vikki) : @0+ A0/ A3\ A0\ B3+
Trax_862667 blondie vs. Adam : @0+ @1+ @1/ A2/ C2\ C3/
Trax_862712 Vacant 27555 vs. paganje : @0/ A2\ B1/ B0/ @1+ B0\ B0\ A1\ @3/ E2\ A5/ @5/ D6/
Trax_862720 ROCKY MIA vs. doc harley : @0+ @1+ B2/ A0\ B1+ @2+ A3+ @2+ A3/ @2+ B1\
Trax_862735 *EAGLE ONE* vs. Adam : @0/ B1\ A2/ B2+ C2/ C3\ D2/ D3+ D4/ A3+ B4/ B5\
Trax_862738 Arctic Warrior vs. *EAGLE ONE* : @0/ A2\ B2\ B3+ A0\ @2/ D3/ D2/ @4/ A5/ F2+ E1\ F1+ C0+ G4\ F5/ E6/ E1+ D0/ C1+ B1\ A8\ B8\ C0/ G3/ G2/ @8/ F2+ D0/ E1/ H2/ H5\ I5\ I3\ J2/ J1/ J5+ K3/ K1\ H1\ G0+ I1+
Trax_862750 FrostyColdOne vs. mcinturff : @0+ B1/ B2/ B3/ B4\ C3/ A4/ A5\
Trax_862772 Nanett MIA vs. Adam : @0/ A2\ B2\ B3+ @2+ A1+ @2+ E2\ C0/ C0+ B0/ A2\ B0\ A2+ @2\ B1\ E5+ A1\ A6\
Trax_8627919 dgb vs. Traxplayer : @0+ B1+ C1\ @1/ E1+ C2+ A2/ D3/ D0+ @4\ B5/ B6+ A6/ @6/ B1+ A2\ @6+ B7+ A2\ A1\ @4\
Trax_862811 Goonerg vs. Adam : @0/ B1\ B2\ C2+ B0+ B4\ D3\ B5\ A4/ @3+ E1/ F1+ D0/
Trax_862813 Goonerg vs. Vacant 27555 : @0/ A0/ B1+ A3+ C1/ C3\ D1\
Trax_862837 Miranda vs. Morticia : @0/ A2\ B2\ B1+ @1\ B0+ B4/ B5+ A1+ A0\ A5\
Trax_862853 Honeybear vs. DINGEROO : @0/ A2\ B2\ B1/ C2/
Trax_862856 csain1 vs. FujiTape : @0+ B1/ @1/ A2\ C2\ D1/ C0/ D3\ E3\ D4+ B0/ D2+ E2/ F4\ A1\ @4\ B0/
Trax_862870 immitzi vs. FujiTape : @0/ A2\ B2\ B3\ B4/ C4\ C5+ C6/ B6/ B7/ A7/ @3/
Trax_862873 Arctic Warrior vs. JenJen : @0/ A2\ B2\ A3\ C2/ C1/ A0\ @1\ E2/ A2/ D1+
Trax_862883 Nan54 vs. Adam : @0/ B1\ A2/ @2+ C2\ C3\ C0/ D1/ C0+ A2\ @2\ C1+ A0\ C1/
Trax_862945 immitzi vs. Adam : @0/ B1\ A2/ @2+ C2+ C3\ D1+ @2+ E3+ E4\ D4+ F3+ G3\ F5\ F6/ E6/ G5\ H5\ C6+ G7+
Trax_862953 Goonerg vs. Missing 10300 : @0/ @1/ B0+ C1\ A0/ @3/ C4\ B5/ C0\ A6+ D1/ C0\ E3\
Trax_862956 Goonerg vs. FujiTape : @0/ B1\ A2/ @2\ C2\ B3/ A1+ @2\ @3/ B4\ B0/ B6/ A6/ B7/ A1\ B0/ @4\
Trax_862957 Arctic Warrior vs. Goonerg : @0/ B1\ A2/ @2/ D1/ D0/ @3+ @3\ C1+
Trax_862961 Goonerg vs. Missing 10300 : @0+ @1\ C1\ C2\ C3+ D2\ A3/ @1\ C4/
Trax_862962 FujiTape vs. Vacant 12565 : @0+ @1/ B2/ A2+ @2\ D2/ B3/ B0\ A1\ @2\
Trax_862969 Goonerg vs. FujiTape : @0+ @1\ @1\ C2\ B2+ C3\ B4\ D2+ A4/ B5\ @3\
Trax_862976 FujiTape vs. Adam : @0+ @1+ B2/ A0\ B1+ A4/ @4/ D2+ A1\ @2\ A1\ @2/ D0+
Trax_862983 Honeybear vs. The Pampered Cricket : @0/ A2\ B1/ B0/ B3\ C2+ D2\ D3\ D4\ E4\ F4\ D5+
Trax_863002 Goonerg vs. Vacant 1884 : @0+ @1/ @1\ A0\ B1+ C1/ A0\ C4+ D3/ B5\ A4+ D2/ @4/ C0+ C0\ C0\ F6\ F7\ F3/ F2/ G5/
Trax_863009 MORRIS vs. Adam : @0/ B1\ A2/ @2+ A3+ C0\ A5+ D2\ A6+ B0/ A8+ @3+ B9+ C9/ A9/ C10/ D9/ F3+ C7+ @3+ F4/ H3+
Trax_863040 Adam vs. MORRIS : @0+ B1+ B0\ B3\ C3+ C4\ D4+ E4+ @2\ G4+ G5/ G3/ G2/ E1/ E0/ G2/ H3+
Trax_863146 JenJen vs. MORRIS : @0+ B1+ B0/ C2\ C3\ A1\ A0\ B1+ D2\ @1\ D1/ B0+
Trax_863152 Kran vs. Adam : @0+ B1+ A2\ A0\ B1+ A0/ B1/ B0/ @2/ D4/ C0/ E4\ D6+ @4+ G4\ E7+ E8+ A6/ H4/ @6\
Trax_863166 twodawgs vs. Adam : @0+ B1+ B0\ A3/ @3/ @3+ D3+ A1\ A0/ @3\
Trax_863198 Sartex vs. Adam : @0+ B1+ @1/ A2/ A3+ @2+ @2\ B0\ E4\ E5\ @2\ B1+ D5+ E1/ E0/ G3+ H3\ C6\ C7/ B7/ A7+ @4\
Trax_863203 JenJen vs. (**)(**) Bunny Toes : @0+ @1/ B0+ C2\ C3\ B4\ C4\ @4/ A5/ @3\ A2\ F3\ C1\ RESIGN
Trax_863207 JenJen vs. immitzi : @0+ @1\ A2/ @1\ B0\ C3\ C4\ B4+ B0\ D3/ A4+ @4+ A5/ C0\ A7\ B2+
Trax_863209 Nan54 vs. MORRIS : @0/ B1\ A2/ @2+ C2\ C3\ C0/ D1/ D0/ D4+ E2/ E4+ B1\ B5+ C0\
Trax_863210 JenJen vs. Adam : @0+ B1+ A2\ A0\ B1+ @2+ @2/ A3/ B4/ @3+ D4\ C5/ B4/ A1\ B0\ @3\
Trax_863290 Roughdawg MIA vs. JenJen : @0/ B1\ A2/ @1/ C0/ D1/ D0+ E1+ D3+ B2+ C4\ B5/ E3/ E0/ C1+ F2\ B0\ A2/ A1+ @1+ B0/ B7+ A5\ @2\ E1/ E0/ B8/ A7\ I6\ I7\ H8\ G9\ B2\ B1\ J7\ J8\ I9\ D1+ B0\ A5/ @4\ F10\ G11/ J5/ J4/ K4/ L7/
Trax_863295 Roughdawg MIA vs. Adam : @0/ B1+ A0\ @1\ A0+ @1+ B0+ E4\ E3/ D5+
Trax_863339 PEEJAY vs. FujiTape : @0/ B1\ B2/
Trax_863412 Uncle Chuckie vs. FujiTape : @0/ A2\ B2\ C2\ @2\ C1/ C3+ E3\ E4\ C4+ B4/ B5/ C0+ D1/ E2/ F4\ A5/ @4\ B6+ C7+ D0\ G6\ F7\ A2+
Trax_863421 ema vs. FujiTape : @0/ A2\ A3/ B2/
Trax_863455 klaashaas vs. SarahMills : @0/ A2\ B1+ B2+ C2\ C3+ C1+ C4\ B0/ D3/ E3+ D2+ E4/ F3/ F2/ @3/ A4/ B5+
Trax_863486 gladriel vs. Nanett MIA : @0+ B1/ B2\ C2\ C3/ @1\ B2+ B0+
Trax_863554 * Sassy_Angel * vs. ema : @0/ A2\ B2\ @2\ C1/ A3/ D1\
Trax_863576 DiGaWiD vs. FujiTape : @0+ B1/ A0+ @2\
Trax_863696 Erinity vs. FujiTape : @0/ B1\ A2/ @2/ B0/ D2\ B4\ C4\ D5/ E4+ C6/ D6+ F4\ B6/ C0\ C8+
Trax_863716 FujiTape vs. MORRIS : @0+ @1\ A2\ C2\ B3/ C3+ D3\ B4/ B5\ C5\ D5+ C6+ D6+ A6/ A7/ @4/
Trax_863721 Patrick vs. FujiTape : @0+ B1\ B2\ C2\ B3\ C3+ C4\ D1/ C0\ D4+ E3+ B1+ B0\ F3/ D2/ D1/ A2+
Trax_863739 gingershaz vs. FujiTape : @0/ B1\ @1/ C2/
Trax_863773 hANDYman the Rebel vs. * Sassy_Angel * : @0/ B1+ A2+ B0/ A4/ @4+ @4/ E2+ @4\ A3\ A2\ D1+ C1+ D0/ C1\ C0/
Trax_863775 hANDYman the Rebel vs. * Sassy_Angel * : @0/ B1+ C1/ B0\ C3/ B0+ D2\ B0+ A2\ B0+ @4/ C7+ F5\ D7+ F3/ D2/ F2\
Trax_863780 hANDYman the Rebel vs. * Sassy_Angel * : @0+ B1\ @1\ C2+ C3\ A0/ B1/ D3\ D2+ B0/ E4/ D5+ E3/ F3+ D6+ D7\ F2/ E7/ G3/ E6+ G5\ H4\ G6/
Trax_863781 hANDYman the Rebel vs. * Sassy_Angel * : @0/ B1\ B2\ A2+ B3/ C2\ B4\ C4+ C5\ D5\ D2+ E3\ @1/ F5\ B3+ B4+ G3+ @2/ A3/ @3/ I1/ G0+ J2\
Trax_863795 Tigger vs. FujiTape : @0/ B1\ A2/ B2+ C2\ C3\ B4\ C4\ @1+ E3+ F3\ D5/ A4/ A5/ @3\
Trax_863806 NASCAR vs. FujiTape : @0/ B1\ B2\ C2\ B3/ A3/ B4/ A4+ @3+ @3/ A4/ B5/ B6/ A5/ @5/ B6/ B7/ A7/ @6/ @6/ A7/ D8+ G6/ D9/
Trax_863814 Patrick vs. Nan54 : @0+ @1+ B0/ A1\ A0\ B1+ B4\ A4/ @3+
Trax_863836 Goonerg vs. betty : @0/ B1\ A2/ B2+ @2\ C3+ D3/
Trax_863854 Jac The Red vs. FujiTape : @0+ B1\ B0/ C2\ C3+ C1/ D1/ A1\ A0\ E2/ B1+ F2\ F3\ E0/ F1/ G3\ E4/ E5/ G4\ H2/ C6/ C7/ @4\ H5/ H6\ I6\ J6\ D8/ K6\ F6+
Trax_863872 Kran vs. FujiTape : @0+ B1\ @1\ C2/ B2/ A0\ A0\ @3/ D2/ E3\ @2/ A3/ E1/ E0/ F1\ G4/ G3/ F6\ G6\ H6\ @4/ A5/ C6/ E7\ E8\ F8/ B8/
Trax_863936 CHESSCATJAY vs. Rogue Trooper : @0+ @1/ @1\ A0\ @1\ C1/ B0\ E2\ E4\ F3/ C1/ B0+ C1+ B0\ G3/ F2+ A6/ @5+ A6/ I3/ I2/ F1+ D0/ I2/ A4\ @4\ C2\ B8+ A7\ G8+ A8/ @7\ A6/ I1+ E1\ E0\ A9/ @8/
Trax_863941 Trist vs. Amanda : @0/ @1\ A0\ B3/ B1+ C1\ A0\ @2+
Trax_863942 Amanda vs. Trist : @0/ B1/ A0\ A3/ @2\
Trax_864022 carinda vs. FujiTape : @0+ B1\ B0/ C1/ C0/ D2\ C3+ C4\ D4+ E4/
Trax_864049 Honeybear vs. goldfreckles : @0/ A2\ B2\ B1/ C2/
Trax_864056 Dream vs. Rogue Trooper : @0/ A2\ B2\ B3+ C2/ B1+ B0/ C1/ C0/ D3+ E3/
Trax_864091 kittytb3 vs. FujiTape : @0+ B1\ @1/ B2+
Trax_864092 Stinger vs. Rogue Trooper : @0/ B1+ A0\ @2+ A1+ @2+ @2\ A1\ A0+ @2/ A1+ A0\ @1\ H4\ G5\ H5+ H6\ B4+ B5/ F6+ H7/
Trax_864094 Stinger vs. FujiTape : @0/ B1\ B2\ A2+ @2/ A3/ D1+ A4\ D3+ E1\ @3/ G2/ A1\ C0/ @2/
Trax_864122 JenJen vs. Stinger : @0+ @1\ C1\ A0+ @1/ B3/ A3/ @3\
Trax_8641292 dgb vs. birddog856 : @0/ A0/ A0/ @1/ B0/ A0/ @1+ A4\ D2+ E3\ F3\ G3\ G4\ E2/ H3+ H2/ F1+
Trax_8641427 ypercube vs. Red Panda : @0/ A0/ B2/ B3/ C3/ C4/ D4/ D5/ E5/ D6/ C6/ D7/ E4/ E3/ B6+ D2/ A4/ @1+ @1+ A0+ E2+ D1/
Trax_864156 Goonerg vs. Rogue Trooper : @0/ B1+ B0+ C2\ A3/ @3/ C4\ C5+ D5\ E5\ A6+ @6/ A3+ F6+ E7+ G5\
Trax_864157 Goonerg vs. Kran : @0/ B1\ A2/ A3/ B3/ @2/ B4+ D4\ D5\ D2/ E3\ D0/ E2\ F2\ @2/ B4+ D6/ D7/ E0/ F6+ H4/ F2+ F0\ B7/ A6+ G6\ A9/ H6+ B10/
Trax_864158 Goonerg vs. FujiTape : @0/ B1\ A2/ B2+ A3+ @2/
Trax_864160 spitfire vs. twodawgs : @0/ @1\ A0/
Trax_864162 Goonerg vs. Stinger : @0/ A2+ @1/ B3\ C3\ C4\ D2/ D1+ @1/ E0/ E0/ F2\ G2\ F4+
Trax_864167 goldfreckles vs. Misery Midnight : @0/ @1\ B0\
Trax_864186 Misery Midnight vs. goldfreckles : @0+ @1\ A2/ @1\ A0/ B1/ D2\ C3+ A3+ A4\ E3\ E4\ E2/ F3/
Trax_8642286 Rogue Trooper vs. golfnutrof : @0+ @1+ A0\ C2+ C3\ B3/ B4/ @2+ A4/ A5/ @3+ @3\ @3\ A1+ A0/ C0+ D2/ F3+ F1+ E0/ G2+ H3+ I3\ H6\ I2+
Trax_864228 Rogue Trooper vs. immitzi : @0+ B1/ C1/ A2/ A0\ @1\ @2\ E3\ E4+ F2\
Trax_864235 Nancy vs. Nan54 : @0/ B1\ B2+ A2+ A3/ B3+ A4\ A5/ @4\ @2\ A1\ @3/ B4+ B5+ A5\
Trax_864238 Nan54 vs. Darksyde MIA : @0/ B1/ A0\ A3/ @1/
Trax_864249 * Sassy_Angel * vs. Kran : @0/ B1\ B2\ C2/ A2+ @2\ B0/ A4/ B0/ @5\
Trax_864252 Nan54 vs. Jane : @0/ A2+ @1\ B3\ B0\
Trax_864262 immitzi vs. B Line electric streetcar : @0/ A0/ B2/ B1/ @2\ B0\ A2+ C0/ D3/ A1\ RESIGN
Trax_864266 B Line electric streetcar vs. immitzi : @0+ @1/ B2\ @1/ A0/ C4\ D4\ B5+ D6\ E4\ @4/ A2+ G5/ D7+ C7+ D8\ G6\ H5+ A5/ D1\ @4+ G9+ I8+ J6+ H10/
Trax_864274 Nanett MIA vs. Goonerg : @0+ B1+ B2\ @1+ @1\ E1/ E0/ A1\ D0/ C0+ B5\
Trax_864289 Ace1316 vs. SweetCindyJo : @0+ B1/ A2\ A3/ @3/ A4/ B0/ B6\ C5/ C1/ C6+ @6/ A7/ A5+ C7\ B8\ E5/
Trax_864299 Knight Rider vs. Kelly is Untouchable : @0/ A2\ B2\ B3+ C3/ C1/ D1/ A4/ @4/ D4\ E4\ E5+ E3/ F3/ A2\ @4/ C0/ G5\ D1+
Trax_864305 Kelly is Untouchable vs. FujiTape : @0+ B1\ C1/ A0/ A3\ C3/ D3\ C4/ E2/ D1\ C0/ @3+ G4\ H4+
Trax_864324 SweetCindyJo vs. NASCAR : @0/ @1\ B0\
Trax_864340 * Sassy_Angel * vs. Rogue Trooper : @0/ A2+ B1/ A3+ @3+ B4+ D1\ B5+ B6/ A6/ C0\ A8+ A9/ @9/ A10/ A5+ @8/ C3\ B3\ A10/ D1+ A3+ @3/ B11+ F4\
Trax_864352 nursestary vs. Misery Midnight : @0/ A0\ @2\
Trax_864405 Ace1316 vs. SweetCindyJo : @0+ B1/ A2\ @2/ A3/ D2\ D3+ A1\ @2\
Trax_864431 Knight Rider vs. Jac The Red : @0/ @1\ A0/
Trax_864454 Jac The Red vs. FujiTape : @0+ B1\ B0/ C2\ A3\ C1/ D1/ C0+ C4/ @3/ B5/ F1\ B2+ D0/ C6\ C7\ A3\ @4/ B1\ E0\
Trax_864467 Arctic Warrior vs. jfromvt : @0/ B1/ A0\ @1\ D1/ C0\ B1+ D3+ E3\ F2/ E1/
Trax_864474 Arctic Warrior vs. Wizard_from_Oz : @0/ A2\ B2\ B3\ A0\ A5/ @2\
Trax_864478 Knight Rider vs. immitzi : @0/ @1/ B2/ C1+ C0\ B4\ A0\ @2+ A1\ B0\ A5/ @4\ A1\ @2+ A1\ F1/ A4/ G3/
Trax_864510 B Line electric streetcar vs. Kelly is Untouchable : @0+ B1/ A0\ @2\ B0/ A2+ A1+ A0/ C2+ D2/ D1/ C0/ E2+ F2/ E1\
Trax_864524 Ace1316 vs. SweetCindyJo : @0+ B1/ A2\ @2/ A3/ D2\ D3\ E1/ E0/ C4+ D5\ D1\ E0\
Trax_864542 Dream vs. Goonerg : @0/ B1+ A0\ @2/ A3+ A4/ B4+ B5+ C1+ D3+ B6+ D5\ E4/ B7/ A7/ @6/ B8+
Trax_864545 Patrick vs. Goonerg : @0+ @1/ C1/ A0/ B3/ A3/ A4/ @2\ @2/ E4/ A3+ @3/ E5\ C5+ E6/ C6+ C7/ B7/ A6/ E0+
Trax_864552 Nan54 vs. Patrick : @0/ B1\ A2/ B2+ C1/ C0/ @2\ B1/ D0/ C1+ A5/ @5/ A6+ A4+ C6\ C7\ @4+ C2\ C1\ F0/ F5+ E6\ G6\ E7\ @6/ A7/ C1\ B1\ F8\ D8/ E9\ B8+ @8/ A9/ I3\ J2+ I0/ C5+ K2/ B3\
Trax_864561 B Line electric streetcar vs. Goonerg : @0+ @1/ B2\ C2+ A3/ @3/ A2+ D3+ C4/ B4+ A5\ C5+ E3+ @2\ A5/ A1/ @3/
Trax_864565 Knight Rider vs. Goonerg : @0/ B1\ A2/ B2+ C1/ B0\ C3\ D3/
Trax_864570 Knight Rider vs. Patrick : @0/ B1\ A2/ A3/ C1/ C0/ B1+ C0/ C0/ D3\ A3\ @3\ E4\ D5\
Trax_864615 streep vs. Goonerg : @0+ B1+ B2/ B0/ C1+ D2/ C3+ D0/ E1/ A2\ A1\ @2+ C1+ C0/
Trax_864640 G_net vs. Honeybear : @0+ A0+ A0/ @2/ C3\ B0\ A2+ @2\ B1\ B0\ A1\ @2\ E3/ F4+ G4\ G5\ @2\ G6+
Trax_864659 Mike UK vs. Goonerg : @0/ B1\ B2\ C2\ A0/ B4/ A3/
Trax_864671 Goonerg vs. klaashaas : @0/ @1\ A0/
Trax_864702 firefly vs. Kelly is Untouchable : @0+ @1/ A0\ @2/ A3/ A4+ A1+ @2\ @2\ B1\ B0\ B0\ A2/
Trax_864728 Goonerg vs. Weth : @0/ A0/ B1+ C1/ C2+ C3\ D3\ E1\ E2+ C0\ D1+ A5\ C5/ @3\ G3\ H3\ E0/ G3/ G2/ A6/ G1/ @5\
Trax_864756 Weth vs. FujiTape : @0/ A2\ B2\ B1+ B0/ C2\ D2\ C3\ D3+ D4\ C4+ C5/ C6\ E3/ A6/ B7/ @5/
Trax_864765 Goonerg vs. stones- A - rama : @0/ A2\ B2\ B1/ C2/
Trax_864792 Arctic Warrior vs. lady of amber : @0/ A2+ A0\ @2/ C3\ D3\ D4\ E4\ E5\ D6\ F5/ F3/ G5\ G6\ H4+ A4+ @4/ E7\ F7\ D8/ D9\ C8+ J3/ I2\ B1+ B0\ @4\ B2+
Trax_864795 Logged Off 5196 vs. FujiTape : @0/ A2\ A0\ B2\
Trax_864817 **YANKEE ROSE*JR FRANK PAB vs. FujiTape : @0+ A0+ A0+ B1\ @1+ @1/ B2/ A2+ D3\ E2/ A3/ B4\ E4/ F2\
Trax_864841 Goonerg vs. Mike UK : @0/ @1/ B0/ @2\ A1\ B0/ D2\ @3\ E3+ E4\ B4+ D1/ F3\ F1\ G2\ F0/ G2+ C1\ F5\ D0/
Trax_864848 Goonerg vs. klaashaas : @0/ B1\ A2/ @2+ @2/ A3/ D2+ D3\ C4\ @3+ A1\ C0\
Trax_864868 Cookie of the Wolf Pack MIA vs. FujiTape : @0+ @1+ A2+ B2+ A3+ B3+ B4/ B0/ C1/ C5\ C6\ @3/ D4+ E4/
Trax_8648990 golfnutrof vs. Rand al*Thor : @0/ B1\ A2/ @2+ @2\ A0+ E2/ E1/ B0+ @3/ G2/ C0/ G5\ B1/ E6+
Trax_864899 doc harley vs. FujiTape : @0+ B1\ @1\ B0/ A3/ @2\ C3+ B4+ A4\ @2/
Trax_865038 **YANKEE ROSE*JR FRANK PAB vs. FujiTape : @0+ @1/ C1+ D1\ A2/ B3\ C2\
Trax_865078 **YANKEE ROSE*JR FRANK PAB vs. FujiTape : @0+ @1/ C1+ D1\ A2/ B3\ C2+ C3\ E2/ D0/ F2\ B5+ E1/ @4\
Trax_865091 twodawgs vs. spitfire : @0+ B1\ A0/ B3/ C3/ A3+ A4\
Trax_865127 Goonerg vs. Aphrodite : @0/ @1\ A0/
Trax_865142 the great snowqueen vs. FujiTape : @0/ B1\ @1\ C2/
Trax_865182 Arctic Warrior vs. Tolp : @0/ A2\ B2\ C2\ A0\ @1\ D4\ E3/ E2/ C1/ B0\ A3/ @2\ F6\ G6\ G5+ H6\ C0\ @3/ B4+ J6/ J5/ K4/ K3/ J8\ K7/ A4+ B5+ C2+ E1/ E0/ J4\ K3/ I9/ J10\ H9+ K2\ E8+ J2/
Trax_865183 Goonerg vs. Vacant 12565 : @0/ B1\ A2/ B2+ C1\ B3/ @2\ E1/ D0\ D4\ D5/
Trax_865189 Amanda vs. csain1 : @0+ B1\ C1/ C0/ C3/ @2+ E2+ F2+ G2\ G3\ E4/ H3+
Trax_865193 Goonerg vs. Tolp : @0/ B1\ A2/ A3/ @2\ @3/ C4/ C0+ D3+ B2\ A1\ B0\ @3\
Trax_865194 Tolp vs. FujiTape : @0/ A2\ B1/ C1/ A3/ @3/ @3/ D3/ A2\ @2\ E4\ F4\ F2+ G2\ H4\ G5/ E0+ D7+ B8/ D8+
Trax_865207 outta here vs. FujiTape : @0/ A2\ B1/ B2+ B3\ C1/ @2/ A3/ A4/ E1/ E0/ @5/ C6\ B7\ F5\ E6\ G4\
Trax_865217 * Sassy_Angel * vs. superkaempe the gentle giant : @0/ @1\ A0/
Trax_865246 Romy vs. FujiTape : @0/ B1\ A2/ B2+ A3\ B3\ C2\ C3\ @2+ @2/ D4\ D0\ E2+ A4\ F4\ F5\ G5+ E6+
Trax_865260 * Sassy_Angel * vs. Tolp : @0/ @1/ A2\ @1/ A0/ @3/ A4\
Trax_865276 **YANKEE ROSE*JR FRANK PAB vs. FujiTape : @0+ B1\ A2/ A3/ @1\ A0\ @2/ A3+ D1/ @2/
Trax_865393 Vacant 1884 vs. Taylor : @0/ A2\ B2\ C2+ B1/ B3+ C1+ D2+ D1+ E1/ C0\ @3\ C5/ D4\ @3/ A1/ F1/ F0/ G1/ @2/ E1+ H0/ B6+ @3/ D1+
Trax_865399 Taylor vs. Vacant 1884 : @0/ B1\ B2\ B3\ A2/ A3/ B4+ A4+ A5+ @2+ D1\ B6\ C6\ C0/ A1/ @3\ C8\ E5/ F7+ B8/ B9/ E8/ G7\ G5\ G9\ H9+ B5/
Trax_865418 Taylor vs. LazerLady : @0+ A0+ B1\ @2/ A1\ @1\ E2/ E0/ F2\ A3/ @3/ E0\ D2+ E5+ E6+ G6\ H5/ E7+ E0+
Trax_865508 Sea Breeze vs. FujiTape : @0+ @1\ B2+ A0/ @1\ B0/ C1\ D3/
Trax_865568 **YANKEE ROSE*JR FRANK PAB vs. FujiTape : @0+ @1/ A2+ B3/ C1/ D1/ C2\ E1\ @3\ E2\
Trax_865608 balmoral vs. FujiTape : @0+ @1/ B2/ C2/ C3\ D1\ C0\ D4\ E4+ E3+ F4\ F3+ E2/ F5\ D5+ G4+
Trax_865613 superkaempe the gentle giant vs. * Sassy_Angel * : @0+ B1\ B0/ C1/ D1/ A1+ D2\ E2\ F2\ E1/ F1/ G1+ G2\ F3+ F4\ H3/ E4/ F0/
Trax_865682 B Line electric streetcar vs. LazerLady : @0+ B1+ A2+ @2\ C2\ D2+ C3+ D3+ D4\ C4+ E4+ D5+ F4/ E5\ F2/ G2+ C0/
Trax_865688 B Line electric streetcar vs. Stinger : @0+ B1\ A2/ A3\ B3\ C3\ @2+ A3+ D4+ D1\ E3\ B5/ B6+ A5+ E2/ F2/ E5\ F4+ F6\ G1/ G5/
Trax_865724 STrek vs. FujiTape : @0+ B1/ @1/ A2\ B2+ C2+ A0/ A0/ A5\ @3\ A1+ E4\ A4+ @4/ @2+ G5/ E6/ @2/ B1+ B0/ E8+
Trax_865727 JenJen vs. Rogue Trooper : @0+ @1\ @1/ A2/ B2+ D1+ E1\ @1+ E0\ E3\ E4\ C4/ D5+ F4+ B4/ @3+ H2/ H4+
Trax_865731 STrek vs. FixitDave : @0/ A2\ B2\ B1+ B0/ C1/ D3+ E3/ D4+ B0\ A1\ @1\ E1+ @3/ A4/ C5\ D6+ C6/ F0+ @4+ B1+ E0+ E0\ E10/ @5/ H9\ G10+ I9/ @4+ B2\ E9+ E10/ F11+ J10/ H11+
Trax_865911 B Line electric streetcar vs. Adam : @0+ B1+ A2\ A0\ C3/ A4\ @4+ C1/ C0/ E3\ F2+ G3/ H2\ G1+ H4\ I3+ I4+ J4\ H0\ D0\ C2+ I3\ H1+ H7\
Trax_865934 maggies tavern vs. FujiTape : @0+ B1\ @1\ A0+ @1/ B3/ A3/ @3\
Trax_866012 Linda Sue vs. KaTtdAnCe : @0+ B1+ @1/ A2\ B2+ C2+ D2/
Trax_866047 Jay vs. Adam : @0+ @1+ A2\ A0\ B1+ C3\ B0\ B5\
Trax_866106 Cachel vs. Adam : @0+ B1+ B2/ A0\ @1+ A0\ B1+ D3+ C1/ A0\ @3/ @3+ @1\ A0\ B5+ A4+ D1/ @4+
Trax_866152 Allison vs. Adam : @0+ @1+ @1/ A2/ @2/ A3/ A4\ @3+ C4+ B5/ E3/ A5\
Trax_866163 Cachel vs. FujiTape : @0+ @1/ B0\ C2\ @2+ C3+
Trax_866217 B Line electric streetcar vs. MORRIS : @0+ @1\ B0/ C2\ C0\ D2/ E2+ C4+ B5\ @3\ E5\ G3/
Trax_866260 B Line electric streetcar vs. Vacant 25583 : @0+ @1/ B2\ B3\ C3\ C4\ D1+ D0/ @5/ A6/ B6+ @5/ A2\ @2\ C1/
Trax_866292 SweetCindyJo vs. NASCAR : @0/ B1+ A0\ @1\ A0/ A3/ @3+ B4/ A2\ @3/ B0+ A1\ @4/ C6+ A2\ @4/ F6\ G3+ E0/ F2+ F1+ G1/ @6\ I2+
Trax_866302 ***Angel*** vs. FujiTape : @0/ B1\ B2/
Trax_866375 Jac The Red vs. FujiTape : @0+ B1\ A0/ @1/ B3\ B4/ A4/ @1/ D3+ E3\ D4\ D5\ E4\ C0+ F5\ E6+ E3+ C0+ C0/ D1/
Trax_866378 FujiTape vs. Amanda : @0/ A2\ B1/ B2+ A3\ @2+ @2/ C0+ E1\ B2+ D0+ F4+ F5/ D6/
Trax_866379 Amanda vs. FujiTape : @0/ B1\ B2+ A2+ B3\ C3\ D2+ A3+ B4\ B5\ C5+ E3/ C1+ D5\ B0\ @3/ D7+ D8\ F6+ G3\ H4+ I4\ F7+ J6\ I7+ F9+
Trax_866401 Rogue Trooper vs. outta here : @0/ A2+ A3/ A4+ B3\ A5\ B4+
Trax_866406 Tolp vs. FujiTape : @0+ B1\ A2/ A3/ A0\ @3+
Trax_866470 * Sassy_Angel * vs. REBEL DJ : @0/ B1+ B0+ C2\ A3/ B4/ A1+ @3/ A4/ B5/ @4\ B5+ B6+ B7/ A7/ @6/ B8+
Trax_866472 * Sassy_Angel * vs. REBEL DJ : @0/ B1\ A2/ B2+ A3\ B3\ @2\ A1+ B0\ B5/ A5/ @5/ @4/ A5/ C1+ B1\ @5/ C6+
Trax_866473 * Sassy_Angel * vs. REBEL DJ : @0/ A2\ B1/ B2+ C1\ D1/ C0\ C3+ B4\
Trax_866488 Amanda vs. Gone with the Wind #1494 : @0/ @1\ A0/
Trax_8664953 Rand al*Thor vs. Nukkle Dragger : @0/ B1\ A2/ B2+ C2\ C3\ D3\ A4/ B5+
Trax_8665057 golfnutrof vs. jazzbeth : @0/ @1/ B0/ @1/ C0/ @1/ D0/ @1/ E0/ @1/ G1/ H5/ E6/ H1/ D6/ C4/ H7\ I5+ I0/ J2\ H9+ I8+ B4+ G1+ G0/ G0+ J10\ J11\ J6+ K10+ K5+ A7/ C9+ E2+ E1+ A6\
Trax_866505 Romy vs. FujiTape : @0+ @1/ C1/ A2+ @2\ B0\ C1+ B4/ A1\ @1/
Trax_866511 Romy vs. FujiTape : @0+ B1/ B2+ A2+ C1\ @1/ B3/ C0/ A1+ E2\ D3\ E3+ E4\ D4+ A5\ F4\ @3\ F5+
Trax_866537 Misery Midnight vs. goldfreckles : @0+ @1\ A2/ @2/ A3/ D1/ C3\ C4\ @3\ D0+
Trax_866585 Honeybear vs. Mististar : @0/ A0/ A3+ A0/ B2\ B3\ C2+ @3/ B0/ C5+ C6\ E2\ D5+ C0\ @4\ A3+ @3\ E0\ G7+ H5/ H7/
Trax_866594 Knight Rider vs. **YANKEE ROSE*JR FRANK PAB : @0/ A0/ A3/ @3/ B4\ C3/ @3/ D4\ E4\ E3/ F4/
Trax_866611 Arctic Warrior vs. MORRIS : @0/ A2/ A0\ @1\ C3\ C4\ D2/ D1/ C0/ C0/ D1/ E3\ E4+ F4+ F3+ A5+ @3\ C6/ D7\ A4+ @3/ A1\ B5/ B0\
Trax_866612 Arctic Warrior vs. Rogue Trooper : @0/ B1+ A0\ @2/ C3\ B4+ D4\ D5\ @4/ B5\ E6\ E3/ F4\ E7+ F7\ B7/ E2+ B8\
Trax_866639 Morticia vs. Miranda : @0+ B1\ A0/ B0/ C2\ B4/ C3\ @3/ A4/ E3/ C5/ A5/ E5\ E6+ F4/
Trax_866660 JenGem vs. Chad : @0+ A0\ A3/ @1\ A0\ @1\ @2\ B0/ C1/ D1+ C0+ C0/ D1/ E2/ D0+ D0\ E3/ F5+
Trax_866671 mayonnaise vs. Chad : @0/ @1/ A2\ B2+ C2/ B0\ C2+ C1/ A1+ B0/
Trax_866680 Vacant 1884 vs. Chad : @0/ A0/ @2/ @2/ A0/ B1+ @2\ C0/ A2\ B1+ B0\ A2\ A1\ E4\ F4\ E3/ F3/ G3/ D1+ E1\ G1\ F5\ E6+ C6/ C7/ B6/ @3+ @4\
Trax_866692 Arctic Warrior vs. Kevin : @0/ A0/ B1\ A3\ B3\ B4\ C3/ C1/ D2/ B0/
Trax_866693 Arctic Warrior vs. Chad : @0/ @1/ A0\ @1/
Trax_866707 B Line electric streetcar vs. Kevin : @0+ B1+ @1/ A2/ @1+ A0\ @1+ C0/ E2+ F2/ @2/ F1+
Trax_866708 B Line electric streetcar vs. Chad : @0+ A2\ @1/ B0\ A0/ C3/ A0/ C0\ D4\ @5/ F6\ E7/ F1/ C1\ G4\
Trax_866727 Nan54 vs. Kevin : @0/ A0/ @2+ A0/ C2\ @3/ A2+ @2/ D1/ F2\ B0\ A1\ @1\ G1/ H1/ F0\
Trax_866805 B Line electric streetcar vs. Kevin : @0+ B1+ @1/ A2/ @2/ @2\ C3+ C4/ C5/ C6/ A3+ @4/ E5+ F2+ G3/ B7+ A7/ A8/ @8/ D0\ C2+ E0/ G2+ C1\ G7+ B3\
Trax_866844 B Line electric streetcar vs. Kevin : @0/ @1/ A0/ @1/ B0/ B4\ B5\ A4\ @3/ @3+ A0\ @4\ E0+ D0/ A2+ @5/ B7\ H6\ H7+ B8+ F9+ @6\ D0\ @9+ B10\ A4+ D10+ D1\
Trax_866846 B Line electric streetcar vs. Kevin : @0/ A0/ B1/ C2/ B0/ @3\ C4+ C5/ A4+ E3/ D2+
Trax_866865 B Line electric streetcar vs. Isischylde : @0+ @1\ B0/ C1/ D2+ B0+ B0/ D2+ @3/ F3+ C5/
Trax_866870 B Line electric streetcar vs. Vacant 27555 : @0+ A0\ B1\ A0+ @2+ B0\ A1\ A0\ @4/ @3+
Trax_866927 STrek vs. Isischylde : @0/ B1+ A0/ B3+ C1\ C3+ @2+ E3\ D4/ B4+ @2+ B3/ G3+ B4/ @2+
Trax_866928 Vacant 27555 vs. STrek : @0/ @1+ B2/ @1/ B3\ D1+ C0/
Trax_866955 Arctic Warrior vs. Isischylde : @0/ B1\ A2/ @2+ D1/ B0/ B4\ C4\ C5\ D5\ E3\ F3\ B6/ A6/ A4/ E4+ E2/ A7+ @7/ A4+ C8/ F1+ D0\ A6+ @8\
Trax_866957 Arctic Warrior vs. MORRIS : @0/ A2/ A0\ @1\ C3\ C4\ D2/ D1/ B0\ B5/ B6/ A1\ A0\ A4/ @4/ F4+ A2+ @2/ B0\ A1\ @1\ H2/ D8+ H1\
Trax_866968 Mike UK vs. Isischylde : @0/ B1\ B2\ C2+ A0/ A3+ @1/ E2\ D0/ D0+ E2+ D0+ F4+
Trax_867018 MIA 6690 vs. Isischylde : @0/ B1+ A0/ C2\ A3/ B4\ @4\ D4+ B5\ C5+ D5+ E5/
Trax_867045 streep vs. Isischylde : @0+ A0+ A3+ @3\ C3\ C1+ B4+ D2/ B5+ B0\ A1\ A5+ @3\
Trax_867058 spitfire vs. twodawgs : @0/ @1+ @1\ B0\ A1+ A0/
Trax_867069 paganje vs. Isischylde : @0+ A0+ A0/ B3/ @3/ A2+ B4\ D3\ @3\ A2\ A4+ A5/ @4\ C1\ C0\ B2\ @5/ B4\ @5/ C3\ A6\ B7+ G6+ G7\ C8+ C2\ H7\ A7+ B8+ F8+
Trax_8671181 * vs. ginifish : @0/ A2\ B1/ B0/ @1+ @1\ C0+
Trax_867164 Romy vs. Isischylde : @0+ B1\ C1/ B0\ A3\ @3\ C3\ C4+ D4\ E3/ @2\ A1\ D5+ B0+
Trax_867192 Aphrodite vs. Isischylde : @0+ A0+ A3/ @1/ C1/ C0+ C3\ D2/ C5\ D5+ D4+ E5\ E6/ C6+ @3/ D0+ A5+ D8+
Trax_867253 Jacqui vs. Isischylde : @0+ A0+ B1+ C1\ B0/ @2/ C3\ C4\ D4\ E3\ F1/ F0/ A2\ B1+
Trax_867274 STrek vs. MORRIS : @0/ A2/ B2\ A3/ B3+ @2\ A1+ A0\ @2/ E4/ D5+ E1/ E0+ F2\
Trax_867547 Misery Midnight vs. nursestary : @0+ @1\ A2/ @2/ C2+ A1\ A0+ @3\
Trax_867575 pepperbeach vs. Taylor : @0+ A2+ A3/ B2/ @2/ D2/ C0+ D4\ E4\ B5\
Trax_867688 B Line electric streetcar vs. MORRIS : @0/ A2/ @1+ A3\ B4/ @3+ @3\ @2/ A4\ F3\ B1+ E0/ @5/ B6\ A2\ A1\ @4\
Trax_867811 twodawgs vs. spitfire : @0+ A0/ A3\ B2\ B3+ C1/ C3+ B0/
Trax_867852 Dania59 vs. Adam : @0+ @1+ A0/ B3\ C3+ @1\ B0+ A1+ A0\ C2/ D2/ E4\ B5+ F3+ E1/ D6/ A5/ @4\ @4\ B3\ E1/ F0\ H2/ I1\ @6/ I0+ A8\
Trax_8679641 bandc1 vs. davidmilne : RESIGN
Trax_8679642 davidmilne vs. bandc1 : @0/ RESIGN
Trax_8679643 bandc1 vs. birddog856 : RESIGN
Trax_8679644 birddog856 vs. bandc1 : @0/ RESIGN
Trax_8679645 bandc1 vs. Traxplayer : RESIGN
Trax_8679646 Traxplayer vs. bandc1 : @0/ RESIGN
Trax_8679647 dgb vs. davidmilne : @0/ A0/ A0/ @3+ A4/ A5/ C2+ A0\ @1\ E2\ D1+ D0/ F3\ B8\ C8\ E5+ F0/ RESIGN
Trax_8679648 davidmilne vs. dgb : @0/ A0/ @2+ B0+ A0/ B0\ B6/ B7/ C5+ @7/ C0\ B9/
Trax_8679652 Traxplayer vs. dgb : @0/ A0/ @1/ B0+ C3/ @2\ B0/ B0/ C6\ D3\ B0/ A4+ E6\ E7\ F5/ F4/ F3+ E2/
Trax_8679654 birddog856 vs. davidmilne : @0/ A0/ @1/ B0+ @1/ C0\ A3/ D1\ E1\ F1\ B0+ F4\ G2\ F5+ E6+ @4/ B5/ @1\ C0/ @2\ A1\ RESIGN
Trax_8679655 davidmilne vs. Traxplayer : @0/ @1/ A2+ C1+ D1\ B0\ @2/ E4+ A1\ @3\ @2/ D4/ F5\ D5+ F6\ E0/ F1/ F0/ RESIGN
Trax_8679656 Traxplayer vs. davidmilne : @0/ A0/ @1/ A2+ C1+ D2/ B3+ @2\ @2\ B3+ @2\ A0+ A5/ @3\ H5\ I5\ G6/ F6/ C6\ RESIGN
Trax_867969 BlueEyedGoddess OTWP vs. Adam : @0+ @1+ A0/ A3/ B3+ C1/ C0/ @2\ C1\ D0/ A4/ @4/ B5+ B6\ C7/ E5/
Trax_868006 Stinger vs. Adam : @0/ B1\ B2\ A2+ B3/ A3/ A4/ @4/ A5/ @4\ A3\ B1+ E2\ B0\ A1\ @5/ G3\ H4+ E1+ D7+
Trax_868037 Dania59 vs. B Line electric streetcar : @0+ @1+ A0+ A3\ B1+ A0+ B1+ A0+ A0/ B1/ B0/ C1/ C0/ D1/ E1+ C0+ F6\ D7+ @8/ @8/ F0\ A8\ @9/ C11+ A8\ @7/ C6/ A11/ A12/ @9+
Trax_868082 Adam vs. MORRIS : @0+ A2\ B2\ A3/ @2+ A3/ B4+ A5\ B6/ A7\ B8\ C8/
Trax_868178 klaashaas vs. Vacant 1884 : @0+ @1\ C1\ C0\ D2+ C0\ C4/ E3/ D4\ D5\ E6/ D0+ C0/ B2\ C8/ D9\ F3\ F6+ B8+ F1\ @7/ A8/ @6+
Trax_868187 Adam vs. Vacant 27555 : @0+ A2/ A0+ B1\ @1\ D2/ C3+ C4/ C0+ E2\ D5+ C0/ A2/ F4\ G4\ C7+ @3/ A4/ B6/ G3+ H2+ G6/ E8/ F8+
Trax_868230 B Line electric streetcar vs. Second Coming : @0+ @1/ B2\ B3\ C3\ C4\ D1+ D0/ A1+ C0\ D7\ E7\ A1\ A0\ @3+
Trax_868265 B Line electric streetcar vs. Goonerg : @0+ @1/ B2\ B3/ C2+ A3+ C3\ C4\ A4+ @4\ C5/ B0/ A2+ C7+ D8/ @4/ B6+ F4+ @5+ C7\ B7+ G6\ H5/ C8+ F9/ C0/ A4+ @4\ H9+ A6+ @6\ G1/ H1/ I1/ J2+ K4\ K6\ I0+ J9\
Trax_868267 Lorraine of the Renegades vs. Goonerg : @0/ B1\ A2/ A3/ C1/ C0/ A1+ @2/ @2\ D4\ D5\ A1+ C5/ C6+ D6+ C7/ F2+ B4+ G3\ A4/ @3\ G6\ H5/ E7\ E8\ C6/ A5\ @3\ B6/ A5+ C7+ C8/ A7+ @6/ C2\ E0+ H1/ G0+ E1+ K5\ F10/ G11\ A6+ @7\ I10+ F11/ H12\ K3\ J1+ C3\ C2\ C1\ D0+ C12\ B3+ F0+ A7\
Trax_8682817 rabbitoid vs. birddog856 : @0/ A0/ B1+ A3/ @3/ @1/ @1/ C0/ D5+ E1/ F4+ D6/ E6+ C0/ B4+
Trax_868307 Stinger vs. Goonerg : @0+ @1/ B0+ B0\ @3/ D1\ B1/ C4\ D4\ E2/ C5+
Trax_868317 Nan54 vs. Stinger : @0/ A2\ B2\ B1+ @1\ A0\ B4/ A4/ @4/ A5/ E3/ E5\ E6\ F4/
Trax_868478 SarahMills vs. Goonerg : @0/ @1/ B0+ @2\ A3/ @3/ B1\ B0\ A1/ D4\ C5\ E4/
Trax_868499 Dream vs. Goonerg : @0/ A0/ B1/ A3/ @2+ C0+ D3\ @3/ E4+ E5\ B5+ A1\ @2\ B0/
Trax_868613 Goonerg vs. JenJen : @0/ A2\ B1+ B2+ C1/ C2+ D2\ D0\ E2/ D4\ B0/ A2+ C6\ @2+ E1/ F1/ B5/ A5/ @5/ H1/ E0+ H5\ E0+
Trax_868716 Goonerg vs. Vacant 12565 : @0/ B1\ B2\ C2/ C1+ C0\ A1\ @2/ @2/ B1+ A3+ @3/ E4/
Trax_868757 Goonerg vs. princesarg : @0/ @1\ A0/
Trax_868793 Goonerg vs. cocopuff : @0/ A2\ B1/ B2+ B3/ C2/ B4/ B0/ C1/ A0\ @2/ C0+ D7\ E4+ D8/
Trax_868822 STrek vs. Uncle Chuckie : @0/ B1+ A0/ C2\ A3/ @3/ D4+ E4\ A5/ @4\ B6+ A6/ @3/ @4/ A3\ @3/
Trax_868847 karosel MIA vs. FujiTape : @0/ B1\ B0\ A3\
Trax_868849 karosel MIA vs. FujiTape : @0/ B1\ B0\ A3\
Trax_868851 karosel MIA vs. FujiTape : @0+ B1\ A2+ @2\
Trax_868889 Goonerg vs. Dream : @0/ B1\ A2/ B2+ B3+ C2/ C3+ C0/ D1/ B5/ @3\ A2+ A5/ E2+ B6/
Trax_868998 klaashaas vs. Robyn Hode : @0/ A2\ B1/ B0/ @2/ D1/ B4+ C4/ @1\ A3/ @3\
Trax_869038 klaashaas vs. MORRIS : @0/ B1/ B0\ A3\ B3+ C3\ D3\ D4\ D1/ B0\ E3/
Trax_869050 klaashaas vs. Stinger : @0/ B1+ C1/ C0+ B0/ @3/ @3+ C1/ E0/ F1/ D1+ B2+ D0+ D0/ C7+ F5\ G6/ @6\ H1/ C2\ I2\
Trax_869099 Logged Off 5196 vs. FujiTape : @0/ B1\ C1+ A2\
Trax_8691925 dgb vs. Traxplayer : @0+ B1+ C1/ B0/ B0/ B4/ @4\ B5+ @4+ F3/ E4+ E2+ C6/ B2+ A3\ @6/ A7/ A3\ A2\ @4/
Trax_869271 Amanda vs. csain1 : @0/ A0/ B1+ A3+ @3\ D1/ A0\ @2/ D1+ E4\ E5+ F3/
Trax_869411 Whistler Gandalf vs. Vacant 27555 : @0+ A2/ B1\ A3+ C2/ D1\ A4/ C0+ @2\ F1/ G1+ F0\
Trax_869738 twodawgs vs. spitfire : @0+ B1\ A0/ B0/ C2\ A1\ A0/
Trax_869834 Vacant 27555 vs. klaashaas : @0/ A2/ B1\ A3/ B3+ @2+ B0/ D1/ D0/ @2/ A4\ F2+ C1\ C0\ C0+ B2/ F1/ G2\
Trax_869884 Vacant 27555 vs. klaashaas : @0/ @1/ A2+ C1+ B3+ B4\ D4+ C0\ @3/ A1/ D0\ E2+ D0+ B7/ RESIGN
Trax_869902 B Line electric streetcar vs. BlueEyedGoddess OTWP : @0/ B1\ B2\ A0/ C2+ A0/ A0/ @3/ D0/ E1/ A1\ B0\ @2/
Trax_869906 Adam vs. MORRIS : @0+ @1\ B2+ C2\ D2+ @1\ D1+ A2/ @2/ D3+
Trax_869980 klaashaas vs. MORRIS : @0/ B1/ A2/ B0/ @2/ A3/ C0/ D2+ @3+ F2\ E5+ B0+ G6\ G7\ H5+ I4\ D7\ F8+
Trax_870104 hANDYman the Rebel vs. Abaitha : @0/ A2/ B2+ @2/ B3\ B4\ @3/ D3+
Trax_870133 B Line electric streetcar vs. timerunner : @0/ B1/ B2+ C2\ D2\ D3\ A0\ @2/ E1/ RESIGN
Trax_870196 Knight Rider vs. Rockwell : @0/ A0/ @2/ A0/ B1/ B0\ A1\ @2\
Trax_870358 Adam vs. MORRIS : @0+ B1\ A2/ A0/ C2+ A4/ @1/ D3\ @1\ A0\ E5+ C6/ A3+ @2+ C1+ E1+ G2\ C0\ H2/ H1/ H5\ H6/
Trax_8703684 Rand al*Thor vs. golfnutrof : @0/ A0/ @1+ @2/ C3/ B0+ A1\ @1\ E2/ B0+ D1+ B0\ @4+ G6\ E7+ A2+ G2/ H5+ G1\
Trax_870368 Vacant 27555 vs. Adam : @0/ A2+ A3/ @3+ @2/ B1+ @2+ C0\ B0/ @2+ F5/ E6+ F1/ C0/ G4/
Trax_870395 Knight Rider vs. Tactician : @0/ A2/ @1/ A2/ C2\ C3\ B0/ D1/ C0+ E5\ C6\ E1/ F1/ D0\
Trax_870474 maggies tavern vs. Rogue Trooper : @0+ @1+ @1/ D1\ A2/ D2+ B3/ A3+ D3\ C4/ C5/ B5+ B0+ E4+ E5+ D7+ F5/ F6+ C1+ C0\ @5\ E1+ F3+ G4+ H6/
Trax_870614 doc harley vs. ROCKY MIA : @0+ A2/ A3\ @3\ A0\ C4/
Trax_870814 Vacant 27555 vs. klaashaas : @0/ B1\ B2\ A0/ C2+ C4/ D3/ B0\ D2+ C6+ E6+ E1+ E0+ F1/ C0+ A1/ A6+ @6/ F5+ A2\ @2\ B0\ C0+ B10/ A9\ @4\ A2+ D0/ C1+ B0/ A1+ @6\ @2+ @4+ I4+ I1\ @4\ B2+ I13+ C1+ F0/ D11+ C9\ move
Trax_870825 Adam vs. MORRIS : @0+ B1/ B2\ C2\ C3+ @1\ A0\ @1\ C0/ C4+ D6+ C7\ B4/ E7\ F7\ D8\
Trax_870827 klaashaas vs. MORRIS : @0/ A2/ B2+ B3\ A4\ B4\ C3+
Trax_870848 klaashaas vs. Adam : @0/ B1\ B2\ A2+ C2/ A3/ A4+ C3+ @3/ @2\ A1\ A0\ @1\ C0/ A6/ D7/ @5/
Trax_870872 Adam vs. Vacant 27555 : @0/ A0/ B1/ A3+ @3+ A2+ C0+ D3+ C5\ A5+ @4+ A1\ C0+ @4/ B1\ D0\ G6\ G7\ C8\ @5/ C7+ A1\ @2\
Trax_870874 Isischylde vs. csain1 : @0+ @1/ C1\ B2+
Trax_870875 Adam vs. Vacant 27555 : @0+ A0/ @1\ B0\
Trax_870878 Adam vs. MORRIS : @0/ B1/ @1\ A0\ C3\ D3\ B4/ A4/ @2\ D1\ @3+ D5+ C6\ D7/ F6\ G6\ H6+ E7\ E8\ C8+ B5+ A6+ A9/ @8\ A6/ B10/ A9+ @7\ @8+ B3\ H9\ E1\
Trax_870892 Arctic Warrior vs. MORRIS : @0/ A2/ A0\ @1\ C3\ C4\ D2/ D1/ B0\ A4\ C0/ B6/ B7/ @4/ @4/ A2\ @2\ F7+ A4+ @4\ F8\ B6\ G8+ H8\ E1+ I7+
Trax_870905 spider vs. Adam : @0/ A2\ B2\ B1+ B0/ C2\ D2\ D3\ A4/ B5+
Trax_870971 Vacant 27555 vs. klaashaas : @0/ B1\ B2\ B0\ C2+ D2/ E2/ C4/ @2+ B4/ B5/ B0/
Trax_871048 Vacant 27555 vs. Brendans Grandmom : @0/ A2+ A3/ @1\ A0/
Trax_871081 Brendans Grandmom vs. MORRIS : @0/ A2/ B1/ @2/ D1/ A3/ @2/ C4/ B4/ A4/ @3/ B0+ @1+ @2/ A1+ E6/ A4\ A0\ A6/ @2+
Trax_871191 twodawgs vs. spitfire : @0+ A0/ B1\ C1/ B0+ A1\ @1+ D1+ C0+ A3+ @3/ B1\ B0\ D1/ E1/ C0\ F4/ F2/ C0\ G3/ B1/
Trax_871341 Isischylde vs. MORRIS : @0+ @1\ C1\ A0\ @1+ D3\ D4+ E3+ B0+ F4+ @3\ B4/ A4+ H4+
Trax_871355 Adam vs. MORRIS : @0+ B1\ C1/ C0/ B1+ @2/ A3/ B1\ D0/ C0\ E2/ C6/ A6/ @4\ E5+ D0\ G2\ D0\ C2\ H3\
Trax_871446 Romy vs. crow57 : @0+ @1\ A2\ A0/ @2\ C1+ B0/
Trax_8714489 * vs. Rand al*Thor : @0/ @1\ A0/
Trax_8715217 Rand al*Thor vs. leshazlett : @0/ @1/ B2+ C2+ B3/ C3+ D2/ D0/ E3/ A1\ C0+ @3\
Trax_871548 FrostyColdOne vs. mcinturff : @0/ @1/ A2\ C1\ C2\ D2\ C0\ C4/ E3\ D5\ B4/ D6\ E6/ @3\ F7/ G5/ G2\ G4/ D0/ H6\ H7+ I7\ I8\ H9\ H4+ I6/ J7+ J6/ J5/ K6\ K7\ L6\ L7\ B1/ M7+ D0/ E2+ J10/ M5/ L11+ N6/
Trax_871634 Cachel vs. supermac : @0+ B1/ @1+ C0\ C3/ B1+ B0/ D3\ D2+ A2+ @3/ A4\ B5/ F3\ @4\ G4/ G5/ D6/ H3\
Trax_871756 klaashaas vs. Robyn Hode : @0/ B1\ B2\ C2+ D2/ A2+ B0+ A1+ @1/ A2/ F1+ @2+ F4\ @2+ A1+ @2+ A1+ @2/ I0+
Trax_871787 Honeybear vs. Mististar : @0/ B1\ A2/ B2+ C2\ D2+ B3+
Trax_871958 Misery Midnight vs. nursestary : @0+ @1\ A2/ @2/ A3+ B0/ C1+ D1\
Trax_872117 Vacant 18505 vs. hANDYman the Rebel : @0/ A2\ B2\ C2+ @1\ A0\ A3/ B4\ C4+ B1/ A0+ C3+ @4/ C1+ C0/ D1\ E3+ move
Trax_872118 hANDYman the Rebel vs. Vacant 18505 : @0/ B1\ B2\ A2/ B3\ A3/ B4\ A4/ B5\ A5+ @4/ D4/ D1+ C0+ move
Trax_872186 JenJen vs. betty : @0+ B1+ A2+ @2\ C2\ C3\ D3\ B4/ A4/ A5\ @3+
Trax_872580 Vacant 4242 vs. Knight Rider : @0/ B1\ A2/ A0/ A4\ B4\ C3/ D3\ D2/ E2/ D1/ C0\ D1+ C6/ @3+ F2/ G1/ G0/ @3\ B2+ D1+ F1/ G0+ F1\ H1/ D1/
Trax_872585 Vacant 4242 vs. Adam : @0+ B1+ B0\ A3/ B3+ A0\ @2+ A1+ @2/ E2/ E1/ D0/ D0/ E5+ E2+
Trax_872601 Vacant 1884 vs. Adam : @0+ @1+ A0/ A3/ A4+ B3\ B4\ @3/ @2\ B1+ A1+ B0/ E2\ A1\ B0+ @3/ D1+ A6/ @6+ C7\
Trax_872604 betty vs. Honeybear : @0/ B1\ A0\ @1/
Trax_872632 Aphrodite vs. Adam : @0+ B1+ A0/ A3/ @3+ B0\ A1\ @1\ @1+ B0+ B0\ A1\ @1\ F2/ RESIGN
Trax_872641 Aphrodite vs. Adam : @0/ B1\ A2+ B2+ A3/ @3+ C3+ C4\ A4+ B5/ D2/ D3\ E3\ D4+ C0+ @3\ A2\ A1\ F3/ G3+ D0+ C0/ @3\ B0+ H8\ G9/ I7/
Trax_872673 Aphrodite vs. Adam : @0/ B1\ B2+ A2+ A3/ A4/ C2+ B4\ A5/ C1+ D1/ B0\ B6\ B7\ D3+ D6+ E4\ @5+ F7\ C0+
Trax_872715 Mike UK vs. Adam : @0/ B1+ C1/ C0/ C0+ B0/ D1\ B0/ A2\ @3+ E5\ F3\
Trax_872743 klaashaas vs. Adam : @0/ B1\ B2\ A2+ A3\ C2\ B3\ B4\ C4\ C5\ D2+ @2/ @2/ @2+ B1+ D0+ B1\ D0\
Trax_872747 Mististar vs. Honeybear : @0+ A0+ B1/ B0\ B3\ C2/ A1+ @2\
Trax_872748 Honeybear vs. Adam : @0/ A2+ @2\ A3/ @3/ B0\ A1\ @4+ @4\ A3\ B1+ @3/ C5/ A1\ @2+ C0\
Trax_872799 Honeybear vs. Mististar : @0/ B1\ B2\ A2+ @2/ B3\ B4\ C4\ D4\ E3+ C0+ E6/ F5\ E7/ F6+ G6/ B1\ A1\ @3/ I6\ I7\ A8/ H8+
Trax_872840 Vacant 27555 vs. STrek : @0/ B1\ B2\ C2+ B0\ @1+ E3\ E2+ @2\ B0+ A4/ E5/ @4\
Trax_872885 **YANKEE ROSE*JR FRANK PAB vs. Adam : @0/ A2\ B2\ B3+ B1/ C1/ C0\ B1+ C3\ D2\
Trax_872947 Allison vs. Adam : @0/ B1\ B2\ A2+ C1/ C0+ A1\ @1\ D0\
Trax_873024 Jump This vs. Vacant 27555 : @0+ A0\ @2\ B3/ @3\ C4/ D3\ A2+ A1/ C0/ D1/ @2/ @2/ F0+ F6+ C2+ B5/ A1\ @1\ D0\
Trax_873064 Patrick vs. Adam : @0+ B1+ A0/ A3/ C2\ A0\ @1\ C4\ B5/ A3+ @3\ A4+ F3/ E2+ E1/ F2+
Trax_873077 paganje vs. Vacant 27555 : @0+ A0\ A3/ @1\ A0\ @3/ A4+ B0\ A6\ @4/ @4\ E0/ F2\ B1\ C0\ A3\
Trax_873268 Adam vs. MORRIS : @0/ A2/ A3\ B2/ B1+ B0\ C2\ @1\ A0\ C5\ @4/ A5/ D6+ C1+ @2+ E7/ A6+ @3\ @4+ D8+ D9/ E9+ B8+
Trax_873597 pioenroosje vs. Rogue Trooper : @0/ B1\ A2/ A3/ B0/ C2\ D2\ D3+ C1+ E3\ D0\ @4+ B2+ F2+ G3/ G4+ @2\ B1/ D0/
Trax_873610 immitzi vs. Adam : @0/ B1+ B2\ B3+ C1+ C0/ B1+ A5/ @3+ E3\ E4\ D5+ E1/ F3\ D0+
Trax_873703 Lyonsgirl vs. Morticia : @0/ B1\ B2\ C2+ C3+ B0\ @2/ C0\ D6+ E3+ D7+ D8/ A4\ C5/ E6\ B5+ B6+ C7/ A6/ @5+
Trax_873809 klaashaas vs. Alko : @0/ @1/ A2+ C2/ @2\ @1/ B3+ B4/ C3\ D4+ B0+ @2+ F2/ A0\ @1\ D1/ D0/ H7\ G8/ H1+ I4/
Trax_873810 Alko vs. klaashaas : @0/ A0/ B2/ B3/ @1/ @1/ C0+ B3/ C4+ D1\ E2/ F2/ F0+ G3+ A1\ E0+ @3\
Trax_873886 Adam vs. MORRIS : @0+ @1/ @1\ A0\ B1+ C1/ B0\ C4+ D4\ D2\ C0/ D1/ E2/ B0+ A2\ @3\ A4+ @5\ G6\ H4/ F7+
Trax_873941 Eriisa MIA vs. Rogue Trooper : @0/ @1/ A2/ A3+ C3/ A4\ C1/ C0/ D2\ E2\ E3\ E4+ F3/ C0\ C7/ E1/ F2\ C0/
Trax_873949 Amanda vs. csain1 : @0/ @1/ A2\ C1+ C2/ C0/ B4\ D3/
Trax_873971 maggies tavern vs. WebbyDebi : @0+ A2\ B1+ A0\ @1/ C1/ C0/ C0\ B2\
Trax_874121 Amanda vs. DINGEROO : @0/ @1/ A2+ @2\ B3+ C0\ B1\ B5/ A5/ @4/ D4\ E3+ E4+ F4\ E5\ E6+ C0+ E8\ B7+ A7\
Trax_874140 Jump This vs. MORRIS : @0+ B1/ @1/ C0/ A3\ C3+ D3\ E3\ D4/ C4/ F3/ F2/ D5+ F4+ G4\ H3/ H2/ G1\ F0/ G7/ I3+ @4\ @3/ G1+ J2+ H0\ E2+ J1/ J0+ K2\
Trax_874303 Misery Midnight vs. goldfreckles : @0/ A2+ @1\ A0\ @1\ C4\ A3/ D3+
Trax_874522 Taylor vs. pepperbeach : @0/ @1\ B0\
Trax_874531 Vacant 1884 vs. Taylor : @0/ A0/ B1+ B0+ @2/ A3+ C0/ D1/ B1\ B0\ D1\ B0+ @2+ B1\ B0\ B0+
Trax_874533 Taylor vs. Vacant 1884 : @0/ A2+ @1\ B0/ A1+ A0+ @2/ @3\ B1+ A4/ @4/ F4+ E5/ G2/ G1/ G0/ G0+ H3+ A5\ B7+
Trax_874570 aussielady vs. Knight Rider : @0+ A0\ A3/ B1/ A0\ B4\ @3+
Trax_874609 the great snowqueen vs. Knight Rider : @0+ A0\ @1/ @1\ C3/ A0/
Trax_874674 Vacant 4242 vs. Adam : @0+ @1+ A0/ A3/ B3+ A0\ @2+ D2/ D1/ C0/ D4\ E4\ C0/ D2/ D1+ E1+ B0\ A2+ A1+ @5\
Trax_874700 Vacant 4242 vs. Adam : @0+ B1+ B0\ A3/ B3+ C3\ B4\ B5\ C5\ A0\ @1\ A6/ A7+ D7\ E5/ B8+
Trax_874783 Logged Off 5196 vs. FujiTape : @0/ B1\ C1/ B2/
Trax_874796 Logged Off 5196 vs. FujiTape : @0/ B1\ C1\ B2/
Trax_874800 paganje vs. MORRIS : @0+ B1/ B2\ C1/ A0/ @2/ B3+ C4/ A4/ @3\ D5\ E4/ F3+ A1\ @1+ C0/
Trax_874801 klaashaas vs. Vacant 4242 : @0/ A2\ B1/ B2+ B0\ B0\ B5+ C4\ C1\ D3+ E2\ F3+ E1/ F1+ G1\
Trax_874803 klaashaas vs. MORRIS : @0/ B1/ B2/ B0/ C2+ A3+ B4\ B5+ C5\ D3/ A5\ C6\ E3/ D1+ F3+ D0/ F1+ A1\ G4+ @1/
Trax_874833 Logged Off 5196 vs. FujiTape : @0/ B1\ @1\ B0/ A1+ @2\ A0\ @3\ A1+ A0/ B0/ C2\ A1\ @2/ E2/ F2/ A5/ @4\ G1\ A5/ F1+ H5\ H6\ I6\ I7\ J7\ B1+ F6/ A3+ B6+ A2+ E7\ J8+
Trax_874866 Phil The Hat vs. MORRIS : @0/ B1/ B2\ C2\ C1+ B0\ D3+ C4/ A1\ @2/ B4+ A1\ @3\ C0+ E2+ E0\ F6+ D7/ B7+ F1/ G5/ E0/
Trax_874870 Phil The Hat vs. MORRIS : @0/ B1/ C1\ C2\ A0\ @2/ C3+ C4\ B4+ D4\ D5\ E4/ E3+ F3/ D1/ C0\ F5+ G4+ D7+ @5\ H3+ H2/ D0\ C2\ B2+ A4\
Trax_874880 Misfit Lenrad6672 vs. MORRIS : @0/ A2/ B2\ A3/ @1\ A0\ D2/ D1/ E1/ E4\ F4\ C5+
Trax_874945 Nichole vs. Adam : @0/ B1\ B2/
Trax_875110 **YANKEE ROSE*JR FRANK PAB vs. Adam : @0+ @1+ A0/ B3\ A3+ @1\ A2/ A0/
Trax_875120 **YANKEE ROSE*JR FRANK PAB vs. Adam : @0+ @1/ A0\ @2/ A3\ C3+ D3\ C1/ E3/ B0/
Trax_875126 Adam vs. MORRIS : @0+ @1\ A2/ @2/ A1+ B3\ C2+ A0\ @1\ @3\ B4+ B0\ A1\ @3/ E2+ @1\ A0\ @3+ F1/ B0\ D0+ @3\ H1/ I3+
Trax_875132 EagleAnney vs. Adam : @0+ @1+ B0/ A1\ B0/ C1/ A4/ @4/ A5/ @3\ D5\ D6\ C1\ B0/ D8\ F2/ C8/ D9+ D10+ G2/ C9+ G1/ C0\ H2+
Trax_875155 Beaupol vs. Adam : @0+ B1+ A2\ A0\ @1/ A0\ @2/ C5/ B4+ E4\ E5\ E6\ E3/ F3/ F6\ G4/
Trax_875233 cocopuff vs. Adam : @0+ B1+ B2/ A0\ @1+ B0/ C2+ C5\ D4/ @2/ B1\ B0\ C6+ C7/ B5+ A6+ C8+ @5+
Trax_875265 Aphrodite vs. Adam : @0+ @1+ B2+ @1+ A0/ A3/ C4/ D3\ B5+ B6\ C6\ C7\ D7\ E5\ A6+ A0\ @2+ A6+ A4+ E9\ A1\ F8+
Trax_875271 Aphrodite vs. Adam : @0+ B1+ A2/ C1+ B0\ D2+ @1/ B0\ A1\ @1\ C0/ D1/ E1+ D0+ F6/
Trax_875294 Aphrodite vs. Adam : @0/ B1\ A2/ @2+ A3+ @1\ A0\ B1+ C4\ D4\ A4+ @3+ B0+ D6+ F6/ A1+ @1\ A0\ @3/ D1/ B0+ F2/ G2+ E1/
Trax_875367 B Line electric streetcar vs. Sir Face of the GoldTable : @0+ B1+ @1/ C2+ B2/ A2/ D2/ A3+ @1+ F1\ E3+ E4\ D5+ G1/ E0+ G3+ G6\ H4+ F7/
Trax_875405 Mike UK vs. klaashaas : @0/ B1\ B2\ B0\ C1\ C3+ @1/ A0/ A0/ A4/ B1/ E2+ F3/ @3+ C0+ F1/ G1/ D0+
Trax_875488 the great snowqueen vs. Adam : @0+ @1+ A0+ @2+ B0/ A1\ C1\ A0/
Trax_875507 klaashaas vs. Robyn Hode : @0/ A2/ @2+ @2+ C0+ @3+ E1\ B2+ A2\ B0/ B0+ @2/ A5/ A6/ B7/ A0\ @1\ C0/ D1/ D0/ E4/ A7/ D10\ C11+ F4\
Trax_875554 gamester vs. Adam : @0/ A2\ B1/ B2+ B3\ C1/ C0\ B5/ A5/ @5/ A6/ @4\ @5\ F6\ A4+ E7\
Trax_875556 gamester vs. Adam : @0/ A2\ B1/ @2\ C2\ D1/ D2+ D3\ E3\ E4\ F3/ C4/ D5\ A3/ @3/ H3/ G2/ B0\ H3/ A1/
Trax_875586 Alko vs. klaashaas : @0/ B1\ A2+ B0\ @2/ D2/ A4\ A5\ @4+ @3/ E4/ F5/ G4+ B2+ B6/ A6/ @6/ @5+ @4/ C7+ I6+ J6\ G7+ G8\ K6+ K7\ K2/ L3\
Trax_875587 klaashaas vs. Alko : @0/ @1/ A2+ C1/ C3/ B0+ @3/ A2+ C0+ E3/ F4+ A1\ @2/ F1/ E0/ G3/
Trax_875651 Alko vs. Adam : @0/ B1\ A2/ B2+ @2\ B0/ B0/ A2+ B0/ D2/ @1\ B0/ A6/ @5/ B7\
Trax_875658 BILLYBILL vs. Adam : @0+ B1+ A2\ B0/ A1+ @1\ B0/ B0/ A4/ C2+
Trax_875763 STrek vs. Adam : @0/ @1\ A0/
Trax_875818 klaashaas vs. Alko : @0/ A0/ B2+ @1+ D2/ C0+ D0\ E1\ @4\ B2\ @4\ D0+ C6+ F6/ @6/ D7/ A3\ @6/ B2/
Trax_875821 Alko vs. klaashaas : @0/ @1/ B0+ A0/ A4/ @2\ B0/ B0/ A2+ @5/ B0\ A2/ @6+ A7/ A8/ A9+ @7+ @6/ H7\ H8\ H3+ I3\ H1/ B9+ I2/
Trax_875890 Amanda vs. Vacant 1884 : @0+ B1/ B2\ C2\ B3+ @1\ C0/ C5/ B5/ E3/ E2/ A0+ A0/ @5+ F2+ A2+ @3\ D8/ A4/ @4+ B1/ C0/
Trax_875916 (**)(**) Bunny Toes vs. Adam : @0/ B1\ B2\ A2+ B3/ @1/ D1/ D0/ E3\ D4+ E4+ D5/ E5+ A1\ @2/ D0+
Trax_875964 immitzi vs. Adam : @0/ B1\ B2\ C2+ C0+ B0\ A2+ @2\ A1\ B0+ D2+ E2\ E1+ F3+ F5+ G5+ F6/ E7/ G6\ F7+ @3+ @4\ B5+ D6/ F7+ I3+ F0+ F9/ E9/ @5+ H0\ I4+ E9+ C8/ A9/ @8\ J10\ I11\ K10/
Trax_875989 sweetcaroline vs. Adam : @0/ A2\ A3/ B2/
Trax_876083 Morgana Le Fey vs. Adam : @0+ @1+ B2/ A0\ B1+ C3\ B4+ C4+ B5/ B6/ C5+ B7/ C2/ A6+
Trax_876111 SweetCindyJo vs. Ace1316 : @0/ A2\ B2\ B1+ A0\ @1\ A3/ A4/ A0/ @2\ A0\ @1\ @1\ B4/ G5/ E6\ D7/ B5+ D8\ E7+ F7\ E8+
Trax_876220 DragonHeart MIA vs. WebbyDebi : @0/ @1\ A0/
Trax_876463 Honeybear vs. goldfreckles : @0/ A2\ B2+ C2/ C1/ C0+ D1/ D2+ A4\ D0/ E3\ D0\ F4\ B2\ D6+
Trax_876541 goldfreckles vs. Honeybear : @0+ B1\ @1\ @1\ C2/ A0\ C4\ B0/ B0\ @4/ E3+ D2/ E1\ F4\ E6+ D0\ G5+ C1+ G6+ E8/ B7\ H6/ B1\ A1\ @4/ A1\ @3/
Trax_876959 Phil The Hat vs. ema : @0/ B1\ B2+ A2+ B3\ C3\ D2\ C4/ D1/ A3+ B0/
Trax_876972 Jump This vs. ema : @0/ B1\ B2\ A2/ B3/
Trax_877317 Isischylde vs. FMG : @0+ B1\ @1+ D1/ C0/
Trax_877619 Mike UK vs. Goonerg : @0/ B1+ C1/ A2/ A3+ D1/ @3/ @3/ G1/ E2+ H2/ G0/ H2+ B5+ D5+ G4/ C6\ H5\ H6\ I5/
Trax_877624 Aphrodite vs. Goonerg : @0+ B1\ B0\ @1/ C3+ D2/ C0\ A4+ @2/ A5\ E2+ @2/ @2/ B0+ D0+ F1+ D8/ @6+
Trax_877736 Alko vs. Goonerg : @0/ A2/ @2\ A1+ C2+ A0\ A0\ @2/ D1/ E4\ E3/
Trax_877745 gingershaz vs. Goonerg : @0/ A2+ A0\ @2/ A1+ @1/ D3/ D2+ A2/ @2/ B4\ E4/ D5\ F2\
Trax_877798 Alko vs. Rogue Trooper : @0/ A0/ @2+ A0/ @2+ C1/ D1/ D4/ B0+ @3/ A2+ @1/ @3/ B4\ G0/ H2\ C1+ D0\ A2\ @4+ B1/
Trax_877808 Mike UK vs. Adam : @0/ B1\ B2\ A0/ C1\ A3/ B4/
Trax_877840 Alko vs. Adam : @0/ B1\ A2+ C1\ B0+ @2/ B1+ A4/ @4/ C0\ A4\ @3/ A0+ @3/ @3+ A4/ A0\ @2+ F1/ G1\
Trax_877851 Misfit Lenrad6672 vs. Alko : @0/ @1/ A2+ C1+ B0\ A1+ @1/ D4+ E4/ A2/ E3+ @1\ A0\ C5/ D6\ A5/ @3+ C6/
Trax_877945 maggies tavern vs. Adam : @0+ @1+ @1\ A0\ A3\ @3/ A4/ @3/ C0\ @3\ C6\ D6\ D7\ E7\ F5\ G3+ B0\ @4+
Trax_878040 klaashaas vs. Robyn Hode : @0/ B1/ B2+ C2/ C1/ D1/ B0\ C0\ D5/ D0/ E1/ B1\ C0/ A4\
Trax_878043 Cachel vs. supermac : @0/ A2/ B2\ A3/ @2+ @2/ D3+ E3/ C4\ B4+ D4+ B5\ C0/ C6+ D6\ A2+ F3\ E5\ @3/ E7\ E8+
Trax_878053 MountainMist vs. Adam : @0+ B1+ A2\ A0\ @1\ @1+ B0/ A4/ B5+ @4\
Trax_878087 (**)(**) Bunny Toes vs. Adam : @0+ @1\ B0\ C1/ A3\ C0\
Trax_878131 (**)(**) Bunny Toes vs. Adam : @0/ B1\ A2/ A0/ B3\ A4/ A5+ @1\ A0\ B7\ B1/ C6+
Trax_878134 (**)(**) Bunny Toes vs. Goonerg : @0/ B1\ A2/ B2+ A3\ C1\ B0\ C4/ D1/ D0/ E3\ E4\ F5\ F6\ C6/ E7\
Trax_878152 Adam vs. MountainMist : @0+ @1+ A0/ A3/ @2\ @3/ C4/ D4+ E3+ B0+ F4+ C0+ G5+ D2/ @5+
Trax_878190 Alko vs. Goonerg : @0/ B1\ B2\ A2+ C1+ C0\ @2+ @2/ A1/ B3+ @1\ B0/ B0/ E0\ E0\ F4+ G1+ E0\ G6\ H2\ D3+
Trax_878193 Alko vs. Adam : @0/ B1\ A2/ @2+ B0+ A0/ @3+ C5/ D4+ E4/ F3\ G4/ A0\ @2/ F3+ D7/ B7+ E1\ A6+ @5/ F0\ C9/ B9+ C10\ I3/ H7+ E0/
Trax_878196 klaashaas vs. Alko : @0/ @1/ B2/ C1+ D2/ B3+ A3/ A4/ @4/ E4\ C5/ F4/
Trax_878199 Alko vs. klaashaas : @0+ @1+ C1\ C2\ C3+ D2+ E1\ E0+ D0+ F3\ A5/ C6/ F1/ G1/ E5/ E0/ F7\ G4+ E8/
Trax_878291 istari vs. Goonerg : @0/ B1\ B2\ A2+ A3+ @3/ @3+ A2+ @2\ C4/ B1+ B0\ A0/ F3\ A0\ @4+ B7\ A6/ D8\ @5/ B8+ C9/ A7+
Trax_878364 Vacant 1884 vs. Goonerg : @0+ @1/ B0/ B3/ C1+ A3/ D1/ D0\ E1\ @4+ F3\ A2\ D4\
Trax_878383 Backoff vs. Rogue Trooper : @0/ B1\ A2/ @2+ A3\ C2\ B0/ @2/ C0\ C0\ C0/ D1\
Trax_878438 cocopuff vs. Goonerg : @0+ @1+ A2\ B0/ C1/ @2+ E1/ E3\ F2/ C4\
Trax_878455 Honeybear vs. goldfreckles : @0/ @1/ B0\ A1\ @2/ B0+ B0+ B5\ C1/ D2\ A3\ @4+ @4\ A3\ @3\ B1\ B0+ D0+
Trax_878487 Vacant 12565 vs. Goonerg : @0/ B1\ B2\ A2+ C2\ B3+
Trax_878534 Goonerg vs. chuckwagon : @0/ A2/ @1/ A2/ @2+ A3+ @1/ E1+ C0+
Trax_878589 Goonerg vs. immitzi : @0/ B1+ A2/ @2/ B0/ B4+ D3\ C5/ @3+ @3/ A1/ C0+ F2\ G3/ C0\ @2+ A4+ D7+ F2/ F1/ F0/ G2+ G7\ H7\ I5/ H8+
Trax_878626 Goonerg vs. EagleAnney : @0/ @1+ @1/ A2/ @2/ E1\ D2+ D3\ E2\ E3+ E4/
Trax_878757 Goonerg vs. Stu the Cat : @0/ B1\ A2/ A3/ B2\ B3\ A4/ @4+ D1/ D0/ A1/ @4+ @3/ E1\ E0+ B6/ @3+ H2+ A5+
Trax_878766 Goonerg vs. Lucille : @0/ B1\ A2/ B2\ B3/
Trax_878895 FujiTape vs. karosel MIA : @0/ B1\ A2/ @2\ B3\ C3\ C4\ A1+ D3+
Trax_878923 Goonerg vs. mysteque : @0/ B1\ A2/ @2\ A1+ @1/ E1/ E0/ E0/ A2\ @2\ A4/ @3+
Trax_878923 Goonerg vs. sandie : @0/ B1\ A2/ @2\ A1+ @1/ E1/ E0/ E0/ A2\ @2\ A4/ @3+
Trax_878955 Goonerg vs. Dollar Store Queen : @0/ B1\ A2/ @2/ C2+ B3+
Trax_879004 Goonerg vs. klaashaas : @0/ B1\ A2/ A0/ C2+ D1\ B0+ C4+ B0\ D1\ A1/ @4/ A5+ D0/ F2/ G3+ F5+ H4/ F6+ H6\ I5/ I3+ D0+ B1/ F8+
Trax_879034 Goonerg vs. Phil The Hat : @0/ A2\ B1/ B2+ B0\ @3\ C4\ D4\ B4+ C0\ D2+ @5/ B6/
Trax_879035 Isischylde vs. FMG : @0+ @1\ C1+ A0/ B1/ B3/ B0/ D2\
Trax_879041 Goonerg vs. Jacqui : @0/ B1\ A2/ @2/ B0/ C0/ D2\ C4+ C5\ D3\ A1\ B0\ @3\
Trax_879093 Arctic Warrior vs. shelly (uk) : @0+ @1/ @1\ B0/ C3/ A1\ A0\ D3\ D5\ E5\ C6/ B6/ E3/ F5/ E2\
Trax_879258 Phil The Hat vs. Withacee : @0/ B1\ B2\ C2/ D2\ D3\ B3+ A3/ C1/ C0/ C0/ D6/ C0\ B1\ C0\ C8+ B8/ B9/ A8/ A2/ B3+ @4+ E1/ F1+ E0\
Trax_879411 JenJen vs. Shosie : @0+ @1/ A2/ B3\ C3\ C2/ D2\
Trax_879478 Alko vs. Phil The Hat : @0/ B1\ B2\ A2+ C1+ A3/ A4/ @2\ D4\ E2\
Trax_879537 JenJen vs. MountainMist : @0+ @1+ A2/ A3\ B3\ B4\ C4\ D3\ D4\ E4\ C5/ @4/ B5\ @3\ A2\ B0\ H6\ H7\ C7\ @2\ A1\ C0/ D1/ E9/ F8\ G8+ @3/ J9/
Trax_879865 Enduring Freedom vs. B Line electric streetcar : @0/ A0/ A3+ @1+ B0/ C2\ @2/ A4\ @3+ F2\ A2\ B1+ C5+ F0/ G1+ B1+ RESIGN
Trax_879937 Honeybear vs. Mististar : @0/ A2\ B2\ C2\ @1\ B0/ C1\ C4+ A3+ C5\ E4\ @3/ C5+ C6/ @3\ C1\ B0/ G4+ D8/ H5+ H6\ G7/ F2/ F1\
Trax_880062 Adam vs. MountainMist : @0+ A0+ A0+ @1/ C2\ A0/ D3/ D2/ E2/ @1\ E1+
Trax_880199 Robyn Hode vs. klaashaas : @0/ B1/ A0\ @1\ C0/ D2\ @1+ E4\ F4\ A0+ @2/ E6+ A1\ @2/ F0/ G2\ H4\ F0+
Trax_880459 princesarg vs. Rogue Trooper : @0+ B1/ A2\ @1\ B0/ B0+ @2/ A4/ B5+ @3/
Trax_880528 Honeybear vs. goldfreckles : @0/ A2\ B2\ B3\ B1/ C2\ C1+ C0\ B0/ D4\ C5\ D5+ E5/
Trax_880597 JenJen vs. Pammie : @0+ @1\ C1\ A0/ B1/ B3/ D2+ D3+ D4+ C5\ E3\
Trax_880867 pioenroosje vs. klaashaas : @0/ A2+ B1/ @1/ D1+ E2/ F2/ B0/ F1+ E4+ C1/ C0/ G4/ F1/ F0/ C7+ B7+ D8/ H2+ E0+ H7\ I3\ H8/
Trax_880972 Arctic Warrior vs. MountainMist : @0+ @1\ A2/ @2/ A3+ @2\ A1\ C0/ C5\ D4/ @3/ A4/ C1\ D0/ B2+ E2+ F2/ C6/ C7/ C1\ D0+ A2\ A1\ C1+ D0/ @5/ G5\ H5\ A6/ E9+ @5+
Trax_881140 Aphrodite vs. Adam : @0+ B1+ B2/ B0/ C1+ A1+ A0\ @4/ A5/ A6/ C5+ A7/ @7/ D7\ D8/
Trax_881143 Aphrodite vs. Adam : @0/ B1+ B0+ C2\ A3/ B4+ B0+ D3\ B0/ C1+ E2+ E1/ E6\ B0/ F5\
Trax_881181 Aphrodite vs. Adam : @0/ B1\ B2+ C2/ B0+ B4/ A4/ @3+ B1+ C0/ E3\ F4/ E5+ E6/ @4\ A1\ C0+
Trax_881182 Aphrodite vs. Adam : @0+ @1+ B2/ B0/ C1+ C0/ D2+ @3+ C1+ C0\ B1+ D0/ E1/ F2/ C0+ B2\ F1/ F0\
Trax_881199 Alko vs. klaashaas : @0/ A2+ A3/ @3/ @2/ A1/ @1/ E2\ C4+ B4/ F4\ E5/ F1/ G3\ E0/
Trax_881202 klaashaas vs. Alko : @0/ @1/ B2+ A0+ A4\ A5\ C3+ D3/ D1\ D4\ E5/ B6/ @5/ F7\ G6/ C8/ B8/ F3/
Trax_881233 Romy vs. Adam : @0+ @1+ A2\ B0/ C1/ @2+ B1+ D0/ C0/ E3+ B0\ A1+ A4\ @3/ @2/ G6\ B6+ F7/
Trax_881239 aubug vs. Adam : @0+ B1+ A0/ A3/ B3+ B0/ C2\ B5+ C5\ D5\ B6/ @5/ A4+ D7+ F5/ F6+ C0\ B1\ A2\ @3\ E2/ F3+ F2+ G3+ H4\ H6+
Trax_881544 Adam vs. MountainMist : @0+ A0+ A0+ B1\ @2/ D2/ @3/ A4/ B1\ F2/ A1/
Trax_881607 Misfit Lenrad6672 vs. Vacant 1884 : @0+ @1/ B0\ B3+ C2/ D2/ B4/ @2\ A3+ F2/ @3\ C0\ B1\ A1\ @2\ F4+ G1/ E0+ B1\ A1\ D0+
Trax_881609 * Sassy_Angel * vs. MountainMist : @0/ @1+ @1\ A0\ B0+ B4\ D2/ A4/ A5\
Trax_881632 ROCKY MIA vs. doc harley : @0+ @1/ B0\ @1\ @1/ C0\
Trax_881692 paganje vs. Vacant 1884 : @0+ @1\ A2/ @1\ C0/ A3/ @2\ D3+ B4+ B5\ D6\ E6\ E1/ E0/ C8/ B7+ B8+ A8/ E6+ F3/ @3/ A4/ B5+ A1\ @2\ B0/
Trax_881751 MountainMist vs. Adam : @0+ B1+ A0\ C2+ A3/ @3/ A4/ @2\ D4\ E5/ D6\ E1/ E0/ F3+ F7\ E8/ @4\ C6/ F0/ @5+
Trax_881854 Abaitha vs. * Sassy_Angel * : @0/ B1+ C1/ A2+ B0\ @3/ E2\ D3+ A2+ C0+ @3\ C5+ @2+ E0+ G5+ F6/ H5+ D7+ E7+ D8+
Trax_881855 Abaitha vs. * Sassy_Angel * : @0+ @1+ B2/ B0/ B4+ @2+ @2/ B3+ C4/ B4+ B5+ D5\ E3/ A4+ @3/ G4\ A4+ A5/ A6/ @4+ D1+ H5\
Trax_881868 hANDYman the Rebel vs. * Sassy_Angel * : @0/ B1+ B0+ A3\ A1+ B3+ C3\ C4\ A0+ B1/ C6+ D6/ A6/ @6/ B7\
Trax_881869 hANDYman the Rebel vs. * Sassy_Angel * : @0+ @1+ B0+ C1/ B3+ A1\ A0\ @1\ C0/ C6\ B6\ @4/ B6+ E6/ A5/ @5/ A6/ B7/ @5+
Trax_881929 el cielo es gratis vs. Adam : @0+ @1\ A2+ C1/ A3/ B0+
Trax_882094 dustmuffin vs. Adam : @0+ @1+ B2\ B3/ A3/ B0\ C3\ D3+ @2/ E1/ F1/ C0/
Trax_882200 REBEL DJ vs. * Sassy_Angel * : @0+ @1+ A2\ A0\ @1+ B4/ A4/ @4/ @4+ A5/ B1+ C0\ @3+ F2/ F1/ D0\ @4+ H3/ H2/
Trax_882204 REBEL DJ vs. * Sassy_Angel * : @0+ @1+ A0/ B3\ A3+ @3/ A4/ B5/ A5/ @4/ B6\ E5\ E6\ E2+ F3/ G3/ A5/ E1/ E0/ F5+ B3\ H3\ C1\ C0\ B1\ A2\ C0+
Trax_882259 jfromfl vs. Rogue Trooper : @0/ B1\ C1\ B2/
Trax_882441 Misery Midnight vs. goldfreckles : @0+ @1\ A2/ @2/ A3/ D1/ B0\ D3/ E1/ E0/ C5\ B6/ @5\ C1+ A4+ E0/
Trax_882461 B Line electric streetcar vs. MountainMist : @0+ B1+ A2+ B2\ @2\ D1\ B3+ A3+ D3+ E2+ C4+ F2+ F3+ B4+ A4/ @4/ @4+ A5/ A1\ B0\ @2/
Trax_882462 B Line electric streetcar vs. Rogue Trooper : @0/ A0/ A3/ A4/ @4+ C3\ D1\ D0\ D4\ D5+ B6+ @5/ A4+ F3+ B1+ @3+ A5/ @5+ B6+ A1\ A6+ @3\
Trax_882886 Isischylde vs. Vacant 1884 : @0+ @1/ C1+ A2+ @2\ C0/ B1+ D3\ B4\ E1+ A0/ B6\ @2/ B6/ A3/ C7/
Trax_882972 Adam vs. MountainMist : @0+ A2+ A0+ B2/ @1\ C3+ B0+ D4/ A3/ @3+ A1\ A0\ @4\
Trax_883075 bubbly vs. Adam : @0+ B1+ A2/ B2\ A3/ A0/ A5\ B5\ C4+ C3+ D2/ @3+
Trax_883102 Megababe vs. Adam : @0/ B1\ A2/ A0/ B3\ B4\ C2+ A0/ @2\ B0/ E4/ E6\ F6+ E7/
Trax_883170 rockdude vs. Adam : @0+ @1+ A2\ A0\ @1/ A0\ @2/ C5/ B4\ D2+ B0/ C1+ C7\ D7\ E7\ C8/ B8/ A5+ @4/ C0\ B1\ A4+ C0/ D1/ B0\ A2/ C0+ A5/ @5/ F4/ G4/ H10+ C12\ C11+ @8/ A9/ A10/ G3/ H7+ @6\ A5\ A4+ @4\ A5+ G0/ J3/ E2\ F1+ F0\ E1+ E0\ H2+ K6/ H16+ C2\ E14+
Trax_883228 Phil The Hat vs. Adam : @0/ B1+ @1\ B0/ A1+ D2\ B3/ @1/ A4+ @2\ C0\ C0+ @2\ C1+ A4/ @4/ F0\ A3+ @5/ B2/ D1/ D0/ A7+ H3+ H1+ F0+
Trax_883274 Arctic Warrior vs. rockdude : @0/ A2\ B2\ B1+ B0/ C1/ D1+ D0/ E1/ D0\ C1\ F2/ A3+ B6+ C6\ F4\ G3/ C0\ @3\ E7+ F6\ G6\ G7\ F8\ A5/ @3\ I5+ I3/ J5\ E8/ F9\ K4\ K5\ A4/ @3\ L2/ M2/ K1+ K0/ D1\ E9/ C2\
Trax_883300 MailMan (RCA) vs. Adam : @0+ B1+ B0\ A3/ @3\ A4/ @3\ D3\ D4\ D5\ C6/ C7+ A4/ @4/ C6/ F6\ F2\ F3+ C2\ G6/
Trax_883302 Arctic Warrior vs. Adam : @0/ A2+ @1+ B3\ C1/ C0/ D1/ E2+ A0\ @2/ C6\ B5/ C0\ F1/ B1+ G2\
Trax_883346 JenJen vs. cheyenne MIA : @0+ @1\ B2+ B0+ C1/ A0/ D2\ D3\ C0/ D1/ E1/ E0/ D0/ F3+
Trax_883737 klaashaas vs. Robyn Hode : @0/ A2\ B2\ B1/ A0\ @1\ B4/ A4/ D2\
Trax_883789 MountainMist vs. JenJen : @0+ B1+ C1+ @1+ @1\ A0/ E3/ E1/ D1+ B1+ D0/ E1/ F2\ G2\ G3\ G5\ H5\ G0/ H1/ F7\ @3\ A2\ F1+ E7/ D6/ F8/
Trax_883813 Sir Pussycat vs. Adam : @0+ B1+ B0+ C2+ B3+ @2+ C4+ E2+ C5+ @2+ D6+ G2+ D0+ @3+
Trax_883833 REBEL DJ vs. hANDYman the Rebel : @0+ B1/ A0/ A3/ B1+ @3/ D1+ C0+ E2+ @4/ B5+ A2\ @3\
Trax_883834 REBEL DJ vs. hANDYman the Rebel : @0/ @1/ A2+ @1/ @2/ B3\ D0/ A1\ A0\ @4\
Trax_883835 hANDYman the Rebel vs. REBEL DJ : @0/ B1\ B2\ B3\ C3\ B4/ A4/ A2/ @2/ @4+ A2+ @4+ C5/ C6/ D5+ F6/ B5+
Trax_883837 hANDYman the Rebel vs. REBEL DJ : @0/ A2+ @1+ B3\ C1/ D2/ A0/ C1/ @2+ E2+
Trax_883865 Dionysos vs. Adam : @0+ B1+ A2\ B0/ C1+ B0\ A1\ A0\ @3/ @3/ F3+ A5/ B6/ @5\
Trax_883984 Phil The Hat vs. Adam : @0/ B1+ A0\ @1\ B3/ B0/ C2+ A3/ @3/ D1+ E2\ A4/ A2\ @2\ C5+ D0\ F6\ G4\
Trax_883987 Phil The Hat vs. Vacant 1884 : @0/ A2+ A0/ A0\ @1\ A3\ C2/ D2/ E4\ D5/ F2\ C0+ F2/ G3\ E1+ A5/ @5/ I3/ I2/ D0+ C7\ F7\ D8/ G7\ H7+ F8+ F9\ H8\ I7\ J5+ A9+ C10/ @8+
Trax_883990 Phil The Hat vs. Vacant 1884 : @0/ A2+ B2\ A0/ C2\ B0\ C0+ D3\ B0/ A1/ E2\ D1+ A7+ @6\ B0/ A2+ C1/ @4+ C0\ E1+ F0\ B2\ A2\ @2\ C0+
Trax_884038 MailMan (RCA) vs. Phil The Hat : @0/ B1+ A0\ @1\ A2+ A3/ @2\ C0/ D1/ A1\ B0/ @3/
Trax_884056 gingershaz vs. Phil The Hat : @0/ @1+ @1\ C0/ B0\ D3\ D4\ C0\ B5/ B6/ B1\ D1/ A2+ @4\
Trax_884061 paganje vs. Phil The Hat : @0/ A2\ B1/ @2\ D1\ C2+ C3\ D3\ E2/ A3/ @2\ D4/
Trax_884108 Phil The Hat vs. MountainMist : @0/ A0+ @1+ A0\ A4\ A0/ B2+ C2/ B1/ B0/ C2/ D2/ C1/ C0/ D1/ D0+ E5+ @5/ E6+
Trax_884160 Geri39 vs. Chad : @0+ A0+ A0+ @1\ B4+ C1/ B5+ B0+
Trax_884186 Megababe vs. Chad : @0/ @1/ A0+ A0+ A4\ A0\ A0/ B2\ C3/ C1+ C4\ D4\ C0/ D3\ E4/ A1\ B7+ @1/
Trax_884190 Absentee 27879 vs. Chad : @0/ A0/ @2/ A0/ @2/ A0+ @2/ B4+ D2+ B5/ A3/ D5\ @4\ C6\
Trax_884204 Whistler Gandalf vs. Chad : @0/ @1/ B0\ @2\ A1\ @1\ C0/ A4/ @3\ E4\ E5/ F4/
Trax_884214 Sir Pussycat vs. Chad : @0/ @1/ B0+ @2/ @2+ @2/ E0\ A1\ A4\ @3\
Trax_884380 DragonHeart MIA vs. Rogue Trooper : @0/ @1/ A2+ C2/ C1+ A3/ @3/ D3\ B4/ E3/
Trax_884539 Amanda vs. csain1 : @0+ A0\ @2+ A3/ @3+ @2/ B4\ A1\ B0\ @3\
Trax_884674 ROCKY MIA vs. doc harley : @0/ A2\ B2+ A3/ @2/
Trax_885103 Aphrodite vs. klaashaas : @0+ B1+ B2\ @1+ C0/ D1/ E1+ E0/ E5\ F5\ D1+ F3\ F6\ G4/ B1\ B0+ B5/
Trax_885127 klaashaas vs. rockdude : @0/ A2\ B1/ B2+ B0\ C3/ C2+ C1+ A1+ C0\ A1\ @1\ @1+ A0\ A5/ @4\ D6/
Trax_885213 klaashaas vs. Phil The Hat : @0/ @1/ B2/ C1\ @1/ B0+ @2/ A3/ C0/ D0\ C0/ D0\ E3+ F4+ B3+
Trax_885249 Phil The Hat vs. Rogue Trooper : @0/ A0/ B2+ @1+ B0/ D2+ B4/ D0/ E2\ A1\ @2/ C0/
Trax_885377 klaashaas vs. Aphrodite : @0/ B1+ A2\ C1\ C2\ D2+ E2/ B3+ B4\ D3+ E3+ D0+ @3\ A1+ D0/ B6+ G3+ E7\ F6+ B7+ E8+ A7/ @5+ G7+ H7+ F0+ G2+ I4\ I2\ H5+ I7/ E1+
Trax_885399 klaashaas vs. Aphrodite : @0/ B1+ A2/ @2+ @2\ E1+ B0/ A0\ @1\ D1/ B0+ E2+ E1/ E0/ G5\ F2+ G3/ H2\ C7+ H1/ C8+
Trax_885405 Phil The Hat vs. rockdude : @0/ B1\ A2/ B2+ B3+ C2/ D1\ B4/ @3/ A2+ @2+ A1\ C0+ @3/ B5/ B6/ A6/ @5/ C7+
Trax_885468 klaashaas vs. B Line electric streetcar : @0/ A0/ B1/ C1/ B0+ @1+ A4\ @3+ @3\ B1+ A0/ B6/ A6/ @3/ C7+ E6+ H5+ H7+
Trax_885480 klaashaas vs. gingershaz : @0/ @1\ B0\
Trax_885596 Megababe vs. prettywoman : @0/ B1\ A2+ B2+ A3/ @3\ C3\ RESIGN
Trax_885649 gingershaz vs. Rogue Trooper : @0/ A0/ @2\ A1\ B0/ B0+ C2\ D2\ B0\ A1\ A0\ @3/ @2/ C0\ B5/ A5/ @4/ F1/ G6\ F0\
Trax_885689 Megababe vs. gamester : @0/ A2\ B2\ B3+ C3/ B1/ @2\ D1+ E1/ D4/ C0+ D1/ A5/ C0+ B7\
Trax_885780 JenJen vs. Amanda : @0+ B1/ B2\ C1/ C0+ @2+ D0\ E2+ A2+ @3+ @3/ A4/ B5/ @4+
Trax_885785 Amanda vs. JenJen : @0+ B1\ A0/ @2/ C3\ D3\ B4/ C5/ A4+ @4/ A5/ F3/ @5+ A6/ B6+ E6\ D7/ A7/ @5\ H4\ I3/ C8\ I2+ H5\ H6\ E0\ D2+ C2\ C1\ J3/ F1/ F0/ D10+ D11/ J3/
Trax_885886 Sartex vs. Adam : @0+ B1+ @1/ A2/ A3+ @2+ A0/ C5/ @3/ A2+ A4+ C6\ E6+ A6/ C7\ A0\ @1\ A6+ C9/ B9/ F9\ E10/
Trax_885918 faith64 vs. Adam : @0/ B1\ A2/ B2+ C2\ C3\ D3\ D4\ C5\ A0/ E5\ E6\ F6\ D7/ E8/ C2+ D8+ G7/
Trax_885937 lindaiscool vs. Adam : @0/ A2+ @1\ A0\ @1\ C1/ B0+ C5\ D2/ E3+
Trax_886171 Robyn Hode vs. klaashaas : @0/ A0/ @2/ B0\ A1\ @2/ A3+ A1+ C0/ D3/ @2/ D0/ E6\ F5/ A4+ D0+ A6+ A7/ B8/ @7\ C9\ B8/ D0/ C2\ A4\ A6+ @6/ G3+ H5\ H3+
Trax_886247 MIA 5108 vs. Rogue Trooper : @0/ @1/ C1\ B2\
Trax_886449 Catz52Meow vs. FujiTape : @0/ B1\ A2/ A3/ B0/ C1/ @2\ A1\ C3\ B0+
Trax_886450 FujiTape vs. Catz52Meow : @0/ B1\ A2/ B2+ C2\ D2/ B3+
Trax_886471 three horses vs. Adam : @0/ B1+ C1/ C0+ D1\ C3\ @2\ A1\ A0\ D5/ C5/ A5/ @3\ C6/
Trax_886482 three horses vs. Adam : @0/ B1\ B2\ A2+ @2/ A3/ B4/ B0/ @4/ B5/ A5+ C6+ E5\ A2+ @3\ @3\ B2\ A2+ A1\ @3\ H3+ C5+
Trax_886498 Sartex vs. Adam : @0+ B1+ C1/ C0/ C0+ A2+ @2\ @1/ B3+ @2+ G2\ @2+ I2+ G4/ J2/ J1/ E0+ D5/ F6\ C6+ B1\ B0\ A6\ D8/ D9+ C8+ G9\ H5\ H7\
Trax_886547 MountainMist vs. Adam : @0/ B1\ A2/ B2+ @2+ D2/ B0/ A4/ B4+ A5/ @3\ C0/ B7+ D6+ @4\ C0+ C9+ @3/ C8/ G1/ F0/ H3/
Trax_886586 Aphrodite vs. Adam : @0/ B1\ B2\ A2+ @2/ A3/ A4+ @3\ E1/ C0/ E5\ E6/
Trax_886589 Aphrodite vs. Adam : @0+ B1+ B2/ A0\ @1+ D3\ D4\ D5\ C5+ A3+ @3/ @2\ A1\ D5/ F6\ @3/ B4+ B5/ A5/ C7+ H5+ F1/ E8+
Trax_886663 Phil The Hat vs. Second Coming : @0/ B1\ B2\ C2+ D2/ C0\ E1+ F2\ D0+
Trax_886679 el cielo es gratis vs. Adam : @0/ B1\ @1+ B2\
Trax_886723 Phil The Hat vs. Adam : @0+ @1\ B2\ C1/ A0\ @1\ A0\ A4/ C5\ @4\
Trax_886829 Aphrodite vs. Adam : @0/ B1\ B2\ A0/ @2+ @1/ B3/ D4\ E3+ F2+ C0+ D1+ F0/ G2\ G4/ F6/ D7+ A6+ D1\ D0\ H4\ G7+ E1+ E8+ D9+ E9+ E10\ B9/ G2+ F9+ H8+ C10+
Trax_887179 Lucille vs. Adam : @0/ A2\ B2+ B1+ B3+ C1\
Trax_887200 Lucille vs. Adam : @0+ @1+ A2+ @1+ B3+ @1+ C4+ E1+ @1\ E3\ D0+ C5\
Trax_887209 gladriel vs. Vacant 1884 : @0+ @1/ B2/ C2\ B0+ B4\
Trax_887234 Stinger vs. Adam : @0/ B1\ B2\ A0/ @2+ @2\ A0+ @1+ A0\ C1+ F3\ D0/ E2\ A1/ @3+ H3/ H2/ H1/ G5+ B0\ H6+
Trax_887240 Aphrodite vs. Adam : @0/ B1\ B2\ B0\ C2+ C4/ D2+ A4/ B5+ @3+ E3+ F4/ A0\ A6/ @1/
Trax_887269 Lucille vs. Adam : @0/ A2\ B2\ B1+ C2/ C1/ D1/ D0/ C0/ A2+ E2/ E1/ F1/ C0+ G3+ D6+
Trax_887270 cocopuff vs. Adam : @0+ @1+ B2/ A0\ A0\ @4/ C5/ C6/ A6\ C7/ D4/ A8/ @6+ E8\ B9/ F8/
Trax_887313 Aphrodite vs. Adam : @0/ B1\ B2+ B3/ A3/ C2/ B0+ A5/ @3\ D5\ C6\
Trax_887348 Stu the Cat vs. Adam : @0/ B1\ B2\ A0/ B4/ A4/ @3/ A1\ A0\ @4\
Trax_887368 Lucille vs. Adam : @0/ A2\ B2\ @1/ B3+ D2\ B4\ D5+ C1+ E4+
Trax_887530 ZenClick vs. Rogue Trooper : @0/ A0/ B1\ B2+ @2/ C3\ C4+ D4\ @3+ B0+ C0/ A3+
Trax_887600 Lucille vs. Knight Rider : @0/ A2\ B2\ B3/ C2+ C1\ C3\ C4\ B0/ D2/ D3+ D1+ E4\ C0/ E4+ D1+ E2+ B1\ B0/
Trax_887666 Allison vs. Adam : @0/ A2+ A0\ @2/ C3/ @3/ A4/ D1/ D0/ B2\ A2\ @2\ @3\ E1+ C6\ D6\ F5+ A6/ G5+ @6\
Trax_887683 karosel MIA vs. Adam : @0/ B1\ A2/ B0\ B3\ A4/ @4\ @4/ A5/ D4\ B5\ C6/ A3\ @2/ F2\ F3\ C7\ F4\ E6/ F7\ B6/ G6/
Trax_887847 Jay RAA vs. Rogue Trooper : @0/ @1/ C1+ C0/ D1\ A1\ B0+ @3\
Trax_888080 Honeybear vs. Mististar : @0/ B1\ B2\ A2+ @2/ C3\ B4\ C4\ D2/ E3/ D1/ E2+
Trax_888091 STrek vs. Vacant 1884 : @0/ B1+ A0/ C2\ B3\ @1\ B0/ D2+ D4\ B0/ @3+ B1\ C0+ C0\ B1+ @2+ A1\ A5/ @3+ @3/ A5+
Trax_888389 Arctic Warrior vs. ScoobyRex02 : @0/ A2\ B2\ @1/ B0+ @2/ E3/ E2/ D1/ F2\ B0/ C0\ B0+ E2/ E1/ C1/ A0\ @3+ E1+ E0/ G3\ C2+ @5/ F0/ E0\ D1\ F0/ G1/ H4+ I5/ G0/ I2/ J4/ K4/ D0\ C1\ G0/ H1/ @11\ A10\ B9+ D7\ @10\ C8/
Trax_888545 FujiTape vs. BrnIdGirl : @0/ A2+ A3/ @3\ A4/ @3\ D3\ D4\ D5\ C6\ E4+ D2+ B2\ A1/ D6+ F3\ C0+ E7+ D8+
Trax_888546 FujiTape vs. BrnIdGirl : @0/ B1+ @1\ B0/ B0/ D2/ E2\ E3\ B4/ @3\ G3\ B2+ F4+
Trax_888547 BrnIdGirl vs. FujiTape : @0/ A2\ B2\ C2\ @2\ @2/ A3/ E1/ F1/ C3/ E0\ E0+ C6/ G2\ C7/ D1/ F4+ C8/ F5+ G5+ @6\ I5\ D2\ D9/ H6\ H7+ I6\ E10+
Trax_888548 BrnIdGirl vs. FujiTape : @0+ B1/ B2\ C1/ C2+ C3\ D3\ A2/ A3/ C4\ C0/ @3+ F4/ D0+ F4+
Trax_888549 FujiTape vs. BrnIdGirl : @0/ B1\ A2/ B2+ B0/ C1/ D1/ @3/ C4\ D4\ E5/ F4\ D6+ F5\ F6/
Trax_888574 gorrick the goblin vs. Knight Rider : @0+ @1/ C1/ C2\ D2/
Trax_888597 STrek vs. gorrick the goblin : @0+ @1/ A0/ C2\ A3/ @3/ @2+ C4+
Trax_888599 STrek vs. MountainMist : @0/ A2\ B2\ @2/ A3\
Trax_888742 Phil The Hat vs. Vacant 1884 : @0/ A2+ @2/ @2\ A1\ C0/ D1/ B0\ B0+ A1\ @4\ @4\ A6/ @5\ H5+ H2+ D0+ D0/ F1+
Trax_888745 klaashaas vs. Aphrodite : @0/ B1+ B2\ B3+ B4/ C1/ D2/ @4+ @3+ B1+ E4\ D5+ G4\ G5\ @3+
Trax_888748 Phil The Hat vs. Aphrodite : @0/ B1+ C1/ C0/ B0/ A2+ B0/ @3+ B0\ A3+ D2\ E3+ C0/ D1/ E1/ @5+ F6\ E7/ G4+
Trax_888788 paganje vs. Aphrodite : @0/ B1+ A0\ @1\ C1+ D1/ D0/ A0\ @1\ D0+ F2/ F3+ D0+ E6\ C7/ D8+ E1/ F1/ A4/ @5\ G7+ D1+ H3\ C6+
Trax_888892 Uncle Chuckie vs. paganje : @0+ B1\ C1/ C0/ D1\ B3\ B4/ @2+ C5/ E2+ F3/ C1\ E0\ F2+ G4/ G5\ H4/ H1/ D6\ F0/
Trax_889298 goldfreckles vs. Honeybear : @0+ A2\ A0/ B3\ B4\ C2/ @4/ B5\ D5/ @4\ @4/ B5\ D6\ A5/ A6/ G4+ F6/ D0/ F2/ H3+
Trax_889881 Stinger vs. Rogue Trooper : @0+ @1+ A2+ @1+ @1\ @1\ D0+ D0\ C1\ F3/ C0+ C0/ E1+ B4+
Trax_890065 Whistler Gandalf vs. Kran : @0/ B1\ A2/ B0\ C2/ C1/ C0/ C0/ D3+ A2/ @3+ @4\ E5\ D6\ G3/ C1\ E0/ E0/ B3+ B1\ B0\ A9/ A3\ @9\
Trax_890240 Whistler Gandalf vs. Stinger : @0/ B1+ @1\ A0\ @1\ D1\ C0/ B4\ C5/ E3+ @2\ G3+ A1+ @1\ D0/
Trax_890431 klaashaas vs. Alko : @0/ @1/ B2/ C1+ D1/ E1/ F1/ F2+ C3/ A0\ @1\ G1/ D0/ H3+
Trax_890432 Alko vs. klaashaas : @0+ @1+ @1\ A0\ B0\ C4/ B5\ A5\ B6+ B7\ B8\ @6\ A2+ E4/ @4+ B1/ G4/ D0\ G7\ H7\ C1\ B0/ E1/ E0/ E10+
Trax_890488 B Line electric streetcar vs. klaashaas : @0/ B1+ B2\ @2\ B3+ B4/ @1/ C0/ E2\ E3\ D5+ F3\ G4/ G1+ RESIGN
Trax_890554 Honeybear vs. goldfreckles : @0/ B1\ A2/ B2+ A3\ B3\ B4\ B5/ C3+
Trax_890826 Aphrodite vs. Goonerg : @0+ B1\ A0+ B3+ C3\ A0/ B1/ C2/ D4\ D5+ D1/ E1/ D0+ E5\ F2/ A1\ @1/
Trax_890891 PinkyDot vs. Goonerg : @0/ B1\ B2\ A2+ @2/ C3\ C0/ D4\ B5\ C5\ E3/ D5\ E2+ E1/ F3\ C6+ C7/ F4\ G4/ G3+ H4+ G5\ G2\ F6+
Trax_890959 Megababe vs. shelly (uk) : @0/ A2\ B2\ B3/ @1\ B0/ B4/ A4/ @2\ B1\ B0\ E4\ C6+ F4/ E3\ B7/ A7/ @5\ G6\ H5\ F7\
Trax_890984 * Sassy_Angel * vs. REBEL DJ : @0/ B1+ C1/ A2/ @2\ C3\ D3\ E3\ E4/ F3\ G3\ E5/ D4/ E6+ E7/ D7/ C5/ A5\ D8/ C8+ A3+ E0+ @5/ H8/ C9+ A8/ @7/ A8/ @8/ A9/ C10/ C4+ @9/ @8+
Trax_890985 REBEL DJ vs. * Sassy_Angel * : @0+ @1+ B0\ A3/ @3+ A4\ C3+ D2\
Trax_890989 klaashaas vs. gorrick the goblin : @0/ A0+ B2/ A3/ @1\ A0\ @3/ @2/ B4+ B5/ A5/ A6/ @4\ @4+ B2+ C7\ A7\ C8\ D0/ A4+ G1/ H4/ F0/
Trax_891253 Abaitha vs. * Sassy_Angel * : @0/ A2\ B1/ B0\ A1+ @1/ A2/ @3\ C0/ D4+ E3/ C5/ D5+ C6\ B6\ A5+ @5+ A6/ D7\ G3+ E7/
Trax_891254 Abaitha vs. * Sassy_Angel * : @0/ A2\ B2\ B3/ A3+ B1+ A4/ @4/ @4+ A5/ E1+ D0\ B6+ @5+ F1+ @5+ @5/ A6/
Trax_891255 Abaitha vs. * Sassy_Angel * : @0/ A2\ B1+ B0+ @2+ C3+ D2/ B1+ B0/ @3+ B4+ A4+ @4\ E5\ F5\ G3/ B2\ B1\ B0\ @4/ B6/ A6+ C6+ D6+ E7+ D7/ @6/ A7/ D8\ I6+
Trax_891269 Abaitha vs. * Sassy_Angel * : @0/ A2\ B2\ B3/ A3+ @2\ B0\ C2+ B5/ @3+ B1+ A1\ @1+ B0/ B7/ @3+ B7\
Trax_891271 Abaitha vs. * Sassy_Angel * : @0+ @1+ A2\ A0\ @1/ A2+ @2/ B3+ A4/ @3\ D4/ B5+ A4+ A5/ @5/ A6/ C7\ @4/ E6\
Trax_891282 Alko vs. klaashaas : @0/ @1/ @1/ @1+ B2+ B0+ C0+ A4+ A5/ C5+ @5/ B6+
Trax_891283 klaashaas vs. Alko : @0/ @1+ C1+ B2+ C0\ D2\ C4\ E2\ E1\ F2+ D4+ C0\ C0+ A1\ @1\ C0+ @2/ A3+ C6+ B6/ A6/ B7+
Trax_891292 Tactician vs. Goonerg : @0/ B1/ @1\ B0/ @2\ B1+ D3\ A3/ C4/
Trax_891318 ROCKY MIA vs. doc harley : @0+ A2/ @2\ A1+ A0/
Trax_891354 MASHER vs. Goonerg : @0/ B1\ B2\ A2+ @2/ A3/ B4/ @3\ E2/ D5/ C5+ B5+ B6/ A6/ @3\ A2\ B1\ @3+
Trax_891416 hANDYman the Rebel vs. REBEL DJ : @0+ B1+ A0+ C2+ @2\ E2/ E1/ D0/ A4+ B1\ C0/ @2\ B1/ C0+ F3/ E2+ F1\ A2+ D0\
Trax_891456 mayonnaise vs. Megababe : @0/ A0+ @2\ A3/ B3+ @2/
Trax_891458 Megababe vs. shelly (uk) : @0/ B1\ A2/ @2\ @2/ B3\ B1+ B0\ B0\ @4\ B3+ A2\ E1/ F3\ D0/
Trax_891460 Tactician vs. Megababe : @0/ A2\ B1/ B2+ B0\ @3\ A1/ D3\ A4\ C4+ @1\ C0\ A5/ @3+ C6/
Trax_891519 istari vs. Megababe : @0/ B1\ B2\ C2+ A2/ B3\ A3+ A0+ A0\ @3/ A5\ @4/ D1+ C6\ A6\ D6\ F5\ D7\ F7+ D0/ E1/
Trax_891554 Robyn Hode vs. Megababe : @0+ B1\ B0\ @1\ A0\ D3/ B1+ B4+ A3+ @3/ A4/ C0\ A6/ @4\ A2\ @2+ B1/
Trax_891558 * Sassy_Angel * vs. hANDYman the Rebel : @0/ B1+ A0/ C2\ A3/ @3/ A4/ @4/ A5/ @5/ B6/ D7/ A6/ B0/ @6/ C8\ C9\ F9\ D10/ A7/ H4+
Trax_891559 * Sassy_Angel * vs. hANDYman the Rebel : @0/ A2+ A3/ @3/ @3\ A4\ @3/ E2/ @3+ F4\ G4\ E5\
Trax_891561 hANDYman the Rebel vs. * Sassy_Angel * : @0+ @1+ A2+ @1/ C2\ D1+ C0/
Trax_891562 hANDYman the Rebel vs. * Sassy_Angel * : @0/ A2+ A3/ @3/ C1/ C0/ A2+ A5+ C4+ @5/ A4+ @3/ A1\ B0\ @2/
Trax_891596 Vacant 1884 vs. Megababe : @0+ B1+ A0/ B3\ C1\ @2\ B0\ B0+ D2/ E4/ F4/ G4\ D1+ D0\ A2\ @4/ @3+ B1+ B0\ @2\ F8\ A1+ E0+ H4/ @2\ A1\ D0/ A5/ @4/ C6/
Trax_891616 Stu the Cat vs. Rogue Trooper : @0/ A0/ @1/ B0+ A3+ @3/ A2+ @3/ @3+ C0/ A2\ @2\ @2\ C5/ B1\ D0/
Trax_891625 bigdan409 OTWP vs. Goonerg : @0/ B1\ B2\ C2+ A2/ B3\ @1/ C0/ B1+ B4/ B5/ A4/ C5\ B6/ C0+ E4\ F5/ F3/ E2/ G4/
Trax_891635 Goonerg vs. Megababe : @0/ B1\ A2/ B2+ A3/ C3/ @3/ C4\ @2+ C5/ B0/ C7+ F4/ C8+ F5\ G4/ B7\
Trax_891638 Goonerg vs. STrek : @0/ B1\ A2/ @2\ C2\ B3/ D2\ D3\ B4/ E3+ F3/ E0+ D0+ B2+ E6/ C7\ A3+ E7/ F7\ E8/ G5\
Trax_891684 Tactician vs. Megababe : @0/ B1\ A2/ @2/ @2\ D2+ B3/ C4/ E3/ @2/ B4/ A4+ D5/
Trax_892009 Goonerg vs. Simon48 : @0/ A2\ B1/ B0/ B3\ C1\ C3/
Trax_892252 paganje vs. gorrick the goblin : @0/ A0/ @2+ C1\ B0/ @2\ A3+ @2+ E0/ F2\ D1+ F3\ B1/ D0/ A3\ E1+ @3+ D1+ E0\ @4/ B6+ G6+ E7+ E8\ F7\ B3+ B7/ I6/ D8+ D9+ I3/ J3/ G1/ G0/ B10/ A10/ @10/ E11+ E12/ I8/ C2\ G9+
Trax_892448 Goonerg vs. pk66 : @0/ B1\ A2/ @2+ @1/ D2\ D3/
Trax_892746 Goonerg vs. Megababe : @0/ B1\ A2/ @2+ C2+ C3/ D2/ @2/ A3/ D4/ E4/ @2/ B1+ D5\ G3\ H3\ I2\ A3+ E6+ E7\ E0+ D7/ I6+
Trax_892749 Aphrodite vs. Megababe : @0+ B1\ A0+ @2/ C3\ D3\ D4\ C5\ B0+ B0/ C1/ E2+ C0+ D1/ D8+
Trax_892783 Megababe vs. gorrick the goblin : @0/ @1+ A2\ @2\ @1/ @1/ D0+ D0/ F2/ D5\ C2+ D0/ F5/ C2\ @2/ G1/ F0\ H4+
Trax_892898 Aphrodite vs. Megababe : @0+ B1\ A0+ @2/ C3\ D2\ B0+ D4\ C5/ C6/ B6/ A6\ @5+ C0/ D1/ F6/ D0+ D9+ A8+ D0\ B1+ @8+ C10+
Trax_893430 Chad vs. Vacant 1884 : @0/ B1\ A2/ A3/ B3+ B4+ C3/ D3/ D4/ B5\ E4\ E2+ D5\
Trax_893480 * Sassy_Angel * vs. Vacant 27805 : @0/ A2+ @1\ B0/ A1+ B0\ C2+ A1+ @2/ E4\ D5/ E2/ F2/ E5+ A4/ @3\ D6\ G5\ G4+ H2/ F1\ C0\ F8+ H6\ E1\ B2\ I3/ I7\ J7\ B1+ D0\ D0/ E2+ F2/ E1/ E0/ B3+ F1\
Trax_893581 STrek vs. MASHER : @0/ A2+ @2\ C1\ B0/ C3\ D1+ D0+ E2\ B5/ B6+ @4+ C7+ E0\ C1+
Trax_893657 Amanda vs. Vacant 1884 : @0+ @1/ A2+ C2\ B3+ C3+ C4\ D2\ @1\ A0\ C5/ D6\ A3+ A4/ @4/ E2+ G5+ G3+ E1/ H3/ B6+
Trax_893826 Whistler Gandalf vs. mayonnaise : @0/ B1\ B2\ A2+ A3+ C3\ @3\
Trax_893829 Whistler Gandalf vs. MORRIS : @0+ @1\ @1/ A2/ B2+ D1/ D0/ C0/ @4/ A5/ A6+ @6/ B2/ A3\ @5\ E0/ F1/ F0/ G1/ H3+
Trax_894116 Withacee vs. Rogue Trooper : @0/ @1/ B0+ @2+ B0/ A4/ B4+ @3+ A2+ @3+ C0+ A3\
Trax_894147 Vacant 18505 vs. * Sassy_Angel * : @0/ A2\ B1/ B0+ C1/ B0+ B4\ C4\ D4\ B5\ C5\ C6+ D5+ E5\ @6/ A7/ B1+ C0+ A2/ C0+ A5\
Trax_894148 * Sassy_Angel * vs. Vacant 18505 : @0/ @1+ @1\ C0/ D1\ C0\ D3+ C0/ D2/
Trax_894189 Nan54 vs. irishmiss : @0/ A0\ @1/
Trax_894203 Whistler Gandalf vs. SarahMills : @0/ B1\ A2/ @2+ C2\ C3\ B0/ A4/ A5/ B6/ A6/ D5\ @4+ A1\ A0/
Trax_894362 mcinturff vs. golfnutrof : @0+ @1/ B2/ C2\ B3/ C1+ D2/ D1/ B0/ E2/ C0\ A2+ A4/ @3+
Trax_894567 Amanda vs. csain1 : @0+ A0\ @2+ A3/ @3+ @2/ B1+ A0+ D4+ D5\ A0/ C7+ B7+ C8\ B8+ E6/ E8/ @6\ B7+ @6+ C8+ G5+ D9/ H5+
Trax_894581 Brendans Grandmom vs. MORRIS : @0+ B1+ B2/ A0\ @1\ D2+ C1/ B0/
Trax_894589 spitfire vs. Eriisa MIA : @0/ B1\ A2/ @2+ C2\ C3\ B0/ D2/ @1\ B0/ A1+ E2+ A4/ @3\ A4/ @4\
Trax_894591 spitfire vs. bigdan409 OTWP : @0/ A2\ @2/ C2/
Trax_894616 doc harley vs. ROCKY MIA : @0/ A2\ B1/ B2+ @2/ A3/ B0\ A2+ @2\ B1\ D0/ A2+ E1\
Trax_894618 STrek vs. Eriisa MIA : @0/ B1\ A2+ B2+ A3/ B3+ C3/ B4\ D2\ B0\ E4+ C6/ @3+ G4\ A6/ B7\ @5\
Trax_894621 STrek vs. bigdan409 OTWP : @0+ @1/ B2+ C2/
Trax_894792 Alko vs. klaashaas : @0/ @1/ @1/ B0+ @2/ C3\ C4+ D4\ E1\ A5+ @2/ F0+ A1+ @4+ E0+
Trax_894793 klaashaas vs. Alko : @0/ A2+ A0/ @1\ B0/ C2+ B5/ A5/ @4/ B6+ C7/ D7+ E5\ B1+ E3+ D8+
Trax_894842 spitfire vs. SunnyD : @0+ B1+ B2\ A2/ A3+ A4\ B4\ B5\ C4/ C3+ @2\ E3\
Trax_894884 Phil The Hat vs. gorrick the goblin : @0/ A0/ B2/ B1/ A0+ @1\ A0\ @3/ D5\ E4/ C0/ D1/ E1/ C0+ @4+ @4\ @4\ B5+ C6+ F8\ D7/ I2/ A2\ @3+ A5\ B6+ J0+ C2\ F1+ F9+ H0/ J1/ K1/ K0/ L3\ H1+ B4\ F1\ C3+
Trax_894887 Phil The Hat vs. MORRIS : @0/ A2/ @1+ C1/ C0/ A0/ B1+ @3/ A2+ B5/ C5+ C0+ D7/ E6\ F3/ F2/ F1/ C8+ C9/ G6/ A1\ @2/ D0+
Trax_894973 spitfire vs. Nanett MIA : @0/ B1/ B0\ A3+ C3\ C4/
Trax_895005 STrek vs. SunnyD : @0/ B1\ A2+ A3\ B3\ B4\ C4\ C5\ @3+ E4+
Trax_895013 STrek vs. Nanett MIA : @0+ B1\ A0/ @2/ A3/ B4\ D1+ E1/ C0\ B0/ A1+ @3\ C7+ C8/ A8+
Trax_895421 spitfire vs. CoolStream : @0/ A2\ B2+ B1+ @1\ D2/
Trax_895453 klaashaas vs. MORRIS : @0/ B1/ B0/ C1/ D2+ D3\ E3\ B4+ B5/ @4/ C0+ B7\ B8\ A6/ @6/ F6/ H3/ H2/ H1/ G0/ H7\ H8/
Trax_895498 Robyn Hode vs. klaashaas : @0+ @1\ B0/ C1+ C0/ B1+ B4\ D2/ D1+ D4\ E2\
Trax_895506 WebbyDebi vs. DragonHeart MIA : @0/ B1\ A2/ @2+ B0/ @3\ E2+ D0\ E4\ D5\ D6\ E6\ F5\ G5+ B6/ C7\ E7\ F6\ G2/ H2/ C0/ H6+ H4+ F8+ G8+ F9+ H8+
Trax_895587 mayonnaise vs. Megababe : @0/ B1\ @1\ C2/
Trax_895652 * Sassy_Angel * vs. Megababe : @0/ B1\ A2/ @2/ B3\ C3\ D2/ B0\ C5+ D1/ D0+ E2\
Trax_895717 Vacant 1884 vs. Rogue Trooper : @0+ B1+ A2/ C1+ B0/ C3\ C4\ @4\ C0/ E5\ B6+ F4+ @5\ @3\ A2\ A6/ @3+ B7\
Trax_895872 bigdan409 OTWP vs. Megababe : @0+ B1\ A0\ @2/ A3/ D3/ C1+ @3/ B4/ D0/ A1\ F4/ @1/
Trax_895909 Kran vs. * Sassy_Angel * : @0+ @1+ A0/ A3/ C2/ B0\ @3/ B0\ A1/
Trax_895972 REBEL DJ vs. * Sassy_Angel * : @0+ @1+ A0\ @2/ @2/ E2\ B3+
Trax_895973 REBEL DJ vs. * Sassy_Angel * : @0/ A2\ B2\ B3\ @2/ @2+ B1+ @2/ D0+ F4/ F3/ F2/ E1/ F1/ G3\ A4\ D5+ D6/ C4+
Trax_896100 Honeybear vs. Mististar : @0/ B1\ A2/ B2+ C2\ B3/ B4/ A3/ A4/ @3+
Trax_896144 immitzi vs. Goonerg : @0+ @1/ A0/ @2\ A3\ @2+ C4/ A1\ C0/ C6/ @6+ A7/ A1/ @7+ A3/
Trax_896180 immitzi vs. Rogue Trooper : @0+ B1+ B2/ B0/ B0+ A2\ C2/ A1\ @3+ C0/ E1/ D0/
Trax_896264 Sir Pussycat vs. Goonerg : @0+ B1/ B2+ @1+ D1/ D0+ E3\ D4/ C5+ C0/ E2/ F2/ F3\ G3/
Trax_896409 STrek vs. CoolStream : @0/ A2\ B2+ B1+ C1/ B3/ C0+ C0\ @4+ E2+ @4+ C2+ @4+ C3+ H2+
Trax_896428 klaashaas vs. Vacant 1884 : @0/ A2\ B1/ B2+ C2+ B3/ B4/ B5/ C3+ @2\ A6/ @6/ E6\ C7/ F5\
Trax_896431 Dawn vs. klaashaas : @0/ B1/ @1\ A0\ @1+ @1/ B3+ B4\ D4+ @1/ C0/ A5/ A1\ B6\
Trax_896439 Aphrodite vs. Jump This : @0+ A0\ A3+ A4\ @1\ @2\ B4+ @3\ C0+ E1\ C0+ E6/ C0+ E5/ F5+ B4\
Trax_896443 Dawn vs. Megababe : @0/ B1\ A2/ A3/ B2+ A4/ @4/ D2/ E2/ @3/ E4/ E5/ F4+ F6+ D6/ E7\ G3+
Trax_896481 Aphrodite vs. Goonerg : @0+ @1/ B0+ C1/ A3+ B4\ C2\ D1/ A4/ B5\ C4\ D4\ D0+ D0\ A1\ @3+
Trax_896491 spitfire vs. FixitDave : @0+ @1+ A2\ A0\ B1+ @2+ C4\ D3\
Trax_896521 Megababe vs. Goonerg : @0/ B1\ A2/ @2+ D1\ A0\ @1\ E1/ D0/ F3/
Trax_896525 Alko vs. Goonerg : @0/ A2+ A3/ @3+ @3\ @3\ @2/ D1+ @1/ D4\ A0\ F1/ G2+
Trax_896554 prettywoman vs. Linda Sue : @0/ B1+ @1\ D1\ B0\
Trax_897017 Phil The Hat vs. Goonerg : @0/ B1\ B2+ A2/ B3+ C2/ C3+ @1/ C4\ D0/ E1+ A1\ A0+ @2/
Trax_897031 MASHER vs. Phil The Hat : @0/ @1\ A0/
Trax_897037 Phil The Hat vs. Hoosierenvy : @0/ B1\ B2\ C2/ C1/ C0+ C0\ B1\ D2/ D3+ @2+ D0/ B1+ D0/ E1/ F2+ D0+
Trax_897042 STrek vs. FixitDave : @0/ B1+ A0/ C2\ C3\ C4+ D2+ C1+ B0\ @5/ B6\ A2+ @5+ D0\ F1/ E0\ G4/
Trax_897111 FujiTape vs. Vacant 1884 : @0/ B1\ A2/ @2+ A3\ D1\ C2+ C0/ C0/ D2+ B2+ @4/ C6+ E6\ C7\ F4\
Trax_897112 FujiTape vs. Goonerg : @0/ A2/ @1\ B0/ B4/ C1/ A1+ A0\ @4+ C6/ E5+ F3+ D7+ F6\ G4/ F1/ E0/ G2\
Trax_897114 FujiTape vs. Vacant 1884 : @0/ A2\ B1/ A3\ B3/ C1+ B0\ D3/ E3/ D4/ E1/ F2\ C0+
Trax_897160 shelly (uk) vs. Goonerg : @0/ A2\ B2\ A3\ B1/ C1/ A0\ @1\ A0+ A5/ A6/ @3+
Trax_897168 Gamestalker vs. Goonerg : @0/ A2\ @1\ C1\
Trax_897379 gladriel vs. Vacant 1884 : @0+ @1/ B0\ B3+ @2/ D3/
Trax_897415 Kevin vs. klaashaas : @0/ A2/ @2\ B3/ B4/ B0/ B0+ @5+ C7/ D6\ @5/ C1+ D0/ F5+ G3/ G2\
Trax_897505 Chad vs. Vacant 1884 : @0/ A2+ A3/ A4/ A5/ B3+ B2/ C5\ A6+ A0/ B2+ @4+ @4\ A5+ @5/ C2+ A3+ B1+ C0+ @5+ A3+ B1+ @3\ E0/ @5/ B6+ A2\ @4/ B1/
Trax_897649 Megababe vs. immitzi : @0/ A0/ B1/ C1+ B0/ @3+ B0+ B0/ D2+ @4+ B1+ A5+ B6\ @4\ D0\ E1+ C1+ A6/ @5\ F8+ D0/ H5+ H3+ A2+ @3\ H1+ C8+ D9/ D10/ I9\ I10\ J9+ H10+ H11/
Trax_897892 Morgana Le Fey vs. Megababe : @0+ @1/ A2+ B0/ A1+ A0+ @1\ D3\ B5/ C5+ A3+ @1\ B0\ F4/ B0\ F7\ A1/ G5\
Trax_897900 Morgana Le Fey vs. Rogue Trooper : @0+ A0/ B2+ B3\ A3+ A4/ C3\ D2\ D3+ D1/ D0/ E2\
Trax_897951 MIA 5108 vs. gladriel : @0/ B1\ A2/ @2+ B3/ C0\ C3+ B5/ D3+ @4\
Trax_897955 Morgana Le Fey vs. Goonerg : @0+ B1\ B2\ @2\ B3+ D2\ B4/ @2/ A3+ E4/ F3+ E5/ B5+ D6/ E6+ F1/ E0\ @4+ C7+ D8/ H4\
Trax_898020 MIA 5108 vs. Adam : @0/ B1\ B2\ B0\ B4/ A4/ A5\ C3+ B5+ @4+ D5/ A1\ A5+ @3\
Trax_898023 Goonerg vs. MIA 5108 : @0/ A0\ @2\
Trax_898029 MIA 5108 vs. Adam : @0/ A2+ B1/ @1/ D1\ C0+ A0\ @1\ C0/ D1/ E2\ F4/
Trax_898030 Logged Off 6467 vs. paganje : @0/ B1\ A2/ @2/ C2\ C3\ B3+ D2\ A4/ @4/ B5/ D4\ C5\ E4/
Trax_898036 MIA 5108 vs. Megababe : @0/ A2+ @2\ B3\ B4/ C2+
Trax_898056 Goonerg vs. Jump This : @0/ @1/ A2/ B3/ C2/ @2\ B3/ @2+ D4/ D5\ B4\ B5+ E5+ F2+ E1/ A1/ B0\ B0+ D2\ E1\ F1\ F8\ G7/ @4/ D8+ H4\
Trax_898082 immitzi vs. Adam : @0+ B1+ B2\ B0\ B4\ A3+ C4+ B5/ @1/ @1/ B4+ E1+ B0+ @3+ F1/ G5+ G2+
Trax_898083 Goonerg vs. immitzi : @0/ A0/ B1/ A3+ C1\ C2+ A4/ B4+ @3\ @3\ @2/ @4+ C5\ D0+ A2+ @2/ F6+ C0+ E1+ C0+
Trax_898099 Goonerg vs. the great snowqueen : @0/ @1\ B0\
Trax_898102 Goonerg vs. the great snowqueen : @0/ @1\ B0\
Trax_898142 Goonerg vs. Dionysos : @0/ A0\ @2\
Trax_898221 Goonerg vs. el cielo es gratis : @0/ @1/ B2/ A2/ C2/ C1/ C0\ B1+ C4/ @2/ @1/ D0\ D0\ A4/ B5+
Trax_898239 Goonerg vs. Q : @0/ A2+ B1/ A3+ A4\ B4\ C3\ B0+ C2/ D3/ @3\
Trax_898510 Aphrodite vs. Adam : @0/ B1+ B0+ C2\ C3\ D3\ C4\ D4+ C5+ @2/ E5\ A1\ @2+ F1/ D0+
Trax_898548 Lucille vs. Adam : @0/ A2+ B1/ B0+ C2/ @2\ A1+ @1\ A0\ @1\ C0/ A4/ B5/ @4\
Trax_898580 Dionysos vs. Adam : @0+ B1+ @1\ A0\ A0+ @2+ C4+ @2+ D5+ @2+ G3/ G2/ @2\ A1\
Trax_898719 Jay RAA vs. Jump This : @0/ @1/ B0\ A3\ A1+ @1/ D2+ D1/ D0+ E3\ C4+ D5/
Trax_898730 STrek vs. Cachel : @0/ B1\ A2/ @2+ B0+ A4/ @4/ @4+ B5+ B6+ D5\ E4\ C6\
Trax_898749 Goonerg vs. STrek : @0/ @1\ A0/
Trax_898786 bigdan409 OTWP vs. Adam : @0+ @1+ B2/ A0\ @1\ @1+ A3\ @1+ C0+ F3+ F4+ G3+ E2+ H3+
Trax_898836 Dania59 vs. Rogue Trooper : @0+ @1/ B0+ @2/ C0+ A2\ @3/ E2/
Trax_898948 Goonerg vs. Aphrodite : @0/ B1+ B2\ B3+ @2\ D1/ A0/ C1+ @4/ D5/ A1\ B0\
Trax_898952 Aphrodite vs. Adam : @0/ B1+ B0+ C2+ C3\ B3/ C4+ B4+ C5\ B5+ A4+ @3/ B5/ B6/ @5+ @5\ B3+ C2+ B7/ A6+ E7\ C8/ @3\ B2+ A6/ @4/
Trax_899252 Megababe vs. MASHER : @0/ B1\ A2+ A3\ B2\ C2\ B3\ C0/ D2+ E3\ D4/ @2/ B1+ D0\ @4\ F1/ G1+ E0/
Trax_899274 Megababe vs. Rogue Trooper : @0/ A0/ B1+ A3+ C1\ @3/ A2+ C4/ C5/ E5/ @3\ A4+ F4+ G2\ F1+ @4+ B1/ @3+ B1+ I3+ G6/ E0/
Trax_899374 spitfire vs. Cachel : @0/ A2\ B2\ B3+ C2/ B1+ C1+ C0/ @2\ A1\ @1/ A2/ B3+ C1/ B0+ E1\
Trax_899396 Jump This vs. Rogue Trooper : @0/ @1/ B0+ B0/ B0/ A1/ @2\ A0+ D2/ @3+ A1/ D6\ E6\ F4/ C7\ B7+ G5/ F7/ D8\ F2\ E8+ D9+ A9\ G8\ H8\ F9/
Trax_899689 Arctic Warrior vs. Rogue Trooper : @0/ @1/ A2\ @2+ C0+ C0/ D1+ B1+ E1\ E3\ D4/
Trax_899818 Aphrodite vs. Rogue Trooper : @0/ @1/ A2/ B3/ A3/ @3\ C0/ @4\ B1\ B0\ A3+ A6/ @4+ E6\ C7\
Trax_899862 SweetCindyJo vs. (**)(**) Bunny Toes : @0/ A2+ A3/ @3/ B0\ A1\ @3/ @2/ B4+ A3+ A4/ A5+ @4\ A2\ B6\ @4+ G3\ F5\ B5/ E6+ A5+ @5/ C1+ C0\ D0\ E9/ B2\ C1\ C0\ B2\ B1+ A1\ D11\ B5+ F3+ I6+ A0\ A6+
Trax_900004 klaashaas vs. gorrick the goblin : @0/ B1/ C1/ C2\ D1/ C0+ @1+ C0/ @3\ D5+ C6\ B4+ A6\ @2/ B1+ A0/ @5+ B7+ B8/ I3\ C9+ @7+ G9\ H9+ F10\
Trax_900096 Jump This vs. Aphrodite : @0/ B1+ C1/ C0/ C0+ A2+ A0/ @3+ @3/ A5+ A2\ @2+ G3/ F5+ E1/ D0+
Trax_900703 Megababe vs. Stinger : @0/ B1+ @1/ A2+ A3\ C0/ B1+ D1\ @3/ A2+ B5/ B6/ E3+ A5+ @6\ B7+ D5+ E6+ C7+ B8+ @6+ H2/
Trax_900842 MountainMist vs. Adam : @0+ @1+ @1\ A0\ A0\ C2+ A4+ D2/ C0/ @3+ C5\ E4+ @3\ E0+ E0+ F3/
Trax_900908 carinda vs. Adam : @0/ B1+ A0\ @1\ C3\ C1+ A0\ D2/ D0/ C0+
Trax_900965 SweetCindyJo vs. (**)(**) Bunny Toes : @0/ A2+ @1\ A0+ B1+ B0/ C1+ @3/ A4/ A2+ D0\ B2+ @4\ @4\ B3+ B2\ C1+ D0+ G3+ D0+ H4+
Trax_901115 Zieken vs. Megababe : @0+ B1\ A2\ B2+ C2/ B0/ C1+ C0/ D2/ C0/ B2+ E4/ D5+ @4+ B3+ E2/ A2/ B1+ B0\ G5+ D7\ @1+ D0/ A1/ G4/ G8\ F3+
Trax_901116 Mikee vs. Megababe : @0+ B1\ B0/ C2\ A1+ @2/ A3/ @3/ A4/ A1\ @1\ D0+
Trax_901323 MailMan (RCA) vs. Rogue Trooper : @0/ @1/ B0\ A1+ @1/ B3\ A2/ @2/ B4\ B5\ C4+ D5/ E2/ A6/ @5\ E6\ C7/ F5\
Trax_901580 Whistler Gandalf vs. Tolp : @0/ @1+ A0+ @2/ @2+ A1+ @2/ @2/ C3\ D0/ A5+ A2\ @3/ A2+ E0/ G5+ G6+ E7+ H6/
Trax_901687 toadisgimpy vs. Vacant 1884 : @0/ A2\ B2\ C2\ A0\ @2/ A1+ A0\ @3/ F4\ C5\ D2/ D5\ D1\
Trax_901784 FujiTape vs. karosel MIA : @0/ A2/ @1\ A0\ A0\ @1/ @1\ @1/ B0/
Trax_901785 FujiTape vs. Tolp : @0/ A2\ B2\ B3+ A0\ @1\ C2/ D2+ D1/ D0/ B1/ A5/ A6/ @3+
Trax_902074 keysersoze vs. Linda Sue : @0/ A2\ B2/
Trax_902189 STrek vs. Vacant 1884 : @0+ @1\ A2\ A3/ @1+ C0+ D3/ C4+ @3\ @2\ B1/ D0/ C1+ C0+ B2+ B1+ A3+ B0/ D8+ B7/ A7/ @5\ G4/ H4/ F2+ E1/ C0/ C0/ F3+ @6\ A5\ A4+ @6+ H2\
Trax_902303 Alko vs. STrek : @0/ B1\ A2/ B2+ @1+ B0/ D1\ B0+ A0/ @1+ @1/ B0+ F3/ G3/ C0+ D1+ C0\ B2+ B0\ D2+ A1/
Trax_902376 pioenroosje vs. klaashaas : @0/ A2/ B1/ @1+ C0/ C0+ D3+ E3/ D1+ D0\ B1+ B0/ F3/ F2/ E1/ @3+ B1+ @2/ F0+ I4+ H6+ E8+ G7+ E9\ J4/ H9\ I9\ G10\
Trax_902377 klaashaas vs. pioenroosje : @0/ A2/ B1\ A3/ B3+ @2+ @2\ @2\ C4\ F2+ F4+ C0\ F1\ G5\ G6\ A1\ @3\ I6\ F7+ H8+ J8+
Trax_902521 klaashaas vs. Robyn Hode : @0/ A2/ B2\ B3\ B4+ A4\ C3\
Trax_902580 goldfreckles vs. Honeybear : @0/ B1\ B2\ B3\ A2/ A3/ B4\ C3+ @1\ B0/ E3+ @3+ B5/ D6\ @3+ D7+ A2\ B6\
Trax_902587 Alko vs. STrek : @0/ B1\ A2+ B2\ C2/ C1+ C0\ B1\ @2+ C0+ E1\ C0+ C0/ D1/ E1+ F3\ D0/ F5+ G5/ F3+ H4\ H6+ H7/ D8/ C0+ B3/ I4/ H3\ I7\ F2+ J6/
Trax_903098 Missing 17886 vs. paganje : @0/ B1\ A2/ @2\ @2\ @2/ A3/ B3+ B1+ B0/ A5/ A6/ @4\ D6\ D7+ E5/
Trax_903150 immitzi vs. Megababe : @0/ B1+ A2/ @2/ A3+ @3/ A4+ A1\ @3/ B0/
Trax_903184 immitzi vs. Megababe : @0+ B1\ B0+ @2/ A3/ @3/ C4\ A5+ @3/ A6\ C6+ F3+ F1\ C1+ @1+ C0/ F7\ C8/ H5/
Trax_903198 Megababe vs. immitzi : @0/ @1/ A2\ @2/ B3+ C3\ D3\ E3+ C4+ B0\ A1\ @1\ E1+ C0+ @3+ H3+ G1+ A5+
Trax_903255 Backoff vs. Rogue Trooper : @0+ A0+ A3\ @1+ A0/ @2/ A3/ @2/ C5\ A1\ @1\ C0/
Trax_903454 ROCKY MIA vs. doc harley : @0/ B1\ B2\ A0/ A3/ A4/ B4+ C1/ @4/ D0\
Trax_903469 (**)(**) Bunny Toes vs. SweetCindyJo : @0/ B1+ B0\ C2\ C3\ B4/ @3/ A4/ A2+ A5/ @1\ B0/ F3/ F2/ F1/ G3+ E0+ H4+ A6+ D0\ E1/ D0\ H4/ G3+ @5\ D2+ @5/ A6/ E10+ D2+ C2\ C4\
Trax_903753 Rogue Trooper vs. Dawn : @0/ B1+ C1+ D1+ D0+ A3/ D0\ @4+ C2\ C5\ E4/
Trax_904020 Tactician vs. Phil The Hat : @0/ B1\ A2/ A0/ B0\ C2+ A0/ @1+ @5/ B6\ E5/ D6\ E7/ F1/ E0/
Trax_904026 Phil The Hat vs. Aphrodite : @0/ B1+ A2/ C1+ B3+ @2+ @2\ A0+ @3/ C4/ B5\ A2+ @2+ H2+ I2\ A1+ B5/ C6\ @3\ C0/ J2/ K3\ H2+ A7/ @5+ D8+
Trax_904075 toadisgimpy vs. PEEJAY : @0/ A0\ @1\ A2/ @1\ A2+ A0+ @3/ B0+ C5/ C6/ E4/ C1+ C0\
Trax_904682 toadisgimpy vs. Dawn : move B1\ A2/ @2+ A3+ B3+ B0+ C1+ B0/ @2/ B6+ A1\ @2/ D0\
Trax_904718 Megababe vs. Dawn : @0/ B1\ A2/ B2+ C2\ C3\ D2\ C1+ B4+ @2/
Trax_904757 Withacee vs. Rogue Trooper : @0+ B1+ B2/ A0+ A0/ B2/ B1+ C1/ D1/ E1/ C2\ C0+ C4+ E3\ F3\ @3/
Trax_904961 toadisgimpy vs. immitzi : @0/ @1+ @1\ C0/ D1+ C3/ C0+ E2\ D1/ B5\ A4+ B6+ @4/ A2+ D6\ F0\ G2/ E0+ G5\ H5\ G2+ D0/ F2+ C3+ C10+ H5+
Trax_905274 Whistler Gandalf vs. Adam : @0/ B1+ @1\ B0/ C3\ C0/ D2\ E3/ E1+ D0+ D0\ E2/ F2/ F5+ G3\ B3\ H3+ A4\
Trax_905319 Aphrodite vs. Adam : @0/ B1+ B0+ C2\ C3\ B4+ @4+ @4/ C5\ D6/ E5+ F5/ B7/ D7+ F2/ F1/ F0+ G3+ F7+ G6+ B9+ C10/ H5+ I6/ A9+ @5/ G9\ H9\ I7+ A4\ B3/
Trax_905331 Shariann vs. Adam : @0+ B1+ A2/ @1/ A0\ @2/ A3\ B4/ A5/ @5/ F2+ A3+ @5/ A3+ G1/ @3+
Trax_905466 Mike UK vs. Adam : @0/ B1+ C1/ A2/ B3/ C2+ A3+ @2+ B0/ D5\ E5\ E3+ A0\ @1/
Trax_905588 PEEJAY vs. Adam : @0+ @1+ B2/ A0\ B1+ C1/ B0\ C3+ D1/ C0\ @3\ A2\ @4/ A5/ B6/ C1+
Trax_905680 Dania59 vs. Rogue Trooper : @0+ A0/ B1/ C2/ B0+ @1/ B4+ B0/ D3+ A4\ @3\ E1/ D0\ F4/
Trax_905744 Care-N vs. Misfit Lenrad6672 : @0/ B1\ B2/
Trax_905935 redrose vs. Adam : @0/ B1+ C1/ A2/ @2\ B0/ A2\ E2/ @2+ F3\ B1\ G2\
Trax_906003 SweetCindyJo vs. Catmane : @0+ B1+ B0+ C2+ B0+ D3+ B4+ @3+ C5+ F3+ G3/ G2/ C0+ @4+
Trax_906023 klaashaas vs. Robyn Hode : @0/ A2/ @2\ B0/ B0+ A2\ B0/ A2\ B0/ C3\ D6+ E6/ C7+
Trax_906074 Sir Pussycat vs. PEEJAY : @0/ A2\ B1/ B2+ @1/ C0/ @1\ E3/ A0/
Trax_906179 Aphrodite vs. Adam : @0/ B1+ B0+ C2\ C3\ B4+ A1\ @2/ B0+ A1\ @1\ @1+ C0+ B6+ D7\ @2\ C0/ B2\ B6+ A5/ @5/ A6/ A7+ @5\ A7+ @7/ G9+
Trax_906259 Dania59 vs. Adam : @0+ @1+ A0+ @2+ @2/ A3/ E2/ E1/ F1/ F0/ G3/ G1+ H1\ G4+
Trax_906576 Cachel vs. Adam : @0+ B1+ B2/ A0\ @1+ B4/ A3+ A4+ @2\ A4+ @2\ B0/ F3\ E5+ @2/ A0+ F7/ @2+
Trax_906847 Arctic Warrior vs. Adam : @0/ A2+ A0\ @2/ C3\ B0/ C1/ D1/ B0\ A1+ E5\ D6+ F2/ F1/ @1\ F0+
Trax_906924 MsLady vs. Adam : @0+ B1+ A0/ A3/ B3+ C3\ C4\ D4\ C5/ C2+ @4\ C5/ C6/ B5/ F4\ D1/ D0/ @4+ H5\ A2\ B1\ @3\
Trax_907251 Dawn vs. Rogue Trooper : @0+ A0+ A3+ A4/ A0+ @4+ C4/ A2\ D3/ @3/
Trax_907420 Dawn vs. Arctic Warrior : @0+ B1\ A0+ B3+ B1/ C1/ C3+ B0\ @3\ C5+ @3/ A4/ A5/ @3\ A2\ B1\ D6+ B7/ A7/ @5\ A3+ @6/ B1\ A2/ D0\
Trax_907488 Dawn vs. B Line electric streetcar : @0+ B1+ B2+ A0/ A3+ A4/ @2\ @1/ B3+ @2+ B4+ A1+ @2\ A3+ @4\ B5\ E5\ @5/ C6\ A2\ @3+ B1/
Trax_907663 Jacqui vs. Adam : @0+ @1+ B2/ B0/ C3+ D3\ C4\ @3/ A4/ A5/ D2+ B6+ A2\ @4+ F5/ D7/ @4\ B2+ @3/ B1/
Trax_907687 Aphrodite vs. Adam : @0/ B1+ B0+ C2\ C3\ B4+ @4+ @3\ B2+ A2+ B1/ C0/ C6+ @3/ B5+ B6+ B7/ G4+ F6+ G5+ A7\ @4+ I3\ I2+ F7\ G8/ I5\ J4/ I7\ J6/ K5\ J7+ K2/ J1\ L4+
Trax_907876 Mike UK vs. Adam : @0/ B1+ C1/ C2/ D1/ A0/ A4/ @3+ E4\ A4+ D5/
Trax_907895 Nancy vs. Whistler Gandalf : @0/ B1\ B2\ C2+ B0\ B4\ @2/ A3/ @3/ A4/ F1/ D5/
Trax_907956 MsLady vs. Adam : @0+ @1+ A2\ B0/ C1+ B4\ C3+ C4+ D3/ @3/ B4+ D5/ A4+ E2/ A2\ @3/ A5\ B6/ C6+ F4+ D7\ G3+
Trax_907991 Phil The Hat vs. Adam : @0/ A2+ B1+ C1+ D1\ B0/ C0\ A5\ D4\ E4\ E5\ E6+ F5/ C7/ B7/ F3/ E2+ A2+ A7/ @4/ C8+
Trax_908003 toadisgimpy vs. rockdude : @0/ A2\ B1/ B2+ C1/ D1/ B0\ E3\ D4+ D0\ F4\ E5\ F5+ E6/ B5+ C1\ C0\ B2+ A2\ @4/ C7\ A6/ @5+ A2\ A1\ C0/ G4+ H2/ I3/ G1/
Trax_908058 Nan54 vs. yayamom : @0/ A2\ B1/ B0+ C2\ C3\ A4/ @3\ A0\ @2/ F4+ F5/ D6\ E2+ D1+ D0/ G4\ E2+
Trax_908073 rockdude vs. Adam : @0+ @1+ B0\ A3/ @3/ @3+ A1/ @3+ B4+ F2+ @3\ A2\ C0\ @3+
Trax_908246 prettywoman vs. Adam : @0/ A2+ A3/ @3/ B0\ A1\ @3/ A4/ A0\ @4+
Trax_908330 Robyn Hode vs. klaashaas : @0/ A0/ @2/ @1+ B0/ @2/ D1/ A4/ @4/ E4\ B1\ A2\
Trax_908363 Aphrodite vs. Adam : @0/ B1+ B0+ C2\ C3\ B4+ B0+ @3/ A6/ @5+ C7\ D7\ A7/ B8/
Trax_908366 Aphrodite vs. Adam : @0/ B1\ B2+ A0/ C2+ B0+ D3+ D1/ B0/ E3+ @4/ B5+ A6\ D5+ A2\ @1/ B0+ D0/ E2+ E1+ F2+ @4\ A5+ B7\ F8\ E9\ @3/ B1+ D0/ B9/ B10\
Trax_908450 ROCKY MIA vs. doc harley : @0+ A2/ @2\ A3/ @2\ D2\ D3\ D1+ D4/ B4/ A3/ @3/ A4\ B5+ C1+ F1/ C0/
Trax_908547 Phil The Hat vs. Adam : @0/ B1+ B0\ C2\ B3/ D3/ C1+ E3/ @2/ B3/ A3+ A4/ D0+ B1+ B5+ C6/ D0+ @6\ B8/ A8/ @8/ D1+ D0/ A10/ @10/ J4/ H2+ J8+ H9+ K6/
Trax_908571 spitfire vs. Nanett MIA : @0+ @1/ A0\ @2\
Trax_908577 Aphrodite vs. Adam : @0/ B1+ B0+ @2/ B1+ D1+ B3+ C0/ D3+ @3+ B1+ C0\ F4/ @4\ B1+ D0+ F2+ D0+ D8/ B8+
Trax_908610 Phil The Hat vs. Adam : @0/ B1\ B2+ A0/ A0/ A0/ C3+ @2\ E3\ E2+ @2+ A1\ C0/ A6+ D7\ @5+
Trax_908611 Phil The Hat vs. Adam : @0/ A2+ B1/ @1/ C0+ D2\ C0/ B1+ @3/ @2+ D0+ B1\ B0+ A2+ B7+ A7/ @6/ D0+
Trax_908633 Phil The Hat vs. Aphrodite : @0/ A2+ B2\ C2+ A3+ @2\ E1\ D0/ F2/ E1+ F1+ F0/ D1+ G2+ B1\ D0\ A6+ G1\ D0\ H4+ B8\ D8+ B9/ A9/ @9+ A10/ B10+ G7\ A11+ G8/
Trax_908644 hayleesam vs. klaashaas : @0/ A2+ A0\ @2/ @2/ A1+ A0\ @3/ @1/ E1/ D0/ F2\
Trax_908655 STrek vs. Nanett MIA : @0/ A2\ B1/ B0+ B3\ C1\ C3+ B0+ C5/ D3\ @3+ E4\ E6+ B6/ A4+ C7\
Trax_908891 STrek vs. Robyn Hode : @0/ B1+ A2+ B0/ @3/ B4\ D4+ B5/ D1+ E3\ A5+ E1/ F3\ D5+ C6+ B6+ C7\ D6+ D0\ A7/ @5\ @6+ D1\ RESIGN
Trax_908990 Nan54 vs. Beaupol : @0/ A2\ B2\ B1+ @2/ A3/ B0\ A1\ D3/ @2+
Trax_909116 Chad vs. ISHKA : @0/ B1\ A2/ B2+ A3/ @2/ C0/ D1/ A1/ A4+ B5\ D2\ E2\ D4+ @4\ C0\ @4/ A0\ @3+ B0+ A1\ @1\ C8/ B8/ E9+
Trax_909371 Nancy vs. Morticia : @0/ B1\ A2/ @2+ C2\ A3\ B0/ @3+ E2\ @3+ G1/ G0/ H3\ G4/ H4+ F5\
Trax_909383 The Mad Hatter vs. Rogue Trooper : @0+ A2+ A0\ B3+ B4/ @2/ C2/ B5+ D1\ E2/ C0\ E5\ C6+ F5/
Trax_909683 SweetCindyJo vs. Ace1316 : @0/ B1\ A2/ @2+ A3+ @2+ @2\ A1\ B0\ @2+ @2\ A1\ G3+ G4\ H4\ H5\
Trax_909875 bubbly vs. Adam : @0+ @1+ B0+ C2+ B3+ D2+ E2/ E1/ E3\ F1+ G1/ G0/ B1+ H1+
Trax_909886 Lady Good Wrench MIA vs. Adam : @0+ B1+ B0\ A3/ B3+ B4+ @3/ D3\
Trax_909892 Lady Good Wrench MIA vs. Adam : @0+ B1+ A2\ A0\ B1+ C1/ @1\ C0+
Trax_909893 Adam vs. Lady Good Wrench MIA : @0+ @1+ A0/ A3/ @1/ B0/ D2/ A0\ @2/ D5\ C6/ C0/ D1/ E1/ E6\ F5\ E7+ C8/ E0/ A9/ F2+
Trax_909922 irishmiss vs. Adam : @0+ B1+ C1\ C2\ D2+ E2+ D3/ B0+ B0/ C1/ C0/ D1/ B7/ E3\
Trax_910009 (vikki) vs. Adam : @0/ A2+ @2\ B3\ A3/ @3\
Trax_910053 (vikki) vs. Adam : @0/ A2\ B2\ @1/ C1/ D1/ B0/ E2\ D1\ D3\
Trax_910077 (vikki) vs. Adam : @0+ @1/ A0\ @2/ A3\ D2\ C3/ C4/
Trax_910127 (vikki) vs. Adam : @0/ B1\ A2/ B2+ C1/ A0/ C1+ D1/ E1\ C0+
Trax_910160 Adam vs. (vikki) : @0+ @1/ A0\ @2/ B3+ B4\ D3\ D2+ E2+ C1+ D1/
Trax_910503 ellieoop vs. Jump This : @0+ @1+ @1/ C2/ B0/
Trax_910512 DragonHeart MIA vs. Adam : @0+ @1+ A0/ A3/ @3+ C3\ C4\ B0\ A1\ @1\ C0/ D1/ E1/ E0/ E6/ F2+
Trax_910523 Aphrodite vs. Adam : @0/ B1\ B2\ A0/ A3/ A4/ @2+ @2/ B0\ A2+ A6/ @6/ F4+ F5\ F6\ E7+ F1/ D0/
Trax_910537 SweetCindyJo vs. Ace1316 : @0/ A2\ B1/ B0+ C1\ B3\ B4\ C4\ D2/ C5+ B0/ C7\ @4\ E5/ F3/ E6+ F6\ G5+ D0+
Trax_910596 Aphrodite vs. Adam : @0/ B1+ A0\ @2/ A3+ B4/ C5\ D5\ B6/ A6/ @4\ F6\ C7+ F7+ F8\ @5+ B7+ C8+ @5\ @4/ H2+ H9+ H3\ @5/ B6+ K8\ H10\ J10+ L8\ K6+ I1+ J4\ M10\ M11\ C7/ C8/ B9\ F11/ F12+ E12/ E13/ I12+ I13\ H14+ B13/ A9+ B14\
Trax_910982 *Tampa*Dave* vs. Adam : @0/ A2+ A0\ @1\ A0+ A0/ C2\ C3+ C4+ A5/ A6/ @4+
Trax_911476 prettywoman vs. Rogue Trooper : @0/ A2\ B2\ A3\ A0\ @1\ @1\ B2+ D2/ E1\ E0\ A1\ E4\ F3\
Trax_911498 SweetCindyJo vs. Ace1316 : @0/ A2\ B2+ C2/ B1/ C1+ C0/ D1/ B4/ D0\ A2\ C1+ @3\
Trax_911535 Rogue Trooper vs. Dawn : @0/ A2\ B2\ C2+ B1/ B3+ A4\ @4+ @2/ B1+ A0/ C0+ C0\ C0\ C0\ D1+ E4\ A3+
Trax_911538 Rogue Trooper vs. Dawn : @0/ A2+ A3/ @3+ @2/ B1+ @1/ A3+ D0/ A1/ A0/ @3/ @4\ B5+ A6\ C6+ D7/ @6\ B7+ G6+ B0\ A2+ H7\ H8\ G9\ A6+
Trax_911554 SweetCindyJo vs. Ace1316 : @0/ B1/ C1\ C2\ D2\ C0\ B0/ A4/ C5+ B5/ B6/ A6/ E3+ C0\ F4+ @3/ A5/ @4/ A5/ A6\ C8/ A7/ @7/ A8\ B9/
Trax_911646 SweetCindyJo vs. Ace1316 : @0/ B1\ B2\ C2\ @1\ A0\ E2+ D1/ C0/ F3/ E2/ C0+ D2+ B0\ @4\ @4\ C1+ C0+ F3+ F2/ F1/ F0\ B2\ C1/ D1+ C0\ C0\ C10+ E2/ G4/ H7/
Trax_911743 SweetCindyJo vs. Ace1316 : @0+ B1/ C1\ C2\ D2+ D3/ B2/ @2\ B3/ C4/ B4+ B5/ @1\ A0\ B6\ D1/ B4+ A5\
Trax_912340 klaashaas vs. Robyn Hode : @0/ A2/ B1+ @2/ A0/ A4\ @1\ A0\ @3+ D5+ F5\ F6\ A5/ RESIGN
Trax_912976 Rogue Trooper vs. The Mad Hatter : @0/ A2\ B1/ B2+ @2+ A1+ D1\ D0\ A0+ E3\ D4+
Trax_913100 Isischylde vs. paganje : @0+ @1+ A2\ B0/ A1+ @1\ C0/ B0/ C1/ D3\ E2/ C6\ D5+ D6+ E5/ F3/ E1+ F2/ D0/ F1\ G3/ C1+ F5\ D0+
Trax_913101 Isischylde vs. paganje : @0/ A2\ B1/ C1/ B2+ D1/ B0\ C4/ E3+ F2/ F1/ D0\ C1+ C0\ A2\ @2\ E1+ H2\ D0+ E0\ G7+ D0\ C2/ B3\ @4\ D10/ C10/ B10/ J5\ A7/
Trax_913148 SweetCindyJo vs. Ace1316 : @0/ A2\ B1/ B0+ B0/ C1/ @3+ @3/ F1+ A4\ E3\ D4+ D5\ E5\ C5+ E0+ F6+ G4\ E7\
Trax_913243 immitzi vs. Rogue Trooper : @0+ A0+ B2+ B1/ B0+ C3\ B4/ C5/ A0+ D3/ D2/ D6\ E6+ C7\
Trax_914104 hayleesam vs. Rogue Trooper : @0/ A0/ B2/ A3\ B3\ C2/ @1/ E2+ A3/ B4\ A0\ @2+ A1+ @2/ F4+ F2\ E1/ F0\ H4/ B1/ E0/ B5+
Trax_914172 Sophi vs. toadisgimpy : @0/ B1\ A2/ @2+ A3\ C2+ D2/ B0\ @3+ C5/ A4/ @3/ A2\ @2\ A3+ B4+ B5/ B6/ A6/ @6+ A1/ @4+
Trax_914506 Phil The Hat vs. gorrick the goblin : @0/ B1+ A2/ @1/ B0/ B4\ @1\ A0\ D5+ B4+ E5/ E3+ B5+ A4+ B6/ @2+ @3\ @2/ C0/ I5\ G7+ H7+ H8\ A6+ C8+ @5+
Trax_914756 Misfit Lenrad6672 vs. Vacant 1884 : @0/ A2\ B1/ @1/ B3+ @1\ A0\ A3+ @3+ A0/ A5+ C6\ D2+ D1\ C0/ @4/ F6\ G4/ F2/ E0\ G3+ B2/ H5+ H3/ I3+ G2\
Trax_915285 heidibb vs. gorrick the goblin : @0/ A2\ @1\ C2/
Trax_915340 toadisgimpy vs. gorrick the goblin : @0/ B1\ B2\ B3\ A2+ B4\ B5+ C3+
Trax_915688 Megababe vs. immitzi : @0/ A2\ B2\ B1+ C1+ B0\ @2/ B4+ E3/ D4+ D1+ @3+ C5+ F5/ C6+ B5/
Trax_916001 ellieoop vs. Jump This : @0/ A0/ @2/ A0/ @2\ C1/ A4/ @4/ C4+ A2+ @4/ F3\ F4\ F5\ A2\ @2\ G0/ H1/ @4\ F1\ @5/ F1/
Trax_916026 SweetCindyJo vs. Ace1316 : @0+ @1/ C1/ C0+ B3\ D2\ C0\ C5/ D4+ E4+ A2\ @2\ D0+ D0\ C1\ B3+ D8+ E4+ G6/ G5\ D9\ F8\ H6\ E3+ B2\ @3\ I7+ H9\ F10/ F11/ I9\ J9/
Trax_916460 STrek vs. rockdude : @0+ @1\ B2/ C1/ A0\ @1\ E1+ B0+
Trax_916600 Megababe vs. rockdude : @0/ A2\ B2\ B3\ A0/ A0\ @1+ A2+ @2/ B5/ C6\ D3+ E3/ E1\ F3/ B0\ E1+ E0/ G4\ C2/ B1\ B0\ A4+ B0/ @6+
Trax_916821 STrek vs. gorrick the goblin : @0+ @1/ A2/ C2/ B0+ B4+ D4+ B0\ A1\ @3/ B0+ B0/ D1+ E3/ D0+
Trax_916823 STrek vs. rockdude : @0+ B1\ B2\ A3/ @1/ D2\ B0+ E2/ E1/ B5+ A5/ @5/ @5+ A6/ A2\ B1\ @2/
Trax_917550 Cinderella vs. Adam : @0/ B1+ @1\ B0/ A1+ D2\ D3\ C4+ A0\ A5/ @4/ C6/
Trax_917565 Cinderella vs. Adam : @0+ @1+ A2\ A0\ B1+ C2+ @2/ A4+ C0\ @5/ C1+ A2\ @4/ C1\
Trax_917566 Adam vs. Cinderella : @0+ @1/ B0+ C2\ A3/ @3/ C4\ D4+ C5+ D5+ E4/ E5+ C6+ C0/ D1/ E3\ D0+
Trax_917619 SweetCindyJo vs. three horses : @0/ B1+ @1\ B0/ A1+ D2\ C3\ @1\ C0/ C0\ E5\ B1+ @1/ C0\ G6/ A3/ F4/ G4/ G7/ @3+ @3\ J7/ C0+ J5/ B5/ C6/
Trax_917774 Sir Pussycat vs. spitfire : @0/ @1\ B0\
Trax_917797 Sweet Pussycat vs. mcinturff : @0/ B1+ A0\ @2/ A3+ D2/ E2\ E3\ E4\ D5\ B6/ A6/ C7+ D1/ C8+
Trax_917814 spitfire vs. Sir Pussycat : @0/ B1\ A2/ @2+ C2\ C3\ B0/ @3+ C4/ E2/ A1\ A0\ @1/ D6\
Trax_917893 mcinturff vs. Sweet Pussycat : @0+ @1\ C1\ A0/ B1/ D1/ D0/ E3\ E4\ B1+ F2+ G1/ F0\ G3+ D1/ D0/ B6/ @4\ E7+
Trax_917894 Sir Pussycat vs. spitfire : @0/ A2\ B2\ B1+ C2\ D2\ E2\ B3+ E0/ F4/ B5/ C5+ B6+ D6+ B7+ A6/ @6\
Trax_917943 Mainmang vs. spitfire : @0/ A2\ B2+ B1/ C2+ C3\ B3+ @2\ E3\ @1\ F4+ B0\
Trax_917946 Mainmang vs. Sir Pussycat : @0+ B1+ B2/ A0\ C2/ C1\ @1+ B0\
Trax_917986 SweetCindyJo vs. Ace1316 : @0/ B1\ B2+ A2+ A3/ B3+ B0/ C1/ C0\ @5/ D5\ C6/ C7/ B6+
Trax_918131 Aphrodite vs. Adam : @0/ B1+ B0+ C2\ A3/ B4+ C1+ D3+ B0+ E4/ E3/ C1+ A1\ @1\ B0+ D7/ G4+ @4+ A6+
Trax_918132 Aphrodite vs. Adam : @0/ B1\ B2+ C2/ B0+ B0/ A4/ D3+ A5/ @5+ A6/ B6+ D5+ E4+ A2+ @3/ F0/ G2/
Trax_918139 STrek vs. Adam : @0+ @1+ A0/ A3/ @3+ A4/ @2+ A4+ B1+ @4+ A2\ B0\ @4+ D1+ @4+ E6/ E0+ G5\ G6+ H6\ E8+ H3/ H2/ H1/ I2+ F9/ G9+ H7\ I7\ H0/ J1+ C2/ B2/ A2/ H5+ J7+
Trax_918168 spitfire vs. Mainmang : @0+ @1+ A2\ A0\ @1\ C1/ C0/ D3+ E2+ C0+ B2\ @3+ C1\ F4+ B2\ @3+ H3+ H4+
Trax_918191 JenGem vs. Adam : @0+ @1+ @1/ A2/ @2/ A3/ A4/ E1+ E2/ D0\ F2\ A1\ A0\ @2/
Trax_918205 (vikki) vs. Adam : @0+ B1+ B0\ A3/ A4/ @2+ A1+ @2+ A1+ @2+ D5\ E4+ B3/ @2+ G4\ F5\ G5+ F6/ A1/ G2+ G1+ H4/
Trax_918234 Jacqui vs. Adam : @0+ @1+ A2+ @1+ B0+ @2+ A1/ A3/ B4/ @2+ @2/ A4+ @2\ C1\ E0\ A4+ G2+ H3+
Trax_918235 Aphrodite vs. Adam : @0/ B1+ B0+ C2\ C3\ B4+ @4+ E3\ B5\ D5+ B6+ C6+ @6+ D7/ G4/ F6+ H4\ H3+ E1+ E0/ H6\ D1+ I6+ F8+ C9\ B8+ I7+ H8\ G9+
Trax_918238 Aphrodite vs. Adam : @0/ B1+ B0+ C2\ A3/ B4+ D4+ @4\ D5/ @2\ A1\ @3/ B4+ A4+ A5/ @5+ I4/ H2+ H1\ F0/ C6+ D7/ D8/ F7+ D2+ F0/ C2\ A3\ @4+ I2+ A7\ @5\ C9/ C10/ B2+ D1/ E0\ K4+ @6\ H1+ I0\ B5+ M4+ C2+ C1\ C0+ B3+ A9+ @7+ N7+ @6/ B5\ C13/ B9/ D14/
Trax_918242 paganje vs. Adam : @0/ A2\ B1/ @2\ B3+ B4/ C2\ D2\ C4+ @1/ C0\ C0\ B2\ @5+ @5\ B3+ C7+ A6+ F7+ C8\ B8+ F8/ D9+ F9\ G8/ E10/
Trax_918319 Arctic Warrior vs. rockdude : @0/ A2\ B2\ B1+ @1/ @1\ B0/ D4\ E3/ F3/ F2/ E1/ D5+ A1+ D6+ C0\ C0/ A1/ @3\
Trax_918343 Nina vs. mcinturff : @0+ B1+ B0+ C2+ D2/ D1/ C3/ D0/ D0+ E1/ A1\ B0/ C7/ D1\ A7/ @3+
Trax_918344 Phil The Hat vs. Adam : @0/ B1\ B2\ A0/ B4+ A3+ C2+ D3/ A5\ @2/ A4+ D4\ E5+ C6+ A6/ @6/ E7/ A3\ @3+ D0+
Trax_918396 Phil The Hat vs. rockdude : @0/ B1\ B2\ A2+ A3+ @3/ B0\ A2/ @4/ E3\ E5\ F5\ D1+ C5+ C6/ F2\ D0+ F4+ E8+ G2/ G4\
Trax_918417 mcinturff vs. Nina : @0+ @1+ B2/ B0/ C1/ A1\ B0/ A5/ @5/ A3+ D1/ @5/ F1\ B6/ F2+ A6+ @6/ F4\ F5\ C7/ A5+ G5+ H4+ H3+ I3/ A3\ @4/ H0/ I1/ D9/ I6\ A4+ H7+ F10\ F11+ G10+ I10+ J9+ H11+
Trax_918463 Arctic Warrior vs. Adam : @0/ A2\ B2\ @1/ C1/ D1/ D0+ C0/ B5+ @4+ A3+ @4+ G2\ D6/ E6+ G4+ H4\ H5\
Trax_918565 Arctic Warrior vs. Dawn : @0/ B1\ A2/ B0\ @2+ @2\ D3\ C4/ A3+ A0\ @1\ D0\ A5+ @3\ @3+ G1/ H1+ F0/
Trax_918575 Arctic Warrior vs. rockdude : @0/ A2\ B2\ B1+ A0\ @1\ D3/ C4\ E4\ E5\ A3+ E6/ D6/ B0/ C1/ C0/ D3+
Trax_918586 MountainMist vs. Adam : @0+ B1+ B2/ A0\ @1/ A2+ @2\ A0+ @2+ F3+ @1/ D0\ B1+ E1/ E0/ F4/
Trax_918588 MountainMist vs. Adam : @0/ B1\ A2/ A0/ C2+ C3+ D2+ A4+ @3\ D4+ C5/ E5/ F3/ C0+ D0\ E1+ D8/ G4\
Trax_918589 Adam vs. MountainMist : @0+ @1+ A0/ A3/ @2\ D2/ C0/ B5+ A1\ B0\ @2/
Trax_918642 LilSis vs. paganje : @0+ @1+ A2\ A0\ @1\ C1/ C0/ @2+ E2/ A4/ D0/ B6\
Trax_918892 Sir Pussycat vs. Mainmang : @0/ B1\ B2\ B3+ @1\ A0\ C1/ D1+ C0/ E2+ C0/ E2/ C0/ @3+ @3\ F5\ G2/ H3/ E0\ D1\ @2\ A1\ C5+ I3+ I2/ J2/ K2+ J1\ H1\ H0+ E1\ G0\ D3+
Trax_918917 pioenroosje vs. klaashaas : @0/ @1/ C1/ @1\ C0+ C3+ C4/ C5/ D4+ E3+ A4/ @2\ D0+ B6/ B7/ D7+ D8\ A5+ @4/ A7\ B8\ C9/ @8+ H7+ I5+ I8\ G9+ F10\ A5\ @7/ D2\ E1\ C3+
Trax_918918 klaashaas vs. pioenroosje : @0+ @1/ A2/ C1+ A3/ D1+ C3\ E1+ D0\
Trax_919047 klaashaas vs. pioenroosje : @0/ B1+ C1/ A0/ @2/ C3\ A0\ @1+ E1/ F2\ D0\
Trax_919048 pioenroosje vs. klaashaas : @0/ A0+ A0\ @3/ A4/ @2\ D2/ E2/ D3+ F3/ C5+ C6/ A5+ E5/ E6/ F1/ G4\ F0\
Trax_919049 pioenroosje vs. klaashaas : @0/ B1+ C1/ @1+ A0+ @1\ B0/ D1\ D4+ D0/ E1/ F3\ D0+ G2/ G1/ G0/ D1+ D8/ B8+
Trax_919050 klaashaas vs. pioenroosje : @0+ B1\ @1\ B0/ D2\ B3/ A0\ @2/ E1/ E0+ F2\
Trax_919111 Dawn vs. klaashaas : @0/ A2+ A0\ @2/ A1+ @1+ B0/ C0\ B6\ B7\ A6+ @5/ @6\ @6\ G5\ B4/ H4/ G2\ H7\ I5+ H8/
Trax_919134 spitfire vs. Sir Pussycat : @0/ B1\ A2+ A3\ B3\ B4\ C2\ C4/
Trax_919309 bubbly vs. Adam : @0+ B1+ B2\ @1+ C0/ D3\ E3\ E4\ F4\ F5\ G5\ G6\ H6\ H7\
Trax_919352 Cachel vs. supermac : @0+ B1/ B0+ B0/ B4/ C3\ C4+ @3+ @3/ A4/ B5/ @4/ B5+ G3\ E5+ E6/ F2/ F1+ G1/ H2/ F0+ F0\ E1\
Trax_919442 SweetCindyJo vs. Ace1316 : @0/ A2\ B2\ B1+ B0/ C3\ C4\ D3\ E3\ E4\ F2\ E5/ C5/ B5/ D6\ C0/ F5\ D8/ E8+ G6/ D1+ C8/ B8/ A8/ C9\ E9\ F9\ H4/ F10/ D10/ H3/ I3/ I2/ J2/ G8+ H7\ H8+ I7/ C10/ B10/ J1/ K3\ K5\ G0\ E12/ L5\ C12\
Trax_919448 SweetCindyJo vs. rockdude : @0/ A2\ B2\ B1+ B0/ C3\ D3/ B0\ A1\ @3/ C0/ D1/ E3\ @2\ A1\ C0/ G4\ @3+ D0\ A7/ @7/ D8/
Trax_919452 SweetCindyJo vs. Adam : @0/ B1+ A0\ @1\ A0+ @2/ A3/ C4/ E3/ E2/ F2/ F4\ E5\ G4/
Trax_919477 Chad vs. Adam : @0/ B1+ C1/ A2/ A3+ C2+ B4/ @3+ @3+ F2+ B1\ B0/
Trax_919480 Chad vs. rockdude : @0/ B1\ A2/ B2+ A3\ @3\ A0/ B5\ @4\ D5/
Trax_919537 Mikee vs. Megababe : @0/ A0/ B1+ B0\ C2+ A4/ @2\ D3+ E3\ B5/ D1/ B0/ F6\ D7+ F7+ G5\ F4+ B8\ B9\ A2\ B0/ @4+
Trax_919913 doc harley vs. ROCKY MIA : @0/ B1+ A0\ @1\ A2/ C1+ @2/ E1\ A1\ @1\ E0+ D4+ E0\
Trax_919964 Vacant 12565 vs. Rogue Trooper : @0+ @1/ @1/ C0/ B1\ B0/
Trax_920013 Tolp vs. Rogue Trooper : @0/ A0/ A0+ B1/ A4/ A5+ B3/ C3+ C6+ D6\ E4\ F4\ G4\ F3+ F2/ G1\ E2+ A0\ @1\ F1/ E2+ C0+ C0/ A1/ F2\ B0+ B0/ @3\ A2\ A9+ @5/ C10+
Trax_920173 Amanda vs. Vacant 1884 : @0+ @1\ A0\ C1/ B0+ C1+ B0\ B0\ C5+ C1/ A0/ A0/ @3+ A6+ E4+ C8\ D1+ A8/ B9/ @8\
Trax_920355 Arctic Warrior vs. Aphrodite : @0/ B1+ A0\ @2+ A1+ @2/ A3+ D1+ C0/ E3\ E4\ E5+ F3/ F2/ E1/ F1/ D0+ D0/ G1/ G0/ F1+ H1+ H0/ F9+ G9\ H7+ I4+ I6\ J7/ I8+ F10/ K8\ K9\ H10+ I11+ G11/ K6+ L8\ H0\ G1+ L12\ L13\ M9+ M11\ N11+ M12+ O11\ K4/ K3+ L4\
Trax_920358 Adam vs. Aphrodite : @0+ B1+ B2/ A0\ @2/ C4/ D3\ @4/ A5/ A1\ A0/
Trax_920381 Mikee vs. Megababe : @0+ B1\ B2\ C2\ C3+ D3\ A0+ D2/ E3/ C1/
Trax_920442 Allison vs. Adam : @0/ A2+ A0\ @2+ @2\ A1\ B0\ D3/ E3/ B0+ A1/ B0+ A6+ @4\ A3\ @3\ @4\ F7+ A3+ E0+
Trax_920451 Aphrodite vs. Adam : @0/ B1\ B2+ C2/ B0+ A1+ B0/ D3+ E1/ D0\ C1\ A2+ B0+ @3+ A1\ A0\ @3+ B5+ A5/ @3/ A2+ G2/ H2/ E1+ C0/ B1+ E1/ @5/ A6+
Trax_920518 Arctic Warrior vs. ScoobyRex02 : @0/ B1\ A2/ B0\ C2+ B3\ A4\
Trax_920549 SweetCindyJo vs. Ace1316 : @0+ B1+ B0\ B3\ @2/ A3/ B4/ @3+ @2/ F2/ C4/ D0/ B2\ F0/ @4\ H2/
Trax_920687 Phil The Hat vs. Aphrodite : @0/ B1+ A0\ @2+ A1+ @2/ A3+ B0+ C4\ C5\ @3/ A2+ @2+ A1\ A0\ A0+ @3+ E7/ D8\ C7+ @4/ A5/ A6/ C8/ E9\ G8\ @5+ I8+ J5/ J8+ B2+ A2+ B1/ K5+ K4/ A7+ L7+ L9\ M8/ J9/ @5\
Trax_920833 Sea Breeze vs. Misfit Lenrad6672 : @0+ @1/ A2/ C1+ B0\ D2+ @2/ F2+ A0\ @1\ B4+ B5/ E2+ A4+ E1+ F1\
Trax_920865 Poland vs. Jump This : @0+ @1+ B2/ A0\ @2/ @2/ @1\ B0/ C5+ B6\ A5+ @3\ B7/ A6\ @3\ @3+ A2\ A6/ @6/ C7\
Trax_921013 Phil The Hat vs. prettywoman : @0/ @1/ B0+ B3\ C2/ B0/ C4+ D3\ D4+ D5\ B0/ D1\ A1\ B0/ @3/
Trax_921163 Misery Midnight vs. Lady Butterfly : @0/ @1\ A0/
Trax_921265 Arctic Warrior vs. Gone with the Wind 10797 : @0/ A2\ B2\ B1+ @1/ A3/ @3/ D4+ D0+ E4+ E3/ E2+ F3\ F2+ F4+ G4+ E1+ D0\ C1\ A3\ A2\ @3/ A4+
Trax_921270 Misfit Lenrad6672 vs. rockdude : @0/ A2\ B1/ B2+ B3\ C3\ D3+ D4\ E4\ B4/ C5+ A4\
Trax_921281 Misfit Lenrad6672 vs. Chad : @0/ @1/ A2+ C1\ A3+ C2+ D2\ D3\ E3\ B4+ D5+ D1+ F4+ A0\ @1\ E1/ G2/ D0\
Trax_921301 pioenroosje vs. Chad : @0/ A0/ B1/ B3+ C1/ D1+ B0+ B5/ C5+ C0\ B0/ A2+ D8/ E7\ F6+ @3+ E2/ A7/ F4+ B8/
Trax_921362 Mike UK vs. Chad : @0/ @1/ C1/ D1/ B2+ D0/ D4\ E2+ A4\ B5/ F1\ E0+ E0/ @4/ B2+ @6+ I2+ F0+ C1\ A4+
Trax_921367 klaashaas vs. Gone with the Wind 10797 : @0/ B1\ A2/ @2\ C2\ B3/ A4\ A1+ B0+ B0/ C6\ B7/ @6+ B8\ A9\ E6\ E7\ @4\ A3\ F2/ G4+ E1/ H5+
Trax_921379 Arctic Warrior vs. Chad : @0/ A0/ @2+ B0\ @3+ C0\ D3+ E3\ B1+ A2\ @3/ @3/ B5/ A1\ @2/ C0/
Trax_921435 Vacant 1884 vs. Chad : @0/ @1/ A2+ C2+ A3+ D2/ A4\ D0/ E2\ A1\ @1\ C0/
Trax_921641 Adam vs. immitzi : @0/ B1+ B0+ C2\ A3/ B4+ D4+ @3/ B5/ A1\ @1\ C0+ @2/ A3+ @3\ B1+ B0\ G7+ C6+ C7/ B7/ E8+
Trax_921787 Lucille vs. Rogue Trooper : @0+ @1\ A2/ @1\ A0+ A0\ C4+ C1/ B0/ D2\
Trax_921797 Nina vs. Rogue Trooper : @0+ A0+ A3/ B1+ @3\ A2\ B0\ @1\ B0/ D5\ C6/ E4/
Trax_922421 FujiTape vs. BrnIdGirl : @0/ A2+ @1\ B0/ B0/ A1/ B0/ C1\ C2+
Trax_922423 FujiTape vs. BrnIdGirl : @0/ A2+ @1\ B0/ B0/ A2\ A1\ B0/ B0/ @3\ B1\ C0/ A7/ @6\ E7\ C8/ B8/ A8\ C9+
Trax_922426 BrnIdGirl vs. FujiTape : @0/ B1\ A2/ B2+ C2/ D2\ D3\ @2/ A3\ C3/
Trax_922427 BrnIdGirl vs. FujiTape : @0+ B1/ A2\ @2/ A3/ D2\ C3/ B4\ D3+ A4/ A5/ E1/ D0\ @5+ D6\ B7/ B8/ E6+ B9/ @8/ @8/ A9/ C10\ H6+
Trax_923090 Aphrodite vs. Adam : @0/ B1\ B2+ A0/ C2+ B4/ A4/ D2/ @2+ @2/ D5\ E4/ A5/ C6/
Trax_923091 Aphrodite vs. Adam : @0/ B1\ A2+ A3\ B3\ B4\ C4\ D1/ B0\ C0+ D2/ D1/ @4\ F4+
Trax_923498 EddiE vs. STrek : @0/ A2\ B2\ B3+ C3/ B4+ B1+ D1+ B0\ @4+ D1+ A1\ A0\ @3/
Trax_923936 bubbly vs. Adam : @0+ @1+ A2/ C1+ @2\ B3\ C3\ D3+ C4/ A3+ @3/ A4/ C0\ B2\ D6\ E6\ F5/ A1\ @1\ E1/ E0/ G3/ H4/ C1/
Trax_923974 Marko vs. bluewolf : @0/ B1\ B2\ C2\ B3/ A2+ @2/ A3/ @3/ F1/ A4\ F0\
Trax_924596 Vacant 12565 vs. Rogue Trooper : @0/ A0/ A3\ B3/
Trax_924784 Hoosierenvy vs. Rogue Trooper : @0/ @1/ B0/ B0\ C2/ C4+ B5+ D3+
Trax_925381 FujiTape vs. Gone with the Wind 10797 : @0/ B1\ A2/ B2+ C1/ C0/ @2\ B1/ C0\ D1/ D0\
Trax_926243 Gone with the Wind 10797 vs. klaashaas : @0+ B1+ A2\ A0\ A0+ @3+ A4+ C1+ C0/ D4+ D5+ D6+ E5/ F4\ D7/ A6/ @6/ A7/ A8+ @6+ A4+ H3/ I3/ F2/
Trax_926371 Gone with the Wind 10797 vs. Megababe : @0+ B1\ @1+ @1/ B0\ B3+ D3\ C1/ C0/ A5+ D5\ E2+ B6+ @4+ F0+ @6\ H4+ A7/ H2+
Trax_926802 The Mad Hatter vs. Rogue Trooper : @0+ A0+ A0+ A0/ B1/ C1/ B3+ A0\ @2/ C0+ C6+ D6+ E2\ D7/ F3/ F7\ D8/ G7/
Trax_926865 Aphrodite vs. Rogue Trooper : @0/ @1/ B0+ @2\ B3+ D3/ A3/ @3/ C4+ D4+ C5+ D0\ B1+ A6/ @4/ C7+ A3\ @5\ B2\ F0\ C1+ G3/
Trax_927587 Whistler Gandalf vs. Lorraine of the Renegades : @0/ B1\ A2/ A0+ B3\ B4\ @1+ A0\ @4/ A5/ B5+ E4+ E2+ F4+ @5+ F1/ G1/ F6\ G6\ C6+ C7/ D6+
Trax_927611 Lorraine of the Renegades vs. Whistler Gandalf : @0/ A2\ B2\ B3/ B1/ C2\ B4+ C1/ D1/ C0+ C0+ A1\ @1\ C7\ F2/ E1+ G2/ E5+ A4/ A5/ F1+ F0/ F4+ C1+ E0\ C1+ C0/ E1+ A9\ H5+ A6+
Trax_927953 ROCKY MIA vs. doc harley : @0/ B1\ A2/ B2\ B3/
Trax_928042 klaashaas vs. Lorraine of the Renegades : @0/ B1/ B0/ @1\ A0\ D2+ @2+ @2\ @2\ B0\ A4/ A5+ @3/
Trax_928047 klaashaas vs. Whistler Gandalf : @0/ @1\ A0/
Trax_928268 drgnrdr vs. Vacant 1884 : @0/ B1+ @1\ B0/ A1+ C3+ A0\ D3\
Trax_928326 drgnrdr vs. immitzi : @0/ @1/ A2+ @2\ B0+ @2+ C4/ A4+ @2\ F2/ E0+ F5\ F6\ G5/
Trax_928421 Lorraine of the Renegades vs. klaashaas : @0/ B1/ @1\ A0\ A0\ B2+ A0+ C1\ D3\ E2\ D1+ B0\ @2/ @3\ B1+ H3+ I2\ I1+ F0+ A7/ @6\ E0+ C2+ F0\ D2\ G1/ H1/ F0/
Trax_928719 Whistler Gandalf vs. klaashaas : @0+ @1+ B2/ A0\ B1+ @2+ A3+ @2+ A3+ B4/ B0+ B6/ @4\ E6\ E1\ D7\
Trax_928912 Honeybear vs. Mististar : @0/ A2\ B2\ B1+ A0\ @2/ D3/ D2/ E2/ D1/ B0\ C5\ D1/ C0/ E3+
Trax_928997 drgnrdr vs. gorrick the goblin : @0/ B1+ @1\ B0/ A1+ B0\ B0/ C1/ D2/ C0\ D5\ C6+
Trax_929052 Allison vs. Misfit Lenrad6672 : @0+ @1/ B0+ C2\ B0+ B4+
Trax_929104 Aphrodite vs. drgnrdr : @0/ A2\ B1+ B2+ C1/ C2+ B3+ C0+ C4\ D3/ D1/ E1/ D0\ C1+ E0/ E0\ F3/
Trax_929146 REBEL DJ vs. drgnrdr : @0/ A2\ B2\ B1+ C1+ D1\ B0/
Trax_929173 Megababe vs. MountainMist : @0/ B1+ C1/ A2/ B3/ @2/ D3\ E2+ C4\
Trax_929328 Aphrodite vs. Rogue Trooper : @0/ @1/ B0/ @2\ B3+ A3+ B4\ D1/ B0\ A1\ E4+ @1\ D0+ F1\ D0+ F8\
Trax_929329 Aphrodite vs. Rogue Trooper : @0/ A0/ @2/ @2\ B0\ A2+ C0+ @4\ B5\ B6\ E4+ E7+ B2\ F6+
Trax_929373 Megababe vs. Dawn : @0/ B1+ C1/ C0/ B0/ A2+ C1+ C0/ B1+ @2+ B0/ A5/ B6+ E4+ D6+ F4\ B7/ D7/ E7+ @3\ D0/ G4+ A8/ H4+
Trax_929400 * Sassy_Angel * vs. Tessa : @0/ A2\ B1/ @2\ B0+ D1\ B0+ B0/ B6+ @5\ D5+ @6/ A7/ A3\ A2\ @5\
Trax_929402 * Sassy_Angel * vs. Trist : @0/ B1\ A2/ B0\ C2+ D2/ E2/ B0\ B4\ A5/ @4/ C5\ D6/ D7/ @4\ C6/ D0\ A3\ A2\ B6/ @2+ @3/ A4+ @6\ D7\ E8\ B2+ A2+ I5+
Trax_929882 Nina vs. Adam : @0/ B1\ B2\ A0/ A3/ B4\ B5\ A0\ @1\ B5+ C7\ D5/ D4/ E6\ A7/ A8/ A2/ @2/ G5\ D8+ C9\ H4+ G3/ H3/ B5\ A7+ H6\ I5/ G7/
Trax_930016 toadisgimpy vs. Adam : @0/ B1+ B0+ C2\ A3/ A1+ B0+ B5+ D4/ C6/ C2+ E3+ B0/ C2/ E5+ C8/ A2\ @2\ A6+ A7+ @7/ C8/ C9+ G1+ D0+ H3+
Trax_930056 Adam vs. Jump This : @0+ @1+ A0/ A3/ @1/ @2/ C4/ C0/ E1/ E0/ A3+ A1+ E0/ B0\ A1\ E6+ F6\ G4+ F1+ A0\ @1\ F8+ D0+ F10\ G11/ H9\ I8/ G0+ H1/ I4+ D12/ F13\ B10+
Trax_930108 FujiTape vs. Vacant 25583 : @0/ A2\ B1/ A0/ B3\ C3\ D3\ C2+ E3\ E4\ F4\ C1\ E5+
Trax_930217 immitzi vs. Adam : @0/ A2\ B1/ A0/ C2\ C3\ C4+ D3/ C1\ D1+ B5\ A4+ D4+ E2/ @2/ E0/ @2\ C1+ D0\ A5+ @4+ B7/ A6/
Trax_930315 MsDot vs. drgnrdr : @0/ A2\ B2\ B1+ C1+ C0+ C0\ B2\ @4/ B5+ C6\ D5+ E5\ D6\ D7\ A3\ @4/ B2\ F7/
Trax_930402 Tessa vs. drgnrdr : @0/ @1\ A2+ B0+ A1\ C1/ D1\ B0+
Trax_930619 toadisgimpy vs. Vacant 1884 : @0/ A2+ A3+ @2\ C2\ D3/ B4/ C4+ E2\ B0/ A0\ @1\ C7/ B6/ A5/ E7+ B7+ C8/
Trax_930638 paganje vs. irishmiss : @0/ B1\ A2/ @2+ C0/ D1/ B1+ C0/ C4\ C5+ B5+ C6\ A5+ @4/ E4/ A3+ @2/ B1\ D0/ F2+ E1+ G2\ H2\ G1/ H5\ G6\ I5/
Trax_930735 the big vs. drgnrdr : @0+ @1\ A2/ @1+ C0/ A3+ @3\
Trax_930757 buttercups vs. drgnrdr : @0+ B1/ B2\ C1/ A0\ D2\ D3\ D1+ @1/ A2/ @2+ A3\ C4/ B0/
Trax_930778 drgnrdr vs. Vacant 1884 : @0/ A2\ B1+ B2+ C1+ @2\ C3/ A0\ @2+ D1/ B0+ B0/ A6/ A7/ A3\ @3\ A1\ B0\ @2+ G3/ H4+ F8\ G8+ A5+ @3+ G9\ B1\ A1\ @2/ D0/ H2\ G9+ F10+ G2+ E0/ G2+ H2/ G1+
Trax_930779 drgnrdr vs. Adam : @0/ B1+ A0\ @1\ C1+ D2/ E2\ D3/ E1+ B0+ C5+ E1/ A3/ @2/
Trax_930837 (vikki) vs. Adam : @0+ @1+ B2/ A0\ B1+ @2+ @2/ A3/ B4/ E2+ E1+ F2+ E0\ G3+ F2+ @4+
Trax_930942 Aphrodite vs. Jump This : @0+ B1+ B0/ C2\ C3+ D3\ D2+ E3\ F3+ E1+ B0/ C0+ G5/ F6+ C0+ E1/ F2+ D0+ B3+ F1/ G2\
Trax_930987 doc harley vs. ROCKY MIA : @0/ B1\ A2/ B2+ C2\ D2/ D1/ B3/ B0/ C1/ E3\ E4+ D5\
Trax_930998 princesarg vs. * Sassy_Angel * : @0+ @1/ @1\ A0\ C1\ B0\
Trax_931328 Trist vs. * Sassy_Angel * : @0+ @1+ B0\ A3/ C1\ B0\ @2\ C4\ B5/ A3+ C5\ A6\ A7\ @3\ D6\ A2+ A6/ A1/
Trax_931414 Tessa vs. * Sassy_Angel * : @0/ A2\ B1/ C1/ C2/ B0/ D2\ C1+ B4+ B0/ B0\ B7\ D5\ C6+ D6\ C8/ A7/ @7/ A4+ @4\ B1\ B0/ C1/ C0/ D1/ E3+ G6/ F5+ H7+ D0\ H6/ F5+ I6\
Trax_931629 Misery Midnight vs. gorrick the goblin : @0/ B1+ A0\ @2/ A3/ D2\ @3\ C4+
Trax_931660 Nan54 vs. DINGEROO : @0/ B1\ A2/ B2+ C2\ C3\ B4\ B5\ D3\ D4\ C5\ @3\ E5+ E6/
Trax_931982 drgnrdr vs. REBEL DJ : @0/ B1+ A0\ @1\ C1+ D1/ C0/ D1+ C0+ D1+ C0\ A5/ @5/ A3+ E1/ E0+ D1+ D0\ C1/ F2+ F3+ F1\ E0/ @6\ H4\ B2/ C9/ E10\ F9+ F10+ G9/ I7\ B9+ A7+ F0\ E1\ D2+ F0/ G1/ H4+ @8\ J4+
Trax_932059 Cachel vs. spitfire : @0+ B1\ A2/ A3+ @1+ A0\ D3+ B5\ A4+ B1/ C0\ D3/ E4+ E5\ @3/ F6\ E7/ A6/ B7+
Trax_932075 three horses vs. drgnrdr : @0/ A2\ B1/ B2+ B3\ C1/ D2\ D3\ D4\ E4/ E2+ C0\ B1+ D1+ D0/ E0\ F2/ G3/ @4+ H2+
Trax_932082 Nanett MIA vs. spitfire : @0/ A2\ B1/ B0+ C1+ B0\ @3+ @3/ A2+ @3/ @3+ A4\ D5\
Trax_932195 DINGEROO vs. Honeybear : @0/ B1\ A2/ @2/ A0+ A0\ @3+
Trax_932213 drgnrdr vs. Vacant 1884 : @0/ B1+ A0\ @2/ A1+ C3+ D3\ B4\ D5\ E5\ B5/ C6\ @4/ A5+ A6\
Trax_932300 pk66 vs. Rogue Trooper : @0/ A0/ @2\ @2+ B1\ B0/
Trax_932347 Vacant 1884 vs. Rogue Trooper : @0/ A0/ A0/ A0/ @2+ @2\ A3+ @1/ C0+ @1\ B0+ A5/ @4\
Trax_932391 SunnyD vs. spitfire : @0+ @1/ @1\ B0/ C3\ D2\ E2/ E1/ C0\ A2+ F2/ D4\ D0+
Trax_932412 pepperbeach vs. Misery Midnight : @0+ @1\ A2/ @1\ A0/ B1/ B0\ C2+ D3\ B0/ C1/ C0/ C0+ D4/ D3/ D2+ E2/ E1/ E6/ E3+ F1/ F0/ C8+
Trax_932497 Eriisa MIA vs. spitfire : @0/ B1\ A2/ @2/ C2\ A0\ C4/
Trax_932766 Adam vs. Aphrodite : @0/ A2+ B2\ C2+ B0+ A4/ D3/ D4/ A5/ @2/ F3/ E0+ C7\ E6+ G4+ F7/ D8/
Trax_932767 Adam vs. Aphrodite : @0/ B1/ B2\ C1+ C0\ A4\ D2\ D3\ D4\ @1\ C0/ A5/ @3/
Trax_932840 Aphrodite vs. Adam : @0/ A2\ B1+ A0/ A4+ B3+ C1\ D2/ C3+ C4\ @3\ B5/ @5+ A2+ @3+ B0\ A1\ @2\ G1/ F0/ @3\ A2\ C1/ E1+ C0+
Trax_932841 Aphrodite vs. Adam : @0/ B1\ B2+ B3/ A3/ C3/ B4+ D3+ B5+ @3/ B5+ B6/ @3/ @5+ A7+ A1+ @3/
Trax_932851 Eriisa MIA vs. STrek : @0/ B1+ A0/ A3/ A4/ @1+ @4+ @3+ B1+ @3+ G2/ G0+ @4\ A3\
Trax_932860 Phil The Hat vs. Keizer Soze : @0/ @1/ A2+ A3\ C1+ C0/ B1+ D1/ C0+
Trax_932894 FixitDave vs. spitfire : @0+ @1\ A0+ C2/ A0\ @1\ D1/ C0/ E2\
Trax_932898 FixitDave vs. STrek : @0+ @1+ B0\ B3\ A3+ @2+ D3\ E3+ C4+
Trax_932922 Nanett MIA vs. STrek : @0/ A2/ @1/ A2/ @2/ B3+ B4/ @3+ A2+ @3+ F2+ @3+ H3\ H4+ I4/ H2+ G4/ I5/ D0\ G7+ F6/ G8\ H9/ I2+ I1+ C6/ B6/ E7+ H1\ G0+ @5/ A6/ K6/ I1+
Trax_932969 drgnrdr vs. Tessa : @0/ A0/ @2+ B3\ C3\ A3+ C2/ D2/ D3+ B4\ @4/ B5\ A1\ B0/ F3+ F2/ E2+ A3/ D1+ @2/
Trax_933042 SunnyD vs. STrek : @0+ @1+ B0\ A3/ B3+ C2+ B4/ D2+ A4+ @2+ @2/ A4+ @4/ A5/ H2\ H3\
Trax_933152 Morticia vs. lexy : @0+ @1/ @1\ B0/ A1+ @2/ B3+ A3+ B4\ C0\ C4+ B1+ A1\ @3/ B5+ F3/ F1/ E0/ G2\
Trax_933468 Cachel vs. STrek : @0+ @1+ @1/ A2/ B0+ D2+ E2/ E1/ F2+ F3\ G2+ E0/ G2+ G0+ H1\ H2\
Trax_933617 Absentee 13409 vs. Rogue Trooper : @0/ @1/ B0+ @1/ C0+ C0+ C0+ A3\ C0+ @4/
Trax_933724 drgnrdr vs. ScoobyRex02 : @0/ B1\ B2\ C2+ A2/ A3/ B3+ C3+ A0\ @3+ A1+ E4+ C5/ F4+ C1+ C0/ B0\ A1\ E3\ E1/ F1\
Trax_933756 CoolStream vs. spitfire : @0/ B1\ A2/ @2/ C0\ D1/ D0/ E3\ E4\ @3/ A4+ D4+ G3+ H3\ G5\ E5+ C5\
Trax_933760 CoolStream vs. STrek : @0/ B1+ @1\ B0/ A1+ @1+ B0+ C4/ C5+ E3+ B0+ D7/ E7+ F7\ E8/ B0/ C1/ D1+ D9/
Trax_933888 * Sassy_Angel * vs. princesarg : @0/ B1\ A2/ B2+ A3\ A4/ @2/ A0\ @1\ A2/ @2\
Trax_934104 bigdan409 OTWP vs. spitfire : @0+ B1\ @1\ A0+ B3\ A3+ @2/ C4/ B4/ A4/ D3\ @4/ A5/ @5/ A6/ @6\ D1\ C1\ D0+ A5/ D0+
Trax_934110 bigdan409 OTWP vs. STrek : @0/ A2/ A3\ B2+ B3+ C2/ B0+ @2+ B1\ C5+ A1+ @2/ B4+ B0+ D7\ E7\ F5\ E8+
Trax_934124 * Sassy_Angel * vs. drgnrdr : @0/ A2\ B1/ B2+ C1\ A3/ @3\
Trax_934132 * Sassy_Angel * vs. Vacant 1884 : @0/ A2\ B1/ @2\ C2\ D1/ E1/ @1/ C0+ C0\ B5/ G2\ @4\ D0\ @4/ G5\ I5\ G7/ F1/ J4/ J7+ G2+ I1+ H8/ K8\ E7+ K5+
Trax_934135 * Sassy_Angel * vs. ScoobyRex02 : @0/ A2\ B2\ @1/ C1/ D1/ E1/ A3/ @1/ C4+ B5\ C0+ A5/ @3\ D0/ C1\ F5/
Trax_934148 * Sassy_Angel * vs. MsDot : @0/ A2\ B1/ B0+ @3\ @3/ A4/ C0\ @4+ C1+ B3\ B1/
Trax_934160 * Sassy_Angel * vs. Tessa : @0/ A0/ B1\ A3\ B3\ C3/ B4/ @1\ C0\ B0/ B6+ B7\ D6+ C8/ D3\ E3/ E4+ E8\ F5+ E9/
Trax_934252 Izeul vs. Rogue Trooper : @0+ B1/ B2\ C1/ A0\ @1\ A0\ @1+ C0+ A5/ B6+ @5\
Trax_934254 Izeul vs. drgnrdr : @0+ B1/ B2\ C1/ B0+ C0/ D2\ D1+ B5+ E1\ D4\ E3/ A4+
Trax_934542 the big vs. * Sassy_Angel * : @0+ @1+ B2/ B0/ C1\ A4/ @4/ A2+ @2/ B1/ C0\ E4\ D5+ D6\ B7/ A7/ @3\ A6+
Trax_934704 Adam vs. immitzi : @0+ A2/ @2/ @1+ @2/ A3/ E2/ C0/ A2+ C4+ C5\ F3/ G3/ H5+ E6+ G1+ D0+ E1+ E0/ H3/ I4/ D9\ G1/ G0/ C9+ C3+ B8+ @8\ B9+ A4\ @6+ @6/ K3+ L3/ F2/ G1\ J0/ K11+ J12\ L11\ K13\ G12+ H13/ G14\ F13+ E11+ D12+ G15\ K14+ K16+ G16+ L13+ @7/ D3\ C4/ B4/ @8/ D9+ A9+ A10/ A11+ A7+
Trax_935043 prettywoman vs. * Sassy_Angel * : @0/ A2\ B2\ B3/ B1+ C2\ D1/ C0\ E2\ B0\ A1\ @4\ F2/ E1+
Trax_935048 Aphrodite vs. Jump This : @0/ @1/ @1+ C0+ B0+ A4/ B4+ @3+ A2+ B0\ C6+ D6+ E6\ @4+ E7/ F3+ G4+ E8+ H4\ F2/ H3+ F1/ F0+ A4+
Trax_935125 Izeul vs. * Sassy_Angel * : @0+ @1+ A2\ B0/ A1+ B0\ B0\ C2/ @3/ D5\ C6/ B2+ A6/ @5/ C7/
Trax_935182 Keizer Soze vs. Phil The Hat : @0+ @1+ B2/ A0\ A0+ B1+ B0/ C4+ @2/ @3+ E5\ D6\
Trax_935455 the big vs. drgnrdr : @0/ A2\ B2\ @1/ C1/ D1/ D0\ D0/ E2\ C1/ D4+ A5/ F3/ @4/
Trax_935570 Aphrodite vs. Adam : @0/ B1\ B2+ C2/ B3\ C4/ A2/ D4\ D5\ C0/ D1/ E1/ A6/ @5/
Trax_935715 REBEL DJ vs. drgnrdr : @0+ @1\ @1/ B2\ D1\ A2/ A3/ A0\ @3+ C1+ E4\ D5+ C6\
Trax_936007 princesarg vs. Rogue Trooper : @0+ @1/ B0/ B0\ B0/ A2/
Trax_936119 irishmiss vs. Misfit Lenrad6672 : @0+ @1/ B0+ C2\ C3\ C4+ D3/ D4+ C5+ E4/ D2+ E3+ D1\ E2+ E1/ D0\ C7+ A2+ C8+ C9/ B1+ D0/ B1+ A1/
Trax_936121 drgnrdr vs. Pammie : @0/ B1\ A2/ B2+ C2\ B3/ A0\ @1\ A2+ B4/ B0+ B0/ C1/ D2/ E3+
Trax_936181 Trist vs. drgnrdr : @0/ B1\ A2/ B2+ A0\ @1\ C4+ D2\ E3/ A4\ @2/ D5/
Trax_936223 MIA 5108 vs. Rogue Trooper : @0/ A0/ @2\ C2+ C3/ B3+ A3+ A1+ @3\ E3+ A2+ D4/ B0\ A1\ @2\ F2/ G3/ F1\
Trax_936227 MIA 5108 vs. Rogue Trooper : @0/ A0/ B1\ C1+ @2\ E1+ D0/ E3\ D3/ D4\
Trax_936554 WebbyDebi vs. Pammie : @0+ B1/ B2/ B0\ A1\ C3\ C4\ D2/ @1\ E1\
Trax_936806 Amanda vs. drgnrdr : @0+ @1\ B2+ C1/ A0\ @1\ C0/ @3/ A4+ C0/ @5\ B1\ C5+
Trax_937873 Cachel vs. Goonerg : @0+ @1/ A2+ A0+ @3/ B4+ C1+ C0\ A3+ C5\ D4/ C6+ D6\ E6\ @3\ A1\ @2/ C0/
Trax_938028 Logged Off 11019 vs. Adam : @0+ B1+ A0/ B3\ C3\ D3+ A3+ C4\ C5\ D1/ A0/ E3/
Trax_938035 Logged Off 11019 vs. Adam : @0+ @1+ A0/ A3/ @3/ @3+ D3+ B4/ B1+ @3+ A2+ @3+ B4+ G2+ B5\ H2+
Trax_938037 Logged Off 11019 vs. Adam : @0+ B1+ A2\ B0/ C1/ D1+ C0\ D4\ B1+ C5/
Trax_938091 drgnrdr vs. Rogue Trooper : @0+ @1+ B2\ C2\ B3\ A3\ B0\ D3\ D4\ B5/ C6/ D1/ B6+ B0/
Trax_938124 hayleesam vs. drgnrdr : @0/ B1+ C1/ C0\ B3+ @2/ B1+ @3\ @2+ C4\ C5\ D4+ E5/ F3+ G2+ G4+ H3+ F5+ F6+ H2+ B6/ C7/ A5/
Trax_938195 Sartex vs. Rogue Trooper : @0/ @1/ @1/ A0/ @1/ A2/ A0\ @1\ D1/ C0/
Trax_938320 (**)(**) Bunny Toes vs. drgnrdr : @0+ @1/ B0+ A1+ A0\ @3/ A4/ @2\ @2+ B1+ A1+ A0\ @5/ A6/ A3\ @3\ @1\ B0/ I5/ F7/ D8\ D1\ I6\ J6\ J7+ I8\ D9+ C9\ E9\ F8+ F2/ I9/
Trax_938369 Syl2 vs. Rogue Trooper : @0/ A0/ @1/ @1/ @1/ D0\ @2\ D1+ A1+ C3+
Trax_939183 (**)(**) Bunny Toes vs. * Sassy_Angel * : @0/ B1+ B0/ C2\ A3/ @3/ @2/ C4+
Trax_939188 Aphrodite vs. Rogue Trooper : @0/ @1/ C1+ C0/ B1+ A3+ @2/ D0/ E2\ E4\ D5\
Trax_939612 Jane vs. paganje : @0/ A2\ B2\ A3\ C2/ C1/ A0\ @1\ A0+ E4/ C5\ A5/ @4/ C6/
Trax_939707 klaashaas vs. Rogue Trooper : @0/ @1/ B0+ @1/ D2/ C0/ A1/ B4+ A4/ E4\ D5\
Trax_940035 * Sassy_Angel * vs. Vacant 1884 : @0+ @1\ B0/ C1+ C0/ A4\ A1+ C0/ D4\ D5\ B6/ D3+ @3\ F4\ B1/ F1/ G4+ E0\ C1+ A5+ @5+
Trax_940297 Absentee 13409 vs. Rogue Trooper : @0/ B1+ C1/ @1/ E1/ A2+ D2+ E0+ B1+ F3+ C4/ @3+ F0+ G2+ A2\ @4+
Trax_940324 Nanett MIA vs. Jump This : @0+ @1+ C1/ C0/ A1+ @2+ C3/ D0/ @3\ F2+ G3/ G4+ D5/ B2\ C0\ C0+ B1\ A4\ @4\ G1/ G7+ G0\
Trax_940386 Aphrodite vs. Jump This : @0/ @1/ A2+ C1+ B0+ @3+ C0+ E3+ A2\ B1+ @3+ @2/ D5+ D0/ C2\ @2+ A1\ A0+ @1\ F1/ H2\
Trax_940453 immitzi vs. Jump This : @0/ @1/ B0+ @2+ B0/ B4\ D3/ E2\ C0\ @1\ B0+ E3+ D1+ @3+ RESIGN
Trax_940493 ROCKY MIA vs. doc harley : @0/ @1\ B0\
Trax_941104 Raymond Ryan vs. Jump This : @0+ B1+ A0+ @2+ @2\ A1\ A0+ @2+ @2/ @2/ C4\ B1+ G2/ G0+ @3/ B6+
Trax_941104 Scooter vs. Jump This : @0+ B1+ A0+ @2+ @2\ A1\ A0+ @2+ @2/ @2/ C4\ B1+ G2/ G0+ @3/ B6+
Trax_941549 Absentee 13409 vs. Rogue Trooper : @0/ A2+ B1/ B0\ C2+ B4+ D2+ @2/ A1+ E4\ E5\ D1+ B4+ F3+ D5/ C6\ A0/ @3/ C6+ E0+ A6/ @6/ A4+ @4\ B2+ D1+ D8/ D9/ B1+ B0/ D1+ F0/ G1/ B1/ F0+ A4\
Trax_941657 paganje vs. drgnrdr : @0/ B1\ B2\ A0/ A3/ B4\ C4+ C0+ D2/ E2/ E1/ C0\ E6\ F5/ @3/ D0/ A5+ G3/ E1/ H6\
Trax_941661 SweetCindyJo vs. drgnrdr : @0/ A2\ B1/ B2+ C1\ B0/ D2/ C3\ E2+ D4/ E1/ D0/ F2\ A1\ @1\ C0/
Trax_941705 Jump This vs. Rogue Trooper : @0/ A2+ A3/ A4/ B3/ @4/ D1/ D0/ D5\ C6\
Trax_941841 Goonerg vs. Jump This : @0/ @1/ @1/ @1/ C0/ A0+ @3/ D0/ E2+ C0\ B1\ E1/ D0/
Trax_941859 Tactician vs. Jump This : @0/ @1/ B0+ @2+ D1\ C3+ @1/ B0+ B0/ C0\ A1/ @1/ D0\ A0+ @4\ @6+ A7/ D8\ E9/ @7/ RESIGN
Trax_942106 immitzi vs. Jump This : @0+ B1+ A2\ A0\ @1+ @1/ B3+ E2/ A0/ D2/ D1/ B0\ E3+ A0\ @3+ A5+ C7/ G4\ @4+ I4/ I3/ H2/ E1+ D0/ A8/ RESIGN
Trax_942120 doc harley vs. ROCKY MIA : @0/ A2\ B1/ B2+ C1\ C0\ D2/ D1+ C3+ C4\ @3/ B4\ D5\ E3+ C5/ C6/ F2+ F1+ F0/ E1+ G3+ G1/ H3+ H4/
Trax_942822 Aphrodite vs. Jump This : @0/ @1/ A2/ C1/ B0/ @2+ @3\ B0\ A1\ @3/ D5/ F6+ G4/ A6+ B7+ @5+
Trax_942968 Megababe vs. Misfit Lenrad6672 : @0/ B1\ A2+ B2+ A3/ B3+ C3\ C4\ D4\ B5/ C6+ C2/ E5\ D2+ E2/ C0/ F6/
Trax_943740 Sweet Pussycat vs. Misery Midnight : @0/ B1\ A2/ @2/ C2\ B3/ B4/ A3+ D2/ A0\ @2+ @2\ A1\ B0\ B0\ @3\ B1/
Trax_943810 Misery Midnight vs. Sweet Pussycat : @0+ @1\ C1/ A0/ C1\
Trax_943813 Sir Pussycat vs. nylady41 : @0+ B1\ A0/ B0/ C1/ A4/ A1\ @1/
Trax_943839 Misery Midnight vs. Sweet Pussycat : @0/ B1\ B2\ A2/ A3\
Trax_943990 Sweet Pussycat vs. Misery Midnight : @0+ @1\ @1/ A2/ C2+ A0\ @1\ E2/ E1/ C0/ A3/ F2/ @3\
Trax_944699 SweetCindyJo vs. Ace1316 : @0/ A2\ B1/ B0+ C1+ B0+ B0/ C1/ C4\ B5+ D4\ B6/ E3/ C5\ B7/ @6+ @6\ G2/ C8\ F6\ A4/ G6/ @5+
Trax_945074 Honeybear vs. GornTC : @0/ B1\ A2/ B0+ A4\ B3+ C2/ D2\ D3\ D4\ C5\ E4+ D5+ D6\ E6\ F4/ B0/ C2/ @3\ A2\ @4/ A5/ B6/ B7/ A7/ @6/ F7/ F8/ A8/ C9+ J4+ @7+ K5+ J1+ @7\ B5+ A3\ K8/ M4\ H9\
Trax_945371 streep vs. Rogue Trooper : @0+ A0+ A3+ B2\ @2\ D3/ B4+ A0/ @2\ C6+ A1+ E5\ F4\
Trax_945554 drgnrdr vs. Kevin : @0+ B1+ B2\ C2\ A2+ B3/ B4/ B0/ D1\ C0\ D6\ D7+ D4/ E6\ C7/ E1/ E0/ F3\ E4+ F5+
Trax_945685 Misery Midnight vs. Sweet Pussycat : @0/ A2\ B1/ B0+ A4/ @4/ A2/ @4\
Trax_945906 Lorraine of the Renegades vs. Adam : @0/ A2\ B2\ @1/ C1/ D1/ D0+ C0/ C5+ D5\ E5\ F5+ E6/ F2/ G2/ C6+ D0\ F7+ F8\ @3+ D0/ D9+
Trax_945983 ScoobyRex02 vs. drgnrdr : @0/ B1+ @1\ A0\ B3\ C3+ D2/ @2/ A3/ C4\ @2+ B0/ A0/ C1\ D3/ E2\ @3/ E1/ E0/ E8\ G6+ G7+ H7\ H6+ H3+
Trax_945984 ScoobyRex02 vs. * Sassy_Angel * : @0/ B1+ A2/ C1\ D1/ C0\ @2\ A1\ C0/ C0/ @3\ D0/ F2/ G3/ F1+ G2+ F0\ D1\ C1+ @4/
Trax_946072 Misery Midnight vs. Sweet Pussycat : @0/ A2\ B1/ B0\ B3\ C3\ A4/ @4/ D1\ E2\
Trax_946128 Knight Rider vs. SarahMills : @0/ A2\ B1\
Trax_946152 Sir Pussycat vs. Kevin : @0+ B1+ A2\ B0/ B0/ @3+ @3\ B2+ D0/ E3+
Trax_946665 Keizer Soze vs. Phil The Hat : @0+ B1+ B2/ A0\ B1+ C3\ B4+ B5\ C4\ C5+ D4/ @3/ B4+ A4+ B5+ A5+ A6/ C0+ D1/ D3+ C0\ A4+ D8/ A1\ A9\
Trax_946667 Phil The Hat vs. Sarah : @0/ B1\ B2\ C2\ A2/ B3\ A3+ D1/ B0+ @4/ B5\ B6\ C6\ F3\ D5+
Trax_946747 Megababe vs. rockdude : @0/ B1\ A2+ B2+ A3/ @3+ @2/ B1+ B4/ A0\ @1+ @1/ A2/ B5/ @4+ C6\
Trax_946959 Kran vs. drgnrdr : @0/ A0+ @2\ @2/ C3/ C4/ C0\ B1\ @1\ B0/ E1/ E0/ E4\ F3/ @4\ D1+ E0\ C7/ F9\ G8/ G2\ H2\ G1/ G0/ H2/ I4/ J4/ @6\ A5\ A4\ C3\ I1+ I0/ J6/ D3\ D2\ E1/ H1+ C1\ F0+
Trax_947096 hANDYman the Rebel vs. MountainMist : @0+ B1+ B2\ A2/ B3\ C3+ A0\ @3/ E4\ F4+ A4/ B5/ G4/ G3/ B0\ A6+ E3/ D2\ @5\ A4\ A3+ @4/ H3/ H2\ E1+ E0/ F2/ G7/ C1+ A4\ @4\ D0\ @4/ C7+ D0/ B0\ K6/ K5/ L7\
Trax_947478 firefly vs. MASHER : @0+ @1+ B2/ B0/ C1+ D1\ C3+ @3/ B4\ F2+ G3/ G4+ C5+ H3/ I3/ C6\ F5\ G1/ D0/ I6\ H2/ H7/
Trax_947498 firefly vs. MountainMist : @0+ B1+ B2/ A0\ @1+ C1+ @1+ B0/ E3\ F3\ D0+ E3/ F2+ D0+ G3+ D0+ @5+
Trax_947500 firefly vs. MountainMist : @0/ A2\ B1/ @1/ C2\ D2\ C0+ B0/ D2+ E4/ E3/ F3/ C5+
Trax_947501 MountainMist vs. firefly : @0+ @1/ A2/ B3/ C1+ @2+ E1+ @2+ G1+ @2+
Trax_947572 Kevin vs. Goonerg : @0/ A2/ @2\ A3\ C2+ B0/ B0/ D1\ B0/ C0\ E1+ D0/ E5\ A6+ @6\
Trax_947605 MsDot vs. drgnrdr : @0+ B1\ C1\ @1/ A2/ @2/ C3\ D3\ D4\ E4\ F3\ D5+
Trax_948118 chuckwagon vs. Rogue Trooper : @0/ A0/ B2\ B3/
Trax_948258 immitzi vs. Jump This : @0+ B1+ A2\ A0\ @2/ A4\ @2+ B0+ D2+ A0\ @3/ D2/ D1/ D0+ E3+
Trax_948729 firefly vs. Tessa : @0/ A0/ @1\ B0\
Trax_948796 Geri39 vs. paganje : @0/ A2\ B2\ B3\ C2/ C1/ @1\ A0\ E4\ E5\ D5+ A4/ @3/ B5\
Trax_948907 firefly vs. gorrick the goblin : @0/ B1\ A2/ A0/ C2+ @2+ E2+ @2/ A4+ A5/ @4/ A5+ @3+ A2\ C1+ B6\ D6/ A5+ E5\ F4\ D7/ G3+ F0/ @4+ A5/ F9+ G6\ I5\ C8+ J3\ B8\ F10/ A7\ D10/ I6\
Trax_949100 Shosie vs. JenJen : @0+ @1/ B2/ B0/ B4/ C3/ A4/ C0/ D1/ D4\ B6/ A6/ @6/ A7/ @5\ B2\ A4\ A2/
Trax_949106 Raymond Ryan vs. Jump This : @0/ @1/ B0+ @2+ A3+ B0/ D2+ @3+ @3/ B2+ A4\ C5/ D4+ E5/ D6\ F3+ G3\ @4\ D6+ A2\ @2\ E0+
Trax_949106 Scooter vs. Jump This : @0/ @1/ B0+ @2+ A3+ B0/ D2+ @3+ @3/ B2+ A4\ C5/ D4+ E5/ D6\ F3+ G3\ @4\ D6+ A2\ @2\ E0+
Trax_949768 Shosie vs. JenJen : @0/ A2+ A0\ @1\ @1\ C4\ D4\ D5\ E2/ E1/ E0/ F4+
Trax_950120 MsLady vs. Rogue Trooper : @0/ @1/ A2/ C1\ C2\ B3+ D2/ A4\ C3\ @4/ A5/ A1\ @1/ C0\
Trax_950244 Logged Off 6467 vs. paganje : @0/ B1\ A2/ @1/ D1/ D0/ C3\ B4/ D4\ C5+
Trax_950246 Logged Off 6467 vs. paganje : @0/ B1\ A2/ A3/ @1\ A0\ D2/ D1/ B5/ B1/ A0\ D1\
Trax_950377 ScoobyRex02 vs. drgnrdr : @0/ B1\ B2\ A0/ A3/ A4/ @1\ A0/
Trax_950380 firefly vs. busymom : @0/ B1\ A2/ @2\ B0/ @3\ D3\ D4\ B2+ C0/ E4\ E5\ F2+ G4\ E6+ C5/ G1+ F0/ G1+ H2+ H4+ F0+ G1/
Trax_950397 Aphrodite vs. drgnrdr : @0/ @1+ @1\ C0/ C0+ D2\ C0/ D4\ B5\ B1+ @3/ E2/ F2/ E1+ A5/ B6/ @5\
Trax_950624 firefly vs. Aphrodite : @0/ A2+ @1\ A0\ @1/ C1+ C0\ A1\ @1\ E3/ B0+ B4+ B5/ F4/ A5/ @1/ B6+ G2/ G1\ F1\
Trax_950956 Megababe vs. Second Coming : @0/ A2\ B2\ B1+ B0/ C3\ B0/ C5+ D3+ D0/ E2\ C0\ B1\ A3/ B8\ @2+ D0+ F2+ A1\ C0/ @3\
Trax_951000 heidibb vs. Vacant 1884 : @0/ A2+ B1\ B2+ B3/
Trax_951696 heidibb vs. Vacant 1884 : @0/ A2+ @1\ B0/ C3+ C4\ D2\ D5/ A1+ D6\ A0\ B6\ D1/ E6/ B7/ @2/ E8/
Trax_952066 immitzi vs. Rogue Trooper : @0/ @1/ B0/ A0+ @1\ @1+ C0/ A5/ @3\ E5\ F2\ D6/
Trax_952108 immitzi vs. Rogue Trooper : @0+ B1/ C1+ D1+ A2\ B3+ A0\ A0+ C1+ E3/ D1+ E4\ F3\
Trax_952315 ROCKY MIA vs. doc harley : @0+ @1\ A2/ @2/ A1+ C2\ B3+ C3+ B4/ @2\ E2\ A1+ B0/ D0/ D0+ E3/
Trax_952420 buttercups vs. drgnrdr : @0/ A2\ B1/ B2+ C1\ B0/ D2/ C3\ C0/ D2+ E2/ E1/ B5\ A1\ C0/ @3\
Trax_952662 buttercups vs. * Sassy_Angel * : @0/ B1\ B2\ A0/ B4+ C4/ A4/ A5/ @5/ @4/ B6\ C6\ A6/ B7\ F3\ E5\ E6\ C7\ D8/ F6+ G5\ G4+ A8/ B9\ H5/ G3+ @7+ @7/ G9\ H7+ J1/ I0\ K3\ K4\ F11/ F1+ I8\ F0+ J9/
Trax_952699 Aphrodite vs. Rogue Trooper : @0/ @1/ B0+ @2+ B3+ C4/ A3/ B0/ D2\ E4+ E6+ C7\ F4/ G3\ F5+ G6+ G2+ E1\
Trax_952740 Keizer Soze vs. Phil The Hat : @0/ A2+ @2\ C2+ C3\ A0\ @1\ E2\ A2/ @2/ C0/ C5+ D1+ F2+ G2/ F1/ E0/ H3/ H2/ H1/ H0+ I3+ B2\ C8+
Trax_952789 immitzi vs. Jump This : @0/ @1/ A2/ B3/ @2+ B0/ @2+ A0/ @3\ C1/ D1+ B0+ F5+ E7/ D6/ C7\ E3/ B7/ B8/ A7+ D8/
Trax_953563 heidibb vs. Shosie : @0+ @1\ A2/ @2/ B3/ A1\ C3\ @2\
Trax_953566 heidibb vs. Pammie : @0/ A2\ @1\ C1\
Trax_953567 paganje vs. Vacant 1884 : @0/ A2+ A0\ @2/ B4/ B5/ A1+ C3/ C4+ B0/ C3/ D4+ C1/ D1/ E2/ F3/ B0\ A1\ C8\ D8\ E7\ C9+ G7\ F8+ H5+ G3/ I7\ F2+
Trax_953736 Stinger vs. Rogue Trooper : @0+ A0+ A3+ B1\ @1\ B0/ D1+ B0/ C0+ C0/ E1+ E0+
Trax_953816 Chad vs. Vacant 1884 : @0/ B1+ C1/ B2\ D1/ A0/ D4\ E3+ A4/ C5\ @3/
Trax_954118 FujiTape vs. Taylor : @0/ B1\ A2/ @2+ C2\ B3/ B4/ C3\ D2+ A0\ @2/ A5\ D1+ D0/ @3\ B1+ D7\ F6+ G5/ B7/ C8/ A7\
Trax_954119 Taylor vs. FujiTape : @0/ B1\ A2+ B2+ A3+ A4\ B4\ B5\ @4+ D4+
Trax_954384 Bayou-Queen vs. Jump This : @0/ @1/ A2\ C1\ C0+ C3/
Trax_954715 Whistler Gandalf vs. Lorraine of the Renegades : @0+ B1+ B2+ B0/ C1\ B0\ A1\ A4+ C4+ C5\ @1\ A4+ E5\ F5+ A0/ E3/ E2/ E1/ B6+ F7/ B7+ B8/ A8/
Trax_954761 Aphrodite vs. Adam : @0/ A2\ B2\ C2\ C1\ A3+ B4+ A0/ D5\ B6\ D2/ C1/
Trax_954762 Aphrodite vs. Adam : @0/ A0/ @2/ B0+ @3/ C0+ B1\ B0\ A1+ @2\ C0\ A6+ B7/
Trax_955216 Adam vs. DragonHeart MIA : @0+ @1/ A0\ @2/ C1+ D1/ D0/ E1/ C0\ D0\ D5+ C1+ B1\ A4\ @3/ F0/ G1/ C1+ E0/ C1+ B2\ C0/
Trax_955217 Adam vs. DragonHeart MIA : @0+ B1\ A0+ @2/ A3/ B4/ C5+ @3/ B4/ D6/ E4+
Trax_955218 Adam vs. DragonHeart MIA : @0+ B1/ B0+ B0\ @3/ A4+ A1\ A0\ @4\
Trax_955592 Geri39 vs. Chad : @0/ A0/ A0/ A0/ A5/ B3+ B6/ @4+
Trax_955615 immitzi vs. Chad : @0+ A0/ A3+ A4/ @4/ @3+ A2+ @3/ C5+ @3\ B2+ E0/ F3\ D7\ F6+ G4+ G6\ H5\ G2+ D0\ F1+
Trax_955766 immitzi vs. Jump This : @0+ B1+ B0\ A3/ @3+ @3\ B1+ B4+ C0/ E2+ D0\ A2+ F3\ F2+ E4+ E5\ E6\ A0\ @2/ D8+ @5+ A6/
Trax_956206 Tolp vs. heidibb : @0/ B1\ B2\ C2\ D1\ D2+ B0\ D4/ A3/ B5/ A5/ A6/ @3+ @3\ D0/ B6+
Trax_956355 SarahMills vs. Jump This : @0/ @1/ B2/ C2/ A0/ @1/ C1+ A2+ @1/ @1/ A3\ B0\ @2/ D4\ D5/ G2/ D0/ B1+ A6\ D7/ E1+ G2+ C0\ @6+ @5/ @5/ @6\ G8+ G9\ I9+ J9\ F1+
Trax_956723 Aphrodite vs. Adam : @0/ B1\ A2/ @2+ B0+ A0/ A5+ @3+ @2+ @2\ B0\ C0+ F4/ G4/ E2+ F1+ G5+ @4\ C5/ @5+ D6/ D8/ A7+
Trax_956724 Aphrodite vs. Adam : @0/ A2\ B1/ @1/ B0+ B0/ B5+ D2\ @2\ B1\
Trax_956866 Lucille vs. Adam : @0/ A2\ B2\ @1/ C1/ D1/ E1/ @2/ A3/ B0\ A1\ @1\ @2\ A1\ B0\ G4+ @2\ A1\ B0\ J1+ H0\ J6\ A2+ B1\
Trax_957130 drgnrdr vs. heidibb : @0+ B1/ A2+ B0\ B3+ @2\ A1\ @1\ C0/ B0/ D6\ A5/ E5+
Trax_957142 Vacant 1884 vs. drgnrdr : @0/ B1+ B0\ C2\ C3\ A0\ @2+ A1+ @2/ F4\ F5\ G5\ D6+ B0/ D2+ E2\ H6\ E8/ I5+ B5+ B0/ G3\ I9\ I10\ J7\
Trax_957238 Lucille vs. heidibb : @0+ @1\ A2/ @2/ A3/ A1\ @2/ A3/ C0\ @4\ B5/ A3+ A2\ @2\ @2\ C1+
Trax_957570 MIA 5108 vs. heidibb : @0+ @1\ @1/ A2/ @2/ C2\ C3\ E2/ B3+ B4/ @4/ A5/ B5+ C0/ A3\ @3\ A2/ D6\ D7\ D8+ E7/ F5\ E8\ F8\ H2/ H1/ H0/ I1/ G0\ F1\ F0\ E1\ H0+ D4\
Trax_957930 klaashaas vs. rabbitoid : @0/ B1/ B0/ A3/ A4/ @3/ D2+ B5/ A5/ E3/ A6+ @3+ B0+ @1+ C8\ A6/ B7/
Trax_957968 klaashaas vs. SarahMills : @0/ @1/ B0/ A3\ A4\ A0/ @2+ @3\ @3\ @2/ @3\ B4+ A1\ @2/ F0\
Trax_958004 drgnrdr vs. monkeytyper : @0+ B1+ B0/ @2/ C3\ D3\ D0\ A4\ D0/ E1/ C1+ E5\ F2\ C6\ E6\ A6+ C0\ B8/ B2+
Trax_958023 Jacqui vs. drgnrdr : @0+ @1/ A2/ A3+ @1\ A0\ C1+ @2\ A1\ A0\ B0\ @3+ F3\ F5+ F2/ D0+
Trax_958063 rabbitoid vs. klaashaas : @0/ B1/ A0\ @2/ D2/ B3+ B0+ A1\ @2\ @2\ A1\ A0\ F1/ E0\
Trax_958143 Adam vs. MountainMist : @0+ @1/ A2+ C1\ A3/ @3+ D3\ B4/ E3/
Trax_958227 Nan54 vs. irishmiss : @0/ A2\ B2\ B3+ B1/ C1+ C2+ D1/ A0\ @1+ A2+ @1\ E1/ D0\ B4+ D6+ A4+ D7+ D8\ C1+ E8/ E6+ F8\ F9\ C8/ C9/ F6+ @4+ @4+ B2/ B5/ D6\ @5/ A6/ A7/ D8\ J9/ J8/ K8/ I2/ A4+ I5/ J3/ J6+
Trax_958511 Tessa vs. drgnrdr : @0/ @1+ C1/ B2/ A0\ @1\ C0/ C0+ D1/ E1/ B0/ @4/ F5+ A5/ A6/ A7/ @4/ H1\ I5/ F0+
Trax_958516 Cozy vs. Misfit Lenrad6672 : @0/ B1\ A2/ B2+ B3+ C3\ @1\ A0\ @3/ E3/ A4\
Trax_958559 SarahMills vs. klaashaas : @0/ @1/ A0/ B3\ C3\ A0/ C3/ D3/ @3\ C2+ B0/ C0\ B7\ A7\ A4+ @2+ D7+ D8\ B8\ F8\ G7\ E9\
Trax_958986 mcinturff vs. Barbie : @0+ B1+ @1+ @1+ E1+ @1+ G1+ @1+
Trax_959121 klaashaas vs. Buz : @0/ A2+ @1/ B0\ @2/ B4+ B5/ @4/ E2/ D4+ @3/ E5+ A2\ B1/
Trax_959317 Whistler Gandalf vs. Kevin : @0/ A0/ @1/ @1+ A0+ @1\ A2+ A3/ @2\ C0/ C4+ D5/
Trax_959325 Kevin vs. klaashaas : @0/ @1+ B0+ B0/ B0/ @3/ D2+ E2\ D4+ D0\ E2+ D0+ F6\ E7/ D0\ C1\ B5+ B1/ A2\ @3+ E0/ F1/ G4+ B1/ A6+ @6/ A8+
Trax_959475 Care-N vs. paganje : @0/ A2\ B2+ C2/ C1+ C0\
Trax_959741 Kevin vs. mcinturff : @0/ B1+ C1/ A2+ B3/ C3/ C0\ D4/ E3\ D5\ E1/ E0+ F2\
Trax_959996 firefly vs. Jacqui : @0/ B1+ A0\ @2/ A1+ B3\ @2/ E2\ D3\ D4\ E3\ F3\ E4\ C0/ D2+ B1+ @4\ E6\ D7+ C0/ @4/ @3\ A2\ I3/ J4\ H2\
Trax_960045 cheyenne MIA vs. paganje : @0/ B1\ A2/ @1/ C2\ C3\ C4\ A0\ @1\ C0/ D1/ E3\ @2/ A3/ G3+ F5/ G6\ G7\ B4/ B5/ H6+ F7+ H1/ A5+
Trax_960772 ROCKY MIA vs. doc harley : @0/ B1\ A2/ C1\ B2+ C3\ D3+ D2+ E3+ F3/ F2/ G2/ F1\ F0\ E1+ C1/
Trax_961006 heidibb vs. Rogue Trooper : @0+ @1+ @1\ A2\ @2\ C0+ B0\ A2/ A5/ @5/ E2/ E1/ D0/ F3+
Trax_961068 Tigger vs. paganje : @0+ @1/ B0/ C2\ A3/ @3/ B1+ B4+
Trax_961170 Izeul vs. heidibb : @0+ @1/ B2/ C2\ C3\ A2/ B3/ B4/ D2/ D1/ E1/ E0/ F1/ F0/ B1\ C0/ G2/ E1\ E0+ @5+ @6\ B7/ A3/ G0\ F2\ F1+ I1/ I0+ J3/
Trax_961816 Amanda vs. Shosie : @0/ A2\ B2\ C2\ A3/ @3/ C1+ E3\ E4\ @3\ A2\ @2\ A1\ C0\ G2/ @2\ I3\
Trax_961818 Shosie vs. Amanda : @0/ B1\ A2/ @2+ B3\ C2+ D2\ C3\ C4\ D3\ E3\ E4\ D5\ D1+ F4\ E5\ E6\ F6\ G5\ @1\ A0\ A3+ G8\ H8\
Trax_962009 Keizer Soze vs. Phil The Hat : @0/ A2\ B1/ B0+ @2/ @1+ D3\ B0+
Trax_963356 drgnrdr vs. buttercups : @0+ @1\ B0/ C1/ @2/ A3/ B3+ @2\ A1\ A0\ E4\ F3/ E5\ F1\ E0/ C6/ D7\ G4\ F5+ H4/ E7+ E8\ F8\
Trax_964493 Honeybear vs. Mististar : @0/ B1+ A2/ C1+ B0\ C1/ B0\ @4\ B5/ D4+ @4\ B3\ B2\ A3\ @3\ B2\ B1\ A1\ D0\
Trax_965072 Keizer Soze vs. Phil The Hat : @0+ B1/ B2\ C2\ C3/ A0+ @1\ D2+ E2/ F2/ F1/ D0/ A3/ @2\ F1+ G5\ C1/ D0/
Trax_965459 DragonHeart MIA vs. Chad : @0+ A0/ B1\ A3/ B2\ B4/ @3/ D1/ D0/ D5\ D6\ E3\
Trax_965462 Robyn Hode vs. Chad : @0+ A2/ @2\ B0/ A2\ B0/ @3\ D2+
Trax_965509 immitzi vs. Chad : @0+ A0/ B2+ A3/ @3+ D2\ B0/ A5\ D4\ B0/ D1+ E4\ A1+ @4/ B0\ F2/ F1/ F0+ G3+ B1\ A2+
Trax_965510 Chad vs. immitzi : @0/ B1\ A2/ B2+ B3+ C2/ B4\ C4\ D3+ D1/ E3/
Trax_965695 irishmiss vs. Megababe : @0+ B1\ A0/ B3\ C2\ C3\ B4\ @2\ E3\ E4\ C5+ @2\ B4/ A4/ @2\ B5/ C6/ C0+ F7\ C0/ A6+ @5/ G2\ B1\ A1\ C0/
Trax_965696 Megababe vs. irishmiss : @0+ B1+ A2\ A0\ B1+ C2+ D2\ D3\ B4/ @2+ F3\ @2+ F4+ E5\ F6/ B3/ G6\ G7\ H4\
Trax_965697 Megababe vs. irishmiss : @0+ @1+ A2+ @2\ B0/ D2/ B0/ B5/ A1\ B0/ @4\
Trax_965875 RubyJoy vs. mcinturff : @0+ @1\ B2+ C1+ A2/ @1\ A0\ A0\ D2/ @1+ @1/ G3\ B0+ F5+ F6/ C1+ C5/ F2/ H3\ H4\ I4\ H6+ G7\ A5\ F7/ @4\ G8\
Trax_966238 LilSis vs. paganje : @0+ @1/ @1\ B0/ B0+ B0\ B0/ A3+
Trax_966706 immitzi vs. Chad : @0/ A0/ @2+ B0\ C2+ D3/ C4+ B5\ E4+ F4/ C1/ C0/ B7\ C8/ D6+ E7+ G5/ E2+ A5+ @6\ B2\ A4\ @4\ F0\ C2\ B2\ B1\ E0/ A3+ @4\ I4/ C1\ A6/
Trax_966728 Logged Off 2779 vs. Chad : @0/ @1/ A2/ B3/ C2/ C4+ B0\ D4+
Trax_966733 B Line electric streetcar vs. Goonerg : @0/ B1/ B2+ B0+ A0/ @1/ A3+ D2/ B0/ @2+ @3\ G1\ H1+ G3\ G4\ G6\ H5/ E0\ I3+ A2+ J4/ F0/ J7\ B1+ I8/
Trax_966820 Walter vs. Chad : @0/ A0/ @2/ A0+ @1\ @1+ A0\ A5/ @3+ E5\ D6+ F5/
Trax_966844 Misfit Lenrad6672 vs. Chad : @0/ @1/ B0+ A0/ A4/ @4/ D2+ C5+ D4\ E4\ D5\ D6\ E6\ A6/ C7/
Trax_966872 rich1253us vs. Chad : @0/ @1/ A2\ C1\ C2\ D2\ B0/ C4+
Trax_966872 rich1253 vs. Chad : @0/ @1/ A2\ C1\ C2\ D2\ B0/ C4+
Trax_967653 Sir Pussycat vs. Sweet Pussycat : @0/ A2\ B2\ B3+ B1/ C1/ A0\ @1\ A2/ @2\
Trax_967654 gramat vs. Sir Pussycat : @0/ B1/ C1\ B2/ B0/ A3/ C3+ D2+ B4/ B5/ A4+
Trax_969282 Sir Pussycat vs. MountainMist : @0/ A2+ B1/ A3+ C1+ B0/ @3+ B5\ C5\ D4+ C6/ E4+ A4+ @3/ C6/ B6/ B7/ A7/ @4\ H4+ A6/ @5/ E8\ C2/ B8\ D9+ D10/ A8/ A6/
Trax_969755 drgnrdr vs. the big : @0+ @1\ A2/ @2/ A1+ C2\ C3\ B0/ C1/ D1/ D5\ E5\ A4/ B5/ @3+
Trax_969779 Catmane vs. drgnrdr : @0+ @1/ @1/ A0\ @2/ E2\ B3+ E4+ A1\ @1\ C0+ A0\ @2/ D6/ D7/ E7+ D8+ C8+ B8/ G3\ H3+ A9\ @5+ @7/ F9+ A8+ B10\ B2+ C1+ A2+ D10+ @5+
Trax_970210 stormy110 vs. Misfit Lenrad6672 : @0+ @1/ C1/ C0+ B3\ D2\ B4/ C0+ A5+ @5/ D0\ C1\ B2\ A2\ @5/ D0+ A7/ D0+
Trax_970321 ROCKY MIA vs. doc harley : @0+ @1/ A0\ @2/ A3\ B3\ C3\ @2\ B1+ A1+ B0/ B5/ E5/ A4/
Trax_970534 drgnrdr vs. REBEL DJ : @0+ B1+ B2\ @1+ C0/ D3\ D4\ E4\ F4\ @2+ G5/ D5\ F0/ G7/ G1+ @3/ I2+
Trax_970583 Megababe vs. Stinger : @0+ B1+ A2\ A0\ @1+ @1/ B3+ C4\ B5\ A5\ B6\ E3+ E2+ F3+ C5\ E1/ C0\ @2\ A1\ A0\ G4+ H5+ H3\ A4+
Trax_970609 drgnrdr vs. * Sassy_Angel * : @0+ B1/ @1/ A2/ B3/ A3+ C3\ B4/ D2/
Trax_970615 drgnrdr vs. ScoobyRex02 : @0+ @1+ B2\ @1+ C0/ D1/ D0/ E1/ E0/ F1/ @4/ A5/ E6/ @5+
Trax_970877 Jump This vs. Stinger : @0/ A2+ A3/ @3/ @3+ B1+ @3+ B4+ E2+ F1\ E3\ D4/ F0+ C1+ C0/ B7+ @5+ @5+
Trax_970887 Jump This vs. Dawn : @0/ @1/ A0/ @1/ B3+ D2/ B4\ A4/ A5/ E3+ F2\ G3/ B5\ A6/ A7/ H2/ E1\ B7+ E7+ B8+
Trax_971313 FrostyColdOne vs. mcinturff : @0/ B1+ A0\ @1\ A2+ B3/ @1+ A0\ B1+ @2+ F3\ E5\ F5\ G5\ @2/ B3/ C4+ G6\ A1+ H6+ D6/ A3/
Trax_971390 Whistler Gandalf vs. golfnutrof : @0+ A2/ @1+ A0\ B1+ B0+ C2\ @3/ E2/ E1/ F1+ E3+ G1+ C0\ @3+ A2\ @2\ A1\ D0/ G6+ E7+ @2+ C1+ D0\ G3+ F1/ F0/ A7/ A8+ @6/
Trax_971881 Allison vs. paganje : @0/ A2\ B2\ B3+ B1/ C1/ @1\ B0/ C1+ A4/ D4/ A5\
Trax_972178 Sea Breeze vs. Misfit Lenrad6672 : @0+ B1\ B0/ C1/ B3/ A3+ C3/ @3\
Trax_973463 ema vs. Sir Pussycat : @0+ @1+ A2\ B0/ C1+ C0/ D3\ D4\ B5/ D1+ E3\ @3+ F2/ G2/ F0\ F5\ E7/ C7/ G4+ H3+
Trax_973466 Vacant 1884 vs. drgnrdr : @0/ B1+ A0/ C1/ B0\ C1+ A4/ D1\ E1\ D3/ B5/ C0/ @3\ @3+ A2\ B1\ D0/ H2/ F1+ H5\ I3\
Trax_973931 Lyonsgirl vs. Morticia : @0/ @1+ C1\ C2\ D2\ C0/ E3\ B1\ B0\ A1+ A4\ A5\ A6\ D5\
Trax_974427 Tigger vs. paganje : @0/ A2\ B2\ A3\ C2/ C1/ C0+ D1/ D2+ A5/ @5/ C0\ B1\ A1\ E1/ D0/ F3+
Trax_974641 Goonerg vs. Catmane : @0/ B1+ A2/ C1+ A3+ @2+ D3\ C4/ A3+ A4/ C5/ @1\ B0/ A3+ F3+ E5+ D7+ C1/ F7\ E8/ C7/ B7/ G2\ A4+ G5+
Trax_974680 Goonerg vs. Retired 3815 : @0/ B1/ B0\ A1+ A3\ @1\ @2\ B3+ D3\ E2/ C4+ C0\ D1+ D6/ E6/ E4\ F5/ G4\ E0+ F2\ F3+ B2\ E8+
Trax_976509 Goonerg vs. drgnrdr : @0/ B1+ B2/ A2+ A3/ B3+ @3/ B0/ A2+ @2\ E2/ F2/ F0\ F4\ G4\ @3\ B1\ H1\ E6+ F6\ A6/ @5\ D7/
Trax_976715 Misery Midnight vs. Vacant 1884 : @0/ B1+ A0\ @1\ D2/ C1+ D3\ E2/ D0+ A1+ E0/ F1/ A4+ F2\ @4\ @4\ I2\ C1/ E0+ B3/ D6\ H4+ A6/ @5+ C7\ E7\ @5/ A6/ C8/ G8+ @7\ C8+
Trax_977199 Goonerg vs. (**)(**) Bunny Toes : @0/ B1\ A2/ @2+ B0/ C3+ D1\ @1+ A0\ D1+ @1/ D0+ C0/ E1+ A1\ F1/ A0/
Trax_977903 STrek vs. bigdan409 OTWP : @0+ B1\ A0/ @2\ B3/ B4+ D2+ B0+ B6+ @2\ A3+ F3/ E5+ C7+ B0/ D2/ C9\ B6+ @4+ A5+ A7+ @6\ H2+ C1+ A4+
Trax_977904 STrek vs. Nanett MIA : @0+ @1+ A2\ B0/ C1+ C0/ D2+ E2/ E0+ F3\ F4+ G4/ C1+ G5/ H4/ G2/ D0/ H3+ I5+ I4/ J4/ J6+ G7+ B7\ C7\ D5+ F8+ B8\ A7+ F2/ E9+ B9+ @7+ I2+ H9+ I9\ J9+ H10+ L5+ K3\ F10/ G11\ K9\ L9\ M7+ K10\ K11+ H12/ G13\ A5+ L11/ M5+ N7+ K12\ H1+ M12\ K13\ N11/
Trax_977905 STrek vs. CoolStream : @0+ @1/ A0/ B3+ C1\ B0+ A1+ B5+ A0/ D3\ C6+ C7\ D7\ E5/ @2\ B0/ D1+
Trax_978305 ROCKY MIA vs. doc harley : @0/ @1\ B0+ A1\ @1\ A0\ B0\ A1\ A0/ C6\ B6+ D5\
Trax_978435 Robyn Hode vs. * Sassy_Angel * : @0+ A2/ @2\ A1\ @1\ @1/ B0/ D1/ A3/ A4/ @2\ A1\ A0\ E5/ A6\ F4+ G4\ F6\ G3/ H2\ E0/ F2+ F8+
Trax_978439 STrek vs. SunnyD : @0+ @1+ A0/ B3\ C3+ B4\ A3/ D3/ C1+ @3+ A4/ C5\ A6+ E5\ F3/ D6\
Trax_978983 Goonerg vs. Vacant 1884 : @0/ A2+ A3/ @3\ C2+ D2/ B0/ A2\ D4/ D5/ B0/ E6\ E7\ B6/ D7/ D8/ A1\ A0\ @4+
Trax_979165 Goonerg vs. Vacant 1884 : @0/ A2+ A3/ A0/ B3+ @3/ A2+ @2\ A0/ A0/ @2+ A4+ C6/ @6\ E7\ F6+ A3+ @3/ B7+ D8+ H5+ H3/ A7+
Trax_979480 Whistler Gandalf vs. Buz : @0+ B1+ A0/ B3\ A3+ C2+ D2\ C4+ E3/ C5+ B4+ D1/ D0/ C7+ B0\ A1\ @3/ @2\ A1\ @1\
Trax_979601 dream_on vs. Honeybear : @0/ A0+ @2\ A1\ C2/ A0\ B4/ @2+
Trax_979683 rabbitoid vs. Honeybear : @0/ B1\ B2\ B0\ @2+ D2+ E2+ C0\ A4/ C5\ @3+ C6+ A6/ @5/ C7/
Trax_979729 spitfire vs. bigdan409 OTWP : @0+ B1+ B2/ B0/ C1/ D1+ C0+ D4\ C5\ E3\
Trax_979730 spitfire vs. CoolStream : @0+ @1/ @1\ B0/
Trax_979802 Marko vs. bluewolf : @0+ A0+ B2\ B3/ B4/ @2/ B3/ A3+ B4+ B5/ A4/ A5+ @4+ @4/ B5/ A3\ @4\
Trax_979885 Marko vs. bluewolf : @0+ B1+ A2\ B0/ A1+ C3\ A0/ B5\
Trax_979933 Marko vs. bluewolf : @0/ B1\ A2/ @2/ D1/ A3\ B3\ C2+ C0/
Trax_980114 RubyJoy vs. Honeybear : @0+ B1\ A0+ B3/ A3/ @1\ C1+ D1/ A3/ @2/ B4\ C0+ E1/ E0+ F3+ A3\ @3\ F0\ G6\ B6/ E7\
Trax_980153 Keizer Soze vs. Phil The Hat : @0+ B1/ B2\ C1/ C2+ A0+ @1\ @1+ A2+ @1\ D0/ F5\ G4\ G2+ B1\ D0/ B5+ F7\ E6+ E0/ D7\ G8\ F1+ H7+
Trax_980167 HEATHER vs. Honeybear : @0/ B1\ A0+ B3/
Trax_980422 Goonerg vs. MsLady : @0/ @1/ B0/ B0+ C3/ C1\ C0\ @2\ A1\ C0/ E1+ F3/ @3+ @3\ @2/ I4\ J3/ B4+ F0+ H1+ G0/
Trax_980935 Goonerg vs. Retired 3815 : @0/ A0/ A3/ B2/ C2/ A4\ @2+ D4/ B5\ D1\ B0\ A5+ E4+ C7/ A8/ @7+ E6+ E8/ A4\ G4\
Trax_981240 HEATHER vs. Misery Midnight : @0+ B1\ A2/ @1/ C0\ A3+ D2+ B4/
Trax_981315 dream_on vs. Misery Midnight : @0/ A0\ @2\
Trax_981377 rabbitoid vs. Misery Midnight : @0/ B1\ B2\ C2+ A0\ @1\ C1+ @1/ A2/ @2/ C3\ A0\ E5/
Trax_981409 RubyJoy vs. Misery Midnight : @0+ @1\ A2\ @2/ B3\ B0/ C1/ D2/ @3+ D0/ E1/ B1/ E5\ F4\ E6/
Trax_981659 Aphrodite vs. Adam : @0+ B1+ @1\ A0\ B0\ B4\ B5\ A4+ D4\ C2+ B0\ A1\ D1/ D0/ D7\ C8/ @8/ A9/ A2+ @6/
Trax_981877 klaashaas vs. gorrick the goblin : @0/ @1/ C1/ B2+ @2\ C0+ C4\ B4+ B5/ E3+ F4/ C0/ C0/ G5\ H6/ H4+ F3/ F7+
Trax_982022 Goonerg vs. drgnrdr : @0/ A2\ B1/ @2\ @1/ A0/ @3\ A4/ @4/ B0/ C6+ E2/ F6\ G5\ F7/
Trax_982187 STrek vs. Eriisa MIA : @0+ B1\ A0/ @2\ D1+ C3+ E1\ B0+ D4+ C5+ C1+ F3/ E1+ D0+ C1\ E6+ C7/ G3\ F1+ E7+ E0\ H3+ G1+ I3/
Trax_982253 Sir Pussycat vs. hayleesam : @0+ @1+ B0+ @2+ @2\ E2+ A1/ @1/ B3+ A4\ G2\ A5/ @5/ A1\ B0/ B7/ F4+ C7\ B8/ D6/
Trax_982257 Sir Pussycat vs. NcLady : @0+ B1\ A0+ B3/ C2\ A3+ @2\ D1\ E2\ E0/ F3\ D0\ A5/ C1/
Trax_982292 Nan54 vs. Misery Midnight : @0/ A2\ B2\ B3\ @1\ B0/ D3/ D2/ E2+ C0/ E2/ E1/ F3+ F0/ G2\ A5/ @5/ F7\ G7\ B6/ B7/ H1+ @5\ J1\ B4\
Trax_982410 hayleesam vs. Sir Pussycat : @0/ @1\ A0/
Trax_982910 BIGDOGs vs. Honeybear : @0+ B1\ C1/ B0\ C1/ C0\
Trax_982911 BIGDOGs vs. Misery Midnight : @0/ A2\ B2\ B1+ B0/ C2\ D2\ D3\ E3/ D4/ C4/ B4+ B5/ C0/ C6\ C7\ E2/ E1/ @5\ G2/ G1+ G0\
Trax_983307 Retired 3815 vs. drgnrdr : @0/ B1+ B0/ C2\ B3/ A3+ A4/ C4/ A5/ C5+ @4+ E3\ E2+ @3\ B2+ C1+ F0/ G2\ F6\ E7/ E8/ D1+ D7+
Trax_983333 Vacant 1884 vs. Amanda : @0/ B1\ A2/ @2+ @2\ C0/ C0/ E3+ E4\ C5/ E0\ A6+ C1+ @2+ A5+ G5+ B7+ G3+ E7+ C8/ E8+ G6+ @4+
Trax_983594 paganje vs. Tessa : @0/ @1/ B0+ A0/ A4/ @4/ D4\ C5/ E3/ E2/ E1\ F2\ A0\ @2/ D1/ D0/ B7/ F2\ A6+
Trax_983612 spitfire vs. Cachel : @0+ @1+ A2/ B2\ B3\ C3+ @2\ @2/ B1+ A3\
Trax_984233 Sir Pussycat vs. prettywoman : @0/ B1\ A2/ A3/ B2\ C2+ A0/ D3/ D4/ A5\ C5\ @4\ B0+ A2\ @2+ G4\ G5\ H5\ H6\
Trax_984243 ROCKY MIA vs. doc harley : @0/ B1\ B2\ B0\ A3/ B4+ A4+ A5/ @2/ C5\ B6/ D1/ C0\ A7/ D5\ E5\ D6+ C7+ E2\ C8/ E3+ B8+
Trax_984300 STrek vs. Cachel : @0+ @1+ B2/ A0\ @1+ A0/ @2+ E3/ E2/ D1+ D0+ F3/ E5+ D0/ E1/ @4\ A3\ C2+ H5+ G2+ H3+
Trax_984338 Vacant 1884 vs. Misery Midnight : @0+ B1+ A2\ A0\ B4/ B1/ A0\ C3+ @4\ D4+ E5/ B6/ B7/ D6/ @5\ F2/ F1/ G4\ G7+ H7/ H6/ D8\
Trax_984396 STrek vs. FixitDave : @0+ B1+ A0/ A3/ @3+ C3+ D2/ B0\ A2+ @2\ B1\ B0\ E2/ F2+ A1\ @1\ @3+ E0/ F2+ F1/ E0+ E0\ A8+ @5/ I4+ D9+
Trax_984512 Linda Sue vs. Syl2 : @0+ B1/ A0/ @1\ B3\ A0/
Trax_986594 Linda Sue vs. Syl2 : @0+ B1\ A2\ @2/ A3/ C2+ C3\ A4/ @4/ @2\ A1\ F4\ F5\ @1+ C5\ C6+ E5/
Trax_986966 Phil The Hat vs. Tolp : @0/ @1/ B2/ A2/ A0+ @1\ A0\ @3/ @3+ A4/ B5/ F4/ C6\ D5+ A6/ A7/ @4/
Trax_986967 Tolp vs. Phil The Hat : @0/ A2\ B1/ @1/ A3\ B3+ C3\ D3\ B4+ E2+ C0\ @4+ A5/ B1\ A2+ A6+ @6/ F6\ C7+ G5\
Trax_987138 Jump This vs. Aphrodite : @0/ A0+ @1/ A0+ C3/ B4/ A4/ D4\ B5+ B1/ D2+ D0\ @2+ C1/ F2+ @2+ F6\ D7\ G6+ H5+
Trax_987358 mcinturff vs. pepperbeach : @0+ B1+ @1\ A0/ B1/ C3\ D2\ B0+ B0\ @2\ E5\ A1+ B0/ F6\ B0/ D2/ E3/ D1+ @4+ G8+
Trax_987466 Chad vs. Misfit Lenrad6672 : @0/ B1\ A2/ B2+ @1+ C3/ @1+ C3/ B0\ A3+ A5/ @5/ E5\ D6+ F4\
Trax_989111 Rogue Trooper vs. Aphrodite : @0/ @1/ B0\ B3\ C2/ @2\ A1\ @1\ A0\ A4/ C5/
Trax_991475 Dawn vs. paganje : @0/ A2\ B1/ B2+ A3/ @3/ D2\ B4\ C4\ E2/ E3+ C5+ D5+ A2\ @2\ G3/ A5/ @4/ B6\
Trax_991733 WebbyDebi vs. Pammie : @0+ @1\ A2\ @2/ A3/ D1/ A4\ B4\ E1\ E2\ B5\ D0\ C1\ C4\ C6/
Trax_992022 mcinturff vs. Honeybear : @0+ B1\ A0+ A3+ @3/ B4\ A1+ C5/ B6+ @4+ E4+ D6+ F4/ E2+ D7+ C0\ @5/ B8+ @7/ C3\ A4+ F2+
Trax_992029 mcinturff vs. Misery Midnight : @0+ B1\ @1\ A0\ A0+ B4\ C4\ D4+ C5+ A0/ C7+ E5+ C2/ C1/ C0/ D4/ E4/ @4+ E2/ @4+ F1+
Trax_992031 mcinturff vs. Cinderella : @0+ B1/ B2/ B0\ A1\ C2+ D2+ A0\ @1\ @2\ B0/ C1/ A2+ A1+ A0\ B0\ @2/ B1+ A4+ A1+ @4+
Trax_992238 Jay RAA vs. drgnrdr : @0/ B1+ @1\ B0/ D1+ B0\ A2+ A1+ @2/ @3\ E1/ E0/ B2+ @4\ A5/ B6+
Trax_992239 drgnrdr vs. Jay RAA : @0+ B1\ B2\ A3/ @2\ D2\ E3\ E4\ F3\ E5/ D4+ B5/ A4\ @3/ G4\ F6\ A5\ G6\ H5/ @3/ F6+ I2/ G7+
Trax_992242 RockinRon vs. drgnrdr : @0+ B1\ B0/ C1/ A1+ @1\ B0\ E2\ E3\ A1+ A0\ B1+ E1/ F2/ D0/
Trax_992243 drgnrdr vs. RockinRon : @0+ B1/ B0\ A1+ @2/ A3/ D1/ C0\ A2\ @3/ D4+ E3\ F2/ D5+ E5\ F4+ A5+ G5/ F6\ A2\ @1/ D0/ D7+ F2/ D0+
Trax_992244 Kevin vs. drgnrdr : @0+ A2\ A0/ B3\ B4\ C2/ A0/ C1\ @1\ B0/ A6/ @5/ C7/
Trax_992245 drgnrdr vs. Kevin : @0+ B1+ C1\ C2\ D1/ B0/ C0\ C0\ D1\ B0/ D3\ A2/ C0\ E4\ E7\ A4+
Trax_992246 Tactician vs. Goonerg : @0/ B1/ A0+ A0/ @2\ A0/ @2/ @2/ @2/ @2/ @2/ @2/ E5+ E0\ I6\ F7+ J6/
Trax_992247 Goonerg vs. Tactician : @0/ A0/ @2/ @2/ A3+ D1+ C4+ C5/ C6/ D6/ C7/ E6/ F4+ A7+ G5/ F7/ C0/ B9\ @6+ H9\ D10/
Trax_992250 Tactician vs. Morticia : @0/ B1+ C1/ C0/ C0/ A2+ @3+ A4+ C0+ A2+ @2\ B6+ @1/ D0/ D0/ F1\ G2\ A0\ @3+ G1/ RESIGN
Trax_992251 Morticia vs. Tactician : @0+ A0/ A3+ A4/ @4/ @4/ D2\ @4+ B2+ @4/ A3+ @2/ D5/ @2/ E1\ G0/ A6\ B1+
Trax_992252 Goonerg vs. Goodtime politics : @0/ A2/ B1/ B0/ C1/ D1/ C0/ D1/ E1/ @3+ B0+ D6+ G4\ E7/ C7+ @2/ D8+
Trax_992253 Goodtime politics vs. Goonerg : @0/ A2/ @2/ A0\ @1\ D2/ A2/ @2/ B3/ C0\ B1\ F1/ F0/ F5\ RESIGN
Trax_992254 Goonerg vs. Morticia : @0/ A2+ B1/ B0+ @3\ D2\ A4\ @3\ B0+ @3+ @3\ D0/ D0/ B2/ D0/ F2/ G2\ G4+ H5/ H3+
Trax_992255 Morticia vs. Goonerg : @0+ A2/ @2/ @1/ A2+ C0/ B1+ A4/ B4+ @3+ C5+ E2+ F1\ E0+ @4/ @4/ H4/ I4\ G5\ H6/ I2+ G0/ C4+ B7+
Trax_992256 Goodtime politics vs. Morticia : @0/ B1+ C1/ C0/ A1+ @1\ C0/ A4\ B0+ @4+ A2+ @4+ B6/ A6\
Trax_992257 Morticia vs. Goodtime politics : @0+ A2\ B2\ B0\ @3\ D3\ C4\ D4\ A1+ @1\ A0\ A5/ @3\ B6\
Trax_992286 Dania59 vs. firefly : @0+ @1/ B0\ B3\ @2+ C4\ D4\ E3+ @2+ F1/ RESIGN
Trax_992287 firefly vs. Dania59 : @0/ B1+ A0\ @2/ C1+ D1\ C0+ B4+ @3/ F3/ E4+ E1/ A2\ @3/ E0\
Trax_992290 immitzi vs. firefly : @0+ B1/ B0/ C1/ C0+ C0\ @1+ @3+ C0+
Trax_992291 firefly vs. immitzi : @0/ B1\ A2/ @2/ @2+ B3+ B0+ @3/ A2+ @3/ E0\ D0/ @5/ D6+ A3\ B2\ @4\
Trax_992292 Tigger vs. firefly : @0/ B1\ A2/ @2+ C0\ @3+ B4/ D3+ E3\ E4\ B5/ @4\ F5\ F6+ G4+ F7+ C6+ C7/ G2/ H3\ I4/ H5+ G6+ H7/ H8/ G1/ H1+
Trax_992293 firefly vs. Tigger : @0/ @1+ @1\ A0\ B3\ B4\ A4\ D3+ B0+ D2+ @2\ B0\ E7+ B7\ A6+ C8\ A8/ A9+ @8\
Trax_992318 Isischylde vs. Misfit Lenrad6672 : @0+ @1/ C1/ C0\ D1/ C0\ B2+ A2+ @3+ B4/
Trax_992319 Misfit Lenrad6672 vs. Isischylde : @0+ A0+ A3/ @2\ C2\ B4/ @1\ B0/ A3+ D2+ @3\ @3\ B2+ B1\ D0/ G3/ G2/ D0/ @4+ G2+
Trax_992320 Isischylde vs. Judy : @0+ @1\ C1+ A0/ B1/ C3\ C4+ D2/ B0\ B4/ E3+ B5+ B6/ A5/ @3+ B6/ E5+ D6+ B7/ C8/ A7\ A6+ @5\
Trax_992321 Judy vs. Isischylde : @0/ B1+ @1\ B0/ C3\ D3+ D4\ D5+ C4/ A3+ C5+ C6/ @3/ A4/ @4/ G5/
Trax_992322 Isischylde vs. Shosie : @0+ @1\ C1+ C2\ D1/ A0/ D1/ E1/ D0/ D0/ E1/ F3\ F4\ G2/ F5\ F6\ H3/ H2/ I3+ H1+ G0+ G0\ F1\ B7/ H2/ B8\
Trax_992323 Shosie vs. Isischylde : @0/ B1\ A2/ B2+ C2\ A3/ @3/ B4/ B5/ A5/ E4\ @4+
Trax_992324 Misfit Lenrad6672 vs. Judy : @0/ A2\ B2\ B3\ @1\ A0\ D3/ C2+ @1\ F3/ E5\ F2\
Trax_992325 Judy vs. Misfit Lenrad6672 : @0/ B1\ B2\ A2+ B3/ C2\ @2/ B3/ B4/ E1/ A3+
Trax_992326 Misfit Lenrad6672 vs. Shosie : @0+ B1\ B0/ C2\ C1+ C0/ D1/ E2/ C0\ B1\ A1\ @4/ B5/ @4\ F0/ G2\ B6+ B7\
Trax_992327 Shosie vs. Misfit Lenrad6672 : @0/ B1\ A2/ B2+ A3\ @3/ A4/ B4+ C3+ D3\ C4\ B5/ B6/ A5/ @5/ A6/ @6/ B7/ B8/ A8/ @6\ G2/ H3\ A5\ @7/ H7\ C9/ H8+ G10\ F11\ G11\ I2+ @7/ B8/ I11/ J9\ K7/ F2+ C4+ B4+ E1+ E0\ E13/ @8/ A9/ A10/ C11/ E13/ D13/ M9/ E14/ M8+ M7+ N10\ N11\ N8/ O8/ M11+ O10\ P8/ O11+ O12\ D14+ C14/ B13/ Q7/ O6+ J1/ J0/ K2\
Trax_992334 Vacant 1884 vs. Chad : @0/ A0/ A0/ A0/ @1/ @1/ B3+ D3\ A4\ B0+ @4/ C0\ A1+ @2+ C7+ C8+
Trax_992335 Chad vs. Vacant 1884 : @0/ B1\ A2/ @2+ @2\ B3\ D3+ C0/ B5\ A4+ B6\ @4/ @6+ D7+ G6\ G7+ H5/ H4/ A4+ G3/ I4/ H3/ I7+ J4+ J3+ I2+ D8\ E7+ G8+
Trax_992338 Cachel vs. Chad : @0+ A0/ A3+ A4/ @4/ C4\ B5/ B6/ A5+ C1\ C3+ D4/ C5\ D1/ B0/ @4+ B3\ F5/ A3+ @4/ F3\ G2+ F1/ D0/ B1\ B0\ G5\ G9\ E10+
Trax_992339 Chad vs. Cachel : @0/ A2\ B2\ B1+ B0/ C2\ C0\ B5\ C5\ D2+ @5\ B2+ F1\ E0/ A2/ F5\ G3\
Trax_992340 Jac The Red vs. Chad : @0/ @1/ A2+ A3\ B0/ C1/ D2/ @4+ E1+ C0+ A4\ @2+ A4+ @3+ B6/ A6/ G1+ @5+
Trax_992341 Chad vs. Jac The Red : @0/ B1\ A2/ B0\ @2+ D2+ A0\ @1\ E1/ D4\ D0\
Trax_992342 Knight Rider vs. ScoobyRex02 : @0/ A2\ B2\ B3+ C2\ @3/ A4/ D1/ E2+ B0/ B5\ B6\ D5+ E5\ C1+ A6/ B7+ A1\ @2/
Trax_992343 ScoobyRex02 vs. Knight Rider : @0/ B1\ B2\ C2\ A2/ B3\ D2+ D3/ B0\ @2+ B0\ C6/ B6/ C1+ F4/ G4\ G5\ G6\ E7\ H6+ H7\ H3/ I4\ I3+ G7/ H8\ D7/ E8+ C7/ A6+ @4/
Trax_992344 Knight Rider vs. cocopuff : @0+ A0+ B1\ @1/
Trax_992345 cocopuff vs. Knight Rider : @0+ B1+ A0/ B3\ A3+ @3+ B4\ D3+ D4+ E4\ E3+ D5/ C6/ B6/ A6/ D6\ B7+ A2+ @4+ A2+ @3/ C1+ C0\ B1+ B0\ G8\ H6\ @5+ A6+ G9+ B7+ B1/ @2+ B1+
Trax_992346 Knight Rider vs. stones- A - rama : @0+ A0/ B2+ B3\ C3\ @2\ B3+ E3/ C4/ B4/ C5/ C0\ A5/ B6/ @3/
Trax_992347 stones- A - rama vs. Knight Rider : @0+ B1/ @1/ A2\ @2\ A3/ A4/ @2/
Trax_992356 Nanett MIA vs. klaashaas : @0/ @1/ B0/ B0/ @2\ B4/ D2+ E2\ D5+ D0\ C0/ E2+ F4\ G4\ G3+ E0/ @6+
Trax_992357 klaashaas vs. Nanett MIA : @0/ B1/ A0+ @1\ B3/ @2/ D4/ A3+ A0/ @2\ C0\ E2+ C6+ F5\ A2+ @2\ A3+ @4+ A5+ A2\ @4/
Trax_992358 Nanett MIA vs. Rogue Trooper : @0/ @1/ B0/ @2\ B3+ A3+ B4+ @2/ E1/ C5+ D4+ D0+ B2\ A1/ C0/ A5/ A6+ @3+ B1\ D0/ E0\ @5\ @4/ A6\ C2+
Trax_992359 Rogue Trooper vs. Nanett MIA : @0+ B1+ A0+ A3\ @1\ A2+ C4/ D2+ A4/ A5/ @2+
Trax_992360 buttercups vs. klaashaas : @0/ @1/ B0+ B0\ A4+ B5/ C4+ D3\ C6\ D6\ E6\ E7\ E8\ F6+
Trax_992361 klaashaas vs. buttercups : @0/ A2\ B1/ B0+ A0/ @2\ @3\ C5\ B5\ @4/ A5/ A6/ @6/ C7\ E7\ F7\ C8+
Trax_992362 buttercups vs. Rogue Trooper : @0/ @1/ B0+ @2\ B0+ @3\ C0\ B3+ E3\ A1\ B0/ @3/
Trax_992363 Rogue Trooper vs. buttercups : @0+ @1+ B2+ @1+ @1\ E1/ D3/ E0\ A1+ D1+ A0\ D6\ E4\ F3/ B4/ D1/ @2/
Trax_992364 klaashaas vs. Rogue Trooper : @0/ @1/ B0/ @2\ D2/ E2/ D3+ D4\ B4\ A4\ C5+ D6/ C7\ B7\ E1/ F1/ F5\ G2+ F0/ H3/
Trax_992365 Rogue Trooper vs. klaashaas : @0+ @1+ C1/ C0/ D1/ C3/ A3+ E2+ C0+ C0\ B0/ D1\ C7/ @5\ A4\ G7+ G8\ A3/ C8+ C9/ A2+ A0+ D1+ H10/ G11\ G12+ H12\ I12\ I13\ J13\ J14\ K14\ K15\ L12+ @6/ A7/ @7/ C8+ @5+ A4\ @4\ A3\
Trax_992378 paganje vs. DINGEROO : @0/ B1\ B2\ @1/ B2/ C3\ D1/ D0/ @2/ C4/ C5/ F4\ D5\ C6/ B4+ D6\ C7/ F6\ E7/ G4+
Trax_992379 DINGEROO vs. paganje : @0/ A2\ B1/ B0+ C1\ B3\ B4+ B5+ @3\ D5/ E2/ C0+ A6/ @6/ B1\ A2/ F1/ E0/ G2\
Trax_992380 paganje vs. Erinity : @0/ A2+ A0\ @1\ C3\ C1+ C0/ D3\ B5+ A4\ @3+ @3\ B2\ F5/ G3+
Trax_992381 Erinity vs. paganje : @0/ A2\ B1/ B0+ B3\ C3\ C1+ A0\ @2/ C5+ A1+ C1+ A4\ @2+
Trax_992382 paganje vs. Beaupol : @0/ B1\ B2\ A2+ @2/ A3/ D1/ D0/ @4/ B5/ E5\ D6/ F3\
Trax_992383 Beaupol vs. paganje : @0+ B1+ A0/ A3/ @2+ A4/ @4/ A2+ @3+ C1\ C0\ F2/ E1\ B0/ A2+ @5/ C7\ D0/ E1/ A2/ A5+ @4\
Trax_992404 Logged Off 6467 vs. Adam : @0/ B1+ @1\ B0/ D2/ B3/ @3/ A4/ @2\ B1/ C0\ E5\ B6/ F4\
Trax_992405 Adam vs. Logged Off 6467 : @0/ A2\ B2\ C2\ @2/ A3/ B3+ D4\ E2\ @2\ A1\ A0\ @1\ E6/ B0+
Trax_992406 Logged Off 6467 vs. Honeybear : @0/ B1\ A2/ A0/ B3\ B4\ A4/ B5\ A5/ B6\ B7\ C4+ A7/ @4+
Trax_992407 Honeybear vs. Logged Off 6467 : @0/ A2\ B2\ A3\ C2/ C1/ D1/ @3/ A4/ @2\ E0+
Trax_992408 Mike UK vs. Adam : @0/ B1\ B2\ A0/ C1\ @1\ B0/ D0/ E2\ D4\ E3+ C0\ B2+ A2\ A1\ D0/ E2\ F5/ D7+ @6/ B7\ E8/ @2\ B1+ @4+ G9\ H7\ I8/ J4\ C0+ B1\ E9/ E10/ G11\ A8/ @8/ E11+
Trax_992409 Adam vs. Mike UK : @0/ A0/ B1/ A3+ @3+ A4/ A2+ @3+ @3+ C0+ A3/ C0\ C7\ D7\ D8\ E1/ E7+
Trax_992410 Mike UK vs. Honeybear : @0/ A2\ B1/ @2\ A3\ @1/ @2\ B0+ @1\ B0/ A5/ A6+ @4\
Trax_992411 Honeybear vs. Mike UK : @0/ A0/ A3/ A4/ @3+ C3\ D3+ C4+ D4+ B5/ D5+ B6/ B7+ E5\ D8+ E3+ @6+ A7/ G7+ E9/ G3+ G9\ H8+ F10/
Trax_992412 Adam vs. Honeybear : @0/ B1\ A2/ B0\ @2+ B0/ @3+ E3+ E4\ B5\ A1+ C0/ E0/ F2+ C1\ C0\ @4/ F1/ G1/ E0\
Trax_992413 Honeybear vs. Adam : @0/ A2+ A0\ @3\ C2/ B0+ D3/ A1\ @3/ E0+ B1\ F2+
Trax_992428 Retired 3815 vs. Phil The Hat : @0/ A2\ B2\ C2+ C3\ C1/ D3\ E3+ E4\ E0/ F2+ D5+ F5/ G2/ F1/ G1+ F0\ D1\ C2+ A1\ @2+ C6/ D7+ @2\ A1\ C0/ I6\ J4/ H8+ H9\ E1+ B0\ J9\ H2+ I2/ E10/ D10/ G9+ F11/ D11/ A1\ C10+
Trax_992429 Phil The Hat vs. Retired 3815 : @0/ A0/ @1/ A2/ B3+ C3\ D3+ D4\ A0\ @1\ E1/ F2/
Trax_992430 Retired 3815 vs. Sir Pussycat : @0/ A2\ B2\ @1/ C1/ D1/ C3/ B3/ B0\ B0+ D4+ B6+ E3\ B0+ B8\ E5+ D7/ E6+ E2/ D1\ F3\
Trax_992431 Sir Pussycat vs. Retired 3815 : @0/ A0/ B1+ C1/ C0/ B4/ @3+ D4\ E3\ D5/
Trax_992432 Dogma vs. Phil The Hat : @0+ A0\ A3/ B3\ @2+
Trax_992433 Phil The Hat vs. Dogma : @0/ A2\ B1/ @2+ C2\ D1/ E1+ B0+ A4+ @3\ B1+ C0/ D6\ E5/ B6/ D7\ B7+ F4+ C8+
Trax_992434 Dogma vs. Sir Pussycat : @0/ A0\ @2/ C2/ C0/ D1/ B4/ A4/ B5+ D0\ C7/ D3\ E3\ C1+ @4+ B3\ A3\ D0/ F2/ @2\ H3+
Trax_992435 Sir Pussycat vs. Dogma : @0/ B1\ A2/ @2/ B0/ C3+ D2+ B4+
Trax_992436 Phil The Hat vs. Sir Pussycat : @0/ A0\ @1/
Trax_992437 Sir Pussycat vs. Phil The Hat : @0/ @1+ B0/ B3\ C3\ A0+ C2+ D3/ D4+ E2/ D1\ B0\ @4+ A1\ B0/ E2+ F2\ A1+ D7\ B7/ @5+ B4+
Trax_992440 Walter vs. B Line electric streetcar : @0/ A0/ B2/ A3+ B4/ @3/ A2+ D2+ D1/ A5/ @4\ E5\ RESIGN
Trax_992441 B Line electric streetcar vs. Walter : @0/ A0/ B2/ C2/ B3+ A4\ @2/ D1/ @1\ C0+ A5/ RESIGN
Trax_992444 MountainMist vs. B Line electric streetcar : @0+ A0\ @2+ A3/ @3+ @3\ B4+ A1\ A0+ @3\
Trax_992445 B Line electric streetcar vs. MountainMist : @0+ B1/ A0\ A0+ C2\ D2+ A0/ E3+ B5/ @3+ A5+ A2\ D6\ E5/ A6/ @5/ D7/
Trax_992448 B Line electric streetcar vs. Freight Train : @0/ A2\ B1/ B0+ A0/ @1+ B0/ @4/ A5/ B6/ @4+ D0+ A7/ E6\ C8/
Trax_992449 Freight Train vs. B Line electric streetcar : @0/ @1/ B0+ @2/ C0\ @2+ E2/ E3+ F3+ D4/ E0/ F1/ G3\ H4/ I3\ G5/ E6/ J1+ H0\ J6\ I7\
Trax_992450 TN_Sapphire vs. Arctic Warrior : @0/ B1\ A2/ @2+ A3\ @2+ D2+ A3+ E2/ D0/ D5\ E5\ F5\ D6+ G3/ G2/ G1/ H3+ E7\ D0\ C1\ B0\ A1\ F9+ E10/ D10/ H8\ I8\ I3/ I2/ G1\ J8/ J7/ K6\ H9\ G10\ E11/ E1\ H0/ G0/ I11\ I12/
Trax_992451 Arctic Warrior vs. TN_Sapphire : @0/ B1\ B2\ C2\ B3/ A2+ B4\ D1/ C0\ @3\ D5\ E5\ F5\ G2/ G1/ A1\ @1\ C4/ @1/ A2/ A3/ C0+ @4/ H2/ J1\
Trax_992454 TN_Sapphire vs. STrek : @0+ @1+ A2\ C1+ B0\
Trax_992455 STrek vs. TN_Sapphire : @0+ A0+ A3+ B2\ A4+ @3\
Trax_992456 Arctic Warrior vs. golfnutrof : @0/ A2+ @2+ B3\ C1/ D2+ C4/ C0/ E2/ E1+ @3/ A4/ @4/ A5/ C6/ C2+ @5/ A6/ B7/ F6+ B8/ A7+
Trax_992457 golfnutrof vs. Arctic Warrior : @0+ @1\ C1\ A0+ @2\ B3/ D1+ B0+ C4+ E3/ F3/ B0+ G4/ B0+ C3/ A2\ @4/ C0+ B7+ C8+
Trax_992458 Arctic Warrior vs. STrek : @0/ A2\ B1/ B0+ C1+ @2/ E1+ B4\ A5/ @5+ G1/ D3+ B0\ A1+ @1/ A2/ @2/ C4+ B5+
Trax_992459 STrek vs. Arctic Warrior : @0+ @1+ B2/ B0/ @2+ @2+ E3/ @2/ E0/ A4/ E5/ C6/ C2+ @5\ A6+ @6/ A4+ G6\ E7+ H6\ I6+ D2+ D1+ I5+ I7/
Trax_992460 golfnutrof vs. STrek : @0+ @1+ A2\ B0/ A1+ C2+ C3+ D2+ @2/ A4+ A5/ @2/ @3\ A1+ E0/ @2+
Trax_992461 STrek vs. golfnutrof : @0+ A0/ @2+ A1\ A0\ A4\ @2+ @2/ B4+ B0/ @3/ B2+ @3+ @3\ A1+ E0+ G3+ H4/ G7/ C7/ C8+ B7\
Trax_992581 mcinturff vs. goldfreckles : @0/ B1\ A2/ @2\ A1+ A0\ @2/ A4/ @4/ E3+ E4\ C5\
Trax_993037 Morticia vs. Lyonsgirl : @0+ @1\ B2+ C1/ C0/ C0+ D2\ E2+ C0+ A1\ @2/ E4+ D0/ D0+ E1/ E7/ E3/ G4/ C8+ F2/ F1+
Trax_993512 Megababe vs. gorrick the goblin : @0/ A0/ B2+ B3/ @2/ B3/ D1\ B0/ C5/ D4+ B5+ A4/ @2+ F5/ F2+ C0\ @5+ E7/ E8/ C7+ A6/ H6/ C9\ G1\ H2+ I4+ B7+ G0\ E2+ E1+
Trax_994918 Keizer Soze vs. Phil The Hat : @0+ @1/ @1\ B0/ B3+ A3/ @2\ A1\ B0+ D1/ E2\ C0\
Trax_995757 shelly (uk) vs. Chad : @0+ A0+ A3\ A0+ A0/ B3+ B1\ B5\ C3\ D3\ B6+ B0\ C5\ C1\ B8/ D3/ @2\ F3\
Trax_995782 nylady41 vs. Chad : @0/ A0/ @2\ B0\ A1\ @1+ A0\ B1+ @2\ E4\ E5\ E1/ E0/ F3\
Trax_995813 Goonerg vs. drgnrdr : @0/ A2+ B1\ B2+ A3/ C1\ B3+ C0/ D1/ @4/ A5/ A2+ B1+ @4+ E0+ G2/ F4/ G3\ H3+ E6+ E7\ H1/ F0+
Trax_995862 bigdan409 OTWP vs. drgnrdr : @0/ B1+ B0+ A1+ A0\ @1\ D3/ D1\ B0\ B5/ @4/ @4+ A5/ A6/ C7/ E6\ F6\ G4/ C1\ @5/ D0/ B8/ A8/ A9/ @9/ F1+ G2/ H8\ J6\ K6\ J7\ D1+ G1+ G0/ J5+ K4+ L6\ K2/ L2/ M3\ M1\ F1\ G0/ B3\ B2\ D1/ A6\ @6\ I1/ N5\ O3/ B12/ A10\ A9\ @9\ I11/ G13+ G14\ B13+ I13+ B5/ A8+ @10+ E14\ B6\ A6\ @8+ A9+ @9/ C14/ A8\ B14\
Trax_995874 MASHER vs. Chad : @0/ @1/ A2\ C1\ C2\ D2\ D3\ D0/ D5+ E4\
Trax_995884 DragonHeart MIA vs. Chad : @0+ A2+ A0+ @1+ A0/ B5+ B6/ A6/ A3+ @4+ B7+ A1\ A0\ D3\ E4\ A4\
Trax_995924 SweetCindyJo vs. Ace1316 : @0/ A2\ B1/ B0+ @2+ B0/ D2+ @3\ C0\ B5+ B1+ F3/ F2/ E1/ E0/ D0/ F2\ G3\ E6\ E7\ @4/ F1+ F0/ I5/ A6/ @6/ B8\ E9\ F10\ E1\ F0\ D3\
Trax_995934 Goonerg vs. Chad : @0/ A0/ @1/ @1/ A2/ @2\ B3/ B4/ E1+ F2/ D5+ G5+ H4+
Trax_996274 SunnyD vs. Misery Midnight : @0+ @1/ B0+ C2\ C3\ D3\ B4/ B5\ C5\ D1/ E1/ C0\ C7+ B1+ C8+
Trax_996871 Gone with the Wind 25871 vs. Goonerg : @0/ A2/ @1+ C2/ B0\ @3\ B4+ @3\ C5/ D5\ D6\ B6+ F6+ D7+ E7\ A1+ E8/ G5\ @2+ A3/
Trax_998801 Phil The Hat vs. hANDYman the Rebel : @0/ B1+ A0\ @1\ D2/ C1+ A0\ B4+ A4+ B5+ @2+
Trax_999173 ROCKY MIA vs. doc harley : @0/ A2\ B2\ B1+ B0\ C2+ D2+ E2\ C1/ B0/
Trax_999489 Adam vs. firefly : @0/ A2/ A0\ @2/ C1\ A3/ B4+ A5\ B6/ C5+ A1+ @6+ A2+
Trax_999950 Knight Rider vs. MORRIS : @0+ B1/ B0/ C1/ A0\ @1/
