8x8Trax_1000654 Vapira vs. Megababe : @0+ B1\ B2/ @1/ B2/ B3/ A2/ C0\ D3/ @2/ C5/ B4/ B5+ A3+ @3\ @3\ C5+ B1+ C0\ E7/ B6\
8x8Trax_1000763 firefly vs. MORRIS : @0/ A2/ @1/ A2/ @2/ B3/ B4+ A4/ C0+ @3+ @3/ @3/ E0/ C6/ C7/ B5+ A6+ G3/
8x8Trax_1000806 Jon Dann from Taiwan vs. Phil The Hat : @0+ @1\ B0/ B0/ B4\ C2+
8x8Trax_1000829 derekaluk vs. HeatherN : @0+ B1\ A2/ @1\ B0\ A1\ A0\ @1\ A0\ @1\ A0\ @1\ @2\ A1\ B0+ @3/ C0\ A2\ A1\ A6\ F1/ H6/ G1+ H5+
8x8Trax_1001111 Megababe vs. Jenni_8 : @0/ B1\ A2/ @2/ @2/ C3+ D2\ @3/ B4\ A4+ A1\ B0/ @4\
8x8Trax_1001113 Megababe vs. DiGaWiD : @0/ A2+ A0/ B2/ C2/ A4+ @3\ C1/ A4+ D1/ @3/ E0/ D0+ C7+ A4+ F2/ D0/ C1+ @3+ B7+ C8+ E8+ A5+ @4\ B7+ A7/ A8/
8x8Trax_1001163 Tigger vs. Megababe : @0/ A0/ @1+ @1\ A0\ @2\ B3+ A1+ A4\ @1/ B0/ D0+ D7\ E7\ F5/ B7+ D8\ @3/ B2+ @3/ C1+ B1\
8x8Trax_1001418 Goonerg vs. Phil The Hat : @0/ A2\ B1/ @1/ B3+ D1+ C0+ C3+ @4/ B5\ A1\ E1+ @3\
8x8Trax_1001419 Phil The Hat vs. Goonerg : @0+ A2/ B1/ C1/ B2+ A3/ A0\ @1\ B5+ D4+ A0\ @1\ A0\ D8/ @2+
8x8Trax_1001467 Rogue Trooper vs. Megababe : @0+ B1\ @1\ C2\ C3+ A2+ B0+ D2+ C1/ C0/ D1/ E3\ C6+ @2/ D0+ D0\ B2\ B1\ A1\
8x8Trax_1001568 Goonerg vs. Aphrodite : @0/ @1/ B2/ C1+ D2/ B3+ A2+ D4\ E3/ C5/ B5/ A5+ @5\ C6/
8x8Trax_1001943 Tigger vs. Megababe : @0/ @1/ B0+ @2/ C0\ B4+ D3\ B0/ @3+ E5+ @4\ F2\ G4/
8x8Trax_1002312 Misery Midnight vs. goldfreckles : @0/ B1\ A2/ @2\ C2+ B0/ B4\ A2\ C4+ D2\ E1/ E0/ B6/ A6\
8x8Trax_1002745 bigdan409 OTWP vs. Phil The Hat : @0+ A0\ @1+ A0/ C3\ C2+ @2\ B4\ C5/ D0/ E2\ A1\ A0+ @3\
8x8Trax_1002986 Megababe vs. Nina : @0/ A2\ B2\ B3+ B1+ @3/ C4/ D4/ @3/ E5\ F3\ D6/ C6/ B5\ A1\ @1+ C0/
8x8Trax_1002988 Nanett MIA vs. Phil The Hat : @0/ @1/ B0+ C1+ A3+ @2/ D3+ C0/ C0/ B1+ E3\ E5+ D6/ E2+ F4/ A2\ @2\ C0\ E1+ E8+ H4\ H6+ A6/ A4+
8x8Trax_1002998 Rogue Trooper vs. Nina : @0+ @1+ @1/ @1/ D0+ C3+ B1/ B4/ E1+ C4\ C5\ D3+ E4/ A4/ @4/ G5\ G6\ G2+ H5+ G1/ D6+ H3/ B5/ F0+ E1\ D1+ D0+ F8/ B8/ A8\ C2\ B2+ F1\
8x8Trax_1003136 supermac vs. Kevin : @0/ A0/ B1/ C2/ B0/ @2\ D1+ D4\ E4\ D5\ E1+ A5/ A6/ @4\
8x8Trax_1003137 supermac vs. Goonerg : @0/ B1/ B2+ A3\ C1\ C2\ @2/ D0\ D0\ C0/ E3+ E0/ F2\ B1\ A1\ C0/
8x8Trax_1003140 supermac vs. firefly : @0+ B1/ A2/ C1/ @2/ D2\ B3/ E2/
8x8Trax_1003141 supermac vs. Phil The Hat : @0+ @1/ B0/ @2/ B1+ C3+ D3\ C4\ D1/ E3+ B0/ A5/ @5/ C6\
8x8Trax_1003147 FULL moon CRAZY vs. Phil The Hat : @0+ @1\ C1\ B2/ B0/ B0+ B0\ @1+ C6/ A6+ @5+ C0/ C0/ E1+
8x8Trax_1003176 SunnyD vs. Phil The Hat : @0+ @1+ B0+ A1+ B0\ A4/ B4+ B5+ C4/ C2+ D2+ C1+ C0/ D2/ @3/ D0/ E1/ F1/ G1+ G0/ F6+ B2\ B1+ A4\
8x8Trax_1003248 Morticia vs. karosel MIA : @0+ @1+ B0\ A3/ C1\ @1\ B0/ C4\ C5\ E1/ D0\ E4\ F3/ C1\ F2+ A1\ B0+ A1+ B0/ @4/ H4+
8x8Trax_1003295 gorrick the goblin vs. Megababe : @0/ A0/ @2/ C1/ A3+ D1/ @3/ A2+ B4+ C4+ B5+ E0/ F1/ @3\ C0\ D0+ H2\ D8\ B1/ DRAW
8x8Trax_1003437 Brendans Grandmom vs. pepperbeach : @0+ @1+ B2\ @1+ @1/ A2/ @1\ A0\ B4/ D5/ C5/ F2/ E1+ G2\ C1/ A0/ B1/ F5\ C1/ G5/
8x8Trax_1003525 MountainMist vs. Adam : @0/ A2+ @1+ B3\ C1/ C0/ D1/ D5\ E5\ D0/ E4+ F5/ D7+ B6+ E8/ F7\ G6\ B8/ A7+ A6+ @7\ G1+ H3/ B8/
8x8Trax_1003528 Megababe vs. Tigger : @0+ @1\ C1\ B2/ @2+ B3+ C3+ @2/ D4/ D5/ E4+ @2/ B1+ G1\ E0/
8x8Trax_1003823 Morticia vs. TaUrUsRoSe : @0/ A2\ B1/ B2+ A0+ @1\ B0+ @3/ A4/ A5/ A1+ @5/ B6+
8x8Trax_1004472 Mainmang vs. Elvis : @0/ @1\ B0\
8x8Trax_1004514 keops vs. immitzi : @0+ @1/ A0/ B3+ C3\ @1\ A0\ C5/ D3/ E3/ B6\ E6\ F5\ E7/
8x8Trax_1004732 Scorpius vs. Amanda : @0+ B1\ C1/ C0/ B1+ B0+ A1\ D3\ D4\ @1+ B0/ E2+ F2/ F1/ A1\ B0+ A1+ A0\ @4/ F2+ C7/ @4+
8x8Trax_1004858 Sarah vs. Megababe : @0+ B1\ B2\ C2\ A0/ B4+ @3/ D0+ E3\ C0/ C7\ E5+ F5\ F6\ G6\ G7\ G8+ H8\ F4+ G2/ H3/ F1/
8x8Trax_1004860 Megababe vs. Sarah : @0/ B1\ A2/ B2+ C2\ C3\ D2\ B4/ D1/ E2\ B0/
8x8Trax_1004869 Rogue Trooper vs. Aphrodite : @0/ @1+ B2/ C1/ A0\ A0+ @2+ E4\ D5/ E1/ F3/
8x8Trax_1004924 Megababe vs. Vacant 1884 : @0/ A0/ @1+ @2/ B3\ A1+ D1/ D0/ E2+ C5/ @3/ B5/ D6/ F7+ G4+ A4+ @4/ H1/ H0+ A7+
8x8Trax_1004962 SweetCindyJo vs. Ace1316 : @0/ B1\ A2/ B2+ A3\ @2+ C3+ D3+ E3/ E4\ E2\
8x8Trax_1005029 Morticia vs. Trist : @0+ @1/ B0+ B0/ C1/ B4+ C4\ D2/ C0+ D2/ E3+
8x8Trax_1005033 Morticia vs. Amanda : @0+ @1+ B0\ A3/ C2/ B0\ @2\ D0/ E1/ A4+ D0+ B2+ D0+ D7/ C8\ A3/ E5\ F3/ @7\ @5\ A4\ B8+ H5\ G1+ E1\ D1\ C1\ B1\ A2+ A7+
8x8Trax_1005101 nisqually vs. Amanda : @0+ B1/ A2+ A0+ @1\ C3+ C4\ D2/ E3\ E4\ D5/ F2\ F4\ F1/ G2\ D0/
8x8Trax_1006178 Fallen Angel vs. Scorpio-Lady : @0/ B1\ A2/ A3/ @1\ A0+ A0/ B2/ D3/ C5\ B6/ C6\ C7/
8x8Trax_1006355 Peeky vs. Amanda : @0/ B1\ A2/ @2+ A3\ @1\ B0/ A3+ @2/ E3\ A3+ A4/ A5/ F3+ D1/ E4+ D5\ C6/ A6\ G3+ G2+ @3+
8x8Trax_1006906 Nan54 vs. Nancy : @0/ B1\ A2/ @2/ C0/ D2\ B4\ C3+ @4/ C5\ D5\ C1\ C0\ A3\ A2\ @5\
8x8Trax_1006982 Izeul vs. Amanda : @0+ B1\ B0/ C1/ A3/ C2\ D2\ B4+ @2+ A1\ B0\ E2+ C6+ C7\ B6/ A6/ @6/ A3+ E7\ E8\ F8\
8x8Trax_1007001 Gone with the Wind 25871 vs. B Line electric streetcar : @0/ @1/ B2/ C1\ C2+ D2/ @1/ A2/ E3/ E0/ F3/ A1+ C0+ @3+
8x8Trax_1007056 Mististar vs. Misery Midnight : @0+ B1\ A0+ @2/ C3\ D3\ B4/ C5/ B5/ E5\ E6\ F4/ F3+ B6/ E7/
8x8Trax_1007293 Megababe vs. Aphrodite : @0/ A0/ @2\ B0\ A1\ A0\ @3/ D1/ D0/ D5\ E5+ D6/
8x8Trax_1007370 spitfire vs. *Rosie* : @0+ @1\ A2/ @1\ C2+ @1/ A2/ @2/ C0+ A4\ C0+
8x8Trax_1007733 Honeybear vs. Morticia : @0/ A2+ B1/ A3+ @2\ B4+ D1/ D0/ D0+ E3+ D0\ @3+ B0+ @1+
8x8Trax_1008490 Megababe vs. Nina : @0/ A2\ B2\ @2\ B3+ @1\ B0/ A3+ C1+ D5/ B5+ E5\ D6/ B7/ A7/ @5\ A2\ @7/ C8/ B1\ A1\
8x8Trax_1008504 gramat vs. Whistler Gandalf : @0/ A2\ B1/ C1+ C2+ D1/ D0+ D0\ D0\ B2+ A2\ @1/ D0/ F1+ G2\ F4\ G4/
8x8Trax_1008781 dyson vs. Misfit Lenrad6672 : @0/ A2\ B1/ B2+ C1\ B0/ C3\ C4\ D2/ E3/ D1+ E2+ F2\ C5/ @2+ E0/ F2/ H3/ E0/ F1/ H2/ E0\ D1\ C1\ A6/ B7+ B8\ F8\ B3\ H6\ H7\ H8\ G1/ H1/ A1/ A8/ A3+
8x8Trax_1008996 Tigger vs. Isischylde : @0/ B1\ B2\ B3\ C2+ A2+ @2\ B0\ C1+ C0+ @4\ F5/ E6\ F2+ G3\
8x8Trax_1009051 Jon Dann from Taiwan vs. Phil The Hat : @0/ B1+ A2+ C2/ A3/ B3+ B0/ @2/ A5\ A1\ @1\ C0/
8x8Trax_1009230 Nan54 vs. Cachel : @0/ A2/ @1\ A0+ B1+ A0\ B5\ C4/ @1+ C1/ C0/ D2+ B1+ B0\ A2\ D7\ E7\ @2\ A1\ C0/ F4+ @2\ H4+
8x8Trax_1009334 Rogue Trooper vs. Aphrodite : @0/ @1+ C1/ B2/ C0/ D1/ B0\ @3/ @3/ D0+ C1\ A3/ A2+ @1/ H5\ F6/ B6/ A6+ H1+ H0/ G8+ H8\ A8\ E1+
8x8Trax_1009352 * Sassy_Angel * vs. Jay RAA : @0/ A2\ B2\ B3\ C2/ C1/ D2\ A4/ @4/ C5\ D5\ E5\ F4/ F3/ A2+ @4/ H3/ E0/ G2/ H3+ F7+ G1+ F8+
8x8Trax_1009362 (((INTENSITY))) vs. firefly : @0+ B1\ C1/ A0/ @2\ C3+ B0/ D1+ D4+ E1\ B0/ @3/ @3/ E6+ H3/ G1+ C5+ C6\ F6\ A6/ B7/ E7+ C7\ E8+
8x8Trax_1009461 littlelady vs. Rogue Trooper : @0+ A0+ A3+ A0/ B1/ @4+ B5+ A5+ B6+ @5\ D4/ E1+ C7+ D0/ D7+ E5+ D8+ B8\ E8\ F6/ @6\ B4\ H8+ G2\ H4/ C3+
8x8Trax_1009526 DIRKSTRA vs. Rogue Trooper : @0/ A0/ @2/ B0+ C1+ C3\ A4+ D2+ @1+ C5/ D5+ @1/ B0+ B0/ D1+ D0+
8x8Trax_1009833 toadisgimpy vs. Pamper Me : @0/ @1\ B0/ A1\ A0/
8x8Trax_1010179 Freight Train vs. mcinturff : @0+ B1+ A2\ B0/ A1+ C2\ C4\ D4\ B5/ A5/ @2/ E2/ F2/ D6+ F5\ G5\ F6+ H6+ F1+ D0/
8x8Trax_1010190 Rogue Trooper vs. OKLAHOMA GIRL : @0/ A2\ B1/ B0\ B3\
8x8Trax_1010197 Kran vs. mcinturff : @0/ B1+ A2/ C1+ @1\ A0\ @2+ D1/ D0/ F3+ @3/ B5+ D5+ H3+ F5\ B6/
8x8Trax_1010268 harmonydawn vs. mcinturff : @0+ B1+ B2/ B0/ A1+ B0/ C2/ B0\ D4\ D5\ C6\ C7\ D6\ @4+ E7\ F7\ F8\ G5+ H3/ H5+
8x8Trax_1010455 Rogue Trooper vs. touchpoint : @0+ @1+ A2+ @1\ B0+ C1/ B0+ A1+ B0+ @3\ C6+ A2+ A1/
8x8Trax_1010622 Patrick vs. Honeybear : @0+ B1/ B2\ C2\ C3+ A3/ A4\
8x8Trax_1010699 MIA 6690 vs. mcinturff : @0+ @1+ B2/ A0\ @1+ D2\ @1+ @1\ A0\ E5+ @1+ H4/ C0/ D1/ A1\ A0\ E2\ F4/ F3/ E1/ A0\ B1\ D1\ G3+ C6/ C7/ C8/ G2/ F1+ H1/
8x8Trax_1010866 cocopuff vs. drgnrdr : @0+ A2\ A0/ B1/ C1+ B0\ D4\ C5/ D2/ E3\ @3/ E1+ C0\ B6\ D1/ D0/ D8+ E8\ F8+ G8/ B3+ @6\ B4+ A3\ A2\ C1+ G2\ B8+ H2+
8x8Trax_1011469 Patrick vs. Misery Midnight : @0+ @1+ A0+ C2\ @1/ D3+ C1/ E2/ C0/ F3\ F4\ B4/ C5\ B0\ A1\ @1\ A4+ D0/ E1/ F1/ @3+ C7+ F0+
8x8Trax_1011683 Pamper Me vs. toadisgimpy : @0+ A0\ A3/ @1\ A0\ @1\ @4/ A5/ B0\ @2\ C6+ F4+ D7\ E7\ F6\ @3/ F8\ G7\ G8+ H6/ A4/ H4/ H8+ H3/
8x8Trax_1012283 cocopuff vs. * Sassy_Angel * : @0+ B1\ B0/ C1/ @2+ C3/ B3/ A1\ D0+ A5\ @3\ E3\ F3+ C6/ A6+ @4/ C0\ B3\ C0+ B1\ A2/ A3/ @5+ B7+ G2+
8x8Trax_1012393 Elvis vs. Mainmang : @0/ A2\ B2+ B1+ C1/ C0+ C3\ D3\ A1\ A0/
8x8Trax_1012461 Goodtime politics vs. Honeybear : @0/ B1\ A2/ B0\ B3\ B4\ C3+ D2\ D4+ B0\ E5+ @3+
8x8Trax_1013170 Lyonsgirl vs. supermac : @0/ A2/ B2+ @2/ C3\ B4\ D3+ D4\ D5+ E5\ A5/ @2/ C6/ A5+ @5/ A2+ C6+ D0/ C8+ B7+ F1+
8x8Trax_1013369 (**)(**) Bunny Toes vs. drgnrdr : @0/ A2+ B2/ A0/ B2+ @2\ A3+ D2\ C4\ E3/ @3\ F1/ A2+ D0/
8x8Trax_1013371 drgnrdr vs. Uncle Chuckie : @0+ B1\ B2\ @2/ B3\ C3+ A3/ C4/ C5/ @3/ E3/ E4+ A1+ @3/ B4+ F0/ G1/ G6\ G7\ B1/ E0/ @6\ B7/ A7+ B2\ C1/ B8\ C8\ H5+ H4/
8x8Trax_1013372 drgnrdr vs. charrik1518 : @0+
8x8Trax_1013376 drgnrdr vs. DiGaWiD : @0+ @1+ A0+ C2+ @2\ C3/ C1+ B0\ A0/ C2+ C6/ D3/ D6\ C7/ E4+
8x8Trax_1013379 Vacant 1884 vs. drgnrdr : @0/ B1+ B2\ C2+ A3/ @1/ B0\ D4+ D5\ @3/ A4/ C6\ @3\ A2\ A1\ F6/ A0\ @1\ F1/ F0/ H5/
8x8Trax_1013521 FujiTape vs. dream_on : @0/ B1\ A2/ A3/ C1/ C0/ @2\ A1\ D0/ C2\ B1+ B0/ A1\ A0\ E3/ B1/ @2+
8x8Trax_1013590 Jump This vs. Aphrodite : @0/ A0+ A0/ @2+ B0/ B0/ B0+ A1+ B0/ C4\ D3\ C7\ B8/ @5+ E7/ D5+
8x8Trax_1014020 Jump This vs. Aphrodite : @0/ @1+ C1/ B2/ C0/ D1/ B0\ B0+ A1\ @2\ @2\ A1\ D0+ G2/ G1/ G6+ F7+
8x8Trax_1014185 Buz vs. mcinturff : @0+ @1/ @1\ A0\ C1+ B0+ A0/ @3/ D2/ E3\ F4/ E5\ F1/
8x8Trax_1014572 Adam vs. Goonerg : @0/ A0/ @2/ @2/ B0+ C0\ @2\ A1\ C0/ E2+ E4+ B6/ @4/ G3/ G5+ C0+ E8+ H6+ H7\ A6/ H3/ G2+ F1+ H1+ A2+ B8+ A7+ H8+
8x8Trax_1014575 Mainmang vs. Elvis : @0+ B1/ B0\ A1+ @2/ A1+ A3/ C0/ D2+ C4+ D4\ B1\ B0/
8x8Trax_1015310 Megababe vs. Uncle Chuckie : @0/ B1+ C1/ C0/ B0/ A2+ B0/ C1\ @4/ D5/ A1\ E4+ @3\
8x8Trax_1015339 FujiTape vs. dream_on : @0/ B1\ A2/ @2+ D1/ D0/ D0/ E3\ C4\ C5\ C1\ D0/ @3+ E0\ D2+ B2/ B1/ @3\ B6/ A6/ @6/ G8\ H7/ C7/ D8+ B7+ H8\ B4+ A4+ B2+ A1\ B8+ H1+ A8/
8x8Trax_1015586 AWOL 27087 vs. Megababe : @0+ A2+ A0\ B2\ @3/ D2\ A2\ D1/ C0\
8x8Trax_1015716 Zieken vs. mcinturff : @0+ @1+ B2/ B0/ B4/ @3+ A2+ D3+ @3+ F3+ G3\ G4\ F5\ H4+
8x8Trax_1015788 Megababe vs. DiGaWiD : @0+ B1+ A2\ A0\ @1\ @1+ B3+ @1+ E1+ C0\ C5+ @2+ A3\ A1\ C0/ G4+ D0+ H5+
8x8Trax_1016097 Misfit Lenrad6672 vs. dyson : @0/ A2\ B2\ B3+ C3+ B4+ D3+ @1/ B0\ C6+ B0\ A1\ @2\ B0+ D3/ E4/ F7\ E3+ E2/ F2/
8x8Trax_1016297 supermac vs. McStack : @0/ A0/ B1/ C1/ B0\ B0\ D3/ C5+ E4\ E2+ E5+ E0/ F1/ D0+ @7\ A8/ B3/ @8\
8x8Trax_1016796 Misery Midnight vs. Sweet Pussycat : @0/ A2+ B1/ B3\ C3\ A3+ C2/ D3\ @3/ A4/ B0\ A1\ @5/ B2/ A1\ @1\ B6\ D6\ F1/ F0/ C8\ D8+ E8/
8x8Trax_1016831 * Sassy_Angel * vs. Honeybear : @0/ A2\ B2\ B3\ C3\ C1/ D2\ A4/ @3\ C5+ E3\ C6+ A2\ B0\ C8/ B8/
8x8Trax_1017000 toadisgimpy vs. Vacant 27452 : @0/ B1\ A2/ B2+ C2\ C3\ B0+ D3/ D2/ D0/ E2\ F5+ F6\ A2+ D0\ F8+ G8\ A7/ C1+ @6/
8x8Trax_1017159 heidibb vs. Honeybear : @0+ B1/ B2\ C1/ D1/ B0\ A1\ C3+ B4\ E2/ C0+
8x8Trax_1017259 REBEL DJ vs. Honeybear : @0/ A2\ B2+ B1+ C1/ C0/ C0+ D1/ B5+ C0\ A3+ C0\ @3+ @3/ A4/ F4+ B5+ @5\ E0+
8x8Trax_1017526 Rogue Trooper vs. Aphrodite : @0+ A0\ A0\ B3/ @1\ A0\ @3/ E4/ E0+ F4+ C0+ @5+ A6/ B7/ B8/ A8/ H4\ F1/ B1+ D7\ F8\ G8\ H6\ A2\ H8+
8x8Trax_1017835 roses4gypsy vs. keops : @0+ B1/ C1\ C2\ A0\ B0/ C2/
8x8Trax_1018124 DragonHeart MIA vs. Honeybear : @0/ B1\ A2/ @2/ B3\ C2+ D2\ D3\ E3\ C4+
8x8Trax_1018164 Sir Pussycat vs. ema : @0+ B1+ B2+ C1\ @1\ A0+ C1+ B0/ C5+ C1+ D1/ E2/ E1/ D0/ E1/ C7\ D7\ E6\ D8+
8x8Trax_1018412 heidibb vs. pepperbeach : @0+ B1+ A0/ A3/ @3/ D2+ C3+ E2+ B4+
8x8Trax_1018484 Chef Jeff 1 vs. Honeybear : @0+ @1/ @1\ B0/ A1+ A0+ @1\ A0\ A0+ @2/ B0+ A4+ B5/ B7+ B0+ A7+
8x8Trax_1018499 Chef Jeff 1 vs. pepperbeach : @0+ B1+ A0+ C2+ A0+ D3+ A4+ E3+ @2/ C2/ C4\
8x8Trax_1018718 * Sassy_Angel * vs. pepperbeach : @0/ A2\ B2\ B3/ B1+ C1/ B0/ B0\ A1\ D3\ @2+
8x8Trax_1018864 derekaluk vs. HeatherN : @0/ @1\ B0\
8x8Trax_1018990 Misery Midnight vs. goldfreckles : @0/ A2\ B2\ C2\ A0\ @2/ B4+ C2/ A5/ @5/ D0/ E2\ F4\ A4/ @5/ A6/ E6+ B3+ F7\ @6\ F7+ E0/ D2/ B4\ F1/ A5/
8x8Trax_1019267 B Line electric streetcar vs. Vacant 1884 : @0/ B1\ B2\ B3\ A2+ A0/ @4+ @4+ C5+ B1\ C0/ E6/ F4+ A6+ A2\ G3\ @2+ A1\ B1+ C0+ G1+ F8\ G8\ DRAW
8x8Trax_1019464 Misfit Lenrad6672 vs. DiGaWiD : @0/ A2+ A0\ @2/ A1+ C1\ D2+ B4+ E2+ E3+ F2+ B5+ G2+ D4+ A4/
8x8Trax_1019945 HeatherN vs. derekaluk : @0/ B1\ A2/ @2/ B0/ C3+ A4/ B5/ @3+ B5/ B6/ C7\ @3+ E7+ @3+ G5\ G6\ H6\ G7\ G8\ H7\ H8+ G2+ H2/ B4+ A4/ C7/ C8\
8x8Trax_1020159 Elvis vs. Mainmang : @0+ @1\ @1+ B0/ A1\ A0\ C2/ B1/ A0\ D3+ C2+ D2/ E4\ D5+ E5+ E6\ D6+ F4/ F3+ A0\ F3/ F2+ E2+ F1/ E1+ A0/ B2\ C7+ C3+ B1+ F7\ G7\ @2/ A3/ G8+ A4/ H5\
8x8Trax_1020334 snaP632 vs. gladriel : @0+ @1\ B2+ C1/ B3+ C0\ B1+
8x8Trax_1020365 Megababe vs. psycotic virus hacker : @0/ B1\ A2/ @2\ @2\ B1\ B0/
8x8Trax_1020367 snaP632 vs. gladriel : @0/ B1+ B0+ C2\ A1+ C3/ C1+ B3+
8x8Trax_1020675 Fallen Angel vs. Scorpio-Lady : @0/ B1\ A2/ B2\ B3/
8x8Trax_1021554 Abaitha vs. Honeybear : @0/ A2\ B2\ B1+ C2/ B3\ D2\ @3/ B4\ D1+ C0/
8x8Trax_1021610 Geri39 vs. Misfit Lenrad6672 : @0/ B1\ B2\ A2+ C1\ C2\ @1\ C3+
8x8Trax_1022228 Misfit Lenrad6672 vs. Uncle Chuckie : @0/ B1+ A0\ @2/ A1+ D2\ D3\ C4/ C5+ E4/ B5/ B6/ @4\ A1\ @4/ G6\ H5+ F7/
8x8Trax_1022400 Scorpio-Lady vs. Fallen Angel : @0/ A2\ B1/ @1/ C2\ D2\ @1+ B0\ E1/ D0\ D0+ E2/ E1/ F3\ F5/
8x8Trax_1022440 Misery Midnight vs. Dave (UK) : @0/ A2\ B1/ B0+ B3\ C3\ A4/ @4/ A5/ A6+ @6+ B7+ B8/ A8/
8x8Trax_1022471 Honeybear vs. Dave (UK) : @0/ B1\ A2/ @2+ C2\ C3\ C0\ D1/ C0\ @4+ F3+ B5/ B6/ E6+ C7+ G3+ G5+ H3+
8x8Trax_1022514 Misery Midnight vs. immitzi : @0/ A0/ @2/ @2+ A3\ A0\ @2/ D5+ E1/ E4+
8x8Trax_1022554 Misery Midnight vs. nursestary : @0/ A2\ B1/ B2+ B3\ C2/ B0\ A4/ @4\
8x8Trax_1022605 Megababe vs. Zieken : @0/ A2\ B2\ B3+ @2\ @2\ C0/ C5+ C6\ D6\ A6/ B7/ @6\
8x8Trax_1022662 Tigger vs. Megababe : @0/ @1/ A2+ C1+ @1/ B3/ C3+ E2/ @2\ D0/ B0+ E6+ B6\ B0/ @3+ F1/ E8+ G3/
8x8Trax_1022673 psycotic virus hacker vs. Megababe : @0+ B1\ C1/ A0/ C1+ @2/ C3\ @2/ F3\ D4\ A5/ @5/ G1/ F0+
8x8Trax_1022685 Vacant 27452 vs. heidibb : @0/ A2+ A0\ @1\ A0\ B5\ C5\ D5+ B6/ A6/ @2\ B4+ A1+ @1\ B5+ F6+ C7+ D8+ A4\ C8+ B8/ A6\ @5/ H6\ H3+ H2/ A4+ B2+
8x8Trax_1022695 Geri39 vs. heidibb : @0/ A2+ A0\ @1\ A2+ A3/ B0\ @3+
8x8Trax_1022729 Honeybear vs. immitzi : @0/ A2\ B1/ B0/ C2/ B3+ D3\ B4\ E2/ E1+ @3\ G2/ E1\ D0/
8x8Trax_1022731 Honeybear vs. nursestary : @0/ B1\ A2/ B2+ C2\ B3/ B4/ A3/ A4+ @2+ B0+ C1+ B0+ D2+ C1/
8x8Trax_1023287 Honeybear vs. Dionysos : @0/ A2\ B2\ B3+ B1+ C1/ D1/ C0+
8x8Trax_1023435 Rogue Trooper vs. Aphrodite : @0/ @1+ B2/ C1/ C0/ D1/ B0\ @3/ E0/ F1/ G1/ A6/ @4/ F6+ D7/
8x8Trax_1023632 Misery Midnight vs. Dionysos : @0+ @1+ A0/ B3\ @2/ A3/ @2\ D4/
8x8Trax_1023866 DINGEROO vs. Honeybear : @0/ B1\ B2\ C2\ A0\ @2/ B3/ C4\ E2+ E1/ B0\ F3/ B0/ C2+ D1+ C0\ F4/
8x8Trax_1024039 bambam vs. heidibb : @0/ A2+ B1+ A3\ @1/ D2/
8x8Trax_1024152 heidibb vs. CapCase : @0/ A2\ B2\ B3\ @2/ @2\ A1\ B0\ @2/ E1/ F2+
8x8Trax_1024379 porkpie1 vs. heidibb : @0/ B1\ B2+ B3/ A3/ @2/ B4\ A0\ A4/ @2\
8x8Trax_1024484 patty vs. heidibb : @0/ B1\ B2\ B3\ B0/ C1/ B0/ A4+ C4/ D2/ A1\ @1+ C0\
8x8Trax_1024951 Elvis vs. Mainmang : @0/ B1\ A2/ @2+ C2\ C3\ B3+ C4/ B4/ A0\ @1\ C6/ E2/ E5\ D1/
8x8Trax_1025024 Pamper Me vs. toadisgimpy : @0/ A2+ @1\ B0/ C3/ C1/ D2/ D1+ D4\ E4/
8x8Trax_1025212 Jay RAA vs. Megababe : @0/ A2/ B2\ B3\ C1/ A0/ D3/ C1+ E4\ D5/ F3/ E2+ F2+ E1\ G4\ C0+
8x8Trax_1025466 Honeybear vs. blue - : @0/ B1+ A0\ @2/ B3+ D3+ C1+ @3/ C4/ D0+ E2\ E1+ D5\ C6/ D0\ B3+ B2+ A2\ F5+ E6+ A4\ @5+ A4+ @4\ B3+ H2/ H6+ F7\ G8/ H1+ A5/ A6/ C8+ H8/ B1\ A1+
8x8Trax_1025849 Nan54 vs. Nargada : @0/ B1+ @1\ B0/ C3\ B4\ A1+ A4/ A5/ @3\
8x8Trax_1025866 Megababe vs. Zieken : @0/ A2\ B2\ B3+ A0/ C3\ B2+ @3/ A2+ E3\ C5/ A4+ D1+ C0\ E6\ @4+ E7/
8x8Trax_1025890 Honeybear vs. Stinger : @0/ A2/ @2\ C1+ A3\ @2/ D4\ E3/ C5/ B5/ A5/ A6/ @3+ F6\ G6+ E7\
8x8Trax_1026289 Misery Midnight vs. blue - : @0/ B1+ A2/ C1/ D1\ D2\ B3/ @2/ D4\ B3+ @3\ E0+ F5\ G5+ H5/ G4/ G6/ H3\ D7/ C7+ B7\ B6+ F1/ E0/ G2+ F1+ C2+ B1/ A8\ G1+ G8\ H8\ H1+
8x8Trax_1026293 Misery Midnight vs. Stinger : @0/ A0/ B1/ A0\ @1\ C0+ @1\ A0\ B4/ A4/ @4/ A0\ @2/ B0\ C7\ C1/ D2/ B0/
8x8Trax_1026451 Gone with the Wind 25871 vs. Goonerg : @0/ A2/ B2+ @1/ B3\ D1\ C0+ E2\ E4\ F3/ F0/ G4/ G1+ @3\ B2+ E0\ D1+ D0/ G7\ D8/ B6+ C1/
8x8Trax_1026452 Goonerg vs. Gone with the Wind 25871 : @0/ A0/ B1/ A0\ @2/ A1+ A0/ @1\ A0\ B5/ A5/ @4+ F2/ E1+ C0+
8x8Trax_1026468 Shosie vs. Misery Midnight : @0/ A2\ B2\ B1+ C2/ C1/ @1\ B0/ B4/ A4/ @4/ B1\ B0\ D1+ @3+ E0\ B7/ @3/ H4/ A5/ A6+ C8\ C1+ G7\ G8\ F8+ H7\ H8\ B8+ G1+
8x8Trax_1026482 Misfit Lenrad6672 vs. Uncle Chuckie : @0/ B1+ A0\ @2/ A1+ D2\ D3\ E3\ E4\ E1/ D0/ F3/
8x8Trax_1026484 Tigger vs. Misfit Lenrad6672 : @0/ B1\ B2\ A2+ @2/ B3\ @2/ E2\ A1\ D3+
8x8Trax_1026893 Mististar vs. Morticia : @0+ @1+ B0+ @2+ C0+ @3+ @3/ A4/ @4\ G3+ A3+ A2\ H3\ H4\
8x8Trax_1027092 Megababe vs. Sarah : @0+ B1\ A0/ @2/ A3/ A4+ @4/ A5/ A2\ @4/ B1/
8x8Trax_1027093 Megababe vs. Sarah : @0+ B1+ A2\ B0/ C1/ D1+ C3+ @2+ C0+ B1\ @3/ A4/ D5/ G2+ B5+ @4+
8x8Trax_1027094 Sarah vs. Megababe : @0/ B1\ B2\ C2\ C3\ A2/ C4/ @2/ C4+ B3/ A3/ A4/ A5/ D5+ B6/ E3+ B0/ @5+ F5\ D0+ @5+ @5\ C1+
8x8Trax_1027314 ejd vs. DragonHeart MIA : @0+ B1+ A2/ C1+ @2\ E1+ A1+ A0\ C1/ D3\ @1\ D0\ C1\ E5/ E1/ C5\
8x8Trax_1027357 Megababe vs. Jay RAA : @0+ @1/ A0/ @2/ B3+
8x8Trax_1027363 Megababe vs. Jay RAA : @0+ @1/ A0/ A3\ A4\ C2\ @2/ C3+
8x8Trax_1027416 AWOL 27087 vs. Megababe : @0+ A2+ A3+ A4/ A0\ @2/ C3\ D4/ C5+ A5/ @3/
8x8Trax_1027480 Megababe vs. AWOL 27087 : @0+ @1+ A2\ B0/ A1+ @1\ C0/ D4\ B5\ D5+ C0/ D4+ E4+ E3/ F3/ E2/ E1+ A4+ F1+ F0/ D8+ E8\ F8\ G5/ A7/ A8/ @5+
8x8Trax_1027482 ejd vs. superkaempe the gentle giant : @0+ @1\ @1/ B2\ C0/ @2\ C0/ B2\
8x8Trax_1027579 Jay RAA vs. Megababe : @0/ B1+ @1\ B0/ B3\ B4\ C4\ D3+
8x8Trax_1027599 ejd vs. immitzi : @0+ @1+ A0/ A3/ @3\ A1\ C3+ A0/
8x8Trax_1027611 Megababe vs. Male born 1964 : @0+ @1/ A0/ A0\ @2/ D3\ B4/ C5/ E5+ F5\ D6+
8x8Trax_1027794 Nan54 vs. Judy : @0/ A2\ B1/ B2+ A3/ @2\ D1\ D2\ E2+ D3\ B4/ C0/
8x8Trax_1027985 toadisgimpy vs. Pamper Me : @0/ B1\ B2\ C2\ A2/ B3+ B4/ @2/ B3+
8x8Trax_1028051 ejd vs. nursestary : @0+ @1+ B2\ C1+ B0/
8x8Trax_1028089 Stinger vs. Adam : @0/ A2\ B2\ B3+ @2+ @3\ A4+ @2\ B1/ B0/ F4+ C0/ D1/ D0/ E2\ B1\ A2/
8x8Trax_1028110 ejd vs. Stinger : @0/ B1/ B2\ C2\ A3/ @3/ A1\ @2+
8x8Trax_1028320 Chef Jeff 1 vs. DINGEROO : @0+ @1/ B0+ C2/ B0+ C1+ B0+ A5+ @5/ A6/ C0+ @6\ B5+ @7/ @7/ B8\
8x8Trax_1028352 Chef Jeff 1 vs. Mististar : @0+ B1+ A0+ @2+ B3+ D2+ @2/ C4\ D4\ E1/ D5+ F2+ D6+ B3+ G2/ E0\ D8+ C1/ H2/ H1/ H3\ F4+ G4\
8x8Trax_1028594 REBEL DJ vs. * Sassy_Angel * : @0/ @1/ A2+ @2+ @2/ A3/ @2+ A1\ C0/ F2+ G2\ F4+ E5\ D6+ D1+
8x8Trax_1028626 * Sassy_Angel * vs. DINGEROO : @0/ A2\ B2\ B3+ C2\ D3\ C4/ C1/ D1/ E1/ @2\ B0\ D6\ E6\ D0\ G3/ D0\ C2+ F7+ H4/ A3+ B1+ A2+ C8+ B7+ A8/ G8+
8x8Trax_1028627 * Sassy_Angel * vs. Mististar : @0/ B1+ A2/ @2+ A3\ C0/ D1/ E1+ @2/ C1\ C0\ B2\ E1/ D0+ B2+ G3+ D0\ C2\ C1+ H4+ A3/ B1\ A1\ B0+
8x8Trax_1028629 * Sassy_Angel * vs. dingbat : @0/ @1/ B0\ A1\ @2/ A3+ @3\ B1\ C0+ C0/ E3/ E2/ B6\ E4+ F4\ G3/ F1+ G1\ D7/ G5\ H5\ C7/ C8/ A8+
8x8Trax_1028630 SweetCindyJo vs. AugieDawg : @0/ @1/ A2\ B2\ C2\ D2\ B0+ @3/ A4/ E2/ F3\ F1/ E0\ @4/ H4/ H3/ E1\ D0\ C1\ H6\ F6/ G7/ E6+
8x8Trax_1028674 SweetCindyJo vs. Ace1316 : @0/ A2\ B2\ B3\ C2/ C1/ C0+ D2\ D3+ B5/ @3/ D5\ C6/ A4/ A5+ @5/ F5+ G4/ H4\ F6+ F7\ G7\ H5+ E0+
8x8Trax_1028765 Chef Jeff 1 vs. dingbat : @0+ B1+ A0+ A0\ A4+ @1/ A2/ B5\ C2/ D3\ @2+ E4\ D5+ @2\ G3+ F1+ F0/ H3\ F0/ B2/ D0+ B1+ B6/ B7/ H7\ H8\ B8+ A8/ H1\ A1+
8x8Trax_1028951 sselan vs. ejd : @0/ A2\ B1/ B0+ C1\ C3\ D3\ D1/ C0\ E4/ E2\
8x8Trax_1029252 Honeybear vs. DINGEROO : @0/ A2\ B2\ B3+ @1\ B0/ D3/ D2+ D1+ C5/ A5/ @3\
8x8Trax_1029797 heidibb vs. DINGEROO : @0/ B1\ B2\ C2+ B0\ B4/ A4\
8x8Trax_1029800 heidibb vs. Mististar : @0/ A2\ B2\ B1+ B0/ C3\ @2\ B1+ B0\ A2\ C0/ D2+ E2/ D1/ F4+ E6\ F1/ A2+ E0\
8x8Trax_1029871 Chad vs. ema_18 : @0+ @1\ A0\ B0/ C2+ @2+ C0+ @3+ B1\ B0\ @3/ G4/ F3/ B5/ B6/ D1/ C0\ G4/ D7\ @5/ C8\
8x8Trax_1030006 Rogue Trooper vs. Aphrodite : @0/ @1+ C1+ A0\ A0\ @1\ A0\ @4+ @1+ E5/ F1+ C0+ G4+ F7\ G7\ H4\ B1+ H3+ D7+ G2+ E0+ B7/ A7/ A8/ DRAW
8x8Trax_1030071 Pamper Me vs. toadisgimpy : @0/ B1+ @1\ A0/
8x8Trax_1030169 heidibb vs. dingbat : @0+ A2+ A0/ B1/ B3+ A4/ A5/ C2+ @3/ A4+ E2\ D4+ B6\ A2+ B0/ F4+ A2\ @4/ E6+ H4+
8x8Trax_1030242 toadisgimpy vs. Pamper Me : @0+ A2/ @1+ B0/ C2+ B0\ A2+ D2/ D1/ C4\ C0+
8x8Trax_1030244 toadisgimpy vs. Pamper Me : @0+ B1\ B0+ @2/ C3\ B4\ B5/ C4+ D4\ D5/ C0/ D2\ D4+ E1/ D0\ A3\ @3/
8x8Trax_1030442 Goonerg vs. *David : @0/ A0/ @2/ B0+ C2+ D2/ D1/ B4+ D3+ E1/ B5/ C5+ E4+ A0\ @2/ E7/ G4\ F8\ G8\ C8/ B8/ A8/ @8/ G1+ H1/ B1+ B3+
8x8Trax_1031525 Megababe vs. Jane : @0/ B1\ A2/ B0+ B0/ C2/ D2/ E3/ C1+
8x8Trax_1031528 Jane vs. Megababe : @0+ A0+ A0/ @2/ C3\ @2/ C0/ D3+ B1/ @2/ A1/ D5\ C5+ F1+ D0+ G2\ C7+ C8\ E8+
8x8Trax_1031656 DINGEROO vs. Misery Midnight : @0/ B1\ B2\ C2+ @1\ A0\ C4/ B4/ B5+ D1/ E1/ C0\ B1\ A1\ D6\ A5/ C7\
8x8Trax_1031930 MIA 30996 vs. Misfit Lenrad6672 : @0/ B1\ C1/ B2/
8x8Trax_1032107 TN_Sapphire vs. Honeybear : @0/ B1\ A2/ @2/ A3+ A4\ C3\ D2\ @4/ C5/ C6/ D4\ E3\ E4+ F4\ A3\ @4/ A5+ A6\ A7\ F5/ F6+ E7/ D7/ A8\ @6+
8x8Trax_1032195 heidibb vs. Vacant 1884 : @0+ @1\ B2\ @1\ C0/ D1/ D0/ E3\ F3+ F4\ F5\ A4/ A5+ @3/
8x8Trax_1032340 Honeybear vs. Cachel : @0/ A2+ B2/ B3/ C3\ B4/ B1+ C1+ D3\ E2\ B0\ C5\ @3\
8x8Trax_1032672 Goonerg vs. Vacant 1884 : @0/ A2\ B1/ @2\ B0+ B0/ D3/ A5/ @5/ D5\ E6/ F1+ F0/ G1/ E8\ F8\ A3\ @4\ B2/
8x8Trax_1032803 *Make Peace vs. Goonerg : @0/ @1/ B2/ A2+ A0/ @1/ A3/ C1/ @3/ B4+ B5/ @3/ B1+ @5/ A6/ E0+ @6+ B3+ A3\ @2/ D1+ D0+ A1+ E8+ F8\ DRAW
8x8Trax_1032804 Goonerg vs. *Make Peace : @0/ A0/ B2/ C2/ C1/ C0/ @2+ D0/ E1/ E0/ F4+ F6+ @5\ @4/ F0+ F0/ B5+ A3+ B1+ A8+ H1+
8x8Trax_1033295 Marko vs. bluewolf : @0/ B1\ B2\ A2+ @1\ B0/ D2\ A1\ B0/ E1/ E0/ D1+ F2/ C0\ B1\ D1/ A2+
8x8Trax_1033628 heidibb vs. Logged Off 9554 : @0+ @1+ B0\ B3\ C3+ D2\ D1\ A3+ D0/ E1/ @3+ A4+ @3\ A2\ C1/ E0/
8x8Trax_1033819 hayleesam vs. Misfit Lenrad6672 : @0/ A2\ B2\ B1+ C1+ C0/ C0/ B5\ D4\ D3+ @5\ F3\ E5+ F4+ F1/ G2/ F0\
8x8Trax_1034103 Megababe vs. Male born 1964 : @0+ B1\ C1\ D1/ D0/ E2\ E3/
8x8Trax_1034134 Pamper Me vs. toadisgimpy : @0+ @1\ A2\ B0+ C2\ C1+ @3/ A4\
8x8Trax_1034191 MountainMist vs. Adam : @0/ B1\ A2/ @2+ B0/ A0+ @2/ @2/ B3/ A3/ C5/ A6+ @6/ A3+ C0/ @1\ C0+ E1/ F1/ G1/ H1+ A7+ G6+ G7\ H4+ F8/
8x8Trax_1034192 MountainMist vs. Adam : @0/ A2+ @2+ C1/ D1+ D0\ C4\ E2/ A2+ F2\ F3\ F4\ F5+ G3+ @2/ F0/ G2+ E7+ C5/ C1+ F0+ C1+ C8/ A8+
8x8Trax_1034193 MountainMist vs. Adam : @0+ @1+ C1\ C2\ @1/ A2/ B3/ E2+ E3/ B4/ C0/
8x8Trax_1034346 Aphrodite vs. Rogue Trooper : @0+ @1\ C1\ @1\ B2\ C0/ A4/ @3+ E4\ C5/ F4/
8x8Trax_1034378 JenJen vs. bubbly : @0+ @1/ A2/ C1\ D2\ D3\ @1\ A0\ @2\ B0/ C1/ D2/ A1\ C0/ F4+ D1\
8x8Trax_1034380 JenJen vs. bubbly : @0/ B1\ A2/ @2+ B0+ @3+ C0+ @4+ @4/ A5/ F4+ F5\ @5/ A6/ @6/ A7/
8x8Trax_1034381 JenJen vs. bubbly : @0+ B1/ @1/ A2+ B0\ @3/ E2\ E3\ E4\ D5\ E5\ F4\ B4+ B0\ A2/ E7\ F6\ D8+ C1/ D1/
8x8Trax_1034623 Goonerg vs. immitzi : @0/ B1\ A2/ @2/ B0/ A0+ @4+ E2+ E1/ C0\ B0/ A2+ D1/ D0/ @3\ A1+ B0\ @2+ @2/ A4+ B5+ H3\
8x8Trax_1034624 Goonerg vs. Vacant 1884 : @0/ A2+ A3/ A4/ B3/ @2\ D1/ D3+ C0/
8x8Trax_1034627 Goonerg vs. Vacant 1884 : @0/ B1\ A2/ A3+ A0/ @3/ C4\ @1/ D5+ E1/ E0/ A5\ B6+ C1+ @6/ B7+ A2+ @5/ E0+ H3+ G1+ A2/ B1+ H7+ G8+ A7/ H1+ A8\ E8+ A4+ H8+
8x8Trax_1034670 Jay RAA vs. Megababe : @0/ B1+ @1\ B0/ D1/ C0/
8x8Trax_1035578 Rogue Trooper vs. Aphrodite : @0+ A2/ B1/ @1\ A0\ B0+ B5/ C4+ D2\ D0+ E1/ F1+ E0+ E5+ F6+ G6\ F7+
8x8Trax_1035889 scandic vs. Morticia : @0/ B1+ B0\ C2+ B3\ B4/ @2/ B4+ B5/ @3+ A1/ @3+ F1+ G2+ G1+ H2+
8x8Trax_1035902 arthur vs. ejd : @0/ A2\ B2\ B1+ C2/ C3\ D2/ D1\ B0/
8x8Trax_1036050 Chad vs. Uncle Chuckie : @0+ B1\ B2\ @1/ A3/ @1/ D4/ E3/ B4/ A4/ @2\ C5+
8x8Trax_1036134 Honeybear vs. DINGEROO : @0/ B1\ B2\ C2+ C3/ D3\ C4/ A3\ @2\ C0/ F4/ F3/ B1+ E2+ E1/ G3\ C0+
8x8Trax_1036217 heidibb vs. porkpie1 : @0+ B1\ B0/ C1+ D1\ D2\ A3/ B0/ A2\ C5/ @3+
8x8Trax_1036288 Marko vs. star2570uk : @0/ B1\ A2/ @2\ A1\ @1\ B0/
8x8Trax_1036544 Goonerg vs. Vacant 1884 : @0/ B1\ A2/ A3/ B3+ A0/ @3+ @1+ A0\ @3\ D0/ E1/ F1/ B6/ B7/ G1+ D0+ @5+
8x8Trax_1036681 Tigger vs. Goonerg : @0/ A2/ @1\ A0\ B4/ C3+ @2+ C5/ @4+ D6/ F3/ F1+ C0\ C8+ A2\ @3\ A2\ @2\ A1\ B6\ F8+ H5+ A7+ H1+
8x8Trax_1037460 Rogue Trooper vs. Aphrodite : @0+ A0/ B2\ C1/ A0/ B0\ @3/ @2+ @3\ F1/ E0+ G5\ G6/
8x8Trax_1037833 arthur vs. ejd : @0/ A2+ A0\ @2/ C3\ B4\ B5/ A5/ A1+ @5\ E2/ A4+
8x8Trax_1037886 arthur vs. ejd : @0/ A2+ @1\ B0/ B0/ B5\ B0\ A2+ A1+ A0/ @3\
8x8Trax_1037939 Pamper Me vs. toadisgimpy : @0+ B1+ A2\ B0/ C1/ D1+ C0/ E2+ C4+ F2+ E3\ F1/ E0/ G3+ E5\ D6/ A3+ H3+
8x8Trax_1038058 drgnrdr vs. Uncle Chuckie : @0+ B1\ B0/ C2\ D2\ @2/ A3/ @3/ B4/ A1\ B0\ @3\
8x8Trax_1038118 Vacant 1884 vs. drgnrdr : @0/ A2\ B2\ @2\ @1/ A0/ D2/ E2/ A4/ @3\ @2/ G4/ H3+ H4\ H5\ H2+ F5+ H6\ C6/ B5+ F6+ F7\ G8\ F1+ B7/ D8+
8x8Trax_1038897 Misfit Lenrad6672 vs. Uncle Chuckie : @0/ B1+ A0\ @2/ A1+ D2\ D3\ E3\ C4/ E1/ B0\ F3/
8x8Trax_1039430 klaashaas vs. Vacant 1884 : @0/ A2\ B1/ C1/ C2/ B3/ B4/ C3+ D2+ E3/ F3/ C0/ C0/ C7\ E6/ @6\ G7+ C8/ H6+
8x8Trax_1039950 Vacant 1884 vs. Rogue Trooper : @0/ @1+ B0/ B0/ @1+ C0/ @2/ @2/ B1+ F1+ A0\ @1\ H5\ H6\ A3+ F1/ D0+ B6/ A5/
8x8Trax_1039997 Scorpio-Lady vs. Fallen Angel : @0/ B1\ B2+ B3/ A2/ C1\ @1\ A0\ @3/ A4/ D5\ E5\ F4/ F2/ E1\ C1/ C0+ C0\ B1+ B6\ B7+ A7+ A8/ @8\ A2\ A1\ G3/ G2/ E1/ @8\ D8\ E8\ H1/ G8\
8x8Trax_1040083 DINGEROO vs. Honeybear : @0/ B1\ A2/ @2/ A0+ A4\ @2+
8x8Trax_1040208 cocopuff vs. * Sassy_Angel * : @0+ B1\ C1/ A0/ B0\ A0/ C3+ D3\ D2/ E3\ D1/ C0\ C6+ C7\ C8/ B7\ @4+ B6+ A6/ A7/ C8+ A8+ @2\ C1+ H5/ G3/ G2+ H3+ G1+
8x8Trax_1040376 Jane vs. Megababe : @0/ B1\ A2/ @2/ C2\ C3\ C4\ D3+ A3/ @3/ A4/ D5\ C5+ @3+ @1+ C0/ C7\ B6+ G7/ D1+ D0/ A5+ A6+ H8+ H4\ F1+
8x8Trax_1040583 heidibb vs. ringeding : @0+ @1+ B0\ B3\ C3+ A3/ A4/ B4+ B5+ C5\ B6\ @2+ @4/ B5+ A5+ B6\ E6+ A6/ A7/ @4+ @4\ A2+ H6/ D1\ D0\ G8\ C1+ B2\ H4+ E1/ G1+ H2/ E8\ B7/ B8/ A1+
8x8Trax_1040958 Rogue Trooper vs. Aphrodite : @0/ @1+ A0\ A3/ @1\ @2+ E1\ D3+ B4\ @4+ A5/ @5/ C6\ @4\ A3\ A2+ B0+ A1+ B0/ F7+ E2+ F1+ G8/ H8+
8x8Trax_1041272 ZZZ099 vs. Rogue Trooper : @0+ A2/ @1+ B0/ C2/ D2/ C1/ D3\ E3\ C4/
8x8Trax_1041301 Linda Sue vs. Jay RAA : @0+ B1/ A0/ A0\ @1\ C2+ D2\ B4/ A2/ @2/ A5/ @4\ A3\ A5/ @3/ A5\
8x8Trax_1041302 Linda Sue vs. Jay RAA : @0+ B1/ A0/ A0\ @1\ A0/ B1/ C1/ B5\ A5/ A6/ D5\ B6\ B7\ D6\ A7/ A8/ D3/ E3/ D7\ D8\ E4+ B8\ @8+ B3/ A3/ @5/ H5\ H6\ A7/ H7\ A3\ A2\ H4+ H2+ B1\ A1\ H8\
8x8Trax_1041303 Linda Sue vs. Jay RAA : @0+ B1/ A0\ A0\ @2/ @2/ B3/ A0\ C5/ @2\
8x8Trax_1041304 Linda Sue vs. Jay RAA : @0+ @1\ B0/ B0/ C2\ D2\ B4\ C3+
8x8Trax_1041580 drgnrdr vs. Meltdown Monkey : @0+ B1+ @1\ D1/ A2/ @2/ B3/ B0/ E1/ D0/ C5\ C6\ D7/ F2/ E1/ C0\ B1\ A3+ @2/
8x8Trax_1041584 drgnrdr vs. MIA 31091 : @0+ B1+ A0/ B3\ A3+ @2+ D1\ E3\ E4\ E5+ D0/ E1/ F3\ F5\ D5/ G3+
8x8Trax_1041688 Rogue Trooper vs. Dragon Jr : @0/ A2\ B2+ C2/ C1/ D1/ D0/ D0+ E4+ E5\ F2/ F1/ F5\ F6\ G4/
8x8Trax_1041800 Megababe vs. Male born 1964 : @0/ B1\ A2/ @2/ D1\ E1/ E0/ A1\ @2/ D1/ E0\ G1/ F0\ E1+ G4\ H3+ G5/
8x8Trax_1042394 Phil The Hat vs. McStack : @0/ A2/ A0\ @3/ A1+ @1\ A0\ @4+ B5/ A0/ D6\ @3+
8x8Trax_1042395 McStack vs. Phil The Hat : @0/ A2+ A3/ A4/ B2\ @1/ D1/ D0/ D5\ E2+ D6/
8x8Trax_1042396 Tactician vs. firefly : @0/ B1/ A2/ C2\ B3+ D2/ B4/ C3\ @4/ B5/
8x8Trax_1042397 firefly vs. Tactician : @0/ B1/ @1\ C0+ @2\ C3/ E2+ C4+ @2+ G2/ G3+ E5/ H4/ G1/ F0+ A2/ C1+ B5\
8x8Trax_1042403 firefly vs. Lours : @0/ @1+ B0/ @2\ @1/ B0+ B0\ C1+ B5\ E1/ C0/ E5\ F5\ E6/
8x8Trax_1042437 Lours vs. Rogue Trooper : @0+ A2\ @2\ B3\
8x8Trax_1042637 cocopuff vs. drgnrdr : @0+ A2/ A0\ @1\ @2+ B4\ D2/ D3+ E1/ D0\ C1+ E1+ E0/ E5\ F3+ C1+ @4/ C7\ D8/ @6+
8x8Trax_1042809 pepsi24 vs. Rogue Trooper : @0/ @1+ B0\ A1\ @2\ C0/ D1/ B4/
8x8Trax_1042848 Goonerg vs. DiGaWiD : @0/ B1+ C1/ C0/ C0+ C0\ A1/ D3+ A2/ A5/ A6/ @4\ A1\ B0/ @4/ @4\ B8/ A7\ A2\ C1\ F1+ H4\ G1+ A1+ F7\ E8/ G7+ H3/ H2/ G8\ H8\
8x8Trax_1042851 Goonerg vs. DiGaWiD : @0/ B1+ @1\ B0/ B0/ D2+ B0/ E3+ A1/ A3+ A0\ @2/ E1/ F3+ C0/
8x8Trax_1042928 Vacant 1884 vs. Goonerg : @0+ A0/ A3\ B1/ B4/ C4/ @4/ C5/ A1/ @1/ D0/ E2/ F2/ F1/ D0\ A6+ @3/ B1+ G0/ H3/ B8+
8x8Trax_1042999 FujiTape vs. pookster : @0/ B1\ A2/ A3/ B3/ B4/ C1/ C0/ @2\ B1/ B0/ B6/ @3\ @4\ C1\ C0\ F2/ D1/ D0/ B4\ A5\ @5\ B4\ A4+ C3+ G2+ H3/ D1\ G6+
8x8Trax_1043035 sweetcaroline vs. Goonerg : @0/ B1/ @1\ B0/ C1/ B3/ C0\ @4\ B5/ D5\ E3\ C6/
8x8Trax_1043064 immitzi vs. Adam : @0+ B1+ B2/ B0/ A1+ @2+ D3/ D4+ E1+ D5/ B4+ F2+ E5/ F5/ G4\ E6+ H4+ H5\
8x8Trax_1043232 *EAGLE ONE* vs. Goonerg : @0+ A0/ A3\ B1/ C1+ A0\ @2/ @2/ D0\ A5/ @5\
8x8Trax_1043404 Rogue Trooper vs. Aphrodite : @0/ @1+ @1\ A0\ A0+ @3+ B4/ E1+ C0\ @4/ A5/ @5/ A6/ A3\ B2/
8x8Trax_1043552 Geri39 vs. Rand al*Thor : @0/ B1\ B2\ A2+ A0\ @2/ A1+ A4\ C1+ A0/ A0\ @5\ A2\
8x8Trax_1043669 EMILY vs. Goonerg : @0/ @1/ C1+ C0/ @2+ C1\ @2+ D0/
8x8Trax_1043757 GornTC vs. Rand al*Thor : @0+ B1/ A0/ @2\ A0\ @3\ E3\ D4/ B4+ A1\ @1+ F2/ G3\ F4+ C5+ B5/ A5\
8x8Trax_1043790 heidibb vs. Goonerg : @0+ A0/ A3\ B3\ C3+ B4/ D1/ A0/ D4\ E4\ A0\ @3+ F4+ @3+ @3/ A4/
8x8Trax_1043841 The Machman vs. Phil The Hat : @0+ @1\ @1/ A2/ @2/ A0+ A0/ @3+
8x8Trax_1044081 Chef Jeff 1 vs. King Pete : @0+ B1+ A0+ @2+ @2\ C0/ D1/ C4/ A2+ E1/ C0\ C0+ B1\ A1\ @4/ C0+ @4+ B7/ D8\ A6/
8x8Trax_1044318 Rogue Trooper vs. jmosselmans : @0/ A2\ B2+ B1+ C2\ C3\ B0+ B5/ A5/ @4/ C0+ E6\ E7\ @4\ A3\ B6+ B2+
8x8Trax_1044466 pepsi24 vs. Goonerg : @0/ @1/ B0\ B0\ A2+ A4+ @3\ D2\
8x8Trax_1044541 Nan54 vs. tobalea : @0/ B1\ B2\ A2+ @2/ @2\ A1\ C3/ A0/ B1/ A4/ B5/ @3/
8x8Trax_1044651 Rand al*Thor vs. Vacant 12565 : @0/ B1\ A2/ A3/ B0\ A0\ @2/ C5\ B6/ A6\ C6\ D5+ B7\
8x8Trax_1044946 Rand al*Thor vs. betty : @0+ B1+ A2\ B3\ A0/
8x8Trax_1045032 Rogue Trooper vs. immitzi : @0+ @1+ A0/ A3/ @3+ D2/ B0/ A2+ B0/ A0+ @3/ B0/ F3/ F2/ E2+ F1/ E0+ G3+
8x8Trax_1045099 drgnrdr vs. Vixen Vampire : @0+ @1/ @1\ A2/ A0/
8x8Trax_1045296 Megababe vs. Jay RAA : @0+ @1/ C1/ @1\ A0/
8x8Trax_1045298 Megababe vs. Jay RAA : @0+ B1\ @1\ @1\ B0+ C3\ B3+ @1\ B0/ E4+ A4/ E5/ B5/
8x8Trax_1045299 buttercups vs. Megababe : @0/ B1+ @1\ B0/ D1\ A1+ E1/ E0/ D4\ E4\ F4\ B4/ C5/ C1\ E0/ @3/
8x8Trax_1045300 buttercups vs. Megababe : @0/ A2+ A0\ @3\ B4/ A1+ C4\ B5/ B6/ C3/ D4\ C2+ C6\ A7\ @1\ E5+ A5+ @2\ G5\ E7+ A7/ A8/ E8\ F8\ @6\ A5\ G2/ H4+ B4\
8x8Trax_1045307 star2570uk vs. Marko : @0/ A2\ @1\ C2/
8x8Trax_1045399 Goonerg vs. Backoff : @0/ B1\ A2/ @2/ B0/ B4/ D1\ @2/ D3+ C5/ B5/ D6\ E6\ @1\ B0/ F3+ B6+ C8+ B8/ A7/ @5\ B8+ A7+ @6/ H4+ A5+
8x8Trax_1045439 Rogue Trooper vs. Aphrodite : @0+ A0\ B2/ A0\ @1\ A0\ @4+ D0+ E2/ @2/ C0/ B7/ E1/ F1/ G4+ D7\ B8/ A7\ A5+
8x8Trax_1045441 * Sassy_Angel * vs. NcLady : @0/ A2\ B2\ B1+ B0/ C2\ D2\ B0+ C4+
8x8Trax_1045510 Goonerg vs. Nirvana : @0/ A2+ A3/ B1+ @2\ A0/ B1/
8x8Trax_1045551 Buz vs. Morticia : @0+ @1+ B2+ B0\ @1/ B0+ A0/ D4+ @1\ C0\ @3+ E3/ F4+ B5+ C6+ E7\ F7+ G7/ E8\ F3+ G3/ H5+ D7+ G2+ A6/ C7/ G1/ H1/
8x8Trax_1045815 ema vs. Sir Pussycat : @0/ A2/ B2+ A0/ A4\ C2\ B4\ B5/ A5+ D3+ @5\ A2\ @3\ C6\ D7\ @3+ F6\
8x8Trax_1045889 Logged Off 9554 vs. Goonerg : @0/ @1/ B0+ C1/ B0+ B0/ B0/ A1/ A0+ A4+ @3/ @6\ B7+ A5\ A8/ @8/ G3+ E7+ E8/ A6+ @8/ A5+ A4+ G6+ A7\ A3+ RESIGN
8x8Trax_1045891 Goonerg vs. Logged Off 9554 : @0/ A0/ @2/ A0/ @3+ D3\ C4/ B0/ @4/ @4/ B3+ D0+ D6/ F3/ G2\ B0\ A3+ @3/ D8\ H6+ E1+
8x8Trax_1045959 Chad vs. betty : @0+ B1+ C1+ D1/ D2\ D3/ E2/
8x8Trax_1046014 NightWishes vs. Adam : @0/ B1\ B2\ C2+ D2\ A2+ @2\ B3/ @2\ A0+ B0+ F5\ E6\ G5+ D6/ @2+
8x8Trax_1046015 NightWishes vs. Adam : @0+ B1+ A0/ B3\ C2\ C3\ B4\ D3+ A4/ A5/ D1\ E3+ D0/ E1/ B1/ @6+ @4\ H4+ H5/ A3\
8x8Trax_1046016 NightWishes vs. Adam : @0+ @1+ C1\ C2\ B3\ D2+ A3/ A4/ D3/ A0/ @2\ E1/ F1/ D0\
8x8Trax_1046331 bubbly vs. Adam : @0+ @1+ B0+ C2+ D2\ D3\ D4+ E3+ F3/ F1+ @2/ A3/ H1/ H0/
8x8Trax_1046339 Fallen Angel vs. worstwitch : @0+ B1/ B2\ A2/ C1\
8x8Trax_1046340 bubbly vs. Adam : @0/ B1\ A2/ @2+ B3\ C3\ C4\ D4\ E4\ D1+ B5/ A5/ E6\ F5/ B0+ D1/ G3/ G1/ F0\ H4+
8x8Trax_1046341 bubbly vs. Adam : @0+ @1+ A2/ C1+ A0\ @3/ A4/ @4/ C5\ D4/ D1+ @4+ @4\ C0+ @5/ A3+
8x8Trax_1046544 drgnrdr vs. CHESSCATJAY : @0/ A2\ B2\ B3+ B4/ @3+ D3\ C5\ B5+ D5+ B0\ A1\ @1\ E7\ F4\ C0/ D2\ E3/ D1+ A5+ F1/ G3\ G6\ G2+ @4+ E8+ B7\ B8/ A7\ A8+ H5+ H7+ A1\
8x8Trax_1047152 Goonerg vs. GIDGET10 : @0/ A2/ B1/ A3+ C3\ A4+ C4/
8x8Trax_1047188 Misfit Lenrad6672 vs. Uncle Chuckie : @0/ B1+ A0\ @2/ C3\ C4\ D4\ D5\ E3/ C6+ F5\ F6\ E7\ @4+ C7/ E8\ @3\ A2\ A1\ A6/ A7/ G8\ F1/ H2+ H8\ C8/ G1+ H1+ A8+
8x8Trax_1048395 Tigger vs. HeatherN : @0/ B1+ B0/ C2\ C3\ B4\ B0/ C5+ D5\ A2+ D2/ E4/ @4\ C0/ A1\ E2/ @2/
8x8Trax_1048400 Goonerg vs. Geri39 : @0/ B1\ A2/ B2+ B3\ @3/ C4\ A4+ D3+
8x8Trax_1048404 Goonerg vs. redrose : @0/ B1\ A2/ @1/ B0/ @2/ D3\ C4/ A0/ D5\ C6/ E3+ E1/ F2\ F4+ @2/ G6\ B4/ E7+
8x8Trax_1048631 Goonerg vs. Poland : @0/ A2\ B1/ @2\ A0/ C1\ A4\ @2/ @3\ D4+ E4\ F4\ @4/ A5/ A1\ B0/ @4\
8x8Trax_1048790 Honeybear vs. DINGEROO : @0/ A2\ B2\ B3\ C2/ C1/ D1/ D0/ E1/ A5/ D0+
8x8Trax_1049291 Megababe vs. Jay RAA : @0+ @1/ C1/ C0\ B1+ A3+ B4/ C3+ B5+ D3\ E2\ A5/ @5\
8x8Trax_1049293 Megababe vs. Jay RAA : @0+ @1/ C1/ C0\ B1+ A3+ B4/ A1+ C4\ D4+ B5\
8x8Trax_1050449 GingerSnapPA vs. Elvis : @0/ B1+ A0/ C1/ B3+ C2\
8x8Trax_1050686 Amanda vs. Donna : @0+ B1\ B2/ @1/ B2+
8x8Trax_1050709 Donna vs. Amanda : @0/ B1\ @1\ C2/
8x8Trax_1050723 Amanda vs. Donna : @0/ B1\ A2/ @2/ C2\ A3/ A4\ B4\ C3+ D3\ D4\ C5\ D1/ E1/ D0\
8x8Trax_1050919 Tigger vs. drgnrdr : @0/ B1+ B0/ @2/ B1+ A0/ D2\ D3\ B4/ A0/ @3/ E1/ E0/ F3\
8x8Trax_1051137 Rogue Trooper vs. Aphrodite : @0+ A0\ @2/ C2\ B3/ @1\ A3/ @3\
8x8Trax_1051301 Tigger vs. toadisgimpy : @0/ B1\ B2\ A2+ @2/ A3/ @2/ C4+ E2/ E3+ A1\ @1\ C0/
8x8Trax_1051641 Rogue Trooper vs. jmosselmans : @0/ A2\ B2\ B1+ A3/ @3/ @3/ C4+ D0\ D0/ E2+ F2/ E1/ F1+ D0\ C1\ A5\ B8+ E6/
8x8Trax_1051646 Rogue Trooper vs. Aphrodite : @0/ @1+ A0+ @1\ C3/ @1/ B3+ B4/ A4/ C5\ D5\ E2+ B6+ @3+ C7/ D7+ B8/ A7\ G4+ @7/ A8/ B6\ A2/ F8/ G7\ G8\ DRAW
8x8Trax_1051908 Tigger vs. toadisgimpy : @0/ B1+ B0/ A3\ B0/ B4+ C3/ C2/ A1\ @3/ C0\
8x8Trax_1052030 Goonerg vs. Uncle Chuckie : @0/ B1+ C1/ C0/ B0/ A2+ A0/ @3\ @2/ E2/ E1/ E0/ A6/ @5\ F6/ D7+ G4+
8x8Trax_1052943 REBEL DJ vs. * Sassy_Angel * : @0/ A2\ B2+ B1+ C2\ B3\ C3\ B4+ A4/ @4+ D1/ E3+ C0+ B1+ B6+ @5/ A6/ B1/ C7+ B3+ D0+
8x8Trax_1052944 REBEL DJ vs. * Sassy_Angel * : @0/ B1/ A0\ @1\ B3/ B0+ D2\ E2\ D5+ F4\ F5\ F6\ A5+ G6+ B0/ G8\ @3\ A4+ C7+
8x8Trax_1053401 Nan54 vs. Goonerg : @0/ @1/ A2/ A3/ B0/ C2/ A0\ @2/ D1/ D0/ E6\ D7/ F5+ C7+ G6\ F7/ E8+ A7\ @7/ A8/ H4/ H3/ A6+ F2+ D1+ G8\ H7+ B2\ H8+ A2\ D8+ G2/ C8/
8x8Trax_1053422 * Sassy_Angel * vs. nisqually : @0/ B1\ A2/ @2+ B0+ @2+ B4+ B5/ A5/ C0/ D1/ E2/ A7+ @4+ E0+
8x8Trax_1053658 Gone with the Wind 21288 vs. Fallen Angel : @0+ B1/ B2\ C1/ C0\ C0/ C0\ D3/
8x8Trax_1053718 firefly vs. Lyonsgirl : @0/ A2\ B1/ B0+ B3\ C3\ C2+ D2+ D1/ A4+ B5+ @4/ E5\ F4+ E6/
8x8Trax_1053911 Tigger vs. Adam : @0/ B1\ B2\ C2+ C3\ C4/ B4/ A4/ @2+ B0/ C6+ E5\ D0/ E1/ A1\ @3+ D0\
8x8Trax_1054070 Goonerg vs. Rogue Trooper : @0/ A0+ @2/ A0/ @3/ B4+ D1\ E2/ D4+ E0/ F2\ D0+ @6\ A7/ @6\ F0+ D3+ F8+
8x8Trax_1054119 goldfreckles vs. Honeybear : @0+ B1\ B0/ C1/ D1/ B3/ D2\ E2\ C4+ @2/ B3/ A4+ A5/ B6/ @5\ E5\ A3\ B1\ D0/ H4/ F1+ G2+ D0\ F1/ C1+ G2+
8x8Trax_1054134 dingbat vs. Rogue Trooper : @0/ B1+ A2/ B0/ C3/ B0\ A1\ @1\ B5/ E5\ C6+ E2/ E1/ F4/
8x8Trax_1054413 Honeybear vs. goldfreckles : @0/ A2\ B2\ B3\ C2/ C1/ D1/ B0\ C5/ @2/ F2+ D0\ F2+ D0\ C1+ C0\ G5/ B2+ @5/ E1+ H6\ B1+ H3+ H7+
8x8Trax_1054582 Megababe vs. Male born 1964 : @0+ B1/ @1/ A2\ B2+ C2+ C3\ D2/ E2/ E1/
8x8Trax_1054962 paganje vs. cocopuff : @0/ B1\ A2/ B2+ C2\ C3\ @1\ B0/ @3/ B4+ E2+ A4/ A5/ @4+ E6\ E7+ F7\ G4\ A7/ H6+ B8/
8x8Trax_1055011 Honeybear vs. cocopuff : @0/ B1\ A2/ B2+ C1/ C0/ A4\ B1\ B0\ @5/ B6\ E3\ E4\ E5\ F5\ C7/ D1/ E0\ A5\ @6/ H4+ A7+ D1\ B4+
8x8Trax_1055219 Rogue Trooper vs. Aphrodite : @0/ @1+ A0+ @2/ A1+ A3\ A0/ D2/ D1/ B0\ D0\ E2\ B1\ E5\ C6\
8x8Trax_1055308 dingbat vs. Rogue Trooper : @0/ B1+ C1/ A2/ B3/ C2+ D3/ A3/ A4/ E4\ C5+ E1/ F2+ D0/
8x8Trax_1055408 Tigger vs. gladriel : @0/ B1+ B0/ A3\ B0/ B4+ C4\ C5\ A1\ D5/ @2/
8x8Trax_1055774 Tigger vs. toadisgimpy : @0/ B1\ B2\ @1/ B2/ B3/ A2+ D2+ @2\ B0\ D1+ A1+ F3/ C0/ B6\ D1+ A6/ @5\
8x8Trax_1055787 B Line electric streetcar vs. Goonerg : @0/ A0/ @1/ B0/ C2+ D1\ C0+ B5/ A5/ D5\ E5\ D6/
8x8Trax_1055804 sweetcaroline vs. Rogue Trooper : @0/ @1/ A2\ C1\ D1/ C2/
8x8Trax_1055895 Rogue Trooper vs. princesarg : @0/ B1\ A2/ B2\ B3/
8x8Trax_1056507 Jon Dann from Taiwan vs. Phil The Hat : @0+ A0\ A3+ A4\ B1+ C1/ C0/ C0+ D2\ C4/ @5/ D6\ RESIGN
8x8Trax_1056690 klaashaas vs. Vacant 1884 : @0/ A2\ B1/ B0+ A0/ @1+ @2+ @3\ E0/ F2+ F4\ F5\ G2/ G1/ A5+ B6/ G3+ H4/ C7+ D6\ C8/ A8+ E7+ G7+ H7/ G8+ B2\ D1+ D8\
8x8Trax_1056871 Tigger vs. Fallen Angel : @0/ B1\ A2/ A0/ B3\ A4/ @2+ D1/ B0/ @5/ A6/ D5\ C6+ C7\ D7\ A3\ @3+ A4+ @3\ H7\ F8\ A6\ C7/ D8/ A5\
8x8Trax_1057255 Rogue Trooper vs. Aphrodite : @0+ A2\ A0/ B1/ B0/ C4+ D3+ E2+ @3/ B0+ A1\ @1+ A0\ E2+ E7\ F6+
8x8Trax_1058467 Nan54 vs. Kran : @0/ B1\ B2\ C2/ A0\ @2/ C4/ B4/ B5+ @3+ C6+ C7\ D7\ E5/ B5/ E6+ F4/ E8/ F5\ G4/ E2/ E1/ B7/ A5/ @5/ B7+ B8/ A4\ G2/ G1/ H1\ H2\
8x8Trax_1058737 klaashaas vs. Buz : @0/ A2+ B1/ B0+ A0/ @2+ @3\ B4+ A5\ @4+ E0\ F4/ B1\ @6/ C0/
8x8Trax_1058858 Jump This vs. skouboe : @0/ @1+ @1\ B0\ B3\ C4/ A3+ A5\ B0\ A1\ A0\ @1\ A0\ @1\ @6/ A7/ @3+ @5+ C8/ DRAW
8x8Trax_1058957 spitfire vs. *Rosie* : @0+ B1\ C1/ C0/ B3/ A3+ @3/ A2+ @3\ F2\ B4\ E3\
8x8Trax_1059267 Misfit Lenrad6672 vs. Uncle Chuckie : @0/ B1+ A0\ @1\ A2+ D2\ D3\ E3\ @2\ E4+
8x8Trax_1059296 mouse MIA vs. Misfit Lenrad6672 : @0+ B1\ @1+ C2/ C3\ D3\ B2+ A2+ D2/ @2\
8x8Trax_1059338 mouse MIA vs. Misfit Lenrad6672 : @0+ @1/ C1/ C0/ A1\ A0/
8x8Trax_1059518 Honeybear vs. Rinny : @0/ B1\ A2/ @2/ D1/ D0/ B4\ C4\ C5\ C6\ D4+
8x8Trax_1059755 Rogue Trooper vs. Aphrodite : @0/ @1+ @1\ C0/ C0+ D3+ E3/ B0+ B5/ B6/ @3/ @6+ B7+
8x8Trax_1059930 Pepsi Fan vs. Misfit Lenrad6672 : @0+ @1/ A0\ @2/ A1+ A0\ @3/ A4/ A5/ @3+
8x8Trax_1060118 Rude Misfit vs. Misfit Lenrad6672 : @0/ B1\ A2/ B2+ @2\ C3/ A3\ @3/ A4/ @2\ C1\ D0/ @5/ E0\ A7\
8x8Trax_1060608 Whistler Gandalf vs. BIGDOGs : @0/ A0\ @1/
8x8Trax_1060973 Elvis vs. Kran : @0+ B1\ C1/ A0/ C1+ A0/ @1\ A0\ A4+ @2+ B5\ D1/ C0/ D1/ E2/ F2\
8x8Trax_1061155 ryry vs. cocopuff : @0/ B1\ B0/ B3/
8x8Trax_1062232 Jane vs. Megababe : @0+ A2+ B1/ B0/ B0+ B0\ C2/ C3+ @4/ D5/ E3/ E4+ E6/
8x8Trax_1062357 skouboe vs. drgnrdr : @0+ B1\ A2/ C2/ D1\ E2/ D3+ E4/ E0\ B5+ D6\ E7/ E0/ F1/ D2\ F2\ G1/ C7/ @6+ B7+ C8+ B2/ G6+
8x8Trax_1062398 Kran vs. HeatherN : @0/ B1+ A2/ @2+ B3/ C0/ @2/ E1+ E4\ E5\ F3/
8x8Trax_1062441 Misery Midnight vs. nursestary : @0/ A2\ B1/ B2+ B3\ C2/ D2/ B0/ D2\
8x8Trax_1062471 Kran vs. HeatherN : @0/ B1\ A2/ @2+ B0+ @2/ B0/ B0/ @3+ C6/ A5+ @5\ A2/ @2\ E0+ A4/ @3\ A4/ H2/ G1+ F0+ G1+ B2\ D1/ G8\ H8\ A3+ H1+ B6+ B7/ A1/ C8/
8x8Trax_1062630 Megababe vs. Jane : @0+ @1/ C1/ C0+ B0/ @3/ D4/ E2/ D5/ D0\ C7\ B1\ D0\ E8\
8x8Trax_1063012 Uncle Chuckie vs. Misfit Lenrad6672 : @0/ A2\ B2\ B1+ B0/ C2\ D2\ D3\ D4\ B0\ A1\ @1\ E1/ C0\ F3/
8x8Trax_1063013 Misfit Lenrad6672 vs. Uncle Chuckie : @0/ B1+ A0\ @1\ C3\ C4\ D3/ A4/ @1\ C5/
8x8Trax_1063634 Rogue Trooper vs. Aphrodite : @0+ @1+ A0+ B3/ C2\ D2\ E2\ B1/ @1/ C0/ C5/ G5\ F6\
8x8Trax_1063707 Aphrodite vs. Adam : @0+ B1+ @1\ A0\ B0\ @2+ C4/ A1\ @4/ A1\ A5\
8x8Trax_1063714 Out to lunch vs. Adam : @0/ B1\ A0\ B3/
8x8Trax_1063769 Nan54 vs. hunnybunny hears yr heart : @0/ B1\ B2\ C1+ D2\ C3+ D3+ C4/ B3/ A2+ @2/ A3/ @3/ G2/ G1/ G0/ F0\ E1\ D0\ C1\ C7/ A7/ @5\ A4\ D3\ C3+ B3+ E0/ F2+ C2\
8x8Trax_1063990 Adam vs. Aphrodite : @0/ @1+ B2/ C1/ A0\ A0+ @1\ E4\ E5/
8x8Trax_1064209 busymom vs. Honeybear : @0/ A2\ B1/ B0/ @3/ B4\ D2/ E2/ D1/ D0/ E2/ F2/ A5+ E1+ D4\ D5+ E5\ G2/ E6\ H3+
8x8Trax_1064216 heidibb vs. Lours : @0+ A2/ A0\ @2/ A3/ @1\ A0\ A0+ A0/ B1/ B0/ D5+ B8/ @6\ F4+ G1/ F5+ E7+ F6\ A2+ A4+ @5\ G8\ H8\ H7+ A1\ H6/ H5/ A3+
8x8Trax_1064268 drgnrdr vs. Vacant 1884 : @0/ A2\ B1/ B0+ A0/ @2+ @3\ @2/ B1+ F3/ G3/ F1+ G4\ H3/ E0\ B0\ A1\ E1+ C6/ C7+ B7+ C0+ F8+ G2/ G1+ H2+ H1+ H8/ A8+
8x8Trax_1064431 * Sassy_Angel * vs. REBEL DJ : @0/ A0/ B1+ B0+ A1+ A0\ @3/ B5+ B6\ D6+ C1/ A0/ D2\ @1\ E3+ A0/
8x8Trax_1064432 REBEL DJ vs. * Sassy_Angel * : @0+ B1\ C1/ B0\ A3\ B3+ @1/ B0+ B5\ A4+ C6\ D4\ E3/ @4/ B0/ A3+ @5/ B7+ C8/
8x8Trax_1064855 Scorpio-Lady vs. Fallen Angel : @0/ A2\ B1/ A3\ B2\ C2\ @1\ A0\ A0\ B6/ A6+ A4/ @4/ A3+ A0\ @1\ D2/ D1/ C0/ E3+ A7/ A8/ E8\ A4+ @3/ G3+ @4/ A5/ B2\ A2\ A6/ H5/ G1+ C6\
8x8Trax_1064882 Mainmang vs. Elvis : @0/ @1+ @1/ C2\ D2\ D3\ D1/ E2\ F2\ E3+ G2/ F1\ E0/ G4+ D1\ D0\ D0\ B6/ E1/ B7\
8x8Trax_1065140 drgnrdr vs. Vacant 27452 : @0/ A2\ B1/ B2+ B3\ C1/ B4\ D1/ B0\
8x8Trax_1065182 cocopuff vs. drgnrdr : @0/ A0/ B2+ C2\ A3/ D3/ @3+ C4+ D1+ @2+ E0+ F1+ G1/ G4+ B5+ C1+ A0\ @2/ D1/ D0/ F2/ B6+ C8/ E8+ A5\ B8/ A8+ B1+ A1\
8x8Trax_1065183 Nan54 vs. Linda : @0/ @1\ B0\
8x8Trax_1065260 Phil The Hat vs. Lours : @0/ @1+ A0+ @2+ D2/ A1\ A0\ RESIGN
8x8Trax_1065940 Rogue Trooper vs. Aphrodite : @0/ @1+ @1\ A0\ A0\ C4\ D2\ D0/ E1/ C6\ F1\ F2+ @1/ G0\ H1/ G0\ C7/ E8+
8x8Trax_1066182 psycotic virus hacker vs. heidibb : @0/ B1\ A2/ @2/ B3\ C3\ D1/ D0/ A5/ @5/ B6+ B7\ E3+ E5+ F5\ C8/ F3+ G3+ G2/ A4\ @5/ B8+ A3\ A2+ B1/ D1+ H7+ A7+ A8/ H1/
8x8Trax_1066319 Nan54 vs. ScoobyRex02 : @0/ A2\ B1/ B0+ C2\ C3\ @2+ @1/ C4/ B4/ F3+ @1\ B0/ D1+ H3/ G2\ B0\ A1\ C0/ D1/ E2+ B0+ E1/ F2\ F1+ G8+ G4+ H4/ A6+ H8\ G2+ B8\ H1/ F8+ A8/
8x8Trax_1066663 Kran vs. Rogue Trooper : @0/ B1+ A0/ B3\ B4/ C4/ B5+ D3\ A5/ @5/ A2+ E1/ @2\ D0/
8x8Trax_1066769 Hilander vs. Rogue Trooper : @0+ A2\ B2+ @1/ B3+ A0/ @2/ @3\ F2/ F1/ E4\ E0+
8x8Trax_1067116 Dave (UK) vs. Honeybear : @0/ A2\ B2\ B3\ B1/ C1/ @2\ D2\ E1/ B4\ C4+ B0+ B0+ D5\ @5+ D7\ F7+ E8\ F8+
8x8Trax_1067150 MountainMist vs. Honeybear : @0/ B1\ A2/ @2/ B0+ A4/ C3+ A5+ @5/ A6/ E3+ F3\ F4\ @5+ B7/ B4+
8x8Trax_1067171 heidibb vs. prettywoman : @0/ @1/ B0+ @2+ A3\ B0\ C5\ D4/ B6/ A6/ @6/ E2+ C7+ F2+ @7\ H2+ B8+ B3+
8x8Trax_1067339 nylady41 vs. Honeybear : @0/ B1\ B2\ A2+ B0/ C1/ B4/ C3\ D1/ B5/ D3/ A4+
8x8Trax_1067475 Nan54 vs. dolly : @0/ B1\ A2/ @2/ C2\ B3/ C0/ D2\ C4+ D3\ B5\ C5\ E4+ E3+ A5/ A6/ F5\ E6/ E1/ F3/ @4+ H3\ H5\
8x8Trax_1067554 STrek vs. dolly : @0+ @1\ B2/ A0/ @2+ D2/ C1/ C0/ D1/ D0/ A3\ B6\ E3\ D5+ E5\ F4/ @4+ G2\
8x8Trax_1067557 dolly vs. STrek : @0+ B1/ @1/ A0/ B3/ A3/ @2/ B0+ B5/ A5/ A6/ @6/ @3/ A4/ @2\ @2+ G1+ A1/ C0/ C6+ E1/ G1/
8x8Trax_1067624 WebbyDebi vs. Cherokee Girl : @0/ @1\ A0/
8x8Trax_1067759 paganje vs. The Pampered Cricket : @0/ A2\ B2\ A0/ C3/ C2/ @3/ A4/ A2+ B4\ A5/ D4\ E3/ @4+ C0\ D1+ C6\ C7+ @6/ A7/ H4\ H5\ A3/ A8\ B8\ F7/ G7\ F8+ B2\ B1+ E8+ H6+ A4/ G2+
8x8Trax_1067768 nursestary vs. Honeybear : @0/ B1\ B2\ C2\ A2/ A3/ B3+ A4/ @3/ @3/ C5/ B4+
8x8Trax_1067813 nursestary vs. Misery Midnight : @0/ B1\ B2\ C2+ A2/ A3/ B3+ C3\ @3/ D4/ A4\ B4\
8x8Trax_1068188 Geri39 vs. Fallen Angel : @0/ B1\ B2\ C1\ A2/ A3/ A0\ @2/ A1+ B0/ C2+ A1\ A0/
8x8Trax_1068305 faith64 vs. spitfire : @0/ B1\ B2\ A2+ @2/ A3/ A4+ @3\ A2+ B5+ D5\ E5\ E4+ F4/ @3\ H3\ F6\ F7+ G7\ F8+ E8/ D8/ B1+ F2/ B4/
8x8Trax_1068542 The Mad Hatter vs. spitfire : @0+ @1+ A2\ B0/ C1/ @3/ B4+ A4+ A5/ B5+ B1+ D0/ C0/ E3+ A4\ @4\ B2+ G2/ F1+ F0/ G1/ H2/ H1/ G4+ E1+ E6+ A6/ B1\ D7\
8x8Trax_1068577 Mainmang vs. spitfire : @0/ A2+ @1\ A0\ @1+ C1/ C0/ D1+ E4\ E5/
8x8Trax_1068671 Nancy vs. spitfire : @0/ B1\ A2/ @2+ C2\ C3\ D1/ D0/ E1\ E0/ F1/ E5\ E6\ F6+ G1\
8x8Trax_1068749 immitzi vs. Honeybear : @0/ B1\ A2/ @2/ A0+ @3/ @3+ B4\ A4+ F2/ E1/
8x8Trax_1068750 immitzi vs. Misery Midnight : @0+ B1/ B2\ C1/ C0+ D2\ D3\ C4\ E2/ E1/ E4\ F3/ D5+ E0/ E0/ @4+ G2+
8x8Trax_1068778 Hot 4 McConaughey vs. Rogue Trooper : @0+ @1+ A0/ B3\ C3/ C2/ A3+ B0\ A5\ @3\
8x8Trax_1068826 Rogue Trooper vs. sweet_angel : @0+
8x8Trax_1068869 Misery Midnight vs. Catmane : @0/ A2/ @2/ A3/ @2\ @2+ C4/ @2+ A4/ A5/ @3\ A2\ C1\ D0+
8x8Trax_1069128 nylady41 vs. Misery Midnight : @0+ @1/ A0\ @2/ A3+ A1\ @1\ E2+ A2+ C0/ D1/ E2/ F2\ F3\ @3+ A4/ B0\ A1\ @3/ B6/ B7/ H5\
8x8Trax_1069348 nisqually vs. spitfire : @0/ A2\ B2\ B1+ C2/ C3/ B0/ C2/ D2/ D1/ E1/ E0/ F1/ G1+ E0+
8x8Trax_1069456 RockinRon vs. spitfire : @0/ A2+ @1\ B0+ A3+ B4\ C4\ @2/ A1\ B4/ @1/
8x8Trax_1069593 Kran vs. HeatherN : @0/ B1\ A2/ @2+ B0/ @3+ B4/ C0/ E3+ A3+ F2\ D0/ E1+ @4/ F5\ F0+ E7+
8x8Trax_1069646 Honeybear vs. Catmane : @0/ B1+ @1\ C0\ D1\ A1+ C3\ A0/ E3/ D1/ C0/ D1/ C0+ A1\ @3/ B0/
8x8Trax_1071290 Goonerg vs. Aphrodite : @0/ A2\ B2\ C2\ A3/ @3/ @3+ E4\ F2\ A2+ @3/ A4/ D5+ @3+ A2\ E6\ E0/ G2+ H7\ E8\ D7/ C7+ C2+ G1+ D8/ B7+ DRAW
8x8Trax_1071500 star2570uk vs. Marko : @0/ A2\ A3/ B2/
8x8Trax_1071642 Stinger vs. Honeybear : @0/ A2\ B1/ B0/ @3\ C0+ C4\ D4\ C0+ D4+ B6+ C7/ E3/ E2/ E7/ D1+ C0+ B2+ E6+
8x8Trax_1071643 Stinger vs. Misery Midnight : @0/ A2\ B1/ B0/ @2/ D1\ B4+ D2+ D3+ E2/ C0+ F3\ F4\ E1/ F1/ G2/ H4\ E5/
8x8Trax_1071728 Whistler Gandalf vs. SarahMills : @0+ @1/ A0\ @2/ A1+ C3+ D2/ E2/ @1\ D4\ @2/ A3/ C4\ F3\ B5+ @2+ C0+ A6/ B7\ C0/ E7+ E8\ G8+ H8/ E1+
8x8Trax_1071848 Isischylde vs. Marko : @0+ @1\ C1\ A0/ A3/ @3/ A2\ @2/
8x8Trax_1071868 Goonerg vs. Dave (UK) : @0/ A2\ B1/ B0+ B0\ @2+ @3\ B4+ C0/ E1/ E0/ A3+ C1+ E4\ F5/ C0\ @6\ B8+ @5+ F7+ E8+ G1/ H1/
8x8Trax_1071869 Goonerg vs. Vacant 1884 : @0/ A2\ B2\ C2\ C3+ C1/ D1/ C0+ D4\ E2/ @2/ F5/ G1\ G6\ @4/ C5+ F6+ E0/ F8/ B1+ A3+ A6/ B7+ D8+ B8+ A7+ A8+
8x8Trax_1071894 Uncle Chuckie vs. Fallen Angel : @0+ @1/ A2/ B3\ C3\ @2+ D2/ E2/ A3+ @3/ D4+ G2\ G3\ F0/ G1/ H2/ C6\ C7\ C1/
8x8Trax_1071958 Honeybear vs. Tesa : @0/ A2\ B2\ B3+ C3/ B1/ @2\ D4\ E3/ C4+ D1/ D0/ E1/ F2+ D0+
8x8Trax_1072070 Honeybear vs. Patrick : @0/ B1\ A2/ @2+ B0/ A4/ A0\ @2/ D4\ D5\ C6\ E4+ A5/ @5+ E1/ D0\ D8+ E8\ G3/ F2+ H4\ G5+ G2+ H5+
8x8Trax_1072279 MountainMist vs. Misery Midnight : @0/ A2\ B2\ B3\ @2+ D3/ @2+ E2+ E1/ D0/ D5\ F2/ E1/ E0/ F1/ G2/ F5+ F0/ G2/ H2/
8x8Trax_1072290 Misery Midnight vs. MommaWolf OTF : @0/ A2\ B1/ B0\ A4/ A5\ @4\
8x8Trax_1072308 Misery Midnight vs. Tesa : @0/ B1\ A2/ B2+ A3\ B3\ B4\ C2/ A5/ @4+ A5/ E2+ C6\ D5+ B0\ A3+ @5\ @4+ D8+ @4+
8x8Trax_1072309 Misery Midnight vs. Patrick : @0/ A2\ B1/ C1/ A3/ @2+ @2/ B3/ B4/ A4/ A5/ @5/ A6/ @3+ E7\ F5+ H2/ C8/ B8/ A7+ G6/ F7+ DRAW
8x8Trax_1072848 Lorraine of the Renegades vs. Honeybear : @0/ B1\ A2/ B2+ @2/ B3+
8x8Trax_1073039 klaashaas vs. golfnutrof : @0/ @1/ B0/ @2/ B0+ B0/ C0\ A2+ @3+ @3\ @2/ G2+ H3/ G0/ H1/ D1\ F0\
8x8Trax_1073355 sithneedow vs. Rogue Trooper : @0+ A0/ A3+ @1/ B4+ C3\ A4/ @1/ D1/ E1/ E0/ A0+ @3/ D0+ D0\ @7+ H3\ G1+ C1+ A3+ A1+ G8\
8x8Trax_1073547 star2570uk vs. Marko : @0/ B1\ C1/ B2/
8x8Trax_1074042 Rogue Trooper vs. Aphrodite : @0/ @1+ A0\ B0+ C2\ B4+ D3/ D5+ E5\ A4/ @2\ E0+ F1/ G6+ F7\
8x8Trax_1074141 Dave (UK) vs. Misery Midnight : @0/ A2\ B2\ B3\ @1\ A0\ A3+ D4/ D5\ E5\ @3/ E3+ C5+
8x8Trax_1075036 Isischylde vs. Stinger : @0+ @1+ B2/ B0/ A1+ @2+ C0+ D1/ D0/ C0/ E3+ D4\ D5\ E5\ F5\ B1\ E7+ A3\
8x8Trax_1075127 Phil The Hat vs. MountainMist : @0/ A2+ B2\ @1/ B0/ D3\ C4\ C5\ D5\ E5\ B6+ A6/ @6+ A7/ @4\ A3\ H3+ F7\ H0/ G8+ H8\
8x8Trax_1075174 Dream vs. Adam : @0/ B1\ A2+ A3\ B3\ B4\ C4\ D4+ C5+ D0+ E1+ F1\
8x8Trax_1075226 speedy MIA vs. Marko : @0+ B1/ C1\ B2/ A0/ C3\ D3/ C4/
8x8Trax_1075443 Jane vs. * Sassy_Angel * : @0+ @1+ A0/ B3\ C2+ @2+ B0/ A2\ E3\ C5\ E2/ F4/ E6\ @3/ A4\ B4+
8x8Trax_1075737 ejd vs. Marko : @0+ @1/ B0\ C2\ C3\ @1\ B4+ A0/
8x8Trax_1075764 Marko vs. ejd : @0+ B1+ B2/ A0\ @1\ C1+ A0/ B1/ C1+ C0\
8x8Trax_1075768 Tiki vs. Marko : @0+ @1\ A2/ @1\ A0/ A3/ B1+ @3\
8x8Trax_1075804 Marko vs. ejd : @0+ B1\ C1/ C0/ B1+ A1\ B0/ @3/ B4/ A1\ A0/
8x8Trax_1075821 Isischylde vs. Marko : @0+ @1\ B2/ @2/ C3/ @1\ B0/ E3/ B0/ A1\ @2+
8x8Trax_1075940 teen mum vs. Marko : @0+ @1\ @1/ A2/ D1/ C0+
8x8Trax_1076188 stella Artois vs. Marko : @0/ B1\ A2\
8x8Trax_1076191 stella Artois vs. Marko : @0/ B1\ A2\
8x8Trax_1076193 stella Artois vs. Marko : @0/ B1\ A2\
8x8Trax_1076195 stella Artois vs. Marko : @0/ B1\ A2\
8x8Trax_1076198 stella Artois vs. Marko : @0/ B1\ A2\
8x8Trax_1076200 stella Artois vs. Marko : @0/ B1\ A2\
8x8Trax_1076201 stella Artois vs. Marko : @0/ B1\ A2\
8x8Trax_1076202 stella Artois vs. Marko : @0/ B1\ A2\
8x8Trax_1076372 drgnrdr vs. Dave (UK) : @0/ A2\ B1/ B0+ A0/ @2+ C4\ D3/ @2/ B4+ B5/ @3+ G3/ F1+ @3/ E6\ B2\ B1\ D0/ G5+ E1+ C0+ F8\ G8\ G2/ E1/ DRAW
8x8Trax_1076589 Tigger vs. Goonerg : @0/ @1+ @1\ C0/ D1/ D0/ A4\ @3\ B0+ D5+ @1\ B0/ A5+ F1+ C0\ G6+ D8/ @6/ H2/ H1/
8x8Trax_1076805 Misfit Lenrad6672 vs. Uncle Chuckie : @0/ B1+ A0\ @2/ A1+ D2\ B3/ @1\ E4\ F2\ D1+ F1/ C0\ G2\
8x8Trax_1077473 Adam vs. Aphrodite : @0/ A0+ @1+ A0\ C3/ A0/ B1/ B0/ C1/ D5/ A0+ @4\ @5/ A6/ D7/ A3+ @7\ C0+ @7/ H4+ F1+ B1+ DRAW
8x8Trax_1077571 Adam vs. Logged Off 31596 : @0/ A0\ @2\
8x8Trax_1077905 Pepsi Fan vs. Misfit Lenrad6672 : @0+ B1\ B2\ A3/ @2\ D3\ D4\ C4+ A0\ @1\ E2+ F4\ D6+ F6\ F7\ C6/ B5\ A3\ @2/ G3/ H3/ F1+ E0/ H6+ D8+
8x8Trax_1077906 Misfit Lenrad6672 vs. Pepsi Fan : @0/ A2\ B2\ C2\ A0\ @1\ B4/ A4/ A3+ @1/ A0\ @2/ A1+ B3/ A4/ @2/ @3\
8x8Trax_1078206 Misfit Lenrad6672 vs. dcranae : @0/ A2\ B1/ B2+ B3\ B4/ A3+ @3/ D2+
8x8Trax_1078396 Misfit Lenrad6672 vs. Logged Off 29449 : @0/ A2\ B1/ B0+ A4/ @3\ D2\ D3\ A0\ @1\ F4\ F5\ C6/ A2/ @2/ F6/ G2/ E7/ E1/ D0\ H4/
8x8Trax_1078428 Chad vs. Zanda : @0+ B1\ B2\ C2+ B3+ D2+ @2\ D3+ A0\ @1\ D5\ D1/ A0+ F6\ D7\ G4\
8x8Trax_1079203 stella Artois vs. Marko : @0/ B1\ B2/
8x8Trax_1079204 stella Artois vs. Marko : @0/ B1\ B2/
8x8Trax_1079205 stella Artois vs. Marko : @0/ B1\ B2/
8x8Trax_1079206 stella Artois vs. Marko : @0/ B1\ B2/
8x8Trax_1079207 stella Artois vs. Marko : @0/ B1\ B2/
8x8Trax_1079209 stella Artois vs. Marko : @0/ B1\ B2/
8x8Trax_1079213 stella Artois vs. Marko : @0/ B1\ B2/
8x8Trax_1079215 stella Artois vs. Marko : @0/ B1\ B2/
8x8Trax_1079216 stella Artois vs. Marko : @0/ B1\ B2/
8x8Trax_1079218 stella Artois vs. Marko : @0/ B1\ B2/
8x8Trax_1079219 stella Artois vs. Marko : @0/ B1\ B2/
8x8Trax_1079376 Rhfuqua vs. Rogue Trooper : @0+ B1+ B2/ A0+ A0/ B1/ C2/ D2/ C1/ D4\ D5\ E3\
8x8Trax_1079377 Aphrodite vs. Rogue Trooper : @0/ @1+ A2\ C1/ C0/ C0+ D3+ A5\ @4+ F2\ A6/ @5\ F6+ F7\ C7\
8x8Trax_1079470 Misfit Lenrad6672 vs. Rogue Trooper : @0/ A0+ A0\ @1\ @2\ A4+ @4/ D0/ E1/ B6\ A7/ @5/ E5+ A7/ @7/ C8+ A6\ @5/ F7+ H7\ G8+ H3\ D2+ C1/ A7/ H8+
8x8Trax_1079593 firefly vs. Weth : @0/ A2\ B1/ A0/ @2/ @1/ A3+ D1+ C0/ A0/ C1+ C0/ B1+ D6+ D1/ E3\ B0+ C0\ E3\ F5+ @7\ @6/ C2\ H3+ A2+ G7\ H6+ H7\ G2+ G8+ B8+ H1+ A1\
8x8Trax_1079605 Rogue Trooper vs. Aphrodite : @0/ A0+ @1+ A0\ C3/ A0/ B1/ B0/ C1/ D5/ B0+ C0\ E7/ @3+ F8\ G7/ F5+ @3+ F3+ H4/ H3+ H2\
8x8Trax_1079644 karosel MIA vs. spitfire : @0+ @1+ A2+ B2+ C1/ C0\ D2\ D3\ C0/ D1/ B5+ E3/ E2/ B2+ B1+ D5/ @4\ B2\ B5/ @4/ H2+ C6+ G1+ H1+ G0\
8x8Trax_1079770 Nina vs. Honeybear : @0+ B1/ B2\ C2\ A0\ A0\ @3/ A4/ @2\ C5\
8x8Trax_1079881 karosel MIA vs. Morticia : @0+ @1+ A0+ A3\ B1+ A0\ B1+ @2+ C0+ D1\
8x8Trax_1079910 Rogue Trooper vs. Missing 3414 : @0+ @1\ A2\ A0/ @2\ C1/ C0+ B0+ D3/
8x8Trax_1079932 Amanda vs. spitfire : @0+ B1\ A0/ B0/ C1/ B4/ C2\ D2\ D1+ @3+ D4\ C5/ @3\ E5\ E6\ G3/ E0\ A3/ C5+ H5+ H3/ B5/ B7/ A7+ D8+
8x8Trax_1079933 nisqually vs. Amanda : @0/ A0/ @2/ B0\ A4\ C3\ B4+ D2/ D1/ B0\ A1\ A0\ @3/
8x8Trax_1079935 Amanda vs. Peeky : @0/ B1\ B2\ C2+ B0+ D2+ A3/ A4/ C4+ E2\ B0+ D4\ C6+ A6\ B0+ B0\ A1\
8x8Trax_1079936 Amanda vs. Morticia : @0+ @1+ B2/ A0\ C2\ B1+ D3\ C4/ @1+ C4+ B4+ C5+ B0\ C0+ C0\ A2+ A6/ @4/ A3+ A6/ @4/ G7\ F8+ B7\ D8+ B8/ A8/ @4/ A8/ A6+ B2\ B1\ G4/ H4/ H1/ A1+ H8+
8x8Trax_1080424 Trist vs. spitfire : @0/ B1+ A2/ B3\ C2/ D2+ D3+ E2/ E1\ E0/ F1/ @3/ C5/ C6/ G2\ H2\ F4\ B5+
8x8Trax_1080427 Trist vs. Morticia : @0+ @1+ A0/ A3/ B3+ C2+ B4/ D2+ A4+ @3\ A2\ C0/ D1/ A1/ E2+ E4\ F4\ F5\ C6/ E6+
8x8Trax_1080529 TaUrUsRoSe vs. spitfire : @0+ A0+ A0+ B2\ @3/ A2+ @3\ @3/ A4/ @4+ C4\ B5/ C2+ B2+ C5+ @4\
8x8Trax_1080532 TaUrUsRoSe vs. Morticia : @0+ @1+ B2\ @1+ D2/ @1+ E1+ E0/ D1+ F2+ F3+ G2+ H2/ H1/
8x8Trax_1080763 Amanda vs. Scorpius : @0/ A2\ B2\ B1+ C2/ D2\ C3/ A4/ @3\ C5\ D4+ E4\ E5\ B6/ A4/ @3\ F1/ G2\ E0\
8x8Trax_1081028 FujiTape vs. dream_on : @0/ B1\ A2/ C1\ A3\ B3\ D3\ D4\ E2/ E1/ C0\ D0\ B2+ @4+ G5+ F7\ @3/ H1/ H0/ E2+ C3+ G1+ H8+ F8/ E8/ C7/ B6+ A6/ A7/ D2+ A2\ E1\ A8+ B1+
8x8Trax_1081855 derekaluk vs. HeatherN : @0/ A2+ B2\ C2+ B3/ A3/ A4/ @3\ @3\ B2\ D0+ A3+ A2+ A1\ @1\ A0\ @1\ A0\ B0+ @3+
8x8Trax_1082026 klaashaas vs. Lours : @0/ @1+ B2/ @1/ @2\ B0/ E2/ D0+ @2+ B1\ D0/ G2/ G1\
8x8Trax_1082297 firefly vs. Gone with the Wind 22378 : @0/ B1+ B2/ C1\ D2\ C3/ E2\ A2+ A3/ A4+ @2+ E3\ E4\ E5\ F1/ F0/ G2\
8x8Trax_1082298 firefly vs. Gone with the Wind 22378 : @0/ B1\ A2+ B2+ A3/ @3+ @2/ D3+ A1\ B0/
8x8Trax_1082299 firefly vs. Gone with the Wind 22378 : @0/ A2\ B2\ B3\ @2\ C1+ D1/ @1\ C0+ A3+ F2/ G4\ E1+
8x8Trax_1083296 Nan54 vs. Morticia : @0/ A2+ A0\ @2+ A1+ @1\ A2+ A3/ @1\ C0+ A5/ @5/ A1\ A0\ F5\ A4+ @6/ A3\
8x8Trax_1083391 Misery Midnight vs. goldfreckles : @0/ B1\ A2/ @2\ B3\ C3\ D1/ B0/ B5/ A5\
8x8Trax_1083518 jamestownfan vs. Rogue Trooper : @0/ @1+ B0\ B3/ A1+ @2/ A1+ D2/ B0+ A5/ @4+ E5\ D6\ F4\
8x8Trax_1083767 Lours vs. Rogue Trooper : @0+ B1+ B0\ B3\ @1/ B0/ D1+ B4/ A5\ E2/ D4+ B6/ @3+ F3\ G2/ D6\ E7/ B0\ A3+ E1/ G4\ H4\ G6\ B8+ G7+ G8/ H7+
8x8Trax_1083855 Magicalman vs. Rogue Trooper : @0/ A0+ @1+ A0\ B1+ @2/ @2\ D4/ C0+ E4/
8x8Trax_1083900 Magicalman vs. Rogue Trooper : @0/ @1+ A0+ @2/ A1+ @1\ @1+ A3/ B4+ @3\
8x8Trax_1083919 Magicalman vs. Rogue Trooper : @0/ A0+ @1+ B0/ B0+ A1+ A0\ A0\ @3/ D3/ C2/ @3/ @5+ A6/ C7/ A1+ @3\ C0+
8x8Trax_1083948 Isischylde vs. Marko : @0/ B1\ A2/ B2+ C2\ C3\ C4+ D4\ @2\ C5\ E3+ A5/ @2/
8x8Trax_1084018 Rogue Trooper vs. Uncle Chuckie : @0/ B1+ C1/ C0/ C3/ C4/ D3\ B0\ A1\ @3/ @2\ A4+ E6\ F6\ F7\ G4\ H2+ H1/ B0/ H6+ A2+ C7+ C8/ G1+
8x8Trax_1084051 BrnIdGirl vs. spitfire : @0/ A2\ B1/ B2+ B3/ C2+ D2/ C0\
8x8Trax_1084054 BrnIdGirl vs. Morticia : @0/ A2+ @2\ B3\ C1/ D2+ B0+ E3+ @2/ B4+ D5/ D0\ @4\ F1/ G2/ F0\
8x8Trax_1084063 Retired 31670 vs. Rogue Trooper : @0+ B1+ B2/ A0\ @1+ @1/ @1/ @2\ F4/ A3/ RESIGN
8x8Trax_1084689 SPOILED vs. Rogue Trooper : @0+ A2/ @2\ C2/ A1+ B0/ D2\ E3/ F2\ G1+ F0/ F0/ H3/ G2+
8x8Trax_1084714 Christine vs. Rogue Trooper : @0/ A0/ @2\ @2+ D1/ C3/ D0\ D5\ E5\ A5/ @4\ D6/
8x8Trax_1084884 Jon Dann from Taiwan vs. Phil The Hat : @0/ B1\ B2\ A2+ A3+ @2\ @1/ E2\ C4/ D4+ F2\ B4/ C5/ C6/ B5/ C0/ A4/ @3\ C7/ B7/ F0\ A7+ @4\ E1+
8x8Trax_1086146 drgnrdr vs. Uncle Chuckie : @0+ B1\ @1\ A0\ D2/ D1/ B0\ A1\ C0/ E4\ D5/ F3/ F2/ F1/ B0\ G5+ @2\ A1\ D0+ A1\ C0/ G8/ B8/ A6+
8x8Trax_1086477 Vacant 27452 vs. Rogue Trooper : @0+ A2/ A0\ @1\ @1+ C0/ D2+ C5/ @4+ C0\ B1\ E1/ F3/
8x8Trax_1086494 Lours vs. Rogue Trooper : @0/ @1+ A2\ C1/ C0/ C0+ D1/ @4\ E4+ RESIGN
8x8Trax_1086602 Retired 28186 vs. Rogue Trooper : @0/ A0+ A0\ @3/ A4/ @4/ A5/ @2+ B0\ @4\ @3/ G6\ F7+ C7+ A2/ A1/ C0\ A1\ @2+ G1/ A1+ H3/
8x8Trax_1086645 * Sassy_Angel * vs. REBEL DJ : @0/ @1/ B0+ C2\ B3/ C3+ C1+ C0\ D3\ E3+ A4+ B5\ @3/ B5/ B6/ A1\ A0+ @3\
8x8Trax_1086646 REBEL DJ vs. * Sassy_Angel * : @0/ A2/ B2+ C1\ B0+ B4\ B5+ B6/ B7/ A1+ @6+ C0\ @7/ B4+ A4/ A6+ F4/ E6\ G3\ @6\ G7/ G1+ B3+ B1+ A2+ H6\ A8+
8x8Trax_1086858 Barbie vs. Rogue Trooper : @0/ @1+ @1+ A2\ B0+ @3\ C0/ C5/ D4+ @4+ C2\ F2+ D0+ D0\ F6\ @6/ B8+ H7/ G8\ A5+
8x8Trax_1086872 Rogue Trooper vs. the great snowqueen : @0/ A0+ A0\ @3\ A2+
8x8Trax_1087303 Isischylde vs. Marko : @0/ B1\ A2/ @2/ B0/ B4+ C3\ D3\ C4\ C5\ @3+ E4+
8x8Trax_1087498 ejd vs. Marko : @0+ @1\ A2/ @1\ C0/ C0/ A0\ D3+
8x8Trax_1087565 Chad vs. Aphrodite : @0/ A0+ A3/ B2/ @3/ C0\ D3/ D0+ E4/ @5+ A6\
8x8Trax_1087654 ejd vs. star2570uk : @0+ @1/ @1\ A0/
8x8Trax_1087980 heidibb vs. lilcujobaby : @0/ B1+ A0\ B1+ @2\
8x8Trax_1088300 Cherylann vs. Rogue Trooper : @0+ A2/ A0\ @3/ A4/ @2\ @3/ @2/ A3/ A1\ @1\ D0+
8x8Trax_1088325 Goonerg vs. *David : @0/ A0/ B1+ B0+ @3+ B4+ A1\ @1\ C0+ C6/ B6/ B7/ A5\
8x8Trax_1089176 Rogue Trooper vs. Smaughster : @0/ B1+ A2/ B3/ A3/ @2/ B0/ A4/ D1\ @3/ E4\ F4\ D5\
8x8Trax_1089299 ejd vs. Marko : @0+ B1\ @1\ C2/ C3\ D3\ A2/ @1\ A0/ A0\ E4+ @1/
8x8Trax_1089395 Marko vs. ejd : @0/ B1\ B2\ C2+ A2+ C3\ @1/ A3/ @3/ D3/ E4\ E5\ C4\ F5/ F3+
8x8Trax_1089649 * Sassy_Angel * vs. Chef Jeff 1 : @0/ B1+ C1/ B0+ B0/ B4\ D2\
8x8Trax_1089994 MORRIS vs. Goonerg : @0/ B1+ C1/ C0/ C0+ A2+ B0+ C1+ B0+ @4\ E3\ @5/ B6\ A2\ @4/ B1/
8x8Trax_1089998 Goonerg vs. MORRIS : @0/ B1/ B0/ C1/ C0/ D1/ B4+ D0/ E1/ B6/ @5+ G2+ @5+ G6\ G7+ H7\ H8\
8x8Trax_1090013 Misfit Lenrad6672 vs. Uncle Chuckie : @0/ B1+ A0\ @2/ C3\ C4\ D3/ E3/ E2/ E1/ B0\ A2\ @2\ A4+ B6/ F6\ G6\ D7\
8x8Trax_1090150 B Line electric streetcar vs. McStack : @0/ @1/ @1+ @1\ A0\ @1\ A0\ E4\ F4\ A4/ RESIGN
8x8Trax_1090761 Retired 28186 vs. Rogue Trooper : @0/ @1+ B0\ @2/ B1+ B3\ C4\ D1\ C0+ A5/ B6/ @4/
8x8Trax_1091276 Rogue Trooper vs. sithneedow : @0/ A2\ B1+ B2+ C2\ B3/ @1/ C0/ A5/ @3+ E5\ C1\ F5/
8x8Trax_1091476 spitfire vs. *Rosie* : @0+ @1/ @1\
8x8Trax_1091716 zeez vs. Marko : @0/ B1\ A2+ B0\ B3\ A4\ C2\ B4+ C3+ D3\ @3\ D4+
8x8Trax_1091832 Kevin vs. Goonerg : @0+ B1/ @1/ A2/ B3/ D1/ A0/ @2+ D0+ B1+ D4+ F2+ C0+ F1/ G2\ @2\ A1\ A0\ E8+ F7+ G6+ F1+ DRAW
8x8Trax_1091887 MommaWolf OTF vs. Honeybear : @0/ B1\ A2/ B2+ A0\ @1\ C1/ C0\
8x8Trax_1092326 Marko vs. ejd : @0+ B1\ B0/ C1/ C0/ B4/ B0\ A2/ D1\ @4/ A5/ F1/ E0\ @6/ C7\ B3\ @5+
8x8Trax_1092364 Goonerg vs. * Sassy_Angel * : @0/ A2+ @1\ B0/ @2\ A1+ C0/ A1+ @2+ E2\ E3\ F2+ B4/ A3+ E4\ F5/ A5/ @3\ C6/
8x8Trax_1092789 chairmech vs. Rogue Trooper : @0+ A2/ B1+ A0/ B3+ C3\ B4\ B5\ @3+ D4+
8x8Trax_1092828 Rogue Trooper vs. immitzi : @0/ A2/ B2\ A3/ B3+ @3+ @2+ E3/ C4\ D4\ D5\ B5/ E6/ F6\ F7/
8x8Trax_1093197 Misfit Lenrad6672 vs. DINGEROO : @0/ A2\ B2\ B3\ A0\ @2/ A5/ @5/ C6+ A7/ @7/ D7\ C8/ B8+ E2/ F3+ F6\ G5\ F2+ G3\ H5\ G6+ G7+ D8+ F8+ H7\ C1\
8x8Trax_1093440 Misfit Lenrad6672 vs. libich : @0+ @1/ @1\ A0\ B1+ A0/ @1\ A0\ B1+ C2+ @1\ E3/
8x8Trax_1093441 Misfit Lenrad6672 vs. starshine : @0/ A2\ B1/ B0/ A4/ @4/ A3+ D1\ D0/ E1/ C4\ D4\ A6/ E4\ @5+
8x8Trax_1093457 Misery Midnight vs. gladriel : @0/ B1\ A2/ B2+ A3\ B3+ C2\
8x8Trax_1093540 Honeybear vs. gladriel : @0/ B1\ A2/ B2+ C2\ B3/ B4/ @2+ B3+
8x8Trax_1093726 pepperbeach vs. gladriel : @0/ B1\ B2\ C2\ D2+ C3\ @1+ B2/ D0+ C0\ F4/
8x8Trax_1093738 Mististar vs. gladriel : @0+ B1\ C1/ B2/ B0/
8x8Trax_1093763 Pamper Me vs. toadisgimpy : @0+ B1+ B0+ C2+ B0+ D3+ E3/ @3+ C0+ @4+ @4/ H3/ A5\ B3\ E0+ B6\ E0+ B8/ A8/ G4\ E7+ D5\
8x8Trax_1094070 blondie vs. Rogue Trooper : @0+ A0/ B1/ @2+ C0+ B0/ A2\ D2\ @3\ @3\ B2\ A5/ @4\ C1\ D0+ B3+
8x8Trax_1094336 Mainmang vs. Elvis : @0/ B1\ B2+ A2+ A3+ B3+ B4+ A4+ B5\ B6\ @4\
8x8Trax_1094365 Zanda vs. Rogue Trooper : @0/ @1+ B0\ B3/ A1+ @3\ C4\ D2/ B0\ A5/ A6+ @5\
8x8Trax_1094686 lancs_guy26 vs. Rogue Trooper : @0+ A2/ A0\ @3/ A4/ @4/ A5/ @5/ @4/ D6+ C7\ F4+
8x8Trax_1094745 Rogue Trooper vs. MOI : @0+ @1+ @1/ A2\ D1/ B2+ B0/ C0\ A1\ C4\ A0/
8x8Trax_1094830 DIRKSTRA vs. Rogue Trooper : @0/ A0+ B2/ C1\ B3+ C4/ C5/ A4+ D2/ A6/ @6+ E6\ F6/
8x8Trax_1095320 dragon vs. Rogue Trooper : @0/ @1+ B2\ C2/
8x8Trax_1095322 Rogue Trooper vs. DINGEROO : @0/ A2\ B2+ C2/ C1/ B0+ B0\ D2/ D1/ D0/ D5\ D6/
8x8Trax_1095453 Marko vs. ejd : @0+ @1+ B2/ B0/ C1+ C0\ D2/ E1/ E0/ @4\ A3\ @3\ A2\ @2\ D1/
8x8Trax_1095754 Rogue Trooper vs. MOI : @0/ B1\ A2/ C1\ A3\ A4/ B3/
8x8Trax_1095755 Whistler Gandalf vs. Honeybear : @0/ A2\ B2\ @1/ C1/ D1/ B3+ @2\ D0/ D0+ E1/ F1+ F0/ E5\ F6/ G6/ C7+ F7+ @3+ E1\ C0+
8x8Trax_1095816 spitfire vs. starship : @0+ B1\ B0/ C1/ C2+ A1\ B0/ B4/ C1+ A4+ @3\ D4\ D5\ E4/ E3+
8x8Trax_1095919 Tigger vs. Brendans Grandmom : @0/ B1+ A2/ @2\ B3/ C0+ @4\ E2/ A5/ C1+ @5\
8x8Trax_1095952 Menelao vs. Rogue Trooper : @0+ A2/ @2/ A0/ @2+ C4\ D4\ @2/ @2/ @2/ D4+ C5\ A1+ B0+ C7\ F1\ D0/ G4/
8x8Trax_1095960 ejd vs. Jane : @0+ B1\ A0/ A0\ A4\ @4/ A5/ A1/
8x8Trax_1095962 Jane vs. ejd : @0+ B1\ @1\ C2/ A0+ @1\ B0/ A0\ @2/ C5+ E2/ B5/ F3\
8x8Trax_1096145 shelly (uk) vs. Rogue Trooper : @0+ A2\ A0/ B1/ C1\ D1\ E1\ E2\ C0\ E4\ C5\ @1+ A0\ A0+ D8/ @2\
8x8Trax_1096166 Rogue Trooper vs. Magicalman : @0/ A2/ B2+ B3+ C3/
8x8Trax_1096181 Rogue Trooper vs. MOI : @0/ B1\ B2+ B3/ A3/ A4/ @4/ @3/ C5+ B0\ A6\ @6/ C7\ F3/ A2\ A1\ @6\
8x8Trax_1096264 Rogue Trooper vs. McStack : @0+ B1+ B2+ C1+ D1/ D0/ @2/ A3/ @3/ A4/ @3+ A1+ @2/
8x8Trax_1096291 daffyANGEL vs. Rogue Trooper : @0/ A0+ A0\ @1\ A0\ @1\ A0\ @1\ @1+ C0+ E0/ F1/ A2+ @7+ C8\ G5\ H2\ H5\ B1\ E8\ A1+ G7+
8x8Trax_1096503 Scorpio-Lady vs. Fallen Angel : @0/ B1\ A2/ @2\ C2\ B3/ A1\ B0/ A1+ D3+ D0/ E1/ C0\ B1\ @1\ A0\ A4/ @2+ B8/ A8/ F1+ G6+ G7\ G8/ F8/ @2+
8x8Trax_1096693 Logged Off 9554 vs. Rogue Trooper : @0/ A0+ @2/ B3+ C3\ D3\ D4\ A0/ B6/ A6/ @4\ E2/ F4+ E0/ F3/ G5/ A1\ @7+ A2\
8x8Trax_1096758 Rogue Trooper vs. Dolly25 : @0/ A2\ B2\ A3\ A4\ B3+ A0\ @1\ A2+ A3+ A0\ C1\ @2+
8x8Trax_1096782 Dolly25 vs. Rogue Trooper : @0+ A2/ @2/ @2/ A3+ D1\ A4/ A0\ @2/ D1/ D0/ E0\ F2\ B8/ A7\ F5/ A6\ A3+ C2\ @4+
8x8Trax_1097007 Rogue Trooper vs. MOI : @0/ A2\ B1+ B2+ C1/ B3\ C2+ C0/ D2+
8x8Trax_1097088 Rogue Trooper vs. dragon : @0+ B1\ @1\ C2\ D1\ E1/ B0/ D3\ @1/ G3\ F4/ G4+ H3\ G5\ C5+ F6/
8x8Trax_1097093 Peeky vs. Knight Rider : @0/ B1+ @1/ B2\ B3\ D1\ D2\ E1/ D0/
8x8Trax_1097109 firefly vs. SunnyD : @0/ A2\ B1/ B0+ B0\ @1+ D2+ D3+ E2+ D4/ @2+ @2/ H2+ B4\ C5+ B5/ B6/ H1\ A5+
8x8Trax_1097110 firefly vs. FULL moon CRAZY : @0/ B1\ B2\ A2+ C1/ B0\ B0\ A5/ A6+ C6/ @3/ D2/ C7/ E5+ @3/ G3+ F1/ F0/ H4/ G6+ H2\ F7\ H7+ H5+ B7/ A7+ H8/ G8/ H1/ B1/ A8/
8x8Trax_1097111 firefly vs. Nanett MIA : @0/ B1/ B2\ C1/ C2+ B3+ A0\ @1\ A2+ C5+ C0+ A5/ B6/
8x8Trax_1097245 Goonerg vs. SunnyD : @0/ B1\ A2/ @2+ B0/ @3\ @3+ B4/ B5/ C4\ C5\ B6/ E5\ E6\ F3+
8x8Trax_1097247 Goonerg vs. FULL moon CRAZY : @0/ A2\ B1/ B2+ @2\ D2\ A0/ C4\ A4\ E3/ @4/ A5/ A1\ @4+ C0\
8x8Trax_1097249 Goonerg vs. Nanett MIA : @0/ B1/ B2+ B0+ @3\ @2/ @3\ C4+ @1\ A0\ A5/ E1+ B6/
8x8Trax_1097401 Rogue Trooper vs. kenseth17 : @0+ @1+ @1/ B0/ C3/
8x8Trax_1097477 hayleesam vs. klaashaas : @0/ @1/ A2+ B3/ C1+ C0/ A1/ B0\ @3/ @3/ @4\ F6+ G6\ F7/ E8\ B5/ C6/ @1+ C6/ H3+ B6\ A6/ A4+
8x8Trax_1097535 Scorpius vs. Knight Rider : @0+ B1/ C1\ C2\ B2+ B3\ D2\ D3\ C4\ D4\ B5/ A5/ E1/ E0/ F5\ F6\ F7\ B1/ E0+ G4+ C1+
8x8Trax_1097589 McStack vs. supermac : @0/ A2+ A3/ @3+ @2/ @2/ B4+ A5\ A1+ C0\ @4+ A2\ @6/ A7/ A2+ @5/ B1/
8x8Trax_1097636 geneoo vs. Knight Rider : @0+ B1/ A2+ B0\ A4+ A1+ @1\ B0\ A1\ B6\ C6\ D2\ C7+ E6+ C8+
8x8Trax_1097774 firefly vs. supermac : @0/ A0+ @2/ B0\ @3+ A4/ B4+ D2+ @4/ C5\ A1\ @2\ C0\
8x8Trax_1097813 firefly vs. bigdan409 OTWP : @0+ @1+ A0+ A3/ B1/ B0\ @2/ B1+ C4+ A1+ @4+ A2\ @3/ F3+ B1+ B0\ G3\ F2+ B6/ E1\ @5+
8x8Trax_1097851 Goonerg vs. supermac : @0/ B1/ B0+ A3+ A0/ B0\ @5\ D3/ D0/ E2\ A1\ A0\ @3\
8x8Trax_1097856 Goonerg vs. bigdan409 OTWP : @0/ B1\ A2/ @2+ B0/ A4\ D2\ C3\ A0\ @2/ E1/ C0/
8x8Trax_1097882 Kevin vs. supermac : @0+ @1\ C1\ A0\ B0\ B0\ A1\ @3\ D1+ E4\ C0+
8x8Trax_1097997 DevilDom vs. Rogue Trooper : @0/ @1+ A0+ @2/ A1+ @2\ A1\ @2\ B3\ C4/ A1+ C0/ @2\ F5\ @2/ H4/
8x8Trax_1098184 Rogue Trooper vs. Menelao : @0+ @1+ @1/ A2/ D1\ D2\ A3+ @2+ B0/ @3+ A4+ B5/ @3/ H3\ H4\ H5+ B1\ B0\ C1+ F2/ F1/ RESIGN
8x8Trax_1098399 Shariann vs. gladriel : @0+ B1/ A0\ @2\ A3/ B0\ @3/
8x8Trax_1098443 kleese2 vs. Rogue Trooper : @0/ @1+ @1\ C0/ D1\ D2\ B3\ C4/ A3+ E2+ B0\ D5\ D6\ D1+ D0/ A1/ @2\ F8/ G5+ H5\ G1/ C7+ A6\
8x8Trax_1098604 dab vs. Rogue Trooper : @0+ A0/ A3\ B1/ C1\ D1\ B0+ @2/ C0\ E4+ @3/ A5/ A6\ @4/
8x8Trax_1098610 dab vs. Rogue Trooper : @0+ A0/ A3\ B1/ C2+ C4/ B0/ D1/ E1\ C0/
8x8Trax_1098644 Goonerg vs. Rogue Trooper : @0/ A0+ B1\ A0/ C3/ @3+ A4/ D0\ D5+ A6/ @6/ F2+ D1\ B2+ G3\ G4\ @5+
8x8Trax_1098656 Beaupol vs. Knight Rider : @0+ B1/ A0\ A0\ A4/ @2+
8x8Trax_1098689 Rogue Trooper vs. Logged Off 9554 : @0+ B1+ A0/ A3/ C1\ D2/ D3\ B4+
8x8Trax_1099033 Phil The Hat vs. SunnyD : @0/ B1/ B2\ C2\ A0\ @2/ B4+ @4+ F4/ C0+ F3/ G4\ D6/ B1\ A1\ @4/ D0/ C7+ C8+ H3/ A3+
8x8Trax_1099034 Phil The Hat vs. FULL moon CRAZY : @0/ B1\ B2\ A2+ A3+ @3/ A4+ B5/ C4+ D3+ D1/ C0\ E3+ @5/ D7+ @5/ B4+ F7\ G5+ @5/ B7+ D8+ D3+
8x8Trax_1099035 Phil The Hat vs. Nanett MIA : @0/ B1/ C1\ B2/ C0\ A3/ C3+ A4/ @4/ A5/ D6\ E4/ B7/ E2+ @4+ D0/ B8/ A8/ @8/ A5+ H3/ H6\ H7\ H8\ A3+
8x8Trax_1099036 Phil The Hat vs. supermac : @0/ A2/ A0\ @1\ C3\ B4/ D2/ C1+ D1+ C0\ E4\ D5+ D6\ E5\ E6+ F6\ A1\ E7/ C7+ F4+ G6\ A4\ @2+
8x8Trax_1099040 Phil The Hat vs. bigdan409 OTWP : @0/ B1+ C1/ A2/ A0\ @2/ E2\ E3\ E4\ E1/ F4+ F5\ G5+ H4\ G2/ G1/ D1\ D0\ H4+ F1\ E0/ H1/ H0+ A6+ B2+ E1+ A4\ A7/ B8+ A8/ G1+ DRAW
8x8Trax_1099041 Phil The Hat vs. dab : @0/ @1\ B0\
8x8Trax_1099042 dab vs. Phil The Hat : @0/ B1/ @1\ A0\ @1\ B3\ A0/ B1/ B0/ C3/
8x8Trax_1099211 Tesa vs. Isischylde : @0/ B1\ B2\ C2+ C3+ A2/ B3/
8x8Trax_1099217 Isischylde vs. Tesa : @0+ @1\ A2/ @1\ A0+ C3\ A0/ B5\
8x8Trax_1099238 Adam vs. redrose : @0/ A2\ B1/ B0+ A4/ @4/ B0/ A3+ C4\ D4\ A6/ D3/ E3/ A7/ @5+
8x8Trax_1099534 Honeybear vs. littlelady : @0/ A2\ B1/ B0+ @3\ C0+ D2\ C4\ C5+ D5\ E3/ C6+ F3+ C7+ C8/ B8/
8x8Trax_1099685 LilSis vs. drgnrdr : @0+ @1/ A0\ @2/ B3/ @2\ B1+ B3/ @2\ A1\ @1\ C0+
8x8Trax_1099692 Retired 29282 vs. Adam : @0/ A2+ @1\ B0/ C1\ C0/ C3+ D2/
8x8Trax_1099747 Skouperd vs. Adam : @0+ B1+ B2/ A0\ @1\ @1+ @1/ A3+ A4\ F2+ B0\ @4+ E5\ @4+
8x8Trax_1099817 DevilDom vs. Rogue Trooper : @0+ A2\ B1+ B0/ A1+ B0\ C2/ C0/ D1/ A1\ A0\ @3/
8x8Trax_1100074 MountainMist vs. Adam : @0/ B1+ @1\ B0/ A1+ D1/ D0/ @3/ A4/ B4+ B5+ C4+ D1\ E0/ C1+ B0/ B8\ A3+ @5+ @6\ H4\ H5\ F1+ F7/ G6\ E8+ H6\ C8/ B8/ G7+ B3\ A3\ F8+ H1+ H8\
8x8Trax_1100151 lilcujobaby vs. heidibb : @0+ @1/ C1\ B2+
8x8Trax_1100191 Phil The Hat vs. Logged Off 9554 : @0/ A0/ B2+ @1\ B0/ D2+ E2/ D0/ E4\ F4\ D0+ B2+ D0+ D7/ E8+ @6/ A7/ C8+ @7/ C2\ C1\ H4+ B2/ B3+ G3/ E1+ G1/ H3/ DRAW
8x8Trax_1100420 sas7 vs. heidibb : @0/ A2\ A0/ B2\
8x8Trax_1100519 bigdan409 OTWP vs. Misery Midnight : @0/ A2\ B2\ B3\ B1/ C1/ C0\ A5/ @4\ C6\ D6\ B7/ A6\ E1/ @5\
8x8Trax_1100554 Nirvana vs. Rogue Trooper : @0+ A0/ A3/ @1/ C1\ C0\ B0\ C5\ A1\ D4/
8x8Trax_1100681 MOI vs. Rogue Trooper : @0/ A0+ A0\ @1\ @2\ C4/ A1+ A0\ D5\ D6\ D3/ E2\ B1+ A6/ @6/ D7+
8x8Trax_1100683 Logged Off 9554 vs. Rogue Trooper : @0/ A0+ A3/ B3/ @1\ C2/ A0+ @1\ A2+ A5/ @2/ E5\ B6+ F4\
8x8Trax_1100801 TrueIndian vs. Rogue Trooper : @0+ A2/ A0+ B2\ B4\ C2\ @3/ C1/ C0/ @5\ A6+ A2\ @4/ F1/ G3/
8x8Trax_1100887 Morticia vs. Knight Rider : @0+ B1\ B2\ @1/ D2\ C3+
8x8Trax_1100890 Morticia vs. aussielady : @0+ B1/ A2+ @1\ B0/ C3+ C1/ C4/ B0+ @2/ B4/ D6/ E5\ A6/ @5+ C7/
8x8Trax_1100891 Morticia vs. Lillie : @0+ A0/ A3\ B1/ A0+ @2\ D3+ A1+ B0/ C6/ A5/ @5/ E1/ E0/ F3\
8x8Trax_1100892 Morticia vs. Tigger : @0+ @1\ B0+ C1\
8x8Trax_1100897 Morticia vs. WizOz MIA : @0+ A0\ A3/ B2\ @2+
8x8Trax_1100934 Rogue Trooper vs. MOI : @0/ A2\ B2\ A3\ A4\ B4/ B1+ B0\ @2/ D2/ @1\ B0/ A6+ @3\ C7+
8x8Trax_1101941 Super Camel vs. Rogue Trooper : @0+ A0/ @2/ A3\ B3+ C2\
8x8Trax_1102254 Shariann vs. Marko : @0+ @1/ @1\ A0\ C3\ D2+ C1/
8x8Trax_1102256 Marko vs. Shariann : @0+ B1/ B2\ C1/ B0+ A0\ @2/ E3\ E4\ E5+ F4/ B0\ E7/ C1/ B0\ @4/ C6+ D7/ B3+ @4+ C6+ G4+ H4/ F1\ C7/ D8+ A6+
8x8Trax_1102257 Marko vs. Shariann : @0+ B1/ A2\ A0+ @1\ B4/ A4/ D3\ D4\ C5\ A2+ @2\ C0+ F3/ F2/ E1/ A1/ G2/ F1/ A0\ @2/ B0\ B7/ A1+ H3/ F2\ F1+ E1+ G8/ A7+ A8+
8x8Trax_1102297 Adam vs. MountainMist : @0+ B1/ A2+ @1\ C0/ D1\ C0+ D1+ C0+ E2\ @2+ A1\ C6+ F3+ F4\ F5\ B6/ A6/ @6+ E7/ C8+ @5/ B3+ B2+ B7+ DRAW
8x8Trax_1102328 SweetCindyJo vs. Ace1316 : @0/ B1\ B2\ C2+ B3/ A2+ @2/ B3/ D3+ A3/ @3/ C4\ C5+ D5\ F4\ D0\ B2\ F3/ G3\ G4\ C7/ C8/ E7\ F6+ @6/ A7/ H6\ H7\ A3\ A2\ H8\ H2/ C1+ B1+ H1/ A8+
8x8Trax_1102611 drgnrdr vs. Bekkah : @0+ A0+ @1\ C1\ D1/ B0/ B0/ @1\ A0\ E3+ F4/ C6/ F5\ G4/ D6\
8x8Trax_1102620 drgnrdr vs. Moley : @0+ B1+ @1/ B0/ B3\
8x8Trax_1102678 Mististar vs. heidibb : @0+ B1\ A2\ @2\ C2\ D2\ C3/ C4/ B3/ B4+ A4/ @4/ C5+ @4+ D0+ E6\ D0+ E2/ D0+
8x8Trax_1102681 Goonerg vs. drgnrdr : @0/ B1\ A2/ A0/ @1/ D1/ D0/ A1/ E2+ D0/ E5\ F3\ C6+
8x8Trax_1102730 Honeybear vs. heidibb : @0/ A2\ B2\ B3\ C2/ C1/ D1/ C0/ C0/ D1/ E4+ C6+ F3\ G3+ D0+ D0\ H3/ G2\ G6+ A1\ E2/ B8+ H5\ G7+ H7\ H8\
8x8Trax_1102742 dingbat vs. heidibb : @0/ B1\ B2\ C2+ D2/ C0\ @2\ A1\ C1\ A0/
8x8Trax_1102765 Honeybear vs. Bekkah : @0/ B1\ A2/ @2/ B0/ B0/ B0/ D1/ C0\ @3/ A5+ F4\ G4+ G5\ G6\ D7/ B7/ D8\ E1+ @6\ G1+ H8/ F8+ A4+ B8+
8x8Trax_1102785 What did you say vs. Rogue Trooper : @0+ A0/ A3\ B1/ B0+ @2/ D3+ @3\ @1\ E0\ C5+ @2+ D0+ F7/ @3/ E8/ D7+ H8\ C5+ B2+ B1+ A2+ D8+
8x8Trax_1102925 Misfit Lenrad6672 vs. Kran : @0/ A2\ B1/ B0\ A1\ @2/ B4/ A1\ @1\ C0+ E3\ E4\ A0\ @2/ C0/ D1/ G6\ G7\ D8/ B6/ B7/ @5+ G4/ F8+
8x8Trax_1103133 Daisy vs. Rogue Trooper : @0/ @1+ A2+ B0/ C1\ @1/ D2\ D3/
8x8Trax_1103410 DINGEROO vs. heidibb : @0/ B1\ A2/ @2+ D1/ D0/ B4\ C4\ C5\ D5\ E2/ @3+ G2\ G3\ B5/ B6/ H4/ F6\ H1/ G0+
8x8Trax_1103983 Aphrodite vs. Adam : @0/ B1\ B2\ B3\ A0\ @1\ D2/ D1/ D0/ E5\ E6\ @2/ B3+ A3+ A4/ B0\ A1\ @1\ D0+ H6+ D6+ D8+ B7/ A7+ B8+ DRAW
8x8Trax_1104013 rramirez vs. Adam : @0/ B1+ B0/ C2\ A3/ B0\ A1\ @3/ E2\ D1+ E3+ B5+ A5/ E5\ D6/ A6+ F3+ @2+ D0+ B1+ @3+ B7/ E0\ G2+ H4+ A2+ A1\
8x8Trax_1104288 dragon vs. Rogue Trooper : @0+ A0/ A3\ B1/ B4/ @4\ D4+ E3\ C5+ B0\ A1\ E1/ F1/ C0/
8x8Trax_1104563 hANDYman the Rebel vs. dingbat : @0+ A0\ A3/ @1\ @2\ D1/ C0\ C0\ B2\ A2\ A1\ @4+ @2\ A1\ A0\ @4+ @3\ E7+ C5+ C7\ A2+ A0+ E2/ E1/ B7/ A6+ F2/ H4+ F1+ H2/ H6+ A7/ H7+ H8/
8x8Trax_1104569 hANDYman the Rebel vs. DINGEROO : @0+ A2+ A0/ @1\ A0\ C4/ A3+ @2+ E3\ D5\ @2+ C0+ C0/ D1/ D0/ G3/ B7/ A7/ D8/ @5+ H7+ C3+ G8+
8x8Trax_1104581 What did you say vs. Adam : @0+ B1+ A2/ B2\ A3/ A0/ @1/ C0\ D1+ @3\ E4\ F2/ @4+ @3+ G5+ E6+ G6+ G7/ F8\ D6+ E7+
8x8Trax_1104723 Whistler Gandalf vs. golfnutrof : @0+ A2\ B1+ A0\ @1+ @1/ B3+ D1/ C0\ B0/ E3/ A1\ @2\ C0\
8x8Trax_1104753 drgnrdr vs. HeatherN : @0+ A2\ @1/ B3+ B4/ @3/ C0/ D3\ C0/ E3/ B1\ A2\ B0/
8x8Trax_1104806 hANDYman the Rebel vs. Mististar : @0+ B1+ B2/ B0/ A1+ C2+ C3+ @2+ E3/ C4+ A3+ C5\ E5\ F5+ E6/
8x8Trax_1104906 Logged Off 5196 vs. Rogue Trooper : @0/ @1/ A2\ B2\ B0\ C3/
8x8Trax_1105030 Jeff vs. Rogue Trooper : @0/ @1+ B0\ @2/ A3+ B4/ B1+ C4\ A1\ @1/
8x8Trax_1105338 hANDYman the Rebel vs. pepperbeach : @0+ B1+ B2/ B0/ C1\ @3/ A4/ C0\ B1\ B0\ A4\ @5/ B7\ C6+ C7+ D7\ E7\ B8\ A7/ A2+ @5/ @4+ H6+
8x8Trax_1105704 hANDYman the Rebel vs. Honeybear : @0+ @1/ A0/ C1/ C0/ B4+ C4\ D2/ D1+ E3+ C5/ @2\ A1\ E5+ C5+ D6+ G3\ C6+ B6/ A5/ @4/ C7/ B6/ B7+ A6\ F0\ D2\ D1\ E8+ B1\ A1\
8x8Trax_1105705 Honeybear vs. REBEL DJ : @0/ A2+ B1+ @2/ B0/ A2\ @3/ A2+ @3\ C4+ A2+ A1\ D0/ D0/ @3\ E7/ C3+ @3+ C2+
8x8Trax_1106134 Whistler Gandalf vs. CelticStorm : @0+ A2+ A3+ B3/ @1/ B0\ @3/ B4+ B5/ A5/ D2/ E2+ E4\ F3\ E5/
8x8Trax_1106268 Mististar vs. * Sassy_Angel * : @0+ B1\ A0+ B3/ A0+ @3/ A4/ B5+ D4\ @5\ C6\ B6+ E5+ D7/ B2+ C8\ F6\ F5+ F4+ F7\ G5/ E3+ A1/ @4/ E2/ H3/ G2\ H2+ A7+ A8+ H1\ G8\
8x8Trax_1106279 * Sassy_Angel * vs. REBEL DJ : @0/ B1\ A2/ @2+ B0+ C3+ B0+ A5\ D4\ D6/ C6+ B0\ A1\ @3/ B0+
8x8Trax_1106285 pepperbeach vs. * Sassy_Angel * : @0+ B1\ B0/ C1/ C0+ @3/ C4\ D4+ E2+ C5+ B1\ A0/ @5\ C7+ E6\ F2+ G2\ F4+ F6\ G4+ @4/ E7\ F7+ C8+ H7\ D8+
8x8Trax_1106409 STrek vs. dolly : @0+ B1\ A0/ @2/ A3/ B4/ D2+ @3/ F2+ A4\
8x8Trax_1106536 The Duke of Earl vs. Rogue Trooper : @0+ A2\ B1+ B0/ A1\ A0/
8x8Trax_1106537 Adam vs. chattytea : @0/ B1\ A2/ @2+ B0+ @3+ B4+ @3+ A4\ A2\ @2\ B0\ B0+ A1\ @1\ A0\ @1\ F8+ G7+ H7\ G8\ A5/ G3+ A6+
8x8Trax_1106540 Adam vs. chattytea : @0/ A2\ B2\ B3/ C3\ B4/ A3+ C4\ B5/ @4\ @3+ A4/ A1\ A5/ B0/
8x8Trax_1106541 Adam vs. chattytea : @0/ B1/ B2\ C1/ @1\ A0\ D3+ C1\ @1+ F3+ F4\ G4/ A3/ C4/
8x8Trax_1106542 Tigger vs. toadisgimpy : @0/ @1/ A0/ B1/ A3\ B3\ C3\ C2+ D1\ D0\ E2\ C1+ C5\ F3/ C0\ B1/ @3+ A5+ A1\ A0/ @3\
8x8Trax_1106560 Honeybear vs. * Sassy_Angel * : @0/ A2\ B2\ B3+ C3/ @2/ C1+ E3/ E4\ F2\ F0/ G1+ H1\ G2\ G0/ C6+ G0\ D8+
8x8Trax_1106886 Rogue Trooper vs. MOI : @0/ A2\ B2\ B3\ C2+ C1\
8x8Trax_1107044 dingbat vs. * Sassy_Angel * : @0/ A2\ B2\ B3+ B1+ C1/ B4/ C0/ C0/ D3\ C5+ @5+ @5/ B7+ G3+ G4+ B8+ H3/
8x8Trax_1107128 Menelao vs. Rogue Trooper : @0+ A2/ A0\ @3/ @2/ C0\ A4+ A5/ C5/ D2\ @4/ E0/ F2+ B1\ RESIGN
8x8Trax_1107337 Whistler Gandalf vs. SarahMills : @0+ @1/ A0\ @1\ A0+ B0\ C1+ C0/ D5+ C6/ D1/ E3\ C0\ C8\ D8\ E3/ F4\ A6+ B1\ A1\ @1\ @3\ C7+ G8/ H8+ G5+ H7\ B7/ A7+ B4+ H3/ H2/
8x8Trax_1107767 DINGEROO vs. * Sassy_Angel * : @0/ B1\ B2\ C2/ C1+ A2+ D1+ D0+ D3\ C4/ @4/ A5/ C1/ F1/ @5\ D5+ B6/ D6+ D7/ G3+ H1/ H3+ E0+ E6+ G5/ F6+ F7\ G1+ A5+ B4+ F8\ G8\ H6\ H7+ B3\ B2\ D1+ A1\ A8/
8x8Trax_1107994 Logged Off 5196 vs. Rogue Trooper : @0+ A0\ A3/ @3/ @2/ B0/ C0/ D4/ D1+ E4/ A5+ @4/
8x8Trax_1108564 dragon vs. Rogue Trooper : @0/ @1+ @1\ C0/ B0/ D3\ D4\ @1/ B0/ C1+ A3/ A0+ D3/ @2+
8x8Trax_1108925 Dolly25 vs. Rogue Trooper : @0+ A2/ B1/ C1/ B0/ C3\ B4\ D3/
8x8Trax_1108981 sithneedow vs. Rogue Trooper : @0+ A2/ @2/ C1\ B0+ @3/ B4\ E3/ C4\ E1/ F3/ A1\ C0+
8x8Trax_1108991 Dolly25 vs. Rogue Trooper : @0+ A0/ A3+ B3/ @3/ @3/ D4/ E4\ C5\ E1/ F1+ D0/
8x8Trax_1109005 Abaitha vs. Honeybear : @0/ B1\ A2/ @2/ B3\ C2+ B4/ D1\ A0+ @3/ A5+ @2+ B0\ D7+ E5\ G5+ F6\ E2/ E1/ F2+ G6\ H6/ F0+ G4+ D2\ C1/ B1\ A2+ H5+ G2/ H2/ F8\ G8\ A7+ B8+ G1+ A8+
8x8Trax_1109155 gramat vs. Nan54 : @0/ B1\ A2/ @2+ B0/ D1/ D0/ E3\ D4/ C5+ @4\ A1\ D0+
8x8Trax_1109207 NightWishes vs. Whistler Gandalf : @0/ B1\ B2+ B3/ A3/ @3+ A4/ A0\ @1\ C0/ D2+ D1+ E2\ C6+ A6\ D7\ E6/ C7+ C8/ A7+ @7\ F1+ G6\ G7\ B4/ F5/
8x8Trax_1109451 vourdalak vs. Rogue Trooper : @0/ A0+ @1+ B0/ C1/ A1\ A0\ D3/ B1/ B0/ C2+ D5\ E4/ C6/
8x8Trax_1109457 dragon vs. Rogue Trooper : @0/ @1+ @1\ A0\ B0\ D3/ A1+ @3/ A4/ E4/ D0+ B5+ A6\ D0\ F2/ F1/ B7+ E0+
8x8Trax_1109542 Chad vs. drgnrdr : @0/ A0/ A3/ B2+ @3+ A4/ B4+ @2/ @2/ F3/ @1\ C0+ A5/ H5\ B6/
8x8Trax_1109545 Vacant 1884 vs. Whistler Gandalf : @0/ B1\ A2/ @2+ C2\ C3\ C4\ @2+ D5/ C3+ C0/ B5/ B6/ E3+ B0\ A2/ E1/ D0/ F3/
8x8Trax_1109644 Lorraine of the Renegades vs. Honeybear : @0+ B1\ A0/ C1/ B0\ @2/ D1/ D0/ B1+ C5\ E4\ F4+ E5+ E6\ F6\ D0/ E0\ G2+ H3/ G8+ B2+ H7+ C8/ B8/ A8+ A2+ A1+ H8+ H1+
8x8Trax_1110181 heidibb vs. pepperbeach : @0+ @1+ B2/ A0\ @1\ D2+ E2/ @1+ G2\ G3\ A0/ F2/ B0\ @3+
8x8Trax_1110422 dellajo vs. Rogue Trooper : @0+ A0/ B1\ A3/ B2+ B3\ C3/ B4/
8x8Trax_1110457 mgraca vs. Rogue Trooper : @0+ A2/ @1+ B0/ A1+ @1\ B0\ B0\ A2\ @2\ B1\ E5/ D6\ E1/ RESIGN
8x8Trax_1110475 Menelao vs. Rogue Trooper : @0+ A2/ @2/ @1/ B3+ A3\ D2\ A4\ A5\ C4+ D5/ @4+ @3/ C0\ B2/ D0/ E1/ C8\ B2+ A2\ @4/ B1+
8x8Trax_1110502 Missing 10851 vs. Rogue Trooper : @0+ A2/ A0\ @3/
8x8Trax_1110552 EagleAnney vs. Rogue Trooper : @0/ @1+ @1\ C0/ C0/ @3\ E2/ A4\ E1+ E0/ F1/ @2\ B1/ A5/ @4+ B6\
8x8Trax_1110703 faith64 vs. Nan54 : @0/ B1\ A2/ A3/ A0/ B4\ A5/ A6/ @3+ C6\ D3+
8x8Trax_1110830 RamblinMaam vs. Honeybear : @0+ B1/ A2\ B0\ C1\ @2\ B1\ A1+ A0+ A0/ C2+ E3/ @3\ D1+ D0\
8x8Trax_1111264 DINGEROO vs. Honeybear : @0/ B1\ B2+ C1/ C0\
8x8Trax_1111529 SunnyD vs. drgnrdr : @0+ B1\ B2/ A0/ A3/ A4/ @2\ @3+ E2\ D5+ @3/ @3/ @3/ C5+ F6\ G0\ C3+ D1\ E0/ B3+
8x8Trax_1111532 Freight Train vs. Rogue Trooper : @0/ @1+ A0+ @2/ B3/ A1\ @2/ C4/ E2/ F1\ C0/ F0+ G3\ B1\ D0/ A2/
8x8Trax_1111533 * Sassy_Angel * vs. Sartex : @0/ B1\ A2/ A3/ B0\ B4/ @2+ D3\ B5/ D1/ E3\ D0\
8x8Trax_1111537 faith64 vs. FujiTape : @0+ B1+ B2/ B0/ C1+ D2/ A1+ C0\ @2\ @2\ C0+ B4/ A4+ B6\ A5+ @5\ C7+ D7+ E6+ D8+
8x8Trax_1111538 psycotic virus hacker vs. Morticia : @0/ A2+ @1\ B0/ A1+ @1+ A0/ C0+ @2/ B1+ @3/ C4/ C5/ A1\ @1+ B0/
8x8Trax_1111539 Goonerg vs. Aphrodite : @0/ A0+ A0+ B3\ A4/ A5/ @4+ @2/ @2/ C1+ D0+ @2\ C1/ B4/ C6+ @3+ C0\ A2+ D8/ A6+ A1+ @2+ H7+ B7/ A7/ H3+
8x8Trax_1111541 Honeybear vs. Lyonsgirl : @0/ @1/ B0\ C1/ C0/ A2\ @3/ A4/ C1\ C0\ A3\ @3\ E4\ F3/ C1\ B1+ B6+ B7\ E6+ A4/ D8+
8x8Trax_1111545 Shariann vs. Adam : @0+ B1+ A2/ @1/ @1\ B0/ @2\ A1\ B0\ @2+ A1+ @2+ B0/ C5/ C6+ B6/ A5/ D7/ @3+
8x8Trax_1111546 goldfreckles vs. STrek : @0+ A0/ A3\ B3\ B4\ C1+ C0/ D5+ D6\ B6+ @2/ B1+ E2+ F2+ F5+ G5\ E7/ H4+ G2+ A0/
8x8Trax_1111547 Chad vs. SarahMills : @0/ B1/ @1+ @1/ A2/ B3/ B4/ E1/ E2+ C0\ @2+ @2\ C1+
8x8Trax_1112035 drgnrdr vs. buttercups : @0+ B1\ B2\ A3/ @1/ C4\ D2\ D0+ E2+
8x8Trax_1112431 Rimon vs. Rogue Trooper : @0/ @1+ A0+ @1\ B3+ B0+ B0/ B0/ @4\ A5\ A2/ @5/ B6\ A2\ A1\ @4\
8x8Trax_1113213 daffyANGEL vs. Rogue Trooper : @0/ A0+ A0\ @1\ @2/ @1/ A2+ A0\ @1\ E1/ C0\ F3/
8x8Trax_1113525 Morticia vs. Mististar : @0+ @1+ A2\ A0\ @1+ A0\ @2+ B4+ @2+ B3/ A4/ B5/ @3/
8x8Trax_1114040 Retired 28186 vs. Rogue Trooper : @0/ A0+ A0\ @1\ A0\ @1\ A5/ @4+ @1\ B0+ D7\ E7\ F2/ F6+
8x8Trax_1114088 Misery Midnight vs. goldfreckles : @0/ B1\ B2\ C2/ B3/ A3/ A4/ @1/ D3\ E2/ C5\ D5\ D6\ A6/ A7/ @5\
8x8Trax_1114326 B Line electric streetcar vs. Bekkah : @0+ @1+ C1/ @1+ C0+ A1+ @1\ A2+ @2/ A0/ @1+ A4\ E1+ A0\ B6/ @2/ E6\ D7/ E1+
8x8Trax_1114327 Whistler Gandalf vs. Gone with the Wind 25871 : @0+ @1/ A0\ @2/ C3\ B0/ C1/ @4/ C5+
8x8Trax_1114328 hANDYman the Rebel vs. Jay RAA : @0+ @1\ A2/ @2/ A3+ B0/ C1/ A2\ @2\ D0/ E3\ @1\ B0/ @3/ A4/ B5/ D7/ @2\ B1+ E8\ F7+ G7\ G8\ H6+ H1\ B5+ B6/ B7+ A6+
8x8Trax_1114329 P_LizardBrain vs. paganje : @0+ @1/ A2/ C2\ C3\ C1+ A0\ @1\ C1+ A3+ @2/ A1+ @2\ B4\ B0\ A1\ @2\ D1/ D0/ B1/ C0\ A3+ @4/ A3+
8x8Trax_1114401 Retired 3815 vs. Adam : @0/ B1+ C1/ C0/ A3/ D1+ C3+ @3+ @2/ A1+ D0+ G2+ G4\ @2+
8x8Trax_1115967 Nan54 vs. Nargada : @0/ B1\ A2/ @2+ B3\ C2+ D1/ C0\ A0\ @2+ @3/ B4+ B1\ A2\ @3/ B1\ @3\ D0+
8x8Trax_1116450 TrueIndian vs. Rogue Trooper : @0+ A2\ A0\ @2+ C3+ D2\ D1\ A0/ B0+ D2+ A1\ @1\ E0+ B1+ E0\ D0/ F6+ B2+ F3+ G5+ G4+ H4+ A6\ F1+ G2+ H5+ H6\ H2+ H1/ B8+ H7+ G8\
8x8Trax_1116663 hANDYman the Rebel vs. hayleesam : @0+ @1+ B2/ A0\ B1+ B0+ C1/ @2/ @2/ D0\ @3\ A2\ A1\ A0\ @3\ D5/ A1+ F7/ G4\ H4\ E8\ G6\ D3+ G1\ G7\ G8+ H7/ C6\ B6+ H3/ A8\ H8\
8x8Trax_1116665 immitzi vs. STrek : @0+ @1\ C1\ A0\ A0\ C4+ C1/ D4/ C0\
8x8Trax_1116675 Goonerg vs. Buz : @0/ B1+ A2+ B0/ B0/ @4\ B2+ C0\ D1\ E3\ F3+ F1\ A6\ G1/ E0/ H3\ H4\ H5/ B8\ C8\ D8\ E6\ H1+ F5\ G6\ F7\ G8+ B1\ A1\ H6\ H8\ A8/
8x8Trax_1116827 goisshie vs. Rogue Trooper : @0+ A2/ B2\ B3/
8x8Trax_1118391 SPOILED vs. Rogue Trooper : @0/ A0+ A0\ @3/ A4/ @2\ C5\ D4+ D2/ E3\ E1/ F2+
8x8Trax_1118555 Allison vs. Rogue Trooper : @0+ A0/ B1\ A0/ B3+ B4\ B0/ C4/ @4/ A3+ E3/ A1\ E2+ B0/
8x8Trax_1118590 Chad vs. MountainMist : @0/ A2+ A3/ B1/ C1+ B0+ C4\ C5\ D3\
8x8Trax_1118619 * Sassy_Angel * vs. SarahMills : @0/ B1+ C1/ C0/ C0+ A2+ @3/ C4\ B5+ B6\ D5+ @3/ F1+ A6/ F5\ @6\
8x8Trax_1118626 Morticia vs. Sartex : @0+ A0\ B2/ A0\ @1\ A0\ @1\ D5/ B5+ A0\ @4+ @6/ D7/ A7+ A8/ @8/ B3+ A4\ @5+
8x8Trax_1118811 derekaluk vs. HeatherN : @0/ B1\ A2/ B2+ C2\ B3/ A3+ @3\
8x8Trax_1119621 spitfire vs. *Rosie* : @0+ B1/ B2\ C1/ A0\ A3/ A4/
8x8Trax_1119904 StackMaster vs. Rogue Trooper : @0+ A0/ A3\ B1/ B0/ C1/ D2+ @1/ F2\ @1/ E0+ B5\ C6/ @1\ A0\ A0\ H8\ E2/ A5/ H4+ C8/ B8/ A8/ D1+ G3/ H2\ F1+
8x8Trax_1120050 Dolly25 vs. Rogue Trooper : @0/ A0+ @2\ B0/ A2\ B0/ @3\ D2+
8x8Trax_1120151 Geri39 vs. HeatherN : @0/ B1\ B2\ A2+ C1/ C0/ D3\ C4/ D4+ E4/ B1+ B5\
8x8Trax_1120426 Misery Midnight vs. goldfreckles : @0/ B1\ A2/ @2\ A3/ @3/ E1/ C0/ D3\ E4/ D5\ F3+ G3\ C6+ H5\ G6+ D7/ B2+ F7\ D8/ A3+ H6+ F8\ H8+
8x8Trax_1120560 MOI vs. Rogue Trooper : @0/ A0+ B2/ B0\ C3/ D1+ C0/ C0/ D1/ E4/ A6+ @6/ E6\ D7+ F6/ B1\ A1+ B0/
8x8Trax_1120576 STrek vs. Jane : @0+ @1/ A0/ A3\ B3\ @2/ A4+ B0+ D4+ C1/ D1/ E2/ E4+ B0+ @3+ @4\ A2+ A5/ @5+ B6/ B7/ F7/ B8/
8x8Trax_1120579 STrek vs. Jane : @0+ B1\ A0/ A0+ C2+ B4\ B5+ B6/ @6+ A2+ D1/ E3+ @4+ F1\ @5\ F6\ G7/ H3\
8x8Trax_1120920 Taylor vs. STrek : @0+ @1+ B0\ A3/ A0/ C2+ B0\ @3+ B0\ A5+ D1/ D0\ C1\
8x8Trax_1121044 Honeybear vs. Keizer Soze : @0/ A2\ B2\ B3+ C3/ C1/ D2\ B4+ @2\ B0\ C0+ C0/ E7\ F5\ E2+ D0+
8x8Trax_1121176 balmoral vs. Rogue Trooper : @0+ A0/ A3\ B3\ C2\ A0/ C4+ A5/ @5/ @5/ B1\ B0\ B4/ A4/ @6/ F1/ G2+ D0+
8x8Trax_1121255 Dolly25 vs. Rogue Trooper : @0+ A0/ B2+ A3/ @3/ @3+ B4/ A1\ A0/ C1\
8x8Trax_1121600 bezmay vs. Rogue Trooper : @0/ A0+ A0\ @3/ @2/ @1/ C4/ B4/ B5/ A2+ E4\ B0+ C7\ @2/
8x8Trax_1121977 Howdy Doody vs. heidibb : @0+ @1/ B0\ C2\ C3\ B0/ C1/ D1/ E2/ F2/ F5\ G4/ E1+ C0+ G3/ F1/ F0/ E8+ G1+
8x8Trax_1121986 Adam vs. Barbie : @0/ B1+ A0\ @1+ A2+ @1+ B0\ A3/ A4/ @2\ C5\ D4+ @3+ B5+ B6/ @2\ A1/
8x8Trax_1121987 Adam vs. Barbie : @0/ B1\ B2\ C2/ C3\ D2+ C1+ C0/ E3\ D4\ C0/ D1/ A1\ @1+ B0/
8x8Trax_1121988 Adam vs. Barbie : @0/ B1\ A2/ @2+ C2+ C3\ C4\ D3\ D4+ E4\ E3+ A0+ E2/ E1+ F2\
8x8Trax_1122662 dingbat vs. Honeybear : @0/ A2\ B2\ B1+ @2/ A3/ C0/ D2\ D0\ C5\ D5\ A6\
8x8Trax_1122768 Menelao vs. Rogue Trooper : @0+ A0/ B1+ C1/ D1/ E1/ C2+ F1/ G1/ D3/ D0\ A1/ RESIGN
8x8Trax_1123119 * Sassy_Angel * vs. Shariann : @0/ A2\ B1/ @2\ B3+ @2+ C0+ C5\ D5\ E4\ D6+ D7\ E7\ F6\ E8+
8x8Trax_1123130 Vacant 1884 vs. Rogue Trooper : @0/ A0+ A0/ @3\ B0/ A3+ B0\ A2+ C3+ @3\ C6/ @2/ B1\ C7\ C0+ @3/ B2+ B6+ C7+ A7/ @5+ @4+ B7+ A6+ C8/ B3+
8x8Trax_1123203 bibipke vs. Rogue Trooper : @0/ A0+ A0\ @1\ @2\ A4+ A1+ @3+
8x8Trax_1123301 dragon vs. Rogue Trooper : @0/ A0+ @2\ B0/ C1+ D1\ A2+ D3\ E2/ C4/
8x8Trax_1123661 Chad vs. Lours : @0/ A0/ A3/ @1\ A0\ A0+ A0/ B2/ C2/ C1/ D1/ A0+ E5+ E8\ F8\ @4+ @5\ G1+ DRAW
8x8Trax_1123764 Honeybear vs. ND : @0/ @1\ B0/ A1\ A0\ @3\ C1/ A2\ C0\
8x8Trax_1124418 Rogue Trooper vs. 15951 : @0/ A2+ B2+ A3\
8x8Trax_1124419 Rogue Trooper vs. 15951 : @0+ @1\ A2/ A3+ @1/
8x8Trax_1124523 Misery Midnight vs. Pepper : @0/ A2\ B1/ B2+ B3\ B4/ A4/ A5\ @4\ A1/ D1\ D2\ D3+ E2+ F2\ E3+
8x8Trax_1124536 Rogue Trooper vs. MOI : @0/ A2\ B1+ B2+ C1/ C0/ @2/ E2+ E3\ E4+ F3+ G3\ G4\ E5/ @3\ G6+ D6/ D7+ C5/
8x8Trax_1124690 sweetcaroline vs. Rogue Trooper : @0/ A0+ @2\ B0/ C1\ C3/ C4\ D4\ B5/ A5/ A2\ @4+
8x8Trax_1124797 Morticia vs. curleyquenot : @0+ A0/ B1/ C2\ C3/
8x8Trax_1124820 curleyquenot vs. Morticia : @0/ A2+ A0\ @2/ C3\ A4\ B5\ C5\ D5\ @3\ B1\ A5/ B6/ @5\
8x8Trax_1124940 Chad vs. Aphrodite : @0/ @1/ @1/ C2\ D1/ E1/ A0\ @2/ D4\ F0/ G1/ A6+ H1\ H2\ D0+ F5\ G4+ C8+ A2/ G5\ H6/
8x8Trax_1124977 Honeybear vs. Geri39 : @0/ A2\ B2\ A3\ B1/ C2\ D2/ C1/
8x8Trax_1124989 drgnrdr vs. Scorpius : @0+ @1+ A0/ B3\ A0/ A4/ A5/ C3/ @1\ A0+ A5+ @4+ C1+ C0/ F5/ B1\ B0\ G6+ F3/ G4\ D2+ E8+ A7/ E1+ A1+
8x8Trax_1125040 Morticia vs. Keizer Soze : @0+ B1+ B2/ A0\ C2\ C4+ @2/ D5/ B4+ D1+ @3+ @3/ A5+ D6\ G3+ H4/ H5+
8x8Trax_1125041 Rogue Trooper vs. Dave (UK) : @0+ @1/ A0/ C2\ A3/ @1\ C0\ D2+ E2/ F3\ F4\ F5\ G5\ F1+ F6+
8x8Trax_1125400 sithneedow vs. Rogue Trooper : @0/ A0+ @2/ @1/ C0+ A1\ @2/ @2/ D4+ A1\ @2/ B0+ D4+ @4\ F6+ E0+ C1+ E0/ H2+ B2\ D1+ C7+ C8\ A2\ H5/ H7+ A8/ G8\ B3+ H8\
8x8Trax_1125668 Menelao vs. Rogue Trooper : @0+ A0/ A0/ @1/ A2+ @1/ B0\ A4\ B5/ @3\ @2/ E6\ F4\ A6+ RESIGN
8x8Trax_1125830 LilSis vs. Rogue Trooper : @0+ A0/ A3\ B1/ B0/ C1/ D2/ C0\ @2\ B1/ @3/ B4+ A4+ A5/ A6/ A7+ @6+ H4+ C8/ F6+
8x8Trax_1126140 Lorraine of the Renegades vs. Honeybear : @0+ B1\ A0+ @2/ C3\ C4+ D4\ B5\ @2\ A1\ E3/ F4\ A3+ A0/ B1/ @2\ @3/ D0/ F2/ G3/ A2\ H3+ A1\ G2+ B0\
8x8Trax_1126164 STrek vs. Jane : @0+ @1+ A2\ A0\ @1+ @2\ B3+ C4+ D1+ @3\ B4+ A2\ @2\ C5\ B0+ A6/ A7+ @6\
8x8Trax_1126775 Honeybear vs. ScoobyRex02 : @0/ A2\ B2\ B3+ C3/ B1/ B0+ B0+ @4\ D1\ E2/ F3+ E0/ F1/ G3\ C1+ B7\ @6+ D8\ B8+
8x8Trax_1127309 lmosselmans vs. Rogue Trooper : @0+ A0/ B1/ C2/ A3+ C3\ D2/ B4+ B0/ C1/ D2/ D5\ E4+
8x8Trax_1127629 spitfire vs. nobodyhere : @0+ @1/ A2/ C1+ B0/ @3+ A4\ D3\ E3+ @3+ G3/ @3+ E5\ H4/
8x8Trax_1127713 spitfire vs. nobodyhere : @0/ B1+ A0\ @2/ A1+ A0\ @1\ @2\ B4\ @3+ D0/ E1/ B1\ B0\ C1+ B0\ B0+ A4\ @5\ B2/
8x8Trax_1127849 Vacant 1884 vs. HeatherN : @0/ B1+ @1\ A0\ A0\ B4\ @2+ D4+ E3/ B4+ C1/ B0\ B0\ C2+ D2/ C0/ B0/ @5\ E2/ F2/ F8\ G7/ G4/ H4/ F1+ G8+ H8\
8x8Trax_1127924 b4texas vs. Rogue Trooper : @0/ A0+ @1\ C1/ B0/ B0/ C2/ @4/ E3\ B5/
8x8Trax_1127970 honeybee vs. Rogue Trooper : @0/ A0+ @2\ B0/ A2\ B0/ @3\ D2+
8x8Trax_1127987 Absentee 31730 vs. Rogue Trooper : @0/ A0+ @2\ B0/ C1/ D2/
8x8Trax_1128112 Dolly25 vs. Rogue Trooper : @0+ A0/ B1\ A3/ B2+ B3\ A4/ B4+ C4/ D2\ @3/ E1/ F1/ C0/
8x8Trax_1128163 Gone with the Wind 32467 vs. Rogue Trooper : @0/ A0+ B2\ B3/
8x8Trax_1128337 Knight Rider vs. honeybee : @0+ @1\ B2/ B0+ C2+ C1+ D2\ D1/ E2/
8x8Trax_1128416 HeartOnFire vs. Jump This : @0+ B1+ C1/ C0/ B3+ @2+ @2\ A1\ B0\ F2+ @2/ H2+ A3+ A4/
8x8Trax_1128807 Vacant 1884 vs. drgnrdr : @0+ @1+ B2/ B0/ B0/ A1/ B0/ C1/ @4/ @4/ C0\ B2/ C7\ C8\ E8+ F7\ B3+ F3+ B1\
8x8Trax_1128856 REBEL DJ vs. Morticia : @0/ A2+ B2\ A3/ C1/ A0/ B0\ D3+ C5+ E3+ A6/ @6/ @5+ A3+ @3\ A2\
8x8Trax_1129272 derekaluk vs. HeatherN : @0+ B1+ A2/ C1+ @2\ A1\ B0\ A1\ A0\ @2\ A1+ @1\ A0\ G4+ @1/ B0\
8x8Trax_1129330 hayleesam vs. klaashaas : @0/ @1/ C1/ @1/ B0/ A0/ C4/ @2+ C1+ C0/ @3\ @2/ @3\ B4+ D5\ G2+ E6+ B1+ F0/ B6+ D7/ F8/ B1\ C7/ DRAW
8x8Trax_1130406 Rogue Trooper vs. MOI : @0/ B1\ A2/ B2+ C1\ A3+ @3/ A2+ B0/ @4+ A5/ A6+ @5/ C5+
8x8Trax_1130579 Knight Rider vs. bjarki : @0+ A2+ A0+ A0+ A0+ A0\ @1\ A0+ A0+
8x8Trax_1130844 drgnrdr vs. ema : @0+ B1/ @1/ A2+ B3/ C0+ C4\ D3\ B5\
8x8Trax_1130937 Taylor vs. paganje : @0+ @1/ B2+ C2/
8x8Trax_1130938 *EAGLE ONE* vs. * Sassy_Angel * : @0+ B1\ B2\ C2+ C3/ B0/ C1+ D3+ E3/ E2/ @3\ C5/ A1\ B0+
8x8Trax_1131047 faith64 vs. STrek : @0+ @1\ C1\ C2+ D2/ B0\ A1+ B0+ D2+ C1+ C0/ @3+ @3+ C2\ @3+ A4/ @3+
8x8Trax_1131058 drgnrdr vs. buttercups : @0+ @1\ @1/ A2/ D1\ @1\ A0\ A4/ @2+ A0/ A5/ @4\ B0/ E5\ E6\ C7/ F7+ D3/ F2+ @4\ A3+ C7+ E8+ B6/ A5+ A7/ B8+ H2+ H1/ A8+ DRAW
8x8Trax_1131211 DJ MIA vs. Linda Sue : @0/ B1\ B2\ A0/ C1\ D1\ B4/ A4/ C2\ B5\ C5\ A6/ @6/ E0/ C0\ B1\ E8\ F2\
8x8Trax_1131276 Keizer Soze vs. Phil The Hat : @0+ A0/ B2+ A3/ C2\ @3/ @2\ A1\ C0/ E4\ C5+ E5\ @4+ E6+
8x8Trax_1131478 Super Camel vs. ejd : @0+ B1\ A0/ C1/ A3\ C0\
8x8Trax_1131937 spitfire vs. nobodyhere : @0+ @1\ A2/ @2/ A1+ B0/ B0\ A2+ @2/ @3\ B5\ C1\
8x8Trax_1132230 Jane vs. STrek : @0/ B1/ A0+ B3+ A0+ @2\ @3\ B4+ A2\ A0+ A0/ C1+ D2/ E5/ @2\ D0+ C0/ B1+ A6/ @6+ A5+ @4/ B7+ B8+
8x8Trax_1132293 DINGEROO vs. Honeybear : @0/ B1\ B2\ C2\ A2/ C3+ C0/ D1\
8x8Trax_1132737 Geri39 vs. paganje : @0/ B1\ A2/ B2+ A0\ @2/ A1+ A0\ C2+ @2+
8x8Trax_1133093 lova_wolf vs. Rogue Trooper : @0+ A0/ B1\ A3/ B2+ B3\ B0/ C1\
8x8Trax_1133131 FujiTape vs. pookster : @0/ A2\ B1/ C1/ C2/ D1/ D0/ E1/ B0+ B0/ @5\ C6\ B6+ B7/ C8\ D8\ G7+ A1/ H5\
8x8Trax_1133245 SunnyD vs. FujiTape : @0+ B1/ A2+ @1\ C0/ D1/ B0\ C0+ B6+ C0\ A2\ @5\ C8+ @3+ B1\ G3\ H3/ F6/ C6/ H6\ F7/ C8+ H2/ H1/ H7\ F8+ A5+ B8+ A8/ F1/ A1\ H8\
8x8Trax_1133282 * Sassy_Angel * vs. REBEL DJ : @0/ B1+ C1/ B2/ B0\ A3/ A4/ @4/ A5/ @5/ B6+ C0/ @4\ B8/ A7+ D8+ A3+ A8+ @7+ @7\ H5+
8x8Trax_1133283 paganje vs. Kevin : @0/ A0/ B1+ C1/ B3\ C3\ D1/ E1+ C0+ E5\ F4/ D6/ C6/ @6+ A7/ A2\ @5+ B1/
8x8Trax_1133437 Geri39 vs. Misfit Lenrad6672 : @0/ A2\ B2\ B1+ A0\ @1\ A2+ @1/ B3/ A2+
8x8Trax_1133701 Super Camel vs. Rogue Trooper : @0+ A0/ B1\ A3/ B2+ B3\ B4+ @1/ D4/ A4/ @2\ D5/
8x8Trax_1133718 Phil The Hat vs. Rogue Trooper : @0+ A0/ B2+ A3/ B3+ B0\ B0/ C3\ @2\ A1\ C0/ D1/ E3\ C0+
8x8Trax_1134604 drgnrdr vs. HeatherN : @0+ @1+ B2+ B3\ B0+ @2+ D1\ B1+ B3/ A1\ @2/ B4+ E3\ F2/ E4\ D0\ D6+ @3\ C7/ B7/ A4+ C8+
8x8Trax_1134834 s_strum vs. ejd : @0/ B1+ A0\ @1\ A2+ @1/ A0/ A3/ @2/ F3\ B4/ E4+
8x8Trax_1134934 sithneedow vs. Rogue Trooper : @0+ A0\ A0\ B2\ @2/ @2/ A3/ D4/ B5/ D0/ E2\ A1\ @2\
8x8Trax_1135143 Rogue Trooper vs. 15951 : @0/ B1+ A2/ B0+ C1/ A1+ A0/ @1/ D0/ E2+ A1\ A0+ @3\
8x8Trax_1135444 Chad vs. Morticia : @0/ B1+ C1/ A2/ B3/ C2+ @2+ @2+ A3+ @2+ D0/ @3+ D4\
8x8Trax_1135487 Whistler Gandalf vs. paganje : @0+ @1/ A0\ @2/ A1+ A0\ @3/ E3\ E4\ C5+ B0/ C1/ D1/ F2+ C0+ D0\ A2\ @5+ B1/
8x8Trax_1135521 Rand al*Thor vs. Scorpius : @0/ B1\ A2/ @2+ C0\ @2+ D3+ @2+ F2\ D4\ @2/ H2+ E0\ H4\ G5+ G6\ H5\ E6/ F7+
8x8Trax_1135522 ellieoop vs. Goonerg : @0/ @1/ A2+ @1\ A0\ @1\ D4\ E2+ C4+ @2/ A3+ A0/ @3/ D5+ C5+ C6/ B7+ A7+ @4\ C8/
8x8Trax_1135547 drgnrdr vs. Tigger : @0+ @1/ A2/ @2/ @1/ E2/ D3\ D0\ C0/ E2+ A5/ A6/ F1\ E0/ @5+ A4\ G1/ H2+ F0+ E8+ F7+ G7\ H5+ G8\ H6+
8x8Trax_1135559 immitzi vs. Rogue Trooper : @0/ A0+ @2/ @2/ B0/ D3/ D4+ A5\ B5+ @5/ C6/ A1+ D0\ @4/
8x8Trax_1135906 Z MIA vs. Rogue Trooper : @0/ A0+ @2\ B0/ A2+ A1\ A0+ C2\ @1/ D1/ D3+ E2/
8x8Trax_1136197 DevilDom vs. Rogue Trooper : @0+ A0/ A3+ B2+ A4\ B4\ C4+ C5\ C6+ D4/ @3/ E1/ E0+ F3/
8x8Trax_1136245 Retired 29282 vs. Rogue Trooper : @0+ A0/ A3\ B3\ C2\ @2/ D3+ B4+ E1/ D0+ D0/ E1/ E0/ F3+
8x8Trax_1136259 Marko vs. dolly : @0+ @1/ A0/ A3/ @3+ A4/ B4+ D3/ @4+ A5\
8x8Trax_1136352 15951 vs. Rogue Trooper : @0+ A0/ B1\ A3/ B2+ B3\ A4/ B4+ @3/ @2/ B4+ A1\ C0+ @2/
8x8Trax_1136774 Elvis vs. Mainmang : @0+ DRAW
8x8Trax_1136790 Badger vs. Rogue Trooper : @0+ A0/ B2+ B3\ A3+ A4+ @3\ @3\ B1+ A4/ @2/ B5/ A5/ @5/ B6+ A3\ @2/ A0\ @3+ G8+ H8\ D8/ B8+ F1+
8x8Trax_1136869 tipi vs. Rogue Trooper : @0+ A0/ @2+ B3/ @2+ B1\ A3+ B0/
8x8Trax_1137083 gingershaz vs. STrek : @0/ B1\ B2\ C2+ B3/ A3/ A4/ @1/ B0/ @3+ F1/ C0/ A7/ @6\ F6\ D7+ H2\ B3+ H1/ G0+
8x8Trax_1137118 Uncle Chuckie vs. Adam : @0/ B1+ A0/ B3+ C2/ D2/ @2/ C4\ B4+ B5/ D4/ B0/ C7\ D7\ E7\ F3+ @3/ G7+ A7/ F8\
8x8Trax_1137160 Adam vs. Uncle Chuckie : @0/ B1+ A0/ C2\ A3/ @3/ C4\ C5+ D5\ E2\ D1+ D6\ D7\ F4+
8x8Trax_1137168 Adam vs. starshine : @0/ B1\ A2/ @2/ @1+ A0\ @1\ B0\ E1/ E0/ F4/
8x8Trax_1137210 Adam vs. balmoral : @0+ B1\ A0+ @2/ A3/ A4+ @4/ A3+ B5+ A1\ @2/ C6/ A5+ D5\ C7/ E5\ F5\ @2/ @5+ F0+ B7+
8x8Trax_1137457 Tigger vs. supermac : @0/ A2\ B2\ B1+ B0/ C2\ B0/ A2+ @3/ @3+ D0/ D6\ E6\ F6\ C0\ B2/ F1/ D0\ G2\
8x8Trax_1137460 paganje vs. Bekkah : @0/ B1+ @1\ A0\ C3\ C4+ A3+ C5/ @3+ E2\ E1/ F2\ E5\ E6\ A5\ F3+ F5\ G3\ @5/ B6\ A2/ C6+ E1\
8x8Trax_1137575 honeybee vs. Rogue Trooper : @0/ A0+ @1+ B0/ C1/ D2/ C3+ A1\ C4+ A0/
8x8Trax_1137586 Rogue Trooper vs. Stinger : @0+ B1+ A2\ A0\ A0+ A0/ B1/ C3+ D3/ @2\ F1/ E0+ @3\ D1+ H3\ H4\ H5\ G6+ C7\ B5/ C0/ A6\ H2/ G1+ H8\ A8\
8x8Trax_1137727 Rogue Trooper vs. MOI : @0/ A2+ A3/ @2+ A1\ B0+ B0\ A1\ C1\ A0+ @5/ @2+ A1\ A0+ @4\ B0\ F7\ G6\ G3+ H5+
8x8Trax_1138029 notty vs. supermac : @0+ @1\ A2\ C1\ B0\ B4+ @2\ B1\ A1+ A0\ B5/ @4+ A5/ @5/ B6\ E6\ D7\ E1/ F1/ D0\
8x8Trax_1138065 drgnrdr vs. bigdan409 OTWP : @0+ @1+ B2+ @1+ D1\ C0\ B0/ D1\ E4\ E5\ B4+ B5/ B6/ A4+ @4/ B2+ C0+ E6/ E7+ F3+ G3\ A3+ @4\ E8\ H6\ H7\ G2+ H2/ F1+
8x8Trax_1138290 Vacant 18645 vs. Rogue Trooper : @0+ A0/
8x8Trax_1138480 Sweet Pussycat vs. supermac : @0/ A2\ B1/ B0/ B3\ C2/ A4/ @3+ @3/ A4/ @4\ F1/ G1+ C1\ A2+ C0/
8x8Trax_1138508 yuna vs. Rogue Trooper : @0+ A0/ A3\ B1/ B0+ @2/ C0+ D3/
8x8Trax_1138623 aussielady vs. supermac : @0/ A2\ B1/ B0/ C2\ B3+ A0+ @1\ @3\ F3\ A4/ E4+
8x8Trax_1138639 Lorraine of the Renegades vs. Honeybear : @0/ B1\ A2/ B2+ C2\ B3/ B4/ A4/ @4/ A5/ @4/ @4/ A5/ B6/ A6/ G4+ E7\ B0+ @4/ H3/ H2/ H1+ A7+ A8/ G8+
8x8Trax_1138843 Lyonsgirl vs. supermac : @0/ B1\ A2/ B2+ C2\ C3\ C4+ D4\ B0/ C1/ D3\ E4+ E3/ F3/ F2/ G2/ C0/ F2+
8x8Trax_1138898 Nanett MIA vs. paganje : @0/ B1\ A2/ B2+ C1/ C0/ D1+ C0\ B1\ @4/ A5/ A2\ @4+ @4/ G4\ H3/ D6+
8x8Trax_1138928 Kran vs. Rand al*Thor : @0/ B1\ A2/ @2+ B0/ @3+ @3\ A2\ B1\ B0\ C5/ @3+ @3/ C2+ @3\ B2/ A4/ B5+ F6/ H4+ G5+ H6\ H7\ F7\ B6/ A6+ A7/ D0/ G2/ A3\ B2+ D7+ C8+ D8\ A1/ G1/
8x8Trax_1138945 Whistler Gandalf vs. csain1 : @0+ A2/ @1+ B0/ C1+ D2/ C3+ D4/ E4+ C5\ F4\ A5/ F2/ @3/
8x8Trax_1139158 Z MIA vs. Marko : @0/ B1\ A2/ @2/ B0/ C3+ A0\ B5+
8x8Trax_1139175 Z MIA vs. Marko : @0/ B1\ A2+ B2+ A3/ A4/ B3+ A5/ @4\ @4\ C6/ B3+
8x8Trax_1139239 Z MIA vs. Marko : @0/ B1\ B2\ C2\ A0/ @1\ A0\ B4+ C5/ C6/ A4/ @3/
8x8Trax_1139368 Shariann vs. Marko : @0+ A0+ A3\ @2/ C2+ C1/ C0+ D1/ @4+ E3\ F1/ D5/
8x8Trax_1139404 Rogue Trooper vs. 15951 : @0+ A0+ B2/ @1/
8x8Trax_1139461 Retired 28186 vs. Rogue Trooper : @0+ A0/ B1\ A3/ B2+ B3\ B4+ B5/ A4/ @4/ B5/ @3+ E2/ A1\ A0+ @3\
8x8Trax_1140106 Mainmang vs. Elvis : @0+
8x8Trax_1140109 Mainmang vs. Elvis : @0+
8x8Trax_1140179 Scorpio-Lady vs. Fallen Angel : @0/ B1+ @1\ A0\ A3\ D2+ @3/ A4/ F2\ F3/ F1/ G1/ D4/ C4+ C5+ @3/ H3\ H4\ G5\ A4+ A0\ A6\
8x8Trax_1140226 MountainMist vs. Misery Midnight : @0/ B1\ A2/ B2+ B3+ C2/ B0+ @4/ A5/ E3\ E4\ D5/ B6+
8x8Trax_1140227 heidibb vs. poss : @0/ B1\ A2/ B2+ C2\ B3/ B0/ @3/ D1\
8x8Trax_1140228 MountainMist vs. Misery Midnight : @0/ A2\ B2\ B1+ C1+ C0/ D1+ C4\ D4\ E4\ E1+ D5\ @3/ F5+ B4/
8x8Trax_1140648 15951 vs. Rogue Trooper : @0+ A0\ A3+ B3/ @1+ D2\ A3+ D1/ D0+ E3/
8x8Trax_1140685 15951 vs. Rogue Trooper : @0/ A0+ @1+ B0/ B4+ A1\ A0+ C4/ @2\ D1/ E2\ B0/
8x8Trax_1140708 15951 vs. Rogue Trooper : @0/ A0+ A3+ A4\ B2/ C4/ A5/ @3/ @3+ E5\ E6+ F5/
8x8Trax_1140770 Rogue Trooper vs. 15951 : @0+ @1+ B0\ B3+ @1/ A3+ C4/
8x8Trax_1140812 What did you say vs. Rogue Trooper : @0/ A0+ @2/ @2/ B0/ A0+ @1\ A0\ @4+ C6/ @6+ A7/ A8+ @6+ G7\ H5/ B2/ A5\ B3+ A3\ G8+ H8\ H3+ G2+ G1/ A8/
8x8Trax_1141068 HeatherN vs. drgnrdr : @0/ B1+ A0\ @2/ C1+ B3+ A1+ D1/ C0/ D1+ D0/ C1+ E2+ F1\ E0/ A2\ B1+ @4+
8x8Trax_1141272 Rand al*Thor vs. soldierswife : @0+ @1+ B0\ B3\ C3+ C4\ B4+ B5/ A5/ C1/ D2/
8x8Trax_1141344 Adam vs. firefly : @0/ @1/ A2+ @2+ C3\ D1+ E1\ E3+ B0+ @3+ B2+ C4+ B4+ D5+ A4/ @4/ H4+
8x8Trax_1141382 Marko vs. ejd : @0+ B1+ @1/ D1\ B0/ A3\ C3/
8x8Trax_1141493 FujiTape vs. Jane : @0/ A2+ @1\ A0\ B1+ C3\ D2/ D1/ E3\ E4\ F2+ B4/ F5/ E0+ E7\ E0+ A6\ A8\ G6+
8x8Trax_1141785 Kevin vs. Goonerg : @0+ A2/ B1/ @1\ A0\ C0+ B5/ C4+ B6+ D3\ @3+ @2/ B1+ E0\ A5+ F1\ G1\ B0\ A1\ @4/ D8+ G8+
8x8Trax_1141788 EagleAnney vs. Rogue Trooper : @0/ A0+ B1\ A3/ C3/ @2+
8x8Trax_1141811 Rogue Trooper vs. EagleAnney : @0+ @1\ C1\ A2\ @1\ D0\ A4/ @3\ E4\ D0\ F4\
8x8Trax_1141874 s_strum vs. ejd : @0/ A2+ @1\ A0\ @1+ D3+ D4\ C1/ C0/ C5+ B1\ C6\ B0/
8x8Trax_1141936 allan77 vs. Adam : @0/ A2\ @1\ C2/
8x8Trax_1142197 Jane vs. Rogue Trooper : @0/ A0+ B1/ @1\ C0/ D1/ D0/ D4\ D5\ E4/
8x8Trax_1142209 sithneedow vs. Rogue Trooper : @0+ A0/ A3\ B1/ C2+ D3/ C4+ B5\ A5\ B0/ D2+ A0+ @2\ @2\ A1\ A0+ @1\ H3+ F2/ F1/ G8\ H6/ C5+ G2+ A3+ C8\ H1/ A8+ H8+
8x8Trax_1142231 spitfire vs. nobodyhere : @0+ @1/ B0+ @2/ B1+ @2+ A3\ B0\ C1+ E2+ D1+ @3+ @3\ A2\ C1+ H2+
8x8Trax_1142368 spitfire vs. RobinDuBois : @0+ A0+ A3\ B2/ @1\ D2\ C0/ D1/ E1/ F1+ F0/ B6/ D1/ A6\
8x8Trax_1143263 paganje vs. Allison : @0/ B1\ B2\ C2\ B3/ A3/ @3+ B4\ @2/ C5/ B5/ A4+ A1\ E0/ @3\
8x8Trax_1143337 Jacqui vs. Rogue Trooper : @0/ A0+ @2\ B0/ A2\ B0/ B5/ C2+
8x8Trax_1143437 pepsi24 vs. Rogue Trooper : @0/ A0+ B1\ A0/ C2/ A4/ @2\ D4\ C5/ E3/
8x8Trax_1143611 BlueEyedGoddess OTWP vs. Marko : @0+ B1/ B2\ C1/ B3\ C2+ B4/ A3\ @2/ B0+ A1\ @2\ A1\ B0\ @2/ F1/ D0\ G3/
8x8Trax_1143656 Oolong vs. Marko : @0/ B1\ B2\ C2\ B3+ A3\
8x8Trax_1143742 Stinger vs. Phil The Hat : @0/ A2\ B1/ @2\ B0+ D2/ B0+ D1/ E2\ E1+ D0/ C5+ B6+ F5\ F6\ F2+ G5+ G2+ H2\ B7/ F1+ A1\ A0\ H2+ F1+ F8+ C8+
8x8Trax_1144292 Whistler Gandalf vs. betty : @0+ B1+ A0/ C1+ B3/
8x8Trax_1144325 Marko vs. ejd : @0+ @1/ A0/ C2\ A3/ @3/ C4\ D1+ B5+ @4/ A1/ F1/ E0/ G2\ C7\ H2/ F1/ E6/
8x8Trax_1144383 Z MIA vs. Marko : @0/ B1\ @1\ C2/
8x8Trax_1144427 Z MIA vs. Marko : @0/ B1\ B2\ A2+ B3/ C2\ A0/ B5/ D3\ A5\
8x8Trax_1144435 spitfire vs. RobinDuBois : @0+ A0+ A3\ B2/ @2/ B4+ @3\ @4\ C1+ A2/ C5/ D0\ F3/ B1\ B0\ E6+ C8\ D8\ C1/ E8/ G5+ F2/ H5+ G3/
8x8Trax_1144519 Z MIA vs. Marko : @0+ A2+ A3/ B1\ @3/ @2+ @2/ B1/
8x8Trax_1144590 London vs. Morticia : @0+ @1+ A0/ B3\ C3/ C1/ C0/ D3+ E1/ C0/ E4\ F4\ F3+ E5\ D6\ @4+ @4\ A3/ E0/ C6/ D7\ E8/ C7/ H6+ A6/ B3+ A3+
8x8Trax_1144706 Adam vs. MountainMist : @0/ B1\ A2/ @2+ B0+ @3+ B4+ C0\ A1+ A0+ @2/ B0/ D2+ A2+ E2/ F3+ C8+
8x8Trax_1144946 Rogue Trooper vs. 15951 : @0+ @1+ A0/ B3+ C1\ B0\ @3/ A4+ A1\ RESIGN
8x8Trax_1145208 * Sassy_Angel * vs. aussielady : @0/ A0/ B1+ B3/ C1+ C2+ @2+ C0\ B4+ @3/ A4+ A1\ A0\ @4\
8x8Trax_1145539 Scorpius vs. Honeybear : @0+ B1\ C1/ B0\ B3+ C3+ D2+ C1+ D1+ C0+ C0/ D1/ E2/ D0/ E1\
8x8Trax_1145584 Marko vs. ejd : @0+ B1/ A0/ @2\ B3/ C1+ C0/ @4/ C5/ E1/ D5\ F2\ D6/
8x8Trax_1145788 Jump This vs. Lours : @0+ A2/ A0\ @3/ B0\ @2/ D3\ B5+ A5+ @5\ A4\ B6/ E1/ E6\ F2\
8x8Trax_1145812 yo_sup vs. JenJen : @0/ B1\ C1+ B2/
8x8Trax_1146125 Z MIA vs. Marko : @0/ B1\ A2/ @2/ @2\ B3\ C3\ D2+ D3\ A1\ A0\ D5+ E5+ A5/ A6/ @3/
8x8Trax_1146773 Geri39 vs. drgnrdr : @0/ B1+ A0\ @2/ A1+ D2\ C1+ C3+
8x8Trax_1146809 paganje vs. Bekkah : @0/ B1\ B2\ C2+ B3/ A3/ A4/ D2/ @3+
8x8Trax_1146948 Nancy vs. Nan54 : @0/ B1\ B2\ C2+ B3\ D1/ D0/ D4\ C5/ E2/ A5/ A6/ B1\ D0/ @5\ @7/ B3/
8x8Trax_1147045 Pbarb2 vs. Marko : @0+ B1/ C1\ B2/ C2+ B0\ @2/ E3\ B1\ D4+
8x8Trax_1147152 paganje vs. pepsi24 : @0/ A2\ B1/ B0/ B0+ B0\ @3+
8x8Trax_1147627 drgnrdr vs. Adam : @0+ B1+ A2+ C1+ @1/ @1/ C3+ B0/ B4+ B5/ @4+ B0+ A1\ @3+ @2/ B5/ B0/ A5+ F2+ F1/ F0/ G3+
8x8Trax_1147634 Whistler Gandalf vs. Beaupol : @0+ @1+ A0/ A3/ @3+ A4/ @2\ A1\ A0\ A5+ @2+ A4+ A5/ @3\ E0/ F1/ G4/ H2\ E0+ H5/ H6+
8x8Trax_1147635 Goonerg vs. SarahMills : @0/ B1\ A2/ @2+ B0/ D1/ D0/ B5/ A1\ D0/ @3\
8x8Trax_1147636 paganje vs. Tigger : @0/ B1\ B2\ C2+ B3/ A3/ @3/ B0/ B0/ E4/ F1/ D0+ G2/ H4/ H2/ H1/ D0/ D0/ F7\ F8\ C2+ G2+
8x8Trax_1147735 Whistler Gandalf vs. jdirtyx : @0+ A0/ B2+ A3/ @3+ @2/ B1+ B0\ C0/ D1/ E2\ D0/ F3+ F4\ F0/ G3\ F6\ A2\ E7+ A1/
8x8Trax_1148737 buzzedlyteyear vs. HeatherN : @0/ @1\ A0/
8x8Trax_1149008 buzzedlyteyear vs. HeatherN : @0+ @1+ A0/ A3/ B0\ @3+ @3/ E3/ B1\ B5+ B0/
8x8Trax_1149104 Misery Midnight vs. nursestary : @0/ B1\ A2/ @2\ B3\ C2+ C3\ D3/ D4\ E3/ E2\ C4/ C5/ B4/ A4/ @3/ @3/ C5/ B4+
8x8Trax_1149268 Rogue Trooper vs. 15951 : @0+ @1\ A0/ @1+ D2\ A0+ @1/
8x8Trax_1149747 Morticia vs. pioenroosje : @0/ A2/ @1+ @1/ B3+ B4\ C4\ D3\ C5+ A4+ C6+ A6/ @6+ C7+ A7+ A3+ @3/ F5/
8x8Trax_1150012 derekaluk vs. HeatherN : @0/ B1+ @1\ A0\ @1\ B3+ C1+ @1\ D0\ C1\ C0\ B1\ B0\ A1\ A0\ @3/ @2/ A3/ B4/ A4/ @3/ H4+ A4+
8x8Trax_1150899 Chad vs. Kran : @0/ B1\ A2/ @2\ @2/ C3/ D3/ C4+ A3+ C5+ @2/ E5\ F3/ C4/ A1\ B0+ C0\
8x8Trax_1150901 Lours vs. Chad : @0/ @1/ B2+ C2\ B0/ C4+ D3+ B0/ @3/ A5\ D6\ E6\ F6\ F7\ G5/ H5+ H4/ H3/ C7+ D8+
8x8Trax_1151500 Chef Jeff 1 vs. Rogue Trooper : @0+ A0/ B1/ C1/ A3+ A4+ A5+ C3\ D3\ @3/
8x8Trax_1151609 sithneedow vs. Rogue Trooper : @0/ A0+ A0\ @1\ C2\ @2+ C4\ C5+ B5+ B6+ A6\ @5/ @4+ B1+ @4\ @2+ A1\ D0\ C1\ G1+ E8+ H2+ H5+ C7+ H6+ F8+ G8\ H7+ B6+ A6+ DRAW
8x8Trax_1151714 Lorraine of the Renegades vs. Honeybear : @0/ A2\ B1/ B0/ B0+ C1\ D2/ @3+ D0+ F3/ D0+ A6+ C6+ @6/ B7+
8x8Trax_1151722 paganje vs. jdirtyx : @0/ @1+ @1\ A0\ @1\ C0/ C4\ @3\ E5\ F5\ F4+ G5\ F6+ C4+ D6/ E7\ A5/ @5/ A4\ D7/ D8/ A3\ B1/ A1+ C7/ B7/ B8/ A8/
8x8Trax_1151831 betty vs. Rogue Trooper : @0/ A0+ @2\ B0/ C1\ A1/ A0\ @1\ A3+ B0+ @4\ E1/ F1+ D0/
8x8Trax_1152075 Vacant 1884 vs. STrek : @0/ B1\ A2/ @2+ C2\ B3+ B4\ C4\ C0\ @3+ E3+ F3+ B0\ A2+ E1/ D0+ F3/
8x8Trax_1152076 Rand al*Thor vs. Lorraine of the Renegades : @0/ A0/ B1/ C1+ C0\ D2+ A4+ @4/ B5\ E3+ F3\ E1/ D0\ F3+ G4\ E7\ B7+ B8/ F8\ H6+
8x8Trax_1152152 Morticia vs. Goonerg : @0/ A2\ B1/ A0/ @3\ @3\ D3\ E2/ C4+ @4/ A5/ A1\ D5/ @3\
8x8Trax_1152231 Scorpius vs. Amanda : @0+ B1+ B0+ C2+ D2/ D1/ C3/ D0/ E3\ E4\ E5\ C0+ A2\ C7\ @4/ C7/ RESIGN
8x8Trax_1152306 Whistler Gandalf vs. SarahMills : @0+ @1/ A0\ @2/ A1+ @2/ B3+ B0+ @4/ C5/ D5+ A2\ @3+ B1/
8x8Trax_1152331 spitfire vs. nobodyhere : @0+ B1/ C1\ C2\ D2+ D3\ B2+ @1+ C3/ E4\ D4+ F3+ D5/ B4/ B3+ A0\ @1\ @1+ C4+ F1\
8x8Trax_1152333 spitfire vs. Amanda : @0+ @1+ A0/ A3/ @3+ A4\ C3\ @2/ E3+ E4/
8x8Trax_1152347 Peeky vs. Amanda : @0/ B1\ A2/ A0/ @1/ A3+ D2\ @2+ B4\ D3\ F1/ E0\ E4+ E5\ D6\ D1\ F5\ G3/ F6/
8x8Trax_1152432 Morticia vs. Amanda : @0/ B1\ B2\ C2+ D2/ C0+ C0\ A2+ @2\ D0\ E2+ D0\ F2\ @5+ E0+ C7+ E0+ A8/ @8/
8x8Trax_1152575 Morticia vs. karosel MIA : @0/ B1\ A2/ @2/ D1/ D0/ @3+ F2\ E3+ F3+ D4\ F0/ G3+ D2\ C1/ B0\ E1+
8x8Trax_1152603 nisqually vs. Amanda : @0+ B1+ A2\ B0/ B0/ C3+ A2\ D3+ D2/ @3+ E1+ @3+ @3\ A2\ B1\ @2+
8x8Trax_1152707 spitfire vs. karosel MIA : @0+ @1+ A0/ B3\ C3+ @1\ A0\ B4/ B5/ C1/ D1/ D5+ B6\ A6/ A7/ E5/ A4\ F4/ B0+
8x8Trax_1152949 Z MIA vs. Marko : @0/ A2\ B2+ C2/ B1/ B0/ @2+ D2+
8x8Trax_1153059 Vacant 1884 vs. Rogue Trooper : @0+ A2\ A3\ A0\ @4/ B5+ B6/ A6/ A2\ @5+ D3+ C7\ D5\ E4/ A2+ @2\ G3\ A1+ H3/ G2\ H4\ G5+ B0+ F8\
8x8Trax_1153278 Mel vs. Rogue Trooper : @0/ A0+ @2\ B0/ A2+ A1\ A0/
8x8Trax_1153414 Nan54 vs. gramat : @0/ B1\ A2/ @2+ B3\ C3\ D1/ D0/ C5+ C1+ B6/ A6/ E1/ E0/ D0/ B3\ F2/ F1/ G3+ E5+
8x8Trax_1153474 Logged Off 9554 vs. Goonerg : @0+ A2/ A0/ @3/ B0/ A2+ B0+ @3+ D5/ @3+ B1\ B0\ @4\ G3+ F2/ F1/ G1/ D0+
8x8Trax_1153499 Goonerg vs. snowwhite : @0/ @1+ B2/ C2\ B3\
8x8Trax_1153503 firefly vs. snowwhite : @0+ A2+ A0/ B2+ B3\ B4+ C3/ C2/ C4+ D4+ E4/
8x8Trax_1153628 Goonerg vs. aussielady : @0/ @1/ A0/ @1/ A2+ A3/ B3+ D2+ C4/ D1/ D5\ E3+ A5/ B6/ @4/
8x8Trax_1153632 firefly vs. aussielady : @0/ A0/ B1/ B3+ C3\ D3+ C4/ A0\ @2/ E1/ C0/
8x8Trax_1153648 FULL moon CRAZY vs. Rogue Trooper : @0+ A0/ B2\ A3+ @2\ C0\ D3\ D5\ E4/ E0+ F1/ A1\ @2+ C0/
8x8Trax_1153663 Goonerg vs. Meeshamouse : @0/ B1+ A0/ C2+ B3+ C3+ D3\ C1+ @2/ C4\ B4+ C5\ @4/ A2+ B5/
8x8Trax_1153665 firefly vs. Meeshamouse : @0/ B1\ A2/ B2+ A3/ A4/ @2\ @3\ A2\ B1+ D0\ @2/ F3/
8x8Trax_1153669 spitfire vs. Trist : @0+ B1\ C1/ C0/ D1+ @2\ F2\ F3\ A3/ @2\ D1+ C1+ D3/ B4\ F3+ D4/ H3+ H4/ C0+ E6+
8x8Trax_1153670 Rogue Trooper vs. MOI : @0+ B1/ B0/ B0+ @3/ A4/ A1\ D1\ A0/
8x8Trax_1153683 Morticia vs. Trist : @0+ B1/ A2+ A0+ @3\ @2/ C4+ B1+ C0+ C0/ D1/ E2/ E3\ F3/
8x8Trax_1153799 Goonerg vs. Hilander : @0/ B1\ A2/ @2+ B0/ @2/ @2/ D0/ E4+ @4/ A5/ E0/ D6/ A7/ G3+
8x8Trax_1153801 firefly vs. Hilander : @0+ B1+ B0\ B3\ @1/ C0\ D3\ D4\ D1/ E2+ D0\
8x8Trax_1153818 Vacant 1884 vs. Rogue Trooper : @0/ A0+ A0/ A0/ @1\ B0/ A5+ @5\ A3+ C0\ A2+ @5/ @5/ F3+ C1\ B3+ D0+ C0/ B1+
8x8Trax_1153872 spitfire vs. *Rosie* : @0/ B1\ A2/ @2/ @2+ D2+ C3\ E2/ C0/ D4+ D5\ C5+ @3+ B5/ B6/ D6\ B7\ C7\ @3+ G5\ H4\ F6+
8x8Trax_1153999 pioenroosje vs. Chad : @0/ @1/ B0+ A3+ B0+ C4/ A5+ C1+ B0+ @4/ C0+ D5/
8x8Trax_1154041 MORRIS vs. * Sassy_Angel * : @0/ B1+ A2/ A3\ B0+ A1+ B0+ B5+ C5\ C2+ C6/ @4/ C0+ C0\ B1\ B8+ @8+
8x8Trax_1154062 Whistler Gandalf vs. Stinger : @0+ @1+ A2\ A0\ @1+ @2\ B3+ C4\ C5+ @2+ C6/ B6+ E5\ F3+ @3\ A4+ A5/ H3+
8x8Trax_1154105 Honeybear vs. Dawnas AZ : @0/ A2+ @2\ @2\ D2/ C3/ D1+ D0/ C5\ D5\ E3/ A1+ E0\ @2\ G5+ E7/ @2\ B1\ A1+
8x8Trax_1154106 Allison vs. paganje : @0/ B1\ A2/ B2+ C2\ B3/ @1\ B0/ A4/ @3\ C5\
8x8Trax_1154150 Magicalman vs. Rogue Trooper : @0/ A0+ A0\ @3/ @3+ C4\ D3/ E3/ A4+ C5\ D5\ D6\ D7+ E6+ F3/ B8+ @7/ @7+ A8/ B2/ F1+ H5+ H6\ G7\ G8\ H8+
8x8Trax_1154602 Phil The Hat vs. Tactician : @0/ A2/ B1/ B0/ @2+ @2/ B0\ A1\ @3/
8x8Trax_1154798 Phil The Hat vs. Meeshamouse : @0/ B1\ B2\ C2\ D1+ C3/ C0+
8x8Trax_1154830 Shyrena vs. Rogue Trooper : @0/ A0+ @1+ B0/ A1\ B0\
8x8Trax_1154982 spitfire vs. TaUrUsRoSe : @0+ @1\ A2/ @1\ B0\ A1+ A0/ A4/ C4+ @3/
8x8Trax_1155351 Phil The Hat vs. aussielady : @0/ A2/ @1\ B0/ B0/ C4/ A1\ A0\ @5/ A6/ @6/ @5+ F2/ D0\ @6+ H4+ G7+
8x8Trax_1155401 Phil The Hat vs. Hilander : @0/ B1+ C1/ C0/ C0/ D1/ A1\ A0\ @3/
8x8Trax_1155779 Morticia vs. TaUrUsRoSe : @0+ @1/ B0+ C1\ B0+ C1+ B4+ C4+ A2\ @2+ A4/ B5\ @2/
8x8Trax_1155889 Phil The Hat vs. snowwhite : @0/ A2/ @2+ B0+ C1/ C3\ D1\
8x8Trax_1156030 SarahMills vs. Whistler Gandalf : @0/ A2\ B1/ B2+ A0\ @2/ @2/ B1+ B0\ C1+ C0/ B0\ A1\ @4+ @4/ B6+ B7/ G5+ G3/ H3+ H2/ H1/ F0/ D1+ G1/ A2\ A1+ G8+ H8/ H1+
8x8Trax_1156073 Tessa vs. drgnrdr : @0/ A2\ B1/ @2\ A0/ A4/ @4/ C5\ D5\ E5\ A1\ @4/ C0\
8x8Trax_1156110 drgnrdr vs. MountainMist : @0+ @1+ B0+ C1\ C0/ D1/ D2+ A2+ @2\ A1+ A0/ C0+ D6\ E6\ E7\ F6/ F2\ G5/ G6+ G4+ G2+ B6/ C8+ H4\ A7+
8x8Trax_1156196 ejd vs. s_strum : @0+ @1\ A0\ @2/ A3\
8x8Trax_1156427 Logged Off 9554 vs. Goonerg : @0+ A0/ A3/ B1\ B0\ @1/ D1/ D0/ @2/ F2+ F0\ D2\ A1+ C0+ @3+
8x8Trax_1156428 Logged Off 9554 vs. Goonerg : @0+ @1\ B0/ B0/ C3\ D3+ D4\ A0\ @1\ E1/ E0+ F3/
8x8Trax_1156431 Logged Off 9554 vs. Goonerg : @0+ @1/ @1\ A0\ A0\ B4/ D3\ @1\ C1/ D0\ F4/ E3+ C6/ @2\ @2+ B1+ B0/ A2+ E1/ H4+
8x8Trax_1156432 Logged Off 9554 vs. Goonerg : @0+ @1+ B2/ B0/ B4/ C2\ @4/ A5/ C5+ @4+ @4/ C6/ @6+ A7/ A8+ @5/ A4+ C3+ E2\ C2+ B2\ F7\ G7\ E1+ G8+ DRAW
8x8Trax_1156433 Logged Off 9554 vs. Goonerg : @0+ B1/ A0\ @2/ @2/ C0\ B4+
8x8Trax_1156497 Goonerg vs. blondie44 : @0/ B1\ A2/ B2\ A3\
8x8Trax_1156499 firefly vs. blondie44 : @0+ A0/ A3/ B2+ @3+ C3+ B0/ A2+ @4+ A3+ E3+ E2+ F2/ A1\ @1/
8x8Trax_1156505 Phil The Hat vs. blondie44 : @0/ A0+ A0\ @2+
8x8Trax_1156572 Tony5280 vs. Rogue Trooper : @0/ A0+ @2+ C1\ B3\ D2/ A0/ @3/ D4\ A1\ @1+ B0/
8x8Trax_1156609 (**)(**) Bunny Toes vs. HeatherN : @0/ B1\ B2\ C2+ @1\ A0\ A0\ B2+ C2/ E4+ B4/ B5/ A0\ F5+ @2+
8x8Trax_1156617 spitfire vs. RobinDuBois : @0+ A0+ A3+ B1\ C1/ @2\
8x8Trax_1156618 billyB227 vs. Rogue Trooper : @0/ A0+ A0\ @3/ A4\ @2+ @2\ A3+ @3/ A4/ C5/ @4+ B5\ A1\ @1\ C0/
8x8Trax_1156918 spitfire vs. RobinDuBois : @0+ A0+ A0/ B3/ @3/ D2/ A2\ @2\ C4+ D4+ C5+ C6/ B6\ E3+ E1+ F1\ D0+ A6+ C1+ @4+
8x8Trax_1157099 Kevin vs. Goonerg : @0+ B1/ @1/ A2/ B3/ C2+ D1/ E2/ D3+ C4+ C5/ A3/ @3/ G2/ G1/ D0+ A7/ H2/ G0/
8x8Trax_1157101 Goonerg vs. Kevin : @0/ A0/ B1/ C2/ C3/ A0\ @3/ D1/ B0+ E3\ C5+
8x8Trax_1157779 Rogue Trooper vs. 15951 : @0+ B1+ B2+ A2+ C1/ A3/ C2\ D2+ C0\ D1\ E2/ F2+ A1\ @2\ B5/ A1+ E4/ B0\
8x8Trax_1157794 Vacant 31208 vs. FujiTape : @0/ B1\ B0/ B3/
8x8Trax_1158184 SweetCindyJo vs. Shaker of Salt : @0/ B1\ A2/ B2+ C2\ B3/ B0/ C1/ D1/ C0+ E4\ E5\ E6\ A5+ @4\ B2+ A2\ A5+ G4/ @3/ D0/ A5+
8x8Trax_1158324 McStack vs. Adam : @0/ B1\ B2\ C2+ D1\ D0+ B0/ A2+ B0/ C2+ @4+ B0+ A1\ @3+ C6/ C7/ A6\ @3/
8x8Trax_1158332 Rand al*Thor vs. Geri39 : @0+ A0/ A3\ @1\ C2+
8x8Trax_1158333 paganje vs. ellieoop : @0/ B1+ A0\ @1+ A2+ @2/ C3\ E2\ E3\ E4+ F4\ B4/ B5/ D1/ D0/ C1+ E0/ F2+ G5\
8x8Trax_1158334 Judy vs. STrek : @0+ B1/ B2\ C1+ D1\ C2\ D2+ B3+ A0\ B0+ C1+ E4/
8x8Trax_1158381 drgnrdr vs. Dave (UK) : @0+ A2/ B1\ A3+ A0\ @3/ A0/ C2+ @3+ E5\ D6/ E2/ F3/ E6+ F1\ B0/ D0+ G2+
8x8Trax_1158459 Isischylde vs. Marko : @0+ @1/ B2/ A2+ A0/ @3/ A4/ A1\ @3+ C0\
8x8Trax_1158849 ejd vs. s_strum : @0+ @1/ A0/ C1/ C0/ A1\ B0+
8x8Trax_1159027 Lours vs. Jump This : @0/ @1/ B2/ C2/ D2+ A0\ @2+ C0/ E3\ D5\ B0/ B6\ @5\ @4/ B6+ E7+ C1\ C0\ C8/ H5/ H4/ G3/ B3+ F2/ F1+ A2/ H6+ DRAW
8x8Trax_1159389 Z MIA vs. Marko : @0+ B1/ B2\ C2\ C1/ D2/
8x8Trax_1160042 WILD-TURKEY vs. Misery Midnight : @0/ A2\ B1/ B2+ @2+ D1/ B3/ @2\ E0\ F2/ G2\ E0\ D1/
8x8Trax_1160434 Adam vs. Vacant 1884 : @0/ A2\ B2\ C2\ B1+ C3+ D3\ D2+ A4+ @2\ @4+ @3/ D5/
8x8Trax_1160440 Whistler Gandalf vs. Stinger : @0+ @1+ A0/ A3/ @3+ @3\ B1+ @3/ B4+ A1/ @3+ D0/ C1+ A2+ C0+ A6/ C7\ G3/ F2+ @6+ F1+ D0/ E8+ A8/ G2+ H3/ G6\ H6\ H7\
8x8Trax_1160442 Barbie vs. Morticia : @0/ A2+ @2+ B3\ C2/ D2+ C4+ E2\ C5+ D1\ @2\ D0+ A2/ C0+ D8+ A1\ @1+ F2+ G2/ H2/ G1+
8x8Trax_1160468 Jane vs. drgnrdr : @0/ B1+ A2/ A0/ C2/ D2/ D3/ D4/ B5+ @2+ B0\ A5+ D1+ C0/ B8\ @3/ G4/ G1/ H2\ H6+ H7\ G8+ A5+ A2+ A1+ C1+ A8/ H1+
8x8Trax_1160713 Isischylde vs. Marko : @0/ B1\ A2/ A3/ @2+ C3\ A4\ @3\ C0/ E4+ F3\
8x8Trax_1161100 Lours vs. Rogue Trooper : @0/ A0+ @1/ A2/ @1+ @2\ B3\ B0+ A5/ @4+ E5\ D6/
8x8Trax_1161133 Goonerg vs. Lours : @0/ A0+ @2/ C1+ A3+ @2+ D3\ D4\ E2+ @2/ B3/ B4/ A4/ D5+
8x8Trax_1161173 Z MIA vs. Marko : @0/ B1\ B2\ A0/ C3+ B0\ D4\ D2\ E3\ A0/ A5/ C6/ C7\ @2+ E7\ F5\ G5/ B0\ F4+ @2/ H5/ B1+
8x8Trax_1161648 Honeybear vs. DINGEROO : @0/ B1\ B2\ A2+ @2/ C3\ B0\ A2+ @2\ A1\ D5+ E5\ E6\ F5/ E4+ G6\ E7\ H5/ F4/ C0/ D2+ E1+ G2/ H4/ A6/ B7\ H3+ A7/ B8+ G1/ H8+ A8/
8x8Trax_1161926 Catmane vs. Misery Midnight : @0/ B1\ A2+ B2+ B3\ @2\ B0/ D3\ B0+ C1/ D3+ @4/ B5+ B6/ A5/ @5/ B6/ A6+ A7/ F5\ G4+
8x8Trax_1161974 Patrick vs. Misery Midnight : @0+ @1/ A2/ C1+ C2+ D2\ D3\ E3\ B4+ D1+ @2/ D5\ E5\ F5+ G4\ G5\ D0+ G4/ H5\ D0/ E1/ G2+ E0+
8x8Trax_1162167 Catmane vs. Honeybear : @0/ B1\ B2+ A0\ @2\
8x8Trax_1162262 Patrick vs. Honeybear : @0+ B1\ A0+ @2/ C3\ D3\ C4/ B4+ B5/ C5+ C6/ @5+ A6/ B7/ A7/ @6/ B8+ A3\ RESIGN
8x8Trax_1162448 ema_18 vs. Rogue Trooper : @0/ A0+ @1+ B0/ C1+ D2/ C3+ B4/ B5/ E1\ @3+ C6/ A2+ A1\ B0\ @3/ A1+ B0/
8x8Trax_1162509 Geri39 vs. Morticia : @0/ B1\ A2/ @2+ C2\ A3\ C3+ D3\ D2/ C4+
8x8Trax_1162519 paganje vs. DINGEROO : @0/ B1\ B2\ C2\ B3/ A3/ A4/ @4/ B0\ A2+ E2\ E5\ D6/ B6\ C7/ A8+ @5/ @5/ @7+ C1/ A3+ F8\ G8\ H8+ G1+
8x8Trax_1162520 Rand al*Thor vs. MASHER : @0+ B1\ B0/ C1/ C0+ C0\ A3+ @3\ C5+ D5\ E5\ F4+ E1+ G3+ D6+ G1/ D7+ H2/
8x8Trax_1162522 Rogue Trooper vs. Vacant 1884 : @0+ @1\ C1\ C2+ B0/ D1+ D0/ @3\ D5/ C1+ D0+ A5/ @5/ A3+ E0+ G5\ G6\ @4\ B2\ C1+ F0+ E1+ C8+
8x8Trax_1162577 Goonerg vs. Dave (UK) : @0/ A2\ B1/ B0+ @3\ A4/ @4/ C0+ A3+ C0+ @3/ A1\ E1\ @1/
8x8Trax_1162641 Z MIA vs. Marko : @0/ B1\ B2\ C2\ B3/ A2+ A3/ A4+ @4+ E2/ A5\ A3\ @3\ B2\ C0/ F5\ G4\ F6/
8x8Trax_1162678 stormy110 vs. Linda Sue : @0+ @1\ A2/ @2/ A1+ C2\ B3/ B0/ C4\ B5/ D3/ D2/ D1/ @3\ F4\ E5/ C6/ A2+ G3\ B1\
8x8Trax_1162679 Linda Sue vs. stormy110 : @0/ B1\ B2\ A2+ @2/ C3\ D1/ D0/ B1\ A1\ @3/ E0\ C1\ D6\ E0/ F1/ @3\ B2/ @5/ H6/ A2\ A1/ C1+ B6/
8x8Trax_1162787 bezmay vs. Adam : @0/ B1\ B2\ C2+ B0+ C4/ A1\ @1\ C0/ B5/ A5\ C6/
8x8Trax_1162924 Tesa vs. Misery Midnight : @0+ @1/ A2/ C2\ A3+ @3\ @2/ @3/ C4+ F1+ A1\ A0\ @3/
8x8Trax_1162925 Tesa vs. Honeybear : @0+ @1\ B0\ B0\ C2/ A2+ @1/ D3+ B0+ @3/ A4/ B5/ D5+ @4/ A5/ B6/ C0\ B3+ D1+ G4+ G3/ G2+ D0+
8x8Trax_1162951 MommaWolf OTF vs. Misery Midnight : @0/ B1\ A2/ B2+ A0/ A0\ A5\ @2\
8x8Trax_1162952 MommaWolf OTF vs. Honeybear : @0/ B1\ A2/ @2/ B3\ C2+ C0/ D2\ A5/ @3/ D5\ C6+ C7\ D7\ A1\ D0\
8x8Trax_1162956 gladriel vs. pepperbeach : @0+ @1+ A0/ B3\ C3\ A0\ C5/ @2\
8x8Trax_1162964 gladriel vs. Misery Midnight : @0+ B1\ A0/ B3/ B4/ @2/ D2\ A3\
8x8Trax_1162965 gladriel vs. Honeybear : @0/ B1\ @1/ C2/
8x8Trax_1163010 Dawn vs. Rogue Trooper : @0+ A0/ B1/ C1/ A3+ C3\ D3\ D4\ C0+ D3+ E3/ F2\ D1+ D6\ B7+ @1+ B8+ F7+ @2/ A3/ B5+
8x8Trax_1163491 Rogue Trooper vs. 15951 : @0/ A2+ B1+ C2/ C3\ D2+ D3+ E3+ E4/ F3+ B4/ B5+ A3/
8x8Trax_1163575 Magicalman vs. Rogue Trooper : @0/ A0+ B2\ B3/
8x8Trax_1163703 gladriel vs. Mististar : @0+ @1+ A0/ B3\ C3\ D3+ A3+ A4/ @4/ A5/ B6/ F3+ A6+ @6/ D7\ B2+ F5\ H3+ F6+ A2+
8x8Trax_1163942 Misfit Lenrad6672 vs. Uncle Chuckie : @0/ B1+ A0\ @2/ A1+ A0\ @3/ A4/ @2\ F3\ C5/ @3\ @3/ B5/ A4+ A5/ E0/ F1/ G1/ G7+ D7+ B3+ B2\ B1\ A3\ D0/
8x8Trax_1164383 spitfire vs. BrnIdGirl : @0+ @1/ @1\ A0\ @1+ A0/ C1/ C0/ @4/ A5/ E5+ F5/
8x8Trax_1164472 Isischylde vs. Marko : @0+ A0+ B2+ B1+ B3/ B0/ A1+ @2/ D2/ B0+ A1\ @3/ E2/ D0+ C1+ D0/ A2+ A7/ F2+ B8\
8x8Trax_1164633 Adam vs. Beaupol : @0/ B1\ A2/ @2+ B3\ C3\ C4\ D2/ A4/ B5+ C6\ D6\ E6\ F3+ E1+ D0\ D0\ C1+ @4\ G2+ A7/ H5\ C8/
8x8Trax_1164926 Rogue Trooper vs. MOI : @0+ @1/ C1/ C0\ A1\ @2+ C0/ C4/ A1\ @2\ B0/
8x8Trax_1165016 Morticia vs. BrnIdGirl : @0+ @1\ B2+ C1/ B0\ B0\ A1\ A0\ @2\ @2\ A1\ @1\ D0+ C0/ E1+ D0\ G5+
8x8Trax_1165340 Misery Midnight vs. goldfreckles : @0/ B1\ A2/ @2\ B3+ B0/ B5\ C5\ C6\ D3+ E5+ F5/ A2+ E2\ C0/ E1/ D8/ A5/
8x8Trax_1165357 heidibb vs. ringeding : @0+ @1/ B2\ C2+ B3/ B4/ D2/ B0\ @2+ E4\ F4\ E1/ F1/ C0/
8x8Trax_1165363 heidibb vs. libich : @0+ @1+ B2/ B0/ C1+ A1\ A0\ @4/ A5/ A6+ B5\ @5+ B7\ C7\ E6+ F3/ C8\
8x8Trax_1165808 Z MIA vs. Marko : @0/ B1\ A2/ @2\ A1\ B0+ B0\ A2\ A1+ @3/ D4\ B5\ D5+ C0\ D3+ D2+ E2/ A1\ A0/
8x8Trax_1165917 Allison vs. Marko : @0+ A0+ A3+ B3/ A0+ @3/
8x8Trax_1165929 hayleesam vs. klaashaas : @0/ @1/ B0/ @1+ B0\ @2/ E1\ A1\ @2/ C0/
8x8Trax_1165992 Whistler Gandalf vs. Sally : @0+ B1+ A2\ B0/ C2+ A1\ B0+ @3+ @3\ D0\ B2/ E5\ D6/ E2/ F3\ G5\ G6\ F6/ E7/
8x8Trax_1166079 Lours vs. Chad : @0/ @1/ @1+ C2\ D2+ @1\ B0/ B0/ C1/ F4/ E3/ F3+ F2/ B0+ G3\ H3\ D2+ A5/ B6\ E6/ B7/ H4+ C0/ D2+ E3/ G7\ D1/
8x8Trax_1166718 drgnrdr vs. Keizer Soze : @0+ @1+ @1/ A2/ A0\ @3+ @2/ A1+ F2\ F3\ E4\ G3+ H2\ H1+
8x8Trax_1166719 Jane vs. Goonerg : @0/ B1\ A2/ C1\ A3\ B3\ @2/ A0\ A0\ @2/
8x8Trax_1166729 (**)(**) Bunny Toes vs. Marko : @0/ A2\ B1/ B2+ B3\ C3\ C4\ D2/ A4/ B5/
8x8Trax_1166762 Adam vs. Nanett MIA : @0/ A0+ @2+ C1/ @2\ C0/ B1+ E2/ D3+ @3\ C4/ E1+ E0/ D1+ C0+ D1+ A2+ @2\ @4+ D7\ C8/ B8/ G6+ G7/ F8\ A5/ D1\ A8\ B6+
8x8Trax_1166823 NigelRS vs. ejd : @0+ A0+ A3+ @2/ C2/ C0\ D2\ B0\ B6\ A2\
8x8Trax_1166965 s_strum vs. ejd : @0/ A2+ @1\ B0/ A1+ A0+ @1\ A3/ B4+ A4+ A5/ D4+ C5/ A6/ @3\ A1\ E5\ E6\ D0/ E1/ C1+ F2+
8x8Trax_1167040 Honeybear vs. DINGEROO : @0/ B1\ B2\ C2+ B0\ D2\ C4/ C0+ C0/ E2/ F2+ F1/ E0/ G3\ D0\ C1\ B2\ A3\ @3\ B7/ F7\ F8\ H2+ B2\ B1+ G1/ G7\ A8+ A1+ H7\ H8+
8x8Trax_1167501 Chad vs. Lowell : @0/ A2\ B2\ B1+ A3+ C1+ B0/
8x8Trax_1167535 spitfire vs. nobodyhere : @0+ @1+ A0+ A0/ B1\ B4\ A4+ @2+ D4+ D5\ E4+ E3/ E2\
8x8Trax_1167676 spitfire vs. nobodyhere : @0+ @1\ @1/ A2/ @2+ B0/ @3\ E3\ C0/ E5/ D5/ C5/ C6/ D0+ A6+ F4/ B1/ D0+
8x8Trax_1167736 spitfire vs. RobinDuBois : @0+ @1+ A0+ @2+ B0+ B4\ B0/ A3\ C2/ D2+ D1/ D0+ E2\ E3\ @4/ A5/ E0+ G3+ H4\ F2+
8x8Trax_1168276 Daxie vs. Linda Sue : @0/ B1\ A2/ C1\ B2+ C0/ D2+ D1+ E1/ D3\ D4\ B0\ A1\ C0/ @3+
8x8Trax_1168279 Linda Sue vs. Daxie : @0+ @1/ A0\ @1\ C3\ A2/ @2/ C0/ A1\ B0\
8x8Trax_1168688 Markelle vs. Honeybear : @0/ B1\ A0/ B3/
8x8Trax_1168732 drgnrdr vs. LilSis : @0/ B1\ A2/ @2/ D1/ D0/ C3\ B4/ E3\ C4+ D4\
8x8Trax_1168733 Dawnas AZ vs. Morticia : @0/ B1\ B2\ C2+ C3\ B0\ @1+ @2/ B3+ C4/ D5/ F3+ G3+ H3+ A3+ A4/
8x8Trax_1168788 Adam vs. What did you say : @0/ B1\ B2\ C2\ A0/ A3+ A4/ A0/ D1+ A0/ E4+ A7+ @5+ D8\ E8+ A3+ F6\ G5+ G7\ @3\ G8\
8x8Trax_1169093 Rogue Trooper vs. sithneedow : @0/ @1/ B2+ A0/ B1/ C1/ D1+ C0\ B5/ C5+ @2\ B1+ A5/ @2\ C6/
8x8Trax_1169146 gladriel vs. Dionysos : @0+ @1+ A0/ A3/ B3+ B4+ B5/ C4/
8x8Trax_1169241 Rogue Trooper vs. Logged Off 9554 : @0+ @1+ B0+ C2+ @2/ A3/ A1\ @3+ B4/ @3+ E4\ E5\ G3/ D5+ G1/ H1\
8x8Trax_1169243 Rogue Trooper vs. Logged Off 9554 : @0/ A2\ B1/ @1/ B3+ B4/ @1/ @4+ A5/ @5/ D6\ C7+
8x8Trax_1169244 Rogue Trooper vs. Logged Off 9554 : @0+ @1\ C1\ A0\ A0+ C2+ A0/ C0+ D4/ E5\ E6+ E1+ F5\ B6/ E7\ F3+ G3/ E8\ G1/ @4\ C7/ C8/ H7+ A2\ A1+
8x8Trax_1169245 Rogue Trooper vs. Logged Off 9554 : @0/ A0/ B1/ B3+ C1/ D1+ A0+ @1\ @1+ D0\ A5/ @5/ D6/
8x8Trax_1169247 Rogue Trooper vs. Logged Off 9554 : @0+ B1+ A2\ B0/ @2/ D2\ D4\ E4\ A4/ E1/ C5/
8x8Trax_1169400 Rogue Trooper vs. Logged Off 9554 : @0/ @1/ B2+ C2+ B3/ B4/ @1/ @3+ @2/ @3\ B4+ @2\ C1+ F0+ F0/ G7/ H1/ H0/ H8+ D3\ D2\ D1\ A4\ DRAW
8x8Trax_1169401 Rogue Trooper vs. Logged Off 9554 : @0/ @1/ B0/ B3\ C2+ A4+ D2/ E1\ A0\ @2/ E4/ E5+ F1+ D0+ C1+ C0\ B0/ E2\ G4/ F2/ E1+ G3+ DRAW
8x8Trax_1169402 Rogue Trooper vs. Logged Off 9554 : @0/ B1\ A2/ A0/ @2+ @2\ A0+ D4+ @2/ @2/ C4+ G2/ G1/ E0\ D1\ C0/ @3\ A2\ G0+ C2+ C1\ RESIGN
8x8Trax_1169403 Rogue Trooper vs. Logged Off 9554 : @0/ A0/ B1+ A3+ C2/ @3/ A2+ D4+ E1\ D5/ A0\ @3\ F1/ RESIGN
8x8Trax_1169404 Rogue Trooper vs. Logged Off 9554 : @0/ B1+ C1/ A2+ A0/ @3/ @3/ C0\ B2/ D1+ @4/ D5+ A2\ RESIGN
8x8Trax_1169444 Donna vs. Jump This : @0/ @1/ B0\ C2\ B3/ D2\ C3\ B4/ A3/ D1/ B0\ E2\
8x8Trax_1169451 Kevin vs. klaashaas : @0+ @1\ C1\ B0/ D2\ A3\ D0/ E1\
8x8Trax_1169574 Marko vs. Z MIA : @0/ B1\ A2/ B2\ B3/
8x8Trax_1169736 Logged Off 9554 vs. Goonerg : @0+ @1\ A0\ C1/ B0\ B4/ @2+ A1\ @1\ A0\ A5/ @5\ C6/
8x8Trax_1170636 Honeybear vs. ScoobyRex02 : @0/ A2\ B2\ B3+ C3/ B4+ @2\ A0\ @2/ @2/ E2+ G2+ H3\ H4\ G5\ E1/ E0/ H1/ G0\ D2+ D1\ B1+ B0\ A1\
8x8Trax_1170661 Whistler Gandalf vs. drgnrdr : @0+ B1/ C1\ B2/ C2+ @1\ A0\ B0+ @3/ A4/ C5\ E1/ E0/ F4/
8x8Trax_1170680 Goonerg vs. csain1 : @0/ A0/ B1+ B3/ C2/ C4/ B4/ A4+ B5+ D5/ @3/ C6/ D6+ F6/ E4+ B5+ F5/ F3+ E1+ @3/ H1/ H0/ C1\ F1\ G8/ H7+ H5+ DRAW
8x8Trax_1170802 STrek vs. cocopuff : @0/ B1\ A2+ B2+ A3/ C2/ C0+ D1+ C0\ D4+ E2+ E3+ F2+ @4\ A2+ @2\ A1\
8x8Trax_1170803 STrek vs. cocopuff : @0+ B1/ A0\ A3+ @1\ D2/ B4+ C3\ A3+ E2\ D4+ E3+ B0/ @1\ A0\ E2/ F3+ B6+ A5+ @4+ D1+ C0/ B1+ D8\ G7\
8x8Trax_1170818 streep vs. STrek : @0/ A2\ B1/ B0+ C2\ C3\ @3/ B4+ D1+ C0+ @4/ B5/ A5+ B6+ @5/ A6/ @6/ D7+ G1/ H2+
8x8Trax_1171455 MASHER vs. Rogue Trooper : @0/ A0+ B1\ A0+ @2\ @3/ A4/ E3/ B0/ A1\ @2/
8x8Trax_1171507 Cachel vs. Misery Midnight : @0+ B1/ B0/ A0\ @2+ A1+ @2/ A3\ B4\ B0\ A2\ @3/ F3\ A2\ @4\ C5/ D6\ G4+ G5+ H5\ B1+ E1/ E0/ B6/ C7+ C8\ D8+ F7+ B1+
8x8Trax_1171635 kdogtrainer vs. MASHER : @0+ @1/ @1\ A0\ @1\ B3+ A0/ E3\ B1+ D4+
8x8Trax_1172476 Buz vs. Adam : @0+ B1+ A2+ @1+ B0+ D2+ A1+ @2+ E1/ @2+ G1\ @2+ G3\ H2+
8x8Trax_1172582 Allison vs. Marko : @0/ B1\ B2\ A0/ B4/ A4/ @2/ D2+ @3/ D5\ E5\ F4\ G4\ F5\ A2\ @2+ F0/ G2+ C1\ E0+ B2/
8x8Trax_1172697 paganje vs. LilSis : @0/ A2\ B2\ B1+ B0/ C1/ @3/ B4\ D0/ C5\ E2+
8x8Trax_1172698 STrek vs. dingbat : @0/ @1/ B0+ @2\ B3+ @2\ C4+ D0\ B1+ C6\ D6\ E5\ D7+ D8/ B8+
8x8Trax_1172721 SarahMills vs. * Sassy_Angel * : @0/ A2\ B1/ C1/ A3/ @2\ B0+ C3+ B0+ A5+ @5/ A3+ @4+ C6/ B6+ B7\ D6+ E5+ D0/ E1/ A8\ @6\ @5/ B4+ B8\ B3+ E2+ E1\ C2+ B2+ A7+ A2+ H7+ B1+ H2/ H1+ G8+ A8/ A1+
8x8Trax_1172723 Shariann vs. Morticia : @0+ @1+ A2\ A0\ A4\ @2+ B5/ A4+ @4/ A5/ @5/ C6\ C7+ D7\ E6\ F3+ D8\ E8\ F6/ G3/ H3\ G5/ F2+ B1/
8x8Trax_1172792 Rogue Trooper vs. Adam : @0/ B1+ A2/ @2+ D1/ D0/ @2/ A1+ E0+ F2+ C1\ D0/ A2\ @5\ H4+ H3+
8x8Trax_1172949 bluewolf vs. Marko : @0/ A2\
8x8Trax_1172993 firefly vs. MORRIS : @0/ B1/ B2\ C2\ C3+ D3+ B0/ @4/ A5\
8x8Trax_1173747 firefly vs. Goonerg : @0+ B1\ B0/ C2\ @2\ A1\ C0/ C4+ D2+ @2+ B4+ @2/ C5+ A1/ F5+ @1\ B0+ D7/ @2\ H7/ E8+ C6\ F2\ B4+
8x8Trax_1173796 Logged Off 9554 vs. Goonerg : @0+ @1/ B0+ @2/ B3/ A1\ @1\ B3/ B4+ D0/ E1/ E4+ A4/ B0+ @4\
8x8Trax_1173798 Logged Off 9554 vs. Goonerg : @0/ B1/ A0\ @1\ B3/ C0\ D3/ E3/ D0+ F1+ D6+ F6+ G2/ F0+ G6\ F8+
8x8Trax_1173800 Logged Off 9554 vs. Goonerg : @0+ @1+ A2\ A0\ @1+ @1/ B3+ C4+ C5/ @2\ A0+ D7/ F3\ @1\ C5+ A5+ @4+ C6+ D8+ B8+
8x8Trax_1173801 Logged Off 9554 vs. Goonerg : @0/ A2+ @2/ B3\ C3\ B0/ A2+ B0/ C6+ D6\ B0/ @6\ @5+ F2+ G5+ D8+
8x8Trax_1173802 Logged Off 9554 vs. Goonerg : @0/ A0+ A0\ @1\ B4/ C3/ @4+ A5/ B0\ @2\ E1/ E6\ D0/
8x8Trax_1174284 Retired 28186 vs. Rogue Trooper : @0/ A0+ A0\ @1\ A0\ @4+ D1/ D0/ A6/ A7/ @4/ @2+ A5+ B1+
8x8Trax_1174364 SweetCindyJo vs. Catmane : @0+ B1+ @1/ A2/ @2\ E1+ A1+ A0\ A4/ @2/ @3\ E4\ D5\ F3\
8x8Trax_1174461 dragon vs. Rogue Trooper : @0+ A0/ A0\ @1/
8x8Trax_1174493 Scorpio-Lady vs. Fallen Angel : @0/ B1\ A2/ @2+ C0/ D1/ C3\ C4\ B4+ C5/ D5\ D6\ E6\ A4/ A5/ @5/ F4/ G5\ @3\ A2\ D1+ G1\ F2+ E0+ H2/ H1/ G8/ B7\ B8/ D7/
8x8Trax_1174582 Donna vs. Rogue Trooper : @0/ A0+ B2\ B3/
8x8Trax_1174628 Adam vs. Chad : @0/ @1/ B0/ @2+ C3+ D3\ D4\ E1+ A0+ D6\ D1/ F4+
8x8Trax_1174646 Whistler Gandalf vs. gramat : @0+ B1/ C1\ B2/ C2+ @1\ A0\ A0+ @1\ E1/ F1+ D0/
8x8Trax_1174664 MORRIS vs. drgnrdr : @0/ B1+ B2\ @2\ @2\ C3+ D4\ E3/ A4\ C4/ C5/ E4\ F3+ C0/ D6\ C7/ E6\ F5+ G5\ F3+ G2\ H3+ H2/ F7/
8x8Trax_1174748 Z MIA vs. Marko : @0/ B1\ A2/ B2+ B3+ C2/ B0\ B5/ @4/ D4\ E4+ E3+ F3+ E5\ D6/ E2+ C6/ F2/ A3\ D0+
8x8Trax_1174758 pioenroosje vs. Rogue Trooper : @0/ A0+ B1\ A3/ @1\ @1+ C0+ A5/ @3+ E5\ F4\
8x8Trax_1175657 NigelRS vs. ejd : @0/ A2+ @1\ A0\ B1/ A0/
8x8Trax_1175738 Mainmang vs. Elvis : @0+ B1\ C1/ C0/ @2\ E2\ E3\
8x8Trax_1175804 thenexthingyaknow vs. HeatherN : @0/ A2+ B2+ A3\
8x8Trax_1176045 Honeybear vs. DINGEROO : @0/ B1+ A2+ A3\ C3\ C4+ @2\ B0\ C5+ D6\ B5/ A5/ @4/ @3\ A2/
8x8Trax_1176425 honeybee vs. Rogue Trooper : @0+ A0/ B2\ B3/ C2\ @2/ B3/ D0\ A4/ C5\ B6\ @4/ D6\ A2\ @4\ C1/
8x8Trax_1176549 Trini vs. Rogue Trooper : @0+ A0/ B2\ B3/ A3/ A4/ C2\ @3+
8x8Trax_1176882 Donna vs. Rogue Trooper : @0/ A0+ A0\ @3/ @2/ C4\ D3/ E3/ A3+ E1/ D0/ F3/
8x8Trax_1176986 Jay RAA vs. Whistler Gandalf : @0/ A2\ B2\ C2+ B1/ B0+ C2+ D2/ @2/ C0+ A1\ @1\ E2/ B0+ A3+ B0\ @3/ D1+ D7+ D0+ A5+ B8+
8x8Trax_1177199 twobanana vs. Rogue Trooper : @0+ A0/ A3\ B1/ C2\ D1\ B0/ B0/ D4+ D5\ B0/ C7+
8x8Trax_1177291 Geri39 vs. Marko : @0/ B1\ A2/ B2+ A0\ @1\ A2+ B0/ C2+ @3/ A1+ @4\ A5/ @4\ A5+ C0/ E6+ A1\ @2+ C0/
8x8Trax_1177296 Rogue Trooper vs. 15951 : @0/ B1\ A2/ B2+ C2\ B3/ D3/ @2/ A3/ C4\ E1/ E0+ F2\
8x8Trax_1177298 Rogue Trooper vs. MOI : @0/ B1\ A2/ A3+ B2\ C2\ A4\ B4\ B5\ C5\ @1\ A0\ A6/ @5/ C7/
8x8Trax_1177464 Super Camel vs. Rogue Trooper : @0/ A0+ @2\ B0/ A2+ A1\ B0/ @3/ D2/ E2+ D1+ E4\ F4\ D5/
8x8Trax_1177715 Goonerg vs. Logged Off 9554 : @0/ A2+ B1/ A3+ C1+ B0+ C4\ D3/ C1/ D4\ E3/ D5+ E5\ F5\ F2+ F6+ G3+ D0\ D0\ H7+ H8+ A8+ H4\ H3+
8x8Trax_1177718 Goonerg vs. Logged Off 9554 : @0/ B1+ A2/ C1+ A3+ B0\ @4\ D3+ E2/ D5\ E3\ F2/ D6+ F3\ G2/ H2/ B6/ D7/ C0\ E2+ E1/ E6\ G4\ G6+ H6\ H7\
8x8Trax_1177719 Goonerg vs. Logged Off 9554 : @0+ B1+ B0\ B3\ C2/ D2/ C0+ C0/ E2+ F2\ F4+ D6+ E5\ F6/ G4+ G5+ G7\ H7\ H4+ E7+ A5/
8x8Trax_1177720 Goonerg vs. Logged Off 9554 : @0/ A2+ B1/ B3\ C2/ B0/ C2+ @1\ C0/ B5+ E2\ C0/ C0/ A2+ F3+ @5/ A6/ F0+ @6+ B2\ C1+ B1\ C8+ H6+ DRAW
8x8Trax_1177721 Goonerg vs. Logged Off 9554 : @0+ @1+ B2/ A0\ @1/ A3/ C4/ B0/ C2+ C6/ @2/ @3\ B1+ D0/ @2\ C1\ B0/ A5+ @4+ G3+ H4\ C7+ G1+ H1+ A7+ A8/
8x8Trax_1177743 Lythande vs. Rogue Trooper : @0+ A0/ A3\ B1/ C2/ C4+ C1+ D3+
8x8Trax_1177845 spitfire vs. nobodyhere : @0+ B1+ A0/ A3/ @3+ A4/ @3\ @3+ C5/ @3+ D1+ G2+ H2\ H3\
8x8Trax_1178070 Honeybear vs. DINGEROO : @0/ A2\ B2\ B3\ C2/ C1/ C0+ D1/ C5\ D5\ D0/ D5/ E5/ C7/ B7/ @6/ G5\ G6\ H6\ H7\ F8\ E4+ F2/ H8+
8x8Trax_1178458 paganje vs. Jay RAA : @0/ A2\ B2\ B3+ @2+ C4+ @3/ A4/ A2+ @3\ B1/ C0\ F4+ B6\ C5+ C0/ D2+ D1/ A4+ D0+ A3+ E8/ @5+ E8/ @5+
8x8Trax_1178683 Vacant 31208 vs. FujiTape : @0/ B1\ B2/
8x8Trax_1178988 Vacant 1884 vs. Marko : @0/ B1\ B2\ A0/ B4/ A4/ @3\ D2+ @1\ A0\ A5/ E5\ @3/
8x8Trax_1179032 drgnrdr vs. Keizer Soze : @0/ A2\ B2\ B3\ @1\ B0/ C2/ D2/ A3+ A1\ A0\ D4\ E3/ @2+ E2+ E5+ F5\ G3/ E1/ D1\ D0\ C7+ A6+ @6/ D8\ G1/ G7/ B8+ G8\ H8+ A2\ A1+ H1/
8x8Trax_1179051 paganje vs. Scorpius : @0/ B1+ B2\ B3\ C2/ D2/ C1/ E2\ E3+ E4\ @3\ @3\ B1\ RESIGN
8x8Trax_1179052 What did you say vs. STrek : @0/ B1\ B2\ C2+ B0\ D3+ @2/ F3+ D0/ E1+ A1\ C0+ @3\
8x8Trax_1179077 Rogue Trooper vs. Dave (UK) : @0/ B1\ A2/ @2+ B3\ C3\ C4\ D2/ E2/ E0+ B6/ A5\ E6\ A1\ F5\
8x8Trax_1179137 Sarah vs. Phil The Hat : @0+ A0\ A3+ @2/ C3\ @1\ B0/ B5\ @2\ @3+ A4/ A5+ @5/ D6\
8x8Trax_1179146 Phil The Hat vs. Sarah : @0/ B1+ A2+ A3/ C2/ A4/ D2\ D3\ D4\ D5\ E4+ C4+ E1/ F2\ D0\
8x8Trax_1179888 What did you say vs. Adam : @0/ B1\ B2\ C2+ @1\ B0/ A1+ B0/ D0+ E2/ B1+ @3+ A1\ B0/ @3+ C0\ B2+ D1+ F8+ B1+
8x8Trax_1179925 spitfire vs. RobinDuBois : @0+ B1+ A0/ B3\ C3+ C4\ D2\ E3+ D5/ @2+ C4+ G3+ B4\ @2+
8x8Trax_1180486 FujiTape vs. bamababe232 : @0/ @1\ B0\
8x8Trax_1181039 Robert aka PathMV vs. Rogue Trooper : @0+ A0/ B1\ A3/ @3/ A4+ B5\ C3/ @3\ E1/ E0/ E5\ E6\ F4/
8x8Trax_1181093 MsLady vs. Honeybear : @0+ @1\ A0\ C1\ A3/ @1\ @2\ C0+
8x8Trax_1181224 Marko vs. Z MIA : @0+ A2\ B2/ B3/ B1+ A0\ A5/ @3\ D2/ C1+ D4\ D5\ E3/
8x8Trax_1181425 Rogue Trooper vs. twobanana : @0/ @1+ B0\ A1\ B3/ C2/ B4/ A0+ @3/ @3\ A5/ B1+ @3/
8x8Trax_1181539 RUSHmanDave vs. Linda Sue : @0/ A2\ B1/ B0/ B3+ @1\ B4\ A0/
8x8Trax_1181540 Linda Sue vs. RUSHmanDave : @0+ B1/ B2\ C1+ C2+ D1/ B3\ C0\ D4\ D5\ A3+ @3\
8x8Trax_1181758 spitfire vs. *Rosie* : @0+ @1/ B0\ A3\ @2+ C3+ B4\ D3/
8x8Trax_1181791 Sagar vs. Rogue Trooper : @0/ A0+ A0\ @3/ @2/ C4+ D4\ A4/ @4\ C5/
8x8Trax_1181912 Just Jan vs. Rogue Trooper : @0/ A0+ @2\ B0/ A2+ A1\ A0\ C4/ @3\ A1\ C1+ B0+
8x8Trax_1182476 Dolly25 vs. Rogue Trooper : @0+ A0/ B1\ A3/ B0+ B4\ A5/ A1\ @1\ D3+ A4/ @3/ @2/ @2/ B3/ G2/ C4/ F0/ G2/ H2/ A4/ G1+
8x8Trax_1182492 starzswirlz vs. hoyboy : @0/ @1\ B2/ A0/
8x8Trax_1182629 poss vs. Rogue Trooper : @0/ A0+ A0\ @3/ @2/ A3/ @3/ D4+ D5\ E4+
8x8Trax_1182664 sithneedow vs. Rogue Trooper : @0+ A0/ @2\ B3/ B4/ @3+ B5+ C0/ D2/ A1\ B0\
8x8Trax_1182890 STrek vs. cocopuff : @0/ B1\ A2+ A3\ B3\ B4\ C1+ D1\ B5+ D0\ E2+ E5\ E6+ F3+
8x8Trax_1182961 FixitDave vs. Whistler Gandalf : @0/ B1\ A2+ B2+ B3\ C3+ @2/ @2\ A1\ C0/ E2+ @1\ C0+ E1+ A4/ @3+ C5/
8x8Trax_1182963 goldfreckles vs. STrek : @0+ @1\ B2/ C2/ @1\ A0\ @2+ E4+ C0+ E2+ F2/ B0/ C6/ D7\ F6/ G5+ G6\ F7+ C7+ H6\ C8/ H3/ H2/ H1/ B7+ A1+ E8+ G8+
8x8Trax_1182967 Marko vs. Jay RAA : @0+ B1\ A2\ A3/ @1/ C2\ @2/ A3/ B0\ A1\ @3/ B5/ A5+ @5+ B6\
8x8Trax_1183005 Nanett MIA vs. drgnrdr : @0/ B1\ A2/ A0/ @2+ C3+ @2+ E2\ D0\ C5/ F4/ E5+ C6/ D7+ G5+ G6\ A5/ @3\ D0/ B2+ B7/ B8/ DRAW
8x8Trax_1183036 Adam vs. Aphrodite : @0/ @1+ B2/ C1/ C0/ D1/ B0\ @3/ @3/ D0+ C1\ A3/ A2+ @1/ B6/ A6/ @6+ C7+ D0/ A8/ G7/ DRAW
8x8Trax_1183649 s_strum vs. ejd : @0/ A2\ B1/ B2+ A3/ @3/ A4+ A2\ @3/ B0\ A1\ E3\ D4\ F2/ F1/ F0/ A3/ F5\ @2/
8x8Trax_1183676 Magicalman vs. Rogue Trooper : @0/ A0+ A0\ @3/ A4/ @4/ A5/ @2+ A0+ B0\ @3\ E1/ D0+ F4/
8x8Trax_1183734 stitcher vs. Rogue Trooper : @0+ A0/ B1\ A3/ B2+ B3\ B4\ @1/ @2\ B4+ E3\ F2\ E4+ F1/ G1/ D0/
8x8Trax_1184071 Buz vs. Misery Midnight : @0+ @1/ B0+ C2\ A3/ B4/ @2\ A1\ A4/ @4/ D0+ B1/ E1/ F4/ F6\ G5/ B0\ A2/ @6/ G1/ H3+ C0/ E2+ G1/ D8+ E1\ B2\
8x8Trax_1184245 Amanda vs. nisqually : @0+ @1/ B0+ C2\ C3\ D3\ B4/ C5/ B0+ B0/ C1/ E3/ C0+ B8/ A8/
8x8Trax_1184246 nisqually vs. Amanda : @0+ @1/ B0\ C2\ C3\ D2\ C4\ D1/ D0+ E3/
8x8Trax_1184247 Amanda vs. Whistler Gandalf : @0/ B1\ A2/ @2+ B3\ C3\ D2/ E2+ F3/ F4+ F5\ G2\ H3/ H1+
8x8Trax_1184248 Whistler Gandalf vs. Amanda : @0+ B1+ A2\ A0\ B1+ C1/ B0/ C3+ D3+ C4+ D4+ C5/ C1/ E3+ B0+ @4+ F2/ F1/ E0\ A2\ B1+ @3/
8x8Trax_1184249 Amanda vs. Misfit Lenrad6672 : @0/ A2\ B1/ B0/ B3\ C3\ B0+ C3/ D4\ D3+ D2/ E4\ E5\ F5\ F6\ G4/ H4+ G3+ C1+ G1/ D0/
8x8Trax_1184250 Misfit Lenrad6672 vs. Amanda : @0/ A2\ B2\ B3+ B1/ C1+ C2+ D1/ A0\ @2+ C0/ D1+ A2+ @3/ F4+ D0+ F2+ G5+ G6\ D7+ G3/ D8+
8x8Trax_1184251 Amanda vs. Rand al*Thor : @0+ A0+ A3+ B1\ @1\ A0+ @1\ B0+ B4/ A5\ @2\ C0+ B7\ @4+ B6+ D0+ E8+ @7+ @6\ A5\ E1/ G2\ G1/
8x8Trax_1184252 Rand al*Thor vs. Amanda : @0+ @1+ A2\ B0/ C1/ B4\ C4\ D2/ D1/ E1/ F1+ F0/ G1+ G0+ B7+ A7/ A8/ @6\
8x8Trax_1184253 nisqually vs. Whistler Gandalf : @0+ @1+ B2\ @1+ D1\ D2\ @1/ A2/ D3\ F2+ G2\ G3\ @2/ A4+
8x8Trax_1184254 Whistler Gandalf vs. nisqually : @0+ @1+ A2\ A0\ B1+ C1/ C0/ D1/ B0\ C0\ B1\ B0\ A1\ @3\ D7+ A1+ A0\ C1+ F4\
8x8Trax_1184255 nisqually vs. Misfit Lenrad6672 : @0+ @1/ @1\ A0\ C3\ A0/ B1/ @3/ A4/ A5/ A6+ @6/ E1/ F4\ E0+ @7\ B6+ A4\ F0+ C2\ @6+
8x8Trax_1184256 Misfit Lenrad6672 vs. nisqually : @0/ A2\ B1/ B0+ C2\ C3\ A4/ @4/ A3+ C4+ E4\ E5\ D5+ C0+ @4/ D0+ A6+ C7+ F8\ C8+
8x8Trax_1184257 nisqually vs. Rand al*Thor : @0+ A0+ A0+ @1/ C1/ C3+ B0/ D3\ E3/ C1+ D1+ C5\ @2/ F5\ G4\ E6\
8x8Trax_1184258 Rand al*Thor vs. nisqually : @0+ B1+ A2\ A0\ B1+ C2\ @1\ A0\ @2+ D5\ B4+ @2+ C5+ E6\ C6+ C7\ F7/ G6+ E8+
8x8Trax_1184259 Whistler Gandalf vs. Misfit Lenrad6672 : @0+ @1/ @1\ B0/ A1+ @1\ A0\ E3\ E4\ F4\ D5/ E2/ E1/ E0/ D0+ F3+ C0+
8x8Trax_1184260 Misfit Lenrad6672 vs. Whistler Gandalf : @0/ A2\ B2\ B1+ B0/ C1/ C0/ D3\ A2\ @2\ B5/ A3/ C6\ @2/
8x8Trax_1184261 Whistler Gandalf vs. Rand al*Thor : @0+ A0+ A0+ @2/ C2/ A1+ @3/ B4\ A4+ B0/ A1+ @1\ A0\ A3\ @1+ C0+ E2+ B5+ F7/ G6\ @4+ F8/ A6+ B7/ H4\ G2/ H2+ H1/ A2\ B8/ A1+
8x8Trax_1184262 Rand al*Thor vs. Whistler Gandalf : @0+ B1+ A2\ B0/ C1/ D1+ A1+ C0/ C4+ E1/ C0/ @3+ D0+ @4+ E7+ D8\ C8+
8x8Trax_1184263 Misfit Lenrad6672 vs. Rand al*Thor : @0/ B1\ A2/ B2+ C2\ B3/ B4/ A4/ D4\ @3+
8x8Trax_1184264 Rand al*Thor vs. Misfit Lenrad6672 : @0+ B1\ B0/ C1/ A1+ @1\ C0/ E2\ D3+ E3+ D4/ E4+ D1/ F3\ C5\ G4\ G5\ C0+
8x8Trax_1184265 Knight Rider vs. Vacant 1884 : @0+ @1\ A0\ C1/ B0\ B0\ A2+ C1/ B0\ A0/ C6\ D4+ D6+ B0\ E5\ D3/ E4+ @3+
8x8Trax_1184266 Vacant 1884 vs. Knight Rider : @0/ B1\ A2/ @2/ B3\ C2+ A4/ @3+ D4\ C5\
8x8Trax_1184267 Knight Rider vs. Tesa : @0+ B1+ A0/ A3/ @3+ D2/ D0/ E1/ A2+ D0+ B2+ D0+ @5+ D1+ F4+ B1\ B0\ A3/
8x8Trax_1184268 Tesa vs. Knight Rider : @0+ B1\ B2\ @1/ B3/ D3\ B4+ A4+ @3/ @2\ B1+ A1+ A0\ @4/ A5/ A6/ G2/ @6+ H1\
8x8Trax_1184269 Knight Rider vs. outta here : @0+ A2/ @1+ A0\ @3\ D3\ B4\ @4/ B5\ A1\ B0\
8x8Trax_1184270 outta here vs. Knight Rider : @0/ B1+ A0\ @1\ C3\ @1/ A2/ @2/ A3/ D4\ F2+ F1/ C0+ G3\ G5+ A5+ RESIGN
8x8Trax_1184271 Knight Rider vs. Dave (UK) : @0+ @1\ B2/ @1/ C0\ A3/ B4+ A1\ @2+ A4/ A1+ @2\
8x8Trax_1184272 Dave (UK) vs. Knight Rider : @0/ B1\ B2\ C2\ @1\ C0+ A1/
8x8Trax_1184305 MsLady vs. Goonerg : @0+ @1/ A2/ @2\ B0\ A1\ @1+ A0\ D2+ D1+ E2\ A0/
8x8Trax_1184306 Goonerg vs. MsLady : @0/ A0/ B1+ B0+ @3+ D2\ B4/ B1+ C0/ D1/ E1+ B1+ D0/ C7+ E4+ F4\ G4+ C8+ G5/ @5/ G2+ A4\ A3\
8x8Trax_1184311 MsLady vs. Morticia : @0+ @1+ A0+ @2+ B0+ B4/ A2+ @3+ B1+ B0\ A1/ @4+ F4\ F5\ D6/ @4+ H5\ H6\
8x8Trax_1184312 Morticia vs. MsLady : @0+ @1/ B0+ B3+ C2/ D2/ B4+ B5/ A5/ @3\ C0+ A5+ C0+ B8/ @8+
8x8Trax_1184313 Goonerg vs. the great snowqueen : @0/ A0+ A0/ B1/ A4/ A0\ @2/ @4/ D5\ B1\ E3\
8x8Trax_1184314 the great snowqueen vs. Goonerg : @0+ @1/ B0\ A0/ @3\ D1\ D3/ D4/ E3/ F2\ D5/ A5/ @4\
8x8Trax_1184315 Goonerg vs. Falsecut : @0/ A2\ B1/ A0/ @3\ C1+ B4\ C0\ C5/ D3\ A6/ @5\ E5/ E2/ F2/ A4\ E6\ C7/ F5\
8x8Trax_1184316 Falsecut vs. Goonerg : @0/ B1+ A0\ @1\ C1/ B0/
8x8Trax_1184317 Goonerg vs. Morticia : @0/ A2\ B1/ B0+ @3\ B4\ @4/ B5+ A1\ @1\ B0/
8x8Trax_1184318 Morticia vs. Goonerg : @0+ B1/ A0\ A0\ @2\ C4/ D1+ B0\ D4+ C6/ A6/ B7/
8x8Trax_1184321 the great snowqueen vs. Morticia : @0+ @1+ B0\ A3/ @3\ A2+ A1+ @1\ @1/ C0+
8x8Trax_1184322 Morticia vs. the great snowqueen : @0+ B1+ A2\ @1\ B0/
8x8Trax_1184323 Falsecut vs. Morticia : @0/ A2\ B1/ B0+ C2/ B0+ @3/ C4\ E3\ D4\
8x8Trax_1184324 Morticia vs. Falsecut : @0+ B1/ A0\ A0\ @1\ @1+ B0+ @4/ A5/ C0\ B2\ B1+ A1\ @4\ B3+ A1\ F1/ G2\ D0/
8x8Trax_1184325 Jane vs. hANDYman the Rebel : @0/ A2/ B1/ C2\ B3/ B0+ A4/ D3+ B0/ C2/ @2/ C0+ B1/ @2\ A1\ D0\ B6+ E2+ G6\ E1/ E0/ C1/ @5+ G3+ B8+
8x8Trax_1184326 hANDYman the Rebel vs. Jane : @0+ @1/ C1/ C2/ C0/ @2/ @2/ C4/ C1+ C0/ C0+ D7/ A6/ @5\ F6+ E1+ C7+ E0+ G4+ H4\
8x8Trax_1184331 Jane vs. paganje : @0/ A2\ B2\ B1+ C1/ D2\ C3/ A4/ @4/ B0/ F2\ F1\ C6/ D5+ F3+ A3/ A1/ G3/ A6+ @5\ A6/ F5/ E0+ E8\ F8\ G8\ A4+ A8/ B1\ A1\ H7+ G1+
8x8Trax_1184332 paganje vs. Jane : @0/ A0+ A0\ @3/ A4/ @4/ @2+ B0\ C6\ C0\ E4/ E6/ @4\ A6\ B7+ A2/ A1/ D0+ @3+ A7\ B1+
8x8Trax_1184333 hANDYman the Rebel vs. Kran : @0+ @1\ A2/ @1\ @1\ D2\ C3/ D3+ E3\ E4\ D0/ E1/ F4\ B5/ B6/ @1/ C4\ B4+ C0+
8x8Trax_1184334 Kran vs. hANDYman the Rebel : @0/ @1\ A0/
8x8Trax_1184335 hANDYman the Rebel vs. MountainMist : @0+ B1+ A0/ A3/ @3+ D2\ @2\ A1\ A0\ D4+ C5\ D5\ A4+ @3+ B0\ G4\ E2+ H5\ D7/ C7/ G7\ F8+ H6\
8x8Trax_1184336 MountainMist vs. hANDYman the Rebel : @0/ A2/ @1/ @1\ A0\ D2/ C1+ C0\ A1+ @1\ A0\ A3+ C5+ B5/ C6+ C7/ F3/ E2+ E1/ C0\ F3+
8x8Trax_1184337 hANDYman the Rebel vs. paganje : @0+ @1/ C1/ A2+ @1/ C0/ B1+ D1/ @1/ B0/ D0+ B1+ E0\ B1+ E0\ F3\ A6/ F5/ D8/ G6\ G7\ @6/ C1\ H4+ A8+
8x8Trax_1184338 paganje vs. hANDYman the Rebel : @0/ A2/ @1\ A0\ A4/ @4/ C1+ D1/ D0/ C5+ D4+ E2/ @5/ B4+ C6\ A2\ B7+ A1/
8x8Trax_1184341 Kran vs. paganje : @0/ A2\ B1/ B2+ C1\ D1/ D0/ @2/ C4\ E3/ B4+ @2\ A1\ C5/ E1\ C0+ E1/
8x8Trax_1184342 paganje vs. Kran : @0/ B1\ B2\ C2/ D2\ D3\ B0/ C1/ @2\ A1\ B0/ D5/ E6\ A4/ @4/ C0/ D1/ D0/ E1/ F3/ G4+ G6+ F1\ H5/ D8\ A4+ A3\ H7+ H3/ H2/ G1+ A2+
8x8Trax_1184343 MountainMist vs. paganje : @0/ A2\ B1/ B2+ C1\ D1/ D0/ @2/ C4\ E3/ D1+ A4/ A5+ @4\
8x8Trax_1184344 paganje vs. MountainMist : @0/ A2+ @1\ B0/ A1+ @1/ D1/ D0/ A4\ B5+ C0+ D6/ E3/ E7\ F7\ @4\ F1/ F0/ A7/ B8/ @6/
8x8Trax_1184351 dboy97 vs. Honeybear : @0+ B1/ B2/ C2/ A0/ @2\ D2/ D1/ D0/ A0\ @2/ F2/ D0/ D0/ E1/ G7\ F8/ A3\ @3/
8x8Trax_1184352 Honeybear vs. dboy97 : @0/ B1\ A2/ B2+ A3\ B3\ @1\ B0/ D4+ C5/ @3/ A4/ B5/ B6/ A6/ @6/ F5+ E7\ E8+ F8\ G6/ G4+ @5+ C1+ A7+ H3/ H2/
8x8Trax_1184357 gatorbon007 vs. Honeybear : @0/ B1\ A0/ B3/
8x8Trax_1184358 Honeybear vs. gatorbon007 : @0/ A0/ @2/ @1/ A2+ @2\ C0/ E3\ D4+ B4/ C5\ F3/ @3\ C5/ C6\
8x8Trax_1184361 Jay RAA vs. Honeybear : @0/ A2\ B2\ B3\ A0\ @2/ C5+ @2\ A1\ A0+ @2/ E7/ B5/ A4/ B6+ A1+ B0+
8x8Trax_1184362 Honeybear vs. Jay RAA : @0/ B1\ A2/ @2/ B3\ C3\ B4\ C4+ D3+ E3\ E4\ @4/ E5+
8x8Trax_1184363 mahonri vs. Honeybear : @0+ B1/ B2/ C2\ B3/ D1/ C0+ E3\ D4/ D5/ A1/ B0/ D1+ E6\ D7/ F5+ @2/ A4+ B6\ H5+
8x8Trax_1184364 Honeybear vs. mahonri : @0/ A2\ B1/ B2+ B3\ C2/ @2/ B3+ B4/ A4/ E2/ E1/ E0/ F2/ F1+ F0+ @6+ B7+ B8/ A8/ E6\ H5\ G6+ C1\ B1\ E7\ D8+ H6+ H7\ E8\ B2+ A3\ H1+ F7+ H8+
8x8Trax_1184385 FujiTape vs. Stinger : @0/ B1\ A2/ @2/ B3\ C3\ C0/ D3/ @4/ C5+ D6/ A2\ B1/ @3/
8x8Trax_1184386 Stinger vs. FujiTape : @0/ B1\ A2+ B2+ A3/ B3+ @2+ B4/ D3/ @2\ A4\ @4\ B1+ B0/ G3\ @4/ B6/ C7+ E7+ B8/ A8/ A7+ D8+ E1/ G1+
8x8Trax_1184387 FujiTape vs. Phil The Hat : @0/ B1+ @1\ C0\ D2/ @2/ C3/ F2/ G2/ G3+ E4\ @2/ F5/ E5+ E6/ F0+ E8\ A4+
8x8Trax_1184388 Phil The Hat vs. FujiTape : @0/ B1\ B2\ A0/ A3/ B4\ B5\ @1\ B0/ B6\ C7\ D4+ A7/ B8\ @5+
8x8Trax_1184389 FujiTape vs. McStack : @0/ A0/ B2/ A3/ B4/ C2+ A4+ D4\ D5\ D6+ E4+ F4\ G5/ E2+ D7/ C5+ E1/ F3+ E0/ E7+
8x8Trax_1184390 McStack vs. FujiTape : @0/ B1\ B2\ B3\ A3+ @3/ C4\ D4\ A5+ @4\ F2+ A2/ @5/ B6\ A2\ @3\ B1/
8x8Trax_1184391 FujiTape vs. Lyonsgirl : @0/ A2\ B1/ B0/ C2\ C3\ D1/ D0/ @4/ A5/ A3+ C1+ B0/ @3\ @3\ F1/ D0/ A3\ C8/ G2/ G1/ B5+ H2+
8x8Trax_1184392 Lyonsgirl vs. FujiTape : @0/ B1\ A2/ A3/ B0/ C2\ B3+ A5/ @3\ C0\ B1\ A1\ @1+ @3+
8x8Trax_1184393 Stinger vs. Phil The Hat : @0/ @1/ B0+ @2+ C0\ C4+ D4\ D5+ E5\ E4+ F4/ A4/ A5/ C6\ G5/ D7/ G6\ H6\ C8\ F2+ G7+ G3+ H5+
8x8Trax_1184394 Phil The Hat vs. Stinger : @0/ A2\ B1/ B0+ C2\ C3\ D3\ D4\ D5+ E5/
8x8Trax_1184399 Phil The Hat vs. McStack : @0/ A0/ A0/ A0/ B2+ @4/ A0\ @5/ E2\ D6+ E6\ F2\ E1+ B0+ G4/ F7+ E8+ H2/ H1/ A8+ F8+ G7+ G5\ H6/ G8+ H8\ A1/ D1+ F1+
8x8Trax_1184400 McStack vs. Phil The Hat : @0/ A2\ B2\ @2+ @2/ A3/ @3/ A4/ A1\ @3+ D0+
8x8Trax_1184401 Phil The Hat vs. Lyonsgirl : @0/ A2\ B2\ B3+ B4/ @3+ @2/ B1+ C5\ E5\ E6\ C0+ D1/ E1/ F5+
8x8Trax_1184402 Lyonsgirl vs. Phil The Hat : @0/ A2\ B1/ @2\ B0+ D1\ B0/ B5+ @5/ B6\ A3\ @5+ B2\ B1\ C0/ F1+ C0+ G3+
8x8Trax_1184449 karosel MIA vs. STrek : @0+ @1/ A0\ @1+ @1/ A2/ @2/ C0+ C4/ C5/ A4\
8x8Trax_1184450 STrek vs. karosel MIA : @0+ @1+ A2\ B0/ C1+ A1\ B0+ A1+ B0+ B0\ A1\ A0\ @3/ B8/ A7+ @7/ B8/ A2/ A8+ B4/ @7/
8x8Trax_1184455 Weth vs. STrek : @0+ @1\ A0\ C2+ @2/ B3+ @2\ A1+ A3/ B4+ @3\
8x8Trax_1184456 STrek vs. Weth : @0+ B1/ B2/ @1\ B0\ @2\ E3+ A3/ @2+ C4\
8x8Trax_1184459 Azalea vs. STrek : @0/ A2/ A3\ B2+ C2\ B3\ B4\ C4\ D3\ @2+ E1/ C5+ F2/
8x8Trax_1184460 STrek vs. Azalea : @0/ @1/ B0+ C1+ B0+ D2+ C1/ D3\ B4/ B5/ A5/ E2+ E4+ E1+ E0/ F3+ F1/ G1/ @5+ B2\ B1\ D0\ E1+ C8/ B8+
8x8Trax_1184463 STrek vs. irishmiss : @0+ @1+ A2\ B0/ C1+ @2/ A1+ D0\ E3/ @2\ E4+ B1+ D0+ C6/ C0/ @4/ B1\ A2+ @2/
8x8Trax_1184464 irishmiss vs. STrek : @0+ @1\ A0+ A0\ B4/ @1+ A0/ C1/ B0\ D3\
8x8Trax_1184467 pioenroosje vs. klaashaas : @0/ A2/ A0+ A4/ B3+ C2\ D3/ E2\ D4+ D5/ C6\ D7/ E6+ F5\ F4+ G5+ G6+ @4+ C5+ D1\
8x8Trax_1184468 klaashaas vs. pioenroosje : @0/ B1/ B0/ C1/ B3+ B4/ A5\ C4+ D3+ C0+ B0/ @4+ A6/ @5+ E0/ F1/ G5\ F3+ H3+ DRAW
8x8Trax_1184471 pioenroosje vs. firefly : @0/ A2\ B1/ B2+ B3\ C2\ B0/ C4\ D2/ E2+ E1/ D0/ F3\ E6+ C6+ F1\ A6/ G3\ @4/
8x8Trax_1184472 firefly vs. pioenroosje : @0/ A2+ A0\ @2/ A1+ A0\ @2\ C5\ D4\ A1+ @1\ A2+ B4+ C5+ D6+ D7/ B6+ A7+ A6\ @4+ A6+ @5+ A4+ @5/ B7+ B8/ F8+ B3+ A4\ B2/
8x8Trax_1184473 Kevin vs. klaashaas : @0+ @1/ C1/ A2/ B3/ C3/ B0\ D2\ @3+ A4/ A0\ B0/ @3\
8x8Trax_1184474 klaashaas vs. Kevin : @0/ A0/ @2\ B0\ A1\ A0\ @4\ D1/ @2/ D0/
8x8Trax_1184477 Kevin vs. firefly : @0+ @1/ C1/ C0/ B0/ A2+ C4/ C1+ D2+ C5/ E4+ E2+ E1/ F4/ C0/
8x8Trax_1184478 firefly vs. Kevin : @0/ A0/ @2/ @1/ B3+ B4/ A4+ D2+ C4+ E4/ D5/ D6/ @4+ C7/ B7+ F7\ B6+ E8/
8x8Trax_1184479 klaashaas vs. (**)(**) Bunny Toes : @0/ B1\ B2\ B3\ A3\ B4\ C2/ @2\ @2\ B3+ @2+ @3\ A4+ D5\ G5/ H3+ F0\ E0+ H3+
8x8Trax_1184480 (**)(**) Bunny Toes vs. klaashaas : @0/ B1/ @1\ A0\ D2\ C3/ A0\ B1\ B0\ C1\ A1\ @3/ C5/ E2/ F4\ C0+
8x8Trax_1184481 klaashaas vs. firefly : @0/ A2/ B1\ @2+ @2\ A3\ A4\ C3+ D3/ E2\ F3/ E1+ G2+ D0/ E5/ B6/ F6/ E1+ E0\ C1+ C8+ G7+ G8/
8x8Trax_1184482 firefly vs. klaashaas : @0/ A2/ B2+ C1\ B0+ C0\ D2+ @4+ B1+ B5/ C0\ F2\ D1+ G2+ D0\ C8/ D7+ @5/ D1\ C1\ B3+ C8+
8x8Trax_1184483 (**)(**) Bunny Toes vs. firefly : @0/ B1\ A2/ @2+ B0+ C1+ @3/ A2+ C0+ @3+ F2/ F1/ @4\ A5+ H2+ H4+
8x8Trax_1184484 firefly vs. (**)(**) Bunny Toes : @0/ A2\ B1/ C1/ B2+ D1/ B0\ B4/ E2+ D4\ B5/ B6+ C5+ A6+ @4\ A3\ @4\ A2\ C1+ @3/
8x8Trax_1184487 Walter vs. drgnrdr : @0/ B1+ A2/ A0/ @1+ B4/ @3+ C5/ E4+ D0/ E3/ F3/ G3/ D0/ G5\ H4/ G7\ H6/ F8/
8x8Trax_1184488 drgnrdr vs. Walter : @0+ B1\ @1\ A0/ @1\ B0/ D2/ E2/ D0+ F1+ G1/ E0\ F0+ E6\ F6\ G6\ H3/ H5+ F7\ E8+ B8/ A8+ D1+ G8\ C2\ B2\ A2\ B1+ H8/
8x8Trax_1184493 Barbie vs. drgnrdr : @0+ B1/ B0+ @1/ C0/ B1+ C0/ D1+ D0+ E1\ E3+ C1+ C0\ D6+ @5/ G2/ F1\ D0\ B3+ E1/ D0\ G2/ G1+ H3+ A3/ G7/ E1+ H1/ H5+ H7+
8x8Trax_1184494 drgnrdr vs. Barbie : @0+ @1+ B2/ A0+ @1/ C1/ C4/ B5\ @2\ B4+ A5/ C6+ E4+ A3/ @3/ D7\ E7\ B6/ B7/ D8+ G4\ F6+ H5/ G3+ A8+ A6+ A2\ F8\ G8\ F2+ H2/ G1+ H1/
8x8Trax_1184499 drgnrdr vs. Lorraine of the Renegades : @0+ B1/ A2/ @1\ C0/ D1/ B0\ C4+ E3+ C5/ D5+ B5+ A5+ D6/ D0/ E1/ F3\ @5/ G6\ H6+ G7/
8x8Trax_1184500 Lorraine of the Renegades vs. drgnrdr : @0/ B1+ C1\ B2+
8x8Trax_1184501 drgnrdr vs. MASHER : @0+ @1/ @1\ B0/ D1\ E2/ D0+ D0\ B2+ D5\ A1\ A0\ A3+ F3\ E2+ C1/ A0\ @3+ @3\ B6/ D1+ B7\
8x8Trax_1184502 MASHER vs. drgnrdr : @0/ A2+ A3/ @1/ C1\ B4/ B5/ C4+ D4\ D3+ E3/ D1+ F3/ B0\ F6\ E1\ G6/
8x8Trax_1185059 hayleesam vs. Honeybear : @0/ B1\ B2\ C2\ A2/ B3+ @2\ D0/ E1/ E0/ B1\ B0+ A3/
8x8Trax_1185100 Dave (UK) vs. drgnrdr : @0/ A2\ B2\ @1/ B3+ A4\ @4+ D1+ B5\ C6/ D6+ E4+ C0+ B0/ A1+
8x8Trax_1185134 paganje vs. Morticia : @0/ B1\ A2/ @2+ A3+ @2+ C3\ D3\ D4\ E1\ F1\ F0+ E0/ G4\ F7\ G6/ H4\ G3/ G2/ H3+ C1/ G0+ H1/ B8+ D1/ A8+ B1\ A3/ G8+ H8+ A2\ A1\
8x8Trax_1185521 Rogue Trooper vs. 15951 : @0/ A2+ A3/ A4+ @1/ A4+ @4+ B5\ C0/ A6/ D2+
8x8Trax_1185598 Jay RAA vs. HeatherN : @0/ B1/ A0\ @1\ A0\ B4+ D3+ B5+ @1+ B0+ B5\ C7+ B0/ @3\ A2\ @1/ H5\ G3/ G7+ G8\ D7/
8x8Trax_1185717 Lowell vs. Rogue Trooper : @0+ A0/ A3+ A4/ @4+ @3/ D1/ D0+ D0+ A4\ C1+ @4/
8x8Trax_1185734 spitfire vs. nobodyhere : @0+ A0\ @1/ A2/ @2+ D2\ @2\ C3\ D3\ D4/ E3\ D5/ C5/ D6/ B3/
8x8Trax_1185892 spitfire vs. nobodyhere : @0/ @1/ B0+ @2/ C0\ @3\ A1\ A0\ @3+ B5+ @3/ D5\ A6/ E1+ @6\
8x8Trax_1185911 stitcher vs. Rogue Trooper : @0+ A0/ A3\ B1/ C2/ A0+ D4\ B5/ C2/ A0/ @1/ E1/ C0\ F4/
8x8Trax_1185992 spitfire vs. nobodyhere : @0+ @1+ A0/ A3/ @3+ D2+ @3\ E3\ C4/ @2\ A1\ C1\ G4\ D0\
8x8Trax_1186040 Chef Jeff 1 vs. Lours : @0+ A2\ B2/ A0\ @1+ C2/ A0\ A0+ @3+ A4+ @3+ C5/ D6\ F5/ F4+ G6\ G7\ G4/ H5\ F3+ F2+ G2/ H2/ F1+ G0+ A5+ F1+ E1\ C7/ D8+ B7\ B1+ A6/ H5/ H7\ B8+ DRAW
8x8Trax_1186079 spitfire vs. nobodyhere : @0+ @1+ A2\ B0/ C1\ A1\ A0\ @1+ A0+ D4+ C2/ C1/ B0+ A1+ @2/ B0/ F4+ A2+ G3/ F2\ @3\ F1/ D0\ H3+ F1/
8x8Trax_1186081 Fallen Angel vs. majestic_nova : @0/ B1\ A2/ @2/ C0\ A4\ C3\ C4\ @4\ A5/ E4\ @4/
8x8Trax_1186459 Rogue Trooper vs. 15951 : @0+ A0+ @2/ @2+ B1\ @2+ @2\ A1\ F2/ B0+ B4/ @3+ G4/ F5+ F1/ F6/ H3/
8x8Trax_1186681 Misery Midnight vs. Judy : @0/ A2\ B1/ B2+ B3/ C1+ B0\ @4/ A5/ D1+ @4+ E4+ D5/ B6/ F1/ D0\ @5+ @5\ A4\ D3+ H3+
8x8Trax_1186727 Cherryred vs. Chef Jeff 1 : @0/ @1+ @1\ C0/ B0/ B4+ C1+ D2\ D3+ B5+ D4/ C0+ B7/ C0+ A8\ A7\ B2+ @6\
8x8Trax_1186847 SweetCindyJo vs. Catmane : @0/ B1+ A0\ @1\ D2/ D1/ C0/ A3+ A1/ B4/ E2/ E4\ D5\ F4/
8x8Trax_1186861 Honeybear vs. cocopuff : @0/ B1\ A2/ B2+ C1/ C0+ C0\ B2\ A5\ D3\ D4\ A6/ @5\ C5\ A1\ @3+ B0+ A2+ @2\ B1\ B0\ A1\ @1+ F1+ D8/ C7+ B7/ A8\ H3+ G2+ H8+ H1/
8x8Trax_1187019 Barbie vs. Marko : @0/ B1\ B2\ C2\ A0/ B0/ @3+ D1+ E4+ F2\ A1\ F4+ C0\
8x8Trax_1187183 NigelRS vs. ejd : @0/ A2\ B1/ B2+ A0\ @1\ A0/ A4/ A5\
8x8Trax_1187807 Rogue Trooper vs. twobanana : @0/ A2\ B1/ B0/ B3\ C3+ B0+ C1\ D3+
8x8Trax_1188764 Vacant 1884 vs. Rogue Trooper : @0/ A0+ A0/ @1/ @2+ C0/ D4/ E3\ A2+ E0/ F3+ B6+ C6+ @6/ B7+ F7+ G7\ @5\ A4\ C8/ B8+ D8+ C1+ B1\
8x8Trax_1189017 Beaupol vs. Honeybear : @0+ B1/ A2+ B0\ A4+ C1/ C0\
8x8Trax_1189068 drgnrdr vs. pioenroosje : @0+ B1/ @1/ C2/ D1/ D0/ @2\ A1\ D0+ C5+ A4+ C6+ E5\ F6/ D7/ F2+ G5\ G3\ A6/ @4/ D0/ G2+ H3+
8x8Trax_1191278 Beaupol vs. FujiTape : @0+ B1/ A2+ C1/ B2\ C2\ D1/ E1/ C3+ E2\ F3/ G2\ C4+ C5\ @2/ E5+ F4+ E6/ C6/ E7/ H1+ F0+ F7+ G7\ B8\ A2+ H1/ A1\ H8+
8x8Trax_1191333 P_LizardBrain vs. Honeybear : @0+ B1/ B0/ @2\ B0\ B0+ A1\ @2\ B0/ @4/ A5/ B6/ @5\ B2\ A2\ C1+ C7/ B7/ E1+ @5+ A4\ A2\ @2\ A4\ B0\ G7\ G8\ E1+ A8\ H2/ H1/ A1+
8x8Trax_1192002 billyB227 vs. Rogue Trooper : @0/ A0+ B2/ A0/ C3/ D1+ D0/ D0+ E1/ A1\ B0/ @3/
8x8Trax_1192166 Rogue Trooper vs. stitcher : @0/ A2+ A3/ B1\ B3\ A4/ A0/ B5\ A6/ B6+ C6\ A7/ A8+ @6\ A2/ @5/ E3/
8x8Trax_1192352 AWOL 33311 vs. Rogue Trooper : @0/ A0+ B1+ B2\
8x8Trax_1192582 Rogue Trooper vs. McStack : @0/ A0/ B2+ @2\ D2/ D0\ E3/ F1\ D4/ C5\ B1+ A2\ A4+ C6/ F5+ E6\ E7\ F7\ G7\ G1/ D8/ C8/ G3+ @2+ A1\ C7+ A5+ A7/
8x8Trax_1192743 STrek vs. Vacant 1884 : @0+ B1+ A2\ B0/ C1+ D2/ C3+ @3/ B4+ A4+ B5+ F2/ B1+ C5+ E4+ B6/ A6/ A7/ @4+ F0+ D7\ E7\ F7/ E8+
8x8Trax_1192967 Honeybear vs. Morticia : @0/ A2\ B2\ B3+ C3/ B1/ @2\ C4+ C0+ D1/ E2/ C0+ A1\ @3/ G4\ G5\ G6\ B0\ H4/ C0+
8x8Trax_1193099 Jeff vs. Rogue Trooper : @0+ A0/ B1\ A3/ @3+ C3/ D2\ B4/
8x8Trax_1193130 Z MIA vs. Marko : @0/ B1\ A2+ B2+ A3/ B3+ C3/ C4/ C1+ @3/ @4\ D5\ C6\ B1+ D6+ D7/ E6+ F6\ F7/ E8+ G5\ H4/
8x8Trax_1193168 Lours vs. Rogue Trooper : @0/ A0+ B1\ A0/ @3\ A1\ B0/ B5/ @2+ A5\ C0\ A2+ D7+ E5/ F2+ F1/ F0+ G3+ G5\ F6+ A2+ @3+ B8+ H7+ A7+ A6\ B1+ DRAW
8x8Trax_1193403 shar2952 vs. Rogue Trooper : @0/ A0+ @2\ B0/ A2+ A1\ C1\ A0/
8x8Trax_1193470 sithneedow vs. Rogue Trooper : @0+ A0/ @1/ B3/ A0\ @1\ A3+ C5/ B6+ B0+ B0\ D6/ D3/ @3\
8x8Trax_1193637 MsLady vs. STrek : @0+ @1+ @1/ A2/ D1\ D2\ B3/ E2+ D3\ B0/ B5\
8x8Trax_1193765 spitfire vs. RobinDuBois : @0+ @1+ A0/ B3\ C3+ @2+ E3+ D4\ E5\ F4/ D5+ D6+ C6/ @2+ @2/ A3/ C1+ G2/
8x8Trax_1193862 Rogue Trooper vs. MOI : @0/ B1\ A2/ A3+ A4\ B4\ @1\ A0\ C6\ D5/ A6/ @5/ C7/
8x8Trax_1194137 spitfire vs. *Rosie* : @0/ A2\ B2\ B3\ B4+ C3/ C4\ D4\ C2/ C1/ D1/ E4/
8x8Trax_1194152 Romy vs. Rogue Trooper : @0+ A0/ B1\ A3/ @3/ C3/ C4\ D4\ @2\ A1\ B0/ D1/ E2\ B0/
8x8Trax_1194267 FujiTape vs. Vacant 1884 : @0/ A2\ B1/ C1/ D1/ C0+ D3\ C4+
8x8Trax_1194344 spitfire vs. RobinDuBois : @0/ B1\ B2\ C2+ C3+ A2+ @2/ A3/ @3/ B4/ A4+ A5/ B1\ @4+ C0/
8x8Trax_1194512 spitfire vs. RobinDuBois : @0/ B1+ A0\ @2/ A3+ D2+ B4/ E2+ C1+ C0+ D1/ E1/ F2\ F3\ F0\ F5\ C7/ G5+ G6+ @5+
8x8Trax_1194588 spitfire vs. *Rosie* : @0+ @1\ A2/ @1\ A0+ @2/ A3/ D3\ C4/ @4/ A5/ @5/ D5+ B6/ D6+ A3\ @4/ C7\ E7/ G0/ H2\ D2\ C2/
8x8Trax_1194862 Rogue Trooper vs. 15951 : @0/ A2+ A3/ B2+ @2\ C3+ B0/ D2/ @4/ A5+ A1\ A0\ @4\
8x8Trax_1195057 BrnIdGirl vs. FujiTape : @0+ B1/ B0/ C2/ C1+ @1\ A0\ D4\ E3/ E4+ E5/ F3/ E1\
8x8Trax_1195058 BrnIdGirl vs. FujiTape : @0/ B1\ A2/ A0/ C2\ A0\ @1\ D1\ A2+ A0\ D5\ @2+
8x8Trax_1195059 BrnIdGirl vs. FujiTape : @0+ B1\ B2\ C1\ C2+ D1/ D0/ B1/ D3\ E3\ C4/ C5/ @2\ F1/ G3\ E0+
8x8Trax_1195060 BrnIdGirl vs. FujiTape : @0/ A2\ B2\ C2\ B1+ D2\ D3\ E3\ E4\ F4\ E5/ E6/ D6/ C6\ @2\ C0/ H5/ H4+ B1+ C0/
8x8Trax_1195061 BrnIdGirl vs. FujiTape : @0/ B1\ B2\ B3\ C1\ A3/ A4/ D1/ C0\ C0\ C4+ D1/ C0\ C0\ B4\ @5\ B3/ A4+ B2/ F4+ G4\ E6+ @4\ C1/ A6/ A7+ F2+ E8/ H7\ H3/ H2/ G1+
8x8Trax_1195062 BrnIdGirl vs. FujiTape : @0+ B1/ B0/ B3/ C2/ D3/ B0/ C1/ D2/ D1/ C0/ D6\ E5/ @5/ A6/ D7+ F2/ E1/ E0/ F1/ G4/ G3/ G2/ H2/ H1\ A4/
8x8Trax_1195063 BrnIdGirl vs. FujiTape : @0/ B1\ A2/ A0/ @2+ B4/ @3\ E1/ E0/ D1+ D0\ E5\ F5\ G5\ F3\ D7/ C7/ C8/ @6\ D2+ A5\ B3\ A3\ A2\ B1\ H3+
8x8Trax_1195461 Tigger vs. Misfit Lenrad6672 : @0/ B1\ B2\ A2+ C2+ D2\ A0/ D4/ D1/ E3\ C0/
8x8Trax_1195771 Tesa vs. Marko : @0+ B1/ B0/ A0\ @1\ D2\ A2/ @2/ C0+ E1\ B0\ A3\ @4+ D1/ D0/ D7\ C7+ F6\ G6\ G7/ H6\ F8/ E8+ G8+ C8+ B2+ C1+ A2+ A1\ A7+ B8/ G2/ H3+ H1/ A8+
8x8Trax_1195774 lady of amber vs. Marko : @0+ A0+ B2\ B1+ B0/ C1/ @3\ E2+ C4/ F2\ E4+ D5\ B4/ B5+ B6\ @3/ E6+ C1\ D0/ A2\ B7/ A6+
8x8Trax_1195775 Meeshamouse vs. Marko : @0/ B1\ C1/ B2/
8x8Trax_1195781 Isischylde vs. Marko : @0+ A0/ A0+ @1+ B0/ C4/ @3\ D2+ C5/ A4/ @3\ @3\ G3/ C5/ B5/ B6/ B7+ C8/ A6/
8x8Trax_1195886 Retired 32724 vs. Rogue Trooper : @0/ A0+ @1+ B0/ A1+ B0\ A1+ @1/
8x8Trax_1197165 ejd vs. Marko : @0+ A0+ A3\ @1/ C1/ C2+ B0/ D3/ D2/ C1/ C0/ D1/ E2/ E5\ F4/ D6/
8x8Trax_1197280 spitfire vs. RobinDuBois : @0+ A0+ A0+ B1\ @2/ A1+ @2\ D3+ D4\ E4\ E5+ A1+ A0/
8x8Trax_1197342 Misfit Lenrad6672 vs. cocopuff : @0/ B1\ A2/ B2+ C2\ C3\ B0/ C2+ D4\ D5\ A6/ @6+ E7\ F5\ A7/ C8+ A5+ @5\ B2\ B1\ G1/ A1+
8x8Trax_1197747 Lythande vs. Whistler Gandalf : @0+ @1+ A0/ A3/ @2/ B0\ A1\ @1\ B4+ A4/ @3+ E4\ D5+ A4+ @4/ E6\ F5\ A3\ @3/
8x8Trax_1197884 Uncle Chuckie vs. Whistler Gandalf : @0/ A2\ B2\ B3+ C2/ C1/ D1/ B0\ D4\ E2+ C5+ B0\ D7\ E6+ D0/ E2+ @5\ D8/ B8+
8x8Trax_1198017 Whistler Gandalf vs. cocopuff : @0+ B1\ B0/ C1/ B0+ C3\ D3\ A4+ @3\ B1+ B0\ D6+ A2+ @2/ D1/ D0/ F4/ G6/ B6/ A6/ H6\ C7/ D0+ H6/ H5/ H4+ F1\ B2/ H3/ B8/ A2+ C1\ A8+ H8\
8x8Trax_1198294 Rogue Trooper vs. MOI : @0/ A2\ B1/ B0/ B3\ C2+ D2\ D3\ B4/ B5+ A5/ @4/ F3\ B6/ A6/ @5/ G1/ H2+ F0\
8x8Trax_1198624 Jon Dann from Taiwan vs. Jump This : @0+ B1+ @1+ @1+ D2/ C0\ C4\ E2+ B3+
8x8Trax_1198645 Whistler Gandalf vs. Jump This : @0+ B1+ A2\ B0/ C1+ D1\ C3+ D4/ E4+ F3\ D5\ F1/ B5/ G1\
8x8Trax_1198686 Hilander vs. firefly : @0+ @1/ A2+ B3/ C2\ C1+ @2\ D0\ D4\ E3+
8x8Trax_1198696 MsLady vs. Goonerg : @0+ @1+ A0+ @2+ @2\ A1\ B0\ E3+ @2\ A1\ @1\ A0\ @1\ A0\
8x8Trax_1198758 STrek vs. kathie : @0/ B1\ B2+ B3/ A3/ @2/ D2+ A3+ B4+ A4+ B5+ A5+ B6+ B7/ A7/ D4\ C5+ @1\ A0+ F4/ G4+ E6+ D7+ E7+ D8+ F6+ H5+ A6\ F7+ G7\ G8\ H8\ E2+ E1+ F1\
8x8Trax_1198785 Nancy vs. Marko : @0+ B1/ C1\ B2/ A0\ C3\ C4\ A0\ D4+ @2+
8x8Trax_1198826 Hilander vs. Goonerg : @0+ A0/ @2+ C2/ C1+ C0/ D2+ @3+ D4/ E3\ F3\ F4\ E5\ @3+ H4+
8x8Trax_1198922 kdogtrainer vs. Steffi : @0/ B1\ A2/ @2/ C2\ B3/ C0\ B0/ @4+ E1/ E0\
8x8Trax_1199281 Hilander vs. Phil The Hat : @0+ @1+ A2\ A0\ @1+ @2\ B3+ @1\ A0\ A3+ B5\ C6/ @4/ F6\ E7/ G4\
8x8Trax_1199379 BlueEyedGoddess OTWP vs. Whistler Gandalf : @0+ B1+ A2\ B0/ B4/ A1\ B0/ C3\ @4/ D6\ E5/ C7/ B7/ A7/ A3\ @3\ F3\ B2+ A5\ G5+ D8/ F6+
8x8Trax_1199395 blondie44 vs. Goonerg : @0/ A0+ A0/ B3/ @1+ B4/ A2+ @2/
8x8Trax_1199476 blondie44 vs. firefly : @0+ B1/ A2\ C2\ @1/ D3/
8x8Trax_1199477 Meeshamouse vs. firefly : @0/ A2+ A3\ B1/ B0/ C2+
8x8Trax_1200010 Meeshamouse vs. Goonerg : @0/ @1+ B0\ A1\ @1+ A0\ @1\ D1/ B0\ E3/
8x8Trax_1200401 aussielady vs. Goonerg : @0+ A0\ A0\ @1/ A3+ B4\ B5\ C3/ @2\ E3\ E2+ E5+ F1\ C0\ E0+ D0+ G6\ F8\ G7+ H6\ H8+ G2+ B2+ H3/ F1+ A2\ B7/ A7+ A8/ H1+
8x8Trax_1200783 faith64 vs. Whistler Gandalf : @0/ B1\ B2\ C2+ B0+ A1+ C4+ D3+ B0+ C6\ D6\ E6+ D7+ D8\ E8\
8x8Trax_1201017 aussielady vs. firefly : @0/ A2/ @2\ A1+ @1\ A0\ @1\ D0+ A4/ A5/ @4\
8x8Trax_1201601 spitfire vs. nobodyhere : @0+ @1+ A0/ A3/ @3+ A4/ @3\ @3+ C1+ @3+ D0+ G3+ D0+ @5+
8x8Trax_1201877 Lythande vs. Whistler Gandalf : @0+ A2+ B1/ A0+ @1\ B0/ C4\ D3/ B5/ D4\ E2\ D6\ E4\ F3/ A5/ @4/ C7\ E7\ F7\ G5/ H5/ F8\ A6\ G8+
8x8Trax_1202490 ejd vs. s_strum : @0+ B1\ @1+ @1/ E1/ E0/ A1\ @1\ B0\ A3/ @2\ F2\ G1/ E4+ C4/ F0+
8x8Trax_1202705 golfnutrof vs. Rand al*Thor : @0+ @1+ C1/ C0/ D2+ D3\ E2+ E1+ E0/ F1\ A2+ F2\ @3\ B1+ C0\ B5/ B6/ A2+ H3\ H5+
8x8Trax_1202842 spitfire vs. RobinDuBois : @0+ A0+ A0+ A4\ B4+ @3+ D4/ C5\ B0+ E5+ C7\ @4+ D3+ @4+ @4/ A5/
8x8Trax_1203027 Oolong vs. Linda Sue : @0+ @1\ A2\ A0/ @2+ D2/ C1/ C0/ D2/ E2/ E1\
8x8Trax_1203028 Linda Sue vs. Oolong : @0+ @1+ B0\ C2+ B3/
8x8Trax_1203139 Marko vs. ejd : @0+ A0+ @2+ C2/ C0\ @3\ B2\ E1/ C0/ A1\ A0\ @3\ D1+ B0\ E2/ F2/ A2+ D1/ A0/ @4\ A1\ H3/ A0/
8x8Trax_1203240 spitfire vs. RobinDuBois : @0/ B1\ A2/ B2+ C2\ B3\ B4\ C4\ D3\ @2+ D1/ C0\ @3/ A4/ A5/ B6/ F2+ @4+ B2+ H3+
8x8Trax_1203297 Gone with the Wind 32819 vs. Rogue Trooper : @0/ A0+ A0+ @1/ @2\ D2/
8x8Trax_1203477 chairmech vs. Rogue Trooper : @0+ A0/ B1+ @1/ D1/ B0/
8x8Trax_1203915 Nan54 vs. Kran : @0/ B1\ A2/ @2+ C0/ D1/ B4\ C4\ D3+ A1\ @1\ C0/
8x8Trax_1204456 P_LizardBrain vs. Whistler Gandalf : @0+ A2+ B2\ A3+ @3/ A4+ A2\ @3/ C0\ A1+ @4/ B0+ A1\ @4+ G5\ G6\ G7\ D7/ E8/
8x8Trax_1204459 Honeybear vs. Dawnas AZ : @0/ A2+ B2/ A3+ A0/ B1+ C2/ @3/ E3\ D4+ E4\ C0+ E6+ F5/ F3/ F2/ F1/ C0\ G2+ D0+ G2/ H4/
8x8Trax_1204461 drgnrdr vs. buttercups : @0+ @1\ A2/ @2/ C0/ @3\ A2\ C4\ D4\ E1/ B1\ C0/ C6+ C0\ B1\ @4\ B2/ A6/ @5\ B3+ G5\ H4/ G7\ F8/ C7/ C8/ B2+ H7+ H8\ A3\ F2/
8x8Trax_1204504 drgnrdr vs. Goonerg : @0+ A0\ B1\ B0\ C3\ B4/ C2+ C4\ B5/ D3+ @3/ @5/ B6\ A2\ @3+ C1/ E6\ G5+ D7+ G6\ H6\ A1+ C7/ B6+ A4+ D0\ G8+ H3/ G2+ A7+ DRAW
8x8Trax_1205027 dragon vs. Rogue Trooper : @0+ A0/ A3+ B3/ @3+ A1\ A0\ @3/
8x8Trax_1205161 aussielady vs. Phil The Hat : @0/ A2\ B2\ B3+ B4/ @4+ B5+ B0/ B0/ A1+ @4/ C0+ D2+ E3/ E1+ D8\ E7\
8x8Trax_1205162 Meeshamouse vs. Phil The Hat : @0/ A2\ B1/ B0+ B3\ C3\ C4/ C5\ D5\ B5+ C2/ D3/
8x8Trax_1205163 blondie44 vs. Phil The Hat : @0/ A2\ B1+ B2+ B3+ C2/
8x8Trax_1205248 Jentle Dreamer vs. Rogue Trooper : @0+ A0/ A3+ B3/ A4\ @2/
8x8Trax_1205333 spitfire vs. RobinDuBois : @0+ @1\ A2/ @1\ C0+ D2/
8x8Trax_1205475 Marko vs. Sarah : @0+ B1+ B2/ B0/ C3/ C4+ @2/ C5\ A4/ @4/ A5\ B5+ C6/ F3/ D6\ D7\ F5\ G5\ C7/ C8\
8x8Trax_1205488 Marko vs. Sarah : @0+ B1+ B2/ B0/ @2/ A4+ D3/ E3/ C4\ C5\ D5/ F3+ F5/ G3+ F1/ H3+
8x8Trax_1205581 Nancy vs. Nan54 : @0+ @1+ B0\ A3/ @3+ A4/ @3+ E1/ E0/ E3+ F3/ F2/ @5/ A6/ B3+ H2+ A4+ B2\ C1\ A2+
8x8Trax_1205582 Nancy vs. Nan54 : @0+ @1/ @1\ A0\ C3\ A0/ B1/ C5\ @1\ B0+ B0\ A2\ E5/ B0/ C1/ F7/ D1\ D2\ D4\ B7/ E2\
8x8Trax_1206023 Elvis vs. Mainmang : @0/ B1\ A2/ @2+ C2\ C3\ D1/ @1\ A0\ D5/ C5/ E1/ D1+ C1\ D0\ F5\ F6\ D0\ G6/ A5+
8x8Trax_1206085 Lours vs. Jump This : @0/ @1/ A0/ @1/ B0+ @1/ C4/ D5/ E3+ A0\ @2+ C0/ D2+ A1\
8x8Trax_1206148 Kevin vs. Goonerg : @0+ @1\ C1\ B0\ B0\ C2+ B0\ A1+ D1/ C0\ D5\ E5+ A1/ A0/ D2+ E2\ F5\ F4+ G3\ F2+ E7/ @3/ C8+ B8/ H6\ DRAW
8x8Trax_1206149 Kevin vs. Goonerg : @0+ B1/ @1/ B0/ C3/ @2/ @3\ C4+ F2/ F1+ E0/
8x8Trax_1206331 Marko vs. FujiTape : @0+ @1\ A2/ @1\ B0+ D2/ B0\ C1+ @1\ B0/ F4\ E5/ E6/ E7/ F2\ F1\ G3+ G2+ F0/ G1+ H4+ A2+ A1\
8x8Trax_1206647 Rogue Trooper vs. Vacant 18645 : @0/ B1\ A2/ @2/ C2\ A3\ B3\
8x8Trax_1207257 spitfire vs. RobinDuBois : @0+ @1\ B2/ B0+ C2\ B0/ D3+ C2+ E3+ D4+ F3+ C5+
8x8Trax_1207326 heidibb vs. Hoosierenvy : @0/ B1\ B2\ C2+ C3+ A2+ @2/ A3/ A4/ @3\ D0+ F3+ D0+ G4+ G3\ H4+
8x8Trax_1207404 spitfire vs. RobinDuBois : @0/ A2/ B2\ A3/ A0/ A0\ @1\ A2+ D3+ C1+ E3/ B0+ B0\ @4/
8x8Trax_1207413 Mainmang vs. Elvis : @0+ @1\ B2/ B0/ @2+ D3\ D4\ C0/ C5/ D6\ D3/ E3/ D1/ E2/ E1/ D0/ A1\
8x8Trax_1207416 Mainmang vs. Elvis : @0/ B1\ A2/ B2+ A0\ @1\ D2/ D1/ D0/ A3/ @3+ @3\ A2\ F4\ G3/ D5/ A4/
8x8Trax_1207951 drgnrdr vs. Nanett MIA : @0+ B1/ A2+ @1+ B3+ A0/ D1/ C0+ @2/ B1+ E1+ D0+ C1+ B0/ A2+ @2\ A5+ G3/ F2/ C0/ @5+ B7+ G2+ H2/ F1+ A7+ H5+ F8+ G8\ C8/ H8/ G7/
8x8Trax_1208259 Fallen Angel vs. majestic_nova : @0/ B1\ B2\ C2+ B0\ A3+ C4/ B5\ @2/
8x8Trax_1208645 Isischylde vs. claire41 : @0/ @1\ B0\
8x8Trax_1209369 lady of amber vs. Marko : @0/ B1\ A2/ @1+ @1\ B0/ D1/ E1/ B0/
8x8Trax_1209406 Buz vs. drgnrdr : @0+ @1/ B0+ C2\ C3\ B4+ @3/ A4/ B5\ @3\ A2\ A1\ B5/ C6\ F4/ F5+ D7/ @1+ C0+ H6+
8x8Trax_1209812 Misery Midnight vs. Mististar : @0/ A2+ A3/ @3+ A4\ C3\ C2+ @3+ E1/ E0/ F1/ E4/ G2\ H2+
8x8Trax_1209862 Whistler Gandalf vs. Kran : @0+ B1/ C1\ B2/ C2+ @1\ A0\ B4/ A4/ @2\ @2+ A1\ F4\ D5/ A5/ @5/ F5+ D0+ B1\ G1/ G0/ H4/
8x8Trax_1209979 Nancy vs. Nan54 : @0+ @1/ A0\ @2/ B3/ B0/ C1/ @3\ B2+ B1+ B0/ E5\ E6\ F6+ B5/ @4/ E1\ H5/ G4\ B6\ F7/
8x8Trax_1210067 irishmiss vs. Honeybear : @0+ @1/ C1/ C0\ @2/ A1\ @1+ @1/ A2/ A3+ @3/ D0/ C1+ C5/ A2\ @2+ B1/
8x8Trax_1210077 Whistler Gandalf vs. cocopuff : @0+ B1\ C1/ C0/ A1+ @2/ A3/ E2\ E3\ B4+ A1\ @3+ A1+ E5+ D6/ G4/
8x8Trax_1210357 paganje vs. Vacant 1884 : @0/ A2\ B2\ C2\ A0\ @3\ A1+ @1+ C0\ @3\ B4+ B5/ C0\ B1\ E2/ E1/ C0\ F8\ G4+
8x8Trax_1210358 Morticia vs. Keizer Soze : @0+ A0+ A3+ B3/ @2\ C4/ D4+ E4\ C5/ C6/ A6+ @2\ C0+ G7\ B8+
8x8Trax_1210964 Misery Midnight vs. Mististar : @0/ A2+ A3/ @3+ A4\ C3\ B0\ @4+ B1/
8x8Trax_1211599 Logged Off 9554 vs. Rogue Trooper : @0/ A0+ B2/ A0/ A0/ A5/ @5/ @5+ C6+ E3\ A2+ @2\ A1\ RESIGN
8x8Trax_1211628 Zieken vs. firefly : @0/ B1/ @1\ B0/ C1+ C0+ B4/ D2/ @4+ E4\ C1+ D5\
8x8Trax_1211629 Freight Train vs. firefly : @0/ B1+ @1\ A0\ C3\ C4\ A3+ D3+
8x8Trax_1211644 Kran vs. firefly : @0/ B1\ A2/ B2+ B3+ C3\ @1\ C4+ A0/
8x8Trax_1211690 pauchie vs. firefly : @0/ A2\ @2/ C1\
8x8Trax_1211784 NightWishes vs. klaashaas : @0/ @1/ A2+ C1+ A3\ C0/ D4\ D5\ @2/ @2/ F2/ G4+ D5\ A1\ @2/ E0/
8x8Trax_1211832 Falsecut vs. firefly : @0/ A2/ B1/ @2+ B0/ A4/ @4/ D4\ E4\ C5/
8x8Trax_1212438 B Line electric streetcar vs. Allison : @0+ @1\ B0/ C1/ D2+ D0\ E2\ B4/ A0+ C5\ @2+
8x8Trax_1212479 Whistler Gandalf vs. pipeman650 : @0+ @1/ @1\ A0\ @1+ E2/ F2\ F3\ @2/ A3/ E1+ C0\ E4+ C0/ C5/ C6/ D6+ B7\ E6\ @5\ B3+ G7+ G8\ B2\ A4+ C1\
8x8Trax_1212517 snowwhite vs. firefly : @0/ A2+ B1/ B0\ @2\ A1\ @1/ C0/ B4+ A4+ A1+ B5/
8x8Trax_1212519 snowwhite vs. firefly : @0/ A2\ B1/ B0+ B3+ B0+ @4\ B5/ B1+ @2+ B5+ B0/
8x8Trax_1212526 paganje vs. Walter : @0/ @1/ A2+ C1/ A0/ C4\ D4\ A4/ C5+ @3\ D1/ @4/ B5+ A1\ C0+ @4\
8x8Trax_1212650 snowwhite vs. Phil The Hat : @0/ A2\ @1+ C2/
8x8Trax_1212760 Zieken vs. Phil The Hat : @0/ A2\ B2+ C2/ C1/ D1/ D0/ E1/ C0\ A1\ B5+ @2\
8x8Trax_1212761 Kran vs. Phil The Hat : @0/ A2\ B2\ @2\ B3+ B4/ A5\ C4+ D5/ @3+ C6/ F3/ F2/ F1/ @4+ E0+ H4+
8x8Trax_1213021 Falsecut vs. Phil The Hat : @0/ A2\ B1/ @1/ B3+ @1\ B0/ A3+ D4/ E3\ C5+ A5/ @5/ F5\ G4/ D6+
8x8Trax_1213042 FujiTape vs. pookster : @0/ B1\ A2/ A3/ A4/ B3/ @4/ @3/ E1/ E0/ E0/ B7/ A7/ @6/ A7/
8x8Trax_1213363 snowwhite vs. Goonerg : @0/ @1/ B2\ C1\
8x8Trax_1213651 Rand al*Thor vs. stormy : @0/ A0/ B1+ C1/ C0/ D1\ D0\ @4+ @4+ C5/ F3+ C2+ F4\ D0/ F6/ E1+ D7+
8x8Trax_1213712 harmonydawn vs. Phil The Hat : @0+ @1\ A2/ @1\ A2+ D1/ C0\ E2/ @3\ F3\ G3+ D4+
8x8Trax_1213770 pauchie vs. Phil The Hat : @0/ A2\ B2\ @1/ D2/ D1/ E1/ E0/ F3\ E4+ D5/ C5/ C6+ A1\ D7\ @2\
8x8Trax_1213937 Rogue Trooper vs. MOI : @0/ A2\ B1/ B0/ B3\ C2+ B0/ B5\ C5\ C6\ D4+
8x8Trax_1214289 Whistler Gandalf vs. stitcher : @0+ @1\ @1/ A2/ @2+ C2+ @1\ A0\ A3+ E1+ F2\ E3+ C1\ C0\ @1\ B0/ @2+ F2+ F1/ E6/ D7/ C7/ B7+ C8\ E7+ B4/ A6+ B8/ G1+ A7/ H1+ H3+ A4+
8x8Trax_1214547 MORRIS vs. drgnrdr : @0/ A2+ B2\ @2\ C0/ D2\ A1/ E2/ E1/ E3\ F2\
8x8Trax_1214686 ejd vs. s_strum : @0+ @1\ A2/ @2/ C0/ C3\ D2+
8x8Trax_1215102 Freight Train vs. Phil The Hat : @0/ A2\ B1/ @1/ D1\ D2\ D3+ E3\ E1\ A3/ D4/ @3\
8x8Trax_1215508 spitfire vs. RobinDuBois : @0+ @1\ B2/ C1+ B0\ A1\ @2\ A1\ @1\ B0\ B0\ A1\ @2+ F5+ A0/ G6/ @3\
8x8Trax_1216304 Logged Off 9554 vs. Rogue Trooper : @0/ A0+ B2/ A0/ B0\ C3\ @4/ B5+
8x8Trax_1216511 Nan54 vs. Nancy : @0/ A2\ B2\ C2/ B1/
8x8Trax_1216909 Honeybear vs. DINGEROO : @0/ A2\ B1/ B0\ A4/ @4/ D2\ D3\ E3\ E4\ D5+ E6\ F6/
8x8Trax_1216910 harmonydawn vs. firefly : @0+ @1\ A2\ B0+ C1+ C3\ C4+ D2/
8x8Trax_1216943 DIRKSTRA vs. STrek : @0/ B1/ B0+ A3+ C3+ A4+ @1+ C0+ D1+ C0+ E2\ A2+ @3/ D0+ E1+ D0+
8x8Trax_1217368 ejd vs. Marko : @0+ A2/ A0\ @2/ @2/ A3/ A0\ @2/ C0/ D1/ E2\ C6/ A5/ B6/ B0\ A2/ @4/ F4+ G3/ F5\ G4\ H3/ C8/ G2+ G6/
8x8Trax_1217631 buttercups vs. Morticia : @0/ A2\ B1/ B0+ @3/ A4/ @3/ C4\ E2\ B5\
8x8Trax_1217709 arthur vs. HeatherN : @0/ B1/ @1\ A0\ @1+ B3+ @2+ B0+ C5/ D4\ B6/ C6\ B7/ @3/ B6+ E6\ F5/ G4\ E7\ C8/ F7/ G3/ H3/ G2\ H1\ H5/ F2\ F1\ G7+ F8/
8x8Trax_1217947 spitfire vs. nobodyhere : @0+ @1\ B2/ @1+ @1+ A0/ @2+ E1\ @2+ A3\ A1\ D0\ B5\ C5\ A5/ A6\
8x8Trax_1219116 paganje vs. drgnrdr : @0/ B1+ C1/ C2/ D1/ A0/ C4\ B4+ B5/ A0\ @1\ A6+ C7/ @6/ @6+ G5+ H3/ D8+ F1+ B4\ C3+ B2/ G7\ F8+ B1+ A1\ A3+ A7+ G8+ H8+
8x8Trax_1219135 What did you say vs. Goonerg : @0/ @1/ A2+ @2/ C0+ B0/ A1+ @4/ A3+ A5+ B6+ C7/ D7+ E2\ D8+
8x8Trax_1219297 Marko vs. Jane : @0+ @1/ B2/ C1+ A0/ C1/ C0/ D2+ @3/ A4/ C5\ D5/
8x8Trax_1219298 Jane vs. Marko : @0/ B1\ A2/ B2+ A3/ @3+ A4/ B4+ D2+ @3/ A1/ A4/ C5\ @4/ F3+ D6/ F6/ B6+ @2/ B1+ H2+ A5+ H5+ G1/
8x8Trax_1220039 s_strum vs. ejd : @0/ B1+ @1\ A0\ B1+ B0\ A1+ @2/ D4\ B0/ D2/ E3/ D1/ D0/ E5\ F4/ F3\
8x8Trax_1220175 spitfire vs. RobinDuBois : @0+ @1\ A2/ @1\ B3/ C0+ D2\ C3+ E3/ A4/ @3/ B5+ A5+ D0/ @6+ F2/ @6+ G1/ G0+ G0\ E2/ H3\ B7+ H2/ A7+ C5\
8x8Trax_1220731 Rogue Trooper vs. 15951 : @0/ @1+ B0\ A1\ B3/ A0/ @3/ C1/ D1/ A5/ @5/ C6\ D6\ E4/ A2\ A1+ @4+
8x8Trax_1221100 cocopuff vs. Morticia : @0/ B1/ C1\ A2/ A0\ @2/ D3+ B4/ B5+ A4+ E5\ C6/ F4/ F3/ E2+ E6\ E7\ D1+ G4+ H4\ C0+ C8/ A8+
8x8Trax_1221113 STrek vs. Dania59 : @0+ B1\ A0/ B3\ C1+ D2+ @1/ B0+ B0/ C1/ F5/ E6+ C6+ E7+ B0+ A1\
8x8Trax_1221121 Honeybear vs. Stinger : @0/ A2/ A0\ @2/ B4\ C3/ B5\ C1\ C4+ D4\ C0/ D1/ E4+ F4\ E0\ F1+ G5\ A1\ G2+ B0\
8x8Trax_1221223 drgnrdr vs. cocopuff : @0+ B1/ B2\ C2+ C1+ D1/ C3/ B4+ C4\ D4\ D0+ C6/ E5\ E2\ D3+ F3/ G4+ @2\ A1\ B0+ G2+ C7+ B7/ B8+ B6\ A7/ G7\ E8+ G1\ A6+ B5+ H1+ H3+ G8+ H7\
8x8Trax_1222546 dingbat vs. supermac : @0/ B1\ A2/ @1/ C2\ C3\ B0/ A3+ @3/ A2+ E3+ C4+ F3\ F2+ D5/ E5+ B4+ B5/ B6/ @2+ B7\ A6/ @5/ F0\ A3\ A2\
8x8Trax_1222675 Misery Midnight vs. SunnyD : @0/ A2+ A3/ B1/ A4\ B4\ C2/ D2+ D1/ C5\ @1\ B0/ A3+ B6/ C7/ A6\
8x8Trax_1222678 Misery Midnight vs. bigdan409 OTWP : @0/ A2+ A3/ B1/ A4\ B4\ C2/ @3/ A5/ @4+ @4/ B5/ B6/ A5/ @5/ B6/ F0/ D1\ E0/ C4\
8x8Trax_1222679 Misery Midnight vs. supermac : @0/ A2\ B1/ B2+ B3\ C3\ @1\ C0/ E1/ F2+
8x8Trax_1222680 Misery Midnight vs. Nanett MIA : @0/ B1+ C1/ A0/ C3\ D2/ @2/ A3/ C4/ A4/ A5/ @5/ A6/ @6/ E7\ F7\ @1\ G0+
8x8Trax_1222839 goldfreckles vs. supermac : @0+ @1/ A0/ C2\ C3\ B4\ D3/ @1\ C0\ A5/ RESIGN
8x8Trax_1223114 Mististar vs. supermac : @0/ B1\ A2/ B2+ C2/ A3+ @2\ D0/ E1+ E3\ B5+ D4\
8x8Trax_1223288 Sir Pussycat vs. Hot 4 McConaughey : @0/ A2\ B1/ B0+ C1+ B0+ @3+ C0+ @4+ D0+ E5+ D0+ D7+ @6\ A5\ B4\ F8/ G7+ G5+ G4/ H6\
8x8Trax_1223391 drgnrdr vs. Vacant 1884 : @0+ @1/ @1\ A0\ B3/ @2+ E2\ E4+ @2/ A4+ C5/ G3/ H3/ H1+
8x8Trax_1223427 Dionysos vs. supermac : @0/ B1\ B2\ C2\ A0/ B0\ @3+ A0\ @2/ E1/ C0\ F3/
8x8Trax_1223466 Keizer Soze vs. B Line electric streetcar : @0/ A0/ @2+ B0/ @3+ A1\ A0\ A0\ B2+ @4+ E2\ D1+ C6/ F1/ E0\ F6+ E7\ G4/
8x8Trax_1223528 Goonerg vs. dingbat : @0/ A0/ @2+ B0/ B0/ C1/ D4\ D5\ C5+ E4+ F3\ D6\ F6\ A5/ F7/
8x8Trax_1223623 firefly vs. DiGaWiD : @0/ A2+ @1\ B0/ C1+ B4+ A3+ B5+ @2+ C6+ E1\ A1\ D0\ C8+
8x8Trax_1223999 Rogue Trooper vs. MOI : @0/ B1\ A2/ @2/ @1+ B0\ B0\ A1\ @4\ D0+ E1/ F3/ D6\ E5+ A6/ D7\ @5/
8x8Trax_1225532 Adam vs. cocopuff : @0/ B1\ B2\ A2+ @1\ B0/ B4+ A4/ @4/ C0\ B1\ E4\ D6\ @5+ C6+ C7\ F1/ E7\ D0/
8x8Trax_1225560 FujiTape vs. Vacant 1884 : @0/ A2\ B1/ C1/ C2/ D1/ B0\ C0\ E3/ D5+ @4/ C5/ E6/ D7\ E8/ G5\ F6+ A5/ C6/ H4+ A6+ A7/
8x8Trax_1225562 golfnutrof vs. Honeybear : @0+ @1/ C1/ B2+ B3+ B0\ @1+ B0\ D1/ A1+ E2/
8x8Trax_1225569 kathie vs. Rand al*Thor : @0/ A2\ B1/ B2+ A0\ @3\ C0/ D3/ B0\ A2/ @4/ C0/ C7+ B2+ A4\ @4\ C8\ A7+ E1/ @5+
8x8Trax_1225640 Morticia vs. FixitDave : @0/ A2\ B1/ B0+ B0\ @1+ @2+ @2/ A4+ C5+ F2+ D0/ G3+ F1/ H3+
8x8Trax_1225783 DINGEROO vs. supermac : @0+ @1/ @1\ A0\ C3/ D3/ E2/ D1\ A0\ A4/ B5/ @3/
8x8Trax_1225850 Geri39 vs. Sir Pussycat : @0/ A2\ B1/ B0+ B3\ C2/ C3+ @2/ D0+ C5+ D5\ D6/ C6/ B1/ D7/ @4\
8x8Trax_1225866 DINGEROO vs. drgnrdr : @0/ A2\ B1/ @2\ D1\ D2\ D3+ E1/ D0\ A4/ C5\ @4\
8x8Trax_1225872 Dionysos vs. drgnrdr : @0/ B1\ B2\ A0/ @2+ @1/ @1/ F1/ F0/ E5\ B1+ F0/ G3+ H2\ E0+ D6/
8x8Trax_1225925 Amanda vs. Peeky : @0+ B1/ A2\ @1\ A0\ B0\ B5\ A1+ @1\ B4+ E3/ C0/ F4\ F3+ D1+ G3/ E0/ B2\ B1\ H5+ A2+ A0/ H7\
8x8Trax_1226036 Misery Midnight vs. drgnrdr : @0/ A2\ B1/ @1/ C2\ D1/ B3\ C0+ C4+ D4\ E4\ D0/ E1/ F1/ F0/ G1/ G7\ H7\ F8/ E7+ C8/ H2+
8x8Trax_1226080 goldfreckles vs. drgnrdr : @0+ @1\ B2/ C1/ A0\ D2/ @2/ E3\ RESIGN
8x8Trax_1226310 dingbat vs. drgnrdr : @0/ B1\ B2\ A0/ C2+ D2/ E2/ D3+ C0+ @2\ A1\ D0\ E1+ G5\ G6\ G3/ H5+ H7/ D6/ B6+ A6+ C7+ F0\ G2/ H2+ H1/ B1+ A8+
8x8Trax_1226496 Amanda vs. Scorpius : @0+ @1+ A2\ B0/ C1+ C0/ B5/ D3/ C5\ A6\ D4+ E2\ C0\ @4/
8x8Trax_1226497 nisqually vs. Amanda : @0/ B1\ A2/ @2\ B3/ A1+ B0/ C3+ B0/ D1+ C6\ D5/ E3/ C7+ C8/ A8+
8x8Trax_1226541 Mististar vs. drgnrdr : @0+ @1/ B0+ C2\ C3\ D3\ C4\ D4+ C5/ D1/ E1/ @4/ A5+ D0\ C1\ @4\ B3+ A3+ B2/ @4\ H5+ E6+ E7/ B6/ B8+ A8/ B2\ A1/ H6\ H7\ F8\ G8+ H4+
8x8Trax_1226881 Honeybear vs. DINGEROO : @0/ A2\ B1/ B0+ B0\ C1+ C2\ C4\ D3/ E1/ D0+ F3\ E4+ F1/ F0\ E1\
8x8Trax_1226886 Sweet Pussycat vs. Sir Pussycat : @0/ A2\ B1/ B0+ B3\ @2/ D2\
8x8Trax_1227194 gramat vs. Sir Pussycat : @0/ B1+ A0\ @2/ B3/ A3+ D2\ A1\ @3\ A1+ @1/ E1/ E0/ A3/ @3\ F5\ A2+ A1\ G5\ H5\ F6+ B5/ A5/ C1/ E0/
8x8Trax_1227226 arthur vs. HeatherN : @0/ B1+ B0+ A3\ @2/ C3+ D3\ D2+ C0+ C5/ B2+ B6\ B1+ C0/ E5/ E4/ @5/ A6/ F3\ E2+ D8/ F2+ A4\ @4\ G6+ C2+ B7/ H6\ B3+ H2/ A5+ H1/
8x8Trax_1227365 Amanda vs. Beaupol : @0+ @1+ A2\ B0/ C1+ C0/ B5/ C4+ D3/ B6/ D6\ A2\ E4\
8x8Trax_1227700 dboy97 vs. Amanda : @0+ B1+ A2\ B0/ @3\ C0\ B1\ D3\ C5\ @3/ F2\ E1+ B2+ @4/ C5+ D6/ A2\ @3\ C1\
8x8Trax_1227701 Amanda vs. dboy97 : @0+ @1/ A2/ C1\ @2\ E2/ C0/ D4\ B5\ A4+ D5+ E5\ F4\ F2+ E6\ F6\ G5\ H5\ H6\ H7\ F8+ C7+ A2\ A1\ B7\ A6/ B8+ H1+
8x8Trax_1227702 dboy97 vs. Morticia : @0+ @1+ A0/ A3/ A0/ B4\ A5/ C3+ @4+ A2+ E3/ @4\ E5/ B6\ F5\ D6\ G3\
8x8Trax_1227703 Morticia vs. dboy97 : @0/ B1\ A2/ A3/ B2+ A4/ @2\ D2/ D0+ D5\ @3+ A2/
8x8Trax_1227704 dboy97 vs. Goonerg : @0+ A0/ @1+ @1\ B0/ A3\ D3+ D4\ B4\ D1/ D0+ E3/
8x8Trax_1227705 Goonerg vs. dboy97 : @0/ A2\ B2\ A0+ B2+ B4\ C4\ @2\ A3+ C5\ C1/ E2/ @3+ A4+ D6\ @4\ B1\ C0+ A2/
8x8Trax_1227706 Amanda vs. Morticia : @0/ A2+ @2+ B3\ C3\ D2+ D0+ E3/ F2+ G2/ G0+ D6\ H1+
8x8Trax_1227707 Morticia vs. Amanda : @0/ A2\ B2\ B3+ @2+ A1+ C4\ B4+ A5\ C6\ D4\ B7/ A7/ @6/ @4+ A7/ B1\ C8/
8x8Trax_1227708 Amanda vs. Goonerg : @0+ A2/ @2/ A3\ B0+ A1+ B0+ C2\ @2\ A1\ @3/ F3/ G3/ B5+ H3\ F4+ F5/ D0+ E1/ D7+ E0/ H2+
8x8Trax_1227709 Goonerg vs. Amanda : @0/ B1\ A2/ @2+ B0/ @3+ A1\ B0/ @3+ B1\ A0/ D2+ D1/ B0\ @4+ F6+ G6/ D7/ @4+ G3/ G2/ H2/ H0+
8x8Trax_1227710 Morticia vs. Goonerg : @0/ A2\ B1/ B0+ C1+ A4\ B0/ @5/ A6/ A2\ B1+ @4\
8x8Trax_1227711 Goonerg vs. Morticia : @0/ B1\ A2/ @2+ B0/ @3+ E2\ F2+ A1\ C0/ @3+ B1\ D0/ G0/ H3+ D1+ G6\ H6\ H7\
8x8Trax_1227867 Honeybear vs. MsLady : @0/ B1\ B2\ B3\ C3+ B4\ B5\ A3\
8x8Trax_1227872 Goonerg vs. MORRIS : @0/ A2/ @2+ B3/ @3\ @2/ B1+ A4/ @3\ B0/ F1\ F5/ G2/ C0+ H6\ F7+ C7+
8x8Trax_1227956 drgnrdr vs. pioenroosje : @0+ B1\ B2\ C2+ C3/ A0\ B1+ D3+ @2/ B5+ E1/ D0\ F3+ @6+ H3\ G5\ G6\ F7+ H5+ D7+ C7+ A7+ D8/
8x8Trax_1228023 prettywoman vs. Sir Pussycat : @0/ A2\ B1/ B0+ @3\ C0+ C0\ B1\ D3/ A1/ @2\ @2/ D0/ C1+ A2+ A4/ D0/ A6+ D0/ E3+ F2+ G2/ A8/ @8/
8x8Trax_1228495 karosel MIA vs. Morticia : @0+ @1+ A2\ A0\ @1\ D2+ A0/ B1/ C2+ D2/ D1/ B0\ E3\ @3+ F4+ F5\ D0\ E7+
8x8Trax_1228501 BrnIdGirl vs. Morticia : @0/ A2+ @1\ B0/ C1\ B4\ C4\ D2+ C0\ E3\ A2\ E1/ F2/ D0/
8x8Trax_1228795 Amanda vs. Morticia : @0+ @1+ A2\ A0\ B1+ C2+ A0+ @2/ A3/ B0/ D2/ E3\ A2+ @4/ A6+ @6+ A7/ C7+ A4+ @4\ D1+ F7\ G6\ E8\
8x8Trax_1228897 TaUrUsRoSe vs. Morticia : @0+ @1+ B0+ C2+ C1+ D2+ C0\ C4\ B4+ E3+ D2+ F3+ E2/ F4\ F5\ @3+ H4\
8x8Trax_1228972 Trist vs. Morticia : @0+ @1+ B2/ B0/ C1/ D1+ D3/ E1+ E2+ F1+ C4\ D0+ D0/ E2/ A3+ A2+ @2\ A4+ H3/ H1+
8x8Trax_1229134 Misery Midnight vs. FULL moon CRAZY : @0/ A2\ B1/ B2+ B3\ C2/ D2/ D1/ E1/ C0+
8x8Trax_1229302 Nan54 vs. astyr : @0/ B1\ A2/ B2+ A0\ @1\ D3+ A3\ @3/ A4/ E2/ E1/ E0/ C0+ B0\ A3/ @5\ G4+ F7\ F8+ @5/ B6+ A6/ E7\ E8+ B3+ A2\ C1+ H8\ B8+
8x8Trax_1229438 Nan54 vs. Isischylde : @0/ A2+ @1\ A0\ @1+ D3+ D4\ B3+ @2+ C4+ F2/ D1/ C0\ D6/ A1\ A0\ @3+ H4/ C7/ C8/ A7+ G5\ G6\ H6\ D1/ E1/ F1\ G2+ H3+
8x8Trax_1229635 paganje vs. Tesa : @0/ A2\ B2\ A0/ B2/ C2/ A4/ @4/ A3+ C1+ C0/ D4\ E3/ C6+ E4+ C7/ @5\ A6+ A8+ @5+ A8\ @6+ H6\ H7\ F8+ C4+ D2/ B4+ C2\ E1+ B2\ A4+ A1/ A8/
8x8Trax_1229829 Geri39 vs. drgnrdr : @0/ A2\ B2\ @2\ C1+ B0/ @1\ B0/ A4+ D5\ A1+ E4+
8x8Trax_1230306 Nan54 vs. Shariann : @0/ B1\ A2/ B0\ B3\ A4/ @4\ B0\ A1\ D2/ D1/ C0/ E2\ E4+ C0/ D1/ A4/ F3+
8x8Trax_1230453 spitfire vs. nobodyhere : @0+ @1/ @1\ B0/ B3/ @2+ B4\ A1\ A0\ @3+ A4/ F3+ B0\ @2+ B0\ A5+ @4\
8x8Trax_1230462 Nan54 vs. Marko : @0/ B1\ A2/ @1/ C2\ C3\ D1/ D0/ E3\ F1/ F0/ G3+ G0/ H1/ H4\ A3\ B2\ E1\ F0\ H7+ F8\ A6+
8x8Trax_1230905 Nan54 vs. Beaupol : @0/ B1\ A2/ @2+ A3+ @2+ D0/ E2\ C4\ D3+ C1+ D4\ D5+ D6/ F4\ F5\ B0\ A1\ B8/ A8/ C1+ G5+ H5\ H7+
8x8Trax_1231437 Isischylde vs. irishmiss : @0+ @1+ B2/ A0\ @1\ D2+ B0+ C1/ D4+ @1/ D0+ A5/ A6+ @4/
8x8Trax_1231457 Tesa vs. Adam : @0/ B1+ B0+ C2\ C3\ D3\ B4/ D1/ E1/ C5+ E4/ F1/ C0+
8x8Trax_1231467 Aphrodite vs. Chad : @0/ @1/ B2/ B3+ C1/ D2/ E2+ F3+ B0+ A4/ @4+ A2+ D0+ @5+ F2\ G2+ H6\ A2\ B1/ A3/ A6/ E0/ H2\ D7/ F0+ D2\ DRAW
8x8Trax_1231512 ellieoop vs. Marko : @0/ B1\ B2+ B3/ A2/ A3+ @2\ D2/ A1\ B0/ A1+ B5/ A5/ @3+ A5/ @5/ C6+ C7\ E6\ F5\ G5\ A7/ C0+ B2\
8x8Trax_1231547 Honeybear vs. (**)(**) Bunny Toes : @0/ RESIGN
8x8Trax_1232341 spitfire vs. nobodyhere : @0+ @1/ A2/ @2+ A3\ C0/ D1+ @3+ F1+ E0/ E5\ F3+ D6\
8x8Trax_1233029 Nan54 vs. Honeybear : @0/ B1\ A2/ @2/ D1/ B0/ B4\ C4\ B5/ D1/ D0/ B7+ C8\ D7/ @4+ F7\ F8\ @4\ H7/ G6\ G3/ C7\
8x8Trax_1233030 Nan54 vs. Honeybear : @0/ A2\ B1/ B0/ @3/ B4\ D2\ C3+ D3\ @3\ A2\ D0/ @1\ B0+ B0+ @3\ C0\ B3+
8x8Trax_1233399 ejd vs. s_strum : @0+ @1/ B0\ B0/ C1/ A4\ @3/ B5/ A1\ @2/ C0/
8x8Trax_1233444 Buz vs. Isischylde : @0+ @1+ A2+ A0/ B3\ B4+ C4/
8x8Trax_1233587 PinkyDot vs. Honeybear : @0+ B1\ A0/ A3\ C2\ C3\ D3\ D4\ E4\ E5\ C6+ C7/ @3\ @4+ C8+ @7+ G7\ F8+ B2+ H7+ A3/ A1/
8x8Trax_1233598 drgnrdr vs. Vacant 1884 : @0+ @1+ C1/ D1/ C0+ B3/ C3+ @3/ A4/ A5/ B4+ A6/ @6/ D4+ D6/ B7+ C8/ E6\ F6\ G2+ H2\ H4+
8x8Trax_1233602 drgnrdr vs. Dania59 : @0+ @1\ @1/ B2\ D2/ C3+ B0\ C5\ B5+ @2+ B5/ D6\ A5/ @2+ G2/ G1/ G0/ @3+ H6+ D4/ B5/ E8+
8x8Trax_1233659 Nanett MIA vs. Goonerg : @0/ B1\ A2/ @1/ B0/ B0/ @2+ A0+ A5/ @3/ C0+ F3+ C0+ B8+ G6+ @5\ A4+ G3/ F7\ F8+ G8+ B7+ G2+ F1/ H2\ B2+ A2+ A1\ B8+ A8+ C1+ A6+ H1+
8x8Trax_1233722 Marko vs. irishmiss : @0+ @1+ B2/ B0/ C1+ A4\ C4\ D4\ C5/
8x8Trax_1233724 Buz vs. Marko : @0+ A0/ B1/ B0+ B0+ @3/ D3\ B5/ @4/ A2\ D0+ A2/
8x8Trax_1234173 Nan54 vs. dolly : @0/ A2\ B2\ B3+ A0\ @2/ D4+ C2/ D3/
8x8Trax_1234175 irishmiss vs. Marko : @0+ @1\ A2/ @1\ C0\ D1\ B1\ B0+ A1\ B0\ C1+ E4/ C0+ E6\ D7\ F6/
8x8Trax_1234908 Goonerg vs. Vacant 1884 : @0/ A2/ B1/ B0+ C2/ @1\ C0\ B0/ B0/ @4+ A3\ A7/ @6\ F7+ F2+ D8/
8x8Trax_1235694 Trist vs. Amanda : @0+ @1+ B2/ B0/ B0/ @3+ B1\ A0/ D4/ E4/ D2/ E5\ E6\ F5/
8x8Trax_1235697 Amanda vs. Trist : @0+ @1/ B0+ B3+ C3\ @2/ C0+ B2\ C5+ D2/
8x8Trax_1236103 drgnrdr vs. Tessa : @0+ @1\ A2/ @1\ C2+ D1\ D3\ E3\ D0/ E1/ F4\ B1/ F1/ F2/ G3\ D5/ @1/ D4/
8x8Trax_1236113 STrek vs. grade1teacher : @0/ A2\ B2+ C2/ C1/ D1/ D0/ E2+ D0+ C0+ D1/ D0/ E1/ F3/ B7+ C7+ B8+ F2+ @6\ @6/ C8+
8x8Trax_1236751 Isischylde vs. Jane : @0/ @1/ B0+ C1/ @2+ E1/ B3/ C0/ D3+ A1\ B0+ @3\
8x8Trax_1237099 spitfire vs. RobinDuBois : @0+ B1\ C1/ B0\ A3/ @2\ @2+ C0+ @3+ D0+ @4+ A3/ A5/ C6\ @4+ H3+ H2/
8x8Trax_1237141 Kevin vs. Adam : @0+ B1+ B0+ C2+ B3+ D2+ E2\ E3\ E1/ F3+ D4+ D1\
8x8Trax_1237426 Rogue Trooper vs. 15951 : @0/ A2+ A3/ A4+ @2\ A4+ B0/ C2\ C5+ RESIGN
8x8Trax_1237956 Marko vs. Jane : @0+ @1/ A0\ @1\ B3+ A0\ C1/ C0/ A4+ @4/ @4+ A5/ F3+ D6\ F6\ B1/ G4\
8x8Trax_1238507 SweetCindyJo vs. Catmane : @0+ @1+ @1/ A2/ @2\ E1+ B3/ F1+ A1+ A0\ @1\ A0\ @3\ A1+
8x8Trax_1238535 keops vs. stitcher : @0/ B1\ A2/ B2+ A3\ B3\ B0/ C2\ @2\ B1+ B0\ A2\ @2\ B1\ B0\ @3+ B1/
8x8Trax_1238640 princesarg vs. Marko : @0/ A2\ B1/ @2\ B3\ A0\ D2\ @1/
8x8Trax_1238731 Isischylde vs. Tessa : @0/ A0/ @2+ @1/ C0+ D2\ D3+ C0\ E4/ B5/ @3\ @3\ F5+ D6/ F2+ E0\ H5/ F7+ F8\ G8\ B6+ D8/ B3\ A3+
8x8Trax_1239092 keops vs. maryjo : @0+ A0+ B1\ @1/
8x8Trax_1239155 spitfire vs. Tony5280 : @0+ A0\ A3/ @1+ @1/
8x8Trax_1239190 ejd vs. s_strum : @0+ @1\ A2/ @2/ B3/ A1\ @1\ C0/ C5\ D5\ A0\ @1\ B4/ A3\ @1\ F2+ G2+ H2\ G3\ H3+ G4+ A3/ B4+ D6/ D7/ B5/ A5/ F1/ E0\ A1\ G6\ G7\ B7+
8x8Trax_1239441 Marko vs. Tessa : @0+ B1\ C1/ C0/ D1+ E2/ @2/ A1/ B3+
8x8Trax_1239645 Honeybear vs. irishmiss : @0/ A2\ B1/ B0+ A4/ @3+ @3/ A4/ D3\ E2/ A5+ @5/ E6+ A3\ F5+
8x8Trax_1240056 SweetCindyJo vs. Catmane : @0/ A2+ @1\ B0+ B0\ A1\ @2\ A1\ @1/ B4+ A3/ A0/ B6/ A6/ B0/ E4+ E5+ @3+ @2/ A1+ D0/ H5+
8x8Trax_1240097 keops vs. maryjo : @0+ B1\ B2\ A0+ @3/ A2\ @2/
8x8Trax_1240121 stitcher vs. Fallen Angel : @0/ B1\ A2/ @2+ C2+ @2/ C0/ D0/ E1/ A5\ C5\ C6\ D5\ E5\ D6\ D7\ E7\ F6\ F7+ F8/
8x8Trax_1240293 Tessa vs. Marko : @0+ B1/ B0/ @1\ A0\ C1\ C0\ A4+ A0/ D4/ E4/ @4+
8x8Trax_1240524 Marko vs. Tessa : @0+ @1\ A2/ @2/ B0+ A2\ @1/ E2/ C0\ C0\ D1/ C0/
8x8Trax_1241092 Chef Jeff 1 vs. JiffyJeff : @0+ @1/ B0+ C2\ A3/ @3/ C4\ A1\ @1\ C5\ A2/ @1\ B3/ E5+ F4+ F5+ G4/ A2/ @1\ A0\ C0+ A0\ C1+
8x8Trax_1241453 Mainmang vs. Elvis : @0+ @1\ @1/ A2/ @2+
8x8Trax_1241497 Buz vs. Marko : @0+ @1/ B0+ C2\ C3\ C4+ D2/ D1/ D0+ E3+ C6+ D5+ F3/ F4+ F1/ G2+ E0+ D7\ G2+ H3\ H4\ B7/ D8\ B2\ G6+
8x8Trax_1241880 spitfire vs. nobodyhere : @0+ B1\ A2\ B2\ B3\ @1+ B0/ D3\ D4+ E4\ E5\ F5\ E3+ F6/ E6/ @2\ H4\ A1+ C0/ A1+ B4/ A0+ E8/
8x8Trax_1241982 Nan54 vs. Nina : @0/ A2\ B1/ B0+ @3/ B4\ B5\ A2\ @3/ B1\ B0\ C1+ E3\ D5/ @4\ A3\ @3+ A1\ A0\ @4/ H3+ B6\ D1/ D0+ F1/ G3/ G1+ H1/ A8+ D7+ D8/ A1\ H8\
8x8Trax_1242004 cocopuff vs. paganje : @0/ A2\ B2\ B1+ @1\ A0\ B1+ C4\ D4\ A4/ E3+ @3\
8x8Trax_1242431 Jane vs. Marko : @0/ A2\ B1/ B0+ @2/ @2/ C0/ C5+ D5\ E2\ @4+ D6\ @5\ B6/ E7\ F6+ E8/ D8/ H5+ B3\
8x8Trax_1242968 Morticia vs. DINGEROO : @0/ B1\ B2\ C1+ D1/ D0/ C0+ E3\ E4\ E5\ A1\ B0\
8x8Trax_1243111 Lyonsgirl vs. drgnrdr : @0/ B1+ @1\ B0/ A1+ D2\ D3\ C4+ E2/ E1/ C0\ A5/ @5/ B6\
8x8Trax_1243211 Trist vs. Amanda : @0+ @1+ A2\ B0/ C1/ @2+ @2/ A3/ C4\ @3+ A4\ B1\ D5/
8x8Trax_1243214 Amanda vs. Trist : @0+ B1/ C1\ C2\ A2+ A0+ @1\ E3/ B4+ C4+ A3+ @3/ A4/ F2/ E1+ @4/ D5+ G1+ F0\ C1\ B1\ A2\ @4+ A3\ D0+ E8/ G1/ H1/ B1+ F7\ G8+ H7\ A2/ A7+ H8+ A1\
8x8Trax_1243272 Scorpio-Lady vs. Fallen Angel : @0/ A2\ B1/ B0+ C1\ C0/ D1/ C4\ D4\ A1\ B0+
8x8Trax_1243545 TrueIndian vs. keops : @0+ B1/ B0/ @1\ C0+ C0\ A1+ C5/ D5+ A5/ @4+
8x8Trax_1244454 Isischylde vs. Retired 32292 : @0/ @1\ A0/
8x8Trax_1244645 rockdude vs. HeatherN : @0+ B1/ B2\ C1/ B0+ C3+ D3\ A3+ A4\ @3\ D4+
8x8Trax_1244661 rockdude vs. ejd : @0+ A0+ A0+ @2\ C1\
8x8Trax_1244702 FoobarGuyOhio vs. HeatherN : @0/ B1+ @1\ A0\ @1+ B3+ @2/ B0+ C5\ D5\ E5+ A4+ A5/ B6/ F5+ @5\ A4\ @4\ A2+
8x8Trax_1245189 Nan54 vs. astyr : @0/ B1+ A0\ @1\ B0\ B4/ B0/ C1/ B6+ A6\ @3\ E5/
8x8Trax_1246024 drgnrdr vs. TrueIndian : @0+ @1+ B2/ B0/ @2/ D2+ A4/ @3\ B1+ F2+ C5\ D5\ E5\ D0/ @4\ A1\ RESIGN
8x8Trax_1246160 stormy vs. drgnrdr : @0/ B1+ A0\ @2/ A3/ C1/ D1\ B0/
8x8Trax_1246369 Tesa vs. Misfit Lenrad6672 : @0+ B1\ C1/ C0/ C3/ @3/ A4/ D0\ B2+ C1+ A3\ @4/ @4/ D5+ B5+ E6\ F6\ G6\ H4+ D1+ C1\ B1\ D0+ A2/ A3+ B0\ A1\ G3+ C8+ G2+ E1+
8x8Trax_1246674 Vapira vs. keops : @0+ B1/ B0+ B0+ C2\ A4/ A5+ B5+ B6\ @2/ @4+ A5+ @3/ D1+ E0/ F6\ G4/ H4/ H2+ E0+ B8/ A8/ B4\ F1+ D1/ C2\ B2\ G1+ H8+ A4\ D8+ H2+ A1+
8x8Trax_1247680 SweetCindyJo vs. Catmane : @0/ A2+ B1+ C1/ B3/ C2+ @1\ B0/ @2\ D0+ A4/ @4/ @5\ H4\ F0/ H2/ H1/ G0\ F0/ C5+ D4\ E3\ D3\ D2+ D1/ H1+
8x8Trax_1248324 Tolp vs. Whistler Gandalf : @0/ B1\ A2/ @2+ C2+ D2\ B3/ A4/ @3\ F2/ F1/ F0/ C1+ G1+ E0+ G5\ D6+ H5/
8x8Trax_1248414 STrek vs. Freight Train : @0+ @1/ A0/ B3+ C2+ @2\ A1+ E2\ E3\ C4/ A3+ B5\ C6+ F3+ @3+ A4/ A5+ H3+
8x8Trax_1248415 drgnrdr vs. Marko : @0+ A2+ A3+ @2/ C1\ D2/ C3+ B0\ C1+ E3/ D5/ F3\ F2+ D0+ F6\ E7/ E0\ G5+ H4\ G8/ G3+ B2\ A1/ D8/ H7+ B8+ H2+ A8+
8x8Trax_1248416 paganje vs. Sarah : @0/ B1+ A0\ @1\ A2+ B3/ A0\ @3/ @2+ E1\ F3+ A0+ A0\ @3/ @4\ A5+
8x8Trax_1248428 Rogue Trooper vs. Adam : @0/ B1+ C1/ C0/ C3/ D3\ C4/ B0\ A1\ @3/ C0+ E2+ @4/ G5+ G6\ G7\ A1\ C0/ @2/
8x8Trax_1248442 Goonerg vs. Sartex : @0/ A0/ B2/ C2+ @2/ A0+ @3/ A4/ @2\ D5+ E1+ G5\ F6/ E0/ C7\ F2+
8x8Trax_1248502 Dania59 vs. hANDYman the Rebel : @0/ B1+ A0/ B3\ @2+ C4\ D4\ B5/ A4\ @3\ F3+ E1+ C6+ D7/ F7/ D0\ F6\
8x8Trax_1248504 heidibb vs. * Sassy_Angel * : @0/ B1\ B2\ C2+ B0+ D2+ C4+ B0/ C6\ D6\ E6+ D7/ @3\ A2\ D7+ A4+ @2\ C5/ B1+
8x8Trax_1248506 sandie vs. Elvis : @0+ @1/ B2\ C1\ B3/ C2+ D1\
8x8Trax_1249074 Rogue Trooper vs. 15951 : @0/ A2\ B1/ C1/ A0\ @1\ A3+ D3\ E3\ E2+ A0\ @1\ F1/ RESIGN
8x8Trax_1249471 Tigger vs. Morticia : @0/ B1\ B2\ C2+ C3+ D2+ A0/ A0/ A0/ @3+ A0\ @2/ E1/ D0/ F2\
8x8Trax_1249536 WizOz MIA vs. Morticia : @0/ B1\ C1/ B2/
8x8Trax_1250405 Knight Rider vs. Morticia : @0/ A2\ B2\ B3+ B4+ A4/ @4+ C5\ C1/ D1/ D5/ D4/ E3\ F1+ A1/ @3+
8x8Trax_1250408 Knight Rider vs. Peeky : @0/ B1+ C1/ C0+ D2/ B3/ C3+ A3+ @2\ A1\ C0/ E1+ D5\ D6+ F4+ B6\ F6\ G6\ A5\ @4\
8x8Trax_1250410 Knight Rider vs. Beaupol : @0/ A2\ B2\ B3+ B4+ B5+ B1+ C1/ B6+ B7+ C7/ C0+
8x8Trax_1250411 Knight Rider vs. geneoo : @0/ @1/ A2/ C1+ @2/ B3/ D0+ A4+ D0+ @5+ C6+ F3+ C7+ G3+ A3\ H3+
8x8Trax_1250610 aussielady vs. Morticia : @0/ A2\ B1/ B0+ C1/ B0+ D2/ C3+ A1+ @3/ C0\ D1+ F3/ D0/ C6\ G2+ G5\ E6+ H3\
8x8Trax_1250793 cocopuff vs. keops : @0/ B1\ B2\ C1\ A2/ A3/ A0\ @3+ B5/ D1/ A6/ E1\
8x8Trax_1250857 Hilander vs. Morticia : @0/ B1\ A2/ @2+ B0+ @3+ C0+ B5\ C0+ D6\ C7/ E5+ A3\ B2+ D3+ A6+ D2+ @5+ E1+ D0\ @5\ H5+ C3+ A4\
8x8Trax_1250877 ejd vs. Rimon : @0+ B1+ A0/ B3\ C3\ @2+ D4\ E3+ B4/ @2+ C5\
8x8Trax_1251024 Shariann vs. Rand al*Thor : @0+ @1+ A2\ B0/ C1+ D1+ E1+ E0\ E3\ E4\ C5\ E5/ F2+ G3/ D6+ D0/ D8+ F1/ B2+ A3\ H2+ C8+ A2+
8x8Trax_1251042 LilSis vs. Megababe : @0+ B1/ B2\ C1/ C0\ A1+ @2/ B0\ A2\
8x8Trax_1251061 csain1 vs. Morticia : @0/ B1\ B2\ C2+ D2/ C3/ C4/ D3+ C5+ E3+ F3/ E1+ F4\ G3+ D6/
8x8Trax_1251249 cocopuff vs. drgnrdr : @0/ A2+ @1\ B0/ C2+ A3/ @3/ B1\ C0/ C0/ C0/ B2/ E4\ @6/ B7+ B4\ G5\ G6\ G7\ D8/ A5+ G3+ H6+ H3+ C8+ B2\ A3+ E8+ H1+ H8+ B8+ B1+ A8+ A2+ A1+
8x8Trax_1251254 drgnrdr vs. CelticStorm : @0+ @1\ B0/ C2\ B0/ B4\ C4+ D4\ C5/ D2\ A5/ @4\
8x8Trax_1251978 What did you say vs. keops : @0/ A0\ @2\
8x8Trax_1252000 keops vs. What did you say : @0/ B1\ B2\ C2+ A0/ A0/ D4/ @3+ A4/ A5/ B6+ E0+ F4+ A1\ D0/ @3\
8x8Trax_1252151 ejd vs. rockdude : @0+ B1/ B2\ C2\ A0\ A0\ A0\ @3+
8x8Trax_1252520 Knight Rider vs. Scorpius : @0/ @1/ A2/ B3/ @2/ B3/ A3/ D1/ D4\ E4\ C5+ D0/ @4/ F2+
8x8Trax_1252569 Nan54 vs. dolly : @0/ B1\ B2\ B3\ C1/ A0/ @2\ A3/ @2\ E5/ @2/ G3+
8x8Trax_1252884 ejd vs. wolfie5 : @0/ A2+ A3+ B1/ A0\ @2/ D2/ B5+ C4\ A5/ @5/ C6+ D0\ C8+ F4\ F5\ G3/ C1+
8x8Trax_1252948 marygal vs. Hoosierenvy : @0+ B1\ A2/ @1\ B0/ B0+ B5/ B0+ A1\ @1/
8x8Trax_1253360 Honeybear vs. nylady41 : @0/ B1\ A2/ @1/ B0/ A3+ B4/ C4\ D3+
8x8Trax_1253394 Jane vs. Marko : @0+ B1+ C1\ C2\ D1/ C0\ A3+ @2+ E1+ F2+ G2\ F1/ D0\ @3\ F5/ G6+ B2+ F7\ C0+ B2+ D7\ B6+ A5/ B8/ A8/ E1+ DRAW
8x8Trax_1253522 Nan54 vs. Marko : @0/ B1\ A2/ @1/ C2\ B3/ C0/ D2\ A4/ A1\ B0\ @3\
8x8Trax_1253997 spitfire vs. nobodyhere : @0+ B1\ A0+ B3+ C3/ B1/ C1+ B4+ D1/ B0+ C1+
8x8Trax_1254274 keops vs. Hot 4 McConaughey : @0/ A2\ B2\ B3\ B1/ C1/ A0\ @1\ C0+ D4+ E1/ D0\ E5+ F3/ C0/ E7+ E1/ D0\ B3+ F2+ G2\ A6/ E1+
8x8Trax_1254743 the great snowqueen vs. keops : @0+ B1/ A2\ C2\ D2/ C3/
8x8Trax_1255274 Rogue Trooper vs. MOI : @0/ B1\ A2/ @2/ @1+ B0\ @2/ D4+ E4\ F4+ F5\ G5\ A1\ A0+ @2/
8x8Trax_1255733 itb4me2 vs. keops : @0/ B1\ A2/ @2+ B3\ C3\ C0/ D1/ B1+ D3\ A0\ E3+
8x8Trax_1255777 spitfire vs. nobodyhere : @0+ @1+ A0/ A3/ @3+ @3/ D3+ C0\ B1\ A1\ @4/ C5/ E5/ B5/ A5/ E6\ F6\ B6/ D7\
8x8Trax_1255780 heidibb vs. unbroken12 : @0+ @1+ B2/ B3\ B0\
8x8Trax_1255800 itb4me2 vs. keops : @0/ A2\ B2\ C2\ A0\ @2/ C2/ A4/ @4/ E2/ F4/ C5+ C6\ @5\ G2/ E0+
8x8Trax_1255820 spitfire vs. RobinDuBois : @0+ B1\ C1/ B0\ A3/ @3+ A4/ B4+ @4\ C5\ A3+ B1+ A2\ A1\ A0\ A0+ @1\ A0\ A3/ @2\ B6+ G6+ H6\ G4+ A6+ B7+ G3/ B8/ H3+
8x8Trax_1255848 heidibb vs. unbroken12 : @0+ A0+ A3+ B1+ A4+ A0\ A6+ A7+ @1\ A0\ @1\
8x8Trax_1256455 Nan54 vs. Shariann : @0/ B1\ A2/ @2+ C2\ C3\ C0\ @3+ A1\ A0\ A5/ @3\ A2\ @2\ A1\ @1\ @1\ A0\
8x8Trax_1256790 Buz vs. Isischylde : @0+ A0+ A3+ @1/ C3/ C1+ B0+ A4+ B5+ B6/ A6/ @2/ B7+ @3+ C8+
8x8Trax_1256800 ejd vs. Marko : @0+ A0+ B2\ A0+ C3/ C2/ B1/ @1\ A2/ B0+
8x8Trax_1256855 chuckles the clown vs. marygal : @0/ A2+ B1\ B2+ B3\ C1/ B0/
8x8Trax_1256876 Marko vs. Lorry : @0+ A0+ A0+ A0/ B2+ B3+ B4+ C2+ A5\
8x8Trax_1256887 STrek vs. Taylor : @0+ @1+ A2\ B0/ @2/ A4+ D3/ B5/ C5+ D4+ B6/ @4+ C1+ @4+ B5+ B7/ A6\ @5/ E0+ @6+
8x8Trax_1256926 cocopuff vs. Goonerg : @0/ B1/ B2\ C1/ @2/ C3+ B0\ A1\ @3/ A4/ B5/ @3+
8x8Trax_1257103 drgnrdr vs. Dionysos : @0+ B1+ A2\ A0\ B4/ C3+ D3\ C5\ D5\ E5\ C6+ F6\ E7/ @4+ A5/ @5/ A6/ D1/ D7/
8x8Trax_1257137 firefly vs. Adam : @0/ A2\ B1/ B0+ C1+ C0/ @3+ @2/ A1+ C0\ F1\ A1\ @3/ G4\ F5+
8x8Trax_1257259 Jane vs. Isischylde : @0/ A0+ A0/ @2\ @2/ D1+ D0/ E1+ B1\ B0+ A2/
8x8Trax_1257354 ejd vs. Marko : @0+ A0+ B1+ A3+ A0/ B4/ @4/ D3\ B5\
8x8Trax_1257528 Lazy Layabout vs. keops : @0+ @1\ B2\ C1/ C0/ A0\ @1/
8x8Trax_1257705 dragon vs. keops : @0/ B1\ B2\ C2+ A0\ @2/ E3+ D1/ E2+ C0\
8x8Trax_1257777 keops vs. Dave (UK) : @0/ B1\ B2\ C2+ D1\ D0+ D4\ E3/ F2\ F4+ F0+ G3\ G6\ H4+ A4+ A5/
8x8Trax_1257968 Isischylde vs. Red revolution : @0+ B1/ A2+ B0/ B0+ B0+ A6+ A7+ B0+
8x8Trax_1258025 Isischylde vs. Red revolution : @0+ @1/ A2+ A3+ @2\ B0\ A4+ @4+ B5\ E2+ D4+ F2+ G2/ G1/ H1/ H0/ D2/ A6/
8x8Trax_1258153 Kevin vs. Goonerg : @0+ A2/ A0\ @1\ A0\ @1\ A0\ @1\ D0+ E1/ @4+ E0+ A8/ @5/ D1+
8x8Trax_1258221 heidibb vs. dragon : @0+ B1\ A0+ A3+ @3/ A4\ B0+ B0/ C1/ C0/ D4+
8x8Trax_1258277 Tessa vs. Isischylde : @0/ A2\ B1/ B2\ C1\
8x8Trax_1258279 Tessa vs. Marko : @0/ B1\ B2\ C1+ C3\ D2/ C4\ B3+ A2+ D3\ E3\ D0/ E1/ C1+ E2\ F2\ B0/ A2+ D6+ D7\ B7\ A7\ C8/ @5/ A6+ G7\ G8\ H5+
8x8Trax_1258324 Nan54 vs. Isischylde : @0/ B1\ A2/ @2+ A3+ C2+ D2\ D3\ C0\ C5+ @4/ C0+ D7\ F6\ @5\ A4\ B2\ C7+ E8\ C8+ @4\ B3+
8x8Trax_1258617 bigdan409 OTWP vs. Misery Midnight : @0/ B1\ B2\ C2+ D2/ C0+ C4/ A4/ A5/ B0\ A1\ C6\ @2+
8x8Trax_1258624 Nanett MIA vs. Misery Midnight : @0/ A2\ B2\ B3+ @2+ B4+ @2+ B5/ A4+ A5+ @4\ @4\ A5+ A6/ @6/ @5/ A6+
8x8Trax_1258625 FULL moon CRAZY vs. Misery Midnight : @0/ B1\ B2\ A2+ A3+ @3/ D1/ D0/ E3\ E4\ D5\ E0/ F2+ G2/ F1+
8x8Trax_1258737 Arctic Warrior vs. ARCTIC PRINCESS : @0/ B1\ B2\ C1\ A0/ @1\ A0\ A4/ @4/ F2\ B5\ D5\ E5\ D1\ B0/
8x8Trax_1258739 SunnyD vs. Misery Midnight : @0+ @1/ C1/ C0+ B3\ D1/ E1/ B0\ A1\ @3/ F3\ G2/ F1+ C0\ E5+ D6/ D1+ A1/ @4/ F7\ G7\ H7\ D7+ C0\ F1/ G1/ H2+
8x8Trax_1258999 chuckles the clown vs. marygal : @0/ @1/ C1/ B0+ B3\ @1+ D3\ E3/
8x8Trax_1259024 marygal vs. TrueIndian : @0+ @1+ B2+ C1+ C2+ D1+ D2\ E2\ A2+ @1+ A2+ @1+ A2+ @1+
8x8Trax_1259226 drgnrdr vs. Misery Midnight : @0+ B1\ B2\ @2/ B3\ D2\ A3/ A4/ @2\ A1\ D3+ C4\ D5/ A0\ @4+ E7/ A0/ G3/ @3+
8x8Trax_1259533 Pepsi Fan vs. Misfit Lenrad6672 : @0+ B1\ B2/ A2+ @1\ A0\ A3/ @3/ E3\ E4\ C4+ @4/ A5/ B2\ A2\ @4/ @4+ D5+ A5\
8x8Trax_1259851 DIRKSTRA vs. keops : @0/ B1+ B0+ C2\ A3/ B4+ D4+ E3/ E2/ D1/ D0/ E1/ F3\ B6/ @6+ H3+ H4\ H5\ F6\ E7+ G7+ C7/ D8+ H7\ H8\ A3+ A8+ B1+ A1\
8x8Trax_1260090 supermac vs. Dionysos : @0/ B1/ B2\ C2\ @2/ B3\ @2/ D3+ B1+ D4+ C0+ C5/ B4+ B5/ B6/ E2/ F4/ C7/ F5\ G5\ A7/ @6\ C8\
8x8Trax_1260092 supermac vs. DINGEROO : @0/ B1\ B2\ C2/ A0\ @2/ D2/ D1/ D0/ @3\ B2+ F1/ D0\ G5\ E6/ D7/ C5+ D0+ C1\ B1\ A3\ H5+ C8/ B8/ A6+ F8+ G7\ H8+ G2+ A1/ H1/
8x8Trax_1260110 supermac vs. Misery Midnight : @0/ B1\ B2\ A0/ @2/ D1/ D0/ E4/ A1\ @2/ D0+
8x8Trax_1260124 keops vs. What did you say : @0/ A2\ B2\ B3+ A4\ @4+ C1/ D1/ D4\ B5\ C6/ D6+ E6\ E7\ D8+ B8+
8x8Trax_1260391 Knight Rider vs. Crinch : @0/ A2/ A3\ B1+ A0\ B1+ @2\
8x8Trax_1260808 marygal vs. keops : @0+ @1\ A2+ C1/ B2\ B0+
8x8Trax_1260822 Mom Lois vs. marygal : @0/ A2+ @1/ A0+ @1/ A2/ @2/ @3/ C4\ A4/ D4+ E4\ F3\ F4\ E5\ F5\ G4\ G5\ F6\ G6\ H5\ B5/
8x8Trax_1260866 TrueIndian vs. keops : @0+ @1\ A0\ C2+ @1\ A0\ C0/ D1/ @3+ B0\ A1\ @3/ B6/ A6/ @3/ F6\ F7\ H2\ H3\ G0/ H1/ B8+ A8/ B1+ H8\
8x8Trax_1260903 drgnrdr vs. DINGEROO : @0+ @1/ A0\ @2/ C1+ A1\ @2/ C3+ C0+
8x8Trax_1260944 s_strum vs. ejd : @0/ A2\ B1/ B0+ @1\ B0\
8x8Trax_1261004 paganje vs. SunnyD : @0/ B1+ A0\ @1\ A2+ A3/ @3/ A4/ @2\ E3+ F2/ @2+ B1+ B0\ A1\ E1/ @2+ G2/
8x8Trax_1261102 drgnrdr vs. Mististar : @0+ @1+ A2\ A0\ C3/ B4+ C5/ @2+ C6/ @2+ C6\
8x8Trax_1261187 irishmiss vs. Isischylde : @0+ @1+ A0/ A3/ B3+ B4+ C4\ @3/ B5\
8x8Trax_1261329 chuckles the clown vs. marygal : @0+ B1+ B0\ B3\ C3\ C1+ C4/ B4/ A3+ A4+ A5\
8x8Trax_1261333 Nan54 vs. Nancy : @0/ A2\ B1/ B0\ C1/ C0/ @3\ A2\ B5/ A4+ @4/ B5/ B6/ A6/ A7/ C8\ D7/ @6\ E8\ A4/
8x8Trax_1261354 supermac vs. Mististar : @0/ A2\ B1/ B0+ B0\ B4+ B5/ C4\ C2+ @2\ A4+ C6+ @3+ F4\ G4/ B1+ G6\ @2/ G7\
8x8Trax_1261402 Rogue Trooper vs. 15951 : @0/ @1/ B0/ B3\ C2/ A4/ @4/ A3+ A1\ RESIGN
8x8Trax_1261486 RazzleDazzleRedhead vs. drgnrdr : @0+ @1/ A0\ @2/ A3\ D2\ C3\ B0/ C1/ D4+ C5/ A2\ D1\ @3\
8x8Trax_1261914 marygal vs. Uncle Chuckie : @0+ B1\ B2\ @1/ C0+ D3\ B1\ C4+
8x8Trax_1262031 chuckles the clown vs. marygal : @0+ @1/ C1+ B0/ C3/
8x8Trax_1262465 klaashaas vs. golfnutrof : @0/ A0+ @2/ B0\ A0/ @3+ D4/ D2+ @1+ A0\ E1\ F3/ G3/ C0+ G6\ E7+ H5\
8x8Trax_1262478 B Line electric streetcar vs. DIRKSTRA : @0/ A2\ B2\ B3+ B4/ @4+ D4/ A5/ C5+ D2+ @4\ B1+ C6+
8x8Trax_1262486 * Sassy_Angel * vs. PinkyDot : @0/ A2+ @2+ B3\ C1/ D1/ B4\ E2+ C5/ A5+ A6/ @6/ B7+ D6\ D0\ D8+ C1+ B1\
8x8Trax_1262488 the nutter vs. FujiTape : @0/ B1\ A2+ B2+ A3/ A4/ C2/ C3\ D3+ D2+ E2/ F2/ @2\ B0\ A1+ B6/ @5/ H4\
8x8Trax_1262489 * Sassy_Angel * vs. sandie : @0/ A2\ B1/ B0+ @2+ C0+ D2+ C4+ @3+ D0+ @4+ E6/ G3+ F5\ H3+
8x8Trax_1262501 Barbie vs. Honeybear : @0/ A2\ B2\ B3\ @2+ D2+ C1/ C0/ D1/ E3\ D5/ D6/ @3+ C0\ B1+ G2+ G1/ D0+ H2+
8x8Trax_1262556 Adam vs. What did you say : @0/ A2+ @1\ B0/ A1+ @1\ A0\ @1\ A0\ A4/ C5/
8x8Trax_1262759 cocopuff vs. marygal : @0/ A0/ B1+ @1/ D2\ C3/ D3+ D1/ E2\ B3/ C4+
8x8Trax_1262762 marygal vs. majestic_nova : @0/ A2\ B1/ B0/ B3\ C1\ C3/
8x8Trax_1264272 marygal vs. TrueIndian : @0+ @1+ B2/ B0/ A1\ B0\
8x8Trax_1264309 s_strum vs. ejd : @0/ A2\ B2\ B3+ B1/ C1/ @1\ A0\ A0\ D4\ E3/ A4/ @4/ B5/ B6+ B7\ C7\ C8+ A3\ @3\ B5/ F7\ F8\ G5\
8x8Trax_1264338 cocopuff vs. Marko : @0/ A2\ B1/ B2+ A3/ @1/ C3+ A3/ @1/ E3\ B4+ A4+ F4\ D5+ E2/ F2/ G2/ C0+ B6+ B0/ @2+ A0+ A6/ F3+ G3/ G2/ G1/ H1/
8x8Trax_1264339 drgnrdr vs. Tigger : @0+ B1/ @1/ C0+ B0/ B0/ A3\ @4/ C5\ E3/ E4+ B1\ C0/ A3+ @3/ @3/ B2+ H3\ D1\ E0+ C1/ F8\ G8\ H8\ B7+ C8+ G1+ A2+ A8+
8x8Trax_1264374 csain1 vs. Goonerg : @0/ A2\ B1/ B0+ A0/ @1+ @3\ B4+ @4\ C5+ D6/ E5+ F4\ B6\ D7/ B1+ E8\ F7/ A7/ @6+ C8/
8x8Trax_1264791 Keizer Soze vs. Phil The Hat : @0/ A2\ B1/ @1/ C2\ D2\ D1+ A0\ @2/ F2+ F1/ C0+ G4/ D5+ G5/ H4/ G1+ D6+ C0/ G7/ F8\ C8+ A2+ H1/ DRAW
8x8Trax_1265324 Marko vs. wolfie5 : @0+ @1+ A0/ B3\ @1/ B3/ B4/ @3+ D4\ D5\ A5\ @3+ A2+ @3+ A2+ G4\ B5/ G5\ A1/
8x8Trax_1265327 wolfie5 vs. Marko : @0+ @1\ B2+ C1/ A0\ @1\ B0/ B0/ C2/ @2\ D1/ A4/ B5\ @3\
8x8Trax_1265572 Tarnz vs. keops : @0+ @1+ A2\ A0\ @1/ A3/ C1/ @1\ A3\ A0/
8x8Trax_1266184 Rogue Trooper vs. MOI : @0/ A2\ B1/ B2+ B0\ B4/ B0/ C1/ C0/ A2+ C3+ D3\ E3+ D4+ E0/ F1+ D6\ E6\ F4/ G1/ H1+ G0\ D8+ G5+
8x8Trax_1266227 shaper vs. Misery Midnight : @0+ @1/ B0+ C2\ D2/ D1/ E2/ C3/ A3/ D0\ A2\ A1/ @2/
8x8Trax_1266323 Chef Jeff 1 vs. JiffyJeff : @0+ B1\ A0+ B3/ B1/ C1/ B4\ C4+ C0+ A0\ @3\ C7/ B5/ D1/ D0+ A6+ @5\
8x8Trax_1266499 Barbie vs. Morticia : @0+ @1/ A0/ C2\ C3\ D2+ D4/ D1/ B0+ B6+ E4+ D6+ F4+ @3/ @4/ A3+ A5+ B7+ B8\ H6\ F7\ G3/ G2+ G1/ H2+ F1+ C1+ H7+ H8+ A8+
8x8Trax_1266501 geomomo vs. Goonerg : @0+ A0/ B1\ A3/ @3/ @2/ D2+ A1\ C0\
8x8Trax_1266994 chuckles the clown vs. marygal : @0+ A0/ @1/ A3/ @2/
8x8Trax_1267897 chuckles the clown vs. marygal : @0+ A0/ @1/ C1/ B0\ C4/ C5/ A4+ A6\ B6\ D3\ D1/ C0\ B1\ E2\
8x8Trax_1268361 irishmiss vs. Honeybear : @0+ @1\ A0\ A0+ C2/ @2\ B0+ @4/ A5/ @3\ A2\ A1\ E5+ C0/ E7+ D1+ E1/ F1/ E8+
8x8Trax_1268451 marygal vs. TrueIndian : @0+ @1+ B2/ B0/ A1+ @2+ C0+ D3+ D1+ E3+ E1\ E4\ C5/ F2/ E0/ F4+ D1\ D0\ F2/ G4/ F1\ H4+
8x8Trax_1268610 Tessa vs. Marko : @0+ B1/ B0/ @2\ A0\ @2/ C4/ E2/ F3/ C0+
8x8Trax_1268763 Marko vs. Tessa : @0+ B1/ C1\ C2\ B0/ D2\ E2/ D0/ E1/ A1\ A0+ @3\
8x8Trax_1268893 ejd vs. Marko : @0+ A0\ A3/ @1\ C1/ C0\
8x8Trax_1269158 Nan54 vs. Nina : @0/ A2\ B1/ A3\ C1\ C2\ D3\ D4\ @1\ B0/ F5/ E6/ D6/ B6/ B7/ A5\
8x8Trax_1269226 Guyver vs. Uncle Chuckie : @0/ B1+ B2\ B3\ C2/ D2/ D1/ D0/ D0+ E1/
8x8Trax_1270023 chuckles the clown vs. marygal : @0+ @1/ @1\ B0\
8x8Trax_1270046 chuckles the clown vs. marygal : @0+ A0/ @1/ A0\ @2\
8x8Trax_1270184 geomomo vs. Goonerg : @0/ @1/ C1/ @1/ @1/ C2+ B0/ A4/ @4/ F4\ A1\ E1+
8x8Trax_1270188 spitfire vs. nobodyhere : @0+ A0/ A3\ B3\ C2\ C3\ B4\ D3/ C4\ E3+ C5\ D2+ E2/ D0\ C1\ C0\ B1\ @4+ G3\ H4+
8x8Trax_1270238 Rogue Trooper vs. McStack : @0/ A0/ A0/ A4/ @1+ C1/ A0\ A0+ @1\ E6\ D7\
8x8Trax_1270323 paganje vs. Lyonsgirl : @0/ A2\ B1/ B2+ B3\ C3\ C4\ D3\ A4/ B5+ @2/
8x8Trax_1270442 ejd vs. Megababe : @0+ @1/ A0\ @2/ C3/ B3+ C1+
8x8Trax_1270470 marygal vs. Lythande : @0+ B1/ B2/ @2/ A1\ A3\
8x8Trax_1270823 keops vs. Sarah : @0/ B1+ B2\ B3+ C2+ B4/ @1\ B0/ E2/ E1/ E0/ C0/ B2+ D6\ F2+ F1/ A1\ B0/ F6\ G6\ F7+ A4+ @3/ E2+ G1/ D1/ B1+ G8+ H4+ H2/ A2\ B6/ DRAW
8x8Trax_1271638 crow57 vs. Jiggs : @0+ B1/ C1\ @1+ @1\ A0/ B1+ C1+
8x8Trax_1271654 drgnrdr vs. dingbat : @0+ A0/ @1/ B3/ C2\ @2\ B0+ C0\ D2+ E4\ @2\ A5\ A1/
8x8Trax_1271715 Marko vs. Tessa : @0+ @1/ A2/ B0/ @2\ A1\ A0\ D3+ D4+ E3+ B0\ D1/ C6+
8x8Trax_1272148 Nancy vs. Misery Midnight : @0+ @1\ @1/ B2\ C0/ D3\ D4\ A3/ A4/ C0/ @4+ E1\ E2\ F2\
8x8Trax_1272152 keops vs. stitcher : @0/ A2\ B2+ B1+ C1/ C2+ B3+ D2/ B0+ C4+ B5+ D2+ B0+ C6+ B7+ D2+ B0+
8x8Trax_1272389 Buz vs. Whistler Gandalf : @0+ A2+ A3+ B2/ @2/ C3+ B4+ B0/ D2/ D1/ C0\ E3\ D5/ F2/ D1/ D0+ A4\ @3/ B7+ @4/ A5/ D8\ A6\ C1+ A1+ C8/ A8+
8x8Trax_1272426 drgnrdr vs. goldfreckles : @0+ B1/ C1\ B2/ C0\ @2+ C4/ E2+ F1\ C0\ D1+ D0+ A6/ C7/ @5+ F1/ @5\ B3\ B2\ D0+ B8/ A8/ A2+ F7+ A4+ G1+
8x8Trax_1272547 B Line electric streetcar vs. Adam : @0/ B1+ B2\ B3\ C3\ A0/ A0/ C2+ B6+ @6+ E1\ F5\ F6\ C7\ B7+ F1+ G4\ A3\ @3\ B2+ C8/ A5/ G8+ DRAW
8x8Trax_1272588 * Sassy_Angel * vs. REBEL DJ : @0/ B1+ C1/ A2+ B0\ @3/ A4+ A1\ A0\ @4\
8x8Trax_1272621 dboy97 vs. drgnrdr : @0/ A2+ B1/ @2\ D1/ D0/ B4/ C4+ E1/ B0+ @3\ A4+ C6/ A2+ C0/ C8+ G4+ @4\ F7+ C8/ DRAW
8x8Trax_1272634 Rimon vs. Honeybear : @0/ B1\ A2/ B2+ B3+ C1\ C3+ B4/ @4+ E2\ A1\ D4\ @3\
8x8Trax_1272640 Sarah vs. Goonerg : @0+ B1+ @1/ A2/ D1\ D2\ B3/ B0/ B0/ B0/ A6/ @5+ @5/ C7/ E6+ D8+ C3+ G6\ G7\ F2\ G3+ H4/ G2+
8x8Trax_1272766 cocopuff vs. marygal : @0/ A2/ B2\ B3/
8x8Trax_1272832 cocopuff vs. marygal : @0/ @1+ @1\ A0/ B1+
8x8Trax_1273055 Marko vs. ejd : @0+ @1\ @1/ A2/ A0/ D2/ A0\ @2/ C1+ E0/ F1/ C1\ E0+ C6\ C7\ A3\ @4/ A5/ F7\ @5+ H5\
8x8Trax_1273734 Slypher The Sky Dragon vs. HeatherN : @0/ B1/ B2\ C2\ C1+ B0+ D2/ B4+ C1+ @3/ C5\ A2\ @2\ F4+ B4+ D0+ B6\ G4+ E1/ B2\ B1\ E0+ H4\ A6/ B8/ D8/ B1\ A1+ E8\ F1+ G2\ F8+ G8\
8x8Trax_1273958 supermac vs. dingbat : @0/ A0/ B1+ C1\ @2/ A3/ A0\ @3+ D5+ B6\ B7\ A1\ @2/ @3\ B4+ B5/ C0\ B1\ H6+ H7\ G2/ H2\
8x8Trax_1273959 supermac vs. goldfreckles : @0/ A2\ B1/ B0\ A1\ @2/ @2/ @3\ C1+ A4+ C0/ C6+ E5\ F5\ A1\ RESIGN
8x8Trax_1274447 Tesa vs. drgnrdr : @0+ B1\ B2\ A3/ @2\ @2\ B0+ D5\ E3\ E1/ F2\ B5/ C6\ C0\ @5+ A3+ D0\ @4\ C1+ H5+ F8\ H2\ G7+ C8+ A6+ H6+
8x8Trax_1274591 Rogue Trooper vs. 15951 : @0/ A0+ @2\ C2\ C3\ @2/ C3/ D4+ B4/ B5+ A3/
8x8Trax_1274949 marygal vs. chuckles the clown : @0+ A0+ A3\ @3/ B4\ @3/ D3/ C5\ D2+ D6\ E5/ A2\ @2\ @1/ D4+ D6\ G2\ F1/ E7\ D0\ C1\ A1/ H4+ H3+ E1+ B5/ C6+ C8\ B6/ G1+ F8+ G7\ A7/ H8+ A8/
8x8Trax_1275081 Dania59 vs. Marko : @0+ @1+ C1/ C0/ C0+ @3+ E2/ @3/ D4+ A4+ D5+ F4/ A5/ G2/ E0+ G1/ H2\ F0+ B7\ A8/ B8\ H7+ E8/
8x8Trax_1275091 Honeybear vs. Lillie : @0/ B1\ A2/ B2+ C1/ C0/ D2\ D3/
8x8Trax_1275125 DIRKSTRA vs. drgnrdr : @0/ A2+ A0\ @3\ B4/ B0/ C2\ A1/ @3/ B0\ A3\ @3+ F5+ G4/ G3/ G2/ D7\ E6+ F0+ H2+ E8\
8x8Trax_1275365 * Sassy_Angel * vs. REBEL DJ : @0/ A2+ A3/ @3+ A4\ C4\ B5/ @4+ D2+ E1\ F3+ A2\ A1\ B0\ B0\ A1\ @3/ A4/ @4/ F1+ C0+ H8+ B6/ G2/ H2/ A7\ B8+ B1+
8x8Trax_1275367 REBEL DJ vs. * Sassy_Angel * : @0/ B1+ A0\ @2/ B3/ A3+ B4+ D2\ B0\ A5+ @5/ A3+ A2\ @5/ C6+ @5+ D7+ C1+ B1\ C0+ D1/
8x8Trax_1275634 crow57 vs. Jiggs : @0/ @1+ A2\ B0/ C2/ D2+ C1+ D1+ C0\
8x8Trax_1275878 Nina vs. Morticia : @0+ @1+ A0/ A3/ A4/ B3+ @4+ C5\ D4/ @4+ B5+ C6/ F4\ F5\ G5\ F6\ E7\ F3+ F7\ G7\ H6+ F2/
8x8Trax_1276081 keops vs. MomofJade : @0/ B1\ B2\ C2\ B3/ A3/ A4/ A5/ @3+
8x8Trax_1276115 keops vs. MomofJade : @0/ A2\ B2\ B1+ @1\ B0/ B4/ A4/ @2\ E1/ D0+ B2\ B1\ D0/ E1/ F2+ C1\ D0/ @6+ A8+ C2\ @7+ E8+ G1+ G6/ H6\ C3+
8x8Trax_1276141 Chad vs. oliver MIA : @0/ A2\ B2\ B3+ @3\ C1+ D1+ C0\ C0\ A3+ D2/ E3/ @1+ C0/ C0/ E3+ F1+ D0\ @5\ H2/ B6/ H6/ H5/ F8\
8x8Trax_1276312 keops vs. MomofJade : @0/ B1\ B2\ C2\ B0\ A0\ @3+ D5/ D1/ E1/ B0/
8x8Trax_1276347 Geri39 vs. keops : @0/ A2/ A3\ B2/ B3+ A4/ @3\ @1\ B0/ C1/ B5/ A5/ D5\ E4+
8x8Trax_1276352 spitfire vs. RobinDuBois : @0+ @1\ B2/ B0+ C1/ C0+ D1+ D0\ E2+ @4\ G2+ H2\ H3\ E3+ D4\ B6\ E4+ G4\ D0\ C1\ B1\ H5+ F6/ A2+ C0+ E2+ F3/ F2/ H3+ G8+ H7\ H8\ H1/ A1+
8x8Trax_1276423 keops vs. MomofJade : @0/ B1\ A2/ @2/ B0/ D1/ C0+ C0/ D1/ E4\ C5\ B6/ @3\ A2\ C1\ C0\ A2+ C0/ D1/ @7/ @4\
8x8Trax_1276501 geomomo vs. Goonerg : @0/ B1/ A0\ @2/ C3\ D1\ B4+ C5/ @4/ A5/ A6/ E5\ RESIGN
8x8Trax_1276913 Howdy Doody vs. Morticia : @0+ @1+ A2\ B0/ C1+ C0/ A2+ @3+ B1/ B0/ A2\ @2+ A1\ A0\ @3/ F1/ G2\ D0/
8x8Trax_1277119 Christeeny vs. keops : @0+ B1/ B2/ B0/ C2/ A0\ D4\ @1/
8x8Trax_1277164 marygal vs. keops : @0/ B1/ A0\ @2/ A3\ A4/ @4/ B1\ A1\ C3+ A2+ C0/ @2/ A5/ @5\ A4+ E5\ D6+ E6+ E7\ F1/ G3/ E0/ F8+
8x8Trax_1277200 JungleStyx vs. keops : @0/ B1/ A2/ @2/ D2+ C3\ C4+ D4\ E2/ @1\ A3+ B0\
8x8Trax_1277262 s_strum vs. ejd : @0+ @1\ @1/ A2/ C0/ C0/ D2\ A1\ @2\ B0/
8x8Trax_1277385 Honeybear vs. muffin man : @0/ A2\ B2\ A0+ C3/ C2+ B1/
8x8Trax_1278109 keops vs. MomofJade : @0/ B1\ A2/ B0\ A4/ B0/ C1/ B5\ A6/ B0/ A2+ C1/ C5+ D2/ @5+
8x8Trax_1278396 Geri39 vs. keops : @0/ B1/ C1\ C2+ D1\ C0+ B3/ D0/ E2\ C1+ E1/ F1+ E4\ E5+ B2\ E0/ B1+ F4+
8x8Trax_1278942 Rogue Trooper vs. Dolly25 : @0/ A2+ @2\ B3/ B0/ @2\ D2+
8x8Trax_1279001 hoyboy vs. goes2snlevryweek : @0/ @1\ A0/
8x8Trax_1279132 * Sassy_Angel * vs. REBEL DJ : @0/ A0+ A0\ @3/ @2+ A0/ A5\ @3+ A4+ @4/ B6+ B2\ B7+ D6+ C7+ @6\ C8\ B7+ G5+ E8+ H5+ G7+ H7/ H4/
8x8Trax_1279134 REBEL DJ vs. * Sassy_Angel * : @0+ B1+ A0+ @2+ @2/ E2\ A3+ A4\ E3\ C5+ F2/ D1/ F5\ E6+ G3\
8x8Trax_1279180 Trist vs. Amanda : @0+ @1+ B2/ B0/ B0/ @3+ B2\ @3+ C1\ B0/ B0/ @5+ A4/ A6+ B6+ B7+ B8\ @5+ D8/ @5+ @5/ A6/
8x8Trax_1279181 Amanda vs. Trist : @0+ B1\ C1/ C0/ D1+ @2\ B3/ B4+ E3\ F3\ F1+ G3\ G1+ G4/ @2+ C1\ E0/ F5/ D0+ D0+ B3/
8x8Trax_1279252 keops vs. cocopuff : @0/ B1\ B2\ A2+ C1/ B0\ @2\ @2/ A3/ D0/ E1/ F1+ D0\ C2+ B2\ B1\ @2\ D0+ @4+
8x8Trax_1279399 the great snowqueen vs. keops : @0/ B1/ B2\ C1/ C2+ B3/ A3/ @2+ B4\ E2+ C4+ E3/
8x8Trax_1279413 JungleStyx vs. keops : @0/ B1/ B0+ B0/ @2/ @2/ C1\ C0\ A2+ B4/ C5+ E2/ D6/ E6+ F4+ F2/ G3/ C0/ D2+ F1/ G2\ E0+
8x8Trax_1279523 goldfreckles vs. * Sassy_Angel * : @0/ A2\ B1/ B0+ C1\ B3+ B4+ B0/ D2/ D3+ @3\ F3\ G3\ F5\ E1/ C0/ F7/ E7+ E8/ B6+ G6+ H4+ B8/ A6+
8x8Trax_1279628 PinkyDot vs. STrek : @0+ @1+ B2+ C1+ @1\ A0\ D3+ E2+ C4\ D1/ D0/ F3+ @2\ C0+ D0+ F1/ G3/
8x8Trax_1280056 STrek vs. TrueIndian : @0/ B1/ B0+ B0+ C2+ A4+ @3+ B5+ @3+ D0+ A3\ C2+ F3+ D0+ B2/ C8+
8x8Trax_1280236 redrose vs. keops : @0/ A2/ B2\ B3\ C3/ C2+ A3+ @2+ A3+ @2+ C4/ D0/ D6\ E6\ F6\ B1\ F3/ A1/
8x8Trax_1280351 daffyANGEL vs. keops : @0/ A2/ @1\ A0\ @2+ @1\ B0/ A3+ D2+ E3+ C5+ E5\ F5\ D6+ E1+ D0/ A5/ @4/ E0/ F1/ G1/ @4\ A3+ H5\ D1\ C1+ B1+ A2\
8x8Trax_1280469 BOOTIE MIA vs. keops : @0/ B1/ @1\ B0/ C1/ A3\ A1+ B0\ A1+ @2\
8x8Trax_1280558 Misery Midnight vs. Nancy : @0/ B1\ A2/ @2+ B0/ D1/ D0/ @2/ C5\ D5\ D6\ D1+ C1\ E0/ E7/ E6/ F6/
8x8Trax_1280560 Misery Midnight vs. Jane : @0/ A0/ B1+ B0/ B4\ C3/ A5/ @5/ C6\ D6\ E1/ D0\ @6/ C1\ E0/ F2/
8x8Trax_1280790 STrek vs. daffyANGEL : @0+ @1\ A2\ C1/ C0/ D1/ D0/ D4\ E2+ B5\
8x8Trax_1281113 Misery Midnight vs. Buz : @0/ B1+ @1\ A0\ B3/ D2+ A4/ @3\ F2\ F3\ E4\ A2+ E5/ D4+ B5/ @2+ B0/ @3+
8x8Trax_1281114 Misery Midnight vs. Jay RAA : @0/ B1\ A2/ @2\ A3\ C3+ D1/ D0/ E3\ E4\ B5/ E5\ C6/ F5+ E6\
8x8Trax_1281505 Mark Callaway 41 vs. Misery Midnight : @0/ A2\ A3/ B2/
8x8Trax_1281506 keops vs. jdirtyx : @0/ B1+ B2\ @1/ B0+ A0/ @1+ B5/ A5/ @3\ E6\ F5/ B7/ A7/ C8+
8x8Trax_1281557 keops vs. MIA 29892 : @0/ @1\ B0\
8x8Trax_1281575 MIA 29892 vs. keops : @0+ B1/ C1+ C0\ @2+ @2+ C3+ E3\ C4+ E5\ B3+ F5/
8x8Trax_1281697 Linda Sue vs. keops : @0+ B1\ B2\ @1+ C0/ D1/ C0/ C0/ B1/ B2+ C6/ D5/ B6+ A5/ A6/ @6/ B7/ F4\ @4+ G6\ H5/ E7\
8x8Trax_1281705 Linda Sue vs. dream_on : @0+ B1/ B2\ C1/ A0\ D1/ C0\ A1\ D1/ C0\ @3/ @3/ @2/ B4\
8x8Trax_1281719 What did you say vs. Chad : @0/ @1/ B0+ B0\ A4/ @1+ @2+ C5/ B6\ B7\ @7+ A8+ @6/ @6/ H4+ B8+ H2/ H8+ DRAW
8x8Trax_1281739 stones- A - rama vs. SweetCindyJo : @0/ B1\ B2\ A2+ A3/ B0\ A5/ C3+ C4+ @5/ @4\ @4+ B6\ A3\ B2+
8x8Trax_1281741 frump vs. keops : @0+ B1/ C1\ B2+ B3\ C3\ @1/ B3/ C4\ @3/ A4/ C0+ C0+ @4\ A3\ C1+ D0\ @6/ G7\ @5+
8x8Trax_1281836 Uncle Chuckie vs. drgnrdr : @0/ A2+ B1/ @2\ D1/ B0\ C4/ C5/ A4+ @2\ A1\ F1/ E0\ A1+ @2+ A1+ @2+ B0/ F2+ F1\ F0\ A3+ H3/ H2/ A2+ B6/ A6/ A7+ DRAW
8x8Trax_1281838 paganje vs. Slypher The Sky Dragon : @0/ A2\ B1/ B0+ @3/ A4/ A2+ @3+ D0/ C1+ A2+ C0\ @6\ B7\ A3\ @5/ E0\
8x8Trax_1281848 Linda Sue vs. dream_on : @0+ @1\ A2/ @1\ B3/ D1/ D0/ E1/ E0/ D0/ F3\ @3\ D6\ C7/ F1/ G0/ H1/ G5+ G8\ H7/ B1/ H5+ H2\ B7+ A6/
8x8Trax_1281949 marygal vs. chuckles the clown : @0+ A2/ A0\ @1\ @2\ B0/ C1+ B0/ D1\ C0/ D1+ E3+ E2+ F3+ D5\ A3+ E5+ @3+ H3/ D7/ A5/ A6/ G5\ F6\ G6+ H6+ G7+ G2/ F0/ G1+ C2+ H1\ C1\ H3+ A2+ H8+ A8+
8x8Trax_1282200 Dragon Jr vs. keops : @0/ A2/ B2/ B3\ C2/ @1/ D3+ C4\ D1+ E1/ E0/ @2\ C1+ D0+ D0/ E1/ B2\ A2\ @2+ C1+ E0/ C6/ H5+ H6\ A6+ G3+ C1/ A2\ B1+ G7\ H2\ G1/
8x8Trax_1282415 Scorpio-Lady vs. Fallen Angel : @0/ B1\ A2/ @2/ C2\ B3/ D1/ D0/ A4/ C4\ B5/ B1\ D0/ C0/ C7\ B8/ @5\ F4\ @6/ A7/ @5\ A4\ G1/ A3/ B3/ B8\ C8+ A8+ H7\
8x8Trax_1282766 s_strum vs. ejd : @0/ A2\ B1/ B0/ B3\ C2/ C3+ C4\ D4/ D3+
8x8Trax_1282889 Linda Sue vs. dream_on : @0+ @1\ A2/ @1\ A0\ C0/ D1/ B5\ C5\ D4\ D5\ C6\ A5/ @4+
8x8Trax_1282979 Linda Sue vs. dream_on : @0+ @1\ A0\ B0/ C1/ @2\ @3\ C0/ A1+ E1\ E4\ F3\ G3\ G4\ H4\ G5/ E5/ D5/ E6\ F6\ F7\ G7\ G8\ B6/ A6+ B7+ C8/ H8\ A8/ F1/ G1/ H1/
8x8Trax_1283140 sue990 vs. keops : @0+ B1/ B0+ @1\ D2\ A0/
8x8Trax_1283160 Vapira vs. keops : @0+ B1\ B2+ @1\ B0/ D1/ D0/ D4\ E2+ C1+ A1\ C0+
8x8Trax_1283274 Absentee 33259 vs. keops : @0+ @1+ A2\ A0\ B1/ B0\
8x8Trax_1283320 patty vs. keops : @0/ B1/ @1\ B0/ D2\ D3\ E3/ B3/ D4\ C4+ @2\ A4/ D5/ @3/
8x8Trax_1283567 keops vs. jbdobie : @0/ A0/ B1\ A3\ B2+ C2\ B3\ B4\ C3\ @1\ A0\ A5/ RESIGN
8x8Trax_1283849 cocopuff vs. keops : @0+ B1/ B2\ C2\ C3+ C1/ D2\ B0+ B5/ A5/ E3/ D2+ E2+ E1/ B0/ C6\ D7/ F3+ B0\ A1\ @4\ A7\ B6+ @5+
8x8Trax_1283872 * Sassy_Angel * vs. dingbat : @0/ A0/ @2+ @2/ D1+ B0/ A4+ A1\ @3/ B0/
8x8Trax_1283875 * Sassy_Angel * vs. keops : @0/ A2/ B2+ @2+ @1/ C3/ D0\ E1/ D0\ @2\ A1\ B0/ C1+ F2+ C7\ @4/ B5+ B6\ G1\ A6+ @5\ F0+ A7/ B8\
8x8Trax_1283890 drgnrdr vs. grade1teacher : @0+ @1\ B0/ B0/ C3\ C4\ D2/ @3\ F4\ E5/ A4\ @4\ B5+ A1+ A0\ G6+ C0+ G3+ D8+
8x8Trax_1283898 Rogue Trooper vs. Sartex : @0/ @1/ B0/ @1+ C0/ D1/ D0/ @4\ B0+ A1\ @1+ A0\ B7\ C1/ B8/ A7\ C8+
8x8Trax_1283978 spitfire vs. nobodyhere : @0+ A0/ B1\ @1\ A0\ @1+ A0/ E3+ D4+ C5/ B5\ F3+ E4\ F2/ @4/ A5/ A6/ A2+ @3\ A2+ A1/
8x8Trax_1284074 heidibb vs. GornTC : @0/ B1\ A2/ @2+ A3+ @1\ A0\ C4+ C5\ D5\ D6\ E6\ D7+ D8/ B7/ A4+ @4/ @4/ H5+ A3+
8x8Trax_1284098 GornTC vs. drgnrdr : @0+ B1/ B2\ C2\ C3+ @1\ B0\ A1+ B0/ D3/ E2\ B4+ A4/ @3\ C6+ A5/ @4/ C7/ B7/ A7/ @7+ C8+ F1+ D1+ A3\ B2+ B1\ A2\ F7+ H5/
8x8Trax_1284368 Whistler Gandalf vs. Honeybear : @0+ @1\ @1/ B2\ C0/ D3\ C4/ @2\ A1\ D0+ A4/ @5\ B6/ C0+ A3/ D8\ F3/
8x8Trax_1284731 Lorraine of the Renegades vs. klaashaas : @0/ B1/ B2\ C1/ A0\ @2/ @2/ C0\ C0+ F3\ E5\ @5\ D6/ A6/ @5\ F0\ C8+ B4+ D3+ H6\ B3\ D2\
8x8Trax_1285008 spitfire vs. The Mad Hatter : @0+ B1\ B2\ @1/ B3/ @2+ B3/ E3/ A3+ C4+
8x8Trax_1285127 Misery Midnight vs. RubyJoy : @0/ B1\ A2/ @2+ B3\ C2+ C3+ D2/ B4/ A3/
8x8Trax_1285774 Linda Sue vs. dream_on : @0+ B1/ B2\ C2\ C3\ @1\ C0/ D1/ E2/ C0+
8x8Trax_1285951 Linda Sue vs. dream_on : @0+ B1/ @1/ C0+ C3\ D2/ E2/ D0\ C0\ B1\ A1\ @2\ A1\ B0\ @2/ G2/ H3\ F6+ C0\ B1\ F1/ E0/
8x8Trax_1286030 TrueIndian vs. keops : @0+ B1/ A2+ @1+ B0+ A1+ @2/ B0/ A4/ C5\ D5\ RESIGN
8x8Trax_1286089 Nancy vs. * Sassy_Angel * : @0/ A2+ @1\ A0\ @1+ C1+ C0/ D2\ C0/ E2/ C6\ E4+ F3\ @3/ G4\ H4\ E7/ F1+ C5/
8x8Trax_1286102 Honeybear vs. Scorpius : @0/ A2\ B2\ @2\ D2/ C1+ C0/ D1/ E1+ D0\ E5\ F4/ D6/ C6/ E7\ F2+ F7/
8x8Trax_1286119 REBEL DJ vs. drgnrdr : @0/ A2+ B1+ B3/ C1/ C2+ C4+ @2/ B4+ @2\ A1\ C0/ A5/ C6/ @3/
8x8Trax_1286191 keops vs. heidibb : @0/ B1\ A2/ @2+ C2+ A0\ @2+ @2\ A1\ @1\ D0+ G3\ F2/ C4/ A5/ @4\ C6\ D6\ F6+ F7\ G5\ E8/ D8+
8x8Trax_1286506 heidibb vs. TrueIndian : @0/ A2/ @1\ A0\ A4+ @2+ B5/ @5/ A6/ @4+ B7\ C7\ C8\ D8\ E5/ F2+ F1+ @4/ F8\ G8\ H7\ G5+ H2/ B2\ A2\ B8/ H4+ A8/ H8+
8x8Trax_1287192 Rogue Trooper vs. MOI : @0/ A2+ A3/ A4/ B3/ @2\ D1/ C0\ D5\ E4\ D6/
8x8Trax_1287266 s_strum vs. ejd : @0/ A2\ B1/ B0/ B3\ C3\ C2+ B4\ C4\ D3\ C5/ A0\ @2/ B6/ A5\ C0/ D1/ E2/ A2\ F3\
8x8Trax_1287404 spitfire vs. nobodyhere : @0+ B1/ B0/ A0\ @2/ A1+ @3/ A4/ A5/ B4+ @4/ B6/ A6\
8x8Trax_1287817 Rogue Trooper vs. jbdobie : @0/ A0/ @1+ @1\ C0/ @2\ D0/ E3\ @1\ A0\ C5+ F1\ A0/
8x8Trax_1287818 Dolly25 vs. drgnrdr : @0+ B1/ B2\ C1/ C0\ @2\ A3/ B1+
8x8Trax_1288624 Linda Sue vs. dream_on : @0+ @1\ A0\ B0/ C1/ D1/ B0\ E1/ E0/ E0/ E0/ D1/ C7\ C1\ C0\ B1+ D3/ A3\ @3\ A7\ A5+ @3\ A2\
8x8Trax_1288653 Chad vs. Rogue Trooper : @0/ A0/ A3/ @1\ A0\ @2+ D2\ D3+ @1\ B0/ C6\ A5+ @2\ E1/ A1+ D0/
8x8Trax_1288712 Chef Jeff 1 vs. * Sassy_Angel * : @0+ B1\ A0+ @1/ B0+ B4/ @3+ D2+ @3/ C5\ C6+ C7/ @6+ B8\ C8\
8x8Trax_1288779 Dave (UK) vs. Goonerg : @0/ B1/ A2+ C1/ A0\ @2+ A3/ B4+ C4\ E2/ C5+ E4\ D0/ F5/
8x8Trax_1288811 Morticia vs. golfnutrof : @0/ A0+ B2/ C1\ @1+ A0\ @1+ E1/ D0+ F3/
8x8Trax_1288839 dream_on vs. Linda Sue : @0/ A2+ A3/ @3\ C3\ B4/ A5\ C1/ D2/ C0\ C5\ B1+ B0\ A2/ A3/ @4\
8x8Trax_1288846 Tessa vs. Marko : @0/ B1\ B2\ C2/ A2+ A3/ B4/ C3+ D2+ B0\ @3+ A5+ B6/ @3\ E6/ F5+ E7/ A6/ G3\
8x8Trax_1289642 spitfire vs. nobodyhere : @0+ B1/ A2\ A0\ @2/ @1+ @1/ A0/ @2/ A4\ C4/ D5\ @3/ D0/ H3/ G2\ E1+ F6\ A2\ A1\ F7\ H5+ D6/
8x8Trax_1289857 STrek vs. Geri39 : @0/ A2\ B2+ B1/ C1/ A0+ D2/ D4\ E4+ B4/ B5/ C5+ B6+ D6+ E6\ A6+ D7+
8x8Trax_1290222 Jiggs vs. crow57 : @0+ @1\ C1+ A0/ @2+ A1+ @2+ A1+ @2+ C3/ @2+ @2/ E4+ E5/ D5\ C3+ B3+
8x8Trax_1290942 DINGEROO vs. SweetCindyJo : @0/ B1\ B2\ A0/ B4/ A4/ @4+ B5\ A5+ A1\ @2\ B0/
8x8Trax_1290944 keops vs. faith64 : @0/ A2\ B1+ C1\ B2\ C2+ A3/ @3/ C0/ C5+ E3/
8x8Trax_1291001 keops vs. REBEL DJ : @0/ B1+ B2\ B3\ C1/ D1+ B0\ @1+ A3+ C5/ D5+ A0/ D1/ E1/ F3\ D0+ A7/ @7+ A5+ A8\
8x8Trax_1291024 sandie vs. heidibb : @0+ @1+ A0+ C2+ A3/ A0/ @4+ E3\ A5/ E4\ D5\ A6/ C1\ E5\ @4+ E6+
8x8Trax_1291753 sandie vs. Elvis : @0/ A2\ B2\ B1+ B0/ C2\ B4/ A4+ C4/ @4\ C5+ E3\ F3/ A3\ F2+ B5+ C6+ @3/ D7+ C6+ D8+
8x8Trax_1292908 keops vs. Hot 4 McConaughey : @0/ A2+ B2\ B3\ @1\ A0\ B5/ A5/ A3+ @3+ A4/ E4\ B6/ A5/ D1+ D0/ F3+
8x8Trax_1293051 keops vs. cocopuff : @0/ B1\ A2+ A3\ B2\ B3+ C1/ B0\ @2+ E3+ D4\ F2\ G2\ F1+ E0/ D0+ B2+ @2\ B1+ G6+ D7/ B6/ B0+ A1\ A7+ E1+ A8\
8x8Trax_1293208 Rand al*Thor vs. Jay RAA : @0/ B1\ A2/ @2/ B0/ C0/ D2\ A5+ A1\ A0/ B1/
8x8Trax_1293209 drgnrdr vs. Whistler Gandalf : @0+ A2+ A3+ @3\ C1\ C3+ A4/ @4/ B1\ A2+ E1/ D0\ E1+ E4\ F1\ C5\ D6/ C0+ B7/ B8/ A7+ @7/
8x8Trax_1293210 dingbat vs. Morticia : @0/ A2+ B1+ A3\ C1/ C2+ C0\ D4/ E2\ D1+ A1+ @1\ A0\ @1\ B4+ @3+ A5+ B6/ E1/
8x8Trax_1293211 keops vs. Uncle Chuckie : @0/ B1+ B0\ C2\ C3\ D3\ A4/ B5+
8x8Trax_1293694 Keizer Soze vs. Phil The Hat : @0+ A0\ A3+ A0/ B3/ C3/ @2\ @1\ C0+ C0\ A1+ E3/ F2\ A4+ @4/ F6\ G5+ D0/ E1+ E8+ @4+ A2+ A1/ B7\ B8\ C8+ DRAW
8x8Trax_1294732 Tessa vs. Marko : @0/ B1+ A2/ A3+ @3/ A2+ B4+ C0/ A1/ C5+ A6+ D4+
8x8Trax_1294863 ejd vs. Marko : @0+ B1+ A0/ A3/ C2\ B3\ B4\ @3+ B4/ D4/
8x8Trax_1295155 Rogue Trooper vs. MOI : @0/ @1/ A0/ @1/ C3+ C1+ B0/ A3/ D1\ E2+ D0/ E1/ A1\ B0\ @3\
8x8Trax_1295324 dream_on vs. Linda Sue : @0/ A0/ B1\ B2\ B3\ @1\ A0\ @2\ A1\ @1\ A0\ F5\ G5+ H4/ H5+
8x8Trax_1295417 Linda Sue vs. dream_on : @0+ @1\ B0\ B0/ C1/ A2\ A4\ C4\ C5\ @2\ D0\ C1+ D3+ E3\
8x8Trax_1295450 paganje vs. grade1teacher : @0+ B1\ B2\ A3/ @3/ B4+ D3\ D2+ C5\ D5\ B5+ E3+ B0+ E5+ A1/ @3/ F7/ G7\ E8\
8x8Trax_1295459 Judy vs. supermac : @0+ @1\ A2/ @2/ C0/ C0/ D2\ A1\ @3/ B0/
8x8Trax_1295472 Stinger vs. keops : @0/ B1/ C1\ B2/ A0\ @2/ A3\ A4/ @2/ C0+ C0/ E1+ F3/ D0\ B3\ D0+ F3\
8x8Trax_1295528 immitzi vs. Goonerg : @0+ @1/ B0+ B3\ A4/ @2/ D3\ A4/ @2/ F3\ F5+ F1/ G3\ G1+ H1/ C6+ D0\ A6+ H5+
8x8Trax_1295536 SweetCindyJo vs. Honeybear : @0/ B1\ A2/ @1/ B0/ D1/ D0+ E3\ D4+ F2/ F1/ D0\ B2/ D6\ E5\ G2/ A5/ F1+
8x8Trax_1296369 s_strum vs. ejd : @0/ A2\ B1/ B0+ @2/ A4/ @4/ D4\ D5\ E4\ F3\ F4\ E5\ C0/ G5\ G2/ H3\ G0/ H1/ C1\ G7/
8x8Trax_1297591 REBEL DJ vs. Chef Jeff 1 : @0/ B1\ B2+ A2/ @2+ C3\ A3+ @2+ E2+ E1+ E0\ D1\ B5/ D0+ A2\ A1\ @3+ D1+ C0/ E1+ B1\ C0+ G4+ H3\ H2+
8x8Trax_1297601 keops vs. Chef Jeff 1 : @0/ B1\ A2/ B2+ B0/ C2+ C1/ B4\ A5/ @5\
8x8Trax_1297612 Cookie of the Wolf Pack MIA vs. Chef Jeff 1 : @0/ B1+ @1\ A0+ B1+ B0/ C1/ D1+ C0\ E2+ B1+ A2\ @2\ B1\ A1+ A0\ B1+ @3+ A1\ C0/ G6\ G7\ H5/ H4+
8x8Trax_1297627 * Sassy_Angel * vs. Chef Jeff 1 : @0/ B1+ A0\ @1\ A0+ C2/ A0/ C2/ D3+ @2\ F3\ E5+ D5+ E6\ F7/ A0+ G6+ @1\ D7+ C7/ B6/ D8+
8x8Trax_1297686 Chef Jeff 1 vs. keops : @0+ B1\ B0\ B3\ B4+ A0\ @1\ D2/ D1/ A0+ C0+ E2\
8x8Trax_1297687 keops vs. Chef Jeff 1 : @0/ B1\ A2/ B2+ A3/ @2+ C4\ D3+ @3\ B4+ C5\ D5+ D6\ C6+ A5+ C7/ @5/ D8\ F7/ G3/ G5/ H4\ G2/
8x8Trax_1297757 Chef Jeff 1 vs. keops : @0+ @1\ B2+ C2/ A2/ @2/ C0+ B4+ B5/ @5+ B2+ B6\ B7+ B8+ E1/
8x8Trax_1297780 Morticia vs. DINGEROO : @0/ B1\ A2/ B2+ B3+ C3\ B0+ @3/ B5/ E4/ D2+ A1/ E2\ F2/ F1/ F0/ F5\ G5+ F6/
8x8Trax_1297798 Chef Jeff 1 vs. Abaitha : @0+ @1/ B0+ B0/ C1/ B0\ A2+ A1+ @2/ B0/ @4+ D0\ D7\ F4/ B3+ A3\ B2\ E7\ E8\ B7+ @4+ @4\ H8\ B2/ C1+
8x8Trax_1297815 * Sassy_Angel * vs. Elvis : @0/ A2\ B1+ B2+ C2\ C1+ C0/ D2\ C4/ C0\ A2+ B1+ A1\ A0\ @3+
8x8Trax_1297911 sandie vs. Chef Jeff 1 : @0+ @1+ A2\ B0/ C1+ C0+ D2+ @3/ @3+ C5+ C6\ D6\ E5\ F5\ @3+ E7+ G6\ H6\ C2/
8x8Trax_1297926 aussielady vs. SweetCindyJo : @0/ B1\ A2/ @2+ B0+ B0\ @1+ B5\ D5+ B6/ A4/ @4/ D6+ B6+ C7+ C8\ E8+
8x8Trax_1298198 sandie vs. * Sassy_Angel * : @0+ B1\ A0/ @2/ A3/ A4/ D2+ B5/ @4\ A3+ B1+ @3\ B0/ @2+ B0\ A1\ @1\ B0+ A4+ E2+ D8\ C8+
8x8Trax_1298541 Z MIA vs. Marko : @0/ B1\ A2/ A0/ B3\ B4+ C4+ C2+ D2/ B0\ B0\ @4+
8x8Trax_1298698 Tigger vs. HeatherN : @0/ A2/ B2\ A3/ C2+ C3/ B4\ D2+ A0/ @2\ @3\ B1+ A5/ @4\ D6+
8x8Trax_1298726 Marko vs. Tessa : @0+ B1\ B0/ C1/ C0+ A2+ @3/ A4\ C4\ D4/ D0/ B1\ E2+ C0/
8x8Trax_1298778 keops vs. Jay RAA : @0/ A2+ @2+ B3\ C1/ D2/ C0\ E4\ C5/ A4/ D1+ @4\ @4/ A5+ H4+ B3+ B2\ C1\ G2+ A3\ A2\
8x8Trax_1298868 Linda Sue vs. dream_on : @0+ B1/ @1/ C0+ C0/ D1+ E1/ E0+ F2\ F3\ F4\ D5\ F5\ G5\ H4\ H5\ E0/ G7+
8x8Trax_1298931 hANDYman the Rebel vs. Chef Jeff 1 : @0+ B1+ A2\ B0/ C1+ C0/ D1/ @3/ @4/ C5+ C2+ C6+ B2+ F0+ D2+ F0+
8x8Trax_1298938 hANDYman the Rebel vs. REBEL DJ : @0+ A2\ A0/ B1/ C2+ B0\ D3\ A1+ C5+ C6/ @1\ B6/ C7\ A4/
8x8Trax_1299187 Nancy vs. Honeybear : @0/ A2\ B1/ B0+ C2\ C3\ @2\ @2/ A3/ C4\ @2\ B1/ D0+ B1+ D0/ A2+ B1/ B0/ C8\ @3/ H7/ B2+ G8/ E8\ F3+ G2\ F1\ A2\ B8/ H2+ A7/ A8+
8x8Trax_1299248 Chef Jeff 1 vs. JiffyJeff : @0+ B1/ A2+ @1+ B3+ B4/ B0/ C1+ D1/ B0\ A2+ @3\ E1+ D0/ C1+ E4\ E5/
8x8Trax_1299584 keops vs. dream_on : @0/ B1\ A2/ @2/ B0/ B0/ D1/ D0/ B1+ E2+ C5\ B6/ F2\ @5+ A6/ @6/ B7/ F0+ A8+ H2/ E7\
8x8Trax_1299592 Linda Sue vs. dream_on : @0/ B1\ B2\ C2+ C3\ D2+ B0/ C1/ D2+ C0\ B1+ D2/ E1\ C0\ C0\ A2\ E6\ F5/ A3+ @3/ A5+ E8/ G4/ C7+ @5/ C7\
8x8Trax_1299788 keops vs. goldfreckles : @0/ A2\ B1/ C1/ B2+ @2\ B3+ B0+ @1\ B0/ A5/ RESIGN
8x8Trax_1299900 spitfire vs. RobinDuBois : @0+ A2+ A3/ @2\ C1/ B0/ @2/ @3\ C1+ C5+ C6/ @5+ D0/ E1/ E0/ F1+
8x8Trax_1300789 spitfire vs. (vikki) : @0+ @1+ A0/ A3/ A4/ @2\ @2\ E2/ C0\ A1\ @1\ E1+ E0/ D0/ D0+ E7\ G6/ E1/ F1\ A6\ H3/ E8+
8x8Trax_1301386 Nancy vs. Honeybear : @0/ B1\ B2\ C2\ @1\ B0/ B3/ B4/ E3+ F1/ F0/ E5/ C6\ A2+ B6/ B7/ C1+ E0+ G2\ @3\ G6+ B2+
8x8Trax_1301853 Linda Sue vs. dream_on : @0/ A2\ B2\ C2\ D2\ C3+ C1/ B0/ C1/ C0/ D1/ E3/ E2+ F2/ D0\ C1+ C0\ @3\ D8\ F7\ G7\ H5\ G8/ A7/ B8\ H4/ H7\ F2+ H1/ F1+ A8/ A2+
8x8Trax_1301882 faith64 vs. SweetCindyJo : @0+ A0/ A3\ B3/ B2+
8x8Trax_1301884 dingbat vs. Honeybear : @0/ A2\ B1/ B0/ B3\ C3\ @3\ A4/ @3\ D5+ C6+ C0+ @2+ D8/ B8+
8x8Trax_1301922 heidibb vs. Cookie of the Wolf Pack MIA : @0/ B1\ B2\ C2\ B3/ A3/ @2/ A3/ C4\ C5/ @3/ B5/ @4\ A1\ D0\
8x8Trax_1302043 Kevin vs. firefly : @0+ @1/ C1/ C0/ B0/ A2+ B4\ A5+ D2+ D1/ D5\ B6\
8x8Trax_1303733 NightWishes vs. Misery Midnight : @0/ B1\ B2\ A2+ @2/ C3\ D1/ D0/ E3/ C5\ @5/ A6/ B2+ G3/ A3\ F2+
8x8Trax_1304094 Honeybear vs. SunnyD : @0/ A2\ B2\ B3+ @2\ C4+ D2\ C1/ C0+ D1/ E3\ C6+ B0/ @2+ B0\ A1\
8x8Trax_1304095 Nanett MIA vs. Chad : @0/ A0/ B2+ @1+ @2\ @2\ B0+ E1/ F2+ E4+ F3+ E5/ G2\ C5/ C6/ @3\ A4+ C6\ E1\ E0\ E7+ G6/ G7\ F8+ H6\
8x8Trax_1304123 cocopuff vs. Whistler Gandalf : @0+ A2+ B2\ A3+ @3/ B4\ @3\ A2\ E2/ E1/ A1+ @3/ A4/ A5/ B6+ F4\ @4+ H2\
8x8Trax_1304159 keops vs. drgnrdr : @0/ A2+ @2+ B3\ C1/ D2+ D4+ C0/ E3\ E2+ A2+ @2/ G4/ F0/ G1/ H3\ H6\ H7\ E0+ C2+ A6/ A7/ A8/ B1\ A2+ C1/ DRAW
8x8Trax_1304179 Lillie vs. Megababe : @0/ @1/ A2+ C1/ D1/ B0+ @3/ A2+
8x8Trax_1304445 Marko vs. Tessa : @0+ @1+ B2+ C1\ A0/ B4\ @1/ B3+ A3/ @2\ E1+ B4+ E5/ A0\ @2/ C6+ C7\ A4\ B5/ G5\ D8/ G6+ H6\ F7+
8x8Trax_1304632 Marko vs. Tessa : @0+ B1/ A2+ C1/ B0+ A4/ C3+ A0/ @2\ B0/ D2+ A2+ B0/ A5+ A7\ E4+ E2+ F4+ @5/ A1\ @4+ B0/
8x8Trax_1304948 Didier vs. TrueIndian : @0+ @1+ A2\ A0\ B1+ C2+ B0\ @3+ @3/ A4/ C5\ @4+ @4\ A2+ C1\ @2+
8x8Trax_1305125 Tigger vs. Didier : @0/ B1\ B2\ A2+ C2+ C3\ A0/ D2\ E2\ C0+ @2/ B1+ G4/ H5\ G6+ E7+ D0/ D8\ B6/ C7+ H3+ A4+ A6+ A7/ C8/ G8\ H8\ C1+ A8/
8x8Trax_1305315 crow57 vs. Jiggs : @0/ A0\ @1/
8x8Trax_1305383 spitfire vs. RobinDuBois : @0+ A0+ A3+ A0\ @1/ A2/ C2/ A0/ C4\ D5/ @3/ C6\ B5/ C7\ C8\ A6\ @4\ A5+ F3/ G5+ @3/
8x8Trax_1305418 Jay RAA vs. firefly : @0+ @1/ C1\ B2+
8x8Trax_1305431 Jane vs. Misery Midnight : @0/ A2\ B1/ A3\ B0/ A5/ @5/ B0\ A1\ D1/ B0+ C5+ A4/ @4/ E5\ F3\ E7\ C8/ F7/
8x8Trax_1305435 Jay RAA vs. Misery Midnight : @0+ @1/ @1\ B0/ C3\ C0/ D1/ @3/ A4/ C5\ F1\ F2\ E3\ E4+ E5\ G1/ G0/ H3\ H4\ F6/ F5/ G5+ B3\
8x8Trax_1305527 What did you say vs. firefly : @0/ A2/ B2\ A3/ C2\ C3\ A4/ @2+ B0/ @3+ E5\ @3+ D6\
8x8Trax_1305529 firefly vs. Sarah : @0/ B1+ C1/ C0/ B3+ B4/ C0/ @3/ A2+ @4\ @3+ B1+ @3+ H2+ H4+
8x8Trax_1305531 Mark Callaway 41 vs. Misery Midnight : @0/ B1\ A0\ A3\
8x8Trax_1305842 Nancy vs. Misery Midnight : @0/ B1\ B2\ A2+ B3/ A3/ A4+ @3/ D2/ D3+ B5/ @3\ A2+ @2\ @2/ B1/ B3/
8x8Trax_1305936 Jiggs vs. crow57 : @0/ A2\ @1/ C2/
8x8Trax_1306105 Nancy vs. Honeybear : @0/ B1\ A2/ B2+ C2\ A3/ @3\ A2+ C4\ B5+ B6/ A6/ @4/ A6\ A2\ @2\ C0/ G4\ G5\ H5\ B8/ G6+
8x8Trax_1306266 Buz vs. Misery Midnight : @0+ @1/ B0+ C2\ C3\ A1+ B0+ A1+ B0+ D5\ B6/ D3/ E3/ @3\
8x8Trax_1306375 Barbie vs. paganje : @0+ @1\ B2+ C1/ A0\ B0+ B5+ B0\ @1+ @1/ F2+ A3/ @2+ B0\ A2+ A4+ @3+ D1+ F8+ B1+ A2+ H2/ F1/
8x8Trax_1306389 Honeybear vs. buttercups : @0/ B1\ A2/ @2+ B3\ C3\ C4\ D2/ B5/ A5/ C6\ D5+ D6+ E5/ E4+ E6+ F6\ @5\ B4+ H6+ G7+ A2+ D0+
8x8Trax_1306438 Marko vs. ejd : @0/ A2\ B2\ B3+ C2/ C1/ C0+ D2\ C4+ D3\ @4+ D5\ E5\ C0\ B2+ B1\ A2+
8x8Trax_1306710 crazy vs. Didier : @0+ B1\ A2/ @1/ C3\ D3+ B4/ A3\ D2+ E3\ D4\ D5\ A0\ @2+ @2\ B1\ A1+ B0/ G7/ @2\ F7+ G8+ D7+ A1+
8x8Trax_1306768 Marko vs. Tessa : @0+ B1\ B2+ B3/ @3+ @2/ E2/ C0\ D1+ B2\ F3/ F4/ B1\ G4\ C0+
8x8Trax_1307334 Didier vs. RobinDuBois : @0+ @1/ A0/ B3+ C3\ @2\ D2/ E2/ C4+ B4+ A1+ A0+ @2/ C6\ B4+ @3/ E1/ D0\ A5+ A6+ B7\
8x8Trax_1307415 Honeybear vs. Peeky : @0/ B1+ A0/ C2\ A3/ @3\ D4\ E4\ E5\ A2+ E3+ F5\ G5+ F6+ H3/ G2\ F7\ G6\ H6\ H7\ E2/ D1+ D0/ B1+
8x8Trax_1307612 Jiggs vs. crow57 : @0/ A2\ @2\ C2/
8x8Trax_1308132 keops vs. cocopuff : @0/ B1\ A2/ B2+ @1\ B0/ B0/ D2+ E2/ E3+ D0\ F1/ F0/ G3\ G4+ G5+ D1\ F0/ B3\ A3\ H2+ A5+ A1+
8x8Trax_1308168 Elvis vs. Mainmang : @0+ @1\ A2/ @2/ A3/ A1\ @2/ E1/ A3+ E0\ D1\ C1+ D0/ B1\ A1\ @1\ C0/ E1/ F1/ G2+
8x8Trax_1308258 ejd vs. s_strum : @0+ @1/ B0\ C2\ B3/ B4/ @2/ B4\
8x8Trax_1308296 Didier vs. cocopuff : @0+ B1\ A0/ A3+ @3/ D1/ D0/ E3\ D4+ E4+ D5/ C5+ F2+ G1/ E0+ F5\ G4/ H3\ B6+ A4+
8x8Trax_1308318 firefly vs. Kran : @0+ B1\ B0+ B3/ A3/ @2\ D3/ B1+ C0+ E4/ D5\ C6\ A5+ D6+ E6\ F4/ D7+ E8/ F8+
8x8Trax_1308320 firefly vs. pauchie : @0+ B1/ A2+ B0\ A1\ A0\ @4\ C0/ D2\ @2/ B1+ D5+ E4/ F4+ D6+ D7/ C7/ A4\ C8+
8x8Trax_1308322 firefly vs. Falsecut : @0+ @1/ B0+ C2\ C3\ C4+ D3/ E3/ C5+ B5/ B0+ C7\ D7\ D8\ F8+
8x8Trax_1308326 firefly vs. Freight Train : @0+ @1/ B0+ C2\ A3/ B4+ D4+ E4\ E5\ D6+ B5+ A5+ C7/ @5+ A6/ A7/ A2\ @4/ C1\
8x8Trax_1308338 Weth vs. Goonerg : @0/ B1\ B2\ C2+ A2/ A3/ D2/ D0+ D0\ A2+ E2/ D0\ @3\ G4\ G5\ E6/ D7\ G1/ D0/ H3\
8x8Trax_1308364 SweetCindyJo vs. Pepsi Fan : @0/ A2+ @1\ B0/ A3+ A1\ B0/ C2\ A1\ A0\ @1+ D1\ D0\ D0\ C0/ B2/ E2/ F2+ F1/ D8\ @4+ A6/ @6+
8x8Trax_1308365 STrek vs. Keizer Soze : @0/ @1/ A2+ @2/ B3+ @2/ C4+ A1\ @2/ C0/
8x8Trax_1308399 drgnrdr vs. ScoobyRex02 : @0+ @1+ B2\ C2\ D1/ C0\ D4\ E4\ C4+ D1+ B5/ A5/ C0\ D6+ D7/ E3+ F5\ E7+ F4/ G3\ F2\ F1+ D8+ G5+ G6+ H7/ C8/ B7+ A2+ H4/ G8+ A4/ A8\
8x8Trax_1308461 drgnrdr vs. Jane : @0+ B1+ B2\ C1/ C3/ C0/ C0/ D4+ E3\ @3/ B4/ G4/ F5+ F6\ C0\ B3+ H5+ A5+ A6/ A7/ C8/ H3+ H1/ E8+ B8/ DRAW
8x8Trax_1308465 MountainMist vs. Knight Rider : @0/ B1+ A0+ C2\ A3/ @2/ C4+ C1+ C0/ A4+ D2+ E3/ B1+ @4\ B5+ F2+ @4\ E6+ H2/ C6+ B6/ H1\ F0\ C2\ D8+ C8/
8x8Trax_1308503 Phil The Hat vs. Kran : @0/ B1\ B2\ C2/ C1+ C0/ C0/ D3\ A1\ E2+ B0\
8x8Trax_1308504 Phil The Hat vs. pauchie : @0/ B1\ B2\ C2+ D2/ C0\ A1\ @2/ C0+ E1/ F1/ A2\ @1/ G0/ G4\ H3+ H1/ C5+ E0+ F0/ H1/ F8/ C3+ C8/ D1/
8x8Trax_1308505 Phil The Hat vs. Falsecut : @0/ A2\ B1/ B0/ A0+ @3/ C4\ D3/ @1+ C5/ C0/ @3+ B5+ C6+ B1\ D0/ A3+
8x8Trax_1308506 Phil The Hat vs. Freight Train : @0/ A2\ B1/ B0+ A0/ @2\ @2+ @3\ A4+ B5+ @3\ @2/ A1+ H2\ H4+
8x8Trax_1308816 Tessa vs. Marko : @0/ B1\ B2\ A2+ C1/ B0\ B4/ @3\ C5/ A4/ @4/ E1/ E0/ F4+ E5\ G4/ G5/ D1+ B1\ E0/ A3\
8x8Trax_1308973 Marko vs. Tessa : @0+ @1/ A0\ @2/ B3+ B4\ D2/ E2/ D3\ C1+ E3+ D4+ C5\ D5\ D6\ E5\ F2/ E6+ B6/ E7+ A4/
8x8Trax_1309517 keops vs. MIA 8194 : @0/ B1\ A2/ @2/ B3\ C3\ B0/ D4\ C5/ C6/ B6/ E4+ D2+ E1/ D0/
8x8Trax_1309680 Tessa vs. Marko : @0+ B1+ B2/ B0/ B0/ @3\ A2\ C5\ D5\ @2\ E4/ F4/ B4+ B5/ D6/
8x8Trax_1309766 Marko vs. Tessa : @0+ @1\ C1\ @1\ C2/ A0\ @1\ E4/ B0+
8x8Trax_1309818 Tessa vs. Marko : @0/ A2+ A3/ @2+ @2+ C0/ D3\ D5\ E5\ B1\ C0/ @4/ A3+ @3+ B1\ A1+ @1/
8x8Trax_1309949 Misery Midnight vs. pauchie : @0/ B1\ A2/ @2+ B0+ C1+ @3\ E1\ C4\ D4\ F1/ E3+
8x8Trax_1309950 Misery Midnight vs. MIA 6690 : @0/ A2+ A3/ @3/ B4\ C4\ A5/ @5/ C6/ B6+ D7\ E7\ C8/ B8/ A8\ A2\ A1\ @4+
8x8Trax_1309997 Morticia vs. Stinger : @0/ B1/ B0+ B0+ C2+ B0+ C2/ A1\ @1\ A0\ @4+ C6+ C7\ E7+ @2+ G4+
8x8Trax_1310065 paganje vs. CelticStorm : @0/ B1\ A2/ B2+ C2\ C3\ D3\ C1+ C4+
8x8Trax_1310084 Jiggs vs. crow57 : @0/ A2\ @1\ C1\
8x8Trax_1310226 marygal vs. TrueIndian : @0/ A2/ B2\ B3\ C3/ C2+ A0/ @1\ A0\ @2\ B5/ C6+
8x8Trax_1310668 Tesa vs. Morticia : @0/ A2\ B2\ B3+ @2+ C4+ D3+ C5+ B5\ D5\ A4/ @3\ D6/ A4/ @4+ A2\ B1/ @4\
8x8Trax_1310701 keops vs. Bekkah : @0/ B1\ A2/ @2/ B0/ B0/ @2+ @4/ A5/ @3\ A2\ C0+ E6\ F6\ C7+
8x8Trax_1311121 Marko vs. Tessa : @0+ A2+ @1+ B3\ C2+ C1/ C0+ D2\ D3\ A3/ C5+ B5+ C6\ E5+ @2+ A1\ C0/ A6\ F8+ @5/ A7+ C8/ @7+
8x8Trax_1311313 Tessa vs. Marko : @0/ A2\ B2\ B1+ @1\ B0/ @2\ E3+ D4/ B1\ B0\ B4+ A2+ C1+ @2+ G4/ E1+ G2/ H3\ F1+ E0\ C6/ F1+ A6+ G1+ A7/ E0\ F7+ H2+
8x8Trax_1312154 Marko vs. Tessa : @0+ @1\ B2/ C1\ C0\ B4+ @3+ C5+ B4+ E3\ B5+ E1/ F1+ D0/
8x8Trax_1312943 sandie vs. Elvis : @0+ B1/ @1/ C0+ D1/ A3\ B3+ C3+ A4/ @4/ E0+ E3\ F3\ F4\ E0+ F3+ C6+ G5/ E0+ G5+
8x8Trax_1313021 paganje vs. Stinger : @0/ A2/ A3\ B3\ B2+ C2/ B4+ D1/ D0/ E2/ @4\ F3\ G3\ D5+ E4\ G4\ F5\ C6\ C1+ E0/ C1+ A7/ E8+
8x8Trax_1313050 supermac vs. hayleesam : @0/ @1/ A0/ B3\ C2/ B1+ B4\ B0\ @3\ A5\ C0\ D1\ D5\ E4+ F4\ E5\ F5+ F6\ A2+ B0/ @3/ B0/ F4\ G5/ H5+ E8+ H8\ G3/ H4+ E1\ F2+ D1+ A1+
8x8Trax_1313112 ejd vs. s_strum : @0+ B1\ B2\ A3/ @3/ A2+ D1/ C0\ E3\ E4\ E5\ D6\ A2\ F5\ @3+
8x8Trax_1313190 firefly vs. harmonydawn : @0/ B1\ A2/ B2+ C2+ B3/ A3/ @2/ A3/ A4+ @4/ A3+ @3/ A4+ C5+ D5+ A1\ @2+ C0\
8x8Trax_1313316 Geri39 vs. heidibb : @0/ A2\ B1/ B0+ B3\ C3\ C2+ C1/ A4/ D2+
8x8Trax_1313836 Misery Midnight vs. harmonydawn : @0/ A2\ B2\ B1+ C2/ C3/ B0/ C1/ D4\ E3+
8x8Trax_1314226 ChunkyStan vs. heidibb : @0+ @1\ B2\ C1/ B0/ D2\ D3\ D4/
8x8Trax_1314247 heidibb vs. Geri39 : @0+ A0/ A3\ @1\ C2+
8x8Trax_1315030 keops vs. SunnyD : @0/ B1/ A2/ B0+ @3/ C0+ A1\ @3+ E3/ B5+ F3/ B6+ F6\ G4+ F1/ F0+ G2\
8x8Trax_1315044 Whistler Gandalf vs. SarahMills : @0+ @1/ @1\ B0/ C3\ C4\ D4\ A4/ C5+ @2/
8x8Trax_1315046 ellieoop vs. STrek : @0/ A2/ A0/ @3\ A2\ C2+ @3/ B4\ A4+ D5+ B1+ E4+
8x8Trax_1315212 heidibb vs. cocopuff : @0+ B1\ A2/ @1/ C3\ D2/ B0+ E2/ E1/ D4\ E4\ F1+ F0/ G4+ F6\ F0\ E1\ D3+ @4\ B3+ A3+ C2\ H1\ D1\ D0\ H8+ A6/ C2+ F1/ E8+ B1/
8x8Trax_1315265 tigger 04 vs. heidibb : @0+ @1\ B2/ C1/ D1\ B0+
8x8Trax_1315341 bibipke vs. heidibb : @0/ A2+ @1\ B0/ C3\ D3\ E1/ C4+
8x8Trax_1315403 Mististar vs. drgnrdr : @0/ B1+ B0+ C2\ C3\ @3\ C0+ A2\ D2+ @3\
8x8Trax_1315675 Rogue Trooper vs. 15951 : @0/ A0+ @2\ C2\ C3\ @2/ C3/ C4+ A1\ @1\ D0\
8x8Trax_1315817 Misery Midnight vs. Nanett MIA : @0/ B1+ @1\ A0\ B3/ @2+ B4\ D1/ C0/ E3+ D1/ F3+ G3/ G2/ E5\ H2+
8x8Trax_1315818 Misery Midnight vs. drgnrdr : @0/ A2+ @1\ B0/ C3\ D1/ C0\ D5/ B6/ A4/ D1/ @4\
8x8Trax_1315864 dingbat vs. drgnrdr : @0/ B1+ A2+ C2\ A3\ B4/ C1+ C3+ D1+ B0/ B0/ A2+ D2+ @1\ A0\ A4\ F3/ A7/ @6/ B8\
8x8Trax_1316023 Kevin vs. Goonerg : @0+ A2/ A0\ @3/ A4/ @4/ A5/ @5/ A6/ @6/ D7+ F4/ @4+ C0+ @2+
8x8Trax_1316159 Misery Midnight vs. bigdan409 OTWP : @0/ B1\ A2/ @2+ B3\ C2+ D2\ C3\ C4\ D4\ B5/ A4\ C0/ D1/ E1/ A1\ F1/ C0\
8x8Trax_1316181 heidibb vs. ChunkyStan : @0+ B1\ B0/ C2\ @2\ C0\ B1\ C4/ @2/ C4+ C5/ B4/ B5+ A4+ A0\ B7/ @1/
8x8Trax_1316213 goldfreckles vs. drgnrdr : @0+ @1/ B0\ C2\ C3\ D3\ A4/ B5+
8x8Trax_1316253 Geri39 vs. firefly : @0/ A2+ A0\ @2/ A1+ @3\ A4/ @4/ D4\ E3+
8x8Trax_1316628 Misery Midnight vs. Wrangler is a Screaming E : @0/ B1\ A2/ @2+ B3\ C3\ D1/ C0\ C5\ @3\ A4/ @4/ C6/ B6/ E7\ F6/ B8/ G2\
8x8Trax_1316861 Kevin vs. Goonerg : @0+ A2/ @2/ C1/ B3/ C2+ A0/ B0\ @1+ B5+ C0+ E5+ F4\ E3+ G4\ G2\ F6+ F7/ D8+
8x8Trax_1316862 Goonerg vs. Kevin : @0/ A0/ B1/ C1+ @2/ B0+ @3+ A4/ F2/ E4\ @2/ C0/
8x8Trax_1316867 Walter vs. Goonerg : @0+ A0/ A3\ B1/ B0/ C1/ C5\ D4/ A0\ @3/ A1+ @3/ D7/ C7/ B5+ A6+ @6/ D0+ G3/ A4+ H4+ H2+ A1/ H7+ C1\
8x8Trax_1316868 Goonerg vs. Walter : @0/ A0/ @1+ C1\ B3/ A0/ B5/ A0/ @3/ @4\ A2/ E4+ D2+ @3+ G3\ A1\ G6\ B0/
8x8Trax_1316871 McStack vs. Goonerg : @0/ @1/ A0/ B1/ C2/ C1/ @2\ B3+ B0\ A1\ A0\ @1\ F5+ F1/ E6+
8x8Trax_1316872 Goonerg vs. McStack : @0/ A0/ B1/ C2/ C1+ C3\ D3\ A0\ @2/ C0/ D1/ E1+ C0+ D7+ E4+ F4\
8x8Trax_1316875 Goonerg vs. Vacant 1884 : @0/
8x8Trax_1316876 Vacant 1884 vs. Goonerg :
8x8Trax_1317131 Chef Jeff 1 vs. JiffyJeff : @0+ B1+ A0+ @1/ C1/ D2/ B3+ D1+ C0\ D1+ B1+ D0\ B6+ C1+ B1\ B0\ A2\ @3\ B1\ A1+ B0/ @4/ A5/ @5/ A6/ C7/ B2\ B1\ A1\
8x8Trax_1317154 Misery Midnight vs. Tolp : @0/ @1/ A2+ C2/ A3\ B0\ C5\ D4/ B6/ A6/ @3/ D1/ C0\ B2\ A2\ @2\ E1/ E0/ C2\ D1\ @4\ B6+ @4+ H4+
8x8Trax_1317230 paganje vs. Barbie : @0/ B1+ A0\ @1\ A2+ B3/ C1+ D2+ A0\ @1\ A0\ @3/ @2+ D0+ G2+ B1+ D0+ E8/ C8\ B6+ F1+ H1+ H3\ B1\ G8/
8x8Trax_1317287 crow57 vs. Jiggs : @0/ B1\ B2\ A2+ @2\ A0\ @2+ D1/ A3+ C0/
8x8Trax_1317424 Megababe vs. JiffyJeff : @0/ B1/ @1\ B0+ @2\ C3/ B1\ B0\ A1\ A0\ @4+ E6\ F5/ C0/ E2/ D1+ F4/
8x8Trax_1317929 Jane vs. Morticia : @0/ B1\ A2/ @2+ @1+ @1\ A0\ E1+ E3\ E4\ B0+ C5+ C0+ D7/ F6+ F2+ B5/ A1\ @2/ @4+ A6+
8x8Trax_1318031 Allison vs. heidibb : @0/ A2+ A0\ @1\ @1\ C4\ D2/ E3\ B3/ A0\ @4/ @3+
8x8Trax_1318098 itb4me2 vs. heidibb : @0/ B1+ C1/ C0+ B3\ D2\ B4/ E2/ E1/ C0/ A5/ @5/ C1+ G1\ F0+ C1\ E0/ B3+
8x8Trax_1318198 What did you say vs. heidibb : @0/ A2+ A0+ A4\ B4\ @1\ @1\ A0\ E3/ E2/ F2/ F1/ D0+ D0/ C1+ G5+ @3+
8x8Trax_1318520 * Sassy_Angel * vs. Yulene : @0+ @1/ A2+ B3\ C2/ A3+ B0\ @1\ C0\ B6\ D1\ C6+ D6\ C0+ E6+
8x8Trax_1319076 tallmex vs. marygal : @0/ A2\ @1\ C1\
8x8Trax_1319519 firefly vs. djf88 : @0/ B1\ A2/ @2/ @2+ A3\ C0/ C0/ @4+ E4\ F1+ D6\ E6\ E7\ F7\ G5+ B7/ C8\ A6\
8x8Trax_1319685 Walter vs. Morticia : @0+ @1+ C1\ C2\ C3+ D2+ C4+ B0/ C6\ D6\ D7\ E4+ B7/ A4+ C8/
8x8Trax_1319816 Marko vs. Tessa : @0+ @1/ @1+ B2/ B0/ B0/ D4/ D2+ E4\ D5/ A5\ @4/ A2+ E0+ @2\ B1/ G6+ D7+ G2+ G4+ H4/
8x8Trax_1320054 Dionysos vs. drgnrdr : @0/ B1+ A2\ A0/ @1+ @1\ A0\ D4+ E3/ @1\ B0\ A4/ A5+ @3/
8x8Trax_1320343 Misery Midnight vs. irishmiss : @0/ A2\ B1/ @2\ C2\ D1/ A3\ C3+ A4/ @3\ E0\ D5+ C6\ E5/ F2/ A3\ @2\ A1\ C7/ B7/ E6\ A4/ @4/ C5/
8x8Trax_1320408 s_strum vs. ejd : @0+ A0+ B1/ B0\ A1\ @2\ D1/ D0/ C4\ D4\ E3\ C1+ F3\ B5+ E4\ A4/
8x8Trax_1320572 DINGEROO vs. drgnrdr : @0+ B1/ C1\ B2/ B0+ @2\ B0\ @2/ C0/ D1/ D0/ E3\ F5\ A6/ C7\ @6\
8x8Trax_1321082 dingbat vs. supermac : @0/ A2\ B1/ C1+ B0+ A4\ @2/ B0/ D4+ E3/ D2/ D0/ E1/ A1\ C6\ @2\
8x8Trax_1321258 Mististar vs. supermac : @0/ B1+ B0+ B3+ C3\ @3\ C4+ C5\ D2/ E2/ E4+ B1+ F3\ C0\ B5/ E1/ A5/ D0\
8x8Trax_1321393 Misery Midnight vs. supermac : @0/ B1+ @1\ A0\ B3/ C1/ A4/ B0+
8x8Trax_1321671 TrueIndian vs. Didier : @0+ B1+ A0/ B3\ C2/ @2\ D0/ E2\ A1\ B0+ @3\
8x8Trax_1321693 Rogue Trooper vs. MOI : @0/ A0/ B2+ B3+ C1\ B0\ C0+ D3\ B0/ @3+ F3+ @4+ A6/ A7+ @5/
8x8Trax_1321759 Dionysos vs. supermac : @0/ B1+ A2+ C1\ B3\ @2/ D3+ B0/ B4/ C5\ B5+ A1\ @1\ B0/
8x8Trax_1322053 Honeybear vs. kathie : @0/ A2\ B2\ B3+ @2\ A0\ @2/ A5/ @5/ C6/ F4/ F2\ D0+ F6/ E2+
8x8Trax_1322586 goldfreckles vs. supermac : @0+ B1\ B0\ @2/ C3\ C4+ D4\ C5\ B5+ C0+ D2+ E3/ @3\ A2\ A1\ E6+ C0+ C0\ E2+ @3\
8x8Trax_1322755 Roughdawg MIA vs. heidibb : @0/ B1+ @1\ A0\ @1+ E2\ C3/ A0+ B5\ A0+ @4\ E3/ E2/ A1\ @2\ E7+ E8/ D8/
8x8Trax_1322767 Geri39 vs. heidibb : @0/ A2+ A0\ @1\ A2+ B4\ A3+ C3+
8x8Trax_1322803 zyrak vs. heidibb : @0/ A2\ @2\ C1\
8x8Trax_1322821 keops vs. heidibb : @0/ A2+ B1\ A3\ B3\ B4\ C2/ @4/ B5\ C0\ A2+ @4+ @4\ B2+ @3+ F0\ G1/ F0\ H3+
8x8Trax_1322841 triadskater vs. heidibb : @0/ B1+ A0\ @1\ B3/ B0/ C2+ D2\ E3\ E4\ D5\ D6\ E5\ A4/ E6\ @3\
8x8Trax_1322873 DIRKSTRA vs. heidibb : @0/ A2+ B1+ A3\ C3\ B4/ B5/ D3\ E2+ E1/ F1/ D0\ C1+ D0\ B8\ C7/ G2\ A8+ @4/ D8+ E8\
8x8Trax_1324070 Didier vs. RobinDuBois : @0+ A0+ A3+ @2/ C3\ B4/ B5/ C2+ D3\ E3+
8x8Trax_1324128 marygal vs. stones- A - rama : @0+ B1+ B2/ B0\
8x8Trax_1324191 FujiTape vs. dingbat : @0/ A0/ B2/ B1+ A0/ C2/ D2/ D3/ @2+ D0+ F2\ A1\ @2/ C0/
8x8Trax_1324192 Nancy vs. STrek : @0/ B1/ A0+ @1\ C0/ D2+ E2/ E1/ D0\ D0+ C2+ F3/ C1+ B2+ A2\ @2+ B1/
8x8Trax_1324224 Honeybear vs. keops : @0/ A2/ A3\ B3\ A0\ @2/ C5\ C1\ D3+ D4\ D5+ E3+ B6/ A4\ D6\ B7+ B8\ D8+
8x8Trax_1324288 Megababe vs. Lythande : @0/ B1\ A2/ @2+ D1\ E1/ E0/ A1/ A4\ C1+ D0/
8x8Trax_1324426 no-one-here vs. marygal : @0+ @1/ @1\ A0\ B1+ A0/ @1\ B0/ A3+ C1\ D2/ E3\ D5\ F4\ @3\ G2/ G1/ H4/
8x8Trax_1324490 brodie_bruce vs. marygal : @0+ B1\ B0/ C2\ A3/ @2/ @2\ B1/ D0/ B4+ B5/ C1+ C5\ C6\ D0\ E2+ F3/ D6+ C1+ B1\ A2\ A1\ G3\ G4\ E1+ B7/ C8\ G5\ A7/ @5\
8x8Trax_1324566 Phil The Hat vs. harmonydawn : @0/ A2\ B1/ B2+ B0\ C3\ D3\ C1+ C4+
8x8Trax_1324568 Phil The Hat vs. djf88 : @0/ B1\ B2\ A2+ C2/ A3\ B3\ C4/ @2+ E3/ @2+ A3\ A1\ B0\ B0\ @3\ B1/
8x8Trax_1324944 Morticia vs. Stinger : @0/ B1/ C1\ B2/ A2+ C2\ C3\ A3+ @2+ E1/ C0/ A1\ C0/ @3+ C6\ F1+ G1\ G6\ H3+ E7\
8x8Trax_1325191 drgnrdr vs. BrnIdGirl : @0+ @1/ A0\ @1\ C1+ D1\ D0/ E2\ F2\ E1+ D0/ C2+ B1+ B5\ E5\ D6\ D7+ D8/ B8+
8x8Trax_1325331 supermac vs. BrnIdGirl : @0/ B1\ A2/ @2+ @2\ B0/ D1/ E2\ @2+ E0/ E4+ F1\ G2/ F0/ E1+ E6\ G6\ H3\ H4\
8x8Trax_1325447 Misery Midnight vs. Falsecut : @0/ B1/ @1\ B0/ C3\ D2/ B4/ A4/ @3/ D1+ B5/ A5/ A1\ B0+
8x8Trax_1325490 DINGEROO vs. supermac : @0/ @1/ B0\ B3\ C2/ A1\ @1\ B4/ A3\ @2/ F1/ C0+ E0+ F2/ E5\ F5\ G3/ A6/ @6/ D7+
8x8Trax_1325593 keops vs. heidibb : @0/ A2+ B1\ A3+ B2+ A4/ @2+ A3+ @2+ E2/ E0+ E0/ F2/ D5\ F5\ G5+ F6/
8x8Trax_1325641 keops vs. MASHER : @0/ B1+ A2\ A0/ A0/ @3/ @4\ E2+ C0/ @5\ A6+ E6\ @5\ E7\
8x8Trax_1326449 stones- A - rama vs. Arctic Warrior : @0/ B1/ B0\ A3\ B3+ C3\ B4/ B5+ D3\ B6+ B7\ C7\ A5/ @5\
8x8Trax_1326465 faith64 vs. marygal : @0+ @1/ B0+ A3\ @2\ A1\ C3\ D3+ D4\ @1/ C4/ C5+ B3/
8x8Trax_1326477 (**)(**) Bunny Toes vs. Whistler Gandalf : @0/ B1\ B2\ C2+ D2/ C0+ B0/ E2/ E1/ E0/ A2\ @3+ C1\
8x8Trax_1326506 Rogue Trooper vs. csain1 : @0/ A0/ B2+ @2\ @2\ @2\ F1\ G2/ F3+ G4/ H4+ D3/ D0+ C2+ D0\ B2+ E1+ E0/ G8+ E8+ C8+ F2+ H4+
8x8Trax_1326535 Honeybear vs. Morticia : @0/ A2\ B1/ B0+ @3\ C0+ @2\ A1+ A0/ B2/ C6\ C1\ @2\ A3+ C0/ @4/ G3/ F1+ F6+ G6+ D8/ H4+
8x8Trax_1326546 keops vs. golfnutrof : @0/ A0+ @2/ C1+ A3+ B0/ B0/ A2+ @5\ @3+ B1+ D0/ F2+ @3+ B1+ A5/ A6/ C7\ C0+ H3/ H1+
8x8Trax_1327350 Jane vs. Morticia : @0/ B1\ A2/ @2+ B0+ @3+ A1/ @3+ E3\ D4/ @3\ A2\ @2\ A0+ G2/ @1+
8x8Trax_1328075 crow57 vs. Jiggs : @0/ A2\ B2+ B1+ A3/ C1\
8x8Trax_1328333 * Sassy_Angel * vs. REBEL DJ : @0/ @1/ A2+ B3/ B0/ C3\ C4+ D3+ D4+ C5/ B5+ E3+ D5+ @3+ G3\ G4\ E6+ @3+
8x8Trax_1328339 REBEL DJ vs. * Sassy_Angel * : @0+ @1+ C1\ B2+ @1+ B2+ A2/ @1\ A0\ @1\ A4/ @4/ E4\ B0+ D6/
8x8Trax_1328769 marygal vs. Pepsi Fan : @0+ B1\ B2\ A3/ @3/ C4\ D4\ C5+ D2/ E2/ C6+ C7/ E1+ C0\ D1+ F3/ A3+ A2+ @3/ H3\ G6\ H5/ F7/
8x8Trax_1328862 SweetCindyJo vs. buttercups : @0/ B1\ A2/ @2+ D1/ C0\ C3+ E2\ E3\ C4/ A4/ C0/ D1/ A6/ E1\ @5+
8x8Trax_1329049 Marko vs. ejd : @0+ A0/ B2+ B3\ B0\ C2\ @1\ A0\ A4/ @3\ D1+ A4/ @4/ D5/ E6\ G6/ G5+ G3/ H4+ H6\ H7\ B2+ G7/ G8/ C5+ B6\ D7+
8x8Trax_1329124 heidibb vs. Vacant 18505 : @0+ @1+ B0\ A3/ @3+ C3\ C4\ B4+ A4/ A5/ @3+ C6+ E5\ E4+ F3\ E1/ D0\ A3+ @3\ C2+ B1+ B0+ @2\ A1\ G8\ B5+ A5+
8x8Trax_1329132 mammacat MIA vs. heidibb : @0/ B1+ A0\ @1\ @1\ E2\ E3\ F3+ B3/ C4\ @3/ A4/ D5\ @2+ C0/ F6/ A1\ B0\ G3+ D6+ B7\ A1\ B8/ E2\
8x8Trax_1329380 Buz vs. supermac : @0+ @1\ B2+ C1/ C0/ C0+ D3\ D4\ C0+ D2+ E4\ F4+ F5\ G5\ E6/ C7/ B7/ G2/ A7/ H3\
8x8Trax_1329604 Tessa vs. Marko : @0/ A2\ B1/ B0+ @1/ A3+ C3\ D2/ D3+ B0/ E2\ B5+
8x8Trax_1329704 mammacat MIA vs. heidibb : @0/ B1+ A0\ @1\ C3\ C4+ D3/ @1+ E2+ E1/ A0\ D1+
8x8Trax_1329794 heidibb vs. Dawnas AZ : @0+ @1/ B0/ C2/ B3\ C1/ C0/ D2/ E3+ A5+ A6/ @4\ E1+ E0/ B3\ @5+ D1\ F0/ C2/
8x8Trax_1329856 DIRKSTRA vs. heidibb : @0/ A2+ B1/ A3+ C1/ A4+ @2\ B0\ E1\ B0/ C1+ C5+ @3/ E6/ A2\ @3/ D0/
8x8Trax_1329861 s_strum vs. ejd : @0+ A0+ B1\ @1/
8x8Trax_1329985 drgnrdr vs. SunnyD : @0+ B1+ B2/ A0\ C2\ @2/ B4/ C4+ A0/ C2+ D1\ E3+ D6/ E4+ D7/ F6+ A7/ C8\ @5+
8x8Trax_1330071 heidibb vs. stitcher : @0+ @1+ B0\ A3/ @3+ A4\ C3\ D2\ A5+ D3+ D4\ C5\ A6/ D5+ @5+
8x8Trax_1330082 heidibb vs. stitcher : @0/ A2+ @1+ B3\ C3\ C4\ D2/ E3/ @1\ B0\ E6/ B5+ C7/ A5\ @2\ B1\ C0+ E1+
8x8Trax_1330802 STrek vs. Jay RAA : @0/ B1+ A0/ C2\ C3\ B0/ C2+ @2\ B1+ B0\ A1\ E3/ D1\ A0\ @4+ @2\ D0+ C7+ F8+ A2+ B1\ A1+
8x8Trax_1330852 Shariann vs. Honeybear : @0+ @1/ A2/ C2/ B3\ @3\ C0+ C5+ D5\ E2\ C0+ C7/ C0/ @6\ E1+ C3\ G5+ G3/ H4/ H6\ H3+ G8+ G2/
8x8Trax_1330890 Jane vs. Morticia : @0/ A2\ B2\ B3+ C3+ B4+ @2+ C5+ A4/ D5\ @3/
8x8Trax_1331566 Tessa vs. Marko : @0/ A2\ B1/ B2+ B3/ C1+ C0/ B1+ D2+ @2\ @2\ E4+ B3+ G2/ @2/ G4\ F5/ F0/ A4+ D6+ F7\ C7/ B6\ G7+ C2+ B1+ D7\ G0\ A3\ H8\ B1/ D2+
8x8Trax_1331579 heidibb vs. Eagleman : @0/ B1\ A2/ B2+ C2\ B3/ B4/ A4/ @2\ E2/ E1/ E0/ @4+ B6/ F5\ G3/ F6/
8x8Trax_1331892 HARLEY_BULLDOG vs. heidibb : @0/ A2+ B2\ C2\ D2/ B3+
8x8Trax_1331954 taffy vs. heidibb : @0/ B1\ B2\ C2/ C1+ C0/ D2\ E2/ A3+ D4\ E3+ F3\ F4\ D5+ B4/ G4\ D6\ E7+ @3/ A4/ F1+ F8+ B5/ C6/ A5+ D7+
8x8Trax_1332193 s_strum vs. ejd : @0+ A0+ A0\ @3\ C2/ @1\ A0\ @3/ A4/ B5/ B6/ A6/ A7/ @6\ A5\ @7/ A8/ E8\ F7/ B2/ F5+ A1\ @1/ A2+ A3\ F1/ C3+
8x8Trax_1332450 crow57 vs. Jiggs : @0/ B1\ B2\ C2+ A0\ @2/ B3/ A3+ C4/
8x8Trax_1332671 Tigger vs. marygal : @0/ A2\ B1/ B2+ C2+ C3\ A0\ @1\ E2\ D1+ D0/ A4\ @3/ C5/ E6\ G4+ B6/ C7\ G2+ F0/ H5\ E8/ G8+ D1/ A8\
8x8Trax_1332726 KraftyGal vs. marygal : @0/ A2\ B1/ B0+ B3\ C2/ @2/ B4+ @3/ F2\ C5\ E3\
8x8Trax_1332959 SweetCindyJo vs. Geri39 : @0/ B1\ A2/ @2\ A3/ @3/ D2\ D3\ B4/ A2\ @2\ C1+ @2/ B3+ B4/ A3/ E5\ A1+ E0+ F1+ G1/ G5+ @4/ H6/ A5\
8x8Trax_1333040 marygal vs. TrueIndian : @0/ B1/ A0\ @1\ B0+ B0+ C1+ B0+ B0\ A1\ @3/ A5/ @5/ C6/
8x8Trax_1333343 klaashaas vs. Whistler Gandalf : @0/ B1\ B2\ C2+ D2/ C0+ B0/ A2+ E2\ @3+ A4/ A5/ F1/ C0/ G2\
8x8Trax_1334121 Not Quite Sonic vs. keops : @0+ B1\ B0\ B3\ A4/ @3\ A4/ @2/ A1\ B0/
8x8Trax_1334137 heidibb vs. taffy : @0+ @1/ @1\ A0\ @1+ C3/ B4\ @4/ A5\
8x8Trax_1334138 Not Quite Sonic vs. heidibb : @0/ A2+ @1/ B3\ C3\ @2/ A3/ C4\ C0/ E2/ @4/ C6+
8x8Trax_1334251 Ia-Pia vs. heidibb : @0/ B1+ A2/ @2/ B0/ D2\ @1\ C4+
8x8Trax_1334865 chuckles the clown vs. marygal : @0+ B1\ B0/ C2\ C1+ B0\ A1\ @2\ A3/ B4+
8x8Trax_1335323 drgnrdr vs. SweetCindyJo : @0+ B1+ A0/ B3\ B0\ @2+ D3\ D2+ E1\ E4\ F1\ E0/ G4\ G5\ B1+ E0/ E0/ F1/ G3/ H3/ G2/ G1/ G0+ H2\ A7+ A8/ A2+ DRAW
8x8Trax_1335540 Buz vs. drgnrdr : @0+ @1\ B2+ A2+ B3+ C1/ C0/ B0+ @1+ @1\ A0\ F3/ E1/ C0\ A1/ B0\ C1+
8x8Trax_1335610 Didier vs. Cest Ci Bon : @0+ @1+
8x8Trax_1335675 chuckles the clown vs. marygal : @0+ B1\ B0/ C2\ B0/ A4+ @4/ C5\ B5+ D2/ E3\ D1+ B2+ D5\ C6+ C0\ B1\ A2\
8x8Trax_1336434 Misery Midnight vs. MountainMist : @0/ A2+ @1\ A0\ C2/ B4+ D2+ E2+ D4\ E4\ C5/ C1/ D0/ A1/
8x8Trax_1337481 NightWishes vs. Honeybear : @0/ B1\ B2\ C2\ A0/ A0\ @1\ E2+ D1/ B0\ A4+ @4\ D6/ C5+ B5/ B6/ G3/ C7+
8x8Trax_1337482 NightWishes vs. Honeybear : @0/ B1\ A2/ @2/ C2\ B3/ D1/ C0\ @1\ B0+ B5+ @2\ A1\ C0/ E2+ F3+ C0+ @2/ C0\ @7/ B8\ A2\ B1+ F2/ H3/ H2/ G1\
8x8Trax_1337904 marygal vs. suzie : @0+ B1+ B2/ @1\ C0\
8x8Trax_1337962 Shosie vs. FujiTape : @0/ B1\ A2/ A3/ @1\ B0/ D2\ C4\ C5\ A1\ A0\ A0\ C8/ B7+ B8+ A7+ A8+ @6+ E5\ @3+ A6/ @7\ H3/ H2/ E2+ A4+ F1/ H6/
8x8Trax_1337964 Shosie vs. FujiTape : @0/ B1\ A2/ A3/ C1/ A0/ A5/ @1\ A0\ D2/ D1/ A0\ C7\ C8\ C2\ D1/ A8/ @5\ @6/ G6+ A7+ @6+
8x8Trax_1337965 Shosie vs. FujiTape : @0/ B1\ B2\ B3\ A0\ @2/ B3/ B0/ C1/ D4+ A1\ @2+
8x8Trax_1337966 Shosie vs. FujiTape : @0/ B1\ B2\ B3\ @1\ B0/ D2+ E4\ E5\ B4/ B5/ B6/ E6/ C5+ E1/ F2+
8x8Trax_1338137 keops vs. SarahMills : @0/ B1\ A2/ @2+ B0+ B4/ C4+ A0/ @1+ B6/ A5\ @5\ C7\ D7+ C0/ A4\ E8\
8x8Trax_1338420 spitfire vs. RamblinMan : @0+ A0+ A3+ @3\ C3\ B0/ C1\ B0\ A2/ @3\ D4+ D6\ D7+ E5+
8x8Trax_1338422 spitfire vs. RamblinMaam : @0+ B1\ B2\ @1/ B0/ D1/ C0\ E3/ C5\ E2/ F3/ E1/ F1\
8x8Trax_1338668 chuckles the clown vs. marygal : @0+ B1+ A2\ B0/ A4\ C3/ @3/ B1+ @3/ B2\ @3\ A2/
8x8Trax_1338853 faith64 vs. Morticia : @0+ @1+ B0+ C2+ B3+ C1/ B4+ A1\ C0/ B0+ @1+ E2/ B0/ C0\ D1+
8x8Trax_1339092 Misery Midnight vs. wekke MIA : @0/ B1\ A2/ @2/ B3\ C2+ D2\ C3\ C4\ D3\ E3\ D4\ F2/ E1\ D5\ E4\ C0\ F2/ A7/ @7/ G1/ E0\ A2\ A1\ @3+
8x8Trax_1340279 dolly vs. Chad : @0/ @1/ B0/ @1/ D1/ E2+ E3\ F2/ D4+ C0+ E1+ G2\ F5+ D0+ H2+ H1/ E0\ E0\ G2+ C2+ DRAW
8x8Trax_1340306 Bekkah vs. Honeybear : @0+ B1/ A2+ @1\ A0\ @1\ E1/ B0+
8x8Trax_1340366 kathie vs. Morticia : @0/ A2\ B1/ B0+ C1+ B0+ B0\ A1\ @3/ A2+ D4\ D5\ B0\ @1+ A0\ @1\ A0\ @1\
8x8Trax_1340530 Jiggs vs. crow57 : @0/ B1\ B2\ A2+ A0/ @2/ C4+ D3\
8x8Trax_1340850 keops vs. Dawn : @0/ A0/ @2+ B0/ C1/ @3/ A2+ E2/ B4/ A4+ @2\ A0+ @4/ A5/ @3\ A2\ A0+ D7\ F1+ D8+ H2+
8x8Trax_1341956 Chad vs. Lours : @0/ A0+ A0\ @1\ @1+ C0/ D3/ E3/ F3/ F4+ C5/ B0\ A1\ @1+ C0+ H5/ G7/ G8/ F3+
8x8Trax_1341984 Beaupol vs. Misery Midnight : @0+ B1\ A0+ B3/ A0+ A4+ @2/ A4+ B5+ B6/ A6/ @3\ B7+ B8\ D8+
8x8Trax_1342495 sandie vs. Elvis : @0+ @1/ A0/ @1\ A0\ B1+ @2+ D1+ D4/ C4/ B5\ @3/ B0/ F3\ G3+ E1+ H3+ C0/ A3+
8x8Trax_1342505 chuckles the clown vs. marygal : @0+ B1\ B0/ C1/ B0/ C3\ D3\ B4/ A4/ A2+ C1+ @3\ A5\ @4+ @5\ B6+ @4/ E6+ H2/ C7\
8x8Trax_1342598 keops vs. cocopuff : @0/ B1\ A2/ A3+ @1\ B0+ A1+ A0\ @4/ B5+ D5/ C1/ B0\ @4+ F4/ F3/ F1/ F0+ G3/
8x8Trax_1342671 Whistler Gandalf vs. cocopuff : @0+ B1\ B0/ C2\ A1+ @2/ C3\ E2/ E1/ C0\ D1/ C0\ E5\ F5\ @4\ A3\ A2\ E1/ D0\ G5/ @5+ E7+ F7\ G2+ A6\ D8\ G1/ H2+ H3\ G7\ H8\ A8+ A1\
8x8Trax_1342906 marygal vs. cocopuff : @0+ B1\ C1/ B0\ A3\ @1\ B0/ D4\ E3/ B5/ A5/ @5/ B1\ C0/ B4/ A5\ @6/ D0\ C1\ B4\ A5/ @6\ G7+ D8+ G4+ G8/ C2+
8x8Trax_1343551 keops vs. The Pampered Cricket : @0/ B1\ A2/ C1\ A0/ @1\ B0+ E2\ D1+ B0\ A2\ @2\ B1\ A1+ B0+ A7/ @3\ C8\ D8\ E6+ H3/ H2/ B1\ G2\ F8+
8x8Trax_1343802 sweetone vs. heidibb : @0+ B1/ C1\ C2\ A0\ A0\ A0/ @3+
8x8Trax_1344489 SweetCindyJo vs. Knight Rider : @0/ B1\ A2/ @2\ C0/ D2\ C3\ A4\ D1+ E1+ D0\ @5/ B6\ C2+ G2\ F4\ F5/ D5+ @5/ C3\ A6\ B7+ B8\ D8+ F6+ F7+ G7\ H7\ C2\ F8\ H8/ A7/ B1\ A1+ G1/
8x8Trax_1344704 Amanda vs. The Pampered Cricket : @0/ A2\ B2\ A0/ B2/ C2/ C1+ C3\ D3\ E3\ C0+ D3/ D1/ C5+
8x8Trax_1344719 keops vs. CelticStorm : @0/ B1\ A2/ A3/ @3+ C2+ A4/ A5/ B4\ B5\ B6\ C4+ B0+ D2\ @4+ @6/ C7/ C8/ F4+ @6/ @5\ C4+ B7/
8x8Trax_1344739 keops vs. stitcher : @0/ B1+ A2\ B2+ C1/ C2+ B0+ A1+ D3+ D4\ B0+ E4+ D6\ F4+ F6\ F7\ C6/ E3/ D7/
8x8Trax_1345110 Scorpius vs. STrek : @0/ B1+ A2\ A3+ B3/ C2\ A4/ @2\ @3+ E4\ RESIGN
8x8Trax_1345125 Arctic Warrior vs. Honeybear : @0+ B1\ A0+ B3/ C3\ C4\ B1/ C1/ B4+ D2+
8x8Trax_1345210 What did you say vs. paganje : @0/ A2\ B2\ B1+ C1+ A0/ D2/ C1+ @2/ B4/ C5+ D5\ E5+ F5/ G3+ H2\ H1+ E0\ E7/ G1\ F0/ C1/ H2+ A6/ A8+
8x8Trax_1346307 keops vs. Sarah : @0/ B1+ A2\ B2\ C1\ B0/ B0/ B0/ A6/ @5\ D6\ E6+ D7/
8x8Trax_1346524 Jump This vs. Lours : @0/ A0+ B1\ A0/ B0\ A5/ @3\ D1+ D4+ @5+ @4+ C0\ B1\ D0/ F2\ D0\ F2+ G2/ G5+ G1+
8x8Trax_1347063 B Line electric streetcar vs. Uncle Chuckie : @0+ B1\ A2/ A3/ @3/ @2/ C4+ @1\ A0\ B4/ A5+ B1+ @2+ G3/ F1+ C0/ @5+ B7+ D7/ B8/ D8+
8x8Trax_1347064 Adam vs. grade1teacher : @0/ B1\ A2/ @2+ B3\ C3\ D1/ D0/ @2/ E3\ F2/ C5/ B5/ B1+ E0/ E0+ F2+ A2\ C0+
8x8Trax_1347098 drgnrdr vs. P_LizardBrain : @0+ B1+ A0/ A3/ A0/ @2+ D1/ D0/ B1+ @3+ A1\ A0\ @3+ G3/ B5/ @4/ G5+ H2+ H1/ A5/ A6/ C7\ E7/ D1/ C8+
8x8Trax_1347194 keops vs. jbdobie : @0/ A0/ B2/ B3/ B1/ A3/ @2+ @3\ @3\ @2/ B1+ C0\ @2\ A1\ C0/ B6/ A6/ @4+ B7/ B8/ H2+ G1/ DRAW
8x8Trax_1347494 Tessa vs. Marko : @0/ B1\ B2\ C2/ C1/ B0\ A3/ C4/ D4/ D2\ D5\ E4/ F4/ E2+ G3+ C1+ D1+ D0/ F2+ H2+ H1/ H0+ E7+ G7+ G8\ H8\ E1/ D1\ C1\ E8+
8x8Trax_1347539 Misery Midnight vs. SunnyD : @0/ B1\ A2/ @2+ B3\ C3\ D1/ D0/ C5\ D5\ E2/ @3+ C6/ B6/ F3\ G2/ F4+ G1+ G0+ @4+
8x8Trax_1347674 Rogue Trooper vs. 15951 : @0/ A2+ A3/ A0/ B2+ @3/ A2+ C0/ D1/ C5+ A1\ RESIGN
8x8Trax_1347822 ejd vs. s_strum : @0+ @1/ B0\ C2\ B3/ B4/ D2/ A3+
8x8Trax_1348128 ChunkyStan vs. heidibb : @0/ A2\ B1/ B0+
8x8Trax_1348953 chuckles the clown vs. marygal : @0+ B1+ A2\ B0/ A4\ C3/ @2\ A3+ C0/ A2/ A6\ @4+ F4/ G3+ D6+ @4+
8x8Trax_1348963 Scorpio-Lady vs. Fallen Angel : @0/ B1\ B2\ C2\ A2/ B3\ A0\ @1\ E3\ F2\ E4/ D5/ B4/ A3/ @2/ B4+ B5/ C6/ A4+ G4\ G5\ G6\ F7\ F8/ @4\ E1+ E7/ F8+ B1\ A1\ H7+ E8/ B6/ A6/ C7\
8x8Trax_1349007 chuckles the clown vs. marygal : @0+ B1+ B0\ B3\ A0/ @3\ D2/ D3+ E3\ D1+ C5\ F3/ A4\ F5\ G3/ F6/
8x8Trax_1349114 buttercups vs. SweetCindyJo : @0/ A2\ B1/ B0+ @3\ D1\ C3+ B4/ E3\ E4\ @1\ C0/ D0/ E1/ F1/ G3/ F0+ G1/ C1\ C0\ @6/ A7/ A8/ H7+
8x8Trax_1349115 Aphrodite vs. Morticia : @0/ A2\ B2\ B3+ A4\ @4+ D2/ D1/ @3+ @2/ A4\ A5\ C6+ F3\ G3\ E6+ G1/ H3\ F0+
8x8Trax_1350720 Rogue Trooper vs. MOI : @0/ A0/ B2+ B3+ C1\ @1\ A0\ @2+ A4/ B5/ @3/
8x8Trax_1351676 Marko vs. Ironside : RESIGN
8x8Trax_1351726 buttercups vs. Arctic Warrior : @0/ B1+ A0\ @1\ C3\ C4+ D3/ D2/ C5/ A4+ @3/ E1/ C0\ F4+ C7\ E6\ A7/ G4\
8x8Trax_1351765 Honeybear vs. SweetCindyJo : @0/ A2\ B1/ B0+ @1\ B0\
8x8Trax_1351793 Rogue Trooper vs. DIRKSTRA : @0/ B1\ A2/ @1+ @1\ C0/ @1/ B3+ A0\ @3\ A5/ @3\ G4\ F5+ A1\ H2/ H1/ H0/ C0+ C0/ B1+ D8+ H8\ A8/
8x8Trax_1351996 chuckles the clown vs. marygal : @0+ @1/ C1\ B2+
8x8Trax_1352173 ejd vs. s_strum : @0+ @1\ A2/ @1\ C0\ A3/ @2\ A3+ A4/ @2\ @3\ C1\ A5/ @5/ F0\ C2+ B2\ H2\ C1\ A3\ A4/ A2+ B1+ F0\ C8\ D8\ E6+ E2+
8x8Trax_1352832 no-one-here vs. heidibb : @0+ B1\ A0/ @2/ @2\ C3+
8x8Trax_1352883 heidibb vs. no-one-here : @0+ B1+ B0+ C2+ A3\ B0/ C2/ @3+ E2\ E3\ B2\ C0/ D2/ @4+ G4\ @4+ G5+
8x8Trax_1353243 bambam vs. heidibb : @0+ B1\ B2+ A3\ @2/ B0\ A4+ B0/ C1/ D1/ E1+ E0/ B7/ @5/ F5\ G4/ B7/ @5/ B4\ C3+ D8+ E8\ F8+ H2\ D1\ G8/
8x8Trax_1353617 chuckles the clown vs. marygal : @0+ B1\ B0/ C1/ C2+ @2/ A3/ A1/ B0\ A5+ @4\ A3+ D1/ D0+ A6/ @6/ @6/ G5\ H5\ G1\ B3/ E1\ D7+ D8/ F7/ G6\ G7\ F8/ H7+ H8+ A2+ H1/
8x8Trax_1354138 Whistler Gandalf vs. Beaupol : @0+ @1+ A2\ B0/ C1+ C0/ C0\ B1\ A1\ D1\ E1/ D0+ B0+ @4+ F2+ F1/ F0+ G1/ D8\ E8\ F5+ A2\ H1/ B1\
8x8Trax_1354151 Stinger vs. SweetCindyJo : @0/ B1\ B2\ C2+ C3+ A0/ C5+ @1\ B0/ @2+ A4/ A5/ C7+
8x8Trax_1354181 Honeybear vs. faith64 : @0/ A2+ A0\ @1\ A3+ C2+ @3\ @2+ B0/ @3+ F2/ G3+ B0\ A2+ @2\ A1\ D0/ C0+
8x8Trax_1354799 chuckles the clown vs. marygal : @0+ B1\ B0/ C1/ B0/ C3\ D3\ A4+ @3\ D1+ F4\ E5/ E6/ E1+ G4\ A4+ @4/ A5\ B2/ C5+ G1/ D5\ G0/ C1+ H1+ E0+
8x8Trax_1355130 Jiggs vs. crow57 : @0/ B1\ B2\ A2+ B0\ C1/ C0/ A1\ @2/ C0/ C6\ D7\ E7\ D1+ C0/
8x8Trax_1355226 heidibb vs. HappyHeart : @0+ B1+ B0/ C2/ A3/ @2\ E2\ A1/ E3/
8x8Trax_1355554 SweetCindyJo vs. shelly (uk) : @0/ @1/ A2+ A0\ @1\ B0+ D2/ B5/ A5/ @3\ B6+ @3/ F1+ F0+ G1\
8x8Trax_1355803 sweetone vs. heidibb : @0+ B1/ C1\ B2/ A0\ B4\ C3+ C4+ B5/ D4/
8x8Trax_1355833 sweetone vs. heidibb : @0+ @1\ @1/ A2/ C0/ C0/ D2\ A1\ @1/ C0\
8x8Trax_1356305 Knight Rider vs. The Pampered Cricket : @0/ A2\ B2\ B1+ C1+ C0/ @2/ E2\ D4\ E0/ F2+ G2/ G1/ B2\ B1\ E0/ E6\ F6\ G6\ H5+ H2+ F7+ F1+ B6+
8x8Trax_1356378 faith64 vs. SweetCindyJo : @0+ B1/ A2+ A3\ B3\ C1/ B4+ C4/ @2\ E1\
8x8Trax_1356443 Honeybear vs. PinkyDot : @0/ A2+ @1\ B0/ C2+ D2\ D4\ E3/ C5/ B4+ A4/ @3+
8x8Trax_1356471 Shariann vs. Megababe : @0+ A0+ A0+ @2/ C3\ C2/ D3/
8x8Trax_1356477 Adam vs. Walter : @0/ A0/ B1/ A3/ @2+ @3\ E2+ C0+ A2+ F2\ E1+ D5+ F4+ A5/ C6/
8x8Trax_1356537 keops vs. Tesa : @0/ B1\ A2/ B0\ A0/ C2+ D3/ E2\ F3/ G2\ H3/ H1/ E0+ G0+ H6+ A7/ D8+ E1\ C1+
8x8Trax_1356538 keops vs. dab : @0/ B1\ A2/ B2+ C1/ C0/ @2\ A1\ A4/ @4/ A3+ C1/ C0/ @2\ B1/ D0/ G3+ A2\ A1/
8x8Trax_1356569 drgnrdr vs. The Pampered Cricket : @0+ @1\ A2/ @2/ C2+ D1/ B0\ C4+ D4\ E4\ E5\ F4\ F1/ A5/ G2/
8x8Trax_1356764 bluewolf vs. Marko : @0+ B1/ C1\ B2/ A0\ A0\
8x8Trax_1357018 ejd vs. Marko : @0+ @1\ A2/ @2+ @2\ A1\ @1\ A0\ @1\ A0\ B0\ B6/ A1+ @3+ D7\ E6+ B7/ @5+
8x8Trax_1357019 Marko vs. ejd : @0+ A0+ A0+ A4\ B4\ @3+ B0+ @4+ C0+ B1/ D3/ E5\ C0+ C0/ D1/
8x8Trax_1357225 Morticia vs. Buz : @0/ B1+ B0+ C2\ C3\ B4+ @4+ @4/ A5/ B6+ F2/ F1/ D0+ D7\ D8\ F6/ G4\ G1/ G6+
8x8Trax_1357387 chuckles the clown vs. marygal : @0+ B1\ B0/ C1/ C2+ D1\ D2\ E2\ E3\ F3\ B0/ E5+
8x8Trax_1357691 Geri39 vs. heidibb : @0/ B1+ A0\ @1\ C1+ D1/ D2\ C0+
8x8Trax_1357701 FoobarGuyOhio vs. heidibb : @0/ B1+ @1\ A0\ @1+ E2\ B3/ D3+
8x8Trax_1357710 Donna vs. heidibb : @0+ @1/ B0+ C2\ A3/ @3/ C4\ B1\ A5+ @2\ A1\ F3/ C6+ E1/ E0/ E6/ C8+
8x8Trax_1357724 Missing 10851 vs. heidibb : @0+ @1\ B2/ C1/ C0/ D1/ B0\ D4\
8x8Trax_1357736 drgnrdr vs. bigdan409 OTWP : @0+ B1+ A2\ B0/ B4/ B0\ A1\ @3+ A5/ B6+ A2\ @4/ B1\ A5+ E3/ F3/ @4/ G4\ H3/ C6/ F1/ E0\ E7+ G6\ H5+ C1/ E8/ A7/ A8+ F8+ G8\ H8\ G1+ DRAW
8x8Trax_1357787 lordricey vs. heidibb : @0+ @1/ A0/ C2\ @2/ C3+
8x8Trax_1357814 Donna vs. heidibb : @0/ B1+ B0+ C2+ D2/ D1/ B0/ B4/ E2/ D4\ D5\ E5\ F3/ D6+
8x8Trax_1358152 Chef Jeff 1 vs. JiffyJeff : @0+ @1+ A0+ @1/ B0+ C2+ D2/ C1/ B4+ B0+ A1\ @2\ C0+ C0/ D1/ E2/ D0+
8x8Trax_1358306 irishmiss vs. keops : @0/ @1/ A2+ @2/ B3/ A3/ A1+ D1+ C3+ E2+ F2\ G3/ E4\ B4/ C5/ H3\ H4+ H5\ G5+ F1+ H1+ H0/
8x8Trax_1358503 murrsquito vs. Knight Rider : @0/ B1+ B0\ C2\ B3/ B4/ A3/ A4+ B5/
8x8Trax_1358644 faith64 vs. marygal : @0+ @1+ A0+ @2\ B3+ B4\ C4\ D2/ C1/ C0/ D2/ E2/ D1/ A4+ C6+ F3+ C7+ C8\ D8\
8x8Trax_1358714 paganje vs. Aphrodite : @0/ @1+ @1\ C0/ D1/ A0+ B4/ @2/ D0+ @5/ A6/ A2\ @3\ C1\
8x8Trax_1358730 golfnutrof vs. Morticia : @0+ @1+ C1/ C0/ D2\ C3/ E1+ E0/ C1+ @3+ B1\ @3+ C0/
8x8Trax_1358743 dab vs. keops : @0/ B1/ @1\ B0/ C1/ B3/ C0\ D4\ C5/ E4\ B1+ A2\ @2\ A1\ @1\ C0+
8x8Trax_1359007 chuckles the clown vs. marygal : @0+ B1/ C1\ B2/ A3\ A0+ @3\ @3/ E4/ A4/ A5/ B1+ F3/ E1+ D5+ F4+ G3/ E0/ H3\ C1+ E0+ D0\ E1+
8x8Trax_1359060 vermonstervt vs. marygal : @0+ B1+ C1+ @1+ A2+ E1+ A0+ F2+ A0+ G3+ A0\ @4/ B6\ C1/ C6+ B0/
8x8Trax_1359488 Tesa vs. keops : @0+ B1/ A2+ C1/ B2+ @2+ E1/ F2\ F3\ G1/ F0+ G1+ G0/ A3+ D5/ G6/ E6+ H6\ F7\ A5/ A6/ D7+ C7+ D8\ A8+ E2+ D1/ F8+ G8\ H8\ H1+ A1\
8x8Trax_1359740 heidibb vs. lordricey : @0+ B1\ B0/ C1/ A3/ C2+ C0/ D2\ A2\ @3/ C5\ D5\ E4\ F1/ F0/ F5\ G3+ G4\ F6\ E7\ C1\ B1\ E0+
8x8Trax_1360901 Rogue Trooper vs. What did you say : @0/ B1\ A2/ @2/ B3\ C3\ D3+ C4+ @4+ D5/ B0+ A1\ @5\ F6\ D7\ G4\
8x8Trax_1360920 SweetCindyJo vs. Tesa : @0/ B1\ A2/ @2+ A3+ B0/ D2+ E2\ C3\ B4+ @3/ A2+ D4+ C5/ B6\ @4+ F4+ E5+ H3/ E0\ G2/ A3+ H2/ H1/
8x8Trax_1361015 Guyver vs. drgnrdr : @0/ B1+ A2+ B3/ C2\ @3\ @2\ B1\
8x8Trax_1361545 SarahMills vs. Phil The Hat : @0/ A0/ @2/ C2\ B3/ B4/ A3/ D1/ B0/ D4\ E4\ A5+ C6+ F4\ D7/ E8+ G5/ C8/ B8/ A7/ F3/ F2+ G2/ H4+ H7+ G1/
8x8Trax_1361547 Phil The Hat vs. SarahMills : @0/ A2\ B1/ B0+ A0/ A0/ A0/ @3+ A0+ @3/ @4\ F5/ G2+ G1/ G0+ H1/ H5\ H6\ H7\ F8+ A6+ DRAW
8x8Trax_1362413 marygal vs. chuckles the clown : @0+ B1\ C1/ B0\ C1+ A0/ B0+ C5/ B6+ B0/ D2/ D1/ D0+ @6\ E6\ F4/ A8/ @5/ G2+ H2\ C3+ G1/
8x8Trax_1362763 LilSis vs. marygal : @0+ B1+ A0/ B3\ C3\ B4\ B5\ D3\ D4/ A4/ @3/ D1+ @3\ B4/ F0\ E0/ @6/ B7/
8x8Trax_1362898 SweetCindyJo vs. mammacat MIA : @0/ B1\ A2/ @1/ B3\ C3\ C4/ B4/ A4/ @1\ B0/ B3+ C1+ A3+ A4/ @4/ B5/ C6/ B6/ B7/ F4/ @2\ A1\ A0\ G4+ @4/ H3+ H2/ C8+ A5/
8x8Trax_1363019 chuckles the clown vs. marygal : @0+ B1+ B2/ B0/ C3/ @2/ B4/ C4+ A4/ B5+
8x8Trax_1363036 klaashaas vs. RubyJoy : @0/ B1\ B2\ C2+ D2/ B0\ A0/ @3+ A4/ A5/ @1+ A0\ A4+ @4/ A1\ @4+ C0+
8x8Trax_1363723 Misery Midnight vs. Oartkickel of the Wolf Pack : @0/ @1/ B0+ C1\ C3\ D2/ @1\ B0/ @3/ A4/ @2\ C5+
8x8Trax_1364143 McStack vs. heidibb : @0/ A2+ A3/ B1/ C1+ A4/ B4+ D2/ D3+ @2\ A0+ A0/ @2+ E2+ @2+ H3/ H5+
8x8Trax_1364169 boneyardking vs. heidibb : @0+ @1/ A0/ C2\ B3/ @1\ A0/
8x8Trax_1364420 Amanda vs. ToxicQueen MIA : @0/ A2\ B2\ B1+ B0+ C1\ @2\ B1+ A1+ A0\ D1/ E2+ @3\ F3+ @2+ E1\ H3+
8x8Trax_1364485 Knight Rider vs. shar2952 : @0/ A2\ B2\ B3/ C3/ A3+ @3+ A1+ B4/
8x8Trax_1364952 itb4me2 vs. Arctic Warrior : @0+ @1+ B0\ B3\ A3+ C3/ C1+ @2+ E2/ D0/ C0\ B1\ A2\ B0\ A2+
8x8Trax_1364991 Sweetcheeks vs. Honeybear : @0/ A2\ B2+ C2/ B1/ B0/ C1/ D1+ C0\ A1\ @2+ @2\ B1\ E0+ G3\ F2+
8x8Trax_1365057 paganje vs. dboy97 : @0/ @1/ A2+ @2+ C3\ D3\ B3+ D2+ D4\ E4\ F3+ E1+ C0+ F1\ B0\ A1\ F1/ G3+ H3/ H1+
8x8Trax_1365954 ejd vs. Marko : @0/ B1\ B2\ C2+ A0/ C0+ C5/ D2+
8x8Trax_1366074 Z MIA vs. Marko : @0/ B1\ A2/ @2+ B3/ A4/ A5\ @3/
8x8Trax_1366532 grade1teacher vs. hANDYman the Rebel : @0/ B1+ @1\ C0\ @2+ B3/ B4\ C4\ E4+ D5\ C5+ B1\ D0\ A6+ @3\ C7+ D7\ E7+ C8/ A7/ F7\ G6\ B1+ G4\ H6+ F3/ H7+ G2/ H4+ G8/ H8\ A5/ A8/
8x8Trax_1366533 hANDYman the Rebel vs. grade1teacher : @0+ @1/ @1\ A0\ @1\ B3\ @2+ F2\ A4/ @4/ B5+ A2\ @4/ F4+ B6\ G5+ C0\ E7+
8x8Trax_1366537 dream_on vs. Sir Pussycat : @0/ B1\ A2/ B2+ C2\ @2\ C3+
8x8Trax_1367367 ejd vs. Marko : @0/ B1\ A2/ @2+ A3\ @1\ B0/ A3+ @3+ A4/ B5/ B6/ F2/ A6\
8x8Trax_1367962 JenJen vs. brown eyed girl : @0/ A0\ @2\
8x8Trax_1367963 JenJen vs. brown eyed girl : @0+ A0/ A3\ B1/ B0\ @4/ A5/ B1\ A1\ D4\ D5\ E5+ B5\ C6/ A6+ E6+ E7/ B0+ A8+
8x8Trax_1367965 brown eyed girl vs. JenJen : @0/ B1\ A2/ @2/ C2\ C3\ D1/ D0/ E3/ E2+ @3/ E0\ D2+ C2\ C1\ B5/ C6/ G3+ D6\ C7/ G4\ H4\ B6+ A5+
8x8Trax_1368313 chuckles the clown vs. marygal : @0+ B1+ B0\ A3/ B0\ B4\ B5\ @3\ D4+ D2+ E4+ E2+ @3+ @3\ A2\ A1+ C5\ B0/
8x8Trax_1368512 Sir Pussycat vs. dream_on : @0+ B1/ B2\ C1/ A2+ @2/ A3/ D2\ @3\ F2/
8x8Trax_1368664 Peachy vs. Marko : @0+ B1+ A0/ A3/ B3+ C2+ D2\ C1/ @3/ C0/
8x8Trax_1368760 Peachy vs. Marko : @0/ A2/ A0\ @1\ C3\ B4/ D2/ D1/ D0/ C5\ B6/ E1/ F1/ D0+
8x8Trax_1369644 Sir Pussycat vs. dream_on : @0/ A2\ B1/ @2\ B0+ @2+ C0+ @3+ D5+ D6/ B5\ A4+ E5\ F3/ D0\ C1\ C0\ B1\ A3\ @5+ B2\ @5+
8x8Trax_1369780 keops vs. TrueIndian : @0/ B1/ B0/ C1/ A3/ A0\ @3+ A1+ C0\ A1+ @4\ C0/ @3\ A2\ G1/ G0/ @5/ A6/ C2/
8x8Trax_1369809 ScoobyRex02 vs. Whistler Gandalf : @0/ A2\ B1/ B0+ @1/ C0+ C0\ B1\ D2+ B0+ A3\ @4/ @4/ C6/ D7/
8x8Trax_1369899 jbdobie vs. Rogue Trooper : @0+ A2/ A0\ @1\ A0\ @4+ A5/ @1\ A0\ B7/ A7/ @7+ B0/ D2+ @7/ B2+ A2/ @5+ A7/ @5+ A3+ DRAW
8x8Trax_1370087 ejd vs. s_strum : @0/ A2+ @1\ B0/ C3/ A3/ @3/ C4\ E3\ B1\ B0\ C1+ D1/ D0/ @6/ A7/ D0/ B2/ A6\
8x8Trax_1371781 bigdan409 OTWP vs. drgnrdr : @0/ @1/ B0+ @2\ @2/ B3\ E1/ A3/ A4/ E2+ A1/ A0/ B5\ C6/ @4+ F1/ @3/ E0+
8x8Trax_1371870 marygal vs. birddog8560 : @0+ A2/ @1+ B0/ A1+ C1\ C2+ B4\ C4\ C5\ D3/ A5/ A6/ @3/
8x8Trax_1371990 boneyardking vs. heidibb : @0+ @1/ @1\ A0\ @1\ E2\ D3\ D4\ E3\ B0/ C1/ C6/ B6/ C0/ D2/ F4+ B5+ A7/ @6\ C0+ A6\ A4\
8x8Trax_1372150 Megababe vs. LilSis : @0/ A2\ B2\ B1+ B0/ C1/ B0/ B5\ D2/ E3/ A1\ B0/ @4\
8x8Trax_1372174 marygal vs. Pepsi Fan : @0+ B1\ A2\ @2/ B3\ @2/ D2+ A1\ @2/ D4\ D0/ F2/ C4+ F1/ F0/ G2/ A6/ B7/ @5/
8x8Trax_1372495 Whistler Gandalf vs. Beaupol : @0+ @1+ A2\ B0/ C1+ D2/ C3+ D0/ E3/ E1+ D0\ C1\ C6\ B7+ E7\ C8/ F7/
8x8Trax_1372753 Megababe vs. sweetlips : @0/ B1\ A2/ @2/ @1+ B0\ C0\ @3\ A2\ A1\ E1/ F3\ D0/
8x8Trax_1372763 Jane vs. Megababe : @0/ A2\ B1/ B0/ C2/ A4\ C1/ @2\ A4\ B5+ @3+ C6\ D4/ A5\ A6/ B7\
8x8Trax_1372889 Megababe vs. NathanLedet : @0+ @1/ C1/ C0/ B0/
8x8Trax_1373157 dab vs. drgnrdr : @0+ @1/ B2/ A0/ @2/ A3/ B4/ D1/ D0/ D4+ A5+ @3+ @3/ @4\ D1+ D0/ C6/ A6/ @6/ C7+ F0+ E1\ D1\ C3+
8x8Trax_1373164 ANDY SPUD vs. Megababe : @0/ A0/ @2/ @2/ B3\ B0+ C4+ D2/ E3/ @3+ F2+ C0/ B1\ C0\
8x8Trax_1373230 spitfire vs. Misery Midnight : @0+ @1\ A2/ @2/ A3\ A1\ @2/ C0/ D1/ B0\ A1\ C5\ D5\ E2/ E4\ F4\ C6/ E0/ E7\ F1\
8x8Trax_1373472 mammacat MIA vs. Megababe : @0/ A0/ B2\ B3/
8x8Trax_1373526 ks vs. Megababe : @0+ B1\ B0/ C1/ B0\ A1/
8x8Trax_1373542 Jay RAA vs. Megababe : @0+ B1\ @1\ A0\ D2/ D1/ C0/ B4+ D1+ C0/
8x8Trax_1373571 ks vs. Megababe : @0/ B1\ A2/ @2/ B3\ C3\ A4/ @3\ A0\ @2/ F5/ D6+
8x8Trax_1373597 spitfire vs. Misery Midnight : @0/ A2\ B1/ B0+ C1+ @1\ B0/ @3/ A4/ @2\ A1\ B5/ C1\ C0\ G3+ D7\ E7\ C0/ D1/ @7/
8x8Trax_1373611 spitfire vs. Misery Midnight : @0+ @1\ A2/ @2/ B0\ A2\ @3/ D0/ E1/ D4\ C5/ C0\ B1\ A6\ B3+ A2/ @3/ A5/ F3\ G2/ B7\ E0\ D1\ H3\ H4\ G6\ E7\ E8\ C1+ G7\ H7\ H8\
8x8Trax_1373658 ScoobyRex02 vs. Marko : @0/ A2+ @1\ B0/ C1+ B0\ A1\ A0\ @3/ D1/ D0/ C1+ E1+ C0+ E6+ C8\ F5\ B1\ A1\ @2/ A3/ G6\ H4/ A5/ A7+
8x8Trax_1373735 Mikee vs. Megababe : @0+ B1\ A2\ B2+ C1\ A0\ B1+ B4\ B0/ D4+ A0\ @2/ A1+ C0\ E4+ F4\ E2/ F3+ G3/ F2/ G5\ H4/ D8\ E8\ F7+ H5+ F1/ G2/ H2/ H6/
8x8Trax_1373850 ***Angel*** vs. Marko : @0/ B1+ B0\ @1\ C3\ B0\
8x8Trax_1374172 Allison vs. Marko : @0/ A2\ B1/ B0+ A0/ B4+ A5/ @3/ @4\ C6\ D6\ E6+ C7/ B6+ F6/ E4/ C0/ E1\ E3/ F4/ @4/
8x8Trax_1374252 Beaupol vs. paganje : @0+ B1\ A0+ @2/ A3/ B4+ D4+ E4\ C5/ D6+ F6+ G5/ G4/ G3/ F2+ F1\ B0\ A1/ F8\ C8/ B8/ @3+
8x8Trax_1374273 keops vs. Goonerg : @0/ B1/ B0\ B3/ C1\ D2/ B0\ E4\ E5\ E1/ D0\ F4/
8x8Trax_1374448 Brendans Grandmom vs. Marko : @0/ A2\ B2\ A3+ @3/ @2\ A1\ C0/ E3/ E2/ D0/ @3\ F1/ C1+
8x8Trax_1374467 tigerlily vs. Marko : @0+ B1+ B0/ @2+ D1\ @2+ A3\ C1\ A1\ C0/
8x8Trax_1374479 grade1teacher vs. Marko : @0/ B1\ B2\ C2+ A2+ A3/ @3+ C4+ B5\ A1+ A4+ A0\ @2\ E1/ B0\ F2\
8x8Trax_1374511 Buz vs. Marko : @0+ B1+ B2/ B0/ @2/ B1\ A0/ @2+ D1+ @2\ F2/ C0+ D1/ C0/ B1+ G3/ E2/ D1/ G5\ F1+ G6/
8x8Trax_1374522 Megababe vs. Barbie : @0/ A2\ B2\ B3+ A0/ B5+ B2+ C2/ @1/ C0+ B1+ C0+ C0\ B1\
8x8Trax_1374529 ejd vs. Marko : @0+ B1+ A0/ A3/ C2\ @3/ E2/ E1/ E0/ F1/ C0\ D0+
8x8Trax_1374552 lady of amber vs. Marko : @0+ B1+ B2/ A0\ @2+ C1/ C0/ B1+ C0\ @3\ A2\ A1\ C0\ A1\ @3/ @3+ A4/ A5/ @2/ C6+ C0/
8x8Trax_1374559 McStack vs. Marko : @0/ B1\ B2\ C2+ D2/ A0+ A0\ @1\ @1+ B0+ A5/ B6+ C7/
8x8Trax_1374565 princesarg vs. Marko : @0+ @1+ B0\ A3/ @3/ C0/ @3\ E1\
8x8Trax_1374578 SarahMills vs. Marko : @0/ B1\ B2\ C2+ C3+ B0\ C5\ A0\ @1\ E2+ E1/ C0+ E6\ F4/ G5\ F7+ G2/ H4+ F1/
8x8Trax_1374638 mr jones vs. Marko : @0+ @1+ B0\ A3+ A4\ B4\ C4+ B5/ C5+ D4/ @3/ E1/ C6+ C0/
8x8Trax_1374670 nylady41 vs. Marko : @0/ B1\ B2\ C1+ B0/ B0\ A1\ @3/ E3/ D1\ A4/ C5\ @2/ A4/ @3/ G5\ B5/ G6/
8x8Trax_1374673 Jane vs. Marko : @0/ A2\ B1/ B0+ C1/ A0\ @1\ D3+ A3+ @2/ @3\ G3+ A4/ F4\
8x8Trax_1374683 cloudjan vs. Marko : @0/ B1\ @1+ B2\
8x8Trax_1374685 Oolong vs. Marko : @0+ @1+ A2\ A0\ B1/ B0\
8x8Trax_1374764 Whistler Gandalf vs. Oranges n Sweet Red Wine : @0+ @1+ A2\ A0\ @2/ B4\ D4+ C1+ D2/ E2+ E1/ D0\ E4+ F3+ D6+ E5+ F4+ G4+ G2/ G1+ H4/
8x8Trax_1374785 DJ MIA vs. Marko : @0/ A2\ B2\ B3+ B1/ C3/ @2\ A4+ C4\ @3+
8x8Trax_1374791 Meeshamouse vs. Marko : @0+ @1+ B0\ B3\ A3+ @3/ A2\ B4+
8x8Trax_1374913 MomofJade vs. Marko : @0/ B1\ A2/ @2+ C0/ D2\ B4\ C3+ B1+ D4\ E3/ A0/ C6/ A0/ D2\ @3+
8x8Trax_1374934 BlueEyedGoddess OTWP vs. Marko : @0+ @1+ B2/ B0/ A4\ @3\ D2/ D3+ A1\ B0+
8x8Trax_1374948 bigmurds vs. Marko : @0/ B1\ A2/ @2+ B0+ @3+ B4+ C0\ A3+ @1+ C0/ A4+ B6+ E3+ E1/ C0/ F4+
8x8Trax_1374967 Syl2 vs. Marko : @0+ @1+ A2/ A3\ B2+ C2\ @3/ D3/
8x8Trax_1374976 Tesa vs. Marko : @0/ A2\ B2\ A3+ @1\ B0/ C2/ D3\ D2+ D1/ E1/ D0+ C6/ A4+ E6\ @3+ G5/
8x8Trax_1374984 Shariann vs. Marko : @0+ @1+ A2\ A0\ @1+ A0+ @2+ A3+ @2+ C0+ @3+ B2\ A4/ E6/ D6/ A5/ @3+ C6/ D7\ G7\ G8\ H6/
8x8Trax_1375032 Ali vs. Marko : @0/ B1\ B2\ C2+ C3/ D3\ C4/ @1+ C0\ D0+ @3/ @3\ A2\ D1+ B4\ G2+
8x8Trax_1375037 Gone with the Wind 19434 vs. Megababe : @0/ B1\ @1/ C2/
8x8Trax_1375052 chess fiend vs. Marko : @0/ B1\ B0\ A3\
8x8Trax_1375076 northrook vs. Marko : @0+ @1+ A2\ B0/ C1+ @3/ B4\ B1\ D0\ D4+ A5/ A6/ C0\ B2+ E2/ E1/ D0/ E5/ F5/ F7\ D8/ G6\
8x8Trax_1375164 crow57 vs. Jiggs : @0/ B1\ A2/ B2+ A0\ @2/ D2/ C1+ D1+ C0\ B1\ D4\ E4\ D1/ C0+ A1\ B0/ A4\ @4\ B1\ C0\
8x8Trax_1375245 keops vs. heidibb : @0/ B1+ A2\ C1\ B2\ @1/ @2\ C3+ A0\ @1\ C5+ G2\ F4\ F5\ E1/
8x8Trax_1375258 Peachy vs. Marko : @0/ A2\ B1/ B0+ B3\ C2/ A4/ @4/ C5\ D3\ B6\ E3/
8x8Trax_1375272 hANDYman the Rebel vs. Marko : @0+ @1+ B2/ B0/ B4/ C3/ @2\ A3+ C5+ A1\ @3/ C0/
8x8Trax_1375278 Sky vs. Marko : @0+ @1+ B2/ B0/ A1+ @1\ B0\ A1+ B0/ D4+ @2+ E5\ E6\ C0+ B2\ @2/ B1+ C0\ D1+ G6+ G5/ F4/
8x8Trax_1375336 supermac vs. drgnrdr : @0/ @1/ B0/ @1/ D1/ A0\ @1\ D4+ D0+ B5/ D6/ C7\ F5+ F2+ E6+ C0/ A6/ @6+ C7+
8x8Trax_1375359 heidibb vs. Dawn : @0+ A0/ B1\ B2\ C2\ C3\ D3\ C4/ @1/ F2+ B4\ D0+
8x8Trax_1375414 benallt vs. heidibb : @0+ @1\ B0+ C1\
8x8Trax_1375424 Christeeny vs. heidibb : @0+ @1\ B2/ C1/ A0\ @1\ A0\ @2+ @1\ A0\ B1/ A0/
8x8Trax_1375474 Whitey vs. heidibb : @0/ B1+ A0\ @2/ A1+ A0\ @1\ E3\ F3/ D4+
8x8Trax_1375496 GenghisKhanRidesAgain vs. Marko : @0+ B1+ C1+ D1+ E1/ E0/ @2+ @2+ @2+
8x8Trax_1375504 Sweet Pussycat vs. Marko : @0+ @1+ C1\ C2\ B3\ D2+ E2\ @1/ B3/ B4/ B5/ A2/ @2\ G3\ H3\ H4\ A1+ A0\
8x8Trax_1375646 Jac The Red vs. Marko : @0/ B1\ A2/ @2+ C0\ @1/ A3\ E1/ E0/ @2\ A1\ E4+ D5\ D6/ C6/ C7/ B7\ B6+
8x8Trax_1375872 * Sassy_Angel * vs. Oranges n Sweet Red Wine : @0/ A2\ B1/ B0+ @2+ C3+ @2+ E2/ F2\ F3+ D4\ E0/ F1/ G2/ G4+ H4\ H5\
8x8Trax_1376020 Lyonsgirl vs. Marko : @0/ B1\ A2/ @2+ B0+ @3+ B4+ B0/ A1+ @1\ B0/ D1/ D0+ E2\
8x8Trax_1376069 sandie vs. Marko : @0+ @1+ A2\ B0/ C1+ B4\ C4\ D2/ A1+ B0/ B0\ @3/
8x8Trax_1376075 Domtrex vs. Marko : @0/ A2\ @2/ C1\
8x8Trax_1376089 Kingpin1 vs. Marko : @0/ A2\ A3\ B2/
8x8Trax_1376193 Morticia vs. Sweetcheeks : @0+ B1\ A0+ B3/ B4\ C2\ A3/ C4\ D3/ @2\ C1+ E0/ F3\ E5\ E6\ D7\ C1+ F6\ G4/ B1+ F7\ D0\ C1+
8x8Trax_1376194 Rimon vs. Honeybear : @0/ B1\ A2/ @2/ @2+ C3+ D3\ E3+ C4+ F1/ F0/ G3\ F4+ G4+ F5/ E6\ C1/ F0/ H4+
8x8Trax_1376250 supermac vs. SweetCindyJo : @0/ B1\ B2\ A0\ @2\
8x8Trax_1376395 rockdude vs. Marko : @0+ B1+ A2\ A0\ @1+ C4\ D4\ B0/ C1/ C0/ D2/ D5+ E5+ E3/ F4/ D1+ E1/ F1/ A2+ E7\ F7\ F8\ G6+
8x8Trax_1376505 Tiki vs. Marko : @0+ @1+ A2\ A0\ B4\ C4/
8x8Trax_1376815 heidibb vs. lordricey : @0+ A2\ A0/ B2\ C2+ B3\ D2/ @2\ C0/ F2/ F1/ A1\ C0\
8x8Trax_1376978 blondie vs. Marko : @0+ @1+ A0/ A3/ B3+ C3\ C4\ C5\ @3+ C0/ D2\ E3/ @4+ C7/ B6+ F7+ C8/ B8/ A8/ @5+ @5/ A6/ H6/ G1+ H5/ E1\ D1\ C1\ B3\
8x8Trax_1377157 superkaempe the gentle giant vs. Marko : @0+ @1+ A0/ B3\ B0\ A4/ A5/ @2+ C5\ B6+ C0/ D3+ C7+ B8/ B1+ D5+ A6/ E5\ F6/ E2/ D1+ D7+ F2\ F3+ E8+ G6\ F1+ H6/ G5+ H5/
8x8Trax_1377315 dolly vs. Marko : @0/ A2\ B1/ B0+ @3\ @1+ A0\ B5/ A5/ @4/ @4/ A5/ D6+ C0+ B2/ G3\ @5+ C1+ D0+
8x8Trax_1377365 Chef Jeff 1 vs. JiffyJeff : @0+ @1+ A0+ @2+ B3+ @2+ @2/ F2+ B3+ G2\ G3\ F4\ D4+ H3\ D5/ H4/
8x8Trax_1377728 Thrush MIA vs. Marko : @0/ B1\ @1/ B2\
8x8Trax_1378061 Honeybear vs. LilSis : @0/ A2\ B1/ C1+ A0\ @1\ B4/ A4/ D1/ D0/ E3\ E4\ F4\ D6\ D7\ E7\ @5/ G7/ H3+ A2/ B4+ B1/ D8+ A1+ C1+
8x8Trax_1378064 Dougy29 vs. keops : @0/ A2/ A0\ @2/ B0+ C2\ B0\ A1\ C1/ D2/
8x8Trax_1378086 Rimon vs. drgnrdr : @0/ @1/ A0/ @2/ C1+ D2/ A3+ B4/
8x8Trax_1378158 Rimon vs. Megababe : @0/ A0/ B1+ A3/ @3+ D1/ B0+ D4\ B5+ E2\
8x8Trax_1378201 wolfie5 vs. Marko : @0/ B1\ B2\ C2+ C3+ A0/ @2\ D0+ E3\ A2\ B1+ A1+ A0+ @4/ B5+ A1\ @3/ D6/ E1/ D0+
8x8Trax_1378235 keops vs. missybaby : @0/ @1\ A0/
8x8Trax_1378420 s_strum vs. ejd : @0+ A0+ A3/ @2\ C2\ @2/ B0/ A4/ A5/ A2\ @3/ D5+ A4+ E6\ F5/ B1\ C0/ D7+ @4/ @4\ C3+
8x8Trax_1378552 Sarah vs. Marko : @0+ A0+ A3+ @2+ B4+ C4/ A4/ @4+ B5\ A2+ C5+ B6\ A6+ @6/ A7/ B8+ D8+
8x8Trax_1378626 SweetCindyJo vs. umlayla : @0/ B1\ B2\ A2+ @2/ A3/ @3/ B4\ C4\ E2\ B5\ C5\ D4\ D5+ D6/
8x8Trax_1378652 Gone with the Wind 35431 vs. keops : @0+ A2\ B2/ A3/ A0/ @3/
8x8Trax_1378860 Megababe vs. Jane : @0/ B1/ @1\ A0\ @1\ C3/ B0+ C1/ C0/ D1/ E3+ F3+ @4+ D0+ B2+ A2/ @5\ F7+ E8+ B7+ H5+ A7\
8x8Trax_1378966 narses vs. Marko : @0/ A2\ @1/ C2/
8x8Trax_1379537 Zanda vs. keops : @0/ @1/ B0\ A3/ A1+ @1\ B4\ C0/ D2+ C0/ B2+ D4+ E3+ E2+ F3+ E1/ E0/ C1+ A2+ @2+ F0+ G1\
8x8Trax_1379540 Zanda vs. keops : @0/ A2/ @1\ B0/ @2\ D2+ E2/ D0\ B2\ D5\ E4+ A5/ A6/ @4/
8x8Trax_1379797 chuckles the clown vs. marygal : @0+ B1+ B2/ B0/ A4\ A1\ A0\ C4/ @2+ A4+ E3+ C1+ @2+ @2/ A3/ B1+ @3+
8x8Trax_1379974 ellieoop vs. Megababe : @0/ A0/ B1/ B0+ B0+ A5/ @5+ D2\ @4\ A3+ B6+ C6+ B7+ A5+ B8+
8x8Trax_1379995 snowwhite vs. Marko : @0/ B1\ B0/ B3/
8x8Trax_1379997 Dave (UK) vs. drgnrdr : @0/ A0/ @2/ A0/ A4/ @1\ A0\ @5/ A6/ C6+ C7/ E6\ E7\ D8\ B8+ F5+ G6/ @6+ G2/ G8+
8x8Trax_1380091 Carmelo15 vs. keops : @0+ A2\ A3\ B2/ B4/ @2+ C1/ D4\ B5\ A6/ B7/ @5/
8x8Trax_1380132 RICKMORIN vs. keops : @0/ A2/ B2\ A3/ @2/ D2\ C3+ D0/ A4+ E2/
8x8Trax_1380358 marygal vs. littlelady : @0/ A2\ B2\ B3+ B1/ C1/ B0+ B5/ @3\ D4\ E3/ @3\ D0/ @2\ A1\ C7/ E7+ H4/ G3/ F0+ H4/
8x8Trax_1380452 keops vs. Dawn : @0/ A0/ B1/ A3+ B0/ B5/ C4\ @5\ E3+ A1+ @1/ C0+
8x8Trax_1380456 keops vs. DiGaWiD : @0/ A2+ B1\ B2\ A3/ C2+ B0/ D3+ A5/ @4\ D5\ D6\ A2\ @3\ B1/
8x8Trax_1380560 BlueEyedGoddess OTWP vs. spitfire : @0+ A0/ A3\ B3\ B4+ C4/ @2\ B0/ B0/ C0\ D8/ E7\ E6/ F6/ E5+ F4/ G5\ F7+ H6+ H5/ A6+
8x8Trax_1380561 spitfire vs. BlueEyedGoddess OTWP : @0+ @1/ A0\ @2/ D2/ @2\ A1\ B0/ @3/ D4\ A4\
8x8Trax_1380657 LilSis vs. spitfire : @0+ B1+ A0/ B3\ C3\ A3/ B4\ B0/ C1/ D3\ E2\ E3\ F3\ F4\ E5\ F5+ G5/
8x8Trax_1380659 spitfire vs. LilSis : @0+ @1/ A2/ B3/ B4\ C4\ A3+ @3\ D2\ C5/ B5/ B6/ @2/ B6\ B4+ C0\ A7/ @4/ A6\
8x8Trax_1380775 Cookie of the Wolf Pack MIA vs. spitfire : @0/ B1\ A2/ C1/ B0/
8x8Trax_1380776 spitfire vs. Cookie of the Wolf Pack MIA : @0/ @1\ A0/
8x8Trax_1380844 keops vs. DiGaWiD : @0/ A2/ B1/ @2+ A0+ @3+ C4/ D0+ A3+ @4+ F2+ @4+ E0\ D1\ H2/ G1\ D0\ G5\ C2+
8x8Trax_1381418 bigdan409 OTWP vs. spitfire : @0/ B1\ B2+ B3\ C1/ C0/ @2\ A1\ B4/ B5/ A3+ A0/ B1/ C0/ @7/ A8\
8x8Trax_1381420 spitfire vs. bigdan409 OTWP : @0+ @1+ @1/ A2\ A0\ @1\ B4/ A4/ @1\ B3+ @1\ E4\ D5/ C0/ A4/ @4/ D6/ C5/ B5/ B6/ H3/ D7+ G5/ G2/ H2+ F1+
8x8Trax_1381994 Rinny vs. spitfire : @0+ B1\ B0\ B3/ A3/ B0/ C1/ @3/ A4/ @4/ C5\ B6/ D5+ E2\ F2\ F1/ G2\ E3+ E0+ H4\ H5/
8x8Trax_1381995 spitfire vs. Rinny : @0+ @1/ A2/ B3\ C2/ B4+ B5+ @3\ D4\ E4\ C0+ C0\ C8+ B7/ B1\
8x8Trax_1382107 marygal vs. Freight Train : @0/ A2\ B2\ C2\ B1+ A0/ @2\ C0/ D1/ E4+ F3/ C0/ B2+ A2/ F5\ G5\ E6\ F3+ E1/ C0+ A2+ @3/ D0/ C1+ G8+ H4\ E2+ D8+ B7+ G2/ G1/ A1\ A7/
8x8Trax_1382144 Goonerg vs. What did you say : @0/ B1\ A2/ @2/ B0/ B4+ C4\ D4+ D5\ B0/ B0/ E5+ C0/ @4+ @5+ H5\ C1+ D8+ C8/ B7+ B8+ A8/ A3+ G7+ DRAW
8x8Trax_1382194 keops vs. DIRKSTRA : @0/ B1\ A2/ A0/ A0/ C2+ D3/ C4+ A5/ B6+ @1\ A0\ C1+ C0/ @2\ C1+ E8\ @4+ @4\ C8+ A5+ H2+ A1\
8x8Trax_1382302 Buz vs. drgnrdr : @0+ B1\ A0+ @2/ C3\ B4+ @3/ A2+ A4+ A1\ @1\ C0+ @2\ A5/ C6+
8x8Trax_1382308 Buz vs. drgnrdr : @0+ @1\ B2+ B3/ A3/ @1\ B4+ A4\ @1/
8x8Trax_1382316 drgnrdr vs. Buz : @0/ A0+ B1\ B0/ C1\
8x8Trax_1382406 Morpho vs. keops : @0+ A2\ B1/ A0\ @2/ B0+ @3+ E1/ E0/ E5\ F4\ D6\
8x8Trax_1382411 AWOL 33769 vs. keops : @0/ A2/ A3/ @2/ B0/ A4/ A5/ C4+ @5\ A2+ B0+ @2/
8x8Trax_1382423 Chef Jeff 1 vs. mgraca : @0+ @1+ A0+ B1+ A0+ A0\ A5+ B1/ A0\ A0\ @2+ C1/ B0\ D7/ A8\ @6\ E2/ F6+ E1+
8x8Trax_1382795 supermac vs. nisqually : @0/ B1/ A0\ @1\ C0/ D3/ C4+ C0/ @3\ E2+ F5\ E6/ B5/ D0\ B7\
8x8Trax_1382796 nisqually vs. supermac : @0/ B1\ A2/ @2/ @2/ C3+ D2\ E2\ D3\ D4\ E3\ A4/ D5\ @3/
8x8Trax_1382799 supermac vs. spitfire : @0/ B1/ A0\ @2/ D2\ D3\ E2\ A1\ @2/ C3+ D4/ B4/ B5\
8x8Trax_1382800 spitfire vs. supermac : @0+ @1/ A0\ @2/ B3/ A3+ A4\ D3/ E2\ E1/ F2\ C0+
8x8Trax_1382807 Beaupol vs. supermac : @0+ @1\ B2+ C1/ A0\ A0+ @2/ B0\ A1\ @1+ D1+ @2\ C0+ B4+ B5/ B6/ C0+ D8+ @7+ A8/ @8/
8x8Trax_1382810 supermac vs. Beaupol : @0/ B1\ A2/ @2+ C2+ C3\ D3+ C4/ D4+ E3+ C5+ B5/ A5/ @2+ A1+ C0/ C0/ @4+ @4\ A3\
8x8Trax_1382811 supermac vs. wekke MIA : @0/ A2\ B1/ B0+ @2+ A0\ @2\
8x8Trax_1382812 wekke MIA vs. supermac : @0/ A2\ B2\ A3\ B1/ C1/ A0\ @2/ C4+ D4\ E4/ E3+
8x8Trax_1382813 supermac vs. Scorpius : @0/ A2+ A0\ @2/ C3\ A1\ @1\ B0+ D1/ E3/
8x8Trax_1382814 Scorpius vs. supermac : @0/ B1\ B2\ C2+ @1\ A0\ B3/ B4/ @3+ E1/ RESIGN
8x8Trax_1382896 supermac vs. Peeky : @0/ B1+ B0\ A3/ @3+ B4\ C0\ D2+ B0/ E3+ A0\ @1\ E1/ G4+ F2/
8x8Trax_1383024 Peeky vs. supermac : @0/ B1\ B2\ A2+ B3\ C3+ C4\ @3\ C0\ A1\ @1+ B0/
8x8Trax_1383116 keops vs. micromick : @0/ A2\ B1/ B0/ A4/ C1\ @4\
8x8Trax_1383285 heidibb vs. benallt : @0+ B1+ A2+ @1+ B0+ D2\ B0+ D4/ A4/ @3\ C5+ D5+ B6/ A2\ A6\
8x8Trax_1383359 crazy vs. heidibb : @0+ @1+ A0/ B3\ A3+ @3/ B4\ B0/ D4\ D5\ C6\ B7+ D6+ E6\ C8\ D8\ @7/ A8/
8x8Trax_1383364 heidibb vs. jbdobie : @0+ B1+ A2+ @1+ @1\ A0\ A3/ @3/ E3+ A1+ @2\ @2\ D4+ C0\ A4+ E1/ A5/ C0/
8x8Trax_1384530 supermac vs. Keizer Soze : @0/ @1/ A2+ C1+ B0/ C4+ D1\ C5\ D5\ E2/ D0/ B1+ @1+ E0/ B1+ B0+ @3\ A4+ @3\ A1+ H2/ E8/ D7+ B6/ A7\ D8/
8x8Trax_1384544 keops vs. Stinger : @0/ B1/ B0/ C1/ C0/ D1/ A0\ @2+ F2/ B0\ A1\ @4\ E6+ E7\ H6+ D7+ D0+
8x8Trax_1385233 heidibb vs. Yulene : @0/ B1\ B2\ A2+ @2/ B3\ B4\ C3\ D2+ @2\ A1\ E0/ B1+
8x8Trax_1385330 keops vs. maggies tavern : @0/ A2\ B2\ B1+ A3/ @2\ B0+ D3+ B0+ B0\ A1\ @2+ B0+ B0/ D1+ A7/ A8/
8x8Trax_1385439 keops vs. SarahMills : @0/ B1/ B0/ A0\ @3/ B4+ D4+ A5/ @4+ @4/ A5/ G4/ E5\ E6\ E7+ F6+ A8/ @8+ C3+ A4/ D1+
8x8Trax_1385441 SarahMills vs. keops : @0/ B1/ B2\ C2\ D2\ C3\ B4+ @3/ E1/ F2\ E4/ D0+ F5/ A1\ D0+ @4\
8x8Trax_1385721 keops vs. Nik : @0/ B1\ A2/ @2+ @2\ B0/ D1/ D3+ E2/
8x8Trax_1385755 Megababe vs. cpt_vimes : @0+ @1/ @1\ B2\ A0/
8x8Trax_1386019 ks vs. Megababe : @0+ B1\ A0+ @2/ A3/ @3/ A4/ @3+ D5+ A1+ @2/ B0\ D7+ B6+ D8+ @3+ F1+
8x8Trax_1386746 PinkyDot vs. Honeybear : @0/ B1\ A2/ @2/ B0/ A4\ @3+ D3+ C4\ C5\ D4\ E4\ D5\ A4+ @4/ D6\ F2+ A3\ @3+ E0+ E0\ @5/ B6/ B3+
8x8Trax_1386759 Adam vs. drgnrdr : @0/ A0/ @2+ @2\ A0+ D1\ D0+ B5+ E3/ F4\ F5/
8x8Trax_1387353 chuckles the clown vs. marygal : @0+ B1+ @1/ D1+ E1/ E0+ B3\ B1\ E0\ B5+ B6/ C0+ A2+ @2\ A6\ @4+ E6\ F6/
8x8Trax_1387857 Marko vs. ejd : @0+ @1\ A2/ @1\ B0+ C3\ C4\ B0/ D4+ @2\ A1\ A0\ E2/ @2\ F1\
8x8Trax_1388957 Scorpius vs. Whistler Gandalf : @0/ B1\ A2/ @2+ @1/ B0+ @3\ C4\ E4/ A4/ RESIGN
8x8Trax_1388958 Rimon vs. spitfire : @0/ A2\ B1/ A0/ @2/ A4/ C1/ @3/
8x8Trax_1388981 cocopuff vs. paganje : @0/ A2\ B2\ B1+ C1+ A0/ B0\ D4/ A5+ C5+ E3/ D2+ @2+ B0\ C1+ F6\ G6+ E7\
8x8Trax_1389095 STrek vs. SweetCindyJo : @0/ A2\ B1+ B2+ C2+ D2/ D1/ C3/ C0+
8x8Trax_1390001 keops vs. Heavenscent : @0/ B1+ A2\ B2+ C1/ C0+ D1/ B4/ @3+ @3+ @3+ G0\ A5/ A6/ @5+ D7+ B8/ A8+ E8+ F8\ G8+ F1+ E1\
8x8Trax_1390453 Megababe vs. Barbie : @0+ B1+ A2\ B0/ C1+ C3+ D3+ D4\ C4+ E2\ @2\ D0/ F2+ F1+ G5+ A2+ B1\ B0\ E7+ G7\ D8\ G3/ H5\ C8+
8x8Trax_1390763 Tesa vs. Misfit Lenrad6672 : @0/ A2\ B2\ B1+ B0\ B4\ @2+ D3+
8x8Trax_1390764 Misfit Lenrad6672 vs. Tesa : @0/ A2\ B1/ @2+ B0\ A1\ D1/ D0/ B5/ D3+ C1+ A0\ @1\ A4\ F2/ F1/ C0\ D7\ C8/ @2\ C7+ B7/ A5\ G1/ @7/ A8/ B1\ B3/ A3+ F8+
8x8Trax_1390767 Jay RAA vs. Misfit Lenrad6672 : @0+ A0/ B1/ @1\ B0/ A1+ D3\ C4/ @1\ A0\ B4/ A4/ @4/ E6\ F6\ D0/ E2+ @2\ A1\ A0\ @4+ G2+ E8+
8x8Trax_1390768 Misfit Lenrad6672 vs. Jay RAA : @0/ A2+ A0\ @1\ A2+ B4\ C4\ C5\ D5\ D1/ B0\ E3/
8x8Trax_1390771 Misfit Lenrad6672 vs. Alan : @0/ A2/ @1\ B0/ @3/ A4/ @2\ B1+ A1+ A0+ B1+ B0+ A1+ A0\ E6\ E7\ D7+ D8+ C8/ @3/ @4/ E3+
8x8Trax_1390772 Alan vs. Misfit Lenrad6672 : @0/ A2\ B1/ B2+ C2+ C3\ D2+ D4\ E3/ C0/ D1/ B4/ B5/ D6\ E2+ E0/ F2\ B8/ A7+ D1+ G3+ @7/
8x8Trax_1390773 POOK vs. Phil The Hat : @0+ A2/ @2\ B0/ A2\ @1/ D1\ D3\ E3\ D4/
8x8Trax_1390774 Phil The Hat vs. POOK : @0/ @1+ C1/ B0/ C1+ C0+ C0\ B1/ A5/ B5+ B6\ D5/ D3/ @5/ A3+ A7/ @4+
8x8Trax_1390779 Phil The Hat vs. DINGEROO : @0/ B1\ B2\ C2\ D2+ C3\ E1\ B0\ D0+ E0/ F3+ G3\ B1\ C0\ A3\
8x8Trax_1390780 DINGEROO vs. Phil The Hat : @0/ @1/ A2/ @2\ D2\ B3/ A4/ @2+ E3+ E4\ B5/ @2+ G2\ D5+ F6\ G6\ H4/ B5/ A4/ C6+
8x8Trax_1390781 Phil The Hat vs. MomofJade : @0/ A2\ B1/ @1/ @1/ @1/ @1/ B0/ @1/ E1\ F4+ A4/ A5/ H1\ E5\ B6\ D0/
8x8Trax_1390782 MomofJade vs. Phil The Hat : @0/ @1/ C1+ C0/ C0/ C0/ A3+ B1\ A0/ B0\ A0/ C8+ D6+ D3/ E3/ @3+
8x8Trax_1390787 Shariann vs. supermac : @0+ @1/ B2\ C2+ C3\ B3+ D2/ D0/ E1/ D5/ @3+ D6\ F5\ G3\ @3+ H5\ H6\
8x8Trax_1390788 supermac vs. Shariann : @0/ B1\ A2/ @2/ C2\ B3/ A3+ A4\ C3\ D2\ B0/ @2\ E0/ F1/ B1\ B0\ A3\
8x8Trax_1390791 kittlekitten vs. supermac : @0+ @1/ @1\ B0/ A1+ A0+ @2/ E3\ D4/ C4+ E5\ F3\ E2+ C5+ E6\ F6\ G3\ E7+
8x8Trax_1390792 supermac vs. kittlekitten : @0/ A2\ B2\ B3+ @2+ @2/ C4+ @3\ A1\ @2/ D0+
8x8Trax_1390795 supermac vs. Slypher The Sky Dragon : @0/ A2\ B2\ B3+ @2/ C4+ D3\ C5+ E3\ C6+ E2/ C7\ C1/
8x8Trax_1390796 Slypher The Sky Dragon vs. supermac : @0/ A2\ B1/ B0+ @2/ B0/ B5+ @4\ D5\ E2\ F4/ E6/ F3/ A6/ G3\ @6\
8x8Trax_1390811 Kran vs. Arctic Warrior : @0/ B1\ A2/ @1/ C2\ C3\ D2+ A2/ B3+ D4/ E2/ B0/ E5\ F5+ E6/
8x8Trax_1390812 Arctic Warrior vs. Kran : @0/ A2\ B2\ B3/ C3/ C4\ D4\ C1/ D1/ B0+ B0/ D0/ E1/ C0\ B1\ A1\ @4/ F3+ @4/ A5/ B3+ @4+ G7/ H7/ A6/ A7/ D7/ B7\ A8/ B8+ H8+ B2+ A1\
8x8Trax_1390813 Kran vs. keops : @0/ B1/ C1\ C2\ D2+ C0+ @2\ A1\ B1+ D0+ C4+ D0/ D0\ C1\ B1\ E2/ F3+ F6/ G4\ G6\ G2/ G7/
8x8Trax_1390814 keops vs. Kran : @0/ A2\ B1/ B0+ @2+ C0\ D2+ @1\ C0/ D0\ B6/ C7\ F4+ A5/ @4\ B1\ D0/ H5\ H6\ E7+ B7/ A7/ A8/
8x8Trax_1390815 Cachel vs. Arctic Warrior : @0+ B1+ @1/ A2/ @1\ A0\ B4+ @2+ @2/ G2\ A4/ @3\ D5+ F1/ E0/ D7/ G5+ G6\ E7+ H5+
8x8Trax_1390816 Arctic Warrior vs. Cachel : @0/ A2+ B1/ C1+ @2+ D0\ C4\ A1\ B0/ @3/ @3+ @2/ B1\ D0\ G2\ A2\ @2\ C1+ F0/ D6+ E7\ E8\ D7+ B6\ A5/ B1+ A6/ B7+ A7+ B8\ A8/ G1+ H2+ H7\ G8\ H8+
8x8Trax_1390817 Cachel vs. keops : @0/ A2/ A0\ @2/ A3+ C2+ C1+ D2+ B4+ @3+ A4\ F2+ @4\ A5+ @4+ A3\
8x8Trax_1390818 keops vs. Cachel : @0/ B1\ B2\ C2+ A0/ D3+ D1/ C0+ @3+ B1+ @3+ G2/ F1/ A1\ B0+ F6/ @4+
8x8Trax_1390819 Arctic Warrior vs. keops : @0/ B1/ C1\ C2\ D2+ C0+ C0/ E1+ E0/ F1/ G1/ E0\ E0\ D1\ C1\ D8+
8x8Trax_1390820 keops vs. Arctic Warrior : @0/ B1\ B2\ C2+ B0+ C4/ A4+ A5/ @5/ B6/ A2\ @5/ B1/
8x8Trax_1390821 goldfreckles vs. Morticia : @0+ @1+ B2/ A0\ C2/ C1/ A0\ @3+ @3/ A2+ A4\ @2+ @3\ B4+ D5+ B5/ G4+ F5+ @4\ A3\ G1+ G0/
8x8Trax_1390822 Morticia vs. goldfreckles : @0/ B1\ A2/ @2\ A1+ A0\ A0+ C2+ @1/ B0+ @4+ @3\ A2\ A1\ C5/ E6/ B5/ F5+ E1+ C6/ D7\ A4+ @1\ D0+ F1+ @3+ B6+ D7+ D8\ C7/ B7/ A8/ H1/ A1\
8x8Trax_1390827 Morticia vs. napper : @0/ B1\ A2/ @2+ @2+ D0/ E2/
8x8Trax_1390828 napper vs. Morticia : @0+ B1+ A0/ A3/ @1/ A0+ C4+ D3+ A0+ @2+ A1+ B0/ @3/ B6/ C7\ A5+ @6\ B7+ @5/ B8\
8x8Trax_1390829 Morticia vs. rapscallion : @0/ B1\ A2/ B2+ C2\ C3\ A4+ B5/ @2\ E5\ E3+ D6\
8x8Trax_1390830 rapscallion vs. Morticia : @0+ @1/ B2/ C1+ B3/ A2/ A0\ @1\ D4\ C5/ A2+ @2/ E1/ D0+
8x8Trax_1390835 dab vs. Rogue Trooper : @0+ A0/ B1/ C1\ B0+ @2/ B4+ @1\ A0\ E2+ D1+ B1+ @2\ B0+ A1\ A0\ @3/ @4+ C0/ E8+ A4+ C7+
8x8Trax_1390836 Rogue Trooper vs. dab : @0/ B1\ A2/ @2+ B0+ C3+ B0+ C5\ C6\ D6\ D7\ E7\ E8\ F6/ A5+
8x8Trax_1390839 jbdobie vs. Rogue Trooper : @0/ A0+ @2/ C1+ B3/ B4/ B5+ C4\ B6/ B0/ B8\ C8+ D1\ A6\ D6+ D7\
8x8Trax_1390840 Rogue Trooper vs. jbdobie : @0/ A0/ A0+ @1+ A0\ @1\ C5/ C6/ D4+ A6+ @2+ C0+ D1/ E1+ F3\
8x8Trax_1390843 Rogue Trooper vs. irishmiss : @0/ B1\ A2/ A0/ B3\ B4\ C3+ B0+ C6/ C0/ D3+ B8\ E2/ E1/ D7+ E6\ F4\ @4\ A6/ @6/ B3+ B2/ A3/ H6\ H8+ C1\ A1+
8x8Trax_1390844 irishmiss vs. Rogue Trooper : @0/ A0+ A0/ @1/ C2\ C0\ D2+ D0/ B1+ E2/
8x8Trax_1390845 Dania59 vs. Honeybear : @0/ A2\ B1/ B0/ @2/ D1\
8x8Trax_1390846 Honeybear vs. Dania59 : @0/ A2/ A0\ @1\ B4\ C4\ A0\
8x8Trax_1390851 Honeybear vs. Nina : @0/ B1\ B2\ C2+ B3\ D1/ B0\ @1\ A0\ A4/ @4+ D6\ A2\ @3+
8x8Trax_1390852 Nina vs. Honeybear : @0+ B1/ C1\ C2\ D2+ D3\ D0/ E2+ E1+ F1/ C0\ B1\ @2\ F4+ A1\ B0/ F7\ G6/ H4/ F2+ F0+ H3/ H2+ G8\ H7+ C6+ E8/ D7+ C8+ A5/ A2+ B8/ B1\ A1\ H1/ H8+
8x8Trax_1390853 Honeybear vs. Beaupol : @0/ A2\ B1/ B0+ C2/ C3\ D2/ @2\ D4\ A4/ C5+ @2/
8x8Trax_1390854 Beaupol vs. Honeybear : @0+ B1\ A0+ B3/ A0+ A4+ @2/ B5\ D5+ B6/ A4/ @3\ F4\ G5/ E6+ D7\ C7+ C0\ B1\
8x8Trax_1390861 FixitDave vs. STrek : @0/ B1\ A2/ @2+ B0+ @3+ D3+ D4\ B4+ @3+ E5+ F4+ G3\ F2+ E1+ B5/ D6+ F5\ D0+ C8\ B8+
8x8Trax_1390862 STrek vs. FixitDave : @0/ A2\ B2+ B1+ C2+ C1/ B3\ D1+ B0+ E2\ D4+ D5+ D6+ C0\ D1+ C0/ D1+
8x8Trax_1390865 aerohiker vs. STrek : @0/ B1/ A2+ A3+ C1+ B0+ @3+ C0+ @4+ C6+ C7\ D7\ D8\ F8+
8x8Trax_1390866 STrek vs. aerohiker : @0/ B1/ A2+ B3\ C3+ C2+ D2+ C4+ @2\ E3+ F2+ G2\ G3\ B0+ B0+ G6+ H4+ E7+ F3+ G7\ F8/ C6+ H7\ B6/ C7+ D2+ D1+ E1/ F2+ H8\ F1/ G1\ G2\ H3/ A7/ B8+ C8\ A8+ A1\
8x8Trax_1390867 Freight Train vs. STrek : @0/ A2\ B1/ B2+ C2+ B3+ C3+ C4+ B4+ C5+ D3/ @2+ @2/ A3/ D0/ F2+ E7/ D7/ D8/ G2+ @5\
8x8Trax_1390868 STrek vs. Freight Train : @0/ A2\ B1+ B2+ C2+ D2/ D1/ D3/ E3+ D4\ E4\ D5\ C4+ F2\ B3+ E5+ A4\ @2\ B5/ A4\ D6/
8x8Trax_1390873 Rimon vs. firefly : @0+ @1/ A0\ @1\ A0/ B4/ A3+ A0\ @2/ A1+ B0/ C2+ @5+ B6+ C7\ E3/ F3+ F6+ E1+ F1/ B8/ G4+ A7/
8x8Trax_1390874 firefly vs. Rimon : @0/ B1\ A2/ @2+ A3+ @1\ A0\ D1+ C1+ B0/ A1+ A0+ @2/ C7+ B0+
8x8Trax_1390877 dingbat vs. firefly : @0/ B1\ A2/ B2+ @2+ C3\ @2\ A0+ C0\ D2+ E4+ E3/ @2\ A1\ @2\ H3+ A1\ A0\
8x8Trax_1390878 firefly vs. dingbat : @0/ @1/ A2/ B0+ C1/ C2+ B0+ B0/ D1+ @4+ A2+ E0\ E0+ C2+ @4\ A3\ @3\ A2\ B1+ C8/ B8/ A6/ @3+ F1+
8x8Trax_1390879 BrnIdGirl vs. firefly : @0/ B1\ B2\ A2+ @2\ B3/ B4/ D2+ B0/ E3+ @3\ F2+ C0\ B1+ G4+ @2+
8x8Trax_1390880 firefly vs. BrnIdGirl : @0/ B1\ A2/ A3/ B2+ @2/ A3/ B4/ A4/ A5/ @5/ A6/ @6/ A7/ @7/ A8/ @8/ H3/ H1+
8x8Trax_1390921 Pittsburgh Steelers vs. B Line electric streetcar : @0/ A0/ B1\ B2+ @1/ @1/ A2\ C3+ C4/ E1\ B3/ A4\ E3\ D4\
8x8Trax_1390922 B Line electric streetcar vs. Pittsburgh Steelers : @0/ B1+ B2\ @1\ A0/
8x8Trax_1390925 Buz vs. B Line electric streetcar : @0+ @1+ A2\ B0/ C1+ D2/ C3+ D4/ E2/ D5/ A4+ C0/ @4\ G1/ F0\ G7\ H5+ G8/
8x8Trax_1390926 B Line electric streetcar vs. Buz : @0/ B1+ B2\ B3+ B4/ @3+ @2/ B1+ C5\ E3/ A5/ E5\ B6/
8x8Trax_1390927 SarahMills vs. B Line electric streetcar : @0/ @1/ B0/ B0+ C3/ C2/ B4+ @1+ A0\ D1+ @4/ A5/ A6/ @5+ D0+ B2+ C0\ B1+
8x8Trax_1390928 B Line electric streetcar vs. SarahMills : @0+ @1+ C1/ C0/ C0/ @3+ B1\ A0/ B5/
8x8Trax_1390929 marygal vs. Barbie : @0+ B1+ A2\ B0/ C2/ @2+ D3+ @2+ E1+ @2+ G3+ F4/ D1+ F0/ E1\ F0/ D2\ @4+ H2/ H1/
8x8Trax_1390930 Barbie vs. marygal : @0+ @1+ A0/ A3/ @3+ B4/ @3+ D3+ E4/ D5+ @3+ G4/ @3+ G2/ H2+
8x8Trax_1390931 marygal vs. shaper : @0+ @1\ A2/ @2/ C2+ B0/ C1/ A2\ @3/ @3/ A2+ F3\ D4/ C4/ E5\ A1+ @1/ G2+ B4\ C0\ C6/ D7\ A6/ @4/
8x8Trax_1390932 shaper vs. marygal : @0+ @1\ A2/ @1\ C2+ B3\ D1\ @1/ A2/ @2/ B3+
8x8Trax_1390933 marygal vs. pauchie : @0/ A2+ @2\ B3\ C1/ D1+ C0\ @3/ B4+ B5/ A5/ @4/ B2+ B6/ A5/ @5/ B6/ B7/ A6/ B8+ F6/ H4+ A7+ A8+
8x8Trax_1390934 pauchie vs. marygal : @0+ @1+ B2\ @1+ C0/ D2/ E2/ D1/ E1+ E0/ F4\ E5/ D5+ C1\ A4\ D0/
8x8Trax_1390941 Sarah vs. Whistler Gandalf : @0+ @1+ @1/ B2+ B3+ C3\ D2\ B4+ A4/ @4/ A5/ @3\ D0+ @5+ D7+ D8\ F8+
8x8Trax_1390942 Whistler Gandalf vs. Sarah : @0/ B1+ A0\ @2/ A3+ D2+ B4+ @3+ E4\ D5/ F3+ B4/ B1+ A1\ @1+ B0/ @4/ A5/ A6/ E7\ G7+ G8\ H8\ G2+ D8+ C7/ A7/ B8/ E1+ B1+ A1+ G1+ DRAW
8x8Trax_1390945 Sarah vs. paganje : @0+ @1\ B2+ C1/ C0/ D1/ B0\ C0+ E3+ B0/ A2\ @2\ F2+ @2\ A1\ D0+ A6/ @4+ C7\
8x8Trax_1390946 paganje vs. Sarah : @0/ B1+ A0\ @1\ A2+ B3/ @1\ A0\ @2+ @3\ B0\ A1\ @1\ E6\ @1\ C0/ C6+ D7/ G8/ B5+
8x8Trax_1390947 Whistler Gandalf vs. dboy97 : @0+ A0\ A3/ @1\ @1+ A0\ @4/ A5/ A1+ @4+ D1+ F2\ D0/ A3\ @5\ E6+ D7\ C7+ C8+ B8/ A8/ @6+ A4\ A3\ F8\ G6\ H6\ B2+ B1+ A1\
8x8Trax_1390948 dboy97 vs. Whistler Gandalf : @0+ @1+ A0/ A3/ C1\ B3\ B4\ @1/ B0\ C1+ E5\ D6/ @3+ F1/ G4+ E0/
8x8Trax_1390949 Whistler Gandalf vs. paganje : @0+ @1\ A2/ @2/ A3+ A1\ @2/ E1/ B0+ C0\ C6\ D5/ A3\ @3\ F4\ G2\ B1+ E6+ H1/ H0/ D1+ G0/
8x8Trax_1390950 paganje vs. Whistler Gandalf : @0/ B1\ A2/ @2+ B0+ @2+ B4+ @1\ B0/ A3+ D1+ D0\ A2\ A1\ C0/ E3+ B0+ @4+ @4\ A2+ H5/ G2+ B1+ C7/ G7\ F8+ C8\ A6+ H2/ F1+ A8/ H8+ A1\
8x8Trax_1390951 dboy97 vs. paganje : @0+ B1/ B0+ @1/ B0\ A1+ C4/ D2/ D3+ E2/ F3\ F4/
8x8Trax_1390952 paganje vs. dboy97 : @0/ A0/ @2+ A3+ @1\ A0\ C1\ B5+ A0\ @1\ @1\ C0/ B0+ @1+
8x8Trax_1391654 Chad vs. dboy97 : @0/ @1+ A0\ @2+ B3\ B4\ B5\ A4+ A0/ @3/ E6\ D7/ E1/ D0+ F3\
8x8Trax_1391956 Hoosierenvy vs. marygal : @0/ A2\ B2\ B1+ C2\ D2\ C3\ C4\ D4\ D5/ E3+ C5+ B0/
8x8Trax_1392664 Megababe vs. Jay RAA : @0+ B1\ C1\ @1/ A2/ @2/ A3/ @1\ A0\ D5+ B6\ G3+ A6/ @3+
8x8Trax_1392884 taffy vs. Megababe : @0/ B1\ A2/ @1+ A3\ C2\ @1/ C0+ D1+ E2+
8x8Trax_1392922 Megababe vs. Jay RAA : @0+ B1\ @1\ A0\ B0\ D3+ C1/ B0\ A2\ D3/ B5/ @2\ E2/ F2/ B1+ C6/ B0\ E7\ E8\ G4+
8x8Trax_1392952 taffy vs. Megababe : @0+ A0+ A0/ @2/ C2+ @2/ C4\ D3\ D4+ E2+ E1+ A4/ @4/ D5/
8x8Trax_1393469 B Line electric streetcar vs. dolly : @0+ @1\ B0/ B0/ C1/ C0/ D1/ C0+ @2+ F4+ @2/ C0+ A6/ F7+ C7/
8x8Trax_1393503 Marko vs. ellieoop : @0/ A2+ @2+ B3+ A1\ B0+ B0\ A2\ @2\ B1\ B0\ A2\ @2\ B1\ E3\ A1\ E1/ D7+ F3/
8x8Trax_1393566 spitfire vs. Megababe : @0+ B1/ B2\ C1/ A2+ @2/ A3/ B0+ A1\ @4+ @3+ D0\ B6/ A5/ A6+ @4+ A3\ G1/ G0+ H2\
8x8Trax_1393765 mammacat MIA vs. marygal : @0/ B1\ A2/ B2+ A3\ @1/ B4\ A3+ D2\ C3\ B0+ D4\ B0+ D6/ @4\ C7/ C8/ B7+ D7\ F5/ E8/ F7+ A7/
8x8Trax_1394301 Jump This vs. Dawn : @0/ A0/ A3/ B3+ A0/ @4/ B5\ D2+ C0\ @5/ E0/ F3\ A1+ @6/ E0\
8x8Trax_1394437 Megababe vs. Jay RAA : @0+ B1\ @1\ C2\ B3\ D2+ A3/ @2/ C4/
8x8Trax_1394656 Jay RAA vs. Megababe : @0+ A2+ A0+ B1\ @2/ C3+ B0+ A2+ B5+ B0/ C1/ D4/ C0+ B0/ A2\ A1\ @1\
8x8Trax_1394730 Megababe vs. Jay RAA : @0+ B1\ C1\ D1/ C0\ @2/ A3/ D4\ E4\ F3\ B1/ B5/ B0/ G3/ F2\ A2+ @3+ H2+ C0/ H2+ D0\ H2+
8x8Trax_1395326 lordricey vs. keops : @0+ B1+ A2\ A0\ @1\ D2+ @2/ A3/ A4/ @4/ C5\ A0\ @1\ E1/ C7+ C0/
8x8Trax_1395591 Jump This vs. P_LizardBrain : @0/ A0\ @1/
8x8Trax_1395651 Beaupol vs. STrek : @0+ B1/ A2+ @1/ B3+ C0+ D1/ C0+ E2/ C0+ E4\ D5+ D6/
8x8Trax_1395770 Jac The Red vs. Marko : @0/ A2\ B1/ B0+ B3\ C1\ C0\ C4\ D3/ D0/ E2\ @3\ A2\ A1\ C0\ D7+ E7\ F6\ E8/ A7/ C8\ @6\
8x8Trax_1396570 keops vs. Lavender Ashes : @0/ B1\ A2/ B2+ B3/ @2/ B3/ B4/ A3/ @3/ B4/ B5/ A4/ E2\ A5/ B6+ D7+ F4/ F3/ G5\ F1/ F0/ G3/
8x8Trax_1396742 Marko vs. ejd : @0+ @1\ B2/ B3/ @1\ D1\ B0+
8x8Trax_1397769 dingbat vs. Morticia : @0/ A2+ A3/ B1+ C1\ B3+ @3+ C4\ @3\ B1+ C0+ B5/ B6/ F5+ G4+ F2+ E1+ G5+ G6\ F6+ C6\ A7\ D7+ E8/ F8+ A8\ H4/
8x8Trax_1397951 Bret vs. drgnrdr : @0+ @1/ B2/ A2+ @2\ B0\ D3\ C4\
8x8Trax_1397995 Jiggs vs. crow57 : @0/ A2\ B2\ B3\ B1/ C2\ @2\ @1\ B0/ A1+ B5/ A4\ E2+ A5/ B0/ @6\
8x8Trax_1398030 NightWishes vs. Honeybear : @0/ B1\ B2\ C2\ A0/ A3+ B4\ B5\ C4\ A0\ @2/ D6+ E6\ A4\ D1/ E3+ F5\
8x8Trax_1398117 Marko vs. ejd : @0+ B1\ B0\ @2/ A3/ B0\ A2+ @2\ B1\ B0\ A1\ E3/ @2+
8x8Trax_1398555 keops vs. DiGaWiD : @0/ A2/ B1/ @2+ C0\ B1\ @2/ A1+ C4+ D0+ C0+ A2+ C0+ B7/ @7+ A8/ @8/
8x8Trax_1398781 heidibb vs. DiGaWiD : @0/ B1/ @1+ B2+ @1\ C0/ E2/ C4+ B3/ D1+ D4\ D0+ D6+ D0+ E7/ F5/ D8+ C2+ @4/ G7+ A2\ A1\ @4\
8x8Trax_1398938 Z MIA vs. Marko : @0+ @1+ B2/ A0\ @1\ C4\ D4\ D2+ C5+ E2+ A3+ @3/ B0\ B5+
8x8Trax_1398980 Megababe vs. Jay RAA : @0+ B1+ A2\ B0/ C1+ @3/ C4/ D3+ A2+ E4\ D5/ E3+ A4+ A5/ B6+ F4\ C7/ G4+ D7\ E6+
8x8Trax_1399027 Megababe vs. DiGaWiD : @0+ @1+ A0+ @2+ B3+ D2+ D1+ C0\ E2\ A2\ E4\ F3+ E1+ B0+ B0\ C6\ D7/ @5/ E2+ D8\ F8+ B6+ E1+
8x8Trax_1399028 Megababe vs. DiGaWiD : @0+ B1+ B0+ C2+ B3+ @2+ A1+ C0\ @2/ E2/ E4\ F2/ G3+ D0+ G1/ H2/ F0/
8x8Trax_1399085 Sarah vs. Megababe : @0+ B1\ B2/ @1/ A2/ @2/ A3/ C0/ C0/ E3/ D6/ C6+ E2+ B7\ F3/ B2+ E4\ F4+ C8/ @3+ @3/ B6+ G5+ F7\ F8+ G8\ H8+
8x8Trax_1399157 Megababe vs. Jay RAA : @0/ B1+ C1/ C0/ B0/ B0/ B5\ D5\ C6/ B0\ A3+ @4\ C8+ @4/ B6+ A8/ E2/ @7\ B6\
8x8Trax_1399189 Mikee vs. Megababe : @0+ @1/ B2/ B3/ C3\ B4/ C1/ D2\ A2/ @2+ A3+ E3+ F2\ D0/ D5+ A1\ @1\ D0\
8x8Trax_1399423 golfnutrof vs. Whistler Gandalf : @0+ A0+ A0+ B3/ @3/ B4\ D4+ E3/ E2/ E1/ C0/ F2+ E1\ F5\ D6\ G4\
8x8Trax_1399811 chuckles the clown vs. marygal : @0+ B1+ B0\ B3\ A0/ A4/ A5/ C3/ @3/ A2+ A4+ B0\ @5+ E1/ F1/ C0/
8x8Trax_1399903 Chef Jeff 1 vs. JiffyJeff : @0+ @1+ A0+ C2+ A3+ D2+ @2\ B0\ @1+ @1+ B0+ B0/ D7+ E3/ D2+ D8/ C8/ E1/ F1+
8x8Trax_1400025 marygal vs. Lyonsgirl : @0+ @1+ A2\ A0\ @1+ D3\ C4/ C1/ C0/ A4+ D2\ @3\ F4\ G4+ B1/ C0\ F6/ C7/ A2+ @4\ B6+ E7+ C0/ E1+
8x8Trax_1400026 Megababe vs. Shariann : @0+ B1/ C1/ A0+ @2/ B0\ C1+ B0/ C5+ C6\ E4+ F4\ E3/ D7/ B5+ G3/ E2/ E1/ H4+ C1+ C0+ E1/ G6+
8x8Trax_1400041 SweetCindyJo vs. ema : @0/ B1\ A2/ @2+ C2\ C3\ C0/ D2\ @3\ C1\ C0\ B2+ A5/ @4\ F4+ D5/ D6/ G5/ E6\ E7\ A5/ @5\
8x8Trax_1400120 heidibb vs. lordricey : @0/ B1\ B2\ C2+ A0/ B0\ @2+ E3+ B0+ F4+ @3\ @1\ A0\ E2/ F7+ D1\ A0/
8x8Trax_1400123 Bret vs. drgnrdr : @0+ @1/ A2+ B0/ A1+ @2/ @2\ A1+ C0\ B0/
8x8Trax_1400414 Rogue Trooper vs. MOI : @0/ A0/ @2/ C1+ D2/ C3\ C4+ D4\ E1\ D5+ A5/ A6+ @4/
8x8Trax_1402086 stones- A - rama vs. spitfire : @0/ @1\ B0/ A3/ @2\ A3/ B1+ @2\ C0\ B0/ E3/ A5+ C0\ @3/ A5/ E6\ @5+ E7/ D7/ B6/
8x8Trax_1402098 Dave (UK) vs. Jump This : @0/ @1/ A2+ C2/ B0+ A0/ @1+ B5\ C6/ A5+ @1/ E2/ E0/ F3/ C8+ G3+ A7/ H3+
8x8Trax_1402187 Rogue Trooper vs. keops : @0/ @1/ A0+ @1/ B3/ A2/ @2/ B3/ D0\ C0/ @3\ C2+ A5/ D0/ @5/
8x8Trax_1402298 Bret vs. drgnrdr : @0+ @1/ B2/ A0/ @2/ B3/ B4/ A3/ @3/ B4/ B5/ A5/ C6/ E3+ A6/ @3+ @3+ G1/ F0+ A7/ @7+ C8/
8x8Trax_1402310 marygal vs. no-one-here : @0/ A2\ B1/ B0\ B3\ C3\ A4/ @4/ B1\ A1\ D1/ D0/ E2/ A3/ @4\ C1+ E0/ C1+ C0/ E0/ F2+ G2/ G1/ F3\ G4+ G6/ H3+
8x8Trax_1402334 marygal vs. bejaye : @0/ B1\ B2\ C2\ A2/ B3+ B4/ A3/ @3/ B4/ B5/ A5/ @4\ @4\ A3\ A2+ @3/ A2+ G5\ @2+ A1/
8x8Trax_1404237 P_LizardBrain vs. Arctic Warrior : @0+ @1+ C1/ C0/ C3\ D3\ B3+ @2+ @2\ F1+ G3\ G1+ A1/ D0\ C1\ B4/ B5/ H2+ G1/ F0+
8x8Trax_1404333 Tigger vs. STrek :
8x8Trax_1404803 keops vs. Dawn : @0/ A0/ B1/ A3+ B0/ A5\ C2/ B6\ D4/ @5\ C7\ A1+ @4/ C0+
8x8Trax_1405022 JenJen vs. bubbly : @0/ A0\ @1/
8x8Trax_1405527 DavidJ vs. MIA 8194 : @0/ B1\ A2/ A0+ A0\ @1\ @1+ A0\ D3/ E3/ @5+ C1/ B6+
8x8Trax_1406569 faith64 vs. Marko : @0+ @1+ A0+ @2+ B3+ @2+ C4+ E2+ F2\ F3\ G3\ G4\ H3+ H1+
8x8Trax_1406573 drgnrdr vs. keops : @0/ A2/ B1\ @2+ @1/ A0+ C0\ D2+ A1\ @3/ @4\ B0/ C0+ @2\ C1+ @3+
8x8Trax_1406595 Goonerg vs. Rogue Trooper : @0/ A0+ B1/ C1/ C2/ D2/ C0+ D1\ E1\ E0/ F3/ A1\ B0+ @3\
8x8Trax_1406767 heidibb vs. pete panda : @0/ @1\ A0/
8x8Trax_1407071 DavidJ vs. Neon Rainbow : @0/ A2+ @1\ B0/ C2/ B4/ B5\ C5\ D2+ D1/ E4+ D6\ A5+ F4/ E2/ E1+ F1/ F0/ G3+
8x8Trax_1407074 DavidJ vs. Gone with the Wind 35741 : @0/ A2+ @1\ B0/ C2/ B4\ B5/ A5/ A3+ C1/ D3\ @2/ B1+ A5\ C0+
8x8Trax_1407077 DavidJ vs. MIA 35748 : @0/ B1+ @1\ A0\ @1+ A0/ C1/ B0\ A5/ @5/ D5\ C6/ F4/ C7/ G2+ A4\ F1+
8x8Trax_1407078 mammacat MIA vs. DavidJ : @0+ B1/ B2\ C2\ C3+ D2/ D1/ @1\ C0/ A0+ D1+ F3+ C6/ B4+ F1/ F0/ A5/ @3/ B7/ H4+
8x8Trax_1407081 DavidJ vs. MIA 35743 : @0/ A2+ @1\ B0/ C2+ B4\ D4\ D5\ D2/ E3\ D0/ E1/ F1/ A2\ A1\ A0\ F3\ G3\ A5+ C0+ @5+
8x8Trax_1408307 Morticia vs. aussielady : @0+ B1+ B2/ B0/ C1+ D2/ C3+ B4/ B5+ C6/ D6+ E4\ A1+ E3/ F3/ D7\ E7\ D8+ B8+
8x8Trax_1408558 paganje vs. drgnrdr : @0/ @1/ A2+ A3\ B0/ C2\ @2/ @3\ F2\ F3\ B4+ F4\ D5+ @2+ C5+ B5+ A5/ @2+ C0+ G1+ D7+ E0+ A2/ B1\ G7\ E8+ A8\ H8\ DRAW
8x8Trax_1408578 Honeybear vs. Jay RAA : @0/ A2+ A0\ @1\ A3/ @2+
8x8Trax_1408593 Nancy vs. Morticia : @0/ A2\ B2\ B3+ @1\ A0\ D4+ A4/ B5\ @3\
8x8Trax_1408639 keops vs. jbdobie : @0/ A0/ B1/ B3+ C3\ D3+ D4/
8x8Trax_1408722 mammacat MIA vs. marygal : @0+ A0/ B1\ A0\ @1\ A2+ A3/ @2\ B4+ D4\ D5\ B0\ A2\ D1/ A5+ C0/
8x8Trax_1408754 marygal vs. Missing 35747 : @0+ @1/ @1\ A0\ B3/ D2/ B1+ @2+ C0/ @3+ C5\ E1/ F5\ @3+ F6\
8x8Trax_1409017 Marko vs. ejd : @0+ B1\ B0/ C1/ B0+ C0/ D2\ A3\ A5/ @5/ A2/ @4\ D1\ D0\ B2\ A2\ @1/ F1/ D0/ A6+ A4/ @3\ D8+
8x8Trax_1409085 Ace1316 vs. SweetCindyJo : @0+ @1\ A2/ @1\ A2+ A3/ @3/ E1/ C0\ B1\ @4\ A2\ @3\ B1\ A2+
8x8Trax_1409108 DavidJ vs. Muffin : @0/ A2\ B1/ B0/ @1+ C3+ B0+
8x8Trax_1410366 chuckles the clown vs. marygal : @0+ B1+ A2\ B0/ A4\ C3/ @3/ E2/ C0/ E5\ F3\
8x8Trax_1410466 dingbat vs. Jump This : @0/ @1/ B2/ C2/ A2+ A3/ B3+ D3/ B4+ A5\ @5+ E2+ D5/ E1\ B6/ A1/ D6\ @4\
8x8Trax_1411045 Peeky vs. Knight Rider : @0/ A2/ @1+ B0+ C1/ C0+ C4/ B5\ D1/ D3\ E2\ C0+ E4\ D6\ A2+ C0+ @5\ C2\ D0\ B1+
8x8Trax_1411057 geneoo vs. Knight Rider : @0/ B1\ B2\ C2\ D2\ C0+ D4\ D5+ E4/ E2/ RESIGN
8x8Trax_1411115 DavidJ vs. MIA 8194 : @0/ B1\ A2/ @2/ B3\ C3+ D2\
8x8Trax_1411186 Morticia vs. Knight Rider : @0/ B1\ A2/ @2+ B0+ @3\ C0+ B5\ D5+ @2\ A1\ E6\ D0+ F7/ F4/ F3/ G6+ H4+ G2+ G1\ F1\ C2\ D0+ G8+
8x8Trax_1411355 Lowell vs. * Sassy_Angel * : @0+ B1\ A0+ @2/ B0+ B4+
8x8Trax_1412853 Dave (UK) vs. Honeybear : @0/ A2\ B2\ B3\ B4+ C3\ B5+ @3\ A1/ C6\ D5\ E3\ B5+ E5\ F4/ D6+ @4+ B6/ E7/ @3/ E1+ E0+ C1+ A6/ A7/ H7\ H8\ A8+ B2+ G1+ A1\
8x8Trax_1413312 mammacat MIA vs. marygal : @0/ B1\ B2+ B3/ A3/ A4/ C2+ @3+
8x8Trax_1413390 mammacat MIA vs. DavidJ : @0/ A2\ B1/ @1/ B0+ C3\ D2\
8x8Trax_1413471 Buz vs. Marko : @0+ @1+ A0/ A3/ C2/ A0\ @2/ C1+ E3\ C4\ D5/ E1/ C0/ F3\
8x8Trax_1413478 Buz vs. Marko : @0+ @1+ B2/ B0/ C3/ C4/ D2+ @3\ B4/ E4\ D5/ F2/ C6/ C0\ B1\ D1+ D0+ F1+ G4/ A6+ F7\ F8+ H4+ B8/ A7+ A8+ G8\ H1+ A2\
8x8Trax_1413941 DavidJ vs. mammacat MIA : @0/ B1\ A2/ @2+ B3\ C3\ C4\ D2/ A4/ B5\ @3+ @3+ E0\ B1/ @4+ B1\ H4+
8x8Trax_1414102 DavidJ vs. xjason : @0/ @1/ A2/ A3/ C3+ A4/ @4/ A5/ A6+ @4+ E7+ F5/ F4/ G4/ C8/ B7+ H7\ H8+ A6/ A8+ F1+ G2/ H2/ E8\
8x8Trax_1414338 pauchie vs. drgnrdr : @0+ B1\ A2/ A0/ C2+ D2/ B4\ C4\ C5\ D5\ E5+ C6+ @4\ D7/ @2\ A1\ C0/ G7\ G8\ @2+ B5+ H3+ DRAW
8x8Trax_1414409 pauchie vs. Misery Midnight : @0+ B1\ B2\ A3/ @3/ D3\ D4\ A1+ A0/ @1\ B0/ A3+ B6+ E7\ A6\
8x8Trax_1414412 DavidJ vs. xjason : @0/ A0/ B2/ A0\ @1\ @1\ C0/ D2\ E4\ C5+ F3/ F2/ F1/ B5\ G4\ E5\ E6\ A4+ H2+ D0+
8x8Trax_1414445 DavidJ vs. pepsi24 : @0/ A2\ B1/ @1/ D1\ D2\ E2\ C3/ A4/ @3\ F0/ G2\ C1+ E0/ D6\ C7/ A3/ A6/ @6+ A5\ A3/ C1/ D8+ H5\ G6+ H6+ B7/
8x8Trax_1415039 harmonydawn vs. Misery Midnight : @0/ B1\ B2+ B3/ A2/ A3+ @2+ @2/ A3/ @3/ C4\ C0\ B2+ D0/ E2+ E1+ F2+ G2/ G1/ C0\ F1+
8x8Trax_1415189 Morticia vs. Barbie : @0/ B1\ B2\ C2+ D2/ D0+ E2\ F2+ D0\ C5+ A1\ G3+ @2/
8x8Trax_1415283 Scorpius vs. Knight Rider : @0/ A2+ A3/ B1/ @3\ D2\ C3+ C4\ D4\ C0/ A3+ A2\ E3+ D6\ @3+ G3\ H5+ G7\ B6/ B7\
8x8Trax_1415418 irishmiss vs. Misery Midnight : @0+ B1\ A0/ @2/ C3\ C0/ D1/ D4/ D0\ B6+ D4/ @6/ A7+ @6/ A4\ C7+ C3\
8x8Trax_1415436 xjason vs. keops : @0/ A0/ A3/ B1/ C2+ A4+ @2+ C0/ C0/ E1+ @2+ A0+ C0+ F8\ G7\ H6+ F2\ G3/ G1\ H1/ DRAW
8x8Trax_1415591 Falsecut vs. Misery Midnight : @0/ B1\ A2/ @2/ C2\ C3\ @2+ C3/ C4/ A3\ D4\ C5/ E3+ E0/ F2\ D6\ E7/ D0\ C1\ F7+ @3/
8x8Trax_1415609 Morticia vs. HeatherN : @0/ B1\ B2\ C2+ B0+ A1+ D2\ @1/ C0+ C5\ C0+ B5/ A5/ B6/ C7\ E6+ B7+ D8\ C8+ A6+ @4+ B2\ B7+ A7/ @6/ A7/ C1+ B1\ A4\ @4\ A7/ A8\ B8+
8x8Trax_1415687 Peeky vs. HeatherN : @0/ B1/ B2\ C2\ C3+ B0\ A1\ @2/ C0+ D2+ E5\ @3/ B1/ C0/ F4/ E7\ @4\ A3\ H6/
8x8Trax_1415696 Elvis vs. Mainmang : @0+ B1+
8x8Trax_1415715 geneoo vs. HeatherN : @0+ @1/ B0+ A3/ A4+ A5\ RESIGN
8x8Trax_1415745 stanley7 vs. * Sassy_Angel * : @0/ A0\ B1\ @2+ A1+ @2/ A3/ A4\ C3\ B4\
8x8Trax_1415770 Megababe vs. xjason : @0+ @1/ C1/ C0/ B0/ A1/ B4+ C4+ D2/ C5/ B0/ E4+ D6+ @4/ A1\ @1/ A3\
8x8Trax_1415960 heidibb vs. xjason : @0/ A0/ B1\ B2\ A3/ B3+ C3\ A4/ @3+ D1/ E1+ C0/
8x8Trax_1416251 Marko vs. ejd : @0+ B1\ C1/ C0/ B1+ C3/ D1/ B0\ B0+ A1\ D6+ B6+ E5+
8x8Trax_1416323 Megababe vs. xjason : @0+ @1+ A2\ B0/ C1+ A1+ B4/ C4/ B5+ A5+ D2/ D5/ B6+ B0+ C1/ D0\ E1+
8x8Trax_1416347 Buz vs. Marko : @0+ @1+ B2/ A0\ C3/ B4/ @2\ C1/ C0/ E2+ E4+ F4+ A5/ C6/ @4\
8x8Trax_1416442 Megababe vs. xjason : @0+ @1/ A0/ C1/ B0\ A0/ @4/ A5/ @4+ C6+ E5\ F3/ E2+ G4+ F6\ D7/ C8+ E8+ G8+ H4\ B7/ A7/ G2+ H2+ DRAW
8x8Trax_1416457 Morticia vs. sweetone : @0/ B1\ A2/ @2+ B0+ B0/ C1/ D2/ A5+ A6\ B6\ C5\ B7+ C0\ B1\
8x8Trax_1416467 Buz vs. Morticia : @0+ @1+ B2/ B0/ C3/ D2+ E2+ E1/ D0/
8x8Trax_1416475 Mainmang vs. Elvis : @0/
8x8Trax_1416675 Jay RAA vs. Megababe : @0+ A2+ A3+ @2/ C2/ B0/ D2/ B5+ D1+ D0/ E1/ E0/ F1/ F4\ B8+
8x8Trax_1416854 Wrangler is a Screaming E vs. Misery Midnight : @0/ A2\ B2\ B1+ C2/ C3\ D2/ C1/ D1/ B0\ B4/ B5/ A5\ B6\ C6\ E1/ D0\ @2\ B1/ A4/ @4/ B6/ B7/ D8\ F5\ F8\ G5/
8x8Trax_1417014 Morticia vs. SweetCindyJo : @0/ B1\ B2\ C2+ C3\ C4/ B4/ A4/ @3+ @2\ D0\ F3/ G3+ H3\ H5+ F6\ A2\
8x8Trax_1417085 chuckles the clown vs. marygal : @0+ B1+ @1/ D1\ A2/ @2/ F1/ E0\ F3/ D4/
8x8Trax_1417161 Peeky vs. SweetCindyJo : @0/ B1\ B2\ C2/ A2/ B3\ D2+ A3+ A4/ E2\ D4\ B5/ E4+ @4/ A5/ F1/ G4+ G2/
8x8Trax_1417195 SweetCindyJo vs. Jeff : @0/ B1+ A0\ A3\ @2\
8x8Trax_1417207 chuckles the clown vs. marygal : @0+ B1+ B0\ B3\ A0/ @3\ D3\ D2+ E1\ E4\ F4\ D5+ B4+ C5/ D6\ B6/ C7\ A5\
8x8Trax_1417218 Chad vs. DIRKSTRA : @0/ B1\ A2/ @2+ @1/ B0+ B0/ B0/ B0/ A3\ @5/ C7\ E1/ A7/ F4\
8x8Trax_1417251 Judy vs. Morticia : @0+ @1+ A2\ A0\ @1+ A0\ @2+ E3+ @2+ G3+ B0\ A1\ @1+ C4/
8x8Trax_1417283 Honeybear vs. marygal : @0/ A2\ B1/ B2+ B3\ C2/ D2/ C1/ C0/ D2/ A0+ @3/ E1/ D0\ F3\
8x8Trax_1417341 keops vs. Marko : @0/ A2\ B1/ B0/ B0/ B4+ C1+ A0+ @4+ E5+ F5/ D6+ B6/ A5+ D7/
8x8Trax_1417428 Beaupol vs. HeatherN : @0+ @1\ B2+ A0/ B4+ B1+ C2\ B5\ C5\ D2\ B0+ B0/ C1/ C8\ D8\
8x8Trax_1417450 Beaupol vs. SweetCindyJo : @0+ B1/ A2+ A0/ B1/ C1+ B0+ D2+ B0+ B0\ A1\ @3/ B0+ A2\ B0+
8x8Trax_1417451 Beaupol vs. Knight Rider : @0+ B1+ B2/ B0/ C1+ C0/ B5/ D1+ C5\ B6\
8x8Trax_1417501 Scorpius vs. HeatherN : @0/ A2+ A3/ @3/ A4/ @4/ B5+ D2\ E4+ E2+ F2\ @5+ G4/ H4/ E0+ G6+ H7/ G2+ E8+
8x8Trax_1417503 Scorpius vs. SweetCindyJo : @0/ B1\ A2/ @2\ @2/ A3/ B1+ B0\ B0\ A2\ @3\ B1\ E2/ F3\ B0\ G4/ A2+
8x8Trax_1417554 xjason vs. Megababe : @0/ A2/ @2/ C1/ B0/ @3+ B0/ D2+ @3/ C5/ E1/ D0\ @5\ B6+ @4/ C7+ E7+ H1\ D8/ B7+ H4+ H8+ DRAW
8x8Trax_1417671 MIA 6690 vs. Misery Midnight : @0+ @1/ A2+ C1\ B3\ C3+ D3\ D4\ C0/ C6/ D2/
8x8Trax_1417909 geneoo vs. SweetCindyJo : @0+ B1+ A0+ C2+ A3+ A4/ RESIGN
8x8Trax_1418059 Redskins Fan vs. Rogue Trooper : @0/ A0+ A0\ @1\ @1+ C0/ D3/ E3/ D4+ C0/ A6/ @5+ B1\ C0+ F7\ G7\ A2+ H7/ G6+ E2/ B1+ B0+ G5+ H5/ F4+ H3+
8x8Trax_1418187 Buz vs. Marko : @0+ @1+ B2/ B0/ C3/ @3\ B4/ C4+ E2+ E4\ E5\ C0\ B1\ B0\ A1\ @5\ F8/ D7+ G3/ E2+ G4+ A2+ @3\ C7+ F8+ C8+ B7/
8x8Trax_1418678 Megababe vs. xjason : @0+ A0+ B1/ B2+ C1/ A0\ B0+ B5\ D3\ D2+ D5+ A0/ E2\ F4+ @3\ G6\ E7+
8x8Trax_1418758 xjason vs. Megababe : @0+ B1\ @1\ B0+ C1/ D1/ E1/ C3\ C0\ B1\ B5\ A4+ E3\ F2/ E0+ E5\ D0+ A1\ @3\
8x8Trax_1418809 xjason vs. Megababe : @0/ B1\ B2\ C2\ A2/ B3+ @2\ C4\ D5/ B4\ @2+ @3\ A1/ A0/ E1+ G5+ C0+ H5\ G3/ C0/ H4\
8x8Trax_1419065 Scorpio-Lady vs. Fallen Angel : @0+ B1\ A2/ A3/ A0\ @3/ D2/ D1/ D0/ E3\ E4\ C6\ D6\ A5+ @4\ G5/ F6\ F7\ G6\ H6\ G7\ C0/ B8/ H2/ H1/ G1+ H8+ B1\ A2\ A6+ E1\ A1\ A4+
8x8Trax_1419252 SweetCindyJo vs. Jeff : @0/ B1\ A2/ B2+ @1\ C3\ A0/
8x8Trax_1419359 Marko vs. dboy97 : @0+ A2\ B2\ @1+ B0+ D3+ E2\ E1+ D4/ E0\ F4\ F5\ F6\ C6+ G6+ F7+ F1\ H6\ H7\ F8+ E8/ H4+ G2+ H2+ H1/ A6/ A7/ C8+ A1+
8x8Trax_1419375 Stinger vs. keops : @0/ A0/ B1+ C1+ @2+ B0/ B4\ @2+ @1/ D0/ A4+ F1/ F0/ D1+ G1+ H2+ G0\
8x8Trax_1419393 itb4me2 vs. supermac : @0+ @1/ A0\ @2/ A1+ C3+ D2/ C4\ D3\ E2/ D1+ B0/
8x8Trax_1419407 chuckles the clown vs. marygal : @0+ @1+ C1\ @1/ D2\ A2/ C3\ @2+ C3/ D4\ D5\ F2+ @2\ B0\ A1\ @2/ B0/ E2/ E1/ G6+ E6/ D5/ C6\ B5/ D7/ F8\ H6+ D8/ B7/ A7\ A6\
8x8Trax_1419944 Misery Midnight vs. Gone with the Wind 5600 : @0/ A2\ B1/ B2+ A3/ @2\ D1\ D2\ @2\ F1/ F0/ G3\ G4\ E1\ E0/
8x8Trax_1420088 ejd vs. Marko : @0/ B1/ C1\ B2+ B3\ C2\ C3+ D3\ A0\ @2/ D5/ E2/ D6/ E1\
8x8Trax_1420599 Dawn vs. keops : @0/ @1/ A0/ @2/ @2/ A0+ @1\ A0\ @1\ E1/ A0+ F3/
8x8Trax_1420728 Dawn vs. marygal : @0/ A2\ B2\ B1+ C1+ B0\ C4+ D2\ A0/ C2+ D2/ E3\ B5/ D6/ A5/ @4\ @4\ D7\ B6\ B8\ D8+
8x8Trax_1421134 drgnrdr vs. Keizer Soze : @0/ @1/ A0/ C2\ A3/ @1+ @2+ @3\ @2/ B1+ A4/ @3\ G4\ F5+ H3\
8x8Trax_1421135 paganje vs. Uncle Chuckie : @0/ B1+ @1\ B0/ A1+ @1\ C0/ C0/ C0+ E5\ E6\ F6\ D7/ F4/ G4+ E2/ D1+ F2\ E8+ G7+ C7/ B7/ A7/ @5+ A4\ H2/ G1+ H1/ H6+ A8+
8x8Trax_1421137 Beaupol vs. keops : @0+ B1\ A0+ @1\ A0\ @1+ B0+ A4/ D1/ @4\
8x8Trax_1421143 chuckles the clown vs. marygal : @0+ B1+ @1/ D1\ A2/ D2/ @2+ C0/ C4+
8x8Trax_1421145 marygal vs. Scorpius : @0/ A2\ B2\ @1/ B3\ B4+ C4/ @1/ @2\ D0/ E1+ F2/ B0+ C0+ F5+ D8+
8x8Trax_1421152 Jane vs. Honeybear : @0/ B1\ B2\ C2\ B0/ D2/ D1/ E3\ E4\ F1+ C0\ E1/ E0/ A5+ B6/ C7/ A2\ @5\ B1/
8x8Trax_1421521 DavidJ vs. Dawn : @0/ A0/ B1/ C1+ A3+ @3/ B0+ A1\ @1+ A0\ A5/ @4\ G5\ G6\ G3/ H4+ G7\ A1+ F7/ B0\ F3+ C2+
8x8Trax_1421801 heidibb vs. momhas5 : @0+ B1/ B2+ B0\ B4\ C4\ A1\ D4\ E4\ F4\ D5+
8x8Trax_1421905 Misfit Lenrad6672 vs. Pepsi Fan : @0/ B1+ @1\ B0/ C3/ D2\ E2/ E1/ D0/ B4+ D5\ E5\ F3/ G3+ G2/ F1/ E0/ C7+ C8/ B6+
8x8Trax_1421907 Misfit Lenrad6672 vs. Pepsi Fan : @0/ A2\ B2\ @2\ D2/ D1/ E1/ A3/ D0+
8x8Trax_1421908 Misfit Lenrad6672 vs. Pepsi Fan : @0/ B1\ B2\ A0/ B4/ A4/ A5/ @4/ A5+ @4\ A5+ B6\ B7/ E3\
8x8Trax_1422017 Megababe vs. xjason : @0+ @1/ C1/ C2/ A0/ @1\ A0\ A0\ C2+ A5+ @4+ F3\ @1+ B0/ @1/ C0/ F2+ C8\
8x8Trax_1422454 VA rez22 vs. Megababe : @0+ B1\ B2/ @1/ B2/ B3/ A3/ B0/ D2\ @2/ A4/ D5+ F4\ A1\ C0\
8x8Trax_1422476 * Sassy_Angel * vs. Jay RAA : @0/ A2+ B2\ A3/ A4/ @3/ A4+ @3\ A2+ B5\ E3\ @2\ A1\ D0/ C1+ D0/ B1+ C8\ F6+ @2/ G2/ H5\ C7+ G1/ B7+ H2+
8x8Trax_1422477 * Sassy_Angel * vs. Jay RAA : @0/ A2+ @2\ B3\ C3\ @1\ A0\ D5\ E4\ B5/ C6+ A3/
8x8Trax_1422479 DavidJ vs. Megababe : @0/ @1/ A2/ C1/ @1+ D0+ E3+ B4+ B5\ D6+ F2\ F1+ F0/ G4/ E1+ D8+ H2+ A5/ F6/ G6+ A7+
8x8Trax_1423008 Whistler Gandalf vs. Barbie : @0+ @1+ B2/ B0+ B0\ A2\ A1+ @3/ A5/ @4+ A5+ @5+ A4+ @5+ A4+ @5/ D3+ H3/ C2\ E1+ B2+ B1\ C0\ D7+ E1/ D0+ F8\ G8\ H6+ A3+ F1/ G2+ G1+ H2\ C8/ A5+ A2\ A1+ H1+
8x8Trax_1423027 faith64 vs. STrek : @0+ @1+ A2+ A0/ A4\ B4\ B5\ C2+ D5+ B0/ C2+ B7+ D7\ E6+ C1/ @5+ E2+ F5/ G5/ G4/ G3+ H3+ A3+ A2\ B1+ D8+ F1/ H5+
8x8Trax_1423093 chuckles the clown vs. marygal : @0+ B1\ B0/ C1/ C0+ A2+ @2/ D3\ E3\ D4+ E1/ F3\ D5+ F0/ G3+ B6/ A6/ @4\ E1+ G0/ E1+ E0/ H1\
8x8Trax_1423578 keops vs. birddog8560 : @0/ @1/ A0/ A0+ @3/ @2/ D4+ B5/ A4/
8x8Trax_1423582 birddog8560 vs. keops : @0/ A0/ B2/ A3/ A0+ @1\ D3+ D5+ D6/ E5\ A6/ E3/ B7/
8x8Trax_1423846 Rimon vs. keops : @0/ @1/ B2+ C2\ C0/ D1/ D0+ D4\ RESIGN
8x8Trax_1424020 Jiggs vs. crow57 : @0/ A2\ B2+ B1+ C2\ C3\ C1/ D2\ A0\ @2+ B4+ C5/ C1+ A4/ B5/ B6/ A5/ @5/ E0/ B7+
8x8Trax_1424029 Z MIA vs. Marko : @0/ B1\ A2/ A3/ @3\ C3\ B4/ C4+ D4/ A2+ B5/ B0\ B0+ B0/ A1\ C2+
8x8Trax_1424173 Megababe vs. birddog8560 : @0+ A2/ A0\ @1\ @3+ @2+ B4/ A0\ @2/ E1/ B4+ C0/
8x8Trax_1424175 Megababe vs. Muffin : @0+ @1+ A2\ A0\ @1+ A0\ B5\ @1+ B5/ E3+ B6\
8x8Trax_1424642 Megababe vs. Jump This : @0+ @1/ C1/ B0/ B3/ D2/ C3+ @2/ B1+ @2/ E1+ D0/ A4/ B5+ B1+ @4+ @2+ E6/ E7+ A4+
8x8Trax_1424793 bigdan409 OTWP vs. drgnrdr : @0/ A0/ B1+ C2/ B3\ @1\ A0\ C1+ @3\ B4+ E4+ A1\ A0\ E2/ F2/ @5/ A6/ @4+ G1+ E0\ B1/ F1/ F0+ E8+ H5\ G8\
8x8Trax_1424881 Marko vs. ejd : @0+ B1\ A0+ @1/ A0\ @1\ B4/ A2/ @2+ D4\ C5+ B4/ A5\ C6\ D6\ C0/ D2+ A1\ A7/ @2/
8x8Trax_1425305 DavidJ vs. gorrick the goblin : @0/ A0/ @2/ @2/ C3+ D3\ E3+ C4+ E0/ F3\ A1+ C0\ @3+
8x8Trax_1426913 Hubudi vs. keops : @0+ A0/ A3/ B3/ C3\ A4/ @2\ D1/ D0/ E3\
8x8Trax_1427001 drgnrdr vs. Misery Midnight : @0/ A2\ B1/ B0+ B0\ @2+ B0/ D2/ @1\ B0/ A4/ @4/ @4/ C1\ C0\ G3/ F2\ B1\ C7+ D8/ E8+ G5\ H5\ F7+ E1+ A4+ F1/ H4+
8x8Trax_1427002 drgnrdr vs. dingbat : @0/ A0/ A3/ B2+ C2/ D2/ @3+ A4/ D3+ B0/ @2+ D5+ D6/ G4/ A4/ @4/ G5+ E0+ C7+ B6+ C1+ A2\ B7/ B8+ F7\ E8+ A8/ H4/
8x8Trax_1427005 drgnrdr vs. Mististar : @0/ A2\ B2\ B3+ B4/ B1+ @4/ @4+ B5\
8x8Trax_1427343 DavidJ vs. ks : @0/ @1/ A2/ C2/ B3+ C4/ D2+ D1/ E4\ D5/ E1/ F2/ D0+
8x8Trax_1427708 foofighter vs. Megababe : @0+ B1\ B2/ @1/ B2/ C3+ A2/ @2/ D4/ E3\ C0/ D6/
8x8Trax_1427772 DavidJ vs. Dawn : @0/ A0/ @2/ B0+ C3+ C4\ D4\ A5+ E3/ E2/ E1/ E0+ F2+ F6\ RESIGN
8x8Trax_1427876 keops vs. xjason : @0/ A0/ @1/ A0/ A0+ @1+ B0/ B0/ A1+ @1\ C0/ @1/ E3+ D0/ B5/ F7\ F3+ D8/ F5+
8x8Trax_1428211 Pamper Me vs. toadisgimpy : @0/ A2+ @1\ A0\ B1+ C1\ D1\ B4+ A3+ A4/ @2+ @2/
8x8Trax_1428216 drgnrdr vs. Dionysos : @0/ B1+ C1/ C0/ @2\ B1+ A1+ B0+ @2/ B4\ A1\ @1\ C0/
8x8Trax_1428324 Peeky vs. Misery Midnight : @0/ B1\ A2+ B2+ B3\ C3+ C4/ A4/ @3+
8x8Trax_1428325 Peeky vs. Misery Midnight : @0/ B1\ A2/ @2/ @2+ D2+ D3\ A3+ D4\ A0/ E4+
8x8Trax_1428326 Peeky vs. Misery Midnight : @0/ B1\ B2\ B3\ A2+ C2\ @2+ A1+ @2+ @2/ A3/ B4/ F3+ D0/ @4+ C2\ @4+
8x8Trax_1428899 keops vs. ajeric : @0/ B1\ A2/ @2+ A3/ C0/ D2/
8x8Trax_1429022 Beaupol vs. paganje : @0+ @1/ B0+ C2\ A3/ @3/ A4/ B5+ E4+ E6\ F6+ F7/ F4\ B7/ B8/ @4/
8x8Trax_1429032 Pepsi Fan vs. marygal : @0+ @1+ A2\ B0/ B4/ @3\ D2/ D3+ E3\ D1+ D5+ F3/ F2+ A5/ @4+ D6/
8x8Trax_1429040 keops vs. Goonerg : @0/ A2/ B2/ B1+ A0/ A0/ @2+ @2/ E4/ E2+ C0+ B0/ E7\ F7\ A1+ D8+
8x8Trax_1429044 irishmiss vs. Honeybear : @0+ B1\ A0+ @2\ A0/ A0\ @1\ A0\ C2+ @2+ A3/ C0/ E4/ F6\ B5+ @5\ A6/ B7+
8x8Trax_1429073 Walter vs. Rogue Trooper : @0+ A0/ A3\ B1/ B0/ C3\ D3+ D4\ B5/ C0\ E5\ D7\ E1+ F4/
8x8Trax_1430630 Megababe vs. xjason : @0/ @1/ B2+ B0\ B0\ C1\ C3+ B5+ B0\ A1\ @2+ C0+ @3+ E7\ F6/ G6/ C0/ F4+ G8+ H8\ G4/ H5+ B7\ A7\ C8+ B2+ E1+ H3+
8x8Trax_1431160 Chef Jeff 1 vs. JiffyJeff : @0+ A0\ @1\ @1+ B3+ D2\ A0+ C4+ @1/ C5/ A4+ @2+ A4/ @3+ C6+ F1/ G1/ H2/ D0+ C8/
8x8Trax_1431250 Arctic Warrior vs. spitfire : @0/ B1\ A2/ @2+ A3+ A4\ C0\ D1/ D0/ E3\ E4\ @3/ C1+ @2/ F0/ F0/ H2/ A5/ B7/ A7/ C2\ B2\ F6/ E7\ F8+ G8/ H7\ H1+ A1/
8x8Trax_1431251 PinkyDot vs. Whistler Gandalf : @0+ A2+ A3+ @2/ C2+ C3+ D3+ D2+ E3\ D4+ D5+ C5/ C6+ D7/ E6\ F6\ B6/ D8/ E8+ D1\ B4+
8x8Trax_1431324 STrek vs. supermac : @0/ B1\ B2+ B0\ C2+ A3+ A4+ @4/ E2+ A1\ @1+ C0\
8x8Trax_1431329 Keizer Soze vs. Megababe : @0/ B1+ C1/ A2+ @2\ C0/ B1+ E2/ D3+ D1+ D0/ @4+ C1+ C0/ G4\ G3+ E1+ B2+ A2\ H3+ H2+ C6/
8x8Trax_1431405 grade1teacher vs. Marko : @0/ B1\ B2\ C2+ A2+ @2\ C0\ B4+ @1\ A0+ C1/ B0\ B0\ A1\ @1\ A4+ B6+ B7+ @1\ @3+
8x8Trax_1431406 grade1teacher vs. Marko : @0+ @1+ B2/ A0\ B1+ C1/ C0/ D1/ B0\ B0+ A1\ @1\ @1+ A0+ A0/ B1/ E7+ @5+ C6+ B7+ @5+ E2+ B2\ A2\ C8+ F1/ G1/ B8/ A7\ H8+ A8/
8x8Trax_1431635 DavidJ vs. no-one-here : @0/ B1\ A2/ @2/ B3\ C3\ D3+ D4\ @1+ D4/ B0+
8x8Trax_1431669 Morticia vs. ajeric : @0/ A2\ B2\ @2/ B3/
8x8Trax_1432089 hANDYman the Rebel vs. Peachy : @0+ B1\ C1+ @1/ D2/ B3+ E1/ E0/ F1/ F0/ F4\ G3/ E5/
8x8Trax_1432406 Geri39 vs. Megababe : @0/ B1\ B2+ B3/ A2/ @2/ C0/ B4+
8x8Trax_1432698 Megababe vs. Geri39 : @0/ A2\ B2\ B1+ B0/ C2\ B0/ C4+ D4/
8x8Trax_1433428 drgnrdr vs. Uncle Chuckie : @0/ B1+ A2/ C1\ C3\ D1\ E1\ @2/ D4\ E4\ B5+ F4/ F0/ G2\ B1+ B0/ B0/ @5+ A6/ DRAW
8x8Trax_1433721 Geri39 vs. drgnrdr : @0/ @1/ A0/ B3\ C2/ C3+ B1+ D2/ D4\ E4\ B0+ B5\ D6+ E2/ E1+ E3+ F4/ F5+ G3+ A6+ C7+ @5+
8x8Trax_1434105 Nanett MIA vs. Misery Midnight : @0/ B1\ B2\ A2+ @1\ B0/ D2\ A1\ A0\ @3/ A4/ A5/ @1\ @5/ B0/
8x8Trax_1434393 SunnyD vs. Misery Midnight : @0+ @1+ B0\ B3\ C3+ A0\ @1\ A3+ E4+ D5\ B0+ @4+ A3+ @4+ B5\
8x8Trax_1434470 drgnrdr vs. DINGEROO : @0/ B1\ A2/ @2+ @1/ B0+ B0/ @2\ A1\ A0\ E2/ E1/ F3\
8x8Trax_1434600 Marko vs. ejd : @0+ A0+ A0+ @1/ C3/ B4/ B0+ B6\ C5+ D5\ D6\ B7/ A4/ E7/ D8\ @4/ B7\
8x8Trax_1434658 bigdan409 OTWP vs. Misery Midnight : @0/ B1\ B2\ C2+ A2/ C0/ B4/
8x8Trax_1434706 supermac vs. Misery Midnight : @0/ A2\ B1/ A3\ C1\ C2\ D1\ A4/ @3\ C4+ B0\ D6\ A1/
8x8Trax_1434708 supermac vs. dingbat : @0/ A0/ B1+ A3\ C2\ C3\ D3\ A4\ @3\ D1+ @4/ B5\ A1\ F5\ @2/
8x8Trax_1434709 supermac vs. Mististar : @0/ A0+ @1+ B0/ A1+ A0+ @2/ D4/ E4/ B0/ E6/ C6+ F3/ E2\ F6\ B0/ G6/
8x8Trax_1434710 supermac vs. Dionysos : @0/ B1\ B2\ C2+ B0+ B0/ D3+ E3+ D4+ D5\ A1/ @2\ B0\ B0\ F6\ A1+ @1/ A3+ @2+ A1\
8x8Trax_1434711 supermac vs. DINGEROO : @0/ B1\ B2\ C2/ C1/ C0/ C4/ D4\ D5\ E4+ A3/ F1+ F0/ B2+ G1+ G0/ G4+ H5+ F6+ A6+ A7/
8x8Trax_1435212 What did you say vs. B Line electric streetcar : @0/ A0/ @2\ A1+ @2\ A0/ D2+ C4/ @3+ E5\ F5\ @3+ G2+ B1+ B0\ B6+ A2+ A6\
8x8Trax_1435217 DINGEROO vs. Honeybear : @0/ B1\ A2/ @2/ D1/ C0\ B4\ C3+ @4/ A5/ @4\ B3\
8x8Trax_1435253 LilSis vs. SweetCindyJo : @0+ B1+ A0/ A3/ @3/ @3+ B4\ E2+ D3+ D0/ D5/
8x8Trax_1436003 Marko vs. ejd : @0+ A0/ B1/ @2\ C3\ D3\ @1\ A0\ B1+ @2/ B3+ B4/ B5/ A4\
8x8Trax_1436360 Whistler Gandalf vs. Dawn : @0+ A0/ B2+ B3\ C3+ D2\ C1+ D4\ E3/ E4+ C4/ D5\ C5+ B0+ D1+ E7\ F6+ F5+ E8/ D8/ B7/ A6/ @3\ A7/ A8+ @7\
8x8Trax_1436395 Oartkickel of the Wolf Pack vs. Misery Midnight : @0+ B1\ C1/ C0/ A3/ A1/ B0\ @3/ A1\ @3/ B0/
8x8Trax_1436868 Morticia vs. dboy97 : @0/ @1+ @1\ A0\ C0+ B0+ @3+ C5+ @4/ A5/ A3+ @4+ B2+ E0+ B2\ B1\ E0/ F1/ D1\ E8+
8x8Trax_1437323 heidibb vs. Male born 1964 : @0/ A2\ B2\ B3/ C2+ C1/ A3/ @3/ D0/ @4\ F2+
8x8Trax_1438878 Jump This vs. Marko : @0/ A2\ B2\ B3+ B4/ C3\ D3\ C2+ D5\ E5\ C1/ E1+ F2+ B6/ A6/ @4\ A1\ A0+ H6\ H7\ C8+ F1/ G1/ DRAW
8x8Trax_1438883 Megababe vs. cocopuff : @0/ B1\ A2/ B2+ C2\ A3/ D2\ B0\ C5+ @3+ D6\ C6+ A5+ C7/ @2/ C0/ E3+ G6+ A5+ @5+
8x8Trax_1438893 Jay RAA vs. Arctic Warrior : @0+ B1\ @1\ A0+ D2/ D1/ D0/ E1/ E0/ A2\ B5/ @4/ F5\ C6+ G4\
8x8Trax_1438895 spitfire vs. dingbat : @0+ @1+ B2/ A0\ @1+ @2\ B3+ B4+ A4/ @4/ @4/ C5+ @4\ B3+ A3\ C2+ C1+ B6\ B2\ A6/ @3\ B7\
8x8Trax_1438927 drgnrdr vs. Tesa : @0/ @1/ B2/ C2/ A2/ C1/ B3+ B4/ B5/ D2+ E3/ C4+ D5+ F3\ D0\ E2+ F5+ E7\ A0\ @1\ C8+ A6+ @6\ H3/ G1+ A4+ C8/ A3+ A1\ B8/ A8/ H8+
8x8Trax_1438967 Nancy vs. Misery Midnight : @0/ B1\ B2\ C2+ C3+ C0/ D1/ B0\ A1\ @3/ C5/ E5\ B5\
8x8Trax_1440386 Megababe vs. xjason : @0/ A0/ B2+ B3+ C1\ D2/ B4/ @3/ A2+ D4\ E5/ F1/ D0+ D0\ @3+ F8/ G5+ H5/ C2+ D7+ H3+
8x8Trax_1440726 Morticia vs. dingbat : @0/ A0/ @2+ A3\ @3\ C0/ D1/ A1\ E1/ @3\
8x8Trax_1440730 Morticia vs. curleyquenot : @0/ B1\ B2\ C2\ D2+ A2/ B3/
8x8Trax_1440736 curleyquenot vs. Morticia : @0/ B1/ B0/ C1+ @2/ C3+ E2\ @3\ D0+ E1/ @2+ E0\ D0/ C0+ @2+ F8/ A5/ G1/ H4/ H1/ H7\ H8\ B7+ A8/
8x8Trax_1441072 Stinger vs. Rogue Trooper : @0/ A0+ A0/ B2\ C2+ A0/ D3+ @1/ F3+ D0/ E1\
8x8Trax_1441117 paganje vs. Uncle Chuckie : @0/ B1+ A0\ @2/ A1+ A0\ @1\ A0\ @2/ D1/ E2/ C0/
8x8Trax_1441905 Phil The Hat vs. Jane : @0/ B1+ C1/ A2/ B0+ A1+ @3/ @3+ C4+ E4/ C5+ F3+ @3\ B0+ G5+ G6\ H6\ D7+ F8+
8x8Trax_1441906 Jane vs. Phil The Hat : @0/ A0/ @2+ A3\ @2+ C0/ D3\ @3\ B1/ C5\ B5+ E5\ @2/ E6\
8x8Trax_1441907 Phil The Hat vs. Jay RAA : @0/ B1+ C1/ C0+ B0/ A2+ B0+ A5/ @5/ A6/ @6/ @6/ F6\ B7+ G4\
8x8Trax_1441908 Jay RAA vs. Phil The Hat : @0+ A2/ A0\ @1\ A0\ @1\ D1/ A0+ A6+ @5+
8x8Trax_1441909 Phil The Hat vs. B Line electric streetcar : @0/ @1/ A2+ A3/ A4/ B3+ A5+ @2\ D1+ D4+ B6+ D6\ E5/ C7+ E7+ C0/ A6/ @4+ B8/ A6/ @5\ A6+ H3+
8x8Trax_1441910 B Line electric streetcar vs. Phil The Hat : @0+ B1+ @1/ A0/ A0/ B0\ C3+ D3+ @3+ D5\ D0/ E2+ A1\ B6/ B0/
8x8Trax_1441911 Phil The Hat vs. Tesa : @0/ A0/ A0/ @2+ B4/ B0/ C2+
8x8Trax_1441912 Tesa vs. Phil The Hat : @0+ A2/ B2/ C2/ C0\ C0\ A2+ @2+ E4/ B5/ A4/ @4/ A5/ E6+ @4+ A1\ @1\ E1\ D0/ D8+ A4/ A1+ B8+ A7/ DRAW
8x8Trax_1441915 Jane vs. B Line electric streetcar : @0/ @1/ B0+ B0/ B0/ A2+ B0/ @3\ @3+ A6/ @6/ E6\ E7\ F6/
8x8Trax_1441916 B Line electric streetcar vs. Jane : @0/ A2+ B2\ A3/ @2\ @2+ C4/ @2+ F4\ F1\ F5/
8x8Trax_1441919 Jay RAA vs. B Line electric streetcar : @0/ A0/ @2+ @2/ A3/ A4+ C3+ D3\ E2+ C0/ F3+ B6/
8x8Trax_1441920 B Line electric streetcar vs. Jay RAA : @0/ B1+ B2\ C1\ C2\ D2\ A3+ @3/ @3/ A4/ A1\ @2/ C0/
8x8Trax_1441923 B Line electric streetcar vs. Tesa : @0+ A2/ B2/ B0\ A0/ C3\ A5+ @3\ E5\ E6\ E1+ E0/ F4\
8x8Trax_1441924 Tesa vs. B Line electric streetcar : @0/ A0/ B2/ A3+ B1/ @2/ A4\ B5/ D2+ @2/ E4+ @5+ C6\ A1\ D0+ @3/
8x8Trax_1441925 supermac vs. keops : @0/ B1/ @1\ A0\ @2\ C3/ B4\ C5/ @2+ A6+ @6/ F6\ C7/ G5\
8x8Trax_1441926 keops vs. supermac : @0/ A2\ B2+ B1+ C2+ D2/ C1/ D1+ B0+ @2/ C4+ B1+ A4\ A0/ E5\ F4/ @5/ A6/ A2+ @5+ B0\ A2/ C0/ D1/ E1/ G8\ H8\ E8/ H4+ A2\ H1/
8x8Trax_1441927 supermac vs. pioenroosje : @0/ A2/ A3\ B2/ A4\ B4\ C3+ D3/ D2/ D1/ @4/ A5/ A1\ @2/
8x8Trax_1441928 pioenroosje vs. supermac : @0/ A2\ B1/ A3\ B2+ A0/ @3+ C1/ D1/ E1+ E0/ E5\ F2+ F4\
8x8Trax_1441929 supermac vs. Morticia : @0/ B1/ C1\ C2\ D1\ A2/ A3/ @2+ A0+ D1+ E3+ F2\ C5\ D5\ E5+ C6+ G1/ D0/ G5\ H4+ G6/
8x8Trax_1441930 Morticia vs. supermac : @0/ B1\ A2/ @1/ A2/ D1\ D2\ A3/ @2+ A0+ D1+ @4\ D5+ F4+ C6\ A2+ E5\ @3/ C6+ B6+ C7\ G6+ E0+ @4/ B7+ F8+ D1\ C8/
8x8Trax_1441931 supermac vs. dingbat : @0/ A0/ B2/ B1+ @2\ D1\ D3+ C4+ A3+ C5+ E2/ F1\ E4+ @3/ A5+ @5+
8x8Trax_1441932 dingbat vs. supermac : @0+ B1/ A2+ A0+ @2/ A4\ C4/ D2/ B5/ D5\ D6\ E3+
8x8Trax_1441933 keops vs. pioenroosje : @0/ B1+ A0/ C2\ C3\ B0/ C1/ D3\ E3+ E4\ E0/ F1/ B1\ A2+ C0/
8x8Trax_1441934 pioenroosje vs. keops : @0/ A2/ B2+ @2/ A3/ C4+ B5+ @1\ A0\ @2\ D1+ C0+ @4+ C6+ B7+ G6\ F7\ D8+ E1/ A2+ F1+ G3+ H3\ H7/ B1+ E8+
8x8Trax_1441935 keops vs. Morticia : @0/ A2\ B1+ B2+ C1/ C0+ A4/ @2/ B1+ C0+ D1/ C0+ C0/ B2+ C0\ B2+ A3\ @6+ A4+ B1+ A1\ @3/ C8/
8x8Trax_1441936 Morticia vs. keops : @0/ A2/ A0/ @1\ A0\ B5/ C3+ @5+ @2+ @3+ C0+ A6/ C7+
8x8Trax_1441937 keops vs. dingbat : @0/ A0/ B2/ @2+ @2+ D1/ E2\ D3/ D0/ E4\ D5/ F3+ C5+ C6/ G1/ G0+ D1/ E0+ C1+ A1+ @4+ C8\ B7+ B8/ A8/
8x8Trax_1441938 dingbat vs. keops : @0/ @1/ B0+ C1+ D1\ D2\ B3/ @2+ E3+ C4/ F3/ A0\ @2/ D1/ D0/ F2+ F0\ H4+ A3+ A2+ C2+ B1/
8x8Trax_1441939 pioenroosje vs. Morticia : @0/ A2/ A3\ B2/ B1+ C1/ C0/ D1+ C3+ E1+ F1\ F2\ D4\ E4+ G3/ G4+ H4\ H5\
8x8Trax_1441940 Morticia vs. pioenroosje : @0/ B1+ B0+ C2\ C3\ B0/ C1/ D2/ C0+ B0/ A1+ @5/ B7/ E5\ B0+
8x8Trax_1441943 Morticia vs. dingbat : @0/ A0/ A0/ B2+ C2+ @2+ A0+ @2/ @2+ @1/ A0+ H4/ H3/
8x8Trax_1441944 dingbat vs. Morticia : @0/ A2\ B2\ B3+ B4/ @4+ @2/ B1+ B5\ C5\ C6\ E6+ D1+ E1/ F4\ E0+ E0\ C1+
8x8Trax_1442332 Megababe vs. xjason : @0/ @1/ A2/ A3/ C3+ A4/ @1+ A0\ @3+ F3+ E1+ F4\ C6/ C7/ @6+ A3+ D0+ @4+
8x8Trax_1442530 Megababe vs. xjason : @0/ @1/ B0/ @1/ D1/ C3+ C0+ E4+ A3/ @3/ A5+ E5+ C6+ G3+ F1+ G5\ F6/ E7+ @3+ D0/
8x8Trax_1442629 Geri39 vs. heidibb : @0/ A2+ A0\ @1\ A3+ B4\ C2/ B5\ C0/ D2\ E4/ @4\ A1+ @4\ B5+ @4\ C0+ F8/ C8\ H3/ H2/ B1+ H1\ B7+ A8+
8x8Trax_1443307 jbdobie vs. Chad : @0+ A2+ A0+ @1+ B0+ C3\ A4/ B5\ D5+ B0\ E5\ F5\ G5\ D4+ G3+ H3/ H2/ F2+ G7\ H6+ G1+ G0/ C3+ F1+ C2+ B1+ A1\
8x8Trax_1443331 Arctic Warrior vs. stones- A - rama : @0/ A0/ @2/ C1/ A3/ B4/ A4/ D2/ D1/ E2\ A5/ E5+ E6\ @5/ F7\ E0/ G7+
8x8Trax_1443332 goldfreckles vs. SweetCindyJo : @0+ B1+ A2/ A3\ B2+ C2\ B3\ B4\ C4\ @4/ B5\ D5/ B6/ A5+ B7/ A6/ @5+ B7+ A4+ D0/ B3+ F4/ E2/ F3+ E1+ G5\ G6\ G7+ H6+ F2/ G2+ H7\ G8+ A2+ G1/ H1/ C1+ B1+ A8/
8x8Trax_1443403 Honeybear vs. Lyonsgirl : @0/ A2\ B2\ A3+ B4\ C4\ @1\ A0\ D6\ D4/ E4/ A3/ @1\ @2+ A3/ E2+ D1/ D0\
8x8Trax_1443603 Megababe vs. Keizer Soze : @0/ @1/ A2/ A3+ @3+ B4+ D2+ C4+ D5/ E3/ A4/ A1\ F5\ B0\
8x8Trax_1444039 SIMON vs. DavidJ : @0/ B1\ C1/ B2/
8x8Trax_1445853 Morticia vs. Freight Train : @0/ B1\ A2/ B0/ C2/
8x8Trax_1445901 Marko vs. ejd : @0+ B1\ B2+ @1/ A3/ @3/ B4+ D4\ B5\ @3+ D0/ F3\ B3+ @3/ C2+ C1\ C0\ B2/
8x8Trax_1446001 drgnrdr vs. goldfreckles : @0+ @1/ B2\ B0\ A0/ C3/ @1\ C0\ D0/ E3+ E5+ F5\ B7/ A7/ @5\ E7+ H4/ H3/ H7\ G8/ E8+ G2/ F1+ C1\ B2+ G1/ H8\ B1+ A4+
8x8Trax_1446197 Jiggs vs. crow57 : @0/ A2\ B2\ B1+ C2/ B3\ C1+ D2/
8x8Trax_1446464 supermac vs. goldfreckles : @0/ A2\ B1/ @1/ A0/ @3\ @2/ D1+ A4\ C4\ @1\ C0+ A5/ @3\ B6\
8x8Trax_1446720 Lucille vs. Adam : @0+ B1+ A2\ B0/ C1+ @3/ A4/ A2+ @2+ B1/ D0/ D0/ C6\ C7\ E5\ F5\ F2\ G4+
8x8Trax_1446815 keops vs. ks : @0/ A0/ B2/ B3/ C3/ D3/ D4+ D2\ B5/ A3/ E3/ A5/ @3/ C6+ C1/ C0/ A7+ E2+ G3+ E0\ @5+
8x8Trax_1446894 Megababe vs. xjason : @0/ @1/ B0+ B0\ B4+ @2/ A3/ @2+ E1\ E3+ F2/ B0+ @3/ H2/ F1+ D0+ F1/ E0+ E0\ D1\ C1+ A3+ A1+ H3+ H2/
8x8Trax_1447730 Knight Rider vs. AWOL 36195 : @0/ A2+ A3/ B1/ @3/ C0+ A5+ C5\ B6/ D3\
8x8Trax_1448803 SunnyD vs. paganje : @0+ @1/ @1\ B0/ C3\ C4\ D4\ A4/ @3/ B5\
8x8Trax_1448854 keops vs. csain1 : @0/ A0/ B2/ B3/ C3/ D3/ C2+ A3+ C4\ @3/ A2+ A0/ A5/ B6/ @3\ F5\ G5\ E6+ D7\ F7+ E2/ @4+ E1+
8x8Trax_1448886 Goonerg vs. DIRKSTRA : @0/ A2\ B2\ B1+ C1/ B3+ @1/ B4\ @1/ @4+ D5+ D0/ D0\ A2\ @6\ B1/
8x8Trax_1448900 Nukhulls vs. Misery Midnight :
8x8Trax_1450838 REBEL DJ vs. Jump This : @0+ @1+ C1\ C2\ D1+ D0/ E1/ F2\ F3\ D4/ G2+ F5\ G5\ H5+ G6/ E6+ D7\ G0+ H2+ C6+ A6+
8x8Trax_1450839 supermac vs. Beaupol : @0/ A2\ B1/ B0+ @2/ B0+ B5\ @3/ D1+ C0+ C7\ A8+ @8/ E7\
8x8Trax_1450963 Jay RAA vs. STrek : @0/ A2\ B1/ B0+ B3\ C2+ C3+ D2+ D3+ E2/ C1+ E1/ A4/ @2/ A4+ @3+ F0/ A2/ B1\ B0+ A2+ C0+ C0/ G4/ B2+ A2\ @3\ C1+ A4+ A6/
8x8Trax_1451800 DavidJ vs. DiGaWiD : @0/ B1+ A0\ @1\ @1\ E2+ A2/ @1\ @1+ C3+ B2/ B0\ E0/ F1+ A4/ C6+ A6/ @5+ E6\ D7/ C7+ C8/ G2+ H2+ G6+ H6+ H7\ F8+ A2/ B1+ A7+ H1+
8x8Trax_1452773 drgnrdr vs. Bret : @0+ @1/ A0/ B3+ C1\ @1\ C0\ A1+ B0/ B0/ E3+ F3\ F1/ D6+ G3/
8x8Trax_1452798 Marko vs. Lyonsgirl : @0+ B1+ B2/ A0\ C3/ @3\ A4+ A0\ @1\ B0+ E6\ C7+ F5\
8x8Trax_1452809 Rogue Trooper vs. keops : @0/ @1/ B2+ C2\ @1/ E2\ E3\ F3\ D4/ @1/ H1/ D0/ C0+ B0/ G2+ F1/ E0+
8x8Trax_1454064 DavidJ vs. oups MIA : @0/ @1\ A0/
8x8Trax_1454133 Megababe vs. JenJen : @0/ B1\ A2/ @2+ C2+ @2\ B3\ B0+ C0\ D1\ @2+ @3/ A4/ A5/ B6+ G2+ C7\ D7\ D8\ H2+ E7+
8x8Trax_1454136 JenJen vs. Megababe : @0/ A0/ A3/ A0/ A0\ @3+ C3\ D2\ C5\ A6\ A7\ C1+ B8\ C6+ A1+ D6\ E6/ @3/ F5\
8x8Trax_1454137 JenJen vs. Megababe : @0/ A2+ B1/ B0+ B0\ C2/ C3+ D2+ @4+ B5/ A3\ C5+ @4+ F5\ G4\ F6/
8x8Trax_1454869 Jump This vs. Stinger : @0/ B1\ B2\ C2+ B0+ D3+ C4+ E3+ B0+ A1+ D2/ D1\
8x8Trax_1454910 ejd vs. s_strum : @0+ @1/ A0/ B0/ C1/ C2+ D1\ C0/ C4\ D4\ B5/ B6/ A5/ E2\ @4/ F3+
8x8Trax_1454921 Honeybear vs. dingbat : @0/ A0/ @1/ C1\ A0\ @1\ A2+ B0+ B4/ D1/ A5/ E2\
8x8Trax_1454922 spitfire vs. Pepsi Fan : @0+ A2+ A0+ B3+ A0+ A5/ A0+ A0/ B1\ B0/ C2\ B8\ B3+ B4\ @4\ E2\ D5\ D8\ A8/ A5+ @4/ A8+ @6/ G7+ F1/ A8\
8x8Trax_1455110 gquadro vs. drgnrdr : @0+ @1/ A2\ A0/ C2/ D2/ A0/ @2/ F3/ F0/ D5/ G1\
8x8Trax_1455355 keops vs. tattoo : @0/ B1\ A2/ @2\ @2/ A3/ D2\ D3\ @3+ B1+ C0+ C4\ D5/ @4/ A5/
8x8Trax_1456408 xjason vs. Megababe : @0/ B1\ A2+ A3/ B3\ B4\ A4+ @3+ @2/ B1+ @1/ C0\ @1/ G5+ G6/ B0+ H6\ G8\ B5/ B6/ A3/ C6+ E1+ F2+ H5+ D7/
8x8Trax_1456540 Megababe vs. denise : @0/ A2\ B2\ B3+ A0/ @4/ C5/ A1\ @3+ C0\
8x8Trax_1456557 Megababe vs. xjason : @0/ B1\ A2/ A3/ @2+ B0/ D2\ D3\ E2+ C0+ B1+ @2/ A3/ @3/ B5+ @3+ H5+ C6\ D6\ F5\ B6+ A4/ C7+ B8/ A5+
8x8Trax_1456594 SweetCindyJo vs. Jeff : @0/ B1\ A2/ B2+ C2\ B3+
8x8Trax_1457154 Whistler Gandalf vs. muffin man : @0+ B1+ A2\ A3/ A0/
8x8Trax_1457177 Arctic Warrior vs. Megababe : @0+ @1+ B0\ B3\ C3/ C2+ D2\ @2\ B0/ D5+ E2+ D6/ @2/ E0+ F2+ D7\ G5/ C5/ @5/ D6/
8x8Trax_1457244 SarahMills vs. Morticia : @0/ A2/ B1\ @2+ @1/ A0+ @2\ A1\ A0/ D1/ E1/ F3\ F4\ G3+
8x8Trax_1457343 drgnrdr vs. Bret : @0+ A2+ B2\ @1/ D2/ D1/ D3/ E1+ C0\ E1+ B0/ F2+ F3+ A2+ G2+ C0+ B7+ B1+ @3/ B0/ A6+ B8/ A7/ H5\ E8+ G6+ G2+ H2/ H1+ H7+ A2+ A8+
8x8Trax_1458989 SweetCindyJo vs. Jeff : @0/ B1\ A2/ @2+ C2\ B3+ C3+ @2+ C4\
8x8Trax_1459187 Misery Midnight vs. stones- A - rama : @0/ A2+ B1/ A3\ C3\ @2/ D4/
8x8Trax_1459248 Sartex vs. Rogue Trooper : @0/ A0+ A0\ @1\ B0\ C3+ @2+ A1\ @4/ A5\
8x8Trax_1460787 Jiggs vs. crow57 : @0+ @1\ B2/ A3/ @3/ D2\ D3\ C4\ D4\ D5\ A2\ E4+
8x8Trax_1461323 Mainmang vs. SweetCindyJo :
8x8Trax_1461355 paganje vs. SarahMills : @0/ B1\ B2\ C2+ A0\ @1\ C4/ B4/ D1\ B0+ B0/ D2+ E1\ D6\ C7/ A4/ @3\ @3\ H1\ G0+ B7\ G6+ B2\ D1+ B6\ H7\ G8+ A2+ B1/ D8+ B8\ A6+ A1+ H8+
8x8Trax_1463342 FixitDave vs. Jump This : @0/ @1/ A2/ A3/ @2+ @2/ E3+ E4\ B4+ D0/ C0+ F6+ F7+ G5\ F3+ F8/ D7+ F1+ C8+ G3+ G2+ @4\ B3+ A3\
8x8Trax_1463393 Tigger vs. Whistler Gandalf : @0/ B1\ B2\ C2+ A2/ C3/ A0/ D4\ D5\ @1\ B0+ B5/ @3+
8x8Trax_1463394 Honeybear vs. P_LizardBrain : @0/ @1\ B0\
8x8Trax_1463407 dingbat vs. Morticia : @0/ A2/ B1/ B0+ C1+ C2+ D1+ C0+ @4/ A5/ @3\ B6/ @5/ C7+ @4+
8x8Trax_1465384 Rogue Trooper vs. Uncle Chuckie : @0/ B1+ A0/ C2\ C3\ D3\ D4\ D1/ E2/
8x8Trax_1465407 Honeybear vs. (((INTENSITY))) : @0/ B1\ A2/ @2+ B0/ C0/ D1/ @2+ B1\ B0\ A1\ @3/ D0+ E1/ F1+ F0/ C8\ D1\ E7+ F7\ @4+ B2\ @3\ B2+ A2\ A1\
8x8Trax_1467039 keops vs. mousti : @0/ A0/ B2/ A3/ B4+ C2/ C1/
8x8Trax_1467095 Goonerg vs. Cachel : @0/ A2+ B1/ A3+ B0/ B4\ C2+ A5\ B5\ A0\ @3+ A5+ A6/ B7\ @5+ D7\ E7\ F5\ D8+ B7+ F7+ G5/ G4/ @6\ A7+ H7\ H8\
8x8Trax_1467122 Rogue Trooper vs. Keizer Soze : @0/ @1/ B0/ B3\ C2+ A4/ @3/
8x8Trax_1468703 SweetCindyJo vs. Jeff : @0/ B1\ B2\ C1/ C0\
8x8Trax_1468781 Misery Midnight vs. SunnyD : @0/ A2\ B2\ B3+ B1/ C2\ A0\ @2/ A5/ @4\ D0/ E2\ F4\ D6+ E6\ E7\ B8/
8x8Trax_1468802 Rogue Trooper vs. Sarah : @0/ B1+ C1/ C0/ C0+ B0/ B5+ A3+ D2/ E2/ @5\ C6\ A1\ B0/ @3/
8x8Trax_1468807 itb4me2 vs. Honeybear : @0+ B1\ B0/ C1/ C2+ B3/ D1+ C0\ B5\ C4+ C5+ D5\ E3/ D1/ E0\ D7+ C1\ D0/ F7\ E8+ B3+ G7\ A3+ F8+
8x8Trax_1469170 DavidJ vs. Kran : @0/ B1\ A2/ @2\ C0/ D1/ A2\ A1\ A0\ @1\ A0\ B0+ @6+ A7/ @2\ A1\ B8+ A7\ @3+ H5\ H6\
8x8Trax_1469582 Megababe vs. hoot : @0/ A2\ B2\ B3+ A0/ A5/ @4\ B0\ A3+ A6+ C2+ D3+ D5+ E3/ @4\ A6/ @3/ B7+ A7\
8x8Trax_1469621 Megababe vs. DIRKSTRA : @0/ B1\ A2/ A0/ @3+ C3+ @3/ A2+ E2\ C4+ A4/ C5\ E4+ E0+ F3\ G1+ G4+ A7/ @5/ H0+ F1\ E8+
8x8Trax_1470146 Megababe vs. Sarah : @0/ B1+ @1/ A2+ A3\ B0\ D2/ C5/ D3+ D1/ C0/ E4\ C7+ @4+ G5/ H4+
8x8Trax_1470157 Megababe vs. xjason : @0/ A2\ B2\ A3\ A0/ @4/ A5/ A1\ @2/
8x8Trax_1470697 SweetCindyJo vs. Jeff : @0/ A2\ B1/ B2\ C1\
8x8Trax_1471062 Morticia vs. ScoobyRex02 : @0/ A2\ B1/ B0+ @2\ @2/ A3/ C4\ A5+ B6/ @4+ A3+ E4+ F3\ @3\ B6+ A4+ A5+ @4\ A2+ H2+ D1/ D0/ D0+ F2/ F1/ G7\ H1/ H8\ A8/
8x8Trax_1471207 drgnrdr vs. AWOL 36195 : @0+ @1+ A0/ A3/ C2/ @2\ B0\ C1+ B5/
8x8Trax_1471315 Megababe vs. Jay RAA : @0+ B1\ C1\ @1/ C2\ D0/ E1/ B1\ D0+ E3+ D4+ @2+ B1+ @2+ E0/ F0/ E7\
8x8Trax_1471317 Megababe vs. What did you say : @0+ @1+ A0+ @2+ B3+ @2+ A3\ A1\ B0/ @3+ A4+ C0/ E2/ A1\ @1\ B0/
8x8Trax_1471419 heidibb vs. Male born 1964 : @0+ @1\ B2\ C1/ C0/ D1/ B0\ B5/ A5/ @5/ F1\ E0/ D6\ C7/ A7/ @7/ B8+ G6\ H6\ H3/ F7+
8x8Trax_1471599 ejd vs. s_strum : @0/ A2\ B2\ B1+ B0/ C2\ D2\ B4\ D3/
8x8Trax_1471801 Megababe vs. xjason : @0+ @1+ A0+ B1/ A3+ A4\ @1/ @2\ D4\ E1/ D5+ D0+ B1+ F4+ D7\ E7\ E8\ F8\ C7+ G6/
8x8Trax_1472032 Whistler Gandalf vs. RubyJoy : @0+ @1+ A2\ B0/ C1/ @2+ E1/ E3\ C4/ F3/
8x8Trax_1472991 SweetCindyJo vs. Jeff : @0/ A2\ B2\ B3+ C2/ C1/ B4/ C3\ D2/ D4\ C5/ C0/ E5/ E4/ @2\ A1\ A0\ A4/ @4/ G7\ H6/ F2+ G4/ F1/ F0/ B6+ D8/
8x8Trax_1473214 Phil The Hat vs. stones- A - rama : @0/ @1+ B2/ A0/ B1/ C1+ C0/ B1+ D2+ B0+ B0/ D5+ D1/ E1+ C0/
8x8Trax_1473246 STrek vs. ellieoop : @0/ A2+ @2\ B3\ C1/ D1+ D0+ C1\ E3/ A1\ @2/ D0+
8x8Trax_1473274 hoot vs. SweetCindyJo : @0/ A2\ B1/ B0+ A4/ @4/ D2\ D3\ A2+ B0/ C0/ D1/ @5/ F1\ E2+ F4/ A6+ F3+
8x8Trax_1473308 paganje vs. Marko : @0/ B1\ A2/ @2+ B0+ @3+ A1\ B0+ A1+ A0+ @4+ D2+ D1+ B0\ @5/ B7/ E1+ D7\ B8+ A8/ @8/ G7\ G8+ H5+ G3\ A5\ A4\ C2+ H4+ H3/
8x8Trax_1473395 drgnrdr vs. MountainMist : @0+ B1\ B0/ C1/ A1+ B3/ @1/ B3/ B0\ @2\ A3+ C5+ C0\ E4+ A1\ @3\ B0/
8x8Trax_1473494 keops vs. Dawn : @0/ A0/ @1/ B0+ @2/ D1/ D2+ @2/ E0+ @2\ B1+ E0/ F6\ G6\ G4+ G7+ H5/ E8/ D8/ C8/ D7+ C1+ G8+ A2+ B1\
8x8Trax_1474187 Megababe vs. xjason : @0/ A2\ B2\ A3\ B3+ A0/ @3\ @3\ D1+ E3+ E1\ @4/ C5+ A1\ F4+ @2/
8x8Trax_1474779 paganje vs. Lilly MIA : @0/ B1+ A0\ @1\ A2+ B3/ A0\ D3+ @2+
8x8Trax_1475430 REBEL DJ vs. supermac : @0/ B1\ B2+ C1\ A2/ @1/ E2/ D3/ C4+ D0+ D0\ F5\ F6\ F2/ B1\ G3\
8x8Trax_1475554 drgnrdr vs. SarahMills : @0+ @1+ A0/ A3/ C1\ B3+ A4+ @4/ A3+ E2/ F1\ E3\ D5+ D6\ A5/ B6/ @4+
8x8Trax_1476491 Shaffyre MIA vs. Misfit Lenrad6672 : @0/ A2\ B1/ B0/ @3/ A4/ C3\ D2/ B4+ A1\ A0\ @4\
8x8Trax_1476646 drgnrdr vs. dboy97 : @0+ B1+ A0/ B3\ @1/ B0/ D1/ D0/ B1+ B0\ @3+
8x8Trax_1476700 DavidJ vs. MountainMist : @0/ A2+ @1\ B0/ C2/ B4+ C1/ B5+ D2+ B6\ C6\ D7/ E6\ F5+ A4/
8x8Trax_1477052 Peachy vs. Marko : @0/ A2\ B2\ B3+ A0\ @2/ A5/ @5/ C6\ D6\ D7\ E6/ F6/ F5/ E3/ D2+ F3+ G7+ B1+ F8+
8x8Trax_1477846 drgnrdr vs. Bret : @0+ @1+ B0\ A3/ A0/ A0/ @4/ A5/ B6/ @5\ B2+ A4+ E4/ C0/ E6\ F7/ A7/ @6\ D8/
8x8Trax_1478621 Misery Midnight vs. faith64 : @0/ B1+ C1/ C0+ D2\ D3\ D1/ E2/
8x8Trax_1479591 B Line electric streetcar vs. Jump This : @0/ @1/ B0+ A3/ C1+ @3/ B0+ @3/ @2+ A4+ F4\ F5\ G3+ @1+ G6+ B0+ A4+ F6+ F8+ C6/ B7\ E1+ G2+ F1/ H2+ C8+ A7/ DRAW
8x8Trax_1479610 Vonnie vs. Knight Rider : @0+ B1+ A2\ B0/ C1/ D1+ @2/ D3+ D4+ B1\ B0\ F3/ C1/ C0/ D2/ E1\ @3/ G2+ H2/ A4/ E7/ B6/ E0/ B2\ A7/ A8/ F7\ G7\ H6+ H8/ A2+ A1+
8x8Trax_1479611 aussielady vs. SweetCindyJo : @0/ B1\ A2/ @2+ A3+ B0/ D1+ A5\ B5\ C4\ B6+ B7/ @7+ @7\ F0+
8x8Trax_1479693 drgnrdr vs. What did you say : @0+ @1+ A0/ A3/ C2/ A0/ @3/ A2+ @1/ D4\ E5/ A4/ @4/ A3+ B5+ E6\ @2/ C0+ B1\ G1/ F0+ H2\
8x8Trax_1479780 Marko vs. Keizer Soze : @0+ A2\ B2\ C2+ @2\ B0\ C1+ E3+ @2/ A4+ A0\ @3/ E1+ B0+ F2/ G3+ H3/ H2/ E1+ F6\ F7\ B7+ E7/ B0+
8x8Trax_1480102 s_strum vs. Marko : @0+ @1+ B0\ A3/ B3+ C3\ @3/ C4+
8x8Trax_1480814 Megababe vs. xjason : @0/ A2\ B2\ @1/ D2\ C1+ B0/ C0\ C5+
8x8Trax_1480831 s_strum vs. ejd : @0+ @1\ B2/ B0+ C1/ @3/ A4/ @2\ A1\ B0\ @2\ B1+
8x8Trax_1481438 paganje vs. Stinger : @0/ B1/ C1\ C2\ A0\ @2/ C0/ D1/ E3\ B4\ F2+ C0+ C0/ A2\ B1+ @4+
8x8Trax_1481888 Marko vs. Jane : @0+ @1+ A0/ A3/ @3\ A2+ C0\ A1+ A0+ @1\ E4\ A2/ @3\ A5/ F2/ @4/
8x8Trax_1482033 Misery Midnight vs. RubyJoy : @0/ A2+ B1/ A3+ A0\ @3\ D2/ B5+ E3\ C4+ F2/ E1+ C0\ A2+ G4\ F5+ F6\ G5\ H5\ G6\ H6+ H7\ A1/ F7/ G8/ E6/
8x8Trax_1482140 Lorraine of the Renegades vs. Whistler Gandalf : @0/ B1\ A2/ @2+ C2+ @1\ A0\ C1\ B4+ C0/ D2+ D1+ E1/ @2\ A1\ B0+ D1+ B0\ @2\ A1+ D1/ D0/ E1+ B7/ A5\ F8/
8x8Trax_1483219 Sweetcheeks vs. Arctic Warrior : @0/ A2\ B2+ C2/ B1/ C1+ C0+ B1+ B0+ C1+ B0\ @3+ E4\ D6\ D1/ C0\ C7+ E2+ B1\ F4+
8x8Trax_1483279 Megababe vs. (((INTENSITY))) : @0/ A2\ B2\ @1/ C1/ D1/ C0+ B4/ C0/ A5+ A1\ A0\ @2/
8x8Trax_1483281 dolly vs. paganje : @0+ @1\ A0\ C1/ A0\ C1+ A0\ @1\ C0/ C6\ B6+ @5/ @4+ @2/ G6\ H3\ F7+
8x8Trax_1483330 Marko vs. Shariann : @0+ B1+ A0/ B3\ C3+ C4/ A3/ @3+ A4/ B5/ E4\ E5\ B6+ C7+ @3+ F3/ G3/ D0/ E2+ B7/ B8+ A8/ A6/ @6/ B3\ B2\ B1+ A3+ H5+ G1+ H7+ A1\
8x8Trax_1483447 Marko vs. ejd : @0+ A0/ B1/ @2\ A0+ @1\ @1\ B0/ A4/ A0\ C6/
8x8Trax_1484274 Lyonsgirl vs. Morticia : @0+ @1+ A2\ A0\ @2+ D2+ E2\ E3\ E4+ F3+ C4/ D5\ G2\ G1+ H3\ H2+
8x8Trax_1484275 Morticia vs. Lyonsgirl : @0+ B1+ A2\ B0/ C1+ A1+ A0\ D3/ C4+ C5/ B5/ @4+ C6+ A2+ E6\ F5+ E7/
8x8Trax_1484526 heidibb vs. SIMON : @0/ B1\ B2\ A2+ @2/ B3\ C3\ A1\ B0\
8x8Trax_1484528 heidibb vs. Lilly MIA : @0/ B1+ A0+ A3/ A0\ C3+ @2+
8x8Trax_1484539 DavidJ vs. Allison : @0/ B1\ A2/ B0\ B3\ B4\ C2+ @3\ D0/ E2\ C0\ B1\ A1\ @1/ E0/ F2\ G5/ @2\ A1\ C0/ C8/ B8/ F1+ A8\ A7+ H4+ G2+ H2/ H1/
8x8Trax_1484635 Megababe vs. xjason : @0/ A2\ B2\ A3\ B1/ C2\ B0+ @4/ A5/ A1\ @3/ C0\
8x8Trax_1484683 xjason vs. Megababe : @0/ A0/ B2/ C2/ C1/ @2/ @1/ F2/ B0+ F2/ E0+ C5+ D0/
8x8Trax_1485504 Kevin vs. keops : @0+ @1\ C1\ A0+ A0/ A0/ A0/ A0/ C3+ D4/ @3+
8x8Trax_1485505 keops vs. Kevin : @0/ A0/ @2+ @2/ D1+ C0/ D4\ E3/ A2+ C0/ F3\ C0/ E1/ C0/ F2/ G2/ H4+ F1+ G5+
8x8Trax_1485508 Kevin vs. B Line electric streetcar : @0+ @1+ B0+ B3/ @3\ A1/ @2+ @1/ C0+
8x8Trax_1485509 B Line electric streetcar vs. Kevin : @0/ A0/ B1+ C1/
8x8Trax_1485510 keops vs. jbdobie : @0/ @1/ B2/ C1+ C0+ A3+ B4+ B5\ D5+ E3\ F3\ F4\ G3/ D2+ G2+ H3+
8x8Trax_1485511 jbdobie vs. keops : @0/ A0/ @2+ @2\ D1/ A0+ @1\ A0+ @2/ G4+ F5\ H3+ E6/ D5+ G6\ H6\ G7/
8x8Trax_1485512 keops vs. B Line electric streetcar : @0+ A2+ A3+ @1/ C1/ C0+ D1/ @2/ @2/ @2+ F0+ A4+ A5+ @3/ B6/ B7+ E6/ F1+ E1\ F0\ E8+ D2+ E1+
8x8Trax_1485513 B Line electric streetcar vs. keops : @0/ A2/ B2+ C2/ C3/ D2+ C4/ @4+ D5/ A2+ B0/ E7\ F6+ A7+ E8\ F8\ G8\ H8\ G4+ G3/ G2/ H2/
8x8Trax_1485514 jbdobie vs. B Line electric streetcar : @0+ A0/ @1/ @1/ @1/
8x8Trax_1485515 B Line electric streetcar vs. jbdobie : @0/ A0/ B1/ C2+ A3/ D2/ E2/ F2/
8x8Trax_1486505 Marko vs. Stinger : @0+ @1+ A2\ A0\ @2/ @2/ B4+ @3+ A1\ B0/ @3+ @2/ F6\ G6\ H3\ A1\ B0\ C7/ B7/ E8+
8x8Trax_1486563 Rogue Trooper vs. dingbat : @0/ B1+ A2\ B0\ C2/ B3+ @3\ C4\ D0/ A5/ E2/
8x8Trax_1486577 leopard vs. Misery Midnight : @0/ A2\ A0\ B2\
8x8Trax_1486650 STrek vs. SweetCindyJo : @0/ B1\ A2/ @2+ A3+ @2/ B4+ C0/ E1+ E0\ D1\ D0\ A2+ @4\ C0+
8x8Trax_1486680 Marko vs. s_strum : @0+ B1/ B2\ C2\ A0/ @2\ @2/ A3/ B0\ A1\ @3/ @2/ B0/ D5\ E6/ B5/ A4/ C0/ A1\ C0/ @2/
8x8Trax_1486744 Marko vs. Peachy : @0+ B1+ A0/ B3\ C3+ A0\ @2+ B0/ C1\
8x8Trax_1486745 Peachy vs. Marko : @0+ @1+ A0/ A3/ C2\ @1\ A0\ C4\ B5/ D4+ A4+ C5\
8x8Trax_1486887 Jiggs vs. crow57 : @0+ B1/ B2\ C2+ D2/ D1/ E1/ C0\ E4\ F3/ D0\ @3\ D5/ B2+
8x8Trax_1488159 s_strum vs. ejd : @0/ A2\ B1/ A3\ B2\ C2\ B3+ C4/ @2\ E2\ B0/ D2+ D1/ F3\ E0\ D0/ D0/ G5+
8x8Trax_1488761 Mainmang vs. Whistler Gandalf : @0/ B1\ A2/ @2+ B3\ C2+ C3+ D3\ C0/ D3/ E4+ A1\ @2+ C0/
8x8Trax_1488809 Goonerg vs. dingbat : @0/ A0/ @2+ @2/ D1+ C0+ A2+ C4+ A4/ E2/ E3+ E1+ E0/ C1+ E0/ @5+ A3+ C2\ C1\ C0+ C8+ B2\ G3+ @6\ A3/ A7/ A8+ F8+ H7/ B2\ H1+ A1\
8x8Trax_1488851 Rogue Trooper vs. Keizer Soze : @0/ @1/ B2+ B0\ @3\ B4+ A5\ D3+ D4\ C5+ A6\ @6+ A7/ C7+ @5+ A7/ A2\ D1+ @2/
8x8Trax_1489718 Megababe vs. keops : @0/ @1/ A0/ A0/ B2+ @2+ B4/ @4/ C5/ E3/ D0\ E2+ F4/ @4\
8x8Trax_1489791 keops vs. Megababe : @0/ A2/ B2/ @2/ @1+ C0/ C0+ D3+ A0\ @1\ C6+ E2+ F6\ E7/ F2/
8x8Trax_1489840 pillock vs. Megababe : @0/ B1\ B0\ B3/
8x8Trax_1489855 Megababe vs. xjason : @0/ A2\ B2\ A3\ A0/ @4/ B5/
8x8Trax_1490402 Mainmang vs. Elvis : @0/ A2\ B2\ B1+ @2/ B3\ B0\ A1\ D3/ D2/ E2/ @1/ G3\ A3\
8x8Trax_1490421 SweetCindyJo vs. Jeff : @0/ A2\ B1/ B0+ B3\ C3\ B0\ C3/ D4\ D2/ D1/ E1+ B0/ C1/ C0/ D1/ F3\ E7/ G3\ @7/ B8\ H2/ H1\ A5\ A4\ G8/ F8/
8x8Trax_1490960 supermac vs. drgnrdr : @0/ A0/ @2+ @2\ C0+ D1/ D2+ C4+ D0/ E1/ A1\ D0+ @3\
8x8Trax_1490977 Tigger vs. Misery Midnight : @0/ B1\ B2\ C2\ A0/ A0\ @2+ @2\ A1\ B0\ A1\ C0/ D1/ E7/ B6\ D0/ C8\
8x8Trax_1491100 sagitarius vs. Whistler Gandalf : @0+ B1+ B2/ B0/ C1+ B0\ A2+ @2\ A1\ A0+ @1\ E1/ E0/ A3+ F3+ C1/ D7/ A1\ E7\ @2+
8x8Trax_1492101 xjason vs. Megababe : @0/ B1+ C1/ A2+ B3/ C2+ D2\ A4\ E3/ C0/ C0/ A2+ F6\ D7+ D8\ G5\ F4+ B8+ @5+ B8\ A3+ H6+ H7\
8x8Trax_1493158 Knight Rider vs. Geri39 : @0+ A2/ B1\ @1/ A2/ @2+ A3\ E2/ B0/
8x8Trax_1493159 Vonnie vs. HeatherN : @0/ B1+ B0\ A3\ @2/ C3\ D3\ D4\ @1\ B0/ D6\ F5/ F4+ E6+ A4/ @4/ B5+ D1/ B1+ F2+ A2\ @3/
8x8Trax_1493179 Uncle Chuckie vs. Rogue Trooper : @0/ A0+ B2/ B0\ @3/ A4/ @2\ A1\ C0/ A6\ @4\ E7+ F6/ A7/ A2\ @6/
8x8Trax_1493570 bluewolf vs. Marko : @0/ A2\ B2\ C2\ @1\ B0/ C1+ C0+ C0\ D3/ C0/ E5+
8x8Trax_1494449 Megababe vs. Lowell : @0/ B1\ A2/ B2+ C2\ C1+ B3+
8x8Trax_1494453 Megababe vs. Judy : @0/ A2\ B2\ B3+ A0/ B5+ @3\ @2/
8x8Trax_1495311 cocopuff vs. STrek : @0/ B1/ B2\ C2+ D2/ D1/ @2/ C3+ A1+ C4+ @1\ A0\ D0+ B0\ G4/ F1+ E0/ H5/ G7+ G1+ F8\ B7+ B8/ A8/ A2+ A1\ H8\
8x8Trax_1495337 Rogue Trooper vs. Sartex : @0+ A0\ @1/ B3\ B4\ A3\ C1\ @1\ A4/ B5/
8x8Trax_1495368 Morticia vs. Nancy : @0/ A2\ B1/ B0+ @2+ A3+ @3/ A2\ B4+
8x8Trax_1495530 drgnrdr vs. SarahMills : @0+ B1+ A0/ A3/ C1\ B3+ A4/ D1\ C4+ E2+ D4+ D5/ @3+ @3/ B5+ A6\ E7\ F7\ G7\ H6+ G1+ D0+ H2\ C1\ B1\ A3+ H5/ A8+ H1/
8x8Trax_1496431 Jump This vs. harmonydawn : @0/ A2\ B2\ B1+ B3/ C1/ D1/ C0\ D4\ A4+ C5/
8x8Trax_1496971 aussielady vs. Knight Rider : @0/ A2/ B1\ @2\ C2+ C3\ D2/ E2+ F3/ B4/ A4/ @2\ D0+ @4+ B6/ C2+ C6+ F5+ E0+ C2+ E0+
8x8Trax_1496982 SweetCindyJo vs. Mainmang : @0/ A2\ B1/ B0+ A0/ B4\ C4/
8x8Trax_1496987 Pepsi Fan vs. SweetCindyJo : @0+ B1+ B0/ A1\ B0/ C1\ @3/ @2\ A1\ D0/ B5+ C6\ D6\ D0\ C2/ A2/ E5+ E6\ F4\ G4/ G3+ G6\ H6+ F7\
8x8Trax_1497011 Lillie vs. spitfire : @0/ B1\ A2/ B2+ C1/ C0/ @2\ A1\ @3/ A4/ F1+ E0\ D1+ B1/
8x8Trax_1498014 Howdy Doody vs. Megababe : @0+ B1+ B2/ B0/ C1+ D2/ A1+ D3\ C4\ E2\
8x8Trax_1498211 heidibb vs. Muffin : @0/ A2+ B2\ C2+ B0\ B0\ @4/ E3+ B5+
8x8Trax_1498943 Tigger vs. keops : @0/ A0/ B1+ B0+ @3/ A1+ @3/ A4/ @2\ E5\ F5\ @2+ A1\ C0/ @3/ B6+ F7+ H3/ C7/ B0\ A1\ F2+ E1/ F1/
8x8Trax_1499073 paganje vs. (**)(**) Bunny Toes : @0/ B1+ @1\ A0\ B1+ C1/ B0\ B0\ A2\ D3\ A1\ @3/ E1\ @1\ B0+ D1+ A1\ A0\ B0+ @5+ C7/
8x8Trax_1499078 Dawnas AZ vs. Morticia : @0+ A2+ A0+ @1/ C1\
8x8Trax_1499425 s_strum vs. ejd : @0+ A0+ A0\ @3\ C3\ @2\ A1+ @2/ A3/ A4/ @4/ B1\ C5/ C0+
8x8Trax_1500328 sweetone vs. Morticia : @0/ A2\ B1/ B0+ C1+ B0+ @3+ C0+ E3+ A2/ @4+ A2\ A1\ @3+ E5+ A5/ @5+ D5+ C6+ F6/ C0\ D1/ G2+ D0\
8x8Trax_1500417 Z MIA vs. Marko : @0/ B1\ A2/ @2+ C2\ A3\ C0/ D2+ E3\ E4\ D1/ A1\ B0+ @3\
8x8Trax_1500662 Jiggs vs. crow57 : @0+ @1/ A0\ @2/ A3/ C1/ C0/ D3\ B5/ B6/ A6/ A7/ E4/ @6+
8x8Trax_1500670 Knight Rider vs. Peeky : @0+ A2/ @2/ B0\ @3+ A4/ @3/ A4/ B5+ C4\ D4+ @4+ E5/ @4+ E6\ G2+ G4\
8x8Trax_1500671 Knight Rider vs. sagitarius : @0+ @1\ B0/ @1/ D2+ D3\ E3+ F3/ E1+ A3/ @3/ D4+
8x8Trax_1500672 Knight Rider vs. Morticia : @0+ @1+ A2\ A0\ @2+ D2+ A3+ @3/ A2\ B4+
8x8Trax_1500674 Knight Rider vs. Beaupol : @0+ @1+ A2+ @1+ @1/ A2/ A3+ @2+ B4\ B0/ E5\ D6/ A0\ @2/ A4\ G3+ B0/ H4\ H3/ B6/ G7\ E3+ E2/ C1+ F3+ H7\ H8\
8x8Trax_1500984 SweetCindyJo vs. Peeky : @0+ A2\ B2/ B1/ C1/ A0\ @1\ A0\ @3/ A4/ A5/ F2+ E5\ C0+ F5\
8x8Trax_1500985 SweetCindyJo vs. sagitarius : @0/ @1/ B0+ @1/ C0\ A3/ A0\ @1\ A4\ B0+ @1/ E1/ F2/ E0\
8x8Trax_1501447 cocopuff vs. drgnrdr : @0/ @1/ B0+ A0/ A0/ @3+ D3\ D2+ A5\ @2/ A0\ @2/ G6+ E7/ E8+ D8/ C7+ G4/ B6+
8x8Trax_1501448 STrek vs. Megababe : @0/ B1\ B2+ B3/ A3/ @1+ @2+ A1+ @2+ D4/ B0\ A1\ @2\ D6/ E6+
8x8Trax_1501463 (((INTENSITY))) vs. Whistler Gandalf : @0/ B1\ A2/ B2+ @2\ C3\ C4\ D3/ D2+ E2/ B5/ A3+ E3+ D5+ F3\ G3\ D6/ H5\ G6/ C6+ F6/ E7\ H6+ H8+
8x8Trax_1501545 dboy97 vs. Morticia : @0/ A2/ B2+ A3+ @3/ A2+ D2\ D4+ E2\ D1+ B4+ C5+ @3+ F5\ G5\ E0+ A5/ A6/ C7\ B1\ A1\ D0\
8x8Trax_1502213 Megababe vs. xjason : @0/ @1/ @1/ @1/ C0+ A3/ C4+ @3/ A5+ F4\ D5\ B6+ @3/ @3/ C0+
8x8Trax_1502309 HeatherN vs. Peeky : @0/ @1/ A2/ @2/ A3/ C0\ A1\ @1\ C0+ E2+ D0\ F3+ E4\ A5+ @4/ A3+ H3\ H5+
8x8Trax_1502373 HeatherN vs. sagitarius : @0+ B1+ B2/ B0/ @2/ @3\ C1+ A1\ B0\ @2/
8x8Trax_1502374 HeatherN vs. Morticia : @0+ B1\ C1/ C0/ A1+ @2/ A3/ B4+ E1\ D4\ E3\ C5\
8x8Trax_1502376 HeatherN vs. Beaupol : @0+ B1+ @1/ A2/ B0+ @3+ @3\ A1+ @1\ G2+ A0/ E1+ F1/ G4\ G5\ D0/ G2/ H6+ F0+ H8/ B7/ A6+ C1/ A7/ H2+ A2+
8x8Trax_1503540 aussielady vs. Morticia : @0/ A2\ B1/ B0+ C1/ B0+ @4\ C0+ B6+ B2+ C6/ D5\ E4/ @6+ @6\ B7+ C8/ D8+
8x8Trax_1503838 Phil The Hat vs. sagitarius : @0/ A0/ A3/ B2+ A0/ A0/ A0/ C3\ @6+ A7/ D6/ E4/ @6\ D7/ G4/ B8/ @5/
8x8Trax_1504226 ejd vs. Marko : @0/ B1\ A2/ @2+ B3\ C3\ C0/ D2\ E4\ C5\ E5\ A1\ D6/ @2\
8x8Trax_1504628 ScoobyRex02 vs. Marko : @0/ A2\ B1/ B0/ C2\ B3+ B4\ C3\ D1+ D4\ E3/ C0/ B1+ @1+ @3\ C0+ E1/ B5+ B6\ E0+ F1/ @6/ A7/ D8/ G2\ F8+
8x8Trax_1504629 ScoobyRex02 vs. Marko : @0+ @1+ A2\ B0/ C1+ B4\ C4\ D2/ C5/ @3/ A4/ A5/ A6+ @4+ F5+ @5/ A6/ @6/ C7\ B8+ E1\ D1\ B4+ B3\ B2+ E7+ F8+ D8+ B1+ A2\
8x8Trax_1505260 Scorpio-Lady vs. Fallen Angel : @0+ @1\ C1\ A0/ B3/ A4/ @3\ B5/ D4\ E4\ A1/ A0\ @1\ A3/ @2+
8x8Trax_1505449 DavidJ vs. washie224 : @0/ B1\ A2/ @1+ @1\ B0/ D1/ C0/ E2\
8x8Trax_1505466 DavidJ vs. washie224 : @0/ B1/ A0\ @1+ @1/ B2/ B3/ A2/ D0/ E2\ E5\ F4/ A5/ A6/ @3/
8x8Trax_1505642 SweetCindyJo vs. Jeff : @0/ B1\ A2/ @2+ D1/ D0/ C3\ C4+ @3\ B1\ A1\ @1\ B0/ @1\ B0/ E2/ G2/ F1\ @2/ A3+ B4/
8x8Trax_1505782 supermac vs. DIRKSTRA : @0/ A2\ B1/ B0+ @2/ B0+ C4+ @3/ C5\ E4+ B6+ @6+ A3+ D0+ A8/ @8/
8x8Trax_1505793 HeatherN vs. SweetCindyJo : @0/ B1\ B2\ A2+ B3/ C2\ B4\ A3/ @2\ B0/ E3\ E5\ F4/ C0+ C0/ B8/ A8/ @6\ C2\ A5\ B1+ @3\ A5/ A7/ A2\ B1+ A1+ H8/ A8+
8x8Trax_1506115 DavidJ vs. ks : @0/ A0/ B2/ B3/ C3/ C4/ @2/ A3+ @1\ B0/ @3/ A4/ A5+ @3+ @4\ B1\ RESIGN
8x8Trax_1507791 Marko vs. cocopuff : @0+ B1\ C1/ B0\ C1+ D1/ B0\ C4\ D4\ E2/ B4+ F4\ E5+ @3/ B5/ @3/ C0\ B3+ C7\ D6+ G7+ H6+ D8+ H2/ D1+ G8\ C8/
8x8Trax_1507800 Stinger vs. Morticia : @0/ B1\ B2\ C2+ B3/ A3/ A0+ D3+ A0+ C2/ @2\
8x8Trax_1507816 Honeybear vs. drgnrdr : @0+ @1+ A2\ B0/ C1/ D2/ A1+ A0\ A0+ @1\ D0/ E2\ E4/ E6\ F5+ D7/
8x8Trax_1507896 Rogue Trooper vs. golfnutrof : @0/ @1/ B0/ @2/ D2+ D3\ @1+ A0\ @2/ B4+ @3+ @3/ G5/ E5+ D0\ B3+ F7/ C6+ B7+ C7\ D8/
8x8Trax_1508212 SweetCindyJo vs. Scorpius : @0/ B1\ A2/ @2+ D1/ D0/ C3\ A4\ B1+ B0/ E2\ E3\ C5+ C6/ B6+ A6/ @5\ D7/ E6\ F6\ G6/ G4+ H4\ D8+ G1/ H1+ F7/ G7\ G8\ H8+ DRAW
8x8Trax_1508458 Misery Midnight vs. dboy97 : @0/ @1/ B0+ @2+ B3\ D1+ D0\ A1\ D3+ B0/
8x8Trax_1509202 HeatherN vs. Scorpius : @0/ B1\ A2/ @2+ A3+ @2+ C0+ B5\ C5\ D4\ C0+ A6/ A7/ C0/ D1/ E5/ C8+
8x8Trax_1509546 Knight Rider vs. Scorpius : @0/ A2\ B2\ B3+ @2+ @2/ C4+ E3+ C0\ B2+ B1+ A2+ A1+ @1+ E2/ F3+ F1/ RESIGN
8x8Trax_1510026 Mainmang vs. Knight Rider : @0/ @1/ @1/ A2/ A0\ @1\ D4\ E1\ F1/ E0\ E5+ D6+ F5/ F4+
8x8Trax_1510068 paganje vs. dboy97 : @0/ A0+ A0\ @1\ C3/ D2\ C1+ @2+ D4+ B4+ B5\ C0+ D6/ @3\ G5\ G6\ G7\ A1\ C0/ @3\
8x8Trax_1510679 Morticia vs. lexy : @0+ B1+ B0\ B3\ C3+ A3+ C4\ D4+ D5\ E4+ A4/ C5+ B5+ C6\ @3\ F6/ G4/ G5+ @3+ G3+ H2\
8x8Trax_1510693 lexy vs. Morticia : @0+ @1+ A2\ A0\ B1+ C1/ A0\ @2\ A1+ C0+ E2+ @2+ B1+ D0/ G3+ C1+ D0/ G3/ G2/ H4\ G5\ F6\ H5+ H6+
8x8Trax_1512085 paganje vs. Freight Train : @0+ B1+ B0\ B3\ A3+ C1\ D2/ A0/ @3/ C0\ C6/ E6/ B0/ F6+ E8\ A4+ F3+ G5\ B7/ @7+ G8\ H8\ H3\ C8+ B8/
8x8Trax_1512106 spitfire vs. LilSis : @0/ B1\ A2/ C1\ A0\ @2/ A3+ C3\ C4/
8x8Trax_1512341 Jiggs vs. crow57 : @0+ A0+ A0/ B2\ @3/ C0/ D2\ A5/ A3\ @3\ E3\ A5\ D5+ @3\ C6\ C1+
8x8Trax_1513299 DavidJ vs. washie224 : @0/ A0/ B1+ A3+ C1\ @2\ E3\ E4\ F2/ E1+ F1+ E0\ B1/ F6\ G5+ D5+ H3/ G2+ H2+ G1\ F0/ H6\ H7\ H2/ C1\ D0\ A3+
8x8Trax_1514088 Whistler Gandalf vs. hoot : @0+ @1+ A2\ B0/ C1/ @2+ C0+ B2\ E3\ E4\ C5/ A1\ A4+ @2\
8x8Trax_1514114 drgnrdr vs. grade1teacher : @0+ @1\ C1\ A0\ D2/ D1/ B0\ B0+ A1\ @4+ E5/ F4+ F2+ G4+ B5+ B0\ A1\ @1+ C0+ F8/ E1+ H5/ H4/ G2/ A7/ A8/ A6+ DRAW
8x8Trax_1514163 (**)(**) Bunny Toes vs. Honeybear : RESIGN
8x8Trax_1515956 SweetCindyJo vs. Morticia : @0/ A2\ B2\ B3+ B1/ C1/ A0\ @2+ C5/ A5+ D5\ C6/ B7\ D7+ C8\ D8+
8x8Trax_1516354 SweetCindyJo vs. Jeff : @0/ A2\ B2\ B1+ @2/ A3/ C0/ D1/ E2\ D4/ A5/ E3+ F3\ C0\ B1\ D6\ G4/ G3/ E6\ C6/ C7/ A8/ @7\ G1+ F7+ F8\ E8/
8x8Trax_1516535 Morticia vs. Beaupol : @0/ B1\ B2\ C2+ B0+ D3+ B0+ C1+ C0/ D1/ D6\ E4/ E1+ E0/ F5+
8x8Trax_1516558 Honeybear vs. Dave (UK) : @0/ B1\ A2/ @2+ A3\ @2+ D2+ D4+ D5\ E2\ C0/ E1/ C0/ F3\
8x8Trax_1516559 spitfire vs. Jay RAA : @0+ B1\ C1/ C0/ D1+ @2/ A3/ D3+ A4/ C5+ A6/ @6/ D6\ C7/ A5+ F5\ G3/ F6+ G6\ F7\ D8/ G7\
8x8Trax_1517856 Mainmang vs. Elvis : @0+ @1/ A0\ @1\ @1\ D1/ C0+ D1+ A3/ D0\
8x8Trax_1518557 DavidJ vs. Sarah : @0/ B1+ A0\ @2/ @2/ A1+ @1+ B0/ D0/ E1/ C0\ B1\ A1\ @3/ @3+ B0/ H1/ H0/ G1+ A6/ G5+ F0/ H6\ B1+ A8\ A1+
8x8Trax_1518964 Honeybear vs. Mainmang : @0/ B1\ A2/ @2+ A3\ A4/ @3\ D3\ D4\ D5\ D6+ E5/ C0/ E2/ A2\ E1/ @3\
8x8Trax_1519325 DavidJ vs. sagitarius : @0/ B1\ A2/ A0/ A0/ C2+ B0\ @4/ D0/ E2\ A1\ @4+ D0\
8x8Trax_1519918 ejd vs. Marko : @0/ A2\ B1/ B0+ C2/ C3\ D3\ A0\ @1\ A0+ A5\ @1/ D6+
8x8Trax_1521296 Tesa vs. Chad : @0/ @1/ B0+ B0/ C2\ A4+ @3\ E1/ C0/ E5\ B1\ F4/
8x8Trax_1521339 Shariann vs. Arctic Warrior : @0+ @1+ A2\ A0\ @2/ D2\ B4/ @1/ @1\ A0\ G3/ G2+ G1\ F1\ E0\ D1\ D7\ E7\ F8\ G8\ @2+ A1\ C5/ C6/ C7\ D2+ B1+ B4+
8x8Trax_1523400 drgnrdr vs. SarahMills : @0/ B1\ A2/ @2\ A1\ B0/ C0\ D2+ C4\ B5/ B6/ E3+ A2+ B0\ C1+ @4+ @5\ B2\ B1\ H5/ G6+ A3+ G3/ H1/ E8+ G7+ H7+
8x8Trax_1523417 Arctic Warrior vs. ScoobyRex02 : @0+ B1+ B2/ A0\ @1+ A0/ @2+ D2+ E3\ F3\ E2+ F5\ G5\ F6+ G3/ H5\ G2/ H1\ E1+ C6/ F7+ B5\
8x8Trax_1523468 Whistler Gandalf vs. faith64 : @0+ B1+ A2\ B0/ C1/ D1+ B0+ A1\ A0\ @1\ D5+ F3+ C0/ D2+ D1+ E2+ E7\ F7\ G4/ @4+ H2/ H1/
8x8Trax_1523469 buttercups vs. Misery Midnight : @0/ B1\ A2/ @2+
8x8Trax_1523518 hoot vs. drgnrdr : @0+ @1/ A0\ @2/ A3+ @2\ A1\ @1\ A0\ E2/ E1/ E0/ C6+ E6\ F6\ A5/ @5/ C7\ @5\ B4+ A2\ A1\ C0/ H4+ G1/ A8/
8x8Trax_1523589 Phil The Hat vs. Azalea : @0/ B1\ B2\ A0/ A0/ @2+ @2/ D0/ E1\
8x8Trax_1524222 harmonydawn vs. Jump This : @0+ B1+ B2/ B0/ A1+ A0\ C2/ D2+ A0+ @1\ @1+ F5\ F6+ G5/
8x8Trax_1525371 Goonerg vs. SunnyD : @0/ B1/ B0\ A3+ B4/ A1+ A0/ C3\ C2+ C4+ @1/ B0/ E3/ @2\ G1/ G0/ G5\ A5/ G6/
8x8Trax_1525436 STrek vs. BrnIdGirl : @0/ B1\ A2+ A3\ B3\ C2\ @2+ D3+ B4+ A4\ @2+ F3/ E0+ @3/ A4/ D6\ @4+
8x8Trax_1526434 zeez vs. Marko : @0/ B1\ A2/ @2\ A3/ @2\ B1\ D0\
8x8Trax_1527094 Morticia vs. Chad : @0/ A0/ B1+ C2/ C3+ B4+ @2+ A4\ C0/ B1+ B6\ @3\ D0+ A7/ A1\ @5+
8x8Trax_1527153 spitfire vs. nisqually : @0/ A2/ B2\ A3/ B0/ C1/ B0/ C4+ D3\ B5\ A6/ @4+ B7\ C7\ E2/ F2/ B2+ C0\ F2\ D2+ E6+ @5\
8x8Trax_1527900 Carol91859 vs. paganje : @0/ A2\ B1\
8x8Trax_1529085 Knight Rider vs. acelockard : @0+ A2/ @1+ A0/
8x8Trax_1529163 Megababe vs. irishmiss :
8x8Trax_1530761 cricket55 vs. heidibb : @0+ @1\ C1+ A0\ D2/ D1/ D3\ B0/
8x8Trax_1530880 paganje vs. Matsi33 : @0/ B1+ @1\ B0\
8x8Trax_1531026 Scorpio-Lady vs. Fallen Angel : @0+ B1\ B0/ C2\ A3+ @3\
8x8Trax_1531317 Matsi33 vs. paganje : @0/ A2\ B1/ B2+ A3/ @3+ A2+ @2\ A1\ C0/ @2/ B1+ D0/ B1+ A4+ B5/ A2\ @3\
8x8Trax_1531456 streep vs. Whistler Gandalf : @0/ B1\ B2\ C2+ B3/ A3/ @3+ A4/ B4+ @2\ A1\ A0\ @1\ B0\ B0\ A1\ @4+ @5/ A6\
8x8Trax_1531513 Beaupol vs. supermac : @0+ @1\ B2+ B0+ C2\ A3+ B4+ B0\ @1+ B5+ C6+ A3/ @3/ D0/ E1+ F1\ E2\ F2\ A2/ @4/ C1+ D0\ E1+
8x8Trax_1531644 drgnrdr vs. sagitarius : @0/ A2+ A3/ @3/ B0\ A1\ @1\ A0\ @1\ @4+ @3/ C0+ C0/ G5/ C8+ A7+ A2\ @2\ A6\
8x8Trax_1531952 Hoosierenvy vs. DavidJ : @0/ A2\ B2\ @1/ B3+ B4\ D3/ E4+ C5/ A0\ @3\ A1\ @1/
8x8Trax_1533708 SweetCindyJo vs. Jeff : @0/ B1\ A2/ @2+ D1/ D0/ A4/ A1\ @1\ E3\ F2/ E0\ C1\ D0\ E6/ C6+ D7/
8x8Trax_1533910 cocopuff vs. paganje : @0/ B1\ B2\ A2+ A0\ @2/ @2/ E3\ C4/ E1/ E0+ F3/
8x8Trax_1533911 BrnIdGirl vs. Phil The Hat : @0/ A0/ @2+ B0+ B0\ A0/ @4/ D3/ @3+ E5\ F3/ D6\
8x8Trax_1533917 sagitarius vs. Arctic Warrior : @0+ @1\ C1\ A0\ B3/ @2/ C0\ @3/ E1/ A4\ F3/
8x8Trax_1533956 HeatherN vs. Knight Rider : @0/ A2/ B2\ B3\ @1\ A0\ @2\ E3+ F3/ E1/ B0\ A2+ @2\ B0\ D6+ E1+ G2/ B0/
8x8Trax_1534051 Marko vs. STrek : @0+ @1+ B2/ B0/ C1+ C0/ C0\ B2+ A2\ D2+ A1/
8x8Trax_1534099 ejd vs. Marko : @0/ A2\ B2\ B3+ B1+ C2+ C0\ D3\ D4\ C5+
8x8Trax_1534949 heidibb vs. tharapyo : @0+ @1\ B0/ B0+ A4/ B0+ @5\
8x8Trax_1538345 Honeybear vs. nisqually : @0/ B1+ B0\ A3/ @3+ B4\ @1\ A0\ @3/ A4/ F3/ A5/ D6\ D1/ B0\ @5+
8x8Trax_1538354 drgnrdr vs. Jane : @0/ B1\ A2/ @2+ @1/ A0+ C0\ D1\ E1\ F3+ E4\ D5\ G2\ G1\ G4\ H3/ E5+ E6\ D6+ F0/ G6\ D8/ F7+ H7+ B8+
8x8Trax_1538375 Goonerg vs. Uncle Chuckie : @0/ B1+ C1/ C0/ B0/ A2+ B4+ @1/ @2\ D0/ A5/ D0/ C7/
8x8Trax_1538412 Megababe vs. (**)(**) Bunny Toes : @0/ A2\
8x8Trax_1538416 muffin man vs. spitfire : @0+ @1+ A0+ @2+ B0+ @3+ C0+ @4+ D0/ @5+ F1\ @5+ G2\ E3\
8x8Trax_1538417 SweetCindyJo vs. prettywoman : @0/ A2+ @1\ A0+ A0/ B1/ B0/ C1/ @1\ A0+ @3/ A4/ C6+ B6/ @2\ A1\ G3/ A5\ G2/ H2\ G1\ C7+ B7/ B8/ A8/ H4\ G7\ H6/ F8/ D8+ H7+ E1+ H1/ H8\
8x8Trax_1539292 keops vs. xjason : @0/ A0/ @1/ A0/ B4/ C3+ B5/ A5/ A6/ @4\ @4+ A3\ A7/ @6\ F7+ F1/ D8/
8x8Trax_1539624 heidibb vs. Gone with the Wind 37157 : @0/ A2+ B2\ A3/ @2\ D2+ C0\ E3+ @2/ @3/ @3/ B4/ B5/ D0+ D6\
8x8Trax_1539746 JenJen vs. Rebel Rider : @0/ A2\ B2\ B1+ @2+ D1\ D2\ E2\ B0\ D4+
8x8Trax_1540128 Arctic Warrior vs. ScoobyRex02 : @0/ A2\ B2\ B3+ C3+ @1/ E3\ C4+ E4+ F3\ E2/ E1/ F1/ G4/ E0+
8x8Trax_1540219 bejaye vs. drgnrdr : @0/ A0/ B2+ C2\ A3/ D3/ @3+ C4+ F3+ E1/ F2/
8x8Trax_1540247 lordricey vs. drgnrdr : @0+ B1\ C1/ A0/ @1/ @2\ E1+ A3/ @1/ @2\ C4/ E3+ H2/ G3+ G0\ H5/ F6+ E6+ E7/ C8/ B8/ E1+ B6+ B5+
8x8Trax_1541059 arthur vs. HeatherN : @0/ B1\ A2/ @2+ B0+ B0\ D3/ D2/ C4\ C5\ @4\ @3\ A2\ C0/ @3+ F2+ @3+ E6/ F0\ G8/ E8/ C3\ A3+ B2+ C6+ A5+ B7/ A7/ A8/ H2+ B1\ H8+
8x8Trax_1542257 FixitDave vs. paganje : @0+ B1/ B2\ C1/ C0+ @2+ E2/ D3\ F1/ F0/ E4\ F4\ G2/ G1/ H3\ E1\ D0/ B2\ A2\ B5/ D6+ F7\ G7\ H6\ A6+ G1\ E0+ D8/ D1\ C1\ G1+ DRAW
8x8Trax_1542545 (((INTENSITY))) vs. drgnrdr : @0/ A0/ @2+ @2\ C0+ D1/ @2/ E3\ D4/ F1\
8x8Trax_1542555 (((INTENSITY))) vs. drgnrdr : @0+ B1\ B0+ @2/ C3\ B1\ B4+ @2\ E1+ E0/ F4\ F5\ D6/ A5/ A6\
8x8Trax_1542567 klaashaas vs. pioenroosje : @0/ A0/ B1\ @2\ B3/ C2+ D2/ D0+ C5/ D4+ E2\ F2+ F4\ F5\ F6\ D0/ E8+ G3+ H3\ H8\ C1\ B2+ B7+ DRAW
8x8Trax_1542570 klaashaas vs. SarahMills : @0/ A2\ B1/ C1/ @1/ D2\ E2\ F2\ B3+ B4/ @3+ @3\ C0+ B2\ C0/ E0+ B2\ B1\ A4\
8x8Trax_1542650 pioenroosje vs. klaashaas : @0/ A2/ B2+ B0\ @2+ @1/ C0/ E3\ C5+ D0\ F2+ D7/ D8/ E8\ F8+
8x8Trax_1542745 Rimon vs. klaashaas : @0/ @1/ B0+ A3\ @1\ C0\ @3/ A4/ A5/ B6+ @2\ B1/ B0/ E7\ RESIGN
8x8Trax_1543398 SarahMills vs. klaashaas : @0/ @1/ B0+ B0\ A4/ @2\ D2/ E1\ D3+ F3/ E4+ D5+ D6\ E7/ @3\ A5\ A2+ A1\ C0/ @6/ A7/ C7+ C8+ H3/ A8\ D8\
8x8Trax_1543580 Beaupol vs. klaashaas : @0+ A0\ A3/ @1\ @3+ B0/ B0/ A1/ A6/ A7/ @4/ D7\ A1\ A0/
8x8Trax_1543612 klaashaas vs. Beaupol : @0/ A2\ B1/ B0+ B3+ C3\ A0/ @1+ @3\ B4+ A2\ B0+ B0/ D2+ E3+ F4/ @4\ B1+ @4\ D7+ D8\ F8+
8x8Trax_1544017 drgnrdr vs. Muffin : @0/ B1+ C1/ A2/ B3/ C2+ C4/ C0/ D5\ D6\ D3/ E4\ B0/ A2+ @3+ D1+ E3+ C6+ E1/ F1/ C7+ B5/ @3/ E0/ A7/ A8+ @7\
8x8Trax_1544162 heidibb vs. marlisam : @0/ @1/ A2+ @2/ C0+ D1\ A1\ @1\ C0\
8x8Trax_1544506 Jiggs vs. crow57 : @0/ A2\ B1/ B2+ B3\ C3\ D2\ C4/ A3+ @3/ A4/ @4+ A5\
8x8Trax_1544861 Arctic Warrior vs. Mainmang : @0/ A2\ B2\ C2\ C3+ D2/ D1/ A4/ @4/ D4\ D5\ E3+ A1\ A0\ B6+ D7+ C7/ F5+ D2+ A4+ @3/ A2+ @2\ B0\ A1\ G2+ H3\ B7/ C8/
8x8Trax_1544885 SweetCindyJo vs. grade1teacher : @0/ B1\ A2/ @2/ D1/ D0/ D0+ D4+ C2\ B5+
8x8Trax_1545258 Ky vs. drgnrdr : @0/ A0/ B1\ B2\ B3\ B4\ @2\ A3/ B5\ @2/
8x8Trax_1545535 torre vs. DavidJ : @0+ B1/ B2\ C1/ A2+ @1\ B0/ C1+ A0\ @2/ D1/ E0\ C1+ A5/ @3/ D6+
8x8Trax_1545661 ejd vs. Marko : @0/ B1\ B2\ C2+ C3/ C4\ D4\ D1/ D0/ A4/ A5/ D6+ A1/ @4/ E0\
8x8Trax_1546562 keops vs. jbravo : @0/ B1\ B2\ @1/ A2/ C3\ D1/ B0/ E3+ D1/ C0\ F4/ F1/ B0/ G2\
8x8Trax_1546928 Scorpio-Lady vs. Fallen Angel : @0+ @1/ B2\ B3\ C1\ C3/
8x8Trax_1547338 Honeybear vs. Judy : @0/ B1\ A2/ B2+ C1/ B0\ A4\ @1\ B0/ D2+ C5+ D5\ E4\ F4\ E5\ E2+ G3+ F1/ E0/ H4+ A2+ A1\
8x8Trax_1547524 ejd vs. stitcher : @0/ B1\ B2\ C2\ B3/ A3/ A4/ @2\ E3/ A5\ @2\ B0\ @2/ E7+ C0\ E2+ B2+
8x8Trax_1548270 klaashaas vs. Rimon : @0+ @1/ C1/ B2+ B3/ D1\ D2/
8x8Trax_1550358 Buz vs. drgnrdr : @0+ B1/ A2+ @1\ C0/ B0+ C4\ D2/ B0\ A0/ D2/ E4/ @5/ A6/ @6/ C7\ E8\ F7+ F8+ G8\ H6/ H3\ B3+ G2+ G1/ A8+ DRAW
8x8Trax_1551502 keops vs. xjason : @0/ A0/ A0/ @2+ B0/ C1/ A0\ @1\ E4+ F2\ G2\ B0+ E7+ A4/ H3/ F2+ F5+ F7+ D0/ F2+ G8/ H3+ H6/
8x8Trax_1552316 SweetCindyJo vs. faith64 : @0/ A2\ B2\ B3+ B1/ C1/ @1\ A0\ D1\ A4/ A5/ @3\
8x8Trax_1552349 What did you say vs. Goonerg : @0/ @1/ B0/ C2\ C3\ B0/ B0/ B0/ A6/ A7+ D4+ @4\ F1+ F0/ F7\ @5+ G8/
8x8Trax_1552379 jbdobie vs. Rogue Trooper : @0/ A2+ A3/ B1/ C1+ B3+ D1+ D3\ D4\ E2+ A4/ C5+
8x8Trax_1552383 DIRKSTRA vs. Marko : @0/ B1\ A2/ @2+ A3+ @2+ B4+ A4\ C4\ D4\ D5\ E5\ E6\ F3+ A6/ G3+ B7/
8x8Trax_1552404 STrek vs. sagitarius : @0/ A2\ B1/ @1/ B3+ @1/ C4+ A0/ D1/ @1\ B0+ A5/ C6+ @3/
8x8Trax_1554259 Arctic Warrior vs. stones- A - rama : @0/ B1/ A2/ C2/ A0\ @1\ B4/ A4/ @2/ A3+ E1\ A5\ @3/ G1\ D0+
8x8Trax_1554740 doc harley vs. The Viking : @0/ B1/ B2/ B0\ B0/ A1/ C2/
8x8Trax_1555804 drgnrdr vs. dolcol (LAW-10) : @0/ A2\ B1/ C1/ B2+ D2/ E2/ E3/ A0\ @1\ A0\ @2/ A3/ G6\ H5/ B0\ D6+ F1/ F0/ A1+ D8+ E8/ B1+
8x8Trax_1555869 Chef Jeff 1 vs. JiffyJeff : @0+ B1+ A0+ C2+ A0+ D3+ @3\ B0/ B5+ A2+ B6+ C2+ D3+ C5\ A5+ @4+ E2+ G4/ G3+ G2+ E1+ C7\ E0+ F1\
8x8Trax_1556483 grade1teacher vs. Phil The Hat : @0/ A0/ B1+ C1\ @2/ A3/ @3/ A4/ E5+ F5\ E6+ G3+ F1+ H4/ F0+ D1+ D7/ D8/ C8/
8x8Trax_1556551 Marko vs. Sarah : @0+ B1+ B2/ B0/ C1+ D1\ C3+ @3+ E4\ F4\ B1+ B4\ C5+ A5/ @3/ G2+ H2\ H4+ A5/ A6/
8x8Trax_1556730 drgnrdr vs. jdirtyx : @0/ A2+ A3/ A0/ @3\ C1/ C0/ D1/ D5\ C6\ E5/
8x8Trax_1557452 DavidJ vs. Tally my banana : @0/ A0/ @1/ A2/ A0\ @2+ D3+ B0\ C5+
8x8Trax_1557456 DavidJ vs. ANDY SPUD : @0/ B1\ A2/ B2+ B3+ C3\ @1\ A0\ @3/ A4/ C5\ C6/ A6/ @5\ @1\ B0/ @5/ A6/ A7/ D8\ F8+ E1\ F2/ F1/ H1+
8x8Trax_1558633 Arctic Warrior vs. sweetone : @0/ A2\ B1/ B0/ B3\ C3\ C4+ D3/ D2/ @3\ C5\ @3+ D0/
8x8Trax_1558642 Whistler Gandalf vs. SweetCindyJo : @0+ B1+ A2\ B0/ C1/ B4\ C4\ D4\ E3+ D0\ A1\ B0/ F5\ E7\ E1/ F1/ @4/ @4/ A6+ E7/ H4+
8x8Trax_1558660 aussielady vs. Knight Rider : @0/ B1\ A2/ @2/ A3\ B3+ C2\ D2\ D3\ D4\ E3+ F2\ C5+ F0/ G1/ @2\ A1\ B1+ E0+ F0\ B2/ C1\ H6\ H7\ F8+ H4+ A6/ A7/
8x8Trax_1558760 Dave (UK) vs. STrek : @0/ B1\ B2\ C2+ C3+ D2+ B0+ D2+ B0+ D1/ E1/ C0+ E5/ F2/ E6\ F6\ D7/
8x8Trax_1560361 drgnrdr vs. cpt_vimes : @0/ B1\ A2/ @2+ @1/ D2+ A0\ @1\ C0+ A3/ @2\ B0+ F2/ G4\ E1/
8x8Trax_1561287 Scorpius vs. Arctic Warrior : @0/ A2\ B2\ B3+ B4/ C3/ @3\ E2+ A2+ F2+ D1/ G2/ G1/ F0/ G1/ G0/ H3\ F5+ E6+ C7/ A3\ A2\ G0+ E8/ H1/ F7+ G6+ H6\ H7\ B3/ A2\ DRAW
8x8Trax_1561610 Morticia vs. lapman : @0/ A2\ B1/ @1/ B0+ A0/ @1+ A0+ @2+ A1+ @1\ G4/ F2+ F1\ B4/ B5/ E6+ H3\ A2/ F5+ A3+ E0/ C1+ D0+ G2/ F1+ B1+ H8\ H2/ A8/ G1+ A1+
8x8Trax_1562404 Scorpio-Lady vs. Fallen Angel : @0+ B1\ C1/ C0/ @2\ C3\ @2/ A3/ C4\ B5\ C5\ A1/ C0\ F3+ A1\ @2/ E6/ F6\ E7+ A3+ A1+ @3+
8x8Trax_1562620 keops vs. jbravo : @0/ @1/ B2/ C2\ C3/
8x8Trax_1563211 crow57 vs. Jiggs : @0+ B1\ B0/ C1/ C0/ C3\ D3\ @3/ C4\ B5\ C5\ C6\ E2/ F2/ D4+ F3\ G4/ E5+ B2+ C0\ C0+ H7\ G8/ H8+ E2\ B2+ A2\ B1\ H5/ G4+ G3/ H4/ G2\
8x8Trax_1563481 SarahMills vs. drgnrdr : @0/ A0/ A3/ B2+ A0/ A0/ A0/ C4\ @6/ D0/ E3+ A1\ @3+ C0/
8x8Trax_1563571 Jane vs. STrek : @0/ A2/ B1/ @2+ A3+ @2+ B4+ D0+ D0/ C1+ E2+ F2\ F3\ F4\ E5\ G4+ G1/ H4+
8x8Trax_1564684 keops vs. xjason : @0/ A0/ A0/ @1+ C2+ D2\ E2\ F3/ G2\ D1+ H3\ H4\ G0+ H2/ B1/ E0/ F6+
8x8Trax_1565537 csain1 vs. Chad : @0/ A0/ A0/ A0/ B2/ A5\ B1/ A6\ @4/ D4+ D5\ E5\ E6\ E1+ F2/ D7+ @4\ H2/ C0+ A2+ G6\ H6+ E1+ H7/ DRAW
8x8Trax_1565592 AugieDawg vs. Knight Rider : @0+ B1\ @1\ A0\ @2/ A3/ @3\ E3\ @3\ D4+
8x8Trax_1565622 dboy97 vs. drgnrdr : @0/ A0/ @2/ @1/ B3+ A0\ @1\ E2/ C0\ C6\ F5+ C0\ B1\ C0+ F2+
8x8Trax_1565623 Mainmang vs. Megababe : @0/
8x8Trax_1565667 Morticia vs. sagitarius : @0+ B1\ A0+ @1/ B0+ A4\ @4+ C5/ B6+ D1+ C0+ B8\ C8\
8x8Trax_1566980 Julie Zeuthen vs. The Viking : @0/ B1\ C1/ B2/
8x8Trax_1568178 ejd vs. Marko : @0+ @1+ A0/ A3/ C2\ @1\ A0\ B5\ C5\ D6\ E5/ E4/ A3/ @1+ C6/ F2/ E7/
8x8Trax_1569797 Morticia vs. B Line electric streetcar : @0/ @1/ B0/ B0/ C2+ C4/ D1/ B0/ B5+ D5+ E3/ F3/ E2/ F5\ D6+
8x8Trax_1569813 SarahMills vs. Phil The Hat : @0+ @1\ A0+ B3\ A0\ A0\ B2+ @4\ D2+ A5/ @4\ C6\
8x8Trax_1569958 AugieDawg vs. SweetCindyJo : @0/ B1\ B2\ C2+ @1\ A0\ D1/ E1\
8x8Trax_1570095 drgnrdr vs. bcurb OTF : @0/ A2/ @1\ B0/ B0/ C3+ D3\ C5\ D1/ D5+ E3/
8x8Trax_1571761 drgnrdr vs. ellieoop : @0/ B1\ A2/ @1/ @1/ D2+ E2\ D3/ F3/ E1+ B2+ A0+ C4+ D5\ C0\ C6/ C7/ E6+ A1\ @2\ G7/ E8\ B5/ A4+ H6+ H8+ A1\ H3/ G2\ B8/ A6+ F1+ G1/ DRAW
8x8Trax_1571845 chuckles the clown vs. marygal : @0+ B1\ B0/ C1/ D1/ B0\ A1\ RESIGN
8x8Trax_1571851 supermac vs. ScoobyRex02 : @0/ B1\ A2/ @2+ B0/ @1+ C0/ A0+ @2/ B0\ C1+ E2+ @2+ B0/ G3/ H3+ C7/ B7/ A7+ D8+ F7\ F8+ G1/ H1/ H8\ A8/
8x8Trax_1573693 Jump This vs. Uncle Chuckie : @0/ B1+ C1/ C0/ C0+ A2+ C0+ A1\ @2/ @3\ C0\ B1\ B0\ A1\ @1+ D0+ D0+
8x8Trax_1573795 lapman vs. spitfire : @0+ @1+ B2/ B0/ C1/ C0/ A1\ B0/ D4/ E4\ D5/ A1\ B0/ B0/ D5/ A1\ D8/ E7\ E4+ E3\ @2+
8x8Trax_1575010 The Viking vs. Frederik : @0/ B1\ B2\ C2+ A2+ D1\ A0/ B0+ @4\ C0+ C6\
8x8Trax_1575562 Matt vs. JenJen : @0/ B1\ A2/ @1/ C2\ C3\ B3+ C4/ D4\ C5/ B4/ D5\ C6/ E4/ E3/ F3/ D6\ C7/ G3/ A2+ C0\ A5/ A6/ @6/ A7/ A8\ B8+
8x8Trax_1575807 paganje vs. grade1teacher : @0/ A2+ A0\ @1\ A2+ C1\ D1/ B0+ B5\ D5+ E2/ B0+ E4\ F3/ B7/ A7/ E6\ E7\ D8+ B8+
8x8Trax_1576025 gladriel vs. SarahMills : @0+ @1+ A2\ B0/ C1/ A1\ C0\ A1/
8x8Trax_1577627 Jane vs. supermac : @0/ B1\ A2/ C1\ C2\ C3\ @1+ E3+ B0/ E5\ C5\ B0/ F5\ E0+ B1+ F2+
8x8Trax_1577896 NightWishes vs. supermac : @0/ B1\ A2/ C1\ B2\ B3\ C2+ C4/ A3+ D4/ B5+ @2/ E3+ D0/ E2\ A1\ C7+ C0\
8x8Trax_1577904 bcurb OTF vs. supermac : @0/ B1\ A2/ C1\ D1+ @1/ A0/ B1/ A0\ @2/ A1+ @1+ B0/ D0/ E2\ F2+ G6+ E1+ H3+ G1+ D0+ D0\ B2\ A3+ B1+
8x8Trax_1578128 jbravo vs. heidibb : @0/ A2+ B1/ A3/ C2/ D2/ @3/ C0/ A2+ A0/ C5\ C6\ A6/ C7/
8x8Trax_1578217 heidibb vs. jbravo : @0+ A2\ A0/ B1/ @2\ @1/ D0/ E1/ A4\ @2/ E0+ D6+ C7\ G1\ E0\ @3+ C7+ H1+ A5/ A6+
8x8Trax_1578293 lordricey vs. heidibb : @0+ @1+ B0/ @2+ @2\ A1\ B0\ @2\ A1/ F3\ C0\ C5/ A6/ @4+ A6+ G1/ H1/ F0/
8x8Trax_1578904 Jump This vs. What did you say : @0/ B1\ B2\ C2\ B0\ A3+ C4\ C5+ D5\ @5/ B6+ A1\ A0/
8x8Trax_1578952 Uncle Chuckie vs. Goonerg : @0/ A0/ B1/ C1+ B0/ C4+ @1\ A0\ C1\ D6/ E3/ A6/ E1/ @5\
8x8Trax_1579336 yayamom vs. Misfit Lenrad6672 : @0+ A0\ @1/ A0\ @2/ D2/ D1/ B0\ C5/ B5/ C0\ C7\ D7\ D6+ B1+ A1\ E4\ D8\ E7/ F7/ E5+
8x8Trax_1580839 * vs. AngelLove23 : @0/ B1\ B2\ A2/ B3/
8x8Trax_1580904 * vs. Vixen : @0+ @1/ A2\ B2+ C1\
8x8Trax_1580980 PinkyDot vs. STrek : @0/ B1/ A2+ B0+ @2+ C0+ @3+ E3/ B4/ A2+ B1\ C5+ @2/ B1+ D0+ B1+ C7\ C0/ E7\ B8+
8x8Trax_1581424 * vs. Slowgamer : @0+ A0+ A0\ @2+ A3/ B4/ A4+ @3\ A4/ A5\ @3+ B2+ A4+ B1\ @3\ A4/ @3/
8x8Trax_1581493 Nina vs. supermac : @0+ @1/ A0\ @2/ B0\ D3\ B4/ A4/ C5\ C6+ D6\ E6\ D2/ E2/ F5+ @6/ A7+ A3\ B2\
8x8Trax_1581822 Vixen vs. * : @0/ B1\ B2\ A2+ A3+ @2\ @1/ D4/ E3\ B3/ @1\ B0/ E1/ F1/ D6\ F2\ G1/ F5+ G5/ D1\ E0/ C1+ H3\ B5/ A4/
8x8Trax_1583041 Betty04 vs. drgnrdr : @0/ @1/ B0\ @2\ A1\ A0+ @1\ A2+ B0+ C5\ B0+ A6/ C7\ @5/
8x8Trax_1583512 cocopuff vs. Arctic Warrior : @0/ B1\ A2/ @2+ B3\ C3\ @1/ B0+ C0\ C6/ B6/ B7/ A7/ @4+ E1/ F1+ D0/
8x8Trax_1583550 dingbat vs. Rogue Trooper : @0/ A0+ @1+ B0/ @2/ C4/ D2/ B1\ B0+ @2\ A1\ A5/ A6/ @3/
8x8Trax_1583626 AngelLove23 vs. * : @0/ B1\ A2/ B2+ B3/ A3+ @3\
8x8Trax_1583645 Janine MIA vs. SweetCindyJo : @0+ B1/ C1\ C2\ B2+ C0/ D2\ C4/ D3\ C5\ D1/ E2\ B1\ C0/ D6+ B5+ A5/ A6\ @6/ B7\ D8\ E8\ F8+ A4\ @4\ B2\ A2\ @2/
8x8Trax_1585342 doc harley vs. The Viking : @0/ A2/ A3\ B2/ @1\ A0+ @3/ A4/ @2\ B1+ B5/ E2+ D6\ E5+ B7/ A7\
8x8Trax_1585404 * vs. AngelLove23 : @0/ B1\ A2/ @2/ C2\ C3\ D3/ B3/ B4/ A4\ C4\ C5\ D2/ B5/ B6/ E3/ D1+ C6+ E2/ E0/ F1/ F5\ G2+
8x8Trax_1585509 stones- A - rama vs. Honeybear : @0/ @1\ A2/ @1/
8x8Trax_1585521 golfnutrof vs. Jump This : @0/ @1/ B0/ @2/ C0/ @1+ C0/ C0+ D1/ D0/ RESIGN
8x8Trax_1585561 Knight Rider vs. aussielady : @0/ A0/ B1+ B0+ B0+ B0+ A2\ @3+
8x8Trax_1585617 paganje vs. dolly : @0/ A2\ B2\ B3+ @1\ B0/ A3+ @3/ @2\ A1\ E2/ F2/ @3/ A4/ D5+ @3+ D1+ D6\ A5+ E0+ C1\ D0+ G3/ H6/ G7\ G8\ G1\ B1+ H1\ H3+
8x8Trax_1585732 cissi vs. * : @0+ A2\ B2/ B3\ B4/ C3/
8x8Trax_1586415 DavidJ vs. BOO : @0/ A2+ @1\ A0\ @2+ A0/ @1\ A0\ @3/ A4/ A5+ @5/ A4+ F3+ G3/ G1+ H1+
8x8Trax_1587120 * vs. * Sassy_Angel * : @0+ B1\ A0/ C1+ A3\ B3+ C0\ @3/ B5/ @3/ D5\ C6/ D6+ E5+ F3/ A2+ C1+ E0+ B2\ B6+ D8\ E7+ @3\ G7\ B1/
8x8Trax_1587168 porkpie1 vs. Misery Midnight : @0+ B1/ B2/ B0\ C1\ @2\ B1\ B0\ A2\ B0/ A5/ B6/
8x8Trax_1587480 stones- A - rama vs. Megababe : @0/ B1\ A0/
8x8Trax_1587505 Honeybear vs. Whistler Gandalf : @0/ A2\ B1/ B0+ @3\ B0+ @2\ B5/ A5/ @5/ @2\ B1+ A6\ @6+ G1/ G0+ F0/ H2+
8x8Trax_1587916 jbravo vs. heidibb : @0/ B1\ A2/ @2+ B0/ @3\ D3\ C4/ B5\ A5\ B0+ C0\ D2+ @2/ B1+ F4+ E7\ D8/ G5/
8x8Trax_1588140 Misery Midnight vs. eliphont551 : @0/ A2\ B2\ B1+ C2/ C1/ A0\ @1\ B4/ A2/ @1\ C0/ D1/ F2/ D0+ E1/ @3/ A4/ C6+ G2/
8x8Trax_1588212 Sarah vs. Marko : @0+ B1+ C1\ C2\ D2\ E1/ D0\ E4/ E1/ D0\ F3+ G2\ H2\ B6+ A6+ B7\ B2/ E7+ C8/ F6\ G6\ G1\ A7+ A2\ F1+
8x8Trax_1588213 Marko vs. Sarah : @0+ B1+ A2\ A0\ C2\ C4+ B5/ A5/ @5/ E2\ @5/ C6\ C7+ D7\ E7\ F1/ F0/ G2\
8x8Trax_1588307 Misery Midnight vs. Lyonsgirl : @0/ @1+ B0\ B0/ C2\ B4+ A2+ @3/ E2/ E1/ C0\ B1\ F2/ F1/ D0/ E1+ G1/ F0\ F6\ G6\ A7+ C2+ D1+ C8+
8x8Trax_1588633 heidibb vs. lordricey : @0+ B1\ A2/ A3+ A0\ @1\ A0\ @1\ D1/ E1/ C0/
8x8Trax_1588646 drgnrdr vs. Oartkickel of the Wolf Pack : @0/ B1\ A2/ B2+ @2\ B3/ @3\ A2+ A4/ @3\ E4\ D5\ F4/
8x8Trax_1589278 SweetCindyJo vs. prettywoman : @0/ B1\ B2\ C2+ A2/ A3+ D2/ C0\ E3\ E4\ A5\ B5\ @4/ B6\ A2\ A1+ @4\
8x8Trax_1589890 Buz vs. supermac : @0+ @1\ B2+ C1/ C0/ D1/ D0/ A0\ @2/ C0+ A2\ @3/ B5/ B6/ D7+ F6\ D8+ C7+
8x8Trax_1590139 Rabbits2 MIA vs. FujiTape : @0+ B1/ A2/ A3\ B2+ @3\ B0\ D2/ @2/ A4/ B5\ @2/ C0\ E1\ @4\ D7\ D0\ H2\ C1/ F6\ A7/ F7/ F8\ G8\ H5\ H7+
8x8Trax_1590540 * vs. cissi : @0+ A0/ A3\ @1\ C2+
8x8Trax_1590573 Jiggs vs. crow57 : @0/ B1\ B2\ A2+ B3/ A3/ A4/ C2\ @4\ A2\ B0/ @3\ E0/ F6\ F7\ F2\ A7/ @5+ F7/ G8+ D1\ C8/ C1\ D7+
8x8Trax_1591027 Jump This vs. DIRKSTRA : @0/ B1/ A2\ B0+ C1+ C2+ D2\ D3\ E3\ B4+ D5+ @4/ B5\ E6/ G2/ G1/ G5\ H5+ F6\
8x8Trax_1591044 Marko vs. ellieoop : @0+ B1/ B0+ @2\ C0/ @2+ B1+ C0+ D5/ E4+ D1+ C0\ E2\ F3/ B1\ @4/ H5+ F1/ D0+
8x8Trax_1591045 drgnrdr vs. Phil The Hat : @0/ A0/ @1+ B0/ @2/ @2/ D0/ E1/ C5/ C6/ @3/ C5+ B6+ G4+ E5+ A2+ @5+ A2+
8x8Trax_1591334 roses4gypsy vs. drgnrdr : @0+ @1/ @1\ B0/ B3/ @3\ B4\ C5/ A2+ A1\ A0\ A7/ @7/ E7\ D8\ F6\
8x8Trax_1591564 cissi vs. * : @0/ B1\ A2\
8x8Trax_1593623 Chef Jeff 1 vs. JiffyJeff : @0+ B1\ A0+ B3+ C3+ B4+ D3\ B5+ D4+ A4+ D5+ A0/ B1/ C2/ B0+ B0\ @1+
8x8Trax_1594841 Scorpio-Lady vs. Fallen Angel : @0/ B1+ @1\ A0\ D2/ B3+ E2\ E3\ E4\ C5\ E5/ C6/ B6/ E6\ F6\ E7\ G6/ G5/ F4+ E8\ F7\ @2/ A3/ F1\ A4\ C4/ H3/ H2/
8x8Trax_1595476 DavidJ vs. birddog8560 : @0/ A0/ B2/ C2+ D2\ A3+ @3+ E1/ F3/ B4\ C1/
8x8Trax_1595503 keops vs. birddog8560 : @0/ @1/ C1/ B2+ D1/ A0+ A0/ E1\ E3+ @2/ A3+ B5/ A5/ A6/ @6/ A7/ H2\ A8/ D7+ H5+ E8+ DRAW
8x8Trax_1595932 keops vs. birddog8560 : @0/ A0/ @1/ @1+ A0\ A0+ D2+ E2\ C5/ C0+ F3\ B6/ @4+ H3+ E6\ E7\ F4+ F1+ G6+ H4+ G8\ H7+ A6+ C7+ D8+ B7+ H5\
8x8Trax_1597547 Jump This vs. Rogue Trooper : @0/ @1+ A0/ B1+ A3/ A4/ A5/ @5/ D2/ C0/ @6/ @4+ A2+ C1\ E0/ @6+ H1/ H0\
8x8Trax_1597556 Arctic Warrior vs. ScoobyRex02 : @0+ B1+ A0/ A3/ @3+ C0/ D1/ C4\ C5\ C6\ B5+ C7\ D7\ D8\ E6/ E3\ @4+ G7+ G2+ H1\ H3+ H7+ F5+
8x8Trax_1597592 dingbat vs. Goonerg : @0/ @1/ A2+ @2+ C0+ D2+ E3/ E4+ F4\ F5\ D5+ @3+ H4+ H2+
8x8Trax_1597678 dboy97 vs. STrek : @0/ B1/ A2+ B0+ @2/ D1/ D2+ B4+ D4\ E4+ C5+ E2\ C6/ A4+ @4/ A5/ A1\ G3/ B0\
8x8Trax_1598528 Sarah vs. DavidJ : @0+ B1/ B0/ @1\ B0/ D2+ E2\ E4+ A1\ A0\ C2+ B1/ B0/ A5+ @4+ E2\ F2+ G6\ F7+ E7/ B1\ B0\ @4/ C7/ E8+ H4+ F1+ H1+ A7+ A8/
8x8Trax_1599013 HeartOnFire vs. crow57 : @0/ A2\ B2\ B3+ C3+ B1+ C1+ B0\ B5/ D4+ D5\ B6/ C1/ B0\ D2\ E6\ B8/ @5+ @5/ F1+ G4+ H5/ H4+ H3+ H2/ B3\ A3\ A2+
8x8Trax_1599325 Believer vs. Honeybear : @0+ B1\ A2/ A3/ C1/ B0\ C1+ @3+
8x8Trax_1599346 Morticia vs. SunnyD : @0+ @1/ B0+ B3+ C3\ C4+ D4\ D3+ D5+ D2/ E5/ B0\ C1+ E2+ A1\ @2\ E7+ C0+ E1+ A2+ G5+
8x8Trax_1600367 DavidJ vs. Daddy Doyle : @0/ B1+ C1/ A2+ @1/ D0+ C0/ B1+ C5/ E2\ D5\ C6/ A6\ E5\ F5+ E6+ D7\ C7+ A7/ B0+
8x8Trax_1601222 nisqually vs. STrek : @0/ A2/ @1/ A2/ @2/ D1+ C0+ B4+ D1+ D0+ D0\ C1\ @3+ C0+ D1+ D0/ @6/ G5+ H5\ H6\ G3/ A7/
8x8Trax_1603572 arthur vs. DarkHoney : @0/ B1\ A2/ @2\ D1/ D0/ A4/ @4/ B2\ A2+ C1\
8x8Trax_1604097 Rand al*Thor vs. GornTC : @0+ @1\ A0\ @1+ B3\ C0/ D2\ @4+ C5\ E4+ B6+ @4\ C1+ @4\ E0+
8x8Trax_1604396 irishmiss vs. Whistler Gandalf : @0+ B1\ A0+ @2/ C3\ C4+ D4\ D3+ B0+ C1\ A1\ @1\ A4+ A0+ @1\ G6+ E7+ C0\ A3+ @3/ D8/ C8/
8x8Trax_1604425 Beaupol vs. STrek : @0+ @1\ B2+ C2/ @1/ B2+ A2+ B3+ D3\ E2/ A3+ B4+ C4+ C0/ C6/ E5/ F5/ @3+ G1/ H2+ F0/
8x8Trax_1604879 bcurb OTF vs. drgnrdr : @0/ A0/ B2+ @2\ B0/ B0/ A5\ D1/ A3\ C0/
8x8Trax_1606199 Rogue Trooper vs. B Line electric streetcar : @0/ @1/ A0+ B3+ @3\ B0/ @3+ B1+ @3+ A2+ D0+ B1+ @2/ E0/ G3/ G2+ A5+ B1/ B0/ D0+ E1+ @5+ DRAW
8x8Trax_1606209 Arctic Warrior vs. DINGEROO : @0/ B1\ A2/ @2/ C0/ D1/ D0/ E2\ E3\ C0+ B1\ @4\ A3\ C0\ @4/ B7/ A7/ B0\ A1\ H6\ F7/ E8+ D1/ E1/ F1/ G1/ C8+ A3+ H2+ A7\
8x8Trax_1606358 * vs. Ina : @0/ @1\ B0\
8x8Trax_1606834 * vs. Vixen : @0+ B1\ B0/ C1+ D1\ C2\ D2+ D3+ C3+ C4+ D4+ C5+ D5+ D6+ C6+ D7+ C7+ C8+ E7+ D8+ @2+ F1\ F3\ G3+ H3/ G2/ G4\ G5+ F8\ H2+ G6+ G7\ G8+ H8\ C4/ H5+
8x8Trax_1606844 gquadro vs. DavidJ : @0+ @1/ A0/ C2\ B3\ B0/ C2+ C1+ D2\ B5\ C5\ D5+ D6\ @2\ A1\ A0\ B7+ B8\ A6+
8x8Trax_1606880 BellaRose vs. DavidJ : @0/ B1\ A2/ B2+ A3\ A4/ B3+ @4\
8x8Trax_1606915 Frederik vs. The Viking : @0/ A2/ @2\ B3/ C2\ D2+ C3\ C4/
8x8Trax_1607146 * vs. Snow_Flake : @0/ A2\ B2\ B1/ C2/
8x8Trax_1607299 Rand al*Thor vs. GornTC : @0/ A2\ B1/ @2\ C2\ D2\ D1+ E1+ D0\ A4+ B0+ @1\ B0/ @2+ A1\ C0/ B7\ @4+ F2+ D0/ A2/ H5+ H4/ G2+ H2/ A8/ H8+
8x8Trax_1609274 Scorpio-Lady vs. Fallen Angel : @0+ @1/ A0\ @1\ B3/ D3\ D4\ A3+ @1\ C0/ D1/ B5/ C5+ E6\ C6+ E7\ A6/ A7/ E3/ F4\ @2/ A3/ B0\ A1\ @1\ D8+ H3/ B5\ B6+ H2/ B7/ H1\
8x8Trax_1609345 Jay RAA vs. Whistler Gandalf : @0+ A2+ A3\ @2\ C1/ B4/ A4/ @4/ D3+ E1/ D4\ D5\ B0\ A1\ @1\ C6+ E7\ C0/ D1/ F6+ G3/ H3/ G8\ D8/
8x8Trax_1609347 Phil The Hat vs. Stinger : @0/
8x8Trax_1609378 drgnrdr vs. REBEL DJ : @0/ @1+ B2/ B3/ B4/ @3+ A5\ A6\ B5\ D2/ @2/ @2/ F6\ G4+ B4+ C7+ A1/ D7+ C1\ H3+
8x8Trax_1609384 Honeybear vs. BrnIdGirl : @0/ A2\ B2\ B1+ A0\ @2/ D2+ D1/ C0/ E3\ C5/ D1+ B0\ A2/ @3\ E1+ D0/ D0/ E1/ B3\ C8+
8x8Trax_1609385 Lillie vs. Megababe : @0/
8x8Trax_1609386 MIA 29892 vs. gladriel : @0/ A2+
8x8Trax_1609683 Snow_Flake vs. * : @0/ A0\ @2\
8x8Trax_1609694 * vs. Snow_Flake : @0/ @1\ B0\
8x8Trax_1609733 Snow_Flake vs. * : @0/ B1\ @1\ C2/
8x8Trax_1609869 doc harley vs. The Viking : @0/ A2/ B2\ A3/ A4/ C2+ B4\ B5+ C5\ D4/ E4/ D2+ F4/ E2+ F1/ G1/ A0\ @1\ G1/ A3+ B6+ H4+
8x8Trax_1610166 AngelLove23 vs. * : @0/ B1\ B2\ A2+ B0/ C2+ D2/ C1/ D1+ C0\ D1+ E1/ E2\ D0+
8x8Trax_1610758 JanuarySnowAngel vs. * : @0/ A2\ B2\ B3\ C2/ B1+ D3\ C4/ B0/ C2/ C1+ E4\ @5/ C6+ E1/ @5/ @5+ E7/ H5+
8x8Trax_1611134 * vs. Vixen : @0/ A2\ B1/ B2+ @2/ A3/ A1\ B0/ @3/ C4\ B5/ E4\ E5\ D1/ E1/ F4+ E0/ F2/ G4+
8x8Trax_1611247 Keizer Soze vs. Marko : @0/ B1\ B2\ C2+ @1\ A0\ A0\ D2/ E2/ A0+ @3+ C0\ A6/ A7+ @6\
8x8Trax_1611347 Morticia vs. Dave (UK) : @0+ @1\ B2+ C2\ B3/ A2+ @2+ D4+ C5/ B5/ A5/ @1\ B0/ A3+ C7+ @2\ F7\ @2+ G8/
8x8Trax_1611524 Snow_Flake vs. * : @0/ A0\ B1/ @2/ C2\ D1+ B0/
8x8Trax_1611600 Mististar vs. drgnrdr : @0+ @1\ B2+ C1/ B0/ C1+ B0\ @2/ B1\ D1+ A1\ @2\
8x8Trax_1611720 immitzi vs. * : @0/ A2\ B1/ B0/ A0+ A0\ @3+
8x8Trax_1612810 drgnrdr vs. What did you say : @0/ B1\ A2/ @2/ @1/ D2+ D3\ C0/ D0\ @1+ A0\ F6\ F7\ @1\ C0+ A5/ @4+ B6\
8x8Trax_1612827 * Sassy_Angel * vs. BOO : @0/ B1+ @1\ B0/ C3/ B3/ B4\ D2+ A1+ @2+ @2/ B4/ C5/ A4+ B5+ G2+ A5+ @4+
8x8Trax_1613462 Goonerg vs. Morticia : @0/ B1\ A2/ @2+ C0\ @3+ A1\ B0/ @3+ C5\ E4+ F4\ D1/ F1+ G4\ F0/ F0/ G1/ H2+ E8+ H4+ C8/ B8/ C2\ A3+ D1+ B2\ H8\ A8\ H5+ A1+
8x8Trax_1613658 ScoobyRex02 vs. Arctic Warrior : @0/ A2\ B1/ B0+ B3\ C2+ C3+ D3\ A4/ @3+ A4+ @4/ F4+ E5\ B5+ C5+ D6/ D0+ A4+ D0+ B8/ E8+
8x8Trax_1613712 drgnrdr vs. Daddy Doyle : @0/ B1+ C1/ C0/ B0/ A2+ @1/ C0+ D1/ B5/ C6/ D6/ @2/ B0+ @3/ G5+ G3/ H3/ B0/ E2/ E1/ F2/ G2/ H2+ D8/
8x8Trax_1614326 HeartOnFire vs. crow57 : @0/ B1\ A2/ @2+ B0+ B4/ @2/ D3+ C0\ C6+ C7\ E6\ D2+ E2/ F5\ G3+ H4+
8x8Trax_1615007 arthur vs. DarkHoney : @0/ B1+ @1\ B0/ A1+ C3\ D3\ E3+ D4+ F3+ D5+ G3+ D6+ H3+ D7+ E7+ D8+
8x8Trax_1615298 lobo vs. * Sassy_Angel * : @0+ @1+ A0+ @2+ B0+ C4/ B0+ B6+ B0+ D6\ D5/ E5/ C7+ A6/ B0+ E7+ F7/ @6\ G6+ D5+ B5\ @6/ A7+ E3\ B5\ H5/ G3\ F2+ C3\ A4+ G2+ G1/ H4/ H2+
8x8Trax_1615582 Nancy vs. Honeybear : @0/ B1\ B2\ C2\ A2/ B3+ @2\ E1/ E0/ F3\ F4\ D5/ D6\ B4+ D7/ C6+ B6/ C7/ @3/ B4+ A6/ C7/ @5\ G6+ F1\ H0\ D2\ C2\ A5+ G8+ B8/ B3\ A3\ C1+ B2+ A1+
8x8Trax_1615648 SunnyD vs. drgnrdr : @0/ A0/ @2/ A0/ @2+ A0\ @2\
8x8Trax_1616263 supermac vs. bigdan409 OTWP : @0/ B1\ B2\ C2+ A0/ @1\ A0\ A0\ E5\ D2\ @4\ @4\ G6+ B2+ D2+ H6\ G2+ H4/ H7/ A1\ A0\ H3/ F2\ E1+ F1+ G8+ F8/
8x8Trax_1616332 marlisam vs. * : @0/ A2\ B1/ B2+ C2/ C1+ A3/ C0\
8x8Trax_1617671 Rand al*Thor vs. muffin man : @0/ @1\ A0/
8x8Trax_1617709 Scorpius vs. drgnrdr : @0/ A0/ A3/ B2+ A4/ @4/ A5/ @5/ E2\ F3/ E1+ B0+ @5+ H6\ F7+ F8/ G8\ H8\ DRAW
8x8Trax_1617874 The Viking vs. Frederik : @0+ B1+ C1/ C0/ C3\ D1+ E1\ D3\ E3\ F3+ E4/ D4+ D5+ B3+ D0+ @3/ B4/ E7\ F7\ F8\ G8\
8x8Trax_1619059 paganje vs. ashley : @0/ B1+ @1\ A2\ B0\
8x8Trax_1619121 GornTC vs. Rand al*Thor : @0+ B1/ B0+ B0\ @1\ B0/ C5\ D4/ D2+ A4+ @4/ A5/ C6\ @4+
8x8Trax_1619447 Honeybear vs. SarahMills : @0/ A2\ B1/ B0+ C1\ B3+ A4\ @2\ E3\ E4\ B5\ F3+ C6/ F6\ F7+ G4\
8x8Trax_1619491 Nancy vs. * : @0/ B1\ A2/ @2\ @2/ B3\ D2+ A3+ A4/ A5/ E3\ E4\ E2+ @4+
8x8Trax_1621085 lobo vs. * Sassy_Angel * : @0+ @1+ A2\ B0/ A1+ @1\ B0/ B0/ D3+ C2+
8x8Trax_1621089 lobo vs. * Sassy_Angel * : @0/ B1+ A0\ @2/ A3/ B4+ D2/ C1+ @3\ C0+ B2+ A2\ B1+ B0\ F3/ @2/
8x8Trax_1621191 puddlelion vs. DavidJ : @0+ @1\ B2+ C1/ C0/ B0+ @1+ A0+ @2/ C0\ D1+ F4/
8x8Trax_1621370 Rand al*Thor vs. Honeybear : @0/ B1\ A2/ @2/ C2\ B3+ B4\ C3\ C4+ D2+ @3/ A4/ A5/ F3/ E4\ E0/ F1/ G3\ E6\ C7/ @6+ A7/ D1+ G6+ F7/ B2\ F8\ G8\ H6\
8x8Trax_1621477 * vs. immitzi : @0/ A0/ B1\ A3\ B2+ C2\ B3\ B4\ C4\ @1\ B0/ A5/ B6/
8x8Trax_1624098 Rand al*Thor vs. soldierswife : @0/ A2\ B1/ @1/ C2+ D2/ C3\ D1+ B0+ A4/ E2\
8x8Trax_1624492 Rand al*Thor vs. GornTC : @0/ B1+ B0\ B3\ C2/ B4+ @3\ @3\ E4+ F1\ D0+ D0/ C1\ D0/ @5+ E0\ @6+
8x8Trax_1624670 lapman vs. drgnrdr : @0+ B1/ B2/ @1\ B0/ @1/ B3+ @3\ C0+ E2/ C0+ A6/ @5\ B2/ D0+ D7\ C8/ B2\ A1/ E2/
8x8Trax_1624724 Nancy vs. purplehawke : @0/ B1/ C1\ C2\ D2\ A2/ B3/ A3+ D3/ B4\ C4+ @3\ D0\ F4/ E5\ C6/ B6/ D6+ C7\ F6\ E7/ C8/ G6/ G5/ A5/ H5/ B8/ H4/ A8\
8x8Trax_1624737 frolind vs. * : @0/ B1\ B2\ C2\ D2+ A2+ C3\ B4/ @1\ A0\ F3/ D1\ C1+ D0/ F5+ F6\ G5+
8x8Trax_1625522 * vs. Vixen : @0+ A2\ A0/ @1\ C2+
8x8Trax_1626561 Rand al*Thor vs. (**)(**) Bunny Toes : @0+ @1+ A2\ B0/ A1+ C1\ C3+ D2+ @1/ E3\ C4/ C5/ A0/ A0/ @3+ E1/ F2/ D0/
8x8Trax_1626584 spitfire vs. Mainmang : @0+ B1\ C1/ C0/ C0/ B2\ A4/ A1\
8x8Trax_1626585 Honeybear vs. purplehawke : @0/ A0/ A3/ B1/ C1+ A4/ @3+ C0+ C0/ D1/ E1+ D0\ @4+ C2\ C1\ B1\ E8+ G2\ F7+
8x8Trax_1627234 Vixen vs. * : @0/ B1\ A2/ B2+ B0/ C2\ A4\ A5\ A1+ B4+ @4/ @4/ E4+ B1\ D6/ C0+
8x8Trax_1628521 sagitarius vs. Marko : @0+ @1+ A2\ B0/ C3/ A4\ @2\ A3+ E2\ A1\ F1/ @2+
8x8Trax_1628569 PinkyDot vs. Honeybear : @0/ B1\ A2+ A3\ B2\ C2\ B3\ D1/ B0+ B5\ C4\ E4+ E5\ E6+ F4/ A6/ B7/ @5/
8x8Trax_1628614 Bekkah vs. Megababe :
8x8Trax_1628630 sandie vs. Misery Midnight : @0+ B1\ A0/ B0/ C2\ @3/ C4\ D4\ E4\ D5/ D1+ B5\
8x8Trax_1628665 Linda Sue vs. bubbly : @0+ B1/ C1\ C2\ A0\ D2/ D1/ B0\ C0/ E5\ E6\ @4\ A3\ @3\ A2\ C0/ @1\ A0\ A4/ A5/ B7\ E2+
8x8Trax_1628716 Daxie vs. Linda Sue : @0/ B1+ @1\ A0\ B1+ C1/ B0\ @2/ E1/ E0/ D5\ B2+ E4+
8x8Trax_1628858 bubbly vs. * : @0/ A2\ B1/ B0+ C1+ B3+ A4/ @4/ E1+ C0/ D3\ A2\ A1\ @4+
8x8Trax_1629377 Scorpius vs. Misery Midnight : @0/ A2\ B1/ B0+ A0/ @2+ @3\ B0\ A2+ @2\ B1\ B0\ A1\ C0\ C7/ D8\ @3+
8x8Trax_1630306 chuckles the clown vs. marygal : @0+ B1+ B2/ B0/ B4/ @3\ D2/ B1\ B0\ D4+ C6/ D2/ E4\ C7/ @4+ @5\ B3+ A1\ @4/ B0/
8x8Trax_1630442 Judy vs. SweetCindyJo : @0+ B1+ B2+ B0\ B4/ A3/ A4+ @4/ D1+ C0/ C0\ B1\ A1\ A5\ @5\ E1/ D0\ F4/
8x8Trax_1630443 c-g vs. gladriel : @0+ @1\ C1\ A0/ B1+ C1+ D1+ E1\ C0/
8x8Trax_1630456 BrnIdGirl vs. keops : @0/ @1/ B0+ @2+ B3/ B0\ D2\ E2\ E5\ F5\ C1+ E1/ F1/ C0+
8x8Trax_1630457 Janine MIA vs. purplehawke : @0+ B1\ C1/ C0/ D1/ B1\ C0/ @2/ A4/ @3\ F4\ G3/ C4+ E5\ E0\ D1\ C1\ F2/ C0\ C0/ D1+ B1/ F8\ A3/ G3+ @5/ A3+
8x8Trax_1630501 STrek vs. Lyonsgirl : @0/ A2\ A0+ B2\
8x8Trax_1630834 * vs. bubbly : @0+ B1/ A0/ @1\ B0/ C1+ A3+ D2+ E2\ F2/ E1/
8x8Trax_1631135 SunnyD vs. supermac : @0/ B1\ B2\ @1/ A2+ B3/ C3+ C4+ D2\ A0\ A0+ @3\
8x8Trax_1631208 dolly vs. * : @0/ B1+ A0/ C2\ A3/ @3/ A4/ @4/ A5/ B6/ @3+ @3\ E0/ D0+ G2/ F1/
8x8Trax_1632560 marygal vs. TrueIndian : @0+ @1+ B2/ A0\ @1+ A0\ C2+ D3+ B1/ B0/ @3+ B1\ B0\ F5+ @4\ E2/ F2/ G6\ G7\ H7\ F8/ B5/
8x8Trax_1632976 chuckles the clown vs. marygal : @0+ B1+ A0/ B3\ B4\ C3+ @2\ B4+ @2+ @2/ @3\ B1+ C4/ D5/ B4+ B0/ B6/ D7\ H4+
8x8Trax_1633048 HeartOnFire vs. crow57 : @0/ B1\ B2\ A2+ @2/ A3/ D2+ E2/ D0\ C1\ C0\ A2\ @3\ B1+ B6+ A5\ B7\ E6+ D8\ E8\
8x8Trax_1633216 Rand al*Thor vs. GornTC : @0+ A2/ A0\ @1\ @1+ A0\ B1+ @2+ A3+ E3+ @1/ A0+ D1+ B0\ E2/ F2/ @1/ A0+ G7+ @1+
8x8Trax_1633973 Kevin vs. Jump This : @0+ A0/ B1/ C1/ @2/ B3/ C3+ E1/ E0/ A2+ D5/ F4+ B6/ A6/ C7\ D7\ G7+ G8+ @7\ D8+ H3\ A5\
8x8Trax_1633981 Cachel vs. Whistler Gandalf : @0+ A0+ A3+ @2/ C1\ B0/ C4\ D4\ C5+ D1+ E1\ B0\ A2+ D7\ E6+ E7+ F7+ C7+ D1/ F1+ C0\
8x8Trax_1634004 What did you say vs. Goonerg : @0/ A2+ @1/ @1\ C0/ D3\ E3+ C4+ E0/ F4/ B1\ D0+ A2/
8x8Trax_1634038 STrek vs. * : @0/ B1+ A0/ C2\ A3/ @3/ A4/ @3+ C5+ C6+ B0+ @2\ B0/ @3/ A2/ @3\ A2\ A1\ B1/ C5/ B5/ D7/ D8+ C7/ B7/ A6\ G2+ G1/ H1/ G8\ H8+ A7+ A8+
8x8Trax_1634070 * vs. JanuarySnowAngel : @0+ A0/ A3\ B3\ B4\ B0/ C4+
8x8Trax_1634092 * vs. Vixen : @0+ @1+ A0/ A3/ @3+ C3\ C4\ B0\ A1\ A5/ B6+
8x8Trax_1634814 lexy vs. Morticia : @0/ @1/ A2+ @2\ A3/ @3/ B0\ A3\ @4/ F2/ E0/ B1+ D0\ F6\ G6\ D7+
8x8Trax_1634985 hoot vs. drgnrdr : @0+ @1/ A0\ @2/ A3+ A4/ C1+ C4\ C5+ D3\
8x8Trax_1635283 keops vs. Dawn : @0/ A0/ A3/ A4/ @1/ C4\ C5\ A2+ D3+ @1/ F5\ E6/ F1/ B0+ G4+
8x8Trax_1635753 c-g vs. Honeybear : @0+ B1\ @1\ B2+ @1/ A2/ @2/ C3\ C0/ @4/ C5+ F1+ A2\ A5/ B1\
8x8Trax_1635800 DIRKSTRA vs. Morticia : @0/ A0/ @2/ B0+ @1+ A0+ @2/ A1+ C5+ C0\ E3\ D1/ E0\ F4+ G3\ F7\ D0\ C1\ A8+ @7\ A5/ A3\ C2+ H1/ B1+
8x8Trax_1635810 PinkyDot vs. gladriel : @0/ B1+ A0\ C2\ @1/
8x8Trax_1635871 chuckles the clown vs. marygal : @0+ @1\ A2/ @1\ B3/ B0\ C4\ B5/ C5+ A4\ @5\ A2\ D6\ B6+ D7/ A1/ E5/ C7+ F5+ E7+ @4+ A6/ A7/ B8/ H5+
8x8Trax_1635896 Jiggs vs. crow57 : @0+ B1+ B0\ B3\ A3+ A4+ @4/ A2+ D3\ C5\ E2/ D1+ E1+ E0/ @5\ A4+ A3+ B2+ B1\ A1\ A0\ @1\ @2\
8x8Trax_1635936 chuckles the clown vs. marygal : @0+ A0+ B1/ B0\ @3\ B1+ B4+ B0/ B0/ A2+ @2\ A3+ D0\ B0+ @4+ F4/ @4+ G2/ @4+
8x8Trax_1636285 Vixen vs. * : @0/ B1+ @1+ D1\ A2\ C3+ E1/ E0/ E3+ A1\ @1+ B0/ G4+ G5+ H4+ F6+
8x8Trax_1637535 puddlelion vs. * : @0/ A2+ @2\ B3\ C1/ C0/ D2/ C0\ A5+ A6/ @6/ D6+ A2\ C1+ @4\
8x8Trax_1637790 Rand al*Thor vs. Honeybear : @0/ A2\ B1/ B0/ B3\ C2/ @3\ B4+ B5+ B0+ @1+ @1/ B0+ D8/ C8/
8x8Trax_1638087 gquadro vs. marygal : @0/ B1\ B2\ A2+ @2\ D2\ B3/ C0/ B1+ @3\ @2/ E0+ @4/ A3+ A5/ A6/ C6/ A1\ RESIGN
8x8Trax_1638169 (vikki) vs. * : @0+ B1/ A0\ A0\ @2\ @2\ B1\ A1+ B0/ D1\ @2/ D5\ F3\ G3+ D0+ @3+ B2\ C1\ D6+ A2\ B1\ F1/ D0\ A2+ A1\ A0+ D1+
8x8Trax_1638380 DavidJ vs. washie224 : @0/ A2/ A3\ B2/ @1\ B0/ C1\ C4\ D4\ B5/ A5/ @3\ E6\ F5/ B7/ A7/ @6/ C1\ F8\ G7/ B1\
8x8Trax_1638837 sagitarius vs. purplehawke : @0+ @1/ A0/ C2/ @1/ C0\ B0/ B5/ A5/ @4/ A5/ C6\ F3+ @5/ @5+
8x8Trax_1638838 purplehawke vs. sagitarius : @0+ B1/ B2\ C1/ C0\ A1/ B0/ D2\ C4\ E3/ A4+ A5/ B6/ D4\ A6+ @5\ F0/ G1/ G3/ F7\ F8/
8x8Trax_1638841 frolind vs. purplehawke : @0/ B1\ B2\ B3\ A2+ C2\ C0+ D1/ B0/ D5/ A1\ @2\ C0\
8x8Trax_1638842 purplehawke vs. frolind : @0+ A0+ B1/ A0+ @1\ @1+ C0/ B4\ E2\ F1+ @2/ F0+
8x8Trax_1638843 JetSet vs. purplehawke : @0+ @1\ A2/ @2/ A1+ B0+ A1+ @2\ A4/ @3\ @3\ D0\ B2/
8x8Trax_1638844 purplehawke vs. JetSet : @0+ A2\ B2/ A3/ @2\ A3+ B0/ C2/ @3/ E3\ E4\ F2/ E1\ G2\ C5\ D5\ A4+ A5/ A6/ H2/ G1\ F0/ G5/ E1\ E0\ G1/ H1/ H3/
8x8Trax_1638845 marygal vs. lapman : @0/ A2\ B2\ B3\ B1/ C1/ A0\ @2/ D3\ E2\
8x8Trax_1638846 lapman vs. marygal : @0+ @1+ B2/ A0\ C3/ @3\ B4/ C4+ C5\ C1/ C0/ @2\ B1/ D0/ F4+ G4/ @4+ G5\ A2\ B1\ B0\ A2\ A1+ C7+ C8+ A6/ B7/ G7+ H8+ A8+ H1/
8x8Trax_1638847 marygal vs. dingbat : @0/ B1/ A0\ @1\ A0\ A3/ @3/ C4+ C5\ B5+ A1\ @3/ F2\ E0+ A3+ C7+ E7+ C8\ B7+ G5\ @6\ A3+ H7\ A2\
8x8Trax_1638848 dingbat vs. marygal : @0/ B1\ A2/ B2+ C2\ A3/ D2\ C1+ B4+ C0/ @3\ A2+ A1/ C0\ B1\ @2\ A4+ B6+ D0+ F2+ G4\ @5\ H6/ A7/ F8+
8x8Trax_1638849 marygal vs. jbdobie : @0/ A0/ @2\ B0\ A1\ A0\ @1\ D4\ C5/ D1/ A4/ E3/
8x8Trax_1638850 jbdobie vs. marygal : @0+ @1+ C1/ @1+ @1/ E2/ A2\ F2\ F3\ F0/ G1/ C3+ C4/ C1/ E5+
8x8Trax_1638857 Phil The Hat vs. dboy97 : @0/ @1+ C1/ B2/ C0/ D3\ A4\ @2/ A5/ @5/ E5\ F5\ C6\
8x8Trax_1638858 dboy97 vs. Phil The Hat : @0+ @1+ B2/ A0\ A0\ A0\ C5/ D5/ B3+ @1\ D3/ E1/ C0+ F4+
8x8Trax_1638859 Phil The Hat vs. What did you say : @0/ B1\ B2\ C2\ D2+ A2+ C3\ D4/ C5\ A0/ A0/ @1+ C8+ A4/ @3\ G7+ A6+ G8+
8x8Trax_1638860 What did you say vs. Phil The Hat : @0/ @1/ A2+ C1+ B3/ C0/ B1+ B0\ @3/ D6+ E6\ @3/ A0+ @1\ F1/ B6/ G1\
8x8Trax_1638861 Phil The Hat vs. Beaupol : @0/ A2\ B1/ B0+ A0/ @1+ @2+ B4+ @2+ A4/ A5/ @3+ E5+ B6/ B7+ A1\ @2/ D1+ A6+ @2/ B7\
8x8Trax_1638862 Beaupol vs. Phil The Hat : @0+ A0\ A3/ @3/ @1+ @2+ C4+ @2+ F3/ A3+ D5+ D6/ E0\ C6+ @4/ F0\ B3/ C7+ G1+ H5/ C8+
8x8Trax_1638883 Sarah vs. Rand al*Thor : @0+ B1+ B2+ C1+ D1\ D2\ E2\ E3\ D4+ C0/ E6/ C6+ F6\ D7\ F1/ G3+ E0/
8x8Trax_1638884 Rand al*Thor vs. Sarah : @0/ A0/ B1+ B0+ C2\ B4\ C4+ B5+ @3/ C6+ D5+ E5\ @3\ D7+ A5/ D0+
8x8Trax_1638887 Kran vs. Rand al*Thor : @0/ A2\ B1/ B2+ C2+ A3\ @2+ E2/ D0/ C1+ @3+ E0+ F1/ G1/ G4+ F5\ F6\ H1/ H0/ G7\ E8/ C7+ D1\ C1\ B1\ A6+ D8+ A8/ H8\
8x8Trax_1638888 Rand al*Thor vs. Kran : @0/ B1\ A2/ @2/ B0/ @2+ A0+ @3\ B0\ C1+ E2+ @3/ B5+ G3+ C0+ E1+ G2+ E0/ H3/ F0/ E1+ C2\ B2\ H7\ B1+
8x8Trax_1638891 Rand al*Thor vs. Nina : @0/ B1\ A2/ A3/ B2+ A4/ @1+ D4\ C5/ E3/ E2/ A0\ A0\ @4\ @5+ H6\ D7/
8x8Trax_1638892 Nina vs. Rand al*Thor : @0+ @1/ A0\ @1\ C1+ C3+ D3\ A3\ @2/ D0/ @4/ C5+ A5+ F2+ G4\ G5\ E6\ E0/ G2/ H5+ A7+ A8/ G7/ B3+ E8/ D8/ B2\ A4+
8x8Trax_1638893 c-g vs. paganje : @0+ @1/ A2/ @2+ @1/ B0\ E2\ C4/ C0+ D2/ D1/ F4\ E6+ F5\ G5\ G6\ G7\ D7+ D8/ B7/ A6/ @6/ A3\ A2\ A1\ DRAW
8x8Trax_1638894 paganje vs. c-g : @0/ A0/ B1+ B0+ C3\ C4\ C2+ D2+ D1/ E4\ D5/ E1/ F2+ D0+
8x8Trax_1638895 c-g vs. Marko : @0+ B1+ C1\ C2\ C3+ D2+ A3/ C4/ D3\ B0\ C1+ E2\ F1/ F0\
8x8Trax_1638896 Marko vs. c-g : @0+ A0/ B1/ C1+ B0/ C4\ D3/ B5/ A5/ C6\ D5/ E2\ D1+ @2+ A6/ C7+ F0/ G1/ A1+ G3\ H2+ F6+ E7+ A4/ E8\ D1+
8x8Trax_1638897 c-g vs. Morticia : @0+ A2+ A3+ @2\ C2\ A3+ @3+ A4/ @2/ B1+ @3\ B0/ C0\ F3+ A0\ @2+ E1/ @4+
8x8Trax_1638898 Morticia vs. c-g : @0+ B1+ A2\ B0/ C3/ A4\ @4/ A5/ C5+ C6/ A2+ @2\ @3+ B6+ C1+ @5+ C7+ C8/ B8/ H3+ H2/ G6\ F7+ F8\ G8\ H7+ DRAW
8x8Trax_1638899 paganje vs. Marko : @0/ B1\ A2/ @2+ A3+ B3+ B0+ @3/ D3\ E3\ E4\ F4\ D5+
8x8Trax_1638900 Marko vs. paganje : @0+ B1/ C1\ B2/ A0\ A0\ C2+ @2+
8x8Trax_1638901 paganje vs. Morticia : @0/ A0/ B1+ B0+ C3\ B4/ @3+ B4+ D2+ B5+ A1\ @2/ A1+ D0/ E1\ E5\ E6\ F5+ D7+ G4\ F1\ F0/ G3/ H2\ F8\ G8\ H6+ B7+ H4\ H1+ C8+ C1+ B8/ A8/
8x8Trax_1638902 Morticia vs. paganje : @0+ @1\ B2+ C1/ C0/ D1/ D0/ C0+ @2+ C0/ C7+ B0+ @1+
8x8Trax_1638903 Marko vs. Morticia : @0+ @1+ B2+ C1+ B0+ @2+ A3\ A1\ @2/ A4+ A5/ @4/ A5+ @3\ B2+ A5/ @4\ B6+ F4\ A6+
8x8Trax_1638904 Morticia vs. Marko : @0/ B1\ B2\ C2+ B0+ D3+ C4+ B0/ D1+ E1/ D0/ D0/ E1/ B1\ F1/ A3\
8x8Trax_1638917 Azalea vs. drgnrdr : @0/ A0/ B1+ B3/ A3/ @2+ B0\ @4\ @3/ @4\ G2\ C5+ D6/ D7/ F5+ E7\ H4+ E8/
8x8Trax_1638918 drgnrdr vs. Azalea : @0/ A0+ B2/ A3/ @1\ B0/ D3/ E2+ E4\ D5/ @3+ B5/ @2/ B1+ D0/ B0/ @4+ E1\ E0\ B3+ A6/ B7+ F8+ B8+ A8/ B1/ F1+ DRAW
8x8Trax_1638919 Azalea vs. Arctic Warrior : @0/ B1\ A2/ @2/ @2+ A3+ @2/ B4+ C3\ B5+ @2/ C6+ A1\ D0+ @2/
8x8Trax_1638920 Arctic Warrior vs. Azalea : @0/ @1+ @1+ A0/ A3/ B0/ @3+ @4\ B5/ C5+ A5+ E1/ F1/ G1/ F0+ RESIGN
8x8Trax_1638923 drgnrdr vs. Arctic Warrior : @0/ A2\ B1/ B0+ B0\ @2+ @2/ C0\ A5/ A6+ @5\
8x8Trax_1638924 Arctic Warrior vs. drgnrdr : @0/ @1/ B0/ A0/ C2+ C4/ D3+ B1/ E3/ D1\ B4/ D5/ C5+ E5\ F5/ F3\
8x8Trax_1638925 drgnrdr vs. Tigger : @0/ B1\ A2/ @2/ @1+ A0\ A0+ @1\ E1/ F3\ E0\
8x8Trax_1638926 Tigger vs. drgnrdr : @0/ @1/ A2\ B2\ C1/ C2+ B3\ @3\ E1/ E0/ F1/ C0+ E5+ G2/ F0/ C1+ B7+ A3\ @6+ E0+ H2/ A6+ DRAW
8x8Trax_1638927 Arctic Warrior vs. Tigger : @0/ B1\ A2/ @2/ B3\ C3\ C4\ D2/ B0/ B0/ @4+ F5+ E7\ A6/ A7/ @5+ @5/ E0+ B1/ H3+ G1\ B2+ A4\ D8+
8x8Trax_1638928 Tigger vs. Arctic Warrior : @0/ B1\ B2\ C2\ A2/ A3/ A0/ @3+ A0\ @2/ E1/ E0+ F2\
8x8Trax_1638929 DINGEROO vs. * : @0/ A2+ @1\ A0\ C3\ @2+ E2/ D1\ B0+ @3/ A4/ E5\ @3\ A2\ A1\ D0/ D7+ E1\
8x8Trax_1638930 * vs. DINGEROO : @0+ B1\ B2\ @2/ C3+ D2\ E3/ D4\ A3/ A4/ C0+ E5\ F5\ E0/ F3+ G6\ H6+ H7\ H8+ F7+ C1\ B1\ F1/ G1/ E8+ A2\ C6+ G8+ A1\
8x8Trax_1638935 * vs. Geri39 : @0+ @1/ B2\ A0+ A0\ @2\ C2/ D3\ B5/ A4+ @4/ E1/ D0/
8x8Trax_1638936 Geri39 vs. * : @0/ A2+ A0\ @1\ A2+ B4\ C3\ @1\ B4/ C5\ B5+ A5/ B6\ A3/ @2\ A1+ A3/ B0\
8x8Trax_1638937 * vs. Howdy Doody : @0+ @1\ B0/ C2\ D2\ C0\ C4+
8x8Trax_1638938 Howdy Doody vs. * : @0+ B1/ C1\ B2/ C2+ D2\ C3\ C4\ D3\ E3\ D4\ A4/ @3/ C5/
8x8Trax_1638941 keops vs. BrnIdGirl : @0/ B1\ A2/ @2+ B0+ @2/ E2/ E1/ F1/ E0/ F4\ D5\ G3\
8x8Trax_1638942 BrnIdGirl vs. keops : @0/ @1/ A2\ B0/ C1\ C2\ C3\ D3\ B4/ E1+ F2/ D0+
8x8Trax_1638943 keops vs. SarahMills : @0/ B1\ B2\ B3+ A3/ C3\ A4/ C2+ A0/ @5/ A6/ @4+ A0+ @1\ F1/ @2+ E0/
8x8Trax_1638944 SarahMills vs. keops : @0/ @1/ A2+ @2+ @2\ @2\ D0/ D0/ B3+ C5\ B5+ C1\ B0/ F4/ F3/ F6\ C7\ G5\
8x8Trax_1638945 keops vs. Rogue Trooper : @0/ A0+ A0\ @3/ A4/ @1+ @2+ @2/ A1\ @1/
8x8Trax_1638946 Rogue Trooper vs. keops : @0/ @1/ A2/ C2+ A3/ A4+ @4/ A3+ C5/ E1\ A6/ @6/ E6\ RESIGN
8x8Trax_1638949 BrnIdGirl vs. Rogue Trooper : @0/ A0+ A0\ @1\ A0\ @4+ @2/ B0/ A4+ D0/ E1/ A1\ C0/ @2/
8x8Trax_1638950 Rogue Trooper vs. BrnIdGirl : @0/ B1\ A2/ @2+ B0/ C3+ D2\ B4\ D0/ E1/ A1\ @1\ C0/
8x8Trax_1638951 SarahMills vs. Rogue Trooper : @0/ A0/ B1+ @1\ B0/ D3/ A1\ B0/ D2+ B5/ @2\ A1\ C0/ @3+
8x8Trax_1638952 Rogue Trooper vs. SarahMills : @0/ B1\ A2/ A3/ A4+ A5\ B5\ @4/ @5\ B2+ A3\ @2/ D0+ @3\ A2\ D0/ C8/ B6/ A6/ @7\ D1+ C8+ H6+
8x8Trax_1638989 supermac vs. Jump This : @0/ @1/ B0+ @2/ C0+ A1\ @2/ C0+ B5+ A4+ @4/ A5/ @5/ A6/ A3\ B2\ @3/
8x8Trax_1638990 Jump This vs. supermac : @0/ B1\ A2/ C1\ D1\ @2+ B0+ C1+ @1\ A0\ E4+ C5/ B6\ A4+ @2\ C1/ C0/ A2\ @4+ A6+ B1+ B0/ F7+ D1/ F1+
8x8Trax_1638991 supermac vs. Misery Midnight : @0/ B1\ B2\ C2\ A0/ A0\ @3+ E3/ D1/ D0/ E3/
8x8Trax_1638992 Misery Midnight vs. supermac : @0/ B1\ A2/ @1/ @1\ B0\
8x8Trax_1638993 Jump This vs. Misery Midnight : @0/ A2\ B2\ B1+ B3/ A3+ B4\ C2\ B0+ B6/ A6/ D3+ B7\ E3+ C7/
8x8Trax_1638994 Misery Midnight vs. Jump This : @0/ @1/ B0+ C1+ A0\ @1\ A0\ A4+ @3/ B0+ A3\ @4/ C6/ E6\ C7/ F5\
8x8Trax_1640851 supermac vs. NightWishes : @0/ B1\ B2\ A2+ A3+ @2\ B0/ C5\ D4/ E2+ A4+ B0/ @5/ C0/ A2+ @3+ H4/ H5\ H6\ H7\ C7\ C8\ E8+
8x8Trax_1640854 supermac vs. Jane : @0/ A2+ @1\ A0\ @1+ D2/ C1+ C4+ B0\ A4+ A0/ @4/ A3\
8x8Trax_1641264 supermac vs. bcurb OTF : @0/ A2\ B1/ @2\ A0/ @1/ A2/ A0\ @3/ A1+ @3/ @3+ @3\ B0+ E1+ B5+ C6/ G3/ D7+ E0/ H2+
8x8Trax_1641850 Dania59 vs. Megababe : @0/
8x8Trax_1641852 Nancy vs. Rand al*Thor : @0/ B1\ A2/ B2+ A3\ @3\ B4/ C3\ D3\ B5+ A5/ @3\ D6/ F5+ C7/ F2/ G3/ F1\
8x8Trax_1641891 Goonerg vs. Tigger : @0/ B1\ A2/ A0/ @1/ B0/ B0/ A4+ @3/ E3/ E2+ F2/ F3+ E5+ E6/ G1\ C0/ F0+ H1+ G7\ H6+ F8\
8x8Trax_1641906 Honeybear vs. Lillie : @0/ A2\ B1/ B0\ A4/ @4/ D2\ A3\ C3\
8x8Trax_1642417 Vixen vs. * : @0/ A2+ @1\ B0/ C1\ B4\ A3+ C3+
8x8Trax_1643859 nisqually vs. Rand al*Thor : @0/ A2\ B2\ B1+ B0/ C1/ A4+ @4/ A5\ C5/ B6\ D6+ E4\ E1/ F3\
8x8Trax_1644776 arthur vs. DarkHoney : @0/ B1\ A2/ @2+ D1/ E1+ C0/
8x8Trax_1644843 mandy_bear vs. Honeybear : @0/ A2\ B1/ B0/ @3/ A4/ C3\ D3\ D4\ A5\
8x8Trax_1644879 supermac vs. Nina : @0/ B1\ B2\ A2+ A3+ @3/ A4/ A2\ @3/ B0\ A2/ @4/ C0+ D0\ E1+ F4+ D8\ E8\ B7/
8x8Trax_1645766 HeartOnFire vs. crow57 : @0+ B1+ A2+ @1+ B3+ @1+ C0+ E2+ @2\ A1\ @1\ A0\ H3/ H2/
8x8Trax_1645889 Misery Midnight vs. c-g : @0/ @1/ B0+ B0\ @2/ @1+ B0\ B0\ A1\ @1\ D6/ C5/ F6\ F7\ A0\ @3/ H6/ G4+ G3/ H3+ A4+ H2\
8x8Trax_1645890 * vs. itb4me2 : @0+ @1/ B0/ B3+ C3\ B0\ A1\ @1\ D2/ E3/ C5+ E4\ F4\ E1/ C0+ C7\ F3+ G7\ G8\ G4+ H4\ C8/ B6/ A6/ E1/ H3+ E8/ B8+
8x8Trax_1645891 STrek vs. SarahMills : @0/ B1\ B2+ A0/ C2+ D2/ D0+ B5/ A5/ @4+ A1\ @4/ C0/
8x8Trax_1645994 Dawn vs. Knight Rider : @0/ A2+ @1\ B0/ A1+ C3+ B4/ A0+ @2/ E2/ E1/ E0/ F1/ F0/ B1\ B0+ G2/ E1\ A4+ @6\ A7+
8x8Trax_1646172 Vixen vs. * : @0+ B1\ C1\ @1/ A2+ B3/
8x8Trax_1646173 The Viking vs. Julie Zeuthen : @0/ @1\ B0+ C2\ C3+ B3+ C4\
8x8Trax_1646656 * Sassy_Angel * vs. REBEL DJ : @0/ A2+ B1+ C1\ B3\ C3+ B0\ @1\ C0\ B0/ C0\ A3+ D2/ E4/ E5+ @3\ F2/ A5/ A6/ @4\
8x8Trax_1646657 REBEL DJ vs. * Sassy_Angel * : @0/ A2\ B1/ B0+ @2+ D2/ D3/ C0/ E2/ E3+ A1\ E1/ B0/
8x8Trax_1646967 RubyJoy vs. Whistler Gandalf : @0+ A0+ A3/ B3\ B4\ @1/ C1/ D1/ C0+ E1\ B0/ F6\ D7+ D1+ A1\ @1+ B0/
8x8Trax_1647415 JanuarySnowAngel vs. * : @0+ @1/ B2/ B3\ C3\ A3\ B0+ @4/ C5+ A2/ C0+ B7\ E5/ D4+ D3/ E3/ C0+ A8\ @7/
8x8Trax_1647593 Honeybear vs. washie224 : @0/ A2\ B2\ B3\ C2/ C1/ C0+ D3+ @2\ A1\ C0/ A5/ D0/ @5\
8x8Trax_1647617 Phil The Hat vs. Keizer Soze : @0/ @1/ A2+ B3/ B4/ @2+ @2\ @2\ C4/ C5/ B1+
8x8Trax_1648688 keops vs. irishmiss : @0/ B1\ A2/ @2+ D1/ B0/ @1\ B0/ F3/ C1/ F4\ C5/ G3\
8x8Trax_1649066 STrek vs. Scorpius : @0/ A2/ B1+ C1+ B0/ D2+ D1+ E1/ E0/ F1/ C0+ C0/ D6+ D7/ B3+ A3/ G3/ F5+ C0/ H3\ G7/ E8+ G8+ A3+ DRAW
8x8Trax_1649122 Marko vs. Tesa : @0+ B1+ B2/
8x8Trax_1650211 SweetCindyJo vs. Jeff : @0/ B1\ B2\ C2+ B0+ C4\ A3/ A4/ C5\ D3+ A1\ @1\ C0/ A4+ @2\ A4+ @4\ E0/ G2/ B6/ @5\
8x8Trax_1650778 Dawnas AZ vs. supermac : @0/ A2\ B2\ A3\ B3\ A0/ B5+ A0\ @2+ C3+ D3/ @2\ A1\ D1+ F3+ @1\ B0\ A4/ H4+ B5\
8x8Trax_1654474 Rand al*Thor vs. soldierswife : @0/ A2\ B2\ C2\ B1+ @1/ B0/ B4/ A4+ A5\ @4/ A6\ B6\
8x8Trax_1655561 Nancy vs. Honeybear : @0/ B1\ A2/ @2/ B3\ C2+ B4/ A0\ @1\ C0/ D1/ E3\ A5/ A6/ F2/ F1+ D5\ E0\ G2/ E0\ A6+ H1+ E8\ F6+ G6\ H5+ G8\ H8+
8x8Trax_1655565 Honeybear vs. Carol91859 : @0/ A0+ @2\ B0+ B0\ A3+ A2+
8x8Trax_1655584 Tigger vs. Morticia : @0/ @1/ B0\ B3+ C3\ A4\ A5\ @3+ D6\ E4+ A6/ E3+ B7\
8x8Trax_1655860 * vs. (vikki) : @0+ @1+ A0/ B3\ C3+ @2/ D4\ E4+ D5/ C4+ B4/ C5/ F3\ A4/ F2/ E1/ G3/
8x8Trax_1657293 Whitewolf2 vs. STrek : @0/ A2/ A3\ B1+ B3\ C2+ @1\ B0+ A1+ B0+ A1+ B0+ A1+ A0\ B1/ B0\
8x8Trax_1657413 * vs. Reversi Queen : @0+ @1\ B0/ B0/ C1/ A0/ D4\ D1\ C5\
8x8Trax_1657432 Lyonsgirl vs. Rand al*Thor : @0+ A0+ A3+ B1\ @2/ B0/ A5/ @4\ E1+ A2\ @3/ E4+ B5/ D5\ C6/ F5/ G2/ E6+ G4\ H4\ F0+ E0/ D1+
8x8Trax_1657464 Goonerg vs. Sarah : @0/ A0/ B1/ C1/ B0+ D2/ B0/ C5+ @2\ A1\ C0/ B7\ A6+ F3\ G6\ F7/ H5+
8x8Trax_1657690 marygal vs. Dawn : @0/ A0/ B1+ @1\ A0\ C1+ A0\ A0\ @2/ @2/ B3/ B5/ A4\
8x8Trax_1658256 arthur vs. DarkHoney : @0/ B1\ A2/ B2+ @1\ C3/ A0/
8x8Trax_1658339 gladriel vs. NightWishes : @0+ @1\ A2\ B0+ B0\ C3/
8x8Trax_1658957 SweetCindyJo vs. Jeff : @0/ B1\ A2/ B2+ @1\ A0\ @3/ A4/ C4/ A5\
8x8Trax_1659398 BrnIdGirl vs. Megababe : @0/ @1/ A2\ B2\ C2\ B0/ C1\ C4\ D3\ E2\ D4+ E3\
8x8Trax_1659419 keops vs. Honeybear : @0/ B1\ B2\ C2\ B3/ A2+ C4\ D3/ A4/ B5+ @2/
8x8Trax_1660605 zookeeper04 vs. heidibb : @0+ B1/ B2\ C2\ C3/ @1\ B2+ B0+
8x8Trax_1661043 SweetCindyJo vs. Beaupol : @0/ B1\ A2/ @2+ C2\ A3\ B0/ @3+ E2\ F1+ E3+ E4\ @3\ E5+
8x8Trax_1661291 SweetCindyJo vs. Jeff : @0/ B1\ B2\ B3\ @1\ A0\ B3/ B4/ B5/ B1/ A0\ C1/ D1/ B0\ @4/ @3\ @3+ B2+ G4+ H2/ H4+
8x8Trax_1661352 Dania59 vs. keops : @0/ @1/ B0/ @1+ C0/ D3\ D4\ E2+ B4\ C5+ D0+ F5/ A5+ F6\ E7\ G5\
8x8Trax_1661422 Honeybear vs. gladriel : @0/ A2+ B1+ C1\ C3\ C4/ D3/
8x8Trax_1661510 Buz vs. Misery Midnight : @0+ B1\ A0+ @2/ A3/ @3/ A4/ E4\ C5+ @4+ C6+ @4/ A2\ B1/ @4\
8x8Trax_1661627 * vs. MountainMist : @0+ @1/ B2\ C1\ B0/ B4\ C4\ D2/ E2+ E1/ B0/ F3\ B6+ @5+ B7\
8x8Trax_1661640 * vs. Daxie : @0+ B1\ A2/ A3/ @1\ @2\ A1\ E3\ E4\ @1\ C0+
8x8Trax_1661866 brillantebella vs. * : @0/ A2+ @1\ A0\ B1/ B0\
8x8Trax_1662235 * vs. Marko : @0+ @1+ A0/ A3/ A4/ @2+ @2\ A3+ C0/ D4+ B1/ E2\
8x8Trax_1662543 NightWishes vs. gladriel : @0/ A2\ B2\ B3\ @2\ D3/ C4+ D2+ C1/ C0/ D1/ D0/ E3+
8x8Trax_1662680 MountainMist vs. * : @0+ @1/ A0/ C2\ C3\ D2\ @2+ E1/ E0/ F2\
8x8Trax_1662745 * vs. MountainMist : @0/ B1+ A0\ @2/ @2+ E2\ C3/ B3+ E4+ A3+ A1/ A4/ C5\ @3+ @3/ B5+ D6+ C7/ @4\ B2\ B6/ B7/ B8+ A7\ G5\ F7\ E8+
8x8Trax_1663028 Misery Midnight vs. Sherry : @0/ A2\ B2\ C2\ A0\ @2/ B4+ C1\ D1/ B0\ E4\ A1/ @4/ C0\ A2/ @3+ C7/ B6+ B7+ A1/ A7\
8x8Trax_1663246 Bekkah vs. gladriel :
8x8Trax_1663281 Honeybear vs. SarahMills : @0/ A2\ B1/ C1/ A3/ @2\ E1/ C0+ F2\ E3+ B5+ A5/ @4/ A2+ F4\ G4\ B6/ A6/ @5/ E6+ B7/ D8\
8x8Trax_1663283 * vs. washie224 : @0/ A2\ B2\ B3/ @1\ B0/ @2\ B1\ C0/ A4\ B1\ B0\ D4/ E5\ B6\ @5/ A6/ C7\ G5\ A3\ @2/ F3+
8x8Trax_1664515 Misery Midnight vs. nursestary : @0/ A2\ B2\ A0/ C3/ C2/ D1/ D0/ A5/ @5/ F1/ E4/ DRAW
8x8Trax_1664874 keops vs. TrueIndian : @0/ A2/ @1/ A2+ A3+ C1+ @2/ D3\ E3+ E1+ F2+ C4/ C0/ D6\ E6\ B6/ D7+ A5+ A1\ @3\
8x8Trax_1665139 HeartOnFire vs. crow57 : @0/ A2\ B2\ B1+ B0/ C1/ D2/ D1/ E1/ E0/ F1/ F0+ F0\
8x8Trax_1665254 mplf vs. * : @0/ A2+ @2\ B3\ C2\ B4\ C3\ A4/ D3/ B5/
8x8Trax_1665788 POPMASTER vs. Megababe : @0+ B1\ @1/ B2+
8x8Trax_1665875 bubbly vs. Misery Midnight : @0/ B1\ B2\ C2\ @1\ A0\ @1+ F2/ F1/ C1+ @2/ E1/ A3\
8x8Trax_1667166 (vikki) vs. * : @0+ B1\ B0\ @2/ C3\ @2/ B4\ A1\ A0/ B1/
8x8Trax_1667184 Jiggs vs. crow57 : @0+ @1+ A0/ B3\ C3\ D3+ C4/ E3+ A3+ B4/ B5/ A5/ D5\ @4+
8x8Trax_1667248 (vikki) vs. * : @0+ B1\ A2\ A3+ B2\ A4/ @4/ B5/ C4+ A5/ D2/ D4/ D5+ @4+
8x8Trax_1667294 Marko vs. * : @0+ B1+ A2\ B0/ C3/ C4/ D2+ E2/ E3/ F2/ F0+ G1/ H1/ F0\ H0+ A4\
8x8Trax_1667409 arthur vs. DarkHoney : @0/ B1\ A2/ @2+ D1/ @2+ E0\
8x8Trax_1667861 dolly vs. * : @0+ B1/ B0+ B0\ @3/ A1/ D1/ C0\ B5\ D4\ E3\ @3\ @3\ B5+ D6+ D0+ D8/ A7+ @6/ F7\ G7\ H8/ F1+ H2\ A7+ H1\ A2+ A8/
8x8Trax_1668089 drgnrdr vs. rebelyell : @0/ B1\ A2/ B2+ B3+ C2/ D2/ B4/ @4/ B5\ A1\ B0/ @4\
8x8Trax_1668713 Goober vs. Megababe : @0/ B1+ C1\ B2+
8x8Trax_1668795 Tigger vs. Megababe : @0/ A0/ @2/ C1+ A3\ D1/ A4\ C3/ @1\ B0/ A5/ E4\ @3/
8x8Trax_1668819 Misery Midnight vs. Nan54 : @0/ A2\ B2\ B3/ C2/ C1/ A0\ @1\ B4/ A4/ E2/ @4\ B3+ A1/ A5/ A2+
8x8Trax_1668834 Misery Midnight vs. Sherry : @0/ A0/ B1+ @1\ B0/ B0/ @3+ B1\ B5/ C0\
8x8Trax_1668937 Mististar vs. Honeybear : @0/ B1\ A2/ A0\ @2\
8x8Trax_1669082 buttercups vs. Honeybear :
8x8Trax_1669083 grandpa2 vs. Honeybear : @0/ B1\ B2\ C2\ A2/ B3+ @1\ C0\ D5\ E4/ E5\ F4/ F5\ G4/ G5\ H5\ H4/ D0+ D7\ G7+
8x8Trax_1669102 dboy97 vs. Morticia : @0/ B1\ A2/ @2+ A3+ @2+ C0+ @3+ B1\ C0/ B5/
8x8Trax_1669298 * vs. (vikki) : @0+ B1/ @1/ C0/ B0/ D2/ D4/ D1\ A1\ @1/ A3\
8x8Trax_1669325 Megababe vs. gquadro : @0/ A2/ @2/ B3+ C3\ C4\ D4\ D0/ E3+ A1\ D0/ @2/
8x8Trax_1669375 drgnrdr vs. Beaupol : @0/ B1\ B2\ C2+ D2/ D0+ @2\ A1\ C0/ D5/ D6/ E5+ E1/ F3\ @1/ B0\ D0\ G2/ H2/ C6+ H7\ H8\ B6/ B1/ E2+
8x8Trax_1669396 Buz vs. drgnrdr : @0+ @1\ B2+ C1/ C0/ @2\ C0\ A4/ @2/ C5+ A1\ @2/ D0+
8x8Trax_1669418 Jump This vs. TrueIndian : @0/ B1/ B0\ A1+ B3+ C2/ B0+ D3+ B5+ D5\ E3\ C6+ E2/ F3/
8x8Trax_1669945 rebelyell vs. drgnrdr : @0/ @1/ A2+ A3\ C2/ C1/ B0/ B5/ D2/ D1/ D0+ E1/ @5\ F4+ G1/ C0+ A2\ @5/ H6/ G8+ G1+ A2+ B1+ B8+ DRAW
8x8Trax_1670181 Buz vs. drgnrdr : @0+ @1+ B2/ B0/ C3/ B4/ @3/ A4+ @3\ A2\ @2\ C1/ E0/ B5+ D6\ G4/ C1+ C0+ D8\ H6+
8x8Trax_1671672 Misery Midnight vs. Sherry : @0/ @1/ B0+ A0/ A4/ @3\ D4\ D5\ @3\ B2\ A2+ A1\ C0/ C6\ F6\ E7\ E1/ E0/ G4\ G6\ A1\ @1\ B7/ C8/ A6/
8x8Trax_1672942 Sherry vs. Misery Midnight : @0/ B1\ B2\ A2+ B0/ C1/ A4/ D1\ D2\ E3\ C4+ B0\ A1+ @1/
8x8Trax_1673095 dboy97 vs. Chad : @0/ A0/ A3/ A4/ A5/ B3+ @5/ D1/ D0/ D6\ B7+ E4+
8x8Trax_1673494 * vs. mplf : @0+ @1\ A0\ B0/ C2\ @1/ C0+ D2/
8x8Trax_1673956 Daxie vs. Linda Sue : @0/ B1+ @1\ A0\ C3/ B1/ B0/ A1+ A0+ @1\ B5+ A5/ @1\ A0\ @2\ A7/ @7/ A2\ @6/
8x8Trax_1674233 Linda Sue vs. sandie : @0+ @1+ B2/ A0\ A0\ B5/ @5/ A6/ A3\ @4/ C6+ E4+ C7/ B7/ B8/ F4+ A6/ G4+ A8\
8x8Trax_1675002 SweetCindyJo vs. Jeff : @0/ B1\ A2/ @2\ A1\ A0+ A0/ B1+ C1+ @1\ B0/ A4+ @2\ @3/ A4\
8x8Trax_1675193 * vs. mplf : @0+ @1/ A0\ @1/
8x8Trax_1675207 paganje vs. c-g : @0/ @1/ A2+ B3/ B0/ C3\ @2/ @2/ @3+ A4+ D5\ @4\
8x8Trax_1676586 sagitarius vs. Misery Midnight : @0+ B1\ A0/ A0\ @2/ D2/ D1/ E3\ C0+
8x8Trax_1677161 Scorpio-Lady vs. Fallen Angel : @0+ B1/ B2\ C2\ A0/ @1/ @2/ A3/ B0\ A1\ @3/ @2/ F1/ E0\ C1/ A4+ A5/ @5/ G1+ C6/ A6/ H1\ F0/ B8/ A8/ B2\ G1/
8x8Trax_1677164 Whistler Gandalf vs. Sweetcheeks : @0+ @1/ A0\ @2/ C1+ A1\ @2/ C0/ C0+ D2+ E3\ E5+ A1\ A0\ @4+
8x8Trax_1677268 Jump This vs. Tigger : @0/ B1\ B2\ C2\ D2\ A2+ D3+ B4\ B5\ D0\ D5\ @5+ @5\ B3+ C7+ C8\ A7/ @7+ C8/
8x8Trax_1677306 * vs. mplf : @0+ B1\ A2/ A3/ @3/ @2/ @2/ C4/ B3/ A3/ B4/ @2\ E0+ D1+ A5\ @4/ G1+ B1\ A0/ @2/ A4\ D1/ C0/
8x8Trax_1678341 Tigger vs. Megababe : @0/ B1+ A0/ C2\ A3/ @3/ C4\ @2+ @3\ B4+ E0\ A2+ F1/ @1/ H2\
8x8Trax_1678732 B Line electric streetcar vs. csain1 : @0/ A0/ B1+ B3/ A3+ C1/ C2+ D3/ E1+ F2/ E3+ F0\ G4+ G2+ E0/ H1+ H0/ E7+ G7\ G8+ H6/ DRAW
8x8Trax_1678770 Tigger vs. Megababe : @0/ B1\ B2\ C2\ A2/ B3\ A0/ B0\ A0/ C6\ D4+ @2\ F4/ F5+ D7\ @3+ E0+ H2+ H5+ C7+ A7\ B2\ B1\ H8\ DRAW
8x8Trax_1678780 Marko vs. Beaupol : @0+ @1+ A2\ B0/ C3/ A1\ B0/ B0/ D2/ C6/ D5+ A2+ E5\ F4+ D7+ F6+ G2+ E1\ C0\ D1+ G6+ @3/ B7\ A7+ F1+ A1\ B8+ H8\
8x8Trax_1678786 Goonerg vs. Phil The Hat : @0/ A0/ B2/ A3+ @3+ @3/ A4/ A2\ @4+ E4+ E1/ E0/ A1\ @2\ C0\
8x8Trax_1678794 dolcol (LAW-10) vs. Misery Midnight : @0+ B1\ C1/ B0\ @1/ E2\ E3+ E4/ C3\ RESIGN
8x8Trax_1678921 Linda Sue vs. sandie : @0+ @1+ A2\ A0\ A0\ B5/ @5/ A6/ C2+ D4+ B0\ E5+ A3\ @6/ B1/
8x8Trax_1679468 Tigger vs. Misery Midnight : @0/ B1\ B2\ C2+ A0/ A0\ @1\ E3\ A3/ E1/ @2\
8x8Trax_1679731 spitfire vs. nisqually : @0+ B1+ B0/ @2+ D1\ D2\ A1/ C0\
8x8Trax_1680426 washie224 vs. Honeybear : @0/ A2\ B1/ B2+ A3/ @2\ D2+ C3+ D3+ B4+ D4+ E4/ F4\ B5\
8x8Trax_1681367 Mististar vs. Honeybear : @0+ B1\ A0+ A3+ @2\ B0\ B5\ C6\ D4+ A5/ @4+
8x8Trax_1681563 SweetCindyJo vs. Jeff : @0/ A2\ B2\ C2/ B1/
8x8Trax_1681852 three horses vs. SweetCindyJo : @0/ A2\ B1/ B0+ @2+ C3+ C4\ D4\ D5\ B4+ E4+
8x8Trax_1681853 Rebel Rider vs. SweetCindyJo : @0/ B1\ A2/ @2+ C2+ @2\ B3\ C4+ E2/ C0\ A1\ @1\ E1+ D6+ D0+
8x8Trax_1684007 Phil The Hat vs. (**)(**) Bunny Toes : @0/ B1\ B2\ A2+ B3\ @2\ @2\ @2\ A3+ D4\ C0+ B5+ B6\ A5/ @6\ @4+ B1\ B0\ H3/ G2+ A3+
8x8Trax_1684008 (**)(**) Bunny Toes vs. Phil The Hat : @0/ @1/ A2/ C1/ B3/ A0\ @2/ B4+ B5/ C5+ A4+ B0+ A1\ @3/ @2\ G5+ F7\ G1/ RESIGN
8x8Trax_1684009 Phil The Hat vs. cocopuff : @0/ B1\ B2\ B3+ C1+ C3+ @1+ E1\ D4\ F1/ F0/ E6\ F4+ G3\ B1/ C0+ @3+ H2+ H1/
8x8Trax_1684010 cocopuff vs. Phil The Hat : @0/ @1/ B2+ C1/ C0+ D1/ A0\ @3/ D1/ B0+ @5/ C6+ C0/ A4\ @4+ B3/
8x8Trax_1684011 Phil The Hat vs. Freight Train : @0/ @1/ B0/ @1+ C0/ C0+ D4+ D1+ C5+
8x8Trax_1684012 Freight Train vs. Phil The Hat : @0/ B1/ A0\ @2/ D1/ B0+ C4\ D4\ E2/ E1/ C0/
8x8Trax_1684013 Phil The Hat vs. Tigger : @0/ B1+ C1/ C0+ C0\ A2+ @3/ @3/ D4+ A1\ @3/ C0/
8x8Trax_1684014 Tigger vs. Phil The Hat : @0/ @1/ B0+ @2+ B3/ C0/ B1+ D2+ @4\ @3/ A5\ F3+ C0\ B2/ D1+ E0\ E0+ C8\ G6+ G4/ F3+ H5\
8x8Trax_1684027 Stinger vs. purplehawke : @0/ @1/ A2/ @1\
8x8Trax_1684028 purplehawke vs. Stinger : @0+ @1+ B2/
8x8Trax_1684031 Stinger vs. Misery Midnight : @0/ B1\ B2\ C2+ C3\ C0/ D1/ B0\ A2+ @2\ B1\ B0\
8x8Trax_1684032 Misery Midnight vs. Stinger : @0/ A2\ B1/ B2+ B3\ C3\ D2\ @2\ E3+ E4\ F3\
8x8Trax_1684033 Stinger vs. drgnrdr : @0/ A0/ @2+ A0/ @3+ A1\
8x8Trax_1684034 drgnrdr vs. Stinger : @0/ B1\ A2/ @2+ @1/ A0+ C0\
8x8Trax_1684035 purplehawke vs. dingbat : @0+ @1+ B0\ A3/ @3/ @2/ B4\ A1\ A0+ @2/
8x8Trax_1684036 dingbat vs. purplehawke : @0/ B1\ A2/ @2/ A0+ @1\ B0/ D4+ D5\ C6\ D1/ D6+ C0/
8x8Trax_1684037 purplehawke vs. Misery Midnight : @0+ B1\ B2\ A3/ @3/ D3\ C4/ RESIGN
8x8Trax_1684038 Misery Midnight vs. purplehawke : @0/ B1\ A2/ @2/ D1/ D0/ C3\ B4/ RESIGN
8x8Trax_1684039 purplehawke vs. drgnrdr : @0+ @1\ A0\ @2\ B3\ C0/ D1/ @4\ E2\ F3/ B2+ F4\ C0+ D6\
8x8Trax_1684040 drgnrdr vs. purplehawke : @0/ A2\ B1/ B0/ @3\ D2+ C3\ C4\ D4\ E3\ @4/ A5/ A1\ @2\ C0\
8x8Trax_1684041 dingbat vs. Misery Midnight : @0/ B1\ A2/ @2/ A0+ @1\ D3\ C0/ C5\
8x8Trax_1684042 Misery Midnight vs. dingbat : @0/ A0/ B1+ C2+ D2\ D3\ A4/ @3+ A4+ @3\ G3\ G5+ C6/ B5+ B6+ A6/ G6\ H5+
8x8Trax_1684043 dingbat vs. drgnrdr : @0/ @1/ A2+ B3/ @2/ @3\ D0/ E1/ C5/ D5+ E0/ F4+ G4/ A6/ @5+ D7+
8x8Trax_1684044 drgnrdr vs. dingbat : @0/ A0/ @1/ C2+ D2/ C0+ A3/ A4/ C5/ D5\ D6/
8x8Trax_1684045 Misery Midnight vs. drgnrdr : @0/ @1/ B0\ @2\ A1\ @2\ C3/ A1\ C0/ C5/ E1/ C0/ F3\ F4\ C7/ G5/ A8/ @6+ RESIGN
8x8Trax_1684046 drgnrdr vs. Misery Midnight : @0/ A2\ B1/ B0/ @1+ C0/ C0+ D1/ C5\ @3\ E5/
8x8Trax_1684049 nursestary vs. Rogue Trooper : @0/ A0/ @2\ C1/ C0\ D2/ A2+ A1\ E1/ A0\ @2\ F4\ B0\ F6/
8x8Trax_1684050 Rogue Trooper vs. nursestary : @0/ A2\ B1/ B0/ A0+ @2\ @2\ A1\ D0\ E3\ A5/ D5+ C6/
8x8Trax_1684053 nursestary vs. Arctic Warrior : @0/ A2\ B1/ B0+ C2\ C3\ @3/ A4/ E3\ C0+ F3/ F2/ E5/ C5/ RESIGN
8x8Trax_1684054 Arctic Warrior vs. nursestary : @0/ A2\ B1/ B0/ B0+ C2\ D2/ D1/ B0/ D4\ C5+
8x8Trax_1684055 kittlekitten vs. Rogue Trooper : @0/ B1+ B0/ A3\ A1+ A4\ @2/ A0/ C4\ D1\ @2\ @2\ B4+ @3+ F5+ A5/ B6+ @5\
8x8Trax_1684056 Rogue Trooper vs. kittlekitten : @0/ A2/ B1+ C1+ A3/ D1+ C3\ B4/ C0/
8x8Trax_1684059 kittlekitten vs. Arctic Warrior : @0/ B1/ A0+ @1\ B0/ B0+ @2+ C0\ C0\ C7/ A5/ @5/ B6/ A6+ E2+ B7/
8x8Trax_1684060 Arctic Warrior vs. kittlekitten : @0/ B1/ A0\ @1\ A0+ @1\ B0+ B0\ C2+ C6+ E2/ D1\ C0/ E7\ F4/ D8\
8x8Trax_1684061 Rogue Trooper vs. pioenroosje : @0/ A2\ B1/ @1/ B0+ A0/ @1+ A0\ B0/ C1/ D1/ E2+ C7+ F1/ D0/ @3/ E8+ F6\ G3\ H2/ H5+ H7+ A6+ H8/ B7+ DRAW
8x8Trax_1684062 pioenroosje vs. Rogue Trooper : @0/ A0/ B1+ B3/ A0/ C2/ C3+ D3\ A4+ E3\ D5\ E1/ F2/
8x8Trax_1684063 Rogue Trooper vs. Arctic Warrior : @0/ B1/ A0+ A3+ C1\ @1\ D0\ B5+ E4\ E5\ E1/ A1+ D0/
8x8Trax_1684064 Arctic Warrior vs. Rogue Trooper : @0+ @1/ @1\ B0/ C3\ C4\ D4\ A4/ @3/ C5/
8x8Trax_1684065 pioenroosje vs. Arctic Warrior : @0/ A2\ B1/ B0+ B0+ B0+ B5+ C5\ B0/ C1/ D5\ C0+ B0/ A2\ A1\ @1\
8x8Trax_1684066 Arctic Warrior vs. pioenroosje : @0/ B1\ B2\ C2+ B0+ B0/ D2/ E2+ A4/ C5/ E1+ E0\ F3/ D0+ G3/ G2/ G1/ B1\ G0/ A3/
8x8Trax_1684069 What did you say vs. Honeybear : @0/ A2\ B1/ B0/ @2/ @3/ C4+ E2+ E3+ F1\ A1\ B0+ @3/
8x8Trax_1684070 Honeybear vs. What did you say : @0/ A2\ B2\ B3+ @2\ @2\ D1/ E2\ D0+ E1/ F2/ @1\ C0+ A5/ E1/ @4\
8x8Trax_1684075 Dave (UK) vs. Honeybear : @0/ B1\ B2\ A2+ A3/ A4+ @2\ D2\ B0+ E2/ C1+ @4+ A5/ A6+ @4+ D7\ D8+
8x8Trax_1684076 Honeybear vs. Dave (UK) : @0/ B1\ A2/ @2+ B3/ C3\ A4\ @2+ C0/ E2/ F3+ C6/ G2\ F1/ E0/ C1+ F6\ G6\ H4+ F8+ H7\ H8\
8x8Trax_1684081 Honeybear vs. Sarah : @0/ A0/ @2\ B3/ C3\ B4/ D3+ E1\ E3\ E4\ B5/ @2+ D6+ A1\ B0\ A7/ @2\ D8/
8x8Trax_1684082 Sarah vs. Honeybear : @0+ B1\ A0+ @2/ A3/ @3/ C4\ C5+ D5\ E3/ C6+ C7+ C0+
8x8Trax_1684083 Honeybear vs. sagitarius : @0/ A0+ A0\ @3/ @3+ A4/ A0\ @3+ C5+ E4/ A5/ A6/ A7+ @5+ D8\ E6+ G3/ G2/ F1/ @4/ C8/ B8/
8x8Trax_1684084 sagitarius vs. Honeybear : @0+ B1\ A0/ A3+ @1/ D2/ C0\ E3\ E4\ C5/ A4/ @5\ A2+ G5/ F6\ F7+ G7\ H6\ E2+ H7+ C0/ G3/ H5+ C7+
8x8Trax_1684087 Goonerg vs. washie224 : @0/ B1\ A2/ @2+ C0\ D2+ A0\ @2/ E1/ F2\ C0/
8x8Trax_1684088 washie224 vs. Goonerg : @0+ @1+ A2/ C1+ B0\ @2+ A1+ @2+ A3+ @2+ D0/ @3+ B2\ @3+
8x8Trax_1684089 Goonerg vs. Darklordfox (FTH) : @0/ @1/ B0+ C1\ C3+ C4+ D4/ C5/ B5+ E3/ C6/ @2+ E6\ D7/ F4\
8x8Trax_1684090 Darklordfox (FTH) vs. Goonerg : @0+ B1+ B2/ B0/ @2\ A1\ C0/ @2+ B1/ A4/ C5\ @3/
8x8Trax_1684091 Goonerg vs. MountainMist : @0/ B1+ C1/ C0+ C0\ A2+ B0/ A5/ @5/ @4+ F1\ @5\ D6+ B6+ F6\ G6+ F7/
8x8Trax_1684092 MountainMist vs. Goonerg : @0/ B1\ A2/ C1\ B0+ B3+ B0+ A5+ @5/ A4+ B6+ A2\ @3/ E1+ F3\ D0/ G5\ E6+ C8/ B1\ A1\ E7\ A3+ @2/
8x8Trax_1684093 Goonerg vs. Nina : @0/ A2\ B1/ @2\ A3\ A0\ @1\ B5\ A2/ @1\ E3\ F2/ E0+ A3/ @3/ B0\ A3\ @2/ F7+ F8+
8x8Trax_1684094 Nina vs. Goonerg : @0+ @1+ A0/ A3/ @3/ D2+ @2\ A1\ B0\ B0\ A2\ D1/ D0+ E3\
8x8Trax_1684111 frolind vs. paganje : @0/ B1\ B2\ A2+ A3+ @1/ D3+ D2/ E3+ D4/ C0/ D1/ B1+ D6\ E6\ E2/ F4/ E7\ F7\ G6+ A4+ C7/ E8+ A5/ @5+ D8/ A6+
8x8Trax_1684112 paganje vs. frolind : @0/ @1+ @1\ C0/ D1/ A0+ B4/ C4+ @1\ D5\ F2/ C6/ B6/ A3+ F0/ G2+ A1/ B0+ G7/ @5/
8x8Trax_1684115 SarahMills vs. paganje : @0/ B1\ A2/ @2+ @1/ B3/ @1\ C0+ A3+ D0/ E1/ F3\ E4\ D5+ @5/ B6\ A4+ F5\ D6/ D7\ C7+ F0/ H4\ H5/ D2+ C2\ B1/ H6\ H7\ E8+ A3\ A8/ A2\
8x8Trax_1684116 paganje vs. SarahMills : @0/ A2\ B1/ @1/ B0+ A0/ D2/ D1/ A0/ @3+ @2/ C0/ C0/ @3+ B0+ @2\ A1\ G8+ A5/ H8+
8x8Trax_1684117 MNFrog vs. paganje : @0+ @1/ B2/ C2\ C3\ C1+ B0\ A3/ D2+ D1/ D0/ E3+ E5/ F3+ @3+ @2/ C5/ B1+
8x8Trax_1684118 paganje vs. MNFrog : @0/ B1\ A2/ @2+ B3\ C3\ C4\ D4\ D5\ E3/ A4\ @3/ E6\ D7+ @5+ B8+ @7/ A8/ C2\ B2\ A2+ G8\ H8\ H2/ G1+ A1\ H1+
8x8Trax_1684119 Kevin vs. keops : @0/ A0/ A0/ @1/ B0/ B0/ @1+ C0/ A5/ RESIGN
8x8Trax_1684120 keops vs. Kevin : @0/ A0/ B2/ B3/ @1/ B0/ D3/ E4+ E5\ F5\ C6+ D7+ B6+ C7+ A4\ D2/ G5\ A0/ H5/ F4+ C2+ C1/ DRAW
8x8Trax_1684125 keops vs. DINGEROO : @0/ B1\ A2/ @1+ D1/ D0/ B1+ E2\ E3\ E0/ F3+ @2+ C1/ E0+ H3/ H2/ G6\ H6\ A5/ B6+ H4+
8x8Trax_1684126 DINGEROO vs. keops : @0/ A0/ @2+ A3/ A4\ B4\ C4\ A0/ @3\ @2/ @1+ D0+ E1/ F1/ G2+ E0+
8x8Trax_1684127 keops vs. Beaupol : @0/ A2\ B2\ B3+ @3+ B0/ @3/ @3/ C5/ A2\ @3/ D6+ @3\ B2+ B6+ A6/ H3/ H2/ D7+ C1+ D8/ G5+ A2+ B1+ G7+ F8\ H7+ A7/ H8\ A1+ B8/ H4+ A8+
8x8Trax_1684128 Beaupol vs. keops : @0+ A2/ @2/ B0/ B0/ @4+ B2+ @3/ B1+ E2+
8x8Trax_1684131 Jump This vs. Scorpius : @0/ B1\ B2\ B3\ A3+ B4\ B5\ C2+ D5+ A0/ D1/ RESIGN
8x8Trax_1684132 Scorpius vs. Jump This : @0/ @1/ C1+ A2+ B3/ B0\ @2/ @3\ F4\ F5\ F2/ G4+ E1+ A4/ RESIGN
8x8Trax_1684133 Jump This vs. Howdy Doody : @0/ A2+ A3/ @3/ @3+ B4/ A1\ RESIGN
8x8Trax_1684134 Howdy Doody vs. Jump This : @0+ B1+ B2/ A0\ @1\ @1+ B3+ @1+ A3/ A4/ @3+ @2+ H2\ H4+
8x8Trax_1684135 Jump This vs. Judy : @0/ B1\ B2\ C2+ B0+ D3+ C4+ E3+ D1/ D0/ E5/
8x8Trax_1684136 Judy vs. Jump This : @0+ B1+ A2\ B0/ C1+ @2+ E1+ F1\ F2\ E3\ D4\ D5\ E5\ F4\ G2+ E0/
8x8Trax_1690167 Megababe vs. Dawn : @0+ A0\ A3/ @1\ A0\ @2/ D3\ E3\ A3/ D1+ A0/ @3+ @3\ B5\ C6/ A6+ @2/ C7\ A6\ F6+ C8/ F7+ F8\ G8\
8x8Trax_1690220 KityKaty vs. SweetCindyJo : @0+ B1+ B2/ B0/ A1+ @1\ A0\ @1\ A0\ @3/ C4+ F4+ F2+ B0\ @2\ @2\ A5/ D6\ F7\ A1/ C0\ H8\ B8/ B1+ A1\ D1+ A8/
8x8Trax_1690221 Scooter vs. SweetCindyJo : @0/ A2\ B1/ B0+ C1/ A0\ @1\ C4+ C5\ D5\ E2/ A2+ @3\ B4+ E6\ F4/ G4+ @1\ A0\ B1+ H4+
8x8Trax_1690507 supermac vs. SunnyD : @0/ B1\ A2/ @2+ B0/ @3+ E1\ @3+ C0\ B2/ F1/ D0\ G2\
8x8Trax_1690516 Honeybear vs. Dania59 : @0/ A2+ @1\ A0\ @1\ C4/ C1+ A0\ D5\ D6\ @3/ A4/ E4+ C4+ A5/ C6\ D7/ F5+ D8/ @4/ G7+ H5+
8x8Trax_1690582 paganje vs. Dawnas AZ : @0/ A2/ A3\ B3\ B4+ @3\ B5+ @3/ A2+ E4\ A5\ B6+ A7/ @6\ A3/ @3+ A1\ F5\ @2\
8x8Trax_1690617 keops vs. frolind : @0/ @1+ B0/ @1/ A0+ D1\ @2+ B0\ @1\ C0\ B5+ A4+ @2\ A1\ @3+ D0\
8x8Trax_1690936 * vs. stones rose : @0+ @1/ B2\ @2/ B3\ A3/ B4\ @3/ A1\ @1+ C0/
8x8Trax_1691069 * vs. NOODLES : @0+ A2/ A0\ B1/ @2+
8x8Trax_1691192 * vs. jbravo : @0+ A0/ A3\ B1/ @2/ @2/ @3\ D0\ C2+ @2\ C1+ B5\ A5\ B6\ C5+ D6+ G3+ @2+ E0/
8x8Trax_1691332 * vs. jettred : @0+ @1\ C1\ A0\ @2/ A3/ @2+ D0/ E1/ F1\ F3/
8x8Trax_1691366 arthur vs. DarkHoney : @0/ B1+ @1\ A0\ C1+ C0/ @2\ C4/ A1/ B1/ B0/
8x8Trax_1691386 Megababe vs. sAsSy cAt : @0+ @1+ A2\ A0\ B1+ A0\ A0\ @3/ D3\ D2+ A4/ @2\ @2+ B5+ A1/
8x8Trax_1692796 * vs. The Pampered Cricket : @0+ B1/ A0\ B0\ A4/ @2\ @2+ B1/ @2\ F3/ A4/ A5/ @3\
8x8Trax_1692833 * vs. StackMaster : @0+ @1+ B0\ B3\ @1/ B3/ A4\ @3+ @2/ A1/ B0\ @2\ G4\ A1+ @2\ D0/ G6+ D7/ C7/ B5+ C8/ B1/ H7/ H3/ G2+ G1/ DRAW
8x8Trax_1692860 * vs. torre : @0+ A0+ A0+ B1\ @2/ B0/ B5\ D2/ E2/ D3+ D1+ A2\ @3\
8x8Trax_1692999 * vs. Huntsman : @0+ A2\ A0/ B3/ B1\
8x8Trax_1694382 HeartOnFire vs. crow57 : @0/ B1\ B2\ A2+ @2/ B3/ B4/ A4/ A5/ @2+ @3+ B6\ A2+ B1/ C7/ F2+ G2/ @3\ E0\ G1\ C1+ B2\ A6+ G6+ H7+ A1+
8x8Trax_1696413 keops vs. Shariann : @0/ B1\ A2/ @2+ B0+ @3+ A1\ B0/ @3+ D0/ E2\ F3/ E5\ E6\ F4+ G3/ G1+ H1/ G5+ F0+ H1/ E8/ D8/ C8/ H5+
8x8Trax_1696679 Sherry vs. Misery Midnight : @0/ A2\ B2\ B3\ @2\ @1\ B0/ D2+ E4\ E5\ F3/ B6/ A4+ @2\ H3\ F7\ G7\ H7\ D1+ C8/
8x8Trax_1697930 Whistler Gandalf vs. Scorpius : @0+ A2+ A0+ @2/ C1\ C0\ D3\ C4+ D4+ C5/ @3\ B2+ A2+ B1+ A1+ A0\ E3+ @3+ G4\ @3+ G1/ H2+ E1\ D0/ G1\ G0+ C1\ B2/ B6/
8x8Trax_1698635 Led Zeppelin vs. Linda Sue : @0/ A2\ @1\ C1\
8x8Trax_1698645 Led Zeppelin vs. Linda Sue : @0+ @1\ B2+ C1/ B0\ B0\ A2\ A1+ A0+ @2/
8x8Trax_1698674 Led Zeppelin vs. Linda Sue : @0/ A2\ @1\ A0\ B1+ @1/ A2/ A3\
8x8Trax_1699351 itb4me2 vs. STrek : @0/ A2/ B2\ A3/ A0\ @2+ A1+ @2+ E2/ D1+ F3\ F4\ D4+ E5+ C5/ G3+ F6\ G6\ H3\ B0\ A1\ H3/ F2+ C1+ B0+ E2+ G2+ F1/ A6+ B8+ H2+ H1/ D8+ D1/
8x8Trax_1699484 Daxie vs. * : @0+ A2\ B1+ B0/ C1/ D2/ B0+ A2\ @2\ B1\ A1+ C0+ @4/ A5/ B6/ F5\ F6\ E7+
8x8Trax_1699928 Touched*by*an*Angel vs. Linda Sue : @0/ B1\ A0\ A3\
8x8Trax_1699929 Linda Sue vs. Touched*by*an*Angel : @0+ @1\ A2/ @2+ @2\ B1\ A1+ B0/ C1/ @2+ @2\ C1+ C0/ E1/ F1/ G1\ G3\ H3\ F0\ E1\ E0\ D1\ H6/ F6\
8x8Trax_1700351 Megababe vs. AquaBlue : @0+ B1+ A2\ A0\ @1\ D2+ C1+ C0/ B5\ A4+ D2+ E2/ B0+
8x8Trax_1700490 Megababe vs. Rogue Trooper : @0/ A0+ A0/ @1/ C2+ B0/ D2/ @1\ B0\
8x8Trax_1700519 Megababe vs. COOKIE : @0+ @1+ A0+ @2+ B3+ @2+ B3+ @2+ E3+ F2+ G2\ G3\ H3\
8x8Trax_1700539 Rogue Trooper vs. Megababe : @0/ A0/ A3+ @3/ B0/ C2+ C5/ A3+ @3\ B0+ D7/ @3/ F5+
8x8Trax_1700776 Megababe vs. zaphod5 : @0+ @1/ @1/ C0\ B3+
8x8Trax_1700778 Megababe vs. Rogue Trooper : @0/ A0+ A0\ @1\ @1+ C0/ D3/ E2\ D4+ C5/ A1+ A0\ @1\ B7/ B0+
8x8Trax_1701261 ringeding vs. * : @0/ B1\ A2/ A0/ A4\ B4\ B5\ C3/ D1/ C0\ D4\ E3/ D5+ @4/ B7+ F5\ G3/ H4+ E7\ C8/ F7+ G6+ E8/ G2\ C1+ F1\ G1/ H1/ H7+ F8\ DRAW
8x8Trax_1701471 bud613 vs. Misery Midnight : @0+ B1\ C1/ C0/ B1+ C0\
8x8Trax_1702289 * vs. Marko : @0/ B1\ A2/ @2+ C2+ @1\ A0\ B4+ C1+ C0\ A1+ @1\ D0\ C0/ E1+ F2+ E0+
8x8Trax_1702330 Brooklyn in the Alps vs. Fallen Angel : @0/ A2+ B2/ A3\ B1/ B0/ C3\ D2\ D3\ E1/ B0/ F2/ F1/ E0/ B1\ G2/ G1/ H1/ H0/
8x8Trax_1706900 Jiggs vs. crow57 : @0/ A2\ B1/ B0+ @3\ @3\ D3\ E2/ C4\ D4\ D5\ E5\ F4\ E6/ C6\ D7+ G3/ G2/ G5\ H5\ F6+ D8+
8x8Trax_1707146 Sweetcheeks vs. purplehawke : @0+ B1\ A2+ @2\
8x8Trax_1707177 Goonerg vs. Rogue Trooper : @0/ A0+ @2/ @2/ A0+ @1\ @1+ C0+ @2\ A3+ C5+ E5+ G5+ E6\ D6+ @5+ A6/ B7+ G7+ E7/ E8/ G2/ G1+ B8/ DRAW
8x8Trax_1707215 gladriel vs. Dawnas AZ : @0+ @1\ C1/ C0/ C0/ D2\ E2\ C0+ B5\ E4\ D5\ C6\
8x8Trax_1707877 marygal vs. lighthouse lover : @0/ A2\ B1/ B2+ A0\ @1\ D1/ D0/ C5\ A3/ D4+
8x8Trax_1707886 * vs. Euphoric : @0/ B1\ B2\ C2\ A2/ B3\ A0\ @1\ @1\ D1/ B0+ E2/ F2/ C5/ D6\ B4/ F4/ G3/ F5/ G2+ G1/ A0/ G6\ G7\ H4\
8x8Trax_1707989 * vs. RyRy is here : @0/ A2\ B1/ B0\ A1+ @1\ @2\ A1+ A3/ A4+ @3\
8x8Trax_1707991 * vs. Slippy : @0/ B1\ B2\ C2+ B0+ D3+ E3\ E4\ D1\ B0/ A1/ @3/ F2/ G2/ E6+ D5/ @3/ C4/ E6/ B4+ A2\ E7\ C0+ B6/ F1/ G1/ A7/ A8+ F8\ H7+ C8+
8x8Trax_1708373 * vs. frolind : @0/ @1+ @1\ C0/ C3/ C0/ D3\ B5\ A4+ D5\ C6/ E3+
8x8Trax_1708374 * vs. heidibb : @0/ B1+ @1\ A0\ D2/ @2/ C3/ F2/ E3+ A0\ @2/ D2/ D1/ B0\ C0+ H5/ F7+ F8\ G8\ F2+ F1\ H8+ B6/ A6+
8x8Trax_1708886 Chad vs. DIRKSTRA : @0/ A2\ B2\ B1+ C1+ C0/ D1+ D0+ C5/ D4+ B6\ E5/ A7/ @5+ E7+ E0+ G6+ G4/ G3/ H5+ G2/ D1\ C1+ A3+ A1+
8x8Trax_1708921 supermac vs. grade1teacher : @0+ @1\ B2+ A0+ B4+ A0/ C1/ C0/ A1+ @1\ A0+ @1\ B4+ A4+ @3/ B5\
8x8Trax_1710612 drgnrdr vs. paganje : @0/ B1\ A2/ @2+ @1/ C0/ @1/ E3+ F3/ C4/ C5/ E4/ D6/ E5+ B6/ A4+ G3/ F4+ D0/ E0/ G1/ H3+ G7+ G8\ H5+ DRAW
8x8Trax_1710809 * vs. Sarah Potter : @0/ B1\ A2/ B0/ C2/
8x8Trax_1710810 * vs. Sarah Potter : @0+ B1+ A2\ A0/
8x8Trax_1710864 * vs. frolind : @0/ @1/ C1/ C2+ @2\ B0+ B0/ A1+ @4\ E5/ C6+ B0\ D1+ @3+
8x8Trax_1710925 * vs. nonda : @0/ B1\ A2/ B2+ C2\ B3/ D2\ A3+ A4\
8x8Trax_1711107 * vs. Tigger : @0/ @1+ @1\ C0/ @1/ A0/ @2+ D4/ E1/ C0+ F3+ G4/ G5+ E6\ D0\ @4\ B1+
8x8Trax_1711264 Summer Flame vs. Misery Midnight : @0+ B1\ @1/ C2/ B2/ B3/ D2+ A2+
8x8Trax_1712203 grade1teacher vs. Phil The Hat : @0/ @1/ A2/ C1/ B0+ @1+ @2\ E0\ D5+ B1\ B0+ D7/ B7+ F5+ A1\ @3/ E1/ E8\ F8\ H4/ G3+ B7/ B8+ H5+
8x8Trax_1712221 SweetCindyJo vs. REBEL DJ : @0/ B1+ @1\ B0/ A1+ B3+ A3+ D1/ D0/ E2/ D0\ C1\ B1/ E4\ F3/ C6/
8x8Trax_1712256 supermac vs. ScoobyRex02 : @0/ B1\ A2/ @2+ B0/ @1+ C0/ C0+ @3\ D0/ F4+ B1/ C0+ B1+ @4/ B6+ F2/ D0\ E1+ @5+ H2+ H4+ C8+ B8/ A8/ A7\ A1\ H8+
8x8Trax_1712265 Azalea vs. keops : @0/ A0/ B1+ A3+ B0/ C1/ @2/ D4\ C5\
8x8Trax_1713236 What did you say vs. * : @0/ B1\ A2/ B2+ C2\ B3/ @1+ C0\ D2+ B4/ D0/ A1\ E1\
8x8Trax_1713466 nisqually vs. Misery Midnight : @0/ B1\ B2\ A0/ @2+ C0/ D3+ B1+ E3+ A0\ @1\ C1/ B0/
8x8Trax_1713678 mickeymouse vs. Misery Midnight : @0/ A2\ B1/ B0/ B3\ C2/ A4/ @4/ C5\ D4/ E2/ A1\ A0\ @3/ A4/ @4/ B5/ @1\ B0+ A1\ A0\ C1/ D2+ E2/ D1/ G8\ H8\ F2\ G2\ F1/ G1/ H1/ H7/ B7+ B8+ A7+ A8/
8x8Trax_1713900 Jump This vs. jbdobie : @0/ A0/ @1/ B0/ B0/ A0+ @3/ A4/ @2\ @2+ A1\ B0\ B0\ A1\ @4+ @4\ H3/ H2/ DRAW
8x8Trax_1714496 Sista vs. Sherry : @0/ A2\ A3/ B2/
8x8Trax_1714788 Misery Midnight vs. irishmiss : @0/ B1\ A2/ C1\ B2\ A3/ A0\ @3+ D3+ C4\ B5/ D1/ E1/ C0\
8x8Trax_1715002 Misery Midnight vs. faith64 : @0/ B1+ A0\ @1\ D2/ D1+ C0/ B1+ E2\ C4/ D0/ E1/ F3\ B1+ D0/ B6/ G5\ G6\ D0\ C1\ C0\ B1\ F3/ G3/ @5/ B4+ B7/ A7/ B8/ H2+ H1\ A2+
8x8Trax_1715004 Misery Midnight vs. bubbly : @0/ A2\ B2\ B3\ B1/ C1/ A0\ @1\ E2/ B5/ A5/ D4\ A4\ @5/ F5\ F6\ F3\ G3\ H5\ D6\ H6+ C0+ E0+ C1+
8x8Trax_1715264 HeartOnFire vs. crow57 : @0/ B1\ A2/ @2\ C2+ A1+ A3\ B4+ B5\ D5+ A0\ @1\ B0+ E3\ F4/ D1+ E8\ F8\
8x8Trax_1715333 Goonerg vs. sagitarius : @0/ @1+ @1/ B2+ A3\ @1/ A0+ D4/ E4/ E5+ B5+ F4/ D1/ A0/ G6\ F7/ F3\ G4+ @5+ B7+ D1+ B0/ A4+ H3/ H2+ G1/ A1\ C8+ H8+
8x8Trax_1715800 Sista vs. Sherry : @0+ @1\ @1/ A2/ @2/ A3\ C2+ C3\ B4\ C4\ C5\ D5+ E4\
8x8Trax_1716169 Top Gear vs. Misery Midnight : @0/ A2\ B1\
8x8Trax_1716314 Nan54 vs. DINGEROO : @0/ B1\ A2/ @1+ @2/ B3+ B4/ A4/ @3/ @2+ C5/ B1+
8x8Trax_1716831 Arctic Warrior vs. Honeybear : @0/ A2\ B1/ C1/ @2/ B3\ C3+ E1\ E2\ B4/ A4/ @2\ A1\ B0\ A5/ @2\ A1\ B0\ B0\ A1\ @1\ H6\ D0+ A7+ H4+ G8+ B8/
8x8Trax_1716890 Rogue Trooper vs. golfnutrof : @0/ @1/ A0+ @1+ C0\ D2\ C0+ D5+ C0/ E1+ F2+ @5\ @4/ G5+ F7/ C7\ C3\ D2+ B2\ B1+ B0/ DRAW
8x8Trax_1717110 * vs. Marko : @0/ B1\ B2\ C2+ C3/ D3\ C4/ A2+ @2/ A5+ B6+ @4+
8x8Trax_1717187 * vs. Marko : @0/ A2\ B1/ B0+ @2/ @3/ C4+ B0+ A1\ @2+ @2/ D0/ D0\ B6/ F2\ G3/ B7\ D8\ A6+ G4\ H2\ G6\ E1/ H5\
8x8Trax_1717254 * vs. Jiggs : @0/ B1\ B2\ C2\ D1+ D3\ E2/ B0\ B4/ A3+ C5\
8x8Trax_1717360 * vs. Dawnas AZ : @0/ B1/ C1+ C2\ B3+ B4+ B0/ D2+ B6\ D1+ C5+ D0\ E3+ C1\ B0/ @2+ A5+ E6+ F5+ F2+ @3+ @3/ A6/ C7+ C8/ B7/ B2\ A7+ G8+ B8+ A8+ DRAW
8x8Trax_1717427 Jane vs. Morticia : @0/ A2\ B2\ B3+ C2/ C1/ B4/ C3\ D3+ @4+ D5+ C6/ B6/ @6+ A2/ F2+ G2+ A4\ @5/ G5+ G6\ D7+ B1\ D8+
8x8Trax_1717444 * vs. sjustann : @0/ B1/ A0\ A3\ @1/
8x8Trax_1717445 * vs. no-one-here : @0/ B1\ B2\ C2+ A0+ C1/ D2\ E2\ D1+ F2+ G2/ F3\ F4\ @1\ A0\ E1/ E0/ D1+ B5/ B6/ F0\ F0\
8x8Trax_1717548 hoot vs. drgnrdr : @0/ A0/ B1/ B3/ B0+ B0/ @2\ A1\ B0\ A6/ @6/ A5+ E2+ A1\ @2/ D0\
8x8Trax_1717632 nisqually vs. Linda Sue : @0/ A2+ B2\ C2\ B3/ B4/ A3/ @3/ A4/ @4/ D5+ F4\ G4+ F5+ B6+ @4\ H5\ A5/ G6+
8x8Trax_1717633 Linda Sue vs. nisqually : @0+ B1+ B0\ B3\ A3+ C2+ A4\ D2+ B4+ E2+ C4+ @2+ E4/ E1/ C0\ @3+ @3\ A2\
8x8Trax_1718189 drgnrdr vs. Sarah : @0/ A0/ @1/ A0/ B4/ B5/ C4+ D4\ D3+ C6\ D1/ E2\ A4/ F4/ E5+ E6/ E7/ E8/ F7+ G6\ G5+ A5/ @5+ D7+ A7/ B8\ F1+ G1/ H2+ DRAW
8x8Trax_1718380 Misery Midnight vs. Cachel : @0/ B1+ A0\ @2+ A1+ @1+ @1/ B2/ B3/ A2/ @2/ A3/ B4/ E4\ D5/ F1/ F3\ E0/
8x8Trax_1718427 IRISH vs. Linda Sue : @0/ B1+ A0\ @1\ A0+ B4\ B5/ A5/ B0/ C1/ A7+ C5+ D4/ D3/ C6+ B8/ E3/ D5\ E5+ F5\ F6\ E7\ G5+
8x8Trax_1718430 Linda Sue vs. IRISH : @0+ @1/ C1/ C0/ B0/ D2\ D3\ D4\ C4+ B4/ B5/ A5/ C6\ C7+ D7\ E7\ E8\ F8\ G7\ G8\ H8\ E4+
8x8Trax_1718752 What did you say vs. Chad : @0/ A0/ B1/ C1+ C0\ A0/ B1/ D2\ A5+ @1\ C0/ B0+ A1\ @1+ A0\ A8+ @5+ @4/ DRAW
8x8Trax_1719052 * vs. HeartOnFire : @0/ A0/ B2/ B1+ @2/ B3\ B4\ @2/ D4/ E2\ B0+ @4/ A5+ A6/ F5/ A1+ @4/ D7+ E8/ F8+
8x8Trax_1719057 * vs. Cazarooni : @0/ B1\ A2/ @2/ A0+ B0/ C1/ D1/ @3+
8x8Trax_1719094 * vs. gquadro : @0/ B1\ B2\ C2+ A2+ A3/ D2/ @2+ @3\ D4\ E4\ A4/ C5+ @4\
8x8Trax_1719149 * vs. frolind : @0/ @1/ C1/ @1+ B0+ C3+ C4/ E3\ E4\ C5/ F2\ E1+ F4/ A3+ D0+ C7/ @4\ C1+ G7\ H5/ F8\
8x8Trax_1723859 Sarah vs. drgnrdr : @0+ @1\ A0\ A3\ C2\ D3/ C1+ C0/ @4+ @4\ D5\ A1\ C0/ @3\
8x8Trax_1724353 crow57 vs. RubyJoy : @0+ @1\ B0+ C2/
8x8Trax_1724730 Allison vs. * : @0/ B1+ C1/ A0/ C3\ D2/ B3+ C0+ B5/ @4/ A2/ @3\ A5/ B6+
8x8Trax_1724785 * vs. StackMaster : @0/ B1\ A2/ B2+ C2\ C3\ D2\ @3\ C4\ @4/ A1\ B5/
8x8Trax_1726277 gladriel vs. Kevin : @0/ A0/ @2\ B0\ C2/ A1/
8x8Trax_1726278 Kevin vs. gladriel : @0+ B1/ @1/ C0\ B3+ B1\ @3\ D3+ C4/
8x8Trax_1726279 gladriel vs. DINGEROO : @0/ B1\ B0/ B3/
8x8Trax_1726280 DINGEROO vs. gladriel : @0+ @1/ @1\ B2\ B0\
8x8Trax_1726281 gladriel vs. Morticia : @0/ B1\ A0/ B3/
8x8Trax_1726282 Morticia vs. gladriel : @0/ B1+ A0\ A3\ @1/
8x8Trax_1726283 gladriel vs. dingbat : @0/ A0/ @2\ A1+ C1/ C0/ D1/ B0\ A1\ @2\
8x8Trax_1726284 dingbat vs. gladriel : @0/ B1+ C1/ A2\ B2+ C2+ B3+ C0/ C0+ D2\ D3\ E3\ D4\ E4+ A1\ E5/
8x8Trax_1726287 Kevin vs. Morticia : @0+ @1+ B0+ C2+ B3+ D2+ E2\ D1/ F2\ E3\ G1/ D0/ G4\ G5\ H4/
8x8Trax_1726288 Morticia vs. Kevin : @0/ A0/ B1+ C1/ C0+ B0/ A2+ @2\ @4+ C5+ E4+ @3+ D0+ D0/ E0\ G4\ F2+ C8+ G7\
8x8Trax_1726291 DINGEROO vs. Morticia : @0/ A2\ B2+ B1+ C2\ C3+ D2\ D1+ @2/ A3/ A4/ D0+ C6\ E5+ B7+ @6\
8x8Trax_1726292 Morticia vs. DINGEROO : @0/ B1\ B2\ C1+ D1/ D0/ C0+ E3\ E4\ E5\ A1\ A0+ @4\
8x8Trax_1726295 Morticia vs. dingbat : @0/ A0/ B2\ A3\
8x8Trax_1726296 dingbat vs. Morticia : @0/ B1\ A2/ @2+ @1/ A0+ @2/ @2+ D0\ E5/ F1/ F4\ E0/
8x8Trax_1726319 Buz vs. Arctic Warrior : @0+ B1+ B2/ A0\ C3/ B4/ @2\ B0/ C1/ C0/ D1/ E3/ A6/ @6+ C7/
8x8Trax_1726320 Arctic Warrior vs. Buz : @0/ B1\ B2\ C2+ C3/ D2+ A2+ B4/ @2\ C0/ C6\ D6\ E6\ A1\ A0+ @2/
8x8Trax_1726325 pioenroosje vs. Arctic Warrior : @0/ A2\ B1/ B0+ C1+ B0+ B0/ C1/ B5+ C5\ D2/ D1/ E4+ C6+ C7/ F3\ D7\ D8+ A7/ @7/ C8/
8x8Trax_1726326 Arctic Warrior vs. pioenroosje : @0/ @1/ B0+ B0\ A4/ @4/ D3/ C5+ C6/ E3/ @4+ F1/ F0+ G2\
8x8Trax_1726331 Arctic Warrior vs. dolcol (LAW-10) : @0/ A2\ B1/ C1/ C0+ D2/ C3\ B0/ @3/ B5/ C6/ E1+ C0\ E7/ B7+ A7/ @6/ D8/ F5\
8x8Trax_1726332 dolcol (LAW-10) vs. Arctic Warrior : @0+ B1+ A2\ B0/ B0/ @3+ B1\ C0/ D5/ E3+ F3/ C6+ F4+ G2/ H2/ C7\ G3+ E5+ B6+ H1/
8x8Trax_1726333 Arctic Warrior vs. Beaupol : @0+ @1+ B2/ A0\ @1+ @2\ B3+ E3+ D4+ C4+ E2+ E1/ E0/ @4\ F0/ G1/ H2+ E7/ A4\ G6\ G7\ A2+
8x8Trax_1726334 Beaupol vs. Arctic Warrior : @0+ @1+ B2/ B0/ B4/ @2/ D3+ E3/ E2/ F2/ F1/ F0/ B1\ C0/ E6+ G3/ @4+ H2+ H1+ F1\ H0/ A6+ D8/
8x8Trax_1726337 Phil The Hat vs. Goonerg : @0/ B1/ C1+ C0\ A3/ D2/ C0+ A5+ @2+ A1\ @1\ A0\ A0+ @3+ D8+
8x8Trax_1726338 Goonerg vs. Phil The Hat : @0/ A0/ A0/ B1+ A0/ @4/ @3+ E2\ C0/ C0/ @4+ A0+ @4+ B7+ A7\ B8+
8x8Trax_1726339 Phil The Hat vs. Chad : @0/ @1/ @1/ @1/ C2+ C3\ B3+ @1/ A0\ @1\ B5+ A5/ @1\ H1\ H0+ D7\ E6+ D0+ F8+ G8\
8x8Trax_1726340 Chad vs. Phil The Hat : @0/ @1/ A0/ @2+ C3/ C1+ @1/ A0+ E2\ D1/ D0/ D0/ F4\ G4\ A6\ E7+ H1+ H0/ B3/
8x8Trax_1726341 Phil The Hat vs. Tigger : @0/ A2+ A3/ @3\ B0+ C2/ A1\ @2+ E2/ C0\ E5\ F4/ C6\
8x8Trax_1726342 Tigger vs. Phil The Hat : @0+ @1+ A0/ B3\ B4\ @2+ D1\ D0+ B4+ @3+ E0/ F1/ D7\ F7+ G4\ @4+ H2+ H5\
8x8Trax_1726343 Phil The Hat vs. Oartkickel of the Wolf Pack : @0/ B1\ B2\ A2+ C1+ D2/ B3\ @2/ @2/ B1+ A4/ @3/
8x8Trax_1726344 Oartkickel of the Wolf Pack vs. Phil The Hat : @0+ @1+ A2\ A0\ B1+ C2+ @1\ A0\ @1\ D0+ @4+ A5/ E6/ @3+ B1+ H4+
8x8Trax_1726345 Goonerg vs. Chad : @0/ A0/ @1/ B0/ B0+ @3\ A1\ A0+ @2\ E2/ @1/ E1+
8x8Trax_1726346 Chad vs. Goonerg : @0/ A0/ A3/ B1/ @2/ D1/ E3\ C4+ D5+ D0/ D7+ E5+ F6/ F4+ D8+ A5/ B6+ G3+ @3/ H6/ H7+ D8/ A6+
8x8Trax_1726347 Goonerg vs. Tigger : @0/ @1+ @1/ A0/ A0/ @3/ D4/ B0/ B6+ @3+ F1+ F0/ F6\ G4/ F7/
8x8Trax_1726348 Tigger vs. Goonerg : @0+ @1+ A0/ A3/ C1\ C3/ A4/ A0/ @3/ E4\ D5/ D6/ A1\ A0/
8x8Trax_1726349 Goonerg vs. Oartkickel of the Wolf Pack : @0/ B1\ A2/ B2+ A3/ @3+ A4/ B4+ B0/ A6+ @6/ A1+ A0\ A0+ @1\ A3\ A4+ E1/ F4+ G4/ G2+ B7+ @4+
8x8Trax_1726350 Oartkickel of the Wolf Pack vs. Goonerg : @0+ B1+ A2\ B0/ @2/ C4/ D2/ D3+ @4+ D5/ D0/ C7+ C1\ C0\ A3/ E2/ F6/ @3/ F1\ H3+ H7+ H8\ H1+ A8/
8x8Trax_1726351 Chad vs. Tigger : @0/ B1+ C1/ D1/ B2+ C2+ E2+ B0\ B0+ D0\ E1+ F4\ C1\ C0\ @5/ C7+ C8/ B8/ A3\ @3+ E8+
8x8Trax_1726352 Tigger vs. Chad : @0+ A2+ A3+ @1+ B0+ C3\ A4/ D3\ @4/ @4/ C5\ A2\ @3+ G2/ C1\ H2\
8x8Trax_1726353 Chad vs. Oartkickel of the Wolf Pack : @0/ B1\ B2\ A2+ C2/ B3\ D3/ D2+ D4\ E3/ A4/ C5/
8x8Trax_1726354 Oartkickel of the Wolf Pack vs. Chad : @0+ A0+ A0+ @3+ B4+ C2/ A1\ A4+ @2/ C5/ D4\ E4\ D0/ E1/ F4+ B1\ C0\ @4/ @4/ A6+
8x8Trax_1726359 Sarah vs. * : @0+ @1\ B2+ B3\ C3\ D2\ C1+ A0\ A0+ C2/ A0+ A0/ B1/ C2/ B0+
8x8Trax_1726360 * vs. Sarah : @0/ A0/ B2/ B3/ B1+ A3+ @3\ D2\ C4/ C5/ B6\ A6+ @2/ D0+ E6\ A5+ @4+ F2/ G2/ H2/ G4/ H6+ H7\
8x8Trax_1726363 Sarah vs. drgnrdr : @0+ @1\ C1\ A2\ B3/ @3\ B0/ A5/ C5+ @5\
8x8Trax_1726364 drgnrdr vs. Sarah : @0/ A0/ @1+ C1\ B3/ @2+ @3\ @2/ B1+ E0/ A5\ @3+ D5+ C1\ C0\ @4+
8x8Trax_1726365 sagitarius vs. * : @0/ A2+ @2\ B3\ C1/ B4\ RESIGN
8x8Trax_1726366 * vs. sagitarius : @0/ @1+ @1\ C0/ A0+ C0\ D3+ E4/ F3\ RESIGN
8x8Trax_1726369 sagitarius vs. drgnrdr : @0/ @1/ B2+ C2+ B3/ @3\ RESIGN
8x8Trax_1726370 drgnrdr vs. sagitarius : @0/ B1\ A2/ B2\ B3/
8x8Trax_1726371 * vs. frolind : @0/ @1/ B2/ B3/ C2+ C0\ A4\ D3\ D2+ E3+ F2\ E1+ E0/ B1+ C6+ C0+ @5\ B1+ F7\ F0/ H5\
8x8Trax_1726372 frolind vs. * : @0/ A2+ A3/ @1/ A0+ @2/ A0/ B0\ C2+ @2+ A5+ E3\ @3\ D0\
8x8Trax_1726373 * vs. drgnrdr : @0/ A0/ @1/ A0/ A3+ @2/ C1+ D3\ C4/ C5/ C6/ D1/ E1/ A6+ @3\ A4+ E5+ @1\ C0+ E1+ G6\ A5/ @3+ F0/ H4+ A6/ B2\ A1/ DRAW
8x8Trax_1726374 drgnrdr vs. * : @0/ A2+ A3/ B3/ A0/ C2+ @1/ C0\ A5/ C6/ D6\ C7\
8x8Trax_1726375 frolind vs. drgnrdr : @0/ A0/ @1+ A0+ @2/ B0\ D3+ @4\ @4\ C2+ A5/ B6+
8x8Trax_1726376 drgnrdr vs. frolind : @0/ A0/ @1/ B3/ @1\ B0/ B3/ A4\ @4\ E3+ F3/ @4\ D5/
8x8Trax_1726377 supermac vs. Judy : @0/ A2+ @2\ C2+ A3\ @2+ C0/ E2/ A2+ @3+ C5+ @3+ B5/ C6\ A2/
8x8Trax_1726378 Judy vs. supermac : @0+ @1+ B2+ @1+ C0+ @2+ E2/ B1+ D0+ A2+ @2\ A1\ E0+ C5/ C2+ A1\ E0+ D1+ F2\ G4\ E0+ E8/ F7+ C1+ F1+ G2/
8x8Trax_1726379 supermac vs. GlassTiger : @0/ A2\ B1/ B2+ C2+ C3\ D3+ B3/ B4/ C0+ E4+ @4\ A3+ @5/ C6\ E5\ H4+ D1\ A3+
8x8Trax_1726380 GlassTiger vs. supermac : @0/ B1\ A2/ @2+ C2\ B3/ B0/ C0\ D3\ D0/ E2+ A1\ RESIGN
8x8Trax_1726381 supermac vs. golfnutrof : @0/ @1/ A2/ A3/ C2+ C4+ B5\ D1\ B0/ B0/ @3+ @4+ D0+ G5\ G6+ @5+ H7+ G8+ C7+ B4\ A7/ A8/ G1+ H3+ DRAW
8x8Trax_1726382 golfnutrof vs. supermac : @0+ B1+ A2\ B0/ C1+ @3\ D3+ @2/ B1+ @2+ F4\ G2/ C4+ G5/ H5+ F0\ A1\ C0+
8x8Trax_1726383 supermac vs. What did you say : @0/ B1\ A2/ @2/ B0/ B0/ A0+ @4+ @5\ B6\ @6+ C7\ A8+ F7+ F8+ G4+
8x8Trax_1726384 What did you say vs. supermac : @0/ B1\ A2/ @2+ C0\ C0\ C0\ @1+ C0/ @4+ F3+ B0+ E1+ A2+ @2/ C0+ H4\ F1/ B8+ A8/ B1\ DRAW
8x8Trax_1727015 Sherry vs. Misery Midnight : @0/ B1\ A2/ A0/ @1/ B0/ A3/ A0\ @1\ E2/ D1/
8x8Trax_1727208 STrek vs. drgnrdr : @0/ A0/ B1+ B3/ B0+ C3+ C2/ A1\ @2+ B0/ A1/ @1+ A0+ @1\ E7+ C6/ B4/ F2/ G3+ E1+ D0+ G2/ H4+ G1\
8x8Trax_1727209 washie224 vs. paganje : @0/ A2\ B1/ B0+ @3/ B4\ A2+ B5/ A5/ @3/ E1+ @4\ E4\ F3\ A1\ B0\ @3\
8x8Trax_1727248 * vs. gladriel : @0/ A2+ @2/ C1\ @2/ D2+ D3\ E3\ A1\ E4/ @2\
8x8Trax_1727354 * vs. nonda : @0/ B1\ A2/ B2+ C2\ @2/ C3+
8x8Trax_1727381 * vs. nonda : @0/ B1\ B2\ C2\ A2/ C3/ A0\ B4+ @1/
8x8Trax_1728014 Jiggs vs. crow57 : @0+ @1+ B0+ C2+ B3+ B0/ C1\ D3+ B5\ C5\ C6\ E3+ D2/ E4\ E5+ F4/ A6/ A7/ F5+ D7/ D8/ G5+ G6\ H6/ H5/ G3/ A8/ H3/ H2\ F2+ F1/
8x8Trax_1728279 HeartOnFire vs. crow57 : @0/ A2\ B1/ C1/ @2\ @2/ A3/ D2\ E2\ F1\
8x8Trax_1728400 RubyJoy vs. crow57 : @0+ B1+ A0/ B3\ C2+ C1/ B0\ @3+ A1\ @3+ B4/
8x8Trax_1728427 Sherry vs. Misery Midnight : @0/ B1\ B2\ C2\ C3\ B4/ A4/ C5\ D5\ D6/ A0/ C7+ D5+ E6\ F6/ A8/ @8/ F8\ G7+ G8+ H7/ B4+ G5+ A4+ H5/ G4/ H4/ A3\ A1/ A7+ H8+
8x8Trax_1728486 klaashaas vs. pioenroosje : @0/ A0/ B1/ @2+ A3\ A0+ D2/ C0/ D1/ E2+ C0+ C0\ E2/ E5+ F3\
8x8Trax_1728487 pioenroosje vs. klaashaas : @0/ A2+ B1/ @1/ B0+ B0\ @2+ @2/ B4+ F2\ E1+ G3/ B5/ D0\ E6\ C7/ C0/ H6\ DRAW
8x8Trax_1728488 klaashaas vs. Logged Off 9554 :
8x8Trax_1728489 Logged Off 9554 vs. klaashaas :
8x8Trax_1728490 klaashaas vs. Abaitha : @0/ B1\ A2/ A0/ A0/ C3+ @2\ @2\ D4\ C5/ B1\ C0/ @6/ A7/ G3\ H4\ H5\ G6+
8x8Trax_1728491 Abaitha vs. klaashaas : @0/ A2+ B2/ @1/ B0\ @2\ A1\ @1\ C0/ A4/ B5\
8x8Trax_1728498 Amanda vs. Jane : @0/
8x8Trax_1728499 Jane vs. Amanda : @0/ A2+
8x8Trax_1728500 Amanda vs. REBEL DJ : @0/ A2+ @1\ A0\ A3+ @2+ D2+ D1/ C0/ B5\ E2/ D1/ E1+ E0/ F4\ F5\ E6\ E7\ F6\ G4+ H5/ G7+
8x8Trax_1728501 REBEL DJ vs. Amanda : @0+ B1+ B2/ B0/ C1+ D2/ B4/ D3\ E2/ @2/ D4\ C5/ E4+ D0/ F5\ G3/ H2/ G6/ H3\ D7+
8x8Trax_1728502 Amanda vs. gr33nie : @0+ @1+ B2/ B0/ A1+ C1\ C3+ @2+ E3/ @2/ E0\ A4\ E5+ B1\ C0/ F3+ D1+ @4/ C6/ D7/ B3+
8x8Trax_1728503 gr33nie vs. Amanda : @0+ B1+ A2\ B0/ C1/ @3/ A4/ B1\ A1+ B0/
8x8Trax_1728524 Robyn Hode vs. Phil The Hat : @0+ @1+ A0/ A3/ B3+ C2+ C1+ @2+ @2/ @3\ E0\ A2\ @2+ B0\ A1\ G1/ RESIGN
8x8Trax_1728525 Phil The Hat vs. Robyn Hode : @0/ B1\ B2\ B3\ A2+ C1/ B0/
8x8Trax_1728528 csain1 vs. Phil The Hat : @0/ @1/ B0/ B0/ A4/ C4+ C5\ C6+ D4+ @1\ C0+ A7/ @4+ B8\
8x8Trax_1728529 Phil The Hat vs. csain1 : @0/ A0/ B1+ A3/ C1+ C3\ A4/ C4+ A5/ A0/ @1+ @4+ @4\ G2/ A1\ @3/ D0+
8x8Trax_1728532 Phil The Hat vs. sagitarius : @0/ RESIGN
8x8Trax_1728533 sagitarius vs. Phil The Hat : RESIGN
8x8Trax_1728538 Peeky vs. purplehawke : @0+ @1\
8x8Trax_1728539 purplehawke vs. Peeky : @0+
8x8Trax_1728542 RubyJoy vs. purplehawke : @0+ B1/ B0/ C2/ B0+ @3\ D1/ @3\ D0\ B5/ C0\ C6\ B7/ @2\ C1+ B6/ A6/ @6/ G1/ H2\ E0/
8x8Trax_1728543 purplehawke vs. RubyJoy : @0+ B1+ B2/ A0\ A4\ @2/ D3\ @3/ @3/ B4/ B5/ B1\ B0\ A5+ @4\ A3\ D6\ C7/ A7\ @3/ B0/ E2+ E1+ F1/ G1/ F7\ H3+ F8+
8x8Trax_1728544 Stinger vs. purplehawke :
8x8Trax_1728545 purplehawke vs. Stinger : @0+
8x8Trax_1728548 hoot vs. Goonerg : @0/ B1/ @1\ C0+ C3\ D1\ B4/ A4/ @3/ @3/ E5\ F3\ G3\ B5/
8x8Trax_1728549 Goonerg vs. hoot : @0/ B1\ A2/ @2+ B0/ C0\ B0/ @4+ E1+ F2+ F5\ G2+ G5/
8x8Trax_1728552 aussielady vs. Goonerg : @0/ B1/ C1\ A2+ @2+ C3\ D3\ A1+ @2+ E4\ F2/ C4/ D0/ D6/
8x8Trax_1728553 Goonerg vs. aussielady : @0/ @1/ @1/ B0+ A3+ @3/ B0/ C0\ D2+ D0+ A2/ B1+ @6/ C0+ A2+ B1\ B4/ D8+ F2+ F1+ G2+ A1+ @3\ C8+ B6+ H3\ H4+ H5\ H6/
8x8Trax_1728556 Goonerg vs. Beaupol : @0/ A2\ B1/ B2+ @2\ B3\ C0+ D2\ @4/ A5/ A1\ B0/ @4\
8x8Trax_1728557 Beaupol vs. Goonerg : @0+ A0/ B1/ C1+ B3/ A0+ D3/ D5\ E5\ D6+ E2/ C1/ B0\ A7/ @6/ C8/
8x8Trax_1728570 Janine MIA vs. Marko :
8x8Trax_1728571 Marko vs. Janine MIA :
8x8Trax_1728576 Marko vs. astyr : @0/ A2/ @1\ A0\ A4/ @4/ @4+ @4\ C3+ C5\ B2+ A1+ @1\ A0\ A0+ @3+ A6/ H4+ B7\
8x8Trax_1728577 astyr vs. Marko : @0+ @1+ A0/ A3/ B3+ C3\ C4\ D4\ D5\ D6+ E5/ A0/ @3+ E8/ A2+ A8+ @5/ F3/ G4+ A3\
8x8Trax_1728578 Marko vs. (**)(**) Bunny Toes : @0+ B1+ B2/ B0/ C2/ C1/ A1+ C0/ C0+ D3+ @3/ E5\ A1\ C6\
8x8Trax_1728579 (**)(**) Bunny Toes vs. Marko : @0/ B1\ B2\ C1\ A2/ A3+ @3/ A2+ D2+ B0\ E3/ B5+ C5\ C6\ D6\ D1/ B0\ F4/ A7+ A2\ @2\ A7/ A8/ G8+ H6+ H3/ H2+ G2+ G1+ A4\ F1+ B1+ H1+
8x8Trax_1728584 Kevin vs. drgnrdr : @0+ B1/ B0/ C2/ B0/ @1+ B0\ @2/ A1/ A0/ E1+ E0/ D7/ E5/ F5/
8x8Trax_1728585 drgnrdr vs. Kevin : @0/ A0/ @2\ B0\ A1\ A0\ @4\ D1/ D0/ D5\ E3\
8x8Trax_1728588 Scorpius vs. drgnrdr :
8x8Trax_1728589 drgnrdr vs. Scorpius : @0/
8x8Trax_1728592 drgnrdr vs. mickeymouse : @0/ A2\ B1/ B2+ C2+ C3\ C4\ B0/ D1/ D0/ B6/ C7\ B1+ E2\ D4\ E3+ B7+ D5\ E5\ F4\ G4\ F5\ F6\ F7\ C8+
8x8Trax_1728593 mickeymouse vs. drgnrdr : @0/ @1/ B0\ @2\ B1+ @2\ B3\ A1\ B0\ C5/ @2\ A1\ B0\ E1/ F2/ E0\
8x8Trax_1728594 Falsecut vs. Morticia : @0/ A2\ B1/ B0+ C2\ C3\ D3\ B4/ E2/ E1+ D5\ E4\
8x8Trax_1728595 Morticia vs. Falsecut : @0/ B1\ B2\ A2+ A3+ @3/ D1/ C0\ E3\ E4\ B5\ B6/ C6+ B0\ A3+ E8\ F8\ B8/ F4+ A8+ @7/ A6+ A4\ H4+
8x8Trax_1728598 Falsecut vs. keops : @0/ A0/ @1/ A0/ C2/ D3+ D4\ E4\ D5\ C1/ A3/ E1/ E0/ F3\
8x8Trax_1728599 keops vs. Falsecut : @0/ A2\ B1/ B0+ @2+ C0\ B0/ D2/ @3+ A4+ A0+ @4/ A2+
8x8Trax_1728600 Morticia vs. McStack : @0/ A0/ B1+ B3/ C1+ @2\ B0/ C0\ A2\ D1/ B0/ D6\ C7\
8x8Trax_1728601 McStack vs. Morticia : @0/ A2\ B2\ B3+ A4\ @4+ @3+ B1+ A0/ @1+ B0/ C0+ @4\
8x8Trax_1728602 Morticia vs. keops : @0/ A0/ @2+ A3+ C1+ D1\ B3\ D3\ E1\ B0/ C5\ D1+ @2+ E5\ E6\ E7+ F5+ G2\ A4/ E0+ @3\ G8\
8x8Trax_1728603 keops vs. Morticia : @0/ A2\ B2\ B3+ @2+ B4+ @2/ D4\ D5\ E5\ A5/ @5\
8x8Trax_1728604 McStack vs. keops : @0/ A0/ B2/ A3/ @1/ B0/ C2/ D2/ C1/ C0/ D2/ E2/ B6+ @1+ A0\ E1/ A0\ B6+
8x8Trax_1728605 keops vs. McStack : @0/ A0/ A3/ A4/ @3+ C4+ @3/ A1/ A5/ @5+ E5\ E6\ F6\ F7\ G7\ D8+ C8/ G3/ H7\ F2+ B8/ DRAW
8x8Trax_1728610 Sarah vs. Rogue Trooper : @0+ A0/ A0/ B2\ C2/ D2/ E2/ C3/ E4/ C4/ C5/ F5\ E6/ A0/ G6\ G2+ H4\ C7/ H6\ H7\
8x8Trax_1728611 Rogue Trooper vs. Sarah : @0/ A0/ B2+ A3/ C1\ D1\ A4/ @4/ C5\ D5\ D6\ @4+ C7+ A6/ @6+ A7/ A8/ E8+ @4\ A3\ H7/ G4+ A8/
8x8Trax_1728614 Rimon vs. Rogue Trooper : @0/ A0+ B2/ A0/ @1/ B0/ B5/ @5+ A2+ E1+ E4+ @5\ G3+ E6+ F0+ G1/ H1/ G7\ RESIGN
8x8Trax_1728615 Rogue Trooper vs. Rimon : @0/ A0/ B2+ B3+ C2/ @1+ @1/ B3+ @1/ C4+ B0/ E1+ @1\ C0+ A5/ RESIGN
8x8Trax_1728616 ringeding vs. Rogue Trooper : @0+ A0/ A3\ B1/ C1+ C0/ C5\ D2\ B6/ A6/ @3/ B1\ E0\ A2/
8x8Trax_1728617 Rogue Trooper vs. ringeding : @0/ B1\ A2/ @1+ A0\ B0/ C1/ D1/ E1+ B0+ E5\ E1/ F4\
8x8Trax_1733173 Honeybear vs. foxdancing : @0/ A2+ @2\ C2\ D2+ E2/ B0/ C0\ C5\
8x8Trax_1733373 DIRKSTRA vs. Rogue Trooper : @0/ A0+ @2/ @2/ A3/ D1\ C0+ B5+ E4+ @2\ A1+ @3+ D6/ B0/ C1/ D8/ H4\ B6+ E8+ A2+ F8+ RESIGN
8x8Trax_1734281 foxdancing vs. Sir Pussycat : @0+ @1/ B2\ C1/ D1/ D0/ A1\ A0/
8x8Trax_1734822 Sir Pussycat vs. frolind : @0+ B1+ B0\ B3\ @2\ C0\ D2/ D1+ D3\ E2/ D0/ A1\ D5\ C0\
8x8Trax_1734873 Rand al*Thor vs. SweetCindyJo : @0+ B1\ @1+ @1+ C2/ B0\ C1+ C0/ D1/ E2/ A4+ @4\ B5+ B6\ E5\ F5\ F4+ G5/ D6+ D7\ G3/ C0/ B2+ F2+ D1+ H5\ G2+ G1/ H2+ A2\ G7+
8x8Trax_1734931 Goonerg vs. golfnutrof : @0/ A0/ @2/ B0/ A4/ @3+ D1+ D0/ @2\ A1\ E0/ D2+ C1+ F5+ C7/ A6+ F1+ G2+ E0/
8x8Trax_1735759 gladriel vs. Lyonsgirl : @0+ @1+ A0/ B3\ C3\ @2+ D4/ E3+ B3+ C4/ C5/ B5/ A4/ E4+ B6/ A6/ A7/ @5+
8x8Trax_1737924 Scorpio-Lady vs. Fallen Angel : @0/ B1\ A2/ @1/ B3\ C3\ C0/ D1/ C5\ D4\ B6/ A6/ E1/ E0/ C8\ D8\ B1\ F1\ G1/ F3/
8x8Trax_1738199 keops vs. Uncle Chuckie : @0/ B1+ C1/ C0/ B3+ D2+ D3\ E3\ B4+ C5/ F3\ D0+ G3/ C7/ F2/
8x8Trax_1739312 Misery Midnight vs. sandie : @0/ A2\ B2\ @1/ D2/ D1/ E1/ B0/ F3\ F4\ D0+ C5/ D5\ F2+ D6/
8x8Trax_1740160 gladriel vs. Slippy : @0+ @1+ A2\ A0\ @1\ D2+ A0/ E3+ B1+ C1/ D4\ F3+ C0/ E2/ E1/ G4+ G2\ H4+
8x8Trax_1740168 * vs. Janine MIA : @0/ B1\ B2\ C2/ A2+ A3/ B4/ C1+ C4\ D2/ C5/
8x8Trax_1744371 HeartOnFire vs. crow57 : @0/ A2\ B1/ B0+ C1+ B0+ B0/ C1/ A2+ C0+ D3+ @3\ A2\ @3\ @5/ B6\ F0\ B3+ C2/ B2+ E0/ G2/ H4\ H6\ G7/ F8\ A3\ C1/
8x8Trax_1745007 JenJen vs. Mististar : @0/ B1\ A2/ @2+ B3\ C2+ D2\ C3\ C4\ D3\ E3\ D4\ D5\ E5\ F5\ F6\ @2\ B0\ H7\ H8\ A1\ B4/ D1/ E2+ B5+ F1/ G1/ H1+ A5/
8x8Trax_1745008 Mististar vs. JenJen : @0/ A2\ B2\ B3/ @1\ A0\ C2+ @2/ D1\ B0/
8x8Trax_1745009 JenJen vs. Mististar : @0/ A2/ B2\ B3\ A0\ @2/ @2/ B3+ A1\ @1\ B4/ A3\ @2/ C0\ @3\ B2+ G2/ H2/ F0/ G2+ H6\ C2+ E0+ B3+ A3/ E0/ G2\ C3\ D1\ C1\ E8\ C8/ A7/ A8+
8x8Trax_1745191 keops vs. golfnutrof : @0/ @1/ C1/ B2+ D1/ D0/ E1/ E0/ F1/ C0+ G4+ C6+ H2/ H1/ F0+
8x8Trax_1745192 golfnutrof vs. keops : @0/ A0/ @2/ @1+ C0/ C0+ D3+ B5/ B6/ @6+ @6/ D7/ G2/ G1/ B8+ @8+
8x8Trax_1745193 keops vs. Jane : @0/ B1\ A2/ @2+ B0+ @2+ B0/ D2+ B5/ A4/ @1\ B0+ A5/ @4/ C6+
8x8Trax_1745194 Jane vs. keops : @0/ A0/ @2+ A3\ @2\ C4/ B5\ D1+ B0+ A5+ @4+ E7\ F7\ B7/ C0+ A7/
8x8Trax_1745195 keops vs. Judy : @0/ A2+ A3\ B2+
8x8Trax_1745196 Judy vs. keops : @0+ A0/ A3\ B3\ C3+ A4/ @3\ @2/ D5+ E4\ B1+ D6\ E6\ F3+ B4+ @2/ C0+ A6/ C7\ @5/
8x8Trax_1745203 supermac vs. csain1 : @0/ A0/ B1+ B3/ C1\ C4/ A3+ @1+ A0\ @1\ F2\ G3/ H5+ H6\ F1+ B0+ E8+ B5/ A5/ C6+ H2/ F1/ C7/ B8+ H1/
8x8Trax_1745204 csain1 vs. supermac : @0/ A2\ B1/ B0+ @1/ C0+ C0/ D1/ A2\ @3/ D5+ B0/ A2+ B0+ E2+ F4\ @2/
8x8Trax_1745205 supermac vs. * : @0/ A2+ @1\ B0/ C1+ B4+ D1+ C0+ C5+ C6\ D6\ E4+ F4+ A5\ @5\ C6+ A6/ C7+
8x8Trax_1745206 * vs. supermac : @0/ B1\ B2\ C2+ B0+ D3+ C4+ D1+ B0+ C1+ A1\ @1\ C0+ B0/ @3+ A1+ D0\ @4/ @3+ A2\ E7/ E8+ D8/ A7+ A8+ DRAW
8x8Trax_1745207 supermac vs. What did you say : @0/ B1\ A2/ @2/ C2\ C3\ B0/ B0/ A0+ @4+ C6+ E5+ F2+ F1/ F0+ G1/ B8/ A8/ @8/ A3+ D1\ H4+
8x8Trax_1745208 What did you say vs. supermac : @0/ B1\ B2\ C2+ C3/ A3/ A4/ D2+ B0\ @2\ C5\ C6\ E5+ @4+ F1/ G5/ F0\
8x8Trax_1745209 csain1 vs. * : @0/ B1+ C1/ B2\ D2/ A3\ A4\ @1/ B0+ A0/ C2+ @2+ A6+ A7+ @3/
8x8Trax_1745210 * vs. csain1 : @0/ A0/ B2/ C2/ B3+ D3/ D4/ D5/ B4\ @3\ A4\ B5/ B6+ C7/ F4+ D1+ E1/ A0+ @1\ B7/ A5+ @5\ G8/ G1/ H1/ B8+ DRAW
8x8Trax_1745213 * vs. What did you say : @0/ B1\ B2\ C2\ B3/ A2+ @2/ A3/ C4\ C5+ D4+ E4\ D5\ E1/ @3/ G3/
8x8Trax_1745214 What did you say vs. * : @0/ B1\ A2/ B0\ @3+ A4\ D2\ D3\ A0\ @2/ E1/ A1\ C0/
8x8Trax_1745215 Jump This vs. Rogue Trooper : @0/ A0+ A3/ @2\ @3/ B4\ A1\ B0/
8x8Trax_1745216 Rogue Trooper vs. Jump This : @0/ @1/ B0/ B0+ C1\ A4\ A5\ D2+ B5+ C5+ E4\ E5\ @3/ @1+ B0+
8x8Trax_1745217 Jump This vs. drgnrdr : @0/ A0/ A0/ @2+ B4/ @2/ D3\ E1\ D0\ E3\ A1\ A0/
8x8Trax_1745218 drgnrdr vs. Jump This : @0/ @1/ C1/ A2/ B3+ B4/ B5/ C4+ @1+ C0/ C0+ D1/ @3/ @3/ B2+ @2/ B1+ @2/ B3/ E6+ E8+ C5+ C6/ C7+ A5+ B7/ A7/ B8+ G8+
8x8Trax_1745219 Rogue Trooper vs. drgnrdr : @0+ B1/ B0\ A3\ @2/ C0\ A2\ D1/ @2/
8x8Trax_1745220 drgnrdr vs. Rogue Trooper : @0/ A0+ A3/ A0/ @1/ C3+ D3\ E3\ F4/ D5+ D6/ F2+ A0\ @3\ @4+ A6+
8x8Trax_1745229 Kevin vs. Morticia : @0/ @1/ @1/ B0+ @2/ A3/ @3/ A4/ @4/ D5+ @2+ B0\ @5/ B6+ C7+ D8+ A6/
8x8Trax_1745230 Morticia vs. Kevin : @0/ A0/ B1/ C2/ B0+ B0/ B5+ D4/ C3/ @3+ B1+ C6/ @1\ A0+ A4/ @4/ D8\ A2\ @2+ E1+
8x8Trax_1745231 Sarah vs. Morticia : @0+ @1+ C1\ C2\ D2\ D3\ E3\ E4\ A4+ A5/ F1/ F0/ @3+ F7\ G7\ H4+ C8+ A5+ C1+
8x8Trax_1745232 Morticia vs. Sarah : @0/ A0/ B1/ C2/ B0+ @1/ A3/ B4+ E4\ D5/ E2+ D1/ B0/ E6\ D7/ F5+ @2+ H5/ C6/ A0+ E1/ F1/ G1/ G8/ H8+ H2+ A7/ A8/
8x8Trax_1746449 (**)(**) Bunny Toes vs. keops : @0/ A2/ B2\ A3/ B0/ C3+ @2\ A1\ C0/ D1/ RESIGN
8x8Trax_1746602 * vs. Daxie : @0/ B1\ B2\ A2+ @2/ B3\ B4\ C4\ D2/ E2+ E1/ D0/ C6\ F2/ @3/ F1+
8x8Trax_1747345 nursestary vs. Linda Sue : @0/ @1/ B0\ @2\ A1\ B0\ @2/ B1+ @2\ B1+ B0\ A1\ A0\ @3/ D1/ D0/ D7\ C6/ @4\ A3\ @4/ B5\ H3+ B2\ C1/ E0/
8x8Trax_1748045 torre vs. basplund : @0+ A0\ B2/ B0\ A4/ @4/ A1+
8x8Trax_1748069 oups MIA vs. basplund : @0+ @1+ A0/ B3\ B4+ C2+ @1/ D1+ C0/ @2/ B1\ B0+ C5/
8x8Trax_1748560 bella vs. basplund : @0+ A2/ @2\ B0/ A2+ C2+ C3+ D2+ C4+ D3\
8x8Trax_1748661 Bacall vs. drgnrdr : @0+ B1/ C1\ B2/ A0\ B0\ C4+ C1/ D2/ B0/
8x8Trax_1748700 basplund vs. Sherry : @0+ @1\ B2\ @1\ C0/ D3\ D4\ E4\ @1/ G4/ D0\ C4/ F1/ G1+ D0/
8x8Trax_1749012 Kevin vs. Chad : @0/ @1/ @1/ @1/ C0+ D3+ E3\ @1+ C0/ C5/ C0+ C7+ @4/ A5/ A6+ A1\ F6+
8x8Trax_1749029 SunnyD vs. drgnrdr : @0+ B1/ A2\ A0\ C2+ C4/ D2+ D4\ D5\ E3+ B4/ E6/ B5\ C7\ A5+ E7/ F6\ G5+ A6/ @4\ A7/ D8/ C8/ A1\ F1+ G3+ D1+ F8+ DRAW
8x8Trax_1749230 basplund vs. Dawnas AZ : @0/ B1+ C1/ A2/ B0+ @3/
8x8Trax_1749233 basplund vs. Dawn : @0/ A0/ B1\ A3+ A4\ B3+
8x8Trax_1749308 Alvina vs. basplund : @0/ A0+ @1/ A0/ A3/ A4\ C3/
8x8Trax_1749320 bella vs. basplund : @0/ @1/ A2+ A3/ C2\ C3\ B0+ B5+
8x8Trax_1749360 basplund vs. Romeoo : @0+ @1/ A2+ A3\ C1/ C0/ C4\ D3+
8x8Trax_1749462 basplund vs. Geri39 : @0+ @1/ B0+ A1+ B0+ A4+ A5/ B5+ C1\ C3+ C5\ D2/ B6+
8x8Trax_1749504 Dawn vs. basplund : @0/ A2+ B1/ A0/ @1/ @1/ E3/ D4/ D1+ B3/ C5\ A4+ E1/
8x8Trax_1750224 Brooklyn in the Alps vs. Fallen Angel : @0/ A2+ @1/ @2\ C0/ B4\ D2+
8x8Trax_1750634 STrek vs. itb4me2 : @0/ A2\ B1/ B2+ C2+ A3\ @2+ D0\ E1+ D4\ C5+ D5+ D6\ B0\ A2+ C0/ D1/ F1/ E5+ A2+ @3+ A2+ @3+ H5\ B5+ A5/ A6/
8x8Trax_1750677 Sherry vs. Misery Midnight : @0/ B1\ A2/ @2/ A3/ C3\ C4\ A0\ @1\ C0/ D1/ E3\ E4\ F2/ G3/ G2/ D0\ F2/ F1/ G2/ E0+
8x8Trax_1750701 keops vs. sagitarius : @0/ RESIGN
8x8Trax_1751461 HeartOnFire vs. crow57 : @0/ B1\ B2\ C2+ B0+ D3+ D2+ E3+ D4+ B4\ C0+ A4/ C0+ @5+ @5\ B3\ C2+ B6/ B7/ A3+ @3\ A2\
8x8Trax_1752510 keops vs. Goonerg : @0/ B1\ A2/ @1/ B0+ A3/ B4\ C4\ C5\ D5\ E5+ D6+ E2/ C1/
8x8Trax_1752780 marygal vs. Mististar : @0/ A2\ B1/ B2+ C1\ C0\ B4\ C3\ @1/ D4\ E2/ E1+ F3+ D5/ E5+ G4/ A3/ A4/ A5/ E6\ @3+ C7/ D0+ F1+
8x8Trax_1753683 crow57 vs. Jiggs : @0+ A0+ @1+ B0+ B4+ C4/ A4/ @3/ A4/ @4/ A5/ C6/ D0+ A3\ @5+ C2/ F2/ G4\ H4\ B1\ A2/ A1+ E0+ C1+ G7/
8x8Trax_1754453 paganje vs. Dawnas AZ : @0+ @1/ @1\ B0+ A1+ B0/ D3/ D2/ E3\ D4+ B4+ B5/ E1\ F3+ G3/ F0+ A6/ @4/
8x8Trax_1754643 * vs. What did you say : @0/ A2\ B2\ B3\ B1/ C1/ A0\ @1\ A2+ A4/ C5/ @2+
8x8Trax_1756203 SarahMills vs. keops : @0/ A0/ @2/ @1+ C0/ C0+ D1/ D2+ B0/ @1+ A0\ @1\ A0\ A5/ @3\ C6/
8x8Trax_1757636 Megababe vs. fruitpunch : @0/ @1/ A2/ C1+ A3+ @3+ B4/ C4+ A2+ @4/ A5\
8x8Trax_1757875 Sweetcheeks vs. Megababe : @0/ @1/ A2\ B2\ C2\ @2\ @1\ C0+ F3/ F2/ E1+ D0\ C0\ B1\ A2\ D6+
8x8Trax_1757919 Rogue Trooper vs. Sarah : @0/ A0/ @2/ @2/ D2+ B3/ E1\ D0+ B5+ E4+ A5/ A6\ F2\ G4/ @4+ F6\ G6+ F7\ E8+ D1\ A2+ DRAW
8x8Trax_1758105 Megababe vs. fruitpunch : @0+ B1\ @1\ C0\ D2\ D0\ C4+
8x8Trax_1758900 Dragon Jr vs. Megababe : @0+ B1+ B2/ B0/ C1/ D2/ A1+ A0\ @1\ E4\ B0+
8x8Trax_1758912 JenJen vs. bubbly : @0/ A2\ B2\ B3+ @1\ B0/ C2/ D3\ A3+ D5\ E5\ D2/ E2/ B0\ A1\ @2/ F4\ G4\ E2\ @3/ H2\ D6+ D7\ C0/ F2/ E1\
8x8Trax_1758949 arthur vs. Megababe : @0/ @1/ B0+ @2/ C0+ D3/ A4/ E3+ C0+ D2+ C0+ B7+ F5\ E8+ E4/ G6+ E3+ E2/ G4/ F3+ D1/ G3/ F1+ H4+ A3\ H8\ DRAW
8x8Trax_1759501 golfnutrof vs. Phil The Hat : @0+ @1+ B2/ A0\ @1+ A0\ @2+ E3+ @1\ C0\ D2+ @2/ A3/ H4+ A4+ B5/ C6+ D0\ B1+ F1/ D0\ F8\ G8\ A1/ H7+ H5/ F1+ F5+ G2+ DRAW
8x8Trax_1759508 STrek vs. gramat : @0/ A2\ B1+ C1\ C2\ B3/ B4+ A3+ B0+ B0\ A1\ @3/ C7+ C8\ D8\
8x8Trax_1759607 drgnrdr vs. NightWishes : @0/ B1\ A2/ B2+ C2\ B3\ A4\ D2/ D1/ C0/ @5/ A6/ A2\ @4+ C1\
8x8Trax_1760754 Megababe vs. SIRI : @0/ @1\ B0\
8x8Trax_1760761 Misery Midnight vs. nursestary : @0/ A2\ A3/ B1\
8x8Trax_1761154 nisqually vs. gladriel : @0/ B1\ B2\ C2\ A0/ C4/ @2+ B3+ C4/ C5/ B4/ A4/ B5/ B6/ A6/ A7/ @5+
8x8Trax_1761167 dingbat vs. Goonerg : @0/ A2/ B2+ @1/ D2\ B3/ C4+ D5/ E2\ D1+ C0+ E7+ F5/ A4/ B6+ B1+ @2\ A5+ G3+ F1+ C7/ C8/ @4+
8x8Trax_1761206 DIRKSTRA vs. keops : @0/ @1/ A2+ @2+ C0/ A1+ C0/ D1/ C0/ C0/ D2/ E2/ D1/ F6+ E7/ F1/ RESIGN
8x8Trax_1761612 Judy vs. drgnrdr : @0+ @1\ B2+ @1\ C3+ A2/ D2/ @1/
8x8Trax_1762042 Megababe vs. mickeymouse : @0+ B1/ A2\ C2\ B3/ D1/ B0/ A0\ @1\ C0/ D1/ E1/ A4\ @3/ E0+ G4/ H4/ G2/ H3+
8x8Trax_1762186 mickeymouse vs. Megababe : @0/ B1+ @1\ B0/ C3\ D3+ C4/ E2\ C5\ D5\ D6\ E6\ F4\ E1/ F3/ D0\
8x8Trax_1762294 Megababe vs. fruitpunch : @0+ @1\ C1/ D1\ D2/
8x8Trax_1762849 curleyquenot vs. gladriel : @0/ B1+ B0\ A3\ @2/ D2\ D3\ E3\ C4+
8x8Trax_1764159 NightWishes vs. drgnrdr : @0/ A0/ B1+ B3/ @2+ C0\ A4/ D1\ D3+ D0/ E2+ A1\ @1/
8x8Trax_1764535 Nancy vs. * : @0+ B1+ B2/ B0/ C1\ @2+ D2\ @2\ D4/ B1\ B0\ A1/ B5/ F2/ C6/
8x8Trax_1764689 heidibb vs. * : @0+ @1/ A0\ @2/ C3\ @3+ E3/ E2/ F2/ E1/ C0\ F2/ D5/ C5+ F5\ B2\ E6/
8x8Trax_1764739 Nan54 vs. MountainMist : @0/ @1+ @1\ A0\ B0\ @2+ D0/ E2\ @4/ B5\ C1\ C0\ B3+ C6\
8x8Trax_1764800 REBEL DJ vs. Misery Midnight : @0/ A2\ B1+ B2+ C2\ C3\ B0+ D4/ D3/ D2/ E2/ F2/ D1+
8x8Trax_1765298 * Sassy_Angel * vs. xjason : @0/ A2\ B1/ B0+ C1\ C3\ D3\ D4+ E4+ @1\ C0\ A5/ @2+ B6\
8x8Trax_1767872 Sherry vs. Marko : @0/ B1\ A2/ @2+ B0/ A0+ @1\ A0\ @4/ @3+
8x8Trax_1767931 roses4gypsy vs. Jesme : @0+ @1\ A2/ A0/ @2/
8x8Trax_1768176 Jane vs. supermac : @0+ @1+ A0/ B3\ C1+ C0+ D1/ @3+ E2\ F1/ D0+ E4+ D0/ F5\ G3/ C1+ H3/ G6/ E7+ B2\ A4+ D0/
8x8Trax_1768650 bcurb OTF vs. supermac : @0/ B1\ A2/ @2+ C2\ C3\ A3+ @2/ E1/ E0/ C1+ A2+ @4\ E5\ G2/ A5/ @3/ D6+
8x8Trax_1768772 Megababe vs. FixitDave : @0+ @1/ B2/ C1+ D1\ D2\ B3/ A2/ D3+ B4/ A3+ D4\ B5/ E2+ @3/ @3/ @4\ C2+ D6+ D7/ D0/ E8+ F1/ H5\ DRAW
8x8Trax_1768776 Megababe vs. supermac : @0+ @1/ @1/ @1\ A0\ D3+ E2/ D4\ C4+ A3+ F2/ D5\ B5+ @3+
8x8Trax_1768784 Megababe vs. bigdan409 OTWP : @0+ @1+ A2\ A0\ @1+ @2\ B3+ B4\ B5\ @3\ B5/ C6+ E1+ D4+ F3/ D6+ D7+ E5\ G4+ F6\ H5/ G6+ B6/ C7+ E7\ G7/ E8+
8x8Trax_1768875 Megababe vs. Allison : @0+ @1+ A2\ A0\ @1+ A0/ @2\ E3/ D2/ E2+ E1/ B0/ E5+ D0+ F3\ F2+ A1\ @3\ A2\
8x8Trax_1768877 Linda Sue vs. sandie : @0+ B1\ A2/ A3\ @2\ A1\ @1\ B0\ B0\ A1\ A0\ D6+ @1/ A2/ A3+ @2\ C6/ E7\ B6+ A6/ @5/ @5\ A4\ A3\ C7/ B7/ F7+ C1\ D0/ A2+ H3+ B1/
8x8Trax_1768942 Megababe vs. Cynashmar : @0+ @1\ @1\ B0/ B0/ D3/ D2/ C1/ A4\ D1+ E3+ E4\
8x8Trax_1769079 NightWishes vs. supermac : @0/ B1\ B2+ B3/ A2/ @2/ A3/ A4+ @4/ E2/ E3+ E0/ F2+ B1\ C0/
8x8Trax_1769472 SunnyD vs. STrek : @0+ A2/ A0\ @1\ A0\ @4+ D3\ D5+ D1/ E4/ C0/
8x8Trax_1769513 SweetCindyJo vs. Rebel Rider : @0/ B1\ A2/ B2+ @1\ B0/ D2/ D1/ D0/ E3\ E4\ D5\ F3+ G3/ E0\ B2\ A2\ H1/ G0\ D1+ E1+
8x8Trax_1769609 Linda Sue vs. nursestary : @0+ @1/ A2/ C2\ C3\ @2+ B3/ D4\ B0/
8x8Trax_1769658 HeartOnFire vs. crow57 : @0/ B1\ B2\ C2\ A0/ D2\ D3\ E3\ F2+ E0/ F1/ G1\
8x8Trax_1769847 Megababe vs. dolcol (LAW-10) : @0+ B1+ A2\ B0/ A1+ C2+ D2/ @1/ C0\ D1+ A1/ C0+
8x8Trax_1770429 Brooklyn in the Alps vs. Fallen Angel : @0/ A2\ B1/ B0+ C1/ B0\ @3+ @3/ A4\ C0\ C6\ C7\ D7\ E5\ F5\ E6\ E7\ D8\ E8\ F6\ G6\ G7\ H5/ F8+ H4/ A6/ H3+ A2\ G2+
8x8Trax_1770678 SweetCindyJo vs. three horses : @0/ B1\ A2/ A0/ @2+ C3+ B0/ D2\ D3+ C5\ D4\ C6/ @3+ F4\ F5\ F1/ G4+ E0/
8x8Trax_1771107 SweetCindyJo vs. Scooter : @0/ A2\ B2\ B1+ C2/ A0/ C2/ B0+ B0/ A2\ @3/ A4/ E3\ C0/ F3/ A3+ F6\ @4+
8x8Trax_1771203 SweetCindyJo vs. KityKaty : @0/ B1\ A2/ B2+ A0\ @1\ D3\ D4\ E3\ F3\ D2/ D1/ D0/ A4/ @3/ D6+
8x8Trax_1771283 drgnrdr vs. Dave (UK) : @0/ B1\ A2/ @2+ @1/ A0+ A0\ @4\ C1+ @3+ F1/ RESIGN
8x8Trax_1771340 Marko vs. Cachel : @0/ B1+ A0\ @1\ C1+ D2\ B3/ A2/ @1\ B3/ C4/ B4+ C5\ E5\ F5\ F2/ E1/
8x8Trax_1771634 marygal vs. sAsSy cAt : @0/ B1/ A0\ @1\ B3\ B0+ C4\ D4\ D2+ B0+ D6\ E6\ D1/ E1/ E7\ E8+
8x8Trax_1771881 Pamperz vs. * Sassy_Angel * : @0+ B1\ C1/ C0/ D1/ B3\ D0\ E2+ C1+ B1\ B0\ @4+ A3+ @4+ B5+ D6\ D7/ H3+
8x8Trax_1773792 Honeybear vs. dingbat : @0/ A0/ B1\ B2+ @2/ C3\ C4+ D4\ A5/ @4\ C6\ D6\ A3+ E2\ F4+ A1+ C0/ E2+ E8/ F6\ G6\ F8+ H6+ H4/ G3+ H7\ G2/ G1/ H8+ A7+
8x8Trax_1775273 Misery Midnight vs. Peeky : @0/ A0/ B1+ @1\ A0\ A0\ D4\ C5/ B5/ E4/ E3/ B1/ F4\ B0\
8x8Trax_1775552 grade1teacher vs. drgnrdr : @0/ A0/ B1/ B3/ B0+ B5\ C5\ B6\ C3+ D4/ E3\ D2+ D5+ F5\ E6/ F2/ G2/ F1\
8x8Trax_1775555 STrek vs. c-g : @0/ @1/ A2+ A3\ C3+ D3\ D4\ D5+ E3+ A5/ @3\ C6/
8x8Trax_1775612 SweetCindyJo vs. Bekkah : @0/
8x8Trax_1776261 Misery Midnight vs. SunnyD : @0/ A2\ B2\ B3+ C2/ C1/ A0\ @1\ E2/ E1/ C0/ B6/ A6/ C6+ D6\ F4+
8x8Trax_1776570 dolcol (LAW-10) vs. drgnrdr : @0+ @1\ B2+ C1/ A0\ @1\ A0\ E3/ C5+ E4\ F3\
8x8Trax_1777064 Rand al*Thor vs. itb4me2 : @0/ A2\ B1/ B2+ B3\ C1/ C0/ D1/ D0/ C0+ E3+
8x8Trax_1777117 paganje vs. Megababe : @0/ @1/ B0+ C1\ B0+ B4+ D3\ A5\ @3\ A4+ E4+ @3+ A2\
8x8Trax_1777153 Chef Jeff 1 vs. Sherry : @0+ @1/ B0+ B0/ A4/ C1\ C2\ @4\ E2+ B2+ A2\ A1\ B0\ @3+
8x8Trax_1777498 supermac vs. Oartkickel of the Wolf Pack : @0/ B1\ B2\ A2+ A3+ @2\ B0+ C1/ D2/
8x8Trax_1778092 dingbat vs. Misery Midnight : @0/ A2\ B2\ B3\ @3+ A4/ @4/ A5/ A6+ D7\ @5/
8x8Trax_1778276 Misery Midnight vs. nursesangel : @0/ B1\ A2/ @1/ D1/ D0/ C3\ B4/ E3\ B5\ E4/
8x8Trax_1778682 SweetCindyJo vs. fruitpunch : @0/ B1\ B2\ A2+ @2/ B3\ D1/ D0/ C4+ C5\ B5+ C1\ C0\ A3\ @4/ F3\ B2\ F4+ F5\ G5\ G6\ D7\ B7+ H6\ E7\ H7/ E8/ F7\
8x8Trax_1778783 Jump This vs. cocopuff : @0/ B1\ B2\ A0/ C2+ @1\ A0\ @3/ B4\ E5/ @1\ B0/ G4+ C0/ H5+
8x8Trax_1778784 cocopuff vs. Jump This : @0/ @1/ B0+ @2+ B0/ B4\ @1\ A0\ @3/ A4/ @4/ C5\ C6\ @1+ C7+ B0+
8x8Trax_1778785 Jump This vs. Slippy : @0/ A2\ B2\ B1+ B3/ C1\ B4\ C4\ A3/ @3/ @3/ E2+ D0/ F2/ G2/ F1/ D0/ F6\ C7+ H5\ C1\ B3/ D0\
8x8Trax_1778786 Slippy vs. Jump This : @0+ B1+ B2/ B0/ C1\ C2+ A1+ @2+ @2/ A3/ B4/ F2+ @3/ @2\ B1/ A4\
8x8Trax_1778787 Jump This vs. dingbat : @0/ A0/ A0/ B2/ B1+ C2/ A4\ B0/ D2+ @3+ @2/ @3\ G4+ G5\ H5\ E6+ C5+ E0\ D1+ D0/ C1+ A6+ F2+ DRAW
8x8Trax_1778788 dingbat vs. Jump This : @0/ @1/ B0/ B0/ A4/ C2+ @2+ D5\ E5\ C6+ C7/ A7+ @4\ B8+
8x8Trax_1778799 golfnutrof vs. drgnrdr : @0/ @1/ A2/ A3\ B0/ B4+ C4\ C5\ D2+ E2/ C6\ E5\ F5+ F6\ D7/ G3\ E8+ G7+ G5/ H8/ H3+ H2/ DRAW
8x8Trax_1778800 drgnrdr vs. golfnutrof : @0/ A0/ B1/ C1/ B3+ D3+ E3/ B4/ @2/ @2/ B5+ H3\ H4\ H1+ H0/ C7/ D6+ B8/ A8/ E6\ H6/ G5+ D1+ H7+ E8/ G7+ F8+ DRAW
8x8Trax_1778803 Yulene vs. drgnrdr : @0+ B1/ @1+ C2/ B0/ B0\ A1\ C2/ @2+ @2\ B0\ @2/ C4+ C5/ D6/ B4+ D1/ C0\ E8\ F8\ G6/ G5+ @5/
8x8Trax_1778804 drgnrdr vs. Yulene : @0/ B1+ C1/ C2+ B2+ C0/ D1/ D0/ E1/ E0/ F4+ B0\ A3+ G4+ @5\
8x8Trax_1778805 Shariann vs. drgnrdr : @0+ B1/ B2\ C1/ C0+ A0\ @2/ A1+ B0+ B5/ C6\ C7\ C0/ D2+ E4\ F3/ F2/ F1/ G2+ F5+ D7+ B8/ @8+
8x8Trax_1778806 drgnrdr vs. Shariann : @0/ A2\ B1/ B0+ @3/ A4/ A2+ C0+ A1\ @1\ E1/ E0/ F1/ F0/ F4\ G4\ @3\ E6\ H1/ H0/ B6+ E8+
8x8Trax_1778809 dolly vs. Marko : @0/ B1\ B2\ C2+ D1\ C3/ B0\ A0\ @1\ F2/ E1+ D0+ B5+ A3+ B1+ C7+ D0\ E2/ F2/ G4\ H4+ H5\ G6\ E7+ E8\ F8/
8x8Trax_1778810 Marko vs. dolly : @0/ B1\ A2/ @2+ B3\ C3\ D3+ D4\ C4+ @1\ A0+ C1/ C0/ E3/ F3/ F5+ D7/ D8/ B7/ F2/ G5/ F8\ G8+ H7\ A7/ H3+
8x8Trax_1778811 dolly vs. Morticia : @0+ @1+ A2\ B0/ C3/ C4+ D2+ D0+ D5+ C6/ A5+ E5+ E3\ E2/
8x8Trax_1778812 Morticia vs. dolly : @0/ B1\ B2\ C2\ B0\ B0\ @3+ @3\ C4/ D5\ @1\ A0\ @3/
8x8Trax_1778813 jbdobie vs. Marko : @0+ @1+ B0+ C2+ B3+ @2+ @2\ A1\ A3/ @3/ C0+ B5\ D4/
8x8Trax_1778814 Marko vs. jbdobie : @0/ A0/ B1+ B0+ @3/ A1+ @3/ A4/ @1+ A0\ F2/ F1/ B0\ F6\ G1\ F7/
8x8Trax_1778815 jbdobie vs. Morticia : @0+ @1+ B0+ C2+ B3+ B0+ A2+ C2+ B0+ A1/ C1/ D3\ @2\ B0/ D0/ E2+ A1\ C0/ @2/
8x8Trax_1778816 Morticia vs. jbdobie : @0/ @1/ A2+ @2+ C0+ D2+ B4+ E2+ C0+ F3+ F2\ F4\ D5/ G3+ F6\ H3+
8x8Trax_1778817 Marko vs. Morticia : @0/ B1\ B2\ C2+ B3/ A3/ @3+ A4/ B4+ @3+ F2/ F0+ G3/ H2+
8x8Trax_1778818 Morticia vs. Marko : @0/ B1\ B2\ C2+ B0+ D1+ D3\ E3\ C4+ D5/ E2+ F5+ D6/ B5+ A4/ F7+ E8\ G6+ F3/ G3/ H3/ G5/ H6+ H7\
8x8Trax_1778819 Megababe vs. Chad : @0/ @1+ @1\ A0\ @1\ D0+ C4\ B4+ C0+ E2\ E3\ F2/ E1\ F5\ @1\ F6\
8x8Trax_1778820 Chad vs. Megababe : @0+ B1+ C1+ @1+ D0+ E2+ A1+ @2+ D3/ G2+ D1\
8x8Trax_1778821 Megababe vs. Janine MIA : @0/ A2\ B2\ B3+ A0/ B5+ @3\
8x8Trax_1778822 Janine MIA vs. Megababe : @0+ B1\ B0/ C1/ C0+ @3\
8x8Trax_1778823 Megababe vs. basplund : @0/
8x8Trax_1778824 basplund vs. Megababe :
8x8Trax_1778825 Chad vs. Janine MIA : @0+ B1+ @1+ @1+ D2+ E1+ A2+ @1+ C0/
8x8Trax_1778826 Janine MIA vs. Chad : @0+ A0\ A3/ @3/ A4/ @1+ C5\ D2\
8x8Trax_1778827 Chad vs. basplund : @0+
8x8Trax_1778828 basplund vs. Chad :
8x8Trax_1778829 Janine MIA vs. basplund : @0+ A2\ A0/ B1/ C2+ @1/
8x8Trax_1778830 basplund vs. Janine MIA :
8x8Trax_1778845 Gnahaha vs. firefly : @0+ B1/ B2/ @1\ B0/ @2\ E2/ D1/ D0+ E2/
8x8Trax_1778846 firefly vs. Gnahaha : @0/ A2\ B1/ B2+ C2+ C3\ A3+ D2+ E3/ @3+ A4\
8x8Trax_1778847 the great snowqueen vs. firefly : @0+ B1\ B0/ C2\ A1\ A0/
8x8Trax_1778848 firefly vs. the great snowqueen : @0/ A0+ A0\ A0\ @3+
8x8Trax_1780322 B Line electric streetcar vs. drgnrdr : @0/ A0/ B1+ B3/ C2+ D3/ D1+ D4\ E3/ D5\ B0/ B0/ A2+ E6+ F5+ D1/ RESIGN
8x8Trax_1781020 Marko vs. ejd : @0/ A2+ @1/ C2+ A3\ D2\ A0/ E3/ E2/ D1/ @1+ D0\ A1\ G3/ F2/ @1\ D0+ G1\ B6/ H6\ A4/
8x8Trax_1781420 Misfit Lenrad6672 vs. Pepsi Fan : @0/ @1/ B0\ A1\ @1\ B0/ D3\ D4/
8x8Trax_1781422 Misfit Lenrad6672 vs. Pepsi Fan : @0/ @1/ B0/ C2\ C3\ @1+ D4/ B0+
8x8Trax_1781694 Megababe vs. Dawn : @0/ A0/ B2+ C2\ B3/ D2\ C1+ @1\ C0/ B1\
8x8Trax_1781825 Misery Midnight vs. lapman : @0/ A2\ B2\ B3+ C2/ C1/ @2+ C4+ RESIGN
8x8Trax_1781879 Jay RAA vs. Megababe : @0+ B1\ C1/ A0/ B3\
8x8Trax_1782334 Jump This vs. keops : @0/ A0/ A0/ A0/ B2+ @1+ @4\ C5/ D6+ E3+ B6+ D7/ D8\ E8\ F7/ F4+ G6/ H6/ G5/ H5/
8x8Trax_1782367 Goonerg vs. grade1teacher : @0/ B1\ A2/ @2+ @2\ B0/ @2/ A4/ @2/ C0+ B0/ F5+ @3+ B0+ @1+ A0\ H5+ A5/ A7+ B8/ H4+ G3\ F8+ F2+ F1+ D1/
8x8Trax_1782478 Chef Jeff 1 vs. harmonydawn : @0+ @1/ B0+ A1+ B0+ @2\ C0+ D3/ A2\ @2\ D0+ C1+ E1/ F2/ C0\ @3+ E1+ A4/ E0+ H5\ E8+
8x8Trax_1782556 drgnrdr vs. Jane : @0/ B1/ A0\ @2/ A1+ D1\ B3+ B0+ E4\ F4\ E5/
8x8Trax_1782557 Jane vs. drgnrdr : @0/ A0/ @2+ @1/ A0+ C0\ D3+ E4/ F4/ D1/ C0\ D6+
8x8Trax_1782558 Sarah vs. drgnrdr : @0+ @1/ C1/ A0/ C3/ C0\ D3+ C5/ E3+ A6/ C6+ @5/
8x8Trax_1782560 drgnrdr vs. Sarah : @0/ A0/ A3/ @3+ C2+ B4\ D3/ E3/ D1+ @3+ F4/ G3+ D0/ E5+ B1\ H4+
8x8Trax_1782747 purplehawke vs. fruitpunch : @0+ @1/ A2/ C2\ C3\ C1+ D1/ B3/ B4/ E1/ D0+
8x8Trax_1782900 supermac vs. Jane : @0/ B1\ A2/ @2+ A3+ @2\ B4+ B0+ @1+ D0/ E1/ F1/ G1+ F0+ G5\ B7\ E6+
8x8Trax_1782901 Jane vs. supermac : @0/ B1\ B2\ A2+ A3+ @1/ D3+ D2+ C0+ E3\ B5/ A5/ @3+ D5+ E6/ G4/ D0+ D0\ C1\
8x8Trax_1782902 Sarah vs. supermac : @0+ @1/ C1/ C0/ B0/ A2+ @1/ C0+ D1/ @4/ B5\ A1\ @3/ B0/
8x8Trax_1782903 supermac vs. Sarah : @0/ A0/ B2+ B3\ C2/ D1\ D4\ E3/ A4/ B5/ @4\
8x8Trax_1782904 supermac vs. NightWishes : @0/ B1\ B2\ A2+ @2/ B3\ B4\ C3\ C4+ D2+ C0+ C0/ E1+ @4\ A3\ A2+ @4/ B5+ @3\ B2+ H0+ H0\ F1+ G8+ H8\
8x8Trax_1782905 NightWishes vs. supermac : @0/ B1\ A2/ @2/ B0/ C3+ A4/ A5+ @4+ E1/ D0+ E6\ F5+ E7/
8x8Trax_1783256 ejd vs. Marko : @0+ @1+ A0/ A3/ C2\ A0\ @1\ C4+ E3/ E2/ E1/ D0+ F2\ B6/ G2/ A5+
8x8Trax_1783403 Jane vs. drgnrdr : @0/ A0/ @2+ @2\ A0+ C0\ D3+ E4/ E2+ D0\ E6+ E1/ F6+ E0\
8x8Trax_1783468 drgnrdr vs. NightWishes : @0/ B1\ A2/ @2+ @1/ D2+ D0/ E2+ C1+ C0\ A0\ @2+ E1/ B0\ F3/
8x8Trax_1783478 NightWishes vs. drgnrdr : @0/ A0/ B1+ C2/ B3/ D3+ E3\ C4+
8x8Trax_1783519 Jane vs. drgnrdr : @0+ B1/ A0\ @1+ A0\ D3/ B4\ D5/ D1+ A0\ E3+ @4\ A5\ F1\ G1/ E0/ @6+ C7\ E7+ G5\ H5\ H6\ E8+ B7+ D8+ F8\ G8\ H1+ C1\ D2+ A2+ B8+ A8+
8x8Trax_1784977 Chef Jeff 1 vs. Dawn : @0+ A0/ A3+ B2\ @2+ D1/ C0\ C5/ D4+ E4\ F3+ A5/ @4/ B6\
8x8Trax_1785097 crow57 vs. Jiggs : @0+ @1+ A2\ A0\ @2+ D3\ C4/ A3+ B5\ C1/ B0\ D6\ C7/ @7/ A8/ A2\ F5+ E3/ E2+ A3+ F3/
8x8Trax_1785143 HeartOnFire vs. crow57 : @0/ A2\ B2\ B1+ B0/ C1/ D1+ C0\ B1\ A1/
8x8Trax_1785897 crow57 vs. RubyJoy : @0+ B1+ A2\ B0/ C1+ A1\ B0/ D3/ C0/ D1/ E3\ E5+ A6\ F3+ F5\ G4+ F6\ H5/
8x8Trax_1785958 Rogue Trooper vs. Keizer Soze : @0/ @1/ B0/ @2+ D2/ C3+ B4\ C5/ C6/ E3\ E4\ @2\ D0/ D0+ B5+
8x8Trax_1785987 gladriel vs. muffin man : @0+
8x8Trax_1787119 Sarah vs. Marko : @0+ B1/ B0/ @1\ B0/ D3+ D4\ B4/ C5\ E4\ F3\ E2+ F1\ C0+ C0+ G5+ G6\ G2/ H3\ E1/
8x8Trax_1787120 Sarah vs. Marko : @0+ B1/ B0/ @1\ A0\ D3+ A3+ @3/ @3+ @3/ A2+ E1+ F0\ G2+ B5\ D6\ E6\ A6/ B7/ @5/
8x8Trax_1787151 astyr vs. Marko : @0+ B1\ A2\ A3\ B2\ C2\ C3+ @2\ D4\ B0\ @3\ E1/ F3\ C0/
8x8Trax_1787833 Jump This vs. DIRKSTRA : @0/ B1\ B2\ A0/ @2+ B0/ B0+ D3+ D1\ @1+ D0+ @4/ A5/ A6+ @4+ H5/ C7\ D6\
8x8Trax_1788041 drgnrdr vs. Judy : @0/ B1\ A2/ @2+ @1/ B0+ C0\ @2\ A1\ B0\ E2/ F4\ D1/
8x8Trax_1788044 Judy vs. drgnrdr : @0/ A0/ @2+ C1\ @2+ B0/ @3+ B1\ B4\ B0/
8x8Trax_1788254 supermac vs. Judy : @0/ A2\ B1/ @1+ C2\ D1/ A0+ @1\ D0+ A3/ @3/ E5\ B1+ C0\ C5+ D1/ D0/ F6+ G6\ E8/ A7/ D8+ @7\
8x8Trax_1788255 Judy vs. supermac : @0/ A2\ B1/ B2+ C2+ A3\ A0\ @1\ C0/ D1/ E2/ A5/ @3\ C6/
8x8Trax_1788425 COOLGUY123 vs. Chad : @0+ A2/ @1+ B0/ A1+ C1+
8x8Trax_1788555 Chad vs. Geri39 : @0+ @1/ A2/ B3\ C2/ A4/ @3\ A4+ @3\ E4+ @4/ B5\ A1\ @2+ B0/
8x8Trax_1789338 Tolp vs. SweetCindyJo : @0/ B1\ A2/ @2+ @2\ B0\ B4+ B0\ D1/ E3\ C0/
8x8Trax_1790561 Knight Rider vs. starshine : @0/ B1\ A2/ B2+ B3+ @2/ D2\
8x8Trax_1790569 Knight Rider vs. denise : @0/ A2+ A0\ @1\ A0\ A3/ @3/ @3/ B1\ A1\ @3/ F3\ F4\ G4+ E0/ F1/ F6+ H5\ H6\ D6+ F7+ F8\ F3+ G1\
8x8Trax_1790674 Honeybear vs. dingbat : @0/ B1/ B2\ C1+ @2/ A3/ B0\ A1\ @2\ C0+ F3\ F4\ G4\ G5\ D6+ A1\ D7\ @2/
8x8Trax_1791116 gladriel vs. SarahMills : @0+ B1+ A2\ B0/ A1+ @1\ B0/ D3+ D4\ D5/
8x8Trax_1791169 Geri39 vs. marygal : @0/ A2\ B1/ B0/ A4/ @3\ A4+ C3+ C4+ D2+
8x8Trax_1791397 Rogue Trooper vs. Redskins Fan : @0/ @1/ B0/ B3\ C3\ B0/ C1+ D4\ E4\ @3+ E2/ C0/ @4/ @4+ F0\ F0\ B1+ B0+ A1\ A6+ G3+ H3/ H1+
8x8Trax_1791402 Brendans Grandmom vs. marygal : @0+ @1\ C1\ C2+ @1/ A2/ C3\ B0+ @3/ D5\ C6\ D6+ F4\ F3/ G4\ F1/ F0+ G2\
8x8Trax_1791403 Brendans Grandmom vs. Geri39 : @0+ @1/ A2/ B3\ C3\ A4/ @4/ A3+ A2\ @3/ A4/ B1+ A1\ @1/
8x8Trax_1791415 dolcol (LAW-10) vs. drgnrdr : @0+ B1\ A0+ @2/ A3/ @3/ C4\ A5\ C0+ A2\ RESIGN
8x8Trax_1791466 Geri39 vs. Brendans Grandmom : @0/ A2\ B1/ @2\ C2\ D1/ B3\ B0\ A5/ @5/ A4+ B6/ A2+ @2\ B1/ C0\
8x8Trax_1792065 Scorpio-Lady vs. Fallen Angel : @0+ A0+ A0/ A0\ @1\ A3/ @2+
8x8Trax_1793293 marygal vs. Geri39 : @0/ B1\ B2\ A2+ @2/ B3/ B4/ A3/ D4\ C5+ D1/ E2+ C0/
8x8Trax_1793294 marygal vs. Brendans Grandmom : @0/ A2\ B2\ C2\ A3/ @3/ D1\ E2\ D4\ C5\ F1\ E4\ F3\
8x8Trax_1794126 Goonerg vs. Shreela : @0/ B1\ A2/ @2+ @1/ B0+ @2/ C4\ B4+ E4\ E5\ E1/ F2/
8x8Trax_1795628 Rogue Trooper vs. grade1teacher : @0+ @1/ C1/ C0+ B0/ A2+ C4/ D4\ D5\ B5+ C6/ @2\ @1/ B0\ G5+ G3+ B0+ A1\ H4+ H3/ E2+ H6+ C8+ DRAW
8x8Trax_1795666 supermac vs. Lyonsgirl : @0/ B1\ A2/ @1+ A0+ @1\ C4\ D4\ D5\ E3/ B5/ F4+ C6/
8x8Trax_1795949 Daxie vs. Linda Sue : @0/ A2+ B2+ A3\
8x8Trax_1796282 Linda Sue vs. Daxie : @0+ @1\ C1\ B2+ A2/ @1\ @1\ B0+ D4+ B4+ A0/ @4/ A5/ B6/ @4\ B6+ B2+ A2\ E6+ D7+ C7/ E7\ D8\ F6+ G6\ H5\ H6+ F1/ G1/ H1+ E8\
8x8Trax_1796751 * Sassy_Angel * vs. rapscallion : @0/ @1/ B0+ B0\ @3+ B4\ D3/ A4+ A5\ C4+ @3\ A5+ @4+ B6+ A6/ @6+ B7\ F5+ D7\ E7\ D8+ B1\ F6+ A3\
8x8Trax_1796958 * Sassy_Angel * vs. TaUrUsRoSe : @0/ A2\ B1/ B2+ C1\ B0/ D2/ @1\ B0/ C1/ E4+ C5/ A4+ B6\ E5/ A7/ @7/ G4/ F2+ G3+ H3+ C8\ A4+
8x8Trax_1797022 * Sassy_Angel * vs. karosel MIA : @0/ A2\ B2\ B3\ B4+ C3/ @2\ C1+ D1/ D0/ E3\ A1\ A0+ @2/
8x8Trax_1797281 Chef Jeff 1 vs. rapscallion : @0+ A0+ A0+ @2/ C2/ B4/ C3\ D2/ D3+ B5+ B0/ B7+ @4+ C8+ B2+ A2\ A1\ @1\
8x8Trax_1797282 Chef Jeff 1 vs. TaUrUsRoSe : @0+ A2+ A0+ @1/ C1/ C3+ B0+ D4+ B5+ A4+ B0+ B0/ C1/ D2/ B8+
8x8Trax_1797283 Chef Jeff 1 vs. karosel MIA : @0+ @1+ A0+ @2+ B3+ @2+ C4+ @2+ @2/ G2+ A3\ H2+ E0+ E6/ D6/ F6\ D7+ D1\ D8+
8x8Trax_1797284 Chef Jeff 1 vs. Trist : @0+ B1\ A0+ A3+ @2\ @2\ C0+ C0\ B1\ A2\ @3/ B1+ C0+ C6+ D7+ @6/ A7/ B2\ A3+
8x8Trax_1797342 Judy vs. paganje : @0/ A0/ B1/ A0\ @2/ C0/ D2\ E4\ E5\ B0\ A1\ A5/ A6+ C7+ A3\ @2/ B7+ A7/ C0+
8x8Trax_1797363 Goonerg vs. lapman : @0/ A2\ B2\ B3+ B4/ C2\ D3/ C4+ E3/ D5+ B5/ E1/ F3/ F1+ C6+ E6+ @2\ @1/ G0/
8x8Trax_1797478 sunnybeach vs. ejd : @0+ A2+ A0+ @2\ B4+ C2/
8x8Trax_1797522 * vs. Misfit Lenrad6672 : @0/ B1\ B2\ A2+ @2/ C3\ @2/ D4\ E2/ A5/ @4\ G3/ B1\ A1\ D0\
8x8Trax_1797524 * vs. Pamper Me : @0/ A2\ B1/ B0/ B3\ C2/ @2+ @2/ @2/ B1+ E0+ D0+ A1/ C0+ D1/ D0+ C0/ B1+ E2+ @7+ B8/ F4+ G4/ H4/ H5+
8x8Trax_1797599 hANDYman the Rebel vs. rapscallion : @0+ @1\ C1\ @1\ C2/ C3/ B0+
8x8Trax_1797600 hANDYman the Rebel vs. TaUrUsRoSe : @0+ @1\ A2/ @1\ B0+ B0/ D2/ @2\ A1\ A0\ B0+ E5+ D1/ E2/ D0\
8x8Trax_1797601 hANDYman the Rebel vs. karosel MIA : @0+ @1+ B2/ A0\ @1+ B4/ A4/ C1/ C0/ D4\ @4+
8x8Trax_1797602 hANDYman the Rebel vs. Trist : @0+ B1\ B2\ C2\ B0+ @3/ A4/ A5/ E3/ B5\ B6\ B7\ E1/ E0/ C6/ @5\ G2+ D1\ G5\ F6\ H4\
8x8Trax_1797603 hANDYman the Rebel vs. FujiTape : @0+ B1+ A2\ B0/ B0/ B5\ C4/ @4/ A5/ B6/ A3\ @4/ F1/ E0\ B3+ A4\ @4\ E8\ F7+ F8+ G8\ H8\ H3/ G7/ B2/ C7+ B7/ A7/ A8/ H2+ H1/
8x8Trax_1797688 Catmane vs. FujiTape : @0+ B1+ B2/ B0/ C2\ B4/ @3/ E4\ E5+ D0/ E3+ D6+ F5\
8x8Trax_1797720 * Sassy_Angel * vs. Trist : @0/ A2\ B1/ C1/ B2+ B0/ D2\ @1\ B0/ B0/ E3\ E2/ F3\ @3/ E2+ A4/ B5+ A5+ A6/ B1\ B0\ E2/ @5+ G2+ G1/ H2/ H1+
8x8Trax_1797721 * Sassy_Angel * vs. FujiTape : @0/ B1\ A2/ A3/ @3+ C3\ B4/ B5/ @3+ A1\ B0/ A5/ @5/ E5\ F3/ @4+ D7\ B6/ @3/ B7+ C7+ D8/ A6/ B8+ G6+ F8+ D1\ H6+ A7/ F1+ H2/ H1/ H7+
8x8Trax_1797944 REBEL DJ vs. FujiTape : @0/ B1\ B2\ A0/ C3\ A3+ C4\ D4\ B5/ @1\ C0\ F1\ F6\ D7+ G6\ H6\ F5+ G7+ G8/ A1+ E8/ A5\ G3/ B6/ B8+ A8/
8x8Trax_1798103 Chef Jeff 1 vs. FujiTape : @0+ B1+ A0+ B1+ A0+ @2/ D2/ D3+ B4+ D1/ E3\ E4\ F2/ @2/ C5+ D0+ F1+ B1/ D0/ A3\ @4/ H3+ D1+ F0/ C7+ C8/ A3+ C1/
8x8Trax_1798132 * Sassy_Angel * vs. csain1 : @0/ @1/ B0+ @2+ C0\ A4/ @4+ D4\ C5+ E4/
8x8Trax_1798203 keops vs. dboy97 : @0/ @1/ C1/ D1/ B0/ @1+ C0/ C0+ D1/ E3/ F2\ E5+ F0/ G4/ B1/ C0+ @4/
8x8Trax_1798398 hANDYman the Rebel vs. csain1 : @0+ A2/ A0\ @1\ A0+ C3/ @1\ A2+ C0\ B0/ E3/ D0/ E1/ A1\ C0/ @2/
8x8Trax_1798593 Geri39 vs. Chad : @0/ A0/ A3+ @3/ A2+ @1+ A2+ B0+
8x8Trax_1799012 Chef Jeff 1 vs. csain1 : @0+ A0/ A3+ A4/ @4+ @3/ B2+ @2/ C1+ A1\ B0+ @2/
8x8Trax_1799020 astyr vs. Marko : @0/ B1\ A2/ @2+ C2\ B3/ C3+ D3/ E2\ E0+ F1/ A1\ B0+ @3\
8x8Trax_1799157 Oartkickel of the Wolf Pack vs. Megababe : @0+ B1+ A2\ B0/ A1+ @1\ A0\ @1\ A0\ E3\ C0+ B0/ A6+ @4\ A3\ @4/ A2+ F1+ B0+ @4+ A2+ D8/ B6/ H2/ H1/ A7+ H7+ H8+ A8+
8x8Trax_1799921 Ray of Light vs. * Sassy_Angel * : @0/ B1\ @1+ C2/
8x8Trax_1799989 heidibb vs. rapscallion : @0/ B1\ B2\ A2+ @2/ B3\ @2/ B4+ A1\ @2/ C0/
8x8Trax_1799993 heidibb vs. TaUrUsRoSe : @0/ A2+ A0+ B2\ A0\ @3/ @2+ B0/ D2/ C6\ E3+
8x8Trax_1799995 heidibb vs. karosel MIA : @0/ B1\ A2/ B2+ C2\ D2/ B3+
8x8Trax_1799997 heidibb vs. Trist : @0/ A2\ B1/ C1/ B2\ C2\ D1/ E1/ B0+ F1/ D0+ E4\ F4\ A1\ G3+
8x8Trax_1799999 heidibb vs. FujiTape : @0+ B1/ C1\ B2/ A0\ D2/ D1/ D0/ E1/ B0+ D0/ F5\ E6/ E1/ F1/ G4+ @2/ D6+ A1\ E0+ E8/ A5\ F8\ G8\ H8+ A7/ A8/ H1+
8x8Trax_1800003 heidibb vs. csain1 : @0+ A2/ A0\ @3/ A4/ @4/ D2/ E2/ A5/ @5/ @3+ F0+ @4/ A3+ C1\ D0+ G1+ F0/ D1+ B2\ B1\ G7+ H7+ H1\ H8\
8x8Trax_1800033 Megababe vs. dingbat : @0/ A0/ @1+ A0+ @2/ B4+ B0/ D2/ D3+ B6+ E2+ E1/ C0\ C6+ E5+ C0+ A4+ A3+ F2\ @4\ C1+ A1+
8x8Trax_1800281 dolcol (LAW-10) vs. Megababe : @0+ B1\ C1/ A0/ @1/ E2/ E3\ F2/ B3+ C4/ @1\ B0/ B4/ A4/ @2\ B1+ D1/ D0/ F6+ F2+ E0\ H4+ D0+
8x8Trax_1800282 Megababe vs. dolcol (LAW-10) : @0/ A2\ B1/ B0+ A4\ B0+ @4\ C0+ D3\ C6\ D5+ E6+ @4\ @4\ D7+ G5+ B5+ B3+ B2\ F1/ G1/ H2+ D0+ H6+ F1+ H7+ DRAW
8x8Trax_1800403 Sherry vs. Megababe : @0/ @1/ A2+ C1/ D1/ C3+ A3+ @2\ B0\ B5+ A5/ @3\ @3\ C1+ @3\ D6/ C0/
8x8Trax_1800524 HeartOnFire vs. crow57 : @0/ B1\ A2/ @2+ B0+ @2/ C0+ C0/ B6+ D2+ E4\ F4\ F5\ C6+ G4+ D0\ E3+ F2/ E7+ C8+ B8/ E8+ B3+ @4\ A3\ B2/ B7/ A7+ A8\ A2\ B1/ G8\ H7+ H8+ H2/ A1+
8x8Trax_1800588 bigdan409 OTWP vs. Megababe : @0/ B1\ B2\ C2\ A2/ A3/ B0\ D2+ E3/ @2+ D4/ E4+ C5\ @3+ @3+
8x8Trax_1800590 Megababe vs. bigdan409 OTWP : @0+ @1+ A2\ A0\ @1\ @1+ B3+ @1+ D0+ E1/ E0/ F1/ E6/ F6/ G4+ H5/ H2+ G0+ B3+ G7\ F8/ C8/ B8/ A6+ C2+ D1\ C1\
8x8Trax_1800795 Rand al*Thor vs. cocopuff : @0+ B1\ @1\ C2\ B0/ D1/ B0/ E2+ E1/ B0/ C6\ F5+ A6/ F1/ @4/
8x8Trax_1800808 LilSis vs. gladriel : @0+ B1\ C1/ C2/ C0\
8x8Trax_1800898 SunnyD vs. Megababe : @0+ B1\ A0/ C1/ C0/ A4+ @2/ C1+ B1\ D0/ E1/ B0+ E6\ C7/ F5\
8x8Trax_1800899 Megababe vs. SunnyD : @0/ A2\ B1/ B0+ A4\ C1\ @2/ C4\ C5\ D5\ E4+ @2/ G5/ E6/ F6+ D0/ F2/ G2/ H6/ H2/ H1/ F0/ E1\ C1/ G1+
8x8Trax_1800980 drgnrdr vs. Megababe : @0/ B1\ A2/ B2+ B3+ C1\ D1\ @2/ C4\ B4+ @3\ C5/ C6/ G1\ D7\ E7\ A7/ C0/ @8\
8x8Trax_1801000 Megababe vs. drgnrdr : @0/ A0/ @2/ @1/ B3/ D2+ A3/ C4\ E3/ F3/ E1+ C5\ E4+ G2\ B6+ H4\ G5/ H1/ F0\ F6/ F7+ E7/ E8/
8x8Trax_1801400 supermac vs. Megababe : @0/ A0/ B2+ C2\ C3\ B4+ @3\
8x8Trax_1801401 Megababe vs. supermac : @0/ A2\ B2+ B1+ C2\ C3+ C1+ D2+ C0/ E1/ D0\ D5+ C6/ A5+ E4+ F4\ E5+ B2+ F1+ F0\ C1+ @5\ H3+ E7\
8x8Trax_1801695 Chad vs. Dawn : @0+ A0/ B2+ B3\ C3+ D2\ B0\ A4/ B5\ C6/ C7/ A0/ D3+ A6+ @5+ @4/ A3+ G3+ @3+
8x8Trax_1801853 psycotic virus hacker vs. Chad : @0/ @1/ B0+ @1+ A3\ @3/ A4/ C4+ E2/ A5\ F4\ C5\ G4+ H2+ G1/ G0/ H1+ F0\ E1\ B2\ G0+ H1/ A2/ A1+ H7\ H8\
8x8Trax_1801967 Chad vs. Geri39 : @0/ B1\ A2/ @1+ D1/ D0/ E1/ C1+ D0+
8x8Trax_1802482 Stinger vs. * :
8x8Trax_1802497 STrek vs. Tolp : @0/ @1/ B0/ @2\ B3+ @2\ C4+ E3/ E1/ B3+ E0+ D0/ B2+ A1\ C0+ C0\ A1+
8x8Trax_1802587 Daxie vs. Linda Sue : @0+ B1\ A2/ A3/ @2\ @2\ C0\ A2/
8x8Trax_1802608 Linda Sue vs. Daxie : @0+ B1\ @1/ B2+
8x8Trax_1802769 Jiggs vs. crow57 : @0+ @1+ A2\ B0/ C1/ B4\ C4\ D2/ D1/ E1/ F2/ C0+ G4+ E6+
8x8Trax_1803895 Uncle Chuckie vs. Misfit Lenrad6672 : @0/ A2\ B2\ B1+ C1+ C0/ D3/ C4/
8x8Trax_1804715 heidibb vs. Dawn : @0/ A0/ @2/ B0+ B0/ B0/ B0/ A1+ @3\ D2+ E4/ @3\ B1\ B0\ F4/ B6/ G3\ A5+ @4/ C0+ A6/ B8/
8x8Trax_1804777 Megababe vs. romeo : @0/ @1\ A0/
8x8Trax_1804841 basplund vs. Dawn : @0+ A0/ A3\ B1/ B0/ C1/ @4\ @3/ @3/ C1/ C0/ G3+ F6+ @3\ A2\ C1+ B6/ E1+ A6\
8x8Trax_1804877 Goonerg vs. Shreela : @0/ B1\ A2/ A3/ B2+ A4/ @4/ @3/ D5+ E4\ F4\ F5\ F6\ C6/ D7/
8x8Trax_1805264 Megababe vs. Cynashmar : @0/ B1\ A2/ B2+ C2\ @2/ C3+
8x8Trax_1805783 Lone Outlaw vs. tjancira : @0/ A2\ B2+ B1+ C2\ D2\ A3/ @3/ A2+ B4\ C3+ E4\ F4\ E1/ F1/ G4\ F2\ G3/ H4\ F5+ B0\ A1\ G2/ H2\
8x8Trax_1805796 Little_Missy vs. tjancira : @0/ A2/ A0\ @1\ B4\ C3/ A0\ @2/ @2/ B3\
8x8Trax_1805837 Jump This vs. Rogue Trooper : @0/ A0+ B1/ B0\ A1\ @1\ @3\ A1\ D0+ E2\ @4/ D5/ @4/ @3+ C5+ C6/ F0/ D0\ C1\ H2/ H1/ A8/ C2/ B1\ G6+ G8\
8x8Trax_1805841 SweetCindyJo vs. DINGEROO : @0/ A2\ B1/ B0/ @2+ B0/ B5/ A5/ C1+ B6\ C6+ C5+ D6\ D3+
8x8Trax_1805842 tjancira vs. Slippy : @0/ A2\ B2\ B1+ A0\ @1\ @1\ C0/ D1/ B3/ E4/ E2/ F3\ E5/
8x8Trax_1805850 Whistler Gandalf vs. Rand al*Thor : @0+ A0+ A0+ B2\ @2\ C1+ A0\
8x8Trax_1807111 Megababe vs. Cynashmar : @0+ B1/ A2\ B0\ C2/ @2\ A1\ B0\ E2/ @2\ A1\ B0\ F5\ G4+ F6/
8x8Trax_1807282 What did you say vs. Misery Midnight : @0/ B1\ A2/ @2/ C0\ D1/ D0/ E3\ D4/ B5/
8x8Trax_1807334 Sherry vs. Megababe : @0/ B1\ A2/ @2+ @2\ E1+ D2+ D3\ D4\ E4\ E5\ F2+ G2+ G4+ F6/ B4+ E7+ H4/ C0+ D1/ F8+ H8+
8x8Trax_1807347 Geri39 vs. Megababe : @0/ B1\ B2\ A0/ B4/ A4/ C2+ @2/ D0/ E3/ A6/ @5\ A6+ D6\ E5+ B7\
8x8Trax_1807920 Daxie vs. Linda Sue : @0+ B1\ A2/ A3/ B4+ @3\ D3+
8x8Trax_1807993 Megababe vs. torre : @0/ A2\ B2+ A3\ @1/ D2/ D1/ D0/ @3/ A2+ C0+ @3\ D0/ G3/ F6+ @5/ G0+
8x8Trax_1808156 Megababe vs. sithneedow : @0/ A0/ B2+ A0\ @1\ A2+ B0/ C2+ C1+ D1/ C0/ B1+ B0+ D4\ E3/ D1/ B0/ D7\ E6+ C8+
8x8Trax_1808341 curleyquenot vs. marygal : @0+ @1+ B0\ A3/ @3/ C3\ B4+ B5\ C5\ D3/ D2/ E2/ E0+ F3\ F6\ F7\ F1\ G5\ B7/ A7/ @6/ A4+ F0/ A3\ B2\ E1+ H8/ H2+ E8+ A2+ A8+ A1+
8x8Trax_1808535 Megababe vs. TrueIndian : @0+ @1+ C1+ @1+ A0+ @2+ A1+ @2+ C3/ B0\ D2/ E4\ C5/ G3+ H3/ H2/
8x8Trax_1809393 Sherry vs. Megababe : @0/ A0/ B1+ B0\ C1/ A0/ C3+ B5/ @2/ D4\ E4\ D5+ C6\ B5/ A5/ D6\ @4\ A3\ C7/ C8+ @4+ B6+ H4+
8x8Trax_1809408 Chad vs. RubyJoy : @0/ A2\ B1/ B0+ A0/ @2+ @3\ B4+ C0/ E3\ A1\ @3/ B0/
8x8Trax_1809499 Megababe vs. terence : @0/ B1\ A2/ B0\ B3\ B4\ B5\ B0+ A5/ C2/ D3+ @2+ A1\ D1+ B0+ B0\ @4+ A2\ A5+
8x8Trax_1809503 Megababe vs. Lone Outlaw : @0/ A2\ B2\ C2\ A3/ @3/ C1+ @3\ B2+ A2+ A1\ C0/ @3/ B5/ A1+ @2/ B5+ A4/ B6\ G1+ E5+ @3+ C7+ F0/
8x8Trax_1809985 gladriel vs. Sweetcheeks : @0+ B1/ A2\ A0+ A0/ @3\
8x8Trax_1810186 cpt_vimes vs. Megababe : @0/ A0/ B1+ B0/ B4\ C4\ C2+ C5+ D4/ D5+ B6\ E4+ E3/ F3/ D2+ E1\
8x8Trax_1810323 basplund vs. Allison : @0/ A2\ B1/ @1/ A0/ @1/ A3\ B4+ A5\ @3+ F2\ F3\ G3\ A2\ F4+
8x8Trax_1810324 basplund vs. sAsSy cAt : @0/ A2\ B2\ B3+ @3\ C4+ A4/ @4/ @4/ E1+ F2+ F3\ C1\ C0\ C6+ B3\ E7\ F7\ G7\ B1+ G3/ C7+ H4\
8x8Trax_1810419 basplund vs. Allison : @0+ @1\ C1\ A0+ A0/ @1/ D1/ @1\ F2\
8x8Trax_1810424 basplund vs. Allison : @0/ A2\ B1/ A3\ @2+ @2/ D3\ E1/ C4+
8x8Trax_1810709 Jane vs. gladriel : @0/ B1+ B0+ A3\ B0+ B4+ C3+ D3\ C4\ C5\ D5\ D6\ E6\ C2/ A1\ A0\ @3+
8x8Trax_1811147 * Sassy_Angel * vs. Lone Outlaw : @0/ A2\ B1/ A3\ B3+ C1/ @2+ A4\ @2+ E3\ F1/ G2/ E4\ B5/ A5/ A6/ H2+
8x8Trax_1811348 drgnrdr vs. Sarah : @0/ A0\ @2\
8x8Trax_1811558 Megababe vs. Sherry : @0+ @1\ C1\ C2+ B3\ A0+ A4/ @2\ C5/
8x8Trax_1811886 Elvis vs. Dawn : @0/ A0/ B1+ A3+ C2/ @1\ A0\ A4/ @4/ C5\ D6/ A3+ @4/ @4+ E1/ F0\ B8/ A8/ G8/ @4\ A3\ C3+
8x8Trax_1811940 Jane vs. keops : @0/ A0/ B1+ B0+ C2+ A4+ A5\ @2\ A1\ D5+ C0\ A0\ @2+
8x8Trax_1812082 grade1teacher vs. Marko : @0/ A2\ B2\ B3+ B1/ C1/ @2+ C4+ C5\ D2\ E1/ D5\ E2\ F3/ A4/ @4/ F4+ A3\ @3\ B6/ A6/ C7+ F0+ C2+
8x8Trax_1812083 Phil The Hat vs. dboy97 : @0/ @1/ C1/ D1/ B0+ A0/ C1+ B0\ A5/ @5/ F5\ A6+ @3+ @3+ B0\ H4+
8x8Trax_1812090 c-g vs. supermac : @0/ B1\ B2\ C2\ B0+ A3+ A4/ A5+ @5/ @5+ E6+ F6\ G5+ B6/ A7/ C7\
8x8Trax_1812346 basplund vs. Allison : @0/ A2\ B1/ B0+ B0/ C1+ D2/ C3+ D4/ B5+ @2/ A5\ A1\ A3+ @2\
8x8Trax_1812551 usman786 vs. basplund : @0/ A0+ A0/ B2+ B3\ B4/
8x8Trax_1812691 oups MIA vs. basplund : @0+ @1+ A2\ B0/ A1+ @2+ D3/ E1/ E0/ E0/ F4/ E5+ F3+ G1/ G0/ G6\ H6\ G7/
8x8Trax_1812939 Geri39 vs. basplund : @0/ @1/ B2+ C2+ C3\ C4\ C0/ D3/ B1+ @1/ A2+ C0/ A4+ A1\ @1+ C0/
8x8Trax_1813180 SIRI vs. basplund : @0/ B1/ @1\ A0\ B3\ D2/ A3/ @2/
8x8Trax_1813187 freaky froggy vs. basplund : @0+ A0/ A3+ B3/ A4+ @3\
8x8Trax_1813251 basplund vs. freaky froggy : @0/ A2+ A3/ @3/ @2/ A3+ A1\ @2/ C0/
8x8Trax_1813262 freaky froggy vs. basplund : @0/ B1/ B2\ C2\ C1/ D2/
8x8Trax_1813293 freaky froggy vs. basplund : @0/ A0/ B2\ B3/
8x8Trax_1813458 AngelLove23 vs. basplund : @0/ @1/ A0/ A0/ B1\ @1\ A0\ @1+ C1/ C0/ C6/ @6\ A4\ F6/ A3+ B1/ D0/ B8+ @4\ A6+
8x8Trax_1813622 nemoy vs. basplund : @0+ A0\ @1\ A3\ @1+ C0/ D1+ E1\ D2\ E3/ @2/ F4\ G3/ D5\
8x8Trax_1813774 Oartkickel of the Wolf Pack vs. tjancira : @0+ B1/ @1/ A2/ @1\ A0\ @3/ A4/ F2\ F3\ C4+ D1/ B0\ E6/ @5/ C6\ B7+ @5+ H2/ H1+
8x8Trax_1813776 gladriel vs. Megababe : @0+ B1\ A0/ @2/ D2\ B3+
8x8Trax_1813791 * vs. itb4me2 : @0/ B1\ B2\ A2+ B3\ C3+ A4/
8x8Trax_1813881 keops vs. jbdobie : @0/ A0/ A3/ A0/ @3/ C3\
8x8Trax_1813999 * vs. Dawnas AZ : @0/ B1+ B0+ C2+ B0+ A4/ A5+ @4+ B6+ @4+ C7+ @4+ E0+
8x8Trax_1814073 Megababe vs. dingbat : @0/ A0/ B2+ @2\ C3/ D1\ A3+ E2/ D3+ @3+ C4/ B5\ @3\ B1\ D0/ D0+ F6\ F7\ H5+
8x8Trax_1814247 Cynashmar vs. basplund : @0+ @1+ A0/ B3\ C3\ D2\ A3+ D1/ D3+ B0/
8x8Trax_1814317 bear MIA vs. basplund : @0/ B1/ C1\ A2+ B3+ @1/ D2\ C4\ A0\ D5/
8x8Trax_1814397 LION vs. basplund : @0/ B1/ C1\ C2\ D2+ @1/ C2+ C0/ C4/ A0+ @2\ F1/ G4/ D0/
8x8Trax_1814454 King Pete vs. basplund : @0+ A0\ @2+ A3/ @3+ @2/ E2/ A1\ C0/ @3\
8x8Trax_1814563 Dawnas AZ vs. basplund : @0/ A0/ @2+ @2/ D1+ C0/ B4/ A1\ B0+ @3/
8x8Trax_1814565 nasher vs. basplund : @0+ A0/ B1+ C1/ C2+ C3\ B4+ D2+
8x8Trax_1814620 Chad vs. RubyJoy : @0/ A2\ B2\ B3+ @3\ B4+ @3\ B1+ E3\ E4\ E5+ F3/ F2/ F1/ A5/ C0+ @5/
8x8Trax_1814625 freaky froggy vs. basplund : @0/ @1/ B2+ B0\ C2/ B0+ D3/ A1\ @3/ F3/ G2\ C0/ C0/ D7/
8x8Trax_1815280 Dawn vs. Chad : @0/ A0/ B1+ C2+ C3+ D2/ C4\ B4+ @2/ @3\ @2/ A5+ @5+ C6/ E0/ D8+ G6+ A7/ A8/ G7+ H6+ G2+ DRAW
8x8Trax_1815529 SunnyD vs. STrek : @0+ @1+ A0/ A3/ @3+ A4/ B0/ D3+ A1\ @3+ B0/
8x8Trax_1815730 TillyMay vs. basplund : @0/ A0/ A0+ B1/ A0+ @1\ A2+ C4\ @2\ E2\
8x8Trax_1816100 supermac vs. drgnrdr : @0/ A0/ @1+ @1\ C0/ @2\ B3+ A4\ D0/ E3\ F3+ F4\ F5\ B6/ @5/ G6+ D7+ H6/
8x8Trax_1817593 Megababe vs. bcurb OTF : @0/ @1/ A0+ C2\ C3\ B3+ @1\ C0/ D1/ E1/ F3+ G2\ E5/ F0/ G6\ D1+ H5/
8x8Trax_1817594 Jane vs. Megababe : @0+ @1/ B0+ C1/ D1/ D2\ D3+ E1\
8x8Trax_1817628 bcurb OTF vs. Megababe : @0+ B1+ B2\ @1/ C0/ D3\ D0\ E4\ D5\ B4+ C6+ A5+ @5/ F5\ A7+ G5+ H5/ F7\ C2+ D8+
8x8Trax_1817783 ejd vs. pat : @0+ @1\ A2\ A0/ @2\ C1+ B0/
8x8Trax_1817873 Pamper Me vs. toadisgimpy : @0+ A2\ B1+ B0/ B0+ B0\ A2+
8x8Trax_1818089 Jane vs. Megababe : @0+ A0/ B1/ C1/ D1+ D0\ E1+ B4+ A4/ @3\ @3+ C0+ E0+ C7/ A2+ F7\ D0/ G7\
8x8Trax_1819352 Linda Sue vs. Pamper Me : @0+ B1/ B2/ A0+ @2/ B0+ B0/ D4+ C1\ C6/ E4/ E3/
8x8Trax_1819355 Linda Sue vs. Misfit Lenrad6672 : @0+ @1/ A2/ C2\ C3\ B3+ B4/ D3+ C1+ C5\ D5\ D6\ B0/ E6+
8x8Trax_1819363 Pepsi Fan vs. Linda Sue : @0/ A0/ B2+ @2\ B3+ A1\ A0\
8x8Trax_1819364 Pepsi Fan vs. Linda Sue : @0+ B1/ B0+ A3/ B0/ C1/ @4/
8x8Trax_1819365 Pepsi Fan vs. Linda Sue : @0/ A0/ @2+ B0/ @2/ D2\ E1/
8x8Trax_1819716 dolcol (LAW-10) vs. drgnrdr : @0+ @1\ A2/ @1\ A0+ A0\ A0\ B1\ A0+ C2+ A0+ C1/ D2\ B0+ C8+ E5+ @4+ @4+ H5\ H7+
8x8Trax_1820072 Dawnas AZ vs. Chef Jeff 1 : @0/ B1+ B0\ A3/ @1+ @2+ C4+ E2+ F2/ F1/ D0+ @3+ D6+ H2+
8x8Trax_1820524 Daxie vs. Linda Sue : @0+ @1\ @1/ A2/ C0\ D2/ B1\ C0/ @3+ B5\ C5\ C6\ B1+ D6/ C0+ D5\
8x8Trax_1821057 Chad vs. Rogue Trooper : @0/ A0+ A3+ B2\ A4/ C2\ B1+ D2+ B0/ D4\ E4+ E2+ B0/ F3/ A1\ RESIGN
8x8Trax_1821058 Rogue Trooper vs. Chad : @0/ @1/ B0/ @1+ C0/ @3\ B4+ E2/ B0\ A1\ @1\ @1+ C0+ H5+ H6\ H3+ RESIGN
8x8Trax_1821059 Chad vs. dingbat : @0+ A0/ B1/ A3/ A4/ C2+ @4/ @3+ C0+ B1\ B0\ A1\ @1+ C0+ D8\ E6+ G4/ G3/ F2\ G6/ @4/ A5/ G7+ DRAW
8x8Trax_1821060 dingbat vs. Chad : @0/ @1/ @1/ @1/ C0+ D3+ C0/ C0/ D6+ E1/ E0/ D8\ C8/ E7+ E5\
8x8Trax_1821061 Chad vs. FrodoBaggins : @0/ B1/ A2\ C1+ C2+ D1\
8x8Trax_1821062 FrodoBaggins vs. Chad : @0+ @1+ C1+ D1+ D2+ D3/ D0\ C3/ B1\ C0\
8x8Trax_1821063 Chad vs. tjancira : @0/ A2\ B1/ A3\ A4+ A5\ B4/ C1\
8x8Trax_1821064 tjancira vs. Chad : @0/ @1/ B0+ A0/ A4/ @1+ D4\ C5/ @3+ A5\ E2/ F2/ F3+ @2/ B1+ D0/ @4\ A5+ D6\
8x8Trax_1821065 Rogue Trooper vs. dingbat : @0/ A0/ B2+ C2\ A3/ D2\ E3/ @3/ A4/ E1+ D0/ G3/ A1\ @2\
8x8Trax_1821066 dingbat vs. Rogue Trooper : @0/ A0+ @1+ B0/ C2\ B4/ @2\ E4\ E5\ E1/ A4/ F3/
8x8Trax_1821067 Rogue Trooper vs. FrodoBaggins : @0/ A0+ @2\ A1\ C2/ B3/ D3/ A0\ @4+ @2/ B0/ B6/ A6/ A7/ @4\
8x8Trax_1821068 FrodoBaggins vs. Rogue Trooper : @0+ A0/ A0+ @2\ A3+ @2/ A3+ B4\ D2\ A1\ C0+ @2/
8x8Trax_1821069 Rogue Trooper vs. tjancira : @0+ A2/ @2\ B0/ C1+ B4\ C4\ D4\ A1+ B0+ E5+ D6/ E2/ D1\
8x8Trax_1821070 tjancira vs. Rogue Trooper : @0/ A0+ B1/ B0\ A1\ @1\ @2+ @3\ B4+ B0/ B0+ A1+ @4\
8x8Trax_1821073 dingbat vs. tjancira : @0/ A2\ B1/ A3\ B2\ C1/ B0/ C1+ @2/ B0+ B0/ D2+ @3+ E5\ F4/ E6+ F6\ G5\ A1\ C0\
8x8Trax_1821074 tjancira vs. dingbat : @0/ A0/ B2+ @2+ @2+ C3/ C0\ C0\ D2+ B2+ B6\ E4\ A3\ A2\ C0/ B1+ @5/ D8+
8x8Trax_1821075 FrodoBaggins vs. tjancira : @0+ A2/ A0/ B1/ B3+ C1+ C0\ @1/ A4/ A5/ B6/ B7+ A6+ @5\ B7/ A3+ E5\ F4/ C8+ G4\ G5\ A7+ @5\ A7+ F7+ E8\ G7+ G3+ F8+ H3+
8x8Trax_1821076 tjancira vs. FrodoBaggins : @0/ A2+ B2\ C2/ @1+ A2+ @1\ A0\ C0\ A1/ D1/ E3+ D0\
8x8Trax_1821093 the great snowqueen vs. Goonerg : @0+ A2/ @2\ B3/ B0\ A1\ A0\ @4+ D4/ @3/
8x8Trax_1821094 Goonerg vs. the great snowqueen : @0/ B1\ A2/ @2/ B0/ D2\ D0/ A5\ E2/
8x8Trax_1821097 Atticus Finch vs. Goonerg : @0/ @1/ B0+ A3/ C3\ A4+ C1/ D3+ C4\ C5/
8x8Trax_1821098 Goonerg vs. Atticus Finch : @0/ B1\ A2/ A0/ @2+ C3+ B4/ C0/ D1/ B1+ D4/ E2\ @4\
8x8Trax_1821099 Geri39 vs. Goonerg : @0/ A2/ A3\ B1+ A0\ @3+ A4+ @3/ A5/ @3/ C1+ F3/ F4\ E5+
8x8Trax_1821100 Goonerg vs. Geri39 : @0/ B1\ A2/ @1+ B0+ C3+ B4/ @4/ C5/ A2\ B0/
8x8Trax_1821113 Gnahaha vs. Phil The Hat : @0+ @1+ @1+ A0\ @2+ A3/ B3+ @2+ C0\ C0\ D3+ @4+ B2/ @4+ E6\ H4+
8x8Trax_1821114 Phil The Hat vs. Gnahaha : @0/ B1\ A2/ B2\ A3\
8x8Trax_1821117 Gnahaha vs. drgnrdr : @0+ @1\ A2/ @2/ A1+ B3\ C3\ D3+ C4/ C5/ A0\ @2+
8x8Trax_1821118 drgnrdr vs. Gnahaha : @0/ B1+ A2/ B3\ C3\ @2/ @3\ A4/ @3\ D5+ F1/ G2/ G4+ A4/ @4\
8x8Trax_1821119 Phil The Hat vs. RubyJoy : @0/ B1/ C1+ C0+ C0+ C0+ A3\ C0+ A2\ B6+ D3\
8x8Trax_1821120 RubyJoy vs. Phil The Hat : @0/ A2+ @2+ @2\ A1\ A0+ @2+ @2/ A4+ E1/ C0/ D0\ F4/ E1/ D0\ F7\ G5+ G4+ D7\
8x8Trax_1821121 Phil The Hat vs. drgnrdr : @0/ A0/ A3/ B2+ A0/ B5\ C3\ D4/ C2+ @1/ B0/ E2+ C7\ E6\ F5/ G3+ B8/ A6+ D7+ A3/ @2+ A7/ A8/ B4+ A4/
8x8Trax_1821122 drgnrdr vs. Phil The Hat : @0/ B1+ C1/ C0/ B0/ @3/ B1\ B0\ @4/ @4/ C3+ A5/ E6/ F5+ A6+ @3+ C2+ B1+ E0\ @6/ A7/ B8\ H3/ H2/
8x8Trax_1821123 RubyJoy vs. drgnrdr : @0/ A0/ @2+ @1/ A0+ C0\ D3+ A1\ @3/ F3\ @1\ B0/ @3+ F6+ E6/ E0\ F2+ C1\ B1\ H4/ A6+ F8+
8x8Trax_1821124 drgnrdr vs. RubyJoy : @0/ @1/ A2/ B3/ C2+ B4/ A4/ D2/ E2/ D0+ B1+ @4+ B0/ @2+ H3+ C0+ F2/ D1+ G6\ H6+ F7+ C8/ A8+ G1+ H7\ H8\
8x8Trax_1822978 Marko vs. csain1 : @0/ A0/ @2+ A0/ @3+ @3\ A2\ B1\ C0/ A2+ @3+ E5\ F3+ @4\ A5+ H4/ H5+
8x8Trax_1824882 Chad vs. RubyJoy : @0/ @1/ @1/ A0/ @2/ B0+ C4/ A4/ @4+ D2+ E1\ C0+ F5\ F6+ F2/ C0+ F2\
8x8Trax_1825383 Chad vs. Dave (UK) : @0/ B1\ A2/ @2+ @1/ A0+ A0/ D2+ B0\ E3+ F3\ E5+ B6\ @2+ F1/ F0/ H5+ A5/ A7+
8x8Trax_1825410 Megababe vs. Stinger : @0/
8x8Trax_1825458 muffin man vs. gladriel : @0+ @1\ A2/ A0/
8x8Trax_1825489 STrek vs. PinkyDot : @0/ B1\ B2\ C2+ B0+ A1+ A0\ @3/ E4/ @3/ A4/ B5+ D5+ @3+ @3\ D6+ C0+ C0\ G7+ H7\ G8/ G3/ G2/ F1+ B7+ A7/ A8/ H2+ H1/
8x8Trax_1825820 RubyJoy vs. keops : @0/ @1/ C1/ D1/ B2+ A0+ B0\ E2\ C5/ F5+ D6/ F1/ C0+ G3\
8x8Trax_1825821 keops vs. RubyJoy : @0/ @1/ C1/ B2+ D1/ D0/ A0\ @4\ E5\ F3+ A5/ B6+ C7/
8x8Trax_1825822 RubyJoy vs. Phil The Hat : @0/ @1+ @1+ A2+ @1+ B0/ D0+ D4\ E2\ B5\
8x8Trax_1825823 Phil The Hat vs. RubyJoy : @0/ @1/ C1/ B2+ C0+ D3\ B4\ D1/ E3+ A0+ @4\ B5+ F2+ @1+ F1/ D0\ H4\
8x8Trax_1825826 keops vs. Phil The Hat : @0/ A2+ A3/ @3/ @3+ B1+ C0/ C0+ A2+ C0+ D2\ @5/ B1\ A1\ @4+ D0\ D8/ F8+ G3\ @6\ A7+
8x8Trax_1825827 Phil The Hat vs. keops : @0/ A0/ A3/ A0/ B4+ @4/ A5/ A6+ @4+ E2+ A6/ @6/ E7+ F4\ G3/ F8/ G5/ @6\ A5\ B7+ B8\ A7+
8x8Trax_1825828 keops vs. REBEL DJ : @0/ A2+ A3/ @3+ @2/ B1+ @2/ D0+ E1/ C0/ E4\ F3\ D6/
8x8Trax_1825829 REBEL DJ vs. keops : @0+ A0/ A3\ B3\ C3+ B4/ D3/ D4/ B5/ E1/ D0\ E5\ E6\ F3\
8x8Trax_1825830 Phil The Hat vs. REBEL DJ : @0/ A2+ @2+ @2\ A1\ A0\ @1\ E2+ A0+ D2+ @4/ A5/ @3+ @2/ A1+ H2+ H1/
8x8Trax_1825831 REBEL DJ vs. Phil The Hat : @0/ A2+ @2+ B0/ B4/ B5/ A2+ C1+ A0\ @2/ C7/ C8/ A5+ D7+ E5\ @3\ A1+ @1\
8x8Trax_1825832 Tigger vs. Rogue Trooper :
8x8Trax_1825833 Rogue Trooper vs. Tigger : @0/
8x8Trax_1825836 Tigger vs. Goonerg :
8x8Trax_1825837 Goonerg vs. Tigger : @0/
8x8Trax_1825838 Rogue Trooper vs. What did you say : @0/ A2\ B1/ B0/ B3\ C1+ @3\ E1\ C0/ D4+ C5/ E5+ F5\ @3+ @1\ E0/ G1/ H1+ F0/
8x8Trax_1825839 What did you say vs. Rogue Trooper : @0/ A0+ @1+ B0/ C1+ D2/ C3+ B4/ A1+ @2/ C5/ E4+ C6+ @2/ C6+ G1/ E0/ E8/ G4+ @6+ A8+
8x8Trax_1825840 Rogue Trooper vs. Goonerg : @0+ A2+ B1/ B0+ @2/ D2/ E2/ C0/ E4+ B5/ A2+ @2\ A1\ B0+ @3+ G1/ RESIGN
8x8Trax_1825841 Goonerg vs. Rogue Trooper : @0/ A0+ A0/ @2+ C1+ D2/ C3+ E2/ D4/ C5\ A4+ D0+ F3+ G3\ E7+ G2/ H1\ D0/
8x8Trax_1825842 What did you say vs. Goonerg : @0/ A2/ B2\ A3/ @3/ D2\ B4+ D3+ C0\ @4/ A0+ @1\ F1/ D0/
8x8Trax_1825843 Goonerg vs. What did you say : @0/ B1\ A2/ @2/ B3\ C2+ D2\ D3\ A4+ B5+ E4/ D6+ E1/ C0\ F3/
8x8Trax_1825844 Kevin vs. klaashaas : @0+ @1\ C1\ A0+ A0/ B0\ A0/ @3/ D1/ E4\
8x8Trax_1825845 klaashaas vs. Kevin : @0/ A0/ A0/ A0/ A5/ B3+ @3\ A1\ B0/ @4+
8x8Trax_1825846 Kevin vs. Amanda : @0+ @1/ C1/ C0+ C0\ A2+ B4+ @2\ @2\ C0\ A5/ @4\ D6/
8x8Trax_1825847 Amanda vs. Kevin : @0/ A0/ B1\ A3\ B3\ B4\ C2/ @1\ A0\ A5/ @4/ C6/
8x8Trax_1825848 klaashaas vs. Amanda : @0/ @1\ B0\
8x8Trax_1825849 Amanda vs. klaashaas : @0/ @1/ A2/ @1/ A0\ @2/ E3\ D4/ D0\ D0\ E3/ F4\ C2+ A2/ @2/ C5+ F1+ @2/ D1+ D0\ A5+ C7+ D0\ G2\ H4\ E8/ DRAW
8x8Trax_1825880 doc harley vs. The Viking : @0/ A2\ B1/ B0/ B3\ C2+ B4/ @2+ D3+ E3\ B4/ A4/ D4\ D5\ D0/ E2\ F4\ C6/ D7\ C1+ F3/ G3/ D8/ C8/ E8/ F7\ H2\ G6+ H7\ H8\ H5\ F1+ B7\ A6+
8x8Trax_1826778 Dawn vs. Megababe : @0/ B1\ B2\ C2\ A2/ A3/ A4+ B3+ @3/
8x8Trax_1826936 Dawn vs. Megababe : @0/ A2+ @1\ B0/ @2+ A3+ @2\ D4\ E1+ B1+ D5\ F2/ G4+ D0/ D0+ H5+ D0+
8x8Trax_1827214 Pamper Me vs. Megababe : @0+ A2+ A0/ B2\ @1/ B0/ D4/ C5\ A4/ @2/ @1\ C0+ @3/ B4+ @2\ C1\ E0\ E7/ E8+ D6+ B5/ C7+ A2+ C8/ A6+
8x8Trax_1827424 Goonerg vs. SunnyD : @0/ B1/ B2\ C1/ D1/ B3+ @1/ C4+ E2\ F2\ C0+
8x8Trax_1827455 Phil The Hat vs. grade1teacher : @0/ B1\ A2/ A3/ A4/ B2\ A5\ B5\ B6\ B4/ C4/ C2+ C6\ D6\ @2+ A5+ B0+ C8+ @6+ A7/ @7/ A8/ @8/
8x8Trax_1827866 Scorpio-Lady vs. Fallen Angel : @0+ @1/ @1\ A0\ A0\ A4\ A5/ @5/ C2/ A4+ @3/ F3/ E1/ D0/ @5/ D0\ C1\ A2\ @5/
8x8Trax_1829144 Jump This vs. dboy97 : @0/ @1/ @1/ @1/ B0/ D1/ D3+ E1/ B4+ D0+ @1+ C0/ A6/ @5/ C7/
8x8Trax_1829169 BrnIdGirl vs. tjancira : @0/ A0/ @2\ B0+ A1/ C1/ C0/ C4\ D2/ B5\
8x8Trax_1829327 Chef Jeff 1 vs. TrueIndian : @0+ @1+ A0+ @2+ B3+ @2+ C0+ E3+ @3/ A4/ G3/ G2/ H2\ H3\
8x8Trax_1829750 King Pete vs. basplund : @0/ @1/ A2+ @2+ D2+ E2/ C0/ B4/ D4/ D0\ F4/ F0+ G1/ B1\ A3/ C0/
8x8Trax_1830134 Pamper Me vs. toadisgimpy : @0+ @1\ A2/ @2/ B0+ D2/ C0/ C4\ C5\ B1+ D1+ C0+ E4/ F4/ B6/ C7\ A1\ A0\ D2+ C1\ B8+ A7/ G4\ E2/ H3/ E1+
8x8Trax_1830714 Brendans Grandmom vs. Cherokee Girl : @0/ A2\ B2\ B3\ B1/ C1/ C0\ C4/ B1\ D1\ B0/ E3\ @3\ A2\ E1/ F1/ @2\ A1\ C0\ H3+
8x8Trax_1830741 Dawn vs. Elvis : @0/ B1\ B2\ A2+ C1/ C0/ A4+ @4/ C5/ D4+ E4\ C1\ C0\ A4\ @5/ E7\ F7\ G7\ C7+ F1/ E0+
8x8Trax_1832483 Rogue Trooper vs. Keizer Soze : @0/ @1/ B0/ A0+ @3/ C0\ C0\ @5+ A6/ E2+ D6+ E6+ F6/
8x8Trax_1832526 Chef Jeff 1 vs. Menelao : @0+ @1+ A0+ @2+ B3+ @2+ E2\ E3\ F3\ A3/ A4+ G2/ F1+ G4/ B5+ H3+
8x8Trax_1832732 Megababe vs. Pamper Me : @0/ A2\ B2+ B1+ C2+ C1+ D1/ D2+ E2+ C3\ C0\ B4/ D5/ C0/ A2+ @4\ F5+ F7\ G6/ F2+ C1+ E1+ D0+
8x8Trax_1832733 Kevin vs. Megababe : @0/ B1\ A2/ @2/ B0+ @2+ B0/
8x8Trax_1832753 Jiggs vs. crow57 : @0+ B1+ @1/ A2/ @1\ B0/ B4/ E2+ C5\ D3+ @3\ F3\ A2+ B1+ B0\ A2\ @2\ A1\ G6\ F7+
8x8Trax_1833842 heidibb vs. GOOOD BYYYYEEE : @0/ A2+ A0+ B2/ C2+ A4+ A0\ @1\ A0\ @1\ D1/ RESIGN
8x8Trax_1836251 Arctic Warrior vs. Janine MIA : @0/
8x8Trax_1836467 Chef Jeff 1 vs. Dawn : @0+ A0/ A3+ B3/ @2\ @2\ B3+ @1/ B0\ B0+ A1\ @3/ C0+ F2/ E1\ G4/
8x8Trax_1836517 drgnrdr vs. Barbie : @0/ B1\ A2/ @2+ A0/ @3+ A2+ @3+ A2\ B0+ B5/ @4+ A2+ C0\ E2\ F2+ F1+ E0/ G3/
8x8Trax_1836527 drgnrdr vs. Sarah : @0/ A0/ A3/ B1\ B3\ A4/ C2+ D2/ A5/ @3+ F2/ E3+ E0+ D0/ @5\ C8/ H4/ E6\ G6+ A8+ C1\ H1+ A2+ H7\ H8/ G7+ B1\
8x8Trax_1836639 dingbat vs. drgnrdr : @0/ A0/ @2+ C2\ B3/ @3\ @3\ B1+ C0+ A5\ @3\ A5/ @3/
8x8Trax_1836806 Nina vs. Rogue Trooper : @0/ A0+ @1+ B0/ A1+ C3/ C4\ D4\ B5/ A5/ @3\ E1/ D0\ F4+
8x8Trax_1836807 Rogue Trooper vs. Nina : @0/ B1\ A2/ B2+ @1+ C3\ C4\ D3\ A4/ @1+ C5/
8x8Trax_1836812 Nina vs. Goonerg : @0/ @1/ B0+ A0/ @2/ B0/ A4+ A5/ B5+ D2\ @2+ A4+ E5\ F3/ D6\
8x8Trax_1836813 Goonerg vs. Nina : @0/ A2\ B1/ B0+ @2/ A4/ @2/ C5\ D4/ E4/ C0/ E6\ F5/ C7+ A7+ @6/ G3/ D8+ H4/
8x8Trax_1836814 Rogue Trooper vs. What did you say : @0/ A2\ B1/ B0/ A0+ @3/ C0\ D2\ D0+ E1/ F1+
8x8Trax_1836815 What did you say vs. Rogue Trooper : @0/ A0+ A0+ @1/ C3/ @3/ A4/ C4+ @4+ C0/
8x8Trax_1836816 Rogue Trooper vs. SarahMills : @0/ A2\ B1/ C1/ B2+ A3\ @1/ D0/ @1\ D0+ A5/ @2+ C6/
8x8Trax_1836817 SarahMills vs. Rogue Trooper : @0/ A0+ A0/ B2+ C1\ B3\ B4\ D3+ E2\ A0/ @3/ A2+ @2\ C0/ B5/ A0\ @1\ G8\ H8\ D7+ D8/ F1+ G4+ A3/ B7/ H1+ A7+ B8+
8x8Trax_1836818 Rogue Trooper vs. Goonerg : @0+ A2+ A0+ B2+ A4+ A5/ @5/ C4\ A1/ @5+ D6\ E6\ E7\ E2\ D8+
8x8Trax_1836819 Goonerg vs. Rogue Trooper : @0/ A0+ B1\ A0/ C3/ C4+ @1/ B0/ @2/ A0+ @3/ F1/ D0/
8x8Trax_1836822 What did you say vs. Goonerg : @0/ @1/ A0+ @1\ B3/ D2/ @1+ C0+ E5+ F3/ A5/ E6/
8x8Trax_1836823 Goonerg vs. What did you say : @0/ B1\ A2/ @2/ B0/ B4+ C3\ B5/ D2+ @1+ C0/ A6/ @2/
8x8Trax_1836824 SarahMills vs. Goonerg : @0/ @1/ C1/ @1/ A2/ C0+ C0+ A1\ @3+ C0+ @5\ D6+ B6+ F7+ G7\ H6+ H3/ H2+ D7/ E0/ F2+ G1+ D1+ A4+ DRAW
8x8Trax_1836825 Goonerg vs. SarahMills : @0/ A0/ @2/ C1/ B3+ D2+ B4/ C4+ @4/ C5/ A1\ C0+ @3/
8x8Trax_1836826 Kevin vs. Jump This : @0/ @1/ @1/ C0+ D1/ D0+ B1+ A0+ @3/ E1+ C5+ F3/ G2\ C6/
8x8Trax_1836827 Jump This vs. Kevin : @0/ A0/ @1/ @1+ C3/ B3/ B0/ D4+ B5/ D1/ E2/
8x8Trax_1836828 Kevin vs. Phil The Hat : @0/ @1+ B0/ @1/ D1/ A0+ @1\ @1\ B0/ F1+ A0\ @1\ F1+ E0+ A4+ B1+ C0+ C0/
8x8Trax_1836829 Phil The Hat vs. Kevin : @0+ B1+ B0\ A3/ @3+ @3\ @3\ @3\ E0/ D2+ E0/ G1/ G0/ E1+ A3\ @3+ H0+
8x8Trax_1836830 Kevin vs. drgnrdr : @0/ @1/ @1/ @1/
8x8Trax_1836831 drgnrdr vs. Kevin : @0/ A0/ @2/ @1/ D2+ C3\ E2/ C4/ E0/ F2\ A4\ C1+ D0+ C0/ G5/ G3+ E1+ @3+ C2+ G6+ E0\ A2+ H3+
8x8Trax_1836832 Jump This vs. Phil The Hat : @0/ A0/ A3/ A0+ @1\ @1\ A0\ D3/ @1+ C0+ F4/ A7+ @5\ G7+ F8\ H6+
8x8Trax_1836833 Phil The Hat vs. Jump This : @0+ B1+ C1+ B0+ D2+ @2/ C0\ B4/ B1\ @3\ A1\ A0\ E2\ D5\ D6\ @4/ A5/ @1\ B0/ C6\
8x8Trax_1836834 Jump This vs. drgnrdr : @0/ A0/ A3/ A4/ B3/ @1+ C1/ A0\ A0+ @1\ E6\ C7/ E1/ F2\
8x8Trax_1836835 drgnrdr vs. Jump This : @0/ @1/ A0/ A0/ @3+ B0+ B5/ C3/ @5\ D6/ A6/ @4/ E2+ F6\ E7/ C8+ F2+ E1+
8x8Trax_1836836 Phil The Hat vs. drgnrdr : @0+ @1/ C1+ A0/ @2/ D3/ D1+ B0/ B0/ C0\ E1+ B0/ @4+ B8/
8x8Trax_1836837 drgnrdr vs. Phil The Hat : @0/ B1+ C1/ B0\ @1/ B0/ E1+ E0/ @2+ A1\ F0+ G1/ A1+ H1\ C0/
8x8Trax_1837582 heidibb vs. GOOOD BYYYYEEE : @0+ B1+ B0+ C2+ B3\ D2+ B0/ C2/ E3/ A4/ A5/ D4\ D5\ B0\ A2/
8x8Trax_1837592 Sarah vs. drgnrdr : @0+ @1+ C1\ @1+ C2+ A2+ @2/ D3\ E4/ C0/ C0/ E2+ F1\ B2+ G3/ B5\ A6/ @6\
8x8Trax_1840530 keops vs. jbdobie : @0+ B1+ B0+ @2\ C0+ C4/ C0\ B1\ D2\ @4\ @1+ B0\ G4\ F5+ RESIGN
8x8Trax_1840531 jbdobie vs. keops : @0+ B1+ B0+ C2+ B3+ D2+ E2/ E1/ E3\ F1+ D0+ D4/
8x8Trax_1840532 keops vs. Jump This : @0/ @1/ C1/ A2/ C3/ D1/ C4/ E1/ E0/ A0+ @4+ F0/ G1/ F8\ G5+ H1/ C6+
8x8Trax_1840533 Jump This vs. keops : @0/ A0/ A0/ A4/ B4\ A5/ A0+ @4+ D2+ C1+ @5+ F4+ A7/ @7/ F6+ D0/ B2\ B1+ A3+ @3/ B6+ H8/ DRAW
8x8Trax_1840534 keops vs. What did you say : @0/ B1\ A2/ @2/ B3\ C2+ A4+
8x8Trax_1840535 What did you say vs. keops : @0/ A0/ @1+ @1\ C0/ D1/
8x8Trax_1840536 jbdobie vs. Jump This : @0+ B1+ A0+ @2+ B3+ @2+ @2\ A1\ A3/ @1+ C0+ @2+ D4\
8x8Trax_1840537 Jump This vs. jbdobie : @0/ A0/ @1/ A0+ C3/ C2/ B0+ D2\ D5+ E2\ F1/ D0+ @3+ A2\ D0/ @4/ C7+ C8/ A6+ D1+ RESIGN
8x8Trax_1840540 Jump This vs. What did you say : @0/ B1\ B2\ C2\ D1\
8x8Trax_1840541 What did you say vs. Jump This : @0/ @1/ B0\ B0+ C3/ B4+
8x8Trax_1840790 What did you say vs. Jump This : @0/ @1/ A0+ A0\ @3/ A0/
8x8Trax_1840834 Rogue Trooper vs. dingbat : @0/ A0/ B2+ @2+ C3/ B3/ D2\ E2\ D1+ C4+ F4\ E5+ F1/ G2/ F0\
8x8Trax_1841833 spitfire vs. Misery Midnight : @0/ A2\ B2\ B3\ A4/ @3/
8x8Trax_1841847 Chad vs. Menelao : @0/ @1/ A0/ B1+ A3/ C3+ A4/ @4/ D5+ C6+ @4/ @5\ A7+ B8+ @6+
8x8Trax_1842100 Pamper Me vs. Misfit Lenrad6672 : @0+ B1\ B2\ A3/ @3/ D3\ C4+ D4+ B5\ @3\ B2+ @3/ A4/ B6/ F5+ D7\ E6+ @5/ A6/ @6/ A7/ C8/ G7+ H7\ H8+ D2\ D1+
8x8Trax_1842320 Nan54 vs. somewhere over the rainbow : @0/ B1\ A2/ B2+ C1/ C0/ A1\ @1\ B4\ A2/ @1\ C5/ B5/ F2\ F3\ E0\ F5/ D1+
8x8Trax_1842592 dingbat vs. drgnrdr : @0/ A0/ @1+ B0\ @2\ B1+
8x8Trax_1842598 dingbat vs. Morticia : @0/ A2\ B1/ B0+ B3+ B0+ C4+ C5\ D4/ B5/ B6/ @5+ @4/ B2\ B1\ C0/ A3+ @5/ D0/ F4/ B1\ A3/ @6/ G2+ H3+ B1+ A2\ A8/ H1/ H8\
8x8Trax_1842702 DIRKSTRA vs. Chad : @0/ A0/ A0+ @1+ B0/ C1/ B5/ B0+ A2\ @2\ A1\ D0\ D0\ E1+ E4+ F3+ G3\ F5+ D6+ A7+ H3\ H2+ H1\ F7+ DRAW
8x8Trax_1842722 * vs. SunnyD : @0/ A2+ @2+ B3\ C3\ D3+ D4\ D5\ E3+ F4/ E6/ B4+ A4\ F2\ G4/ H4\ H2\ A1+ C6\ A0+ H6\ D1/ D8\
8x8Trax_1842741 SarahMills vs. Whistler Gandalf : @0/ A2\ B2\ B3+ B1/ C2\ D3/ C4+ E2/ D1+ E3+ A4/ @3\ C5+ C0+ A2\ C0/ C8+ F3+ F2/
8x8Trax_1842759 Honeybear vs. muffin man : @0/ A2\ B1/
8x8Trax_1842862 Megababe vs. tjancira : @0/ @1/ B2+ C2\ D2+ C0/ B1+ B4/ @3/ @3/ B2+ D0/ C1+ @3/ C5+ D6\ F1/ D0\ A6\ B7+ B3+ @4+ H3+ F0+ H1+ D1\ B2\ C1+ A3+ DRAW
8x8Trax_1842927 Arctic Warrior vs. Lil-Bit : @0+ @1\ B0/ C1+ C0/ B1+ A0/ @3/ @3/ C5+ @3/ F5+ E6\ G3+ G5\ H3/ D0/ C7/ C8/ F8+ G2/ H8+ B7/ B8/ A8+ H2/ H1+
8x8Trax_1843085 ejd vs. Marko : @0+ @1+ A0/ A3/ @2/ D1/ D0/ E1/ D3\ D0+ C2\ D0/ E5+ F5\ F6\ G4/ D6/ F7+ A3\ F1/ @4/
8x8Trax_1843470 LilSis vs. Misfit Lenrad6672 : @0+ @1/ A0\ @2/ A3/ B0/ C1/ C0/ @5\ E2+
8x8Trax_1844182 Chad vs. cocopuff : @0+ B1\ @1\ B2/ @1\ C0/ A4/ @3+ E4\ B5/ F4/
8x8Trax_1844183 cocopuff vs. Chad : @0/ A0/ B2/ C2+ D2\ C3/ C4/ A3+ D1\ E3/ C5+ F5+ E6\ F1/ C0/ G4/
8x8Trax_1844184 Chad vs. What did you say : @0+ @1+ C1/ @1+ @1/
8x8Trax_1844185 What did you say vs. Chad : @0/ @1/ A0+ B3\
8x8Trax_1844186 Chad vs. drgnrdr : @0/ @1/ B2/ B3/ B0/ C3+ D3/ A3/ D0/ E2+ A1\ @2\
8x8Trax_1844187 drgnrdr vs. Chad : @0+ @1+ A0/ B3\ B4\ A3+ B5\ C5\ @1/ @1/ E6\ F3+ E1+ G2\ E0+ H2/ F1+ B5/ G7+ H5/
8x8Trax_1844190 cocopuff vs. drgnrdr : @0/ @1/ B2+ C2\ D1/ D0/ D4\ E2/ F3+ F4\ C4+ A1\ B0\ @2/
8x8Trax_1844191 drgnrdr vs. cocopuff : @0+ B1\ B2\ @2/ A3/ A1+ C3/ C4/ D4\ B5\ D1/ E3\ C0/
8x8Trax_1844192 What did you say vs. drgnrdr : @0/ A0/ B1\ A3\ B2+ A4\
8x8Trax_1844193 drgnrdr vs. What did you say : @0+ @1+ A0/ A3/ C1\
8x8Trax_1844407 hockeydoll vs. Megababe : @0+ A0+ A0/ B2\ @2\ @1/ E3/ C4/ C5/ B4+ B0+ D1+ D5+ F2+ C0+ D0\ F7\ G7+ F8/
8x8Trax_1844482 marygal vs. Dawn : @0/ A0/ @2/ B0/ C2+ C4/ D2\ B4/ B5/ A5/ @5/ D0\ @6/ D7+ A0\ @6+
8x8Trax_1844717 golfnutrof vs. Misery Midnight : @0/ B1\ B2\ A2+ A3/ C3\ A4/ @4/ D1/ D0/ E4/
8x8Trax_1844818 DINGEROO vs. gladriel : @0/ B1\ B2+ B3/ A3/ @2/ D2/ B4/ C5+ A3+
8x8Trax_1845165 Menelao vs. basplund : @0/ @1+ B0+ B0/ C1/ D2/ A4\ B5/ D3/ E2/ E1/ @2/ @3\ F0+ H3+ F5+ D7/ B7+ E0/ C2+
8x8Trax_1845292 Cozy vs. Misfit Lenrad6672 : @0/ A2\ B2\ B1+ B0/ C3\ A4/ @4/ C5\ D0/ E1/ @5\ A4\ @4\ F0\ B4+
8x8Trax_1845773 Chad vs. tsa : @0+ A0\ @2\ B3/ @2\ B1+
8x8Trax_1846075 Snoopy vs. basplund : @0/ @1+ A2\ B0+ C1/ B4/ @3\ E1/ D3/ B0/ E5\ F2/ D6\
8x8Trax_1846081 RyRy is here vs. basplund : @0/ @1/ A2+ C2/ B3/ A0\ @1\ @1\ B0+ D0\ E3+ F1\ B5+ A1/ @1\ A0\ C1+ @3+
8x8Trax_1846106 sithneedow vs. basplund : @0/ A0/ B1+ B3/ C1+ C3\ B4/ D2+ B0\ B0\ A5+ @3+ A5+ D1/ RESIGN
8x8Trax_1846297 Jiggs vs. basplund : @0+ @1+ B0\ A3/ @3+ @2/ D3+ A1\ @1\ C0/
8x8Trax_1846478 Misery Midnight vs. Geri39 : @0/ A2\ B2\ A0/ C3/ B2+ A4/ @4/ C5\ B0\
8x8Trax_1846594 G_net vs. marygal : @0+ B1+ A0/ B3\ A3+ A0\ @1\ A4/ B5\ B6\ C6\ D6\ C1+ E6\ C7/ D1+ D0/ E3/ F5\ G4\ F7/ B1\ A1\
8x8Trax_1846621 Nan54 vs. nursestary : @0/ B1\ A2/ C1\ A3\ B3\ @1\ A0\ D5\ E5\ @3/ A4/ C5\ F4/ G4/
8x8Trax_1847699 Kevin vs. Jump This : @0+ B1+ B0+ A3\ @3\ @2/ C4+ @4+ D5/ F3\ E4+ C6\
8x8Trax_1847700 Jump This vs. Kevin : @0/ @1/ @1/ @1/ C2/ C3+ C0+ A3+ @1\ A0\ A4/
8x8Trax_1847701 Kevin vs. keops : @0/ @1/ @1/ @1/ C0+ D3+
8x8Trax_1847702 keops vs. Kevin : @0/ A0/ @1/ @1+ C0/ D1/ B0+
8x8Trax_1847751 crow57 vs. RubyJoy : @0+ @1+ @1+ @1+ @1/ A2/ @1\ B0/ @2+ @2+
8x8Trax_1848251 Mististar vs. marygal : @0/ A2\ B2\ B3\ B1/ C1/ @2+ D0+ C5/ D0/ B6+ @4\ A3+ A6/ B2\ B7/
8x8Trax_1848440 hockeydoll vs. Chef Jeff 1 : @0+ @1+ B2\ @1+ @1/ A2/ D3\ @2+ F1+ E0+ G3/ E5+ C1/ E6\ C0/ G6/ RESIGN
8x8Trax_1848507 andy99 vs. Chef Jeff 1 : @0/ A2/ A0\ @1+ @1/ B2/ A2+ B3+ A3+ B4\ A4+ @3+ A4/ B5+
8x8Trax_1848522 G_net vs. marygal : @0+ @1/ B0\ C2\ @2/ C3+
8x8Trax_1848697 marygal vs. G_net : @0/ A2\ B1/ B2+ B3\ C2/ D2/ D1/ D0/ E2/ D0/ E2/ F3+ F1\ E0+ E0\ @4+ @2\ E0+
8x8Trax_1848700 SweetCindyJo vs. Oartkickel of the Wolf Pack : @0/ A2\ B1/ B2+ B3\ C3\ @2/ A3/ A4/ A5+ @5/ @5/ D0\ C1\ B1\ B0\ G3\ A2+
8x8Trax_1848806 SarahMills vs. marygal : @0/ B1\ A2/ @2/ D1/ D0/ D0/ C4+ C5\ D5\ E2+ C6+
8x8Trax_1848836 marygal vs. SarahMills : @0/ A2\ B2\ C2\ A3/ @1/ C1+ B0/ C5/ B5/ E2/ E1/ E0/ A5/ @5+ @5\ A4+ G5+ E7+ H3+ C6/ H0/ C2\ E1+ B2+ A4+ B1+ A7/ A8/ D1+ H7+ A1\
8x8Trax_1848838 marygal vs. Mististar : @0/ A2\ B1/ B0\ A1\ @1\ D1/ C0+ C0/ D1\
8x8Trax_1849334 What The vs. Misfit Lenrad6672 : @0+ @1/ @1\ A0\ @1\ B0/ C2+ E3\ B0/ C2/ D2/ D5+
8x8Trax_1850594 Sarah vs. Phil The Hat : @0+ @1+ C1\ C2\ D2\ A2/ A3/ @3/ D3+ A4/ @2\ @2+ A1\ A0\ B0+ D7\ E7\ A7/ C8\ @7\
8x8Trax_1852395 Misery Midnight vs. chromer : @0/ @1\ B0\
8x8Trax_1852788 tsa vs. Chef Jeff 1 : @0/ B1+ B2/ A2+ B0\ @3/ A4/ D2/ @4\ B5+ B2+ A2\ B0\ D1+ @4\ C7+ B1+ E0+
8x8Trax_1852825 Lone Outlaw vs. Chef Jeff 1 : @0+ @1+ C1/ C0/ D1\ D2+ C3/ C4+ C0/ E3\ C6+ @3\ F6\ G6\ H6+ B2+ E0\ F2/ G3/ D8+ C7/
8x8Trax_1853436 Kevin vs. Misfit Lenrad6672 : @0/ A2\ B2\ B1+ B0/ C3\ B0/ D4\ A1\ C5+
8x8Trax_1853663 keops vs. Jane : @0/ A2/ A0/ B3+ @2+ B0+ D3\ C5+ D1/ E1/ C0+ E3+ F3+ A1+ @3/ D0\ E1+ @3+ H5\ H6\ F7+
8x8Trax_1854218 heidibb vs. Menelao : @0+ @1\ B2\ C2+ B3\ A2+ C0\ D3\ E3\ @2\ B5\ @2\ D0/ @4/ A5/ D0+ E7\ A2+ A0+ G4+ H3\ D1/ G2+
8x8Trax_1854220 heidibb vs. TrueIndian : @0/ B1/ C1\ A2+ D1\ B0+ B0\ @1+ A0+ @3\ E2/ E1/ E0/ F6\ G6\ E7/
8x8Trax_1855455 STrek vs. itb4me2 : @0/
8x8Trax_1855590 Pepsi Fan vs. Misfit Lenrad6672 : @0+ @1/ B0/ C2\ B3\ B0\ A1\ @1\ @1+ A0\ B5/ B6/ A5/ @5/ E6/ B0/ C1/ @6\ D8+ A5/
8x8Trax_1855591 Pepsi Fan vs. Megababe : @0+ A2+ A0/ @2/ C3\ @2/ B4\ A1\ @1/
8x8Trax_1856405 baron_backgammon vs. HeatherN : @0/ B1\ A2/ A3+ B2\ B3\ C2\ @2/ C4/ A0\ D4\ @2\
8x8Trax_1857414 Gnahaha vs. Arctic Warrior : @0/ A2\ B1/ B0+ B3\ C3\ @3\ C0+ C5+ D1\ E1\ C6/ B1\ C0/ C0/ F3/ F1/ @6+ A5+ B1\ @2+
8x8Trax_1857516 dgb vs. jaha : @0/ A0/ B1+ @2\ @2\ E1\ D3+ B3+ F2\ E4/ E5/ E6/ D0/ F2+ F0+ F6+ G3/ @5/ A6/ B3+ D2+ D1\ C1\ A2+ C6/ C7/ B8+ DRAW
8x8Trax_1858967 patty vs. basplund : @0/ @1/ B2/ C2/ B3+ C4/ C5/ D4+ E4\ E3+ A3/ @5/ A6/ A2+ @3\ H2+ F6+ H5+ D0/ A5+ A2/ F2+
8x8Trax_1859118 Missing 10851 vs. basplund : @0+ @1+ A0/ A3/ @3+ @2/ B1+ E2\ F2/ F1/ F0/ @2+ D1+ H3\ H4+ F4/ D5\ H5/
8x8Trax_1859146 Rogue Trooper vs. Chad : @0/ @1/ B0/ @1+ A0\ A0+ RESIGN
8x8Trax_1859196 Goonerg vs. dingbat : @0/ A0/ @2/ A0+ @3/ B0/ D3/ @4+ C5+ A1\ @1/
8x8Trax_1859299 Hjallti vs. basplund : @0+ @1+ A2\ B0/ A1+ C2+ @2/ @3\ A1/ @1/ G1\ H2/ C0/ B5/ A4+ B6+ A6/ E6\ F5+ G4\
8x8Trax_1860084 AngelLove23 vs. basplund : @0/ @1/ A2\ C1\ C2\ D1\ B0/ D0\ D4+ B5+ @2\ B1+ B0\ A1\ @2\ E1/ D0/ G4+
8x8Trax_1860157 Menelao vs. basplund : @0/ @1/ B0/ @1+ C0/ @2/ B4\ D0+ E3+ A1\ RESIGN
8x8Trax_1860652 * vs. heidibb : @0/ B1+ B0+ C2\ C3\ B4+ @4+ E4/ B5\ F4/ B6+ D1/ B7+ @4+ D0+
8x8Trax_1860797 Misfit Lenrad6672 vs. CHESSCATJAY : @0/ @1/ A2\ @1\ A0\ A0\ @3/ A4/ A5/ @5/ A6/ E6\ F3/ E7/
8x8Trax_1860798 Misfit Lenrad6672 vs. CHESSCATJAY : @0/ A0/ B1/ @1\ B0/ B0/ D4\ D5\ E3/ E2/ D2+ E6/ F2/ F1/ C0\ C6+ A1\ G4+
8x8Trax_1861067 Whistler Gandalf vs. dboy97 : @0+ A0+ A0+ A0\ A5+ @1/ B6+ B0\ @2+ A3/ C0/ D2\ D4/ A5/ @2\ A4+
8x8Trax_1861068 supermac vs. Rogue Trooper : @0/ A0+ @2/ @1/ B0/ @2/ C4/ A3+ A4+ @4/ B0+ A1\ @5/ A6/ @6/ A7/ @3+ F0+
8x8Trax_1861155 Chad vs. DIRKSTRA : @0/ A0+ B1/ B0/ @3/ D1+ C3+ E1+ C0/ RESIGN
8x8Trax_1861496 Jay RAA vs. ejd : @0+ A0/ A3\ B1/ B0/ @3/ D2+
8x8Trax_1861592 Shreela vs. ejd : @0+ A0+ B2\ @2/ D2/ B3+
8x8Trax_1861636 toni66 vs. ejd : @0/ A2+ @1/ B3\ C2/ D2/ D1\
8x8Trax_1861670 hockeydoll vs. ejd : @0+ A2+ A3/ @1/ C3/ B0/ @3+ C0\ B1\ A1\ A6/ @6/ E6\ C7+ F5\
8x8Trax_1862047 Brooklyn in the Alps vs. Fallen Angel : @0/ B1\ A2/ @2/ B0\ A4+ @4\ C5/ D3\ D4+ E3/ D6\ E6\ D7/ B1\ C0/ D1/ C8+ B8/
8x8Trax_1862060 Brooklyn in the Alps vs. Fallen Angel : @0+ @1/ B0/ A3\ A4\ C2\ B4+ B5\ C5\ D3\ D5/ D2/ E2/ C6\ E5\ @3/ F3+ G4\ A4+ G5+ G6\ F7\ H5/ C7/ G2\
8x8Trax_1862318 Cynashmar vs. basplund : @0+ A0\ @1/ B3\ C3\ D2\ A2+ D1/ D3+ B0/
8x8Trax_1862329 Menelao vs. basplund : @0/ @1/ B0+ B0/ C1/ @3+ B1+ @3+ C4/ B0/ E5\ F3/ E6/
8x8Trax_1862558 Red winged black bird44 vs. basplund : @0/ A0/ A0\ @1/
8x8Trax_1862818 tjancira vs. Jay RAA : @0/ B1+ C1/ A2+ B3/ C3/ B4+ D2/ D4\ E3\ D5/
8x8Trax_1862819 Megababe vs. Shariann : @0+ @1+ C1+ D1+ A0+ @2+ E1+ F2+ D3/ G2+ C1/
8x8Trax_1862927 Chef Jeff 1 vs. Menelao : @0+ @1+ A0+ B3/ B1+ A0\ C4/ D4/ B1+ D2/ E2/ D0+ E4\ F3/ D6+ F5\ G2\ A1\ D0\ @3+
8x8Trax_1862963 dgb vs. Chef Jeff 1 : @0/ A2+ B1/ A3+ C2/ B0+ @3\ D2+ E2/ D1/ D0/ E2/ A1\ @2/ C0/
8x8Trax_1863460 muffin man vs. basplund : @0+ @1+ A2\ A0\ @1\ @2\ D1+ D0/
8x8Trax_1863489 dragon vs. basplund : @0/ A2+ @1\ A0\ @1+ @1/ B3\ D1+ A4/ @4/ F3/ D4+ F2+ C5+ E0/ F1/ D0\ C1\ D8\ E8\ C8+ A8/ @8/ B4\ A7\ C2+
8x8Trax_1863723 Menelao vs. basplund : @0/ @1/ B0+ C2/ B3\ A0/ @1+ B5+ A5/ @5/ A6/ B7+ E4\ F3/ D7+ F1/ D8+
8x8Trax_1864237 heidibb vs. Lone Outlaw : @0/ B1+ B0+ C2\ C3\ D3\ D4\ C5+ @4+ F5/ E6\ @5\ D6\ F7\ D7+ D8/ @6+
8x8Trax_1865752 Dawn vs. ejd : @0/ B1+ A2/ C1\ @1\ B0/ C0\ B0/ D1+ E3/ D6\ E5/ F4\ E1\ F6\ G6\ F2/ G5/ H5+ A3\ C7/ A2+ D8+
8x8Trax_1865827 Sherry vs. ejd : @0/ A2+ @1/ C2+ C3\ @1\ A0\ @2\ D1/ F2/ B0/
8x8Trax_1865963 andy99 vs. ejd : @0+ A0+ A0\ B2\ @2/
8x8Trax_1866029 SunnyD vs. drgnrdr : @0/ @1/ A2+ C1\ B0+ D2\ B0+ B5/ C5+ D5\ D6\ @5/ A6/ A7/ C0+
8x8Trax_1866137 supermac vs. Jane : @0/ B1/ @1\ A0\ B1+ B3+ @1\ A0\ A0+ A0+ @3\
8x8Trax_1867287 SweetCindyJo vs. DINGEROO : @0/ A2\ B1/ A0+ B3\ C2+ @2\ @2/ A3/ C4\ A1\ B0\ @3\
8x8Trax_1867288 jaha vs. Nancy : @0/ A2\ B1/ B0+ @3\ A4/ @3\ C0+ B6+ D1+ D6\ D7\ E4+
8x8Trax_1867304 Jay RAA vs. Honeybear : @0/ B1\ A2/ A3/ A0\ @3/ D2/ C1+ C0/ D2/ B0\ A2/ @4/ B1\ A2/ @4/ F1/ F0+ G4/
8x8Trax_1867306 Scorpius vs. tjancira : @0+ A2\ A0/ B3\ B4\ C4\ C5\ D3/ @2/ @2/ F2/ G3\ H3\ G4\ H4+ H5\ F6/ A1\ A0+ D8+ D1+ F2/ DRAW
8x8Trax_1867366 lapman vs. gladriel : @0+ B1/ B2/ B0\ @2/ B1\ @2+ A3+ @2+ D0\ D5\ @3\ A2\ D6\ G3+ B4/ H3+
8x8Trax_1867554 drgnrdr vs. dingbat : @0/ A0/ A3/ @2+ C2+ D3\ B4/ @2\ A3+ F3\ A5/ B6/ @5\
8x8Trax_1867616 Marko vs. ejd : @0+ B1\ B0/ C1/ C0/ @3/ C4\ D3\ E1+ B2\ B1\ C0/ B6+ @4\ A2\ A1\ A5+ E5\ @4+
8x8Trax_1867745 * Sassy_Angel * vs. Lone Outlaw : @0/ A2+ @2+ B3+ B4/ A3+ @3+ B1\ B0/
8x8Trax_1867810 supermac vs. NightWishes : @0/ A2\ B1/ B2+ B3\ C2/ D2/ C1/ A3+ @3/ A4/ @2\ A1\ B0\ F5\ G4/ E6/
8x8Trax_1868384 * Sassy_Angel * vs. Jay RAA : @0/ A2+ @2+ B3\ C1/ C0/ D1/ A1\ B0/ D1/ E3\ E5\ @4+ E6\
8x8Trax_1868882 Uncle Chuckie vs. Misfit Lenrad6672 : @0/ A2\ B2\ B1+ B0/ C3\ C4\ D4\ D5\ E5\ E6\ B0\ F6+
8x8Trax_1869089 * vs. Misfit Lenrad6672 : @0/ B1\ B2\ C2\ B3/ A3/ B0\ @4/ C5\ A1\ @3\
8x8Trax_1869180 paganje vs. Stinger : @0/
8x8Trax_1869204 DIRKSTRA vs. drgnrdr : @0/ A0/ B1/ B3+ C1/ B4/ @3+ D0/ E4+ A3+ F1/ D0/ @5+ C7+ H3+
8x8Trax_1869255 Marko vs. keops : @0/ A0/ @2+ A3+ C1/ C3+ D3\ D4\ E3\ C5/ B5/ @5/ A6/ F5\ @4+ H3\
8x8Trax_1870248 ejd vs. Marko : @0+ @1+ A2\ B0/ B0/ C1/ D3\ D4\ D5\ E5\ B6/ C7+
8x8Trax_1870891 Pamper Me vs. toadisgimpy : @0+ B1\ A0/ A3+ @1/ D2/ B0/ D2+ B5+ A4+ C0+ C0/ E1+ F2/ E0+
8x8Trax_1871167 Blue Warrior vs. Misfit Lenrad6672 : @0+ @1/ A0\ @2/ C1+ D2\ B3/ @2\ A1\ @1\ A0\ @1\ C0/ D5/ F6\ @5/ B6\ F7\ A6/ B7\ D0/ H4/ H3/ F2/ G2/ H7\ H8\ H2+ H1+
8x8Trax_1871439 golfnutrof vs. Goonerg : @0+ A0+ B2/ @1/
8x8Trax_1871507 jaha vs. rebelyell : @0/ B1\ A2/ B2+ B3\ B4/ C3/ C2/ @3+ A2+ B0/ A5/ D0/ E1/ A1\ @5/ A2\
8x8Trax_1873011 baron_backgammon vs. HeatherN : @0/ A2\ B2\ B3+ C2\ B1/ @2\ C4+ D1/ E2/
8x8Trax_1873446 REBEL DJ vs. STrek : @0+ @1+ A2+ @1+ D1/ D0/ E2+ E3\ F3+ F4\ G3/ F1+ F0\ E5+ D6\ F7+ C7/ G6+ E8/
8x8Trax_1873706 Elvis vs. Dawn : @0+ A0\ A3/ @1\ @2\ A1\ B0\ B0\ A2\ A1+
8x8Trax_1874096 supermac vs. bcurb OTF : @0/ A0/ B2+ B3+ C2/ B4+ A4+ @1\ A0\ A4+ D1/ B0\ E2\
8x8Trax_1874351 Chad vs. dgb : @0/ @1/ @1/ C0/ A0/ A4/ @2\ @3+ B5\ C6/ F2/ F1/ C0\ A2+ E0/ G4\ @3\ C2\ A7+ H2+ H1+ DRAW
8x8Trax_1874732 thvickstr vs. crow57 : @0/ B1\ B2\ A2+ A0\ @2/ C4\ C5\ C6/ A4/ @3\ B1+ B5+ E4+
8x8Trax_1875411 muffin man vs. Honeybear :
8x8Trax_1875787 FrodoBaggins vs. drgnrdr : @0+ @1\ A2/ @1\ C0/ D1/ D0+ E1\
8x8Trax_1875791 FrodoBaggins vs. drgnrdr : @0+ @1\ A2/ @1\ C0/ C0/ D1/ D0/ E2\ E3\ E0/ F4+ F5\ D6/ D7/ B1+ @2\ F0\
8x8Trax_1876210 Kevin vs. keops : @0+ A0/ A3\ B3\
8x8Trax_1876211 keops vs. Kevin : @0/ A0/ @2+
8x8Trax_1876212 Kevin vs. Rogue Trooper : @0/ A0+ A0\ @1\ A0\ @4+
8x8Trax_1876213 Rogue Trooper vs. Kevin : @0+ B1+ A0/ A3/ @3/ @3+ @2/
8x8Trax_1876214 Kevin vs. Goonerg : @0/ A2/ B1\ @2+ B0+ @2/
8x8Trax_1876215 Goonerg vs. Kevin : @0/ A0/ @1+ @1\ A0\ @1\ C0+
8x8Trax_1876218 keops vs. Rogue Trooper : @0/ A0+ A0\ @1\ A0\ @4+ @3+ B0/ B6/ A6/ @1+ D0\ A7+ RESIGN
8x8Trax_1876219 Rogue Trooper vs. keops : @0+ @1+ A0/ A3/ @3/ B4\ C4\ @3/ B1+ C5+ E4\ E6\ F6\ @5/ C6+ G7+ G3/ RESIGN
8x8Trax_1876220 keops vs. Goonerg : @0+ @1+ B0+ A3\ C2\ B4/ @4/ C5/ @3\ B2+ B1\ A1\ C0/
8x8Trax_1876221 Goonerg vs. keops : @0/ A0/ @2/ @1+ C0/ C0+ D3+ B5/ @4+ C6+ A6/ @6/ C7+ @6\ B4+ B3\ A3\ H3\ F7+ D0\ C3+ B2+ B1+ DRAW
8x8Trax_1876222 keops vs. What did you say : @0/
8x8Trax_1876223 What did you say vs. keops :
8x8Trax_1876224 Rogue Trooper vs. Goonerg : @0+ A2\ B2/ @1/ B0/ C1/ C0/ D4+ A1\ E3\ @2/
8x8Trax_1876225 Goonerg vs. Rogue Trooper : @0/ A0+ @2/ @2+ B3/ C0/ B1+ D3/ E3/ B5/ @5/ A6/ A2/ @5+ C0/ F7+ A2+ @4+
8x8Trax_1876226 Rogue Trooper vs. What did you say : @0/
8x8Trax_1876227 What did you say vs. Rogue Trooper :
8x8Trax_1876228 Goonerg vs. What did you say : @0/
8x8Trax_1876229 What did you say vs. Goonerg :
8x8Trax_1876885 * Sassy_Angel * vs. heidibb : @0/ B1\ A2/ @2+ C2+ B3/ @1/ @2\ D0/ F1/ E0\ A5/ D6/ @5\
8x8Trax_1877254 Cookie of the Wolf Pack MIA vs. heidibb : @0/ @1/ A2\ @1+ @1/ C0+ @2\ A1\ C3+ B0+
8x8Trax_1877365 Weth vs. Goonerg : @0/ @1/ A2+ @1\ B0/ D2+ D1\ B4/ D4/ A3+ A1+ B0+
8x8Trax_1877366 Goonerg vs. Weth : @0/ A0/ B1+ A3+ @2/ D1/ D2+ E2\ C4/ C5/ A4+ @3+ A1\ C0+ E1/ G1+ G0/ D1+ H1+
8x8Trax_1877371 Judy vs. Goonerg : @0/ A2/ B2\ B3\ C3+ @2/ C0+ A4\ C5/ B5/ D5\ B6/ E4+ A1\ @2/ F3+ A4\ D7\ E7\ A7/ C8\ @6/
8x8Trax_1877372 Goonerg vs. Judy : @0/ A2/ B2+ A3+ @3/ A2+ B0/ @3\ @3\ D0+ C0/ C7/ @3+ B8/ A7+ @4\ A5+ G2/ H5/ A7/ A8/ F8+ G8\
8x8Trax_1877377 Goonerg vs. dgb : @0/ A0+ @1\ C1/ A0\ D1\ C3+ E2+ C4+ B0+ B0/ E1/ E0/ F5\ F7+ @6/ A7/ @5+
8x8Trax_1877378 dgb vs. Goonerg : @0/ @1/ A2+ B3/ B0/ C1/ C0/ D1/ D0/ E1/ B0+ @5+ G4+ E8+ H7+
8x8Trax_1877379 Goonerg vs. FULL moon CRAZY : @0/ B1\ A2/ B2+ B3\ @2+ B0/ @3+ E3/ F3+ E0/ F3+ B1\ B0+ A3\
8x8Trax_1877380 FULL moon CRAZY vs. Goonerg : @0/ @1/ B0/ @2/ A3+ C0/ @3+ C5/ E1/ E0/ F1/ F0/ G1/ H2+ D8+ A7\ A8+
8x8Trax_1877383 Knight Rider vs. spellbound : @0+ @1/ B0+ C1\ A1\ @1\ C3+ @1/ B2+ A2+ A3/ B4/ @1/ C0/ C6/ B1\ B5+
8x8Trax_1877384 spellbound vs. Knight Rider : @0+ B1\ A2\ B2\ B3\ @2+ @3+ A4+ @3\ B2\ F1/ F0/ E6\ F6\ G5\ B2+ A2/ F7\ G7/
8x8Trax_1877385 Knight Rider vs. Buz : @0+ @1+ A2\ B0/ A1+ @1\ B0\ A3+ @2/ A1\ A0+ @2/
8x8Trax_1877386 Buz vs. Knight Rider : @0+ B1+ B2/ B0/ C3/ B4\ D2+ @3/ A4/ B5/ D4\ E3+ E5\ E6/
8x8Trax_1877387 Knight Rider vs. hANDYman the Rebel : @0+ B1\ A0/ @2/ B3\ D1/ D0/ @3/ F2\ A2\ F3\ B1/
8x8Trax_1877388 hANDYman the Rebel vs. Knight Rider : @0+ B1\ A0+ @2+ A3\ @3\ C4\ D4+ D5\ E3/ A4/ @4\
8x8Trax_1877389 Knight Rider vs. BIGDOGs : @0+ B1\ A2/ A0\ @2+
8x8Trax_1877390 BIGDOGs vs. Knight Rider : @0/ B1+ B0+ B3+ C2/ C3\ D2\
8x8Trax_1877393 spellbound vs. hANDYman the Rebel : @0+ B1\ A0/ @2/ B3\ D1/ D0/ E2+ E4\ C5/
8x8Trax_1877394 hANDYman the Rebel vs. spellbound : @0+ B1\ A0+ B3/ C2/ C1/ C0/ A4+ @3\ B1\ A0/ C1+ @2/ @1\ B0/ C1/ D0/ E1/ F1\
8x8Trax_1877397 Buz vs. hANDYman the Rebel : @0+ @1/ B0+ C2\ A3/ @3\ B4+ B5/ C5+ A5\ @3/ @3\ B2/ C1\ F1/ G2\ E0/ A2\ A1\ B5+ A5/ @5/ G1/ B6+ C7/ B0+ A3+ G1\ F1+ C2+ D8+ A1\
8x8Trax_1877398 hANDYman the Rebel vs. Buz : @0+ @1+ A2\ B0/ C3/ C4\ D4/
8x8Trax_1877401 hANDYman the Rebel vs. BIGDOGs : @0+ B1/ A2+ @1+ A0\ @2/ D3\ E3\ B3/ C4+
8x8Trax_1877402 BIGDOGs vs. hANDYman the Rebel : @0+ B1/ B2\ C2\ C3+ @1\ A0\ @1\ C0/ F4/ F3/ C0+ C6/ D1\
8x8Trax_1877403 Nikki vs. Marko : @0/ B1\ B2\ C2+ A2/ C3/ @1\ A0\ @3/ C4/ D5\ F2/ F1/ G1/ E1\ F0/ F4\ G4\ H3/ E1+ E0/ G2+ D1/ C1+ A2+ H3+ G8\ H6+ C7/ C8/ H8+ A7+ F1+ G1/ H2/ H1/
8x8Trax_1877404 Marko vs. Nikki : @0+ A0+ A0+ B2/ @3\ A1+ A0\ @3/ @4\ D1/ D0/ F1+ A1\ @2/ D0+
8x8Trax_1877405 Nikki vs. drgnrdr : @0/ A0/ B2/ B3/ A3/ @1\ A0+ @4\ B0+ D6\ E6\ A6/ RESIGN
8x8Trax_1877406 drgnrdr vs. Nikki : @0/ B1\ A2/ B2+ B3\ C1+ A4\ @2/ C4\ D3\ @3\ A5\ C5+ C6/ E5\ D6+ F4/
8x8Trax_1877407 Nikki vs. keops : @0/ A0/ @1/ A0/ B1/ B4/ A3/ @3/ B4/ B5/ A4/ @4/ B5/ B6/ A5/ @5/ B6/ @5/ B6/ @1\ B0/ H7+ H8\ A7+
8x8Trax_1877408 keops vs. Nikki : @0/ B1\ A2/ @2/ B3\ C3\ D3+ D4\ @2+ D4/ D5/ E5+ @1/ A0\ B0+
8x8Trax_1877409 Nikki vs. Chad : @0/ @1/ A0/ @2/ C1/ B3+ D2/ E3\ D4/ @1\ A0\ F2/ RESIGN
8x8Trax_1877410 Chad vs. Nikki : @0+ @1/ C1/ C2+ C0\ D2/ C0+ E1\ C0+ E1/ F2\ RESIGN
8x8Trax_1877411 Marko vs. drgnrdr : @0+ @1\ A2/ @1\ C2+ B0+ D2\ E3/ D1+ @2/ A3/ @3/ C4\ E5\ F4+ A1\ @2+ C0/
8x8Trax_1877412 drgnrdr vs. Marko : @0/ B1\ A2/ @2+ @1/ B0+ @3\ C4\ B4+ @3\ C5/ A6+ @4\ A1\ C0+ D7+ A1\ B0/ @3+ G8\ H5+
8x8Trax_1877413 Marko vs. keops : @0/ A0/ B1+ A0/ C1/ A0/ B5\ C3\ D4/ @2+ B0/ @1\ A0\ A6/ @2+ C7/
8x8Trax_1877414 keops vs. Marko : @0/ B1\ A2/ @2+ B0+ C1+ @2/ E2+ E3\ D4\ D5\ E5\ F2+ G5+ H4\ D6+ F1/ E0\ B7\ G2/ E8/ F8+ G1/ G8+ H2+ H8/ A7/ B8+ B6\ A1\
8x8Trax_1877415 Marko vs. Chad : @0+ @1+ B2/ A0\ C2\ D2\ C1+ E1\ C0+ C5/ C0+ E2/ C0+ B2/
8x8Trax_1877416 Chad vs. Marko : @0+ @1/ C1/ A0/ @2/ A3/ A4+ @1+ C0/ E4+ @4+ A5/ A6+ @4+ B7\ A3\ A2\ H1/ E0/ B2+ H6+ DRAW
8x8Trax_1877417 drgnrdr vs. keops : @0/ @1/ B2/ B3/ C2+ B4/ A4/ A5/ @2+ E1\ @3\ F0/ G3/ E7+ F7\ A7/ C8/
8x8Trax_1877418 keops vs. drgnrdr : @0/ A0/ A3/ B2+ C1\ D2/ A4/ @4/ A5/ @2+ D6+ E3+ F6+ G6/ F7+ F8/ D8+
8x8Trax_1877419 drgnrdr vs. Chad : @0/ A0/ A3/ A4/ B2+ @1+ @4\ C5/ C6/ A1\ D0\ E4/ E2/ A4+
8x8Trax_1877420 Chad vs. drgnrdr : @0/ A0/ @1/ A0/ @1/ A0/ C5/ A0\ @2/ C5+ E4/ F4/ F3/ C1\ B6/ C7\ E2+ B4/
8x8Trax_1877421 keops vs. Chad : @0/ @1/ C1/ D1/ B0/ C1/ C0/ C4\ C5\ @3/ @3/ A6+ @3/ E0\ E8+ G8+
8x8Trax_1877422 Chad vs. keops : @0/ A0/ @1/ @1/ A0/ @2/ A3/ A4/ B0/ @5/ @1+ D0+ @6/ A7/ @3\ A2\ G2+ H2\ E7+
8x8Trax_1877423 Kevin vs. Phil The Hat : @0/ A2+ A3/ @3/ @2/ B1+ C0/ C0+ A2+ @4/
8x8Trax_1877424 Phil The Hat vs. Kevin : @0/ A0/ B1+ C1/ @2/ B0+ @3+ C4+ E3+
8x8Trax_1877431 Phil The Hat vs. Jane : @0/ B1+ C1/ A2/ A3+ C3/ @3/ A1/ E3/ E0\ D0+ @4+ A3+ @4+ C2+
8x8Trax_1877432 Jane vs. Phil The Hat : @0/ A0/ B1+ A3+ A4\ C2+ @3+ @3+ F2+ B1\ C5/ B0/
8x8Trax_1877433 Phil The Hat vs. REBEL DJ : @0/ A2+ @2+ @2/ @2/ D3\ E3\ D0/ D0/ C3\ A5/ C6/ C1\ E0\ D0/ E8\ F5+ G7+ H7\ G4\ H6+ H4+ C1+ DRAW
8x8Trax_1877434 REBEL DJ vs. Phil The Hat : @0/ A0+ @2/ @2+ A3\ C0/ B1+ @3\ B0/ B0/ E3+ F3\ E5+ D0/ E1/ A1\ @2+ C0/
8x8Trax_1877435 Phil The Hat vs. lexy : @0/ B1\ A2/ @2+ D1/ D0/ @3\ D1\ E0/ @2\ C1+ F0/ G1/ C1\ F0+
8x8Trax_1877436 lexy vs. Phil The Hat : @0+ @1+ B2/ A0\ @1+ @1/ B3+ C4\ E4\ E5\ D1+ B5/ A5/ D6+
8x8Trax_1877463 FujiTape vs. Morticia : @0/ B1\ A2/ @2+ C2\ B3/ B4/ @2+ D3+ E2+ F2/ F0+ G3\ G4\ G2+ H3+
8x8Trax_1877464 Morticia vs. FujiTape : @0/ B1\ B2\ A0/ @2+ D1/ B0/ E3+ E5+ @3\ B0+ G6\ H5/ H4/ H7/
8x8Trax_1877465 FujiTape vs. McStack : @0/ A2/ @1\ B0/ B0/ @4\ C5\ D5\ D3\ A5/ B6/ @5\
8x8Trax_1877466 McStack vs. FujiTape : @0/ B1\ B2\ B3\ B4\ B5\ A3+ C5\ @1\ B0/ A6/ C7+ @4+
8x8Trax_1877467 FujiTape vs. dolcol (LAW-10) : @0/ B1\ A2/ @2+ B3\ C3\ C4\ D4\ D5\ E2+ E1/ E0/ F4/ G2+ H2/ H0+
8x8Trax_1877468 dolcol (LAW-10) vs. FujiTape : @0+ @1/ @1\ B0/ A3+ A4/ @4/ A5/ @5/ E0/ F1/ A2\ @2/
8x8Trax_1877469 FujiTape vs. Lyonsgirl : @0/ A2\ B1/ B0+ B3\ C3\ C2+ B0+ B5\ B0+ C6+ D6\ B0\ A1\ @3+
8x8Trax_1877470 Lyonsgirl vs. FujiTape : @0+ B1/ A0+ @1/
8x8Trax_1877471 Morticia vs. McStack : @0/ A2/ B2\ A3/ @3+ D1\ D2\ D0/ E2/
8x8Trax_1877472 McStack vs. Morticia : @0/ A2\ B2\ B3+ B4/ @4+ @2/ B1+ C0/ C0+ A2+ D3+ E4\ C0+ A7/ @7/ C8+
8x8Trax_1877473 Morticia vs. dolcol (LAW-10) : @0/ A2\ B1/ B0+ C1+ @3\ A4+ A5+ @4+ @4\ C6\ @4/ B5\ E5+ F5\ D7\
8x8Trax_1877474 dolcol (LAW-10) vs. Morticia : @0+ @1+ A0/ A3/ @3+ A4/ @3+ E2+ @4/ A5/ B2+ B1\ B0\ A3/ @5/ A3+ @3\ B0+
8x8Trax_1877475 Morticia vs. Lyonsgirl : @0/ A0\ @1/
8x8Trax_1877476 Lyonsgirl vs. Morticia : @0+ @1+ B2/ A0\ @1+ A0\ @1+ @1+ B0\ @2+ G4\ G6+ H6\ H7\
8x8Trax_1877483 supermac vs. bigdan409 OTWP : @0/ B1\ A2/ @2+ A3+ B0/ D1+ D0+ E3/ D0\ E5\ E6+ F5/
8x8Trax_1877484 bigdan409 OTWP vs. supermac : @0/ B1\ A2/ B2+ C2+ A3+ @3/ A2+ B0+ @4+ B5\ A2+ C5\ B6+ A6/ @6+ A7/ F5+ D7\ E7\ B7\ G6/
8x8Trax_1877485 supermac vs. BrnIdGirl : @0/ B1\ A2/ @2+ B0+ @3+ B4+ C0\ A1+ B6/ B0/ A7\ D1/ E1\ E3+
8x8Trax_1877486 BrnIdGirl vs. supermac : @0/ B1\ A2/ B2+ A3\ @3\ C3+ C4/
8x8Trax_1877487 supermac vs. the great snowqueen : @0/ @1\ A0/
8x8Trax_1877488 the great snowqueen vs. supermac : @0+ @1/ A2\ B2+ C1\
8x8Trax_1877489 supermac vs. Miranda : @0/ B1\ A2/ B2+ B3+ C3\ C4+ @3\ A4/ @4/ D5/
8x8Trax_1877490 Miranda vs. supermac : @0/ B1\ A2+ B2+ A3/ B3+ C2\ @3/ B4/ B5/ @3/ B4+
8x8Trax_1877503 csain1 vs. klaashaas : @0/ B1/ C1+ @1/ B0/ B3+ A4\ B5/ D1+ E2\ F2\ F4+ @1\ A0\ @3/ A4/ E6+ C7\ F1/ G7\ F0\ H8/
8x8Trax_1877504 klaashaas vs. csain1 : @0/ @1/ C1/ D1/ A0/ D1+ B3/ A0/ E3/ E1\ F2\ E5+ D6\ C1\ B0/ B0/ A8/ G7\ F8+ H6+
8x8Trax_1877507 csain1 vs. Megababe : @0/ @1/ B0/ @1+ C0/ @3\ @2/ D0+ A2\ @3/ E5/ B1+ D0/ D7\ G5+ H4\ B1\ D0+ E1/ F1/ G3+ A3/ H7+ H1+ A1\
8x8Trax_1877508 Megababe vs. csain1 : @0+ A2/ A0\ @3/ A4/ @1+ @3\ E3+ A1+ A0\ C6\ B6+ @1\ F2/ F1/ C7/ A3/ @1+ D8/ A6/ H4/ E1/
8x8Trax_1877511 klaashaas vs. SarahMills : @0/ A2\ B2\ @1/ @1/ @1/ D3\ C4+ @3+ C0+ A1\ @4\ C0\
8x8Trax_1877512 SarahMills vs. klaashaas : @0/ @1/ B0+ B0\ A4/ @2\ C0\ C0\ D4+ A2/ D3+ E1\ @6/ A7\
8x8Trax_1877513 klaashaas vs. Megababe : @0/ B1\ B2\ C2\ C3\ D3\ C0+ E4\ B0/ B0/ F6+ D7+ D8\ A3+ E2\ @4+ H2/
8x8Trax_1877514 Megababe vs. klaashaas : @0+ @1\ A2\ B0/ C1/ D2/ C3+ C0/ D1/ @4/ A5/ A1\ @3+ B0/
8x8Trax_1877515 klaashaas vs. Lorraine of the Renegades : @0/ A2/ B1/ A3+ A4\ C3\ A5\ D2\ C5\ C6\ D4/
8x8Trax_1877516 Lorraine of the Renegades vs. klaashaas : @0/ @1/ B0+ B0\ A4\ @2/ A3+ @1/ B4+ B5/ A5/ A6/ D4+ D6\ E6+ C7\
8x8Trax_1877517 SarahMills vs. Megababe : @0/ B1\ A2/ A3/ A4/ @3+ C3\ @3/ A2+ E3+ E4\ C5/ @5/ A6/ E6\ E7\ A3\ @5+ B1\ C0+ B1\ A3+ @4\ E8+ D8+
8x8Trax_1877518 Megababe vs. SarahMills : @0+ B1+ C1+ D1+ A0+ E2+ D1+ @2+ D3/ D1+ C0/
8x8Trax_1877521 Megababe vs. Lorraine of the Renegades : @0+ @1/ C1/ C0+ B0/ A2+ B4\ D3\ C5/ D4\ D2+ E2/ E1/ D5+ F2+
8x8Trax_1877522 Lorraine of the Renegades vs. Megababe : @0/ B1\ B2\ C2\ C3/ A2+ B3/ B4/ A4/ @1/ C0+ @4+ C6\ B6+ F1/ F0/ @4\ A3\ C2/ G6\ G7\ H4\
8x8Trax_1878663 REBEL DJ vs. heidibb : @0/ B1+ A0+ C2\ A3/ @2+ D4\ E4\ C5+ B6\ F5/ D1\ E1+ G3+ A6+ @5+ C7\ A7/ F0+
8x8Trax_1878737 Goonerg vs. CHESSCATJAY : @0/ A0/ @2/ A0/ C3+ A4/ A5+ @3+ C1/ B0+ @1+ C0\ @1/ A3+ A0\ @3\ D8/
8x8Trax_1878757 Linda Sue vs. REBEL DJ : @0+ B1/ B0/ B3/ B0/ C2\ D2\ D3\ A0\ @1+ @1/ B3+ B4/ A4/ B6/ G2+ G1/ E0+ E0\ C2+ D1+ @4\ B2\ B1\ A2+ E8\ F8\ B8/ A8/ H7\ H8+ G1/ H1+
8x8Trax_1878794 SarahMills vs. * : @0/ A2+ @1\ B0/ B0/ A1/ @2\ @2\ B3+ B4\ E4\ C0+ C0/ E2+ F1\ G4+ A1\ D7+ B0/
8x8Trax_1878857 Megababe vs. Misfit Lenrad6672 : @0+ @1/ C1+ D1\ D2\ B2/ C3+ B3+ D4/ E3\ E1/ F3\ D0/
8x8Trax_1878878 Elvis vs. heidibb : @0+ @1+ A2\ A0\ B1+ C1/ A0\ @2+ @2\ D0+ E4+ A1\ @1\ C0/
8x8Trax_1878920 dolcol (LAW-10) vs. Megababe : @0+ A0+ A0+ A4+ A0+ @2+ B6+ A5+ B0+ C4\ B0+
8x8Trax_1879255 supermac vs. Megababe : @0/ B1\ A2/ B2+ B3+ C2/ B0+ B5/ @5/ C6/ A2\ @4+ C1\
8x8Trax_1879384 FixitDave vs. Megababe : @0/ @1/ A2+ B0+ C1/ B4/ @3/ A2+ B0+ C1+ @4+ B0/ E5\ F4\ A3+ @3+ A2+ G5\ D0\ D8\ G7\ H7\ H8\ E2/ G2+ E1/
8x8Trax_1880809 stones rose vs. Phil The Hat : @0+ @1/ @1\ A0\ B1+ D2\ B3/ C1/ C0/ D5+ D0/ E3+ C1+ @4+ E7\ F7\ G5\ A6/ G6\ C7/
8x8Trax_1880810 Phil The Hat vs. stones rose : @0/ B1\ B2\ A2+ A3+ B4\ @2/
8x8Trax_1880811 stones rose vs. Chad : @0+ @1+ A2/ A0/ @3/ @3/ D3+ A4+ @4/ B1\ A3\ A1/
8x8Trax_1880812 Chad vs. stones rose : @0/ B1\ A2/ B2+ B3\ A4/ @2/ D4\ B5+ D5+ D1\ E4\ B0/ F5/ E3\ C0\ E1+ F4\ D0+
8x8Trax_1880817 Phil The Hat vs. Chad : @0/ @1/ C1/ D1/ B2+ A0+ A0/ D0+ E1/ E0/ F1/ B1\ F0+ A2/
8x8Trax_1880818 Chad vs. Phil The Hat : @0/ A0/ @1/ B0+ @2/ A3/ C0/ @2+ A1\ A0+ @1\ @1+ C0/ C0/ @3/ C4+ C0+ B1\ F1+ G1/ H2+ A6+
8x8Trax_1880819 Phil The Hat vs. lonbonn : @0/ A2\ B1/ A0+ A0\ B1/ C1\
8x8Trax_1880820 lonbonn vs. Phil The Hat : @0+ @1+ A2+ A0\ B3+ A0/ B2+ A0/ B2+ C3/
8x8Trax_1880821 Phil The Hat vs. curleyquenot : @0/ B1\ B2\ C2+ D2/ C0/ C0+ A2+ C0+ @2\ A1\ B5/ C6/
8x8Trax_1880822 curleyquenot vs. Phil The Hat : @0/ @1/ A2\ C1+ B2+ C0/ B1+ D2+ @1\ C0\ D0/ E1/ F1/ F0/ G2/ B1\ A2\ B0/
8x8Trax_1880823 Chad vs. lonbonn : @0/ A2+ A3/ B2\ A4/ C3/ @3+
8x8Trax_1880824 lonbonn vs. Chad : @0+ @1+ A2\ A0\ B1+ @1/ A2+ D2+ A3+ @2+ B4/ B5/ B6\ A4+
8x8Trax_1880825 Chad vs. curleyquenot : @0+ B1+ @1+ B2+ D1\ D2\ C3+ C0/ C5\ E4/ F5+ D6/ B5+ F3/ G5/ F7\ G7\ H5/ F1/ E0\ G4+ B2+ A7/ B8\ A5+ A2\ A1+
8x8Trax_1880826 curleyquenot vs. Chad : @0+ @1+ A0/ A3/ B3+ @3\ A1+ D2+ A4\ B5\ A0+ @1/
8x8Trax_1880829 supermac vs. dolly : @0/ B1\ A2/ B2+ B3+
8x8Trax_1880830 dolly vs. supermac : @0+ B1\ A0/ A3+
8x8Trax_1880831 supermac vs. dgb : @0/ @1/ A0+ A0\ @3/ B0\ C2+ B0+ @5/ D6+ E3/ E0\ F1+ G1\ B2+ H3\ H4+ E0\ D1\ F6+ H6\ E7+
8x8Trax_1880832 dgb vs. supermac : @0/ B1\ A2/ @2/ B0+ C3+ A4/ A5+ @5/ A4+ @1+ C0/ A6/ @3\ E7/ G7+ C8+
8x8Trax_1880833 supermac vs. cocopuff : @0/ B1\ A2/ A0/ C2+ C3+ @3+ D4/ A0\ @1\ E1/ E0+ F3/
8x8Trax_1880834 cocopuff vs. supermac : @0+ @1+ A0/ B3\ A3+ @3/ B4\ D2/ A5/ @3/ @4\ E0\ C3+ G1/ F0\ G5\ E6\ H4/
8x8Trax_1880835 supermac vs. drgnrdr : @0/ A0/ @1+ C1\ C2+ D2\ B3/ E3/ D1+ C0\ B0/ B6/ E1/ F3/
8x8Trax_1880836 drgnrdr vs. supermac : @0/ B1\ A2/ B2+ B3+ C1\ B4\ C4\ D1\ C5+ A4+ C6/ @1\ B0/ A6\ @5/ A3+ @3\ G6/ H4\ C1+ D8+ A7+
8x8Trax_1880841 dolly vs. drgnrdr : @0+ @1\ B2/ @1/ C3/ B4\ A3\ A5+ @5/ A6/ E1+ @5+
8x8Trax_1880842 drgnrdr vs. dolly : @0/ B1+ A2/ C1+ C0\ D1/ C0\ A2+ C4+ A5/ @5/ A6/ @6/ A7/ @6+ D8+ G7+
8x8Trax_1880845 dgb vs. drgnrdr : @0/ A0/ B1+ B3/ @2/ A0+ @2\ @2\ A1\ C0/ A5+ @5/ G3\ G2/ E5+
8x8Trax_1880846 drgnrdr vs. dgb : @0/ @1/ B2/ C1+ D1\ B3+ A3/ D4\ E4\ A4/ D5+ @3+
8x8Trax_1880847 cocopuff vs. drgnrdr : @0+ @1\ @1/ C2/ B3\ A2+ D3\ C4/ A5/ @4\ C6\ D6\ E6\ F6+ D7+ F1/ G5\ D0+
8x8Trax_1880848 drgnrdr vs. cocopuff : @0/ B1\ A2/ C1+ A3\ B3\ A4\ C2+ @4/ A5+ A1\ @1+ C0\
8x8Trax_1880863 Freight Train vs. Marko : @0/ A2\ B2\ B3+ @2+ @2/ A4+ A5/ @2/ C5+ B1/ D0/ @6/ B7\ @5+ C1\ H4+
8x8Trax_1880864 Marko vs. Freight Train : @0+ B1+ A2\ B0/ C2\ @2/ A4/ A1/ @3/
8x8Trax_1880865 Freight Train vs. Goonerg : @0/ A2/ B2\ B3\ C1+ D2/ E3\ C4/ @2/ B3+ B0/ E6\ F6\ B6/ A5/
8x8Trax_1880866 Goonerg vs. Freight Train : @0/ A2\ B1/ B0+ C2\ C3\ A0/ @1+ E4\ C5/ A4+ C6+ F3/ D2+ F6\ A0+ F8/
8x8Trax_1880867 the great snowqueen vs. Marko : @0+ @1+ A2\ B0/ C1\ A4/ A5\ @3/
8x8Trax_1880868 Marko vs. the great snowqueen : @0+ @1/ A0\ A3\ @1/
8x8Trax_1880869 the great snowqueen vs. Goonerg : @0+ @1+ A0/ A3/ B3+ C3\ @3\ C4+
8x8Trax_1880870 Goonerg vs. the great snowqueen : @0/ @1\ A0/
8x8Trax_1880871 Marko vs. Goonerg : @0+ B1\ B0/ C1/ C0+ D2\ D3\ B0/ D2/ E4+ D0/ E3/ F3/ E6/ B6/ E7/ F4\ G5/ C8+ B7/ F6+ F8\ G8\ H6+ F1+ G1/
8x8Trax_1880872 Goonerg vs. Marko : @0/ B1\ A2/ @2+ B0/ A0+ @1\ A0\ @1\ A0\ @1\ A0\ @1\ @1+ D0+ E8+ H8+ G4+ H5+
8x8Trax_1883239 bigdan409 OTWP vs. Megababe : @0/ A0/ B1+ @2+ @2+ C3/ C0\ E2/ F2/ D1+ A4+ C0+ B1\ A1\ B6+ E1+ C0/ @3+ @4+
8x8Trax_1884745 Jiggs vs. crow57 : @0+ @1+ B2/ B0/ A1+ A0+ @1\ A0\ A3/ @3/ B0/ A2+ @3+ A4+ @4/ B2+ G5/ G4/ A3\ @3+ E6+ B5/ B1\ A5+
8x8Trax_1885362 Cachel vs. Megababe : @0+ A2+ A3+ A4+ B4/ @3/
8x8Trax_1885977 Abaitha vs. heidibb : @0/ B1+ A0\ @1\ A0+ B4/ A3+ @3\ C0/ D1/ A3+ B6\ C0+ A7/ @5/
8x8Trax_1886229 Buz vs. drgnrdr : @0+ @1\ B2+ C1/ C0/ D1/ D0/ D4\ E3+ B5+ A5/ @3\ C6+ F5\ D6+ G4/
8x8Trax_1886549 jaha vs. Dawn : @0/ A0/ B2/ A3+ A4/ A5/ C2/ @3/ A2+ A0/ D2+ @3/ A2+ D6\ D7+ E5+ F5\ D8/ C7/ C8+ B8+ B6+ A7+ F2+ A4+ D1+ @4/ G1+ @5+
8x8Trax_1886556 jaha vs. Paul -UK- : @0/ A2\ B2\ B3+ B1+ C1/ D2+ E1/ E0/ A5/ @3\ @2\ C1/ G0/ E5+
8x8Trax_1886913 Goonerg vs. Shreela : @0/ @1/ B0/ @1/ C0+ @2/ B0+ @2/ B0/ @3\ D5+ @3/ B4+ A4/ B1\ B0\ A6/ B7/ @5+
8x8Trax_1887188 Stinger vs. B Line electric streetcar :
8x8Trax_1887209 Mark007 vs. Linda Sue : @0/ B1+ A0/ @2\ D1\ C0\ D0+ E1/ E0/ F1/ F5\ G4/ D6\
8x8Trax_1887224 drgnrdr vs. dingbat : @0/ A0+ B2/ B0\ @1/ D1+ @3\ D0+ A5/ F2/ @5\
8x8Trax_1887258 paganje vs. jaha : @0/ A0/ B1+ C1/ @2/ B0/ C0+ @3/ D0+ B6+ A6/ E6\ B7+ F4\
8x8Trax_1887260 LilSis vs. SweetCindyJo : @0+ B1+ A2\ B0/ C1/ D1+ C0\ D4\ E4\ B5\
8x8Trax_1887715 Misfit Lenrad6672 vs. Pamper Me : @0/ B1\ B2\ C2\ B3/ A3/ A4/ @1/ E3\ E1/ F3\ D0/
8x8Trax_1888412 berecca vs. Honeybear : @0/ B1\ A2+ B2+ A3/ @3+ C3\ C4\ B4+ @3+ C0\ B2+ A2\ A1\ B0\ @2+ B1+ B0\ @3\ B2+
8x8Trax_1888666 Lone Outlaw vs. jaha : @0+ A0/ A3\ B2\ B3+ C1+ @3+ C4/ E1\ A1\ B0/ @4\
8x8Trax_1889148 * vs. golfnutrof : @0/ @1/ B0+ @2+ C0+ B4/ B1+ B0\ @3+ @3+ F2\ F5/ F1+ G4\ D6/ B5\ @3/ G7+ B6\ B7+ G0/ A8+
8x8Trax_1889179 supermac vs. SarahMills : @0+ B1+ A0/ A3/ @3+ @2/ B1+ B0/ B5/ @4+ E1+ F3+ A2\ A1\ A0\ @6/ A7/ G2/ H3+ C0+ F2+ H2/ G1+ G6\ G7\ D8/ G8\ A4+ A1\ H1+
8x8Trax_1889190 What did you say vs. Rogue Trooper :
8x8Trax_1890498 Chad vs. dgb : @0/ @1/ @1/ @1/ D2/ D0+ E1/ F1/ G1/ D4/ E0\ C4+ A1\ @1\ C5+ B0+ D0+ F7/ D8+ G7+ G8\ G6/ A7/ F1+
8x8Trax_1890638 Z MIA vs. Marko : @0+ @1+ B2/ A0\ @1/ A2+ C1+ D1/ D0/ E1/ E0/ A1\ B0/ @4\
8x8Trax_1891405 Jump This vs. Chad : @0/ A0/ @2+ C1+ A0\ @3\ B4/ C4+ @4/ C5/ F3+ E5+ G3+ G5\ G6\ H4+ D6+ F7/ D0/ E1/ F1/ B1/ DRAW
8x8Trax_1892126 * Sassy_Angel * vs. Ray of Light : @0/ B1\ A2/ @2/ @2+ B3\ D0\ D3+ D4\ E4\ C5/ B5/ A4/
8x8Trax_1893191 Lone Outlaw vs. Knight Rider : @0/ B1+ B0+ B3+ C3\ B4/ @4\ B1+ A2/ B0/
8x8Trax_1893523 paganje vs. B Line electric streetcar : @0/ A0/ B1+ A3/ C1+ @1+ A0\ D4\ C5/ E3+ @2\ A3+ E5\ E6+ G4/ @3/ D0/ F2+ C0\ B2+ D7+ A7/ D8+ E1+
8x8Trax_1893951 * vs. heidibb : @0/ B1\ B2\ C2+ B0+ D1\ B0+ C1/ C5+ D5\ C6\ @3/ E6\ B1\ B0\ B0\ @1+
8x8Trax_1894325 Jesme vs. unicorn : @0+ A2/ A0+ @3\ B0/ C1\ A3\ C2+ @3+ D3+ @3+ F3/
8x8Trax_1894566 Jesme vs. unicorn : @0/ B1\ C1/ D1\ B0\ A0\ C2/ B1+ E3+ C1+ F3/ D1/ @3/ C0/
8x8Trax_1894651 unicorn vs. Jesme : @0/ A2/ @1\ A0/
8x8Trax_1895053 Knight Rider vs. dolcol (LAW-10) : @0/ B1\ A2/ @2+ B0/ D1+ D0/ @2+ B1\ D0/ F3+ B1\ C0\ A3+
8x8Trax_1896798 spitfire vs. Pepsi Fan : @0/ B1\ B2\ A2+ B3/ C2\ A3/ @1/ E3\ D4/ C4+ C0/ C0/ @5+ D0\ C1\ F4\ B7+ C8/ E8\ F8\ G8+ C3+ B2\
8x8Trax_1897909 toadisgimpy vs. Lone Outlaw : @0/ A2\ B1/ C1/ B2\ A0/ C1\ @2\ A1+ A0+ @2/ C0\ D2/ @3/ F5+ F6/ G3/ C6/ C7/ B5/ E1+ F1+ E0\ G6/ H4\ B3\ H5+ B7+ D1\ A6+ H6+ F8/ A7/ H7\ G3/ G2/ G1/ A3+ G8\ A2+ H8\
8x8Trax_1898008 Pamper Me vs. toadisgimpy : @0+ B1\ A0+ @2/ A3/ @3+ B4+ A1\ @2/ B4/ C5+ D5\ D6+ D7/ E6/ F5/
8x8Trax_1900308 jaha vs. Squixel : @0/ A2\ B2\ A3\ @3\ A4\ C3\ A5/ @4\ @4\ D5\ C6/ C1\ C0\ B4\
8x8Trax_1900657 MountainMist vs. Honeybear : @0+ B1\ A0+ @2/ C3\ D3\ D4\ @4/ A5/ F4\ F5\ C6+ C0+ @4\ F8+
8x8Trax_1901201 Mististar vs. Megababe : @0+ A0+ A0/ @2/ C1/ C3+ D3\ @2/ D0+ E5\ F3/ A5/ G3\ C6+
8x8Trax_1901223 Megababe vs. Mististar : @0+ B1+ C1+ A0/ A3\
8x8Trax_1901234 Mististar vs. Megababe : @0+ A0+ A0/ @2/ C2/ B0/ B5+ @4\ D2/ D4+ E4\ F4+ F5\ B5+ G5/ G6/ E5+
8x8Trax_1901939 dingbat vs. Honeybear : @0/ B1\ A2/ B2+ C2\ B3/ D2\ @2/ A3/ A4/ E1/ @4+ D0/
8x8Trax_1902149 Kevin vs. Jump This : @0/ @1/ @1/ C0+ B0+ @1+
8x8Trax_1902150 Jump This vs. Kevin : @0/ A0/ @1/ @1+ C0/
8x8Trax_1902151 Kevin vs. firefly : @0/ A2/ A0/ @2+ B0\ A1+ @2+ D3+
8x8Trax_1902152 firefly vs. Kevin : @0/ A0/ B2+ @2\ C0\ B0/ D2+
8x8Trax_1902155 Jump This vs. firefly : @0/ B1\ B2\ A2+ C1/ A0/ B0\ D3+ C2/ B5+ C1/ C0/ C0/ B2+ A2\ @2\ @1/ B3+ F0/ G3+ @4+ B6/ B7/ A6+ E1+ H1/ H7+ DRAW
8x8Trax_1902156 firefly vs. Jump This : @0/ @1/ A0+ A3\ @2+ D1/ B0/ B0/ A2+ @4+ E1\ F1\ G2/ F3+ E4+ D0\ D0\ A1+ A0\ D1+ H5/ D8+
8x8Trax_1902157 Jump This vs. lapman : @0/ A2\ B2\ B3\ A4\ C2+ B1/ B0/ C1/ D3\ A0+ @4\ @6+ @6\ C7+
8x8Trax_1902158 lapman vs. Jump This : @0+ B1+ B2/ B0/ C2/ @2+ B4\ B5\ D4+ E2/ E4+ D1+ E5\ E6\ C6\ F4/ G2/ G1/ D0/ A6/ A7/ G0+ A3+ @4+
8x8Trax_1902159 firefly vs. lapman : @0/ A2\ B1/ A0+ @1/ B4+ A2/ @3\ D4\ E2/ @2/ C5+ C6+ A6\ C0+ C0\ @7+ A3/ @3+ A4/ A6\ A7/ F8\ F2/ H8+ H1/
8x8Trax_1902160 lapman vs. firefly : @0+ @1/ B0\ @1\ B0/ A1+ @1\ C0/ B5+ A5+ A6/ @2/
8x8Trax_1902161 Chad vs. jbdobie : @0/ A0/ @1/ A0+ B4/ C1\ A0/ C0+ D2/ E2/ E1/ C0\ C8+ D6/ A6+ @4+ DRAW
8x8Trax_1902162 jbdobie vs. Chad : @0+ @1+ B0+ C2+ B3+ B4/ B0\ A1+ @3/ E3\ E4+ C6/ B6/ A5+ @4/ @2+ B1\ @4/ A5/ A6/ D7+ H6/ H7+ DRAW
8x8Trax_1902163 Chad vs. golfnutrof : @0/ A0/ @2+ @2/ B3/ C0+ A2+ @3/ C0\ E4\ E5\ E6\ F6\ F7\ G7\ C8+ B7\ G2/ H4+ B6+ F1+
8x8Trax_1902164 golfnutrof vs. Chad : @0+ @1+ A2\ B0/ C1+ D1\ C3+ C4/ C0\ C0\ C0\ @6/ B7+ B8/ A8/ F4\ F3+ F7\ A5\ B4+
8x8Trax_1902471 SweetCindyJo vs. Sweetcheeks : @0/ A2\ B1/ B2+ C1\ C0\ D2/ @1\ A0\ A4+ C5\ D4\ D1\ A0\ A0+ B2/ @4+ C1+ C0/ F5/ @5+ H5\ G4/
8x8Trax_1902472 PinkyDot vs. STrek : @0/ B1\ A2/ @2+ B0+ C3+ A4+ B4+ @3+ C5/ E3\ E5\ E6+ F5/
8x8Trax_1902478 Uncle Chuckie vs. drgnrdr : @0/ @1/ B0/ A0+ @3/ C0\ D3/ E2\ @4/ A5/ B1+ D6+ C0+ @4+ C0/ B1+
8x8Trax_1902556 Rogue Trooper vs. DIRKSTRA : @0+ @1/ A0/ C1+ @2/ A3/ D0/ D0/ E1/ F3/ A6+ @3+ C2+ @2/ E0+ A2+ A6+ A7/ E8\ F8\ H2/ G5/ G8\ DRAW
8x8Trax_1902570 jaha vs. Dawnas AZ : @0/ A2\ B2\ B1/ C1\
8x8Trax_1904302 Morticia vs. MountainMist : @0/ A2\ B1/ B0+ C1+ B0+ @3+ @2/ A1+ A0\ @1\ A0+ E2+ F2/ G4+ E1+ @2+
8x8Trax_1904578 SunnyD vs. Whistler Gandalf : @0/ A2\ B1/ B0+ @3\ A4/ @4/ A2+ @4/ A5+ @4\ C6/ E0+ E0\ B3\ A3\ @5+ G1+ H3/
8x8Trax_1904606 Goonerg vs. What did you say : @0/
8x8Trax_1904616 Slippy vs. Honeybear : @0+ B1/ B2\ C2\ C1+ A0+
8x8Trax_1904678 Dave (UK) vs. Megababe : @0/ B1+ @1\ B0/ B3/ @3\ C4+ A2+ B1+ B0+ A1\ C0\ D2+ @3/ E0/ F2\ B1\ D8+ A2\
8x8Trax_1905304 purplehawke vs. Pamper Me : @0+ B1/ @1/ C0+ A3\ C3+ B4\ D3+ C0\ E4+ A1\ B0\
8x8Trax_1905348 purplehawke vs. Misfit Lenrad6672 : @0+ @1/ A2/ B3\ C3\ C4\ B0+ C3+ D5\ D6\ E4/ A7/ C8+
8x8Trax_1905410 Dawn vs. Misfit Lenrad6672 : @0/ A2\ B1/ B2+ C2+ C3\ B3+ C4/ D3\ D5\ E5+ E4+ F4/ C6/ B5\ C0/ D1/ E1/ A1\ C0/ @2/
8x8Trax_1905616 Nan54 vs. golfnutrof : @0/ @1/ A2/ @2/ D2\ B3+ C4/ E2\ A0\ D4+
8x8Trax_1906006 Dragon101 vs. amarilli MIA : @0+ @1+ A2\ A3+ A0/
8x8Trax_1906027 Pamper Me vs. toadisgimpy : @0+ B1\ A0+ B3/ A0+ @3/ A4/ B5\ B6+ B0/ C1/ D4\ C0+
8x8Trax_1906162 HeartOnFire vs. crow57 : @0/ B1\ A2/ @2+ B3\ C3\ D2/ @2+ F2/ E0/ B1/ @3+ F5/ G1+ H1/ H0/
8x8Trax_1906611 barbara vs. SweetCindyJo : @0+ @1/ A0/ B0/ B0\ C3/
8x8Trax_1906612 the great snowqueen vs. HeatherN : @0+ @1+ C1\ C2\ C0/ D1/ A1/ B0/
8x8Trax_1907358 purplehawke vs. STrek : @0+ B1+ C1\ C2\ @1\ A0\ E3/ C1/ C0/ E3/ F3/ F2/ @2\ C1+ C0\ A5/ A6+ @4/
8x8Trax_1908204 Pepsi Fan vs. Misfit Lenrad6672 : @0+ @1/ A0/ C2\ D2/ B3+
8x8Trax_1908207 Pepsi Fan vs. Misfit Lenrad6672 : @0/ A2\ B1/ B2+ A0\ @1\ C0/ D1/ A4/ @3+
8x8Trax_1908208 Pepsi Fan vs. Misfit Lenrad6672 : @0+ B1\ A0/ B3/ C2\ A0\ @2/ E4\ D5/ E5+ C5/ D6+
8x8Trax_1908211 Pepsi Fan vs. STrek : @0/ A2/ A0/ @1\ B0/ C3+ @3+ A5+ C5+ E3+ B6+ @3+ B6+ A5+ @5/ A6/ C7\ A4+ @3/
8x8Trax_1909673 REBEL DJ vs. STrek : @0/ B1\ B2\ C1+ D1/ D0/ C0+ A2+ E1\ C0+ E5\ F4+ C6\
8x8Trax_1909690 gladriel vs. Ace1316 : @0+ B1\ A0/ B0/ C3\ @3/ D4/ B4+
8x8Trax_1910199 Pamper Me vs. Misfit Lenrad6672 : @0+ @1/ A2+ B3\ C2/ A3+ A0/ @2\ E3/ B0\ A1\ A0\ @2+
8x8Trax_1910274 amarilli MIA vs. Dragon101 : @0/ A2\ @1/ C2/
8x8Trax_1911367 karosel MIA vs. * Sassy_Angel * : @0/ B1+ A0\ @2/ C1+ D1+ A3/ D2\ C4\ D4+ D5\ E5\ C5+ C0/ E7\ F5/ B0\ A2/ @4/ A3+ A2+ A5+ A1\ @4/ G4+ H5+ A2\ G2+ G1/ H1/ B6+ A7+ A1+ B8+
8x8Trax_1911714 STrek vs. Misfit Lenrad6672 : @0/ B1\ B2\ A2+ @1\ A0\ C1+ D1/ D0/ @3/ A4/ C1\ D0+ @5/ A6/ G1/ E0/ @7/ D8+ A3\ D2+ A1\ H3+
8x8Trax_1911769 Arctic Warrior vs. Stinger : @0+
8x8Trax_1912349 What The vs. Misfit Lenrad6672 : @0+ @1/ B2/ C1\ B0\ B4/ A3/ A4+ @3+ @3/ B4/ A4+ B5\ D0/ E1/ F1/ G1+ G0/ G5\ H5\ E7+ A7+ F6+
8x8Trax_1912914 csain1 vs. * Sassy_Angel * : @0/ A2+ A3/ @3+ @2/ B1+ A0/ D2+ E2\ D4+ B0\ @2\ D6+ C6/ A5+ C7+ G4+ F6+ @2+ A1\ A0\ F2\ H4/ H3/ F1+ G2/ C8+ A8+ G1+ H1/ H8/
8x8Trax_1913112 Phil The Hat vs. Sarah : @0/ A0/ A0/ @1+ A0+ @2/ D3+ E3\ D5+ B5+ B0/ D2+ F6\ F7\ D7+ B0/ E4+ F5+ G5/ H5/ H3+ F2/ A2+
8x8Trax_1913113 Sarah vs. Phil The Hat : @0+ @1+ C1\ A0\ A0\ A0\ A0\ @2+ C2/ B0\ C2+ B0+ D2+ E7+ E8/ @7+ @5/ B8+
8x8Trax_1913114 Phil The Hat vs. Goonerg : @0/ @1/ C1/ @1/ D0/ E2+ B3+ B0+ D5+ F3/ G3/ E6/ E1+ G4+ G5\ H3/ G7\ E0+
8x8Trax_1913115 Goonerg vs. Phil The Hat : @0/ @1/ A2/ B3+ C1/ D1+ B0+ @3/ D5/ F5+ D6/ D0\ B1+ F8+ B6+ F3/ G5+ E2+ @3+ H8+ A5+
8x8Trax_1913116 Phil The Hat vs. golfnutrof : @0/ @1/ C1/ B2+ D1/ A0+ A0/ E2\ B0\ @4/ A6/ @6/ B2+ A4/ @5\ E6+ B7+ F0/ G7+ A7/ C1+ B1\
8x8Trax_1913117 golfnutrof vs. Phil The Hat : @0/ B1+ C1/ C2/ D1/ B0\ A4/ RESIGN
8x8Trax_1913118 Sarah vs. Goonerg : @0+ @1+ C1\ B0/ B0/ D2+ E2\ D4/ @3/ F5\ G5\ C5/ D6/ B4/
8x8Trax_1913119 Goonerg vs. Sarah : @0/ A0/ @2/ A3/ C1+ D2\ @3+ E1/ F2\ @3/ A2+ D4/ A4/ A0+ F1/ C0+ G2+ H2\ H4+
8x8Trax_1913122 Goonerg vs. golfnutrof : @0/ @1/ B0/ @1/ C0+ @1+ A0\ A0+ @3+ E2+ F4/ C5/ C6/ G5+ G7+ C8/ B8/ A6+
8x8Trax_1913123 golfnutrof vs. Goonerg : @0+ @1/ C1/ A2+ A3\ C2+ D1/ E1/ E0/ E4\ A5/ D5/
8x8Trax_1913124 Chad vs. Kevin : @0/ A0/ B2/ C2+ @2+
8x8Trax_1913125 Kevin vs. Chad : @0/ A0/ A0/ A0/ B2+ @1+
8x8Trax_1913232 jaha vs. Menelao : @0/ @1/ B2/ B0+ C1/ D1/ @2\ D2+ A3/ @3/ C4\ RESIGN
8x8Trax_1914472 What The vs. STrek : @0+ @1\ B0/ A0+ C3+ B4/ B0/ C1/ D2/ @3/ D0/ E1/ E0/ F3+
8x8Trax_1914514 Trist vs. * Sassy_Angel * : @0+ @1+ A2\ B0/ A1+ C1\ C2\ @2/ B4/ A4+ @4+ B5\ A2\ @2/
8x8Trax_1914671 TaUrUsRoSe vs. * Sassy_Angel * : @0+ @1+ C1+ @1+ D2/ B0/ D1+ E2+ @2/ A3/ D4\ @3+ C5\ @3+
8x8Trax_1914784 * vs. Ace1316 : @0+ B1\ A0+ C2\ @1/ C1/ B0+ B0/ B5+ D2/ E2/ E1/ C0\ F4/ F3/ F2/ G4+ B7\ G6+ F7/ F8/ H6\ H4/ H7/ E1\
8x8Trax_1914824 gladriel vs. The Faun : @0/ B1\ B0\ A3\
8x8Trax_1914836 golfnutrof vs. jaha : @0/ A0/ B1/ C2+ A3/ B0/ D2+ C0+ @2\ C1+ F3+ A1\ B0+ @3+ G3+ H2\ E1+ A1\ A0\ B0+ C2/ G7/ H7\ H8\ F3+
8x8Trax_1915028 FujiTape vs. Catmane : @0/ A2+ A0\ @1\ C2/ B0+ D2\ A3+ A0/ C1+ A5+ @3\ D6/ B6+ @4\ G4/ A5/ @5+ G0+ D8+ F1\ E1\
8x8Trax_1915029 FujiTape vs. * Sassy_Angel * : @0/ B1+ @1\ B0/ B0/ A2+ C0/ D1/ A1/ B0\ D3+ E2+ @3/ C0\ F1\ @3+ H3/ F0/ C1+ F0/
8x8Trax_1915030 FujiTape vs. REBEL DJ : @0/ B1+ A0\ @1\ A2+ @2+
8x8Trax_1915421 rapscallion vs. heidibb : @0+ @1+ B2/ B0/ B4/ @2/ D4\ D5\ D2/ E4+ C5+ A5/ B6/ @5\
8x8Trax_1915461 csain1 vs. heidibb : @0/ A2+ A3/ B1+ C2/ A4/ A5+ A6\ B3+ C5+ D5/ D3+ E3/ E1\ @6/ A7/ C0\ A4+ @5\ @7+ G1/ C2\ B2\ A2+ B1+ A1\ H6\ F8\ H7/
8x8Trax_1915527 WebbyDebi vs. Tolp : @0+ A0/ A3\ B1/ C1\ C2\ @2/ @2/ F2\ B4+ @2\ A1/
8x8Trax_1915553 karosel MIA vs. heidibb : @0/ A2+ A0\ @2/ B0\ B5\ B0/ C5+
8x8Trax_1915568 jazzbeth vs. Dragon101 : @0/ A2\ B2\ B1+ B0\ C1/ C2+ C0\
8x8Trax_1915858 Fallen Angel vs. Brooklyn in the Alps : @0/ B1\ B2\ A2+ @2\ B3+ D1/ D0/ B1/ D0\
8x8Trax_1915961 Dawn vs. Megababe : @0/ B1+ A2+ C1\ C3\ D3\ A3/ C4+ @2\ D0\ D0\ @5+ D7+ D8\ B2/ A3+ @2/ F7+ D7+ G2+ H5\ C7+ A5+
8x8Trax_1916103 Dawn vs. paganje : @0/ B1\ B2\ C2+ A2/ C3/ C4/ D2+ A0/ @1\ A0\ B1+ D1/ E2\ B0+
8x8Trax_1916630 smores4me vs. Dragon101 : @0/ A2\ B1/ B2+ B3\ B4/ A4/ @3/ D3/ D2/ @3/ B4/ A4+ B5\ F2/ E1/ E0/ F1/ E5\ E6\ F0/ B8/ A7+ C7\ F7\ E8\ G6/
8x8Trax_1916980 supermac vs. dingbat : @0/ A0/ B2+ C1/ A0/ D2/ A4+
8x8Trax_1917055 Megababe vs. dgb : @0+ @1+ C1+ @1+ A0+ @2+ E1+ B0/ C1/ C4+ C5/ E0/ F3/ B1\ E5/ A2\
8x8Trax_1917069 Blue Warrior vs. Megababe : @0/ B1+ A0\ @1\ A0+ C2+ B0+ A4/ @4/ B5+ C6+ @4/ D0+
8x8Trax_1917211 Marko vs. ejd : @0/ A2\ B1/ B0+ C2\ C3\ C4+ D4\ D3+ A0\ @2/ C6/ B6/ A5/ E6\ B7/ F5+
8x8Trax_1917843 TaUrUsRoSe vs. heidibb : @0+ B1+ B2/ A0\ B1+ C2+ C1+ B4\ C4\ A0\ @2\ @2+ @2/ E6\ @3/ A4/ B4+ D5\
8x8Trax_1918218 Pamper Me vs. Misfit Lenrad6672 : @0+ B1\ A0+ B3/ @2\ B3/ @2\ C0/ A1\ C0\
8x8Trax_1918318 FujiTape vs. heidibb : @0/ B1+ A0\ @1\ C3/ D2\ E3\ D4/ C1+ C4/ F3\ G3\ D1+ B3+
8x8Trax_1919587 rapscallion vs. * Sassy_Angel * : @0+ @1+ A2\ B0/ C3/ A4\ @2\ A3+ @3/ B1+ D0/ B1+ C0\ A2/ F4\ @4\
8x8Trax_1919659 WILD-TURKEY vs. Morticia : @0/ B1\ @1+ B2\
8x8Trax_1919660 WILD-TURKEY vs. Morticia : @0+ @1+ A0\ C2+ A3\ D2+ C3+ D3\ @1+ D4+
8x8Trax_1919661 WILD-TURKEY vs. Morticia : @0/ B1/ A0/ A0\ @1\ A0+ A3+ @4\ C5\ B5+ @4\ C6+ B6+ C7+ B1+ C0+
8x8Trax_1919955 Trist vs. heidibb : @0/ B1\ B2\ C2+ C3/ C0+ @2\ A1\ A0\ @3/ B4+ A4+ A5/ C6\ @4+ A3+ @3\ E0+ A5+ G1/ @5+
8x8Trax_1920095 purplehawke vs. What The : @0+ B1/ B0/ C1/ B3/ B0+ @3/ D5+ E5\ F5+ E6/ A2+ F1/ G2/
8x8Trax_1920096 What The vs. purplehawke : @0+ B1/ A0+ @2\
8x8Trax_1920284 rapscallion vs. Chef Jeff 1 : @0/ A2+ B2\ A3/ C1/ B0\ @2/ @3+ @4\ A5+ A6/ @4\ @3/ A2+
8x8Trax_1920575 TaUrUsRoSe vs. Chef Jeff 1 : @0/ B1\ B2\ A2+ B0/ C2+ C1/ D1/ C4\ D3+ D4+ E3/ E1/ C0\ D0\ C1\ F1/ F0/ F4\ G3/ @6/ A7/ D8\ A8+ G5\ C2\ B4+ C1+
8x8Trax_1920796 csain1 vs. Chef Jeff 1 : @0/ A2+ A3/ @3/ @3/ B4/ A1\ B0\ @2/
8x8Trax_1921755 karosel MIA vs. Chef Jeff 1 : @0+ @1+ B2+ C1+ D1\ D2\ B0+ E3+ F3\ F4\ G3/ H3+
8x8Trax_1922378 purplehawke vs. Freight Train : @0+ @1+ B2/ B0/ B4/ C2\ @2\ B5\ A3/ @2\ E0\ B6/ C7\ A6/ @5+ B2+ A2\ @5/ A3+
8x8Trax_1922394 DIRKSTRA vs. drgnrdr : @0/ A0/ B1+ C2/ B0/ B0/ @4/ A5/ @5/ D6+ @3+ D2+ @5/ A6/ A7/ D8+ H3+ H5+ F7+ C1+ A1\ H7+ H8+
8x8Trax_1922605 FujiTape vs. Chef Jeff 1 : @0/ B1+ A0\ @2/ B3/ A3+ D3/ C4\ E2/ D1\ C0/ D5+ E4+ F3+ F2\ D6\ G3/ F1+ E0/ A3+ H4\ G5+ A2/ B1\ B0\ A7/ A8+ F8+ H6+ H7\ G8+ H3/ H2/ H1/ C8+
8x8Trax_1922637 Pamper Me vs. toadisgimpy : @0+ B1+ A2\ A0\ B1+ C2+ @1\ E2+ B0+
8x8Trax_1922715 Linda Sue vs. Misfit Lenrad6672 : @0+ @1/ C1/ C0/ C0/ D2\ E2\ D0/ E1/ F1/ B5\ E4\ B6/ G1\ G2\ H2/ H1/ G0\ D6+ C7+ A7+ C1\ C0\ B3+ A3\ G1/ H2+ H1/ D1/ H5\ H6\ H7\
8x8Trax_1924563 Uncle Chuckie vs. Goonerg : @0/ A2\ B2\ A3+ C2/ C1/ D1/ A0/ D4\ E4/
8x8Trax_1924624 CHESSCATJAY vs. Misfit Lenrad6672 : @0/ A2\ B2\ B3\ A4\ B1+ C1/ C0/ D4+ D5\ E2+ C0\ D1+ F4\ E5+ C7/ F1/ E0\ G4+
8x8Trax_1924626 SweetCindyJo vs. Keizer Soze : @0/ @1/ A2/ C2/ B0/ @2+ D1/ A0+ C0/ C0+ A2+ @5/ D0\ A5+ @6+ B1\ B0\ A4+
8x8Trax_1924673 Trist vs. Chef Jeff 1 : @0/ B1+ B0/ A3+ C1+ A4+ D1\ C0+ C0\ B1\ A2\ @4/ E5/ C0+ B1/ E3+ E2+ C0+
8x8Trax_1924887 Misfit Lenrad6672 vs. Pamper Me : @0/ B1+ A0\ @1\ A2+ @2+ A3/ C3+ B0\ @3/ A2+ F3\ E5\ E1\ E6/ D6/ D7/ B5\ A0\ @2/ E1+ G3/
8x8Trax_1924888 Misfit Lenrad6672 vs. Pamper Me : @0/ A2+ @1\ A0\ C3\ C4+ D4\ B1/ A0\ D6\ A0/ B1/ B0/ D5+ E6\
8x8Trax_1925462 * vs. heidibb : @0/ A2+ @2+ C1/ D1+ C3+ E1+ E0+ F2+ E4\ F5/ G3/ @3/ A4/ C5+ G6\ G7+ G8/ F8/ E6/ D7/ C6/
8x8Trax_1926454 TaUrUsRoSe vs. hANDYman the Rebel : @0+ @1/ A2/ C2\ B3/ A3+ @1\ A0\ D4\ C5/ A4/ @4/ E2/ F2/ B6\ C1/ B0\ A2+ C7+ @5\
8x8Trax_1926541 rapscallion vs. hANDYman the Rebel : @0+ @1\ A2\ C1/ B0/ A0/ C2/ @3/ B5\ A1\ C1+ @3\
8x8Trax_1926755 FujiTape vs. hANDYman the Rebel : @0/ B1+ A0\ @2/ C1+ D2\ B3/ C0+ D2+ E3\ F2/ E1\ D0/ F2+ G2/ E0/ D1+ B2+ D0+ G5+ B8+
8x8Trax_1926927 csain1 vs. hANDYman the Rebel : @0/ A2+ A3/ B2/ C2/ B3+ C1+ D1/ D2+ A4\ E2\ D4\ F1/ F0/ G3\ F4+ F5\ F6+ G4+
8x8Trax_1927271 Misfit Lenrad6672 vs. STrek : @0/ B1\ B2\ C2+ B3/ A2+ A3+ @1/ C0/ B1+ @1\ C0\ @3/ B4+ @2\ A1+ B1+ B0+ @4/ A5+ B5+ C6/ B1+ B0\ G2/ H3+ H2+ G1/
8x8Trax_1927517 gladriel vs. Honeybear : @0+ @1\ @1\ C0+ B0/ D3/
8x8Trax_1927634 Trist vs. hANDYman the Rebel : @0/ B1+ B2+ C1\
8x8Trax_1928183 Arctic Warrior vs. PinkyDot : @0/ A2\ B1/ B0+ C1+ @2/ E1+ D0/ E3\ E4\ F2+ C1+ G2+ C5+ B6\ F1+ G3+ H3\ E6\ E7+ F6/
8x8Trax_1928261 GlassTiger vs. * : @0/ A2+ @1\ A0\ @1+ A3\
8x8Trax_1928474 paganje vs. **Blue** : @0/ B1/ @1\ B0/ D2\ D3\ C3+ C1+ B4/
8x8Trax_1929702 Chad vs. Beaupol : @0/ A2\ B1/ B0+ B0\ A5\ @4\ @3+ E1/ C0/ B7/ A6+ C8\ D8\ F2/ @4+ G3\ F5+ H3/
8x8Trax_1929703 Beaupol vs. Chad : @0+ @1+ B2/ A0\ @1+ @1/ B3+ A0\ @2/ F3/ C5+ B0\ E6+ C1/ F6\ E3+
8x8Trax_1929778 Uncle Chuckie vs. Misfit Lenrad6672 : @0/ A2\ B2\ B1+ B0/ C3\ C4\ D4\ D5\ E5\ E6\ F6\ G1/ G0/ E8+ H4+ E1+
8x8Trax_1930121 Rogue Trooper vs. Uncle Chuckie : @0/ B1/ A0+ A3/ @3/ A4/ @1+ @3+ @2/ @2/ @2/ C4/ C5/ F5+ C1+ C0/ D6\ E7/ B5+ D0\ B1+ G1/ C8/ A8+ G8/ A1/
8x8Trax_1930139 Megababe vs. Honeybear : @0+ B1/ C1/ D1\ D2\ A0+ @2/ D0/ E1/ F2/ G2/ G1/ D0+ B2+ B5\ D0/ E7/
8x8Trax_1930176 dboy97 vs. Marko : @0/ A2\ B1/ B0+ C1+ @2/ A4\ A0+ @1\ @1+ A0\ B5+ D1/ E1/ F1+ D0\ C1\ D0+ B1+ @4+ B1\ @4+ H6\ H7\ B5+ A6+ A2+ A8+ H8\ H1+
8x8Trax_1931118 karosel MIA vs. hANDYman the Rebel : @0+ @1\ A2/ @1\ C2+ D2\ E2/ C3+
8x8Trax_1931372 heidibb vs. Elvis : @0/ A2\ B1/ B2+ B3\ B0/ C3+
8x8Trax_1931376 Nurse Julie vs. basplund : @0+ A0\ @1/ B3\ C3\ D2\ C4/ D1/ B4+ E1\
8x8Trax_1931481 daffyANGEL vs. basplund : @0/ @1/ B0/ @1/ A2+ A3/ B3+ @2\ C0\ C0\ B2\ @5/ A6/ @4\ A3\ A2\ D1\ A1\ @1\ D0+
8x8Trax_1931521 heidibb vs. Elvis : @0/ B1\ A2+ B2+ B3\ A3+ @3/ B4\ D2+ D1+ D4\ E4\ B5\
8x8Trax_1931522 dgb vs. basplund : @0/ @1/ A2+ A3/ A0+ C3/ A5/ A6/ B4+ B7+ C6\ D6\ D7\ D8\ @7\ E3/ F6+ G5+ E2/ @7/ C8+
8x8Trax_1931544 sithneedow vs. basplund : @0+ B1+ C1\ C0\ C0/ D2/
8x8Trax_1931783 ams65 vs. basplund : @0/ @1/ B0/ @1/ A2+ A3/ @1+ D3\ E2+ C4/
8x8Trax_1931790 Elvis vs. Dawn : C1/ D0\ @4/ F1/ G1+ F0\
8x8Trax_1934694 gladriel vs. Janine MIA : @0+
8x8Trax_1934776 drgnrdr vs. Moosie : @0/ B1+ C1/ D1+ D2+ E2\ F2\ F1+ F0/ E1\ G2+
8x8Trax_1934974 * vs. STrek : @0/ A0/ B2/ B1+ @2/ C0+ C4\ D3/ B5+ @5+ A2\ B1+ @4\
8x8Trax_1937018 keops vs. Chad : @0/ @1/ C1/ D1/ B0/ C1/ B3\ B4/
8x8Trax_1937037 SunnyD vs. Goonerg : @0+ A2/ A0\ @1\ C1/ C0\
8x8Trax_1937053 Keizer Soze vs. Whistler Gandalf : @0/ A2\ B2\ B3+ B4/ C3\ D4/ C2+ C1\ E2/ E1/ C0\ C0\ A2+ F4+ @1\ A0\ G3+ G7\ H7\ E8\
8x8Trax_1937097 STrek vs. Ace1316 : @0/ A2\ B2+ B1+ C2\ C1+ C0/ D3\ B1+ B4/ B5/ E3+ C6+ E5\ F5+ F6\ F7\ G4+ H3\ G5\ F2+ E0+ G1+ C8/ G7+ B1+ A1\ A7/ H2+ A8/ H1+ H7+ H8\
8x8Trax_1937610 Megababe vs. STrek : @0+ B1+ C1+ D1+
8x8Trax_1938068 Morticia vs. Jane : @0/ B1\ A2/ B2+ C1/ B0+ B4+ C4\ D2/ A1+ @1+ B0+ @4/ A5/ C6\ E2/ D7/ F6+ @5+ H4+ G8+ H8\ F1+ G1/ H1/ B8/ A7\ A2/ B1\ A8/
8x8Trax_1939215 drgnrdr vs. Rogue Trooper : @0/ A0+ B1\ A0/ C3/ C0+ D4/ D5+ @5\ A6+ A7+ @5\ B2+ E7\ @5\ G7/
8x8Trax_1940734 jaha vs. hockeydoll : @0/ B1+ C1/ A2/ @2+ A3/ B3+ C4/ D4+ E3\ D5+ B5+ E1+ F3\ G3\ G5+ B0/ D7+ B7/ F8\ G7+ G1+ H3+
8x8Trax_1941344 tjancira vs. jaha : @0/ @1/ B0+ B0/ B0/ A2+ @2\ @3+ @2/ E5\ F3\ B5/ RESIGN
8x8Trax_1941425 Sweetcheeks vs. SweetCindyJo : @0/ A2\ B2\ B3+ B1/ C2\ C1+ @2\ B0/ C1+ E2/ E1/ F1/ F4\ E5+ G3\
8x8Trax_1942220 MountainMist vs. Honeybear : @0/
8x8Trax_1943535 toadisgimpy vs. Pamper Me : @0+ B1+ B2+ @1+ D1\ @1+ @1\ D0/ F1/ F0\
8x8Trax_1945345 Jiggs vs. crow57 : @0/ B1\ B2\ C2+ A2/ B3\ @1\ B0/ A4/ B5+
8x8Trax_1945808 Phil The Hat vs. Goonerg : @0/ A2/ A0+ B1\ @3/ @3+ D4+ E2/ C0\ @2+ G2\ G1+ F0/ H2+ C7/ B7/ G7\ D8+ H6\
8x8Trax_1945883 golfnutrof vs. purplehawke : @0+ @1+ A2\ B0/ C2\ B4+ D2\ E3/ F3/ C5+ C0\ G4/ D7/ H4+ F8+ H3+ B6/ C8/ B8/
8x8Trax_1946105 roses4gypsy vs. FujiTape : @0+ B1/ C1\ A2\ B3/ C0/ D1/ A1/ C4\ B5/ D3\ E2\ C0\ E2/ F3\ B1\ D0\ @3/
8x8Trax_1946788 Dragon101 vs. jazzbeth : @0/ B1\ A2/ @2\ C2\ C3\ D1/ A3+ C0/
8x8Trax_1947318 Nan54 vs. dingbat : @0/ A0/ @2\ C1+ D2\ D3\ E3/ B3+ C4/ A3/ @3/ E1/ F1/ D5/ @3\ B2+ F4\ A5/ H4\ A6\
8x8Trax_1947733 Jump This vs. Rogue Trooper : @0/ A0+ @2/ B0/ B4/ C3/ B0/ C6\ D6\ A6/ B7\ @4/
8x8Trax_1947966 Honeybear vs. faith64 : @0/ A2/ @1\ A0\ @1+ D3+ E2/ D1+ A0/ E2/ @2\ C0/ G3/ G2/ F1+ A1\ E0/ C1\
8x8Trax_1948150 Misfit Lenrad6672 vs. Judy :
8x8Trax_1949400 Pamper Me vs. toadisgimpy : B0\ C1+ @3+ A2/ A4/ C5\ F3+ B6+ @5/ B1/ A3+ @4\ B2+ A5+
8x8Trax_1951005 Dawnas AZ vs. Sir Pussycat : @0/ B1/ C1\ B2/ A2+ A3+ @2+ B4+ C0/ D3\ E3+ C4\
8x8Trax_1951006 Sir Pussycat vs. Dawnas AZ : @0+ B1\ A0+ @2\ B0+ C4+ B0+ D5/ C3/ C6+ C1/ D2+
8x8Trax_1951011 terence vs. Sir Pussycat : @0/ A2+ @1\ B0/ B0/ A2+ B0/ @2/ D2+
8x8Trax_1951012 Sir Pussycat vs. terence : @0+ B1+ C1\ @1/ A2\ D2/
8x8Trax_1951017 Sir Pussycat vs. wizzie : @0+ A0+ A3+ A0+
8x8Trax_1951018 wizzie vs. Sir Pussycat : @0+ A2/ B1+ C1+ C2+
8x8Trax_1951019 Sir Pussycat vs. freaky froggy : @0+ @1/ B0+ C2/ A1+ @2+ B3\ A3+ @2/ B4\ C4\ D4+
8x8Trax_1951020 freaky froggy vs. Sir Pussycat :
8x8Trax_1951023 Phil The Hat vs. SarahMills : @0/ @1/ C1+ D1\ A2+ C0/ B1+ @3+ F2\ C4/ G1/ E0\ G5\ H2+ F6\
8x8Trax_1951024 SarahMills vs. Phil The Hat : @0/ B1+ C1/ C0/ B3+ C3+ D3\ E3+ E4\ E0/ F4/ B1\ @4/ D0/
8x8Trax_1951025 Phil The Hat vs. hockeydoll : @0/ A2+ A0\ @2/ C2/ B4+ D1\ D0/ E1/ C5+ C0+ A2\ @4/ @4/ @2+ D1\ C0/ F1+ E0/ RESIGN
8x8Trax_1951026 hockeydoll vs. Phil The Hat : @0/ A0/ @2/ @2/ D1/ B3+ B4+ @3\ B4+ @3\ @1+ A0\ A0+ @1\ H0/ E8\ G7+ B7/ RESIGN
8x8Trax_1951027 Phil The Hat vs. Jay RAA : @0/ B1+ C1+ A2/ D1+ @2+ A3\ B0\ D4\ E1/ C5\
8x8Trax_1951028 Jay RAA vs. Phil The Hat : @0+ @1/ @1\ A0\ C1+ A0\ A0\ @1\ A0\ @1\ A0\ @1\ F1/ F0/ A8/ @5+ @4/
8x8Trax_1951393 LilSis vs. tjancira : @0+ B1/ B2\ C2\ B0/ C2/ D3\ B4/ A4/ A5/ @5/ @4+ F2/ G3\ H5\ H6\ B2+ D6+ H7\ D7+ H8/ G7+ B7/ A7/ C8\ D8\ E1/ F1/ G2+ F8+ H2\ B1+ A1\ H1+
8x8Trax_1952674 dolcol (LAW-10) vs. gladriel : @0+ B1/ C1\ B0\ B3\
8x8Trax_1953090 dgb vs. Chad :
8x8Trax_1953091 Chad vs. dgb : @0+ B1+ C1\ C2\ D2/ C0\ B0/ C5/ C6/ D5+ C0/ D4+ B7\ @4\ B3\ F2/ E1+ G3\ G4\ G1/ D0/ H2\
8x8Trax_1953092 dgb vs. Goonerg : @0/ A2/ B1+ C1+ B3/ @2+ B0/ A4/ @4/ D5/ A1\ A0/
8x8Trax_1953093 Goonerg vs. dgb : @0/ @1/ A0+ A3\ C2/ B0+ D3/ E2+ B0/ D0+ @5/ G3\ D0/ E7\ F7\ F8\ G8\ C1+
8x8Trax_1953096 Chad vs. Goonerg : @0+ A0/ A0+ @2+ @2/ C0/ C5/ A4+ @4/ E5/ F3\ A5+ C6+ C7\ D7\ D8\ E8\ F8\ B7+ A7+ G3/ F2+ F1/ @7\
8x8Trax_1953097 Goonerg vs. Chad : @0/ A0+ @2/ @1/ B0/ B4\ A3/ B5\ D2/ @5/ C6+ A1+ @2/ A4\
8x8Trax_1953098 Chad vs. golfnutrof : @0+ A0\ B2\ @1+ A0/ C1\ D2/ B0\ E3/ F3/ F5+ G5\ A5\ G1/ C6\
8x8Trax_1953099 golfnutrof vs. Chad : @0/ A0/ @2/ @1+ C0/ @3\ @2/ F1/ F0/ F5+ G5\ G6\ H6+ A5+ G7\
8x8Trax_1953100 Goonerg vs. golfnutrof : D6/ E3/ A6/ @3+ C7/
8x8Trax_1953101 golfnutrof vs. Goonerg : @0/ @1/ B0/ @2+ D1/ D3+ E3\ E4\ F4\ B4/ A4/ D5/
8x8Trax_1953361 Megababe vs. Allison : @0+ @1/ A2+ C1\ A3/ B0/ C4\ @3+ C5/
8x8Trax_1953549 firefly vs. FujiTape : @0/ B1\ @1+ C2/
8x8Trax_1953555 Elvis vs. heidibb : @0+ @1/ @1\ A0\ @1\ E2\ C3/ @1+ A0/ @3\ D5\ D6\
8x8Trax_1953588 heidibb vs. Allison : @0/ @1/ A2+ @1\ A0\ B1+ B4+ A0/ B1/ C0\ A6/ @4\ E2/ @5+ F5\ B2/ G3\
8x8Trax_1955001 FujiTape vs. firefly : @0/ A0/ A0/ @3+ B0/ @1+ A0\ @1\ A0\ A5/ @3/
8x8Trax_1955243 Morticia vs. faith64 : @0/ A2/ B2\ B3\ C3+ C4\ C5/ B5/ A5/ @1+ @1\ A0\ A0+ @2/ B4+ G6\ E8+ G3/ H6+ F2/
8x8Trax_1955473 Whistler Gandalf vs. SweetCindyJo : @0+ B1\ B0/ C1/ C0+ D2\ D3\ C0\ E3/ E2/ E1\ A3+ B5+ D5\ A0\ @1\ E1/ D0/ G4/
8x8Trax_1956233 LilBrats Daughter vs. Honeybear : @0/ B1\ B2\ C2+ C3/ D1/ B0\ @1\ @1/ C0\
8x8Trax_1957321 Nan54 vs. Inkjet-Man : @0/ B1\ A2/ C1\ A0\ @2/ B4\ C3+ C4\ A1\ @1\ F3\ F4\ E5/ B5/ B6/ @1/ B2+ B3/ A2/ @2/ B3/ A3+ B4\ D0+ E7\ E8\ B1\ F2/ H3/ G2+ G1/ H2/ H6\ G7/ B6/ A6/ B7/ B8/ H1+ A1\ C8+ G8\ H7+ H8+ A7+
8x8Trax_1957948 cocopuff vs. Honeybear : @0/ B1\ A2/ @2+ D1/ C0\ B4\ C3+ @1\ B0/ D5+ E5\ F5\ G5+ G6+ G2/ H3+ E1+
8x8Trax_1957956 Judy vs. Arctic Warrior : @0+ @1+ B2/ A0\ C3+ C2+ C1+ D2+ C0+ @3+ @3\ B1/ B0/ F3+ G3/ E6\ F6\ F7\ G7\ H3/ D0+
8x8Trax_1957984 c-g vs. jaha : @0/ A0/ @1/ A0/ A3+ C2\ @2/ @1/ D1/ E3+ C4/ C5/ C6/ F2\ A2/ A0\ @2+ G1/ RESIGN
8x8Trax_1958052 Shariann vs. Megababe : @0+ A0+ A0+ A4+ A0+ B5+ A0+ B3+ C6\ @4/ B0+
8x8Trax_1958167 The Viking vs. doc harley : @0+ @1\ B2+ C1/ C0/ D1/ B0\ D4\ E4\ C0\ E3/ F5\ C0+ G6/ F5+ E0/ F1/ C1\ D0+ B4+ A4\ @5\ H7/ B3\ A3\ H5/ G4+ H2/ D1\
8x8Trax_1958617 Fallen Angel vs. Brooklyn in the Alps : @0+ B1\ A0/ @2\ @2\ B3+ @3/ B4+ B5/ A5/ @2\ B1+ B6/ @4/ @4/ A5/ D0+ C2\
8x8Trax_1959399 * Sassy_Angel * vs. Resigned : @0/ B1+ C1/ C0/ C0+ A2+ A4/ @1\ B0/ C1/ A5+ @4/ C6/
8x8Trax_1959674 HeartOnFire vs. crow57 : @0/ B1\ A2/ @2+ D1/ D0/ E2/ C1\ B0/ @3+ F4\ G4\ D5+
8x8Trax_1960033 Jump This vs. DIRKSTRA : @0/ A2\ B2\ @1/ B0+ @2+ C0+ A1\ @1\ C0+ A4/ @1/ C5+ B6\ A5+ @5/ C7+ F7+ F8\ B8\ H5/ G2\
8x8Trax_1960109 frolind vs. gladriel :
8x8Trax_1960112 jbdobie vs. Rogue Trooper : @0+ A0/ A3\ B1/ B0/ C4+ C5\ D1/ D0/ B1+ @4/ D7\ E7\ F7+ E0\ F2/ G5/ G2+ G1/ DRAW
8x8Trax_1960377 HeatherN vs. baron_backgammon : @0/ @1/ B0+ C2/ C0/ B4\ D1\
8x8Trax_1960814 Jane vs. drgnrdr : @0/ A0/ B2/ A3/ @3+ B0/ C1/ C5\ D3+ A0\ @2+ A1\ @1\ A0\ A5/ B6/
8x8Trax_1961992 Pepsi Fan vs. Misfit Lenrad6672 : @0+ @1/ A0\ @1\ A0/ A0\ @2/ C5\ A1\ D5+ @2\
8x8Trax_1962685 * Sassy_Angel * vs. BrnIdGirl : @0/ B1\ B2\ C2+ D2/ C0+ D4/ E2/ A3+ C0+ E4+ C0+ C0\ B1\ A2\ @5/ C0\ B8+ A5+ B1\
8x8Trax_1962687 * Sassy_Angel * vs. BrnIdGirl : @0/ B1\ B2\ A2+ B0/ C1/ C3/ D1/ D3+ B4\ @3+ E0+ @4+ G2\ G4+ H4/ G1+
8x8Trax_1962688 BabyGirl The Rebel Angel vs. * Sassy_Angel * : @0/ B1+ A2/ @2+ A3\ C0/ B1+ D2+ B5/ @3+ E3\ F2+ A2\ G2+ E5/ H2+
8x8Trax_1962699 BabyGirl The Rebel Angel vs. BrnIdGirl : @0+ @1/ B0\ C2\ B3+
8x8Trax_1962713 FujiTape vs. BrnIdGirl : @0/ B1\ A2/ @2+ C0/ D2\ C3\ B4/ B5/ @3+ D5\ C6/ E4+ A4+ @4/ C7+ C8/ A3+ F1+ G3\ @4\ A6/ E7+ E8\ F8\ H7/ H6/
8x8Trax_1962714 FujiTape vs. BrnIdGirl : @0/ A2+ @1\ B0/ A3+ B4/ B5\ C5\ C4+ C2\ C6\ D3\ E4/ D2/ B7/ A7/ A6+ @5/ G3/ G2/ H2/ H1/ G0+ A4/ F8\ G8\ G7+ H5+ C1+ B2\ A1/ H8/
8x8Trax_1962748 BillsPlace vs. BabyGirl The Rebel Angel : @0/ A0/ @1+ @2\ @1\ C0\ A1\ B0/ A1+ @3+ A4+ B5/ A1\ @2\
8x8Trax_1962751 dizzymind vs. BabyGirl The Rebel Angel : @0/ B1\ B2\ A2+ @1\ C0\ C4/ B4/ B5/ A5/ @2\ B1+ A4/ @2\ F5\ D6+ G4/ F3+ F0/ G2+ H6\ F7\ F8\ H4+ D1\ B6+ C1\ A6+
8x8Trax_1962790 smores4me vs. BabyGirl The Rebel Angel :
8x8Trax_1962809 Pepsi Fan vs. BabyGirl The Rebel Angel : @0+ B1/ C1\ B2/ B0+ B0\ @2\ D2/ E2/ D0+ F3\ E4+ E5\ D6+
8x8Trax_1962954 Granny Walrus vs. BabyGirl The Rebel Angel : @0/ B1/ C1\ B2+ C2+ B3/ @2\ C0/ E2+ D4+ E4\ F3/
8x8Trax_1963020 lighthouse lover vs. BabyGirl The Rebel Angel :
8x8Trax_1963035 adopt 3 vs. BabyGirl The Rebel Angel : @0+ @1/ A2/ C1+ A0\ @1+ A2+ @2/ A1+ B0\ B5\ @3+ A4+ G3+ @3\ C6+ A5/ F2/ B1+ E1/
8x8Trax_1963137 BabyGirl The Rebel Angel vs. Resigned : @0/ B1/ B0\ A3+ C3+ C4+ D4/
8x8Trax_1963184 Amanda vs. BrnIdGirl : @0/ A2\ B2\ B3+ B1/ C2\ B0+ D3/ D2/ @3/ F3\ F4\ C5\ E6+ G5/
8x8Trax_1963185 Amanda vs. BrnIdGirl : @0/ B1\ A2+ B2+ A3/ B3+ B4+ C3/ C4+ @1/ A0+ E5\ B6\ @1/ B5/ A4\ A2/ B0+ D8\ F7/ G5/ G4/ G3/ E2/ E1/ B7+ B8/ A8/
8x8Trax_1963291 Dragon101 vs. smores4me : @0/ @1\ A0/
8x8Trax_1963410 sweetone vs. BabyGirl The Rebel Angel :
8x8Trax_1963421 SweetCindyJo vs. BabyGirl The Rebel Angel : @0/ B1\ B2\ A2+ B3/ A3/ @1/ @2+ E2\ D0+ C5+ @4\ B5/ B2\ B1+ A5+ @4/ A5/ @4+ B6/ A3/ E1+ D0+ F1\ C1/ C0\ B1\ E8+ E1+
8x8Trax_1963470 andy99 vs. BabyGirl The Rebel Angel : @5+ A6+ A7/ B7+ @5+
8x8Trax_1963484 Snoopy vs. BabyGirl The Rebel Angel : @0/ B1/ B2\ C2+ C1+ D2+ D1+ E2\ @2/ C3+ D3+ C0+ E4+ C5+ C6\ C0+ A5/ B6/
8x8Trax_1963528 Jeanie vs. BabyGirl The Rebel Angel : @0/ B1/ @1\ B0/ D2\ C3+ C4\ D4\ D5\ E5\ F4\ G4+ A3/ @2/
8x8Trax_1963549 Jeanie vs. BabyGirl The Rebel Angel : @0+ @1/ B2/ A2/ B0\ C1/ @2/ C0/
8x8Trax_1963575 Linda Sue vs. BabyGirl The Rebel Angel : @0+ A2/ B2/ @1\ @1\ C0/ E2/ C4+ B0/ C6+ C7\ C1+ D1+ C0+ E2\
8x8Trax_1963953 hayleesam vs. BabyGirl The Rebel Angel : @0/ @1/ A2/ A3\ @1/ D2+ C3\ A3+ E1/ D0\ D4\ C0+ C0\ A7/ A8/ @7\ A6\ A4+ @6/ A5+ A7+ A1+ @4/ G2/ H2/ H7/ A3+ A7/ A1\
8x8Trax_1964038 Jay RAA vs. BabyGirl The Rebel Angel : @0/ A2+ A0\ @1\ A3+ @2/ A0\ @2/ C1+ A3/ B5/ @3+ B1+ @2+ A3+ @2\ B4/ C5/ C0/ A4+ A6/ @5+ D7/
8x8Trax_1964068 frogman41102 vs. BabyGirl The Rebel Angel : @0+ A2/ B2\ B3+ C3/ A3+ @2\ C4/
8x8Trax_1964124 vfmgame MIA vs. BabyGirl The Rebel Angel : @0/ B1/ C1+ A2+ A0+ A4+ B4+ D2/ D1\ C0+ D1+ C0+ @3+ A2\ A1\ C7+ C8\ F2+ F1+ D8\
8x8Trax_1964624 Honeybear vs. smores4me : @0/ A2\ B2\ B3\ C2/ C1/ @1\ A0\ E2/ F2/ D1+
8x8Trax_1964676 Phil The Hat vs. Rogue Trooper : @0/ A0+ A0+ B2/ @1\ A0\ A0+ A4+ @5\ B0/ B0/ B0/ A1+ @2+ @7+ F5+ A8/ G5+ @5+ A2/ H3+ A8/ H7\ DRAW
8x8Trax_1964677 Rogue Trooper vs. Phil The Hat : @0/ A0/ B2+ C2\ A3/ A4+ @2+ B0+ E5+ E6\ F6\ F7\ E8+ G7+ B6+ G4/ E3/
8x8Trax_1964678 Phil The Hat vs. Jump This : @0/ @1/ C1/ C2/ D1/ A2/ A0+ @1\ @1+ B0/ F5\ G4/ A5/ B6\
8x8Trax_1964679 Jump This vs. Phil The Hat : @0/ A2/ B1\ A0/ C2+ D1\ D0+ D0\ A2+ @3+ @2/ B1+ B0\ C7/ C0+ @3+ H3/ H2/ A1+ G7\ H4+
8x8Trax_1964680 Rogue Trooper vs. Jump This : G6+ @5+ C4+ G4/ G3+ H5+ A2+ G2/ H3+
8x8Trax_1964681 Jump This vs. Rogue Trooper : @0/ A0+ B2/ A0/ C2+ C0+ A5\ C4+ A6/ @6/ @6/ E0\ D0/ C1+ B3\ F3/ B5\ A3\ @3\ E8/ @3\ D1+
8x8Trax_1965098 hANDYman the Rebel vs. Dawnas AZ : @0+ @1\ C1\ C2\ D1/ D0/ E3\ D4+ F2+ E0/ F5\ E6\ G4\
8x8Trax_1965167 nice guy vs. BabyGirl The Rebel Angel : @0/ B1/ C1\ B2/ A0\ @2+ C0/ D2+ A2+ @3/ @3\ B2\
8x8Trax_1965682 BabyGirl The Rebel Angel vs. Elvis : @0/ B1+ C1/ A2\ B0+ B3+ B4+ C4/ D3/
8x8Trax_1965683 BabyGirl The Rebel Angel vs. Elvis : @0/ A2\ B2+ B1+ C1/ C2\ D2/
8x8Trax_1965684 BabyGirl The Rebel Angel vs. Elvis : @0/ A2\ B1+ B2+ C2\ A3\ @2\ B0\ @4/ A5/ E5\ D1/ F5/
8x8Trax_1965940 Elvis vs. BabyGirl The Rebel Angel : @2/ B3/
8x8Trax_1967398 Jeanie vs. BabyGirl The Rebel Angel : @0+ B1+ B2/ B0/ C1\ C2+ D2\ C3+ C4\ E4+ E2/ F2\
8x8Trax_1968106 jaha vs. Kran : @0/ B1\ A2/ @2/ A0/ B4/ B5+ C5+ C6\ D3+ @3/ E1/ F2\ A0\ @3+ F6\ G6\ H6\ D7/ D8/ A5\ D1+ F7+ F8\ G1\ H2/ A7+ A1\
8x8Trax_1968107 Kran vs. jaha : @0/ A0/ @2\ B0\ A1\ A0\ @1\ D4\ C5/ D1/ D0/ E3\
8x8Trax_1968108 jaha vs. purplehawke : @0/ A2/ B1\ C1\ @2\ C2+ C0+ B4/ B5\ A2+ D4+ @3/ F4\ F5\ F1/ G1+ E0/
8x8Trax_1968109 purplehawke vs. jaha : @0+ A0/ B1/ A3/ @3+ @3\ B1+ A0/ @3/ B5+ C0\ E0+ F1/ A1\ A0+ @3\
8x8Trax_1968110 jaha vs. dingbat : D0+ A4/ E4+ D0/ B6\ @4+ E0/ C2+ E7+
8x8Trax_1968111 dingbat vs. jaha : @0/ @1/ A0/ @1/ @1+ A0\ A0+ @1\ B0\ C1+ E4+ A4\ @2/ D5/ C6\ B5+ G4\ G7\ H6\
8x8Trax_1968112 Kran vs. purplehawke : @0/ @1/ A2\ @2\ @1\ A0\ B4/ A4/ @4/ @4+ E5\ F4/ G2/ E1+ D0/ F1+ A1\ E7+ C8+ E8+
8x8Trax_1968113 purplehawke vs. Kran : @0+ @1/ A2/ C2/ B0+ @3/ C4\ @2\ B1/ @3/ A4/ A5/ C6/ A6/ @3+ H2\ F0+ C8+ G6+ H2+ B2/ D1+ B1/ H7\ H8\ H1+ A8+
8x8Trax_1968116 purplehawke vs. dingbat : @0+ A0/ B2/ B1+ C1+ B3+ C3\ B0/ @3/ @3/ B2+ C1+ D0+ @3/ B2+ D5/ D6/ D7+ C6\ G5/ H5/ H4+ G2\ E0\ F2/ G2/ H2/ C8+ C2+ A6\ B7/ B8+ A7+ A2\ B1\
8x8Trax_1968117 dingbat vs. purplehawke : @0/ B1+ C1/ C0+ B0/ A2+ A4\ B4+ @3+ B5\ C0/ A2+ A5+ E3\ D0\ @5/ E7+ A3+ @5/ @5/ H2+ B3+ G8+
8x8Trax_1968118 BIGDOGs vs. Chad : @0+ @1+ A0/ A3/ @3+ @2/ @3\ @2/ B4/ B5+ A4+ A1\ C0\ @2/
8x8Trax_1968119 Chad vs. BIGDOGs : @0/ B1\ A2/ @2+ @1/ B0+ @2/ C4\ B4+ @2+ D0/ D6\ F1/ G3\ E0/
8x8Trax_1968124 Chad vs. Oartkickel of the Wolf Pack : @0+ B1+ @1\ A0\ B0\ C1\ D3/ A1+ @3/ B4\ D0\ A2+ @3\ @3\ A2\ C1/ G1/ E0/ H4/
8x8Trax_1968125 Oartkickel of the Wolf Pack vs. Chad : @0+ @1+ C1/ C0/ D2\ B3\ E2\ E0/ F2\ B1\ D0/ A2/
8x8Trax_1968126 Chad vs. Geri39 : @0/ B1\ A2/ B2+ @2\ A1+ C3/ D1+ B0/ B4/ D0/ E2+ A1\ C0+ @2/
8x8Trax_1968127 Geri39 vs. Chad : @0/ A0/ B2/ C2/ B1+ @2\ C3\ B4\ C4\ A4/ A5+ @3\
8x8Trax_1968130 Misfit Lenrad6672 vs. FujiTape : E8/ A7/ @7/ A4+ H5\
8x8Trax_1968131 FujiTape vs. Misfit Lenrad6672 : @0/ A2\ B1/ B0/ @3/ B4\ C3\ D3\ A2+ B5/ A5/ A6/ @3/ C7\ D6/ B8/ A8/ @8/ @8/ B2\ C1+ A3+ @2/ G7+ G4+ H1/
8x8Trax_1968132 Misfit Lenrad6672 vs. dgb : @0/ @1/ B0/ @1+ A0\ A0+ @1\ E4\ E5\ E1/ D0\ F3\
8x8Trax_1968133 dgb vs. Misfit Lenrad6672 : @0+ @1/ C1/ C0\ D1\ E1/ C0\ D4\ E4\ F4\ F5\ G3/ C6/ B6/ D0/ E1/ E0/ F1/ B3\
8x8Trax_1968134 Misfit Lenrad6672 vs. Rogue Trooper : @0/ A0+ A0\ @1\ A0\ @4+ A5/ @1\ A0\ @1\ B0/ C1/ C0/ D3+ E2+ F5+ F6\ G6+ G4/ @6/ A7/ C8+ G8\ H8+
8x8Trax_1968135 Rogue Trooper vs. Misfit Lenrad6672 : @0+ @1/ C1/ C0/ D1+ B0\ A1\ @1\ A0\ @1\ A0\ @1\ A0\ @1\ A0\ H2/ B0+
8x8Trax_1968136 FujiTape vs. dgb : @0/ @1/ B2/ C1+ A2+ B0\ C1+ D1/ B0\ A1\ @3/ C0+
8x8Trax_1968137 dgb vs. FujiTape : @0/ A2\ B2\ @1/ B3+ @1\ A0\ C1\ A4/ C5/ @3\
8x8Trax_1968138 FujiTape vs. Rogue Trooper : @0/ A0+ A0\ @1\ A0\ @4+ A5/ @1\ B0/ B7/ A7/ @7/ B1\ A8/ @6+ G4/ B1\ A3+
8x8Trax_1968139 Rogue Trooper vs. FujiTape : @0/ B1\ A2/ A3/ A4+ A5\ B5\ B6\ C3+ D2\ E3/ D4+ B0\ @5\ @1\ A0\ H5+
8x8Trax_1968140 dgb vs. Rogue Trooper : C7/ A2\ @1/ G4/ G3/ G2+ H2\
8x8Trax_1968141 Rogue Trooper vs. dgb : @0/ @1/ B2+ B3\ C1/ C4/ @1/ D0/ E4+ D6+ A0+ @4\ @3/ F0/ G2+ D7/ D8+ C7+ C8+
8x8Trax_1968146 Kevin vs. Goonerg :
8x8Trax_1968147 Goonerg vs. Kevin : @0/
8x8Trax_1968150 gramat vs. Goonerg : @1/ A3+ B4\ D2+ D1/ E1/ E0/ E5\ F4\ E6/
8x8Trax_1968151 Goonerg vs. gramat : @0/ A2\ B1/ A0/ @3\ @2/ @3\ A4/ @2/ E5\ F4/ G3\ D6+ F6\ E7/ B7\ G7/ F8+ H6+ C8+ A7+ B8/ G8+ F1+ G2/
8x8Trax_1968152 Mystic River vs. Goonerg :
8x8Trax_1968153 Goonerg vs. Mystic River :
8x8Trax_1968158 dolly vs. Marko : @0/ B1\ A2/ @2+ D1/ C0+ B1+ @3\
8x8Trax_1968159 Marko vs. dolly : @0/ B1\ B2\ C2+ A2/ B3\ A0\
8x8Trax_1968162 adrien vs. Marko : @0+ @1+ A0/ A3/ B0\ C3/ @3/ A2+ B0/ E2+ B6/ F2/ C0\ D0+ G3+ H3/ F5+ D7+ RESIGN
8x8Trax_1968163 Marko vs. adrien : @0/ B1+ B0+ C2\ A3/ @3+ B4+ A4+ @3\ B1+ F4+ D0+ E6+
8x8Trax_1968164 psycotic virus hacker vs. Marko :
8x8Trax_1968165 Marko vs. psycotic virus hacker : @0/
8x8Trax_1968166 Phil The Hat vs. Freight Train : @0/ A2\ B1/ B2+ C2+ B3/ @1/ C4\ D4\ B4+ E4\ D5+ F3/ E2+ B6/ A6/ @3+ @2/ E7\ F7\ E8+ A5+ A7+ G6\ H6\ G8+ G1/ H1+ A8+ DRAW
8x8Trax_1968167 Freight Train vs. Phil The Hat : @0+ @1+ A0/ A3/ C2\ C3\ C4+ D3+ @2\ E1/ F3/ D0\
8x8Trax_1968168 Phil The Hat vs. Roughdawg MIA : @0/ B1\ B2\ A2/ A3\
8x8Trax_1968169 Roughdawg MIA vs. Phil The Hat : @0/ A2/ B2\ A3/ B3\ A4\
8x8Trax_1968172 bigdan409 OTWP vs. * : @0+ @1+ A0/ B3\ C3+ D2\ E2\ C1/ B0\ A4+ D2+ A5\ F3\ B5\ @5\ D1+ A1\ @3+
8x8Trax_1968173 * vs. bigdan409 OTWP : @0/ A2\ B2\ B3+ @2+ C4+ D3+ C5+ A4/ C6+ D4\
8x8Trax_1968176 * vs. FrodoBaggins : @0/ A0+ A0\ @1\ @2+ B4\ D3\ B5/ @3\ C6\ D5+ E5\ E6\ B5/ C0+ F7\ C0+
8x8Trax_1968177 FrodoBaggins vs. * : @0+ B1+ B2/ B0/ B4+ C2+ C4\ D2+ B5+ A5/ @4/ F2+ B6/ A6/ @4\ B2+ E0+ H3+ A3/
8x8Trax_1971069 Chad vs. golfnutrof : @0/ @1+ A2/ A0\ @1\ C0/ D3/ C4+ @2\ A0+ B0+ F6\ F7\ A7/ @6+ @5/ G1/ B7/ H3+
8x8Trax_1971070 golfnutrof vs. Chad : D6\ G5+ F2/ G1\ H4\ E0+ E8+ C8+ DRAW
8x8Trax_1972515 drgnrdr vs. csain1 : @0/ A0/ @1/ A0/ @1/ @1/ B2+ B0\ @2/ C4/ D0/ E3/ @5+ A6/ @4/ F6\ G7/ H4+
8x8Trax_1972576 The Faun vs. Honeybear : @0+ B1\ B0\ @1\ A0\ D2/ C1+ C0/ D2/ E2/ D1/ @2\ B1\ C0\ D1+ D6/ F1/ E0\ F7\ G7+ E8/
8x8Trax_1972620 PinkyDot vs. gladriel : B3\ A1+ C3+ B0+
8x8Trax_1972723 BabyGirl The Rebel Angel vs. nice guy : @0+ B1+ A2\ B0\
8x8Trax_1973342 Ray of Light vs. * Sassy_Angel * : @0+ B1\ A2\ B2+ C2/ B0/ A1+ @1\ B0/ C1/ A0\ @2/ A1\ @1/
8x8Trax_1973418 Megababe vs. DragonHeart MIA : @0+ B1\ A0/ @1/ D2\ C3\
8x8Trax_1973715 BabyGirl The Rebel Angel vs. lighthouse lover : @0+ B1/ B0+ B0\ @2+ A3+ @2\ B0+ @2/ C0\ B5/ @3/ G4\ F6\ B5/ C6/ D7/ A5/ @4/
8x8Trax_1973726 ams65 vs. basplund : @0/ @1/ C1+ C2\ D2/ B0/ @1\ B0/ @3/ A4/ @2\ C5+
8x8Trax_1973855 andy99 vs. basplund : @0/ A0/ @2/ A3+ C1/ @1/ B4+ C0+ E3+ F2\ E1+ A0/ E1+ D6/ A6/ F6\ G4/ F7/
8x8Trax_1974184 GornTC vs. basplund : @0/ A0/ B1+ A3/ C2+ C4+ D4+ D5\ E5\ A5/ D6+
8x8Trax_1974665 Marko vs. Uncle Chuckie : @0+ B1\ C1/ A0/ A3/ A4/ C4+ @3+
8x8Trax_1974962 marlisam vs. basplund : @0/ @1/ B0\ B3+ A1+ B0/ C1/ B0/ C3\ D2/ D1\ D5\ E3\ D6/
8x8Trax_1975605 Jiggs vs. crow57 : @0+ @1+ A2+ @1+ B0+ D2+ B0+ @3+ C0+ @4+ @4\ A3\ E0+ @4+
8x8Trax_1976553 HeartOnFire vs. * : @0/ A2/ A3+ @3+ C3+ C4\ A1\ B0/ @4+ B5\ B6\ @4+ A5\ F4+ G5/ F3+ @4\ A3\ H6\ H7\
8x8Trax_1979533 jazzbeth vs. Dragon101 : @0/ A2\ B1/ B2+ B3/ C3\ C4\ @3/ A1\ @2\
8x8Trax_1979580 dgb vs. heidibb : @1+ @1\ A0\ B0\ @2+ C4/ A1\ @1\ C0/ A5/ @4/ C6/
8x8Trax_1979732 What The vs. purplehawke : @0+ @1+ A0/ A3/ @3/ @3+ A4\ A1\ B0/
8x8Trax_1979974 * vs. CHESSCATJAY : @0/ A0/ B1+ C1/ D1/ C2+ C3\ B4+ @3+ @3/ E0+ B2\ A1/ D0/ F1+ G4+ E7/ G1/ F7\ F0+
8x8Trax_1980070 supermac vs. Keizer Soze : @0/ @1/ B0+ A0/ @3+ A4/ B4+ D2+ @4/ A5/ A1\ @1\ B0/
8x8Trax_1980841 Pamper Me vs. Misfit Lenrad6672 : @0+ @1/ B0+ C2\ A3/ @3/ C4\ A1\ @3/ A5/ B0+ @5/
8x8Trax_1981158 * vs. heidibb : @0/ A2+ @2+ B3\ C1/ C0+ D2+ E2/ E4/ F2/ E1/ D0+
8x8Trax_1981179 Lone Outlaw vs. heidibb : @0/ A2/ A3\ B3\ @2/ C1/ D3\ C0+ E4/ D3+ C0\ C6+ E3\ E2\ F3\ C0\ F7\ E2\ E8/
8x8Trax_1981461 Phil The Hat vs. Dawnas AZ : @0/ A2\ B1+ @1/ D1+ E1\ E2\ C3+ C4\ C0\ F5\ E6/ F2/ F1/ G3\
8x8Trax_1981462 Dawnas AZ vs. Phil The Hat : @0/ B1\ A2/ A3/ B0\ C1+ @2+ D3\ E2+ E4\ F2/ E5/
8x8Trax_1981876 SweetCindyJo vs. acelockard : @0/ B1+ A0\ A3\ @2\
8x8Trax_1981877 AugieDawg vs. HeatherN : @0/ B1\ A2/ @2+ C0/ D1/ C3\ C4\ B4/ B5\
8x8Trax_1982532 berecca vs. Morticia : @0+ @1+ A2\ B0/ C1/ D1+ D0\ D4\ C5\ E3\
8x8Trax_1983596 violet unicorns vs. Dawn : @0+ A0/ A3\ B1/ C2/ A0\ C2/ @1/
8x8Trax_1983797 DINGEROO vs. Honeybear : @0/ A2\ B1/ B0+ C2\ C3\ C4+ D4\ @3/ B4+ A4+ A5/ @4/ D0+ @5\ B4+ A4+ A3\ C2+ E0+ D2\ F2\ G4\ F7+ E0\ C1+
8x8Trax_1983812 HEATHER vs. violet unicorns : @0+ B1/ @1\ D1+ C2\ @1+ E2\ C2+ B2/ C0+
8x8Trax_1984043 jazzbeth vs. Dragon101 : @0+ @1/ A0/ C2\ B3/ B4/ A3/ @3/ B4/ B0/ D2/ E2/ @4/ A5/ @3+ C6+
8x8Trax_1984248 HEATHER vs. violet unicorns : @0/ B1+ A0+ B1+ @2+ A3+ @1+ A2+ B0/ A4+ @1/ A3+ E4/ E1+ E0/ C1\ D0\
8x8Trax_1984898 Chimera vs. basplund : @0/ @1/ B2\ C1\
8x8Trax_1984956 Nan54 vs. TN_Sapphire : @0/ B1\ A2/ @2/ B3\ C3\ @3/ A4/ D0/ E1/ E3\ F2+
8x8Trax_1985112 Dawn vs. Elvis : @0/ B1\ A2+ B2+ B3\ A3+ A4+ C3\ @3/
8x8Trax_1985411 HeartOnFire vs. crow57 : @0+ B1+ B2/ A0\ B4/ C3/ @3/ A2+ B5\ @3+ B4+ A4/ @2\ B1+ F1/ E0+
8x8Trax_1985514 Jump This vs. Marko : @0/ A2\ B1/ B0+ @2+ A0+ D2+ @2/ A0/ @1+ A0\ A0\ @1\ @1\ A0\
8x8Trax_1985529 Whistler Gandalf vs. SarahMills : @0+ B1+ A2\ A0\ B1+ C1/ C0/ @4/ C5/ E1/ C0\ D0+ A4+ @6/ A4+ E0\ C2\ B2+ B1\ @5\ B2+ H2+ H1/
8x8Trax_1985538 PinkyDot vs. tjancira : @0/ @1/ A2+ B3/ B0/ C1/ C5\ D5\ C0+ D5+ E5/ F2/ F1+ @4+ H3/ H2/
8x8Trax_1985558 Elvis vs. BabyGirl The Rebel Angel : @0/ A2+ @1\ B0+ @2/ B3/
8x8Trax_1985597 Janine MIA vs. gladriel :
8x8Trax_1987302 Buz vs. drgnrdr : @0+ @1\ B2+ C1/ A0\ @1\ A0\ A4/ @2+ C5+ F3\ F4\ @2\ A0\ @2/ E1+ D0/ E0\ H3/ F2+ B2\ C1+ A2+
8x8Trax_1987451 ejd vs. Marko : @0/ B1\ B2\ C2+ A2+ D1/ D0/ E1/ B1\ B0+ @3/ C5+ C6\ D6\ @2\ F5+
8x8Trax_1989288 GornTC vs. basplund : @0/ A0/ B1+ C1/ B3+ B0+ @2+ A1\ B5/ A5/ @4/ @4/ A5/ D6+ B1\ E0+ A3+ @3\ @6/ A7/ D0+ C1\ G7\ H7\ B2+ H8+ DRAW
8x8Trax_1989714 cocopuff vs. Honeybear : @0/ A2\ B2\ B3+ B1/ C1/ A0\ @1\ B5\ E1/ E0/ A6+ @4/ C7\ E1\ E0\ G3\ F4+ D2+ H2+ H1/ E5+ A6/ E7\ G4+ G5\ F6+ H5+ G6+ H6+ H7\ B1\ G8+
8x8Trax_1989769 SweetCindyJo vs. Ace1316 : @0/ B1\ A2/ @2+ B0+ A4\ C3\ D3+ @3\ C0\ D2/ E2/ F3\ D5\ D6\ F2+ C0/ E1/ F2+ B1+ F7\ G5/ F8/
8x8Trax_1989770 Dawnas AZ vs. STrek : @0/ A2\ B2\ A3+ @1/ C1+ B0+ A0/ @1+ A4+ C6+ A6/ @5\ C7+ A6/ @5+ @5\ B3+ A3/ B6/ G2/ H4\ F0/ H2+ G1/ A3\ A2+ E1+ B2/ B1+ G8+ H8\ H1+ A8/
8x8Trax_1989954 drgnrdr vs. Jane : @0/ B1/ B2\ C2+ C3\ A3\ C1+ D1/ @3\ D0\ F2/ E0+ C1+ E5\ C6/ A3+ F5+ G3+ @3\ B0+ C0\ D1+ F2\ H3\ G2/ G1+ H2+ H7/ H1+ DRAW
8x8Trax_1990031 Buz vs. drgnrdr : @0+ @1+ B2+ C1+ A0+ @2+ D3+ E2+ A3+ @2+ E4/ E1/ G2/ G0+ G4\ @3+
8x8Trax_1990370 Linda Sue vs. purplehawke : @0+ B1+ B2/ A0\ @1\ @1+ A0/ E3+ D2/ F3+ G3/ @2+ D0/ H3/
8x8Trax_1990497 vfmgame MIA vs. basplund : @0/ A0/ @2+ @2\ D2+ E2\ D3\ D4\ E4\ F4+ F5\ F1/ E0+ G3/
8x8Trax_1990599 Jane vs. drgnrdr : @0/ A0/ @2+ C1\ @2+ B0/ @3+ B1\ B4+ B0/
8x8Trax_1990692 BabyGirl The Rebel Angel vs. Elvis : @0/ A2+ @2\ A3/ @2\ B0\ A1\ @1\ A0\ B5+ D5+ A3/ @3/ B0\ A2\ @3\ G4/ A2\ A1\ B0\ D8+ A1+
8x8Trax_1991092 * vs. The Faun : @0/ A2+ @2+ A1+ @2+ C0+ @3+ E1\ E4/ E5/ F4+ C5/ B6\ G2/ H2+
8x8Trax_1991583 heidibb vs. Retro RickXTN : @0/ B1\ B2\ C2\ B0/ C4/ A3/ B4+ C5\ @3/ E5/
8x8Trax_1992270 Sarah vs. drgnrdr : @0+ @1+ C1\ A2/ C2/ A3/ @3/ E2/ D3+ A4/ @4/ C0/ C0/ @6+ B7\ H5/ F1/ D0/ D8+ G2+ H3/ F1/ B3\ H4\ B2+ A2\ A1\ G8+ DRAW
8x8Trax_1993071 Freight Train vs. purplehawke : @0+ B1+ B0\ A3/ @3+ @3\ D0\ B2+ D4+ @3+ D0+ D0\ B1+ B0\ A1\ @6+ B0+
8x8Trax_1993248 darn vs. * Sassy_Angel * : @0+ @1+ A0+ B3\ A3/ B4/
8x8Trax_1993548 heidibb vs. Elvis : @0/ A2\ B1/ B2+ @2+ C0/ D1/ D0/ E1/ F2/ @4/ F0/ B6+
8x8Trax_1993848 toadisgimpy vs. Pamper Me : @0+ B1+ B0\ A3/ @2+ @2+ B1+ @2+ E3+ A3+ B1+ B0/ E5\ @3+ @3/ A4/ B5/ H3+
8x8Trax_1993849 toadisgimpy vs. Pamper Me : @0+ B1+ A0/ A3/ @3+ D2+ A1\ A0/
8x8Trax_1994083 ScoobyRex02 vs. tjancira : @0/ @1/ B0+ C1/ @1\ A0\ E2\ E3\ E4\ F4\ F5\ D1/ C0/ G6\ G7\ @3+
8x8Trax_1994213 marygal vs. Dawn : @0/ A0/ B1/ C1+ @2/ E1\ D3\ E0\ @2\ C1+ D0\ @3+ F1/ E0\ H2/
8x8Trax_1994341 Dawn vs. Elvis : @0/ B1\ B2\ C2\ B3/ A2+ C4\ D4\ A4/ @2\ C5/
8x8Trax_1994454 Guyver vs. Dawn : @0+ A0/ B1\ C1/ B0\ B3\ C1/ B0\ B5+ C5\ D4+ @3/ D6\ E6\ F5\ G5\ F6\ F7\ G6\ B7/ A6/ B8\
8x8Trax_1994897 Lorry vs. Marko : @0/ B1\ A0+ A3\
8x8Trax_1995026 drgnrdr vs. What did you say : @0/ B1\ A2/ @2/ @1/ D2+ D3\ D4+ E4\ A3+ E3/ F3/ E1/ D0\ D0\ D7/ E1/ F0\ G3\ G5+ H5/ B1+ H6/
8x8Trax_1997184 Whistler Gandalf vs. CHESSCATJAY : @0+ A0/ A3\ B3\ C2+ D2/ C4\ D4\ E4\ A4/ B5/ @3/
8x8Trax_1997264 SarahMills vs. * : @0/ A2+ B1+ B3\ C2/ C3+ C4\ D2/ B0/ @3\ B1+ B0/ F4\ F2\ F5+ G5+ B5/ A6\ D7\ C8+ E8+ @3/ D1/ H2\
8x8Trax_1997304 The Faun vs. Megababe : @0+
8x8Trax_1997479 Misfit Lenrad6672 vs. Pamper Me : @0/ A2\ B1/ B0+ A4/ @4/ D2\ C4/
8x8Trax_1997480 Misfit Lenrad6672 vs. Pamper Me : @0/ B1\ A2/ @2+ D1/ B0/ B4\ C4\ C5\ D5\ E2/ D1/ D0/ @4+ E7\ F4+ G4+ G5\ A2\ C1+ G6+ G8+ H6/
8x8Trax_1997481 Misfit Lenrad6672 vs. Pamper Me : @0/ A2+ @1\ B0/ C1/ D2+ B4/ C4+ E1/ C0/ A1\ C0/ A1+ D0\ B8\ @3+ @5/ C6+ @4\ A3\ F8+ H3+ H6\ A2\
8x8Trax_1997482 Misfit Lenrad6672 vs. Pamper Me : @0/ B1+ @1\ B0/ C3\ D3+ D4\ C0/ D1/ E3\ B5/ C6\
8x8Trax_1997483 Misfit Lenrad6672 vs. Pamper Me : @0/ B1+ A0\ @2/ A3/ D3/ A4/ A5+ @5/ A6/ B1+ A4+ @4\ @2+ B7/ A5\ H2/ F1/ F0/ H2+ C8+
8x8Trax_1997484 Misfit Lenrad6672 vs. Pamper Me : @0/ B1+ @1\ B0/ C3/ D2\ E2/ E1/ E0/ E0+ F1/ B1\ C0/ A4\
8x8Trax_1997485 Misfit Lenrad6672 vs. Pamper Me : @0/ B1+ @1\ B0/ C3/ D2\ D4\ E3/ C5/ B3/ D6\ E5/ F4\ B5/ A4+ A6+ @5/ F1/ E0/ G3/
8x8Trax_1997486 Misfit Lenrad6672 vs. Pamper Me : @0/ A2+ @1\ B0/ A1+ A0+ @2/ B4+ @2\ A1\ @1\ D0\ @3/ B4+ @2\ A1\ A0\ D6/ D7/ A5+ @5/ B6+ E8\ F8\ G7\ H8+
8x8Trax_1997487 Misfit Lenrad6672 vs. Pamper Me : @0/ B1+ A0\ @2/ A1+ @1+ A0\ B1+ @2/ D4+ @1\ B0/ @3/ A4/ A5/ D6\
8x8Trax_1997488 Misfit Lenrad6672 vs. Pamper Me : @0/ A2+ @2/ C2+ C3\ B3+ C4\ D2/ B0\ A1\ @1\ E1/ C0\ F3/
8x8Trax_1997489 Misfit Lenrad6672 vs. Pamper Me : @0/ B1+ @1\ B0/ C3/ D2\ D4\ E3/ C5/ B3/ @3/ B4+ A4/ B5+
8x8Trax_1997490 Misfit Lenrad6672 vs. Pamper Me : @0/ A2+ B2\ B3\ @3/ C4+ D1/ B0/ A5+ E2+ F4\ D5+ G3/ G2/ H2/ F1\ C0\ H6\ E7/ E8/ B7+
8x8Trax_1998313 Pamper Me vs. toadisgimpy : @0+ B1\ A0+ @2/ A3/ A4+ @2+ D5\ E5\ B1+ B5+ C6+ E3/ D1/ F5/
8x8Trax_1998378 hANDYman the Rebel vs. ISHKA : @0+ A0+ @2/ A3\ C2/ @3\ D3\ E3\ D0/ E2\ F3/ C1\ D0/ G3\ C6/ B3\ B2+ A3+ @3\ B2\ A6/ B7\ A2+ B1/ E7+ G5\ F2/ G8\ H7/ H5+ E8+ F1+
8x8Trax_1998717 BabyGirl The Rebel Angel vs. Elvis : @0+ @1\ B2/ C2\ B3/ C3+ C4+ D4\ @3/ B4+ B0+ D6/ @2+ B1\ C0/ E3/
8x8Trax_1998718 BabyGirl The Rebel Angel vs. Elvis : @0/ A2\ B2\ B1+ C1+ C0/ @2\ A1\ C1+ E2\ C4+ D4+ C5/ A0/ D1/ C0\ B1\ @2\ B5+ F1+ G3+ H3\ E0+
8x8Trax_1998950 Buz vs. drgnrdr : @0+ @1\ B2+ C1/ C0/ D1/ D0/ D4\ E2+ C5+ F3\ F4\ D0/ F1+ G2/ C7/ A6/ @6/ A3+ H6/ F7\ D0+
8x8Trax_1999181 Rogue Trooper vs. 15951 : @0/ A0+ A0\ @2\ C3/ A1\ A0\ @2/ D1/ A3/ E2\
8x8Trax_1999403 Sir Pussycat vs. Resigned : @0+ @1+ B2+ C1+ D1\ D2\ B0+ E3+ F3/ F1+ E0\ @3+ E1+ @3+
8x8Trax_2000950 SweetCindyJo vs. Ace1316 : @0/ A2\ B2\ B1+ C2/ C1/ B3+ B4+ B5/ A5/ @4/ B6\ C6+ D6\ D0/ E1/ E0/ F1/
8x8Trax_2002296 toadisgimpy vs. freaky froggy : @0+ @1/ A2/ C1+ B0/ D2/ E2\ E3\ E4\ C3+ B4+
8x8Trax_2002649 darn vs. * Sassy_Angel * : @0/ A2\ @2\ C1+ B3\ D1\ C2\ D2+ C3+ C4/ C0/ E3\ E4\ D6\ F4/ E6+ E2+ F2/ E7\ F7\ F8\ G6/ H6\ H7\
8x8Trax_2002661 supermac vs. FULL moon CRAZY : @0/ B1\ A2/ @2+ A3+ @1\ C0+ D1+ C0+
8x8Trax_2003111 Linda Sue vs. Pearco2 : @0+ @1\ B2/ C1/ C0/ D1/ D0/ E1/ C0\ B1\ D0/ C0/ @6\ E1+ F1/ G1/ G0/ H1/ B4\ E8\
8x8Trax_2003582 csain1 vs. Jump This : @0/ @1/ C1/ A2/ @2/ @1/ C0+ E4\ F4\ @1/ G1/ G0/ G3+ H4/ E6+ B6+ B7/ G0\ F1+ E8+ A6+ E1\
8x8Trax_2003606 SweetCindyJo vs. LilSis : @0/ A2\ B1/ B0/ C2\ C3\ B0/ C0/ D2\ C6\ A1\ D6/ C0\
8x8Trax_2003613 purplehawke vs. Sweetcheeks : @0+ B1/ A2+ B2+ @1/ D1\ B0+ E2+ F2\ C4/ C5/ D4/ A5/ @4+ C6/
8x8Trax_2003678 Marko vs. dboy97 : @0+ A0/ A3/ @2+ C1+ A4/ @4+ A2\ @3\ C1+ C0\ D0+ E1/ D0\ B2+ A3+ F3+
8x8Trax_2003733 Sherry vs. purplehawke : @0/ A0/ B1+ A3+ C2/ @2\ A1+ C0+ C5/ E4+ E6+ F6\ E7+ D7+ C0/ B7+ A7\ B2+ D1\ A6+ E3/
8x8Trax_2005204 jaha vs. Dawn : @0/ A0/ B2/ C2+ A3/ C1+ @3/ A4/ @1\ C0/ @5+ G3/ G4+ @3+ D0+ C1+ C0\ B2+ E8+
8x8Trax_2005923 PinkyDot vs. B Line electric streetcar : @0/ @1/ B2/ A0+ A3/ @3/ B4+ @3+ C0/ B1+ E4\ E2+ F3+ A0/ @4/ F1/ D0+ G3/
8x8Trax_2005941 jaha vs. grade1teacher : @0/ A2\ B2\ B3+ @3\ B0/ C2+ B0\ A4\ D3+ @5/ B6+ A2\ @4/ B1/
8x8Trax_2005969 Buz vs. paganje : @0+ @1\ B2+ C1/ C0/ D1/ D0/ C0+ @2+ F2/ C0/ E1+ C0+ B0/ @2+
8x8Trax_2005970 Honeybear vs. muffin man : @0/ B1\ A2/
8x8Trax_2006014 gladriel vs. balmoral : @0/ B1\ A0/ B3/
8x8Trax_2007660 BabyGirl The Rebel Angel vs. lighthouse lover : @0+ B1\ B2\ @2/ B3+ A3+ B4\ A4+ A5+ @5/ E4\ E5\ C6/ D7\ E7+ A4\ @5/ G7/ G3+ G2/ H5+ F8\ C7+ A3\ A2\ A1\ G1/ E8+
8x8Trax_2008116 gladriel vs. paganje : @0+ @1\ @1\ C2\ C0/ D3\ E2\ A3/ C0/ C5/
8x8Trax_2008906 Jesme vs. sithneedow : @0+ A2/ @1+ B0/ A1\ A0/
8x8Trax_2010250 Megababe vs. Buz : @0+ @1+ C1+ @1+ A0+ @2+ E1+ F2+ D3/ D1+ D0\
8x8Trax_2010452 ejd vs. nil : @0+ @1/ B0\ B3+ C2/ C3\ D2\
8x8Trax_2010912 Dawn vs. Elvis : @0/ B1\ B2\ C2\ B3/ A2+ @2/ B3/ A3+ B4+ @3\ F4\ F5+ F2/ G4\ E5/ A4/ G2+ B5\
8x8Trax_2011100 DavidJ vs. Dawn : @0/ A0/ B2/ A3+ A4\ B1/ C2\ C3+ D3+ D2+ E2+ D0/ E1/ A1\ F3/ B0/
8x8Trax_2012280 jaha vs. CHESSCATJAY : @0/ @1/ A0/ @1/ B0/ A0+ @1\ B4/ B0/ @2\ C0\ E5+ E3+ C0\ F3/ F2/ F4+ B2+ @2\ A1\ B8/ A7\ H3+ E1+ G7+ H6\ F8+ A6+ A8+
8x8Trax_2012293 Whistler Gandalf vs. SweetCindyJo : @0+ B1/ B2\ C1/ B0+ B0/ B0\ A1\ @1\ B0/ C1/ D1\
8x8Trax_2014596 jaha vs. JiffyJeff : @0/ B1+ C1/ A2/ @2+ B0\ C1+ B0\ B0+ @5\ B2\ C0/ E1+ F4\ C7+ C8\ E8+
8x8Trax_2015168 darn vs. * Sassy_Angel * : @0+ B1\ A2/ A0/ C3\ B4/ C2+ B0\ @4+ B5/
8x8Trax_2015855 Jiggs vs. crow57 : @0/ B1\ B2\ C2\ A0\ @1\ B3/ C4\ A2+ A0+ C1/ B0\ D3+ E2\ C1+ @2+ @2/ G6/ H4\ A3/
8x8Trax_2015887 Didier vs. oups MIA : @0+ @1+ A0/ B3\ C3+ C4+ D2/ C1+ C0/ D2/ B0\ A2+ @4/ B1\ A1\ @2+ F1/ E0\ G3\
8x8Trax_2016411 * Sassy_Angel * vs. Ray of Light : @0/ A2\ B1/ B2+ C2+ C3\ D3+ B0+ @2+ C0+ C0\ B1\ E7/ C6/ C7/ C8/ @4+ B6/ A7\ A3+ A2\ B1\ @2/ F3/ G2\ H3+ H6+ A5\ C8/ F8+ H2/ H1/ H7\ G8+ F1+ H8+ A1/
8x8Trax_2017097 jaha vs. Ray of Light : @0/ A2\ B1/ B2+ B0\ C3/ B0\ C3+ C1+ D2/ A1\ @1\ C0+
8x8Trax_2017405 smores4me vs. Dragon101 : @0/ A2+ A0\ @1\ A0\ B5\ C5\ C2+ @1/ B0\ B4+ A4/ D0/ E1/ @4/ @4+ @4\ C1\ D0\ H5+ B6\ B2+
8x8Trax_2017736 Oartkickel of the Wolf Pack vs. Linda Sue : @0+ A0\ A3/ @3/ A4/ @2\ @2+ A1\ C0/ @4\ B6+ F2/ F5\
8x8Trax_2017739 Linda Sue vs. Oartkickel of the Wolf Pack : @0+ B1+ B0\ B3\ C3/ C1/ B0\ A0/ A0+ A0\ @1\ D3/
8x8Trax_2021110 Dawn vs. heidibb : @0/ A2+ B1/ B0/ C3/ C1/ A4/ D3/ D1+ D0\ B0+ @2\ @2+ A1\ B0\ B6+ @5+ C8\ A2\ @2\ C1+
8x8Trax_2021117 Dawn vs. heidibb : @0/ A2\ B1/ B0+ B3\ C3\ B0/ B0/ A2+ A0/ @4+ D4\ E5+ A1\ @1+ B0/
8x8Trax_2021142 gravyrun vs. Dragon101 : @0/ A2\ B2\ B1+ A0/ B0/ C1/ B5+ C4\ @3\ E2+
8x8Trax_2021212 Jiggs vs. heidibb : @0+ @1\ A2/ @2/ A1+ D1/ D0/ @2+ B1+ C0+ A1\ A0\ E5\ D6+
8x8Trax_2021801 darn vs. * Sassy_Angel * : @0+ B1\ A0+ @2/ A1\ B3+
8x8Trax_2022048 Oartkickel of the Wolf Pack vs. * : @0+ @1+ A2\ A0\ @2/ A4+ A5/ @2/ @1\ B0+ A4/ @3\ C0\ B1\ A1\ B7/ D8/ G4+ A5+ @4+
8x8Trax_2022139 What The vs. Misfit Lenrad6672 : @0+ @1/ B2/ B3\ C2\
8x8Trax_2022168 Jesme vs. drusilla : @0+ A2\ B2/ A0\ @1+ C1\ A0\ C1/ @2/ @1\ C0/
8x8Trax_2022368 Didier vs. Cynashmar : @0+ @1\ A2\ C1/ A0\ @1\ C0/ D1/ E1\
8x8Trax_2022508 DavidJ vs. Didier : @0/ B1+ A0\ @2/ B3/ A3+ @3\ E2+ A1\ @3\ C0+ A2\ @2\ G4\ G5\ G6\ A0\ @2/ D6+ G7/ C0+
8x8Trax_2022690 Megababe vs. Buz : @0+ @1+ C1+ @1+ A0+ @2+ E1+ F2+ D3/ G2+ C1/
8x8Trax_2022809 touchpoint vs. Didier : @0/ B1+ A0\ @1\ A2/ @2\
8x8Trax_2023082 Didier vs. jaha : @0+ A0/ A3/ A0/ B2/ C2/ B4+ @3\ D1/ @4/ B5\ A1\ B0/ @4\
8x8Trax_2023278 Didier vs. Cynashmar : @0+ B1\ @1\ A0/ C1/ C3\ D1\
8x8Trax_2024188 DavidJ vs. Chef Jeff 1 : @0/ B1+ A0\ @1\ @1\ C3+ A2/ @1\ E1+ E0/ E0+ F2\ D0/ F2/ G2/ C7\ F4+ F5+ G3\ H3\ H1/ H0/ D1+ A6+ F1/ F7\ F8+ G8\ H8+ G7/ A8+
8x8Trax_2024545 golfnutrof vs. Marko : @0+ @1+ A2\ B0/ C1+ A4/ @4/ B1\ B0\ A6+ C5+ C7+ A4\ @5/ B7/ A8\ @6\ F6+ @5\ B4+ B3\ G5+
8x8Trax_2024686 Didier vs. oups MIA : @0+ B1+ A2\ B0/ A1+ @2+ B0/ @3+ E3\ E5+ F5/ F3/ G5\ F6/ B2\ A4/ A5/ B6+
8x8Trax_2025233 Granny Walrus vs. Jesme : @0/ B1+ A0\ @2/ A3/ A4\ @4\ C4+ E3\ C5\ A1/ E4+ F4/ D1+ E1/ G3\ H3\ F5+ G0\ F7\ B6+ E1\ D1\ D0\ B8/ C2+
8x8Trax_2026886 dboy97 vs. tjancira : @0/ A0/ @2/ @2+ @2/ A3/ C3+ B4+ D0+ E3+ A1\ @3\
8x8Trax_2029208 Uncle Chuckie vs. Jump This : @0/ @1/ B0/ B0/ C2\ @1\ B0/ @3+ B1\ B0\ @3/ E6\ F6\ B6/ G6\ C7\
8x8Trax_2029229 gladriel vs. GlassTiger : @0+
8x8Trax_2029292 Honeybear vs. ScoobyRex02 : @0/ A2\ @1\ C2/
8x8Trax_2029293 paganje vs. Janine MIA : @0/
8x8Trax_2029294 Megababe vs. misci : @0+ B1\ C1\ @1/ A2/ A3+ @3/ B0/ D1+ B0\ A3+ @5/ @5/ G6+ H4/ H1/ B3/ B6/ E7\ B7\ F7+ RESIGN
8x8Trax_2030239 Chad vs. jbdobie : @0/ A0/ B2/ A3/ B4/ B5+ C2+ @3/ A4+ E3/ F5+ E6\ E7\ F7\ G6\ G4+ E1\ C0+ H7+ H8\ A6/ DRAW
8x8Trax_2030240 jbdobie vs. Chad : @0/ @1/ B0/ @1/ @1+ B2+ E1+ E3+ D0\ C5/ B5/ A5+ C6+ @2/ B1+ B0/ F7\ E8\
8x8Trax_2030241 Chad vs. Jump This : @0/ @1/ @1/ B0/ @1/ A0/ D4+ C5+ E3+ E2/ E1+ F3+ E5+ C6+ D0/ C1+ E0/ D1+
8x8Trax_2030242 Jump This vs. Chad : @0/ @1/ A0/ @1/ A0/ @1/ A0/ @2/ B0/ E6\ F6\ C6/ C7/ B6+ @3/ D1/ E1/ B0+ H7/ H6/ B7+ F3\ F1+ G3/ G4+
8x8Trax_2030243 jbdobie vs. Jump This : @0+ B1+ B0+ C2+ B3+ C3\ C4\ B5+ A5/ A6/ @5\ @6/ A7/ @5\ C3+ G5\ G6\ D7+ G2+ F1/
8x8Trax_2030244 Jump This vs. jbdobie : @0/ @1/ A0/ @1/ C3/ A2+ D3\ D4\ B0/ C2/ A0\ @1\ F3\ D2/ G2+ G1/ G0+ @2/ B4\ F8/ E8/ C1+ B5/ A4+ C6\ G6+ DRAW
8x8Trax_2030557 Geri39 vs. Megababe : @0/ B1+ A0\ @1\ A0\ B0+ A0\ C3+
8x8Trax_2030649 Kran vs. Megababe : @0/ A2+ @1\ B0/ C2+ D2\ D4\ E2\ D1+ C5+ B4/ A4/ D6\ B5+
8x8Trax_2032158 Didier vs. Geri39 : @0+ @1/ C1/ A0/ B3\ C4\ D4\ A0\ @2/ C5+ D1/ E1+ B0/
8x8Trax_2032418 Nina vs. Honeybear : @0+ B1/ C1\ C2\ A0\ A0\ C2+ @2+
8x8Trax_2032643 Dawn vs. Didier : @0/ B1+ @1\ B0+ C3\ D2/ E2/ C4+ D1+
8x8Trax_2034157 jaha vs. keops : @0/ @1/ B2/ C1/ B3/ D2/ D4+ E2/ F2+ F1/ B5/ A3/ F5\ RESIGN
8x8Trax_2034299 What The vs. STrek : @0+ B1/ A0/ B1/ A3\ @2+ D2+ D4+ E2/ D0+ D0\ C1\ C0\ B1\ A2+ @5+ C0\ A2+ A3+ @2\ A3+ C7+ B4/ A5+ A6/ @6/
8x8Trax_2034433 Jiggs vs. crow57 : @0/ B1\ B2\ C2+ B3/ A3/ A0\ @2/ A5/ @4\ C5+ A3+ E5\ D6/ E6+ C7\ D8+ F5\
8x8Trax_2034495 Megababe vs. Didier : @0+ B1+ C1+ D1+ A0+
8x8Trax_2035499 Didier vs. AngelEyes517 : @0+ B1\ B0/ B0\
8x8Trax_2036543 cocopuff vs. STrek : @0/ A2\ B2\ B1+ B0/ C1/ @3/ B4+ B5/ A5/ E2+ D4+ F1/ E0+ E0/ F1/ G1+ E0+ G5\ H5+ C8+ H3/ D2+ G1/ B3\ B2+ C1\
8x8Trax_2037278 heidibb vs. Hot 4 McConaughey : @0/ B1\ B2\ C2+ B3/ A3/ A4/ D1/ @3+
8x8Trax_2037301 heidibb vs. somewhere over the rainbow : @0/ B1\ B2\ B3\ @1+ B3/ C4\ @3/ A4/ A1\ B0+
8x8Trax_2037513 spitfire vs. nisqually : @0/ B1/ B2\ C2\ A3/ @3/ A1\ @2+
8x8Trax_2037893 Retro RickXTN vs. Rogue Trooper : @0+ A0/ A3\ B1/ B0/ C4+ D3+ C0\ C6\ D5\ B7/ A7/ @5\ B0\ A2+ @5/ G6\ H6+
8x8Trax_2037894 Rogue Trooper vs. Retro RickXTN : @0+ @1\ A2\ A3/ @3/ A4/ A1\ @3/ C0+
8x8Trax_2037895 Retro RickXTN vs. * : @0+ B1+ B2/ B0/ A1+ C2+ D2\ D3\ C4\ @2+ C4/ B5\ F2/ E1+ F1+ F0/ G3/ D1/ E5\ F0/
8x8Trax_2037896 * vs. Retro RickXTN : @0/ B1\ B2\ C2+ B0+ A1+ B0+ C1/ D1\
8x8Trax_2037899 psycotic virus hacker vs. Rogue Trooper : RESIGN
8x8Trax_2037900 Rogue Trooper vs. psycotic virus hacker : @0+ RESIGN
8x8Trax_2037901 psycotic virus hacker vs. * : RESIGN
8x8Trax_2037902 * vs. psycotic virus hacker : @0/ RESIGN
8x8Trax_2037905 Rogue Trooper vs. * : @0+ @1+ A0/ A3/ @3/ @3+ B1+ @3+ A1\ A0\ E4+ E5\ F5\ C6+ D7/ A5\ G7\ E8+ G4/ B6/ G3\
8x8Trax_2037906 * vs. Rogue Trooper : @0/ A0+ A0+ @2+ C1\ D1\ C3+ E1/ D0\ E3+ C5+ D0+ C2+ D6+ F6+ D7/ F4+ G5+ F2\ F7\ C8\ G6+
8x8Trax_2037907 Rogue Trooper vs. Geri39 : @0+ A2\ B2/ C2\ C3\ @2/ C3/ C4/ D1/ E1/ B0/
8x8Trax_2037908 Geri39 vs. Rogue Trooper : @0/ A0+ A3+ A4\ B3\ A0+ A6/ @4/ A6+ C6\ C7\ D5/
8x8Trax_2037909 * vs. Geri39 : @0/ B1\ B2\ @1/ A2/ C3+ @2/ C3/ A3\ @3/ C4/ A4+ A1\ B0/ @4\
8x8Trax_2037910 Geri39 vs. * : @0/ B1+ A0\ @1\ A0+ A0/ A4+ C3+ C0/ D2\ A1+ D3\ D5+ @3/ A2\ @4\ B1\ E0+ F2+ G2/ A3+ E7/ A1+ E0+ A8/ C8+
8x8Trax_2037911 jaha vs. Gnahaha : @0/ @1/ A0/ C2\ A3/ C1\ D2+ D0\ D4/ B5+ D5\ E5\ C6/
8x8Trax_2037912 Gnahaha vs. jaha : @0+ A0/ B2+ A3/ @3+ @3\ B1+ A0/ C5/ A0/ D2+ @3+
8x8Trax_2037913 jaha vs. Phil The Hat : @0/ B1+ C1/ B2+ B0+ B0/ B0/ @4/ @5\ D6/ B7+ @4/ @6+ B3+ D0+ B1+
8x8Trax_2037914 Phil The Hat vs. jaha : @0/ A0/ B1+ C1/ D1/ C2+ E1+ D3/ C0+ B5+ F4+ E5\ E6\ F6\ G4/ @4\ F1+ C6+ F7\ F8+ H7+ C7+
8x8Trax_2037915 jaha vs. crashholly66 : @0/ RESIGN
8x8Trax_2037916 crashholly66 vs. jaha : RESIGN
8x8Trax_2037917 jaha vs. dgb : @0/ @1/ A0/ @2+ @2/ C0\ A4\ @4\ B2+ @2+ A1\ @3\ C5\ B0/ B0/ B0/ A1+ H6\ F7+ G4/ G3/ F8/ B7+ C2/ D2+ G2/ E2/ E1/ H1\
8x8Trax_2037918 dgb vs. jaha : @0/ A0/ B1+ C1/ @1+ A0\ E2/ D3+ B4/ C5+ E4+ F4\ E1+ B0+ G5+ G2+ @1\ B0/ G2/ G1+ A3+
8x8Trax_2037919 Gnahaha vs. Phil The Hat : @0+ @1/ A0\ @2/ @2/ A3/ A4\ C0/ D1/ E3/ A2\ @5\ D0+ E6\ F6\ C7+
8x8Trax_2037920 Phil The Hat vs. Gnahaha : @0/ A2\ B2\ C2\ D2+ C3/ C4/ D4/ C5/ D1\ B4+ E2\ B1/
8x8Trax_2037925 Phil The Hat vs. crashholly66 : @0/ RESIGN
8x8Trax_2037926 crashholly66 vs. Phil The Hat : RESIGN
8x8Trax_2037927 Phil The Hat vs. dgb : @0/ @1/ C1+ C2+ D2+ E2/ E1/ A0\ @3\ F1+ E0/ G2\
8x8Trax_2037928 dgb vs. Phil The Hat : @0+ @1/ C1/ C0/ C0+ C0\ B0/ C0\ D1+ B0\ A4+ @6/
8x8Trax_2037931 Megababe vs. golfnutrof : @0+ A2/ A0\ @1\ @1+ A0\ D3/ C1+ B0/ C0\ D2+ E5/ C7/ D6+ F2+ A8/ @6+ E8\ F8\ G5+ A3\ H3/ A8/ A2\ G1/ B1+ DRAW
8x8Trax_2037932 golfnutrof vs. Megababe : @0/ B1\ B2\ B3\ C2+ A2+ B0\ @3/ A2+ E3\ E5\ F4/ A0\ @2/ E1/ D0\
8x8Trax_2037933 Megababe vs. Nina : @0+ @1+ C1+ @1+ A0+ @2+ E1+ @2+ D3\ E1+ D0/
8x8Trax_2037934 Nina vs. Megababe : @0+ A0+ A3+ A0+ A5+ @4+ B6+ A1+ B7+ C2\ @4\ B3\
8x8Trax_2037935 Megababe vs. Judy : @0+ B1+ C1+ @1+ A0+ E2+ D1+ @2+ D3/ G2+ C1/
8x8Trax_2037936 Judy vs. Megababe : @0+ A0+ A3+ A4+ A0+ @4+ B0+ A2+ B0+ C5/ B0+
8x8Trax_2037937 Megababe vs. dingbat : @0+ A2+ B2+ A0+ C3+ @3+ E3+ @3+ F2+ C4\ G2\ A2+ A1/ A4/ B5/ B6/ A5/ D6\ A6/ C7\
8x8Trax_2037938 dingbat vs. Megababe : @0/ A2\ B1/ B2+ C2+ B3/ A4\ D2/ D0/ E3/ A1\ @2\
8x8Trax_2037953 Freight Train vs. Chad : @0+ @1+ B2/ A0\ @1+ @1/ E3/ A3/ C4/
8x8Trax_2037954 Chad vs. Freight Train : @0/ B1/ A2\ B2+ B0\ A1+ @1/ A2+ @2\ D0\ @2/ E5/ F3+ G3\ @3/ B4+ A4+ A5/ B6\ C6\ H2+ B1+ B0/ A2+ A1\
8x8Trax_2037957 Freight Train vs. purplehawke : @0/ A0/ B1+ C1\ C3+ B4+ @2+ @2\ B3+ C5+ C0/ C0/ D7\ D8+ E7/ E1/ F2+ F5\ G2/ H1\ G3+ A6/ H5\ H6\ H7\ G8+ A7+ A8+
8x8Trax_2037958 purplehawke vs. Freight Train : @0+ B1/ @1/ C0/ C3\ D2/ B3+ B0\ A1\ @4\ C0+ E3/ C6+ B6+ @5/ G4\ G5\ G1/ D0+ F1/
8x8Trax_2037959 Azalea vs. Chad : @0/ @1/ A2+ A3/ @3/ A4\ B0/ B0/ A3+ C1\ @5+ @3/ C0\ B2+ F3/ G2\ F1\ H3\ H4\ A6+ H5/ F4+
8x8Trax_2037960 Chad vs. Azalea : @0/ A0+ B1/ @1\ B0\ @2/ C0/ B1/ C0+ A2+ C0+ A6/ C7/ D7/ B8/ A7+ @7\ B8/
8x8Trax_2037963 Azalea vs. purplehawke : @0/ @1/ A2/ A3+ C1\ @3\ D3+ C0/ E3+ F3/ E4+ D5/ D0+
8x8Trax_2037964 purplehawke vs. Azalea : @0+ A0/ B1/ B3/ C2+ D2\ C4+ @2+ F3/ C0/ E2+ E0\
8x8Trax_2037965 Chad vs. Thud : @0+ B1+ C1\ C2\ C3\ @1+ B3/ RESIGN
8x8Trax_2037966 Thud vs. Chad : @0/ A0/ B1+ @2\ A3+ D2/ D3+ C4\ @3+ F4/ E0\ F6\ G5/ B6+ RESIGN
8x8Trax_2037967 Chad vs. purplehawke : @0/ A0/ A0/ B1+ B0\ @4/ A0\ @3+ D6\ E6\ D7\
8x8Trax_2037968 purplehawke vs. Chad : @0+ @1+ C1\ C2\ D2/ E2/ D1+ E3\ F2/ B3/
8x8Trax_2037969 Thud vs. purplehawke : @0/ @1/ A2/ A3+ A4\ C2+
8x8Trax_2037970 purplehawke vs. Thud : @0+ B1+ C1\ C2\ @1/ A2/ C3\ E2+ F2/ F0+
8x8Trax_2037973 the great snowqueen vs. toadisgimpy : @0+ B1\ B2/ A2+ @2\
8x8Trax_2037974 toadisgimpy vs. the great snowqueen : @0+ B1\ A0+ B3/ A0+ A4+ @2/ B0\ A1\ B6\ @2/
8x8Trax_2037975 the great snowqueen vs. spitfire : @0+ @1/ @1\ B0/ C3/ C4\ C5/ D3\
8x8Trax_2037976 spitfire vs. the great snowqueen : @0/ A0+ A0\ B1/ A0\ B4/ C3/
8x8Trax_2037979 bigdan409 OTWP vs. toadisgimpy : @0+ B1+ B2/ B0/ C2\ D3/ C4\ D4\ E4\ C5+ A5\ E3/ F4/
8x8Trax_2037980 toadisgimpy vs. bigdan409 OTWP : @0+ @1+ A0+ C2/ A0+ C2+ @2/ A1+ B0+ @4\ D5\ F3/ B5+ F5\ F6/
8x8Trax_2037981 bigdan409 OTWP vs. spitfire : @0+ @1/ B2\ C1\ C2\ D2\ D3\ E3\ C4/ A4/ @3\ C5\ E5\ A5/ @4+
8x8Trax_2037982 spitfire vs. bigdan409 OTWP : @0/ B1\ A2/ @2+ C2\ C3\ B3+ D2+ C0\ A4/ C5\ E3+ F3\ F2\ @4+ A1/ @4\ H4\ E6+ A5\
8x8Trax_2037985 toadisgimpy vs. spitfire : @0+ @1/ B0+ A3\ B0+ B4+ C3/ D3/ B5+ E3\ C5+ D1/ E1/ F3\ B6+ B7/ A7/ @6/ B8+
8x8Trax_2037986 spitfire vs. toadisgimpy : @0+ B1+ A2\ B0/ @3\ D1+ C4/ D0+ D4\ E3/ D5\ C6/ @4\ F5\ G4\ F6+ D7/ F7+ G7\ F8+
8x8Trax_2037987 toadisgimpy vs. misci : @0+ B1\ A0+ @2/ A3/ @3/ C4\ C5+ D5\ E3/ C0+ A2\ C0+ @3/
8x8Trax_2037988 misci vs. toadisgimpy : @0+ @1+ A0/ A3/ A4/ @2+ C4\ A5\ D1\ E3+ D5+ F3+ @4+ B1+ E6+ E7+ RESIGN
8x8Trax_2037989 spitfire vs. misci : @0+ B1\ C1/ C0/ C0/ A4+ @4/ E3\ E4\ E5\ D6\ F5+ A3\ E6\
8x8Trax_2037990 misci vs. spitfire : @0+ @1/ A0\ @1\ C3\ D2\ E2/ E1/ B4/ A4/ D4\ D5\ E3+ C5/ D6\ A3\ @2/ E1\ G2+
8x8Trax_2041263 Honeybear vs. LilBrats Daughter : @0/ A2\ B1/ B2+ B3\ C2/ B0/ C1\
8x8Trax_2041741 dolcol (LAW-10) vs. Whistler Gandalf : @0+ A0+ A0+ @1/ C2\ @2\ C4+ @2/ A3/ B0\ A1\ @3/ E6+ E1/ E0+ D1+ E0/ F4+ B1\ A1\ @4+ H3/ G2+ H4+ H2/ E7/ A6+
8x8Trax_2041742 tjancira vs. ScoobyRex02 : @0/ A2\ B1/ B0+ @2\ @2/ A3/ C4\ D4\ E3\ C5+
8x8Trax_2041761 Honeybear vs. Tolp : @0/ A2/ @1\ A0\ B4\ C4\ @3/ B4+ B5/ A5/ C1+ D2+ E3/ E4+ @3+ B6/ F5\ G4/ @3\ B0+ H3+ H2/
8x8Trax_2041769 REBEL DJ vs. SweetCindyJo : @0/ B1\ B2+ B3/ A2/ A3/ B4+ @2+ C5\ @3/ E4+
8x8Trax_2042591 Megababe vs. Resigned : @0+ B1+ C1+ D1+ A0+ @2+ E1+ F2+ D3/ G2+ D1\
8x8Trax_2043518 heidibb vs. lmosselmans : @0+ @1\ B0/ B0/ C1/ @1\ A0\ E3/ B5/ A5/ @5/ F2+ F1/ D5\ G2\
8x8Trax_2044379 * vs. dboy97 : @0+ A0+ A0+ A0\ @1\ C2/ @2/ A3/ C5+ B4+ D5/ E4\ C6+ F2/ F1/ D0\ B1+ C0\
8x8Trax_2044417 Buz vs. Megababe : @0+ A0+ A3+ A4+ A5+ @2+ C3/ A4/ C5\ @3\
8x8Trax_2044546 drgnrdr vs. Megababe : @0/ B1+ C1/ A2/ B3/ B4/ C2\ D1+ A3+ @2/ C5/ A4+ E2+ F2\ E3\ C0/ B1+ @5/ F1\ E7+ B0/ A2\ G8+
8x8Trax_2044548 Megababe vs. drgnrdr : @0+ B1/ C1/ C0/ D2+ B3/ E2/ F2/ C4+ D5/ C0+ @3\ B0+ F6+ H4/ G7/ E2/ C0\ D1+ A6/ E1+
8x8Trax_2046916 ejd vs. Marko : @0+ B1+ A0/ A3/ A4/ C2+ D2\ @1\ B0/ D2/ D1/ D0/ A4/ @3\ C7\ F5\ B2\ D1\ E0+ E8+ G6/ G7+ A3+ G4+ H3\ G1+
8x8Trax_2047750 jingham vs. purplehawke : @0/ A0/ @2+ B0+ @3\ D2\ A0\ @2/ C5/ B6\ D5+ A5+ B7\ @6\ C8\ F7+ G6\ F5+ F2+ G2/ H5\ E1+
8x8Trax_2049418 SunnyD vs. Goonerg : @0+ A0/ A3\ B1/ B0/ C1/ C0/ D1/ D0/ E1/ F1+ E0\ G7+ D8+ H4+ G2+
8x8Trax_2049419 tjancira vs. Keizer Soze : @0/ @1/ B2/ C1+ @1/ B0+ B0/ C0\ A2+ @3+ E2+ C0/ @3/ @4\ D6/ G0/ H4/ E8+ B6+ A3+ A2\ D1\ C2+ B1/ H5\ H6\ B8+ DRAW
8x8Trax_2049527 gladriel vs. ScoobyRex02 : @0+ B1+ A0/ A3/ @3/ A4/ C3+ D2+ @4/ C5\ D5\ E4\
8x8Trax_2049530 supermac vs. Phil The Hat : @0/ @1/ B0+ C1+ B0+ @3+ B4+ @3+ E4\ E5\ F3+ A4+ @3\ E0+ B3+ C6\ E7\ G7\ H6/ F8/
8x8Trax_2050319 STrek vs. Pamper Me : @0/ A2+ @1/ @1/ A0/ D3+ C4+ B4+ D1/ E2\ E1+ B1+ B0/ @5+ A3+ @3\ A1+ D0\
8x8Trax_2050332 STrek vs. Pamper Me : @0+ B1+ A2\ B0/ C1+ A1+ A0\ A0+ @2+ D2+ E3+ @2/ A4+ A1\ G3+ B0/
8x8Trax_2050333 STrek vs. Pamper Me : @0/ A2+ @2\ @1/ B0+ B0+ @3+ C0+ @4+ D0+ E7/ B7/ C8+ F7/ B3\ E3/
8x8Trax_2050335 STrek vs. Pamper Me : @0+ B1+ A2\ B0/ A1+ @2+ A1+ @2+ D0+ E3+ F3/ F1+ G3\ F4/ E5+ @3+ A2/ H2+
8x8Trax_2050336 STrek vs. Misfit Lenrad6672 : @0/ A2\ B1/ B0/ B0+ B4+ C2/ D3\ A5/ @5/ D5+ @5\ B3+ A1\ A0\ @3/ A4+ G5\ D1/ C0/ @5\
8x8Trax_2050822 Dragon101 vs. chickof78 : @0/ @1\ A0/
8x8Trax_2050842 Jesme vs. unicorn : @0/ A2\ B1+ C1\ C2\ B3\ D2\ D3/
8x8Trax_2051090 Honeybear vs. dingbat : @0/ A0+ @1+ B0/ C1+ D2/ A1+ D3\ B4/ E3/
8x8Trax_2051955 Rogue Trooper vs. Chad : @0/ @1/ B0+ A3\ C1\ B0/ D2\ D4+ E4\ F4\ D5/ A6+ @6/ A7/ @4\ B3+ F6+ E7\ E8\ F8\ A2+
8x8Trax_2052148 BabyGirl The Rebel Angel vs. Elvis : @0+ @1/ A2+ C1\ B3+ A3+ B4\ A4+ D3+ E4\ E5\ C5\ E6\ E7\ F5/ E2/ F3+
8x8Trax_2052404 Elvis vs. heidibb : @0+ @1/ A0/ B0+
8x8Trax_2052610 Jesme vs. denise : @0/ B1\ B2\ C2+ A0/ C4\ @2+ E3/ A3/ A4/ B5/ A5/ B0\ @6\ B7/ A5\ A4+ G4/ @6+ B8+ A4\ E1+
8x8Trax_2053299 Jesme vs. dreamflight : @0+ B1\ A0/ B3/ C2\ @2/ A3/ @3/ B4\ B5\ C4+
8x8Trax_2053366 Fallen Angel vs. Brooklyn in the Alps : @0/ B1\ B2\ A2+ A0\ @1\ D2/ C1+ E3\ E4\ E1/ F2\ C0/
8x8Trax_2053414 Megababe vs. misci : @0+ B1\ C1\ A2+ @2/ D3\ E3\ E2+ C4+ B4+ C5\ D0/ E1/ F1+ D0+ A6\ G2\ F5\ D8/ G5+ H3/ B7/ H5/ H1+
8x8Trax_2055082 Megababe vs. LadyBabyJane : @0/ A2\ B2\ B3/ A0\ A0/ @2/
8x8Trax_2055644 DavidJ vs. LadyBabyJane : @0+ @1+ B2/ B0/ @3\ C4\ D3/ E1/ C0/ A2/ A5/ B6/ @4/
8x8Trax_2055645 DavidJ vs. Resigned : @0+ @1+ B2/ A0\ @3\ C1/ A0/ A5+ @1\ A0\ @3+ @3/ @4\ C0\ B3+ D6+ B7+ C8/ @7/ A8+ F8/
8x8Trax_2055650 Dawn vs. DavidJ : @0/ B1\ B2+ C1\ B0\ B4/ A4/ @1+ E3/ F2\ E4+ D5\ G4\ G5\ E6/ @4/ C5/ C0/ A2\ A0+
8x8Trax_2056922 LadyBabyJane vs. violet unicorns : @0/ @1\ B0\
8x8Trax_2059417 LadyBabyJane vs. DavidJ : @0/ B1\ B2\ B0\ B4/ A4/ @3/ A1\ B5/ @3\
8x8Trax_2059716 LadyBabyJane vs. JenJen : @0/ A2\ B1+ C1\ C2\ B0+ A1\ @1\ D4\ C0/ E3/ D2+ B0\ F4\ G4/ F3\ A4+ F6/ E7\ H4\ H5\ B0/ C1/ D1/ G7\ G8\ F3+ G3/ C8/ H7\ A7\ B8/ A2\ H2+ H8+ A8+
8x8Trax_2060194 Megababe vs. somewhere over the rainbow : @0+ @1\ @1\ A2/ @2/ D2\ B3+ C0/ C0/ D2+ E2/ C0\ E1/ D0+ F2\
8x8Trax_2060569 purplehawke vs. Megababe : @0/ A0/ B1+ A3/ C2/ B4+ C0\ D4+ B6/ C6+ @3+ E7/ @3+ G5/ E8\ B5+ H6+
8x8Trax_2061156 Sista vs. Lady Ehlana : @0/ A0\ @1/
8x8Trax_2061308 B Line electric streetcar vs. paganje : @0/ B1\ B2\ A2+ C1+ A0+ @2+ E3/ D1/ C4/ D4+ C0+ F5\ F6\ D6+ F7\ G5/ F2\ B6/ D7/ A4/
8x8Trax_2062363 Sista vs. Lady Ehlana : @0/ A0+ A0\ @3+ A4/ @3/ A4/ D1\ @4\ B2\ A3+ A2\ B1\ C0\
8x8Trax_2062366 Sista vs. Lady Ehlana : @0/ A0+ A0\ @1/ A3\
8x8Trax_2065684 Dragon101 vs. Orange Blossom : @0/ B1\ B2\ C2/ C1+ A2/ A3\
8x8Trax_2066204 dgb vs. * : @0+ B1+ @1\ D1+ B0+ C3/ C4/ @1/ E4\ C5\ E1/ C0/
8x8Trax_2066205 SweetCindyJo vs. Jeff : @0/ @1\ B0/ @2/ A3/ C3\ D3\ B1\ C0/ A1\ @1\ A2+ E2+ F4\ F2+ G2/ G1/ F0/ @2+
8x8Trax_2067839 Jiggs vs. crow57 : @0/ B1\ A2/ B2+ B0/ C2\ C1+ D1+ D0/ E1+ C1\ B0/ A3\ @5+ E1+ B2\ B1+ F1/ A3+ @4+ @4/ G0+
8x8Trax_2068063 LadyBabyJane vs. violet unicorns : @0/ A2/ A3\ B3/
8x8Trax_2068186 LadyBabyJane vs. DavidJ : @0/ A2\ B1+ C1\ C2\ D2\ B3\ C3+
8x8Trax_2068556 tjancira vs. SweetCindyJo : @0/ B1\ A2/ @2+ @2\ B0\ A1\ @1\ C0\ E1/ F3/
8x8Trax_2069122 Chad vs. Ina : @0/ A2+ A3/ B2\ A4/ @2\ D4\ C5/ D1/ D5\ E2\
8x8Trax_2070492 LadyBabyJane vs. Sista : @0/ @1/ B2/ C2\ B3\
8x8Trax_2070794 Sista vs. PHILLY38 : @0+ B1+ B2/ C1+ B0\
8x8Trax_2071431 Sista vs. PHILLY38 : @0+ A2\ A0/ B1\ B3/
8x8Trax_2071450 Chad vs. dgb : @0/ A0+ B1/ @1\ A0\ A0/ B5/ D3/ E3/ C4+ E1/ F1/ F3+ @2\ E0+ @1\ B0+ B0\ A1\ A7+ D1+ F1+
8x8Trax_2071451 dgb vs. Chad : @0+ A2/ @1\ @1/ C3/ B4\ D1\ B5/ A3+ @1\ A0\ D6+ @2+ E7\ G5\ D8/ C7\ B5\ @3/ A4/ C6+ B5/ A5/ B6/ B7/ B8/ A6+
8x8Trax_2071452 Chad vs. jaha : @0/ A0/ A3/ A4/ @1/ C4+ A4/ A5/ D1+ D5+ A6+ @1+ B0\ F5\ D8+ @6/ A7/ @5+
8x8Trax_2071453 jaha vs. Chad : @0/ @1/ B2/ B0\ @2/ @2+ C3+ @2+ F3+ C4\ C1+ B4/ D5/ @4/ A5/ D6\ F4+ G5+ C5/ A6+ H2\ H5\ F7\ F0+ G1/ D8/ B7+ B8\ G8+ A3+ D1+ B2+ C1\ B1\ A2\ H1+ A8+
8x8Trax_2071454 Chad vs. * : @0/ B1\ B2\ A0/ @1/ A2/ D3+ C0\ D5/ A4/ C0\ E2+ E0+ E0\ F2+ @6+ G6+ H3/ B8+ DRAW
8x8Trax_2071455 * vs. Chad : @0/ @1/ B0+ @1/ B3+ D1\ A3/ A4/ C0+ @4+
8x8Trax_2071456 dgb vs. jaha : @0/ A0/ B1+ C1/ @1+ A0\ E2/ D3+ E4/ C1+ E0/ F2\ A1+ B0+ @3\
8x8Trax_2071457 jaha vs. dgb : @0/ @1/ A0/ @2+ C3/ B0\ C1\ D4+ B0/ E4/ @4\ A2+ C0+ G5\ G6\ F4/ F3/ D1+ H5+ G7+ H7\ H8\
8x8Trax_2071458 dgb vs. * : @0+ @1+ @1/ A2/ B3/ @2+ B0/ A4/ @4/ @4+ C5+
8x8Trax_2071459 * vs. dgb : @0/ @1/ A2+ C1+ D1\ D3+ @2\ A0+ E5\ F2\ C5\ G5\ F6/ H4+
8x8Trax_2071460 jaha vs. * : @0/ A2+ A3/ B1+ C1\ C3/ D3+ C0\ D2+ @2/ A5/ @5/ E5+ B1\ D5+
8x8Trax_2071461 * vs. jaha : @0/ A0/ B1+ C1/ C0+ B0/ A1/ @2\ @4+ C5+ D6/ B6\ @3\ B6/ A6/ C7/
8x8Trax_2071462 Phil The Hat vs. Goonerg : @0/ @1/ B0+ @2+ B0/ A4/ B4+ @2/ @3\ A0+ @1\ @1+ A0\ D1+ F7+ D0/ G2+
8x8Trax_2071463 Goonerg vs. Phil The Hat : @0/ A0+ @2/ C1+ A0/ D2+ A4/ @4/ D4\ D1/
8x8Trax_2071464 Phil The Hat vs. Marko : @0/ B1\ B2\ C2+ B0+ D3+ E3+ F3+ D1/ G3+ E4/
8x8Trax_2071465 Marko vs. Phil The Hat : @0+ @1+ A2\ A0+ B1+ A0+ B1+ A0+ B1+ A0+ B1+ A0+ B1+ A0+ B1/ C1/ D2\ D3\ @2/ E4\ A7\ D7/
8x8Trax_2071466 Goonerg vs. Marko : @0/ B1\ A2/ A3/ @3+ A4\ C4+ @3/ A2+ E3+ C5/ C0\ E6\ D7/ F5/
8x8Trax_2071467 Marko vs. Goonerg : @0+ A0/ A3\ B3\ B4\ C4\ C5\ D2+ E5+ B6+ @6+ G4+ A2\ @1/ B0/ E1+ G1/ C0\
8x8Trax_2071593 misci vs. drgnrdr : @0+ @1+ A2+ @1+ @1\ A0\ A3/ @2\ B0+ D5/ B6/ A4/ @3\ D7/ E6+ C7+
8x8Trax_2071731 Sista vs. YRAG45 : @0+ A2\ B2/ B1/ A0/ B1+ C2/
8x8Trax_2071760 Sista vs. Klu : @0+ A0\ @1/ A2/ @2/ B0/ B4+
8x8Trax_2071810 Sista vs. YRAG45 : @0+ B1\ B0/ B3/ C1\
8x8Trax_2071939 paganje vs. scrabble nut : @0/ B1\ A2/ B2\ B3/
8x8Trax_2072869 SweetCindyJo vs. Jeff : @0/ A2\ B2\ B3+ B4/ @3+ D3\ E3/ C5/
8x8Trax_2072923 Dawn vs. Elvis : @0/ B1\ B2\ A2+ A3+ @3/ A4+ D3/ D4\ E3/ B5\
8x8Trax_2073390 Keizer Soze vs. tjancira : @0/ @1+ B0/ A0/ @3+ A1\ B0/ @3+ @3\ @2/ F2+ G2/ D5/ G4\ G5\ H2\
8x8Trax_2073414 DFeaster vs. purplehawke : @0+ B1+ B2/
8x8Trax_2073478 Megababe vs. SweetCindyJo : @0+ B1/ B0+ B0\ @1\ A0\ D3\ C5\ E3\ F3\ D2/ C1+ D5+ E2+ G4\ G2\ B5+ E1\ D0/ D0/ F1+ G1\ F0+
8x8Trax_2073589 drgnrdr vs. Oartkickel of the Wolf Pack : @0/ B1\ A2/ B2+ B3\ @3/ C4\ A2+ D3+
8x8Trax_2073654 Chad vs. dgb : @0/ @1/ B2/ C1+ B3/ B0\ B0\ A4+ @4\ @4\ @4\ A5+ B6+ E6+ A2\ @4\ C7+ @3\ B2+ C6/ E7\ A6/ A7/ D1+
8x8Trax_2073655 dgb vs. Chad : @0/ @1/ A2+ B0\ @3\ B4\ C5/ @2/ E3+ F2\ G2\ E6\ F5+ E7/ E8/ F7+ G6+ G4+ H5+ H2+ C1+ G1+ H4+ D8+ C8\ B6\ A7+ A8/ H6\ H7\ B4+
8x8Trax_2073656 Chad vs. hANDYman the Rebel : @0/ B1+ C1/ C2/ D1/ B0\ D4\ E4\ A4/ @3\ D5/
8x8Trax_2073657 hANDYman the Rebel vs. Chad : @0+ A2/ A0\ @1\ C3/ D2\ E3/ A4\ @3/ @3+ A4/ B5/ @2/ B0+ D1+ F6+ E7\ E0+ F3/ F1\ C1\ G2+ G1+ D8+
8x8Trax_2073658 Chad vs. Phil The Hat : @0/ B1/ B0\ C1\ @2\ A1\ C0\ B0/ A0/ E2/ D1\ F3+ D6+ @5/ A6/ A7/ C8\ @4\ A3+ G5+ E1\ DRAW
8x8Trax_2073659 Phil The Hat vs. Chad : @0/ A0/ @2+ A0/ C2+ B4/ B1+ B0/ C1/ C0/ D2+
8x8Trax_2073660 Chad vs. Sarah : @0/ A0/ @1/ A0/ A0+ @3/ @3/ B4/ @3/ A4/ A0+ @4+ G5+ E6/ @5\ G7+ C6+ F8+ H3+ B6/ B7/ A7/ A8/
8x8Trax_2073661 Sarah vs. Chad : @0+ @1+ C1\ C2\ D2\ E1/ E0/ @2/ E4/ E5/ F4+ D5/ G2+ E6+ F7/ G7+ H5+ H2\ D1\ D0+
8x8Trax_2073662 dgb vs. hANDYman the Rebel : @0+ B1\ @1\ B0\ B3+ B4\ C5/ D2\ A5/ C6/ @3+
8x8Trax_2073663 hANDYman the Rebel vs. dgb : @0+ @1+ C1\ C2\ C0/ D3+ E3/ E1+ E4\ F2\ G2\ G4+ G5\ H3/
8x8Trax_2073664 dgb vs. Phil The Hat : @0/ A0+ A0\ @3/ B4/ C2+ @3+ B4+ @1\ D0\ C6/ B6/ A6+ B7/
8x8Trax_2073665 Phil The Hat vs. dgb : @0/ B1/ A2/ A0/ A4/ @2+ A0\ @3\ A4+ C0+ D1/ E6+ E7\ E1+ E0\
8x8Trax_2073668 hANDYman the Rebel vs. Phil The Hat : @0+ @1+ B0\ A3+ @3\ @2/ B4+ A1\ C0/ @3\
8x8Trax_2073669 Phil The Hat vs. hANDYman the Rebel : @0/ B1+ B0+ C2\ C3\ C4+ D4\ A1+ D2/ E4\ D1\
8x8Trax_2073670 hANDYman the Rebel vs. Sarah : @0+ B1+ C1/ C0/ @2/ @2/ E3\ F3\ C3+ A1\ @2/ D0+
8x8Trax_2073671 Sarah vs. hANDYman the Rebel : @0+ B1+ C1\ D1\ C2/ C0\ B0/ E4/ A4/ B5/ A1\ C0\ @4+
8x8Trax_2073672 Phil The Hat vs. Sarah : @0/ A0/ A0/ @1/ B0+ @1/ C5/ B4\ D4+ B0/ B0/ D2+ C8+ A5+ @4+ B6+ F5+ F6\ G6\
8x8Trax_2073673 Sarah vs. Phil The Hat : @0+ A0+ A3+ B1+ @2\ B4+ C2\ C0\ B0/ @4\ @3/ C5+ B2\ D0/ D0/ C3+ F4\ B1+ A1/ G1+ G5+ F7+ H2/ B8+ E8\ G8\ DRAW
8x8Trax_2073674 supermac vs. klaashaas : @0+ @1\ B2+ C2/ B0+ C4/ B0+ A4+ D5+ E5\ C6/ A6\ E7\ F6\
8x8Trax_2073675 klaashaas vs. supermac : @0/ B1+ A2/ C1+ B0+ D2+ A4+ @3+ D4\ E5/ D1/
8x8Trax_2073676 supermac vs. McStack : @0+ A0/ A3+ B2\ @1/ @2\ B0+ C0\ E4\ E6\ F6\ @3/ B5/ B6+ D7+ A5/
8x8Trax_2073677 McStack vs. supermac : @0+ @1+ @1\ D1+ B0+ E2/ E1/ F1/ C0+ C4/ A1\ D0\ @2/
8x8Trax_2073678 supermac vs. aussielady : @0+ B1+ B2+ C1+ A0/ @2+ A3+ A4\ @2/ E3+ F2/ @3\ @2/ B1+ C0\ B0/ E0+ F2/ G2/ G1/ D8\ C7+ G7+ A2\ A1\ H7\ H8\ B8+
8x8Trax_2073679 aussielady vs. supermac : @0/ B1\ A2/ @2+ @1/ C0/ C0/ E3+ E4\ C5/ F3/ G3/ F5+ C0/ C0/ B8/ A8/ @8/ H8+ A5\ A4\ D8+ A2+
8x8Trax_2073680 klaashaas vs. McStack : @0/ A0/ @1/ B0/ C2+ @1\ B0\
8x8Trax_2073681 McStack vs. klaashaas : @0+ A0/ A3\ B3\ A4\ @4\ D3+ D4\ E4\ D5+
8x8Trax_2073682 klaashaas vs. aussielady : @0/ B1\ B2\ C2+ D2/ D0+ B0/ A2+ C5+ C1/ C0/ E2+ F2\ F3\ E5\ F6/ D0+ D8/ F1/ G4+ B7/ H4+
8x8Trax_2073683 aussielady vs. klaashaas : @0/ @1/ A2+ B3/ C3+ C0\ D1+ E2+ @2/ F4\ D5+
8x8Trax_2073787 heidibb vs. Elvis : @0/ B1\ B2\ A2+ C1/ B0\ C4\ D4\ @1/ C4/ D5\ E3/ F4\ E5\ A3/ B4/ C5/ D6\ E2+ E6+ G4/ G3/ B5/ A5/ H3/ F5\ G2+
8x8Trax_2073934 Deep Thinker vs. Goonerg : @0/ B1\ A2/ @2+ @1/ A0+ B4+ @2/ C0+ E2+ E0+ F1+ D0/ A3+ E0/ F1/ C3+ @7/ E1+
8x8Trax_2073937 Goonerg vs. Deep Thinker : @0/ A0/ @2/ B0+ C2/ C0+ @4+ C5+ @2\ A1\ B1+ A0\ @1\ E1/ E0/ G4+ A1+ G1/ C0/
8x8Trax_2074071 RyRy is here vs. heidibb : @0/ A2\ B2\ B3\ B1/ C1/ B0+ B0+ C5/ D3\ D5+ E3\ D2+ B0+ E2/ F2/ C2/ A1\ @3/ G5\ G6\ D7/ A5\ @3+
8x8Trax_2074169 LadyBabyJane vs. basplund : @0+ A0/ B1+ A3/ C1+ B0\ @3/ A2+ E2+ A4/ A5/ @3+
8x8Trax_2074189 misty vs. basplund : @0+ A2/ A0\ @1\ A0\ @4+ A5/ C0\ @6\ A3\ @4\ A3\ @3\ A2\ C1\ A6/ C7\ @5/
8x8Trax_2074424 Janine MIA vs. basplund : @0+ A2/ @2\ B0/ C1/ D2/ A2\ D3\ E2/ C4/
8x8Trax_2074608 EMILY vs. basplund : @0+ A2/ A0/ B2+ B3\ B4/
8x8Trax_2074749 Dragon101 vs. Orange Blossom : @0/ B1/ B0+ B0\ A4/ @2/ A3/ @3/ A4/ @4/ A5/ @5/ A6/ B7/ A7/ A8/ @8/ @8/
8x8Trax_2074759 RyRy is here vs. basplund : @0/ @1/ A2+ @1/ A0\ @2/ @2/ F2/ C0\ G4\ E5+ G1/ G0/ H3\
8x8Trax_2074771 Jesme vs. Hot 4 McConaughey : @0+ B1\ B2\ A3/ @3/ B0/ B5\ B0\ A1\ C6\ D5+ D4/ E5+ E6\ D7/ A8/ F6\ @8\
8x8Trax_2074912 LadyBabyJane vs. JenJen : @0+ @1+ B0\ A3/ B3+ @1\ B0/ D2+ E2/ D0/ E1/ F2\ G2\ E0/ F1\ F5\ E6/ E0/ G2+ E0/ H3/
8x8Trax_2075053 Sista vs. Klu : @0+ B1\ B0/ C1/ @2+ C3+ B4+ C4+ A4\ @2+ C1+ B1\ B0\ A4/ B6/ E3\ C0+
8x8Trax_2075192 gravyrun vs. jazzbeth : @0+ B1/ A2\ C1\ A0\ @1+ A0\ B1+ @2+ E1/ F2/ D0/
8x8Trax_2075225 jazzbeth vs. amarilli MIA : @0/ B1\ B2\ A2+ C1/ D1\ C0\
8x8Trax_2075467 sithneedow vs. basplund : @0+ A0/ A3+ B1\ C1\ D1\ B3\ @3/ D4/ @4\ D5+ A2\ D6/ C0/
8x8Trax_2076128 Deep Thinker vs. Chad : @0/ @1/ B2/ B0\ @2/ C4/ D2/ C0\ D0+ E1/ F1+ C0/ E0+ F1/ B2\ C1+ G2+ @6+ C8+ B5+ A7/ B3+
8x8Trax_2076766 Chad vs. Deep Thinker : @0+ @1+ @1\ A0\ B0\ B0\ B0\ C6/ @4/ B2+ D1+ @3\ B2+ @4+ B2\ B5+ B1\ B0\ @5\ H4+ E7+ E8+ G1+ DRAW
8x8Trax_2077783 LadyBabyJane vs. heidibb : @0/ B1+ B0+ C2\ A1\ B3+
8x8Trax_2077924 LadyBabyJane vs. DavidJ : @0+ B1/ B2\ C1/ C2+ A0+ @2/ D4\ E4\ E5\ F4\ C5/ B4/ C6\
8x8Trax_2078099 LadyBabyJane vs. heidibb : @0/ B1\ A2+ A3\ B2\ C2+ B3\ D3\ C4/ E3\ B0\ @2\ A1+ A5/ @2\ C6/
8x8Trax_2078612 FujiTape vs. Cinnamon : @0/ A2\ B1/ B0/ B3\ C3+ B4/ @1\ B0/ @3/ A4/ A5/ D6\ E6\ E3+ F3+ F4+ G4+ H4/ H3/ E7\ D1/ F6+
8x8Trax_2078795 REBEL DJ vs. tjancira : @0/ A0/ A3/ B2+ C2\ B0/ C1/ D3\ E2/ E1+ F3\ F4\ F5\ G4+ D6+ G1/ H2/
8x8Trax_2078879 jaha vs. DIRKSTRA : @0/ A0+ A3/ @1\ C2\ B4/ C3+ @2+ D5\ E3\ A5/ @2/ D6/
8x8Trax_2078978 Honeybear vs. dingbat : @0/ A0/ @2+ @2/ A3/ C0/ D2+ C4+ C5\ A1\ C0\ B1\
8x8Trax_2080442 heidibb vs. Waltdude : @0/ B1\ B2\ C2/ D2+ A2+ @2/ B3\ F2\ C3\ D4+ C4/ D5/ B4/ F5\ C5+ G4\
8x8Trax_2080608 gravyrun vs. jazzbeth : @0/ B1\ B2\ A2+ @1/ C0+ B1+ B0\ D3\ @2\ A1+ @3\ G2\ A4/ @3\ D5/
8x8Trax_2082566 jazzbeth vs. amarilli MIA : @0+ @1/ A2/ B3/ A3/ @2/ D1/ D0/ D4\ E1\ E2\
8x8Trax_2082711 jazzbeth vs. amarilli MIA : @0+ @1/ B0/ C2/ @2/ D1+ A1\ B0/
8x8Trax_2082940 violet unicorns vs. faith64 : @0/ A2+ A3/ B1+ B0/ C2+ C3+ D2+ E2+ F2+ B4+ G2+ @4+
8x8Trax_2083087 Linda Sue vs. Misfit Lenrad6672 : @0+ @1\ A0+ B0/
8x8Trax_2083297 Sista vs. OriconAilin MIA : @0/ @1+ @1\ D1+ B0+
8x8Trax_2083526 STrek vs. Nancy : @0/ B1\ A2/ @2+ B0+ @2+ C0+ B5/ A5/ A6/ @6/ A7/ @7/ E0\ D1\
8x8Trax_2083542 drgnrdr vs. golfnutrof : @0/ A0/ B2/ B3+ @3\ D2+ D1/ B0/ @1+ A0\ A0+ @3/ @4\ A6+ A1\ C7\
8x8Trax_2083543 Sarah vs. * : @0+ @1+ C1\ C2\ D2\ D3\ E3\ @1+ F4/ F5+ @1/ F4/ B2+ D4+ B4+ B5/ B6+ A5+ @4/ A3+
8x8Trax_2083544 Dawnas AZ vs. keops : @0+ @1+ B0\ A3/ @3\ D1/ C0+ C0/ D2/ E2/ D1/ D0/ E2/ B1\ A2\ B0/
8x8Trax_2083585 SweetCindyJo vs. Shariann : @0/ A2\ B1/ C1/ @1\ A0\ C3+ D1+ E1/ B0\
8x8Trax_2083597 Marko vs. dgb : @0/ B1/ @1\ B0/ C3\ D3\ B4/ A4/ @4/ @4+ D5+ A1\ D0+ @3\
8x8Trax_2083601 dboy97 vs. Megababe : @0+ A0+ A3+ A0+ A0+ @4+ B6+ B7/ A7/ A8/ @8/
8x8Trax_2084178 FujiTape vs. Cinnamon : @0/ A2\ B1/ B0/ C2\ C3\ D3\ D4\ E4\ D5\ F3+ G3+ E5+ D6/ B0/ E7\ E8+ F8+ @3+
8x8Trax_2085155 jazzbeth vs. Dragon101 : @0+ @1/ A2/ @2/ C3/ D1\ B3/ B4/ A3/ A4/ @1/ B5/ A3\ A0+ D1+ C7\ @1\ G5+ F7\ G2+ A3+ G1/ D0\ H3+
8x8Trax_2085208 Sista vs. OriconAilin MIA : @0+ @1\ @1/ B0/ A3\
8x8Trax_2085233 jazzbeth vs. amarilli MIA : @0/ B1\ A2/ @2\ A1+ A0\ B0\ C2+ B5/ D1/ D0/ E1\ C6/ E2+ @5\ E3\ @3\ A2+ A6/ @4+ B7\
8x8Trax_2085437 spider2 vs. violet unicorns : @0/ @1/ A2+ C1+ C3+ D3+ A0\ @1\ E2+ D5+ A2/ @2+ G3/ F1+ B4\ G2+ E6+ E7+ D5+ @2/ E6+ G0+ C1/ H2+ D6+ D7/ G7\ E8/ D8/ H1+ B4/ A4/ A2\ D1+ B1\ A1+ B5/ C6+ B6+ A5/ B7+ H5+ H8+ H6+ A7+ A8+
8x8Trax_2085705 Keizer Soze vs. Goonerg : @0/ B1/ @1+ B2/ C0/ D1/ A0+ E4+ C5/ C6+ A5+ A6+ @5\ G2/ G1/ G0/ E8/ G7+ H6+ H8+ A2+ B1+ A4/ C8/ A8/ DRAW
8x8Trax_2085980 Traxplayer vs. LadyBabyJane : @0/ @1/ A0/ C2\ A3+ @3\ @2+ A3/ A4\
8x8Trax_2086014 EMILY vs. Traxplayer : @0/ @1/ C1\ B2\
8x8Trax_2086076 ejd vs. Marko : @0+ B1+ A2\ B0/ B0/ A1+ @2\ D1/ E1/ E4\ D0+
8x8Trax_2087348 DavidJ vs. Hot 4 McConaughey : @0+ B1+ A2\ A0\ C3/ A0/ B1/ B5/ @5/ A6/ @4\ A3\ A1\ C0/ @2/
8x8Trax_2087781 Sista vs. Klu : @0+ @1+ A2\ A0\ B1+ B0/ A0\ A0+ @2/
8x8Trax_2088295 purplehawke vs. DFeaster : @0/ B1+ C1/ C0/ C0+ D1+ C0+ E2+ F2\ A3+ @3\ D0/ E1/ G4\ E6+
8x8Trax_2088627 jazzbeth vs. Dragon101 : @0+ B1\ A0\ @1/ B0\ C1\ D1\ C0/ B0/ A5/ A6/ @6/ C7\ C8+ D8\ E8\ F6\ F8\ B2\ A2\ @4+ A2+ @5\ C1\ A1/ G2+ H3\ G1/ B8/ A7+
8x8Trax_2088767 BabyGirl The Rebel Angel vs. Elvis : @0+ @1/ A2/ @2/ A3+ D1\ B4+ A4+ B5\ @1\ C0+ A4/ @2\ A4+ @3/ A4+ B5/
8x8Trax_2089238 Sista vs. OriconAilin MIA : @0+ @1\ A2/ @2/ C0/ D1+ B0\ D1+ A1/
8x8Trax_2089362 Sista vs. Mom-of-DJ : @0+ B1\ B0/ @2+ D1\
8x8Trax_2089709 violet unicorns vs. LadyBabyJane : @0/ A2\ @1\ C2/
8x8Trax_2089853 Elvis vs. LadyBabyJane : @0+ @1\ B0\ A1\ B3/ @3/ A4/ A0/ @2/ A4/ A5/ B0/ @6\ A4\ @5\ A4\ B3\ A3\ A2\ A1\ @4\ C0/
8x8Trax_2090426 SarahMills vs. B Line electric streetcar : @0/ @1/ B0+ A0/ C1\ D2/ C3+ B4+ C0+ E2+ @3+ C0/ B2+ @5\ C0\ B1\ A4+ G2/ D0/ E2/
8x8Trax_2090428 cocopuff vs. purplehawke : @0/ A2/ @1\ A0\ A4/ @2+ D3\ D4\ B5/ E3+ D6\ E6\ F6\ D1\ A0/ F4+ F2/ @3+ F1/
8x8Trax_2090429 Tolp vs. paganje : @0/ A2\ B1/ B2+ C1/ D1/ D0/ E1/ B0+ D0+ D0/ B7+ F2+ D0/ C1+
8x8Trax_2090468 Honeybear vs. Elvis : @0/ A2+ @1\ A0\ @1\ @1/ A0/ C4/ D1/ B4+ C0/
8x8Trax_2090601 ryry vs. LadyBabyJane : @0/ B1+ A2+ A3\ @2+ D2/
8x8Trax_2091152 Honeybear vs. somewhere over the rainbow : @0/ B1\ A2/ B2+ A3\ @3/ A4/ B4+ D2\ @4/ D3+
8x8Trax_2091412 Sista vs. Klu : @0+ @1/ @1\ D1\ A0/
8x8Trax_2091415 ejd vs. Ray of Light : @0+ @1/ A0/ B3+ C3\ B0/ C1/ C5\ C3+ D4+
8x8Trax_2091602 jazzbeth vs. amarilli MIA : @0+ B1\ B2\ B0+ C3\ D2/ E3/ D1+ B0/ E3+ A2+ B0\ A1\ D1\ D0\ E1\ @1/ F2\ A0/ B8/ A8/ A6\ @4/
8x8Trax_2091671 Dragon101 vs. LadyBabyJane : @0/ B1+ B2\ C1\ C2\ D2\ B3/ E1/ E0/ E0/ D2+ B2\ F2+
8x8Trax_2091931 Geri39 vs. Traxplayer : @0/ A0/ A0/ A0/ A0/ @3+ @3/ D2+
8x8Trax_2092430 DavidJ vs. fjord : @0+ B1+ B0\ A3+ A4\ B3\ B4+ C3/ C2/ B5/ @5/ B6\ D0/ E1+ @5\ A4\ E6+ @4+ G4+
8x8Trax_2092461 DavidJ vs. LadyBabyJane : @0+ @1\ A2/ @2/ C2+ B3\ @3\ D3+ E2/ F1/ E0/
8x8Trax_2092846 Sista vs. OriconAilin MIA : @0+ @1\ @1/ A2/ @2/ B0/ C3+ E1/ C0\ E1+ B5+
8x8Trax_2092994 Jump This vs. dgb : @0/ @1/ A0/ @2+ B0/ B4\ @1\ A0\ C6\ D3+ A4/ @2+ F2\ G2\ H2\ G1+ C6/ D7\ B5/ H4+ F5+ G0\ A6+
8x8Trax_2093017 csain1 vs. Marko : @0/ B1\ A2/ @2+ A0/ B1/ D2+ A0+ @1\ D1+ F2+ D0/ D0/ G2+ C0\ B2+ A2\ @5+ C1+
8x8Trax_2093419 ejd vs. somewhere over the rainbow : @0+ B1\ B0/ C1+ D1\ B0\ C3+
8x8Trax_2093455 fjord vs. Megababe : @0+ A0+ A3\ A0+ B1/ @2/ C2+ B0+ A1\ @4\ E1\ A5/ D4+ @5\
8x8Trax_2093983 Jane vs. Misfit Lenrad6672 : @0/ B1\ A2/ @2/ B0/ D1/ C0+ E3\ E4\ F2/ F1/ @3\ H2+
8x8Trax_2095457 tjancira vs. DIRKSTRA : @0/ B1\ A2/ A0/ @2+ A4\ A5\ A6\ @4+ D6+ D7\ A2\ @2\ E8\ F8\ G8+ F3+ H8/ A4\ G4/ DRAW
8x8Trax_2095531 Megababe vs. Shariann : @0+ B1+ C1+ C0/ D2+ D3\ D4\ E2+ F2/ F1/ E0/ G2+ H3/ H4+
8x8Trax_2095558 SweetCindyJo vs. GlassTiger : @0/
8x8Trax_2096191 Sista vs. Mom-of-DJ : @0+ B1\ B2\ @2/ A3/ D2/ @2\ B1+ B0\ A2\ @2\ B1\ B0\ A2\ @2\ E2+ A1/
8x8Trax_2096263 Megababe vs. Geri39 : @0+ A2/ A0\ @2/ @2/ B3/ D2/ D3+ B4/ A3/ A4+ E4\ @4\
8x8Trax_2096795 LadyBabyJane vs. Rand al*Thor : @0/ A2\ B1/ B2+ C1\ C0\ C3\ D3+ C4/ E3\ E4/ E1/ F2/ E0\
8x8Trax_2097513 Chef Jeff 1 vs. JiffyJeff : @0+ @1+ A2+ C1+ @1/ B3/ C2\ D0+ A1/ D0/ @3/
8x8Trax_2097687 LilSis vs. STrek : @0/ B1/ C1\ A2+ @1\ B0+ A1+ B0/ D1\ @2\ F1/ D0+ C1+ C0+ @4/ B5+ A5+ B6+ B7/ A7/ F6+ F7\ E8/ D8/ C2/ @6+
8x8Trax_2098081 Dawn vs. Elvis : @0/ B1\ B2\ A2+ A3+ @3/ C4+ D3/ E3/ B4+ A5\ @3/ F5\ B2+ G4\
8x8Trax_2098436 somewhere over the rainbow vs. ejd : @0/ A2\ B2\ B3+ @1\ A0\ C2/ D2/ D4+ A3/ @3/ A2+ E1/ C0/ B1\ C0/ @2\ A1\ A4/ @4/ A5/ @5\ A4+ C6+
8x8Trax_2099222 Traxplayer vs. greeneyegirl : @0/ B1\ A2/ @2/ @2+ A3\ C4+ C5/ D3+
8x8Trax_2099449 Sista vs. Klu : @0+ @1\ A2/ @1/
8x8Trax_2100006 Lindap957 vs. purplehawke : @0+ @1+ @1+ D1+ @1+ F1+ G1+ H1+
8x8Trax_2100402 jazzbeth vs. amarilli MIA : @0+ @1+ B2/ B0/ C2/ B4\ C4\ B0\ D4+
8x8Trax_2100753 DavidJ vs. Ray of Light : @0+ @1\ A2/ @2/ A3/ D1/ D0/ E1/ E0/ E4\ B6+
8x8Trax_2100862 Ray of Light vs. DavidJ : @0+ B1/ B2/ C2\ C3\ B0+ D3/ B0\ @2\ D2/ E3+ E1/ F2/ D0/
8x8Trax_2101210 Sherry vs. YankeeFan : @0/ @1\ C1/ C0/ A1+ @1\ C0+
8x8Trax_2101554 Sista vs. OriconAilin MIA : @0+ @1\ @1/ A2/ @2/ E1/ E0/ D0/ F2+ E1+ F1/ G3\ G4\ F0/ C5+ D1\ B6+
8x8Trax_2101607 hayleesam vs. YankeeFan : @0/ A2\ B1/ B2+ B3\ C2/ C1/ D1/ D0/ D0+ E1/ E4/ A0\ @3+ D0\ @5/ A6/ A7/ C8/ F2/ G5/ A8\ H5\ H6\ D8+ A3\ A2\ F1/ C1+ A1\ H7+ H8\ H4+ G2/ H1/
8x8Trax_2101623 darn vs. * Sassy_Angel * : @0/ B1+ @1\ B0/ C3\ D2\ B4/ A4/ D4\ C5/ E3+ D5+ F3+ @3+
8x8Trax_2101744 Sista vs. Klu : @0/ B1\ A2/ B2+ B3+ C3\ @1\ C4/ B0\
8x8Trax_2102023 Sweetcheeks vs. paganje : @0+ @1/ A0\ @2/ A1+ A0\ B1+ @2+
8x8Trax_2102190 rapscallion vs. heidibb : @0/ B1+ B2\ B3+ B0/ C1/ D2+ C0\ D5+ B6/ B7/ @6/ E7\ F6\ E8/
8x8Trax_2102708 FujiTape vs. REBEL DJ : @0/ A0/ B2/ @1\ B0/ @3+ B4+ D4/ D2+ E3\ D0/ E3/ F3/ E1+ G2\ A2+ F4+ F5\ C6\ @2+ A1\ C1+ E0/ G8+ C1/ A6+ C7/ C8/ H8\ A1+ H1\
8x8Trax_2102713 rapscallion vs. * Sassy_Angel * : @0/ B1+ B2\ C1/ B0\ B0+ C5/ D4\ E4\ D5+ @4\ C6/ D6+ B6+ B7\ C0/ @5\ C2+ F1+ G1\ H3\
8x8Trax_2102715 csain1 vs. * Sassy_Angel * : @0/ B1+ C1/ C0+ C0\ A2+ @1/ B4+ C5/ D4+ E3+ E2/ @1/ B0\ C0+ G3\ E1+ F2+ F1/ F0/ @6/ B7+ D1\ B2\ A2+ A1\ B8/ A8/ H7\ G8+ H8\
8x8Trax_2102718 TaUrUsRoSe vs. * Sassy_Angel * : @0+ B1\ B2\ @1+ A2+ D2+ B3\ D3\ B4\ A0\ B1+ A0/
8x8Trax_2102720 FujiTape vs. * Sassy_Angel * : @0/ B1+ A0\ @2/ C1+ D1\ A1+ @1+ B0/ A1+ @3\ C4\ G3\ F4+ G4+ F5/ E5\ H4\ H5/ F6+ B4+ B5/ D0/ F8+ B1\ A1\
8x8Trax_2102847 FujiTape vs. Catmane : @0/ A2+ @1\ A0\ A0\ B2+ A0\ @1\ D3\ D2+ E2\ @1\ @1\ G1+ B0+
8x8Trax_2102931 amarilli MIA vs. jazzbeth : @0/ B1\ A2/ @1/ C2\ C3\ D1/ C0\ A0\ @2/ A3+ E2+ D1/ D0/ C1+ A1+ A0/ B1/ B0\ C1+ E3/ F4+
8x8Trax_2102958 Sherry vs. YankeeFan : @0/ B1\ A2/ @2/ B0/ A4\ B4\ C4\ C5\ C6\ D4+
8x8Trax_2102982 csain1 vs. heidibb : @0/ B1+ C1/ C0/ C0+ @3/ E2/ E4\ F4\ C4+ A2/ E5+ B5+ @3+ A5/ A6/ E0\ E7\ C0\ B1\ @6+ H4+ H3/ H2/ H1/ C3+ B1\ A1\ H8\
8x8Trax_2102997 TaUrUsRoSe vs. heidibb : @0/ B1+ A2/ B3\ C3\ @2+ A3+ @3/ A4/ @4/ E0\ B6+
8x8Trax_2102998 FujiTape vs. heidibb : @0/ A2+ @1\ A0\ A0\ B5\ C3/ B2+ A0\ @3/ B5+ E3\ A4/ @2\ D7/ C7/ C8/ B6+
8x8Trax_2103501 Nan54 vs. dingbat : @0/ A0/ @2+ @2/ B0\ A1\ @1\ B4\ E1/ E0/ E0/ E5\ E0\ F4\
8x8Trax_2103699 Nan54 vs. faith64 : @0/ B1/ B2\ C1/ @2/ B3\ B0\ A1\ @3/ D4+ A0\ @2/ C5+ E6+ A5/ B6+ A6+ A7/ @7+ F7+ F8/ D1+ G5+ E8/
8x8Trax_2103758 rapscallion vs. Chef Jeff 1 : @0/ A2+ B2\ C2+ @2/ A3/ D3+ E2+ B4+ E4\ B5/ E5/
8x8Trax_2103759 csain1 vs. Chef Jeff 1 : @0/ B1+ C1/ A2/ A3+ @2+ D3\ C4/ E1\
8x8Trax_2103761 TaUrUsRoSe vs. Chef Jeff 1 : @0/ A2+ A3/ @3+ A4\ C3\
8x8Trax_2103763 FujiTape vs. Chef Jeff 1 : @0/ B1+ A0\ @1\ D2/ D1+ C0/ B1+ E2\ D4\ D0/ E1/ F4/ B5+ C6/ D6+ E6\ C7/ G6\ G7\ G8\ B1/
8x8Trax_2103764 karosel MIA vs. Chef Jeff 1 : @0+ @1+ @1/ D1+ E1\ E2\ A0\ @1\ B3\ A2/ @1\ D3+ B0+ A3+ C5+ D2+ C6+ A4+ C7+ @4+ C0+
8x8Trax_2103767 Trist vs. Chef Jeff 1 : @0/ A2+ @1\ A0\ @2\ C4+ B3/ D4\ A3/ @4\ @3/ C1+ B1/ D5+ E5+ D6+ E6\ C0+ C0/ D1/
8x8Trax_2103891 Rogue Trooper vs. tjancira : @0+ A0\ @1/ B3\ C3\ D3+ B4+ A4/ E3/ @4/ D5/ F1+ B0/ @4+ @4+
8x8Trax_2103944 Buz vs. SweetCindyJo : @0+ @1\ B2+ B0/ C1/ C0\ B1\ B0\ A1\ @2\ B5/ A4\ @3/ D6\ C7/ B6+ E6\ F4/ D8+
8x8Trax_2104076 ryry vs. LadyBabyJane : @0+ B1+ B0+ C2/ A1+ @1/
8x8Trax_2104447 crazy vs. JenJen : @0+ B1\ B0/ C1/ A3/ @2\ A4/ @3/
8x8Trax_2104458 karosel MIA vs. * Sassy_Angel * : @0+ @1+ C1\ @1/ D2\ B2/ B3/ E2+ E3+ A2/ D0+ @3+ @3/ A4/ H3\ E4+ G5+ H5+
8x8Trax_2104459 Trist vs. * Sassy_Angel * : @0/ B1+ A0\ @2/ @2/ B1+ B3/ @2\ B3/ @2/ A3/ B4\ A4+ @4\ @4\ D5/ C5/ C1\ D0\ B2+ E0/ F1/ C2\ G1/ H2/ C8+
8x8Trax_2104642 Sherry vs. YankeeFan : @0/ B1+ @1\ @1+ B0/
8x8Trax_2104695 Deep Thinker vs. Chad : @0/ @1/ B2/ C2/ C1+ C0/ B1+ B4+ D4\ C5/
8x8Trax_2104744 Chad vs. Deep Thinker : @0/ A0/ @1/ A0/ C2/ C1/ @1+ D0+ C0+ E5+ D6\
8x8Trax_2105031 rapscallion vs. hANDYman the Rebel : @0/ B1+ A0/ C2\ C3\ A4+ D3\ D1/ B5/ B0/
8x8Trax_2105032 csain1 vs. hANDYman the Rebel : @0/ B1+ C1/ C2/ D2/ B3+ B4/ @3/ D4\ C5/ F4\ E5/ E6/ A5/ B6\ E7/ @3+ G5+ @3+
8x8Trax_2105033 TaUrUsRoSe vs. hANDYman the Rebel : @0/ B1+ A0\ @1\ A2+ A3/ @3/ E2\
8x8Trax_2105034 FujiTape vs. hANDYman the Rebel : @0/ B1\ A2/ B0\ B3\ A4/ A5/ C2+ C4\ D4\ A6/ @6/ A7/ @4+ F1/ F0/ D1/ F3+ @4/ H3+ A7+
8x8Trax_2105035 karosel MIA vs. hANDYman the Rebel : @0+ @1/ B0+ C2\ B0+ B4+
8x8Trax_2105036 Trist vs. hANDYman the Rebel : @0+ B1\ B0/ C2\ D2\ @2/ A1\ B0+
8x8Trax_2105374 Sherry vs. YankeeFan : @0/ B1+ @1\ B0+ A3+ A4/ @2\ A5\ B1+ C0/ C5+ D6+ @4\ E2+ F5+ F1/ E0+ F3+ G4+ G2/ @5+ D8/ H6+
8x8Trax_2106069 karosel MIA vs. heidibb : @0+ @1+ A2+ @2/ B0+ C3\ A4/ B5+ B0+ @5/ C0+ B8\
8x8Trax_2106085 Trist vs. heidibb : @0/ B1+ B2\ C1/ @2/ B3\ C0\ A1\ @3/ B0/
8x8Trax_2106098 heidibb vs. Dawn : @0+ A0/ A3\ B1/ B0+ @2/ D1/ @3\ C5\ A0+ @1\ @1+ A0\ A5/ B1/ C6/
8x8Trax_2106339 ejd vs. Marko : @0/ B1\ A2/ @2+ A3\ C2\ B4/ D2\ B5\ C4/ @3/ B0\ A2/ @4/ B5/ B6/ D7\ F1/ C8+ G2/
8x8Trax_2106528 scrabble nut vs. heidibb : @0/ B1+ A0/ C2\ @2/ C3+
8x8Trax_2107002 Nan54 vs. dingbat : @0/ A0/ B1/ B0/ B4\ C2+ @4/ A5/ @5+ F2\ G2\ D5\ C6\ E4+
8x8Trax_2107252 heidibb vs. Ray of Light : @0+ B1/ B2\ C2\ A0\ C1+ D2/ C0/ E3\ B0\ E2/ F4\ E1\
8x8Trax_2107277 Sherry vs. YankeeFan : @0/ B1\ A2/ B2+ C2\ @1+ C3+
8x8Trax_2107385 Sherry vs. YankeeFan : @0/ A2\ B1/ B0+ @2+ B0+ A0/ @4+ E3+ A3+ A5/ B6/ F3+ @5+ A6/ @6/ C7\
8x8Trax_2107585 Sherry vs. YankeeFan : @0/ B1\ B2\ C2+ A0/ A0\ @1\ A3+ @2\
8x8Trax_2107994 nisqually vs. FujiTape : @0/ B1\ B2\ A0/ C2+ A0\ @1\ A2+ E3+ F3/ F2/ D1\ G2+ H2\ G4\ D5/ H4+
8x8Trax_2107995 FujiTape vs. nisqually : @0/ A2/ A3\ B2/ @1\ A0\ @3/ A4/ A5/ @3+ D6\ E5/ F5/ E2+ D1+ F2+ C7+ C8\ E7\ G3/ E8+
8x8Trax_2107998 nisqually vs. spitfire : @0/ B1\ B2\ A0/ @2+ D1/ C0\ A0\ @1\ B5+ F3+ C6/ F2/ F1/ B0+ A3+ E1+ C0\ G5+ @4+ A5+ B6/ A6/ H6\
8x8Trax_2107999 spitfire vs. nisqually : @0+ B1+ A0/ B3\ C3+ C4\ C5/ B5/ A5/ D4+ E4/ D2+ B6/ D1/ C0/ @3+ @3\ A2\ B1\ @2+
8x8Trax_2108000 Azalea vs. FujiTape : @0/ B1\ B2+ A2+ A3/ A4/ C2\ D2/ C1+ D1+ C0\ B5\ B6\ A6+ C5/ A7/ @4+
8x8Trax_2108001 FujiTape vs. Azalea : @0/ @1+ @1\ C0/ D1/ A0+ @2/ C4+ @3/ B4\ E4+ A1\ B0/ @4\
8x8Trax_2108004 Azalea vs. spitfire : @0/ A2\ B2\ C2\ B1+ B3\ B4+ C3+ D3\ C4+ D1/ E2/ D0\
8x8Trax_2108005 spitfire vs. Azalea : @0+ A0/ B1\ B2\ B3\ @2/ C4\ D2/ @2\ A1\ A0\ A5/ @2\ B6\
8x8Trax_2108006 FujiTape vs. dgb : @0/ @1/ B2/ C1+ A0/ B4\ @1\ A0\ C6\ A4+ A5/ @6\ E6/ @1\ B0/ @5+ @4/ B7/ A7/ D8/
8x8Trax_2108007 dgb vs. FujiTape : @0+ B1/ @1/ C2/ D1/ A0/ D4\ E4\ A4/ @3\ D5/
8x8Trax_2108008 FujiTape vs. spitfire : @0/ A2\ B1/ C1/ A3/ @3/ B0\ A1\ @1\ F1/ D0+ E4\ F5/ G3/ G2+ H2/ D0+ D0/ E1/ F2/ F1/ G2\ E0+
8x8Trax_2108009 spitfire vs. FujiTape : @0/ B1\ A2/ A3/ C1/ A0/ A0/ C4\ D4\ A6/ A7/ @5+
8x8Trax_2108010 dgb vs. spitfire : @0+ @1+ @1/ A2\ D1/ E1\ E2/
8x8Trax_2108011 spitfire vs. dgb : @0/ @1/ A2\ C1\ C2\ D2\ E2+ C3+
8x8Trax_2108032 Dawnas AZ vs. jaha : @0/ @1/ B0/ A0+ C1\ @2+
8x8Trax_2108033 jaha vs. Dawnas AZ : @0/ A2\ B1/ B2+ C2\ B0+ D2\ B0+ @2+ C0+ E3/ A2+ F3\
8x8Trax_2108040 jaha vs. Tigger : @0/ A0+ B1/ @1\ A0\ @1\ D0+ B0/ B0+ E4\ D6+ F4\ G4\ F2+ E1/ F0\ H4+ G2+ B1/ F0+ H2+ E1\ D1\ B1\ A1\ H8\
8x8Trax_2108041 Tigger vs. jaha : @0/ A0/ @2+ @2/ @2/ D0+ E1\ F1\ F0/ G2\ B5+ C6/ G5\ H3/ G1+ F6+ C7/ F0/
8x8Trax_2108042 jaha vs. Dania59 : @0/ B1/ B0\ A3+ B4/ C3\ D3+ E3/ E1+ B0\ @4+ A3+ @4+ H2/ H1/
8x8Trax_2108043 Dania59 vs. jaha : @0/ A0/ B1+ C1/ C0/ C0+ C0\ A1+ @4/ B6+ B7\ D7+ E4/ C8/
8x8Trax_2108044 jaha vs. dingbat : @0/ A0/ @1/ B3/ B0\ A3+ C2+ A1\ @2\
8x8Trax_2108045 dingbat vs. jaha : @0/ A0/ @2+ @2/ @2/ B1+ A0+ E2/ C4\ B5+ F3+ @5/ C6/ A1+ A0\ @5\
8x8Trax_2108052 supermac vs. the great snowqueen : @0/
8x8Trax_2108053 the great snowqueen vs. supermac :
8x8Trax_2108054 supermac vs. Megababe : @0/ B1+ B0+ C2\ A3/ A4+ @2\ A1\ A0+ @3+ C6+ @4\ A5/ @4\ B7/ A6+ C8+ B2+ C1\
8x8Trax_2108055 Megababe vs. supermac : @0+ @1+ @1+ @1+ A0+ @2+ E1+ F2+ D3/ C1/
8x8Trax_2108056 supermac vs. gramat : @0/ B1\ A2/ B2\ A3\
8x8Trax_2108057 gramat vs. supermac : @0+ B1\ @1\ A0\ B0+ @2+ @2\ E4\ B4\ A3+ F4/ A1\ C0/ @4/ F1/ E0\ G2+ @4+ H5+ H3/
8x8Trax_2108058 supermac vs. Marko : @0/ A2\ B1/ B0+ @3\ A4/ @4/ @4/ C5+ C0+ B1\ E5+ C0+ @2\ A1\ A0+ @5+ H7\ F2+ G2/ G1/ H1/
8x8Trax_2108059 Marko vs. supermac : @0/ B1\ A2/ @2/ D1/ D0/ @3+ D3+ D4\ E4\ F4\ D5+
8x8Trax_2108060 the great snowqueen vs. Megababe :
8x8Trax_2108061 Megababe vs. the great snowqueen : @0+
8x8Trax_2108064 the great snowqueen vs. Marko :
8x8Trax_2108065 Marko vs. the great snowqueen : @0/
8x8Trax_2108066 Megababe vs. gramat : @0+ B1\ C1\ @1/ A2/ @2/ D3+ B4/ C5+ D5+ C6/ D0\ A7/ A8/ @5+
8x8Trax_2108067 gramat vs. Megababe : @0/ A2+ A3/ A0/ @2/ C4/ B5+ D4/ E3+ @4+ A5/ @4\ D0/ E7+ C7/ B2+ G5\ H5+ D0+ A4+ E1/ H4/ G1/ H1/ G7\ A2+ H3+ H8\ A8/
8x8Trax_2108068 Megababe vs. Marko : @0+ @1\ @1\ D1/ D0/ E1/ B0+ F3\ F4\ G2/ G1/ G0/ E0+ @5/ A6/ F0/ A5+
8x8Trax_2108069 Marko vs. Megababe : @0/ B1+ A2+ C1\ A3/ B3+ D1/ B0/ D3+ A5+ @3+ F4/ @4/ A5/ @5/ A6/ E0/ E0/ G3/ B5\ C4\ D3+ B4\ C3+ A4\ G2+
8x8Trax_2108070 gramat vs. Marko : @0/ B1+ C1/ A2/ D1+ B3+ C3/ C4\ D4\ E4\ D0/ E6+ F6\ E1/ F4+ G6\ F2+ E7\ C7\ E8/ B5/ H6/ H5/ G7\ G3+ H3/ A1/ G1+ B7/ B8/ C8\ H8\
8x8Trax_2108071 Marko vs. gramat : @0/ B1\ A2/ @2+ B3\ C3\ D1/ D0/ C5\ @2\ E4+
8x8Trax_2109995 Honeybear vs. hoot : @0/ A2\ B1/ B0+ @2+ C0+ @2\ A1\ C5/ B5/ B6/ A6/ @5+ A0\ @2/ F1+ A5+ D8+ F7+ G5\ G3+ @5\ A6+ H7\ A7\ B8+ F1\ B1+ H1+ A8/
8x8Trax_2110142 Honeybear vs. Slippy : @0/ A2\ B2\
8x8Trax_2110451 spitfire vs. lapman : @0/ A0/ B1+ @2+ @1\ C0/ C4\ C5\ E1/ C0/ A1\ A0\ @3+ F2+ F1\ @3/ B5\ A1\ D1/ C0/
8x8Trax_2110753 Sherry vs. YankeeFan : @0/ B1\ A2/ @2+ B0/ C0/ D1/ D0/ E1/ E0+ D5\ E5\ F4+ F3/ E6\ C7+ B7+ B8+ F2+ E8+ G2\
8x8Trax_2110820 Jane vs. drgnrdr : @0/ A0/ B1+ A3\ C2\ C3\ @3+ A4/ A2+ B5\ C5\ E3/ D6/ E6+ F4\ C0+ F7\ C0+
8x8Trax_2110901 Gypsyfire vs. YankeeFan : @0/ A2\ B2\ B3\ B1/ C1/ A0\ @1\ A2+ D4\ E3\ D5+ E4\ @1\ B0\ B5+ A1+ @1\ B5/ D7+
8x8Trax_2110941 Jiggs vs. crow57 : @0/ A2\ B1/ C1/ @1\ A0\ B1+ B0/ @1\ B0/ E1/ F2\ F1+ F0/ G3\ D6\ H1/ F0/ D2/ F0+ A4+ D1/
8x8Trax_2111349 BabyGirl The Rebel Angel vs. Elvis : @0+ B1\ A0/ B0/ C2+ C1+ D2\ C4/ E3/ A5/ @3/ F1/ G2\ H4\ D5+
8x8Trax_2111534 * Sassy_Angel * vs. fjord : @0/ A2+ @2+ B3\ C3\ C4\ D2/ E2+ E1/ C0\ F3+ E6\ F5+ B6/ A5+ D7/
8x8Trax_2111539 Lone Outlaw vs. YankeeFan : @0/ A2\ B1/ B0/ @3\ D2+ C3\ C4\ D4\ B5+ D6\ E6\ E2\ E3\ E1+ F3+ F4\ D7+ C8\ B8+ @3\ H5/
8x8Trax_2111566 Sista vs. Klu : @0+ B1/ B2\ C1/ @1+ D2\ E2\ C0/ @2+ D4/ C3+ C4+ B4/ A3/ E1+ E0/ B6\ C6+ A5+ F3+ F2/ C7+ G3+
8x8Trax_2111698 B Line electric streetcar vs. aseitz : @0/ @1/ C1+ C0/ B1+ D2\ D3\ D4+ E2+ F2/ D5+ @3\ H2/ B0\ F1+ C1/ C0/ D0\ F2+
8x8Trax_2111761 Lone Outlaw vs. YankeeFan : @0/ B1\ B2\ C2\ B3/ A3/ B4\ B5+ @2\ A4+ C6+ @3+ E5\ F5\ C0+ D8\ @3\ B2+ H4\ H6+ H7+
8x8Trax_2112037 Oartkickel of the Wolf Pack vs. B Line electric streetcar : @0+ @1+ A2+ @1+ D1/ D0/ B4/ @2+ B3+ C1+ C0\ B1+ D0+ F3+ @3/ A2+ H4/ H5+
8x8Trax_2112069 tjancira vs. jaha : @0/ A0/ B1+ C1/ @2/ @2/ D3+ D4/ B5+ @5+ C0+ A1+ @2\ B0+ B0/ D1+
8x8Trax_2112090 Rogue Trooper vs. Uncle Chuckie : @0/ B1+ A2\ C1\ C2\ D2\ A3+ D0/ E1/ B5+ C6+ E3/ E0+ F1/ C0\ B2+ @4/ @4/ B2+ B1/ H4+ D8+ C8/ DRAW
8x8Trax_2112119 Retro RickXTN vs. gladriel : @0+ B1\ A0+ @2/ C3\ B4\ C4\ D3\ D4\ E4+ D1+ F4\ E5\ E6\ E7+ F6/ C5/ F3/ G4/
8x8Trax_2112120 Elvis vs. Nancy : @0+ @1+ A2\ A0\ B1+ B4/ B0\ C4/ @3\ C0/ D1/ D7\ B2+ E7/
8x8Trax_2112493 ryry vs. LadyBabyJane : @0/ A2\ B1+ C1\ C2+ B3\
8x8Trax_2112776 hayleesam vs. YankeeFan : @0/ A2\ B1/ B0+ @1/ A2/ @3\ C4+ D0/ D4+ D5\ E3/ F2/ C1+ C0\ F4+ D7/ E7+ @3+ D0/ @5\ B6+ D8\
8x8Trax_2112889 rogerrabbit vs. YankeeFan : @0+ @1/ B2\ B3\ C2/ D2/ D1/ D0/ C0+ A1+ @2/
8x8Trax_2113348 * Sassy_Angel * vs. fjord : @0/ A2/ B2+ C2/ B3+ C3+ @2\ C0/ A2+ B1+ C5/ @2/ B4+ @3+ @3/ F6/ H2\ C5+ E7\ E8\ G7\ H8\ B2+ B1\ A1\
8x8Trax_2113551 Sherry vs. YankeeFan : @0/ B1\ B2\ C2+ A0/ C4/ A3+ @3/ B5+ B6+ B7+ B0\ A1+ @1/ A2/
8x8Trax_2113874 Elvis vs. Honeybear : @0+ B1+ A2/ C1+ @2\ E1+ A1+ B0/ A1+ F2+ C3+ @2+ B0\ H3+
8x8Trax_2114033 Shariann vs. drgnrdr : @0+ @1\ A2/ @1\ A0+ @1/ B0+ B4+ @2\ A1\ B0\ A5/ @4/ C6/
8x8Trax_2114098 Megababe vs. lapman : @0+ @1+ C1+ D1+ A0+ @2+ E1+ F2+ D3/ C1/
8x8Trax_2114149 Jane vs. Megababe : @0/ B1+ B2\ B3\ C1/ D1+ B0\ C0+ D2/ E3/ D1/ E5\ D0/
8x8Trax_2114301 Sherry vs. YankeeFan : @0/ B1\ B2\ C2+ A0/ B0\ @2+ E3+ @3\ F4+ F5/ C0\ G5\ G4+ B5\ C6/ F7/ G3+ H4+ H6+ F8/
8x8Trax_2114596 hayleesam vs. YankeeFan : @0/ A2\ B2/
8x8Trax_2114905 hayleesam vs. YankeeFan : @0/ A2\ B1/ B0+ @1/ C3+ B0\ C1+ D4/ C0/ E5\ E6\ E7\ D3+ D1/ E2/ F3/ G5+ D6/ H5\ H3\ D7+ F2/ E1+ E0/ C1+ G2/ G1/ H1/ A6+ A2/ A7+ B8+ A8+
8x8Trax_2115892 jaha vs. Chad : @0/ @1/ A0/ @1/ B0/ B4\ D3/ A4/ B5\ B0/ @4/ E3/ A1+ B0+
8x8Trax_2115976 balmoral vs. paganje : @0+ @1\ A2/ @1\ C0\ C3\ B4/ A3+ A1/ B0/ D3\ D2+ C5\ B6/ D4+ @3+ A2+ A6/ @3/ C7/
8x8Trax_2116409 rogerrabbit vs. YankeeFan : @0+ B1+ B2/ B0/ A1+ B0/ C1+ A0+ @2/ B0/ E4/ @4\ @2\ B1/ E0/ F3+ H6+ H7\ G8+ A5+ G3+ H3/ H2/ C6+
8x8Trax_2117002 Lyonsgirl vs. Morticia : @0+ @1+ A0/ A3/ @2+ @2+ E2\ E3\ E4+ F3+ G2\ G1+ E0/ H2+
8x8Trax_2117104 Lone Outlaw vs. YankeeFan : @0/ A2\ B2\ B3+ B4/ @3/ D3+ E3/ E2/ C1+ F2+ A4+ G2+ @3/ G4\ H4\ E5+
8x8Trax_2117105 forget me not vs. YankeeFan : @0+ @1\ A2\ A0\ @2\ @2+ C0\ B2\ B1\ B0\ B6\ C6\ E5\ @4+ A2\ F4+ A1+ G4+ F3/
8x8Trax_2117238 * Sassy_Angel * vs. Lone Outlaw : @0/ B1+ B0+ C2\ C3\ D3\ B4/ C5/ A4+ @2/ C5+ A5\ @3\ F6\ G5/ D6/ D7/ F7/ B6\ B7\ C8/ @5+ D1+ F1/
8x8Trax_2117258 Sherry vs. YankeeFan : @0/ B1\ A2/ @2+ B0/ C0\ B0/ @4+ A5/ @4+ @4/ A6+ @5+ H3+ C3+ A4\
8x8Trax_2117789 Elvis vs. LadyBabyJane : @0+ B1+ A2\ A0\ B1+ A0/ @2\ C5\ D5\ B0\ A1+ A0/ @1\ A0\ A6/ A7/ A4+ @3\
8x8Trax_2117794 Nancy vs. Elvis : @0/ A2\ B1/ B2+ A0\ @1\ D1/ D0/ B5/ D3\ A5\
8x8Trax_2117795 LadyBabyJane vs. Elvis : @0/ B1\ B2\ A2+ B3/ C3\ C4\ D4/ C5/ B5/ E4\ E5\ E6\ D7\ F5\ E7+ F7\ A3/ E8/ @4\ H7+
8x8Trax_2118163 YankeeFan vs. Elvis : @0/ A2\ B2\ B3\ B4+ C4/ B5+ B1+ A0+ D4/ B7+ E4\ E5\ D6\ A7/ @6/ @3+ H5\ G6\
8x8Trax_2118410 Sherry vs. YankeeFan : @0/ B1\ A2/ @2+ @2\ D2+ C0/ D4\ D5\ E3/ D0/ C1+ B0\ F6+ D8\ C1+ B8+ @7+ @6+
8x8Trax_2118914 DavidJ vs. LadyBabyJane : @0+ B1+ A2\ A0\ B4/ B1/ B0/ @4\ D5\ D6\ @5+ F5/ B6+
8x8Trax_2119426 BECKYG vs. violet unicorns : @0+ A2\ A3+ B2+ @1+ C3\ A2+ @2+ A1+ @1+ B3/ A3+ @2\ A1\ A3/ C4+ B4+ D4\ @4/ B5+ A3\
8x8Trax_2119685 dingbat vs. Honeybear : @0/ A2\ B1/ B0+ A0/ @2+ @2/ B0\ A1\ @4\ C0+ @4/ F1/ F0/ G3\
8x8Trax_2119703 Sherry vs. YankeeFan : @0+ @1+ A0/ A3/ @3+ A4+ @2\ A1\ A0\ @2+ @1/ C0+ C5/ F5\ F6\ B1\ F7\ G4+ B0\ A1\ @2\ D8+ C6+ B6/ A5+ C7+
8x8Trax_2119924 golfnutrof vs. tjancira : @0/ B1+ C1/ C0+ B3\ D3\ D4\ @2/ A4+ E5\ E6+ F6+ G6/ F4+ D0\ A7/ @7+ B8\
8x8Trax_2120517 maggies tavern vs. YankeeFan : @0+ B1+ B0\ B3\ A0+ A0+ A0/ B1/ C4\ D2+ B0/ @5/
8x8Trax_2120701 * vs. dgb : @0/ @1/ B0+ @2+ D2/ D3+ @2\ A0+ F4+ F5\ G4/ C5/ G2/ E6+
8x8Trax_2120874 dgb vs. Chad : @0/ @1/ A2+ C2/ B0/ B4\ B5\ C1\ D1\ B0/ @2+
8x8Trax_2120875 Chad vs. dgb : @0/ @1/ A0/ @2+ B0/ B4\ B5\ @3+ E3+ E2+
8x8Trax_2120876 dgb vs. Rogue Trooper : @0+ A0/ A0/ A4/ @4/ @4+ C5+ A2+ D3+ D5\ E1/ D0+ E6+ F4/
8x8Trax_2120877 Rogue Trooper vs. dgb : @0/ @1/ B0/ @2+ D1/ A3/ B3+ @2\ A0+ @1\ A3+ C0+ B1\ F0+ G4/ B1\ C0/
8x8Trax_2120882 Chad vs. Rogue Trooper : @0/ A0+ B1/ B0\ A4/ @2\ A1\ B5/ C5+ D4+ E4/ @1\ A0\ @6+ D7/ F1/ D8/ H3+
8x8Trax_2120883 Rogue Trooper vs. Chad : @0+ @1/ C1/ B2/ B3/ C2+ A3/ B0/ D2+ @4+ B1+ F2\ E4+ B5+ D6+ G4+ F6+ F7\ G7\ H7+ H8\ E8/ D8/ G2+ D1/ A5+ DRAW
8x8Trax_2120884 Chad vs. golfnutrof : @0/ @1/ @1/ C2\ D1/ D2+ D0\ A4+ A1+ B0\ B6/ @2\ E6\ A5/ F4+
8x8Trax_2120885 golfnutrof vs. Chad : @0/ A2+ A3/ B2/ C2/ B3+ D3+ C1/ D4\ D5\ E5\ B5/ D6+ F4+ G5/ @3+ C6/ C7/ B5+ F7/ E8+ G2/ H2/ F8\ G6+ A5/ G1+ DRAW
8x8Trax_2120886 Chad vs. bigdan409 OTWP : @0+ RESIGN
8x8Trax_2120887 bigdan409 OTWP vs. Chad : @0/ @1/ RESIGN
8x8Trax_2120888 Rogue Trooper vs. golfnutrof : @0/ @1/ B0/ @1/ C0+ D1/ C4/ A3+ A4+ A5\ D0/ B1+ D3+ E3\ B7/ C0+ @3+ G2/ G1/ H4+ A6/ G5+ F7+ H7+ DRAW
8x8Trax_2120889 golfnutrof vs. Rogue Trooper : @0/ A0+ @2/ @2+ B0/ A4/ B4+ @3+ E1\ F1\ A1\ A0\ D1+ G1+ G0/ G0+ H3\ B8/ F6+ G5+ G7/ F8+ G8\ H7+ B3+ DRAW
8x8Trax_2120890 Rogue Trooper vs. bigdan409 OTWP : @0/ B1/ A2\ B0+ B3\ C3\ C1+ C0/ A1/ C0/ C6\ D5/ D1+ E5\ E4+ RESIGN
8x8Trax_2120891 bigdan409 OTWP vs. Rogue Trooper : @0/ B1+ A0\ @1\ A0+ C4+ D3/ D2/ A0+ C6/ B1/ C1/ D0/ E4/ RESIGN
8x8Trax_2120963 Sherry vs. YankeeFan : @0/ A2\ B1/ B0+ @3\ D1\ B4\ D3+ @2+ F2/ E0/ F1+ A4+ B6+ @5+ C7/ C1\ D0\ F6/ @6/ B5+ D1\ A5+ B4\ C1\ F8\ G8\ H8\ DRAW
8x8Trax_2121055 Sista vs. AngelEyes517 : @0+ @1\ C1+ A0/ B1/ C0/ B4\
8x8Trax_2121323 Nancy vs. Elvis : @0+ @1\ @1/ B2\ A2+ B0/ A4/ C1+ D1/ D0/ @5/ E3+ E0+ @6/ B7/ A7+ B8\ G2\ G3\ B4\ B3\ C2\ @7/ B4\ A8+
8x8Trax_2121880 DIRKSTRA vs. Jump This : @0/ @1/ A2/ A0\ @3/ A1+ @1\ D0/ E1/ A1\ E2\ B0/
8x8Trax_2122626 heidibb vs. Ray of Light : @0+ @1\ B2\ C1/ A0\ D1/ C0/
8x8Trax_2122692 Elvis vs. BabyGirl The Rebel Angel : @0+ A2\ B2/ B1/
8x8Trax_2122771 Fallen Angel vs. Brooklyn in the Alps : @0/ B1\ A2/ B2+ C2\ B3\ B4\ C3\ @4/ B5\ E3\ D4\ D5\ E5\ C6/ B6/ A6/ C7/ @6/ A7/ F8\ G8\ G2/ F1\ H3/ G7/ H8\ B1/ A3\ A2+
8x8Trax_2123864 YankeeFan vs. Gypsyfire : @0/ B1\ A2/ B2+ B0\ B4/ @3/ B4+
8x8Trax_2123916 Gypsyfire vs. YankeeFan : @0+ B1/ A2\ B0/ C2/ B0\ C2+ @3+ D1+ E2+ D0\ @4+ D1+ C1\ B2\ A5/ B6/ @4+ @4/ A6+
8x8Trax_2124115 * vs. B Line electric streetcar : @0/ @1/ A2+ B3/ C3+ D2+ @2/ A4+ A5/ @2/ @2/ A1+ C0\ @3/
8x8Trax_2124236 SweetCindyJo vs. Nancy : @0/ B1\ A2/ @2+ A3/ @2+ A1\ B0\
8x8Trax_2124344 Megababe vs. dingbat : @0+ B1+ C1+ @1+ A0+ A3\ @2/ B4/ C1+ B0\ D4+ F3+ E4+ C5+ C6+ A5+ A2+ G3+ H3/ H2/
8x8Trax_2124399 ryry vs. LadyBabyJane : @0+ B1+ B2/ A0\ A0+ B2/ C2+ B1/ @3\ A2+ B0+ A1\ E3+ @1\ F2+ C0\ B1+
8x8Trax_2124440 Dawn vs. Elvis : @0/ B1\ A2/ C1\ A3\
8x8Trax_2127107 * vs. Pamper Me : @0/ A0/ B1+ C1+ @2+ @1/ A0+ A0/ @2+ @2/ A4\ C5\ F5\ G5/
8x8Trax_2127248 * vs. Pamper Me : @0/ A0/ @2+ @2+ @2+ A3\ A1\ A0\ E2+ @2+ B0+ A1\ @3\ C0+ F6/ F7/ H5/ D7/ D8/ B7\ A7\ F8/
8x8Trax_2128889 * vs. Misfit Lenrad6672 : @0/ B1\ B2\ A2+ @2/ C3\ D2+ E3\ C4\ @2\ A1\ A0\ A5/ @3\ B6\
8x8Trax_2129490 Chef Jeff 1 vs. JiffyJeff : @0+ B1+ C1+ @1\ A0\ @1+ @1+ C3+ @1+ @1+
8x8Trax_2129502 Sista vs. AngelEyes517 : @0+ B1/ @1+ C0+ D1\ E1/ C3/
8x8Trax_2129872 spider2 vs. violet unicorns : @0/ B1\ C1/ B0+ C3+ B3+ A1+ C1/ @1+ B3/ E2/ B0/ D0/ E1/ E0/ A3+ E4/ B2+ A1\ A0/
8x8Trax_2131388 rogerrabbit vs. YankeeFan : @0+ @1/ B0/ A3/ C2+ C0\ C4+ A5/ D1/ C0\ A3\ @5+ E4\ F2+ C7+ E6+ F4+ B2\ G2\ A2+ @2/ A4+ G6/ E8+ D8+ B1\ G7\ H7\ C8/ B8/ A6+ H8+ DRAW
8x8Trax_2132055 Sista vs. Klu : @0+ B1\ B2+ B3/ @2/ A1+ @1\ @1+ C3+ B3+ D4\ @3/ A4/ @3+ F0/ H2/ B2\ F6/ C1+ H5\
8x8Trax_2132137 Jane vs. Megababe : @0/ A0/ @2/ C1+ D1+ C0\ E2+ @3/ C4\
8x8Trax_2132396 dingbat vs. Megababe : @0/ B1+ C1/ C0/ B3\ D2+ B4/ C4+ C0/ E4/ A1\ E1/ @2/
8x8Trax_2132539 B Line electric streetcar vs. csain1 : @0/ A0/ B1/ A3+ B0/ C3+ A5/ B5+ C6/ D6+ D2+ B0/ C8/ E8/ @5\ F4+ G5/ F2/ @3+ A5+ H2+ H1/ B8/ A8/ H7\
8x8Trax_2132549 drgnrdr vs. Megababe : @0/ A0/ A3/ A0/ B1/ C1+ C0/ @3+ C1\ C0\ @5\ F2+ G2\ A3+ C2+ F1/ D0\ B2+ H3+ G5+ D0\
8x8Trax_2132587 drgnrdr vs. * : @0/ B1+ C1/ A2+ @1/ A0+ C4/ D4/ C1+ E4/ F4/ D5+
8x8Trax_2132588 Marko vs. dingbat : @0+ A0/ A3\ B3\ B4\ C4\ @2\ C5+ E1/ E0/ C1/ C0/ F6\ F7\ C8\ A2+ G5+ B1+ H5+ H7\ A6+
8x8Trax_2132603 SweetCindyJo vs. hayleesam : @0/ A2/ B2\ A3/ @3\ A1/ @2\ E2+ C0/ E4\ E5\ E6+ A4+ F5\
8x8Trax_2132929 Misfit Lenrad6672 vs. Pamper Me : @0/ A2+ A0\ @2/ C3/ C2/ C0/ D3/ B0\ A2/ @4/ C6+ D0/ E3/ F3/ C8+
8x8Trax_2132983 Geri39 vs. Megababe : @0/ B1/ A0\ @1\ A2+ @1\ D3\ E2/ B3/ B4/ C4+ @3+ E5\ F5\ D5+ @3/ C5/ E6/ B5+ B6/ C7\ A1\ @2\
8x8Trax_2133225 DavidJ vs. tyshy4me : @0+ @1\ A2/ A0/ @2/
8x8Trax_2134686 Rogue Trooper vs. REBEL DJ : @0+ B1+ A0/ B3+ @1/ @1/ B0+ E3+ B4+ C5/ @1\ B0/ A5/ @2+ C6/
8x8Trax_2136211 DavidJ vs. Lone Outlaw : @0+ @1+ B2/ B0/ A4\ B0\ A1\ C4/ @3\ A4+ E5+ E2/ D6+
8x8Trax_2136468 SweetCindyJo vs. FujiTape : @0/ B1\ A2/ A3/ @3+ A4\ C2\ C3+ D2+ D3+ E3\ D4\ D5\ @1\ A0\ E1/ F1/ @3/ A4/ @4/ E6/ B5+
8x8Trax_2136637 hANDYman the Rebel vs. Lone Outlaw : @0+ @1+ B2/ A0\ C3/ A4\ @3/ E3+ C5/ A4+ @4+ G3\ F6+ H3/ H5+
8x8Trax_2136638 ryry vs. Lone Outlaw : @0/ A2+ A3+ A4+ A0\ @1\ B6\ C6\ A2+ C7+ A6+ D7\ @6+ E5/ B5+ F6\
8x8Trax_2137127 Jane vs. Marko : @0/ B1\ B2\ C2/ A0/ @1/ D2/ C0/ D1/ D0/ E1/ B1\ B0\ D7/ E5\ F5\ F2\ F1/ G1/ F4/ D1+ G5/
8x8Trax_2137402 MizE vs. Misfit Lenrad6672 : @0/ B1\ B0/ A3\
8x8Trax_2137524 DavidJ vs. chaosbreaker : @0+ @1+ B2/ B0/ A4\ C2+ C4\ C5+ D4\ E3+ A5/ @5/ D6/
8x8Trax_2137603 baron_backgammon vs. HeatherN : @0+ B1/ A2/ B0\ A1\ @1\ @1\ B4\ B0\ A1\ D4+ E4+ A0\ @4+ E0/ F1/ F7+ G6+ F8/ H6+
8x8Trax_2137634 DavidJ vs. Lone Outlaw : @0+ B1+ B2/ B0/ A4\ B0\ A1\ A0\ @3/ B7\ @4/ A5/ @7+ C8\ A5+ E8\ F6+ G6/ G4+ @5\ A3+
8x8Trax_2137847 arthur vs. DarkHoney : @0/ B1\ A2/ B2+ C1/ B0\ A4\ B4\ B5\ @3/ @1\ B0+ @3+ E7+ @3+ @3\ A2\ B1+ H2/
8x8Trax_2138023 Sista vs. AngelEyes517 : @0+ B1\ B2\ C2\ D2\ E2\ B0\ F2/ C4+
8x8Trax_2138040 Nan54 vs. hoot : @0/ A2\ B1/ B0+ C2\ B3+ @3/ A4/ D3+ D4\ E4+ C4+ F3/ F2/ @4\ F1+
8x8Trax_2138212 Jump This vs. tjancira : @0/ @1/ @1/ B0+ D1\ E1\ @2/ A3/ F4\ G2/ A0\ @2+ C0/ E2+ B7/ A6+ B0\ A2+ D2/
8x8Trax_2138267 paganje vs. PinkyDot : @0/ B1\ A2/ @2+ B3\ C2+ C3+ D2/ C0+ A4/ A5/ @4+ C5+ C6\ D5\ E5/ F4\ D6\ F1/ G3+ F0\
8x8Trax_2138753 Dragon101 vs. chickof78 : @0/ B1\ A2/ @2+ B0+ C1+ B0+ C1/ D2+
8x8Trax_2139069 Pamper Me vs. Megababe : @0+ A0+ A0+ A4+ A0+ @4+ B0+ B0\ A1\ A3+ A0+
8x8Trax_2139770 Honeybear vs. MountainMist : @0/ B1+ @1\ B0/ A1+ B0/ B0+ D3+ B0+ @4+ C0+ E6+ C0+ E8/ D4/ F6+ G6/ G5/ E4+ H5+
8x8Trax_2139885 supermac vs. Goonerg : @0/ @1/ B0+ C1+ C2+ D1+ B3+ A0/ @1+ @2+ @2/ A4+ E5/ @4+
8x8Trax_2140195 Lone Outlaw vs. hANDYman the Rebel : @0/ B1+ B2/ A2/ A3+ @3\ D2\ C0/ @2/ B1\ C0\ B1+ E2/ F3/ A1\ @1\ A0\ @3/ D7/ C7/ F2/ F1/ F0/ A5/ A6/ G3/ H3/ C7+ B7+
8x8Trax_2141160 YankeeFan vs. maggies tavern : @0/ A2\ B2\ B1+ B0+ B4\ C2/ @4/ B5\ B1+ E2/ D0+ F4+ D6+ @5+ D7/ G2+ B3+ A6+ @5+ A4+ G0/ D2+ E1\ A7+ B8/ B3\ B2\ B1+ A2+ A1\ G8+ H1/
8x8Trax_2141684 gingershaz vs. violet unicorns : @0/ @1\ A0/
8x8Trax_2141685 violet unicorns vs. gingershaz : @0+ @1\ A0+ B0/ C1/ C3/ A1+ D1/ D2+ B0\ A1\ @1\ A0/ @3/ B4/
8x8Trax_2141690 rUsureU_ want2doTHAT vs. violet unicorns : @0/ @1/ C1+ B2/ A2+ B3\ B0/ C4\ D4\ E4+ A4+ D3+ C5+ E5\ C6/
8x8Trax_2141691 violet unicorns vs. rUsureU_ want2doTHAT : @0/ A0/ B1+ B0\ @2/ A3+ A4/ B4+ @3\ C5\ E4/ @2+ @2\ C0+
8x8Trax_2141696 violet unicorns vs. Mystic River : @0+ @1\ A2+ A0/ B1+ C2/
8x8Trax_2141697 Mystic River vs. violet unicorns : @0+ B1+ B0\ A3+ A4\ B4+ C3\
8x8Trax_2141698 violet unicorns vs. Geri39 : @0/ A2\ B1/ A0+ B3\ C3\ C2/ D3/
8x8Trax_2141699 Geri39 vs. violet unicorns : @0/ A2+ @1\ A0+ B1+ B0\
8x8Trax_2141724 leewisdomjr vs. spitfire : @0+ @1+ A2\ B0/ C1/ D2\ C3\
8x8Trax_2141725 spitfire vs. leewisdomjr : @0/ A2\ B2\ B1+ C2/ C3/ D3\ A4/ @4/ E4\ E5\ D6\ D1+ D0/ E7\ F7+ G6\
8x8Trax_2141728 leewisdomjr vs. YankeeFan : @0+ @1/ B2/ A2/ A3\ C1/ @1\ A0\ @3\ A2+ F2\ F3\ B4+ E4+
8x8Trax_2141729 YankeeFan vs. leewisdomjr : @0/ A2\ B2\ B3\ @1/ C1+ D1/ E2/ E1/ D0/ B1+ C0+ B0/ F4/ E3/ @4\ F1/ B2+ D0/
8x8Trax_2141730 rogerrabbit vs. spitfire : @0+ B1\ B0/ C2\ A3/ @3\ A2+ A1\ C0/ A0\ @1/
8x8Trax_2141731 spitfire vs. rogerrabbit : @0/ B1\ B2\ A0/ A3/ A4/ C2+ @2+ C0/ B1+ E4\ D5/ C6\ @4\ F3+ F2+ G2\ F1/ H4\ F5\ F0+ H6+ F0\ G8+ A4+ H4+ G2+ B2+ G1+ C8/ H1/ A1\
8x8Trax_2141734 rogerrabbit vs. YankeeFan : @0+ B1+ A2\ B0/ A4\ C2+ C3+ @2+ A3+ @2+ B1\ C0+
8x8Trax_2141735 YankeeFan vs. rogerrabbit : @0/ B1\ B2\ A0/ @2+ D2+ @2+ C0/ B4/ D5\ F3+ @3/ D6+ D7/ A5+ A6/ H3+
8x8Trax_2141736 spitfire vs. phonic : @0+ @1\ A2/ @1\ A0+ D2+ A0+ E3+ F3\ F4\ A0+ G5+ @4\ A5+
8x8Trax_2141737 phonic vs. spitfire : @0/ B1\ B2\ C2+ A0\ @2/ C1+ C0\ B1\ A2\ @3/ F3\ E5+ E6\ F6\ G4/ F7+ F8\ G8\
8x8Trax_2141738 spitfire vs. YankeeFan : @0+ B1+ C1\ C2\ C0/ D3+ D4+ E3+ F3\ F4\ F2/ E1+
8x8Trax_2141739 YankeeFan vs. spitfire : @0/ B1\ B2\ C2+ D2/ E1\ C0+ D4\ E4+ F3\ C4+ E5\ F4\ F5+ G3+ F2/ G2+ H2/ C5+ B4/
8x8Trax_2141740 phonic vs. YankeeFan : @0/ B1\ B2\ C2+ B0+ D3+ B0+ C5\ E5/ B5+ B6/ A5/ @5/ A6/ E6\ B7+
8x8Trax_2141741 YankeeFan vs. phonic : @0/ B1\ B2\ C2+ C3+ D2\ B0+ A3+ A4/ C5\ E5+ D2+ B0+ @6\ D7\ E8/ @5/
8x8Trax_2141742 Candy Cane Kaz vs. Jesme : @0+ @1+ B2/ B0/ C1+ @3/ A4/ A2+ @2\ C1+ D0+ D0\ B2\ @3\ G3/ A2\ A1\ G2+ E0/ H4\ H5\ H6\ F7\ H7/ D7+ A6+ E8\ H3+ F1+ C2\
8x8Trax_2141743 Jesme vs. Candy Cane Kaz : @0/ A2\ B2\ B3+ B1/ C1/ C3+ C4\ @2\ E4/ F4\ F5\ A4/ @4/ D5+
8x8Trax_2141746 Candy Cane Kaz vs. STrek : @0+ B1\ B2\ @1+ C3\ D3\ E3\ B4+ A3/ E5+ F4\ F3/ G4\ F1+ @3+ F0+
8x8Trax_2141747 STrek vs. Candy Cane Kaz : @0/ B1\ A2/ @2\ A1+ A0/ B1/ B0+ @3+ C0+ A5/ A6/ D5+ E5+ F5\ F6\ D6/ E7\ @4\ G7+ H6+ F4/ D6/
8x8Trax_2141750 Jesme vs. Lorry : @0/ B1+ B0+ A1\ @2\
8x8Trax_2141751 Lorry vs. Jesme : @0+ @1+ A2\ B0/ A1\ A0/
8x8Trax_2141752 Jesme vs. STrek : @0/ A2\ B2\ B3+ B1/ C2+ C1+ D1/ A0+ @1\ D1/ B0/ @1\ B0/ A3+ C1+ A5/ @4\ @2\ B1+ B0\ A1\ A5+ E1+ B6+ F8+
8x8Trax_2141753 STrek vs. Jesme : @0/ A2\ B1+ C1\ C2\ B3\ B0+ D3\ D4\ A5/ @3+ F4\ F6+ A2+ B7+ B8/ A8/ B1+ @5+
8x8Trax_2141754 Jesme vs. forget me not : @0/ A2\ B2\ B3+ C3+ B4+ C2/ C1/ C0/ D2\ E1/ E0/ @4+ G2/ A3\ A2\ C1/ G1+ G0\ E2+ H1/ H0/ B2/ C2/ D1+ C1+
8x8Trax_2141755 forget me not vs. Jesme : @0+ B1+ A2\ A0\ @1+ D2+ @1+ D1/ C0+ C0/ D1/ E0/ F1/ F5+ @4+ B3\ A5/ A6/ C7/ A7/ F6+ @6+
8x8Trax_2141756 Lorry vs. STrek : @0/ A2/ A3\ B3\ A0/ B1+ B0+ C4\
8x8Trax_2141757 STrek vs. Lorry : @0+ @1\ B2/ @1/ A2+ A3\ B3\ B4/ D3\ @1\ B0+ B0+ A4/ B6/ @4\
8x8Trax_2141760 STrek vs. forget me not : @0/ A2\ B1/ B0+ C1+ B3+ @2+ D3\ E3\ E4\ F3\ G3\ G4\ H4\ H5\
8x8Trax_2141761 forget me not vs. STrek : @0+ @1\ @1/ A2+ A3\ B3\ B4+ @1\ A0\ E3+ A5/ D1+ E1/ E5\ A6\
8x8Trax_2141768 Lady Ehlana vs. Linda Sue : @0+ @1/ C1/
8x8Trax_2141769 Linda Sue vs. Lady Ehlana : @0+ @1\
8x8Trax_2141774 Nikki vs. Linda Sue : @0/ A2\ B2\ B1+ A3/ @3/ D3\
8x8Trax_2141775 Linda Sue vs. Nikki : @0+ @1\ A0+ B0/ C1/ @2\ E1\ E2\
8x8Trax_2141778 Jay RAA vs. Linda Sue : @0+
8x8Trax_2141779 Linda Sue vs. Jay RAA : @0+ B1\
8x8Trax_2141780 cocopuff vs. Linda Sue : @0/
8x8Trax_2141781 Linda Sue vs. cocopuff : @0+ B1\
8x8Trax_2142368 keops vs. drgnrdr : @0/ A0/ A3/ B1/ @3/ D2+ D4+ E2/ D0+ D6/ B7+ E6\ E7\ E8\ F7+ G6/ E5+
8x8Trax_2142406 Nancy vs. violet unicorns : @0/ @1+ B0\ A1\ A0\ @1+ @1/
8x8Trax_2142410 DIRKSTRA vs. Phil The Hat : @0/ @1/ B0+ @2+ D2/ E1\ @2\ @1/ H2/ F3+ E0/ D5/ B4+ G0+ D2+ C1+ E1+ E0\
8x8Trax_2142418 Dawnas AZ vs. * : @0/ B1\ B2+ C2/ A2/ C3/ D2+ @2+ F2+ @2+ @2\ A1\
8x8Trax_2143685 Nancy vs. Elvis : @0/
8x8Trax_2144965 Dragon101 vs. SweetCindyJo : @0/ B1\ A2/ @2+ B0+ B0\ @1+ C5/ D5+ E5/ D6+ D7/ A4/ @3\ C7+ F7\ B0+
8x8Trax_2145081 spider2 vs. violet unicorns : @0/ B1+ A0+ @2+ @2+ @2+ C0/ D0/ E3+ F3+ E2/
8x8Trax_2145097 spider2 vs. violet unicorns : @0/ A2\ @2+ C1+ A1+ C2+ @2+ E1\
8x8Trax_2145207 Sherry vs. YankeeFan : @0/ B1\ A2/ @2+ B0+ @3+ D3+ D4\ D5\ E3/ F3/ @3+ E1+ B4+ E0/ H2+ D7+ A5/ A6/ A3+ D8+ D1\ H5+ C8+ G7+ B8\ F8/
8x8Trax_2145282 Sherry vs. YankeeFan : @0/ B1\ A2+ B2+ A3/ @3+ C3+ @3+ C4/ E1\ C5+ C6\ @3/ F5+ G2/ G5+ H5\ H6\ F7/ A4/
8x8Trax_2145794 Sista vs. Lady Ehlana : @0+ B1+ B2+ C1+ B0/ B4/ @2+ E2+ B3/ A1\ C0/ @3+ C5/ E5\ E6\ G3+ F4\ G2/ E0/ H4+
8x8Trax_2146065 tjancira vs. Rogue Trooper : @0/ A0+ B2/ A0/ A0/ @1+ @1\ D0\ @1/ B3+ @1\ A0\ F7\ G7\ D7/ F8+ C5/ G3+ F1\
8x8Trax_2146207 c-g vs. violet unicorns :
8x8Trax_2146402 Honeybear vs. Elvis : @0/ A2+ @2+ A3+ @2+ B1+ @2+ @2/ A3/ C4\ @3+ @3/ A4/ E1+ @4+
8x8Trax_2147194 LilSis vs. Misfit Lenrad6672 : @0+ @1/ @1\ A0\ @1\ B0/ C2+ E3\ C4/ A0\ @1\ D2+ E2/ C0/ D1+ D0/ G7\ G8\ A1\ @1\ G5/ H5/ B4/ A3\ B8/ A8/ F2/ G2/ F1+ H2\ G3+ F8+
8x8Trax_2147200 * vs. Marko : @0/ B1\ B2\ C2+ D2/ B0+ B0+ @3+ D5+ B1+ B4+ B0/ A1/ @3/ @3/ G2/ D0/
8x8Trax_2147369 purplehawke vs. Marko : @0/ B1\ A2/ @2+ @2\ A0+ A0/ D2+ B5\ D4\ E4+ F4+ @2\ A0+ @3+ A1+
8x8Trax_2147624 rogerrabbit vs. YankeeFan : @0+ B1/ @1/ C0/ B3\ B4\ D3\ B5+ @4+ A6/ @4/ A6+ @5\ @5+ G5+ H5+
8x8Trax_2147747 Betty04 vs. Dragon101 : @0/ A0/ B1+ C1\ B3/ D1\ E1/ E0/ A4+ @3\ E1+ F4\ F5\ G2\
8x8Trax_2148023 hayleesam vs. STrek : @0/ @1/ A0/ @2+ C3/ @2+ C3/ @2+ E1+ C0+ C0/ F3+ F5\ E6+ D7/ C6+ F2/ G4\ H3+ H1+
8x8Trax_2148423 jazzbeth vs. Dragon101 : @0/ A0/ @2\ C1\ C0\ A2+ C0\ D2/ C4+ E2+ @4\ F4\ E5\ G4/
8x8Trax_2148612 rogerrabbit vs. YankeeFan : @0+ @1+ A2\ B0/ @2/ D3/ C4\ D4+ @3/ C4+ D5\ A4+ @4\ D1\ E0/ A3+ @3+ B2+ C1\ F0/ H4+ A2+ A1\
8x8Trax_2149353 rogerrabbit vs. YankeeFan : @0+ B1+ A2\ B0/ B0/ A2+ @4\ A2+ D2+ D4+ E1\ E0/ A6/ F2/
8x8Trax_2149716 chaosbreaker vs. Chef Jeff 1 : @0/ A2+ @2+ C1/ D1+ B3+ E1+ C0+ C0\ A1+ A0/ B1/ D3/ @2\ A4\ C0+ C0\ @2+
8x8Trax_2149833 Thud vs. Honeybear :
8x8Trax_2149910 GlassTiger vs. Elvis : @0+ @1\ B2/ C2\ B3/ C3+ @2\ B0/ @3/ D1+ E1/ F1/ A4+ G1/ B2\ D0/ G5/ H5\ G6/ G1\ F7/ E7/ C6+ F1+
8x8Trax_2150200 rogerrabbit vs. YankeeFan : @0/ B1\ A2/ @2+ C2+ C3\ D3+ C4/ E3/ D1+ A3+ F1+ D0+ E1/ G2\ A1\ D0\ @2/
8x8Trax_2150650 dgb vs. Phil The Hat : @0+ @1+ @1/ C0/ C0/ @3/ C1\ B4+
8x8Trax_2150651 Phil The Hat vs. dgb : @0/ @1/ C1/ @1/ D2\ E2\ A3/ @3/ @3/ D4+ C0+ E0+ D7\ G1+ H4+ B3+ H5+ G8+ B1\ A3\ RESIGN
8x8Trax_2150652 dgb vs. Goonerg : @0/ @1/ A0/ @2+ B0/ B0+ C5/ @2+ C0/ B1+ E6\ D7/ E4/ F5/
8x8Trax_2150653 Goonerg vs. dgb : @0/ @1/ A2+ C1+ B0/ B4\ @1\ A0\ E2\ C1/ C0/ @4+ A5/ A6+ @6\
8x8Trax_2150654 Phil The Hat vs. Goonerg : @0/ @1/ C1/ @1/ E1\ C2+ C3\ B3+ F1\ D0/ F3\ @1\ E0/ A5/ G5\ @3/
8x8Trax_2150655 Goonerg vs. Phil The Hat : @0/ A0/ @2/ C2\ A3+ B0/ B0/ B0/ @3+ E3+ @5/ A6/ @6/ D7/ A8+ H4/ DRAW
8x8Trax_2151556 violet unicorns vs. YankeeFan : @0+ @1+ A2\ B0/ A1\ B0\
8x8Trax_2151719 * vs. purplehawke : @0/ A0/ B1+ A3+ B4/ B0\ C5\ B6/ D4+ C2+ E3+ @2+ A0+ G4/ G2+ D1/ H2+
8x8Trax_2152517 Dawn vs. Elvis : @0/ B1+ B2\ B3\ C2/ @3/ C4\ E2/ E1/ D0/ B6/ A6/ E6\ D7\ F5\
8x8Trax_2152893 DavidJ vs. Lone Outlaw : @0+ B1/ @1/ C0+ D2/ C3\ @2\ A1\ C0/ A4/ @4/ E5/ D4+ B5/ A2\ @4/ D0+
8x8Trax_2153116 Whistler Gandalf vs. Uncle Chuckie : @0+ B1\ B0/ C2\ C3+ C1/ D2\ E2\ C4+ E4\ F4\ A4/ A5+ @3/
8x8Trax_2153216 Amanda vs. Kran : @0/ A2\ B2\ B3\ B1/ C2\ C3+ D2/ C1+ C0/ D2/ B1+ D4\ E4\ C0+ E3/ C6+ F5/
8x8Trax_2153217 Kran vs. Amanda : @0/ B1\ A2/ @2+ A3\ @2+ E1/ E0/ E3+ F3+ F4\ D5/ C1+ C5+ D6+ G2+ A1\ B0+ B0\ F2\ A2+
8x8Trax_2153377 Marko vs. purplehawke : @0/ A2/ A0\ @2/ B4\ C4\ D4\ A3+ D3/ E4\ D5+ E3+ A1+ D2+ F3/ E2/ E1/ E0+ F2\
8x8Trax_2153644 * Sassy_Angel * vs. darkest angel 70 : @0/ A2\ B1/ B0\ @2/ A1\ @2/ A1+ A0/ @2+ A1+ B0\ A1\ C1+ @1\ @1\ C0/ A4/ @4/ E1+ G7+ G1+ D0+
8x8Trax_2153683 Elvis vs. Nancy : @0+ A0+ A3+ @3\ C3\ C4+ C2/ D3\ A1\ @1\ C0+ E3+ C0+ F4\ F5+ @3/ D0+ A5\
8x8Trax_2153826 YankeeFan vs. Elvis : @0/ A2+ @1\ B0/ C1+ A3/ @2\ C0\ A2/ B1\ @2+ B0/ F3+ A4+ B5/ E6\ F6\ E2+ @3+ C6/ F7/
8x8Trax_2154300 Sista vs. Lady Ehlana : @0+ @1\ B2/ C1/ D1\ D2\ A3\ C0\ B1\ @2/ B1\ F2/ F1/ E0/ F1/ F0/ G1/ H2/ G0+ H1/ B8+ D8/ A6+
8x8Trax_2154464 Elvis vs. LadyBabyJane : @0+ @1+ A2\ A0\ B1+ B0\ A1+ @2/ A1+ @1\ B3+ A0\ A4/ @3\ C5+ E6/ F5\ A1/ G5/ G4/ D7+ D8/ B7/ A6/ E7\ F7\ B8+ A4+ @6/ A3\ B7/ H3\ H7/ A7+ E1/ A8+
8x8Trax_2154759 Nan54 vs. faith64 : @0/ A2+ @1\ A0\ @1\ C4+ A3/ @3/ E4/
8x8Trax_2154917 violet unicorns vs. Sweetcheeks : @0/ @1+ B0/ B3/ C1+ B0/
8x8Trax_2155093 heidibb vs. Elvis : @0+ B1+ B0/ C2+ C3/
8x8Trax_2155923 Momsie vs. Honeybear : @0/ B1\ B2\ C2+ B3\ D2+ B0\ E3+ @2/ B3/ B4/ B5\
8x8Trax_2156007 YankeeFan vs. Elvis : @0/ A2\ B2\ B1+ C1+ C0/ D3+ B1\ C0/ C5/ D3/ D2/ E2/ F3/ F2/ G2/ D1+ B1+ B0+ A1\ @1\ C0/ H2+ H1/ F0+
8x8Trax_2156180 hANDYman the Rebel vs. GUINESS14 : @0+ A0/ A3\ B2+
8x8Trax_2156583 Sherry vs. YankeeFan : @0/ B1\ B2\ C2+ D1\ E2/ C3\ C0/ D1+ D0/ F3\ B1\ A1\ C0/
8x8Trax_2158494 YankeeFan vs. Megababe : @0/ B1\ A2/ @1+ @1+
8x8Trax_2158512 lapman vs. Traxplayer : @0+ @1+ A0+ @1+ D2+ E2+ E1+ B0+ E1+ B4\ E4+ E0+ E6+ B6/ A4/ F5\ C6+ C7\
8x8Trax_2159873 kanoa vs. YankeeFan : @0/ A2\ B2\ @1/ C1/ D1/ D2+ E1/ B0+ @2+ C4+ A3+ @3/ @3/ D5+ A2/ D6+ E0\ E7+ E0/ D1\ F2/
8x8Trax_2160050 Dragon101 vs. SweetCindyJo : @0/ B1\ A2/ @2+ B0+ B0\ @1+ C5/ D5+ A4+ E4\ E6/ F5+ G5/ C7/ B7/ A7/ E7+ @4+
8x8Trax_2160110 jmac vs. Sir Gamesa-who of the oldT : @0+ @1+ B0\ B3\ A3+ A0\ A5\ @1/
8x8Trax_2160111 jmac vs. Sir Gamesa-who of the oldT : @0+ @1/ B2+ C1\
8x8Trax_2160289 Orange Blossom vs. Dragon101 : @0/ A0/ B1/ C1+ C0\ D2+ A0\ @3+ D1/ E2/
8x8Trax_2160514 darkest angel 70 vs. violet unicorns : @0+ B1+ A0/ A3/ @3/ C3+ C4/ B4/ B5/ A4+
8x8Trax_2161143 Sherry vs. YankeeFan : @0/ B1\ B2\ C2+ D2/ D0+ B4/ A4/ C0/ E2+ F2\ C5\ C6+ E5\ D6+ E6+ E7\ F6\ B6/ F4+ G6\ H6\ G4\ H7+
8x8Trax_2161151 ejd vs. somewhere over the rainbow : @0+ B1\ B0/ C1/ D1/ B0\ A1\ B4/ A4/ A5/ @4\ D5\ A2+
8x8Trax_2161737 Sherry vs. YankeeFan : @0+ @1\ @1\ C2\ D2/ A2/ @2/ D3/
8x8Trax_2161832 SweetCindyJo vs. Dragon101 : @0+ A2/ A0\ @1\ C2/ B0+ @3+ B5+ C0\ A1/ B7/ @7+ A2/ A3/ @5+ A2+ @4\ B1/ D8/ C8+
8x8Trax_2161890 Betty04 vs. Dragon101 : @0+ A2\ A0/ B2\ B3+ C3\ C2+ B0\ A0+ D5\ A0\ @1\ A0\ @1\ D1/ B0+ E1/ F3+ G4\ G6\
8x8Trax_2162918 FujiTape vs. countrygirl 752 : @0/ A2\ B1/ B0\ C1/ A1\ B0/
8x8Trax_2163571 faith64 vs. drgnrdr : @0+ @1\ B2+ @1\ C3+ A2/ @1\ E3/
8x8Trax_2163721 Dragon101 vs. jazzbeth : @0/ B1\ A2/ A3\ B3/
8x8Trax_2163816 YankeeFan vs. darkest angel 70 : @0/ A2\ B1/ B0+ B0+ A1\ @1\ A0+ A4+ @2\ E3/ A4/ @2\ C0/ A1\ C6+ C0\
8x8Trax_2163855 rogerrabbit vs. YankeeFan : @0/ A2\ B2\ A3+ B1/ C2\ D3/ A4\ B5/ C1+ A0\ @1\ E7\ F5+ E8+ F8\ G6/ A6+ B7/ A7/ @5\ B3/ A3+ G2\ E1+ A6/ A7+ G1+ A8\
8x8Trax_2164141 DavidJ vs. stitcher : @0+ @1/ A0\ @2/ B3/ D2\ C1+ C0+ D1/ E1/ E0/ F1/ F0/ G1/ B1\ A2\ B0/
8x8Trax_2164274 Chad vs. Rogue Trooper : @0/ A0+ @1/ A2+ A3/ A4/ C2/ @3+ D3\ E3\ B5/ @3/ F4+ C6/ A7/ @6+ E5+ B8/ A8/ @6+ F7\ DRAW
8x8Trax_2164627 Jiggs vs. crow57 : @0/ B1\ B2\ C2+ C3+ D2+ C4+ B3+ C5+ A2/ C6+ @2+ D7+ C0\ @1\ A3+ A4\ C5/ @2+ B5\ @2+ H4+ B4/ A4/ A5/ A6/
8x8Trax_2164735 rogerrabbit vs. YankeeFan : @0+ B1/ @1/ C0/ @2\ A1\ A0\ @3/ B4\ E0/ F1/ D0+ @5/ C0+ B3+ @6+ D0+ A8/ H5+ G2\
8x8Trax_2165025 McStack vs. Sir Gamesa-who of the oldT : @0/ B1\ A2/ B2+ B3\ @2/ A4+ B5+ @2/ A5+ @5+ B6\ A1\ @4/ B0/
8x8Trax_2165026 McStack vs. Sir Gamesa-who of the oldT : @0+ @1/ C1/ A2+ B3/ C2+ B4+ D3/ E2\ C5\ F1/ E0\ F5\ D6+ G3\
8x8Trax_2165028 McStack vs. Sir Gamesa-who of the oldT : @0/ B1\ B2\ A0\ @1/
8x8Trax_2165590 Sherry vs. YankeeFan : @0/ B1\ A2/ @2+ B0+ @3+ C0+ A5\ @4/ A6+ A3/ @3\ A2\ B7\ B8+ D7\ E6\ C8\
8x8Trax_2165602 baron_backgammon vs. HeatherN : @0+ B1+ A2\ A0\ B1+ A0/ C2/ C1\
8x8Trax_2165709 Elvis vs. LadyBabyJane : @0+ @1+ B2/ A0\ B1+ @3/ A4/ D3\ D4\ B0/ C5/ C6/ D6+ C1+ D2\ E3/ D7/ C7/ B8\ A7/ @6/ A3\ @4/ G5/ B7+ C8+ B8+ A6+ C1\ A7/ G6\ H6+ H5+ H3+
8x8Trax_2165915 purplehawke vs. Gypsyfire : @0+ @1+ C1\ @1+ C0+ @2+ @2\ A1\ @1\ G3\ B0+ D2+ D4+ H4/ G2/ H3+ F1+ D0\ D0+ B2+ D0+ A3+ D0+
8x8Trax_2165920 B Line electric streetcar vs. Sir Gamesa-who of the oldT : @0/ @1/ C1+ C0\ B3+
8x8Trax_2166111 violet unicorns vs. SweetCindyJo : @0/ B1\ A2/ @2+ C2+ C3\ D2\ @2+ @2+ @2+ @2\ A1\ C1+ H3+
8x8Trax_2166272 Dragon101 vs. Betty04 : @0/ B1+ B2\ C1\ C2\ D2\ B3/ C4\ B0+ A4+ C6+ C7/ A7+ A8\ @4+
8x8Trax_2166861 Sherry vs. YankeeFan : @0/ B1\ B2+ C1\ D2+ C3/ A0/ D5\ E4+ A4\ D2+ A5/ C6+ @4/
8x8Trax_2167312 rogerrabbit vs. YankeeFan : @0/ B1\ A2/ @2+ C2\ B3/ @3\ @2/ B1+ B0\ @2/ G2\ G1\ F4\ E5/ C0+ A5\ @6/ C7+ D0+ A8/ H6+ H7\ F8+ C2+ A4+ B1+ G1/ H2+ H1+
8x8Trax_2167424 rogerrabbit vs. YankeeFan : @0+ B1/ B2\ C2\ @1/ A2/ C3\ C0/ B4/ C5\ A4+ @3+ B1+ @3+ A2+ @3+ C4/ B0\ D6+ A2\
8x8Trax_2167486 Honeybear vs. hoot : @0/ A2\ B1/ B2+ A3/ @3/ D2+ D3\ B4/ E2/ B0\ A2+ @2\ B1\ B0\ A2\ G3/ E2+ B0\ D8/ B7+ F2/ G3+ A5/ @4+ G7\ H5+ B2+ D8/ B6/
8x8Trax_2167575 spitfire vs. faith64 : @0/ B1\ A2/ @2+ A3\ @2+ @2\ A1\ B0\ @2+ A1/ B4/ B5/ @2+ @2\ A1\ B0\ H4\
8x8Trax_2167821 DIRKSTRA vs. tjancira : @0/ A2+ B2\ @2\ B0+ D3\ D4\ C1+ @3\ D5+ F3+ C0/ C0/ G3/ F2+ @3\ B2+ E8/ B6+ C7+ B8\ A7/ G1+ H5\ DRAW
8x8Trax_2168213 countrygirl 752 vs. FujiTape : @0/ B1\ @1\ C2/
8x8Trax_2168405 Orange Blossom vs. Dragon101 : @0/ @1/ A2+ C1+ C0\ A4/ B4+ D2+ @4/ A5/ @5/ A6/ B7/ A7/ F4\ F5\ G5\ C8+
8x8Trax_2168442 SweetCindyJo vs. Dragon101 : @0/ @1/ B0/ @2+ C0\ B1\ D2/ B4/ C0/ C0+ C0\ A1+ @6\ @5+ @5\ G2/ H3\ B6+ A6+ C7+ D8\ H6+
8x8Trax_2168448 Autumn vs. YankeeFan : @0/ B1\ A0\ B3/
8x8Trax_2168635 Dragon101 vs. Betty04 : @0/ A2+ @2+ A1+ @2+ C3\ D2\ D3+ E3\ E2+ E4+ F4\ @2+ @2/ A3/ H5/ G5/ G6\ H6+
8x8Trax_2169447 jmac vs. marygal : @0/ A2\ @2/ C1\
8x8Trax_2169458 marlisam vs. marygal : @0+ @1+ A0\ A0/ B1/ B0/ B5/ C2+
8x8Trax_2169563 Zamboni vs. marygal : @0/ B1\ C1/ B2/
8x8Trax_2169821 violet unicorns vs. Shariann : @0+ A0/ B1+ A0\ @2/ @3\ D4+ @2\ A1\ B4/ A4/ @2\ G3/ E5/ E6\ F6/
8x8Trax_2169861 LadyBabyJane vs. violet unicorns : @0/ B1+ A0\ @2/ A1+ @1/ A2+ A3/ A4/ B3\ C3+ B4\ B5/
8x8Trax_2169862 HEATHER vs. Dragon101 : @0/ A0/ @2+ B0+ C2+ A4+ C4\ D4\ C1/ B0+ D6/ D1\ E1/ E4+
8x8Trax_2169893 max vs. marygal : @0+ @1+ B2\ A2/ B3\ C3\ C4+ A3+ D4/ C5/
8x8Trax_2170011 ryry vs. LadyBabyJane : @0+ @1\ B0+ C2/
8x8Trax_2171318 Sista vs. Lady Ehlana : @0/ @1/ B0+ C1\ B3\ B0\ @4+ A1\ @2+ C0\
8x8Trax_2171338 YankeeFan vs. Elvis : @0/ A2+ B2+ B3/
8x8Trax_2171349 Autumn vs. YankeeFan : @0/ A2\ A3/ B1\
8x8Trax_2171696 Dania59 vs. SweetCindyJo : @0/ B1\ A2/ @2+ B0/ C3+ A4/ @3\ @3+ @3/ G2+ F4/ H2+ B5\ A6\ C5+ B6+ A2\ C6+ D5+ C0+
8x8Trax_2171697 FujiTape vs. rogerrabbit : @0/ B1\ A2/ A0/ B3\ A4/ A5/ @4+ @1\ A0\ C1\ D5+ E6/ A0\ @4+ @4\ C6/ F8+ G4\ @3/ C6/ B5+ D8+ B6+ B7+ A7/ F1/ G2+ H1\
8x8Trax_2173569 LadyBabyJane vs. Dragon101 : @0/ A0/ B1/ A3/ @3/ D1+ E1/ E2+ F2/ G2/ F3+ E0/ H4\ G5/ H2\ E0\ D7/ B7+ G2/ B8+
8x8Trax_2173859 Rogue Trooper vs. Beaupol : @0/ A2\ B1/ B0+ A0/ @1+ D1\ D3+ @1/ B0+ A5/ @5/ D6/
8x8Trax_2173860 Beaupol vs. Rogue Trooper : @0/ A0+ A0\ @1\ @3+ @2/ C0+ D5/ E3/ E4+ C6+ A5+ C7+ D0\ F2+
8x8Trax_2173861 Rogue Trooper vs. MountainMist : @0/ B1/ B0/ C1+ A3+ A4\ D3+ D1+ @1/ F1/ G1/ G0/ G4\ H4\ D6+
8x8Trax_2173862 MountainMist vs. Rogue Trooper : @0+ A0/ A3\ B1/ B0/ C4+ C5\ @1+ C0/ D7\ E5/ F1/ F0/ B8/ A8/ A6+ @7/ H5\ G6+ H6\ A4+ A3\
8x8Trax_2173863 Rogue Trooper vs. Megababe : @0/
8x8Trax_2173864 Megababe vs. Rogue Trooper :
8x8Trax_2173865 Rogue Trooper vs. Geri39 : @0+ A2\ B2/ C2\ B3/ C3+ C1/ D1/ A0/
8x8Trax_2173866 Geri39 vs. Rogue Trooper : @0/ A0+ A0\ @1\ A0/ C3+ @2/ A4/ B5\ @3+ B5/ C6\ B6+ A1\ C0/ @2/
8x8Trax_2173869 Beaupol vs. Megababe : @0+
8x8Trax_2173870 Megababe vs. Beaupol :
8x8Trax_2173873 MountainMist vs. Megababe : @0/
8x8Trax_2173874 Megababe vs. MountainMist :
8x8Trax_2173877 Megababe vs. Geri39 :
8x8Trax_2173878 Geri39 vs. Megababe : @0/
8x8Trax_2173879 Gracie P vs. spitfire : @0/ A2\ B2\ B3+ @2\ @2\ C0/ @1\ A0\ A4/ @4+ @4\ B3\ C5/ C6+ C7\ D7\ B2\ A2\ A1\ @3/ H6/ G7\
8x8Trax_2173880 spitfire vs. Gracie P : @0/ A2+ @1\ A0\ @1+ C4/ A3/ @2\ E4\ E5\ C4+ @1\ A0\ F3/ G5\ E6/ E7/ F2\ C1\ A0\ G4/ H4/ F2+ G7\ G8+ E2+ C1/
8x8Trax_2173883 Gracie P vs. YankeeFan : @0+ B1\ C1/ B0\ A3\ @2+ A1+ A0+ @1\ F3\ E4+ F4+ F5\ B4/ C5+ A3+ A0+ @3/ H4\ H3+ G7/ F2+
8x8Trax_2173884 YankeeFan vs. Gracie P : @0/ B1\ B2\ C2+ @1\ A0\ D4\ @2/ C3/ D4+ F4+ F5\ B4+ C5/ A3+ E5+ B6\ G5\ E1/ F6+
8x8Trax_2173887 spitfire vs. forget me not : @0/ A2\ B2\ B3+ B1/ C1/ A0\ @1\ C0+ @1\ B0/ B4/ A4/ @2\ E1\ F6\ G5\ A6/ F7\ A7\
8x8Trax_2173888 forget me not vs. spitfire : @0+ @1+ A2\ B0/ C1+ A1\ A0\ B5/ C5\ B6/ D4/
8x8Trax_2173889 spitfire vs. YankeeFan : @0+ @1/ A0\ @1\ A0+ @1+ @1/ A2/ B3/ F3\ E1/ E4+
8x8Trax_2173890 YankeeFan vs. spitfire : @0/ B1\ A2/ A3/ B2+ @2/ C4\ D4\ C0/ D2\ E2\ C6+ E1\ E0/ F3\ A5+ @5/ F7\ B6+
8x8Trax_2173891 spitfire vs. chaosbreaker : @0/ A2+ @1\ A0+ B1+ B0/ @3\ C5/ @3/ A4/ B1\ C0+
8x8Trax_2173892 chaosbreaker vs. spitfire : @0+ B1+ C1/ C0\ B3/ B1+ B0\ A1\ @1\ E2/ D1/
8x8Trax_2173893 forget me not vs. YankeeFan : @0+ B1\ B2+ @1/ B3/ A3+ @3\ A2\ B0+ @3+ E4+ C5\ F4/ A5/ D1+ C6/
8x8Trax_2173894 YankeeFan vs. forget me not : @0/ B1\ A2/ @2+ D1/ D0/ A4+ B4+ C4+ C5\ D5\ E3/ D6+ E2+ B6/ B7/ D7+ D0\ B2+ B1\ @1+
8x8Trax_2173897 YankeeFan vs. chaosbreaker : @0/ A2+ @2+ A3+ A1\ B0/ @3/ C4\ D2/ D1+ C5\ E4\ F4+ F5\ F6\ C6+ D0\ D8+ B1\ A7/ A8+ @5/
8x8Trax_2173898 chaosbreaker vs. YankeeFan : @0+ @1/ B0+ B3+ C2/ C0\ D2/ D1/ B0/ B6\ C6\ D4+ A3+ E4+ D6/ @5\ F5+ G3\ B6+ @4+ C2+ H5+ H6\ H7+
8x8Trax_2173899 dgb vs. violet unicorns : @0/ B1+ C1/ A0+ B3+ @2/ B4+ D3\ E2\
8x8Trax_2173900 violet unicorns vs. dgb : @0/ @1/ B0/ @1+ A0+ A0/
8x8Trax_2173903 dgb vs. drgnrdr : @0+ @1\ C1\ B2/ @1\ C0/ A4/ @4\
8x8Trax_2173904 drgnrdr vs. dgb : @0/ A0+ B2/ A0/ C3/ B0+ @4/ D5+ A6\ D6\ E6\ @5\ C6+
8x8Trax_2173905 violet unicorns vs. Resigned : @0/ B1+ A2/ C1+ D1/ D0/ E2/ @3+ C1\ C0/
8x8Trax_2173906 Resigned vs. violet unicorns : RESIGN
8x8Trax_2173907 violet unicorns vs. drgnrdr : @0/ A2+ A3/ @2\ @2/ D3/ E2/ @2/ @2+ A1+ @1\ B0/ A3/ D4+ D5/ G5\ H4\
8x8Trax_2173908 drgnrdr vs. violet unicorns : @0/ A0+ B2/ @1/ A2/ A3/ C4/ @2/ A3/ @3+ B4/ D0/ D6+ D7/ F4+
8x8Trax_2173909 Resigned vs. drgnrdr : RESIGN
8x8Trax_2173910 drgnrdr vs. Resigned : @0/ RESIGN
8x8Trax_2174405 Phil The Hat vs. Sir Gamesa-who of the oldT : @0/ @1\ B0\
8x8Trax_2174612 Morticia vs. faith64 : @0/ A2+ @2+ B3+ C2+ B4\ C3\ D3\ C4\ C5\ D5\ D1+ A4\ @2\ A5/ @5/ C6/
8x8Trax_2174627 ejd vs. s_strum : @0/ B1+ A0/ C2\ B3/ B4/ A4/ @3\ A2+ @3/ F2/ F1/ E0/ E0/ F2/ F1+ G1/ C2+ G2\ H1/ E0/ E0+
8x8Trax_2174679 gquadro vs. marygal : @0/ A2\ B1/ B0/ A0+ @1\ @2\ B4+ @2+ C5/ @3/ D6\ A5\ C6/ D7\ G3+ F4\ C1\ F0\ G2+ E8+
8x8Trax_2174879 Geri39 vs. marygal : @0/ B1\ A2/ @2/ C2\ C3\ D1/ D0/ A4\ A1\ @1\ D0+
8x8Trax_2174941 * vs. Brazil : @0/ B1\ A2/ @2/ @2+ D2+ B3/ B4+ C5/ E3+ F4/ E2+ C6/ E1+ A4/ @4/ H6+
8x8Trax_2175058 DavidJ vs. marlisam : @0+ @1\ A2/ @2/ @2/ D2\ C3/ A3\ E1+ D0\ A2\ A1/ @2/
8x8Trax_2175092 JiffyJeff vs. marygal : @0/ B1\ A2+ B2+ A3/ @3/ D2+ E2\ @3+ D3+ D4\ E4\ C5/ B1+ F3\ B5+ @3+ B4+ @3+
8x8Trax_2175839 supermac vs. dgb : @0/ @1/ B0/ B0+ C3+ B4\ C4\ D2/ D1/ C5\ D5\ E1/ B0/ E6+ F3+ E7/
8x8Trax_2175840 dgb vs. supermac : @0/ B1\ A2/ @2/ B0+ B4+ C3\ D3+ E2\ C4\ E1/ F3/ B0\ @2\ @2+ A1\ A0\ E7+ E1+ B0+ E1+ F8+ G8\
8x8Trax_2175841 supermac vs. fjord : @0/ @1/ B0/ @1/ D2+ B3/ A3/ A4/ E2/ C5+ C6/ C7/ @1+ C0/ @4+ E1+ B8+ A8+ @5/ B7+
8x8Trax_2175842 fjord vs. supermac : @0+ @1/ B2\ B3\ C3\ D3+ B4+ D0/ E2\ E1+ C0/ E4\ F2/ G2+ E1+ G5\ G6\ H4\
8x8Trax_2175843 supermac vs. jaha : @0/ A0/ B1/ C2+ A3/ D2/ @1+ B0\ B0\ A1\ @1\ @2+ E0/ F1+ B0\ A1\ @3/ B6+ G8\ H8\ C7/ C8+ A6/ A8+ G3+ H3+ H2/ G1+
8x8Trax_2175844 jaha vs. supermac : @0/ A2\ B2\ B3\ @3\ C1+ D3\ D4\ E1+ F1+ C0/ D0+ F6\ E7/ G4+
8x8Trax_2175845 supermac vs. bigdan409 OTWP : @0/ B1\ A2/ @2+ A3/ @2+ A1+ A0\ B5/ C4+ @1\ C0/ A6/ @4+
8x8Trax_2175846 bigdan409 OTWP vs. supermac : @0+ @1\ A0+ C2/ B0/ C1+ D1/ D0/ @3/ A5/ @3/ D5\ E6/ B2+ A5/ @5/ C1\ A1+ @3\ C0/ D0\ B8+ A4\ E2+ H2+ A8/
8x8Trax_2175849 dgb vs. jaha : @0+ A0/ A3\ B2/ @3\ D3\ D4\ B4+ @4+ E5\ F2+ F1/ A5/ D6\ @4\ @4\ A2+
8x8Trax_2175850 jaha vs. dgb : @0/ @1/ A0/ @2+ B0/ B4\ B0\ C3+ D3/ E2\ D4+ B0\ C2+ F3+ C0/ D1/ G1+ F0/ B1\ A1+ E8+ RESIGN
8x8Trax_2175853 fjord vs. jaha : @0/ @1/ A2+ A3/ A4/ C1+ C0/ A1\ @3\ C0/
8x8Trax_2175854 jaha vs. fjord : @0/ A2\ B2\ @2\ B0+ B0\ A5+ B6+ @3+ A5/ @5+ B6\ A1\ @2+ B0/
8x8Trax_2175857 jaha vs. bigdan409 OTWP : @0/ A2+ A3/ A4/ B2\ @4/ D1/ C0\ D5\ A1\ D6/
8x8Trax_2175858 bigdan409 OTWP vs. jaha : @0+ A0\ A3/ @2/ A3+ @3/ A2+ B0+ A5/ @5/ C0\ B0/ C0\ D1+ E3/ A4+ @5+ @5/ B6/ B8/ A7/ B4\
8x8Trax_2175893 dingbat vs. drgnrdr : @0/ B1+ C1/ B2\ B3/ B4/ C3+ @1/ B3+ @3\ B4+ D5/ C6\ A5+ @4+ G4/ C7+ A6+ H3\ F7+
8x8Trax_2175936 Linda Sue vs. furryfeet : @0+ B1+ C1\ B0/ D2\ B0/ D4/ C4/ @3\ C4/ B2\ B1\ C0\
8x8Trax_2176125 Marko vs. Azalea : @0+ A0/ A3\ B3\ B4\ C1+ @2\ A3+ @1\ B0/ A3+ @4\ C6+ B6/ B7/ A6/ @6+ E7+ H5/ G7\ G8\ A2+ A1\ E8\ H8\
8x8Trax_2176137 Geri39 vs. Dragon101 : @0/ A0/ B2/ B1+ C2+ A3+ D3\ B4+ D2+ D1/ E2\ E3+ F1/ E0+ G3\ G4\ G1/ H3+ F0\
8x8Trax_2176450 hoot vs. drgnrdr : @0/ @1/ B0+ A3\ A0\ @4\ @4/ B5\ C5+ A2\ B1+ @3/
8x8Trax_2176635 countrygirl 752 vs. FujiTape : @0+ B1\ A0/ C1/ C0+ C4\ D3/ @3/ A4/ B5+ B6\ B1\ D0/ A3\
8x8Trax_2176637 countrygirl 752 vs. FujiTape : @0/ B1\ @1/ B2\
8x8Trax_2178213 golfnutrof vs. B Line electric streetcar : @0/ A0/ @1+ A0\ C2+ B4+ B5\ A0\ @3/ @2+ D7/ C6+ C7+ B7/ A4+ @1/ D8\ F8+
8x8Trax_2178266 Honeybear vs. dingbat : @0/ A0/ @2+ @2/ C3\ D2\
8x8Trax_2178319 Keizer Soze vs. * : @0/ B1+ C1/ C0+ C0\ A2+ B4\ D4+ A5/ @5/ @5/ C6+ C7\ D8/ E6+ F6\ G7/ B1/
8x8Trax_2178358 violet unicorns vs. LadyBabyJane : @0/ A2\ @2+ C2/
8x8Trax_2178962 DavidJ vs. SilentBob : @0+ @1+ B0\ A3/ A0/ B4\ B5\ @3\ D1/ C0\ @1\ B0/ @3+ E1/ F1/ B1\ E8/ B6/ D7/
8x8Trax_2178963 DavidJ vs. JiffyJeff : @0+ @1\ A2/ @2/ @2/ B3\ @3/ A4/ B1\ A2+ A1+ @2/ B0/ D5\ C6+ D0\ F0/ G1/ B2\ A2+ B8+ A8+ A7+ @8+ B3+ A3/ D1+ G5\ F7/ G6+ H6\ F8+ G7+
8x8Trax_2179455 heidibb vs. Elvis : @0+ @1+ A0/ B3\
8x8Trax_2180340 keops vs. csain1 : @0/ A0/ A3/ A4/ @3+ C4+ D3+ @2+ D5\ E5\ F5+ F6\ F1/ G2/ E0/
8x8Trax_2180384 Megababe vs. Nancy :
8x8Trax_2182387 Dragon101 vs. violet unicorns : @0/ @1/ C1/ B0/ C1/ D1/ C0+ @3/ A4/ @4/ A5/ @5/ A6/ @6/ D7+ C0\ G1+
8x8Trax_2183656 rogerrabbit vs. YankeeFan : @0+ B1/ @1/ C0/ C0/ A2+ B4\ D1/ E3+ B5\ F4/ D6+ D7\ A6/ D8/ @5/
8x8Trax_2184110 grade1teacher vs. drgnrdr : @0/ A0/ @1/ @1/ @1/ C0+ A3/ C0/ B1+ E1/ C0/ E5\ B6+ F3\
8x8Trax_2184156 YankeeFan vs. paganje : @0/ B1\ B2\ A2+ C1/ B0+ D3\ C4+ A4+ @2/ E4\ D5+
8x8Trax_2185094 - LionHeart - vs. violet unicorns : @0/ B1/ A2\ B2\ A0\ C2/ B0\ A1\ @2\ A1\ D4\ E4\ E5\ F5\ A4/ A5/ @3\ A2\ @2\ D0\ A2/
8x8Trax_2185628 Jump This vs. Dawn : @0/ A0/ A3/ A4/ B3/ C3+ @1/ E3\ D5\ D2\ A0\ @2+ C0/ D1/ A1\ E3/ A0/
8x8Trax_2185817 violet unicorns vs. LilSis : @0+ B1\ B2+ B3/ C3+ @1/
8x8Trax_2185847 Honeybear vs. dboy97 : @0/ @1/ B0+ @2/ @2+ C3+ E1/ E2+ C4+ F1+ D0+ E5\ F5\ G5\ D0+ D7+ D0\ G4/ @5+ C3+ B2+ G3+ F2/ G1\ B6/ B7/ B1+ A4+ B8+ H1+ DRAW
8x8Trax_2185881 LadyBabyJane vs. Dragon101 : @0/ @1/ A2/ A3/ C1\ C2\ B0/ @2+ @2\ C0+
8x8Trax_2185921 babygrl vs. marygal : @0+ @1+ B2/ A0\ @3\ B4\ D4\ C5+ D5+ C6/ B6\ @3/ A2\ @3\
8x8Trax_2186158 Elvis vs. YankeeFan : @0+ @1/ A0/ C2\ A3/ D2\ B4/ D1/ E2\ C0\
8x8Trax_2189947 MountainMist vs. violet unicorns : @0/ @1\ B0\
8x8Trax_2190083 violet unicorns vs. LadyBabyJane : @0/ B1\ B2+ A2+ A3/ @3+ C3\ C4\ A1+ @3\ B0/ E4\ C1/ E1/ F2+ D0/
8x8Trax_2190163 marygal vs. stitcher : @0/ B1\ A2/ @2\ C2\ C3\ @2/ A3/ E1/ E0/ B2\ C1+ F1/ E0\ A2\ @2\ D1\
8x8Trax_2191822 Sista vs. Lady Ehlana : @0+ B1+ B2/ B0/ C1/ D1+ B0+ A1\ @1+ B0/ C1/ @3+ B1+ G3+ C0+
8x8Trax_2191907 marygal vs. Welcome Connor : @0+ B1/ C1\ B2/ C0\ D2/ D1/ D0/ E3\ E4\ B1+ C4+ B5/ E5/ @3\ E0/ G4\ H3\ A6/ H4+ B7/
8x8Trax_2192143 violet unicorns vs. Megababe : @0+
8x8Trax_2192669 ejd vs. s_strum : @0/ A2+ @1\ A0\ C3\ B4\ D3/ B1/ A0\ @3/ B4+ A4+ A5/ B6/ B0/ @6/ D1\
8x8Trax_2193417 rogerrabbit vs. YankeeFan : @0+ B1+ B2/ B0/ @3\ A4+ A5/ @3\ A6\ A1\ A0+ @3\
8x8Trax_2193722 Sista vs. Lady Ehlana : @0+ B1+ B2+ C2/ @1\ A0\ @1\ C3+ E4/ F4\ E5/ A3/ @2\ A1\ C4+ C0/ C0+ D1/ E2/ A5+ D0/ @5+
8x8Trax_2193727 Sista vs. Lady Ehlana : @0+ @1+ B0+ @2\ A1\ C0/ C0+ B5/ D3+ D4\ E4\ E5\ B6/ @3+ F6+ C7/ G6/
8x8Trax_2193881 Nancy vs. YankeeFan : @0/ B1\ B2\ C2+ B3/ A3/ @1\ C0\ D0/ E2\ A2+ A5+ B6/
8x8Trax_2193901 drgnrdr vs. tjancira : @0/ A0/ A3/ B2+ A4/ @4/ D1\ C0\ @2+ E4+ @4+ A6/ @6/ H5\ D6+ D7\ F0+ H2+ A5\ E1+ B2+ DRAW
8x8Trax_2193924 paganje vs. dingbat : @0/ A0/ B1+ C1/ C0/ A4+ A5\ @4/ A3+ @2/ C1\ C0\ B2\ A2\ @2\ F1/ D0+ @3\ C2\ F1/ G1+ E0+ B3+ G8+ H4+ B6+ C8/ B8/ A7+ G1+ C1\ B1\ A8+ DRAW
8x8Trax_2193979 Geri39 vs. Dragon101 : @0/ @1/ B2+ C1/ C3+ D2+ B3+ B4+ A3+ B5+ A4+ B6+ A5+ B7+ D4/ E3/
8x8Trax_2194005 violet unicorns vs. ERIN MIA : @0/ A2\ @2/ C1\
8x8Trax_2194032 fjord vs. purplehawke : @0/ A0/ B1+ C1\ @2/ A3/ C0/ B1+ D5\ E4/ D0/ E3+ B7+ @4+ A6+ C8/ @4/ A3+ D1+ H3\ F8+ G8\
8x8Trax_2194187 Traxplayer vs. SilentBob : @0/ B1\ A2/ A0/ @2+ C0/ D3+ B5/ A1\ B0\ @2/
8x8Trax_2194436 Morticia vs. dingbat : @0/ A0/ @2+ @2/ D1+ C0/ D4\ E3/ A2+ C0/ E2+ @3/ A2+ C0/ @3\ A5+ B6/ H3/ H1+
8x8Trax_2194554 Traxplayer vs. Lady Ehlana : @0/ A0+ A0\ @1\ A0\ @4+ @3+ B5+ A5/ @5+ C6+ D0\ A1+ @3\ C0+
8x8Trax_2194884 Cachel vs. Morticia : @0+ @1+ B2/ A0\ B4\ C3\
8x8Trax_2194885 Cachel vs. Morticia : @0+ @1\ A2/ @1\ A2+ A3/ @1\ @1+ C0/ E1+ F2\ C0+ C6\ D6\ E4+ A6/ B7\
8x8Trax_2194886 Cachel vs. Morticia : @0/ B1\ A2/ @2+ D1/ D0/ C3\ D4/ B1+ @3+ A1\ C0\ @4+ C5/ F6/ G5\ G6\ @4+
8x8Trax_2195810 Sweetcheeks vs. Rand al*Thor : @0/ A2\ B2+ B1+ C2\ C3\ A0\ @2/ D5\ D2+ B5/ E3+
8x8Trax_2195828 STrek vs. grade1teacher : @0+ @1/ A0/ B3+ C2+ C1/ B0+ C1/ @2+ D0+ E1+ E2+ F1+ F3/ B1/ B0\ A1\ @4\ A3\ C7\ B6+ A5+ @5/ A7\ A8\ G1/ A2+ F7\ E8+ G7+ DRAW
8x8Trax_2195885 DIRKSTRA vs. * : @0/ A2\ B1/ B0+ A0/ @1+ @2+ @3\ A4+ C5/ F2+ A5/ @3\ @2/ A1+
8x8Trax_2195945 marygal vs. Sonya : @0/ @1\ A0/
8x8Trax_2197070 Sista vs. Lady Ehlana : @0+ B1/ B0/ C1+ C0\ B4\ D2\ C0+ C5\ B1\ B6+ A5/ @5/ A6/ C7\ A3\ @3/
8x8Trax_2197087 TaUrUsRoSe vs. hANDYman the Rebel : @0/ B1\ B2\ A2+ B3\ @2+ D2/ C4+ A3+ B5+ C0/ D1/ C6\ D6\ E5\ E1/ A2\ A1\ A0\ A8/ @7\ E8+
8x8Trax_2197118 rogerrabbit vs. YankeeFan : @0+ B1\ @1\ C2\ @1/ A2/ C3\ E2+ B4+ @4/ A5/ A1\ @3+ C0\
8x8Trax_2197209 karosel MIA vs. hANDYman the Rebel : @0+ B1+ C1/ @1/ E1\ C2\ @1\ C0\ D4\ B3/ D5/ C4+ F4\ F5\ @3/ F6+
8x8Trax_2197350 Trist vs. hANDYman the Rebel : @0+ B1+ B2/ B0/ @3\ B4\ D3\ A5/ @4\ C6\ D6\ E6\ A3\ F5+ A5/ @6\ G7/ H5/ E8/ F2/ F1/ G1/
8x8Trax_2197552 rogerrabbit vs. Whistler Gandalf : @0+ A2+ @2/ C2\ C3\ B4+ B5/ D4\ C5+ D5+ C6/ D3+ E2\ E5\ F5\ E1+ D6+ F4+ B6+ B7/ F2+ G3+ G4+ H3+
8x8Trax_2197705 rapscallion vs. hANDYman the Rebel : @0/ B1\ A2/ A3/ B3/ A4/ @4+ @3/
8x8Trax_2197801 * vs. marlisam : @0/ A2\ B2\ B1+ B0+ C2/ C4/ D2/ B0/
8x8Trax_2198041 crow57 vs. Dawn : @0+ A0+ A0+ B2\ @2\ B0/ C1+ D3\ A4/ @2/ C5/ A1\ A0+ @3\
8x8Trax_2198504 * vs. kleese2 : @0/ B1+ B0+ C2+ B3+ B4/ @4+ @4/ D5/ E4+ F4/ C6\ F6\ G6\ F7/
8x8Trax_2198563 * vs. Granny Walrus : @0/ @1\ A0/
8x8Trax_2198716 * vs. GornTC : @0/ B1\ B2\ B0\ C2+ D1\ D0+ C0+ @4+ B1\ C0/ E2/ F1\ G3+ G5/ E6+ E7+ D0+ H3\ F8\ G8\ H6+ B7/ A8\ B2+ DRAW
8x8Trax_2199187 * vs. Holly53 : @0/ A2\ B2\ B3+ C3+ B4\ @3\ C1+ D1/ E2/ A4/ @3\ C5\
8x8Trax_2199191 * vs. ladylover : @0/ B1\ B2\ C2+ A0/ @1\ B0+ A1+ A0\ @4/ A5/ F5/ C5/ C6/ @4+ A2\ @3\
8x8Trax_2199224 * vs. Traxplayer : @0/ @1+ @1+ @1\ B0+ D1/ B0+ A4/ @2/ E4\ F2+ C0/ D5/
8x8Trax_2199228 * vs. jmac : @0/ A2\ B1/ @2/ A3\
8x8Trax_2199246 FujiTape vs. hANDYman the Rebel : @0/ B1\ A2/ A3/ A4/ B2+ @4/ B5+ C0/ D2\ B1+ @3+ @3\ B0+ C8/ B7+ D8\ F7\ G4/ H3\ F8\ G5+ F2+ B8/ A5+ E1+ H6+
8x8Trax_2199248 FujiTape vs. Catmane : @0/ B1+ @1\ A0\ A0\ A4\ B1/ B0/ B6/ @6+ @2\ C1\ B0/ A7+ B8/ @4\ A3\ @4\ A3+ @5+ A3\ A2+
8x8Trax_2199266 Rand al*Thor vs. YankeeFan : @0/ B1\ A2/ @1+ @1\ A0\ @1\ C0/ A4/ @2\ C5\
8x8Trax_2199310 Honeybear vs. ScoobyRex02 : @0/ A2\ B1/ B0+ A4/ @2/ @1\ B0/ @3/ A4/ B5/ E4+ @4/ A5/ D6+ E7/ G2/ A1\ @5/ D0+
8x8Trax_2199466 * vs. darkest angel 70 : @0/ A2+ @2+ C1\ B3/ C2+ D2+ E2+ @2+ D0\ @3+ F1/ H3+
8x8Trax_2199605 csain1 vs. hANDYman the Rebel : @0/ B1\ A2/ A3/ A4/ B2+ @4/ B5+ @1+ B0\ B0\ A2\ D1/ E3\ C0/
8x8Trax_2199607 csain1 vs. heidibb : @0/ B1+ C1/ A2+ B3/ C3/ C4/ C0/ D1/ E3/ B0/ D1/ E1/ @3/ B6/ A6/ @4\ H4\ C7+
8x8Trax_2199619 TaUrUsRoSe vs. heidibb : @0/ A2\ B2\ C2\ A0\ @2/ C2+ E3\ F3/ D4+
8x8Trax_2200126 Traxplayer vs. darkest angel 70 : @0/ B1\ A2/ B2+ @2\ A1+ B0+ C1+ B4+ A4+ @3+ A2+ B5\ @3/ @3/ C5/ E6/ @3/ G6\ G7\ H4\
8x8Trax_2200150 rapscallion vs. heidibb : @0/ A2+ @1/ B3\ C2\ @1\ C0+ E3\ D4\ F2/ E1+ E0/ F1/ G3\ E0+ D7\ F6/ B7/ D1+ A6\
8x8Trax_2200151 rapscallion vs. Chef Jeff 1 : @0/ B1+ @1\ A0+ @2\ C1/ D3\ C0+ D1+ B4+ C5+ D0\ E2+ E1+ F1/ C0/ B2+ D0+ E7/ F4+ F5+ G5\ F7+ G3\ H4/ H2+ C1+ A1+ E8+ H7/ A4+ H8+ H1+ A8+
8x8Trax_2200413 TaUrUsRoSe vs. Chef Jeff 1 : @0+ @1+ A2\ A0\ B1+ C2+ @1\ A0\ @1\ A0\ @2/ A3/ C5+ @3+ @3/ A4/
8x8Trax_2200419 TaUrUsRoSe vs. * Sassy_Angel * : @0+ B1\ C1/ C0/ @2\ A1+ D0/ C0+ A2+ @2/ C5/ C6+ B6+ C0+ D1+ C0+
8x8Trax_2200530 Trist vs. heidibb : @0+ B1/ B2\ C1/ B3\ @1\ B3/ B0+
8x8Trax_2200531 Trist vs. Chef Jeff 1 : @0+ B1+ A2\ B0/ C1+ @3\ D3+ B4+ B5/ @5+ F2+ E0+ D5\ A7\ @5/ D7\ D8\ E8\
8x8Trax_2200532 Trist vs. * Sassy_Angel * : @0+ B1\ B0/ C2\ C3+ A1\ A0\ D4+ E4/ D3+ C2+ B5\ E5\ D6+
8x8Trax_2200560 csain1 vs. Chef Jeff 1 : @0/ B1+ C1/ C0+ B0/ A2+ B0/ @3\ B0+ @1+ A4+ C6+ D0/ E1/ F4+ C8+ @2/ B1+
8x8Trax_2200563 csain1 vs. * Sassy_Angel * : @0/ B1+ C1/ C0+ A1+ @2+ D3/ E1/ E2+ F2\ F4+ C4+ G2+ D5\ E0/ G5\ A1/ E0+ @3/
8x8Trax_2200591 angelo vs. FujiTape : @0+ @1\ C1+ D1/ E1\ D2/ B2+ D3\ A2+ E3/
8x8Trax_2200793 karosel MIA vs. heidibb : @0/ A2+ @2+ B3\ A3/ C2+
8x8Trax_2200794 karosel MIA vs. Chef Jeff 1 : @0/ A2+ @1\ B0/ A3+ @2\ @2+ C4+ @3/ A4/ A2+ D1\ E0/ C2+ B2+ C1+ A2+ C0+ D7\ E7\ @3+ G5+
8x8Trax_2200795 karosel MIA vs. * Sassy_Angel * : @0/ B1+ A0\ @2/ C1+ A1\ @1\ A2+ @1/ C3/ D4+ F2\
8x8Trax_2200856 Sista vs. Lady Ehlana : @0+ B1/ B0+ B0\ @3/ A4/ A2\ @2\ D4+ B1+ C5+ E3\ C6/ A4\ E4\ E2/ F2/ B0\ @2\ A3+ @2\ D0/ B2+ B1+ B6+ E1/ F2+ A6+ B7\ F1+ F8+ H1/ H7/
8x8Trax_2201047 rapscallion vs. * Sassy_Angel * : @0/ B1+ B2/ C1\ C3+ D3/ A3+ @2/ E2/ B4/ F1\ @3/ D0+ A5+ E1+ G5+ H4+
8x8Trax_2201372 Elvis vs. YankeeFan : @0+ @1/ A0/ B3+ C3\ B4\ @3/ A4/ A5/ A1\ B0/ @5+ @6+ B3+ B7\ F7\ A5+ F8/
8x8Trax_2201374 FujiTape vs. heidibb : @0/ A2+ @1\ A0\ A3+ B4\ C2/ B1+ C0/ D1/ @2\ A1\ B0+ @4+ C6+ C7/ B6/ D0\ F5+ G3/ H3/ F2+
8x8Trax_2201380 FujiTape vs. Chef Jeff 1 : @0/ B1+ A0\ @1\ @1\ C3/ A2/ @1\ @1\ D3+ A2/ @3\ D0+ E5\ G2+ E0\ H3/ H4\ B1\ C0\ A3\
8x8Trax_2201388 FujiTape vs. REBEL DJ : @0/ A2+ @1\ B0/ B0/ A4/ @4/ B1/ C0/ D2\ D3+ E2+ E3+ F2/ G2/ E5\ D6/ F5\ F6/ C7/ D7+ C0+ B8/ G7\ G8\ A4\
8x8Trax_2201392 FujiTape vs. * Sassy_Angel * : @0/ B1+ A0\ @2/ @2/ D1+ A1\ @2/ D0+ C4/ B4/ D5\ B0\ A1\ C0/ D2+ D1+ E1/ F3\ A7\ C8+ G3\ F5+ H4\ F6+ H5+ E7+
8x8Trax_2201661 * vs. Missing 16359 : @0/ A2\ B2\ B3+ B4/ @3\ A2\ @2\ E4/ E5\ F4/ C5/ C6/ B0+ F3/ F2/ E1+
8x8Trax_2202396 arthur vs. DarkHoney : @0/ A2\ B1/ B0+ @2+ A3+ D1+ C0+ @3+ @3\ A2\ B1\ @2+ @2\ A1\
8x8Trax_2202481 countrygirl 752 vs. Resigned : @0/ B1/ @1\ B0/ C3\ D2/ D1+ E1/ C0\ E1+ C5/ C0/
8x8Trax_2202525 Nan54 vs. Nancy : @0/ @1\ B0\
8x8Trax_2202802 keops vs. Resigned : @0/ A2+ A3/ @3/ C2+ D2/ E1\ F1\ A4/ @2\ A1\ A0\
8x8Trax_2204728 keops vs. Phil The Hat : @0/ A0+ A0\ @3/ A4/ @4/ A5/ @5/ A6/ @6/ A7/ @4+ A0+ @2+
8x8Trax_2205140 Honeybear vs. bcurb OTF : @0/ @1/ A2+ @1\ A0\ A3+ @2/ B0\ B5/ A5/ @4+ D2/ @3+ G3/ G2/ F1/ D0\ G2+ H4+ G6+ F7\ H2/ F1/ G0+
8x8Trax_2206523 Goonerg vs. tjancira : @0/ A0/ @2+ A0/ @3\ B0/ C2+ D4\ C5/ A0\ @3+ @4\ B5+ @3\ B2+ E0/ F1/ G4/ H3\ B2\ A1/ D0+ G8+
8x8Trax_2206524 csain1 vs. drgnrdr : @0/ A0/ A0/ @1/ B0+ C3+ C1/ D3/ C5+ C6/ D4+ E5/ D6+ F4\ E2+ F7\ G5/ B7/ A4/ D1+ @6/ A7/ A2+ E0\
8x8Trax_2206609 Dave (UK) vs. supermac : @0/ B1\ A2/ @2/ A3/ C3\ B4/ D3+ E2+ E3\ @2+ A0+ E5/ C6+
8x8Trax_2206639 misci vs. Megababe :
8x8Trax_2206659 violet unicorns vs. Pegasus : @0/ A2\ B1\
8x8Trax_2208505 * vs. gertess : @0/ B1\ A2/ @2/ B0/ D1/ D0/ A5\ @4+ @2\ C1+ E0/ B6/ C7+ G3+ C1\ C0\ A7\ @6+
8x8Trax_2209861 Sista vs. Lady Ehlana : @0+ B1+ C1+ D1\ C2/ B0\ E3/ A3+ C4\ D4+ F2\ E1/ B0\ F2+ @3/ D0+ E7/ B6/ G2/ H4\ B7\ G1+ F0/ H2+ B2+ B1+ A2+ A1+ H1+ F8\ G8+ DRAW
8x8Trax_2209995 hayleesam vs. Honeybear : @0/ A2\ B2\ B3+ B4/ @3+ @3\ B5/ A5/ @4+
8x8Trax_2210173 FujiTape vs. Sonya : @0/ A2/ B1/ A0/ A0/ B2+ @2\ D3/ C0/ A2+ D2/
8x8Trax_2210386 s_strum vs. ejd : @0/ B1\ A2/ B2+ A3\ C2/ @1\ A0\ @3/ A4/ @4/ C5+
8x8Trax_2210474 Sista vs. Lady Ehlana : @0+ @1+ C1+ C0/ D1\ D2\ A3\ B1+ B0\ A1\ @1+ B0/ C1/ @3+ B1+ @3+ D0+
8x8Trax_2211387 rogerrabbit vs. spitfire : @0+ B1+ B2/ B0/ @2/ D3\ B4\ @4/ B5\ E2+ C5+ F2\ D5+ F3+ E4+ @3\ A2\ A1\ E0/ @5/ A6/ C0+ G8/ H7\ C7+ D8\ G1/ H2\ B8+ A2\ A1+ H8\ H1+
8x8Trax_2211491 rogerrabbit vs. spitfire : @0+ B1\ @1\ C2+ D1\ C0/ B1+ E3\ D4/ D1/ C0+
8x8Trax_2211660 paganje vs. * : @0/ A2\ B1/ A0+ @2/ B0/ @2\ A1\ C0/ D5+ E2+ E4\ F3/ G2\ F1+ E0+ E6+ D7+ H2/ H1/ E0/ F6+ B2/ H5\ H6\ G7+ H7\ H8\
8x8Trax_2212336 ERIN MIA vs. Dragon101 : @0+ A0+ B1/ B2+ B0+ @3+ D2\ D3\ E3\ E4\ F2/ E1\ D5\ @3+ D6/ C5\ F6\ E7/ F7\ F8/
8x8Trax_2212577 * vs. darkest angel 70 : @0/ A2+ @2+ C2\ C3\ C4\ D1+ D0/ E5+ E2/ F4+ A5/ A6/ C0\ B2+ E1/ D0\ A3\ G6+ @5+
8x8Trax_2212661 Jane vs. drgnrdr : @0/ A0/ @2+ A0/ @3+ A1\ B0+ B0\ A2\ A1+ @2+ D2\ E3/ D1+ F3+ D0+ C7\ F2/ F1/ D8/ G2+ H2\ H5/ B8+ H7/ A2\ DRAW
8x8Trax_2212732 * vs. Geri39 : @0/ B1\ B2\ A2+ @2/ B3\ @2/ D3\ A1\ B0\ @3\
8x8Trax_2212733 * vs. Phoenix : @0/ B1\ B2\ A2/ A3\
8x8Trax_2212794 dgb vs. YankeeFan : @0/ B1\ A2/ @2+ B0+ @3+ E2/ E1/ F1/ F0/ F4\ F5+ G3\
8x8Trax_2212795 YankeeFan vs. dgb : @0/ @1/ B0+ @2+ C0\ B4\ @3/ A2+ D4+ A4/ C5\ @2\ D0/ @1\ B0+ @3/ A4+ A6/ C7\ @5+
8x8Trax_2212796 dgb vs. Rogue Trooper : @0+ A0/ @2\ B3/ B0\ C4/ D3+ C1+ E3+ E1/ E0/ F3+ B1\ B0+ @5\ B2\ D7\ E7\ A7/ C8/
8x8Trax_2212797 Rogue Trooper vs. dgb : @0+ B1+ A0/ A3/ @3/ @3+ @2/ @3\ F3+ D4/ @2/ C1+ D0+ A5+ D6/
8x8Trax_2212800 Beaupol vs. YankeeFan : @0+ B1\ A0+ A3+ @1/ C1+ B0+ C5/ C1+ B6/ A6+ B7/ C6+ @7/ B8\ E6/ E7+ B5+ A5\ @6/ A4+ B8+ A2\ A1+ @2/
8x8Trax_2212801 YankeeFan vs. Beaupol : @0/ B1\ B2\ C2+ A2/ B3\ @1\ B0/ C5\ E3+ @3/ B4\ @3/ A1\ RESIGN
8x8Trax_2212802 Beaupol vs. Rogue Trooper : @0+ A0/ B2+ A3/ @3+ @2/ B1+ C4/ E2/ D0+ E4+ F4\ F2+ D6\ E6+ D0+ A2\ @2\ D2\ B6+ E8+ B1+ F1+ @2/ B3+ A4+ B6/ D7+ A6/ A8+ H7+ H8+
8x8Trax_2212803 Rogue Trooper vs. Beaupol : @0+ @1+ A0/ A3/ @3/ @2/ @2/ A1+ B0+ B4+ D1/ D0/ F4/ A2+ @2+ D1\ C0/ C0/ H3/ F2\ B2+ A5/ A1\ B0+ A1\ G2/ H3/
8x8Trax_2212806 YankeeFan vs. Rogue Trooper : @0/ A0+ @1+ B0/ C2+ D2+ C3+ @2+ @2\ A1\ A0+ @2+ @3\ A4+
8x8Trax_2212807 Rogue Trooper vs. YankeeFan : @0+ @1\ A2\ B0+ C1/ B0+ B5/ @5+ D5\ RESIGN
8x8Trax_2212808 YankeeFan vs. chaosbreaker : @0/ B1+ A0\ @1\ A0+ @1\ B0+ B0\ B0\ @2+ D1/ RESIGN
8x8Trax_2212809 chaosbreaker vs. YankeeFan : @0+ @1/ C1/ A2/ B0+ A1+ @1\ E2/ D3+ E0/ F2+ A1\ RESIGN
8x8Trax_2212810 Rogue Trooper vs. chaosbreaker : @0/ B1+ C1/ C0/ C0/ A2+ @3/ @3+ D0+ C5+ @3+ B2\ B1+ E0\ B1+ C0/ B1+ A1\ C0/ B8/ A8/
8x8Trax_2212811 chaosbreaker vs. Rogue Trooper : @0+ A0/ B1/ C1+ @2\ A0+ E2\ E4+ @1\ A0\ C1+ @3/ RESIGN
8x8Trax_2212970 * vs. stitcher : @0/ B1+ B0+ C1/ A3/ B0+ A1\ @1\ C0+ @3+ D0+ C1\ C7+ E2+ C8+
8x8Trax_2213287 * vs. Dougy29 : @0/ @1\ A0/
8x8Trax_2213322 violet unicorns vs. faith64 : @0/ B1+ A2/ C1+ @2\ E1+ A1\ B0/ A1\ A0/
8x8Trax_2213417 violet unicorns vs. c-g : @0+
8x8Trax_2213832 * vs. BL1TZO : @0/ B1/ B2\ B3/ C2/
8x8Trax_2213982 Jump This vs. Traxplayer : @0/ @1/ @1/ @1/ C0/ A0+ @3/ @3+ B4\ A0\ @3/ F1/ C0+
8x8Trax_2213983 Traxplayer vs. Jump This : @0/ @1/ @1/ B0/ @1+ C0/ @2/ @2/ D0+ C0/ B3+ A2+ A6+ A0\ @2/ B0+ A1\ @3+ A4/ A5+ F2+ H4+ H3+ G2/ H1+ H8\ B7/ H5+
8x8Trax_2214151 Sista vs. Lady Ehlana : @0+ B1+ B2/ B0/ C1/ D1+ B0+ A1\ @1+ B0/ C1/ F3+ C0\ @4+ @4/ B6/ D7\ A6+
8x8Trax_2214318 Nan54 vs. Honeybear : @0/ A2\ B1/ B0+ C2\ B3+ @3/ B4\ D3\ C5+ E4/ C6+ F2/ F1/ G3\ F4+ G4\ E6+
8x8Trax_2214427 DavidJ vs. stitcher : @0+ B1\ @1\ A0\ A3/ @2\ C3+ B4+ E2/ E1/ E0/ F1/ C0+ B7+ F5\ E6\ G5/
8x8Trax_2214486 Dark Vamp vs. Jesme : @0/ A2\ @2\ C2/
8x8Trax_2214606 * vs. Jay RAA : @0/ B1+ B0+ C2\ C3\ D3\ A4+ @4/ @3/ F1/ G2\ C5\ E6+ D7\ A2\ B1\ @3\
8x8Trax_2214649 Elvis vs. Jay RAA : @0+ B1/ B2\ C1/ C2+ @1\ C0/ D4\ E2/ E1/ F2/ C0+
8x8Trax_2214776 * vs. Kodez : @0/ B1\ B2\ C2\ A2/ C3/ B3/
8x8Trax_2214812 Elvis vs. Lone Outlaw : @0+ B1/ B2/ @1\ C0/ D3/ D2/ D1/ E1/ C0+
8x8Trax_2214988 Rand al*Thor vs. hayleesam : @0/ A0/ B2+ B0/ C2\ B0/ A5+ @5+ A4+ @5/ C6\ F4/ E6\ D7/ B7\ B8\ @5/ G2/ C2\ B3+ H4/ D8+ C1\ B1\
8x8Trax_2215024 Thud vs. Honeybear :
8x8Trax_2215025 YankeeFan vs. the nutter : @0/ B1+ @1\ A0\ C3\ C1\ B0/ D4/ D3/ E1/ C0\ A1\ C0\ E5\ F5\ C7\ @4+ B1+ G4/ H4+ H3+
8x8Trax_2215108 Sir Pussycat vs. stitcher : @0+ @1/ B0+ B3+ C2/ C3+ B4+ D3\ B0+ B6/ A5/ @5/ B6/ D5+ B2\ A2+ C0+ C0/ D1/
8x8Trax_2215430 Dark Vamp vs. Jesme : @0/ A2\ B2\ B1+ B0/ C3\ D2/ D1/ C4\ C0/
8x8Trax_2215474 Jesme vs. Dark Vamp : @0/ B1\ B2\ A2+ B0/ C1/ @3/ A4/ @4/ D0\ B6+
8x8Trax_2215511 Jesme vs. Dark Vamp : @0/ A2\ B2+ C2/ B1/ B0/ C1/ D2/ C4/ C0/ E3/ D1\
8x8Trax_2215643 Sista vs. Lady Ehlana : @0+ @1+ C1\ A2+ B0/ C3/ @2\ B1\ C0/ A4+ A2+ @2\ F3\ D0/ E6/
8x8Trax_2215858 Nan54 vs. bcurb OTF : @0/ B1\ C1/ B2/
8x8Trax_2218502 Jesme vs. Dark Vamp : @0/ @1\ A0/
8x8Trax_2218677 Jesme vs. Dark Vamp : @0/ A2\ B1/ B0/ @1/ @1/ B3/ B4/ C0+
8x8Trax_2218709 fishinmaw vs. * : @0/ A2\ B1/ C1/ @2+ C0+ @3+ B4/ B2+ D0+ C1+ D5/ E1+ D0+ D0+ C8+
8x8Trax_2219386 Jay RAA vs. Elvis : @0+ @1\ A2/ @2/ D1\ B0\ E2/ E1/ C0\ C0+ B1\ F4+ C0+ E6/ B7/ A5\ @5\ G2/ F7+ G1\
8x8Trax_2219950 STrek vs. Nancy : @0/ A2\ B1/ B0+ C2\ C3\ D3\ B0+ C5+
8x8Trax_2219953 Traxplayer vs. Shariann : @0/ B1\ A2/ @2/ B3+ C2+
8x8Trax_2219962 Jesme vs. Dark Vamp : @0/ A2\ B1/ B2+ B3\ C2/ @2/ A3/ C4\ @2\ B1+ A1+ A0\ @4/ A5/ A6/ @6/ @3/ C7+
8x8Trax_2220084 Jesme vs. Dark Vamp : @0+ A0/ B2+ B3\ A3+ B0/ C2\ B0/ C2/ D2/ E2/ D1\ D3\ A2\ @4\ D0\ A3+ @3\ D0\ C1\ F2/ F1/ E0\ D1+ B2\ C4+ B4\ A2\ A4+ @4\ H2/
8x8Trax_2220260 rogerrabbit vs. YankeeFan : @0+ @1/ C1/ A2/ C0/ @3+ A1/ @3+ A2\ @2\ E0+ C5/ D5+ F4+ G3+ D6+ E6\ E7\ H2/ H1/ F0+ F8/ B3\ B2\ B1\ H5+ H6\ H7+
8x8Trax_2220694 Sista vs. Lady Ehlana : @0/ A0/ B1\ C1/ C0/ C0/ D3+ E3/ B2\ D4\ B5/ F3+ G3\ B6/ A5/ A6+ @5\ E0/ C8+ G3+ C2+ C1\ B1\
8x8Trax_2221130 Kodez vs. * : @0/ A2\ B1\
8x8Trax_2221585 Elvis vs. Rand al*Thor : @0+ A0+ A3/ B1\ @1\ A2+ @1\ C0/ B5\ B0+ @2\ A3+ B6/ C7\ A1\ @2+
8x8Trax_2221721 Traxplayer vs. GlassTiger : @0/ B1/ B0\ C2/ B3+ D2/ C4+ C0\ E2+ A2\ @2/
8x8Trax_2223157 Sista vs. Lady Ehlana : @0/ B1\ B2\ C2\ A2/ A3/ @3+ A4\ D3\ B5/ E3+ C4\ C0\ D5+ F4/ D6\ B7/ E6\ G4+ H4/ H3/
8x8Trax_2223169 SweetCindyJo vs. Dragon101 : @0/ @1/ B0\ A3\ C1/ B0/
8x8Trax_2223350 Tolp vs. Megababe : @0/
8x8Trax_2224927 garfield vs. Sir Gamesa-who of the oldT : @0/ B1\ A2/ B2+ B3/ A3+ A4\ @2/
8x8Trax_2224955 Knight Rider vs. Sir Gamesa-who of the oldT : @0/ B1\ B2+ A2+ B3\ C3\ C4+ A3+ C5\ B5+ D5+ D2/ E3\
8x8Trax_2226118 heidibb vs. Elvis : @0/ B1\ B2\ B0+ B0/ C3\ C4\ D2/ @3\ A2\ @2\ F1/ B1+
8x8Trax_2226405 violet unicorns vs. wreakless : @0/ @1+ C1+ B2\ C2\ C3\ D1\ D2+
8x8Trax_2226713 cocopuff vs. violet unicorns : @0/ A2\ B2\ B1/ C1\
8x8Trax_2226801 Keizer Soze vs. * : @0/ A2\ B2\ A3+ A4/ @2\ @1/ E3/ C5/ E4/ @2\ A0+ E2+ G4+ @4+ B7+
8x8Trax_2227652 Sista vs. Lady Ehlana : @0+ @1\ C1+ C0+ C0+ A2/ D1\ C0\ C5+ B1+ B0/ @4\ D7+ F4/ A3+ E5+ B2\ G3\ F2/ C0/ E2/ E1/ F1/
8x8Trax_2227674 dreamflight vs. Jesme : @0/ A2\ A0\ B2\
8x8Trax_2229485 Sista vs. PHILLY38 : @0+ A0\ A3+ A4+ A5+ B5+ A6+ C5+ A7+ D5/ A8+ E5\ @1\
8x8Trax_2230207 rogerrabbit vs. YankeeFan : @0/ B1\ B2\ C2+ D2/ D0+ D4\ E4\ B0/ E4/ F3\ F1/ G2\ F5+ A1\ RESIGN
8x8Trax_2230227 STrek vs. gingershaz : @0/ B1\ A2+ A3\ B3\ C2\ C3\ D3\ B4/ C5/ E4/ D6\ D7+ F4\ B0+
8x8Trax_2230228 gingershaz vs. STrek : @0/ A2/ B2\ A3/ C1/ B0+ @2\ A1\ E3\ D4+ @4/ B5+ E5\ F5\ G4\ H4+
8x8Trax_2230229 STrek vs. YankeeFan : @0/ B1\ A2/ @2+ A3+ A0\ @2+ C0+ D1/ E1/ E0/ A3+ @3+ E0+ C2+ G1/ F0+ F6\ G6\ B3+ G3+ @4\ A3\ C2+ C1\ A2\ C7/ B7/ A7+ E8+ B1+ F7+
8x8Trax_2230230 YankeeFan vs. STrek : @0/ B1/ @1\ A0+ B1+ B0+ A1\ C4+ D4+ C5+ @3\ B4+ C5+ @4+ D6/ B6+ A5/ D7/ E7\ A1\ E8/
8x8Trax_2230231 STrek vs. cocopuff : @0+ B1\ A0/ @1\ B0+ B0\ A1\ D3/ C2+ B5+ A5/ @2+ @3\ @4+ A6+ @3\ A2\ A1\ C0+ D1+ C0+ A8/ E8+ D1/ F2+ G2/ H3/ F1+
8x8Trax_2230232 cocopuff vs. STrek : @0/ A2/ @1\ B0/ A4/ @3+ @2\ A1+ A0/ B1/ B5+ A4+ A5+ @4\ F4\ F5\ D6/ G2+ F1+ E0/ A3/ B1\ H4/ C0/
8x8Trax_2230233 gingershaz vs. YankeeFan : @0/ B1\ A2/ @2+ D1/ D0/ C3\ B4/ D4\ C5+
8x8Trax_2230234 YankeeFan vs. gingershaz : @0/ B1\ A2/ @2\ A1\ A0\ D2/ D1/ A0\ E3\ D4/ B5/ @4/ G2/ G1/ B6/ A5+ @5/ A6/
8x8Trax_2230237 YankeeFan vs. cocopuff : @0/ B1\ A2/ A3/ B0/ C2\ @2\ A1\ B0\ E3/ E2/ @5/ B6\ B1+ D0/ E2+ A2+ @5+ G1+ E6+ D8+ @3+ C1/ G5+ C7/ B8\ A6\ H5\ H6\ B1+
8x8Trax_2230238 cocopuff vs. YankeeFan : @0/ B1\ A2/ @2+ B3\ C3\ D1/ D0/ E1+ A1\ RESIGN
8x8Trax_2232017 Jay RAA vs. violet unicorns : @0+ @1+ A2+ A3+ A4+ C1+ A0+ A0+ A0+ D4+ A0+
8x8Trax_2232538 angelo vs. FujiTape : @0/ A2\ B1\
8x8Trax_2232543 angelo vs. FujiTape : @0+ @1/ A0\ @1\ A2+ A3/ C1/ @2+
8x8Trax_2232544 angelo vs. FujiTape : @0/ B1\ @1\ B2\
8x8Trax_2232545 angelo vs. FujiTape : @0/ B1\ A2\
8x8Trax_2233711 Jay RAA vs. Honeybear : @0+ B1+ A2+ C1+ @1/ E1+ B0+ F2+ B4+ D1+ B0+ B0\ A1\ @1+ B0+ B0\ A1\
8x8Trax_2233734 Thud vs. violet unicorns :
8x8Trax_2233787 Sista vs. Lady Ehlana : @0+ B1/ C1+ @1\ B0\ A1+ B0/ E3/ B4\ @2/ D1+ E1/ F2/ B1+ F1/ D0\ D0/ C1+ E1+ D7/ G4+ H4/ A3\ G2+ E0\
8x8Trax_2233788 Sista vs. Lady Ehlana : @0+ @1+ B0+ @2\ C3/ D2/ A1\ B0\ @2/ B1\ @2/ @2\ B3/ C0\ D5/
8x8Trax_2234627 * vs. CrazyChick : @0/ @1+ @1/ A0+ A3/ C3\ B4\
8x8Trax_2234739 * vs. darkest angel 70 : @0/ B1+ B0+ A3\ B3\ B4\ C4\ C5\ D4\ E4\ D5\ D6\ E5\ E6+ F4+ G2/ E1+ H3\ H4\ A7/ E7+ E8\ F8\
8x8Trax_2235085 * vs. GlassTiger : @0/ A2\ B2\ B3/ C3\ C4\ D3\ B4/ B5/ B1+ D2\ A3+ @3/ C0+ @4/ G3/ F2+ G2+ F1\ F5\ A2\ A1+ @3\
8x8Trax_2235352 * vs. Cynashmar : @0/ A2+ B1/ A3\ @2+ D2/ D1/ E1/ E0/ D0/ E1/ A3\ D6+ F6\ G5+
8x8Trax_2235382 * vs. GornTC : @0/ B1\ B2\ C2+ C3+ B0\ C5+ @2/ A3/ B4/ A0\ RESIGN
8x8Trax_2235483 keops vs. Jump This : @0/ @1/ C1/ B2/ C3/ D1\ E1\ F1\ E0\ F0\ G1\ F0\ G4\ G0/ H1/ H3+ G6\ F0\ E1\ F8+ E4+ D1\ C1\ C4+ A7/ B8+ H8\
8x8Trax_2235501 tjancira vs. Phil The Hat : @0/ A2\ B2\ B3+ C3\ A0/ D4\ C3+ B5/ B6+ E5+ @5+ A2+ E2/ F3+ E1/ D2+ F1/ G4/ H1+ H0/ C1+ G0+ H7\ H8\ A2+ B1/ D1\ B8/ DRAW
8x8Trax_2235502 * vs. drgnrdr : @0/ A0/ B1+ C2/ C3+ A4\ @2+ D4\ E2/ F2/ F0+ @3\ A1+ D0+
8x8Trax_2235540 LilBrats Daughter vs. Honeybear : @0/ B1+ A0/ C2+ B3/ D2+ @2/ B3/
8x8Trax_2235603 STrek vs. Keizer Soze : @0+ @1+ A2\ B0/ A1+ @2+ C0+ D3+ D4+ E4\ E5\ E6+ F5/ B6/ E7+ B7\
8x8Trax_2235644 Traxplayer vs. Gnahaha : @0+ B1/ @1/ A0/ @2/ C3\ A0\ @2+ E1/ RESIGN
8x8Trax_2235824 * vs. twobanana : @0+ B1\ B0/ C1/ C2+ D2+ C3+ C4/ B4/ D3\ C0/ E3\ E2+ D0\ A2+ E5+ F5\ A0+ E1\ F5+ G5/ G3+ A0\ @3/
8x8Trax_2236271 * vs. Meltdown Monkey : @0/ A2+ @2+ B3\ C1/ D1+ B0+ A2+ E2+ @3\ D0/ E2+ G3+ G4/ G2/ F5\ F1+
8x8Trax_2236598 Miss Traven vs. Christine : @0+ @1/ C1+ C2/ C3\ B3/ C4/
8x8Trax_2236709 * vs. countrygirl 752 : @0/ A2+ @1\ A0\ A3+ @2/ C4/ B0/ C1/ C0/ D4/ A5/ @4+ B2+ @4\ G2/ G5/ H5/ D0+ B1\ A1/
8x8Trax_2236844 * vs. JiffyJeff : @0/ A2/ B2\ B3+ C3/ @2/ A3/ A4/ C5/ A5\ D5\ C6/ E4/
8x8Trax_2236852 * vs. patty : @0/ A2\ B2\ C2\ A3+ B4/ @3+ C1+ E4\ D5/ E1/ F1+ D0/
8x8Trax_2237285 cocopuff vs. paganje : @0/ A2\ B2\ B3+ C2/ C1/ A0\ @1\ A2+ D1\ C5/ A4/ @4+ B5+ A5/ D6/ B7+ @6/ D0\ A8+ @7\ D1\
8x8Trax_2237388 * vs. lonerdcat : @0/ A2+ A3/ @3+ B4/ C1\ C3/
8x8Trax_2237557 Marko vs. Pamper Me : @0/ B1\ B2\ C2+ B3/ A3/ @3+ A4/ B4+ E2+ C5\ E3+ @4/ B5/ B6/ G2+ A5+
8x8Trax_2237636 * vs. Granny Walrus : @0/ A2+ B1/ B0/ A4/ @4\ A3+ A1/ D3/ D1\ D4\ D5\ E4/
8x8Trax_2237889 * vs. superkid : @0/ B1\ B2\ C2/ C1/ A2+ B0/
8x8Trax_2237991 * vs. Squixel : @0/ B1\ B2\ C2+ C3+ A2+ B0+ C0\ C6+ D1/ B0/ @5\ F2/ B3+ F1+ E0/ D1+
8x8Trax_2238401 * vs. applepie : @0/ @1\ A0/
8x8Trax_2239033 * vs. stormyskys : @0/ A2\ B2\ B1+ A0/ B0/ C2+ C3+ @4\ E2/ E1/ C5\ E5+ F3/ A1\ @3+ C0/
8x8Trax_2239065 * vs. stormyskys : @0/ B1\ B2\ A2+ C1/ B0\ @3+ A1\ C0\ A5/ @5/ A6/ @3+ D5+ F2/ B1+ @3+ A4+ @3+
8x8Trax_2239100 Gnahaha vs. Honeybear : @0/ B1\ A0\ A3\
8x8Trax_2239162 Traxplayer vs. Dave (UK) : @0/
8x8Trax_2239242 * vs. GIDGET10 : @0/ A0+ @2/ C1+ B0+ @2+ B4+ A1+ @2\
8x8Trax_2239483 * vs. Romeoo : @0/ A2\ B2\ B3\ B1/ C1/ @1/ B4+ C0+ D4\ E2/ B6/ @2/ D6+ D0/ @5+ @4/ H4\ C8+ H6/ F8+ G8\ C1+ B1\ A7\ A2+ H8+
8x8Trax_2239628 hayleesam vs. Traxplayer : @0/ @1/ @1/ @1/ C0+ A3/ C0\ A5/ @4/ E6\ F5/ A6/ A7/ @4/
8x8Trax_2239950 Lone Outlaw vs. Elvis : @0/ A0/ @2+ B0/ C1+ D1\ A4/ B4+ A5/ @4/ E5\ C6/ F5/
8x8Trax_2241650 rogerrabbit vs. HeatherN : @0/ B1\ A2/ @2+ C2\ B3/ @2/ B4\ E2/ @4/ A5/ E3\ E4\ D5/ A6\
8x8Trax_2241917 Mystic River vs. FujiTape : @0+ B1/ B2\ C2\ C3+ C1/ D1/ @1\ A0\ @1\ B0\ A1+ B0/ F1/ C5/ @4+ D6/ H2/
8x8Trax_2241918 Mystic River vs. FujiTape : @0+ @1\ A2/ @2/ A1+ A0\ @2/ @2/ B3/ A3+ A4/ E3\ D4/ F2/ E1/ B0/ B5\ A6/ G3/ G2/ E5\ F1+
8x8Trax_2241919 Mystic River vs. FujiTape : @0/ A2\ B2\ C2\ A0\ @3\ B4\ @2\ A1\ E2/ F2/ @1\ C0/ @3/ G5/ B4/
8x8Trax_2241920 Mystic River vs. FujiTape : @0/ B1\ A2/ A3/ @1\ B0/ D2\ B0\ A1\ A0\ @2\ A1+ @2/ F5/ B0+ D1/ B0\ E3/
8x8Trax_2242074 Honeybear vs. berecca : @0+ A2+ A0+ B1\ @2/ @2/ C0+ @3\ C2+ B5/ A5/ @3\ E0+ @4/ F0+ F0\ E1\ F8\ G8\
8x8Trax_2242246 Lone Outlaw vs. Elvis : @0/ A0/ @2+ B0/ B0/ C2/ A5/ B0\ C6\ A7/ D6/
8x8Trax_2242400 supermac vs. paganje : @0/ A2\ B1/ B0+ @2+ A3+ @3/ A4/ @4/ C5\ C6+ D6\ E3\ F2+ @3\ A2\ A6/ E0+ @6\
8x8Trax_2242407 DIRKSTRA vs. Rogue Trooper : @0/ B1+ A2/ C1+ A0\ @3+ A1+ @3+ A2+ A4/ @3\ E4\ RESIGN
8x8Trax_2243021 Miss Traven vs. Christine : @0+ @1\ A2/ @1\ C2+ B0/ D3\ D4/ D2/ E2/ E4/ F2\
8x8Trax_2243201 Sista vs. Lady Ehlana : @0+ B1+ B2/ A0\ C2\ A0/ B1/ B0/ C1/ D4\ B6\ D2/ E4\ C0/ C0/ D3+
8x8Trax_2243566 Pamper Me vs. marygal : @0+ B1+ B0+ C2+ B0+ @3+ A2+ @3+ @3\ A2\ D4/ C1\ F4+ @2\ B1+ E0/ F6+ A5/ F7+ C6+
8x8Trax_2244394 Rand al*Thor vs. cocopuff : @0+ B1\ B2\ @2/ B3\ A1+ A3/ B4+ A4+ A5/ B0\ @4/ D5\ B0\ A1\ @4+ A6+ F4+ @4/ F2/ F1/ D0\ G7\ F8+ @5/ A4+ C1+ B2+ A8/ H3+ A1/ H1+
8x8Trax_2244397 marygal vs. game_77 : @0/ @1/ B0+ C1\ A0\ B4/ @2\
8x8Trax_2245153 buttercups vs. Dragon101 : @0+ A0+ A3/ A0+ A0\ @5/ @4\ B2+ B6/ D5/ @5\ B2+ F4/ F3/ A7/ @6\ F7/ H4\ H5\ F1/ F0/ B3/
8x8Trax_2247006 purplehawke vs. Honeybear : @0/ A2\ B2\ B3+ C3+ B4+ B1+ C1/
8x8Trax_2247051 Elvis vs. Megababe : @0+
8x8Trax_2247127 SaveAtree vs. FujiTape : @0/ B1\ A2\
8x8Trax_2247128 SaveAtree vs. FujiTape : @0/ B1\ A0\ B3/
8x8Trax_2248012 arthur vs. DarkHoney : @0/ @1/ B0+ C1+ A0\ @2/ A3/ E2+ @3/ G2+ G1\ F3/ D4/ H2+ B4\ E4+ C5+ E5\ C6+ B5/
8x8Trax_2248575 Sir Pussycat vs. stitcher : @0+ B1\ A0+ A3+ @2\ A3+ B0+ B0\ B6/ @5/ B7\ D6+ B8+ E7\ D8/ D2+ B1\ A2\ @5/
8x8Trax_2251634 Traxplayer vs. Dawn : @0+ A0+ A0+ B2/ @2/ D2/ E1\ E3/ F2+ D0+ C0/ D0\ F4+ D0/ E1+ C7+ B3+ C8+ F1+ G5\ A3+ F3+ G2+ H5/ G4+ H3+ H1+ B1+ E8+ G8\ H8+ DRAW
8x8Trax_2251635 Traxplayer vs. Dawn : @0/ B1\ A2/ A3+ A4\ B4\ B5\ C2+ @5/ B6+ A1\ @2+ B0/
8x8Trax_2252355 csain1 vs. drgnrdr : @0/ A0/ A3/ @2+ B0\ A5\ B6/ @3\ @2/ E3+ A1\ @2/ E0/ F1/ G4/ C5+ G7+ H6\ F8+
8x8Trax_2253906 valerie8260 vs. FujiTape : @0/ B1\ A0\ B3/
8x8Trax_2254085 Sherry vs. countrygirl 752 : @0/ B1\ A2/ @2+ A3+ A4\ B4\ C3\ B0+ B0/ C1/ C0/ D3\
8x8Trax_2254297 Judy vs. Traxplayer : @0+ B1+ A2\ A0\ @1+ @2\ B3+ @3+ A4+ @2/ B5\ D4+
8x8Trax_2254379 YankeeFan vs. Pegasus : @0/ B1\ A2/ B2+ B3+ B4/ C2\
8x8Trax_2259059 valerie8260 vs. FujiTape : @0/ B1\ C1/ B2/
8x8Trax_2259061 valerie8260 vs. FujiTape : @0/ B1\ @1\ C2/
8x8Trax_2259281 unhappy guardian vs. SweetCindyJo : @0+ B1+ @1+ DRAW
8x8Trax_2259817 Ivory vs. DarkHoney : @0/ B1\
8x8Trax_2260913 Knight Rider vs. Hot 4 McConaughey : @0+ B1/ A2\ @2/ A3/ B0\ A2+ @2\ B0\ @3\ B1\ @3+ E1/ E0/ F1\ G4\ A3+ G5\ E6+ G6/
8x8Trax_2261247 dgb vs. Rogue Trooper : @0/ A0+ A3/ A0/ @2\ B0/ C1/ D1+ B0+ E4\ E5+ F3/ F2/ @3/ H3+ A0+ G2+ DRAW
8x8Trax_2261275 SweetCindyJo vs. c-g : @0/
8x8Trax_2263187 REBEL DJ vs. YankeeFan : @0+ B1/ A2+ A0+ @2+ A3/ D2\ C3+ E2+ A1+ @2+ B4/ C0+ C6+ D6\ E6+ D7+ C8\ B8+
8x8Trax_2263377 Didier vs. abnznz : @0+ B1/ @1/ C0/ C0+ D2/ A1\ @2+ B0/
8x8Trax_2263861 gramat vs. Honeybear : @0/ A2+ @1\ B0/ A3+ B4\ C2/ C1/ D1/ E2+ @3\ E0/ G3\ G6\ H6\ G2+ H2\ H4+ E7+ G8\ H8\ C6+ B7\ C8+ A3+ A2\ A7+ H1+
8x8Trax_2264107 stitcher vs. Sir Pussycat : @0/ B1\ A2/ B0\ @2/ B0/ C4\ @3+ D5/
8x8Trax_2264485 violet unicorns vs. Deep Thinker : @0+ @1+ C1+ @1+ @1+ @1+ @1+ @1+
8x8Trax_2264601 Whistler Gandalf vs. The Faun : @0+ @1+ A2\ A0\ @1\ D2+ @2/ A3/ A4/ @2\ @3+ D5+ C0\ B1\ F2+ E1/ B0+ A7/ E1/ B8\
8x8Trax_2264676 Elvis vs. Gnahaha : @0+ @1/ @1\ B0/ B3/ C0/ D1/ C0/ B2+ D5\ D6\ D3+ E2\ E5\ E6\ D1/ F4\ F6\ G5\ F1\ F7\ H4+
8x8Trax_2264679 Megababe vs. Thud : @0/
8x8Trax_2264896 Didier vs. Lone Outlaw : @0+ B1+ A2\ B0/ A1+ @1\ A0\ @1\ C0/ B4+ B5+ B6+ A6/ @6/ @4+ A7\ A1\ D0+ @2/
8x8Trax_2265074 Didier vs. FujiTape : @0+ @1/ C1/ C2/ B0\ C4\ D3/ D2+ A4/ @3\ D5/
8x8Trax_2265583 hayleesam vs. spitfire : @0/ A2\ B2\ @1/ A3\ @3/ A4\
8x8Trax_2265589 hayleesam vs. spitfire : @0/ A2\ B2\ @1/ A3\ @3\ C0+ D1+ D0/ D0\ C1\ E2/ C6\ F2+ C7/ G2+ D6\ A4+ B1\ @4+
8x8Trax_2265983 * vs. JiffyJeff : @0/ B1+ B0+ C2+ B3+ B4/ @4+ A5\ B5\ B6\ C0+ D5+ E4+ E3/ D1/ F2/ A8/ @8/ F5\ G4\ H2/ E8+ A5/ G5\ H4+ C2+ H1\ B3\ A3\ A2+ C1+ DRAW
8x8Trax_2266107 Didier vs. Deep Thinker : @0+ B1+ A0/ A3/ B3+ A0/ @3/ A2+ D3\ E3\ A4/ A5/ D5+ F4/ D1/ D0/ B1+ A7/ @5\ G7\ H6/ F8/
8x8Trax_2266494 roses4gypsy vs. Didier : @0+ A0\ @1/ A2/ B0\ C2\ D3\ B4\ @4/ C5+ A1\ @3/
8x8Trax_2266577 Didier vs. Lone Outlaw : @0+ B1\ @1\ A0\ A3/ @3/ C3+ A1+ @2\ D0/ E1/ F1/ D5+ G3+ D6+ E0+ B2+ F0/ G1/ H1/ C8+ B1+ A1\
8x8Trax_2266890 Misfit Lenrad6672 vs. Deep Thinker : @0/ @1/ A0\ @1/
8x8Trax_2267059 Misfit Lenrad6672 vs. Deep Thinker : @0/ A0/ B1\ A3\ B3\ B4\ C2/ @1\ A0\ A5/ @3\ B6\
8x8Trax_2267240 Goonerg vs. Deep Thinker : @0/ @1/ B2+ A0\ @2/ @2/ B1+ B0\ C1+ C0/ E3+ E5\ E0/ F1/ B1\ B0+ A3\
8x8Trax_2267242 Deep Thinker vs. Goonerg : @0/ @1/ B2/ C2+ B0/ B0/ @3/ A4/ A5+ E2+ F3/ @1+ C0/ C0+ E2+ A0\ H5/ H4+ H3+ H2/ D2+ D1/ F8+ DRAW
8x8Trax_2267243 Jump This vs. Deep Thinker : @0/ @1/ @1/ C0/ A0+ @3/ A4/ @4/ A5/ @2+ F6+ G6\ H6+ H7\ A6/ A7+ B7+ A8+ E8\ F7+ H8\ G8+ DRAW
8x8Trax_2267595 FujiTape vs. valerie8260 : @0/ @1\ A0/
8x8Trax_2269852 Lil-Bit vs. Megababe : @0+ A0+ A3/ A0+ @3+ C4\ B5/ C3+ B0\ @4/ B2+
8x8Trax_2270201 Didier vs. Good Charlotte : @0+ @1/ C1/ C2/ B0\ D2/ B4/ E2/ C4\ C5+
8x8Trax_2271169 jmac vs. violet unicorns : RESIGN
8x8Trax_2271170 violet unicorns vs. jmac : @0+ RESIGN
8x8Trax_2271175 darkest angel 70 vs. violet unicorns : @0+ A0\ @1/ A2/ @2/ C3\ D3\ D4\ E4\ E5\ @1\ A0\ A4/ @4/ G2\ G7\ B7/ B8/ C8+ A3\ @4/ A3\ B8\ B7\ G1/ B5/ A8/ A6\ B2+ D1/
8x8Trax_2271176 violet unicorns vs. darkest angel 70 : @0/ A2+ B2/ B3/ B1/ B0/ @3\ D2+
8x8Trax_2271179 cpt_vimes vs. violet unicorns : @0+ A2/ A0\ @3/ @2/ A3+ A4\
8x8Trax_2271180 violet unicorns vs. cpt_vimes : @0+ B1\ @1\ C2\ C3\ A2+ B4/ A4/ @4/ A5+ A6\ C0+ D1/ A3/
8x8Trax_2271183 violet unicorns vs. dustmuffin : @0/ A2\ B2\ B1+ C1/ C3\ D3\ B3+ B4\ D4/ D2/ E2/ E3\ F3/
8x8Trax_2271184 dustmuffin vs. violet unicorns : @0+ @1/ A0/ B3\ C3/ C2/ D2/ C0\ B1+ B0/ C0+ B1\ A1/
8x8Trax_2271209 Dania59 vs. Dragon101 : @0/ @1/ B0+ @2+ C0+ A4\ C0\ A2+ B1\ C0+ @3+ @3/ B5/ D7/ F5\ E0/ F3\ G5\ A6+ A8/ @5\ H2+ D2+ C3\
8x8Trax_2271210 Dragon101 vs. Dania59 : @0/ A2+ A3/ B1/ C1+ B0+ C4\ RESIGN
8x8Trax_2271215 Paddington Bear vs. Dragon101 : @0/ A0/ B1+ B0+ C2\ @3\ A2\ B1\
8x8Trax_2271216 Dragon101 vs. Paddington Bear : @0/ @1\ A0/
8x8Trax_2271219 shastri vs. Dragon101 : @0+ A0+ B1/ B0/ @2/ @3\ B1+ @2/ E3\ F2/ F1+ B4+ D4+ @1\ B0+ A5/ @2\ C6/
8x8Trax_2271220 Dragon101 vs. shastri : @0/ @1/ A2+ B0+ B0+ C2\ @4/ A2/ E3/ A1\ @1\ F1/ G1/ D0+
8x8Trax_2271223 Dragon101 vs. FixitDave : @0/ A2/ B1+ @2+ B0/ A4/ B4+ B5+ D2/ D3+ D0/ E1/ A1\ C0+ @3\
8x8Trax_2271224 FixitDave vs. Dragon101 : @0+ A0+ A3+ A4/ @4/ @4/ A5/ A2\ D3/ @2/
8x8Trax_2271229 Weth vs. Guyver : @0/ B1\ B2\ A2+ A3+ @2\ D2/ D3+ D4\ E2/ E1/ C0\ F3+
8x8Trax_2271230 Guyver vs. Weth : @0+ A2/ @1+ A0\ B1+ @2/ A4/ @4/ A3+ A1\ B0/ @4+
8x8Trax_2271235 rogerrabbit vs. Guyver : @0/ B1\ A2/ B2+ B3+ C2/ D2/ B4/ @2\ D3+ A4/ B5\ @2/
8x8Trax_2271236 Guyver vs. rogerrabbit : @0+ @1\ B2/ B0+ C2\ @3/ B4\ E3/ A4/ B5+ A5+ A6/ @2+ D5+ E1+ @3+ @3/ A5+
8x8Trax_2271239 bigdan409 OTWP vs. Guyver : @0/ A2\ B2\ B1+ C2\ B3\ B0+ C4+ D4\ D3+ C5+ B5/ C6+ E3\ C7+ E5+ B0+
8x8Trax_2271240 Guyver vs. bigdan409 OTWP : @0+ @1\ A2\ C1+ B0\ D2+ A1+ @1\ A2+ B0\ A5/ @5/ B1+ A1+ @1/ A2/ @2/ A3/
8x8Trax_2271243 Guyver vs. faith64 : @0+ @1+ A2\ A0\ B1+ C1/ B0/ C1+ C0/ B1+ @2/ C6+ D0/ E1/ F1+ E0\ B8+ B2+ F5\ F6+ G4\
8x8Trax_2271244 faith64 vs. Guyver : @0+ @1\ B2+ B3/ A3/ @2/ B4+ A4\ D4\ C5/ D5+ D2+ E2/ D1/ C0\ B1+ B0\ F4+ F3/ F7\ G7\ D8+
8x8Trax_2271285 Brownsugar51 vs. Jesme : @0/ B1\ B2\ A0/ A3/ A4/ A5\ B4\
8x8Trax_2271286 Jesme vs. Brownsugar51 : @0+ B1+ A2\ B0+ A1+ B0+ A1+ B0+ @5\ B1+ B0/
8x8Trax_2271293 Jesme vs. Sassy Lassie : @0+ @1\ B2+ B0+ C3/ D3/ B4+ @2\ C5+ B0/ D2+ D1/ B0/ B0/ B7+ E2/ F2/ @5+ C8+ @6/ A7/ A5+ H5\ H7+
8x8Trax_2271294 Sassy Lassie vs. Jesme : @0/ A2\ B1/ B0+ B3\ C2/ D1\ B4\ @2+ B0/ D1/ B0/ E2/ F2/ D5+ E1+ B0/ E1+ F4+ F5\ G3/ A7/ @4+
8x8Trax_2271295 Jesme vs. Jay RAA : @0+ B1\ A0+ @2/ A3/ @3/ A4/ E4\ E5\ @4/ A5/ F6\ D0+ @6/ C7\ F7/ C8+
8x8Trax_2271296 Jay RAA vs. Jesme : @0+ @1+ A2\ B0/ C3/ B4/ @3/ D0/ E1/ E0+ @5\ A4\ B6/ C7\ @4\ B3\ C2\ @4\ A3\ B2\ C1+ D0\
8x8Trax_2271297 Jesme vs. Uncle Chuckie : @0+ B1\ A0+ @2/ A3/ @3/ C4\ B5+ @4\ B1+ B0/ @6+ C7\ E0/ F3/ G4\ A5\ @5+ G6+ B3\ B2\ B1\ G1/ H2+ A6/ G7\ G8\ H1/ A8/
8x8Trax_2271298 Uncle Chuckie vs. Jesme : @0/ A2\ B1/ B0+ C2\ B3+ B4\ C3\ D3\ D4\ E4\ C5/ F2+ F1/ G1/ F0/ G5\ G6/
8x8Trax_2271305 Lone Outlaw vs. YankeeFan : @0/ B1\ A2/ @2+ A3+ @2+ B4+ C0/ C0/ A1\ A0\ @3+ E1/ F1+ F2+ G1+ H1\ H2+ F0\ H4+ F6\ F7+ B8/ G7+ D2+ H7+
8x8Trax_2271306 YankeeFan vs. Lone Outlaw : @0/ B1+ @1\ A0\ C3\ C4\ A3+ D3+
8x8Trax_2271309 Lone Outlaw vs. Megababe : @0/ B1\ A2/ B2+ C2\ C3\ D3\ C1+ C4+
8x8Trax_2271310 Megababe vs. Lone Outlaw : @0+ @1\ C1+ D1+ E1+ F1+ C0+ G2+ F1+ A1\ E3/ H2+
8x8Trax_2271311 YankeeFan vs. PROUD AMERICAN : @0/ A2+ @1\ C1\ B0\
8x8Trax_2271312 PROUD AMERICAN vs. YankeeFan : @0+ B1/ B2\ C1/ C0+ A0\ A0+ @2/
8x8Trax_2271313 YankeeFan vs. Megababe : @0/ B1\ B2\ C1+ C0+ D2\ A3/ C4/ A4+ @3/ @4+ B1\ A1\ D0\
8x8Trax_2271314 Megababe vs. YankeeFan : @0+ @1/ @1/ C2+ D2\ @1\ A0\ E4\ C4+ E2+ F2/ G3+ A4/ @4+ C5/
8x8Trax_2271315 PROUD AMERICAN vs. Megababe : @0/ B1\ C1/ A2\
8x8Trax_2271316 Megababe vs. PROUD AMERICAN : @0+ @1/ @1/ @1\ B0/ C3+ C1/
8x8Trax_2271317 David94 vs. spitfire :
8x8Trax_2271318 spitfire vs. David94 : @0/
8x8Trax_2271319 David94 vs. Rand al*Thor :
8x8Trax_2271320 Rand al*Thor vs. David94 : @0+
8x8Trax_2271323 spitfire vs. Rand al*Thor : @0+ @1+ C1/ B0+ C3\ D2/ E2/ A1+ @1\ B3/ B4/ A2+ B0/ F1+ C0\ @1\ A0\ A6\ C8/ @3/
8x8Trax_2271324 Rand al*Thor vs. spitfire : @0+ @1/ C1/ C0+ D1\ C3\ C0\ E2/ E1/ E0/ A2\ @2+ C1\
8x8Trax_2271325 spitfire vs. The Pampered Cricket : @0/ B1\ A2/ A3/ C1/ B0+ B0/ C2/ D2/ D1/ B5\ A6\
8x8Trax_2271326 The Pampered Cricket vs. spitfire : @0+ B1/ B2\ C2\ D2\ A2/ A3/ B0\ C1/ C0/ @3+ A2\ E5+ F5\ C6/
8x8Trax_2271327 Rand al*Thor vs. The Pampered Cricket : @0+ A2\ B1+ A0\ A0+ B1+ B0/ A1+ @3\ D3\ B0+ A1\ @3/ A6/ @2+ A5/
8x8Trax_2271328 The Pampered Cricket vs. Rand al*Thor : @0+ A0+ A3\ @1/ C2\ @2\ C4\ D3\ E2/ E1/ F1/ C0/ @2/ E0\ F6+ C2+ E0+ E8\ @3/ B6+ A5+ A2+
8x8Trax_2273109 ERIN MIA vs. violet unicorns : @0/ B1+ A2\ B2\ B3/ A3/ @3/ A4\ A2+ B4\ C4+ D3/ B5/ E2\
8x8Trax_2273263 Lone Outlaw vs. Didier : @0/ @1+ @1\ A0\ @1\ A0\ @1\ B0\ B0\ A2\ D6\ A1\ F4\ E0+ G4\ G7\ F8/ H5+ H3/
8x8Trax_2274148 Dragon101 vs. Paddington Bear : @0/ A2\ B2\ B3/ B1/ C1/ D1/ B0\ D3\ E2/ B0+ F3/ B0+ A2\ @3+
8x8Trax_2274870 drgnrdr vs. ScoobyRex02 : @0/ A2\ B1/ B0+ @3\ @1+ D0\ B5/ A5/ @2/ @2/ B1+ @3\ D0\ C1\ C0\ G1/ G7/ H6/
8x8Trax_2274900 paganje vs. STrek : @0/ B1/ @1\ A0+ D2\ C3+ B4/ A4/ @2\ @4+ C5/ @4+ C6\ A6/ C7+ F4+ A3+ @3\ C1\ C0+ A6+ B1+
8x8Trax_2274918 supermac vs. dboy97 : @0/ @1/ A2/ B3+ C1/ B4/ @3\ @3\ D0+ @1+ A0\ A6/ @2/ B7\
8x8Trax_2275022 heidibb vs. Elvis : @0+ B1/ B2+ B3/ A3/
8x8Trax_2275066 paganje vs. Paddington Bear : @0/ A2\ B1/ B0/ @3\ C3+ D3\ E3+ D4/ B4+ C0+ C0\ @2+ A5+ C7+ @5+ C0+
8x8Trax_2275260 Jane vs. Megababe : @0/ B1\ B2\ C2\ @1+ B2+ B3/ A3/ A4/ B0\ D1\ @4+ D0+ B1+ A2+ @4/ G5+ D7+ H5+
8x8Trax_2275531 Dragon101 vs. Paddington Bear : @0/ A2\ B2\ A3+ @1/ @1\ C0+ D1/ E2+
8x8Trax_2276795 SweetCindyJo vs. GlassTiger : @0/ A2\ B2+ @2\ B3+ C1+ D1+ @1\ B0/ E3+ F2/ F1/ A4/ @3/ C5/
8x8Trax_2276843 Traxplayer vs. Paddington Bear : @0/ A2+ B1+ A3/ @2+ D1+ E1/ E0/ E0+ F2+ E4+ G2+ B2+ A3\ RESIGN
8x8Trax_2277774 Dragon101 vs. Paddington Bear : @0/ A2+ A3/ B1+ C1\ B3+ C4/ @3/ @3+ D5+ A1\ @1\ C0/
8x8Trax_2277775 Dragon101 vs. Paddington Bear : @0/ B1/ A0+ A3/ @1\ A0\ @3/ @2/ B0/ C0\ E2+ F2\ F5+ C0+ C0+ G6/ @6/ A7/ C8+ C1/ G3+ E1+ H4\ B1+ H2+ H8+ A1+
8x8Trax_2277776 Dragon101 vs. Paddington Bear : @0+ A0/ @1/ B0+ A0/ @2+ D3/ E3+ B0+ F4+ @3\ D6\ B0/ @4\ B0+ A6+ B7/ B8/ H8\ H5/ H4+
8x8Trax_2277950 dawn1968 vs. angelo : @0/ @1/ A2\ A3\ B2+ @1+ A2/ A3+ D2/ D1/ E1/ F1\ E0\ B5\ C1/
8x8Trax_2278220 Sir Pussycat vs. Paddington Bear : @0+ B1+ A2+ C1+ @1/ E1\ F1/ D2+
8x8Trax_2278430 lexy vs. Morticia : @0/ A2\ B2\ B3+ B1/ C2\ A0\ @2/ D2+ B0+ B0/ D1+ E5\ C7+ C8/ B8/
8x8Trax_2278437 DINGEROO vs. Megababe : @0/ B1\
8x8Trax_2278532 misci vs. purplehawke :
8x8Trax_2278820 Traxplayer vs. * : @0/ B1\ A2/ A3/ @2\ A1+ @2+ B4+ B5\ B6\ @3+ D5\ E2+ F3/ G2\ H3/ H1+ D0/ F5+ F1/ F0/ A4+
8x8Trax_2278933 Jane vs. drgnrdr : @0/ @1/ B0+ @2/ @2+ C0/ @3+ D4+ F4+ G4/ G2+ A1\ A0\ @3+ B0\ E7/ G7/ F2+ B6+ C1/ B0\ F2+ F1/ G1/
8x8Trax_2278958 * vs. countrygirl 752 : @0/ A0/ B2/ @1\ A0\ @2\ A4/ @2\ E4\ F4\ C5\
8x8Trax_2279385 * vs. Meltdown Monkey : @0/ @1\ A0/
8x8Trax_2279415 * vs. Meltdown Monkey : @0/ B1+ A0\ @1\ C1+ B0/ D3/ C1/ B0+ B5/ C6/ A5\ @3/ C0/ E7\ F5/ D8\
8x8Trax_2279789 * vs. sithneedow : @0/ B1/ @1\ B0/ C3\ D2/ @2\ B1\ B0\ B4+ C1/ B0\ C1+ E5\ F5\ A2/ D2+ A6/ @6/ E1/ B0/ F2\ F3+ H6\ G7+ E0+ A5+ G5+ G4+ F2/ G2/ G1+ H2+
8x8Trax_2280192 * vs. Night Owl : @0/ A0/ @2+ A0/ @3+ A1/ @3+ E3/ E2+ C0/ F3+ G3/ G2/ A5/ H2+
8x8Trax_2280242 Honeybear vs. Rand al*Thor : @0/ A2\ B2\ B1+ B0/ C3\ D3\ C4+
8x8Trax_2280266 * vs. csain1 : @0/ A2/ B2/ A0/ @1+ @2\ C4/ @3+ @2/ @2/ D5+ F5+ G2+ D6/ B6+ F6\ RESIGN
8x8Trax_2280385 * vs. prime mover : @0/ A2/ B2\ A3/ B3+ C1\ C3/
8x8Trax_2280590 * vs. Hoila : @0/ @1/ B0+ B3\ C3\ C2+ B4+ @2/ @3\ E1+ F2\ B5+ C0+ D1/ @6+ A7/ @7/ A8/ D7+ E7\ F8/ H2+ H5/ G6\ H6\ G7\ H7+ H8\ A4\ DRAW
8x8Trax_2280634 * vs. gquadro : @0/ B1\ B2\ C1+ A2+ A3/ A4/ RESIGN
8x8Trax_2281149 * vs. Sista : @0/ A2\ B2\ B1+ B0/ C1/ B0/ D3+ D5+ A2+ A5/ B6/ @5\
8x8Trax_2281698 * vs. Sir Gamesa-who of the oldT : @0/ A2\ B2\ C2\ @1/ A0\ @3\ D1/ B0+ F4\ F5\ G4+ D6+ @3/ E7+ G7\ H7\ D0\ E1+
8x8Trax_2281769 YankeeFan vs. LilSis : @0/ A2\ B1/ B0/ @3/ A4/ C3\ D2/ A2+ D3\ E3\ A5\ B5+ D5/ B6/ @5/ E6+ E1+ F1/ G1/ D7+ F7\ G7/
8x8Trax_2281852 Geri39 vs. violet unicorns : @0/ B1\ B2\ A2/ B3/
8x8Trax_2282041 * vs. cndsman : @0/ B1\ B2\ C2\ A0/ A3/ B4/
8x8Trax_2282552 * vs. basplund : @0/ @1/ A2+ C2/ A3+ C3\ D3\ B4+ B0/ C1/ C6/ D3+ E5/ @1+ D0+ RESIGN
8x8Trax_2282554 hayleesam vs. spitfire : @0/ B1\ A2/ B0\ C1\ A0\ @2/ D3+ D1/ A3+ B0/
8x8Trax_2283145 * vs. crazy : @0/ B1\ B2\ @1/ A2/ C3\ B0/ B4/ B5/ D1/ C0\ @1\ B0/ @5/ B6+ A6+ A7/ B8/ @5+ A7/ @7+
8x8Trax_2283217 Honeybear vs. faith64 : @0/ A2\ B1/ B0+ @2+ C3+ @2+ @2\ A1\ A0\ F2+ @1+ A0\ @1\ A0\
8x8Trax_2283512 * vs. sweetbaby : @0/ B1+ B0+ C2+ B3+ A1\ @2\
8x8Trax_2284474 Nan54 vs. gramat : @0/ B1+ A0\ @1\ A0/ C2/ C1/ B0\ A0\ @2/ E4\ D1/ E1/ C0\
8x8Trax_2284801 gramat vs. Honeybear : @0/ A2\ B2\ B3+ @3\ C4+ C5\ D5\ D6\ E6\ D7+ B6/ B7/ C8\ @6/ D1+ A7/ B8+ @6+ C2\ A1/ F1+ H3/
8x8Trax_2285039 hayleesam vs. BabyGirl The Rebel Angel : @0/ A2/ A0\
8x8Trax_2285040 BabyGirl The Rebel Angel vs. hayleesam : @0+ B1+
8x8Trax_2285041 hayleesam vs. Guyver : @0/ A2\ B2\ B1+ B0/ C1/ B0/ D3+ C5\ B5+ A1\ @4\ B0/
8x8Trax_2285042 Guyver vs. hayleesam : @0+ @1+ A0/ B3\ A3+ @3/ B4\ C4\ C5\ D5\ E4\ E1/ D0/ F2\
8x8Trax_2285043 Paddington Bear vs. BabyGirl The Rebel Angel : @0+ @1/ A0\
8x8Trax_2285044 BabyGirl The Rebel Angel vs. Paddington Bear : @0/ B1+
8x8Trax_2285045 Paddington Bear vs. Guyver : @0+ @1\ B2/ C2\ B3/
8x8Trax_2285046 Guyver vs. Paddington Bear : @0+ @1+ A0/ B3\
8x8Trax_2285047 BabyGirl The Rebel Angel vs. Guyver : @0+ B1\ @1+ B2+
8x8Trax_2285048 Guyver vs. BabyGirl The Rebel Angel : @0+ A2/ @1+
8x8Trax_2285049 The Viking vs. Rand al*Thor : @0+ A0+ A0+ @2/ C1\ B0/ D2+ A1+ @4\ @3+ C5+ A1\ @1\ D0+
8x8Trax_2285050 Rand al*Thor vs. The Viking : @0/ A2+ A0/ B1+ C1\ @3/ A4/ A1\ D4\ @2/
8x8Trax_2285051 The Viking vs. spitfire : @0/ B1\ A2/ A0/ C2+ C3+ D2+ C4+ E2+ F2\ F3\ C5+ G3+ H3\ H4\
8x8Trax_2285052 spitfire vs. The Viking : @0/ B1+ A0\ @1+ A2+ @1+ @1/ A2/ @2/ C3\ A0\ @1+ D1/ C0\ @2/ B3/ B4/ A4+ F5\ G6/ E7+ C1\ F1/ A5/
8x8Trax_2285053 The Viking vs. violet unicorns : @0/ B1+ B2\ C1/ @1+ C3/ B0/ B4/ A4\
8x8Trax_2285054 violet unicorns vs. The Viking : @0/ A2+ B1/ A3+ A4/ @4/ B5/ A5+ @4\ B6+ A3\ A2/
8x8Trax_2285055 Rand al*Thor vs. spitfire : @0/ A2\ B2\ B1+ C1+ B0\ C1+ A0\ @3/ D5/ E2\ E4+ D1/ B0\ C7\ F5+ F3+ G4\ C1+ @3/ G1/ G0+ H3/
8x8Trax_2285056 spitfire vs. Rand al*Thor : @0+ B1\ C1/ A0/ A3\ C3\ D3\ B0/ C1/ @3/ B5/ B6+ C5\ D5+ C6+ B7/ F4/ E2+ E6\ F6\ G4/ F2/ E0/ A6+ D8+ @6+
8x8Trax_2285057 Rand al*Thor vs. violet unicorns : @0/ @1+ @1\ A0\ @1\ @1\ C0+
8x8Trax_2285058 violet unicorns vs. Rand al*Thor : @0/ A2\ B1/ B2+ C2\ C0\ C4\ D3+
8x8Trax_2285059 spitfire vs. violet unicorns : @0/ B1+ @1\ A0\ @1+ C1/ B0\ C1/ B0/
8x8Trax_2285060 violet unicorns vs. spitfire : @0/ A2\ B2/
8x8Trax_2285061 jazzbeth vs. Sista : @0/ A2\ B1/ B2+ @1/ C0/ D3\ D4\ E4\ E5\ F2+ B4+ @1\ A0\ A5/ A6/ @4\
8x8Trax_2285062 Sista vs. jazzbeth : @0+ A0+ A0\ A4\ @3+ @3\ @3\ A4/ @4/ D5+
8x8Trax_2285063 jazzbeth vs. Sarah : @0/ A0/ @1/ A0/ B1+ C2\ A3+ @3/ A2+ @2\ B4/ C5/ D4+ D6/ E5+ E7+ @3+ @2/ @2/ H3+ F6+ D5+ E0\ D7+ E8/ C7/ B8\ B2+ D1+ B1+ A5+ A1\ H2+ A7/ H1+
8x8Trax_2285064 Sarah vs. jazzbeth : @0+ A2+ B2\ @1/ C1/ D1/ E1/ A3\ B4/ C0+ C0/ E4+ E6\ E7\ F4+
8x8Trax_2285065 jazzbeth vs. Rogue Trooper : @0/ A0+ @2\ B0/ @3\ C4/ B5\ B1\ D4+ B0/
8x8Trax_2285066 Rogue Trooper vs. jazzbeth : @0+ A0+ A0+ @3\ C3\ B4/ @3\ B5\ @4+ @3/ D1+ D0\ A3+ @3\ G3/ H3/ E0\ G2\ A3\ D8+ G1\ H5+ H7+ DRAW
8x8Trax_2285067 Sista vs. Sarah : @0+ B1+ B0\ A3/ B3+ B4\ C4\ C5\ @3/ B6+ E5+ F5/ D7\ E7\ F6+ D8+ D1+ G2/ F1+ H3+
8x8Trax_2285068 Sarah vs. Sista : @0+ @1/ A2/ B3/ C2\ C1+ @2/ B3+ E1/ E0/ B1+ F2+ F4+ D5\ F5\ D6/ G4+
8x8Trax_2285069 Sista vs. Rogue Trooper : @0+ A0/ B1\ A3/ B2+ @1/ @1\ C0/ E3\ A4/ A5/ @2/
8x8Trax_2285070 Rogue Trooper vs. Sista : @0+ B1+ C1/ C0\ A1\ A0\ @1\ A0\ @4+ A5/ E1/ @3+ F0\
8x8Trax_2285071 Sarah vs. Rogue Trooper : @0+ A0/ A0+ A4/ B4/ A5/ @2/ D5\ C6/ D2/ E4\ C1/
8x8Trax_2285072 Rogue Trooper vs. Sarah : @0+ B1+ A0/ A3/ @3/ A4/ C0\ B0/ D4/ D5/ A2+ @3+ B0\ A1\ E1/ F2\ C0/
8x8Trax_2285077 rogerrabbit vs. tjancira : @0/ A0/ B2/ A3+ B1+ @3/ A2+ D2/ A4/ @2\ E4\ F3\
8x8Trax_2285078 tjancira vs. rogerrabbit : @0/ A0/ A3+ A4+ @2+ C2+ D3/ C4+ C5\ E3/ F3/ E1+ E0\ C1+ A1\ A0+ @3\
8x8Trax_2285081 cocopuff vs. tjancira : @0/ A2/ @1\ B0/ B4\ C2+ A1+ B0/ @4/ A5/ C6\ D6\ E3\ C7+
8x8Trax_2285082 tjancira vs. cocopuff : @0/ B1\ A2/ A3+ @3/ B4+ C2+ A2+ @4/ B5\ D0/ E2+ E1+ F1/ C1+ A3\ @3\ @4+ E0\
8x8Trax_2285083 chaosbreaker vs. tjancira : @0/ A0/ B1/ C1+ @2/ B0+ A4/ @2\ C5/ C6/ E1+ A5/ RESIGN
8x8Trax_2285084 tjancira vs. chaosbreaker : @0/ B1+ A2/ C1+ A3+ @2+ E1+ @2+ E3\ RESIGN
8x8Trax_2285085 jaha vs. Deep Thinker : @0/ @1/ A0/ @1+ B3+ @1/ D4/ D5/ B3+ @2+ @3\ @2/ C4+ A1+ A0/ @5+ B6/ C7/ C8+ B8/ F1+
8x8Trax_2285086 Deep Thinker vs. jaha : @0/ A0/ B2+ @2\ B0/ A2+ B0+ A0/ @1+ C6\ B0/ C8\ A5/ @3\ E1+ F3\ F6/ G5\ E7+ C7+ @4+ A5/ B8+ DRAW
8x8Trax_2285087 jaha vs. Judy : @0/ B1\ A2/ @2+ @2\ A0+ B0+ B5/ D1/ E3\ C0/
8x8Trax_2285088 Judy vs. jaha : @0+ A0/ B2+ A3/ @3+ @3\ B1+ @1+ A0+ @3\ B4+ D5/ @2/ A5/ @4+ D6/
8x8Trax_2285089 jaha vs. fallingstar : @0/ A2\ B2\ @1/ @2\ @2+ C0+ B0\ A3+ @3\ C5+ @3/ B5+ E6/ E1/ D0\ G2/ E1/ H4+
8x8Trax_2285090 fallingstar vs. jaha : @0+ A0/ A3\ B2\ B3+ C2/ @2\ B0+ @3/ A4/ D5/ A1\ B0/ @4\
8x8Trax_2285101 darkest angel 70 vs. Traxplayer : @0+ B1+ B0\ A3/ A0/ @4\ B0\ A3+ B0\ @4/ E4/ D2+ E5\ F5\ @5/ A6/ C7\ F6+ F3+ D8/ E7+ C1\ F7+ F8+
8x8Trax_2285102 Traxplayer vs. darkest angel 70 : @0/ A2+ A3/ A0/ @2/ C1/ @4/ A5/ A1\ A0\ @3/
8x8Trax_2285105 Jay RAA vs. Traxplayer : @0/ @1/ A2+ C1+ B0/ B4\ A0\ @3+ C0/ D1/ E2/ C0+ E5\ F5\ F3\ E7+ F8\ G6+ F2/ G3\ B7+ B8+ A8/ H3+ H5+ G2+ G1/ A2+ A7+ DRAW
8x8Trax_2285106 Traxplayer vs. Jay RAA : @0/ B1+ C1/ A2+ B0/ B4\ C4\ D2/ E2+ E1/ E5\ F5\ E6+ F3/ G5\ F0/ G3\ H6\ C7+ E8/ B8\ A7/ G8+ D2\ D1+ B1\ A1\ H3/ G1+ DRAW
8x8Trax_2285107 forget me not vs. Traxplayer : @0/ @1/ B0+ @2+ C0\ B4\ A0\ @3+ C0/ D1/ E1/ C0+ A2/ @3/
8x8Trax_2285108 Traxplayer vs. forget me not : @0/ B1\ A2/ @2+ B0+ @2/ B0+ D4+ E3/ E2/ F2/ E1\ E0\ D1\ F5\ G4/ D6+
8x8Trax_2285838 Traxplayer vs. rogerrabbit : @0/ A0/ @1/ A0/ @1/ A2+ B0\ A1+ B4/ B5/ @4+ D1\ A6/ @6/ E6\ B7+ F5\
8x8Trax_2286613 Chad vs. Paddington Bear : @0/ B1+ C1/ C2/ D1/ D0/
8x8Trax_2286855 hayleesam vs. spitfire : @0/ @1\ B0\
8x8Trax_2287331 SweetCindyJo vs. Rand al*Thor : @0/ A2\ B1/ B0/ @2/ C3+ C0+ D3+
8x8Trax_2287348 Honeybear vs. c-g : @0/
8x8Trax_2287680 Traxplayer vs. Resigned : @0/ B1+ C1/ C0/ C0+ A2+ B0+ D3+ C5+ B5+ B6/ E3\
8x8Trax_2288875 B Line electric streetcar vs. DIRKSTRA : @0/ A2\ B1/ B0+ @3\ A4+ C4/ D1\ E2/ D3\ E0/ F2\ A1\ RESIGN
8x8Trax_2288963 Honeybear vs. faith64 : @0+ B1+ A0+ @2+ B0+ D3+ @3\ B2+ C0+ C0\ B1\ F5/ B0+ E5+
8x8Trax_2289249 hayleesam vs. Megababe : @0/ B1\ A2/ B2+ C2\ A3/ C4/ A4/ @4/ A5/ @3\ F4+ C6/ A2\ @4/ @4+ B5+ A1\ D0/ C7+ E8/
8x8Trax_2291992 golfnutrof vs. tjancira : @0/ A0/ @1/ B0+ C1+ C0\ @3+ @2/ A1+ E0\ F3+ F1/ D0/ G3+ C1\ D0/ @4\ A3\ G6+ E8/ H2+ D7+
8x8Trax_2291993 Traxplayer vs. Phil The Hat : @0/ @1/ A0/ C2\ A3+ A0/ @4\ C1/ C0+ E4+ E5\ E6\ D7+ F2/ F1/ A0\ @3+ D1+ @5+ C7+ H7+ DRAW
8x8Trax_2292128 rogerrabbit vs. YankeeFan : @0/ B1\ B2\ C2+ D2/ D0+ E3\ E4\ E2+ F3+ D0\ C5/ C6/ A4/ A1\ @4+ C0\
8x8Trax_2292518 Jane vs. Misfit Lenrad6672 : @0/ B1\ A2/ B2+ B0+ @3/ C4\ D4\ D5\ E5\ B6+ D7\ B7+ @5+ A2/ @5+ H4+ H6+ G7\ G8\ F2+
8x8Trax_2293331 Misfit Lenrad6672 vs. Paddington Bear : @0/ A2+ A0\ @3\ C3/ A4+ @4/ @4/ C5\ A2\ @2\ D1\
8x8Trax_2293839 supermac vs. rogerrabbit : @0/ @1/ B2+ B3\ C1/ C4/ A3+ C0/ D1/ B0/ A7/ @6\ E7\ C8/ F6\
8x8Trax_2293872 purplehawke vs. Dawnas AZ :
8x8Trax_2296499 dgb vs. Jump This : @0/ @1/ A2+ C2/ C3/ C4/ D2+ B3/ B0/ C1+ D6\ E6\ B5/ E3\ F6\ @1+ B0\ B0\ A1\ @3/ B7/ B8/ E2+ F2/ G3/ RESIGN
8x8Trax_2296500 Rogue Trooper vs. keops : @0/ A0/ A3+ @2\ C1/ C4/ D4+ E3+ A1+ A0\ @1\ C0/ C0+ D1/ E3+ @2/ A0+ H4+ H3/ C7/ B7/ DRAW
8x8Trax_2297431 Jane vs. Misfit Lenrad6672 : @0/ B1\ B2+ A2+ B3\ C3\ @2+ B3+ D4\ E4\ E5\ A5/ D6+ @5/ F1/ D0\ G2\
8x8Trax_2299727 YankeeFan vs. Nancy : @0/ B1\ B2\ C2+ A2/ B3\ B0+ @3+ E1/ E0/ B5+ C1\ C0\ F3+ G2\ E5\ G1/ E0\ H2\
8x8Trax_2300080 * Sassy_Angel * vs. Chele MIA : @0/ A2+ @1/ A3\ B4/ @3/ @3/ B4/ D5/ A4/ E3+ A5\ C6\ F4/
8x8Trax_2302149 Megababe vs. cctiger2000 : @0+ B1/ C1/ B0\ A3\ @2\ A1/
8x8Trax_2302225 rogerrabbit vs. YankeeFan : @0/ B1\ A2/ @2+ C0/ D2\ B1+ D1/ E2\ @2+ A3+ @2+ B4\ B0\ A2+ @3+ D6/ G1+ F0+ H2+
8x8Trax_2302571 LilSis vs. Honeybear : @0+ @1+ B2/ A0\ @2\ A1\ @2/ A3/ A4/ @4/ D5\ C6+
8x8Trax_2302794 Didier vs. stitcher : @0+ @1/ C1/ C0/ B0/ B4+ A1\ @1+ B0/
8x8Trax_2303231 Shaffyre MIA vs. basplund : @0/ A0/ A0/ @3+ @3+ A1\ B0/ @3+ D1/ E4+ @2/ @2/ B4+ D1+ D0\ D0+ C2/ G1/ A2\ G0\
8x8Trax_2303473 Traxplayer vs. marlisam : @0+ @1/ C1/ A2+ B0+ A4\ C4\ D3\ B5\
8x8Trax_2304287 Megababe vs. YankeeFan : @0+ @1/ @1/ C2+ D2\ @2/ B3\ D3+ D4/ B0+
8x8Trax_2305436 SweetCindyJo vs. baron_backgammon : @0/ @1/ B0/ B3\ C3\ B0\ C3/ D3+ E3\ E4/
8x8Trax_2305821 goldfreckles vs. SweetCindyJo : @0+ @1/ C1/ A2/ A0/ @3\ E2\ E3\ E4\ A2+ A0+ A0/ C1+ @2\ E2+ F2/ G4\ F1\ C0/ C0+ G5+ D2/ @4+
8x8Trax_2305870 Pegasus vs. purplehawke : @0+
8x8Trax_2306036 HeatherN vs. baron_backgammon : @0/ A0+ @2\ A1\ A3\ B0\ A1+ @1\ C5\ D4/ A2+ D3/ @3\ F2+ C5+ D0/ E1/ G3\ B1/ A1+ D0+ F6\ D0+
8x8Trax_2306472 ladylove vs. basplund : @0/ @1/ B0\ @2\ @2\ B1/
8x8Trax_2306487 Shaffyre MIA vs. basplund : @0+ @1/ C1/ D1/ C0\ @2/ C1\ A3/ A4+ @2+ F3+ E4+ D5\ D6\ E6\ F6\ B5+ G3+
8x8Trax_2306710 marlisam vs. basplund : @0/ A0/ @1/ @1/ C3/ C4/ D2+ B4/ A3/ D5+ A4+ E4+
8x8Trax_2307208 tjancira vs. Oartkickel of the Wolf Pack : @0/ A2\ B1/ @2\ B3+ A4\ @4+ B0\ A1\ @1\ A0\ @4+ F0+ G3\ C8+
8x8Trax_2308512 hoot vs. violet unicorns : @0/ @1/ B0+ A3/ B4\ C4+ D4/ C3/ D3+ D2\
8x8Trax_2309815 tjancira vs. Uncle Chuckie : @0/ B1\ B2\ C2\ D2+ B3+ A2/ @2/ A3/ D4/ E3+ B5+ @2+ E5+ A5/ G5\ @4\
8x8Trax_2311035 gaspy vs. Chef Jeff 1 : @0/ B1\ B2\ A2+ @2/ C3\ @2/ B1+ @3\ C4+ @1\ A0\ A5/ B6\ @3/
8x8Trax_2311508 ejd vs. s_strum : @0+ @1/ A0\ @1\ C3\ D2\ E2/ E1/ B4/ C1/ A4\
8x8Trax_2311566 Honeybear vs. ScoobyRex02 : @0+ B1+ A0+ C2+ A0+ @3+ E3\ E4\ @3\ A2\ D1/ @2+ @3\ A4+
8x8Trax_2311587 drgnrdr vs. Oartkickel of the Wolf Pack : @0/ @1/ B2/ A0\ @1\ D2/ D4/ E3+ C4+ C5/ D5+ E6/ F6+ E7/ G7/ H7/ B4+ B7/ E8+
8x8Trax_2311982 * vs. gquadro : @0/ B1\ B2\ C2+ A0/ D2\ C4\ B0\ E4+ E2+ C0+
8x8Trax_2312832 heidibb vs. taffy : @0/ B1+ C1/ C0\ A1\ @2/ E2+ A1+ F2\ E3\ @1\ B0\ D1+ C0/ @4/ B5\ F6\ C1\ C0\ B1/ E1\ D0/ G8\ H7\ G5/ G4/ D8+ A7/ A8/ G3/ A2/ B3+ B1+
8x8Trax_2312943 Nina vs. drgnrdr : @0+ B1/ B2\ C1/ C2+ @1\ B0/ @2\ F2+ D1+ B0\ A4/ @3\ D5+
8x8Trax_2313009 uncleg vs. heidibb : @0+ @1\ A2/ @2/ A3+ D1/ C2+ C0+
8x8Trax_2313414 SweetCindyJo vs. DINGEROO : @0/
8x8Trax_2313513 Phil The Hat vs. DIRKSTRA : @0/ A2\ B1/ B2+ C2+ B3/ D2\ B0+ @3\ A0+ @1\ A0\ @1\ E7\ F6+ A0\ H7\ G8/ D1+ E3+ RESIGN
8x8Trax_2313514 golfnutrof vs. Traxplayer : @0/ @1/ A2/ B3+ C1/ C0/ D4+ E3+ C0/ F1+ D0\ D7\ E6\ F6\ G3+ E7+
8x8Trax_2314300 WebbyDebi vs. DragonHeart MIA : @0/ A2\ B2\ B3+ @2\ B4\ D3/ B0/ C1\
8x8Trax_2314672 Goonerg vs. Shreela : @0/ A0/ B1+ A3+ @3\ D2\ C4/ C5/ A4+ @3\ @3\ D0+ A6/ B7/ @6\
8x8Trax_2315032 Uncle Chuckie vs. Jump This : @0/ @1/ B0/ @1/ B0\ C4\ D3+ B5/ A3/ D5\ @4/ F3\
8x8Trax_2315053 Oartkickel of the Wolf Pack vs. Rand al*Thor : @0+ A0+ A3+ B1\ @2/ B0/ A1/ @4\ C0/ E3+ @4/ F4+ E5\ B1\ B0\ @3+ E7+ D7/ G6+ @5/ A6/ D7+ D8/ G1+ E1+ F8+ H7\ H8+ A2+
8x8Trax_2315067 tjancira vs. jaha : @0/ A0/ @2+ C1\ D1\ C0+ A4\ @3\ @3\ B4+ G2\ B1+ H1/ H0/ G4+ E5+ D1+ G5\ G6\ C6+ A1\ A0\ G8/ E7+ D8+
8x8Trax_2315420 Sista vs. Lady Ehlana : @0/ A2\ B2\ B1+ C2/ C3/ D2\ D1\ B0\ D4\ D5/
8x8Trax_2315729 Shaffyre MIA vs. basplund : @0+ A2/ @1+ A0\ B4/ @2/ D2/ @1\ A0\ A5/ E5\ @3/
8x8Trax_2316291 nightowlxo6x vs. Dragon101 : @0/ @1/ A2/ C1+ C0\ D3/ @3/ C4+
8x8Trax_2316669 Rogue Trooper vs. B Line electric streetcar : @0/ A0/ B2+ @1+ @1/ E1\ B0+ B0/ D2+ B0/ A1\ E1/ A0/
8x8Trax_2316720 purplehawke vs. Nancy :
8x8Trax_2317491 Traxplayer vs. marlisam : @0/ B1\ A2/ @2\ B3\ C3\ C4\ D4\ A4/ A5/ @2/
8x8Trax_2317871 Shaffyre MIA vs. basplund : @0+ A2/ A0\ @1\ @1+ C0+ D1/ E1/ E3+ D0+
8x8Trax_2318305 supermac vs. Sara : @0/ B1\ A2/ B2+ B3+ C2/ @1\ C0\ D0/ E3\ E1+ F2/ G2/ G1/ G0/ G0+ H1/ E0\ D2+ D1\ G7\ D8+ H6\
8x8Trax_2319817 dboy97 vs. drgnrdr : @0/ A0/ @2/ A0+ @1\ B0/ C5+ D5\ D2+ B0/ D0+ E3\ B1+ @6+ @5+ @4/ A3+
8x8Trax_2320683 Dragon101 vs. Paddington Bear : @0/ A2\ B2\ B3+ B4/ B1+ @2\ @2+ A5/ @5/ D0/ F4\ C7+ F2+ G4\ A3+ G3/ H3/ D8\ E7+ F1+ F6+ C8+ B2\ E8+ F8\ H6\ H7/
8x8Trax_2320684 Dragon101 vs. Paddington Bear : @0/ B1+ C1/ @1/ C0\ C3\ A0\ @1\ E1/ F2\ C0/
8x8Trax_2320685 Dragon101 vs. Paddington Bear : @0+ @1+ @1+ @1\ E1\ A0\ A0\ E4\ C1/ D0\ @3+ D5/ D6/ @3+ G3/ H3/ H5\ H6\
8x8Trax_2320702 s_strum vs. ejd : @0/ B1\ A2/ A3/ C1/ B0\ @4/ C4\ C5\ E4+ D6/ A5/ F6\ E7/ @5/ D7/ C7/
8x8Trax_2320708 star2570uk vs. Marko : @0/ B1\ B0+ A3\
8x8Trax_2321694 Didier vs. Shreela : @0+ B1/ @1/ A2/ A3+ B4/ @3/ A2+ @2/ E0/ C1+ A2+ E3\ F2/ B6/ A5+ @3/ E0+ C1+ A2+ @4/ D0/ C1+ F8\ G7/ H6/ G8\ H8+
8x8Trax_2321695 Shreela vs. Didier : @0/ @1+ B0/ @2\ D1/ D0/ D0+ E2\ B5\ C0/ @4/ B6+ @4/ D7\ A7/ C8\ @6/
8x8Trax_2321696 Didier vs. spitfire : @0+ @1+ C1\ @1/ D2\ E2+ D3\ D0/ B4/ B5/ F3/ C5\ C6\ E5\ F5\ G5\ E7/ H3/ H2/ H1/ F0+ A6/ B2/
8x8Trax_2321697 spitfire vs. Didier : @0+ A0\ A3/ @3/ @2/ A3/ @3/ C4\ B5\ @4\ D5+ E5\ F5\ A6/ @6/ C7+ H5\ F6/ A4\ C8+
8x8Trax_2321698 Didier vs. Thebest : @0+ @1/ C1/ @1/ B0/ A3/ C0/ D4\ E3\
8x8Trax_2321699 Thebest vs. Didier : @0/ @1+ B2/ B0\ @2/ A1/ C0/ D1\
8x8Trax_2321700 Shreela vs. spitfire : @0/ A2\ B1/ C1/ B2+ B0/ D3\ D4\ D5\ C1/ B4/ C6\ D6\ @3+ F5+
8x8Trax_2321701 spitfire vs. Shreela : @0/ A0/ @2+ B0+ @2/ D3\ C4/ C5/ @1\ B0/ B5+ A4+ @3+ @3\ G5+ C1\ D0/ E2/ E8/ H6/ G3/ F1/ G1+ H7+ A5/ A6/ A7/ C8+ F8\ G8+
8x8Trax_2321704 spitfire vs. Thebest : @0/ A2\ B1/ @1/ C2\ D1/ B0+ @3\ C0+ E4\ F4\ B5\ C5\ D5+ C6/ @5/ A6/ D7+ D0/ E1/ H6\ G7/ F2+ E7+ C7+ B8\ G4/ H4+ F8\ H2/ A4+ G1/
8x8Trax_2321705 Thebest vs. spitfire : @0/ B1\ B2\ B3\ A3/ B4/
8x8Trax_2321708 Dragon Jr vs. Megababe : @0+
8x8Trax_2321709 Megababe vs. Dragon Jr :
8x8Trax_2321712 Dawn vs. Megababe : @0/
8x8Trax_2321713 Megababe vs. Dawn :
8x8Trax_2321716 Megababe vs. fallingstar :
8x8Trax_2321717 fallingstar vs. Megababe : @0/
8x8Trax_2321718 Jay RAA vs. Dragon101 : @0+ A2+ A3+ A4/ @4/ @4/ C0+ A3\ @3\ E2\
8x8Trax_2321719 Dragon101 vs. Jay RAA : @0/ A2+ A3/ B1+ C2/ D2/ C0+ B1+ C0+ E4\ C5+ C6/ E2/ F4\ D1/
8x8Trax_2321720 Jay RAA vs. Guyver : @0+ @1+ A2\ A0\ @1+ A0\ @2+ @2+ @2+ @2\ A1\ E0\ @1\ B0/ A3+ H4+ H3/
8x8Trax_2321721 Guyver vs. Jay RAA : @0+ B1\ A0+ @2/ A3/ @3/ C0+ B5+
8x8Trax_2321724 Dragon101 vs. Guyver : @0/ B1+ C1/ C0/ C0+ A2+ C0+ D2+ B5+ E2+ D4\ D5\ D1/
8x8Trax_2321725 Guyver vs. Dragon101 : @0+ A2+ A3+ A4/ @4/ @4/ C0+ A3\ D3\ @3/
8x8Trax_2321726 Dragon101 vs. The Pampered Cricket : @0/ B1\ B2\ C1\ A0/ C0+ D1/ B0/ A2+ @3+ B0\ A1\ @3/ G2\ F6/ H2\ G1/ D0+ F1+ H2/ C0/
8x8Trax_2321727 The Pampered Cricket vs. Dragon101 : @0+ A2+ A0+ A4/ @4/ @4/ C0+ A3\ D1\ @3/
8x8Trax_2321728 Guyver vs. The Pampered Cricket : @0+ B1\ A0+ @2/ A3/ B0\ A1\ @4/ A5/ @5/ C6\ B7+ @7+ F6\ D0+
8x8Trax_2321729 The Pampered Cricket vs. Guyver : @0+ B1+ A2\ A0\ C2\ @3\ D4\ E2\ D1+ E4\ F3+ G3\ G4\ E0/ F2\ G3+ A5/ @5/ D6/
8x8Trax_2321732 rogerrabbit vs. Goonerg : @0/ B1/ A0\ @1\ C0/ D3/ B0+ B0/ B0/ A2+ A6+ D4/ E3\ E0+ F1/ A1\ @1/
8x8Trax_2321733 Goonerg vs. rogerrabbit : @0/ B1\ A2/ B0\ C2+ @2+ A0\ @3\ E1/ A1\ C0/
8x8Trax_2321736 Loretta vs. Goonerg : @0+ B1/ A2+ @1/ B3+ A0/ @3\ B0/ B5+ B6/ @2+ A0+ E5\ F6/ A5/ @3/ A5+ G7\ H7\ E8+
8x8Trax_2321737 Goonerg vs. Loretta : @0/ B1\ A2/ @2+ B0/ C0/ D3+ @2/ C1\ C0\ B6/ A2\ @3/ E1/ E0/ C8\ D8\ E7\ F8+ B6+ G7+
8x8Trax_2321740 Goonerg vs. chaosbreaker : @0/ B1+ A0/ C2+ A3+ @3/ A2+ B0+ @3\ D1/ E1/ F2+ @4/ B5+ A1\ RESIGN
8x8Trax_2321741 chaosbreaker vs. Goonerg : @0+ @1+ B0+ B3/ A1+ B0/ C3+ C2+ A5+ C4\ B5+ D2\ @3+ E5\ RESIGN
8x8Trax_2323141 heidibb vs. prime mover : @0/ A2+ @1+ B3\ C3\ A0\ B0\ A4/ @2\
8x8Trax_2323936 Elvis vs. LilSis : @0+ @1/ @1\ A0\ B3\ B1/ A0\ D3\ C4\ @3/ A4/ C5\ D5\ E5/
8x8Trax_2324303 gaspy vs. Rogue Trooper : @0/ A0+ B2/ A0/ A0/ C1+ D2/ A5/ @5/ @5+ D6+ E4+ B7/ A7/ C8\ D8\ @6\
8x8Trax_2325627 cocopuff vs. SweetCindyJo : @0/ A2\ B2\ B3+ A0\ @2+ @2\ A1\ E3/ E2/ B0\ E2\ F2/ F1/ C0+ F5\ A1\ F6/
8x8Trax_2325628 Sweetcheeks vs. Megababe : @0/ B1\ A2/ B2+ B0/ C3/ C4/ B0/ A2\ @3/ B1\ C0/ A3+ @2/ A5/ @5/ F7\ G7\ G6+ B1\ A2+ D0+
8x8Trax_2325714 YankeeFan vs. golfnutrof : @0/ @1/ A2+ C1+ B3/ C0/ B1+ B0\ @3+ C0\ @4/ E0/ F1/ B1\ F3\ A1/
8x8Trax_2326643 keops vs. gaspy : @0/ A0/ A0/ @1+ B4/ C1/ C0/ @3\ E5+ C6/ E7+ @5+ D8/ C8/ @7+
8x8Trax_2328408 B Line electric streetcar vs. Traxplayer : @0/ @1/ A2/ B3+ C1/ B4/ B5/ B6/ @3\ D0/ E4+ B0+ @4/ E6+ @6+ H4+ A2+ DRAW
8x8Trax_2328472 drgnrdr vs. grade1teacher : @0/ B1\ A2/ @2+ @2\ B0+ @3\ C4\ B4+ E4\ D5/ F2\ @1\ A0\ A5/ @5+ C6/
8x8Trax_2328545 Rogue Trooper vs. dgb : @0+ @1+ C1/ C0/ C0/ D1/ A1\ A0\ B1+ A0\ @2+
8x8Trax_2328561 keops vs. dboy97 : @0/ @1/ C1/ B2+ D1/ D0/ E1/ B0+ B0/ D6+ F6+ G4+ F7+ G7\ @4+ G1+ E0\ H2/ C7/ D8+ C1\ B2+ A6+ A8+ A1/
8x8Trax_2328908 Jane vs. Marko : @0/ A2\ B1/ B0/ A4+ @1\ A0\ B6+ C4\ D4\ C1+ A0\ @4+ @1\ B0+ D2/ D1/ F3+ C6+ G3+ A1+ @3+
8x8Trax_2333067 cctiger2000 vs. Linda Sue : @0/ @1/ A2+ @2\ A3/ @3/ C3+ B4\ B5+ C4+ D4\ E4\ C5+ F2/ D0+ D0\ B8\ A3\ @3\ A2\ A1\ @4\ A2+
8x8Trax_2333180 paganje vs. REBEL DJ : @0/ B1+ A0\ @2+ A1+ @2+ B0/ @3+ C4/ C5/ E4/ E2+ F3/ G3/ F4+ @3+ G1+ B5/ D6/ A2/
8x8Trax_2333242 Azalea vs. STrek : RESIGN
8x8Trax_2333314 rogerrabbit vs. YankeeFan : @0+ B1/ B2\ C1/ @1/ A2/ C3\ D3\ E2\ D0+ B4/ D5+ E2/ F3+ A4+ @3+ B1+ @3+ G4+ G5\ H1/ H5+
8x8Trax_2333643 hoot vs. drgnrdr : @0/ A0/ @2+ B0\ @2\ A1\ D1/ B0/ A0\ @2/ A5/ @5/ D0/ E1/ F1/ F6\ G6+ E7\
8x8Trax_2334390 Linda Sue vs. Mumsie : @0/ A2\ B2\ B3/ C3\ C4+ C5\ B4+ B5+ A4/ @2\ @1/ @1/ C0/ C0\ D2+ G7\ E3/
8x8Trax_2334938 Sartex vs. Rand al*Thor : @0+ B1\ @1\ A0+ D2/ D1/ D0/ D0+ E3+ D5/ E1/ F3/ F4+ A1\ C0+ E1/ D7/ @5\ A6+ H6/ G8+
8x8Trax_2335007 SweetCindyJo vs. STrek : @0/ B1/ @1\ A0+ A0/ B1/ B0+ @2/ D1/ @1\ A0\ E3+ D1\ B0+ E1/ F5/ D0\
8x8Trax_2335172 violet unicorns vs. HEATHER : @0/ A2\ B1/ B2\ C1/ B3/ C2\ D3\ D4\ C4/ D5\ B4/ D1/ B5\ E5\ F4/ F3/ F2/ F1/ G3/ G2/ G1/ F0/ H3/ A4/ H2/ C7/ F7\ G7\ D8\ E8+ B8/ A8/ G8\ A7\ H8/ A6\ C1/ D1/
8x8Trax_2337334 Jump This vs. tjancira : @0/ A0/ A0/ @1/ C1+ A3/ A0/ B5+ D5+ @3+ B0/ @5\ G4/ G3/ B0\ A3+ H6\ H7\ C0/ D2\ G4/ D1/ DRAW
8x8Trax_2337496 ejd vs. s_strum : @0+ @1\ A2/ @2/ C0/ A2\ @2\ D0/ E2\ F2\ F3\ G3\ E4+
8x8Trax_2338712 hayleesam vs. Rand al*Thor : @0/ B1\ A2/ B2+ C2\ A3/ @2/ B4/ A4/ A5/ @5/ @1+ D6+ B0+
8x8Trax_2338713 Rand al*Thor vs. hayleesam : @0+ B1+ A2\ B0/ C1/ C0\ B1+ A2\ @2\ A1\ C0/ C0\ B7\ E5/ A7/ @6/ B8\
8x8Trax_2338714 hayleesam vs. Rogue Trooper : @0/ A0+ A3/ @3\ C1/ C2+ D2\ A1\ C0/ A0+ C0\ D7+ B8\ @6+ E1/ F2/ F7\ F4+ G5/ G2\
8x8Trax_2338715 Rogue Trooper vs. hayleesam : @0+ A2\ B2/ B1/ @1/ @2\ B0+ B0\ @1+ A0\ F4/ B0\ E4+
8x8Trax_2338716 hayleesam vs. Traxplayer : @0/ @1/ C1/ D1/ A0/ @1/ F2/ D3+ F1/ B4/ A4/ F4\ G4/
8x8Trax_2338717 Traxplayer vs. hayleesam : @0/ @1/ A0/ B1/ A3+ @1/ A0/ @1/ A0/ B4/ E4\ A4\ @4\ @3/ E2+ E1/ H4+ F6/ F7/ D0/ D8/ C7/ G6+ C8/ H6\ B2/ E1+ DRAW
8x8Trax_2338718 Rand al*Thor vs. Rogue Trooper : @0+ A0/ B2+ B3\ A3+ B0\ B5+ C3/ @3/ E4\ A1\ D5\
8x8Trax_2338719 Rogue Trooper vs. Rand al*Thor : @0+ B1+ A0/ B3\ C3\ @2+ C4+ B4+ D5/ @2/ F5\ F3+ E6\
8x8Trax_2338720 Rand al*Thor vs. Traxplayer : @0/ @1/ A0+ A3\ B3+ C2+ @1\ @1\ B3+ B0+
8x8Trax_2338721 Traxplayer vs. Rand al*Thor : @0/ A2\ B2\ B1+ B3/ A3+ @3\ A1+ D2+ A0\ A0\ @1\ D1/ B0+ F4\
8x8Trax_2338722 Rogue Trooper vs. Traxplayer : @0/ @1/ A2/ C1+ @2/ A0+ @1\ D0/ E1/ A1\ @2+
8x8Trax_2338723 Traxplayer vs. Rogue Trooper : @0/ A0+ A3/ @3\ A1+ B0/ C1/ D1+ B0+ A1\ @1+ A0/
8x8Trax_2338724 The Viking vs. jaha : @0/ A0/ B1\ A3\ B3\ B4\ C2/ @1\ B0+ A5/ A6/ @4\
8x8Trax_2338725 jaha vs. The Viking : @0/ A2+ A3/ @3/ C1\ C2\ @3/ C4\ A1\ C0/ @3\
8x8Trax_2338726 The Viking vs. tjancira : @0+ A0\ A3\ @2+ A3+ @2/ @2\ A1\ A0\ A0+ @1\ E1/ F2/ D0/
8x8Trax_2338727 tjancira vs. The Viking : @0/ A2+ B1/ A3+ A0+ @1\ A0+ @2/ B0/ D2+ E3+ C7/ E4+ D6\ A4+ B6+ C8/ A7/ @7/ A8/ @8/ B4+ G6\ H5+ A3+ DRAW
8x8Trax_2338728 jaha vs. tjancira : @0/ A0/ B2/ B1+ A3\ C1+ @2+ @1/ A0+ @1+ B0/ @2/ H3+ A4+
8x8Trax_2338729 tjancira vs. jaha : @0/ A0/ A0/ A0/ B1/ A5+ A0/ @3+ @2+ E3+ C0+ F4\ B0/ @2+ C8+ B7\ A7\ A6\ RESIGN
8x8Trax_2339491 golfnutrof vs. drgnrdr : @0+ @1/ C1/ A0/ @2/ C3\ D0/ E3/ A1\ @2\
8x8Trax_2340433 arthur vs. DarkHoney : @0/ B1\ A2/ B2+ @1\ B0/ B4/ B5+ B6\ D5+ C7/ A6/ @4\ A2+ @2\ A1+ B0\ G6+ @2+ B6\ A3/ A4\
8x8Trax_2340724 heidibb vs. gaspy : @0/ @1/ A2+ B3/ B0/ C1/ C0/ D4+ B6/ @5\ F3/ A7/ @7/ F7+ D8\ G6+
8x8Trax_2340772 Cheeky Will vs. heidibb : @0+ @1\ A0/ C2/ B1+
8x8Trax_2340852 CashJohnson4 vs. heidibb : @0/ A2+ @2\ B3\ C1/ C0/ D1/ E3+ F2/ B5\ C0/ A6/ A7/ @4/
8x8Trax_2340926 Cheeky Will vs. heidibb : @0/ B1+ B0\ C2\ B3/ A0\ @3/ A4/ A1\ B5+
8x8Trax_2341420 Dionysos vs. heidibb : @0+ @1\ B2+ C1/ B0/ B0/ C1/ C0/ D1/ E2+ C5+ C6\ A5/ @5/ B6\ D7+ B7+ G2\ F0\ G1+
8x8Trax_2341426 Megababe vs. Rand al*Thor : @0+ @1+ C1+ B2/ A0/
8x8Trax_2341446 csain1 vs. Rogue Trooper : @0/ A0+ A3/ A0/ B4+ B2+ A0/ C2\ @1+ E1/ C0+ E5\ E6\ F4/
8x8Trax_2341447 * vs. Sartex : @0/ A0/ B1+ A3+ B4/ @4\ A2+ D2+ E2\ E5+ B5+ F4+
8x8Trax_2341506 ScoobyRex02 vs. YankeeFan : @0/ B1\ A2/ @2+ A3+ @1\ B0/ A3+ A4/ @2\ A5\ @4+ @3/ F4+ G4\ G5\ @4/ G6/
8x8Trax_2341566 dgb vs. jaha : @0/ A0/ B1+ @2\ @2\ C3+ E2+ F2\ F4+ G2+ D5/ C4+ E6\ F6\ C6/ G5+ B5\
8x8Trax_2341629 Dragon101 vs. Sir Face of the GoldTable : @0/ B1\ B2\ B3\ A2+ @1/ @1/ B3+ B4/ @4+ @3/ B5+ A1\ C0\
8x8Trax_2341630 Sir Face of the GoldTable vs. Dragon101 : @0+ A2+ A3+ A4/ @4/ @4/ C0+ A3\ @3\ E2\
8x8Trax_2341631 Dragon101 vs. Lone Outlaw : @0/ B1+ C1+ D1+ A2/ @2+ B0/ A4/ B4+ @3+ E4\ G2+ E5/
8x8Trax_2341632 Lone Outlaw vs. Dragon101 : @0/ @1/ B0+ A0/ A4/ @2\ @3\ C5/ E3/ @4+ A2\ D6/ @2/
8x8Trax_2341633 Dragon101 vs. The Pampered Cricket : @0/ A2\ B1/ B0\ B3+ @3\ B1\ A1\ @2/ B4+ @2/ C5/ @3/ E0+ C2+ @4/ A5/ @4\ C3+ D1\ F0/ H1+ F0\ E1\ D1\ C3\ B2/ A3+ A2\ A1+ H7+ H8+ B8/ C1\ G1+
8x8Trax_2341634 The Pampered Cricket vs. Dragon101 : @0+ A2+ B2/ @1/
8x8Trax_2341657 cpt_vimes vs. Rand al*Thor : @0/ A2\ B2\ B1+ C1+ A0/ B4/ D3\ D4\ D5\ E3+ D2+ A4+ @4/ @4/ A5/ C6/ B6+ F6\ E7+ @6\ C7+ B7+ F8/
8x8Trax_2341658 Rand al*Thor vs. cpt_vimes : @0/ A2+ A0/ B1\ B3/ @3/ A2+ A4\ @1\ A0\ B1+ B6+ A3+ A0\ @4+ F3/ F2/ F1/ A0/ @2+ @3\
8x8Trax_2341661 Weth vs. Rand al*Thor : @0/ B1\ B2\ A2+ @2/ C3\ @2/ B1+ E3\ B4+ @3+ E5+ G2+ G4+ A5/ A6+ @5\
8x8Trax_2341662 Rand al*Thor vs. Weth : @0/ A0/ B2+ C2\ A3/ D2\ C1+ E2+ A4/ @2\ F0+ D6+ F6+ C1+ D0\ D0\ G4+ G7+ H6+ B1+ A1/ G2/ H2/ G1/ G8\ H8\ F2+ H1/ A8+
8x8Trax_2341663 pioenroosje vs. Rand al*Thor : @0/ A2\ B1/ C1+ C2+ D1/ C0/ B1+ A0/ @4\ C0+ B6+ @3+ A5+ C7+ D0/ F1+
8x8Trax_2341664 Rand al*Thor vs. pioenroosje : @0/ @1/ A0+ A0\ @3/ C4\ D2\ C1+ B5+ @3\ A4+ C6+ A1\ @2+ @3\
8x8Trax_2342093 dab vs. heidibb : @0/ B1\ A2/ B0\ C2+ @1\ A0\ D1\ @2+ F2\ B0\ D2\ E5\ C6/ D1+ G3\ D0\ C8+
8x8Trax_2342114 heidibb vs. Cheeky Will : @0+ B1\ C1/ B0\ @2\ B0/ D1/ D0/ B5/ C1\ D0/ C1\ D0\
8x8Trax_2342157 Cheeky Will vs. heidibb : @0+ B1/ B2/ @1\ D1/ B0+
8x8Trax_2342489 heidibb vs. Cheeky Will : @0+ B1+ A0/ A3/ @3+ @2\ A1/
8x8Trax_2345453 Shaffyre MIA vs. heidibb : @0+ @1/ @1\ A0\ B1+ C1/ B0\ D3\ C4\ C0\ E4\ E5\ D1+ D6+
8x8Trax_2345609 FujiTape vs. countrygirl 752 : @0/ A0\ @2\
8x8Trax_2345715 hANDYman the Rebel vs. aussielady : @0/ B1/ A2/ @2+ C3\ D2+ C4\ D4\ E4\ F4+ E5/ F1/ G2\ D0/
8x8Trax_2345991 taffy vs. heidibb : @0/ B1\ A2/ A0/ A4\ B4\ C2\ D3/ C0+ E5\ B6\ B7+ C7+ B0/ F6+ E4+ G6+ F2/ H6+
8x8Trax_2346002 Egon Nilsson vs. heidibb : @0/ A2\ B1+ C1\ B2\ B3\ C2\ C0\ C4\ D2/ E3/ @2/ E1/ E0\
8x8Trax_2346105 FujiTape vs. countrygirl 752 : @0/ B1\ A2/ A3/ A0\ @2/ D2/ A3+ C1/
8x8Trax_2346588 Dania59 vs. paganje : @0+ B1/ A2\ @1\ C0/ D1/ B0\ @2/ F3+ A4/ C5\ @4\
8x8Trax_2346608 drgnrdr vs. grade1teacher : @0/ B1\ A2/ @1/ @1/ B0+ @2/ F2\ B3+
8x8Trax_2346621 Uncle Chuckie vs. Phil The Hat : @0/ B1\ A2/ @2+ D1/ D0/ B1+ E2\ E3\ F1/ F0+ @4+ A2\ C1\ @3+ H0\ G1\ B2\ B1\ G0\ D7\ D1\ E7/
8x8Trax_2346779 heidibb vs. Pamela : @0+ @1+ B2/ A0\ @2\ D2+ B4\ A3+ B0\ @5/ A6/ A4+ F3/ @3\ A2\ F4+ A5+ @3\ A5+ H5\ H6\ A2+ E6\ D2\ D7/
8x8Trax_2347505 Slowgamer vs. Misfit Lenrad6672 : @0/ B1\ B2/
8x8Trax_2348075 Lorry vs. Megababe : @0/ @1/ A2\ B2\ B3+ C1\
8x8Trax_2348508 Marko vs. adopt 3 : @0+ B1/ C1\ C2\ A0\ B3/ C4\ @3/ C4/ D5\ RESIGN
8x8Trax_2349544 spitfire vs. MizE : @0+ B1\ C1/ C0/ D1+ B3/ C3\ C4\ C5/ B5\
8x8Trax_2351903 Nancy vs. Rand al*Thor : @0/ B1\ B2\ A2+ B3/ A3/ A0\ @2/ B5+ B0/ C1/ D4+ D6\ D7\ E4/ F5+ A2+ C0/ @5\ G4+ H5\ C8+ B2\ A7/ H8\ A1\ H3+
8x8Trax_2351959 Megababe vs. Oartkickel of the Wolf Pack : @0+ @1+ C1+ D1+ A0+ E2+ D1+ F2+ B1/ C3\ B0+ C1/ C0/ A5/ C6\ @4+ A2+ @4+
8x8Trax_2352953 Good Knight vs. Marko : @0/ B1\ B2\ C2+ B3\ D2/ A2+ C4\ D4\ E4\ A4/ RESIGN
8x8Trax_2352966 s_strum vs. ejd : @0/ B1\ A2/ @2+ C2\ B3/ B0/ D2/ E3/ D1/ D0/ D5\ C6\ @5/ A6/ B7/ B8/ A8/ @7/ B3/ F6+ A4\ @5/ G7+ B8/ H5\ H3+
8x8Trax_2353588 golfnutrof vs. Jump This : @0+ B1+ C1\ C2\ C3\ B4\ D3+ D4\ E3/ E0+ F1/ F4+ G4\ G6+ F7\ H6+
8x8Trax_2353719 DIRKSTRA vs. drgnrdr : @0/ @1/ B0+ @2\ C0+ @3\ C4+ B2+ C5+ C1+ E3/ D0\ C0/ C0/ @6\ B4+ F4/ G3\ @6/ D7+ C3\ B2+ A2+ A1\ G8+ H6+ D2+
8x8Trax_2353743 Irishrose vs. Marko : @0/ A2\ @2+ C1\
8x8Trax_2355497 grade1teacher vs. paganje : @0/ A2\ B1/ B2+ B3\ C1/ B4\ C5/ A3+ D1/ A0+ E3+ F2\ D0+ A8/ @7+ @6/ B3/ A2+ G1+ H1\ G8\ H7+ C1\ A4+ A8\ H8+
8x8Trax_2355693 * vs. JiffyJeff : @0/ A2+ @2\ B3+ C3+ C1/ C4/ @1/ B4/ B5+ A0\ @1+ D0+ F1/ D0/ C1+ A5+ @4+ A5+ G4\ H4\ G6\ G8+ H8\ A7+ DRAW
8x8Trax_2356441 Alvina vs. toadisgimpy : @0/ B1\ A2/ @2/ @2+ B3/ D2\ E2\ C4\ D3\
8x8Trax_2359611 grade1teacher vs. * : @0/ B1/ A0\ @1\ D2\ D3\ E2\ E1\ B0+ D0\ E2+ F3+ C1\ B0/ @3/ G1/ F0\ H3\
8x8Trax_2359672 jaha vs. Rogue Trooper : @0/ A0+ B1/ B0\ @2/ A1+ B4/ C3+ C5+ A4/ @4+ D6/ E4+ E1\ F4\ G5/ H2+ H1/ D0+ A7/ A8/ C8\ E8+ G7+ H7\ H8\ F1+ B1+ A1\
8x8Trax_2359673 Phil The Hat vs. rogerrabbit : @0/ @1/ C1+ D1\ D2\ C0/ D4\ E4\ B1+ F4\ F5\ G5\ E6/ E7/ A6+ @6+ A7/ A2+ A8\ B8\ C7+
8x8Trax_2359682 balmoral vs. Marko : @0+ RESIGN
8x8Trax_2359753 drgnrdr vs. dingbat : @0/ A0/ @2/ @2/ @2/ C0+ C4+ @4/ D5/ F3+ E5+ D0/ E0\ A4/ E8+ F1/ G1+
8x8Trax_2360432 Dania59 vs. YankeeFan : @0/ A2\ B1/ B0+ C1/ B3+ A4+ C3\ D2\ @4/ E1/ F2\ B5\ A1\ @3/ C0\
8x8Trax_2360433 YankeeFan vs. Dania59 : @0/ B1/ @1\ B0/ D2\ D3\ B3\ C1+ A3/ @3\
8x8Trax_2360436 YankeeFan vs. Jay RAA : @0/ B1+ @1\ A0\ @1+ C3/ @1+ A3/ B4\ A0\ @3/ A4/ @4/ @3/ G2+ H2/ G1/ F0/ D6+ C1\ D0+ H7\ F8/
8x8Trax_2360437 Jay RAA vs. YankeeFan : @0+ @1/ @1\ B0/ D2/ B3+ E1/ D0\ A4/ @4\
8x8Trax_2361047 FujiTape vs. valerie8260 : @0/ B1\ A2/ B2+ C1/ C0/ @2\ A1\ @3/ @1\ B4\
8x8Trax_2361303 Gnahaha vs. paganje : @0+ A2/ B2/ A3/ @3/ A4/ @4/ B5+ C6/ E2/ C0\ @5/ @1+ C0/ F2+ B8/ A7/
8x8Trax_2362710 Sartex vs. tjancira : @0/ @1/ B2/ C2/ C3/ A2/ @2+ @2/ F3\ F4\ F1/ G1/ D3+ E0/ E0/ C2+ A3+ @3+ B1\ A1+ C0/ F1/ D1\
8x8Trax_2362819 drgnrdr vs. REBEL DJ : @0+ B1+ B2/ B0+ B0\ A2\ B5/ @3/ D5\ D6\ @4\ A6+ @3/ E7+
8x8Trax_2363094 basplund vs. Dawn : @0/ A0/ B1+ A3+ C1\ @3/ B0/ B0/ D2+ A1\ RESIGN
8x8Trax_2363133 Traxplayer vs. jaha : @0/ A0/ A0/ A0/ @2/ C3\ D2+ B0/ @2+ @3\ E0+ D1+ C0+ B6+ G4+ @5+ RESIGN
8x8Trax_2363134 jaha vs. Traxplayer : @0/ @1/ A0/ @2+ B0/ B4\ B5+ A5+ B6\ C6\ D3/ B7+ A7/ A8/ @5+ @6+ G3/ RESIGN
8x8Trax_2364010 angelo vs. marlisam : @0+ B1/ A2+ @1\ C2\ D1/ A2/ @2/ C3/ B0/ E3\ D1\
8x8Trax_2366387 Shaffyre MIA vs. countrygirl 752 : @0+ @1\ C1\ C2\ B3\ D2+ A3/ A4/ @1/
8x8Trax_2367752 * vs. LYNNLYNN : @0/ B1+ B0+ C2\ A3/ D2/ C1/
8x8Trax_2367872 bluenun vs. * : @0/ A2\ B1/ @1+ D1+ D0+ C1\ E2/ C3+ D4/ E3+ E0+ F4\ G4\ F6\ E7\ F7\ C7/ B6/ D8/
8x8Trax_2368078 Uncle Chuckie vs. Dragon101 : @0/ @1/ B0/ @2+ B3/ B4/ D1/ A0+ E4+ E6+ C7+ A6+ @6/ G3+ H3/ H1+
8x8Trax_2368079 Dragon101 vs. Uncle Chuckie : @0/ B1/ B2+ B0/ C1/ @1\ C0+ C0/ E2+ F2/ F0+ E0/ G2+ H2\ H4+
8x8Trax_2368080 Weth vs. Dragon101 : @0/ A0/ A0/ @3+ C1+ D1\ A4/ @4+ A2+ @4+ A1\ C0+ C6\ D6\ G3+ C7/ B7/ @5+ H2+ H1/
8x8Trax_2368081 Dragon101 vs. Weth : @0/ @1/ A2+ B3/ B0/ C3\ B5/ @5\ D5\ C6/ E3+
8x8Trax_2368179 * vs. bezmay : @0/ A2\ B2\ B3\ @2\ D3/ A0/ C2+ D2/ E3/ @1\ A0\ A5/ B6\ @4\
8x8Trax_2368278 Sigrun vs. basplund : @0/ @1/ C1\ C2/
8x8Trax_2369590 DINGEROO vs. STrek :
8x8Trax_2372065 FujiTape vs. valerie8260 : @0/ B1\ A2/ B2+ C2\ B3/ @1\ A0+ B1+ @1/ B0/
8x8Trax_2373004 Shariann vs. Rand al*Thor : @0+ @1+ A0/ B3\ @2\ B0/ D2/ @1\ A0\ D6/ C6/ B6\ D7\ E7\ F3\ F4+ F6\ B7+ E8\ F8\ G7\ H5+ D1/ E1/ A4+ F1/ G2/
8x8Trax_2374288 spitfire vs. rogerrabbit : @0+ A0+ A3+ @1/ C2\ B0\ B5/ @1\ A0\ B5+ E4/ E3/ B1/ C0\ @3+ F3\ B5/ F2+ G3\ F6+ @4\ C6+ B5+ B6/ C7+ E8/ B1\ G7/
8x8Trax_2374570 ERIN MIA vs. violet unicorns : @0+ A2\ B2\ A0\ C2/ C1/ B4/ A4/ @1/ A2/ @2/ C5\ B4/ A4/ D5\ E5\ B6\ B7\ C6\ D6+ B8\ D7\ @8/ @7/ A8/ B4+ A3/ @4\
8x8Trax_2374686 ejd vs. s_strum : @0+ A2\ B1+ B0/ B0/ @3/ C0\ B1\ A6/ @6/ B3\ A4/ @5\ E6+ D7\ D8\ B2\ B1\ A8/ @7/ G6\ G7\ H5/ G4+ H2/ F8+ G1/
8x8Trax_2374717 Sara vs. SweetCindyJo : @0+ @1/ A0\ @2/ B0\ A1/ @3+ A4+ A5\ B5\ D1/ D0/ C6+ B7/ D5\ E3/ @5/ B7/ A7/ @7/ D8+ E7\ H3+ H2/ B4\ A4\ A6\ G7\ E8\ D1/ B2+ B1/ H7+ H8+ A1+
8x8Trax_2374718 Phil The Hat vs. REBEL DJ : @0/ B1/ C1\ C2+ @1\ B0/ D1+ A1+ A0\ @2+ B4\ C5/ A4+ @3/ A5+ B6+ D6+ D7\ G7+ E8/ G2/ G1/ H1/
8x8Trax_2374761 tjancira vs. Sarah : RESIGN
8x8Trax_2374770 Rogue Trooper vs. Sartex : @0/ A0+ @2\ B0/ B0/ A3\ C2+
8x8Trax_2374773 paganje vs. drgnrdr : @0+ @1\ A2/ @1\ A2+ B0+ A4\ A5\ C3\ D2/ C0/ D5\ E6/ E4+ F5+ @5\ @5/ A4+ B2+ C1+ C7\ F8+ H6\ B8/ A7+ H3/ H2/ H1/ DRAW
8x8Trax_2374956 Geri39 vs. violet unicorns : @0/ A2/ @1\ B0/ @3/ A4/ @2\ A1\ @3\ D4\ D5\ F5\ F6/
8x8Trax_2376216 Sarah vs. keops : @0+ @1+ C1\ C2\ D2\ D3\ A3/ C4+ C5/ @3/ A4/ @4/ A5/ A6+ @4+ H1/ H0/ A7+
8x8Trax_2376258 Irishrose vs. Elvis : @0+ @1/ A2/ C1/ C2\ B3\
8x8Trax_2376705 Elvis vs. LilSis :
8x8Trax_2379075 supermac vs. DIRKSTRA : @0/ A2+ @1/ A3/ @3/ B4+ C0/ D1/ A1\ RESIGN
8x8Trax_2379080 dboy97 vs. jaha : @0/ @1/ C1/ D1/ @1/ C0+ D3+ E0/ RESIGN
8x8Trax_2380452 FujiTape vs. valerie8260 : @0/ B1\ A2/ B2+ C2\ B3/ B4/ B5/ A3+
8x8Trax_2380586 Rogue Trooper vs. supermac : @0+ @1/ A0/ B3+ C3\ C4\ A0/ D4+ D3/ E1+ E0/ E4+ E0/ F4/ A1\ @1\ B0/
8x8Trax_2380597 * vs. DIRKSTRA : @0/ A2\ B2\ B3+ @2+ A1+ C4/ C1+ @2+ A4/ B5\ @3+ F2\ D0/ D6+ @4\ A2+ D7\ C7+ H4\ H5\ H6+ B1/ RESIGN
8x8Trax_2383681 Dawn vs. Goonerg : @0/ A0/ A0/ A0/ B2+ @4/ D1\ C0\ @2+ E4+ B6/ @6+ G3/ H3/ C0+ A1\ D8+ F1+ G6+ DRAW
8x8Trax_2383682 Goonerg vs. Dawn : @0/ A0/ B1/ C1+ B0/ D2\ A4/ E2\ D1+ F2\ D0/ D0+ G2/ G1/ @3\ B2+ C7+
8x8Trax_2383685 Dawn vs. Dragon101 : @0/ A0/ A0/ A0/ B2+ @1+ D2/ D3+ A0\ E3/ C6+ E5+ F3/ G3/ E1+ D0/ D8/
8x8Trax_2383686 Dragon101 vs. Dawn : @0/ A0/ B1+ A3+ B4/ @4\ A2+ D4+ C0\ C6\ B6+ @4/ @4/ F2/ G2/ @4/ E0/ E8+ B8+ C3+ H6\ G8/ H7\ DRAW
8x8Trax_2383687 Goonerg vs. Shreela : @0/ A0/ B1+ C1\ A3+ @3/ C0/ A2\ RESIGN
8x8Trax_2383688 Shreela vs. Goonerg : @0/ @1/ B0+ B0\ @3+ A4/ B4+ C0\ @2+ D6/ E2/ D7/ E4/ F4/ E1/ D8/ A6\ @5+ H4/ H2+
8x8Trax_2383689 Goonerg vs. Dragon101 : @0/ A0/ @2+ B0+ C1\ @1+ B0/ C5/ D6+ E5/ E2\ F3/ F1+ F0\ D0+ B2/ G5+ G3/ H4+ H2/ G1+ A6+ H8+ DRAW
8x8Trax_2383690 Dragon101 vs. Goonerg : @0/ @1/ A2+ C2+ @1/ B0+ B0/ @2\ A1\ C0/ C6\ E3+ F5+ B0+ @1\ E8+ H6+ G4+ A4+
8x8Trax_2383691 Shreela vs. Dragon101 : @0/ @1/ A2+ C1+ D1\ D3+ @1/ C0/ @3\ A4/ @3\ D5+
8x8Trax_2383692 Dragon101 vs. Shreela : @0/ @1/ B0+ B0\ A4/ @2\ @2+ A1\ C0/ @3+ B6/ RESIGN
8x8Trax_2384498 faith64 vs. drgnrdr : @0+ @1+ A2+ @1+ B3+ A0/ B5/ A5/ @5+ A6/ B6+ @5\ E4\ @3\ B2/ A6/ B7+ @5\
8x8Trax_2387136 Oartkickel of the Wolf Pack vs. YankeeFan : @0+ @1/ C1/ A2/ D1\ D2\ B3/ E1+ F2/ E3+ E0+ C1+ @2\ B1+ E0/ A2\ A1\ C0+ A6/ B7+ @6\
8x8Trax_2387176 Megababe vs. STrek : @0+ @1\ B0\ C1/ B0\ C3+ C4\ D2/ C5\ E3\ B5/ C6+ D1/ C0+ @4\ A3\ F6\ G6+ E7\
8x8Trax_2389798 robertst vs. Cinnamon : @0+ B1\ A0/ B0/ C3\ @3/ B4\ B5\ C5\ D4\ C6\ D6/
8x8Trax_2392363 Sartex vs. jaha : @0/ A0/ @1/ B0/ @1+ C0/ D1/ A0+ E5\ C6+ @1\ D0/ G3/ G2/ F1/ C0+ G1/ @3\ C2+ D7/ B7+ B8/ A8/ A1+ H8+
8x8Trax_2394029 Phil The Hat vs. rogerrabbit : @0/ B1\ B2\ B0\ B4/ A3+ B5+ @1\ B0/ D6+ C7+ E5\ C0/ D3+ @3+ F4/ G7/ E8+ A5/ A6+ @4/
8x8Trax_2395525 robertst vs. Cinnamon : @0+ @1\ A2\ C1/ B0\ @3/ B1+ B0/
8x8Trax_2395924 SweetCindyJo vs. Nancy : @0/ B1\ B2\ C2/ B3/ A3/ C1/ C0/ D3\ D4\ D5\ B1\ C0/ @4\ @4\ @2\ B1/ A4/ @4/ B1+ C6\ F1+ B0/ G8/ F8/ E8/ H1\ A2\ B7/ C8\ A4+ A6+ D2/
8x8Trax_2395993 s_strum vs. ejd : @0/ A2\ B1/ B0+ C1\ @1\ A0\ B5/ A5\
8x8Trax_2397954 rogerrabbit vs. spitfire : @0+ B1+ A2\ B0/ @2/ D3\ C4/ C0\ B1\ D3+ A2\ @3/ F2\ A2\ @4\ C6+ G1/ H2\ F0\
8x8Trax_2397957 nisqually vs. spitfire : @0/ B1\ B2\ A2+ @2/ A3/ @3/ D4\ C5+
8x8Trax_2398187 spitfire vs. MizE : @0/ A2\ B2\ B3\ A0\ @1\ C5+ C2+ D3/ E3/ E2/ D1/ C0/ F3/ F2/ E1/ E0/
8x8Trax_2399495 HeatherN vs. baron_backgammon : @0/ A2\ B2\ A0/ A4/ @3\ C1/ D2+ D3+ E3\ C0/ D5+ D6\ E3/ F4+ G4/ G3/ F0\ D8/ D1\ H4/ F6+ C8+ A6+ E8+
8x8Trax_2399612 arthur vs. DarkHoney : @0/
8x8Trax_2399864 rogerrabbit vs. YankeeFan : @0/ B1\ A2/ @2+ @2\ B0+ B0/ D4+ D1/ E2+ D0\
8x8Trax_2399959 robertst vs. Cinnamon : @0/ B1\ @1\ C2/
8x8Trax_2400028 B Line electric streetcar vs. Uncle Chuckie : @0/ B1/ A0+ A3/ @3/ A4/ @1+ D5+ E2+ B6/ A6/ @3+ @6+ E0/ G1+ H4+ G0+
8x8Trax_2400046 Dragon101 vs. LilSis : @0/ A2\ B2\ B3\ C2/ B1+ B4\ D2/ D1/ C0/ D6\ E6\ A6/ @4/ C7\
8x8Trax_2400262 Sherry vs. YankeeFan : @0/ A2\ B2+ A3\ @3+ A4+ @4+ B5/ D1/ D0+ E2+ B1\ B0+ A4\
8x8Trax_2400976 rogerrabbit vs. YankeeFan : @0+ B1+ A2\ A0\ @3\ D3/ C4\ B4+ B5/ D4+ B6/ @5/ A2+ A0+ @5+ A2+ @6\ A7+ B8/ A3+ @6\ A3+
8x8Trax_2401219 robertst vs. Cinnamon : @0/ A2\ B1/ B2+ B3\ C3\ D2\ D3\ C4\ C0\ D5+ E5\ C0/ B1\ A1+ C0\
8x8Trax_2401345 robertst vs. Cinnamon : @0+ B1/ C1\ C2\ D2\ @1\ C2+ B0+
8x8Trax_2401381 Candy Cane Kaz vs. B Line electric streetcar : @0+ @1+ B2/ B0/ C2+ B4\ C4\ C5\ A1+ A5/ B6\ D4+
8x8Trax_2401382 B Line electric streetcar vs. Candy Cane Kaz : @0/ A2\ B1/ A3\ B3+ C1/ @2+ C4+ D3+ C5+ B5\ D5\ C6/ D7\ E7+ E6+ F6/ E5/ A6/ A7/ @4+
8x8Trax_2401387 evldrgns vs. B Line electric streetcar : @0/ @1/ A2\ B2+ B0/ C1/ C0/ D4+ B0\ B0\ B0/ D2/ A3+ E4/
8x8Trax_2401388 B Line electric streetcar vs. evldrgns : @0/ B1\ B2\ C2\ A2/ D1/ B3/
8x8Trax_2401391 pioenroosje vs. B Line electric streetcar : @0/ @1/ B0+ C1+ @2/ E1+ B3+ C0/ B1+ C0+ D1+ E4/ E1/ D0+ F2+ E6+ E7/ F5+ G3/ B1\ A1\ @5/ D0+ G2/ F1\ C8/ DRAW
8x8Trax_2401392 B Line electric streetcar vs. pioenroosje : @0/ B1/ B0+ C1\ A3+ @3/ B0/ A1+ @2+ @2/ @2/ B1+ A4/ A5+ @3/
8x8Trax_2401393 darkest angel 70 vs. B Line electric streetcar : @0+ @1+ B2/ A0\ @1+ C1+ C0/ @2/ B1\ A0/ E2\ A5/ C6\ @4/
8x8Trax_2401394 B Line electric streetcar vs. darkest angel 70 : @0/ A2+ B2\ C2+ D2/ C0+ E3/ D4\ A1+ B0\ E1/ D0/ F3/
8x8Trax_2401415 Janine MIA vs. violet unicorns : @0+ A2/ A0+ @3/ B0+ B0/ A6+ C1/ A7+ A8/ @8/
8x8Trax_2401416 violet unicorns vs. Janine MIA : @0/ B1\ A2/ @2+ C2\ C3\ B3/ C4/
8x8Trax_2401417 Janine MIA vs. YankeeFan : @0+ @1+ B2/ B0/ C1+ A1\ B0/ D3/ C0/ D2+ E2/ D1/ D0+ D6\ D0/ E7/
8x8Trax_2401418 YankeeFan vs. Janine MIA : @0/ A2\ B1/ B0/ @3/ A4+ A2+ @4/ A3+ C4\ B5\ @4\ A2/ @2/ A5/ C1+ @5\
8x8Trax_2401423 violet unicorns vs. YankeeFan : @0/ B1\ A2/ @2+ C2\ C3\ D2/ B3/ B0\ C5/
8x8Trax_2401424 YankeeFan vs. violet unicorns : @0/ A0/ @2+ A3\ @3/ D2/ B4/
8x8Trax_2401425 violet unicorns vs. fallingstar : @0/ A2\ B2\ @1/ C1/ D1/ D0\ @2\ A1\ F2\ F3\ E0/ F1/ G1/ B2/ A1\ B1/ A0/
8x8Trax_2401426 fallingstar vs. violet unicorns : @0+ B1/ C1\ C2\ C0\ D2/ C0/ D1/ @3\ A1\ @1/
8x8Trax_2401427 violet unicorns vs. dingbat : @0/ A0/ B1\ A3/ @2+ @2+ D2+ @2\ F2/ D0/
8x8Trax_2401428 dingbat vs. violet unicorns : @0/ A2\ B2\ B1/ C2/
8x8Trax_2401429 YankeeFan vs. fallingstar : @0/ B1\ B2\ B0\ @2+ D1/ D0/ @2/ A1+ C0\ E6\ F6\ E7\ F3+ G5/ E8\ G2/ G1/ @3/ H3\ D5/ E7\ G7\ H7\ H8\
8x8Trax_2401430 fallingstar vs. YankeeFan : @0/ A2\ B2\ B3+ A0\ @1\ B5\ A5+ @1\ @1+ C0+ A1+ E1/ D0\ F4+
8x8Trax_2401431 YankeeFan vs. dingbat : @0/ A0/ @2+ @2/ A3/ A4+ C3+ C0+ A2+ C0+ A7\ D5\ @6/ D8+ B8+ F5\
8x8Trax_2401432 dingbat vs. YankeeFan : @0/ B1\ A2/ @2+ B0+ @3+ @3/ A4/ A5/ C5+ A6/ E4\ E5\ A7+ @7/ F6+ G6\ A8+ A4+ D8\ B2/
8x8Trax_2401435 jazzbeth vs. gatorbon007 : @0/ A2\ B1/ B0/ @2/ C3+ D3\ D4\ A4\ E2\ E4\ F3\ @4/ A5/ A1\ A0\ @4\
8x8Trax_2401436 gatorbon007 vs. jazzbeth : @0/ @1/ B0\ @2\ B1+ A1\ B3/ A4\ @2\ A5/ B0\ @6\
8x8Trax_2401437 jazzbeth vs. rogerrabbit : @0/ B1\ A2/ B2+ @2\ D1\ B3/ D0/ E2\ D4+ F2\ C5+ F5\ D6/ G4\
8x8Trax_2401438 rogerrabbit vs. jazzbeth : @0/ A0/ A0/ @3/ A4/ B0+ @2+ C0/ @5+ B1\ A2/ C0/
8x8Trax_2401439 jazzbeth vs. Marko : @0/ B1\ A2/ @2/ @1+ C0/ @3\ D4+ E4\ E5\ F2+ D6/ C6/ B5\ A5+ E7\ @4+
8x8Trax_2401440 Marko vs. jazzbeth : @0/ A0/ @2/ @1+ A0\ @3\ D4+ E2/ A0\ @2/ C5+ D1+ C0/ C0/ A7/ D0+ G4/ G3/ H5\ G6+ A4+ E2+ B3+ A2+ F1+ H2+ A1+ H7+ G1+
8x8Trax_2401441 jazzbeth vs. Traxplayer : @0/ @1/ B2/ A0/ B1+ C3/ A3+ B4+ A4+ @2+ B0+ C6\ B6+ A6/ D7/ B0/ C1/ D3+ A6+ @7\ @7+ A8/ G6+ B5/ @8/
8x8Trax_2401442 Traxplayer vs. jazzbeth : @0/ @1/ A0/ @2\ B3+ D3/ C4+ E4/ D5+ D2+ @2/ A3/ @3/ C4\ C5+ B1+ A6/ @4\ C7\ C8+
8x8Trax_2401445 gatorbon007 vs. Marko : @0/ A2\ B1/ B0+ C2/ @1\ A0\ D1/ E1/ B1+ B5/ A5/ E2\ @4+
8x8Trax_2401446 Marko vs. gatorbon007 : @0/ A2\ B2+ B1+ C2\ C3\ @2/ A3/ C4\ D4\ D5\ @5/ D6\ C7/ A3+ B7+ A7/ D8\ E7/ B8/ @7/ A8/ B1\ A2+ F8\ G7/ H6\ G8+
8x8Trax_2401447 gatorbon007 vs. Traxplayer : @0/ @1/ B0\ @2\ B1+ B0\ A2\ @2\ B1\ @3/ A4/ A1\ B0\ @2/
8x8Trax_2401448 Traxplayer vs. gatorbon007 : @0/ B1\ A2/ @2/ B3\ C3\ D2+ C4/ @2+ D5\ E5\ F4\ D6/ C5+ F6\ E7/ G4\
8x8Trax_2401449 rogerrabbit vs. Marko : @0/ A2\ B2\ B3+ @2\ @3+ A4/ A5+ @3+ E5\ C6/ D7+ E6\ F4+ E7+ C8\ A2\ A1+ @3/ B6/ C7+ @4\
8x8Trax_2401450 Marko vs. rogerrabbit : @0/ B1\ A2/ @2+ B3\ C2+ A0+ D3/ C1+ A0/ @4\ E5/ F3/ F4+ @3/ B5/ E6+ G6\ H5/ E7/ E8+ H7/ G2/ G1/ A7+ C8\ B1+
8x8Trax_2401451 rogerrabbit vs. Traxplayer : @0/ @1/ B2+ B0\ A4\ @3+ D2/ E2\ A2+ B5/ B6/ C5+ D4+ C0+ E2+ A7+ @5\ F5\ E7+ E0+ A7/ @5/ H4+ D3+ B4+ C2+ D1+ H1+ B2\ A1/ DRAW
8x8Trax_2401452 Traxplayer vs. rogerrabbit : @0/ A0/ @1/ A2+ C1+ B3/ B0\ A1+ @2+ B0/ B0/ A2+ @3+ @3/ D0/ B2+ B0+ A4+ F3+ G5+ A6/ A7+ A8/ @8/ RESIGN
8x8Trax_2401453 Marko vs. Traxplayer : @0/ @1/ A2/ C1+ A0+ @2\ @2\ A1\ D0\ C0+ A0+ @2\ @2\ A1\ B0\ G4+ G3/ G2+ RESIGN
8x8Trax_2401454 Traxplayer vs. Marko : @0+ @1+ C1/ B0+ @2/ B1\ C0+ B4\ B5/ @2\ A1\ C0/ F4\ F5\ F6\ E7+ E8/ G4/ G3/ G2/ H3+ C7/ B7/ RESIGN
8x8Trax_2402233 Irishrose vs. Rand al*Thor : @0/ B1\ B0/ A3\
8x8Trax_2402305 Traxplayer vs. Oartkickel of the Wolf Pack : @0/ B1\ A2/ A3/ B3+ @2+ B4+ B0/ B0+ @5/ A6/ C7\ E7\ D8/ E4\ F5/ F6+ B7+ A3/ @5/ H5+ DRAW
8x8Trax_2402345 Jane vs. drgnrdr : @0/ @1/ B0+ @2\ C0/ @3\ A2\ B1\ B0\ D5\ E5\ A5/ D6+ @4/
8x8Trax_2403907 golfnutrof vs. Phil The Hat : @0+ @1\ C1\ @1\ C2/ D0\ A4/ @3/
8x8Trax_2403931 Elvis vs. Dragon101 : @0/ @1/ A0+ B3+ C3\ D3+
8x8Trax_2403970 rogerrabbit vs. YankeeFan : @0/ B1\ A2/ @2+ C2\ B3/ @2/ A4+ A5/ @2/ B1+ A6/ @4+ A2+ A6/ @6/ C7\ D7\ E6\ F5\ G4\ H1+ H0/ E8+ F8\ G6\ A5+ D1\ A4+ A2+ H7+
8x8Trax_2404112 basplund vs. kaki68 : @0/ A2\ B2\ C2+ D2/ D1/ E1/ B0+ A4/ @2/ F4\ G3+ D5+
8x8Trax_2404768 robertst vs. Cinnamon : @0+ @1\ B2/ A0/ B1/ B0/ @2/ C0\ D2/ C0/ E2/ E1/ F1/ E4/ F0\ D1\ F5\ G5/
8x8Trax_2405162 Linda Sue vs. cctiger2000 : @0+ @1/ C1/ C0/ D2\ D3\ E3\ F3+ D0\ F0/ G1/ G5+ E6/ A5/ C6\
8x8Trax_2405261 Rogue Trooper vs. Jump This : @0+ B1+ A0/ A3+ @2/ @2/ B1+ A4+ @4/ @4/ A5/ @3\ A2\ H2\ H3\ H4\ F5\ RESIGN
8x8Trax_2405773 Shaffyre MIA vs. Traxplayer : @0+ B1+ A2\ A0\ @2\ @2\ B3+ C4+ B5\ A4+ @4+ @3/
8x8Trax_2405868 jaha vs. TrueIndian : @0/ B1/ B0\ A3+ B4/ C4+ D3+ C1+ E3+ E1/ E0/ F3+ C1/ E0/ B1/ E0\ D1\ B8/ A2+ @2/ H2+ F7/ H6+ H7/ H8/ B1\ G1/ H1+ A7\
8x8Trax_2407972 gramat vs. drgnrdr : @0/ @1/ B0+ A0/ @2+ @2\ @2\ B3+ F3/ A0/ C1+ @1\ A0+ A5/ @3\ B6\
8x8Trax_2408375 csain1 vs. drgnrdr : @0/ A0/ A0/ @1/ @1/ A0+ @1+ B0/ B4+ E2\ C0/ C6/ C0\ B1\ A1\ F7+ F8\ F3/ G4+ F2\
8x8Trax_2413260 DavidJ vs. Linda Sue : @0/ A0/ @1/ B0/ A0+ @2\ @2\ A1\ A0\ @1\ C0/ B0/ A7+ @5\ @5+ A4\ @3\ A2\ F1/ F0/ G1/ H3/ C3\ A5/ A2\ H1/ A7+
8x8Trax_2414835 Chad vs. Good Knight : @0/ A0/ B2/ C2/ @2/ C1/ B3+ B0+ E4\ D5+ F3/ F2+ F5\ E6/
8x8Trax_2415132 Good Knight vs. Jump This : @0/ @1/ B2/ C1/ C3/ D2/ A0+ B0+ D2\ D6\ E5/ D0+ E3\ F6+ F7\ G4/ F3+ G7\ H5\
8x8Trax_2415500 Dawnas AZ vs. Rand al*Thor : @0/ B1\ A2/ B2+ A3\ @2/ @2/ C4\ D3\ D4+ E4+ F4/ E3/ F3+ F2/ G2/ G1/ C0/ C6+ F1+ E0+ E0\ D2\ @5/ D1+ F8+ G2/ G8+ H8\ H1+
8x8Trax_2415644 darkest angel 70 vs. YankeeFan : @0+ @1/ A0+ B3+ C2/ C3+ D3+ C4/ @3/ A4/ C5\ D1/ F1/ F0/ B7+ @7/ C8/ A4\ B3+ @6\
8x8Trax_2415746 * vs. JiffyJeff : @0/ B1/ @1\ A0\ @2\ B3/ D3\ C4\ E3/
8x8Trax_2415957 keops vs. Good Knight : @0/ A0/ A3/ B2+ A4/ @2\ @2+ A1\ C0/ C6/ E1/ D0+ E7+ @4/ E8+
8x8Trax_2417187 paganje vs. SweetCindyJo : @0/ B1\ A2/ @2+ B0+ @3\ B4+ C0\ D2/ E3+ B0\ C1+ @3+ B1+ @3/ C0\ A6/ E7+ @5/
8x8Trax_2417209 Cinnamon vs. robertst : @0/ B1\ B2\ A2+ B3/ @2\ D1/ D0/ E3\ E4\ C5/ D6/ C6/ @3/ A4/ G1/ G0/ C6/ D8\ H5\
8x8Trax_2417548 Hoila vs. basplund : @0/ @1/ A2/ A3/ A4\ C3\ B4+ D3+ E3\ E4\ D5\ E1/ E5+ E0\
8x8Trax_2417621 Fallen Angel vs. basplund : @0+ @1+ B2/ B0/ B0/ B0/ C4/ D4/ C3/ D5\ C6\ E5/
8x8Trax_2418094 patty vs. basplund : @0/ @1/ B0/ A0/ B4/ C4/ B5/ A5/ C3+ @4+ C6+ @5\ A6\ A1+ C0/ @4/
8x8Trax_2418744 * vs. GlassTiger : @0/ A2\ B2\ B3\ B1/ C1/ @1/ D3/ E2\ E4\ F3+ G3\ G4\ F5\ D0+ G6+ @1\
8x8Trax_2419373 basplund vs. somewhere over the rainbow : @0/ B1\ A2/ @2/ @1/ B3+ D3+ B4+ A4\ C4\ C5\ @4/ E4+
8x8Trax_2419973 Betty04 vs. Dragon101 : @0+ A2+ A3/ A0+ @4/ @4/ C0+ A3\ D2/ @3/
8x8Trax_2420207 supermac vs. Oartkickel of the Wolf Pack : @0/ B1+ A2+ @2/ B0\ A1\ @1\ A0\ @3/ C0+ B0/ B0/ D2+ E8/ F6/ E4+ F7+ F4/ E1+ G5+ G8/ @4+ B7/ A8\ B1\ A3+ H1/
8x8Trax_2420297 Phil The Hat vs. YankeeFan : @0/ @1/ @1+ @1\ A0\ B3/ B4/ @1\ D0+ F2+ @1/ A0+ @3\ B0\ D1+ E8/ F7+ G7/ H6+ H2+ H7+ DRAW
8x8Trax_2420516 jazzbeth vs. Dragon101 : @0/ @1/ A0+ B3+ A4\ C1\ D2/ @2/ B0\ F4+ F5\ F6+ G6\ G7+ C6+ D7/ D8/ C7/ B6+ B8/ A7+ @7/ A8/ E1+ A1+ G2+ H8\ H3\ H1+
8x8Trax_2420517 Dragon101 vs. jazzbeth : @0/ @1/ A2+ B3/ B0/ C1/ C0/ D4+ A6\ D0\ E2+ E6+ B8+
8x8Trax_2420565 basplund vs. Dragon101 : @0/ @1/ A0/ B1+ A3/ @3/ A0/ B5+ @3+ @3/ B0+ A1\ @5\ @4/ E7\ H4+ C0\ B3/ D8+ H4/ F3/ F1+ G1/ C7/ A1+ DRAW
8x8Trax_2420678 basplund vs. kaki68 : @0/ A2\ B1/ @2\ @2\ E1/ D2+ E0+ F1/ F2+ F4/ G1+ E0\ E5/ G5\ RESIGN
8x8Trax_2421041 nice guy vs. somewhere over the rainbow : @0/ B1\ @1\ C2/
8x8Trax_2421084 Dragon101 vs. somewhere over the rainbow : @0/ B1\ B2\ A2+ C2/ A3\ D2+ D3\ B0+ C1\ D1+ C5+ E3+ E2+ E1/ B6/ D0+
8x8Trax_2421770 Dragon101 vs. Nancy : @0/ A2\ B1/ B0\ B0+ A1+ @1/ D1/ E1/ D0\ E4\ F3/ D5/
8x8Trax_2421793 Cherub vs. Elvis : @0/ B1\ A0/ A3\
8x8Trax_2422521 biafra vs. basplund : @0/ @1/ B2\ C1\
8x8Trax_2422528 Dawn vs. Dragon101 : @0/ A0/ B2+ @1+ A0\ D3/ D1/ E3/ C0\
8x8Trax_2422529 Dragon101 vs. Dawn : @0/ A0/ B1+ A3/ @3+ D1/ D2+ C0\ @2+ F2/ G2/ D5+ C0/ F6\ F7\ G5+ H6/ B6/ C7+ B7+ C0+ D1/ H2/ H1+ D8\ DRAW
8x8Trax_2422795 Dragon101 vs. Elvis : @0/ A2\ B1/ B2+ A0+ @1\ @1\ A0\ A4/ @4/ C5\
8x8Trax_2422894 Dougy29 vs. basplund : @0+ A0/ A3+ A4/ @1+ C3/ A3+ @2/
8x8Trax_2422899 gquadro vs. basplund : @0/ B1/ C1\ A2+ @2\ C0+ B4\ C5/ A4+ A6\ C6+ A0+ @2\ @3\ B6\ F4+ G7+ A5/ @6\ E8/
8x8Trax_2423013 DIRKSTRA vs. Dragon101 : @0/ A0/ B1/ C1+ A0+ @3/ A4/ @1+ E5\ F4/ B6/ A6/ @6/ G2\ F7+ @4+ D8+ G1/ H7+ H8\ B1+ A7+
8x8Trax_2423152 rUsureU_ want2doTHAT vs. basplund : @0/ @1/ C1/ C2/ C0+ D1/
8x8Trax_2425191 Hjallti vs. basplund : @0+ @1+ A0/ A3/ B3+ A4/ A5/ @2+ C6\ D4+ A1+ B7\ @5+ @5/ B6\ B7+ B8/ E7+ A3\ B1+ @5\
8x8Trax_2425271 Rogue Trooper vs. Sartex : @0+ A2\ B2/ A0\ @1\ B0/ C1/ @2\ @3+ B4/ E5/ E6/ @2/ D6/ D7/ E0+ F3\
8x8Trax_2425383 Traxplayer vs. drgnrdr : @0/ @1/ @1/ B2+ B0\ B4/ B5/ C4+ B6+ A6+ B7\ @5+ E5+ E3/ F3/ F6+ G4+ B1+ E1+ D0+ H5\ DRAW
8x8Trax_2425629 sithneedow vs. basplund : @0+ A2/ B1+ C1+ A3/ A4/ @2+ E1\ C3+ B0/ D5\ B6/ C7+ D6\ E7/ @3\ B1+ @3/ A4+ E0/ @5+
8x8Trax_2426035 DavidJ vs. basplund : @0/ @1/ B0/ B0/ @1+ C0/ D1/ A0+ E5\ C6+ B0+ A1\ @1\ @1+ A0\ H4+ G2/ D1/ C8/ B6+ H3+ A7/ DRAW
8x8Trax_2426083 cctiger2000 vs. basplund : @0+ @1+ A0/ B3\ C3+ D3/ C1+ C0/ A4+ C0/ E3/ A1\ B0/ @4\
8x8Trax_2426948 csain1 vs. Dragon101 : @0/ @1/ @1/ B0+ D2/ A3/ C4+ E2/ @3/ D5/ G3+ C0+ H3/ G2+ F1+ C7+ H2/
8x8Trax_2427345 * vs. basplund : @0/ @1/ B0+ A3\ A0/ B4+ C3/ D3/ D1\ E2\ F3/ F0\ G4/ G0+ H3\ H6\ H7\ B2+ F7+ G8/ C1\ D1+ D8+
8x8Trax_2427346 * vs. basplund : @0/ @1/ B0+ A0/ @2+ @2\ @2\ @2\ D0+ A0+ @3/ E1/ F0\ H5+ B6/ C7+ D8/ B1/ DRAW
8x8Trax_2428673 Irishrose vs. Elvis : @0/ A2\ @1/ C2/
8x8Trax_2429372 * vs. cndsman : @0/ @1\ A0/
8x8Trax_2430536 * vs. SPOILED : @0/ B1\ B2\ C2+ B0+ D3/ E3/ F2\ G3/ A3+ F4+ A1+ H1/ A4+ G0/
8x8Trax_2431114 Elvis vs. Dragon101 : @0/ @1/ B0+ B3+ A0\ @3+ D4/ @3+ E3+ @3+ F2+ F1/ F0/ F0+ G1/ C1\ D0/ B4+
8x8Trax_2431135 Elvis vs. Dawn : @0/ A0/ @2/ B0+ A4/ B0\ @2\ B0/ D4/ @3\ @4\ F1/ A3+ G2\
8x8Trax_2431434 JiffyJeff vs. * : @0/ A2\ B1+ @1/ B0+ A0/ @2\ @3\ D5+ D6/ D7/ B4+ A6+ @5/ D8\ A4\ @5/ B3\ B2/ B1/ G7+ G4+ H3+ H7/ A3/ G2+ H2+ G1+ B7+ DRAW
8x8Trax_2432011 * vs. tazzy_poo13 : @0/ B1+ @1\ D1\ B0\
8x8Trax_2432666 Cinnamon vs. robertst : @0/ B1\ B2\ @1/ D1/ @1\ E0\
8x8Trax_2432729 Jump This vs. B Line electric streetcar : @0/ A0/ A3/ A0/ B4\ A5/ @2\ D2+ A6\ C5\ E4+ B7/ B0\ A1\ D7\ D1/ E3/ F5/ E1/ F2+ F1+ G1/ @4/ H5\ H6\ F8+ DRAW
8x8Trax_2432767 Phil The Hat vs. Uncle Chuckie : @0/ B1/ C1\ B2/ B3/ C0/ D1/ C4/ A1\ D4/ E2+
8x8Trax_2432796 paganje vs. Sarah : @0/ A0/ B1\ B2\ A3/ A4/ C2+ D2/ C3/ C4/ C5/ C6/ D3+ E5+ E3+ @3+ C0/ B1+ G6/ A6/ D8+ @5/
8x8Trax_2432818 keops vs. Rogue Trooper : @0/ B1+ C1/ A2/ @2/ D0/ D0+ E2+ B5+ B6/ B7/ B8/ C8+ @6+
8x8Trax_2433647 Elvis vs. heidibb : @0+ B1/ B2\ C2\ C3\ D3\ A3/ B4\ @2\ E4\ A1+ B0/ D2+ F5\ G4\ H4\ F6\ H5+ B6/ D7+ G7\ F8/
8x8Trax_2433753 DavidJ vs. Cheeky Cow MIA : @0/ B1\ A2/ B2+ C2\ B3/ B4/ A4+ @4\
8x8Trax_2433831 * vs. Cayey : @0+ B1+ A0/ B3\ C1\ B0\ @1\ C0\ D6/ A4+ @4/ B5+ D7\ F3\ G3\ @3+ C7/ F0+
8x8Trax_2433953 robertst vs. pat : @0+ @1\ A2/ A0/ @2/
8x8Trax_2434283 * vs. Cynashmar : @0/ B1\ B2\ C2\ A2/ A3\
8x8Trax_2434423 * vs. roanne : @0/ A2\ B2\ B1/ C1\
8x8Trax_2435187 heidibb vs. kaki68 : @0/ B1\ B2\ A2+ @2/ C3\ @2/ B1+ E3\ E4\ C0/ @3/ A1\ RESIGN
8x8Trax_2435538 robertst vs. Cinnamon : @0+ @1/ A0\ @1\ B0\ D3\ C1/ B0\ D1/ C5+
8x8Trax_2435764 REBEL DJ vs. Elvis : @0/ A0\ @2+ B3\ C2/ C3+ C4\ D4\ E3\ B0/ E2/ F2/ D1\
8x8Trax_2436158 * vs. cndsman : @0/ B1+ B0+ A1\ @1/
8x8Trax_2436410 * vs. gummsanator : @0/ A2\ B2\ B3\ @1/ A0\ @3\ C0/ D3/ E3/ D6+ E6/ F2\ D1/ D7+ A2\ @2/
8x8Trax_2437373 spitfire vs. MizE : @0+ B1\ C1/ C0/ @2\ A1\ B0\ A1\ E1/ E0/ E3+ C1\ D0\ B2+
8x8Trax_2437387 * vs. Traxplayer : @0/ @1/ B0+ @2+ @1/ @1/ C0/ F2/ F1/ G1/ E0\ G4\ A5\ H3\
8x8Trax_2437450 * vs. patty : @0/ B1\ B2\ C2/ A2/ B3\ D2+ @2+ D1/ D0+ D5/ F3/ F5/ D6\ G5/ F6\ D7\ C7\ B4+ E1/ D8+ F1+ G1/
8x8Trax_2437575 Dragon101 vs. Elvis : @0/ B1\ B2\ A2+ C2/ C1+ B3+ C3+ D2+ D1+ B0+ A1+ @2+ E1+ E0\ D1+ F3+ C1+ B1+ B0\ A5+ C1/ C0/ A7+ E1/ E0/ F4/
8x8Trax_2437795 Elvis vs. freaky froggy : @0+ B1\ B0/ C1/ C2+ C3/ C4/ @2+
8x8Trax_2438238 ryry vs. Pamela : @0/ B1+ @1+ B2/ @1+ E1+ A2+ D3\ B3/ B4\
8x8Trax_2438294 TaUrUsRoSe vs. Megababe : @0+ A0+ A3\ A0\ B4/ B1+ B3+ C1/ D1\ B0+
8x8Trax_2439032 Karen Q vs. Misfit Lenrad6672 : @0/ @1\ B0\
8x8Trax_2439355 DavidTrax vs. kaki68 : @0/ B1\ A2/ B2+ C2\ A3/ D2\ @3+ A4/ @3\ F4\ RESIGN
8x8Trax_2439508 Sartex vs. keops : @0/ A0/ @1/ @1/ D2/ C3/ C0+ A3/ D5+ E4\ D6/ F3/ F2/ @1+ D0\ C5/ G6+ H6+ F7\ C0/ B6/ E3+ E1/ F1+ H8\ G1\ A8+ H1+
8x8Trax_2439790 robertst vs. Cinnamon : @0/ A2\ B1/ B0/ A4/ @4/ D2\ D3\ C4+ A3\ @3\ B5/ E5+ F5\ D6/ @1\ B0/ G4/ H5\ G3/ F8+ H7\ G2+ C1+ C7/ B7/ A7/
8x8Trax_2439872 heidibb vs. sheridan : @0/ B1/ A0\ A0+ @3\
8x8Trax_2440885 balmoral vs. DavidTrax : @0+ A0\ A3/ @3/ A4/ @1+ C5\ D5\ A0\ A0\ @3/ @6+ A7/ D0/ E2\ A2+ @4+ A7\ @3/ H6/ C1\ B1\
8x8Trax_2440997 Uncle Chuckie vs. SweetCindyJo : @0/ B1\ A2/ @2+ B0/ C0\ D1/ D0+ A1+ C0\ @3+
8x8Trax_2441669 heidibb vs. sheridan : @0+ A2/ A0\ @1\ A4\ C3\ A0\ C3/ @2+
8x8Trax_2441700 Jay vs. heidibb : @0+ @1/ C1/ C0/ B3\ @2/ D0/ E1/ F3+ E0/ G1+ B2+ C0\ B7+ H3/ G6/ F7\ C8/ G1+ E8+ H1/ H6/ B1\ A2/ G8/ H8\ A8/ A1\
8x8Trax_2441774 SPOILED vs. heidibb : @0+ @1\ A2/ @1\ B0+ B0/ D2/ B0/ D4\ E4\ A5+ A1\ @1+ B0/
8x8Trax_2442657 drgnrdr vs. Phil The Hat : @0/ B1+ C1/ C0/ B0/ A2+ D3\ B4\ C1/ B0+ @3/ C0\ F5+ F6\ D7/ E2+ A1+ @2\ B6+ C0+
8x8Trax_2443017 jklh vs. basplund : @0+ B1+ C1\ C2\ C3\ B0\ @2\ E2+ F2/ F1/ C0+ F5\ E6+ G4/
8x8Trax_2443614 heidibb vs. Dawn : @0/ A0/ @2+ B0/ B0/ @1+ A0\ @1\ A0\ A5/ RESIGN
8x8Trax_2444136 DIRKSTRA vs. YankeeFan : @0/ B1\ A2/ @2+ B3\ C3\ C4+ D3+ D4+ D5\ E4/ A3+ @4\ G3\ F2+ H4+ G6+ F7\ D5+ B5+ B6\ E7+ D0/ E2+ E1/
8x8Trax_2444187 basplund vs. misci : @0/
8x8Trax_2444370 Dragon101 vs. DavidTrax : @0/ @1/ A2+ C1+ @1/ A0+ C4+ @3\ F3/ @3\ A4+ E0/ F1/ A1\ D0/ @3\
8x8Trax_2445315 baron_backgammon vs. heidibb : @0+ @1\ C1/ B0+
8x8Trax_2445966 DavidJ vs. kaki68 : @0/ B1\ A2/ B2+ C2\ A3/ A4+ @2+ D5\ E4/ C6/ B6/ D7\ E6/ F5\ A7\ @3\ H5\ F3/ E1+ D8+ G1+ H2+ F7\ H1+ G4+ H7+ A7+ A1\ H8+
8x8Trax_2446076 Traxplayer vs. kaki68 : @0/ B1\ A2/ B2+ @2\ C3/ B0\ A1\ A0\ @3/ D1/ RESIGN
8x8Trax_2447761 Elvis vs. darkest angel 70 : @0+ @1/ @1\ B0/ A1+ C0/ D1/ @3/ A4/ A5/
8x8Trax_2448244 casinonut vs. heidibb :
8x8Trax_2448246 heidibb vs. basplund : @0/ A0/ @2+ A0/ C2+ @2/ B4/ A5\ B6/ C5/ C7/ @4+ E1/ F1/ F0/ F5\ @5+ G6/
8x8Trax_2448254 heidibb vs. basplund : @0+ A2\ A0/ B1/ @2/ @2/ C0/ D5/ E4\ F4+ F5\ D6/ @4\ H6/ G7+ C2+ G8\ G1/ H1/ F8+ C7+ A8/ DRAW
8x8Trax_2448482 CashJohnson4 vs. basplund : @0/ @1/ A2+ C1/ A3\ D3/ D1/ A0+ @1\ @1\ B0/ F1+ C0/ B1+ G2/ H2/ G1\ G0\ D2/ C1+
8x8Trax_2448643 DavidTrax vs. Dragon101 : @0/ A0/ B2/ B1+ @1+ D1\ B0/ B0\ E3\ F3\ D5+ @4/ A5/ C6\ C7+ D7\ G6\ C8/ H5\
8x8Trax_2448806 Mersephone vs. basplund : @0+ @1+ B2/ B0/ C1\ C2+ C3+ C4\ A1+ C5\ A0/ D5+
8x8Trax_2449866 heidibb vs. kaki68 : @0+ @1/ B2\ C2\ B0/ C4+ D3/ D1/ B0/ E4+ D5\ A6/ @6/ E6\ B1\ F5+
8x8Trax_2450439 heidibb vs. baron_backgammon : @0+ @1+ B2/ A0\ A0\ B2/ C2+ A0\ B6/ C2\ @2\ @3\ E6\ F5\ E7/
8x8Trax_2450476 heidibb vs. Mumsie : @0/ A2\ B1/ B0\ @3+ A4\ C3\ D3\ E3\ C4/ B5/ @3\ B6\ B2+ B1\ @2/ C7/ B6\ C8/ B7/ A6\ B4+ @4+ A2\ C8+
8x8Trax_2450479 heidibb vs. Pamela : @0/ A2/ @1+ C1+ @1\ A0\ @2\ B3+ D4/ E1/ E0/ F3+ @4\ B5+ B2\ E1+ E0+ D1\ F0\ D0\ C1\ G3+ H3/ A4\ A3+ A2\ C2/ A1\ H6+ G7+ A6+ G1+ H7\
8x8Trax_2450483 heidibb vs. Mumsie : @0/ B1\ A2/ @2+ B3\ C3\ C4\ D4/ D3+
8x8Trax_2451018 SweetCindyJo vs. REBEL DJ : @0/ A2/ A0\ @1+ @1/ B2/ A2+ B3+ A3+ A4+ A5\ C4/ D3+ E2\ F3/ E4+ F1\ C5/ @4+ D0/ E1/ E0+ A3+ E0+
8x8Trax_2451105 STrek vs. Sweetcheeks : @0/ B1\ A2/ B2+ C2\ B3/ A0\ @1\ D2+ A2/ @2+ B3/ C4/ A4/ C5+ @3/
8x8Trax_2451684 Shaffyre MIA vs. heidibb : @0+ B1/ B2\ C2\ @1+ D1/ E2\ B0+ A1\ A0\ C1+ @2+
8x8Trax_2451764 Jay vs. heidibb : @0+ @1\ C1\ A0\ B0+ B0/ C1/ D4\ C5+ D1/ E2+ B0/ F3/ E1/ E5\ F5\ G5\ A1\ F7+ @3\
8x8Trax_2452518 LilSis vs. Dragon101 : @0+ A0+ A0/ A4+ A5\ B1/ C2\ B4+ C0/ D3+ B1+ @2+ E1+ D0/ F1/ F0/ D1/ F4+ G2/ G4+ H2\ H4+
8x8Trax_2452520 Traxplayer vs. grade1teacher : @0/ A2\ B2\ B3+ C2/ C1/ D2/ @3/ C4/ D4/ C5+ F2/ E1+ F3/ G2+ E5/ C0+ G5\ @3+ D7\ E8+ C6+ B6/ H2/ F1/ DRAW
8x8Trax_2452594 Uncle Chuckie vs. YankeeFan : @0/ A2\ B1/ B0+ C2\ C3\ D3\ B4/ C5+ B6\ A5+ E5/ @4+
8x8Trax_2453937 DavidTrax vs. kaki68 : @0/ B1\ A2+ B2+ A3/ B3+ @3\ A1/ B0/ D1/ D0/ @4\ A1+ RESIGN
8x8Trax_2454100 dgb vs. * : @0/ B1/ B0+ A3+ @1/ C0+ D2\ A4/ A5/ C0+ @5+
8x8Trax_2454155 Phil The Hat vs. Rogue Trooper : @0/ A0+ A0\ @1\ A0\ @1\ B5\ D3\ @4+ E2+ F3\ G4/ @2+ D0+ C7+ A7/ F0/ G1/ B2+ D1+ G8+ B1\ DRAW
8x8Trax_2454218 Cayey vs. basplund : @0/ A0/ @2+ A0/ B1+ B0+ @4\ D2/ D3+ E4/ F2/ F1/ D0\ B6+ A2\ @2\ D0+ @3/ B4+ D0/ F2+ F8+ DRAW
8x8Trax_2454384 Dragon101 vs. * : @0/ A2\ B2\ @1/ @1/ C3+ B4+ @1/ B5\ @3\ E4\ A1/ A6+ A7/ @5+
8x8Trax_2455264 DavidTrax vs. Dragon101 : @0+ A0+ A3+ A0/ B1/ C1/ @2/ D3\ E3\ @2/ B1+ A4/ @4/ H3+ D0\ D6\ C7+ E7+ B1\ A3/ C0+
8x8Trax_2455333 DavidJ vs. MikeyB : @0/ A2\ B2\ @1/ C1/ D1+ C0/ C4\ D3\ E3\ D4\ F2/ F1/ E0/ E0/ F1/ G1/ D7\ E7\ H5+ E8+ F8+ B2+
8x8Trax_2455582 YankeeFan vs. Sara : @0/ B1+ B0+ A1+ @1+ B0/ A1+ D1/ B0/ @3/ C0+ C6/ E5\ F5\ @6+ C7\ B8+
8x8Trax_2455623 Uncle Chuckie vs. drgnrdr : @0/ @1/ B0/ A0+ @1\ @1+ C0/ D5\ E4/ A5/ F4\ C6/
8x8Trax_2456109 spitfire vs. darkest angel 70 : @0+ B1/ C1\ B2/ @1/ C3\ D3\ E2\ A3/ B4/ @3\
8x8Trax_2456255 spitfire vs. nisqually : @0/ A2/ B2\ B3\ B0/ C1/ D1/ C2+ @2\ A1\ A0\ D0/ @5/ A6/ G3/ B0\ A1\ @1\ G6+ G2+
8x8Trax_2456284 gladriel vs. darkest angel 70 : @0+ @1/ A0/ @1\ C3/ A0/
8x8Trax_2456285 spitfire vs. gladriel : @0/ A2\ B2\ B3\ C2/ D2/ B1/
8x8Trax_2456361 spitfire vs. rogerrabbit : @0/ A0/ B1+ A3/ C2/ @2+ B0\ @2/ D1/ C0\ F2/ D1/ C0\ F5+ B2/ A2+ C7+ @4+ @4/ A3+ E8\ A5/
8x8Trax_2457016 spitfire vs. MountainMist : @0/ A2+ @1\ B0/ B4/ A4+ @2\ A4+ D3\ C5\ D5+ E3+ F1/ F0/ @3/ G4+ F5+ E7\ G6\ G7+ H6/ A5\ H3\ H5/ H7\ B2+ F8\ D1\
8x8Trax_2457288 spitfire vs. * : @0/ A0/ @2+ A3+ @2+ B4+ B5/ A5/ @2+ D0+ D0/ E1/ E0/ F1/
8x8Trax_2458635 keops vs. jaha : @0/ A0/ A3/ B3+ B4\ C2/ D2/ B5/ @3/ C6/ D6\ D7\ E3\ F3\ G7\ G8\ H6+ B5+ A6/ A7+ A8/ B8+ G3+ G2/ E8/ F1+
8x8Trax_2458726 * vs. MountainMist : @0/ A2+ B2\ A3\ C1/ C0/ B4\ B5+ D3+ C5+ D6/ E5+ F6/ E3/ F3/ G4\ E0+ H4/ G3+ B7+ E8+ G8+ H3/ DRAW
8x8Trax_2458743 * vs. darkest angel 70 : @0/ B1+ A0/ C2\ A3/ @3/ D4+ C0/ D2+ D1+ E2+ F3\ E4+ @3\ B1\ D0/ A2/
8x8Trax_2459062 * vs. rogerrabbit : @0/ B1\ B2\ C1\ A2/ B3\ A3+ A4+ @4/ C0\ A1/ D3+ D0/ E3+ A1\ B0\ @2/
8x8Trax_2460089 csain1 vs. Traxplayer : @0/ @1/ @1/ @1/ C0+ D3+ B4+ @3+ A1\ A0\ E1\ D6/ D7/ F3+ @4/ A6+ B7/ B8/ @5\
8x8Trax_2460090 Traxplayer vs. csain1 : @0/ A0/ @1/ @1/ D1/ D3/ E3/ E4/ C0+ B3/ @1\ C0/ A4/ D5+ @3/
8x8Trax_2460095 irishmiss vs. Traxplayer : @0+ B1+ B2/ A0\ @1+ @2\ B3+ @3+ E1+ E4\ F4\ B4+ B5\ C4+
8x8Trax_2460096 Traxplayer vs. irishmiss : @0/ B1/ B0\ @2/ B1+ A3\ @2\ C3\ C4+ A3+ D3\ E3\ D5+ E2+ @4\ B1+ @3+ B1+ E0/ G2/ H4\ C1+ E0/ C1+ D7+ E8\ A2/ DRAW
8x8Trax_2460099 freaky froggy vs. Traxplayer : @0/ @1/ B0+ @2+ C0+ B4\ C0+ D4\ C5+ C6\ D6\ D7\ E7\ B7/ C0+ A6/
8x8Trax_2460100 Traxplayer vs. freaky froggy : @0/ B1\ A2/ @2+ B0+ @3+ C4\ D3+ E3\ E4\ F4\ F5+ E6\
8x8Trax_2460103 Traxplayer vs. rogerrabbit : @0+ A0+ A0+ B2/ @3\ B0/ A1/ @3/ B5+ C5+ C0\ A3\ @3\ A5+ A1\ @1\ A0\ D8/ G3+ F2+ E8+
8x8Trax_2460104 rogerrabbit vs. Traxplayer : @0/ @1/ B2/ C2/ C1+ B0\ C1+ D1/ D0/ E1/ C0\ A2/ @4/ B1\ A3\ D0+
8x8Trax_2460105 * vs. Sara : @0/ B1\ B2\ A2+ A0+ A4\ C2+ B1+ B0/ D4/ E4/ @5/ B6/
8x8Trax_2460106 Sara vs. * : @0/ B1\ A2+ B2+ B3\ @1/ C0\ D1+ C0\ D0/ E2\ A1\ B6/ B0/
8x8Trax_2460107 * vs. dingbat : @0/ A0/ @2/ A0+ @1\ B4\ A0+ @3+ B5+ A1+ B0/ C0\ C0\ E6/ A3+ @4/ E4+ A1+ @2\ @3+ C5/ DRAW
8x8Trax_2460108 dingbat vs. * : @0/ B1+ C1/ C0/ D1\ @2/ B1+ A0/ C0+ C0/ @5+ A6\
8x8Trax_2460109 * vs. Geri39 : @0/ B1\ B2\ @1/ B2/ C3\ B0/ D1/ D0/ E3/ C1\ D0/ @2+ D1\ D0\ C7/ E8/ F4/ @3/ @5/ B6\ G1+ C6\ D7/ H3/
8x8Trax_2460110 Geri39 vs. * : @0/ A2+ A0\ @2/ B0+ B0/ C2\ B0/ A4+ A3\ @4/ A1/ A5/ @5/ A1+ @4+ D7\ A6+ D8/ F6+ G3+ G4\ G5+ H4+ E8\ F7+ F8+
8x8Trax_2460799 DavidTrax vs. Dragon101 : @0/ A0/ @1/ A2+ B0\ @3\ D1\ E2/ D4+ F4+ G3\ D0+ E6/
8x8Trax_2460944 drgnrdr vs. DIRKSTRA : @0/ A2\ B2\ B3+ B4/ C3/ D2\ C4+ E4/ E3/ E1\ @3+ G4\ D5\ G1/ RESIGN
8x8Trax_2460948 Uncle Chuckie vs. Dragon101 : @0/ A0/ B1/ C1/ @2/ B0+ A4/ @1+ A0\ D1+ C0/ F6+ F7+ F8/
8x8Trax_2461598 gorrick the goblin vs. Megababe : @0/ B1\ A2\
8x8Trax_2461849 heidibb vs. Mumsie : @0/ A2\ B1/ B2+ B3\ C2/ B4\ B0/ A5/ C1\
8x8Trax_2462064 DavidTrax vs. kaki68 : @0/ B1\ A2/
8x8Trax_2462271 SweetCindyJo vs. Sara : @0/ A2\ B1/ B2+ C1\ D1/ D0+ D0\ C1\ A0+ D1/ @2+
8x8Trax_2462342 YankeeFan vs. REBEL DJ : @0/ A2+ @1\ A0+ B1+ A0\ @3\ @3\ B4+ E3+ @4/ A5/ A1\ @1\ B0/
8x8Trax_2463546 Rand al*Thor vs. psychospaz mom : @0/ A2\ B2\ B3\ @1\ A3/ A0/
8x8Trax_2463618 *Dragons Angel vs. jazzbeth : @0+ A0/ A3/ @2\ @1/ @2\ E2/ A0/ C1+ @4/ A5\
8x8Trax_2463709 * vs. Antony the Cookie : @0/ B1\ B2\ C2\ A0/ A0\ @2/ A1+ D1/ C0/ E2\
8x8Trax_2463750 * vs. Innocent one : @0/ A2\ B1/ B0+ A0/ @2/ @1+ A0\ @1\ A0\ E1/ D0\ F3\
8x8Trax_2463828 gladriel vs. MountainMist : @0+ B1+ A2\ B0/ C1/ @2+ B1+ D0/ E1/ C0\ D0\ C7\ B2\ D7/
8x8Trax_2463940 * vs. Shreela : @0/ A2/ @1\ B0/ A4\ B0\ A1\ C3+ @2/ @2\ E6\ RESIGN
8x8Trax_2464183 * vs. BigDaddyTuaine : @0/ B1\ A2/ B2+ @1\ @1/ B0/
8x8Trax_2464641 jazzbeth vs. dingbat : @0+ A0/ A0+ @1/ C2/ A2/ @1/ C4\ E3+ F3/ G3/ D5+ C0/ C0/ F3+ E2+ E0+ F1/
8x8Trax_2464642 dingbat vs. jazzbeth : @0/ @1/ B0+ @1/ D1/ A2+ B3/ A0\ @1\ C5/ E5+ C6/ F3/
8x8Trax_2464643 jazzbeth vs. B Line electric streetcar : @0+ B1+ C1\ @1+ @1\ A0\ D3+ C1/ D0\ C0/ A2+ B5\ A1+ D0/ E3+ F4/ @4/ D1+ F1/ G1/ H1/ F7/ E8\ H4+ G7+ B1+
8x8Trax_2464644 B Line electric streetcar vs. jazzbeth : @0/ @1/ C1/ C2/ D1/ E1+ B2/ D3\ D4+ C0+ A5/ B6\ @4+ @3/ B1\ B0+ A3+ G5\ @2\ B1+ A3+ G7/ H2/
8x8Trax_2464645 jazzbeth vs. nisqually : @0+ B1+ @1/ A2/ @2\ A1+ B3/ A0\ @4\ F2+ D5\ E4/ A5/ @4\ D6/
8x8Trax_2464646 nisqually vs. jazzbeth : @0/ @1/ A2+ A3/ @3/ D1\ A4+ B5/ C4\ D3\ C5+ E1\ C0+ B0/ A2\ @4+ B1+ B8/ D8+
8x8Trax_2464647 dingbat vs. B Line electric streetcar : @0/ @1/ B0+ @2/ D1/ E1/ B3+ D0+ C0/ B6/ A2+ @3\ B7\ @4/ B5+ A2\ B1/
8x8Trax_2464648 B Line electric streetcar vs. dingbat : @0/ A0/ A0/ B2+ C2+ @2+ C4\ D4\ B0/ E3\ D2+ E2+ A0\ @3+ E1/ C0/
8x8Trax_2464651 B Line electric streetcar vs. nisqually : @0/ B1/ B2+ C2\ B3/ B0+ @3+ C5+ E4/ C6+ F2/ F1/ F5\ C7+ F6/
8x8Trax_2464652 nisqually vs. B Line electric streetcar : @0/ @1/ B0+ A3+ A4+ C1\ @3/ A2+ B5+ B0/ A6+ A0+ @3/ E6\ F7/ @1+ A0\ A6/ @5/ B7\
8x8Trax_2464870 DavidTrax vs. Dragon101 : @0/ A0/ @2/ @2/ D2+ A3+ D4+ A0\ @3+ B0\ A1+ @3+ A1+ @3/ E7/ D7/ D8+ C6\ B7/ B8/ A7\ A1\ @3+ A4/ A7\ C5\ B5/
8x8Trax_2464979 Dragon101 vs. DavidTrax : @0/ A2/ B1+ @2+ @2\ A0+ @2+ B4\ C5/ A3/ F2\ G2\ D5\ B6\ E4+ F1/ C0+ A7/ @6+ C8/
8x8Trax_2466183 Dragon101 vs. YankeeFan : @0/ B1\ B2\ C2+ D2/ D0+ C0+ A2+ C0+ B1\ C6+ A1\ @2/ C0+ @4\ B1\ C0+ B7+ @2+ A1\ @1\
8x8Trax_2467407 SweetCindyJo vs. misci : @0/
8x8Trax_2467606 Dragon101 vs. SweetCindyJo : @0/ B1\ B2\ C2+ D2/ B0+ B0+ C5/ A5+ D1/ E1/ D0\ A3\ @3\ B1+ C1/ F3+ B7\ G1\ F0/ C8\ F6+ G1/
8x8Trax_2467618 basplund vs. Dawn : @0/ A0/ B2/ A3+ @3\ C1/ B4/ A5\ B6/ C0+ D4+ D5+ E5\ E3+ A0+ @4+ E7+ A6+ G3\ E2+ D1+ E8\ G8+
8x8Trax_2467762 basplund vs. Dawn : @0/ A0/ @2/ @2+ C3+ D2\ E2\ E3\ C4/ E0+ F1/ E6/ G3+ C6\ H4/ H5+ E7/ A4+ G6/ F8\ G8\ H8+ C7+ B7+ DRAW
8x8Trax_2470160 YankeeFan vs. balmoral : @0/ B1\ A2/ B2+ A3/ @3+ A4/ B4+ @3+ A1\ C0/ E2\ @3+
8x8Trax_2470206 Traxplayer vs. Dragon101 : @0/ A0/ @1/ A2+ C1+ D1\ @2/ C0/ B4+ E4+ RESIGN
8x8Trax_2471732 * vs. Sara : @0/ B1\ B2\ A2+ @2/ C3\ @2/ E2\ A1\ E3+ B0/
8x8Trax_2471993 Geri39 vs. spitfire : @0/ A2\ B1/ @1\ B0\
8x8Trax_2472309 * vs. nisqually : @0+ B1+ A2\ A0\ @1+ A0\ B5\ @1+ B5/ RESIGN
8x8Trax_2472386 * vs. Whitey : @0/ A2\ B1/ B2+ B3\ @2/ D2+
8x8Trax_2472891 * vs. JDawg3DX : @0/ B1+ B0+ B0/ C1/ B4+ C4\ C5+ D3+
8x8Trax_2472973 DavidTrax vs. Dragon101 : @0/ A0/ A3/ B2+ A4/ @1+ @2+ C5/ @5+ C6/ C0\ B2\ A2\ @3\ C1+
8x8Trax_2473010 SweetCindyJo vs. Dragon101 : @0/ A0/ @2+ @2\ D1+ E2/ D3+ D4/ B4+ @2+ D0\ A5/ @5/ D6+
8x8Trax_2473294 golfnutrof vs. Rogue Trooper : @0+ A0/ A3/ B3/ A0/ @2/ B0/ @1+ A5\ B0+
8x8Trax_2473341 Irishrose vs. Elvis : @0/ A2\ A3/
8x8Trax_2473455 * vs. basplund : @0/ @1/ B0+ @1/ C0+ A1\ @2/ A3/ B4+ D0/ E1/ B0+ E6\ C7/ F4+
8x8Trax_2473639 crow57 vs. Dawn : @0+ A0/ A3\ B1/ C2\ A0\ @2+ A4/ B0+ A6\
8x8Trax_2473702 dingbat vs. * : @0/ @1/ @1/ A0/ B1+ D1/ D0/ E2/ A4+ @2+ C1\ B0/ B6/ C6+ A0\ @2/ G3+ A1\ @1+ B3/ C6+ B5+ A5+ E1+ B0\ A3/ G1/ H2+ DRAW
8x8Trax_2473767 * vs. Dolly25 : @0/ A2+ @1\ A0+ B1+ @2\ B0/
8x8Trax_2474685 * vs. Uncle Chuckie : @0/ B1\ B2\ C2\ B3/ A3/ @1\ B0/ D5\ E4/ E0+ F1/ E6+ A5/ @4/ D7+
8x8Trax_2474967 Dolly25 vs. * : @0/ A2\ B2+ B1+ C2+ C1+ C3\ D1\
8x8Trax_2475111 * vs. highstyle : @0/ B1+ B0+ A3\ B0+ C2/ A1\ B4+ @2+
8x8Trax_2475205 MizE vs. gladriel : @0/ B1\ B2\ A2+ B3/ C2+ D1/ D0\
8x8Trax_2476079 * vs. Chipmunk21 : @0/ @1\ B2/ B0/ C2+ A1\ B0/ B0/ D4/ A2\ @5+ B1\ A0/ B0\ D8/ C2/ F5+ F6\ E7\
8x8Trax_2476132 Rand al*Thor vs. darkest angel 70 : @0+ @1/ A2+ C1/ A0/ @2\ D0/ E3/ D4+ D0+ B2+ B6+ D0\ A1\ B8/ A7/ @7/ F3/ G3/ H3/ F7/ B3/ A3+ G4+ G6+ H6\ H8+
8x8Trax_2476229 Dragon101 vs. Phil The Hat : @0/ A2\ B1/ @1/ @2\ D0+ B0+ C5+ @4\ @1\ C0+ A5+ E1/ F2+ A7+ D0\ @3\ @3+ B2+ H7+
8x8Trax_2476258 GlassTiger vs. SweetCindyJo : @0/ B1\ A2/ @2+ B3\ C3\
8x8Trax_2476310 rogerrabbit vs. Traxplayer : @0/ @1/ B2/ C2/ D2/ B3+ D4/ A0\ @2/ D1/ D0/ B4/
8x8Trax_2477798 * vs. yper : @0/
8x8Trax_2479315 DavidJ vs. cocopuff : @0/ B1+ A0\ @1\ D2/ @1/ A2/ A3+ @3/ E1/ C0+ E1+ A2\ B1+ @3/
8x8Trax_2479457 DavidTrax vs. cocopuff : @0/ B1+ @1/ C2+ D2\ A0\ @2/ C0/ D1/ E2+ C0+ D6/ A1\ @5\ B0/
8x8Trax_2479461 DavidTrax vs. Dragon101 : @0+ A0/ A3\ B1/ B0/ C4+ D3+ E2+ A0\ @1\ G3\ A3+ H3/ H2/ E1+ C0\ E1+ A6/ A7/ G5+ D7\ C8+ E6+
8x8Trax_2479625 basplund vs. Jenny Poo : @0/ B1\ B2\ A2+ C1+ A3\ C0\ B4\ D3/ B5\ C6/ C7\ A7/ @7/ C8\
8x8Trax_2479671 Geri39 vs. violet unicorns : @0/ B1/ A0\ @2/ C3\ C4\ D2\
8x8Trax_2479870 Shaffyre MIA vs. heidibb : @0+ @1\ C1\ C2+ D2/ B0\ C1+ @2\ B3+ C0\ D0\ D0\ B4\ F4\ C2\ B2\ F5+ F3/ G3/ E7\ F6+ @6\ C1+ B3+ H5/ H2/ G1\ D0\ G1+ H7\ H8\
8x8Trax_2480326 cocopuff vs. DavidJ : @0+ @1/ A0\ @2/ A1+ A0\ @3/ D2/ C1+ D1+ C0+ C0/ D1/ E1/ F1+ D0+ E6+ E7\ G4\ G5\ G6+ @6+ A7+ C1\ B1+ C0/
8x8Trax_2480836 DavidJ vs. Flirtmaster : @0/ A2/ @1\ B0\
8x8Trax_2480977 DavidTrax vs. lhh61 : @0/ B1+ B2\ C1/ C0+ D3\ D4\ B4+ E2+ D1/ D5\ F4\ @3+ B5+ H3/ D0+ G6\
8x8Trax_2482955 dboy97 vs. keops : @0/ @1/ @1/ D1/ E1\ B2+ D0/ @1\ B0+ C5/ F4+ E5\ B6\ @3/ A4/ A1\ @3+ C0/
8x8Trax_2483558 mawbell vs. Honeybear : @0/ B1\ A2\
8x8Trax_2484379 DavidJ vs. Mumsie : @0/ B1\ A2/ B2+ C2\ B3/ B4/ A4/ @4/ @1\ A0\ B6/ @3\ A7/ @6+ D7\ B8/ A8/ @6+ F7\ A3+ B2/ G1/ H2+ B1/ G7+ E8+ F1\
8x8Trax_2485335 Dawn vs. DavidJ : @0/ B1/ B2\ C1/ C0\ @2/ C1+ A0+ @3/ F2/ E1\ B0/ B0/ A2+ D1/ C0+ E1/ F6\ C0/
8x8Trax_2486207 Rockman vs. DarkHoney : @0+ @1+ A2/ B2\ A0\ B4/
8x8Trax_2486910 Rockman vs. DarkHoney : @0/ B1\ B0\ A3\
8x8Trax_2487005 grade1teacher vs. Dragon101 : @0/ A0/ @2\ C2+ A1+ @2+ B0\ B0\ A1\ D1/ E2+ C0/
8x8Trax_2487137 basplund vs. Thud : @0/ A0+ @2\ B0/ A1+ C2+ B0/ D1\ B0+ A0/ @1+ D6\ D7\ E5+ A0\ @3+ @4\ H4\ G3+ G2+ B2+ B5/ A6+ D8/ B7+
8x8Trax_2487416 Dragon101 vs. DavidTrax : @0/ B1/ B0+ @2\ B0/ B4+ A1\ A0\ @3+ @4\ @3/ @4\ A5\ A2\ @2+ G6/ F5/ D5+ E6/ E0\ D2+ B1\ A1+ F8+
8x8Trax_2488805 DavidTrax vs. MikeyB : @0/ B1\ A2/ @1/ @1/ C0+ E2/ E1/ F1/ D0\ F4\ D5\ G4/
8x8Trax_2488933 grade1teacher vs. YankeeFan : @0/ B1\ A2/ @2+ B3\ C3\ D3+ B4/ A4/ E2/ E1/ E0/ B1+ @4+ A2+ D0/ A1/ D0/ E1/ B8/ @8+ G2/ H4\ A5+ G6\ H6\ F7+ A2+ G1/ H8\ B1\ A1\
8x8Trax_2488946 Dragon101 vs. drgnrdr : @0/ @1/ B0+ @1/ B3/ A0\ @1\ C5/ B5+ A2+ @4/ A5/ A1\ @4+ C0+
8x8Trax_2488998 * vs. Cayey : @0/ @1\ A0/
8x8Trax_2491224 Rand al*Thor vs. cocopuff : @0/ B1\ A2/ @2+ B0/ C3+ D3/ C4+ A4+ @3/ D5\ F3\ F4\ A2+ B5+ D6+ F1/ @1\ F0/
8x8Trax_2492545 baron_backgammon vs. heidibb : @0+ @1\ A0/ A0/ B2/ A4\ @2/ @1/ E2/ E1/ D0/ F4/ G4/ D0+ E2/ F3+
8x8Trax_2492857 mayonnaise vs. heidibb : @0/ B1\ @1\ C2/
8x8Trax_2492906 bagiantfan vs. heidibb : @0/ A2\ B1/ A3\ B3/ B0/ C1\ C2+
8x8Trax_2495604 kdogtrainer vs. POPMASTER : @0/ B1+ @1\ D1+ A0/
8x8Trax_2496610 POPMASTER vs. kdogtrainer : @0+ A2\ B2/ A0/ B2+
8x8Trax_2499041 Traxplayer vs. csain1 : @0/ A0/ A0/ A0/ @2/ A0/ @3+ @2+ B4/ E4\ F4+ F5\ F6\ C6+ G6+ D7+ H5/ G3+ A5+ G1/ H2\ E0+ A8+ H2+ RESIGN
8x8Trax_2499198 Zoie vs. jazzbeth : @0+ A0+ A3+ @3\ C3\ D3\ A4/ @3\ C0+ D5+ B6/ @4\ E2+ G5/ F6\ A5\ D0/ E1/ E0/ F1/ D8\ G2+ C3+ H5/
8x8Trax_2500506 heidibb vs. Pamela : @0/ B1+ C1/ C0/ B0/ A2+ A0/ D3+ C2/ C5\ @3/ A2+ A4/ F3+ A0/ C6/ C7/ D2/ @4+ A2+ C6+ C1+ H4/ G3/ E0\ C1/ H4+ F7\ G7\ H3+ H2\ F8+ H8+ H6+
8x8Trax_2500982 DavidJ vs. dalkelly MIA : @0/ B1\ A2/ @2/ B3\ C3\ D3+ D4\ E4\ E5\ C5/ B5+ D6/
8x8Trax_2501304 drgnrdr vs. DIRKSTRA : @0/ B1\ A2/ A0/ @2+ A4\ D1\ B0/ E1+ E0/ E0+ F1/ C6+ A8/ @8/ G4/ H1/ A6+ E6+ E7+ E8+ F7+ G5+ H5\ H6\ G7+ H8/ A4+ A2+ A1/ H3+
8x8Trax_2501392 RyRy is here vs. STrek : @0/ A2/ @1\ B0/ C3\ C4+ B4/ D1/ C0\ @3+ @3/ B6+ G2+ F1+ A2\ @2+ D1\ E0+ C1\ C0+ B3\
8x8Trax_2502841 Swirly Shirley vs. FujiTape : @0/ B1\ A2+ B2+ A3/ A4/ @2+ B5\ C3+ B0/ @4+ B1\ B0\ E2/ D1+ A1\ E4+ B0+
8x8Trax_2502847 DavidTrax vs. Dragon101 : @0+ A0/ B2/ B1+ @2/ @2/ C0/ C0/ B3+ @4/ D5+ B6+ @5+ A3\ A2\ @4+ B7/ A7/ H2\ F0/ D2+ F7\ E8+ G6+ A2/ H6+ H7\
8x8Trax_2502855 valerie8260 vs. FujiTape : @0/ B1\ A2/ A3/ @1\ B0/ @3/ C5\ D5+ D4+ A4+ E5/
8x8Trax_2502865 valerie8260 vs. FujiTape : @0/ B1\ B2+ A2+ B3\ B4\ B0/ C3/ @2/ B1\ D1/ E1\
8x8Trax_2502866 valerie8260 vs. FujiTape : @0/ A2\ B2\ B1+ A3/ @2\ B4/ A3/ B5/ @2/
8x8Trax_2502867 valerie8260 vs. FujiTape : @0/ A2\ A3/ B2/
8x8Trax_2502868 valerie8260 vs. FujiTape : @0/ B1\ B2+ A2+ C1/ B3/
8x8Trax_2502890 FujiTape vs. Swirly Shirley : @0/ B1\ A2/ B2+ C2\ B3/ @1\ B0+ B4+ C5+ B5+ B6+ C1/ D1/ E4/ A1\ C0/ F3/ @2\ B0\ D8\ @4+ B6+ C8+ B8\ H3+ H2/ G1+ A2+ H7+ DRAW
8x8Trax_2503082 balmoral vs. * : @0+ B1/ B2\ C2\ C1+ C0\ C4\ D4\ A4/ C5+ C6\ A5/ A6/ D7/ B8\ E4\ @5+ G3+ A8/ @6+ B1\ A1\ H6+ F8/ A4/
8x8Trax_2503098 Elvis vs. misci :
8x8Trax_2503836 heidibb vs. bagiantfan : @0/ B1\ B2\ A2+ @2/ B3\ @2/ E2\ E3\ D4\ A1\ F3\ C0\
8x8Trax_2504806 YankeeFan vs. Uncle Chuckie : @0/ B1\ A2/ @2/ @2+ A3+ @3/ C3+ C0+ A2\ @3\ D0+ C6\ @4\ A3\ A2\ B1+ A6/ @3+ D7/
8x8Trax_2504819 Sartex vs. jaha : @0/ A2/ @1\ B0/ B0/ @3\ @3+ @3\
8x8Trax_2504902 Phil The Hat vs. dboy97 : @0/ @1/ C1+ C0/ B1+ B0\ @3+ C4+ D0/ E3/ A1\ C0/ @2/
8x8Trax_2505211 Traxplayer vs. melsto121 : @0+ @1+ C1/ C0\ D1/ B1+ C0/
8x8Trax_2505616 heidibb vs. bagiantfan : @0+ B1/ A2/ @1\ C0/ C0/ B5/ D1+ D0/ E1/ F2/ E0\ F2/ C2+ D1\ C1+ C0\ B1\ @7+ E1+
8x8Trax_2507204 Swirly Shirley vs. FujiTape : @0/ B1\ A2/ @2+ C2\ B3/ C3+ @1\ B0+ A3+ D5\ E3+ D6+ F3+ B5+ G3+ H3/ H2/
8x8Trax_2507705 B Line electric streetcar vs. Dragon101 : @0/ A0/ A0/ @2+ B0/ C4+ D4+ @2+ @2/ F5+ D5/ @2/ B1+ G1/ F0+ C5+ H4+ G7+ RESIGN
8x8Trax_2507858 goldfreckles vs. YankeeFan : @0+ B1\ A0/ @2/ C3\ @2/ A1+ B0/
8x8Trax_2508066 Traxplayer vs. partygal34 : @0+ @1+ C1/ C0\ @2/ C1+ B3+ C3+ E2\ D3+ D4\ B1\ E3+
8x8Trax_2508353 ypercube vs. klaashaas : @0/ B1/ @1+ C2/ B2/ B0+
8x8Trax_2508600 heidibb vs. MikeyB : @0/ @1/ B0\ B3+ B0\ A1\ @4\ D3/ D5/ D0/ E1/ D7/ A3\ @3\ F4/ G3\ F0/ B3+ B2\ @3\ C7/ B6+ A5/ A2+ A1\ D8+ B8\
8x8Trax_2508601 mayonnaise vs. heidibb : @0/ B1+ @1\ A0\ @1+ E2\ F2/ D3+
8x8Trax_2509070 DavidTrax vs. Dragon101 : @0+ B1+ C1\ C2\ B3\ A0/ A0/ C2+ B0+ @2/ E5+ F4\ A4/ C0/ C8/ B7\ E1+ @3\ A2\ F7\ A1/ B1+ G8+ H4/ H3+ C8/ B8/ A6+ H7+ H2+ F8+
8x8Trax_2509275 Sarah vs. Jump This : @0+ B1+ C1\ C2\ D2\ E1/ E0/ E0/ C5+ A4+ @4/ D6\ E7/ B6\ B7+ B2/ B1/ @4/ @4/ C8\ C1+ G8+ H6+ B1+ DRAW
8x8Trax_2509671 FujiTape vs. Swirly Shirley : @0/ B1+ @1\ A0\ B3/ C1+ @1\ C0/ C5+ E2/ B0+ B0/ D2/ C8\ D1+ E6+ @3/ C7+ @6+ B8/ A8/ @8/ A5\ A4\ B3+ C1\ B1\ A3\ A6+ H2/ A1+
8x8Trax_2510018 Sonya vs. FujiTape : @0/ B1\ B0\ B3/
8x8Trax_2510024 Sonya vs. FujiTape : @0+ B1+ @1/ D1+ A2/ @2+ A0+ @3+ B0+ D5\ @4+ @4+
8x8Trax_2510135 FujiTape vs. Swirly Shirley : @0/ A0/ @1/ C1+ C3\ D3\ A3/ A4/ D1+ E2+ F2\ E4\ A5/ B4+ C5+ D0/ E2/ @6/ F6\ E7+ @6/ B7\ B8/ E1+ C7+ F8+ G1/
8x8Trax_2510452 Midnight Cowboy vs. heidibb : @0+ @1\ B2/ C2\ C1+ @2/ C3\
8x8Trax_2511005 basplund vs. paganje : @0/ B1\ A2/ @2+ A0/ @3+ A1\ B0/ @3+ D2/ E4+ D1+ C0/ B2\ @2/ C1+ A1\ D0/ @2/
8x8Trax_2511119 CapCase vs. Jesme : @0+ A0/ B1\ A0\ B3+ @1/
8x8Trax_2511120 Jesme vs. CapCase : @0/ B1\ B2\ A2+ @2/ B3\ B4\ D2\ C3+
8x8Trax_2511123 psychospaz mom vs. Jesme : @0+ A0/ B1\ B0/ C2\ C3+ D2/ C1+ C0/ D1/ E3\ D4\
8x8Trax_2511124 Jesme vs. psychospaz mom : @0/ B1\ A2/ @2/ C2\ B3/ C0/ D2\ D3+ E2/ E1/ C4\ C5\ B1\ C0/ A5+ D7\ E5/ @5/ B6\
8x8Trax_2511127 Jesme vs. dreamflight : @0/ @1\ A0/
8x8Trax_2511128 dreamflight vs. Jesme : @0+ A0/ B1\ B0/ C1/ @2\ B1+ E1/ A3/ @3/ B1\ D0/ D4+ C5+ B6\ D5+ E4/ F4/ G2/ E5\ A3+ E6+ F1\ D7/
8x8Trax_2511129 marygal vs. Mykimus : @0/ B1\ B2\ C2\ B3/ A2+ D1+ B4/ C0+
8x8Trax_2511130 Mykimus vs. marygal : @0/ A2\ B2\ B3\ @2\ C1+ D1/ D0/ E2/ A1\ @1\ C0/
8x8Trax_2511131 marygal vs. gatorbon007 : @0/ A2\ B1/ B0/ @1+ @2/ C0+
8x8Trax_2511132 gatorbon007 vs. marygal : @0/ A0\ @1/
8x8Trax_2511133 marygal vs. sithneedow : @0/ A2/ B2\ A3+ B3+ A4/ @4/ C4\ B5/ A2+ C5\ C6\ D4\ D2+ A5/ @2+ A1+ A0\ D1+ @1+ B0/ A4+ D1+ @2/ H5+ B5+ H2/ H1/ B8/ A6+ G7+ E8/ DRAW
8x8Trax_2511134 sithneedow vs. marygal : @0+ B1+ B0+ @2+ D2/ B1+ D3\ E2/ A3+ @2\ A1\ @1\ C0/ G1/ H3/ A4/ G0+ E2+ C1+ B0+ E1+ E0\ E7/
8x8Trax_2511201 csain1 vs. spitfire : @0/ @1\ A0/
8x8Trax_2511202 spitfire vs. csain1 : @0/ A0/ @2+ B0+ @3\ D1/ @1\ A0\ @3/ A4/ A5/ F4\ F5\ G2\
8x8Trax_2511205 csain1 vs. * : @0/ B1\ A2/ B0\ A0/ @2+ B0/ D1+ @5/ A6/ A1\ @3+
8x8Trax_2511206 * vs. csain1 : @0/ A0/ B1+ A3+ B4/ A5\ C3+ @3\ A5\ C6/ @4/ A2+ C7+ @1\ C0+ G7\ G8+ A3+ E1+ H6+
8x8Trax_2511207 spitfire vs. rUsureU_ want2doTHAT : @0+ A0+ A0+ B1\ @2/ D1\ B0+ C1/ B5+ C5\ B0+ A2\
8x8Trax_2511208 rUsureU_ want2doTHAT vs. spitfire : @0+ B1\ @1\ A0+ B3/ @2/ @2+ D0\ B1+ A4/ C5\ C0\ F6+ E7\ E8\ G6\ F8/
8x8Trax_2511209 spitfire vs. * : @0/ A2\ B2\ @1/ C1/ D1/ E1/ B3+ D3\ B4\ @3/ B4+ A4+ A5/ F4\ E5+
8x8Trax_2511210 * vs. spitfire : @0/ B1\ A2/ @2+ B0+ @2/ C0+ C0/ B6+ D1\ D2\ E3/ E4+ E0/ F2/
8x8Trax_2511211 rUsureU_ want2doTHAT vs. * : @0+ @1+ C1/ C0/ D1+ E1+ D0\ A4\ D4/ @3+ G2/ G1/ G0/ H2+
8x8Trax_2511212 * vs. rUsureU_ want2doTHAT : @0/ A0/ B1+ A3/ C2/ A0/ @4/ A5/ @5/ @5+ C6+ F7+ G7\ H5\ A6/
8x8Trax_2511243 Dania59 vs. jazzbeth : @0/ @1/ B0/ @1/ B3/ A0+ A3+ A0/ @4/ B6\ A3\ @3\ F4+ F1/ B2\ G2\
8x8Trax_2511244 jazzbeth vs. Dania59 : @0/ B1/ A2\ B0+ @1/ A2/ A4\ @2/ B0+ @2\ A1\ B0/ B7+ A7/ @6+ E6\ A2+ @5/ C1\
8x8Trax_2511247 jazzbeth vs. the great snowqueen : @0/ @1\ A0\ B1+ C1\ B3+ D1\ @1\ B0+
8x8Trax_2511248 the great snowqueen vs. jazzbeth : @0+ A0/ A3+ @2/ C3/
8x8Trax_2513351 Phil The Hat vs. Rogue Trooper : @0/ A0+ B2/ B0\ C2\ @2+ C4+ E1+ B0/ E4+ @3/ B5+ B1\ C0/ G1+ G0/ C8\ @4+ H7+ C2\ B1/ B8/ A6+ H4+
8x8Trax_2513414 Elvis vs. darkest angel 70 :
8x8Trax_2513784 SweetCindyJo vs. Dragon101 : @0/ A0/ @2/ B0/ C2/ D2/ D1\ @3/ D0+ B5+
8x8Trax_2514034 * vs. ypercube : @0/ @1+ @1\ A0\ A0+ @2\
8x8Trax_2514788 Sara vs. YankeeFan : @0+ B1\ C1/ B0\ C3/ @2+ E2+ F2+ D4/ F1\ C0\ G3+ H3\ H4\
8x8Trax_2514915 Nancy vs. SweetCindyJo : @0/ A2/ B2\ B3\ C1/ C0/ @3/ A1\ @1\ C0/ E1/ D0\ C1\ F2\ G2/ G1/ F3\ G0\ F1\ E1+ E0\ H3/ A7/ A8/ F6+ G1/ H1/
8x8Trax_2515282 basplund vs. kaki68 : @0/ B1\ B2\ C2\ D1\ A2+ C3\ C4+ D2+ A5/ @4\ A5+ C6+ D6+ C7/ @4+ A3\ A2+ @3/ B1\ D0+ C7+ G7\ A3+ G5\ H4/ B7/ A7/ H2/ F1+ A5/ H7\ H8+
8x8Trax_2515386 marlisam vs. basplund : @0/ A0/ B1\ A3\ B3\ B4\ @3\ D3+
8x8Trax_2515522 basplund vs. marlisam : @0/ B1\ B2\ A2+ C2/ A3\ D2\ D3\ E3\ C3/ D4\ D5\ E1/ F2\ C0+
8x8Trax_2515913 DavidJ vs. marlisam : @0/ B1\ A2/ @2\ A3/ @3/ C0\ B1\ B0\ @5\ B2+
8x8Trax_2516781 paganje vs. jazzbeth : @0/ @1/ B0\ A1+ A3/ @1\ A0\ @2/ A3+ @3/ @3/ C0/ F1\ B3+ E6/ A1\ A0\ @3/
8x8Trax_2516791 basplund vs. Oartkickel of the Wolf Pack : @0/ B1\ A2/ A0/ @1/ @1/ C0/ @1+ D0+ @2+ A1\ C0+ @2+ A1\ C0/ A0+ G4/ H6+ F3+ D7\ F2/ F1/ H3\
8x8Trax_2516834 Traxplayer vs. Jay RAA : @0/ B1+ C1/ C0+ B3+ C0+ B1+ B0\ A1\ @4/ @5\ A3\ @3/
8x8Trax_2517427 heidibb vs. kaki68 : @0+ @1/ B0/ B3+ C2/ B0\ A1\ @3/ B5\ @2+ B0\ @2/ B6/ A6+ C7/
8x8Trax_2517516 DavidTrax vs. Dragon101 : @0/ A0/ A0/ A0/ B2+ @1+ D1\ B0/ @1/ C6+ C7/ E0/ F1/ B8/ A8/ B1+ F3\ G2+ E5+
8x8Trax_2518320 csain1 vs. Rogue Trooper : @0/ B1+ C1/ C0/ C0+ B0/ D2/ D3+ B0+ E4+ F3\ G4/ H4/ D6\ E6\ A6/ E7+ F7\ E2+ B0\ A3+ H6+ D2+ D1+
8x8Trax_2518389 dgb vs. Phil The Hat : @0/ @1+ C1/ A2\ C0/ C0+ D3+ B5/ @4+ F3\ A6/ @6/ G6\ D0+ D8/
8x8Trax_2518778 ypercube vs. klaashaas : @0/ A0/ @2+ @2\ B3/ B4/ @3/ D4\ E2/ C5\
8x8Trax_2520004 supermac vs. B Line electric streetcar : @0/ B1/ @1\ C0+ @2\ A1+ B0\ C4/ D1/ A0/ E4+ A6/ @6/ A5+ A7+ @4/ @6+ A7/ A4\ C2+ B8+ F7+ F8+ G7+ H1\ B2\ A3\
8x8Trax_2520033 Emiline vs. ypercube : @0+ A0/ @2+ A1+ @2+ D2\ D3\ D0\ E2\ E3+ @3\ B2+
8x8Trax_2520178 Elvis vs. psychospaz mom :
8x8Trax_2520518 marlisam vs. basplund : @0+ A0\ A0\ B3/ B4\ @2+
8x8Trax_2521525 * vs. JiffyJeff : @0/ B1+ A0\ @1\ C1+ D1/ D0/ C0+ @2/ C0+ A0\ @2/ A4/ @5\ C6+ F7\ H5\ H6\ F8/ C7/ D8+ G2/ B8+
8x8Trax_2521584 YankeeFan vs. drgnrdr : @0/ @1/ A2+ C2/ A3+ @3/ C0+ D4\ A1\ E4/
8x8Trax_2521587 DavidTrax vs. Dragon101 : @0+ A0/ A3/ B1+ @3+ D1\ A4\ @3\ B1+ B5\ @3+ E5\ C6\ F3\ G1\ B4+ D7\ E7\ E8\ F7/ F5+ G8\ H7+ H6+ A1\ G4/ H5/
8x8Trax_2522720 Jane vs. drgnrdr : @0/ @1/ B0+ A3\ B0+ C3\ C4\ D4\ D5\ C6+ A6\ @5\ A4\ @2\ A1\ A5/ @4\
8x8Trax_2524058 Dragon101 vs. csain1 : @0/ A0/ A0/ A0/ B2+ @4/ A5/ @5/ A6/ @6/ @5+ E0/ G1/ E0/ H3\ G5+ G1/
8x8Trax_2524123 DIRKSTRA vs. Rogue Trooper : @0/ A0+ B2/ A0/ A0/ A0/ A0/ C3+ @5\ A0\ @6\ F6\ F7\ C8/ @2\ A1+ H5+ H4/ DRAW
8x8Trax_2525401 csain1 vs. ypercube : @0/ @1\ A0/
8x8Trax_2526450 Togo vs. heidibb : @0/ B1\ B2+ B3/ B4/ A2+
8x8Trax_2526869 Fallen Angel vs. JiffyJeff : @0/ B1/ A0\ @1\ C0/ D2+ D1+ E2+ B0+ B0/ E5\ C6/ F4/ F3/ E2\ C0+ @4\ D0+
8x8Trax_2527642 Rogue Trooper vs. Traxplayer : @0+ B1+ A0+ B3+ @1/ A0/ C1\ @2\ @2\ D4/ B1+ C0+ B5+ F3+ B0/ B0/ A1+ @5\ F3/ G4+ B0+
8x8Trax_2528069 ypercube vs. csain1 : @0/ A0/ A0+ B3+ A4+ @4/ D3/ A1+ @3+ B0/
8x8Trax_2528083 klaashaas vs. ypercube : @0/ B1\ B2\ A2+ C2/ B0+ C1\ D2\ E3/ D1+ D0/ F3\ D0/ D0+ D0/ G3+ E1\ F1+ C8+ H3\ B2+ B8+ B1+
8x8Trax_2528300 Shaffyre MIA vs. DavidJ : @0+ @1/ A2/ C2\ C3\ C1+ B3+ D3\ E3\ C4+
8x8Trax_2528960 YankeeFan vs. goldfreckles : @0/ A2\ B1/ B2+ C2+ A3\ @2+ C4/ D3\ E2/ D0/ C1+ @3+ G2\ G5\ H5\ E6+
8x8Trax_2529049 * vs. ypercube : @0/ B1\ B2\ @1/ B2/ B3/ C3+ C4+ D3/ @1\ B0/ E1/ F2\ A1+ B4\ E5+ A4\ F5+ G5/ D6+ D7+ G6\ A5/ F1/ A0+ A7\ B7+ F7+ G8\ E1+
8x8Trax_2530457 jazzbeth vs. Uncle Chuckie : @0/ B1\ A2/ @2/ A0/ B1/ D1\ B0/ E1\ D0+ D0\ F2/ E1+ G3\ F4/ G1/ E0+ H3/
8x8Trax_2530489 paganje vs. SweetCindyJo : @0/ B1\ A2/ @2+ @1/ B0+ C4/ D3+ E3+ @2/ @3\ E5+ C0/ C5/ D6+ D7/ C7/ B6\ @4+
8x8Trax_2530523 * vs. DIRKSTRA : @0/ A2\ B1/ B0+ A0/ C3/ B4+ A0/ D4/ @4+ D1\ F2/ F1/ C0+ G3+ @5\ C1+ G0/ H1+ F0+ H7+ A8/ D1+ DRAW
8x8Trax_2530542 Elvis vs. dalkelly MIA : @0+ @1+ A2\ A0\ C3/ B1+ C4\ D4\ @1\ C0/ B0/ D2\ C7/ B7/ A5/ A6+
8x8Trax_2531539 * vs. dingbat : @0/ A0/ @1/ C1\ @1/ D2\ C3/ B2+ A0+ B5\ C6/ A5+ @4/ B7+ E6\ E7\ C8/ F6+ G6/ H4+ H6\ H7\ H8\ A8\ G1+ A1\
8x8Trax_2531920 jazzbeth vs. balmoral : @0/ B1\ B2\ A2+ C1+ A0/ @1/ B0/ E3/ B5/ B6/ A3/ @4+ F0+ E7\ G2+
8x8Trax_2532062 Dawn vs. ypercube : @0/ A0+ @1+ A0\ B4/ @3\ D4\ C5/ D2/ E3\ A0/ @2+ C0\ E3+ E2+ F3\ G3\ @3/ B7/ D0+ A8/ G7\ F2/ G2/ F8\ G8+ H7\ G1\
8x8Trax_2532063 ypercube vs. LSA : @0/ A2/ @2+ @2+ A1+ D1+ @2\ F2\ F3\ C0/ C4\ D1+ F5/
8x8Trax_2532690 Dawn vs. basplund : @0/ A0/ B1+ A3/ B4+ C2/ B5/ B6/ C5+ D6/ C0\ D2+ @3+ B1+ D0\ F4+ A7/ @7/ @6+ B8\
8x8Trax_2533420 Shreela vs. Chef Jeff 1 : @0/ A2\ B2\ B1+ B3/ A3+ C1/ C0/
8x8Trax_2534077 ypercube vs. csain1 : @0+ A2/ B2/ C2/ D1\ C3+ E2/ D0/ C5\ @3/ E0+ F1/ G4/ @5\ A6+ F7/ D0\ C1+ B3/ B2+ C8+
8x8Trax_2534082 klaashaas vs. ypercube : @0/ A0+ B2/ B0\ B0\ @2/ @4\ A2+ A5/ B0+ @6\
8x8Trax_2534190 Dionysos vs. ypercube : @0/ @1/ A2\ @2/ B3\ C3\ D1/ B0\ A1\ @1\ E4\ D5+ F2\
8x8Trax_2538064 drgnrdr vs. Rogue Trooper : @0/ A0+ @1+ B0/ C3/ B4/ @4/ A5/ D5+ B6+
8x8Trax_2540983 DavidTrax vs. Dragon101 : @0/ A2/ B1\ A3/ C1+ @2+ D2+ D0/ D0/ E3\ F2+ E0+ B2\ B1+ G3+ G1/ F0\ H3+ D7\ D8\ G1/ A3\ D1+ C8+ F7\ G7+ G8\ H5+ A1/ DRAW
8x8Trax_2541350 Dionysos vs. ypercube : @0/ A0/ B1+ C1\ A3+ @3/ D4\ E3/ E1+ A1\ B4+ A0/
8x8Trax_2541396 Rogue Trooper vs. Phil The Hat : @0+ A2+ A0+ @2+ B0+ B0/ C1/ A1\ C0+ B0+ C1+ C0\ A2+ @3\ B1+
8x8Trax_2541410 Traxplayer vs. dboy97 : @0/ @1/ @1/ @1+ B2\ D2\ E2\ F2\ C3/ G3\ E4+ F5/ F6/ @1/ E0+ D0/ A2+ D7+ F3+ D8+ H3/ H2/ C7+ B4+ F1+ H8\ A6+ DRAW
8x8Trax_2542961 drgnrdr vs. golfnutrof : @0/ @1/ B2/ C1/ C3+ D1/ D0/ E4+ C5/ F4\ F5\ F6+ G6\ G5+ F3+ H4+ H6\ A4+
8x8Trax_2543134 klaashaas vs. ypercube : @0/ @1/ B0/ @1/ A0/ @1/ @1/ B0+ D5/ C5\ B5\ @4/ A5/ D6+ A2+ @1/ G6\ H4+ C0/ F2/ F1/ F8+
8x8Trax_2543160 Dionysos vs. ypercube : @0+ A0+ A3+ A4+ A5+ @5\ B6+ C3/ B7+ C5/
8x8Trax_2544513 paganje vs. Jay RAA : @0/ A2+ B2/ B3\ C2/ B4\ B1/ A4/ A5/ @4+ D1+ C5+ @3+ @2/ B1\ D0/ A2+ A1\ @3/ @3/ B5/ A5/ A6/
8x8Trax_2544565 SweetCindyJo vs. tyshy4me : @0/ A0\ @1/
8x8Trax_2544678 ypercube vs. * : @0+ @1+ @1+ @1+ C0/ C3/ E1\ @2+ D0/ C1/ D0+ F1/ G3+ E0+ C7\ E0/ G1/ H2+ B3\ B2\ B1+ A1\ A3+ H5+ B7+
8x8Trax_2544939 Dionysos vs. ypercube : @0/ @1/ B0+ A0/ @1+ @2+ E3/ E4+ @2/ A4+ C5+ @3\ @3\ A1+
8x8Trax_2545065 LSA vs. ypercube : @0/ @1/ C1\ @1\ D2/
8x8Trax_2545517 Dragon101 vs. ypercube : @0/ @1/ A2+ A3\ B0/ C2\ A0\ @3+ E3\ E4\ E1/ E5+ C0/
8x8Trax_2546034 Uncle Chuckie vs. Phil The Hat : @0/ @1/ B0/ @2+ B3/ D3+ B4/ @2/ F3\ D5\ E5+ E6\ @2\ A1\ C0/ B6/ F1/ G1\
8x8Trax_2546064 SweetCindyJo vs. Nancy : @0/ B1\ A2/ @2\ C2\ C3\ D3+ D4\ A3/ @2\ B4/ E5\ B5\ D5/ D6/ A3/ @3/ F6+ G5/ G4/ G3+ H4\ H5+ G2/ H6/ F7\ E0\ B5+ A3\ A2\
8x8Trax_2546456 Dragon101 vs. ypercube : @0/ A2\ B1/ @1/ B0+ @2+ C4+ A3+ E2\ D4+ D5\ E5\ E6\ F3+ C6/ E7\ B0/
8x8Trax_2546749 dgb vs. ypercube : @0/ @1/ A2/ @1\ A0\ C1\ @1+ C0+ A5/ D1+ @5\
8x8Trax_2547386 DavidTrax vs. pepperbeach : @0/ A2+ @2/ @2+ @2+ C1+ D0/ @3/ E4/ A4/ F2+ F0\ D5/
8x8Trax_2547687 Dionysos vs. ypercube : @0/ @1+ A0+ @2/ B0/ B0/ D2+ A1\ A0\ @4+
8x8Trax_2547801 Dragon101 vs. ypercube : @0/ A2/ @2+ B3/ B0/ C4+ D2+ E2\ D0/ E1/ F3\ E5+ A6\ B1+ D7\ F6+ @6/ A7/ B8/ H6+ F7\ H1+ H7\ H8\ A3/ A8+
8x8Trax_2548147 dawn1968 vs. Rogue Trooper : @0/ A0+ A0+ B3/ @3\ B4/ @4/ A5/ @3\ B2/ @4\ F5\ E6\ G5/
8x8Trax_2548932 LSA vs. ypercube : @0/ A0/ B1/ C1+ @1\ A0/
8x8Trax_2548961 ypercube vs. csain1 : @0/ A0/ B1/ A3+ B0/ @4/ D1/ A1+ E2+ @4\
8x8Trax_2549852 basplund vs. Krampen : @0/ B1/ A2+
8x8Trax_2550107 valerie8260 vs. FujiTape : @0/ B1\ A2+ B2+ @2\ C3/
8x8Trax_2550147 Swirly Shirley vs. FujiTape : @0/ B1\ B2\ B3\ A2+ B4\ C1+ @4/ C5+ B6\ A2+ B0/ E3+ A2\ @4/ G3\ F6+ H6\
8x8Trax_2550159 valerie8260 vs. FujiTape : @0/ B1\ C1/ B2/
8x8Trax_2550168 valerie8260 vs. FujiTape : @0/ B1\ B2\ B3\ C1/ A0/ C1+ D1/ C0\ B1+ C0+ D0/ E2+ F3\ G3/ F4/
8x8Trax_2550178 dawn1968 vs. ypercube : @0/ A0/ A0/ @2+ @3\ @2/ B1+ A0/ B0+ @5\ A1\ @3+ @3/ B5+ @4\ F0+ D0+ C1\ G2+ B3+
8x8Trax_2552185 LilSis vs. ypercube : @0+ A2/ A3\ B3/
8x8Trax_2552186 STrek vs. ScoobyRex02 : @0/ B1\ A2/ @2+ B3\ C3\ @1/ A0+ C5+ @3\ B0/ B5/ B7+ A5/ @4+ A5+ @4\ H5+ G1/ H6\ H3/
8x8Trax_2552273 jaha vs. Rogue Trooper : @0/ A0+ B1/ B0\ @2/ @2+ A3/ A1\ @1\ A0\ @4+ A5/ @2\ C6\ D5+ E6/ F5+ F0/ G1/ E0+
8x8Trax_2553204 DavidJ vs. Swirly Shirley : @0/ B1+ A0\ @2/ B0\ D3/ A2+ D2+ E3/ D4+ A4/ @4/ D5+
8x8Trax_2553996 DavidTrax vs. pepperbeach : @0+ B1/ A2/ B0\ A4/ A1+ @4+ @4\ D4\ D5\ E2\
8x8Trax_2555793 marlisam vs. ypercube : @0+ A0\ @1/ A2/ B3/ A3/ C3/ D2\ C4/ D1/ C0/ E3/
8x8Trax_2555927 YankeeFan vs. Thud : @0/ A0+ @1+ B0/ C1+ D2/ C3+ C4\ @3\ A4\ @2\ C1\ D0/ A5/ RESIGN
8x8Trax_2556399 ypercube vs. csain1 : @0+ A2/ A3/ A0/ @2\ @1/ C0+ D3+ B6+ B0+ @3/ @2+ A4+ @2/ G7+ F8+ @5/ B6+ B2+ F1+ G1+ DRAW
8x8Trax_2557264 Phil The Hat vs. grade1teacher : @0/ A2\ B1/ B2+ B0+ @1\ A0\ B5\ A4+ D5/ A6/ @6/ E6\ E7+ F6/
8x8Trax_2557269 basplund vs. csain1 : @0/ A0/ B1+ A3+ @3\ D3+ A0/ @1\ B0/ @3+ B5+ B6/ A7+ B7+ @6+ B8/ @5/ F7\ F8+ B2\ C1/ F2/
8x8Trax_2557333 paganje vs. Oartkickel of the Wolf Pack : @0/ B1\ A2/ A3/ C1/ A0/ C1+ D1/ A0/ C4\ D3+ D5\ E2\ C6\
8x8Trax_2558796 SweetCindyJo vs. DINGEROO : @0/ A2\ B1/ A0+ A0+ C2+ C3\ C4\ @4\ B5+ B0+ @4/ E6\ D2/ B1\ @3/ D0+ G4+ G3/ @3\ B1\ C0/
8x8Trax_2558910 jazzbeth vs. Masonsmith : @0/ A0/ @1/ @1/ A0/ @2+ E3/ D4/ B0/ C1/ D6/ C4+ B5+ C7+ D7\ A4+ @4/ A2+ F3/ F2/ @3\ D0+ H5+
8x8Trax_2560341 drgnrdr vs. rogerrabbit : @0/ A0/ @1/ B0/ @1+ A0\ A0+ @2/ E5+ E2+ C5/ C6/ A4+ @3/ A6/ @4\ C7/
8x8Trax_2560429 Pegasus vs. Elvis : @0+ @1\ A0/ B1+ C1\
8x8Trax_2561074 spitfire vs. nana210 : @0+ @1/ @1\ @1/ B0/
8x8Trax_2561525 Jay RAA vs. Misfit Lenrad6672 : @0+ @1/ @1\ A0\ C3\ A0/ B1/ B0/ C3/ C2+
8x8Trax_2561658 FujiTape vs. Swirly Shirley : @0/ A2+ @1\ B0/ A3+ A4\ B5\ C4/ @3+ D5\ E4/ F2+ E0\ @4/ A5/ B6/ B7/ D1/ F6\ G5+ F8\ G8\ G6+ H5+ H6\ B2+ H3/ A3+ A6/ A7/ A1/
8x8Trax_2562229 Masonsmith vs. Phil The Hat : @0/ A2/ B2\ B3\ @1+ D2+ D4/ A0\ E3/ F2\ C1+ A0+ @2+ G1+ E0/ H3+
8x8Trax_2562235 Phil The Hat vs. Dionysos : @0/ A0+ B2/ @1\ @1\ A0\ D4\ E2\ A4/ A5+ @4\
8x8Trax_2562238 Dionysos vs. Phil The Hat : @0+ A0/ B2+ A3/ @3+ @3\ D3+ A1\ A0+ @3\
8x8Trax_2562582 Jay RAA vs. Phil The Hat : @0+ A2/ A0\ @3/ A4/ @4/ C5\ D5\ @1\ A0\ @5/ A6/ A7/ E1/ F1/ @7/ @7/ H3+
8x8Trax_2562610 ypercube vs. Dionysos : @0/ A2+ A3/ @3/ B4\ C4\ C2+ C5+ D3/ C6/ @4\
8x8Trax_2562620 ypercube vs. Phil The Hat : @0/ A0/ @2/ B0+ B4/ B0+ @4+ D2/ A1\ @4\ D0/ D7+ E4+ F3/ G2\ H4+ H5\ E8+ C7+ C8\ F6+
8x8Trax_2562729 Masonsmith vs. ypercube : @0+ B1+ A2+ C1+ @1/ B0\ A0/ @2+ C5+ E4+ D1/ F4/
8x8Trax_2562748 Dionysos vs. ypercube : @0+ @1+ B2+ A2+ A3+ C1+ A4+ A0/ B5+ B6\ C4+ A6/ B7\ C7\ B8/ A8/ D6+ @5+ A4\ F6+ @5/ A7+ @6\
8x8Trax_2563161 dawn1968 vs. Phil The Hat : @0/ A0/ @2+ B0+ @2/ D3\ D4\ @3\ D4/ C5\ B4+ @1\ A0\ A5/ @5+ B6\
8x8Trax_2563611 Phil The Hat vs. dawn1968 : @0/ @1/ C1+ A0\ @1\ @1\ F2/ D0/ F2\ E1/ G2\ E4/ F4+ H1\ B3+ D4+ C5\ C0+ F6\ E7\ B6/ C7\ H5+
8x8Trax_2563657 ypercube vs. rogerrabbit : @0/ A0/ B1+ C1\ D2/ C3+ C4\ B4+ @3\ B0/ E1/ E0/ F2\
8x8Trax_2564533 Rogue Trooper vs. Dionysos : @0/ A2\ B1/ B2+ C1\ C2\ A0+ @1\ @1\ B0\ A4/ @3\ D5/
8x8Trax_2564536 Rogue Trooper vs. Phil The Hat : @0+ A2/ @2\ B0/ @3\ @3+ B4/ @3\ A2\ A4/ @2+ C5\ D6/ F6+ G4/
8x8Trax_2564541 Rogue Trooper vs. dawn1968 : @0/ A0+ @2\ A3\ @3/ B4\ A1\ @2/ C0/
8x8Trax_2564544 Rogue Trooper vs. Masonsmith : @0/ @1/ A0+ A3\ A0/ C2+ D1\ E2/ C0+ D4\ D5\ E5\ F4/
8x8Trax_2564638 dawn1968 vs. Rogue Trooper : @0/ A0+ @2\ B0/ B0/ A3\ C2/ D2/ C1/ D4\ C5\ E4/
8x8Trax_2564668 Jay RAA vs. Rogue Trooper : @0+ A0/ A3\ B1/ B0/ C4+ @1\ C0/ E1/ E0/ F5\ F6\ G6\ E7/ E8\ H4+
8x8Trax_2564889 Dionysos vs. Rogue Trooper : @0+ A0/ B2+ A3/ C2/ C3/ A4/ A0/ @2+ D0/ E3+ A1\ @1\ C0/
8x8Trax_2565058 Traxplayer vs. Dania59 : @0/ A2+ A3/ B1/ C1+ B0+ C4\ D3/ B5/
8x8Trax_2565059 YankeeFan vs. REBEL DJ : @0/ A0+ A0\ @1\ A0\ @1\ D3\ C0+ D1/ E1+ C0+ F2/ E1+ D0+ F4+ C8+ @5+ H2\ G6+ B2\ B8\
8x8Trax_2565145 jazzbeth vs. goldfreckles : @0/ A2\ B2\ B1+ A3+ C3+ @3/ C0\ A2+ @1/ A5\ @3\ F5/ F1/ F0/ F3+ G4/ H2+ H4+ G6+ A7+ E7+ G0\ F8+
8x8Trax_2565164 CrzyCrtv vs. SweetCindyJo :
8x8Trax_2565272 Phil The Hat vs. Masonsmith : @0/ A0/ A3/ B3/ A4+ C4/ A0+ B3+ A0+ A0+ @3\ C2/ D5/ E3+ C0+ F5\ E6+ G5\ F7\ G8/ D2+ @3/ H4/ B8+
8x8Trax_2565274 Phil The Hat vs. Rogue Trooper : @0/ A0+ B2/ B0\ A0/ @2+ C5\ D5\ E5\ D3+ E2+ B6+ C0\ F5+ A4+ F1/ G3+
8x8Trax_2565455 Masonsmith vs. Rogue Trooper : @0+ B1+ A2+ @1+ @1/ A2/ B3+ C0/ C0/ E3+ @4/ A6+ F1/ D0/ G3+ A3\ @5/ B8/ G5+ G6/ G7/ E7+ E8+ C8+ DRAW
8x8Trax_2566675 ypercube vs. dawn1968 : @0/ A2\ B1/ A0/ C2\ B3+ @1/ D1/ E1/ A0/ A4/ A5/ B1/ B0\ @3/ E5\ F5\ G3/ E6+
8x8Trax_2566678 ypercube vs. Masonsmith : @0/ A0/ B1+ A3/ @3/ C4\ D2+ C0+ A1\ @1\ E5\ F4/ E1/ E0/ D0+ A7\ @5+ B8/ G3+
8x8Trax_2566679 ypercube vs. Rogue Trooper : @0+ A0/ @1/ B3/ B4/ @3+ @3\ B1+ A0/ E4+ D6/ E1\ A6/ @2+ A5\
8x8Trax_2566779 Rand al*Thor vs. * : @0+ @1+
8x8Trax_2566780 DIRKSTRA vs. drgnrdr : @0/ @1/ A2+ C1\ @1/ C0/ D0\ E3+ E4\ C5/ C6/ A0+ @2\ F1/ G3\ D0/
8x8Trax_2566863 dgb vs. Rogue Trooper : @0/ A0+ A0\ @1\ B0\ B0\ C1+ @4+ B1\ @3/
8x8Trax_2567033 * vs. ypercube : @0/ A0+ A0+ @1/ C2\ @3/ C4/ E4\ D5/ F3/ F2/ F1/ D0+ C0\ B1\ A1\ @5+ H4+ G1/ F0+ H2\
8x8Trax_2567036 Phil The Hat vs. ypercube : @0/ @1/ @1+ C2\ D1/ A0+ @1+ F1\ D4\ B4+ D5\ E5\ B6+ A3/ @3/ @4\ D0+ E8/ C7+ C8+
8x8Trax_2567205 dawn1968 vs. ypercube : @0/ @1/ C1/ B2+ B3/ B4/ C3+ @2\ D0/ @5+ A6/ A1\ B0/ @4\
8x8Trax_2568714 Rogue Trooper vs. ypercube : @0+ @1+ A0/ B3\ C3+ D2\ B0\ @2+ D5/ D6/ D7/ D2+ C0+ E2+ B6+ A4+ @4/ A6+ G5/ G6+ A3\ @2/ D1+ H7+ A6+
8x8Trax_2569285 * vs. dingbat : @0/ A0/ B1/ C2+ A3/ @3/ C4\ C5+ D5\ E5\ @3/ F6+ G4+ A6+ C7/ @5+
8x8Trax_2569416 jaha vs. Uncle Chuckie : @0/ B1/ A2\ B0/ @2+ D2+ C3\ E1\ B4+ @2/ G1\ A3\ @3\ E0/ A5/ D6/ G4+ E0/ A7+
8x8Trax_2569474 Dragon101 vs. Phil The Hat : @0/ @1/ A2+ B0/ C3\ C4\ D3+ A4/ D5/ E1+ D0/ D0/ E1/ F3\ G3+ H2\ C8\ E5+ G5+ E8+ G8+ DRAW
8x8Trax_2569509 Kituku vs. Elvis : @0+ @1\ B2/ C2\ B3/ C1+ B0/ B0/ D4+ D5+ @3\ D6\ F5/ @3\ C0+ D0/ E1/ F2\ D8/ B1+
8x8Trax_2569931 Jay RAA vs. ypercube : @0+ @1\ C1\ B0\ D2/ D1/ D0/ D0+ A5/ @5/ F2\ E0/ G3/ G2/ E0/ G5\ H5\ H4+ D1\ D0\ H2\ B4\ B3\ H1/ A5+ F8+
8x8Trax_2571212 ypercube vs. Marko : @0/ B1\ A2/ A3/ B3/ @3+ C4+ D2\ E2\ D1+ F2\ G1+ G0/ G0+ H1/ A2\ G6\ D2+ F7\
8x8Trax_2571615 Fallen Angel vs. JiffyJeff : @0/ A2/ A0\ @2/ B4\ C4\ C5+ C6/ A5\ A4\ @3\ D2/ E3/ E4+ E1\ F3+
8x8Trax_2571676 Jay RAA vs. drgnrdr : @0+ A2/ A0\ @1\ A0\ @3/ D1/ D0/ E3\ E4\ F4\ F5\ C6/ C7/ G5\ G6\ H6\ B1\
8x8Trax_2572216 furryfeet vs. Linda Sue : @0+ @1\ B0\ @2\ B3\ A1\ @1\ A0\ B0\ @2/ A4\ C0\ F3/ @3\ G2+ A2/
8x8Trax_2572929 ypercube vs. DINGEROO : @0/ B1\ B2\ A0+ @1+ A0\ A0\ D4+ E4/ E3/ F3/ F2/ F5\ D6\
8x8Trax_2573052 Dragon101 vs. kaki68 : @0/ B1\ B2\ C2\ C0+ D2/ E2/ E1/ B0/ F2+ A1\ RESIGN
8x8Trax_2573489 DavidTrax vs. Dragon101 : @0/ A0+ A3+ @1\ @2\ D1/ C0\ C5\ D5\ E1\ F1\ D6\ E6\ E7\ F4+ G3\ D8+ B8+ @7/ A8/ H7\
8x8Trax_2574113 brennanbunch vs. Dragon101 : @0+ A0+ A3/ @3/ A4\ @3/ C0\ B6\ B1/ @6/ C7\ A3+ D7/ @5\
8x8Trax_2574117 DavidTrax vs. dingbat : @0/ A0/ B2/ B3+ B4\ C2/ C1/ D3\ E3+ E4\ B5\ @3\ A0\ @1\ G1/ F0/ H2\
8x8Trax_2574311 Honeybear vs. dingbat : @0+ A0/ A3\ B3\ C2\ A4/ @4/ B5+ B6\ @5\ E4+
8x8Trax_2574320 YankeeFan vs. basplund : @0/ @1/ A2+ B0+ C3\ C4\ @3/ A2+ C0+ C5/ D6\ B6+ C0+ E5+ A2+ D2/
8x8Trax_2574333 drgnrdr vs. aussielady : @0/ @1/ B2/ A2/ @1/ D1/ B0+ A3/ A4/ @2\ @2+ A1\ D0\ G3/ @2\ A0+ G2+ F1/ G0\ E0+ H2/ H1/ A2+ A7+
8x8Trax_2576667 * vs. JiffyJeff : @0/ B1+ B0+ A3+ @3/ B4+ B5/ C0\ B1\ A2\ @4/ D5\ E5\ B7\ @6+ C8+ D8\
8x8Trax_2576862 Traxplayer vs. balmoral : @0/ B1\ A2/ A0/ @2+ D1\ D0/ E2\ A1\ B0\ @2/
8x8Trax_2578402 DavidTrax vs. pepperbeach : @0+ B1\ @1\ @1\ B2\ A0\ A4/ @4/ E4\ E5+ F3\
8x8Trax_2578404 DavidTrax vs. pepperbeach : @0/ A2\ B1+ C1\ C2\ B0/ B0/ D4\ A5+ A2+ B0/ B7+ D8/ B8/ E3+ F3/ A8+ @5\ @6/ A7/ A8+ H5+ H6\
8x8Trax_2578463 SweetCindyJo vs. Dania59 : @0/ B1/ A0\ @1\ D1/ D0/ E2/ B1+ D0/ B1+ E4\ RESIGN
8x8Trax_2579530 DavidTrax vs. dingbat : @0+ A0+ B2\ C2+ D2/ D1/ B0/ E2+ F2/ D4/ E1+ C1+ C0/
8x8Trax_2579809 drgnrdr vs. grade1teacher : @0/ B1\ A2/ @1/ @1/ C3/ D2+ C4/ B2+ A3+ C5/ @4\ @4\ D0+ @6/ E7+ E8/ @6/ A7/ B3+ D2+ A2/ A1+
8x8Trax_2579813 basplund vs. lhh61 : @0/ B1/ B0+ B0+ C3\ C4\ C1+ B0+ C1+ D2\ B0/ A6/ D7/ B7+ @4+ A3+ @3\ A5+ D0\ C1\ B3+ @6+ H6+ B8/ A8+ A4/ H4+ DRAW
8x8Trax_2579896 drgnrdr vs. irishmiss : @0/ @1\ A0/
8x8Trax_2581435 B Line electric streetcar vs. YankeeFan : @0/ B1\ B2\ C2+ A0/ D1+ A0/ D0+ C0/ E2+ A1\ C0/ @3/
8x8Trax_2581500 Nancy vs. paganje : @0/ @1/ A2/ @1\ B0/ B4+ D3\ C5\ D5\ D6\ A1\ E5+
8x8Trax_2581530 supermac vs. basplund : @0/ @1/ B2+ C1/ C0+ D1/ D2+ E3/ F1/ F0/ C5/ F4+ D1+ B1+ C6+ D7/ D0/ G2/ H4+ H6+ B7/ A7/ DRAW
8x8Trax_2581603 jazzbeth vs. dalkelly MIA : @0/ B1+ C1/ C0+ B0/ A4+ A1\ @2\ C0\
8x8Trax_2581905 drgnrdr vs. dolcol (LAW-10) : @0/ A2\ B1/ B0+ A0/ B4+ B5\ C3/ C6/ @4\ @1+ A0\ @1\ A0\ A5/ @4\
8x8Trax_2582225 heidibb vs. birddog8560 : @0/ @1/ A2/ C2/ @2/ A0+ @1\ A0\ @1\ E1/ @1\ G1\
8x8Trax_2582933 DavidTrax vs. dingbat : @0/ A0/ A3/ @2+ C2\ @2/ A4+ C0/ B0+ A1\ @1+ A0\ @4/ B6+ @3\ B2+ H3/ H2/ A5\
8x8Trax_2583071 Rogue Trooper vs. jaha : @0+ A0/ B1\ A3/ @3/ @3+ B1+ @1+ D4/ E0/ F1/ B1+ C1/ C0/
8x8Trax_2583696 ypercube vs. Dragon101 : @0/ B1/ B0\ @2/ @2/ C1+ D3+ B0/ @4\ A5+ C0/ A0+ @4+ F3+ A7/ @7/ B0/ A2\ H4/ H2+
8x8Trax_2583880 bearsfan vs. YankeeFan : @0/ B1\ B2\ C2+ @1\ A0\ @2+ E1/ F1/ C0+
8x8Trax_2583896 KOOKY vs. Fallen Angel : @0/ A2+ A0\ @1\ A0+ C2\ D2\ A4/ @4/ A5/ @3\ @4\ C1\ B1\ E6\ F6\ E0\ D0+
8x8Trax_2583985 Dragon101 vs. DavidTrax : @0/ B1\ B2\ @1/ A0+ B3+ D3/ B4+ A0/ C2+ D3+ @2+ D6/ F4+ B0/ F4/ E1/ E0/ G5/ F2+ G3/ @4+ F7+ C8\ B6+ B8+ A6+ A3+ B1\ A1+ G8\ H8+ E1+ A8+ H1/
8x8Trax_2586025 Rand al*Thor vs. balmoral :
8x8Trax_2586042 * vs. Uncle Chuckie : @0/ B1/ A0\ @1\ D2\ C3/ C0+ @2/ A3/ @3/ C4\ A1\ B0/
8x8Trax_2586321 Rogue Trooper vs. spitfire : @0+ B1+ A0/ B3\ C3\ A0\ @2/ B4/ D5\ @4/ C5/ D6\ F3/ F2/ F1/ D0/ G2+ G1/ @5+
8x8Trax_2586322 spitfire vs. Rogue Trooper : @0+ A2/ @2\ B0/ C1\ C2\ D3\ B4/ A2\ D1/ E1+ C0/
8x8Trax_2586323 Rogue Trooper vs. ypercube : @0+ A2\ B2/ @1+ C3/ A2+ D3\ D4\ D1/ E2/
8x8Trax_2586324 ypercube vs. Rogue Trooper : @0/ A0+ B2/ A0/ B4\ C4\ C2+ B0+ B0/ B0/ A2+ @4/ E4\ C0+
8x8Trax_2586325 Rogue Trooper vs. Laurel : @0+ @1+ A0/ B3\ C3\ D3+ C1+ @2+ F3/ @2\ D4+ C4/ A4/ @3/ C5/
8x8Trax_2586326 Laurel vs. Rogue Trooper : @0/ A0+ @2\ B0/ C1+ B0/ A2\ C0\ D3+ D1/ D0/ @5+ F4+ F5/
8x8Trax_2586327 spitfire vs. ypercube : @0/ @1/ A2+ B3/ C2/ A0\ @1\ @1\ E2/ C0+ B4+ F5+ G4\ E6+
8x8Trax_2586328 ypercube vs. spitfire : @0/ A2\ B2\ B3+ B4/ @3+ @3\ B5/ A5/ E2/ @4+
8x8Trax_2586329 spitfire vs. Laurel : @0/ A2\ B2\ B3+ A0\ @1\ C2/ D2+ E2\ E3\ E5\ F5+ G5/ G4/ H4+ A3/ A4/
8x8Trax_2586330 Laurel vs. spitfire : @0/ A2\ B2+ @1\ B0+ D3/ D2/ E2+ B0\ A1\ C1+ F3+ G3/ G2/ H2/ G0/ H1/ H0/
8x8Trax_2586331 ypercube vs. Laurel : @0/ A2\ B1/ B0+ A0/ @2\ @2+ @2\ B4/ A3/
8x8Trax_2586332 Laurel vs. ypercube : @0/ @1/ B0+ @1/ C0+ C4+ D4\ C0+ C0+ A3\ E6\ D3/
8x8Trax_2586333 Thud vs. Dragon101 : @0/ A0/ B2/ B1+ A0+ C2\ D3/ B1/ C4\ A0\ RESIGN
8x8Trax_2586334 Dragon101 vs. Thud : @0/ A0/ B1+ C2+ A0/ B0\ C2\ @3\ E1/ E0/ E5\ F5\ D6+
8x8Trax_2586337 Thud vs. Traxplayer : @0/ @1/ B2/ C2/ C3/ D3/ D4/ E4/ E5/ F5/ F6/ G6/ G7/ H6/ G8/ F7+ E6+ A2/ D5/ H5/ H4+ E3+ F2+ F1/ H1+ E7/ C7+ RESIGN
8x8Trax_2586338 Traxplayer vs. Thud : @0/ A0/ @1/ A0/ @1/ A0/ @1/ A0/ @2+ @2\ B3/ A4\ @4+ B5+ D0+ E1/ B0\ A2/ E1/ D0+ F3+
8x8Trax_2586339 Dragon101 vs. irishmiss : @0/ B1\ B2\ C2+ D2/ A2+ B4/ D3+ A3+
8x8Trax_2586340 irishmiss vs. Dragon101 : @0/ A0/ B1+ A3+ A4\ @4\ B5\ D4\ A2+ B0+ @3+ B0/ A2\ F4/ F3/ G4+ E2/ G7\ H6/ E8+
8x8Trax_2586341 Dragon101 vs. Traxplayer : @0/ A0/ B1+ A3+ B4/ B0/ @4\ D3+ D1/ RESIGN
8x8Trax_2586342 Traxplayer vs. Dragon101 : @0/ A0/ A0/ A0/ @3+ C4+ D3+ E1+ D0/ D0/ E1/ F3\ C7\ D6\ @6\ @6\ D8/ C8/ G6+ G7\ G8\ H6+
8x8Trax_2586343 irishmiss vs. Traxplayer : @0/ @1/ A2+ C1+ D1\ B0+ @3/ C4+ A1\ B4+
8x8Trax_2586344 Traxplayer vs. irishmiss : @0/ A2\ B2\ B3+ C2/ C1/ D1/ B4+ C0+
8x8Trax_2586345 Guyver vs. Pegasus : @0+ B1/ C1\ B0\ C3/
8x8Trax_2586346 Pegasus vs. Guyver : @0+ @1+ B2/ B0/ C1/ D1+ C0\ D4\ A2+ B5\
8x8Trax_2586347 Guyver vs. dawn1968 : @0+ @1/ @1\ B0/ A1+ C0\ B0+ A0/ @2\ E4\ A1+ E2/ F1\ C0\ @2\ @2+ F7+ C0+ A1+
8x8Trax_2586348 dawn1968 vs. Guyver : @0/ B1\ A2/ B2+ A3\ @3\ A4/ @3\ D0/ E2\ C1+ A0\ @1\ F2/ G2/ E6+ E7\ E8+ F7/ B8/ A5\ @3+ A6+ F1+ H4+ H5/ G8\ H7+ H8\ A1\
8x8Trax_2586349 Guyver vs. Kituku : @0+ B1/ B2\ C1/ C7+ B0/ A5/ @5/ G4+ B2+ F2+
8x8Trax_2586350 Kituku vs. Guyver : @0/ A2\ B1/ B2+ B0/ C2+
8x8Trax_2586357 TrueIndian vs. B Line electric streetcar : @0+ @1+ A0/ A3/ B3+ B4\ C3/ B5+ @3+ @2/ B1+ A4/ E5+ D6/
8x8Trax_2586358 B Line electric streetcar vs. TrueIndian : @0/ A2/ B2+ @1+ B3/ B4+ C5+ B0/ @2/ E1/ E0/ C1+ A6/ @6/ B2+ D0+ C8+ A5/ @6\ B2/ @7/ A8/ E1+ H1/ B2+ DRAW
8x8Trax_2586363 B Line electric streetcar vs. nisqually : @0/ A2/ B2+ B3\ B4\ @2+ D3+
8x8Trax_2586364 nisqually vs. B Line electric streetcar : @0/ @1/ A2+ B0+ A4+ @2/ D2\ A4+ C0+ B6/ @4/ A2\ A5+ A1/
8x8Trax_2586365 B Line electric streetcar vs. rogerrabbit : @0/ B1/ A0+ A3/ @2/ A3+ @3/ A2+ B4+ B0/ @5\ A6/ @6/ B2+ D0/ E6\ F1/ D0/ G4/
8x8Trax_2586366 rogerrabbit vs. B Line electric streetcar : @0/ @1/ A0/ @2+ C1+ C3+ B4\ A3+ D2+ D4+ E4\ E5\ B5+ F5+ F6\ G3/ E2+ H4\ G5+ G2/
8x8Trax_2587371 Honeybear vs. berecca : @0+ B1\ B0/ C1/ B0+ A2\ A4/ B0\ @4+
8x8Trax_2587583 DavidTrax vs. Rose of Sharon : @0/ A2\ B2\ B1+ @2\ D1/ B0/ C0+ C0/ E2/ E1/ D0\ F3+ E5+ E7\ F7\ G4+ B3\ A7+ C8/ @7+
8x8Trax_2587810 violet unicorns vs. JiffyJeff : @0/ B1/ A2/ B0+ B0\ @3+
8x8Trax_2587834 DavidTrax vs. dingbat : @0+ A2+ A3+ A0/ B1/ B0/ @3/ @4\ E1/ E0/ F1/ A6/ @5\ C7+ @4/ D3+ G0+
8x8Trax_2587902 DavidTrax vs. pepperbeach : @0/ B1\ A2/ @2\ B3\ C3\ C4\ D2/ A4/ @4/ C5/
8x8Trax_2588232 jazzbeth vs. misci : @0/ B1\ B2\ A2+ C1+ C0/ C0+ A1/ B5\ A0\ @2/ E3/ E5+ C7+ B8\ A8+ @3+ B1\
8x8Trax_2588772 asmdrm vs. basplund : @0/ A0/ @1/ A2+ A0\ @2/ B4/ A1\ @3\ E1+ C0+ F2/ D0\ C0/ B2+ C0+ G2+ D1+ H4\ H5\ F6/ F7+ F8\ A5\ E8/
8x8Trax_2589639 DavidTrax vs. pepperbeach : @0+ B1\ A2\ B2\ C2/ C1+ @1/ D0\ C4\ C5/ E2\
8x8Trax_2589663 psychospaz mom vs. Elvis : @0+ B1/ B2\ C2\ A0\ C2/ D3\ B4/ A4/ @4/ A2\ @2\ F2/ G2/ B1+ B0/
8x8Trax_2589704 dalkelly MIA vs. Elvis : @0+ @1/ C1/ @1/ D2\ E1/ D3\ C2+ B3+ A0\ @1\ F3\ G2/ F1\ G0\ D2/ C1\ E1+ E6\ F5\ G5\ H3/ G6/
8x8Trax_2589829 Irishrose vs. Elvis : @0/ B1\ A2/ B2+ @1/ C3/ B3/ B4/ A2/ A3+
8x8Trax_2589860 DavidTrax vs. dingbat : @0/ A0/ A3/ B2/ B1/ @2+ B0\ @3\ C0\ A2+ E5+ C6/ E1/ F3\ D0/
8x8Trax_2589933 misci vs. Elvis : @0+ @1+ A0\ B1/ B0/ A1+ A0+ @1\ D4+ D5\ D6\ A2/ @1\ C0/ A5/ A6/ @3+
8x8Trax_2590012 drgnrdr vs. csain1 : @0/ A0/ @1/ @1/ C3/ C4/ B3+ D4+ E4+ E1/ D0\ @2+ G3+ G6/ B3/ D0/ @4\ E7/ H8/ D8+ C7+ B5+ B6/ DRAW
8x8Trax_2590103 Traxplayer vs. golfnutrof : @0/ @1/ B0/ @2/ A0+ @1\ D0/ E1/ A1\ E4\ B0/
8x8Trax_2591365 darkest angel 70 vs. Elvis : @0/ A2\ B1/ B2+ @2/ A3/ B0\ A1\ @3/ C4\ C5\
8x8Trax_2591823 DavidTrax vs. Rose of Sharon : @0+ @1+ C1\ C2\ B3\ D2+ B0/ D4\ E4\ C5/ E1/ F4+ D0/
8x8Trax_2591930 Sir Gamesa-who of the oldT vs. birddog8560 : @0/ A0/ B1\ A3\ B3\ B4\ C2/ @4/ A5/ A1\ RESIGN
8x8Trax_2591957 DavidTrax vs. pepperbeach : @0/ B1/ B0\ A1+ A0\ @1\ A0\ @3/ D1/ D5\ E2\
8x8Trax_2592006 Isischylde vs. nil : @0+ B1+ B2/ A0\ @1+ D3\ B4\ B0/ C1/ D1\ D2+ E2\ @2+ C0+ A2/ B5+ G4+ E6+ H4+
8x8Trax_2592072 grade1teacher vs. B Line electric streetcar : @0/ @1/ A2+ B0+ B4\ C4\ A4+ B5+ D4\ C2+ D2+ A0/ D7\ E6+ E7+ F7\ C8/ B8/ E5+ F5/ G4\ @4+ G3/ F2/ DRAW
8x8Trax_2592078 cocopuff vs. paganje : @0/ A2\ B1/ B2+ B3\ C3\ @1\ B0+ C0/ D1/ E4+ C0\ B2+ A2\ A1\ @2\ A1+ A0\ @2/ A5/ C6+ @5\
8x8Trax_2592141 marlisam vs. jazzbeth : @0/ @1/ C1+ C0/ C0+ A4/ B2+ @3+ E1\ A1\ B0\ @3\
8x8Trax_2592157 ypercube vs. nil : @0/ A2\ B1/ B0+ A0/ @2+ @2/ B4+ B0/ B6+ A1\ RESIGN
8x8Trax_2592286 Rand al*Thor vs. YankeeFan :
8x8Trax_2592908 furryfeet vs. Linda Sue : @0/ @1/ A0\ @2\
8x8Trax_2594414 DavidTrax vs. dingbat : @0/ A0/ B2+ C2\ A3/ D2\ C1+ D4+ @3\ D0/ F3+ F4\ F0/ G2\ C1\ E0/ B2/
8x8Trax_2594633 jazzbeth vs. Nancy : @0/ B1\ A2/ @2\ C2+ C3\ C4\ D4\ A4/ B5\ @3\
8x8Trax_2594693 misci vs. SweetCindyJo : @0+ @1\ A2/ @1\ D1/ D0\ C1\ B1+ B0\ B0\ E3/ E2+ D2+ E1+ D1+ D0+ D0/ E1/ E0/ F1\ F2+
8x8Trax_2596352 aussielady vs. drgnrdr : @0/ @1/ A2+ B3/ C3+ D1\ B0+ A0/ @1+ E2/ F2/ @2+ C0/ A1\ A0\ @4\
8x8Trax_2596916 balmoral vs. paganje : @0+ @1/ A0\ @2/ B3+ B4/ @4/ A5/ D1+ E2+ @3+ A2\ B1\ @3/ @4\ B6+
8x8Trax_2597033 jazzbeth vs. ypercube : @0/ @1/ A2+ B3/ B4/ @3\ D4+ E4/ C0/ C0/ A1+ @6+ A3/
8x8Trax_2597057 Honeybear vs. TN_Sapphire : @0+ B1\ A0/ A0\ @3\ D2/ C1+ C0/ D2/ B0\ A2+ @2\ A1\ F3/ E1\ F2+ G3/ H2/ H1+ H0\ G1\ D1/ F0+ F0/ G1/ D2\ D1+ C2+ H7/ C1\ H1\ A7+ A8+
8x8Trax_2598151 TN_Sapphire vs. Honeybear : @0/ A2\ B1/ B0+ B3\ C1\ D2/ B4\ D3\ E3\ B5\ B0/ C5\ D5\ B0\ A1\ A0/ @3+
8x8Trax_2598272 DavidTrax vs. Rose of Sharon : @0+ @1/ A2+ A3\ C1/ C2+ A0/ @1\ A0\ C1+ E2\ C6/ E6\ F5\ E7/
8x8Trax_2598786 DavidTrax vs. dingbat : @0/ A0/ A3/ @2+ C2\ @2/ @2/ B1+ @2+ D4+ D5/ F3+ G2+ H2/ A5/ F0\ G0+
8x8Trax_2598881 asmdrm vs. basplund : @0/ A0/ B1\ B2+ C1\ C3/ @2+ B0/ A4/ B5+ C6\ D6\ E4/ F4+ F3/ F7\ G6/ C7/ D8+ B6/
8x8Trax_2599825 B Line electric streetcar vs. lhh61 : @0/ A0/ B1+ A0\ @3+ @3\ A1+ E2\ E4+ @1\ A0\ F6\ G4/ @2+ A4+
8x8Trax_2600059 furryfeet vs. Linda Sue : @0+ B1/ B2\ C1/ C0/ @2\ A3/ @2\ F1\ F0/ G2+ B5\ C5\ C6\ D5\ G1+ D6\ H2/
8x8Trax_2600141 Kituku vs. Elvis : @0+ B1+ B2/ A0\ @2+ D3\ C4/ D4+ A3+ C1/ B0\ @3/ E2/ F3/ D1+ F1/ E0\ E7\ E0\ F7\ G6+
8x8Trax_2600941 B Line electric streetcar vs. jazzbeth : @0/ @1/ A2+ C2/ C1+ A3/ B3+ C4/ A5+ A6\ C5+ @5+ @4/ A3+ F3+ @4/ D7+ F7+ C7/ C8/ @4/ C2/ H7+ DRAW
8x8Trax_2601099 Rogue Trooper vs. Traxplayer : @0+ B1+ A0/ A3/ A4/ B3+ A0/ @3+ D5/ E4\ @3/ F6\ G5/ A6/ C7/
8x8Trax_2601130 GlassTiger vs. Elvis : @0/ A2\ B1/ A0/ B3\ C2/ C1/ A0\ @2/ A3+ A4/ A5/ D4+ C0\ E5/ E3/ F4/ B6\ A7/ F2\ B7\ B8\ D6+ B1+ E6+ D7+
8x8Trax_2601176 Kituku vs. ypercube : @0+ A0\ @1/ B3\ A2/ B4\ C2/ @4/ B5\ A1\ @3/ B0/
8x8Trax_2602045 DIRKSTRA vs. Chef Jeff 1 : @0/ A2+ A0\ @1\ A3+ @3/ A2+ B4\ D2/ @3/ F2/ D0/ F5\ G5\ E6/
8x8Trax_2603302 Fallen Angel vs. JiffyJeff : @0/ A2/ @1\ B0+ C1/ A1\ C0/ C3+ A5\ @3+ D0/ A1\ E3/ @2/
8x8Trax_2603780 ypercube vs. Paddington Bear : @0+ B1/ @1/ C0+ C0\ A2+ A0/ A5/ @5/ A1/ B6+ D5+ B0/ C2/ @6/ @6+ C0\ B3+ E1\ A8/ @8/
8x8Trax_2604751 toadisgimpy vs. krinid : @0+ A2+ A0+ @3\ C2/ B4\ C4\ D2/ B0+ B0/ C1/ D1\ C7\ D0\ E2\ D7\ E5+ E6+ F5/ F4+ G4/ F2/ G2+ H4\ H5\ H6\ F8\ A3\
8x8Trax_2605240 DavidTrax vs. Rose of Sharon : @0+ B1/ B0/ B0\ B0\ C1\ C3+ @3\ B2+ C0\ C6/ A2\ E6\ E7\ F5/ F4/ E1/ E0/ G4\
8x8Trax_2605942 * vs. ypercube : @0/ @1/ A2+ A3/ A4/ B3+ C3\ A5+ @3+ E5\ D6/ E3+ C0/ F1+ C0/ G2\ B8\ F5+ H4+ G7\ F8/ A7+ H6+
8x8Trax_2605986 SweetCindyJo vs. REBEL DJ : @0/ A2+ @1\ B0+ B0\ A1\ @2/ A3/ A4/ C5\ D5\ C6\ @2/ E6\ F4/ C6/ C7/ G5+ E2/ F2/ B5/ D7+ A5\ @5/ A6/ B3+ F8/ G7+ B6\ B7+ B8/ A7+
8x8Trax_2606039 golfnutrof vs. supermac : @0/ B1\ B2\ C2\ D1+ A0/ A0/ A4+ C5\ @1+ F1/ E0\ F6\ E7/ G4+
8x8Trax_2606046 * vs. misci : @0/ B1\ B2\ C2+ A2/ A3/ D2/ B3\ C4/ C5/ A0/
8x8Trax_2607421 dalkelly MIA vs. Elvis : @0+ @1\ A2/ @2/ A3/ A1\ @1\ C0/ D1/ D3+ E1/ F1/ F0/ E0/ E0+ F2/ B8/ @1\ B8+
8x8Trax_2608333 * vs. dingbat : @0/ A0/ @2/ @1+ A0\ A0+ @3+ B0\ D1\ E1+ A1/ @2+ G2/ D0\ E1+ B1\ C0/
8x8Trax_2609612 DavidTrax vs. dingbat : @0/ A0/ B2+ @2+ @2/ E2/ E3\ F2/ B3+ C3\ D4/
8x8Trax_2609651 DavidTrax vs. Rose of Sharon : @0+ @1\ C1+ C0/ C3\ D1/ E1+ C0\ B2+ @3+ E0+ F1/ G1+ G0/ G6\ F1\ H4\
8x8Trax_2609831 Nancy vs. Rand al*Thor : @0/
8x8Trax_2609918 basplund vs. Rogue Trooper : @0/ A0+ B2/ A0/ C1\ A4/ @1/ @2\ C5/ C6+ C7/ D0+ B7+ A1\ @2/ F7\ F8\ B8+ @2\ A1+ H1/ H8+ A3+
8x8Trax_2609927 Traxplayer vs. Phil The Hat : @0/ @1/ A0/ @2/ @1+ A0\ @3\ E1/ C0+ D0\ E6+ D7\ F5+ F3/ G5\ D0/ E1+ F3+ F2+ @4\ A3\ A2\ C1\ B7+ A7/ H2/ H1+ A8/
8x8Trax_2611918 balmoral vs. YankeeFan : @0+ B1/ A2\ @1\ C0/ @2\ B3+ E3\ C4\ @3\ B4+ A1\ C0+ G3+ H2\ H1+ E0\ A2\
8x8Trax_2612001 MountainMist vs. drgnrdr : @0/ A0/ @2/ @1+ A0\ A0+ @2/ E1/ C0\ E5\ F5+ D6\
8x8Trax_2612151 basplund vs. birddog8560 : @0/ @1/ B2/ B3+ C1/ C4+ D1/ C5/ C6/ D5+ D0/ D0/ B7\ E4\ A5+ A7/ @7/ RESIGN
8x8Trax_2613300 Sir Gamesa-who of the oldT vs. birddog8560 : @0/ A0/ B1/ A3+ @2/ @2+ D0/ E2+
8x8Trax_2613399 DavidTrax vs. dingbat : @0/ A0/ A3/ A4+ B4+ A5/ @5/ C5\ B6+ C6\ D6+ D7+ @4\ A3\ F4/ E3+ A0+ @3/ F1/ A7/ G1\
8x8Trax_2613665 basplund vs. csain1 : @0/ A0/ B2/ C2/ C3+ B4+ @4\ @4\ A5\ B5+ C0/ @5\ C3+ B2+ @4+ E0/ @4\ C1\ B0/ F1/ G4+ A3+ H3+
8x8Trax_2613666 Uncle Chuckie vs. drgnrdr : @0/ A0/ B1/ C2+ A3/ D1\ B0/ A5+ @3+ E5\ E6/
8x8Trax_2613709 Sarah vs. paganje : @0+ @1/ C1/ C0/
8x8Trax_2613748 Rogue Trooper vs. DIRKSTRA : @0+ @1/ B0+ B3/ A3/ C1/ A4+ B5/ C5+ D1/ D0/ E4+ B7/ B8/ @8+
8x8Trax_2613814 Guyver vs. Rogue Trooper : @0+ A0/ B2+ A3/ B3+ @1/ D2\ B4+ A4+ @1/ @2+ G2\ F1+ G4\ F5\ H4/
8x8Trax_2613815 Rogue Trooper vs. Guyver : @0+ @1+ A0/ B3\ B4\ @2+ A3/ D4\ A5+ E3+ F3/ F1+ E0+ D0/ D8\ E8\ C1+
8x8Trax_2613816 Guyver vs. B Line electric streetcar : @0+ @1+ B2/ A0\ B1+ @2/ A4/ @2/ @1\ C0/ D0+ F3+ D0+ @4+ @4/ A6+
8x8Trax_2613817 B Line electric streetcar vs. Guyver : @0/ A2\ B2\ B1+ A3+ @3/ @3/ C4\ A1\ C0/ @3\
8x8Trax_2613818 Guyver vs. Dragon101 : @0+ A0+ A0+ A0/ B1/ C1/ A5+ C3\ D3\ @3/
8x8Trax_2613819 Dragon101 vs. Guyver : @0/ B1\ B2\ A2+ @2/ A3/ @3/ C4\ A1\ C0/ @3\
8x8Trax_2613820 Rogue Trooper vs. B Line electric streetcar : @0+ @1+ A0/ A3/ A4/ B3+ @4+ C5\ D4/ E4/ B6+ A6/ @6+ D7/ A2\ @5/ B1/
8x8Trax_2613821 B Line electric streetcar vs. Rogue Trooper : @0/ A0+ A0+ B2/ @3+ B0/ B0/ A2+ B0/ @3\ E3+ A4+ E0/ F1/ A1+ C0/
8x8Trax_2613822 Rogue Trooper vs. Dragon101 : @0+ A0+ A0+ A0/ B1/ C1/ @2/ E2\ E3\ @3\ D0+ A5/ @5/ C6+ C2+ C0\ B1\ A4+ E6/ D0/ E1/ @4/
8x8Trax_2613823 Dragon101 vs. Rogue Trooper : @0/ A0+ A3/ A0/ @2\ @3+ B5\ D1+ D0/ C1+ A7/ @7/ E5+ F3+ E7\ F6\
8x8Trax_2613824 B Line electric streetcar vs. Dragon101 : @0/ B1/ A0+ A3/ @2/ C4\ D2+ A4/ RESIGN
8x8Trax_2613825 Dragon101 vs. B Line electric streetcar : @0/ @1/ A2+ B0+ C1/ C2+ @3/ A2+ B4\ C5/ E1/ RESIGN
8x8Trax_2614143 ypercube vs. RyRy is here : @0+ @1/ C1/ A2\ @1\ B0/ @2\ E3/ A3/ B4/ @3\
8x8Trax_2614145 ypercube vs. AngelEyes517 : @0+ B1\ B2\ @2/ B3\ C3+ D1/ D0+ D0\ E3\ C2+
8x8Trax_2615383 DavidTrax vs. Rose of Sharon : @0/ B1+ B2/ @1/ B0/ A3/ D1\ E2/ D3+ F1/ D0+ F1+ F4\ E5/ G2\
8x8Trax_2615618 ypercube vs. grade1teacher : @0/ B1\ A2/ @2+ @2\ B0+ B0/ D2+ @4\ A5/ @5/ C1+ A1+ @4\ B6/ B0\ E1/ B0\ A1\ @1\ A6\ B5\ E1+ G7/ F8\ H6+ G1+
8x8Trax_2615860 csain1 vs. Jesme : @0/ B1\ A2/ @2+ @2\ C3/ C4/ D2\ A4/ B5/
8x8Trax_2615861 Jesme vs. csain1 : @0/ A0/ @1/ @1/ B2/ @1\ A0\ B3/ B1/ B0/ C2+ E2\ D1+ D0/ C0\ B1\ A1\ @2+ @3/ E0+ D8\ A7+ C8+ E8+ H6/ G1+ A3\ B1+ H2/
8x8Trax_2615868 Jesme vs. Sir Face of the GoldTable : @0/ B1+ A0\ @1\ C3\ A2/ @2/ A1+ E2+ E1/ C0\ D5\ F4\ B1\ A0/ @6/ A7/ A3\ G4/ @4/
8x8Trax_2615869 Sir Face of the GoldTable vs. Jesme : @0+ @1/ B2\ C1\ C2\ D2\ B3/ A3+ A4/ @1/ C4+ B5/ @2\ C0/ C7/ @4/ A7/ A8/ @5+
8x8Trax_2615870 Jesme vs. aerohiker : @0/ B1\ A2/ B2+ B3+ C3\ B0/ C1/ @2\ A1\ D3+ E2+ E4\ F4+ E5/ B0+
8x8Trax_2615871 aerohiker vs. Jesme : @0+ B1/ @1+ B0+ D2\ C3/ C4/ E2/ E1/ C0\ E4\ F5/ F3+ A2+ @2\ B1\ C0+ F1/ G1/ H2/ D7+ H4\ D8+
8x8Trax_2615872 Jesme vs. Dionysos : @0/ @1/ A2\ B2\ C1/ A0\ @2/ B4+ D3\ E2/ D5\ E3\ F4/ D6+ D7/ B7+ E6+ C0+
8x8Trax_2615873 Dionysos vs. Jesme : @0+ B1\ A0+ A3+ @3/ D2\ A2\ D1/ @2/
8x8Trax_2615880 jazzbeth vs. sithneedow : @0/ B1/ A0+ A3+ @2/ C4\ D2+ D1+ @1+ @2\ B3+ D4+ A0/ @2+ B0/ E2+ C6/ D7/ A5\
8x8Trax_2615881 sithneedow vs. jazzbeth : @0/ A0/ B1/ C1+ C0+ C0/ D1/ E1/ B5+ D4/
8x8Trax_2615882 jazzbeth vs. Falsecut : @0/ B1\ B2\ C2/ A2+ C1+ B3+ C3+ B0+ A1+ @2+ C5\ E5/ E2/ C0/
8x8Trax_2615883 Falsecut vs. jazzbeth : @0/ A0/ @2/ C1+ D2\ C3/ @1\ C0+ @3/ B4+ B5/ A5/ A6/ @3+ @4\ B1\ A1\ D0+
8x8Trax_2615884 jazzbeth vs. grade1teacher : @0/ A2\ B2\ B1+ A3+ @2\ B0+ @2/ B0+ D6/ B6+ E3/ E2/ E6\ D7/ F4\
8x8Trax_2615885 grade1teacher vs. jazzbeth : @0/ @1/ C1/ B2+ D2/ C3+ D1/ D0/ E1/ B0+ E0+ D0/ B2+ A2+ @4+ @5\ C1\ F8/ H4/ C7/ A6+
8x8Trax_2615886 jazzbeth vs. chaosbreaker : @0/ A2+ B1/ B3+ A3/ @3+ @3/ A4/ A5+ C4+ B6/ E4/ @6\ B7+ A3\ RESIGN
8x8Trax_2615887 chaosbreaker vs. jazzbeth : @0+ A0/ A3+ A4/ @4/ C2+ C3\ D3\ B5+
8x8Trax_2616034 ypercube vs. birddog8560 : @0/ A0/ @1/ @1+ A0\ B0+ D2\ E4\ D5\
8x8Trax_2619153 Fallen Angel vs. JiffyJeff : @0/ B1/ @1/ B2+ D1/ D0/ D4\ E4+ E1/ E0/ F3\ F4\ G4\ F5\ G5+ E6/ H5\ B5/ H3+ A6/ B7\ C7\ C8\ D7\ G7\ F8+ H7+ H8+
8x8Trax_2619458 supermac vs. B Line electric streetcar : @0/ @1/ B0/ @1+ C0/ @2/ C4/ D0+ E5\ C6/ E6+ E7\ E8+ F8\ F5+ G8/ F6+
8x8Trax_2619508 drgnrdr vs. Dragon101 : @0/ A0+ A3/ B2/ @1\ @1+ A0\ D5\ E3/ A5/ E1\ C6/
8x8Trax_2620451 basplund vs. ypercube : @0/ @1/ B2/ C2/ D2/ @1\ B0/ C4/ E5+ F3/ G3+ G2/ C6/ B6/ G6\ E7+
8x8Trax_2620551 furryfeet vs. Linda Sue : @0+ @1\ B0\ C1/ C0/ C3+ B1\ B0\ B5/ D4/ @4\ E2\ B3+
8x8Trax_2620558 Dragon101 vs. ypercube : @0+ @1\ C1\ B2+ @1/ A2/ @2/ A3/ @3/ D4+ E4\ G3+ E0+ E0\ A2+ @4+ B1\ D1+ B0/
8x8Trax_2620612 golfnutrof vs. drgnrdr : @0/ A0/ @2+ A0/ A4/ @4/ A2+ C1+ D2/ @1/ E4\ C0/ F4\
8x8Trax_2621170 DavidTrax vs. Dragon101 : @0+ A0/ B1/ A3\ C1\ C2\ A4\ A5\ @2\ E2\ C0/ F1+ E0/ G4\ G5\ E0/ F1/ G1/ @5/ B6+ E6+ H7\ A8/
8x8Trax_2621480 Uncle Chuckie vs. Rogue Trooper : @0/ A0+ A0\ @1\ A0\ @4+ D1/ A0/ @4/ D0/ E1/ A1\ F1/ @1/
8x8Trax_2621535 Oartkickel of the Wolf Pack vs. jazzbeth : @0+ A2/ A0\ @3/ C2/ D2/ E2/ D3+ D4/ A0/ @4/ G1/ E0+ G5\ A1+ H4/
8x8Trax_2622780 Karen Q vs. spitfire : @0/ B1\ A2/ @2+ B0/ C0/ D1/ @4+ E3/ @4+ E4+ G2\ F4\ F5\ G4\ H4\ D1\ E0/ C2\ B2\ H3+ D1\ D0\ C7/ D8\ G7+ B5\ F2/ A7/
8x8Trax_2623156 ScoobyRex02 vs. Rand al*Thor : @0/
8x8Trax_2623925 basplund vs. JiffyJeff : @0/ A2+ B1/ A3+ B3+ A4/ @3\ D2\ E2\ E3\ E4\ E5+ F5\ @3+ F0/ G1/ C1\ D0\ B3\
8x8Trax_2625098 Jay RAA vs. STrek : @0+ @1+ A2+ B2\ @2\ D1/ E1/ E0/ F1/ C0+ A5/ @4+ @4/ A5/ C6/ D5+ B3\ C2/ F5\ E6+ E7\ F7\ F8\ B7\
8x8Trax_2626924 drgnrdr vs. Rogue Trooper : @0/ A0+ B1\ A0/ @1/ B0+ @3\ @2/ A5+ @4+
8x8Trax_2627032 Elvis vs. SweetCindyJo : @0+ B1\ C1/ C0/ B1+ C3\ D3\ A1+
8x8Trax_2627078 jaha vs. Dragon101 : @0/ A0/ B2/ B1+ A3\ C1\ D1\ B0/ D4+ E1/ D0+ C6+ @6+ C7\ E6\ F6\ G2/ G1/ D0/ A4\ A3\ @5/
8x8Trax_2627851 furryfeet vs. Linda Sue : @0/ A2\ B1/ B0/ B3\ C3\ A4\ @1\ B0/ A1+ @1/ C0\ A5/ @5/ E2+ F2/ F3\ G2/ E6+ E7\ G5/ C1+ G6\ H6\ G7\ F8/ D8\ A4\ H7+ A2\ A1\ H5/ G4+ H2/ C6+ F1+ G8\
8x8Trax_2628263 Elvis vs. AngelEyes517 : @0+ @1/ B2/ A2/ B0\ B0/ C1/ C0\ @4/ C1+ A5+ B1\ A6/ B0/
8x8Trax_2628457 ypercube vs. goldfreckles : @0/ A2\ B2\ C2\ C1+ @1/ D3\ E3\ F3+ D4+ E5/ F4\ A5+ C6/ @4+
8x8Trax_2628622 basplund vs. Paddington Bear : @0/ A2+ B1/ B0+ @2/ D2\ E2\ C0+ C5/ D5+ E5\ C6/ C7/ A7+ @7\ B8+
8x8Trax_2629634 dalkelly MIA vs. Elvis : @0/
8x8Trax_2630544 grade1teacher vs. Rogue Trooper : @0/ A0+ @1+ B0/ B0/ C1/ B5/ D2+ E3/ A1+ C0/ C0/ E6\ F6\ E7+ D0\ E2/ F2+ F1/ @4/ H2\ G5+ H7\ A2+ A7+
8x8Trax_2630561 ypercube vs. Uncle Chuckie : @0/ B1/ C1\ B2/ D1\ B0/ B0/ @1+ C0/ @2/ @2/ @2/ E0+ A2+ D6+ B1\ H6+
8x8Trax_2630751 Dawn vs. Traxplayer : @0/ @1/ A2+ C1+ B3/ B0\ D2/ D3+ @3\ @3\ @3\ D1+ @1+ D0+ A4/ B5/
8x8Trax_2632040 Rogue Trooper vs. Paddington Bear : @0+ @1+ A0/ B3\ C3\ D3+ C1+ E3+ B4+ A3/ A0/ @3+ A1\ C0\ E1/ F2/ D0/
8x8Trax_2632383 B Line electric streetcar vs. Sara : @0/ B1\ B2\ A2+ C1+ B0+ D3/ E2/ E1/ C0\ C5/ B0\ A2/ @3\ F6\ B1\ G5/
8x8Trax_2633118 hoyboy vs. FujiTape : @0/ B1\ B2/
8x8Trax_2634037 gramat vs. Honeybear : @0/ A2\ B1/ B0+ C2\ C3\ B4+ B0+ D5/ B6/ D6/ B0+ B0\ A1\ @2\ B8+
8x8Trax_2634115 DavidTrax vs. Rose of Sharon : @0/ B1\ A2+ B2+ A3/ A0/ C2\ @3/ A2+ B5/ A0\ @1\ E1/ C0\ F2\
8x8Trax_2634350 REBEL DJ vs. YankeeFan : @0/ B1+ @1\ B0/ @2+ E2\ E3\ @2/ A3/ C4+ @4\ D1\ C0/ A2\ @4+ B6+ F5\ F6\ E7+ G7\ F8+ H5\ A6/ A7/
8x8Trax_2636168 supermac vs. grade1teacher : @0/ B1\ B2\ A0/ C3+ C0\ @3+ E1/ E0/ B2/ F4\ F5\ G1/ G0/ B2/ B1/ H3+
8x8Trax_2637265 Masonsmith vs. basplund : @0/ @1/ A2+ C1/ C0+ D1/ D2+ D0\ @4/ A3+ F4/ F5+ G5\ G3+ E6+ G6\ G7+ H5+ C7/ E8/
8x8Trax_2637348 spitfire vs. heyred72 : @0+ @1/ A2/ C2/ B0+ B4/ @3\ E3/ A4/ @4/ D0+ E2/ C1\ B1\ D0+ A5\ @6/ B2+ E0+ C1\ B1\ F2+ D8+
8x8Trax_2637449 spitfire vs. Rose of Sharon : @0/ A0\ @1/
8x8Trax_2637865 DavidTrax vs. Rose of Sharon : @0/ A2+ @1/ A0\ @2/ @3\ C4\ C5\ E3\ B1\ A6+ @6/ F6\ E7\ G5\
8x8Trax_2638055 spitfire vs. TaUrUsRoSe : @0/ B1\ A2/ B2+ C2\ A3/ @3/ @3/ B4\ B0\ A6/ @6/ E5/
8x8Trax_2638116 csain1 vs. ypercube : @0/ @1/ @1/ C0/ @2/ @1+ A0\ A0+ @3+ G1/ D0+ G5\ F6/ H3\
8x8Trax_2638119 basplund vs. drgnrdr : @0/ @1/ A0/ @2\ C3/ @2\ @2+ C1+ A1+ D0+ E1/ A4+ @2/ D5+ G1/ D0/ G5\ G6\ H4/
8x8Trax_2638213 Traxplayer vs. golfnutrof : @0/ @1+ @1\ A0\ @1\ D0+ E1/ A0\ @1\ B5\ E5/ F4+ G3+ C6/ A3\ @2/ D7+ A1+ G1/ C0+ F1+ H6\ F7+ C8+ RESIGN
8x8Trax_2638228 RyRy is here vs. SweetCindyJo : @0/ B1\ A2/ @2+ C2\ C3\ D3/ @2+ E1/ E0/ F3+ B1\ C0\ A3\
8x8Trax_2638587 spitfire vs. irishmiss : @0/ A2\ B2\ B3+ C2/ C1/ @1\ B0+ @2/ A3\
8x8Trax_2638689 Dragon101 vs. ypercube : @0/ @1/ B0/ A3\ @1\ A0\ D3+ C4\ C5\ D5\ E3/ B6+ A6/ @5+ D7/ E1\ B8/ A8/ @5/ H3/ F8\ G8\ H6\ B3+ A2+ A4+
8x8Trax_2638844 Sea Breeze vs. spitfire : @0+ A2+ B2\ A0+ C3\ A0+ B5\ C3/ D2\ @2\ A5\ @3+
8x8Trax_2638879 spitfire vs. Jay RAA : @0+ B1\ C1/ C0/ A1/ B0/
8x8Trax_2638945 ypercube vs. Senorita ZORRO_ : @0/ A2\ B2\ B3+ A4\ C4/ D4/ C2+ D1\ C5+ B6\ @4\ F3\ B5+ F6\ D7\
8x8Trax_2638950 ypercube vs. spitfire : @0/ B1\ B2\ C2/ B0/ C1/ C0/ D1/ A1\ D4\ @2/
8x8Trax_2638951 nisqually vs. ypercube : @0/ B1\ A2/ A0/ C2+ C0\ @3+ B1/ D4\ B5/ E3+ @5/ C0/ B7/
8x8Trax_2639151 ypercube vs. Rogue Trooper : @0/ A0+ B1\ A0/ B4\ C4\ C2+ D4\ C0/ D1/ E5\ B6+ E3/ F2\ C7/ F1/ G3/ C0+ F6+ F7\ G7\ G8\ H8\
8x8Trax_2639186 ypercube vs. rogerrabbit : @0/ A0/ B1+ A3/ C2/ B0\ @4/ A5/ @2+ B0/ B7/ @3/ @3/ B2+ B0\ A1\ @4+ H3+ F1/ G1/ A6+
8x8Trax_2639319 Masonsmith vs. spitfire : @0/ B1\ A2/ A3/ B2+ A4/ @2\ D4\ B5/ @5/ A6/ @2+ @6/ @4+ A2+
8x8Trax_2639344 Rogue Trooper vs. spitfire : @0+ @1\ B2/ C1/ A0\ @1\ D0+ E1/ E0/ C1\ C0\ F4\ F5\ F6\ F7+ G6/ E1/ C0\ G4+
8x8Trax_2639345 nisqually vs. Rogue Trooper : @0/ A0+ @2/ C1+ A3+ @2+ C0+ C0+ B6+ A2\ B7+ @2/
8x8Trax_2639346 Rogue Trooper vs. Senorita ZORRO_ : @0+ B1/ A2\ B0\ @2/ B4+ D2/ D0/ E1/ B1\ D0+ @6/ C7/ @5\ A4\ A3\ G5\ G6/
8x8Trax_2639669 KOOKY vs. Fallen Angel : @0/ A2+ A0\ @1\ A0+ C2+ C4/ B0\ A5\
8x8Trax_2639946 Elvis vs. Sea Breeze : @0+ A0/
8x8Trax_2640258 Dawn vs. basplund : @0/ A0/ B1/ B3/ A3+ @3/ A2+ C0/ B0+ @3+ A5/ @5+ C6+ A1\ A6/ A0/
8x8Trax_2640418 SweetCindyJo vs. Elvis : @0/ B1\ A2/ C1\ C2/ C3\ D3+ B3+ B0+ A5\ B0+ @4/
8x8Trax_2641797 spitfire vs. Dionysos : @0/ B1+ A2/ @2+ D2\ C3/ @1\ C0/ B4\
8x8Trax_2642104 Rogue Trooper vs. rogerrabbit : @0+ @1\ A2\ C1/ A0\ @1\ D0+ E3/ F3/ D0\ E1+ @3/ F0/ H5/ B1+ C0+ A3+
8x8Trax_2643073 DavidTrax vs. Rose of Sharon : @0/ A0/ A3/ B3/ A4/ C4/ @3+ C1/ A5\ @3\ A5/ A6/ @3/
8x8Trax_2643165 Honeybear vs. dingbat : @0/ A0/ @2+ @2/ B0\ A1\ @2\ B4\ B0\ A1\ @2\ A5/ F3/ @5\
8x8Trax_2643310 * vs. spitfire : @0/ A2\ B2\ B3/ A3+ A4\ @1\ A0\ A3+ D3/ C2/
8x8Trax_2643311 nisqually vs. * : @0/ B1\ A2/ @2/ B0/ C3+ C4\ B0/ D3+ D0/ E2\ A1\ A0/ @2/
8x8Trax_2643312 * vs. Senorita ZORRO_ : @0/ A2\ B1/ C1/ @2/ B3\ @2/ B1+ C0+ @2\ B1+ G2\ F3+ G3+ F4+ B4+ C5+ E5+ D6\ F5\ G6/ B0\ A1\ C0/ D1/ @5/ A6/ F1/ A7/
8x8Trax_2643318 * vs. rogerrabbit : @0+ B1/ A2+ @1\ C0/ D1/ A0+ A0/ E3/ B0\ @1+ @1/ A3+ A4/ @1/ C0+ B6+ D7+ A6+ C0/ E1+ F2+ G8+ DRAW
8x8Trax_2643548 Rogue Trooper vs. YankeeFan : @0+ B1\ C1\ @1/ D2+ E2+ E3/ A3+ B4/ D4+ A5\ @3+ A5/ B6+ @4+ @3/ B6/ B7+ A6\
8x8Trax_2643614 Dragon101 vs. dgb : @0/ @1/ A2/ C1+ A3/ B0\ @2+ B1\ B0\ A1\ @1\ @2+ E0/ F1+ B0\ A1\ @4\ C0+ H3\ H4+ H6\ B7/ DRAW
8x8Trax_2643931 SweetCindyJo vs. thvickstr : @0/ A2\ B1/ B0/ B3\ C3\ A4/ @4/ @4+ @4\ A3\ F2/ G2+ @2/ E0/ H4+ D0\ H6\ H7+ G3/ C7+ G7+ G8+ D8/ C8+
8x8Trax_2645550 gramat vs. toadisgimpy : @0/ B1\ A2/ @2+ B0/ @2\ B4/ A1+ A0\ @3\ B4/ @2/ B4/ A4+ @2/ @3\ B0/ C1/ F1/ E0/ G2+ F1/ H2+ F0\ E1\ D8/ G8\ H7+ H2+ C2\ C1\ G1/ B2+ A1\ B8/ A8+ H1/ H8\
8x8Trax_2645740 paganje vs. drgnrdr : @0/ A0/ @2+ B0\ C2+ @3\ B4/ @2/ C1\ D4+ D0/ E1/ B2+ @5/ A6/ A2\ @5+ C1\
8x8Trax_2645803 basplund vs. Phil The Hat : @0/ @1/ A2+ A3/ A4/ B3+ A0/ A6\ @5/ A2+ A7/ @7/ @7/ B3+ @6+ G2/ G1/ F0+ H2+ H6\ G7\ H7\ H8\ H1/ B3/ B2+ A2\ A1\
8x8Trax_2645815 SweetCindyJo vs. misci : @0/
8x8Trax_2646026 Dragon101 vs. ypercube : @0/ @1/ A2/ B3/ A3/ @1\ A0\ @1\ E3+ A5/ @5/ C6\ D6\ G6+ F7\ F8\ G8\ H8\ H4+ H3/ A2+ G1\ D1/ C7+ D8+ A8\ E1/ C8+
8x8Trax_2647471 DavidTrax vs. Rose of Sharon : @0/ A0+ A0/ B3/ @2\ @2\ A4/ @3\ E4\ D5\ F3\
8x8Trax_2647688 GUINESS14 vs. drgnrdr : @0+ @1\ B0\ @2\ A3/ @3\
8x8Trax_2648095 WereWolf vs. drgnrdr : @0+ @1\ B2\ @1\ D2/ A2/ D1+ @1/
8x8Trax_2648375 birddog8560 vs. ypercube : @0/ @1/ C1/ C2/ D1/ D3+ E1/ E0/ F4+ E0/ A0+ @4+ H5\ H7/ D0+ C6/ DRAW
8x8Trax_2649162 Geri39 vs. * : @0/ B1\ A2/ B0\ B3\ A4/ @2/ B0/ C0/ D3+ D1+ A1\ @2/ C0/
8x8Trax_2649330 DIRKSTRA vs. YankeeFan : @0/ B1+ A0\ @2/ D2/ D1/ D0+ E2+ F3/ A4+ D4+ F5\ G4/ D5+ C6+ A6+ A7+ @5/ E0+ G7+ D8+
8x8Trax_2649333 dboy97 vs. * : @0/ A2\ B2\ B1+ C1+ A0/ A0/ C5/ D5\ C6/ @4\ @5+ D7\ A8/ @8/ G3+ H5\ F2/ A4/ A3+ A2+ G1/ H1+ G6+ DRAW
8x8Trax_2649363 Ia-Pia vs. ypercube : @0/ @1/ B0/ A0/ A4\ C3\ C4\ C5+ D5\ E5\ @2\ E2/ C6/ D1/
8x8Trax_2649479 Thoddy vs. * : @0/ B1\ A2+ B2+ @2+ B3\
8x8Trax_2650539 Geri39 vs. Rogue Trooper : @0/ @1+ @1\ A0\ @1\ D0+ @3/ A4/ B4+ @4+ E4\ B5/
8x8Trax_2650764 DavidTrax vs. Rose of Sharon : @0+ @1\ B2+ @1+ C3+ C4/ B4/ @1\ C5+ D0\ B1\ A3/ @3/ E0/ F2\ G3/ C1+ E0/ C1+
8x8Trax_2650852 ypercube vs. Geri39 : @0/ A2\ B1/ A0/ A0/ B2+ B4\ C4\ D4\ @3/ E3/ F4+ C5+
8x8Trax_2651003 drgnrdr vs. jaha : @0/ A2/ B2\ B3\ B4\ @2/ @1/ D5\ E4+ C5+ F5/ G4\ F6+ F1/ C0/ F8/ B6+ D7+ B4+ A5+ A4\ @3/
8x8Trax_2652772 Dawn vs. basplund : @0/ A2/ A3\ B1+ B3+ A0/ @4\ C5/ D2/ @1+ A0\ A6/ E1/ @4/
8x8Trax_2652934 Fallen Angel vs. JiffyJeff : @0/ B1/ C1\ B2/ @1\ A0+ B1+ B0/ @2\ E1/ E0/ F3\
8x8Trax_2653961 paganje vs. jazzbeth : @0/ @1/ A2+ C2/ A3+ A4\ B4\ C4/ C1/ D3\ B5+ E1/ D0+ D6\ E6\ F3+ G4/ F7/ @4\ A2+ B1\ E8+ B8/ A6+ A8/ H2/ F1/ H8/ A1+ H1+
8x8Trax_2654107 darkest angel 70 vs. Elvis : @0+
8x8Trax_2655738 ypercube vs. Rogue Trooper : @0/ A0+ A0\ @1\ @1+ C0+ D4/ C5/ @4+ C6+ @5\ D7\ D8\ B2+ E6+ @4\ A3+ H5+ A2\
8x8Trax_2659418 Mamacita vs. basplund : @0+ A0\ A3+ B3/ A4/ @3\
8x8Trax_2659624 LSA vs. heidibb : @0/ B1+ A2/ A0/ @2/ A0/ A4+ A5/ B5+ A6/ C6\ C7/
8x8Trax_2659626 heidibb vs. Huw Mungus : @0/ B1\ B2\ A2+ @2/ B3\ @2/ C4+ A1\ A0\ @2/
8x8Trax_2659808 DavidTrax vs. kbalakri : @0/ A0/ @2/ A0+ @3/ A4/ @1+ A0\ @5/ A6/ B0\ A1\ @1+ D0+ E1/ A5+ @4/ H4\ A5/ DRAW
8x8Trax_2660030 DavidTrax vs. Rose of Sharon : @0/ A2+ @2+ B3\ C3\ B0/ C5/ B5+ B6/ A6/ A7/ C6+ @6+
8x8Trax_2660186 JiffyJeff vs. basplund : @0/ @1/ A2\ C1\ B2+ B3\ C3\ C4\ D3\ A4/ @4/ C5/
8x8Trax_2660341 SweetCindyJo vs. B Line electric streetcar : @0/ @1/ A2+ @2+ C3\ D1+ C0\ E2+ E1\ C0/
8x8Trax_2660520 YankeeFan vs. Nancy : @0/ B1\ B2\ C2+ C3+ D1/ B0+ A3+ C5+ C6/ @3/ C6\ B4+
8x8Trax_2660818 ejd vs. s_strum : @0+ @1\ A2/ @1\ A0/ A3/ @3/ C1/ A2\ @2\ D0+ E2+ F2/ E1+ D0/ B6\ G3\ G4\ B7/ A7+ @7\ B6\ A5/ F5+ G1+ H5/ G6\ E6/
8x8Trax_2661987 REBEL DJ vs. YankeeFan : @0/ B1+ C1+ A0/ A3+ @1\ B0/ @2\ @2\ A4/ @4/ @4/ B5+ A3+ F6\ G6\ H4+ D7+ F8+ H2/ D8/ B8+ RESIGN
8x8Trax_2662061 DIRKSTRA vs. ypercube : @0/ @1/ A2+ B3/ @2/ C4/ D1/ A5/ @3\ A1\ RESIGN
8x8Trax_2662905 riaZZZ vs. ypercube : @0+ A2/ @2\ @2/ A3/ @2/ C1+ C0+ D1+ D0/ E2/ A3\ @4/ B1\ A1\ D0+
8x8Trax_2663519 riaZZZ vs. ypercube : @0/ @1+ @1\ C0/ B0/ D3+ E3+ @1/ D1/ C0+ A3/ F3+ D5\ F1/ E0/ G2\
8x8Trax_2664525 * vs. riaZZZ : @0/ B1\ A2/ @1/ C2\ C3\ B0/ @2+ E3+ C4/ B3+
8x8Trax_2664633 DavidTrax vs. dingbat : @0+ A0/ A0/ B2/ A0\ @1\ A2+ B0+ C2\ D3/ E5+ C6/ E1/ B0\ D1/
8x8Trax_2665433 DavidTrax vs. Rose of Sharon : @0/ A2+ @2/ B3\ C3\ B0/ A2+ C5\ D4\ @4\ E0/ F1/ B1\ A1\ C0/
8x8Trax_2665445 birddog8560 vs. ypercube : @0/ B1/ B0\ A3/ C3+ A4/ D2\ E2\ B5+ B0\ E2\ C1/ C0/ F5/ E6\ @4+ B2+ @4/ E0\ D1\ B3\ B2\ B1+ A2+ G8\ DRAW
8x8Trax_2665618 golfnutrof vs. Rogue Trooper : @0/ A0+ B1/ B0\ A4/ C1\ C3/ C0/ D1/ A1\ D4\ A0/
8x8Trax_2665623 * vs. Traxplayer : @0/ @1/ A2+
8x8Trax_2665815 ypercube vs. birddog8560 : @0/ @1/ @1/ B0+ @2/ D3+ E1\ @2+ F4/ G2/ B4+ C5+ H3+ G5+ G6/ G0/ H1/ F0+
8x8Trax_2666931 dboy97 vs. paganje : @0/ B1\ B2\ C2+ D1\ A2+ A3+ @2\ C0+ B1\ F1+ F0/ F0+ G2\ G3\ F5+ H2+ G1/ G0/ E1+ H2+
8x8Trax_2666961 Rogue Trooper vs. Phil The Hat : @0+ @1+ C1/ C0/ C0+ D2+ A1\ A0\ C5/ @2+ B0\ @5\ E2/ F1\ C0+ A2+ A1\ G4+ A4+ @5\
8x8Trax_2668314 DavidTrax vs. Rose of Sharon : @0+ B1\ C1+ D1\ A0/ C0\ D2+ A1\ @2/ @3\ A4+ A1\ @3\ @3/ G4+ E4+ F5/
8x8Trax_2668510 jazzbeth vs. B Line electric streetcar : @0/ @1/ A2+ C1+ B0+ A0/ A0/ C2\ @1+ C6/ @2\ F4\ F2+ A5/ @4\ E7/
8x8Trax_2668643 STrek vs. dolly : @0/ B1\ A2/ @1/ B0/ D1/ C0+ B1+ D1/ A0/ A0\ @4+
8x8Trax_2668653 SweetCindyJo vs. rogerrabbit : @0/ A0/ @2/ @1/ A2+ @2\ @2/ D0+
8x8Trax_2671638 riaZZZ vs. ypercube : @0+ A0+ A0/ A4/ @4/ @4/ D3+ D2+ D4+ A5+ A6/ @3\ A2\ A6/ @5/ A4+ E6\ C7/ C2/ D1\ E0/ G3+ @4/ A7\
8x8Trax_2671674 * vs. Thoddy : @0/ B1\ A2/ B2+ C2\ B3/ D2\ B4\ D1/ A3+ C0\
8x8Trax_2673232 DavidTrax vs. Rose of Sharon : @0/ A0/ A3/ B3/ @1/ B0/ C1/ A4\ D4+ D5\ D6+ A6\ E5\
8x8Trax_2673323 * vs. riaZZZ : @0/ B1\ A2/ @2/ C2\ C3\ D1/ D0/ B1+ A4/ D5/ @2\ A5/ @5/ D5/ D6/ D7/ A4+ @3/ @4+
8x8Trax_2673326 Thoddy vs. * : @0/ B1\ A2/ A3/ @2+ @2+ D3+ E2+ F2/ F0+ G2+ @3+ F4\ C1\ H4+
8x8Trax_2673414 Sweetcheeks vs. Marko : @0/ A2\ B2\ C2+ B1/ B3\ D3\ C4/ D2+ D1/ C0+ E3+
8x8Trax_2673480 DIRKSTRA vs. paganje : @0/ A2\ B2\ B1+ A0+ B4\ C4\ @4/ C5+ D6/ C7\ B6+ D8\ E8\ @4/ C8/ B7\ F6+ G7/ F4+ D1/ G5+ G3+ H4\ A5+ B8+ A8/ A2/ H7\ G8+ H2+ A1+ H8+
8x8Trax_2673604 YankeeFan vs. birddog8560 : @0/ A0/ @2+ B0/ @1+ B0\ @2/ A1/ E4+ F3\ E5+ F1/ A4/ D0/
8x8Trax_2675314 ypercube vs. supermac : @0/ B1\ B2\ C2\ A2/ C3\ B4+ A3/ C5/ D1/ C0+ C7/ C8/ E3+ A7+ @6/ E5+ F1+ G1/
8x8Trax_2677018 SweetCindyJo vs. REBEL DJ : @0/ B1\ A2/ @2+ A3+ B3+ A4+ B0/ A6/ C3+ @4/ @5\ D5\ F2\ E6+ A3\ @4+ A1+ @3\ C0+
8x8Trax_2677101 birddog8560 vs. * : @0/ B1\ A2/ @2+ @1/ A0+ C4\ D4\ A0/ E4/ D6+ B6\ D2+ F4+ D7+ D8+
8x8Trax_2677186 Traxplayer vs. YankeeFan : @0/ B1+ C1/ A2/ A3+ C2+ @3/ A2+ @3/ E0/ C1+ A2+ E5/ F3\ A5+ @3\ B0+ @4+
8x8Trax_2678483 DavidTrax vs. Rose of Sharon : @0/ @1/ A2/ @1\ A0+ @2/ B0\ A1\ @1+ C5/ B5/ E5/ B6\ @2\ E1/ E0/ B5+
8x8Trax_2680451 golfnutrof vs. Rogue Trooper : @0+ A0/ A3+ @2/ C1+ C0+ C4+ D4\ E4\ E5\ @4/ A5/ G3/ G2/ F6\ C6+ A6/ D7+
8x8Trax_2680490 Jay RAA vs. Elvis : @0+ @1+ B2\ C1/ D1/ A0\ C1+
8x8Trax_2681193 Jane vs. Misfit Lenrad6672 : @0+ B1\ A0+ B3/ A0/ A4+ @3+ A4+ @3+ C0\ B1\ B0\ B0+ @6/ A7/ @7/ A8/ A5\ @6/ E4+ D3/ B3\ A4+ A3+ @4+ A5/ A3+ A6+ A7/ H2+ C2+ D1+ C1+
8x8Trax_2682070 Marko vs. goldfreckles : @0/ A2\ B1/ C1/ @2/ B3\ B4+ D2\ E1/ F1/ E2+ C3+ D4/ F3/ G1+ G0/ G5\ H5\ E6+
8x8Trax_2682711 riaZZZ vs. ypercube : @0/ @1+ @1\ A0\ @1\ D0+ A4/ @3+ D4+ @2/ @3+ A4+ @3\ D5\
8x8Trax_2683477 DavidTrax vs. Rose of Sharon : @0+ B1/ C1+ B0\ B0/ C1/ B0/ A3+ @3\ E4+ B1\ C0/ D2/ D6\ E3+
8x8Trax_2685277 grade1teacher vs. paganje : @0/ B1\ A2/ B2+ B0/ C1+ B0/ A1/ C3+ D1\ C4\ A5/ A6+ @6/ A7+ C7+ C0+ A6+ @6\
8x8Trax_2685385 basplund vs. Rogue Trooper : @0/ A0+ B1/ B0\ @2/ A3/ A1/ C0\ A5/ @5/ D5\ E4/
8x8Trax_2686880 KOOKY vs. Fallen Angel : @0/ B1+ A0\ @1\ C3\ C4\ D2\ D4/
8x8Trax_2687183 DIRKSTRA vs. jazzbeth : @0/ @1/ B0+ @1/ C0+ A3+ B4+ C5+ D5+ D6\ C0+ A5+ B6+ C7/ C0+ E7+ E5/ E4/ F7+ F8\ G8\
8x8Trax_2687187 Kituku vs. Marko : @0+ A2+ A3+ A4+ A5+ B3/ @3/ B6/ A6/ @6/ B2\ A4\ @3/ C0/ B2\ @4+ B6/ A6/ @4/ B7/ C8+ C1/ @6+ A4\ B3+ A2\ H6\ H1/ B8/ A1\ A8/
8x8Trax_2688384 dalkelly MIA vs. Elvis : @0/ A2/ B2\ A3/ B0/ C1/ @2\ A1\ A0\ D3\ E3\ D0/ E2+ @2\ D0/ G4/ E1+ E0/ @4\ F7+ D1+
8x8Trax_2688408 Jay RAA vs. Elvis : @0+ @1\ A2/ @1\ D1\ D0\ E2\ C0/ D4+
8x8Trax_2688618 * vs. riaZZZ : @0/ B1+ B0+ C2\ A3/ @3/ D4+ A1\ @2/ F4\ B5+ E5\ C6+ C0+ G5\ G6\ G3/ E2+ F2+ A6+ H3\
8x8Trax_2688732 * vs. grade1teacher : @0/ B1\ B2\ C2\ A2/ A3/ A0/ D1+ A0/ A6\ B5+ C6/ C7/ D7+ E4\
8x8Trax_2688799 paganje vs. Zoie : @0/ A2\ B1/ B0/ @3\ D1\ B0\ D3+ D4\ E4\ C5/ B5/ B6/ F3/ F2/ E1/ C0\ B8+ A6+ @3+ B2\ G6\ H5/ H3\ G2+ G1/ H6+ A6+ A7/ B8+ A8/ B1\ A2\ A1+ E1+ DRAW
8x8Trax_2688832 goldfreckles vs. Elvis : @0+ A0/ B1\ B2\ C2\ C3\ A4\ C4/ @1/ C5/ A3+ @4\ @3+ D0/ E7/ F6+ G6+ G4/ H6/ G3+ H3/ A5+ A2+ G7\ E8/
8x8Trax_2690150 DavidTrax vs. Rose of Sharon : @0/ A2+ @2+ B0/ C1/ D1/ E3\ D4/ B0+ A1\ @1+ B0/ G5\ @4/ A5/
8x8Trax_2690422 riaZZZ vs. ypercube : @0/ B1/ C1/ @1/ D0+ D0/ @2\ A1\ A0\ B2+ E1/ @2+
8x8Trax_2690440 kbalakri vs. Rogue Trooper : @0+ A0/ B2/ A3/ @3/ @3+ C0/ D2/ E2\ E3+ D4+ D5+ C6+ E5+ E1/ F3/ E0/ E0+
8x8Trax_2690445 Phil The Hat vs. dgb : @0/ @1/ B2/ C1+ B0+ @1+ A3/ @2\ C4+ C5/ B6\ C7/ D0\ A6+ @3\ E8+ G7\ F8+ A7\ H6+ G3+ DRAW
8x8Trax_2690446 Dragon101 vs. basplund : @0/ A0/ B1+ A3/ C2+ D2/ @3/ E1\ F2/ G1\ D0/ B1+ G0/ H3\ F0+ G0\ D8\ E7+ D2\ E1+ C3+ F8+ DRAW
8x8Trax_2690536 jazzbeth vs. rogerrabbit : @0/ A0/ B1+ C1\ D2/ B0/ D4+ B0/ A2+ @3+ E0/ C1+ F1\
8x8Trax_2690604 * vs. ypercube : @0+ @1+ A2\ B0+ C3/ D3/ E3/ F3/ D4+ F1+ C0+ D0+ E7/ F1/ G3+
8x8Trax_2691967 B Line electric streetcar vs. grade1teacher : @0/ B1\ B2\ C2/ A2+ A3/ A4/ @2\ D4\ E3\ D5/
8x8Trax_2692130 supermac vs. golfnutrof : @0/ @1+ @1\ A0\ A0+ @3+ C4/ B0+ D1/ E1/ B6+ D0+ C0/ A4\ @3/ F5+ G5/ G3+ A6/ H3/ H5\ F6\ F7\ F8+ G8\ H7+ H2/ G1\
8x8Trax_2692145 * vs. jazzbeth : @0/ @1/ A2+ C1/ C3+ D1/ C4/ C5/ C6/ A4+ D0/ E4+ D6+ B0+ F2+ @6+ A3/ @3+ A5+ H1/ G7/ DRAW
8x8Trax_2692216 ypercube vs. birddog8560 : @0/ A0/ @1/ @1+ A0\ A3/ @3/ @3+ C4+ A0\ @3+ C0/ D1/ G1+ D0/ G6\ RESIGN
8x8Trax_2692493 Sea Breeze vs. Elvis : @0/ @1/ B0\ @2/ C0\ B1+ C0\ A1\ C0\ A3+ B0/ @6/ @6\ B4+ A5+ B7\ D7/ F6/ C8/ A8\ @7+ A5\ B3\ C2\
8x8Trax_2692828 Jay RAA vs. Elvis : @0+ @1\ A2/ @1\ D1\ C2\ B3/ C3+ D3\ C0\ C5+
8x8Trax_2692856 Jay RAA vs. Elvis : @0+ @1\ A2/ @2/ D1\ A1\ @2/ E2\ C3/ C0+ @3\ A2\ @2\ C4/ B1+
8x8Trax_2692886 goldfreckles vs. Elvis : @0+ @1\ B2/ C2\ B3/ @2\ A1+ A0/ @2/ E2+ E4+ E5\ F5\ E1/ F2+
8x8Trax_2693373 ypercube vs. lhh61 : @0/ A0/ @1/ A0/ A0/ @2\ @2\ A4\ A5+ B1+ C0/ D2/ @5+ C6\ C0\ B2+ E1/ F4+ D0/
8x8Trax_2693459 DINGEROO vs. Elvis : @0/ @1\ A0/
8x8Trax_2694144 B Line electric streetcar vs. lhh61 : @0/ A0/ @2+ A0/ B1+ @3/
8x8Trax_2694579 DavidTrax vs. Rose of Sharon : @0/ A0/ A3/ @1\ B0/ @3\ C0\ B1\ B0\ A1\ D6\ D7\ D1/ E2/ C0/
8x8Trax_2694820 Elvis vs. goldfreckles : @0+ @1/ B0+ C2/ D1/ B0/ D1+ C4/ A5/ @3/ A5+ E4\ E5\ F3/
8x8Trax_2695194 DIRKSTRA vs. Rogue Trooper : @0/ A0+ @2/ C1+ C0/ @3+ @3\ A1+ E0/ F1/ C0+ A6\ C6+ @6/ A7/ @5\ E7+ A4/
8x8Trax_2695452 riaZZZ vs. ypercube : @0+ A2/ A0\ @1\ A0\ @4+ @2\ @2\ C0+ A2\ A5\ C6/ E1/ F2+ B1\ E0+ F5\ G5\ E7\ C8/ F2+ G4/ H4/ F7+ E8+ H6+
8x8Trax_2695777 darkest angel 70 vs. Elvis : @0+ @1+ B0\ A3/ @3+ D1/ D0/ D3\ E2\
8x8Trax_2695802 DINGEROO vs. Elvis : @0/ @1/ A0+ @1\ A3/ @3/ A4+ A2\ @3/ E3\ F3\ D0\ F3/ G4\ F1/ D0\ G3/
8x8Trax_2695836 Elvis vs. goldfreckles : @0+ @1\ B2/ C2/ C0/ D3/ B4/ @3+ C5/ @4\ D1+ @3/ E6\ A2\ B1\ @2/
8x8Trax_2696184 DINGEROO vs. Elvis : @0/ @1/ B2+ @2/ A3/ B0\ A1\ @3/ B5\ C5\ C6\ A0/ D6+
8x8Trax_2699745 Sweetcheeks vs. Elvis : @0/ @1/ B2+ A3\ B4\ C3/ C4+ @2\ E4/ B4/ B5/ E3+ C5\ B6/ C0/ E3/ F3/ D0\ F3\
8x8Trax_2699852 YankeeFan vs. DIRKSTRA : @0/ A2\ B1/ @2\ B3+ A0+ @1\ @1\ A0\ F3/ D6+ D1+ B0/ @2\ C0+
8x8Trax_2700931 DavidTrax vs. Rose of Sharon : @0+ B1/ A0/ B1/ A3/ C2/ D2/ D1+ A4/ @2\ D0/ C5/ D5+ @2\ @2\ B4/ @2/ B3+ G0/ G0+ A5/
8x8Trax_2701698 dolly vs. Traxplayer : @0+ B1+ A2\ A0\ @1+ @2\ B3+ @3+ A4/ A5\ C4+ @2/ B1+ @3+ B5+ F5/ G4+ @4\ D6/ C0/ B1+ A7/ D8+
8x8Trax_2702627 Elvis vs. Jay RAA : @0/ A2+ A0\ @1\ C3\ D3\ A2+ C4+
8x8Trax_2703114 SweetCindyJo vs. Jenny Poo : @0/ B1\ A2/ B2+ B0/ C1/ @3\ E1\ E2\ D3+ D4+ F2\ B4/ D5\ E4\ E5+ E6/
8x8Trax_2704480 KOOKY vs. Fallen Angel : @0+ @1/ C1/ A2\ B0\ A0/ B0\ A0/ @5\ E3+ C0\ C0\ A4+
8x8Trax_2705693 Elvis vs. Jay RAA : @0/ B1+ A0\ @2/ C1+ D2\ D1/ C3+
8x8Trax_2706090 Jay RAA vs. Marko : @0+ A0+ A3\ @3/ A4/ C2/ A1\ @1\ A0\ @2\ B0\ A1/
8x8Trax_2706125 Elvis vs. Jay RAA : @0/ B1+ @1\ A0\ B1+ D2\ D1/ C3+
8x8Trax_2706126 Elvis vs. goldfreckles : @0+ B1/ B2/ A3\ @3/ C4/ A4+ B0\ D1\ A2+ @2/ @2/ B4\ A1\ @1\ C0/
8x8Trax_2706158 jaha vs. kbalakri : @0/ A0/ @1/ @1+ C3/ B3/ C0/ B5+ @1+ A3/ A4+ @4/ A5/ B0\ F4+ C7\ G6\ E7/ C8+
8x8Trax_2706382 ypercube vs. riaZZZ : @0/ B1+ C1/ C0/ C0+ B4\ A1\ B0/ @3/
8x8Trax_2706440 Elvis vs. dalkelly MIA : @0+ A0+ @2/ B0/ A2\ @3/ B0\ A1+ C0/ D2+ D1+ E1/ A3+ @2+ A4/ @3/ B5+ C6\ A5/ D0/ B2\ A7+ C8\ A8+
8x8Trax_2706502 Elvis vs. goldfreckles : @0+ @1\ B2/ C1/ C2+ B0+
8x8Trax_2709418 jazzbeth vs. Kituku : @0/ B1\ B2\ C2+ A0/ A0/ C5+ B5+ D4/ A4+ C6/ @2\ D7/ E5+ B7/ A1+ A5/
8x8Trax_2709419 Kituku vs. jazzbeth : @0+ A0/ A3+ B3/ @1/ @2\ E1+ D4/ E3+ D5+ D0+ F3/ D0\ F7\ G7+ F8/
8x8Trax_2709420 jazzbeth vs. rogerrabbit : @0/ A0/ @2+ @2/ B0+ B0/ D3/ E3\ E1/ F3\ E0\
8x8Trax_2709421 rogerrabbit vs. jazzbeth : @0+ A0+ B1/ C1/ @1/ @1/ D2+ A0+ A0/ B0\ A0/ F5/ C4+ F3+ F2/ G2/ H3+ H5+
8x8Trax_2709422 jazzbeth vs. Rogue Trooper : @0/ A0+ A3/ A0/ @2\ C3+ D4/ D5+ D6/ @3+ B5+ C0/ D1+ F2/ C8+
8x8Trax_2709423 Rogue Trooper vs. jazzbeth : @0+ A0/ B1\ A3/ @2/ @2/ D0\ B2+ C0+ B0/ C0\ C0\ D1+ E3/ A3+ @7+ B8+
8x8Trax_2709424 jazzbeth vs. ypercube : @0/ @1/ B0+ @2/ B0+ B0/ A5+ @3+ B1+ A0/ @5\ B0/ A1+ @2+ C0/ F3+ A7+ @6/ D8+ G4+
8x8Trax_2709425 ypercube vs. jazzbeth : @0/ @1/ C1/ C2/ A0/ B3+ D2/ D1/ B4/ E2+ @4/ C5/ A1\ @3/ B0/
8x8Trax_2709428 Kituku vs. Rogue Trooper : @0+ A0/ A3+ @2/ C3\ C4\ C1/ D3+ D1/ E3\ C5+ E5\ F4/ @2/ E6+ A1\ H4/ B0/
8x8Trax_2709429 Rogue Trooper vs. Kituku : @0+ @1+ A0/ A3/ A4/ @2+ @4/ C5/ D4+ A2+ @3+ B5/ B6/ F2/ E6\ F6\ C7+
8x8Trax_2709430 Kituku vs. ypercube : @0+ A0+ A3+ @3\ C2/ C0\ B5+ D3/ A2\ @1/ A0\ @1/
8x8Trax_2709431 ypercube vs. Kituku : @0/ B1\ B2\ A2+ B3/ A3/ A4/ @2\ D1/ B0/ D5\ E2+ D6/
8x8Trax_2709432 rogerrabbit vs. Rogue Trooper : @0+ A0/ @2\ B3/ A4\ C3+ C2+ C5+ D4/ D6/ E3/ E2/ F2/ F1/ D0+ A1+ B0\ @3/ F6+ H4+
8x8Trax_2709433 Rogue Trooper vs. rogerrabbit : @0+ A0\ @1/ A2/ C2/ D2/ C3+ B3+ C4+ C0+ E1/ E0/ E5\ F4+ E6/
8x8Trax_2709434 rogerrabbit vs. ypercube : @0+ A0+ B1/ C1/ B2+ A3/ @2+ B0+ A1\ D0/ E2\ A1\ A0\ @3+
8x8Trax_2709435 ypercube vs. rogerrabbit : @0/ A0/ @1/ @1/ D1+ B2+ B3/ C3+ C0/ B0+ @5/ B6\ C0/ E2+ A2+ @3+ @4\ H4/ B5+ G0/ H1+ D2+ C8/ H6\ A7+ H7+ H8\
8x8Trax_2709436 Rogue Trooper vs. ypercube : @0+ @1+ A0/ B3+ B4/ A4/ B0\ @1/ D1/ D0/ @2/ A1+ E0/ F1/ C8/ B7\ B4/ A7/ @5+ A8\ @8+
8x8Trax_2709437 ypercube vs. Rogue Trooper : @0/ A0+ A3/ A0/ @4/ C3/ D2\ @4+ E5\ F2\ G4+ G5\ H5\ H6\ F7+
8x8Trax_2709440 Cherub vs. spitfire : @0/ A2\ @1/ C1\
8x8Trax_2709441 spitfire vs. Cherub : @0/ A2\ B2\ B3\ @1\ B0+ A3/ @3\
8x8Trax_2709442 Cherub vs. B Line electric streetcar : @0/ @1/ B0\ A1+ @1/ C3+ D3/ A3+ D2+ B4+ C4+ @2/ @2\ A1\ F4+ B0+
8x8Trax_2709443 B Line electric streetcar vs. Cherub : @0/ B1\ B2\ A2+ C2+ B0/ A1+ C1+ C4+ A4\ D3+ E3\ D4\ D5\ E5\ B5+ D1/ @1\ A0\ @3/ A4/ @4/ A5/ D6+ F1+ A0\ B0\ H3/ F2/ DRAW
8x8Trax_2709444 Cherub vs. davidmilne : @0/ @1/ B0/ C1\ A3\ A4/ @4/ @4/ D3+ E2\ F2\ F3\ E4\ B5+ G3\ G4\ E5/ B1+ B0\ A1\ @3/ C0+
8x8Trax_2709445 davidmilne vs. Cherub : @0/ @1/ @1/ C2/ A2\ D1/ D0/ D0/ @1\ A0\ @2+ E1/ E0+ F1/ A6/ C7\ @6\
8x8Trax_2709446 dawn1968 vs. spitfire : @0/ B1\ A2/ B2+ C2\ A3/ D2\ A4/ @2\ B5/ @3+
8x8Trax_2709447 spitfire vs. dawn1968 : @0+ @1/ @1\ B0/ D2/ B3/ E1/ E0/ A5\ @3\ E5\ F4\ E6/
8x8Trax_2709448 dawn1968 vs. B Line electric streetcar : @0/ @1/ A0/ @2+ A0/ A4/ D3/ D4+ A5/ D2/ E2/ @2/ E1+ B0+ B0/ @3+ @3\ A1+
8x8Trax_2709449 B Line electric streetcar vs. dawn1968 : @0/ @1/ C1+ B2\ B0/ B4/ C4/ @3\ E3+ A0\ @4\ A5/ @5/ A3+ B6+ B1+ H3/ H2/
8x8Trax_2709450 dawn1968 vs. davidmilne : @0/ A2/ B1/ A3\ C1/ B3+ D2/ D1/ E1/ B0+ D0\ F1+ F0/ G1/ F0\ E1+ E0+ C2\ C1\ B2+
8x8Trax_2709451 davidmilne vs. dawn1968 : @0/ A0/ B1/ B0/ A0\ @2/ B5\ A1\ @2/ B3/ D0/ E2\ C7/ B6+ E6+ F5\ A5/ B7+ B8\ A7+ A1\ @4\ H3/ H2/ F1+ A7/ A8/
8x8Trax_2709452 spitfire vs. B Line electric streetcar : @0/ @1/ B0/ @2+ A3\ D2+ @2/ @2/ D0+ D5/ @3\ A2/
8x8Trax_2709453 B Line electric streetcar vs. spitfire : @0/ A2\ B1/ B0/ @3\ @3/ C4+ B5\ A1\ C0/ @4\
8x8Trax_2709454 spitfire vs. davidmilne : @0/ @1/ B0/ B0+ @2/ @1+ @1\ C0+
8x8Trax_2709455 davidmilne vs. spitfire : @0/ A2\ B1/ B0+ B0\ C2+ @3+ E2/ E1/ D0/ B1+ F3\ D4\ D5\ B0\ B0/ @4+
8x8Trax_2709456 B Line electric streetcar vs. davidmilne : @0/ @1/
8x8Trax_2709457 davidmilne vs. B Line electric streetcar : @0/
8x8Trax_2709458 supermac vs. birddog8560 : @0+ A2/ @1+ B0/ C1+ D1\ C3+ E2+ C4+ C5/ C6/ E4\ F3/ @3/ A4/ G4+ @4/ B7+
8x8Trax_2709459 birddog8560 vs. supermac : @0/ B1\ A2/ @2/ B3\ C3\ @2+ D4+ E4\ E3+ C5+ E5\ F2\ G2\ H5+ F6/ D0/ E2+ G1/ H3+ F0+
8x8Trax_2709460 supermac vs. Missing Sock Fairy of TA : @0+ A0+ A0/ A0\ @2/ C4\ C2/ D3+ B0+ D5\ D1/ A5/ C0/
8x8Trax_2709461 Missing Sock Fairy of TA vs. supermac : @0/ B1\ @1/ C2/
8x8Trax_2709462 supermac vs. Furbster : @0/ B1\ A2/ @1/ C2\ B3/ A2+ @1\ C0/ A1+ C0/ C6\ D6\ C0/ A5/ @4\ B7/ A1\ C8\
8x8Trax_2709463 Furbster vs. supermac : @0/ B1\ A2+ B2+ A3/ @3/ C3\ B4/ C0/ D3/ @3/ B2+ C1+ E1/ F2\ F5\ G5\ D6+
8x8Trax_2709464 supermac vs. Laurel : @0/ A2/ A0\ @1\ A2+ @2+ A0/ @2\ E1/ D0\ E5\ E6+ F4/
8x8Trax_2709465 Laurel vs. supermac : @0/ B1\ B2+ A2+ B3\ A3+ C2/ C0/ D2\ D5\ E4/ A5/ C6\ @5/ @5+ D6+ @5+ F7+ G7\ G8\ H8\ D7+ D8/ B8+ G1+ H1/
8x8Trax_2709480 Pegasus vs. Guyver : @0+ @1/ B0\ C1/ B3/ B0/
8x8Trax_2709481 Guyver vs. Pegasus : @0+ B1/ C1\ @1\ D2/
8x8Trax_2709484 Jay RAA vs. Guyver : @0+ @1+ A2+ @1+ C2+ D2/ E1/ D0\ D4\ E4\ F2/ B1\ C0/ C5/ C6/ A4+ @2/ H3+ H2/ H6\ A1\ D0/ F3/ F2+ D0\ E1+ H3/ C1+ B7/ F8+ A7\
8x8Trax_2709485 Guyver vs. Jay RAA : @0+ B1\ A2+ @2\
8x8Trax_2709488 Guyver vs. irishmiss : @0+ @1+ A0/ A3/ B3+ C2\ @3/ B4\ D4\ E4\ C5/
8x8Trax_2709489 irishmiss vs. Guyver : @0/ B1\ B2\ A2+ A3+ @2\ B0/ C0/ D1/ C6/ D5\ A5/ @4+ @4/ B5/ D1+ F2+ B1\ G5/
8x8Trax_2710926 drgnrdr vs. YankeeFan : @0/ B1+ C1/ C0/ B0/ A2+ B0/ B0/ @1+ A0\ @1\ D0+ A5/ @5+ C6/
8x8Trax_2712397 B Line electric streetcar vs. Rogue Trooper : @0/ A0+ B2/ B0\ @1/ B0+ @3\ C5/ @1\ A0/
8x8Trax_2712534 dalkelly MIA vs. SweetCindyJo : @0/ B1\ B2\ C2+ B0+ B0/ C5\ A2+ D5/ D2/ E4\ D1+ F3+ D0\ G4/ F6+ G6\ H4/ F7+
8x8Trax_2713084 spitfire vs. Jay RAA : @0/ A2+ A0\ @1\ B4/ A2/ @2/ C0/ D1/ B0\ A1\ @4/ E6\ D7/ F1/ F0/ G2\ F3\
8x8Trax_2713095 spitfire vs. TaUrUsRoSe : @0/ A0+ @2\ A1\ A0\ B4\ C4\ B0\ B0/ C2\ @4\ B2+ @5/ B6\ E5/ F6\ A3\ @4/ C2+ D1+ D0\ C2\ G6+ G5/ H5/ G3/ G2/ G8/ F1/ C8/ B8/ C1+ A3+ F8/ D8+ H8+ G1/ A7+ B1+
8x8Trax_2713461 spitfire vs. heyred72 : @0/ B1\ B2\ C2+ @1\ B0/ B3/ B4/ D0/ E2\ @4\ @4/ A3\ @4/ F0\ E1\ D1\ F0\ F7\
8x8Trax_2713471 Elvis vs. goldfreckles : @0+ B1\ C1/ A0/ @1/ B0/ C4/ D2+ A4/ @2/ D0\ C0/ C7/ B7/ B8/ D7+ A8+ @5/
8x8Trax_2713475 Elvis vs. goldfreckles : @0+ @1/ B0\ A0/ @1\ C0\ A1+ @1/ A5/ @5/ C0\ E1+ A2/ @5/
8x8Trax_2713569 spitfire vs. Rose of Sharon : @0/ A0/ @2+ A3\ @3/ A4/ D3\ B4\ A5/ A2\ @2\ F2+ D0\ E5\ D6/ D7/ G2/ F1\ A1\ @1\ E0\ G1/ H2+ G7\ H7\ B1+ B5/ B6+
8x8Trax_2713795 ypercube vs. riaZZZ : @0/ @1+ A0+ @2/ @2/ D0/ E1/ E0+ C5\ F1\ G2/ C2+ H1\ E4/ E0/ F6\ D7/ B2/
8x8Trax_2713970 Elvis vs. darkest angel 70 : @0+ @1+ A2/ A3\ B3\ B4\ @2/ D3+
8x8Trax_2714727 goldfreckles vs. Elvis : @0+ B1/ B2/ B3\ C2/ C3+ C1+ B0/ D3/ E2\ E1/ F1/ C0/
8x8Trax_2714728 Elvis vs. goldfreckles : @0+ B1\ C1/ B0\ C1+ D1\ C3\ E2/ B3/ B4/ D3+ B0\ D5\ C6+
8x8Trax_2715590 * vs. ypercube : @0/ @1/ B0+ @1/ D2/ A2/ D3+ C4+ @2/ @3\ B5+ E0/ C1/ G4\ G5\ G1/ D0+ H4/
8x8Trax_2715965 riaZZZ vs. * : @0/ A2\ B2\ B3+ B1/ C3/ B4/ @4+ @4/ C5\ A2/ E5\ E1+ D6\
8x8Trax_2716568 Elvis vs. Jay RAA : @0+ A0/ A0/ @3\ C3\ C4\ A4+ D3+
8x8Trax_2716569 Jay RAA vs. Elvis : @0+ @1\ @1\ A0\ B3\ B0/ A5/ @4\ A1\ A0\ C7\ D7\ E7\ B1/ A0\ C2/ F8\ E5/ D2/ F5/ G5/ F3+ H4\ G6\ H6\ H7\ A8\ E2+ E1/ D1+ F2/ F1/ A4+
8x8Trax_2716574 Elvis vs. Jay RAA : @0+ B1\ A2/ A3/ @3/ A4/ @4/ A5/ @4\ A1\ A0\ @4+
8x8Trax_2716611 birddog8560 vs. B Line electric streetcar : @0/
8x8Trax_2716697 Rogue Trooper vs. ypercube : @0/ A0/ A0+ B1/ B2+ @1+ C0+ C5/ C6/ A5/ @5/ C0/ B2+ A1/ @2\ A6/ C0+ B5+ F4/ @7\ B5/
8x8Trax_2716706 Marko vs. rogerrabbit : @0/ A2\ B1/ @1/ D1\ D2\ E2\ C3/ B0+ C5/ @4+ A2+ F1/ G2\ E0\
8x8Trax_2716804 DINGEROO vs. Elvis : @0/ A2/ B2\ A3/ C1/ C0/ D2+ E1/ E0/ B2\ D1\ E0/ @5+ D6\ B7/ @5\ D8+ F1\ F6\
8x8Trax_2717633 supermac vs. * : @0/ B1\ A2/ A0/ @3+ A0+ @1\ C0\ D2+ B0/ E1+ B0/ A0\ @3+ A1+ @2/ G1+ H1/ H4/ B7+ A5+ G6+ H6\ G8/ B8+ A8/
8x8Trax_2719933 Elvis vs. Jay RAA : @0+ B1\ A2/ A3/ @1\ A0\ @2\ @2\ B1\ B0\ B0\ A2/
8x8Trax_2719941 Jay RAA vs. Elvis : @0/ @1/ B0+ B3\ C2/ @2/ E1/ E0/ A5/ @5/ E4\ F4\ G2/ D6/ B6/ C7/ G5\ H5\ E1+ B7+ A7+ G1/ F0+
8x8Trax_2720053 basplund vs. jaha : @0/ A0/ B1+ @2\ B0/ D2\ E3/ B0/ A2+ E5+ C0+ C0/ D1/ D0/ E4+ B2+
8x8Trax_2720065 kbalakri vs. drgnrdr : @0+ @1\ B2/ B0+ C2\ B0/ B0/ A2+ @3/ B0\ A1\ @3/ E7\ F6/ B7/ F4+ D8/
8x8Trax_2720643 Elvis vs. goldfreckles : @0+ @1/ @1\ B0/ A1+ D2/ E2\ D3/ B4/ A4/ @4/ @3+ B1+ @3\ C0/ F1+ H4+ H1/ G5\ G0/
8x8Trax_2720644 klaashaas vs. ypercube : @0/ A0/ B1/ B3/ A3/ C3\ B4/ D3+ C0\ C0\ E2+ @1\ C0+ @3+ A1/ A0/ H3\ G2+
8x8Trax_2721200 Honeybear vs. MountainMist : @0/ B1+ A0/ B0/ C2\ A1+ D3\ D4\ B4+ @3+ C5\ D6+ F4\ D1+ @3\ E7+ F2+ D0/ B5/ A6\ B7+ @5+ A2\ A1\ B7/ A7/ A8/ G8+ G1/ H1/ C1\
8x8Trax_2721737 jazzbeth vs. grade1teacher : @0/ B1/ A0+ @2+ C3+ @2+ A1+ A0\ A0+ D2+ E4/ F2\ E1+ F3+ G3/ @2\ E6+ F0\ B6/ B7/ A6+ D8+ G5+ G7+ H7\ H8\ A8+ H1/ A1\
8x8Trax_2722765 riaZZZ vs. ypercube : @0/ A2/ B2/ A0/ A0\ @2\
8x8Trax_2722766 ypercube vs. riaZZZ : @0/ B1/ A2\ B0+ B0\ B4+ C4/ C3/ D3/ B5+ D1/ E4\ E1\
8x8Trax_2723076 LilBrats Daughter vs. Honeybear : @0/ B1\ A2/ B2+ C2\ B3/ B4/ A4/ @3/ @3/ B4/ F2/ F1/ E0/ E0/ F2/ F1+ G3+ A6/ D7+ C1\ D0/ @6\ A4+ C2/ F1/ B2\ A2+
8x8Trax_2726113 Uncle Chuckie vs. YankeeFan : @0/ A2+ A3/ @3/ C3/ B0/ A2+ A0+ @4/ A1\ @1\ C0/ E2+ F3+ B0+ D1+ F2+ G6/ F7+ G4/ D0\ @2+ A1\ B6+ A6+ C1+ G1/ H1/ B8+ A8+
8x8Trax_2726207 ypercube vs. golfnutrof : @0/ A2/ @2\ B3/ A4\ C4+ @4/ A5/ E1/ D0\ A2+ C0/ A8+ A1\ @2\ @3+ @7/ A8/ F7/ H6\ H8+
8x8Trax_2727980 dawn1968 vs. marygal : @0/ B1\ A2/ @2/ A0/ C3+ A4/ @4/ A5/ D6\ E5/ B7+ @6/ A5+ D8/ F7+ F4/
8x8Trax_2728386 birddog8560 vs. Dragon101 : @0/ A0/ B2/ B1/ A0/ C2/ B1+ A4/ @1+ A0\ @3/ D1/ D0/ D0/ F3\ E8+ F5+ @5\ A4\ D2+ @5/ B6+ A3+ B2\ B1\ A1\ C8+ B7+ A8\
8x8Trax_2729091 Honeybear vs. MountainMist : @0/ B1\ B2\ A2+ A3+ @3/ D1/ D0/ E1+ D4\ D5\ C5+ B5+ C6\ C1+ E5\ F3+ D6+
8x8Trax_2729287 heidibb vs. Rissa : @0/ A0\ @1/
8x8Trax_2729403 hamsarnie vs. heidibb : @0/ B1+ A0\ @1\ C1+ D2\ D3\ E3\ B4/ C5+
8x8Trax_2731628 B Line electric streetcar vs. kbalakri :
8x8Trax_2731653 Rogue Trooper vs. drgnrdr : @0+ @1\ B0/ C1+ C0/ B1+ D2\ B4/ E2\ @4/ B5/
8x8Trax_2732576 angelo vs. Just a Sweetheart : @0+ @1\ A2/ C1/ @1/
8x8Trax_2733294 Marko vs. grade1teacher : @0+ B1\ B0/ C1/ @2+ D2\ E1/ B3+ F1\ E2+ F2+ F3\ F4\ G2/ G0/ H2\ F0\ E1+ G0/ H2+ C2\ B3/ F8\ C1+ B1\
8x8Trax_2736396 SweetCindyJo vs. LilSis : @0/ A2\ B1/ B2+ A3/ @3/ D1\ D0/ E2\ B5\ C5\ D5\ B1\ D0/ A2/
8x8Trax_2738568 Rogue Trooper vs. jazzbeth : @0+ A2/ @2\ B0/ C1+ D2/ C3+ @3/ A4/ @4+ E4+ B5/ F0\ G3/ H1+ H0/ G0+ B5+ G7+ H7+ G8+ C4\ D3+ D2/ C2+ B3\ A4+ C1\ A1+ F8/ H8\
8x8Trax_2738867 riaZZZ vs. ypercube : @0/ @1/ B0/ A0/ @2\ @2\ @3\ A4+ D4+ A2\ @3/ @3/ A4/ D5/ D6\ A1\ @2/ E1+ H1+ F0/
8x8Trax_2740650 ypercube vs. Phil The Hat : @0/ @1/ @1+ A0\ B0+ @2+ D4/ E2+ E4\ E5\ F3+ G2\ @2/ B4/ G1+ E0\ G0+ B7\ D6+ F8/ E7+ B8+ H7+ D1\ C1\ A3+ A8+ C7+ D8+ H2+ DRAW
8x8Trax_2741098 angelo vs. bibipke : @0/ B1\ C1/ B2/
8x8Trax_2742457 drgnrdr vs. basplund : @0/ @1/ B2/ C1/ D2+ B3/ A3/ D4+ B5+ B6/ B7/ C6+ D5+ @5+ F2/ B0\ A4+ @6/ G4+ G6\ H7/ H4\ H8+ DRAW
8x8Trax_2744468 jazzbeth vs. violet unicorns : @0/ A2/ @1+ A0/ C3+ B1+ C1/ C0/ D2\
8x8Trax_2745777 Honeybear vs. MountainMist : @0/ A2/ A0\ @1\ B4\ C4\ B0+ C1+ B0\ @2/ B4/ B5+ E2/ E6/ D5+ E4\ F2/ G3/ D1+ G2+ C0+ E1+ C0+ B8/ A8/
8x8Trax_2745985 Uncle Chuckie vs. B Line electric streetcar : @0/
8x8Trax_2745986 YankeeFan vs. Marko : @0/ B1\ B2\ B0\ C2+ D2\ E2\ D1+ F3\ D4+ C5\ F1/ B5/ G3/
8x8Trax_2746063 Traxplayer vs. Nancy : @0/ B1\ A2/ @2\ B3\ C3\ C4\ D3/ D1/ D0/ E3\
8x8Trax_2746107 Geri39 vs. jazzbeth : @0/ @1/ @1/ A0/ D2/ D3/ B1+ C0\ E3\ B4+
8x8Trax_2746968 cricket55 vs. heidibb : @0+ B1/ B0+ @2\ B0+ B0/ C2+
8x8Trax_2748192 riaZZZ vs. * : @0/ B1\ A2/ @1+ @1\ C0/ D3\ C4/ A3+ C0/ C0/ E4+
8x8Trax_2749099 Just a Sweetheart vs. heidibb : @0+ @1\ A2/ @2/ A1+ A0\ A0/ @3+
8x8Trax_2750067 spitfire vs. LilSis : @0/ B1\ B2\ C2\ B3/ A3/ A0\ @1\ E4\ E5\ A0+ @2/ A3/ E6/ F7\ G5/ G4/ H3/ G2+ G1/ H1/ B5/ A5/ D6/ B6/ A6/ F8/ E8/ H7\ H8\ E1/ A1+
8x8Trax_2750255 Geri39 vs. violet unicorns : @0/ B1/ A0\ @1+ C3\ A2/ D2\
8x8Trax_2750991 JiffyJeff vs. Megababe : @0/ B1\ B2+ B3/ A2/
8x8Trax_2750999 Megababe vs. POPMASTER : @0+ B1+ C1+ @1+ @1+ F1\ B0+ F3/ E1+ @2/ E3/ E1+
8x8Trax_2753812 riaZZZ vs. ypercube : @0+ A0+ @1\ B3+ A3/ @3/ A4/ @1+ E2\ F3/ G2\ B0/ C0+ A1\ @2/ C0+ A2\ F2+ G2/ G1/ G0+ H1/ B1\ A6/ A1+ H8+
8x8Trax_2756944 SweetCindyJo vs. DINGEROO : @0/ B1\ A2/ @1+ B0/ D1/ D0/ E2+ A1\ B0+ B0/
8x8Trax_2757061 Rogue Trooper vs. dalkelly MIA : @0+ @1/ C1/ C0/ C0/ A2+ C0/ C0+ @5/ D0\ A1\ @4\ B0/
8x8Trax_2757316 Dawn vs. heidibb : @0/ B1\ B2\ A0/ A3/ B4\ C4+ C0\ D4+ @4/ A1\ @1\ G1/ G0/ A3+ @4\ B1\ C0+ H6+
8x8Trax_2757319 heidibb vs. TwoSides : @0/ A2\ B1/ A3/ @2/
8x8Trax_2757329 DavidTrax vs. Rose of Sharon : @0+ @1/ C1/ D1/ C2/ D0/ A4/ @4/ E4\ F2+ D5/
8x8Trax_2757662 Huw Mungus vs. heidibb : @0+ @1\ B2/ C1/ A0\ D2/ @1+ A0\ B1+ E4\ D5+ F4/
8x8Trax_2758685 dawn1968 vs. B Line electric streetcar : @0/
8x8Trax_2758686 csain1 vs. jazzbeth : @0/ @1/ @1/ A0/ A0/ @2+ D4+ C2+ @2/ B4+ E5/ F5/ G3/ G2/ G1/ G0+ H5\ H6\ G7/ E7/ F0/ D2+ A3+ DRAW
8x8Trax_2760030 birddog8560 vs. davidmilne : @0/ @1/ A0/ @2+ @2/ @2/ B1+ B0\ C0+ B0/ A2+ E2\ C0+ @5+
8x8Trax_2760031 davidmilne vs. birddog8560 : @0/ A0/ @2+ C1\ @2+ A1+ B3\ C4/ D2\ @2\ A0/ B5/ RESIGN
8x8Trax_2760034 birddog8560 vs. ypercube : @0/ A0/ B2/ B1+ @1/ A2+ B0\ B0\ B0\ D5/ A6/ A3+ @1\ C0\
8x8Trax_2760035 ypercube vs. birddog8560 : @0/ @1/ A0/ @1/ C3/ B0\ C2/ C0\ C0+ D3\ E6+ D7\ E1+
8x8Trax_2760036 davidmilne vs. Jay RAA : @0/ B1+ C1/ A2+ B3/ @2/ D3\ D4/
8x8Trax_2760037 Jay RAA vs. davidmilne : @0/ A0/ @2+ @1/ D1/ D0/ E1/ B0+ F3+ D5+
8x8Trax_2760038 davidmilne vs. ypercube : @0/ @1/ A2/ B3/ B4/ A0\ @1\ D3+ B5/ E3/ F2\ G3/ @1/ A2+ G4+ G5/
8x8Trax_2760039 ypercube vs. davidmilne : @0+ B1+ C1+ C2\ C3\ B0/ B0/ B4/ @3/ B5+ E5+ F5/ E6/ @5/ A6/
8x8Trax_2760040 Jay RAA vs. ypercube : @0/ A0/ @2+ A0/ C2/ @3/ D4\ E2+ B4/ D5\ C6\ A1\ @3\
8x8Trax_2760041 ypercube vs. Jay RAA : @0/ B1+ C1+ A0/ A0/ D3+ C1/ A0/ D5/
8x8Trax_2762210 angelo vs. Just a Sweetheart : @0/ A2\ A3/ @3/ A1+ C1\
8x8Trax_2762452 spitfire vs. marlisam : @0/ A2\ B2\ C2\ A0\ @2/ B4\ D2/ E3\ A1\ @1\ E0/ F3/ G3/ A3/ @3/ B0\ A1\ F6/ E0\ D1+
8x8Trax_2762821 riaZZZ vs. * : @0+ @1+ @1+ @1+ D0\ C3/ A3+ @2+ @2/ A3/ D4\ @3+ @3\ A1+
8x8Trax_2763932 angelo vs. Just a Sweetheart : @0/ B1\ A2/ B2+ @1\ A0\ C1/ D2+ B0\ D2+ D1/ B0\ @5/ B6+ C0+ @4\ E0/ A4/
8x8Trax_2766604 drgnrdr vs. Uncle Chuckie : @0/ B1/ B2\ C1/ D1/ C0+ B4/ @1\ A0\ @3/ A4/ A5/ D1/ A0/ E6\ C7+ @4+ @3/ C0+ D1/ E1+ F1/
8x8Trax_2766605 basplund vs. Marko : @0/ B1\ A2/ @2+ A0/ @1+ @1\ B0/ B0/ C1/ D1/ D0/ F1+ F0/ F0/ G3\ H2+ D2+ H4+ DRAW
8x8Trax_2767018 angelo vs. heidibb : @0/ B1+ A0\ @1\ A0+ @1\ C0/ D1/ B1+ @2\ B3+ F4\ G4/ E5+
8x8Trax_2767087 Sharon39 vs. heidibb : @0+ @1\ B0\ @2\ A1/ C3\ B3+ B0\ D4/ B0\ @2\ D1/ E3\ C0/
8x8Trax_2767754 angelo vs. Just a Sweetheart : @0/ B1\ A2/ B2+ B0/ C2\ A1+ D3\ E3/ C4\
8x8Trax_2767861 everkleer80 vs. heidibb : @0/ B1+ A2+ C1\ A3/ A4/ B3+ B5/ D2+ A5/ @5/ B0/ @3+ A2\ G3+ A1\ @4\
8x8Trax_2767938 Just a Sweetheart vs. heidibb : @0+ @1\ C1/ B0+
8x8Trax_2768466 SweetCindyJo vs. Traxplayer : @0/ @1/ A2/ @2+ C0+ C0/ B1+ B5+ @4/ E1/ E0+ A3+ @3\ A5\
8x8Trax_2769419 riaZZZ vs. ypercube : @0/ B1/ C1\ C2\ D2+ E2/ A0\ @1\ C3+ C4/ A3+ C5/ F1+ A0+ @2/ B7/ A7/ E7\ H2+ H1\
8x8Trax_2770449 Traxplayer vs. Dawn : @0/ A0/ @1/ B0+ C3/ C1+ D1\ B4+ E1\ D0+ F2+ E4+ C6/ @2\ B1/ E0/ G5\ G6\ H4+ E8+ RESIGN
8x8Trax_2770841 riaZZZ vs. * : @0/ B1\ A2/ A0/ C2+ D2/ B3\ C4/ D3+ B0\ E4+ @3+
8x8Trax_2773409 KOOKY vs. Fallen Angel : @0/ B1\ A2/ @2+ B0/ @2/ B4\ D3\ E2\ E3\ F3\ F4\ D5\ E5+ E6/ D0\ C0/ G3+ @5/ A6/ A7/ A3+ H7\ H8\
8x8Trax_2773626 B Line electric streetcar vs. Sweetcheeks :
8x8Trax_2773653 grade1teacher vs. YankeeFan : @0/ B1+ @1\ A0\ @1+ E2\ E3\ F3\ D4/ F1/ G1/ D1\ C0/ A1+ A4/ A5+ @3/
8x8Trax_2773739 Rogue Trooper vs. dawn1968 : @0+ @1/ A2/ B0/ C1/ D1+ C3+ E1+ D0\ C5\ A1\ A0/
8x8Trax_2774859 heidibb vs. Just a Sweetheart : @0+ @1\ B2\ C1+ C0\
8x8Trax_2775104 heidibb vs. Just a Sweetheart : @0/ A2\ B1/ B2+ B3\ B4/ C2+
8x8Trax_2775812 rogerrabbit vs. YankeeFan : @0/ B1+ B2\ B3\ C3\ A0/ B0\ C2+ B6+ @6+ B7\ E6/ @6\
8x8Trax_2776144 JiffyJeff vs. heidibb : @0/ A2+ A0+ A4\ B2/ C3+ D3/ D1\ C0\ C0\ D2+ E5/ D6+ @3\ A2+ @2\ A3+
8x8Trax_2776660 Dragon101 vs. dgb : @0/ @1/ A0/ @2/ B0+ B0/ A5+ @3+ B1+ @3\ C0+ E3\ F3\ A1\ @1+ C0+ B0/ A1+
8x8Trax_2777327 Honeybear vs. dingbat : @0/ A0/ @2\ A1\ A0\ @2+ @2+ E2/ E1/ C0\ @3+ F1+ D0\ G2\ B2+ B5/
8x8Trax_2779399 dolly vs. YankeeFan : @0+ @1/ A2/ @2+ B3/ A0\ @1\ E4+ E5\ C6\ B5+ F5\ F6\ G6\ E7/ D7/ D8/ E2+ A3/ H4+ H3/ F2/ C8/ B7+ A7\ G2+ F1+ H8\ G1/ A8/
8x8Trax_2780711 darkest angel 70 vs. YankeeFan : @0+ @1/ A0\ @1\ A0+ D3\ D4\ E4\ C5/ A3/ @2\ B5/ A5/ D6+
8x8Trax_2781023 birddog8560 vs. ypercube : @0/ B1/ B0\ A3+ A4\ C1\ D2\ @4\ B5+ D5\
8x8Trax_2781094 LilSis vs. spitfire : @0+ @1/ A0\ @1\ A2+ D2\ D3\ @2+ A3/ C4\ B0\ @3/ G3/ G2/ H4\ G5/ D0/ E1/ C0\ B1\ A1\ F1/ E0\ F5\ G4+ G3+ H3/ H2/ B1/ D1+ H1/ H8\ A7+ A8/
8x8Trax_2781103 ypercube vs. Sea Breeze : @0/ @1/ B2/ A2+ A0/ @2/ D3\ C4/ C5/ @2/ F2/ E1\ A0\ @2/ D7/ @2/ D6/
8x8Trax_2781104 dgb vs. Rogue Trooper : @0/ A0+ B1\ A0/ A4\ @1/ @2+ B4+ @4+ A5/ F3\ F4\ E5/ E6/ G4+ H3\ H2+
8x8Trax_2781105 Dragon101 vs. * : @0/ A2\ B1/ B0+ A0/ C3/ D3/ C1+ E3/ F2\ @1\ B0+ F1+ D5+ G6+ H4/ B6/ D7+
8x8Trax_2781181 Rogue Trooper vs. golfnutrof : @0+ A2/ @1+ A0\ @1+ @1/ B3+ D4\ E2\ D1/ B0/ C5+ B6\ A6\ @5/ A7+ B8/ @4+ @3/ B7/ A6/ C2+ RESIGN
8x8Trax_2782722 Linda Sue vs. Dawn : @0+ A0/ A3\ B1/ B0/ C4+ B5/ B0/ A7/ @4/ E5\ C7\ C8\ E4+ F4/ E7/ A3\ @3\ @3\ C1/ A1\ D8+
8x8Trax_2782723 Menelao vs. Linda Sue : @0/ @1/ A2+ A3/ @3/ B0\ A1\ @3/ @3+ A4/ @4/ G1/ B5+
8x8Trax_2783147 riaZZZ vs. ypercube : @0+ @1+ A0/ B3\ @1/ @1/ B3+ B4/ @1/ D0/ F1/ F0/ F5\ G4+ E6+
8x8Trax_2784597 grade1teacher vs. drgnrdr : @0/ @1/ B0+ @2\ @2/ A3/ A4/ D3\ E3\ C0/ B1+ @5/ A6/ A1\ C7+ @2\
8x8Trax_2784777 dreamflight vs. B Line electric streetcar : @0/
8x8Trax_2784969 heidibb vs. washie224 : @0+ B1+ B0\ B3\ C3+ A0\ @1\ C5/ B5/ @1\
8x8Trax_2786318 riaZZZ vs. * : @0/ A2/ A0\ @1\ A0+ C3/ @1\ E4\ D5/ E1/ A2/ F3/
8x8Trax_2786427 Uncle Chuckie vs. Dragon101 : @0/ A0/ B1/ B3/ C2+ @1\ C0+ A4/ E2/ C5/
8x8Trax_2786583 birddog8560 vs. jaha : @0/ A0/ B2/ B3/ C2/ @2\
8x8Trax_2788051 marlisam vs. spitfire : @0/ A2\ B1/ B0+ C2\ C3\ @3/ A4/ E3\ D4\ A5/ @3\ A2\ A0/ @1\ A0\ @3/ A4/ A0/ E3/ G3/ F2\ F1+ H7\ D1+ G2/ G1+ H1+
8x8Trax_2788129 Rogue Trooper vs. dawn1968 : @0+ B1/ B0/ A0\ @2/ B0/ A1/ @3/ @3/ C0/ B2/ A1/ A0+ B0+ @3+ A1/ B4/
8x8Trax_2788823 ARCTIC PRINCESS vs. Arctic Warrior : @0/ A2\ B2\ B3+ B1/ C1/ A0\ @1\ A2+ A4/ B5\ @1/ A2/ C0+ B6/ C7\ C8\ E7+ E5+ B7+ @2\ A1+ B5+ G5/ @3/ C7+ A4+ B5/ B8/ A6+ H7\ A8+ H2+ A1+
8x8Trax_2789944 violet unicorns vs. marygal : @0/ B1\ B2\ B3\ A2/ C2+ A3/ B4/
8x8Trax_2789963 Dragon101 vs. kbalakri : @0/ A0/ B2/ B3/ A0+ @3/ C5/ D3+ E5/ C1/ D1/ E3\ @1+ A0+ @2/ D5+ H6\ F7+ B0/ D1+ E1\ F2/ DRAW
8x8Trax_2792127 Chef Jeff 1 vs. Dawn : @0+ A0/ A3\ B2\ B3\ B0/ C1/ B0/ C3+ A1\ @3+ C0\
8x8Trax_2797686 B Line electric streetcar vs. goldfreckles :
8x8Trax_2797711 Marko vs. drgnrdr : @0/ B1\ A2/ @1/ C2\ B3/ C0/ D1/ B1+ E1\ D3/ E3/ A0\ @2/ E5+ E1/ D0+ B6+ G3/ G5+ E0/ F1/ G1/ B8\ H4+ F8\ A6/ C1/ B1+
8x8Trax_2797712 basplund vs. Uncle Chuckie : @0/ B1\ A2/ @2/ A0/ B1/ D2\ C3+ D4/ @1+ B0\ B0\ A1\ @1\ G3/ A5/ F2/
8x8Trax_2797800 Geri39 vs. marygal : @0/ B1\ A2/ @2+ C2\ C3\ D1/ D0/ @2/ D1\ D0+ E1+ D0\ F5+ @5/ B6\ D7\ A3\ @4\ B2/
8x8Trax_2797881 Traxplayer vs. dawn1968 : @0/ @1/ A0/ A0/ A4/ A0\ @3+ @3\ @3\ @2/ C4+ B5+ F3+ B1\ G2\ H3/ C6+ G5/ F6+ E7\ B0\ G2+ B8/ A8/ F1+ C8+ G1+
8x8Trax_2798544 Senorita ZORRO_ vs. spitfire : @0/ B1\ A2/ B2+ B3+ C2/ @1\ A0\ @3/ A4/ C5\ F3\ F4\ E1/ C0+
8x8Trax_2798774 spitfire vs. nisqually : @0+ @1+ A2\ B0/ B0/ C3+ D1/ B0/ A2+ B0\ @3+ B1+ @3+ G3+ C0\ B3\ B1/
8x8Trax_2799544 Buz vs. spitfire : @0+ @1/ A0\ @1\ A0+ D3\ D4\ A3/ @4\ D5+ E2/ F4\ B0/
8x8Trax_2799642 * vs. riaZZZ : @0/ B1\ B2\ C2\ A0/ A3+ A4/ @4/ B5+
8x8Trax_2799717 ypercube vs. riaZZZ : @0+ B1+ A0/ A3/ C1\ B0\ @4/ A2+ @1/ D4\ D5\ F2\ G1/ F0+ G6+ G1+ H3\
8x8Trax_2799749 SweetCindyJo vs. YankeeFan : @0/ B1+ A0\ @2/ A3+ @3+ E2\ E4+ B4+ A4/ A2+ B5+
8x8Trax_2801976 spitfire vs. Hillbilly : @0/ @1\ B0\
8x8Trax_2802010 Jesme vs. Izeul : @0+ B1\ B0/ C1/ A1+ A3+ @2\ E1\ E2\ F2\ F3\ B4\ D4+ F5\ G4/ D5/ D6/ B5/ A4\ @3/ D7+ A2\ C0+
8x8Trax_2802893 grade1teacher vs. Rogue Trooper : @0/ B1+ A0\ @2/ A3/ C4+ B0\ C6/ D3/ @3\ A2+ @2\ B5+ D7\ C0\ B1\ F8+ A7\ @6+ A7/ @7/ A8/ G2+ G1/ H1/ B2+ A3\ A1+ H6+
8x8Trax_2803007 SweetCindyJo vs. GlassTiger : @0/ A2\ B2\ B1/ C1\
8x8Trax_2804259 dgb vs. YankeeFan : @0/ B1+ C1/ C0/ C0+ A2+ B0/ @3+ E1\ E3+ E0/ F3/ B1\ A2/ C0/
8x8Trax_2804612 DINGEROO vs. YankeeFan : @0/ A2+ @1\ B0/ @2+ @2/ A3/ D4\ A1\ @1\ F4\ G1/ G0/ A5/ A6/ H5\ H6+ A3/ G0\ E7+
8x8Trax_2807297 Chef Jeff 1 vs. JiffyJeff : @0+ @1/ A0\ @2/ A3+ A4\ A1+ @3+ D1+ A2\ A1\ A0+ @1\ F3+ A3+ @3\ C5+ B0\ C7/ E7+ B7/ A6/ @6/ B2+ A1/
8x8Trax_2808136 * vs. riaZZZ : @0/ A2\ B1/ B2+ A0\ @1\ C4+ @1/ A2/ @2/ A3/ B4+ @1+ A0\ D1+ B6/ A6/ @3+ @3/ B7\ G6+ G7\ D8+
8x8Trax_2809198 dgb vs. YankeeFan : @0+ A2\ A0/ B1/ A0/ @3+ D2+ C1+ C0/ D1/ E5\ D6/ E1+ C0\ F4\
8x8Trax_2809347 Dragon101 vs. stormy rebel : @0/ B1\ A2/ A0/ @2+ A0/ @1/ D1/ E3+ A0/ @1+ @2/ C3/ A3+ B4+ D1/ C0+
8x8Trax_2809568 robertst vs. Cinnamon : @0/ A2\ B1/ B2+ A0\ @1+ @1/ A2/ B4+ @3/ F1/ F0/ @4+
8x8Trax_2809672 ejd vs. s_strum : @0+ @1\ A2/ @1\ A0/ B1/ D2\ C3\ C4\ A3/ @2\ E3+ F2\ E1/ D0/ E1/ B5+ D6\ A4/ @4/ B6\ D7+
8x8Trax_2809818 supermac vs. jazzbeth : @0/ @1/ B2+ A0+ A0/ @1+ A0+ @1\ E5\ E3+ D1+ B4+ F5+ D0/ F1+ G2/ C0\ B1\ F1+ F8/ B7+ B8/ A8/
8x8Trax_2809820 Phil The Hat vs. golfnutrof : @0/ @1/ C1+ A2+ D2/ A3/ B0+ B0\ C2/ B0\ @4/ @6/ B7\ F1/ G4\ F0\
8x8Trax_2809821 basplund vs. ypercube : @0/ @1/ C1/ @1\ B0/ B3/ E3/ D1+ C4+ C5/ C6/ B0+ A2\ F5\ E6+ G4/ E3/ G6\ E7/ H5\
8x8Trax_2809926 ypercube vs. riaZZZ : @0+ @1+ B2+ A2+ @2+ B3/ B4/ B0/ B0/ @4+ E4/ B3\ B0+ E3+ A2+
8x8Trax_2810062 basplund vs. Just a Sweetheart : @0/ B1\ A2/ B2+ @1\ B0+ B0\ C2+ A2+
8x8Trax_2811440 SweetCindyJo vs. DINGEROO : @0/ B1\ B2\ C2+ C3+ C0/ D1/ B0\ A1\ @1\ D6+ D0+ E4\ F4\ D8+ F2\ G4\ F6+ C7/ B7/ H4\ H3+ F7\ F8+ G8\ H1/ A8/ H8\
8x8Trax_2811591 YankeeFan vs. * : @0/ A2\ B1/ C1/ A0\ @3\ B4+ B5/ @5+ E3\ F4/ @3/ B2+ A4/ F0\ H4\ E6+ F7/ B7+ E8+ E1+ G1/ C2\ A7+
8x8Trax_2811954 Traxplayer vs. Izeul : @0/ A2\ B2\ @2\ B3+ A0\ @1\ E4/ D5+ D1/ D0/ A4+ F3+ F5+ A1+ B0\ @6\ E1/ E0/ A5+ B8+ @7/ A6+ A4\ A3\
8x8Trax_2812596 dgb vs. YankeeFan : @0+ B1/ @1/ A2/ A3+ C2+ B0+ @3\ B5+ D5\ E5\ @3\ E6\ A4/ @5\ D1+ B2+ B6/ E7+ D0/ C1+
8x8Trax_2813480 ypercube vs. riaZZZ : @0/ B1+ C1/ C0/ C0/ A2+ C0/ C0+ D4+ B6+ @1+ A0\ A0+ @3/ B7/ A6/ E2+
8x8Trax_2814724 dawn1968 vs. YankeeFan : @0/ @1/ A0/ B1+ A0/ C1/ A0/ @4/ @2/ @1+ A0\ A0+ @1\ B5+ F1/ G3+ E0/
8x8Trax_2817456 dgb vs. YankeeFan : @0+ A2\ @2\ B3+ B4/ @4+ @3+ B1+ B0\ E2/ F2/ F1/ B0\ @1+ G1+ G0+ H2\
8x8Trax_2819942 Lee C vs. spitfire : @0+ @1/ C1/ A2+ @2\ C0/ @2/ D4\ E4\ F2/ F1/ C1\ G2+
8x8Trax_2819949 Rogue Trooper vs. Dragon101 : @0+ A0/ B1\ A3/ @3/ B0\ A1\ @1\ E2\ F2\ F3\ E5+ F1+ A0+ G3+
8x8Trax_2819960 * vs. YankeeFan : @0/ B1+ B0+ C2\ C3\ D3\ A4+ B5/ E4/ E1+ F2/ G2/ G1/ G0/ G0+ H3\ D2+ B1\ C8+
8x8Trax_2821525 LilBrats Daughter vs. Honeybear : @0/ A2\ B2\ B3\ @2\ A0\ @1\ C0/ D1/ B0+ @2\ F6\ A1+ D7+ B6/ A5/ B7+ @2/
8x8Trax_2821623 Rogue Trooper vs. csain1 : @0+ A2/ @2\ A1\ C2/ D2/ E1\ C3+ E0/ F1/ F3+ @3/ A4/ A5/ A6+ @4+ A1+ F0+ D1\
8x8Trax_2821719 Geri39 vs. violet unicorns : @0/ B1/ A0\ @2/ C3\ D3\ C0/ C0\ D2\
8x8Trax_2821769 jazzbeth vs. marygal : @0/ B1\ B2\ C2+ C0\ A3+ D1+ B4+ D0/ C5+ D5\ E5\ A2/ F5\ D6/ F2+ G5+ @2\ A1\ A0\ C7+ D0+ F1+ G1+ B8/ A7\ H3+ H1+ A8/ H8\
8x8Trax_2822838 Dawn vs. Elvis : @0/ B1\ B2\ A2+ @2/ A3/ @3/ C4\ A1\ C0/ @2/
8x8Trax_2823332 ypercube vs. riaZZZ : @0+ @1+ A0/ A3/ A4/ B4\ A5\
8x8Trax_2823390 Nancy vs. spitfire : @0+ @1+ B2/ B0/ C1+ @3/ B4+ B5/ A5/ B1\ B0\ C5\ D4+ E4\ E5+ F4/ D7\ E7\ @4\ A3\ E1/ E0/ G4+ B1\ G6+ G7\ H5/ G3/ F2/ G2/ H1\
8x8Trax_2823423 Uncle Chuckie vs. Phil The Hat : @0/ @1/ B0/ @1/ B3/ D1/ D4+ E4\ E5\ F3/ B5/ E6\ A5\
8x8Trax_2823529 riaZZZ vs. ypercube : @0/ @1/ @1/ D1/ D2\ E1/ D0\ E0/ F1/ C1\ E4\ F4/
8x8Trax_2826871 dgb vs. YankeeFan : @0/ A0/ B1/ C2+ A3/ D1\ @2+ E0/ F2\ @3/ G4\ C1+ F5/
8x8Trax_2827137 dreamflight vs. spitfire : @0+ @1/ A0\ @2/ A3+ B0/ C1/ @3\ B2+ A2+ A1\ A0\ E1\ E0/ F1/ C7\ E0+ B8/ D8\
8x8Trax_2830040 marygal vs. jazzbeth : @0+ A0/ A3\ B3\ C2/ D3/ A4/ @3/
8x8Trax_2830142 dgb vs. YankeeFan : @0+ A0/ A3\ B1/ B0/ C4+ C5\ @3+ E2\ E5\ B0\ F4+ A2\
8x8Trax_2830213 ejd vs. s_strum : @0+ @1\ A2/ @2/ B3/ A1\ @2/ A3\ D3\ D4\ A4/ @4/ B1\ A1\ @1\ G3/ D4+ F5/ F6\ G6\ A2/ @2/ G0/ H1/ B0\ A2/ C7+ C8/ D8+
8x8Trax_2830273 spitfire vs. RyRy is here : @0/
8x8Trax_2830354 dgb vs. jaha : @0/ A0/ B1+ @2\ B0/ D2\ E2\ B0/ A2+ B5+ @4+ B5/ F6+ G3\ B6/ B7+ A5+
8x8Trax_2830705 Rogue Trooper vs. Dragon101 : @0+ A2/ @2\ B0/ B4/ C3/ C5+ D4\ C0\ E4/ E3/ E6\ F6/
8x8Trax_2832398 dgb vs. Rogue Trooper : @0/ A0+ A3/ A0/ B3\ B2+ @2\ @3+ @3\ D0/ F1/ F0/ G3\ G4+ @4\ A3\ D1/ C2+ C0+ E1\ B2+
8x8Trax_2833872 Menelao vs. Chef Jeff 1 : @0/ A2\ B1/ B2+ C2\ B0+ A0/ @2/ @2/ B3/ D5/ A3+ B6/ A5+ E6\ D7+ F6/
8x8Trax_2833881 marygal vs. jazzbeth : @0/ A0/ B1/ B3/ B0+ A4/ @2+ A0+ C6+ D4/ @5/ A6/ A7/ @7/ @7/ C8+
8x8Trax_2833962 psychospaz mom vs. spitfire : @0+ @1+ A0/ B3\ A3+ @3/ B4\ D1/ D0/ B6\ C5\ @6/ B7\ @5\ B4+ A4+ B3+ A3\ B2\ B1\ B7/ C8\ E6\ @3\ G5+
8x8Trax_2833963 spitfire vs. psychospaz mom : @0/ A2\ B2\ B1+ C2/ B3\ B0/ C2/ C1+ D1/ C5\ D5\ @2\ B1+ A1+ B0/ E1+ E3\ F3\ E5/ F6\ F2/
8x8Trax_2833968 Pegasus vs. spitfire : @0/ A2\ @2\ C1\
8x8Trax_2833969 spitfire vs. Pegasus : @0/ B1+ A0\ B1+ @2\
8x8Trax_2833972 Jay RAA vs. spitfire : @0/ A2\ B1/ B0+ A4/ @4/ C3\ D2/ B0/ E2/ E1/ E0/ F1/ C0\ D0+
8x8Trax_2833973 spitfire vs. Jay RAA : @0/ B1/ C1\ C2\ @1\ A0\ @1+ E1/ F1/ B0/ C1/ C4/ D5/ A5/ @5/ B1+ C0\ C0\ A3\ B1/
8x8Trax_2833976 spitfire vs. washie224 : @0/ @1/ A2+ A0\ @1\ C0/ D1/ D3+ @1\ C0+ F1/ E0\ B5/ A5/ @3\ A2\ B1\ @3+
8x8Trax_2833977 washie224 vs. spitfire : @0/ B1\ A2/ A3/ A4/ B4/ C1/ C0/ C0/ C6\ B7/ D3\ C4/ D6\ D7\ C8\ E6+
8x8Trax_2833978 jazzbeth vs. rogerrabbit : @0/ A0/ B1+ A0/ B4+ @2+ B0/ D1/ D0/ D4\ E2+ B1+ E6\ F3/ E7/
8x8Trax_2833979 rogerrabbit vs. jazzbeth : @0/ A0/ @1/ A0/ A3+ @2\ D3/ E3/ C4+ F4/ C5\ D6/ B4/ F7+ G6+
8x8Trax_2833980 jazzbeth vs. Dragon101 : @0/ A0/ B2/ B1/ B3/ A3/ A0/ @4/ @1+ B0\ @3\ D0/ E3/ C0\ B2+ @7+ A8/ G5+ @6+ F8+ C3\ B3+ C1\ B1\ A8/ G1+ A2/ H2+ H1/
8x8Trax_2833981 Dragon101 vs. jazzbeth : @0/ @1/ A0/ @1/ A0/ A3+ D3/ B1+ @1+ @1/ B3+ B4/ A5\ G3/ E4+ G2/ G5\ G6+ H5/
8x8Trax_2833982 jazzbeth vs. DiGaWiD : @0/ B1/ B2/ B0+ C3/ B0+ @2/ C0+ A2\ D2\ @2/
8x8Trax_2833983 DiGaWiD vs. jazzbeth : @0+ A2\ B2\ C1\ B3+ B4/ @4+ B0/ D3\ @4+ F2+ B1\ B0\ @5\
8x8Trax_2833984 jazzbeth vs. ypercube : @0/ @1/ B2/ A2+ A0/ @1/ A0/ @2/ @1/ F3/ F5/ B3/ F2/ F1+ G3+ A4/ C5\ C0+ H4\ A3+
8x8Trax_2833985 ypercube vs. jazzbeth : @0/ @1/ A0/ A0/ @3+ A0/ B5/ C3/ D3/ D2/ E2/ C1\ E0\ @5\ E1+ @3+ C1\ E0/ H2/ H1/ G0\ D1+ B1+ A7+ A8+ H8+ A1+
8x8Trax_2833986 rogerrabbit vs. Dragon101 : @0/ A0/ A3/ A4/ @3+ C4+ D3\ B0/ C6\ E6\ E7\ E1/ F5+ D0/
8x8Trax_2833987 Dragon101 vs. rogerrabbit : @0/ @1/ A0/ A3/ B1/ @3+ D3\ D4\ C4+ E4+ E5+ F3/ A0+ @4\ F1/ G5\ E6+
8x8Trax_2833990 rogerrabbit vs. ypercube : @0+ B1+ @1/ B0\ A0/ C4/ @4/ C5\ E3/ E4+ C6\ E7+ F7\ A6+ A7/ A8+ @6+ A4\ A3\ @5+ F1+ H3+ H2/ H1/ H8+ A2+ B8/ A8/
8x8Trax_2833991 ypercube vs. rogerrabbit : @0/ A0/ B2/ @1\ A0\ A0\ @2+ D3+ D5\ E4/ A5/ @4\ D6/
8x8Trax_2833992 Dragon101 vs. DiGaWiD : @0/ A2+ A3/ B1+ A4\ B4\ C2/ @3+ @2/ F3/ A1\ C0/ @3\
8x8Trax_2833993 DiGaWiD vs. Dragon101 : @0+ A0/ A3/ @2+ C1+ D2/ A1+ D3\ B4/ E3/
8x8Trax_2833994 Dragon101 vs. ypercube : @0/ @1/ A0/ B1+ C1/ D1/ C2+ @1/ A2/ A0\ @1\ C0/ D1/ F5/ F0/ G2/
8x8Trax_2833995 ypercube vs. Dragon101 : @0/ A0/ B2/ B1/ @2+ B3+ A0\ @3\ @2/ B4\ C5/ C0\ B2\ E0+ F4/ B1\ A2\ B0/
8x8Trax_2833996 DiGaWiD vs. ypercube : @0+ A0+ A3/ B3\ A4/ C3\ @4+ D2/ E2/ F1\ D4+ B5+ C0+ A2+ @2\ A1\ @3/ G5\ E0+ B1+ A1\ A0\
8x8Trax_2833997 ypercube vs. DiGaWiD : @0/ A2/ A3\ B2/ A4\ B4\ C3+ B5+ D4/ B6+ D2/ C1/ E2\
8x8Trax_2834004 Pooh vs. basplund : @0+ A0\ @1/ B3\ C3\ B4+ A4\ A3\ @2/
8x8Trax_2834005 basplund vs. Pooh : @0/ A2\ B1/ A3/ @2/
8x8Trax_2834010 boneyardking vs. basplund : @0+ @1+ A2\ A0\ @2\ @2\ B1+ A3/ A4+ @3\
8x8Trax_2834011 basplund vs. boneyardking : @0+ @1+ A0/ A3/ @3/ @3/ B1+ E2/ A0/ @2\ F1/ F0+ G2\
8x8Trax_2834014 nisqually vs. basplund : @0/ @1/ A2+ C1+ B3+ D2/ A3/ A4/ @3\ E4\ F4\ D5/
8x8Trax_2834015 basplund vs. nisqually : @0+ B1+ B2/ B0/ @3\ B4/ C0+ A5+ C0/ D4+ @6+ B7\ D6+ @6+ E0\ D2/ F8\ G5+ RESIGN
8x8Trax_2834016 Grumpy vs. basplund : @0/ @1/ B0\ A1+ @1/ B3\ A2+ A3/ C3\ B4/
8x8Trax_2834017 basplund vs. Grumpy : @0/ @1\ A0/
8x8Trax_2834020 ladylover vs. Rogue Trooper : @0/ A0+ A0\ @1\ A0\ @4+ @2\ @3\ B1+ A4/ B5/ @4\
8x8Trax_2834021 Rogue Trooper vs. ladylover : @0+ @1/ C1/ C0+ D1\ C3\ B0/ C5/ B5/ E3\ D5+ A6/ @6/ A5+ B1\ A2\ B0/
8x8Trax_2834024 ladylover vs. YankeeFan : @0/ B1+ B2\ B3+ @1/ @3+ A1\ A0/
8x8Trax_2834025 YankeeFan vs. ladylover : @0/ B1\ A2/ @2/ D1+ D0/ B1+ E1\ B0\ @4/ E0+ E0/ F1/ G1/ C1\ B1\ D0/
8x8Trax_2834026 dawn1968 vs. Rogue Trooper : @0/ A0+ @2\ B0/ A1/ B0/ C3\ @4/ A5/ A1\ @2/
8x8Trax_2834027 Rogue Trooper vs. dawn1968 : @0+ A2\ B2/ @1+ A0+ A3/ A4/ @1/ E3/ E4/ D2+ C1+ E1/ C0/
8x8Trax_2834030 dawn1968 vs. YankeeFan : @0/ A0/ @1/ B0+ C2/ D3+ B4/ E2\ A3+ @3/ D0\ A2\ @3\ B1/
8x8Trax_2834031 YankeeFan vs. dawn1968 : @0/ A2\ B1/ C1/ D1/ A3\ @2\ D0+ C4+ D3+ @4/ A5/ A1\ @2\ B0/
8x8Trax_2834032 Rogue Trooper vs. Mersephone : @0+ B1/ @1/ C0\ C3/ A4+ D1\ D0/ E1/ @4+ F4\ F5\ G2+
8x8Trax_2834033 Mersephone vs. Rogue Trooper : @0+ A0/ B2+ A3/ @3\ D1\ A2+ B0/ A2\ D4/ C5\ E2\ A1+ C0+ B6/ B7/ F5+ @7/ B8\ G7+ H7+
8x8Trax_2834034 Rogue Trooper vs. YankeeFan : @0+ A0/ B1\ A3/ A4/ @2+ A1+ @3+ @3/ B1\ D0/ D6/ D0/ A4+ A8+ @6\ F4\ G3\ G7\ G8\ H3\
8x8Trax_2834035 YankeeFan vs. Rogue Trooper : @0/ A0+ A0\ @1\ A0\ @4+ @1/ E1+ E0/ E0+ F3\ C0\ B2+ G3+ G2/ G1+ E7+ D0/
8x8Trax_2834036 Mersephone vs. YankeeFan : @0+ B1/ B2\ C1/ A2+ @1\ C0/ D1/ D0/ @3\ F3+ F4\ F5+ G3/ H4+ H5\ B4+ G6+ D6+ C0+
8x8Trax_2834037 YankeeFan vs. Mersephone : @0/ A2\ B1/ B0\ @2\ A1\ @1\ A0\ A4/ B5/ @4\
8x8Trax_2835848 REBEL DJ vs. Phil The Hat : @0+ A0/ @2/ @2+ D2+ B3/ C4+ D4\ @3/ A4/ A5/ B1\ B0\ A1\ @3\ D0+ F2\ B0\ A2/ G7\ G8\ F2\ A1\ H7+
8x8Trax_2836033 Dragon101 vs. birddog8560 : @0/
8x8Trax_2836054 riaZZZ vs. ypercube : @0/ @1+ @1\ C0/ D1/ A0+ E3\ E4+ B4\ C5/ A4+ D0/ E1/ F2/ D7\ B7+ F5\ G6/ @5+ A2+ A1\ C0+ F8+ H4+
8x8Trax_2836068 ypercube vs. riaZZZ : @0/ B1\ A2+ A3\ B3\ B4\ C1+ @4/ D5/ D6+ @4+ F6+ E7/ C6+ A5\ G4+ A6/ B1\ B7\
8x8Trax_2837169 Dawn vs. Elvis : @0/ B1\ B2\ B0\ B4/ A4/ A5/ C4/ @4+
8x8Trax_2837657 Zoie vs. Rogue Trooper : @0+ A0/ A3\ B1/ C3+ D2+ E2/ E0+ @3/ B1\ A5/ C0/
8x8Trax_2839068 Honeybear vs. AutumnLeaves : @0/ @1+ @1\ C0\ B1+
8x8Trax_2839175 basplund vs. csain1 : @0/ A0/ B2/ C2/ @2/ @2+ C3+ E1/ C4/ D4+ F1/ C0+ F0+ E0+ A7/ A8/ @3\ A8+
8x8Trax_2839323 * vs. ypercube : @0/ B1/ A0\ @1\ D1\ A2/ @1\ E3\ F3\ E0/ F2\ G2\ D0+ B6+ C0/ C8/ A7+ H5\ G6+ F3/ F1+ G1/
8x8Trax_2841024 Dragon101 vs. Marko : @0/ B1\ B2\ B3+ C3\ A3/ B4/ B5/ A5/ @4/ D1/ RESIGN
8x8Trax_2841029 jaha vs. ypercube : @0/ A0/ B2/ B1+ A3\ A4\ @2+ @1/ C0/ @1+ C0/ @3\ @3\ E6/ F7\ E0+ F1/ H5/ G7+ D8\ C7/ B7/ G1/ H2+ H6\ A7/ C8+
8x8Trax_2841091 dawn1968 vs. ypercube : @0/ B1\ A2/ A0/ C2+ C3+ A4/ D2/ @3/ @1+ C0/ A5/ @3\ D6/
8x8Trax_2842759 DIRKSTRA vs. drgnrdr : @0/ @1/ B0+ @1/ D2/ B3+ A3/ A4/ @4/ E4\ D5+ F3\
8x8Trax_2842823 Rogue Trooper vs. Dragon101 : @0+ A0/ B1\ B2\ @1/ D1+ D0/ B1+ B0\ C5+ C6/ @4\ E0/ F2\ @3+ G1/ @2\ C1+ F0+ C1+ G7\
8x8Trax_2843237 Buz vs. spitfire : @0+ @1+ B2/ B0/ C3/ @2/ B4/ D0/ E1/ B2+ D5\ RESIGN
8x8Trax_2843244 frogman41102 vs. BabyGirl The Rebel Angel : @0+ B1/ B0\
8x8Trax_2844336 spitfire vs. YankeeFan : @0/ B1+ A0\ @1\ B3/ A3/ @1\ D1/ C0\ D1+ E1/ C0\ @3/ A4/ A6/ @6/ D6\ B7+ A8/ @7/
8x8Trax_2844350 DavidTrax vs. bugmenot : @0/ B1\ A2/ B0\ A4\ B3+ @2+ A0/ B6\ C5\ A6/ @5/ C7/
8x8Trax_2844352 Scoopdedew MIA vs. DavidTrax : @0/ B1/ @1/ @1/ @1/ C0+ A3+ A4\
8x8Trax_2844618 Izeul vs. keops : @0/ @1/ B2/ B3/ B4/ C2+ A4/ A5/ @5/ A6/ @3+ A0\ @2/ E0/ F1/ A8+
8x8Trax_2844929 Dawn vs. Elvis : @0/ A0/ B1+ B0\ @1\ A0\ @1+ E3\ F3\ G4/ G2+ D1\ C0/ F2/ F1/ D0\ H3+
8x8Trax_2845249 FujiTape vs. catpaws : @0/ B1+ @1\ D1+ A0/
8x8Trax_2846233 * vs. riaZZZ : @0/ B1\ B2\ C2+ B0+ D3+ C4+ E3+ D1/ F2+ C0/
8x8Trax_2848324 FujiTape vs. catpaws : @0/ A0\ @2\
8x8Trax_2848342 catpaws vs. FujiTape : @0/ B1\ A2/ A3/ @1\ B0/ C3\ D1/ D0/ C5\ C1\ C6/
8x8Trax_2848346 catpaws vs. FujiTape : @0/ B1\ B2\ A0/ B4/ A4/ A5\ C1/ B5+ B0/
8x8Trax_2848348 catpaws vs. FujiTape : @0/ B1\ A2/ A0/ B3\ A4/ B4+ C1/ C4\ B0/
8x8Trax_2848349 catpaws vs. FujiTape : @0/ B1\ B2\ B3\ A2/ B4/ A3+ A4+ @3\ @1\ B0/ E3+ B5/ A5/ A1\ @4+
8x8Trax_2848436 DavidTrax vs. pat : @0/ @1/ A2+ @1\ C0+ A3+ B0\ C1/ A1/
8x8Trax_2850097 Scoopdedew MIA vs. DavidTrax : @0/ @1\ A0/
8x8Trax_2851005 * vs. Traxplayer : @0/ @1/ A2+ C1+ B0/ B4\ @1\ C0+ A4/ @2+ C0/ F5\ F6\ @4/ A5/ C6/ F7/ H6+ E8\ D7/ A7/ A8+
8x8Trax_2851029 boneyardking vs. spitfire : @0+ B1/ B0/ A0\ @1\ C0/ D1/ E1/ C0+ A0\ @2/ C0/ D1/ F5\ G5\ F2/ G3\ B6/
8x8Trax_2851061 YankeeFan vs. dolly : @0/ B1\ B2\ C2\ D1+ B0\ D0+ E1+ E0/ B1\ A1/
8x8Trax_2851168 Traxplayer vs. Dawn : @0+ A0/ A3\ B1/ B0/ C2/ A0\ @2+ D1/ B0\ E3\
8x8Trax_2851683 Scoopdedew MIA vs. DavidTrax : @0/ @1/ B0\ @2\ A1\ @1\ C0/ A4/ @3\ E4\ A1\ F3\
8x8Trax_2852537 Geri39 vs. SweetCindyJo : @0/ B1\ B2\ C2+ A2/ A3/ A0\ @2/ C1+ A3/ D0/ E1/ A2+ @2\ @2\ G4+ A5/ @5+ C1/ D6/ E6+ C6+ D7\ A3+
8x8Trax_2854286 Honeybear vs. dawn1968 : @0/ @1/ B0\ B0/ C1/ B4\ C3+ C4+ D3/ B0/ E3\ A1\ @2\ B0/
8x8Trax_2855700 grade1teacher vs. Marko : @0/ B1\ A2/ A3+ B3+ A4/ C1/ B0\ C1+ @1\ A0+ E2/ C1\ C0+ B1\ B0\ A1\ @3/ F6\ RESIGN
8x8Trax_2855772 dolly vs. spitfire : @0+ @1+ B2/ A0\ @1\ D3\ D4\ B0/ C1/ A0\ @1\ E3+ A4/ A5/ @2+
8x8Trax_2855793 golfnutrof vs. Dragon101 : @0+ A0/ B1/ A3\ B0/ C4+ @3/ C5/ E4\ A2+ E1+ F4\ A6+ @5/ B7\ A2\ @4\
8x8Trax_2856675 Scoopdedew MIA vs. DavidTrax : @0/ @1/ @1/ @1/ B2+ A0+ B4/ C4+ @2\ B5\ F2\ D6/ E5+ @2\ B3+ A4+ C6+ @6+ B7/ G0/ H1/ E8\ H6+ A4+
8x8Trax_2859604 REBEL DJ vs. YankeeFan : @0+ A0/ A3+ @3\ C2/ @2/ B1+ B0\ @1+ @3\ C5\ D5\ F1/ D0\ A2\ E0/ F1/ A1+ E0/ @2\ G1+ @3+ A4/ C1+ B6+ D7+ C8+ D1+ DRAW
8x8Trax_2862279 Linda Sue vs. LilSis : @0+ @1/ B0/ @2\ A1/
8x8Trax_2862294 drgnrdr vs. Phil The Hat : @0/ A0/ A3/ B3/ A4/ A5+ @3+ C1/ @1\ C0/ B0+ A1\ D1+ C8\ E8+ F4+ G6+ F2/ G1\ B7/ A5/ H5\ H2\ G4+ A7/ DRAW
8x8Trax_2862350 Sea Breeze vs. * : @0+ @1+
8x8Trax_2862421 YankeeFan vs. birddog8560 : @0/
8x8Trax_2863527 Goldberry vs. Linda Sue : @0+ @1\ A2\ C1/ B0\ A1\ C0/ D2\ C4+ @2\ D5+ B0/ D7+ D1\
8x8Trax_2864880 Dawn vs. Elvis : @0/ A0/ A0/ B1+ C1/ D1/ B4\ C4\ @2+ B0\ @4\ E4/ F5\ G5\ A5/ D1/ C6/
8x8Trax_2865854 riaZZZ vs. ypercube : @0/ B1/ @1\ A0\ D2\ C3/ A0+ C5\ D4+ @1\ C1/ B0/ A4\ A0\ C1/ D3/
8x8Trax_2866330 Scoopdedew MIA vs. DavidTrax : @0+ @1+ A2+ @1+ B3+ B0+ B0+ A2\ C1/ A0+ B1/ B0+ C2+ @4/ E2/ A2\ E1+ @4\
8x8Trax_2866748 dawn1968 vs. YankeeFan : @0/ A0/ B1/ C2+ A3/ A4+ @3\ D0\ C6/ E6+ E7\ F7\ D8+ F4/ G5+ E3/
8x8Trax_2866802 Marko vs. goldfreckles : @0+ @1+ B2/ A0\ @2\ C1/ C0/ A2+ A1\ C0/ D1/ D0/ E1/ E0/ D7+ @5/ B7+ E0+ G3+
8x8Trax_2867333 ypercube vs. riaZZZ : @0+ @1+ A2+ @1+ B0/ A1\ B0/ @2+ E1/ D0\ C6\ D5\ E5\ F4+ E6/
8x8Trax_2868380 spitfire vs. keops : @0/ @1/ B0+ @2/ C0\ @1+ @1\ C0+
8x8Trax_2869084 Jesme vs. Piat : @0/ @1/ A0+ A3\ B3+ C3\ D2/ C1/
8x8Trax_2869166 dgb vs. Rogue Trooper : @0/ B1\ A2/ A0/ @2+ A4\ B0\ B0\ D4+ @4\ C7/ A2\ @2\ A1\ E7\ D0/ E1/ G7+ H7\ DRAW
8x8Trax_2869721 spitfire vs. Pepsi Fan : @0/ A2\ B2\ A3\ A0\ @2/ D3/ D2/ A5/ @4\ D5\ C6/ F2\ B1\ A1\ C7\ D7\ E7+ E8\ E4\ F4\ E1/ G4\ G2+ C8/ B7\ @1/ A2/ A4+ B6/ A6\ C8+
8x8Trax_2869755 keops vs. dalkelly MIA : @0/ B1\ A2/ B0+ B0/ C1/ C0/ D1/ A1\ A0\ @4+
8x8Trax_2870182 * vs. riaZZZ : @0+ @1+ A0/ @1\ C3/
8x8Trax_2871478 gramat vs. Marko : @0+ A0+ A0+ @1/ C2\ B4\ D3\ E3/ E2/ E1/ A3/ @3+ @3\ A2+ H3\ G4/ F5\ E0+ H1/ G0+ B2/ A2+ E1\ F8+ D7/ B1+ C7+ B6/ B7+ B8/ A7+ G8+ H8\ H1/
8x8Trax_2873882 Marko vs. Oartkickel of the Wolf Pack : @0+ B1+ A2\ A0\ @2/ @3\ @1\ A0\ D5+ A4+ B1+ @4/ B6/ B0\ @5+ @5/ C0/ A3+ A7+ B8/
8x8Trax_2873906 Rogue Trooper vs. basplund : @0+ A2/ @2\ B0+ B4/ C3+ B0\ A1\ @3/ D6\ E6/
8x8Trax_2873920 * vs. ypercube : @0+ @1+ A2\ A0\ @2/ B4\ D4\ C5/ @3+ F3+ F2/ F1+ E5\ G2/
8x8Trax_2875582 DOTY vs. Chef Jeff 1 : @0/ B1+ @1\ A0\ C3\ D2/ E2/ C4+ E1\ D1\ C1+ C0\ @1\ B0+ B0\ A2\ @2\ B1\ G7\ H7\ H8\ A1\
8x8Trax_2876304 Rogue Trooper vs. washie224 : @0+ @1/ C1/ B0/ B0/ A1/ @3/ B0\ A1\ @3/ D5\ E1/ C0+ E4/ C7+ C0/ E1+
8x8Trax_2876305 washie224 vs. Rogue Trooper : @0+ A0/ A3\ B1/ @2/ @2/ A1/ A0/ B0/ E4+ B6+ D6+ @2+ @2/ B6/ B7/ B1+ D0/ A2\ H7\ G8+ D8/ A8/ A1+ H4/ H3/ E2+ H1+ DRAW
8x8Trax_2876306 Rogue Trooper vs. Jay RAA : @0+ B1\ @1\ C2+ C3/ B4\ A4+ @2/ A1+ A4/ D5/ B0\ @5/ @6/ F7/ G6\ A4\ B3\
8x8Trax_2876307 Jay RAA vs. Rogue Trooper : @0/ A0+ A0/ B1+ C1+ C2+ D2\ D3\ A4/ E2/ E1/ C0/ @4/ @4/ E0\ C2+ E0\ @5\ B4/ B3+ B2\ A4+ D2/ D1/ C7+ A1/ D0/ F8+
8x8Trax_2876308 Rogue Trooper vs. nisqually : @0+ B1\ @1\ A0+ A0/ C2+ D3\ E3\ D4+
8x8Trax_2876309 nisqually vs. Rogue Trooper : @0/ A0+ A0\ @1\ @1+ A0\ @4/ A5/ A1/ D1/ D0/ E3/
8x8Trax_2876310 Rogue Trooper vs. Dragon101 : @0+ A0/ B1\ B2\ @1/ A3\ @2+ B4\ C5/ E1/ E0/ E6+ RESIGN
8x8Trax_2876311 Dragon101 vs. Rogue Trooper : @0/ A0+ B2/ A0/ @1/ B0+ @3\ @2/ E5\ F5\ A5+ D6/
8x8Trax_2876316 washie224 vs. Dragon101 : @0+ A0/ A3\ B3\ @2\ B0/ D2/ A0\ @2/ F3+ F2/ E1/ E0/ F1/ G1/ G6\ C1\ F7\
8x8Trax_2876317 Dragon101 vs. washie224 : @0/ B1\ B2\ B3/ A3\
8x8Trax_2876320 Jay RAA vs. Dragon101 : @0/ A0/ @1+ @1\ C0/ B0+ @2+ B0+ @3+ D6/ C6/ B6+ B7/ @5/ A6/ @4\ A3\ A2+ A1\ A0/
8x8Trax_2876321 Dragon101 vs. Jay RAA : @0/ B1+ C1/ A2+ B3/ B4/ @3+ B5+ D4+ E1/ @4\ E5\ A6/ @6/ F6+ G4/ D7/
8x8Trax_2876322 nisqually vs. Dragon101 : @0/ A0/ @2+ @2\ D1/ A0+ C0/ D1/ E2\ D0+ D0/ B1\ E1+ A2\
8x8Trax_2876323 Dragon101 vs. nisqually : @0/ B1\ B2\ A2+ @2/ A3/ @3/ C4\ A1\ @3\ A2\
8x8Trax_2876958 REBEL DJ vs. YankeeFan : @0+ B1/ B2\ C2\ A2+ C1/ D1/ @2/ C3\ D3\ B4/ E2+ E0+ F1+ F3\ G4/ D0/ A2+ B0\ E7+ C0+
8x8Trax_2877101 Dragon101 vs. kbalakri : @0/ A0/ B1/ B3+ C1/ B4/ A0+ @2\ @2\ A1\ A0\ D1+ A0\ @4+ E0/ F1/ G2\ G7+ G8\ H8\
8x8Trax_2877135 GornTC vs. Chef Jeff 1 : @0+ B1+ B2+ C1+ @1/ A2/ @1+ A0\ A0\ F3+ @2+
8x8Trax_2877230 ypercube vs. riaZZZ : @0/ B1\ B2\ C2+ C0\ A3+ D2/ D1+ C0/ B1\ B0\ @4/ C0/ D1/ E1+ @5\ G3\
8x8Trax_2878577 * vs. YankeeFan : @0/ A0/ B1+ A3+ C2/ @1\ B0/ E2/ D1+ E1+ D0+ E4+ A5+ C0\ @5+
8x8Trax_2878650 dgb vs. ypercube : @0/ @1/ @1/ C2\ D2\ A3\ @2\ A0+ C0+ E2+ @2\ @2\ A1\ D0/ C7/ B5+ @5/ A6/ A7/ B1\ E0+ H7+ DRAW
8x8Trax_2878687 jamestownfan vs. Chef Jeff 1 : @0+ @1+ B2/ A0\ @1+ A0\ @2+ E3+ F3\ F4\ E5\ G4+ H4/ H2+ A3+ A4/
8x8Trax_2878985 nisqually vs. YankeeFan : @0/ A0/ B1+ A3+ @3+ D2/ A2+ @2\ F3\ D4+ F4+ F5+ G4/ G1/ G0/ H3/
8x8Trax_2879962 basplund vs. Uncle Chuckie : @0/ B1/ B0+ A0/ A4\ @1+ @3\ A4\ E2+ A1/ @1/ B0+ F2/ E1\ A6/ @4+ A2+ D6+ D0+ D8\ F8+ G7\ H5+ DRAW
8x8Trax_2880038 SweetCindyJo vs. jazzbeth : @0/ @1/ B0+ @1/ D2/ C0/ @2/ C4+ B4/ F1/ F0/ F5\ E1\ G4/
8x8Trax_2881219 Megababe vs. Dawn : @0/ A0/ @2\ A1\ A0\ B1+ A0/ B1/ B0/ C1/ C4+ A0+ @3/ @1+ D7\ A6+ @3\ C7+
8x8Trax_2881617 Rogue Trooper vs. YankeeFan : @0+ B1\ A0/ @2/ C3\ D3\ A4+ D5+ D6/ E4+ E1/ F4\ D0/
8x8Trax_2882728 Sassy Lassie vs. Megababe : @0+ A0+ A0+ A4+ A0+ @4+ B6+ A1+ B0+ C3\ B0+
8x8Trax_2882774 YankeeFan vs. Rose of Sharon : @0/ A0/ B1+ A0/ @1\ B0/ D3+ @3+ D5+ B5+ @3+ F5\ G5\ E6/ H4+
8x8Trax_2886126 REBEL DJ vs. Traxplayer : @0+ B1+ B2/ A0\ @3\ B0/ C2+ D2/ D1/ E1/ D0\ D0\ C1\ F4\ D5+ F1/ G1+ E0/
8x8Trax_2887645 Chef Jeff 1 vs. bogey : @0+ @1\ B2+ A0/ A3/ B1+ @2/
8x8Trax_2887743 SweetCindyJo vs. Sweetcheeks : @0/ B1\ A2/ B2+ A3\ @2/ D2\ D3\ D4\ E2/ E1/ E0/ C0+ B2\ B1\ A2\ @3/ D0+ G3\ B1/ C0\ A6/ A2/ @5/ H5+ A3/ G2/ H3+ C1+
8x8Trax_2887828 spitfire vs. Geri39 : @0/ A2\ B2\ A0/ A4/ @3\ D4\ C5/ A0\ @2/ C0/ D2+ B0\ A2/ @4/ E2/ @4\ F4\ A3/
8x8Trax_2887832 supermac vs. Rogue Trooper : @0/ A0+ @2/ @2/ @2+ A3+ D3+ D4/ E3\ C0/ D6/ @4\
8x8Trax_2887853 jazzbeth vs. * : @0/ A2\ B1/ @1/ B0+ A0/ @1+ @3\ D5+ A4/ @3\ E6/ F5/ G5/ F6+ B5\ B6+ B7/ A5\ @4+ C1+ E8+ G7+ H3+ A7/ G8+ A8\
8x8Trax_2887885 keops vs. YankeeFan : @0/ A0/ A3/ B2+ A4/ @1+ @2+ B5+ B0\ A1\ A0\ @4+ F6\ F7\ G5/ G4/ D0+ E1/ F3+ H5+ G2\ H3/ D8+ A8+ A1\
8x8Trax_2890226 Rose of Sharon vs. spitfire : @0/ A2\ B1/ B2+ B3\ C3\ D2\ B0/ C5\ D5\ E2+ F1/ E0/
8x8Trax_2891072 Dragon101 vs. Pepsi Fan : @0/ A2\ B1/ B2+ B3\ C3\ C4\ B0/ D4+
8x8Trax_2892942 golfnutrof vs. Dragon101 : @0+ A0/ B2\ @2/ C3\ B4+ B5/ B6/ D3\ @3\ B1+ @1/ C0\ E1+ A5+ G3+ E0+ G1+ H3+ E8+ F7\ G7\ H5+
8x8Trax_2893351 Dawn vs. Elvis : @0/ A0/ A0/ B3\ B4+ A4+ B5+ @4/ D5/ B5/ B6/ D3+ A5+
8x8Trax_2894703 golfnutrof vs. jaha : @0+ A2/ A0+ @3\ C2\ D3/ A1+ B0/ @3\ @3\ @2/ G2/ H3+ E5+ D5+ E6+ G1+ H1/ E7\ D1\ E0+ G7+ H7+ G8/ H1/ C6+ D8+ B6+ B1+ H8+ A6/ C8\ B8+
8x8Trax_2894775 Dragon101 vs. ypercube : @0/ @1/ B0/ @1/ C3+ D3\ D4\ E1+ F3/ E5/ E0/ F2/ G6+ RESIGN
8x8Trax_2894776 dawn1968 vs. Dragon101 : @0/ @1/ B2/ A2/ B3\ C3\ B4/ C1/ D2/ @1\ A0\ C6\ B1/ B0/ E5\ F5\ D7+ E3/ E2/ F2/ G4/ B0\ A1\ @3+ A2+ F2+ F1/ C8+ H3/ B7+ DRAW
8x8Trax_2895483 Rose of Sharon vs. YankeeFan : @0/ A0/ B2/ @1+ C3\ D3\ C1/ B0\ B0\ A1\ @3/ B5+ @2+ A0\ @3/ A1/
8x8Trax_2895608 POPMASTER vs. Megababe : @0+ A2+ A0+ A4+ A5/ B4+ @5\ C1+ A4+ A2/ A1\ C3/
8x8Trax_2899097 DavidTrax vs. Rose of Sharon : @0/ A0/ B1+ @2/ D1\ A3/ @2\ F2/ F0/ G3/ B1\ E0/ A2/
8x8Trax_2899820 riaZZZ vs. ypercube : @0+ A0+ A3+ @3/ A2+ A1+ C1/ D1/ C2+ B4+ C4\ E1/ A0+ E4\ F4\ B1+ @2/ G5\ C6+ C0\ G3/ H3/ D8\ H7\ H8\ A2+ D1/ A6+ A1+ H6+ G1/ E8+ DRAW
8x8Trax_2900351 Megababe vs. Dawn : @0+ A0/ B2+ B3\ C3\ D3+ B0\ D5\ D6\ A4/ C5+ E6+ D2\ E3+ D1+ C0+ E8/ F4+ F3/ @3+ H4\ A4+ A1+
8x8Trax_2900600 princesarg vs. DavidTrax : @0+ A0/ A3\ B3\ B4\ C1+ @1\ A0/
8x8Trax_2901327 Judy vs. YankeeFan : @0+ A2\ B1+ A0\ @1/ A3/ B4\ D2+ @2\ A0+ F3+ @1+ B0\
8x8Trax_2903072 supermac vs. Uncle Chuckie : @0/ B1\ A2/ A3/ @1\ B0/ D2+ C4\ D5/ E2\ A5+ B6/ F3/ E1+ B7/ @7/ A8+ G6+ H3/ C8+ F7+ F8/ A2+ A1\ G8+ H8\
8x8Trax_2903083 princesarg vs. YankeeFan : @0+ A2\ B2/ B1/ C1/ A0\ D3\ C4/ B4/ E2\ @4/ B5\ D6\ E4+ A5+ F1/ G1/ D0/
8x8Trax_2903114 spitfire vs. washie224 : @0/ A0/ B1+ A0\ @2/ D3/ A3/ C4\ @2\ A1\ @3/ A4/ A5/ G2/ G1/ D0\ C7/ F7\ G7\ E8\
8x8Trax_2903117 Rogue Trooper vs. * : @0+ @1+ A2\ B0/ C1/ D2/ C3+ @3/ A4/ B1\ D0+ C0/ A3\ @5\
8x8Trax_2903956 Scoopdedew MIA vs. DavidTrax : @0+ @1\ @1/ C2/ C3/ C4/ D1\ E4+ C5/ D0\ E2+ C0+ C0\ A1+ E2/ A6+
8x8Trax_2903993 Silent Player vs. Megababe : @0+ A0+ A0+ @2/ C2/ A1+ B0+ C4+ B5+ B0/ C1/ D1/ B7+ B8/ A8/
8x8Trax_2904768 balmoral vs. keops : @0+ @1+ B2/ B0/ A4\
8x8Trax_2905319 KOOKY vs. Fallen Angel : @0+ @1/ C1/ C0/ C3\ D2/ @2\ A1\ C0/ D1/ D0\ B1/
8x8Trax_2906036 drgnrdr vs. basplund : @0/ @1/ A2/ C2+ A3/ D1\ B0/ A5+ @2+ E5\ B6+ F4/
8x8Trax_2906051 Pepsi Fan vs. YankeeFan : @0+ A0/ B1\ @1\ A0\ @1\ D3+ D4\ C1/ C0/ B4+ E4+ A5/ @3+ D5+ G4+ B6+ H4+
8x8Trax_2906112 birddog8560 vs. Rogue Trooper : @0/ A0+ @1/ A2/ @2\ D1+ C3/ B0/ B0/ A3\ D1/ D0/ D6\ E4+
8x8Trax_2907363 DavidTrax vs. Rose of Sharon : @0/ A0/ @1/ A2/ C2+ A3/ D1\ C0+ A5+ @3+ E5\ C6+ F3\
8x8Trax_2908517 Dawn vs. Elvis : @0/ A2\ B1/ B2+ B3\ C3\ C4\ D4\ A4/ B5\ @2/
8x8Trax_2911444 Traxplayer vs. grade1teacher : @0/ A2\ B2\ B3+ @2+ B0/ D4+ A1\ A0\ @2+ @3+ @4\ A5+ E6+ H5+
8x8Trax_2912297 Scoopdedew MIA vs. DavidTrax : @0/ @1/ A2/ C2+ C3\ C4+ D3/ @1\ A0\ A5/ E2/ B6/
8x8Trax_2913132 spitfire vs. LilSis : @0/ B1\ B2\ B3\ B0/ C1/ @2\ A1\ A0\ @3/ A4/ C5/ D6\ A5/ A6/ E0/ F2\ @2\ A1/
8x8Trax_2913166 Linda Sue vs. Pepsi Fan : @0+ A2+ A3/ B1\ @1\ A2+
8x8Trax_2913315 DavidTrax vs. Rose of Sharon : @0+ A0/ B2/ @2\ B0\ @2/ @2/ @2+ B4/ A4/ A5/ @2/ F5\ D6+ G1/ H1+ F0/
8x8Trax_2915959 basplund vs. csain1 : @0/ A2/ B1+ A0+ B1+ A0/ A5/ @2+ @3+ @4+ F3/ G3/ F1+ G4\ H4\ A3\ A2\ A1\ D0+ C7\ F6+ D0\ C1\ F2/ H2+ H1/ A2+ DRAW
8x8Trax_2916170 ypercube vs. * : @0/ B1\ A2/ @1+ C0/ D2\ D3\ B4/ B5/ @2/ D5\ C6/ @4+ D1\ E0/ @5/ C2/ B2/ C1/ D0+ A2\ A1+ H4+ H3/ H6+ H7\ A5+
8x8Trax_2916171 * vs. ypercube : @0/ B1/ A0\ @2/ C0/ D2\ C4+ C0/ @4/ C0\ B3/ A3+ A7/ @7/ D0+
8x8Trax_2917374 Cinnamon vs. FujiTape : @0/ B1\ B2\ A0/ A3/ A4/ B4+ C4\ C5\ D5\ @4/ D6+
8x8Trax_2917456 birddog8560 vs. Phil The Hat : @0/ A0/ @1/ B0+ C3/ C4/ @2/ @2/ C3+ E2+ F2/ F1/ A0+ @1\ G1+ F0/ H2\
8x8Trax_2917775 Noin vs. Dragon101 : @0+ A2/ A0\ @1\ B0/ C1\
8x8Trax_2918580 dl2 vs. jazzbeth : @0+ A2/ B1\ @2/ B3/ @2/ A3\
8x8Trax_2918994 Rogue Trooper vs. SweetCindyJo : @0+ @1\ B2/ A0/ C3/ B1/ D2+ @2\ D4\ E3+ A4/ C0+ @5\
8x8Trax_2919052 jaha vs. Traxplayer : @0/ @1/ A2+ C1+ B3+ B0\ B0\ D4+ E4\ E6+ E3/ F4\ D2+ G5+ @4/ B1+ A2\ B5+
8x8Trax_2919400 ypercube vs. Dragon101 : @0/ @1/ A0+ B3+ A0/ A0/ C2+ A0/ D1+ A0/ B8/ C6+ D5+ E5\ F6/ @3/ A6/ @5+ G3/ H3+ H2/ DRAW
8x8Trax_2919640 riaZZZ vs. * : @0+ B1+ A0/ A3/ C2/ B0\ @1\ C0\ A4/ @4/ A3+ A5+ @4+ B1/ B0/ B0/ A4+ @4\ E2+ @4\ F0/ G2+ G1+ H1+ C8/ B1+ B7+ H8/ A8/
8x8Trax_2919642 * vs. riaZZZ : @0/ @1\ A0/
8x8Trax_2920359 Pepsi Fan vs. * : @0+ B1+ A2\ B0/ A1+ @1\ A0\ @1\ C0/ C0+ D1/ E4/ B5+ D0/ F4\ F7\ G6/ E8/
8x8Trax_2920410 ypercube vs. Rogue Trooper : @0/ A0+ A3/ A0/ @2\ A5\ C5/ C4+ @3\ C6+ E5+ E4/ A1\ C0/ D3+ @2\ F1/ G3/
8x8Trax_2920493 riaZZZ vs. * : @0/ A2\ B2\ @1/ B3+ B4/ @4/ @2/ D5/ E5/ B1+ A0/ A4/ @1+ C6/ E7/ B6+ C0\ @1/ C8\ A4+ @3/ C8\ A6/ A7/ H2\ B8+ A2\
8x8Trax_2920728 riaZZZ vs. ypercube : @0/ @1/ B2+ A0+ C3\ D3\ C1+ C4+
8x8Trax_2922076 Dawn vs. Elvis : @0/ A0/ B1+ A0/ B0/ C1/ C0/ C3\ D1+ D4\ E3+
8x8Trax_2922232 BigDaddyTuaine vs. Megababe : @0+ B1\ C1/ B0\ A3\ B3\ D3\ C4/ D1\ B0/
8x8Trax_2922320 Noin vs. Dragon101 : @0+ A2/ A0+ @3\ B0+ A1/ B0+ C3/
8x8Trax_2923227 keops vs. Nancy :
8x8Trax_2923629 dl2 vs. jazzbeth : @0+ A0/ A3\ B3\ C2\ A4+ D1/ D0/ E1+ A1\ C4\ @2\
8x8Trax_2923631 dl2 vs. jazzbeth : @0+ A0/ A3\ B1/ B0/ C4+ A0\ @1\ D6\ D7\ B6/ E6+
8x8Trax_2923703 Megababe vs. BigDaddyTuaine : @0+ @1\ B2/ @2/ B3\ @1\ B0/ D0/ E2\ C0\ B1\ @5/ B2+
8x8Trax_2923824 Dragon101 vs. ypercube : @0/ B1/ B0/ C2/ D2/ B3+ D1/ D4\ E2+ @1\ C0+ D6/ C6/ B5+ F5\ G3\ A4+ F7+ A1\ B0/ @3+ F1/ DRAW
8x8Trax_2923825 ypercube vs. Dragon101 : @0/ @1/ B2/ B3/ A0/ A0/ @3+ A4/ D3+ D2+ A6/ @6/ E6\ F4/ D7/
8x8Trax_2924798 tburgoon vs. SweetCindyJo : @0+ B1+ A2\ B0/ C1/ D1+ D0/ B1\ B0\ A3\
8x8Trax_2926211 rogerrabbit vs. Rogue Trooper : @0+ B1+ B2/ B0/ C3/ B4/ @4/ A5/ A2\ @4+ C1+ E5\ C6/ F5/
8x8Trax_2926221 * vs. YankeeFan : @0/ A0/ @1/ B0+ B0\ A4/ @1+ @4\ C5/ E4+ F4/ F2+ D6+ C7\ F6\ G4/ E7\
8x8Trax_2928723 DavidTrax vs. Rose of Sharon : @0/ @1/ @1/ A0/ @2/ E2\ E3\ D3+ E1/ F3+ C4+ D4\ A5/ @4\ E5\ E6+ F4+ E1+ D0/
8x8Trax_2928745 Dawn vs. Elvis : @0/ A0/ B1+ A0\ @3/ D3/ B4+
8x8Trax_2928751 Dawn vs. Elvis : @0/ A0/ B1+ A0\ @3/ B0\ B5+ D4\ B6/ D5\ D6\ D3/ C7+
8x8Trax_2929093 Rogue Trooper vs. drgnrdr : @0+ B1/ @1/ B2/ A0/ D2/ @2/ A3/ D3+ B4+ C5+ F2/ F0+ D0+ B1+ D8/ E8+
8x8Trax_2929167 psychospaz mom vs. spitfire : @0+ B1\ B0/ C2\ A1+ @2/ A3/ C0\ B1\ E4\ E5+ E6/ D6/ C5/ C0/ D1/ B0\ A1\ A2/ @2\
8x8Trax_2929255 Scoopdedew MIA vs. DavidTrax : @0/ @1+ A0+ @1+ D1\ @1\ C0\ A3/ E1/ C4/
8x8Trax_2929798 gramat vs. Marko : @0/ B1\ A2/ A3+ A4\ B4\ B5\
8x8Trax_2931482 ypercube vs. dgb : @0/ @1/ B2/ C1+ D1/ D0/ B1+ @1+ A3/ @3/ G2\ G3\ E4/ A4+ H2+
8x8Trax_2933003 spitfire vs. dl2 : @0/ A2\ B2\ B3+ A0\ @1+ B0/ C1\
8x8Trax_2933004 dl2 vs. spitfire : @0+ @1+ B2/ B0/ A1+ @1\ A2/ B0+
8x8Trax_2933005 spitfire vs. basplund : @0/ A0/ B1+ A0/ A0\ @2/ D4\ C5/ A3+ D3/ E2\ F2\ C1+ F4\ G4\ G2+ H3\ G5\ C6/ H4+
8x8Trax_2933006 basplund vs. spitfire : @0/ B1\ A2/ A3/ B2+ @2/ B4\ @1\ C0/ @3/ B4+ A4+ C5/ D6\ E6\ F4/ G4/ E0/ F3+ C7/ E0\ D1\ H5+
8x8Trax_2933007 spitfire vs. Izeul : @0/ A2\ B2\
8x8Trax_2933008 Izeul vs. spitfire :
8x8Trax_2933009 spitfire vs. DFeaster : @0/ A2\ B2\ C2\ A0\ @1\ B4/ A3\ @2/ C5+ B5\ D2/ D0/ C7+ E2/
8x8Trax_2933010 DFeaster vs. spitfire : @0+ @1+ A2+ @2\ @1\ A0\ @2\ F2\ F3\ E4\ G3/ B0/ C1/ D6/ C6/ B6/ A5/ @3\ C7/ B6/ E2+ E0\ F2/ G3+ A7/ A8/ B3\
8x8Trax_2933011 dl2 vs. basplund : @0+ A0/ A3\ B2\ C2\ C3\ D3\ A4+ E2/ F2/ E1+ C0+
8x8Trax_2933012 basplund vs. dl2 : @0/ A0+ B2/ A3/ @3/ A4/ @1+ @3\ C5/ A2+ E6+ A1+ F5+
8x8Trax_2933017 basplund vs. Izeul : @0/
8x8Trax_2933018 Izeul vs. basplund :
8x8Trax_2933019 basplund vs. DFeaster : @0/ B1\ A2/ A3/ B3+ C2+ D2/ E2/ C0+ D0\ D5/
8x8Trax_2933020 DFeaster vs. basplund : @0+ A0/ @1\ A0/
8x8Trax_2933045 Falsecut vs. YankeeFan : @0/ A0/ @2+ A3+ @2+ D2\ D3\ E3\ B0\ D5+
8x8Trax_2933046 YankeeFan vs. Falsecut : @0/ B1\ B2\ C2+ C3+ D1/ B0+ D3+ D4\ E4\ E5\ F3/ E6\ B4+ B6/ B7/ A4+
8x8Trax_2933051 Daddy Doyle vs. YankeeFan : @0+ A2/ @1+ B0/ A4\ @3\ D2/ D3+ C0/ D6\ E6\ A6/ @5+ D7/
8x8Trax_2933052 YankeeFan vs. Daddy Doyle : @0/ A0/ A0/ @1/ C1+ C0/ B1+ A3+ D1/ D4/ C0+
8x8Trax_2933057 YankeeFan vs. Geri39 : @0/ B1\ B2\ A2+ @2/ B3\ @2/ D3\ A1\ C0/ @2/
8x8Trax_2933058 Geri39 vs. YankeeFan : @0+ A2+ A0/ B3/ @2\ B4/ A0\ @3\ C0/ D1/ E2\ E5/ E0/ F4+
8x8Trax_2933059 YankeeFan vs. rednose426 : @0/ A2\ B1/ B0/ @3\ C3+ D3\ C4/ D5\ E5\ A5/ @5/ D6/
8x8Trax_2933060 rednose426 vs. YankeeFan : @0+ A2\ B2/ @1+ B0\ C2+ A3+ @3/ A2\ B4+
8x8Trax_2933067 nisqually vs. Rogue Trooper : @0/ A0+ B1\ A0/ C3\ A4/ @4/ D1/ C0\ E4/
8x8Trax_2933068 Rogue Trooper vs. nisqually : @0+ @1+ A2\ B0+ @2/ @3\ E2/ C1\ D4/ C5\ @5+ A6/ A1\ @3/ B0/
8x8Trax_2933073 dolly vs. Rogue Trooper : @0+ A0/ B2+ A3/ @3+ @2/ B1+ C0/
8x8Trax_2933074 Rogue Trooper vs. dolly : @0+ @1/ C1/ C0/ C0/ A2+ B4+ @2\ A0+
8x8Trax_2933077 sunshinesmom vs. Rogue Trooper : @0/ A0+ @2\ B0/ C1/ D1/ C0\ D4\ D0/ C6/
8x8Trax_2933078 Rogue Trooper vs. sunshinesmom : @0+ A2\ B2/ B1/ @1/ C0/ C0/ D2\ A1\ E2\ @2/
8x8Trax_2933081 Rogue Trooper vs. Pepsi Fan : @0+ @1/ C1/ @1/ B0/ B0/ B4+
8x8Trax_2933082 Pepsi Fan vs. Rogue Trooper : @0+ A0/ B1\ A3/ B2+ B3\ A4/ C2/ @2/ A4/ D4/ D5/ E3+ @2+ @4+ D0/ B6+ C2+
8x8Trax_2933083 Pegasus vs. B Line electric streetcar : @0+ @1+ B0/ A3\ A1+ C2\ D2\ E2\ C4\ C5\ D4\ A5/ @4/ C6/
8x8Trax_2933084 B Line electric streetcar vs. Pegasus : @0/ B1/ B0+ B0\ B4+ C4/ @4\ @3\ D5/ E3+ E1/ E0/ F4/
8x8Trax_2933087 Pegasus vs. ypercube : @0+ A2+ A0/ @1\ A0\ @1\ @1\ A3+ @2/ F3\
8x8Trax_2933088 ypercube vs. Pegasus : @0/ B1/ B0\ A3/ A1\ @2/ C4/ A3/ @2+ B1\ @2/ C0/ A2\ A1/ @2/
8x8Trax_2933091 B Line electric streetcar vs. Shariann : @0/ B1\ B2\ B3\ A2+ C2\ A4+ @4/ B5+ @3\ A2\ @4/ A5/ A6/ @6/ A7/ B1/ E0/ @2\ A1\ H4+
8x8Trax_2933092 Shariann vs. B Line electric streetcar : @0+ @1+ A2\ A0\ @1+ C1/ C0/ C0+ @4/ A5/ A6/ A7+ @7/ E7\ F6\ E8/
8x8Trax_2933093 B Line electric streetcar vs. ypercube : @0/ @1/ A2+ A3/ @1+ A0+ @2/ D0/ E1/ E3+ D5+ F5/ E6/ G6+ G7\ H7\ E8+ F4/ B6\ B7+ A7/ A8/ H4+ A4+ H3+ G2+ G1/ H1+ A2+ A1+ C8\
8x8Trax_2933094 ypercube vs. B Line electric streetcar : @0/ @1/ C1/ A2+ @2/ @2/ B1+ D0+ C0/ RESIGN
8x8Trax_2933095 B Line electric streetcar vs. Scoopdedew MIA : @0/ A2/ A3/ @3+ B4+ C4+ B5/ @3/ A2+ E2+ C0+ C0/ B1+ E2/ F2/ @4/ G4/ H3\ F1+ H5\ H6+ G7/ G0/ H2+ B1/ A2\ B7\ RESIGN
8x8Trax_2933096 Scoopdedew MIA vs. B Line electric streetcar : @0/ A0/ B1/ A0+ @2+
8x8Trax_2933097 Shariann vs. ypercube : @0+ A2+ A0+ A0+ A0+ @2\ C2\ D2\ B0+ D5\ E5\ A6\
8x8Trax_2933098 ypercube vs. Shariann : @0/ B1\ B2\ C2\ B3/ A3/ @2+ B4\ B5\ C4+ A5/ A6/ @4\
8x8Trax_2933101 ypercube vs. Scoopdedew MIA : @0/ A2/ B2\ B3\ B4\ C4\ C0\ B6+ A5/ @5/ A6/ A7/ @7/ A8/ B1+ F6+ @3+
8x8Trax_2933102 Scoopdedew MIA vs. ypercube : @0/ @1/ @1/ @1/ B2+ A0+ E3\ D4+ D0\ E2+ B5/ D6/ @3\ F6\ RESIGN
8x8Trax_2933115 Guyver vs. jazzbeth : @0+ A0/ B1\ A3/ B3+ B4\ A5/ @5/ B6+ D3+ D5+ C7/ E3/ A7+ @7/ D8/ F4\ G3/ F6/ B1/ A3\ @3+ A2\ H5\ H2+ A7/ B1+ H1/
8x8Trax_2933116 jazzbeth vs. Guyver : @0/ A2\ B2\ B1+ A3+ @3/ @3/ B1+ B4+
8x8Trax_2933117 Guyver vs. keops : @0+
8x8Trax_2933118 keops vs. Guyver :
8x8Trax_2933119 Guyver vs. ginifish : @0+ A2+ A3/ A4\ B2\ B4+ B5\ C5\ D4\ D2\ D5+ C6/ @4/ A5/ A6/ @6/ D7+ F1/ G3+ E8+ G1/ H1/ H4\ H5\ E1\ B2\ G6/ A8\ C8\
8x8Trax_2933120 ginifish vs. Guyver : @0+ B1/ B2\ C1/ C2+ A0+ @2/ D4\ E4\ F4+ F5\ F1/ E0/ G3/
8x8Trax_2933121 jazzbeth vs. keops : @0/
8x8Trax_2933122 keops vs. jazzbeth :
8x8Trax_2933123 jazzbeth vs. ginifish : @0/ @1/ A2+ @1\ B0/ B0/ B0/ A1/ A2+ @1\ C0/ A1+ D2+
8x8Trax_2933124 ginifish vs. jazzbeth : @0+ A2/ A0\ @1\ @3\ C0+ D2+ @4\ C0/ C0/ E1\ B1\ C0/ A2+ A5\ F5/ G4+ B1\
8x8Trax_2933125 keops vs. ginifish :
8x8Trax_2933126 ginifish vs. keops : @0+
8x8Trax_2935162 Scoopdedew MIA vs. DavidTrax : @0/ @1/ @1/ @1/ B2+ D0/ E1/ B0+ B5/ @3/ D0/ @6/ A7/ A2+ @5/ C1+
8x8Trax_2935307 grade1teacher vs. ypercube : @0/ @1/ B2+ B0\ A1+ @3/ A4/ A5/ @3\ B2+ A2+ D0/ E1/ @3\ G1\ F3+ G2\ G0\ D1+ B3+
8x8Trax_2935322 marlisam vs. keops : @0+
8x8Trax_2935965 riaZZZ vs. ypercube : @0/ B1/ @1\ A0\ B1+ C3/ @1\ C0/ B0+ E5\ E2/ D1/
8x8Trax_2937183 Miss Traven vs. Lore_Lamia : @0+ @1\ A2\ C1\ @1+ C3\ @1\ C3/ F2\ B0+ D1\
8x8Trax_2937502 * vs. dalkelly MIA : @0/ B1\ A2/ @2/ A0+ @2\ @3\ E3+ C4/ B5+ A2\ A1\ D0\ C6+ @6+ G3\ G6/ B0+ C8/ @6+ B1\ A2+ G2\ E8\ G1+ DRAW
8x8Trax_2938497 Megababe vs. Dawn : @0+ A0/ A3\ B2\ C2\ B3\ C3+ A4/ @3\ @2/ D0\ @3\ C2+ F0/ G1+ C1\ B2\
8x8Trax_2938922 Dawn vs. Elvis : @0/ @1/ A2+ C1/ C0+ D1/ C4+ B0/ D4+
8x8Trax_2938923 Dawn vs. Elvis : @0/ @1/ B0+ C1\ D2\ D3\ C3+ @2/ F3\ F4\ F1/ E0\
8x8Trax_2938944 Dawn vs. Elvis : @0/ A0/ B1+ A0/ @1\ A0\ C5\ D5\ @1\ E4/ F3\ F2\ A5/ C6\ @4/
8x8Trax_2938945 Dawn vs. Elvis : @0/ A0\ @2\
8x8Trax_2940695 Shariann vs. spitfire : @0+ @1+ A2\ B0/ C1+ A1\ A0\ @4/ A5/ A1/ @1\ B0/ F3+ C0/ D1/ A2\ A1\ C0/ E2\ D4/ @3+ C6\
8x8Trax_2942554 jazzbeth vs. REBEL DJ : @0/ A2+ B1/ A3+ C2+ A4+ D1\ E2/ C3\ @2/ F4\ F5\ G3\
8x8Trax_2943381 ypercube vs. dgb : @0/ @1/ A2\ C1\ B2+ B3\ RESIGN
8x8Trax_2943866 DavidTrax vs. Rose of Sharon : @0+ B1\ @1\ B2/ @1\ C0/ D4\ E2\ A4/ C5\ @3/
8x8Trax_2944031 rogerrabbit vs. drgnrdr : @0+ @1/ C1/ C2/ B3\ D1+ D0/ A5/ @5/ E5\ B6+ F4\
8x8Trax_2944659 Dawn vs. Elvis : @0/ A0/ B1+ A0/ @1\ A0\ @1\ B5\ @4+ F5\ D6/ F3/ G2\ G1\ G5+ H3/ H5+
8x8Trax_2945638 Linda Sue vs. GlassTiger : @0+ @1/ C1/
8x8Trax_2948729 FujiTape vs. Pepsi Fan : @0/ B1\ A2/ A0/ B3\ A4/ A5/ C1/ B0\ B5\ A0\ @2/ C7\ C8\ E4+ A6/
8x8Trax_2948730 FujiTape vs. Pepsi Fan : @0/ B1\ A2/ A0/ A4\ B4\ B5\ C3/ A6/ @6/ C7\ D7\ E4+ A1\ A0\ @7\
8x8Trax_2948731 FujiTape vs. Pepsi Fan : @0/ A2\ B1/ C1/ A3/ @2\ @1/ E2\ F3/ C0+ @3/ A4/ H4\ H5\ C4/ C5+
8x8Trax_2948732 FujiTape vs. Pepsi Fan : @0/ B1\ A2/ A0/ A4\ B4\ B5\ C3/ A6/ @6/ C7\ D7\ E4+ A5\ @6/ B1\
8x8Trax_2950812 terence vs. Megababe : @0/ B1\ B2\ C2\ @1\ B0/ B0/ D5/ D6\ E5/ F1/ E0\ E7+ B5+ C6/ C8+ B8/ @4\ B6\
8x8Trax_2951649 Sherry vs. GringoNZ : @0/ @1/ B0+ A3\ B0+ @3+ C0+ A2\ @2\ E2/
8x8Trax_2951924 Dawn vs. GringoNZ : @0/ A2+ B1/ C1\ D1\ B0+ A0/ @1+ F3/ D1+ D0+ E1/ F2/ C6\ D5+ @3\ H3+ D0\ C1\ A1+ A0\
8x8Trax_2951931 dgb vs. GringoNZ : @0/ @1/ A2+ C1\ @2\ B3/ B4/ C3+ C5+ D4\ C6/ C7/ D0/ E1+ D3+ E5\ E2+ F2\ D8\ E3+ F4+ @5\ G7+ @5/ C6+ DRAW
8x8Trax_2952283 imdoracle vs. GringoNZ : @0+ @1+ A2\ B0/ @2\ @2\ C4\ B3+ D5\ E3+ E2+ B5/ A4/
8x8Trax_2952353 Miss Traven vs. Lore_Lamia : @0+ B1/ A2+ @1\ B3/ A0/ A4+ B1+
8x8Trax_2952523 DavidTrax vs. Rose of Sharon : @0/ A0/ B1\ B2\ A3/ B3+ C2\ @3/ C4\ D5/ A0\ @3+ E1/ E0+ F2\
8x8Trax_2952802 Nancy vs. spitfire : @0/ B1\ B2+ A2+ B3\ B4\ @1\ B0/ D2+ B5/ B6/ @2/ A3+ E4/ A6/ C7/ D0\ D8\ F4+ G4/ G3/ G5\ H5\ H4/ H3+
8x8Trax_2952827 ryry vs. Chef Jeff 1 : @0/ B1\ A2+ A3+ B2+ B3\ @2+ D3+ E2+ B4/ B5+ A4+ @4+ @4+ F4+ G3+ @4+
8x8Trax_2952965 Miss Traven vs. Lore_Lamia : @0+ B1\ A2/ A3/ @2+
8x8Trax_2953043 spitfire vs. Geri39 : @0/ B1\ A2/ B2+ C2\ B3\ A0\ @1\ D4+ A2/ D5/
8x8Trax_2953858 Miss Traven vs. Lore_Lamia : @0+ B1/ C1+ B0\ A1\ @2\ B3/ A1\ A0\ A0\ @4\ A3\ @3\ B1/
8x8Trax_2953881 Rose of Sharon vs. YankeeFan : @0/ A0/ A3/ B2+ A4/ @1+ D2\ B5/ @2\ E6+ F6\ A6/ A7+ @6\
8x8Trax_2953923 DavidTrax vs. GringoNZ : @0/ @1/ A2+ B0\ @2/ C4/ C5/ @2/ @2/ A1/ B4/ F3\ B5+ E6/ A5\ @5\ H2/ H1/ H0/ G6+ E1\ E8/ D8/ A7+ G8\ DRAW
8x8Trax_2955072 GringoNZ vs. jbdobie : @0+ @1+ C1\ @1+ @1\ A0\ E1/ F2\ D3/ E0\ D1\
8x8Trax_2955871 spitfire vs. DINGEROO : @0/ B1\ A2/ @2+ D1/ D0/ A4\ C1\ D0/ E2+ C1\ D0/ F4\ E5/ E6\ F6/
8x8Trax_2956112 Dawn vs. Elvis : @0/ @1/ B0+ @2/ A3/ A0\ @2+ D1/ B0\ A2\ @2\ A4+ B1+
8x8Trax_2957207 Scoopdedew MIA vs. DavidTrax : @0/ @1/ B0/ @1/ B3/ D3+ B4/ B5+ A5/ E1/ D0\ E6\ F5\ E7/
8x8Trax_2957401 birddog8560 vs. Rogue Trooper : @0/ A0+ B1\ A0/ C1\ C0+ C0/ D1/ D0/ A7/ E2+
8x8Trax_2958099 * vs. riaZZZ : @0/ B1\ B2\ B0\ @2+ D1/ B0/ A0\ @1\ A2+ A0+ @1\ E1/ F3/
8x8Trax_2958610 DavidTrax vs. **Lover of Darkness** : @0/ A0/ @2+ B0/ @1/ D2/ D1+ A2+ @2/ @2/ C3+ E0/
8x8Trax_2959055 drgnrdr vs. grade1teacher : @0/ B1\ A2/ @2+ @1/ A0+ A0/ C0+
8x8Trax_2959060 jaha vs. csain1 : @0/ A0/ B2/ A3+ C3/ B4/ D3+ A5\ @4+ @4/ A6+ B1\ B0\ A2+ @6\ E2/ H4+
8x8Trax_2959061 basplund vs. ypercube : @0/ @1/ B0+ @1/ B0/ C4+ A3/ D1/ D0/ @2+ C1/ C0/ B7/ A7/ @4+ @7+ @6/ B8+ B4+ C2+
8x8Trax_2959068 YankeeFan vs. marlisam : @0/ B1\ B2\ C2/ C1/ C0/ D3\ C4/ @2\ A1\ @1+ C1+ @1+ C0/ F1/ G5\ E6\ H4\ E0+
8x8Trax_2959159 golfnutrof vs. Traxplayer : @0+ B1+ B0\ A3/ B0+ @2\ A1\ C0/ D3\ E3\ F3\ D5/ C6\ G1+ G0/ G7+ H3/ F8+
8x8Trax_2959194 keops vs. GringoNZ :
8x8Trax_2960381 Dawn vs. Elvis : @0/ B1+ A2/ B3\ C3\ C2+ C1/ D2\ E2\ D3\ E3+ E4\ D4+ F3\ F1/ E0\ G3\
8x8Trax_2961833 basplund vs. Dawn : @0/ A0/ B1/ A3+ @2/ C4/ D4+ B5\ A4+ B6\ E6+ C7/ C8/ E2+ F4/ G4/ G3/ @3+
8x8Trax_2961927 GringoNZ vs. Dawn : @0/ A0/ @1/ B0+ C3/ A3+ @3\ D1/ D0/ E1/ A1\ @4/ A1/
8x8Trax_2962812 Dawn vs. GringoNZ : @0/ A2+ B1+ A3/ C1\ D1\ A4\ B4+ E3\ E4\ C0+ F4+ @2/ A1+ B6\ G6\ @4/ A5/ E6\ F7/ H8+ C7/ DRAW
8x8Trax_2963477 ypercube vs. riaZZZ : @0/ B1\ A2/ @2+ A0/ B1+ B4\ C4\ D2/ D1/ C5\ D4\ E4\ E1/ E5/
8x8Trax_2963581 dawn1968 vs. spitfire : @0/ A2\ B2\ C2\ B1+ D2\ B3/ E1/ E0/ F3\ F4\ D5/ D1\ D0\ C2\ C6+ G4+ D7/ G7\ E8+ H6/
8x8Trax_2965074 Rogue Trooper vs. Uncle Chuckie : @0+ B1\ @1\ A0\ B3/ B4/ @4+ E2\ A0/ @5\ A0\ @3+ E1/ G3/ F1\
8x8Trax_2966442 DavidTrax vs. **Lover of Darkness** : @0/ A0/ @2+ C2/ @2+ D3/ E3+ B3+ E1+ B0/ F3\ D1+ G3+ A2+ @3+
8x8Trax_2967042 birddog8560 vs. Dragon101 : @0/ A0/ @1/ A2/ C2/ @2/ C3\ E2/ B0+ B5+ @5\ B6\ A1+ @4\ @4+ G2/ C7+ B5+ A7+ A8/ B1/ F6+ G6\ G7\ D8+ F8+ H1\ DRAW
8x8Trax_2968565 supermac vs. jazzbeth : @0/ @1/ B0/ A0/ C3+ A4/ A5+ @5+ C1/ C6+ A1+ @3\ C0+
8x8Trax_2969141 ypercube vs. riaZZZ : @0/ @1/ C1/ A2/ A0/ B4+ B1+ @3/ @1+ D0\ C0/ C0/ @1+ C0+ @1/ B6+ G2+ H2+ H4\
8x8Trax_2969604 Rogue Trooper vs. Dragon101 : @0+ A0/ B1\ B2\ C2\ C3\ @1/ B0/ @1+ C0/ E6+ F1+ C0/ G6\ G7\ C8+ B8/ A7+ H7+ F8+ G1+ DRAW
8x8Trax_2969821 Dawn vs. Elvis : @0/ A2\ B1/ B2+ B3\ C3\ C4\ @1/ E3+
8x8Trax_2969839 GringoNZ vs. Dawn : @0/ A0/ @1/ B0+ C3/ C1+ D1+ A3+ @2+ @1/ A0+ A0\ @3/ D6\ @3+
8x8Trax_2969984 Phil The Hat vs. Uncle Chuckie : @0/ B1\ B2\ C2\ D2+ D3/ C4+ E3/ D4+ F2+ G2+ D5/ F4\ F5\ G1\
8x8Trax_2970023 keops vs. spitfire :
8x8Trax_2970028 Rogue Trooper vs. golfnutrof : @0+ @1/ C1/ A2/ A0/ @1+ B4+ D3+ B5+ C0\ @4/ B6+ C0+ C8/ A7+ A8/ @8/
8x8Trax_2970039 Geri39 vs. GringoNZ : @0/ @1/ C1/ B0\ D1/ B0+ D1+ B4+ E1\ B0+ F2/ F1/ E4\ F4\ G3\ C6\ D5+ G5\ F6+ H3\
8x8Trax_2970095 Traxplayer vs. dgb : @0/ @1/ A0/ @2+ B3+ D2/ C4+ C5/ @2\ F3+ E5+ B3/ @2\ A0+ @1\ B5+ A4/ C6/ E0+ B8/ A7\ F2+ G1\ H2/ G8/ A1\ A8/ H8+ F8/ E7+
8x8Trax_2971668 stormy rebel vs. Dragon101 : @0/ A0/ B2/ B1/ C2/ C1/ D2/ D3/ C3/ A3/ E3/ E4/ F3+ A4+ F5\ G5\ E2/ E6+
8x8Trax_2972545 Cinnamon vs. FujiTape : @0/ B1\ B2\ A0/ A3/ A4/ B4+ C4\ C5\ C3+ B6/ D6\ D7\ @3+ D7/ D8/ F6/ E5+ G7\
8x8Trax_2973670 Marko vs. balmoral : @0+ A0+ A0+ A4/
8x8Trax_2974962 dgb vs. ypercube : @0/ B1\ A2/ A0/ A0/ @1/ @1/ C5/ B2+ B0+ E2/ E1/ C0\ E6\ F1\ C8/ A8+ @3/ H5\ A6+ G6\
8x8Trax_2976659 Uncle Chuckie vs. YankeeFan : @0/ A0/ B1/ C1+ D1+ @1\ B0/ D4\ E4\ E5\ F3/ A5/ G3/ A6\
8x8Trax_2977211 ypercube vs. riaZZZ : @0/ B1\ A2/ A0/ @1/ B4/ D2\ @1/ F1/ E0\ F4\ G4\ H4+ D1\ G5\ G2+ B4+ A3+ D5/
8x8Trax_2978185 DavidTrax vs. Rose of Sharon : @0+ A0/ A0/ B2+ @1\ B0/ @3/ B4+ B5/ A5/ A6/ @4+
8x8Trax_2979105 KOOKY vs. Sista : @0/ @1+ @1\ C0/ A3/ @3\
8x8Trax_2981170 Elvis vs. Dawn : @0+ A0/ @1/ C1+ C0/ B1+ C4\ D4\ D1\ A4\ C5\ @1\ A0\ A5/ @3\ C6/
8x8Trax_2981174 Elvis vs. Dawn : @0+ A0/ A0/ @2/ @3/ D2+
8x8Trax_2981356 grade1teacher vs. Phil The Hat : @0/ @1/ B0+ B0/ B0/ @4/ C0\ B1\ A3+ @3\ C0+ C0\ @7+ @6+ D1\ E8+ G5+ @5\ A4\ B7/ B8/ B4+ E4+
8x8Trax_2981357 Dionysos vs. YankeeFan : @0+ A2\ B1+ B0/ A1+ @1\ C0/ D1/ A0\ B0+
8x8Trax_2981372 drgnrdr vs. Daddy Doyle : @0/ @1/ B2/ @1\ B0/ A3\ @3\ C4/ C5/ @4+ A6+ D6+ @3/ @4\ B5+ C2+ @2\ C1/ E7/ A4+ B6+ D8+ B7+ E8+ C8/ H7+ DRAW
8x8Trax_2981427 Sea Breeze vs. Linda Sue : @0+ @1\ C1\ D1\ C2\ B0\ C4/ C5\ D4/ E4/ B4/ A4\
8x8Trax_2981447 birddog8560 vs. * : @0/ B1\ A2/ @2+ A0/ @2/ @2+ C0/ @1/ D5/ D6/ D7/ D8/ B6+ E7\ F6+ F2/ G3/
8x8Trax_2981492 Izeul vs. keops :
8x8Trax_2981534 darkest angel 70 vs. YankeeFan : @0+ A0/ A3\ B1/ C2\ D2+ C0\ D4\ B5/ B0/ E3/ D0/ E1/ A1\ C0/ @3\
8x8Trax_2983049 *Leo The Lion vs. dgb : @0/ @1/ B2+ B3\ C1/ C4/ B5\ D1+ B0+ @3/ A4/ A7+ @7/ F7\ C8/ G6\
8x8Trax_2983050 *Leo The Lion vs. dgb : @0/ A0+ @1+ B0/ @2\ @2\ C4\ B3+ B5\ @2+ D1+ E0/ F1/ B1\ B0+ A3\
8x8Trax_2983051 *Leo The Lion vs. dgb : @0+ B1+ A2\ A0\ A0\ @1\ D4/ E3\ B0/ C1/ F5/ D3+ E2+ D6/ G6+ D7+ RESIGN
8x8Trax_2983052 *Leo The Lion vs. dgb : @0/ A2/ B2\ A3/ A0\ @3+ @3\ @3\ B4+ F3+ D0\ @5+ G5+ @5\ G6+ C6+ RESIGN
8x8Trax_2983053 dgb vs. *Leo The Lion : @0/ @1/ A2+ @1/ D1\ C0/ E2\ E0\ C1+ B5/ @1\ A0\ @2\ B6/ @2+
8x8Trax_2983055 dgb vs. *Leo The Lion : @0+ @1+ @1/ A2/ B3/ B4/ C2+ D1+ C5\ D4/ A5/ C6\ B0/ RESIGN
8x8Trax_2983056 dgb vs. *Leo The Lion : @0/ @1/ B0/ B3\ C3\ A4/ @4/ @4/ E1/ F1/ A5/ D0+ B1+ @3+ D7\ C8+ A8+
8x8Trax_2983059 dgb vs. *Leo The Lion : @0+ @1+ B2\ @1+ C0/ D3\ D4\ E4\ B4/ A1\ C5/
8x8Trax_2983228 spitfire vs. BlondeHan MIA : @0/ @1\ B0\
8x8Trax_2983235 jaha vs. Rogue Trooper : @0/ A0+ B1/ B0\ @2/ B1+ B4/ C3+ A3+ @3/ B5+ D5\ E3\ C6+ F3\ E1+ E6+ E0/ G1+ H3+ E0/ C2+
8x8Trax_2985938 * vs. riaZZZ : @0/ B1\ B2\ C2/ C3\ D2/ C1/ A0/ A3/ A4/ C5\ D5\ @5\ C6+
8x8Trax_2986214 nisqually vs. YankeeFan : @0/ A0/ @2+ B0+ A0/ C2/ B0/ C5\ D4\ B6\
8x8Trax_2986980 DavidTrax vs. Rose of Sharon : @0/ A0/ B1/ @1\ C0+ D3/ @3+ C0/ B1+ A5/ @5/ A3+ C6\ D5+ C7\ A1\ D0/
8x8Trax_2987363 Senorita ZORRO_ vs. spitfire : @0+ @1+ A2/ B2\ B3\ B4\ C1+ C0/ @3+ E5\ E6\ B5/ A6\ E2+ F2/ C1\ D0/ F0/ G2\ @5\ H6+ B3\ A6+
8x8Trax_2987581 spitfire vs. Red Arrow : @0/ A2\ B2\ B1+ B0/ B4\ C1/ D1\ E1/ D3/
8x8Trax_2987582 spitfire vs. aussielady : @0/ A2\ B2\ B3+ A0\ @2/ A5/ @3+ C6\ D5+ E5\ E6\ D2/ E2/ B7/ D8+
8x8Trax_2987583 spitfire vs. Pepsi Fan : @0/ A2\ B2\ @2\ C1/ D2\ B3+ B0+ @3/ D5\ D0/ E2\ F4\ E1+ G5\ G6\ B6/ C7+
8x8Trax_2987743 nisqually vs. spitfire : @0/ A0\ @1/
8x8Trax_2987778 AWOL 51790 vs. GringoNZ : @0+ B1\ A0\ A3\ B1/ A0/
8x8Trax_2988387 Dragon101 vs. *Leo The Lion : @0/ A0/ B1/ B3+ C1/ B0+ D4+ B0/ D2+ E3+ A6\ @4+ B1+ C0/ E0+ F1/ G2+ G4+ G5\ @4+ F8+ H7+
8x8Trax_2989070 Dawn vs. Elvis : @0/ B1\ B2\ A0/ B4/ A4/ A5/ C4/ @4+
8x8Trax_2990262 KOOKY vs. Fallen Angel : @0/ B1\ A2/ @2+ D1/ D0/ B4\ C4\ C5\ @3\ E5/ F5\ E4+
8x8Trax_2990418 ypercube vs. riaZZZ : @0/ B1\ A2/ @2+ @1/ C0/ B0+ @3/ F3\ @3+ G1/ C0/ H2\
8x8Trax_2991721 *Leo The Lion vs. Dragon101 : @0/ A0/ B2+ @1+ B3/ B4/ @2+ C5/ E4+ C0+ @3/ @6+ A7/ @7/ E8+ F8\ H3+ DRAW
8x8Trax_2991958 WebbyDebi vs. Jade : @0+ @1+ B2\ A2/ A0\ @1\ @3\ B0/ A2\ C1/ A0\ @1/
8x8Trax_2992498 Sista vs. KOOKY : @0/ B1\ B2\ A2+ @2/ C3\ D3\ C4\ C5\ E1/ D4+
8x8Trax_2992773 spitfire vs. GringoNZ : @0/ @1/ B0\ @2\ A1\ @1\ B3\ B0+
8x8Trax_2992837 dreamflight vs. keops : @0+
8x8Trax_2994047 DavidTrax vs. Rose of Sharon : @0+ @1/ C1/ C2/ D1/ A0/ D4\ B4+ E3\
8x8Trax_2994224 riaZZZ vs. * : @0/ B1\ B2\ C2+ A2/ B3\ @1\ B0/ E1/ D0\ A2+ B5/ B6+ D6\ B7+ E5\
8x8Trax_2994299 princesarg vs. Rogue Trooper : @0+ B1\ B0/ C1/ C0/ A1+ @2/ C0+
8x8Trax_2994335 spitfire vs. Jenny Poo : @0/ A2\ B2\ B3\ A0\ @1+ D3/ D2/ E4\ E5\ @1/ A2/ @3\ D5\ E5+ D6/ A0\ @1\ C0/ D1/ D8/ B8/ A8/ E1/ F2/ H8+
8x8Trax_2994341 GringoNZ vs. * : @0+ B1+ B0/ @2+ C3\ D3\ D4\ E4\ B4/ A1/
8x8Trax_2995755 DavidTrax vs. Rose of Sharon : @0/ A0/ A3/ B3/ @3\ C2+ B4/ @4/ A5/ A6/ @3+ B2\ A2\ C6\ B7/ B8/ @7/ @5+ @6\ B3\ A3\ C2+ F8\ C8/
8x8Trax_2995952 YankeeFan vs. Pepsi Fan : @0/ B1\ B2\ A2+ A3+ @2\ D1/ D0/ C5/ C1\ D0/ @4/ A5/ C7\ B1\ A2/ D0+
8x8Trax_2996084 YankeeFan vs. basplund : @0/ @1/ C1/ C2/ A2+ @1/ D0/ B4/ C4+ @1\ C0+ A5/ C6/ @3/
8x8Trax_2996096 Traxplayer vs. ypercube : @0/ @1/ A0/ B1+ A3+ @1/ A0/ D3/ A3+ @3/ A4/ E5\ F5\ A5+ RESIGN
8x8Trax_2996466 Christine vs. Miss Traven : @0+ @1+ A0+ C2/ D2\ C1+ D3/
8x8Trax_2996573 REBEL DJ vs. * Sassy_Angel * : @0+ B1\ A0+ B3/ A0+ A4+ @2/ B5\ D5+ B0\ A1\ @3/ B5+ D7\ D8/ C7+ @5/ B6+ @4\ B3+ A6/ @6/ C7\
8x8Trax_2996791 KOOKY vs. Sista : @0/ B1\ A2/ A3/ B0/ C1/ @2\ A1\ A0\ @2/ @1\ C0\ F0/ G1/ @4/ A5/ D0\ C1\ G6+ B2+
8x8Trax_2997057 ypercube vs. dgb : @0/ A0/ B2/ A3+ B1/ B4/ C4+ C5\ D1+ @4\ @4\ D6/ C5+ F5\ G5\ F7\ RESIGN
8x8Trax_2997058 ypercube vs. dgb : @0+ B1+ C1+ D1+ A0/ C3/ A0/ C5\ D4+ E4\ D5\ D6\ RESIGN
8x8Trax_2997059 ypercube vs. dgb : @0+ A2/ B2+ A0/ @3+ @3\ C0/ B1+ B5/ B6/ @3/ B1+ @3+ A6+ D7/ @4+ E8\ F8\ @4\ A5/ A6/ C8+ B8/ H2+ DRAW
8x8Trax_2997060 dgb vs. ypercube : @0/ @1/ B0+ @1/ B0/ C4+ D1\ C0\ @1+ C0/ A0+ F2+ E1/ A0/ @2+ RESIGN
8x8Trax_2997061 dgb vs. ypercube : @0+ @1/ C1/ D1+ B0+ B0/ B0/ A2+ B0/ A6/ @6/ E1/ E0/ E7\ E8\ F6+
8x8Trax_2997062 dgb vs. ypercube : @0+ A2+ A3+ B3\ @3\ @2/ C4/ @3+ @3\ G4/ F5+ F1/ H5\ G6/ E0\ C2+ F0/ G1/ H3+ H8\ C7+ D8+ B4+ C2+ A7/ C8/ DRAW
8x8Trax_2997525 Miss Traven vs. Christine : @0+ B1+ B2+ @1+ C0+ C0/ D2\ B2+ A2\ C0\ B2+ B1\ B5/ @2\ A4/ @3\
8x8Trax_2997854 Scoopdedew MIA vs. DavidTrax : @0/ A0+ A0\ @1\ A0+ A0/ @4/ B6/ A5+ @5/ A6/ @6/ C7\ F3+ G3\ C8+ D8\ E7\ F6\ @8/ G4\ H6\ F8+ G7+ G8\ C4+ H4+ A5+
8x8Trax_2997935 davidmilne vs. Darth Rob : @0/ B1\ A2/ B2+ @2\ A1+ C3/ B3/ @2+ B4\ E2+ B0\ A1\ E5/ A0+ @3+ E1/ F1+ D0/
8x8Trax_2999013 Miss Traven vs. Christine : @0/ B1\ @1\ B2\
8x8Trax_2999030 Elvis vs. Dawn : @0+ A0/ A0\ @1/
8x8Trax_2999044 Elvis vs. Dawn : @0+ A0+ @1/ C1\
8x8Trax_3000270 DavidTrax vs. Rose of Sharon : @0/ @1/ A2+ A3/ A0+ @1+ B0/ A1+ A5+ @3+ E1/ E3+ D0/
8x8Trax_3000272 DavidTrax vs. Rose of Sharon : @0/ A0/ A3/ A4/ A0/ @3/ @1+ C0/ A5/ D2+ @4/
8x8Trax_3000623 GringoNZ vs. Phil The Hat : @0/ @1/ B0+ B0/ B0/ A2+ B0+ C5\ A6+ C4+ @5+ E4/ @3\ B2+ B0+ A2\ @5/ B6+ A2\ @5/ C1+
8x8Trax_3000636 Jay RAA vs. * : @0+ @1+ B2/ A0\ @3\ C4/ D2/ @4/ B5\ A1\ @3/ C0\
8x8Trax_3000864 ypercube vs. riaZZZ : @0/ B1+ C1+ D1\ A0\ @1\ B3/ D3\ C4+ A4/ C5/ A2/ @1\ D1/ D0/ F2+ E6\ A3+ F4\
8x8Trax_3001832 Miss Traven vs. Christine : @0/ A2\ B1/ B0+ B3\ C3\ C4\ B0+ D5/ B0+ D5+ B0+ C5+
8x8Trax_3002110 Marko vs. Uncle Chuckie : RESIGN
8x8Trax_3002171 * vs. Rogue Trooper : @0/ A0+ A0\ @1\ B4/ @2+ D1\ D4/ C5/ E4/ D6+ B6+ F4/ C0+ G4\ G8+ @4\ D8+ F1+
8x8Trax_3002371 Miss Traven vs. Geri39 : @0+ @1/ A2/ B3\ C3\ A4/ C5\ @3/
8x8Trax_3002918 GringoNZ vs. Dawn : @0/ A0/ @1/ B0+ C3/ C1/ @1/ C4/ B0\ E2/ F2+ B4+ F1\ D0+ @3\ B2+ A4+ @4+ B5+ F0+ A6+
8x8Trax_3003659 DavidTrax vs. Rose of Sharon : @0/ A0/ B2+ C2\ A3/ @3/ D4+ E3/ D1+ F3/ A0\ @3+ E1/ C0+ G1/ H3+ C0/ E2+ E1+
8x8Trax_3004830 Beccagirl vs. GringoNZ : @0/ @1+ B0\ A3+ A1+ @2/ C3+ @2\ A1\ @1\ B0/ A4/ A0\ @4/
8x8Trax_3004998 Dawn vs. Elvis : @0/ @1/ A2+ A0\ @2/ C0/ D2+ D1+ E1/ E2+ E3\ F2/ G2/ F1/ G4\ H3/ F5/
8x8Trax_3005102 jazzbeth vs. Cheeky Cow : @0/ A2\ B2\ B3+ B1+ C1/ C3+ B4\ D2+ C0/ E4/ D5+ E1/ E0/ F3\
8x8Trax_3005489 Rogue Trooper vs. csain1 : @0+ A2/ @2\ B0/ @3\ B4+ D1/ E1+ D3+ B1\ D0/ @5/ RESIGN
8x8Trax_3005496 marlisam vs. DavidJ : @0/ B1\ B2\ B0\ C3/ B0/ C2\ D4/ C5/ @2\ A1\ A0\ B0\ C0\ D4/ E3\ F4/ A7/ @6\ C1+
8x8Trax_3005594 rogerrabbit vs. Phil The Hat : @0+ A2\ @1/ B3\ C1/ D1+ C0+ D5\ E5\ A5/ D6+ @5\
8x8Trax_3005625 GringoNZ vs. balmoral : @0+ @1+ C1/ @1\ A0+ A0/ D2/ E2/ E1/ A0/ A0/ F3/ F2/ G2/ D1+ C0/ H4+ C7\ E8+ H2+ E1+
8x8Trax_3005785 Lore_Lamia vs. Miss Traven : @0+ @1\ B0\ A1+ B3/ @2\
8x8Trax_3005864 Miss Traven vs. Lore_Lamia : @0/ B1\ C1/ A2\
8x8Trax_3005898 Miss Traven vs. Lore_Lamia : @0/ B1\ A2/ @2/ @2\ B3\ A1+ C3+ A0/ D4/
8x8Trax_3005903 FrostyColdOne vs. mcinturff : @0/ B1+ B2/ C1/ A2/ @2/ D2\ C3\
8x8Trax_3006393 Miss Traven vs. Christine : @0/ B1\ A2/ B2+ A3\ @2/ B4/ @1\ D3+ A0/
8x8Trax_3006585 Miss Traven vs. Christine : @0+ @1+ B2/ A0\ B1+ A0/ @2\ C1/ D1/ D3+ E1+ @2+ E0/ G3+ A2+ H3+
8x8Trax_3007464 Miss Traven vs. Lore_Lamia : @0+ B1/ B2\ @1\ B0\ B0\ A2\ @2\ B1\ B0\ E5/
8x8Trax_3007983 jazzbeth vs. Rogue Trooper : @0/ A0+ A3/ A0/ B2/ B3+ C4/ @4/ D5+ E5\ C1/ D6/ A7+ @6+
8x8Trax_3007984 Rogue Trooper vs. jazzbeth : @0+ A0/ B1\ A3/ @3/ @3+ @2/ @2/ E0/ A5/ @4/
8x8Trax_3007985 jazzbeth vs. Jools : @0/ B1+ A2/ A3+ C3+ C4\ B5\ A4+ B6+ @5\ D5+ D6+ E6\ D7+ A1\ B0/ @4+
8x8Trax_3007986 Jools vs. jazzbeth : @0/ @1/ A0+ B3+ @1\ @1\ B0\ A4/ @2\ D5/
8x8Trax_3007987 jazzbeth vs. YankeeFan : @0/ A0/ A3/ B2+ A0/ A0/ C2+ @2+ D0/ E3/ A1\ D0+ @2/
8x8Trax_3007988 YankeeFan vs. jazzbeth : @0/ @1/ C1/ A2/ D2+ A3+ @1+ C0/ D1/ A0+ F2+ F1\ C0+ B0/ A2+ @4/ D8/ G7/
8x8Trax_3007989 Rogue Trooper vs. Jools : @0+ B1\ @1\ A0\ B3/ @2+ D4\ E3/ A4/ @4\
8x8Trax_3007990 Jools vs. Rogue Trooper : @0/ A0+ @1+ B0/ C1/ D1+ A1+ C0/ C4+ B5/ E4\ E5\ B6+ F4+ A6/ @6/ F2+ A4+ @5\ A6+
8x8Trax_3007991 Rogue Trooper vs. YankeeFan : @0+ A0/ B1\ C1/ C0/ D1+ @2/ B4/ A1\ D0/ @3\
8x8Trax_3007992 YankeeFan vs. Rogue Trooper : @0/ @1/ C1/ D1+ E1\ B2+ @2\ A0/ @2+ D4/ E1/ E0/ G5+ F6+ C6+ G1/ @1+ G0/
8x8Trax_3007993 Jools vs. YankeeFan : @0/ A0/ B2+ B3+ C2/ B0+ B5/ @2+ B1\ A5/ @4\
8x8Trax_3007994 YankeeFan vs. Jools : @0/ A0/ B1+ @2+ D1+ B3/ C0/ D4\ B5/ D5+ D6\ D7+ E7\ E4+ A1\ E6/ B0/
8x8Trax_3007997 birddog8560 vs. ypercube : @0/ A2/ @2\ B3/ B4/ B0/ B0+ C6/ C7/ C4+ B0/ C1/ D2/ A3+ @7+ @4+ B3\ @6/ A7/ A8+ H2\ G4/ B2\ A2\ B1/
8x8Trax_3007998 ypercube vs. birddog8560 : @0/ A0/ B2/ C2+ @1/ A0/ D2/ @2\ B3/ B4\ E4+ F3/ D5\ @2+ C6/ B6/ B7/ B1\ E8\ RESIGN
8x8Trax_3007999 birddog8560 vs. basplund : @0/ A0/ @1/ A2+ C2/ D2/ B0\ B0\ B5\ A5+ E4+ @5\ C6\ D5\ D1+ B2+ F5\ D6\ F2/ F1/ G4+
8x8Trax_3008000 basplund vs. birddog8560 : @0/ A0/ B1+ @2\ @2\ C3+ B1+ @2\ B0/ @2+ A3+ E0\ E0\ F3+ C2/ A1+ @3/ G0/ H1/ D1+ D0/ F1+
8x8Trax_3008001 Jay RAA vs. ypercube : @0/ A0/ A3/ A4/ B2+ @4/ A5/ @2+ E2/ F1\ D0/ G2/ G1/ @4+ D1\ F1+
8x8Trax_3008002 ypercube vs. Jay RAA : @0/ B1\ A2/ @2\ A3/ @3/ A4/ @3\ A2\ @4/ A5/ D5/ A1/ E0/ @4+
8x8Trax_3008003 Jay RAA vs. basplund : @0/ A0/ @2\ B0\ A1\ A0\ C3/ @2+
8x8Trax_3008004 basplund vs. Jay RAA : @0/ B1\ A2/ @2/ C2\ C3\ @1/ C3/ C4/ B0/ @2/ C5/ D6\ E6\ C7/ B7/ E1/ F1/ G1/ F6\ F8+ A7\ B5+ G5/ F4+ G7\ H7+ A6\ G3\
8x8Trax_3008005 ypercube vs. basplund : @0/ @1/ B2/ C2/ C3/ C4+ D4+ C5/ E4\ E3+ C6/ B5+ D6+ D7\ E7\ F2/ D1\ B0+ F5\ RESIGN
8x8Trax_3008006 basplund vs. ypercube : @0/ @1/ A0/ @1/ A0/ A3/ D3/ B4+ D2/ E2/ B1+ E0+ E0/ F1/ F0/ G1/ H1/ H0/
8x8Trax_3008513 jaha vs. ypercube : @0/ A0/ B2/ B3/ C3/ D3/ C4+ E3/ E2/ F2/ F1/ G1/ E0\ A1\ @3+ F0+
8x8Trax_3008979 Miss Traven vs. Christine : @0+ @1+ B2/ A0\ B1+ @2+ A3+ @2+ D0/ E3+ E1\ F3+ E4+ @3+ C5\ H3+
8x8Trax_3009251 Miss Traven vs. Christine : @0+ B1+ A2/ C1+ @2\ E1+ A1+ A0\ @1\ G2+ C1+ H2+
8x8Trax_3009575 Miss Traven vs. Lore_Lamia : @0/ B1\ B0/ A3\
8x8Trax_3009579 Miss Traven vs. Lore_Lamia : @0/ B1\ C1/ A2\
8x8Trax_3009925 birddog8560 vs. YankeeFan : @0/ A0/ B2/ C2/ A0+ A0\ @4+ @1+ C5/ C0\ @4\ F4+ E2+ C0+ G5/ C0/ D1/ F4+ E2/ F3+ E1+ G5/ F1/ G1/ A4\
8x8Trax_3010100 Lore_Lamia vs. Miss Traven : @0/ @1\ A0/
8x8Trax_3010273 Miss Traven vs. Lore_Lamia : @0/ B1\ B2\ C2+ B3/ A2+ A3+ @3+ @3\ B2\ A2+ C4/ D0\ F3+ D5\ E5/
8x8Trax_3010343 Lore_Lamia vs. Miss Traven : @0/ B1\ A2/ @2/ @2+ D2+ C0\ B4\ C4\ D4+ E4/
8x8Trax_3010766 ARCTIC PRINCESS vs. Arctic Warrior : @0/ @1/ A0/ A0/ C3/ A0\ @2/ D3\ E3/ E2/ E1/ B0\ A2\ @3/ G3/ A2\ @3/ D6+ G6/ C6/ H2+ H1/ C5\ B6/ G7\ H7+ E8\ B1\ G8/ C7+ D8/ B8/ A8/ A2+ F1\ H8\
8x8Trax_3010773 Arctic Warrior vs. ARCTIC PRINCESS : @0/ B1\ A2/ A0/ B3\ A4/ @2+ B0/ D2/ E3/ @3+ F2+ F1/ C0/ G3+ D6\ H3+
8x8Trax_3011124 Miss Traven vs. Lore_Lamia : @0+ B1+ A2\ A0\ B1+ C1/ @1\ @1+ B0/ C1/ E1/ F1/ E0\ D1\ D0\ C2\ C1\ @4+ C2\ B2/
8x8Trax_3011127 Lore_Lamia vs. Miss Traven : @0/ B1\ A2/ B2+ A3\ B3+ C2\
8x8Trax_3011192 Lore_Lamia vs. Miss Traven : @0/ B1\ A2/ @2/ @2+ A3\ @2+ E2\ @2+ D0/ @3+ C1\ C4+ C5/ B4/ C6\ D0\
8x8Trax_3011193 Lore_Lamia vs. Miss Traven : @0+ @1\ A2/ @2/ A3/ B0/ @4\ D1+ E1/ E2+ A3+ F2/ A2/
8x8Trax_3011235 Miss Traven vs. Lore_Lamia : @0/ B1\ A2/ @2+ A3\ A0\ @2/ B5/ A5/ D4/ @5\ A4\ @4\ A3\ B1/ C6/ E5+ @4\ A2\ E7\ @3\ G7+ D0\ A3+ C1+ B2\ D8+ H8+
8x8Trax_3011433 jazzbeth vs. Uncle Chuckie : @0/ B1\ B2\ C1\ C0\ A1/ @2+ E1+ E0/ A1/ A0/ F1\ F0+ @3+ H2\ D0+ B1+ A1+ C0+ F1/ H2+ F8+ G8\ B8+ H8\ A8+ H1+ A1+
8x8Trax_3011434 YankeeFan vs. golfnutrof : @0/ A0/ A0/ B3\ B4\ C3+ C0\ B6\ D4+ @4+ B5+ A6+ A7/ @7/ E0/ F4+ F6\ A5/ @6\ C2\ B2+ A2/ B4+ F8\ G7+ H6\ H8+ C1+ DRAW
8x8Trax_3011487 Traxplayer vs. supermac : @0/ B1\ A2/ @2/ B0+ C3+ A4/ A5+ @3+ D1+ E2+ E5\ C6+ A5+ F3+ @4\ C0+ @5+ RESIGN
8x8Trax_3011605 Dragon101 vs. ypercube : @0/ @1/ B0/ @1/ C3/ @1/ B2/ B3/ A3/ B0/ @1/ F4+ C5+ C6/ G3+ A4/ D6+ C7/ @2+ B8/ A8+ G7\ H5+ E8\
8x8Trax_3011749 dl2 vs. YankeeFan : @0+ A0/ B1\ A3/ B2+ C2+ B3+ @2+ D3+ E2+ E3+ B4/ @4/ A5/ @3\ H3+
8x8Trax_3011753 Lore_Lamia vs. Miss Traven : @0/ B1\ A2/ A3/ B2+ @2/ D3\ B4/ D4+ A4\
8x8Trax_3011817 Geri39 vs. spitfire : @0/ A2\ B2\ C2\ A0\ @1\ B4/ A2/ @2/ A1\ @2\
8x8Trax_3012307 GringoNZ vs. Daddy MBA : @0/ B1\ B2\ C2\ C0\ D2\ C0+ C5/ A2\ @3/ B4/ B5/ E4\ F5\ D6+ D0\ F2/ F1/ E8/ A3\ @3\ H5/ B5+ B2\ G8+ B1/ D1+ A5/ B7/ B8/ H2+
8x8Trax_3012816 davidmilne vs. Dawn : @0/ A0/ B2/ A3+ A4\ @3/ A2+ D2+ D1/ E1/ RESIGN
8x8Trax_3013060 * vs. drgnrdr : @0/
8x8Trax_3013253 Miss Traven vs. Lore_Lamia : @0+ B1+ A0\ C2+ @1/ E2+ B3/ A3/ @2/ G2+ B4/ A3/ @3/ B4/ A4+
8x8Trax_3014366 Miss Traven vs. Lore_Lamia : @0+ @1+ A0+ @2+ B3+ @2+ C0+ @3+ @3\ G3+ H3\ H4\ E0+ A3\
8x8Trax_3014376 Miss Traven vs. Lore_Lamia : @0+ @1/ A2/ @2\ C0+ C0\ B1+ A3+ A2+ @3/ B1\ A1\ @2\ B0/ C1/ C0/ D1/ F3\
8x8Trax_3014534 Sista vs. KOOKY : @0+ @1\ @1/ B2\ C3/ A0\ @1\ E2/ E1/ C0/ A3/ @2\ C5/ C6/ F4\ G3/ E1+ H3\ G4+ C1\ D0/ F6\ F7/
8x8Trax_3014594 spitfire vs. YankeeFan : @0/ A0/ B1+ A3+ C2/ @3/ A2\ @2/
8x8Trax_3014864 REBEL DJ vs. jazzbeth : @0+ A0/ A3+ A4/ @4/ C2+ C4+ A5/ @3\ B2+ @4+ C6/ F4\ F7\ G7+ A7/ A8+ @7\
8x8Trax_3014973 TN_Sapphire vs. Honeybear : @0/ B1\ A2/ @2/ B0/ C0/ D1/ A5+ D2\ E2\ D3\ D4+ @4/ E5\ C6/ F4/ E7\ E0+
8x8Trax_3014994 GringoNZ vs. basplund : @0/ @1/ B0+ @1/ C3/ D2/ C4+ @1\ A0\ B3/ C4/ B4/ @3/ G3/ @3+ G6/ E6+ C5+ G1/ B0/ F8+ G1\ E2+ H2/ B5/ D1+ D8/ C8/ B6/ A7+ B8+ E1/ G8+
8x8Trax_3015456 davidmilne vs. Rianne : @0/ A2\ B1/ B0/ @2/ C3+ D1/ D0/ E4+ E5\ F5+ F6\ A0+ @1\ C6+ H5\ H4+ E7/ F8+ G2\ C7/ A6+ A8+ H2/ F1+ D8+
8x8Trax_3016327 Morticia vs. Nargada : @0/ B1\ A2/ A3/ @1\ B0/ D2+ A1\ B0/ @2+ @2+ A1\ B1/ E4\
8x8Trax_3017785 Christine vs. Miss Traven : @0+ @1+ C1/ C0\ D1\ B1+ C3+ A1+ @2/ C3+ D4+ D5\ E5\ A3/ F3\
8x8Trax_3018117 davidmilne vs. Darth Rob : @0/ B1\ A2/ @2+ @2\ @2\ C0+ B4/ D0\ E4+ E1/ F2/ D0/
8x8Trax_3018854 davidmilne vs. denise : @0/ B1\ A2/ @2/ @2+ B0/ @3+ A1\ A0+ A0/ B1/ C1/ E3/ F4\ @4+
8x8Trax_3018865 Miss Traven vs. Christine : @0/ A2\ B1/ B2+ C1\ B0+ C3+ C4\ D3\ D4+ B4+ B0+ B6\ B0+ E6\ B0+ C8+ E8\
8x8Trax_3019441 Miss Traven vs. Christine : @0/ A2\ B1/ B2+ B3\ C3\ D2\ B0/ C5\ @1\ A0\ @3/ A4/ A5/ B6/ C7/ F6/
8x8Trax_3019578 Miss Traven vs. Lore_Lamia : @0/ B1\ A2/ @2/ C2\ B3+ D2/ @1\ A0\ @3/ E4\ B4/
8x8Trax_3019579 Miss Traven vs. Lore_Lamia : @0/ B1\ A2/ @2/ C0\ C0/ D2\ A5\ C4\ B5+ C5+ D5/
8x8Trax_3020854 Dawn vs. Elvis : @0/ A0/ B1+ A0/ B0/ C1/ C0/ C3\ D3\ D2+ A1\ B0/ @3/
8x8Trax_3021647 Dawn vs. davidmilne : @0/ A0/ B1+ C2/ @2/ D3+ C0/ B1+ E4\ D0\ @3+ A1/ D0/ D0/ F3+ RESIGN
8x8Trax_3021673 jazzbeth vs. Rogue Trooper : @0/ A0+ B1/ B0\ A4/ B3+ A5+ C4/ @2+ A1\ E3\ E6+ F6\ F3+ @1\ B0+
8x8Trax_3021765 Miss Traven vs. Christine : @0+ @1+ B0/ @2+ D1\ @2+ D3\ E3\ F2\ @2+ @2\ G4/ E1+ H3+ A1\
8x8Trax_3022068 riaZZZ vs. ypercube : @0/ @1/ @1+ @1\ C0/ C0+ D2+ E2/ E1/ E0+ E0\ F3/
8x8Trax_3025550 boneyardking vs. spitfire :
8x8Trax_3025762 * vs. ypercube : @0/ @1/ B0+ B0/ B0/ @3/ D2+ E2\ F2\ G2\ D4+ E5/ C6+ C0/ G7+ D8/ H6+
8x8Trax_3026025 FrostyColdOne vs. mcinturff : @0+ B1/ B2\ C1/ A2+ C2\ D2\ D3+ D1/ D0+ E3/
8x8Trax_3027228 Traxplayer vs. charlie it : @0/ A2\ B2\ B3+ @2+ B4\ D2/ D1/ E1/ E0/ F1/ D0\ F5+ G5\ D7+ A7/ H2/ C8/
8x8Trax_3027431 drgnrdr vs. coopaah :
8x8Trax_3027452 YankeeFan vs. Phil The Hat : @0/ A0/ A0/ @1/ C1+ A0\ @1\ C5/ D1+ @1+ F5+ D6/ C6/ E7\ A2+ @1\ H3/ H2/ C7+ F0/ C6+ G2+ B6+ A5+ DRAW
8x8Trax_3027453 * vs. golfnutrof : @0/ A0/ B1+ B0+ B4+ C4\ C5\ B6/ A6/ @6/ @5+ E7+ D8\ F4+ G4\ F7\ A7/ @6\ B3\ A4+ G2/ H2/ C2+ DRAW
8x8Trax_3028731 ejd vs. s_strum : @0+ @1/ A0\ @2/ C3\ D2\ E2/ E1/ B4+ F2\ F3\ E0\ C6\ D6\ F5/ D2\
8x8Trax_3029287 Sweetcheeks vs. DavidJ : @0/ A2\ B2\ @1/ C1/ D1/ D2+ D3\ E1/ E0/ F2/ G4\ F5/ @3/ A4/ F5/ B4\ A5/ G6\ H6\ F7/ E7/ E8/ D6+
8x8Trax_3029886 davidmilne vs. Daddy MBA : @0/ B1+ A2\ C1\ C2\ D2+ E2/ D0\ F1+ D4+ E0+
8x8Trax_3031155 Miss Traven vs. Lore_Lamia : @0+ B1\ B2\ A3\ A4/ @4+ @4\ B3\ A3+ A2\ B1\ B5/ @3\ E4\ E5\ D6\ B1+ A2+ A4/ @4/ A2\ A1\ E7\ F7\ F8\ @4\ A3\ H5\ A2\ H7/
8x8Trax_3031214 Lore_Lamia vs. Miss Traven : @0/ B1\ A2/ @2/ B3\ C3\ A4/ @4/ C0/ D0/ E1/ D7\ E7\ @6\ B5+ A5+ A4\ G1/ F4/ G6\ C8/ H6/ C1+
8x8Trax_3033055 davidmilne vs. Granny Walrus : @0/ A0\ @1\ A0/ @1/ C1+ D3/ E1/ C0/ C5/ A1\ A0/ B1/
8x8Trax_3034192 csain1 vs. jaha : @0/ A0/ A0/ A0/ @1+ C2+ C0\ B6+ @1/ C0/ A6+ @5+ B0+ A2\ @5/ @2\ B1/ @3+
8x8Trax_3034205 Shariann vs. drgnrdr : @0+
8x8Trax_3034444 ypercube vs. dgb : @0/ @1/ A2/ C2+ A3/ D1\ E2/ F1\ C4\ D4+ F0\ A1\ @3+ E1+ D0/ B7/ A7/ H2+ H1/ D0/ H6\ H7\ B2+ A2\ A1\ H8/ G8/ H1+
8x8Trax_3034580 Dawn vs. davidmilne : @0/ A0/ B1+ B0+ @3+ B4+ A1\ @3\ E1/ B0+ E4+ A2\ @3/ F0/ G1/ G0/ E8/ B2\ A4\ C8+
8x8Trax_3035097 ypercube vs. Dragon101 : @0/ A0/ B1+ C2/ @2/ D3+ C4+ B5+ C0/ @2+ B1\ D0/ C1+ A2\ F5\ F6\ G6\ D7+ D8/ F8+ H4+ F3+ RESIGN
8x8Trax_3038178 Dionysos vs. Rogue Trooper : @0/ A0/ B1/ C1+ C0+ D2+ B4+ D3+ E2/ E1/ C5+ A1\ E0+ @2/
8x8Trax_3038216 Uncle Chuckie vs. Traxplayer : @0/ @1/ B0/ @1+ A0\ A0+ @2/ E4\ D5/ E1/ B5/ D0/
8x8Trax_3038285 Miss Traven vs. Lore_Lamia : @0/ B1\ A2/ @2/ C2\ C3\ D1/ D0/ C1+ A4+ C5\ C6+ B5/ E3+
8x8Trax_3038291 Miss Traven vs. Lore_Lamia : @0/ B1\ A2/ @2+ B3\ C3\ C4\ A0\ @1\ D6/ A2/ @2+ D6/ C6/ F6/ G5\ G7\ H6+ G2/ B0+
8x8Trax_3039669 ypercube vs. riaZZZ : @0/ B1\ B2\ B3+ A0\ @1\ C5/ B5/ B6/ A3+ @3\ @3\ F6\ F7\ F2/ G7/ E1/
8x8Trax_3039982 Miss Traven vs. Lore_Lamia : @0+ @1/ B0/ C2\ C3\ D3\ A4/ B5+
8x8Trax_3039983 Miss Traven vs. Lore_Lamia : @0+ B1\ B2\ @2/ A3/ @3\ A4/ @4/ F1/ F0/ C2\ B3+ A4+ A3+ B2+ A2\ G3\ G4\ A1\ @2/ E4\ A4+
8x8Trax_3040005 Lore_Lamia vs. Miss Traven : @0/ @1\ B0\
8x8Trax_3040041 Dawn vs. Elvis : @0/ A0/ B1+ A0/ A0\ @2/ B0\ A4/ C1/ A5+ D2\
8x8Trax_3040251 Pepsi Fan vs. YankeeFan : @0+ A0/ B1\ @2+ C2+ B3/ @2/ A4+ E2/ E0+ F3\ D4\ D5\ E6/ D7/ D0/ @4\ A3\ B7+ A6+ @4\ H2+ B7+ A6+
8x8Trax_3040498 DavidTrax vs. Rose of Sharon : @0+ A0/ B1/ C1/ D1+ B0+ @1\ B0/ B0/ D2+ D0+ E4+ C0/ B2+ A4+ B8/ A8/
8x8Trax_3040619 Scorpio-Lady vs. Sista : @0/ B1\ B2\ B0\ A3/ A4/ A5/ A0\ @1\ A3+ @2\
8x8Trax_3041890 Miss Traven vs. Lore_Lamia : @0+ B1+ @1\ D1/ E1\ E2\ E3\ A0/ A0\ @1\ F6/ E5\ A3/ @2+
8x8Trax_3044040 Miss Traven vs. Christine : @0+ @1+ C1/ C0\ B1\ A3/ D1/ C0\ C4\ D4\ E4\ C5/ B5/ B1\ A0\ @4\
8x8Trax_3044896 Adam vs. Darth Rob : @0+ @1+
8x8Trax_3044900 Adam vs. Darth Rob : @0+ @1+
8x8Trax_3045035 davidmilne vs. Darth Rob : @0/ B1\ A2/ @2+ @2\ D2+ C3+ B3/ B4/ @4+ C5/ B6+ E5\ C0+ F4\
8x8Trax_3045590 drgnrdr vs. GlassTiger :
8x8Trax_3045630 Rogue Trooper vs. Uncle Chuckie : @0+ B1\ @1\ C2\ B0/ B4/ A4/ @4/ @4+ C5+ A1\ F1/ @2\
8x8Trax_3045750 supermac vs. GringoNZ : @0/ A0/ B2+ @2\ C3\ C4\ D4\ A4/ @4/ C5/
8x8Trax_3045891 basplund vs. darkest angel 70 : @0/ B1\ A2/ @1/ @1/ B0\ A1\ @2/ @2/ E0/ F1/ G1/ @3\ B2/ D4+ F0\ C2\ D1/ B6/ A6/ F6\ G5+ D7+
8x8Trax_3045904 jazzbeth vs. Traxplayer : @0/ @1/ A2+ C1+ @2\ C3\ E2/ C0/ C0/ F3\ D5+ A0+ @3/ @3+ A4/ A0\ D1+ F2+ A6+ D7/ E0+ C1/ G5+ B8/ H3/ G2+ H1\
8x8Trax_3046224 Miss Traven vs. Lore_Lamia : @0+ B1\ B2\ A3/ A4/ @2/
8x8Trax_3046415 Miss Traven vs. Lore_Lamia : @0/ B1\ A2/ @2/ C2\ C3+
8x8Trax_3047011 Dawn vs. davidmilne : @0/ A0/ B1+ C1\ A3+ @3/ A2+ C0\ A5/ RESIGN
8x8Trax_3047171 balmoral vs. * : @0+ @1+ A2\ A0\ @1+ @2\ B3+ C4+ E2/ F2/ E3+ @2\ B4+ D5+ B0/ D7+ C6/ E6/ B6/ @5+ E8/ B8\ G6/ G2+ F1+ G1+
8x8Trax_3047979 mcinturff vs. FrostyColdOne : @0+ B1\ B2/ A2+ @2/ A3\ C3\ D3\ D2+ A1+ E2/ D1+ D4/ D0/ F3\ E5+ B5\ B1\ C0/ A1+ D1+ A6+ D0+ A1\ @5/ A1+ E0+
8x8Trax_3049630 riaZZZ vs. ypercube : @0/ @1/ C1/ D1/ C0+ D3+ D4/ @3+ A1\ C0+ E6/ F6\ D7\ F2\ D1+ G5/
8x8Trax_3050459 KOOKY vs. Fallen Angel : @0/ B1+ @1\ A0\ B1+ A3/ @2\ E2\ E3\ B4/ @2/ A3/ @4/ B5\ H2/ G1\ E4+ E0+
8x8Trax_3050977 * vs. ypercube : @0/ @1/ A0+ B3\ C1\ C0\ A1/ @2\ B0/ B0+ @5+ @5\ G2/ G1/ C6+ C7/ H2+ B3+ E8+ E1+ F7+ G6+ A6+ DRAW
8x8Trax_3051177 spitfire vs. YankeeFan : @0/ A0/ B1\ @1\ A0\ @1+ B0/ C1/ A5/ @3+ C6\ D6\ E6\ E7\ F6\ A7/ F7+ G6\
8x8Trax_3052250 tburgoon vs. DavidJ : @0/ A2\ B2\ @1/ C1/ D1/ C0+ @1+ C0/ C0/ @4/ A5/ C6\ A1\ B0/ @4+
8x8Trax_3053667 Rogue Trooper vs. REBEL DJ : @0+ B1\ C1\ A2+ @1\ B3/ C3+ E3/ B0/ C5/ A4/ @4+ C5+
8x8Trax_3055400 Pegasus vs. drgnrdr : @0/
8x8Trax_3055469 Shaffyre MIA vs. davidmilne : @0+ @1+ A2\ B0/ A1+ A0\ C3/ D3/ C2+ D4\ C5\ E4/
8x8Trax_3056831 Scorpio-Lady vs. Sista : @0+ B1+ B0\ A3/ A4/ A5/ B5/ A6/ B0\ @6+ C8+ C5+
8x8Trax_3056902 Phil The Hat vs. REBEL DJ : @0/ @1/ A0/ B1/ B3/ C2+ B4/ A3/ C5\ D5\ A5/ A6\
8x8Trax_3056966 Dragon101 vs. Rogue Trooper : @0/ A0+ B2/ B3/ B4/ A0/ C3/ C0+ D3\ E1+ F3/ D7+ E6\ A5/ @2/ B6/ @4+
8x8Trax_3058162 Dawn vs. davidmilne : @0/ A2/ A3\ B1/ C2+ B3\ B4\ C4\ D2/ B0/ @1+ RESIGN
8x8Trax_3058636 dawn1968 vs. YankeeFan : @0/ A0/ A3/ B2+ @2\ @3\ B4\ C5/ A2+ A1\ A0\ D7\ E7\ A7/ A8+ @7\
8x8Trax_3064490 supermac vs. birddog8560 : @0/ A0/ B2+ C2\ A3/ D2\ @3+ A4/ F3/ D4+ B5\ E1+ D0/ G5\ D6\ G2/ H3+ F1/
8x8Trax_3064884 davidmilne vs. charlie it : @0/ A2\ B1/ B0+ B0\ @1+ @3\ B4+ C5\ B6\ @3+ B6/ B7/ D6+ A6+ @4+ E7\ E8+ G3\ G4+ @4/ B6\ A3+ C2+ H5\
8x8Trax_3065175 GringoNZ vs. Ampella : @0+ A2\ B1\ B0\ @1/ @1/ B3+ A4\ D4\ C5/ E3/
8x8Trax_3065880 Linda Sue vs. Pepsi Fan : @0+ @1/ C1/ @1/ A0/ E2/ B1/ B0/ A4\ A5/ C4/
8x8Trax_3065937 YankeeFan vs. Phil The Hat : @0/ A0/ A0/ @3\ C2+ A2+ @2\ @2\ B3+ C4\ F4+ F5\ C5+ @2\ D0/ @4/ A5+ A6\ B5\ D7\ E0/ A8+ G2/ H2/ H4+
8x8Trax_3066417 nisqually vs. jazzbeth : @0/ @1/ A2+ C1+ D1\ E2/ B3+ E0/ F2\ A1\ B0+ @3\
8x8Trax_3066456 Traxplayer vs. Darth Rob : @0/ A2\ B2\ B3+ @2+ C4+ D2/ D1/ E1/ E0/ F1/ F0/ B1\ A2\ B0/
8x8Trax_3066469 Scorpio-Lady vs. Sista : @0/ B1\ B2\ B3\ B4\ A2+ @1\ D3+
8x8Trax_3066473 jazzbeth vs. dab : @0/ B1\ B2\ A2+ C1+ B0\ @1/ C0+ C0/ E2/ B1+ E1+ @3+ @3\ A1+ @1/ E0+
8x8Trax_3066577 rogerrabbit vs. jazzbeth : @0+ A0/ @2\ @1/ D2+ D3\ @1/ E0\ F1/ E0\ G2+ B5+ B6\ B7\ A6+ C8+
8x8Trax_3066813 stormy rebel vs. spitfire : @0/ B1\ A2/ @2/ D1/ D0/ C3\ C4\ C5\ C1\ D0/ E3+ F1/ F0/ B6/ E1\ @5/ C7/ D8/
8x8Trax_3066834 Geri39 vs. spitfire : @0/ A2\ B1/ C1/ A3/ @3/ B0\ A1\ D0+ D0/ E2\ D5\ E5+ @6\ A5\ @4/
8x8Trax_3066852 Red Arrow vs. spitfire : @0/ B1\ B2\ C2+ B0\ A0\ @1\ E4/ B4+ F2/ E1\ G3\ G4\ G5\ H2\ E6/ D5+ C5/ D6/ C6+ D7\ D8\ G7\ H7\ A4/ A5/ F8\ C8/ H5\ H1/ H8/
8x8Trax_3066970 dgb vs. spitfire : @0/ B1\ A2/ @2+ B0+ @3\ E2/ E1/ F1/ @1\ F0+
8x8Trax_3067209 Honeybear vs. Nargada : @0+ B1/ A0/ @1\ B0/ A3+ @3+ B4\ D2+ @3\ B1\ C0/ E1/ C0\ F2\
8x8Trax_3068449 jazzbeth vs. spitfire : @0/ B1\ B2\ C2+ A2+ C0/ D3/ B0\ A1\ @1\ A0\ @4/ @3+
8x8Trax_3068452 jazzbeth vs. aussielady : @0/ B1/ B2+ B3/ C3/ B4+ D3/ B0+ E2/ D1\ E5\ C6+ F3\
8x8Trax_3068863 GringoNZ vs. jaha : @0/ A0/ A0/ A0/ @3+ C4+ C5\ D1/ D0/ D0/ D0+ E4\ F2+ F1+ G1/ G3+ D8+ E7+ F5/ F7\ H7\ H8\ G8/ H2+ C3+ B2+ A2\ A8+
8x8Trax_3069235 Traxplayer vs. denise : @0/ A2\ B2\ B3+ @2+ C4+ D2/ D1/ E1/ E0/ F1/ F0/ B1\ B0\ A3/
8x8Trax_3069363 Traxplayer vs. Chef Jeff 1 : @0+ @1+ C1/ C0/ B0/ D2+ C4/ D1/ E1/ E0/ E5\ F3/ E6/
8x8Trax_3069528 JiffyJeff vs. Chef Jeff 1 : @0/ A2+ B1\ A3+ B2\ @3/ @3/ E2+ C4\ E3+ F3\ E0+ D0/ C2+ D7+ F4+ F2/ G4/ D8+
8x8Trax_3070067 psychospaz mom vs. DavidJ : @0+ @1/ A2/ C2\ C3\ C1+ D1+ B0/ E4\ D5/ F3/ F2/ G4\ E5\ E6\ H2/ A4/ G1/
8x8Trax_3074918 Sista vs. Scorpio-Lady : @0+ @1\ A2/ @1\ C0/ B4\ C4\ A0\ @3\ E4\ E2\ F2/ F4\ F1\
8x8Trax_3075746 jazzbeth vs. birddog8560 : @0/ A0/ @1/ @1+ D1+ D3/ E3/ @1/ A0/ C0+ C0/ @4/ A5/ A2\ @4+ C1/
8x8Trax_3075747 birddog8560 vs. jazzbeth : @0/ @1/ B2/ C1+ C3/ B3+ D2\ C4/ D3+ C5/ A3\ C6/ A5+ @4/ E7\ A1\ F6\
8x8Trax_3075748 jazzbeth vs. ypercube : @0/ @1/ C1/ D1/ C0+ D3+ C4+ @3+ F3\ F4\ E5+ G3+ H3/ G1+ F0+ C1/ C0/ G2/ B0\ A5+
8x8Trax_3075749 ypercube vs. jazzbeth : @0/ @1/ B0+ @1/ B3/ B4+ B0/ A4/ D2/ B0/ @2+ @2/ F6+ G6/ F7+ A6/ D0+
8x8Trax_3075750 birddog8560 vs. ypercube : @0/ A0/ @1/ A2+ B0\ @2/ C4/ B5\ A4+ D2\ B1+ @2/ @3+ D6\ F5\ B0\ A1\ C0/ D1/ B7+ RESIGN
8x8Trax_3075751 ypercube vs. birddog8560 : @0/ A0/ B2/ C2+ D2\ A3+ D4+ A4+ C5\ E2\ B1/ A0\ @3+ C0/ D2+ E3+ A2\ @4\ A5+ H4\ H2/ G1/ H1+ F1+ E0/
8x8Trax_3076715 Judy vs. Morticia : @0+ B1+ B2/ A0\ @1+ @2\ B3+ A4\ C5\ D5\ E3/ C0/ D1/ B1+ E2+ D0/ F4+ F7+ E8+ D8/
8x8Trax_3078458 CharmedSoul vs. Chef Jeff 1 : @0+ B1+ A2\ B0/ C1+ C0/ D2/ D1+ D0/ @4+ B3\ C2\
8x8Trax_3078842 Jenny Poo vs. Chef Jeff 1 : @0+ B1+ A2\ B0/ A1+ C2+ @3\ E2+ F2/ B4/ G2\ G3\ @3/ B4+ A4+ B5\ G3+ G1/
8x8Trax_3079428 ypercube vs. * : @0/ A0/ B2/ B3/ B1+ A3+ C1\ @1\ B0/ C0\ @4+ A5/ A6+ @5/
8x8Trax_3080484 FrostyColdOne vs. mcinturff : @0/ B1\ B2\ C2+ A2/ A3/ @1\ A0\ B1+ C1+ C0\ E4/ E5\ F5\ @1\ B0/ A4\ @2\ F2+ A1/ A6\ C0/ D1+ C0\ A2+ F2\ G3/ H3/ A1\ D1+ G2/ G1/ H6/ H1/ F8/ H5/ F1+ A7+
8x8Trax_3080754 radracer06 vs. Chef Jeff 1 : @0/ B1+ @1\ A0\ B1/ A0/
8x8Trax_3082351 Chef Jeff 1 vs. CharmedSoul : @0+ @1+ A0+ B1+ A0+ B1+ B0+ A1+ A0+ B1+ A6+ C1+ A0+ C1+ A0+
8x8Trax_3083891 GringoNZ vs. Dawn : @0+ A0/ B1/ A3/ C1\ D1\ C0+ E1\ E0\ C4+ D5+ C5+ C6/ @5+ A6/ C7\ F0/ G3\ D2\ B3\ A3\ @3+ D2+ F8\ G5/ A2+ A1\ H4+ H6\ A7+ A8/
8x8Trax_3086072 jazzbeth vs. dgb : @0/ @1/ A2+ C1+ C3/ B0\ @2/ @3\ B1/ B4/ C4+ @2+ C5+ B5/ A5/ G3+ A6+ H4\ F5+ B7/ G6\ H3+
8x8Trax_3086896 Traxplayer vs. csain1 : @0/ A0/ @2+ A0+ C2+ D3/ E2\ C4+ D1/ A0/ A0/ C0+ @3\ C0\ B1\ A1\ @4/ A5/ G4\ H5/ H6+
8x8Trax_3086897 jazzbeth vs. YankeeFan : @0/ A0/ B1+ A3/ @3+ C0\ @1+ A0\ A0+ @1\ E1/ F3\ D0/
8x8Trax_3088079 Sista vs. Scorpio-Lady : @0/ B1\ B2\ C1\ A0/ @1\ B0/ E1/ E0/ @4/ B5\ D6\ @4+ E7/ D7/ H1/ F5\
8x8Trax_3089619 Phil The Hat vs. darkest angel 70 : @0/ B1\ B2\ @1/ @1+ B0/ D1/ E1/ A3\ C4/ C0\
8x8Trax_3089737 Jay RAA vs. DavidJ : @0+ B1/ @1/ C0/ @2\ A1\ A0\ A0+ @1\ C0\ F5\ F6\ B6/ A6\
8x8Trax_3089873 Honeybear vs. dawn1968 : @0+ @1/ @1\ B0/ D1\ A1+ D3\ E2/ F1\ B0/ E4\ C0/ D1/ A1\ D0+ @2/
8x8Trax_3092111 Pepsi Fan vs. Linda Sue : @0+ @1/ B0\ @1\ A0\ B1+ B4+ @2\ B4+ A1\ @2+
8x8Trax_3092838 DavidJ vs. Linda Sue : @0/ A0/ @2+ C2\ B3/ B4/ C3\ D3/ E3\ E4\ A0\ @1\ C6/ A6\ C7\ D7\ C0/ D1/ E4+ A4\ @2\ @2\ B4+ B5\ F6+
8x8Trax_3095411 Jay RAA vs. DavidJ : @0/ A2\ B2\ @1/ C3/ A3/ @3/ B4+ @3\ A2\ @2\ B1\ D0/ @4+ A5/ A6+ D6\ @6\
8x8Trax_3095412 DavidJ vs. Jay RAA : @0/ B1\ A2/ @2\ @2/ A3/ D0/ E2\ D3\ C4/ C5/ F2/ F1/ G1/ D0/ G4\ @5+ G5\ D1\ C2\ E0\
8x8Trax_3095413 Jay RAA vs. Traxplayer : @0/ @1/ A0/ @1/ D2/ D3/ E3/ D4+ C4\ F3\ B0\ @2\ A1\ @1\ G3/ B0+
8x8Trax_3095414 Traxplayer vs. Jay RAA : @0+ B1\ B2+ A3\ @2/ D3/ C4+ E2/ E1/ E0/ E5\ F3/ E6/
8x8Trax_3095417 dl2 vs. DavidJ : @0/ A2\ B1/ @1/ C0/ B0+ B5\ D3+ A6+ C4+
8x8Trax_3095418 DavidJ vs. dl2 : @0/ B1+ A0\ @1+ A2+ @1\ C3/ E2/ B0\ D2+ F2/ A1+ E1/
8x8Trax_3095419 dl2 vs. Traxplayer : @0/ @1/ B0+ @2+ A3\ B0\
8x8Trax_3095420 Traxplayer vs. dl2 : @0+ @1\ C1\ C2\ C3+ D3+ A3/
8x8Trax_3095423 DavidJ vs. Traxplayer : @0/ @1+ A0+ @2/ C3/ D3/ @3\ E4\ F4\ E5/ A1\ @3\ H4/ H3/ G6\ H6\ F7/ E6\ D4+ F2/ G8+ D6\ D7+ C7/ C8/ B8/
8x8Trax_3095424 Traxplayer vs. DavidJ : @0+ @1/ C1/ A0/ @2/ B3/ D0/ E1/ A1\ B0\ @3\
8x8Trax_3095425 DavidJ vs. Geri39 : @0/ A2\ B2\ B3+ @1\ A0+ @2\ B4/ C5\ C1/ D1/ E2+ C0+
8x8Trax_3095426 Geri39 vs. DavidJ : @0/ A2\ B1/ @1/ C2\ D1/ B3+ A0\ @2+ E0/ F2+ A1\ B0/ @4\
8x8Trax_3095427 Traxplayer vs. Geri39 : @0/ B1\ A2/ B2+ @2\ C3/ C0/ D1/ D0/ D5+ B1\ B0+ A3/
8x8Trax_3095428 Geri39 vs. Traxplayer : @0/ @1/ B0+ @2+ B3\ B0\ C1+ D3\ C4+ C5\ D4\ E4\ D5\ F3/ E2+ F5\ G4+ D6\
8x8Trax_3095431 birddog8560 vs. GringoNZ : @0/ @1/ B2/ C2/ A0/ B4\ D3/ D2/ @2\ B3/ C5/ C6/ D6/ D7+ E4\ F3+ F7+ G3/ G7\ F8\ @2\ C7+ D1+ B1+ C8/ H1+ B4/ B8/ C5/
8x8Trax_3095432 GringoNZ vs. birddog8560 : @0/ A0/ @2+ C1\ B3/ A0/ D2+ D3+ @2/ @2+ B0\ D6\ D7\ D8+ E8+ E2+ A4+ F5\ F6+ G6\ @4+ G7+ D8/ C7/ A7+ A8/ H2+ H4/ F1/ A2\ A1\ H8+
8x8Trax_3095435 birddog8560 vs. davidmilne : @0+ B1+ C1/ C2/ C3/ B0\ @2/ @2/ B1+ C3+ B4+ @2+ F5/ G2/ C0+ B1+ @1\ A0\ D1+ RESIGN
8x8Trax_3095436 davidmilne vs. birddog8560 : @0/ @1/ B0+ A3\ C2/ A0/ B0\ C2+ D4/ @3/ D0\ @2\ C1+ G4+ RESIGN
8x8Trax_3095437 csain1 vs. GringoNZ : @0/ A0/ A0/ B2\ A4/ @3/ D1/ D0/ @3+ A1+ B0+ F3+ G4/ G5+ A6/ @2+
8x8Trax_3095438 GringoNZ vs. csain1 : @0+ A2/ @2/ A0/ C2/ D2/ C3+ @1\ B0/ D0+ F1+ E6/ F6+ @3+ A2\ A1\ H4/
8x8Trax_3095441 csain1 vs. davidmilne : @0/ A0/ A3/ B1+ A0+ B1+ B0/ C1/ A6+ C6+ D1+ @5/ @4+ G5\ G6\ G7+ H2+ H1/ F0\ C8\ B8/ A8/ A2\ H8+
8x8Trax_3095442 davidmilne vs. csain1 : @0/ A0/ @2+ B0/ B0+ A5+ C3+ A6\ B6\ B7\ C7\ D7+ B0+ D4\ E7\ @5+ F4\ G5/ F3+ E2/ A2\ A1\ @4+ A6+ E1+ G1/ H2+ H6+ A7+ H1/ A8+ H8\
8x8Trax_3095443 GringoNZ vs. Jenny Poo : @0+ B1\ A0+ A3+ @1/ A3+ D2/ D1/ E1/ E0/ E4\ F3/ D5/
8x8Trax_3095444 Jenny Poo vs. GringoNZ : @0+ B1+ A2\ B0/ A1+ C2+ A4\ @2+ A4/ C5/ @3\ @3+ B2+ B1\ E0/ A6/ @6/ D7+
8x8Trax_3095445 GringoNZ vs. davidmilne : @0/ @1/ A2+ @2\ B3/ D1/ RESIGN
8x8Trax_3095446 davidmilne vs. GringoNZ : @0/ @1/ B0+ C1+ D1\ D2\ A3+ @2+ C4\ D4+ F3/ F0/ G1/ A1\ H1\ H2+ F5\ G5\ H5+ G6+ RESIGN
8x8Trax_3095447 Jenny Poo vs. davidmilne : @0/ A0/ A3/ B2+ @2/ @2+ C4/ B4/ D5\ E5\ @4/ A5/ C6\ E6+ @6\ D7+
8x8Trax_3095448 davidmilne vs. Jenny Poo : @0/ B1\ A2/ B2+ B3/ @2/ A3/ A4+ @4/ A1\ @3/
8x8Trax_3095449 jazzbeth vs. the sting : @0/ B1\ A2/ A0/ C2\ A0\ @4+ D1\ D4/ B5\ B6\ A1+ @4\ E0/ F5/ F1+ G4+ H2\ B1/ E0/ H5+
8x8Trax_3095450 the sting vs. jazzbeth : @0/ A0/ @1/ @1/ D2/ C3+ C0\ D2/ B3+ C0\ B1/
8x8Trax_3095451 jazzbeth vs. rogerrabbit : @0/ @1/ A2+ B0/ @3+ A2+ C0/ @3/ E4+ A2+ F2+ D0/ C6/
8x8Trax_3095452 rogerrabbit vs. jazzbeth : @0/ @1/ C1/ B2+ D1/ A0+ A0/ D0+ E2/ F2/ D6\ E1+
8x8Trax_3095453 jazzbeth vs. dreamflight : @0/ B1\ A2/ @2+ C2+ A0\ @2/ A1+ A0/ D5\ D1/ E1+ C0/
8x8Trax_3095454 dreamflight vs. jazzbeth : @0+ B1/ B2\ C2\ C3\ A2+ C1+ D3\ D4+ B5+ @4/ A1+ A0\ F5/ @2+ A4/ H4\ E1/
8x8Trax_3095465 touchpoint vs. ypercube :
8x8Trax_3095466 ypercube vs. touchpoint : @0/
8x8Trax_3095469 Jacqui vs. ypercube : @0+ @1+ A0+ A0+ B4/ A0\ B1\ @1+ A0\ A6/ C7/ D4\ A4+ @5\
8x8Trax_3095470 ypercube vs. Jacqui : @0/ A0+ A0\ @2/ @2/ B3/ D2/ C4\ A0\ D5/
8x8Trax_3095471 Azalea vs. ypercube : @0/ @1/ A2/ C2/ C1+ C3\ D3\ C4+ D1/ E3\ C5+ E5\ F5\ A5/ @5\
8x8Trax_3095472 ypercube vs. Azalea : @0/ @1+ @1\ A0\ @1\ D0+ C0+ D1/ E4/ C0+ @5/ C6+ A2\ A1/
8x8Trax_3096743 grade1teacher vs. Dragon101 : @0/ A0/ B1/ C1/ D2+ A3+ A0+ @4\ E5+ F2/ F1/ E0/ F5+ D7\ G5\ B6+ G4+ D0+
8x8Trax_3096809 Rogue Trooper vs. Nancy : @0+ @1+ A0/ A3/ @3/ @3+ @3\ B1\ B0+ A2+ E1\ C0\ @4+ F5\ E6+ E7\ F7\ B1\ G6+
8x8Trax_3098318 basplund vs. Rogue Trooper : @0/ B1+ C1/ C0/ C0/ @3/ @3/ C4+ B2+ C5/ @3+ A5/ A6/ @4+
8x8Trax_3098326 YankeeFan vs. golfnutrof : @0/ @1/ A2+ C1+ B0/ C4+ D1\ B0/ @2+ E4+ F2+ F4\ D6/ D7/ F6\ G6\ E7+ G8\ H7+ G5/ H5+ H2/ H1/ B5+ A7/ B8+ A5+ DRAW
8x8Trax_3101834 angelo vs. Dawn : @0+ A0\ A3\ @1\ A0/ @3\ D4/ A4/ A5/ @3/
8x8Trax_3103079 STrek vs. Darth Rob : @0/ B1\ A2/ B2+ C2\ C3\ @1\ B0/ D2+ @2\ B4+ A1+ A0/ D1+ @5/ B6\ D0/ D8+ @5+ A3+ @6\ A3+
8x8Trax_3103663 sweeteyes vs. Fallen Angel : @0/ A2\ B1/ B0+ C2\ C3\ A4/ @4/ A2+ C0+ A1\ @1\ C0/ A6/ D1+ E1/ A7+ @7/ E7\ D8/ B4+ B8\ F6+ G5/ A2\ H5\ H6\ F3/ G3/ E8\ H2/ H1/ H3+ G7\ H7+ A5\ H8+
8x8Trax_3108782 Nina vs. Morticia : @0+ @1+ A0/ B3\ C3+ C4\ C5/ B5/ A4/ @1\ B0/ D2+ C7/ B6/ E4+ E6+ A6/ @3/ B7\
8x8Trax_3108900 KOOKY vs. Fallen Angel : @0/ B1+ @1\ A0\ A0\ B4\ B5/ A5/ B6+ D3\ D4\ E4\ C7\ @3/ A4/ @4/ A5/ @5/ F8/ E8/ F2\ B7\ G7\ D7/
8x8Trax_3108918 Honeybear vs. dawn1968 : @0/ @1/ A2\ B2\ C2\ @2/ A3/ A4/ B3+ @2/ E4\ B5/ F4/
8x8Trax_3109131 Sista vs. Scorpio-Lady : @0/ B1\ B2\ @1/ D1/ C0\ E3\ E4\ A3/ C4/
8x8Trax_3109295 ypercube vs. Pepsi Fan : @0+ @1/ A2/ C2\ C3\ C1+ C0/ D3\ E3+ E4\ F1/ E0+ F5\ F1+ E0/
8x8Trax_3109296 ypercube vs. Pepsi Fan : @0+ @1/ C1/ B0+ C3/ B0\ A1\ @3/ B0\ A6/ @5\ F4\ E1/ D0\ F3\
8x8Trax_3109297 ypercube vs. Pepsi Fan : @0+ @1/ B2/ B3\ C3\ C2+ B4/ A4/ @1\ B0/ @2\ C4\ B5/ @4/ F6\ G6\ C7/ B7/ A7/ @5/ B8+ A6+ D1+
8x8Trax_3109298 ypercube vs. Pepsi Fan : @0/ B1\ A2/ B2+ @1+ D1+ D2\ B3/ B0/ C5+ A0\ @2/ E1/ C0\ F2\
8x8Trax_3109299 ypercube vs. Pepsi Fan : @0/ B1\ A2/ B2+ @2\ A1+ C3+ D3\ E3\ B0/ E3/ F4\ A0\ @2/ F1+ C0+ G3+
8x8Trax_3109300 ypercube vs. Pepsi Fan : @0/ B1\ B2\ A2+ @2/ C3\ @3\ E3+ A4/ E4+ @4\
8x8Trax_3110609 Linda Sue vs. Pepsi Fan : @0+ @1/ C1/ A0/ @2/ C3\ E2\ B4+ @3/ C5/ E0/ F1/ G2/ F0\ E1\ G2+ H2/ D1+ E0/ F1/ G1/ C3+ A5\ H4+ A4\ A7+ A3+ H6+ F7\ E8\ G7+ G8/
8x8Trax_3110961 Robinmimi vs. Chef Jeff 1 : @0/ A2\ B2\ B1+ B3/ A3+ C1/ C0/ C4\ D4/
8x8Trax_3112214 Goodtime politics vs. Jump This : @0/ A0/ @2\ C1\ D1\ C0+ C0\ B1\ A2\ D4+ B5/ B0+ B0\ D2/ E2+ D1\
8x8Trax_3113646 YankeeFan vs. Geri39 : @0/ B1\ B2\ A2+ @2/ B3\ @2/ D3+ D4/
8x8Trax_3114225 Honeybear vs. Nina : @0/ A2\ B2\ B3+ C2/ C1/ A0\ @1\ E2/ D1/ B0+ A5/ B6\ @3+
8x8Trax_3114615 nisqually vs. jazzbeth : @0/ @1/ B0+ A3+ B0+ B5/ C4\ A1+ A0\ @1\ D6+ @2+ E2/ F4\ D1+ D0/ F2+ B0\ A1\ @1\ H3/ H1+ C7+ H7+ C8+ A6+
8x8Trax_3114817 rogerrabbit vs. jazzbeth : @0+ A0\ @2+ B3\ A0/ C3/ @1\ C0\ A4/ @3+ C5+ F1+ C0/ F6\ G4/ E7\
8x8Trax_3115274 spitfire vs. jazzbeth : @0/ A0/ B1+ @1+ D2\ A3\ A4/ @2\ A0\ D1\
8x8Trax_3115484 aussielady vs. jazzbeth : @0/ A0/ @2+ C2+ @2+ D3/ C3/ A1+ D4+ @1/ D5\ C4+ B0+ B4+ F3/ E1+ C0\ F5+ G4+ A1/ @2\ D0\ A5+ H3/ G2+ G8\ H8+ A6+ C8+ H1+ A7+
8x8Trax_3115485 aussielady vs. spitfire : @0/ A2\ B1/ C1/ C0+ D2\ B3+ @1\ A0\ @3/ B4+ B5/ A4/ D5\ E6/ @4/ A5/ @1\ C6+
8x8Trax_3115641 Pepsi Fan vs. ypercube : @0+ A2+ A3/ B3\ A4/ C3\ @2+ B0/ C2/ C5+ C6\ E5/ @3\ F7\ G5/ C7/ D8+ B7\
8x8Trax_3115642 supermac vs. Uncle Chuckie : @0+ @1/ @1\ B0/ B3/ C4\ D4\ B5/ A5/ @5/ A6/ @3+ B1+ B0/ G7+ G8\ @2\ A1\ A5+ G4+ G3/ H3+ H2/ G1+ H1/ A8+
8x8Trax_3115683 mayonnaise vs. Linda Sue : @0/ @1/ A2+ A3/ C2+
8x8Trax_3115832 andy99 vs. Linda Sue : @0/ A0/ B1+ A0/ C2+ @2/ A3/ @3/ A4/ @4/ A5/ @5/ A6/ @6/ B7/ A7+
8x8Trax_3115950 Linda Sue vs. Pamela : @0+ @1\ A0\ C2+ B3\ D2+ A0/ @2+ D2+ A4/ D1\
8x8Trax_3116309 spitfire vs. AndrewB : @0/ B1\ A2/ @2+ D1/ @2+ D0/
8x8Trax_3116312 nisqually vs. spitfire : @0/ B1\ A2/ @2+ B0+ D2\ B0+ D2/ E2/ A1+ @3/ D4+ C0+ E6\ F4\ G3/ B6+ C0/ D1/ B1\ D0+
8x8Trax_3116370 dab vs. jazzbeth : @0/ @1/ A2+ C2/ A3+ C1+ B0+ A0/ @2\ @2+ B1+ A4/ @3+ D6/ C0\ B2\ D0/ E1/ F1/ A8+ @5\ A6+ @5\ C4+
8x8Trax_3117079 Buz vs. spitfire : @0+ @1/ @1\ A0\ D2+ A0/ B1/ @3/ C4/ @2\ A1\ C0/ C6/ B6/ B7/ @1\ B6+
8x8Trax_3117233 spitfire vs. Geri39 : @0/ A2\ B2\ A0/ A0\ @2\
8x8Trax_3117235 spitfire vs. dgb : @0/ @1/ B0+ @2+ A3\ B0\ D4\ B5/ A6/ @4+ E2/ F4+ F5+ F6/ C7\ @5/ A6/ H4+ A4\ A3\
8x8Trax_3118357 YankeeFan vs. spitfire : @0/ B1\ B2\ A2+ @2/ A3/ @3/ E3\ B4+
8x8Trax_3119547 YankeeFan vs. Geri39 : @0/ B1\ B2\ @1/ A2/ B3/ @1/ D3\ D4\ E2+ D0+ F2/ F5\ F6\ G3+
8x8Trax_3120774 KOOKY vs. Sista : @0+ @1/ @1\ B0/ B0/ D3\ D4\ C5\ B0\ A1\ D3/ E3/ D2/ D1/ A6+ @4/
8x8Trax_3122791 Dawn vs. Sir Pussycat : @0/ A2+ B2\ C2/ @2/ D1+ B3+
8x8Trax_3123672 nisqually vs. YankeeFan : @0/ A0/ @2+ B0+ @3+ B4+ D2+ C0+ C0\ B1\ A3/ B0+ B0/ D1+
8x8Trax_3124106 Sir Pussycat vs. Darth Rob : @0+ B1/ A0+ @1/
8x8Trax_3124366 stormy rebel vs. spitfire : @0/ A2\ B2\ B1+ @1\ A0\ D3/ A0/ B1/ D5\ E5\ B0/ C3/ C1\
8x8Trax_3126297 Darth Rob vs. Sir Pussycat : @0/ A2/ B2\ C2+ A3\
8x8Trax_3126520 Pamela vs. Sir Pussycat : @0+ B1+ A0/ A3/ @3+ @3\ B1+ B4/ B5\ C5\ D5\ E2+ A0\ @1\ A5/ A6/ A7/ G3+ @4\
8x8Trax_3127190 princesarg vs. Dragon101 : @0+ A0+ B1+ C1+ B2+ @2+ A1+ @1+ A2+ @1+ A2+ @1+ G2+ H1+
8x8Trax_3127332 Daddy MBA vs. Linda Sue : @0+ @1\ @1/ A2/ C2+ D1/ D0/
8x8Trax_3127390 Phil The Hat vs. YankeeFan : @0/ A0/ B2/ A3+ C2/ @3/ A2+ E2/ A4/ A5/ @1\ B0/ G4+ G5\ H5\ E6+ B7/ F7+ A4+ F2+ E1/ F8/ E8/ G2/ DRAW
8x8Trax_3127502 DavidJ vs. balmoral : @0/ B1\ A2/ @2+ @2\ B3\ A0\ @2/ @3\ F3+ D5\ B4\ B5+ C0\ B1\ A2+ F1/ G2/ F0\
8x8Trax_3127723 birddog8560 vs. Traxplayer : @0/ @1+ A0/ @1/ B3/ @2+ C0/ D1/ E2+ F2\ G2\ H2\ G4+ E5+ E6/ C5/ A1\ C0+ G2+ F1/ E8\ F7+ H6+ H7\ G8/
8x8Trax_3127776 jaha vs. Dragon101 : @0/ A0/ B2/ B1/ A0/ C2+
8x8Trax_3129173 Dionysos vs. Dragon101 : @0/ A0/ @2/ A0/ A4+ A5/ C2/ C5\ A6/ D5/
8x8Trax_3129243 golfnutrof vs. DavidJ : @0+ @1/ C1/ B0\ @2/ A3/ A0\ @2+ E1/ B0\ F3/
8x8Trax_3134222 Pepsi Fan vs. Rogue Trooper : @0+ B1+ B2/ B0/ C2/ C1/ A1+ C0/ C0+ D3+ @1\ A0\ B1+ @1+ B0+ F7\ G6/ D8\
8x8Trax_3134373 ypercube vs. birddog8560 : @0/ A0/ B1+ @2\ @2\ C3/ @2+ @2\ G3+ F4\ H3/ E5/ D5+ B5/ A5/ F6\ G5/ B1/ C0+ C7+ D0/ F2+ E1/ B2\ A2\ B1+
8x8Trax_3136689 Geri39 vs. jazzbeth : @0/ @1/ B2+ A0+ B4+ C4/ D2/ D1/ E3\ C0+
8x8Trax_3136695 Geri39 vs. jazzbeth : @0/ A0/ A3+ B1/ @3\ D1/ D0+ E1/ D5\ E3+ F1+ F4/ G1/ D6\ C0+ E6+
8x8Trax_3136699 Geri39 vs. jazzbeth : @0/ A0/ B1/ @2/ A0\ @2/ D4\ E2+ B5+ C6/ B7/ A6+ E4+ D7\ E6+ B8\
8x8Trax_3136773 dl2 vs. YankeeFan : @0+ A2\ A0/ B3\ B4\ C1+ C0/ C0/ D2\ D6+ E2/ A1\ @4\ B0/
8x8Trax_3136888 Dragon101 vs. Jay RAA : @0/ B1\ B2\ A0/ A0/ C2\ A0/ A0\ @4+ @5/ C6/ D7\ E1/ D0/ F3/
8x8Trax_3136890 Dragon101 vs. Jay RAA : @0+ B1\ @1\ A0+ A0/ @2\ D1/ E2/ C0/
8x8Trax_3136891 Dragon101 vs. Jay RAA : @0/ B1+ C1/ C0+ B0/ D2/ A1\ C0\ @4\
8x8Trax_3137588 Rogue Trooper vs. jazzbeth : @0+ A2\ @2+ B0\ A1\ A4\ C3\ D2\ A0+ A0/ @5+ @4+ E6+ E1/ C0/ F3+ G5\ E8+ G4/ @4\ B3+ A3+ B2+ B6+ G6+ F1/ H1+ D8/ C8/ B8+ G8\ A1+ A6/ H7+ A8+
8x8Trax_3137591 YankeeFan vs. Rogue Trooper : @0/ B1+ C1/ A2/ B0+ B0/ B0/ D4+ A6+ C5+ @6/ B3+ A3\ @3+ A2+ @5/ B6+ @4\ A3\ A2\ E1/ A1+ E0/ G8\ H8\ D8/ B1+ G1+ H3+
8x8Trax_3137961 jazzbeth vs. birddog8560 : @0/ A0/ B1+ @2\ B0/ C4/ D4/ E4+ D2+ E2\ F3+ B0/ D6+ E7/ F6+ E2/ F2/ G4\ D0+ G2+ H5/ H4/
8x8Trax_3137962 birddog8560 vs. jazzbeth : @0+ @1\ C1\ B2+ B0+ @1/ E2/ D1+ F2/ E3+ @2\ D0/ F5/ F6+ H3/ D5/ F1\ A4\ F7\ G5+ H6+ A1+ F8+ C5+ D6/ A5+ G1/ G8\ A6/ C7+ B8+ H8\
8x8Trax_3137963 jazzbeth vs. Traxplayer : @0/ @1+ A2/ B0/ A4/ B4\ C2/ B5/
8x8Trax_3137964 Traxplayer vs. jazzbeth : @0+ A2/ A0\ @3/ A4/ @1+ D1\ B0/ @1/ E4+ C6/ A3+ E7\ F5+ F2\ A7/ D8+
8x8Trax_3137965 jazzbeth vs. ypercube : @0/ @1/ B2/ C2/ D2/ B3+ D1/ E3\ E4\ F4\ C4/ D5+ F5\ D6/ D0/ G2+ B6+ A6/ B0+ F1+ H1+ H3+ G8\ H7/ H8\ H6/ H5+ A5\
8x8Trax_3137966 ypercube vs. jazzbeth : @0/ @1/ B2/ C2/ B0+ @1/ B0+ @1/ B0/ @2+ C0/ B0+ A5/ A6+ @6/ A1+ A5+ @2\ B0+ G5+ C8+ D8\ D1/ A7+ A8+
8x8Trax_3137967 birddog8560 vs. Traxplayer : @0/ @1+ B2/ C1/ C0/ @3\ @3\ D0+ F2\ B5+ C6/ C7/ @4\ C2\ D8/ B2\ G4+ F5\ H2/ H1/ F6\ G6\ H6+ F7+ B6+ G8/ H7\
8x8Trax_3137968 Traxplayer vs. birddog8560 : @0+ A2\ A0/ B3\ B4\ C1+ C0/ D3\ @2/ @3\ E0\ G4+ F5+ C7\ B2+ D1+ B5+ D0/ F8\ G7+ B2+ B1/ F1+
8x8Trax_3137969 birddog8560 vs. ypercube : @0/ @1/ A0/ B1/ B3/ C1/ D1\ C4\ D2+ @1+ D0+ @2/ C4/ C0+ A6/ @6\
8x8Trax_3137970 ypercube vs. birddog8560 : @0/ A0/ B2/ A3/ @1+ @3\ C4/ C5/ D1/ C0\ B7\ C8/ @8/ @8\ @8\ A7\ C3/ B3\ B2\ D1+ H1/ H3\ A3+ H5+
8x8Trax_3137971 Traxplayer vs. ypercube : @0+ @1+ C1/ C2/ D1/ B0\ C0+ E1\ @3\ @2/ H1\ G0\ E6/ G6\ RESIGN
8x8Trax_3137972 ypercube vs. Traxplayer : @0/ @1/ B2/ C2/ B0/ @1+ C0/ @3\ @3\ D0+ A5/ @4\ E6\ G2+ G7\ H2\ D7+ G8+ C1+ RESIGN
8x8Trax_3142805 GringoNZ vs. Ampella : @0+ A2\ @2+ A3+ @2\ D3/ C4+ E1\ C0+ E5/ C6+ E6\ F6\ D7+ B7+ A2+ @2\ @2/ A3/ A4/ D0\ C2\
8x8Trax_3143233 Goodtime politics vs. Jump This : @0+ B1+ A0+ @2+ A1\ D2+ A3/ @1\ @2+ A4+ @4+ B5\ B0/ @5+
8x8Trax_3146694 Azalea vs. * : @0/ B1\ B2+ C2/ B3\ C4/ D4+ E2\ D1+ E4\ C5/ D6+ F3\ F2+ F5+ G5/ C0+ A5+ B7+ F1/ E0\
8x8Trax_3146782 Dawn vs. Sir Pussycat : @0/ B1/ C1\ B2/ D1\ C2\ C3\ A2+ A0\ @2/ E1/ D0/ F2\
8x8Trax_3148835 Geri39 vs. YankeeFan : @0/ A0/ A3+ A4\ B3\ B4+ C3/ C1/ B0\ C5+ C6\ D6\ B0/ E6+
8x8Trax_3149116 nisqually vs. YankeeFan : @0/ A0/ B1+ B0+ C3\ A4+ B5/ C5+ @4+ C0+ D7\ E7\ D8+ B8+
8x8Trax_3149211 Sista vs. KOOKY : @0/ A2\ B1/ A3\ @1/ A0\ @3\ A5/ @4\ A5+ C0+ F1/ F0/ F0\ E2\
8x8Trax_3149221 ypercube vs. dgb : @0/ A0+ @1/ B0\ @2/ A3/ D2/ @2+ C4+ E3+ @3\ B4+ C0+ @5/ A6/ @4\ A3\ C2+ C0+ A2+ C7\ C0\ DRAW
8x8Trax_3149222 ypercube vs. dgb : @0+ @1+ A0/ A3/ A4/ @2+ @4/ C5/ C0/ D6\ B7\ E3/ B1+ F6\ D7\ E0/ F3+ G5/ RESIGN
8x8Trax_3149223 ypercube vs. dgb : @0+ @1\ C1\ A0\ A0\ D3\ C2+ E3\ B0+ C5+ C6/ C7/ C8/ D6+ A6+ @3+ @3\ B6\ A6\ H5+ F1+ DRAW
8x8Trax_3149224 dgb vs. ypercube : @0+ @1+ B2/ B0/ B0/ C2+ @4\ E2\ F2\ E1+ C5/ D4+ @5+ B6/ B7/ A7/ @5\ B3+ D8\ E8\ G5+ G6/ F8\ B2/ A2\ A1\ G8/ H8\ G7/ B1/ A8+ C1+ F6+
8x8Trax_3149225 dgb vs. ypercube : @0/ A0/ A0/ @2/ B0+ B0/ C1+ @2+ @3+ E0\ C1+ B1/ F2+ A2\ A0\ @1\ A4\ RESIGN
8x8Trax_3149226 dgb vs. ypercube : @0+ A0/ A3\ B3\ B4\ C4\ C5\ D2+ A6+ @3+ C0\ F4/ A2\ @2+ A1\ D0\ H6+ DRAW
8x8Trax_3151796 Rogue Trooper vs. jaha : @0+
8x8Trax_3151862 GringoNZ vs. birddog8560 : @0/ A0/ B2/ B3/ @1/ D2\ D1\ C0\ C0\ D2+ E4+ F2\ C0+ D6\ D7\ E8/ @4\ A3\ @4+ A5/ C6/ B2/ D2\ C1+ C7+ A6/ B8+
8x8Trax_3151874 Dragon101 vs. dgb : @0/ @1/ B0/ @1+ C0/ @3\ C4/ D0+ E1/ A1\ @1\ B0/
8x8Trax_3153419 Miss Traven vs. Lore_Lamia : @0/ B1\ B2\ C2\ B3/ A2+ @2+ B3+ B4/ C4+ C5\ A4+ E5\ E6\ B0\ A1\ @1\ A5+ G7\ @5+
8x8Trax_3153421 Lore_Lamia vs. Miss Traven : @0+ A0+ A3+ A0+ A5+ A0\ @1\ B7/ A7/ B0/
8x8Trax_3153432 Miss Traven vs. Lore_Lamia : @0/ B1\ B2\ C2\ B3/ A2+ A3/ @3/ A1\ @1/
8x8Trax_3155302 FrostyColdOne vs. mcinturff : @0/ B1/ A0\ @1\ A0/ B4+ C1/ D1/ D3+ E1/ E0+ F1/ E4+ E0\ C7\ D7+ F4/ E6+ D0/ G3+ G1+ B8/ A6+ H2/ A7+
8x8Trax_3155304 Rogue Trooper vs. Dionysos : @0/ A2+ @1/ C2+ B3/ B4/ @3+ @3+ D0/ F3\ B1\ C0\
8x8Trax_3157123 grade1teacher vs. basplund : @0/
8x8Trax_3157171 DavidJ vs. Oartkickel of the Wolf Pack : @0/ A0+ A0\ @1\ @1+ A0\ B1+ @2/ C5\ E4/
8x8Trax_3157184 Dragon101 vs. Rogue Trooper : @0/ B1/ B2/ B0/ A0+ @3/ D1\ E4+ E5\ F5\ E6/ F2/ F1/ G4/
8x8Trax_3157201 golfnutrof vs. jazzbeth : @0/ A0/ B1+ @1+ A0\ D3/ D4+ D5/ A4+ E5/ B6+ @6/ B7\ F6\ F7+ G6/
8x8Trax_3157259 Traxplayer vs. dalkelly MIA : @0/ B1\ A2/ B2+ @2\ @2\ B3+ E1+ E0+ F1/ F0/ F3\ G1+ G0\ F0+ D3\ C3\ B3\ B2\ A2\ A1\ B0\ @3+
8x8Trax_3158788 Dragon101 vs. jazzbeth : @0/ @1/ A0/ @1/ C3/ D2+ @1/ B0+ D1\ B0/ A4/ E1/ B0\ D1/
8x8Trax_3158789 Dragon101 vs. jazzbeth : @0+ A0\ A0\ B1\ C1\ A4\ @3/ @1/ A0/ @2+ F3\ A0\ @2/ G7+ @3/ B4+ E7/ D5/ F8\
8x8Trax_3158790 Dragon101 vs. jazzbeth : @0/ @1/ @1/ A0+ D2/ D0\ E3/ E0\ C5+ A2/ E6\ F4/ A6/ G1+ C7+
8x8Trax_3160546 YankeeFan vs. spitfire : @0/ B1\ B2\ B3\ A3+ @3/ C4\ D4\ D5\ E1/ E0/ @6/ E7\ G7\ H6+
8x8Trax_3164981 grade1teacher vs. jaha : @0/
8x8Trax_3165162 basplund vs. ScoobyRex02 :
8x8Trax_3165258 GringoNZ vs. ypercube : @0/ @1/ A0/ @2+ @2/ A3+ B4/ C3+ E2\ F2\ B5+ D4+ F3\ @3/ D0+ B2+ F6+ D7/ D8/ E2/ B7+
8x8Trax_3165705 Miss Traven vs. Christine : @0/ B1\ @1\ C2/
8x8Trax_3165938 Sista vs. KOOKY : @0/ A2\ B1/ @1/ B3+ A0\ @2/ @4/ A5/ @3\ A2\ A1\ E5+ @1+ A0\ @6/ B7\ A2\ E6\ D7/ H5\ B8+ A7/ A8+ G7+ G8+ F1+
8x8Trax_3166744 * vs. psychospaz mom : @0+ B1/ A2+ A0+ @1\ A0+ B0\ B6+ C1/ A5/ @4+
8x8Trax_3167533 Fallen Angel vs. Paddington Bear : @0/ B1+ A0/ C2\ @2/ C3+
8x8Trax_3167733 Dragon101 vs. violet unicorns : @0/ A2/ B2/ A3/ B4+ C2/ B1+ @2/ @2/ B3+ C0/
8x8Trax_3168141 DavidTrax vs. **Lover of Darkness** : @0/ A0/ @2+ B0/ @3+ C0/ A1\ D4\ A0/
8x8Trax_3172451 Miss Traven vs. Lore_Lamia : @0/ B1\ A2/ @2+ C2\ C3\ B3+ A3/ B4\ B5\ C4\ D4\ D5\ E5\ F5\ D6+
8x8Trax_3172452 Miss Traven vs. Christine : @0/ B1\ A2/ B2+ A3\ @2/ B4/ A4+ D2+ C3\ B5+ A5+ E2\ @4+ A5+ A6/ C6\ @5+ F5/
8x8Trax_3173145 ypercube vs. jazzbeth : @0/ @1/ A2+ A0+ C3\ B4/ B5/ @3/ B0/ D2+ A2\ @3\ B7+ A4/ @5\ F5+ G6/ D0/ @7+ H4+ C2+
8x8Trax_3174403 DavidTrax vs. **Lover of Darkness** : @0+ @1+ C1/ C0/ B0/ A2\ C4/ A1+ C5/ A4+ D2+ D1+ C0/
8x8Trax_3174651 violet unicorns vs. Dawn : @0/ A0/ A3/ @1\ @1/ B0/
8x8Trax_3176106 Azalea vs. Linda Sue : @0/ A2\ B1/ A3\ C1+ B0/ B4+ B5\ @4\ D5/ D4+
8x8Trax_3176171 basplund vs. Daddy MBA :
8x8Trax_3176183 princesarg vs. Traxplayer :
8x8Trax_3177539 Rogue Trooper vs. birddog8560 : @0+ A2/ B2+ B3/ @1+ A0\ @1\ @1+ D4/ B3+ D5/ B6\ E6\ F5/ D1+ C0/ E3/ C0\ E2/ F2/ A2+ G7\ G8\ F5\ G5+ @4\ F1+
8x8Trax_3177542 Phil The Hat vs. dalkelly MIA : @0/ A2\ B1/ @2\ B0+ @3/ C4+ A2+ @1/ @3/ B4\ C5/ C6/ @2\ A1\ A0\ @2+ C0\ H6\ C6/ G7+ G2/ A7+ DRAW
8x8Trax_3177655 YankeeFan vs. ypercube : @0/ @1/ C1/ D1/ B0+ @2/ D3+ A0\ @2/ F1/ F0+ G3/
8x8Trax_3177681 violet unicorns vs. Darth Rob : @0/ B1\ A2/ @2+ C2\ B3/ C3\ B4\
8x8Trax_3177682 violet unicorns vs. Darth Rob : @0/ B1\ A2/ @2+ C2+ @2+ B3/ A1\ A0/
8x8Trax_3177774 Robinmimi vs. violet unicorns : @0+ B1/ B2\ C2\ B3\ C3\ A3/ A4/ @2\ @3/ B1+ B0\ @3\ A2\ A5/ @5/ A1\ F5\ A0/
8x8Trax_3177989 Loretta vs. violet unicorns : @0/ A2/ A3\ B3\ @1\ C1/ B0\
8x8Trax_3178084 Didier vs. violet unicorns : @0+ A0/ B2/ B1/ B0/ C1/ A0\ A0/ @2/
8x8Trax_3178199 Pepsi Fan vs. Traxplayer : @0+ B1+ A2\ B0/ C2/ D2/ A4\ @3+ @3\ E3+ @3/ A4/ A5/ @5/ C6\ B2/
8x8Trax_3178241 KeronaJane vs. violet unicorns : @0+ @1/ A2\ B2\ @1\ A0\ A3/ @1/ D1+ A3/ C4/
8x8Trax_3178502 The Running Man 15 vs. violet unicorns : @0/ B1/ A0\ A3/ @2\
8x8Trax_3178821 grade1teacher vs. Traxplayer : @0/ @1/ A2+ C1+ B0/ B4\ C4+ D3+ D1+ C0+ A1\ @3+ B5+ B0+ F2\ C0+ B8\ A2/ @4/ F8\ G7/ H3\ F2+ A6+
8x8Trax_3178924 jaha vs. YankeeFan :
8x8Trax_3178955 **Lover of Darkness** vs. DavidTrax : @0/ A0+ A0\ @1\ B0/ C2/
8x8Trax_3180841 DavidTrax vs. **Lover of Darkness** : @0/ @1/ @1/ A2+ A3/ C3/ B4+ D1/ E2+ D4\ C5+ C6/ B7\ D6+ @2\ B5/ A5/ B0\ F5+ F6\ G3\ G2/ G1/ H3+ A7+ H4\ H6\
8x8Trax_3180981 Pamela vs. violet unicorns : @0+ A2/ A0+ @3/ A4+ C1/ A5+ C3/ D2/
8x8Trax_3180983 violet unicorns vs. **Lover of Darkness** : @0/ B1\ B2\ A0/ @2/ D1/ D0\
8x8Trax_3181341 ypercube vs. * : @0/ B1\ A2/ @2+ B3\ C2+ D2\ D3\ E3\ D4+
8x8Trax_3185159 Shariann vs. * : @0+ @1+ A0/ B3\ C3\ D2\ C4+ D1/ B0\ E2\
8x8Trax_3185164 birddog8560 vs. Rogue Trooper : @0/ B1+ C1/ C0/ A3\ D2+ D3\ D4+ E4\ E5\ C5+ A4+ B0/ A2+ @4\ @3/ D7+ D0+
8x8Trax_3186479 ypercube vs. dgb : @0/ @1/ B2/ B0\ @2/ @2+ A1+ @2/ D3+ D4/ B0/ @3\ B2+ F0+ G1/ D0\ C1\ B2\ A2+ G1/ RESIGN
8x8Trax_3186480 YankeeFan vs. Dragon101 : @0/ @1/ C1/ D1/ C0+ D3+ B4+ @2+ A4/ B5\ F2+ C6\ D6\ E6+ E7\ G3/
8x8Trax_3188467 DavidTrax vs. **Lover of Darkness** : @0/ A2/ @2\ C1+ B3+ C0+ C0+ C0/ D1/ C0+ B1\ B0\ A1\
8x8Trax_3188468 DavidTrax vs. **Lover of Darkness** : @0+ @1/ C1+ C2\ C0/ D1/ D0/ E3\ D5/ F2/ F4\ G4\ B4+ F1/ F0/ B3\ C1\ B1\ E0+
8x8Trax_3188470 DavidTrax vs. **Lover of Darkness** : @0+ B1\ @1+ @1\ D0/ E1/ A1/ B3/ B4/ @2\ B0/ C2/ C1/ A0/ C1+ D5\ @6+ B7/ A1+ @2+ C0+
8x8Trax_3190198 Sista vs. KOOKY : @0/ B1\ B2\ B0/ C1\
8x8Trax_3190621 violet unicorns vs. KeronaJane : @0/ @1\ B0/ @2+ B3/ C3\ C4\ A3/ B4/ A4/ @3/ A4/ A5/ D5\ @3\ D1\ @3\ B2\ A2\ C1\
8x8Trax_3193136 Miss Traven vs. Christine : @0/ A2\ B2\ B1+ B3/ A3+ @2/ @2\ A1\ A0\ A0/ B1+ B5+ B6/ B0\ @3/ B7/ A6/ B8\ A7+ C8+ @7+ E8/
8x8Trax_3195100 rogerrabbit vs. jaha : @0/
8x8Trax_3195506 Sista vs. KOOKY : @0/ A2\ B2\ C2\ A0+ C2/ D2/ E2+ F2\ F3\ C4+ G2/ E1/ D0\ C6\ D0/ E1/ H5\ B2\
8x8Trax_3196287 YankeeFan vs. grade1teacher : @0/ B1\ B2\ C2+ B0+ D2+ D3+ E3+ D4/ D0/ E3/ F4/ B1+ D0/ E1/ F4/ D0+
8x8Trax_3196519 GringoNZ vs. dgb : @0/ @1/ B0+ @2+ A0/ B4\ D3/ @3+ A1\ B0/ @3+ D6/ B5+ @3\ H3/ H2/ F2+ A1+ A0/ D7/ G6+ F2/ E1+ H6\ C0+ F2/ H8\ B8+ DRAW
8x8Trax_3196523 ypercube vs. Dragon101 : @0/ A0/ B2/ B1/ @1/ C3+ D2\ B4\ D4/ E3\ B5\ D6+ C7\ A4+ F5+ E0/ F3+ G5+ G4+ H5+ G7\ G8\ A7+ H7+ G3/ F1+ H1+ E8+ A1\ H4+ A8+
8x8Trax_3196525 Traxplayer vs. jazzbeth : @0/ @1/ A0/ @2+ B3+ D3/ D4/ E4/ A0/ @2+ E6+ F7/ G5+ G4/ E3/ H7/ D5/ D7+ C6+ B6\ D8+ A6/ A7/ C8+ B4+ D2+ C1+
8x8Trax_3196828 Morticia vs. Yiewxi : @0/ A0/ B1/ A0\ @2/ C0/ D2\ D5\ E5\ A1\ @2+
8x8Trax_3196966 ypercube vs. riaZZZ : @0/ A2\ B2\ B1+ B0/ C3\ D2+ E2+ D0/ E2+ C0\ B2+ E1/ E0\
8x8Trax_3197111 Thoddy vs. ypercube : @0/ @1/ B0\ @2\ B1+ B0\ A1\ A0\ @2/ D1/ A4\ A5+ @3+ F3/
8x8Trax_3197592 Rogue Trooper vs. Traxplayer : @0+ B1+ A0/ B3\ @1/ @2\ B3+ @3+ F3\ E4/ E5/ D5/ A4/ G3\ A5/ RESIGN
8x8Trax_3197692 Dionysos vs. Traxplayer : @0/ @1/ B0/ @1+ C0/ @3\ B4+ C0+ A2+ @3+ C6/ A5/ @4/ G4\ F5/ H3+ D0\ D8\ E8\ F7+ G7+ A6+
8x8Trax_3197748 basplund vs. Shariann :
8x8Trax_3197772 supermac vs. Daddy MBA : @0/ A2+ @1\ B0/ A1+ @1\ A0\ B4/ A4/ @2\ @2+ A1\ @1\ A0\ A5/ @4\
8x8Trax_3197934 Thoddy vs. ypercube : @0/ A0/ @2\ A3/ @3/ A4/ C3+ A2+ @3\ C1\ C0\ A6\ C0/ D2+ C8\ A3+ @4\ B1\ A1\ @3/ F1+ G2+ B6\ A6+ G5+ @1+ A4+ G8\ DRAW
8x8Trax_3199415 Elvis vs. Dawn : @0+ A0/ @1/ B0/
8x8Trax_3199418 Elvis vs. Dawn : @0+ A0/ B1\ B2\
8x8Trax_3199775 Sir Pussycat vs. Dawn : @0+ A0/ B1/ C1+ B0+ A4/ @4/ D4\ B5/ E3\
8x8Trax_3199943 Morticia vs. Yiewxi : @0/ A0+ @1+ B0/ C1+ C3+ D1+ A1\ B0/ A1+ A0+ @1\ A3+ A5+ @3+ B6\ G3+ H3\ H4\
8x8Trax_3200430 ypercube vs. Thoddy : @0+ @1\ C1\ A2/ @2\
8x8Trax_3201177 ypercube vs. Thoddy : @0/ A2\ B1/ B2\ B3/ C2\ D3/ D1\ E2\ B4/ E0/ F2\ A1\ B0\ @2/
8x8Trax_3203750 Rogue Trooper vs. Dragon101 : @0+ B1+ A0/ B3\ C3+ B4/ A4/ D3/ C1+ B0+ C5\ C6\ E5+ A6/ C7/
8x8Trax_3204316 JiffyJeff vs. Authority : @0/ A2+ @2+ B0/ B4/ A5\ C4+ @3\ A4+ A2\ @2+ D6/ A5+ @4+ @5\ C7+ B6/ G7\ F8\ H7/
8x8Trax_3204562 birddog8560 vs. Traxplayer : @0/ @1/ A0/ @1/ D2+ D3+ E3\ E4\ C4+ C5/ A3+ B6+ @6+ B0\ A2/ @3\ D0+ E1/ F3+ RESIGN
8x8Trax_3205127 itb4me2 vs. Authority : @0+ B1/ B2\ C2\ C3+ C4/ A2+ @3\ C0+ D1/ E3\ C0\ A2\ @4/ F1+ G5/ D7\ G6+ H3+ F7+ H6/ E0+
8x8Trax_3205435 Paddington Bear vs. ypercube : @0/ A0/ B1+ B3/ C3/ B4/ @2+ A0/ D2+ A4/ D1/ A6/ @4/ E6\ F3+ F6/
8x8Trax_3205436 ypercube vs. Paddington Bear : @0/ A2\ B1/ B0+ C2\ C3\ D2\ B4/ @3\ C5+ @1\ B0/ A5/ A1\ B6/
8x8Trax_3205443 ypercube vs. Allison : @0/ B1\ A2/ A3/ C1/ A0/ A0/ C4\ D5/ D6/ A6+ @6/ C0/ D3+ @7/ F2/ F1/ D0\ C1\ B4+ G6/ G3/ F5/
8x8Trax_3205444 Allison vs. ypercube : @0+ A0+ B1/ @1\ C0/ D1/ B0\ @2/ F1/ C0+ B2+ F4\ A1\ E5\
8x8Trax_3205445 ypercube vs. dreamflight : @0/ B1\ B2\ A2+ @2/ B3\ D1/ B0/ D4\ E3/ C5/
8x8Trax_3205446 dreamflight vs. ypercube : @0+ @1+ B2/ A0\ B1+ @2+ A3+ A4+ @4/ C5/ A3\ D5\ @3/
8x8Trax_3205447 ypercube vs. boneyardking : @0/ A2+ A0\ @3\ @3\ B1+ A0/ D3/ D1/ D0+ E2\
8x8Trax_3205448 boneyardking vs. ypercube : @0/ A0/ @2+ @2/ D1/ D0+ D0\ A1+ @3\ C0+
8x8Trax_3205459 Jay RAA vs. jazzbeth : @0/ A0/ B2/ B3/ C3/ D3/ @1/ B0+ C1\ @1+ B3/ B0/ A5/ @2/
8x8Trax_3205460 jazzbeth vs. Jay RAA : @0/ B1\ A2/ A0/ C2+ A0\ @2/ B0\ B0\ B0\ D7/ B8/ A2+ @5/ D3+
8x8Trax_3205463 **Lover of Darkness** vs. jazzbeth : @0+ B1/ B0+ C2+ C3+ D3\ C1+ C4+ A3+ D1/ E3\ C0+ C0\ B1\ B0\ @4/
8x8Trax_3205464 jazzbeth vs. **Lover of Darkness** : @0/ A0/ B2/ A0/ B2/ @2/ B0+ C2/ A4+ A5\ D3/ E4/ F5/ E6/ G5+ D2/ B0/ @5/ F4+ E7+ F1/ G1/ E0/
8x8Trax_3205465 rogerrabbit vs. jazzbeth : @0+ A0/ A3\ B1/ B0/ C4+ D3+ @2+ D5\ E5\ A3/ E6+ F4+ F2+ D0+ G3/ F0+ A2\ @3/ D1+ A1/ B7+ G8\ H7/ A7+ B8\ A8/ H8+
8x8Trax_3205466 jazzbeth vs. rogerrabbit : @0/ A0/ @1/ B3/ A0+ A3/ @1\ @1+ C0+ A5/ @2/ B6+ B7+ C0/ B1+
8x8Trax_3206095 grade1teacher vs. Rogue Trooper : @0/ A0+ @1+ B0/ C1+ D1\ C3+ B4+ C5/ D4+ E4\ A4/ @3\ F6+ F7/ G3+ E0\ A2/ A1/ H5/ G7\ H7+ A6+ F2+ H2+ H1/
8x8Trax_3206105 YankeeFan vs. Dionysos : @0/ B1\ B2\ C2+ D1\ E1\ C3\ D0/ D0+ E1/ F1/ E0+ B1\ A5/ A2\
8x8Trax_3206241 dl2 vs. violet unicorns :
8x8Trax_3206485 Yiewxi vs. Charlo : @0/ B1+ @1\ A0\ B1/ A0/
8x8Trax_3207270 Pamela vs. Charlo : @0+ @1/ B0+ B0\ A1\ @2\ B0+ B0/ D2/ D1/ D0/ E3+ F1/ E0\ B2+ D7\ D8\ A2+ A1\ A5+ @2+ B7/ A7/ A4+ A6\ @7/ A2+ H1+ H4\ A6\ A1+
8x8Trax_3207872 JiffyJeff vs. Charlo : @0/ B1+ B0+ C2\ C3\ @2/ B4/ A4/ @4/ C5+ A2+ C6/ E6\ E7+ F5\
8x8Trax_3207972 ypercube vs. Thoddy : @0/ A2\ B1/ B2\ C1/ C0+ B0+ C4\ D4+ E4/ D3/ D1/ E3+ E2+ C0+ F3\ A6/ @6/ A7/ B1+ B8+
8x8Trax_3208094 jaha vs. DINGEROO :
8x8Trax_3208196 * vs. rogerrabbit : @0/ A0/ @2+ B0/ @1+ A0\ A0+ @2/ B0/ D7/ E7+ B7\ A6+ A5+ @5+ A6+ @5\ B4+ G1+ D0/ H5/
8x8Trax_3208308 psychospaz mom vs. basplund : @0+
8x8Trax_3208557 Morticia vs. Yiewxi : @0/ B1+ A0\ @2/ A3+ D2+ A4+ E2+ B0\ B0+ C1+ B0\ E3/ E2/ F4+ A3/ @6/ C7+ F6\ H4+ D8/
8x8Trax_3209507 Tolp vs. Authority : @0/ B1+ A0\ @2/ A3\ C3/ A4\ C4+ @2/ C5\ @4\ F2\ F5/ B1+ A2+ A5+ C6/ @3\ @3\ G1/ G0/ A2/ B1/ A5+ A6/ A7/
8x8Trax_3209589 ypercube vs. Thoddy : @0/ A2\ B1/ B2+ B3\ C1/ B4\ D1/ A4/ @3+ B0+ B6/ E6/ A3\ A7\ F3+ F7+ G4+ E8/ D6+ D8+
8x8Trax_3209815 Rogue Trooper vs. YankeeFan : @0+ A0/ @2/ @2/ B1+ D2\ A3+ B4+ E2\ D5+ D6/ D7/ F4+ F2+ B6+ A4+ @4/ A2+ B0/ H5/ DRAW
8x8Trax_3209933 ypercube vs. Thoddy : @0+ @1\ C1+ D1+ D0/ E1/ E0/ F1/ C1\ E0+ C5/
8x8Trax_3209959 Yiewxi vs. Charlo : @0+ B1\ C1/ C0/ B1+ A1\ C0/ A0+ D4\ D5/
8x8Trax_3210049 Yiewxi vs. Charlo : @0/ B1+ @1\ A0\ A0\ C4+ D4\ A4+ @4/ A5/ @5\ A3/ D2+ C0\ B7\ D0+ @2\ F2+
8x8Trax_3210881 itb4me2 vs. Charlo : @0+ A0/ B2+ B3\ C2+ @2+ B3+ @2+ D4\ F2+ E5\ F5\ D5+ G2+ B5/ C6\ A4\ @2+
8x8Trax_3211720 Authority vs. JiffyJeff : @0/ @1/ B2/ A2/ A3+ @3/ A2+ B4+ @4\ B5+ B6/ @6+ E4+ F2/ F1/ G3\ A3+ B1+ C0+ D7+ D8\ E8\
8x8Trax_3211983 ypercube vs. Thoddy : @0/ B1\ A2/ A0/ @1/ C0/ D3+ C4+ A1\ B5+ B0/
8x8Trax_3211988 ypercube vs. Thoddy : @0+ B1/ B0/ B0+ C1/ C2+ D3/ B4+ E2\ C5\ F1/ E0\ G3\ G4\ G6+ A5+ H4+ D1\ H5+ A1\ C0+ G2+ E1+
8x8Trax_3212483 DavidTrax vs. **Lover of Darkness** : @0+ B1+ C1/ @1\ B2\ D0+ C4/ B1+ B0+ D1+ D5\ E4\ D6/
8x8Trax_3212799 gramat vs. Charlo : @0/ A2+ @1\ A0\ @1/ C4\ D4\ B3/ A3/ C5+ @2\ A5/ @3\ B6\
8x8Trax_3212952 Sir Pussycat vs. Authority : @0+ A0\ @1\ @2\ B0+ D3/ A1\ B0\ B5+ D1/ D0+ E2\
8x8Trax_3213266 Paddington Bear vs. * : @0/ B1\ B2\ C2+ D2/ D0+ B0/ A1/ @3/ @2/ A1/ C0+ B5/ C6\
8x8Trax_3213314 joe768 vs. jaha : @0/
8x8Trax_3213385 boneyardking vs. violet unicorns : @0/ B1\ A2/ B2\ A3\
8x8Trax_3213406 ypercube vs. Traxplayer : @0/ @1/ C1/ A2+ D2/ D3/ A0+ B4/ D5+ E4\ @4\ D6+ @3\ B2+ H4\ H5\ H6\ F1\ A4/ B5+ A5+ A6+ A7\ B7\ F7+ E8+ F8\ DRAW
8x8Trax_3213662 Morticia vs. Yiewxi : @0/ B1\ A2/ @2\ A3\ C2\ @2+ B4+ @2+ @2\ A1\ @1\ E1\ H1\ F0\
8x8Trax_3213668 Angieblank vs. Charlo : @0+ @1\ B2/ C1/ C2+ B0+
8x8Trax_3213897 EMILY vs. Charlo : @0/ A0+ A3/ B2/ @3/ @1+ @3/ B4/
8x8Trax_3214825 YankeeFan vs. JiffyJeff : @0/ @1/ C1/ C0+ D1\ C3\ C4+ D4\ E2/ F2+ @4/ A5/ A1\ @2\ B0/
8x8Trax_3215386 ypercube vs. riaZZZ : @0+ @1+ C1+ B2+ B0+ D2+ @2+ F2+ F3\ @2+ E1/ @2+
8x8Trax_3215466 DarkHoney vs. **Lover of Darkness** : @0/ B1/ @1\ A0+ A0/ B1/ D3\ C4+ C5+ D5\ E4\ D2+ C6+ B5/
8x8Trax_3216304 Linda Sue vs. rogerrabbit : @0+ A0\ @1/ B3\ B0/ C1\
8x8Trax_3216440 Adam vs. critterhug MIA : @0/ B1+ B2/ B3\ C2/ A2/ D1/ C0\ @2\ B1+ B0\ A2\ C0/ D2+ A1\ A0\ @3/
8x8Trax_3216589 Nina vs. Dragon101 : @0+ A0/ A3\ B3\ C2\ A4+ D1/ B0+ D4\ E2/ E4+ F4\ G4+ E5/ A6\ @3+
8x8Trax_3217117 Charlo vs. JiffyJeff : @0+ @1+ C1\ C2\ D1/ B0/ B0/ E3+ F3\ F5+ C5+ C0\ A6/ B7\ @5+ F3\ @5\ B3\ A1+ F1+ B0+
8x8Trax_3217521 ypercube vs. Geri39 : @0/ B1\ B2\ C1+ A0\ @1\ C1+ @1/ A2/ B3+ F3\ F4\ G4\ E4/ G5\ @3/ A4/ F5+ H6\ E5+ B0/ D7+ A2/
8x8Trax_3217537 ypercube vs. Thoddy : @0/ B1\ A2/ B2+ C1/ C0/ @2+ B1/ D0/ B5/ A1\ @1\ D0+
8x8Trax_3217538 Thoddy vs. Authority : @0/ @1/ A0/ @2+ A3\ D2/ D1+ E1/ D0+ B1\ B0+ A1\ @3/ F5\ G4\ F6/
8x8Trax_3217702 Adam vs. Pegasus : @0+ @1/ A0\ C2/ @1/
8x8Trax_3219159 Geri39 vs. YankeeFan : @0/ A0/ A3+ @1\ B0/ B5\ C4\ B6\ C0/ D3+ D6\ E6\ A6\
8x8Trax_3219263 roanne vs. Charlo : @0/ B1+ B0+ B0\ A1/ B4+ B5+ C3\
8x8Trax_3220015 ypercube vs. Thoddy : @0/ A2\ B1+ C1\ C2\ D2\ A3+ B4+ E3+ E1\ A4/ @2\ @2\ C5+ C6\ F5/ @4/ B5+ D7+ E0/ B8/ DRAW
8x8Trax_3220016 ypercube vs. Thoddy : @0+ @1\ C1+ B0+ D2+ E2/ E1/ F1/ C0+ D0+ G3+ B2\ A1/ G1\ B0+ A1+ @5\ C6\ C7\ G1+ C8+ B6/ E6+ E8+ F8\
8x8Trax_3220289 andy99 vs. Charlo : @0/ B1+ B0+ C2\ A3/ @3/ A4/ E3+ A5/ @4+ C1+ D0/ G4\ E7\ F7+ C8+ A7+ @7/ D1+ A5\ F2+ G2/
8x8Trax_3220419 Angel Baby vs. Charlo : @0/ B1+ @1\ B0/ @2\ E2\ A3/ D3+
8x8Trax_3220488 * vs. Thoddy : @0+ @1\ A2/ @1\ C2+ D2\ D3\ D4+ E2/ E1/ E0+ F4+ F5\ F6+ G5+ G2/ B6/ F1/
8x8Trax_3220912 Authority vs. Dawn : @0+ A0/ @1/ B0/ C1/ D1+ C0\ A1\ @2/ F2/ F3+ A3/ B5+ A6\ C5\ B7/ @6/ E7\ C8/ A3+ F7+ B1+ @3+ B8+ DRAW
8x8Trax_3221183 The Running Man 15 vs. Charlo : @0/ B1+ A0\ @1\ A0\ D3\ C1/ C4+
8x8Trax_3222693 Sir Pussycat vs. Dawn : @0+ A0/ @1+ @1\ A2/ B0+
8x8Trax_3222825 violet unicorns vs. KeronaJane : @0/ A2\ B2\ B1/ B3/ A3/ B0/ @4/ A5/ A1\ @1+ A6/ B6+ D7\ E7/
8x8Trax_3222978 ypercube vs. Thoddy : @0+ @1/ C1+ C0/ C0/ B4+ @4/ B5+ B6/ A5/ @5/ B6/ A3\ @4+ C2/
8x8Trax_3223136 violet unicorns vs. Azalea : @0/ A0+ @1\ C1+ B0/ @2\ A0/ @2+ E4\ D5\
8x8Trax_3223137 **Lover of Darkness** vs. jaha : @0+ A0/ A3\ B1/ B4/ A5\ @5\ B6+ @6\ E2+ B2\ C7+ C8\ D8\ F5\ B4+
8x8Trax_3223237 stormy rebel vs. YankeeFan : @0/ A0/ B1\ B2\ A3/ @1\ A0\ B5/ B6/ @4+ B7/ D5/
8x8Trax_3223327 Charlo vs. Dawn : @0/ A0/ A0+ A0\ @3/ C2/ D2/ @3+ A4/ @4/ D5/ A1\ @1\ B0/
8x8Trax_3223351 Authority vs. JiffyJeff : @0+ A0\ A0\ B2+ @2+ D2/ @3\ B4/ @3\ B1+ F3/ C0\ A1+ @1\ D6+ C5+ @1+ A0\ A0\ D2+ D8/ B8+ C2+ D1+
8x8Trax_3223949 Thoddy vs. Authority : @0/ @1+ A0\ B3+ @1+ A0\ C1\ D2\ E1+ E0/ @2\ A1\ B0+ F6\ G5\ F7/
8x8Trax_3224136 KOOKY vs. Sista : @0+ @1\ A2/ @2/ D1+ A1\ @2/ F1/ A1\ @2/ H1\ G2/ F3\ D4+ H3\ H4\ F5/ A1+ D5\ A0/
8x8Trax_3224207 sithneedow vs. Charlo : @0/ B1+ B0+ C2\ A3/ B4+ D3+ @3/ C5\ C6\ C7\ B5+ A6+ @4\ @5+ B7+ F8/ H5+ A2\ C1/ F1/ G1/ H1+ A1+ A8/
8x8Trax_3224497 ypercube vs. Authority : @0/ @1/ B2/ A2+ @2/ B3\ C0/ D1/ A1\ B0/ @3/
8x8Trax_3224579 grade1teacher vs. * : @0/ B1\ B2\ C2+ A2/ C3/ A3+ @1/ B4\ D0/ E1/ A1\ D0+ @3\
8x8Trax_3224599 Paddington Bear vs. Rogue Trooper : @0/ A0/ @1+ A0\ @2/ A0/ B5\ @1+ A4+ E5+ E2+ F3+ G2\ H2\ A0\ C1+ C0/ G3+ C0+ F3+ F1+ G1/ H1+ H7+ G8\
8x8Trax_3224693 ypercube vs. Thoddy : @0/ B1+ C1/ A0/ @2/ A3/ D0/ E1/ A1\ @2+ C0/
8x8Trax_3224760 sweeteyes vs. Charlo : @0/ A2+ A0\ @2/ C3\ C4+ D4\ D3+ B5/ A5/ @5/ E1/ A6+ D0\
8x8Trax_3224906 Robinmimi vs. Authority : @0/ B1\ B2\ C2+ D2/ D3/ @1\ B0+ C4/ C5\
8x8Trax_3225003 Yiewxi vs. Charlo : @0+ B1\ B2\ C2+ @1\ D3\ C3+ A2+ @2\ C0\ D1/ D0\
8x8Trax_3225264 jazzbeth vs. ypercube : @0/ B1/ A2\ @1/ @1/ C3+ D3\ E1/ F2\ C0+ @2/ A0+ @3/ G1/ D0\ H3/
8x8Trax_3225265 ypercube vs. jazzbeth : @0+ A0/ A3\ B1/ B0/ C4+ D3+ @2+ D5\ E5\ F5+ D6+ F1/ B6/ G2\
8x8Trax_3225935 DavidTrax vs. **Lover of Darkness** : @0/ A2/ A3/ @2/ C1+ D1+ B0/ A4/ E2+ E3+ F2\ G3/ H2\ F4\ C5+ E1+ F6\ G6\ E0+ E0\ D1\
8x8Trax_3225957 Pepsi Fan vs. Dragon101 : @0+ B1+ A2\ B0/ C2/ D2/ B4/ B5/ C3+ D4+ @4/ F4\ B6\ @4+ E7+ H3+
8x8Trax_3226009 Rogue Trooper vs. Sea Breeze : @0+
8x8Trax_3226963 ypercube vs. Charlo : @0/ A2+ A3+ B1/ C2/ B0+ @2/ D1/ D0/ E3\ A1\ D0+ @3\
8x8Trax_3227049 itb4me2 vs. DarkHoney : @0+ @1+ A2\ A0\ @1\ D2+ @2+ F2+ A3\ C0/ D1/
8x8Trax_3227061 DavidJ vs. ajj52 : @0/ A0/ B2/ A0\ @1\ A0+ A3/ A4+ @3\
8x8Trax_3227246 Fighting Spirit vs. Authority : @0+ A0\ A3/ @3/ A4/ @2\ C5\ D4/ A1\ B0\
8x8Trax_3227763 Morpho vs. Charlo : @0/ B1+ A0\ @2/ A1+ A0\ @3/ D4+ E4\ D5/ C6+ B0\ D7+ C1/ D1+ C0\
8x8Trax_3227863 ypercube vs. Thoddy : @0/ @1+ @1\ A0\ @1\ D3\ B0+
8x8Trax_3228298 jamestownfan vs. Charlo : @0/ B1+ B0\ B3+ C2/ B0+ B0/ D1+ C0/ A3\ @2/ C1+ C0\ @3/ B5/ A5/ @5+ C6+ B7\ C8/ D8\ A7+
8x8Trax_3228306 ajj52 vs. DavidJ : @0+ B1/ B2\ C1/ A0\ A0\ C4+ @2+
8x8Trax_3228384 critterhug MIA vs. Authority : @0/ B1\ B2\ C2\ A2/ B3+ A3+ @3\
8x8Trax_3228712 ypercube vs. Charlo : @0/ @1/ B2/ A2+ @2/ D1+ C0/ D4\ E4\ B0+ A1\ @1+ C0+ A5/ @3+ C6/ D7+ F7\ F8+ G8\ B7\ B8+ A8/ @3\ A7+ A6\ H3+ DRAW
8x8Trax_3228759 charlie it vs. Authority : @0+ A2/ A0\ @1\ @1+ A0\ B1+ B0\ D4\ E4\ @2\ A1\ A5/ @5/ C6/
8x8Trax_3228899 YankeeFan vs. golfnutrof : @0/ A0+ B2/ A3+ B4/ C4+ D3+ E2\ F3/ G2\ H3/ C1+ C0+ B0\ A1+ F2+ D1/ D0+ F2+ G2/ G1/ E0\ H3+
8x8Trax_3228931 Thoddy vs. ypercube : @0/ @1/ B2+ A0+ @1+ D1/ B0/ B0/ @3+ B1\ C0/ D0\ E4+ A2\ @4+ D8/ C8/ B6+
8x8Trax_3228947 Dawn vs. Elvis : @0/ B1\ B2\ A2+ @2/ C3\ @2/ E2\ A1\ B0\ @2/
8x8Trax_3228997 sithneedow vs. Charlo : @0/ B1+ B2\ B3\ C3\ A0/ @2+ A3+ @2+ E5\ F3/ A5/ C6+ @2/ E7/ H4+ H6+
8x8Trax_3229317 Miss Traven vs. Lore_Lamia : @0/ B1/ B2\ C1/ C2+ C3\ C4/ D2+
8x8Trax_3229533 ajj52 vs. DavidJ : @0+ B1/ C1\ B2/ A0/ C1/ C3\ B0\ @2\ E1/ C0\ E4/
8x8Trax_3229602 TrueIndian vs. Charlo : @0/ B1+ A2/ @2+ B3/ C0/ B1+ C0/ D3\ E1+ E4+ @3+ D0/ G5+ H4\ G2+ B2+ D7\ F7\ G7\ A6+ C8\ G8\ H8+ B7+
8x8Trax_3229642 TrueIndian vs. Authority : @0/ A0+ @2/ @2/ C0+ B4+ D4\ D5\ B5+ E3+ D2/ B6\ E1/ F1+ E0\
8x8Trax_3231569 Patti_beach2002 vs. Charlo : @0+ @1+ @1/ A2/ B3\ C2\
8x8Trax_3231995 Morticia vs. Yiewxi : @0/ A0/ B2+ C2\ A3/ B4/ A4/ @4/ @2+ @3\ F5+ G5\ F6/ H5\ C7/ B6\ C0+
8x8Trax_3232277 Lady Mac vs. Authority : @0/ B1+ @1/ C0/ B1+ C0+ A1+ A4+ @1+ A0\ B1+ A0\ D2+ @2+
8x8Trax_3232359 Chad vs. **Lover of Darkness** : @0/ B1/ B0\ C1\ C0\ C0\ D4/ B5/ C6+ A5+ B1\ @5+ F3\ D7/ C0+ B7+ A7/
8x8Trax_3232521 Dawn vs. Authority : @0/ A0+ A0\ @1\ A0\ @1\ D3\ E3\ D2+ F3\ A0\ @1\ @1+ A0\ H7+ E1+ E8/ D8/ G1+
8x8Trax_3232679 terence vs. Authority : @0/ A0/ @2+ A3+ C1+ B0\ C1/ C0/ A2\ @3/ D5\ E3\ E0\ E6\ F5/ G3+ H1/ H0/ C2\ D1/ H0/ A5+ H6/ G7+ G8+ D1\ C2+ B3\ C1+ B1\
8x8Trax_3232757 Thoddy vs. ypercube : @0+ @1+ A0/ B3\ B0\ C2\ @1\ A0\ D1\ E1+ E4+ D0+ C2+ B1+
8x8Trax_3232880 balmoral vs. * : @0+ B1+ B2/ B0/ A1+ @2+ D2\ D4/ E3/ F3/ B4/ A4\
8x8Trax_3232937 GlassTiger vs. basplund :
8x8Trax_3233081 Thoddy vs. ypercube : @0/ A2/ B2+ @2/ C3\ C4+ D3/ @1\ B0/ A5/ E2/ @4\
8x8Trax_3233481 Vixen vs. Charlo : @0/ B1+ A0\ @2/ A3/ B4+ D2/ D3+ E2\ B5/ E4/ @2\ A1\ A5/ @3\ C6/
8x8Trax_3233885 andy99 vs. Charlo : @0/ A2+ @1/ C2+ C3\ B3+ C0\ D3\ D4+ D1/ E1/ D0\
8x8Trax_3234368 Miss Traven vs. Christine : @0+ @1+ C1/ C0\ @2/ A3/ @2\ A1\ E0/ F1/ F2+ A1/ B1/ C2+ @4/ D0/ F1/ A6/ C1\ C0\ F6\ G6\ A3\ @4\
8x8Trax_3234733 Azalea vs. Adam : @0/ B1\ A2/ @2+ A3+ @1\ C0+ B0/ A1+ C0/ D2\ E3/ B1+ E1/ F1/ D0+ F4/ G2/ D0/ C1+ @6/ A7/ E7\ D8+ F6+ H4+ F8\ G8\ H6/ B2\ A3/ A8+ A2+ A1\
8x8Trax_3234853 ypercube vs. Thoddy : @0+ A0+ A3+ @3\ C2/ B0/ D1+ D0+ E3/ D4+ D0+ B7/ @7+ A8/ @8/
8x8Trax_3234868 Pegasus vs. violet unicorns : @0+ @1/ B0\ C2/ @2/ C3\ E2\ E3\ F3\ B4/ F4/ A4/ @3\ A4/ @3/
8x8Trax_3235419 ypercube vs. Thoddy : @0+ @1+ A2+ C1+ B0/ C3\ B0/ D3+ @4\ F3\ F5\ G4/ @4\ C5\ F6/
8x8Trax_3235629 Dr Gideon Fell vs. Charlo : @0+ B1+ C1+ D1+ E1+ F1+ G1+ H1+
8x8Trax_3235650 The Running Man 15 vs. Charlo : @0+ @1/ A0\ @1\ A0\ A0+ A4+ @2\ D3/ B5\ A5/ @4/
8x8Trax_3235662 *Leo The Lion vs. Dragon101 : @0/ A0/ B1/ C1/ @1+ A0\ D4\ E4/
8x8Trax_3235663 Dragon101 vs. *Leo The Lion : @0/ A2\ B1/ B0+ A0/ C2\ @4\ B5\ C4+
8x8Trax_3235850 Authority vs. JiffyJeff : @0+ @1+ A2\ A0\ C3/ C4+ @2/ B4+ @2/ B5+ @3/ A2+ C0\ D6+ D7\ A5/ @5/ A6/ C7\ D8/ @4\ B7\ G8\ H7+ G2+ G1/ H1/
8x8Trax_3236084 Pepsi Fan vs. Rogue Trooper : @0+ B1+ B2/ B0/ C2/ C1/ A1+ C0/ C0+ D3+ C0/ D6\ E5/ C7/
8x8Trax_3237383 Rogue Trooper vs. YankeeFan : @0+ A0/ B1\ @2+ A3/ @3/ A4+ @3+ D4\ E4+ D5/
8x8Trax_3238320 Charlo vs. Dawn : @0/ A0/ B1+ A3+ C2/ @3/ B0/ B0/ B0/ A3+ @5\ E1+ F4\ A4\ A6/ @5+ G2/ H2/ B2+ H6\ H7\ A6+ C7+ E0\ A3\
8x8Trax_3238352 Authority vs. Kriistina Jean : @0+ @1+ @1/ A2\ C2\ C3\ D1/ D0/ E3\ F3+ F4\ C5\ A5/ @3\ C6/
8x8Trax_3238603 Chad vs. **Lover of Darkness** : @0/ A2+ A3/ B2+ @3\ A4\ A5\ A6\ @4\ A3\ @3/ A4/ C1\ @4\ D0/
8x8Trax_3239088 JiffyJeff vs. Charlo : @0/ B1+ C1/ A2+ B3/ B4/ @3+ D0+ C0/ A4\ A2+ B1+ E2+ E3+ C7/ F2\ G2\ D0\ E2+ D5+ G5\ F6+ H5/
8x8Trax_3239232 Miss Traven vs. Christine : @0/ B1\ A2/ B2+ @2\ A1+ @2/ A3/ A1\ @2\
8x8Trax_3239479 Sista vs. KOOKY : @0+ @1\ A0\ @2/ B3/
8x8Trax_3239962 Authority vs. Dawn : @0/ A0/ @2+ B0+ A0/ C2/ D1\ B5\ C3+ @3/ F1\ C0\ F5\ F6+ G4\
8x8Trax_3240180 Dragon101 vs. Rogue Trooper : @0/ B1+ C1/ C0/ B3+ A4\ B5/ @2/ C0+ B1\ E2/ A1\ @3/ C0+
8x8Trax_3240190 birddog8560 vs. Traxplayer : @0/ @1/ A0/ @1/ B3/ D2+ E2/ B0\ B5+ C6+ C2/ RESIGN
8x8Trax_3240328 ypercube vs. Thoddy : @0/ B1\ A2+ A3\ B3\ B0\ @3\ D4\ A0\ @2/ E1/ A1\ F2/
8x8Trax_3240333 ypercube vs. Thoddy : @0+ B1+ C1+ D1+ A0\ E2+ A0\ B2+ @2+ @1/ B0/ C5/ A0\ A6/ @2\
8x8Trax_3240342 *Leo The Lion vs. Dragon101 : @0/ A0/ B1/ B3/ B4+ A4+ @1+ A0\ A0+ @3/ A5/ @4\ F5+
8x8Trax_3240343 Dragon101 vs. *Leo The Lion : @0/ B1/ B2/ B0+ @2+ A3\ A0+ D2/ D3+ E3\ C5+
8x8Trax_3240974 heidibb vs. Dawn : @0/ A0/ @2/ @2+ C0/ A4/ A5/ C0+ D3+ B5+ @6/ E6\ E7\ F5\
8x8Trax_3241169 ginifish vs. heidibb : @0/ @1/ B2/ C1/ B0\ A1\ @2/ C0\ D0\ B2+ A2+ @2/ C5/ F5\ F6\ B5/ F3/ G3\
8x8Trax_3241263 * Sassy_Angel * vs. Ray of Light : @0/ A2\ B1/ B2+ C2+ B3/ @2+ E2/ C0\ D4\ C5/ @5/ A6/ B6+ @5/ A6/ B3+ B7+
8x8Trax_3241346 *Leo The Lion vs. Dragon101 : @0/ A0/ B1+ C2/ A3+ @1+ B0/ B0/ D2+ B0/ D0+ E1/ D8\ E5\ F3+ @3+ @2/ D1+
8x8Trax_3241348 *Leo The Lion vs. Dragon101 : @0/ A0/ A0+ @1/ C2/ A3/ C0\ D3/ @4+ E5\ F5\ B1+ B6+ A5/ E0+ F1/ F8\ G7/ @6/ A7/ A8+ H2+ H4+ DRAW
8x8Trax_3241350 Dragon101 vs. *Leo The Lion : @0/ A0/ B2/ A3+ @2+ B4+ @2+ C5+ D5+ C6+ B0\ A2+ C0/ D1/ B5/ E4/ @5/ A6/ A7+ @5\ A4\ @6+ B7+
8x8Trax_3241351 Dragon101 vs. *Leo The Lion : @0/ @1+ B2/ C1/ C0/ @3\ B4\ D0+ E5\ C6/ D7+ E6\ F2/ F1/ D0/ G2/ H3+ A2\ DRAW
8x8Trax_3241644 Goldberry vs. Authority : @0/ B1+ B2/ B0\ B4\ C3\
8x8Trax_3241847 * vs. Thoddy : @0/ B1\ A2/ B2+ B3+ C2/ @1\ A0\ E3/ B1/ B0+ B0\ A1\ C1+ E1/ C0+
8x8Trax_3241879 Azalea vs. jaha : @0/ A0/ A3+ B3+ A4/ @4/ D3+ A1\ @4+ B0/
8x8Trax_3241911 ypercube vs. Thoddy : @0+ A0+ A0+ @2\ C1/ B0\ @1+ A0/ C6+ C1+ E1+ @1\ B0/ E1+ D8+
8x8Trax_3241934 YankeeFan vs. birddog8560 : @0/ A0/ A3/ B2/ C2/ C4/ D3+ C5/ B5/
8x8Trax_3243522 TrueIndian vs. Authority : @0/ B1\ A2/ A0/ @2+ B0/ D1/ C0\ @1\ B0/ @3+ G4+ G6+ G7/ B6/ B7/ @4+
8x8Trax_3243531 GringoNZ vs. TrueIndian : @0/ A2\ B2\ B3+ @2+ @3\ A4+ B5+ @2/ @3\ A1+ C0\ @4\ E7+ @3+
8x8Trax_3243875 JiffyJeff vs. GringoNZ : @0/ B1+ C1/ C0+ B0/ B0/ D2+ E2\ E3\ D5+ D6/ B6+ F2\ C0+ F2/ D8/
8x8Trax_3243997 Authority vs. denise : @0+ @1/ A2/ C2\ C3\ @2+ A3\ C0/ D5/
8x8Trax_3244020 ypercube vs. Thoddy : @0+ B1+ A2+ C1+ @2\ B3/ E1/ E0+ D0/ C5\ C6\ @5/ A6/ A7/ D7/ C6+ E6+ @4\ H2\
8x8Trax_3244072 Sista vs. KOOKY : @0+ A0+ B1/ A0+ @2/ C3+ C4+ D4/ E3\ C5/ E1/ F2\ D0\
8x8Trax_3244669 Sea Breeze vs. GringoNZ : @0+ B1+ B0+ C2+ A1+ @2+ D3+ E2+ C3/ C0/ B1+ @3+ F2/ @3+ E0\ @4+
8x8Trax_3244708 basplund vs. Adam :
8x8Trax_3244842 Yiewxi vs. Charlo : @0+ A2/ A0\ @3/ @2/ @1+ A0\ A0+ @1\ E1/ A4\ F3/
8x8Trax_3244885 Hoila vs. Authority : @0/ A2+ A0\ @1\ A3+ @1\ B0\ D2\ A1+ @1\ B4+ A4+ A5/ @1/
8x8Trax_3245405 Authority vs. Dawn : @0/ A0/ @2+ B0+ C1\ @1\ B0/ A4/ @4/ D0\ D0\ E1+ F2/ F5+ G4\ H4\ E7+ A4+ A3\ F0\ G8+ H7\ B1\ A1+ C8/ G1/ B8+ H1+
8x8Trax_3245430 toothache vs. Authority : @0+ @1\ @1/ A2/ B2+ B3+ B4/ C3/
8x8Trax_3246236 ypercube vs. Authority : @0+ B1/ C1/ A0/ B3/ C1/ @3\ @2/ @3\ B1+ B0/ C0\ F6\ G4+ B6+ C7/ @5\
8x8Trax_3246398 dawn1968 vs. supermac : @0/ B1\ A2/ B2+ B3\ @2/ C4\ D2/ @2+ E5/ F4\ G4+ F5+ G1/ C0/ H2\
8x8Trax_3246426 YankeeFan vs. JiffyJeff : @0/ @1/ C1/ B2+ D1/ D0/ @3\ C4+ E4\ F3+ A4/ D5\ @4\
8x8Trax_3246488 Traxplayer vs. dgb : @0/ @1/ A0/ @2+ C3/ B0\ @2/ @3\ B4\ A1+ B0+ A1\ @2\ C0/ RESIGN
8x8Trax_3247058 ypercube vs. riaZZZ : @0/ B1+ C1+ A0/ A0/ C2+ C0\ @3+ B1/ C5/ A0\ @2/ E1/ E0+ F2\
8x8Trax_3247061 ypercube vs. riaZZZ : @0+ @1+ C1/ @1\ A0\ @1+ B3\ B0/ D2+ D4\ D5\ D1+ A5/ D6\ @5\
8x8Trax_3247890 Paddington Bear vs. jazzbeth : @0/ A0/ B1+ B3/ C1+ @1+ @2\ C3/ D0/ D5\ E3+ A5/ C1+ C6/
8x8Trax_3248127 ypercube vs. Thoddy : @0+ @1\ A2/ @1\ B3/ A2/ @2/ D0+ E2\ E3/ C5+ B0\ A3\ @3\ F6\ A4/ F7/
8x8Trax_3248379 Yiewxi vs. Charlo : @0/ @1/ A0\ @1/
8x8Trax_3248666 GringoNZ vs. Dawn : @0/ A0/ @2+ B0+ C3/ @3/ A2+ B4\ E3+ D1+ D0/ B1+ B6\ D0+ E1+ E3\ F2/ C8/ F6/ G2/ @4\
8x8Trax_3249385 DINGEROO vs. jaha : @0/ A0/ @2+ C1\ @1\ C0+ A1+ A0/ C1+ D1/ E1/ F1+ F0/ F5\ G4/ D6+
8x8Trax_3249446 Rogue Trooper vs. * : @0+ @1+ @1/ D1+ C2/ B0+ E2+ @2/ E1/ C0/
8x8Trax_3249944 JiffyJeff vs. GringoNZ : @0/ @1/ @1/ B2\ A3+ B4/ C3+ A5\ @3/ D6\ E6\ A6/ C7\ @5/
8x8Trax_3250131 violet unicorns vs. KeronaJane : @0/ A0+ A0/ B2/ B1/ @2\ C0\ B1\ A1+ C4+ @1/ A2+ D0\ C1+ E2/ E3+ F2+ E1/ B1\ E0\
8x8Trax_3250703 JiffyJeff vs. Charlo : @0/ @1/ B0/ @1/ B3/ A2+ @3\ B4\ C5/ E4+ E6+ D7\ F6+ B7/ C8+ A6+ @5/ H6/ H4+
8x8Trax_3250704 JiffyJeff vs. Authority : @0/ @1/ B0/ @2+ @2/ A3/ C3+ @3+ B1+ C4+ E0\ F2/ E5+ G2/ C6/ G6\ H6+ H3+ E0\ D1\ F0+ B3/ A7+
8x8Trax_3250786 carinda vs. Authority : @0+ @1/ B2\ B3\ C2/ D2/ D1/ B0\ B5/ D5\ E3\ C6/
8x8Trax_3251167 critterhug MIA vs. Charlo : @0/ @1/ B0+ @2+ B0/ A4/ A0\ @3/ A1+ @1\ D0/ E1/ C0\ F3+
8x8Trax_3251804 Authority vs. **Lover of Darkness** : @0/ @1/ A2/ @2/ A3+ @3/ A1\ RESIGN
8x8Trax_3251999 terence vs. Charlo : @0/ A2+ @1\ B0/ B0/ C2+ D4/ B5+ D1/ C0\ @4+ B2+ E6\ F6\ D7+ A5+ @5/ F4/ G2/ H6\ D8/ C8/ A6\ F8+ G4/ H2+ A7+ H1+ H5+ B2\ A3/ A1/ F1/
8x8Trax_3252285 Morticia vs. Yiewxi : @0/ B1\ A2/ @2+ D1/ D0/ B1+ @2+ @1/ G1\ A3/ @2+ D0/ H1/ D5/
8x8Trax_3252392 Jay RAA vs. Authority : @0/ @1/ A2\ C1\ C2\ D2\ D3\ A0\ @1\ E1/ C0\ F2\
8x8Trax_3252397 jamestownfan vs. Authority : @0+ B1/ A2+ @1\ C0/ B0+ B5\ @2/ @2/ A4+ B0+ @5/ F6/ G5+ H5\ H3+ D7/ A6+ C7+ H2+ F1+ D8/ H6/ B7/ A2/ G7+ H7\ H8\
8x8Trax_3252627 Dragon101 vs. YankeeFan : @0/ A0/ B1/ C1/ C3/ A3+ A0/ D3+ B5/ C6+ @4+ F6+ D7/ E7+ B7/ D8/ A6\
8x8Trax_3254463 Geri39 vs. YankeeFan : @0/ A0/ A3+ @3/ B4+ C4\ A5+ A1\ @3+ B0/
8x8Trax_3254823 Fighting Spirit vs. Charlo : @0+ @1\ A2/ @1\ C0\ A1+ A0/ D3+ C4+ @2+ D5/ F3+ C5+ B5/ E4+ A4+
8x8Trax_3255248 * vs. charlie it : @0/ B1\ B2\ C2+ @1\ A0\ E3/ E1+ D0+ @3+ @2/ B1+ D4/ D5+ C0+ G2+ H3\ D0\ G7\ H6+ F2+ A6/ B7+ A7+ E0+ G3/
8x8Trax_3255313 Rogue Trooper vs. Traxplayer : @0+ B1+ A0/ A3/ C2/ @2+ @2/ B4+ C4+ D0+ C6/ @4+ A6/ RESIGN
8x8Trax_3256328 andy99 vs. Charlo : @0+ A2\ B2\ C2+ B3\ A0\ A5\ C1/ C0+ D3/
8x8Trax_3256778 Adam vs. Pepsi Fan : @0+ B1\ C1/ C0/ C0/ C4\ D2+ B2+ E3\ E4\ B4/ B5/ F4\ D5/ D6/ A4+ @4/ D0\ A7/ @6\ D8+
8x8Trax_3256864 dgb vs. Rogue Trooper : @0/ A0/ B1+ A3+ @1/ C0+ D2\ A4/ D5\ E5\ A5/ C6/
8x8Trax_3257073 Turk182 vs. Authority : @0+ B1/ B2\ C2\ C1+ B3/ A3/ D2+ B4\ @2+ B5/ A5/ @5/ @5+ F5\ B6/
8x8Trax_3257756 crazyjanie vs. Adam : @0/ A2+ B2+ B3/
8x8Trax_3257899 Dawn vs. Goonerg : @0/ A0/ @2+ C2\ B3/ B0/ A0+ @3/ C0\ D2+ @5\ @2+ A1\ A0+ @3/ H6+ H7\ B0/ C8/ B8+ F2+ DRAW
8x8Trax_3258367 * vs. balmoral : @0/ B1\ B2\ A2+ @2/ C3\ @2/ B1+ E3\ B4+ @2/ G4/ G5+ @3\ B5+ C6/ C7/ D8+ A7/ A8/ H7+
8x8Trax_3258695 bagiantfan vs. Authority : @0/ @1/ C1\ C2/
8x8Trax_3258814 Thoddy vs. ypercube : @0+ A2+ @1/ C1\
8x8Trax_3259043 jin vs. Charlo : @0/ A0+ @1+ B0/ C1/ D1+ A1+ A0\ B0\ D5\ @2\ C6\
8x8Trax_3259227 Dawn vs. Authority : @0/ B1+ C1/ C0/ C0+ @3/ E1/ E2+ C0\ B2/ D1+ B5+ D5+ F3\ D6\ G5+ @3\ A2\ A1\ C0\ E0+ A2+ F2+ G2+ H4+ H3/ B8+ DRAW
8x8Trax_3259992 Elvis vs. Authority : @0+ B1+ B2/ B0/ A4\ C3/ @3/ E1/ E0/ E5\ E6\ F4/
8x8Trax_3260668 nisqually vs. YankeeFan : @0/ A0/ B1/ C1/ B3+ D1+ B0+ @4\ C0+ E6\ F6\ A6/ A7+ @6\
8x8Trax_3261379 itb4me2 vs. Linda Sue : @0+ @1\ @1/ A2/ C2+ B0/ B0\ A1\ @4+ A5/ C5\ A6/ @2+ B0\ @3\ E7\ E8\ G6/
8x8Trax_3261407 GringoNZ vs. princesarg : @0/
8x8Trax_3261448 Rogue Trooper vs. GringoNZ : @0+ B1+ A0/ A3/ @3/ @3+ B1+ E2+ @2/ E0/ F1/ F0/ G1/ D1\ F0+ H2+ C2+ D7\ E7\ E8\ F8\ G6+ RESIGN
8x8Trax_3261533 basplund vs. GlassTiger :
8x8Trax_3262745 Dawn vs. Sista : @0/ A0/ @2+ C2\ B3/ C3+ D2+ C0+ D4\ B5/ @2\ A1\ A4+ A0\ D7+ C2+ A7/ C8\ @6/
8x8Trax_3262995 Dragon101 vs. Rogue Trooper : @0/ A0/ A0/ A0/ B2+ @1+ A0\ @5+ E3/ F2\ C0/ D1/ D7\ E7\ C8/ B7/
8x8Trax_3263081 YankeeFan vs. Traxplayer : @0/ @1/ C1/ D1/ B2+ A0+ B4/ B5/ D4\ E2+ C5+ D6/ @4+ D7+ F5+ E0/ F2+ G5\ G3+ B7+
8x8Trax_3263116 **Lover of Darkness** vs. Adam : @0+ B1+ A0/ A3/ @3+ D1/ D0/ @3/ A2/ F1+ G1\ G3+ H2/ D1\
8x8Trax_3263146 **Lover of Darkness** vs. Adam : @0+ @1+ B0+ C2+ B0+ @3+ @3\ A2\ @2\ A1\ G3\ A4/ @4/ A3+ H4+ H5\
8x8Trax_3263157 ypercube vs. Dragon101 : @0+ A0/ B1/ C1/ @2/ @2/ B1+ @2/ @1+ C0/ @3\ D0/ E5+ E0/ B1/ F7\ G7+ E0\ D1\ C8+ RESIGN
8x8Trax_3263599 ypercube vs. Thoddy : @0/ B1\ A2/ B2+ @1\ C0\ D1\ A1\ A0\ C1+ D4\ B5/ B6+ A6/ @5+ D7+ F3+ F1\ F0/ G2\ G4+ @3+ A1+
8x8Trax_3263616 **Lover of Darkness** vs. Adam : @0+ @1+ C1\ @1+ D2\ E2+ F2/ F0+ G1/ D0\ C1\ G1/ F0/ @4+
8x8Trax_3263633 Weth vs. Goonerg : @0/ B1\ A2/ @1/ B0+ A0/ D3/ D2/ D1\ E3\ D4/ D5/ F3\ E1+ E5/ A0/ E1\ @3+
8x8Trax_3263723 Sassy Lassie vs. Adam : @0+ @1+ B2/ A0\ C2\ A0/ B1/ @3/ B5/ E4/ A5/ @5/ D5\ B6+ C0\ B1\ A4+ E6+ A0\ @3+ F2/ F1/ G8\ H8\ F3+ H6+ E1+ G2+ H3/ A7+ F8+ A1\ H1+ A8+
8x8Trax_3263864 Charlo vs. Adam : @0+ B1+ @1\ A0\ A0+ @2+ D1/ B0/ @3/ A5+ F4+ E5/ E6/ G4+ F6\ H4+
8x8Trax_3267598 YankeeFan vs. GringoNZ : @0/ @1/ C1/ B0\ C0+ B0/ D4/ A1\ B5+ @3+
8x8Trax_3267613 Yiewxi vs. Charlo : @0+ A2\ A0/ B1/ C2/ @2+ @2\ A1\ C0/ B4/ C5+ @4/ A5/ G3+ F2+ E1+ F1+ E0\ C2+ @4+ H3/ H1+ G0/ E1+ E0\ C3+ B4\ B1\ A4+
8x8Trax_3268310 prim mart vs. Adam : @0+ @1+ A2/ C1+ D1\ D2\ A3/ E2+ @3+ @2+ @2+
8x8Trax_3268877 Rogue Trooper vs. jazzbeth : @0+ A0/ B1\ A3/ @3/ @2+ D3/ B4/ E2+ B5/ E4+ E6+ F2+ @3+ @3+
8x8Trax_3268892 golfnutrof vs. Traxplayer : @0+ B1+ B0\ A3/ A0/ @2+ @2\ A0+ @1\ F3+ E1+ @1/ H2\ F0+ C5/ B6\ A3+ C7+ C8+ RESIGN
8x8Trax_3268958 GringoNZ vs. dgb : @0/ @1/ A0/ @2+ C3/ B0\ D3\ C5/ @2/ E2+ A1\ @3\ @3\ H3\ D0+ E6/ D0/ F1/ F8+ G7\ C6/ B6+ D8/ B7+ B3\ C8/ RESIGN
8x8Trax_3269027 Thoddy vs. ypercube : @0+ @1+ A0+ @2+ @2/ E2\ C3+ B3+ D3\ D4\ E4\ F4+ F5\ F1/ G1/ G2+ D5+ F6\ D6+ D0\ G6+ H4\
8x8Trax_3269975 JiffyJeff vs. Authority : @0/ A0/ A3/ B1/ C2/ B4+ B5/ A6\ C5+ C1+ D4+ @1\ A0\ @4+ B5+ @5\ C8/ B8+ H5\ F1\ A2+ A8+ G2/ H3+ G7\ F8+ G8\ DRAW
8x8Trax_3270389 Oartkickel of the Wolf Pack vs. jaha : @0+ A2/ B1\ A0/ C3/ @3\ D4+ D5+ C0\ C0/ E2+ D1/ D0/ E1/ F1/ F4+ G5/ E8/ F6+ H4+ A4+ A2+ H5\ H6\ H7\ H8\ B8/ A8/ B1\
8x8Trax_3270420 Dragon101 vs. Traxplayer : @0/ @1/ B0/ @1+ C0/ D1/ A0+ E4+ B5+ @4\ G4/ RESIGN
8x8Trax_3270560 davidmilne vs. Authority : @0/ B1+ A2\ A0/ C1\ D1\ B0\ @4\ E4/ F2\ G2\ B5+ H4\ F5+ C5/ E6+ H1/ G0+ RESIGN
8x8Trax_3270746 Thoddy vs. ypercube : @0+ @1+ A0/ B3\ A0/ C2\ @1\ A0\ A4/ @3+ E1+ C0+
8x8Trax_3271270 *Leo The Lion vs. Dragon101 : @0/ A0/ B1/ C2/ @2/ @2/ F2+ F3+ G3\ H3\ A4+ C5+ D0/ E1+ D0/ D8/ H6\ G7+ G4/ G8\ G2/ DRAW
8x8Trax_3271271 Dragon101 vs. *Leo The Lion : @0/ @1/ B0/ A0+ @3/ @3+ C4+ C0/ B1+ C6/ C7/ C0/ @2+ @4/ A5/ B1\ F8+ G5+ A6/ @5+ H1+ B2+ DRAW
8x8Trax_3271272 Dragon101 vs. *Leo The Lion : @0+ A0/ A0/ @3\ C1/ B4/ B5/ @1\ B0+ @3/ B4+ A1\ C0/ @3\
8x8Trax_3271905 csain1 vs. * : @0/ B1\ A2/ @2+ @2/ @2/ D0+ C0/ D0\ B3+ E1+ F2/ G3+ F0/ G1/ RESIGN
8x8Trax_3272080 ypercube vs. birddog8560 : @0/ A0/ A0/ @3\ A4\ @3\ D4+ E2+ C0/ B2\ F4/ G3\ @5+ A6/
8x8Trax_3272091 basplund vs. dreamflight :
8x8Trax_3272214 ypercube vs. Thoddy : @0/ B1\ A2/ A3/ @2\ @3/ C4/ @2\ A1\ D0/ E5\ E6+ C6/ D7+ B6\
8x8Trax_3273465 Jenny Poo vs. Charlo : @0/ @1/ B0\ @2\ A1\ @1\ B3\ B0+
8x8Trax_3274046 YankeeFan vs. Rogue Trooper : @0/ B1/ @1\ C0/ @2\ B1\ B0\ @3\ B4+ D4+ A2\ D5\ F5+ F6\ D6+ A1\ @4+ B5+ H2/ G1+ H1+ H0/ E8/
8x8Trax_3274130 Dragon101 vs. jazzbeth : @0/ @1/ B0/ C2/ @2/ D3/ D4/ E4/ @2/ A0/ @1/ @1/ E4/ B2/ F5+ G6\ F1+ D4/ E6+ C5\ E0/ B7/ F0/ G2\ A7/ H5+ H3/ B5+ A5/ C1+ H1/ A8/ H8\
8x8Trax_3274203 woodhead larry vs. Adam : @0+ B1+ A2\ A0\ B1+ C2+ B0\ @3+ D2+ E3+ D4+ @3+ C1+ @3+ A2/ C1\
8x8Trax_3274212 ypercube vs. Thoddy : @0+ @1+ A2\ B0/ @2\ B1\ B0\ D4\ B5\ A4+ D2/ E3/ D1/ C0+ A3+ E5\ F4/ @6/ A7/ D0+ B2\ A2+ A5\ H5+ F2\ C8\ E8+ G3\ E1+
8x8Trax_3274418 Authority vs. Elvis : @0/ @1/ @1/ B0/ A3+ D2/ C4+ E3/ D5/ D1/ E1/ @1\ G2+
8x8Trax_3274419 Authority vs. prim mart : @0/ B1+ B2\ C1/ D1/ D0/ D4\ C0\ E5/
8x8Trax_3274594 Authority vs. charlie it : @0+ @1+ A0/ A3/ C1\ @2+ A4\ D3+ B5/ B0/ D6\ A7\ E4+
8x8Trax_3274649 heidibb vs. Jude41 : @0+ A2/ A0\ @3\ A2+
8x8Trax_3275514 Fighting Spirit vs. Chef Jeff 1 : @0+ @1+ A2+ @1+ @1\ A0\ A3/ @3/ D4/ E4\ E5\ A2+ D5/ E6\ @5/ B6\ A3\ @4/ B1\ C0/ F1/ F0/ A4+ H4+
8x8Trax_3275568 Lorraine of the Renegades vs. Goonerg : @0/ @1/ A2\ C1\ C2\ D2\ D3\ A0\ @2/ E1/ D0/ F2\
8x8Trax_3275739 Charlo vs. Chef Jeff 1 : @0/ B1\ B2\ A2+ @2/ A3/ @3/ C4\ A1\ @2/ D0\
8x8Trax_3276123 Dawn vs. Didier : @0/ A0+ A0\ @3/ A4/ @2\ @2+ A1\ C0/ @4\ A6+ @6/ F6\ E7+ G6/
8x8Trax_3276325 Dawn vs. drgnrdr : @0/ A0/ @2+ A0/ C2/ D3+ D4\ C1/ E2+ @3/ B0+ A1\ @1+ C0/ B6/ F7+ G6+ B0\ A2+ G8+ H7/ E1/ A7+
8x8Trax_3276457 Rogue Trooper vs. GringoNZ : @0+ B1+ A0/ B3\ C3\ D3+ C1+ B0+ C0\ D2+ E5/ F5/ A5+ B6/ B7/ A7/ @4/ @6+
8x8Trax_3276567 Dawn vs. Authority : @0/ B1+ A2/ @2/ D1/ C3+ A0+ @1\ @1+ C0+ A5/ A6/ @4/
8x8Trax_3276825 Goonerg vs. Pepsi Fan : @0/ B1\ A2/ B2+ C2\ A3/ A4+ @3\ E2\ @3/ A4/ A5+ @5/ H4\ H5\ C1+ G1/ H1/ E0/
8x8Trax_3276860 Jay RAA vs. Charlo : @0/ A0/ B2/ @1\ A0\ B1+ B4/ @1\ D1/ B0+
8x8Trax_3276915 JiffyJeff vs. ypercube : @0/ @1/ @1/ @1/ A2+ D3+ E2\ F2\ F3\ F4\ C4+ G4+ G5\ G6\ F6\ @2\ B0+ B0/
8x8Trax_3277061 Didier vs. JiffyJeff : @0+ A2/ A0\ @3/ @3+ A4/ A0\ @2+ C5+ B0\ A1\ @3/ F6\ E7+ E2+ F3+ F7+ F8\ @2\ C5/ D7/ B5+ C6/ D8+ H5+ C7/ A4/ H7+
8x8Trax_3277497 Goonerg vs. Authority : @0/ @1/ B2/ C1+ B0/ C4+ D1\ B0/ @2+ B0\ F2+ E1/ E0/ F1/ G4/ H4/ H5+ G6\ E0+ C1+ A3+ DRAW
8x8Trax_3278445 Traxplayer vs. Authority : @0/ @1/ A0/ @2/ @1/ B0/ @1+ A0\ @3\ @1+ C0+ B1\ E0/ F2+ B1\ E0/ A3+
8x8Trax_3279845 HeartOnFire vs. crow57 : @0/ B1\ B2\ C2\ A0/
8x8Trax_3280023 birddog8560 vs. Rogue Trooper : @0/ A0/ A3+ @3/ A2+ B0/ C4\ A5/ A6+ @6/ E6\ D7+ E1/ F4\
8x8Trax_3281701 ypercube vs. Thoddy : @0/ B1\ A2/ @2+ A0/ D2\ B1/ E2+ E3\ F2+ A4\ C4+ C5\ D5\ E0+ F1+ G1\
8x8Trax_3281838 birddog8560 vs. GringoNZ : @0/ @1/ @1/ B2\ D1/ D0/ A0/ B5+ @5\ E1/ C6/ D0+ A2+ @5+ F5\ G5\ G7+ D8/ A8+ @4/ H1\ G8\ A2\ A8+
8x8Trax_3281929 Authority vs. JiffyJeff : @0/ @1/ C1/ D1/ C0+ C3\ C4+ D4\ E1\ @3\ A0+ @2/ G1/ D0\ H3/
8x8Trax_3282219 Thoddy vs. Charlo : @0+ B1+ A0/ A3/ @2\ C3\ B4/ @3+ E2/ D0\
8x8Trax_3282292 gunther mcbride vs. Authority : @0+ @1+ A0/ A3/ @3+ A4/ C3+ D2+ A5\ B5\ B6/ D3\
8x8Trax_3283212 Budgie vs. jazzbeth : @0/ @1/ A2/ C2/ @2\ D1+ A3+ C0/ A1\ B0/ C5/ @2+ B1\ B0/
8x8Trax_3283274 basplund vs. Rizzo :
8x8Trax_3283339 * vs. Charlo : @0/ A0/ B1+ @1+ B0/ A0\ @2/ @3\ D5/ F3/ G2\ F1+
8x8Trax_3283364 ypercube vs. Thoddy : @0/ B1\ B2\ C2+ C0\ D3+ D1/ C0\ A2\ @2\ B4/ C5\ D6/ A4+ @2\ A4+ F6\ @4+ H4+
8x8Trax_3283839 ken vs. Authority : @0+ @1\ C1+ A0\ C1+ D2+ D1+ E2+ E1+ F2+ F1+ G2+ H2\ H3\
8x8Trax_3284663 dl2 vs. Dragon101 : @0+ A0/ A3+ A4/ @4/ C2+ A5+ C3\ A6+ @4/
8x8Trax_3285022 Fireball37 vs. Authority : @0+ @1+ B2/ B0/ C1+ C0/ D2+ E2/ C0/ A3\ A2+ @2\ A1\ D0/ A4+ @5\ @3+ B6/ RESIGN
8x8Trax_3285437 Dawn vs. Didier : @0/ A0+ A0\ @3/ @3+ A4/ D2\ @2/ D0\ E2+ C5+ F3/ D6+ D7/ B6\ F5+ G4\ F7\ F8\
8x8Trax_3285927 Sir Pussycat vs. Dawn : @0+ A0/ B1/ C1+ C0+ A1\ @1\ B4/ C4+ A3+ C5+ @1+ B0/ D7/ C1+ B7/ C8\ A5/
8x8Trax_3285956 Charlo vs. Dawn : @0/ A0/ @2+ B0+ @3\ D1/ B4\ B5\ C6/ D4+ E1/ A6+ @6\ A2+ @6\ F7\ G7\ @3+ E0/ A3+ C8\ H4+ H6/ A7+ A1+
8x8Trax_3286714 Rogue Trooper vs. golfnutrof : @0+ A2/ @2\ A1\ C2/ B0/ D2+ A0/ @3+ @4\ A5+ B1\ C0/ @2\ C1\ C0\ F7\ D1/ G6\
8x8Trax_3287411 Didier vs. Authority : @0/ A2+ A3/ @3/ C1/ C0+ A2+ C0+ A1\ @1\ E2\ A5/ @4+ G4/ @4/ A6+ F5\ F6\ G5+ B7\
8x8Trax_3287903 Dragon101 vs. *Leo The Lion : @0/ @1/ B0/ A0+ @3/ B0/ D3/ @4+ C5+ A1\ C0/ @2/
8x8Trax_3288150 Goonerg vs. Pepsi Fan : @0/ B1\ A2/ B2+ B3\ C2/ C4/ D3\ @4/ A5/ A1\ A0\ @3/
8x8Trax_3288221 Adam vs. Christeeny : @0+ B1\ A0+ RESIGN
8x8Trax_3288659 JiffyJeff vs. Authority : @0/ B1+ C1/ A2+ B3/ C3/ D2\ B4+ D5/ E3\ E2+ @3\ @2/ @2+ E0+ F0+ D6+ D7\ C7+ E8/ G8\ H6+ A7+ A8/
8x8Trax_3288997 ypercube vs. Thoddy : @0/ B1\ A2/ @2/ B3\ C2+ A4/ @4+ D4\ A1+ E1/ D0\ E3\
8x8Trax_3290162 Authority vs. Dawn : @0/ A0/ A0/ B1+ B0+ A1+ C3/ @4+ A5/ D1+ D5+ E3/ B6/
8x8Trax_3291055 Rogue Trooper vs. GringoNZ : @0+ B1+ C1\ C2\ A2+ A0\ @2/ E3\ D4+
8x8Trax_3291056 GringoNZ vs. Rogue Trooper : @0/ A0/ @1/ B0/ C3/ A3+ B4\ C1/ B5/ A5/ D3\ D4\ E4\ E5\ A6/ @3/ F6+ D7/
8x8Trax_3291162 charlie it vs. Charlo : @0+ A2/ @1+ B0/ C1+ D1\ C3+ D0/ E1/ E3+ C1\ E0/ F1/ B6+ D6+ G2+ C1+ E0/ E0+ F1/ B2+ A3+ @4+ A3\ A7+ DRAW
8x8Trax_3291881 Authority vs. charlie it : @0/ B1\ A2/ @2+ B0/ @3+ A4/ E1/ D0\ F3\ F4\ B5\ B6\ C0/ A1\ RESIGN
8x8Trax_3292221 Tolp vs. Authority : @0/ @1/ C1/ B0+ @2\ A3\ A1\ B0+ C1/ E1/ D0\ E5\ F3/ E6/
8x8Trax_3292573 golfnutrof vs. supermac : @0+ B1\ @1\ B2+ A2/ @1\ @1\ B0+ B0/ B4+ D5\ E2+ F4+ B5+ D6\ F3/ @3+ @3/ A5+
8x8Trax_3292702 GringoNZ vs. YankeeFan : @0/ @1/ C1/ D1/ C0+ D3+ E3\ F3\ E4/ A4+ F5\ G5\ @1\ C0+ D6/ E7+ G7\ B0\ A1\ G3/ D2/ H4/
8x8Trax_3292703 YankeeFan vs. princesarg : @0/
8x8Trax_3292886 Morticia vs. Yiewxi : @0/ B1\ B2\ A2+ B3\ B4\ C4\ D3\ @2+ E4+ C5+ F4/ D0+ @3/ A4/ H3/ H2/
8x8Trax_3293856 Thoddy vs. Charlo : @0+ A2\ B2+ @2/ B3\ C4/ B0/ D1/ B0/ C0\ A3\ @5/ A6/ @3+ B2+ B7/ D8\ @5+
8x8Trax_3293906 Azalea vs. Traxplayer : @0/ @1/ C1+ C2+ D2\ D3\ B3+ E2+ E1/ E0+ F3+ A1\ C0\
8x8Trax_3294008 ypercube vs. Thoddy : @0/ B1\ A2/ A3+ A4\ B4\ B5\ C2+ @5/ A6/ A1\ B0+ @4+
8x8Trax_3294010 GringoNZ vs. Traxplayer : @0+ B1+ @1/ D1\ A2+ C0/ E1\ F1\ A4/ @4+ E3/ C4+ F2+ C5+ C6/ G0+ B8/ A8+ H1/ D6+ C8\ D8+ E6\ F5+
8x8Trax_3294553 Richlyn vs. Charlo : @0/ A0/ @2+ A0+ C2/ B4/ A0\ @1\ B6/ A4/ @3\ E6\ D7\ F5\
8x8Trax_3294802 Dragon101 vs. Jools : @0/ B1\ B2\ A2+ B3\ C3+ C4\ C0/ D4/ E2+ E1/ E0+ F4/ F5\ G4/ F1+ A6/ B7\
8x8Trax_3295409 Rogue Trooper vs. Uncle Chuckie : @0+ B1\ A0+ @2/ C3\ D3\ A4+ E2/ E1/ F3\ F4\ F5\ F6+ G5+ A6/ F7/ @4+
8x8Trax_3295513 Adam vs. rogerrabbit : @0+ A2+ A0+ @3\ C3\ B4/ @4+ B1+ E3/ E2/ C0+ @5/ A6/ D6+ E7/ @7\ E0+
8x8Trax_3295568 ypercube vs. Authority : @0/ @1/ B2/ C2+ D2\ B3/ A3/ A4/ E3/ D1+ F4/ D0+ F2+ F1/ G1/ G0/ G5\ C7+ H3\
8x8Trax_3295910 SIRI vs. jazzbeth : @0/ @1/ B2+ A0+ C3\ D3\ E3\ C4+
8x8Trax_3296260 Authority vs. imdoracle : @0/ B1\ A2/ B2+ @1+ A0\ A0\ @2/ D1/ E3\ C0/
8x8Trax_3296559 Rizzo vs. Authority : @0/ A0/ @2\ B0\ A1\ A0\ C3/ @2+
8x8Trax_3296564 Charlo vs. Dawn : @0/ A0/ B1+ A3+ @2+ D1/ C4/ D4+ E3\ F2+ F1/ G3/ E5/ A4\ @4\ A5/ B6/ C0/ A7+ C8+ E7+ A8/ G6+ G7\ F8+ H7+
8x8Trax_3296772 rUsureU_ want2doTHAT vs. Authority : @0/ A0/ @1/ B0+ C2/ B0\ D3/ D1\ @3/ A4/ @4/ C5\ F5+ G3/ C6+
8x8Trax_3296967 basplund vs. joe768 :
8x8Trax_3297075 dgb vs. YankeeFan : @0/ A0/ A0/ @2+ A0/ @1+ D2+ D1/ E4\ D5+ E1/ F4\ D0+
8x8Trax_3297583 * vs. Authority : @0/ @1/ A2+ C1/ C3+ D3\ D4\ E1+ C5/ B5/ A5/ A6/ @5+
8x8Trax_3298085 JiffyJeff vs. Charlo : @0/ A2+ @2+ A1+ @2+ C0/ @3+ E2+ B4\ E0\ B3\ C0+ D0\ F4+ A7+ A8/ A4+ @6/ @8+ B2+ B1\ G2+ A2/ B4+
8x8Trax_3298899 * vs. coopaah : @0/ B1\ A2/ B0\ C2+ @1\ A0\ C1+ E3+ A0+ @3+ F2/ D1/ D0+ @6+ C7\ H3/ A4\ A2+
8x8Trax_3299418 Didier vs. Charlo : @0+ A2/ A0\ @3/
8x8Trax_3301373 Dragon101 vs. csain1 : @0/ A0/ B2/ A0\ @3+ @2/ @2/ @2/ A4+ B5+ D1+ A5/ @2/ E0+ @4\ C1\ E0+ B1/ B0+ A1\ H5/ E1/ G3+ G1+ G7/ G8/ H1/
8x8Trax_3301466 Rogue Trooper vs. JiffyJeff : @0+ A2/ @2\ @2+ C3+ D1\ @2+ B1/ B0/ A1+ @2\ B0+ D1+ F2+ G3\ H4/ D0/ D0+ D7+
8x8Trax_3302092 riaZZZ vs. ypercube : @0/ B1/ C1+ @1/ E1\ B2+ D3+ D4/ B4+ @2\ A0\ B0+
8x8Trax_3302634 Beckie B vs. Linda Sue : @0/ A2+ @1\ B0/ A1+ B4\ B0\
8x8Trax_3303045 Authority vs. imdoracle : @0/ B1\ A2/ @2+ B0/ C0/ D3\ D1+ E1/ C4+ B5/
8x8Trax_3303096 RubyJoy vs. Linda Sue : @0/ B1+ C1/ C0/ @2\ A1\ C0/ B0/ C1/ C0/ D1/ D0/ E1/ E0/ F4+ A8/ @6\ @6/ A7/ B8+ E8\ A8+ A3+
8x8Trax_3303184 Dragon101 vs. jazzbeth : @0/ @1/ B0/ @1/ D2+ C3\ E2/ B4+ @1/ B4+ D5/ C0+
8x8Trax_3304425 Adam vs. Uncle Chuckie : @0+ B1\ A0+ @2/ A3/ @3/ A4/ A1\ @3+ D5+ C6+ A5+ C7+ @6/ D8+
8x8Trax_3304457 GringoNZ vs. Rogue Trooper : @0/ B1+ A2/ C1+ B3/ @2+ B0/ B4+ B5/ A4/ @4/ B5/ A1\ RESIGN
8x8Trax_3306093 charlie it vs. Charlo : @0+ @1/ @1\ B0/ C3\ C4\ D2/ A4/ RESIGN
8x8Trax_3306541 ScoobyRex02 vs. Goonerg : @0/ A2/ @2+ B3/ @2/ C4/ D3\ E3+ E4\ C5/ @5/ A6/ @3/ D0\ C1\ B3+ A2+ H6\ G7/ G1/ H7\ E0/
8x8Trax_3306825 Yiewxi vs. Charlo : @0+ A2\ B2\ @1+ C3/ D2+ E2/ E0+ @2/ A3/ B4+ C5/
8x8Trax_3306883 heidibb vs. Authority : @0/ A0/ @2/ @2+ D1/ @2\ D0/ A4\ @3\ B0+ @3\ G5+ D6/ H4+
8x8Trax_3307883 DavidTrax vs. **Lover of Darkness** : @0/ A0/ B2/ B1/ @1+ C0/ @3\ A4\ D0+ E1/ A1\ @2+ B0/
8x8Trax_3308118 Sassy Lassie vs. Authority : @0+ B1/ B2\ C2\ C3+ A0+ @2/ C0\ A2\ @3/ B0\ A2/ @2/ F2/ F1/ G4+
8x8Trax_3308794 basplund vs. critterhug MIA :
8x8Trax_3310672 YankeeFan vs. stormy rebel : @0/ A2\ B2\ @2\ B3+ A0/ @4/ B5\ A1\ @2\ B0/
8x8Trax_3310688 YankeeFan vs. GringoNZ : @0/ @1/ C1/ B0\ D2\ B3+ B4\ C5/ C6/ A6+ @6\ E4+ E1+ D0/ F5\ D8/
8x8Trax_3311709 JiffyJeff vs. Charlo : @0/ B1+ A2/ C1+ @2\ B0/ A2+ A0+ @1+ B0/ D2+ @2+ D6/ B6+ A4/ A1/ A0/ B0\ @4\ @4\ H7+ H4+ H3/ F2+ G1+ H1/ C7/ DRAW
8x8Trax_3312910 Authority vs. KeronaJane : @0/ @1+ @1\ @1\ C0+
8x8Trax_3313566 Traxplayer vs. jazzbeth : @0/ @1/ A0/ @1/ A0/ A0/ @2+ B0/ C1/ C6\ @2+ D0/ E4+ C7/ C8/ F1+ G2+ E7\ F5+ H3/ E8+ A5+ B6+ G6\ G7/
8x8Trax_3314667 Dragon101 vs. *Leo The Lion : @0/ A0/ B1/ B3+ C1/ A4\ @3\ E1+ A0\ @3/ F1/ F0/ A7+ @7/ @7+ H0\ F2/ E1+
8x8Trax_3314668 *Leo The Lion vs. Dragon101 : @0/ A0/ A0/ A0/ @1/ A4/ A0\ @3+ @2/ C0\ B1\ E1/ B0+ E7\ E8\ F4/
8x8Trax_3315249 Authority vs. sheridan : @0/ B1\ A2/ B2+ @2+ A0\ @1\ C0/ D1/ E4/ C0+ A0\ @1\ F7/ G4+ C7/ C8/ D8+ G2/ E1+ B8+
8x8Trax_3315438 **Lover of Darkness** vs. Authority : @0+ B1/ B0/ C1+ C3/ D1+ E1/ E0/ F1/ A1\ @1\ D0+
8x8Trax_3316230 sithneedow vs. Authority : @0/ A0/ B1+ A3+ C2/ @3/ A2+ B4+ D0\ D0\ @4+ B2+ A2\ A1\ A0\ @3+
8x8Trax_3316769 dgb vs. Goonerg : @0/ B1\ B2\ C2\ B0+ B4+ A3/ @3/ A4/ D5/ E3\ F1/ F0/ @6\ A7+ @3+ B2\ A2+ A1+ D1+ B8/ A8/ G7\ H7/
8x8Trax_3316770 Goonerg vs. dgb : @0/ @1/ A2+ C1+ B3/ B0\ @2/ @3\ B4+ F3+ B1+ G3\ F5\ @2+ E0+ H3+
8x8Trax_3316773 dgb vs. ypercube : @0/ @1/ B0+ @1/ A0/ C1/ C4+ D4\ B0\ A0/ @1+ @1/ F1+ D0\ C7+ RESIGN
8x8Trax_3316774 ypercube vs. dgb : @0/ B1/ A2+ B0+ A0/ @1+ D2\ C5+ E3/ D1+ F5\ F6\ F2+ G3+ B0+ F8/ E8/ D1+ RESIGN
8x8Trax_3316775 tburgoon vs. Goonerg : @0/ A0/ A0/ A4/ B4\ A5/ @1\ B0/ B0/ @7/ C8/ A2/ B1\ @5+ F6\ F7\ G4+ H6+
8x8Trax_3316776 Goonerg vs. tburgoon : @0/ A2\ B1/ @1/ C0/ A4/ @2/ E2+ D4/ D5+ E5\ F2/ E6+ F5/ C6+ D0/ A7/ A8/ @5+
8x8Trax_3316779 tburgoon vs. ypercube : @0/ A0/ @2/ A0/ A4/ C4+ A5/ A6+ @6/ E2/ D1\ E6\ F6\ D7\
8x8Trax_3316780 ypercube vs. tburgoon : @0/ B1\ A2/ A3/ @1+ @3/ B4\ @2\ A1\ A0\ E1/ F2\ @1\ G1/ @4/ A5/ G5\ F6/ H4+
8x8Trax_3316781 Goonerg vs. SIRI : @0/ A2\ B2\ B3/ A3+ @2+ B4/ A5+ @3\
8x8Trax_3316782 SIRI vs. Goonerg : @0/ @1/ A2\ B0/ C1\ @2/ D2+ D3\ E3\ E4\ F4\ C5+ @3\ G1/ E0\ H2\
8x8Trax_3316783 Goonerg vs. ypercube : @0/ @1/ @1/ @1/ B2+ A0+ B0+ E2+ @2\ A1\ C5/ C6/ A0+ @3+ B5+ A6+ E7+ A1+ @1\ A0\ A5+ E1+ F1/ H6+ G8/ H7\ G1/ H1/ A8/
8x8Trax_3316784 ypercube vs. Goonerg : @0+ @1/ A2/ @2/ A0/ D2\ D4+ C5+ E4/ E5+ F5\ F3/ G5\ E6/ H4/ G3+ F2+ C1/ F7+ E1/ F8\ B6/ B7/ B8+ A7+ H7+ G2+ H2/ H1/ A8+
8x8Trax_3316785 SIRI vs. ypercube : @0/ @1/ A2+ A3/ C2/ C3\ C4+ D2\
8x8Trax_3316786 ypercube vs. SIRI : @0/ B1\ A2/ A0/ A0/ @3+ D2/ C4\ C5/
8x8Trax_3316787 jazzbeth vs. psychospaz mom : @0/ A2\ B1/ B2+ A0+ @1/ D1+ D2\ D0\ E3\ F2\ B1+ F1/ D4+ D5/
8x8Trax_3316788 psychospaz mom vs. jazzbeth : @0+ A0/ B2+ B3\ C3\ D2\ A3+ A4/ @4/ D5+ E5\ E1/ C6+ C0/
8x8Trax_3316789 jazzbeth vs. GringoNZ : @0/ @1+ A0\ A0/ C3/ B4+ A4+ D3\ C1+ D1/ E1/ E0/ D0+ F4+ E5\ E6\ C7/ F5+
8x8Trax_3316790 GringoNZ vs. jazzbeth : @0/ @1/ A0/ @1/ C3/ C4/ D2+ E4/ D5+ F4/ F3+ D1/ B4+ C0/ B1+ A4/ F2+ F1/ A0/ @5+ G1+ B0/ H2\
8x8Trax_3316791 jazzbeth vs. itb4me2 : @0/ B1\ B2\ A2+ C1+ D2/ C3/ C0/ D5\ E3/ A5/ @4\ D6/
8x8Trax_3316792 itb4me2 vs. jazzbeth : @0+ A0/ B2+ B3\ C3+ D2\ C1+ D0\ E2\ C0/ E4\ A1\ @3/ B0/
8x8Trax_3316793 jazzbeth vs. davidmilne : @0/ @1/ C1/ B2+ @2\ @2\ C0\ F3+ G3/ F1+ G0\ A2\ @3+ E0+ B6+ B0+ A3/ G1/ G7+ H2/
8x8Trax_3316794 davidmilne vs. jazzbeth : @0/ @1/ A2+ C2/ @1/ @1/ C0+ A4/ @4/ B0+ A3/ @3/ F5+ F6/ F7/ A7/ RESIGN
8x8Trax_3316795 psychospaz mom vs. GringoNZ : @0+ B1+ A0/ B3\ A3+ @2+ D3\ D4\ E4\ C5/ D6/ E1/ E0/ F3/
8x8Trax_3316796 GringoNZ vs. psychospaz mom : @0/ A2\ B1/ B2+ B0\ C3/ @2\ A1\ @1\ B0/ A4/ E3+ C5/
8x8Trax_3316799 psychospaz mom vs. davidmilne : @0+ B1+ B2/ B0/ C1/ B4/ C4\ RESIGN
8x8Trax_3316800 davidmilne vs. psychospaz mom : @0/ B1\ A2/ @2/ A0/ C3+ A4/ @4/ D5+ E5\ A0+ C7+ @2+
8x8Trax_3316801 GringoNZ vs. itb4me2 : @0/ B1\ A2/ B2+ C2\ C3\ D3\ C4/ D1/ @2/ F2/
8x8Trax_3316802 itb4me2 vs. GringoNZ : @0+ B1+ A2\ B0/ A1+ C2+ @2\ C4\ D4\ D5\ E3/ B5/ A5+ C6/
8x8Trax_3316803 GringoNZ vs. davidmilne : @0/ A0/ B1+ C2/ @1/ A2+ D3+ E3+ E4\ C4+ F3+ @2\ A0+ RESIGN
8x8Trax_3316804 davidmilne vs. GringoNZ : @0/ @1/ A2+ @2+ C3+ D2\ E1/ E0/ E4\ F3/ D5/
8x8Trax_3316805 itb4me2 vs. davidmilne : @0+ A0\ A3/ @3/ @3+ A4/ B4+ A0+ @3/ C0\ E5/ D1/ E1+ C0/
8x8Trax_3316806 davidmilne vs. itb4me2 : @0/ B1\ A2/ B2+ @2\ A1+ A0+ @2/ C0\ D2+ @4\ F1/ F0/ B2+ @4/ D6\ A2\ @4/ D1+
8x8Trax_3317465 Rogue Trooper vs. Adam : @0+ B1+ A0/ B3\ C3\ D3+ C1+ A3/ A4/ E3+ @3+ F1+ E4/ B5/ C5+ B0\ A1\ @3/ @3/ F1\ B0/ B6+ B8/ A8/ F8/ DRAW
8x8Trax_3318622 Fireball37 vs. Fallen Angel : @0+ B1\ A0+ @1/ B3+ C1+ B4+ C4+ B5+ B6/ A6/ C6\ A7+ @7\ B8+
8x8Trax_3319052 basplund vs. Jenny Poo :
8x8Trax_3320491 Goonerg vs. stormy rebel : @0/ B1\ A2/ B0\ @2+ A4\ D2\ @2\ A3+ @1/ @1/ E0/ A5/ C6\ @4/
8x8Trax_3320678 YankeeFan vs. ypercube : @0/ @1/ A2+ A3/ @3/ D1/ A4+ @4\ B1+ E0/ E0+ D5+ F5+ F6\ F7\ G4\ H2+ F1+
8x8Trax_3321568 Authority vs. Dawn : @0/ A0/ B1+ A3+ @3\ D1/ D2+ A4/ @4/ B0+ A4\ @3/ F5\ A5/ D6+
8x8Trax_3321684 Dragon101 vs. birddog8560 : @0/ A0/ B1+ @2\ @2\ D3/ D4/ E1\ A3/ @4\ @3/ G5\ H4/ C1\ E0/ C6+ D7+ B3+
8x8Trax_3321735 Dolly25 vs. Authority : @0+ A0\ A3+ @3\ C3+ C1/ D1+ B0/
8x8Trax_3322475 Azalea vs. * : @0/ B1\ A2/ @2+ B0+ A0/ @1+ A0\ B0/ C1/ D1/ E2+ A6/ @3/ E0\ @6/ A7/ A3\ A2/
8x8Trax_3322880 Daddy MBA vs. GringoNZ : @0+ A2+ A3+ B3/ @3/ D3/ A2\ @2\ A0/ B1/ B0\ @2+ B1\ B0\ A1\ @2\ D0\ @4/ A5/ B6/ C7/ A2\ C1/ F3+ G4+ H8+ E8+ A1+ C8\
8x8Trax_3323139 melaleuca girl vs. Authority : @0+ B1/ C1\ B2/ D1+ D2\ @2+ D3+
8x8Trax_3323204 Didier vs. JiffyJeff : @0+ A0/
8x8Trax_3323207 dgb vs. GringoNZ : @0/ @1/ B2/ B0\ B0\ C2+ C3+ A1+ @2\ @1/ D0+ A1\ @3\ E0/ G1+ H1/ E0/ G0+ D2\ E1+ C2+ RESIGN
8x8Trax_3323248 ypercube vs. Thoddy : @0+ B1+ C1+ D1+ C2\ C0\ E3/ D1/ D0/ A2\ B1/ C0\ F2/ A2\ F1\
8x8Trax_3323268 Authority vs. Didier : @0/
8x8Trax_3324044 andy99 vs. Authority : @0/ A0/ @2+ B0+ @3+ D2/ @3\ B1+ B0\ A1\ B0+ @2\ D0\ @3\ F3/ A6/ A7+ @6\
8x8Trax_3324299 JiffyJeff vs. Authority : @0/ A0/ @1/ @1+ A0\ A0+ D3/ D0\ A1+ @3+ C5/ C6/ @4\ F0/ G3+ C8\ B8+ B3\ @5+ E2+ B6/ E1\ A3+ B8/ B2\ B1+ A1+ A7\ H1/ H8\
8x8Trax_3324380 Daddy MBA vs. GringoNZ : @0+ @1/ C1/ @1+ @1+ C2+ E0/ D4\ A3/ @3/ F4\ G2/ A1/ A0/ @3+ D1+ E5/ F6+ D0/ D7+
8x8Trax_3325500 Mersephone vs. basplund : @0+
8x8Trax_3327636 woodhead larry vs. Authority : @0/ B1+ C1\ B2+
8x8Trax_3328026 GringoNZ vs. Daddy MBA : @0/ A0+ A0\ @1\ C3/ D3/ A0\ @1\ @1+ C0+ E3+ @3\ A6/ @6/ E7\ F7+ G0/ H1/ A3\ A2\ G8+ B2+ B1/
8x8Trax_3328147 sithneedow vs. Charlo : @0/ @1/ B0+ @1+ C0+ @3\ C4+ A1/ @3\ E0+ F3/ A1\ F5\ @2\
8x8Trax_3328431 birddog8560 vs. Authority : @0/ A0/ @1/ @1/ @1+ A0\ C0/ B4/ D5/ E5/ D6/ D7/ E2/ D1+ C5+ E3+ F3\
8x8Trax_3328506 Dawn vs. Charlo : @0/ A0+ A0\ @3/ A4/ @1+ D1\ E2/ @2+ C5/ E3+ E6+ F6\ G6+ F7+ A6/ D7+ @6\
8x8Trax_3331947 Daddy MBA vs. Authority : @0+ B1+ A0/ B3\ B4\ A3+ C3+ @3\
8x8Trax_3332218 ypercube vs. Goonerg : @0+ A2\ A0/ B1/ B0/ C3\ A5\ D2/ @5/ A6\
8x8Trax_3332754 Goonerg vs. Rogue Trooper : @0/ A2/ @1/ A2+ C2\ C3\ B0/ B0/ D4+ A5/ A6/ A7+ @4+ E7\ A3+ D8\
8x8Trax_3332892 shelly (uk) vs. Authority : @0/ A0/ A3+ A4\ B2\ B3+
8x8Trax_3333659 Daddy MBA vs. GringoNZ : @0+ A2\ A0/ B1/ @2/ C0\ @3\ A2\ A1\ D5/ E2/ A5/ @3/
8x8Trax_3333793 Daddy MBA vs. GringoNZ : @0/ @1/ B0/ A0+ @1\ @1+ B0/ D5\ E4/ A5/ B6/ @4/
8x8Trax_3333875 Authority vs. charlie it : @0/ B1\ A2/ @2+ C0\ C0\ @4\ E3+ E4\ C5/ F1\ F4+ E6+ F6\ F7\ C0+ G7+
8x8Trax_3334304 ypercube vs. Thoddy : @0/ B1\ A2/ C1+ A0\ @1+ @1/ A2/ @2/ A3/ C0/ B1+ B0/ F3\ @5/ A6/ A1\ G5/ C0\
8x8Trax_3334606 roanne vs. Authority : @0/ @1/ B0/ B0+ A4\ B0\ A6\ @3+
8x8Trax_3334662 birddog8560 vs. ypercube : @0/ @1/ A0/ A0/ C3+ D3\ A4+ B2+ @4\ E5/ F5/ @1+ C0/ E3/ E0+ F1/ G1+ G8+
8x8Trax_3334705 GringoNZ vs. YankeeFan : @0/ A0/ B1+ A3+ C3/ A4+ @3\ D1/ A0\ RESIGN
8x8Trax_3334718 tburgoon vs. ypercube : @0/ @1/ B2/ B3/ B0/ B5\ C5\ A4/ C4/ D5\ A0\ @1\ D1/ B0+ @2\ C8/ B7\ A3+ B8/ A8/ @8/ @6+
8x8Trax_3335168 Daddy MBA vs. GringoNZ : @0+ B1\ A2/ A0/ B4\ C4\ D4\ D5\ C6\ C1/ C0/ E5+
8x8Trax_3335504 serenityinwv vs. Authority : @0+ B1+ A0\ C2+ @1+ A0\ @2\ A1+ C4\ @1+ E2+ @1+ C0\ H4+
8x8Trax_3337796 sithneedow vs. Authority : @0/ @1/ A2+ C2/ A3+ C3\ D3\ B4+ E4\ E5\ C1+ C0/ B1+ D2+ E4+ B0/ @4/ @4/ B2\ B1\ G3/ C0+
8x8Trax_3338096 Uncle Chuckie vs. * : @0/ A2\ B1/ B0+ C2\ C3\ D3\ A4\ D1/ E1/ D0+ @2\ A1\ A0\ @1\ D0+ D0\ @2/
8x8Trax_3338181 JiffyJeff vs. YankeeFan : @0/ A0/ A0/ @2+ A4\ A5\ A6\ @4+ D5\ E4+ C0+ F3+ A1\ @1+ C0\
8x8Trax_3338266 GlassTiger vs. basplund :
8x8Trax_3338282 dawn1968 vs. jaha : @0/ A0/ B1/ B3+ C3\ D3+ D4\ A0\ @1\ E1/ A3+ F2/
8x8Trax_3338360 davidmilne vs. katkop : @0/ B1\ A2/ @2+ @2\ C0/ @1+ @1\ C0+
8x8Trax_3339602 The Running Man 15 vs. Charlo : @0+ B1\ B0/ C1/ C0/ B0+ B0\ A3+
8x8Trax_3339883 birddog8560 vs. Rogue Trooper : @0/ A0/ B2/ A3/ @3/ B0/ @1/ C0+ @2/ B4+ E1/ C0/ E0/ F1/ A1+ C0/
8x8Trax_3339905 Sir Pussycat vs. Charlo : @0+ A2\ B2\ C2+ B0+ C4\ B4+ @3+ C0+ E4+ A3+ @3+ C2+ G4+ F3+ H4+
8x8Trax_3340171 nisqually vs. spitfire : @0/ A2\ B1/ B0+ C1+ A0\ @1\ A0+ A4+ @2\ D5\ E5\ A4+ A0\ @1\ E2/ E1/ G6\ F7\ D8/ C7\ H5/ H4/ H7\ H3/ A2/ A5+
8x8Trax_3340214 Lofty vs. Authority : @0+ B1+ A0/ B3\ C3\ D3+ A3+ A4/ B5/ D1/ A5+ C0\
8x8Trax_3340626 spitfire vs. SIRI : @0/ B1\ A2/ @1/ D1/ D0/ C3\ B4/ E3\ F1/ D4\
8x8Trax_3340627 spitfire vs. FLOWER18252 : @0/ B1\ A2/ @2/ C2\ C3\ D1/ C0\ @1\ A0\ @3+ @1\ A0\ C1/ B0+
8x8Trax_3341375 GringoNZ vs. Rogue Trooper : @0/ @1/ A0/ @2/ A0/ A0+ @4+ @4\ B0/ @2+ E3/ F2\ E1+ G2+ F0+ B1+ H1/ G0\ D8+ G8\ B8+ A8/ H6+ H1/ E2+ D1+ B1/ A1+
8x8Trax_3341512 stinky_malinky vs. spitfire : @0/ A2\ B2\ B3+ B1/ C1/ C2\ D1\
8x8Trax_3341595 davidmilne vs. Dawn : @0/ A0/ @2+ B0+ B0\ C2/ D2/ C4\ B5/ @3/ @4\ B5+ A0\ @3+ H2/ G1+ B0+ A1\ D0/ E1+ G7\ H7\ H8\ F1+ G1/
8x8Trax_3342725 Dawn vs. Jump This : @0/ A0/ B1+ B0+ @3+ C4/ @2\ A1\ E3+ E5/ F4/ B4+ E1\ B1/ C0\ @3/ B5+ B6/ A5/ @5/ A6/ A7/ D7+ D8+ E8\ G8+ B1+ H2/ DRAW
8x8Trax_3346127 Paul -UK- vs. Authority : @0+ B1+ A0/ A3/ @3/ D2+ @2\ A1\ A4/ B0+
8x8Trax_3346502 Linda Sue vs. grade1teacher : @0+ @1\ B0/ C1+ C0/ B1+ B0\ @2/ B0/ @1+ A0\ @1\ C0/ A5/ @5+ B6\
8x8Trax_3348403 Sea Breeze vs. Goonerg : @0+ A2/ A0/ @1/ @3+ D1+ B4+ D0\
8x8Trax_3348463 * vs. Adam : @0/ B1\ B2\ C2\ A2/ B3\ C0+ D3\ B0/ A2+ E2\ B0/ D1\ B7/ A7/ C7/ @4+ E7\ F6/
8x8Trax_3348552 birddog8560 vs. YankeeFan : @0/ A0/ B2/ A3+ C2/ C1/ @1/ E2+ E4/ C4\ F1\ G1\ D0\ E6/ G1+ G0\ H3/ F6+ G7\ G8\ H1/ H7/ H6/ A5\ B2+
8x8Trax_3348668 Daddy MBA vs. Authority : @0+ B1\ B2/ C2/ C0\ @2/ B3/ E2\ C1+ B4/ A4/ F1/ F0/ F5\ G3\
8x8Trax_3349576 kkbjme vs. Charlo : @0/ @1/ B0\ B0/ A2\ @2/
8x8Trax_3349611 carinda vs. Charlo : @0/ A0+ A0\ @1\ A0\ @1\ @2\ B5+ @2\ A6/ @6/ D6\ D7\ F0+ G2/ F7+ G6\ H2/ A3\ G1+
8x8Trax_3350114 Uncle Chuckie vs. supermac : @0/ A2/ B2\ A3/ C1/ A0/ D3\ C4/ C5/ @1\ A0\ @5/ C6/ C7/ @3+ @3/ A6+ C8+ A8+ G2/ G1/ F7\ F8\ H7+ E1/ A2+
8x8Trax_3351410 shortlady vs. Authority : @0+ @1+ B2+ C1+ B3+ A3\ C3/
8x8Trax_3352061 Lorraine of the Renegades vs. basplund : @0/
8x8Trax_3352285 stormy rebel vs. YankeeFan : @0/ A0/ B1/ C1/ D2/ B3+ E3/ C0/ D2/ E2/ E1/ @4\ F5/ D5/ G2/ A5/ B6/ @4/
8x8Trax_3352299 *Leo The Lion vs. fallingstar : @0/
8x8Trax_3353388 FixitDave vs. Goonerg : @0+ A0/ @1/ B0/ C1/ C0/ D1/ E1+ E0/ @4/ C1\ F0/ C7\ G1+ B7+ G7\ H4+ G8/
8x8Trax_3353691 Authority vs. Dawn : @0/ A0/ A0/ @3+ A0+ @2\ D2\ @3/ A4/ A1\ @2+ C0/
8x8Trax_3353780 serenityinwv vs. Authority : @0/ A2+ @1\ A0\ @1/ C4\ D2/ D1/ D0\ E3+
8x8Trax_3353825 magy vs. Authority : @0+ @1\ A2/ @2/ D1\ D2\ C0+ B4\
8x8Trax_3353890 * vs. riaZZZ : @0/ B1\ B2\ @1/ C0/ D3\ B3/ B4/ B1+ @1+ @1/ F1/ G1/ G2+ B3\ C0+ F1+ E0/ C0+ F7+
8x8Trax_3354134 Daddy MBA vs. jaha : @0+ A0/ @2/ @2/ @2/ @2/ B1/ A3/ E0/ E0/ E0/ A3+ A2\ @4+
8x8Trax_3354444 echo45 vs. Charlo : @0/ A0/ B1/ C2+ C3\ C4+ D3/ @1\ B0/ A5/ A6/ @3/
8x8Trax_3354979 * vs. Thoddy : @0/ B1\ B2\ A0/ C2+ @1\ B0+ A1+ A0\ @2\ C5/ D6\ F4+ C6/ E7/ A4+ @2\ A5+ G7\ D7/ E8/
8x8Trax_3356664 Authority vs. DarkHoney : @0/ B1\ A2/ C1\ A0/ @1\ A0\ C4+ D1/ E1/ B0+
8x8Trax_3358030 jaha vs. Rogue Trooper : @0/ A0/ B2/ A3+ @1/ B4+ A4/ @1+ A4/ A2+ E2+ D4+ F4+ @3+ D5+ G5\ G6+ @4/ A5/ D6+ D0+ E0\ F3/ G2+ H4+ B2/ A3\ C1+ A4+ H1\
8x8Trax_3358485 Sassy Lassie vs. Charlo : @0+ A2\ B1+ B0/ C1+ D2/ @2/ E3\ B4\ F3/
8x8Trax_3358548 ypercube vs. Traxplayer : @0+ B1+ B2/ A0\ C3/ @2+ A0/ @2+ @2/ C0\ C0\ D2+ E4+ F3+ C0+ G3/ E2+ C0/ G7+ H6\ RESIGN
8x8Trax_3359017 Jump This vs. Dawn : @0/ A0/ B1+ A3+ C3/ @3/ A2+ C4/ A5\ D1+ C0+ E2\ F2\ C0/ D2/ E5+ A2\ @2\ G1+ A5/ D0/
8x8Trax_3359477 Fireball37 vs. Authority : @0+ B1+ A2+ @1+ B3+ D1+ @1/ A2/ D3\ @2+ @2\ A0+ @1/ A2/
8x8Trax_3359722 golfnutrof vs. Traxplayer : @0+ B1+ B0\ A3/ @3+ @2/ B1+ @2+ F1\ G1\ F3+ D4/ C0+ H3+ D6+ G5+ D7+ RESIGN
8x8Trax_3359916 TOTALTAROT vs. Authority : @0/ A2+ B2/ @2/ A3\ C1+ B3+ B0/ C4+ A1\ D4/ A0/
8x8Trax_3360864 H D 4 ever vs. Charlo : @0+ A2/ A0\ @3/ A4/ @4/ D4\ D5\ A5/ D6/
8x8Trax_3361359 Dionysos vs. YankeeFan : @0/ A0/ @2+ B0+ B0\ @1+ B5\ D5+ E5\ C6/ C7/ E3/ B8\ F4\
8x8Trax_3361451 Azalea vs. jazzbeth : @0/ @1/ A2+ A3/ A4/ B3+ @4+ @4\ E3\ A1\ B0/
8x8Trax_3361760 Sir Pussycat vs. denise : @0+ B1\ B0/ C2\ C1+ B3/ D1/ A3+ @2\ F1/ C4+ F0\ D6\ D1/
8x8Trax_3361764 Sir Pussycat vs. Dawn : @0+ A0/ B1/ C1+ @1/ A3\ C3+ B0/ C5+ @4/ B5+ A1\ @3/ B0/
8x8Trax_3362332 firemensgirl vs. Charlo : @0+ A2\ B2\ @1+ D2\ D3\ A2+ @1+ C4\ F1/ D4\ F0\
8x8Trax_3362554 birddog8560 vs. Charlo : @0/ @1/ B2/ @1+ @1/ D0+ C0/ C0/ C5/
8x8Trax_3362556 birddog8560 vs. Authority : @0/ A0/ B2/ B3/ C2/ @1\ A0\ E3/ @3+ A4+ @4/ D5\ G2/ C6/ B6+ G6+ RESIGN
8x8Trax_3362972 Dawn vs. ypercube : @0/ A0/ @2+ A0/ C2+ @3/ A2+ B4\ B5\ D1\
8x8Trax_3364876 riaZZZ vs. ypercube : @0+ B1+ B2\ C2\ B3\ D2\ C3+ @1/ B3+ B4/ A3/ C5\ @1/ E4\
8x8Trax_3365677 YankeeFan vs. Geri39 : @0/ B1\ B2\ @1/ A2/ B3/ B0/ D1/ D0/ E2+ D0/ F5\ D6+ G4/ F3+ D0\ A3\ @3\ A6+ A1\ H4+
8x8Trax_3366038 Authority vs. stitcher : @0/ A2\ B2\ B1+ C1/ B3\ B0+ B0\ B0\ @6/ A7/ @5\ A4\ B3\ E1/ F2/ E0\
8x8Trax_3366475 ken vs. basplund : @0/
8x8Trax_3367504 mandy the weird vs. Authority : @0+ B1/ B2\ C2\ C3\ B4+ C1/ A3+
8x8Trax_3367505 mandy the weird vs. Charlo : @0/ B1\ @1+ C2/
8x8Trax_3367974 Dawn vs. Charlo : @0/ A0+ A3/ B2+ A0\ @1\ A0\ @1\ C6+ C0+ D2/ E4+ E1/ D0/ F2\
8x8Trax_3368037 birddog8560 vs. Authority : @0/ B1+ C1/ A2/ A3/ C2+ D2/ B0/ B5+ C6/ C7/ C8/ A8+ @5+ E6+ F6/ G4+ G3/ G2+ H2/ E1+
8x8Trax_3368605 birddog8560 vs. Authority : @0/ A0/ B2/ A3+ A4/ A5/ B4+ @5/ @4+ E3+ F3\ E5+ F6/ B7+ B8+ E8+ F8+ G4/ @4\ B7\ F1+ C1+ A2\ H8/ A6+ A7/ A8+ H2/ H1+
8x8Trax_3368607 birddog8560 vs. Charlo : @0/ A0+ @1/ B0\ C1\ @1+ C0/ E2\ D4+ E5/ @3\ F6/ G5\ H5+ H6\ H7\ B1+ C0+ B5\ F2/ G2+ E1\ C8/ B6+ B1+
8x8Trax_3369974 ejd vs. s_strum : @0+ @1/ A0\ @2/ C3\ C4\ D3/ E3/ A5/ D2+
8x8Trax_3370544 Daddy MBA vs. GringoNZ : @0+ B1+ @1\ A0\ @2/ C3/ B4+ B5/ A5/ A6/ @4\ D6\ E5/ D7/
8x8Trax_3371134 hazeleyes vs. Authority : @0+ @1/ B2\ B0\ B4/ C1\ A4/ @4/ D4+ A1\ D5+ @3+
8x8Trax_3373467 JiffyJeff vs. Rogue Trooper : @0/ A0/ A0/ @3/ B4/ C1/ A4+ @4+ E3+ E5+ F5+ F6\ A1+ C0/ RESIGN
8x8Trax_3374555 Sassy Lassie vs. Charlo : @0+ A0\ A3/ @1\ A0\ @3/ @3+ A4/ D5/ B0/ E4\ D0/ E2+ F4/ A8/ @8/ G2+ G7\ H7+ G8/
8x8Trax_3374612 *Leo The Lion vs. JiffyJeff : @0/ @1/ B2+ C2+ B3/ B4/ @4+ @2/ D0/ F3\ F2+ D0/ D0/ F0\ C1\ B2/ B4+ G6\ H6\ F7/ G8+ G3+ A4/ A7/ H2+ DRAW
8x8Trax_3374614 JiffyJeff vs. *Leo The Lion : @0/ @1/ B0/ A0+ @1\ @1+ A0+ A5/ RESIGN
8x8Trax_3374826 kkbjme vs. Authority : @0/ @1/ A2\ C1\ B2+ B3\ C2\ D2\ C3\ A0\ @2/ E1/ F1/ C0/
8x8Trax_3374972 Rogue Trooper vs. jazzbeth : @0+ A0/ B1\ A3/ C1+ @2+ C0+ D3\ C4+ B5/ @5/ A6/ C6+ D7/ B2+ E5+ F7\ E8/ F3\ B1\ G5\
8x8Trax_3375533 *Leo The Lion vs. ypercube : @0/ @1/ B2+ B3\ C1/ C4/ C5/ C6/ @1/ D0/ E4+ F3\ D0/ G5\ F6+ B7+ G1+ H3/ H2/ A6+ A8/ G6\ DRAW
8x8Trax_3375535 ypercube vs. *Leo The Lion : @0/ @1/ C1/ B0+ C3\ D1\ E2/ B0/ E4\ E5+ F3\
8x8Trax_3375620 BigDaddyTuaine vs. Authority : @0+ A0/ B1\ A3/ B2+ C2+ B3+ @2+ A1+ @2+ A1\ B0+
8x8Trax_3376527 Jenny Poo vs. Goonerg : @0/ @1/ A2/ A0\ @2/ D2/ D0/ E3/ F4\ D5+ E1+ B0\ A2/ @2/ E0/ D8+
8x8Trax_3376528 YankeeFan vs. Goonerg : @0/ B1/ C1\ B2/ D1\ B0/ E2+ E3/ B4/ E0+ B1+ C5+ D6/ E6/ D7+ A5/ F3\ D0+
8x8Trax_3376809 basplund vs. critterhug MIA :
8x8Trax_3377745 Sushi Warrior vs. Authority : @0/ @1/ B0\ @2\ B1+ B0\ A1\ A0\ @4\ A2+
8x8Trax_3377783 ema vs. Authority : @0+ @1+ A0/ B3\ A3+ C2+ C1+ @2+ D0\ E3+ C1\ F3+ C0+ G4+ E1/ @4+
8x8Trax_3377944 Ray of Light vs. Charlo : @0+ A2\ B1+ B0/ C1/ D1+ B0+ A1\ A0\ @4+ C6/ @4+ D7\ E7\ B5/ A1+ @4/ H4/ E0/ F1/ G1/ F7/ H7/ C7/
8x8Trax_3378298 * vs. jaha : @0/ A0/ A3/ A4/ B2+ @1+ @2+ B5+ A1+ C0+ E3/ F2\ D6\ E6+ F4/ F5+ D1+ @4+
8x8Trax_3379086 * vs. Charlo : @0/ A0+ A0\ @3/ A4/ @2\ @2+ A1\ C0/ B6\ @6+ A7/ A2\ @2+ D0+
8x8Trax_3379110 Authority vs. Lowell : @0/ A2+ @2+ B3+ C2+ C3+ C4\ B4+ D2+ B5+ A5\
8x8Trax_3379233 **Lover of Darkness** vs. Charlo : @0+ B1\ B2\ C1+ C0+ D2\ E2\ D4+ C5\ A4/ @3\ B1\ B0\ @3/ D1/ E0\ B6/ A1\ @1\ D0+
8x8Trax_3379627 ejd vs. s_strum : @0/ B1\ A2/ B2+ B0/ C1/ @2\ A1\ B0\ B0\ A1\ @2\ C6\ C7/ B7/ B8/ F1/ @7\ H2\ A6+
8x8Trax_3379818 Yiewxi vs. Charlo : @0+ B1\ B0/ C1/ C0/ B0+ A2\ C0\ A2\ D4\ C5+ D1/ E1/ D0\
8x8Trax_3379838 Yiewxi vs. Charlo : @0+ B1+ A0/ A3/ B3+ C2+ D2/ D1/ C0/ @3+ @3/ A5+ @5/ A6/ @6/ A7/
8x8Trax_3379914 BigDaddyTuaine vs. Charlo : @0+ @1+ B0\ A3/ B3+ C2+ @3/ A4/ @2\ A1\ B0\ F3+ F4/ C6+
8x8Trax_3380134 birddog8560 vs. Authority : @0/ A0/ B2/ A3+ @1/ A3/ B4/ @3/ C0\ D2/ E2\ @4\ C5+ E5+ D0\ F2+ G2\ B7\ C8/ F5+ G3+ E7/ G5\ H6/ H3\ A7\ G7\ E8+ C1+ B3+ B1+ A3+ G1/ H1/ G8+ H8\ A1+
8x8Trax_3380823 Lil Minx vs. Charlo : @0/ B1\ B2\ A0/ A3/ A4/ @3+ A0+ @1\ @1+ C0+ B5+ F3\ E2+ F4+ E1/ G4\ G6+ F7\ H4+ D8/ G3+
8x8Trax_3382073 golfnutrof vs. Adam : @0/ A2\ B1/ B0+ @2+ @2\ A0+ E2\ E4+
8x8Trax_3382174 Rizzo vs. Authority : @0+ @1+ A0+ @2+ B0/ D3+ C1\ C4\ B4+ E3+ B5\ @3+ D5+ G3+ E5+ H3+
8x8Trax_3382581 Robinmimi vs. Authority : @0/ A2+ @1\ B0/ A3+ C2+ C4+ D2\ B4/ E2\ @4\ F1/ C5/ D0/
8x8Trax_3382619 **Lover of Darkness** vs. Charlo : @0+ A2\ B2/ A0\ B2+ B1/ B0/ @2\ @3/ A4/ C5\ @3+ @3\ A1+ @1\ H3+ H5\ A0\
8x8Trax_3382808 woodhead larry vs. Charlo : @0/ @1/ B0\ B3+ C3+ B4\
8x8Trax_3382905 **Lover of Darkness** vs. Authority : @0+ B1+ C1/ C0/ D2\ D3\ C3+ E2+ D4\ B0\ A1\ E1/ E0+ F2\
8x8Trax_3382906 **Lover of Darkness** vs. Charlo : @0+ B1+ A2\ A0\ B4/ C2\ @3/ C1/ C0/ E2+ E5/ F3/ A5/ B6+ A3\ @3\ C1\ C0\ B7+ B8+ B3+ A6/ @4\ E7+
8x8Trax_3383100 Charlo vs. Mersephone : @0+ @1/ C1/ B0+ B0+ C4/ D3/ D1/ C0+
8x8Trax_3385905 Goonerg vs. rogerrabbit : @0/ A2/ B1/ @1/ C0+ @2/ E3+ E4+ E5/
8x8Trax_3385935 Sea Breeze vs. *Leo The Lion : @0+ B1+ @1\ D1+ A2\ E1+ B3+ F1+ B4/ G1+ A3+ H1+
8x8Trax_3385954 Traxplayer vs. Rogue Trooper : @0/ A0+ A0\ @3/ A4/ @1+ A0\ @5+ E2\ F2\ D6\ E6\ C7/ B7/ @7/ A8/ B1\ A4+ F8\
8x8Trax_3386017 Thoddy vs. ypercube : @0/ A2+ @2\ A0+ A0/ A5\ A6/ @6/ A1\ C0\ D2+ A5\ @5\ @5\ F5+ G2\ C8+ H3\ H4\ H5\ B2+ B1\ G6+ F7+ B8/ H7/ DRAW
8x8Trax_3386038 basplund vs. GlassTiger :
8x8Trax_3386373 Daddy MBA vs. ypercube : @0+ @1+ @1\ B2/ B3/ B4/ C4/ B5/ @5/ A6/ A7/ @4+ A8/ E3+
8x8Trax_3386777 Jay RAA vs. jazzbeth : @0/ A0/ @1/ A0/ C3/ D3/ A0/ @1/ A0/ @2+ @1\ B0\
8x8Trax_3387198 Authority vs. Dawn : @0/ A0/ @2+ B0+ C1\ @3/ A2+ D4+ E1\ F1\ A4/ A5+ @3+
8x8Trax_3387856 Charlo vs. Pegasus : @0+ @1/ @1\ A0+ C3\ @2/ A3/ @3/ C4+
8x8Trax_3388043 Charlo vs. Dawn : @0+ A0/ B1+ C1/ A3+ @2\ A0\ @1\ E1+ A0+ E1+ B0\ F3/ @2\ A0\ H3+ A0+ D2+ D1+ A5/ A6/ E8+ F2\ F8+ E1+
8x8Trax_3389659 Miss Traven vs. Lore_Lamia : @0+ A2\ B2/ A0\ B2/ A0\ @1\ C0/ D1/ D2+ E1/ C0\ @2\ A1\ E0\ A1/ B2+ A4/ @4/ F6\ G6\ H6\ C1/ F7\ F8\ B5+ D8\ B7/ A7/ A3+ A1\ G8+ C8/ B8+ H8\ H2/ H1+
8x8Trax_3390271 **Lover of Darkness** vs. Charlo : @0+ A2\ A3\ @2\ C1/ D1+ D0/ A5/ @5/ E5\ E0+ F6/
8x8Trax_3391227 Authority vs. echo45 : @0/ A2\ B2\ B1+ A3+ @3/ @3/ B1+ B4+
8x8Trax_3391267 Fireball37 vs. davidmilne : @0+ B1+ A2+ B0\ B3+ B4\ C4+ D4/ C2/ B0\ @2\ E1/ D0+ F4+
8x8Trax_3391615 *Leo The Lion vs. JiffyJeff : @0/ @1/ A2+ B3/ C1+ C0/ B1+ @2+ D0+ E3+ @3/ B1\ B4/ C0/
8x8Trax_3391616 JiffyJeff vs. *Leo The Lion : @0/ @1/ A2/ C2+ A3/ D1\ C0+ A5+ @2+ A1\ D6+ E6\ F4\ D0/ F1+ G5\ B7+ C0+ E1+
8x8Trax_3391654 GringoNZ vs. *Leo The Lion : @0/ @1/ B2/ B3/ C2+ A0\ @1\ E3/ F3/ C5/ B5/ @1\ B2+ D0+ @3/ B4+ G2+ A5+ A7+
8x8Trax_3392289 BigDaddyTuaine vs. Authority : @0+ @1+ B2/ B0/ C1/ D1+ C0\ D4\ D5+ E3\
8x8Trax_3393590 jazzbeth vs. shortlady : @0/ @1+ A2/ A0+ @1/
8x8Trax_3394311 JiffyJeff vs. Charlo : @0/ @1+ B0/ A3+ C1+ B0+ A0/ @1+ A0+ @1\ B0/ A5/ RESIGN
8x8Trax_3394495 Yiewxi vs. Charlo : @0/ A0+ A0\ @1\ @1\ @3+ @3/ C4+
8x8Trax_3394676 BigDaddyTuaine vs. Charlo : @0+ B1+ B2/ A0\ @1\ D2+ @2/ A3/ C4\ @2+ B5/ A5/ @5/ E0/ F1/ B1\ E0/ A3\
8x8Trax_3395357 Authority vs. JiffyJeff : @0/ A0/ @2/ B0+ C1\ D1+ @3+ C4+ E4+ E5+ F4/ D6\ E0/ RESIGN
8x8Trax_3395759 Sassy Lassie vs. Charlo : @0+ A2/ @1+ B0/ C1+ D2/ C3+ B4/ A5/ @4+ C5+ F2+ C6+ A5/ @5/ A7+ @6\
8x8Trax_3396211 dgb vs. GringoNZ : @0/ B1/ A2\ @1/ B0+ A0/ @1+ E3/ B0/ E5\ F5\ @3+ F6\ @4/ A5/ G7+ G8/ H7+ C5+ B6+ B1+
8x8Trax_3396212 GringoNZ vs. dgb : @0/ @1/ A0/ @2+ D2/ D3+ C4+ C5/ C6/ D6/ E6/ A4+ D5+ @6/ C7+ A2\ RESIGN
8x8Trax_3396213 Daddy MBA vs. GringoNZ : @0+ B1+ C1/ C0/ B0/ B0/ B0/ A3+ C1/ D3/ E5/ E6+ C7\ @4\ C7/ C8/ E1\
8x8Trax_3396214 GringoNZ vs. Daddy MBA : @0/ @1/ A0/ A0/ @1/ C4\ D4\ E4\ A4+ D5\ A0\ @2/ A3/ D3/ D7\ C8+ A8+ @6/ E2/
8x8Trax_3396567 Arctic Warrior vs. ARCTIC PRINCESS : @0/ B1\ A2/ A0/ A4\ B4\ C3\ D3/ D2/ D0/ E1/ @2\ A1\ C0/ E1/ B7/ A7/ @7/ D0+
8x8Trax_3396704 GringoNZ vs. *Leo The Lion : @0/ @1/ A2+ C2+ D2\ B3/ B0+ E3/ E2/ E1/ E0+ F3+ C6+ F1/ G2\ E0+ C1+ D0\ A2\ RESIGN
8x8Trax_3398015 Pepsi Fan vs. Goonerg : @0+ A2/ @2\ A1\ A0+ @1\ D3/ A3/ @2+ C4/
8x8Trax_3398041 Goonerg vs. Traxplayer : @0/ @1/ A2/ B3+ C1/ C0/ D1/ D0/ E1/ E0/ F1/ G6\ E7+ H3+ F0+ H1/ B8/ H8/
8x8Trax_3398215 basplund vs. Mersephone :
8x8Trax_3398237 YankeeFan vs. Rogue Trooper : @0/ A0+ A0\ @1\ A0\ @4+ B5\ @1\ A0\ C1+ A6\ @3+ F4/ E7/ G1/ D0/ @4\ C1+ DRAW
8x8Trax_3398331 JiffyJeff vs. GringoNZ : @0/ @1/ A2/ C2+ C3\ C4+ D4+ @4/ RESIGN
8x8Trax_3398332 birddog8560 vs. YankeeFan : @0/ A0/ B2/ C2/ A0+ @3\ B4\ D4\
8x8Trax_3398494 GlassTiger vs. Authority : @0/ B1+ A0\ @2/ A3/ B4+ D3\ A5\ @3/ @4\ F2/ G2/ E1+ H1/ G0\ A7/ F5+ F6\ G6/ D7\
8x8Trax_3398522 ypercube vs. Dragon101 : @0/ A0/ B1+ A3/ @3/ @1/ D4+ E2/ F2/ D0/ B6/ A5+ @5/ A6/ H5\ F6+ A4+
8x8Trax_3398932 Dawn vs. Authority : @0/ A0/ B1+ C1/ D1/ B3+ C3+ B4/ D3\ E3\ F3+ F4\ B5/ F0+ G1/ D5/ D6+ H1+ G0+ B2/ C8+ G5\ G6+ G7+ H6+
8x8Trax_3399449 Dawn vs. *Leo The Lion : @0/ @1/ B0+ C1+ A3+ @2+ B0+ @3+ A4\ @4/ A5+ @4/ @4/ C6\ D6\ C3+ G6\ A6+
8x8Trax_3399450 Dawn vs. *Leo The Lion : @0/ @1/ B0+ C1+ A3+ @2+ @2/ E0\ C1+ A2+ A4/ F1/ F0/ @3\ G3\ H1+ F4+ C6+ D7+ H0\ F7+ E2/ C2+ B1+ D1+ H5/ H6+ RESIGN
8x8Trax_3399475 JiffyJeff vs. *Leo The Lion : @0/ A0/ B2/ B3+ C3+ C4\ C5\ B1/ D2/ B4/ @2/ B5+ @3/ A4+ C6\ E7\ F5\ G4+ A1\ @2+ C0\
8x8Trax_3399480 *Leo The Lion vs. GringoNZ : @0/ @1/ B0+ A3\ B0+ @3+ @2/ @3\ D5\ E5\ F3/ A4/ RESIGN
8x8Trax_3399701 davidmilne vs. JiffyJeff : @0/ @1/ B2/ A2/ C1+ A3/ D1/ C4+ D4\ E2\ C5/ C6/ C0+ D0\ E6\ E2\ F5+ @7+ G1+ H3/ H2/ C1+ A2\ A1\ DRAW
8x8Trax_3399776 *Leo The Lion vs. Dawn : @0/ A0/ B1+ A3+ C1\ @3/ A2+ B4\ C5/ C6/ E6+ D7\ D8\ E8\ F5\ G4+ @2+ F1+ H8+ B7/ DRAW
8x8Trax_3399777 *Leo The Lion vs. Dawn : @0/ A0/ @2+ B0+ @2/ D1/ D2+ B4\ D0/ E1/ A1\ E5\ B0/
8x8Trax_3399926 marygal vs. thebodywall : @0+ @1/ A0\ @2/ A3\ A4/ @4/ B1\ A1\ @1+ B3\ A4/ A2+ @1\ B0/ C0\ B7/ A7/ @5/ F7\ H5\ F8/
8x8Trax_3400208 Authority vs. ScoobyRex02 : @0/ B1\ B2\ C2+ A0/ C0+ D3\ @2\ A1\ C0/ @2+ E0/ F1/ G1/ A6/ A2\ @5/
8x8Trax_3400363 GringoNZ vs. *Leo The Lion : @0/ A2\ B1/ B0+ @2+ B0+ @2+ C0+ A1\ @2/ @2/ C0\ D6/ D7/ C7\ C5/ G5\ B2+
8x8Trax_3400364 *Leo The Lion vs. GringoNZ : @0/ @1/ B0+ C1+ C2+ @2+ A3\ A0\ @2/ @3\ D5/ B1+ G3/ B4+ @4/ A5/ C6\ B0/ G7\ H7\ B0/ A3/ H3+ H2\ D1+ H1+ G1/ H6+ E1+
8x8Trax_3401187 Patroclo vs. heidibb : @0/ B1\ A2/ @2/ B3\ C3\ @1/ E1\ F3\ E4/ C5+ G2\ F1+ D6/ D7/ A5\ @5\ B4+ C6+ G4\ G5\ H4+
8x8Trax_3401190 Patroclo vs. Charlo : @0/ A0+ B1\ B0\ @2\ B4+ D2\ D0\ D0\ E4+ D7\ E6+ @5+ A6/ @6/ D7+ C8+ D8\ E8+ E2+ H2+ H5/ D1\ B2+ A2/ G7\ H7\ A1+
8x8Trax_3401687 Authority vs. Patroclo : @0/ B1/ A2+ B0+ @2/ D1/ D2+ B0/ E1\ B0/ E0+ F1/ A1\ F5\ @1/
8x8Trax_3401752 dgb vs. *Leo The Lion : @0/ @1/ A2+ C2+ B0+ A0/ @4\ C5/ @1\ A0\ @1\ B0/ C1+ D8/ C8/ B6+ @6+ B8+ @4+
8x8Trax_3401754 *Leo The Lion vs. dgb : @0/ A0/ @1+ @1\ C0/ B0+ @2+ B0+ @3+ A1\ B0/ @3+ E7\ C0/ G7+ @3\ C1\ E7+ D7/ B7/ A1+ A6\
8x8Trax_3402009 JiffyJeff vs. Goonerg : @0/ A2/ @2/ A3+ @3+ A1\ B0/ B5\ D3/ @3+ @3\ B1+ F2/ F1/ E0/ G3+
8x8Trax_3402316 ypercube vs. Thoddy : @0/ B1\ A2/ B0+ B0/ C1/ D1+ D0/ D5\ B1\ E4\
8x8Trax_3402518 Miss Traven vs. Lore_Lamia : @0+ B1+ A2+ B2+ C2\ @2/ A1\ @2/ A1+ D3+ C3/ @1+ A0\ C4+ C5/ D5+ @3/ B4+ G5\ G6/
8x8Trax_3403054 Funinsun vs. Charlo : @0+ A2/ A0+ B1\ B3\ A4\
8x8Trax_3403095 Think Pink vs. Charlo : @0+ B1\ C1/ B0\ C1/ B0\ C1/ B0\ C1/ C0\
8x8Trax_3403393 *Leo The Lion vs. GringoNZ : @0/ @1/ A0+ A3\ A0/ C2+ B0+ D3+ C0/ D1/ D0/ @5\ D0\ C2+ D7+ @6+ D1+ C1\ G1\ G6+ RESIGN
8x8Trax_3403562 deltahobbit vs. Charlo : @0/ @1+ B2\ C1\
8x8Trax_3403713 andysus93 vs. heidibb : @0+ @1\ @1/ A2/ B2+ D1/ C0\ C0\ B2\ D4/ E3/ B5+
8x8Trax_3403966 GringoNZ vs. *Leo The Lion : @0/ A0/ @1/ A0+ A0\ @3/ D3+ A4+ @1+ A4+ @1/ @1/ B0/ E6/ D0/ E2+ F2/ RESIGN
8x8Trax_3404116 ypercube vs. Thoddy : @0/ A2\ B2\ B3+ @2+ D2\ E3/ D1\ C4/ D4+ F1\ A5/ @2/ E5\ F6/ A5+ G4+
8x8Trax_3405111 crow57 vs. ladyvic : @0/ A2\ B2\ B3\ B1/ C2\ C1+ C0\ D3+ D4\ E4+ E5\ C5\ C6/ B6/ @1\ A4+
8x8Trax_3405134 heidibb vs. JiffyJeff : @0+ A2/ A3/ B1+ @2+ A4\ @4\ A3\ E1/ D3+ @2/ B1+ B5+ D5+ G2/ D6+ C7\ B7+ @4+
8x8Trax_3406192 ypercube vs. Thoddy : @0/ B1\ A2/ @2+ B3\ C3\ C4\ D2/ E2/ @2\ F5\ G3+ C5/ G5\ E6/
8x8Trax_3407680 Dragon101 vs. Goonerg : @0/ @1/ B0/ A3/ C1+ D2/ B4+ E1\ B0/ F3/ F1+ E0+ D0/ G6+ F8+ H6/ G3/ H3/ H2/
8x8Trax_3408646 horsecrazy vs. Authority : @0+ @1/ B2+ C1\
8x8Trax_3409312 ypercube vs. Thoddy : @0/ B1\ A2/ @2+ B3\ C3\ C4\ D2/ B0/ E5\ E6\ C6+ E1/ F4+ D0/
8x8Trax_3409323 DINGEROO vs. Charlo : @0/ B1+ @1\ B0/ D1+ A1\ A0\ E2/ E1/ C0/ F3\ F4\ F1/ G1/ B5/ B0+ @2\ A3+ E2/ C0\ H5+ E1/ D0\
8x8Trax_3409418 Goonerg vs. Rogue Trooper : @0/ A0+ @2/ C1+ C2+ D1+ A3+ @2+ @1/ A0+ B0+ G3+ @2+
8x8Trax_3409495 Traxplayer vs. Azalea : @0/ @1/ A0/ B1+ C1\ C3+ @2\ @2\ D4+ B3+ F2+ @3\ D5+ G4+ @3\ A4+ B2\ E0/ E0/ B3\ RESIGN
8x8Trax_3409501 jazzbeth vs. * : @0/
8x8Trax_3409503 Adam vs. jaha :
8x8Trax_3409592 ken vs. basplund : @0+
8x8Trax_3409744 Charlo vs. Dawn : @0/ A0/ @2+ B0+ @3\ D1/ D2+ C0\ C0\ B0/ @1+ A0\ @1\ D0/ E1/ G1+ A4/ H2\ H5+ A6+ G6+ B8+ G8+ H8\ H1+
8x8Trax_3409859 andy99 vs. Authority : @0/ B1+ @1+ B0/ C3\ B0/ @3+ E2\ @3+ C0\ B1\ F1/ G1/ E0\
8x8Trax_3409877 jazzbeth vs. Grover : @0/ B1\ A2/ B2+ @1+ A0/ B1+ B0+ C2/ D3+ A1+ @2+ E2+ F3\ G3\ G4/ G2+ E4\ D5+
8x8Trax_3410581 Dragon101 vs. birddog8560 : @0/ A0/ B1/
8x8Trax_3412053 Sassy Lassie vs. Charlo : @0+ A2\ @1/ @2\ B3+ @2\ E3\ D4/ E4+ A4/ A5+ @4\
8x8Trax_3412267 **Lover of Darkness** vs. Charlo : @0+ @1+ A2/ C1+ D1\ D2\ A3/ E2+ @1\ A0\ @1\ F5\ G4+ A5/ A6+ @5\
8x8Trax_3412574 Authority vs. Patroclo : @0/ B1/ @1\ C0/ B0+ A1\ @1+ A0\ A5/ @4\ E5\ RESIGN
8x8Trax_3412707 heidibb vs. JiffyJeff : @0/ @1/ A2/ B3/ @1/ B0+ @2/ B3/ C4+ A4+ A5/ C0+ @4\ @3/ C7\ C8\ B1+ B6/ G5/ H5/ D8\ E8+ F8\ G4+ G6+ F1/ G1/ H3+ G7+ A5+ H8\ A7+
8x8Trax_3413598 Patroclo vs. Authority : @0/ @1/ B0+ @1/ B3/ A0+ @2+ B3+ B0/ B0/ B0/ D2+ @4/ B2/ F4+ A1\ RESIGN
8x8Trax_3413972 Thoddy vs. ypercube : @0+ A0+ A3\ @3/ B4+ B5/ A5/ @5+ A6/ A2\ C6\ D1\
8x8Trax_3417843 GringoNZ vs. Charlo : @0/ A0+ @2/ @2/ C0+ @2\ A1+ E1/ @2\ B0/ C1/
8x8Trax_3417844 Charlo vs. GringoNZ : @0/ @1/ A0/ B1+ C1\ @1/ C0+ E2\ E1\ A1/ C4+ D0/ F2+ G2\ B1+ H2/ G1+ F0+ H1+ H0/
8x8Trax_3417845 GringoNZ vs. golfnutrof : @0/ @1/ B0+ @1/ A0/ A3+ B4/ C1/ D1/ D0/ D5\ E5+ D6/
8x8Trax_3417846 golfnutrof vs. GringoNZ : @0/ @1/ B0/ A0+ @3/ B0/ B5+ @3+ B1+ @1+ A3/ @4\ G3/ H5\ F6/ B5+
8x8Trax_3417847 GringoNZ vs. Daddy MBA : @0/ A0/ @1/ A0/ C2+ D2/ @2/ D4/ @1\ B0/ A4/ @4/ F2+ C4+ C5\
8x8Trax_3417848 Daddy MBA vs. GringoNZ : @0+ B1+ C1/ C0/ B0/ A1+ A0+ @3\ B0\ @4+ @4/ A6+ F3+ G4+ H4\ H6+
8x8Trax_3417849 GringoNZ vs. Jay RAA : @0/ B1\ A2/ B0\ @2+ @2/ A4+ B5\ C5\ D5\ @2/ F5\ D6/ D0/ G5\ G6\ H5+
8x8Trax_3417850 Jay RAA vs. GringoNZ : @0/ @1/ A0/ B1+ A0\ @3+ @2/ @3\ @3\ A4+ A5/ @3\ C1\ D5\ B6/ E4\
8x8Trax_3417851 Charlo vs. golfnutrof : @0/ A0/ @1+ C2\ B3/ A0+ @1\ A3+ @2+ B0\ @3/ A2+ C0\ C0\ E1+ F2+ D0+
8x8Trax_3417852 golfnutrof vs. Charlo : @0/ A0+ @2/ @2/ D1/ D0/ B1+ E1+ F2/ F3+ B4+ C0+ C0\ A2+ @2\ @5+ A6/ D7/ E0/ F1/ H3+ H7+ G7+ G8\ F8/
8x8Trax_3417853 Charlo vs. Daddy MBA : @0/ A0+ B1\ A0/ B4\ C3/ @1/ E1\ @2+ G1/ E0+ G3/ B1\ G4\ C0/
8x8Trax_3417854 Daddy MBA vs. Charlo : @0/ A0+ B1/ @2/ A0\ @3+ C4/ D3+ E4/ C5+ B5/ B6/ C7/ A5+
8x8Trax_3417855 Charlo vs. Jay RAA : @0/ A2\ B1/ @1/ A0+ C0/ D2/
8x8Trax_3417856 Jay RAA vs. Charlo : @0/ @1+ A0+ @2/ D1\ B0/ C4\ A1/ @3/ E0/ F1/ B1\ A1/
8x8Trax_3417863 Authority vs. dgb : @0/ A0/ @2+ B0+ C1\ @2\ B0/ C0\ E3\ E6\ F6\ F7\ C0\ A1+ D3/ @2+ B6+ @6/ A7+ C7+ C8/ B1+
8x8Trax_3417864 dgb vs. Authority : @0+ B1+ C1/ C0/ B0/ A4\ B5/ B6/ @4\ E2+ E1/ D6+ A2\ @3/ D0/
8x8Trax_3417865 Authority vs. Guyver : @0+ @1/ C1/ B0+ B0+ A2+ B4+ A1+ B0+ @2/ @3\ B1\ A5/ @5/ C6\
8x8Trax_3417866 Guyver vs. Authority : @0+ @1\ A0+ @1\ A2+ D1\ A0+ E3/ C4\ A4/ B5/ @3+
8x8Trax_3417867 Authority vs. hexkid : @0/ B1+ C1/ B2/ B3/ D1/ A2+ @3\ C0+ C0/ @4/ B3+ E4+ B6+ G1/ F0+ G5\ E7\ G6/
8x8Trax_3417868 hexkid vs. Authority : @0+ B1/ A2\ C2+ @2\ C3/ E2\ F2\ E1+ F4\ C0/ G4\
8x8Trax_3417869 Authority vs. ypercube : @0/ @1/ A2+ C2/ D2/ A0\ @2/ D1/ B0\ F2+ G3/ @3/ D5+ F1+ C0\ D7/ C7/ RESIGN
8x8Trax_3417870 ypercube vs. Authority : @0/ @1/ C1/ C2/ D1/ A0+ A3/ @1\ @1+ A0\ F5\ G3+ A5/ @3\ D6/
8x8Trax_3417871 dgb vs. Guyver : @0/ B1\ A2/ B2+ C2\ C3\ D3\ C1+ C4+
8x8Trax_3417872 Guyver vs. dgb : @0+ B1+ B2/ B0/ A1+ C2+ A0/ B5\ C4+ B6\ A5+ @4+ B7/ A7/ @4/ A3+ E7\ C0/ @4+ C3\ E1/ G8/ F7+ G6+
8x8Trax_3417875 dgb vs. ypercube : @0+ @1+ C1\ @1/ B0/ B3+ D3\ C4\ B0/ RESIGN
8x8Trax_3417876 ypercube vs. dgb : @0/ A0/ B2/ A3+ C2/ @2\ @2\ C0/ F4\ F5\ G3/ G2/ G1/ H3+ G0/ D3+ E6+ E0\ D1\ D0\ C1\ B4+ B1+ A2+ A1\ C8+ A7+ H2+ A8+
8x8Trax_3417877 Guyver vs. hexkid : @0+ B1+ A0/ B3+ B4/ A3/ A4+ @2+ A4+ D2+ @3+ E4\ D5/ A2\ @2\ B1\ D0/ A2\ E7\ F7\ @4/ A5/ D6/ C7\ C8\ @5/ B1\ D1\ DRAW
8x8Trax_3417878 hexkid vs. Guyver : @0+ @1/ A2+ C1\ A3/ B3+ C4+ @3/ B4/ @2\ A1\ C0/ C0/ E2+ D0\ @1\ C0+ B8/ A6+ @5/ H2/ F1+ A2/ H6/ A3+
8x8Trax_3417879 Guyver vs. ypercube : @0+ @1+ B2/ B0/ C1/ D1+ C3+ D0/ C1+ E3/ C5\ F5+ F6\ F1/ G2+ E0/
8x8Trax_3417880 ypercube vs. Guyver : @0/ B1\ A2/ @2/ B3\ C2+ A4/ @3\ D4\ E2/ D5/
8x8Trax_3417881 hexkid vs. ypercube : @0+ A2+ A3+ @1\ B0/ @1/ C5+ A3/ B5+ D3\
8x8Trax_3417882 ypercube vs. hexkid : @0/ B1+ C1/ B2+ @2\ A3+ B0/ @3\ E0/ F2\ A1+ B6\ @2+
8x8Trax_3417883 jazzbeth vs. BigDaddyTuaine : @0/ A2\ B2\ B3\ A4\ C3/ B1/ C1/ A0+ D1/ A0/ B0/ D6/ E4\ @4/ F6\ D7/
8x8Trax_3417884 BigDaddyTuaine vs. jazzbeth : @0+ A0/ A3\ B2/ C2/ B1/ D3\ C4+ B5/ A5/ @4/ D1/ B6/ A6/ D5\ @5+
8x8Trax_3417885 jazzbeth vs. Rogue Trooper : @0/ A0/ B2/ C2/ @1/ B0/ D4/ C2+ E3/ A3+ C4+ D1+ F2+ F4\ D5/ G3+ B0/ @1+ G1/ E0/
8x8Trax_3417886 Rogue Trooper vs. jazzbeth : @0+ A0/ B1\ A3/ @3/ @3+ @2/ @2/ D1+ E4\ F4\ A4/ C5+
8x8Trax_3417887 jazzbeth vs. andysus93 : @0/ B1\ B2\ C2\ C3\ A2/ D2+ C0\ A1\ @2/ C0/ A2\ F3\
8x8Trax_3417888 andysus93 vs. jazzbeth : @0+ A0/ B1\ A3/ B2\ A4/ @3/ D1/ A1\ C0/
8x8Trax_3417889 jazzbeth vs. Goonerg : @0/ @1/ A0/ @2\ C1+ @2\ C3/ C4/ @3+ E5\ F3+ @2/ H2/ G1+ A1/ B5+ C6/ A6/ C7/ G5+ G6/ H5+ B1/ A5+
8x8Trax_3417890 Goonerg vs. jazzbeth : @0/ @1/ @1/ B0/ A0/ @1/ A2+ A0+ B5/ C1/ A0/ D3\ @5/ F6+ F7\ F2/ G6/ E1/
8x8Trax_3417891 BigDaddyTuaine vs. Rogue Trooper : @0+ B1+ B2/ B0/ C1/ D1+ C0\ D4\ E4\ C5/
8x8Trax_3417892 Rogue Trooper vs. BigDaddyTuaine : @0+ @1\ B2/ A3/ @3/ D2\ D3\ B4/ A1\ @3/ C0+
8x8Trax_3417895 BigDaddyTuaine vs. Goonerg : @0+ @1+ B2/ B0/ C1/ C0+ D3\ D4\ E2/ C5+
8x8Trax_3417896 Goonerg vs. BigDaddyTuaine : @0/ A2\ B1/ B0/ @3\ C3\ D2\
8x8Trax_3417897 Rogue Trooper vs. andysus93 : @0+ B1\ A0/ A0\ @1\ B0\ D4\ B0/ C6+
8x8Trax_3417898 andysus93 vs. Rogue Trooper : @0+ @1/ @1\ A0\ A0\ C2+ A0\ @4+ @4/ B5+
8x8Trax_3417899 Rogue Trooper vs. Goonerg : @0+ @1+ @1/ A0/ D2/ D1/ C0/ E2+ @3/ A4/ A1\ C0+
8x8Trax_3417900 Goonerg vs. Rogue Trooper : @0/ A2+ B1/ B0/ @3\ B0+ D1\ E4+ C5/ C0+ C0/ E1+ F4/
8x8Trax_3417901 andysus93 vs. Goonerg : @0+ A2/ @2\ @2/ A3/ A1/ B3\ C4/ D3/ C5/ B6/ A4+ @2\ E6\ F5/ D7/
8x8Trax_3417902 Goonerg vs. andysus93 : @0/ B1\ A2/ @2/ B0/ C0/ D3+ D4\ C5+
8x8Trax_3423026 JiffyJeff vs. Goonerg : @0/ @1/ C1/ D1/ C0/ D1/ C0+ @3/ C4\ E4\ RESIGN
8x8Trax_3423182 Rogue Trooper vs. GringoNZ : @0+ B1+ C1/ C0/ C0+ D2+ A4/ D4\ A5/ E4/
8x8Trax_3425420 aussielady vs. jazzbeth : @0/ A0/ B1/ B3/ B0+ A4/ @4+ @3/ E2\ E4\ D5+ F2+ F1/ F5\ F6\ G5/
8x8Trax_3426013 ypercube vs. stitcher : @0/ A2\ B1/ B2+ A0\ @1\ @1\ B2/ C4\ C5\ A5+ A6/ @2+
8x8Trax_3427713 Shariann vs. Linda Sue : @0+ @1\ @1/ A2/ C0/ C0/ D2\ C4/ A5/ E2\ E3\ F3\ E5\ @5/ C6+
8x8Trax_3427806 * vs. grade1teacher :
8x8Trax_3428031 jazzbeth vs. Adam : @0/
8x8Trax_3428092 basplund vs. critterhug MIA :
8x8Trax_3429126 Patroclo vs. Authority : @0/ @1/ C1/ B2+ B3/ A4\ A5\ C4/ @2/ E1+ E4+ F3+ G2\ D6/ F5+ H3+ D0+ A6+ G2/ H2/ E1+
8x8Trax_3429216 davidmilne vs. JiffyJeff : @0/ @1/ B2/ C1+ D2/ C0\ C0\ D2+ @2+ B4/ B5/ @3/ @3/ @3/ C1\ E0+ H7\ A1+ G8+ B5+ D8+ C7/ DRAW
8x8Trax_3429300 Goonerg vs. Rogue Trooper : @0/ A0/ B1/ B3+ C1/ D1+ D0/ C1+ @4/ C5/ F2+ E5\ A1\ @3/
8x8Trax_3429354 mcinturff vs. Lorraine of the Renegades : @0+ @1\ B2/ @1/ A2/ B3/
8x8Trax_3429376 golfnutrof vs. GringoNZ : @0+ B1+ C1/ C0/ C0+ D2+ E3/ E4+ A1\ A0\ @3+ B0/ C2+ D2/ D1/ D0+ F4/ G4/ H2/ F1+ G6+ H5+ E8\ B7/ H6\ DRAW
8x8Trax_3429445 birddog8560 vs. jaha :
8x8Trax_3429477 Traxplayer vs. GringoNZ : @0/ @1/ @1/ A0/ @2/ C3\ C4\ @2/ @3+ C5/ B0+ A2\ F2/ D0/ RESIGN
8x8Trax_3429616 Judy vs. Morticia : @0/ A2\ B2\ B3+ @2+ B4+ D3+ @2/ E2/ E1/ E4+ F2+ C0\ B1\ @5/ B6\ @4\ A3\ A2\ G1+ E0\ G1+ H6+ F7+ G0\ D2\
8x8Trax_3429717 Lady Mac vs. Authority : @0/ @1/ C1\ C2/
8x8Trax_3430206 Honeybear vs. patchwork0 : @0/ @1\ B0\
8x8Trax_3430581 faith64 vs. hANDYman the Rebel : @0+ A2+ A3+ B1\ @1\ @1\ C4+ B4\ D4\ E2/ C5+ C0\ B1\ E1/ F2\ C0/
8x8Trax_3430953 rogerrabbit vs. Charlo : @0+ A2/ @1/ B0\ A3+ @3/ A2+ D3/ D4\ E3/ A4/ E1/ C5/
8x8Trax_3432121 itb4me2 vs. jazzbeth : @0+ A0/ B2+ A3/ C2/ C3/ B4\ C5/ C0/ D3/ B0\ A1\ @3/ A6/ @5\ E8/ G4/ A3+ A6+ @6/ A7/ A4\ A1\ G1\ A8+ H2/
8x8Trax_3433287 supermac vs. Traxplayer : @0/ @1/ B0/ @1+ C0/ @3\ B0\ A1\ @3/ A5+ D5+ E0/ F1/ @4+ A5/ A1\ F0+ G3\
8x8Trax_3433334 Rogue Trooper vs. Azalea : @0+ A0\ @1/ C1+ @1/ E1+ D0/ E3\ A1\ C0\
8x8Trax_3433459 Daddy MBA vs. Charlo : @0+ A2/ A0/ @2\ A0\ @1\ A4\ A5+ B6\ C6\ D4/ E6+ C7+ E2/ F3/ D1/
8x8Trax_3433925 katkop vs. Charlo : @0+ @1+ B2/ B0/ A1+ @2+ @2/ A3/ B4/ E2+ C0\ C0\ @5/ C2+
8x8Trax_3434394 *Leo The Lion vs. JiffyJeff : @0/ @1/ A2+ A3\ @3\ B4+ C0/ RESIGN
8x8Trax_3434421 JiffyJeff vs. *Leo The Lion : @0/ A0/ B1/ C1+ A3\ A4\ @2/ @3\ B0+ D4+ F2/ F3+ G4/ D6/ G5/ D0/ E1+ C0\ A2+ @2\ C1\ F8\ G2/ H2+ F1+ DRAW
8x8Trax_3434845 deltahobbit vs. Charlo : @0/ B1+ @1+ D1\ @1\ D2+
8x8Trax_3435184 Geri39 vs. YankeeFan : @0/ A0/ A3+ A4\ B3/ C3/ B2/ B1/ C1/ @4\
8x8Trax_3436546 birddog8560 vs. Goonerg :
8x8Trax_3436586 GringoNZ vs. Dionysos : @0/ B1+ C1/ A2/ A3+ A4\ C4+ D2\ B5/ @4\ E5/ C6/ A1\ @3/ B0/
8x8Trax_3436613 YankeeFan vs. Rogue Trooper : @0/ A0/ A3/ B3+ A0/ @4/ C5\ C6+ D6\ @6/ D7/ A1\ E4/ @4/
8x8Trax_3436677 hANDYman the Rebel vs. Lorraine of the Renegades : @0+ A2\ A3\ A0\ @2\ B0/ C1/ @3\ D3/ E1/ B5/ C6\ D0+ F1/ F0/ C1\ B4\ E5\ F5\ G2/ D1+ G3\ H3\ E8\ F6+ H2+ G5\
8x8Trax_3436754 dgb vs. GringoNZ : @0/ B1/ B0\ B3/ C2+ @2/ @2+ D0\ D5\ F3\ D0\ B5\ @4/ B3/ D2+ H4/ F1/ F0/ G7+ F0\ E1\ C8/ B8/ H8\ H5+ C3+ C2\ B4\ DRAW
8x8Trax_3436784 Rizzo vs. basplund : @0/
8x8Trax_3436852 *Leo The Lion vs. Dionysos : @0/ A2+ @2+ C1\ @2+ C3\ D3\ E2+ E0+ F2/ @3+ G1+ @3+
8x8Trax_3436996 jazzbeth vs. Dionysos : @0/ @1/ C1/ B0+ C3+ @2+ @1/ B0\ E5/ F4+ B5/ B6/ B0\ @3+ A5+ B2+ @4/ E7+ F8/ A2\ A1/
8x8Trax_3437263 dgb vs. *Leo The Lion : @0/ A2\ B2\ B3\ @2+ C4\ D2/ C1+ E3+ D5/ E1/ RESIGN
8x8Trax_3437285 *Leo The Lion vs. Geri39 : @0/ B1\ A2/ B2+ A3/ @2+ @3\ C4/
8x8Trax_3437321 PK vs. Linda Sue : @0+ @1/ B0+ C2\ C3\ D3\ A4+ @4/ A5/ F2/ E1\ @5/ A2\ @3/ C1/
8x8Trax_3437356 *Leo The Lion vs. jazzbeth : @0/ @1/ B0/ @1/ C0+ A3/ D1\ @2+ B0+ @2/
8x8Trax_3437360 jazzbeth vs. dgb : @0/ A2+ B1/ B0+ C3/ @2\ B0/ B0/ A3+ D2/ D4+ B0+ @4/ F3/ A6+ D1/ E1/ G4\ G5\ G1/ H3+ F0/
8x8Trax_3437456 Dionysos vs. *Leo The Lion : @0/ A2\ B2\ B3+ C3+ A0/ B5\ @1\ B0/ A5/ A6/ @4\
8x8Trax_3437481 *Leo The Lion vs. dgb : @0/ @1/ A2+ C1+ B0/ B4\ @3/ @3/ F2/ G1\ H1\ H3+ G4+ A4+ E5/ F0+
8x8Trax_3437643 Shreela vs. Charlo : @0/ A0+ @1+ A0\ @2/ B4\ D3\ @1\ A0\ A5/ @5+ C6/
8x8Trax_3437661 *Leo The Lion vs. Geri39 : @0/ B1/ B2\ C2\ A0\ @2+ A3/
8x8Trax_3437852 dgb vs. jazzbeth : @0+ A0/ @2\ B3/ B0\ C2+ @3+ E3/ F2\ C0\ B1\ A1+ F2/ E0+ G3\
8x8Trax_3438083 Dionysos vs. jazzbeth : @0+ A2/ A0\ @1\ A4\ @3+ B5+ B6/ @5/ A2+ C0+ D0\ E1+ @4/ B8+
8x8Trax_3438167 Adam vs. grade1teacher : @0/ A2\
8x8Trax_3438174 * vs. itb4me2 :
8x8Trax_3438187 Charlo vs. tburgoon : @0+ @1/ A2/ C2\ B3/ A3/ B4\ C4\ C5\ D3/ E3/ C6+ D1+ F4+ F1\ D0+ D7+ D0+
8x8Trax_3438419 rogerrabbit vs. ypercube : @0+ @1+ C1/ @1\ D0+ D0\ A2\ @2\ A1\ E0\ D5\ F5\ D6\ A1+ @3+ D0/
8x8Trax_3438421 birddog8560 vs. YankeeFan :
8x8Trax_3438433 Dionysos vs. *Leo The Lion : @0/ A2\ B2\ B3\ C2/ C1/ @1\ A0\ A4\ D1/ C0/ E3+
8x8Trax_3438529 GringoNZ vs. *Leo The Lion : @0+ @1+ C1\ C2\ B3\ D2+ B0/ C4+ C5\ D4\ E4\ RESIGN
8x8Trax_3438534 GringoNZ vs. dgb : @0/ @1+ B0/ B0+ C3/ @2\ @2\ E1\ D0/ E5/ F2/ D0/ C2+ B2\ D6/ G3+ D0/ B0+ A1\ F6+ G4+ @2\ A6/ B7+ H3+ H1+ A7/ B4+
8x8Trax_3438543 GringoNZ vs. jazzbeth : @0/ A2+ @1+ @1/ B0/ A3/ D3\ A4+ D5+ E3\ B6/ A5+ C7\ D6+ A7/ C8\ @6\
8x8Trax_3438572 Goonerg vs. Dionysos : @0/ B1+ A2/ @2+ B0/ A4/ B4+ D4+ @4/ E2+ B5+
8x8Trax_3438583 GringoNZ vs. Goonerg : @0+ @1/ B0+ A3+ @3/ C4/ D2/ D3+ B5+ D5\ E5\ E3+ C6\ E6\ F6\ F7\ B8/
8x8Trax_3438592 *Leo The Lion vs. Goonerg : @0/ @1/ B0+ B3\ C2/ @2/ @2/ D4+ E4\ F2/ @4/ B5/
8x8Trax_3438593 Goonerg vs. dgb : @0/ @1/ B0/ @1+ C0/ @3\ C4/ D0+ E5\ C6/ F2/ F1/ G3+ @6/ G0/
8x8Trax_3438599 Goonerg vs. jazzbeth : @0/ @1/ A0/ @1/ A0/ @1/ A0/ A0/ C3+ B5+ D3/ @2\ E2/ B4/ F5/ G3+ F1+ @4/ A5/ E0+
8x8Trax_3438607 Goonerg vs. GringoNZ : @0/ B1/ B2\ C1/ B0+ D2\ D3\ E3\ E4\ E1/ F2/
8x8Trax_3438723 Dionysos vs. GringoNZ : @0/ B1/ C1\ A2+ C2+ B0+ C4\ C5\ @3+ E4+
8x8Trax_3438828 Dionysos vs. Goonerg : @0/ A0/ @2+ @1/ D1+ C3/ B0\ D1+ A1+ C0+
8x8Trax_3438963 dgb vs. GringoNZ : @0/ B1/ A2\ @1/ B0+ D2/ D0\ B5/ B6/ B1/ E1/ E0/ F3\ F4\ F5+ G5\ B8/ A8/ H5+ G1+ H1+ H3+ D1+ DRAW
8x8Trax_3438984 dgb vs. Goonerg : @0+ A2/ A0\ @3/ A4/ @4/ A5/ @5/ D6+ E6\ E7\ F5+ G5\
8x8Trax_3439110 jazzbeth vs. GringoNZ : @0/ B1/ C1/ A2+ A3/ D2/ E2/ E3/ F2/ D1+ D3+ C4\
8x8Trax_3439116 jazzbeth vs. Goonerg : @0/ @1/ A2+ C2/ B0/ @3\ C4/ D1/ D0/ D0/ E3+
8x8Trax_3440707 ypercube vs. Dionysos : @0/ A0/ B2/ @1\ A0\ @3/ A4/ D2+ D4\ E3/ B5+
8x8Trax_3440710 ypercube vs. *Leo The Lion : @0/ A2\ B1/ A3\ A4\ C1/ B2+ D1/ A0+ B0+ C0+ B8/ E5+ C6+ @4+ A8/ E7+ G5+ @8+ G3+ H4+ H7+ DRAW
8x8Trax_3440715 ypercube vs. dgb : @0/ @1/ A2+ B0\ @3\ D2+ C4+ E3+ D5/ D6+ B4/ @3/ D0\ E2+ E0+ C3+ F4+ F1/ RESIGN
8x8Trax_3440719 ypercube vs. jazzbeth : @0/ @1/ A2+ A3/ A4/ C1+ D1/ E1/ D2+ E0+ B5\ B6+ E4\ F2+ @3+ B1\ D4+ C0/
8x8Trax_3440724 ypercube vs. GringoNZ : @0/ @1/ B2/ A2+ @2/ C0\ C0\ D3/ E2\ F3/ F0+ G2/ F6+ G5\ H5\ H6\ G7\ D0\ RESIGN
8x8Trax_3440732 ypercube vs. Goonerg : @0/ @1/ B2/ A2+ @1+ A0+ @2/ E1\ F2+ D4/ B4\ C5+ F5+ D6+ G4+
8x8Trax_3440750 GringoNZ vs. ypercube : @0/ @1/ A2+ B0\ C2\ @2\ A1\ E2\ B0/ @2+ E2/ G3/ F2+ B0\ A1\ @1+ C0+ A5/ B6+ H4+ H3+ G3+ G2+ H2+ H1+ E1+ D7+ H0/ C1+
8x8Trax_3441308 Dionysos vs. ypercube : @0/ B1/ B2\ C2\ @2/ A3/ A4/ E2/ C3+ D1/
8x8Trax_3441805 roanne vs. Authority : @0+ @1+ B0+ C2+
8x8Trax_3442058 dgb vs. ypercube : @0+ @1+ B0+ A1+ C1/ C0+ @3\ B1\ A0/ B0\ C6+ C1/ C0/ E4\ @5/ RESIGN
8x8Trax_3442241 Goonerg vs. ypercube : @0/ A0/ B1/ B3+ C1/ B4/ @3\ @2+ A4/ C5+ E0+ F3+ E5+ F6/ A0\ @4\ D8/ H4\ F1+
8x8Trax_3442355 jazzbeth vs. ypercube : @0/ @1/ C1+ C0/ B1+ C3/ @2\ E2+ F2+ D0+ G3/ G2/ E1+ G1/ G0/ H1/ H0/ B6+ A4\ A6+
8x8Trax_3442400 Geri43 vs. Authority : @0+ A0/
8x8Trax_3443053 *Leo The Lion vs. jazzbeth : @0/ @1/ A0+ B3+ A0/ C3/ D2\ E3/ @1/ F0/ G3\ A1\ D0+ @3\
8x8Trax_3443054 *Leo The Lion vs. GringoNZ : @0/ @1/ A0+ A3\ A0/ C2+ D2/ D0+ C0/ @4\ C0\ B1+ A1/ B2/ B8+ @5+ B7+ @5+ RESIGN
8x8Trax_3443055 *Leo The Lion vs. Goonerg : @0/ @1/ B0+ @2+ B0/ A4/ B4+ B0/ @5/ A6/ A1+ @2+ C0+
8x8Trax_3443056 *Leo The Lion vs. ypercube : @0/ @1/ B0+ B0/ B4+ C4\ B5/ @4\ D1/ E1+ D0+ @3\ A2\ A6/ RESIGN
8x8Trax_3444332 sheridan vs. Traxplayer : @0/ @1+ A0+ @2/ A1+ B3+ B4\ @2+ D3+ E2+ E1/ D0/
8x8Trax_3461700 birddog8560 vs. GringoNZ :
8x8Trax_3461701 GringoNZ vs. birddog8560 : @0/
8x8Trax_3461706 birddog8560 vs. ypercube :
8x8Trax_3461707 ypercube vs. birddog8560 : @0+
8x8Trax_3461708 GringoNZ vs. Jay RAA : @0/ A2\ B1/ @2\ B0+ @3/ C4+ C0/ A2\ @3/
8x8Trax_3461709 Jay RAA vs. GringoNZ : @0/ B1+ A0\ @2/ B0\ D3\ B4/ B5+ A5/ D6\ E5/ A6/ B7/ @5+
8x8Trax_3461710 GringoNZ vs. Judy : @0/ A2\ B1/ B0+ @2+ C0+ B5/ A5/ A6/ @4\ D6\ C7/ E4+
8x8Trax_3461711 Judy vs. GringoNZ : @0+ @1/ A0\ @2/ C1+ D1/ D0/ E1/ C0\ E4\ C0+ B1/
8x8Trax_3461712 GringoNZ vs. ypercube : @0/ B1/ A2/ A0+ @3/ B0/ B5+ @3+ A1/ D0/ E1/ E0+ @5/ @6\ D2\ C1/ D8/ B3+
8x8Trax_3461713 ypercube vs. GringoNZ : @0/ @1/ C1/ C2/ D1+ E1/ F1/ E2+ D0+ B1\ F0/ G1/ G4/ D5/ G5\ F6\ H4\
8x8Trax_3461716 Jay RAA vs. ypercube : @0/ A0/ @1/ A2+ C2/ B0/ D3\ D4\ D5\ D2/ E3/
8x8Trax_3461717 ypercube vs. Jay RAA : @0+ B1\ B2+ @1/ A3+ A0/ A0/ A0/ @4+ @1/ E1+ F3/ A4+ A0\ @1\ G2/ F1/ E0/ @2/ A3/ A4/ D7/ H7+
8x8Trax_3461718 Judy vs. ypercube : @0+ B1+ A0/ A3/ @3+ @2/ B1+ @2+ C0+ D0\ E2+ B1\ @3\ C0/
8x8Trax_3461719 ypercube vs. Judy : @0/ B1\ A2/ @2+ A0/ @3+ @3+ @3+ C1\ C4\ D0\
8x8Trax_3461720 jazzbeth vs. psychospaz mom : @0/ A2\ B1/ B2+ A0+ @1\ @1\ B0\ A4/ @2\ D5/
8x8Trax_3461721 psychospaz mom vs. jazzbeth : @0+ B1/ B2\ C2\ A2+ D2+ D3+ D4\ E3+ D1\ C3+ A4/ A5+ @3/
8x8Trax_3461722 jazzbeth vs. Jesme : @0/ B1\ B2\ A0/ C3/ B0/ C3+ A4+ D3\ C1/ D1\
8x8Trax_3461723 Jesme vs. jazzbeth : @0/ @1/ B0/ @1/ D1/ D3/ B3+ C0+ A4+ C5/ E3+ @2/ E0\ D0/ G5+ @3\ B2/ D8/ C8/ H7\ F8+ C2+ B8+ A5+ A8+
8x8Trax_3461724 jazzbeth vs. dgb : @0/ @1/ B0+ @2+ D2/ D3+ @1/ A0+ A0/ @2+ @2/ D5/ D6/ A4+ G6/ H5+
8x8Trax_3461725 dgb vs. jazzbeth : @0/ @1/ B0+ A3\ A4\ @3\ @3\ E1\ D4\ @1+ D0+ @2/ C6/ B4+ F7\ G7\ C8/
8x8Trax_3461726 jazzbeth vs. Goonerg : @0/ @1/ A2/ @1\ B0/ B4/ D4/ D3+ D1+ @3+ D0+ C6/ E7+ F5/ A7/ @6/
8x8Trax_3461727 Goonerg vs. jazzbeth : @0/ @1/ B0/ @1/ C0+ D1/ D2+ E1/ F1+ D4/ A3/ G1/ A4+ @3/ F0+ G1/ G0/ H1+ D1\ G0+ C2/
8x8Trax_3461728 psychospaz mom vs. Jesme : @0+ B1/ A2+ B0/ A4+ @4\ C3+ C4+ D4\ A2+ @2+ A1\ B0/ D1+ D0+ @4+ A5+ @4+ E7+ @4+ F8+
8x8Trax_3461729 Jesme vs. psychospaz mom : @0/ B1\ A2/ @2+ C2\ C3\ B3+ B4+ A4/ A0\ @2/ C0/ E3/ D1\
8x8Trax_3461732 psychospaz mom vs. Goonerg : @0+ @1+ A0/ A3/ B3+ C3\ A4/ @2\ D5\ E4/ @2\ A5/ @4\ D6/
8x8Trax_3461733 Goonerg vs. psychospaz mom : @0/ A2\ B1/ B2+ C2+ C3\ C4\ B3+ D4+ C5/ E2/ E1/ B0/ @1\ B0/ @3/ A4/ A5/ G1/ H1/ H5\ H6\ E0+
8x8Trax_3461734 Jesme vs. dgb : @0/ A0/ B1+ A3+ C2/ @2\ A1+ @2/ A3/ @3/ D4/ A1\ C5+ C0+
8x8Trax_3461735 dgb vs. Jesme : @0+ @1\ C1\ A0\ A0\ C1\ B4/ @2\ D5\ E4+ A5/ C6/
8x8Trax_3461736 Jesme vs. Goonerg : @0/ @1/ A2+ B3/ C2/ B4/ C1+ C0/ B6/ A1\ B0/
8x8Trax_3461737 Goonerg vs. Jesme : @0/ B1\ A2/ @2+ B0/ B0/ B0/ @4+ E2+ E0+ @4/ E0/ B2+ @3\ E1+ C1+ @3+ A2\ A1\ B0+ D8/ G1/ B7+
8x8Trax_3461738 dgb vs. Goonerg : @0/ @1/ B0+ C2\ C3\ A0/ A4/ @3+
8x8Trax_3461739 Goonerg vs. dgb : @0/ @1/ A2/ C1+ @2/ D0/ C1+ @2+ E0/ F3\ B5+ A1+ A0/ @2+ H3+
8x8Trax_3461740 Charlo vs. Authority : @0/ @1/ B0+ A0/ A4+ @3/ D2/ E2/ D0/ D0/ @5/ C7\ D8/ E6+ A2+ @4/ A5/ H4\ H5\ G1/ H1+ C8+
8x8Trax_3461741 Authority vs. Charlo : @0/ @1/ A2+ @2+ B0+ D2+ A1/ A4/ C4+ E2+ E4\ C5\ D6/ E1\ D0/ F3+ G4/ B6+ E7+ E0\ H5/ F3+ B2+ G2+ G8+ H1+ A8+ A2\ A1\
8x8Trax_3461742 Charlo vs. Daddy MBA : @0/ @1/ B0+ @2/ @2/ A3/ @2+ B0\ @4\ E0/ F1/ C6+ D0+ B3+ D0/ A8\ G4\ G6+ H5/ B2\ A3+
8x8Trax_3461743 Daddy MBA vs. Charlo : @0+ A2/ A0+ @2\ C1/ C0/ B5/ C4+ D1/ @2/ E4\ F5/ C0/ F2+ G5\ F1\
8x8Trax_3461744 Charlo vs. Chester : @0+ B1+ A2\ B0/ @2/ C0\ A2+ D4\ B5\ A1+ @1\ A5/ A6/ A3\ @3\ @2/ G1\ H2+ E0/
8x8Trax_3461745 Chester vs. Charlo : @0+ A2/ @1+ A0\ @3\ B4\ D4\ B5\ D5+ @5+ D6/ A1\ @1\ B0/
8x8Trax_3461746 Charlo vs. TrueIndian : @0/ B1/ A0+ @1\ @1\ D0\ A4/ @2\ E4\ F3/ C5\
8x8Trax_3461747 TrueIndian vs. Charlo : @0+ A2\ B2\ B0+ C1+ C0/ D3/ E4\ C5/ E1/ F2/ E0\
8x8Trax_3461748 Authority vs. Daddy MBA : @0/ @1/ A2/ C2/ A3/ C1+ C0\ A0/ C1\ B6/ D6+ D7\ D1/ A7/ D0\
8x8Trax_3461749 Daddy MBA vs. Authority : @0+ B1+ C1/ C0/ B0/ D2+ A2+ @3+ D4/ D1+ F2/ D5+ B4+ D0\ A2\ E1/ E0/ @4/
8x8Trax_3461750 Authority vs. Chester : @0/ A2\ B2\ B3+ @1/ @1/ D4\ @3/ B4+ C5+ @3/ A4/ A5/ D0+ D0/ F7\ F8\ B2\ C1+ D8+ F2\ G3/ A2\ H3/ G5\ G7+ A1\
8x8Trax_3461751 Chester vs. Authority : @0+ B1+ A2\ B0/ C1+ C0/ D3\ D4\ A5\ C6/ A6/ @6/ F4\ E7+ F2/ G2/ A4\ @5/
8x8Trax_3461752 Authority vs. TrueIndian : @0/ A2/ B1+ C1+ A3+ C0\ B5/ C3\ C5/ D4\ B0/ A2+ @5\ @3+ E0\ F1/ F0/ G1/ H1+ B2/ B1+ A1\ H5+ H7+ B8/ A8/ H8+
8x8Trax_3461753 TrueIndian vs. Authority : @0+ B1+ A0/ A3/ @2\ B0/ D1/ D0/ B1+ B0/ E4\ D5+ @2\ A1\ A0\ A7/ @4+ B8\
8x8Trax_3461762 PK vs. Guyver : @0/ B1\ B2\ A2+ @2/ A3/ @3/ C4\ A1\ C0/ @3\
8x8Trax_3461763 Guyver vs. PK : @0+ B1\ B0/ C1/ A3/ A4/ @2\ D4\ E3\ C5\
8x8Trax_3461764 PK vs. Traxplayer : @0/ @1+ @1\ A0\ @1\ D0+ E1/ B0\ D5/ D6/ D1/ B0+ @5/ A6/ E8/ G3/ F2/ C6/ @4\ A3\ C1+ D8+ H2+
8x8Trax_3461765 Traxplayer vs. PK : @0+ A0+ A0+ B2/ @3\ B0/ D1+ @4\ B5+ F1/ C0/ A3\ @5\ D0/ D7+ G0/ H3+ A2\ C1+ G5+ E7\ F7\ H6+ H5/ G8+ A1+ H1+
8x8Trax_3461766 dawn1968 vs. Guyver : @0/ A2\ B1/ B2+ C2\ C0\ B4\ @1\ B0/ @3/ A4/ A5/ C6/ @2\ A1\ @4+ B6/ D1+ D0+ B1\ @4+ H2/ G7+ E0/ H2+
8x8Trax_3461767 Guyver vs. dawn1968 : @0+ B1\ B0/ C2\ B3+ @2/ D4/ @3\ E5\ F5\ C4/ C5/ E6\ F3+ G3\ C1\ C0\ G6+ B5/ F7\ G8/ B6/ H7/ F3/ F2/ H3+ F1/ A6+ A7/
8x8Trax_3461768 dawn1968 vs. Traxplayer : @0/ @1/ B2/ C2/ B3/ B0\ C5\ D3+ B6/ A5\ C7\ D5\ E4/ F3\ D2/ @2\ A1\ @1\ C6+ B0+
8x8Trax_3461769 Traxplayer vs. dawn1968 : @0/ A0/ @1/ A0/ @1/ B0/ B0+ C1\ @2\ B4/ @3/ D0/ F2+ E0+ G1\ F7\ F8\ D1\ C1\ B1+ @2+ B1\ H8\
8x8Trax_3461770 Guyver vs. Traxplayer : @0+ B1+ A2\ A0\ @1\ @1+ B3+ C4+ @3/ A4/ D5/ D0/ E1/ D7/ @3\ A2\ A6+ @4+ E8\ A1/ H2\ G5\ DRAW
8x8Trax_3461771 Traxplayer vs. Guyver : @0+ @1/ C1/ C0/ B0/ A2+ @3+ A4\ E2\ B0\ A1\ @4\ C6+ E5+ F2/ G2/ @4\ B5+ A6\ G6\ E7+ E0/ F1+ C8+ G1+ H4+ G5+ DRAW
8x8Trax_3463271 jazzbeth vs. JiffyJeff : @0/ @1/ A2/ A3/ C3/ C4/ D4/ C1+ @1/ C0/ A4+ B5+ @1+ C0/ C0+ D2+ @1\ A0\ A6/ @5/ C7/
8x8Trax_3463724 ARCTIC PRINCESS vs. Arctic Warrior : @0+ B1\ B0/ C1/ B0/ D2\ D3\ D4+ C5/ E4/
8x8Trax_3464584 * vs. Judy :
8x8Trax_3464620 Goonerg vs. YankeeFan : @0/ A0/ @2/ @1+ C0/ C0+ D1/ D2+ B0/ @2+ F3/ F4+ D6+ G4\ F7+ F8/ G2+ @2/ E7/ A4+ C7+ A5/ A6/ A1\ C8+ B8+ A8/
8x8Trax_3466731 YankeeFan vs. Rogue Trooper : @0/ A0/ A3/ @3+ A4+ C2+ D1\ B0/ E1+ @3/
8x8Trax_3467189 Honeybear vs. Morticia : @0/ A2\ B2\ B3+ C2/ C1/ A0\ @2+ @2\ A1\ A0+ @3/ A4/ C5/ C6/ A5+ C7\ D7\ E2/ F2/ E1/ D0\ @6/ A5+ G2/ H3/ F1+ A8+ F8\ G6+ D1+ H8\ C1\ A2+ H2/ A1+
8x8Trax_3471741 jaha vs. JiffyJeff : @0/ A0/ B2/ A3+ @1/ A0/ @1/ @1/ A2/ @2/ C0+ A4+ @1+ B0/ B0/ C1+ @5/ A6/ B0\ A1\ C8+ G4\ D1+ E2+ F2/ F1/ G1/
8x8Trax_3477351 csain1 vs. YankeeFan : @0/ A0/ A0/ @2+ A0+ @3+ A1\ D2+ E3/ D5+ @2+ B0+ A1\ @3\ H5+ F7/ F8/ C5/ D6+ A5/ B6+ G7+ C7+ B8\ A7/ DRAW
8x8Trax_3477425 jaha vs. Rogue Trooper : @0/ A0/ B2/ B1/ A0+ @3/ D2/ A4+ C0/ D1+ @5\ B1+ F1\ F5+ D6/ D7+ C7/ @1\ B0/ A1\ @1\ D8/ F1/
8x8Trax_3478084 jazzbeth vs. Nina : @0/ B1\ A2/ @2+ C2+ @1\ C0/ A1+ C0/ C0+ E5/ D6+ E1+ F1/ F0/ G2\ G5\ G0\ H4+
8x8Trax_3478087 Fireball37 vs. Morticia : @0+ @1+
8x8Trax_3479009 jazzbeth vs. JiffyJeff : @0/ @1/ B2/ C1\ @1/ @1/ C2+ B0+ C4/ B0\ A0/ A7+ @6\ F5+ A4/ @4\ F6+ H4\ G3+ D8/ E7+ E2+ A2+ A5+ G1+ H1/ A8\ F8+ G7+ H7+ H8\
8x8Trax_3479896 GringoNZ vs. Charlo : @0/ A0+ B1+ C1+ A0\ @3/ A4/ @4/ D4\ E1/ D5/
8x8Trax_3479897 Charlo vs. GringoNZ : @0+ B1+ B2/ B0/ B0/ C3+ D3/ B5\ D4+ E4\ F4\ D5+
8x8Trax_3479898 GringoNZ vs. Authority : @0+ @1+ C1\ C2\ B3\ D2+ B0/ C4+ C5\ D5\ D6\ E4/ B6/ C7\ A5\
8x8Trax_3479899 Authority vs. GringoNZ : @0/ @1/ B0+ @1/ B3/ B0\ D2/ C5/ C1+ A4+ @4+ B5+ B1+ A2\ C0\ @5+ B6+ B7/ A6/ @6/ A7/ A3\ @7+ C2\
8x8Trax_3479900 GringoNZ vs. Phil The Hat : @0/ @1/ A0/ A0/ @1/ B0/ A4/ B0\ C2/ @5+ E5+ C6/ F3+ A1+ @2\ @4+ D6/ E7\ C0/ B6/ A7+ A8/ G8+ DRAW
8x8Trax_3479901 Phil The Hat vs. GringoNZ : @0/ @1/ B2/ A2+ A0/ @1/ B4+ B0\ C1+ D3/ A4/ D5\ E5\ C6+ E3/ F3/ D1+ C0+ G3\ H2+ G1\ D8+ E1+
8x8Trax_3479902 GringoNZ vs. ypercube : @0/ @1/ A0/ B1+ @1+ A0/ B4+ @2/ C5/ E3+ D5+ E2/ E1/ A4/ @3\ D0\ B1+ @3/ D0/ B1\ B0\ @5\ A4+ B2\ C7/ B7/ A6+ A7/ A8/ E1/ B1+ C3/ A1/
8x8Trax_3479903 ypercube vs. GringoNZ : @0/ @1/ A2+ @2+ C0/ D1/ A1\ A0\ E4+ D5\ D6\ E6\ F6\ G6+ G7\ F3+ @3+ B0\ C1+ G2/ H3+ D2+ D1/ G8+ A6\ G1/ H1/ A8\
8x8Trax_3479904 Charlo vs. Authority : @0+ @1+ A2\ B0/ C3/ B4/ @4/ B5\ E3/ F2\ G3/ F0+ H6+ H7\ E8+ H3+ B7+ A7/ C1+ B2+ A1/
8x8Trax_3479905 Authority vs. Charlo : @0/ A0/ @2+ @2\ @1/ @2\ B0+ B0\ D5/ C6\ E5+ C7\ @2+ A4+ A8+ @8/ A2+ H4+ F1+ A4+
8x8Trax_3479906 Charlo vs. Phil The Hat : @0+ A2+ B2\ C2\ C3\ A0+ @2/ E3/ C2+ B0+ E3+ @3/ G3\ D1+ E1+ D0\ D7+ A3\ @3\ A5/ A6/ G2+ C7+ G1\ F0/ H2\ E1\ C1+
8x8Trax_3479907 Phil The Hat vs. Charlo : @0/ A0+ B2/ A0/ A0/ A5/ @5/ C0\ A2+ @2/ @3\ @2/ G4\ C1+ H1/ F0\ G0+ H1/ B6+ B7/ C1\ B1\ H7+ A8+
8x8Trax_3479908 Charlo vs. ypercube : @0/ @1/ A2+ C2/ A0/ A4/ B4+ C2/ C1/ A5/ A6+ @1+ A0\ E3+ A6/ @5+ A2+ G5\ G6\ H4/ H3/ E6+
8x8Trax_3479909 ypercube vs. Charlo : @0/ @1/ B2/ C1+ B3/ C4/ B0/ A4/ A0\ @3+ E3/ F2\ G3/ B0+ E5+ B7/ E8\ F6+ @4\ B8/ A7+ A8/ G2/ H2/ E1+
8x8Trax_3479910 Authority vs. Phil The Hat : @0/ A0/ B1+ B3/ B0/ C1/ D1+ E1\ E3+ B5\ C5+ C0+ @4+ B1\ C0/ G4\ @5+ G2/ H5+
8x8Trax_3479911 Phil The Hat vs. Authority : @0/ @1/ B2/ A0+ @2+ A3/ @3/ C4\ D5+ E2+ B5+ @4+ G3/ E6\ F7/ @4+
8x8Trax_3479912 Authority vs. ypercube : @0/ @1/ A2+ C1/ C3/ D3+ @2/ C3/ C4/ A5/ @5/ C6+ C7/
8x8Trax_3479913 ypercube vs. Authority : @0/ @1/ A2+ A3/ A4/ C1+ @4+ @3+ D0+ @4+ C1\ D0/
8x8Trax_3479914 Phil The Hat vs. ypercube : @0/ @1/ B2/ B3/ C1/ D3+ C4\ C5\ D5\ E4\ E2+ F3+ B6+ A5\ @5\ B3/ B0+ A4+ F1/ RESIGN
8x8Trax_3479915 ypercube vs. Phil The Hat : @0/ @1/ B2/ B3/ B0/ B0+ C3+ A5/ A6/ @5/ D7+ E4+ A7/ C8\ @5/
8x8Trax_3480870 Authority vs. Lorraine of the Renegades : @0/ A2\ B2\ C2\ A3+ D3\ D4\ C1/ D1/ E1/ A0+ @3+ A1\ G1/ G0/ F7+ G7+ G8\ H3/
8x8Trax_3480906 Goonerg vs. rogerrabbit : @0/ A0/ A3/ B3\ B4/
8x8Trax_3481059 jazzbeth vs. Dragon101 : @0/ A0/ B2/ B1/ A0/ @1/ @1/ @1/ A0/ F4/ D5/ F6+ G5\ H5\ H6\ H7\ C5/ C7+ F8+ F3/ D8/ B6\ G2+ A7+ A4+ D1+ E2+ E1+ H1+ B8/ A8/ F1+
8x8Trax_3481456 Dez2402 vs. Charlo : @0+ A2\ B2/ B1/ A0/ A0/ C3/ C2/ B1/ @1+ E2/ B0+
8x8Trax_3481549 JiffyJeff vs. Charlo : @0/ @1/ A0/ A3\ A4\ @2/ @3\ B5+ B6\ B7\ C8/ D6+ @3/ B6+ A6+ @4+ @4/ H7/ A6+ B7/ H5/ G3\ H3+ G1+ C2+ A3+ B8+ DRAW
8x8Trax_3481801 Honeybear vs. Morticia : @0/ A2\ B2\ B3+ C2/ C1/ A0\ @2/ A5/ @4+ @3\ A2\ E5\ B1+
8x8Trax_3481872 Judy vs. jazzbeth : @0+ A0/ A3+ A4/ B1/ C2/ B0+ A6/ A7\ C4+ @4\ @3/ B2+ C8/ B8/ @4+ F2/ G1\ H4+ H1+ G5+ E7+ G7+ G8\ H8\
8x8Trax_3481873 jazzbeth vs. Judy : @0/ A2\ B1/ @2+ A3\ C0+ B0/ A3+ C4+ C5+ D3+ @1\ C0+ D1+ @2\ F6+ A4/ @4/ @4/ D6+ H1+ H0/ F8/ A4\ A3+
8x8Trax_3481874 Judy vs. GringoNZ : @0/ B1+ A0\ @2/ C3\ B0/ C1/ C0/ D1/ A1\ @4/ B0/
8x8Trax_3481875 GringoNZ vs. Judy : @0+ @1+ C1/ @1+ @1/ A2/ E2\ F2\ C0/ C3+ D4/
8x8Trax_3481876 dgb vs. jazzbeth : @0/ @1/ @1/ A0/ @2/ @1/ A0+ D2/ E4+ A4/ C5+ E1/ C0+ D7/ C0+ F6+ F7\
8x8Trax_3481877 jazzbeth vs. dgb : @0/ @1/ C1/ D1/ D2/ E2/ A0/ D1+ A3+ E1+ F2/ G1\ B4/ A0+ @3/ D6+ G5+ G7+ G8\ H5\
8x8Trax_3481878 dgb vs. GringoNZ : @0+ B1\ @1\ A0+ A0/ A0/ A0/ C1\ B0+ @3+ @3/ @4\ @4\ H6+ G4+ H7/ H4+ A2+ D1+ C5+ RESIGN
8x8Trax_3481879 GringoNZ vs. dgb : @0/ @1/ A2+ C1+ A0/ B4\ @1\ A0\ E3\ @2+ F2/ G3\ @2/ A4+ B5\ G1/ F1+ B0\ A1\ G1+ H2\ E1+ C1/
8x8Trax_3481880 jazzbeth vs. GringoNZ : @0/ A2+ B1/ B0+ A0/ @1+ C5/ D5+ @1/ B0+ B0/ D8/ D2+ E2/
8x8Trax_3481881 GringoNZ vs. jazzbeth : @0/ @1/ A2/ B3/ @1/ A0/ D4/ D5/ @2/ @1/ C0\ D2/ F3+ E6/ B4+ C5/ B6\ E1/ C0+ D8+ G7+ F3/ G3/ H3+ F2+
8x8Trax_3482079 kkbjme vs. Charlo : @0/ @1/ B2/ A0\ @1\ D1\ D0\ E4\ E5\ E1/ F2/ D0/
8x8Trax_3482367 balmoral vs. ypercube : @0+ @1+ A2\ A0\ B1+ @2+ D2\ E2\ E1\ F2+ G2/ A0\ @2/ F1+ E1\ D0/
8x8Trax_3482442 dgb vs. ypercube : @0/ @1/ @1/ @1/ B2+ A0+ @1\ @1\ B0/ F1+ A0\ @1\ H5\ H6\ E6/ F6+ H7\ A0\ A5+ A6/ B7+ D8+ E2+ DRAW
8x8Trax_3482445 Traxplayer vs. Dragon101 : @0/ A0/ @1/ A2/ B3+ C1/ C0/ D4+ E3+ C0/ C0/ F4+ F0+ G4+ A1+ E0/ @3+
8x8Trax_3482947 hexkid vs. Charlo : @0/ A0/ A0+ @1\ C3/ D3+ A4\ A0+ @3/ D3/ A4+ @4\ C6+ B7\ A1/ F6+ A7+ @6/ D0+
8x8Trax_3483819 boneyardking vs. * : RESIGN
8x8Trax_3483820 Adam vs. dawn1968 : @0/ @1/ B0+ @2/
8x8Trax_3484010 Charlo vs. Dawn : @0+ A0/ B1/ C1+ B0/ C4\ D4\ B5/ A5/ A0+ @3/ B0/ A7/ D1/ B8+
8x8Trax_3485074 nisqually vs. YankeeFan : @0/ A0/ B1/ C2+ A3/ D1\ C0+ A5+ @3+ E5\ F4\ D6\
8x8Trax_3486577 *Leo The Lion vs. Pepsi Fan : @0/ B1\ A2/ B2+ B3\ A0/ B5\ C2\ D4+ @3/ A6+ @4\ F1/ G3\ E0/
8x8Trax_3486581 Goonerg vs. Uncle Chuckie : @0/ B1\ A2/ @2/ B0/ D1/ D0/ @3+ A1+ E0/ E5/ E6/ F1/ F0/ G1/ A1\ H2+
8x8Trax_3486674 * vs. critterhug MIA :
8x8Trax_3487293 Sir Pussycat vs. brew : @0+ B1/ A2+ @1\ B0\ A1+ A0\ C4+ B1/ A0\ C2/ D2/ A5/ @5/ D6/ E5\ C7/ F2\ F4\ G3\ F5+ C1/ B0\ G6+ G7\ D8+ H6+ A4\ A3\
8x8Trax_3489754 golfnutrof vs. jaha : @0/ A0/ B2/ B3/ C2/ @2\ E3\ C4+ A3+ C1+ D0\ E2+ F1\ C6/ B5+ G4+ H4+ G5+ F6\ E7+ E8\ G8+
8x8Trax_3492925 Charlo vs. PK : @0/ A2\ B1/ C1/ B2+ D1/ A0+ @1\ E0+ B5\ C6/ F4\ F5\ @3/ B5\ @2\ A1\ B6/ D7\ B7+ B8/ H6\ A6+ E8+ F5+
8x8Trax_3492926 PK vs. Charlo : @0/ A0/ B1/ C2+ C3\ C4+ D2+ @4/ A5/ A1\ B0/ @4\
8x8Trax_3492927 Charlo vs. Authority : @0/ A0/ B1+ C1/ D1/ A3+ C0+ A5\ C5+ @2+ @3\ E0/ E0/ C3+ D8/ B8+ @5+ H4/ D2\ A4+ A3\ D1/ H5+ G6\ B2\ DRAW
8x8Trax_3492928 Authority vs. Charlo : @0/ A0+ B1+ A0/ @3+ @3\ @2/ B4\ A5\ @3\ @2/ C1+ F0/ @6+ A7/ C8+ E8+ D1/ B1+ A1\ F7\ G7+ H7/ H8/
8x8Trax_3492929 Charlo vs. hexkid : @0/ A0/ B1/ A3/ C1+ D3+ A4+ @1\ C0+ C6/ D7+ F4/ D1+ G4\ F5+
8x8Trax_3492930 hexkid vs. Charlo : @0/ @1+ B0/ B0+ A4\ C4+ C1+ B0+ @4\ E5/ E6/ F6+ @2\ A1\ G3/ H5\
8x8Trax_3492931 Charlo vs. ypercube : @0/ @1/ B0+ @2+ A3\ A0+ B0\ D4+ @4/ B6\ C7/ A8+ @8/ G4/ G3/ G2+ H2/ G1+ G7+ RESIGN
8x8Trax_3492932 ypercube vs. Charlo : @0/ A0+ A3+ @2/ B0/ @3/ B1+ C5/ D2+ D4\ E5/ E6+ @5+ A6/ A7+ @6\ G7/ H3\ H4\
8x8Trax_3492933 PK vs. Authority : @0/ A0/ A0/ @3+ B0/ B5/ C2/ A6\ @5\ E5+ A7/ @6\ C8\ D8+ F8\ G6+ G2+ H4+ E1/
8x8Trax_3492934 Authority vs. PK : @0/ B1\ B2\ C2\ C0\ B4+ A4/ A5/ @2+ E3\ F3\ D5\ B6/ @3\ A7/ @4+ E7\ F7\ D8/
8x8Trax_3492937 PK vs. ypercube : @0/ @1/ B2/ A2+ A3+ C1/ A4+ C3\ D4/ @4\
8x8Trax_3492938 ypercube vs. PK : @0/ A2\ B1/ @1/ D1\ D2\ E2\ C3/ A4/ @3\ E4+ E5/ G1/ G0/ G5\ H3/ G6/
8x8Trax_3492939 Authority vs. hexkid : @0+ A2\ B1/ A0/ C2/ B1/ B4/ D4\ B5/ @3/ E1/
8x8Trax_3492940 hexkid vs. Authority : @0/ A0/ B2/ C2/ B3+ C1+ D3+ C0\ C0\ E4\
8x8Trax_3492941 Authority vs. ypercube : @0/ A0/ @2+ @2/ B3/ C0/ @3/ D0+ C0/ B1+ E1\ C0+ A2/ @3\ C0/ G3\ F5+ @6/ A7/ D8+
8x8Trax_3492942 ypercube vs. Authority : @0+ @1+ A2/ A0/ C2/ D2/ C3+ A4/ @3+ F1\
8x8Trax_3492943 hexkid vs. ypercube : @0/ @1/ @1/ D1/ E1\ B2+
8x8Trax_3492944 ypercube vs. hexkid : @0/ @1+ @1\ A0\ @1\ A0\ @1\
8x8Trax_3492947 dawn1968 vs. B Line electric streetcar : @0/ @1/ B2/ C1+ D2+ C3+ D1+ B0/ A3+ @3+ B4+ F2+ A2+ @3+ @3\ A2\
8x8Trax_3492948 B Line electric streetcar vs. dawn1968 : @0/ A0/ A3+ A0\ @1\ A0\ A5\ @3+ D4+
8x8Trax_3492951 Dania59 vs. B Line electric streetcar : @0/ @1/ B0+ C1+ B0+ @3+ B4+ @3+ @3\ A2\ B1\ G2+ B4\ @2+
8x8Trax_3492952 B Line electric streetcar vs. Dania59 : @0/ A2+ B2\ A3/ C3+ C2+ B4/ B0\ B6/ D3+ @3\ B5/ D0/ E1/ A1\ RESIGN
8x8Trax_3492955 B Line electric streetcar vs. coopaah : @0/ @1/ C1+ C0/ B1+ D2\ A3+ B0\ E4/ B5/ E1/ D0+ F3/
8x8Trax_3492956 coopaah vs. B Line electric streetcar : @0/ @1/ B0+ A3+ A4+ @2/ D2\ C4+ D4+ D5\ A4/ @4/ C0+ A3/ @3/ C6+ D7/ D8/ @4/ A5/ @5/ B6/ D7+ B7+ A7/ G1+ H1/ B3+ A1+ A8+
8x8Trax_3496058 Dragon101 vs. Traxplayer : @0/ @1/ B0/ @1+ C0/ D1/ A0+ @4\ B5\ A1\ @1\ B0/ F1+ A0\ @2+ C0/ D2+ H5+ DRAW
8x8Trax_3496060 Traxplayer vs. Dez2402 : @0/ B1\ A2/ B2+ @2\ A1\ A0/
8x8Trax_3499550 ypercube vs. Rogue Trooper : @0/ A0/ B1+ B0+ @3+ B4+ C5/ D5+ A1\ @3\ C0+ B6+ E7+ F7\ F5+ D8\ C8+ E2+ G6+ G5/ H5+ A6+ H4+ H2+
8x8Trax_3499551 Rogue Trooper vs. Traxplayer : @0+ B1+ B2/ A0\ A0\ @3+ @1+ B0/ A0+ A0/ C2+ @5\ A3+ @4+ F4+ D0+ G4+ B7+ A6/ RESIGN
8x8Trax_3499571 Rizzo vs. * : @0/
8x8Trax_3499703 Dragon101 vs. *Leo The Lion : @0/ @1/ B0/ @1+ C0/ @3\ B4\ D0+ E5\ B6\ C0+ F3+ F2/ @7/ C8\ @6+
8x8Trax_3500640 crow57 vs. Dawn : @0/ A0/ B1\ A3\ B2+ C2\ B3\ B4\ C3\ D3\ C4\ D1/ E2\ B0/
8x8Trax_3500927 Adam vs. critterhug MIA :
8x8Trax_3501013 jaha vs. dgb : @0/ @1/ A0/ @2+ A3+ @2+ C0+ B0/ D2\ A1\ B0/ @4+
8x8Trax_3501400 Sista vs. Lady Ehlana : @0/ @1/ A2+ A3\ B0/ C2\ D2\ D3\ E3\ E4\ E5+ F5\ B5/ B6/ @3\ H5/ G4+ E6\ C0+ C8\
8x8Trax_3502067 grade1teacher vs. Goonerg : @0/ @1/ B0/ C2\ C3\ C0\ D1/ B0/ A0\ @3+ B6/ E7/ D8\ F5+ @3/ A7+ @5\ G2/ G1/ A4+ B2+ B1+ A1\ C8/ D7+ A3+ A8/
8x8Trax_3502094 Authority vs. Uncle Chuckie : @0/ B1\ A2/ @2/ A0/ B4+ C4\ C5\ D3/ B6/ A6/ @6/ A7/ @4\ @5+
8x8Trax_3502239 Jenny Poo vs. Charlo : @0/ @1/ A2/ B3+ B4\ C2+
8x8Trax_3502930 drgnrdr vs. mexicanfury : @0/ B1\ A2/ B0\ @2+ B0+ @2/ E3+ F2\ F1+ E4\ C5/ A4+ G4/ A6/ @6/ C0/ A2+ E7+ B8+ G6+ H2+ H1/ E8+ F8+ A5+ H7+
8x8Trax_3503541 Authority vs. balmoral : @0/ B1+ C1/ C0+ B0/ A2+ B0+ @2/ @3\ B0+ E6/ F4/ A6/ @3/ D7/
8x8Trax_3508103 Morticia vs. DINGEROO : @0/ B1\ A2/ @2/ B3\ C3\ D3+ D4\ C4+ @4/ A5/ A1\ C0/ @4\
8x8Trax_3508250 JiffyJeff vs. Charlo : @0/ A0/ B2/ A3+ A4\ @3/ @3/ C5+ B6\ A2/ @2/ D0+ D8/ A7+ E8+ F7\ G6+ @5+ B2\ A2\ F1+ G1/ B1+ DRAW
8x8Trax_3508556 Sir Pussycat vs. mexicanfury : @0+ B1\ A0+ @2/ A3/ C4+ B0+ A6/ @5\ A6+ C0+ A8\ D7\ E4\ F5/ F3+ @7/ A4\ B3/ @5/
8x8Trax_3508990 brew vs. Sir Pussycat : @0+ B1+ C1+ D1+ C2/ C0/ @2\ E3\ E4\ C1\ D0+ B4/ B5+ A5/ @4\ G2/ G1/ C1\ E0+ C1\ A6/ @5\ E6\ D0/ G8/
8x8Trax_3509153 Charlo vs. supermac : @0+ @1/ A2/ @1+ A3\ C4+ D1\ A0\ @3\ @4+ A5/ A6+ @6/ B2+ D7+ E7+ E8\ A2+ @2/ A4+
8x8Trax_3509268 *Leo The Lion vs. JiffyJeff : @0/ @1/ B0/ C1\ C2+ C3\ C4+ D4\ @4/ RESIGN
8x8Trax_3509485 Dawn vs. Charlo : @0/ A0+ A0\ @1\ @1+ C0+ @2\ A3+ E4/ D5/ C6\ A1\ C0/ @3+
8x8Trax_3510357 Rogue Trooper vs. GringoNZ : @0+ B1+ C1/ C0/ D2+ D3\ D4\ E2/ F2/ B0\ A1\ G5+ E6/ E1+ B0+ G2/ H4/
8x8Trax_3510667 Dawn vs. Sista : @0/ A2+ B1/ @2\ D1/ B0\ B0+ A1\ @3/ D0\ E6\ F5/ A6/ @5\ D7+
8x8Trax_3511675 grade1teacher vs. Authority : @0/ @1/ A2\ C1\ C2\ D2\ D3\ D0/ E1/ A1\ A0+ @2/
8x8Trax_3511760 Traxplayer vs. Azalea : @0/ @1+ @1\ C0/ B3/ B4/ B5/ @2\ B0\ D5+ E1\ E5+ C0+
8x8Trax_3511867 GringoNZ vs. jaha : @0/ A0/ A3/ A4/ @3+ C4+ C5\ C6\ D5/ D1+ E6\ E7\ E2+ F5+ F3/ G3/ @2/ B0+
8x8Trax_3511973 ypercube vs. Carroll : @0/ A2\ B1/ C1+ A0\ @2+ C0/ D1/ A1\ RESIGN
8x8Trax_3513028 Dionysos vs. YankeeFan : @0/ A0/ B1/ C2+ A3/ A4/ D2+ A0\ @1\ D1+ A5+ A6\
8x8Trax_3513054 Goonerg vs. Traxplayer : @0/ @1/ B0/ @1+ C0/ D1/ A0+ E4+ E5\ F5\ F2/ E6+
8x8Trax_3513127 ken vs. * : @0+
8x8Trax_3513631 dgb vs. GringoNZ : @0/ @1/ @1/ A0/ @2/ C3\ C4+ D4\ E3/ @4+ D5/ B0+ A2\ @2\ A1\ A0\ B8/ A8/ F3+ G3/ H6\ H7\ E8+ E1+ F1/
8x8Trax_3513632 GringoNZ vs. dgb : @0/ @1/ B2/ C1/ C3/ D3+ E2\ F2+ G2\ D4+ E0+ G2+ G4/ G5/ F6\ F7+ B4/ H4+ H3/ B6+ D0\ C1+ A4+ B1+ H8\ DRAW
8x8Trax_3514002 PK vs. heidibb : @0/ B1+ A0\ @2/ @2/ E2\ B3+ D4+ F3/ E1/ C0\ G3+ G5\ G6\ G2/ H4\ D0+
8x8Trax_3515058 Goonerg vs. JiffyJeff : @0/ @1/ B0/ @1/ D2+ D3\ E3\ C4/ C5+ B5/ A5/ F3\ A6+ @5+ G6+ RESIGN
8x8Trax_3515190 *Leo The Lion vs. JiffyJeff : @0/ @1/ A0+ A3\ A0/ @3+ @2/ C0/ E4/ F2+ C6+ B6+ B7/ B2+ A6+ D6+ C7\ B8/ @3/ G5\ RESIGN
8x8Trax_3518220 csain1 vs. Goonerg : @0/ @1/ C1/ @1/ D2+ C0+ B0/ @1+ C0/ C0/ B0+ @3/ @3/ A5+ G3+ H6/ G1/ G0/ H2\
8x8Trax_3518330 GringoNZ vs. golfnutrof : @0/ @1/ B0+ @1/ A0/ C1/ C4/ C0/ @3\ @3\ E0+ E0\ A4\ B3+ F2/ E0+ F7\ A7/ @7/ C2+ D1\ A3\ B2+ B1\ A1\ A6+ @2+ E8\ H6+ DRAW
8x8Trax_3518359 ypercube vs. Carroll : @0/ @1/ C1/ B2/ C3+ D2\ B4\ E2/ F2/ E3/ E4+ G4/ E5\ G2/ G6\ H6\ D6+ E7/ B6/ F7\ A5\
8x8Trax_3518360 Carroll vs. Dawn : @0/ A0/ @1/ B0+ B4/ A3+ A5\ @5/ A6/ A1\ @4+ @3/
8x8Trax_3518364 Carroll vs. brew : @0/ A2\ B2\ B3\ @3+ B4/ B5/ A5/ @4/ @4/ A5/ A6/ A2/ @5/ C1\ E0/ @5+
8x8Trax_3518365 Carroll vs. brew : @0/ B1\ A2/ @2/ A0/ A4/ @4\ C5\ D4+ E4\ E5\ C6/ E2/ E1/ F4/
8x8Trax_3519975 Thoddy vs. ypercube : @0+ A2+ A0+ @3/ B0+ C1/ C0/ D1/ A6/ D3\ A3\ E2\
8x8Trax_3520001 Appollo vs. Linda Sue : @0/ B1+ @1\ A0\ C1/ C0\ C0/ A2/
8x8Trax_3520088 grade1teacher vs. YankeeFan : @0/ @1/ A0+ @1\ @2/ A3/ @2+ E3\ D4\ F3/
8x8Trax_3520164 mexicanfury vs. Adam : @0/ B1\ A2/
8x8Trax_3520278 Carroll vs. Thoddy : @0/ B1\ A2/ @2+ @2\ B3\ @2/ A3/ @2/ C4+
8x8Trax_3521240 ypercube vs. Thoddy : @0/ A2\ B1/ B2+ B3\ C3\ C4\ D4\ A4/ B0/ @4\
8x8Trax_3521413 Pepsi Fan vs. Dragon101 : @0+ A0/ B2+ A3/ C2\ D2\ @2\ E1/ F1/ C0/
8x8Trax_3521518 Rizzo vs. * :
8x8Trax_3522837 Thoddy vs. ypercube : @0/ @1/ A2+ A3/ B3+ A4/ C4+ C5+ D5\ D6\ B6+ E5+ E4/ E3+ F5+ @1\ C0+ F3\ E2/ D8+ G2/ H5\ G1\
8x8Trax_3523039 Traxplayer vs. Rogue Trooper : @0/ A0/ @1/ B0/ A0/ C2+ @3/ D1/ E4\ E5\ E1/ F1+ A0/ D6+ B6/ C7/
8x8Trax_3523072 YankeeFan vs. Goonerg : @0/ B1/ @1+ B2/ A0\ A0+ @3+ E1/ C0+ E5\ F2+ D6\
8x8Trax_3523573 PK vs. Authority : @0/ A0/ B1+ C1/ @1+ A3\ D2+ E2/ @3/ B4\ @2\ A1\ @1\ A0\ F1+ D1+ D0/
8x8Trax_3523574 Authority vs. PK : @0/ B1\ A2/ A3/ @3/ C3\ C4\ @1\ A0\ E3+ @2+ A5/ @5/ E5+ C6/ C7/ H3+ D7\ C8/ B6+ G7\ H4+ F8\
8x8Trax_3523575 PK vs. ypercube : @0/ @1/ @1/ D1/ A0\ @1\ E3\ F3\ E0/ F1/ B0+ G2\ F3+ G4+
8x8Trax_3523576 ypercube vs. PK : @0/ B1\ A2/ A3/ A4+ A5\ B2+ @1+ @2+ E5+ @3/ A4/ C5/ D6\ G4+ E7+ H4+
8x8Trax_3523577 dgb vs. Authority : @0/ @1/ @1/ C0+ D1/ D0/ D0+ B5\ A6/ @6/ F3\ F4\ F5+ G5\ E7\ F7\ D8+
8x8Trax_3523578 Authority vs. dgb : @0/ @1/ B0+ @2+ D2/ D3+ E2+ C0/ C0/ E3/ D6/ F4\ F2/ G4+ E6+ H4+
8x8Trax_3523579 dgb vs. ypercube : @0+ @1+ @1\ B2/ @1+ @1/ @2\ @1/ H1\
8x8Trax_3523580 ypercube vs. dgb : @0/ @1/ C1/ D1/ B2+ A0+ B0+ C0+ A6\ B7/
8x8Trax_3523581 Authority vs. ypercube : @0/ A2/ B1\ A3/ @1+ B0/ @2/ C0/ B0+ A2\ @2\ A1\ C0/ B8+ A6\ @2+ A6+ @4/ H3/ G2+ A5/ G7\ G8\ A7+ H1\ A2+ A1/
8x8Trax_3523582 ypercube vs. Authority : @0/ @1/ C1/ A2/ D2+ A3+ A4\ B5\ B6\ @3/ C0+ A1+ @2\ D0/ G4/ H3\ F2+ H5+ F7\ G7\ H7+ G8+ C7+ A6\ A1+ C1+ G1+ A8/ H8+
8x8Trax_3523760 Charlo vs. B Line electric streetcar : @0/ @1/ A2+ C1+ B0/ C4+ D4/ D2+ E2\ F3/ G2\ F1+ E0/ H4+ A1+ D0+ C7\ A1/ D0\ E8+ B8+ H4/ H3/ H2/ F1/ F8/ A8\ H1/ H7\ B1+
8x8Trax_3523761 B Line electric streetcar vs. Charlo : @0/ @1/ C1+ B2/ B3/ A0+ A4/ @4+ B0/ C0\ @4+ B1\ B0\ F5+ A1+ @5\ F8\ G8\ F4+
8x8Trax_3523762 Charlo vs. ypercube : @0+ @1+ A0/ A3/ A4/ @2+ D1\ B5/ C4/ D4+ E3\ D0+ C7/ A7/ @5+ D8+ B8/ G5/ F1/ H3+ G1+ A8/ F6+ G7+ H7\ H1\ B2+ A2\ A1\
8x8Trax_3523763 ypercube vs. Charlo : @0+ A2/ @1/ C1\ D1/ B0/ E2/ B4/ A4/ @4+ D5+ E3+ F4+ G4\ @2+ A1\ B0+ C0\ C8/ B8/ A6+ F8+ H3+ E2/ G3+
8x8Trax_3523764 B Line electric streetcar vs. ypercube : @0/ @1/ C1+ D1\ B2/ B3+ A2+ @2/ A3/ E4\ F4\ A4+ D5/
8x8Trax_3523765 ypercube vs. B Line electric streetcar : @0+ B1+ C1+ D1+ C0/ B3\ B4\ E2+ C0/ D0+ D0/ E2/ F2/ F1/ C8\ D7+ A7/ A8/ @6+ C4+
8x8Trax_3526080 ypercube vs. Thoddy : @0/ B1\ B2\ B3+ B4/ A4/ A5/ @2+ D5\ C6/ D1/ @1\ F3+
8x8Trax_3527343 jazzbeth vs. PK : @0/ A2\ B1/ @2\ A3\ @1\ D0+ A3+ @3\ @3\ B4+ D0+ C2\ B2\ B1\ D0/ @5+ F0/ G3+ A8/ @8/ C4+ H6+ D1\ C1\ B1\ A3\ F8+ H7+ H8+ A6/ A1+ H1/
8x8Trax_3527344 PK vs. jazzbeth : @0/ @1/ C1/ C2/ D1/ D3/ B2+ A0+ A0/ @3/ F1/ C5/
8x8Trax_3527345 jazzbeth vs. Traxplayer : @0/ @1/ C1/ D1/ B2/ D3+ E3\ E4\ F1+ B4/ F5/ A4\
8x8Trax_3527346 Traxplayer vs. jazzbeth : @0/ @1/ A0/ A0/ A4/ B5/ C5/ D5/ B6+ @1+ @3+ F4/ A5/ @3/ @4\ B2+ F1/ E0/ E0/ F1/ A7/ C1\ A8/ H5+ G3+
8x8Trax_3527347 jazzbeth vs. ypercube : @0/ @1/ B2/ C2/ C3/ B3+ D2\
8x8Trax_3527348 ypercube vs. jazzbeth : @0/ @1/ C1/ C2/ D2/ D3/ D4/ D5/ C4+ E5+ B4\ F3+ F1+ A3/ B5+ @3/ A0\ @3+ A6+ D7/ D8/ G1/ F7+ DRAW
8x8Trax_3527349 PK vs. Traxplayer : @0/ @1/ A0/ @1/ A2+ B3\ A3+ B0\ B0\ C1\ B0+ B7+ C0/ D2\ D3\ A2/ @6\ D4+
8x8Trax_3527350 Traxplayer vs. PK : @0/ A2\ B2\ C2\ B3/ D2/ B1+ A0/ A0/ C2+ C0+ C0/ D2\ E2\ D4+
8x8Trax_3527351 PK vs. ypercube : @0/ @1/ C1/ C2/ C0/ A0/ C1/ C5/ D2+ A4/ @4/ A5/ F5+ D6/ C6/ F7+ A0\ @3+ G3/ H2\ C7+ H6/ G1+ C8/ H8+ A8/ A1+
8x8Trax_3527352 ypercube vs. PK : @0+ @1+ B2\ @1+ C3\ B0/ D2/ C0\ @3/ B2+ D0\ F1+ E0/ E0/ F1/ G1/ A3\ A2\ @5+
8x8Trax_3527353 Traxplayer vs. ypercube : @0/ @1/ A0/ @1/ A0/ @1/ A0/
8x8Trax_3527354 ypercube vs. Traxplayer : @0/ @1/ C1/ D1/ D2/ B0\ B0+ E3+
8x8Trax_3527355 GringoNZ vs. Dawn : @0/ A0/ B1+ A3+ C3/ @3/ A2+ @3/ @3/ D0/ C5/ E5+ @3\ A2+ A1/ B2/ D0+
8x8Trax_3527356 Dawn vs. GringoNZ : @0/ @1/ A2+ C2/ C3+ B4/ A4/ A5/ @5/ D5\ E5+ D6/
8x8Trax_3527357 GringoNZ vs. dgb : @0/ B1\ A2/ A3/ @2\ B0/ @4\ @4\ A3\ F2/ D0/ C3+ B6+ @6+ H3+ D0\ C1+ E0/ F1/ H4/ G6/ B2\ B4+ A4\ A1/ DRAW
8x8Trax_3527358 dgb vs. GringoNZ : @0/ @1/ B0/ A0/ C2+ D2/ E2/ B4+ @1+ @1/ @2+ D0/ E1+ C0\ B1\ A2\ E1+ B0+ F2+ D8/ C8/ G6+ G8\ DRAW
8x8Trax_3528964 YankeeFan vs. Authority : @0/ B1+ C1/ A2/ A3+ D1/ @3/ @3/ E3\ E4\ B2+ F0+ C1+ B0/ C0+ G3+ @5+ A4\
8x8Trax_3533322 Goonerg vs. BrnIdGirl : @0/ B1\ A2/ @2+ B0/ @3+ E2+ @3\ F0/ G1/ C1\ B2/ D0/
8x8Trax_3533323 BrnIdGirl vs. Goonerg : @0/ B1/ @1\ B0/ C1+ B3/ D1+ @2+ C4/ A1/ C0/ C6/ F2\ F3\ E4+ F5+ G3\ E7\ D8\ H4/ E8\ E1/ B7+ F7+ H6\ H7+
8x8Trax_3533324 Goonerg vs. patchwork0 : @0/ B1\ A2/ B2+ C2\ B3/ B4/ @2/ A3/ B4/ E3/ @3/ A4/ B5/ F1/ E0/ G3/
8x8Trax_3533325 patchwork0 vs. Goonerg : @0+ A0/ B1\ B2\ C2\ C3\ D3\ D4\ C5\ @1\ A0\ @1\ G5\ F6\ G6+ D7+ B5/ H6+
8x8Trax_3533326 Goonerg vs. Dionysos : @0/ B1\ A2/ B2+ @1\ B0/ D2+ C0\ B0/ A1\ B0/ E4+ F2+ E0/ D7\ D8\ @5+ B8/ @4+ H5\ H6\
8x8Trax_3533327 Dionysos vs. Goonerg : @0/ @1/ A2/ @2/ C0+ @1\ B0/ @3+ E1\ A5/ @5/ F5+ D6+ G4+
8x8Trax_3533328 Goonerg vs. phonic : @0/ A2\ B1/ B0+ @3\ C0+ B5+ C5+ @5/ A6+ A2\ D0+ @5\
8x8Trax_3533329 phonic vs. Goonerg : @0+ @1/ B0\ C2\ C3\ C4+ D4\ @4/ A5/ A1\ @4+ B0/
8x8Trax_3533330 Goonerg vs. itb4me2 : @0/ B1\ A2/ B2+ C2\ A3/ @3/ D4+ A5+ @3/ B6/ @5+ E6\ C7/ F6/
8x8Trax_3533331 itb4me2 vs. Goonerg : @0+ A0/ B2+ B3\ C2/ A0/ @1+ E1/ D0+ E5\ C6\ F4/
8x8Trax_3533352 GringoNZ vs. Daddy MBA : @0/ A2/ B1+ @1/ C0+ A3/ A4/ @3\ D5\ E5\ D6\ C7+ A7+ @6/ B8+
8x8Trax_3533353 Daddy MBA vs. GringoNZ : @0/ @1/ C1/ D1/ C0+ C3\ A4\ @2/ D0/ @5/ B6\ A2\ @3/
8x8Trax_3533354 GringoNZ vs. Jesme : @0+ @1\ A0\ A0+ @2/ C4/ C5/ D3+ D5\ C6/ D1/ E3+
8x8Trax_3533355 Jesme vs. GringoNZ : @0/ @1/ A2+ C2/ A3+ C3\ D2/ B4+ C1+ A0\ @2/ @3\ B1+ A4/ @3/
8x8Trax_3533356 GringoNZ vs. PK : @0+ @1+ @1/ D1+ E1/ A2/ E2\ F2\ C0/ B4\ C4\
8x8Trax_3533357 PK vs. GringoNZ : @0/ @1/ A0/ B1+ A0\ @3+ A4+ B0/ C1/ C0/ D1/ A1\ @2\ B0/
8x8Trax_3533358 GringoNZ vs. Ray of Light : @0+ @1\ A0\ B0/ C2\ D3/ @2/ F3\ F4\ E1/ F1/ G3\ D4/ E5+ D0+
8x8Trax_3533359 Ray of Light vs. GringoNZ : @0+ B1+ B2/ B0/ @3\ A4+ @4+ C5/ D5/ E2+ E5\ E6\ E4+ F2+ G2\ G4+ G5\ H4+
8x8Trax_3533360 Daddy MBA vs. Jesme : @0+ B1/ @1/ C0/ B3+ B0\ A1\ @4\ @1/ C5\ D6/ A2+ B0\ E5+ F3/ A1+ A0\ @3/ E2+ H5+
8x8Trax_3533361 Jesme vs. Daddy MBA : @0/ A0/ B1+ C1/ B0+ D1/ B0/ C0\ A3+ @5/ A2+ B0/ E3+ F3/ E1/ B7+ D6+ D8/ B8\ E5+ F4+ @7\ A8/
8x8Trax_3533366 Jesme vs. PK : @0/ A2\ B2\ C2\ B1+ D2\ B3/ B4+ A3+ E4\ D5/ E1/ F3/
8x8Trax_3533367 PK vs. Jesme : @0/ A2\ B1/ B0+ @3/ B4\ A2+ B0+ C1+ @4/ A2+ A5+ B6/ C6+ C0/ E3\ A1\ C0\
8x8Trax_3533368 Jesme vs. Ray of Light : @0/ B1\ B2\ A2+ A3+ @2\ B0+ D3\ B5/ D1/ E2\ @3/ B4+ F1+ F0/ G1/ E6\ E7+ F6/
8x8Trax_3533369 Ray of Light vs. Jesme : @0+ @1\ @1/ B2\ A2+ B3\ D3\ C4/ E2/ D4+ D1/
8x8Trax_3533372 csain1 vs. Phil The Hat : @0/ @1/ B0+ B0/ B0/ A2+ @2+ B0\ A1\ @4\ E5/ A2+ C0+ F3\ E1/ E0/ A8+ @8/ G6\ G8\ H8\ G3/ H5+ D1\ G1+ A3\ A2\ H1+ H3+ A5+
8x8Trax_3533373 Phil The Hat vs. csain1 : @0/ A0/ @1/ A0/ A0+ A0\ @4+ A0/ @5\ D4+ D2+ E3/ @1\ C0/ B0+ A1\ G5/ F2/ E1+ G3+ @6/ A7/ G6+
8x8Trax_3533374 csain1 vs. jazzbeth : @0/ @1/ A0/ A0/ @1+ @1/ @2+ D0/ E1/ D5\ E0+ F5\ F6\ F7+ G4+ H2+ H1/ H6+ F8+
8x8Trax_3533375 jazzbeth vs. csain1 : @0/ A0/ A3/ A4/ @3+ C1/ D1+ B0+ @3/ C0\ F4/ @1\ A0\ C8/ B8/ A8/ @4+ G3+ G2/ D1/ H2+
8x8Trax_3533382 Phil The Hat vs. jazzbeth : @0/ @1/ A0/ @1/ B0+ @1/ A0/ C1/ D1/ E1/ C5+ E4+ C6+ F1\ @1\ B0/ F0/ G1/ @4/ C5/ H6\ C6+ C7/ D8+ C8+ B2+ F8+ C1\ A5+ B6+ B8/ A8/ A2+ A1/
8x8Trax_3533383 jazzbeth vs. Phil The Hat : @0/ @1/ B2/ C2+ A0/ C1+ @2\ C0\ A2+ A0+ D6\ D7+ E5+ @2/ B5/ A5/ @4/ A2+ G3\ C6+ @3+ F8+ G8\ C7/ B6+ H7+ E7+ A6\ B7+ G2/ B8+
8x8Trax_3533384 Phil The Hat vs. birddog8560 : @0/
8x8Trax_3533385 birddog8560 vs. Phil The Hat :
8x8Trax_3533386 Phil The Hat vs. psychospaz mom : @0/ A2\ B1/ B0+ C1+ B0+ @3+ C0+ A2\ @4\ E1\
8x8Trax_3533387 psychospaz mom vs. Phil The Hat : @0+ A2+ A3+ @2+ B0+ B0+ B6+ A1+ B7+ B0\ C3/ A8+ C1/ D1/ C4\ D3/ E2\ D5+ D6+ A7\
8x8Trax_3533388 Phil The Hat vs. dgb : @0/ @1/ B2/ C1+ C0+ B4\ D3/ E2\ C4\ A1\ @1\ F1/ D0+
8x8Trax_3533389 dgb vs. Phil The Hat : @0+ A2+ A3+ @2+ B4+ B5+ B6+ A5/ C4\ B0\ A1\ B0/
8x8Trax_3533390 jazzbeth vs. birddog8560 : @0/
8x8Trax_3533391 birddog8560 vs. jazzbeth :
8x8Trax_3533392 jazzbeth vs. psychospaz mom : @0/ B1\ B2\ C2+ A2+ C0/ D3/ D1+ C0/ E2+ A1\ F2+ @2/
8x8Trax_3533393 psychospaz mom vs. jazzbeth : @0+ B1/ B2\ C1/ C0+ B0\ A4+ C4\ D4\ E4\ C1+ E3/ F3/ C5+ @4/ D6/ A3\ @4/ A3\ G6\ G7+ H5+ G8+ G1+ F8/ E8/ C7+ A1+ H8/ C8+ B8+
8x8Trax_3533394 jazzbeth vs. dgb : @0/ A0/ B2/ A3+ A4/ C2\ D2\ @4/ A2+ @3+ @2/ C0+ A2+ @2\ A1\ C0\ B6+ D7+ F6+ A6/ A7/ F8+ G5+ F3+ G7+ E1\ H8/ A8+ G3/ F2+
8x8Trax_3533395 dgb vs. jazzbeth : @0/ @1/ A2/ C2/ D2+ B3/ E2/ D4+ D5/ D1+ C0\ F2\ A6+ @1+ C7+
8x8Trax_3533402 spellbound vs. hANDYman the Rebel : @0/ B1\ A2/ @2+ C0/ D2\ C3\ B4/ C4+ A1\ B0\ @3\
8x8Trax_3533403 hANDYman the Rebel vs. spellbound : @0/ B1\ A2/ @2+ A3/ A4\ B4\ C3\ C0\ B6\ C5\ A7/ @7/ D6+ E6\ A3\ E3+ F5/ @2/ F7+ E8\ G7/ H6+ G3/ H4+ H7\ H8\ A7+ B5+ C8+
8x8Trax_3533404 spellbound vs. ypercube : @0/ A0/ B2+ @2\ B3/ @3\ B4\ B5+ A2+ A1\ C0/ E4+ @2\ A0+ F4/ F1/ D7\ G1\
8x8Trax_3533405 ypercube vs. spellbound : @0/ B1\ A2/ C1\ D1\ E1\ D2+ A3/ C0+
8x8Trax_3533410 hANDYman the Rebel vs. ypercube : @0/ @1/ B0/ @1/ B3/ C4+ D4\ D5\ E5\ F3+ A3+ G1/ G0/
8x8Trax_3533411 ypercube vs. hANDYman the Rebel : @0/ B1\ A2/ @2/ B3\ C3\ D2+ B4/ B5/ D1+ D5\ C6/ E3\
8x8Trax_3533412 hANDYman the Rebel vs. Ruthm : @0/ A2+ @1\ B0/ C2+ B4\ D3\ A1\ A0\ A4/ @4/ E3+ A2\ F3\ @3/
8x8Trax_3533413 Ruthm vs. hANDYman the Rebel : @0+ A0+ B1+ @1/ B0/ D2\ D3\ B4/ A1\ A0/
8x8Trax_3533414 hANDYman the Rebel vs. golfnutrof : @0/ A0/ B1/ C2/ A3+ D2/ A4/ E3\ D4/ E1/ F2\ D1+ B4\ B5\ @1/ F4+ D0/ F6\ D7/ F7/ A4\ B0+ @2\ H7+ A6+ A7/
8x8Trax_3533415 golfnutrof vs. hANDYman the Rebel : @0/ B1\ B2\ A0/ @2+ D1/ D0/ E3/ A1\ @2/ D0+
8x8Trax_3533416 ypercube vs. Ruthm : @0/ B1\ B2\ A2+ @2/ B3\ D1/ B0/ D4\ E4\ B5\
8x8Trax_3533417 Ruthm vs. ypercube : @0+ A2+ A0+ @3/ @3\ A2\ A1/ D1\
8x8Trax_3533418 ypercube vs. golfnutrof : @0/ @1/ B2/ C1/ D2/ D3/ E3/ @1\ A0\ A0\ F4/ B4/ F6\ G6+ D6/ A6/ E3+
8x8Trax_3533419 golfnutrof vs. ypercube : @0/ A0/ @1/ A2+ C2/ B0/ A0/ A5\ C2/ D5\ B6/ D1/ E1/ @3/ A5+ A0\ @1\ D1/ B0+ H3+ H2/ F2/ F1+ A7/ G6+ H1/ H6/ DRAW
8x8Trax_3533452 spitfire vs. coopaah : @0/ @1/ B0+ A0/ A4/ @1+ D4\ C5/ E3/ E2/ F4\ D5\ D6\ B5/ A6/ @4+ G6\ @4+
8x8Trax_3533453 coopaah vs. spitfire : @0/ B1\ A2/ @2+ B0+ @3\ C0+ @2\ C1+ E1+ C5+ @3/ B4+ B5/ A5/ @4/ A1\ H2/ C0+
8x8Trax_3533454 spitfire vs. Dragon101 : @0/ A0/ B1+ C2/ @2/ D3+ B4\ @2/ F3\ F4\ G4\ D5+ C5+ G1/ E0+ H3/
8x8Trax_3533455 Dragon101 vs. spitfire : @0/ B1\ A2/ A3/ A4/ C1\ A0/ A0\ @4+ D4\ D1/ @3/ F2/
8x8Trax_3533456 spitfire vs. meuh : @0/ B1+ A0\ A3\ @1/
8x8Trax_3533457 meuh vs. spitfire : @0/ A2\ @1/ C1\
8x8Trax_3533458 spitfire vs. Oartkickel of the Wolf Pack : @0/ @1/ B0+ B3\ C3\ A0/ C3/ D3/ @4\ C5+
8x8Trax_3533459 Oartkickel of the Wolf Pack vs. spitfire : @0+ @1/ A0\ @1\ B3/ D3\ C4/ @1/ B2+ C0/ D1/ E2+ F3/ F5\ E6+
8x8Trax_3533460 coopaah vs. Dragon101 : @0/ A0/ A3+ @3/ A2+ C1+ @1\ C0/ E1/ C0/ E4+ D6/ D7/ F4/ B8/ A5/ @4/ H2+ H1/ G6+ H5+ F8+ H7+ A7/ A8/ B2+ A2+ A1+
8x8Trax_3533461 Dragon101 vs. coopaah : @0/ @1/ B0/ @1+ C0/ C0/ B0+ C6\ D6+ D7\ C7+ A6+ @5\ C0/ B1+ F7/ F6/ E4+ G6+ G5/ G4+ H5\ H7+ E1+ A2+ H4+ G3/ G2/ G1+ H1+ A8/
8x8Trax_3533466 Dragon101 vs. meuh : @0/ B1+ C1/ C0\ B3+ B1+ C3\ C4+ D3/
8x8Trax_3533467 meuh vs. Dragon101 : @0+ A0/ @1/ @1/ D2/ E2/ D1+ C0/
8x8Trax_3533468 Dragon101 vs. Oartkickel of the Wolf Pack : @0/ A0/ B1/ C2+ A3/ @3/ D4+ B5/ C6/ @1+ D0+ @2+ F7\ G6+ F8/
8x8Trax_3533469 Oartkickel of the Wolf Pack vs. Dragon101 : @0+ A0/ A3\ B1/ B0/ C4+ D3+ B0/ D5+ B6+ E5/ A0\ @1/
8x8Trax_3535196 ypercube vs. Thoddy : @0/ A2\ B1+ C1\ C2\ D2\ A3+ B4+ E3+ A4+ @2+ F1/ D0+ D6+ D7\ G3+ F8\ G7+ H6\ H8+ B1\ A1+ C7+ H2/ C8+
8x8Trax_3536256 * vs. Jenny Poo :
8x8Trax_3536402 GringoNZ vs. Traxplayer : @0/ @1/ B0/ @1+ C0/ D1/ B0\ D5+ E2+ B6/ A6/ F3+ @5+
8x8Trax_3536755 ypercube vs. Thoddy : @0+ @1+ B2\ @1+ C3\ A2+ C0/ D4+ C5+ E4+ E1+ F2+ A5/ B6\ @4+ A2+ H3/ E6\ E7\ G5+
8x8Trax_3537201 Traxplayer vs. Dawn : @0/ A0/ @1/ B0+ C3/ B4/ D4/ A4\ @2/ D1/ D0/ E2/ A1\ D0/ @3\
8x8Trax_3538489 horsecrazy vs. Charlo : @0+ A2/ @2/ C1+ @1/ A2+ D2+ E1+ A3\ C0/ A1/ @3+ A1\ B0/ D6\ G3+ G4+ H3+
8x8Trax_3538512 kkbjme vs. Charlo : @0+ A2/ A0\ @1\ @2\ C0+ @4/ B5\ A2\ @2\ D0/ F3+ F4\ D0/ F7\ G7\ E8\ G8+ C3+ G4/ H3/ H6+
8x8Trax_3538625 Goonerg vs. *Leo The Lion : @0/ A2/ B1/ B3+ C1/ A0+ @3/ C5/ C6/ D6\ E3+ D7/
8x8Trax_3538677 golfnutrof vs. Authority : @0+ B1+ B0\ B3\ C3+ D2\ C1+ E2+ E3+ B0+ D1+ F2\ D0/ G1\ G2+ @3\ B2+ E0+ H5\ H6\ E7+ H1+ C7+ B7/ B8/ A8/ E8+ B2\ A2\ DRAW
8x8Trax_3538788 YankeeFan vs. Traxplayer : @0/ @1/ C1/ D1/ B2+ A0+ @2/ D4+ E0+ E6\ F4+ D0+ D7/ D8/ C6+ G4/ F3/
8x8Trax_3538789 Daddy MBA vs. YankeeFan : @0+ A0/ B1/ @2+ A1+ A0+ @1\ A0\ A0+ A4+ @4/ D6/ A5+ @3+ @3+ B1\ A1\ @2/ D6/ D7/ C5+ C8/ B7+ D8\ F7/ B5+ A6\ H6\ H7\ F8+ A7+ DRAW
8x8Trax_3538882 ypercube vs. Thoddy : @0/ B1\ A2/ B2+ @2\ A1+ C3/ A0\ A0\ @4\ D1/ B5+ E2\
8x8Trax_3538945 ema vs. Charlo : @0/ @1/ A2\ C1\ C0/ C3/
8x8Trax_3539040 Honeybear vs. TaUrUsRoSe : @0/ A2\ B2\ @1/ D2/ D1/ E1/ A0\ D1+
8x8Trax_3540011 Dragon101 vs. JiffyJeff : @0/ @1/ B0/ @2+ D1/ C0/ D1+ @1+ D0+ A0+ F4/ E6+ A5/ @3/ C6+ B7\ A6+ C8/ @3/ A2+
8x8Trax_3540092 dgb vs. Traxplayer : @0/ @1/ @1/ A0/ @2/ C3\ C4+ @3+ B0\ RESIGN
8x8Trax_3541139 Miss Traven vs. Christine : @0/ B1\ A2/ B2+ B3\ @3\ B4/ D3+ B5\ E3+ D4+ A4+ C5+
8x8Trax_3549325 jazzbeth vs. GringoNZ : @0/ @1/ B2/ A2+ A0/ A0/ C4+ @3/ D2/ E2/ D0+ D0\ @5/ A7/ @5/ C8\ E7+ H2+ H1/ A7/ G7\ D2+
8x8Trax_3549326 GringoNZ vs. jazzbeth : @0/ @1/ A0/ @1/ B3/ D3/ D4/ E4/ E3/ E5/ A3\ A0+ @4\ D1/ B0/ @4/ B3+ C0/ D7+ F5+ D8/ F3/ C7+ B8+ H5\ F2/ F1+ B1+ A1/ DRAW
8x8Trax_3549327 jazzbeth vs. LadyBabyJane : @0/ @1/ B2/ @1\ B0/ B0/ A2\ A1\ B0/ A1+ @1\ C0/ C0+ D3\ E2+ E1/ E0+ F2\ E5/ G2/ G1+ B8+ F5\ E6+ H1\ H3+ H4\ F6\ B1\ A6/ A1+ F7/ A8/ H7/ G8\
8x8Trax_3549328 LadyBabyJane vs. jazzbeth : @0+ B1/ B2\ C1/ A2+ A3/ A0\ @1+ B0/ B6/ E2\ A5+
8x8Trax_3549329 jazzbeth vs. ypercube : @0/ @1/ B2/ A2+ C2+ B0\ B0\ C2+ @3/ C5/ C6/ A5+ C7/ E1\ D8\ E4\ F3+ F7\ G6+ E8\
8x8Trax_3549330 ypercube vs. jazzbeth : @0/ @1/ B2/ C2/ C3/ C4/ D3/ E3+ E2/ D1/ B0/ B0/ @1+ A0\ A5/ C6+ @5\
8x8Trax_3549331 GringoNZ vs. LadyBabyJane : @0/ A2+ B1/ B3\ C1+ C0\ B5/ A4+ C5/ D4\ C6+ A5/ C7/ C0\ E6/ D8\ E4/ F5\ @5\
8x8Trax_3549332 LadyBabyJane vs. GringoNZ : @0+ B1+ B0\ A3/ A4/ @2+ C4\ C5\ B5/ B6\
8x8Trax_3549333 GringoNZ vs. ypercube : @0/ @1/ A2+ C2/ @2/ A3+ B4/ B5/ C3+ @5/ A6/ C6+ F3\ F4+ E1/ E7+ F6\ G6\ G7\ C0\ B1\ A2\ @5/ A7+ B8+ A8+ H2+ H1/ A1/
8x8Trax_3549334 ypercube vs. GringoNZ : @0/ @1/ B2/ A2+ A0/ @1/ A0/ B5/ B6/ D3+ D2/ C1/ A5+ @3+ @4\ @4\ D0/ C2+ F0/ G2+ @4\ A3+ D1\ C1+ B3+ A2+ D7+ A1+ H1/ A6+ D8+ DRAW
8x8Trax_3549335 LadyBabyJane vs. ypercube : @0/ @1/ B2/ B3/ A3\ B0\ C3\ D2\ C1+ @2\ A1\ @1\ C5\ B0+
8x8Trax_3549336 ypercube vs. LadyBabyJane : @0/ @1+ @1\ C0/ D1/ D0/ D4\ E4\ A4\ B5/ A6\ D5/ @1\ A0+ A6+ B8/ @4\
8x8Trax_3549337 mexicanfury vs. Charlo : @0/ @1+ A0+ @2/ B3\ D2/ D0+ A5/ @3/ E5\ E6+ F4\
8x8Trax_3549338 Charlo vs. mexicanfury : @0+ @1+ A0/ B3\ C3\ @2+ C4+ @2+ C4\
8x8Trax_3549343 Charlo vs. dgb : @0/ @1/ B0+ @2+ B3/ B0\ D2/ D3+ C1+ C0/ @4\ F4\ C6/ F1/ E0\ G3\
8x8Trax_3549344 dgb vs. Charlo : @0+ A2/ B1\ A0/ A4\ A5\ A0/ @2/ @3+ D5+ E1/ D0\ F2/ A1+ A0+ @1\ H5\ F6+ A5+
8x8Trax_3549345 Charlo vs. balmoral : @0/ B1\ A2/ B2+ B3\ C3\ D3\ D4\ D1/ B0/
8x8Trax_3549346 balmoral vs. Charlo : @0+ A2/ @1+ B0/ C1+ C0/ D1+ E1+ @3/ A5+ A6/ @4\ @3/ A2+
8x8Trax_3549351 PK vs. Traxplayer : @0/ @1/ A0/ @1/ A0/ @1/ D2/ B0\ B0\ C1\ C2+ D6\ E5+ B6\ D7\ E7\ F5/ G4\ G8+ H5+ D2/ E3+ C8+ RESIGN
8x8Trax_3549352 Traxplayer vs. PK : @0/ A2\ B2\ C2\ B3/ C1/ D2\ C4+ D5/ C6\ D7/ @2\ D0+ @3/ C4+ C5/ C6/ A4+ G5+
8x8Trax_3549353 DINGEROO vs. Traxplayer : @0+ B1+ A0/ A3/ @3\ B4\ C4\ C5\ D5\ A5/ A6\
8x8Trax_3549354 Traxplayer vs. DINGEROO : @0/ B1\ A2/ B2+ @2\ B3+ B0\ A1\ A0\ @1\ D1/ D0\
8x8Trax_3550899 Dawn vs. Carroll : @0/ A0+ A0\ @3/ @3+ A4/ D3/ D4/ E2/ E1/ C0\ E5\ F1\ D6\
8x8Trax_3551000 Morticia vs. faith64 : @0/ B1\ A2/ @2+ D1/ D0/ E1+ A1\ @2/ D0+
8x8Trax_3551754 *Leo The Lion vs. Traxplayer : @0/ B1+ A2+ B3+ A3+ @3\ @2/ C0/ C5/ E3+ F3/ C6/ D5+ C7/ E6+ A8/ @8/ H3/ G5+ A5+ F2+ H1+ DRAW
8x8Trax_3551770 GringoNZ vs. dgb : @0/ @1/ A0/ @2+ @2/ @2/ A1/ A0/ A4/ @1+ C5+ B0+ @4\ H4/ H5+ D1+ E7\ F7+ G2+ E8/ D7+ G7+ F8\ H7+ A2+ DRAW
8x8Trax_3552978 DINGEROO vs. supermac : @0/ B1\ A2/ @2/ C2\ A3/ D1/ D0/ E3\ D4/ C5\ A1\ @2/ D0+
8x8Trax_3553056 * vs. ken :
8x8Trax_3553182 mexicanfury vs. Charlo : @0/ @1/ B2/ C1+ D1\ C0/ B1+ B4+ A4/ E1/ D0\ E5\ F3/ E6/
8x8Trax_3554296 Adam vs. Rizzo :
8x8Trax_3554488 *Leo The Lion vs. Traxplayer : @0/ @1/ B0+ @2+ B3/ B0\ D2/ B5+ A5+ E2/ D3+ C6+ B0\ F3+ E5+ D8+ G5\ F6+ H4/ G3+ B7+ A7+ B8+ G7+ F2/ RESIGN
8x8Trax_3556650 jazzbeth vs. rogerrabbit : @0/ @1/ C1/ B2+ D1/ D0/ D0+ E3+ C0/ @4/ D6/ B6+ F7\ G7\ F8\ F1/ G1+
8x8Trax_3558821 YankeeFan vs. Lowell : @0/ A2+ A3/ B1+ C1\ B3+ B4\ A5+ A6\ @3+ D6\ A4+ D7/
8x8Trax_3561105 csain1 vs. YankeeFan : @0/ A0/ B2/ C2/ D2/ B3+ D1/ @2/ B4+ B5/ @4+ @4\ B1\ C6\ B0/
8x8Trax_3561120 Uncle Chuckie vs. Goonerg : @0/ A2\ B1/ A3\ B2\ C1/ A4\ B0+ @2/ A0+ @3/ D6+ E1\ B0/ F2/ F1/ G3\ G4\ G5\ A8+ @4/ F7/
8x8Trax_3561121 Goonerg vs. Lindap957 : @0/ B1+ C1/ @1+ A0+ C1+ @2\
8x8Trax_3561997 Authority vs. Kaisa : @0/ @1/ B0+ @2/ D1/ D0+ C0/ C0/ B6+ E3\ F4/ B7/ B8/ D5+ D7+ @7+ H4/ H2+ G6+ G1/ C2+ B1\ A1\ A2+ A4/ G7\ E8+ G8\
8x8Trax_3562515 PK vs. Goonerg : @0/ B1/ C1\ B2/ A0\ @1\ C0/ D1/ E1/ A0\ @3\ G3+ @2\ A1\ B4/ A4/ G0/ H1/ C6+ E0+ C8/ G7/ F8+ H8\ B1\ E8+ A2+
8x8Trax_3562588 Authority vs. GringoNZ : @0+ A0/ @2/ @2/ C0/ B2\ D2+ C0/ C0/ E1+ B1+ D0+ B1\ A1\ D0+ A5+ @2\ A7\
8x8Trax_3562696 Carroll vs. Kaisa : @0+ A2/ A3/ B2/ @3/ D2\ A4+ @3/ @1/ D0/ A4+ F1/ RESIGN
8x8Trax_3563202 ypercube vs. Kaisa : @0/ @1/ B2/ B3/ A0/ A0+ A0\ @4+ @3+ B5\ A5\ @3+ @4\ B5+ B1\ A0/ @6\ G2/ G1/ D7+ RESIGN
8x8Trax_3563963 gramat vs. Honeybear : @0/ B1\ B2\ A0/ C2+ A0\ @1\ @1\
8x8Trax_3564145 Rogue Trooper vs. JiffyJeff : @0+ A2/ @2\ A1\ C2/ A0/ @2\ B4+ D1/ RESIGN
8x8Trax_3564160 * vs. Adam :
8x8Trax_3564987 Carroll vs. Kaisa : @0+ A2\ A3+ @3\ A1/ @2/ @2/ B1+ B0/ B0+ B0/ C7/ B6+ A1/ @3\ D2\ @3/ A4+ F7\ E8/ B6+ D8+
8x8Trax_3565833 Traxplayer vs. GringoNZ : @0/ @1/ A0/ A3\ @2\ @2\ C4\ C0/ D4+ D2+ E2\ B1+ C0/ F3+ D7\ E7\ F4+ G7+ B0+ A1\ E3+ H7\ D1+ DRAW
8x8Trax_3565834 GringoNZ vs. Traxplayer : @0/ @1/ B2/ C2/ A0/ @2+ B0/ A4/ @4/ C0+ C0/ @6/ E2+ B7+ B8\ RESIGN
8x8Trax_3566206 ypercube vs. Traxplayer : @0/ @1/ B2/ C2/ B0+ @1/ A0/ @1/ C4/ B4/ D1/ A0\ @2/ E1/ E0+ F2+ F7+ B7/ D8+ RESIGN
8x8Trax_3566909 Goonerg vs. ypercube : @0/ @1/ @1/ D1/ A2+ A3\ A0+ @4\ B0\ A1\ @2+ E1+ D0/ G6+ G2/ F7+
8x8Trax_3566975 Rogue Trooper vs. golfnutrof : @0+ A2/ @2\ C1+ B3/ @2+ A4+ @4+ A5/ A6/ E0/ B7\ A8/ E3+ F1/ @6+ C2\ E1+ E7+ B3+ G4/ @5+ B2/ G7\ G8\ H8\ C1/ A3+ A6/ H5/ DRAW
8x8Trax_3567064 Authority vs. Dragon101 : @0/ A0/ B1/ C2/ D2+ D1+ E1/ E0/ E0+ D0/ B6+ @6\ D7/ D1+ B7+ G4+ B8+
8x8Trax_3570849 ypercube vs. Thoddy : @0+ B1\ B2\ @2/ C3+ D3+ E3+ F3+ D1/ G3+ E4/
8x8Trax_3571647 Rogue Trooper vs. B Line electric streetcar : @0+ B1+ A0/ A3/ A4+ B3\ C3\ D3+ C1+ @2\ F3\ F2+ B5/ B0/ C6\ D7/ D8+ A6+ @3\ @4+ B5/ G5+ A5/
8x8Trax_3571648 B Line electric streetcar vs. Rogue Trooper : @0/ A0+ A3+ @1\ C2+ @2/ B3+ C0+ D2+ B0/ B0/ B0/ A4+ @6/ @6+ C7+ C0\ B4+ B1+ A1\ @2+ G2/ H2+ F1/
8x8Trax_3571649 Rogue Trooper vs. Dawn : @0+ A0\ @1/ A2/ C2/ A3/ A4/ @3\ D4\ A2+ E2\
8x8Trax_3571650 Dawn vs. Rogue Trooper : @0/ A0/ B1+ A3+ @2/ D1/ C4/ B5\ A4+ D5\ C6/ E2/
8x8Trax_3571651 Rogue Trooper vs. PK : @0+ @1+ A0/ B3\ C1\ @1\ A0\ E3/ D1+ C0/ F5\ F6\ F2/ F1/ G4/
8x8Trax_3571652 PK vs. Rogue Trooper : @0/ A0/ A0/ A0/ @3+ C4+ A0\ @3/ A1+ @1\ @1+ D0\ A5/ @5\
8x8Trax_3571653 B Line electric streetcar vs. Dawn : @0/ A0/ A0+ A0\ @2\ C1\ C3+ D2+ @3+ D0/ E1/ C6/ E5+ @3/ A5+ D0\ C2/ @3+ A2\ B1+ A7\ C0\ @6\
8x8Trax_3571654 Dawn vs. B Line electric streetcar : @0/ A0/ B1+ B0/ @3+ B1+ A4/ B4+ D4+ D1/ E3\ @4/ @4+ B1\ C0/ @4/ H1/ F0+ A4+ F0+ H4+
8x8Trax_3571655 B Line electric streetcar vs. PK : @0/ A2\ B2\ C2\ D2+ E2/ C1\ B3+ C4/ C5/ @2\ C0/ B1+ A5+ @4/ @4/ A5/ D6/ F7/ G5+ E0/ B2+ D8/ H7+ B1+ A1\ A3\
8x8Trax_3571656 PK vs. B Line electric streetcar : @0/ @1/ A0/ A0+ @1+ B0/ @2\ A3+ D1+ A5/ D5\ C6/
8x8Trax_3571659 dgb vs. jazzbeth : @0/ @1/ B2/ C2/ B3+ C4+ A0+ A3+ C6\ D3+ C1+ B6/ B7/ A5+ B8\ D7+ E6+ F7/ D8/ G6\ D1+
8x8Trax_3571660 jazzbeth vs. dgb : @0/ @1/ A0/ @2+ D2/ D3+ D1+ B4/ A3+ C5\ D4+ A5/ A6/ @4\
8x8Trax_3571661 dgb vs. Traxplayer : @0/ @1/ B0+ A3\ A4\ @3+ B0+ A3\ @3\ A2\ E2\ C0/ B1+ @4+ B6+ B7/ F2/ G3\ E6+ D8+ @7+ A8/ H5\ F7+ DRAW
8x8Trax_3571662 Traxplayer vs. dgb : @0/ @1/ B0+ @2+ A0/ B4\ B5\ @3+ A4+ @3+ D6+ B2+ C0+ D8/ E2+ E6\ F3\ @4+ H4+ G5+ RESIGN
8x8Trax_3571663 dgb vs. ypercube : @0/ A0+ A0\ @3/ B4/ @1+ B0/ D4+ B0+ @4+ A1\ C0\ B0/ C8/ E5+ E3+ F3/ F2/ G2/ RESIGN
8x8Trax_3571664 ypercube vs. dgb : @0+ B1+ A2/ @2/ B3/ B0/ B0/ A2+ B6/ D1\ B0+ C5\ @3\ @1\ C0+ @3/ A4/ @2\ RESIGN
8x8Trax_3571665 jazzbeth vs. Traxplayer : @0/ @1/ B2/ C1/ C3/ D3/ D4/ E4/ A0/ @2/ A3/ A4/ F6/ A5+ D1+ E3+ B6/ F7+ G6/ B8/ A8/ F3\
8x8Trax_3571666 Traxplayer vs. jazzbeth : @0/ @1/ A0/ @1/ C3/ D3/ D4/ E4/ E5/ F5/ F6/ F7/ G5+ H7/ H8\ C4/ E7+ A2/ A3/ A4/ B5+ F4+ D7/ F3/ F2/ F1+ G4+ G1+ E8+
8x8Trax_3571667 jazzbeth vs. ypercube : @0/ @1/ B2/ B3/ A0/ B5/ C4\ D4+ A3+ @2+ C1/ F1+ C0/ A0+ @3/ G1+ F0/ @3+
8x8Trax_3571668 ypercube vs. jazzbeth : @0+ B1/ @1+ A0\ A3/ @3/ A4/ @1+ D1+ B0/ @2\ F4/ A4+ @2+ B6/ A6+ E6\ B7+ F5\
8x8Trax_3571669 Traxplayer vs. ypercube : @0/ B1+ C1/ B0/ B0/ A2+ B4+ C1/ D1+ B5/ @5+ A2\ RESIGN
8x8Trax_3571670 ypercube vs. Traxplayer : @0+ B1+ A2+ @1+ C0/ D1/ D0+ E2+ B1\ A0/ B6/ A6/ @5+ B7\ B8\ @6\ E1/ H3\ H5+ E6+ B2+ A2/ G7/ D7+ DRAW
8x8Trax_3571671 GringoNZ vs. Kaisa : @0/ @1/ B0+ @2/ D1/ D0/ D0+ C0+ A6/ E3+ C0\ B4+ C8\ D6+ D1+
8x8Trax_3571672 Kaisa vs. GringoNZ : @0/ @1/ A0/ B1+ C1/ A3\ A4\ @3+ C3+ D2+ B5+ @3+ B1\ A0/ B7\ A7+ D1+ @5/ B8/ A8/ @5/ H2+ H1/ H4\ H5\ H6\ DRAW
8x8Trax_3571673 GringoNZ vs. Pegasus : @0/ A2\ B1/ B2+ B3\ C2/ A0\ @1+ D1/ C0\ E4/
8x8Trax_3571674 Pegasus vs. GringoNZ : @0+ B1+ A2\ B0/ A1+ C2+ C3+ @2+ B0\ B0\ A5+ A2+
8x8Trax_3577424 Rogue Trooper vs. Traxplayer : @0+ B1+ A0/ A3/ C2\ @2+ A1+ B0+ @2/ @3\ @2/ @3\ F5/ A1\ D0/
8x8Trax_3577613 rogerrabbit vs. Traxplayer : @0+ B1+ B2/ A0\ C3/ @2+ A3+ B4+ C4\ E2\ C5+ E1/ F2\ C0+
8x8Trax_3578201 Kaisa vs. Carroll : @0/ @1/ A0/ @2+ B0/ @2/ C4/ D2/ E2/ E1/ B0+ D0\ F3+ G3\ F1+ E0/ E0/ F1/ C2+
8x8Trax_3580206 ypercube vs. Thoddy : @0+ @1/ B0+ C2+ D2+ E2+ B3+ D1+ F2+ F1+ G1/ G0/ A2\ @4\ B1/ C1/ F4/ G4\ E5\ A5/ F1\
8x8Trax_3581107 * vs. Rizzo :
8x8Trax_3581111 Linda Sue vs. Adam : @0+ B1+ B2/ B0/ A1+
8x8Trax_3581205 jazzbeth vs. Traxplayer : @0/ @1/ B2/ C2/ C3/ D3+ D4\ E2\ A0/ D6/ B4/ F4+ E6+ A4+ B6+ C7/ A5+ G4\ D8+ E2/ G3+ E1/ F7+ G2/ H3+
8x8Trax_3582128 Beckie B vs. Linda Sue : @0/ B1+ C1/ A2\ B0\ A0\ @2/ C4+ A1\ @1\ D1/ C0\ E2/ F2/ D6/ B5/ D7/ C8\ B6/ A6/ @5/ @5\ A3\ D8/ H4\ H5\ C7/ B7/ B8/ C1\ F1/ H6+ H7\ G1/ A2+ H1/
8x8Trax_3583123 ypercube vs. Thoddy : @0+ B1/ B0/ C1+ B0/ A4/ D3/ D4+ A5+ @3+ B6/ @3+ B1\ B0\ @4\ E1+ C0+ F2/ G2/ H2+ G1+ H1/ G7/ B6+ B7/ H6+ A6+ H7+ H8\
8x8Trax_3590109 Carroll vs. morn : @0+ B1+ @1+ @1\ A0/ B1+ C3/ E2/ E1/ F1/ C0\
8x8Trax_3591717 critterhug MIA vs. * :
8x8Trax_3596749 supermac vs. rogerrabbit : @0/ A0/ @1+ C2\ C3\ @2\ A3/ B4+ B5\
8x8Trax_3596938 ypercube vs. Thoddy : @0+ @1+ A2+ @1+ C0/ @2+ D0/ C1+ E2+ E4+ F1/ F0/ C6/ B5/ @5\ A6+ @5+ H5+ H6/
8x8Trax_3598513 JiffyJeff vs. Charlo : @0/ @1/ A0/ @2+ @2\ A3\ E2/ C0+ D1/ @1\ RESIGN
8x8Trax_3598678 two414u MIA vs. Charlo : @0/ @1/ C1/ A2+ D1/ A3/ @2/ E3+ D0+ C5/
8x8Trax_3599720 Rogue Trooper vs. Authority : @0+ B1+ @1/ A2/ A3+ @2+ B0/ B5\ D5+ A5/ A6/ A0/ @6+ D7+ A8\ @5/ B3+ G4\ @5/ A7+
8x8Trax_3599834 reeser9 vs. Carroll : @0/ A0/ @2+ @1+ B0/ C1+ A3+ D1/ @2/ E3\ F3+ D4\
8x8Trax_3599926 YankeeFan vs. Dragon101 : @0/ A0/ A3/ A4/ B2+ @1+ @2+ C5/ E4+ E6+ D7\ F6+ @2/ D0\ F3/ G3/ F1+ @6+ A7/ H5+ D1\ DRAW
8x8Trax_3601105 Honeybear vs. faith64 : @0/ B1+ A0\ @2+ @2\ A1\ A0+ @3/ C4/ A4+ C5\ D5\ F5\ F6\ E2+ B5+ D6+ E7/ @5/ C0+
8x8Trax_3601239 mexicanfury vs. Goonerg : @0/ @1/ B2/ A0\ @2+ D1\ B3/ C0+ E2\ F2\ G2\ A1\ H1/ A0/
8x8Trax_3601424 ypercube vs. Traxplayer : @0/ @1/ C1/ @1/ D2\ E2\ F2\ C3+ A0+ @4/ C5+ @4\ F0/ G2\ F0/ F7/ C1\ RESIGN
8x8Trax_3602848 Charlo vs. Lorraine of the Renegades : @0/ B1\ A2/ @1+ C0/ D1/ E1/ C0\ B2+ @4\ @4\ @4\ B2+ D1/ F0+ C2\ C6+
8x8Trax_3603094 ejd vs. s_strum : @0+ B1/ C1\ C2\ A0\ @2\ A3/ @2\ D0/ E1/ F3\ G2\ C0\ B1\ E6\ G4+ H2\ F5\
8x8Trax_3607952 Charlo vs. Pegasus : @0/ B1\ A2/ B2+ @1\ A0+ C1/ A0+ D2\
8x8Trax_3607953 Pegasus vs. Charlo : @0+ A2\ B2/ A0\ B2/ A0\ @2\ D4\ D5\ D1/ D0+ E4/
8x8Trax_3607954 Charlo vs. Kaisa : @0+ B1+ A0/ A3/ C2/ A4\ C3+ D3\ D4\ A0/ @5\ A6/ @6/ F6+ B1\ G5\
8x8Trax_3607955 Kaisa vs. Charlo : @0/ @1/ A0/ C2\ A3+ @2/ B4+ @1\ A0\ B5+ D2+ B6\ F3/ E2+ E1/ F2/ G2/ G1/ G4\ D5+ H4/
8x8Trax_3607956 Charlo vs. Traxplayer : @0/ @1/ B0+ @2+ C0\ B4\ D2/ E1\ D3+ F3+ F4\ G2\ E0+ D0+ @4/ F7/ E6+ E7/ F8+ G3+ DRAW
8x8Trax_3607957 Traxplayer vs. Charlo : @0+ A2\ A0/ B1/ B0/ C4+ D3+ E2+ @4\ @3/ E0+ D6/ E7+ F7\ G6+ A7+ RESIGN
8x8Trax_3607958 Charlo vs. ypercube : @0+ B1+ A2\ A0\ A0\ A5/ @3/ B6/ D4/ E4/ C2/ D1+ F3\ B7\ C7\ F0+ G1/ C1+ A7/ F6\
8x8Trax_3607959 ypercube vs. Charlo : @0+ A2/ @1/ B0/ B0/ A2+ @3/ @3/ B1+ E2+ A4/ @4/ D5+ F4+ B0/ @2+ B7/ A7/ E0+
8x8Trax_3607962 Pegasus vs. Traxplayer : @0+ B1+ A2\ A0\ B1+ @2+ A3+ B0+ A1+ D2\ @1/ C5+ A2+ F2\ A3+ F1/ D0\ G2\
8x8Trax_3607963 Traxplayer vs. Pegasus : @0+ @1/ A2+ A3\ C2\ C3+ B4+ A4+ @3+ A2+ C5/ A1+ C6/ A0/ D7\ B1+ E5\
8x8Trax_3607964 Pegasus vs. ypercube : @0+ @1+ B2/ B0/ A1+ @1\ A0/ B1+
8x8Trax_3607965 ypercube vs. Pegasus : @0+ @1\ @1\ @1/ C2\ A2+ C0+
8x8Trax_3607966 Kaisa vs. Traxplayer : @0/ @1/ A2+ C1+ D2/ C3+ C4/ C5/ E1\ E0/ F1/ A6/ @4+
8x8Trax_3607967 Traxplayer vs. Kaisa : @0+ A2/ A0\ @2/ @2/ A3/ @3/ D4+ @1+ B0\ D6+ A5+ D7/ B0+ @4+ @5+ B3+ @5+
8x8Trax_3607968 Kaisa vs. ypercube : @0/ @1/ A0/ @2+ B0/ A4/ B4+ @2+ C0+ A4/ @4/ B0+ A2\ @5+ A3+ @2/ D0\ C1+ A1\ @4\ F8\ A6/ H3\ D7+ B7/ B8/ A8/
8x8Trax_3607969 ypercube vs. Kaisa : @0+ B1+ A2/ A0/ C2\ D2\ A0/ D4+ C5+ C2+ @4/ @4+ B5+ C6+ @4/ H4\ F6\ E7\ H5+ F0/ G1/ H2/ C3\ A4\ B3+ H1/ H7+ C7+ C8/ B8/ H8+ G8/ D1\ C1\ RESIGN
8x8Trax_3607970 Traxplayer vs. ypercube : @0/ @1/ A0/ @2+ B3+ D2/ E2/ C1+ @2\ B0+ B0/ C0\ B0/ D4+ F8\ RESIGN
8x8Trax_3607971 ypercube vs. Traxplayer : @0+ B1+ B2\ A0/ A0/ C3+ C5/ D4+ A0\ @3+ F5/ D3+ C1+ G5/ F6+ D7/ B7+ H6/ E8+ F4+ H5/ A4+ G8+ G3+ DRAW
8x8Trax_3607972 Authority vs. SIRI : @0/ A2\ B2\ B1+ A3+ @3\ A1\ B0/ D1\ @2\ F2/ A1/ E0+ F5/ @3+ F6\ H6+ F7/ C6+ E7/ C7/ B7/ E8/
8x8Trax_3607973 SIRI vs. Authority : @0+ @1+ B2/ A0\ @1\ @1+ A0/ A4/ B5+ @3/
8x8Trax_3607974 Authority vs. dgb : @0/ A0/ @1/ B0+ B0/ C1/ D1+ C0+ @4+ C6\ D6\ F2\ F4+ F6\ @4+ G7/
8x8Trax_3607975 dgb vs. Authority : @0/ @1/ @1/ C2\ D2\ C0/ B0+ @3\ @3\ D5+ E6/ D0/ B5+ E8/ G5/ G4+ @4+ C3+ H3/
8x8Trax_3607976 Authority vs. Big Giant Head : @0/ A0/ @2+ B3\ C3\ B4\ A0+ @2+ B4+ C6+ A4/ D6\ D7\ E7\ A7/ D8+ @6/
8x8Trax_3607977 Big Giant Head vs. Authority : @0/ @1/ C1/ B0+ D2\ A3+ @3/ @3/ C0\ B3+ F4+ F5\ F6+ G4+ C5+ A6/ A7+ @5/
8x8Trax_3607978 Authority vs. davidmilne : @0/ @1/ A2/ A3+ A4/ A5/ C2+ D3/ C4/ RESIGN
8x8Trax_3607979 davidmilne vs. Authority : @0/ @1/ A2+ A0+ @2/ D1\ B0\ A0/ @2+ B0/ D1+ @1\ RESIGN
8x8Trax_3607984 SIRI vs. davidmilne : @0/ @1/ B0\ A1+ @1/ B3+ D3\ C4/ A2+ E2\ B5\ E1/ F2\ D0\
8x8Trax_3607985 davidmilne vs. SIRI : @0/ B1\ B2\ C2/ C1+ C0\ B1\ B0\ B0+ A1+ @2+ E2\ E4+ E0/ F3\ @3\ B1/
8x8Trax_3607988 dgb vs. davidmilne : @0+ A0/ @1/ A3\ B0\ C2/ B5/ C4+ D3+ E4/ D5+ D6\ C7+ C0/ D1/ E1/ F3+ F7+ G6+ G7\ G8+ H6+ A8+ DRAW
8x8Trax_3607989 davidmilne vs. dgb : @0/ A0/ @2+ B0+ B4/ B5/ @2/ D1/ C6/ D4+ E1/ A6+ @5/ E0/ RESIGN
8x8Trax_3607990 Big Giant Head vs. davidmilne : @0/ @1/ B2+ B0\ @3\ B1+ @3/ C4+ B0/ C0\ A4+ D1/ @4\ E0\
8x8Trax_3607991 davidmilne vs. Big Giant Head : @0/ B1\ A2/ @1/ A0+ B0/ C1/ D1/ C0+ C0/ E4+ F4/ E6\ E1+ F5\
8x8Trax_3612021 supermac vs. JiffyJeff : @0/ @1/ A2+ B3/ C1+ C0/ B1+ D2\ E4+ C5/ E2+ D0\ C0/ F2+ A1\ RESIGN
8x8Trax_3612492 Dolly25 vs. Sir Pussycat : @0+ B1+ B2+ B0/ C1\ B4/ A3+ C3+ C4+ A1\ B0+ @4+ A5+ E4+ A3+ F4+ E5+ D6\ A6+ @6\
8x8Trax_3615099 * vs. Shariann :
8x8Trax_3615391 Lady Butterfly vs. jazzbeth : @0/ @1/ B0\ B3+ B0\ C3/ B5+ D4\ C5+ D1/ E3\ C0/
8x8Trax_3616521 PK vs. Goonerg : @0/ B1\ A2/ @1/ @1/ B2/ D2\ B3+ E1/ C0/ C0/ E2+ F4\ E5/ B6\ A5\ @1\ C0+ G3/ H3/ E1+ E0/ F8+ G8/ A2+ H7/ B8+ A1+ A8+ H8+
8x8Trax_3616568 Rogue Trooper vs. ypercube : @0+ @1+ A0/ B3\ @2/ @2/ B1+ A3+ D4\ E2+ @3\ A0\ @1\ F1/ G1/ G0/ @2/ B3+ D1+ G0\ F1\ C1/ E2+ A5/ A6/ E0/
8x8Trax_3620980 Kaisa vs. davidmilne : @0/ A0/ B2/ B3/ C2/ B1+ B4\ A4\ B0/ B0/ @3+ @5\ D7+ B6+ F1+ G2/ G0/ @6\ D3+ RESIGN
8x8Trax_3620981 davidmilne vs. Kaisa : @0/ @1/ B2/ C1/ B0+ @2/ A3/ C0/ C0/ C0/ E4\ D7+ B2+ F4\ RESIGN
8x8Trax_3620982 Kaisa vs. Traxplayer : @0/ @1/ A0/ @1/ B0/ B0+ B5/ D4+ B6\ C3/ C1+ E4\ E6+ D7+ F6/ A6+ F4/ F3/ F2+ G4+ @6/ E8/ A5/ A3+ G7\ H7\ DRAW
8x8Trax_3620983 Traxplayer vs. Kaisa : @0/ @1/ A0/ @1/ A0/ B4\ D3/ @2/ B4\ C5\ @1+ B0\ @3\ H4+ F6\ D0/ E2\ C0\ B1\ C7+ E2+ F2/ RESIGN
8x8Trax_3620984 Kaisa vs. ypercube : @0/ @1/ A0/ @1/ B0/ @2/ C4/ B4/ B5/ @1\ D0+ A4+ A5+ F5+ F7+ @5/ F2/ A2\ @2+ C1+ E8/ D8/ DRAW
8x8Trax_3620985 ypercube vs. Kaisa : @0/ @1/ B2/ C2/ C1+ B3\ D2/ C0/ B1+ E2/ F2/ E3+ G3+ F1/ C0/ H4/ E5/ G1+ RESIGN
8x8Trax_3620986 davidmilne vs. Traxplayer : @0/ @1/ A2+ C1+ D2/ D3+ @2\ A0+ @1+ A0\ C1+ G3\ RESIGN
8x8Trax_3620987 Traxplayer vs. davidmilne : @0/ A0/ @1/ B0+ C2+ D3/ B4+ A3+ @3/ A4/ E5\ RESIGN
8x8Trax_3620988 davidmilne vs. ypercube : @0/ @1/ B2/ A2+ @2\ D1/ D0/ B4/ B5/ B6/ D4+ E3\ C0+ @1+ RESIGN
8x8Trax_3620989 ypercube vs. davidmilne : @0/ A0/ B2/ @2\ B0/ A2+ B0/ C1/ @4\ B5\ E4+ A2+ D0/ F2/ @1\ C0+ A6\ @5/ B8+ RESIGN
8x8Trax_3620990 Traxplayer vs. ypercube : @0+ @1+ C1/ @1\ C2/ B0+ D1/ B0\ E2\ F2\ E1+ @2/ D5/ E4+ F3+ B4+ D6/ RESIGN
8x8Trax_3620991 ypercube vs. Traxplayer : @0/ A0/ B2/ A3/ C2+ A4/ D3+ @4/ @2+ @3+ C5/ H3/ E6+ G7+ H4+ G8/ E1/ G1\ B6+ A1/ D7+
8x8Trax_3620992 GringoNZ vs. dgb : @0/ @1/ A0/ @2+ C3/ B0\ C2/ B0+ D2\ C0+ E2/ F3+ C0\ G3\ A7+ G2/ G1+ H2\
8x8Trax_3620993 dgb vs. GringoNZ : @0/ @1/ B2/ A0/ @2\ B0/ A1+ D4/ C1/ B0\ B0\ A1\ @1\ A4+ @3+ @4\ C6+ B5/ G1/ F7/ G5+
8x8Trax_3620994 GringoNZ vs. B Line electric streetcar : @0/ @1/ B0+ @2+ C3/ D1+ B0/ B4+ B5/ A5/ @1\ C0+ A6+ B7/
8x8Trax_3620995 B Line electric streetcar vs. GringoNZ : @0/ @1/ C1+ D1\ C2\ B0\ B4/ @2\ B1+ B0\ A2\ @2\ RESIGN
8x8Trax_3620996 dgb vs. B Line electric streetcar : @0/ @1/ A0/ @1/ B0/ @1/ C4/ E4+ D5\ F4/ F5/ G3\ G2/ RESIGN
8x8Trax_3620997 B Line electric streetcar vs. dgb : @0/ @1/ C1+ C2+ D2\ D3\ B3+ E2+ E1/ E0+ F3+ A1\ B0/
8x8Trax_3621070 Judy vs. Charlo : @0/ A0/ @2+ A3+ @2+ C0+ D2+ C0+ @4+ D0+ C7\ D7\ D8\ E8\
8x8Trax_3622303 ypercube vs. Traxplayer : @0/ @1/ C1/ D1/ D2/ E2/ C0+ A3/ A0\ @3+ D5+ G4+ G6+ F7+ D6+ D8\ H5/ F2+ C7/ F1+ G1+ H7\ H8\ A7+
8x8Trax_3622464 Dragon101 vs. supermac : @0/ A2\ B1/ B0/ @3\ C3+ D3\ D4\ E3\ A4/ D5\ @4\
8x8Trax_3624043 Jenny Poo vs. * : @0/
8x8Trax_3626276 dgb vs. Rogue Trooper : @0/ A2/ B1\ @2/ @2+ C0+ C4\ D4\ E2/ E1/ D5\ E5\ F1/ F0/ F6+ F7/
8x8Trax_3626277 Rogue Trooper vs. dgb : @0+ B1+ A2\ B0/ @2\ @2\ D4/ D5/ E3/ F1/ E0/
8x8Trax_3626278 dgb vs. GringoNZ : @0+ A0/ A0/ @1/ B0+ @1/ A0/ A0/ @3+ @2+ A0+ D2+ F3\ E8/ F2/ G4/ F5+ @3/ E8/ D6/ E1+ H2+ C5+ C7+ B7/ B8/ A8/
8x8Trax_3626279 GringoNZ vs. dgb : @0/ @1/ A0/ @1/ C3/ D2/ C4+ C5/ E3\ B4/ A4+ @4/ A1+ B0\ B0+ B7+ D2+ A4+ @6/ A3\ A2\ C8/ A4/
8x8Trax_3626280 Rogue Trooper vs. GringoNZ : @0+ B1+ A0/ A3/ C2\ @2+ B0/ D4\ B5/ D2+ @3/ A2+ E5\ E6\ F5+
8x8Trax_3626281 GringoNZ vs. Rogue Trooper : @0/ A0/ @1/ B0/ @1/ B0+ C5+ B5/ @2/ B3/ E5\ C6/ D7/ F5\ F8+ G8\ H7+ A4+ B7+ G4+ H5/ G1+ H1/ DRAW
8x8Trax_3626724 Goonerg vs. Traxplayer : @0/ @1/ B0/ @1/ D2+ B3/ A3/ D4+ E2/ F1\ E3+ G3/ F4+ E5+ A5+ F0/ G1/ F0+ D0+ C3+ G1/ @7\
8x8Trax_3627030 Carroll vs. ypercube : @0+ @1+ @1/ D1\ A2/ A3\ A4\ @3\ @3\ A5+ @4/ E5\ E6\ G2+ F3+ F5\ G5\ A2+ C6+ E7\ E0/ H6+ G7+ C1+ C8\ G8/ B7/ A7/ H2/ DRAW
8x8Trax_3629820 Dawn vs. Traxplayer : @0/ @1/ A2+ C1+ B3/ B0\ D2/ B5+ @3\ @3\ C5+ G2/ A1+ F1+ C0\ E7\ F6+ @2\ C5+ B1+ D7/ D8/ B8+ A4+ G7\ H7\ DRAW
8x8Trax_3629821 Traxplayer vs. Dawn : @0/ A0/ @2+ B0+ C2+ A4+ @3+ A1\ B0/ A5/ @2+ B6/ A1/ C0/ @4+ @5\ F7\ E0\ H5\
8x8Trax_3629822 Dawn vs. ypercube : @0/ A0/ B1+ A3/ B4+ C1\ B5/ B6/ B7/ C7+ D3+ E2\ F2\ B0\ @1+ @1/ F7+ G6+ G7+ G2+ E1+ G1+ H7+ G8+
8x8Trax_3629823 ypercube vs. Dawn : @0/ A0/ B2/ B1+ @2+ B3/ A0\ @2/ C0\ A5+ D6/ @5+ B6\ @4/ @5\ D7+ H6\ H7\ C7+ F0/ G1/ A4+ B3+ F7+
8x8Trax_3629826 Pegasus vs. Traxplayer : @0+ A0+ B1\ @2\
8x8Trax_3629827 Traxplayer vs. Pegasus : @0+ @1\ C1\ C2/ B0+ B3+ D2/ D1/ E1/ A3+ D0+
8x8Trax_3629828 Pegasus vs. ypercube : @0+ B1+ B0\ B3\ B4\ C2+ A4/ C5/ A5+ @5/ A4\ B6+
8x8Trax_3629829 ypercube vs. Pegasus : @0/ B1\ A2/ B2+ C2\ B3/ @1\
8x8Trax_3629830 serenityinwv vs. Traxplayer : @0/ @1/ A2/ B3+ B4\ C2+
8x8Trax_3629831 Traxplayer vs. serenityinwv : @0+ B1\ @1\ C2/ B0+ B3+ D2/ D1/ E1/ E0/ E4\ C5/ F3\
8x8Trax_3629832 serenityinwv vs. ypercube : @0/ A0/ A0/ A4/ B4\ A5/ A6/ @3+ D2/ @1\ B0/ D1\ F5\ D6\ D7\ B0+ A1\ E2/ E1/ G5+
8x8Trax_3629833 ypercube vs. serenityinwv : @0/ B1\ A2/ A0/ C2+ @2+ D3\ D4\ A0\ @1\ E1/ E0/ F2\
8x8Trax_3629834 Traxplayer vs. ypercube : @0+ @1+ C1/ @1\ B2\ B0+ D1/ C0/ E2\ B0\ A1\ @3/ D6/ E5+ E7+ F7\ E8/ @4/ A5/ H7+ D8/ A6/ A1+ G5+ C8+ C5+
8x8Trax_3629835 ypercube vs. Traxplayer : @0/ @1/ B2/ C2/ B3+ D3/ C1/ B4/ C4+ E4+ A4/ D5/ B6+ F4\ G5/ H4\ E6\ E7+ B7+ D2+ E2/ F1\ F6+ C8/ E8+ DRAW
8x8Trax_3629836 Charlo vs. dgb : @0+ B1+ B2/ B0/ C1/ D1+ B0+ A1\ @2+ E4\ F3/ D5/
8x8Trax_3629837 dgb vs. Charlo : @0+ @1+ C1\ C2\ B3\ D2+ B0/ C4+ C5\ D5\ E1/ C0\ E6+ F5+ E7/
8x8Trax_3629838 Charlo vs. Kaisa : @0+ A2\ @1\ @1\ B2+ C3\ C4\ @1+ E2+ B0/ F5+ C1+ G4\ F6/ C6/ B4+ @4+ A5/ A6+ E7+ G2+ G1/ G0/ H3+
8x8Trax_3629839 Kaisa vs. Charlo : @0/ A0/ B2/ B3\ C3/
8x8Trax_3629840 Charlo vs. pplsim : @0/ @1/ B0/ B0+ C3+ A4/ D3/ @1\ A0\ @4+ D6/ C6/ F6\ D1/ G5/
8x8Trax_3629841 pplsim vs. Charlo : @0/ A0+ A0\ @3/ @3+ C4+ A0\ @3/ @2+ A1\ A0+ @1\ E0+ F1/ G3+ G6/ H6/ D0+
8x8Trax_3631600 ypercube vs. Thoddy : @0+ @1+ C1+ D1+ D2\ @1+ E3\ @1+ E3/ D0\ F5/
8x8Trax_3634105 jazzbeth vs. Kriistina Jean : @0/ B1\ B2\ C2\ D1\ B3+ A2/ @2/ A3/ C4\ C5\ C6+ @6+ C7\ A1+ B8+ @3/
8x8Trax_3634736 GringoNZ vs. Kaisa : @0/ @1/ B2/ C2/ B3+ D2/ A3/ B0\ D2/ E1+ F1\ F2\ D0/ C0+ C0\ A3/ @4+ B8/ A3+ A7/ H4/ H3/ F6+ F2/ F1/ DRAW
8x8Trax_3634737 Kaisa vs. GringoNZ : @0/ @1/ B0+ A3\ C1\ B0/ B0/ A1/ B0+ D4/ @5+ A2+ C0+ A1\ @1\ C0+ E1/ F1/ A5+ @2\ G4\ @4/ A5/ H2+ D8/ F8\ A1\ G8+ H8\ C8+ B7\
8x8Trax_3634738 GringoNZ vs. Traxplayer : @0/ @1/ B0+ A0/ C2/ D1\ A4/ @1+ A0\ @4/ E4+ G3+ C0/ D2+ F1/ G1+ B0\ A1\ C0/ RESIGN
8x8Trax_3634739 Traxplayer vs. GringoNZ : @0/ @1/ A0/ @1/ A0/ @2/ D4/ E3/ @1+ B0\ @3\ B1\ E1\ B4/ F1/ F0/ G2/ G7\ H5+ H2+ H1+ B1+ F0/ C6+ H5/ D1/ D7/ F5+
8x8Trax_3634740 GringoNZ vs. ypercube : @0/ @1/ B0+ B0/ A4/ @3+ B1+ D2+ B5/ @4+ C6+ A2+ D7/ E7+ B0+ A7+ @7/ @7/ B8+
8x8Trax_3634741 ypercube vs. GringoNZ : @0+ A2\ A3+ A0\ B3\ C3+ @3+ A1\ A0\ @4+ @3+ @3+ E0/ H5+
8x8Trax_3634742 Kaisa vs. Traxplayer : @0/ @1/ A0/ @1/ B3/ B0\ @2/ B3+ E3\ C5+ C6+ @3\ B4+ G3\ E2/ A1\ RESIGN
8x8Trax_3634743 Traxplayer vs. Kaisa : @0/ @1/ A0/ @1/ A0/ @2/ C4+ D5/ E3+ D2+ D1/ RESIGN
8x8Trax_3634744 Kaisa vs. ypercube : @0/ B1/ A2\ @2\ @1/ A0/ @2/ B0+ E4\ F4\ G4\ D2+ E5\
8x8Trax_3634745 ypercube vs. Kaisa : @0+ @1+ C1+ D1+ D2\
8x8Trax_3634746 Traxplayer vs. ypercube : @0/ @1+ @1\ A0\ @1\ D0+ E1/ F1/ E0\ A1+ F0/ G1/ @5/ A6/ E6/ G5\ H3+ E1+ H0+ F0+ G8+ H8\ C2+ B2\ RESIGN
8x8Trax_3634747 ypercube vs. Traxplayer : @0+ B1+ B2\ A0/ @2\ D2+ C4\ E3+ F3/ G3/ F4+ D5/ A3/ H3/ D6\ B0+ G3/ G2+ C1+ H2\ D8/ C7+ E1+ E7\ F8/
8x8Trax_3634750 serenityinwv vs. Charlo : @0+ A2/ A0\ @1\ A0\ @4+ A5/ A6/ @5\ A1+ @4\ E6\ F6/ E7/
8x8Trax_3634751 Charlo vs. serenityinwv : @0+ B1\ B2\ C2\ C0+ C4/ D2+
8x8Trax_3634752 dgb vs. Charlo : @0+ A2/ A0\ @1\ A0\ @4+ A5/ A6/ @5\ A1+ @6/ C7/ F3\ A4+ @5/ E0+ A3\ @6/ B2/
8x8Trax_3634753 Charlo vs. dgb : @0+ B1+ B2/ B0/ B0/ C1/ A5\ C4+ D4\ B6/ @3/ F1/ D0/ F7\ G4+ F8/
8x8Trax_3637466 JiffyJeff vs. Rogue Trooper : @0/ A0+ @1/ A0+ B1+ A0/ C2/ A0/ @3/ A2+ B0/ E2+ B0\ C1+ F3\ C8\ D8\ G3\ D6\ E7/ H6+ H7\ F8\ G2+ G1+ H2+ B8/ A8+ H8+ H1+ A1\
8x8Trax_3638224 Sir Pussycat vs. Dolly25 : @0+ @1+ @1+ D1+ E1\ E2/ D2+ C2+ @1\ C2+ E3+ B2+ E4+ B0+
8x8Trax_3638951 * vs. itb4me2 :
8x8Trax_3640495 Dragon101 vs. YankeeFan : @0/ A0/ B2/ A3+ @2+ B4+ B0/ A5+ C2/ @5\ @4/ B1\ D0+ E1/ F5+ F6\ A7/ @7/ G7+ B8+ H7/
8x8Trax_3640758 PK vs. Traxplayer : @0+ B1+ C1\ @1/ B0/ C3+ A3/ D4/ C0\ @5\ A6+ C0/ F5/ G5+ E3+ @4\ C3+ H4+ B1\ A3\
8x8Trax_3640759 Traxplayer vs. PK : @0/ A2\ B2\ C2\ B3/ C4+ D2\ E4\ D5/ C1+ E2+ F2/ A0\ @2/ C0/ E2+ B0\ A3\ @5\ D8/ C8+ B6+ B7+ E1+ H8/ F1+ A2/ G1+ A8\ B1+ H1/
8x8Trax_3640760 PK vs. ypercube : @0/ @1/ B0/ @1+ C0/ C0+ D1/ A0\ @3+ E1/ E0+ D7\ E7\ F7\ E6+ F3+ F4\ G5/
8x8Trax_3640761 ypercube vs. PK : @0/ A2\ B1/ C1/ @2\ E1/ E2\ F1/ C0+ B4/ A0\ @1\ H3/ B0+ A4+ D1/ D0+ D8+
8x8Trax_3640762 dgb vs. Traxplayer : @0/ @1/ A0/ @1/ B0/ B4\ D3/ C2+ D4\ E2\ B5+ RESIGN
8x8Trax_3640763 Traxplayer vs. dgb : @0/ @1/ A0/ @2+ A0/ B4\ D3/ D4+ @2\ B0/ D6+ @3\ @3\ A2\ A4/ @2+ B5/ G7/ E0/ B7+ A7/ A8/ G4/ G3/ RESIGN
8x8Trax_3640764 dgb vs. ypercube : @0+ @1+ @1\ B0+ D2\ B3/ B4/ @3+ B5+ B0/ B0/ C0\ D1+ RESIGN
8x8Trax_3640765 ypercube vs. dgb : @0/ @1/ B2/ C1+ A0/ B4\ A4\ B5+ B6/ B7/ C6+ D6\ C4+ @6+ E4+ B8+ @5+ D1/ F2+ G2/ RESIGN
8x8Trax_3640766 Traxplayer vs. ypercube : @0/ @1/ @1/ D1/ C2\ B3+ C4/ D3+ @1/ RESIGN
8x8Trax_3640767 ypercube vs. Traxplayer : @0/ @1/ B2/ C2/ B0/ A0/ B5/ D5/ C3+ A5/ A6/ @3+ @1\ C0+ A7+ @2+ C8\ A1/ E1/ G3/ F1+
8x8Trax_3641810 drgnrdr vs. siavash : @0/ B1/ B2\ B0/ C3/
8x8Trax_3643360 drgnrdr vs. Lindap957 : @0/ B1+ @1\ @1/ B0/
8x8Trax_3643392 Uncle Chuckie vs. YankeeFan : @0/ A0/ B1/ C2+ C3\ D1\ E3\ E4\ C4+ @4/ A5+ A1\ @5\ B0/
8x8Trax_3644949 mexicanfury vs. drgnrdr : @0/ @1/ A2+ C1/ A0+ A0/ @4/ E4\ D5/ E1/ E5\ E0\
8x8Trax_3646757 Thoddy vs. Fallen Angel : @0+ @1\ B2+ A0/ A3/ @3/ B0\ A1\ @1\ E3/ D2/ E2+ B5+ C0/ C0+ B8/ A8/ B4+ C8+ @4/ B5+ A7/ F8\ F3+ G6+
8x8Trax_3648933 PK vs. Goonerg : @0/ B1/ A0\ @1\ C0/ D2\ C4+ A4\ @4\ F3/ A5/ @5/ C6+ C7/ H3/ F5+ D7+ F1+ F6+ E0/
8x8Trax_3649845 Dawn vs. drgnrdr : @0/ A0/ B1+ A3+ @2/ D3\ C4+ D1/ E3+ E4\ E5+ B0/ F3/ F2/ F4+ F1/ C0\ G3+
8x8Trax_3650617 grade1teacher vs. Traxplayer : @0/ @1/ B0\ @2\ A1\ @1\ C0/ D4\ E3/ A4/ C5\ @3/
8x8Trax_3650634 csain1 vs. YankeeFan : @0/ A0/ A0/ @2+ B4/ C2+ @1/ A3+ E3+ B0+ E2/ E1/ E0/ F4\ @4\ E7+ A1\ G7\ @1/
8x8Trax_3650635 golfnutrof vs. jazzbeth : @0+ A0/ B1/ A0+ @1\ C4/ D4+ E4/ B0/ E6/ B0+ F7\ B0+ G7+ D3/ C1+ F5+ E3+ G5\ H6+ F3/ D2/ G4/ H4+ H3/ DRAW
8x8Trax_3651012 Authority vs. jaha : @0/ A0/ B2/ B3/ B1+ @2\ C0/ C0/ B2+ B0+ A1\ D1\ D5+ A0\ @1\ E1/ A0+ F2\
8x8Trax_3652541 Azalea vs. Goonerg : @0/ @1/ C1+ C2+ D1/ D0/ B1+ @2/ C0+ F3+ F4\ F5+ G3+ B5+ E6+ A1\ @3/ B0\ E1+ D0+ A2\
8x8Trax_3652632 critterhug MIA vs. * :
8x8Trax_3664912 Miss Traven vs. Christine : @0/ A2\ B1/ B2+ B3\ C3\ C4\ B0/ D5/ D4/ E4/ D3+
8x8Trax_3665553 grade1teacher vs. Goonerg : @0/ B1\ B2\ C2\ A2/ C3+ D1\ A0/ E1+ B0+ C0+ C0/ F2/ @4\ A3\ C1/ B1+ C8/ B8/ E7+ @6/ A7/ G6+ H4+ H6+
8x8Trax_3665666 Authority vs. Azalea : @0/ B1+ C1/ B2+ B3+ B4+ B0+ A5+ B6+ C0\ D1+ E1/ B8+
8x8Trax_3665748 ken vs. * : @0+
8x8Trax_3665753 birddog8560 vs. YankeeFan :
8x8Trax_3665793 *Leo The Lion vs. Dragon101 : @0/ A0/ @2+ B0/ @3+ D1+ B4/ C4+ @3+ D0/ B1\ A0/ @4/
8x8Trax_3666693 mexicanfury vs. GringoNZ : @0/ @1/
8x8Trax_3666694 GringoNZ vs. mexicanfury : @0/ A0/ @2+
8x8Trax_3666695 mexicanfury vs. Goonerg : @0/ B1\
8x8Trax_3666696 Goonerg vs. mexicanfury : @0+ A2\ B1+
8x8Trax_3666699 GringoNZ vs. Goonerg : @0/ @1/ B2/ B3/ @1/ C0+ D4+ B3+ @1+ A0\ A0+ @3+ E7/ C6+ E8+ F3+ E2+
8x8Trax_3666700 Goonerg vs. GringoNZ : @0+ B1\ A0/ C2/ C3/ B0/ C1/ C0/ A1\ D2+
8x8Trax_3666701 GringoNZ vs. Buz : @0+ B1+ C1/ C0/ B0/ D2+ C4/ D1/ E1/ C0+ C0/
8x8Trax_3666702 Buz vs. GringoNZ : @0+ B1+ C1+ D1\ C2/ C0/ E3\ D4+ E2+ D5/ B4+ E4+ A5/ A6/ F4/ E0+ D0\ C1\ B1\ G4/ G3/ H5\
8x8Trax_3666703 Goonerg vs. Buz : @0+ B1+ A0/ A3/ @3/ C3\ C4\ D1/ B0/ A2+ D5+ E2/ B0/ D1/ B0/ E3+ @1+ D0\ A6+ @6\ A1/ @2\ A3+ G2/ A5/ A7+
8x8Trax_3666704 Buz vs. Goonerg : @0+ @1/ A0\ @2/ A1+ C3+ D3\ C4/ E3/ E2/ F2/ F1/ B0\ C6/ F5\ G3+ E6+ F7/ F0/ G1/ G7/
8x8Trax_3666705 dgb vs. Dragon101 : @0/ A0/ A3/ A4/ @3+ C4+ D2\ B0/ C6\ D6\ E1+ B0/ E7+ F5\ E8/
8x8Trax_3666706 Dragon101 vs. dgb : @0/ @1/ A0/ @2+ B0/ B4\ B5\ C2+ D3/ E2\ D1+ F1+ C4+ A0+ @3/ F1+ G5\ E1+
8x8Trax_3666707 dgb vs. ypercube : @0+ A0+ A3+ @1\ C1\ D1\ B0+ D4\ E3/ @1/ @2\ H2\ D0+ E6+ G6+ D0\ D0\ C2+ E2/ E4+ A6+ B2+ A2\ F2+ E1+ G2/ DRAW
8x8Trax_3666708 ypercube vs. dgb : @0/ @1/ A2+ C1+ A0/ B4\ D3/ @1+ E1/ F2\ E0/ F1/ G4/ D1+ RESIGN
8x8Trax_3666711 Dragon101 vs. ypercube : @0/ @1/ A0/ B1+ A3+ C2/ @1+ @2\ A0/ @3\ A4+ D0/ E1/ A1\ D0+ @3\
8x8Trax_3666712 ypercube vs. Dragon101 : @0/ A0/ B2/ C2/ C1/ C0+ A0\ @3+ @4\ C5/ @5\ E0+ F2/ G6+ G7\ G2/ RESIGN
8x8Trax_3666713 Dragon101 vs. golfnutrof : @0/ @1/ A0/ @1/ A0+ @1\ D1\ C0+ E3/ F2\ G3/ A1+ @3/ C4/ C5/ D6+ E7/ E0\ B1\ A5+
8x8Trax_3666714 golfnutrof vs. Dragon101 : @0+ A2/ B1/ B0/ A4/ B3+ B0+ @2/ D2+ @3+ C6/ C7/ E6+ F5\ G6/ F7+ G4/ H6/ G3/ E1/ F8\ DRAW
8x8Trax_3666715 ypercube vs. golfnutrof : @0/ @1+ @1\ A0\ @1\ A0\ C4\ E3/ D0+ @4+ B5/ B6/ A6/ @6/ A7/ @7+ F0/ B3+ B2\ A2\ A1\
8x8Trax_3666716 golfnutrof vs. ypercube : @0+ @1+ A0/ B3\ @1/ @1/ B3+ E3/ B0+ @2/ A5\ @1\ A0\ A5+ @4/ B7/ A7+ A2+ B8+ H6/ G7+ E1\ F1/ G1/ H3+ G8/ H7+ DRAW
8x8Trax_3667248 Goonerg vs. TBD : @0+ B1\ A0/ A0\ @2/ C1+ C4+ A4/ @3/
8x8Trax_3667330 Charlo vs. Azalea : @0+ A0/ B1/ C1+ B0/ C4\ D4\ D2+ B5+ A5/ @5+ C6+ A1\ A0/
8x8Trax_3667341 critterhug MIA vs. Adam :
8x8Trax_3667344 golfnutrof vs. Traxplayer : @0+ A0+ A0+ @1/ C1/ @2\ C0+ E1\ C0+ E1/ F2\ D0+ B2+ G3\ E5+ H5+ E6\ F7/ F1+ D7/ D8/ F8/ B7+ A7+ B1+
8x8Trax_3667387 Carroll vs. brew : @0+ @1+ @1/ A2/ B3/ D1+ A3+ @2+ D3\ D4\ D0/
8x8Trax_3667485 ypercube vs. Thoddy : @0/ B1\ B2\ C2+ D2/ C0+ B4/ A4/ A5/ @4/ D5\ F4+ D6/
8x8Trax_3668933 PK vs. drgnrdr : @0/ A0/ A0/ @3+ B0/ C3+ C5\ D4/ B0/ D1\ B0/ A7+ A8/ D7\ E6/ D4+ @5+ @4/ G8/ H7\ H4+ G2+ A6+ B7/ H2+ A8/ H1+
8x8Trax_3669070 Linda Sue vs. birddog8560 : @0+
8x8Trax_3669135 ypercube vs. dgb : @0/ @1/ B2/ C1+ B0+ D2\ D4+ E2\ B5\ F3+ E5+ E1+ A5/ A6/ G5\ G6\ @4+ E5/ F6+ F0/ G2/ B8/ C8+ G8/ H2+ DRAW
8x8Trax_3669914 marlisam vs. Traxplayer : @0/ @1/ B0\ @2\ B1+ B0\ A1\ A0\ @4/ @3+
8x8Trax_3670429 Goonerg vs. Rizzo : @0/
8x8Trax_3670637 Charlo vs. jazzbeth : @0+ B1/ B0/ C2/ B0+ A0/ @2+ C5/ A5\ @2/ E6\ F5+ B6/ A5\ D7/
8x8Trax_3671825 grade1teacher vs. YankeeFan : @0/ A0/ B1/ C1/ D2+ D3\ D4+ E3+ F3\ F4\ F5\ F6+ G4+ @4/ D5+ A1\ A0\ F8+ D1/ G8\ G3/ F1+
8x8Trax_3671827 Authority vs. csain1 : @0/ @1/ A2+ A0\ @2/ @3\ C0\ E3/ D5+ A5/ @3/ A2+ A1\ @4\ D6+ B6/ D1+
8x8Trax_3671979 Dragon101 vs. Red Arrow : @0/
8x8Trax_3673128 DINGEROO vs. jazzbeth : @0/ @1/ A2+ C2/ B3/ A0+ D4\ B5+ E3/ C2/ F4\ E5/ C6/ A0/ @3+ A5/ @4/ C6/
8x8Trax_3673360 Charlo vs. GringoNZ : @0+ A0/ A3\ B3\ B4\ C2/ D2+ D1/ B0\ E4+ @1\ A0\ A6/ A7\
8x8Trax_3675744 dgb vs. Goonerg : @0+ @1+ @1\ B2/ B3/ @2+ C0/ C0/ E1/ E0/ F3\ F4\ F5+ C7/
8x8Trax_3675745 Goonerg vs. dgb : @0/ A0/ B1+ A3+ @3\ D2\ C4/ C5/ A4+ B0+ D4+ @4\ @4+ D7+ D0+
8x8Trax_3675746 dgb vs. Traxplayer : @0/ @1/ C1/ B2\ @2\ B3+ @3\ E0+ A1+ D0+ @4+ B6+ A5/ C7/ @4+ RESIGN
8x8Trax_3675747 Traxplayer vs. dgb : @0/ @1/ A0/ @2+ C3/ B0\ @2/ E3+ C0+ B1+ D3+ @3\ @3\ B4+ @4\ B2\ B1+ A1\ B5+ B6/ E0/ B1+ RESIGN
8x8Trax_3675748 Kaisa vs. Goonerg : @0/ @1/ A0/ C2\ A3+ C1+ C0/ D1/ E1+ C0+ E5\ F5/
8x8Trax_3675749 Goonerg vs. Kaisa : @0/ A0/ @2/ B0+ @3+ D1/ D2+ B0/ @2+ B0\ D1+ F3/ G3/ D6+ D0+ G1+ H1/ E0+
8x8Trax_3675750 Kaisa vs. Traxplayer : @0/ @1/ A0/ @1/ B0/ A0/ B5/ C2/ @3\ B4/ D1/ B0/ D1/ E6+ D7\ D8\ E8\ F5\ G6/ H4+ A3+ H7+ DRAW
8x8Trax_3675751 Traxplayer vs. Kaisa : @0/ A0/ @1/ B0/ C1/ A3+ D1+ @3/ C0+ B5+ F2\ E5+ C6+ D7/ @5\ H2/ H1/ D8/ C8/ B6+ A3+ A2+ F6+ DRAW
8x8Trax_3675752 Goonerg vs. Traxplayer : @0/ @1/ A2/ B3+ C1/ C0/ D1/ D0/ E1/ E0/ F1/ A0+ @3/ @3+ A4+ F0+ A6+ A8+
8x8Trax_3675753 Traxplayer vs. Goonerg : @0/ @1/ A0/ @2/ A0/ B4+ D3\ C5/ C6/ A5+ @4+ A1+ C7+ @4/ @3+ B1+ @2+ B0/ H5+ H3+ RESIGN
8x8Trax_3675754 GringoNZ vs. Authority : @0/ @1/ B2/ C2/ B3/ B0\ B0\ B0\ A3+ @4/ A2+ @3+ E3+ B5+ E0/ F1/ B1\ A1\ C0/
8x8Trax_3675755 Authority vs. GringoNZ : @0/ @1/ B0+ C1+ A3/ @3/ B4+ @1\ A0\ @2\ F3+ F1/ B5+ G2+ @3+ C6+ B6/ B7/ A7/ A8/
8x8Trax_3675756 GringoNZ vs. ypercube : @0/ @1/ B0+ @2+ A0/ @3+ C4/ C1+ C0/ D1/ E5\ RESIGN
8x8Trax_3675757 ypercube vs. GringoNZ : @0/ @1/ B2/ A2+ B0+ C3/ @1\ A0\ A0\ @2\ @4+ B5/ D1/ D0/ @3\ A2\ C7/ B7/ A6/ @6/ A7/ F0\ E1\ H5+ RESIGN
8x8Trax_3675758 Authority vs. ypercube : @0/ A0/ B1+ A3+ C2+ A4+ C4\ D4\ C1+ @3/ @3/ F1\ G1\ F0+ E6+ C1\ B3+ H2\ C7+ D8/ A2\ A1\ E7\ E1+ B7\ G7+ H7+ G8+
8x8Trax_3675759 ypercube vs. Authority : @0/ @1/ B2/ C2/ B3+ B4/ @1/ C0\ D2/ E2\ F2\ C0+ C7/ D7/ F2/ G3\ B5+ @3/ C8/ B6+ B2+ A1/ F1+ G4+ H5+ A7/ B8+ F6+ G6\ G7\ RESIGN
8x8Trax_3677860 supermac vs. csain1 : @0/ A0/ @2/ @1+ C0/ @2/ C4/ @3+ F4\ D5+ E0/ G1+ B2+ H3+ A2\ E0+ D0/ H8\ F1+ A8/ H2+ H1/
8x8Trax_3677955 Dragon101 vs. balmoral : @0/ B1\ B2\ A2+ A3/ @2\ B0/ @1+ C0/ A4+ C6/ @4/ E7\ F7\ A7+ C8+ @6+
8x8Trax_3677968 Traxplayer vs. Rogue Trooper : @0/ A2/ B1\ @2+ B3\ C3\ D2+ D1+ C0+ B1+ @2\ B0/ B0/ B0/ A4+ A0+ @4+ @4\ H6\ F2+ H4+ H2+ G1/ A5+ C7/ DRAW
8x8Trax_3677982 mexicanfury vs. * :
8x8Trax_3678085 dreamflight vs. Adam : @0/ B1\ A2/
8x8Trax_3678089 Authority vs. dgb : @0+ B1+ @1/ A2/ A3+ @2+ B0/ C5/ D5+ E3\ B0/ @2+ E1/ E0/ G4+ @4\ F0+ C2+ B6+ B7+ G8/ A2\ DRAW
8x8Trax_3679630 dgb vs. jaha : @0/ A0/ A0/ A0/ @3+ C4+ D2\ C0+ @5\ @5\ E6\ F6\ D7/ C6+ A7/ @7+ D1\ C1\ @7\ A6\ E0/ C4+ B4\ A3/ C2\ DRAW
8x8Trax_3679631 Authority vs. Charlo : @0/ @1/ B0+ C1+ C2+ D2\ A3+ @2+ F2/ E1+ B0/ B5\ G3/ @3+ G4+ E1/ E0/ C1+ H3+ A3+ G7+ E0+ A6/ B7+ B8/
8x8Trax_3681020 Linda Sue vs. MrGiggles : @0+ @1\ C1\ A0/ A0\ B2+ @2\
8x8Trax_3682876 Linda Sue vs. grade1teacher : @0+ @1/ B0\ @1\ A0\ D2/ B1+ C1/
8x8Trax_3682877 Goonerg vs. coopaah : @0/ @1/ A2/ C2+ A3/ A4+ @4/ E2/ F1\ E3+ G2/ F4+ A1+ @2+ C0+
8x8Trax_3682903 Uncle Chuckie vs. YankeeFan : @0/ A0/ B1/ C2+ C3\ C4+ D4\ @4/ E1/ B5/
8x8Trax_3683026 Dragon101 vs. JiffyJeff : @0/ @1/ A0/ B1/ B3+ C2\ A0\ @2/ E3\ RESIGN
8x8Trax_3684400 Chester vs. jazzbeth : @0/ @1/ B0/ @1/ B3/ D3/ A3+ @3/ A2+ C0/ E2+ E5\ F3+ B5+ F5\ G3\ G2+ C6\ H2/ G1+ A6/ A7+ E6\ H4\ G5+ F6+ D7+ D1/
8x8Trax_3684651 Sea Breeze vs. YankeeFan : @0+ A0/ B1+ @2\ B0\ B4/ @3+ E2\
8x8Trax_3684656 Traxplayer vs. Shariann : @0/ B1\ A2/ A0/ @2+ C0/ D2\ @2/ @3\ E0/ A5/ B6/ @4/
8x8Trax_3684678 Charlo vs. golfnutrof : @0+ A2/ @2/ @1/ @1/ A0+ @1\ A0\ A0\ @1\ A0\ @1\ @1+ F6+
8x8Trax_3688973 ginny weasley85 vs. Didier : @0/ A2+ A3\ B2+
8x8Trax_3689443 Dolly25 vs. Sir Pussycat : @0+ B1+ B2+ C1+ C0\ A1\ C3\ A3/ @1/ A2/ @2\ C4/ E5/ C0/
8x8Trax_3689737 Thoddy vs. ypercube : @0+ @1+ A0+ B1+ A0+ B4/ C4+ A0\ B2/ @1+ C0+ A6/ A7/ D4\ A4/
8x8Trax_3691522 Uncle Chuckie vs. Dragon101 : @0/ A0/ B2/ B1/ C2\ A3+ B0/ B0/ @1+ C0/ @2/ @3\ @5+ D6+ C1+ H2+ F0+ E8/
8x8Trax_3691622 * vs. balmoral :
8x8Trax_3691679 birddog8560 vs. Authority :
8x8Trax_3692194 Dawn vs. Didier : @0/ A0+ A0\ @1\ A0\ @3/ D3\ D2+ D0+ E4\ @4+ A5/ C6\ B1+ G6\ E7+ G3/ F2+ H4\
8x8Trax_3692838 ypercube vs. Thoddy : @0/ B1+ B0/ C2\ C3\ D3\ C4\ E1/ E0\
8x8Trax_3692890 ypercube vs. riaZZZ : @0+ @1+ C1+ D1\ D0/ E2+ F2/ F1/ F0+ G1/ C1\ G3\ D0\
8x8Trax_3696090 jaha vs. golfnutrof : @0/ @1/ A0/ @1/ A0/ @2/ A3/ D4\ E4\ A5/ @5/ A6+ A1+ A0\ @5+
8x8Trax_3697628 Traxplayer vs. GringoNZ : @0/ @1/ A0/ B1+ @2\ B0/ D2\ A2+ B0\ B0\ C2+ E4\ C6\ C0+ D4+ B0/ D3+ E8\ F8\ A2+ F5/ A3+
8x8Trax_3700287 Dragon101 vs. Charlo : @0/ A0+ B2/ A3/ @3/ B0/ D3/ @4+ D5+ A1\ C0/ @2/
8x8Trax_3700295 YankeeFan vs. golfnutrof : @0/ A0/ A3/ B3/ A4/ C4/ @3+ C1/ B5/ @5\ E1/ E6+ F4/ A6/ D7+ @5/
8x8Trax_3700333 Authority vs. jaha : @0/ A0/ @2+ C1\ B3/ @1/ B0+ B0/ B0/ B0/ E5\ F5\ D3\ D6+ E7+ F8/ G6\ @5/ B3+ F2+ H4/ H3/ H2/ DRAW
8x8Trax_3700701 Miss Traven vs. Christine : @0+ B1+ B2\ @1+ @1\ A0/ B1+ C1+ D1/ E1/ F2/ D0/ E1/ F2/ G2/ E0/ G2+ G1/ F0/ H3/ G1+ H1/ B3+ H4+ E1\ E0/
8x8Trax_3702342 GringoNZ vs. dgb : @0/ @1+ B0/ B0+ @1/ D2\ C4/ B0+ B0/ C1/ A5\ C7/ B8+ @4/ A6+ @6/ A7/ @8\
8x8Trax_3702343 dgb vs. GringoNZ : @0+ @1+ @1\ A0\ B0\ B0\ B0+ @5\ A6\ @6\ D0\ E3/ C3\ A8/ @8/ F7/ B6+ C3+ A4\ A3\ @8\ A5/ B6/
8x8Trax_3702344 GringoNZ vs. Traxplayer : @0/ @1/ A0/ @1/ B0/ @1/ D4/ E4/ C4/ B4/ C5+ D6+ A4\ D2+ C6/ A5+ C7/ F6\ F7\ C8/ G5/ @6+ A4+
8x8Trax_3702345 Traxplayer vs. GringoNZ : @0/ @1/ A0/ C2/ @2\ C3+ B0\ A2+ @2\ B1\ B0\ D1/ C0/
8x8Trax_3702346 GringoNZ vs. ypercube : @0/ @1/ A2/ C2/ @1/ A0/ D4/ @1\ A0\ F4+ @1\ B0+ C2/ A5+ @5+ A6+ C6\ C7\ E6+ E2/ E1/ E0+ F3+ H5\ G3+ RESIGN
8x8Trax_3702347 ypercube vs. GringoNZ : @0/ @1/ B0+ A3\ @1\ B0/ B5\ @2+ E3/ F3/ E1+ E4+ G3/ @2/ E5\ C4+ D0/ F7/ F8\ G6+ C2\ C1\ E8+
8x8Trax_3702348 dgb vs. Traxplayer : @0/ @1+ B2/ C2/ D2/ B3/ @2/ C4+ @2/ B1+ B0/ E6/ B4+ F2/ G1\ G7+ H7+ G8/ B5+ D7/ D8+ C8\ B6+ RESIGN
8x8Trax_3702349 Traxplayer vs. dgb : @0/ A2/ @1/ C1+ C3/ D3/ B0+ @2/ D5+ F4/ E6+ A3/ G4+ H6\ F7+ B0/ D7/ D8/ D1\ E1/ F1/ F2/ RESIGN
8x8Trax_3702350 dgb vs. ypercube : @0/ @1/ @1/ A0/ @2/ @1/ A0+ B0+ B0/ D6\ D7+ E7\ F6/ D4+ F4\ A6+ F3/ G2\ G5+ @3+ A2\ E8/ DRAW
8x8Trax_3702351 ypercube vs. dgb : @0/ @1/ B2/ B0\ @2/ D2+ C0\ A2+ A1\ @2/ @2/ A3/ B4\ @1+ A0\ C6\ RESIGN
8x8Trax_3702352 Traxplayer vs. ypercube : @0/ @1/ A0/ B1+ @2/ A0\ @3+ @3/ B4/ D0/ E1/ C0\ B2/ A2/ @3\ D0\ F0+ G1/ A8/ C2+ @8\
8x8Trax_3702353 ypercube vs. Traxplayer : @0/ @1/ C1/ D1/ D2/ B0\ B0+ A1\ @2/ F3+ @1\ RESIGN
8x8Trax_3702354 Izeul vs. Authority : @0/ A0/ @2/ @1+
8x8Trax_3702355 Authority vs. Izeul : @0/ B1\ A2/
8x8Trax_3702356 Izeul vs. Didier : @0+ A2\
8x8Trax_3702357 Didier vs. Izeul : @0+ A0+ B2\
8x8Trax_3702360 Authority vs. Didier : @0/ A0+ A0\ @1\ A0\
8x8Trax_3702361 Didier vs. Authority : @0+ B1+ B2/ B0/ A1+ @2+
8x8Trax_3702362 Authority vs. Kaisa : @0/ @1/ A2+ C1/ C0+ A0/ @4/ A5/ D5/ E3\ D6/ E6+ B7+ A3+ @5/ @4+ @4/ B7/ D8\ F1/ A7+ A8/
8x8Trax_3702363 Kaisa vs. Authority : @0/ A0/ B2/ B3/ @2/ D2+ C4\ E2\ D1/ F3/ D4\ D5\ E5\ B5/ B6/ B0/ @1+ A0\ @4/ A5+ G8+ H2/ DRAW
8x8Trax_3702364 Didier vs. Kaisa : @0+ A2\ A0/ B2\ B3+ C1+ C3+ C0\ B1\ @2+
8x8Trax_3702365 Kaisa vs. Didier : @0/ @1+ A0/ B1/ C1/ B0/ B0/ B5/ D3\
8x8Trax_3710749 gramat vs. Honeybear : @0/ B1\ B2\ C2+ A0\ @2/ B0\ E3/ E2/ A2\ @2+ @2/ A3/ @3/ A4/ D5+ D6+ B6+ G2+ C1\ C7\ F5\ F6\ F7\ D8+ C8/ B8/ H7\ G8+ G1+ H8+ A7+
8x8Trax_3710878 Uncle Chuckie vs. YankeeFan : @0/ A0/ B1/ C2+ A3/ A4+ D3/ @4\
8x8Trax_3710993 * vs. mexicanfury :
8x8Trax_3713302 Dolly25 vs. Sir Pussycat : @0+ B1+ A2\ B0/ C1+ C0/ C4\ C5/
8x8Trax_3715360 Dawn vs. Charlo : @0/ A0/ @2/ A0+ @3/ B0/ D3/ @4+ E5\ F3/ B1+ G4\ G5\ G1/ H5+ G0\
8x8Trax_3716257 Dawn vs. Sista : @0/ @1/ A2+ C1/ C0+ B4\ @3/ A4+ C5+ B5+ B6/ E2/ A1\ @1+ B0/
8x8Trax_3716258 POPMASTER vs. Sista : @0+ B1/ A2+ B2+ B3/ B0\ C2/ B0/ A2+ @3\
8x8Trax_3716562 Rogue Trooper vs. YankeeFan : @0+ A2\ B2/ A0\ @1\ @1+ B3+ A0/ B5+ @3+ E2+ C6\ B6/ C7/
8x8Trax_3716583 Charlo vs. golfnutrof : @0/ @1/ B0+ @1/ C3/ D2/ B0/ B4+ A3+ D5\ E3+ @2+ C0/ E2+ C0/ D8/ C8/ B7/ A7+ @4+ G3/ @4/ A5/ B6/ C8\ A7/ A8/ B1+ DRAW
8x8Trax_3718174 Dragon101 vs. Goonerg : @0/ @1/ A0/ @1/ @1/ A0/ @1/ C3+ E2+ C4/ D4+ F3+ D5+ D1/ A3\ F5/ G5\ F6/ A5/ @4/
8x8Trax_3719016 Sista vs. POPMASTER : @0/ A2\ B2\ B1+ C2/ C1+ B0/
8x8Trax_3720640 Sista vs. putterer : @0/ @1/ A2+ @1/ @2/ D0+ A4\
8x8Trax_3721102 ypercube vs. Thoddy : @0/ B1+ C1+ D1\ D2\ B2/ D3+ E2+ D0+ F3+ F1/ E0\ G3+ F1/ F0/ C3\ C1\ D0+ B3\
8x8Trax_3721506 * vs. critterhug MIA :
8x8Trax_3722290 Sista vs. putterer : @0/ B1/ A0+ @1/ B3\ A2+ @2\ B0\ D4\ E4+ F4/ E3/ F3+ B4+ E5/ C1/ C0/ B1+ A2+ F3+ @2\ H3\ B1+ D0\ B1/ C8+ E1+ B7+ F8\ G8\ H8\ DRAW
8x8Trax_3723008 Azalea vs. jazzbeth : @0/ @1/ C1+ A2/ @2+ C0/ @3+ C4+ C5/ D5+ A4+ @4/ A5/ B6/ A6+ F6/ C7+
8x8Trax_3723314 YankeeFan vs. GringoNZ : @0/ @1/ C1/ B0\ C3\ D2/ C0+ E1+ B5+ @5+ D6\ E6\ E7+ F6/ E4+ F4+
8x8Trax_3723695 Sista vs. POPMASTER : @0+ B1\ C1+ @1/ D2/ B3+ E1/ D0+
8x8Trax_3724388 ken vs. Linda Sue : @0/ B1+ C1+ C0/ B1+ A3\
8x8Trax_3724395 Traxplayer vs. grade1teacher : @0/ A2\ B2\ @1/ B3+ A0\ @1\ A3+ B0+ @3/ E2/ F2/ F1/ F0/ G3+
8x8Trax_3724800 Rogue Trooper vs. birddog8560 : @0+
8x8Trax_3724833 YankeeFan vs. Dragon101 : @0/ A0/ A3/ A4/ B3/ B2/ @2+ B0/ C1/ @5/ A6/ A1\ C0+ @4+
8x8Trax_3726227 Chad vs. dawn1968 : @0/ @1/ A0/ B3\ C2/ D2+ C3\ C4\ @1\ A0\ A5/ @5/ B6\
8x8Trax_3726307 jaha vs. dgb : @0/ @1/ A0/ @2+ B0/ B4\ B5\ C2+ C4+ B0+ @4\ @4\ C0\ C0\ F7+ G6\ A7+ G5/ F3+ H5\
8x8Trax_3728038 Sista vs. putterer : @0+ @1/ B0+ A3\ C2/ B3+ B0+ A2+ @2/ D4+ A3+ D1+ D0+ E2/ C6+ C1+ B1\ C0/ C8+ A6+ E1+ A7\ F2\
8x8Trax_3731464 davidmilne vs. ypercube : @0/ @1/ A2+ A3/ A4/ B3+ @2\ @3+ @2/ E5\ RESIGN
8x8Trax_3731465 ypercube vs. davidmilne : @0+ A2/ A0\ @1\ A0\ @3/ B5\ D5/ A5/ RESIGN
8x8Trax_3731466 davidmilne vs. GringoNZ : @0/ @1/ B0+ C1+ A3/ @3/ @2+ A0+ A0/ @2+ @2/ A4+ RESIGN
8x8Trax_3731467 GringoNZ vs. davidmilne : @0/ @1/ B2/ A2+ A3+ B3+ A4+ @2/ D1/ @2/ D0+ A5/ @5/ D6+ E6\ D7/ F6\ G3+ A8+ H2/ G1+ G6\ H5\ E8+
8x8Trax_3731468 davidmilne vs. Big Giant Head : @0/ B1\ A2/ @2+ @1/ @1/ D0+ C4\ C5\ A4/ @4/ F3+ A1\ B5+ A0/
8x8Trax_3731469 Big Giant Head vs. davidmilne : @0+ A0\ A3/ @1\ A0\ @1\ @2\ @2+ B1+ E0+ C0/ F3+
8x8Trax_3731470 davidmilne vs. Authority : @0/ @1/ B2/ A2+ @2\ D1/ A0+ D0\ E2\ D5+ @2+ B1/ G5+ H4\ E6/ E7/ F0/ G3+ H7\ C7\ B6/ A6/ H8\ G7/ A2+ DRAW
8x8Trax_3731471 Authority vs. davidmilne : @0/ A0/ @2+ @1/ D1/ A0+ B0+ E3/ D5+ F5+ G4+ E0/ F1/ F0/ G7\ E0+
8x8Trax_3731472 ypercube vs. GringoNZ : @0/ @1/ B2/ C2/ D2/ D3/ E2/ D4+ F4+ G3\ D5/ E1/ C0+ @2+ D6+ C0+ B6/ B7/ A5+
8x8Trax_3731473 GringoNZ vs. ypercube : @0/ B1/ A0/ C2/ @1/ A0/ @1/ F3/ E4\ C5\ B5\ C6+ D2+ E5\ G3\ G4+ A5\ A4+ E7\ F7\ G6\ @6+ D7/ C0/ D1+ H3+ F2/ F1/ B3/ A4\
8x8Trax_3731474 ypercube vs. Big Giant Head : @0+ B1/ A0/ B1+ A0+ A0\ @3/ C2/ A0/ @5\ E1/ D0+ E5\ C7+ F3\
8x8Trax_3731475 Big Giant Head vs. ypercube : @0/ @1/ A0/ @1/ @1+ D3\ E2/ @1\ C0/ C0+ D1/ A0\ @2/ E1/ C0\ F3+
8x8Trax_3731476 ypercube vs. Authority : @0/ @1/ B2/ C2/ D2/ E2/ C3+ E1/ F1/ F0/ G4+ D5+ H1\ F0+ A0+ E8/ H5+ C8+ RESIGN
8x8Trax_3731477 Authority vs. ypercube : @0/ @1/ A2+ C1/ @2/ A3/ A4+ @3+ D0+ B2+ @4/ A3+ @3\ H3\ H4+ A1+ E0+ H6/ F5+ B6+ C7+ C8\ G7+ B7+ DRAW
8x8Trax_3731478 GringoNZ vs. Big Giant Head : @0/ B1\ A2/ B2+ C2\ C3\ D3\
8x8Trax_3731479 Big Giant Head vs. GringoNZ : @0/ @1/ A0+ A0\ @3/ A0/ A5+ @5/ E5\ C6/
8x8Trax_3731480 GringoNZ vs. Authority : @0/ @1/ A0/ @1/ C3/ B3+ D2\ C1/ E1+ C4/ A2/ D0\ F2/ G1\ @2+ A0+ E6+ F1+ D0+ E1/ E0/ G1+ G6+ H1+ DRAW
8x8Trax_3731481 Authority vs. GringoNZ : @0/ @1/ A2+ C2/ @2/ B3/ C3+ E3/ C0/ B0/ D6/ F5+ F7+ E8\ G7+ A6\ D2/ E2+ A7+ E1/ G3/ G2+ H5+
8x8Trax_3731482 Big Giant Head vs. Authority : @0+ @1+ B2/ B0/ A1+ C2+ C3+ D2+ B4/ @2+ @2\ A1\ D0/ @2+ C5/ @2+
8x8Trax_3731483 Authority vs. Big Giant Head : @0/ A0/ B1+ @1\ B0/ @2+ D4+ E4\ A4/ B1\ B5\
8x8Trax_3731484 Goonerg vs. Charlo : @0/ @1/ B2/ @1\ C0+ D2/ E2/ D4+ D0+ F3+ G5\ E6/ D0/ F1+ A5/ @5/ D1+ B6+ C7/ C8/ B3\ B2\ A3+ H2/ H7+ F8+ B1+ A8+ A1\
8x8Trax_3731485 Charlo vs. Goonerg : @0+ A0/ A3\ B3\ C3+ C4\ @2/ B4+ C5/ C6/ C7/ D6+ E3/ E0/ F4/ G2+ G1/ F7\ G4+ H5/ G8\ A8/ H1/ A2\ A1\
8x8Trax_3731486 Goonerg vs. Traxplayer : @0/ @1/ B2/ C2/ D2/ C3\ D1+ E1\ C4\ D3\ D4+ E4\ F2/ D5+ D0/ G4+ F0+ G2/ H5/ G7\ E8\
8x8Trax_3731487 Traxplayer vs. Goonerg : @0/ @1/ A0/ A0/ A4/ @2+ @3\ D2+
8x8Trax_3731488 Goonerg vs. dgb : @0/ @1/ B2/ C1+ B0/ B4\ D2/ E1\ A0\ @1\ F1+ E0+ D0/ F6\ D7\
8x8Trax_3731489 dgb vs. Goonerg : @0/ @1/ B0/ A0+ @3/ @3+ C4+ @1\ A0\ B1+ C6/ B6/ @2+ G2\ @1\ C0\ B5/ A5/ D0/ E1/ G3+
8x8Trax_3731490 Charlo vs. Traxplayer : @0+ A0+ A3+ B1+ A0+ @1+ B0+ A1+ B0+ C1+ B0+ RESIGN
8x8Trax_3731491 Traxplayer vs. Charlo : @0+ A2/ B1+ A0/ @3/ @3+ C4+ D4\ E3+ A1\ RESIGN
8x8Trax_3731492 Charlo vs. dgb : @0/ B1+ C1/ C0/ C0/ A2+ B4+ D2+ E2/ F1\ G2/ B5/ A6\ D4\ E3+ F0+ H3/ G5+ F0/ E1+ DRAW
8x8Trax_3731493 dgb vs. Charlo : @0+ A2/ A0\ @1\ A0\ @4+ @2/ E2+ B5/ A5/ @1\ D0\ A6+ C7+ @4\
8x8Trax_3731494 Traxplayer vs. dgb : @0/ @1/ A0/ A3\ @2\ B0/ B5\ A4+ A6+ C2+ D2\ E2\ @5+ A3\ D4+ F1/ RESIGN
8x8Trax_3731495 dgb vs. Traxplayer : @0/ A0/ A3/ B1/ @2+ D1/ A0+ B0+ C0+ @3\ A2\ @4/ B5+ G6+ D7+ H4/ RESIGN
8x8Trax_3733220 Jay RAA vs. Goonerg : @0/ @1/ A2\ B2\ C2\ A0+ D3/ D2/ E2/ E1/ C0/ D5/ F2/ F1/ G1/ D0+ H3+ E7+ H8\ E8+
8x8Trax_3733947 gramat vs. Honeybear : @0+ @1+ A2\ B0/ A1\ B0\
8x8Trax_3735297 ypercube vs. riaZZZ : @0/ B1\ A2/ @2+ @2\ B3/ A4\ C3+ B5+ A5+ D5\ C6+ E4/ E3+ E6\ F4/ D7/
8x8Trax_3735326 Dragon101 vs. Kaisa : @0/ @1/ A0/ @1/ A2/ B0\ B0\ B0+ A3+ @2/ D4/ E5\ C6+ C0\ A2+ F5/ F4/ F1+ D0/ G3+
8x8Trax_3735424 Authority vs. Sea Breeze : @0/
8x8Trax_3736148 Honeybear vs. asmdrm : @0/ A2\ B2\ @1/ D2/ D1/ B0/ B0/ C0\ B6+ @3+ D7/ @3+ F7\ G6+ E8\
8x8Trax_3736564 ypercube vs. golfnutrof : @0/ @1/ C1/ C2/ D1/ C3/ E3+ C4/ B4/ E5+ C0+ A5+ C0/ D0\ @4+ A7+ F2+ G5+ @6+ B2\ A4\ C8/ H3/ A2\ B1/ H6+ A8+ H1/ C1+ DRAW
8x8Trax_3736766 YankeeFan vs. Traxplayer : @0/ @1/ C1/ D1/ A2/ D3+ E3\ E4\ F1+ B4+ E5\ G4\ B5/ D6+
8x8Trax_3736768 YankeeFan vs. Traxplayer : @0/ @1/ C1/ D1/ A2/ D3+ E1/ E0/ F4+ G3+ G4\ A0+ @1\ F0/ G7+
8x8Trax_3736795 GringoNZ vs. Dragon101 : @0/ A0/ @1/ @1/ D2/ E2/ E3/ F3/ B2/ B3/ C0/ A4/ D2+ D5+ A6+ B7/ @6+ @6\ A4+ E8\ H3/
8x8Trax_3736818 Sista vs. putterer : @0+ @1/ B2+ C1\
8x8Trax_3738154 Sista vs. putterer : @0+ B1\ A0+ B3+ B1+ C1/ C3+ @1\ E2+ B0+ D1/ D0/ C0+ A2+ @3+ G4+ D0\ H5+ G6\ H4+ G2/ H2/ E1/
8x8Trax_3738174 * vs. balmoral :
8x8Trax_3738443 GringoNZ vs. jaha : @0/ A0/ @1/ A0/ @2/ D2\ C1/ B3+ B0+ E3+ F3/ G3/ @3/ H1+ D0+ F1/ E0\ G6/ E7\ G7\ G8\ H8\ C7/ E8+ G1+ DRAW
8x8Trax_3739125 dgb vs. GringoNZ : @0+ A2\ @2\ @2\ B0+ @2+ C4+ A0\ @1\ E6/ E7/ A0+ F7+ D2/ E2/ E1+
8x8Trax_3739126 GringoNZ vs. dgb : @0/ @1+ B0/ C1\ A3/ B0+ B0/ @5/ @5+ B6+ A3\ @4/ C7\ E7+ RESIGN
8x8Trax_3739479 dgb vs. ypercube : @0+ @1+ @1\ B2/ B3/ D1/ D0+ C0/ B1+ A1/ C5\ RESIGN
8x8Trax_3739480 ypercube vs. dgb : @0/ @1/ B2/ C1+ B0+ B4\ @1\ A0\ E3/ F3/ E4+ F5/ F2/ G5+ C1+ C0/ @4/ C5/ D0/ G0+ RESIGN
8x8Trax_3740080 Sista vs. putterer : @0+ B1+ @1/ D1+ A0\ @1\ D3\ F2+ D1/
8x8Trax_3744940 GringoNZ vs. dgb : @0/ A0/ A3+ B3+ A4/ @4/ B0/ B0/ RESIGN
8x8Trax_3744941 dgb vs. GringoNZ : @0/ @1/ C1/ B0/ D2/ B0+ C1/ C4\ C5+ D5\ E4\ F4\ F5\ C6+ @5/ A6/ @4\ A3+ H7+ RESIGN
8x8Trax_3744942 GringoNZ vs. davidmilne : @0/ A0/ @1/ B0+ C1+ C2+ D1+ E1\ E2\ E4/ F2+ C4+ C0\ B0/ @4+ RESIGN
8x8Trax_3744943 davidmilne vs. GringoNZ : @0/ @1/ A2+ @2+ @2\ A1\ A0+ @2+ C0/ D1+ C5/ F3+ A6/ @6/ B2+ B1\ B0\ A4+ RESIGN
8x8Trax_3744944 GringoNZ vs. ypercube : @0/ @1+ B0/ B0+ C3/ @2+ C4\ C5\ @2/ C5/ C6/ C0/ RESIGN
8x8Trax_3744945 ypercube vs. GringoNZ : @0+ A2\ A0/ B1/ B0/ C4+ D3+ E2+ @4\ @4\ E5\ F5\ D6/ C6/ C0\ B1+ D0/ E1+ G1/ H3\ G5+
8x8Trax_3744946 dgb vs. davidmilne : @0+ A2/ A3+ @2/ B0/ @3/ D3+ D2/ E2/ E1/ @2+ A1\ F0+ RESIGN
8x8Trax_3744947 davidmilne vs. dgb : @0/ @1/ A2+ C1+ C0\ B4\ D1\ E1\ D3+ A0/ C5+ F3+ D6/ D7/ B6+ C8+ D1+ G3\ G5+ @4/ A5+ A6+ E8+ F7+ G7+ G8\ H8\ G2/ A1/ B7+ A7+ A3+ RESIGN
8x8Trax_3744948 dgb vs. ypercube : @0/ @1/ @1/ D1/ A0\ @2/ @2/ D3+ F0+ F5\ G5\ F0\ C0+ B2\ H7/ G6+ E0/ F2+ H7+ H6/ H5+ RESIGN
8x8Trax_3744949 ypercube vs. dgb : @0/ @1/ B0+ @2+ D2+ E2\ B3+ E1+ F3+ F4\ F5\ G5\ C6/ B6/ D7+ C0/ H7/ F3/ G2/ DRAW
8x8Trax_3744950 davidmilne vs. ypercube : @0/ @1/ A2+ C1+ C3/ D2+ A0/ @3+ A1\ A0\ @3+ B0/ C1/ E3+ F4+ G4/ G3/ G2+ RESIGN
8x8Trax_3744951 ypercube vs. davidmilne : @0+ A2/ @1/ B0\ @2/ B3/ @1\ RESIGN
8x8Trax_3744952 jazzbeth vs. Charlo : @0/ @1/ A0/ @2+ @2/ B0+ B0/ D3/ D0+ E4/ C6/ @6\ C7/ D7+ G3/ B3\ D0/ C2+ A5+ A3+ G6+ H5+ G3+ G1+ H1/ H7+ B1+ A8+ H3+
8x8Trax_3744953 Charlo vs. jazzbeth : @0/ @1/ B0/ @1/ D1+ B3/ A2+ E2/ D0/ F3/ E5+ C6+ A5+ C7/ A8+ @7/ H3+ A2/ A1+ H2/ G6+ A4+
8x8Trax_3744954 jazzbeth vs. Authority : @0/ @1/ B2/ A2+ C1\ A3/ A4/ B3+ @1/ A0+ @2/ A0/ @6+ D7/ D1+ D0/ A3+ @6/ G2+ H4\ G6\ B1+ A1\ H1\ H5+ A4\ H7+ A8/
8x8Trax_3744955 Authority vs. jazzbeth : @0/ @1/ A2+ A3/ @3+ B0+ @4\ A2+ @2\ A1\ A0+ @3+ @4\ E0+ F2/ F1/ H4\ B6+ C7/ F0/ H1+ B3\ A3\ C2+ G7+ F8/ H7+ C1+
8x8Trax_3744956 Charlo vs. Authority : @0/ A0/ @2+ @2/ @2/ D0+ D4/ E2/ C0/ C0/ E2+ F4/ E7+ G7+ H4+ C0/ B1+ A3+ B8+ G4+ F2+ DRAW
8x8Trax_3744957 Authority vs. Charlo : @0/ B1+ C1/ C0/ B3+ @3\ C0+ E3+ E4\ E5+ F4+ A5/ B6/ @4/
8x8Trax_3745481 Rogue Trooper vs. Azalea : @0+ A0/ B1\ B2\ @1/ B0+ D3\ D4\ E4\ C5/ E1+ F3\ C0+ G4\ G1/ E0+
8x8Trax_3745809 Charlo vs. jazzbeth : @0/ @1/ B0+ B0/ B0/ A2+ C4/ @4/ D5+ @4\ @4\ D6+ E7/ F6+ G7/ D0\ C1\ B4+ B6+ G6+ G4+ @4/ A3+
8x8Trax_3746161 Sista vs. putterer : @0/ A2\ B1/ B0+ C1+ @2/ C0/ C4+ E1/ E0+ D4\ E4\ F2/ E5/
8x8Trax_3748180 Authority vs. Rogue Trooper : @0/ B1+ C1/ A2/ A3+ C2+ @3/ B0/ A3+ @2/ B0+ D1+ B0/ F6/ G6/ G7+ F3+ H3/
8x8Trax_3749133 Honeybear vs. Grover : @0/ B1\ A2/ @2/ D1/ C0\ @1\ B0/ @3+ C5\ @3+ D0\ C1\ E6+ F6\ C0\ B1\ A3\ @5+ A3/ H4/
8x8Trax_3749329 Azalea vs. Goonerg : @0/ @1/ B0+ A3/ @3/ C4+ D4\ D5\ E2+ A5/ @5\
8x8Trax_3750166 Sista vs. putterer : @0+ B1+ B2/ A0\ B1+ @2+ C0/ D3+ D1/ @3+ B4+ @3+ G2+ B4+ H3/ F4+ C5+ F5+ D6\
8x8Trax_3750514 Sista vs. Kizzie : @0+ A0/ B1\ B2+ A3\
8x8Trax_3750526 Goonerg vs. Rogue Trooper : @0/ A0/ B1/ C1/ C3+ D3\ E3+ C4/ C5/ @1\ D0+ A6+ @5+ C7+
8x8Trax_3750880 Izeul vs. * :
8x8Trax_3751325 Red Arrow vs. Traxplayer :
8x8Trax_3754768 Sista vs. putterer : @0/ A2\ B1/ B0\ @3\ @2/ C1+ A0\ C1+ @2\
8x8Trax_3755202 dawn1968 vs. DavidJ : @0/ B1\ A2/ A0+ @3\ A4+ A1+ A0\ @3\ @2\ C6/ A5/ @3/ D0/ E1/ E0/ F1/ G5\ B3+ H1+ A6/ A3\ A2\ F6+ A1\ E7+ F8\ A7+
8x8Trax_3755280 PK vs. YankeeFan : @0/ A0/ A0/ A4\ B2+ @3/ C4\ D4\ C5+ D1\ E5/ A0\ @3+ E1/ E0+ F3/
8x8Trax_3756149 Sista vs. putterer : @0/ A2/ A3+ @2+ A3/ A0\ @1\ A3/ @2+
8x8Trax_3756917 Sista vs. putterer : @0+ @1/ B0+ C2\ C3\ D3\ B4/ B5/ A5/ @3+ C0+ C7/ A6\ @5+ D0+ C8/ A7/ A8/ @8/
8x8Trax_3757455 Miss Traven vs. Christine : @0/ B1\ B2\ A2+ A3/ C2+ A4/ D2+ @2/ A3/ @3/ B4/ B5/ G2+ A5+ @5/ F4\ B6/ A4+ A6+
8x8Trax_3757536 ypercube vs. riaZZZ : @0/ B1+ B2/ C2\ C3\ C1+ C0/ D1/ D0/ E4+ B1\ A0/ @4/ A5/ A6+ E1/ @6\
8x8Trax_3757796 dgb vs. GringoNZ : @0/ @1/ A0/ B1+ B0+ @2/ D1\ E2/ D3+ D0/ D0/ C6+ D7/ E6+ F6\ G4+ H4\ G3+ F2+ C2+ H3/ E8+ H2+ G7+ B2\ DRAW
8x8Trax_3757797 GringoNZ vs. dgb : @0/ @1/ C1/ @1/ A0+ A3/ @2\ B0/ @4/ A5/ F5/ D5+ B6/ G1/ RESIGN
8x8Trax_3757800 dgb vs. ypercube : @0/ @1/ @1/ @1/ B0/ @1+ B0\ D1\ E4+ @2/ @3\ D5\ D6/ C4+ H3+ H2/ E0+ E0\ C1+ RESIGN
8x8Trax_3757801 ypercube vs. dgb : @0/ @1/ B2/ C1+ B3/ B0\ @2/ C5+ C6+ B3+ E2/ @3\ B4+ @4+ B5/ @4\ F0+ F8/ C2+ G1/ E8/ B2\ C7+ B7/ B1\ DRAW
8x8Trax_3757802 GringoNZ vs. Dawn : @0/ A0/ B2/ A3+ @2+ C1+ D3/ A0/ D2+ E3\ F3\ B5\ D1/ @3/ H3/ H2+ F1+ G1+ G6+ H6+ G7/ B5\ F0/ H1+ B7+ A7+ D2+ C1/
8x8Trax_3757803 Dawn vs. GringoNZ : @0/ @1/ A2+ @2+ C0+ D2+ B0\ A1\ C5/ E4+ C6/ @1/ A2+ B5+ B0\ @1\ D8\ B6+ @2+ B3/ C4+ B6\ A5+ A6/
8x8Trax_3757804 GringoNZ vs. ypercube : @0/ @1/ B2/ C2/ A0/ @1/ B0/ B0/ @1+ B0\ B0\ A1\ @1\ C6/ E1/ B0+ @2+ G2+ H2/ F4+ H1+ B7+ A6/ B8+ A8/ E8+ G7+ H7/
8x8Trax_3757805 ypercube vs. GringoNZ : @0/ @1/ C1/ B0\ @2/ C0+ A2\ @2\ F3/ E4\ B0+ B0/ B0/ @3+ H4/ E1+ G1/ C0/ H2\
8x8Trax_3757806 Dawn vs. ypercube : @0/ A0/ B1+ B0+ @3+ C0\ A5/ B5+ @3/ @4\ D2+ F1\ A1+ B0+ @3+
8x8Trax_3757807 ypercube vs. Dawn : @0/ A0/ @1/ B0+ @2/ D1/ D2+ C4/ E4+ D5\ F4/ C6/ B5\ D7\ E7\ A5\ F7\ A6/ @7\ D0\ A4\ F1\
8x8Trax_3760062 Christine vs. ypercube : @0+ A0+ A3+ B3\ C3/ C2/ A0+ @4/ B0+ B6+
8x8Trax_3760063 ypercube vs. Christine : @0/ A2\ B1/ B0+ @2+ B0+ D3\ D4\ E4\ A4+ D5+
8x8Trax_3760064 Dawn vs. ypercube : @0/ A0/ @2+
8x8Trax_3760065 ypercube vs. Dawn : @0+ A0\ B2\ C2\ B1+ D2+ @1\ A0+ F3/ F1+ B0\ D5\ C0/ D1+ B0\ A1\ @2\ A4+ A6/ H4+
8x8Trax_3760066 dgb vs. GringoNZ : @0+
8x8Trax_3760067 GringoNZ vs. dgb : @0/ A0/ @1/ B0/ @1/ B0+ B0/ @3\ E2/ C0/ B2+ B0+ A2\ B0/ E7+ F5/ F6+ A7/ @7/ E2+ F2+ B8+ A6\ H6+ H7\ A5\ G3+ G2/ RESIGN
8x8Trax_3760068 dgb vs. Authority : @0+ B1/ @1/ A2/ A3+ D1/ D0/ @3/ D0+ B2+ B6+ @4/ E0+ A2\ E0+
8x8Trax_3760069 Authority vs. dgb : @0/ @1/ A2+ C1+ C3+ B4/ A3+ B0/ @4\ @4\ F4\ D0+ D0/ G6\ G7\ G8+ H6+ H8+ H4+ F2+ H2+ C7/ B4+ E1/ A3+ B1\ A1+ G1/ A8\ D8/ B8+ H1+
8x8Trax_3760070 GringoNZ vs. Authority : @0/ @1/ B0+ B0/ C2/ @3+ A1/ @2/ C0+ F3/ C5+ E2+ C6\ E6+ E7\ F7\ D8/ C7+ B6+ B8+ A8/
8x8Trax_3760071 Authority vs. GringoNZ : @0/ @1/ A2+ @2+ C0+ D2+ C0+ A5\ B6/ C0/ D1/ @6+ C8/ F4/ D6+ @6+ A8/ H4/ G6+ G7\ A5/ C4+
8x8Trax_3763319 jazzbeth vs. Shariann : @0/ B1\ B2\ A0/ C1\ C0\ D1\ A1\ @2/ @2/ C0+ A2\ @1/ B0+ G2/ H2/ E1/
8x8Trax_3763326 Rogue Trooper vs. Traxplayer : @0+ B1+ @1/ D1\ A2+ D2\ C3\ E2\ E3+ E4/ B3+ B5+ A5/ A6/ @5+
8x8Trax_3764651 Lindap957 vs. drgnrdr : @0+ @1\ C1+ D1/ D0+ B1+ @2\ E0\
8x8Trax_3764916 Authority vs. YankeeFan : @0/ A0/ B1+ A3+ A0/ @1+ D3+ B5+ D5\ E5\ C6+ E3/ F5\ A4/ @4/ B6+ F2/ E0+ D8/ H5+ A2\ A1\ G2+ A3/
8x8Trax_3765779 Sista vs. putterer : @0/ A2\ B2\ B3\ B4\ B5\ @2+ @2\ A1+ C0/ E5+ F5\ E7+ C7\ E8+ A1\ E2+ @1+ G3+
8x8Trax_3766047 drgnrdr vs. Goonerg : @0/ B1\ B2+ C1\ D1\ C0+ C0\ A2+ A4/ C5+ E4/ A5/ E1/ F2/
8x8Trax_3766546 dgb vs. GringoNZ : @0+ B1+ @1/ A2/ B3/ B0/ B0/ @4+ A5+ E2+ C6/ D5\ C7/ C0/ @5\ C3+ G2\ F5+ @5/ B6+ C7/ A6/
8x8Trax_3766547 GringoNZ vs. dgb : @0/ @1/ B0+ @2+ A0/ B4\ B5\ B1/ D1\ B0/ @2+ @3\ @2/ D0+ E8/ D8/ C5+ A6/ H2+ H1/ H4\ H5\ F6+ A7+ B2+ D7\
8x8Trax_3767207 tburgoon vs. Goonerg : @0/ A2/ B2\ B3\ C1/ A0/ @2+ @2/ F3+ A4/ @2/ D5+
8x8Trax_3767699 Sista vs. putterer : @0/ B1+ @1\ A0\ C1+ D2/ @1\ C3/ B0+
8x8Trax_3768233 Sista vs. putterer : @0+ @1\ A2/ @2+ A1+ @2/ B3\ C0\ E2/ @4\ E3+ F3\ G2\
8x8Trax_3768484 dgb vs. GringoNZ : @0/ @1/ @1/ B2\ D1/ C0+ B4/ E1\ C4\ B5/ C0/
8x8Trax_3768485 GringoNZ vs. dgb : @0/ @1/ B0+ @2+ A0/ B4\ @1\ A0\ E4/ F3\ D2/ F5+ D1\ G3+ D0/ E2+ G1/ H3\ G0/ G7\ E8+ G8\ C2+ B7/ DRAW
8x8Trax_3768639 Sea Breeze vs. Rogue Trooper : @0+ B1+ B2+ C1+ B3+ @1+
8x8Trax_3769721 Sista vs. putterer : @0/ A2+ @1\ A0\ A3+ A4/ @2\ @2+ A1\ @1\ C0/ @3+ B4+ A5+ F2/ B6+ @3\ B1+ E0+ F1+ G1/ C8+ H4+ D8\ E8\
8x8Trax_3770171 Rogue Trooper vs. YankeeFan : @0+ A0/ B1\ B2\ @1/ B3/ D2+ B0+ @3+ C5+ @3+ A2\ G3+ @3/ A4/
8x8Trax_3770268 Traxplayer vs. Charlo : @0/ @1/ B0/ B0/ @1+ C0/ D1/ A0+ @5/ C6/ F6+ C7+ G4+ G1/ RESIGN
8x8Trax_3771584 critterhug MIA vs. DavidJ :
8x8Trax_3771727 Sista vs. putterer : @0/ B1/ A2+ C2/ C1+ B3+ @2+ E1\ B3+ D0\ C5\ B5+ A5\ F3/ B6/ E1+ C0+ @6+ C8+ F1/ @7\ B4+ A4\ B8/ B3+
8x8Trax_3774493 Sista vs. putterer : @0/ A2+ @2+ A3+ @2+ B4+ @2+ C5\ B1/ C0\ @3+ @3\ G3+ H3/ D6/ D7+ A2\ F5+ D0+ F2/ G5\ E1/
8x8Trax_3775246 Honeybear vs. DINGEROO : @0+ A0/ B2+ B3\ C2+ C4\ D3/ A3/ A4/ C5\ D5\ E3+ C6+
8x8Trax_3775562 dgb vs. Authority : @0/ @1/ @1/ A2/ C3\ D1+ C4\ @2/ A0+ @1\ B6+ A6/ @1+ A0\ A7+ D8+ @5\
8x8Trax_3775566 jazzbeth vs. Traxplayer : @0/ @1/ B2/ C2/ C3/ D2/ D4/ B0\ B0+ C1+ B0\ A1\ @1+ C0+ D1/ @3\ @4+ D6/ E7/ A7/ F8+ @7\
8x8Trax_3775574 YankeeFan vs. Kaisa : @0/ A0/ A3/ A4/ @3+ C4+ B5/ @5\ E1+ A6/ @6/ E6\ E7+ F6/
8x8Trax_3775595 Charlo vs. Authority : @0+ B1+ A0/ A3/ @3/ @3+ @2/ A1+ E0\ F3+ F1/ D0/ G3+ @3\ D2+ E0/ B3+ B2+ B1+ B0/ G2+ G1/ D0+ A3+ H2/ H1/
8x8Trax_3775622 Dawn vs. Charlo : @0/ A0/ @2+ B0/ B0+ C2/ A0/ @4/ C0\ D2+ D7\ E5+ @3+ C0/ F2+ G6/ F3+ @4\ G8\
8x8Trax_3776212 Miss Traven vs. Christine : @0/ B1\ B2\ A2+ @2/ A3/ @3/ E2\ C4/ A4/ @4/ B5\ C5\ D5+ C6/ A6/ @6/ E6+ E7\ D8\ E8\ F7/ H5\ A5\ H6+ D1+
8x8Trax_3776264 Sista vs. putterer : @0+ @1/ @1\ B0/ A1+ B3\ A0+ @1/
8x8Trax_3778097 Sista vs. putterer : @0+ A2/ @2/ C2\ C3\ B3+ B0+ D4\ B5/ B6/ @5/ F6\ D7+ D2/ A6+ @6/ A7/ A8/ @8/
8x8Trax_3778834 GringoNZ vs. dgb : @0/ @1/ A2+ C1+ A0/ B4\ B5\ B1/ D2/ E1\ C4+ @2+ G2/ E3+ H2+ D6/ G4/ E0\ B6/ A6/ E6+ G0/ A8+
8x8Trax_3778836 Authority vs. Dragon101 : @0/ A0/ @2+ A0/ @3+ A1\ A0\ @3+ E3/ E2/ E1+ D0/ F2\
8x8Trax_3780171 PK vs. Goonerg : @0/ @1/ B0+ @1/ C0+ A1\ @2/ C0+ C5/ A4+ A5+ @3/ B1+ D6/ F6+ D7/ B6+ A6/ @6/ @5+ D8+ B3+ A2+ B1+ G8+ H3/ A8/ H1+
8x8Trax_3780238 Shariann vs. DavidJ : @0+ @1/ @1\ B0+ C3\ B4+ C5\ D4+ B0\ A1\ C7\ A4/ @3\ C0/ D1/ B6/ E1\ D3+ E3+ E5+ F4\
8x8Trax_3780346 jaha vs. Charlo : @0/ @1/ A0/ B1+ @2\ @2\ C3+ D4/ E1\ A3/ @3+ D5+ B1+ D0/ A3\ @2/ E0/ G2+ H5+ H7+ G8\ C2\ B1+ DRAW
8x8Trax_3780349 Authority vs. dgb : @0+ B1+ A2\ B0/ @3\ @3\ D0/ E1/ @4\ G2+ H3/ A2+ F0/ C6+ F5+ G6+ D7\ E7\
8x8Trax_3780631 Sista vs. putterer : @0+ @1+ B2/ A0\ C3/ A4\ @3/ A2+ A4+ A0+ D6+ E6\ E7\ C7+ F6+
8x8Trax_3781557 Traxplayer vs. Dragon101 : @0/ A0/ @2/ @1/ D1+ B3/ E2+ A2+ @3\ @3\ E0+ G2+ H2/ H1/ C0\ B2+ A2\ A1\ A0\ C0/ F3+ A0+ E2+ F3/ G2+ DRAW
8x8Trax_3781571 Dragon101 vs. YankeeFan : @0/ A0/ @1/ @1/ D1/ E2+ C3/ B3/ E4+ F1\ B5/ A4\ E0+ F5\ G5+ A6/ @5+ C7+ B1+ A3+ E0+
8x8Trax_3781584 Authority vs. ypercube : @0/ @1/ B0+ @2+ B0+ @3+ C4/ C0\ E4/ D6+ B6+ F3\ C7+ G6\ G7\ H5+
8x8Trax_3783749 GringoNZ vs. Judy : @0/ A2\ B1/ B2+ B0\ C3\ D3\ B4/ D1/ B5+ B0/
8x8Trax_3783750 Judy vs. GringoNZ : @0+ B1+ B0+ C2+ B0+ D3+ E3\ E4\ F3/ F2/ @3/ A4/ G5\ H3+
8x8Trax_3783751 GringoNZ vs. Traxplayer : @0/ B1\ A2/ @2/ A0+ @3/ B4+ @2\ C5/ @3\ D6/ E6\ RESIGN
8x8Trax_3783752 Traxplayer vs. GringoNZ : @0+ A2/ A0\ @2/ @2/ A3/ @3/ D4+ @1+ D0+ B6+ F4/ @4/ A5+ H4+ RESIGN
8x8Trax_3783753 GringoNZ vs. ypercube : @0/ @1/ A0/ @1/ A0/ @1/ D4/ E4/ D5+ C5/ B0/ @2+ @2/ @2/ D0+ F8/ A4+ C5+ D6/ D7/ C8+ F1\ G3/ G1/ H4\ B7+ A6+ H1+ A8+ DRAW
8x8Trax_3783754 ypercube vs. GringoNZ : @0/ @1/ B2/ A2+ A3+ C2/ B0+ C4\ D4\ @2/ D2+ A0\ @1\ C0/ RESIGN
8x8Trax_3783755 GringoNZ vs. Lorraine of the Renegades : @0/ A2\ B1/ B0\ @2\ A1\ @1\ A0\ A4/ B5+ @4\
8x8Trax_3783756 Lorraine of the Renegades vs. GringoNZ : @0/ @1/ A2\ C1\ C2\ D2\ D3\ A0\ @2/ E1/ F1/ C0/
8x8Trax_3827895 dgb vs. Authority : @0+ B1+ B0+ C2+ B3+ D2+ E2/ E1/ E3\ F1+ D0+ G2+ C4\
8x8Trax_3830560 DINGEROO vs. DavidJ : @0/ B1\ A2/ A0/ C1/ B0/
8x8Trax_3830561 YankeeFan vs. Judy : @0/ B1\ B2\ C2+ C3+ D2+ B0+ E3+ C5+ F3+ C6+ B0/ D1+ A2+ E5/
8x8Trax_3830604 Rogue Trooper vs. grade1teacher : @0+ @1/ A2+ A3\ C1/ C3/ C0\ C5\ D5\ B1+ D2+ E3/ C6+ A5+ F3/ F6/ F1/ E0/ G3/
8x8Trax_3831438 Zanza vs. Sista : @0/ A2+ A0\ @1\ A2/ @1/
8x8Trax_3832289 Sista vs. Zanza : @0+ A2/ @2/ B0\ A4/ @2/ A3+
8x8Trax_3832658 Sista vs. Zanza : @0+ B1\ C1/ D1/ D2\ D0/ E2\
8x8Trax_3832983 Dragon101 vs. JiffyJeff : @0/ @1/ A0/ A0/ A0/ B3/ B2/
8x8Trax_3833651 Sista vs. Zanza : @0+ @1/ @1\ A0\ @1\ C1/ C0/ E2\ D4+ B1\ B0/
8x8Trax_3834315 Traxplayer vs. Rogue Trooper : @0/ A0+ A0\ @1\ A0\ @1\ A0\ @1\ D0+ E4+ A7+ @4+ @7+ C0\
8x8Trax_3835476 dgb vs. jazzbeth : @0+ B1/ @1/ B2/ B3/ C2+ C4+ D4+ C5/ C6/ A4+ B7+ B0+ D1+ D7+ A3+ @4\ F7\ F8\
8x8Trax_3835477 jazzbeth vs. dgb : @0/ @1/ B2/ C1+ @1/ A0+ B3/ A3/ @2\ @2\ A1\ A0\ A0+ @4+ D6+ E7/ A6+ @6/ C0/ H4/ F3+ A8/ G2/ H2/
8x8Trax_3835543 Linda Sue vs. DINGEROO : @0+ @1+ B0\ B3\ C3+ A0\ @1\ B4/ C5+ A2/ @2\
8x8Trax_3835550 Rand al*Thor vs. Goonerg : @0/ A0/ B1/ B0+ A0/ @4/ @4+ C5+ E3+ @2+ E0\ @3/ A2+ A5/ H6\ H7\ G2+ H3+ C6+ H1/ H0+ C1+
8x8Trax_3835564 Lorraine of the Renegades vs. DavidJ : @0/ B1\ B2\ C2+ A0\ @2/ B3/ B4/ A4\ D1/ E2+ B0/
8x8Trax_3836056 Zanza vs. Sista : @0/ A2+ @1\ A0\ B1+ B4\ A4/ C3+
8x8Trax_3836908 jazzbeth vs. Rogue Trooper : @0/ A0+ A0\ @1\ A0\ @1\ A0\ @1\ @2+ C6+ F5/ @6/ D7/ @6/ C8/ H6+
8x8Trax_3837292 dgb vs. Traxplayer : @0+ B1+ B0+ B3/ B4/ B5/ @4+ C6/ D5\ @6/ A7/ A3/ @4\ G4+ @4/ B5+ F7/ RESIGN
8x8Trax_3837293 Traxplayer vs. dgb : @0/ @1/ A0/ @2+ B3\ B4/ A3+ @3/ A4/ @4/ D5+ E5\ F5+ @3\ A2+ C6\ RESIGN
8x8Trax_3838517 GringoNZ vs. Authority : @0/ @1/ A0/ @1/ A0/ @1/ B0+ @2/ @2+ A3/ A4+ @3+ C3+ F1/ G2/ G1/ H3\ G0+ C6\ D5+ F6\ H1+ E7+ A5+
8x8Trax_3842093 GringoNZ vs. Dawn : @0/ A0/ @1/ B0+ B0/ C1+ C3+ B0/ A2+ @2\ @4+ @4/ A5/ A2/ D0+ B2+ @2\ A1\ D0+ A5+ @3+ B8+ D8\ E8+ F1+
8x8Trax_3842094 Dawn vs. GringoNZ : @0/ @1/ B0+ C1+ A3+ @2+ C4\ D4\ D3+ @2+ E0/ F1/ F0/ G3\ D1\ H3+
8x8Trax_3842095 GringoNZ vs. Squixel : @0/ B1\ A2/ @1/ B0+ D2\ B4\ C4\ C5\ @1/ C0+ @2\ A1\ A0\ C6+ A0/ B3+ @2\ C1/ D1/
8x8Trax_3842096 Squixel vs. GringoNZ : @0/ @1/ @1/ B2\ C0+ A4+ @2/ @3+ D0+ F2+ D0+ @5+ E0+ H4+
8x8Trax_3842806 Apo119 vs. Rand al*Thor : @0/ A2\ B2\ B1+ B0/ C3\ D2\ D3\ E1/ C4+
8x8Trax_3842845 csain1 vs. Traxplayer : @0/ B1\ A2/ @2/ B0+ A4+ A5/ D2\ C4/ B5+ E3/ @5/ D6/ B7+ B8/ @5/ G4\ H2\ E1+ G5+ DRAW
8x8Trax_3842872 Goonerg vs. DavidJ : @0/ B1\ A2/ A0/ @1/ A3/ D2\ C0\ B0/ @1+ A0\ @1\ A0\ @1\ E8\ F8\ G2/ @2+ C6+ B6\ D8+ A6/ A7/ A5+ H1+
8x8Trax_3844398 jaha vs. Rogue Trooper : @0/ B1/ A2\ B2+ B0\ A4\ A5\ @2/ D1\ D4+ C6+ C0+ B1+ C0/ @3\ A2/
8x8Trax_3844420 jazzbeth vs. Azalea : @0/ A0+ A0\ @1\ @1+ C0+ B0/ @3+ E4\ E3+ B6/ A6/ E6\ D7/
8x8Trax_3844552 PK vs. YankeeFan : @0/ A0/ B1+ B0+ @3+ B4+ B5\ D5+ A1\ @3\ C0+ A2\ @2\ @2\ D0/ G3/ H5+ G1/ G0+ H2\
8x8Trax_3845889 Rand al*Thor vs. PK : @0/ A2\ B2\ C2\ A0\ @2/ D2+ A4/ @2/ F2+ F1/ D0\ C1\ F0+ G4+ C0\ B2/ E8\ F8\ G8\ A3\ B1\
8x8Trax_3848098 Goonerg vs. bassix : @0/ A0/ B2/ B3/ C3/ A3+ @3\ @1+ C0/ @3\ B4+ D0+ E3+ F3/ A2+ F1/ G3/ E6+ G5+ @3/ C6/ G0/ D8+ H2/ C1+ H1+ F8\ A8+ DRAW
8x8Trax_3848147 * Sassy_Angel * vs. bassix : @0+ A0\ A3/ @1\ @2+ @3\ B4+ C5/ D4+ @3+ F4\ A5/ D6/ @5\
8x8Trax_3850228 GringoNZ vs. Traxplayer : @0/ @1/ A0/ @2/ @1/ B0/ @2+ C0/ B0+ A5/ A6+ @3+ A6\ @1\ A0\ @3/ B4+ A6/ A7/ G2\ B8+
8x8Trax_3850486 YankeeFan vs. Traxplayer : @0/ @1/ C1/ D1/ A2+ D0+ D4\ E2+ D0+ C6/ D0+ A2+ E2\ @3+
8x8Trax_3851667 jazzbeth vs. Rogue Trooper : @0/ A0/ B2/ A3/ C3/ C4+ A0+ B2+ B6+ C3/ D3/ @4+ @1+ E1\ D0/ B1+ B6+ B8/ A6/ @5/ @5+ A6/ C8/ A7+
8x8Trax_3851739 jaha vs. Kaisa : @0/ A0/ B2/ A3/ A4+ C2+ D3+ A5\ @2+ B0/ C2/ A0\ @1+ C0/ D1+ A4/ @5\ @5+ A2+ H4+ H3/ H1/ D7+ C7/ C8/ B8/
8x8Trax_3855211 GringoNZ vs. TrueIndian : @0/ A2\ B1/ B0+ @2+ C0+ B5/ A5/ A6/ @3/ D6\ E5+ D7/
8x8Trax_3855212 TrueIndian vs. GringoNZ : @0/ @1/ A2+ A3+ A4+ C2/ B3+ D2/ B0+ D5\ E3/ A6\ @1\ A0\ E3+ B1/ D8+ @2+ G6\ @2/ B4+ D8/ C8/ B8/ G2+ A8/ G1+ H1/ A7+ A6\ A1\
8x8Trax_3855213 GringoNZ vs. Dawn : @0/ A0/ @1/ B0+ C3/ C1/ B4\ A4+ @3\ A0+ @3/ C6+ A5/
8x8Trax_3855214 Dawn vs. GringoNZ : @0/ @1/ A2+ B0\ B0\ B5/ C5+ D4+ @3/ @4\ @3/ A5+ E6/ C2+ D7/ H4+
8x8Trax_3855215 GringoNZ vs. Big Giant Head : @0/ @1+ @1\ C0/ D1/ D0/ B4/ D4/ @1\ B0/ A5/ @5+ C6/
8x8Trax_3855216 Big Giant Head vs. GringoNZ : @0+ B1+ A2\ B0/ A1+ C2+ C3+ @2+ E3/ D4\ D5\ B5/ F3+ A3/
8x8Trax_3855223 davidmilne vs. Charlo : @0/ @1/ B2/ C2/ B3+ D2+ A3\ A4\ A5\ @5+ @5\ B2+ @3+ B1+ B0\ D0+ H4\ F3/ F6+ B0\ RESIGN
8x8Trax_3855224 Charlo vs. davidmilne : @0/ @1/ A2+ B3/ C1+ C0/ B1+ D4+ B5/ E4/ @1\ RESIGN
8x8Trax_3855225 davidmilne vs. dgb : @0/ @1/ B0+ @2+ D1\ D3+ E3+ E4\ C4+ F3+ A4/ C5/ @3+ G5/ RESIGN
8x8Trax_3855226 dgb vs. davidmilne : @0+ A2+ A3+ @3\ C1\ A4\ B5/ D2/ C0+ D4+ E1/ C0/ A8/ @8+ F5\ G2+ D8+ E8\ F7+ H3/ B3\ A3+ C1+ A5+ G6\ F1/ H5+ A2+ A1\ DRAW
8x8Trax_3855227 davidmilne vs. kidgame2001 : @0/ B1\ A2/ @2/ @2+ D2+ D3\ E3\ E4\ F2/ F1/ F0/ G1/ C1\ F0+
8x8Trax_3855228 kidgame2001 vs. davidmilne : @0+ @1+ A2\ B0/ A1+ @2+ B0/ D3+ C1+ E2/ D1+ E3+ F2/ G2+ G1\ @3+
8x8Trax_3855229 Charlo vs. dgb : @0/ @1/ B0+ @2+ A3\ B0\ @3/ C0/ D2+ E2/ E1/ F1/ C0+ F4\ D7+ G3\
8x8Trax_3855230 dgb vs. Charlo : @0/ @1/ @1/ B0+ @1/ B0+ B4+ A3+ @3/ A4/ E5\ F3/ A5+ A1\ D6/
8x8Trax_3855231 Charlo vs. kidgame2001 : @0/ B1\ B2\ C2\ A2/ B3\ A3+ @2/ @2+ D4\ E4\ E0/ F1/ C6/ B6/ C1\ E0+ F4+ A6+
8x8Trax_3855232 kidgame2001 vs. Charlo : @0+ A2/ @2\ B0+ A2+ @2+ B1+ C0/ D1/ E1+ B1+ B0\ C0\ A4+ A2\ A1\ @1\ D0+ A6/ @4+ @2\ A4+
8x8Trax_3856824 YankeeFan vs. Azalea : @0/ A0+ A0\ @3/ A4/ @1+ @4+ E2+ @4\ A1\ @1\ D0+
8x8Trax_3858184 StackPele vs. Charlo : @0/ @1/ A2/ C2+ A3/ A4+ @4/ E2/ B5\ E5+ F3/
8x8Trax_3858206 Rogue Trooper vs. JiffyJeff : @0+ A2/ @2\ A1\ C2/ B3+ D2+ E3/ E4+ A3/ @1\ A0\ A0+ @4+ B5/ E2+ C6+ D7/ A6/ RESIGN
8x8Trax_3858345 Kaisa vs. Dragon101 : @0/ A0/ @1/ @1/ C0+ @1/ D0/ B4/ B5+ E1/ F1+ E0+
8x8Trax_3858488 Lady Mac vs. Charlo : @0/ @1/ B0/ @1+ B0\ B0\ D3\ A2+
8x8Trax_3858775 Sir Pussycat vs. StackPele : @0+ @1/ A0\ @2/ C1+ B0\ B0+ A2\ D3\ @3/
8x8Trax_3859135 Honeybear vs. stormy rebel : @0/ @1/ A2/ A0\ @2+ B0/ A1/ @4\ @3+ B5+ @3+ G2\ F1+ A4\ H2+
8x8Trax_3859975 Charlo vs. Traxplayer : @0+ A0+ A3+ @1/ C2\ C4/ D4+ C5+ A4\ @2\ F4/ B0/ F3/ RESIGN
8x8Trax_3861159 TrueIndian vs. Goonerg : @0/ A0/ @2+ A0+ @3+ B0/ D3+ A3+ A5/ E4/ E5+ D6+ @4+ E1/ C0/ B2+ @5+ H6+
8x8Trax_3861396 YankeeFan vs. rogerrabbit : @0/ A0/ A3/ B2+ A4/ @4/ A5/ @2+ @5+ D6+ F6+ D7/ F2/ G5\ D8/ H3/ H2/ G7\ H7\ F7+ G8+ B7+ A7+ A8/ H1/ DRAW
8x8Trax_3861731 Traxplayer vs. mplf MIA 1 : @0/ A2+ A3/ @3\ C2+ C3+ B4+ A4+ D2\ A2\ @1/ B0\ F3\ A1+ F5\ @1/ F6/
8x8Trax_3862157 dgb vs. davidmilne : @0+ A2/ B1\ A0/ C2+ D2/ A0/ D0+ E3\ D5+ @5/ @5/ D6+ C7\ H1/ D8\ E8\ G6+ H5+ H7+ B8+ DRAW
8x8Trax_3862158 davidmilne vs. dgb : @0/ @1/ B2/ C1+ D1\ B3+ A2+ @2/ A3/ E4\ RESIGN
8x8Trax_3862159 dgb vs. Traxplayer : @0/ @1/ @1/ @1/ B0/ C3\ C4+ A5+ @4/ @4/ A5/ D6/ C0\ B3+ E1/ RESIGN
8x8Trax_3862160 Traxplayer vs. dgb : @0/ @1/ A0/ @2+ B3+ @2+ B0/ B0/ A1+ B5/ B6/ @5+ C7/ F4+ D8\ E8\ @6\ H5\ H6\ B8+ RESIGN
8x8Trax_3862161 TrueIndian vs. davidmilne : @0/ @1/ B0+ C1+ A3+ C0\ @4/ A2/ B1+ B0\ @5/ C0\ A1+ @6+ F5+ C7+ E0+ F1/ G2+ F8\ G6\ A3+ H3\ H4\ B1+ A1\ H7\ H8+ H1/ A8+
8x8Trax_3862162 davidmilne vs. TrueIndian : @0/ A2\ B2+ B1+ C1+ C2\ D1+ B0/ B0/ A2+ @2\ C5/ @2\ A0+ B0+ F4+ @2\ A1\ A5/ H4\ A6\
8x8Trax_3862163 TrueIndian vs. Traxplayer : @0/ @1/ B0+ @2+ B3/ B0\ D3/ @2\ A1\ @1\ A0\ @1\ C0/ A5+ C7+ @4+
8x8Trax_3862164 Traxplayer vs. TrueIndian : @0/ A2\ B2\ B3+ C2/ C1/ D1/ A0/ @3\ C5+ @3\ F0/ G1/ G0/ @3+ G0+
8x8Trax_3862165 davidmilne vs. Traxplayer : @0/ @1/ B2/ C1/ B0+ C4\ RESIGN
8x8Trax_3862166 Traxplayer vs. davidmilne : @0/ @1/ A0/ A3\ @2\ B0/ B5\ A1\ A0\ @3+ @4\ @3/ C5/ @4/ A5+ @4/ F0/ G1/ G8/ RESIGN
8x8Trax_3864856 Traxplayer vs. dgb : @0/ @1/ A0/ @2+ B3+ @2+ B0/ B0/ A3+ @2+ A4\ B5/ @3+ @3\ B1+ A0/ D7/ @4\ F0/ A6/
8x8Trax_3867298 DavidJ vs. Azalea : @0/ A0+ A0\ @1\ C2/ D2/ C3+ E2+ A0\ @4+ E0/ F3+ B0\ A1\ @3/ A5+ @2+ B0\ F8+ A6+ E1+
8x8Trax_3867331 TrueIndian vs. Charlo : @0/ @1/ A2+ C1+ B0/ C4+ D3/ D5/ @2/ B0+ D7/ C6+ B6/ A7\ B0\ @1+ @2\ B6+ @4/ A5/ A6/ F1+ H3+ G2+ A1\ H8+ H1/
8x8Trax_3868164 nisqually vs. YankeeFan : @0/ A0/ B1+ A3+ C2/ @3/ A2+ @2\ B0+ @2/
8x8Trax_3869580 Dawn vs. Authority : @0/ A0/ B1+ B0+ C2/ A4+ @2+ A1\ A0+ @3+ F2\ C0+ C0/ E1+ F1\ E0+
8x8Trax_3869581 Authority vs. Dawn : @0/ A0/ B1+ A3/ B4+ C3/ D3/ D2/ @4\ @3/ A0+ @2/ G1/ E0/ H3/
8x8Trax_3869586 Dawn vs. Traxplayer : @0/ @1/ A2+ C1+ B3/ B0\ @3/ C0/ D1/ D0/ E2/ C0\ B3+ E1/ D0+ F3\
8x8Trax_3869587 Traxplayer vs. Dawn : @0/ A0/ B1+ A0\ @3+ D3/ E2\ C4+ D1/ C0/ C0/ D1/ E2/ F2/ A1\ E1+
8x8Trax_3869588 Authority vs. dgb : @0/ A0/ @2+ B0+ C1+ B0+ @3+ B5+ A1\ @1\ C0+ C7/ B7/ @2/ B4+ B7+ A6+ C8/
8x8Trax_3869589 dgb vs. Authority : @0/ @1/ C1/ D1/ B0/ C3\ C4+ B0+ C1/ D5\ E4\ E1\ A6/ @3/ E6\ B7+ F5+
8x8Trax_3869590 Authority vs. Jay RAA : @0/ A2\ B1/ B0/ B0/ @3/ D3\ D4\ E4\ E5\ A0+ @3/ F1/ D0/
8x8Trax_3869591 Jay RAA vs. Authority : @0/ @1/ A0/ @1/ D2/ B3+ C4/ A4/ A5/ C1+ A3\
8x8Trax_3869592 Authority vs. Traxplayer : @0/ B1\ A2/ @2/ @2+ C3+ D3\ C4/ A3+ B5+ D5\ E3\ C6+ D7/ D8/ F3\ F5+ @4/ H4/ H6/ DRAW
8x8Trax_3869593 Traxplayer vs. Authority : @0/ @1/ A0/ @1/ A0/ @1/ A0/ A3+ C5/ B1+ @2\ B0+ C6/ @3\ B5/ A2/ E2\ D7/ @4+ E8/ G2\ F1+ @3\ A2\ A1\ B6+ B7+ A6+
8x8Trax_3869596 dgb vs. Traxplayer : @0+ B1+ A2+ @1+ B0+ @2+ @2/ A1/ A3/ @1\ A0\ @1\ RESIGN
8x8Trax_3869597 Traxplayer vs. dgb : @0/ @1/ @1/ B0+ @2/ D3+ E3\ A4/ @4/ G3\ G4\ A5/ @4\ A3\ B6/ G5+ E0/ E8+ RESIGN
8x8Trax_3869598 Jay RAA vs. Traxplayer : @0/ B1\ A2/ @2/ A0\ @3+ A4/ B4+ E2/ E1/ C0\ E4\ B6/ F3\
8x8Trax_3869599 Traxplayer vs. Jay RAA : @0/ B1\ A2/ @2\ B3\ C3\ C4\ D2/ A4/ @2/
8x8Trax_3869600 GringoNZ vs. kidgame2001 : @0/ B1\ A2/ B2+ @2\ C3\ C4\ D4\ A4/ B5\ @3\
8x8Trax_3869601 kidgame2001 vs. GringoNZ : @0/ @1/ A2\ C1\ C2\ D2\ C0\ C4+
8x8Trax_3869602 GringoNZ vs. StackPele : @0/ A2\ B1/ B0\ @2\ B1+ B0\ A2\ @2\ A1\ A4/ @4/ D5/
8x8Trax_3869603 StackPele vs. GringoNZ : @0/ B1+ A2/ C1+ D1\ D2\ B3/ B4/ @2\ F2+ G1\ G0+ A2+ A1\ @1\ A0\
8x8Trax_3869604 GringoNZ vs. davidmilne : @0/ @1/ A0/ @2+ A3+ C3\ D3\ B4+ E3/ RESIGN
8x8Trax_3869605 davidmilne vs. GringoNZ : @0/ @1/ A2+ @2+ C0+ D2+ A1\ A0\ @3+ F3/ RESIGN
8x8Trax_3869608 kidgame2001 vs. davidmilne : @0+ A2/ @2\ A1\ @1\ A0\ @1\ A0\ @1\ D0+ A6/ @1/ E7\ E8+
8x8Trax_3869609 davidmilne vs. kidgame2001 : @0/ B1\ A2/ B2+ B3/ @2/ A3/ A0\ @3+ C0/ D1/ E3\ F4/ B0\ A2/ @3\ G1/ F0/ H2\
8x8Trax_3869610 StackPele vs. davidmilne : @0/ @1/ A2/ C1+ C0+ A1\ @1\ @1\ A2\ A0\ C5/ @1+ B0/ B5+ G4/ @4+ H6\ F7+ B6+ B7/ E8+ F1+ H2/ H1/
8x8Trax_3869611 davidmilne vs. StackPele : @0/ A2\ B2+ B3\ B4\ @2\ B0+ C1+ D4+ B5\ @1\ B0/ A5/ A6/ @3/
8x8Trax_3873338 PK vs. Goonerg : @0/ A0/ @2+ C2\ C3\ B0/ A4/ A5/ @1+ C0/ @3\ F5\ C7/ B7/ B8/ G3+ A5+ @5\ A3+
8x8Trax_3873418 coopaah vs. YankeeFan : @0/ A0/ B2+ B3\ @2+ C4\ D2/ E4+ F2\ E1+ F4\ F5\ @1\ A0\ D6+ B4+ D7/ A3/ @4\ B6+ D8\ E1+
8x8Trax_3873677 YankeeFan vs. Senorita ZORRO_ : @0/ B1\ B2\ B3\ C3+ C0/ D1/ B0\ A1\ @1\ B5+ @1\ A0\ B6/ E7/ C8+ @1\ G4+ @2+ B6\ H7\ H8+ B7+
8x8Trax_3873715 FLOWER18252 vs. YankeeFan : @0/ A0/ B1\ B2\ B3\ B4\ C4/ C1/ C0/ D5\ D6\ E2+ B1\ B0\ C7/ C8/ E8\ A6+ F7\
8x8Trax_3874177 Hoosierenvy vs. Authority : @0+ B1+ A2\ B0/ C1+ D2/ C3+ E1\ D4/ D5/ A4+ D0\ D7/ D8/ @5+ G4+ A3\ @3+ B7\ B2\ C1\ A4/
8x8Trax_3874366 YankeeFan vs. AutumnLeaves : @0/ B1+ C1/ B2+ C2\ D1/ D0/ B4+ B5+ C0\ B7+ B8+ B1\
8x8Trax_3874647 Lady Mac vs. Authority : @0/ @1/ A2+ C1+ C0\ B4\ C4\ D3\
8x8Trax_3875221 YankeeFan vs. aussielady : @0/ B1\ A2/ @2+ B3\ C2+ C3+ D1\ E1\ D0+ B1+ @2/ F4/ G3\ G2+ D0+ B1+ D0+ E7/ E2/ @3+ D1+ E0/ H7\ H8\ A2+ C1/ D8/ C8/ DRAW
8x8Trax_3875718 YankeeFan vs. AndrewB : @0/ B1\ A2/ A3/ B3/ A4/ @4/ C5\ D2\ @1\ A0\ F3/ F2/ @5/ F1+
8x8Trax_3876231 marygal vs. thebodywall : @0/ B1+ A0\ @2/ B3/ A1+ A3/ @2\ @2\ A1\ A0\ @1\ A0\ E1/
8x8Trax_3877208 Charlo vs. dgb : @0/ @1/ B0+ @2+ A3\ B0\ D2/ D3+ C1+ C0/ E3/ D0+ C7+ F3\ G4/ E7+ H5\ D0+
8x8Trax_3877209 dgb vs. Charlo : @0+ A2/ A0\ @1\ B0\ C2\ @2+ B1+ @3\ A1/ @3\ @2/ B0+ B0/ D1+ @4+ B7+ A5+ D8+ F2/ B8/ DRAW
8x8Trax_3877913 GringoNZ vs. Rogue Trooper : @0/ @1/ A0/ A0+ C3/ A0/ @3/ C3/ @3\ E1/ C0/ B2+ F4\ C6/ B6/ E7+ @6/ @5+
8x8Trax_3878175 dgb vs. GringoNZ : @0+ B1+ A0+ @2+ B3+ D2+ E2\ A3+ E1/ F1/ D3/ C1+ C0/
8x8Trax_3878176 GringoNZ vs. dgb : @0/ A0/ @2+ B0+ C3/ @2\ B0/ C5+ B0+ A1\ C7/ B7/ D3\ B0+ C1/ D1/ E4+ E7\ D8+ F5+ F3+ G3/ G2/ G7\ H6+ G8/
8x8Trax_3879039 Riika vs. Kaisa : @0/ A0/ @1/ A0/ @1/ B0/ B4/ @1\ B0+ A4/ @2\ E3+
8x8Trax_3879177 ypercube vs. Thoddy : @0/ B1\ A2/ @2\ B0\ A1+ @2\
8x8Trax_3879284 balmoral vs. YankeeFan : @0+ A2\ A0/ B3\ B4\ C4\ C5\ D5\ D6\ E6\ F5+ F0/ G5\ E0+ H4+ DRAW
8x8Trax_3879409 dgb vs. ypercube : @0+ @1+ @1/ B0\ A0/ @2+ B0+ C1+ B5/ @4+ C6+ D0\ D8\ E6+ A3+ @4\ F3/ G3/ G2/ RESIGN
8x8Trax_3879422 dgb vs. ypercube : @0/ @1/ @1/ A0/ @2/ D1/ D3+ E2\ D4/ F1/ F0/ A1/ A6/ @6/ D1+ G0/ G0+ RESIGN
8x8Trax_3879423 ypercube vs. dgb : @0/ @1/ B2/ C1+ A0/ B4\ B5\ B1/ D2/ E1\ D3+ @2+ F4\ G4\ G5+ A3+ C6/ B6+ H5/ E0+ G1+ G0/ H1/ A6+ D6+ F8+ A8/ E1\ C1+
8x8Trax_3879428 Traxplayer vs. Authority : @0/ @1/ @1/ @1/ B0/ A3/ @3/ D4+ A0+ @4+ C6+ D7/ D8/ B8\ F2/ G5+ E7+
8x8Trax_3879486 Thoddy vs. ypercube : @0+ @1+ @1+ @1+ B0+ E2+ D1/ D3/ F1\ F0+ @3\ A2\ C1+ @2+
8x8Trax_3881696 Goonerg vs. coopaah : @0/ @1/ B0/ @2\ B3/ D2+ E2/ F2/ E3+ D0\ G1/ E0+ G5\ H4\ G6/
8x8Trax_3881700 PK vs. Goonerg : @0/ B1/ A0\ @1\ @1\ C0+ A3/ @2\ F3/ F4+ B0+ E1+ D0/ D7+ @4\ A1\ E0+ @2/
8x8Trax_3881747 Rogue Trooper vs. Kaisa : @0+ A2/ B2+ @1\ A3+ @2+ @2\ @1/ D4/ E4/ G2+ B3+ D5/ @1/ A0+ E7/ G7+ F8\ B6+ H7\ H8\ B8+ A8/ DRAW
8x8Trax_3881755 csain1 vs. ypercube : @0/ @1/ B2/ C2/ D2/ A2/ D1/ E1/ C0+ C0/ D5+ @2+ A1\ A0+ @3/ H2/ F1+ F0\ E8+ RESIGN
8x8Trax_3881756 golfnutrof vs. Traxplayer : @0+ B1+ A0/ A3/ A0/ @3+ A1\ B0/ B0/ @6/ A7/ E4+ E0\ @8+ D1\ C1+ C2+ D8\ B1/
8x8Trax_3881853 PK vs. jazzbeth : @0/ @1/ B0+ A3\ C2/ B3+ D2/ A0/ C1+ E3+ E1/ E0+ C6/ F4+ G4/ @3+ A1+ F0/ D2/ D1+ G2+
8x8Trax_3881912 Rand al*Thor vs. Apo119 : @0/ A2\ B2\ B1+ B0/ C2\ D2\ C3+
8x8Trax_3882425 Robinmimi vs. Didier : @0/ A2+ @1\ B0/ C3\ A1\ B0/ D3+ D5/ E3/ A1\ A0+ A0/ B2/ B1/ E7\ E8\ F6/
8x8Trax_3882669 Charlo vs. JiffyJeff : @0/ A0/ B1+ C2/ @2/ C3\ C4+ D4\ E1\ A0/ D6\ RESIGN
8x8Trax_3883508 Thoddy vs. ypercube : @0/ @1/ B0+ @1/ B0/ C4\ D3/ E3/ D1+ B0+ E1/ F1/ F2+ F0+ G2+ E0/ G1+ D1\ C0/ H4/
8x8Trax_3883648 Dragon101 vs. Traxplayer : @0/ B1\ B2\ C1\ D1\ A0/ D3+ @2\ F3+ D4+ D0+ F3+ F5\ G1/ G0+ G6\ H6+ F7+
8x8Trax_3883671 YankeeFan vs. Authority : @0/ A0/ A3/ A4/ @3+ C4+ D3+ E2+ C5\ D5\ D6\ E6\ A5+ B0+ B8+ @5\ G5+ E1\ A1+
8x8Trax_3885628 Miss Traven vs. Christine : @0+ B1+ B2/ A0\ B1+ C2+ @1\ E2+ C0\ @2+ B1/
8x8Trax_3887519 Goonerg vs. rogerrabbit : @0/ A0/ B2/ A3+ @3\ D3\ C4/ D1/ E1/ @3/ A4/ B5/ A1\ D5\ A0/
8x8Trax_3887530 ypercube vs. Thoddy : @0/ B1\ B2\ A2+ C2/ C1+ D1/ B0\ E2/ D3+ B4\ C5/ A0/ E6\ F3+ E7/
8x8Trax_3888835 Dragon101 vs. Goonerg : @0/ @1/ A0/ @2/ C3/ @1\ C0+ A4/ @2+ C4+ B5+ D5+ B6+ E6/ F6+ G3+ A5/ @5/ F1+ C7/ F0/ G1/ B2\ B1+ A1\ A2+ G8+ H8\
8x8Trax_3888885 Charlo vs. supermac : @0/ B1\ A2/ B2+ @1\ A0\ B4+ A4+ @1+ B0/ C2+ C1+ D1/ E1/ F1+ F0/ F5\ G3/ C7\
8x8Trax_3888938 ypercube vs. Thoddy : @0/ B1+ C1/ C0+ B0/ A2+ @2\ @3/ A4/ C4+ @2/ B1+ @2/ D0\ A1\ @3+ C0+ C6/ C7/ F7+ F1+ C0/ A3\ H2+ H1/ B6/ B8+ F1\ B1+
8x8Trax_3890073 Rand al*Thor vs. PK : @0/ A2\ B2\ C2\ @1\ A0\ A3+ B1/ A0\ @4+ C5+ F4/ F3+ E3+ F2/ G4/ F5+ C6\ F7+ F8\ G8\ @3/ A5/ A6/ B7+ F8+ F2\ F1+ D1+ H1+ A8+
8x8Trax_3890431 YankeeFan vs. Kriistina Jean : @0/ B1\ B2\ C2\ D1+ D0/ E1/ E0/ A1\ C0+ @3/
8x8Trax_3891514 birddog8560 vs. Authority :
8x8Trax_3891662 Riika vs. Kaisa : @0/ A0/ A3/ A4/ @3+ C4+ @1\ C0/ D0/ E2\ A2+ B1\ B0\ A1\ @1\ @1+ A0\ H4/ H3/ G7\ B6+ B7/ A7/ C1+ F1\ H2/ H8+
8x8Trax_3892733 jazzbeth vs. Azalea : @0/ @1+ @1\ C0/ C0+ D3+ C4/ B5\ A4+ @3+ E6\ F4+ B6/ A6\
8x8Trax_3892759 PK vs. DavidJ : @0/ B1\ A2/ A0/ B3\ B4\ C2+ A0/ @4/ A5/ B6/ @4+
8x8Trax_3893498 *Leo The Lion vs. JiffyJeff : @0/ @1/ B0+ A0/ @3+ A4/ B4+ @2/ @3\ @2/ D0+ B6+ C7\ D6+ D0+ E8+ F8\
8x8Trax_3894412 Riika vs. Dawn : @0+ A0/ B2+ B3\ B4\ B0/ C2\ B0/ A1/ D3\ B0+ E7\ E8\ F6+ G6/ G4+ D3\ H5\ A7+ A8/
8x8Trax_3894443 Kaisa vs. Traxplayer : @0/ @1/ A0/ @1/ B0/ A0/
8x8Trax_3894706 *Leo The Lion vs. ajj52 : @0/ A2\ B1/ B0+ @2+ B0+ @3+ B0\ A1\ C1+ E3+ B5+ @4+ G3/ G2/ H2/ H1/
8x8Trax_3896733 mcinturff vs. FrostyColdOne : @0+ B1\ @1\ C2/ B2/ A3/ @3/ D3/ A1/ A0\ @1\ F4\ F5\ F2+ B5+ E6\ A5\ @1\ H3+ E1\ D0+ G2/ F1+
8x8Trax_3896877 Carroll vs. JiffyJeff : @0+ A2/ A3+ B1\ A4\ C4+ D3+ B0\ C2+ C0\ E4\ @4\ F6/ F7/ G6+ F2\ C8+ F8+ B1/ A1+
8x8Trax_3897011 golfnutrof vs. jazzbeth : @0+ A2+ A0+ B3/ @2+ B4\ B5\ A5\ D5\ C6/ A4\ E3/ E2/ D1/ F3+ F6\ G4/ D7+
8x8Trax_3897031 TrueIndian vs. Authority : @0+ @1+ A0/ A3/ @1/ B0/ D1/ D0/ B1+ @1+ A4+ F3+ E4\ E5\ C0/ F5+
8x8Trax_3898753 Traxplayer vs. YankeeFan : @0/ A0/ @2/ B0+ A4/ B5+ C2+ B0\ @5+ E6+ @2+ G4/ G3/ F2+ @4+ A5/ E7/ B6/ D8\ F8+ B7/ F1+ G8\ H8\
8x8Trax_3899084 Miss Traven vs. Christine : @0/ A2\ B1/ B0+ B3\ C3\ D3\ @1\ A0\ @3/ A4/ D1+ A5\ C5\ B6\ D5+ E1/ D6+ E6+ D7+ E3+ G5\ G6\ G7/
8x8Trax_3899266 TurkeyShoot vs. Didier : @0+ @1/ B0+ C2\ A3/ A1+ B0+ @4/ B5/ B6/ A5/ A6+ @5\ C7/ E2/ F2+ F4\ G3+ F6/ G6+ D0+
8x8Trax_3900159 Traxplayer vs. YankeeFan : @0/ A0/ @2+ A3+ B0\ A5+ C2+ @3/ @4\ @3/ @4\ H2/ A2\ D1\ G4\ H4+ F6/ C5+ A1\ C0\ C0+ B2+ G3+ G2+ DRAW
8x8Trax_3900246 Didier vs. JiffyJeff : @0+ A2/ A0\ @1\ B4/ C2+ A0\ @4+ @2\ @2+ A4+ @2+ G1/ H3+
8x8Trax_3901661 Rogue Trooper vs. Goonerg : @0+ A0/ B1\ A0\ @2/ B4/ @3+ C5/ D5\ C6/ @3+ A6+ D7/ C8+ E7\ E8+ F8\ F2/ F1/ @5/ G6+ A2/ H2\
8x8Trax_3901818 Miss Traven vs. Christine : @0/ B1\ B2\ A2+ C2/ A3/ A4\ @3+ A4+ @3+ B5\ @3+ E4\ F4/
8x8Trax_3901831 ypercube vs. coopaah : @0/ @1/ B2/ C2+ C3\ D2/ B0+ A4/ C5+ E2/ E1/ E3+ @2+ G4\ G5\ G3+ F0\ E1+ G7/ F7+ H4/ C1/ E7+ A5\ A1+
8x8Trax_3902623 wldndn vs. Charlo : @0/ @1/ B0\ C1/ C2\ C0\
8x8Trax_3902668 JoeyJoeyJoey vs. Charlo : @0/ @1/ B0\ A1\ @1\ B3+ D3\ D4\ @1/ A2/ B3/ @1+ A0\ E5/ B5/ F6/
8x8Trax_3902730 DavidTrax vs. Charlo : @0/ @1/ A2+ @2/ C0+ @3/ A4/ E2+ B5+ D4+ F2/ F3+ C6+ @4/ E0+ C7/ E8\ F6+ F1+ C3+ D8+
8x8Trax_3904205 ypercube vs. Authority : @0/ @1/ B0/ @1+ B0\ @2/ @3\ D0\ C1\ F1/ RESIGN
8x8Trax_3904206 Authority vs. ypercube : @0/ B1/ B0\ C2/ D1\ B0+ D4+ B0\ E3+ F3\ B0\ C2+ D1+ G4/ G3/ G0+ H1/ A3+ E7\ C1+ C0/ G1\ DRAW
8x8Trax_3904207 ypercube vs. Riika : @0/ @1/ B2/ A2/ @1/ @1/ D3\ E2+ B3/ D4\ C0+
8x8Trax_3904208 Riika vs. ypercube : @0+ @1+ B0/ B3/ @2\ @2\ B3+ C4\ C5\ @2\ F4+ E6+ G4+ D1+ C6/ B6+ A6\ B7\ A5/
8x8Trax_3904209 ypercube vs. dgb : @0/ @1/ A2/ C2+ C3\ C4+ RESIGN
8x8Trax_3904210 dgb vs. ypercube : @0/ @1/ @1/ @1/ B0/ B0+ C1/ D4+ C5+ E3+ @5/ C6+ E0/ F1+ A2+ RESIGN
8x8Trax_3904211 Authority vs. Riika : @0/ @1/ A0/ B1/ C2+ A3/ D2/ @3+ A0+ @4\ F1/ E5\ G2/
8x8Trax_3904212 Riika vs. Authority : @0+ B1+ A2/ @2/ A0\ @3+ @2/ A1+ @2+ C4/ F3+ F4+ G3/ D5/
8x8Trax_3904213 Authority vs. dgb : @0/ @1/ B2/ C1+ B3/ B0\ @2/ E4/ B3+ @3\ @2/ C1+ D0+ A5+ B6/ @2\ B1/ H3+ A5/ A7+
8x8Trax_3904214 dgb vs. Authority : @0/ A0/ A0/ A4/ @2\ C2/ B5+ D2+ D1+ E3+ B6+ C0/ C0/ D8+ B1+ A3+ @4\ B2+ B1+ A2+ @2\ A1\ @1\
8x8Trax_3904215 Riika vs. dgb : @0+ B1+ B0/ C1/ B0/ B0/ B0/ D4+ C6/ C3+ D2+ E2\ A2+ @3\
8x8Trax_3904216 dgb vs. Riika : @0+ @1/ C1/ @1/ B0/ A0\ B4+
8x8Trax_3904217 Charlo vs. Jay RAA : @0/ A2\ B1/ @1/ B0+ @3/ C4+ B0/ A1+ @4/ D6+ F2\ C0/ A3\ C0+
8x8Trax_3904218 Jay RAA vs. Charlo : @0/ @1/ B0\ A1\ @2/ @2/ E2/ C3+ A1\ C0+
8x8Trax_3904219 Charlo vs. Kaisa : @0/ @1/ @1/ A0/ @2/ C1/ @1\ B0+ @3+ C0+ C0\ A3/ B0/ B0/ A4+ @6/ A3+ H7/ E8+ B8/ E3+ G5+ G3+ H5+
8x8Trax_3904220 Kaisa vs. Charlo : @0/ B1/ B2/ C2/ B0\ B0\ A4+ C5+ C1\ D4+ D3+ C0+ D1/ E1+ D0\ E6/ F5\ G5\ G7+ D8/ @5\ B4+ G4+ H8/ A4\
8x8Trax_3904221 Charlo vs. Traxplayer : @0+ B1+ A0/ A3/ A4/ B3+ @4+ B5\ D4/ @3+ C0/ E2+ F2\ B2+ @2\ A1\ D0+ H3\ C7+ F1/ G2+ C0/ DRAW
8x8Trax_3904222 Traxplayer vs. Charlo : @0+ A0/ @2\ B0/ C1/ D1+ C0\ A5\ B6/ D1+ @6/ B7\ @5+ C1\ B3+ E0+
8x8Trax_3904225 Jay RAA vs. Traxplayer : @0/ B1\ A2/ @2/ A0/ A4+ @1\ B0/ E3/ C2/ C1/ @3/ E0/ F1/ @3\ B2/ B1/ G2+ A1\ @3+
8x8Trax_3904226 Traxplayer vs. Jay RAA : @0+ B1\ @1\ B0/ D2\ B3/ A0\ @2/ E1/ C0/
8x8Trax_3904227 Kaisa vs. Traxplayer : @0/ B1\ A2/ @2/ B3\ C3\ D2+ A0\ @4\ @3+ C0\ C0+ B7+ A6/ E1+ F2+ G4\ H5\ H6\ H7\ D8+ RESIGN
8x8Trax_3904228 Traxplayer vs. Kaisa : @0/ @1/ A0/ @1/ A0/ @2/ A0/ @3+ E5/ F4/ F6/ @2/ A0\ H6+ G8/ F8/ E6+ D1+ E2+ D7\ F3+ E1/ F1/ G1\ B5+ B7+ H4/ H3/ A6\
8x8Trax_3904229 dreamflight vs. GringoNZ : @0+ B1+ B2/ B0/ C1+ @2/ E1+ D0+ F2+ B5+ G2+ @4\ A6/ B7/ A7+ B8+ B2+ C6+
8x8Trax_3904230 GringoNZ vs. dreamflight : @0/ A2\ B1/ B0+ @2+ C3+ B4/ A3+ @2+ C5\ D5\ D0+ B6/ A6+ C7/
8x8Trax_3904231 dreamflight vs. Rand al*Thor : @0/ B1\ A2/ B2+ C2\ C3\ @1\ B0/ A1+ D1/ E4+ D0\
8x8Trax_3904232 Rand al*Thor vs. dreamflight : @0/ A2\ B2\ B1+ C1+ C0/ A1+ B4\ D1+ D0+ D5\ E5+ C6\
8x8Trax_3904233 GringoNZ vs. Rand al*Thor : @0/ B1\ A2/ @2+ B0+ C1+ @2/ E2+ E3\ E4\ C5\ E5\ F2+ G3+ H4+ G2+ G1/ D0/ H4/ A1\ C0/ B0+ E2/ A7\ E1\ H3/ F1+
8x8Trax_3904234 Rand al*Thor vs. GringoNZ : @0/ @1/ A2+ @2+ B3+ D1+ C3+ C0\ B1+ C0/ D1/ D0/ E3\ B1\ E6\ B0/
8x8Trax_3908319 Charlo vs. Rand al*Thor : @0/ A2\ B1/ B0+ @2/ C3+ C4/ D3+ @1\ A0\ A5/ @1+ B6\
8x8Trax_3908320 Rand al*Thor vs. Charlo : @0+ A2/ @1+ B0/ C1+ C0/ D3\ D4\ D5\ D6+ A5+ E6/
8x8Trax_3908321 Charlo vs. dgb : @0/ A0/ B1/ C2+ A3/ D1\ @2+ @3\ C4/ F0/ G3/ C1+ D0\ A2\ A1\ @4\
8x8Trax_3908322 dgb vs. Charlo : @0+ A2/ B1\ A3/ @3/ @3+ C4+ E2/ D0+ F3+ F1/ D0/ G3+ F1/ F0/ G6+ B8/ A7+ H2+ D8/ H4\
8x8Trax_3908323 Charlo vs. TrueIndian : @0/ B1\ A2/ @2+ @1/ A0+ B0+ D2+ B0+ D1/ E2\ C0+ A3\ @2/ @2/ A1+ A0/ @6+ A7/ D0+ F2\ G8\ A2/ A1+
8x8Trax_3908324 TrueIndian vs. Charlo : @0+ A0/ B1/ B0+ B0+ @3/ D2/ D3+ A1+ @3/ E0/ F1/ D1+ E0+ @5/ G6/ @3\ C2+ E7/
8x8Trax_3908325 Charlo vs. ypercube : @0/ A0/ A3/ B2/ B4/ A0/ A0\ @2/ C2/ D4+ E3+ D7\ E5/ B7/ A4+ B8\
8x8Trax_3908326 ypercube vs. Charlo : @0/ @1/ B2/ @1\ A0\ A0\ A0\ B3+ @4+ D1/ RESIGN
8x8Trax_3908327 Rand al*Thor vs. dgb : @0/ @1/ A2+ C1+ A3\ B0\ A1+ B0/ C1/ C0/ D3\ A1\ D6\ A0/
8x8Trax_3908328 dgb vs. Rand al*Thor : @0+ @1+ C1\ C2\ B3\ D2+ B0/ D4\ E1/ B0/ E5\ F5+ D6+
8x8Trax_3908329 Rand al*Thor vs. TrueIndian : @0/ B1\ A2/ @2+ C2\ B3/ B0/ D1/ C0\ @1\ C0+ @3+ G4+ G6+ F7\ B6/ A7\ @4+
8x8Trax_3908330 TrueIndian vs. Rand al*Thor : @0+ B1+ A2\ B0/ C1+ C0/ D2+ @3+ F1/ D0/ C2+ F3\ G3\ E4+ G5\ H4/ E5/ D6\ A3+ E7/ C8+ B7/ A7/ A8+ F1+ G2+ G6\ E8+ F7+
8x8Trax_3908331 Rand al*Thor vs. ypercube : @0+ @1+ A2\ A0\ @2/ B0/ C1/ C0/ D4/ A1\ @4+ B0/
8x8Trax_3908332 ypercube vs. Rand al*Thor : @0/ B1\ B2\ A2+ C1/ A0/ A0/ D3/ A0/ C2+ @4+ A5+ E1/ E0/ @5\ F3+ G3\
8x8Trax_3908335 dgb vs. ypercube : @0/ @1/ B0/ @1/ D1+ @1/ D0/ A0\ @1\ G2\ @1/ B2+ F5\ B4\ F6\ A3\ C0\ D0+
8x8Trax_3908336 ypercube vs. dgb : @0/ @1/ A2+ C1+ B0/ B4\ D3/ E2\ D1+ B0/ B0+ F4+ E2+ @2\ RESIGN
8x8Trax_3908337 TrueIndian vs. ypercube : @0+ @1+ B2/ A0\ @1+ @1/ B3+ @2+ C4+ @2/ A4+ @2/ B1+ H3\ H4\ H5\ H6\ E0\ H3/ H2/
8x8Trax_3908338 ypercube vs. TrueIndian : @0/ A2\ B1/ B0+ @2+ C0+ A1\ @1\ E3\ E4\ C5/ B5/ F4\ F5\ B6/ A6/ F6+ D7+ G5\
8x8Trax_3911227 ken vs. Riika : @0+ @1/ A2/ @2/ C0+ A1\ C4/ @2\
8x8Trax_3912516 Carroll vs. JiffyJeff : @0+ A2/ B1+ A0/ A0/ C2+ B0+ B0/ D4/ D5+ E3\ D6+ F1+ F0/ F6\ RESIGN
8x8Trax_3912645 birddog8560 vs. Dragon101 :
8x8Trax_3912667 ypercube vs. Authority : @0/ @1/ C1/ D1/ B2+ A0+ B0+ C0+ E1+ C6+ @3\ A2\ D7/ @2+ RESIGN
8x8Trax_3914132 ken vs. Rand al*Thor : @0+ A0+ B1+ @1/ C2+ D2/
8x8Trax_3914177 Goonerg vs. Azalea : @0/ B1+ A0/ C2+ B3+ @1+ @1/ B3+ @2\ A0\ @2/ A1+ D1+ E0\ F2+ G2\ C0+ E1+ A1\ A0/
8x8Trax_3914231 Riika vs. Rimon : @0+ A0/ @1/ @1+ C3\ D1/ E1+ C0+ @2+ F1/ E0\ G2+ H2+
8x8Trax_3914255 DavidJ vs. GringoNZ : @0/ @1/ B0/ @1/ C3+ D1/ D0/ E4+ C0+ A5/ @2+ C6/
8x8Trax_3914312 PK vs. Dragon101 : @0+ A0/ B1/ C2/ B3+ A0+ C5\ D3+ E4/ E5+ C1\ E6/ B6/ D7\ F7\ E8/ A5+ F5+ G5/ @6\ A7+
8x8Trax_3915850 Rogue Trooper vs. jaha : @0+ A0/ @2/ B3/ C1/ D1+ C3+ E3+ A3+ @3\ B1+ A0/ D0+ C6+ B0+ D8/ E8+ E3+ @3+ A2\ @2\ A1\ H3+ D7/ B7+ A5+ B8+ DRAW
8x8Trax_3915942 *Leo The Lion vs. ajj52 : @0/ B1\ A2/ @2+ B3\ C2+ D1/ A3/ C0/
8x8Trax_3919037 Dragon101 vs. Rogue Trooper : @0/ A0+ B2/ A0/ B4+ C4\ C2+ D1\ B5+ C0+ E4+ E1/ F3/
8x8Trax_3922427 Charlo vs. Mersephone : @0/ A2\ B2\ C2\ B1/ D2/ D1/ E1/ E0/ @3\ G2+ E0+ C2+ B5/ A1\
8x8Trax_3922428 Mersephone vs. Charlo : @0/ @1/ @1/ C2\ D2\ C3+ A0\ @1\ F3/ E2+ E5\ F5\ G5\ B5/
8x8Trax_3922429 Charlo vs. ypercube : @0+ @1+ A2\ B0/ B0+ B0\ A1\ A0\ @4+ @4/ B6+ A1+ @4/ E0/ F1/ D0\ C1+ F7\ B1+ A1\
8x8Trax_3922430 ypercube vs. Charlo : @0/ @1/ C1/ B2+ D1/ A0+ B0+ C5+ @2\ B1\ E0/ F4/ B1\ E0/ A3+
8x8Trax_3922431 Mersephone vs. ypercube : @0+ @1+ A0/ A3/ A0\ @2\
8x8Trax_3922432 ypercube vs. Mersephone : @0/ A2\ B1/ B0/ @1+ A0\ A0+ @2/ E1/ E0/ E5\
8x8Trax_3922433 Authority vs. dgb : @0/ @1/ @1/ B0+ @2/ D3+ C4+ B5+ @5+ B0+ A1\ @6\ B7/ A1+ @6\ B0/
8x8Trax_3922434 dgb vs. Authority : @0/ @1/ A0/ @1/ B0/ B4\ D3/ C2+ D4\ E2\ B5+ A5/ @1\ C0/ A6+ @5/ C7/
8x8Trax_3922435 Authority vs. Christine : @0/ B1\ A2/ @2+ B3\ C3\ B0/ @3+ D5\ @3+ F4+
8x8Trax_3922436 Christine vs. Authority : @0+ @1+ A0/ A3/ B3+ C1\ D1/ D0/ E1+ A1/ D0/ @3/
8x8Trax_3924792 Rand al*Thor vs. Azalea : @0/ A2+ A0\ @2/ A1+ @2/ @3\ @1+ D0\ C0/ E2+ C0+ E1/ F1/ F3+ D7+ A7/ D8+
8x8Trax_3924827 Goonerg vs. Kriistina Jean : @0/ B1\ A2/ @2/ B0/ B4+ C4\ C5\ D5\ D6\ E3+ F6+ A6/ C0+ @6\
8x8Trax_3925230 dgb vs. GringoNZ : @0/ @1/ A0/ @1/ B0/ B4\ D3/ A0/ @1+ @2+ C4/ D6+ D7/ E6\ @3\ C0+ B1\ F3/ F2/ @5/ D6+ H2/ DRAW
8x8Trax_3925231 GringoNZ vs. dgb : @0/ @1/ A0/ A3\ A4\ A5\ @4\ C4+ D4/ E3\ F4/ E2+ A6/ @4+ B2\ C0/ E2+ G2/ @5/ C8/ A7+ G1+ B4+ G6+ F7+ G7+ A8/ G8+
8x8Trax_3926777 YankeeFan vs. jazzbeth : @0/ @1/ C1/ C2/ D1/ B0\ D4\ E2+ B4\ D5+ A5/ C6+ F2\ B0+ E6\ @5+ F2/ D8+
8x8Trax_3927565 DavidTrax vs. **Lover of Darkness** : @0/ A2/ B1\ A0/ A4\ B3+ C3\ C4\ D4\ B5/ C2+ C0\ E4+ F4\ G4\ F3+ @5\ E7\ G6+
8x8Trax_3928721 Didier vs. JiffyJeff : @0+ A2/
8x8Trax_3929854 DavidTrax vs. Charlo : @0+ @1+ C1\ C2\ B3\ A0/ A3+ A5+ @4\ E3+ A2\ @1/ C0/ A6/ RESIGN
8x8Trax_3930718 *Leo The Lion vs. JiffyJeff : @0/ A0/ B1/ @2\ B0+ A2\ @2\ A1\ D0\ C5/ B6\ C7/ D0/ E1+ E2+ F1/ E7+ F2\ G1/ F7/ G3/ H1/ G7/ H5+ G8\ DRAW
8x8Trax_3931820 Riika vs. Linda Sue : @0+ @1\ A2/ @2/ @2/ C0/ B1\ C0/ @2\ A1\ @4+ @3/ C5+ E5\ C6/ C7\ A6/ @5/ C7/
8x8Trax_3932764 **Lover of Darkness** vs. Charlo : @0/ @1/ A0/ @1/ @1/ D1/ E2/ E3+ F3\ B3/ C4+ C0+
8x8Trax_3933854 **Lover of Darkness** vs. DavidTrax : @0/ A0/ A3/ A4/ A5/ B3+ @5/ D1/ B0/ D6\ E3/ D7/
8x8Trax_3934436 grade1teacher vs. YankeeFan : @0/ A0/ B1\ A3\ B3\ C3+ A4/ @4/ D4\ C5+ A2+ @4/ @4/ B6/ @3\ B2+ D7+ C0\ B1\ F8+
8x8Trax_3934608 Dragon101 vs. Traxplayer : @0/ @1/ A0/ @1/ @1/ C0+ A3/ A0\ @3+ C0/ D1/ @3/ @4\ H5\ F6+ D7/ C7/ B5+ D0+ A3\
8x8Trax_3937013 dgb vs. *Leo The Lion : @0+ B1+ @1/ A2/ B3/ B0/ B0/ A2+ D2/ @4/ F2\ E3+ E4\ F4\ G3+ A5/ B6+
8x8Trax_3937016 Kaisa vs. *Leo The Lion : @0/ A0/ A3/ @1\ B0/ C3+ B5/ @5+ E5\ C6/ E1/ RESIGN
8x8Trax_3937017 Kaisa vs. *Leo The Lion : @0+ B1+ A0/ A3/ C1\ B0\ @4+ B5\ C4+ A2+ C0+ @4/ @4\ G3\ F5+ G6/ D7/ C6+ H6+ F7+ G0+ H1+ H8+ C2\ E1+
8x8Trax_3937018 *Leo The Lion vs. Kaisa : @0/ A0/ @1+ C1\ @1/ @1/ D3/ D0/ B1+ @2+ G1/ G0/ G0/ H4+ H5\ E2+
8x8Trax_3937019 *Leo The Lion vs. Kaisa : @0/ @1/ A2+ B3/ @2/ @2/ D0/ E4+ F3+ G2+ C0\ B1\ E6\ F5\ D7/ C7/ F7\ RESIGN
8x8Trax_3937021 dgb vs. *Leo The Lion : @0/ A0/ A0/ @3+ A4/ A5/ C2+ D1\ E1\ B4+ @3\ E0+ @2\ D1+ @3/ B4+ A6/ D7/ G4+
8x8Trax_3937023 dgb vs. *Leo The Lion : @0+ B1/ @1/ A2/ A3+ C2+ B0+ B5/ D5\ B6/ D2/ RESIGN
8x8Trax_3937025 dgb vs. *Leo The Lion : @0/ A2\ B2\ B3\ @2+ C1+ D3\ E3+ D4/ F1/ C0/ F1+ C0/ B2+ G4+ F5\ F6\ RESIGN
8x8Trax_3937026 *Leo The Lion vs. dgb : @0/ A0/ B1/ C2+ A3/ D1\ B0/ A5+ RESIGN
8x8Trax_3937027 *Leo The Lion vs. dgb : @0+ B1+ A2\ B0/ @2\ D2+ B1+ C4\ D4\ D5\ RESIGN
8x8Trax_3937028 *Leo The Lion vs. dgb : @0/ B1\ A2/ A0/ @3+ B0+ B0/ B0/ @4+ @5\ B2\ A2\ @5\ G4/ F3+ C6+ E7\ F7\ H4+ H3/ G7\ G8\ H8\ D7/ C1+ G1+ DRAW
8x8Trax_3937029 *Leo The Lion vs. dgb : @0/ @1+ C1/ @1/ A2/ C2+ E1/ @2\ F0/ F4+ G1+ A4/ @3\ F0+ E5+ E6/
8x8Trax_3937902 **Lover of Darkness** vs. DavidTrax : @0+ @1\ A0\ A0/ @2/ D3+ A3+ A4/ A5/ @3\ @2/ A1+ C0\ G4+ @2\ A1\
8x8Trax_3938297 jaha vs. Goonerg : @0/ A2/ @2\ C2/ B3+ C4/ B5\ C6/ B7\ @2\ B6/ @4+ A7/ @3/ A7\
8x8Trax_3938348 birddog8560 vs. Rogue Trooper :
8x8Trax_3938434 dgb vs. Traxplayer : @0+ B1+ B0+ C1+ B0+ @3+ C4+ C0/ D1/ E2+ B2\ C0+ A1+ D0/ E1/ RESIGN
8x8Trax_3938468 psychospaz mom vs. Traxplayer : @0+ B1+ B2/ A0\ @1\ @1+ C0+ D2/ E2/ D1/ D0/ E1/ E0+ F1\
8x8Trax_3939436 Authority vs. **Lover of Darkness** : @0/ B1+ C1/ C0/ C0/ A1/ @2+ D0/ @4\ A2/ A5/ @5/ F5/ C6/ G3+
8x8Trax_3939633 Uncle Chuckie vs. supermac : @0/ B1\ A2/ @2/ A0+ @3/ @3+ D4+ E4\ E5\ C5+ F4+
8x8Trax_3939810 jazzbeth vs. Charlo : @0/ @1/ B2/ C2/ C3/ D3/ D4/ E3+ A2+ B0+ C2+ D2/ @3/ B0/ D2+ @4/ B1+ D5/ E6+ A1/ @4/ B0/ C7+ E8+ A2/ F2/ F1/ H4/ C8/ G8+
8x8Trax_3940345 Sharon39 vs. Sir Pussycat : @0+ B1+ A0+ C2+ A0+ A4\ A0+ C5\ C6\ @5/ B6\ C7/ D3/ E3/ B0+ C3/ A3/ @3/ E3+ @4+ A3+ @4+
8x8Trax_3940850 GringoNZ vs. Christine : @0/ B1\ A2/ C1\ C0\ @2/ B4/ A3+ B1/ C3\ D0/ E1/ A1\ B0\ @3\
8x8Trax_3940851 Christine vs. GringoNZ : @0+ B1+ @1+ @1+ B2/ B0/ C0\ @3+ B5\ D0\ D5+ C7\ B3+ E3+ E5+ F4+ D7+ E7\ F6\ G5\ E8\ @4+
8x8Trax_3940852 GringoNZ vs. Kaisa : @0/ @1/ A0/ A3\ A4\ @2/ @3\ @2+
8x8Trax_3940853 Kaisa vs. GringoNZ : @0/ @1/ A0/ @1/ B0/ @1/ C4/ E3+ F3/ D2/ C5+ RESIGN
8x8Trax_3940854 GringoNZ vs. StackPele : @0/ B1/ A0/ A0\ @1\ A3\ A0/ C2\ @3+ D1/ E1/ E3+ C0\ B1\ A1\ @3/ B0\ @4/ G0+ H2\ C0\ B2+ B8+
8x8Trax_3940855 StackPele vs. GringoNZ : @0/ @1/ B0/ A0+ @1\ @1+ B0/ A5/ @4\ E5\ D6\ F5/
8x8Trax_3940856 GringoNZ vs. ypercube : @0/ @1/ A0/ @1/ A0/ @2/ @2+ A3/ C0/ E3/ D5+ F3+ E2+ F6\ G6\ D1/ C4/ D6/ E7\ A0\ @3/ C7/ E8/ G2\ B7+ B8/ H3/ A8+ G1+
8x8Trax_3940857 ypercube vs. GringoNZ : @0/ @1/ A2+ @2+ A3/ @3/ A4+ @3+ B1+ @1+ E4\ D5/ F0/ G1/ A4/ H5\ RESIGN
8x8Trax_3940862 Christine vs. ypercube : @0+ @1+ B2/ A0\ A4\ @3\ D3\ @1\ B0/ A5/ @4/ B6\
8x8Trax_3940863 ypercube vs. Christine : @0/ A2\ B1/ B0+ C1+ B0/ @3+ D0\ B6/ A6/ D4\ D5\ A7/ B1\ @6+
8x8Trax_3940866 Kaisa vs. ypercube : @0/ @1+ B2/ C1/ B0\ B0\ A1\ @4\ E3+ A0/ @1+ @2+ E6/ F0+ H5+
8x8Trax_3940867 ypercube vs. Kaisa : @0+ A2\ B1\ A0\ A0\ B2+ @2\ @2\ @3\ F2+ E0+ F2/ D0/ RESIGN
8x8Trax_3940868 StackPele vs. ypercube : @0/ @1/ @1/ D1/ @1/ C2+ B0+ E4\ F3/ A4/ @4\
8x8Trax_3940869 ypercube vs. StackPele : @0/ @1/ B2/ C2/ B0/ A3/ A4+ @3\ B0/ A2+ E5\ D6/ A0\ @3\ @3\ A1/ @3/ B4\ G3+ A1\ B0/ F3/ H3/ H2/ G1\ E1\ A5/
8x8Trax_3944034 Megababe vs. johna : @0/ @1\ A0/
8x8Trax_3944742 Rogue Trooper vs. YankeeFan : @0+ @1\ C1\ C2+ C3/ A2+ B0/ D1/ D0/ B1+ E3+ E4+ F3/ D6\ E6/
8x8Trax_3945642 dgb vs. GringoNZ : @0/ @1/ @1/ A0/ @2/ A0/ C4/ D5/ E5+ F3\ C2+ RESIGN
8x8Trax_3945643 GringoNZ vs. dgb : @0/ @1/ A0/ @2+ C3/ B0\ @2/ @3\ C4/ A1+ @1\ E0/ F1+ @2\ A1\ A0+ @4+ C5+ C7+ A6+ E8\ F8+ DRAW
8x8Trax_3946200 Sea Breeze vs. Rogue Trooper : @0+ B1+ B2+ C2\ A2/ B3+
8x8Trax_3946280 Charlo vs. birddog8560 : @0/
8x8Trax_3946496 Sista vs. Charlo : @0+ A0\ B1\ A0\ @3/ @3+ A4/ D0/ E1/ A1\ C0/ @2/
8x8Trax_3946513 Riika vs. Charlo : @0/ @1/ C1/ C2/ A2+ D2\ D3+ D4/ C4/ C5/ B5+ E1/ E0/ E6\ D1\ E7/
8x8Trax_3946864 sithneedow vs. Charlo : @0+ A2/ A0\ @3/ A4/ @1+ A0\ A0\ @5\ A2+
8x8Trax_3947343 Charlo vs. johna : @0+ A0/ A3\ B3/ B2+
8x8Trax_3947516 DavidTrax vs. **Lover of Darkness** : @0/ B1+ C1/ B2/ B3/ C2+ C4+ D1/ D4\ E2/ E3+ F2/ G2/ F4+ F1+
8x8Trax_3947877 Sir Pussycat vs. Sharon39 : @0+ A0+ A0+ @3+ B0+ B0\ A1\ @1+ B0+ @3/ A4/ C5\ E5\ B5+ D7+ @5/ A6/ A7/ D0+
8x8Trax_3948085 FrostyColdOne vs. mcinturff : @0/ B1+ A0\ @1\ A0/ D3\ C4/ B4+ C5+ B5+ C6\ E5/ B6/ B7/ D7+ B8/ E3/ D2\ C1/ F4+ E1/ F6/ A7/ A8+ @7+ A8+ @7\ C4+
8x8Trax_3948786 Charlo vs. Cheeky Cow : @0/ B1\ A2/ @2/ A0/ A4+ A5/ C3\ @4+ A3\ A2+ C1/ @3\ D0\ F3+ G3/ G1+ D0\ B2+ H2/ H1/ C1+ A2+
8x8Trax_3950323 ypercube vs. Authority : @0/ @1/ B2/ C2/ C1+ C0/ B1+ @1/ B0/ B0+ B5/ A5/ A6/ @3+ @1\ C0+ A6+ @2+ H3/ G2+ B8/ A7\ H2+ F1/ G8\ H8\ H7/ H4\ B1+ A1\ H6/ A8/ H1+
8x8Trax_3950324 Authority vs. ypercube : @0/ @1/ C1/ @1/ B0\ B0+ D4+ A5/ @5/ A3/ @4\ E0\ C7+ D8+ C2/ B2/ B1/ G5/ A7\ H5+ G4/ A8\ A3\ B8+
8x8Trax_3950325 ypercube vs. Traxplayer : @0/ B1\ B2\ A0/ A0/ @3+ B0+ D3/ C1/ D1/ D0/ E1/ E0/ RESIGN
8x8Trax_3950326 Traxplayer vs. ypercube : @0/ @1/ A0/ @2+ A0/ A4/ A0\ @1\ A2+ D5\ RESIGN
8x8Trax_3950327 ypercube vs. Charlo : @0/ @1/ C1/ C2/ D1/ E2+ D3\ D4\ E4\ F2/ B4+ A0+ C6+
8x8Trax_3950328 Charlo vs. ypercube : @0/ A0/ A3/ @3+ A4\ C4+ D3+ E1\ E2\ E4/ D5\ @2+ A3/ D6+ E0+ C8/ B8/ G5+ F7+ G1+ H4\ B6+
8x8Trax_3950329 Authority vs. Traxplayer : @0/ B1\ A2/ A0/ A0/ @3+ D1+ A0\ @4\ C0/ D2+ A1+ @2\ G5\ F6/ C7\ D8/ H4/ H3/ B7+ A6+ E7\ G6\ F8/ DRAW
8x8Trax_3950330 Traxplayer vs. Authority : @0/ @1/ A0/ @1/ A0/ @1/ B0+ @2/ A0+ @1\ @1+ C0+ A5/ @5/ C6\ D6\ G3/ G2/ G1+ H3+
8x8Trax_3950331 Authority vs. Charlo : @0/ @1/ C1/ C2/ C3/ A2+ @2/ E1+ C0+ A2+ B0/ B0+ F5/ @4+ D6/ D7/ E8+ A7/ B8\ @5/
8x8Trax_3950332 Charlo vs. Authority : @0/ @1/ @1/ @1/ C0+ D3+ C4+ B5+ B0/ E4+ E5\ @3/ @2+ D0/ E0+ @4/ A6+ F8\ C1+ DRAW
8x8Trax_3950333 Traxplayer vs. Charlo : @0/ @1/ A0/ @1/ A0/ @2+ A0/ @1/ @1/ C0/ A0+ @3/ A4/ @1+ E0/ F1/ A6/ C7+ A1\ E0+
8x8Trax_3950334 Charlo vs. Traxplayer : @0/ B1\ B2\ A0/ @1/ D1/ D0/ E1/ B1/ E0+ D0/ A2\ @2\ F7\ G5+ H3/ H2/ E8/ D8/ C8/ B8+ A5+ DRAW
8x8Trax_3950337 Kriistina Jean vs. Riika : @0+ B1+ B2/ B0/ C1/ B4\ C4\ D1+ B5/ A5/ @2/ C0\ @5+ C2\
8x8Trax_3950338 Riika vs. Kriistina Jean : @0/ B1\ B2\ C2\ @1\ B0/ B3/ C4+ A4/ D5/ @3/
8x8Trax_3950341 TurkeyShoot vs. Riika : @0+ B1+ B2/ B0/ C1+ @2\ E1+ A1/ E0\ E3+ B1\ D0/ @3+ G3+ @3+
8x8Trax_3950342 Riika vs. TurkeyShoot : @0/ B1+ C1/ C0/ B3+ D1/ A4/ @2/ @2/ F3\ G2+ D4+ F0/ G5\ H2\ F6\
8x8Trax_3950345 Riika vs. dgb : @0/ @1/ C1/ @1/ A2/ A0+ @1\ @1+ B0/ F5\ G2\ A5/ E1+ C6/
8x8Trax_3950346 dgb vs. Riika : @0+ @1+ @1/ C0/ C0/ A2/ @3/ A4/ A1\ C5\ C0+
8x8Trax_3950347 davidmilne vs. Kaisa : @0/ A0/ B2+ @2\ B0/ D2+ E2/ E0+ C0/ C0/ E2/ F5/ G4\ @6/ B7\ H6+ C1+ A5+
8x8Trax_3950348 Kaisa vs. davidmilne : @0/ @1/ B2/ B0\ @2/ D1\ C4+ E1\ A3+ B5\ D5+ F3+ D0+ F7\
8x8Trax_3950349 davidmilne vs. GringoNZ : @0/ @1/ B0+ C1+ A3+ @2+ @2\ A0+ E4\ E5\ F3+ @1\ @1\ A0\ A0\ G8\ C6/ B5+ C7/ E7+ D8\ D2/ D1/ E2+ F1\
8x8Trax_3950350 GringoNZ vs. davidmilne : @0/ @1/ B0/ @2+ A3+ C3\ D3\ B4+ D1/ RESIGN
8x8Trax_3950351 Kaisa vs. GringoNZ : @0/ @1/ A0/ @1/ B3/ B0\ C2/ C5/ D2/ E2/ A4/ C0\ F3/ @3\ B2+ G0+ @6/ A7/ D1/ A8\ B7+ D7+ RESIGN
8x8Trax_3950352 GringoNZ vs. Kaisa : @0/ A0/ @2/ A0/ C3/ B4+ B5/ D3\ @4/ C6/ C7/ E2/ F2/ E4\ D5+ F1+ D0+ B1+ A3\ @3\ H3/ G5\ F7+ B7+ A7/ DRAW
8x8Trax_3953639 Charlo vs. andy99 : @0/ A2/ B1+ C1+ B3/ @2+ B0/ A4/ @4/ C5\ A1\ F2+ @2/
8x8Trax_3955084 GringoNZ vs. Traxplayer : @0/ B1\ A2/ A0/ @1/ B0+ @1/ E2/ E1/ E0+ F3+ B5/ A1\ RESIGN
8x8Trax_3956336 YankeeFan vs. csain1 : @0/ A0/ A3/ A4/ B4/ B3+ B5\ C3\ C2+ C0\ A1/ @3+ B0/ @2+ A5+ B7+ @7\ A2/ D8+ G3\ H3+ F8/ G6+ H5+ H7+ H8\ DRAW
8x8Trax_3956515 YankeeFan vs. Authority : @0/ A0/ A3/ A0/ B3+ C3/ @1+ A0\ @1\ E1/ D0/ F3/
8x8Trax_3957691 Traxplayer vs. Rogue Trooper : @0/ @1/ A0/ @2+ B0/ A4/ @1\ A0\ @3/ A4/ @5/ A6/ @6+ G5\ RESIGN
8x8Trax_3957811 dgb vs. ypercube : @0/ @1/ @1/ A0/ @2/ A3/ @1\ B0/ D5+ C6+ @3+ B1\ A0/ G6\ F7/ F3+ H4/ H3/ E2/
8x8Trax_3957812 ypercube vs. dgb : @0/ @1/ C1/ B2+ D1/ A0+ B0+ D0\ A6\ B7/ A8\ C8+ @3\ B2\ @4/ A5/ RESIGN
8x8Trax_3957832 birddog8560 vs. ypercube :
8x8Trax_3957852 Authority vs. GringoNZ : @0+ B1+ C1\ C2\ C0\ D2/ D4/ B0\ A2+ @2\ A1\ @1\ D0+ G6\ F7/ H6\ B4/ B5/ C6+ A5+
8x8Trax_3958428 Megababe vs. Jay RAA : @0/ A2\ B1/ @2\ D1/ @2/ A3/ B0\ A1\ @3/ G2/ A0/ @2\ E0+ H5+ C0\ B1\ A1\ F1+ C0+
8x8Trax_3959242 Dragon101 vs. DINGEROO : @0/ B1\ A2/ @2+ @1/ C0+ D3+ @1\ C0+ @3/ A4/ A5/ @4+ @5/ C6/ F0\ B2\ A3/ D0+
8x8Trax_3959252 Rand al*Thor vs. Jay RAA : @0+ B1\ B0/ C2\ B3+ B0\ A1\ A0\ @3/ D1/ E4\ C0/
8x8Trax_3961101 jazzbeth vs. jaha : @0/ A0/ B2/ B3/ C3/ C4/ D4/ D5/ E5/ E6/ F6/ F7/ G7\ G8+ C5/ C2/ B5/ C1+ D3/ A4+ @2+ B6/ A4/ F4+ E6+ E7/
8x8Trax_3961108 Authority vs. dgb : @0/ @1/ C1/ @1/ C2\ D0/ @3\ B4/ B5+ A0+ @4\ F0/ B7/ E0+
8x8Trax_3961123 YankeeFan vs. Charlo : @0/ @1/ C1/ C2/ D1+ A0\ @1\ E4+ C4/ C5/ A4+ @4\ C0+ G4/ @4/ C0/ B7/ B8/ F7+ E8/ A8+ G3/ H2+ G1/ G8/ B1+ DRAW
8x8Trax_3962396 balmoral vs. Goonerg : @0/ B1/ C1\ B2/ B3+ C3+ C4\ B0/ A0+ @3/ B5\ E3+ D1+ A5/ C6/ C7/ D0+ F4+ E6+ F5+ G4\ A1\ @2+ A6+ A7/ G2+ G1+ H1/ F8\ DRAW
8x8Trax_3962473 golfnutrof vs. DavidJ : @0/ A2\ B1/ @1/ @2\ @1/ D0+ D0/ C5+ A1+ B0\ @3+
8x8Trax_3962581 Traxplayer vs. GringoNZ : @0/ @1/ A0/ @1/ A0/ @1/ A0/ @2+ A0/ @1/ A0/ B5/ F7/ F5/ F4/ C6/ @2\ F3+ H3\ F2/ B5+ F1\ E1+ D7/ C7+ E0+ RESIGN
8x8Trax_3962619 Authority vs. Charlo : @0/ A0/ @2+ B0+ @2/ D1/ E1/ D3+ B4/ @2/ B0+ B0/ B0/ A2+ E3+ D2/ E7/ @4\ @4\ E8/ B7+ A3\ A7/ F1/ B2+ H6/ DRAW
8x8Trax_3963113 dgb vs. Traxplayer : @0/ B1\ A2/ A0/ @2+ D1/ D0/ @3\ @3\ @3\ C1+ D0+ A5+ RESIGN
8x8Trax_3965179 GringoNZ vs. Authority : @0/ @1/ B0/ A0+ @2\ B0/ @4/ A5/ E3+ E1/ E0/ F4+ G1/ G0/ @7/ C3+ C2\ F1/ B3+
8x8Trax_3965180 Authority vs. GringoNZ : @0/ @1/ B2/ A2+ B0+ @1/ A0/ D3/ A3+ D5\ E3/ C6/ B6/ A6+ @6\ C7/
8x8Trax_3965181 GringoNZ vs. Traxplayer : @0/ B1\ A2/ A0/ @1/ A0/ @1/ E3/ F3/ E4+ C5/ D6/ C1/ G3\ C0/ E2/ B5+ C0/ E2+ A7\ A8/ @8+ G2+ A3+ B4+ A6+ A5\ H6\ H7\ H2/ DRAW
8x8Trax_3965182 Traxplayer vs. GringoNZ : @0/ @1/ A0/ B1/ @1\ C0/ B0+ A1\ B5+ B6/ A0\ @1\ C0/ D1/ E2/ F2/ F1/ @3\ H2+ F6+ G4+ C7+ G6\ H5+ F8+ DRAW
8x8Trax_3965183 GringoNZ vs. ypercube : @0/ @1/ A0/ @2+ A0/ @2+ A0/ @2+ E5/ B4/ B0/ A5/ A6/ @3+ @3/ B1+ C0\ E1\ F2/ C0\ RESIGN
8x8Trax_3965184 ypercube vs. GringoNZ : @0/ @1/ C1/ B0\ @2/ B3/ D4+ E1\ E0+ F4+ F6\ G4\ B1\ D0+ A6/ C7+ @5\
8x8Trax_3965185 Authority vs. Traxplayer : @0/ B1\ A2/ A0/ A0/ A0/ @3+ D2/ @1\ RESIGN
8x8Trax_3965186 Traxplayer vs. Authority : @0/ @1/ A0/ @1/ A0/ A3+ @1\ B0/ D5/ C2+ D1\ E3\ F4+ B0/ C0+ @4\ B3\ A6/ RESIGN
8x8Trax_3965187 Authority vs. ypercube : @0/ @1/ B2/ A2+ @2/ A3/ A4+ D1+ C0+ @4+ D0+ F4\ F5\ G5\ B7+ D6+ B8+
8x8Trax_3965188 ypercube vs. Authority : @0/ @1/ A2+ C1+ C0\ C4+ C5/ D2\ @3\ D6/ E5+ F3/ G3/ D7+ H5\ F6+ B5+ D8+ A5+
8x8Trax_3965189 Traxplayer vs. ypercube : @0/ @1/ A0/ @2+ B0/ A4/ B4+ D3/ D5/ @2+ D1/ A3/ E1/ @2\ B0\ G4+ C6/ C7+ RESIGN
8x8Trax_3965190 ypercube vs. Traxplayer : @0/ B1\ B2\ A0/ C2+ C0\ C0\ @4\ @4\ E6/ D7\ F4\ A5/ @4\ A6+ D8+ D2/ H4\ B3\ D1+ DRAW
8x8Trax_3966551 Rogue Trooper vs. Authority : @0+ @1+ C1/ C0/ B0+ C4/ D3+ D5+ A2\ B0\ A1\ A0\ @2+
8x8Trax_3966583 TrueIndian vs. Traxplayer : @0+ B1+ A0/ A3/ @3+ D1/ C0\ A1/ B0/ D1/ B0/ @3+ B0+ C0/ D1/ E1/ F4+ A8\ @4/ @3+ A6+ A1+ DRAW
8x8Trax_3967344 DavidTrax vs. **Lover of Darkness** : @0+ B1\ A0+ B1+ A0+ A0\ @1\ @1+ B0+ B0/ D1+ E3+ B0/ B0/ A1+
8x8Trax_3969723 ypercube vs. Dragon101 : @0/ A0/ A0/ A0/ B2+ @1+ @2+ C5/ B0\ A1\ @6+ D7/ A1+ @2+ C0\
8x8Trax_3972632 ypercube vs. golfnutrof : @0/ @1/ C1/ C2/ D1/ C3/ B2+ A0+ B0+ A1\ @4\ @4\ G5+ H3+ F6+
8x8Trax_3973048 STrek vs. Carolinatp : @0/ B1\ A2/ @2/ A0+ C3\ @2+
8x8Trax_3973391 Kaisa vs. GringoNZ : @0/ @1/ C1/ D1/ C0\ E2/ @2/ B3+ A1+ C0\ G2+ @2\ B1\ B0\ A2\ G6\ H6\ E1+ B0+ B7\ C8/ A8/ G8+ A1/ E1+ H5+ F1+
8x8Trax_3973392 GringoNZ vs. Kaisa : @0/ A0/ B1+ A3/ B0/ C1/ D1+ C0+ @4+ @5\ C6+ C2+ C0\ B1\ A4+ D0+ E1/ G5/ @2\ A1\ H3+ RESIGN
8x8Trax_3973393 dgb vs. GringoNZ : @0+ B1+ A0+ A0/ @2/ B4/ B5/ @3\ B1+ @1/ A3+ F3/ E1+ E0/ F1/ F5+ A7/ RESIGN
8x8Trax_3973394 GringoNZ vs. dgb : @0/ @1/ A0/ @2+ @2/ C0\ D4/ D5/ C0\ B1\ A2\ @3\ @4\ E6/ D7+ F1+ RESIGN
8x8Trax_3976136 *Leo The Lion vs. Christina : @0/ A2/ B2+ @2\ @2/ @2\ B3\
8x8Trax_3976341 Authority vs. Traxplayer : @0/ B1\ A2/ A0/ @1/ A0/ @1/ E3/ B3+ A4\ D1+ B5+ F3/ E4+ E5/ E6/ F5+ G5\ G7+ @4\ D7+ G8+ B6+ H8\ F1/ A7/ A8+ G2/ E8+ A1\ B8\ RESIGN
8x8Trax_3976512 GringoNZ vs. **Lover of Darkness** : @0/ B1+ A0+ A0/ B4\ C4\ B2/ D3/ B5+ E3+ F4/ B6/ @3+ F5\ F6+ C7/ A7/ A8\
8x8Trax_3979720 Authority vs. Traxplayer : @0/ B1\ A2/ A0/ @1/ B0+ B0/ D4/ @3/ @3+ @3/ D1+ A1\ RESIGN
8x8Trax_3979721 Traxplayer vs. Authority : @0+ @1+ C1/ C0/ B0/ B0/ A2+ D3+ A5/ @2/ D1/ E5+ B0\ C7+
8x8Trax_3979722 Authority vs. ypercube : @0/ A0/ @2+ @2+ D1+ B0/ B4/ B5/ B6/ B0/ D2\ C5+ D6+ @7+ F4+ D8+ @6+ RESIGN
8x8Trax_3979723 ypercube vs. Authority : @0/ A0/ B2/ B3/ @2/ D2\ @1\ B0/ D2/ E1\ A4/ @4/ G3+ E5\ F5\ F6\ G6\ G7\ H5+ D4/ C5+ H8/ A2+ DRAW
8x8Trax_3979724 Traxplayer vs. ypercube : @0/ @1/ A0/ @1/ C3/ D2/ E2/ E4+ F3\ B4/ D5+ C1+ A4+ A0\ RESIGN
8x8Trax_3979725 ypercube vs. Traxplayer : @0+ B1+ A2+ @1+ C0/ D1/ D0+ E2+ B5/ C5\ C6\ D4\ B1\ RESIGN
8x8Trax_3979726 GringoNZ vs. Charlo : @0/ @1/ B2/ C2/ B3+ D3/ D4/ E4/ C1/ D1/ C0\ A4/ E4+ F3\ RESIGN
8x8Trax_3979727 Charlo vs. GringoNZ : @0/ @1/ B0+ B0+ C2+ @3+ B4/ @3/ D5\ A5/ E5/
8x8Trax_3979728 GringoNZ vs. dgb : @0/ @1/ A0/ @2+ C3/ B0\ D3\ C5/ @2/ B1+ @1/ A0/ D5/ A3/ C6+ C1/ E2/ C7/ B5+ @4\ H4/ H3/ G1/ D0/ B7+ DRAW
8x8Trax_3979729 dgb vs. GringoNZ : @0+ B1+ B0+ C2+ C3+ D2+ D3+ E2+ E1+ D4\ F1\ @2\ B1\ G3+ F5/ H2/ D5/ E6+ B3/ E7+ F7\ G6/ D6/ H0+ DRAW
8x8Trax_3979730 Charlo vs. dgb : @0/ @1/ C1/ @1/ D2+ D0/ E1/ D4/ B0+ @1+ A4+ A6+ @3+ D7+ F7+ D8+
8x8Trax_3979731 dgb vs. Charlo : @0/ @1/ B0+ B0/ B4+ B0\ A1\ @4+ @4\ E2/ A0\ @1\ C0/ D2+ G2/ D1/ G5\ H2+ F7\
8x8Trax_3979899 Rogue Trooper vs. jazzbeth : @0+ B1/ B0\ C2/ A3\ C0/ D2/
8x8Trax_3980421 *Leo The Lion vs. Christina : @0/ B1\ A2/ B2+ C1/ C0/ @2\ A1+ E1/ F1\ E3\ F3\ C4+
8x8Trax_3981163 Jenny Poo vs. Rand al*Thor : @0/ A2\ B1/
8x8Trax_3981277 rogerrabbit vs. Rogue Trooper : @0+ B1+ A2\ B0/ C1+ A1\ B0/ B0/ B6/ A1\ C6\ @3+
8x8Trax_3981320 jazzbeth vs. DavidJ : @0/ B1\ A2/ B0\ C1\ C2\ C3+ C4/ @3+ A4/ D5/ E1+ E0/ E0+ F3+ E6+ @6/ D0\ C2/ G6+ H6/ G2+ C1\ H2+
8x8Trax_3981398 GringoNZ vs. dgb : @0/ @1/ B2/ C1+ A0/ B4\ D3/ E2\ C1/ E4+ F4\ G4\ F5/ B5+ G6\ H6\ E0/ F1+ H4\ A5\ B7+ B8\ C8\ H8\ DRAW
8x8Trax_3981928 *Leo The Lion vs. Christina : @0/ A2\ B1/ B0\ @3/ B4\ @3/ D4+ E2\
8x8Trax_3981930 Christina vs. *Leo The Lion : @0/ A0/ B1\ B0/ C2\ B0/ A2+ C4\ B5\ B6+ B7/ A7/ B8\ C8/
8x8Trax_3982446 DavidTrax vs. **Lover of Darkness** : @0/ A0/ A0/ @3\ @3\ D1+ C0/ B2\ A5/ @4\ E5\ E6+ F4\
8x8Trax_3982627 Rimon vs. Traxplayer : @0+ B1+ B2/ A0\ @1+ @2\ B3+ C4+ @3/ A4/ D5/ D6/ @2\ A1\ A0+ @5/ B6+ B0/
8x8Trax_3982749 Kaisa vs. Authority : @0/ @1/ A0/ @1/ B0/ B4\ D3/ C2/ C1/ C0/ A5+ D3/ D5\ E5\ A0+ @1\ A0\ @4+ E1/ @1\ G2/
8x8Trax_3983017 Carroll vs. JiffyJeff : @0+ A2/ B2+ B1/ A3\ @2\ C0\ B5\ @3\ E2\ C6\ D0\ E2+ B5+ A6+ E4\ D6+ C2+ B2\ C0+ F5\ F6\ F8\
8x8Trax_3985322 supermac vs. Rogue Trooper : @0/ A0+ @1+ A0\ @1\ @1+ B3+ E2+ D1+ A0/ B0\ @3+ A1\ A0\ A6/ @4+
8x8Trax_3987098 whatever vs. Linda Sue : @0+ @1/ @1\ A0\ D2+ A3\ @2+ F2+ @3+ C4/ C5/ A2+ A1+ H2+
8x8Trax_3988499 YankeeFan vs. Rogue Trooper : @0/ @1+ @1\ C0/ D1/ A0+ @2/ C4/ A0/ D5+ E1+ E0\ C7/ @7+ A8/ @6/ B2+ @6+ B2\ B1\ A7/ A4+ A3+
8x8Trax_3989134 GALady1 vs. Authority : @0/ @1/ A0/ @1/ @1/ A0/ A0/ B2+ B0/ C2+ C1+ D3+ @2\ A1\ A0+ A0/
8x8Trax_3989340 Shreela vs. Authority : @0/ @1/ A2+ C1+ D1\ D3+ E3\ E4\ C4+ F3/ @2\ A0+ H4/ H3/
8x8Trax_3989713 **Lover of Darkness** vs. Authority : @0/ A0/ @1/ A0/ C2+ D2/ A3+ B4/ C1/ D4\ @3\ F3/
8x8Trax_3990226 Goonerg vs. Dragon101 : @0/ A0/ @1/ @1/ A0/ @2+ B3/ D1+ A0+ @3+ F4+ C5+ D6/ E7+ F2+ A2+ D0/ E2+ G8\ B6/ A5+ A7/ G3+ B8/
8x8Trax_3990227 Traxplayer vs. balmoral : @0/ B1+ C1/ A0/ @2/ C3\ A0\ @1\ E1/ F3/ C0/
8x8Trax_3992274 JiffyJeff vs. Charlo : @0/ A0/ A3/ B3/ C3/ @2+ B0\ C3+ B5+ B6/ B7/ @3+ E6+ F4/ E2+ C0\ G7+ H6\ F8\ A3+ A2/ B6+ A6/ E8/ G8\ E2/ G2+ F1\ H2+ H3+ H1+ A1\
8x8Trax_3992286 Kaisa vs. ypercube : @0/ @1/ A0/ @2+ B0/ @1/ A0+ D1\ A3+ E4\ C5+ F4+ D0+ C0/ E7\ D0\ @5/ F1/ A3+ H5/
8x8Trax_3993337 JiffyJeff vs. *Leo The Lion : @0/ A0/ A0/ B2+ A4\ @4\ A5\ A6\ @5+ @4/ @4/ D7\ E7\ C8/ B8/ G1\ F7+ G5+ H5/ C1\ B1+ F8\ A2\ G7+ H7\
8x8Trax_3993338 *Leo The Lion vs. JiffyJeff : @0/ @1/ A2+ B3/ @2/ B4+ C0/ RESIGN
8x8Trax_3993579 *Leo The Lion vs. birddog8560 : @0/
8x8Trax_3993698 Miss Traven vs. Christine : @0/ B1\ B2\ A2+ @2/ A3/ @3/ E2\ C4/ C5/ A4\
8x8Trax_3993756 Eriisa vs. YankeeFan : @0+ B1/ B2\ C2\ C3+ C4/ A3\ A5\ B5\ D4+ C6/ C7/ @6+ @3/ D0+ E1/ F1/ A7\ @7\ B8+ H4+ C2\
8x8Trax_3994958 ypercube vs. Uncle Chuckie : @0/ B1\ B2\ A2+ @2/ C3\ D3\ D4\ E4\ B5+ E6+ F3+ G4\ G5\ H5+
8x8Trax_3995972 DavidTrax vs. **Lover of Darkness** : @0+ A0/ A3\ B1/ B0/ C3\ A5\ C4+ @5/ A6/ A1\ @1\ @2+
8x8Trax_3996730 Rimon vs. Rand al*Thor : @0/ A2\ B1/ B2+ C2+ B3/ A0\
8x8Trax_3999943 DavidJ vs. jaha : @0/ A0/ @2/ @1+ A0\ A0+ @1\ E4\
8x8Trax_3999998 Traxplayer vs. jazzbeth : @0/ @1/ A0/ @1/ C3/ D3/ B0/ B0+ @3+ D1/ D0/ B1+ E2\ E3/
8x8Trax_4000574 furryfeet vs. Linda Sue : @0+ @1\ B2/ B3\ C2/ @2/ B3+ A3+ D3\ A4\
8x8Trax_4000674 Authority vs. JiffyJeff : @0/ A0/ B1+ B0+ @2/ C0/ D1\ B1+ @3+ @2/ B1+ E0/ D0+ E0\ F1\ G2/ F5+ B3+ C1+ @4/ C0/ B1+ H6\ H7\ A7+ A8+ G1+ C8+ DRAW
8x8Trax_4001520 Dragon101 vs. Rogue Trooper : @0/ A0+ @2/ @2+ D2/ D3+ @1/ A0+ F3+ @2/ @2/ A4+ E5\ H2/
8x8Trax_4001741 doc harley vs. TallPaul : @0+ @1/ C1\ B2+
8x8Trax_4001893 GringoNZ vs. Traxplayer : @0/ B1\ A2/ @2/ @1/ B3+ B4/ C0/ E2\ E0\ A4/ D4\ @6/ F0/ B8/
8x8Trax_4003471 Cheeky Cow vs. Authority : @0+ B1+ B2/ B0/ A1+ C2\ D3\ B4/ @2\ E1/ E0/ F4/
8x8Trax_4003653 wrain vs. Authority : @0/ @1/ C1\ C2/
8x8Trax_4003934 leaves vs. Authority : @0/ @1/ A2\ C1\ B2+ B3\ C3\ C4\ D4\ A4/ C5/ @2/
8x8Trax_4003944 dgb vs. Authority : @0/ @1/ @1/ @1/ B0/ C3\ C4+ B5+ A0\ @3/ D1/ E5\ C0/
8x8Trax_4003945 Authority vs. dgb : @0/ @1/ B2/ C1+ C3/ B0\ @2/ A1+ A0/ A4/ @2\ F3\ B5+ G5\ F6/ E1+ B0/ G3/ H3+ F2/
8x8Trax_4004601 Miss Traven vs. Christine : @0/ B1\ B2\ C2+ A2+ D2+ @2/ D0/ E1/ B4/ A4+ A5/ @5/ @5+ D5+ H3+
8x8Trax_4005883 DavidTrax vs. **Lover of Darkness** : @0/ B1/ A2/ B0+ @3/ D1/ D2+ B0+ @4+ D1/ @4\ E0\ B6/ C6+ @2+ B1\ A6/ E0+ B8/
8x8Trax_4009268 golfnutrof vs. Traxplayer : @0+ B1+ A0/ A3/ C2/ C0+ @2/ C0/ E4\ D5/ A6\ @5+ @5\ @5\ G6+ C7/ B7+ C8+ E7+ D2+ D1\ C3+ B1+ RESIGN
8x8Trax_4009401 Charlo vs. jazzbeth : @0/ @1/ B0+ A3\ C2/ A0/ @2+ @2/ B4+ D4+ D5/ B0+ @3+ C7+ A2\ A1+ B7/ A4+ @4/ B7/ E8/ A8+ A7\ @6/
8x8Trax_4010459 Fallen Angel vs. cakelady : @0/ A2+ @2\ C1/ B0/ B4+ C1+ D2\ A0\ @3/ C0/ D2+ C0\ C8+ B8\ D8\ A7/ B1\
8x8Trax_4011954 Miss Traven vs. Christine : @0+ B1+ A2\ B0/ A1+ B0\ A1\ C3+ @1/ A3+ D4+ A0/ @2\ A4+ A1\ A0\ E7/ @2/ A3/ @3/ A4/ H5+
8x8Trax_4015781 davidmilne vs. Kaisa : @0/ @1/ A2+ C1/ @2+ B3/ B0+ A2\ B5/ @3/ A1/ C0/ B0/ F5\ RESIGN
8x8Trax_4015782 Kaisa vs. davidmilne : @0/ A0/ B2/ C2/ A3+ @3/ A2+ E2+ C4\ B4+ C5+ B6\ @4+ E5\ G3+ D7+ C0/
8x8Trax_4015783 davidmilne vs. Traxplayer : @0/ B1\ A2+ @2\ B3/ B0\ B0\ D3\ C5\ D6/ E4/ E2+ D1/ D0+ @5+ A7/ RESIGN
8x8Trax_4015784 Traxplayer vs. davidmilne : @0/ @1/ B0/ B0+ @3/ C4\ D2+ B5+ @4\ @3/ A0\ @3+ H3\ G6\ H7/ B7/ A7+ D0+
8x8Trax_4015785 davidmilne vs. dgb : @0/ @1/ A2+ C1+ C0/ A1\ RESIGN
8x8Trax_4015786 dgb vs. davidmilne : @0+ A2+ A3+ @3\ C1\ @2/ E2\ E3\ F3\ RESIGN
8x8Trax_4015787 Kaisa vs. Traxplayer : @0/ B1\ A2/ A0/ @2+ B4/ D2\ @2\ @2\ G1+ F0/ F0/ G1/ @4\ D2+ G5+ F0+ D2/ G7+ D1\ G8+
8x8Trax_4015788 Traxplayer vs. Kaisa : @0/ A0/ @2+ B0/ C1/ D2+ @2+ C0/ C5+ A4+ F5\ F6\ G4/ F2+ @4/ B5/ C6+ G1+ H2\ E0+ A7\ E0+
8x8Trax_4015791 Traxplayer vs. dgb : @0/ @1/ A0/ @2+ C3/ B0\ @2/ @3\ C4/ A1+ A5/ @3\ @3+ C6+ A1+ C0+ RESIGN
8x8Trax_4015792 dgb vs. Traxplayer : @0/ B1\ A2/ A0/ @2+ @3\ @3\ D0+ F3+ B5\ D5\ E5\ G2/ G1+ C6/ E7\ F7\ C0\ B2+ F5\ @7/ RESIGN
8x8Trax_4015797 golfnutrof vs. Riika : @0/ A0/ @2+ B0/ A0/ C3+ A5/ D4/ @2+ F3/ F2/ D1\ D0+ C1\ G1/ E0\ G5\ H4+ F6\
8x8Trax_4015798 Riika vs. golfnutrof : @0/ @1/ C1/ A2/ A3/ @3/ D4\ E3+ F3\ F4\ F5\ F1/ D0/ G4/
8x8Trax_4015801 cire4791 vs. Riika : @0/ @1/ C1/ D1/ C0+ A3/ A4+ @3+ @3/ A4/ @4/ A5/ @5/ C6\ F5\ D6+ D7\ F0+ F7+ C8+
8x8Trax_4015802 Riika vs. cire4791 : @0/ B1\ B2\ A2+ A3+ @3/ D1/ C0\ B0/ C6\ D6\ E6\ A3+ F4+ G3\ @1\ C0/ D0/ E3+ A7/ F3+
8x8Trax_4015803 Darth Rob vs. Riika : @0+ B1+ A0/ A3/ @3+ B0\ A1\ @3/ @3/ @3/ G3/ F1+ A5+ H3/ E5+ E6\ F6\ F7\ B6+ E0+ A7+
8x8Trax_4015804 Riika vs. Darth Rob : @0/ B1+ A0\ @2/ C1+ D1\ @2/ C0+ A2\ @2\ D4+
8x8Trax_4015805 ypercube vs. GringoNZ : @0/ @1/ A2+ B0\ @3\ B4\ D3+ C5+ C0\ E4/ F4/ D1+ E1/ E0/ E0/ G1+ A4+ H3+ DRAW
8x8Trax_4015806 GringoNZ vs. ypercube : @0/ A2/ @1/ A2+ A3+ C1/ C0/ D3\ D4+ E2+ A0\ @1\ B0\ G5\ F6+ F7\ G7\ G8\ H7/ B7/ A6\ H6+ C7+ E2/ E1+ G3/ F1+ H2+ DRAW
8x8Trax_4015807 ypercube vs. Charlo : @0/ @1/ A2+ B3/ B0/ C4+ D3+ C0\ C6\ D5\ E1+ B0/ E6\ F2\ E7/
8x8Trax_4015808 Charlo vs. ypercube : @0/ @1/ A0/ @1/ A0/ C4\ D3/ E3/ C2+ B5/ A5/ E4\ F5/ B6+ A4+ @4\
8x8Trax_4015809 ypercube vs. Authority : @0/ A0/ B1+ C1/ D1/ A3+ A4\ C0+ C5+ E1\ D3+ F1\ G3+ G4\ F5+ F6+ A6/ @4/ E6+ B7\ D6+
8x8Trax_4015810 Authority vs. ypercube : @0/ @1/ A0/ B1+ C1/ D1/ A3+ @2+ @2/ F0+ C1+ @3/ C4+ @3\ A2\ B5/ A5/ F5/ F6/ F0+ F8/ G7\ C3+ RESIGN
8x8Trax_4015811 GringoNZ vs. Charlo : @0/ @1/ B0+ A0/ A4/ @1+ A0\ @5+ A1\ @4/ C0/ A1/ @4+ A1/ @4/ B6+ D0\ D8/ @7+ A8/ C1+ A5+ G2/ DRAW
8x8Trax_4015812 Charlo vs. GringoNZ : @0/ @1/ A0/ @1/ A0/ @1/ A0/ C5+ E5+ E6\ B4/ A5\ @4/ B6+ F7+ @1\ C0+ A7/ C8/ @5/
8x8Trax_4015813 GringoNZ vs. Authority : @0/ @1/ A0/ @1/ A0/ @1/ A0/ @1/ A0/ @1/ A0/ @1/ D2/ C4/ E2+ C5/ E1/ B5/ B0/ A4+ C1+ @1+ A0\ D8+ G6+ A7+ A8/ F2/ F1+ G3+ H5+ G1/ H1+ H2\ H6+
8x8Trax_4015814 Authority vs. GringoNZ : @0/ @1/ B2/ B3/ C3/ A0/ B1/ A4/ A5/ @3\ A1\ A0\ @4+ E2/ A7/ RESIGN
8x8Trax_4015815 Charlo vs. Authority : @0/ @1/ A2+ C1+ A3\ A0+ @3/ B5\ E4+ F3\ G4/ F5+ C6+ A6/ @6/ H2+ B7+ C0\ B1\ A3\ E2+ E1/ A1\
8x8Trax_4015816 Authority vs. Charlo : @0/ @1/ B0+ @2+ B3/ A0+ A0/ @3/ E4/ D1+ F3+ E6\ F6\ D7+ F1/ D8+
8x8Trax_4017696 Jenny Poo vs. Goonerg : @0/ A2\ B2\ A3\ A0\ @2/ @4/ A5/ D2/ E2/ @5/ A2\ B1\ @2/
8x8Trax_4017984 Dragon101 vs. Authority : @0/ @1/ A0/ @1/ @1/ C0+ A3/ A4\ A5\ @3/ @4\ @3/ @4\ H1\ G4+ F0/ E0+ B8+ G7\ H8/ H2+ H1+
8x8Trax_4019083 aktowman vs. Arctic Warrior : @0+ @1+ A0/ A3/ @3+ @2/ A1/ B0+ B0+ B6/ B0+ @6\ E6+ @7/ A8/ C3+ F7/ G7\ D8/ G8/
8x8Trax_4019202 JenJen vs. JiffyJeff : @0/ @1/ B0/ @2+ A3\ @2+ E1/ D0/ D0/ E1/ B0/ E1\ A1\ A0\ @5/ G3+ A6+ @6+
8x8Trax_4019325 Linda Sue vs. DINGEROO : @0+ B1+ B0\ A3/ @3/ C3\ C4\ D1/ C0\ @4/ F2\ F3\ B5\ B6\
8x8Trax_4019604 Riika vs. Thud : @0+ B1+ B2+ @1+ A2+ D2+ @1/ E1+ F1/ G1+ E0\ D4/ F0/ G2+ H3\ H4\ A2\ F0+ F0\ D1+ C2+ F7/ D8/ B8+
8x8Trax_4019702 doc harley vs. TallPaul : @0+ A2/
8x8Trax_4021200 Charlo vs. Rogue Trooper : @0/ A0/ A0/ A0/ A0/ B5\ B6\ C6\ @4+ E3+ F6+ C7+ A6\ @6+ A7/ B0\ A1\ G3+ D1+ G8\ H8\
8x8Trax_4021271 birddog8560 vs. Dragon101 :
8x8Trax_4021403 *Leo The Lion vs. Christina : @0/ B1\ A2/ B2+ C1/ C0/ D1/ B1\ B0\ E2\ D4\ E4\ B5+
8x8Trax_4022384 Honeybear vs. shaper : @0+ B1\ C1/ C0/ B1+ B0+ A1\ @2\ D0\ E2/ A1\ B0/ @4/ A5/ B6/ F5+ G4\ G3+ H5\ H6\ F6+ B1\ C0/ A7+ C0\ B2+ B1+ A1\ F4+ F3+ G3/ D1+ F2+
8x8Trax_4022570 Uncle Chuckie vs. Rogue Trooper : @0/ B1+ @1\ B0/ D2/ B0/ E1+ E0/ E0+ F2/
8x8Trax_4022665 ypercube vs. supermac : @0/ B1\ B2\ C2\ B3/ A3/ @2+ C4+ E3/ D5/ F1/ E0\ F6+ G2/ E7+
8x8Trax_4022800 dgb vs. GringoNZ : @0/ @1/ @1/ @1/ B0/ A3/ @3/ F3/ A0+ RESIGN
8x8Trax_4022828 Traxplayer vs. YankeeFan : @0/ A0/ @2/ C2\ A3+ @2+ C4\ D4\ E1\ E4\ E5+ F3+ G2\ F1+ C0/ E0+ @2\ D1+ E0/ B6/ A5+ DRAW
8x8Trax_4023858 DavidTrax vs. **Lover of Darkness** : @0+ @1\ A0\ B3\ A0+ @2\ D1/ C0\ B5+ @2+ E5+ F3+ C6/ A5/ E1+ F4\ D7\ E6+ G4+ G5\ G6\ G7\ C0/ H6/ F1\ G2/ H2+ B2+ A7+ A8+ A1+ H1+
8x8Trax_4023876 GringoNZ vs. Traxplayer : @0/ @1/ A0/ @2/ A3/ @1+ B0\ C0/ RESIGN
8x8Trax_4024428 Miss Traven vs. Christine : @0/ B1\ @1\ B2\
8x8Trax_4024793 Goonerg vs. TallPaul : @0/ B1+ A2/ @1+ B3/ @2\ C0/
8x8Trax_4025641 *Leo The Lion vs. Christina : @0/ B1\ A2/ A3/ @1\ A0\ A0\ C4\ @4+ B6\ D6+ A7/ @7/ E7\ C0/ D1/ E1/ F8/ F4+ D3+ F3+ G3/ G2/
8x8Trax_4026259 Goonerg vs. TallPaul : @0/ B1+ A2/ @1/ B0/ B4+ D4\ B5\ E3/ D1+ @1\ C0/ C0/ C0/ A6/ @4+ G4/ B3+ G8\ @5\ C7+ C8+ B3+ A6+ B2+
8x8Trax_4027061 *Leo The Lion vs. JiffyJeff : @0/ @1/ A0+ @1/ B3/ A2/ B0/ B0/ @4/ A5/ C0/ E4+ A7+ @5+ D0\ C2+ G2+ E1+ G5\ H4+ B2/ G6+ B1+ A1\ G7+ H6+ H7\ A3+ H8\ H1\ A8/
8x8Trax_4031372 GringoNZ vs. Authority : @0/ @1/ A0/ B1+ @2\ B3\ B4\ @2\ E2/ C0/ C0/ F3\ B5/ E5+ F6/ E2/ G5+ G7+ F8/ E7+ B2+ A3+ E8/
8x8Trax_4031373 Authority vs. GringoNZ : @0/ @1/ A0/ @1/ A0/ @1/ A0/ @2+ B0\ B4/ B5/ @5\ @5\ A4\ @4\ F1/ G1+ E0/
8x8Trax_4031374 GringoNZ vs. Riika : @0/ @1/ B0/ A0+ @3/ A4/ @2\ @2+ A1\ C0/ @4+ E0/ F1/ G3\ B1+ C0\ A3+ @3/ A4/
8x8Trax_4031375 Riika vs. GringoNZ : @0+ B1+ B0+ C2+ D2\ D3\ D4\ E4\ E5\ F2/ D1\ G4\ H3+ H1+
8x8Trax_4031376 GringoNZ vs. dawn1968 : @0/ A0/ @2/ C1/ B3\ B0+ A5\ A0/ @1+ @4\ A2\ C0/ C8/ B8/ D8+ F3/ F2/
8x8Trax_4031377 dawn1968 vs. GringoNZ : @0/ @1/ B2/ C2/ C3/ D2/ C4/ A2/ D5\ E3+ B5\ A5/ A6/ C1+ A4\
8x8Trax_4031378 GringoNZ vs. ypercube : @0/ @1/ A0/ C2/ B3\ A0/ A5\ @4+ C1/ A1\ A0\ D2/ A0/ B1/ @1/ F5+ E6\ F1/ G2/ E0/
8x8Trax_4031379 ypercube vs. GringoNZ : @0/ A0/ @1/ A0/ C2+ B4/ C1/ D4\ D5\ C0+ D3+ E3/ @3/ C0/ @3\ A2+ H7\ E0/ F3/ B6+ C3\ B2/ D1+ H4/ H3/ G2+ G1+ A6+ C7/ H1/ DRAW
8x8Trax_4031380 Authority vs. Riika : @0/ @1/ A0/ A0/ A4/ A5/ @3+ C1/ @1\ B0+ A6/ @5+ C7/
8x8Trax_4031381 Riika vs. Authority : @0+ B1+ B0+ C2+ D2\ D3\ D4\ E4\ A1+ B0+ A1+ D6+ B0\ A5/ E8/ E3/ F5+ @4+ @4/ A6+ H3/ H2/
8x8Trax_4031382 Authority vs. dawn1968 : @0/ A0/ B1+ A0/ B4+ C2+ @3+ @1\ C0+ @3/ A4/ @2\ B1/ B0/ B6/ C7/ H4+
8x8Trax_4031383 dawn1968 vs. Authority : @0/ @1/ A2/ B3+ C3\ D3+ D4+ A0\ @1\ E1/ D0/ F2\
8x8Trax_4031384 Authority vs. ypercube : @0/ A0/ A0/ A0/ @3+ C4+ D3+ E2+ C5\ D5\ E5+ C6+ @4\ G2/ D0\ A6+ C0/ H5+
8x8Trax_4031385 ypercube vs. Authority : @0/ @1/ A2+ C1+ C0\ C4+ D2/ B0/ @1+ C0/ @4/ A5/ F0/ G3+ B1+ F0+ @7/ A8/ B4+ H1\ C1+ DRAW
8x8Trax_4031386 Riika vs. dawn1968 : @0/ @1/ @1/ C2/ A2+ D1/ D3+ E3\ F3+ E4/ A0\ @1\ G1/ H3+ E0/
8x8Trax_4031387 dawn1968 vs. Riika : @0/ @1/ @1/ C0/ C3/ C0/ B4/ C5+ D5\ E5+ D6/ C0\ F2\ A5/ C7/ F4+ @5+ H4+
8x8Trax_4031388 Riika vs. ypercube : @0/ @1/ C1/ @1/ D0+ E1/ D3\ E3\ F1/ C0/ D5\ @1+ A0\ A6/ @3\ B7\
8x8Trax_4031389 ypercube vs. Riika : @0/ @1/ C1/ A2/ D2+ B3/ E2/ A3+ E0/ F2+ A1+ @4\ E0\
8x8Trax_4031390 dawn1968 vs. ypercube : @0/ @1/ B2/ A2+ A3\ C3\ B4/ A0+ A6/ @6/ C0\ E5+ E6\ E7\ B8/ F3/ E2\ A4/ @7/ G7+ H4/ F8\
8x8Trax_4031391 ypercube vs. dawn1968 : @0/ A0/ B1+ C1/ D1/ @1\ B0/ D3+ @2\ C4/ G2+ F4+ C5/ H3/ E6+ G6+ G7\ H7\ H8\
8x8Trax_4031392 jazzbeth vs. Charlo : @0/ @1/ A2+ @2+ D2+ D3\ D4\ E2/ F2/ E5/ G1\ G0+ H2+ G0\
8x8Trax_4031393 Charlo vs. jazzbeth : @0/ @1/ @1/ A0/ @1/ A0/ @1/ A0/ @1/ E3/ D2/ C1/ G4/ D1/ B3/ E1/ A3+ G3+ G5+ B0+ F2+ H4/ C6+ G7/ G2+ A5/ A6/ H7/ E8+ G1+ B7+ DRAW
8x8Trax_4031394 jazzbeth vs. Kaisa : @0/ @1/ B2/ C1/ D2/ B3+ A3/ A4+ E2+ F2/ A5/ @5+ @4/ B2\ D0\ D0\ B2+ A2\ B1\ B0\ A1+ G7+ E8+ F2/ D1+ G4+ G8+ H7+ H3+ A6+
8x8Trax_4031395 Kaisa vs. jazzbeth : @0/ @1/ B2/ C2/ B3/ D3/ B0/ C1/ B5+ D2/ C6\ C0\ E4+ F4\ F7\ G5+ C8/ B7+ A5/ G4/ G3/ F2\ D1+
8x8Trax_4031397 Traxplayer vs. jazzbeth : @0/ @1/ A0/ A0+ @1+ B0/ @3/ A2+ C5+ A1/ A0/ A0/ @5+ E5/ A6/ B7/ F4+ G4/ H4\ H5/
8x8Trax_4031398 Charlo vs. Kaisa : @0/ A0/ A0/ A0/ B2+ @1+ @2+ B5+ C0/ C6+ E6+ F6/ C7/ A1\ C0/ F4/ G7/ @3/
8x8Trax_4031399 Kaisa vs. Charlo : @0/ @1/ B2/ C2/ B0/ @1/ C4/ B3/ B0+ D1\ @2\ B0/ B0/ E8/ F5+ B5+ D8+ G7+ E2+ F3+ @4/ A5/ F1+ D7/ A3/ B6+ H3\ B8/ A8+ H2+ G1+ A2\ H5/
8x8Trax_4031400 Charlo vs. Traxplayer : @0/ B1\ A2/ @2/ @1/ B3+ B4/ D2+ D4\ RESIGN
8x8Trax_4031401 Traxplayer vs. Charlo : @0+ @1+ C1/ C0/ B0/ B0/ D3\ B5\ C6/ @4/ A3\ @4/ C0+ C6+ E1\ F5+
8x8Trax_4031402 Kaisa vs. Traxplayer : @0+ B1+ A0/ A3/ @3/ @3+ D0\ C5\ D5\ D6/ E1/ D0\ E7/ F6+ D8/ C7/ G4+ H4+ C8+ B8/ A6+ A3+ F1\ H2+ DRAW
8x8Trax_4031403 Traxplayer vs. Kaisa : @0+ A2/ B1\ C2/ B3+ D2+ @2+ F2+ @2+ H2+ B0+ A1\ RESIGN
8x8Trax_4032409 Rogue Trooper vs. Traxplayer : @0+ B1+ A2/ @2/ C2+ A0/ D2\ A4+ @4/ F2\ G2\ A5/ @4\ B3+ D5+ C6+ A1\ C0/ D0/ E3+ F6+ G3+ G2/ G1+ DRAW
8x8Trax_4035643 JiffyJeff vs. Dragon101 : @0/ A0/ @1/ @1/ A2+ A3\ @3\ C4/ C5/ E1+ E0/ A7+ @4+ C8/ @4+ H3/ E7+ A6+ A8+
8x8Trax_4038068 Linda Sue vs. furryfeet : @0+ B1+ B0\ B3\ C3+ A3/ A4/ B0/ C1/ B0\ A2\
8x8Trax_4038218 csain1 vs. DavidJ : @0/ B1\ A2/ B0\ @2+ @2/ @3\ B1+ D4\ E4\ D0/ C0+ B0/ @5/ B1\ E8/ D7+ D8/ A2+ @2/ H3/ H2/ A4+
8x8Trax_4038438 jaha vs. dgb : @0/ @1/ A0/ @2+ A0/ @3\ B0+ B5/ A6\ B0/ C2\ @6+ @6\ @6\ E0/ H6\ G7+ B5+ G5/ G4/ D1\ C1\ B1+ A2+ C3+ G8/ H8+ H3+ DRAW
8x8Trax_4039797 Uncle Chuckie vs. Goonerg : @0/ A2\ B1/ @1/ D1\ D2\ E2\ B3\ F1/ F0/ E5+ B5+ G3\ F4+ A1+ F0\ E1+ B1+ E7/ H4+ H1/ E0/ H1+ G7+ G8\ H8\ B1+ A1+ D1+ A8/
8x8Trax_4039847 golfnutrof vs. YankeeFan : @0+ B1/ @1/ C0/ B3+ C3+ D1/ E1+ C0+ A2+ F2\ @2+ D5\
8x8Trax_4039934 Kaisa vs. jazzbeth : @0/ @1/ @1/ C0/ A3+ D1\ B0+ @1+ B5/ C5+ A4+ @3+ @2/ C0\ A2+ D0+ A2/ E1+ C8/ B8/ A8/ @6+ A3\ G1/ H2+ H1/ G8+ H8+ DRAW
8x8Trax_4039972 Charlo vs. balmoral : @0/ B1+ C1/ B2+ B0+ B0/ D1+ E1\ E3\ D4/
8x8Trax_4040887 Miss Traven vs. Christine : @0/ A2\ B1/ B2+ C2\ B0/ D3\ @1\ D4/ A0/
8x8Trax_4041471 GringoNZ vs. Authority : @0/ @1/ B0+ @2+ C3/ A0+ A0/ A0/ @3\ B0+ D4+ C7+ @5/ A6/ A7+ B8/ @7\
8x8Trax_4042108 YankeeFan vs. Eriisa : @0/ B1\ A2/ C1\ C2+ A3/ D2/ C3\ A4/ E1\ C0+
8x8Trax_4043796 Darth Rob vs. Traxplayer : @0+ B1+ A0+ @1+ @1/ A2/ @1\ B0/ D4\ @2+ C5+ D6+ B5\ A1\ A0\ @3+ A5\ @3+ H3/ H2/
8x8Trax_4043797 Traxplayer vs. Darth Rob : @0/ B1\ A2/ @2+ B0+ C3+ A4+ C4\ D2/ D1/ B0+ @5/ D6+ A3+ A7/ @6\ @4\ B3+ D8+
8x8Trax_4043798 Kriistina Jean vs. Traxplayer : @0+ B1+ A2\ A0\ @1\ @1+ C0+ D1/ D0/ E4+ F3+ A5/ C6\ @4/
8x8Trax_4043799 Traxplayer vs. Kriistina Jean : @0/ B1\ A2/ @2/ B0+ B4+ C4\ C5\ D2+ D1/ E4\ E2+ C6+ F4+ F5\ E6\ A6/ B7+ @4/
8x8Trax_4043800 Authority vs. LadyScorp : @0/ B1\ B2\ B0+ B4/ A3+ @3/ A4/ A5+ @4\ E1+ D0+ E6\ F4+ E7/
8x8Trax_4043801 LadyScorp vs. Authority : @0+ @1+ A0/ A3/ B3+ @1/ @1/ @1/ A0\ @1\ C5+ A5+ @3/ D0/ A5/ @4+
8x8Trax_4043802 Authority vs. ypercube : @0/ @1/ B2/ C2/ C3/ D2/ D1/ B0+ @1+ F2+ A3/ @3/ D0/ B5+ C6\ H4/ G6+ C7\ G2+ RESIGN
8x8Trax_4043803 ypercube vs. Authority : @0/ @1/ B2/ C2/ C3/ D3/ B0/ @1+ B0\ @2/ C0/ E2\ E7/ F3+ D1+ @3/ A2\ @3/ G0\ B2+ E1\
8x8Trax_4043804 LadyScorp vs. ypercube : @0+ @1+ A2\ A0\ B1+ @2+ A3+ D2+ E2\ E3\ D4\ @2+ G3\ H2/ H1/ G4\
8x8Trax_4043805 ypercube vs. LadyScorp : @0/ B1\ B2\ A2+ C2/ C1+ D2\ C3+ C4\ D3\ E3\ E4\ E1/ F2+ C0+
8x8Trax_4046475 YankeeFan vs. Charlo : @0/ @1/ C1/ C2+ B3+ @2+ D3\ E3\ A4+ E4+ D5+ F4+ @3+ H4+ RESIGN
8x8Trax_4047121 GringoNZ vs. Traxplayer : @0/ B1\ A2/ @2/ @1/ B3+ B4/ @1+ B0+ B3/
8x8Trax_4047735 Traxplayer vs. grade1teacher : @0/ B1\ A2/ A3/ @3/ C3\ A4+ @1\ C0+ @2+ @3+ G3+ H3\ A2+ E6/ C5+ B1/ D0/ F6+ C1\ D0/ A3+ A1+ G8+ F3+ DRAW
8x8Trax_4047736 Rogue Trooper vs. Riika : @0+ A2/ @2\ B0/ C1/ D1/ C3+ A1\ C0+ @2+ A1\ C0/ @3+ B5+ D0+ C0+ G4/ G3/ G2/ D8/ F1+ @5\ A3+
8x8Trax_4047941 Dragon101 vs. Thud : @0/ B1+ C1/ C0/ D2+ E2/ C0/ RESIGN
8x8Trax_4048664 Arctic Warrior vs. aktowman : @0/ B1\ A2/ @2\ B0\ A1\ A4/ @4/ A5/ C4+ @5/ E4\ D6\ B7+ B8+ B2\ @3\ @3+ A2\ D1\ G6+ B6+ H6\ H7\
8x8Trax_4050667 YankeeFan vs. Authority : @0/ A0/ A3/ A4/ @3+ C4+ B5/ @4+ C6+ D7/ C0/ E3+ A2+ @4+ G4\ F6+ G6+ H5+ A5/ A7+
8x8Trax_4051945 Miss Traven vs. Christine : @0+ B1+ A2/ C1+ D1/ D0\ C1\ C3\ A4/ C0\ A2\ @2\ @3\ A2\ B1\ C0\ @3\ C1\ A2/
8x8Trax_4053022 Goonerg vs. coopaah : @0/ A0/ @1/ B0+ A0/ A4/ @4/ A5/ @5/ @5+ B6\ F3/ @3+ B0+ E7+ H6+ H8+ A6/ A7/
8x8Trax_4053190 rogerrabbit vs. Riika : @0+ B1+ B2/ B0/ C2\ B4/ @2\ B5\ A4/ @4+ F5\ F6\ F2+ C6/ B6/ D0/ B2\ A2+ @3+ F7/ E8\ B7/ H4+ C1\ A5+ A1\ H2+ H8/ A8/
8x8Trax_4053380 Miss Traven vs. Christine : @0+ @1+ B2\ @1+ D2/ @1+ A2/ B2+ @2\ E3/ A1+ A0\ E1/ @2+ G2+
8x8Trax_4054670 jaha vs. GringoNZ : @0/ @1/ A0/ @1/ B0/ B4\ D3/ @1/ D2+ F3/ G2\ G4/ H3+ G5/ E1+ C0/ C0/ D6+ A4+ A5/ D7\ E0+ F1/ H4\ H3+ DRAW
8x8Trax_4055309 Megababe vs. **Lover of Darkness** : @0/ A0/ @2\ @2/ C3/ A1/ A0/ @2+ @1/ A3+ A4/ @4+ D5+
8x8Trax_4056269 quietcool vs. Sir Pussycat : @0/ B1\ A2/ A3/ C1/ C0/ B3+ A5/ @4+
8x8Trax_4057611 dgb vs. ypercube : @0+ @1+ A2+ @1+ A0+ A0+ B5\ C4\ A5+ @4\ @4/ A5/ @5/ D6/ B7+ RESIGN
8x8Trax_4057612 ypercube vs. dgb : @0/ @1/ B2/ C1+ B3/ B0\ B0\ A4+ @5\ @5\ @5\ A3+ B2+ @5\ F0\ G3/ D0\ C1+ E0/ F1/ G2\ H2\ H3+ H6\ RESIGN
8x8Trax_4057613 dgb vs. GringoNZ : @0/ @1/ @1/ C0/ B0+
8x8Trax_4057614 GringoNZ vs. dgb : @0/ @1/ A0/ @2+ @2/ C0\ @3+ B4/ B5+ @4\ C6+ @4/ A5/ H3\ H4+ B2/ D1\ H2+ D7+ A3+
8x8Trax_4057615 ypercube vs. GringoNZ : @0+ B1+ C1+ @1+ D2\ E2\ E3+ F2+ C3/ C4/ C0\
8x8Trax_4057616 GringoNZ vs. ypercube : @0/ @1/ A0/ C2/ B3\ A0/ @1+ @2+ D5+ A1\ B0\ B0\ A2\ @2\ A1\ @1\ A0\ G5+ @1+ E7/ E8+ D8/ C8+
8x8Trax_4057763 Authority vs. kidgame2001 : @0/ B1\ A2/ B2+ C2\ B3/ D3/ @2/ A3/ A4/ E1/ C0\ F3/
8x8Trax_4057764 kidgame2001 vs. Authority : @0/ @1/ B0/ @1+ C0/ D1/ D0/ A5\ C0+ @2+ A5\ @3/
8x8Trax_4057765 Authority vs. Traxplayer : @0/ @1/ @1/ @1/ C0+ D3+ C4+ B5+ E3\ E4\ C0/ C0/ E7+ F5+ E3+ D0+ @4\ A3+ H4/ G3+ G8+ H8\ C2+ D1+ H2+
8x8Trax_4057766 Traxplayer vs. Authority : @0/ @1/ A0/ @1/ A0/ @1/ A0/ @1/ A0/ @1/ A0/ @1/ A0/ @1/ C4+ C5+ C6+ B3/ A4/ B6+ A5/ C7/ C8/ E3/ E2/ F2/ D1+ F7+ D6\ G5+ H5+ A7+ RESIGN
8x8Trax_4057767 Authority vs. ypercube : @0/ @1/ A0/ @2/ C3/ D2/ D1/ E1/ B0+ @3+ C4+ F5+ G2+ A0\ @3/ D6/ D7/ D1/ B0+ A6+ F8+ G8\ F1+ H1+
8x8Trax_4057768 ypercube vs. Authority : @0/ @1/ C1/ D1/ C2/ B0\ B0+ E2+ D5\ E4/ B5/ B6/ A2\
8x8Trax_4057769 kidgame2001 vs. Traxplayer : @0/ A0/ @2\ B0\ A1\ A0\ @1\ @1+ E3/ A0/
8x8Trax_4057770 Traxplayer vs. kidgame2001 : @0/ A0\ @1/
8x8Trax_4057771 kidgame2001 vs. ypercube : @0+ @1+ A0/ A3/ B3+ C3\ C4\ D4\ B5/ @1/ B5/ C6+
8x8Trax_4057772 ypercube vs. kidgame2001 : @0/ B1\ B2\ A2+ @2/ D2\ B3+
8x8Trax_4057773 Traxplayer vs. ypercube : @0/ @1/ B0/ @1/ D2/ D3/ E2/ B3/ A3/ @2+ A0+ E1\ B5+ @3/ G6+ H6+ H7\ H2+ E7+ B5+
8x8Trax_4057774 ypercube vs. Traxplayer : @0/ B1\ A2/ @1/ B3/ B0\ B0\ D3\ A2+ C4+ E4/ F3\ G4/ @2\ D6\ E5+ C0/ D3+ C8/ B7+ F7\ F2+ E1+ H7\ H8+ B5+ A1+ H1/ DRAW
8x8Trax_4062344 Rand al*Thor vs. GlassTiger :
8x8Trax_4064058 YankeeFan vs. Rogue Trooper : @0/ A0/ A3/ A4+ B4+ B5\ C4+ @4+ A3\ E4+ E3/ @3\ A2+ @3+ RESIGN
8x8Trax_4064224 Traxplayer vs. Authority : @0/ @1/ A0/ @1/ A0/ @1/ A0/ @1/ A0/ @1/ A0/ C2/ E7/ D7/ D2/ E2+ F5+ G6+ G3+ C7/ E1+ B5\ H4+ A7+ F2+ C8/ RESIGN
8x8Trax_4064258 Authority vs. Charlo : @0/ @1/ B2/ C2/ C3/ D3/ D4/ E4/ E5/ F5/ F6/ G6/ G7/ H7/ H8/ E3+ F3/ G3/ G2/ F1+ B3/ B4/ H2/ D5+ A3+ D6+ D7+ C6+ D8+
8x8Trax_4065012 Megababe vs. Kriistina Jean : @0+ @1/ @1/ D1\ D2\ E2\ E3\ E4+ F4\ F5\ G5\ E6/ D5+ C6+ @5+ H7+ G3+ A7+ F8\ E8+ G8+
8x8Trax_4072523 Traxplayer vs. jazzbeth : @0/ @1/ B0+ B0/ B0/ @4+ D2+ E3/ F2\ G3/ @3+ C5/ D6\ E4+ A5\ F5+ A2\ G6/ C7/ B7+ D0\ C1+
8x8Trax_4072524 jazzbeth vs. Traxplayer : @0/ A0/ B1+ A3+ B4/ C4+ D3+ B5/ @2+ C0+ E2/ F1\ C0/ @4/ @4/ F8+ G8\ D1/ H5\ C6/ C7+ RESIGN
8x8Trax_4072525 Traxplayer vs. golfnutrof : @0+ A2/ A0\ @3/ C1\ B4\ C4\ D2/ B5+ B0\ @2\ A5+ @4+ @5\ A3+ H5\ RESIGN
8x8Trax_4072526 golfnutrof vs. Traxplayer : @0+ B1+ B0\ A3/ A0/ @3+ D3\ D2+ C4+ B5+ A1\ A0\ E2\ E1+ A0\ @1\ C0+ @3+ @4\ RESIGN
8x8Trax_4072527 Traxplayer vs. dgb : @0/ @1/ A0/ @2+ B3+ @2+ B0/ B0/ A3+ A5/ @5/ C0+ A1+ @6+ @2\ A1\ F1/ F7/ D0+ F1+ B8+ F4+ G3\ @5+ H1+
8x8Trax_4072528 dgb vs. Traxplayer : @0+ B1+ A2+ @1+ B0+ @2+ @2/ A3+ F2/ B4+ E1+ @2+ E0+ B2+ E5+ D6+ C6/ RESIGN
8x8Trax_4072529 jazzbeth vs. golfnutrof : @0/ @1/ A2+ @2\ A0+ D2/ E2+ E4+ D5+ D0+ E1/ F3+ F4\ G4\ G5\ G6\ H5+ G7+ D8+ H7\ C8+ B7/ A8\ G8\ H2\ H1/ A1\ B6\ H8+
8x8Trax_4072530 golfnutrof vs. jazzbeth : @0/ @1/ A2/ C2/ @1/ C3\ A0\ @2/ C5/ B3/ D6\ E5/ F4+ E6\ F5+ D7+ E1+ F7\ F8+ G6/
8x8Trax_4072531 jazzbeth vs. dgb : @0/ @1/ B2/ C1+ D1/ B3\ A2/ B4+ @2/ A0+ @4\ D0/ E2+ G2\ A7+ H2/ E1/ C0\ A2+ D8+
8x8Trax_4072532 dgb vs. jazzbeth : @0/ @1/ B0+ B0/ B4+ C4\ B0/ @4+ D1+ E5\ C6/ E2/ F5+ B2+ @2\ A1\ A0\ @4+ A5/ F8+ G1/ H7+ H1\
8x8Trax_4072535 ypercube vs. Authority : @0/ @1/ B2/ A0/ C2\ D2\ C1\ E2+ F2\ @2+ E0+ E0/ F0\ E0/ C4\ C3\ G3+ H4+ G0/ H1/ B4\ A3/ C1\ F8/ B8+
8x8Trax_4072536 Authority vs. ypercube : @0/ @1/ B0+ C1+ B3/ @2+ B0/ B4+ B5/ RESIGN
8x8Trax_4072537 ypercube vs. Charlo : @0/ @1/ C1/ D1/ C0+ D3+ C4+ B0+ E4\ E5\ E6+ F4+ A6/ @3/ D7/
8x8Trax_4072538 Charlo vs. ypercube : @0/ @1/ C1/ D1/ A0/ B3\ B4\ @2+ D3+ E1/ E0+ F1/ A4+ F3+ G3/ F5\ D6/ G5/
8x8Trax_4072539 ypercube vs. TallPaul : @0/ @1/ C1/ A0+ A3/ @3/ @3+ C4+ A0\ @2/ F1/ F0+ G2\
8x8Trax_4072540 TallPaul vs. ypercube : @0/ @1/ @1/ @1/ B0+ @2/ D3+ A0\ @3+ F1/ @3+ E0+
8x8Trax_4072541 Authority vs. Charlo : @0/ A2/ @2\ C1+ C3/ D3/ C0/ D5+ C0/ B2+ D3\ E4/ C0/ F2+ A2/ G3/ F0+ @4\ B1+ H1/ C7/ G8+ A8/ H8/
8x8Trax_4072542 Charlo vs. Authority : @0/ @1/ B0+ A3\ C2/ A0/ B0\ D4/ B5+ E4+ @3+ @4\ @4\ D6\ C5+ G2+ B2+ D7\ F6+ H2/ H1+ D8\ B7+ G7+ A7/ A1\ H8\
8x8Trax_4072543 Authority vs. TallPaul : @0/ A0/ B2/ C2/ C3/ D2/ D1/ C0+ E4+ E5\ F5\ F6\ F2/ @1+ H4/
8x8Trax_4072544 TallPaul vs. Authority : @0/ @1/ C1/ C2/ D1+ C0/ A3+ A4/ @4+ @3/ A2/ B0+ D0+ D0/ C8+ @6/ @5+ B4/ H3+ B8+ A3+
8x8Trax_4072545 Charlo vs. TallPaul : @0/ A0/ A3/ B3+ A0/ @4/ A5/ D4/ @2+ C6+ E5+ @2/ D7/ D8/ G6/ H5\ E7+ B6+ G3+ F8+ A7+ H1+ A1+
8x8Trax_4072546 TallPaul vs. Charlo : @0+ A2/ A3/ B1\ @1\ @1+ C0+ D5\ E5\ A5/ E3/ C6/
8x8Trax_4075230 Miss Traven vs. Christine : @0+ @1+ B2\ @1+ D2/ @1+ E1+ D0\ A3\ A1\ @1\ B0/ D1/ C5\ E5\ G3+ D0\ C1\ C0\ @4+
8x8Trax_4075267 Dragon101 vs. Rogue Trooper : @0/ A0/ @1/ B0/ @2+ B3/ D2+ C0/ E2+ C0+ E1/ F1/ D0+ E6+ B7+ C0/ @4+ C1+ G5+ H4\ A7\ A8+ G1+ H1/ B2\ G7/ DRAW
8x8Trax_4076575 YankeeFan vs. grade1teacher : @0/ B1\ B2\ C2+ D1\ C0+ D4\ E4+ E5/ C5+ E1+ F1\ C0/ C7/ C8+ A4+ B7/ A6+ @4/
8x8Trax_4076576 coopaah vs. Traxplayer : @0/ B1\ A2/ A0/ C2/ @2\ E2/ B4/ C3+ B5/ @4/ @3+ D0/ D7/ A2+ B7/ B0\ @5/
8x8Trax_4076596 Uncle Chuckie vs. Rogue Trooper : @0/ @1+ @1\ C0/ D1/ A0+ D0+ B5+ E4\ D5+ F3/ F2/ F0/ RESIGN
8x8Trax_4076821 Ruth vs. Rand al*Thor : @0+ RESIGN
8x8Trax_4080653 Eriisa vs. Riika : @0/ A0/ @1+ A0+ @2/ @2/ B1+ @2/ D4\ @1\ C0+ A5/ @5+ C6/
8x8Trax_4082006 YankeeFan vs. Traxplayer : @0/ B1\ A2/ A0/ @2+ D2/ @2+ C0+ @3+ B1\ RESIGN
8x8Trax_4082042 Charlo vs. Authority : @0/ @1/ B0+ @2+ B3/ A0+ D2/ B5+ C1+ E1\ C0+ D1+ D4+ F3+ @2\ G2+ H3/ E0/ B7+ F6+ E8+ A5/ DRAW
8x8Trax_4083201 Uncle Chuckie vs. Dragon101 : @0/ A0/ B1/ C2/ @1+ C0/ C0+ D3+ E2\ D1+ C0/ C0/ E2+ F5/ E6+ E7\ G3+ F1+ F0/ H4/ G7+ H6\ B3+ DRAW
8x8Trax_4083253 Rogue Trooper vs. Thud : @0+ @1+ A0/ A3/ A4+ @2+ @2/ A4+ C0/ @4\ F3/ F4+ @5+ H1/ H0/ F1/ D2\ D1\ D7/
8x8Trax_4083574 Charlo vs. Traxplayer : @0/ A0/ @2+ B0+ C2/ @2\ B4/ E2+ C4+ F3+ F5/ B5+ G3/ A4/ @4/ C6/ A7+ E5+ D6+ H5+ H6\ G7+ B8\ C8+ G8/ G2+
8x8Trax_4085119 jazzbeth vs. Authority : @0/ @1/ B0+ B0/ @3\ @3\ B4/ D4\ B5/ E3\
8x8Trax_4085120 Authority vs. jazzbeth : @0/ @1/ B2/ A2+ B0+ @3\ D3+ C4/ C5/ A4+ B6+ B0/ @2+ F4/ F6/ F2/ G4/ A5/ @6\ D8+ E7+ A1/ H7/ DRAW
8x8Trax_4085121 jazzbeth vs. Riika : @0/ A0/ @2+ B0+ C2+ A4+ C4\ D3/ A5\ C5+ A0/ C1+ C7/ D7/ E7/ @7/ B8+ A3/ @5/ A6+ @6+ B8/ A8+ G2/ H2/ A4+ B3+ G8+ A2+
8x8Trax_4085122 Riika vs. jazzbeth : @0/ @1/ C1/ D1+ E1\ D2/ D0/ E4+ F1/ D0/ B4+ C1\ D0/ B3+ F6\ G6\ E7/ B7/ F2+ @4/
8x8Trax_4085123 jazzbeth vs. Traxplayer : @0/ A0+ B2+ @2+ A3/ A4/ D2/ @3+ @3\ @3\ B4+ C5+ B1+ D0/ @2\ B1/ E0/ F6\ E7+ H5+ G3/ G0/ H3+ E1+ G8+ A7+ B2+ B8+ H7\ A1+ H1+ RESIGN
8x8Trax_4085124 Traxplayer vs. jazzbeth : @0/ @1/ A0/ B1+ A3+ A4/ @4/ B0/ A6+ B7/ A1+ @2+ D7+ E3/ C8/
8x8Trax_4085125 jazzbeth vs. ypercube : @0/ @1/ B0+ @2+ @2/ D0/ C1+ A2+ E2+ A4/ C4+ @2\ F3+ F5\ G4+ C0+ E1/ @1\ A0+ H4+ E7+ A5+
8x8Trax_4085126 ypercube vs. jazzbeth : @0/ @1/ C1/ D1+ E1\ D2/ A2/ E3+ D0/ D0/ @4+ G4/ B6/ A5+ H1/ D1+ H0\
8x8Trax_4085127 Authority vs. Riika : @0/ A0/ @1/ @1/ C3/ D3+ B3\ B4\ @1/ F3\ F1\ D0+ G2\ E1/ A0+ @3+ F1/ F0+ G3+
8x8Trax_4085128 Riika vs. Authority : @0/ @1/ C1/ D1/ E1+ C2/ B2+ D0/ C4/ F2\ E5+ G2\ H2\ H6+ D6+ B6\ A5/ D7/ E0+ G2+ D1+ G1/ G8\
8x8Trax_4085129 Authority vs. Traxplayer : @0/ B1+ C1/ C0+ C0\ A4+ A1\ RESIGN
8x8Trax_4085130 Traxplayer vs. Authority : @0/ @1/ A0/ @1/ A0/ @1/ A0/ C2/ C5/ B5/ B6/ A6/ @2\ @3+ F2/ F1/ G3+ C7\ A1/ B0+ H3\ F1/
8x8Trax_4085131 Authority vs. ypercube : @0/ @1/ A2+ @2+ B0/ A2+ C1+ D2+ B0+ @4+ A1\ A0\ D6+ C1+ F4\ @1+ G3/ @3+ G2+ B0/ F8+ H2+ E7/ F2+
8x8Trax_4085132 ypercube vs. Authority : @0/ @1/ C1/ D1/ B2+ A0+ B0+ C0+ @3\ A2\ F5\ D6+ G4/ F3+ C1+ G2+ @4/ A5/ H0+
8x8Trax_4085133 Riika vs. Traxplayer : @0/ A0/ A3/ A4/ A5/ B3+ @5/ D1/ D0/ D6\ E2+ D7/
8x8Trax_4085134 Traxplayer vs. Riika : @0/ @1/ A0/ @1/ A0/ @1/ B0/ @2/ B0+ A4/ @2\ @2+ A1\ C0/ @4+ G3/ D0/ E0\ F2+ G3/ H2\ D8/ A3/ G1+ H6+
8x8Trax_4085135 Riika vs. ypercube : @0/ @1/ C1/ D1/ A2/ @1\ C0+ B4/ B5+ F5+ F6\ G6\ D7+ H5/ G4+ H4/ B6+ A5+
8x8Trax_4085136 ypercube vs. Riika : @0/ @1/ C1/ D1/ C0+ C3\ E2/ D3+ A0\ @4\ F1/ G3/ D0+
8x8Trax_4085137 Traxplayer vs. ypercube : @0/ @1/ A0/ @1/ A0/ @2/ B0+ B0/ B0/ A2+ @4/ @4+ @3+ F2+ B5/ B6+ A4+ G4\ RESIGN
8x8Trax_4085138 ypercube vs. Traxplayer : @0/ B1\ B2\ C2\ B3\ C0/ D3+ @2/ @2/ E0\ C2+ G3\ A4+ F1+ @2+ B1\ B0\ A1\ C0+ D2+
8x8Trax_4088273 Lorraine of the Renegades vs. Traxplayer : @0/ A0+ @2\ B0/ @3\ B4+ D3/ E2/ D4\ E4\ F3/ B1\ C0/ C6+
8x8Trax_4091567 Authority vs. Traxplayer : @0/ A0/ @1/ A0/ @1/ A0/ @1/ E3\ F3\ B0/ @1+ C0/ D1/ B0\ @3/ A5/ F5/ F2+ D6/ E0/ F1/ D8/
8x8Trax_4091568 Traxplayer vs. Authority : @0+ @1+ C1+ D1+ B2/ B0/ B0/ @3+ C0\ B2/ C6/ C7/ C0\ D1\ A8+ E6/ @6+ G5/ G4/ F2/ A4\ @5+ C3+ D1+ B2+ A3/ RESIGN
8x8Trax_4091569 Authority vs. ypercube : @0/ @1/ @1/ @1/ B2+ A0+ B0+ C0+ @3\ A2\ C6/ A1\ @3/ E0/ G1+ B0\ A1\ B8+
8x8Trax_4091570 ypercube vs. Authority : @0/ @1/ C1/ @1/ D2\ E1/ E0+ C4+ @3+ E5/ D6\ E7/ B0+ A1\ A6/ @4/ B7+ A7/ H3+ G4\ C8+ H7+ DRAW
8x8Trax_4091571 Traxplayer vs. ypercube : @0/ @1/ C1+ B0\ @2/ C0/ D1/ E3\ B4+ F3\ C5+ D0/ E3+ F7+ G7\ D8/ C8/ B2+ A6+ @3\ B1+ A6/ A7/ DRAW
8x8Trax_4091572 ypercube vs. Traxplayer : @0/ A0/ A3/ A4/ B2+ @4/ A5/ @2+ C0/ E5+ A7\ @3/ F1+ G4\ A1\ F8\ @3\
8x8Trax_4093489 dgb vs. ypercube : @0/ @1/ A0/ @1/ B0/ B4\ B5\ A3/ B6+ @1+ B0\ D7/ E4/ B0\ A1\ @1\ A4+ E2\ F7\ G7+ F2+ RESIGN
8x8Trax_4093490 ypercube vs. dgb : @0/ @1/ A2+ C1+ C3/ B0\ D2/ E2/ B0\ E2+ E1\ B0\ E5/ F4+ C7/ B7+ G4/ @4\ A3\ A6/ A7/ H3/ RESIGN
8x8Trax_4093560 Traxplayer vs. JiffyJeff : @0/ A0/ A0/ @1/ B0/ C1\ A3+ C3\ B5/ B6/ @2+ A5/ C7/ A6/ D7\ E5+ D8/
8x8Trax_4093767 Miss Traven vs. Lore_Lamia : @0/ B1\ A2/ @2+ C2\ C3\ D3\ B3/ B0/ C5/
8x8Trax_4096289 Goonerg vs. Charlo : @0/ @1/ B2/ C2/ A0/ @1/ A2+ A3/ C1+ D2/ B4+ C0/ E3/ A1\ B0/
8x8Trax_4096338 Authority vs. golfnutrof : @0/ A0/ @2+ A0/ @1/ A0+ C1/ C0/ D3\ A5/ D6\ E4/ A6/ B7+ @5+
8x8Trax_4096348 balmoral vs. YankeeFan : @0+ B1/ @1/ @1/ B0/ D3/ A0\ @3/ E1/ F1\
8x8Trax_4097824 dgb vs. GringoNZ : @0/ @1/ A0/ B3/ @2\ B0/ @3+ E3\ B1+ @3\ D0/ D0\ B6+ E3+ @5\ C3\ D7/ G6+ @5/ C7+ B3\ A4+ D1+ A6/ B7+ C8/ G7+ G8+ DRAW
8x8Trax_4098986 DavidTrax vs. **Lover of Darkness** : @0/ A2+ B1/ A3+ C1+ D1\ E1\ E3/ A0\ @1\ F1/ E0/ G2\
8x8Trax_4099178 Rogue Trooper vs. YankeeFan : @0+ B1/ B0/ C1/ B3/ C4+ D4\ C5/ A4+ @4/ D6/ F6\ F1/ F7/
8x8Trax_4110056 Authority vs. angel heart : @0/ B1\ A2/ B2+ @1+ A0/ A0/ @1\ B0/ A4/ @5\ B1+ D1+ F3\ A2\ C0\ @5\
8x8Trax_4110057 angel heart vs. Authority : @0/ @1/ A2\ C1\ B2+ B3\ C3\ C4\ C0\ D4+
8x8Trax_4110058 Authority vs. Charlie the Unicorn : @0/ B1\ A2/ B2+ A0\ @1\ @1+ C4/ A0/ A3/ D1/ E2/ C0/
8x8Trax_4110059 Charlie the Unicorn vs. Authority : @0/ @1/ B0/ A0+ @2\ @2\ B1+
8x8Trax_4110060 Authority vs. Traxplayer : @0/ A0/ A3/ A4/ @3+ C1/ C0/ D1/ B6/ E6+ B7+ @2+ A0+ G3+ H3/ A6+ F1+ H6\
8x8Trax_4110061 Traxplayer vs. Authority : @0/ @1/ A0/ @1/ A0/ @1/ A0/ @1/ A0/ @1/ A0/ @1/ A0/ @1/ A0/ E4/ E7/ F4/ F3/ G3/ G2+ F8+ H7+ D6+ C7\ F1/ B4/ A4/ D8+ DRAW
8x8Trax_4110062 Authority vs. TallPaul : @0/ A2+ A3/ @2\ B0/ C3\ @4/ B5\ A1\ C0/ @4\
8x8Trax_4110063 TallPaul vs. Authority : @0/ @1/ C1/ D1/ A0/ A3+ @1+ @1/ D1+ A0/ E1+ @2/ A4+ H2\ B5+ G5+ C6+ D0+ E7+ C0/ B1+ F2/ DRAW
8x8Trax_4110066 angel heart vs. Traxplayer : @0/ @1+ B0\ @2/ A3/ A4+ @4\ D4\ E2+ D5/
8x8Trax_4110067 Traxplayer vs. angel heart : @0/ @1\ B0\
8x8Trax_4110070 Charlie the Unicorn vs. Traxplayer : @0/ A0/ @2\ B0\ A1\ A0\ C2\ @2+
8x8Trax_4110071 Traxplayer vs. Charlie the Unicorn : @0/ B1\ A2/ @2/ B0+ C3+ A4/ B5/ D4+ @4/ A5/ B6/ E2/ E1/ F4\ F2\ E7+ G5/ C8+ A7\ E8+ H4/ H3/
8x8Trax_4110074 Traxplayer vs. TallPaul : @0/ @1/ A0/ @1/ A0/ @2+ B0/ A4/ @1\ C0+ E6/ D3+ A5/ @5/ C6+
8x8Trax_4110075 TallPaul vs. Traxplayer : @0/ A0/ A0/ A0/ @2+ B0/ C1/ @1\ C0+ A6/ @6+ C7/
8x8Trax_4110080 dgb vs. ypercube : @0/ @1/ @1/ @1/ B0/ @1+ B0\ D1\ C0+ A1/ B0+ @3\ @3\ A0+ @1+ RESIGN
8x8Trax_4110081 ypercube vs. dgb : @0/ A0/ A3/ A0/ A5\ B2+ @5\ @2+ E4+ D5\ @3+ D6+ @4/ A5/ RESIGN
8x8Trax_4110084 Joni vs. ypercube : @0/ @1/ A2\ @2/ B3\ C3\ D2+ B4+ A3/ @3/ A4/ D5/ D0/ E1/ F1/ E6\ E7\ F5/
8x8Trax_4110085 ypercube vs. Joni : @0/ A2+ A3+ B2+ A4/ @3\ C4\ B5/ D2\
8x8Trax_4110086 coopaah vs. ypercube : @0/ @1/ A0+ A0\ @3/ A4/ @4/ A0\ @3+ E6+ F5\ E7/ @5\ C8/ B7\ B1\
8x8Trax_4110087 ypercube vs. coopaah : @0+ B1/ C1/ B2\ B3\ A3\ C0/ @4\ A5/ @3/ F2+ F3\ G3\ G4\ D6\ A5/ H4\ G6\ C7/ D8+ H6\
8x8Trax_4114347 Authority vs. jaha : @0/ A0/ A3/ A4/ B2+ @1+ @2+ B5+ E2/ F2/ G2/ E4+ E5\ F5\ C6+ E7+ B0\ A1\ @4+ F1+ A2+ B7+ DRAW
8x8Trax_4115875 Eriisa vs. YankeeFan : @0+ B1/ C1\ B2/ B0/ D2+ A4\ D3+ B5/ E1/ E0/ @3/ F4\ G1+ C1/ F0/ A2\ C1/ @3/
8x8Trax_4116418 balmoral vs. supermac : @0+ @1\ B2\ B0+ C1/ B0\ B0\ @3/ @3/ A0+ @3/ F1/ E0\
8x8Trax_4116422 Azalea vs. YankeeFan : @0/ A0/ @2+ @1/ A0+ @3/ B4\ C0+ E2+ C0+ A6/ B7\ D6+ E4+ F6/ C8+ F7\ D1+
8x8Trax_4117688 Sharon39 vs. Charlo : @0+ A0\ A3/ @1\ @2\ C0+ A2\ B0/ D3/ @1\ B0/ A6+ @4/ C7+
8x8Trax_4117813 Krake vs. Charlo : @0/ @1/ C1/ C2/ A0\ @1/
8x8Trax_4118264 Traxplayer vs. Rogue Trooper : @0/ @1+ A0+ @1\ A0\ A0+ @3+ A4/ E3\ A5/ @2/ C6+ C7/ @4+ B6+ @6+ E8\ F8\ G8\ B7+ B8+ A8/
8x8Trax_4118488 Charlo vs. Sharon39 : @0/ A2+ A3/ B1+ @2\ B0\ D3/ @2\ A1\ B0\ E5\ D6\ F5/
8x8Trax_4118925 Charlo vs. CHESSCATJAY : @0/ A0/ B1+ C2/ @2/ D3+ C4+ E3/ @4/ A5/ A1\ @4+ B0/
8x8Trax_4120729 JiffyJeff vs. YankeeFan : @0/ A0/ A3/ @2+ @2+ D2+ C0\ C5/ E3/ F2\ C6/ E6\ E7\ F7\ G2\ C0\ A7/ RESIGN
8x8Trax_4120784 Authority vs. Traxplayer : @0/ @1/ A2+ C1+ C3/ D2+ B0/ B4+ B5/ RESIGN
8x8Trax_4121591 ypercube vs. golfnutrof : @0/ @1/ C1/ C2/ D1/ D3/ C0+ A3/ @3/ A4/ @1+ A0\ @1\ A0\ A5+ @1+ A0\ G3/ F8+ A6/ A8+
8x8Trax_4124382 DavidJ vs. Uncle Chuckie : @0/ A2\ B1/ B0/ B3\ C3\ A4/ @3\ A0\ @3/ A5/ @3/ C6+ F2/ D0+
8x8Trax_4126262 Linda Sue vs. Ruth : @0+ B1+ B0\ B3\ A3+ C2+ C4+ D2+ A4\ E2+ F2\ F3\ D1\
8x8Trax_4127863 Rimon vs. Riika : @0/ @1/ A0+ B3\ C1\ D1\ D3/ C4\ B4+ E4\ D5/ @3+ A5\ @3+ F6\ G6\ H5+ H3+
8x8Trax_4128255 doc harley vs. TallPaul : @0/ A0/ B1+ A0+ C2+ A4\ D2+ A5\ E2+ @1+ C4\ A0/
8x8Trax_4128256 TallPaul vs. doc harley : @0+ A0\ B1\ @2/ @2/ C0+ B4+
8x8Trax_4129663 Goonerg vs. psychospaz mom : @0/ A2\ B1/ B0/ @2/ D1\ B4\ D2+ C4+ C5\ D5\ E5+ E6\ E7+ A5/ @4+ D6/
8x8Trax_4129839 supermac vs. Dragon101 : @0+ A0/ B2+ B3\ A3+ C2+ C1+ @2+ E2/ D0/ C0\ B1\ A1\ @1+ E0/ F1/ G3\ C0+ @5+ C7+ B7+ C8+ B2+ A2\ H6\ H7\ F8/ B8/ H1/
8x8Trax_4131121 Rogue Trooper vs. Charlo : @0+ A0/ @2/ @2/ B1+ C0/ C0/ A2+ @3+ E1/ C0+ A2+ F3+ A0\ @2+ F1/ G2/
8x8Trax_4131189 balmoral vs. YankeeFan : @0+ B1/ A2\ C2\ B3/ @2+ @2/ A4+ @3\ @3+ @3/ A5+ G4\ H3\
8x8Trax_4131313 jaha vs. dgb : @0/ @1/ A0/ @2+ A3\ B0\ @3\ @3\ B4+ D5/ D6+ @3+ F7\ G6+ RESIGN
8x8Trax_4131314 GringoNZ vs. Authority : @0/ A0/ @2/ @1+ C0/ D1/ A0+ B0+ E2+ C0\ @3+ A2\ @3/ B6\ B7+ F7+ A6\ D8/
8x8Trax_4131341 Charlo vs. Traxplayer : @0/ @1/ B0+ @2+ B3/ B0\ @3/ @3/ @3/ D5+ B6+ B2+ D1+ E0/ F1/ G4+ E6+ @5\ B8\ H2+ DRAW
8x8Trax_4133439 dgb vs. Traxplayer : @0/ @1/ @1/ @1/ B0/ C3\ C4+ @2+ B5/ A3+ C6\ D6\ E6+ E7\ D1+ RESIGN
8x8Trax_4133440 Traxplayer vs. dgb : @0/ A0/ @1/ B0+ C2\ D2/ C1+ C0/ RESIGN
8x8Trax_4134241 Traxplayer vs. rogerrabbit : @0/ @1/ A0/ @1/ A0/ B1+ @1/ B3+ D1/ E1+ E0/ D5\ E5\ F2\ A3/ B5/ B6/ D1+ @6/ C7/ B1\ A1/
8x8Trax_4135789 TallPaul vs. doc harley : @0/ B1\ B2\ C2+ A0/ A3/ B4/
8x8Trax_4136312 TallPaul vs. doc harley : @0+ @1\ B0/ C2/ C1/ D1/ A0+ E3\ C4/ B5/ A5/ F2/ @4+
8x8Trax_4141675 Charlo vs. csain1 : @0/ A2\ B1/ @1/ D1\ D2\ E2\ C3/ D4+ F3/ E0+ C6\ E6+ B6/ C7\ A5+ @2/ @4+ B1+ G8\ H8\ A6+ B7+ B8/ A8/ C8\ A1+
8x8Trax_4141744 Riika vs. Rogue Trooper : @0/ A0+ A0\ @3/ B0\ @4/ A5/ D3/ @2+ E0/ F1/ D0\ C1\ @1+ A0\ @4/ B6+ A7+ G8\ H6+ H5+ E1+ A5/ H7+
8x8Trax_4142438 dgb vs. ypercube : @0/ @1/ B0+ @2+ A0/ A4/ A5/ @2+ A4+ @4/ B0+ A1\ D1+ @5\ A4+ A1+ C7+ RESIGN
8x8Trax_4142439 ypercube vs. dgb : @0/ A0/ B2/ A3+ C2/ @2\ @2\ D1+ C4/ D4+ D0/ D0/ C2+ D0+ F7+ G6\ E8+ C8/ F4+ H5+ B4+ B7+ A8\ H3+ DRAW
8x8Trax_4142549 Chad vs. **Lover of Darkness** : @0/ B1/ B0\ C1\ C0\ @3/ B4+ B2\
8x8Trax_4142900 Kaisa vs. Traxplayer : @0/ A0/ @1/ A0/ @2/ A0/ D3/ D2/ @3+ A4/ B0\ @3+ D1/ C0\
8x8Trax_4145731 golfnutrof vs. Goonerg : @0/ @1/ A0/ B3\ C2/ @2/ A0/ @2+ A4+ @2/ C0/ D2/ A1\ @2/
8x8Trax_4147073 ypercube vs. LadyScorp : @0/ B1+ @1+ C2+ D2\ A2+ B3\ C4/ C5/ A0\ D7\ E7\ A7/ A8/ @7\
8x8Trax_4147639 Riika vs. Rogue Trooper : @0/ A0+ A3/ B2/ @1\ @1+ C0/ D5\ E2\ A5/ @3\ D6/
8x8Trax_4147640 Dragon101 vs. stormy rebel : @0/ A2/ B2/ B1/ C2/ C1/ D1/ B3/ E1/ A3/ B4+ F1\ B5+ F2\ E0+ F1+ G1/ D6/ G4\ H3/ C7\
8x8Trax_4148003 Riika vs. LadyScorp : @0/ A2\ B1/ B0+ A0/ B0\ @3+ D2/ @3/ E1/ E0/ E4\ F4\ D6+ A6/ @4/ C7\
8x8Trax_4149248 YankeeFan vs. Rogue Trooper : @0/ A0+ B1\ A0/ C1+ A4/ RESIGN
8x8Trax_4149253 Rogue Trooper vs. Traxplayer : @0+ B1+ A0/ A3/ @3/ @3+ D0\ E2+ C5+ D5\ D6\ E4/ F6+ @3\ A2\ E7+ G3/ @3\ H7+ H8\ E8+ B1\ B4+ C5/ DRAW
8x8Trax_4149254 JiffyJeff vs. Charlo : @0/ A0/ A0/ @1/ C1\ D1\ B0/ @2+ D0/ A4\ E4\ F2+ F1/ G1/ RESIGN
8x8Trax_4149273 Traxplayer vs. Rimon : @0/ B1\ A2/ @2+ B3\ C3\ B4\ @2+ B4/ C5+ A5/ B0\ @6\
8x8Trax_4149476 Riika vs. LadyScorp : @0/ B1\ B2\ B0\ A0/ C2+ D2/ C0+ D5\ E3/ C6\
8x8Trax_4149659 putterer vs. Sista : @0/ A2\ B2\ B3+ B4\ C4\ C2+ C1/ D2+
8x8Trax_4149878 Sista vs. putterer : @0/ A2\ B2\ B3+ B1/ @3/ D2/
8x8Trax_4149981 Sista vs. putterer : @0/ A2\ B1/ B2+ @2\ C0/ C4\ D2+
8x8Trax_4151794 dgb vs. ypercube : @0/ @1/ @1/ @1/ B0/ D1/ D3+ E1/ E0/ F4+ D5/ @3+ B6/ A6/ A0\ C0+ @3\
8x8Trax_4152031 dgb vs. Goonerg : @0+ A0/ A0/ B2+ @2\ B0/ B0/ D3+ C0+ A3+ B1+ E3+ @5/ A6/ A1\ @3+
8x8Trax_4152232 JiffyJeff vs. Goonerg : @0/ A0/ A3/ A4/ A5/ @4+ C4\ B0/ @3+ E5+ E6\ E7\ @3/ F0/ G1+ G4+ H1+ A6+ A2\ H4+
8x8Trax_4152292 GringoNZ vs. Goonerg : @0/ A0/ B1+ @2/ D1/ C0+ A1\ @3/ C4\ B5+ C0+ @6/ A7/ A3\ @7+ B2/
8x8Trax_4152294 GringoNZ vs. dingbat : @0/ A0/ B1/ B3/ C3/ A3+ B4\ A4+ @2/ @3/ A4/ C0+ F4\ F5\ G5\ E6/ @4\ A3\ G3+
8x8Trax_4152347 Riika vs. dingbat : @0/ A0/ A3/ @2+ C3\ C4\ D4\ B0/ E2+ @3/ G1\ C0/ @4/ D6/ F7\ H6+ F0+ B4+ B8+ A2\ C1+ A1\
8x8Trax_4152356 ypercube vs. dingbat : @0/ A0/ B2/ A3+ C2/ C1/ A4/ B4+ A5/ @5/ @3/ E0+ A5+ C7+ F5+ F6\ G3+ @6\ A7+
8x8Trax_4152360 ypercube vs. Goonerg : @0/ A2+ A3+ B1/ C2/ B3+ D2/ A4+ E3\ D4/ E1/ F1/ @3\ C0+ D1+
8x8Trax_4152454 Carroll vs. dingbat : @0+ @1+ A0+ A0+ @1+ A3\ C4+ C5/ D3\ C2/ @2/ C0/ E2+ @3/ A5+ G4\ F6+ A1\ H2+ C0+
8x8Trax_4152516 Carroll vs. ypercube : @0/ @1/ C1/ D1/ A0/ D3\ E3\ A4+ D1/ B5+ B6\ E2+ D0+ C8/ F4\ G4\
8x8Trax_4152541 ypercube vs. stormy rebel : @0/ A2\ B1/ @1/ @2\ B3/ C4/ @1/ E4\ D5/ F2+
8x8Trax_4152558 Carroll vs. Riika : @0/ @1/ B2+ C2+ A3\ C3+ B0/ D3\ D2+ E1\ @4/ B5\ A1\ E0+ @3/
8x8Trax_4152580 Carroll vs. dgb : @0+ B1+ A0+ @2+ A3+ @2+ @2/ @2/ B1+ G2\ D4/ G1+ E3\ F0/ G5\ H3\ E6\
8x8Trax_4152594 Riika vs. stormy rebel : @0/ A2\ B2\ B3\ A0\ @2/ @4/ B5\ D2/ E2/ E3+ F1\ C0\ B2\ A2\ @4/ @4+ A5/ H0/ C2\ H0+ F8/ C8+
8x8Trax_4152600 Charlo vs. Goonerg : @0/ @1/ A2/ A3/ @1+ A0\ @1\ A0\ A5/ E3+ @3/
8x8Trax_4152611 Charlo vs. dingbat : @0/ A0/ @2+ @2/ B0+ B0/ B0/ B0/ C7/ D4\ E1/ E0/ F3+ C1\ A1+ G3/ H2\ G4+ E6+ G7\ H5+ G8+ H8\ A6\
8x8Trax_4152628 Carroll vs. Charlo : @0+ A0/ A0/ B2+ @2\ D2/ C0+ A4+ B5+ @3+ A2\ A1\ D0+ @3+ @2/ @2/ G0+ D1+ G0+
8x8Trax_4152687 ypercube vs. Charlo : @0/ @1/ C1/ A0\ @1\ @1\ F1\ F3+ B0\ A1+ C5\ B3/ F0/ G3\ H2+ H1/ A6+ A7/ D0/ E7+ F7\ F8\ H8+
8x8Trax_4152732 Goonerg vs. coopaah : @0/ @1/ B2/ A2/ A0/ @3+ @3\ A0+ @3/ B5+ E5\ F4/ E1+ E0/ F1/ F0/ B1\ @3+ C0/
8x8Trax_4152748 dgb vs. Charlo : @0/ @1/ @1/ A0+ D1\ B0+ D4\ E4\ E5\ F5\ A6+ @3/ E7\ @2+ D8+
8x8Trax_4152788 Carroll vs. stormy rebel : @0/ A2\ B1/ @1/ B0+ B4/ A4+ @2+ C0\ A5/ A6/ @3+ A2\ @3+ A4+
8x8Trax_4152832 jaha vs. golfnutrof : @0/ @1/ A0/ B3/ @2\ D2+ E2\ A1+ E1/ F2\ E0/ B4/ E5+ B1+ D2+ F1/ G3\ E0+
8x8Trax_4152914 Carroll vs. GringoNZ : @0+ B1+ B0+ C2+ @2\ A1\ B3\ A0\ @2/ D5\ E4+ F4\ F5\ G5\ D6+ F3+ A0/ H6\ E2+ A4/
8x8Trax_4152915 GringoNZ vs. Charlo : @0/ @1/ B0+ @1+ B3+ A0\ A0\ @4\ @2+ @2\ G4/ D0+ D6+ B5+ D7+ B7/ A7+ C8+ H4/ F3/ C1+ G2/ H1\ A5/ G7+ DRAW
8x8Trax_4152920 GringoNZ vs. stormy rebel : @0/ A2\ B1/ B0/ @2/ A4/ @4/ C5\ D3\ E4/ A1\ B0/ @4+
8x8Trax_4153516 GringoNZ vs. Riika : @0/ A0/ B1/ C1/ A3/ C4+ D1+ B0+ @4/ @2+ @3\ C0+ H6\ F7\ B0/ A1+ C8+ B8/
8x8Trax_4153603 dgb vs. Riika : @0/ @1/ B0/ B0/ A0+ @1\ D3+ A0+ @1\ B0/ A6/ @5+ C7/
8x8Trax_4153609 dgb vs. Riika : @0/ @1/ C1/ A2/ B0+ C0\ B5+ @4/ B1+ @4+ @4\ G1/ G0/ G6+ H1+ H0\ F1+ D8\ H6\ G8+ H8\
8x8Trax_4153678 jaha vs. Goonerg : @0/ @1/ A0/ @1+ B3+ B0+ C1/ C0/ D3\ E3+ C0/ C0/ A1+ @1/ C0+
8x8Trax_4153683 jaha vs. dingbat : @0/ A0/ B2/ A0\ @3+ @3/ @3/ C1+ B1\ C0/ B5+ @4+ F5\ D6/ G4\
8x8Trax_4153691 Carroll vs. jaha : @0+ A0/ A0/ A4/ A5/ A6/ @5+ A2+ @6\ @6\ B4+ E6\ C7\ @7+ D8+
8x8Trax_4153692 jaha vs. Charlo : @0/ A2\ B2\ B3+ @2+ B0/ B5\ @3\ A4+ E5/ C0+ B3+ B0/ A8+ @8+ A4/ @5\ A3+ A2/ @4/ B7+ G2/ H2+ B1/ H8/ G4+ H1+ H3\ A2+ A8+
8x8Trax_4153699 jaha vs. Riika : @0/ A0/ B2/ B1+ A3\ @2/ B0/ D1\ E1\ C4+ B5+ @3+ F0/ G2\ E0+ F0\ G1+
8x8Trax_4153742 Charlo vs. Riika : @0/ @1/ C1/ @1/ A0+ @2+ C3+ D0+ D0/ F5\ D6+ F3+ F0+ G4/ H5+ B7+ H1+ C8\ F7+ G7+ E8+ B3\ B2\ B1\ A6+ A8/ H8/
8x8Trax_4153787 Authority vs. Goonerg : @0/ A0/ B2/ A3/ C3/ C2/ A4+ D4\ D5\ @2+ F4+ F1/ G3+ B0/ C1/ C0/
8x8Trax_4153790 Authority vs. dingbat : @0/ A0/ A3/ @2+ A0+ @3/ C5/ D5+ E4+ B0/ D7\ E6\ A7/ @7\
8x8Trax_4153799 Carroll vs. Authority : @0+ @1+ A0+ @2+ @2\ A1\ D3+ E2+ @1/ C3/ D4\ E5/ F3+ B5/ RESIGN
8x8Trax_4153800 Authority vs. Charlo : @0/ @1/ B2/ C1+ C3/ C0/ B1+ D2+ D3+ D5+ D6/ E3\ B5/ E2+ F4/ E6+ A4\ G5+ D7+ E1/ E0/ @4/ B1/ H2+ C7+ C8/ B8/ A7+ G8+
8x8Trax_4153805 Authority vs. Riika : @0/ @1/ B2/ B3+ C1/ C0/ D1/ D0/ C6/ E5+ F2+ E0\ G5\ F7+ G1/ E0\ H4+
8x8Trax_4153809 Authority vs. jaha : @0/ @1/ B0+ @1/ B3/ D2+ E2/ F2/ C4+ C5/ B0/ A3/ A5+ F2+ @4\
8x8Trax_4153856 GringoNZ vs. jaha : @0/ A0/ B2/ B3/ @1/ @1/ A0/ B3+ C1+ D2+ E2/ E1/ F1/ E0\ E0\ C2+ A2\ @2\ D1+
8x8Trax_4153859 GringoNZ vs. Authority : @0/ B1/ A0/ @1/ B3\ B4\ B0\ B0\ C1+ D3+ A1\ @1+ C0+
8x8Trax_4153905 dgb vs. jaha : @0/ A0/ A0/ A0/ @2/ A4/ C4+ A5/ @5/ D6+ @1+ D0+ F3+ G4/ @6/ A7/ H5+
8x8Trax_4153910 dgb vs. Authority : @0+ @1+ C1\ A0\ A0\ A0\ @3+ @3+ B0/ E6\ F6\ D7+ A3+ @2/ G4+ H6\ E0+ H4+ C1+ D8\ A5/ H2+ A6+ C7+ A7+ B8/
8x8Trax_4154147 JiffyJeff vs. Riika : @0/ @1/ @1/ @1/ E1/ C2+ C0\ E4\ RESIGN
8x8Trax_4154255 ypercube vs. LadyScorp : @0/ B1\ A2/ B2+ C2\ A3/ D3/ C4+ D1/ D0/ E2\
8x8Trax_4154259 ypercube vs. Riika : @0/ @1/ C1/ D1/ C2/ A2+ B3/ A0+ @4\ B0\ A1\ @4/ G5+ G6\ H6\ H7\ H3/ H2/ E1+ B0\ A3+ A7/ H1\ A8/ F1\
8x8Trax_4154263 ypercube vs. Authority : @0/ @1/ C1/ D1/ C2/ D0/ D4\ E2+ F2/ G1\ H2/ G0+ E5+ F0+ D7\ F6+ F7\ F8+ G6+ B5/ A7\ H6\ D2+ G1/ H8+ B1+ A8\ B8\ E8+ C8\ A6+
8x8Trax_4154267 ypercube vs. jaha : @0/ @1/ C1/ D1/ C2/ B0\ B0+ E3+ E5+ A1\ @2/ F6/ G3/ C5+ H3\ H4+ E0/ F1+ B1+ B0/ A1+ H7\ H8\ G2/ F1+ D1+ A6+ A7/ DRAW
8x8Trax_4154408 Charlo vs. LadyScorp : @0/ B1\ A2/ A3/ @1+ @3/ B4\ @2\ A1\ A0+ @4+ A1+ @3/ @2/ C5+ G6/ H3+ F7+ C7/ C8+ B6/ A5/ A4+ F8+ A6+ F1+
8x8Trax_4160094 Kaisa vs. ypercube : @0/ @1/ B2/ C2/ B3/ A2/ B4\ B5\ RESIGN
8x8Trax_4160102 Kaisa vs. Goonerg : @0/ @1/ C1/ D1/ C2/ D0+ D4\ E2/ B4/ B5/ C0/
8x8Trax_4160119 Carroll vs. Kaisa : @0/ @1/ C1/ D1/ D0/ A0/ D4/ E2+ D5/ RESIGN
8x8Trax_4160120 Charlo vs. Kaisa : @0/ A0/ B1+ A3/ B4+ C4\ D4+ B5+ E4\ C6/ D6+ D7\ E7\
8x8Trax_4160124 Kaisa vs. Riika : @0/ @1/ A0/ A0/ @3+ C4\ D3/ C2+ B5+ A5/ @5+ A6/ A1\ @4/ B0/
8x8Trax_4160128 Kaisa vs. jaha : @0/ @1/ B2/ B3+ A3/ A4/ @2\ B5/ @1/ A0+ D7\ E7\ A7/ D8+ @7\
8x8Trax_4160135 Kaisa vs. Authority : @0/ A0/ A3/ A4/ B4/ @1+ C1/ C0/ @2/ @5+ B6/ B7+ F5\ D6+ G1+ C8+ @4+
8x8Trax_4160727 jazzbeth vs. Goonerg : @0/ @1/ B2/ C2/ C3/ C4/ D2+ C5/ E3\ B5/ A5/ E4+ E6+ @6/ B7+ B8/ A8/ D1/ A4+ @6+ A4\ @3/
8x8Trax_4160729 jazzbeth vs. dingbat : @0/ A0/ @1/ C2\ B3/ C3+ A3+ @1+ C0/ @2/ @2/ D0+ B2+ C0/ A2+ G4+ F2+ @3+ G1+ F0/ B7/ A7+ A8/ C1+ E8+
8x8Trax_4160739 Carroll vs. jazzbeth : @0/ @1/ C1/ C2/ D2/ B0\ @2/ D4+ B3+ F4+ E2/ G4/ F5+ G1/ RESIGN
8x8Trax_4160740 jazzbeth vs. Charlo : @0/ A0+ B2+ B3+ C2/ D2/ C1+ B4/ @2/ @2/ B0+ D1/ E5+ @1+ B6+ A6/ @1/ E0/ G1/ H1/ A7+ D8/
8x8Trax_4160746 jazzbeth vs. Riika : @0/ @1/ B2/ A2+ @2/ @2/ B1+ A3+ B4/ D0/ D5\ E5\ D6/
8x8Trax_4160754 jazzbeth vs. LadyScorp : @0/ A2\ B1/ B0+ A0/ B0\ @4+ D1/ B0/ D4\ E5/ F5/ D6+ @1\ C0+ G4/ H4/ F3+ F2/ F1/ D0+
8x8Trax_4160835 Carroll vs. JiffyJeff : @0+ A2/ A3/ B1\ @3/ B0/ D2\ C5+ B0/ A1/ @2\ B7\ @1/ D0/ @4+ @3/ A2+
8x8Trax_4161023 Goonerg vs. stormy rebel : @0/ A2\ B1/ B0/ @3\ A0/ C1+ A0\ @3+ C0/ D1/ E2\ E5\ E6\ F4/
8x8Trax_4161032 Goonerg vs. dingbat : @0/ A2\ B1/ @1/ B0+ A0/ A0/ D3\ B0/ C1/ C2+ D2\ E5/ D6+ E1/ F3+
8x8Trax_4161038 Goonerg vs. Riika : @0/ @1+ A0+ @2/ A3/ B0+ A1+ @2\ B0/ B0/ A2+ D1/ @5+ E0\
8x8Trax_4161067 Carroll vs. Goonerg : @0/ A0/ A0+ B3\ A4/ @3+ D3+ A0\ @3+ @3/ A4/ B6+ @5+ A3\ H4+
8x8Trax_4161198 Authority vs. LadyScorp : @0/ A2\ B2\ @1/ @2\ B0+ @3\ D0/ C5+
8x8Trax_4161553 GringoNZ vs. LadyScorp : @0/ A2\ B1/ C1/ @2\ @2+ C3+ A1+ C4/ B0\ D5/ @2\ A1\ C0/ A6/ A7/ @4+
8x8Trax_4161557 ypercube vs. GringoNZ : @0/ @1/ C1/ D1/ C2/ C3+ B3/ B0\ B0+ A1\ @2\ @2\ A1\ D0+ G2/ G1+ @4+ A5/ D0/ E8+ D8/ DRAW
8x8Trax_4161564 dgb vs. GringoNZ : @0+ B1+ C1\ C2\ B3\ B4\ D2/ B0/ B0/ D3/ C6\ @3\ E1/ RESIGN
8x8Trax_4161637 Kaisa vs. GringoNZ : @0/ @1/ C1/ B0\ B0/ B4+
8x8Trax_4161715 Judy vs. Riika : @0+ @1+ A2\ A0+ A0/ B1/ C1+ C0/ D4\ D5\ B6/ A1\ E3/ B0/
8x8Trax_4161836 YankeeFan vs. balmoral : @0/ B1\ A2/ @2+ @1/ A0+ @3\ @2+ D0\ E5/ F1/ G3/
8x8Trax_4162009 ypercube vs. jazzbeth : @0/ @1/ C1/ C2/ D1/ B0\ B0+ C5+ @3/ C4/ F5+ F2+ G2+ B2+ H4\ G5+ F6\ F0/ G2+ B6/ B7+ C1+ A2+ A1+ H6\
8x8Trax_4162499 Traxplayer vs. thebodywall : @0/ A2+ A3/ @3/ @2/ B1+ @1/ B3+ B0\ D1\ E2+ D0/ E1/ E0/ F3\ G1+ A5/ C7+ G0/ H1/
8x8Trax_4162500 thebodywall vs. Traxplayer : @0+ B1+ B2/ A0\ @1+ @2\ B3+ C4+ @3/ A4/ C5\ D6/ B7+ E6\ F6+ E7/
8x8Trax_4162598 dgb vs. jazzbeth : @0/ @1/ @1/ C0/ B0+ @3/ C0+ A5+ @3+ C6/ F4+ G5/ C7/ C1+ C8+
8x8Trax_4162945 Kaisa vs. jazzbeth : @0/ @1/ C1/ A2/ B0/ @1/ C0+ D1/ D0/ @3+ A4/ B6+ F2+
8x8Trax_4162975 GringoNZ vs. jazzbeth : @0/ @1/ A2+ A0+ C2\ B4/ @2/ @2/ B4+ @2/ @3+ @3\ E0/ G6/ H5\ C6+ E7+ A6/ A7+ B3+ C7+
8x8Trax_4163341 Dragon101 vs. Riika : @0/ @1/ A0/ A0+ B2+ @3/ A4\ D2\ D4+ @3/ A5\ @3+ D0+ D6+ @3/ B6+ C7\ @5/ A6/ G1+ F0/
8x8Trax_4163407 GringoNZ vs. Charlo : @0/ @1/ A0/ @1/ B0/ @1/ C4/ D1/
8x8Trax_4164434 Authority vs. jazzbeth : @0/ @1/ A0/ B1+ @2\ @2+ C3/ B4+ A1/ B0+ @4+ D1/ C6/ C0/ E1+ @5\ C8+ G3\ E7\ E8+ A4\ G8\ H6+
8x8Trax_4164565 ypercube vs. JiffyJeff : @0/ @1/ C1/ B2+ D1/ B0\ @3\ @2/ D0+ RESIGN
8x8Trax_4166293 GringoNZ vs. JiffyJeff : @0/ @1/ A2+ @2+ B0/ D2+ C4/ D1/ E1/ RESIGN
8x8Trax_4167061 Phil The Hat vs. Charlo : @0/ @1/ B2/ C2/ A2+ C3+ D2+ D1/ @1/ C0+ D1/ D0/ E1/ F4+ B1+ E0/ G2/ H2+ H1/ H0/ A2+ B1+ F0+ C1+ G7\ B8/ G8+ H8/ A1+
8x8Trax_4167071 Phil The Hat vs. dgb : @0/ A0/ @1/ B0+ @2/ D2\ C4+ B4+ C5+ C6\ A0\ @1\ C7/ C8/ B6+ E6+ E5+
8x8Trax_4167079 Phil The Hat vs. dingbat : @0/ A0/ B2/ B3/ A0+ @3/ B0/ B0/ A2+ @1+ A5\ D3\ A6/ @6/ E7+ B2+ D0/ A6+ F4\ A2\ @4/ H3+ C8+ E7+ D8+ A6/ H7+
8x8Trax_4167222 Phil The Hat vs. Kaisa : @0/ A0/ @1/ B0/ B4+ A4/ @3\ @3+ C5/ @4+ B1\ D0+ E7\ F7\ G7+
8x8Trax_4167372 Phil The Hat vs. ypercube : @0/ @1/ A0/ @1/ A0/ C2/ B4/ @2/ B3/ E4+ C5/ B5/ C6\ E1/ F3+ A3+ @4+ D1+
8x8Trax_4167711 Phil The Hat vs. jazzbeth : @0/ @1/ B2/ C2/ C3+ C1+ @1+ B3+ E1/ A3/ D4/ @2+ E0\ F3+ B0+ A1\ F1/ G2\ E0\
8x8Trax_4168757 Phil The Hat vs. GringoNZ : @0/ @1/ B2/ C2/ A0/ @2/ @1/ A0/ A0+ @2\ B0+ B0\ A1\ @5/ B6\ A1+ @1/ B0/
8x8Trax_4174008 coopaah vs. ypercube : @0/ @1/ @1+ @1\ C0/ C0+ D2+ E2/ D1/ A0\ @2+ E1/ F2/ C0/
8x8Trax_4174009 ypercube vs. coopaah : @0/ @1/ C1/ C0+ D1/ B3+ B4\ B5\ A0\ @2/ C7\ C8\ A4+ E5+ F2/ A5+ @4\ E1+ B6+ G6+ @4/ H4+
8x8Trax_4174010 coopaah vs. Traxplayer : @0/ @1/ @1+ A0+ @1\ A0\ C1+ @2+ A3/ A4+ @4+ F4\ D5+ G3\
8x8Trax_4174011 Traxplayer vs. coopaah : @0/ @1/ A0/ @2+ B0/ A4/ A5/ @3\ B0+ E4\ E5\ E3+ F4+ G4\ H4\ E6\ E7+ E2/ E1/ E0/ D6+ G3+ G8+ DRAW
8x8Trax_4174012 ypercube vs. Traxplayer : @0+ B1+ A0+ @1+ @1+ E2+ E3/ E1/ D0/ F3+ G3/ G4/ F5\ H4+ G1/ H1/ F0+ F0/ E7+ E8/ C3+ D7+ E1\ D1+ B3\ A5/ B6/ B8+ C1\
8x8Trax_4174013 Traxplayer vs. ypercube : @0/ @1/ A0/ @2/ @1/ E2/ B3/ E1/ B4+ F4+ C5+ A4+ @1\ D0+ B3/ A5+ D0/ @6+
8x8Trax_4174649 rogerrabbit vs. jaha : @0+ A0/ B2+ A3/ @1/ B0/ D1/ D0/ D4\ E4+ E2+ A1\ C0+
8x8Trax_4175966 jazzbeth vs. JiffyJeff : @0/ @1/ B2/ A2/ A0/ A4+ B1/ C1+ B5/ D4+ B0/ @2+ @1/ D0/ C8/ D8+
8x8Trax_4176278 Phil The Hat vs. stormy rebel : @0/ B1\ B2\ B0\ C2+ @2/ A3/ C4\ A0\ @2/ E1/ C0\ F2\
8x8Trax_4176292 Phil The Hat vs. LadyScorp : @0/ A2\ B1/ @1/ @2\ B3+ @2\ B0\ E0/ F1/ E5/ F4\ E6+ F2\ G3/ A2\ C0+
8x8Trax_4176542 Rogue Trooper vs. LadyScorp : @0+ @1\ A2\ B0+ C2\ A4/ @1/ B0+ D5\ E4/ C6/
8x8Trax_4176660 davidmilne vs. Goonerg : @0/ @1/ A2/ @1\ C0+ B4/ D2/ @2+ A1\ C0/ D0\ @6/ C7\ A3+ @6+ H5+ G8+
8x8Trax_4176667 davidmilne vs. dingbat : @0/ A0/ B1+ B0+ A1+ C2\ @3/ C4\ C5+ D5\ E2\ C6+ D7/ C0+ RESIGN
8x8Trax_4176678 davidmilne vs. Riika : @0/ @1/ B0+ A3+ C1/ B4/ C4+ D1/ E1+ D3\ D0/ E4\ F5/ @3+ @2/ H1/ H0/ B5/ E7+ C2+ G1\ G0\ H1+
8x8Trax_4176693 Carroll vs. davidmilne : @0+ A2/ A3/ B1+ B2\ @3/ @3+ C0/ C0/ B2+ @5+ A3/ B1+ @4/ B0/ A1+ @5/ H3\ C7/ F0/ G1/ F8+ G7\ A4+
8x8Trax_4176699 davidmilne vs. LadyScorp : @0/ A2+ A3/ @3/ @3+ B1+ @2+ E1/ F1+ A3+ F3\ B0/ G3\
8x8Trax_4176707 davidmilne vs. stormy rebel : @0/ A2\ B1/ @1/ B0+ B0/ B0/ @4/ E2+ B6+ @4/ D7/ E7+ F6\ G5+ E0/ G2\ H6/ C2\ C1\ F1+ B2/ H2+
8x8Trax_4177112 Carroll vs. Phil The Hat : @0+ A2/ A3/ A4/ A5/ A0+ @6/ @2/ A6/ A7\ @6+ A7/ D0/ @7\ F3/ F4+ G4\ B2+ H3\ D8+
8x8Trax_4177625 jaha vs. LadyScorp : @0/ B1+ C1/ C0/ C0+ D2/ A1\ @2+ B0/
8x8Trax_4177914 Phil The Hat vs. Authority : @0/ @1/ B2/ C2/ D2+ B3/ A3/ @3+ A0\ @1\ B5+ B0+ E1/ D0\ F7/ F2+ G4/ F8/ A6/ F1/ A8\ C7\ @7\ A5+ H1+ E7+ A2+ DRAW
8x8Trax_4177922 Authority vs. JiffyJeff : @0/ B1/ A2\ A3\ @2+ A1+ B0+ C3+ D2+ @3\ @3\ @2/ @3\ F5+ D5\ F6+ B1+ C0+ G6+ G7\ H6/
8x8Trax_4178791 jaha vs. Rogue Trooper : @0/ A0+ B1\ @2/ @2\ B0/ B0/ D2+ E1\ A2+ F2+ E4+ B0/ B0/ @2+ F0+ G1/ D0\ H5+
8x8Trax_4179000 Traxplayer vs. rogerrabbit : @0/ @1/ A0/ A0/ A4/ @1\ A0\ @4+ B6/ C6+ B7+ B8\ D7+ E7\ E3/ F5+ @4\
8x8Trax_4179619 jaha vs. jazzbeth : @0/ @1/ A0/ @1/ B0+ @1/ C4+ A2/ B4\ E3/ D1\ C5/ B6\ B0/ A7/ @1+ B8\
8x8Trax_4179712 Charlo vs. JiffyJeff : @0/ A0/ A0/ @2+ B0/ C3\ D3+ D4\ B5/ C0\ E2+ E4+ C0+ C0\ F5/ B1/ @2+ A6+ @5+ B1\ A1\ B7/ DRAW
8x8Trax_4180686 Goonerg vs. YankeeFan : @0/ A0/ @1/ @1/ D2/ A2/ D3\ E3\ @2/ C4+ @4/ A5/ A1\ RESIGN
8x8Trax_4180861 jazzbeth vs. stormy rebel : @0/ A2\ B1/ B2+ A0+ @2/ C4/ @2/ B5+ E3+ B6/ B7/ @4+
8x8Trax_4182211 Phil The Hat vs. Riika : @0/ @1/ A0/ A0+ B4/ @2+ C1/ C0/ D1/ E1+ E0/ F4\ F5\ F6\ G5+ E6+ D7+
8x8Trax_4182481 Rimon vs. DavidJ : @0/ B1\ A2/ B0\ C2\ A0/ B4\ B5\ @2+ E1/ C0+ @3+ A5/ C6/ D7+ @5/ H4\
8x8Trax_4182520 Riika vs. JiffyJeff : @0/ @1/ C1/ B2+ @1/ C0/ E2/ D1/ E4\ RESIGN
8x8Trax_4182634 Dragon101 vs. Authority : @0/ @1/ A0/ @1/ @1/ C0+ @1/ C3+ E1/ E0/ F4/ C5/ A5+ A1+ E0+ @4+ A2\ G6+ F7\ H4+ H7/ F8+ D7/ D8/ G8\
8x8Trax_4182786 LadyScorp vs. Riika : @0/ @1/ C1/ D1/ A2\ E1\ E2\ D2+ C0+ A0+ C1/ @2+
8x8Trax_4183414 Authority vs. stormy rebel : @0/ A2/ @2\ B0/ C3+ B4/ @3\ C5/ C6+ B6+ E3/ B2\ @5+ D7/ A2\ @3/ C1/
8x8Trax_4183569 Charlo vs. stormy rebel : @0/ B1\ B2\ A0/ A0/ B5\ C1+ B6\ D2+ A0/ @3+ @3\ B0+ G6\ F2/ G3/ E1/
8x8Trax_4187954 elic vs. ypercube : @0/ @1/ A2+ B0+ B0+ C2\ @4/ A3+ A5\ E2\ B5+ E1/ F2\ A1\ @3\ D0+
8x8Trax_4187955 ypercube vs. elic : @0/ B1\ A2/ @2+ B3\ C3\ B0+ A4/ C5\ D3/ E3+ F3+ E6\ F5/ B6/ @3+ B5/
8x8Trax_4187958 elic vs. Traxplayer : @0/ @1/ B0+ @2+ B3/ B0\ D4\ B5+ A5+ E3\ B6/ @4+ @4/ @5\ B6/ E7/ A6+ B7/ D8\ H4+
8x8Trax_4187959 Traxplayer vs. elic : @0/ B1\ A2/ @2+ B3\ C3\ D2+ C4/ C5/ C0\ B5+ @3+ C0+ B6\ E7\ F4\ E8/
8x8Trax_4187960 elic vs. Riika : @0/ @1/ B0+ A0+ A4+ A0/ C5\ B6/ B1+ C3+ @3+ C7\ D6+ E6\ E7\ F7\ D1+ E8+
8x8Trax_4187961 Riika vs. elic : @0/ B1\ B2\ B0\ A0/ @2+ B0/ A5/ B6+
8x8Trax_4187964 ypercube vs. Kriistina Jean : @0/ B1\ B2\ C2\ B3/ A3/ @2+ A1+ @1\ B0\ B0\ A1\ @1+ D0+ E3+ G3+ G2/ G1+ E0/
8x8Trax_4187965 Kriistina Jean vs. ypercube : @0+ @1+ A2\ A0\ @1\ @1+ C0+ D2/ E2/ E1/ D0/ A5/ C6+ @5\
8x8Trax_4187966 ypercube vs. Traxplayer : @0/ @1/ C1/ D1/ C2/ B0\ B0+ A1\ @2/ F3+ @1\ RESIGN
8x8Trax_4187967 Traxplayer vs. ypercube : @0/ @1/ A0/ @2/ A0/ D3/ A4/ @4/ F3/ F5+ G3/ @1\ A0\ E3+ B7+ F2+ A0/ D3+
8x8Trax_4187968 ypercube vs. Riika : @0/ @1+ A0/ @2/ @2/ @2/ A3/ C1+ D0/ @3+ @4\ @4\ G5\ H5+ A5+ E6+ H1+ E7+ G0/ E2+ A7+ B2+ B7+
8x8Trax_4187969 Riika vs. ypercube : @0/ @1/ B0/ @1/ @1/ D3\ E3+ B3/ D4\ C0+
8x8Trax_4187970 ypercube vs. dgb : @0/ A0/ B2/ A3+ C2/ @2\ @2\ D1+ C0/ C0/ C0/ E1+ F2+ F5+ G5+ F7\ G6+ B3+ C7/ B0\ A4\ G3+ H3\ H4\ G2/ A7+ F1+ DRAW
8x8Trax_4187971 dgb vs. ypercube : @0/ @1/ @1/ @1/ B0/ D1/ D3+ E1/ E0/ F4+ A0+ @4+ E0/ D7+ F7\ RESIGN
8x8Trax_4187972 Kriistina Jean vs. Traxplayer : @0+ A0+ A3\ B3\ C2/ C1/ C0+ D3+ C5/ C6+ C0+ @5+ C1+ B1\ B0\ E2/ F5/ A2+ E1/ G2/ G1/ H3+ G5\ H5+
8x8Trax_4187973 Traxplayer vs. Kriistina Jean : @0/ B1\ A2/ @2/ B0+ @3+ C4\ D3+ B5/ A5/ D5\ E4+ D6/
8x8Trax_4187974 Kriistina Jean vs. Riika : @0+ @1+ A2\ A0\ @1\ C4\ D2\ E3/ B0+ C1+ B0\ A0/ E3/ F5\ G4+ F3/ F2/ G2/ H2+ F1+ D0+ E8+ H2+ F1+
8x8Trax_4187975 Riika vs. Kriistina Jean : @0/ B1\ A2+ A3\ B2\ C2\ C3\ D3\ A4+ @4/ @4/ C5\ F6+ G3\ H1+ E0+ G0+ D1\ H8+
8x8Trax_4187978 Traxplayer vs. Riika : @0/ @1/ A0/ A0/ A4/ @1\ A0\ @5/ A6/ A7/ @4+ E2/ E1/ E0/ F3+
8x8Trax_4187979 Riika vs. Traxplayer : @0/ @1/ @1+ A0+ @2/ A3/ A4+ @2+ B1\ E0/ F2\ B1\ A1\ C0/
8x8Trax_4187980 Traxplayer vs. dgb : @0/ @1/ A0/ @2+ C3/ B0\ D3\ D2+ D4\ D5\ @3\ F5+ A4/ @3\ @3\ C1+ RESIGN
8x8Trax_4187981 dgb vs. Traxplayer : @0/ @1/ @1/ @1/ B0/ A3/ @3/ A4/ @4/ A5/ B0+ @1+ A0\ A0\ H6+ C2/ G4+ E1+ DRAW
8x8Trax_4187982 Riika vs. dgb : @0/ A0/ A3/ A0/ @1\ B0/ B0/ C1/ D6+ B7/ B8/ E5\ @4+ @4\ C2+ @4/ B5+ A5/
8x8Trax_4187983 dgb vs. Riika : @0/ @1+ @1\ A0\ @2\ @2\ A3+ B1+ E0+ A5\ @4+ @4\ H2\ G4/ A2+
8x8Trax_4192128 Uncle Chuckie vs. Traxplayer : @0/ @1/ A2/ B3/ C2+ B4/ A4/ A5/ @2+ D6+ E4/ F4+ F3/ F7\ G7+ B7/ B8+ A7\
8x8Trax_4192422 Riika vs. Thud : @0+ B1+ B0\ A3/ B0\ @3+ B5/ @3+ E3\ E2+ F3+ B2+ C0/ F2+ B0\ A3+ A6+ RESIGN
8x8Trax_4192496 Traxplayer vs. Riika : @0/ @1/ A0/ A0+ @1+ B0+ B0\ A1\ @1+ A0\ A6/ @3\ C7/
8x8Trax_4192675 Phil The Hat vs. jaha : @0/ A0/ B2/ B3/ B4+ C4\ D2\ B5/ B6/ A4\ A0+ C2+ C8\ D6/ E7+ E8+ F6\ @5\ C1/ F3+ G3\ E1+
8x8Trax_4194592 jaha vs. JiffyJeff : @0/ B1+ C1/ C0/ A3\ B3\ C0+ @3/ E1\ C5+ B2+ @3/ A6+ @6/ C1+ E0/ @5+ A4\ F0+ G1/ H1/ DRAW
8x8Trax_4194732 Thoddy vs. ypercube : @0+ @1+ A2\ B0/ C3+ B0\ A2+ @2\ A1\ @1\ C0+ B0/
8x8Trax_4194733 ypercube vs. Thoddy : @0/ B1+ B2\ A3/ @3\
8x8Trax_4194739 Goonerg vs. LadyScorp : @0/ A2\ B1/ B2+ B3\ C2/ C4/ B0/ C1/ C0/ D3+
8x8Trax_4194857 jaha vs. stormy rebel : @0/ A2\ B2\ B3\ B4+ B5\ @4+ D4/ C6\ A5/ A6/ C7/
8x8Trax_4195370 Sista vs. putterer : @0+ A2+ A0+ B2/ @2/ C3+ C4\ D2/ A1+ B4/ A0/ C6/
8x8Trax_4195376 davidmilne vs. JiffyJeff : @0/ A2+ B2\ C1+ C0+ D1/ B0/ A1/ C0\ B0/ E3\ F4/ A7+ @6+ @6/ A7/ F6\ G7/ F0+ B5+ B3+ A4\ C1+ A1+
8x8Trax_4195792 Phil The Hat vs. JiffyJeff : @0/ A0/ B2/ A3+ C2+ @2/ @3\ F3/ D4+ E1+ A0+ @1\ A0\ @3/ E1/ RESIGN
8x8Trax_4196073 jaha vs. ypercube : @0/ A0/ B2/ A3/ A4+ A5/ @2+ D3+ A0\ @2/ D6+ C7/ B7+ RESIGN
8x8Trax_4197577 Carroll vs. LadyScorp : @0+ A0+ A3+ @3\ C2/ @2/ B1+ B0\ C5+ C1/ C0/ A6/ @6/ D0/ F3+ D8+ C1+
8x8Trax_4197904 ypercube vs. Thoddy : @0+ B1+ C1+ D1+ D2\ D0\ C0/ E3+ B1\ B0+ B5/
8x8Trax_4197905 Thoddy vs. ypercube : @0+ A2+ A3+ @1+ B0+ C3\ A4/ D3\ B5+ D2/ E3+ E1/ B0+ D1/
8x8Trax_4198038 dgb vs. Authority : @0/ @1/ C1/ A2+ @2/ @2/ @2/ @2+ E3+ G0+ H1/ E5/ H0/ G5\ C3+
8x8Trax_4198056 jazzbeth vs. Traxplayer : @0/ @1/ B2/ B3+ C3\ D2+ C0+ C5+ A4/ C6/
8x8Trax_4198057 Kaisa vs. GringoNZ : @0/ @1/ A0/ A3\ C2+ @3\ @2/ B0+
8x8Trax_4199537 ypercube vs. Thoddy : @0/ A2/ A3\ B2/ C2/ C3/ D2/ B1+ B0/
8x8Trax_4199538 Thoddy vs. ypercube : @0+ @1+ A0+ A0+ A4+ B4+ A5+ @4\ D4\ @3/ B2+ A5/ @3/ F5\ F6+ G4+ G3/ H3/ H2+ H5+ C1+ G0\ E1+ F0\ D1+
8x8Trax_4199598 Phil The Hat vs. Goonerg : @0/ @1/ B2/ A0\ @2+ D1\ @2/ C0\ A2\ @1/ C4\
8x8Trax_4199745 Rogue Trooper vs. Traxplayer : @0+ B1+ A0/ A3/ B3+ @2+ D3/ E2\ F2\ B4/ @4/ A5/ C5+ @3+ A2\ H1+ G0+ C2+ C1+ F0/ E8+ G6+ D8+ G7/ C1+
8x8Trax_4202162 Riika vs. LadyScorp : @0/ A2\ B1/ @1/ @1/ B0+ @2/ @3/ D4+
8x8Trax_4203463 nice guy vs. Nirvana : @0+ @1+ @1\ B0\ C1/ A1\ D1\ D0\ C4\ D3\ E3\ D0\ @4/ C2\ F5/
8x8Trax_4203589 Riika vs. JiffyJeff : @0/ A0/ A0/ B2\ A4/ A0/ A0/ @2+ A0/ @3+ E3+ D1/ D7\ E8/ F4/ G4/ F2+ A6+ H5+ C8/ DRAW
8x8Trax_4203917 Riika vs. LadyScorp : @0/ @1+ @1\ A0\ @1\ C3/ B0+
8x8Trax_4205370 Rogue Trooper vs. Uncle Chuckie : @0+ B1/ @1/ A2/ A0/ A0/ @1+ D0/ E1/ A1\ A0\ @3/ @5+ @5\ E7/ B3\ G7\ H4\ G8/
8x8Trax_4205656 Kaisa vs. ypercube : @0/ @1/ A0/ @2+ B0/ A4/ B4+ @3\
8x8Trax_4205657 ypercube vs. Kaisa : @0/ @1/ A2+ C1/ D2/
8x8Trax_4207296 Authority vs. golfnutrof : @0/ @1/ B2/ B3/ B0/ A0/ C3+ A5/ C1\ D2\ @2+ E4+ D0+ C1+ B7+ C0/ @4\ A6+ @4\ A7/ B8\ H3+ A6\ B1+
8x8Trax_4207462 dgb vs. Dragon101 : @0/ A0/ A0/ A0/ @2/ @2+ A3/ D4+ E3+ C5/ @5+ C6\ F0/ G4/ B1+ F0+ G6+ H6\ H7\ A3/ C1+ B1\ H4+ DRAW
8x8Trax_4208893 Rogue Trooper vs. csain1 : @0+ A2/ @2\ A3/ @3/ A4+ C3+ B5/ D4/ C6+ E4/ @4/ D0\ C1\ B1+ C8/ A3/
8x8Trax_4209244 GringoNZ vs. Authority : @0/ @1/ A0/ @1/ A0/ @1/ C1/ C4\ B3/ C5+ A4\ B6+ @1+ D0+ @4/ B5+ @3\ A2\ G3+ G6\ @2\ A1\ E8/ C6+ B7+ D8+ F8+ DRAW
8x8Trax_4210892 jazzbeth vs. Uncle Chuckie : @0/ A2\ B1/ B0/ B0+ C3+ C4\ D4\ A5+ E3/ E2/ E1/ F1/ D0+ D0/
8x8Trax_4212722 dgb vs. ypercube : @0/ @1/ @1/ D1/ A0\ @2/ @2/ D3+ F0+ E0/ D0+ E0\ A8/ RESIGN
8x8Trax_4212723 ypercube vs. dgb : @0/ A0+ B2+ A0/ @3/ B4\ B5+ @4+ E3+ D2+ F3/ E4+ C0/ C0/ B1+ A2+ C0/ E2+ A1+ A6\ @6\
8x8Trax_4212726 ypercube vs. golfnutrof : @0/ @1/ C1/ C2/ D1/ D3/ C0+ B3/ @1\ A0\ A4/ B5\
8x8Trax_4212727 golfnutrof vs. ypercube : @0/ A0/ B1/ B3/ A0/ B5/ C4+ D4/ A5/ D1/ E1/ F1+ B0\ @1+ A7+ @7+ A8+ G4+ G5\ G6\ G7\ D8\ H7\ G8+
8x8Trax_4213220 Rogue Trooper vs. Charlo : @0+ A2/ B2+ B3+ C3\ C4\ C5+ A4+ C6+ A6/ @6/ C7+ A4/ @5+ A7/ D8/ @6\
8x8Trax_4215072 Traxplayer vs. Kaisa : @0/ A0/ @1/ B0/ A0/ @2+ @3\ C0\ B5/ @3/ @4\
8x8Trax_4216886 jazzbeth vs. Charlo : @0/ @1/ B2/ C2/ C3/ D2/ D4/ E2/ E5/ F2+ G2/ G3+ H3/ H2+ F1+ E1\ C4/ B4/ F0+ A4+ D1+ G1+ F0+ C7+ F0/ C3+ D2+ D1\ B2/ H8/ H4+ G1/ A1\ A8+
8x8Trax_4220581 Charlo vs. ypercube : @0/ @1/ C1/ @1/ A0+ A3/ @3/ D0+ D5+ F5+ G4\ F6+ @3+ A1+ A0/ G8+ E1/ G1+
8x8Trax_4222923 Traxplayer vs. ypercube : @0/ @1/ A0/ @1/ A0/ @2/ D4/ D2/ D1/ A3/ E2/ B0+ @1+ F6\ G4+ F1/ D0+ C6+ H4\ H3+ D8/ C8/ F1/ B8+ A7+ B1\ G7\ H7+ A1\ H8\ H2\ A8+
8x8Trax_4222924 ypercube vs. Traxplayer : @0/ A0+ A0\ @1\ C3/ D2\ A0\ @4+ F4/ B5+ @3+ B0/ H4/ H3/ E1+ E0/ E0+ F3+ G8\ H8\ F4+ RESIGN
8x8Trax_4222925 Traxplayer vs. dreamflight : @0/ B1\ A2/ @2+ B0+ @2+ C0+ D2+ B5+ @3+ C6+ A2\ A1\ B4+ D0+ D0/ E1/
8x8Trax_4222926 dreamflight vs. Traxplayer : @0/ @1/ B0/ @1+ A0\ A0+ @2/ E4\ E5\ E1/ F1+ D0/
8x8Trax_4222927 ypercube vs. dreamflight : @0/ A2\ B1/ B2+ B3\ C1/ B4\ D1/ A0+ B0+ A6/ @6+ C7/
8x8Trax_4222928 dreamflight vs. ypercube : @0/ @1/ A2/ B3/ C2+ @1\ A0\ A4/ A5/ @4\
8x8Trax_4228801 YankeeFan vs. balmoral : @0/ @1+ @1\ A0\ @1\ A0\ A0+ @1\ A2+ D0+ F5/ @3\ A4+ C1+ H4+ E0/ D1+ E7+ E0/ G8+ DRAW
8x8Trax_4229515 davidmilne vs. GringoNZ : @0/ @1/ B2/ A2+ @1/ D1/ D0/ E1/ B0+ F4+ F5\ G5\ RESIGN
8x8Trax_4229518 davidmilne vs. Kaisa : @0/ @1/ B0+ @2/ A3+ C0+ D1\ B5+ B6/
8x8Trax_4229832 bdbor vs. PuggieLover : @0+ A2+ A3/ @3/ A4+ C3/ @4/ D5\ E5\ A5/ B6+ A3+ C6\ @3/ D0+ A6\
8x8Trax_4229867 ypercube vs. Thoddy : @0/ B1+ C1+ D1\ A0\ @1\ A0\ A3/ @1+ C4\ F4\ G4\ D5+ B5/ A4\ @3+ E1/ H2/ F6/
8x8Trax_4229868 Thoddy vs. ypercube : @0/ A0/ B2/ B3/ C3/ B4/ A4\ D4\ D5\ D2/ B5+ E3/
8x8Trax_4230147 davidmilne vs. ypercube : @0/ @1/ A0/ @1/ C3+ C4\ D2/ D1/ E4+ F3+ A3\ F0/ @2+ H2/
8x8Trax_4230152 davidmilne vs. Phil The Hat : @0/ @1/ B0+ A0/ C2\ D2\ C1+ @3/ D4+ F3+ A0\ @1\ F1/ G1/ C6+ A2+ A0\ @1+ A0+ D1/ E1/ F8\ B7+ DRAW
8x8Trax_4231425 hockeydoll vs. PuggieLover : @0+ A2/ @1+ B0/ C1/ @2\ C4/ E1/ A4/ D0/ A6\
8x8Trax_4233083 Thoddy vs. ypercube : @0+ A0\ B1\ C2/ @2+ A3/ C3+ C4/ C5/ D4+ E4\ @2\ A0\ @1\ E1+ A0+ B6+ @1+ B7/ H3+
8x8Trax_4233084 ypercube vs. Thoddy : @0/ A2\ B1/ B2\ B0\ C2/ @3/ D0/ E1/ A5/ @5/ D5+ A6+ D6+ A3\ B2\ @4\
8x8Trax_4233365 davidmilne vs. Authority : @0/ @1/ B0+ A3\ C2/ A0/ A0/ A0/ C1+ D4\ @3+ @4+ B0\ A1\ C0/ D1+ E8\ E1+ F1/
8x8Trax_4236413 ypercube vs. Thoddy : @0/ A0/ B2/ @1\ A0\ @1+ D2/ B0+ D5\ E5\ A5/ E4/ C6/
8x8Trax_4236414 ypercube vs. Thoddy : @0+ B1+ C1+ D1+ D2\ @1+ E3\ D2+ F2+ C3/ E4+ D0\ C0/ B2+ E1/ A1\ G3\
8x8Trax_4238477 Kriistina Jean vs. Traxplayer : @0+ B1+ A2\ A0\ @1\ @1+ C0+ D1/ D0/ E4+ F3+ G2+ F4+ F5\ F6\ A5/ RESIGN
8x8Trax_4238478 Traxplayer vs. Kriistina Jean : @0/ B1\ A2/ @2/ B3\ C3\ C4+ D3\
8x8Trax_4238481 Kriistina Jean vs. ypercube : @0+ @1+ B2/ A0\ @1\ C1/ B0+ D3+ E2+ E1+ RESIGN
8x8Trax_4238482 ypercube vs. Kriistina Jean : @0/ B1\ B2\ A2+ @2/ C3\ @3\ E3\ D4+
8x8Trax_4238485 Traxplayer vs. Lz : @0/ B1\ A2/ B2+ @1+ @1/ B3+ B4/ C0+ @5/ C6/ E4/ D6\ F4/
8x8Trax_4238486 Lz vs. Traxplayer : @0+ B1+ B2/ A0\ C2/ D2/ @2\ E3\ C4+ F2\
8x8Trax_4238487 Traxplayer vs. ypercube : @0/ @1/ @1/ @1/ C0+ D3+ C4+ @3+ D5/ E4\ F4\ D6+ D0/ F8\ G8\ @6+ B7/ B2+ B1+ A2+ H3/ H2+ D8+ A4+
8x8Trax_4238488 ypercube vs. Traxplayer : @0/ @1/ B2/ C2/ B0/ A0/ B5/ A5/ C2/ @2\ E5\ D6/ @5/ C6/ G4+ @5+ F7+ F8/ G6+
8x8Trax_4238489 Traxplayer vs. dgb : @0/ @1/ B0/ @1+ C0/ @3\ @3\ B1+ F2+ B4\ @3+ F0/ G5+ D0+ B2+ A2\ H3+ E7\ D0/ H6+ H2+ C1+ DRAW
8x8Trax_4238490 dgb vs. Traxplayer : @0/ @1/ @1/ @1/ B0/ A3/ @3/ A4/ @1+ D0+ F6+ G3+ D0/ C8+ @6+ A7/ G3+ A2/ C1\ G1/ H1/ B8+ DRAW
8x8Trax_4238491 Lz vs. ypercube : @0/ @1/ A0+ A0\ @1\ @1+ A0\ D5\ E4/ A5/ B6/ @5\
8x8Trax_4238492 ypercube vs. Lz : @0/ B1+ C1+ B2/ D1+ C0+ D1+ C0\ A4/ C4\ A5+ @5/ A3\ E5\ B2\
8x8Trax_4238495 ypercube vs. dgb : @0/ A0/ B2/ A3+ C2/ @2\ @2\ D1+ C0/ C0/ C0/ E1+ F2+ G2\ B4+ G4\ @5/ C6+ B7\ C8/ F7+ G8+ DRAW
8x8Trax_4238496 dgb vs. ypercube : @0/ @1/ @1/ C2/ @1/ D0/ A0\ @2/ E0/ F1/ G1/ F3+ B0\ A1\ H1\ H0+ G7+ E0+ D8+ A8\
8x8Trax_4244331 Goonerg vs. ypercube : @0/ @1/ B2/ C1/ D2+ C3\ C4\ D4\ E2/ F1\ B5/ A3+ C6+ A5/ @5/ D7/ D0+ F1+ H5+ H6\ E8\ F7+ A4/ F8\ DRAW
8x8Trax_4245906 Riika vs. lhh61 : @0+ A2\ A3\ @3\ C1+ B0\ D2/ D3+ B5\ C6/ C7/ C1/ B0\ C1/ A3/ D2/ E4\ F3+ E1\ @4/ H3\ G5\ A6+ G6+ H6\ H2+ DRAW
8x8Trax_4248309 ypercube vs. Thoddy : @0/ @1+ @1\ A0\ @1\ A0\ C4\ B4+ E4\ D5/ E1/ E5\ F2\
8x8Trax_4248310 ypercube vs. Thoddy : @0+ A0+ A0+ @3\ C2/ C0\ B0/ A2+ A0+ @1+ B0/ D2+ A7/ D0/ E5+
8x8Trax_4248512 DavidJ vs. Lorraine of the Renegades : @0/ A2\ B1/ @2\ C2\ D1/ B0+ @3/ B4\ F2\ F3\ E0/ F1/ G1/ A2\ @4/ B1/
8x8Trax_4248525 csain1 vs. Riika : @0/ A0/ B2/ C2/ D2/ B3+ D1/ @3\ F2+ C4\ D5/ B5+ G5\ D6+ F7+ G6\ H6\ H7\ F0/ G3/ B7/ B8+ A8/ B1+ H3/ A7+ H1/
8x8Trax_4248601 Rogue Trooper vs. Traxplayer : @0+ B1+ A0/ A3/ @3/ @3+ B1+ C0+ C5+ D5\ E5+ C6+ D1+ @3+ D0\ G5+ @4+ A5+
8x8Trax_4249553 davidmilne vs. dgb : @0/ A0/ B1+ A3+ C2+ A4+ C4\ D2\ B0\ A6/ E4/ C1+ E2/ F3\ @6+ A7/ D0/ G1/ H2+ E7+ E8+ DRAW
8x8Trax_4249556 davidmilne vs. jaha : @0/ A0/ B1+ @2\ @2\ C3+ D4/ E2/ E5+ F2+ D6\ E7/ G4+ B4+ @2\ A1\ A0\ H7+ C6/ H8+ C7/ B6/ C8+ B8\ DRAW
8x8Trax_4250113 Thoddy vs. ypercube : @0+ @1+ @1+ @1+ A0/ C3/ @1/ A0+ @1+ C0\ D2+ G4+ F3/ H4+
8x8Trax_4250114 Thoddy vs. ypercube : @0/ @1/ A2/ B3/ @1+ B0\ B0\ A1\ @3/ @3+ @2/ F0+ G3\ A1+ H6\ C0/
8x8Trax_4251386 davidmilne vs. jazzbeth : @0/ @1/ B0+ A3\ A4\ @3+ D2/ D3+ E3+ D4/ F2\ G3/ H3/ H4+ F5\ E1+ D0+ G6\ D7+ C6+ B1\ A1+ G8\
8x8Trax_4251791 bdbor vs. Sir Pussycat : @0/ B1/ B2\ C2\ @2/ B3\ B0\ A1\ E3/ D2/
8x8Trax_4253389 davidmilne vs. Charlo : @0/ @1/ B0+ C1/ A3+ C2+ D2\ E1+ F2/ G2/ G3+ C4+ @3\ D0/ E0\ D0/ E0\ G2+ B3+ F8+ H2/ DRAW
8x8Trax_4253718 ypercube vs. Thoddy : @0/ B1+ B2/ B0\ @2/ A3/ D2/ E2/ F2/ E3+ A4+ @2+ E4\ F5/ G4+ C5/ C6/ E0+
8x8Trax_4254588 golfnutrof vs. jaha : @0/ A0/ @1/ A0/ A0/ @2+ B0/ C1/ D2+ C0\ A1\ @1+ C0+ F3\ E2+ E8+ F5+ G3+ A4/ H2/ F1+ G6+ G4+ H4\
8x8Trax_4255156 JiffyJeff vs. jazzbeth : @0/ @1/ A2+ A3/ @3/ D1/ A4+ @3+ D0+ D0/ D0/ C2+ E0/ F2+ E7/ F6+ G3/ G6+ F1/
8x8Trax_4256589 LadyScorp vs. jazzbeth : @0+ @1+ B2/ B0/ C1/ D1+ B0/ D4\ C5+ E4/
8x8Trax_4256689 Riika vs. Charlo : @0/ @1/ C1/ @1/ D2\ E1/ A0\ @2/ G1\ C0+ E5\ F5\ F6\ E7+ C0\ A1+ H4\ H5\ F1+ H1+
8x8Trax_4258028 Rogue Trooper vs. Authority : @0+ @1+ B0/ B3/ C1/ D1+ B4/ @4+ B1+ D0/ A2/ @2/ E5\ D6/ C0/ F6\ G6\ F7+ C0\ B2/ G5/ H7+ E2/ A6/ G2/ G1/ H4/
8x8Trax_4258187 dgb vs. ypercube : @0/ @1/ A0/ @1/ B0+ @2/ A3/ A0\ @3+ @3/ B5+ E5+ E6/ G4/ G3/ G1+ E0/ G1/ D0+
8x8Trax_4261572 ypercube vs. jazzbeth : @0/ @1/ C1/ C2/ D1/ A0+ A3/ @2/ E4\ F2+ A4/ @1+ C5/
8x8Trax_4261573 jazzbeth vs. ypercube : @0/ @1/ B2/ C2/ C3/ D2/ D4/ A0\ @1\ D1/ B0+ B4/ B5/ @1/ G3\ C6/ H6+ E7+ G1/ G0+ H3/
8x8Trax_4261574 ypercube vs. Riika : @0/ @1/ C1/ D1/ C2/ A2/ D3\ E2+ A4/ @4/ F4\ E5+ G2\
8x8Trax_4261575 Riika vs. ypercube : @0+ @1+ A0/ A3/ A4/ C2\ B4\ A5/ A6/ @3+ D4\ E4+ E5\ E1/ C6\ C0/
8x8Trax_4261576 ypercube vs. violet unicorns : @0/ @1\ A0/
8x8Trax_4261577 violet unicorns vs. ypercube : @0/ @1/ A2/ B0+ @3/ C4+ C5/ D3+
8x8Trax_4261578 jazzbeth vs. Riika : @0/ @1+ A2/ B0/ A0+ @2+ A3/ C0\ D3+ @4/ A5/ A6+ @4+ B2+ D0/ F2+ G3/ E7\ C8+ A2\ @4+ A6\ C2/ B1+ A1/ G6+ H7/ H8+ B7/ A7+ B8+ A8/ H1/
8x8Trax_4261579 Riika vs. jazzbeth : @0+ B1+ @1+ @1+ A0/ C3/ C4/ @2+ A3/ F2+ E4\ D1/ D5\
8x8Trax_4261580 jazzbeth vs. violet unicorns : @0/ @1+ A2/ @2/ D1/ C2+ A0/ @1+ B4+ E4\ E5/
8x8Trax_4261581 violet unicorns vs. jazzbeth : @0/ @1/ A0+ B3+ @1/ A2+ A3/ B4/
8x8Trax_4261582 Riika vs. violet unicorns : @0+ A0/ A3\ B3\ B4\ C3/ D3/ C2/ A5/ C5+ @5\
8x8Trax_4261583 violet unicorns vs. Riika : @0+ A2+ @2/ B0+ A1/ C2/
8x8Trax_4265676 ypercube vs. Thoddy : @0/ B1\ B2\ C1\ B0+ A1+ A0\ @1\ @1+ C0/ D1/ B5+ F4+ @2+ H4/ H2+
8x8Trax_4265677 Thoddy vs. ypercube : @0/ @1/ B2+ B3\ C1/ D2/ D1/ C0/ A0\ @3+ E6+ F4/ E2/ G6\ F7/ F3+ B0+ A1\ @3/ B5/ DRAW
8x8Trax_4266189 jazzbeth vs. Authority : @0/ @1/ B2/ C2/ C3/ D3/ D4/ E4/ E5/ B3/ C4/ D5+ F5+ B4/ D2+ C1/ A2+ @3+ B5+ E6/ F1/ E0/
8x8Trax_4267486 DINGEROO vs. PuggieLover : @0/ B1\ A2/ B2+ B3+ C3\ B0+ @3/ C5\ B5+ A1+ @3/ A6/ @3/ A0\ @2+ E7\ E8\ D1/ C8+ @2\ H2/
8x8Trax_4267539 Dragon101 vs. Uncle Chuckie : @0/ B1+ C1/ C0/ D1\ C3/ C0/ A2+ @3\ D5/ E5+ F4\ C6+ G1+ G0/ H1/ F0\ E8/ B2+ C1\ A3+
8x8Trax_4268981 ypercube vs. Thoddy : @0/ B1+ C1+ D1\ D0/ E1/ E0/ C4+ A4/ @4/ B5\ F3\ @3+ H3/
8x8Trax_4268982 Thoddy vs. ypercube : @0+ @1+ A0/ A3/ C2/ B3\ B4\ C5/ D1/ A0/ @1\ A0\ C8\ E6+ F4+ B6+
8x8Trax_4269703 PuggieLover vs. bdbor : @0+ @1\ A0\ B0/ C1/ B0+ @2\ A1+ C0\ C0/ D1/ E2/ F2/ E1/ F1+ E0+ G2\ F1/ A6+ @7/ A8/ F5+ F6\ G7\ F8+ D8/ A4/
8x8Trax_4271556 dgb vs. jaha : @0/ A0/ A0/ A0/ B3/ @1+ C1/ B0\ @2/ D0/ E1/ C7+ E5\ F3\ G3+ G4+ @6/ C7+ H5\
8x8Trax_4276584 Sharon39 vs. PuggieLover : @0+ B1/ B2\ C1/ B0/ C1/ D1\ C3\ D3\ D4\ E4\ F4+ E5/ C0\ @3/ E6/ D6+ E7\ G6\ G7\ H5+ B5\ C1\ C0+ D8/ A8\ A7\ B2\ A2\ H5+ F3+ E2+
8x8Trax_4276585 PuggieLover vs. Sharon39 : @0+ B1+ B2/ A0\ @2\ D2\ C1+ A1+ C0\ C5+ B1+ C6+ A1+ @1\ B0/ D8+ E3+ F3/ C7/ B6+
8x8Trax_4277575 jaha vs. Traxplayer : @0/ @1/ A0/ @1/ B0/ @1+ C0/ @3\ @3\ @3\ D4\ E0+ D0/ D0/ B8+ @8+ D3+ B4+ H6+ H8+ C2+ A5+ DRAW
8x8Trax_4279021 golfnutrof vs. Rogue Trooper : @0+ A2\ B2\ C2+ A3\ @1+ E2/ E0+ A4/ A5/ @3+ B1/ E0/ @3/ @3/ F0+ E1+ D8\ E8\ F7+ B7+ D1+ C3+ B8+
8x8Trax_4279024 Authority vs. supermac : @0/ A2\ B1/ B0/ C1/ B3+ B0+ @2\ @2\ B4+ D5/ F3+ E5+ D6/ C7+ G4+ H5/ H6+
8x8Trax_4279106 Charlo vs. JiffyJeff : @0/ A0/ B1+ B0+ @3+ B4+ D2/ D4\ E2/ D5/
8x8Trax_4281023 lhh61 vs. Riika : @0/ @1/ B2/ B3+ @1/ @1+ A0+ @1\ F4+ F5+ E5+ F6+ F7/ E7/ E8/ D8/ C6+ C3/
8x8Trax_4281056 GringoNZ vs. LadyScorp : @0/ B1+ A2/ @2+ A0/ @3+ B4\ C1+ C0/ D1/ D0/ E3\ B1\ E4+ A3\
8x8Trax_4282315 dgb vs. ypercube : @0/ @1/ @1/ A2/ C3\ D3\ D4\ @3+ @3\ F1+ G4\ H3+ H2+ C0+ B3+ B6+ B0\ A3+ C8/ RESIGN
8x8Trax_4282316 ypercube vs. dgb : @0/ A0/ A0/ A4/ A5\ B5\ @5\ C6+ @5+ D1/ E2+ A4+ F4\ F5\ @2/ A0\ RESIGN
8x8Trax_4282685 Jay RAA vs. YankeeFan : @0/ A0/ B1\ A3\ B3\ B4\ C2/ @4/ A5/ A1\ B0/ @4\
8x8Trax_4286676 Charlo vs. Thud : @0/ B1+ A0\ @1\ A0+ B0\ C1+ @2+ E2/ F2+ D5\ G2/ G1/ G0+ G4+ H4\ F0+ D8+ G1/ H1/
8x8Trax_4288448 JiffyJeff vs. Dragon101 : @0/ A0/ @1/ @1/ A2+ D1\ A3+ C0+ D1+ E2+ D3+ D4\ E4\ B5+ F2+ G4+ C6\ C7\ C8\ A6/ @6/ G5+ E6\ E8+ F8/ A4+ G7+ H7+ G8+ G1/ A1\ DRAW
8x8Trax_4288457 jazzbeth vs. Rogue Trooper : @0/ B1+ C1/ A2/ B3/ B4/ @2\ D0/ D3+ B5/ E4/ F2+ @5/ A6/ F0+ G6\ H4/ G7/
8x8Trax_4289641 dgb vs. jazzbeth : @0/ @1/ @1/ C0/ @2+ @2/ A3+ C3+ B4+ F2+ G1\ H1\ B0\ A1\ E0/ F2+ E6+ C7+ F7/ E8+ G5+ H7+ G8\ H8\ C8/ A6+ A7/ G1+
8x8Trax_4289642 jazzbeth vs. dgb : @0/ A0/ B2/ A3+ A4/ C2\ B1/ D2+ E2/ F1\ C0+ F4\ G4\ E5/ G1/ D4/
8x8Trax_4289643 dgb vs. Riika : @0+ B1+ C1\ B0/ B0/ B4/ B5\ C5+ @4\ C6\ E4+ E2+ A2\ @3/ D0/
8x8Trax_4289644 Riika vs. dgb : @0+ B1+ B0+ C2+ B3+ D2+ A3/ @3/ A4/ @4/ E1/ F3\ A5/ @2\ A1\ @2\
8x8Trax_4289647 dgb vs. ypercube : @0/ @1/ A0/ @1/ B0/ C4\ D4\ E4\ B5+ E3/ F4\ @1/ H4/ H3/ G6\ H6\ D7/ C7/ D2+ B4/ B7/ A7+ C8+ RESIGN
8x8Trax_4289648 ypercube vs. dgb : @0/ A0/ B2/ A3+ C2/ @2\ B0/ A2+ B0/ C3+ D2+ B0+ E4/ E5+ E2/ E1+ F3+ A0/ @5\ F8\ G8\ @2+ RESIGN
8x8Trax_4289649 Sharon39 vs. jazzbeth : @0+ A2+ A0+ @3+ B0+ B5/ A3+ @3/ D3/ A2/ C0\ A1\ @2+ B0/
8x8Trax_4289650 jazzbeth vs. Sharon39 : @0/ B1\ A2/ @2+ @1/ A0/ A0/ B2+ C5+ C6/ D4+ B6\ C7/ @3+ E7\ B5+ F6/
8x8Trax_4289651 Sharon39 vs. Riika : @0+ A2+ A0+ B2/ @1\ @1\ C0+ D1+ E1+ D0\ E1+ A1\ B0\ @2/
8x8Trax_4289652 Riika vs. Sharon39 : @0+ @1+ B0+ C2+ A3/ D2+ D1+ E2+ C0/ D4\ D5\ F3+ C5/ D6\ F2/ G2/ A5/ A6/ @4+ C6\ D7/ D0\ C1\ E8\ H5\ F2/ H2/
8x8Trax_4289655 Sharon39 vs. ypercube : @0+ A0+ A0+ B1/ A4+ C1/ A5+ C2\ D1/ @2/
8x8Trax_4289656 ypercube vs. Sharon39 : @0/ B1\ A2/ @2/ A0+ @3/ B0/ D2+ @4+ B5\ A1\ @3\ A1/
8x8Trax_4289657 jazzbeth vs. Riika : @0/ @1/ B2/ B3+ C3\ D3+ E2+ A2/ B4+ D4+ B0/ F1/ D0+ @2+ B1\ B0\ A1\ @1\ A4+ E1/ B0+
8x8Trax_4289658 Riika vs. jazzbeth : @0+ A2+ A0+ B2/ @1\ B0/ D2\ E2+ A3/ @3/ D4+ C5/ @3/ G4/ F5+ D6/ C7\ H4+ F6+ A2+
8x8Trax_4289659 jazzbeth vs. Kriistina Jean : @0/ B1\ A2/ @2/ B0+ B4+ C4\ C5\ D2+ D1/ D6/ E5\ A6/ RESIGN
8x8Trax_4289660 Kriistina Jean vs. jazzbeth : @0+ A2+ A3/ A0/ @4/ C2+ B5+ C5\ C6\ D3+ E3\ D7/ F3\ F2+ @4/ B7/ C8\ H4+ H2+ A6+
8x8Trax_4289661 jazzbeth vs. ypercube : @0/ @1/ B2/ C2/ C3/ D2/ D4/ A2/ D1/ E1/ C0\
8x8Trax_4289662 ypercube vs. jazzbeth : @0/ @1/ C1/ C2/ D1/ B0\ B0+ A1\ @2/ F3+ B0\ D1+
8x8Trax_4289663 Riika vs. Kriistina Jean : @0/ B1\ A2/ @2/ @1+ C0/ @3\ D0+ A1\ RESIGN
8x8Trax_4289664 Kriistina Jean vs. Riika : @0+ @1+ A2\ A0\ @1\ C4\ D3/ @1+ E4\ F3/ D1+ D0/ D0+ E1/ A1\ A0+ A0/ B1/ D2+ @2/
8x8Trax_4289665 Riika vs. ypercube : @0/ B1/ C1+ B0/ A3/ @3/ D4+ E2/ C0/ D0+ D7\ E7\ F4/ @3+ B1\ B0+ A1\ H2+ H1/ G8/ H5\ H6\ A7/ A8/ C8+
8x8Trax_4289666 ypercube vs. Riika : @0/ @1/ C1/ D1/ C2/ A2/ A0/ A0/ D5\ E5+ F5/ F4/ @5/ A6/ H4/ H3/ B6+ B7+ E7\ G6+ F2/ C8+ G2+ E1+
8x8Trax_4289667 Kriistina Jean vs. ypercube : @0+ @1+ C1\ @1/ D2\ E2\ A0/ E1/ RESIGN
8x8Trax_4289668 ypercube vs. Kriistina Jean : @0/ B1\ B2\ C2\ C0+ D2/ B0/ B5+ A4/ @4/ A5/ B6/ E1/ RESIGN
8x8Trax_4296827 Charlo vs. lhh61 : @0/ A0/ A0/ @1/ C1+ D3/ D4/ D5/ B0/ A4/ A5/ @2+ @5+ F2+ G2\ F1/ E0\ C0+ A1+ H3+ A8+
8x8Trax_4297705 KsEMT vs. Goonerg : @0/ A0/ B1/ @1\ B0/ B4/ @3\ A5/ @4\ E5\ F5\ D6/
8x8Trax_4297706 Goonerg vs. KsEMT : @0/ @1/ B0+ A3/ @2+ B0\ @3/ A5\ E2/ D1/ D0/ E5\ F4/
8x8Trax_4297920 dgb vs. ypercube : @0/ @1/ @1/ D1/ A0\ @2/ A3/ E0\ E0\
8x8Trax_4297921 ypercube vs. dgb : @0/ B1/ A2/ @1+ C0/ @3\ @3\ B1+ D4+ D5/ D6/ E5+ C4+ @4/ RESIGN
8x8Trax_4297924 ypercube vs. TallPaul : @0/ A0/ B2/ A3+ C2/ B4+ @3\ D1/ E1/ B0+ F5\ D6/ G2+ H2\ A5+ E0/ F1/ B7+ H2+
8x8Trax_4297925 TallPaul vs. ypercube : @0/ @1/ C1/ @1/ D2\ E2\ A3/ @1/ D4+ D5/ B0+ A6/ F6\ A7\
8x8Trax_4298052 dgb vs. Rogue Trooper : @0/ A0/ A0/ @2+ B0/ C4+ C5\ D5\ A0\ @3/ F5/ F4/ F1+ C0/
8x8Trax_4298254 jazzbeth vs. Riika : @0/ @1/ B2/ B3+ C1/ B4/ D3+ B5\ C5\ E3/ F3/ E4+ E0+ A4+ A1+ B0\ @2+ F1\ H5+
8x8Trax_4298275 lhh61 vs. Charlo : @0/ @1/ A0/ @1/ D2/ E2/ C3+ E1/ F1/ C0+ F0+ B1+ A4/ C6/ C0\ E0+ @6+ @5/ D1\ C2+ C1+ B1+ F8\ G8+ H2/ H1/ B7/ B8/
8x8Trax_4298280 ypercube vs. Authority : @0/ @1/ C1/ D1/ C2/ D0/ E1/ E0/ E5+ F2+ G2/ H1\ F0/ B5/ E1+ E0+ A7+ B8+ G1/ G6+ G8+ H5+ A1/ B1/ H8/ C1/ H6+
8x8Trax_4298583 ypercube vs. Thoddy : @0/ B1\ B2\ @1+ C0/ D3+ @2\ A1\ A0+ @3/ A4/ E1+ D0/ F3/ G3/ F1+ C0\ B1\ A7\ C6+ D7+ A1\ C7+
8x8Trax_4298584 Thoddy vs. ypercube : @0+ @1+ A0+ @2+ A1+ @2+ B0/ B4/ @3/ A5+ @5+ C6/ D5+ @5+ F6\ @5+
8x8Trax_4299719 jaha vs. golfnutrof : @0/ @1/ A0/ @1/ B0/ B0/ B5/ B6/ D6+ B7/ D3/ A6+ E3\
8x8Trax_4300018 leewisdomjr vs. *Leo The Lion : @0+ B1/ B2\ C1/ A2/ A3\
8x8Trax_4300019 *Leo The Lion vs. leewisdomjr : @0/ A2\ B1/ C1\ C2/
8x8Trax_4302241 DavidJ vs. Uncle Chuckie : @0/ A2\ B1/ B0/ B3\ C2/ @2/ @1+ A0\ @1\ A0\ F5\ G4/ F1+ F0/ G1/ D0+ H4/
8x8Trax_4306996 Kriistina Jean vs. PuggieLover : @0+ B1+ B2/ B0/ C1/ A1\ A0\ A5/ @4\ A5+ @5+ B6\ D6+ E4\
8x8Trax_4306997 PuggieLover vs. Kriistina Jean : @0/ A2\ B1/ B0/ @2/ D2+ C3\ C4\ D4\ E1\ C5+ @2/ D6+ G1\ F0/ D1+ D0+
8x8Trax_4307000 Kriistina Jean vs. ypercube : @0+ A0+ A3+ B3\ A0+ C4\ A0+ C4/ RESIGN
8x8Trax_4307001 ypercube vs. Kriistina Jean : @0/ B1\ B2\ C2\ A2/ A3/ B0+ A5\ B5+ @3+ @4\ F1+ A5/ RESIGN
8x8Trax_4307002 Kriistina Jean vs. Charlo : @0+ @1+ B2/ B0/ C1/ C0/ A2+ @3+ B5/ A5/ E1/ B0+ F4+ F5\ D6\ A7+ G5\ G6\ H6\ C8+
8x8Trax_4307003 Charlo vs. Kriistina Jean : @0/ B1\ A2/ @2/ A3/ @1\ C0+ A1+ B0/ @1/ B0+ E5+ B0+ C8/ F7/ G6/ A6+
8x8Trax_4307006 PuggieLover vs. MountainMist : @0/ A2/ B2+ B3/ B0\ A4+ @3\ A1\ A0\ A5+ @3\ @3+ B2+ @5/ B6\ A3\ @4/ B2+ F6/ A2+ @2\ A1+ A0+ C1+
8x8Trax_4307007 MountainMist vs. PuggieLover : @0/ A2+ @1\ A0+ B1+ B0/ C1/ D1+ A1+ C0/ C4+ E2+ @2/ C0\ B6+ G3\ D0/ E2+ A7/ @6+ B8+ C2+ B2\ A4+ C1+
8x8Trax_4307008 PuggieLover vs. ypercube : @0/ @1/ B0+ @1/ A2+ A3/ B0+ C4\ A5/ D3\
8x8Trax_4307009 ypercube vs. PuggieLover : @0/ B1\ A2/ @2+ B0+ @2/ D1/ E1/ B0+ D1\ F2/ E3+ G1\ F0/ G5\ H4/ F6/ D5+ D6+
8x8Trax_4307010 PuggieLover vs. Charlo : @0/ @1/ B0/ @1+ B0\ B0\ A2\ D4\ D5\ D1/ E3/
8x8Trax_4307011 Charlo vs. PuggieLover : @0/ B1+ @1\ A0\ @1\ B3\ D1+ E2+ B0+
8x8Trax_4307012 PuggieLover vs. dgb : @0/ A0/ @2+ B0+ C2/ @2\ B4/ C4+ B5/ B6+ E2+ C7/ F2/ D0/ E1+ D8+ F1/
8x8Trax_4307013 dgb vs. PuggieLover : @0+ @1+ @1/ C2\ B2+ C3\ D3\ E3+ C4+ B0/ A5/ @4\
8x8Trax_4307014 MountainMist vs. ypercube : @0/ @1/ C1/ @1/ A0\ @2/ F1/ C0+ B4/ F4\ G4\ E5\
8x8Trax_4307015 ypercube vs. MountainMist : @0/ B1\ B2\ C2+ @1/ E2+ B0/ D4\ A0\ @3+ E1/ E0/ F2\
8x8Trax_4307016 MountainMist vs. Charlo : @0+ A2/ @2\ B0/ C1+ C0\ A2\ D3/ B0\ A1\ @1+ C0+ E3+ E6\ D7+ F5\
8x8Trax_4307017 Charlo vs. MountainMist : @0+ @1/ A2\ B2+ C1/ C2+ B0+ A1+ B4+ @1\ @1\ A0\ A4/ C5+ @4\
8x8Trax_4307020 ypercube vs. Charlo : @0/ @1/ B2/ C2/ B3/ A0+ A4/ @4+ E4\ E5\ @4/ C5/ E6/ @4/ B3+ A2+ A6+ C7+ G6\ G7\ F2/ H4+ D7+ C8/ F7/
8x8Trax_4307021 Charlo vs. ypercube : @0/ A0/ A3/ A0/ @1+ C1/ C0/ D1/ A0+ @3/ @5+ G2+ D7/ H2\ E0+ G2+
8x8Trax_4307022 ypercube vs. dgb : @0/ @1+ @1\ C0/ A3\ @2\ A0+ C0\ A1\ @2\ @2\ A1\ D0+ G2/ RESIGN
8x8Trax_4307023 dgb vs. ypercube : @0/ @1/ A0/ @1/ B0/ C1/ C4+ D1+ A0\ @3+ B5+ A1\ @1\ B5/ E6/ C0+ @2/ A3/ F8\ G8\ H6+ G2/ G1+ H3+ A4/ B7+ DRAW
8x8Trax_4307024 Charlo vs. dgb : @0/ @1/ C1/ B2+ D1/ A0+ @1\ E0/ F1/ F0/ B2+ C0+ A2+ F0/ G3/ C8+
8x8Trax_4307025 dgb vs. Charlo : @0+ A0/ @2\ B0/ C1/ B4/ B0+ @1+ A4+ @3+ @4\ B5+ E6/ D7\ G4\ G5\ H4/
8x8Trax_4312013 Riika vs. jazzbeth : @0/ @1/ C1+ B0\ B0\ A4\ B0/ C3+ A1+ B5+ A6\ D4/ B7\ C7\ D7\ E6+ @6/ A7/ D8+ @5+ G4+ C3\ @5\ C3/
8x8Trax_4314327 Dragon101 vs. Goonerg : @0/ B1/ A0/ A3+ @3+ A1\ A0\ A5/ @3\ A2\ @5+ @5\ B6+ @2\ C1/ F1+ C0/ A1\ A0+ G4/ @3+ G1+ H1/ C8/ B8/ C1+ DRAW
8x8Trax_4314443 Rogue Trooper vs. golfnutrof : @0+ @1+ A2/ C1+ A3/ D1+ D2/ B0/ @3+ B5/ C6+ C7/ A6+ E4+ F4\ F7+ RESIGN
8x8Trax_4314865 katkop vs. Linda Sue : @0/ A2+ @1\ A0\ @1+ C4/ A3\ D2/ E2+ A0/ D2/ E1+ D1+ B0\ @3\ C0+ E2\
8x8Trax_4318232 Carroll vs. dami : @0+ @1/ A2/ C1\ @2\
8x8Trax_4318501 kleese2 vs. PuggieLover : @0/ B1+ B0+ B0/ C1/ C0\ A2/ @3+ C1\ B1+ B0\ A1\ C1+ E3+ A0\ @1\ A0\ @1\ A0\
8x8Trax_4318502 PuggieLover vs. kleese2 : @0+ B1+ B2/ A0\ @1+ @2\ B0\ A4/ B5+ @4\
8x8Trax_4319370 ypercube vs. Rogue Trooper : @0/ A0/ B2/ A3+ C2/ D2/ A4/ B4+ @3\ C1+
8x8Trax_4319401 Traxplayer vs. golfnutrof : @0/ @1/ A0/ @1/ A0/ @1/ A0/ @2/ A0/ A0/ @3+ C1/ C0/ D1/ E3+ F3\ F1/ C6+
8x8Trax_4319737 PuggieLover vs. bdbor : @0+ B1/ B2/ B0\ C1\ @2\ A1\ D0/ E1/ @2\ B0\ B0+ B0/
8x8Trax_4322803 PuggieLover vs. (((INTENSITY))) : @0+ B1\ A0+ A3+ @2\ A3+ B4+ @1/ C0+ A1\ @1+ A2+ @1\ D5/ B3+ B0+ C1+ C0/ B1+ B0+
8x8Trax_4327588 Rimon vs. PuggieLover : @0/ B1+ A0\ @2/ A3+ @3+ D4+ @3+ F3/ E5\ F6\ G6\ G2/ G1/ E1+ G4\ H4+ H6+
8x8Trax_4327753 TallPaul vs. Charlo : @0/ @1/ C1/ D1/ B2+ A0+ A0/ C0+ C0\ B0/ E5\ F3+ D2+ F7\ D0/ G6\
8x8Trax_4330745 rogerrabbit vs. PuggieLover : @0+ @1+ A2\ B0/ B0/ @3+ D2+ B2\ B5\ E2\ @3/ A4\ E4+ D6\ C6+ C7/ C1+ C0\ A6+ B1+ A2\ @3\ A1+ @3+ G8+ H7\ A5+ B6/ A7+ G1+ H2+ A1/
8x8Trax_4332517 Goonerg vs. Charlo : @0/ @1/ B2/ C2/ C3+ B0+ D3+ C1+ A3/ @4\ @1+ C0/ C6+ A5+ C7+ @4+ C0+
8x8Trax_4332881 Cheeky Cow vs. PuggieLover : @0+ @1+ B2/ A0\ @1+ A0\ A0/ B1/ C1/ @2\ @2+ @2/ C4/ D5+ D6/ C6/ B4+ G4\ H4+ C7\ D7\ D8+ B7/ A6+ A7/ B8/ E8\ F7\ F8+ G8\ H8+ G6+ H6+ A1/ A8+
8x8Trax_4337137 YankeeFan vs. Rogue Trooper : @0/ A0/ A3/ B1/ C3+ A4/ A5+ @5/ A4+ @1+
8x8Trax_4337274 ypercube vs. Thud : @0/ B1+ C1+ D1+ D0/ A3/ A4+ @3+ B1+ @3+ A1\ B0/ @3+ H2+ A5/ B5\ A6+ H1\ E2/ E0+
8x8Trax_4340841 Uncle Chuckie vs. Dragon101 : @0/ A0/ @1/ @1/ A2\ D2+ D3\ D4\ E2/ F2/ D0+ A1+ F0/ G4/ H2+ G1/ F0+ C2+ H1\ B1/ C0\ A7+ F1/ H8\ A1+ A8/
8x8Trax_4341223 Charlo vs. jazzbeth : @0/ @1/ C1/ C2/ D2/ B0\ C0+ A1/ @1/ C0\ E2/ E1/ E0/ F1/ G3+ F6+ B6/ H3/ B7/ C8+ A7+ B2+ A1/ H6\ G7+ H8/ A8+
8x8Trax_4344851 Rogue Trooper vs. JiffyJeff : @0+ A2/ @2/ A0/ C2/ @3/ D0/ RESIGN
8x8Trax_4344958 TallPaul vs. DavidJ : @0/ @1/ C1/ A0\ @1\ C0+ D0\ B1+ @1+ @1\ C0/ E0/ F1/ G2/ G1/ H2+ E0+ C1+ B1\ E8+
8x8Trax_4346713 JiffyJeff vs. Sir Pussycat : @0/ A2/ @1+ C1/ A0\ D2/ B4+ B5\ E4+ F3+ C0+ C0/ D0\ G6+ E2+
8x8Trax_4346798 StrayFrog vs. Sir Pussycat : @0/ B1+ A0\ @2/ B3/ A3+ A1\ @1/
8x8Trax_4347687 jazzbeth vs. csain1 : @0/ A0/ B2/ C2/ @2/ A0+ @2/ B0\ D2/ D1/ C5+
8x8Trax_4347710 Paddington Bear vs. Riika : @0+ @1+ B2/ A0\ @3\ C4/ D4+ @4/ B5+ A1\ @4/ C0\
8x8Trax_4347921 GringoNZ vs. JiffyJeff : @0/ B1/ A0/ C2/ B3/ A3+ D3\ B4/ D1/ E3\ @3\ RESIGN
8x8Trax_4349912 Authority vs. Riika : @0/ A2+ A3/ @3/ @3+ B1+ @3\ @1+ A0\ A0+ @3+ G3/ H3/ E2+ E6/ E7/ C7\ E0+ G2+ A2\ G6+ A1+ B8/ A8+ A7\
8x8Trax_4350012 Lahug vs. PuggieLover : @0/ A2+ @1\ A0\ @1\ @1+ E3\ A0\ C4/ C5/ B5/ D6\ C7\ A5/ D7+ @3/
8x8Trax_4350217 Traxplayer vs. Goonerg : @0/ @1/ A0/ @2+ B3+ @2+ B0/ E4+ F4\ D5/ G4\ F3+ H4+ B4/ G6\ H6\ B6/ F7+ A6\
8x8Trax_4351529 PuggieLover vs. bdbor : @0/ A2\ B1/ B0+ @3\ C0+ D2/ C0/ B2\ D4+ B6+ C5+ E2/ A2+ @5\ A7/ @7/ D0\ D8+
8x8Trax_4351548 Beckie B vs. *Leo The Lion : @0/ A0/ B1/ C2+ B3\ B4\ C4\ D1\ C0\ @1+ B0\ A6/ A7/ @4/
8x8Trax_4353095 PuggieLover vs. Jacqui : @0/ A2/ @1\ B0+ B4/ @2\ D3+ B1\ @2+ C5\ B1+ E6\ F5/ E1+ F3+ G4/ E7+ F2+ E8+ @2/ G7/ H6\ C6\ G8+ E8/ D8/ C8/ A1/ H1\
8x8Trax_4353096 Jacqui vs. PuggieLover : @0/ A2+ @1\ B0/ C3/ C2/ A1+ B4\ A4/ @3+
8x8Trax_4356884 Kriistina Jean vs. ypercube : @0+ B1+ B2/ A0\ @1\ C4\ D3/ E2\ B0+ D2\ C1/ @2\ E0\ A5/ RESIGN
8x8Trax_4356885 ypercube vs. Kriistina Jean : @0/ B1\ B2\ C2\ C0\ B4+ A3/ @3/ A4/ D5/ C6+ C7/ @2+ C1/ A7+ RESIGN
8x8Trax_4356886 Kriistina Jean vs. GringoNZ : @0+ B1+ B2/ B0/ C1/ D1+ A1+ B0\ B0\ A1\ @3/ E5\ RESIGN
8x8Trax_4356887 GringoNZ vs. Kriistina Jean : @0/ B1\ A2/ @2/ @1/ C3+ D2\ E2\ E3\ C4/ A3\ D5+ A5/ RESIGN
8x8Trax_4356888 Kriistina Jean vs. Riika : @0+ B1+ B2/ A0\ @1\ @1+ D1+ B0\ B4+ E2/ B0\ @1/ C6+ C7\ E6+ D0+ F6+ G5+ G6\ H5+ H4+ A4+
8x8Trax_4356889 Riika vs. Kriistina Jean : @0+ @1/ C1/ C0/ C0/ B0+ A1\ @3\ A1\ D0\ @4+ A5/ @5/ C6\ E6\ B1+ G4+
8x8Trax_4356890 ypercube vs. GringoNZ : @0/ @1/ C1/ B0\ D1/ B0+ B0/ B5+ B6\ D6+ E5+ B0/ F5/ F4/ E3+ A2\ E1/ E0/ G4\
8x8Trax_4356891 GringoNZ vs. ypercube : @0/ B1/ B2/ C2/ B3\ B4\ D2/ E2/ D3\ F2/ A2/ G2\ F3/ H2+ D1+ B0+ B0/ E2+ G5\ F6/ F7/ H3/ D6+ H2+
8x8Trax_4356892 ypercube vs. Riika : @0/ @1/ C1/ D1/ C2/ D3+ E2\ F2\ F3\ D4/ B4+ D0/ A0\ @3/ C0\ A7/ D8+ @6/
8x8Trax_4356893 Riika vs. ypercube : @0+ B1+ A0+ @2+ B0+ C1\ A2+ @2\ A1\ @1\ D0+ @3/ A4+ @2\ A1\ D0+ D0/ D0/ H5/ H4/ H3/ C1\ C0\ B3+ DRAW
8x8Trax_4356894 GringoNZ vs. Riika : @0/ A0/ B1/ C2+ B3\ B4\ C4\ D2/ B0+ C6\ E6+ B0\ @1+ A7+ @7\ C8+
8x8Trax_4356895 Riika vs. GringoNZ : @0/ @1/ @1/ B2\ D1/ C0/ @2/ B4/ C0+ @2+ E5\ C6+ F1/ RESIGN
8x8Trax_4363256 Kriistina Jean vs. PuggieLover : @0+ @1+ B2/ A0\ @1\ @1+ D1+ B0\ B4+ B5/ @5+ A6\ C6\ B0\ A2/ @3\ E1+ G2\
8x8Trax_4363257 PuggieLover vs. Kriistina Jean : @0+ @1+ B2/ B0/ C1+ C0\ A2\ @2+ A1\ D0\ E3/ B0+ @2\ @2+ B4/ @2\ E0+ B4+ B2\ B1\ D7+ A1+ A0\ C1+
8x8Trax_4363258 Kriistina Jean vs. ypercube : @0+ A0+ A3+
8x8Trax_4363259 ypercube vs. Kriistina Jean : @0+ B1\
8x8Trax_4363262 Kriistina Jean vs. Riika : @0+ A0\ @2+ A3/ @3/ D2+ B4+ C4+ A5\ @3/ E4+ A1\ RESIGN
8x8Trax_4363263 Riika vs. Kriistina Jean : @0/ B1\ A2/ @2/ A0+ @3/ @3+ C4+ C0/ D6/ E6+ E7\ E1/ RESIGN
8x8Trax_4363266 PuggieLover vs. ypercube : @0+ A0+ A0+ B3\ @3\ @3\ C4+ E3\ C5+ E5\ F5+ F3/ G5/
8x8Trax_4363267 ypercube vs. PuggieLover : @0+ @1/ B2/ C1+ A0\ @2/ B0\ A1/ A4/ A5/ @3+
8x8Trax_4363268 PuggieLover vs. Darth Rob : @0+ B1+ A0/ A3/ @3+ D2+ @3\ B1\ C0/ B5/ D4+ @4+ @4/ A6+ H3/ H2/
8x8Trax_4363269 Darth Rob vs. PuggieLover : @0/ B1+ B0\ A3\ A4\ C2/ B4/ @2\ A1+ D3+ @2\ B3/ B4+ B5/ A5/ B0\ @4+
8x8Trax_4363270 PuggieLover vs. Riika : @0+ B1+ A0/ B3\ C3\ D3+ E3/ E4/ C4+ E1+ B0\ C1+ B0\ B0\ @3\ E1/ F3+ E0\
8x8Trax_4363271 Riika vs. PuggieLover : @0+ @1+ A2\ A0\ A0+ C3+ @3/ E3+ B0+ B6+ @4/ B7\ @7+ C8\ @6/ F8/ C2\ B2+ F2/
8x8Trax_4363272 PuggieLover vs. dgb : @0+ B1+ A0/ B3\ C3\ D3+ D4/ D1/ D0+ E2\
8x8Trax_4363273 dgb vs. PuggieLover : @0+ @1+ C1\ @1+ A0+ D3\ @2\ C1/ C0/ E2+ F1\ G3\ B4+ E0\ D6+
8x8Trax_4363274 ypercube vs. Darth Rob : @0+ @1+
8x8Trax_4363275 Darth Rob vs. ypercube : @0+ A2+ A0+
8x8Trax_4363276 ypercube vs. Riika : @0+ B1+
8x8Trax_4363277 Riika vs. ypercube : @0/
8x8Trax_4363278 ypercube vs. dgb : @0+ B1+ C1+ D1+
8x8Trax_4363279 dgb vs. ypercube : @0/ @1/ @1/ B0/ B0+
8x8Trax_4363280 Darth Rob vs. Riika : @0+ B1+ A2\ A0\ A0\ A0\ B3/ @1+ @2\ A5/
8x8Trax_4363281 Riika vs. Darth Rob : @0+ @1+ A2\ A0\ B4/ @2/ D4\ C5/ @3\
8x8Trax_4363284 Riika vs. dgb : @0+ B1+ A0/ B3\ C1\ B4/ A3+ @3/ A4/ @4/ D5+ A2\ B0+ @4\
8x8Trax_4363285 dgb vs. Riika : @0/ @1/ @1/ @1/ B0/ @1+ B0\ @2/ E1/ C0\ D5+
8x8Trax_4364468 Dragon101 vs. GringoNZ : @0/ @1/ A0/ @1/ @1/ B0+ D1\ B0/ A4/ E4\ A5/ E1/ @4+
8x8Trax_4364478 Charlo vs. rogerrabbit : @0/ @1+ @1\ A0\ @1\ A0\ D4/ D5/ B4+ B0+ E2+ C7+ @2\ A0+ @4+ A7/ @5\ C8+ H7+ H8+ E1/ A8/ B2+ A2+ A1\
8x8Trax_4365590 StrayFrog vs. Sir Pussycat : @0/ B1\ B2\ C2+ B0\ D3+ C0/ E4+ D2/
8x8Trax_4369250 PuggieLover vs. Yiewxi : @0/ B1\ B2\ B0\ @2+ B0/ B0/ D1/ @4+ E0\
8x8Trax_4370620 ypercube vs. Thoddy : @0/ B1+ B2/ C2\ C3\ C1+ C0/ D4+ E3\ A3+ A4/ A5/ A6+ @4+ E6\ G4\ E7/
8x8Trax_4370621 ypercube vs. Thoddy : @0+ @1/ @1\ C0\ B0/ C4+ D4\ @3/ A4/ D5/ E1/ @5/ G3+
8x8Trax_4370785 PuggieLover vs. psychospaz mom : @0+ @1\ B0/ C2/ B0\ A1+ C2/ D2+ E3/ E4+ D5+ @1/ E1+ A2/ @2/ A4+ H4\ H5\
8x8Trax_4371719 Sir Pussycat vs. StrayFrog : @0+ B1/ A2+ @1\ A0\ @1\ A0\ D0/ E2\ C0+ @2\ D0+ A4/ @4/ B5/ B6/ B7/ A6+ E8\ C7+ C8/ B8/
8x8Trax_4373016 PuggieLover vs. GornTC : @0/ A0/ B1/ @1\ A0\ @2+ @2+ E4\ F3\
8x8Trax_4373356 Kaisa vs. ypercube : @0/ @1/ B2/ C2/ B3/ @1/ C0/ D2/ A0+ @2\ @2\ A1\
8x8Trax_4373357 ypercube vs. Kaisa : @0/ @1/ B2/ C1/ C0/ @2/ E3+ D4\ C5\ F2+ B5/ B6/ @3\ B0+ @4+ C0/ RESIGN
8x8Trax_4374723 JiffyJeff vs. Charlo : @0/ A0/ B1+ B0+ A4/ @4/ D3/ D5+ E5\ F5+ RESIGN
8x8Trax_4374724 jazzbeth vs. Authority : @0/ @1/ B2/ C2/ C3/ D3/ D4/ B3/ E3\ F3\ C4+ C5+ A3+ C1/ D1+ G3+ E1+ C0+ F5+ D6+ @4+ H5+ H6\
8x8Trax_4374922 Uncle Chuckie vs. Charlo : @0/ A0/ @2/ @1+ A0\ A0+ @2/ E1/ E0+ E5\ F1\ E6/
8x8Trax_4375881 ypercube vs. Thoddy : @0/ B1+ B2/ C2\ B3/ D2+ @1/ @1\ A0\ C1\ G3/ G2/ H2/ E1+ D0/ B4/ H1+ G0+ B6+ F6+ A6+
8x8Trax_4376198 *Leo The Lion vs. twobanana : @0/ B1\ A2/ B2+ B3+ C2/ D2/ E2/ C0+ C4\ B0/ B6/ @6+ E6/ B1\ A1\ B0/
8x8Trax_4377289 PK vs. Goonerg : @0/ @1/ B0+ C1+ A0\ @3+ @3\ A1+ @1+ B0/ @3\ H3+ E0/ A5+
8x8Trax_4377290 Goonerg vs. PK : @0/ A0/ B1/ B3+ C1/ D1+ B0+ B0/ @2\ A1\ C0/ E3/ @4+ @5\ A6+ B7/ @4/ A3+
8x8Trax_4377564 Lorraine of the Renegades vs. PuggieLover : @0/ B1/ @1\ A0\ C3\ D3\ D2+ C1\ @1\ A0\ B4/ B5/ @3/ B4+ @3+ B0/ B5/ C0\ @2+ H7+
8x8Trax_4377588 Uncle Chuckie vs. DavidJ : @0/ B1\ A2/ @2+ B3\ C3\ C4\ D4\ D5\ E3/ F3+ F2/ F1/ F0+ G3+ E7/ G7+ E8/ H5/
8x8Trax_4377788 ypercube vs. Dragon101 : @0/ A0/ B2/ C2/ @2/ D3+ C4+ @2/ A0+ @3/ E1/ E0/ @6/ C7+ H5\ H6\ C8\ DRAW
8x8Trax_4377817 Charlo vs. GringoNZ : @0/ @1/ C1/ B0\ C0+ B0/ A2+ @2\ C0/ A5/ @5/ A6/ F2+ F0/ G1/ B1+ A3/ D0/
8x8Trax_4378039 Rogue Trooper vs. Traxplayer : @0+ B1+ B2/ A0\ @1\ @1+ B3+ @2+ D0+ E1/ F1+ D0+ E6+ G3+ B6\ H3+ A3+
8x8Trax_4380995 PuggieLover vs. GornTC : @0/ A2/ @1+ C1/ C0/ D3\ D4+ A0+ E4\ A5\ C6\ F4+ @4\ B6+ H4/ G1+ D0/
8x8Trax_4380996 GornTC vs. PuggieLover : @0+ @1+ B0\ B3\ C3+ B0/ C1/ D4/ E2\ E3\ F3+ C0/ A2+ D6/ F5+ G3\ E0+ H5\ H6\ H2+ E8+ A6/ H7/
8x8Trax_4381058 Traxplayer vs. Thud : @0/ B1+ C1/ C0+ B0/ A2+ B4+ C4+ D3+ D1\ C0+ B6\ C7/ RESIGN
8x8Trax_4381134 Charlo vs. Traxplayer : @0/ @1/ @1/ @1/ C0+ A3/ D0\ C0/ C0/ E4\ D7+ @4+ C3+ C0\ B1\ G5\ H4+ G1+ B3+ A1\ DRAW
8x8Trax_4381328 PuggieLover vs. TallPaul : @0+ A0/ B1/ A0+ @1\ D2/ B4\ E3+ A0\ C1+ D6\ E1/ E0\
8x8Trax_4381329 TallPaul vs. PuggieLover : @0/ B1/ A0+ A3+ B4/ @1\ @1\ A0\ A0+ @2/ E1/ F3/
8x8Trax_4381726 ypercube vs. Thoddy : @0/ A2+ B2/ C2\ A3\ B1/ D2\ E1+ D0/ B1+ C0+ E2/ @3+ D0\ F6/ C7/ C0/ F8/ @5\ B3\ B8/ H6+ A6+
8x8Trax_4381830 PuggieLover vs. xara142 : @0/ @1\ A0/
8x8Trax_4384559 PuggieLover vs. TallPaul : @0+ A0/ A3\ B1/ C2\ D2\ C0\ B0/ E3+ E0+ F2/ A1\ C0\
8x8Trax_4384672 Rogue Trooper vs. Traxplayer : @0+ B1+ @1/ D1\ C0\ C3+ B3/ E2\ B4+ A4/ @4+ C5+ G3/ H2\ D5+ E4+ E1+ H0+ G0+ G7+ F0\ E1+ C3/ A8/ DRAW
8x8Trax_4385657 Rogue Trooper vs. Goonerg : @0+ A0/ B1\ B2\ @1/ B0/ A0+ @1\ @1+ C0+ A5/ E6\ C6/
8x8Trax_4385781 Azalea vs. YankeeFan : @0/ A0/ B1/ C2+ A3/ A4+ @2+ E2/ E3+
8x8Trax_4385956 balmoral vs. Riika : @0+ @1+ B2/ A0\ C2\ B4/ @3/ D1\ D0\ D0\ E4+ E5+ D7+ F5/ A6/ A7/ D8/ B2+
8x8Trax_4391468 ypercube vs. Azalea : @0/ A0+ A0\ @1\ A0\ @3/ B5\ D3+ A5/ B6/
8x8Trax_4391469 Azalea vs. ypercube : @0/ @1/ A2/ B3+ C1/ C0/ D4+ E3+ E4\ D5\ F3+ A0+ @4+ F1/ G1\
8x8Trax_4391470 ypercube vs. balmoral : @0/ B1\ B2\ C2+ B0+ B0/ B0/ D3+ A2\ @2\ A1\ C0/ @3+
8x8Trax_4391471 balmoral vs. ypercube : @0+ B1+ B2/ A0\ B1+ C1/ A0\ @1\ C0/ C0+ @3\ E2/
8x8Trax_4391472 ypercube vs. Traxplayer : @0/ @1/ C1/ D1/ C2/ B0\ B0+ A1\ @2/ E5+ F4\ G4\ G5\ E6/ E0/ F3+ @2\ A1\ E0\ D2+ B1/ D7+ RESIGN
8x8Trax_4391473 Traxplayer vs. ypercube : @0/ @1/ @1/ D1/ D0/ D3+ E1/ E0/ F1/ F5\ G5\ E6/ D5+ B5+ C6/ A0+ @4+ G0+
8x8Trax_4391474 ypercube vs. Riika : @0/ A2+ A3/ B1/ C1/ A4/ @2\ A0+ A6\ @2/ A0/ A0/ C2+ @4/ G2/ G1+ G5\ E6+ H3\
8x8Trax_4391475 Riika vs. ypercube : @0/ @1/ C1/ @1/ B0+ B0/ D4+ E1/ D0+ F3\ F4\ F6\ G6\ F1/ @4/ E0/
8x8Trax_4391476 ypercube vs. dgb : @0/ A0+ @1/ @1/ B0/ A3/ @3/ D4+ C5+ B6+ E1\ B7/ RESIGN
8x8Trax_4391477 dgb vs. ypercube : @0/ @1/ A2+ B3/ B0/ C4+ C5\ D1+ @4\ @3/ D6/ C6/ C0\ B1+ D0/ RESIGN
8x8Trax_4391480 Azalea vs. Traxplayer : @0/ @1+ @1+ @1\ D0/ C0/ A2\ C4/ E2+ C5/ @2+ A1/ D0/ @3\ A1+ F6\ @1+
8x8Trax_4391481 Traxplayer vs. Azalea : @0/ A0/ @2/ B0+ A4/ @4+ B0/ @2+ E5\ C6+ F4+ B6+ C7/ F2+ @3+ H3+ H5\ F6\ B5+
8x8Trax_4391482 Azalea vs. Riika : @0/ @1/ B0/ @2/ B3+ D1+ C0+ B5/ C5+ @5/ B6+ A1+ B0+
8x8Trax_4391483 Riika vs. Azalea : @0/ B1+ A2+ A3+ C2/ C3+ @3/ C4\ @4\ B1+ @4\ C5+ A1\ @2\
8x8Trax_4391486 balmoral vs. Traxplayer : @0+ B1+ B2/ A0\ C2\ D2\ D4+ C5+ A4+ @3\ D6\ E1/ B6/ F1\
8x8Trax_4391487 Traxplayer vs. balmoral : @0/ B1\ A2/ B2+ @2\ C3\ C4\ A3+ D3+
8x8Trax_4391488 balmoral vs. Riika : @0+ @1+ B2/ A0\ B1+ B0+ C2\ D3/ C4+ E3/ E1/ F1/ A0/ @1\ C0\ D0+ E8/
8x8Trax_4391489 Riika vs. balmoral : @0/ B1\ A2/ B2+ B3+ C2/ @1\ B0/ A1+ @3/ A4/ D5/ D6\ E5/ F3+ F5\ @4/ H3\
8x8Trax_4391492 Traxplayer vs. Riika : @0/ @1/ B0+ @2/ @2/ @1+ D0+ C0/ B0+ E2/ E1/ E0/ F1/ D0\ G3+ E0+ @4+ A3\ RESIGN
8x8Trax_4391493 Riika vs. Traxplayer : @0/ B1+ A2/ @2+ @2\ @2\ B3\ B0\ D4+ @3+ C0+ B1\ A1\ @5\ B6/ @5\ E0/ D0+ F1+ H2+ DRAW
8x8Trax_4391494 Traxplayer vs. dgb : @0/ A0/ @2/ B0+ C2+ D2/ E2+ C1+ A4/ @1+ C0/ F4+ G3/ C6+ F2+ @5/ A6/ D7/ E0/ F1+ F6\ G1+ H1/
8x8Trax_4391495 dgb vs. Traxplayer : @0/ @1/ A0/ @2/ D2+ D3+ E2/ B4+ @2/ @3+ E5/ C0+ A3+ @2+ E7/ D7+ F1+ E8\ F8\ G5+ B7/ RESIGN
8x8Trax_4391496 Riika vs. dgb : @0/ B1/ A2+ B0+ C2/ @2\ C0/ @3/ B4+ B5/ A4/ @4/ B5/ A2\ F5\ C1+
8x8Trax_4391497 dgb vs. Riika : @0+ B1+ C1\ C2\ B3\ D2\ C0+ D4\ B5/ A4+ C6+ E4+ A6/ @3/ C7/
8x8Trax_4394924 JiffyJeff vs. PuggieLover : @0/ B1/ B0\ A3+ @2\ B1+ A3+ B4/ D2+ E2\ E4+ B5/ @3+ @3\ A1+ C0\ @2+
8x8Trax_4394925 PuggieLover vs. JiffyJeff : @0+ @1+ A2\ B0/ C1+ D2/ A1+ D3\ D4+ E3/
8x8Trax_4395304 Authority vs. TallPaul : @0/ @1/ A0/ @2+ B3/ D3+ B4/ B5/ D1/ E2\ B0/
8x8Trax_4395330 PuggieLover vs. Eriisa : @0/ B1\ A2/ A0/ C2+ @1\ B0+ B0\ A2\ @2\ B1\ B0\ A1\ B7\ F5+
8x8Trax_4395349 PuggieLover vs. brew : @0+ @1+ A2\ A0\ @1/ A2/ @2/ D4\ E3/ D1/ D0/ B1/ C0/
8x8Trax_4398132 PuggieLover vs. ypercube : @0/ @1/ A2/ B3/ B0+ @3+ A4/ @4/ A2+ E1\ A5/ D5+ F1\ G5+ E6/ @4+ C7+ F0\ A7+ C1+ DRAW
8x8Trax_4398133 ypercube vs. PuggieLover : @0/ B1/ C1/ A2+ A3/ B3+ @2\ D0/ @4/ B5+ A1\ @2/
8x8Trax_4398134 PuggieLover vs. Lyonsgirl : @0/ A2\ B1/ B2+ @1/ @2/ B3\ E1+ C0+ A2+ @2\ D0+ C1+ @1\ B0\
8x8Trax_4398135 Lyonsgirl vs. PuggieLover : @0+ B1\ B2+ B3\ B4/ A3+ @3/ A4/ A5+ @3+ E5\ D6/ E3/ F4\ B6+ A5+ E1\ D0/ A7/ @6+
8x8Trax_4398136 PuggieLover vs. Linda Sue : @0+ @1\ A2\ @1+ C0/ B0+ A2\ D3\ @3+ D5/ B1+ C0/ E2+ F1\ F5+ F0/ G2\ E0/ H4+
8x8Trax_4398137 Linda Sue vs. PuggieLover : @0+ @1/ B0\ C1\ @2/ A3/ @3/ C4\ B5\ C5\ C6\ D6\ E4\ F1\ E0/ E7\ G4/ E8+
8x8Trax_4398138 ypercube vs. Lyonsgirl : @0/ A2\ B1/ B0\ C1/ B0\ D2/ C1/ B0+ C4+ B0\ C6\ A3\ @5/ D1/ D0/ E3\
8x8Trax_4398139 Lyonsgirl vs. ypercube : @0+ @1+ B2/ A0\ @2+ B0/ C1/ C0/ D1/ A1\ @3+ B0/
8x8Trax_4398140 ypercube vs. Linda Sue : @0/ A2+ B2/
8x8Trax_4398141 Linda Sue vs. ypercube : @0+ A0+
8x8Trax_4398142 Lyonsgirl vs. Linda Sue : @0+
8x8Trax_4398143 Linda Sue vs. Lyonsgirl : @0+ @1\ B2/ A3/ @2\ A1+ @1/ E2\ E3\ E4\ F4\ F5\ G5\ G6\ H6\ H7\ H8+ B3/
8x8Trax_4398156 Kriistina Jean vs. Goonerg : @0+ A0/ B2+ A3/ @3/ C3\ B4+ D2+ C4\ @3+ E5/ A1\ RESIGN
8x8Trax_4398157 Goonerg vs. Kriistina Jean : @0/ A2\ B1/ B0/ @3\ A0+ @3/ D4+ E4\ @3+ D0+ G5+ E6+ D6+ D7+ A5/ D8+
8x8Trax_4398162 Goonerg vs. Jay RAA : @0/ A2\ B2\ @2\ B3\ A4\ @1/ B5\ @1\ B0/ D6+ A3/ @3/ C7/ B7/ D8\ E8\ F5/ B4+ A6\ G3/ G2/ G1+ @5/ A3\ A2\ G7+ H6\ A1\ B8/ E1+ H8\
8x8Trax_4398163 Jay RAA vs. Goonerg : @0/ A0/ B2/ B3/ A0/ @3+ D4/ B4/ C1/ D1+ C0\ A1\ @2/ F5+ F6\ C7/ B7/ A4/ G5/ C8+ G2\ @5+
8x8Trax_4398164 Goonerg vs. Beckie B : @0/ B1/ B2\ C2\ C3+ A0\ @2\
8x8Trax_4398165 Beckie B vs. Goonerg : @0+ @1/ A0\ @2/ B0\ C4+ D4\ C1+ B0/ A1/ @4/ E4+ D6\ F5+ E6+ G5/ E7/ G3/ H3/ F2\
8x8Trax_4398688 jazzbeth vs. Rogue Trooper : @0/ A0/ B2/ B3/ C3/ B4/ A3/ @2+ B0\ @3\ @2/ C1\ A4/ C5/
8x8Trax_4398690 Dragon101 vs. Rogue Trooper : @0/ @1/ A0/ @2/ D2/ B3+ D1/ E2+ D4\ B4/ B5/ @1\ D0+ @3/ A4+ @2\ B1/ E0/ E8\ F7+ B1\ A1+ H6+ B7/ B8/ A8/ DRAW
8x8Trax_4398909 GringoNZ vs. LadyScorp : @0/ B1+ C1/ C0\ A3\ @3\ D3\ E1\ E0\ @3\ C2/ D5\ B5\ F4\ G4\ E1+ B1\ B0+ A2/
8x8Trax_4401551 PuggieLover vs. JiffyJeff : @0/ B1/ B2\ C2\ C3/ B0+ @3\ C0+ C5/ A5/ @5/ @5/ B6+ C7+ C8\ G6+
8x8Trax_4401552 JiffyJeff vs. PuggieLover : @0/ B1/ B0\ A3+ B4/ C3+ D2\ C1+ C5/ D4+ E3/ F3/ G4/ E0+ C7+ C8\ E8+ B1+
8x8Trax_4404031 Charlo vs. Rogue Trooper : @0/ A2/ @1\ B0+ B0\ A1\ A0\ @4+ D5\ D6\ D1/ E3+
8x8Trax_4404252 GringoNZ vs. jazzbeth : @0/ @1/ B2/ B3/ C3/ C4/ D3/ B0\ A4/ C2+ @3+ @3/ B5+ C5+ F3/ C6/ C7/ A6+ D6\ E6\ C8\ D7+ G3/ G6\ @6/ F8+ F1/ C1+ B1/ DRAW
8x8Trax_4405764 Charlo vs. jazzbeth : @0/ @1/ C1/ C2/ D2/ B0\ A3/ B0+ B5+ @4/ @4/ C6+ @5\ B2+ D0/ B1\ @5/ C0/
8x8Trax_4405798 Authority vs. lhh61 : @0/ @1/ B2/ B3/ C3/ D3/ C1/ D2+ E2/ F2/ G2/ H2/ C0/ B5/ A5/ F4+ E0+
8x8Trax_4410200 Riika vs. TallPaul : @0/ @1/ C1/ A2/ C3+ D1/ E1+ B0\ E5\ F4+ A5/ E6\ D7+
8x8Trax_4410532 jaha vs. Traxplayer : @0/ @1/ A0/ @1/ B0/ A0/ B5/ C2/ @3+ B4+ B0\ B0\ A2+ @3+
8x8Trax_4410717 Thud vs. Charlo : @0/ A0/ @2+ @2\ B3\ D1+ D0/ E1/ E3+ D0+ B2+ F3+ B1+ D0/ F2+ C7/ G4\ A7/ RESIGN
8x8Trax_4410719 W S vs. violet unicorns : @0/ B1/ B2\ C2/
8x8Trax_4410826 Authority vs. Cheeky Cow : @0/ A2\ B1/ B0+ @2+ B0+ @3+ C0+ E3+ C0+ F4+ G4/ G3/ B6+ H3+
8x8Trax_4412306 rogerrabbit vs. DavidJ : @0+ @1+ B2/ A0\ @2/ @1\ B0/ D1\ @3\ B4+ B1\ D0\ F3\ G3+ E6/ E7+ A3+ D7+ F6\ G4+ A6+ @4+ A3\ C1+ B1+ D0/ G2+ G8+ H8+ H2+ H1/ H6+ A1+ A8+
8x8Trax_4417759 TallPaul vs. Sir Pussycat : @0/ A2/ @1+ A0\ A0\ C3+ @2+
8x8Trax_4418423 Goonerg vs. psychospaz mom : @0/ B1\ A2/ B2+ C2\ C3\ D3\ B4/ B5+ A5/ @2/ @1\ C0+ A4/ @2+ A4+ A5/ @3\ E7/
8x8Trax_4418584 DavidJ vs. Jenny Poo : @0/ A2\ B1/ A0/ B3\ C3\ A4/ @2/ C5+ E4/ F5+ D2+ E6+
8x8Trax_4418728 GringoNZ vs. ypercube : @0/ B1/ A0/ A0/ C3/ A4/ @2\ @2+ @3+ D0/ B2+ @4\ F2+ B3+ D0\ C1\ B7/ A7/ H6\ E7+ E0/ F1/ B4\
8x8Trax_4418781 Riika vs. LadyScorp : @0+ @1+ C1+ D1+ A0+ @1\ E1+ A0/ D4/ B1+ C1/
8x8Trax_4421181 Uncle Chuckie vs. ypercube : @0/ A0/ B1/ B3/ C3+ D3/ E1+ D0/ B1+ C0+ E2/ @3+ B1+ A5/ @3/ C6\
8x8Trax_4423411 Dragon101 vs. Traxplayer : @0/ @1/ A0/ @2+ @2\ C0+ D1/ A0\ @4\ E1/ F4/ C0/
8x8Trax_4424566 Rogue Trooper vs. Riika : @0+ B1+ @1\ A0\ A0+ @2+ D4\ A4/ C5+
8x8Trax_4426259 Dragon101 vs. Riika : @0/ A0+ @1\ @2/ C3/ @1\ B0/ @3/ A4/ A5/ F3/ F5\ G3+ @3+ F0+ C6\ F7+
8x8Trax_4426264 rogerrabbit vs. Rogue Trooper : @0+ @1+ A2\ B0/ C3/ B4/ @4/ A5/ E3/ E5+ D6+ F4+
8x8Trax_4429339 PuggieLover vs. coopaah : @0+ A2+ A3+ @1/ C3/ B4\ B0+ D4/ C2/ D6+ E5/ E3/ E2/ F4\
8x8Trax_4429340 coopaah vs. PuggieLover : @0/ A2+ B1+ C1/ B3/ C2+ @3/ A4/ A5/ C4+ C5+ E3/ D5+ D0/ E0/ F1/ D8\ F5/ G1/ @7/ B3\ B2\ B1\ A8+ H4+ H5\ H8\
8x8Trax_4429341 PuggieLover vs. ypercube : @0+ B1+ C1/ @1\ A0+ B0\ D2/ B0\ C2+ D5/ E3/ D1+ C0/ E1/ F2/
8x8Trax_4429342 ypercube vs. PuggieLover : @0/ A2+ A0\ @2/ @3\ B1+ @2+ @1/ A0+ @1/ B4\ C5/ A5+ G4\ H3/ F5/ H2\
8x8Trax_4429343 PuggieLover vs. golfnutrof : @0+ @1+ A0/ A3/ @3+ A4/ @3+ E2+ C4+ F2+ E3/ G2+ D4\ D5\ F3+ H2+ A2+ A1\
8x8Trax_4429344 golfnutrof vs. PuggieLover : @0/ A2+ A3/ @3/ C2\ A4/ D1/ D0\
8x8Trax_4429345 coopaah vs. ypercube : @0/ @1/ C1/ @1/ @1/ A0\ @2/ D0+ B4+ F0/ G3\ B1\ C0\ A3\
8x8Trax_4429346 ypercube vs. coopaah : @0/ @1+ @1\ A0\ @1\ D0+ C0+ E2+ D1+ F3/ @1\ A0\ A5/ @2+ C6/
8x8Trax_4429349 ypercube vs. golfnutrof : @0/ @1/ B2/ B3/ B0/ A3/ @3/ A0\ @2/ A3+ A5/ @4\ F3+ C0+ C6\
8x8Trax_4429350 golfnutrof vs. ypercube : @0/ @1/ A0/ @1/ D2/ A2/ D1/ C3/ E3+ D4\ D5\ E5\ F3/ A0\ @2+ G1/ H2+ E0/
8x8Trax_4429351 Kriistina Jean vs. Authority : @0+ A0/ A3\ B1/ C2+ D3/ B4\ C0\ B6/ A6/ @4\ E1/ RESIGN
8x8Trax_4429352 Authority vs. Kriistina Jean : @0/ B1\ A2/ @2/ A3/ C2+ @2+ B0\ B0\ B6+ D1/ RESIGN
8x8Trax_4429355 Authority vs. dgb : @0+ B1+ C1/ C0/ C0+ D2+ C4+ E2+ B0\ A1\ E2/ F2/ E5\ D6/ @1\ H5+ C5/ A4+
8x8Trax_4429356 dgb vs. Authority : @0+ @1+ B0+ C2+ C3+ D2+ D3+ A3+ B4+ D1/ B0+ C1+ A1\ B0/ B0/ E3\ B8\ D7/ D2+ F3\ D8/
8x8Trax_4435235 Cheeky Cow vs. Rogue Trooper : @0+ @1+ B2/ B0/ C1+ D2/ C3+ B4/ E1\ E4\ F4\ D5/
8x8Trax_4435422 Dragon101 vs. Traxplayer : @0/ @1+ B2/ @2\ @1/ @2\ @1/ G1/ D0/ B4+ D5+ A0\ @3/ B0\ C7/ C8/ F8\ G8+ G6+ F2/ F1/ H2+ H7\ A2\ DRAW
8x8Trax_4436714 dgb vs. Traxplayer : @0/ @1/ B0/ @2+ @2/ A3/ A4+ @3+ D0+ F3\ F4+ G2/ G1/ F0\ F0\ E1+ B8+ RESIGN
8x8Trax_4438356 Charlo vs. Authority : @0/ @1/ A2+ A3/ A4/ C1+ @1/ C0/ E3/ F2\ E1+ G2+ C0+ @2+ E1+ F5/ C0/ E6+ A6+ A8+ E7/ E8/ G7\ H6+ F8+ H2/ DRAW
8x8Trax_4443041 Azalea vs. DavidJ : @0/ B1\ A2/ B0\ C2+ D1\ D0+ E3\ D4/ A5/ @5/ A6/ E6\ D7\
8x8Trax_4443213 Charlo vs. jaha : @0/ A0/ A0/ A0/ @3+ C4+ D3+ C0+ E4/ E5/ E6/ F6+ G6/ D7+ G7/ G8/ C8+ F2+ H7+ H5+ DRAW
8x8Trax_4444206 Rogue Trooper vs. Thud : @0+ B1+ A0/ B3\ @2/ A3/ C4\ @3+ C4/ D5\ B1+ @2+ F3+ G3/ H3/ H4\ B0/ H2/ G1+ D0\ B1+ H1/ F8/ C6/ H7\ H8+ D8+ A5/ A7+ C8+ A8+
8x8Trax_4448307 Traxplayer vs. Riika : @0/ A2+ B1+ B0/ C1+ D1\ E1\ @2/ @3\ F0\ A5/ @3/ C6\ D6\ A6/ C7+ F0\ E1\ D2\ E6+ H5+ F6+ B3+ DRAW
8x8Trax_4448321 ypercube vs. Authority : @0/ @1/ C1/ D1/ C2/ B2/ B0/ C1/ @1\ C0+ A4/ @2+ D5/ D6/ G6\ D7+ H3/ H2+ B7+ A4/ C8+ DRAW
8x8Trax_4449839 PuggieLover vs. Cheeky Cow : @0/ A2+ @1\ B0/ C1+ C0+ B5\ B1\ A1\ A4/ @3\ A0\ @1\ C1+ F4/ C0+ E8/ B6/
8x8Trax_4453435 Carroll vs. GlassTiger : @0+
8x8Trax_4464321 Riika vs. TrueIndian : @0+ @1+ @1\ A0\ A0\ @1\ @1+ @3+ A4/ @4/ A5/ @3\ B2+ B1/ B0/ A2\
8x8Trax_4464383 Rogue Trooper vs. GringoNZ : @0+ B1+ @1/ A2/ B3+ @2+ D0\ D3\ B1+ C5\ D5\ E5\ C6+ F5\ G5\ H2+
8x8Trax_4464472 dgb vs. Goonerg : @0/ @1/ @1/ @1/ B0/ @2/ A0+ @1\ E1/ D0/
8x8Trax_4464473 Goonerg vs. dgb : @0/ A0/ B2/ A3+ C2/ @2\ A3+ C1+ @2+ A1\ C0/ C5+ E5\ F5\ D6+ C0/ E2+ @5\ G4/ C6/
8x8Trax_4464474 dgb vs. ypercube : @0+ @1+ C1\ C0\ B0/ C0\ A1/ B0/ D2/ E5\ E6\ C0\ B7/ A0+ @4+ @1+ H6+ B5+ B7/ A6/ G3+
8x8Trax_4464475 ypercube vs. dgb : @0/ A0/ B2/ A3+ A4/ C2\ D2\ B1/ E2+ B0\ @2+ A1\ @1\ D0+ A0+ G6/ F7+ E8+ E3+ @1\ C6+ G8+ H7+ G2+ B7/ B8/ E1+ A8+ A6+ A5+ DRAW
8x8Trax_4464476 Goonerg vs. ypercube : @0/ @1/ B0/ @1/ D1/ @1/ D0+ E4+ B4/ C0/
8x8Trax_4464477 ypercube vs. Goonerg : @0/ @1/ C1/ D1/ C2/ A0\ @1\ F1\ F4+ G2/ C4/ C0+
8x8Trax_4467010 Goonerg vs. ypercube : @0/ @1/ A0/ @1/ @1/ D1/ A2+ B3/ D0/ @3/ F4\ F5\ G2+ A1\ E0/ @4\
8x8Trax_4467011 ypercube vs. Goonerg : @0/ @1/ C1/ D1/ C2/ B0+ C0\ A4\
8x8Trax_4467012 Goonerg vs. Lorraine of the Renegades : @0/ B1\ A2/ C1\ A0/ A0\ @2/ E2\ E1+ C0/ F3+ E4+ E5\ F5\ F6\ G4/ H4+ G3+ D1/ C0\ B1\ D0/ E1/ F2/ G2+ A7/ H4+
8x8Trax_4467013 Lorraine of the Renegades vs. Goonerg : @0/ @1/ B2/ A0\ @2/ D1\ A1\ @2/ F1/ E0\ E5/ C4+ E6\ C1+
8x8Trax_4467014 Goonerg vs. dgb : @0/ A0+ B1/ @1\ A0\ @1\ A0\ @1\ A0\ @4+ E6/ @6/ B7\ @5\ A4\ F0+ B2+ B1\ A1\ DRAW
8x8Trax_4467015 dgb vs. Goonerg : @0/ @1/ B0/ B0/ @2+ C0+ D3+ A0\ @1\ D1/ B0+ A3+ C0/ D2+ E2\ F3+ B8+ @5/ A6/ @6/ C7+ E8+ F1/
8x8Trax_4467016 ypercube vs. Lorraine of the Renegades : @0+ @1\ @1\ D1/ A0+ B0/ A4\ B0\ A1\ C1\ @1\ D0/ E3/ F4\ A6/ @4\ C7/
8x8Trax_4467017 Lorraine of the Renegades vs. ypercube : @0/ @1/ B2/ C2/ D2/ A2/ E2\ E3\ D1/ F2+ F4/ F0/ G2\ A1\ D0\ @3\
8x8Trax_4467018 ypercube vs. dgb : @0+ B1+ B2\ B0\ A0/ C2\ @1\ A0\ E4/ E1+ RESIGN
8x8Trax_4467019 dgb vs. ypercube : @0/ @1/ B0+ @1/ A0/ B4\ D2\ @1/ B0/ D2\ A3+ F3\ G3\ G2+ D1\ @1+ D0+ H2+ H1\ G1\ A4/ A5/
8x8Trax_4468146 dgb vs. GringoNZ : @0/ @1/ B0+ @1/ A0/ A0/ B5/ B6+ @3+ @1/ F3\ G4\ D1/ RESIGN
8x8Trax_4468154 Rogue Trooper vs. jazzbeth : @0+ B1+ A2/ A0/ B3+ B4\ C4\ @1/ @1/ D5+ B5+ @3+ B4/ @2/ D0+ A2\ @4\ C5/ E7+ C7/ E0+
8x8Trax_4471263 Carroll vs. kidgame2001 : @0+ A2/ A0+ @1/ C2\ A4/ @2\ B0\ D5\ @2/ C6\
8x8Trax_4471476 Elvis vs. Lahug : @0+ @1\ A2/ @1\ C2+ A2/ @2/ A1+
8x8Trax_4473270 dgb vs. ypercube : @0/ @1/ @1/ D1/ A0\ @2/ E3\ F1\ G1\ @2\ A1\ B4/ A4/ G4+ H0+ E0+ D7\ E7+ E0+ RESIGN
8x8Trax_4473271 ypercube vs. dgb : @0/ A0/ B2/ A3+ C3/ C4/ C5/ B5/ C6\ D4+ RESIGN
8x8Trax_4473926 Uncle Chuckie vs. DavidJ : @0/ B1\ A2/ @2+ B3\ C3\ C4\ D4\ D5\ E3/ A5+ C6\ C7+ D7\ A8/ @8/ E8\ F8\ G5+ F2/ F1+ H2/ H1+ A2+
8x8Trax_4474072 Rogue Trooper vs. Azalea : @0+ B1+ C1\ C2\ B3+ D2+ A2+ C0\ @2/ @2/ @2/ B4\ G0/ H3\ C6/ E6+ C2+ E1+ G5+ G0+ F0/ H2+ B3+ DRAW
8x8Trax_4474333 jazzbeth vs. ypercube : @0/ @1/ B2/ C2/ C3/ D2/ E3/ A0\ @2/ D1/ B0+ A4/ A5+ D6+ A1/ @4+ F7+ @3\ B1+ A4+ E0/ F1/ B1+ A1\ F8/ H3/ C7+
8x8Trax_4476948 Dragon101 vs. Traxplayer : @0/ @1/ A0/ @2+ @1/ C0+ D1/ A0\ @3+ E1/ E0+ F3+
8x8Trax_4482861 Riika vs. rogerrabbit : @0/ A0/ @2/ @1/ D2+ D3\ E3\ E4\ C0/ E2+ C0/ E7\ F4+ F2+ A5+ @4+ A1+ A0+ @1\ A5+
8x8Trax_4483902 DINGEROO vs. PuggieLover : @0/ B1+ A0\ @1\ A2+ A3\ @1+ A0\ B5/ A4+ @4/ B5/ A2\ @3/ C6/ B5/ E6\ E7\ A5/ B6/ @3+ B2\ B1\ A2\ A1+ @2/ B6/ A5/
8x8Trax_4484061 balmoral vs. DavidJ : @0+ @1\ A2/ @1\ A0\ @2/ A3/ @3/ D4/ B0/ F2\ E0+ @3+ A1+ D0/ @2+
8x8Trax_4486001 riaZZZ vs. ypercube : @0/ @1/ @1/ D1/ D2\ E1/ B0\ B0+ A1+ @2\ E5\ A5/ @2\ B6\
8x8Trax_4486002 ypercube vs. riaZZZ : @0/ @1/ B2/ @1\ C0/ B0/ A4/ @3\ @3+ A4+ @4/ D1\ D0\ C3+ C6/ B3+ D7+ A3+ F7\ G4+ F8/
8x8Trax_4486509 Azalea vs. Goonerg : @0/ @1/ A2/ B3+ C3\ D3+ B4+ D0/ RESIGN
8x8Trax_4486510 Rogue Trooper vs. TrueIndian : @0+ @1+ A0/ A3/ C2\ C3\ C4+ D3+ C1+ E3+ E1/ D0\ F3+ E1/ E0/ C1+ B0/ A1+ @2+ E1+ A4/ @4+ E8\ F8\ H8+ DRAW
8x8Trax_4486656 GringoNZ vs. Rogue Trooper : @0/ A0/ @1/ B0/ @1+ A0\ C0\ D3/ E3/ E0+ F2/ A2\ @1/ D0+ G7+ H4\
8x8Trax_4486897 jaha vs. jazzbeth : @0/ @1/ A0/ @1/ B0/ @1/ C4/ D1/ D0+ C0\ E2\ B5+ A6\ C7/ C0\ @5\ G5+ E2/ E1/ B2+ G2+
8x8Trax_4486898 Charlo vs. GringoNZ : @0/ @1/ C1/ B0\ C0+ A4+ D4+ C5/ C6/ B6+ E4/ F3\ G4/ C7/ D2+
8x8Trax_4488302 Dragon101 vs. Thud : @0/ B1+ C1/ C0/ B3+ C3+ D1/ @3\ B1+ D0+ C5/ D0/ @6/ RESIGN
8x8Trax_4491935 JiffyJeff vs. Riika : @0/ B1+ A2\ @2\ B0+ D2\ D3\ E3\ B4+ @3\ @4\ G5/ H4/ F1+ F0+ F6+ D1+ E0\ D7+ F1/ D0/ G3+ C3\ A5+ A3+ DRAW
8x8Trax_4498075 PuggieLover vs. Pegasus : @0+ B1/ A2/ B0\ C2/ D1/ D0/ B4\ A5/ E1/ D3+ C4\ C5+ A6/ D0\ C1\ C7+ @4\ D0+
8x8Trax_4498157 Dragon101 vs. Traxplayer : @0/ @1/ B0/ @1+ C0/ D1/ A0+ @4\ @3/ D0+ G3/ B2\ B1\ G0+ @6/ C7+ B2+ D1+ A5\
8x8Trax_4499394 Goonerg vs. jazzbeth : @0/ @1/ A2/ B3/ C3/ C4/ @2+ C0/ @1+ D0+ C5/ C6+ E1/ E4+ F3+ @1/ A0+ B5/ A5/ @5/ C7+
8x8Trax_4499497 jaha vs. golfnutrof : @0/ @1/ A0/ @1/ B0/ @2/ C4/ B4/ B0+ D1\ E1\ @3+ B4+ F0+ @3+ F7+ @2\ C1+ C0/ C6+ D8/ C7+ B7\ B8+ A8/
8x8Trax_4499569 Jay RAA vs. Riika : @0/ B1+ A2/ @2/ @2/ @1+ A0\ @1\ C0/ E1/ F1/ C0+
8x8Trax_4501069 Miss Traven vs. Christine : @0/ B1\ A2/ B2+ A3\ B3\ C2\ D2/ B4\ C1/
8x8Trax_4501093 Christine vs. Miss Traven : @0+ @1\ A2/ C1/ @2\
8x8Trax_4508269 Rogue Trooper vs. DavidJ : @0+ B1/ B0\ @2\ A1\ A0+ @1\ C4/ A4+ @1\ C0+ C0\ D1\ A6\ @5/ A7/ @7/ C8\ D8+ E8\
8x8Trax_4508340 balmoral vs. Carroll : @0+ B1+ B2/ B0+ B0\ A1\ A0\ @4+ @3+ B0/ A5+ A6/ B7/ A0\ @2+ F2/ D1+ @3+ @3/ A5+
8x8Trax_4515179 Dragon101 vs. Goonerg : @0/ B1/ B0/ C2/ D2/ C1+ D3+ A4+ @3\ @3+ A1\ B0/ C6\ E1/ F6\ A6/ F7/
8x8Trax_4517991 Uncle Chuckie vs. jazzbeth : @0/ @1/ A2/ B3/ C2+ B4/ A4/ A5/ @5/ A0+ @1\ A0\ @1\ E1/ F1/ C0/
8x8Trax_4518907 PuggieLover vs. TurkeyShoot : @0/ A2+ A0\ @1\ A0+ A3/ @2+ A3+ @3/ E2+ B4+ D5\ E5\ E6\ F5\ G2\ C0+ G2/ E1/
8x8Trax_4519434 DINGEROO vs. Riika : @0/ B1/ @1\ A0\ A3/ @2/
8x8Trax_4519643 Rogue Trooper vs. Azalea : @0+ @1+ A0/ B3\ C3\ D3+ C1+ @1\ A0\ A3+ C1/ C0/ F5/ E2+ @3+ A1+ D0/ F1\ G2/ H2/ F0+ H5/ D8+ C7/ D1+ F8+
8x8Trax_4519705 DavidJ vs. TallPaul : @0/ A0/ @2/ B0+ B0/ C1/ D1+ E2/ E3+ D4+ C5\ B5+ @3+ B1+ A0/ G3\ @4+ G5\ F7/
8x8Trax_4530327 ypercube vs. *Leo The Lion : @0+ B1+ A2+ A0/ A4\ B4\ @2\ B0/ D1/ B0/ D6+ E4+ D7/
8x8Trax_4530328 *Leo The Lion vs. ypercube : @0/ A0/ @1+ @1\ @1/ B2+ A0/ B4+ A3+ B0\ E2\ F3+ D0+ B7\ B0\ A1\ @4+ F7+ H7\ H8+ DRAW
8x8Trax_4530329 ypercube vs. AndrewB : @0+ @1\ C1\ C0\ D2\ C0\ C4+
8x8Trax_4530330 AndrewB vs. ypercube : @0+ @1+ A2\ A0\ A4\ A0/ B1/ B0/ A7/ C2+
8x8Trax_4530331 ypercube vs. Miss Traven : @0+ @1\ C1+ D1/ C2/ A0/ C1\
8x8Trax_4530332 Miss Traven vs. ypercube : @0+ @1+ B0/ C2\ D2\ B3/ A1\ A0/
8x8Trax_4530333 ypercube vs. dgb : @0+ B1+ B2\ A0/ @2\ D2+ D4/ D5/ E3/ B0+ A4+ @1\ B0/ A5/ @5/ C6+ D0/ E2\ RESIGN
8x8Trax_4530334 dgb vs. ypercube : @0/ @1/ @1/ @1/ B0/ @1/ A0+ D1\ E4+ @1\ D0+ D0\ C0/ E2+ B2+ C0/ F3+ F2/ G2/ RESIGN
8x8Trax_4530335 *Leo The Lion vs. AndrewB : @0/ B1\ B2\ A0/ @2+ C0/ D3+ C0/ E4+ B1\ C0/ @4/ B2\ @4\ A3\ E7/ D7\
8x8Trax_4530336 AndrewB vs. *Leo The Lion : @0+ B1+ A2/ C1+ A0\ @3/ A4+ B5/ A6\ @1\ B7/ A0/
8x8Trax_4530337 *Leo The Lion vs. Miss Traven : @0/ B1\ A2/ B2+ @1\ C3/ A0/
8x8Trax_4530338 Miss Traven vs. *Leo The Lion : @0/ A2\ B1/ @2\ B3\ @1/ C0/ @4/ C5/ B5/
8x8Trax_4530339 *Leo The Lion vs. dgb : @0+ B1+ B2/ B0/ C1+ D1\ C3+ B4/ @4+ @4\ @4\ C5/ C6/ A2+ RESIGN
8x8Trax_4530340 dgb vs. *Leo The Lion : @0+ B1+ B2+ C2+ B3+ A0/ A0/ C3/ @2\ @2\ A1\ C0/ D7/ C7/ B7+ RESIGN
8x8Trax_4530341 AndrewB vs. Miss Traven : @0/ A2\ B1/ B0/ A4/ C1+ @4\
8x8Trax_4530342 Miss Traven vs. AndrewB : @0/ B1\ B0/ A3\
8x8Trax_4530345 Miss Traven vs. dgb : @0/ A0/ @2/ @1+ A0\ A0+ @1\ E4\ A0/ E6/
8x8Trax_4530346 dgb vs. Miss Traven : @0/ A2+ B1/ B0\ C2+ C1/ B0/
8x8Trax_4531094 putterer vs. Sista : @0/ A2\ B1/ B0/ A0\ @1/
8x8Trax_4532134 PuggieLover vs. rogerrabbit : @0/ A0/ @2+ B0/ @3+ B4\ D1/ A1\ C0+ @4+ A5/ A6+ B7/
8x8Trax_4536441 Goonerg vs. ypercube : @0/ @1/ B2/ C2/ C3/ A2/ C4\ D3/ B3/ E3\ E4\ F4\ D5/ B6/ A3/ E6+ E7/ G3/ F2/
8x8Trax_4536442 ypercube vs. Goonerg : @0+ A0/ A3\ B1/ B0/ C3\ D3+ D4\ A5\ B0/ E1+ C0\ E6\ C8+
8x8Trax_4536443 Goonerg vs. Barbie : @0/ B1+ A2/ @2+ B3/ A0\ @2/ C5+ C0+ D1/ D0/ E1/ C0\ B1\ A1\ @3\ G3+ H5\ F6+ G7+ A6/ B7+ C8+ A8+ A1+ H3+ H8+ H7+ H2+ G1/ H1/
8x8Trax_4536444 Barbie vs. Goonerg : @0/ @1/ A2+ @1\ A0+ C1/ B0\ B0\ A2\ @2\ A1\ @3/ A4/ A5/ F3/ F6\ G6\ C0+ @3+ H1/ F0+ C8+ H6+ C1\ B1+
8x8Trax_4536445 Goonerg vs. golfnutrof : @0/ @1/ B2/ C2/ D2/ D3/ E2/ C3/ E4\ F4\ E1+ F2/ G2/ B3/ F5+ B0+ B7+ A5\ @1\ A0\ D1+ G2\ A8+
8x8Trax_4536446 golfnutrof vs. Goonerg : @0+ A2/ A0+ B2/ @1\ D2/ C3+ E1\ E4/ B4/ D5\ F2/ A3\ G3+ C6+ @1+ C0+ E1+ B7/ A7+ C8/
8x8Trax_4536447 Goonerg vs. dgb : @0/ @1/ B2/ C1+ D2/ B3+ A3/ D4\ A4/ @3+
8x8Trax_4536448 dgb vs. Goonerg : @0/ @1/ @1/ C2\ D2\ C3+ B0\ @4/ C5+ E5+ D6+ B1+ C0+ D0\ E1+
8x8Trax_4536449 ypercube vs. Barbie : @0+ @1+ C1+ @1+ D2\ @1+ B2+ @1+ E0\ D3+ E4/
8x8Trax_4536450 Barbie vs. ypercube : @0/ @1/ @1+ A0+ @1\ A0\ B4+ D1/ D0+ E2\
8x8Trax_4536451 ypercube vs. golfnutrof : @0+ A2/ A0\ @1\ A0\ @1\ D4/ C5/ @4+ E6\ F6+ F4/ G5\ H5\ H6\ H7\ D0/ E1+ F1/ F2+ C7+ G2+ G4+ C8+ DRAW
8x8Trax_4536452 golfnutrof vs. ypercube : @0/ @1/ A0/ @2/ A0/ A0+ A0\ @4+ C2/ A0/ @1+ @2+ A1\ B0\ B0\ A1\ @4+ A6/ A7/ G3/ G2+ @3+ A6+ H6+ D7/ DRAW
8x8Trax_4536453 ypercube vs. dgb : @0/ A0/ B2/ A3+ @1/ D2\ B4\ C5/ A4\ D5+ @2\ B6+ A5/ @2\ RESIGN
8x8Trax_4536454 dgb vs. ypercube : @0/ @1/ @1/ @1/ C2/ D3/ E3+ E0\ B0+ D0\ F4+ G4\ H4\ G6\ F7\ F8+ G8\ C7+ RESIGN
8x8Trax_4536969 Uncle Chuckie vs. Riika : @0/ @1/ A2/ C2+ A3/ D1\ @2+ B4/ @2/ C0+ E6+ F6\ G3/ A1\ A6/ @2/
8x8Trax_4537213 Traxplayer vs. JiffyJeff : @0/ B1/ @1/ B2+ D1/ B0\ @3\ @2/ D0+ C2\
8x8Trax_4537457 Dragon101 vs. amarilli : @0/ B1\ A2/ @2/ @1+ @2\ C0+
8x8Trax_4538547 Granny Walrus vs. PuggieLover : @0/ A2\ B1/ B2+ C1\ D1\ B0\ C3\ B4\ C4\ D3\ E3\ D4+ C5/ @3/ A4/ B5/ C6+ E6/ C7/ A5/ E7\ C8/ F6\
8x8Trax_4539856 PuggieLover vs. Azalea : @0/ A2+ @1/ B3+ C3/ D1+ B4\ D3+ E2/ A3/ @3/ E5\ F5\ G2+ D0+ E0\
8x8Trax_4540712 Sista vs. putterer : @0+ A2+ A3\ @1/ C1/ B4/ A4/ A5/ @3+
8x8Trax_4540713 putterer vs. Sista : @0/ B1\ B2\ A2+ A0\ @2/ C4+ D3\
8x8Trax_4541305 Rogue Trooper vs. jazzbeth : @0+ A2+ A0+ B3/ @3/ C4/ B0/ @4/ E4/ D2/ @4/ E6/ @4/ A7+ @7+ C8/ E2+ B2+ E1+
8x8Trax_4541429 ypercube vs. Charlo : @0/ @1/ C1/ A2+ C3+ D3\ D4\ E1+ C5+ C6\ E5+ B5/ A5+ @1/ F7\ C0+
8x8Trax_4545643 Goonerg vs. jazzbeth : @0/ @1/ C1/ C2/ D2/ A2/ E2\ C3+ @2/ B0+ B0/ A1+ @2+ E0/ F4/ B1\ B0+ @3/
8x8Trax_4545950 Traxplayer vs. Dragon101 : @0/ A0/ @2/ @1/ C0/ @1/ D0+ A3/ A4/ E1+ D0+ @5+ @2+ D1+ F6+ G3+ D7+ D8\ F8+
8x8Trax_4546025 Authority vs. JiffyJeff : @0/ B1/ A2\ C1/ C0/ C3\ D1+ C0+ @3+ D0+ E1+ D0+ @3+ C2/ A1+ E0+ D1+ E0+
8x8Trax_4548384 ypercube vs. riaZZZ : @0/ B1\ B2\ @1+ A0+ @2+ B0/ D2+ A1\ A4\ @3\
8x8Trax_4549175 TallPaul vs. Rogue Trooper : @0/ A0/ B1/ C2+ A3/ D1\ B0/ A5+ @3+ E5\ F5+ E6/
8x8Trax_4549190 DavidJ vs. golfnutrof : @0/ A0/ @2/ C2\ C3\ A0/ D3+ @3/ @1\ C0+ B5+ C6/ D2+ G5/ E6+ C7/ A5+ A7/ B8/
8x8Trax_4549295 Riika vs. jazzbeth : @0/ @1/ A2+ A0+ @1\ @1\ C0/ C0/ A0+ @2\ B6+ A5/ @5/ A6/ A7/ D7+ A2\ @4+ C1+
8x8Trax_4550078 GringoNZ vs. Traxplayer : @0/ @1/
8x8Trax_4550148 Sista vs. putterer : @0+ B1+ B2/ B0+ C2\ @3\ B4/ D1+ C0\ B2\ @3/ B5+ C1\ F2/ @3/ G1+ H1\
8x8Trax_4550149 putterer vs. Sista : @0+ @1\ B2/ C1/ A0+ B0\
8x8Trax_4555060 GringoNZ vs. Rogue Trooper :
8x8Trax_4555255 jaha vs. Traxplayer : @0/ @1/ A0/ @2/ B0+ @3/ @2+ E1/ B0\ @4\ @4\ B5+ A2\ RESIGN
8x8Trax_4555257 Dragon101 vs. jazzbeth : @0/ @1/ A0/ @1/ @1/ A0/ @1/ E2/ B3/ C4+ F2/ E1/ E0/ F1/ G1+ F0\ H3\ D1+ A5/ C7/ G7\ H2+
8x8Trax_4555329 Sista vs. putterer : @0/ A2\ B2\ B3\ @1/ D3/ C4+ D2+ D1/ E1/ C0\ B1\ C0/ C0/ D1/ D0/ A4\
8x8Trax_4555334 Carroll vs. TallPaul : @0+ A2/ A0/ @2+ B0/ A2+ C4/ D3\ B0/ B0/ A0+ @4+ B0/ F3/ F2+ @5+ H5+ A2\ A1+ E1/ G1+ DRAW
8x8Trax_4556109 Miss Traven vs. Mike : @0+ @1/ @1\ C2+ A0/
8x8Trax_4558078 Riika vs. Goonerg : @0/ A0/ A0/ A0/ @3\ @3\ D2+ A2\ D5\ E3+ A5/ @4/
8x8Trax_4567889 Riika vs. Traxplayer : @0/ @1/ @1/ @1/ B2\ B0\ B0+ B5/ C5+ E2\ D0+ E6\ C0\ F6\
8x8Trax_4570968 Arctic Warrior vs. ARCTIC PRINCESS : @0/ A2\ B1/ @2+ B0\ A1\ A0+ D1/ D0/ A6/ A7+ @5+ A4\ A3+ @4/ G3\ G4\ A5/ F5+
8x8Trax_4571035 Sista vs. putterer : @0+ B1\ B0/ C2+ C1+ D1/ D2+ @2/ C3\ B4+ @2/ B1\ D0/ A2\ C0+
8x8Trax_4571507 aussielady vs. Traxplayer : @0/ @1/ B0/ @1+ A0\ A0+ @3+ E4\ B5\ E1/ E0/ F3\
8x8Trax_4571508 Traxplayer vs. aussielady : @0/ B1\ A2/ @2+ B3\ C3\ C4\ D4\ D5\ E3/ F3+ E2+ E1/ D0/ F3+
8x8Trax_4571509 aussielady vs. ypercube : @0/ @1/ B2/ C2/ A2/ D2/ C1/ C0/ C0/ D1\ D2+ E2\ A5/ F5+ F6\ G6\ G7\ G3/ @3+ G2/
8x8Trax_4571510 ypercube vs. aussielady : @0/ A2/ @1\ B0/ B0/ C3+ B5/ @4+ B1\ C6/ C0\
8x8Trax_4571513 Traxplayer vs. ypercube : @0/ @1/ @1/ @1/ B0/ C1/ C0/ D1/ A0+ @4+ @3+ @2+ G5+ @2\ D0/ E0\ C0+ C7/ A6+ F3+ C8/ A8+ E1+
8x8Trax_4571514 ypercube vs. Traxplayer : @0/ @1/ C1/ D1/ C2/ D0/ E1/ B0+ @3+ C4+ B5\ B0+ F6+ RESIGN
8x8Trax_4571515 Traxplayer vs. AndrewB : @0/ B1\ A2/ B0\ @2+ C0/ D3+ A5\ A1\ B0\ @2/
8x8Trax_4571516 AndrewB vs. Traxplayer : @0+ B1+ A2\ A0\ A4\ @3\ D4\ D5\ D2/ E4+ D6\ @1\ A0\ A5/ B6\ @3/
8x8Trax_4571517 ypercube vs. AndrewB : @0/ B1\ B2\ A0/ A0/ B5\ C4+ C6\ D5/ D3+ E5\ E6\ F6\ E3\ E7+
8x8Trax_4571518 AndrewB vs. ypercube : @0+ A2+ A3\ A0+ B4/ B1/ C1\ B3+ C4/ A0+ @1\ B0/ @2/ B4+ A3+ E1/ B5/ D0/
8x8Trax_4571519 GringoNZ vs. jazzbeth :
8x8Trax_4571520 jazzbeth vs. GringoNZ : @0/
8x8Trax_4571521 GringoNZ vs. patchwork0 :
8x8Trax_4571522 patchwork0 vs. GringoNZ : @0/
8x8Trax_4571523 GringoNZ vs. Riika :
8x8Trax_4571524 Riika vs. GringoNZ : @0/
8x8Trax_4571525 jazzbeth vs. patchwork0 : @0/ B1\ A2/ @2/ A3/ C0\ C3\ D2+ A0\ A0/ @2/
8x8Trax_4571526 patchwork0 vs. jazzbeth : @0/ @1/ B0\ A3\ B3+ A1+ @1+ A0/
8x8Trax_4571527 jazzbeth vs. Riika : @0/ B1+ C1/ C0/ A3\ @2/ B1+ E2+ D3\ D4\ E4\ F1\ B4+ @2/ A0+ @1\ B6+ A6+ C7/ F1/ C8\ D8+ F6+ F7\ F8\
8x8Trax_4571528 Riika vs. jazzbeth : @0/ @1/ @1/ A0/ D2/ @2\ @2\ B3+ @2\ A1+ D0/ C5/ @2\ F4+ F2+ H5\ E6/ F7+ C1\ F8/ D8+ C7/ A5+ A6/ A7+ DRAW
8x8Trax_4571529 patchwork0 vs. Riika : @0/ @1/ A2\ C1\ B0/ C3/
8x8Trax_4571530 Riika vs. patchwork0 : @0/ B1\ A2/ B2\ B3/
8x8Trax_4571531 supermac vs. Dawg_n_Ca : @0/ B1\ B2\ @1/ A2/ A0\ C4/
8x8Trax_4571532 Dawg_n_Ca vs. supermac : @0+ @1\ B2/ B0+ C1/ C0/ C3\ D1+ C5\ D4/ E3\ C6+ F4\ F5\ E2/ F2/ C0+ G4+
8x8Trax_4571533 supermac vs. Goonerg : @0/ @1/ B0/ A0+ @3/ B0/ B0/ @5+ A6/ B6+ E1/ C0/ E5+ A3\ @5/ @4+ B3\ E8/ H3+ D2+ A7/ A8+ B1\ A2/ DRAW
8x8Trax_4571534 Goonerg vs. supermac : @0/ A2\ B1/ B0/ @2/ C3+ D1/ E1+ E0/ E5\ F3+ A5/ B6+ @5\
8x8Trax_4571535 supermac vs. dgb : @0+ B1+ B0\ A3/ B3+ @2+ A1+ D2+ B4/ @2+ A4/ A5/ C5+ @4/ A5/ A6/ A7+ @6+ @4+
8x8Trax_4571536 dgb vs. supermac : @0/ A2/ B1\ @2/ B0+ C1+ C0/ D1/ D0/ E3\ B1\ B0\ @5+
8x8Trax_4571537 Dawg_n_Ca vs. Goonerg : @0/ A2\ B1/ A0/ B3\ C2/ A4/ @2/ @1\ A0\ D6\ E4\ F3/ F2/ F4\ G5/ C7/ B5/ A6\ @5/ F7\ G8/ H3/ F1+ E8/ D8+
8x8Trax_4571538 Goonerg vs. Dawg_n_Ca : @0/ A2\ B2\ B1+ B3+ @3/ A4/ @2\ A1\ B0\ B0\ A1\ @1\ @6/ C7+ @1\ @3+
8x8Trax_4571541 Goonerg vs. dgb : @0/ A0/ A3/ A0/ @4+ A5/ A6/ B5+ C1+ D3+ @3/ E6\ D7/
8x8Trax_4571542 dgb vs. Goonerg : @0/ @1/ B0+ @1/ C3/ B0/ @1\ A3/ C4/
8x8Trax_4578306 Miss Traven vs. GlassTiger : @0/ B1\ A0\
8x8Trax_4579731 PuggieLover vs. Rimon : @0+ A2/ @2/ C1+ A3+ @2+ @2/ A3/ B4\ C0/ @5\ B1+ D0/ E6+ D7/
8x8Trax_4581340 jaha vs. dgb : @0/ A0/ B2/ A3+ B4+ @2\ B0/ C6\ D3+ D2/ E6\ D7/ C8\ B6+ F6+ F7\ RESIGN
8x8Trax_4581344 Dragon101 vs. Authority : @0/ @1/ A0/ @1/ @1/ A0/ @2+ A0+ B4/ @3+ A2+ D1\ E2+ F2+ G3/ D0+ D6/ G5+ H3\ D7+ E8/ H2+ C7/ E2+ A5/ A6+ A7+ H7+ G1/ A1/ B8+
8x8Trax_4581349 jazzbeth vs. Traxplayer : @0/ @1/ B2/ C2/ C3/ D2/ D1/ D0/ D5/ D0/ C6/ E1+ F2\ B5+ E0+ F7\ D8+ G4+ A5/ H4\ G8/ G2/ H2/ D1+
8x8Trax_4581366 lhh61 vs. ypercube : @0/ @1/ A0/ @1/ D2/ B3+ D4+ E3\ F3\ F4\ D5/ F1+ G1/ A3\ A4/ C1+
8x8Trax_4586467 coopaah vs. Goonerg : @0/ @1/ @1+ @1\ A0\ @1\ A0\ A0+ @3+ G1/ G0/ B1+ @3\ B1+ C6+ A6+ F6+ H0/ G8\ H6+ E8+ B1/ D1+
8x8Trax_4586783 Riika vs. ypercube : @0+ @1+ B2+ B3+ A3+ C1+ @1/ D2+ E2+ F2/ E1/ @2\ B0/ F1/ B4+ D0+
8x8Trax_4587915 Miss Traven vs. PuggieLover : @0+ @1+ B2+ C1+ A0/ A0\ A4+ @1/
8x8Trax_4587916 PuggieLover vs. Miss Traven : @0/ A2+ @1\ B3\ A0/
8x8Trax_4587917 Miss Traven vs. Traxplayer : @0+ B1+ B2\ A0/ B4\ C2+ A4/ C5/ D4\ B6/ A6/ A7/ @6/ D7\ @6\ F5\
8x8Trax_4587918 Traxplayer vs. Miss Traven : @0/ A2+ A3/ A0\ @1/
8x8Trax_4587919 Miss Traven vs. ypercube : @0/ A0/ @2+ A0/ @3\ D3+ C1+ E2/ E1/ F1/ F0/ F4\ E0\ G4\
8x8Trax_4587920 ypercube vs. Miss Traven : @0/ A2\ B1/ B0/ @2+ C3+ D2\ E2\ E3\ D4\ F1+ D5/ E0+
8x8Trax_4587921 PuggieLover vs. Traxplayer : @0/ @1/ A2/ B3+ C3\ D3+ C4/ D0/ RESIGN
8x8Trax_4587922 Traxplayer vs. PuggieLover : @0/ A2/ @2/ A3/ @1+ A0\ @1\ RESIGN
8x8Trax_4587923 PuggieLover vs. ypercube : @0/ @1/ A2/ B3/ @2+ @2/ B3/ C4\ E3\ B5/ A4+ @4/ B5/ G3+ G4\ F5\ C6+ G0/ H4/ D1+
8x8Trax_4587924 ypercube vs. PuggieLover : @0/ A2/ @2\ C1+ D2/ A1+ @2+ A1+ E3\ F2/ E4+ F4\ G2/ A0/ C6/ B4+ C0+ @2/ F2+
8x8Trax_4587925 Traxplayer vs. ypercube : @0/ @1/ @1/ D1/ B0\ D0\ E2+ D4/ D0/ C1/ C0/ @5+ C6+ C7/ G3/ G2/ D0\ C3+ B3/
8x8Trax_4587926 ypercube vs. Traxplayer : @0/ @1/ C1/ D1/ C2/ B0\ B0+ C0+ D6\ RESIGN
8x8Trax_4591202 Carroll vs. rogerrabbit : @0/ A0/ A3/ B1/ B0/ C4\ C5\ D1/ C0+ B6+ C7\ E3+ A1\ @3+ F8\ G7+ H7\ H8+ A1+ H5+ H3+
8x8Trax_4591231 GringoNZ vs. Azalea :
8x8Trax_4593405 Lahug vs. ypercube : @0/ @1/ B0/ @1/ D2/ @1/ F2\ D3+ @1\ A0\ F2+ C4/ D5\ D1+
8x8Trax_4594161 Cheeky Cow vs. PuggieLover : @0+ @1+ B2/ A0\ @1/ D2+ E2\ E3\ D4\ F3+ D1/ C0+
8x8Trax_4594222 riaZZZ vs. ypercube : @0/ @1/ B0+ @1/ @1/ D0/ C1+ E1+ D0\ A1\ @2+ D0+ F2/ F1/ D6+ A1\ F6\ @2/
8x8Trax_4594223 ypercube vs. riaZZZ : @0/ @1/ B2/ @1\ A0\ B3/ @1+ @3\ F3\ E4/ F1/ G2+ C0\ D1+ D0/ F2+ G2/ G1/ H3\
8x8Trax_4594225 riaZZZ vs. ypercube : @0/ B1+ B0+ B0+ C3/ D2\ A2\ @1/ @2\ F4\ G2\ A0+ D5+ B0\ B6/ @4+ D7/
8x8Trax_4596479 Sista vs. putterer : @0+ B1/ B2\ C1/ C0+ A3/ A4/ A5+ A6\ @4/ C5+
8x8Trax_4596667 Miss Traven vs. DINGEROO : @0/ B1\ A0\ B3/
8x8Trax_4597134 GringoNZ vs. Traxplayer :
8x8Trax_4600158 JiffyJeff vs. Charlo : @0/ @1/ B0+ @1/ C0+ @2\ A1\ @1\ F1\ G2/ D4+ E0/ D2+ C1/ D0\ F1+ B1+ E0+ C7+ H4+ A2/ B1+ D0+ A2+ F2/ F1/ F8+ DRAW
8x8Trax_4602615 hoot vs. ypercube : @0/ @1/ C1/ @1/ @1\ D0+ B3/ E0\ @4/ A5/ @3\ B2/ D1/ G5\ H4/ C6+
8x8Trax_4602616 ypercube vs. hoot : @0/ B1\ B2\ @1/ @1/ @1/ B2+ D3/ C0+
8x8Trax_4602621 ypercube vs. Lorraine of the Renegades : @0/ A0/ B2/ @1\ A0\ @1\ D4\ E3/ A4/ @3\ D5/
8x8Trax_4602622 Lorraine of the Renegades vs. ypercube : @0/ @1/ B2/ C2/ A2+ C1/ B0\ B0\ A5\ D5+ C6/ D1/ E4+ C0/
8x8Trax_4602623 ypercube vs. dgb : @0/ A0/ A3/ B2+ A4/ @1+ D2/ E1\ @2+ @4+ B5/ F4+ E5\ E6\ F6\ G5\ H5\ H6\ G7\ F0+ H1+ DRAW
8x8Trax_4602624 dgb vs. ypercube : @0/ @1+ C1/ @1/ C2\ E1/ C0+ C0\ B0/ A2+ @4/ D6\ C5+ D7\ E5+ F6+ G6\ C8/ B6+ H4+ A2+ F8+ G3+ E1+ G2+ DRAW
8x8Trax_4603306 jazzbeth vs. Rogue Trooper : @0/ A0/ B2/ B1/ A0/ C2/ C4/ @1+ B4/ D1/ B0\ @3\ C0+ B1\ F5+ F7+ F1/ G4\ E0/
8x8Trax_4603309 Traxplayer vs. Rogue Trooper : @0/ A0/ @2/ @2/ C0/ A0+ @4+ @1+ @2+ B0\ E1+ D0/ G6+ G2/ F1/
8x8Trax_4603335 Rimon vs. Miss Traven : @0/ A2\ @2\ B3/ A3/ @2/
8x8Trax_4603491 jaha vs. Traxplayer : @0/ @1/ A0/ @1/ A0/ @1/ B0+ C1+ @2\ B0/ E2\ F2\ B0/ G4+ F6+ F2/ G1\ H3+ G0/ D8+
8x8Trax_4604149 Sista vs. cakelady : @0+ @1+ B0\ A3/ @3+ A4/ C3\ B4\
8x8Trax_4604240 Traxplayer vs. ypercube : @0/ @1/ @1/ C2/ D1\ D0\ B0+ C0\ B0/ C0\ D4+ E1+ B0/ E7+ F6+ @7/ @5+ B4\ B8/
8x8Trax_4604241 ypercube vs. Traxplayer : @0/ @1/ B2/ C1/ @1+ A0+ @1\ D0+ F2\ A1\ A0+ @3+ B4/ @3\ F6/ E5/ C6/ B5\ C0+ B7/ C0+
8x8Trax_4608441 Azalea vs. DavidJ : @0/ @1/ B0+ C1+ C2+ D1+ A0\ @3+ @3\ A1+ D4+ E1/ E0/ G3+ H3+
8x8Trax_4608454 Charlo vs. golfnutrof : @0/ @1/ C1/ A2/ D2/ B3+ B0+ @3/ @3/ A5+ E5+ @1+ D0+ @4/ B5+ H3/ F1/ A5/
8x8Trax_4610358 GringoNZ vs. balmoral :
8x8Trax_4611412 DINGEROO vs. Miss Traven : @0/ A2+ A0\ A4\ @1/
8x8Trax_4611794 jazzbeth vs. ypercube : @0/ @1/ B2/ @1/ B0\ D2+ C0\ C0\ A5+ C0\ B1\ @6/ B1\ A4\ @5\ @5\ A4\ C3+ E0+ G2/ H5+ G8\ C8+ B2+ A2/ C1+
8x8Trax_4611813 Authority vs. lhh61 : @0/ @1/ B2/ C2/ C3/ C4/ B4/ A3+ D3+ E2\ F3/ E4+ F5/ C1/ F0+ G1/ A1+ @1\ D0/
8x8Trax_4612977 Carroll vs. Uncle Chuckie : @0+ @1/ A0+ C2\ A3/ @3/ D4+ E3/ C1/ D5+ A5/ D6+ D7/
8x8Trax_4613226 Traxplayer vs. GringoNZ : @0/
8x8Trax_4614011 ypercube vs. POPMASTER : @0/ B1+ C1+ A2\ @2/ A3/ @3/ F1\ F2\ C3+ B4+
8x8Trax_4619412 POPMASTER vs. Sir Pussycat : @0+ B1+ A2+ C1+ B2+ D1+ C2+ E1+ C3/ B0\ D3\ E1/ F1+ G1\ F3+ F0/ A5+ H2+
8x8Trax_4619954 Miss Traven vs. leewisdomjr : @0/ B1\ A2\
8x8Trax_4624301 Miss Traven vs. Eriisa : @0/ B1\ @1\ C2/
8x8Trax_4625704 Rogue Trooper vs. Carroll : @0+ B1+ B2/ B0+ C1/ @2+ C4/ A1/ D0/ D0+ E3\ E4\ A2+ C0/ @2/ G3+ G2/ H5\ H6\ A5/ C8/ B7+ E6+ H7\ D8+ A6+ H2/ DRAW
8x8Trax_4628931 Miss Traven vs. Jay RAA : @0/ A0/ @2\ A3/ @3/ D2\ B1+ D3/
8x8Trax_4629006 Traxplayer vs. jazzbeth : @0/ @1/ @1/ C0/ C3+ D3\ A4/ @2/ E4\ E5\ F3+
8x8Trax_4632259 PuggieLover vs. Uncle Chuckie : @0/ A2\ B1/ @2\ B3+ A0\ @1\ A3+ @1\ @1\ A0\ D0+ D7+ G1+ D8+
8x8Trax_4632419 ypercube vs. DavidJ : @0/ @1/ C1/ B2+ D1/ D0/ A4\ B5/ E1/ E0/ F4+ F5\ G5\ D6+ C7\ A0\ @4+ H2/ G1+ C8/ A6+ G8/ H1/ A1\
8x8Trax_4632567 balmoral vs. Riika : @0+ @1+ B2/ A0\ @1\ @1+ B3+ @1+ F3/ A2+ @2/ H2\ F4/ H5+ E5+ C4+ D6\ D0\ F2+ A2+ F8+ H7+
8x8Trax_4634083 GringoNZ vs. Goonerg :
8x8Trax_4634454 dgb vs. Traxplayer : @0/ @1/ @1/ B0+ @1/ A0/ B4+ RESIGN
8x8Trax_4634456 Dragon101 vs. GringoNZ : @0/
8x8Trax_4634658 dgb vs. Traxplayer : @0+ B1+ C1\ C2\ B3\ B4\ D2/ B0/ B0/ E4+ A6+ A2+ E5+ F5\ D7\ E6+ C8/ RESIGN
8x8Trax_4634776 dgb vs. jazzbeth : @0/ @1/ B0+ A3\ C1\ A0/ A0/ D4/ @3+ E5\ F5\ B6+ F7\ G6/ D2+ G4/ C0+
8x8Trax_4634777 jazzbeth vs. dgb : @0/ @1/ B2/ C1+ C3/ B0\ @2/ A3/ E2/ E3+ D1+ B1+ A4/ @1+ C0/ D6+ F7\ G4\ A1\ E8+ D7/ A7/ @3+ C8/
8x8Trax_4634778 dgb vs. ypercube : @0+ @1+ C1\ A0\ A0\ B2+ C4\ D4+ C5+ @1+ B0+ B0\ A1\ E4/ D8+
8x8Trax_4634779 ypercube vs. dgb : @0/ A0/ B2/ A3+ C2/ @2\ @2\ D1+ C0/ C0/ C0/ E1+ F2/ B3+ G3\ G4\ A6/ H4+ F5+ B7/ RESIGN
8x8Trax_4634780 jazzbeth vs. ypercube : @0/ @1/ B2/ C1/ D2/ @1/ B0\ B0+ A1\ @2/ F3/ @1\ B0+ A4/ D5+ @4\
8x8Trax_4634781 ypercube vs. jazzbeth : @0/ @1/ B2/ C2/ B3/ C4/ B0/ C1/ A4/ A5/ D5+ A6+ @2+ D0/ @1\ A0+ @3/ B4+ B6+ A4/ @2\ B6/ B1\
8x8Trax_4639127 dgb vs. Traxplayer : @0/ @1/ B0+ @2+ A0/ C4+ C5/ @2/ @2+ F2/ E1/ E0/ F1/ G1+ E0+ C2+ B6/ B8/
8x8Trax_4641420 Miss Traven vs. mojodanielle : @0+ @1\ C1\ A0/ B1/ B0/ D2/ C4\ C5\ E3/ E2/ F2/ E1/ E0/ E7\ F1\
8x8Trax_4644184 Miss Traven vs. ken : @0/ A0\ @1/
8x8Trax_4648650 Goonerg vs. DINGEROO : @0/ B1\ A2/ @1+ C0/ D1/
8x8Trax_4648963 jazzbeth vs. Charlo : @0/ @1/ B2/ C2/ C3/ D3/ D4/ E4/ E5/ F5/ F6/ G6/ G7/ H7/ E3/ F3/ G3/ G2/ C4/ G1/ F0+ C6/ B6/ A5+ D7+ H2/ D8+ C8/ A7/ A8/ E8+
8x8Trax_4650236 Traxplayer vs. golfnutrof : @0/ @1/ @1/ A0/ @2/ @2/ C3+ E1/ E4\ F4\ A4/ B5+ B6\
8x8Trax_4650402 Miss Traven vs. Cheeky Cow : @0+ @1+ A2\ A0\ @1\ @1+ B0/ D5\ D2+ E4\
8x8Trax_4652122 Riika vs. JiffyJeff : @0/ A2/ A3/ B1+ B0\ @2\ @2+ A1\ C0/ B6\ C7/ C8/ E3/ F1+ E7+ F5+ G2/ @6+ H6/ H7+
8x8Trax_4652298 kidgame2001 vs. GringoNZ : @0/
8x8Trax_4655764 Riika vs. Rogue Trooper : @0/ A0/ A3/ B2/ B4+ C4\ D4+ B5/ A0/ D2+ @2+ F3+
8x8Trax_4655772 Rogue Trooper vs. GringoNZ : @0+
8x8Trax_4655958 Dragon101 vs. Traxplayer : @0/ @1/ A0/ @1/ D2/ B3+ D1/ A3/ D0+ A5/ C5+ @1+ C0/ C0+ D1/ @4\ C0+ B6+ F3+ RESIGN
8x8Trax_4657613 Carroll vs. Thud : @0+ B1+ B2+ C1+ D1/ D0/ E1\ D3/ E0/ F2\ D1+ F3+ B1\ C0/ @2\ A1\ B5+ C6+ D7\ E7\ F7+ D8/ C8/ H3/ B7+
8x8Trax_4658532 Momsie vs. Morticia : @0/ A2\ A0\ B3/
8x8Trax_4659183 Miss Traven vs. Nirvana : @0/ @1+ @1\ C2/ C0\ A1\ B0\ D3\ @2\
8x8Trax_4662919 berecca vs. Honeybear : @0/ A2\ B1/ B0/ @3/ B4\ C3\ D2/ E2/ B0\ A1\ A3\ @4/ B0\ B0\ A3+
8x8Trax_4663010 GringoNZ vs. Jay RAA :
8x8Trax_4663158 Charlo vs. GringoNZ : @0/
8x8Trax_4667233 Rob68 vs. Morticia : @0/ B1\ A2/ @2+ C2\ B3/ D1\ C3\ B4/ D3\ D4\ B5/ E3+ D0+ F2\ A1\ @2/ C0/
8x8Trax_4667234 Morticia vs. Rob68 : @0/ B1+ A0\ @2/ C1+ B0+ A1+ D2\ B0\ @4/ D5+ C6+ @4/ C7/ B2\ E6\ F6\ G5\ A7/ @6\ D0+ H7\ F8+
8x8Trax_4667235 Rob68 vs. DavidJ : @0/ B1\ A2/ @2+ C2\ B3/ C3+ C0\ C5\ C6\ D2\ D5+
8x8Trax_4667236 DavidJ vs. Rob68 : @0/ B1\ B2\ C2+ B0+ D3+ C4+ E3+ D1/ E4\ C0/
8x8Trax_4667239 McGoo98 vs. Morticia : @0+ @1/ @1\ B0/ @2\ E2\ E3\ B3+ @3\ A2+ A4/ @3\ D4\ D5\ C5+ C1+ D6+ D0/
8x8Trax_4667240 Morticia vs. McGoo98 : @0/ @1+ @1\ B0/ C1+ C0/ B1+ B0\ D1/ D0/ D3+ C1\ C0\ @6/ B7\ C1\ A2+ D0+ @7\
8x8Trax_4667241 McGoo98 vs. DavidJ : @0/ B1\ B2\ B0\ A3/ A4/ B0\ C2+ @2+ D0/ E1/ A1\ C0+ @3\
8x8Trax_4667242 DavidJ vs. McGoo98 : @0/ A2\ B1/ B0+ A0/ C3/ @2+ @3/ A4/ A5/ A6+ @4+ E5+ F5+ D7+ F6+ D8+
8x8Trax_4667245 Morticia vs. DavidJ : @0/ B1/ C1\ A2/ A3/ C2+ B4\ @3/ C5+ D5\ E3/ A0\ @3+ B0+ A1\ @1\ B7/ A4/ C8/
8x8Trax_4667246 DavidJ vs. Morticia : @0/ A2\ B2\ B3+ A4\ @4+ A5/ @5/ A3+ B1+ B6+ D5+ E4/ D7+ E7\ F7\ D8/ @4+ @4\ H5/ C7/ B8\ A7/ H3/ H2/ H1/ B1\ A2+
8x8Trax_4667247 Morticia vs. ajj52 : @0/ B1\ B2\ C2/ D2\ D3\ @1\ B0/ F4+ D4/ F5/ C0/ D2\ A4/ @4/ C6/ E7+
8x8Trax_4667248 ajj52 vs. Morticia : @0/ A2\ B1/ @1/ B3+ @1\ A0\ A3+ B1/ A0\ D4\ E3/ C6+ C2+ C7+ @3+
8x8Trax_4667249 DavidJ vs. ajj52 : @0/ A2\ B2\ B3+ A4\ B1+ B0/ B0\ C3+
8x8Trax_4667250 ajj52 vs. DavidJ : @0/ B1/ B2\ C1/ @1\ C0+ B4/ A4/ D4\ @3+
8x8Trax_4670228 Christine vs. Miss Traven : @0+ B1+ A2\ A0\ @1+ D2/ @1+ E1+ C0+ F2/ @2+ @2\ A1\ F1+ F0/ G1/ H2/
8x8Trax_4670902 Honeybear vs. Morticia : @0/ A2\ B2\ B3+ C3/ C4\ D3/ B4+ @2\ B4+ B0/ D2+ C1/ D0\ F4/ E1+ F3+ F1/ E6\ G2\
8x8Trax_4671240 Riika vs. DINGEROO : @0/ B1\ A2+ B2+ A3+ A4\ B3\ C3\ C4\ D2/ D1/ B0\ B0\ D0+ E1/ B0\ A1\ @1\ G4\ G5\ A6+ F1/ H1+
8x8Trax_4671312 Rimon vs. Goonerg : @0/ @1/ B0+ B3\ C2/ @2/ B4\ @4/ B5\ A1\ RESIGN
8x8Trax_4672062 Miss Traven vs. mojodanielle : @0+ A0/ A3\ @2/ C1\ C2\ D2\ D3\ C4\ C5\ E3\ D5/
8x8Trax_4673085 lhh61 vs. jazzbeth : @0/ @1/ A0/ @1/ A0/ @1/ A0/ @1/
8x8Trax_4673742 Mom-of-DJ vs. Linda Sue : @0+ B1/ @1+ B0\ A0/ @3\
8x8Trax_4675638 Miss Traven vs. mojodanielle : @0+ B1/ @1/ C0/ C0/ C0/ D2\ E2\ D3+ A5/ A6\ @5\ D5+ A4+ D6/
8x8Trax_4675639 mojodanielle vs. Miss Traven : @0+ B1+ @1+ D1+ E1+ F1+ G1+ H1+
8x8Trax_4681956 FrostyColdOne vs. mcinturff : @0/ A2+ @1\ B0/ A1+ C2/ A0/ C2+ B1+ D3\ C1+ D1/ E2/ C0+ E5\ D6+
8x8Trax_4682453 Rogue Trooper vs. golfnutrof : @0+ @1+ @1/ A2/ @2/ A3/ B0/ A5+ @3+ B0+ E5+ F4\ A0/ @4/ H5+
8x8Trax_4682477 Rogue Trooper vs. Charlo : @0+ A0/ B1\ A3/ C1\ D1\ @3/ A4/ D2+ @4+ D5+ F3+ F4+ G5/ B6/ A6/ B1+ @3/ B0/ E1+ F7/ B8+ A7+ G8+ DRAW
8x8Trax_4682549 Dragon101 vs. TrueIndian : @0/ A2\ B1/ B0+ A0/ @1+ B0+ C1+ D3+ D1/ C0+ E3+ @5+ D0/ C8/ B7+ @5/ H3/ G2+ H2+ E7+ F7\ H6+ E8+ C2+ B8/ A8/ B2\ A1/ G8+ H1+
8x8Trax_4682743 Authority vs. GringoNZ : @0/
8x8Trax_4683600 Judy vs. Morticia : @0+ A0+ A0+ @2\ C2\ C1+ @2/ A3/ A4+ @2+ F1+ D0/ D5+ A5/ @5/ G1/ F0\ E7+ F7\ G7\ H5\ D2+ G1/ F0\ H2+ A6+ H1+
8x8Trax_4685549 Authority vs. Rogue Trooper : @0/ A0+ @2/ C1+ A3+ @2+ B0/ @3+ A4/ RESIGN
8x8Trax_4685573 golfnutrof vs. jaha : @0/ A0/ @1/ A0/ @2/ D2\ E2\ B3+ B4+ @2+ C0/ @2/ B0+ B0/ @4/ A6+ B7/ F1+ F0+ G1/ F5+ G3+ H2\ G5+ DRAW
8x8Trax_4685752 kidgame2001 vs. GringoNZ : @0/
8x8Trax_4686169 nisqually vs. Rogue Trooper : @0/ A0+ @2\ B0/ A2\ B0/ C3\ @1\ B0/ A5/ @3\ C6/
8x8Trax_4686211 nisqually vs. jazzbeth : @0/ @1/ A2+ C2/ A3+ A4/ @4/ @4/ D0+ E4\ F4\ B6+
8x8Trax_4686224 Rogue Trooper vs. dixiegal47 : @0+ @1\ B0/ B0/ C1/ D1+ A0+ @2\ @2\ B1\ A4/ D5/ @4\
8x8Trax_4686344 jazzbeth vs. dixiegal47 : @0/ A2\ B1/ B0/ C1/ B3+ D3+ A0\ @3+ C0\ E2+ F4+ B1\ F1+ C0+ E7\ F7\ C7/ C0/ B1+ G4+
8x8Trax_4686539 ypercube vs. stormy rebel : @0/ B1/ C1/ A2\ D1+ C2\ E1/ D2\ F1/ F0/ F4\ G4\ A4/ D5/ @4\
8x8Trax_4686540 ypercube vs. dixiegal47 : @0/ A2\ B1/ B2+ B3\ @1/ D2+
8x8Trax_4686541 nisqually vs. ypercube : @0+ A0+ A3+ @3/ @3\ A2\ @2\ A1\ @1\ D0+ B0\ @2\ A1\ A5\ A0\ C7+ F7\ A5+
8x8Trax_4686757 Rogue Trooper vs. stormy rebel : @0+ @1/ A0/ B0/ C1/ D1/ @3/ A4/ A1\ B0\ @2/
8x8Trax_4687136 nisqually vs. Riika : @0+ @1+ B2/ A0+ B1+ A0+ B1+ A0+ B1+ A0+ C5+ C2+ B1+ A0+ B8/ @4/ D4+ E5/
8x8Trax_4687218 Riika vs. dixiegal47 : @0/ A2\ B1+ C1\ C2\ D1\ C0\ @3\ D4\ B1\ E3+
8x8Trax_4687221 Riika vs. Cypress : @0/ A2\ B1+ B2+ C1/ A0+ @1\ C1+ @1\ B3+ B0+
8x8Trax_4687224 Riika vs. stormy rebel : @0/ B1\ A2+ B2+ A3+ A4\ B4\ B5\ C2+ @3/ C6\ A2\ E4+
8x8Trax_4687268 jazzbeth vs. stormy rebel : @0/ B1\ A2/ A0/ @3+ @2/ D3+ B4/ @2/ E0\ @1+ @2+ C0+
8x8Trax_4687465 dgb vs. Dragon101 : @0/ A0/ A0/ A0/ B2+ @1+ A0\ B6/ @3+ A1\ @6+ D7/ A1+ @2+ B0/
8x8Trax_4687479 ypercube vs. Traxplayer : @0/ @1/ C1/ D1/ C2/ D0/ E1/ E0/ C0/ F5\ F6\ G2/ G1/ H4+ C6/ C7+ B5+ D8/ DRAW
8x8Trax_4687627 jazzbeth vs. TexasToest : @0/ B1\ A2/ @2/ A3/ C3\ B4/ D2/ D4/ @1\ D5/
8x8Trax_4687633 Rogue Trooper vs. TexasToest : @0+ @1\ B2+ C1/ C0/ B0/ D3\ @1\ E4/
8x8Trax_4687668 ypercube vs. TexasToest : @0/ B1\ B2\ @1/ @1+ @1\ D0+ B0/ C4/ E5\ D1\
8x8Trax_4689081 Carroll vs. jazzbeth : @0/ @1/ @1/ A0/ A0/ @1/ E3/ A3+ D4+ F4+ C2+ D1+ F2+ E5+ @1+ B0\ @2/ D6+ C6/ F1+ C0\ B2\ H8+ A1+ C8\ F1+ E8+ B7+ B8/ A8/
8x8Trax_4689319 Riika vs. TexasToest : @0/ B1\ A2+ B2+ A3+ A4\ B3\ B4+ C4\ C5\ A0/ B0/ C4/ D6\ @4\
8x8Trax_4691450 FrostyColdOne vs. mcinturff : @0/ B1+ A0\ @2/ C3\ C4+ D3/ D2/ @4/ B5+ A5/ @5+ A6/ E5+ C6\ C7\ F5+ F1/ F0/ G2/ H2/ G1/ H1/ A8+ H6\ D1+ C1+ G7/ G8\ B2\ H8\ A2\
8x8Trax_4692238 jazzbeth vs. Cypress : @0/ A2\ B1/ B0/ C1/ D2\ C3/ E1/ D0+ F3\ E4/ C5+ E5\ C1+ D6/
8x8Trax_4692339 Rogue Trooper vs. Cypress : @0+ B1/ A2\ A3/ @1/ C0/ C0/ A5+ A1\ @3+ B0/
8x8Trax_4692441 ypercube vs. Cypress : @0/ A2\ B1/ C1+ A0\ @1\ E2\ E3\ F3\ C4/ D5+
8x8Trax_4692494 ypercube vs. riaZZZ : @0+ @1/ C1/ @1+ C0/ B1\ C0/ A2\ A1\ A0+ @3+
8x8Trax_4692496 ypercube vs. riaZZZ : @0/ B1\ A2/ @2+ C0/ D2\ @3\ B1+ B0/ E2/ F2/ @2\ A1\ C0/ C0/ E3+ F6+ C7\ A0\ E8\ @2\
8x8Trax_4692497 ypercube vs. riaZZZ : @0/ B1\ B2\ C2+ D2/ D0+ C0+ A2+ E2+ E1/ F1/ C0/ @3\ H2+ B5+ C1+ F0+ B1+ D7+ C1/ D0+ B8/ F1+
8x8Trax_4694944 Rembrandt (aka Shaffyre) vs. Rogue Trooper : @0/ A0/ @2/ @2/ A3+ C4+ A4/ D3+
8x8Trax_4694945 Rogue Trooper vs. Rembrandt (aka Shaffyre) : @0+ @1/ B2\ C1\ A3+ C2+ B0/ D3\ D2+ @2/ E4\ D5\ F3+
8x8Trax_4694946 Rembrandt (aka Shaffyre) vs. PuggieLover : @0/ A2+ A3/ @3/ @2/ B4+ A1\ RESIGN
8x8Trax_4694947 PuggieLover vs. Rembrandt (aka Shaffyre) : @0/ A2\ B2\ C2\ C3\ C1/ D1/ D2+ E1/ C0\ B1+ F2/
8x8Trax_4694948 Rembrandt (aka Shaffyre) vs. ypercube : @0/ @1/ B0\ C1/ C0/ D1/ B1\ B0+ B0/ D2+ D1+ E1/ E0+ E5\ D6/ F3+
8x8Trax_4694949 ypercube vs. Rembrandt (aka Shaffyre) : @0+ @1\ C1\ A0/ @1\ B0/ @2\ B1\ C0/ B4+ E5+ C5/ C6/ A5/ @6\ A4+ D7\ E7\ @6\ B7/ E0\ D1\ @5\ A4\ B3/ B2/ B1/ B8/ A8/ G3+ H8\ H3/ G1+
8x8Trax_4694950 Rogue Trooper vs. PuggieLover : @0+ @1/ A2/
8x8Trax_4694951 PuggieLover vs. Rogue Trooper : @0/ A0/
8x8Trax_4694952 Rogue Trooper vs. ypercube : @0+ @1+ A0/ A3/ @3/ A4/ B0/ C0\ D2+ B0/ A1+ @2+ C8\ D8\ E8\ A6+ @2/ @4+ B5/ H3\ H5\ H8+ DRAW
8x8Trax_4694953 ypercube vs. Rogue Trooper : @0/ A0/ A3/ B1+ C3/ B0+ C1\ A1\ @1+ A4/ @2\ @2\ A1\ A0\ @1\ D0+ @6+ D7+ G2+ H2+
8x8Trax_4694954 PuggieLover vs. ypercube : @0/ @1/
8x8Trax_4694955 ypercube vs. PuggieLover : @0/ B1\ B2\
8x8Trax_4701734 Riika vs. leewisdomjr : @0/ A0\ @2\
8x8Trax_4701938 GringoNZ vs. thebodywall :
8x8Trax_4701965 Riika vs. GringoNZ : @0/
8x8Trax_4702805 ypercube vs. thebodywall : @0/ @1+ @1\ A0\ @1\ C0/ E3/ D1+ A4/ @4/ F4\ E5+ G3\
8x8Trax_4702841 thebodywall vs. ypercube : @0/ @1/ A2/ B3/ @2/ C4/ A3/ @1+ C0/ A5/ @2/ F3+ B6\ D5+
8x8Trax_4703075 Miss Traven vs. mojodanielle : @0+ B1/ A2\ B0\ A1+ @1/
8x8Trax_4703076 mojodanielle vs. Miss Traven : @0/ A2\ B1/ B0/ B3\ C1\ C2\
8x8Trax_4705150 Authority vs. Riika : @0/ @1/ B0+ A3+ @2\ @2\ C4+ D0\ B1+ D5+ E5\ F5+ @3\ E6/ C0\ C6/ C8/ B8/ @5\ A4+ C2+
8x8Trax_4705605 thebodywall vs. ypercube : @0+ @1+ A0/ A3/ A4+ @3\ A2\ C0\ D1/ D0/ @2/ @2+ G3\ G4\ H4\ E6+ D7/ B1+ D8\ A3\
8x8Trax_4706248 Uncle Chuckie vs. Miss Traven : @0/ @1\ A0/
8x8Trax_4706249 Rogue Trooper vs. Goonerg : @0+ A0/ B1\ A3/ A0/ @3+ A1\ B0/ D2+ B0/ @4+ E0/ F1/ D0\ C1\ B2/ A2/ A3+ @2/ F7+ F8\ G6/ H7+ A5/ H2\ DRAW
8x8Trax_4706385 DavidJ vs. Charlo : @0/ @1/ B0+ C2\ C3\ D3\ D1+ E3\ F2+ E0\
8x8Trax_4707706 Eriisa vs. Miss Traven : @0+ @1\ A2/ C1/ @1/
8x8Trax_4707742 PuggieLover vs. Judy : @0/ A2\ B1/ A3\ @2\ @1\
8x8Trax_4708299 JiffyJeff vs. ypercube : @0/
8x8Trax_4708300 ypercube vs. JiffyJeff : @0/ @1/
8x8Trax_4709600 Riika vs. dgb : @0/ A0/ @1/ B0+ @2/ D2\ E2\ B3+ F2/ F1/ F0/ B5+ A1\ @1\ E4+ C0\ D1+ F3+ H2+ F1+ C0\ C0+ B1\ F2+
8x8Trax_4709601 dgb vs. Riika : @0/ @1/ @1/ @1/ B2+ A0+ @1\ @1\ B0/ F1+ A0\ @1\ A3+ H3\ E6/ C0+ D1/ E1+ C0\ F2/ F1/ G1/ C8+ DRAW
8x8Trax_4709602 Riika vs. Kaisa : @0/ @1/ @1/ @1/ B2\ B3/ D2+ B4/ A3+ D4\ D5\ E2+
8x8Trax_4709603 Kaisa vs. Riika : @0/ @1/ B2/ B3/ B0/ C1/ @2\ E4+ D5\ D6\ E6\ F4/ G6+ H5\ C7+ B7/ B8/ A5\
8x8Trax_4709604 Riika vs. ypercube : @0/ @1/ C1/ D1/ B2+ A0+ @1\ @1\ C0/ F0+ D0+ G3+
8x8Trax_4709605 ypercube vs. Riika : @0/ @1/ C1/ D1/ C2/ D0/ A3/ D4+ E3\ C5\ F3+ F4+ F5/
8x8Trax_4709608 dgb vs. ypercube : @0/ @1/ @1/ B0/ @2+ @2/ @2/ B1+ A3+ B4/ B0\ D5\ D6\ @4/ E7/ D6+ C0\
8x8Trax_4709609 ypercube vs. dgb : @0/ A0/ B2/ A3+ @1/ D2\ B4\ C5/ A4\ D5+ E5/ C6+ @5/ A6+ @4\ A3+ @5/ B6+ A3+ G1/
8x8Trax_4709610 Kaisa vs. ypercube : @0/ @1/ B2/ C2/ B3/ B0\ @2/ @2+
8x8Trax_4709611 ypercube vs. Kaisa : @0/ @1/ B2/ C2/ B3/ C4/ B0/
8x8Trax_4709965 Traxplayer vs. jaha : @0/ A0/ @2/ @1+ C0/ B4/ @3+ B5+ E4\ E5+ F3+ @5/ C6/ A3\ @5+ C2+ E0+ F0/ G2+ D1\ RESIGN
8x8Trax_4710071 jazzbeth vs. Authority : @0/ A0/ B2/ B3/ B4/ C4/ C3+ C5+ A3+ @3/ @3/ @3/ D5+ F6/ C6+ E7+ B7+ @4+ D2+ C1+ D8/ G7+ F1/
8x8Trax_4713010 ypercube vs. thebodywall : @0+ @1+ B2\ A2/ B3\ C2+ A0\ @1\ @1+ C0/ D1/ A1\ C0+ E1+ F1/ C0/ F5\ D0+ F5/
8x8Trax_4716186 Miss Traven vs. mojodanielle : @0+ B1/ B0/ @2\ C0/ D2/ C0\ D2+ B5\ D1+ E3/
8x8Trax_4716187 mojodanielle vs. Miss Traven : @0/ A2\ B2\ B3\ C3\ C4\ @1/ E4/ E3/ C1+ F3\ B5/ F4+ B6/ C0/ E2/ G4/ A7+ E1/ G2/ H3/ F6\ G1/ H1/ F7/ D0/
8x8Trax_4716970 golfnutrof vs. Charlo : @0+ A2/ A0\ @1\ B4/ C3/ @4+ A5/ A6/ @3/ @2+ A0+ A7+ @3/ C8\ F1+ G1/
8x8Trax_4716995 Dragon101 vs. JiffyJeff : @0/ @1/ B0+ A0/ C2/ D2/ C3+ B4+ @3+ F1\ E4+ @2/ G0/ H2+ E6/ E0+ E0/ B3+ H7+ H8\
8x8Trax_4718234 Miss Traven vs. runnerman : @0/ A2\ B2\ B3/ A0\ B2/ @1/
8x8Trax_4718453 Riika vs. Rogue Trooper : @0+ B1+ A0/ A3/ A0/ @3\ @2/ E3/
8x8Trax_4720136 Goonerg vs. Rimon : @0/ A2\ B2\ A0/ @2/ @2/ @2/ C4+ D5/ A0+ @1\ @1+ B0/ B6+ B7/ B8+ A6+ @5/ F1+ H3\ G8/ H2/ A2+ B8+ A1+ A7/ H1/ A8/
8x8Trax_4720250 dgb vs. ypercube : @0/ @1/ @1/ @1/ B0/ C1/ D3+ D1+ A0\ @3+ C5+ @2\ A1\ B0+ D1+ D0\ @4/ A5/ A6+ RESIGN
8x8Trax_4720251 ypercube vs. dgb : @0/ A0/ B2/ A3+ @1/ D2\ B4\ C5/ D4+ C6+ E3+ A0+ A0\ @1\ D2/ D1/ E3+ B7/ B8+ G3/ F2+ B4/ RESIGN
8x8Trax_4721357 ypercube vs. thebodywall : @0/ @1/ B2/ A2+ @2/ D1/ E1/ E3+ F2\ G2\ G3\ G4\ H4\ H5\ E6/ D5+ B3+ E7/ D7/ C7+ D0+
8x8Trax_4722039 Miss Traven vs. kaanwi : @0+ B1\ @1\ C2\ @1/ A2/ @2/ C3+
8x8Trax_4725087 Azalea vs. Rogue Trooper : @0/ A0/ B1/ C1/ D1/ A3/ E2/ B4+ B5\ F2/ E1/ F1+ C0+ G5+ D7/ H7\ E0/ F1/ H5+ G2\ A7/ A8+ B8+ DRAW
8x8Trax_4729134 ypercube vs. Thud : @0/ B1+ C1/ C0/ C0/ A2+ C4/ D1/ A5/ RESIGN
8x8Trax_4732864 leewisdomjr vs. Miss Traven : @0+ A0\ A3/ @3/ @3+ A4/ @1\ C0\ B1\
8x8Trax_4732979 Charlo vs. Traxplayer : @0/ @1/ @1/ @1/ C0+ A3/ C0/ C0/ A2\ @4+ @5\ G3\ F6+ @5\ B3+ E7/ A2/ D1+ E0+ D8+ C8/ H1+ DRAW
8x8Trax_4734477 TallPaul vs. Carroll : @0/ @1/ B2/ C1/ C3/ D1/ B0+ @2/ A3/ A0\ @1\ F1/ D0+
8x8Trax_4735425 Miss Traven vs. Christine : @0/ B1\ B2\ C2+ A2/ A3/ @3/ @3+ C0/ F3+ B5\ G3+ D4+ @4+
8x8Trax_4736310 Rogue Trooper vs. kidgame2001 : @0+ @1/ B0+ C2\ A3/ A4+ @4/ E4\ E5\ F3/ F2/ F1/ A2\ A1\ @4\
8x8Trax_4736451 ken vs. Miss Traven : @0+ @1\ A0\ @1\ C3+ A0/ B4+ B1+ B0+ D3\
8x8Trax_4736497 Dragon101 vs. ypercube : @0/ @1/ B0/ @1/ @1/ D3\ E1+ B3/ B4/ C0+
8x8Trax_4736549 Traxplayer vs. Charlo : @0/ @1/ @1/ A0/ @2/ @1/ C3+ E1/ F1/ F0/ G4+ D5+ D0+ E0+ H4+ G2+ A6\
8x8Trax_4737478 berecca vs. Honeybear : @0/ B1\ A2/ @2/ C0/ D2\ C3\ B4+ C4\ D3\ C5/ D1/ E1/ C0\ B1\ @3\ C0/ @5/ A6/ A7/ H3\ G4+ F6\ B8+ H4+ H5+
8x8Trax_4738306 Kriistina Jean vs. PuggieLover : @0+
8x8Trax_4738307 PuggieLover vs. Kriistina Jean :
8x8Trax_4738308 Kriistina Jean vs. ypercube : @0+ @1+ B2/ A0\ B4\ C3\
8x8Trax_4738309 ypercube vs. Kriistina Jean : @0/ B1\ B2\ C2\ A0\ @1\ A0+ @2/ A3/ RESIGN
8x8Trax_4738310 dgb vs. PuggieLover : @0/
8x8Trax_4738311 PuggieLover vs. dgb :
8x8Trax_4738312 dgb vs. ypercube : @0/ @1/ @1/ B0/ @2+ E2/ E3+ C4+ C5\ C6\ B5+ E1/ F2\ G2\ G3\ F4/ E7\ F5+ B7/ RESIGN
8x8Trax_4738313 ypercube vs. dgb : @0/ A0/ B2/ A3+ @2+ B0/ C1/ C5/ D1+ A0\ @3+ C0+ B7/ D0/ E1+ B1\ RESIGN
8x8Trax_4738314 PuggieLover vs. ypercube :
8x8Trax_4738315 ypercube vs. PuggieLover : @0/
8x8Trax_4739078 AutumnLeaves vs. Honeybear : @0/ B1\ A2/ B2+ C2\ B3/ A3/ A4/ @1+ E2/ E1/ D0/ E5\ F2/ D6\
8x8Trax_4739522 Morticia vs. DINGEROO : @0/ B1\ A2/ B2+ C2\ C3\ A4+ @2/ B5/ A0\ @1\ F3/ F2/ F1/ B0+ G5\ G6\ E7/ A7/ B8+ @6+
8x8Trax_4739534 Senorita ZORRO_ vs. Morticia : @0/ B1\ B2\ C2+ @1\ B0+ C1+ C0\ E2/ E1/ C0\ A3+ D0+ F4+ B6/ D7/ @6/ B7\ D8\ F6+ H4\ G2/ H2/ G7/ C8+ H8\ A7+ C1+ B3+ A2/ A8+
8x8Trax_4742548 jazzbeth vs. ypercube : @0/ @1/ B2/ C1/ C3/ @1/ A2/ D0/ @3/ B4\ F4+ B5+ B6/ A0+ @4+ F0/ G1/ A8+
8x8Trax_4742678 JiffyJeff vs. Traxplayer : @0/ @1/ C1/ D1/ B0+ @2/ B3\ E0/ F1/ A1\ RESIGN
8x8Trax_4744068 Riika vs. Uncle Chuckie : @0/ B1\ A2/ @2/ A0+ @1\ @1+ A0\ A5/ @4\ E5\ E1/ D6/
8x8Trax_4745461 DavidJ vs. JiffyJeff : @0/ @1/ B0/ C1\ A0\ @1\ A2+ C0\ D2+ @4\ @4\ B5+ C6/ @2\ C1+ A5/ E1+ @3/
8x8Trax_4745730 Lorraine of the Renegades vs. Miss Traven : @0/ A2\ B1/ B0/ C2\ D2\ C3/
8x8Trax_4746517 Mom-of-DJ vs. Linda Sue : @0+ @1\ C1/ A0/ C1\
8x8Trax_4746690 Christine vs. Miss Traven : @0+ B1/ B2\ C2\ A2+ B0\ C1/ A1+ B0/
8x8Trax_4746886 Morticia vs. Honeybear : @0/ B1\ B2\ C2\ A2/ B3\ @1\ C0\ E1/ C0+ F3+ C0+ F6\ G5/ E7+ @5+ H6+ B3+ A3+ B2/ E8/ D8/ B6+ B8+
8x8Trax_4747247 Judy vs. Carroll : @0/ @1/ A2+ @2+ D2\ C3/ E1/ D0\ F2/ F4\ B0\ D6+
8x8Trax_4747365 Dragon101 vs. Azalea : @0/ B1/ A0/ B1/ @1/ A2/ A3+ @3+ A1\ B0/ @3+ E1+ F3+ C0\ B2+ D0/ E1/ B1\ A1\ @2+
8x8Trax_4747590 PuggieLover vs. TallPaul :
8x8Trax_4751367 Authority vs. golfnutrof : @0/ @1/ B2/ B3/ A0/ @1/ A0/ C6\ D5/ C7\ C8\ B5+ B6/ A6/ @6+ @6\ C7/ A4\ @4\ G3/ G2/ G1+ H1/ C2+ H4+ H6+ A6+ D8+ G8\ C8+ DRAW
8x8Trax_4751369 FrostyColdOne vs. mcinturff : @0/ A2+ @1\ B0/ C2\ B4\ C3\ C4\ D3+ E3\ E5\ F4/ B5/ D6+ A4/
8x8Trax_4752864 Rogue Trooper vs. jazzbeth : @0+ @1/ A2/ @1/ C0+ A1\ @1\ C0+ C5/ B5/ A5+ @4+ C6/
8x8Trax_4753049 lhh61 vs. Authority : @0/ @1/ A0/ @1/ C3/ D3/ D4/ B3/ A0/ E4/ F5+ F6\ G6\ G7\ D8/ C8/ B8/ @1+ F3/ H4+ F2/ F1/ C7\ B7\ A7+ A6\ B6+ B3+ A4/ A8+
8x8Trax_4753688 Honeybear vs. patchwork0 : @0/ A2\ B1/ B2+ B3\ C2/ D2/ B0/ C2+
8x8Trax_4756024 Miss Traven vs. Nirvana : @0+ B1+ B2\ B0/ C3/ C2/ D2/ C1/ C0/ D2/ E2/ D1/ D0/ E2/ F2/ G2/ F1\
8x8Trax_4756203 JiffyJeff vs. Traxplayer : @0/ @1/ A2+ C1+ B3+ B0\ D3/ @3/ A4/ E5\ F5+ A5+ D6/
8x8Trax_4757913 Jacqui vs. ypercube : @0+ @1+ A0/ A3/ C2/ C3/ B4\ C5/ B6/ A6\
8x8Trax_4757914 ypercube vs. Jacqui : @0/ B1\ B2\ C2+ B0+ A1+ A0\ A4+ @2+
8x8Trax_4757917 Rembrandt (aka Shaffyre) vs. ypercube : @0+ @1+ A2\ A0\ A0\ C4\ C5\ D5+ B1/ A0\ @2+ @2/ E7/ E3+
8x8Trax_4757918 ypercube vs. Rembrandt (aka Shaffyre) : @0/ B1\ B2\ A2+ @2/ A3/ @3/ B1+ B4+
8x8Trax_4757919 Kriistina Jean vs. ypercube : @0+ @1+ B2/ A0\ RESIGN
8x8Trax_4757920 ypercube vs. Kriistina Jean : @0/ B1\ B2\ C2\ C0+ RESIGN
8x8Trax_4757921 dgb vs. jazzbeth : @0/ @1/ @1/ B2\ D1/ A3\ B0\ B0+ B0+ C5+ D6/ B0\ A1\ @1+ C8/ A6/ A3+ @3+ A4/
8x8Trax_4757922 jazzbeth vs. dgb : @0/ @1/ B2/ C1+ A0/ B4\ A3/ B1/ A5+ D2+ @1\ A0\ @1\ @4+ A5/ H3+ B6/ C7/ C8/ B8/ A8/ F5\ G6/ E1/ G1+ H4\ F7+ H7+ H8\
8x8Trax_4757927 jazzbeth vs. marlisam : @0/ B1\ A2/ @2/ A3/ C0\ C4+ D1/ B5+
8x8Trax_4757928 marlisam vs. jazzbeth : @0/ @1/ A2/ C2/ B0/ @1/ E3+ E4\ E2/ F2/ A4/ A5/ C5/ D0+ @6/ D7/ H1/ C8+
8x8Trax_4757929 jazzbeth vs. AndrewB : @0/ B1\ A2/ B0\ C2\ A0\ @3+ @2/ E1/ F1/ C0/
8x8Trax_4757930 AndrewB vs. jazzbeth : @0+ @1/ A0\ @1\ @1\ A0\ C0/ D3+ @3/ C4+ @2\ A1\ A0\ A0+ @1\ G1/ F0\ H4+
8x8Trax_4758312 TrueIndian vs. Riika : @0+ B1+ A0/ A3/ @3+ @2/ B1+ @2/ B0/ C0\ E2+ @3+ F0/ G1/ C1+ F6\ E7/ C7+ A6+ E8/ @5\ G8+ H7+ H8\ H4/ DRAW
8x8Trax_4761003 Rogue Trooper vs. JiffyJeff : @0+ A2/ B1/ @2\ @2\ D0/ B1+ D0/ D0+ E2\ A1\ RESIGN
8x8Trax_4761146 Dragon101 vs. GringoNZ : @0/
8x8Trax_4761151 jazzbeth vs. thebodywall : @0/ B1\ A2/ A3+ @2\ C2+ A1+ A0/ B1+ C1+ A4+ @4/ @3/ F1/ E0+ G3\ F5+ G5+ E6+ H2/ H1/ H0/ C2+ F0\ E1\ B3\ D2+
8x8Trax_4761522 Dragon101 vs. ypercube : @0/ @1/ B0/ @1/ D1/ @1/ E0+ E0/ D1+ E0/ C1+ F5+ C6+ D0+ B1+ F1/ F0/ B7+ F4/ G3\
8x8Trax_4763034 PuggieLover vs. DINGEROO :
8x8Trax_4764483 Christine vs. Miss Traven : @0+ @1/ @1\ A0\ C1+ D1/ D2\ A0/ E2\
8x8Trax_4766289 golfnutrof vs. Carroll : @0+ B1+ C1\ D1\ B2/ B0/ C4+ E3+ F3\ F5+ E1/ B0/ A1\ A0\ E2+ C1\ C0\ G8/ F3/ G5\ B8/ A8/ @3+
8x8Trax_4768336 dgb vs. Rogue Trooper : @0/ A0/ A0/ @2+ B0/ C4+ C5\ @1+ B0\ E2+ C0/ D2/
8x8Trax_4768373 ypercube vs. JiffyJeff : @0/ @1/ C1/ D1/ C2/ E2/ C0+ B3/ @1\ B0\
8x8Trax_4769993 kittyrambo vs. Honeybear : @0/ A2\ B2\ B3\ B1/ C2+ C1/ D2\ D0\ D0/ C1+ E1\
8x8Trax_4770217 DINGEROO vs. Morticia : @0/ A2\ B1/ B0+ B3\ C2/ A4/ @4/ C5\ D4/ E3\ A6/ @5\ D0+ A7/ C8+
8x8Trax_4774414 stormy rebel vs. ypercube : @0/ @1/ B0/ @1/ B3/ @1/ A0/ E4+ F4/ D5+
8x8Trax_4774545 Cypress vs. ypercube : @0+ A0+ A3\ @3/ B4\ @3/ B4/ B5/ A5/ A2\ @4/ E1\
8x8Trax_4774842 Kriistina Jean vs. ypercube : RESIGN
8x8Trax_4774843 ypercube vs. Kriistina Jean : @0/ RESIGN
8x8Trax_4774846 coopaah vs. ypercube : @0/ @1/ A0+ A0\ @1\ A0\ @4+ D1/ B5\ C0/
8x8Trax_4774847 ypercube vs. coopaah : @0/ B1/ B2/ C1/ @1/ E2+ D3\ D0/ C5/ A3+ E5\ E6+ F3\
8x8Trax_4774848 hoot vs. ypercube : @0/ @1/ A0/ C2/ C3\ D3\ @1\ A0\ @3/ A4/ A5/ B0/ C1/ G5/ G4/ C0/ D1/ A1\ @2\ B0/
8x8Trax_4774849 ypercube vs. hoot : @0/ B1\ B2\ B3\ A0\ @2/ B0\ B5/ B6/ A2\ @2\ @2\ E1/ F2/ E0\
8x8Trax_4775231 nisqually vs. ypercube : @0/ @1/ B2/ @1/ D1\ D0\ D3+ B3/ B4/ B5+ A5/ E1/ D0+ E6\ F3/ D7\
8x8Trax_4775310 dixiegal47 vs. ypercube : @0/ A2/ B2+ @2/ B3\ D1\ @3/ A4/ B4+ A1\ @1\ B0/
8x8Trax_4775965 TexasToest vs. ypercube : @0/ B1/ C1\ A2+ C2+ @1/ D3/ E1\ D4/ C0/ C4+ A0+ @3/ F1/ G2\ D0/
8x8Trax_4776258 Rogue Trooper vs. Traxplayer : @0+ B1+ A0\ B3/ @1\ @1+ B3+ @2+ D0+ E1/ E0/ F4+ G4/ H1+ D0+ G1+
8x8Trax_4777299 thebodywall vs. Riika : @0+ B1+ B2/ B0+ B0\ A1\ @2+ D2\
8x8Trax_4777456 ypercube vs. JiffyJeff : @0/ @1/ A2+ B3/ @3\ B4+ C0/ RESIGN
8x8Trax_4778373 jazzbeth vs. JiffyJeff : @0/ @1/ B2/ A0+ A3/ @1\ @1+ B0+ A5/ RESIGN
8x8Trax_4779425 Rogue Trooper vs. ypercube : @0+ A0+ A0+ @2+ B4+ C1/ B5+ D1/ D0/ D3\ A5/ @4\
8x8Trax_4780992 JiffyJeff vs. Dragon101 : @0/ A0/ B2/ C2/ @1/ D1/ E2/ D0/ @1/ D4+ F2/ B4+ A3/ D0+ G3\ @4/ E6/ G1+ H5/ B0\ A3+ E8\ F8\ G1+ C8+ H2/
8x8Trax_4781070 ken vs. PuggieLover : @0+
8x8Trax_4781559 dixiegal47 vs. jazzbeth : @0/ @1/ B2/ C2/ B0/ @1/ D2+ D4+ B0+ D1+ A0\ @3/ F2/ B4+
8x8Trax_4781609 Cypress vs. jazzbeth : @0+ B1/ C1/ C0/ A3\ A0+ C5\ D5\ C0/ D3/ A1\ @2+
8x8Trax_4782580 nisqually vs. jazzbeth : @0/ @1/ A2+ C2/ A3+ A0+ @1\ @1+ B0+ B5+ C6+ E5\ B0+ F6/
8x8Trax_4782636 TexasToest vs. jazzbeth : @0/ @1/ A2\ A0+ B3+ C3\ D2/ D1/ D0/ D0+ E3\ A1\ B0/ @4+
8x8Trax_4782837 ypercube vs. jaha : @0/ A0/ B1+ @2\ B3+ D2/ B0/ B0/ B0/ D1+ E2+ F3/ E6\ D7/ A1\ B0/ G7\ F8/ H6+
8x8Trax_4783052 TexasToest vs. Rogue Trooper : @0+ B1+ @1/ A2/ A0\ @3+ D1\ B0/
8x8Trax_4783089 dixiegal47 vs. Rogue Trooper : @0/ A0/ B1+ A3+ C2/ @3/ E3\ E4\ F2/ F1/ E0/ A2\ C1\ @4\
8x8Trax_4783104 ypercube vs. Traxplayer : @0/ @1/ A2+ C1+ B3+ D2+ C0+ A1\ @3\ @3\ C0\ A5/ @4\ G1\ G0+ F7/ A3\ @5\ B2\ F8/ E8+
8x8Trax_4783110 nisqually vs. Rogue Trooper : @0/ A0/ B1\ C1+ B2+ A3/ A4/ @1+ @3/ @3+ B4+ A1\ D0+ @2/
8x8Trax_4783115 Cypress vs. Rogue Trooper : @0+ B1+ @1+ @1+ B2\ C0/ D3+ E2+ A3+ @2+ B1\ C0+
8x8Trax_4783384 stormy rebel vs. Rogue Trooper : @0/ @1/ B0/ B0/ B0/ C1/ D1/ @4/ F3/ A0\ @1\ E0+ G3/ G7+ H6\ E0+
8x8Trax_4784658 Cheeky Cow vs. Goonerg : @0+ B1/ B2/ C1\ C2+ A0\ B0/ C1/ D2/ @3+ D0/ E1/ F1/ A1\ A0\ @3/
8x8Trax_4784735 jazzbeth vs. Azalea : @0/ @1/ B2/ A2+ @2/ D1+ C0/ D4\ E3/ A2+ C0/ E2+ D6+ @3+ D0+ @4+ F8/ @4+
8x8Trax_4785242 stormy rebel vs. jazzbeth : @0/ @1/ A2/ B3/ C2/ D3/ C1/ A3+ D1/ @3/ C0/ A1+ @3\ C0+
8x8Trax_4787614 Rogue Trooper vs. jazzbeth : @0+ B1/ @1/ D1+ B0+ B3/ A3/ B0/ @4/ A5/ E1+ E4\ F4\ D5+ B6/ B7+ E0+ A7/
8x8Trax_4791908 Rogue Trooper vs. Charlo : @0+ A0/ @2/ C2\ C3\ C4+ D2+ E3/ D4+ D5\ B5+ F3/ F1/ E0+ G3/
8x8Trax_4792052 Miss Traven vs. Sweetpea : @0/ A2+ A3/ B1/ @2\ B0\ A1\ @2\
8x8Trax_4792112 Authority vs. Traxplayer : @0/ @1/ A0/ @1/ A0/ @2/ A3/ A4/ B0/ @5/ A6/ D2/ A7/ C8+ F7+ @7+ F2+ H3/ G2+ H7\ E1/ G1+ H1\ A8+
8x8Trax_4793356 firefly vs. JiffyJeff : @0+ A2/ A0/ @2+ A1+ @2+ D3/ D4+ C5\ B5/ A4/ C6/
8x8Trax_4793630 kaanwi vs. PuggieLover : @0/ B1\ A2/ @2\ A1\ B0+ C1/ D2\ C3\
8x8Trax_4795641 Dragon101 vs. critterhug : @0/ B1+ C1/ A2/ @1+ D0\ A1\ C4/ D4\ E4/ E3/
8x8Trax_4796106 Honeybear vs. mojodanielle : @0/ A2\ B1/ B0/ @2+ C3+ D1/ E2/ @2\ F1+ C0+
8x8Trax_4797384 Miss Traven vs. Sweetpea : @0/ B1\ B2\ C2\ A2/ B3\ A3+ A4+ C3\ @4\
8x8Trax_4799596 Traxplayer vs. TallPaul : @0/ @1/ B0/ B0/ @3+ B0+ D1\ E2/ E5+ F5\ F6\ G3+ E7/ D7+ B7/ A5+ B0/
8x8Trax_4802494 Lorraine of the Renegades vs. Dragon101 : @0/ A0/ A0/ A0/ B4/ @4/ C5\ D4/ @1\ C0+ @5/ A6/ A7/ @4+ F8\ F4+
8x8Trax_4802616 jaha vs. Azalea : @0/ A2+ A3/ @3/ @3+ B1+ @1+ B4+ D4\ E2\ E0/ F3+ B1+ C1+
8x8Trax_4802621 jazzbeth vs. Rimon : @0/ A2\ B1/ B2+ A0+ @2\ @2\ C4\ E2+ B4/ D5/ @2\ F5\ E6/ G3\
8x8Trax_4803416 Miss Traven vs. Sweetpea : @0+ B1\ B0/ C1/ C0/ @3/ E1\ B4+
8x8Trax_4804951 Carroll vs. Thud : @0+ B1+ B2+ C1+ D1/ D0/ A3+ @2+ A1\ @1\ D4/ C1/
8x8Trax_4804978 ypercube vs. dgb : @0/ A0/ B1+ A3+ @1/ D2\ E2\ A3\ F2\ B0+ A5\ B6/ C5+ D4+ E5+ B7+ G5\ G6\ B8\ F2/ G2/ @6/ A7/ E6+ RESIGN
8x8Trax_4805428 Honeybear vs. Morticia : @0/ A2\ B1/ B0+ @3\ A4/ @4/ A1/ E1/ A0\ @1\ C0+ @2/ A3/ A4+ @4/ B5+ F7\ G6/ E0+
8x8Trax_4805744 Miss Traven vs. Sweetpea : @0/ B1+ B2\ B3\ C3/ C2+
8x8Trax_4806989 Miss Traven vs. Sweetpea : @0+ @1/ C1/ D1/ D0/ B0\ C4\ A2\
8x8Trax_4807338 GringoNZ vs. Authority :
8x8Trax_4808169 Miss Traven vs. Sweetpea : @0+ B1\ @1\ C0+ D2/ D1/ E1/ D0\ D0\ C1\ B2\ F4+ C0\ E6+
8x8Trax_4808833 coopaah vs. Goonerg : @0/ B1/ C1/ @1/ C0+ A3/ C0/ E2\ D5+ @2+ A1\ B0+ B7/ F1/ A7\
8x8Trax_4808894 Traxplayer vs. Rogue Trooper : @0/ A0/ @2/ @2/ A3+ @3\ B0+ C0+ @5\ F5+ E6\ F1/ @2\ F0/
8x8Trax_4810374 Cypress vs. Riika : @0+ B1\ B0/ C1+ C2+ D1+ E1\ E2\ @2+ E0\ G3\ E4+
8x8Trax_4810433 nisqually vs. Riika : @0+ @1+ B2/ A0+ C2\ C1\ A0\ A0\ @1\ A0\ @1\ E1+ F5+ D0+
8x8Trax_4811517 Miss Traven vs. Sweetpea : @0/ B1\ A2/ A3+ B2\ A4/ @4/ C3\ B5\ A6/ A7/ @6\
8x8Trax_4811537 dixiegal47 vs. Riika : @0/ @1/ B2/ B3/ C2/ D3+ C4\ C5\ D4\ D5+ E4/ @1\ B0+ D1/ B0/ E3+ F4\ B7/ C8\ G4\ A4/ H6\ E8\ H7/
8x8Trax_4811590 jazzbeth vs. TrueIndian : @0/ A2\ B1/ B0+ A0/ @1+ D2/ D0/ E3/ D4+ C5+ A1\ A0+ @2+ A4+ B6+ A1+ C0\ @2/ F2+ G2/ H3/ F1+ A7/ C8/ H6\ H7\ H8+ H1+ A5+ A1\ A8/
8x8Trax_4811785 Charlo vs. Riika : @0/ A0/ B2/ C2/ C3/ A0/ @1+ E3/ E2/ F2/ @1/ C0\ H5\ F6+ D5/ C6/ D7/
8x8Trax_4812031 TexasToest vs. Riika : @0/ @1/ B0\ A1\ @1\ @1\ C3/ C4+ E3\ F3\ D0\ F5+ E6\ D6/
8x8Trax_4813108 asmdrm vs. ypercube : @0+ @1+ A2\ A0\ @3\ B0/ C1/ C0/ D4/ A1\ @4+ B0/
8x8Trax_4813109 ypercube vs. asmdrm : @0/ B1\ B2\ B3\ A0\ @2/ B0\ D4+ E5/ B5\ E6\ F5/ B6/ D7+ A6\
8x8Trax_4813112 Jay RAA vs. ypercube : @0/ @1/ @1/ @1/ B2+ A0+ D4\ E4\ C5/ B5/ B6/ A6/ @4/ F7+ G4\ E0/ F2\ A8\
8x8Trax_4813113 ypercube vs. Jay RAA : @0/ B1\ B2\ C2\ C0+ D1/ E1+ B0\ E1\
8x8Trax_4813114 mojodanielle vs. ypercube : @0/ @1/ B0/ @1/ A2+ @1/ C0/ E3\ D4/ E1/ D0/ F2\
8x8Trax_4813115 ypercube vs. mojodanielle : @0/ B1\ B2\ C2/ A0\ @2/ D4\ E3/ D5\ E5/ E2/ D1/ F3+
8x8Trax_4813861 thebodywall vs. Traxplayer : @0+ B1+ B2/ A0\ @2/ @2\ B4/ A4/ @3/ C5+ E4+ A5/ @5+ C6/
8x8Trax_4813903 PuggieLover vs. Eriisa :
8x8Trax_4814657 csesugar vs. Honeybear : @0+ B1/ C1\ A2\ C2+ C3+ D3\ B0\ A1\ @1+ A0\ E6\ E7+ @1+ A0+
8x8Trax_4814742 dgb vs. jazzbeth : @0/ @1/ @1/ A0/ @2/ C3\ C4+ B0+ B0/ @5+ D7/ E7/ F6\ A2\ A1\ D8/ G6\ E3\ @3+ F2+ G2/ H2/ F1+
8x8Trax_4814743 jazzbeth vs. dgb : @0/ A0/ B2/ A3+ @1/ D2\ C4/ C5/ B0\ A4+ @2\ A1\ D7/ E7+ B5/ A5/ @1+ A6/ @3\ H5+ G2+ A2\ B0/ C7+ DRAW
8x8Trax_4814744 dgb vs. ypercube : @0+ @1/ C1/ B2/ B3/ C2+ B0+ D1\ C0+ E3+ B6+ F4\ F5\ RESIGN
8x8Trax_4814745 ypercube vs. dgb : @0/ A0/ B2/ A3+ @1/ D2\ C1/ A0+ B0+ D2+ E4+ F3+ C0+ @4+ RESIGN
8x8Trax_4814746 jazzbeth vs. ypercube : @0/ @1/ B2/ A2+ B0+
8x8Trax_4814747 ypercube vs. jazzbeth : @0/ @1/ B2/ C2/
8x8Trax_4817612 Rogue Trooper vs. Dragon101 : @0+ A0/ B1\ B2\ @1/ @2\ A0+ @2+ F3\ D4/ F1/ G3+ D0/
8x8Trax_4818399 Kaisa vs. Riika : @0/ @1/ A0/ A0/ @3+ A4/ B4+ A5/ @5+ @4/ F3\ A6\ B7/ F2+ C6+ E5+ D7+ C8+ A2+ @2\ @2+ A1+ B7/ B8/ A8+ H5+ H7\
8x8Trax_4818545 Miss Traven vs. Sweetpea : @0/ A2\ A0\ B3/
8x8Trax_4818804 Riika vs. JiffyJeff : @0/ @1/ @1/ @1/ C0+ C3\ C4+ D4\ E2/ @2/ @3\ B5+ F5\ RESIGN
8x8Trax_4818807 Riika vs. Lahug : @0/ A2\ B2\ B3\ @2\ @1\ B0+ B0\ A2\ @2\ A1\ @3/ A4+ A5\ C4+ E6/ D6/ G6\ E7+ @2\ F8+
8x8Trax_4820204 golfnutrof vs. Authority : @0/ A0/ @2/ @1+ C0/ D1/ D0/ @4\ A1/ A5/ @4\ F5+ B6+ G4+
8x8Trax_4820393 Traxplayer vs. Riika : @0/ @1/ @1/ @1/ B0/ @1+ C0/ C0+ D2\ E5+ B0+ @4/ @5\ @4/ H7/ C6+ F8+ D8+ B3+ DRAW
8x8Trax_4821338 Miss Traven vs. Sweetpea : @0/ A2+ A3/ @2+ @2/ B4/ A4/ @3/
8x8Trax_4821482 Christine vs. Miss Traven : @0+ B1/ B2\ C1\
8x8Trax_4822203 Miss Traven vs. Sweetpea : @0/ B1\ C1/ B2/
8x8Trax_4822548 Blacklace* vs. DarkHoney : @0/ A2\ A0\ B2\
8x8Trax_4822970 Miss Traven vs. Sweetpea : @0+ @1\ C1\ D1\ B2\ C2\ C3\ E1/ B0/ D4\ D5\ F4\ G3\ G4\ A4/ @2\ D6/ C6/ C7/ B5/
8x8Trax_4823906 JiffyJeff vs. GringoNZ : @0/
8x8Trax_4824124 Traxplayer vs. Authority : @0/ @1/ B0+ A3\ @2\ @2\ C4\ A1/ E1\ C0/ C0\ F3\ E2+ D1+ D5+ G4+ D0/ F2+ G1\ H4+ C8/ B8+ F7+ F8/ B6+ DRAW
8x8Trax_4824144 Karlos vs. Riika : @0/ A0/ @2/ A0+ B0/ @3+
8x8Trax_4824221 kaanwi vs. Riika : @0/ @1/ B2\ C1\
8x8Trax_4825745 Miss Traven vs. Sweetpea : @0/ B1+ A0\ @2/ A3/ @2\ @2\ B1/
8x8Trax_4826073 Miss Traven vs. Sweetpea : @0+ B1/ B2\ C1/ C0/ @2\ D0/ E1/ D0/ E1+ F1\ D0/
8x8Trax_4826841 Kaisa vs. Riika : @0/ @1/ A0/ A0+ B1/ @3/ D1/ E1/ A4+ E0/ F2+ @3+ @2/ B1+ D0+ B1+ D0+ B7/ A6+ G1+ B8/ F7+ F8+ G8\ G6+ H7+ C1+ B1+ H2/ A2+ A1+ A7/ H1+ A8/
8x8Trax_4826845 Kaisa vs. Riika : @0/ @1/ A0/ A3+ @3/ @3/ B4\ @3\ C2+ @3\ B4+ F4+ G3\ H3\ H4\ F5/ G6+ G7/ D5+ E6+ E8/ D8/ C6+ G1+ A2/ B1\
8x8Trax_4828019 Charlo vs. kaanwi : @0/ B1\ A2/ B2+ C2\ C3\ D3\ B4/ D1/ C0/ E3/
8x8Trax_4829948 Miss Traven vs. Sweetpea : @0/ B1\ B2\ @1/ B2/ C3\ D3\ A0\ D5/ @2\
8x8Trax_4829999 Miss Traven vs. Sweetpea : @0/ A2+ @2/ C2+ C3\ @2+ E2\ @2\ C3\ B1+
8x8Trax_4831053 Miss Traven vs. Sweetpea : @0/ B1\ B2\ @1/ A2/ C3\ D3\ A0\ @3\ A2\
8x8Trax_4835629 PuggieLover vs. DINGEROO :
8x8Trax_4835741 TallPaul vs. Rogue Trooper : @0+ B1+ B2\ @1+ C3\ B0/ D2/ D0+ E2+ E3\ E5\ E6\ F4+ G6\ E7\ G2/ E0/ H5+
8x8Trax_4836011 firefly vs. JiffyJeff : @0/ B1/ @1/ D1/ D0/ D0+ E2/ A4/ @1+ C0/ D1/ E0\ F2+ D0/ C8+ @4+ A6+ H4+
8x8Trax_4836012 JiffyJeff vs. firefly : @0/ @1+ B2/ A0\ C2/ @1\ C0/ C0/ @3\ B5+ E1/ F2/ D0+
8x8Trax_4836514 Miss Traven vs. Sweetpea : @0/ B1\ B2\ @1/ A2/ C3\ D1/ D0/ E1/ E0/ @4\ B2\ G1/ A3\
8x8Trax_4836996 ypercube vs. Traxplayer : @0/ @1/ B2/ C2/ B3/ D3/ B0/ C1/ A4/ D1+ B0+ @1+ C0/ F3+ E7+ F4+ E2+ RESIGN
8x8Trax_4837441 JiffyJeff vs. Dragon101 : @0/ A0/ @1/ A2/ @2\ D1+ B3/ @3/ A4/ C4+ A5/ F3+ @2/ H2/ G1+ A4+ E5/ E6/ H3+ E0/ C2+ H2+ H1/ E0/ B8+ A8/ B2/ DRAW
8x8Trax_4837571 GringoNZ vs. thebodywall :
8x8Trax_4837990 Miss Traven vs. Sweetpea : @0/ B1\ B2\ A0/ @2/ D1+ A3+ B4/ C4\ B5\
8x8Trax_4838867 Azalea vs. Traxplayer : @0/ @1+ @1+ @1/ A2/ A3+ @2+ @1+ A2+ F0\ E1\ F3\ G2/ D5/
8x8Trax_4838891 jaha vs. golfnutrof : @0/ A2\ B2\ B3+ A4\ C2\ D2\ C4+ E4+ C1+ A5/ @3+ E5+ C5\
8x8Trax_4839634 funtobewith11 vs. JonathanT : @0/ B1\ B2\ A2+ B3/ @1/ C0\ D1/ D0/ @4/ C5/ A3+ C6\ F1+ D6+ E0/ E7/ E8\ F7+ G5+ B2/ C2+ A6/ A7/ D8/ @4\
8x8Trax_4842444 Jay RAA vs. ypercube : @0/ @1/ A2\ @2/ A3/ @3/ B4\ C3+ A5/ @5/ C6\ D4\ @5/ C1\ B1/
8x8Trax_4842445 ypercube vs. Jay RAA :
8x8Trax_4842450 dreamflight vs. ypercube : @0/
8x8Trax_4842451 ypercube vs. dreamflight :
8x8Trax_4842454 millie31 vs. ypercube : @0+ A0+ A0/ @1\ @1/ C0\
8x8Trax_4842455 ypercube vs. millie31 :
8x8Trax_4842456 Hoosierenvy vs. ypercube : @0/
8x8Trax_4842457 ypercube vs. Hoosierenvy :
8x8Trax_4844245 Rogue Trooper vs. Carroll : @0+ B1+ A0/ B3+ @1/ A3\ D2\ E2\ D1+ E4\ F4\ B4+ E5+ G4\ C5/ D6\ E0/ G4/ H5/
8x8Trax_4844422 TallPaul vs. Dragon101 : @0/ A0/ @2+ B0+ B4/ @4\ A1/ D4+ B0/ @3+ C6\ D7/ F5/
8x8Trax_4845248 putterer vs. Sista : @0/ A2+ A0\ @2/ @2/ C4\ D2/ C0\ B2+ E4\ @3\ F5+ G4+ F6/ A2+ C5+ A1\ D6+
8x8Trax_4846148 Riika vs. Uncle Chuckie : @0/ B1\ B2\ C2\ A0/ B4+ A4/ A5/ @2+ C6\ D6\ E3\ A0\ @3\ F1+ G5/ H3+
8x8Trax_4846424 Authority vs. jaha : @0/ @1/ C1/ D1/ B2+ A0+ B0+ E2+ E0+ E5+ E6\ F6\ C7+ F1+ F0/ G6/ G5/ G1+ H4+ H6+ H8+ B2+ B1\ A1\ B8/ H1+
8x8Trax_4851989 JiffyJeff vs. Riika : @0/ @1/ A2+ C2/ A3+ B3+ A4+ C1+ B0+ D3/ @4/ C0\ A1+ @6\ C7+ A7/ C8+
8x8Trax_4852930 Riika vs. angle : @0/
8x8Trax_4853679 Traxplayer vs. golfnutrof : @0/ @1/ B0/ @1/ C0+ C0\ @2+ C0/ E4+ A0\ @1\ C0+ B0/ E2/ RESIGN
8x8Trax_4853728 Nirvana vs. PuggieLover : @0+
8x8Trax_4854428 Riika vs. Shreela : @0/ @1/ @1/ B0+ D2/ B3+ A0/ C1+ @4\ C5\ E6\ F4+ @1+ A0\ A0+ @3+ D7+ A4+ E2+ A6+ D8/ H8\ F1/ DRAW
8x8Trax_4854652 Miss Traven vs. Sweetpea : @0+ B1+ A0/ A3/ @3/ C3\ A4\ C4/
8x8Trax_4855165 Dragon101 vs. Jay RAA : @0/ B1\ A2/ A3/ @3+ @1\ C0+ C5\ D4/ E3\ E5+ E6\ F4/ F7/ F2/ G2\
8x8Trax_4858941 jazzbeth vs. Traxplayer : @0/ @1/ B2/ C2/ C3/ B0\ @2/ E4/ E5/ F5/ F6/ G6/ G7/ F4+ G4+ H6+ D2/ H4+ G3/ C0\ A4/ E1+ G3/ F2\ F3+ B2+ D6+ C5+
8x8Trax_4860326 Riika vs. Kaisa : @0+ A2/ A3/ B2/ @3/ C0\ B0/ A2+ A6+ D3+ @1/ E0/ F2+ D0\ C2+ F1/ G3+ A1\ F5+ E6+
8x8Trax_4860343 Kaisa vs. Riika : @0/ A0+ B2+ B1/ A0\ @1\ @1+ B0/ A5/ E4\ @4/
8x8Trax_4861527 putterer vs. Sista : @0/ A2+ @2\ B3\ C2/ B0\ B5/ A5/ @2/ @3+ B6\ @4/ B2\ C1+ A5/ A2\ @3+ C1+
8x8Trax_4862629 Charlo vs. Judy : @0/ A2\ B1/ @1+ B3/ A3/ A4/ @2\ D4\ A5/ D5/
8x8Trax_4862655 kidgame2001 vs. Goonerg : @0/ B1\ A2/ A0/ B3\ A4/ @3+ B0/ D3\ D0/ E1/ A1\ @1\ C0/
8x8Trax_4866916 Traxplayer vs. JiffyJeff : @0/ @1/ A2+ @2+ B0/ D2+ C4/ D1/ E1/ RESIGN
8x8Trax_4866917 Authority vs. Dragon101 : @0/ A0/ B2/ B1/ @1+ C0/ D1/ D0/ E1/ B0+ @5\ F0/ G3/ B7+ A4+ E0+
8x8Trax_4867316 JonathanT vs. Sweetpea : @0/ B1\ A2/ @2+ B0+ @1/ A3+ A0+ B0\ D3+ D2/ E4\ F4+ F5\ F1/ G1/ D0/
8x8Trax_4867343 JonathanT vs. mccartney100 : @0/ B1\ B2\ C2+ B0+ D3+ D2+ E1/ C0+ C0/ E4\ F3/ D0\ B3\ F3+ A1\ C0+ A4/ @2+ G3+ H4\ G2/ G1/ A6+ A7/ D8/ E8+ H2+ E1+
8x8Trax_4867437 JiffyJeff vs. JonathanT : @0/ A0/ A3/ @3/ A4\ @4\ D1/ @3/ B0+ @4/ E0+ D0/ A2\ @4+ E8+
8x8Trax_4867438 JonathanT vs. JiffyJeff : @0/ @1/ B2/ B3/ C2/ A2+ A0+ B5/ A0/ @6\ E5+ E7+ B7+ A4\ D2/ @5+ @4/ A3+ A6/ @3+
8x8Trax_4867629 jamestownfan vs. JonathanT : @0/ A0/ A3\ B3\ B1\ @3\ B4+ @3+ @3+ F2/ D5/ F4+ B2\ G3+ E5+ E6/ D6+ C6/ A5\ A1+ C7/ A6+ @6/ A7/ D0/ A4/ F1/ G1/
8x8Trax_4867630 JonathanT vs. jamestownfan : @0/ B1\ A2/ @2+ @2\ D2+ C0+ C0\ @1\ B0/ @3+ B5+ F3/ G4\ H5/ E1\ A1+ E0\ G4+ D7/ C8/ F7\ E8\ B8+ A8/ G3+
8x8Trax_4868628 PuggieLover vs. kaanwi :
8x8Trax_4870168 GringoNZ vs. JiffyJeff :
8x8Trax_4871393 jazzbeth vs. JiffyJeff : @0/ @1/ B2/ B0\ A3/ C2/ @3/ C0+ A2\ @1/ F2\ E5+ G1/ G0/ E7/ A5/ @5+ D1+ F1+
8x8Trax_4872167 Authority vs. JonathanT : @0/ A0/ @1/ @1/ D1/ B2/ B3/ A2/ D4+ E2/ F2+ F1/ B5/ F5\ D6+
8x8Trax_4872168 JonathanT vs. Authority : @0/ @1/ A2/ B3+ C3\ D3+ B4+ D0/ RESIGN
8x8Trax_4874926 Miss Traven vs. Sweetpea : @0+ @1\ @1/ A2/ @2/ E1/ C2+ D0+
8x8Trax_4876401 Rogue Trooper vs. Traxplayer : @0+ B1+ A0/ A3/ @3/ @3+ B1+ C4\ D4\ C5/ E3/ @2/ F1+ A0\ @3+ E7+ @2\ E7+ B1\
8x8Trax_4882270 Carroll vs. golfnutrof : @0+ A2+ A3+ @3\ C2/ A1+ B0+ B5/ @5+ @4\
8x8Trax_4882414 Charlo vs. Traxplayer : @0/ @1/ A2+ C1+ B0/ B4\ D2/ E1\ D3+ B0+ @4/ D5+ E6/ E7/ E8/ E1+ B5+ F5+ G3/ C6+ H4+ H6+ DRAW
8x8Trax_4882519 Riika vs. TallPaul : @0/ A0/ A3/ B1\ C1\ B2+ A4/ D1\ @3+
8x8Trax_4884529 Miss Traven vs. LyndiLoo : @0/ B1\ C1/ A2\
8x8Trax_4885606 leewisdomjr vs. PuggieLover : @0+
8x8Trax_4886965 Dragon101 vs. Rimon : @0/ B1\ A2/ @2+ @1/ A0+ @2+ D0/ E1/ F3\ F4\ D5/ G3+
8x8Trax_4889130 TallPaul vs. Rogue Trooper : @0/ B1/ A0+ A0/ @3/ A4+ @2\ A1\ C0/ @4+ B5/ B6/ A6/ @6/ A7/ @7/ E8\ H2+
8x8Trax_4891346 Riika vs. GringoNZ : @0/
8x8Trax_4891924 ypercube vs. thebodywall : @0/ B1+ C1/ C0/ C0+ A4/ A1\ RESIGN
8x8Trax_4896197 Rogue Trooper vs. Traxplayer : @0+ B1+ A0/ A3/ @3/ @3+ B1+ @3+ D4+ E3\ F3\ F4\ D5/ G3+ @3+
8x8Trax_4898639 ypercube vs. Riika : @0/ B1+ B2/ B3/ C1/ C2+ C4/ A3/ D1/ E1+ B0\ @1+ @2+ @4+ B5/ A5+ C6\ D6+ F6\ G6\ G7\ A6+ D8/
8x8Trax_4899756 Rogue Trooper vs. jazzbeth : @0+ B1+ A0/ A3/ @3/ @3/ C0+ B5+ B2+ @4\ F3/ F4/ C0/ B2+ A1/ C0\ A1\ @2+ C0+ F4/ A1\ @1+ B7+ A5+ F1+ H3/ H2/ A7+ H8/ C8/ A8+ H1/
8x8Trax_4899760 Azalea vs. Dragon101 : @0/ A0/ B1+ C1\ C3+ @3\ A4+ @2+ C5/ E5\ D6\
8x8Trax_4899884 TallPaul vs. Traxplayer : @0/ @1/ A2/ B3+ C1/ C0/ D4+ B5/ A6\ A0+ @1\ @4/ A5+ A7/ A8+ @6+ F7\ E8/ @5/ A4+ H7\ H8\
8x8Trax_4900909 LyndiLoo vs. Linda Sue : @0+ B1/ C1\ B2/ B0/ @2+ D3+ E3/ E4\ F4\ D4+ C5\ D0+ @3/ F0/ G1/ G4\ H5\
8x8Trax_4900910 Linda Sue vs. LyndiLoo : @0+ @1/ C1/ C0/ D2/ D1+ B3\ D0/ E1/ B1\ D0/ A3\
8x8Trax_4900912 Linda Sue vs. LifeScape : @0+ @1\ B2/ A0/ @1/ A0\ @1\ D2+ E2/ C0/ D1/ E0/ F1/ C7\ B1\ D0\ A5/ @4\ F1+ D1+ F8\ G8\ H1\ H6/ G4+ B2\
8x8Trax_4900913 LifeScape vs. Linda Sue : @0+ B1/ B0/ @2\ C0+ D2/
8x8Trax_4902643 JiffyJeff vs. Dragon101 : @0/ A0/ A0/ A0/ A5/ B3+ @5/ D5\ C6+ D1/ RESIGN
8x8Trax_4902819 thebodywall vs. Authority : @0+ @1+ B0\ B3\ C2+ D2+ @1/ A0+ A0\ @3/ @3/ A5+ A0\ D7+
8x8Trax_4907617 JiffyJeff vs. Linda Sue : @0/ A2+ B1\ B2+ A3/ B0+ C3/ @3/ A4+ A5\ D4/ E3/ E5/ D5/ B6/ @4\ F6\ G6\ D7+
8x8Trax_4911921 ypercube vs. Traxplayer : @0/ @1/ B2/ C1+ B0/ @2+ D4/ E3+ B3+ B4/ C0/ D6\ D7\ A5+ @5\ @5\ E6+ H5\ F8+
8x8Trax_4912126 Marko vs. Tattoo42008 : @0+ @1/ B0\ B0/ C2\ @2\ A1\ B0\ @4/
8x8Trax_4912127 Tattoo42008 vs. Marko : @0+ A0+ A0/ B2\ @3/ B0\ A3\ @3\
8x8Trax_4912232 Rogue Trooper vs. Azalea : @0+ @1+ A2\ B0/ C1/ D1+ B0+ A1\ @2+ E4\ D5/
8x8Trax_4912234 jazzbeth vs. Dragon101 : @0/ A0/ B2/ B1/ @1/ @1/ D0+ B0+ E2/ E3+ D1+ C0+ @4/ C5+ D6/ B6+ @4+ H5/ E7+ C7/ B8/ D8+
8x8Trax_4913365 Sweetpea vs. Miss Traven : @0/ A2\ B2\ B3\ A0\ @4/ A2\
8x8Trax_4914035 Miss Traven vs. Sweetpea : @0/ A2\ A0\ B3/
8x8Trax_4915083 Uncle Chuckie vs. Charlo : @0/ A0/ B1/ @1\ B0/ B4/ B0\ A1\ D5+ A6\ A0\ @1\ @2+ E1+ C0\ F2/ @3\ A1\ @2/ D6+ C5/ B5/ B7\ A6+ H4/ A8/ A1\
8x8Trax_4915332 JiffyJeff vs. JonathanT : @0/ @1/ C1/ D1/ D0+ B3/ D0+ C1+ D0+ A1\ @3/ @2+ A1\ A4+ G3/ H3/ F0+ E1+ G1/ B6+ D7/ D0/ B8+ G1+ H1/
8x8Trax_4915333 JonathanT vs. JiffyJeff : @0/ @1/ B2+ C1/ C3/ C4/ A3+ @1/ @3\ D5+ F1/ C0+ G5\ G6\ H4+ A2/ H1\ C0+ D8/ B8+
8x8Trax_4915781 JiffyJeff vs. *Leo The Lion : @0/ A0/ A0/ @2+ B4/ C2+ @3/ E2\ C0+ B0/ A1+ @2+ D7+ @5/ E8+
8x8Trax_4915782 *Leo The Lion vs. JiffyJeff : @0/ @1/ A2+ C1+ B0/ B4\ D3/ D4+ B5+ A5/ @5+ A6+ A1\ RESIGN
8x8Trax_4916203 Elvis vs. JonathanT : @0+ @1+ A2\ A0\ A4\ A5\ B1/ A0/
8x8Trax_4916204 JonathanT vs. Elvis : @0/ A2\ B1/ B2+ C2+ B3/ B4/ B0/ D3\ D2+ C4+ @1\ B0/ A1+ @2+ G2/ E1+ B4+ A5+ G3+ H2+ G1+ E0\
8x8Trax_4916274 LyndiLoo vs. JonathanT : @0+ @1\ A2/ @2/ C0/ B0/ C4+ A1\ C5\ @3+
8x8Trax_4916275 JonathanT vs. LyndiLoo : @0/ A2\ B1/ B0+ @2+ B0+ D2+ @1\ A0\ A4/ @2+ F2\ E1/ B0\ G3+ E6+ H3+
8x8Trax_4917398 Rogue Trooper vs. Lorraine of the Renegades : @0+ @1\ A0/ B1+ C1/ A0/ @2/ B4/ D0/ E2\ A1\ @2/ C0/
8x8Trax_4918181 marlisam vs. JonathanT : @0/ @1/ A2/ C1/ D1/ E1/ F2+ C3+ @3/ C4\ F0/ A1+ @3\ C0+
8x8Trax_4918182 JonathanT vs. marlisam : @0/ B1\ B2\ C2/ C1+ D1\ E2/ D0\ D0/ A4+ E5+ C1\ D0/ F3/ E2+ F2/ E7/ F7\ E8/ G1/ B2+ B1\ A1\ @4/ C6+ A3+ H3+ H7+ G6+
8x8Trax_4918938 dgb vs. Authority : @0+ @1+ @1/ C0/ C0/ D1/ D0/ D0/ B6+ E1\ E4+ D6\ F3\ D0/ A5\ @6/ B8+ A3+ H5\ H6\ H7\ E8/ H2\ D8+ H3+
8x8Trax_4918939 Authority vs. dgb : @0/ A0/ @1/ B0+ @2/ D2\ E2\ B3+ B4/ B5/ B6/ A0/ C1/ @5+ @5/ E7+ F6\ C0/ B1+ F1\
8x8Trax_4918942 dgb vs. ypercube : @0/ @1/ @1/ B0/ A3/ C4/ D2+ B4/ B5/ C1+ E2\ B6/ A6/ A7/ @4+ A0+ @4+ @3\ G2+ A2+ B8+ A4/ H2+ G1+ DRAW
8x8Trax_4918943 ypercube vs. dgb : @0/ A0/ B2/ A3+ C3/ B4/ D4/ B5/ @2+ E6\ F5/ D7+ C8\ B8+ A4\ C1/ RESIGN
8x8Trax_4918946 Authority vs. volvath : @0/ B1\ A2/ B2+ @1+ C3\ C4\ D3+
8x8Trax_4918947 volvath vs. Authority : @0+ @1+ A2\ B0/ A1+ C2\ D3\ B4/ @2+ E1/ F3\ D0/
8x8Trax_4918948 Authority vs. ypercube : @0/ @1/ C1/ @1/ B0\ B0+ C0+ @4/ D5\ F3\ F5/ A3\ @5\ H1/ F0+ C2+ C1/ A3+
8x8Trax_4918949 ypercube vs. Authority : @0/ @1/ C1/ D1/ C0+ A3/ @3/ D4+ A5+ C6/ @1+ D0+ @4/ B6\ H3/ C7/ A7/
8x8Trax_4918950 Authority vs. butterfly : @0/ A2\ B2\ B3\ B1/ C2+ A0+
8x8Trax_4918951 butterfly vs. Authority : @0+ B1+ B2/ B0/ C1/ D1+ A1+ C0/
8x8Trax_4918952 volvath vs. ypercube : @0+ @1\ B2/ C1/ B0\ @3/ E2\ A4\
8x8Trax_4918953 ypercube vs. volvath : @0/ B1\ B2\ A2+ @2/ @2\ C3+
8x8Trax_4918956 ypercube vs. butterfly : @0+ B1\ @1+ @1/ D0/
8x8Trax_4918957 butterfly vs. ypercube : @0+ A0+ A3\ A0+ A0/ B4\
8x8Trax_4927846 Rimon vs. jazzbeth : @0/ @1/ B0+ A3\ C2/ A0/ C4\ D3/ C1+ C0/ @2+ D0+ B2+ E1+ F1/ G2+ F0+ G6\ B1\ F7/
8x8Trax_4927893 Authority vs. JiffyJeff : @0/ @1/ A0/ A3\ A4\ A5\ C2/ B5+ B6\ C6+ @4+ RESIGN
8x8Trax_4929527 LyndiLoo vs. Traxplayer : @0+ B1+ A0/ A3/ @3\ B4\ C4\ C5\ D5\ A5/ @5/ C6/
8x8Trax_4929528 Traxplayer vs. LyndiLoo : @0/ A2\ B2\ B3+ @2+ A1+ C4/ @4/ C5+ A2\ @2\ A3+ F4\ F5\ E6/ @2+ H5+
8x8Trax_4929531 volvath vs. Traxplayer : @0+ B1+ A2\ A0\ B1+ @2+ A3+ B4+ C4+ B0+ D5/ @2\ B1+ D6/ C7/ B7/ A6+
8x8Trax_4929532 Traxplayer vs. volvath : @0/ A0+ @2+ C1\ B3\ A3+ D2\ D3\ C4\ A4\ B5+ D5+ E3\
8x8Trax_4929533 Sweetpea vs. Traxplayer : @0+ B1+ B2/ A0\ A4+ @2+ D3/ E2\ C4\ E1/ A4/ F1\
8x8Trax_4929534 Traxplayer vs. Sweetpea : @0/ B1+ C1/ C2+ B2+ C0/ D1/ D0/ E4+ F2/ A1\ G3\ A0/
8x8Trax_4929537 Rembrandt (aka Shaffyre) vs. *Leo The Lion : @0+ B1/ A2\ A0\ @1+ A0/
8x8Trax_4929538 *Leo The Lion vs. Rembrandt (aka Shaffyre) : @0/ B1\ A2/ B2+ @2\ A1+ @1\ C0/ @2\ B3+ @2+ A1+ E4/ @2\ B4/ E0+ D6/
8x8Trax_4929539 Rembrandt (aka Shaffyre) vs. ypercube : @0/ @1/ B2/ @1/ A2/ C3+ D2\ E2\ E3\ D4\ B4+ A0+ D1+ @2+
8x8Trax_4929540 ypercube vs. Rembrandt (aka Shaffyre) : @0+ @1/ B2/ B0/ B0/ A2+ @3/ @2/ B1+ A0/ D0+ C0+ A6/ @4\ B2+ @5/ G3+ G5\ @4\ B3/ C1\ C0\ A4+ F1/ B3+ G1\
8x8Trax_4929541 dgb vs. *Leo The Lion : @0+ @1+ @1\ A0\ B0\ B4\ C5/ A4+ D4\ @5/ C6+ @5/ B3+ G4+ @5+ B4\ H5\ H6\ F7+ E8/ D8/ C6+ B7+ A8\ G3+ C1+ DRAW
8x8Trax_4929542 *Leo The Lion vs. dgb : @0/ @1/ @1/ B0+ A3+ @2\ B4/ C4+ C0/ C0/ B2+ B0+ A1\ A0\ @1\ F3/ E2+ E1/ F1/ B8/ A8+ G3+
8x8Trax_4929543 dgb vs. ypercube : @0+ @1/ C1/ C2/ D1/ RESIGN
8x8Trax_4929544 ypercube vs. dgb : @0+ B1+ A2+ @1+ C2\ @1+ C3\ B0/ B0/ B0/ B0/ E6\ A1\ C8/ B7\ @2+ E1+ G4/ RESIGN
8x8Trax_4929545 *Leo The Lion vs. ypercube : @0/ @1/ A2+ C1+ B0/ C4\ D4\ @2+ E2/ F1\ D5+ E6/ F5+ B4+ C6+ @2\ D0/ H5/ B7/ B0+ A7\ A6+ H5+ H3+ DRAW
8x8Trax_4929546 ypercube vs. *Leo The Lion : @0+ @1+ A2+ @1+ C0/ @2+ A1+ @2+ B3/ E0\ D1\ B5/ C6+ D6\ E6+ F2/ E7/
8x8Trax_4930894 GringoNZ vs. thebodywall :
8x8Trax_4933414 Dragon101 vs. TrueIndian : @0/ B1\ A2/ @2+ @1/ A0+ @2+ D4/ E3+ E5+ F4+ F3/ D0+ F2+ G2/ G1/ G0+ @4+ F0\ E1\ A6/ A7/ B8+ C3\ B2/ A3+ B1+ H7\ H1/
8x8Trax_4934524 golfnutrof vs. jaha : @0/ @1/ B0/ A0+ @3/ D1\ C0\ E3+ A5+ @3+ B1+ F1+ F0/ G4+ F0/ G1/ H5/ D0\ C3+ H3+
8x8Trax_4934665 TallPaul vs. Carroll : @0/
8x8Trax_4935747 Azalea vs. jazzbeth : @0/ @1/ A2/ C2/ C1+ B3\ C3+ C4/ D3\ @4/ B5+ A1\ E5\ @2/
8x8Trax_4937411 dgb vs. Traxplayer : @0/ @1/ @1/ B0+ @1/ B0+ B4+ A3+ @3/ RESIGN
8x8Trax_4937412 Traxplayer vs. dgb : @0/ A0/ @2+ B0+ @2/ D2\ C4/ C5/ @3\ A0\ @3+ E7\ F7\ C0+ B6+ E2+ F7+ G6\
8x8Trax_4938242 Sista vs. sweeteyes : @0+ B1/ B2\ C2\ @1/ B2/ C3\ D1/ E2\ B0+ E2/ F2/ C0+ F4\ G3+ B1+ E5+ C0\ D1+ G2+ G5\ H5\ A5+ D0+ F1/ G1+ E0+ H2/
8x8Trax_4938572 Sista vs. putterer : @0+ B1+ B2/ B0/ A1\ A0/
8x8Trax_4941142 DavidJ vs. Dr Gideon Fell : @0/ A2+ @1\ C1\ B0\
8x8Trax_4942072 * vs. JiffyJeff : @0/ @1/ B0+ A0/ C2\ D3/ C1+ E2+ C0+ B0/ @5+ A6/ A2\ @4/ B7/ F1/ H2+ E0/
8x8Trax_4942073 JiffyJeff vs. * : @0/ B1\ A2/ @2+ B0+ A0/ @1+ C5/ D5+ E4\ F3\ E6/ F6+ E2\ E1+ G5+ D0/ H6+
8x8Trax_4942164 * vs. LyndiLoo : @0/ A2+ @1\ B0+ A1+ A0\ C3/ C5\ D3+ A4/ @2/ C1/ C0/ B1+ E1/ E0/ F6\ F7\ F5+ F8\ G8\ A6/ @6\
8x8Trax_4942165 LyndiLoo vs. * : @0+ A0+ A3+ @2/ C3\ B4/ @3\ C5/ D2/ E3+ E1/ A1\ F2\
8x8Trax_4942187 * vs. wldndn : @0/ A0/ A0/ A0\ @2\
8x8Trax_4942188 wldndn vs. * : @0/ A2\ B1/ B0+ A0\ @1/
8x8Trax_4942267 DavidJ vs. thebodywall : @0/ B1\ A2/ B2+ B3+ C3\ @1\ A0\ C5/ A4+ @2\ B6/ A6\
8x8Trax_4942451 Goonerg vs. Gypsy : @0/ B1+ C1/ A2/ B0+
8x8Trax_4942452 Rogue Trooper vs. thebodywall : @0+ B1+ A0/ A3/ @3/ D2+ B4+ C4+ B5/ @3+ B1+ F3\ F4\ G4\ G5\ C6/ @2/ B6/ D7/ F1/ F8+ G1\ A7+ DRAW
8x8Trax_4942453 Dragon101 vs. thebodywall : @0/ A2+ B1/ B0+ @3\ D3\ C4/ D4+ @2/ B4+ @3\ E0+ A1\ @1\ F6/ F7+ E0+ H4/ H3/ C7+ A7+ H8+ A8\ B8\ DRAW
8x8Trax_4942454 Charlo vs. Dr Gideon Fell : @0/ @1/ C1/ @1/ A0\ @2+ E0+ A2\ D0+ E1/ F2+
8x8Trax_4942455 Riika vs. Dr Gideon Fell : @0/ A2+ A3/ @3/ C3/ D2/ A4+ @3/
8x8Trax_4942456 ypercube vs. Gypsyfire : @0/ B1\ B2\ A2+ @2/ A3/ @3/ B4/ A1\ C0/ @3\
8x8Trax_4942457 jazzbeth vs. volvath : @0/ B1\ A2/ C1\ C2+ B3\ D2/ A3/ C4/ @2\ E4\ F3\ E5/
8x8Trax_4942458 Authority vs. LyndiLoo : @0/ B1\ A2/ B2+ @1+ A0/ @2\ C1/ @2\ E4\ A3/ @1/ D4/
8x8Trax_4942459 Traxplayer vs. DavidJ : @0/ A2\ B2\ B3\ C2/ C1/ B0+ A5/ @3+ B1+ B0\ A1\ B7+ C8/ D8+ E5\
8x8Trax_4942606 Rogue Trooper vs. Azalea : @0+ @1+ A0/ B3\ C3\ B4/ A4/ @2+ B5+ A4\ E5\ D6/ E2/ D1/
8x8Trax_4942662 DavidJ vs. Gypsy : @0/ B1\ A2/ @2+ A3+ @1\ B0+ A1+ A0\ D2+ D1/ @2/ F2+
8x8Trax_4942720 * vs. chas : @0/ @1/ C1/ B2/ C3+ A2/ D2+
8x8Trax_4942721 chas vs. * : @0+ A0+ B2/ @2\
8x8Trax_4942767 ypercube vs. Dragon101 : @0/ A0/ B2/ B1/ A0/ A0/ C4\ A5+ C2/ @5\ E2\
8x8Trax_4942773 Riika vs. jazzbeth : @0/ @1/ C1/ A2/ D2+ A3+ E2/ C0/ C5+ A0+ E6\ @2+
8x8Trax_4942792 * vs. ypercube : @0/ @1/ B2/ @1/ D2\ D3\ D0/ E3+ F2\ D5/ C5/ C6/ B4\ E6\ E1+ F4\
8x8Trax_4942805 ypercube vs. Authority : @0/ @1/ C1/ D1/ C2/ D3/ E3+ D0/ @1\ B0/ E6+ D6/ C6+ F7/ G7\ F8/ A5/ @4/ C6/
8x8Trax_4942920 * vs. AngelEyes517 : @0/ A2\ B1/ B2+ B3\ B0/ C3+
8x8Trax_4942921 AngelEyes517 vs. * : @0/ B1\ A0+ B3/
8x8Trax_4943284 * vs. ypercube : @0+ @1+ B2/ A0\ B4/ @2/ D4\ D5\ @2/ F3+ F2/ F1+ E0/ G3/
8x8Trax_4944124 ypercube vs. * : @0+ A0\ A3/ @3/ A4/ @1+ D2/ D3+ E3+ C0\ @4+ F1/ G4/ F0\
8x8Trax_4944176 ypercube vs. Traxplayer : @0/ @1+ @1+ C0/ D1+ B0/ E2+ D4/ D1/ A2+ @3+ C0/ C5\ B0\ RESIGN
8x8Trax_4944758 toni66 vs. ypercube : @0+ @1+ B0\ A3/ B3+ C3\ B4/ @3\ D2+ A4/ C5\ @4\
8x8Trax_4944997 ypercube vs. * : @0+ A0\ A3/ @1\ A0\ @4+ @3+ C0\ B6/ A6/ @1+ A0\ A7+ E1/ B8/
8x8Trax_4944998 * vs. ypercube : @0/ A0/ @2+ C1+ A0\ @1\ C0/ D1/ E3/ A4/ @4/ @4+ A5/ A1\ E0+ @2/
8x8Trax_4945854 siavash vs. ypercube : @0/ A0/ A3+ A4\ A5\ B3+
8x8Trax_4946126 TallPaul vs. ypercube : @0/ @1/ A2+ @2+ C0+ D2+ B4+ E2+ C4+ C0\ E2/ F2/ E5\ D6/ F6+ G5+ H5\ H3+
8x8Trax_4946249 * vs. riaZZZ : @0/ A2\ B2+ B1+ C1/ A3+ A4/ @2\ @4+ D4\ D5\ E3+ F3\ @3/ B5+ E6\ H4/ B6/ D7+ E0\ A7/ A8/ H3+ G2/ H8\ H1/ B1+ A2\
8x8Trax_4946366 jaha vs. dgb : @0/ @1/ A0/ @2+ B3+ @2+ B0/ B0/ A2+ E5+ E3/ F3/ G3+ H3\ F5+ F2+ RESIGN
8x8Trax_4946371 Charlo vs. jazzbeth : @0/ @1/ C1/ C2/ D2/ A2/ A0/ D2/ E2+ E4+ F2/ C5+ B1+ F1/ F0/ G1/ H2+ H4+
8x8Trax_4946379 golfnutrof vs. Traxplayer : @0/ @1/ B2/ C1/ D1/ D3+ E3\ E4\ F1/ G2+
8x8Trax_4947391 AngelEyes517 vs. ypercube : @0/ @1/ A2/ B3+ A4/ C2+
8x8Trax_4950614 Carroll vs. Goonerg : @0+ A0/ B1+ A0/ @1+ @1/ B3+ A0/ @1\ A0\ A5/ @3/
8x8Trax_4950615 Goonerg vs. JiffyJeff : @0/ A0/ B2/ C2/ C3/ D3/ B1+ B3/ @2/ A3/ @3/ C4\ C0/ @3+ D6+ E5+ A6/ RESIGN
8x8Trax_4950723 Traxplayer vs. Rogue Trooper : @0/ A0/ B2/ B1/ @1+ C0/ @3\ C4/ E1/ B0+ F4+ F6+ @5+ A6/ B1\ C7\
8x8Trax_4951574 JonathanT vs. Elvis : @0/ A2\ B2\
8x8Trax_4952260 Tolp vs. ypercube : @0/ @1/ C1/ @1/ B2/ B3/ A0\ @1\ F4\ E5/ F5+ C0+ F2+ B4+
8x8Trax_4952370 Judy vs. Riika : @0+ B1+ A0/ A3+ A4\ B4\ C4+ A5/ @4\ @4\ D6+ E5\ F5\ F6\ E7\ E8\ F7\ F3+ E1+ G3+ H6+ B5+
8x8Trax_4952468 Cheeky Cow vs. * : @0+ B1+ C1/ @1+ @1\ A0\ A0+ @2+ @2/ A4+ G2\ D4\ D5\ G1+ E2+ E0+ C6/ E7/ B6+ C7/ B8\ F7\ E8+ A2+ A1/ H5+ A6/ H3+ DRAW
8x8Trax_4952552 Sista vs. putterer : @0/ B1\ B2\ C2+ C3+ D2+ B0+ B0/ D3+ C6/ A2\ @3+ A2+ @2\ D6/ C4+ C5+ B4+ G4/ F5\ B6+ A5/ C7\ C8\ H4+ A3/ A1\
8x8Trax_4952612 TallPaul vs. jazzbeth : @0/ @1/ A2/ C2/ D2/ D3/ C1+ B3+
8x8Trax_4952918 jam vs. ypercube : @0+ @1+ @1+ @1+ E1+ @1+ G1+ @1+
8x8Trax_4954173 Rogue Trooper vs. TallPaul : @0+ A0+ A0+ A0\ @1\ @1+ B0+ D2+ B0+ A5/ D6/
8x8Trax_4954326 ypercube vs. dgb : @0/ A0/ B2/ A3+ @3+ D2\ B4\ C5/ B6\ D4+ E5+ D1/ E4/ C7/ A4+ @3\ G2/ G1/ F8+ G8\ H3\ H4+ H7+ RESIGN
8x8Trax_4954327 Authority vs. Dragon101 : @0/ A0/ @1/ A2/ C2+ A3/ @3/ D4+ C5+ @3/ F4\ F5\ F6+ G3+ A6+ C7+ @5+
8x8Trax_4954332 Traxplayer vs. jazzbeth : @0/ @1/ @1/ @1+ A0+ @2/ A3/ C3+ @2+ A1\ A0+ @3+ F1+ E0/ G6\ H4/ F7/ E7+ G8\ H8\ B1/ D7+ D8/ B8+ A7/
8x8Trax_4956440 Riika vs. Marko : @0/ B1\ B2\ B3+ B4/ A4/ A5/ @2+ D1/ D5\ C0/
8x8Trax_4958225 Riika vs. CORNNUT KING : @0/ B1\ B2+ B3/ A3/ A4/ @1+ A0\ B6/ @4\ A1\ A0\ @3/ C0/ E2/ D1+ F4/
8x8Trax_4958423 coopaah vs. Dragon101 : @0/ A0/ @1+ A0\ C2+ @2+ E3\ C4/ D5+ E5\ E6\ F3+ G5+ F7/
8x8Trax_4960396 Marko vs. Traxplayer : @0+ A0/ @2+ B3/ B0\ A2\
8x8Trax_4962120 Rimon vs. Rogue Trooper : @0/ A0/ B1\ B2\ C2+ B3/
8x8Trax_4963816 Rogue Trooper vs. Traxplayer : @0+ @1+ A2+ @2+ B0+ D2+ C3\ D1/ E1/ B0/ B5+ F2\ A2/ @4/ A5/ @3\ A2\ A1\ D0+ C7+ DRAW
8x8Trax_4963955 Jay RAA vs. * : @0/ A2\ B2\ @1/ D2/ C1+ C0/ D1/ D0/ E4+ F1\ D0/ F4/ F0/ G1/ C1\ B2/ E0\
8x8Trax_4964010 Traxplayer vs. Riika : @0/ @1/ B0/ A0+ @3/ C0\ B0/ C0\ @5\ E1/ C0/ E7\ RESIGN
8x8Trax_4967913 DavidTrax vs. bdbor : @0/ A2\ B1/ B2+ B3\ C2/ A0\ @3\ D1/ C0+
8x8Trax_4968493 DINGEROO vs. Honeybear : @0/ A2\ B2\ B3\ A0\ @1\ B5+ A4/ @1\ B5+ C6\ @1+ A0\ E3+ F3/ G3+ G2/ H2/ F7\ E8/ G1\ F2+ E1+ C1\ H5+ H6\ F8\ B6+ C7+ B7/ G8/ A8/ H8+
8x8Trax_4969246 Riika vs. Rogue Trooper : @0/ A0/ A3/ B3/ A4/ C4/ D4/ B5+ D3/ C2+ E5+ E6\ E7+ F4\ B7/ C8/
8x8Trax_4971679 Sweetpea vs. Marko : @0/ A2\ B2\ B3+ C2/ B1+ C1+ A0/ @3+ A1\ A0\ @1\ B6/ A6/ @5/ @5/ A6/ C7\ D7\ C8+
8x8Trax_4971680 Marko vs. Sweetpea : @0+ B1\ C1/ B0\ @2\ C0/ D2+ D1+ E3/ C4+ A1\ C0\
8x8Trax_4971681 Sweetpea vs. jazzbeth : @0+ A2+ A3+ @3+ A1+ A4/ A0\ C4/ @3+ A5/ @5/ A2+ @5/ D6+ E6\ @4/ E7/ F8+ G7\ H7\ H3/ H2+
8x8Trax_4971682 jazzbeth vs. Sweetpea : @0/ B1+ C1/ C0+ B0/ B0+ A1+ @4\
8x8Trax_4971685 Sweetpea vs. JonathanT : @0+ A0\ @2+ A3/ RESIGN
8x8Trax_4971686 JonathanT vs. Sweetpea : @0/ B1+ C1/ A2+ B3/ A0+ C4\ D2\
8x8Trax_4971687 Marko vs. jazzbeth : @0+ B1+ B2/ A0\ @3+ D2+ @3\ A2\ E3+ D4/ D5/ E6+ F6\ A4+ B1+ D1+ F7+ G5+ D0/ E2/ F3+ @5/
8x8Trax_4971688 jazzbeth vs. Marko : @0/ B1\ A2/ B0\ @3+ @1+ C0/ A0+ A0/ @2+ E1/ F4+ D0/
8x8Trax_4971689 Marko vs. LyndiLoo : @0+ @1\ A2/ @2/ D1\ B3\ C3\ C4+ E2/ C0\ D1+ B1+ F1/ F0/ F5\ C1\ F6/
8x8Trax_4971690 LyndiLoo vs. Marko : @0+ B1+ B0\ A3/ B3+ @1\ B0/ D4\ D5\ E5\ C6/ C7+ B7/ A7/ @7+ C8+ A8+ A2+ B3/ @5/ F2+ A6+ F8+ H7+ H3/
8x8Trax_4971691 Marko vs. JonathanT : @0+ A0/ B2+ A3/ @1+ @1\ C0/ A0+ E2/ E1/ B0+ F3+ A5/ @3/ F5+ H3+
8x8Trax_4971692 JonathanT vs. Marko : @0/ B1+ C1/ B2+ B0+ B0\ B0\ C2+ B6+ B0+ A3+ @5/ @6\ B2/ F2+ B1\ B0+
8x8Trax_4971693 jazzbeth vs. LyndiLoo : @0/ B1\ A2/ @2+ C2+ C3\ B4+ D3+ E3/ @1\ C0+ B4/ F2/ D1+ G3/
8x8Trax_4971694 LyndiLoo vs. jazzbeth : @0+ @1/ A0\ @2/ C1+ B3+ C0\ A2+ B1+ @2/ B1+ A3/ @4/ D5/ A5+ D6/ B1+ A2\ @2\ A1\ @3/ C0+
8x8Trax_4971695 jazzbeth vs. JonathanT : @0/ @1/ B2/ C2/ C3/ C4/ D3\ C1/ E1\ E0\ E4\ B4+ F4\ F5\ C6/ C7/ A7+ G4+ A1+ A3+ D6+ RESIGN
8x8Trax_4971696 JonathanT vs. jazzbeth : @0/ A2/ B1+ @1/ A2/ C0/ B1+ B0/ B0/ A2+ @4/ @4+ B1+ D0/ C0+ A2+ @2\ F2\ G6/ C7/ F4+
8x8Trax_4971697 LyndiLoo vs. JonathanT : @0+ @1/ A0+ A0/ B1/ C3\ C4\ D4\ C5\ E1/ E0/ F5\ F6\ @3+ H1/
8x8Trax_4971698 JonathanT vs. LyndiLoo : @0/ A2+ A3/ @3/ C2+ @2\ A1\ A0\ @1\ B0\ E1/ E0\
8x8Trax_4971699 Rembrandt (aka Shaffyre) vs. Traxplayer : @0+ A0+ @2/ C2\ A3/ @3/ C4\ @2\ B1/ F2\ E1/ F4\ G4\ D5+
8x8Trax_4971700 Traxplayer vs. Rembrandt (aka Shaffyre) : @0+ B1/ B0+ A0/ @2\ B0/ D2+ B5/ A2+ @2/ E0/ F1/ B1\ C0\ A2/
8x8Trax_4971701 Rembrandt (aka Shaffyre) vs. ypercube : @0+ B1+ A2\ A0\ B1+ @1/ A2+ A0\ @2/ @2/ B1\ A4/ @3\ D5+
8x8Trax_4971702 ypercube vs. Rembrandt (aka Shaffyre) : @0/ B1\ B2\ A2+ C2/ C1+ D1/ D0/ E1/ D3+ D0+
8x8Trax_4971703 Rembrandt (aka Shaffyre) vs. Riika : @0+ A0/ B1\ B2\ B3+ C3\ C2+ @1/ C4/ @1/ B3+ E5\ F4/ B5/ D6\ A4/
8x8Trax_4971704 Riika vs. Rembrandt (aka Shaffyre) : @0+ B1/ @1/ A0/ @2/ A3/ A4+ @3\ E4\ D5/ F3/
8x8Trax_4971707 Traxplayer vs. ypercube : @0/ @1/ @1/ @1/ B0/ @2+ C3+ E1/ C4/ C5/ F1/ D0\ G4+ D5+ G6+ D7/ D0+ C1\ @3+ B5+ D8/ A6+
8x8Trax_4971708 ypercube vs. Traxplayer : @0/ @1/ C1/ D1/ C2/ C0/ C0/ B4/ A0+ @4+ @3+ D0+ B6/ A6/ @6+ C7+ A2\ RESIGN
8x8Trax_4971709 Traxplayer vs. Riika : @0/ @1/ B0+ @2/ B0+ D2\ D4+ A5+ B6+ C7/ D7+ E2\ F6\ F7\ C8/ C1/ G5+ @5/ B7\ G8\ A7+ G2+ DRAW
8x8Trax_4971710 Riika vs. Traxplayer : @0+ @1+ A2\ B0/ @3\ @3\ B4+ A1\ C5\ @2\
8x8Trax_4971711 Traxplayer vs. dgb : @0/ A0+ A0\ @2/ @2/ A3/ @3/ D4+ @1+ D0+ @3/ @3/ E0/ A3\ @4/ B0+ A2\ E8/ D7+ C7/ D8/ B7+ A6/ B8+
8x8Trax_4971712 dgb vs. Traxplayer : @0/ @1/ @1/ @1/ B0/ D3+ D1/ E2\ D4/ A5+ @4/ B0+ A2\ @3\ F0/ G1/ D8+
8x8Trax_4971713 ypercube vs. Riika : @0/ @1/ C1/ D1/ C2/ E2+ D3\ D4\ E4\ F1\ B4+ E5\ C0+
8x8Trax_4971714 Riika vs. ypercube : @0/ @1/ C1+ D1\ A2+ D0\ E3/ D4\ B1+ F1+ C0/ F0+ E0/ G4\ C1\ B8/ A8/ H4/ F6+ G3/
8x8Trax_4971715 ypercube vs. dgb : @0/ A0/ B2/ A3+ C2/ @2\ @2\ D1+ D0\ C0/ E2+ F3\ G3+ D0+ C7\ G5+ A4+ G8\ RESIGN
8x8Trax_4971716 dgb vs. ypercube : @0/ @1/ A0/ @1/ A0/ C2/ @2\ B3/ @2\ B4+ C4+ F2/ G4+ RESIGN
8x8Trax_4971717 Riika vs. dgb : @0/ A0+ @2/ @2+ D2/ E1\ F2/ F0+ B4/ B1\ E0+ D0/ B0+ A2\ @5/ E8+ @6\ A7/ A8/
8x8Trax_4971718 dgb vs. Riika : @0+ B1+ B2+ C1+ A0+ C1+ B0+ C1+ B0+ D3\ @4/ E5/ E6/ D7\ F7+ G4/ F8+
8x8Trax_4973704 DINGEROO vs. Honeybear : @0/ B1\ A2/ @2/ @1+ B0\ C4\ D3+ E2/ D1+ B5/ A4+ E1+ D0+ D6\ F2/ D7/
8x8Trax_4973931 JonathanT vs. marlisam : @0/ B1\ B2\ C2/ C1+ C0/ C0/ D4/ A1\ @1\ C0\
8x8Trax_4976525 riaZZZ vs. * : @0/ A2\ B2\ @1/ C1/ D1/ C3+ @2\ D0+ E4\ F1\ @4/ A5/ A1\ E5/ D0/
8x8Trax_4983360 * vs. leewisdomjr : @0/ A0+ @1+ A0\ C3/ B1/ B0/ @3/ A5/ @4\ E5\ F5\ C6\
8x8Trax_4983379 jazzbeth vs. golfnutrof : @0/ @1/ B0\ @2\ A1\ @1\ C0/ D4\ E3/ A4/ A5+ @3/
8x8Trax_4986923 Azalea vs. Rogue Trooper : @0/ A0/ B1+ A3+ C1\ @1+ C0/ E3/ D5+ F1/ E0\ C7\ C1\ B1\ @3/ C7/ F0/ G1/ A2\ A1/
8x8Trax_4987380 marlisam vs. JonathanT : @0/ @1/ B0\ A3/ C3\ C4\ D2/ D1/ D0/ E5\ E6\ F6\ D6/ F7+ G4\ H3+ F0/ A6/ G6\ G7\
8x8Trax_4988677 JonathanT vs. DINGEROO : @0/ B1\ A2/ A0/ @2+ C0/ D3+ D4+ A1\ B0/
8x8Trax_4989051 Jay RAA vs. ypercube : @0/ A0/ B2/ A3/ B4/ @3/ D3/ @1+ A0\ @1\ C0/ A5/ B6/
8x8Trax_4990042 JonathanT vs. JiffyJeff : @0+ @1\ C1\ C2\ C3+ A2+ @3\ A4\ @2\ A4/ @3\
8x8Trax_4990043 JiffyJeff vs. JonathanT : @0/ @1/ C1/ A2+ A3+ C3\ D1/ E1+ C0\ F2\ D4\ E4+ D5/ @4/ D5+ A6+ D6+ @5\ G5+ G6\ F7\ H6+
8x8Trax_4994117 Sista vs. putterer : @0/ A2\ B1/ B2+ @2\ D1+ D0/ E1/ E3+ F3+ F4+ F5/ E5/ E6/ D6/ G2/ G3+ B5+ D7\ C1+ C0\ F8\ G7/ G2+ G1/ A5/ H4/ H3/ G5\
8x8Trax_4995835 Riika vs. Traxplayer : @0/ @1/ C1+ C2+ D1/ D0/ D0+ E3+ E4\ A5/ @5/ F5+ E6+ G4\
8x8Trax_4995867 TallPaul vs. Dragon101 : @0+ A0/ @2\ A3\ A4\ @4+ @3+ D0/ E3\ F5\ D6/ D7/ C8\ F1+ F8+ G4/
8x8Trax_4996006 Miss Traven vs. stormy rebel : @0+ @1\ @1/ B2\ C0/ B4/ A4/ D2\ E2\ @3/ A4/ A5\ E4/ D0/ C6/
8x8Trax_4998954 * vs. Rogue Trooper : @0/ A0/ B1+ B0+ @3+ B4+ A1\ @2/ D5/ D6/ C0+ E3/ B5/ E7+ F2\ D0+ F7\ G4/ @6/ B7+ H6+ H2+ DRAW
8x8Trax_4999374 Riika vs. Traxplayer : @0+ B1+ A0/ A3/ @1/ B0/ D1/ D0/ B1+ E3+ D4\ D5\ F3\ E4+
8x8Trax_5000844 JonathanT vs. Elvis : @0/ @1/ A0/ B3\ C2/ @1/ C1/ @1\ A0\ A3+ D1/
8x8Trax_5000891 Cheeky Cow vs. JonathanT : @0+ B1/ A2+ A0+ @1\ D2/ B4+ D3\ A2/ E3/
8x8Trax_5001095 ypercube vs. Traxplayer : @0/ @1/ C1/ D1/ C2/ D0/ D4\ E2+ F2/ G1\ @1\ A0+ A0/ C2+ E1/ F2+ D0\ C1+ C7/ C8/ A7/ A1+ F2/ DRAW
8x8Trax_5002561 golfnutrof vs. jaha : @0/ A0/ B1/ B3+ C1/ B4/ @3\ E1+ D0+ E5\ A6/ F5/
8x8Trax_5002754 Riika vs. jazzbeth : @0/ @1/ C1/ D1+ E1\ D2/ D3/ C3/ @1/ D4+ E0/ G3/ A1\ C4/
8x8Trax_5003773 Christine vs. Miss Traven : @0+ B1/ B2\ C1/ A2+ B0\ B0+ A2+ @2\ C5/ C6\ B5+ D5\
8x8Trax_5004269 Marko vs. Charlo : @0+ A2\ A0/ B3\ @2/ C4+ A5+ D4/
8x8Trax_5005708 ypercube vs. LyndiLoo : @0/ A2\ B1/ B0+ @2+ B0\ @2\ A1\ C0/ D1/ C6/ B5+ @2\ A1\ E0/ F3\ A1+ C7+ @2\
8x8Trax_5006312 Traxplayer vs. jaha : @0/ A0/ @2/ B3+ C1/ B0+ B5/ B6/ D3+ E3/ F2\ E4+ B0/ D2+ G3\ @2\ A1\ G6/
8x8Trax_5006384 JonathanT vs. kidgame2001 : @0/ B1/ B2+ B0/ C1/ C0/ D1/ D0/ E4+ A0\ @5/ @2\ A1/
8x8Trax_5007760 riaZZZ vs. * : @0/ B1\ A2/ A0/ C2\ C0+ D3\ B0/ A2+ E4+ D1+ E5/
8x8Trax_5009663 dgb vs. Traxplayer : @0/ @1/ @1/ C0\ B3+ C4/ D4+ E3+ C0\ @4\ B5+ C2\ @4\ C6+ E0/ F1/ D8\ E7+ D1+ RESIGN
8x8Trax_5009664 ypercube vs. jazzbeth : @0/ @1/ C1/ A2/ D2/ D3/ E2/ A3+ D4+ F4+ F5\ C5+ @1+ D0+ E2+ B6/ B7/ A5+ H6\ E7+ D7/ C8+ H3/ DRAW
8x8Trax_5009665 Authority vs. JonathanT : @0/ @1/ B2/ B3/ C3/ B4/ C1/ A4/ @1+ A0\ @1\ A0\ A5+ @2+ F7+ G5/ D8+ A6\ H5+ G4+ B7+ B8+ A8/ H4/ H2+ F8\ DRAW
8x8Trax_5009666 Charlo vs. LyndiLoo : @0/ A2\ B1/ B0+ C2\ C3\ D3\ B4+ B5\
8x8Trax_5011937 Granny Walrus vs. Riika : @0+ B1+ A2\ A0\ @1+ @2\ D1+ A3/ A4+ @2/
8x8Trax_5011981 Traxplayer vs. marlisam : @0/ @1+ @1\ A0\ @1\ A0\ @1\ @1\ C0+
8x8Trax_5011993 Rogue Trooper vs. Goonerg : @0+ A0/ B1\
8x8Trax_5013872 Goonerg vs. Jay RAA : @0/ B1\
8x8Trax_5013955 Rogue Trooper vs. balmoral : @0+ @1+ A0/ A3/ @3/ C3\ C4\ @2\ A1/
8x8Trax_5013966 Carroll vs. Azalea : @0/ B1\ A2+ B2\ A3\ B3+ C1+ D2/ D3/ D0/ E2\ C5/ B1\ C0/
8x8Trax_5015910 Marko vs. ypercube : @0+ @1+ A0\ @2\ A3/ @3/ A4/ @3\ A2\ C5/ A1\ @4+ @4\ E0+ A6\ @2+ A1\ E0+ D0/ C2\ C1\ B1\
8x8Trax_5015913 Riika vs. judy7 : @0/ B1\ A2/ @2/ B0/ A4\ D2\ B4+ D3+ E3/ E0+ C5\ F2+
8x8Trax_5016630 marlisam vs. ypercube : @0/ @1/ B2/ C1/ D2/ @1/ F2\ D3+ G2\ B3/ B4/ C0+
8x8Trax_5017551 Rogue Trooper vs. TrueIndian : @0+ @1+ A0/ A3/ @3/ @3+ B1+ @3+ B0\ A1\ A0\ C1+ C0/ D1/ A0+ A0/ @5+ A6+ @4/ G3/ H4+ H6+ B7/ B3+ DRAW
8x8Trax_5017584 * vs. Riika : @0/ B1+ A0\ @1\ A0+ A0/ C1+ @2+ D5\ E5\ F4+ F1/ D0+
8x8Trax_5017611 Dragon101 vs. JiffyJeff : @0/ @1/ A0/ @1/ @1/ D1/ D0/ B3/ E1+ E0\ D5\ C6\ F3/ F5\ F6+ G5/
8x8Trax_5017744 Authority vs. jazzbeth : @0/ @1/ A0/ @1/ A0/ C4/ D4/ @1/ B3/ D2+ B4/ A4/ A5+ @5/ @5/ D6/ G2/ B4+ A3+ G1/ H3\ E0/ G1/ G0+
8x8Trax_5017747 jazzbeth vs. Authority : @0/ @1/ B2/ C2/ C3/ B3/ @1/ B3/ D1/ C0+ A4/ C0/ C0/ @5+ @4/ G3/ H3/ D2+ E0/ G1+ H3+ G7+ D8+ C2+ B8+ DRAW
8x8Trax_5019254 JonathanT vs. JiffyJeff : @0/ @1/ A0/ @2/ A3/ B4+ B5/ A6\ A7\ C7+ D3+ D1+ @3/ @3+ A6+ D0+ F7\ G7\ @5+
8x8Trax_5019255 JiffyJeff vs. JonathanT : @0/ @1/ C1/ A2/ B0+ B0/ D2\ D0+ E3\ D0\ B2+ A2/ @3\ B1+ B0\ G4+ F8+ G8\ H5/ G2/ RESIGN
8x8Trax_5019360 golfnutrof vs. Traxplayer : @0/ @1/ B2/ C1/ C3/ D1/ C0+ @2+ C4+ E5\ F5\ B3/ C5+ D6+ F4/ G5\ G4+ G7\ H7+ G3/ H5+ H8/
8x8Trax_5020507 gramat vs. Honeybear : @0/ A2\ B1/ B0+ B3\ C2/ @2+ E2\ E3\ C4+ @2/ D5+ F4/ D6+ A3\
8x8Trax_5020708 Morticia vs. DINGEROO : @0/ B1\ A2/ @2/ B3\ C3\ D1/ D0/ C5\ D5\ E5+ @5/ E6\
8x8Trax_5021247 * vs. balmoral : @0/ A0/ B1+ A0/ @1\ B0/ D3+ B5/ @4/ @4+ A5/ D6/ @4+ B1\ @4+
8x8Trax_5021249 Riika vs. Rimon : @0/ B1\ B2\ C2+ B0\ D3+ @2/ @1+ A0\ F2+ F1/ E0+ A5/ @4\ C5+ D6+ G6\ H3\ C6+ D1+ D0\ G1+ A6+
8x8Trax_5027303 Miss Traven vs. Sweetpea : @0/ B1\ A2\
8x8Trax_5027304 Sweetpea vs. Miss Traven : @0/ A2\ B2\ B3\ C2/ C1/ C0+ D3/ D2/
8x8Trax_5028223 * vs. riaZZZ : @0/ B1+ A0\ @1\ C1+ D1/ B0\ A1\ A0\ A4/ @3+ C0+ B0/ @3+ A2\ E1+ E7\ B7/ A5/
8x8Trax_5030806 * vs. Rimon : @0/ A2\ B1/ B2+ B3\ C3\ D3+ B4+ A0\ C1+ @2\
8x8Trax_5030813 Riika vs. golfnutrof : @0/ @1/ C1/ C2/ D1/ D3+ E1/ B3\ C4\ F1+ D0+ F5\ B6/ G4\
8x8Trax_5030985 Traxplayer vs. ypercube : @0/ @1/ @1/ C2/ B2+ D1/ A0+ B0+ E2+ @2\ A1\ C5/ C6/ C7/ A0\ @1\ E8+ B5+ @5+ A6/ H4+ G7+ H6\ H1+
8x8Trax_5031036 putterer vs. Sista : @0/ A2\ B1\
8x8Trax_5032543 marlisam vs. Charlo : @0/ A0/ B2+ @1+ A3+ @1\ D0\ A0+ A4/ @2/ @3\ A4+ @4/ A1\ B5/ @2/
8x8Trax_5034400 Charlo vs. Azalea : @0/ A2/ @2/ C1+ D1/ A3/ D3\ E2/
8x8Trax_5034406 Goonerg vs. Jenny Poo : @0/ A2\ B2\
8x8Trax_5034498 dgb vs. Rogue Trooper : @0/ @1/ @1/ C0+ @2+ @2/ @2/ E0/ B4+ B2+ B0+ B0/ D0+ A3+ @6/ A3+ H4\ A8+ G1+ DRAW
8x8Trax_5034514 coopaah vs. * : @0/ B1\ A2/ A0+ B1+ A0/ @2\ B0/ D1/ B0/ @1\ A0\ F4\ F5+ G3/ G2+ F2+ F1+ H4\ G5+ A7/ B8+ E7/ RESIGN
8x8Trax_5036858 Marko vs. Goonerg : @0+ B1/ B2/ A0/ B1+
8x8Trax_5038548 Rogue Trooper vs. Riika : @0+ @1+ A0/ A3/ @3/ @3/ B1+ A4/ A0/ @1+ @3+ A6/ @4\ F6+ G5+
8x8Trax_5039749 golfnutrof vs. *Leo The Lion : @0/ A0/ @1/ A0+ C3/ D3+ B4/ B5+ C1+ C0/ C0/ D1/ A1\ @1+ B0/
8x8Trax_5039750 *Leo The Lion vs. golfnutrof : @0/ @1/ B0/ @1/ @1+ @1\ D0+ C3+ A3/ A4/ @2/
8x8Trax_5039946 dgb vs. *Leo The Lion : @0+ @1+ B2+ @1/ D1/ A0/ A0/ E3/ F3/ @2+ B0+ A0/ A0/ A0/ C1+ D2+ @3+ RESIGN
8x8Trax_5039947 *Leo The Lion vs. dgb : @0/ A0/ B2+ C2\ A3/ D2\ C1+ C4\ C0+ B0/ B0/ D2+ E3/ F2\ D0+ E1/ G5+ G7+ E8+ H5\ RESIGN
8x8Trax_5040153 ypercube vs. *Leo The Lion : @0/ A0/ B2/ B3+ B4\ C2/ C1/ D4+ E4/ @1\ A0\ G2+ F1/ @3/ A4/ A5/ D6\ G0/ H1+ F8\ G8\ DRAW
8x8Trax_5040154 *Leo The Lion vs. ypercube : @0/ @1/ B2+ B0\ A4\ B5/ C4/ D3\ E3\ E1+ D0/ F3+
8x8Trax_5043179 Nancy vs. Morticia : @0/ B1\ A2/ @2+ D1/ C0+ C0/ D2/ C4\ B5/ E4\ C5\ B6/ @4+ A6/ A7/ @4\ A3\ C2/ H4+
8x8Trax_5043290 JonathanT vs. Elvis : @0/
8x8Trax_5043550 marlisam vs. ypercube : @0/ A0/ B2/ C2/ A0/ A4/ C5\ D4/ A0\ @1\ A4\ @4\ A6\ F6\ G5/ B2/ A1\ D3+
8x8Trax_5048894 gramat vs. Morticia : @0/ A2\ B2\ B3+ A4+ A5/ @5/ @2\ A1\ C0/ D2/ E2/ D1/ D0/ @3/ A4+ A1\ E0+
8x8Trax_5050987 Rogue Trooper vs. volvath : @0+ A2+ A0+ B2/ @1\ C0\ B5\ B6/ A6/ D1/ D0/ A1/ @7\ A6\ A3/ B4+ @6\
8x8Trax_5051203 Riika vs. Carroll : @0/ @1/ C1/ D1/ B2+ A0+ B0+ E2\ F3/ A5/ @5/ H2\ A2\ B1\ D5+ D0+ B1\ A1\ B7+ B0+ D8\ H1/
8x8Trax_5053200 riaZZZ vs. ypercube : @0/ A2+ A3/ A4+ A0+ @5\ C5+ B6/ D4+ @6/ A4+ A7\
8x8Trax_5056653 Riika vs. dgb : @0/ A0/ A3/ B2+ A0/ A5\ A0\ @2/ D3/ A5+ B0\ C2+ D3+ E2\ D1+ B8/ A7+ @4+ A2+ @2\ A1+ @3/ A4/ C6+ C7+ B6+ C8/ B7/ G6/ H5\ B8/ A6\ F8+ G8+ A1+
8x8Trax_5056747 JonathanT vs. Elvis : @0/ A2\ B1/ @2+ @2/
8x8Trax_5060417 Charlo vs. Rogue Trooper : @0/ A0/ B1+ A3+ C2/ @1+ @2+ E4+ F2/ D0+ G4+ G6\ H6\ C5+ G7+ B5\ C6/ E8+ G8+ A6+ B1+
8x8Trax_5061027 Karlos vs. ypercube : @0+ @1+ B2/ A0\ @1\ @1+ D1+ B0\ C0/ A5/ A6/ @5\
8x8Trax_5061961 ypercube vs. thebodywall : @0/ B1+ B2/ B3\ C3\ C1+ C0/ C5\ D4/ D1/ E5\ D6/ E1+ F4+ E0\
8x8Trax_5062077 jazzbeth vs. Traxplayer : @0/ @1/ B2/ C2+ A2+ B0\ B0\ D3\ D2\ @3\ B2+ F3+ G3/ G1+ F0+ A2/ B1/ @3+
8x8Trax_5062117 golfnutrof vs. Dragon101 : @0/ A0/ B2/ A3/ @1/ @1/ A0/ B4/ A4/ A5\ @4/ B6+ @5\ @4/ A0+ @4+ F7/ B8/ A7+ F2/
8x8Trax_5063592 Authority vs. golfnutrof : @0/ A0/ @1/ A0/ @1/ B0/ @1/ B3+ D1/ E1+ E0/ D1+ A0/ F6+ D7/ F2/ G5\ C7/ C1/ D8+
8x8Trax_5063723 jaha vs. ypercube : @0/ A0/ B2/ B3/ C2+ B4/ C1/ A0\ @3+ E2/ F2+ F1+ E1+ D0/ B6/ @3/ @4\ B2\ B5+
8x8Trax_5067722 Christine vs. Miss Traven : @0+ @1\ A2/ C1/ @2\
8x8Trax_5067766 leewisdomjr vs. Goonerg : @0+
8x8Trax_5068012 riaZZZ vs. ypercube : @0/ @1/ B0+ @2+ B3/ A0\ @3\ E3+ A1\ @2/ B4+ D5/ E1+ D0/ G5/ F7+ @4\ A2+
8x8Trax_5068042 Traxplayer vs. Charlo : @0/ A0/ @2/ @1+ C0/ C0+ D3+ @3/ C0+ @4\ A3+ F6+ E7+ E8/ F7\ G5/ C6+ H6+ H8+ DRAW
8x8Trax_5073019 marlisam vs. Goonerg : @0/
8x8Trax_5073159 JiffyJeff vs. Marko : @0/ B1\ A2/ A3+ A0/ @4\ C4\ D4+ D5\ E5\ F4\ C5+ E6\ D0+ E1/ @2+ A1\ D0/ G3/ H3/ H2/
8x8Trax_5074285 ypercube vs. Traxplayer : @0/ A0+ @1/ @1+ B0+ B0/ B0/ B0/ B0+ @5+ @5\ A4\ E2/ C3+ @4\ C2\ @5/ A6+ @4\ A3\ B2\ B1+ H8/ F7+ B7/ A7/ E7/ B8\ C7/ D8+ E8\ DRAW
8x8Trax_5081455 Christine vs. Miss Traven : @0+ B1+ A0+ C2\ C1/ D1/ B3+ A3+ @3/ A2+ @3\ G1\ G2\ A4/ @3\ F0\ B6\ E1+ C5\
8x8Trax_5081645 * vs. riaZZZ : @0/ B1+ A0\ @2+ A1+ @1\ B0/ A3/ @2+ A3+ @2\ A1+ A0/
8x8Trax_5082543 marlisam vs. ypercube : @0/ A0/ B1+ A3+ C2+ A4+ A5\ @4/ A3+ C0+ A3+ C0+ D6\ E4\ A2\ A8+ E6+ F6+ F7\ E7+ C8+ F8+ G7/ @2\ E3+ E1/ F3+ F1/ G2/ H3+ H5+ A7\
8x8Trax_5083005 Karlos vs. ypercube : @0+ B1+ B2/ A0\ B1+ @2+ A3+ @2+ B4/ B5/ C6+ A4+
8x8Trax_5083633 dgb vs. Charlo : @0/ @1/ @1/ A0/ @2/ D3+ D1/ E3\ F3+ D4+ F0/ G3\ A1\ F0+ @3\
8x8Trax_5083634 Sir Pussycat vs. ypercube : @0+ B1+ B2+ B3+ B0+ C1\ A1\ D1\ B5+ D3\ E3\ A4\
8x8Trax_5083635 jazzbeth vs. Authority : @0/ @1/ B2/ C2/ C3/ A2/ @1/ A2/ D1/ E3/ B3/ B4/ A4/ E5/ F5/ E6/ D6/ E1/ F3+ C6/ G6+ D7+ G1/ A5+ F0/
8x8Trax_5083636 JonathanT vs. Traxplayer : @0/ @1/ @1/ @1/ B2/ D0/ B4/ E3+ E5+ F1/ E0\ @1\ E0/ H4\ G6+ A5+ H2/ G0+
8x8Trax_5084909 volvath vs. JonathanT : @0+ @1/ A2/ B0\ @2/ A0+ @3/ B0/
8x8Trax_5086453 Goonerg vs. kaanwi :
8x8Trax_5087446 Miss Traven vs. Gypsyfire : @0+ @1\ @1/ B2\ C0\ @2\ A1\ B3/ C1+ C4/
8x8Trax_5088488 nobby vs. ypercube : @0+ @1\ C1\ @1\ C0\ D3+ B3+ E2\ D4\ E1/ RESIGN
8x8Trax_5088696 Goonerg vs. Dragon101 :
8x8Trax_5089310 Miss Traven vs. Sweetpea : @0/ B1\ A0\ A3\
8x8Trax_5090898 Riika vs. volvath : @0/
8x8Trax_5090899 volvath vs. Riika :
8x8Trax_5090900 Riika vs. Carroll : @0/ A2+ A3/ B1/ @2\ @2\ A0+ @2+ F2/ A4/ D0+
8x8Trax_5090901 Carroll vs. Riika : @0/ A0+ A0\ @1\ C3/ D3/ E2\ F3/ A0\ @1\ E5+ G2/ F1+
8x8Trax_5090902 Riika vs. Goonerg : @0/ @1/ C1/ D1/ D0/ B0/ A0+
8x8Trax_5090903 Goonerg vs. Riika : @0/ @1/ C1/ D1/ C2/ A0+
8x8Trax_5090904 Riika vs. ypercube : @0/ @1/ C1/ D1/ B0/ D1/ D0+ E1/ D4+ E3\ F3\ F4\ F5\ G5\ E6+ E7\
8x8Trax_5090905 ypercube vs. Riika : @0/ @1/ C1/ C2/ D1/ D3+ E1/ F1+ F0/ A3+ C5+ G4\ E5/ @2/ E1+ F0\ G7\ H7+ F8/ E8+ G1+ B1+ D8/
8x8Trax_5090906 volvath vs. Carroll :
8x8Trax_5090907 Carroll vs. volvath : @0+
8x8Trax_5090908 volvath vs. Goonerg :
8x8Trax_5090909 Goonerg vs. volvath : @0/
8x8Trax_5090910 volvath vs. ypercube :
8x8Trax_5090911 ypercube vs. volvath : @0/
8x8Trax_5090912 Carroll vs. Goonerg : @0+ A0/ @2/ B3/ A3/ @3+ B1+
8x8Trax_5090913 Goonerg vs. Carroll : @0/ B1+ A0/ B3/ @2/ A3/
8x8Trax_5090914 Carroll vs. ypercube : @0/ A0/ A3/ A0/ A0\ @1\ @1\ D3+ B5/ E2\ F2\ C0/ D1/ D0+ @3/ B4+ H2/ E8\ A6+
8x8Trax_5090915 ypercube vs. Carroll : @0+ B1+ B2\ B0\ C1+ C3\ @2\ @1/ B3+ E4\ E0/ F1/ F0/ G1/ D0+ C3+ @3\ A2\ D8+ A1/ B2+ C7/ B8+ A8/ DRAW
8x8Trax_5090916 Goonerg vs. ypercube : @0/ @1/ C1/ @1/ A2/ A0+
8x8Trax_5090917 ypercube vs. Goonerg : @0/ A0/ B2/ @1\ A0\ B4/ @4/
8x8Trax_5090918 marlisam vs. Marko : @0/ B1\ B2\ C2\ B0+
8x8Trax_5090919 Marko vs. marlisam : @0+ @1/ A2+ @2/ B3/ A3/
8x8Trax_5090920 marlisam vs. davidmilne : @0/ A0/ B1+ C1\ B3/ @1+ A3\ D4+ D5\ E3+
8x8Trax_5090921 davidmilne vs. marlisam : @0/ B1\ A2/ A3/ B2+ A4/ @4/ @1\ B0+ @2/ D0\ F3+ A4+ @5\ F7+ @6/ H6+
8x8Trax_5090922 marlisam vs. Traxplayer : @0/ @1+ B0\ @2/ B1\ @2/ C3\ D0/ E3/ A1\ A5/ B0/
8x8Trax_5090923 Traxplayer vs. marlisam : @0/ B1\ A2/ @2+ B0+ C3+ D2/ D1/ E1/ C0\ E4\ F4\ C5+
8x8Trax_5090924 Marko vs. davidmilne : @0+ A2+ A0+ A4/ @4/ C2/ A2\
8x8Trax_5090925 davidmilne vs. Marko : @0/ B1\ A2/ A3+ @1+ @1/ @1/ RESIGN
8x8Trax_5090926 Marko vs. Traxplayer : @0+ B1+ A0+ @2+ A1\ @1\ B0+ D4/ @3/ C4/ C5+ E5\ C6\
8x8Trax_5090927 Traxplayer vs. Marko : @0/ B1\ A2/ A3+ A4\ B4\ B5\ C5\ @5/ C6+ A1\ @3+
8x8Trax_5090928 davidmilne vs. Traxplayer : @0/ A0+ B1\ A3/ @3/ A4/ @1+ C0/ C6+ E5\ F5+ F6\ F7\ E8+ C8+ @2/
8x8Trax_5090929 Traxplayer vs. davidmilne : @0/ B1/ @1/ B2+ D1/ D0/ E1/ B0+ F4+ D5/ D6+ B5+ G6\ E7/ E0+
8x8Trax_5090932 thebodywall vs. JonathanT : @0+ @1+ B0+ B3/ B0\ A1\ A0\ @4+ @1+ E3+ @1/ F2+ C5+ B5+ C6+ F5\ F6\ F7\ C7+ A0/ @1+
8x8Trax_5090933 JonathanT vs. thebodywall : @0/ B1+ C1/ A2/ B0+ @2+ A1\ @1\ D0+ A0+ B0\ @5/ A6/ A7/ E1\ @7+ C8+ B1\ E7+
8x8Trax_5090934 thebodywall vs. * : @0+ B1+ A0/ A3/ @3/ @2/ C4+ D4\ E4+ C5/ E5+ B6\ B1+ F3\ G4\ A3/
8x8Trax_5090935 * vs. thebodywall : @0+ B1+ B2/ B0/ C2\ B0\ A2+ @2\ A1\ @1\ D0+ A4/ D6/
8x8Trax_5090936 golfnutrof vs. JonathanT : @0+ @1+ A0/ A3/ A0+ C3+ @4+ @3/ @3/ @3/ D1\ E5\ G4+ C5+ E6\ F5\ A6/ C7+
8x8Trax_5090937 JonathanT vs. golfnutrof : @0/ @1/ @1/ A0/ A0/ B4+ D3+ E4\ E5\ D5+ C6\ E3+ F4+ E2\ B6/ C7+ @3/ D2+ C1/
8x8Trax_5090938 golfnutrof vs. * : @0+ @1+ A0/ B3\ B4\ @2+ D2/ B3+ E2/ E5\ F4/ B5/ B6+ A4/
8x8Trax_5090939 * vs. golfnutrof : @0/ A0/ B1+ C1/ D1/ E1/ D2/ F2/ D3/ E0+ F1/ C0+ C0\ F2/ E1\
8x8Trax_5090940 JonathanT vs. * : @0/ B1\ B2\ @1/ @1/ B0+ B0+ B0+ B5+ B6\ C7/ A6+ @4+ E7/ A2\ D2/
8x8Trax_5090941 * vs. JonathanT : @0/ @1/ A2/ A3+ @3+ A4/ D1/ A1\ B0\
8x8Trax_5090942 jazzbeth vs. JiffyJeff : @0/ @1/ B2/ A0+ C2\ @2/ D1+ B0+ B0/ C1/ B5+ D5+ E3+ E2+ F4/ C0+ A2+ C7/ B0/ @4+ A2\ A1+ @3+ F2/ G3+ G2/ H3+ A4/ A7/ A8+ DRAW
8x8Trax_5090943 JiffyJeff vs. jazzbeth : @0/ @1/ B2/ C2/ C3+ C1+ D2/ D4\ E3+ E1+ C0+ E1/ RESIGN
8x8Trax_5090944 jazzbeth vs. Rogue Trooper : @0/ A0/ B2/ C2/ A3/ D2/ A4/ @1\ B0/ B6/ @6+ A7/ C7+ F2/ G3+ A8+ H2\ H1+ F1+ H7\ DRAW
8x8Trax_5090945 Rogue Trooper vs. jazzbeth : @0+ B1\ A0+ A0\ @1\ C1+ C4\ A0/ B1/ D5+ C6+ A5+ C7+ E5/ B0+
8x8Trax_5090946 jazzbeth vs. stormy rebel : @0/ A2\ B1/ @1/ C0\ @2/ A1+ @2/ D4+ @2/ B0+ C6/ F1/ G3/ C7+ G4\ H3/ H4\ C8+
8x8Trax_5090947 stormy rebel vs. jazzbeth : @0/ @1/ A2/ C2/ A0+ @2/ A3+ @1+ A0/ C1/ C0/ C0+ E3/ A1\ @3/ B0/
8x8Trax_5090948 JiffyJeff vs. Rogue Trooper : @0/ A0/ A3/ @3/ C1/ A0+ @1\ A0\ @1\ E1/ RESIGN
8x8Trax_5090949 Rogue Trooper vs. JiffyJeff : @0+ @1\ B2+ C1/ C0/ A0+ B0+ A1+ D4\ RESIGN
8x8Trax_5090952 Rogue Trooper vs. stormy rebel : @0+ @1\ @1+ B0/ B3\ C1+ D3/ B4\ C5/ B6+ @3+ C7/ @3+ A2/ A6+ @5/ @4+
8x8Trax_5090953 stormy rebel vs. Rogue Trooper : @0/ B1+ A0\ @2/ A3\ A1+ @3\ B4+ C4/ @4/ A5/ E4\ F2/ E5/
8x8Trax_5090954 jaha vs. Authority : @0/ @1/ A0/ @1/ B0+ @2/ D1/ D0/ @3+ @3/ F0+ D2+ A3+ B5\ G3+ A6/ @5\ F0/ D7+ B8/ H1/ A8+ B2+ A2\ A1\ DRAW
8x8Trax_5090955 Authority vs. jaha : @0/ A0/ @1/ A0/ @1/ B0+ @2/ @2+ A3/ B3+ C4/ E1/ A5/ RESIGN
8x8Trax_5090956 jaha vs. dgb : @0/ A0/ B2/ A3+ A0/ @1+ @2+ C0/ B0+ A1\ D1/ B0/ @5\ E5+ F4\
8x8Trax_5090957 dgb vs. jaha : @0+ A0/ A0/ @1/ B0+ C1+ C0+ C4\ D3+ D5/ A5\ E3/ F2\ E1+ C0\ E5+ G3+ F1+ @6/ A7+ C2+ A4+ A2+
8x8Trax_5090958 jaha vs. Jay RAA : @0/ A2\ B2\ @1/ B3+ B4/ A5\ @1\ C0+ E4/ A6/ @3\
8x8Trax_5090959 Jay RAA vs. jaha : @0/ @1/ C1/ D1/ E1/ C2+ C0\ A1\ @2/ D0+
8x8Trax_5090960 Authority vs. dgb : @0/ A0/ @2+ B0+ C1\ @2\ @2\ D0+ C1+ D0+ E1+ D0+ F6\ F7\ F8\ C7+ F2\ C8+
8x8Trax_5090961 dgb vs. Authority : @0/ A0+ B2+ B3/ C2\ B1/ D2+ D0+ A1\ B5/ @2+
8x8Trax_5090962 Authority vs. Jay RAA : @0/ B1\ A2/ A0/ A0/ C2\ D1\ D0\ E2\ A1/ @3+ A6\ F0/ G1/ A1\ @1\ C0/
8x8Trax_5090963 Jay RAA vs. Authority : @0/ @1/ C1/ @1/ E1/ C0+ A3/ A0\ @2/ F1/ G2/
8x8Trax_5093834 TallPaul vs. Carroll : @0/ @1+ B2/ @2\ A0/ A4+ B0\ D2\ E3/ E5+ @3/ D6/
8x8Trax_5100274 Authority vs. Judy : @0/ B1\ A2/ B0+ A4\ B4\ B5\ C5\ @5/ B6\ A2\ A6/ @3/
8x8Trax_5100284 marlisam vs. Traxplayer : @0/ @1+ B0\ @2/ D2/ A1\ @1\ D3/ C0\ E5\ F4/ B5/ A3+ D6/
8x8Trax_5100285 golfnutrof vs. Charlo : @0/ A0/ @2/ @2+ C0+ @2/ B0+ @4\ B5+ A6\ F3/ E5+ D0/ E1/ @3+ F7/ C8/ A5+ @5/ B1+ DRAW
8x8Trax_5100340 Sir Pussycat vs. Authority : @0+ B1+ B2\ A0/ B0\ C3/ @2\ E1/ E0/ E5\ A4/ F3\
8x8Trax_5100369 rogerrabbit vs. Rogue Trooper : @0+ B1+ A2\ B0/ C3/ B4/ @4/ A5/ C5+ @3+ A2\ A1+ @3/ D0/
8x8Trax_5100542 Traxplayer vs. jazzbeth : @0/ @1/ B0/ @1/ C0+ A0/ C1/ A4/ C0/ @2+ @3+ F4/ A6/ @4+ H5\ D6+ E0\ D2+ B2+ H2/ H1/ C8+
8x8Trax_5100611 Riika vs. Charlo : @0/ A0+ A0\ @1\ A0\ @4+ A5/ A6/ @4\ @2+ F4/ F2+ C0+ B0/ @4+ H3\ H2/ B8/ A8+
8x8Trax_5102949 JonathanT vs. Elvis : @0/ A2+ A3/
8x8Trax_5102950 JonathanT vs. Elvis : @0/ A2\ B1/
8x8Trax_5102951 JonathanT vs. cakelady : @0/ A2+ A3/ @3/ @2/ D1/ A1\ B0\ @2/
8x8Trax_5104406 Dragon101 vs. ypercube : @0/ @1/ B0/ @1/ @1/ D3\ E1+ B3/ B4/ C0+
8x8Trax_5104665 ypercube vs. Traxplayer : @0/ A0+ A3+ @2+ C3\ C4+ D2/ D1/ E3\ E4\ F4\ D5/ C0\ E1+ G1+ RESIGN
8x8Trax_5104932 Marko vs. ypercube : @0/ B1/ @1\ B0/ D2\ D3\ D1+ E2+ C0/ C0/ E1/ F3/
8x8Trax_5105430 gramat vs. Honeybear : @0+ B1\ @1\ A0\ D2/ D1/ D0/ E1/ E0/ E0+ F1/ @4\ C6+ B6/ F6\ B7+ E7/
8x8Trax_5106283 Lorraine of the Renegades vs. Goonerg : @0/ A0/ B1/
8x8Trax_5106454 Rogue Trooper vs. jazzbeth : @0+ B1/ B0\ @2\ A1\ @1\ D0+ D0+ B5+ D5/ E4/ E6+ F6\ G6+ G7\ H4/ H3+ H2\ F3+ F7+ G8\ H6+ B1+ C6+ D7+ DRAW
8x8Trax_5106475 * vs. Jay RAA : @0/ B1\ A2/ A0/ @2+ C0/ D3+ @3\ A1+ D0/ F4+ @4/ A5/ A6/ H4+ B1\ A2/
8x8Trax_5109225 marlisam vs. Goonerg : @0/ A0/ B1+ C2/ D2/
8x8Trax_5109238 Rogue Trooper vs. Uncle Chuckie : @0+ @1/ A2\ @2\ B0/ @1+ C4\ B0+
8x8Trax_5109524 Traxplayer vs. dgb : @0/ A0/ @2/ B0/ @1+ C0/ D1/ A0+ B0+ E6+ B7+ D0+ E2/ F2/ F1/ G3\ G4+ @3+ B2+ H6\ RESIGN
8x8Trax_5111231 Rimon vs. Rogue Trooper : @0/ A0/ @2+ B0+ C2/ @3/ A2+ B4+ D4/ C0+ @3+ C6+ @3+ D7+ C1\ E0+
8x8Trax_5116971 Rogue Trooper vs. TallPaul : @0+ B1\ B2/ B0\ @1/ B0+ D4/ B4/ B5/ E3\ F4/ C6+ G6+ F1+ F7+
8x8Trax_5117915 riaZZZ vs. ypercube : @0/ @1+ @1\ A0\ @1\ D0+ D0/ E3\ C1\ C0\ C0\ D7+ E2/ F1\ B1+ F0/ G2\ F4+ G5+ G1/
8x8Trax_5118952 Traxplayer vs. Dragon101 : @0+ A0/ A3\ B1/ B0/ C4+ D3+ B0/ C6\ D6\ E1+ B0/ E7+ F3/ E8/
8x8Trax_5121325 JonathanT vs. JiffyJeff : @0/ @1/ C1/ D1/ D2/ E2/ B2+ B0\ @2/ D0/ D5/ @3/ C2+ @2/ B5+ C6+ A3/ G1/ H2\ F0+ E0/ H3/ D1+ G8+ DRAW
8x8Trax_5121326 JiffyJeff vs. JonathanT : @0/ @1/ C1/ C2/ B0+ @2/ A3/ C0/ C0/ C0/ E6+ B7+ B2/ E1/ RESIGN
8x8Trax_5122926 Uncle Chuckie vs. Traxplayer : @0/ @1/ A2\ C1\ C2\ D2\ B3/ D0/ E1/ A1\ E4\ B0/
8x8Trax_5125126 JonathanT vs. Rogue Trooper : @0/ A0/ A0/ @3+ C1/ @2/ @2\ B0+ A1\ @1+ RESIGN
8x8Trax_5128247 ypercube vs. dgb : @0/ A0/ B2/ A3+ @2+ A0+ B5/ D3\ E3\ A5/ @2\ D1+ B0\ A1\ E2/ E1/ A0\ @3/ @3+ B4+ C5+ RESIGN
8x8Trax_5128249 Carroll vs. Dragon101 : @0/ A0/ B1/ C2/ B0/ C2+ D1\ B0/ B0/ @5+ C6+ E5+ A0+ @1\ F1/ G3+ D0/
8x8Trax_5135487 Riika vs. Rogue Trooper : @0+ B1+ B2/ B0/ B0+ B0\ A1\ C4\ @3+ B0+ E6/ E7\ F7\ D8+
8x8Trax_5135494 Azalea vs. JonathanT : @0/ @1/ A2/ B3/ @2+ @2/ A3/ C0+ A2+ @2\ @4+ @4\ B1+ E0+ F1/ A1+ F0+ B7/ @7+ F0/ E1+
8x8Trax_5137088 Rogue Trooper vs. Traxplayer : @0+ B1+ B2/ A0\ @1\ @1+ B3+ A0/ @1/ @1/ B4/ D5/ A3+ D6+ F5+ E0+ F1/ F0/ G4+ @4\ A6+ A7+ D8+ D2+ DRAW
8x8Trax_5137732 Goonerg vs. kaanwi : @0/ B1\ A2/ B2+ C2\ B3/
8x8Trax_5137736 Goonerg vs. JonathanT : @0/ @1/ C1/ D1/ C0+ D3+ C4+ A5\
8x8Trax_5141751 * vs. Charlo : @0/ @1/ B0+ C1+ A3+ @2+ @1/ A0+ B0\ @2+ @2/ B4+ D5/ B6+ @2/ B5+
8x8Trax_5146504 Rogue Trooper vs. Traxplayer : @0+ B1+ A0/ A3/ @3/ @3+ B1+ @3+ D4+ E4\ F4+ D5+ A1\ A0\ @3+ B0/ C1/ H5\ E2/ C6/ C7/ D8+ E1/ G1+ DRAW
8x8Trax_5150376 Marko vs. Dragon101 : @0/ A0/ B1+ @1+ A0+ @1/
8x8Trax_5150420 jazzbeth vs. JiffyJeff : @0/ @1/ B2/ A0+ A0/ A0/ A0/ A0/ C3+ RESIGN
8x8Trax_5150554 Traxplayer vs. coopaah : @0/ @1/ B0+ @2+ A0/ @1+ C4/ D1/ E4\ E5\ E1/ F2/ D0+
8x8Trax_5152036 Sir Pussycat vs. marlisam : @0+ @1\ A2/ @2/ A1+ B0/ A1\ A0\ @2\ D2+ E3\ B0/ C1/ C6\ D5+ E3+ A1\ A0\ E7\ F7\ D2\ D1/ E2\ B1/ B0/ F7/ G7/ H6\ E2/ F2/ A1+ G1+ H8/ A8/
8x8Trax_5152113 Rogue Trooper vs. jazzbeth : @0+ B1+ A0+ B1+ A0+ B4/ @3+ B0\ D4/ A1+ @2+ A1+ A0/ F5/ D3/ F6\ E7/
8x8Trax_5152136 Dragon101 vs. Riika : @0/ @1/ A0/ A0/ C3/ @3/ D4+ C5+ @4\ B6+ C7/ B8\ @3\ A4+ @4/ @3\ B2+ G1/ G6+ H6/ A6+ D7+ H1+ A8+ H8\ B1\ A1\
8x8Trax_5152275 Charlo vs. Authority : @0/ @1/ @1/ D1/ A0+ B3/ @2/ D0+ F3/ E5+ C0/ C0/ A3+ C0+ @4/ H5\ G3+ C7+ DRAW
8x8Trax_5155588 golfnutrof vs. Rogue Trooper : @0/ A0/ B1/ C1+ @2/ D0/ C1+ D0/ B1+ @4+ C0+ F5/ F6+ G3+ H3/ H1+
8x8Trax_5156870 JiffyJeff vs. JonathanT : @0/ @1/ @1/ C0/ D1+ E1/ F1/ G1+ G2+ F3+ H2/
8x8Trax_5157260 balmoral vs. JonathanT : @0+ A0\ A3/ @3/ A4/ @1+ C5\ D4/ @4+ @3+ @2/ @2/ D1+ B0+ D6/ D7/ C7+ C8\ E1\ H4/ G7\ F8+ H7+ DRAW
8x8Trax_5157300 jazzbeth vs. dgb : @0/ A0/ B2/ A3+ C3/ C4/ D4/ B1/ C1/ C5/ B4/ D3+ C0/ D7\ E5/ E1+ F5/ B6/ B0+ D1+
8x8Trax_5161744 Dragon101 vs. golfnutrof : @0/ @1/ C1/ A2/ @1/ A0/ A0/ B1/ D5+ E5\ E6\ F3+ B6/ E7\ A6\
8x8Trax_5161992 jazzbeth vs. Traxplayer : @0/ @1/ B2/ C2/ C3/ D3/ D4/ E4/ E5/ F5/ F6/ G5/ H6/ G7+ G8/ E7+ D5+ G4/ D7/ C7+ C8+ E3+ E2+ C4/
8x8Trax_5162787 Elvis vs. JonathanT : @0/ A0/ @2\ A1\ A0\ C2\ B1/ B0/ C4+ D4\ D5\ E5\ B6/ C7+
8x8Trax_5164201 coopaah vs. JonathanT : @0/ @1/ C1/ D1/ B2+ A0+ C0\ E3/ F2\ B5\ G1/ E0+ G6+ F7+
8x8Trax_5164202 JonathanT vs. coopaah : @0/ @1/ C1/ D1/ B2+ A0+ B0+ E3/ F3/ C5/ F0/ G1/ C0\ B1\ D0+
8x8Trax_5164205 coopaah vs. Traxplayer : @0/ A0+ A3/ B1\ @1\ @1+ C0+ D5\ E3+ A5/ C6\ @4/
8x8Trax_5164206 Traxplayer vs. coopaah : @0/ @1/ B0/ B3\ C1+ @1+ C0/ @3\ @3\ B1+ E5+ @1\ A0\ B5\ @2+ E5+ F1+ D0/ G8/
8x8Trax_5164209 JonathanT vs. fressjoseph : @0/ B1\ A2/ @2\ D1/ D2\ C0/
8x8Trax_5164210 fressjoseph vs. JonathanT : @0+ @1+ A0/ A3/ B3+ @2+ @2\ E3\ @2/ E4+
8x8Trax_5164211 JonathanT vs. Traxplayer : @0/ @1/ @1/ B0+ @2/ D3+ B4+ @2/ A0+ @2\ @2\ A1\ C0/ E0/ F2+ @5+ C6+ D8+ G1/ B1+ A1\ B7+ H7\ G8/ H1\ DRAW
8x8Trax_5164212 Traxplayer vs. JonathanT : @0/ @1/ B0/ @1/ C0+ @1/ C0+ @2+ C0+ C5+ E6/ F5+ C6/ C7/ C0/ G6+ B7+ A5+ @3/ E1+ F1\ G2/ H5+ H4+ B7+ B8/ A8+ DRAW
8x8Trax_5164213 JonathanT vs. dgb : @0/ A0/ A0/ A4/ A5+ A6/ A7+ @5\ C6/ @6/ A7/ A1\ A0/
8x8Trax_5164214 dgb vs. JonathanT : @0+ @1+ C1\ C2\ B3\ B4+ B0/ D1+ B0/ B0/ E1/ RESIGN
8x8Trax_5164215 fressjoseph vs. Traxplayer : @0/ @1/ A2\ C1\ B2+ B3\ C3+ D2\
8x8Trax_5164216 Traxplayer vs. fressjoseph : @0/ B1\ A2/ @2\ B3\ A3/ C2\
8x8Trax_5164219 Traxplayer vs. dgb : @0/ A0/ @2/ @1+ C0/ D1/ A0+ @1\ C0/ @3/ A4/ G5+ D6+ B1\ B0\ H4/ G3+ F2+ A6/ H3/
8x8Trax_5164220 dgb vs. Traxplayer : @0/ @1+ B2/ @1/ D1\ B0+ @3\ D4/ B5+ C6/ C7/ D0/ E1/ F1/ @6/ A7/ F5+ @4\ A3\ D2+ D1+ F6+ DRAW
8x8Trax_5164225 Justvisiting vs. Riika : @0/ A0/ @2\ B0+ C2/ A1\ @1+ A0\ C1\ E4+ @2\ E5+
8x8Trax_5164226 Riika vs. Justvisiting : @0/ B1\ A2+ A3\ B2\ C2\ B3\ B4\ C3\ C4+ D4\ @2\ @2\ E5\ F1+ C5/ G4/
8x8Trax_5164229 Darth Rob vs. Riika : @0+ B1+ @1/ A2/ A3+ @2+ B4+ @2+ D0+ @3+ B4/ A2\ C1/ A5/ @3/ A5+ @4+ A2\
8x8Trax_5164230 Riika vs. Darth Rob : @0/ B1\ A2+ A3\ B2\ C2\ B3\ B4\ C3\ D3\ C4\ C5\ D4\ E3+ C0+ D6\ F4/
8x8Trax_5164231 leewisdomjr vs. Riika : @0+ B1\ B0/ C1+ A3/ A4/ C2+ @3+
8x8Trax_5164232 Riika vs. leewisdomjr : @0/ B1\ A2+ A3\ B2\ C2\ B3\ C3+ A4/ @4/ D4\ C5/ E3/ A3\ @3\ G3/ A1\ C0/ @3\
8x8Trax_5164235 thebodywall vs. Authority : @0+ B1+ B0\ B3\ C3+ D3/ C1+ C0/ E1+ F1\ B0\ A1\ @1\ G5\ G1/ H4\
8x8Trax_5164236 Authority vs. thebodywall : @0+ @1+ C1/ C0/ B3\ D2\ C0+ @3+ B1\ F3+ B0/
8x8Trax_5164237 thebodywall vs. jazzbeth : @0+ @1/ A2+ B0/ C1+ D2/ C3+ B4+ @3/ B4/ A4+ C5+ F3\ F4\ F5\ G5\ G6\ G1/ G7\ H2/
8x8Trax_5164238 jazzbeth vs. thebodywall : @0/ B1/ B0\ A3+ B4/ C4+ B5/ B6+ D5+ @5/ A6/ E2/ E1/ E0/ F5+ C8+ B2+ A2\ @2+ B1+
8x8Trax_5164239 MountainMist vs. Authority : @0/ @1/ B0+ A3\ B0+ A1+ @1+ B0/ C5+ @2/ E2/ A5/ A6/ @4/
8x8Trax_5164240 Authority vs. MountainMist : @0/ B1+ C1/ C0/ B0/ D2+ A1\ @2\ B0/
8x8Trax_5164241 MountainMist vs. jazzbeth : @0+ @1/ A0/ @1+ A0\ A0\ @1\ D1/ E2/ C0/
8x8Trax_5164242 jazzbeth vs. MountainMist : @0/ B1+ C1/ A2/ C0\ B1\ @3+ B4\ A0\ @2/ E1/ E0/ F3/
8x8Trax_5164243 Authority vs. jazzbeth : @0+ B1/ @1/ C0\ B1+ A3/ A4+ C3+ @4\ C5/ E2/ E0/ F3/ @4/ A6\ @4+ D2\ G5+ D7+ D1\ D0+ C3+ E8+ H2+
8x8Trax_5164244 jazzbeth vs. Authority : @0/ @1/ B2/ C2/ C3/ D3/ D4/ E4/ E5/ F5/ F6/ G6/ G7/ H7/ E3/ F3/ D5/ C5/ G3/ H3/ F2+ E6+ B5/ B7+ F1+ A7+
8x8Trax_5164245 Carroll vs. ypercube : @0/ B1/ C1\ B2/ B3/ B0+ C1+ C0/ D3\ D0\ E3/ D5\ F5\ F6\ G6\ E1/ H5+
8x8Trax_5164246 ypercube vs. Carroll : @0+ B1+ B2+ C1+ C2\ A2/ C3\ D3\ A4+ E3\ A0\ @3/ D6+ D1/ D0/ B7/ B0\ A1\ @3/ @3+ B6+ A4/
8x8Trax_5164247 Carroll vs. SIRI : @0+ @1/ B0\ C2\ A3/ B4/ A4/ @3/ @3/ A4/ D5+ @1\ A0\ C7+ A6+ C8/ @5+
8x8Trax_5164248 SIRI vs. Carroll : @0/ @1+ @1\ C0/ B0/ C4/ D2/ C1/ C0/ D2/ D1+ E2\ E3+ B6\ A5+ A0\ @1\ G6+ A6+ E8+
8x8Trax_5164249 Carroll vs. BrnIdGirl : @0/ B1\ B2\ C2+ A0/ A0/ D3+ @2+ A4\ B5/ F1/ F0/ @4\ F5+ G5\ H5\ F6+ E6+ A7+ F1\
8x8Trax_5164250 BrnIdGirl vs. Carroll : @0/ B1/ @1\ C0+ D2\ C3/ B3/ @2+ @2/ A4+ B5/ G2/ G1/ E0/ H2/ H0+
8x8Trax_5164251 ypercube vs. SIRI : @0/ B1\ B2\ A2+ @2/ C3\ @3\ D4\ E1+ B1\ C0\
8x8Trax_5164252 SIRI vs. ypercube : @0/ @1/ A2\ @2/ A3/ D1\ C2+ @3/ E0\ F1/ E0\ F4\ C5\ G4/
8x8Trax_5164253 ypercube vs. BrnIdGirl : @0/ B1\ A2/ @2+ B3\ C3\ A0/ B1/ C5\ A4+ D4+
8x8Trax_5164254 BrnIdGirl vs. ypercube : @0/ A0/ @2+ B0+ @3\ D1/ @1\ C0/ C0/ E5\ F4\ D6\
8x8Trax_5165109 Traxplayer vs. Marko : @0/ B1\ A2/ RESIGN
8x8Trax_5168254 Carroll vs. golfnutrof : @0+ @1+ B0+ B3/ @2\ @2\ C4\ B3+ A1+ D0/ E1/ E0/ E6\ F6+ E7/
8x8Trax_5169032 dgb vs. jazzbeth : @0/ @1/ @1/ A0/ @2/ A3/ @3/ D1/ D0/ D5+ B0+ @1+ F1\ G2+ C7+ @3+ F0+
8x8Trax_5169033 jazzbeth vs. dgb : @0/ A0/ B2/ A3+ A4/ C2\ C3+ D3\ C4\ A5/ B5+ @4+ @3/ @4\ @3/ C2+ C5+ D6+ E6+ C1/ C0/ F2+ E8/ H6+ H3+ H7+ F8+ H8+ F1/ G1/
8x8Trax_5169413 JonathanT vs. Elvis : @0/ A2\ B1/ @1+ @1\ A0\ @1\ D0\ B1+
8x8Trax_5170277 JonathanT vs. Judy : @0/ A2\ B1/ B0+ B0\ @2+ @2/ B0\ A1\ @3/ @4+ A2+ D0+ F2+ B6+ E7\ @3/
8x8Trax_5172005 dgb vs. ypercube : @0+ @1+ C1\ C0\ B0/ B4/ @3\ B2+ C0/ RESIGN
8x8Trax_5172006 jazzbeth vs. Traxplayer : @0/ @1/ B2/ C1/ D2/ E2+ C3/ C4+ E1/ F1+ G2/ B4/ B0+ F4+ E1/ B0/ H4+ E1/ B0/ G3+ A7+ A8/ D8/
8x8Trax_5172007 Charlo vs. Sir Pussycat : @0/ B1\ A2/ A0/ @2+ D1/ C0+ @3/ F2+ E1+ E0/ A6/ @4/ E5+ A3\ B2\ @3/
8x8Trax_5172008 LyndiLoo vs. Authority : @0/ @1/ C1/ @1/ A0+ A3/ @2\ C0+ @4/ A5/ C5+ G1/ G0/ G6+ F7+
8x8Trax_5174574 JiffyJeff vs. Traxplayer : @0/ @1/ @1/ @1/ A0/ A3/ A4\ @1+ C1+ @2/ E0\ G2\ E5+ D0\ B2/ D7+ H4+ B7/ A5/
8x8Trax_5176438 TallPaul vs. Rogue Trooper : @0/ A0/ B1+ B0+ B4+ C4\ D4\ A5\ B6/ D7+ E4\ B8/ A8/ @8/ @5+ H7+ H8\ B2+ G2+ H3+
8x8Trax_5176564 Goonerg vs. Eriisa :
8x8Trax_5178322 marlisam vs. Goonerg : @0/
8x8Trax_5178560 Carroll vs. jazzbeth : @0/ @1/ A2/ C2/ @1+ C0/ D2+ C0+ B5/ B6/ @6+ @5+ G6+ D7+ C0\ A4\ H6/ B1\ G4/ H4+ F2/ H7+ F1+ G2+ B8+
8x8Trax_5180625 Rogue Trooper vs. Authority : @0+ @1+ A2\ B0/ B0+ C3+ B0/ A2/ D4/ @3/ D1/ D0/ E2+
8x8Trax_5182602 dgb vs. Charlo : @0+ A2/ B1\ A3/ @3/ @3+ C4+ E2/ D0+ F3+ F6\ G6\ F7\ D0/ B7/ A7/ F1+
8x8Trax_5182603 Charlo vs. dgb : @0/ A0/ A0/ A4/ B4+ C3\ @1+ C5+ E2+ C0+ A1\ E0/ F4/ A1+ A0/ @3\
8x8Trax_5182606 dgb vs. ypercube : @0+ B1\ @1\ B0\ B3+ D2\ C1+ E2+ C4+ B0+ B0/ C0\ D1+ F4/ E3+ A1\ D8\ E8+ F2\ @2/ A3+ @3+ H8\ H1+ D7/ B5+ C7+ A5+ G7+ DRAW
8x8Trax_5182607 ypercube vs. dgb : @0/ @1/ B0/ @1+ C0/ @3\ @3\ B1+ @2+ @2/ F4/ C5/ B3+ D6+ H4\ G5+ B0\ A1\ E1+ B0+ B7+ A7/ A8/ E1/ DRAW
8x8Trax_5182608 Justvisiting vs. Charlo : @0/ @1/ A2+ @2+ C0+ D2+ B4\ E4+ D5\ C0\ E3/ F5/ E2+ F6\ A3+ G6/
8x8Trax_5182609 Charlo vs. Justvisiting : @0/ B1\ A2/ B0\ @2+ B4/ D2\ C4+ D0/ E2+ A1\ @1\ C0/
8x8Trax_5182612 Justvisiting vs. ypercube : @0/ @1/ A2+ @2+ D1+ E1+ B3\ B0\ A1\ A0\ @1\ A0\ @1\ @1+ B0+ C6+
8x8Trax_5182613 ypercube vs. Justvisiting : @0/ A2+ B2/ A3+ C2/ B3+ A4/ D3\ D4\ D1/ E3+ F4/ D5/ F5\ B4\
8x8Trax_5182614 Charlo vs. BrnIdGirl : @0/ B1\ A2/ @2+ @2\ B0+ C4/ B0\ D4+ B6/ A6/ @4\ E6\ C7/ F6/
8x8Trax_5182615 BrnIdGirl vs. Charlo : @0/ A0/ @2+ A3+ @1\ C0+ B0/ C0\ D2\ A1+ @2/ E5\ F3/ D6\
8x8Trax_5182616 Charlo vs. ypercube : @0/ A0/ B2/ A0/ B4+ B1/ C1+ @1+ C0/ B6\ B7\ B0+ @2/
8x8Trax_5182617 ypercube vs. Charlo : @0/ @1/ B2/ C2/ B3/ A0\ @1\ E3/ E5+ F3/ B5/ B6/ F2/ G2/ C0+ A6\ B4+
8x8Trax_5182618 BrnIdGirl vs. ypercube : @0/ B1/ @1\ C0+ D2\ D3\ C3+ C4/ C5/ E2/ E1/ E5\ F3/ D6\
8x8Trax_5182619 ypercube vs. BrnIdGirl : @0/ B1\ B2\ C2+ B0+ B4\ D4/ @2/ E1/ E0/ F3\
8x8Trax_5187175 Sweetpea vs. Miss Traven : @0/ A2\ B2\ B3\ A0\ C4/ @2\
8x8Trax_5187278 Christine vs. Miss Traven : @0+ B1/ B2\ C2\ A2+ B0\ C4+ A1+ @1\ A2+ B0+ A4/ @2/ A4/ D1+ F5\ C0+ C7\ C0+ F8/ @5\ E8+
8x8Trax_5189796 Rimon vs. Goonerg : @0/ @1/ B2+
8x8Trax_5191548 JonathanT vs. marlisam : @0/ B1\ A2/ @1+ @1\ A0\ @1\ B3+ B0+
8x8Trax_5191573 Sir Pussycat vs. Goonerg : @0+ A0/ @1/
8x8Trax_5191665 * vs. psychospaz mom : @0/ B1\ B2\ A2+ @2/ A3/ C4/ @2\ A1\ B0\ B5/ @2\ A1\ B0\ E1/ @2\ G2\
8x8Trax_5191701 Charlo vs. TrueIndian : @0/ A2\ B1/ B0+ @2+ C0+ D2+ C0+ @4+ D0+ B3\ D0+ E4/
8x8Trax_5192607 Miss Traven vs. Sweetpea : @0/ B1\ B2\ A2+ B3/ B4/ A3+ C3/
8x8Trax_5193998 Traxplayer vs. golfnutrof : @0/ @1/ B0/ @2/ A0+ @1\ D0/ E1/ A1\ A0\ @3+
8x8Trax_5200348 Traxplayer vs. golfnutrof : @0+ @1+ C1/ @1+ @1/ A2/ E2\ F1/ C0/ C3+ D4/
8x8Trax_5200364 jazzbeth vs. JiffyJeff : @0/ @1/ B2/ A0+ C2\ D2\ C1+ A0/ A4/ @4/ @4+ RESIGN
8x8Trax_5200491 Traxplayer vs. dgb : @0/ A0/ @2+ B0+ @2/ D2\ C4/ C5/ C6/ B0+ @4\ B5+ @1\ C8/ B6+ F7+ RESIGN
8x8Trax_5202032 Rogue Trooper vs. Traxplayer : @0+ B1+ A0/ A3/ @3/ @3+ B1+ C0+ E3/ F2\ @4/ A3+ D5+ F4/ H4\ F5+ D6/ G1+ B6/ D7/ E0+ F7/ A7/ A8/
8x8Trax_5203433 Dragon101 vs. JonathanT : @0/ @1/ B2/ B3/ @1/ C0\ D2\ @2/ E3\ F3+ E1+ G3+ C4+ C5/ B4+ A1+ C0+ B0/ D1+ F2+ F6+ D0/ H6+ G5+ DRAW
8x8Trax_5207252 Christine vs. Miss Traven : @0+ B1+ A0/ A3/ @3+ D2\ @3+ C0\ B1\ B0\ A2/ @2/ B4\
8x8Trax_5210550 jaha vs. dgb : @0/ A0/ @2\ B0\ RESIGN
8x8Trax_5214069 JonathanT vs. Elvis : @0/ @1+ @1\ A2/ B0+
8x8Trax_5222043 Rogue Trooper vs. Traxplayer : @0+ B1+ A2+ @1+ @1+ E1+ D0/ E3\ F3\ F4\ A3\ B1/ D0/ @3+ @3+
8x8Trax_5225048 marlisam vs. Sir Pussycat : @0/ B1\ A2/ B2+ C2+ @2/ A0/ C4/ C5\ A4\
8x8Trax_5225068 LyndiLoo vs. Goonerg : @0+ A0/ B2+ A3/ B3+ B4+ C2\
8x8Trax_5226813 Goonerg vs. volvath : @0/
8x8Trax_5228431 JonathanT vs. Elvis : @0+ @1\ C1\ @1+ E1/ E0/ @2/ E1\ B3+
8x8Trax_5228439 JonathanT vs. Rogue Trooper : @0+ B1+ B2+ C1+ C2+ D1+ A2/ B3+ @1+ B0/ @2/ B4+ C5+ C6/ A5+ @6\ C7+ B1/ B0/ @6/ F1+ G1/ H4+ H5\ B3+ F7+ G7+ DRAW
8x8Trax_5228440 Rogue Trooper vs. JonathanT : @0+ @1+ A0/ A3/ @3/ D2+ B4+ D3/ E3/ F3/ F1/ G2/
8x8Trax_5228441 JonathanT vs. ypercube : @0+ @1+ B2/ A0\ A0\ @4/ A5/ @5+ A6+ B6+ E4/ B7/ B8/ @5\ F5\ G3\ E2+ B3+ H4/ A7\ G6\ G7+ F2+ A2+ A1+ G8+ H8+ F7/ D8+ B1+
8x8Trax_5228442 ypercube vs. JonathanT : @0/ @1/ B2/ B3/ B0/ A0+ @2\ B0/ A5/ @4\ E4+
8x8Trax_5228443 Rogue Trooper vs. ypercube : @0+ @1+ A0/ A3/ @3/ @3/ B1+ C0+ C5+ D4\ E4\ E5\ E6\ F6\ C7+ F2/ G3/
8x8Trax_5228444 ypercube vs. Rogue Trooper : @0/ A0/ B2/ B3+ B4\ C2/ C1/ D4+ E4/ F1+ E0/ E0/ F1/ G1/ G4+ A2\ H1+ E0+ G7\ H6\
8x8Trax_5228445 dgb vs. Carroll : @0/ A0/ A0/ @2+ A0/ C3+ B5\ B6\ @4\ A2+ @4\ @3/ @2+ B1\ B0\ A1\ H3\ H2+ G7\ H6+ C0/ D1+ E7+ G2/ G1+
8x8Trax_5228446 Carroll vs. dgb : @0/ A0/ A0/ A4/ A0\ @4+ C5+ @5\ A3+ D6\ D7\ E4\ F3+ C0/ D1+ F1/ RESIGN
8x8Trax_5228447 dgb vs. Traxplayer : @0+ B1+ C1\ @1/ D2+ E1+ D0+ C4+ B3+ C5\ D4\ E4\ E5\ E6+ F2/ F0/ G1/ B7/ A6/ C8/
8x8Trax_5228448 Traxplayer vs. dgb : @0/ A0+ @2+ @2/ D2+ B0/ A2+ C4/ E3\ B0+ B6+ @1\ A0\ E7+ A0/ B1/ A8+ C2+ @7\ B6+ A4+ E2/ F3/ F2/ G2+ H2\ DRAW
8x8Trax_5228449 Carroll vs. Traxplayer : @0/ @1/ A0/ @1/ @1/ C0+ C4+ @1\ A0\ F5/ F4+ C4+ F3+ C5/ @2+ H3/ H2/ F1+ F6/ G0+ B5+ F8/ H7+ A1/ A6/ A7+ A8\ B8+ D2+ DRAW
8x8Trax_5228450 Traxplayer vs. Carroll : @0/ @1/ B0/ B0/ @1+ B0\ B0\ A1\ @1\ D6\ E6\ @1+ C0+ @4/ A5+ @3\ B2+ A2+ A1+
8x8Trax_5228839 Rogue Trooper vs. jazzbeth : @0+ @1/ @1+ C0/ C0/ C4/ B1+ A1/ D2+ A4/ @4/ @4+ B5/
8x8Trax_5228853 Azalea vs. Dragon101 : @0/ A0/ @2/ @1/ A2+ @2+ C3+ B3/ B4/ @2/ C5/ C6/ F1+ E0/
8x8Trax_5231762 Sir Pussycat vs. golfnutrof : @0+ B1+ A2\ B0/ A1+ @2+ B4\ D2+ A4/ B5\ D3+ E2+ D6\ E6\ A5+ @4/ C6/ E7+ A6/ @4/ C7+ H2+
8x8Trax_5231855 golfnutrof vs. Charlo : @0/ A0/ @2/ A0+ @3/ @3+ C4+ E2/ D0+ F2\ @4\ B1+ H3/ F0+ E7+ E8\ C1\ C7\ B7+ B8/ A8/
8x8Trax_5232387 JonathanT vs. Elvis : @0/ B1+ C1/ C0\ B1+ A3/ B4/ A1+ @3/ A4/ @4/ @1\ A0\
8x8Trax_5238013 Traxplayer vs. Authority : @0/ @1/ @1/ D1/ B0\ D3/ E2+ D0\ A4/ C5/ @4/ C1/ @3+ C1+ D0/ D0/ F2+ G4+ A3+ E0+
8x8Trax_5239769 Authority vs. TallPaul : @0/ A0/ @1/ C2+ D1\ C0\ @2+ C4/ B4/ D5\ E5\ F3/ @3+ D6+ B5+ H5\ H6\ F7/ D7/ G0+ H1/ A2+ C1/ A8\
8x8Trax_5239825 davidmilne vs. TallPaul : @0/ A0/ B1+ C1\ C0\ D2\ D4+ C5\ @5/ A6\
8x8Trax_5239826 TallPaul vs. davidmilne : @0/ @1/ A2+ B3/ C2+ D3/ B0+ A0/ @3/ @3/ @3/ A0+ @3/ C0\ H8+ F1/ G3+ E8/ C7+
8x8Trax_5241157 Rogue Trooper vs. Traxplayer : @0+ B1+ B2/ A0\ A4\ @3+ @3/ D5/ B6+ C7/ D6+ @5+ B7+ @6+ B8\ G5+ H5/ F8+ A4/ H6\ G7\
8x8Trax_5243230 Charlo vs. Sir Pussycat : @0/ B1\ A2/ A3/ @1\ B0/ @2+ E1/ C0/ E4/ A2+ A1\ C0/ D6\ E7/ E2/ A7/ D8\ @7\
8x8Trax_5243297 Traxplayer vs. golfnutrof : @0/ @1/ B0/ @1+ C0/ @3\ @3\ E0+ F2\ F4\ F5\ B2+ @3+ B1+ E5/ G6\ H2/ H1+ G0/
8x8Trax_5243456 Jenny Poo vs. DarkIzeul :
8x8Trax_5243513 Charlo vs. Riika : @0/ A0/ @2+ C1+ @2+ B3\ B0+ A2+ E2+ @3\ @2/ G4\ G5\ @3\ D0/ C5+ C6/ C7/ D6+ C1+ C0\ B1\ G3/ G2/ G1/ F7\ G8/
8x8Trax_5244912 gigino42 vs. 1926 : @0+ B1+ A2/ C1+ @2\ A1+ C2+ B0/ A1+ E2+ @2+ @2+ @2/ A3/
8x8Trax_5245827 marlisam vs. Goonerg : @0+
8x8Trax_5247556 bw5550 vs. DarkIzeul : @0/ B1\ B0+ B3/
8x8Trax_5250282 ken vs. Goonerg : @0+
8x8Trax_5250670 ypercube vs. jaha : @0/ A0/ B2/ B3/ C3/ @2\ @2\ D4+ F3/ B3+ G4\ E5+ G2\ @3+ D0+ E1+ H2/ F1+ B2+ D0+ B2+ B1+ C0+ A3\ B7+ D7/ D8/
8x8Trax_5254490 Uncle Chuckie vs. Rogue Trooper : @0/ A0/ B2/ A3/ B4+ C2/ C1/ D4+ B5/ E1+ @3/ C0+ G3/ G5\ F6\ H5/
8x8Trax_5254662 Dragon101 vs. LyndiLoo : @0/ @1+ C1/ B2/ C0/ D1/ D0/ D0+ E2\ E5+ B6+ B7+ F3+ E1+ E0+
8x8Trax_5259403 bw5550 vs. DarkIzeul : @0/ B1\ B2\ A0/ @1\ A0/
8x8Trax_5260601 DarkIzeul vs. Jay RAA : @0/ B1\ A2/ A0/ A4\ B4\ B5\ C5\ A6/ @5\ D1\ E6\ C7+ B0\ A2/ @6/ B7+ E1\ B4+ F4\ F6/ G6/ G4+ H6\ G7+ G8+ H3/ A5\
8x8Trax_5263360 Miss Traven vs. Gypsyfire : @0+ B1/ @1/ B2+ C2\ D1/ @2/ A3/ B3+ A1+ A4\ C3\ C4\ D3+ @3/ @1\ C5\ B0\
8x8Trax_5264223 Goonerg vs. Rimon :
8x8Trax_5264225 JiffyJeff vs. Goonerg : @0/
8x8Trax_5266109 Dragon101 vs. golfnutrof : @0/ @1/ @1/ C2\ D1/ B3+ @1/ A0+ C0+ F1/ C0/ C0\ B1\ A1\ @3\ B0+ H4+
8x8Trax_5266618 Dragon101 vs. Jamie Cricket : @0/ @1\ A0/
8x8Trax_5270712 marlisam vs. Rogue Trooper : @0/ A0/ B2/ A3/ C3/ B1/ C2+ D1\ E2/ A4+ E3\ F3\ F1/ G2+
8x8Trax_5270949 ypercube vs. jazzbeth : @0/ @1/ C1/ C2/ D1/ B0\ B0+ A1\ @2/ D0+ @2\ B1/ A4/ D5+ @4\
8x8Trax_5271579 JonathanT vs. Jay RAA : @0+ @1/ C1+ A0/ @2/ A3/ @3/ A4/ B5+ E5\ E6/
8x8Trax_5273398 Rogue Trooper vs. Charlo : @0+ A0\ @1/ B3\ C3\ D3+ B4+ A4/ C1+ @4/ D5/ @3+ F0/ G4/ G1+ H4/ B7/ A7/ C8+ A2+ C1+ E7+ F8/ G8+ D1+ A1\
8x8Trax_5273534 dgb vs. Dragon101 : @0/ A0/ A0/ A0/ @2/ A3/ @3/ D2\ @1+ D0+ C0+ B6/ @1\ C0+ A5\ @5\ A3+ @3\ A1+
8x8Trax_5275485 Rogue Trooper vs. Charlo : @0+ A0/ B1\ A3/ A0/ @2/ D1/ B0/ @4+ D5\ D6\ B6+ C7/ @4\ G3\ G4\ H4+ B3+ E8+ H5+ H7+ H8/ A5+ B7+ DRAW
8x8Trax_5275655 dgb vs. Carroll : @0/ B1+ C1/
8x8Trax_5275660 Dragon101 vs. jazzbeth : @0/ @1/ B2/ C2/ D2/ D3/ D4/ B3/ C4+ A3/ B5+ B6/ @6+ E1/ F3\ C7\ D6/ G3+ G4+ H1/ H0+ H5\ F7\ G7+ E8/
8x8Trax_5277545 Azalea vs. Riika : @0/ @1/ B0+ C1\ D2\ A3+ @1+ C0/ E2+ B5/ C5+ B6/ A6+ @2/ B7+ G3+ C7+ D8/ E8+ F4+ G4\ F7+ H3+ H2/ H1+ A4+ A6/ G7/
8x8Trax_5279289 Goonerg vs. Lorraine of the Renegades :
8x8Trax_5279333 Sir Pussycat vs. Goonerg : @0/
8x8Trax_5280527 Christine vs. Miss Traven : @0+ @1+ B2/ A0\ @1+ D2/ @1+ E1+ D0+ C1+ D0/ E5\ F4\
8x8Trax_5288304 Dragon101 vs. golfnutrof : @0/ @1/ B2/ @1\ C0+ C4/ D2/ E2\ A3+ E4+ C5/ F2/ F1/ F0/ A6/ C1\ B7/
8x8Trax_5288318 jazzbeth vs. TrueIndian : @0/ A2\ B1/ B0+ A0/ @1+ D1\ D0/ E3/ D4+ D0/ B2+ C6+ E2+ F4/ E6+ @3/ F7\ H5\ D7/ D8/ B6+ G8/ H7+ A7+ B1\ A1/
8x8Trax_5288404 Traxplayer vs. Dragon101 : @0/ A0/ @1/ @1/ D1/ D3/ C0+ A3/ @3/ A4/ @4/ A5/ @2+ E0+ H6\ F7+ C0+ G2/ H2\
8x8Trax_5290138 * vs. DINGEROO :
8x8Trax_5290957 Granny Walrus vs. bw5550 : @0+ B1\ C1/ C0+ A1/ D1\ E2/ @1/ D3+ D0/ B4\
8x8Trax_5294982 JiffyJeff vs. Goonerg : @0/
8x8Trax_5295043 golfnutrof vs. Sir Pussycat : @0/ A2\ B1/ B0+ B0\ @3/ C4\ D3/ C5+ D5\ E3/ @4\ B6+ E6/ F1/ G3/ E0\
8x8Trax_5296458 bw5550 vs. DarkIzeul : @0+ A0+ B1\ @1/
8x8Trax_5296461 bw5550 vs. DarkIzeul : @0+ A0+ A3/ B2/ @1+ D2/ A0/ A4/ A5+ @3+
8x8Trax_5296594 Goonerg vs. kidgame2001 :
8x8Trax_5296683 leewisdomjr vs. * : @0+ @1+ B0\ A3/ A4/ @2+ A5/ @4\ D4\ D5\ C6\ E2+ F5+ F6\ E7+ D8\ F2/ G4+ A3\ G7/ @2\ B1+ H8+ C7+ D8/ B6+ A6+
8x8Trax_5296940 JiffyJeff vs. DarkIzeul : @0/ B1\ A2/ A0/ C2+ A0\ @2/ C1+ E3+
8x8Trax_5298632 Jenny Poo vs. DarkIzeul :
8x8Trax_5300186 LyndiLoo vs. Sir Pussycat : @0+ B1+ A2\ B0/ A1+ C3\ B4/ C2+ C4\ B5/ A6+ D4+
8x8Trax_5300400 Traxplayer vs. kaanwi : @0+ @1/ C1/ B2/ B3/ B0/ C4\ D3\ C5/
8x8Trax_5303658 marlisam vs. Riika : @0/ @1/ C1/ D1/ B0+ @2/ C3\ A0\ @1\ F1/ G1+ D0+
8x8Trax_5303659 Riika vs. marlisam : @0/ B1\ A2/ @2+ A3\ C2+ B0/ D3\ D2+ @4/ A5/ D5/ A1\ A0\ @4+
8x8Trax_5303662 marlisam vs. JonathanT : @0/ @1/ B0+ A0/ @2/ B4\ D2/ E2/ D3+ @1+ @2/ C0+
8x8Trax_5303663 JonathanT vs. marlisam : @0/ B1\ A2/ A3+ A4\ B4\ B5\ @3+ D4+
8x8Trax_5303666 Riika vs. golfnutrof : @0/ @1/ C1/ C2/ D1/ D3/ D4/ C3+ E4+ B3\ A2/ B4+ @3\ @2/ @3\ F0+ D6+ F6\ F0/ F0/ D2+ H2+
8x8Trax_5303667 golfnutrof vs. Riika : @0/ A0/ B1/ C2/ A3/ D3/ A0+ @1\ A0\ @4+ C0/ D1/ E3\ F7\ G6/ A7/ D8+ @7\
8x8Trax_5303668 Riika vs. JonathanT : @0/ @1/ C1/ C2/ D1/ E1/ C0+ B3/ E0/ RESIGN
8x8Trax_5303669 JonathanT vs. Riika : @0/ @1/ B2/ B3/ C3/ C4/ C5/ B4+ A5/ A6/ A0+ D4+ RESIGN
8x8Trax_5303670 Riika vs. dgb : @0/ A0/ A0/ @2+ @3\ C4/ D3\ A5/ @5/ C6\ D6\ E5\ F1+ F6\ G2/ E7/
8x8Trax_5303671 dgb vs. Riika : @0/ @1/ A0/ @2/ B0+ C1+ C0+ D3\ D5+ D6/ E5+ F5\ A7+ @4/ D8\ E7+ F6+ @6+ F8\
8x8Trax_5303672 golfnutrof vs. JonathanT : @0/ @1/ B0/ A0/ @1/ @1/ E3/ C4/ F4+ C5+ C0+ B4+ D1/ E1+ F3+ E0/ A1\ @3+ H4/ H2+ B5\ C7/ B6+ C0+ D1/ DRAW
8x8Trax_5303673 JonathanT vs. golfnutrof : @0/ @1/ A0/ @2/ B0/ @3/ A4/ D1+ B5+ @2+ A0+ C7/ F6+ F7\ C8/ F8\ G8\ A6/ @4+ B7+ H5+ G2/ A1\ DRAW
8x8Trax_5303676 JonathanT vs. dgb : @0/ A0/ @1/ B0+ @2/ D2\ E2\ B3+ C4/ C5/ C6/ A6+ @5+ B0+ A3/ @6\ @5/ F8/ G4+ F1/ G1/ H7+ A4+ C8+ A3+ A7/ H2+
8x8Trax_5303677 dgb vs. JonathanT : @0+ @1+ B2+ C1+ C0+ D2+ D1+ E2+ E3+ D0/ F3\ @3/ A4/ @4/ A2+ E1\ F0/ H3/ F0\ E1\ D3\ RESIGN
8x8Trax_5303678 Rembrandt (aka Shaffyre) vs. Miss Traven : @0+ B1+ B2/ A0\ B1+ C1/ A0\ @1\ @2/ B0/ D1/ C6/ B6/ C0/ A6+
8x8Trax_5303679 Miss Traven vs. Rembrandt (aka Shaffyre) : @0/ @1/ A0\ @1/
8x8Trax_5303680 Rembrandt (aka Shaffyre) vs. Traxplayer : @0+ B1+ B2/ A0\ B1+ @2+ C4/ D3+ A4/ A5/ C5+ D1/ D0/ D0+ E2\ A1\ @6+ B0/
8x8Trax_5303681 Traxplayer vs. Rembrandt (aka Shaffyre) : @0/ @1/ A0/ B1+ A3+ @2/ D2\ D3+ C4+ A0\ @3+ F4/ G3\ D1/ B0+ F6+ B6/ A6/ C0/ D1/ D0/ E1/ @6/ F5/ G3+
8x8Trax_5303682 Rembrandt (aka Shaffyre) vs. DarkIzeul : @0+ A0+ @2/
8x8Trax_5303683 DarkIzeul vs. Rembrandt (aka Shaffyre) : @0/ A2\
8x8Trax_5303684 Rembrandt (aka Shaffyre) vs. HeatherN : @0+ @1+ A2\ A0\ A0\ @4/ B5\ D4/ D2/ E3\ B0\ A4+ @3+ A4/ D7+ F2/ G3/ G2+ H3\ F8\ G6+ H5\ D8+ A5+ G1+
8x8Trax_5303685 HeatherN vs. Rembrandt (aka Shaffyre) : @0/ B1\ A2/ A3/ @1\ B0/ D2+ C4\ C5\ B5+ E1/ E0/ D7\ E5+ F2/ @3\ @5/ C6+ G7+ H7\ H8\
8x8Trax_5303686 Miss Traven vs. Traxplayer : @0+ B1+ C1\ @1/ D2\ E2+ @1\ B0/ @2/ B3/
8x8Trax_5303687 Traxplayer vs. Miss Traven : @0/ A2+ A3/ B1/ C1+ C0\ C4\ A5/ D3\
8x8Trax_5303688 Miss Traven vs. DarkIzeul : @0+ A0+ A3+ @2/ C3\ @2/ C0+ C0\ B1/ B2/ A2/ @3/
8x8Trax_5303689 DarkIzeul vs. Miss Traven : @0/ A2\ B2\ B3\ B1/ C1/ A0\ @1\ E2/ A3/ @2\ B0/ C1+ A2+ @3/ D0/ F6\ G5\ H5/
8x8Trax_5303690 Miss Traven vs. HeatherN : @0+ B1/ B2\ C1/ @1/ B2+ D0/ B0\ A1\ @3/ @2/ C5\ A5/ A6/ @6/ D6\ C7\ @6\ B7\ E7\ E8\ B8/ H5\ A8\
8x8Trax_5303691 HeatherN vs. Miss Traven : @0/ B1\ B2\ C2\ B0\ A0\ @2/ D5/ C5/ B5/ B6\ A1\ @2\
8x8Trax_5303692 Traxplayer vs. DarkIzeul : @0/ B1\ A2/
8x8Trax_5303693 DarkIzeul vs. Traxplayer : @0/ @1/
8x8Trax_5303694 Traxplayer vs. HeatherN : @0+ @1\ C1\ A0\ A0+ A0\ C2/ C1/ D3\
8x8Trax_5303695 HeatherN vs. Traxplayer : @0+ B1+ A2\ A0\ B1/ B0\
8x8Trax_5303696 DarkIzeul vs. HeatherN : @0/ A2\
8x8Trax_5303697 HeatherN vs. DarkIzeul : @0/ B1\ B2\
8x8Trax_5306837 jazzbeth vs. Traxplayer : @0/ @1/ B2/ B3/ C3/ B4/ A4/ @4+ D1/ A0+ @2/ @2/ B4+ A0\ @3+ F1+ D0\ D0\ B2+ F2+
8x8Trax_5307772 jazzbeth vs. golfnutrof : @0/ @1/ B2/ B3/ C3/ C4/ D4/ B4/ C1/ D5/ E4/ E6+ F5\ B5+ D1+ F3+ A4/ G5\ G6\ G7\ F8+ H5+ D7+ B7+ B8/ A8/
8x8Trax_5307918 ypercube vs. dgb : @0/ A0/ B1/ C2+ A3/ D1\ C0+ B5+ D4+ E2\ F3/ F0+ G2/ D0\ C2+ E0/ F1/ G1/ H5\ DRAW
8x8Trax_5309772 Carroll vs. Traxplayer : @0/ @1+ A2+ @2\ A0/ @2+
8x8Trax_5311780 Goonerg vs. Jenny Poo :
8x8Trax_5314090 Traxplayer vs. ypercube : @0+ @1+ C1/ C2/ D2/ @1\ D0+ E1/ E0/ F3\ D5/ G5/ D6+ G1/ G0/ H5+ B6+ A3\ C2\
8x8Trax_5314091 ypercube vs. Traxplayer : @0/ @1/ C1/ D1/ C2/ D0/ E1/ E0/ F1/ A0\ @2/ G0/ H1/ G7+ H4+ E8+ B6/
8x8Trax_5317946 robertst vs. King Arthur : @0+ B1+ B2/ @1+ C0\
8x8Trax_5317947 King Arthur vs. robertst : @0/ A2+ @1/ C1\ C2+ C3/
8x8Trax_5318469 B Line electric streetcar vs. Traxplayer : @0+ B1+ A0/ A3/ @3/ @3+ D0\ E2+ D4+ B5/ E4/ F3\ E5+ G3+ H3/ H1+ C0/ B3+
8x8Trax_5318470 Traxplayer vs. B Line electric streetcar : @0/ @1/ C1/ @1/ B0\ A3/ D4+ E2/ B5+ C0+ @3\ B1+ A6/ A1\ @4/
8x8Trax_5318471 B Line electric streetcar vs. DarkIzeul : @0/
8x8Trax_5318472 DarkIzeul vs. B Line electric streetcar :
8x8Trax_5318473 B Line electric streetcar vs. JonathanT : @0/ A0/ @2+ A3+ C1+ C3/ D2/ @2\ D0/ F3/ E5+ E6/ E7/ G5+ G2+ C7+ H2/ RESIGN
8x8Trax_5318474 JonathanT vs. B Line electric streetcar : @0+ @1+ @1\ A0\ A0+ @2+ @3\ A4+ C5/ @3\ F1/ D0/ A6/ @4+ H3+ F0/ H2+ B3+ D2+ C7\ D8/ G1/ F7+ DRAW
8x8Trax_5318475 B Line electric streetcar vs. dgb : @0/ A0/ A3+ B3+ B4\ C4\ C2+ B5+ A5/ @5+ RESIGN
8x8Trax_5318476 dgb vs. B Line electric streetcar : @0/ @1/ @1/ @1+ C2+ C3/ C4/ D3+ C5+
8x8Trax_5318477 Traxplayer vs. DarkIzeul : @0+
8x8Trax_5318478 DarkIzeul vs. Traxplayer :
8x8Trax_5318479 Traxplayer vs. JonathanT : @0+ @1+ C1/ C0/ B0/ A1+ @2+ C0/ C5/ E3+ C6/ A5+ B7+ D2/ F2\ F1+ E0+ G4/ @5+ A4\ B2+ G5\ E6+ RESIGN
8x8Trax_5318480 JonathanT vs. Traxplayer : @0+ B1+ B2/ A0\ A0\ B2+ A0\ @4+ C6/ D2+ @3+ @2+ C6/ RESIGN
8x8Trax_5318481 Traxplayer vs. dgb : @0/ @1/ B0/ B0+ @3+ A0/ B5/ D5+ B6/ @4\ D1/ E1/ RESIGN
8x8Trax_5318482 dgb vs. Traxplayer : @0+ B1+ C1\ C2\ B3\ B4\ D2/ B0/ B0/ B0/ D1+ E2+ E6+ F3+ G3\ H6+ G7\ F8+ H8+ A5+ G2/ H2/ E1/ A3+ DRAW
8x8Trax_5318483 DarkIzeul vs. JonathanT :
8x8Trax_5318484 JonathanT vs. DarkIzeul : @0+
8x8Trax_5318485 DarkIzeul vs. dgb :
8x8Trax_5318486 dgb vs. DarkIzeul : @0/
8x8Trax_5318487 JonathanT vs. dgb : @0+ B1+ B0/ C1/ C0/ D1/ E3+ D4\ A2+ C5/ RESIGN
8x8Trax_5318488 dgb vs. JonathanT : @0/ A0/ B1+ B3/ C3/ C2/ C4\ RESIGN
8x8Trax_5319124 Riika vs. jazzbeth : @0/ @1/ C1/ A2\ A3\ B3+ B0+ @2/ D4\ E2/ A0+ @3/ E1+ D0/ G2/ G1/
8x8Trax_5322953 Goonerg vs. volvath :
8x8Trax_5324111 dgb vs. Authority : @0/ @1/ @1/ B0/ @2+ C3/ E2\ D4/ @2\ D0/ E1/ B0+ @4\ C5/ E0+ @6/ D7/
8x8Trax_5324112 Authority vs. dgb : @0/ @1/ A0/ @2+ A0/ B4\ B5\ @1/ A0/ @2/ @2/ F3/ F2/ A0+ @3/ E1/ A4+ D0/
8x8Trax_5324113 dgb vs. Riika : @0+ B1+ C1\ C2\ B3\ D2+ B0/ C4+ C5\ D4\ E4\ E5\ E1/ F4+ D0/
8x8Trax_5324114 Riika vs. dgb : @0/ A0/ A0/ A4/ @3\ @3+ B5\ D4\ E4+ E5\ E6\ F6\ F1+ E7+
8x8Trax_5324115 dgb vs. Carroll : @0/ A0+ A0\ @2/ @2/ A3/ D1\ E1\ D3+
8x8Trax_5324116 Carroll vs. dgb : @0/ A0/ B2/ A3+ A0/ @1+ @2+ C5+ D5+ E4\ C6\ @3\ F6\ F7\ A4+ G3/ F2\ C6+ B1\ D0+ E1/ A7/ RESIGN
8x8Trax_5324117 Authority vs. Riika : @0/ @1/ C1/ D1/ B2+ A0+ B0+ D5+ E3/ @2+ B1+ @2/ @3\ D0\ B2/ C5+ D0\ C1+ E7/ C0/ E1+ A2\ H1+ A8/
8x8Trax_5324118 Riika vs. Authority : @0/ @1/ @1/ D1/ C0\ C0\ E3/ D0+ F3+ E0+ E6+ F6\ G6+ F7/ B7+ C8/ B3\ H6/ D1\ A3+ A1\ G7\ H8/ G3+ H1/ A8/
8x8Trax_5324119 Authority vs. Carroll : @0/ A0+ B1/ @1\ A0\ @2+ C4/ E1\ @4\ D5/ E3\ B6+ @4\ G0/ H2\ D0\ C1\ B4\ F6\ E8\ F7+ G6\ H6\ F8\
8x8Trax_5324120 Carroll vs. Authority : @0/ @1/ A0/ @1/ B0/ C1/ D1/ A0/ @3+ D1/ D5+ F5+ B5+ A5/ C6\ G3/ A7/ @6+ C8+ G1+ H1/
8x8Trax_5324121 Riika vs. Carroll : @0/
8x8Trax_5324122 Carroll vs. Riika : @0/ @1/ A0/ B1+ B0+ @3/ A4/ D4+ A5+ B6+ C0+ A2\ A7+ @2/
8x8Trax_5324772 Traxplayer vs. Goonerg : @0/
8x8Trax_5324844 JiffyJeff vs. Rogue Trooper : @0/ @1/ C1/ D1/ C0+ D3+ A4+ C0+ @5\ C6+ A2\ A1\ @3+ E7\ F5+ G5/ D7/ E0+ C7+ H6/ F2+ D2\ G7\ DRAW
8x8Trax_5324845 Charlo vs. Authority : @0/ A0/ @2/ A0+ @3/ A4/ @1+ @2+ C5/ @4+ A6+ C0\ B1\ A1+ C0+ @5\
8x8Trax_5326546 Rogue Trooper vs. Azalea : @0+ B1+ B2/ B0/ C1/ D1+ C3+ E1+ E3\ E4\ A1+ C0/ @2/ C5/ F6\ A4+ B6+ @4+ H5+ F7+ C0+ F1/ H2+ A3\ A2/
8x8Trax_5326568 Rimon vs. DarkIzeul : @0/ A2\ B2\ @2\ C1/ D1+ D2+ E1/ D0+ D0+ C2+ D5+ C5+ E5\ F5\ D6+ A6/ @5\ E7/ E0\ C2/ @6/ B8+ B5\ A3+ E1\
8x8Trax_5328623 Miss Traven vs. Sweetpea : @0/ B1\ A2/ B0+ @3/ A1\ @2/ E1/ D0/ D0/ F3/ F2/ F1/ C6+ D5\ G1/ F0/ C0+ H3/ A3+
8x8Trax_5328724 Carroll vs. kaanwi : @0+ @1/ A0\ @1\ B0\ A3/ @3/ D4+ E4\ C0\ D1+ D0+ E2\ F6\ D0\ F6/ B2/
8x8Trax_5328749 JiffyJeff vs. Didier : @0/ B1\ A2/ B2+ B3/ A3+ @2\ B4/ A4/ @4/ E2/
8x8Trax_5329024 dgb vs. Traxplayer : @0/ @1/ A0/ @1/ B0/ @2+ @2/ D4\ D0+ F4\ F5\ G5\ E6/ H4/ H3/ E3+ E7/ C6/ B4+ C7/ B0\ A1+ A8+ F3/ F2/ F1/ H1+
8x8Trax_5329025 Traxplayer vs. dgb : @0/ @1+ @1\ B0/ B3/ B0\ @3/ C5/ C6/ D6+ E5+ C7/ C8\ A4+ D2+ @4\ @4\ B6+ G2\ H4\ H2/ F1/ B2+
8x8Trax_5334079 jazzbeth vs. Sir Pussycat : @0/ B1\ A2/ @2+ C2+ @1\ C0+ A1+ D4/ D1+ E1\ E2\ F3/ C4+ F4\ G2\ E5/
8x8Trax_5335241 Christine vs. Miss Traven : @0+ @1+ A0/ B3\ C3+ @2/ E3+ B0\ A1\ @2\ G4+ E5/ H4+ A1\ C5+ B0\ B5+ C7/ A5+
8x8Trax_5337904 Goonerg vs. LyndiLoo :
8x8Trax_5338179 jaha vs. Authority : @0/ @1/ A0/ @1/ B0/ C1/ D2+ A0/ @3/ A4/ E5+ A0/ @3+ @4+ B0\ A2/ D1/ A7/ C0/
8x8Trax_5338184 ypercube vs. Dragon101 : @0/ A0/ B2/ C2/ @2/ @2+ C3+ E1/ F1/ D0\ D0+ C2+ G1/ E0+ G6+ H6/ F7+
8x8Trax_5339562 Goonerg vs. Rimon :
8x8Trax_5340007 Elvis vs. JonathanT : @0+ @1+ B2/ A0\ B4+ C2/ C3\ D2/ C4\ D4\
8x8Trax_5341314 Charlo vs. TrueIndian : @0/ B1\ A2/ @2+ B0+ @3+ B4+ C0\ A1+ A0+ @2/ B0/ D2+ E3+ F2+ F5\ F1/ F0/ G3\ H5+ G7/ A3+
8x8Trax_5344026 LyndiLoo vs. Traxplayer : @0/ @1/ B0+ @2+ C0\ B4\ @2/ E3\ D4+ D5\ E5\ E6\
8x8Trax_5345688 volvath vs. DarkIzeul :
8x8Trax_5348778 * vs. ken : @0/ B1+ B0+ A1+ A0\ B1+ @2+
8x8Trax_5356248 Goonerg vs. Jenny Poo :
8x8Trax_5359461 TallPaul vs. Rogue Trooper : @0/ @1/ A2+ C1+ D1/ D0/ B1+ E1+ D3+ A0+ @3/ E5+ E1/ C6/ B6/ C0+ C0\ G6+ F7\ F8\ G8\ @5+ B1/ E1+ DRAW
8x8Trax_5362672 golfnutrof vs. Carroll : @0+ B1+ B0\ A3+ @2/ B0/ A1\ D3\ @3\
8x8Trax_5367446 hoot vs. jazzbeth : @0/ @1/ C1/ C2/ D2/ D3/ E3/ E4/ F4/ F5/ A0/ A0/ F8/ @3/ H8\ E3+ F3\ E2/ G2/ E1/ H3\ G5/ D5+ C5/ D6/ C1\
8x8Trax_5367447 jazzbeth vs. hoot : @0/ B1\ A2/ C1\ C0\ @2/ @2/ @2/ G2+ @2\ C1+ E4/ E0/ F5\ E6+ F6+ F7\ C1\ C0+ D1+ G7/ A2\ D6/
8x8Trax_5367448 hoot vs. JonathanT : @0/ A0/ A3/ B3/ @1/ A0/ @1/ D2+ @1\ C0+ @2\ @2\ D0/ F3/ C1\ E5+
8x8Trax_5367449 JonathanT vs. hoot : @0+ A2\ A3\ A0+ A0+ B2\ @2\ B6\ D6/ B7/ A5+ @2\ E7\ D8\ F7/
8x8Trax_5367450 jazzbeth vs. JonathanT : @0/ @1/ B2/ A2+ A0/ C3/ C4/ D4/ D5/ @2+ @1/ D1/ A0+ A0/ @3+ C5/ F1+ F0+ G1/ E7+ G3/ H2+ A5/ H7/ D7+ F8/ C8/ B8/ A6+ H6+ H3\ F5+
8x8Trax_5367451 JonathanT vs. jazzbeth : @0/ @1/ B2/ C2/ C3/ D3/ D4/ E4/ E5/ E6/ F5+ F3\ G5/ D6/ D7/ C7/ C8/ B8/ G2/ H3+ A6+ G8+ H5+ H6\ E2+ H2+ F1+
8x8Trax_5367452 Traxplayer vs. DarkIzeul : @0/ A0/ @2/ B0\ C2+ C1+ D1/ B0\ A1\
8x8Trax_5367453 DarkIzeul vs. Traxplayer : @0/ @1/ C1/ D1/ B2+ A0+ D4\ E2+
8x8Trax_5367454 Traxplayer vs. dgb : @0/ A0/ @2+ B0+ @2/ D2\ B4/ E2/ D1+ D0/ E1/ E0/ F3+ G2\
8x8Trax_5367455 dgb vs. Traxplayer : @0/ B1\ A2/ @2/ B0+ A4+ A5/ @3/ @1+ C0/ A6/ RESIGN
8x8Trax_5367456 DarkIzeul vs. dgb : @0/ A0/ A3/ A0/
8x8Trax_5367457 dgb vs. DarkIzeul : @0+ @1+ @1/
8x8Trax_5370702 Dragon101 vs. Traxplayer : @0/ @1/ A0/ @1/ @1/ C0+ E3/ @1\ C0+ A4/ @2+ F2\ B5\ D4+
8x8Trax_5374362 Uncle Chuckie vs. Charlo : @0/ @1/ A2\ C1\ C2\ D2\ B3/ A0\ @2/ E1/ E5\ C0/
8x8Trax_5376232 DarkIzeul vs. Azalea : @0/ A2+
8x8Trax_5376369 dgb vs. ypercube : @0+ @1\ C1\ A0\ A0+ C2+ B4+ @3+ A4/ A5\ A6+ @2/ C6\ D7/ A6/ @6/ D0\ C1\ F7+ G5+ @6+ A5\ A4\ C1+ B1\ DRAW
8x8Trax_5377522 Goonerg vs. psychospaz mom :
8x8Trax_5380151 Rogue Trooper vs. TrueIndian : @0+ @1+ A0+ @2+ @2/ A3/ A1\ @3+ E1+ F2+ D0/ E4\ E5\ G3+ A5/ B6/
8x8Trax_5380168 leewisdomjr vs. * : @0+ A0+ A3+ @2/ C2/
8x8Trax_5380486 Menelao_1 vs. davidmilne : @0/ @1/ B2/ C1+ A0/ C1\ D1\ E1\ B4/ A4/ D0+ @2+ A1\ A0+ @1\ H3+ RESIGN
8x8Trax_5380819 Menelao_1 vs. Authority : @0/ @1/ B0+ A3\ C1\ A0/ A0/ A0/ @4+ E4\ F5/ A0/ @4+ @1/ H4+ A3/ D1/ B5/ C7+ C8+ G3+ G2+ RESIGN
8x8Trax_5380820 Menelao_1 vs. Charlo : @0/ @1/ C1+ A0\ @2/ @2/ F2/ F1/ E0/ C4+ C5+ A5/ @5/ F5\ RESIGN
8x8Trax_5381696 DavidJ vs. Menelao_1 : @0/ @1/ B0/ A0/ C3+ A4/ @4/ A5/ @5/ D6+ A0+ @4+ G4/ @6\ G2+ G1+ A2+
8x8Trax_5382367 * vs. Menelao_1 : @0/ @1/ B0+ C1+ A0\ @2/
8x8Trax_5386013 TrueIndian vs. Dragon101 : @0+ A0/ B1/ B3/ C3+ D2+ @1/ @1/ B3+ F0/ G1/ A1\ B0+ @2/
8x8Trax_5386385 Carroll vs. Menelao_1 : @0/ @1/ C1+ C0/ C3\ D3\ B1+ E3\ E4\ F4\ F5\ G5\ D6+ @6+ B7\ H7+
8x8Trax_5389297 Dragon101 vs. Traxplayer : @0/ @1/ A0/ @1/ @1/ C0+ @1+ C0/ B4/ @2/ C5/ @5+ A6/ A7+ @5\ D8\ B8+
8x8Trax_5389369 Goonerg vs. Jenny Poo :
8x8Trax_5392416 TallPaul vs. Carroll : @0/ B1/ A0+ B3+ C2+ @2/ B4+ @1/ B0+ C6/ A4+ B0\ D6\ F4/ F5+ G5\ A8/ H6/ H7+ E8+ H3/ D8+
8x8Trax_5393556 golfnutrof vs. Traxplayer : @0/ @1/ A0/ @1/ B0+ @2/ A3/ @3/ A4+ B5/ E1/ A0+ @1\ D0/ E2+ A1\ A0\ @3+
8x8Trax_5395068 golfnutrof vs. Authority : @0/ @1/ A0/ @1/ B3/ C4/ D4+ E2\ C5+ B5/ B6/ A3/ @4\ @6+ A7/ A1+ @5/ C0+
8x8Trax_5396927 ken vs. Goonerg : @0+
8x8Trax_5396998 Riika vs. Rogue Trooper : @0/ A0/ A0/ B1+ C1/ C2+ @3+ D0/ @2+ A1\ A0+ @3/ F1/ F0+ G2+ H2\ G6+ C1+ D0+ E1+ F8+ RESIGN
8x8Trax_5400104 TrueIndian vs. Traxplayer : @0+ B1+ A0/ A3/ @3+ @2/ B1+ C0+ D4+ C5+ B5/ @3/ B1+ A6/ @3/ F6/ B7+ G4\
8x8Trax_5400105 Traxplayer vs. TrueIndian : @0/ A2\ B2\ B3+ @2+ C4+ D3+ @2/ @3\ C4+ A1+ B0\ E6+ F6\ C0+ A7/ RESIGN
8x8Trax_5400106 TrueIndian vs. DarkIzeul : @0+
8x8Trax_5400107 DarkIzeul vs. TrueIndian :
8x8Trax_5400108 TrueIndian vs. JonathanT : @0+ @1+ A0/ A3/ @3+ @2/ B1+ A0/ @3/ @2+ A0+ A0/ @2+ @2+ H6\
8x8Trax_5400109 JonathanT vs. TrueIndian : @0/ B1\ B2\ C2+ A0/ D3+ A3/ B4\ @3+ A4/ D5/ @1+ A0\ D1+ A5/ @5+ D7+
8x8Trax_5400112 Traxplayer vs. DarkIzeul : @0/
8x8Trax_5400113 DarkIzeul vs. Traxplayer :
8x8Trax_5400114 Traxplayer vs. JonathanT : @0/ @1/ B0/ A0+ @3/ A4/ @1+ C0/ C0/ E4/ F6+ F7\ G7\ G8+ H8+ H6+ F2+ DRAW
8x8Trax_5400115 JonathanT vs. Traxplayer : @0/ @1/ A2+ C1+ A0/ B4\ B5\ @2+ B0/ @2+ A0+ A0/ @2+ D7+ E3/ C8/ C7+ B7+ G6/ H5\ F2+ H4+ H3/ A7/ G7+ A6+
8x8Trax_5400116 Traxplayer vs. dgb : @0/ @1/ A0/ @2+ B3+ D3/ D4/ E3/ E5/ A3/ A4/ C5+ B6+ B7/ E6/ F6+ @5\ H6\ H7\ B0\ A1+ F3/ H4+ F2/ RESIGN
8x8Trax_5400117 dgb vs. Traxplayer : @0+ B1+ C1/ C0/ B0/ B0/ B0+ A2\ B0/ @3\ B1\ RESIGN
8x8Trax_5400118 DarkIzeul vs. JonathanT :
8x8Trax_5400119 JonathanT vs. DarkIzeul : @0+
8x8Trax_5400120 DarkIzeul vs. dgb :
8x8Trax_5400121 dgb vs. DarkIzeul : @0/
8x8Trax_5400122 JonathanT vs. dgb : @0+ B1+ B2/ B0/ C1/ D1+ C3+ E1+ A1+ B0\ B0\ A1\ @1\ A0\ RESIGN
8x8Trax_5400123 dgb vs. JonathanT : @0+ @1+ @1/ A2/ B3/ B0/ B0/ A2+ D2/ E2/ @3+ @2/ B1+ D0/ C0+ A2+ @5\ B0\ A1\ C8+ G6+ H4/ DRAW
8x8Trax_5401170 Sir Pussycat vs. Goonerg : @0/
8x8Trax_5401210 Rogue Trooper vs. jazzbeth : @0+ B1+ A2\ A0\ @1+ @1/ B3+ B4\ E2\ B0/ B0\ A1\ @1\ A4+ A0+ @3+ E1/ B7/ F2\
8x8Trax_5403059 * vs. DINGEROO : @0/ B1\ A2/ A0/ B3\ B4\ C2+ @1\ B0+ C6/ B6/ A1+ B0/ E6\ E7\ E8\ D2/ E2/ A7+ @5\ A7+ F3\ G4/ @6+ H6/ B8/ A7+
8x8Trax_5407202 Traxplayer vs. JiffyJeff : @0/ @1/ A0/ A0/ A4/ @4\ D4\ C5+ E3/ E2/ E5\ RESIGN
8x8Trax_5409615 Sir Pussycat vs. Charlo : @0/ @1/ A2+ @2+ D2\ C3/ C4\ D3\
8x8Trax_5411395 Jenny Poo vs. Goonerg :
8x8Trax_5414246 DarkIzeul vs. psychospaz mom : @0/ B1\
8x8Trax_5418698 golfnutrof vs. jazzbeth : @0/ @1/ A0/ @1/ B0/ @1/ B0/ @1/ E3+ E5+ F2\ C5/ D6\ D1/ B5+ A0\ @1+ G1/ G0+ H2\
8x8Trax_5418880 Traxplayer vs. dgb : @0/ A0/ @2/ @1+ C0/ @3\ @3\ B1+ F3/ B4+ @2/ C0+ @5/ A6/ A2\ A1+ A0/ B1/ B0/ G2/ RESIGN
8x8Trax_5418942 Lorraine of the Renegades vs. Charlo : @0/ @1/ A0/ B3\ C3\ A0/ C3+ @2+ E4/ C1+ C0/ B1+ @4/ A5/ C6\ A1\ @3\ B0/
8x8Trax_5420805 Christine vs. Miss Traven : @0+ @1/ @1\ A0\ C1+ A0/ @1\ A0\ C2/ @2/ A3/ C5/ B5/ @3/ F5\ D6/ C6+ E1/ D0/ G4/
8x8Trax_5423834 leewisdomjr vs. Goonerg : @0+
8x8Trax_5423958 Dragon101 vs. Rogue Trooper : @0/ A0/ @1/ B0/ B4/ B5/ C3+ A4+
8x8Trax_5425329 Azalea vs. Riika : @0/ @1/ A2/ B0/ C1/ C4\ D2+ C5+ D5\ E3/ A0\ @1\ D0\ A7/ D8/ @2/ A3/ D1+ A7+ @3/ A7\
8x8Trax_5426002 Christine vs. Miss Traven : @0+ B1\ C1/ C0/ A1+ C0\ B1+ A1+ @1\ C4/ C0/ E2/ B1+ A4/ @2/ B5\
8x8Trax_5427355 Rogue Trooper vs. Rimon : @0+ B1+ B2/ B0+ @2/ A1/ D2/ B0+ A1+ @3/ @1+ @1/ D0/ A5/ C6/
8x8Trax_5429387 Charlo vs. Rogue Trooper : @0/ A0/ A0/ A0/ @3+ C4+ D3+ B0/ @2+ A0+ D1+ E6\ C7/ B8\ A8+ @6/ G4+ G6\ H5+ A2+ H7+ H2+ A7/
8x8Trax_5429424 jaha vs. TrueIndian : @0/ B1\ B2\ C2+ D1\ D0+ C0+ A2+ A0+ @1+ B0/ D7\ B0\ A1\ F8+ F5/ G5/ G4/ D3+ D1+ E1/
8x8Trax_5429522 dgb vs. Dragon101 : @0/ A0/ A0/ A0/ @2/ C4+ A4/ C5\ C6+ D4+ @6/ C7+ A1\ @3+ B0/
8x8Trax_5431063 Authority vs. TallPaul : @0/ @1/ A0/ A0/ @1/ C1\ B4/ A3/ @3/ A4/ E1\ E4/ A0+ @4+ F1/ C0\ G2\
8x8Trax_5432013 Dragon101 vs. Traxplayer : @0/ @1/ A0/ @1/ @1/ C0+ A3/ @3/ A4\ A0+ @4+ C5+ F2/ F1/ F0+ G3+
8x8Trax_5434410 Traxplayer vs. Dragon101 : @0/ A0/ @2/ @1/ C0+ B4\ D2+ E2/ C0/ C0/ @3\ C2+ C0/ B1\ RESIGN
8x8Trax_5434414 DarkIzeul vs. rogerrabbit : @0/ A0/ @2+ @1/ C0+ D2\
8x8Trax_5438995 Darth Rob vs. Traxplayer : @0+ B1+
8x8Trax_5438996 Traxplayer vs. Darth Rob : @0/ B1\ A2/
8x8Trax_5438999 dgb vs. Traxplayer : @0+ B1+ @1\ B0\ B0\ C4/ C5/ C6/ D3\ C7+ A6+ @3\ A4+ F3\ G7\ E8/ H4/ H3/ D1/ B1+ C7/ B7/ A8\
8x8Trax_5439000 Traxplayer vs. dgb : @0/ A0/ @2/ A0/ @3+ B0+ D3+ D5+ @1+ C6+ D7/ E6+ F3\ @2\ A0/ E2/ H6\ G7+ F2+ E1/ G1\ H1\ C7+ C8/ G8\ H8+ B8/ A8+ B5+ H4/
8x8Trax_5439001 TrueIndian vs. Traxplayer : @0+ B1+ A0/ A3/ @3+ @2/ B1+ C0+ D4+ @3+ B1+ D5+ C5/ F3+ A5/ A6/ C6+ @2/ @4+
8x8Trax_5439002 Traxplayer vs. TrueIndian : @0/ A2\ B2\ B3+ B4/ @4+ @3+ C5\ A1\ B0/
8x8Trax_5441362 JonathanT vs. dgb : @0+ B1+ A0/ B3\ B4\ @2+ D2/ E3+ @2+ A1\ A0\ @1\ A0\ H4/ RESIGN
8x8Trax_5441363 dgb vs. JonathanT : @0/ @1/ @1/ A0/ @2/ D1/ D3+ E1/ D4/ E0+ F3+ A6+ @5/ @5/ A6/ A7/ C0+ B2+
8x8Trax_5442026 Goonerg vs. ken :
8x8Trax_5442182 jazzbeth vs. JiffyJeff : @0/ A0/ B2/ A3+ B4/ B5/ @4+ A2+ C1+ B0+ D3/ @4/ E7\ RESIGN
8x8Trax_5442284 jazzbeth vs. jaha : @0/ A0/ B2/ A3+ C3/ D3/ D4/ C2+ C1+ D5+ A0/ E5+ C6/ @4\ B5+ D7+ D1/ D8+ E2+ F1+ G4/ F2+
8x8Trax_5443884 Jay RAA vs. Rogue Trooper : @0/ A0/ B2/ A0+ C3\ B4/ C2\ @3/ A4/ @1+ D0\ F4+ D0/ E1/ B2\ B1\ D0/ G5/ G4/ F2\ E3\
8x8Trax_5445311 Azalea vs. Carroll : @0/ @1/ A2/ A3/ @2+ @3\ B4+ D4\ E2+ C5+ E0/ F2\ E5\ F5\ G5\ C1+ C0/ A2\ B1\
8x8Trax_5445554 kaanwi vs. Riika : @0+ B1+ A2\ A0\ B1+ B0+ C2\ C1+ B0\ @4+ A2+ E4/ A0\ @1\ C0/ D1/ E1/ F7\ G7\ D8\
8x8Trax_5447569 Traxplayer vs. Dragon101 : @0/ A0/ @2+ @1/ D1/ A0+ B4/ B5/ @2+ F2/ G2+ C0+ C0/ A7/ C0/ G4+ @7/ C1+ H7+ G8+ H8\ DRAW
8x8Trax_5449113 Goonerg vs. Rogue Trooper :
8x8Trax_5467643 Goonerg vs. JiffyJeff :
8x8Trax_5467758 balmoral vs. Riika : @0+ B1+ A2\ A0\ C3/ B4/ @3/ D1\ D0\ D0\ A4+ E6\ E7\ E1/ D0\ F6/
8x8Trax_5473736 kaanwi vs. Rogue Trooper : @0+ B1+ B2/ B0/ B0/ C3+ D1/ D0/ D4\ E2+ C5+ @4/ B6/ A3+ G2\ B1\ C0+ A2/
8x8Trax_5473737 jazzbeth vs. Rogue Trooper : @0/ A0/ B2/ A3/ B4/ C4/ C5/ A4/ A5/ C3+ @3/ B6+ E5+ F5/ D1+ F3/ G3/ C7/ G4\ H5/ D0/ A1+ A5/ A7+ F7+ H3+ G8+ A8+
8x8Trax_5474685 Christine vs. Miss Traven : @0+ B1/ B2\ C1/ C0+ D1/ A3+ A0\ @2/ C5/ B0+ D2+ A1\ A0\ @4\ A1/ A2/
8x8Trax_5475738 golfnutrof vs. Riika : @0/ @1/ B0/ @1+ C0/ C0+ D1/ C5\ D3+ E3/ C6+ @4\ B0+ A1\ @1+ C0/ C7+ F2+ F7\ G8/ H5/ G2+ G1+ H1/ A7/ A8/ F1+ DRAW
8x8Trax_5477778 ypercube vs. Dragon101 : @0/ A0/ A3/ A4/ B2+ @1+ @2+ C5/ B0\ A1\ @6+ D7/ A1+ @2+ C0\
8x8Trax_5479060 Goonerg vs. Sir Pussycat :
8x8Trax_5480703 Goonerg vs. Jenny Poo :
8x8Trax_5484186 Azalea vs. Charlo : @0/ @1/ B0/ A0/ C2+ @1\ A0\ B5/ @4+ C6/ D2+ A7/ @5+ F7+ C8\
8x8Trax_5484410 Cheeky Cow vs. * : @0+ B1+ @1/ D1\ D2\ A2/ B3/ @2+ A3\ A0\ @2/ E4+ E5\ G3+ E6+ B6/ E7+ B7\
8x8Trax_5484595 Sista vs. cakelady : @0+ @1+ A2\ A0\ @1+ A0\ @2+ E4\ D5/ E3+ F3+ F2+ E2+ E1+ E0/ G4+ F2+
8x8Trax_5484596 cakelady vs. Sista : @0+ @1\ B2+ C1/ B0/ B0/ C2/ C1+ D1/ D2+ B5+ E2/ C0+ A1\ @1\ D5\ B5+ A5/ B6/ B7/ B8+
8x8Trax_5485885 Darth Rob vs. Riika : @0+ A0\ @1\ C2+ A0+ @2+ C4+ @2+ F3/ F2/ @2\ A1\ A0+ @2+
8x8Trax_5485886 Riika vs. Darth Rob : @0/ A2+ B1+ A3/ C2/ @2+ D3\ B4/ E3/
8x8Trax_5485889 Darth Rob vs. Traxplayer : @0+ B1\ B2/ @1/ A2/ @2/ C3\ E1\ C0+ E4\ F3/ C5+
8x8Trax_5485890 Traxplayer vs. Darth Rob : @0/ B1\ A2/ @2+ B0+ C1+ @2\ E1\ C0/ E3\ C0/ F4+ B1\ G4+ A2/
8x8Trax_5485891 Riika vs. dgb : @0/ A0/ A0/ A4/ B1/ @1+ C0/ @3\ E4+ E6+ E7/ F6+ F7+ @5/ B6\ @4+
8x8Trax_5485892 dgb vs. Riika : @0+ B1/ @1/ C0/ C0+ A2+ C0+ A1\ @1\ A3+ A0+ @3/ C6/ A1\ @1\ B5+ D7+ D0+ C1\
8x8Trax_5485893 Riika vs. Traxplayer : @0/ @1/ B0/ @1+ C0/ D1/ D0/ E4+ B5+ @1\ B0+ @3/ E7/ B4/
8x8Trax_5485894 Traxplayer vs. Riika : @0/ @1/ @1/ A2/ C0+ @3/ A4+ @1+ D0+ C0+ @2+ F2/ F1/ C7+ G3\ F0/ @2/ A1\ A4+ B6+ A6+ C7+ B8+ DRAW
8x8Trax_5485895 dgb vs. Traxplayer : @0/ A0+ A3/ B2+ A0\ @4+ B5+ @2\ B0/ @4\ E2+ A5/ @5/ G4\ D6/ H6\ G7+ G8\ H8\ C6/ E7+ E8/ G2\ DRAW
8x8Trax_5485896 Traxplayer vs. dgb : @0+ B1+ C1/ D1/ C2/ B0\ E3\ E4\ C0/ F4+ G3\ G2+ F1+ C5/ C6+ H3\ F0+ A5+
8x8Trax_5486851 TrueIndian vs. ypercube : @0+ @1+ A0/ A3/ @3+ @2/ B1+ E1/ C0/ @3+ B1+ @3+ A1\ C0\ @3+ G5\ F6/ H2+ D0+ B2\ B1\ F0+ G3+ C1/ H1+ H7+ DRAW
8x8Trax_5486852 ypercube vs. TrueIndian : @0/ A2\ B1/ B0+ C2\ C3\ D3\ B4/ @3+ C5+ F2/ F1/ F5\ F6/
8x8Trax_5486857 ypercube vs. dgb : @0/ A0/ B2/ A3+ @2+ D2\ E2\ F2\ B4/ A4+ D3+ B0/ F5+ F2/ RESIGN
8x8Trax_5486858 dgb vs. ypercube : @0+ @1+ C1\ C0\ B0/ D2+ @3\ D4\ F1\ G2+ F0/ G2+ E0+ C2+ B4+ RESIGN
8x8Trax_5486859 ypercube vs. soylent Green Eater : @0/ A2\ B1/ A0+ @3/ @3\ C4/
8x8Trax_5486860 soylent Green Eater vs. ypercube : @0/ A0/ B1/ B3+ C1\ C3/
8x8Trax_5486863 Traxplayer vs. Darth Rob : @0/ B1\ B2\ C2+ B0+ D3+ B4/ A4/ @3+ F3+ E1/ A2\ F4/
8x8Trax_5486864 Darth Rob vs. Traxplayer : @0+ B1/ A0\ A0\ @3/ @3+ C4+ D0/ E2\ A1\ B0\ @2/
8x8Trax_5486865 Traxplayer vs. Riika : @0/ @1/ A0/ @1/ A0/ @1/ A0/ @1/ A0/ @1/ A0/ @1/ A0/ @1/ A0/ E4+ E3/ F3/ G3+ C5+ H5+ B5+ C2/ C6\ D7/ A5+ RESIGN
8x8Trax_5486866 Riika vs. Traxplayer : @0/ @1/ C1/ C0/ C0+ @3/ @3/ F1\ B4/ @1\ E0/ E6+ F7/ H7+ E8\ A5+
8x8Trax_5486867 Darth Rob vs. Riika : @0+ B1+ A2\ A0\ A0\ @3+ @2/ D2+ C0+ E4/
8x8Trax_5486868 Riika vs. Darth Rob : @0/ A2+ @2+ C1+ C0/ B1+ D1+ D0+ B5\ D0+ D6\ E6\ D7/
8x8Trax_5488131 Lorraine of the Renegades vs. Rogue Trooper : @0/ A0/ B2/ B3/ B4/ B5/ A3+ C2+ B1+ D5+ B6/ E3/ E2/ E1+ F2\ B0/
8x8Trax_5488228 TrueIndian vs. Traxplayer : @0+ B1+ A0/ A3/ @3+ @2/ B1+ C0+ D4+ C5+ B5/ @3+ B1+ F3+ C6+ @2/ E0/ A5+ A1+ @4\
8x8Trax_5491130 JiffyJeff vs. Sir Pussycat : @0/ B1\ A2/ A0/ C2+ B0\ D3+ C4\ B5+
8x8Trax_5492492 golfnutrof vs. Charlo : @0/ A0/ @2/ B0/ @3+ @3+ E2+ E4+ A1\ C0+ @3+ D0\ F7/ G4/ C0\ B1\ A3\ @4/ D7+
8x8Trax_5492664 Authority vs. ypercube : @0/ @1/ A0/ C2/ B1/ B0/ A0/ @4/ @4/
8x8Trax_5497240 JonathanT vs. MikeyB : @0+ @1/ B0/ B3+ C1+ B0\ A1\ @2/ A4/ A5/ @2/
8x8Trax_5497962 Goonerg vs. Jay RAA :
8x8Trax_5501290 Carroll vs. Traxplayer :
8x8Trax_5502618 jazzbeth vs. Judy : @0/ A2\ B1/ B0+ A0/ C2\ B4+ D3+ C1+ E3+ E2+ F3+ G3/ G2/ H2/ H1/
8x8Trax_5502635 Uncle Chuckie vs. Rogue Trooper : @0/ A0/ B1/ B3/ @1+ C0/ @2/ @2/ B1+ E0/ E0/ F4+ A1\ @3\
8x8Trax_5507426 Authority vs. Traxplayer : @0/ @1+ @1\ B0/ B0/ C1/ C0/ D4+ E3+ F2+ D5\ E5\ F5+ D6+ F0+ E8\ F8\ B7/ B8/ @7+ H5\ A2\ DRAW
8x8Trax_5508300 Charlo vs. golfnutrof : @0/ A0/ A3/ @1\ B0/ @2\ @3+ D0/ @4/ E6/ B2\ A2\ @4/ G4+ A1/ @1+ C0/ E8+
8x8Trax_5508947 Christine vs. Miss Traven : @0+ B1/ B2\ C1/ A2+ B3/ B4\ C4\ C2+ D4/ D5\ D1\ E4\
8x8Trax_5510778 Carroll vs. Riika :
8x8Trax_5512515 Traxplayer vs. jaha : @0/ A0/ @2/ @1+ C0/ @3\ @3\ B1+ D4+ D5/ D6/ F3+ B4/ D0+ @3+ B1+ G6+ @3\ D6+ E7/ C0+ A1\ C6/ DRAW
8x8Trax_5514076 morn vs. Goonerg : @0/
8x8Trax_5518906 Rogue Trooper vs. leewisdomjr : @0+ @1+ A2\ A0\ @1\ B4/ A4/ @4/ C5+ D5/ C0+ @4+ E2+
8x8Trax_5519051 Dragon101 vs. JiffyJeff : @0/ @1/ A0/ A3\ @2+ A3/ A4/ @2+ @3\ B1\ A0/ @2+ B0/ E2/ C7+ F2+ F1+ F5\ G3+ E6+ G2/ RESIGN
8x8Trax_5523690 kaanwi vs. Goonerg : @0/
8x8Trax_5523691 Goonerg vs. Charlo :
8x8Trax_5526373 balmoral vs. Carroll : @0+ B1+ B2/ B0+ B0\ A1\ @1+ B0/ @4/ A5/ C6\ E4+ B7+ @4+ A6+ @4+ H4+
8x8Trax_5528071 Rogue Trooper vs. Traxplayer : @0+ B1+ A0/ A3/ B3+ @2+ D2/ E1\ B0+ B5+ D5+ F3+ D1+ F5\ D6+
8x8Trax_5531496 Rogue Trooper vs. Uncle Chuckie : @0+ B1\ @1\ A2\ @1\ C0/ A4/ @3\ E4\ A1\ D5/
8x8Trax_5533612 DarkIzeul vs. Jenny Poo :
8x8Trax_5535355 jaha vs. Riika : @0/ @1/ A0/ A0+ B1/ @1\ C0/ C0+ D3+ @4+ B0+ A1\ @1+ B0+ C0/ D2+ E3+ F3/ G4+
8x8Trax_5535430 Christine vs. Miss Traven : @0+ @1+ A0/ A3/ B3+ C3\ C4\ D4\ @3/ E5/ E6\ C5\
8x8Trax_5536634 Goonerg vs. leewisdomjr :
8x8Trax_5536636 Goonerg vs. Sir Pussycat :
8x8Trax_5536936 Charlo vs. jazzbeth : @0/ B1/ C1\ B2/ A0\ @1\ E2\ D1+ A0\ @1\ @2/ B3\ H3+ E0+ C0+ B6/ A6/ B0/ B0/ D8+ A4+ E3+ E2+ F2/ G5+ G1+ H2+ D1+ F8\ G8+ F1+ H8+
8x8Trax_5538495 OkMeR vs. Dragon101 : @0+ A0/ B2\ C1+ C0/ D2+ A4/ @3+ D4+ D0/ F1/ D0/ B3+ D7\ E6\ A4+ @5/ B1\ D0+ A3/
8x8Trax_5538580 dgb vs. ypercube : @0/ @1/ @1/ D1/ A0\
8x8Trax_5542320 Traxplayer vs. golfnutrof : @0/ @1/ B0+ @2+ A0/ @2/ C4/ D1/ E4\ C5+ E1/ F4\ D0+
8x8Trax_5544544 * vs. Uncle Chuckie : @0/ B1\ A2/ @2/ A0+ @3/ C4\ D4\ @3/ @1+ A0\ A0+ @4\ E1/ E0/ B7+
8x8Trax_5544596 Riika vs. Rogue Trooper : @0/ B1/ B0/ A3/ C3+ C4\ D4\ C5+
8x8Trax_5544771 DarkIzeul vs. Cheeky Cow : @0/ B1\
8x8Trax_5547664 Traxplayer vs. golfnutrof : @0/ @1/ B0+ @1/ B0+ D2+ B4+ A4/ @4+ A2+ @3+ A4/ C0/ @3/ B6+ H3+ G5\ A6+
8x8Trax_5549600 Goonerg vs. Rogue Trooper :
8x8Trax_5553141 dgb vs. Riika : @0/ @1/ @1/ @1/ B0/ A3/ @3/ @2+ A0+ @1\ F1/ C0+ D6+
8x8Trax_5553142 Riika vs. dgb : @0/ A0/ A0/ A4/ @2\ B0/ C4\ @4+ E2+ A2\ E0/ @4\
8x8Trax_5553143 dgb vs. Traxplayer : @0+ B1+ C1\ @1/ D2+ D3\ B2+ E3+ F2\ G2\ F4+ H3+ F5+ D4\ C3+ RESIGN
8x8Trax_5553144 Traxplayer vs. dgb : @0/ A0/ @1/ B0+ @2/ D2\ E2\ B3+ B4/ B5/ C4+ B6+ @1\ C0+ A6+ @2+ F5\ B7/ H3/ H2/ A5+ H1\ G2+ G5\ E1+ E0/
8x8Trax_5553145 Riika vs. Traxplayer : @0/ @1/ @1/ @1/ C0\ C0/ E3/ B4+ @3/ C1\ C5\ C0/
8x8Trax_5553146 Traxplayer vs. Riika : @0/ @1/ B0+ @2/ A3+ D2/ C4+ C0/ C0/ @4/ @3\ A2+ @4/ A5/ B6/ C7/ C2+ B1\ @3\ B6+ A2/
8x8Trax_5553533 golfnutrof vs. Sir Pussycat : @0+ B1+ A0/ B3\ C3+ @1\ B0/ B4/ B5+ D2+ D0\ E3+ E1/ E0/ F3+ C2+ A3\ B2+ @4/ B5+ A2\ @2\ C1/
8x8Trax_5553786 dgb vs. Traxplayer : @0/ @1/ A0/ @1/ B0+ @2/ D1/ A0\ @1\ E1/ E0+ F3+ B5/ C1+ A5+ @1/ C6/ D0+ G7\ A6\ G8/
8x8Trax_5553790 Charlo vs. jazzbeth : @0/ @1/ B0/ C2/ C3\ D3\ C4+ @2/ @3\ B5+ @5+ A2+ C0+ D0+ D8/ @6/ B8+ A8/
8x8Trax_5555095 Goonerg vs. Jenny Poo :
8x8Trax_5555211 golfnutrof vs. jaha : @0/ A0/ @1/ A0/ C3/ B4+ B5/ D3\ A0/ @2+ A4\ A5+ B0/ C1/ D3+ @4\ F1+ G5+ H5/ G6/ F7\ B0+ DRAW
8x8Trax_5555363 Carroll vs. Traxplayer : @0/ @1/ C1/ D1/ D0/ A0+ @3/ A4/ @3\ F5+ G4/ H4/ H3/ B6/ A6/ C7+ C8/ H2/ DRAW
8x8Trax_5560370 dgb vs. *Leo The Lion : @0/ A0/ A0/ @2+ A0/ A0/ @1+ @1/ D1/ D0+ E4+
8x8Trax_5560371 *Leo The Lion vs. dgb : @0/ @1/ B0+ @2+ B0/ B4\ B5+ B0+ @4/ A5/ E3\ F3\ G4/ G2+ F1+ D6\ RESIGN
8x8Trax_5560372 dgb vs. Traxplayer : @0+ A0+ A3+ @1+ B0+ C1+ B0+ C1+ B0+ D2\ A2\ C5\ A6/ RESIGN
8x8Trax_5560373 Traxplayer vs. dgb : @0/ A0/ @1/ B0+ @2/ D2\ E2\ B3+ B4/ B5/ C4+ B6+ C0/ B1+ D2+ D4+ C8/ D8+ E5\
8x8Trax_5560374 dgb vs. ypercube : @0/ @1/ @1/ A2/ A0\ @2/ C0+ E2\ E5+ F2\ E6/ F0+ G1/ @4\ A3\ A5+ H5+ H7+
8x8Trax_5560375 ypercube vs. dgb : @0/ @1/ C1/ @1/ D2\ E2\ A0+ C0+ E2+ C0+ E6\ F3\ D7+ E8/ G4+ G3/ DRAW
8x8Trax_5560376 *Leo The Lion vs. Traxplayer : @0/ @1/ A2+ C1+ B3/ B0\ B0+ B0/ C1/ C0/ D4+ A1\ C0+ @3/ RESIGN
8x8Trax_5560377 Traxplayer vs. *Leo The Lion : @0/ A0/ @2/ B0/ C3+ A4/ @4/ D5+ C6+ A0+ @4+ C8+ F2/ F1/ F6\ RESIGN
8x8Trax_5560378 *Leo The Lion vs. ypercube : @0/ @1/ C1+ D1\ A2+ B3+ B4\ A4/ RESIGN
8x8Trax_5560379 ypercube vs. *Leo The Lion : @0/ A0/ B2/ A3+ C2/ D2/ D4+ E2/ F2+ E1\ B5/ A5/ F5\ RESIGN
8x8Trax_5560380 Traxplayer vs. ypercube : @0/ @1/ @1/ D1/ B0\ B0+ C4\ @3/ F2+ D5+ E5\ F5\ F6\ G3+ @5/ C6+ E7+ D0/ C2/ DRAW
8x8Trax_5560381 ypercube vs. Traxplayer : @0/ @1/ B2/ C2/ B0/ @1+ B0\ @3\ @3\ @3\ C4+ A1+ F0/ G2\ H3+ E0+ C2+ E0/ B2\ A3+ C8/ G1+ DRAW
8x8Trax_5561982 Judy vs. Riika : @0+ B1+ B0+ A3+ B0\ @3\ A4/ @3\ C5+ D5/
8x8Trax_5562041 Rogue Trooper vs. Azalea : @0+ @1/ A0/ C2+ C3\ B3/ B4/ A3/ B5\ C5\ C6\ D4/ A4/ @1+ C7+ A7+ @6/ B8+ G5+ @5+ B4+
8x8Trax_5565576 bw5550 vs. Charlo : @0+ A2/ @1\ @2+ D2\ C3\
8x8Trax_5565577 Charlo vs. bw5550 : @0/ B1+ C1/ B2+ B3+ B0\ @2/ @2/ A4/ @4/ D5+
8x8Trax_5568807 Goddesss vs. Charlo : @0/ @1/ C1\ C2/
8x8Trax_5568808 Charlo vs. Goddesss : @0/ @1/ A0/ A0+ A0\ A0+ @3+
8x8Trax_5570985 * vs. Lorraine of the Renegades : @0/ A2\ B1/ A3\ B2\ C1/ @2\ D2\ E2+ @1\ D0+ E0/ F2\ B6\ E5/
8x8Trax_5571129 golfnutrof vs. Traxplayer : @0/ @1/ B0/ @1+ C0/ D1/ A0+ D0+ @4/ E6+ F6\ A6/ D7\ @5/
8x8Trax_5573018 Goonerg vs. ken :
8x8Trax_5573097 ypercube vs. Rogue Trooper : @0/ A0/ B2/ C2/ @2/ B0/ @1+ C0/ C0+ D1/ @5/ A6/ A1\ A0/
8x8Trax_5575072 Goonerg vs. Sir Pussycat :
8x8Trax_5576720 Riika vs. golfnutrof : @0/ @1/ C1/ C2/ D1/ D3/ D4/ A2/ C4/ D5/ E5+ F5\ D6/ D7+ C5+ B5/ F1/ G2+ E0/
8x8Trax_5579250 Authority vs. Traxplayer : @0/ @1/ A0/ @1/ A0/ @1/ A0/ @2/ A3/ E5\ F5\ E6+ C6/ C7/ @3/ F3/ F2/ F1/ G1/ C0+ H5\
8x8Trax_5581673 DarkIzeul vs. Jenny Poo :
8x8Trax_5585994 Goonerg vs. leewisdomjr : @0/ B1+
8x8Trax_5586080 golfnutrof vs. Sir Pussycat : @0/ A2\ B2\ @1/ C1/ D2\ D3+ D1+ C0+ D1+ @1\ F3\ B0\
8x8Trax_5586105 JiffyJeff vs. Goonerg : @0/ A0/ A3/
8x8Trax_5595470 ypercube vs. golfnutrof : @0/ @1/ C1/ C2/ D1/ D3/ E1/ E4/ C0+ A3/ E0/ F2\ A1\ A0+ @3\
8x8Trax_5595578 dgb vs. Riika : @0/ @1/ @1/ D1+ E1/ B2+ C3/ C0+ E1/ E0/ E5\ F1+ E6/
8x8Trax_5595768 csesugar vs. Morticia : @0+ A0/ A3\ B1/ B0/ C1/ C0/ D4+ E2+ E0+ D0\ C2+ @6\ A1\ @1\ D0+ H5/ A5+
8x8Trax_5596475 Nancy vs. Honeybear : @0/ A2\ B1/ @2\ D1\ D2\ B3+ C3+ C4\ E3\ E4+ C0/ @1\ C0+ A5/ @4+ C6/
8x8Trax_5597490 bw5550 vs. MountainMist : @0+ B1/ C1\ C2\ C3+ B0/ D4/ B3/ B4/ E3+ @4/ B5+ B6/ A5/ @5/ B6/ A6+ A7/ D0+ @6/ E6\ B3/
8x8Trax_5598050 funtobewith11 vs. bw5550 : @0/ A2\ B1+ B2+ C1/ A3\ A0\ @1\ C1+ B5/ A4\ E1/ E0\
8x8Trax_5602244 DarkIzeul vs. Lorraine of the Renegades :
8x8Trax_5602403 psychospaz mom vs. * : @0+ @1+ A2\ B0/ B0+ A1+ A0\ @4+ @4\ E4+ B2+ A5\ C6\ @5/ C6/ E7/ @5+ G6/ A6+ E8\ @5/ C2+ E7/
8x8Trax_5602411 golfnutrof vs. Dragon101 : @0/ A0/ @2/ @1/ C0/ @1/ C0+ A3/ @1\ C0+ @4+ D5+ G4+ F1/ G1/ H1+ H0/ G7+ F1+ E8/ D8/ H6+ A6+ B7+ B8/ A8/ C1+ DRAW
8x8Trax_5602421 TrueIndian vs. Carroll : @0+ B1+ A0/ A3+ B3+ A4+ B4+ A5+ B5+ A6/ @6/ B0/ B0\
8x8Trax_5602547 jaha vs. Riika : @0/ @1/ A0/ A0/ A4/ @2/ @1\ A0+ A4/ @2\ E3+
8x8Trax_5604508 Dave b nimble vs. bw5550 : @0+ @1/ A0\ @1\ A2+ B3/ A0\ D4+ @2+
8x8Trax_5604545 dgb vs. bw5550 : @0/ B1+ C1/ D1/ C2/ C0/ C0/ D2/ A1\ C0/ @4\
8x8Trax_5604882 Lady Mac vs. bw5550 : @0/ A2+ @1\ A0\ @1/ C4\ D3\ D4+ E2/ E1/ A2+ @2/ G1\ B3+
8x8Trax_5605059 bw5550 vs. MountainMist : @0/ B1+ C1/ A2+ A3/ @3+ A4/ @3\ E0+ F1\ E0+ B7\ C7\ D7\ E5/
8x8Trax_5605956 Traxplayer vs. TallPaul : @0/ @1/ @1/ B0+ @2/ D3+ E3\ F3\ E4/ B4/ F5\ G4/ B5+ E6\ A4/
8x8Trax_5606238 Dijan vs. bw5550 : @0+ B1\ B2/ B3/ A2+ @2\
8x8Trax_5608554 toni66 vs. bw5550 : @0+ A2\ B2/ A0\ B2+ @2/ @2/ B4+ B5\ E2\ D4+ @2\ E1/ D0/
8x8Trax_5609460 dgb vs. bw5550 : @0+ B1\ A0+ A0\ @1\ @1\ D4\ E4\ E5\ E2/ D0+ F4/
8x8Trax_5609609 Judy vs. Rogue Trooper : @0+ B1+ A0/ A3/ @3+ @2/ B1+ E1+ B0+ B0/ A2\ @1/ F4+ F2+ G3\ B6/ A6/ A0\ @2/ B8/ B4+ A7+
8x8Trax_5609955 bw5550 vs. ken : @0/ B1+ B2\ C1+ C0/ B1+ C0+ A2+ D2/
8x8Trax_5611466 Sir Pussycat vs. Goonerg : @0+
8x8Trax_5611611 Riika vs. balmoral : @0/ A0/ A0/ B2+ @1\ B0/ @2+ E3\ F4/ B5\ @4+ C1\ B0/ C0\ D8/ D2+ A2+ @5/ G4+
8x8Trax_5612191 dgb vs. bw5550 : @0/ A0/ A0/ B2/ A0/ B2/ @1+ @1/ D5\ E4+ A5/ B6/ @5\
8x8Trax_5613081 Goonerg vs. DarkIzeul :
8x8Trax_5613417 bw5550 vs. Lorraine of the Renegades : @0/ A2\ B1/ @2\ C2\ D1/ B3+ @1\ B0/ F2\ F3\ A3+ B5/ B6\ C6\ @4/ B5+ C7\ D7\ E6+
8x8Trax_5614401 ypercube vs. bw5550 : @0/ A0/ B2/ B1/ A0/ C3/ A0/ B1/ @4/ D1+ D5+ E4\ C6\ F4+ E6+ E1+ A7/ @6\ C8+
8x8Trax_5624406 bw5550 vs. MountainMist : @0/ A2\ B2\ B3+ B4\ C4\ D4+ E3\ @2+ @2/ A4+ C5/ G2+ E1/ H2\ H4+ H5\
8x8Trax_5624407 MountainMist vs. bw5550 : @0/ B1/ B2/ A2/ C1+ C0\ D2+ E2/ E1/ C0\ A5/ F2+ G2+ @5+
8x8Trax_5624408 bw5550 vs. ypercube : @0/ @1/ B2+ B3\ C3\ C4\ D2+ E2\
8x8Trax_5624409 ypercube vs. bw5550 : @0+ A0/ A3\ B1/ B0/ C4+ D3+ D4\ A5\ E3+ A0\ @2/ E1/ E0+ F2\
8x8Trax_5624410 bw5550 vs. dgb : @0/ A0/ B1/ C2+ B3\ D1\ D3/ D0/ E3/ A1\ B0\ @3\
8x8Trax_5624411 dgb vs. bw5550 : @0+ B1\ @1\ C2/ B0+ B0/ B0/ B5/ A1\ @3/ B0/
8x8Trax_5624412 MountainMist vs. ypercube : @0/ @1/ A0+ A0\ @3/ A4/ @4/ A5/ @2+ D0\ @5+ A7/ @6\ G1/ H1+ F0/
8x8Trax_5624413 ypercube vs. MountainMist : @0/ B1+ C1/ A2/ B3/ @2+ D3\ E3\ D4/
8x8Trax_5624416 ypercube vs. dgb : @0+ B1+ B2+ C1+ D1+ @1+ E0\ E3\ E0\ D0/ B3\ A5/ B0+ A2\ @3\ C7+ E7\ G2/ G1/ G0+ H5+ H6\ F8+ G8\ A7+ A8/
8x8Trax_5624417 dgb vs. ypercube : @0+ @1+ @1/ A0/ A0/ @2+ @3\ B4+ D4+ F3\ F4\ A5\ F2/ G4\ D5+ H3/ H2/ F0+ G1/ G0/ H1/ H0/
8x8Trax_5624418 JonathanT vs. *Leo The Lion : @0+ @1+ A2/ @2/ A3/ @3/ @1+ D0\ C0/ @4+ F1/ F0/ F6\ @5+ G7/
8x8Trax_5624419 *Leo The Lion vs. JonathanT : @0/ @1/ B0+ @2/ A3/ D3+ A4+ @1\ A0\ @1\ E6+ G4/ G5+ @4/ A5/ G2+
8x8Trax_5624420 JonathanT vs. Traxplayer : @0+ B1+ A2/ A0/ C2\ @2+ @2/ @3\ @2/ A1+ F0\ H3\ G2+ G0/ H1/ C1+ RESIGN
8x8Trax_5624421 Traxplayer vs. JonathanT : @0+ B1+ C1/ C0/ B0/ B4/ D2\ @3+ C5/ D4+ D6+ A4+ E5+ RESIGN
8x8Trax_5624422 *Leo The Lion vs. Traxplayer : @0/ @1/ B2+ B0\ B4/ @3+ @3/ @4\ @3/ A2+ B1+ F0/ G1/ C0+ G6/ H5+ G0/ C8+
8x8Trax_5624423 Traxplayer vs. *Leo The Lion : @0+ @1+ C1/ C0/ B0/ B0/ D3\ @4+ B2\ C5/ C6/ D5+ D7+ E7\ F7/ A5+ @6\ D0\ C1\ A4+ F3/ G4\ A8/ RESIGN
8x8Trax_5626698 golfnutrof vs. Traxplayer : @0/ @1/ A0/ @1/ A0/ @1/ B0+ @2/ B0+ @3+ @3\ B0+ @3+ H7+ G3+ C5/ F6/ H3\ E6+ D0/ E1/ G3+ G2\ C7/ C8/ H2/ F1/ A8+
8x8Trax_5630293 Goonerg vs. bw5550 :
8x8Trax_5630406 balmoral vs. jazzbeth : @0+ A2\ A0/ B2\ B3+ C1+ B0\ @2+ @2\ A0+ F3/ F1+ D0/ G3\ H4/ H5+
8x8Trax_5630533 Riika vs. ypercube : @0/ A2/ A0+ B2/ @3/ C0\ C0\ C0\ D5/ A7/ @4+ C0\ B4+ @4/ B2\ B1+ A3+ @5/ A6+ H3+ DRAW
8x8Trax_5632385 Jenny Poo vs. Goonerg :
8x8Trax_5632465 OkMeR vs. Rogue Trooper : @0/ A0/ A0/ @1/ A0/ A0+ C4/ A0/ C4+ C3/ D4/ E4/ @2\ A5\ C1\ @1/ C6+ F2\ D0\ A0+ @1\ H4/ F2/ G3/
8x8Trax_5632603 ken vs. DarkIzeul : @0+
8x8Trax_5637412 Charlo vs. Azalea : @0/ B1+ A0\ @1\ A0\ A3/ @3/ B4+ B5+ A2+ @1/ @3/ A4/ A5/ E0/ F2\ B1\ A2\
8x8Trax_5643467 dgb vs. Traxplayer : @0+ B1+ C1\ D1+ C0+ C3+ @2\ D4/ C1\ B0/ B0/ C0+ @2\ C1+ @3+ RESIGN
8x8Trax_5643468 Traxplayer vs. dgb : @0/ A0/ B2/ A3+ @2/ D2\ C4/ C5/ C6/ D3+ A0\ @1\ C0/ D1+ E1/ F1\ F2\ A5\ @4+ G7+ C6/ H2\ F3\
8x8Trax_5643469 dgb vs. ypercube : @0/ @1/ @1/ B0/ @2+ @2/ @2/ D0+ D0/ E0\ B4+ C6\ F2+ F7+ G7\ D8/ C7+ C2+ B8+ @8+
8x8Trax_5643470 ypercube vs. dgb : @0/ A0/ B2/ A3+ C3/ C4/ A4/ @4/ @4/ F4\ D5\ A6/ @6/ D0\ C1\ E8\ RESIGN
8x8Trax_5643471 Traxplayer vs. ypercube : @0/ @1/ A0/ @2/ A3+ @3/ C0+ C0/ C0/ A3+ @6/ E2+ C2\ E0\ E8\ F8\ F2\ G8/ F7+ F5+ G4+ H4/ H3/ G6\ A8/ DRAW
8x8Trax_5643472 ypercube vs. Traxplayer : @0/ @1/ C1/ D1/ C0+ A3/ A0\ @3+ C0/ D1/ D0/ E1/ F1+ F0/ G4\ G5\ H5\ F6+ C8+ A2\ D1+ G1/ DRAW
8x8Trax_5644423 Goonerg vs. * :
8x8Trax_5644459 bw5550 vs. Sir Pussycat : @0/ B1\ B2\ C2/ A2+
8x8Trax_5644487 Goonerg vs. Rogue Trooper :
8x8Trax_5644556 dgb vs. ypercube : @0+ @1+ C1\ C0\ B0/ D2+ @3\ F2\ C4+ D5/ E5+ G2\ D0+ G5\ @4/ C5/ F7+ RESIGN
8x8Trax_5644557 ypercube vs. dgb : @0/ A0/ B2/ A3+ @1/ D2\ B4\ B0+ @1/ A0+ B0/ C2+ D2/ D1/ D8\ E7+ F6+ C8+ G5/ G4/ E2+ B7+ RESIGN
8x8Trax_5644691 DarkIzeul vs. Jenny Poo :
8x8Trax_5647178 ypercube vs. bw5550 : @0+ B1+ B2\ A2/ B3\ B0/ C2+
8x8Trax_5648439 Traxplayer vs. ypercube : @0/ @1/ @1/ B0/ B0+ @3+ D2+ @1\ C0+ @3/ A4/ @4/ D5/ @2+ B1\ F0\ B7/ A7/ H6+ G7+ C8+ G2/ H1\
8x8Trax_5648686 ypercube vs. Traxplayer : @0/ @1/ C1/ D1/ C0+ D3+ C4+ B5+ C0/ C0/ E5\ D6\ F4/ RESIGN
8x8Trax_5652702 psychospaz mom vs. Charlo : @0+ A0/ B2+ B3\ C3+ D2\ C1+ @2+ E0\ D0/ F2/ B1\ A1+ B0/
8x8Trax_5652782 Granny Walrus vs. Riika : @0+ B1+ B0\ A3/ B3+ A0/ @4/ C5\ D5\ A6+ C7/ A7/ @6/ F5\ C8/ G4/ G3/ G7\ G8+ H6/
8x8Trax_5655083 Traxplayer vs. ypercube : @0+ @1+ C1/ C2/ D2/ @1\ C0/ F3/ D4/ F5+ G3/ H3+ H2+ A3+ D6+ C0/ D1/ E2/ H2+ H1/ G1\ F3+
8x8Trax_5655084 ypercube vs. Traxplayer : @0/ @1/ C1/ D1/ B2+ A0+ B0+ C0+ B6/ B7/ @3\ A2\ @4/ B5+ G5\ F6+ H4/ G3+ D1+ RESIGN
8x8Trax_5655085 Traxplayer vs. LyndiLoo : @0+ @1+ A0/ B3\ C2\ @2+ B0/ D4\ D1/ D5+ A4/ C6+ A1\ D6+ E6\ E3/
8x8Trax_5655086 LyndiLoo vs. Traxplayer : @0+ @1\ A0\ @1+ B0\ B4/ D3+ @3/ B4+ B5/ A4/ @4/ F1/ B5+
8x8Trax_5655087 Traxplayer vs. dgb : @0+ B1+ C1/ C2/ D2/ E2/ C3/ A2+ E1/ B0\ E0/ F1/ B0\ A1\ @4\ G6+ RESIGN
8x8Trax_5655088 dgb vs. Traxplayer : @0/ @1/ @1/ @1/ B0/ C3\ C4+ E2\ D4+ D5\ E5\ E6\ F3+ D7/ C7+ @3+ F1/ G1/ H3\ RESIGN
8x8Trax_5655089 Traxplayer vs. *Leo The Lion : @0+ A2\ A0/ B3\ B4\ C1+ C0/ C0/ D2\ D6+ E1/ E0/ A8/ @8/ C1+ B1\ A2+ G3+ F5+ @8\ B7+ A6/ B4/ A3+ DRAW
8x8Trax_5655090 *Leo The Lion vs. Traxplayer : @0/ @1/ C1/ D1/ C0+ D3+ C0/ C0/ C6+ @5+ F5\ F6\ F7+ G6/ E8\ H6\ H7\ DRAW
8x8Trax_5655091 ypercube vs. LyndiLoo : @0/ B1\ B2\ A2+ @2/ B3\ D1/ C0\ D4\ E2+ C5/
8x8Trax_5655092 LyndiLoo vs. ypercube : @0+ @1+ A2\ B0/ A1+ @1\ A0\ @1\ B0/ B0/ C1/ @4/ B5+ A1\ @3\
8x8Trax_5655093 ypercube vs. dgb : @0/ @1/ A2+ C1+ C3/ B0\ @3\ E3+ A1\ @3\ @3\ C4+ @4+ A5/ F0+ F0/ G1/ C8\ D7+ C3+ E7/ H3+ B2/ E1+ A3+ A1+ DRAW
8x8Trax_5655094 dgb vs. ypercube : @0/ @1/ @1/ D1/ C2\ E1/ B3/ C0+ @2+ A0+ B0\ @2+ D0/ E1+ C7/ B7/ B8/ A5/ @4+ H3/ DRAW
8x8Trax_5655095 ypercube vs. *Leo The Lion : @0/ A0/ B1/ B3+ C1/ D1+ A0+ @4\ F4/ @2+ A0\ @1\ E6/ C0+ D1+ C8+ B8/ A7+ A4+ H4\ G7+
8x8Trax_5655096 *Leo The Lion vs. ypercube : @0/ @1/ B0+ @1/ B3/ C0/ B1+ C0/ C0/ B0+ A1\ @1+ D8\ E5\ B7\ F4/ G4/ G3/ H4+ G2/ A5/ E1/
8x8Trax_5655099 LyndiLoo vs. *Leo The Lion : @0+ @1+ A2\ A0\ @1+ A0+ C2+ @3\ C1/ A4/ A5+ @4\
8x8Trax_5655100 *Leo The Lion vs. LyndiLoo : @0/ A0+ @2/ C1+ B3+ @2+ D2+ B0/ E3/ C5\ E5\ F5+ E6/
8x8Trax_5655101 dgb vs. *Leo The Lion : @0/ A0/ A0/ B3\ B4\ C4+ D2+ E2\ F2\ E1+ G2\ G4\ H4\ H5+ G0/ H4/ C1+ D0+ E8+
8x8Trax_5655102 *Leo The Lion vs. dgb : @0/ @1/ B2+ B3\ C1/ D2+ @2\ B3+ A0\ @1\ A3+ D0+ F2+ A0\ @1\ G7\ @1/ B3+ C0+ A5/ DRAW
8x8Trax_5662112 golfnutrof vs. Dragon101 : @0/ A0/ @2/ @1/ D2/ E2/ E3/ F2+ D1/ C0+ B4/ A3/ D5+ F2/ B6/ A5\ F6\ B7+ G6/
8x8Trax_5662211 Rogue Trooper vs. Charlo : @0+ A2/ @2\ B0/ C1/ D1+ C3+ B4/ B5+ A1\ B0+ @4\ F4\ F5\ A1/ @1+ @2\ E0+ E8+ G2/ G1+ H3+ B6+ D8+ G8+ A6/ A8+ DRAW
8x8Trax_5664196 ken vs. * : @0+ @1+ @1+ D1+ E1+ F1+ @1+ @1+
8x8Trax_5664471 DarkIzeul vs. Goonerg :
8x8Trax_5666925 Rogue Trooper vs. DINGEROO : @0+ B1\ A0+ A3+ @1/ C1+ B0+ C1+ B0+ D3/ B6+ E4\ E5\ E6\ F6\ D7/ F2/ E1/ G3/
8x8Trax_5668513 bw5550 vs. Azalea : @0/ B1+
8x8Trax_5675924 Jenny Poo vs. DarkIzeul :
8x8Trax_5680842 ken vs. Goonerg : @0+
8x8Trax_5680846 Sir Pussycat vs. Goonerg :
8x8Trax_5680956 * vs. balmoral : @0/ @1/ B0+ C2/ B0+ @3/ D4+ C5/ A5/ @3/ D0+ C2\ E1/ F3\ D0+ D0/ F1+
8x8Trax_5680965 bw5550 vs. golfnutrof :
8x8Trax_5681159 Traxplayer vs. ypercube : @0/ @1/ A0/ @1/ @1+ @1\ D0+ D0/ D0+ C1+ D0/ D7+ C7/ E3+ B7/ F5+ D0\ C1\ A4\ @3/ H6\ H5/ H4/ B2+ F3+ A7+ G7+ DRAW
8x8Trax_5685351 Rogue Trooper vs. jazzbeth : @0+ B1+ A0/ A3/ @3/ A4/ C0\ A2+ D1+ E2/ @3+ D4+ F3+ E0+ D0/ D8\ RESIGN
8x8Trax_5686678 dgb vs. bw5550 : @0/
8x8Trax_5686679 bw5550 vs. dgb :
8x8Trax_5686680 dgb vs. *Leo The Lion : @0+ @1+ C1\ C2\ B3\ A0/ A0/ A0/ @4\ A0+ @4+ D8+ E3+ F6+ G5\ F2\ C8+ E8+ H3/ G2+ F1+ H1+ F7\ DRAW
8x8Trax_5686681 *Leo The Lion vs. dgb : @0/ A0/ @1+ C1\ @1/ @2\ F1\ D0+ B1+ A0/ B5+ B0\ @1+ @2+ B0+ A2+ E8/ F8+ G6+ B7+ H4/ E1/ F1+ H3+ H2+ H1+ H7+ B8\
8x8Trax_5686682 dgb vs. Traxplayer : @0/ @1/ @1/ B0/ B0+ @3+ C4+ E3/ E2+ A0\ @1\ D6/ D7/ G5\ G6\ H4/ G3+ C0/ D1/ B7+ A7\ F3/ E2/
8x8Trax_5686683 Traxplayer vs. dgb : @0/ A0/ @2/ @1+ C0/ @3\ @3\ B1+ D4+ D5/ D6/ E5+ A4/ @4/ A2+ G1/ D0+ H4+ C6+ F8\ RESIGN
8x8Trax_5686684 bw5550 vs. *Leo The Lion :
8x8Trax_5686685 *Leo The Lion vs. bw5550 : @0/
8x8Trax_5686686 bw5550 vs. Traxplayer :
8x8Trax_5686687 Traxplayer vs. bw5550 : @0/
8x8Trax_5686688 *Leo The Lion vs. Traxplayer : @0/ @1/ B0+ @2+ B0/ B4\ D1\ B5/ A4+ @4/ A5/ @5/ D6+ A3\ D0+ @4/
8x8Trax_5686689 Traxplayer vs. *Leo The Lion : @0/ A0/ @2/ A0+ @3/ B0/ B5+ @3+ C0/ B7\ C0\ B1\ E4\ F2/ F1+ E8\ F6+ G5\ @6\ B1/ C2+ A4\ B3+ A1/ RESIGN
8x8Trax_5690549 DarkIzeul vs. Judy :
8x8Trax_5693900 Goonerg vs. Charlo :
8x8Trax_5694403 dgb vs. Traxplayer : @0/ @1/ @1/ A2/ C3\ D1+ C4\ B5+ C6/ C7/ C8/ A8+ @4+ E4\ F4\ A6+ G4\ H5+ H3+ DRAW
8x8Trax_5695761 volvath vs. Goonerg : @0/
8x8Trax_5695801 volvath vs. Sir Pussycat : @0/ A2\ B2+ B1+ C2\ D2\ A3/ D1/ @3\
8x8Trax_5696090 Charlo vs. TallPaul : @0/ A0/ B1/ C1/ C3/ B3+ D3+ B4/ @3\ @3\ @2+ E0+ D0/ H5/ B7+ A7+ B8+ D8+ H2/ G1+ A8+ F6+ F7+ F8+ G8\ H8\
8x8Trax_5696220 berecca vs. Morticia : @0/ A2\ B1/ B0+ A4/ @4/ C3\ D2/ D4\ E3+
8x8Trax_5697545 jazzbeth vs. TrueIndian : @0/ A2\ B1/ B0+ A0/ @1+ D3+ B0/ D5/ D1/ D0+ A1+ B0+ @3/ @3/ A5+ @4+ A2\ C1+ @3+
8x8Trax_5697681 Carroll vs. rogerrabbit : @0/ @1/ @1/ C2\
8x8Trax_5701215 Charlo vs. Dragon101 : @0/ A0/ B1/ C2/ C3/ D2+ C4/ D5/ B3+ D1/ C0+ E3+ F3/ E1+ E4+ F5+ G3/ F7\ D0+
8x8Trax_5702317 Goonerg vs. Rogue Trooper :
8x8Trax_5706727 Dragon101 vs. Jay RAA : @0/ B1\ A2/ @1/ @1/ B0/ B3+ A0\ @4\ @4/ C5+ D0/ E3/ C0\ C0+
8x8Trax_5707694 1926 vs. Riika : @0+ B1+ A2+ @1+ A2+ @1+ B0/ C4\ @2\ A1\ B0\ @2+ A1/ C4+ C5/ D6+
8x8Trax_5710706 golfnutrof vs. Traxplayer : @0/ @1/ A0/ @1/ B0/ C2/ A3/ A4+ @4+ A1+ A0\ @1\ D0+ A6+ @2\ C7/
8x8Trax_5710910 bw5550 vs. ypercube :
8x8Trax_5711067 DarkIzeul vs. bw5550 :
8x8Trax_5716024 Jenny Poo vs. Goonerg :
8x8Trax_5716099 golfnutrof vs. Traxplayer : @0/ @1/ B0/ @1+ C0/ D1/ A0+ @1\ @1\ B0/ F1+ A0\ @1\ H6+ H7\ C0/ D1/ C6+ DRAW
8x8Trax_5717453 dgb vs. Traxplayer : @0/ @1/ @1/ @1/ B0/ B3/ B4/ @1+ B0\ B0\ A1\ @4\ E1+ RESIGN
8x8Trax_5719833 jazzbeth vs. golfnutrof : @0/ @1/ B2/ B3/ C1/ B4/ D2\ A4/ C0+ B6+ D6+ @3+ B0+ F5+ D8/ F2+ G3\ G4+ H2/ F1/ F7+ G7\ G8\ H8\ DRAW
8x8Trax_5726594 volvath vs. Rogue Trooper : @0/ A0/ A3/ B1+ C2/ B4+ B5+ C0/ D2\ E2\ B1\ @3+
8x8Trax_5727629 Goonerg vs. bw5550 :
8x8Trax_5727706 Azalea vs. Carroll : @0/
8x8Trax_5727709 rogerrabbit vs. * : @0/ A2\ B1/ B0+ C2\ C3\ D3\ A4\ E2/
8x8Trax_5729935 DarkIzeul vs. kaanwi :
8x8Trax_5731765 Goonerg vs. bw5550 :
8x8Trax_5732002 Knight Rider vs. HeartOnFire : @0/ B1+ A0/ A3/ @2/ B4\ A0/ D3/ A4/ B6+ @5\ D6\ E1/ E5+
8x8Trax_5733551 angixypo vs. * : @0+ @1/ B0/ C2\ D2+ B0\ B4/ A4+ A2+ B5/
8x8Trax_5734691 Dragon101 vs. Rogue Trooper : @0/ A0/ @1/ A0/ A0/ A0/ C4+ D4+ E4+ B1+ @4+ E2/ F1\ E5\
8x8Trax_5734974 kidgame2001 vs. Carroll : @0/
8x8Trax_5739648 Azalea vs. Charlo : @0/ @1/ A2/ C2+ B3\ B4\ C4\ D2/ E4+ A0\ @1\ E1/ F2/
8x8Trax_5748250 bw5550 vs. OkMeR :
8x8Trax_5749498 dgb vs. Traxplayer : @0/ @1/ @1/ B0+ @2/ D3+ E3\ A4/ @4/ A2+ D0/ A6/ @4\ H4\ F5+ E7+ E8/ DRAW
8x8Trax_5750358 Carroll vs. Goonerg : @0+
8x8Trax_5752534 ypercube vs. golfnutrof : @0/ @1/ C1/ C2/ D1/ @1/ E3\ F2+ C3/ E4\ D0+
8x8Trax_5756023 Traxplayer vs. ypercube : @0/ @1/ B0/ C2/ B3\ @1/ C4\ A4+ B5/ @2\ A0+ @1\ E7\ RESIGN
8x8Trax_5756024 ypercube vs. Traxplayer : @0/ @1/ C1/ D1/ C2/ D0/ A3/ @1+ D0+ E5+ F2+ G3+ A0+ G7\ H7\ G8+ C7+ G3+ G2/ G1+ H3+ H5+ A6+
8x8Trax_5756025 Traxplayer vs. dgb : @0/ A0/ @2/ @1+ C0/ @3\ C4/ D0+ RESIGN
8x8Trax_5756026 dgb vs. Traxplayer : @0+ B1/ @1/ B0/ B0/ A2+ C4/ D3\ E3+ E2+ F2/ A0\ RESIGN
8x8Trax_5756027 Traxplayer vs. Allison : @0/ B1\ A2/ @2+ B0+ @2/ @2+ D0/ D0/ E3+ F4\ F2+ G1\ E0\ H5\ H6\ C3+
8x8Trax_5756028 Allison vs. Traxplayer : @0+ B1+ B2/ A0\ B1+ @1/ A2+ B0+ @3/ @3/ C4+ A2\ C1+ @4/ C5\ A2/
8x8Trax_5756029 ypercube vs. dgb : @0+ B1+ B2\ A0/ C2\ @2+ B0/ E3\ C5\ E4+ A1\ A0\ A5/ @3\ F6+ C7+ E2/ D1\ A6+ B0/
8x8Trax_5756030 dgb vs. ypercube : @0/ @1/ @1/ D1/ A0\ @2/ E3\ F1\ G1\ D4+ E0+ E6/ G4\ RESIGN
8x8Trax_5756031 ypercube vs. Allison : @0/ @1/ C1/ @1\ A0\ B1+ A0\ C1+ A0/ E2/ E1+ E0\ D1\ F4\ F5\ C6+ A0+ @3/ H4+ A7/ G3+
8x8Trax_5756032 Allison vs. ypercube : @0+ @1+ A0/ A3/ @3/ @3+ A4\ A1\ B0/
8x8Trax_5761966 Knight Rider vs. HeartOnFire : @0+ B1/ A2\ @2/
8x8Trax_5763442 * vs. OkMeR :
8x8Trax_5765969 leewisdomjr vs. bw5550 : @0+
8x8Trax_5766072 ypercube vs. jaha : @0/ A0/ A3/ A4/ @3+ C4+ D3+ C0+ @5\ @5\ E0\ E7/ G3+ F1+ B3\ D2+ H4\ H5\ D0\ C1\ B2\ H4/ G1+ E1+ C8+ B1+ A2/ G7\ A4+ RESIGN
8x8Trax_5766085 Rogue Trooper vs. Traxplayer : @0+ B1+ B2/ A0\ @1\ @1+ B3+ D4/ C0+ D1/ E1+ C0+ E6\ F4\
8x8Trax_5766113 ypercube vs. Rogue Trooper : @0/ A0/ A3/ B1/ C3/ C4/ D3/ D2/ E2/ E1/ @1+ A0\ @1\ B0+
8x8Trax_5767356 Uncle Chuckie vs. Dragon101 : @0/ A0/ @2\ C2+ C3\ D2+ B4/ A4/ @4/ @4+ A5+ A1\ D0/ @2/
8x8Trax_5767359 DarkIzeul vs. Goonerg :
8x8Trax_5767666 Carroll vs. Jay RAA :
8x8Trax_5770657 Charlo vs. Traxplayer : @0/ @1/ A2/ B3+ C1/ C0/ D4+ E3+ C0+ F2/ F1/ G3\ G4\ H4\ F5/ D1+
8x8Trax_5780354 bw5550 vs. Rogue Trooper :
8x8Trax_5780366 psychospaz mom vs. * : @0+ B1+
8x8Trax_5780418 jazzbeth vs. balmoral : @0/ B1\ A2/ B2+ @2\ B3/ @3\ C4/ B5+ A2+ A1\ C0/ E2+ @2\ A0+ F6\ E7+ A7+ @6/ F8\ C8\
8x8Trax_5783401 kidgame2001 vs. Goonerg : @0+
8x8Trax_5783482 DarkIzeul vs. bw5550 :
8x8Trax_5784523 TallPaul vs. Dragon101 : @0/ A0/ @2+ @2\ B3\ D1+ C0+ E3/ E1\ F3/ E0\ G1+ G0/ G6\ H3/ G7/
8x8Trax_5785123 Arctic Warrior vs. Time2Play : @0/ A2\ B1/ A3/ @2/
8x8Trax_5785124 Time2Play vs. Arctic Warrior : @0/ @1+ @1/ @1\ A0+ C1+ A0\ C1+ @2/ B4/ B5/ A4+ C5\ C6+ A6/ A7+ @6\
8x8Trax_5786204 Arctic Warrior vs. Ally : @0/ B1\ A2/ @1/ B3\ C3\ D1\ A3/ A4/ A0\ @1\ E1/ E0+ F3/
8x8Trax_5794545 Barbie vs. *Leo The Lion : @0/ A0/ @2/ A0+ @1\ @1+ A0\ A5/ @5/ E5\ F5\ D6/
8x8Trax_5794546 *Leo The Lion vs. Barbie : @0/ B1\ B2\ C2+ C3+ D2+ D3\ E2\ D4\ E4\ E5\ F3/ B5/ G4+ C6/
8x8Trax_5794551 OkMeR vs. *Leo The Lion : @0+ B1/ B0\ @2\ B1\ B0\ A2\ C4/ C5/ C6/ C7/ @2\ A1\ E5+ RESIGN
8x8Trax_5794552 *Leo The Lion vs. OkMeR : @0/ @1/ B0/ @2+ B3/ B0+ @3/ A2+ D5\ E4/ A5/ RESIGN
8x8Trax_5794557 *Leo The Lion vs. GOPACKGO : @0/ B1\ B2\ C2/ B3/ A3/ A4/ @3/ D4\ D5\ E2\
8x8Trax_5794558 GOPACKGO vs. *Leo The Lion : @0/ A0/ B2\ A3\
8x8Trax_5794559 *Leo The Lion vs. TallPaul : @0/ @1/ B0/ @2+ B3/ D1+ C4+ C5/ C6/ D6/ @2/ B6+ D0/ B8/ A7\ @4\ G2\
8x8Trax_5794560 TallPaul vs. *Leo The Lion : @0/ A0/ B1+ A3/ A4/ C4+ C5\ D5\ A6+ D2/ E5\ C1/
8x8Trax_5794563 Vapira vs. ypercube : @0/ @1/ @1+ @1\ C0/ D1/ A0+ B0+ @2+ B1+ @3\ G1/ F0+ G5\ H2/ F6\
8x8Trax_5794564 ypercube vs. Vapira : @0/ @1/ C1/ @1\ C0+ B0/ B0/ D2+ D0+ C0\ B1\ A2\ E6\ E7\ E3+ F2\ F4+
8x8Trax_5794571 ypercube vs. patchwork0 : @0/
8x8Trax_5794572 patchwork0 vs. ypercube :
8x8Trax_5794573 ypercube vs. golfnutrof : @0/ @1/ C1/ C2/ D1/ D3+ E2\ F2\ F3\ D4/ B4+ D0/ @4/ A5/ A1\ H4\ B0\
8x8Trax_5794574 golfnutrof vs. ypercube : @0/ A2/ B2/ @2/ @1/ E2/ E1/ C0+ B4+ E0/ F2\ A1\ @2+ D0+
8x8Trax_5794575 ypercube vs. kidgame2001 : @0/ B1\ A2/ @2/ A0+ @3/ B0/ @2\ A1\ A0\ E2/ E1/ F3\
8x8Trax_5794576 kidgame2001 vs. ypercube : @0+ B1+ A2\ A0\ @1\ @1+ A0/ A4/ @4/ C5\
8x8Trax_5794587 dellajo vs. HeatherN : @0/ @1/ B0/ C2\ C3\ C0\ B4+ @3+ D5\ E4/ F4/ E3/ E2/ F2/ F1/ D0\ G3+
8x8Trax_5794588 HeatherN vs. dellajo : @0/ A2\ B1/ B2+ @2/ A3/ @3+ D0/ A2\ @2\ @2\ G2+
8x8Trax_5794591 kaanwi vs. HeatherN : @0/ B1\ A2/ B2+ B3+ C2/ @1\ A0\ @3/ A4/ C5\ @3\ E6\ F6\ G6\ H6/ H5\
8x8Trax_5794592 HeatherN vs. kaanwi : @0/ B1\ A2/ @2/ C2\ B3/ B0/ B5\ C5\ D5+ D6\ C6+ A5\ E6\ C7/ @6+ E8\ G5/ G4/ E3+ A4\ @4\ A3/ A1\ G2/ H2/ H1/ A5/ D8/ G8+ C8+ A8+ H7\ H8+
8x8Trax_5794593 jbdobie vs. HeatherN : @0+ B1/ @1/ A2+ B3/ C2+ D2\ C0+ E3\ D5\ C0\ E6\ D7+
8x8Trax_5794594 HeatherN vs. jbdobie : @0+ B1+ B2+ C1+ B0+ @2+ A3\ A1\ B0\ @3+ @3\ A1+ @1\ @2/ A3/ A0/
8x8Trax_5795032 jazzbeth vs. Rogue Trooper : @0/ A0/ B2/ A3/ B4/ B5/ C5/ C4+ C6+ A5/ @5\ A2+ C1/ E4/ C0+ A0\ @1\ A6+ G5+ G6\ G7+ E2+ H3+ H7+ G8+ H8+ D1/ A4\ H5+ H1+ B8+
8x8Trax_5800908 bw5550 vs. leewisdomjr :
8x8Trax_5800949 Carroll vs. JiffyJeff :
8x8Trax_5803836 ypercube vs. golfnutrof : @0/ @1/ C1/ C2/ D1/ D3/ E1/ E4+ F3\ E5/ C0+ A3/ A0\ @3+ F1/ E0+ G2\
8x8Trax_5805468 golfnutrof vs. Rogue Trooper : @0/ A0/ B2/ A3/ C3/ A4/ A0/ B2+ @1+ D1\ C0\ @2\ A0+ F4/ G3\ H2+ E1+ G0+
8x8Trax_5805478 Azalea vs. jazzbeth : @0/ @1/ A2/ B3/ @2+ @2/ @2/ B1+ A3+ @3/ A2+ @2/ A3/ D0\ C5\ A1\ @2/
8x8Trax_5813629 DarkIzeul vs. Goonerg : @0/
8x8Trax_5813720 Rogue Trooper vs. dgb : @0+ B1+ B2\ A0/ A3+ C2+ @2/ C0/ D1/ D0/ E2+
8x8Trax_5815696 * vs. Charlo : @0/ @1/ A2+ C1+ B0/ C4+ D3/ E3/ E1\ F2\ G3/ E5+ B0+ G1+ H4/ C1+ C0/ F8/ C7/ C8/ A7+ DRAW
8x8Trax_5815739 Traxplayer vs. TrueIndian : @0/ A2\ B2\ B3+ @2+ C4+ D2/ D1/ E1/ C0\ E4\ F2/ @4\ A2\ C5+
8x8Trax_5815906 psychospaz mom vs. Carroll :
8x8Trax_5817528 Dragon101 vs. Goonerg : @0/
8x8Trax_5817776 Charlo vs. dgb : @0/ A0/ A0/ @2+ B0/ C4+ D3+ E2+ C5\ D5\ E5+ C6+ A5+ F2/ F0+ @4+ B1\ H4+
8x8Trax_5823888 Linda Sue vs. judy7 : @0+ B1/ A0\ @2\ B3/ A1\ A0\ C0/ D1/ @5/ A6/ C6\ D6\ C0/ E5\ E6\ F6\ @3\ G7/
8x8Trax_5825483 Rogue Trooper vs. Dragon101 : @0+ A2/ @2\ A1\ C2/ B3+ C4/ D4+ @1\ C0/ E2+ F3+ A4/ @2+ C0+ E1+ B7/ A5/ C0+
8x8Trax_5826473 ypercube vs. Traxplayer : @0/ @1/ C1/ @1/ D2\ E2\ A0+ C4+ B5+ @5+ B0\ A2\ @2\ A1\ A6\ F1+ C7\
8x8Trax_5829691 golfnutrof vs. bw5550 : @0/
8x8Trax_5829712 TrueIndian vs. jaha : @0+ A0/ B1/ B3/ C3+ B0\ B5/ @5\ C6+ E4/ A3\ E1/ C7+ F2/
8x8Trax_5829854 Traxplayer vs. ypercube : @0/ @1/ @1/ D1/ A0+ A3/ @3/ A4/ @1+ F5+ G2+ @2+ D6+ B0\ A1+ F8\ H7+ B7+ A7/ B8\ H2/ E1\ RESIGN
8x8Trax_5829855 Traxplayer vs. ypercube : @0/ @1/ B0/ @1/ D2/ @1/ A0+ A3/ @3/ A4/ @4/ A5/ @2+ C0+ B7+ C8/ H2/ G1+ RESIGN
8x8Trax_5832880 Linda Sue vs. DaPlyr : @0+ A0+ A0\ @3\ C3\ C4/ B4/ @3/ A2+ @3\ @3\ C4+ G4\ E5/ G5+ A4\ G6/ D0\ F7+
8x8Trax_5836335 Uncle Chuckie vs. jazzbeth : @0/ @1/ B0/ A0/ C3+ B4\ B5\ C5\ D2\ @5\ E1/ F2+ F1+ G1/ D6\ F6+ D0+ A8+ @6\ B2\ A1/ H6+
8x8Trax_5836338 JiffyJeff vs. Goonerg : @0/
8x8Trax_5840750 psychospaz mom vs. DarkIzeul :
8x8Trax_5842069 Morticia vs. JiffyJeff : @0/ @1/ @1+ C2+ A0+ @1/
8x8Trax_5842078 B Line electric streetcar vs. JiffyJeff : @0/ @1/ @1+ C0+ B3/ B0\ D4\ D5\ B5\ D2+ @3/ @4\ @4\ D1\ C1\ @3+ B5/ RESIGN
8x8Trax_5843397 Morticia vs. JiffyJeff : @0/ @1/ B0+ C1+ B0+ D2+ A4+ @3+ @3\ E3+ C5+ A1+ A4/ @2/ @2/ A4+
8x8Trax_5853216 ypercube vs. Traxplayer : @0/ @1/ C1/ C0+ D1+ A3+ @3/ C0+ F2\ @4/ @4+ F5\ G3+ C5+ F6+ C3+ E7/ D7/ D8/ C8/ F7+ RESIGN
8x8Trax_5856204 jbdobie vs. *Leo The Lion : @0+ B1/ @1/ C0/ C0/ A2+ B4\ D4+ E3+ C5/ D6+ E6\ F6+ D7+ B6+ G4+ DRAW
8x8Trax_5856205 *Leo The Lion vs. jbdobie : @0/ A0/ B1+ B0+ @3+ B4+ @2\ A1\ E3+ C5+ E5\ F3\ D6+ D0/ E3/ G3+ G2/ H2/ H1/ H0+ D1\ C2+ A2\ A1\
8x8Trax_5856206 jbdobie vs. ypercube : @0/ @1/ C1/ @1/ D2\ E2\ A0+ A4+ F3\ B0\ E2+ @1\ A0\ A5+ @2/ B4+
8x8Trax_5856207 ypercube vs. jbdobie : @0/ A0/ A3/ A4/ B3/ B1/ @1+ C0/ @3\ E5+ D6\ B6+ B7+ F4\ @6+ A7/ G6+ E0/ H7+
8x8Trax_5856208 *Leo The Lion vs. ypercube : @0/ @1/ B2+ B3\ C1/ C4/ A3+ B5+ D1/ A0+ E5\ C6+ F2/ F1/ F0/ G3+ H6+ B8\
8x8Trax_5856209 ypercube vs. *Leo The Lion : @0/ A0/ A3/ @1\ A0\ @3+ C5/ D5+ @1\ B0/ A6/ @2+ C7/
8x8Trax_5856535 * vs. Judy : @0/ A2\ B2\ B3+ @2+ A1+ C4/ A5/ @5/ C6\ D6\ E4/ A3\ @5/ C7+ A3+ @5+ B2\ B1\ D8\ H5+ G7+ A2+
8x8Trax_5856536 JiffyJeff vs. Charlo : @0/ @1/ C1/ C2/ D2/ D3/ C0/ @1/ B3+ F3+ B4+ C0+ E1\ C0/ A4+ F1/ RESIGN
8x8Trax_5856784 jaha vs. Traxplayer : @0/ @1/ A0/ @1/ B0/ A0/ B5/ C3/ A0+ D6+ C7\ E4/ C3/ @1+ A0\ @1+ B6/ A4+ H5+ E3/ G4/ A6+ C8+ DRAW
8x8Trax_5856785 dgb vs. ypercube : @0/ @1/ B0+ @2+ A0/ @3+ C4/ C1+ E4\ E5\ C0/ RESIGN
8x8Trax_5859692 Morticia vs. JiffyJeff : @0/ @1/ B0+ C1+ C2+ D1+ B3+ C0/ @4\ A1\ B0+ @3\
8x8Trax_5860626 Uncle Chuckie vs. DarkIzeul : @0/ A2\ B1/ @1/ D1\ D2\ E2\ C3/ B0+ D1+ D5+ B5+ @1\ B0/ A4/ @4/ G7\ H6/ A2\ A1\ A0+ H6+
8x8Trax_5860772 dgb vs. ypercube : @0/ @1/ B0+ @2+ A0/ C4\ D4\ E4\ B5+ @2+ B0/ F4/ G4/ C7/ B7/ @1+ D8\ E8+ D1/ B4+ G8\ RESIGN
8x8Trax_5860778 Charlo vs. Traxplayer : @0/ @1/ @1/ @1/ B2+ A0+ B0+ E2+ @2\ A1\ B0+ D6/ F6+ D7/ B6+ G2\ G1+ H4+
8x8Trax_5865712 jazzbeth vs. Rogue Trooper : @0/ A0/ B2/ A0/ B1/ A0/ @1/ C5/ D5/ B0/ C2/ A5+ D2/ E3+ E1\ F3/ B6+ F0/ G3+ A1\ @6/ A1/
8x8Trax_5867282 TrueIndian vs. Dragon101 : @0+ A2/ @2/ A0/ @1+ B4/ @4+ C5/ B6+ @3/ F5+ F6\ A6/ C7/ @5\
8x8Trax_5868879 DarkIzeul vs. JiffyJeff : @0/ @1/ C1/ D1/ B2+ B0\ @3\ @2/ B1+ E0/ D0/ D6+ B1\ D0+ E2+ F2/ G3/ H4/ F7\ G7\ E8+ G6+ H3+ H7\ F1+ G1/
8x8Trax_5871081 judy7 vs. Linda Sue : @0+ @1\ A2/ @1\ A0\ C0\ D1/ D0/ @3/ A2\ @3/ E1\ E0\ C3/ B2/
8x8Trax_5871082 Linda Sue vs. judy7 : @0+ B1/ C1\ C2\ A0\ B0/ C2/
8x8Trax_5871209 ypercube vs. golfnutrof : @0/ A0/ A3/ B3/ A4/ C4/ A5/ @1\ A0\ D7+ E6\ F6\ F7\ D8/ F4+ G7+ E3+ @2+ E1/ F2+ G3/ G1+ H1/
8x8Trax_5871317 rogerrabbit vs. DarkIzeul : @0+ A0+ @1\ A2+ @2+ C3/ @1/ E1\ A0\ @2/ D1/ D0/ E2+ C5/ D6\ F5+ C6/ E7/ G3/ F2+ G4+ @4+
8x8Trax_5887169 Rogue Trooper vs. golfnutrof : @0+ @1+ A0/ B3\ C3\ A3/ C4+ @3+ E4\ E3+ D1+ F1+ C0+ G2\ D0+ E1+ D0\ D8/ A7+ H4+ G3+ H5\ H6\ A8/ F7+ B3\ A3+ C2+ F2/ G7+ F8+ A2\ DRAW
8x8Trax_5887190 jaha vs. golfnutrof : @0/ @1/ A0/ @1/ B0/ @1/ B0+ D1\ @2\ F4\ F5+ F6/ D5+ G4+ F1+ C4+ F0/ H4\ G7+ D7+ C6+ B1+ D8\ B6/ C8+
8x8Trax_5890250 ypercube vs. Leeeeeesa : @0/ A2\ B1/ C1/ B2\ A3\ @2\ C3+ C0+ D4\ E2/ @2/ F0/ G1/ H1/ D6/ C1\ C0\ G6\ G7\ D8/
8x8Trax_5891377 toni66 vs. jaha : @0+ A0/ A3\ B2/ B1+ C2\ C3\ B4\
8x8Trax_5891465 Leeeeeesa vs. ypercube : @0/ @1/ C1/ @1/ A0\ @2/ C3\ @2\ A1\ @1\ C0/ A4/ C5\ @4\
8x8Trax_5892598 dgb vs. Traxplayer : @0/ @1/ A0/ @1/ B3/ B0\ @2/ B3+ A1\ @3\ D0+ RESIGN
8x8Trax_5899378 TrueIndian vs. Traxplayer : @0+ B1+ A0/ A3/ @3+ @2/ B1+ C0+ D4+ C5+ B5/ @3+ B1+ C0+ C7+ F4+ B7/ A5+ @5\ C8+ A2\ RESIGN
8x8Trax_5899452 ypercube vs. jaha : @0/ A0/ A3/ A4/ B3/ C3+ C2/ @1+ @2+ A1\ B0\ B0\ A1\ @4+ F7+ F8/ G6\ @2+ F2+ C7+ B6/ A5+ H3\ H7+ A7+ DRAW
8x8Trax_5904225 DarkIzeul vs. JiffyJeff : @0/ @1/ C1/ D1/ C0+ C3\ C4+ D4\ E2/ @1/
8x8Trax_5905195 rogerrabbit vs. Dragon101 : @0+ A2/ @1+ B0/ C2\ B4/ @4/ C5/ @3\ A2\ @4/ B5\ C6/ A1/ @4/ E0+
8x8Trax_5905877 Leeeeeesa vs. ypercube : @0+ A0+ B2\ A0+ B4\ C4\ B1/ D1+ A5\ D5\ E3+ @4\ F5\ C5+
8x8Trax_5905954 Leeeeeesa vs. ypercube : @0/ A0/ B2/ A0/ A0\ @4+ A5/ C1/ B0\ B6+ C3\ D2/ C1/ B0+ C8/ D7+ @6+ F6/ F5/ G4\
8x8Trax_5905955 ypercube vs. Leeeeeesa : @0/ A2\ B1/ @1/ @2\ E1/ E0+ D3\ F2+ D4+ D5\ E0/ F2+ F4+ G4\ A1\ G5\ D0/
8x8Trax_5905956 Leeeeeesa vs. ypercube : @0/ B1/ @1+ B2/ @1\ C0+
8x8Trax_5906006 Leeeeeesa vs. ypercube : @0+ A2+ B2\ @2/ A3/ @3/ A4/ E2\ A1/ @4/ C5\ F5+ @3+ D6+
8x8Trax_5909575 DaPlyr vs. Linda Sue : @0+ @1\ C1/ A0/ C1/ D1/ C3/ D0\ C1\ C0\ C0\ B3+
8x8Trax_5909576 Linda Sue vs. DaPlyr : @0+ B1/ B2/ A0+ @1\ A0\ D2\ A3+ @3/ A4/ C5\ @3+
8x8Trax_5915876 DarkIzeul vs. Riika : @0/ @1/ C1/ D1/ C0+ C3\ C4+ D4\
8x8Trax_5915877 Riika vs. DarkIzeul : @0/ B1\ A2/ A0/ A0/ A0/ A0/ @3+ D1+
8x8Trax_5915878 DarkIzeul vs. dgb : @0/ A0/ A3/ B2+ @3+ B4\ @1\ A0\
8x8Trax_5915879 dgb vs. DarkIzeul : @0/ B1\ A2/ A0/ @2+ D1/ D0/
8x8Trax_5915880 DarkIzeul vs. ypercube : @0/ @1/ C1/ @1/ @1\ A0\ E3\ F3\
8x8Trax_5915881 ypercube vs. DarkIzeul : @0/ B1\ B2\ A0/ A0/ A0/ C3+ @4/ A5/
8x8Trax_5915882 Riika vs. dgb : @0/ A0/ A0/ @2+ B0/ C4+ D2\ E2+ C5\ D3\ F3/ G2\ D0+ C0/ @3\ B2+ G6+ G7/ E0+ A3\ G3/ G2/ D1+ H8+ B8+ A7\ H1/ H2\ C1+ H3+ B1+
8x8Trax_5915883 dgb vs. Riika : @0/ @1/ A0/ @1/ B0/ A3/ C4+ C5/ B6+ @1+ B0\ C0\ E6+ E4+ @4+ G6/ @4+ G3+ G2/ D1\ H3+
8x8Trax_5915884 Riika vs. ypercube : @0/ A0/ A0/ A4/ @3\ @3\ C5/ D2+ B2\ @5+ A6/ A2\ B1\ @3\
8x8Trax_5915885 ypercube vs. Riika : @0/ @1/ C1/ D1/ C2/ D0/ E1/ A3+ @3/ @3/ G4+ H2/ C0\ B1\ C0+ A6/ E7+ B3/ E0+
8x8Trax_5915886 dgb vs. ypercube : @0/ @1/ B0+ @2+ A0/ A4/ B4+ @2+ B0/ C2/ C1/ E2+ A0\ @1\ A0\ G3/ G2/ @2/ A3+ B0+ F3+ H2+ G7+
8x8Trax_5915887 ypercube vs. dgb : @0/ A0/ A3/ B2+ A4/ @1+ @2+ B5+ E2/ F1\ B0\ A1\ C0/ D1/ D7\ E6+ B8+ G4\ F6+ G6+ E7\ @3/ A7\ B8+ A6\ H7+ H8+ A1+ H1\ H2+ A4+
8x8Trax_5916344 JonathanT vs. thebodywall : @0+ @1+ A2/ C1+ A3/ B0\ A0/ @3+ D4/ @3+ C6\ D6\ F4/ C7/ B7/ A7/ F2/ G3\ A2\ F5+ D0\
8x8Trax_5916345 thebodywall vs. JonathanT : @0/ A0/ @2+ A3+ @1\ A0\ C4+ D2+ E2\ A4/ @4/ D1/ A5+ B0/
8x8Trax_5916346 JonathanT vs. davidmilne : @0/ A0/ @2/ @2+ A3+ C3\ D1/ B0+ @3/ A2+ C0/
8x8Trax_5916347 davidmilne vs. JonathanT : @0/ A0/ B1+ A3/ @3+ B0/ @1+ C0/ D0\ @5+ B6/ E7\
8x8Trax_5916348 JonathanT vs. Traxplayer : @0/ @1+ A2/ A0\ @1\ A0\ @4+ @3+ @2+ C5/ B5/ F0+ G4/ B7/ A4+ @3/ F7\ RESIGN
8x8Trax_5916349 Traxplayer vs. JonathanT : @0/ @1/ A0/ @2/ A0/ A0+ @1+ A0\ @4+ @4/ C6+ B2+ A3+ A7\ @3+ @3/ B5+ G3+ B8/ A6+ F1+ RESIGN
8x8Trax_5916350 JonathanT vs. TallPaul : @0/ @1/ C1/ A2+ A3+ A0+ @3/ C0+ E3/ D5+ D6/ A3+ F5+ F2+ F6\ D7+ A1+ F7\ E8+
8x8Trax_5916351 TallPaul vs. JonathanT : @0/ @1/ B0/ B0+ @3/ C0+ A1\ @3+ C0+ E3/ F3/ D0+ @4/ B3+ C1\ B1\ C7/ B8\ F8\ A1\ H4+ A7+
8x8Trax_5916352 thebodywall vs. davidmilne : @0+ @1+ A0/ B3\ @2\
8x8Trax_5916353 davidmilne vs. thebodywall : @0/ A2+ B1\ A3\ B3\ B4\
8x8Trax_5916354 thebodywall vs. Traxplayer : @0+ B1+ B2+ C2+ B3+ @1+ C0+ B1+ C0+ A2+ B1\ A4/ C6+ D1/ A0/ @3/ C0+
8x8Trax_5916355 Traxplayer vs. thebodywall : @0/ A2/ @2\ C1+ B3+ C0\ D3\ C5/ C6/ D4+ A5/ @5/ A6/ A7/ @5+
8x8Trax_5916358 davidmilne vs. Traxplayer : @0/ @1/ A2+ C1+ D1\ D3+ @1/ A0+ B0\ @2+
8x8Trax_5916359 Traxplayer vs. davidmilne : @0/ A0/ @1/ B0+ C3/ @1+ @2\ C0/ A4+
8x8Trax_5916360 davidmilne vs. TallPaul : @0/ A0/ B1/ C1+ A3+ B4/ D1/ @4\ E4+ B5\ F1\
8x8Trax_5916361 TallPaul vs. davidmilne : @0/ @1/ B0+ B0\ C1\ D1\ C3+ D0/ E2\ C0+ @5+ C6+ E6+ B7/ A7/
8x8Trax_5916362 Traxplayer vs. TallPaul : @0/ @1/ A0/ @2/ A3+ D2/ D4+ E2/ F2+ E1+ F5\ G3/ G1/ D0/ H2\
8x8Trax_5916363 TallPaul vs. Traxplayer : @0/ @1/ A2+ C1+ B0/ B4\ D2\ E2\ D1+ @2+ @2/ A3/ C0+ A2+ @2+ B5+ C6+ G5+ F6+ A5+
8x8Trax_5916364 * vs. JiffyJeff : @0/ @1/ A2+ @2+ A1+ @2+ C0+ B4/ @4\ A5+ E0\ F3+ F1/ D0/ A8/ @6\ H3+ G6\ H6/
8x8Trax_5916365 JiffyJeff vs. * : @0/ B1\ A2/ @2+ B0+ A4\ C4+ A0/ @1+ B6/ A6/ A0\ @7\ B6+ A5+
8x8Trax_5916366 * vs. Leeeeeesa : @0/ @1+ @1\ B0/ C1+ C0/ B1+ B4\ D1+ B5\ C6/ E2+ A0/ D4+ E7+ F6+ D8+
8x8Trax_5916367 Leeeeeesa vs. * : @0/ A2\ B2\ B3+ B1/ C3/ A0\ @3\ E4/ C5+ C6/ B6/ D6\ B7+ B8\ D8+
8x8Trax_5916368 * vs. golfnutrof : @0/ @1/ A2+ C2/ A3+ @1\ C0+ C0\ A1+ D5\ E5\ C6+ D3/ A4+ @4/ A5/ D7/
8x8Trax_5916369 golfnutrof vs. * : @0/ A2\ B1/ B0+ C2\ B3+ C1+ A4\ @3\ @2/ B0+ C6+ @2+ C0/ C0/ F7\ F8+ A2/ @4/ A3+ B6+ @5\ G1+ B1\ A1\ DRAW
8x8Trax_5916376 dgb vs. jaha : @0+ A0/ @2\ B3/ B0\ C2\ D2\ C1+ D3+ E3/ @3\ @4+ B5/ B6/ A6/ H1+ H0/ E1+ D0/ H5\ G6/ G7/ B3+ DRAW
8x8Trax_5916377 jaha vs. dgb : @0/ @1/ A0/ @2+ B0/ B4\ D3/ C4+ B5\ C6/ D5+ B0+ @4\ @1+ D8\ F3/ G7+ C6+ G6+ A5/ RESIGN
8x8Trax_5916378 dgb vs. Linda Sue : @0/ A2+ A3/ @3\ C2+ D2\ E2\ E3\ C4/
8x8Trax_5916379 Linda Sue vs. dgb : @0+ B1+ B2/ B0/ @3+ D2+ A2\ A1\ C0/ @4/ @4/ C5+
8x8Trax_5916380 dgb vs. ypercube : @0/ @1/ @1/ B0/ @2+ @2/ @2/ D0+ B4+ C5/ D0/ A3+ D5+ G5/ G4/ D7+ E7\ F2+ G2/ H1\ F0+ B3+ H6+ F7+ B2\ B1\ A3+
8x8Trax_5916381 ypercube vs. dgb : @0/ @1+ @1\ B0/ B0/ C1/ A4\ B5/ B6/ B0+ D3+ C5+ @4\ E7\ RESIGN
8x8Trax_5916382 jaha vs. Linda Sue : @0/ B1+ C1/ D1/ B2\ C0/ C0/ D1/ A1\
8x8Trax_5916383 Linda Sue vs. jaha : @0+ A0\ @1/ B3\ C3\ C4+ A4\ D4/
8x8Trax_5916384 jaha vs. ypercube : @0/ A2/ B1\ A0/ A0/ C3+ @2\ B5/ D4+ E4\ F4\ A6\ @6+ D7\ E5+ C8/ B7+ A1\ @3+ F8/
8x8Trax_5916385 ypercube vs. jaha : @0/ A0/ B2/ B3/ C2/ @2\ @2\ D1+ D0/ D0/ D0/ F5+ G5/ F3/ D7+ H5/ F8\ G6+ G8+ C7/ G3+ A4\ C3+ H3+ B7/ G2/ B8+ A8/ B1+ DRAW
8x8Trax_5916386 Linda Sue vs. ypercube : @0+ @1+ B0\ A3/ B3+ C3\ D3/ B4+
8x8Trax_5916387 ypercube vs. Linda Sue : @0/ A2+ A3+ B1\ B0/ B3+ C1\
8x8Trax_5917503 judy7 vs. Linda Sue : @0/ A2+ @1\ B0/ C3/ B4\ A4/ A5/ @4/ A5/ A1\ @1\ C0/ A4/ @3/ B6\
8x8Trax_5917504 Linda Sue vs. judy7 : @0+ @1/ A0/ @1\ A0\ C1/ D1/ @3/ B4\ E4\ E5\ D0/ E1/ B0\ A1\
8x8Trax_5918652 Leeeeeesa vs. Linda Sue : @0/ A2+ @1\ A0\ A0\ A4+ @3+ C2+ B0+
8x8Trax_5918653 Linda Sue vs. Leeeeeesa : @0+ A0+ A3/ B2/ @1\ D2/ B0/ D4\
8x8Trax_5919870 jazzbeth vs. DarkIzeul : @0/ B1\ A2/ A0/ A0/
8x8Trax_5924014 Dragon101 vs. Traxplayer : @0/ @1/ A2+ C1+ @1/ A0+ @2+ D0/ E1/ E0/ F4/ @4/ D0\ C1\ E0+ E8/ B7+ B4/ G7+ H4+ C8+ A4\ A3+ G2+ B1\ A1/
8x8Trax_5925268 Riika vs. Ally : @0/ B1\ A2/ @1/ @1/ @1/ D0/ F1/ F0/ F0/ G3+ G0/ H1/ E3\ G6\ H5/ E7+
8x8Trax_5927402 Leeeeeesa vs. ypercube : @0/ @1/ @1\ A0\ C1\ @1\ A3\ D0/ E1/ A1/ B1/ B0/
8x8Trax_5933482 * vs. golfnutrof : @0/ @1/ A2+ @2\ B3+ @2\ E2\ E3\ E4+ F2+ D0+ G3/ G1+ A4/ @3+ C0+ C0+ G2/ D1+ E1+ E0+ C8+ B2+ A4+ C1/ DRAW
8x8Trax_5942627 TallPaul vs. * : @0/ A2\ B1+ B2+ C1+ B0/ C0\ B0/ D4/ B0/ D6\ C7/
8x8Trax_5942652 jaha vs. TrueIndian : @0/ A2\ B2\ B3+ @2+ C4+ B0+ D3\ E3\ C2/ E5\ F3\ A5/ @4/
8x8Trax_5943894 ypercube vs. thebodywall : @0/ B1/ C1/ D1\ D2\ D3\ D0\ C4/ D5\ D0/ E4+ B5/ B6/ E7/ A5+
8x8Trax_5949374 Leeeeeesa vs. ypercube : @0/ @1/ B0\ @2\ B1+ B0\ A1\ A0\ @1\ D1/ D0/ E3\
8x8Trax_5949375 Leeeeeesa vs. ypercube : @0/ A2/ A0\ @1\ C3\ C4\ A3\ D4/ @1+ C0/ D1/ E2/ D0\ D0\ F6+ E1\ E3/ D8/ C7+ G4+ B7+ B8+ A7\ H5\ H6\ H3/ G2\ C2+ A3\ A2\
8x8Trax_5954900 * vs. Uncle Chuckie : @0/ B1\ A2/ A3/ @1\ B0/ D2+ C4\ D5/ E3/ @2+ A1\ A0\ G6\ G7\ H5+ A6+ B7/ D8+ H3/ G2/ E1+ H2/ E8\ H8\ A8+
8x8Trax_5956557 ypercube vs. jazzbeth : @0/ @1/ C1/ C2/ D1/ D0/ A3/ D4/ @2+ A0+ @4\ B5\ B0/ A7/ @5+ G7\ H3/ D8/
8x8Trax_5963902 ypercube vs. Traxplayer : @0/ @1/ C1/ D1/ C2/ D3/ C0+ A3/ @3/ D4+ A5+ B6+ A0+ @4+ E1/ E0/ G2/ @2+ A1\ B7/ A7+ C8+ F7+ DRAW
8x8Trax_5964852 Rogue Trooper vs. jaha : @0+ A0/ B1\ A3/ @3/ @3+ B1+ A0/ @3/ B0/ B0/ E1+ F4/
8x8Trax_5965800 JiffyJeff vs. JonathanT : @0/ @1/ @1/ C0+ C0+ A4+ B1+ @4/ A5+ B6/ C6+ C0/ E2\ A4+ @6/ B1\ A3/ C0/
8x8Trax_5965801 JonathanT vs. JiffyJeff : @0/ @1/ A2/ @2\ B0+ A2\ @2\ A1\ C0/ E4/ F4+ E3+ A5/ @4\ F5+ E6\ F1/ RESIGN
8x8Trax_5965802 dgb vs. JonathanT : @0/ @1/ @1/ B0/ B0+ @3+ C4+ B5\ E4+ F4/ D5+ C0/ B1+ @3/ B6+ E3/ F7\ G7\ @5/ B6/
8x8Trax_5965803 JonathanT vs. dgb : @0/ A0/ A3/ B2+ C2/ B0\ @1+ @3\ A1\ B0\ B0\ A1\ @2+
8x8Trax_5970602 DarkIzeul vs. JiffyJeff :
8x8Trax_5971753 Loretta vs. ypercube : @0/ @1/ B0+ @2+ C0/ A1\ @1\ E3\ D4/ C0/
8x8Trax_5972111 JiffyJeff vs. Rogue Trooper : @0/ A0/ B2/ B3+ C2/ C1/ D1/ D4\ E3/ A4\ B5/ A6\ C0+ @7/ B8+ F3+ @6+ @5/ F7+ C3+ G6+ G7\ F8\ G8\ H6/ DRAW
8x8Trax_5977942 thebodywall vs. Linda Sue : @0/ A2+ A0+
8x8Trax_5977943 Linda Sue vs. thebodywall : @0/ A2\
8x8Trax_5977944 thebodywall vs. ypercube : @0/ @1/ A2/ C2/ @2/ E2/ @1\ A0\ F4\ G4\ @3/ A4/ A5/ E6+ G2/ E1+ D0+ H3+
8x8Trax_5977945 ypercube vs. thebodywall : @0/ B1\ B2\ C2+ C0\ A1+ A0\ @3/ A4/ A5/ @3+
8x8Trax_5977948 JiffyJeff vs. Linda Sue : @0/ A2+ B1\ A3\ B3\ C2\ B4/ C3+ D3+ D4\ C5+
8x8Trax_5977949 Linda Sue vs. JiffyJeff : @0/ @1/ B0/ C1\ A3\ @2/ D2+ D3\ C4\ @4/ A5/ A1\ A0\ @4\
8x8Trax_5977950 JiffyJeff vs. ypercube : @0/ @1/ @1/ C2/ D1\ C3/ B2/ C4/ C0/ D3+ B5/ E1/ RESIGN
8x8Trax_5977951 ypercube vs. JiffyJeff : @0/ @1/ C1/ D1/ C2/ C3+ C4/ D0\ B5/ B1\ E3+ C6+ E5+ C7/ @3\ B1+ B0\ @3/ G7/ D1+ G2/ H2/ H6/ G1+ A7/ H7\ H8+ C8/ H3+ H4+ B8+
8x8Trax_5977954 Linda Sue vs. ypercube : @0/ @1/ A2+ C1+ C0\ C4\ D3/ @2+ D5/ F2\ B0\ F2/ G3\ D1/
8x8Trax_5977955 ypercube vs. Linda Sue : @0/ B1+ C1+ D1\ B0/ C3\ B0/ C5\ D1/ E3\ D0\
8x8Trax_5977956 Linda Sue vs. TallPaul : @0/ @1/ B0/ @2+ D1/ C3+ D0/ E1/ F2/ C0+ @3\ A4+ @3/ D0/ H3+ G1/ E0\ H3/
8x8Trax_5977957 TallPaul vs. Linda Sue : @0/ B1+ B2\ B3\ C3\ C4\ D1+ E2\ B5+ @2\ C6\ E0/ E7\ E8\ F5\
8x8Trax_5977958 ypercube vs. TallPaul : @0/ @1/ C1/ C2+ @2\ C3\ E1/ E0/ @3+ G1+ B0+ A1\ F0/ G1/ A1\ G0+ @3+
8x8Trax_5977959 TallPaul vs. ypercube : @0/ A0/ B1+ A3+ A4\ B5/ A0/ @1+ D2\ E4+ A5+ @1/ A0/ F8\ G6+ @1+
8x8Trax_5977960 dgb vs. JonathanT : @0/ A0/ A0/ @2+ B0/ C4+ C5\ D5\ E4/ D3/
8x8Trax_5977961 JonathanT vs. dgb : @0+ B1+ B2/ B0/ C1/ D1+ B4/ @3+ @3/ A2+ RESIGN
8x8Trax_5977964 dgb vs. Traxplayer : @0/ @1/ @1/ @1/ B0/ A0/ @2+ B0/ C1/ C0/ D4+ B6/ F6\ F7\ B0+ @5\ H6/ G5/
8x8Trax_5977965 Traxplayer vs. dgb : @0/ A0/ @1/ B0+ @2/ D2\ E2\ B3+ @1\ A0\ C5/ C6/ C7/ @2+ C1+ E7+ F6+ B5+ H3\ F2/ A5+ G6\ G7\ G8+ H6+
8x8Trax_5977966 JonathanT vs. Leeeeeesa : @0+ B1+ B2/ A0\ A0+ A0/ B1/ C1/ B6/ C5+ D6/ @5+ F5\
8x8Trax_5977967 Leeeeeesa vs. JonathanT : @0/ @1/ B2/ B3+ C3+ B4/ D3\ D2+ B5/ D0/ E2\ A1\ C0/ @3\
8x8Trax_5977968 JonathanT vs. Traxplayer : @0+ B1+ B2/ A0\ B4/ @2+ @1/ B0+ E3\ @2\ @2\ G6\ H4+ F7/ E7/ D4+ C7+ B3+ F2+ C0\ B1+ E2/ E1/ F2/ G2/ H3\
8x8Trax_5977969 Traxplayer vs. JonathanT : @0/ @1/ A0/ @2+ B3+ D2/ C1/ A3+ C4+ D1+ C0+ A0/ @4/ D1/ E1/ E0/ F1/ G4\ G5\ G8+ A7/ H7+
8x8Trax_5977970 Leeeeeesa vs. Traxplayer : @0/ @1+ @1\ C0/ C0+ D2\ C0/ C0/ B6+ D1+ E4\ D0+ B8\ C8\
8x8Trax_5977971 Traxplayer vs. Leeeeeesa : @0+ A0+ A0+ @2/ C1\ B4/ D2\ C3+ @3/ D0\ F3\ D5+ C6/ F2\ A6/ C7/ @5+
8x8Trax_5978645 Loretta vs. ypercube : @0/ @1/ A2+ C1+ A3+ @2+ C0\ @3+ C5/ F2+ @3\ A2\ @3/
8x8Trax_5980162 Loretta vs. ypercube : @0/ @1/ B0/ @1/ A2/ C0/ @1\ B0/ D1\ @4+ B1\ B0/
8x8Trax_5982993 Chad vs. psychospaz mom : @0/
8x8Trax_5984923 jazzbeth vs. RolleJ : @0/ @1/ B2/ B3/ C3/ D3/ C1/ A3/ @3/ @3+ B4\ F1+ E4+ C5+ @2/ F0+ C0+ B7/ C8+ E8\ @6+
8x8Trax_5986127 * vs. DINGEROO : @0/ B1+ B0+ B3+ C1\ @2/ C4+ @3/ A4/ B1\ A1\ @1\ B0+ @1\ B0/ A1+ E1+ C0\ F8+ E7/ E1+
8x8Trax_5986128 Jay RAA vs. Dragon101 : @0/ A0/ B2/ B1/ C1\ A3+ D1/ C0+ E2/ E3+ F2/ B5/
8x8Trax_5986296 Traxplayer vs. golfnutrof : @0/ @1/ A0/ @1/ A0/ @1/ A0/ @1/ B0/ @1/ C0+ @2/ B0+ @3+ C4+ C5+ G5/ H5+ D0/ E1/ C7+ F3\ G3\ F8+ E8/ F1/ B7/ A7+ G1/ H1+ B8/ B1+
8x8Trax_5986396 jaha vs. dgb : @0/ @1/ A0/ @2+ B0/ B4\ D3/ C4+ B5\ C6/ D5+ B0+ B8\ A7+ @8\ @8\ E2+ G5+ B5+ E1/ F1/ G2+ @8\ A6\ DRAW
8x8Trax_5994340 dgb vs. Traxplayer : @0+ B1+ C1\ B0/ D2+ E1\ F1\ E3/ F0+ G4\ G5\ G1/ H1/ H0/ H0+ H6+ F0\ E1+ D8/ C7+ D3\ A5\ A4\ C2\
8x8Trax_5995091 Uncle Chuckie vs. DarkIzeul : @0/
8x8Trax_5998268 Lorraine of the Renegades vs. Chad : @0/ @1/ A2/ @2\ C3\ D3\ B4/ A4/ @3\ C0\ B1\ A1+ @5\ B0/
8x8Trax_5998475 Traxplayer vs. JiffyJeff : @0/ A0/ @1/ C2+ D1\ B0/ B0+ C1+ E3+ A4+ C5+ @3\ @3\ D0/ D7/ C7/ H4+ B3+ B6+ G1/ B1+ C0/
8x8Trax_6002708 Leeeeeesa vs. Linda Sue : @0/ B1+
8x8Trax_6002727 Linda Sue vs. DaPlyr : @0+ B1/ C1+ @1\ C0/ D3\
8x8Trax_6003878 ema vs. Linda Sue : @0/ B1+ A0\ @2/ A3\
8x8Trax_6003879 Linda Sue vs. ema : @0/ B1\ B2\ @1/ C0\ D1/ D0/ C5+ C6/ D6\ C7/ B4+
8x8Trax_6006443 DarkIzeul vs. Judy :
8x8Trax_6012050 ypercube vs. Traxplayer : @0/ @1/ B2/ C2/ B0/ A0/ B5/ D5/ D4/ D6\ E5/ A6\ C2/ @5+ G5\ G6\ @1\ A0+ C8+ D2+ G5+ F3+ D1/ G3+ G2/ H1\ B8/
8x8Trax_6021016 Rogue Trooper vs. Traxplayer : @0+ A0+ A3+ A4/ @4/ @4+ B5+ A2\ D1\
8x8Trax_6021037 ypercube vs. JiffyJeff : @0/ A2+ A3+ B1/ C1+ B0+ A5+ B4+ @2+ C0+ A1\ @1+ @1/ B2/ G3\ C5/ H5\ G6+ D7\ B5/ A6\ F8\ G8\ H8\ B7+ C8/ G2+ G1+ H2+ RESIGN
8x8Trax_6022551 psychospaz mom vs. DarkIzeul :
8x8Trax_6024476 JiffyJeff vs. Traxplayer : @0/ @1/ C1/ D1/ B2/ C0/ A0/ D5+ E3/ F3+ E2\ F6\ G5/ B6/ G4/ D7+
8x8Trax_6025848 Dragon101 vs. Uncle Chuckie : @0/ B1\ A2/ A3/ @3+ B4/ C4+ @1\ C0+ @3/ A4/ D0\ @3+ A2\ A6\ E7/ G4/ E0\ H5+
8x8Trax_6027134 dgb vs. ypercube : @0/ @1/ B0+ @2+ A0/ A4/ B4+ A5/ D3\ E3\ @4+ @3/ C6+ E5+ C0\ B3+ C8+ H4/ H3+ E8\ F6\ H2\ G2\ RESIGN
8x8Trax_6027135 ypercube vs. dgb : @0/ @1/ B2/ C1+ A0/ B4\ B5\ B1/ D2/ B0/ B0+ C7\ D7+ E6\ B0\ @1+ @5/ A6+ @2\ A1\ G2+ H2+ DRAW
8x8Trax_6029028 Chad vs. Judy : @0/ A2\ B1/ B2+ B0\
8x8Trax_6030495 golfnutrof vs. Rogue Trooper : @0/ B1\ B2\ C2\ C0+ D3\ E3+ B4+ A4/ @4+ C5\ A1\ RESIGN
8x8Trax_6043971 * vs. kaanwi : @0/ A2\ B2\ B1+ B0+ B0\ A1\ @2\ B0+ D2\ A1\ A0\ @3/ E1/ B0+ F2\
8x8Trax_6044306 Riika vs. stitcher : @0/ A2+ B1+ A3\ C1/ C0/ C4\ D3+ C5/
8x8Trax_6044939 JiffyJeff vs. Traxplayer : RESIGN
8x8Trax_6045176 thebodywall vs. Rogue Trooper : @0+ B1+ B2/ B0/ C1+ D2/ C3+ C4/ E3\ E4\ E5\ F5\ B5/ E6+
8x8Trax_6049421 Uncle Chuckie vs. * : @0/ B1\ A2/ @2+ B3\ C3\ C4\ D1\ C5\ D0/ B7+ E1\
8x8Trax_6049595 Dragon101 vs. TallPaul : @0/ A0/ B2/ A3+ B4/ C2+ C1/ @3/ C5/ E5+ C6/ A1\ B0/ @4\
8x8Trax_6051727 Rogue Trooper vs. golfnutrof : @0+ @1+ A2\ A0\ @1\ @1+ B3+ D1/ C0+ E3+ C0\ @3+ B1\ B0\ @3/ F3/ H3/ H2/ E1+ F0\ F0+ E1\ D1\ B2+ DRAW
8x8Trax_6053750 Chad vs. balmoral : @0/ B1+ C1/ C2/ D1/ A0/ A4/ @3\ E4\ D5/
8x8Trax_6055705 kaanwi vs. * : @0/ A2\ B1/ B0+ B3\ C2/ B0\ @1+ C0/ D1/ E3\ C6+ D0/ F1+ E6\ F6\ G4/ A7/ @6+ C8/
8x8Trax_6055940 JiffyJeff vs. Traxplayer : @0/ @1/ C1/ D1/ D2/ D3/ D4/ A0\ @2/ F3+ D5/ F6\ G4/ E0/ F1/ G1/ H3/ F8\ B4+ H2+ DRAW
8x8Trax_6056334 Linda Sue vs. grins-n-giggles : @0+ @1\ B0/ B0/ C1/ D2/ C0+ C0/ @5\ E1\ C6/ E2+
8x8Trax_6064709 Chad vs. * : @0/ A2\ B2\ B3+ @3\ C4+ D2+ C1/ E2/ E1/ D0+ E4\ F4\ D5+ C6/ A1\ B0/ C8/ F2\ D1/
8x8Trax_6065893 toni66 vs. Linda Sue : @0+ @1/ A0/ C2\ @2/
8x8Trax_6065894 Linda Sue vs. toni66 : @0+ @1\ @1\ D1/
8x8Trax_6069843 Traxplayer vs. JiffyJeff : @0/ @1/ A0/ A0/ A4/ C4/ A5+ @4\ C6\ C2/ E5\ D6+ F4/ F3/ F6\ RESIGN
8x8Trax_6070060 Rogue Trooper vs. TallPaul : @0+ @1/ A2\ @1/ B3\ C3\ D3\ E3+ A4/ @2\ C5+ B6\ A0\ @1\ H3\ G1+ F0/ B6/ A5+ A8+ H6/ F8\ DRAW
8x8Trax_6071928 ypercube vs. Chad : @0/ @1/ B2/ C2/ B3/ B4+ A4/ B0\ @2/ E5/ B6/ D6+ A6+ C0/ D1/ C8+ E5/ A5/ A2\ @1/ F1\ F2\ G2\ B8+
8x8Trax_6071929 jazzbeth vs. golfnutrof : @0/ @1/ B2/ B3/ C1/ C4+ D1+ E2+ C0/ C6/ D6+ @1+ A0\ B7/ B0+ @2+ H5+ B5+ B8+ A8/ F2/ G2/ H2\ H3/
8x8Trax_6072238 Traxplayer vs. * : @0/ A2+ A3/ @3/ @3+ @2/ A1+ B0+ @4\ A1\ @3+ C0/ B6/ A5+ @4+ G2/ H2/
8x8Trax_6073378 kaanwi vs. Dragon101 : @0/ A0/ @2/ @2+ B0/ @2+ B4\ E2\ D5\ E4+ F4/ F5\ F6+ G5/
8x8Trax_6074191 JiffyJeff vs. Linda Sue : @0/ A2+ B1\
8x8Trax_6074192 Linda Sue vs. JiffyJeff : @0+ @1\
8x8Trax_6077961 ypercube vs. Traxplayer : @0/ @1/ B2/ C2/ C3/ D2/ C1/ C0/ D1/ E1+ F1+ D0+ @1+ D0+ @4+ A5+ B6+ G7+ H7+ G8/ H2+ D7+ A6+
8x8Trax_6079003 * vs. Uncle Chuckie : @0/ B1\ A2/ A3/ B2+ A4/ @4/ C5\ D5\ @1\ C0+ @5/ A6/ D7+ D8+ @3+ B1+
8x8Trax_6079089 JiffyJeff vs. Traxplayer : @0/ @1/ A0/ A3\ @2\ D2\ D3\ B0/ A1+ C5+ B5+ C2/ A5/ @5/ A6/ @6/ C7\ C8+ D8\ E8+ G2+ G5+ G1+
8x8Trax_6079177 Traxplayer vs. dgb : @0/ A0/ @2/ A0/ B4/ C4+ D3+ @3+ A0\ @1\ A2+ D2/ C0+ E2+ F6\ E7/ E8/ D7/ C7/ C8/ G6+ G7\ A6\ H5/ H7\ G2/
8x8Trax_6085476 * vs. rogerrabbit : @0/ @1/ A2/ A3+ @3+ B4\ D1/ D0/ E1/ F2+ A2+ B0+ C0\
8x8Trax_6086514 Traxplayer vs. Uncle Chuckie : @0/ B1\ A2/ A3/ @2/ B4\ C2+ A4\ B5+ @4\ D5\ E2\ B6+ E6/ F2\ G3/ B7/ H4+ D0/ E1+ G1/
8x8Trax_6086700 dawn1968 vs. * : @0/ A2+ @1\ A0\ @2\ C1/ C0/ B1+ A1\ A0\ B5+ B6/ @1+ A6+ @4/ B0+ A6+ B0+
8x8Trax_6091561 Traxplayer vs. golfnutrof : @0/ @1/ B0/ @1/ A0/ @1/ C1/ @1\ C0+ A1+ B0+ A4\ @3+ A2+ E6+ C5/ D7+ @5/ C6+ C8/ B8/ A8/ @7+ B3\ H2\ H1+ DRAW
8x8Trax_6092498 Jump This vs. dawn1968 : @0/ @1/ B2/ B3/ C3/ D3/ B4+ B5\ A4\ D2/ E2/ E1/ F1/ D0\ A1+ @3/ E0+
8x8Trax_6092499 dawn1968 vs. Jump This : @0/ A0/ B2/ B3/ C2/ C4/ D3/ D5+ E5\ F5+ E6+ G3/ G2/ G5+ D2/ G1/ B5/ B6/ B7/ G6\ H3+ F7/
8x8Trax_6094925 Rogue Trooper vs. Traxplayer : @0+ B1+ A2\ B0/ C1/ D1+ B0+ A2\ C4+ @3+ A1/ C5+ D6/ E5+ F6/ @3+ A1\ A0+ @3+ C5/ C6/ A1+ E1/ D0+ H4+ G3/ C8/ DRAW
8x8Trax_6096744 dawn1968 vs. Jump This : @0+ B1+ @1/ A0/ @2/ C3\ B4+ @3+ B0\ A1\ @5\ A6+ G3\ @4/ B7\ H5+
8x8Trax_6096745 Jump This vs. dawn1968 : @0/ @1/ C1/ C2/ C3/ B2/ C0/ A0+ @3/ B4+ E3+ B5\ C6/ A5+ @1\ B0/ D1+ G4/ @2+ A1\ C0+ D1/ G3+ F1/ DRAW
8x8Trax_6101082 Uncle Chuckie vs. * : @0/ @1/ B0/ A0+ @3/ C0\ @2\ A1\ C0/ @4+ D6+ @5\ A3+ @2/ B6+ C7/ H1/ RESIGN
8x8Trax_6104249 dgb vs. Traxplayer : @0/ @1/ @1/ @1/ B0/ A0/ C4/ C2/ @1+ C1+ A0\ F4+ B5/ @5/ A6/ C6+ F2+ @6/ A7/ B8+ D8+ F1+
8x8Trax_6104250 Traxplayer vs. dgb : @0/ A0/ @2/ B0+ @3+ A0/ @2+ @3\ @3\ B1+ A0/ A5+ @2\ D6+ H5+ H6\ G7+ E0+ F2/ D8+ G3/ H3/ A6+ A7/ A8+ H2+ G1+ H1+
8x8Trax_6104251 dgb vs. ypercube : @0/ @1/ @1/ D1/ A0\ @2/ E0+ C0/ A2+ @3\ F5\ G4/ D6\ A5+ B0\ RESIGN
8x8Trax_6104252 ypercube vs. dgb : @0/ A0/ B2/ A3+ C2/ @2\ @2\ D1+ C4/ D4+ D0/ D0/ C2+ D0+ D0/ B5+ B3+ E1/ F4+ B8/ RESIGN
8x8Trax_6104253 Allison vs. Traxplayer : @0/ @1/ A2+ C1+ A3\ B0\ @2/ @3\ E5\ F2\ G2/ E1/ E0/ A5/ @3/ D6/
8x8Trax_6104254 Traxplayer vs. Allison : @0/ @1/ B0/ B3\ C1+ D1/ D0/ B1+ E1+ D3+ C0+ @3+ A1\ F5\ B0/
8x8Trax_6104255 Allison vs. ypercube : @0/ @1/ A2/ B3+ C3\ D3+ C4/ D0/ E1/ A1\ A5/ B0/
8x8Trax_6104256 ypercube vs. Allison : @0/ B1\ B2\ A0/ C1\ A0\ @1\ C1+ D3+ A2+ @3\ C0+ A5+ E6/ F5+ A6+ F7\ G6/ G4+ @5/ A3+
8x8Trax_6104257 Traxplayer vs. ypercube : @0/ @1/ B0/ @1/ D1/ @1/ E0+ E0/ D1+ D0/ C1+ @2+ G3/ G4+ B0\ @4\ D6+ B1+ D0+ F2+ C0\ B2\
8x8Trax_6104258 ypercube vs. Traxplayer : @0/ @1/ B2/ C2/ B0/ @1+ B0\ @3\ @3\ A1+ E0/ F2\ G3/ D0+ C2\ D0/ D0/ C1+ B2+ A4+ @7/ C8+ G1+ A4/ B2+ B1\
8x8Trax_6107543 * vs. medea83 : @0/ A0/ B1/ C2+ A3/ D1\ B0/ D0\ E4/ B6+ @2\ A1\ B7\ A6+ @7\ H3\ F6/ G6+ D1\ B8+ F7+ F8/ G8\ H8\
8x8Trax_6108768 JiffyJeff vs. jaha : @0/ A0/ B2/ C2+ A3\ B1/ C3\ C4+ RESIGN
8x8Trax_6108948 dawn1968 vs. Jump This : @0+ B1+ A0/ B3\ @1/ @1/ B3+ E3/ C0/ E3/
8x8Trax_6108949 Jump This vs. dawn1968 : @0/ A0/ B2/ B1+ C1+ B3/ B4/ C3\ B0/ D1\ @3+ @2/ G2/ F5+ C1+ D0\ H2/ G1+ F0/ C7/ F8/ H7\ H8\ B8/ A6+
8x8Trax_6110726 Dragon101 vs. Uncle Chuckie : @0/ B1\ A2/ A3/ @2\ C3\ B4/ B5/ C4+ B6/ @5/ E4\ @5/ F2+ G3/ F7+ G4\ H4\ A1+ B0+ A1\ F1/ G1/ H3+ C8/ B8/
8x8Trax_6110791 * vs. kaanwi : @0/ B1\ B2\ C2+ D2/ A2+ B0+ E1/ D0+ F3\ F4\ E5\ G2+ F1/ F0/ G1/ H1+ F0+ G7\ H7\ F8/
8x8Trax_6111772 dawn1968 vs. Jump This : @0/ @1/ B2/ B3/ C2/ D3/ A3+ A0\ @3+ E3/ B0+ B0/ @4\ A3\ E7+ E1/ E0+ @5/ A6/ C2\ C1\ A3\ @5+ C7\ B2\ A3+
8x8Trax_6111773 Jump This vs. dawn1968 : @0/ @1/ @1/ B2/ D2\ C3/ C4/ C0+ C0+ @2\ A1\ A4/ @3\ C5+ G3/ G2/ G5\ H4+ G7\ H6/ E0+
8x8Trax_6115996 JiffyJeff vs. Rogue Trooper : @0/ A0/ B2/ C2+ C3/ B1/ B3/ B4/ A4/ D4\ D5\ A0\ @2+ C0/ D1/ E3\ F5\ A1\ RESIGN
8x8Trax_6116000 golfnutrof vs. Rogue Trooper : @0/ A0/ B2/ C2/ C3/ B3+ D3+ D4\ E3+ B4/ D5\ F5\ E6/ @1\ B0+ A5/ C7+ @3/
8x8Trax_6116009 * vs. TallPaul : @0/ @1/ B0+ B0\ @1+ B0+ B5+ D4+ B6+ D2+ B7+ C1+ E2\ F3/ G2\ F4+ H3/ H1+ B8+ C6+ A6/ F6\ F7+ D7/ DRAW
8x8Trax_6116085 dgb vs. jaha : @0/ A0/ A0/ @3+ @2+ @2/ @2/ D0+ F1\ G3+ G5+ B4/ B5+ C6/ F0/ G1/ @4\ A3+ B6+ A6\ A2\ RESIGN
8x8Trax_6124009 balmoral vs. ypercube : @0+ B1+ B2/ B0/ C2/ D2/ C3+ E3+ E4+ F3/ D1/ A4/ @3\ H3\ H4\ E0/ E0/ H2+ A6/ A7/
8x8Trax_6124277 dawn1968 vs. Jump This : @0/ @1/ B2/ C2/ @1/ C3\ A2+ @2/ B3/ B4/ @2/ B1+ C0/ C0/ @4+ @3/ B2+ D0\ B2+ E0/ F2+ B7/ D8+ C8+ G4\ B2\ G8+ H8\ F1/ G1/ H4+ A2+ C1+ A1+ DRAW
8x8Trax_6124278 Jump This vs. dawn1968 : @0/ A0/ A3/ @1\ B0/ C4/ @4/ A5/ C5+ D3/ @4/ B1+ @3/ F1+ A0\ @3+ G1/ H3+ H1+ G0/ A6+
8x8Trax_6125661 ypercube vs. Rogue Trooper : @0/ A0/ B2/ B3/ C3/ C2+ @2/ B3+ A4\ A0+ @2\ C6/ @3/ B6/
8x8Trax_6126203 Rogue Trooper vs. Traxplayer : @0+ B1+ A2\ A0\ A0+ A0/ B1/ B0/ C4+ A0\ @4\ @3+ B5+ F3+ E1+ C8/ B8/ A8/ @7+ H2\ A5+ B1+ DRAW
8x8Trax_6134587 Rogue Trooper vs. Chad : @0+ A0/ B1\ A3/ C1\ A4/ B4\ B5\ @3+ @2/ @2/ C5\ D6/ @2/ G0/ @3\ A2\ B5/ A4+ C6\ D8+ D2\ F1+ A1+ C8/ B1+ G7+ G8\ H8\ A6/ B7+ E1\ A8/ D1+
8x8Trax_6134736 JiffyJeff vs. * : @0/ B1\ A2/ @2+ A3+ B0/ D1+ C0\ C0+ A1\ @2+ C0+ B0/ A2\ @2\ A1/
8x8Trax_6137621 dawn1968 vs. Jump This : @0/ @1/ B2/ C2/ B3/ C4/ C5/ D5/ A2+ A4/ @4/ E3+
8x8Trax_6137622 Jump This vs. dawn1968 : @0/ A0/ A3/ B1\ @1/ A3+ A0\ @1+ A3/ @1\ D0/ E2+ A1\ B0+ @3+
8x8Trax_6139484 kaanwi vs. * : @0/ A2/ A3\ B2/ B3+ B4\ C2/ B5\ A4+ C1/ D2/ C6/ C0/ D1/ E3\ @3/ A6+ A0+ @3/ G7+
8x8Trax_6139499 Traxplayer vs. JiffyJeff : @0/ @1/ B0/ C1\ B3+ C3\ D3+ RESIGN
8x8Trax_6146186 ypercube vs. dgb : @0/ @1/ B2/ C1+ A0/ B4\ B5\ B1/ A0\ @1\ E3/ A0+ @2+ E7\ F7+ G6\ B3+ E2+ H5+ C6+ B0\ A1\ B8\ A7+ A8/ E1+ G4+ F1/ H3/ H2/
8x8Trax_6146206 Traxplayer vs. Rogue Trooper : @0/ A0/ @2/ B0/ @1+ C0/ D1/ A0+ @5/ A6/ @4\ A3\ G3+ F6+ H2/ H5+
8x8Trax_6146800 dawn1968 vs. Jump This : @0/ @1/ B0/ @1/ A0+ B0+ B0/ D1+ E1\ C6\ D6\ F1/ D0/ B8/ A6/ @6/ G4\ G5\ H3/
8x8Trax_6146801 Jump This vs. dawn1968 : @0/ @1/ C1/ B2+ D1/ D0/ A4\ C4+ @4/ @3+ C5/
8x8Trax_6148652 Elvis vs. MountainMist : @0+ @1\ A2/ @2/ A1+ C0+ D1/ C3\
8x8Trax_6148653 MountainMist vs. Elvis : @0/ B1\ B2\ @1/ C0\ C0/ D3+
8x8Trax_6149581 Jump This vs. dawn1968 : @0/ A0/ A3/ @2/ A0\ @2+ C0/ D2\ A1\ B0/ @3/
8x8Trax_6149582 dawn1968 vs. Jump This : @0/ @1/ B0+ @1/ B0+ @1/ B0/ B4+ A4+ B5\ D1\ D0\ @3\ B1+ A1\ F6+ F7\ F4+ E0\ G4/ F2\ @2+ C1+ B6+ H6+ H3/
8x8Trax_6151043 TallPaul vs. ypercube : @0/ @1/ B0+ @1/ D1\ B3+ A3/ D4\ E3/ A4/ @4/ C5\
8x8Trax_6152124 Traxplayer vs. jaha : @0/ A0/ @2/ A0+ @3/ C0\ B0/ A2+ B6+ D4+ E5+ D3+ @1/ C7/ F1+ C8\ E7+
8x8Trax_6155382 Jay RAA vs. Rand al*Thor : @0/ B1\ A2/ B2+ C1/ A0/ D2/ C3+ A0/ @3+ A5/ @4\ D0/ E3+ D6/ A2\ @3/
8x8Trax_6156641 dgb vs. Rand al*Thor : @0+ @1+ @1\ A0\ B0\ C2+ C4+ C5/ B5/ B6/ C7\ D5/ B8/ A8/ @6+
8x8Trax_6156642 Rand al*Thor vs. dgb : @0/ A0/ B2+ C2\ A3/ B4+ D3+ C5+ E3+ E5\ D6/ F4+ B6+ D7/ @4\ H3/ F2/ F1/ B0/ G7\ H6/ F1+
8x8Trax_6156645 dgb vs. Traxplayer : @0+ B1+ C1\ C2\ B3\ B4\ B5+ A5+ A6/ @2+ A5+ @5/ F2/ E3+ @6\ @5+ F0/ RESIGN
8x8Trax_6156646 Traxplayer vs. dgb : @0/ @1/ B0/ B0+ @3+ A0/ @4/ E3\ C5+ C6/ A5+ @5\ A3+ F2/ G2/ E1+ D0/ D0/ B3+ @7/ B8\ G6+ H6\ G1+ DRAW
8x8Trax_6156647 dgb vs. ypercube : @0/ @1/ @1/ C2/ B0\ D3/ C4+ D1/ D0/ E4/ B5+ @4\ G3\ G6+ H6+ H7\ C6+ G7/ G0+ H4+ E1\ D2+ C8+ RESIGN
8x8Trax_6156648 ypercube vs. dgb : @0/ A0+ B1/ @1\ A0\ @1\ A0\ E2\ D4+ D0+ F5\ F6\ A6/ @6/ E6+ B7+ H6\ H7\ A8\ E7/ DRAW
8x8Trax_6156649 Rand al*Thor vs. dawn1968 : @0+ @1/ B0\ B3\ @3\ C4\ D4\ E4+ C5+ E1/ B0/ F2\
8x8Trax_6156650 dawn1968 vs. Rand al*Thor : @0/ B1\ A2/ B2+ C1/ A0/ B4+ C4\ D4\ B5/ @2+ A4+ @1\
8x8Trax_6156651 Rand al*Thor vs. Traxplayer : @0/ @1/ A0+ A3\ A0/ @3+ @2/ @2/ B4+ D5\ D6\ E5\ F2\ C7+ B7/ G1/ D8\ E6\
8x8Trax_6156652 Traxplayer vs. Rand al*Thor : @0/ B1\ A2/ @2/ B3\ C3\ D2+ A4+ B5+ D4+ E3+ @3/ A2+ C6/ D6+ F5+ @1/
8x8Trax_6156653 Rand al*Thor vs. ypercube : @0+ B1+ B2/ B0/ C1/ D1+ B0+ A2\ @2\ A1\ C0/ E5\ E2+ F5/
8x8Trax_6156654 ypercube vs. Rand al*Thor : @0/ B1\ B2\ A2+ @2/ C3\ @3\ B1+ D4\ E3+
8x8Trax_6156655 dawn1968 vs. Traxplayer : @0/ @1/ B2/ C1/ B3\ D2\ C3+ E1/ E0/ E4\ E5/ F3\
8x8Trax_6156656 Traxplayer vs. dawn1968 : @0/ @1/ B0/ B0+ @3+ C0\ @2+ @2/ @3\ D0+ E6+ C5/ G4+ H4/ D6+ B2+ H3/ G1+ E0+ G1/ D8/ B8+ B1\ DRAW
8x8Trax_6156657 dawn1968 vs. ypercube : @0/ @1/ B2/ @1/ B2+ D1/ D0/ B4/ @3\ B0+ C6+ F2/ E0/ @6+ A7/ C8+ @7/ C1/ DRAW
8x8Trax_6156658 ypercube vs. dawn1968 : @0/ A0/ B2/ C2/ @2/ B0/ B4+ D2/ E2/ E1/ F1/ F0/ @1\ A0\ @5/ A6/ F1+
8x8Trax_6156659 Traxplayer vs. ypercube : @0/ @1/ B0/ A0/ @3+ A4/ D2+ E2/ A5/ B4+ E3+ C1/ @5/ F0/ F0+ G3/
8x8Trax_6156660 ypercube vs. Traxplayer : @0/ @1/ C1/ B2+ D1/ A0+ B0+ C0+ C0\ C0\ @5\ A4\ F4+ E1/ E8\ F6+ @4\ B3\ H3/ G1\ B2+ D1+ H1+ C8/ B7+ H4+ DRAW
8x8Trax_6158218 * vs. kidgame2001 : @0/ B1/ A2/ C2\ C3\ C0\ @2+ B0\ C0\ E6\ A2\ @3/ C1+ F2/ G4+ @4/ A5/ H2/ B6+
8x8Trax_6160459 Rand al*Thor vs. TrueIndian : @0/ A2\ B2\ B3+ C2/ C1/
8x8Trax_6161891 ypercube vs. golfnutrof : @0/ @1/ C1/ C2/ D1/ D3/ E1/ E4/ C0+ A3/ E0/ F3/ A1\ F1/ C0+
8x8Trax_6161984 jazzbeth vs. TallPaul : @0/ @1/ B2/ C1+ C0+ D1/ @2/ B1+ D0\ A4/ D0/ E5+ C1/ A2+ @4+ C6+ C1+ @4/ @4/ B6+ D7+ G0+ H1/ C2+ F8+ A8/ A4+ C1\ DRAW
8x8Trax_6165515 dawn1968 vs. Jump This : @0/ @1/ A0/ @1/ A2+ A0\ @2/ @2/ C0+ A2\ @3/ F2\
8x8Trax_6165516 Jump This vs. dawn1968 : @0/ @1/ C1/ A2/ A0+ @1\ @1+ A0\ E5+ F3/ A5/ @3/ C6\
8x8Trax_6168062 Uncle Chuckie vs. Traxplayer : @0/ @1/ B0/ @1+ C0/ D1/ B0\ B0+ A1\ @4\ D6+ F6+ F1\ A0/ G2/ E1+ A0\ @4+
8x8Trax_6173584 Rogue Trooper vs. Traxplayer : @0+ B1+ A2\ B0/ B4/ C2\ @4/ A5/ C5+ @3+ A2\ A1+ @1/
8x8Trax_6174602 golfnutrof vs. Dragon101 : @0/ A0/ B1/ A3/ A0/ B1/ C4+ A5/ A6+ @5\ E3\ B0+ A1\ B0/ E8\ @4+
8x8Trax_6174677 jaha vs. ypercube : @0/ @1/ A0/ @2/ @2+ @2/ B3/ B4/ @2/ D4\ C5/ @2/ C3+ @2\ B1+ B0/ E1+ B0/ E8\ F7+ G6\ RESIGN
8x8Trax_6178514 Jump This vs. JiffyJeff : @0/ @1/ @1/ @1/ B2+ C0\ C0\ B1\ B0\ A1\ @1+ C0+ F1/ C0/ G4\ F1/ E8\ F6+ A6/ @6/ C8/ B2+ A2+ B1+ H7+ G8\ DRAW
8x8Trax_6179499 dawn1968 vs. Jump This : @0/ @1/ B0/ @1/ C0/ A0/ D3+ B5+ A5/ A6/ @6/ E6\ F6\ C7\
8x8Trax_6179500 Jump This vs. dawn1968 : @0/ @1/ @1/ @1/ C0+ D3+ A0\ @2+ C0/ D1/ A1\ A0\ @3/
8x8Trax_6184899 Leeeeeesa vs. Linda Sue : @0/ A2+
8x8Trax_6187077 Chad vs. Traxplayer : @0+ B1+ A2\ B0/ B0+ C3+ B5/ B0\ A1\ A0\ @4+ D1/ E3+
8x8Trax_6188112 grins-n-giggles vs. Linda Sue : @0/ B1+ B0\ C1\ @2/ C0\ A4\ B4\ B5\ C5\ D6/ E5\ F4\ F5\ F2/ G2/ E1+ C0\ G6\ H3\
8x8Trax_6188113 Linda Sue vs. grins-n-giggles : @0+ @1\ @1/ A2/ C0/ C0/ @4/ E3/ E2/ F2/ E1/ E0/ F2/ G2/ G1/ B6\ C6\ C7\ C8\ D7/ E7+ D6+
8x8Trax_6190129 Jump This vs. JiffyJeff : @0/ A0/ A3/ A4/ @3+ C3\ D3+ D4\ B5/ B0/ E1+ E0/ E6\ F6+ C8+
8x8Trax_6193936 Rogue Trooper vs. Dragon101 : @0+ A2/ @2\ B0/ C1/ D1+ C3+ C0/ A1\ C0+ @3+ C6+ F2\ F4+ E6+ G4+ C7\ D8+ G5\ H5+ H6\ F7+ C8/ B7\ A5+ A7/ A8+ F1+ G8+ DRAW
8x8Trax_6194475 MountainMist vs. Elvis : @0/ B1\ B2\ A2+ @1/
8x8Trax_6194476 MountainMist vs. Elvis : @0/ B1\ B2\ A2+ B0/
8x8Trax_6199002 Rand al*Thor vs. ken :
8x8Trax_6199876 dawn1968 vs. Jump This : @0/ @1/ B2/ C2/ C3/ D3/ C1+ D4\ E3+ C5/ B4\ E5\ F3/ E6/
8x8Trax_6199877 Jump This vs. dawn1968 : @0/ @1+ A2/ @1+ B0/ @2\ @2\ @2\ A3+ C4+ E4\ E5+ F4/
8x8Trax_6200150 JiffyJeff vs. Chad : @0/ @1/ B2/ B0\ C2\ D2\ B0\ @3\ A2\ F3/ D2+ A0\ @1\ E1/ RESIGN
8x8Trax_6204230 Traxplayer vs. golfnutrof : @0/ @1/ B0/ @2/ A3+ C4+ D1+ C0/ @2+ D0/ A0\ @3/ D0+ @5\ H4\ D8/ G1+ B6/ C8+
8x8Trax_6205151 Rogue Trooper vs. Traxplayer : @0+ B1+ A2\ A0\ @1\ @1+ B3+ C0/ D1/ D0/ E3\ B0+ A1\ F3+ E1+ B0/ D0+ G3+ @4+
8x8Trax_6208554 dawn1968 vs. Jump This : @0/ @1/ B0/ @1/ B0/ @1/ @1/ C0+ B3/ E5\ F5+ @1\ B0/ A4/ @2+ C5\
8x8Trax_6208555 Jump This vs. dawn1968 : @0/ A0/ A3/ B3/ A4/ B1/ @1/ @1/ C0+ A3/ D6\ E5+ C7/ B5/ E7\ F6\ D8\
8x8Trax_6209846 Rand al*Thor vs. rogerrabbit :
8x8Trax_6210520 medea83 vs. JonathanT : @0/ B1/ A2/ A0+ @3/ B0/ B0/ B0/ A2+ @6+ A7/ E2+ B0\ A1\ F4+ @1/ A2/ A3+ @3/ B4/
8x8Trax_6210521 JonathanT vs. medea83 : @0/ B1\ B2\ C2\ C3\ A3/ C4+ D3\ A0/ A0/ A0/ E3+ F3\ A0/ @1+ @5+ H1/ DRAW
8x8Trax_6210649 dawn1968 vs. Jump This : @0/ @1/ B2/ C2/ A0/ A0/ A0/ @3+ C1/ C0/ D1/ D0/ E4+ F1+ F0/ G1/ A8+ @8/
8x8Trax_6210650 Jump This vs. dawn1968 : @0/ A0/ A3/ B3/ A4/ C4/ @3+ C2/ D2/ C1/ C0/ D2/ E2/ E1/ E0+ F1/ G1/ F2+ A0\ @2+ C8/ A8+ H1/ H5+ A1+
8x8Trax_6211286 Rogue Trooper vs. Traxplayer : @0+ B1+ A2\ B0/ C1/ D1+ C3+ E3+ A1+ C0/ @2/ G3\ C0+ G6\ H5/ D6+ E6+
8x8Trax_6213678 Rogue Trooper vs. ypercube : @0+ B1+ A2\ B0/ C1/ D1+ C3+ E1+ B0+ A2\ E4\ D5/ F3+ C6\ B7+ A6/ @6/ A7/ D8/ @5+ B3/ H5+ A4\
8x8Trax_6215253 JiffyJeff vs. Traxplayer : @0/ @1/ B2/ C2+ C3/ B0\ A3+ @3/ A4/ @4/ RESIGN
8x8Trax_6223743 Lorraine of the Renegades vs. Rand al*Thor : @0/
8x8Trax_6224416 Linda Sue vs. JiffyJeff : @0+ A2/ A0\ @3/ A4/ @2\ @3\ C5/ A2+ A1\ B0\ A7/ @7/ E7\ D8\ F7/
8x8Trax_6227882 Chad vs. medea83 : @0/ B1\
8x8Trax_6228632 dawn1968 vs. Jump This : @0/ @1/ A0/ @1/ A0/ C2/ C1/ @1/ D4/ B0+ @1\ A0\ A0+ E2/ F3\ B1+ A0/
8x8Trax_6228633 Jump This vs. dawn1968 : @0/ A0/ A3/ A4/ @3+ C3\ D3+ D4\ B5/ B6+ E1/ C0\ E5\ F3\
8x8Trax_6234843 Rogue Trooper vs. thebodywall : @0+ B1+ A2\ B0/ C1/ D1+ C3+ @3/ A4/ F1+ C0+ B1\ A1+ @2+ B0/
8x8Trax_6236405 dgb vs. Traxplayer : @0/ @1/ @1/ B0+ @1/ B0+ B4+ RESIGN
8x8Trax_6238070 golfnutrof vs. jazzbeth : @0/ @1/ A0/ @1/ A0/ @1/ B0/ A0/ A0/ @2/ A0+ @2\ @2\ A1\ C0/ E3/ C5/ F1/ F3+ B6/ A6+ @3+ D7\ H1+ D8\ H6+
8x8Trax_6239913 rogerrabbit vs. Rand al*Thor : @0+
8x8Trax_6240015 TallPaul vs. * : @0/ @1/ A2+ @2+ C0+ B4/ A5\ C5/ D4\ @3+ A5+ F3+ G3\ H3\ G5\ C6/ E7+ F7\ G6+ G2/ DRAW
8x8Trax_6241630 Traxplayer vs. medea83 : @0/ B1\ A2/ @2/ B3+ C3/
8x8Trax_6242717 * vs. Chad : @0/ A0/ B1/ C2/ B0+ B0/ C1/ @3+ @2/ @2/ @2/ A4+ D5/
8x8Trax_6242960 jaha vs. medea83 : @0/ A2\ B2\ B3\ @2+ @2\ @2\ C4\ B1+ D0/ D0/ @4\ B2/ E0+ F3+ G5\ C6+ F7\ C8/ A7\ G2/ G1/ G6+ H2\ H3\
8x8Trax_6242978 ypercube vs. Traxplayer : @0/ @1/ B2/ C2+ D2\ B3/ A3/ D4+ C5\ @3+ @3/ B0+ A1\ @1+ D0\ @4/ B5+ C6/ RESIGN
8x8Trax_6252577 balmoral vs. * : @0+ @1+ A2\ B0/ A1+ @1\ C0/ D1/ D0/ E4/ D5+ E1/ B0+ B0/ F6+ F8\ G7/ @4/ B6/ A6/ A8+ H3/
8x8Trax_6255071 medea83 vs. Traxplayer : @0/ @1/ B2/ C2/ B0/ @1+ A0\ @2+ B0\ @2\ B0/ E0+ F1/ C0\ B1\ A4+ @3\ H3+ C7/ D8+ C8/ B8/ DRAW
8x8Trax_6255634 ypercube vs. Traxplayer : @0/ @1/ B2/ C2/ B0/ @1+ B0\ @3\ @3\ D0\ C1\ F1/ D0\ @3+ F0/ G1/ G0+ @5/ D3/ B7+ E8\ D2\ B2\ A2\ C1\ A8/ A4+ B1\ H7+
8x8Trax_6256028 TallPaul vs. Chad : @0/ A0/ A0/ @1/ C2+ B4/ A4/ A0\ @4+ C0/ D1/ E4/ C7+ F4\ E6/ F7\ D8/ G5/ B8/ H5+
8x8Trax_6259673 rogerrabbit vs. * : @0/ A2/ B2/ @2+ A3\ C4+ D2/ B5\ A4+ A0\ @3\ F5/ E6+ E7/ G6\ G7\ F8\ D7/ A1\ @3\ B4+
8x8Trax_6259706 ypercube vs. balmoral : @0/ B1\ B2\ A2+ @2/ C3\ @3\ E3+ E4\ B1+ A4/ @3/
8x8Trax_6259963 ema vs. Linda Sue : @0/ A2+ @1\ B0/ A1+ B4\ A4/ A5/ A0/ A0/ B7+ B1\ @1\ A0\ D3\
8x8Trax_6259964 Linda Sue vs. ema : @0+ B1/ B2+ @1\ C3\ B3/ B4/ C0\ A1\ D4\ E3\ A3/ @3\
8x8Trax_6265012 dawn1968 vs. * : @0/ A2\ B1/ B0+ @1/ C0+ @2\ A1+ B3/ @1/ E4\ C1+
8x8Trax_6265726 1926 vs. Linda Sue : @0+ B1\ B0/ C1/ A3/ A4/ C0+ @3/ A5/ @4/ B6\ C6\ C1\ D0/ @5/ A6/ B8/ D1\ @4+ @4\ H5\ C8+ G7+ H7\ A5+ B8+ A7+ G8+ A8+
8x8Trax_6265727 Linda Sue vs. 1926 : @0+ @1/ B0\ A3\ @3\ B4/ A0\ @2/ E3/ D4\ A3/ A1\ @1\ C5+ G2/ G1/ F1+ E0/ A5\ @3/ C1/ A4/ D1+ E0/
8x8Trax_6272806 Rogue Trooper vs. Traxplayer : @0+ A0+ A3+ @3+ B4+ C4+ B5+ C1+ B0+ B7/ A7/ RESIGN
8x8Trax_6277106 Chad vs. medea83 : @0+ @1\ B0\ C2/ B0/ C4/ B5\ A5\ A2+ @2\ A1\ B0\ @2+ @2/ G6\ G7\ G8+ H6+ B1+ F7+ C6\ B5\ H3+ G2/ F1\ A1\ H8+ C7+ C8/ B8/ A8/ H1+
8x8Trax_6277252 JiffyJeff vs. Traxplayer : @0/ @1+ @1\ B0\ A1+ B0/ B0/ A2+ D3+ D2+ E3\ B0\ @2/ @3\ @3\ F6+ F2/ E0\ D2\ G1/ RESIGN
8x8Trax_6278806 ypercube vs. Rogue Trooper : @0+ B1+ B2\ C2\ C3+ D2+ A3/ A4/ E1+ E2+ D0\ C1\ B0/ @5+ A2\ @2\ H1/ D0/ H5/ D0/ A7\ DRAW
8x8Trax_6280642 TallPaul vs. jazzbeth : @0/ @1/ A2+ C2/ C1+ B3\ D2/ E2/ D0\ C4\ B1+ C5/ D5+ F3/ G3/ G5+ D6+
8x8Trax_6296011 Linda Sue vs. grins-n-giggles : @0+
8x8Trax_6296012 Linda Sue vs. grins-n-giggles : @0+
8x8Trax_6302138 Traxplayer vs. dgb : @0/ @1/ B0+ @2+ B0/ B4\ D1\ E1\ D3+ @1/ G1\ C0/ A4/ A5/ C6/
8x8Trax_6303267 ypercube vs. Dragon101 : @0/ A0/ B2/ B1+ @2+ @2\ @2\ D3/ E0/ @3\ @3\ D4+ A1\ B0+ @3\
8x8Trax_6304468 Traxplayer vs. ypercube : @0/ B1/ A0/ A0/ B4+ @4\ @1+ B0\ B0\ A1\ @1\ A0\ @1\ F2+ F0+ @5/ A6+ @2\ A1\ B7/ A7/ A8/ C7+ D8+ H5+
8x8Trax_6306659 jazzbeth vs. Rogue Trooper : @0/ @1/ B2/ B3/ C3/ C4/ D4/ A3/ A0/ C3+ B5+ D3/ B1/ @4/ A6/ @6/ A2+ @5+
8x8Trax_6314874 JiffyJeff vs. * : @0/ A2/ B1\ A3/ C1+ @2+ D2+ B4/ @1/ A3+ C0/ F3\ A0+ @2+
8x8Trax_6315799 Morticia vs. JiffyJeff : @0/ @1/ B0+ C1+ B0+ @3+ @3\ A1+ C0+ B5/ C5+ D6/ @4+ D7\ F6\ D0/ F2/ B7+ @5+ H2+ H7+
8x8Trax_6316228 dgb vs. jaha : @0/ A0/ @1/ B0+ C3/ @2\ @2\ @2\ C3+ A1\ A0+ @3+ H4\ H5\ H3+ C5+ H2+ RESIGN
8x8Trax_6318217 Linda Sue vs. JiffyJeff : @0+ A2/ @2\ B3/ A4+ C2+ @3/ @3+ B4+ B5/ D0\ C1\ C0\ @1+ E0/ F1+ G1\ F3+ G4\ B1+
8x8Trax_6319419 Traxplayer vs. Thud : @0/ @1/ B0/ B0/ B4+ C1+ @1+ A0\ @1\ RESIGN
8x8Trax_6319718 Jay vs. firefly : @0/ @1/ A0/ B1/ A0\ @2/ D1/ D0/ C1+ D4\ B0\ C6\
8x8Trax_6320390 JiffyJeff vs. Chad : @0/ @1/ @1/ C0\ @2/ A1+ A3/ @1\ D0+ F2\ E5+ @4/ A5/ D6+ A1/ A0/ @4+
8x8Trax_6325977 Thud vs. * : @0+ @1+ @1/ A2/ C2+ D2\ B3/ B0/ B0/ A2+ D1/ E3+
8x8Trax_6326106 medea83 vs. Traxplayer : @0/ @1/ A2+ C1+ A3\ B0\ @3\ @3\ @3\ A4+ C5/ E5+ G2/ G1/ E0\ C2+ RESIGN
8x8Trax_6332351 golfnutrof vs. * : @0/ B1/ B0+ B0+ C3\ A4+ B5/ C5+ C6+ D6\ D4+ C7+ C8\ E8+
8x8Trax_6332729 JiffyJeff vs. Morticia : @0/ @1/ C1/ @1\ C0+ A1+ B3+ C0\ B0\ @4\ @4\ B2+ B5/ D6\ C1+ G5+ B7+ B8\ A6/ @6/ B7+ F7+ A2+ DRAW
8x8Trax_6333717 Rogue Trooper vs. jaha : @0+ A0/ @1/ B3/ C3/ B4/ D2\ E2+ E0+ B1+ D6\ E6+ C7+ @4+ B0/ B7+ @5/ B1+ A2+ H2+ H1/ G8+ G6+
8x8Trax_6338693 Thud vs. * : @0/ A0/ @1/ B0+ @2+ B3/ A0+ @3\ E4/ B5\ A4+ @3\ @3+ @4\ H3+ C5+ B6+ E6+ D7\ D8+ E8\ F6\ DRAW
8x8Trax_6339040 dgb vs. Traxplayer : @0/ @1/ @1/ B0+ @1/ D3+ E1\ E0\ F3+ E5+ @2\ A1\ H3+ D1/ A3+
8x8Trax_6342481 Chad vs. Lorraine of the Renegades : @0/ B1\ B2\ C1\ C0\ @2/ @2/ @2/ B3+ E4\ C1+
8x8Trax_6342769 Rogue Trooper vs. ypercube : @0+ B1+ A2\ A0\ @1\ @1+ B3+ @1+ D0+ E2/ C0/ C0/ A6/ A7/ E3+ F3/ A3\ @5/ B0+ A2\ @2\ A1\ B8/ A6/ A7+ G3+ DRAW
8x8Trax_6342827 Traxplayer vs. JiffyJeff : @0+ A2/ A0\ @1\ @3\ B0/ D2\ E3/ C5/ A3+ B6+ @2/ @3\ C1\ D0+ B5+ @4\ B7/ D8+ A2+ A1/ E8+ F7\ G6+ G2+ DRAW
8x8Trax_6344479 jazzbeth vs. balmoral : @0/ B1\ A2/ B2+ @1+ A3\ B4/ @4+ C0+ C0/ E3+ D1+ E1+ F2/ D0/ A3/ @4\ A5+ F5+ G4\ H5/ C2\ C1\ F0\ F7+ H4/ H7+ B1/ H8\ A1/ G2+ A8/ H1/
8x8Trax_6345921 Traxplayer vs. golfnutrof : @0/ @1/ B0/ @1/ D2+ D3\ C4+ A2/ @3+ F2/ F0/ G1/ B1+ E0+ A3+
8x8Trax_6346891 dgb vs. Traxplayer : @0/ @1/ B0+ @2+ A0/ B4\ B5\ @2+ @2/ @2/ B1+ A0/ E1+ F1/ C0+ C0/ A6/ A7+ @5+
8x8Trax_6354095 golfnutrof vs. * : @0/ B1/ B0/ B3+ C1/ A4\ @3\ @2/ B0+ F4/ D0+ F3+ E6+ G3+ G5+ D7/ H5\ H7+
8x8Trax_6356068 Thud vs. Dragon101 : @0/ A0/ B2/
8x8Trax_6356078 dgb vs. Traxplayer : @0+ B1+ C1\ @1/ C2\ C0/ C0/ E2+ D0+ F3+ E5/ A5/ D6+ @5+ B6/ E7/ B3/
8x8Trax_6356109 ypercube vs. medea83 : @0/ B1\ B2\ C2\ C0+ D3\ B0/ A1/ E4+ B5+ A4/ F2\ @3+ @3\ B5/ A5/ D6/
8x8Trax_6356292 ema vs. Linda Sue : @0/ B1+ A0\ @2/ C1+ D2/ D3+ E3\ D0/ E1/ F3/ F1\
8x8Trax_6356293 Linda Sue vs. ema : @0+ B1\ B0\ C1/ C0/ D3\ C4/ @4/ A5/ C5\ B6/
8x8Trax_6356764 grins-n-giggles vs. Linda Sue : @0/ @1/ A2\ A3/ @3/ @3\
8x8Trax_6356765 Linda Sue vs. grins-n-giggles : @0+ @1/ B0\ A3\ @2/
8x8Trax_6369128 * vs. Rogue Trooper : @0/ A0/ @1/ B0/ @2/ B0+ B0/ C0\ B0/ B7+ D4\ E7+ C8/ E1/ F3+ G3\ G5+ A2+ @5+ G6\ A2/ DRAW
8x8Trax_6369171 JiffyJeff vs. jaha : @0/ A0/ @1/ C1\ B0\ @2/ B1+ B0/ B0/ B0/ E5\ B6+ D3+ E1+ C0\ E7+ C8/ F6\ E5+ G6+ E8\ H5/ H4+ A2+ H3+ H2/ F2+ F4+
8x8Trax_6372135 Jay RAA vs. Dragon101 : @0/ A0/ @2\ C1\ B0/ B0/ A2/ @2+ C0/ E3+ F4\ D5\ C6/ F1/ E0\ G4+
8x8Trax_6376358 Traxplayer vs. ypercube : @0/ @1/ B0/ C2/ B0+ A0/ @1+ @2\ B5+ E2\ C0+ B7\ F5\ F6\ F7+ C6+ G6\ H6+
8x8Trax_6379333 Rogue Trooper vs. Traxplayer : @0+ B1+ A2\ B0/ C1/ D1+ C3+ B4+ A1+ C0/ C0/ E4+ A0\ @3+ C0+ F4\ B8/
8x8Trax_6381353 Chad vs. medea83 : @0+ @1\ C1\ A2\ @1\ RESIGN
8x8Trax_6382252 firefly vs. Jay : @0/ A2\ B1/ B2+ B3\ C3\ C4+ D2+ A4/ C0\
8x8Trax_6384668 medea83 vs. Linda Sue : @0/ B1+ @1\ A0\ @1\ @1/ E3\ F2\ B3/ A3/ D4/
8x8Trax_6386958 Morticia vs. JiffyJeff : @0/ A0/ @2+ A3+ A0+ @1\ @1\ C0/ B0+ E2/ E1/ E0/ E5+ E0/ F3\ F4+ @6/ B7+ A3\ H1+ B2\
8x8Trax_6394726 thebodywall vs. ypercube : @0+ B1+ B2/ B0/ C1+ D1\ C3+ A4\ B5+ E2+ C6\ D4+ F4\ F5\ F6\ G6\ G7\ H3/
8x8Trax_6395740 Rogue Trooper vs. Traxplayer : @0+ B1+ A2\ B0/ A1+ C2+ @1/ C0+ C0\ @4\ B5+ F4+ @3/ B2+ @3/ A6+ H3+ B7/ G1/ G0/ H6/
8x8Trax_6397685 Rogue Trooper vs. medea83 : @0+ @1\ A0/ @1/ B0/ A4/ @4/ @4/ C5+ E2+ F1\ G1\ E5\ D6/ B6+ A3+ A2+ @5\ D0+ D0+ F2+ F1+ F8\ G6+
8x8Trax_6397716 JiffyJeff vs. Traxplayer : @0/ B1\ A2/ @2/ A3\ @1\ C0/ C0+ @3+ F2/ F1/ C0/ B1\ A0/ A7/ RESIGN
8x8Trax_6398836 Linda Sue vs. JiffyJeff : @0+ A2/ @2\ C2+ B0\ A2\ @2\ A1\ @1\ A0\ B0\ D6/ @2\ A1\ @1\ @1+
8x8Trax_6401547 Dragon101 vs. Rogue Trooper : @0/ A0/ B1/ B3/ C2+ D2/ B0/ @1+ C0/ A5/ D6\ @4/
8x8Trax_6404302 JiffyJeff vs. * : @0/ A2\ B1/ B0+ C1+ @2/ A4+ @1+ A0\ @3\ B4+ @2/ @4\ E0+ A4\ A6+ B7+ B1+ B0/ E1+ E8/ A8/
8x8Trax_6404373 jaha vs. ypercube : @0/ @1/ A0/ C2/ B1+ C3/ @2\ B3/ E2+ F2/ G2/ E4/ G1+ F0+ B5+ @4+ A5/ B6\ C1\ B1\ H1+ F0\ D2/
8x8Trax_6405001 JiffyJeff vs. Morticia : @0/ A0/ B2/ A0\ @2/ C1+ B0+ A4+ B5\ D2\ @4/ B1+ A5+ B6/ D5\ E5\ F3/ E1+ G3/ D0+ G1/ F0/ H2\
8x8Trax_6408964 firefly vs. Jay : @0/ B1+ A0/ C2\ C3\ C4+ D4\ @2\ E2/ F2\ E1\
8x8Trax_6411235 * vs. Traxplayer : @0/ @1/ B0+ @2+ B0+ @2+ E3/ E4+ C0+ C6/ B6/ A5+ C7+ F3\ @4/ H3/ H2+ H1\ G1\ F1+ DRAW
8x8Trax_6417037 Rogue Trooper vs. Traxplayer : @0+ B1+ C1\ C2\ A0/ D3+ A3+ D4/ C1+ C5+ @2/ @3\ B1+ D6+ A4\ B7+ A7/ @7+ A8/ A2/ H4/ E7+ E8+
8x8Trax_6419093 * vs. Thud : @0/ A0/ B1+ B3/ C1+ A3+ @2+ @1/ A0+ E4\ E5\ F3+ D1/ D0/ G4/ @4/ B5\ A5+ E0/ C2+ C1/ E0+ G4+ B3\ A3\ DRAW
8x8Trax_6430540 ypercube vs. Chad : @0+ @1+ B2\ @1+ C0/ D1/ D0/ B1\ E2+
8x8Trax_6433477 Rogue Trooper vs. JiffyJeff : @0+ A2/ @2\ B3/ @3+ C0/ D1/ D3+ A2\ @2\ D0+ C1\ C0\ B1\ A1+ C0+ @5+ A6/ A2\ @4+ F8/ H4+
8x8Trax_6434819 golfnutrof vs. jazzbeth : @0/ @1/ A0/ @1/ A0/ @1/ A0/ @1/ E5/ F5/ E6/ G5+ G4\ G7+ F8+ D5+ H6/ F3+ D2/ C6/ C7+ E2/ C5+ B4/
8x8Trax_6435080 NetKissa aka Knit This vs. Jump This : @0/ A0/ B1\ @2\ A3\ A4\ C3+ D3\ @2+ E1/ A5/ E0\
8x8Trax_6439309 Rogue Trooper vs. ypercube : @0+ B1+ C1/ C2/ A0\ @1\ A0\ E4\ E5\ F5\ F2/ G4+ B0/ C1/ D6/ C7\ E7+ H5/ D8+ G3+ F2+ B7/ B8/ H6\ H7\ H8\ E1+ D3+ DRAW
8x8Trax_6439384 JiffyJeff vs. Traxplayer : @0/ @1/ B2/ C2/ C3/ D3/ B0+ C5\ E4/ @1/ F5\ G5\ C0+ C0\ B1\ D2\ C0\ A2+ @2/ B1/ D7/ C6+ B5/ F5+ G5/ H4\ H3/ F2+ H6\ H1+ A4+ DRAW
8x8Trax_6439975 JiffyJeff vs. Traxplayer : @0/ @1+ B2/ C1/ A0\ A0+ RESIGN
8x8Trax_6442916 Dragon101 vs. kidgame2001 : @0/ A2\ B1/ B0/ B0+ C2\
8x8Trax_6444198 Chad vs. * : @0/ A2+ B1\ B0+ A4+ B4+ A5/ @3\ C0\ D2+ C0+ D1+ D0/ B4+ E2\ F3+ E5+ G3+ @5+
8x8Trax_6444459 dgb vs. ypercube : @0/ @1/ @1/ C2/ B0\ D3/ B0+ D5\ E5\ D1\ C0+ @4+ E7+ A3\ E4+ RESIGN
8x8Trax_6458948 Rogue Trooper vs. ypercube : @0+ B1+ A2\ A0\ C3/ A4\ @4+ C1/ D0\ C0/ E5/ F4+ B1+ D7+ A1/ @3+ G5\ G7\ G0+ H1/ A7/ C8+ H8+
8x8Trax_6459062 dgb vs. jaha : @0/ A0/ A0/ @1+ @2+ B4+ D2+ E2/ F1\ E3+ @3+ H2/ G0+ E0\ D1\ B1+ E0+ E7\ H2+ A4+ G0\ C2+ B1+ H2+ A3\ C1/ D1+ H8/ E1/ F8\
8x8Trax_6459079 Traxplayer vs. thebodywall : @0/ B1\ A2/ @2+ B0\ @2\ A1\ @1\ C0/ @3/ C4+ @2\ A1\ A0\ G2/ B0+ F1/
8x8Trax_6459097 ypercube vs. medea83 : @0/ A2\ B1/ B0/ C2\ C3\ A0/ C5\ D2+ B6+ B7\ C8/ @4/ A5/ F5\ F6+ @5+ @5\ A3+
8x8Trax_6464445 Sista vs. JiffyJeff : @0/ @1/ C1/ B0\ C0/ D1/ @3/ C4+ B2+ E4\ D5/ F2+
8x8Trax_6468286 jazzbeth vs. Thud : @0/ A0/ B2/ A3+
8x8Trax_6469264 Sista vs. JiffyJeff : @0+ @1\ B2+ @1\ C0+ D2/
8x8Trax_6471269 golfnutrof vs. Rogue Trooper : @0/ A0/ B2/ A3/ C3/ C4/ @3/ A4/ E4/ @4/ A5+ @1\ A0\ G7\ H7\ E2+ E1\ D0/ G5+ F3+ F1/ G1+
8x8Trax_6471398 medea83 vs. Traxplayer : @0/ B1\ B2\ C2\ A0/ @2\ A3\ B4/ B0+ B0\ A1\ @6/ @3/ C7/
8x8Trax_6474645 Sista vs. JiffyJeff : @0/ @1/ B2/ B0\ C3\ B4/ D2/ D1/ C0/ E3+ D1/ E5\ D6/ C6+
8x8Trax_6474648 Rogue Trooper vs. Traxplayer : @0+ B1+ A2\ B0/ C1/ D1+ C3+ B4+ B0+ A1\ @2+ F3+ E5+ C0+ C0\ G6+ A1\ RESIGN
8x8Trax_6475587 Linda Sue vs. JiffyJeff : @0+ A2/ A0\ @3/ @2/ C4+ D2/ C0+ E2/ A4/ B1\ B6+
8x8Trax_6477410 Traxplayer vs. JiffyJeff : @0/ @1/ A0/ A3\ @2\ @2\ B3+ E2\ E3\ D4/ C5\ B6+ A5/ @5/ A6/ C7\ G5\ E6+ G2/ RESIGN
8x8Trax_6481492 TallPaul vs. Rogue Trooper : @0/ A0/ @2/ A0/ @2+ @3\ B4\ E4+ E5\ E1/ B0\ F3/
8x8Trax_6487732 ken vs. Dragon101 : @0+
8x8Trax_6489819 ema vs. Linda Sue : @0/ B1+ A0\ @2/
8x8Trax_6489820 Linda Sue vs. ema : @0+ @1/ A0\
8x8Trax_6489999 JiffyJeff vs. Linda Sue : @0/ B1+ A2\ B2+ C1/ C0/ B4+ C4\ D3+
8x8Trax_6490000 Linda Sue vs. JiffyJeff : @0+ A2/ A0\ @3/ A4/ @2\ @3\ C5/ A2+ A1\
8x8Trax_6490607 kidgame2001 vs. jazzbeth : @0/ @1/ A2/ C2/ B3/ A3/ @2/ C0/ D5\ E3+ B0+ @4/ E2\ B6/ B7/ @1\ A0\ G3/ G2/ H4+
8x8Trax_6498921 Rogue Trooper vs. Thud : @0+ B1+ A2\ A0\ @1\ @1+ B3+ @1+ B4/ A4/ D0+ E2/ A4+ F3+ A6/ @6/ A7/ @4\ A3\
8x8Trax_6499049 ypercube vs. Traxplayer : @0+ B1+ B2+ C1+ C0/ D1/ A3+ E2+ E0\ @3/ E4\ C2+ G2+ E5\ F5\ G5\ F6+ H5+ G0/ H1+ C6+ A6+ D8+ RESIGN
8x8Trax_6501454 Rogue Trooper vs. dgb : @0+ B1+ A2\ B0/ C1/ D1+ C3+ E1+ D4\ E4\ B0+ A2\ E4+ @3+ F6\ G6\ E7/ D7/ @3+ H3+
8x8Trax_6501471 ypercube vs. golfnutrof : @0/ @1/ B2/ C2/ B0/ @1/ C4/ C5/ E5+ E6\ E2/ B5+ F2\
8x8Trax_6502044 POPMASTER vs. Linda Sue : @0+ @1/ A0/ A0\ @2/ B4\
8x8Trax_6502045 Linda Sue vs. POPMASTER : @0+ A0/ B1\ B2\ C2\
8x8Trax_6502792 Dragon101 vs. DINGEROO : @0/ B1\ A2/ @1+ B0+ C1+ D1/ E2\ D3/ B4/ @2+ E0/ G1+ H3\ G4/ F5+ D0+ A6/ B2\
8x8Trax_6506089 golfnutrof vs. Chad : @0/ @1/ B0/ @1+ C0/ D1/ A0+ B0+ E2\ @2\ A1\ A0+ @3+ G1+ C0\ H3+
8x8Trax_6514719 * vs. Thud : @0/ A0/ @2+ A3+ B0/ @2\ D2+ E2\ F2\ G2\ F1\ G4\ H3+ E0+ E0\ C7+
8x8Trax_6523234 Rogue Trooper vs. Traxplayer : @0+ B1+ A0/ A3/ @3/ @3+ B1+ C0+ C5+ D5\ D6\ E3+ B0/ A2+ @1/ F8/ G6+
8x8Trax_6523953 JiffyJeff vs. * : @0/ A2/ B1\ @2+ A3+ D1\ B0+ D1/ E1/ C0+ C0\ B0/ D2/ C0/ D1/ A4+ @5/ @5/ B6/ A7+ G1+ @7\ B8+ A8/ A5+ DRAW
8x8Trax_6533913 Rogue Trooper vs. ypercube : @0+ B1+ A0/ B3\ A3+ @3/ C4\ D4\ A5+ E3+ D1+ B6/ F4/ G4/ A1/ H4\ H5\ D7\ E6+ F6\ E7+
8x8Trax_6537214 ypercube vs. jaha : @0/ A0/ B2/ C2+ D2\ A3+ A4/ A5+ @3+ E4\ F4\ D5+ G4/ G3/
8x8Trax_6549938 Linda Sue vs. JiffyJeff : @0+ A2/ @2\ B0/ B0/ C2+ B0\ A4\
8x8Trax_6550865 Rogue Trooper vs. Traxplayer : @0+ B1+ A2\ A0\ @1\ @1+ B3+ C0/ D1/ E2+ @2/ E5/ F4/
8x8Trax_6553121 Chad vs. * : @0/ A0/ B2/ A3+ A4/ A5/ C3/ @4+ @3+ A2+ @2\ D6\ E5/ D7\ G3/ G2/ G5\ H5/
8x8Trax_6556107 golfnutrof vs. Rogue Trooper : @0/ @1/ B0/ A0/ C3/ C4/ @2/ E3+ A0\ @3+ @3/ @3/ B2+ A4/ F2/ G1/ G0/ D6+ D7+ E7+ G4/ E8/ H3+ D1+ A7+ C2\ DRAW
8x8Trax_6556303 Thud vs. Traxplayer : @0/ @1/ A2+ C1+ D2/ D3+ @2\ A0+ C5\ C0/ D1/ @4\ D7/ C7+ C6+ B7/ @7+ H3\ RESIGN
8x8Trax_6563373 Rogue Trooper vs. JiffyJeff : @0+ A0/ @2/ @2/ B1+ B0/ C1/ @3+ B1+ @3+ F2+ E4+ B0\ A1\ C1+ F5+ A2+ B5/ D6+ @4+ @4+
8x8Trax_6563539 ypercube vs. dgb : @0/ A0/ B2/ A3+ @1/ D2\
8x8Trax_6566174 dgb vs. Traxplayer : @0/ @1/ A2+ C1+ A0/ C4+ C5/ D3+ E3\ F3\ G3\ @2+ D6\ E5+ F2+ C1/ F6/ D0/ F2+ H2/ G1/ F0+ B7+ D1\ B2+
8x8Trax_6573535 Thud vs. Rogue Trooper : @0+ B1+ @1/ A0/ D2/ A3/ A4/ @1+ D1+ D3+ B5/ @1/ E0+ A7/ @7/ D7\ B8+ G4+ F7\ E8+
8x8Trax_6573537 Rogue Trooper vs. Traxplayer : @0+ B1+ B2\ A0/ B4\ C2+ A0/ @2+ B5/ B6/ A6+ E4+ D1/ D0/ B8+ @7\ F4+ D7+ G5/ @6/ H3+
8x8Trax_6573585 ypercube vs. JiffyJeff : @0/ @1/ C1/ C2/ D1/ D3/ E1/ E4+ F3\ C4+ C0+ B3/ A0\ RESIGN
8x8Trax_6576660 Dragon101 vs. golfnutrof : @0/ @1/
8x8Trax_6583918 Rogue Trooper vs. Dragon101 : @0+ A2/ @2\ A1\ C2/ D1\ D3/ A3/ @1\ A0\ D4+ D5/ B0+ F4/ D2+
8x8Trax_6586262 JiffyJeff vs. Traxplayer : @0/ @1/ A0/ @2/ A0+ @3/ @1+ @2\ B0+ A5/ @5/ G5\ RESIGN
8x8Trax_6587705 rogerrabbit vs. * : @0+ @1+ B2/ B0/ C1+ D2/ C3+ B0\ A1\ C5/ @1\ B0+ D2+ @1/ D0\ F1/ E0\ G4+
8x8Trax_6593279 Chad vs. golfnutrof : @0/ @1/
8x8Trax_6596995 JiffyJeff vs. Rogue Trooper : @0/ @1/ A0/ A0/ A0/ A0/ B2+ @1+ A6+ @5/ B7/ A7/ @5+ C0+
8x8Trax_6599266 ypercube vs. ken : @0/ B1+ C1+ D1+ D0/ E2+ E3/
8x8Trax_6601006 thebodywall vs. Chad : @0+ B1+ B2/ B0/ C1+ D1\ E2/ E3+ A4\ D0\ B6\ C6\ E6\ E7/
8x8Trax_6601795 dgb vs. Traxplayer : @0/ @1/ @1/ C0/ D2+ A3+ @2+ D0+ F2\ G2\ @1+ D0+ F2+ F6\ G6\ RESIGN
8x8Trax_6603522 ema vs. Linda Sue : @0/ B1+ B2\ B3\
8x8Trax_6603523 Linda Sue vs. ema : @0+ A2\ A0/ @3+ C1\ C2+
8x8Trax_6605417 Rembrandt (aka Shaffyre) vs. Traxplayer : @0+ B1+ A2\ A0\ B1+ @2+ A3+ B0+ B5+ D4\ D5\ C6+ B6+ E5+ B7/ D1\ C0/ @5/ B8/ G3/ G2/ G1+ H1/ A3\ A2\ H5\
8x8Trax_6605418 Traxplayer vs. Rembrandt (aka Shaffyre) : @0/ B1\ A2/ B2+ @2\ A1+ B0+ @2/ @3\ B1+ D4+ C4/ C0+ D1/ @3+ C5+ A1\ E0+ @3\
8x8Trax_6605423 RolleJ vs. Traxplayer : @0/ B1\ A2/ @2/ @1/ B3+ D3+ C0/ A0+ @2\ @2\ A1\ A0\ A0+ @5/ C6+ H5+ RESIGN
8x8Trax_6605424 Traxplayer vs. RolleJ : @0/ @1/ B0/ B0/ C3+ C4\ D1/ D0/ D5\ E4\ C6+
8x8Trax_6605429 Traxplayer vs. dgb : @0/ @1/ B0/ B0+ @3+ A0/ @4/ @4/ F3+ G3/ D5/ F2/ E6+ E7/ D1/ G5+ H4+ G7\ RESIGN
8x8Trax_6605430 dgb vs. Traxplayer : @0/ B1\ A2/ @2/ B0+ A4+ A5/ @3+ E2/ E1/ F1/ F0/ F4\ G4\ E6+ D7\ C8+ B8/ @4\ H1/ A5+
8x8Trax_6605431 Traxplayer vs. medea83 : @0/ B1\ A2/ @2/ B3\ C3\ D2+ A0\ @3+ F3/ B0+ D1\ B6/ A6/ A7/ @4/ F7\ F2\ G5\
8x8Trax_6605432 medea83 vs. Traxplayer : @0/ @1/ @1/ @1/ C0+ D3+ D0\ C0/ D6+ E4+ C6+ @5\ B2+ D7/ F2+ @7+ A8+ H5\ H6\ C1+ B1\ A3+ DRAW
8x8Trax_6609146 JiffyJeff vs. * : @0/ A2/ B1\ A0+ @3+ A0/ @1+ C5/ D5+ D2+ B0/ B0/ D1+ E2+ D0+
8x8Trax_6613854 Riika vs. Linda Sue : @0/ B1\ A2/ @2/ @1/ B3\ C0/ D3+ C4\ C5\ D5\ E4\ E2+ D6\ E6\ F5\ G5\ G6\ D7+ H3/ G1/ H1/ E0/
8x8Trax_6613855 Linda Sue vs. Riika : @0+ B1+ B0\ A3/ C2\ D2\ B3+ D1/ @3/ C0/
8x8Trax_6616602 jaha vs. dgb : @0/ A0/ B2/ A3+ C2\ @3\ B4\ C5/ A4+ @3\ @3+ B0\ A1+ D7+ RESIGN
8x8Trax_6617715 Traxplayer vs. JiffyJeff : @0/ @1/ B0/ A3\ C1+ C0+ D2\ B4\ B5\ RESIGN
8x8Trax_6620449 rogerrabbit vs. Rogue Trooper : @0+ B1+ A2\ B0/ C2+ D2+ B0/ @3+ F3\ F4\ E1/ D5+
8x8Trax_6621615 * vs. Dragon101 : @0/ A0/ B1+ C1\ C3+ @2/ A4\ @2/ B0+ @5/ A6/ B6+ @6+ C7\ B2+ B0+ E7/
8x8Trax_6623713 DarkHoney vs. Ivory : @0/ B1\ B2\ A2/ B3/
8x8Trax_6628577 DINGEROO vs. Rogue Trooper : @0/ @1/ A0+ B3+ @1\ @1\ A0\ A4/ B5/ @3/
8x8Trax_6628707 Rogue Trooper vs. ypercube : @0+ B1+ A2\ B0/ @2/ @3\ B1+ E1\ C0+ C0/ E2+ @3+ C2\ D0/ G1+ F0/ F0/ G1/ H3+ H4\ G5+ A4+ H5\
8x8Trax_6628726 Traxplayer vs. golfnutrof : @0/ @1/ A0/ @1/ A0/ @1/ A0/ @1/ A0/ A0/ @3+ @1+ C0/ C0+ D4+ C6+ C7/ B6/ A6/ @4\ C7+
8x8Trax_6628752 jazzbeth vs. JiffyJeff : @0/ @1/ B2/ C2/ C3/ C4/ B0/ @1/ C0/ B4/ A4/ C5+ B6+ D3+ E5+ F4\ @2+ E0\ A7/ RESIGN
8x8Trax_6636210 ypercube vs. JiffyJeff : @0/ @1/ B2/ B0\ B0\ C3/ D3/ E2\ F3/ G3/ H4+ H5\ F0+ H1+ E7+ RESIGN
8x8Trax_6639160 golfnutrof vs. jazzbeth : @0/ @1/ B2/ C2/ C3/ D3/ D4/ E4/ E5/ F5/ E6/ D6/ C6/ B6/ G5+ B7/ D8+ G4/ H4/ H3/ H2/ F1+ A7/
8x8Trax_6660434 hoot vs. Riika : @0/ @1/ A0/ A0/ C3/ C4/ @1/ B0/ C5+ A5/ B6\ C2+ D1/ A3+
8x8Trax_6660435 Riika vs. hoot : @0/ A2\ B2\ @1/ B0+ A4/ @4/ E3\ A1\ A0\ @4+
8x8Trax_6660440 Riika vs. dgb : @0/ A0/ A0/ A4/ B3\ A5/ B0\ @4+ A7\ C7+ D2+ E5+ A0\ @3+ A6+ E8+ @5+ E1+
8x8Trax_6660441 dgb vs. Riika : @0+ B1+ C1\ C2\ B3\ D2+ A0/ D1/ A0/ E3/
8x8Trax_6660442 Riika vs. RolleJ : @0/ @1+ C1/ B2/ C0/ C0+ D2\ @3/ B0+ A1\ @1+ C0+ C7\ A6+ @3\ @5+ A2\ B1/ E0\ A7\ G3+ C1+
8x8Trax_6660443 RolleJ vs. Riika : @0/ @1/ B2/ B3/ B0+ @2/ D4+ A3/ A4+ D5\ E5\ E6\ E2/ F6+ D1/
8x8Trax_6661071 Rogue Trooper vs. golfnutrof : @0+ @1+ A2\ A0\ @1\ C4\ D4\ C1/ C0/ D3+ E4/ D6\ E1/ F1+ D0/
8x8Trax_6662661 jaha vs. golfnutrof : @0/ @1/ A0/ @1/ B0/ C1/ B4+ @1/ D0+ E3+ B4+ C0+ D7+ A5/ A6/ @4\ C0/ @4+ C8+ F2/ G1\
8x8Trax_6664045 jazzbeth vs. Rogue Trooper : @0/ @1/ B2/ B3/ C3/ B4/ D4/ C2+ A3/ D2/ C0+ A1\ @2/ C0+ F2+ F1/ C0/ C0/ E2+ B8+ A6+ @6+ A5+ @5+ C4+ D1+ DRAW
8x8Trax_6679417 * vs. Rogue Trooper : @0/ A0/ B1/ B3/ A3/ A4+ B5/ C5+ @1+ A0\ @2/ F3+ E1+ @4/ A5+ A1\ F0+ A1/
8x8Trax_6679418 ypercube vs. jazzbeth : @0/ @1/ B2/ C2/ B0/ @2/ C4/ B4/ B5/ A5/ E5+ B6+ F3/ D2/ A7+ @5/ H4\ H5\ E1/ F7+ B8\ DRAW
8x8Trax_6679482 JiffyJeff vs. Dragon101 : @0/ A0/ B2/ B1/ C1\ D1\ B0/ B0/ B0/ B0/ E1\ F1\ E2+ F0+ C0+ G4+ @6+ G6+ C2+ H7/ G8+
8x8Trax_6679563 Traxplayer vs. jaha : @0/ A0/ @2+ C1\ B0+ B0+ @4\ B5+ E3/ D2/
8x8Trax_6695005 Rogue Trooper vs. golfnutrof : @0+ @1+ A2\ A0\ @1\ @1+ B3+ @1+ E1+ C0\ F3/ G3/ H2\ F4+ C0\ F1+ C0+ H3+ F0/ G1/ F8+
8x8Trax_6697928 birddog856 vs. marlisam : @0/ B1\ A2/ @2\ B0\ A1\ A0\ @2\ D1/ C0\ E3\
8x8Trax_6699185 Riika vs. birddog856 : @0/ @1/ C1/ C2/ D1/ B0\ B0+ E3+ @3/ B1+ D5/ @2\ A1\ F0+ G1/ A1+ @1\ D5+ C0/
8x8Trax_6699252 Lady Mac vs. birddog856 : @0/ A0/ B1\ A3\ @3/ C2\
8x8Trax_6699560 Margaret55 vs. birddog856 : @0/ A0/ @2/ @1/ A2/ @2\ A1\ A0/
8x8Trax_6700294 * vs. Chad : @0/ @1/ A2/ C2/ @2+ @2/ A3/ D0+ @4+ D0/ F1\ D0/ @6\ A4+ D7\ E6+ C3+ H4\ G7+ G0/ H1/ DRAW
8x8Trax_6704583 Rogue Trooper vs. Traxplayer : @0+ B1+ A2\ B0/ C1/ D1+ C3+ B0\ A1\ @1/ A2/ A0/ F3\ F6\ G4/ E7/ D6+ H3/ H2/ C0+ G3\ G2\ F2+ RESIGN
8x8Trax_6713935 Chad vs. Thud : @0/ A0/ B2/ B3/ @1/ C1+ C0/ B1+ @1+ C4+ E3/ A3+ F4\ RESIGN
8x8Trax_6723658 jazzbeth vs. golfnutrof : @0/ @1/ B2/ B3/ C1/ B4+ D1+ D5+ E2+ B0+ A4+ @4\ @3\ D6+ G7/ H7\ G8/ E8+ C6+ D8+ C7+ F1+
8x8Trax_6724067 * vs. JiffyJeff : @0/ @1/ A2+ @2+ C0/ D1/ A1\ C0+ @3+ C5/ E5/ F3+ E6/ G6+ E7/ D0+
8x8Trax_6728314 * vs. JiffyJeff : @0/ @1/ B0+ C1+ D1/ D0/ D0/ B5+ A6\ @4+ A6/ C7/ @5+ @4/ B3+ E1+ E0+ D1\ G5/ H4\ F7/ C8/ A8+
8x8Trax_6728407 rogerrabbit vs. Dragon101 : @0+ A2\ B1+ B0/ C1+ D2/ C3+ B4+ B5\ D4+ E1\
8x8Trax_6729377 JiffyJeff vs. Jump This : @0/ A0/ @1/ B0/ @1/ A0/ @1/ C4+ A2/ A0/ @3+ B4+ E2/ F5+ D1+ D0/ E0\ B2+ @2/ C7/ D8\ C8/ H7/ A3+ C1+ A5/ A6/ A7/ H3/ G2/ A8+ H2/ H1/
8x8Trax_6729378 Jump This vs. JiffyJeff : @0/ A0/ A0/ A0/ B2+ @2\ @2+ A1\ C0/ C6/ @5+ E0\ F7+ D8/ A3+ @5/ G4/ H5\ H4+ H6\ H8\ A7/ A8/ B1\ A1/ A2+ H2+
8x8Trax_6731130 Lady Mac vs. Jump This : @0/ A0/ A3\ B2\
8x8Trax_6731131 Jump This vs. Lady Mac : @0/ @1\ A0/
8x8Trax_6735591 ypercube vs. Chad : @0/ @1/ C1/ C2/ D1/ B0\ B0+ E2\ E5+ F4\ B5/ D6+ A2\
8x8Trax_6738142 DINGEROO vs. jazzbeth : @0+ A2+ A3+ B2/ @2/ D2/ @3/ C4/ B1\ A1\ @3/ A4/ B5/ @3+
8x8Trax_6747077 Chester vs. birddog856 : @0+ A2/ B2\ B3/
8x8Trax_6747225 dadalo vs. birddog856 : @0/ @1/ A2\ C1\ B0/ C3/
8x8Trax_6747400 1926 vs. birddog856 : @0/ A0/ B1+ C1\ B3/ @2\ E3\ D4/ C4+ F2\ B4+
8x8Trax_6749258 * vs. TallPaul : @0/ @1/ B0+ B0\ @1+ @2+ E2\ D4+ D5/ E5+ F4+ B4+ @4/ A5/ C6\ G2+ G1\ D6\ E7/ G7\ D8\ H5\
8x8Trax_6749260 Traxplayer vs. golfnutrof : @0/ @1/ A0/ A0/ A4/ C4/ @1/ B0/ @1+ C0/ D4+ B6/ B7/ @7+ F8\ G8\ F3+ F5/ G4\
8x8Trax_6753038 Ambrosia vs. birddog856 : @0+ A0/ A3\ B1/ @2\ @2\ C4\ D0\ B1/
8x8Trax_6753614 dgb vs. Traxplayer : @0+ B1+ @1/ @1+ B0+ B3+ C4/ A4\ B5+ @4\ @4\ B1+ A6/ @6+ E0+ B1/ C0\
8x8Trax_6754978 Traxplayer vs. dawn1968 : @0/ A0/ @1/ A0/ @2/ B3+ A0\ @1\ D1/ E2/ C0/
8x8Trax_6754979 dawn1968 vs. Traxplayer : @0/ @1/ B2/ C2/ D2/ D3/ E2/ D1/ @1/ C0+ A3/ E0/ F1/ A1\ F0\ F7+ D1/ @1\ H2\ H3\ G0/ H1+ B7+ B1\
8x8Trax_6754980 Traxplayer vs. dgb : @0/ A0/ @2/ @1+ C0/ @3\ E2+ C0+ A2+ F2\ G2\ D5+ D6/ D7/ A0\ @1\ C6+ E1/ F1+ A6+ A7/ A4+ F7+ G6+ H5+ DRAW
8x8Trax_6754981 dgb vs. Traxplayer : @0/ @1/ @1/ @1/ B0/ A3/ @1\ C0+ @3+ C5/ C6/ D0/ F3+ G5+ C8+ @6+ B8/ G1/ H2/ D1\ C2+ A3\ B2\
8x8Trax_6754982 Traxplayer vs. medea83 : @0/ B1\ A2/ @2/ B0+ C3+ A4/ @4/ A5/ @1\ C0/ @5+ A7/ @7\
8x8Trax_6754983 medea83 vs. Traxplayer : @0/ @1/ A2/ B3+ C1/ B4/ A5\ C0/ D1/ E4\ E5\ @1+ A0\ @4/ A5/ A1\ B8+ @2/
8x8Trax_6761829 Traxplayer vs. thebodywall : @0/ B1\ A2/ @2+ A0/ C3+ @3\ C1/ @2+ D0+ @3+ A1\ C0+ @4+ C5/ C6/ H4\ F6\ G2+
8x8Trax_6762888 * vs. Chad : @0/ @1/ B0/ A3/ C3\ B4/ D1\ B0/ B0/ E2+ E0+ B8\ C8\ F4\ E5+ @5+ @2+ C1+ F7\ DRAW
8x8Trax_6763138 ypercube vs. TallPaul : @0/ @1/ C1/ B2+ D1/ D0/ E1/ C0\ A1\ F3+ @2\
8x8Trax_6776891 Jump This vs. JiffyJeff : @0/ A0/ A0/ @1/ B0/ A4/ A5/ C5/ C6/ @1/ A0/ C7+ @1\ B0/ F7\ G7\ C2+ B5+ @3+ B6/ F3+ B7+ G3+
8x8Trax_6778514 Thud vs. jazzbeth : @0/ @1/ A2/ C2/ @2+ C0/ B0+ D3+ E2\ F3/ G2\ B0/ C6+ G5/ F5+ D7/ H3\ F2/ G6+ E7+ E8\ F8\ A6/ A7/ B8/ F1+ G1/ G7+ A8/ DRAW
8x8Trax_6778811 dgb vs. Traxplayer : @0/ @1/ @1/ @1/ B0/ B0+ C1/ D4+ C5+ E3+ @5/ D6/ B7+ A7/ A3+ G3\ G5+ @7/ D8/ H2+
8x8Trax_6783858 TallPaul vs. Chad : @0/ @1/ A2+ B0\ A1+ @1/ B0/ D2\ A4/ E4\ C5+ E1/ @2/ G2\
8x8Trax_6787089 DINGEROO vs. * : @0+ @1/ @1\ B0+ B0\ A1\ C4\ B5\ D4/ A5/ D3+ @3/
8x8Trax_6792255 dgb vs. Traxplayer : @0/ @1/ @1/ @1/ B0/ D3+ D4/ E2/ E1/ F1/ C0+ @1\ A0\ H5+ H6\ F7\ C1+ B0/ B8/ RESIGN
8x8Trax_6795385 Thud vs. Chad : @0+ @1+ @1\ A0\ C1+ D2+ B0+ C4\ E3\ E5+ F4+ @2+ E6/ D6/ C6+ E7\ F7\ @4+ RESIGN
8x8Trax_6795386 jazzbeth vs. Lorraine of the Renegades : @0/ A2\ B1/ A0/ @1/ A0/ @1/ A2/ D2/ E2\ E1/ F2\ B3+ F1/ C1+
8x8Trax_6800748 dgb vs. Traxplayer : @0+ B1+ C1\ C2\ B3\ B4\ D2/ B0/ B0/ D1+ A1\ B0/ A7+ RESIGN
8x8Trax_6805166 Rogue Trooper vs. ypercube : @0+ B1+ A2\ A0\ A0+ @3+ D4/ D5+ A4+ @3+ C5/ E6/ E7/ F5+ F7\ C0/ D1/ G6+ H6\ F3+ G4/ H4+ C7/ B2\ A1/ B6+ DRAW
8x8Trax_6805174 golfnutrof vs. ypercube : @0/ @1/ A0/ @2/ A0/ D3/ D4\ E4\ D2/ E2/ F4\ E5\ @1\ B0+ B0\ A1\ @1+ C8/ B7\ D2/ F1+ H1+
8x8Trax_6811066 * vs. golfnutrof : @0/ @1/ A2+ A3/ A4/ B3+ C4/ A5+ @4+ E2+ D6+ E6\ F6+ D7+ D0+ F3+ G4/ @4+
8x8Trax_6812950 dgb vs. Traxplayer : @0/ @1/ @1/ D1/ D2\ E2\ A3/ @2\ E4+ C5+ A4+ A0\ @1\ H3/ H2/ A0\ C0+ A6/ G8\ RESIGN
8x8Trax_6815894 golfnutrof vs. Chad : @0/ A0/ B1/ C2/ A0+ @2/ D2/ @2\ E4+ F1\ F0+ G4+ G6\ H4\ G1/ H1/ H0/ H0/ C3\ E2+ B7/ D8\
8x8Trax_6817055 * vs. Lorraine of the Renegades : @0/ B1\ B2\ A0/ @2+ C0/ D3+ B1+ B4/ B5/ @3+ @3\ A2\ G2\ G1+ E0+
8x8Trax_6824511 dgb vs. Traxplayer : @0/ @1/ A0/ @2/ B0+ @3+ A4/ @4/ @4+ D0/ F2\ G4\ E5+ B6/ @5\ A3+ C2+ D7\ F6+ C8/ B8/ A8+ DRAW
8x8Trax_6827062 Dragon101 vs. Dania59 : @0/ A2/ B1/ @2/ @2/ B3+ D0+ E1/ E2+ B5+ E0/ F3\ A1+ C0\ @3+
8x8Trax_6834398 ypercube vs. JiffyJeff : @0/ @1/ B2/ B0\ B0\ B5/ A5/ A1\ @2+ A3/ D1/ RESIGN
8x8Trax_6842189 dgb vs. jaha : @0+ A2/ A0\ @2/ @2/ A3/ D1\ E2/ D3+ @3+ E0+ C1+ G1/ RESIGN
8x8Trax_6843861 ken vs. * : @0+ @1+ @1+ @1+ @1+ @1+ @1+ @1+
8x8Trax_6848913 jazzbeth vs. jaha : @0/ A0/ B2/ B3/ C3/ @2\ B3/ @2+ C0+ A2/ @3/ B1\ A1\ C0/
8x8Trax_6850494 JiffyJeff vs. Rogue Trooper : @0/ A0/ A3/ B1/ B4/ C1/ @1/ A3/ D5/ A4/ A5+ A0+ @1\ A0\ @4+ G7+ D8+ H3/ G2+ B7+
8x8Trax_6855209 * vs. rogerrabbit : @0/ @1+ @1\ A0\ C0+ D3\ C4/ D4+ @2\ B4+ D5/ D6+ C0/ D8+ @4+ A2+ A6/ F2+ G4/
8x8Trax_6856307 Traxplayer vs. Chad : @0/ A0/ @2/ @1+ C0/ D1/ A0+ B0+ E2+ @2\ A1\ E6+ F3+ G6+ @1+ D0+ G8+ D8/ H2/ F1+
8x8Trax_6856417 TallPaul vs. Rogue Trooper : @0/ A0/ B1/ B3/ C2+ @1\ C0/ A4/ B5\
8x8Trax_6856975 Cinnamon vs. robertst : @0+ B1/ A2/ @1\ A0\ @1\ C0/ B0/ A6/ D2/ @5/
8x8Trax_6858154 jazzbeth vs. * : @0/ A2/ @2\ C1+ D1\ D3+ C4+ C5/ C6/ A3+ @3+ A6/ B7\ @3+ @5+ @6\ C7+ H5+ D8/ B3+ G7+ A3/
8x8Trax_6860139 Traxplayer vs. Rogue Trooper : @0/ A0/ @2/ @1/ C0+ C0+ D4+ D5\ D6+ E4/ F5+ F6\ B7/ A4/ F7+ B8+
8x8Trax_6861230 Cinnamon vs. robertst : @0+ B1+ B2/ C2\ B0\
8x8Trax_6861818 jaha vs. Rogue Trooper : @0/ A0/ B2/ B3/ @2/ A0/ D3/ D2/ C1+ @3/ A4/ F4+ C5+ @1+ A0\ @1\ D0+ H8+ RESIGN
8x8Trax_6861986 ypercube vs. Thud : @0/ A2+ A3/ B1/ C1/ B3+ B4/ B5/ D3+ E2+ @2\ C0\ A5/ RESIGN
8x8Trax_6862061 ypercube vs. Traxplayer : @0/ B1+ C1/ B0/ B0/ A2+ D3/ A4+ A5\ B6/ C1/ @6/ RESIGN
8x8Trax_6862062 Traxplayer vs. ypercube : @0/ @1/ B0+ C1+ B3/ @1/ B0+ C5+ D5\ B5/ D6\ E6\ B7+ F4+ RESIGN
8x8Trax_6862806 robertst vs. Cinnamon : @0/ A2\ B1/ B2+ B3\ C3\ D2\ D3\ E1/ E0/ A1\ @1\ D1/ D0/ G2/ D0\ C2+ A4/ F1\ @4\
8x8Trax_6869665 dgb vs. Traxplayer : @0/ @1/ B0+ @2+ A0/ B4\ D2\ @2+ F2+ D1/ C0+ E1+ @3/ @3/ E0+ C2\ B2+ A5+ D0/ B7/ C8+ B1\ A1+
8x8Trax_6869666 Traxplayer vs. dgb : @0/ @1/ @1/ C0+ A0/ A0+ @4+ @1+ C5+ E6/ F5+ G4\ D6/ D7/ H4\ F8\ G8\ B5/ A4+ D1+ H6+ G3+ DRAW
8x8Trax_6870710 Dragon101 vs. golfnutrof : @0/ @1/ A0/ @1/ @1/ C0/ E3/ D4/ E2/ @1\ C0+ F2+ B4/ @2+
8x8Trax_6872175 * vs. JiffyJeff : @0/ @1/ A2+ @2+ D2+ D3\ E3\ E4\ F4\ E1+ E5+ E0/ G3+
8x8Trax_6873290 ypercube vs. Rogue Trooper : @0/ A0/ B2/ B3/ C2/ D2/ @2/ E1/ E4+ F1+ B4/ C5/
8x8Trax_6873306 golfnutrof vs. Traxplayer : @0/ @1+ A0+ @1\ A2+ B0+ B4\ C5/ B0\ D4+ A5+ E5+ @1\ B0/ A5/ @5+ E2+ F2\ E0/ F1/ B2+ G2+
8x8Trax_6877323 jazzbeth vs. kidgame2001 : @0+ B1\ B2+ A3\ @3+ A4/ A5+ @4\ D5\ C6/ E3\
8x8Trax_6879298 Rogue Trooper vs. dgb : @0+ B1+ A2\ A0\ C2\ D2\ C1+ E2+ B0+ D5\ E5\ E6\ F5+
8x8Trax_6880588 rogerrabbit vs. jaha : @0+ A0/ B1\ A3/ B3/ A4/ @1/ D4\ B5+ D1/ E3\ C0/
8x8Trax_6883247 * vs. rogerrabbit : @0/ A2\ B1/ C1/ B2+ B0+ @3\ A4/ @3+ B0/ F4\ D5\ E6/ D1\ A1+ C0/ C0/ G6+ @3/ D8+ F3+ G2\ G7\ DRAW
8x8Trax_6883273 jaha vs. JiffyJeff : @0/ A0/ B2/ C2/ B3+ C4/ B5\ C6/ A5+ @4/ E2+ E1/ E7\ F6+ B7/ RESIGN
8x8Trax_6883816 Rogue Trooper vs. Traxplayer : @0+ B1+ A2\ B0/ C1/ D1+ C3+ E1+ E3\ E4\ B0+ A2\ @2\ A1\ C0/ G6+ RESIGN
8x8Trax_6883817 Traxplayer vs. Rogue Trooper : @0/ A0+ A0\ @3/ A4/ @1+ @2+ C5/ @5+ A6/ @6/ B7+
8x8Trax_6884384 JiffyJeff vs. Traxplayer : @0/ @1/ @1/ D1/ C2\ C3+ C4+ B0+ A0/ E2\ @5\ B0/ D1+ A1+ @2+ G5\ H6/ F1/ F0/ H1/
8x8Trax_6893988 Rogue Trooper vs. ypercube : @0+ B1+ A2\ B0/ @2/ @3\ D0/ B2\ E1+ D0+ D0/ E1/ F2+
8x8Trax_6893993 Thud vs. * : @0/ A2/ @2\ C1+ D2/ C3+ B4\ @2\ F3/ G3/ H3/ A3/ G4+ G5/ H2/ D0+ F1/ D0\ DRAW
8x8Trax_6900484 jaha vs. Chad : @0/ @1/ A0/ @1/ B0/ B4\ C1/ C0\ D3+ E3/ D1+ C5+ E4+ A5\ A6+ B7/ C6+ @2+ B1\ A6/ RESIGN
8x8Trax_6900632 JiffyJeff vs. Traxplayer : @0/ @1/ @1/ D1/ D2\ E2\ B0\ B4+ C5/ F5+ E6\ G4\ H4\ C0+ D0\ E3\ F5+ F1+ G1\ G8+ DRAW
8x8Trax_6906267 dgb vs. Traxplayer : @0/ @1/ @1/ D1/ C2\ B3+ E1\ D2+ C4/ C5/ A4+ @5+ A6+ @5\ F4+ RESIGN
8x8Trax_6908395 Cinnamon vs. robertst : @0+ B1\ @1\ C2\ D1/ D0/ D4\ E3/ A3+ D5/ C5/ E4\ F3+ G3\ G4\ C1\ D0+ C1\ A7/ @6\ A7+ B0\ A1\ E1/ F2\ G2+ A4+ H4/ H3/ F8/ E8/ H2+ A3\ H1/
8x8Trax_6909082 ypercube vs. Traxplayer : @0/ @1/ C1/ D1/ C2/ D3/ C0+ A3/ C0+ @3+ @4\ @4\ H5+ H6\ B5/ B6+ B7\ C1\ B2+ C8/ D7/ E7/ A7\ G7/ DRAW
8x8Trax_6909083 Traxplayer vs. ypercube : @0+ B1+ B2\ C1/ C3/ @1\ E2+ E0/ RESIGN
8x8Trax_6914454 ypercube vs. Traxplayer : @0/ @1/ B2/ C2+ A0/ @1/ A0/ @1/ A0/ @1/ G5\ E6/ D6/ G7+ B3/ C7\ B0/ B8\ A3+ C1/ F4/ G4/ G3+
8x8Trax_6914455 Traxplayer vs. ypercube : @0/ @1/ A0/ @2/ A3+ D2/ @1/ D4/ E1/ B4/ E0+ C6\ F5+ G4+ A5+
8x8Trax_6918161 * vs. jazzbeth : @0/ @1/ B0/ @2+ D1/ D0/ @3/ A2+ D0+ A0/ F3/ D6+ @3/ @3\ A1\ C0+ F2+ C7+ D8/ B7+ F8/ A7+ A8/ F1\ D1+ H2/ G8+ A1+
8x8Trax_6918986 1926 vs. DarkHoney : @0+ B1/ A2+ B0\ C2\ C3\ D3\ B0\ A5/ B0/ C1/ D1/ @6\ A5\ E6/ E3\ C6\
8x8Trax_6919316 Dragon101 vs. Dania59 : @0/ B1+ C1/ A2/
8x8Trax_6927648 ypercube vs. Traxplayer : @0/ @1/ B2/ C2/ B0/ C2/ D2/ C1/ B4/ A0+ @2\ @3\
8x8Trax_6927649 Traxplayer vs. ypercube : @0/ @1/ B0/ A0/ @3+ A4/ B4+ @3\ B0+ D6+ E3+ A6/ @5\
8x8Trax_6930466 Rogue Trooper vs. Traxplayer : @0+ B1+ C1\ C2\ B3+ D2+ A0/ A4/ C1+ @4/ D5/ @3+ B1+ C6+ A5+ G3+ @2/ C0+ B1\ A5+ F1/ E8\ F8\ G6/ H8+ D8/
8x8Trax_6930577 ypercube vs. dgb : @0/ @1/ B2/ C1+ A0/ B4\ B5\ B1/ A5/ A6/ @6/ B0+ A1\ @6/ @6/ @4+ C3+ H4\ H5+ H2/ H1/ B7/
8x8Trax_6932974 Rogue Trooper vs. Traxplayer : @0+ B1+ @1/ D1\ D2\ E2+ D3\ E0/ F1/ D0\ C1\ C0\ B1\ A0/ @1+ @5/ A6/ D7+ F8\ H6+ C7+ B7+ DRAW
8x8Trax_6934095 * vs. Thud : @0/ A2/ A3/ @3+ B0+ @3/ A0+ @3/ E5+ D1/ B0/ E3+ F4+ E7+ F7\ G4\ E8+ D1/ F1+ G1\ @3/ E8+ A4/ B5/ B7/ A6+ A7/ DRAW
8x8Trax_6938346 JiffyJeff vs. jaha : @0/ A0/ @1/ B0+ C1+ @2\ B0/ A4+ B5/ B0/ B0/ D2+ E2\ A4+ D0\ @5/
8x8Trax_6938408 dgb vs. Chad : @0/ @1/ @1/ C0\ B3+ D3/ @3+ @3+ C4+ E4+ D5+ A2+ C1\ F1\ E0/ A2/ D0\ E0/
8x8Trax_6942043 Jump This vs. JiffyJeff : @0/ A0/ A3/ @2\ B0/ C2/ D3+ D5+ D6/ E5+ A6/ RESIGN
8x8Trax_6944224 jaha vs. ypercube : @0/ @1/ A0/ @2/ B0+ C1/ D1+ B0/ B5+ D4+ C1+ E3+ C6+ F4+ B0/ A2+ @2\ B7+ @4+ D0+ A7+ F3/ G4/ G2/ RESIGN
8x8Trax_6949324 * vs. thebodywall : @0/ B1+ B0/ B0\ A1\ @3/ C4\ D4\ E2\ @1\ A0+ A0/ B1/ E1+ E0/ F1/ F0/ G3\ F5/ G6\ @4+ A5+ H4+
8x8Trax_6949325 jazzbeth vs. Thud : @0/ B1+ C1/ C0/ B3+ @3\ D0+ C5/ A2/ B0\ A1\ @4+ F3/ E6+ @3/ C0\ B7/ @3+
8x8Trax_6950538 Jump This vs. NetKissa aka Knit This : @0/ B1\ B2\ C2+ D1\ D0+ B0/ A2+ D1/ E1/ F1+ D0+ F5\ A1\ E6/
8x8Trax_6950539 NetKissa aka Knit This vs. Jump This : @0+ B1+ B2/ B0/ A1+ C1\ C3+ A0/ C1\ A0+ @2/ A4+ @1+ F4+ B0/ A4/ @3\ G4/ C0+ C7/ B6+
8x8Trax_6955395 JiffyJeff vs. Rogue Trooper : @0/ A0/ A3/ B1/ C3/ B4/ @1/ D1/ A2/ A0+ @1\ A0\ @4+ F1+ E0+ F8\ G6/ C6/ C7\ H7+ G8\ G5+ A7/ C8+ H5+ G2/ DRAW
8x8Trax_6959053 NetKissa aka Knit This vs. Jump This : @0/ A0/ B1+ B3/ C3+ A3+ C4\ A4+ B5+ @1\ C0\ B0/ B8\ A8+ @7/ A4+ A6\ @5/ A7+ G6+ G7\ F8+ F3+ B2\ A2\ @4+
8x8Trax_6959054 Jump This vs. NetKissa aka Knit This : @0/ B1/ A0\ @1\ @1\ C3+ E3/ A2+ D0/ E2+ A0\ @2+ F1/ A3+ G2\
8x8Trax_6961745 jazzbeth vs. Dania59 : @0/ A2+ B1/ A3+ C1+ B0+ A0/ @2\ D5\ E4/ F4/ A1+ C6+ D2/ B0/ @3/ E0/ F1/ G7+ H7\ H8\ C1\ B1\ A2/ A5+ A1+ H4+ H3+ H1+ B7+ B8+ A8\
8x8Trax_6963065 Thud vs. Rogue Trooper : @0/ A0/ B1/ B3/ B4/ C1/ A0+ @3/ D6/ E4+ F3+ C0+ G4+ F7\ E8+ C7/ A5+ G7+ F2/ G2/ B6/ H5+ RESIGN
8x8Trax_6972188 NetKissa aka Knit This vs. Jump This : @0/ A0/ B1/ C2/ C1+ @1\ B0+ @2/ B1\ B0/ C1/ E1\ F2\ B0\ A1\ @4+ C6\ F1/ F0+ G2\
8x8Trax_6972189 Jump This vs. NetKissa aka Knit This : @0/ @1/ C1/ @1\ B0/ B3+ E3/ A3+ D1+ A1+ C0/ C0/ C0\ A1\ @1\ B0\ E2+ C0/ A7+ F6+ A4/ @3\ G2\ G1/ H2\ A7\ B1\ A4+ B5/
8x8Trax_6976615 Rogue Trooper vs. TallPaul : @0+ B1+ A2\ B0/ B0/ A2+ @3/ B5\ D5\ D6\ C0/ D4+ E4/ F2+ A1\ F7\ @3+
8x8Trax_6980486 NetKissa aka Knit This vs. Jump This : @0/ A0/ B2/ B3/ A3+ @2\ @2\ @2\ A3+ B1+ C0\ B0/ A2+ D2/ E2/ @4+ A2\ F1+ C0/ G4+ @1\ B0+ A1+ C8\ A6/ F2+ G2/ G1/ H3+ A8+
8x8Trax_6980487 Jump This vs. NetKissa aka Knit This : @0/ @1/ @1/ C2\ D2\ D1+ D3/ B3+ B4/ @4+ E4\ A1\ F3\
8x8Trax_6983030 JiffyJeff vs. Traxplayer : @0/ @1/ A0/ A3\ @2\ @2\ @2\ D0/ D5\ C4+ D6+ @3+ G3/ C5+ D7+ @3\ G1/ A2+ E2+ D1+ E0+ G7/ F8+
8x8Trax_6985587 Chad vs. Rogue Trooper : @0/ A0/ B2/ B1/
8x8Trax_6988704 NetKissa aka Knit This vs. Jump This : @0/ @1/ B0\ A1\ @2/ @2/ E2/ B1\ D0+ A2\ @3/ G2/ F4\ G4\ H2/ B0\ A2/ F1/ E0+
8x8Trax_6988705 Jump This vs. NetKissa aka Knit This : @0/ A2\ B2\ B1+ B3/ @1/ @1/ C0+ D1/ E3\ A0+ @3/ B0/ @2\ A1\ C0/ @2+ A1\ A0\ E1/ F3+ C8/ B8/ G3/ B1+ H2\ G1+
8x8Trax_7011390 ken vs. jazzbeth : @0+ B1+ @1+ @1+ @1+ @1+ @1+ @1+
8x8Trax_7016293 Chad vs. JiffyJeff : @0+ A2/ A3+ @2\ B0\ A1\ @1+ C0+ C6+ @4+ A5+ RESIGN
8x8Trax_7016512 Traxplayer vs. Thud : @0/ @1/ C1/ B0+ @2\ B3/ E2+ C0\ @3\ A2\ A5/ @4\ F5+ RESIGN
8x8Trax_7030774 TallPaul vs. jazzbeth : @0/ @1/ B0+ C1+ A3/ B0/ D2\ D3+ B0/ B0/ A1+ @6+ A7/ B7+ C0+ E4+ F6+ A3+ @3/ @3+ B6/ A6+ C2\
8x8Trax_7030783 ypercube vs. Traxplayer : @0/ @1/ B2/ C2/ B3/ B0\ @2/ B3+ C5/ A4+ B6+ @5\ F5+ E6\ G3/ E2/ H4\ H5\ H6\ G7+ D7+
8x8Trax_7031464 Traxplayer vs. Chad : @0/ @1/ B0/ @1/ C0+ D1/ B4+ D4+ E2\ B0/ @2+ E0+ F1/ G1+ D0/ H4+ G6\ H6\ H7\ F0+ H3/ C3+ D1+ B2\ B7+ A7/ A2+ B1\ H2+ G1+ A8+ H1+
8x8Trax_7033416 thebodywall vs. Rogue Trooper : @0/ A0/ @2/ B0/ A0+ @1\ A0\ @4+ E5+ E6\ C7\ A0/ @2\ G5+ F8+ G8\ F3+ @2+ A1\ B5+
8x8Trax_7036783 Eunhye vs. alexio789 : @0/ @1/ C1/ C2/ D1/ D3/ B0/ @1/ D1+ C3/ C4/ B4/ F3\ G2\ F4+ C5+ F1+ A3+ C0\ @5\ E1/ D0\ A4+ A7/ C8\ C2+
8x8Trax_7041426 * vs. Rogue Trooper : @0/ A0/ A3/ A4/ B2+ @1+ @4\ E3+ D5\ B5+ D6\ C7+ A7\ @7\ E8/ F7/ G5\ @4\ B3+ H3\ G1+ H7+ H2+ DRAW
8x8Trax_7042116 alexio789 vs. JonathanT : @0+ A0\ B1\ B3/ B4/ A5\ C3+ A0\ @4\ @6+
8x8Trax_7046306 Eunhye vs. JiffyJeff : @0+ A2/ A0+ @3\ A4\ A1/ C1/ B5/ @3+ B0/ D3\ E4/ A7/ @4/ D0\ B1+
8x8Trax_7048439 Traxplayer vs. Thud : @0/ A0/ @1+ C1\ B3/ B4/ @4+ @3+ F1\ A1\ RESIGN
8x8Trax_7049843 Chad vs. JiffyJeff : @0/ @1/ A0/ A0/ @3+ B0+ @4/ B5/ C5+ D3+ B0+ E4+ E3+ F4+ F3+ F2/ G3\ F5/ C1/ E2+ A1\ RESIGN
8x8Trax_7050497 Eunhye vs. JiffyJeff : @0+ A0/ A3+ B1\ A4\ B4\ B5\ C2+ D4/ B6\ E6+ E7\ D8\ @6/ B7+ G5+ H5\ H6\
8x8Trax_7051193 DINGEROO vs. jazzbeth :
8x8Trax_7058754 dgb vs. ypercube : @0/ @1/ @1/ C2/ B0\ D3/ C4+ D1/ D0/ C6/ E1+ E4+ D6+ @3+ @3\ A2\ A1+ RESIGN
8x8Trax_7060423 Eunhye vs. JiffyJeff : @0/ A0/ B1+ B0+ B0\ A1\ @2+ A4/ @2\ C0+ C6+ E3\ E2+ E6\ F6+ D7\
8x8Trax_7061447 Rogue Trooper vs. JiffyJeff : @0+ A2/ @2\ A1\ C2/ @1/ B3+ A3+ A4/ B0+ @2+ A1\ @1\ D0+ @3/ A4/ C5+ B6+ @2\ G5+
8x8Trax_7061591 jaha vs. jazzbeth : @0/ @1/ A0/ @1/ B0+ A0/ C1\ D2\ @3+ A4/ A0\ @3+ E1/ F5\ C0/
8x8Trax_7063228 Traxplayer vs. DINGEROO : @0/
8x8Trax_7063409 * vs. Thud : @0+ B1+ A0+ @2+ C1+ D2+ B3\ C0/ D2+ E3+ @3\ A2\ @2+ H3+
8x8Trax_7068328 JiffyJeff vs. Traxplayer : @0/ @1/ B2/ C2+ @1/ A0+ @2/ A3+ RESIGN
8x8Trax_7072010 Thud vs. Rogue Trooper : @0/ A0/ B1+ B0+ @3+ B4+ B5\ D5+ A1\ @3\ C0+ B0/ A2+ E3/ F3/ @2/ B6\ A5+ @5/ D0/ F1+ B2\ DRAW
8x8Trax_7072026 JiffyJeff vs. * : @0/ A0/ @1/ B0+ C1+ C3\ C4\ D2+ A3+ @1\ A0\ F4/ D1/ D0/ C6/ B7\ C8/ E7+ A6+ @5/ @4+ B7/ DRAW
8x8Trax_7074700 Chad vs. dgb : @0/ @1/ B2/ C1+ A0/ B4\ B5\ B1/ A0\ @1\ E3/ F2\ E4+ F5/ B6/ B7/ G3+ B8\ C8\ H5+ H6\ F7\ F1+ G1/ A7+ D7+ F8+ G8\ H1\ A3+ H2+ A8+
8x8Trax_7074720 jazzbeth vs. Dania59 : @0/ A2\ B1/ B0+ A0/ @2\ @2+ @2/ @2/ B4\ C1/ E0/ A2\ RESIGN
8x8Trax_7074942 ypercube vs. jaha : @0/ A0/ B2/ A3+ A4/ C2\ D2\ E2\ D1\ B1/ B0/ @2+ A0+ A6/ @4\ F5+ D6+ H3+ H1+ D0+ D0/ F2+ C1\ B2+ A3\ A1+ H2+ G8\ H7+ H8+ H1+ F8/ A7/ E1+ A8/
8x8Trax_7077883 ypercube vs. Traxplayer : @0/ @1/ B2/ C2/ B3/ B0\ @2+ @2\ A1\ @1\ D0+ A4/ @4/ C0+ C0/ C0/ @7\ B6+ H4/ H3+ A6\ C8+ E8+ C1\ B2+ H2+ H1/ A2/ A4/ F3+ DRAW
8x8Trax_7077884 Traxplayer vs. ypercube : @0/ @1/ C1/ C2/ D1/ D3/ E3/ D4/ C0+ A3/ @3/ A4/ A0+ @2\ D0/ E1/ @3\ A2\ A1\ D0+ G3+ B8\ DRAW
8x8Trax_7080332 Traxplayer vs. * : @0/ A0/ @2/ B0+ @3+ B0/ @2+ @3\ @3\ B1+ G3+ C4+ A0/ D6/ D7/ @5/ A6+ E0+ G1+ DRAW
8x8Trax_7090838 Chad vs. Thud : @0/ A0+ B2+ C2+ C3/ B1+ B0/ C1/ C0/ D4+ A1\ RESIGN
8x8Trax_7093682 ypercube vs. Red Panda : @0/ @1/ C1/ @1/ D2\ E1/ E0+ C4+ @3\ B5+ A0\ @4\ C0+ C0/ B1\ A1+ H4+ H5\ G7+ G8\ H7/ DRAW
8x8Trax_7093683 Red Panda vs. ypercube : @0+ B1/ @1/ B0/ B0/ B0/ B0+ A4+ C1\ A0/ @3/ A6/ @6+ RESIGN
8x8Trax_7093942 * vs. rogerrabbit : @0+ A0+ A3+ @3\ C1\ C3+ C4\ D4\ E4\ F3+ D5+ B4+ C6+ C0\ A7/ A2+ B8/
8x8Trax_7094945 ypercube vs. Traxplayer : @0/ @1/ C1/ D1/ C0+ A3/ @3/ D4+ F2/ @3+ H4\ F5+ B5+ E0/ A6+
8x8Trax_7094946 Traxplayer vs. ypercube : @0/ @1/ B0+ B0/ B4+ C4\ @3\ @3\ @3\ C2+ G4/ B1/ E0/ B5+ RESIGN
8x8Trax_7101883 jazzbeth vs. Traxplayer : @0/ @1/ B2/ C2/ C3/ D3/ C4+ B0\ C1\ D1\ B4+ E2+ F2\ A4/ A5/ F6+ G3+ A6+ B7+ @5/
8x8Trax_7106939 ypercube vs. Traxplayer : @0/ B1\ A2/ @2/ C2\ B3/ @1/ E2+ C4/ A0+ D1+ C0+ B0/ B0/ F4/ F3/ D2+ @5+ A6/ @6/ C3+
8x8Trax_7106940 Traxplayer vs. ypercube : @0/ B1/ A2\ @2\ B0+ D2/ @3\ E3\ RESIGN
8x8Trax_7112272 Chad vs. dgb : @0/ @1/ B2/ C1+ @1/ A0+ B0+ B0/ @3\ @3/ E6/ E7+ C5/ A4+ D7/ F1+ C8/ B8+ A8/ A6+ G2/ H2+ H1/ DRAW
8x8Trax_7112273 dgb vs. Chad : @0/ @1/ B0+ B0/ B4+ C1/ B5/ @3/ @3+ B6/ A6+ A7/ B7+ F2+ E4+ D0\ C1+ @2\ A1\ @3/ A4/ A5/ H5\ F7\ H6+
8x8Trax_7112274 Chad vs. davidmilne : @0+ A0\ B2\ C2\ D2\ D1+ B0/ C4+ E3+ A5/ @5/ E1\ A2\ @2+ A1\ H3/ H4\ H5+
8x8Trax_7112275 davidmilne vs. Chad : @0/ @1/ A2/ B3+ C1/ A4\ B5/ D2+ @3\ @2/ @4+ A6+ G4+ A1\ D0+ @3/
8x8Trax_7112276 Chad vs. ypercube : @0/ @1/ @1/ D1/ D0/ E1/ @1+ B0\ E4+ C5+ @2/ G0+ @4/ A5+ A6\ C5+ G0+ B8+ A8/
8x8Trax_7112277 ypercube vs. Chad : @0/ @1+ @1\ A0\ @1\ C0/ E3/ F2\ C0+ E2\ @1\ C0+ A5/ C6+ @4\
8x8Trax_7112278 dgb vs. davidmilne : @0+ A2/ B1\ C2/ B0+ B0/ B0/ D3+ A2\ E4/ C6+ D6\ @6/ C7+ A3+ RESIGN
8x8Trax_7112279 davidmilne vs. dgb : @0/ A0/ B1+ A3+ A0/ A0/ @3+ D2/ @3/ E5\ RESIGN
8x8Trax_7112280 dgb vs. ypercube : @0/ @1/ @1/ D1/ D2\ E1/ E0/ D0+ A5+ @1+ D0+ F6/ G5\ @4/ A5/ D7/ G1/ H1+ F0/ H4+ H1/ A8+ A3\ DRAW
8x8Trax_7112281 ypercube vs. dgb : @0/ A0/ B2/ A3+ @1/ D2\ B4\ C5/ A4\ D5+ E5/ C6+ F2/ F1+ G3+ @3+ A5/ A6+ D1/ F0/ F0/ DRAW
8x8Trax_7112282 davidmilne vs. ypercube : @0/ @1/ A2+ C2/ @1/ D1/ D0/ B4/ E3+ D4\ D5\ E5\
8x8Trax_7112283 ypercube vs. davidmilne : @0/ A0/ B2/ A3+ C2/ D2/ @3\ E1+ E4+ F4\ F5\
8x8Trax_7114120 Rogue Trooper vs. Traxplayer : @0+ B1+ A2\ B0/ C1+ D1\ B4/ B5/ @2/ @2/ E3+ B1\ E0\ F5+ A7+ @4+ D8\ E8\ @7+ A8/ DRAW
8x8Trax_7115285 TallPaul vs. * : @0/ @1/ @1/ A2+ A0+ D1\ B4/ D0+ C0+ D7+ E7\ F4+ A1\ B0\
8x8Trax_7115754 Rogue Trooper vs. Traxplayer : @0+ B1+ A2\ A0\ @1+ @2\ @1/ @2\ D3+ C4+ C5+ C0/ A0\ RESIGN
8x8Trax_7115755 Traxplayer vs. Rogue Trooper : @0/ A0/ @2/ @2/ C3+ D1/ D0/ E4+ A0\ @2+ G4+ B0\ A1\ @1\ G1+ D0+ E8/ A6/ DRAW
8x8Trax_7119809 DINGEROO vs. jazzbeth : @0/ @1/
8x8Trax_7120866 Rogue Trooper vs. Traxplayer : @0+ B1+ A2\ B0/ C1+ D1\ C3+ B4+ D0\ E3+ D5+ C0/ B2+ B0+ A4+ B0/ E3+ @7/ A8/ B1\ A6\ @6\ F1+ A4\ G1+
8x8Trax_7120867 Traxplayer vs. Rogue Trooper : @0/ A0/ @1/ B0/ A0/ C4\ B5/ D3+ C1/ A5/ E3\ D5+ D6/ @3+ G4+ D0+ @5\ F1/ G1/ E0+
8x8Trax_7121246 Rogue Trooper vs. TallPaul : @0+ @1/ B0+ @2/ D2/ C3+ B1+ A0/ B5+ D1\ B0\ B0\ C1+ E4\ @3+ F1/ D0+
8x8Trax_7125680 Traxplayer vs. Thud : @0/ @1/ A0/ B1+ @2+ @2+ B0/ E2+ D4/ D5/ E1/ F1/ C4/ D1\
8x8Trax_7127749 Rogue Trooper vs. Chad : @0+ @1+ B2/ B0/ B0/ C2\ C4+ D3+ A1\ B0/ B0/ @5+ @4/ F1+ G2+ B2+ D0/ F0+ G1/ H3+ H7\ DRAW
8x8Trax_7128276 Rogue Trooper vs. Traxplayer : @0+ B1+ A2\ B0/ C1/ D1+ C3+ E1+ E3\ E4\ B0+ A2\ C5+ C0/ D2+ E7\ F4+ G4\ H5+
8x8Trax_7128277 Traxplayer vs. Rogue Trooper : @0/ A0/ @1/ A0/ @1/ B0/ D4/ B4/ C2/ D2/ C1/ D1/ E3+ E5+ F2/ E6/ F5+ G4\ H3+ D7+ A5\ D8+ E7\ F7\ C8+ G8/ H7\ G1+
8x8Trax_7128969 * vs. kidgame2001 : @0+ @1/ B0+ C1\ B0+ A4/ A5+ @4\ D5\ E3/ D6/
8x8Trax_7134516 Rogue Trooper vs. Traxplayer : @0+ B1+ A2\ A0\ @2\ @2\ B3+ C4+ @3/ A4/ D5/ F2\ E5\ F6/ @5\ E6/ F7\ H4+ C7+ E0/ F1/ B2/ DRAW
8x8Trax_7134517 Traxplayer vs. Rogue Trooper : @0/ A0/ @1/ @1/ D1/ E2/ E3+ D4+ B4+ A0+ @4/ A5/ E6/ A6/ A7/ @4+ F7/ D8+ B8/ G7+ B2+ H5+ H3/ G2+
8x8Trax_7135815 Chad vs. Red Panda : @0/ @1/ @1/ @1/ D2+ D3\ E2/ A0\ @3\ F1/ G4+ E0/
8x8Trax_7135816 Red Panda vs. Chad : @0+ B1/ @1/ @1+ C0/ @2/ C3\ B3+ C4+ C5/ @3\ G2+ E4/ @3+ E6/ F0\ E1+ D1+ H5\ G6\ C6+ E0\ B3\ A3+ C1+
8x8Trax_7145606 jaha vs. JiffyJeff : @0/ A0/ B2/ A3/ C2+ A4\ B1/ B0\ B0\ B0\ @7\ B8\ C8\ @8+ @7+ B6+ @7\ E3+ G2+ H3+ D2+ B2+ B1\ A1\ A3+ DRAW
8x8Trax_7145607 ypercube vs. TallPaul : @0/ A0/ B2/ B1+ B0/ C1+ @3+ B1+ A4/ B4+ E2/ @4+ @3+ E0/ B3+ C1+ @4\ H4\ D6/ D0\ A3+ B7+ C8/ E8+ A7+ F8+ G7+ A8+ DRAW
8x8Trax_7155707 Rogue Trooper vs. thebodywall : @0+ B1+ A2\ B0/ C1/
8x8Trax_7158783 Red Panda vs. jazzbeth : @0+ A2/ A0\ @2/ C1\ D1\ E2/ C0\ @3/ A4/ B5+ D5+ F0+ G3\ H3\ C2\ D0+ E6+ F7/ DRAW
8x8Trax_7160145 Chad vs. Red Panda : @0/ A0/ @1/ A0/ B1+ C1/ B4/ C0\ @2/ B5/ E1\ D0+ D5\ C2\ A6+ A1\ C0/ @3\
8x8Trax_7160146 Red Panda vs. Chad : @0/ A0/ A3/ B3/ A4/ B2/ @3+ D3+ B5/ B0+ C1\ E5+ @4\ @3/ D0/ D0/ C2+ G4+ G3/ G2+ @2\ B1/ G1/
8x8Trax_7163224 Red Panda vs. Traxplayer : @0/ @1/ @1/ @1/ C0+ D3+ C4+ @3+ B5\ B6+ F3\ F4\ G4\ D5+ A1\ A0\ H4+ C1/ B8/ H2+ G1/ E7/
8x8Trax_7171304 jaha vs. rogerrabbit : @0/ @1/ A0/ C2\ A3+ B4/ @3\ D3\ C1/ E3+ D4\
8x8Trax_7174618 medea83 vs. Linda Sue : @0/ A2+ @2\ A3\ B0/ C2/ @1\ A0\ A5/ A6/ @4\
8x8Trax_7174619 Linda Sue vs. medea83 : @0+ @1\ B0/ B0/ C2\ C3\ B4\ D3+ D4\ A0\ @1\ E1/ E6\ D0\
8x8Trax_7175330 TallPaul vs. * : @0/ A2\ B2+ A3\ C3/ B1/ A4+ A5/ @5/ B0/ @6/ @4+ F5\ G5/
8x8Trax_7175417 jaha vs. Traxplayer : @0/ @1/ A0/ @1+ B3+ @2\ @2\ @2\ B0/ A4+ A5\ G3+ D6+ H3\ H5+ F2/ C1/ E0+ D8\ H7/ C8+ H3/ G1+
8x8Trax_7177130 Rogue Trooper vs. Traxplayer : @0+ B1+ B2/ A0\ @1\ @1+ B3+ C0/ D1/ E2+ C0+ C0/ E2+ @4+ A6/ A7/ B2\ A1/ A8+ @1\ H3\ G6\ G7\ G8+ H6+ C8+ A6+
8x8Trax_7177131 Traxplayer vs. Rogue Trooper : @0/ @1/ B0/ @1/ A0+ A0/ D3+ @3/ A4/ E1/ E0/ F1/ A6/ @3+ E7+ G7+ @6+ E8+ D1\ C1+ B7+ G8+
8x8Trax_7177549 jazzbeth vs. ken : @0/ B1+ C1/
8x8Trax_7181073 dgb vs. Rogue Trooper : @0/ @1/ B0+ @2+ A0/ B4+ B5+ B1/ B6/ A6/ @1\ RESIGN
8x8Trax_7181407 Rogue Trooper vs. Traxplayer : @0+ B1+ A2\ B0/ C1/ D1+ C3+ E1/ E3\ RESIGN
8x8Trax_7181408 Traxplayer vs. Rogue Trooper : @0/ A0/ @1/ B0/ C1/ A3/ B4+ D4+ E3+ C5+ A0+ @2+
8x8Trax_7183887 Red Panda vs. * : @0/ @1/ @1/ B0+ @2/ A3/ C0/ C0/ @3\ A2\ F5\ E6+ G4/ G3/ G6\ F7/
8x8Trax_7185386 jaha vs. curlywolf : @0/ A0\ @2\
8x8Trax_7189229 Rogue Trooper vs. Traxplayer : @0+ B1+ A2\ A0\ @1\ @2\ B3+ C4+ C0+ D1/ D0/ E4+ F1+ D0/ G3/
8x8Trax_7189230 Traxplayer vs. Rogue Trooper : @0/ A0/ @2/ A0/ @3+ B0/ @4/ @4/ F4/ E1/ B2+ D0+
8x8Trax_7196827 JiffyJeff vs. Rogue Trooper : @0/ A0/ B2/ C2/ @1/ B0/ D4/ E3/ C2+ D1+ F3/ G3/ H2\ B4/ A3/ D0/ C6/ A1\ C0/ C0+ D1+
8x8Trax_7196969 Red Panda vs. ypercube : @0+ B1+ C1\ C2\ B3\ B4+ B5/ A5/ A6/ @3+ @6+ D7+ E7\ F7+ C0+ G6/ A8+
8x8Trax_7197071 * vs. ozallan : @0+ A0\ A3+ @2/ C1\ B0\ A0/ B0+ @5/ @5/ D7/
8x8Trax_7198633 jazzbeth vs. JiffyJeff : @0/ @1/ B2/ C2/ B3+ B0/ D3\ C2+ A3/ @3+ B0+ @1+ E1+ F1\ F3+ D0/ E7\ F6+ G5\ H5\ H7+ G8\ A1\ E1/ G3+ A5+ DRAW
8x8Trax_7199881 jaha vs. Chad : @0/ @1/ A0/ @1/ B0/ A0/ @2+ B0/ C1/ A5\ @2+ A4/ B6\ D0/ E1/ E0/ F1/ G2+ H4+ DRAW
8x8Trax_7200097 Thud vs. Traxplayer : @0+ B1+ A2\ B0/ @2/ @3\ @2/ @3\ @2/ C1+ RESIGN
8x8Trax_7210281 Thud vs. * : @0+ @1+ A2\ B0/ @2/ C4/ D3\ A1/ B0+ @5/ RESIGN
8x8Trax_7210377 Traxplayer vs. TallPaul : @0/ @1/ A0/ B3+ B4/ C3\ @1\ A4+ @3\
8x8Trax_7211229 JiffyJeff vs. Traxplayer : @0/ @1/ A0/ @1/ C3/ D3+ E3\ C4/ F3\ G3\ E2+ F5\ E6+ B6/ B7/ A5\ A4\ @7+ F1\ D7+ F7+ D1/ E0+ G1+ DRAW
8x8Trax_7212133 jaha vs. Rogue Trooper : @0/ A0/ B2/ A3/ C2+ C1/ B0/ B0/ A2+ D3/ E3+ D5+ C2+ @1/ E6/ G3/ G4+ F2+ G6\ H6/
8x8Trax_7218026 Chad vs. Traxplayer : @0/ @1/ @1/ @1/ A0/ @1/ E1\ B3/ A3/ D4+ A5+ B6/ @1+ B0\ A6+ @6\ G6+ E1/ C8/ A7+ H4+ F8+ A4+
8x8Trax_7218341 TallPaul vs. jazzbeth : @0/ @1/ C1/ C2/ C3+ D3\ A0+ B0+ B0/ B0/ D4+ E2+ A2+ @5\ F4+ G3+ A3+ @3/ C6/ G0+ H3/ C1+ A6+
8x8Trax_7218516 ypercube vs. Traxplayer : @0/ @1/ B2/ C2/ B3/ B0\ @2+ B3+ @2/ C1+ B0/ B0/ B0/ D8+ A6+ @6\ A4+ G6+ @4\ B3+ H5\ F3+ DRAW
8x8Trax_7225438 ypercube vs. Traxplayer : @0/ @1/ C1/ D1/ C0+ A3/ C4/ @2+ @3\ @3\ H4/ E0/ D5+ E6+ H3+ E7/ F0/ G1/ H3+ B2+ D8+
8x8Trax_7228660 ypercube vs. JiffyJeff : @0/ A0/ B2/ @2\ @2\ C3/ C4/ C5/ C6/ C7/ E7+ B8\ F7/ E1\ F8\ G8\ @4+ H5+ A1\ B1+
8x8Trax_7228954 ypercube vs. Traxplayer : @0/ @1+ A0/ @2\ B0/ C1/ B0/ D4+ A5\ B6/ A7\ C5+ A0+ @1\ A7+ @7\ E1+
8x8Trax_7229453 klaashaas vs. DavidJ : @0/ B1/ A0/ @1\ B0/ C2/ @3\ B4\ D5/ A5/ @5/ B6+ D7/ F4+ E7\ E8\ @5\ A4+ H4/ G7+ H6\ B2\ A2+ D7+ E8/
8x8Trax_7229454 DavidJ vs. klaashaas : @0/ @1/ B0/ A3+ B4/ C4+ A0\ @1\ C0/ D1/ E1/ C0+ E0/ F1/ @2\ A1\ @3/ A4/ A5/ D1+ H7\ H8\ B6+
8x8Trax_7229455 klaashaas vs. Red Panda : @0/ A0/ B1/ B3+ C3\ D3+ RESIGN
8x8Trax_7229456 Red Panda vs. klaashaas : @0+ A0+ A3+ A4+ A5+ A6+ A7+ A8+
8x8Trax_7229457 klaashaas vs. birdstoe : @0/ B1/ B0/ @1\ B0/ @3/ C4/ @2\ B1/ D0/ @3+ D1\ C0/ G6\ G7\ B1/ A6/ @6/ D7+
8x8Trax_7229458 birdstoe vs. klaashaas : @0+ A0+ A3/ A0/ A0/ A0/ @1/ A5\ C5\ D5\ A3\ @2/ B0\ A1\ @1\ B7/ A6/ B8\
8x8Trax_7229459 klaashaas vs. TallPaul : @0/ @1/ A2+ C2+ @2\ C0/ A4/ @3\ F2\ C4+ C5\ E4+ F0/ G4/ G5\ H5+ E6+
8x8Trax_7229460 TallPaul vs. klaashaas : @0/ B1/ A0+ A0/ @1/ A0/ @2/ B5+ @5+ @4/ B6+ F1/ G1/ E5+ G3\ H1/ F0+ B2+ B8+
8x8Trax_7229461 DavidJ vs. Red Panda : @0/ @1/ B0/ @1+ C0/ @3\ B0\ A1\ @3/ B5+ D5+ F1\ E0/ @6/ B7\ A3+ H2/ G1+ E7\ H7+ D8/
8x8Trax_7229462 Red Panda vs. DavidJ : @0/ B1\ B2\ C2+ B0+ D3+ @2\ A1\ @1\ A0\ A4/ B5+ C6/
8x8Trax_7229463 DavidJ vs. birdstoe : @0/ A2\ B1/ @1/ A0+ @2\ A1\ @2\ B3+ E0\ E4\ F4\ E0\ F4/ G4/ G0\ F1+ H2/ D2+ D1\ D0\ H2/ F1/ F0/ C2+ B4\ C1+
8x8Trax_7229464 birdstoe vs. DavidJ : @0+ @1+ C1+ @1\ A0\ @1+ A3\ @1+ A3/ B4\ @2\ H2+ A1+
8x8Trax_7229465 DavidJ vs. TallPaul : @0/ @1/ B0/ @1+ A0\ A0+ @1\ E1/ E0+ E5\ F4/
8x8Trax_7229466 TallPaul vs. DavidJ : @0/ B1\ A2+ A3\ B3\ C3+ A4+ C0/ D1/ A6/ @5+
8x8Trax_7236891 ozallan vs. ypercube : @0/ @1/ A2/ C2/ C1+ C0/ B1+ D3/ E2\ B4+
8x8Trax_7239299 Traxplayer vs. TallPaul : @0/ A0/ @1/ A2+ C2/ B0+ @2\ D2/ B0/ C5/ @3\ C0/ F3\ B6+ @4\ C3+ A6/ F2+ C7+
8x8Trax_7241356 jaha vs. Chad : @0/ @1/ A0/ A3\ C2/ B3\ B1+ D2/ E1\ A0/ @2+ D1+ B0\ B0+ G3\ H3+ F6+ G5/ E2+ E1/ D2+ H6+
8x8Trax_7243331 * vs. rogerrabbit : @0+ B1/ A2+ A0\ B0/ C3/ D3/ C4+ D1\ E3\ D0\ B1+ E2\ E5+ F3/ G2\ G0+ H4/ E0+ E0\ C1+
8x8Trax_7248063 ypercube vs. Traxplayer : @0/ @1/ B2/ C2/ B3/ B0\ B0\ B6+ @3+ B4+ C7/ D2+ E4+ F5+ A5\ C0/ A7/ @7/
8x8Trax_7248064 Traxplayer vs. ypercube : @0/ @1/ A0/ @1/ A0/ @2/ A0/ C5\ C6\ D6\ E6+ B6+ E7/ @5/ A6/ E3/ E2/ E1+ F1+ A1+ RESIGN
8x8Trax_7249747 Rogue Trooper vs. * : @0+ @1+ A2\ B0/ C1+ D2/ C3+ E2/ C4\ D5/ A4+ C0/ E0+ F4/ D8/ G4+ H5/ G2\ DRAW
8x8Trax_7249758 thebodywall vs. Rogue Trooper : @0/ A0/ B1/ B3/ @1+ C0/ C0+ D3+ D6\ E4/ B6/ D7+ A0\ @1\ G4/ G3/ G2/ G6\ @1+ H7/
8x8Trax_7249890 rogerrabbit vs. jazzbeth : @0+ A2+ @2+ A1+ B3/ A0\ C2\ @2/
8x8Trax_7252388 Traxplayer vs. Red Panda : @0/ @1/ A0/ @1/ A0/ @1/ A0/ @1/ A0/ @1/ B0/ A0+ @3/ @3+ C4+ C5/ C6/ E1\ F1\ G2+ F0/ G1/ F8/ H3\ B8/ A7+ A1\ H2/ RESIGN
8x8Trax_7254936 ypercube vs. jazzbeth : @0/ B1/ B2/ A0/ C2/ B4+ @1/ D1/ E2+ B4/ B5/ A2/ E5\ @2/ G4\
8x8Trax_7258387 medea83 vs. Linda Sue : @0/ B1+ A0/ C2\ A3/ @3/ C4\ B5\ A0\ C6+ @2\
8x8Trax_7258388 Linda Sue vs. medea83 : @0+ @1/ A0\ @2/ C3\ C4\ D3\ E3\ E4\ E1/ F1/ C0+
8x8Trax_7272960 ypercube vs. Traxplayer : @0/ @1/
8x8Trax_7273698 GornTC vs. JonathanT : @0/ @1/ B0+ @2/ B3/ B4+ A4\ @1\ A0\ @1\ @3+ A5+ B6+ G2+ D6\ @5+
8x8Trax_7273699 JonathanT vs. GornTC : @0+ @1/ C1/ C0/ C0+ A2+ @1/ A4\ B5/ E2+ @3+ C0+ A7/ @5+ E7\ B1\ F6\
8x8Trax_7274329 JiffyJeff vs. Rogue Trooper : @0/ A0/ A3/ A4/ @1/ @1/ B3+ D4+ E3\ A3/ D5+ C6\ A5/ @5/ @5/ B2\ C0\ B7+ C8/ F8\ G6\ @3\
8x8Trax_7274733 sam vs. JonathanT : @0/ A0/ @1+ C2+ C3/ @2+ B3/ C4\ D5\ E2\
8x8Trax_7274734 JonathanT vs. sam : @0/ A2\ B1/ @2\ B3+ @1\ C0+ C0+ A5/ A6/ @3/
8x8Trax_7277817 Traxplayer vs. * : @0/ A2/ @2/ C2+ A3/ A4+ @2+ D5\ E3+ C0/ D7+ A0\ @4\ F2/ F1/ G5/ C7+ F7+ B8\ A7/ @6+ A2+ A1+ DRAW
8x8Trax_7287120 kidgame2001 vs. Rogue Trooper : @0/ A0/ B1\ A3+ @2/ C3\ D2\ C4+
8x8Trax_7288682 jaha vs. JiffyJeff : @0/ A0/ B2/ @2\ B0+ D3/ E3+ B4/ D2/ RESIGN
8x8Trax_7288777 Traxplayer vs. dgb : @0/ @1+ @1\ A0\ @1\ D0+ @3/ A4/ D0+ C0+ F3/ F2/ D6\ E7/ G4\ G5+ @4\ A3+ A1\ G8+ E1+
8x8Trax_7291593 rogerrabbit vs. * : @0+ @1+ B2/ B0/ B0/ @4/ C5/ B6\ D5+ B7\ A5/ A7\ @7\ A5+ F5\ F8+ G6/ @4/ H4/ H3+ C3\ D2+
8x8Trax_7291690 ken vs. jazzbeth : @0+ B1+ @1+ @1+ @1+ @1+ @1+ @1+
8x8Trax_7300933 Chad vs. dgb : @0/ @1/ @1/ B0+ A0/ A0/ D3\ @3+ C5+ C6/ B7\ E2+ A0\ @3+ @3/ C7+ B5+ F2/ F1/ B7+ A5+ @5/ A6+ G7+ B8/ A8/
8x8Trax_7301272 * vs. Red Panda : @0+ B1+ A0/ A3/ C1\ D1\ @3+ E3\ F2\
8x8Trax_7303547 Traxplayer vs. Dania59 : @0/ B1/ B0\ A3+ C2+ C1+ B4\ D3+ E3\ E4\ F4\ F5\ G5\ G6\ H3+ F2\ D1/ B0\ H2+
8x8Trax_7306334 JiffyJeff vs. * : @0/ A2/ @2\ C1+ C0+ @3\ C4+ A4/ @4/ C5+ F1\ G2/ C6\ E6/ F5\ C7\ F0+ G6\ H6+ H7\ DRAW
8x8Trax_7306430 TallPaul vs. jaha : @0/ A0/ B1+ @2\ A1+ D2/ C0/ C0/ A5\ @4+ C1+ B1\ A2+ C0+
8x8Trax_7309764 sam vs. Didier : @0/ A2\ B2\ B1+ C2/ C3\ D3\ B3+ B0/ C1/ D3/ E3/ C0+ A2+ @4\ E3+ E6\
8x8Trax_7312898 Traxplayer vs. Didier : @0/ B1\ A2/ B2+ @2\ C3\ C4\ D2/ A3+
8x8Trax_7316447 Red Panda vs. Chad : @0/ @1/ A0/ @1/ A0/ A0+ A0\ @4+ C1\ B5/ @4\ C0+ C7/ A6+ @4/ F8+ G7/ @3+ B1\ G3+ H3/ H2/ C8+ H5+ B8+ A5+
8x8Trax_7316965 ypercube vs. Traxplayer : @0/ @1/ B2/ C2/ C3/ D3/ D4/ E4/ E5/ F5/ E6/ B0\ E4/ F5/ C2/ D1\ B4+ G7/ G5/ D7/ G8+ H5/ F4/ E2+ C8/ A4\ B5+ B8+ E1/ F2/ G3+ H2/ F1/
8x8Trax_7318980 jazzbeth vs. rogerrabbit : @0/ A0/ B2/ A3+ C3/ B4/ D3+ C2+ C1/ D1/ A0/ @3/ @2+ D0+ A1+ @3/ B5+ B6\ E0/ H5+ D8+
8x8Trax_7324793 jaha vs. Chad : @0/ @1/ A0/ @1/ A0/ A0/ @2+ B0/ C1/ C0/ D1/ D0/ E4+ F7+ A0+ @4+ G4+ B8+ F1+ A8\ @8+ A7\
8x8Trax_7325017 Daddy MBA vs. * : @0+ @1+ B2/ B0/ C3/ A4\ @4/ A5/ E4/ D5+ A6/ A2+ @2\ C1\ C0\ @4+ B0/ @5/ F2/ RESIGN
8x8Trax_7325100 jazzbeth vs. Red Panda : @0/ A0/ B2/ B3+ @1/ @1/ E3\ D4/ F2\ A0\ @1\ B0\ E3/ E0+ F3+ C6+ E8/ G7+
8x8Trax_7342090 Rogue Trooper vs. jazzbeth : @0+ B1/ A2/ @2/ A0/ @2\ B4/ B5+ B0+ @4/ B6+ F2\ D1+ B1\ A0/ G3+ F5+ E6\ D8/ G5\ G7+ @1+ H1+ DRAW
8x8Trax_7350726 * vs. 1926 : @0+ A0+ A0+ B3/ @1/ C1+ C0/ D3\ E4/ F2+ E5\ F5\ G3/ D0\ G1/ H1/ F0/
8x8Trax_7352907 Red Panda vs. jaha : @0+ A0/ A3\ B3\ B4\ C1+ D2+ B5\ C0/ D2/ E6+ D7\ E2/ RESIGN
8x8Trax_7367713 * vs. Rogue Trooper : @0/ A0/ B1+ A3+ @3\ D3+ C4/ C5/ C6/ A5+ @4/ E7\ F7/
8x8Trax_7372618 * vs. Dania59 : @0+ @1+ A2\ A0\ C3/ B4\ @3\ A0/ A5/ RESIGN
8x8Trax_7372745 rogerrabbit vs. Rogue Trooper : @0+ B1+ A2\ B0/ C1+ D1\ C3+ B4/ B5+ D4+ B6+ E5\ C6+ C7/ A6\ @6\ B7+ A2/ @4\ A6+ A2+ B1/ C0\ E1/ G4+ @6/
8x8Trax_7372953 jazzbeth vs. Daddy MBA : @0/ B1\ A2/ A3/ A4+ B4+ A5/ A6/ @5\ C6\ B7/ B8/ D1+ D4\ E2+ F3/ @5\ E6\ F5+ B2+ A1/ @4+ H1+ F7+ A1/ A6/ G7\ H7+ F8/ H4+ H5+ A8\ H8\
8x8Trax_7376018 jaha vs. JiffyJeff : @0/ @1/ A0/ @1/ B0/ A0/ @2+ C1+ A0+ @2/ D6/ E3/ @3\ B4+ @3\ @2/ B5+ C6/
8x8Trax_7383354 TallPaul vs. Rogue Trooper : @0/ A0/ B1/ C1/ B3+ D1+ A0+ @3/ @3/ @2+ A0+ A0/ @3+ D7+ A5+ A6/ D8\ G2+ H2+ F8+
8x8Trax_7383385 * vs. rogerrabbit : @0+ A0+ A3+ A0/ B1/ B0/ C1/ C0/ A0+ @3/ E2/ A5\ B8+
8x8Trax_7384675 ken vs. Traxplayer : @0+ B1+ @1+ @1+ @1+ @1+ @1+ @1+
8x8Trax_7400610 Red Panda vs. Rogue Trooper : @0+ @1+ C1/ D1/ C2+ D0+ C0/ D5/ B0\ A3+ B5/ D7/ E3\ A7/ @5/
8x8Trax_7400625 * vs. TallPaul : @0+ B1+ A0/ B3+ C2\ B4\ A3/ C1+ D4/ E4+ @3+ @3\ @2/ A1\ B0+ E1+ B0/ H5+ D7/ B6+ C0\ G4/ F2\
8x8Trax_7402507 Morticia vs. JiffyJeff : @0/ @1/ A2+ @2+ C3\ D2/ B3+ @2+ @2/ D0\ C1\ A2/ B1\ A4/ C0+ B6+ F2\ G1/ G0/ G5\ H4/
8x8Trax_7404631 ypercube vs. Red Panda : @0/ A0/ B2/ B3/ @2/ A0+ @2\ C0\ C0\ @4\ A3\ @5/ C6+ @4+ B6/ B7/ F0\ G1+ @6\ E8/ DRAW
8x8Trax_7405433 Chad vs. Rogue Trooper : @0/ A0/ A0/ @3/ B0\ B0/ C1/ C0/ B0+ A1\ @5+
8x8Trax_7406079 Megababe vs. 1926 : @0/ A2\ B2\ B3+ C3/ B4+ B1+ D2/ D1/ C0\ B0/ E3/ A1\ @2\ B0/
8x8Trax_7413278 Morticia vs. JiffyJeff : @0+ @1\ B2+ C2\ D2/ D1/ D0+ E3\ E4\ D0/ F3+ E1+ D5/ E6\ C6+ @3\ C7/ B5+ H4/ H2+
8x8Trax_7413944 TallPaul vs. Rogue Trooper : @0/ A0/ @2/ B0/ @3/ A0+ @4+ @4/ @4+ B3+ A1/ D5/ G3+ G6\ H4/ D7+ D8+ B6+ E8+ C8/ B8\ A6+ DRAW
8x8Trax_7414016 Traxplayer vs. JiffyJeff : @0/ @1/ A0/ B3/ C2\ C1+ @2\ E1\ C4\ D3+ A3+ E2\ C5\ F2+ @2+ E0\ D0/ D0/ B4\ C3+ F2+ G2/ H2/ F7\ G6+ G8\ H7+ B7+ A7/ A8/ H5\
8x8Trax_7423520 * vs. rogerrabbit : @0+ A0+ A0+ A4/ A0+ @4\ C5/ B6/ C7+ D4\ @3\ A2\ @2\ A1\ A4/ @2+ C0\ C6+ D8+
8x8Trax_7429156 1926 vs. jazzbeth : @0+ B1+ A0/ B3\ C2/ A0/ @2\ E4\ D5/ E1/ F2/ D0/
8x8Trax_7439174 Rogue Trooper vs. JiffyJeff : @0+ @1+ A2\ A0\ @1\ D2+ D1+ C0/ C5/ @2+ E5\ D6/ F3/ B6/ C7\ A5+ @2/ D0+ A5/ @5/ C2+ G7\ B1/ A3+ A1/ D8/ DRAW
8x8Trax_7439191 jazzbeth vs. * : @0/ B1+ C1/ C0/ C0+ B0/ B0/ A4+ D1/ C0/
8x8Trax_7441843 Penguin123 vs. robertst : @0/ B1\ @1/ B2\
8x8Trax_7443123 Red Panda vs. jazzbeth : @0+ A2/ A0\ @2/ C1\ D2/ E1\ @1+ C4/ D0\ F0+ G3\ E0/ B7/ D0+ C2/ H3+ B2\ D7+ B4+ H2+ G1+ G8\ H1/ H7\
8x8Trax_7455387 Traxplayer vs. * : @0/ A2+ A3/ @3/ @3+ B1+ @2+ @1/ C0+ E1/ E0+ F2/
8x8Trax_7455520 scret vs. rogerrabbit : @0/ A2\ B2\ B3+ @2+ A1+ @2+ B4/ A4\
8x8Trax_7456493 Morticia vs. JiffyJeff : @0/ B1/ @1\ A0\ B1+ B3+ C4/ D4+ E3+ B0/ B0/ @1\ A0\ A5/ A6\
8x8Trax_7460362 Red Panda vs. Rogue Trooper : @0/ A0/ A3/ A4/ B2+ @1+ A0\ A0\ @2/ A6+ @1\ A0\ E3+ F2+ E8\ F8\ G2/ G1/ F4+ F6+
8x8Trax_7462435 soon2be vs. scret : @0+ B1+ B0\ B3\ A3+ C2+ A4+ @4\
8x8Trax_7464100 robertst vs. scret : @0/ A0/ B1/ B3/ @2/ A0/ A4\ B1+ D3/ C5+ D2/ C0+ E5/ A6/ @5\ C7+ F3/ D0+
8x8Trax_7465801 scret vs. sam : @0/ B1\ B2\ A2+ C2/ D2/ E2/ A3/ B4/ @3\ E3\ B0/ B0/ C0\ A3+ @5\ E3+
8x8Trax_7465802 scret vs. sam : @0/ B1\ B2\ C2\ D2+ D3+ E2+ E3\ B3/ A3/ D4+
8x8Trax_7466413 sam vs. scret : @0/ A0/ A3/ B3/ A4/ @1/ B5+ A5\ A6/ @5/
8x8Trax_7467539 JiffyJeff vs. Traxplayer : @0/ @1/ B2/ C2/ A0/ @1/ D4/ E3/ B0/ @2/ G4/ G6+ H4/ D6/ F7+ F8/ D7+ C8\ D2+ A3+ B8\ C5\ G3+ B6+ A4+ A6+ G2+ F1+ DRAW
8x8Trax_7467882 Traxplayer vs. thebodywall : @0/ B1\ A2/ @2/ A3+ A4\ C4+ @4/ A5\
8x8Trax_7471482 JiffyJeff vs. Rogue Trooper : @0/ A0/ A0/ @3/ @3\ A1\ B0/ @3+ B5+ E4\ D5+ D6\ E6\ F3+ @2/ H3+ B1/ B0/ C7/ G8/ H7\ G2+ F1+ DRAW
8x8Trax_7471500 * vs. 1926 : @0/ B1\ B2\ C2\ A0/ B0/ @2/ D1+ E3\ D0\ D0\ E2+ A3\ @3\ C6/ D7\ C1\ D0/ G2\ B2\ A2+ B1/ @2+
8x8Trax_7477606 jazzbeth vs. Daddy MBA : @0/ B1\ A2/ A3/ B3+ B4+ C3/
8x8Trax_7481600 rogerrabbit vs. * : @0+ @1+ B2/ A0+ A0/ B1/ B0/ C1/ @2/ E1/ B0+ E6\ B7\ F6/
8x8Trax_7502805 * vs. JiffyJeff : @0/ @1/ B0/ A3\ A4\ B4\ C2/ @2/ B0+ @1+ @2\ D0+ A1/ A0/ @3/ @2+ E8+ D8/ B6+ DRAW
8x8Trax_7507212 Morticia vs. JiffyJeff : @0/ @1/ B0+ C1+ B0+ @3+ @3\ F2+ C1+ @2/ B4+ @1+ D0+ D0\ F2+ B0+ H4+ H3+
8x8Trax_7507213 JiffyJeff vs. Morticia : @0/ @1/ C1/ @1\ A0\ B1+ B3+ C0+ E3/ A1+ @1\ A2+ G4\ F5/ G1/ H2\
8x8Trax_7521111 Rogue Trooper vs. jazzbeth : @0+ A2+ A3+ @2/ C2/ B4/ @2/ C0/ B2+ @3/ B1+ @1+ @2\ B0+ G6+ H6/ C7+ B5+ E8\ F7+ D1+ DRAW
8x8Trax_7521142 Rogue Trooper vs. Traxplayer : @0+ @1+ A2\ B0/ C1/ D1+ C3+ E1+ B0+ A1\ @2+ @3\ @2/ C4+ C5+ C0/ E0/ F1/ H3+ D8/ E8+ G7/ B2+ RESIGN
8x8Trax_7522300 Rogue Trooper vs. Traxplayer : @0+ @1+ A2+ @1+ A0\ @1\ D3\ @2\ E4\ F4\ B0+ @3/ A4/ @4+ C1/ H6\ E4/ D5+ D7+ C0/ F3+ F1+ G1/
8x8Trax_7523372 * vs. scret : @0/ A0/ @2/ @1/ B3+ B4/ A0+ D3+ E4/ F3\ G4/ A4+ @3/ C0\ F3+ E1/ RESIGN
8x8Trax_7523419 Morticia vs. JiffyJeff : @0/ @1/ B0+ C1+ A0\ @1\ C1+ E2+ B4+ D3+ B5+ D5\ E4/ A3+ @3\ A1+ C0\ D7+ A5/ @3/ @4\ A5+
8x8Trax_7525360 1926 vs. robertst : @0+ @1+ B2/ A0\ B4/ @2+ B0\ @3+ D6\ E5/ E4/ B4+ A4/ E6\ F6\ C6/ C7/ B6/ A1\ B0/ @4+
8x8Trax_7527835 scret vs. Red Panda : @0/ A0/ A0/ A0/ @1/ A0/ @1/ A0/ A0/ @1/ @1/ F6\ G4\ E3/ C4+ G2/ H2+ E8\ F8\ C5+ G6\ B5\ A4/ H6\ G1+ D2+ B6/ C8/ B3+ B8/ A8/ A6/ H1/
8x8Trax_7532569 JiffyJeff vs. scret : @0/ @1/ C1/ C2/ A0/ @1/ A0/ @2/ E5/ F5/ F6/ G5/ @1+ A0\ A4/ D1/ D0+ E4/ B5\
8x8Trax_7548345 Red Panda vs. scret : @0/ A0/ A3/ B3/ A4/ C3+ C2+ @1+ @2\ @4+ B5/ E0/ F2+ E0/ G3\ @5\ E2+ C8/ B8/ A7/ G7+ G1/ E8+ DRAW
8x8Trax_7549483 tjader vs. * : @0/ A2+ @2\ A3/ @2\ B0+ D3\ @2/ A0\ @1\ E5+ G4\ E6/ G2/ @1+ G1\
8x8Trax_7555446 Morticia vs. JiffyJeff : @0/ @1/ B0+ C1+ A3/ @2/ D3\ D4\ E2+ B4/ A4/ D5/
8x8Trax_7561785 Rogue Trooper vs. TallPaul : @0+ @1+ B0/ C2\ D2\ D3\ D4+ E1+ B0/ C0\ E0+ F3\ A3+ F6\ G4\
8x8Trax_7561809 Penguin123 vs. * : @0+ @1+ C1/ @1+ C2/ B0\ C1+ E2/ D3+ A0/
8x8Trax_7568818 dgb vs. Rogue Trooper : @0/ A0/ @2+ B0+ @1/ C0+ D2\ A3+ @3/ A4/ E5\ RESIGN
8x8Trax_7574899 JiffyJeff vs. Elvis : @0/ B1\ A2/
8x8Trax_7576990 TallPaul vs. scret : @0/ @1/ B0+ @1/ B3+ D2/ A3/ A4/ C4+ @3+
8x8Trax_7578140 Rogue Trooper vs. Traxplayer : @0+ B1+ A2\ B0/ C1/ D1+ C3+ B4+ C5/ D4+ E4\ F3+ B0+ A1\ A0\ @4+ H5/ H6\ H7\ F8+ F3/ F2/ D1/
8x8Trax_7578141 Traxplayer vs. Rogue Trooper : @0/ A0/ @2/ A0/ C2+ C1+ @2\ E2/ F1\ D4+ B0/ A2+ @2\ H3/ D6+ B5+ F5+ F6\ C0/ E1/ E0/ G7/
8x8Trax_7579568 sam vs. Elvis : @0/ A2+ A0\ @1\ C3\
8x8Trax_7588122 jazzbeth vs. TallPaul : @0/ @1/ B2/ A2/ @1/ B3/ D3/ B0+ B0+ A1+ B0+ @3+ D2/ E2\
8x8Trax_7589682 JiffyJeff vs. Rogue Trooper : @0/ A0/ @1/ B0/ @1/ A0/ @1/ C1/ A0\ @1\ C0+ E3/ C0+ F2/ F1/ F7\ RESIGN
8x8Trax_7595196 skcorky vs. skzoey : @0/ A2\ @2\ @2\ B3+ C0+ C0+ B6+ B1+ B7+ B0/ D3+ @4/
8x8Trax_7618088 jazzbeth vs. Penguin123 : @0/ @1\ A0/
8x8Trax_7618126 rogerrabbit vs. robertst : @0+ B1/
8x8Trax_7619057 * vs. jazzbeth : @0/ @1/ A2+ A3/ A4/ B3+ @1/ @4\ C5/ E4+ A2\ A0+ E3+ F4/ D7+ @3\ E8+ @5+ A7+ DRAW
8x8Trax_7635812 jazzbeth vs. Rogue Trooper : @0/ A0/ B2/ B3/ C3/ B4+ D4/ A4/ B5/ C5+ E5/ B1/ C1/ D2+ E3/ @4/ @4/ A5/ B6+ C0\ B3+ D0+
8x8Trax_7644789 jazzbeth vs. robertst : @0/ B1\ A2/ @2+ @1/ B3/ B4/ D2\ D3/
8x8Trax_7644841 TallPaul vs. Rogue Trooper : @0/ A0/ @2+ @1/ D1/ A0+ B0+ E2\ @2\ A1\ A0+ @2\
8x8Trax_7645488 Rogue Trooper vs. Traxplayer : @0+ B1+ A2+ @1+ B3+ A0/ A0/ @2+ @1/ C0+ E2/ E1/ F3+ A0\ @1\ C0/ D1/ H3/ H2/ D8\ F8\ C7+ A5+ E1/ F2/ F1/ DRAW
8x8Trax_7655194 Traxplayer vs. ypercube : @0/ @1/ A0/ @1/ A0/ D3/ @2\ B0/ D5\ D6+ B5/ B0/ C1/ @4\ E3+ F2+ B1\ D0+ G3+ A2+ @5+ A6/ H4+ C7/ F1+ B1+ DRAW
8x8Trax_7656295 * vs. Rogue Trooper : @0/ A0/ B1+ B0+ @3+ B4+ A1\ @3\ @2/ F2/ F3+ B1+ E0+ E0+ E7/ F1\ G3+ G1/ RESIGN
8x8Trax_7670205 TallPaul vs. Rogue Trooper : @0/ A0/ @1+ A0\ @2/ B4+ @2/ @2/ @3\ E0\ D6+ G1/ F0+ G5\ G6+ H4/
8x8Trax_7670217 * vs. rogerrabbit : @0/ A0/ @2+ C1+ D1+ B0/ C4\ D4\ E4+ C5+ @1+ D0\ E7/ F3/ G5/ G6/ B5+ C7+ H4/ H3/ A5+ G2+ H5+
8x8Trax_7673090 robertst vs. Penguin123 : @0/ A0/ B1+ @2/ D2\ D1/ C3\
8x8Trax_7675709 jazzbeth vs. JiffyJeff : @0/ @1/ B2/ B0\ @2/ B3/ D1+ E1/ D0\ D3\ F2+ C5+ E4/ B6\ C7/ E5\ D7+ E7+ E8/ A7+ G4+ G5+ H4/ G6+ A8/ F7+ H5+ C1\ B2+ F1/ G1/ H1/ DRAW
8x8Trax_7685302 * vs. TallPaul : @0/ A0/ @2+ B0+ @2/ D1/ D2+ C4/ E3/ F3/ D0/ D0+ A2\ @2+ @2/ A3/ G7+ C1\ RESIGN
8x8Trax_7685749 JiffyJeff vs. Traxplayer : @0/ @1/ C1/ D1/ C0\ C3\ B4+ @3\ A1+ @1\ B5\ @2/ A3/ A0\ @2+ E1+ RESIGN
8x8Trax_7693902 thebodywall vs. ypercube : @0+ B1+ A0+ @2+ C1+ D2+ C3/ C0/ B5\ C6/ D5+ E4\ A6+ @6\ D7\ G4+ H4/ H2+
8x8Trax_7703357 * vs. robertst : @0/ B1\ B2\ C1/ B0/
8x8Trax_7712280 Traxplayer vs. NetKissa aka Knit This : @0/ B1/ A2\ B0+ @2+ C0+ D2+ C4+ C5\ D5\ D6\ E6\ B6/ E1/ A5\
8x8Trax_7712281 NetKissa aka Knit This vs. Traxplayer : @0+ B1+ B2/ B0/ C2+ B4\ C3+ D3\ C4\ C5\ D5\ A5/ D2/ B6/
8x8Trax_7712282 Traxplayer vs. dgb : @0/ A0/ @1/ B0+ C3/ @2\ B0/ B0/ D2\ A1+ D0/ E3\ A1\ D0+ RESIGN
8x8Trax_7712283 dgb vs. Traxplayer : @0/ @1/ B0+ @1/ A0/ B4\ D2\ E2\ C1/ E4+ B0+ @2+ B1\ G3+ B5+ C6+ E7\ F7\ D8/ RESIGN
8x8Trax_7712284 Traxplayer vs. skcorky : @0/ A2\ B2\ B1+ B3/ A3+ C2+ C3+ @2+ A1+ B0+ C1+ @3\ @2\ A1\ B0\ B0\ A1\ @1\ A5/ @1\ C6\
8x8Trax_7712285 skcorky vs. Traxplayer : @0/ @1/ A2+ C1+ D1\ B0\ E2/ E1/ D1\ B0/
8x8Trax_7712288 NetKissa aka Knit This vs. skcorky : @0+ A0+ A0+ @2\ C2\ A3+ B0+ B0\ A1\ @3/ B0+ A3\ @3\ B2\ E4/ F4/ A5/ @4/ E7+ A2\ @4/ A5/ E0+
8x8Trax_7712289 skcorky vs. NetKissa aka Knit This : @0+ B1\ B2\ @1+ C3+ D2+ D3\ E2+ B0\ D1/ D0/ E2\
8x8Trax_7712290 dgb vs. skcorky : @0+ @1+ @1/ D1+ A2\ E1+ D0+ F2+ A1\ @1\ D3/ D1+ C0/
8x8Trax_7712291 skcorky vs. dgb : @0/ A0/ B1+ A3+ C2/ @2\ E3\ E4\ D4+ F4+ F5\ F1/ D0/
8x8Trax_7713248 robertst vs. rogerrabbit : @0/ @1/ B0/ B3\ C2/ A4/ A5+ @3/
8x8Trax_7713250 * vs. jazzbeth : @0/ @1/ A2+ A3/ A4/ B3+ @2\ @4+ @4/ B5\ A2/ B1+ E5+ E6/ F4/
8x8Trax_7714935 jazzbeth vs. Red Panda : @0/ A0/ B2/ B3/ @2+ B0/ B0+ D5\ D6\ D3/ E5+ B5/
8x8Trax_7715682 1926 vs. * : @0+ @1+ C1\ @1+ D2/ D3+ E2/ E4/ F3\ E0/ F1/ G3\ F5+ G5\ E6/ F7+ H6\ H7\ G8/ H8\ C4/ C7/ D8/ B7\
8x8Trax_7718388 Rogue Trooper vs. Red Panda : @0+ B1+ A2\ B0/ C1/ D1+ C3+ E3+ F2/ E1+ B0+ A1\ @2+ H3\ H4\ B5/ A5/ E5+ D5+
8x8Trax_7720759 JiffyJeff vs. Traxplayer : @0/ @1/ @1/ @1/ D2/ D0/ D0\ E4+ B1\ F3/ E1+ B0\ C0+ F1/ D0\ D0+ G4+ G5\ C8+ A5+ @8\ G1+ DRAW
8x8Trax_7720760 Traxplayer vs. JiffyJeff : @0/ A0/ @1/ C1\ D1\ E1\ E0+ @2/ E0+ C1+ C5/ E0+ F5\ G5\ G6\ G7+ H6\ G8+
8x8Trax_7726499 jazzbeth vs. * : @0/ A2+ B1/ A3+ C1+ B0+ A0/ @1+ D5\ E5\ C6+ E4/ F4/ E2\ B0/ @4/ A5/ E0+ F2\ @6/ B7/ H7\ B2\ D1+
8x8Trax_7728830 JiffyJeff vs. Traxplayer : @0/ @1/ A0/ @2/ A0/ @3/ D4/ E4/ C1+ C0/ C0/ D1+ A6+ B7/ E4+ D8/ C8+
8x8Trax_7739024 jazzbeth vs. rogerrabbit : @0/ @1/ B2/ A0\ @2/ @2/ B3/ B1+ @1+ A3\ B4/ F1/ C0/ G2+ C0/ B2+ F2+ @6+ D7+ G6+ G8+ H8\ D8/ A7+ A8/ H6/ H1\ A2/ A1\
8x8Trax_7739063 1926 vs. robertst : @0+ @1\ B2+ A0\ A0+ @2\ D3\ A4/ @3\ C5+ E1/ F2/ D0/
8x8Trax_7740822 Rogue Trooper vs. * : @0+ B1+ A2\ B0/ C1/ D1+ C3+ E1+ B0+ A1\ @2+ B0+ F5\ E6/ G4+ D7+ @2\ A1\ A0\ F3/ F2/ D1+ C7+ A5+ DRAW
8x8Trax_7744351 dgb vs. Traxplayer : @0/ @1/ B0+ @2+ A0/ B4\ D2\ @2+ B0/ @1+ B0\ @3\ A1/ E1\ G2/ H2+ F1/
8x8Trax_7757906 Rogue Trooper vs. JiffyJeff : @0+ A2/ @2\ B0/ B0+ A1+ B0/ C3\ C2+ C5\ B6/ @4+ E2+ F3/ F4+ A2\ @2\ C1+ A3/ @3/ C6/ D7+ H5+ A1/ A0+
8x8Trax_7780082 TallPaul vs. * : @0/ A2+ B1+ C1\ C3\ D1\ A3/ A4/ B4+ @4+ A5/ @2\ A1\ C0/ E1+ @4/ A5+ D0/ A1\ @4+
8x8Trax_7790937 robertst vs. rogerrabbit : @0/ B1\ B2\ C2\ @1\ C0\ B3/ D4\ A1+ @2+ @2/ B1\ A4/ C0+
8x8Trax_7790938 1926 vs. jazzbeth : @0/ @1/ A2+ A3/ @3/ D1+ E2/ E3+ B4/ @3+ C0/ @4+ H4\ H5\
8x8Trax_7792961 * vs. dgb : @0/ A0/ B1/ C2+ A3/ D1\ E2/ D3+ E4/ B5/ A0+ @4+ E7/ F6+ @3/ D7+ C0+
8x8Trax_7797372 JiffyJeff vs. Traxplayer : @0/ @1/ B2/ C1/ @1/ C0+ B3/ @1\ RESIGN
8x8Trax_7802765 Red Panda vs. Rogue Trooper : @0/ A0/ B2/ A3+ A4/ @4+ @4\ @4\ F2/ E4+ D5+ @3\ D2+ E0/ G2+ B2+ A3\ C1\ C0\ @4\ A3+ D7+ B7+ B8/ A8/ E8\ A1+ G2/ G1+ H1/ H7\ H8+
8x8Trax_7803768 jazzbeth vs. * : @0/ A2+ B1/ A3+ A0+ @1\ C4+ B5+ C5+ B6+ D4\ A4\ @1+ B0+ A1+ C8+
8x8Trax_7808123 Penguin123 vs. jazzbeth : @0/ @1/
8x8Trax_7819312 * vs. Rogue Trooper : @0+ B1+ A2\ B0/ @2/ A1/ A0/ @2+ @3\ E5/ F5+ F6\ B5+ B6/ B7+ A6/
8x8Trax_7826122 JiffyJeff vs. Traxplayer : @0/ A0+ @1/ A0/ C2\ D2\ A0/ @2+ B4/ B0\ @2/ @3\ E6/ H5+ F7\ B1+ C6/ B6/ F2+ H4/ H3/ F1/ RESIGN
8x8Trax_7829116 Rogue Trooper vs. JiffyJeff : @0+ A2/ @2\ A1\ C2/ @1/ A0+ C4+ D5/ E5+ C1+ D6/ F5/ B5/ A5/ A6/ C7/
8x8Trax_7841013 thebodywall vs. Traxplayer : @0+ B1+ B0\ A3/ @3/ @3+ B1+ @3+ A1\ A0\ D5+ E5\ E6\ F3+ D7/ C7/ B7/ @4+ H4/ E1/ A0/ H3+
8x8Trax_7850313 JiffyJeff vs. Traxplayer : @0/ @1/ A0/ @2/ B3+ A0\ @3/ D1/ RESIGN
8x8Trax_7853409 Rogue Trooper vs. Traxplayer : @0/ @1/ B0/ @1+ C0/ D1/ A0+ @1\ @1\ B0/ F1+ A0\ @1\ H6+ H7\ C6+ C0+ D1/ H3+ H2+ A6+ H1+ C8+ B8+ A8/ E2/ G1+ E1/
8x8Trax_7854463 1926 vs. robertst : @0+ @1+ A2+ C1+ D1/ D0/ D0/ D4\ E4/
8x8Trax_7869571 Rogue Trooper vs. Traxplayer : @0+ B1+ A2\ B0/ @2/ A4+ D1/ A1/ A0/ E2+ D4+ F2+ E1/ C5+ B0/ C1/ E1/ E0/ C1+ G1/ G0+ H3+
8x8Trax_7883611 * Sassy_Angel * vs. blackangus : @0/ @1/ @1\ C2\ D1+ B3\ A0\ D3+ E3\ E4\ B5\ E6\ F5/ A5\ G5\ D7\ G6/
8x8Trax_7884009 Rogue Trooper vs. Traxplayer : @0+ B1+ A2\ A0\ @1\ @1+ B3+ C4+ C0+ D1/ D0/ E4+ F3+ G2+ C7/ C8/ D7+ @4\ B7+ H3\ H4\ H5\ B2+ C1+ G6\ A7\ DRAW
8x8Trax_7886984 jazzbeth vs. TallPaul : @0/ @1/ B2/ @1+ @1/ D0/ A3/ @3+ B1+ @2/ C0+ F0+ G3/ A2\ @4+ B1+ F0/ A2+
8x8Trax_7894434 Rogue Trooper vs. jazzbeth : @0+ B1+ A2\ A0\ C2\ D3/ C1+ E2+ B0+ B5+ @1/ C0/ B1+ @3+ B5+ E2/ G1/ H4/ E0+ E0/
8x8Trax_7894445 * vs. Red Panda : @0/ A0/ B2/ B3/ C2/ B4/ C5+ D2+ E2\ F5+ F6\ F7+ G4\ C7/ D8/
8x8Trax_7897033 TallPaul vs. * : @0/ A2+ @2/ B0/ A2+ @3/ C4+ D2+ @3+ D0+ @4+ D6+ A3\ A2\ D0/ C1+ A1\ C0+
8x8Trax_7902897 JiffyJeff vs. Traxplayer : @0/ @1+ @1\ B0/ C3/ A0\ @2/ D1/ RESIGN
8x8Trax_7905699 JiffyJeff vs. Traxplayer : @0/ @1/ A0/ @2/ B0+ @3+ A4/ @4/ @4+ E0/ E0/ F1/ F6+ E7+ G5+ G4/ G3+ H5\ H2+
8x8Trax_7908279 Penguin123 vs. robertst : @0/ B1\ A2/ @2+ C2+ @1\ C3/ B0\
8x8Trax_7909619 Rogue Trooper vs. 1926 : @0+ @1+ A2\ A0\ @1\ D2/ B0+ C2/ D2/ D1/ B0\ E4/ @1\ B0/ A5/ @4/ C6/
8x8Trax_7910081 JiffyJeff vs. Traxplayer : @0/ @1/ @1/ @1/ A0/ A3/ B4+ E2/ E1/ F1/ @3+ F0+
8x8Trax_7915404 Rogue Trooper vs. rogerrabbit : @0+ @1\ A0\ A0/ B4+ @2\ @3+ A4/ @4/ D5+ F2\ E1+ E0/ D1+ B2+ G2+ F0+ G0\ H1+
8x8Trax_7915811 dgb vs. Traxplayer : @0+ B1+ B0+ C1+ D1\ D2\ @2\ E3+ F1/ D0/ D5+ E0/ F2+ G2/ G1/ H1/ E0+ C3\ C2\ C0\ B2+ A2\ A1\ B3/ F1+ RESIGN
8x8Trax_7922776 JiffyJeff vs. Traxplayer : @0/ @1/ C1/ D1/ D2/ A0+ C0+ E2\ C4/ F1/ RESIGN
8x8Trax_7924514 Rogue Trooper vs. Traxplayer : @0+ B1+ A2\ B0/ C1/ D1+ C3+ B4+ B0+ A1\ B0/ E4+ D6+ @4+ C0/ @4+ F3+ G2+ C7+ B7/ H7\ H8+ A7+ C8\ RESIGN
8x8Trax_7926314 Rogue Trooper vs. Traxplayer : @0+ B1+ A2\ B0/ C1/ B0\ A1\ @2+ C5/ E2+ A5/ C6/ @4+ @4\ E0+ E0+ A4+ C2+ D1+ @6\ A7+ B8/ DRAW
8x8Trax_7931841 Rogue Trooper vs. Traxplayer : @0+ B1/ B0\ C2/ @2/ B3/ C3+ E2+ A1\ @1\ B3/ B0+ D1+ C5+ F1/ F0/ E6+ G4+ H2+ C1+ F0/ F0/ A3/ A2/ DRAW
8x8Trax_7931859 Rogue Trooper vs. Traxplayer : @0+ A0+ A3+ A0/ B1/ C1+ @2/ E1\ C4/ C0\ A2+ @4\ A1/ E4\ C6+ A5/ @3/ @1+ D0\ C0/ B7+ G1+ DRAW
8x8Trax_7945532 robertst vs. TallPaul : @0/ @1/ A2+ C1+ B0/ C4\ D4\ B0/ E5/ E4/ C0/ D3\ E4+ @5\
8x8Trax_7948885 SnugglyBear vs. DarkHoney : @0+ @1/ B2\ C1\ C2+ C3/
8x8Trax_7949675 Rogue Trooper vs. Traxplayer : @0+ B1+ A2\ B0/ C1/ D2/ B0+ A1\ A0\ @4+ RESIGN
8x8Trax_7949875 SnugglyBear vs. DarkHoney : @0+ @1\ B0/ B0/ B4\ C4\ D3\ D0/ C6\ E1\
8x8Trax_7949876 SnugglyBear vs. DarkHoney : @0+ @1/ B2\ C1\ C2+ B3\
8x8Trax_7955275 dgb vs. ypercube : @0/ @1/ B0+ C1+ B3/ B4+ @2\ B4\ D4\ E4+ C5+ F4\ G4\ C0\ B0/ D8+ A3+ @5/ A6/ A7/ C8+ H7/ H8/ G8+ H5+ DRAW
8x8Trax_7955276 ypercube vs. dgb : @0/ A0/ B2/ A3+ @1/ D2\ B4\ B0+ C6/ A5+ A0/ @1+ A4\ B8+ A8/ @4+ RESIGN
8x8Trax_7957901 DarkHoney vs. SnugglyBear : @0/ A2\ B1/ B0/ C2\ D2/ B3\
8x8Trax_7959975 Rogue Trooper vs. Traxplayer : @0+ B1+ B2/ B0/ C1/ D1/ B0+ RESIGN
8x8Trax_7963878 dgb vs. Traxplayer : @0/ @1/ A0/ @1/ B0/ B4+ D3\ C5/ C6/ A5\ D6+ E3+ F3\ RESIGN
8x8Trax_7968912 SnugglyBear vs. DarkHoney : @0/ B1\ A2\
8x8Trax_7968936 SnugglyBear vs. DarkHoney : @0/ B1\ B2\ A2+ C2\ D1/ B0\ E3\ @3/ E4\
8x8Trax_7973843 WONRHAF vs. DavidJ : @0/ A2/ @1\ B0/ @3/ A4/ D3\ C4/ A5/ E1/ E0/ F3+ C1/ E0/ C7+ @7/ E7\ B8+
8x8Trax_7973844 DavidJ vs. WONRHAF : @0/ A2+ B1+ B3\ C3\ C1/ D2+
8x8Trax_7973851 DavidJ vs. Red Panda : @0/ A0/ @2+ A3+ A4/ @4/ @4+ B5+ B1\ B0\ A0/ D7\ C8/ E5+
8x8Trax_7973852 Red Panda vs. DavidJ : @0/ B1\ A2/ @2+ A3+ B0/ D2+ @1+ A0\ A0+ @1\ E1/ C0\ D0+ E1/ @2/ G2+ H3/ B6\ G7+ C8+
8x8Trax_7973853 DavidJ vs. golfnutrof : @0/ A0/ @2+ B0+ C2/ @3/ A2+ @2\ E4\ F4\ C0/ @3\ A0+ @3/ D6+ G7+ E7+ D7/ B0/ C7+ F2/ G2/ H2+ G1+ DRAW
8x8Trax_7973854 golfnutrof vs. DavidJ : @0/ A2\ B1/ B0+ B0\ C2\ C4+ @3/ @2+ B5/ A5/ @3\ G3/ @4+ D6+ D0+ A7+ E0/ F1/ G3+ H7/ B2\ C1+ A3/
8x8Trax_7973855 DavidJ vs. TallPaul : @0/ A2/ B2\ B3\ C3+ A3/ C4/ @3+ A4/ A5/ A6+ @4+ E6\ F4/ E7/
8x8Trax_7973856 TallPaul vs. DavidJ : @0/ B1\ B2+ B0\ C3/ B4/ A4/ @4/ D0/ E1/ A1\ B0/
8x8Trax_7973863 dgb vs. klaashaas : @0+ @1/ C1/ B2\ D1/ RESIGN
8x8Trax_7973864 klaashaas vs. dgb : @0/ A0/ @2/ @1+ A0\ A0+ RESIGN
8x8Trax_7973871 klaashaas vs. sallyp : @0/ A2\ B1/ @1/ B0+ @1+ A0\ C1/ B0\ B6/ A6/ @4\ E6/ F5\ D7+ F3/ G6/ D8/ @5+ B7+ A2\ G2/ B1\
8x8Trax_7973872 sallyp vs. klaashaas : @0+ @1/ @1\ B0/ D2/ E1\ B3+ E3\ C4/ F3/
8x8Trax_7973873 klaashaas vs. tjader : @0/ A2+ @1/ B0+ B0/ @4/ C5/ A3+ C6\ D5+ A1/ D1+ E5\ E6\ E1\ C7/ D3+
8x8Trax_7973874 tjader vs. klaashaas : @0+ @1\ @1/ C2/ C0+ D2/
8x8Trax_7973875 klaashaas vs. Jools : @0+ B1\ B2\ B3+ C3\ C2+ D1\ B0+ E2\ C0+ F5\
8x8Trax_7973876 Jools vs. klaashaas : @0/ B1/ A0+ C1\ A3/ @2+
8x8Trax_7987938 Penguin123 vs. ypercube : @0/ @1/ B2/ C2/ A2/ D2/ C1/ C0/ D2/ E2/ D4/ A0+ C5/ @2+
8x8Trax_7989875 Rogue Trooper vs. Traxplayer : @0+ B1+ A2\ A0\ @1\ @2\ B3+ C4+ B5\ A4+ @4/ @2+ E0+ F2/ G2/ G1/ D0/ C2/ H4\ G5+ H5+ G6+ D0/ B3+
8x8Trax_8002763 Rogue Trooper vs. Traxplayer : @0+ B1+ A2\ B0/ C1/ D1+ C3+ B4+ C5/ D4+ E1\ F1\ B0+ A1\ A0\ @2\ H4+
8x8Trax_8002764 Traxplayer vs. Rogue Trooper : @0/ A2+ A3/ B1/ C2/ B3+ D3+ B0+ @3\ E2/ F3\ E1/ F1/ G2\
8x8Trax_8002813 Rogue Trooper vs. JiffyJeff : @0+ @1/ B0+ C2\ A3/ D3/ C1+ E2+ B4+ C0+ A2\ @2\ A1\ B0\ A4+ @4/ C0+ A2+ C0+ H6\ G8+ H7+ F2/ D1+ F1/ H5/ H1/ B1\ B8+ A2\ A1+ H8\
8x8Trax_8002934 JiffyJeff vs. Traxplayer : @0/ @1/ @1/ @1/ A0/ A3/ @3/ A4/ @1+ C0/ D6+ @1/ D0/ @3\ G3+ E0+ F1/ B5+ H3\ G1/ H1/ B8+ A8/
8x8Trax_8009106 jazzbeth vs. TallPaul : @0/ @1/ B2/ A2+ C1\ C2+ C3/ D2/ B0/ A4/ A0\ @3/ E1/ @5/ G1\
8x8Trax_8019539 Rogue Trooper vs. Traxplayer : @0+ B1+ A2\ A0\ B1+ @2+ D2/ B0+ B0/ B0/ A2+ E4\ D6+ C7+ A6+ F5+ E7+ @6\ A2/ @6\ F3+ C7/ G1/ C8/ H3/
8x8Trax_8025599 jazzbeth vs. * : @0/ A2+ B1/ A3+ A0+ A5+ @2+ A3/ @3\ A1+ D0/ E3/ E5\ F6/ D7/ C8\ B7+ A5+ B1+ A7/ @5/ G3\ H4/ H2+ G1+ H1/ DRAW
8x8Trax_8029049 Rogue Trooper vs. Traxplayer : @0+ B1+ A2\ A0\ C3/ D2\ C1+ @2+ C0+ F2+ F1/ G2\ F4+ H3+ E5+ E6/
8x8Trax_8030379 robertst vs. Penguin123 : @0/ A2/ A3\ @2/ C2\
8x8Trax_8030428 1926 vs. ypercube : @0+ B1+ A0/ B3\ B0\ B5/ A5/ C4\ C1/ D5/ B0/
8x8Trax_8030913 Rogue Trooper vs. Traxplayer : @0+ B1+ A2\ A0\ @1\ @1+ B3+ C4+ C0+ D1/ D0/ E1/ C7/ A6+ @6/ G1/ F0+
8x8Trax_8032338 Rogue Trooper vs. Traxplayer : @0+ B1+ A2\ B0/ C1/ D2/ C3+ B4+ B0+ A2\ @2\ A1\ C0/ F4+ E6+ @3+ F1/ D0/ H7\ B0\ A3+ E1/ F1/ G3/ H5+ C8+ B8/ A1\ A8/ H1+
8x8Trax_8034773 Rogue Trooper vs. Traxplayer : @0+ B1+ A2\ B0/ C1/ D2/ C3+ B4+ B0+ A1\ A0\ @4+ @3/ B0/ A0+ @4+ E1+ F1/ G2+ C7/ C8+ A7/ RESIGN
8x8Trax_8040528 ypercube vs. rogerrabbit : @0/ @1/ B2/ B3/ B0/ A0/ @1+ A0+ @1\ A3+ C0\ D1+ E5+ B6\ @6/ C7+ A2\ @5/ C0+ B8/ A8/
8x8Trax_8041767 Rogue Trooper vs. Traxplayer : @0+ B1+ A2\ B0/ C1/ D2+ A1+ C0/ A0+ A0/ @4/ E1/ F3/
8x8Trax_8048845 Rogue Trooper vs. 1926 : @0+ @1+ A2\ B0/ C1/ D2/ C3+ @2/ A4/ @3\ E4\ D5\ G2+ G1/ D0+ C1\ H2/ H1/ D0/ A1\ B0+ B8/ A8/ E1\ F2+
8x8Trax_8048863 * vs. TallPaul : @0/ @1/ B0/ @2/ B0+ @3/ A0+ @1\ B5+ @4+ A5/ A6+ @5/
8x8Trax_8053446 * vs. JiffyJeff : @0/ @1/ @1/ @1/ C0+ C3\ C4+ D4\ E1\ @3\ E5\ G4\ A5+ D6/
8x8Trax_8054644 Rogue Trooper vs. Traxplayer : @0+ B1+ B0+ C1+ B0+ B4\ D2+ C3+ C5/ C1/ C6/ D6\ D7\ E7+ E2/ F4+ D8/ B7+ B8+ A6+ F7\ G5/ H6+ H7\ F8+ F1\ A8+
8x8Trax_8056043 jazzbeth vs. Red Panda : @0/ A0/ B2/ B3/ C3/ C4/ D4/ D5/ E5/ D6+ F6/ E7/ F5/ C7\ G6+ C8/ B6/ A4+ D3/ B1/ C1/ E3/ E2/ @5\ H4+ F1/ H1+
8x8Trax_8059703 Rogue Trooper vs. Traxplayer : @0+ B1+ A2\ B0/ C1/ D2/ C3+ B4+ C5/ E3+ E4\ D5+ @2/ @3\ B1+ E0/ F1/ C0+ C7+ H4\ B1/ C8/ E8+
8x8Trax_8060690 Rogue Trooper vs. Traxplayer : @0+ B1+ A2\ A0\ A0+ @3+ D4/ D5+ B5+ B0/ D3+ E3/ D1+ F4\ E5+ G3/ F2\ B7/ A7/ @7+ B8/
8x8Trax_8061491 SnugglyBear vs. DarkHoney : @0/ B1\ A2/ B2+ B0/ C1+ @2\ B1+ D2+ A1\ E1\
8x8Trax_8068882 ypercube vs. robertst : @0/ B1\ B2\ A0/ A0/ @2+ C0\ C0/ D4+
8x8Trax_8070776 jazzbeth vs. TallPaul : @0/ A0/ B2/ @1+ @1/ B3\ @2+ B0/ F4/ C0+ A2+ A1\ B0+ E2/ E1/ C0\ E8+ A8+ F5+ G8+ @4/ H5\ DRAW
8x8Trax_8070787 dgb vs. Traxplayer : @0+ B1/ @1/ B0/ B3+ @3\ B1+ B4/ B5/ C4+ B0+ @2+ A1\ B0+ B0/ E4+ D1+ E3+ F3\ F2+ G2/ RESIGN
8x8Trax_8077767 Rogue Trooper vs. Traxplayer : @0+ B1+ A2+ @1+ @1/ E1\ E2\ A2/ A3+ E4\ F3/ D0/ F5\ G5\ G3+ @4\ H6+ E7+ B6+ G8\ H8+ E8/ C1+ A8+ A1+
8x8Trax_8079787 DarkHoney vs. SnugglyBear : @0/ @1\ A0\ B1+ @2\ C0\ @3/ B2\ A4\
8x8Trax_8080829 Rogue Trooper vs. Traxplayer : @0+ @1+ B2/ B0/ C1/ D2/ B0+ A1\ A0\ @4+ C6+ @1+ @3/ A4/ D6+ @3+ C5+ G5+ F7/ H2/ H1/ F0+
8x8Trax_8080831 DarkHoney vs. SnugglyBear : @0/ A0\ @1/
8x8Trax_8080877 SnugglyBear vs. DarkHoney : @0/ A2\ B2\ @1/ D2/ D1/ C0/ D1/ D0/ B1/ E1\ @2/ F2+
8x8Trax_8080907 SnugglyBear vs. DarkHoney : @0/ A2\ B2\ C2\ @1\ A0+ B1+ B0/ B5/ A5/ C1/ E1\ E3/ F4+ C0\ D1/ B1+ D0\
8x8Trax_8082599 Red Panda vs. Rogue Trooper : @0/ A0/ B1/ C1/ D2+ A3+ A0+ @4\ F3/ E1+ G1+ G3+ E0+ G1/ C0\ A2+ G1+ F0+ H2\
8x8Trax_8082891 dgb vs. Traxplayer : @0/ @1/ B0+ B0/ B0/ A2+ A5+ @3+ D1/ D4+ C0+ @3+ D0+ C8/ B8/ A8/ F2\ RESIGN
8x8Trax_8086517 SnugglyBear vs. DarkHoney : @0/ B1\ B2\ C2/ A2/ B3\ C1/ C0/ A1\ @1+ @1/ A2/ @2/ F5\ G4/ H4+ F6/ E6/ E7/ G7+ D7\ D6\ D5\ C4/
8x8Trax_8088063 SnugglyBear vs. DarkHoney : @0/ B1\ B2\ B3\ A0\ @2+ D2/ @2+ E1\
8x8Trax_8089510 SnugglyBear vs. DarkHoney : @0/ A2\ B1/ C1/ A3/ @3/ B0\ A1\ A5/ @1/ A2/ @1/ E5\ E6\ D6+ @1\ A0\ A0\ B4+ B5/ A4/ @3\ A4+ A5+ C6+ A1+ D2\ E2+ C8/ B6/ B8+ A8/ D1/ F1+
8x8Trax_8089585 PrinNini vs. birddog856 : @0+ A0/ A3\ B1/ B0/ C3\ D2\ D0\ D4+ D5\ C6\ E5/ D6+ D7/
8x8Trax_8092672 sam vs. birddog856 : @0/ @1/ @1/ C0\ D2/ D3/ D0/ E1/ B1\ A0/ B0\ E6\ E7\ F4+
8x8Trax_8093877 rogerrabbit vs. Rogue Trooper : @0/ B1+ @1\ B0/ D1\ B0/ D4\ E4\ A2+ E1/ C0+ F4+
8x8Trax_8095464 JiffyJeff vs. birddog856 : @0/ A0/ A0/ @1+ @2+ A4\ @2+ A4/ B5\ @3+ D4+ D6/ D7/ F3\ F4\ G4\ F5\ H1/ F0\ B2/ E8+ F7\ G8/ A2+ DRAW
8x8Trax_8096947 DarkHoney vs. SnugglyBear : @0/ @1\ A0/
8x8Trax_8097024 SnugglyBear vs. DarkHoney : @0/ B1\ B2\ A2+ C1/ C0/ C4\ D3/ A1\ @1+ @1/ B2/ F2/ F1/ D0/ D0+ E1\ E0+ B3+ D1\ A3+ A6\ F3/ B7\ E8\ A1\ G3+ @7/ B8+ A8/ A3\ A2+ H7+ G8\ D8+ H2+
8x8Trax_8097472 Rogue Trooper vs. Traxplayer : @0+ B1+ A2\ A0\ @1\ @1+ B3+ C4+ C5/ A4+ @4/ D6/ E5+ @6/ C7+ D8/ G6+ A3+ @3/ B1\ A1+ H2\ G7+ F8+ DRAW
8x8Trax_8101998 SnugglyBear vs. DarkHoney : @0/ A2\ B1/ B2+ B3\ C3\ @1\ A0\ B1+ A0+ @1/
8x8Trax_8102058 PrinNini vs. birddog856 : @0+ A0/ A3\ B1/ C2/ B0\ C2+ C5/ D2/ E2/ A1\ @1/
8x8Trax_8102059 wldndn vs. birddog856 : @0/ @1/ B0+ A3\ A0\ @2/ D3/ E2\ C4+ E1+ F4\ C0+
8x8Trax_8102799 brew vs. birddog856 : @0+ A0/ B1+ B3+ A0\ @2\
8x8Trax_8103299 SnugglyBear vs. DarkHoney : @0/ A2/ @1\ A0\ @3/ A4/ D3\ D4+ D5/ C5/ B6/ A6/ A7/ B8/ @7\ A6\ @6\ @7\ B5/
8x8Trax_8107233 ypercube vs. Rogue Trooper : @0+ B1+ B2\ C2\ B3\ D2+ C0\ C4+ C5\ D5\ E5+ C6/ B6/ A5+
8x8Trax_8107511 sam vs. birddog856 : @0+ A0\ B1/ A0/
8x8Trax_8107930 DarkHoney vs. SnugglyBear : @0/ @1\ B0+ B0\ A1\ @2\ A1\ B0\ D1\ A1+ @1\ B5/ A5/ C6\ D6\ E5\ E6+ E7/
8x8Trax_8108355 sam vs. birddog856 : @0+ A2/ A0\ @1\ @2+ B0/ @4/ A5/ E2\ F3/ F4/ C5\ A6/ G2\ G1/ F0+
8x8Trax_8109087 DarkHoney vs. SnugglyBear : @0/ A2\ B1+ C1\ C2\ B3\ A4/ @4\
8x8Trax_8109205 EU BNL frisian3 vs. birddog856 : @0/ @1/ B0+ A3\ B0+ A5+ @5/ A3+ C0+ A2\ @3/ E1\
8x8Trax_8110512 DarkHoney vs. SnugglyBear : @0/ B1\ B2\ A2+ C2/ A3\ B3\ D3\ D4\ D1/ E2\ E4/ D5/ C4+ C5+ B4+ B5+ D6\ E6\ A5/ @5+ @5\ A4\ @4\ A3\ F0\ E1+ G0+ E1+ D1+ F8+ C2\ B3\ E8+
8x8Trax_8111945 robertst vs. Penguin123 : @0+ A0/ B2+ C2/ B3/
8x8Trax_8112036 Didier vs. Playoria : @0/ @1/ B0/ B0+ A0+ @1+ A0\ @2\ C1/ C0/ B1+ A5+ @4/ E7\ F7\ B7/ D8\ A6/
8x8Trax_8112553 Rogue Trooper vs. Traxplayer : @0+ B1+ A2\ B0/ A1+ C2+ @2/ @3\ @2/ A1+ B0+ C0+ E0+ F1/ G2+ E0+ G5+ E8\ F7\
8x8Trax_8112591 DarkHoney vs. SnugglyBear : @0/ A2\ A3\ B1\
8x8Trax_8115110 DarkIzeul vs. birddog856 : @0/ @1/ C1/ C2+ D2+ D3\ B3+ E3/ A4/ @4/ C4+ E4\ E5+ @4\ B3+ A2/ B1+ @3+
8x8Trax_8115168 DarkHoney vs. SnugglyBear : @0/ A2\ B1/ B0/ C2\ B3+ C3+ D2\
8x8Trax_8115234 DarkHoney vs. SnugglyBear : @0/ A2\ B1/ B0+ @1/ B0/ B5/ A4+ A5/ C4+ D1/ D0/ A7/ C1\ C0\ @1\ D8\ E6/ E5/ F3\
8x8Trax_8116857 * vs. Red Panda : @0/ A0/ A0/ A0/ @3+ C4+ D3+ C0+ C6\ D6\ @5\ @5\ G6+ E7+ H6/ C7/ E8/ B7/ B8/ A8/ B3+ DRAW
8x8Trax_8117522 DarkHoney vs. SnugglyBear : @0/ A2\ A3/ B1\
8x8Trax_8117574 DarkHoney vs. SnugglyBear : @0/ B1\ B2\ A2+ B3/ C3\ C2/ B4\
8x8Trax_8117940 birddog856 vs. Playoria : @0/ A0/ @1/ B0+ @2/ C4+ C5/ D1/ D5\ C6/ B4\ RESIGN
8x8Trax_8121126 winnergeri39 vs. birddog856 : @0/ A0/ @1+ @1\ A0/ B1+
8x8Trax_8121900 JiffyJeff vs. birddog856 : @0/ @1/ A0/ @1/ A0/ @1/ D4/ E3/ B0+ @2/ B3/ @1\ A0\ A4/ @2+ D5/ F2/ G2+ D1/ F6+
8x8Trax_8122609 sam vs. birddog856 : @0/ A0/ @1/ @1/ @1/ A0/ @2+ F3\ F4\ F1/ G3+ C3+ D4/ D1+
8x8Trax_8123712 Red Panda vs. birddog856 : @0/ A0/ @1/ A0/ @1/ D2\ C4/ B0/ A0+ @2\ B0/ E4/ F3\ A5/ C6+ @5\
8x8Trax_8124470 JiffyJeff vs. birddog856 : @0/ A0/ B2/ B3/ A0/ @2+ B0/ C1/ C0/ D1/ D0/ E2/ B0+ @1+ G4+ G2+ H5/ A7/ C8/ H2+ H1+ G1\ A8+
8x8Trax_8124666 birddog856 vs. JiffyJeff : @0+ @1+ C1\ C2\ D2/ @1+ F2+ F3\ D3+ D4/ A2+ C0+ @3\ C6+ B6+ C7+ A1/ @5+ D0/
8x8Trax_8126814 EU BNL frisian3 vs. Traxplayer : @0/ @1/ B0+ @2+ B0/ B4\ @1\ C0+ B5+ E4\ E5\ E6\ F6/ E7+ B6/ @2+ G4/ G3/ H3/ H2/ F1/ H1/ B6/
8x8Trax_8126815 Traxplayer vs. EU BNL frisian3 : @0/ B1\ A2/ @2+ B0+ @3+ C4\ D4\ C5\ @3\ F4+ F5\ C5/ D6\ C0/ B2\ A6/ @5/ C7/
8x8Trax_8126818 hoot vs. Traxplayer : @0/ @1/ @1/ @1/ A0/ A3/ @1\ A0\ E5\ F5\ B6/ A6/ @5/ G7\ H6/ B0/ C1/ E3+ H5/ E2+
8x8Trax_8126819 Traxplayer vs. hoot : @0/ B1\ A2/ B0\ @2+ D1/ D0/ E3\ E4\ D0/ E6/ F1/ D6\
8x8Trax_8126820 dgb vs. Traxplayer : @0/ @1/ B0+ @1/ A0/ B4+ D3\ E3\ A4\ C5/ C6/ @4\ D1/ D7/ B5+ B0/ @6/ A7/ A2+ RESIGN
8x8Trax_8126821 Traxplayer vs. dgb : @0/ A0/ @1/ B0+ @2/ D2\ E2\ B3+ C4/ C5/ A4+ @3\ @3\ A0+ @4\ E7+ RESIGN
8x8Trax_8129843 DarkHoney vs. SnugglyBear : @0/ B1\ A2/ @2/ C2\ B3+ C3\ C4\ A4/ A5\
8x8Trax_8129878 DarkHoney vs. SnugglyBear : @0/ A2\ B1/ B2+ A0\ @1\ A2/ @1/
8x8Trax_8129879 SnugglyBear vs. DarkHoney : @0/ A0/ @2+ C2\ C3\ C4\ A0\ @2/ C0/ D1\
8x8Trax_8129880 DarkHoney vs. SnugglyBear : @0/ B1\ C1+ A2\
8x8Trax_8129881 SnugglyBear vs. DarkHoney : @0/ A2+ @1\ B0/ A1+ @2/ A3/ @2+ E1/ B1\ E0\ E0+ D2+
8x8Trax_8129882 DarkHoney vs. SnugglyBear : @0/ B1\ B2/
8x8Trax_8129883 SnugglyBear vs. DarkHoney : @0/ A2+ A0\ @1\ A2+ A3+ A0\ @1\ A0\ A5/ @5/ D0/ A4\ @6/ B2/
8x8Trax_8129973 Neat vs. birddog856 : @0/ A0/ B1/ B3/ C2/ B4/ A3/ A4+ B0/ @3/ D2/ B6/ A5\ D6\ D1+ E5\
8x8Trax_8129975 DarkHoney vs. SnugglyBear : @0/ A2\ B1/ B2+ C1\ C0/ C0\ D2\
8x8Trax_8130262 Rogue Trooper vs. Traxplayer : @0+ B1+ A2\ B0/ C1/ D1+ C3+ E1+ B0+ A1\ A0\ @4+ F5\ E6/ G4+ @4\ RESIGN
8x8Trax_8132160 DarkHoney vs. SnugglyBear : @0/ A2\ B1/ B2+ A0\ @1\ C0/ D2\ D1+ D0\ D0\ E5/
8x8Trax_8132161 SnugglyBear vs. DarkHoney : @0/ B1/ C1\ C2\ @1\ C2/ B0\
8x8Trax_8133267 DarkHoney vs. SnugglyBear : @0/ A2\ B1/ B0/ B3\ C3\ C2/ D2\
8x8Trax_8133268 SnugglyBear vs. DarkHoney : @0/ B1\ B2\ A2/ A3\
8x8Trax_8133269 DarkHoney vs. SnugglyBear : @0+ @1/ @1\ A0\ B1+ @2/ B3\ E3\ E4\ B0/ A1\ @2\
8x8Trax_8133270 SnugglyBear vs. DarkHoney : @0/ A2\ B2\ B1/ C2/
8x8Trax_8133362 Rogue Trooper vs. Traxplayer : @0+ B1+ @1/ D1\ A2/ C0/ A4/ E2/ C0/ B6+ C4+ F3\ F4\ D5+ E6+ F7/ RESIGN
8x8Trax_8133596 DarkHoney vs. SnugglyBear : @0/ B1\ B2\ A2+ B3+ C3/
8x8Trax_8133597 SnugglyBear vs. DarkHoney : @0/ @1/ B0\ A1\ @2/ @2\ A1/
8x8Trax_8133598 DarkHoney vs. SnugglyBear : @0/ B1\ A2/ @2/ D1\ D0/ E1/ A1\ B0+ @3\
8x8Trax_8133599 SnugglyBear vs. DarkHoney : @0/ @1/ A2\ A3/ @3/ A2+ C3\ B4/ C0/ D1\ D3/
8x8Trax_8133600 DarkHoney vs. SnugglyBear : @0/ B1\ B2\ A2+ C1/ C0/ D3\ D4\ D5\ C0\ B2+ E2/ F6\ E1\
8x8Trax_8133601 SnugglyBear vs. DarkHoney : @0/ A0\ @2\
8x8Trax_8135887 robertst vs. JiffyJeff : @0/ @1/ B0+ C1+ @1\ A0\ A4/ A5\ @4\
8x8Trax_8136037 sam vs. birddog856 : @0/ A0/ @2+ A0/ C3/ @2\ E3\ D4/ E2\ @2/ A3/ @3/ B4/ A1\ A0+ @3\
8x8Trax_8136523 DarkHoney vs. SnugglyBear : @0/ B1\ B2\ A2+ B3/ C3\ B4/ C2+ C4\ C5+ B5/ B6\ B7/ A6\ A7+ C6+ C7+ D6/
8x8Trax_8136538 Ms LaTaya vs. SnugglyBear : @0/ B1\ @1\ B2\
8x8Trax_8137175 ladylove vs. birddog856 : @0+ A2/ A3/ A0/ A0/ B5/ A0/ A7\ @3/ C3+
8x8Trax_8137583 DarkHoney vs. SnugglyBear : @0/ B1\ B2+ B3/ @1\ B3\
8x8Trax_8137584 SnugglyBear vs. DarkHoney : @0/ @1/ A2/ @1\ A0\ @3/ A4/ @4\ C4\ A1/ C5/
8x8Trax_8138019 andy99 vs. birddog856 : @0/ A0/ @2/ A0/ B1+ C1/ C0/ C4\ B5/ D2\
8x8Trax_8138847 * Sassy_Angel * vs. REBEL DJ : @0/ A2\ B2\ @1/ C1/ D1/ D2+ E2+ E3\ A0\ @2/ E0/ F1/ G3\ A5/ D6/ @4/
8x8Trax_8138848 REBEL DJ vs. * Sassy_Angel * : @0+ B1\ B2\ A0/ C3+ B4/ D1/ D0/ D4\ E4\ @2/ D1\ D0\ B6+ @4/ A5+ B2\ A1/ @2\ B6+ E7/ F7+ C7/ D8\ G6+ B7+ A5/ C8/ H2\ A8+ H3+ G8\ H8+
8x8Trax_8138896 Ms LaTaya vs. SnugglyBear : @0+ B1\ C1/ B0\ A3\ D2\ B3+ D3/
8x8Trax_8138897 SnugglyBear vs. Ms LaTaya : @0/ @1+ B0\ A1+ @1/
8x8Trax_8138898 Ms LaTaya vs. SnugglyBear : @0+ @1\ A2\ A0/ @1\ B0/ C1\ D3/
8x8Trax_8138899 SnugglyBear vs. Ms LaTaya : @0/ A0+ @2\ B0+ B0\ A1/ A2+
8x8Trax_8139017 Ms LaTaya vs. SnugglyBear : @0+ B1\ B0/ C2\ A3+ @3\
8x8Trax_8139018 SnugglyBear vs. Ms LaTaya : @0/ A0\ @2\
8x8Trax_8139019 Ms LaTaya vs. SnugglyBear : @0+ @1/ @1\ A0\ @1/ C1/ D3+ C0\
8x8Trax_8139020 SnugglyBear vs. Ms LaTaya : @0/ A0\ @2\
8x8Trax_8139021 Ms LaTaya vs. SnugglyBear : @0+ B1\ B0/ C2+ D2/ D1/ A3+ @3\
8x8Trax_8139022 SnugglyBear vs. Ms LaTaya : @0/ A2\ B2\ B3/ B4\ B5/ C3\
8x8Trax_8141212 1926 vs. Rogue Trooper : @0+ B1+ @1/ B2+ D1/ D0/ B1+ E2+ E3\ E4+ F3/ @3\ @2/ H1+ F0+ C1\ C0\ A6+ C7/ G2+ H6\ H7\
8x8Trax_8141230 * vs. ypercube : @0/ @1/ B2/ C2/ B0+ @2/ B0/ D1/ B0/ B5+ D4/
8x8Trax_8141728 Ms LaTaya vs. SnugglyBear : @0+ @1/ A2\ B2+ A0\ C3/
8x8Trax_8141729 SnugglyBear vs. Ms LaTaya : @0/ A2\ B2\ B3+ C2/ B1+ A0\ A0/ @2/
8x8Trax_8141730 Ms LaTaya vs. SnugglyBear : @0+ B1/ B0\ A3/ @3\ A2\ C0/ A2/
8x8Trax_8141731 SnugglyBear vs. Ms LaTaya : @0/ B1\ B2\ A0\ @1/
8x8Trax_8141732 Ms LaTaya vs. SnugglyBear : @0+ B1\ B0/ C2\ A3/ C1/ @3\ E2/
8x8Trax_8141733 SnugglyBear vs. Ms LaTaya : @0/ B1+ @1\ A2/ B0\
8x8Trax_8142240 SnugglyBear vs. Ms LaTaya : @0/ B1\ B2\ A2+ @2/ D2/ D1/ A3\ C3/
8x8Trax_8142241 Ms LaTaya vs. SnugglyBear : @0+ @1\ @1/ A2/ C2+ A0\ A0/ @3\
8x8Trax_8142242 SnugglyBear vs. Ms LaTaya : @0+ B1+ A0\ B1/ A0\ C3/ C4\ D3\
8x8Trax_8142243 Ms LaTaya vs. SnugglyBear : @0+ B1/ B2\ C1/ A0+ @1/
8x8Trax_8142244 SnugglyBear vs. Ms LaTaya : @0/ B1\ A2/ B2+ A3\ @2\ D2\ D1/ D3/
8x8Trax_8142245 Ms LaTaya vs. SnugglyBear : @0+ B1/ C1\ C2\ B2+ C3/ D3\ C4/ B4\ A3\
8x8Trax_8144124 Lady Mac vs. birddog856 : @0/ A0/ @2/ A0/ B1+ C1/ C0\ C4\ @3/ E3/
8x8Trax_8144364 ypercube vs. jazzbeth : @0/ @1/ B2/ C2/ B0/ C1/ A0/ C1/ D2+ C5\ A5+ B6\ B7\ C6\ D6\ E3+ C7+
8x8Trax_8144666 SnugglyBear vs. Ms LaTaya : @0/ A2\ B2\ B3\ @1\ A3\ A0/
8x8Trax_8144792 SnugglyBear vs. birddog856 : @0/ @1/ A0/ @1/ B0\ B4\ C4+ D3/ C2/ D1\ C0+ B0/ E2/ E1/ E4\ D0+
8x8Trax_8145601 SnugglyBear vs. Ms LaTaya : @0/ B1\ A2/ B2\ A3\
8x8Trax_8148073 rogerrabbit vs. SnugglyBear : @0+ B1/ @1/ A2+ B0\ @3/ A2+ C0\ C0\ @5/ C6\ A3\ @5/ D7\ B8+ F5+ G2+ A3+ @6\ H7+ H4+
8x8Trax_8148756 dgb vs. Traxplayer : @0/ @1/ B0+ A0+ A4+ @3+ B0\ C6/ @1+ @3\ F6+ C6/ E7/ D0+ C1\ A5/ E2+
8x8Trax_8148907 SnugglyBear vs. DarkHoney : @0/ A2\ B1/ @1\ A0/
8x8Trax_8148908 DarkHoney vs. SnugglyBear : @0+ @1\ A2/ @2/ A3\ D1/ D0/ B4\ A2+ C3\
8x8Trax_8149106 SnugglyBear vs. Ms LaTaya : @0/ A2\ B2\ B3/ A3+ @3/ C4\ A4\ D3\
8x8Trax_8149716 SnugglyBear vs. Ms LaTaya : @0+ @1+ A2\ @1\ C0\
8x8Trax_8149901 DarkHoney vs. SnugglyBear : @0/ A2\ B1/ B0/ C2\ B3+ C3\ C4\ A4/ A5\
8x8Trax_8151178 dgb vs. ypercube : @0/ @1/ @1/ A0/ @2/ D3+ D1/ E1/ D4/ B0+ @1+ G2/ G0+ H5+ H6\ E7+ D0\ RESIGN
8x8Trax_8151183 Red Panda vs. jazzbeth : @0/ @1/ A0/ @2+ B0/ C1/ A0\ @3/ @2+ A1\ A0+ @3+ G5+ E6/ G1/ B0/ H3\
8x8Trax_8151239 DarkHoney vs. SnugglyBear : @0+ B1\ A2/ A3/ C1\ @2+
8x8Trax_8151240 SnugglyBear vs. DarkHoney : @0/ @1/ B0+ B3\ C3\ C1\ D3/
8x8Trax_8151369 sam vs. birddog856 : @0+ A0/ A3\ B3\ @2/ @3\ @2/ E4+ F4\ B1+ D0/ @5/ A6/ A2\ A7\ A1/
8x8Trax_8151985 SnugglyBear vs. Ms LaTaya : @0/ A0\ @1/
8x8Trax_8155014 Rednanny vs. birddog856 : @0/ A0/ B2/ @2\ C3+ C4/ D3\ A4/ @2/
8x8Trax_8155299 Tezcatlipoca vs. birddog856 : @0/ @1/ B0\ @2\ B1+ B0\ A2\ @2\ B1\ B0\ A1\ D1/ @1\ D0/
8x8Trax_8156001 DarkHoney vs. SnugglyBear : @0/ A0\ @2/ A1\ @2/ C3\ D3+ E3+ E4/ D2+ E2/ C0/ D2+ C5/ D1/ C6\
8x8Trax_8156002 SnugglyBear vs. DarkHoney : @0/ @1/ A2+ @1/ A0\ @2/ D4\ E4+ F4/ F3/ G3/ E5+ F2+
8x8Trax_8162156 DarkHoney vs. SnugglyBear : @0/ B1\ A2+ B2+ A3/ @3+ @3\ B1+ B0/ @2\ A1\ A0\ @1/ E1/ D0\ C1+ A3+ @2\ A1\ B0\ A1\ A4+ @2+ F1+ B0/ G3/ E1/ D8+ A6/
8x8Trax_8162157 SnugglyBear vs. DarkHoney : @0/ @1/ A2+ A3/ B0+ C1\ @2\ A1+ A4/ @2\ B5+ A5+ B6+ B0+ D1+ B0+ D1+
8x8Trax_8162500 birddog856 vs. Tezcatlipoca : @0/ B1\ A2/ @2+ @2\ B0+ B0/ D4+ D1/ E3\ D0\
8x8Trax_8162966 Rogue Trooper vs. Traxplayer : @0+ B1+ A2\ B0/ C3\ B4\
8x8Trax_8163834 birddog856 vs. Penguin123 : @0/ @1\ A0/
8x8Trax_8166400 jazzbeth vs. * : @0/ A2/ B1\ @2+ @1/ A0+ A4\ @4/ C5/ C6/ D4+ E6+ C7/ A1\ @2\ B5+ G5/ G4/ E0+ C1+
8x8Trax_8168682 gigino42 vs. SnugglyBear : @0+ @1+ A2\ B0/ A1+ @1\ B4\ B0+
8x8Trax_8168683 SnugglyBear vs. gigino42 : @0+ B1+ B2/ B0+ B0\ A2\ @2\ A1\ @1\ B0\ B0\ A2\ @2\ A1\ F5/ E0/ F1/ B0\ F5+ G3\ G7/ G8+ H8\
8x8Trax_8168684 gigino42 vs. dgb : @0+ B1+ A0/ B3\ @2+ B0\ A1\ A0\ @4+ A2+
8x8Trax_8168685 dgb vs. gigino42 : @0+ @1+ C1\ B2+ @1\ A0\ A3/ @2\ C4+ A1\ B0+ A4/ @5\ E2+ D6+ D7\ E7\ F5+ C0+
8x8Trax_8168686 gigino42 vs. birddog856 : @0+ A0\ B2+ B3/ @1\ @1+ @1\ B3/ A3/ D4/
8x8Trax_8168687 birddog856 vs. gigino42 : @0/ B1\ A2/ @2\ B3\ C2+ D2\ C3\ C4\ A3+ D3+
8x8Trax_8168688 SnugglyBear vs. dgb : @0+ B1+ B2/ B0/ A1+ C2+ A0/ @3+ C1/ E3+ E1/ E0/ C1+ F1+ @4/ A5/ B6/ @5+
8x8Trax_8168689 dgb vs. SnugglyBear : @0/ B1\ A2/ B2+ C2\ B3/ @1\ A0\ A4/ @3\ D5/
8x8Trax_8168690 SnugglyBear vs. birddog856 : @0+ A0/ A3\ B1/ C2/ B0\ C5\ D5\ C1+ C6+ D4+ A6/ @4\ B7\
8x8Trax_8168691 birddog856 vs. SnugglyBear : @0/ A2+ A3/ @3+ @3\ C0/ C0+ C0\ B1\ A4+ @4/ B0\ A3+ @4+ E1/ D0/ F2\
8x8Trax_8168692 dgb vs. birddog856 : @0+ A2/ A0\ @1\ A0\ @4+ A5/ @2\ E3\ F3\ C0\ B7/ A6/ @6/ A7/ @5\ A4+ G6+ E8+ A3\
8x8Trax_8168693 birddog856 vs. dgb : @0/ A0/ @1/ B0+ @2/ D2\ E2\ B3+ B4\ C5/ @3+ D6+ C6+ C7/ B4+ B0+ A2\ @3+ H3/ H2+ A1+ F5+ G5+ H4\ E1/ F8\ F1/
8x8Trax_8169722 SnugglyBear vs. DarkHoney : @0/ B1+ B2\ B0\ A4/ @3\ A0\ @1\ C0/ E3\ D1\
8x8Trax_8169723 DarkHoney vs. SnugglyBear : @0/ B1\ B2\ A2+ A3/ B4\ B5/ C4/
8x8Trax_8171964 rogerrabbit vs. birddog856 : @0+ A0\ @2+ B3\ A3+ C3/ A4/ A5/ C4+ @4+
8x8Trax_8172436 SnugglyBear vs. DarkHoney : @0/ A0/ @2+ A3+ @1\ A0\ A3+ A4+ @3+ A4+ A5/ B5\ B6/
8x8Trax_8172437 DarkHoney vs. SnugglyBear : @0/ B1\ A2/ @2/ D1/ C0\ D1+ E1/ D0/ D0/ E1/ B2+ F1/ F4\ G3/ E5/
8x8Trax_8172671 yetluther vs. birddog856 : @0/ A0/ @2\ B0\ A1\ A0\ C2\ @2+
8x8Trax_8172672 yetluther vs. birddog856 : @0+ A2+ A3+ A4/ @4+ C1\ A2+ @2\ B1\ B0\ A2\ E2\ B6+ E4\ A5+ F3\
8x8Trax_8172673 yetluther vs. birddog856 : @0+ @1\ B0\ B3\ @2\ A3/ B4/ @2/
8x8Trax_8172726 yetluther vs. birddog856 : @0+ @1+ A0/ A3/ B3+ @3\ B0+ A2+ @2+ E2/ D1+ D0/ E2/ F2/ E1/ G3\ G4\ G1/ H1/ E0/
8x8Trax_8172727 yetluther vs. birddog856 : @0/ @1/ B0\ @2\ B1+ B0\ A1\ A0\ A5+ @2+
8x8Trax_8172728 yetluther vs. birddog856 : @0/ A0/ B1\ A3\ B2+ C2\ B3\ B4\ C4\ @1\ A0\ A5/ @3+ F5+ C6\ F2/ G3+ F6/
8x8Trax_8172738 yetluther vs. birddog856 : @0/ A0/ @2/ @1+ @2\ C0+
8x8Trax_8172739 yetluther vs. birddog856 : @0+ B1+ C1/ C0/ B3/ D1+ C0/ E2+ A2\ D4\ E3+ C5/
8x8Trax_8172740 yetluther vs. birddog856 : @0/ B1\ A2/ A3/ A0/ C2/ @4\ A1\ B0/ B0/ A2\ D5\ E4+ E6\ F4/ E7/
8x8Trax_8174236 yetluther vs. birddog856 : @0/ @1/ A2/ B3/ @2+ B0/ C1+ D1\ A4/ @1\ F2/ A0/
8x8Trax_8174238 yetluther vs. birddog856 : @0/ B1\ A2/ A0/ A4/ C2/ @2/ @1/ A2+ B4+ E1+ E3\ C5+ F2\
8x8Trax_8174240 yetluther vs. birddog856 : @0+ @1+ A2+ B2+ A3/ @3\ A2+ B4\ C3+ D3\ C0\ D5/
8x8Trax_8174242 yetluther vs. birddog856 : @0+ A2+ A0/ A4+ A5\ B1/ C2/ C3\ D3+ @4\
8x8Trax_8174244 yetluther vs. birddog856 : @0/ @1/ B0/ @2+ A3\ D2+ B0/ @1/ D5/ C0/ @1+ B0+
8x8Trax_8174337 birddog856 vs. Rogue Trooper : @0/ A0/ B2/ B3/ C2/ D2/ D4+ E2/ F2+ F1/ B5/ A5\
8x8Trax_8174352 TallPaul vs. * : @0/ A2\ B1/ B0+ @2/ @2/ D3+ A4\ @2/ A0+ @1\ @2+ H2\ E5+ D0\ F0/ D8\ G2/
8x8Trax_8177927 dgb vs. birddog856 : @0/ @1/ @1/ A0+ B0+ D1\ B0+ B5/ D1+ C0+ C7\ D7\ D8+ A6+ @6/ E5+ F7+ F4\ G7\ G8\ B3+ A3\ A2\ @1/
8x8Trax_8177928 birddog856 vs. dgb : @0/ A0/ B2/ A3+ C2/ @2\ @2\ D1+ C0/ C0/ F3+ C0+ A4/ E2/ D1+ D0/ E1/ F1+ RESIGN
8x8Trax_8178828 yetluther vs. birddog856 : @0/ @1/ A2\ C1\ C2+ C3/
8x8Trax_8178829 yetluther vs. birddog856 : @0+ @1+ B2/ A0\ B1+ B0+ @1/ C0/
8x8Trax_8178830 yetluther vs. birddog856 : @0/ A2\ @1/ C1\
8x8Trax_8181371 yetluther vs. birddog856 :
8x8Trax_8181373 yetluther vs. birddog856 :
8x8Trax_8181376 yetluther vs. birddog856 :
8x8Trax_8181379 SnugglyBear vs. Ms LaTaya : @0/ A2/ A3\ B1\ B3/
8x8Trax_8181380 Ms LaTaya vs. SnugglyBear : @0+ @1\ A2/ @2/ C0/ A2\ A4/ @3\
8x8Trax_8181381 SnugglyBear vs. Ms LaTaya : @0/ B1\ B2\ A0\ @2\
8x8Trax_8181382 Ms LaTaya vs. SnugglyBear : @0+ B1+ A2\ B0/ A1\ A0/
8x8Trax_8185964 * vs. ypercube : @0/ @1/ A0/ C2/ @1\ B0/ D4\ E3/ B5\ A4+ D2/ F3\ F4\ G4\ E5/ @5\ E6+ B7+ H6+ G7+ H7+
8x8Trax_8186766 Granny Walrus vs. birddog856 : @0+ A0\ @1/ B3\ A0+ A0\ @2\ @2\ A1\ A0\ @1\ E1/ D0\ F4+
8x8Trax_8187787 SnugglyBear vs. DarkHoney : @0/ @1/ A2+ A0+ @1\ C4\ D3\
8x8Trax_8187788 DarkHoney vs. SnugglyBear : @0/ B1\ A2/ B2+ C2+ B3+ D2\ C3\ C4/ @2/ C4/
8x8Trax_8187813 SnugglyBear vs. Ms LaTaya : @0/ A2+ @1\ B0+ B0\ C3\ A1/
8x8Trax_8187814 Ms LaTaya vs. SnugglyBear : @0+ @1+ A0/ B3\ C3\ @2+ E2\ E3+ D4/ B3/ C4+ E1/ E0\ D1\
8x8Trax_8187815 SnugglyBear vs. Ms LaTaya : @0/ A2\ B2\ B3+ @2+ C4+ D3+ C5+ D2/ C1+ C0/ D5\ D1\
8x8Trax_8187816 Ms LaTaya vs. SnugglyBear : @0/ B1\ A2+ A3\ B0/ B4/
8x8Trax_8188979 Rogue Trooper vs. jazzbeth : @0+ B1/ B0\ C2/ B3/ C0+ C0\ D3+ D5\ B6+ @4/ @4/ A6+ B3/ @3\ C2+ @4/ A5+ A6/
8x8Trax_8189938 Rogue Trooper vs. Traxplayer : @0+ B1+ A2\ B0/ C1/ D1+ C3+ B4+ C5/ E3+ E4\ C6/ A5+ F3+ B0+ A1\ A0\ @4+ @3/ E1/ F1/ G2+ B6+ F7+ H4/ H2+ H1/ H7\ A6+
8x8Trax_8190488 TallPaul vs. robertst : @0/ A2\ B1/ B2+ A0+ @2\ D2+ @2/ A3/ B4/ A1\ @3/ D0\
8x8Trax_8192394 dgb vs. Traxplayer : @0/ @1/ B0+ @2/ C0+ A4+ @3+ @3/ @3/ B2+ E1+ F0/ F0/ C6+ E1\ D0/ @6+ D0+ @7+
8x8Trax_8197640 Penguin123 vs. jazzbeth : @0+ A2/ B2\ B3/
8x8Trax_8197830 birddog856 vs. * : @0/ A2/ B1\ @2+ A0/ @3+ A1\ B0+ @4+ B5+ A1\ B0/
8x8Trax_8197838 ypercube vs. Red Panda : @0/ A0/ B2/ B3/ @2/ A0+ @2\ C0\ B0/ @4\ A3\ @5/ C6+ B0+ A1\ @1+
8x8Trax_8200082 dgb vs. Traxplayer : @0/ @1/ @1/ D1/ A0\ @2/ A3+ B4/ C5+ F5\ F6\ @2\ A1\ H2/ H1/ G0/ G8/ F8+ A5+ D7+ A6+ C7+ D8/ B8+ DRAW
8x8Trax_8200427 * vs. Rogue Trooper : @0/ A0/ @1/ A0/ @1/ B0/ C2/ @1/ B3/ @1/ B2/ C4/ B3/ A0\ @1\ G5\ F6+ H5+ C6/ F7/ H6\ B6+ C0+ B4+
8x8Trax_8200569 1926 vs. jazzbeth : @0/ @1/ A2/ A3+ @3+ A2+ @2+ E2+ C4/ D4+ A3+ @2/ E0\ G3\ C1\ B1\ D0+ D0/ D0/ C1+ F2+
8x8Trax_8204813 yetluther vs. birddog856 : @0+ A2\ A0\ @1/ C3\ D2\ C1+ C0\ B1+ @2\ B1+ @2\ E5\ G3+ C3+ G1/ H1+ E0/
8x8Trax_8204817 yetluther vs. birddog856 : @0+ @1+ B0/ B3/ A1+ @1\ A2/ B0+
8x8Trax_8204818 yetluther vs. birddog856 : @0/ @1/ A2/ C2/ @2/ C0/ D2+ D4+ E4\ F4\ B5\ E5+
8x8Trax_8204819 yetluther vs. birddog856 : @0/ A0/ B1+ A3/ C2\ D2/ C1+ C0/ D2/ E2/ D1/ D0/ E2/ B1\ C0/ @5+
8x8Trax_8212927 JiffyJeff vs. Rogue Trooper : @0/ A0/ B2/ B3/ @1/ A0+ D4/ A3/ @3/ D2/ E5\ F5+ A0/ @1+ E7/ D7/ D1+ B5/ @4/ C7/ C8+
8x8Trax_8218332 birddog856 vs. ypercube : @0/ @1/ A0/ @1/ C3/ D3/ C4/ E4/ E5+ B5\ F4+ F3/ G3/ E2\ @1+ F1+ B4+ A0\ D1+ C7/ B6+ F1+ RESIGN
8x8Trax_8221479 DarkHoney vs. SnugglyBear : @0/ B1\ B2\ C2\ A2/ B3\ B4\ C3\ D1\ D3+ E3+ C4\ D5/ @2+ G3\ G4\ B3+ @2+
8x8Trax_8221480 SnugglyBear vs. DarkHoney : @0/ A0/ @2+ @1/ D1/ B3\ C0+
8x8Trax_8223574 jazzbeth vs. Rogue Trooper : @0/ A0/ B2/ B3/ C2+ C4/ D3+ D5/ @2+ B0/ C2/ C1+ C5+ C6/ B6/ E3/ C7+ D8/ F5+ F3/ A5/ A7\ F1/ G2+ @5+ B8/ A8/ H5+ DRAW
8x8Trax_8229945 SnugglyBear vs. Ms LaTaya : @0/ B1/ C1+ C0+ B3\ A1\ @1/
8x8Trax_8229946 Ms LaTaya vs. SnugglyBear : @0/ B1\ B2+ B3/ A2/ A3+ C3\ @3\
8x8Trax_8229991 SnugglyBear vs. DarkHoney : @0/ @1/ A2/ @1\ A0\ A0\ C2/ C1+ B0/ A1+ D3/ D1+ @3+
8x8Trax_8232589 robertst vs. rogerrabbit : @0/ A2\ B1/ C1/ @1\ C0+ B4/ A4/ @4/ E3\ F2/ C5+ G2\ F3+ G3+ F5/ F6+ E7\ G5+
8x8Trax_8233354 Ms LaTaya vs. SnugglyBear : @0+ @1/ @1\ C0\ D2\ C3+
8x8Trax_8233355 SnugglyBear vs. Ms LaTaya : @0/ B1+ A0\ @1+ @1/ C3\ B2+
8x8Trax_8234169 * vs. TallPaul : @0/ @1/ @1/ C0+ A0+ @3/ @3+ E4\ F3/ E5+ F5\ G3/ H2\ A5+ A6/ G1+ C0/ F7+ F8/ G7+ D8/ G1/ C8/ H8\ B1+ A8+
8x8Trax_8238336 * vs. 1926 : @0/ A2/ @1\ B0/ B4\ C3/ B5\ C2+ A5/ @4/ B6\
8x8Trax_8245368 JiffyJeff vs. Rogue Trooper : @0/ A0/ @1/ B0/ @1/ B3/ B0\ A4/ B0+ @4+ E5+ D6+
8x8Trax_8245369 Penguin123 vs. jazzbeth : @0/ @1/ B0/ @2+ B0/ D2\ C1/ E2+ F2/ F0+ E4+ E5/ F4+ A1+ F5\ @2+
8x8Trax_8249103 Playoria vs. birddog856 : @0+ A2/ B2/ A0/ B4+ @3\ B0/ A3\ D1/ D0/ C7\ D7\ E7+ E8\ RESIGN
8x8Trax_8250696 dgb vs. ypercube : @0/ @1/ @1/ C2/ B0\ D3/ C4+ D1/ D0/ E4/ B5+ C6/ @3\ B2+ B1\ A1\ @1+ C0/ D1+ RESIGN
8x8Trax_8250833 TallPaul vs. birddog856 : @0/ A0/ B1+ @2\ B0+ C4/ C5/ D2\ E4+ B0\ A1\ F4\ C2/ D7+ B0+ @1/ F4+ G7\ H6+ C6/ G8+ H5+
8x8Trax_8252775 Lady Mac vs. birddog856 : @0+ A0/ A3\ B3\ C3+ B4/ D1/ D0/ B6\ C6/
8x8Trax_8253044 sam vs. birddog856 : @0+ A2\ B1+ A0\ B4/ @3\ D2/ @1\ C0\ A5/ B6\ @4\
8x8Trax_8256122 dgb vs. birddog856 : @0+ A0\ A3/ @1\ B0\ B0\ C1+ @4/ C6/ D5+ A6/ A7/ B1\ RESIGN
8x8Trax_8256123 birddog856 vs. dgb : @0/ A0/ @1/ B0+ @1/ D2\ C4/ D4+ E3+ C0+ C0/ D1/ @3\ B2+ G1\ G3+ D0+ D8+ C8+ A5+ B1\ A3\ H2/ F1+ A1+ C7+ DRAW
8x8Trax_8256124 dgb vs. Traxplayer : @0/ B1\ A2/ @2/ B0+ B4+ C4\ C5\ D2+ E3+ F5/ @4\ E6/ G3/ C7/ RESIGN
8x8Trax_8256125 Traxplayer vs. dgb : @0/ A0/ @1/ B0+ @2/ D2\ E2\ B3+ C4/ B5\ A4+ @3\ @3+ B0\ A1\ B0\ C0+ E1+
8x8Trax_8256126 Allison vs. birddog856 : @0/ A0/ @2/ @1/ A2+ C3\ D2/ E2/ C4\ A4+ @4/ C5+
8x8Trax_8256127 birddog856 vs. Allison : @0+ B1/ @1+ B0+ @2/ A3\ A1\ @3\ E3\ F2/ C0/ C0/ D5/
8x8Trax_8256128 Allison vs. Traxplayer : @0/ @1/ A2\ C1\ C2\ D2\ C0\ C4+
8x8Trax_8256129 Traxplayer vs. Allison : @0/ B1\ A2/ @2\ B3\ C2+ D2\ D3\ E3\ C4/ E1/ C5+ B5\
8x8Trax_8256130 birddog856 vs. Traxplayer : @0/ @1/ B2/ C2/ B3/ C4+ D4\ D5\ E3/ D6/ D7/ A0\ @2/ B3+ D7+ @3\ B4+ D6+ C7\ H4+ H3/ F2\ B6+ G7+ A6+
8x8Trax_8256131 Traxplayer vs. birddog856 : @0/ A0/ B1+ A3/ A4/ @2\ @3/ C5+ E3+ E6/ F2\ B5/ A5/ @5\ H3\ G4+ H6\ F7+ A2\ C1\ D6+
8x8Trax_8258390 Red Panda vs. * : @0/ B1/ A0\ @2+ C0/ D2/
8x8Trax_8259689 Rogue Trooper vs. TallPaul : @0+ @1+ A2\ B0/ C1/ D1+ C3+ E2+ B0+ A1\ @2+ @2/ C5+ E5/ @2/ E6/ C5+ B5+ C6+ C7/ C8/ B8/ A8/ G1+ H1+ DRAW
8x8Trax_8259740 JiffyJeff vs. * : @0/ B1\ A2/ @2+ A3+ D1\ B0+ D1/ E1/ D0+ C0+ C0+ C0+
8x8Trax_8259870 birddog856 vs. Traxplayer : @0/ @1/ A0/ @1/ C3/ D3/ C4/ E4/ C5+ F4/ D6\ D7\ E3+ E2/ C1/ B5\ E0/ F1/ G4+ G6\ G7\ H5+ E8+ F8+ DRAW
8x8Trax_8262644 jazzbeth vs. 1926 : @0/ @1/ B2/ A2+ C2+ C3\ @1/ B0\ B0+ C0\ D1+ E3/ D7\ E5/ F5/ @5\ C6+ E0/ F1/
8x8Trax_8266055 SnugglyBear vs. DarkHoney : @0+ @1+ A2\ A0\ @1\ B0/ C2+ D3/ @3/ A4+ A5\
8x8Trax_8266056 DarkHoney vs. SnugglyBear : @0+ @1/ A0\ @1\ @1+ @1/ A2/ E1/ E0+ E0\ D1\ F4\ G4/ E5+
8x8Trax_8266057 SnugglyBear vs. DarkHoney : @0/ A2+ @1\ A0+ A0/ B1/ B0/ C3\ D2\ @3+ D4\ D5\ E4/
8x8Trax_8266058 DarkHoney vs. SnugglyBear : @0/ B1\ B2\ C2\ B3/ A3/ C4\ D3/ D4+ D5\ D6/ E4+
8x8Trax_8266208 SnugglyBear vs. Ms LaTaya : @0/ A2\ B1/ B0+ A4/ @4/ D2\ C3+ D3+ D1/ C4\
8x8Trax_8266209 Ms LaTaya vs. SnugglyBear : @0+ B1+ A2\ A0\ B1+ C1/ B0/ C3+ D2\ B0/ C5+ C1\
8x8Trax_8266210 SnugglyBear vs. Ms LaTaya : @0+ B1\ C1/ B0\ C1+ B3/ B4\ C3+ D3\ B0+ D5/
8x8Trax_8266211 Ms LaTaya vs. SnugglyBear : @0+ B1\ C1/ B0\ A3\ @2/ D1+ C3+ D0\ B5\
8x8Trax_8272191 birddog856 vs. JiffyJeff : @0/ @1/ B2/ B0\ @2/ @2/ B3+ A1+ D0\ E3/ D5+ F1/ F0/ F6+ G5\ D7/ D1\ F0/ H5/ H4/ C3+
8x8Trax_8272200 * vs. sam : @0+ @1/ C1/ @1/ B0/ C3\ A0\ @3/ E1/ D0/ F3/
8x8Trax_8274841 skcorky vs. skzoey : @0+ B1\ A0/ B0/ C2\ A1\ A0/
8x8Trax_8275060 * vs. Penguin123 : @0+ A0/ A3+ B2/ A4+ @2/ B5+ C3+ B6+ A4/ @4\
8x8Trax_8282704 Red Panda vs. birddog856 : @0/ A0/ A3/ B3/ A4/ C3+ @3+ C1+ A0\ @1\ C0/ D2+ B0+ C0\ D1+ E1\ F1\ A7/
8x8Trax_8292071 Rogue Trooper vs. Tezcatlipoca : @0+ @1+ A2\ A0\ @1\ B4/ A4/ @4/ A0/ @1\ A0\ F5\ F6\ C7+ D1/ E2\ B0+
8x8Trax_8292209 dgb vs. birddog856 : @0/ A0/ B1+ @2\ B0/ C4/ C5/ D2\ A4+ A2+ @2/ @3/ G4+ D0\ E7+ C6+ D7/ @4\ A3\ A2\ C1\ C0+ B1\ A6\ B7/ DRAW
8x8Trax_8292214 jazzbeth vs. Red Panda : @0/ A0/ B2/ B3/ C3/ C4/ D4/ @2\ B0/ E6/ A4+ A1+ D3/ A5/ @2+ @3+ D5\ D6\ B6+ G3/ E2+ E7/ G1/ H7\
8x8Trax_8293526 Playoria vs. birddog856 : @0+ A2/ B1/ A0/ A4/ C2/ D2+ B1+ B0/ B0/ @3/ C5+ F4\ F6+ B7/ @6/ H6\ H7\
8x8Trax_8305686 jazzbeth vs. Rogue Trooper : @0/ A0/ B2/ A3/ C3/ A4/ @4/ B0/ A6/ D3/ C1/ E6+ B7+ B0+ @1+ E2/ @6+ H5+ B8+ H8/ H1+ A1+
8x8Trax_8306142 asdf vs. JonathanT : @0+ A0/ B1/ C1/ A3+ D2\ D3\ C3+ E3+ C4+ @2/ @3\ G0/ H3+ D1+ G0+ H1\ D1\ C0/ E0+ B2+ A3+ A2\ A1\ G1+ H7\ C8\ G8+ DRAW
8x8Trax_8306143 JonathanT vs. asdf : @0/ @1/ B2/ C2/ C3/ C4/ D2+ E4+ E5\ D6+ C7\ A0\ @2/ F8\ G7+ G8+ H7+ G6/ C8+ G4+ D2/ B6\ C4+
8x8Trax_8306860 * vs. JiffyJeff : @0/ B1\ B2+ A2+ A3/ C2/ A0/ @1\ A0\ E4/ E5\ RESIGN
8x8Trax_8307614 birddog856 vs. Traxplayer : @0+ B1+ @1/ D1\ E1+ D2+ C3+ B0/ B0/ B0/ C7+ B5+ @4\ B3+ E3+ D8\ E8\ F7+ @4\ B2/ H7\ D8/ C7/ B7/ B8/ H4\ A2/
8x8Trax_8307615 Traxplayer vs. birddog856 : @0/ A0/ @1/ C1\ D1\ E1\ B0\ @2/ A1+ C0\ D2+ C0+ A2+ C6\ D5+ F6\ G4\ E7+ G6\ E8+
8x8Trax_8311402 birddog856 vs. Traxplayer : @0/ @1/ C1/ D1/ A0/ B3/ @2\ B0/ A2+ B0/ C3+ @1\ A0\ B1+ @1+ C0+ A5/ B7+ @5\
8x8Trax_8322299 Rogue Trooper vs. 1926 : @0+ @1+ A2\ A0\ @1\ D2+ A0+ E3+ D2/ E4\ D5+
8x8Trax_8323044 birddog856 vs. 1926 : @0/ A2\ B2\ B3+ @2+ B4+ B0\ A1\ A0\ @3/ D1/ C0\ E4+
8x8Trax_8323162 birddog856 vs. Traxplayer : @0/ @1/ A0/ @2/ D2+ D3+ E2/ @1\ C0+ C5+ A4+ B6+ B7\ @2+ A1\ C0/ H4\ G5+ E2\ A7/ A8/ D8\ F7\ F2+ H5\
8x8Trax_8324465 * vs. Red Panda : @0/ A0/ B2/ B3/ C2+ B4/ C1/ C0+ @2/ E1\ RESIGN
8x8Trax_8324486 JiffyJeff vs. jazzbeth : @0/ @1/ A0/ @1/ C3/ C1/ B0\ D1+ C0+ B0/ @4/ A5/ A3\ @2/ C0+ C0/ @4+ A1+ @3+ D8+ H6+ A4/ H3+ A5+ C7/
8x8Trax_8325390 Rogue Trooper vs. Tezcatlipoca : @0+ B1\ A0/ A3/ C2+ B0\ A5+ D1/ B0+ D4\ E2+ @3/ @3/ E6/ E7\ F7\ G7\ E8+ H4+
8x8Trax_8329256 robertst vs. Rogue Trooper : @0/ A0/ B2/ A3/ C3+ A4/ A5+ @5/ D6\ E3\ F3/ F2/ E1/ F5\ E6+ G4/
8x8Trax_8331352 * vs. 1926 : @0+ @1+ A0/ B3\ A0/ A0/ C2+ @4+ D0/ E1/ A2/ C0/ A4+ A7\ C8\ @6+ E7+ F6\ F5+ F3\ G4/ H4/ H2+ A7+ A8/
8x8Trax_8346423 * vs. Red Panda : @0+ B1+ C1\ C2\ C3+ D2+ A3/ C4/ C5/ B6\ @2+ E6\ F3/
8x8Trax_8351328 asdf vs. JonathanT : @0+ B1+ C1\ C2\ D2\ D3\ E1+ B0/ F2\ B5+ A5/ F5\ E6\ G5/
8x8Trax_8351329 JonathanT vs. asdf : @0+ @1+ C1\ C2\ C3\ A0/ A0/ A0/ D4/ D3/ E3/ A0/ @1+ F0/ G3+ G5+ H6/ DRAW
8x8Trax_8357603 birddog856 vs. Playoria : @0+ A0/ B2/ A3/ A0+ B1+ B0/ C2/ D2+ B0+ E3/ @3/ E2+ F4+ B1+ C0/ D1/ @4/ B5/ @3\ A2+ B7/ E0+ D1\ F7+ A8/ A2+ B3/ DRAW
8x8Trax_8361875 birddog856 vs. Red Panda : @0/ A0/ @1/ A0/ @1/ A0/ C5+ C6\ D3+ E4+ C2/ B5/ D7+ C1/ A0+ @1\ B5+ A6\ @6\ D8/ C8+ A8/ @6\ H2/ DRAW
8x8Trax_8363225 DarkHoney vs. SnugglyBear : @0/ B1\ B2\ A2+ B3+ C3/
8x8Trax_8363226 SnugglyBear vs. DarkHoney : @0/ @1/ B0+ C2\ B3/ A3+ C3\ C4\ @2/ A0\ @2/ C0/ D1/ E2+ B6/ C6\ A5/
8x8Trax_8363227 DarkHoney vs. SnugglyBear : @0/ B1+ C1/ A2\ A0\ @1\ D1+ C0\
8x8Trax_8363228 SnugglyBear vs. DarkHoney : @0+ B1+ A2\ A0\ B1+ B0/ @1/ @1/ E1/ D0\ D0\ C1+ B2\
8x8Trax_8363229 DarkHoney vs. SnugglyBear : @0/ B1+ A0\ @2/ A3/ D2\ C1+ B4+
8x8Trax_8363230 SnugglyBear vs. DarkHoney : @0/ A2\ B2\ B1+ B0/ C2/ D2/ C1/ C0/ B5+ D1\
8x8Trax_8369925 * vs. jazzbeth : @0/ @1/ A2/ C2/ B0/ C1/ C4+ D3\ E3\ E4\ C5/ @1+ B0+
8x8Trax_8371516 Traxplayer vs. nanokiwi : @0/ B1+ C1/ A2/ A3+ @2+ D3\ RESIGN
8x8Trax_8372904 1926 vs. * : @0+ @1+ B2/ B0/ B0/ C1/ A2\ A1+ C0/ D1/ B0\ D6\ A7\ E5\
8x8Trax_8373018 TallPaul vs. jazzbeth : @0/ @1/ A2/ C1/ A3+ @2/ B4/ @2/ B0+ D5+ C6/ @5+ G2/ E0/ G7\ D8/ H6\
8x8Trax_8373411 birddog856 vs. Traxplayer : @0/ @1/ A0/ @1/ A0/ @2/ C1/ C0/ B4/ A0+ @4+ @3+ A0/ @1+ C6\ F1/ G1/ @3/ B4+ C0+ D1/ D0/
8x8Trax_8373421 SnugglyBear vs. Ivory : @0/ A2\ B2\ B1+ B0/ A1\ C2+
8x8Trax_8373422 Ivory vs. SnugglyBear : @0+ B1\ C1/ B0\ C1/ C0\
8x8Trax_8373423 SnugglyBear vs. Ivory : @0+ B1+ A2\ A0\ C2/ A0/ B1/ @3+ @2/ D0+ F3+ D0+ @5+ E0+ @6+ D4+ C7\
8x8Trax_8373424 Ivory vs. SnugglyBear : @0+ @1/ @1\ A0+ B1/ @1\ B0/ E3\ F3/ D4+
8x8Trax_8373425 SnugglyBear vs. Ivory : @0/ B1\ B2\ A2+ B3/ @1\ B0\
8x8Trax_8373426 Ivory vs. SnugglyBear : @0/ B1\ A2+ A3+ @2+ A3/ C2\ D2\ B0\ C5/
8x8Trax_8382261 SnugglyBear vs. MICKI : @0/ A0\ @1/
8x8Trax_8383572 nanokiwi vs. Traxplayer : @0+ B1+ B2\ B0\ @2/ D2+ D1+ @2/ B1+ F2+ F1+ E4\ F4\ F5\ G5\ D5/ RESIGN
8x8Trax_8384543 jazzbeth vs. * : @0/ A2\ B1/ B0+ A0/ @1+ @1/ B4+ A0/ @2+ B0/ E2+ F2\ F4/ C0/ A1/ A5+ @5/ B8+ RESIGN
8x8Trax_8384724 TallPaul vs. birddog856 : @0/ A0/ B1/ B3/ C3+ D2+ B0/ A0/ A0+ E3\ E5/ @4+ F2+ G4\ H4\ C1/ D1+ E0\ A7\ B8+ H7+ F8+ F2+ DRAW
8x8Trax_8392007 * vs. JiffyJeff : @0+ @1/ B0+ C2\ A3/ @3/ A4/ E2\ A1+ @1\ B0/ A0\ @1/
8x8Trax_8396549 SnugglyBear vs. Ivory : @0/ A2+ A0\ A4+ @1/
8x8Trax_8396550 Ivory vs. SnugglyBear : @0+ B1/ B2\ C2\ C3\ A0+ C2+ @2\
8x8Trax_8396551 SnugglyBear vs. Ivory : @0+ B1+ A2\ @2/ B0/
8x8Trax_8396552 Ivory vs. SnugglyBear : @0+ B1\ C1/ C0+ A1/ C0+ C0+ D2\
8x8Trax_8396553 SnugglyBear vs. Ivory : @0/ A2+ @2/ C1+ C0+ D2+ C0/ E3+ D2/ B5+ D4\
8x8Trax_8396554 Ivory vs. SnugglyBear : @0+ @1+ B2+ C1\ A2/ A3/ A4+ @2+
8x8Trax_8396633 birddog856 vs. Traxplayer : @0/ @1/ B2/ C2/ C3/ D2/ D1/ E1/ @1+ F4+ G1+ H2+ C0+ D6/ C4/ E7\ G6+ E0+ C7+ B7/ B8/ A8/
8x8Trax_8402254 SnugglyBear vs. DarkHoney : @0/ B1/ @1\ A0\ C3\ D2/ B4/ A3+ @3/ B4/ B5/ B6+ A4+
8x8Trax_8402255 DarkHoney vs. SnugglyBear : @0+ B1\ B2\ @1/ A3/ @3/ A4\ E2\ E4/ C4+
8x8Trax_8402256 SnugglyBear vs. DarkHoney : @0+ B1/ A2\ C1/ B0+
8x8Trax_8402257 DarkHoney vs. SnugglyBear : @0+ @1+ A2/ A3\ B3\ @1\ B0\ D3\ C1+ B0/ B6\ C1+ D1/ D5+ C0+ C7\
8x8Trax_8402258 SnugglyBear vs. DarkHoney : @0/ A0/ @2+ A3/ A4\ B4+ C3\
8x8Trax_8402259 DarkHoney vs. SnugglyBear : @0+ @1/ @1\ A0\ A0\ D3\ B2/ C4+
8x8Trax_8406385 birddog856 vs. Traxplayer : @0/ @1/ B2/ C2/ B3/ B0\ C1\ D4+ C5\ C6+ C7/ A5+ A1+ B0+ @3+ A4/ F4+ G3\ G5/ E7/ H5\ H6+ G2+ F6\ H7\
8x8Trax_8407119 SnugglyBear vs. DarkHoney : @0+ B1+ A2\ @2\ B0/
8x8Trax_8407120 DarkHoney vs. SnugglyBear : @0+ @1/ C1\ B2+
8x8Trax_8407121 SnugglyBear vs. DarkHoney : @0/ B1\ B2\ C2+ A2/ A3+ B0+ @3/ B5\ A5/ @4/
8x8Trax_8407122 DarkHoney vs. SnugglyBear : @0+ B1\ @1/ B2+
8x8Trax_8407123 SnugglyBear vs. DarkHoney : @0/ A2\ B2\ B3/ B4\ C3/ A0\ C5+ @2\
8x8Trax_8407124 DarkHoney vs. SnugglyBear : @0+ @1+ C1/ C0\ B1\ A3/ @3+ C3\ C4\ A4+ @3+ D0+ F3/ D0/ @5\ D7/ D1/ C2/
8x8Trax_8407202 SnugglyBear vs. DarkHoney : @0/ A2\ B1/ B0\ A4/ @3\ B1\ @3\ @3/ A4+ B4+ @4+ B5\
8x8Trax_8407824 Penguin123 vs. * : @0/ @1/ A2/ C1+ B3/ D3+ A3/ C4+
8x8Trax_8408064 SnugglyBear vs. unbeatable : @0/ A2+ A0\ A4\ @2\
8x8Trax_8410567 JiffyJeff vs. Rogue Trooper : @0/ A0/ @1/ B0/ C3/ D3/ B0/ A0+ @3/ C0\ C7+ @4+ B5/
8x8Trax_8416948 SnugglyBear vs. Giant Gila Monster : @0/ @1+ @1\ C2+ B0+
8x8Trax_8417758 Red Panda vs. birddog856 : @0/ @1/ A0/ @1/ A0/ @2/ D4/ D5+ D6\ E3+ F4+ D2/ D1/ F7/ C0+ @2+ G3+ D7/ D8/ H4\ C7\ D6\
8x8Trax_8420300 Carol91859 vs. birddog856 : @0/ A0/ B2\ A3\
8x8Trax_8421795 Carol91859 vs. Traxplayer : @0/ @1/ C1/ D1/ B2/ D3+ A2+ E2+
8x8Trax_8421866 dgb vs. birddog856 : @0+ A0/ A0/ @1/ B0+ @1/ C0+ C6/ D5+ D1+ C0+ A2\ @2\ D8\ E7+ C6\ F6\ B4+ A5\ @3\ G4+ @3/ A4+ D6/ A5+ B6/ B7\ B8\ A8+ E8/ D8+ DRAW
8x8Trax_8427390 dgb vs. Traxplayer : @0+ B1+ C1\ C2\ B3\ D1\ D0\ A1/ C0+ @3+ D0+ @4+ D1\ C1\ B1+ RESIGN
8x8Trax_8432036 Penguin123 vs. robertst : @0/ A2\ B2\ B1+ B3/ A3+ A4/ @4/ A1\ @1/
8x8Trax_8433036 birddog856 vs. dgb : @0/ @1/ B2/ C1+ C3/ D1+ A0/ @1+ @1\ B0/ B0/ C1/ D2/ F2+ E1/ A0+ RESIGN
8x8Trax_8433037 Red Panda vs. jazzbeth : @0/ @1/ @1/ A0/ @2/ D1/ D3+ E2/ A0\ @3+ F1/ D0+ G3\
8x8Trax_8435259 RabidWolff of the Wolf Pack vs. SnugglyBear : @0/ A2+ @1\ B0+ B0\ A2\ @2\ A1\ @3/ A4/ @2\ F1\ G2\ D0+
8x8Trax_8441049 RabidWolff of the Wolf Pack vs. SnugglyBear : @0/ B1+ A0\ @2/ B0\ A2\ @2\ C4\ E3/ E2\ F3\ E4/ C5+ B1+ A4/ @2\ C0+ @4+ B6/ D7\ C8+
8x8Trax_8441543 dgb vs. Traxplayer : @0+ B1+ C1\ @1/ A2+ C0/ B4+ E2/ C0/ @4/ @4/ B3+ @4/ E2+ E6+ F4+ E7\ F6+ B5/ A6/ C7+ D8/ E8+
8x8Trax_8443239 RabidWolff of the Wolf Pack vs. SnugglyBear : @0/ B1\ B2\ C2+ A0\ @2/ B0\ D2/ E2/ D5/ B0/ C2+ F3\ E4+ E5\ F5\ D7+ D1\ B5/ F1/ B6+ F0\
8x8Trax_8447924 Thoddy vs. SnugglyBear : @0/ B1\ B2\ A2+ @2+ A3\ B4/ @3/ B1\ B0\ D6\ E6\ A3+ E3+ D1+ @4/ F0/ G2+ G1+ H2\ E1+ A2\ F8+ A1/
8x8Trax_8447925 SnugglyBear vs. Thoddy : @0+ B1+ A2\ B0/ A1+ C2+ A0\ @3+ E2\ A1+ A0\ E5/ C6/ B1+ F4+ G4\ F6\ @2/ E7+
8x8Trax_8451459 birddog856 vs. TallPaul : @0+ @1+ C1\ C0\ B0/ D3+ E1\ C0\ C0/ E5+ A3+ B1+ F3+ D6+ G2\ G1+ H2\ B0+ G5+
8x8Trax_8451735 bengt vs. SnugglyBear : @0/ B1\ A2/ B2+ @1+ C3\ C4\ D2/ A4/ A5\
8x8Trax_8453437 Angel vs. SnugglyBear : @0/ B1\ A0+ A3\
8x8Trax_8454062 davidmilne vs. SnugglyBear : @0/ B1+ C1+ D1\ A2+ D2+ C3+ C4/ B3/ B4+ A0/ @3/ B0/ A3\ @4/ E2+ B1/ F2+ A3\ @3\ F7/ G5+ G6+ H6\ E0+ H3/ H5\
8x8Trax_8455537 skzoey vs. SnugglyBear : @0/ B1+ A0/ C2\ D2/ B3+
8x8Trax_8455546 * vs. JiffyJeff : @0/ B1\ A2/ @1/ B0/ B0/ @2+ A0+ B0\ RESIGN
8x8Trax_8458194 Ivory vs. SnugglyBear : @0+ B1\ C1/ B0\ A3/ D2\ @3+ E3/
8x8Trax_8458195 SnugglyBear vs. Ivory : @0/ B1/ C1+ B2\ C2+ B3+ D1\
8x8Trax_8464291 Ivory vs. SnugglyBear : @0/ A2+ B2+ B3/
8x8Trax_8464292 SnugglyBear vs. Ivory : @0/ B1/ C1+ B0+ B3\ B4+ D2\ D3\ E3+ C1+ @3+ C5+ @3+ @3\ A2\
8x8Trax_8466933 Rogue Trooper vs. TallPaul : @0+ @1+ A2\ B0+ @2/ B1\ D2/ C0/ E2+ C0/ A2+ A0+ A0/ @5+ G5+ @6/ A7/ C8+ H6\ H7+
8x8Trax_8466950 jazzbeth vs. * : @0/ B1+ C1/ A2/ B3/ B4/ @2\ A3+ C5/ C6/ @3\ C7/ B5+ @4/ A5/ @5/ B6/ B7+ A6/ @3+ B2\ H6\ H7\ D8/
8x8Trax_8468872 Ivory vs. SnugglyBear : @0/ B1+ @1\ B0/ A1+ D2\ C3/ @1\ C3/ B0+
8x8Trax_8468873 SnugglyBear vs. Ivory : @0+ B1/ @1\ C0\ A1\ D2\ C3\
8x8Trax_8474553 birddog856 vs. Traxplayer : @0/ @1/ A0/ @1/ C3/ D2/ C1/ C4+ C0+ E3+ B5/ D2+ C0+ @2+ A1\ @1\ D0+ H7\ B0/ C8+ G5/ B6+ A7+ F3+ F2/ F1/ G3+ D1+ H4+ H5\ DRAW
8x8Trax_8480425 Tezcatlipoca vs. jazzbeth : @0/ @1/ A0/ @1/ A2+ B3\ C3+ C4/ C1+ B0/ D4\ D6+ E5+ E4+ D2/ B0/ @3+ F1/ F0/ G4+
8x8Trax_8480963 Ivory vs. SnugglyBear : @0+ B1/ A0/ A0\ C3\ @1/
8x8Trax_8480964 SnugglyBear vs. Ivory : @0/ A2+ A0\ B2\ @1/
8x8Trax_8488099 DarkHoney vs. SnugglyBear : @0/ B1\ B2\ A2+ B0/ C1+ A1\ A0/
8x8Trax_8488100 SnugglyBear vs. DarkHoney : @0/ @1/ A2+ B0\ A1+ A0+ C4\ C5\ D3/ D2/ D1/ E1+ E0\
8x8Trax_8488101 DarkHoney vs. SnugglyBear : @0/ A2+ A0\ @2/ A1+ A0\ A0/ @3+
8x8Trax_8488102 SnugglyBear vs. DarkHoney : @0+ @1+ B2/ @2/ B0/
8x8Trax_8488103 DarkHoney vs. SnugglyBear : @0+ @1/ A0\ @1\ A2/ @1/
8x8Trax_8488104 SnugglyBear vs. DarkHoney : @0/ B1\ B2\ C2+ B3/ A2+ A0\ @1\ B4+ A0\ A4/
8x8Trax_8493794 birddog856 vs. Traxplayer : @0/ @1/ A0/ A3\ C2/ @2+ B4\ C1+ A0/ @2+ @2/ A3/ C0/ @4+ D5/ E2/ E1+ G5+ E7/ D7/ C6+ G6/ E0+ B7/ A6+ A8\ @7/ B3+ B2/ C1+ A3\ A1+ DRAW
8x8Trax_8495585 SnugglyBear vs. Ivory : @0/ A2+ A0\ @2/ A1+ C2+ C1+ D2/ C0/ C0+ B6\ E3/ D6\ E6\ D7/
8x8Trax_8495586 Ivory vs. SnugglyBear : @0+ B1\ A2\ @2/ C2+ A3\
8x8Trax_8504862 *Leo The Lion Returns vs. Rogue Trooper : @0/ A0/ B2+ B3+ C1\ D2/ D0+ C0/ A2+ C0/ E3+ @5+ @4+ C0\ B1\ B0\ @6+ C8+
8x8Trax_8504886 TallPaul vs. * : @0/ A2+ B1/ B3\ C1+ D2/ D0\ B1+ A0+ C5+ E2/ E1\
8x8Trax_8505190 birddog856 vs. Red Panda : @0/ A0/ @1/ A0/ C3/ C4/ @2/ @1+ A0\ A0+ @1\ E1/ D0\ G7\ D0/ E1/ B7/ A7/ F5\ D7/ D8/
8x8Trax_8513285 * vs. jazzbeth : @0/ @1/ C1/ C2+ B0+ A0/ C5\ D3/ B5+ D1/ E2/
8x8Trax_8513821 Blacklace* vs. SnugglyBear : @0+ B1\ C1/ B0\ A3\ @3/ B4+ A4+ A2\ B5/
8x8Trax_8513822 SnugglyBear vs. Blacklace* : @0/ B1+ A0\ @1\ C3\ B4\ D3/ D2/ A0\ B0\ A4+ D3\ @3+
8x8Trax_8513823 Blacklace* vs. SnugglyBear : @0/ B1\ A2/ B2+ B3\ @2+ D3/ @1\ B0\
8x8Trax_8513824 SnugglyBear vs. Blacklace* : @0/ A2+ A0+ B2\ A0\ @1\ A0\ @1\ D3/ E4\ A0\ E3/ @2+
8x8Trax_8513825 Blacklace* vs. SnugglyBear : @0+ @1/ A2/ B3\ C3+ @3/ B4+ D2+ C5\ E3/
8x8Trax_8513826 SnugglyBear vs. Blacklace* : @0+ @1\ A2/ @1\ C0/ B0\ C0/ D1/ A2+ @2\ B1+ D0\ C1+ D0\ A2+ E6\ F3/ G3/ D7+ E0/ G1\ H2/ H1/ B8+ A8+
8x8Trax_8518254 Traxplayer vs. dgb : @0/ A0/ B2/ A3+ C2/ @2\ @2\ D1+ C0/ C0/ F3\ F6\ G6\ F7\ H6/ G5+ C6+ F8+ B3+ E2+
8x8Trax_8518255 dgb vs. Traxplayer : @0/ @1/ B0+ A3\ B0+ @3+ D2\ C4+ @3\ C5/ A4+ A1+ A5/ @5/ A6/ D0+ @6+
8x8Trax_8518256 Traxplayer vs. HeatherN : @0/ A2+ A3/ @3/ @2/ B4+ A1\ @1\ C0/
8x8Trax_8518257 HeatherN vs. Traxplayer : @0+ B1+ @1\ B2/ B0/ @2/ A3+ C4\ D4\ C0/ E3+
8x8Trax_8518258 Traxplayer vs. birddog856 : @0/ A0/ @1/ A0/ @1/ A0/ @1/ A0/ @1/ F4\ G4\ D5/ D6+ B0/ C7\ C1+
8x8Trax_8518259 birddog856 vs. Traxplayer : @0+ B1+ A2+ @1+ B0+ @2+ @2\ B1\ B0+ A1\ @2+ @1/ C4/ B4/ C0\
8x8Trax_8518260 dgb vs. HeatherN : @0+ B1+ A0+ @1/ D2\ D3\ D4+ E3\ C1+ B0/ A4/ @4/ E6/
8x8Trax_8518261 HeatherN vs. dgb : @0+ B1+ @1/ A2/ @2\ B0/ A2+ B4\ @2\ B0+ B0+ @3+ @3/ A4/ B5/ H4+
8x8Trax_8518262 dgb vs. birddog856 : @0/ A0/ A0/ @1+ @2+ @3+ E2+ @3\ B4+ C5/ D0+ C1\ B1+ D0+ @3\ A2\ @4/ B5+ C6+ RESIGN
8x8Trax_8518263 birddog856 vs. dgb : @0/ A0/ B2/ A3+ C3/ @1/ C4\ C5\ C6\ E3/ F3+ B0+ B0/ D4+ @3/ D1/ E2+ A4+ G3/ F1+ @2\ A1\ G6+ C6/ B5+ F8\ H1/ B7+ A6+ DRAW
8x8Trax_8518264 HeatherN vs. birddog856 : @0/ @1/ B0+ A3\ B0+ @3+ A4+ A1\ @2/ C0+ B6\ @3/
8x8Trax_8518265 birddog856 vs. HeatherN : @0/ A2\ B2\ B3+ @3\ C4+ A4/ @4/ @4/ E1+ F1\
8x8Trax_8518595 * vs. bengt : @0/ @1/ C1/ D1/ A2+ B0+ @1\ B0/ E1\ A4+ @4/ @4+ B5/
8x8Trax_8523057 TallPaul vs. jazzbeth : @0/ @1/ C1/ B0\ B0+ D2/ E2/ D3+ A1+ @1\ A2+ B4+ G2+ D5+ B0/ D7+ F5+ H4\ B0/ F3+ E2+ E1+ G3/ F1+
8x8Trax_8526092 * vs. Penguin123 : @0+ A0/ B1/ A0/ @2/ C1/ @3\ D0/ E4+ D0/ @2+ E0/ D0+
8x8Trax_8526138 robertst vs. JiffyJeff : @0/ A0/ @2+ A3+ A0\ @2/ C0/ D1/ C0/ D5\ C6+ E3+
8x8Trax_8527938 klaashaas vs. greggyw : @0+ B1\ B2\ C2\ C3\ C0/ D2\ E2\ C0/ E2/ F3\ D5/ E1\
8x8Trax_8527939 greggyw vs. klaashaas : @0+ @1/ @1\ A0\ @1\ C1/ C0/ D0\ C0/ E3+ B1\ A2+
8x8Trax_8527940 klaashaas vs. 1926 : @0/ B1\ A2/ A3/ B2+ @2/ C4\ D2\ E3/ C0\ A5/ B6\ B0/ A7/ B8\ D2+ E6\ F5/ @7/ G3/ @5+ A4/ B8+ F7\ F8/ G8\ H8+
8x8Trax_8527941 1926 vs. klaashaas : @0+ A0\ A3/ @1\ @2\ C0+ B0/ D5\ C6/ D3+ B7/ E2/ E1/ B0/ E6+ F6/ A4\ @7/ A8/ @6+ G7\ G8+ H8\ B1\ DRAW
8x8Trax_8527942 klaashaas vs. hoot : @0/ A2\ B2\ @2\ B3+ A0\ @2/ A5/ @4\ C6\ D6\ B7/ A7/ D0/ E3/ F2\ E7\
8x8Trax_8527943 hoot vs. klaashaas : @0/ @1/ @1/ B0+ D2/ C3+ A4/ @2/ D4\ C5/ E5\ D6+
8x8Trax_8527944 klaashaas vs. Jay RAA : @0/ A2\ B1/ C1/ D1+ E1\ B2+ C3\ C4\ E3/ F3/ D5/ C6\ A3\ D0/ F2/ D0/ A6/ @4\ F7/ C2+
8x8Trax_8527945 Jay RAA vs. klaashaas : @0/ @1/ A2\ B2\ C2\ C1+ B3\ A4+ @4/ @2/ E4\ E5\ E0\ F5+ A5/ D6/ E7\ C0+ B1\ @4\ A3\ E8/ H6\ H5/ G3\ H4/
8x8Trax_8527946 klaashaas vs. AndrewB : @0/ B1\ A2/ B0\ A0/ C2\ A5\ B5\ D1+ E1/ C0+
8x8Trax_8527947 AndrewB vs. klaashaas : @0+ A2/ A0\ @3/ @2/ B4\ A4/ A5\
8x8Trax_8536281 ypercube vs. allen : @0/ B1\ B2\ A2+ @2/ C3\ D3\ D4\ @3\ F4+ F5\ B1+ C5+ E6+ A6/ D7\ @6\
8x8Trax_8536283 allen vs. ypercube : @0+ B1+ C1\ @1/ B0/ C3+ B3/ E3/ A3+ B4/
8x8Trax_8544203 Playoria vs. Traxplayer : @0/ @1/ A0/ A3+ C2\ B1/ @2/ B0+ @3+ C0/ D0\ C7/ @4+ C2+ @3+ H4/ G3+ A1+ F0\ H2+ B6+ A5/ C7/ B8+ DRAW
8x8Trax_8544276 Playoria vs. birddog856 : @0/ A0/ B2/ B3/ A0+ C3\ B5+ @3/ B0/ B6+ B7\ C8/ @5+ E7\ F7+ E3/ F3/ G7/ G6+ G4/ D1/ A2\ B1+ @4+ B6+ G2+ G1+ H1/ A6+ DRAW
8x8Trax_8549355 Tezcatlipoca vs. * : @0/ A2/ A0\ @3+ C3/ B4/ C5\ D5\ D4+ D6+ E6\ A6/ RESIGN
8x8Trax_8550142 Miranda vs. SnugglyBear : @0+ B1/ A2/ A3\ B3\ C3\ @2\ E3\ A1+ D4+
8x8Trax_8552586 SnugglyBear vs. ohiogal : @0/ A2/ A0\ @2\
8x8Trax_8552587 ohiogal vs. SnugglyBear : @0/ B1\ B0/ B3/
8x8Trax_8552686 SnugglyBear vs. Miranda : @0/ A0+ @2+ C1/ D1\ D2\ B3/ B4/ C0/ @4\ B1+ E0\ F3+
8x8Trax_8553729 ohiogal vs. SnugglyBear : @0+ B1\ A2\ @2/ C0/ B4/
8x8Trax_8553730 SnugglyBear vs. ohiogal : @0/ B1+ A0\ @1/
8x8Trax_8554879 klaashaas vs. Red Panda : @0/ A0/ @1/ A0/ B4/ C3/ D4/ B5/ C6+ E4+ E3/ F3/ C2/ F6\ G5/
8x8Trax_8554880 Red Panda vs. klaashaas : @0+ @1\ B2+ @1\ D1\ E2/ D3/ B0+ D1+ E5+ F4\ D0/ G4/ G3/ C0\ B1\ G1+ D0/
8x8Trax_855831 Tactician vs. Chad : @0/ B1+ A0/ B0+ A1\ @1/
8x8Trax_855834 Retired 6659 vs. Chad : @0+ @1/ @1\ B0/ C3/ D2+ A1\ B0\
8x8Trax_855837 MASHER vs. Chad : @0+ B1\ A0/ C1+ A3+ @2/
8x8Trax_855843 Second Coming vs. Chad : @0/ A2+ A0+ A0/ B1+ @2\ @2+ D0\
8x8Trax_855847 NanaT vs. Chad : @0+ A0+ B1/ A0+ B3\ @2\
8x8Trax_855851 Lorraine of the Renegades vs. Chad : @0/ B1\ @1\ B2\
8x8Trax_855860 Arctic Warrior vs. Isischylde : @0/ A2\ A0+ B2\
8x8Trax_855864 Uncle Chuckie vs. Isischylde : @0/ @1\ A0/
8x8Trax_8558781 agony of deFeet vs. SnugglyBear : @0/ B1\ B2\ A2+ A0/ C1/ C0+ C0\ B2\ B1+ A1+ @2+
8x8Trax_8558782 SnugglyBear vs. agony of deFeet : @0/ @1+ @1\ B0+
8x8Trax_855879 (((INTENSITY))) vs. Isischylde : @0+ A2/ @2\ B0\ A2+
8x8Trax_8558831 JonathanT vs. SnugglyBear : @0/ B1+ C1/ B2\ D1/ D0/ A4/ @3\ E4\ C5+ F4/
8x8Trax_855884 (((INTENSITY))) vs. Chad : @0+ A2+ A3\ B3/ B2+ B1/ A0/ C2\ B1+ C1/ C0/ D2\
8x8Trax_8558906 Miranda vs. SnugglyBear : @0+ B1\ A0/ C2+ D2\ E2/ D1+ E1+ D0\ @3/ D4\ B4+
8x8Trax_8558907 SnugglyBear vs. Miranda : @0/ A0+ @2\ B0\ A1/
8x8Trax_855895 MASHER vs. Chad : @0+ A0+ A3/ @2+ B0\ A1\ @2\ B0/ C6+ @3\ B5/ B6\
8x8Trax_855901 Pbarb2 vs. Arctic Warrior : @0+ @1+ @1+ @1+ @1+ @1+ B0\ G2+ B3/
8x8Trax_855904 weatherston 39 vs. Chad : @0+ A0+ A3+ A0\ @1/ B5\ C5/ C1/ A2/ C2\
8x8Trax_855909 MIA #27148 vs. Chad : @0+ A0+ A3+ @2/ C3\ B4/ C2/ D3\ @3/ C0/ B2\ A2\ @2\ F1/ F0/ G4+
8x8Trax_855915 Chad vs. Taylor : @0/ @1+ A0/ B1/ @1/ C0+ D2\ C0+ C0\ B1+ A1/ @2\ D6+ C6/ A4\ @2\ B6/ A6+ B7\
8x8Trax_855917 Dream vs. Chad : @0/ @1/ B0\ A1+ @1/ A2/ @2/ C3\ A0\ C1+ @1/
8x8Trax_855918 Isischylde vs. Second Coming : @0+ @1+ A0+ @2+ C3/ @2+ B1+ @2+ E1+ E0/ B4/ B2+ B1/ F4\ F5\ B0\ E1/ A2\
8x8Trax_855928 Chad vs. Elvis : @0/ @1\ B0\
8x8Trax_8559582 ypercube vs. Traxplayer : @0/ @1/ C1/ D1/ C0+ A3/ @2/ D4+ @1+ A0\ @1\ D0+ @3/ B4+ C5+ B0\ A5/
8x8Trax_8559583 birddog856 vs. Traxplayer : @0/ @1/ A0/ @1/ A0/ @1/ B0/ C5+ E4\ D6/ B5\ A5\ D7/ D8/ E6\ F4+ E3/ G6\ F7+ @5\ C7+ D2+ B6/ H4+ H7+
8x8Trax_855959 Freight Train vs. Chad : @0+ A0+ @1/ C1\
8x8Trax_855965 Lorraine of the Renegades vs. Isischylde : @0/ @1+ @1\ B2/ @2/ A3\
8x8Trax_855973 goldfreckles vs. Honeybear : @0/ A2+ A3\ B1+ C2/
8x8Trax_855975 REBEL DJ vs. * Sassy_Angel * : @0/ A2\ A0\ B3/
8x8Trax_855979 REBEL DJ vs. * Sassy_Angel * : @0+ @1+ A2\ B0\
8x8Trax_8559802 ypercube vs. Traxplayer : @0/ @1/ B2/ C2+ D2\ B3/ A3/ A4/ @4/ A5/ @5/ A6/ @1+ D0+ D0/ @5+ G2/ G1+
8x8Trax_855980 * Sassy_Angel * vs. REBEL DJ : @0/ A2+ B1\ A3+ B2+ B3\ B4/ @1/ C0\ A4/ D3/
8x8Trax_855981 * Sassy_Angel * vs. REBEL DJ : @0/ B1+ C1\ C0/ D2/
8x8Trax_855987 tarzan vs. toadisgimpy : @0/ A2\ @1+ C1\
8x8Trax_855988 Missing 27145 vs. Isischylde : @0+ @1+ A0+ @1/ D2\ C3/ C1+ C0/ D2+ B1+ E2+ F2\ B0+ A2\
8x8Trax_855991 Isischylde vs. Uncle Chuckie : @0+ @1/ B0\ C2\ D2\ B3+
8x8Trax_8559951 HeatherN vs. SnugglyBear : @0/ A2\ B1/ B2+ C1\ C2\ A3/ @3/ E2\ E3\ C4\ A1+ F1/ E0\ C1\ E5+ F5+ G5\ E6/ F1/ F0/ B6+ F7+ C8+ B2+ A8/ @6\ A8+ D1\ H8/ A3+
8x8Trax_8559952 SnugglyBear vs. HeatherN : @0/ A2/ A0\ @2/ C3\ B4/ A3+ A5/ @4\ A5+ B6\ C6\ D6\ D7\ E7\ F4+ G4\ @4/ A3+ A5+ A6\
8x8Trax_856000 Isischylde vs. MIA 13147 : @0+ B1+ B2/ @2/ B0/
8x8Trax_856002 cats4954 vs. Isischylde : @0/ B1\ B0/ B3/
8x8Trax_856005 Hammer vs. Isischylde : @0/ A2+ B1\ A3\ B2+
8x8Trax_856007 Chad vs. Missing 27145 : @0/ B1/ A2/ C2\ C3\ @2\ C3/ A1+ C4\
8x8Trax_856008 Isischylde vs. Cozy : @0+ @1/ @1\ D1/ A0/
8x8Trax_856009 Lorraine of the Renegades vs. Chad : @0/ B1\ B2\ B0\ A3/ A4/ @4/ @2+ @4/ A5/ A2\ C0+
8x8Trax_856012 (((INTENSITY))) vs. Isischylde : @0/ B1+ A0\ @1\ @1\ E2\ C3/ B2+ E4\ E5/ F4/
8x8Trax_856013 goldfreckles vs. Honeybear : @0+ B1+ A2+ C1+ C2/ D1+ C0\
8x8Trax_856015 (((INTENSITY))) vs. Chad : @0/ @1/ C1/ A2+ B3/ B0\ D2/ C0/ B0\ A2/ @3\ B1+ D0/ E1/ A5/ @5/ C1\ D0+ C1+ F4+ A4+ @6/ C1+ H3\ A4+ A1+ A8+ H7+ H1+
8x8Trax_856017 Isischylde vs. Chad : @0+ A2+ B1/ A0\ C2/ B0/ A5\ B5/ @5\ D1+ E4\ E5\ A3+ B6+ @5\ B7+ E6+
8x8Trax_856018 * Sassy_Angel * vs. outta here : @0/ @1\ A0/
8x8Trax_856019 SUNSHINE vs. Chad : @0/ A0/ B1\ B2+ @1/ D2/ D3/ C0+ B1+ A3/ E3/ F3/ D0/ E1/ C1+ E0+ E0+ D8+
8x8Trax_856021 outta here vs. Chad : @0/ @1/ B0\ A3\ C2/ B3+ D2/ C0+ B0/ A2\ @2\ @2/ A4+ @3\ H5\ H6\ D1+ E0/ E0/ A4+ A3\ C2+ G2\ H3+ H2/
8x8Trax_856023 Honeybear vs. Chad : @0+ A0+ @2\ C1\
8x8Trax_856027 Chef Jeff 1 vs. * Sassy_Angel * : @0+ A0+ A0/ @1\ C1\ B0\
8x8Trax_856028 Honeybear vs. Cindy MIA : @0/ B1+ B2\ C1\ C2+ B3\
8x8Trax_856029 SweetCindyJo vs. Ace1316 : @0/ A2+ B2/ B1+ B0+ C2\ A4\
8x8Trax_856032 Nikki vs. Chad : @0/ @1/ B2\ C2/
8x8Trax_856034 Chef Jeff 1 vs. * Sassy_Angel * : @0+ A0\ A3+ A0/ @2\ C2/
8x8Trax_856035 Isischylde vs. Chad : @0/ @1/ B0+ A3\ @1\ B0/ @3/ A4/ @2/ C1\ B0/ C6+
8x8Trax_856038 * Sassy_Angel * vs. Chef Jeff 1 : @0/ A0+ @2\ A1+ B0\
8x8Trax_856041 * Sassy_Angel * vs. Chef Jeff 1 : @0/ B1+ A0\ @1\ A0/ A3/ B1+ A4\ B4+ C1\
8x8Trax_856042 Honeybear vs. goldfreckles : @0/ A2\ @2/ B3/
8x8Trax_856044 (((INTENSITY))) vs. Isischylde : @0/ A2\ B1/ A3\ B2\ C1/ A0\ @2/ A5/ @4\ D5/ A3\ A5+ B1+ @3/ B0/ A5+
8x8Trax_856045 Isischylde vs. Nikki : @0+ B1+ A2\ A0/
8x8Trax_856047 Nikki vs. Honeybear : @0+ @1\ C1\ A0/ C1/ C3\ D2/
8x8Trax_856048 * Sassy_Angel * vs. Vacant 1884 : @0/ B1\ B2\ A2+ @1\ B0/ C4/ B4/ B5/ A5/ @4/ @3+ B2\ B5/ @3\ B2\ A2+ A1\ G2/ @3/ B4+ D6/ D7/ A4+ H1+ A5/
8x8Trax_856053 dream_on vs. FujiTape : @0+ B1/ A0+ @2/ A3\ B3\ A1+ B4\ @3+ E3/ A2+ B5\ E2+ E1/ E0\
8x8Trax_856054 * Sassy_Angel * vs. outta here : @0/ A2\ B2/
8x8Trax_856057 Australia vs. supermac : @0+ @1+ B0/ @2/ D1\ D2\ C3/ C4/
8x8Trax_856062 outta here vs. Isischylde : @0/ @1+ @1\ A2/ B0+
8x8Trax_856067 goldfreckles vs. Honeybear : @0/ B1\ @1\ C2/
8x8Trax_856076 ScoobyRex02 vs. Arctic Warrior : @0+ B1+ B2/ B0/ C1\ C2+ A1\ D2+ A4\ E2+ @4/ A2+ B5/
8x8Trax_856077 Nikki vs. Isischylde : @0+ A0/ A3\ @1/ @2/ A3/ D3/ B4+
8x8Trax_856085 goldfreckles vs. Honeybear : @0+ B1\ @1\ C0/ D1\
8x8Trax_856087 Honeybear vs. Isischylde : @0/ B1\ @1\ C2/
8x8Trax_856088 Cookie of the Wolf Pack MIA vs. * Sassy_Angel * : @0+ B1/ @1\ @1/ B2/
8x8Trax_856089 Honeybear vs. Cindy MIA : @0/ B1+ @1\ C2+ A0/
8x8Trax_856099 Ace1316 vs. SweetCindyJo : @0+ B1+ B0\ B3\ A3+ C3/ C2+ B4+ C4+ C1/ D1\ B5\ D2+ D3\ D4+ A5/ E4/
8x8Trax_856102 nursestary vs. Misery Midnight : @0/ A2+ @1\ C1\ B0\
8x8Trax_856107 outta here vs. * Sassy_Angel * : @0+ B1/ B2/ B0\ C1\ @2\ B1\ C0/ @3/ B4+ A4+ @4/ C5/
8x8Trax_856113 supermac vs. Australia : @0/ A2+ B2/ A3\ A0/ B2+ @2/
8x8Trax_856116 supermac vs. Misery Midnight : @0/ A2\ @2+ C1\
8x8Trax_856119 (**)(**) Bunny Toes vs. Chad : @0+ A0+ A3+ A4\ B4/ A0\ @1/ C1/ A2+ B0/
8x8Trax_856120 Chad vs. Freight Train : @0/ @1+ C1/ B2/ C0/ D3\ C4/ E2+ D0\ @3/ B5\
8x8Trax_856122 Chad vs. ellieoop : @0+ @1/ A0/ B0/ C2\ @2\ A1\ B0\ C0\ @5\ C6/ A4\ B7\ A3+ E7\ D8+ F6/
8x8Trax_856123 Chad vs. Logged Off 11019 : @0/ A0+ B2/ @2\ D2+ A1+ A0/
8x8Trax_856124 * Sassy_Angel * vs. REBEL DJ : @0/ A2+ @1\ A0\ B1+ A3+ B0\ @2/ B1+ B0+ A2+ @2+ B4/ @3/ A4/ @4/ A5+ A6/ C1\ B1\ A1+ A0+ @7\ B0+ A7+ G3/ F2+ E2\ A5\
8x8Trax_856126 REBEL DJ vs. * Sassy_Angel * : @0/ A2\ A0\ B3/
8x8Trax_856131 * Sassy_Angel * vs. REBEL DJ : @0/ A2/ A3\ B3\ A0\ @1+ @1/ B2/ A2+ A3+ B4/
8x8Trax_856134 REBEL DJ vs. * Sassy_Angel * : @0/ B1\ @1+ C2/
8x8Trax_856137 * Sassy_Angel * vs. DINGEROO : @0/ B1\ A0\ B3+ @1/
8x8Trax_856143 Pepper vs. supermac : @0/ B1\ A0\ A3\
8x8Trax_856156 Nikki vs. Chad : @0/ @1/ B0/ @2+ B3\ C0/ @1\ C0+ A4/ @2+ B1\ C0\
8x8Trax_856158 Honeybear vs. goldfreckles : @0/ A2\ A0\ B2\
8x8Trax_856160 Ace1316 vs. SweetCindyJo : @0+ B1\ A0/ B3/ @2\ D1\ D2\ D4\ B3+ E3\
8x8Trax_856162 Honeybear vs. DINGEROO : @0/ @1\ A0/
8x8Trax_856163 DINGEROO vs. Honeybear : @0/ A2\ A0\ B3/
8x8Trax_856167 Honeybear vs. goldfreckles : @0/ A2\ B1/ B0\ A1\ @1\ A3/ A4/ D1\ @1/ A2/ A3+ @2\ C5\ D5\ C6\ A3/ @3/ B1\ C0/ B6\ F5\ H2\ F0\ E1+
8x8Trax_856171 supermac vs. Australia : @0+ @1\ B0\ A1+ @1/ C3\ D3\ E3/ D4/ E2+ C4+ B3/ F2/ E1\ E0\
8x8Trax_856184 * Sassy_Angel * vs. pepperbeach : @0/ B1\ A2/ @2\ B3\ C2+ C3+ C4/ D2\
8x8Trax_856186 supermac vs. Misery Midnight : @0+ B1+ A2\ C2\ B0\
8x8Trax_856187 Honeybear vs. Jane : @0/ A2\ B2\ B1+ @1\ D1\ B0\
8x8Trax_856197 Honeybear vs. Uncle Chuckie : @0/ B1\ B2\ B3\ C1/ A3/ C0\
8x8Trax_856209 * Sassy_Angel * vs. Cookie of the Wolf Pack MIA : @0/ @1+ @1\ A0/ B1+
8x8Trax_856218 (((INTENSITY))) vs. Honeybear : @0/ B1\ A2/ A3/ B2+ @2/ A3/ @3/ A4/ B5/ A5/ @4/ B6\ @1\ B0/ C1+ G3+ B6/ C8+ E7/ D8\ F1+ G2+ A1\ H3/
8x8Trax_856227 SweetCindyJo vs. Ace1316 : @0/ B1\ B0/ B3/
8x8Trax_856231 Knight Rider vs. aussielady : @0+ B1+ @1/ A2\ B2+ D1\ D2/
8x8Trax_856235 FujiTape vs. Cookie of the Wolf Pack MIA : @0/ @1\ B0+ A1+ A0/
8x8Trax_856240 Ace1316 vs. SweetCindyJo : @0/ B1\ A2/ B2+ A3\ B3\ B4\ C4\ D3\ D4\ C5\ B6/ D5+ E3+ F3+ @2/ @2/ D7\ C6/ D8/ C8/
8x8Trax_856247 Honeybear vs. Uncle Chuckie : @0/ A2+ @1\ B0/ C1\ B4\ A4/ C3+
8x8Trax_856251 FujiTape vs. BrnIdGirl : @0/ B1+ A2\ B2+ C2+ C1+ D2/
8x8Trax_856253 Honeybear vs. goldfreckles : @0+ B1/ B0/ C1/ A3\ C0\ D4\ C5/ D1+ D5\ C6/ B6\ B7/ A7/ B1\ E4\ C0+ F4\ A7+ E6+ E7\ F5\ G6/ @4/ D8+ B2\ A3+ H8\ A2+ A8\ G1+ A1\
8x8Trax_856258 Chad vs. FujiTape : @0/ B1\ B2\ A2+ A3/ @3/ D2/ @2\ B1+ B4/ E4\ F2/ E5/
8x8Trax_856259 BrnIdGirl vs. FujiTape : @0/ A2\ @1\ C2/
8x8Trax_856260 BrnIdGirl vs. FujiTape : @0+ B1/ B2\ C1/ A2+ @1/ D2\ E2/
8x8Trax_856263 BrnIdGirl vs. FujiTape : @0/ B1\ C1/ B2/
8x8Trax_8562648 dgb vs. birddog856 : @0/ A0/ B1+ C1\ @1/ @1/ A0+ B3+ E4+ F3+ @3\ B0/ B5/ E6+ @3+ RESIGN
8x8Trax_8562649 birddog856 vs. dgb : @0/ A0/ @1/ B0+ A0+ A0\ @4+ A5/ @2\ B0/ B0/ C8+ @4\ B1+ E3/ F3/ F2/ F7\ RESIGN
8x8Trax_8562650 dgb vs. Traxplayer : @0+ B1+ C1\ C2\ B3\ B4\ B5+ A3+ B6/ @6+ @5+ F2\ B2+ G1/ D0/ E6\ @5+ G4+ G5+ C8/ H5+
8x8Trax_8562651 Traxplayer vs. dgb : @0+ B1+ C1/ C0/ B0/ B4/ D3/ D4\ C5/
8x8Trax_8562652 dgb vs. ypercube : @0/ @1/ @1/ D1/ A0\ @1\ D3\ F1\ @1\ H1/ F0+ D0+ C0/ B6+ E7+ G6\ H6\ B8+ G2+ G8+ G1/ H1/ A8/ E1+
8x8Trax_8562653 ypercube vs. dgb : @0/ A0/ B2/ A3+ @2+ B4+ @2+ C0+ C0/ C0/ C0/ B1+ A3+ D2+ E2\ B8+
8x8Trax_8562654 birddog856 vs. Traxplayer : @0/ @1/ A0/ A3+ C2\ B4/ @3\ @3\ C5\ E4+ F4\ G4+ F6\ G6\ E1/ F3+ G7\ H4\ D0+
8x8Trax_8562655 Traxplayer vs. birddog856 : @0+ A2\ A0/ B1/ B0/ C4+ C5\ D2/ C6/ B0+ @1+ F4/ @3+ @3\ G6\ G2/ F1+ H3+ C0\ B1\ A2+ B5/ E8/ D8/ A7+ E1/ G1+ DRAW
8x8Trax_8562656 birddog856 vs. ypercube : @0/ @1/ B2/ C2/ B3/ B0\ C1\ B0\ D1\ A1+ @2+ F1+ C0+ E6+ D7\ F0+ F7\ F8+ B8\ G3+ G4\ H3+ C1+
8x8Trax_8562657 ypercube vs. birddog856 : @0/ A0/ A3/ B3/ A4/ C4/ A5/ A6+ @3+ C1/ @5/ A6/ A1\ RESIGN
8x8Trax_8562658 Traxplayer vs. ypercube : @0+ B1+ C1/ B2+ C0+ B4/ B0/ D2\ E2\ C0\ A2+ C6/ E5\ F3\ A6/ RESIGN
8x8Trax_8562659 ypercube vs. Traxplayer : @0/ @1/ A2+ C1+ A0/ C4+ B5\ @1/ A0/ C7+ D2/ E3/ E6\ D7+ D8\ E7\ D1/ F6/ F5+ F3/ B5+ C8/ A8+
8x8Trax_856265 BrnIdGirl vs. FujiTape : @0/ A2\ @1\ C1\
8x8Trax_856266 Honeybear vs. nylady41 : @0+ A2/ A3/ @3+ C3+ C1/ D2/
8x8Trax_856267 BrnIdGirl vs. FujiTape : @0/ A2\ A3/ B1\
8x8Trax_856269 BrnIdGirl vs. FujiTape : @0/ B1\ C1+ A2\
8x8Trax_856272 Cookie of the Wolf Pack MIA vs. FujiTape : @0+ B1/ B2\ B0\ C3/
8x8Trax_856273 Dream vs. Nan54 : @0/ A2\ B2\ B3\ B1/ B0/ C2\
8x8Trax_856274 Cookie of the Wolf Pack MIA vs. FujiTape : @0/ A2\ B1\
8x8Trax_856275 Cookie of the Wolf Pack MIA vs. FujiTape : @0/ A2\ B2+ C2/ B1/ C1+ B0\ A1+ C1/ B0+ @4/ A5\
8x8Trax_856278 Cookie of the Wolf Pack MIA vs. FujiTape : @0/ A2\ A3/ B1\
8x8Trax_856279 Cookie of the Wolf Pack MIA vs. FujiTape : @0+ @1/ @1\ B2/ A0/
8x8Trax_856280 Cookie of the Wolf Pack MIA vs. FujiTape : @0/ A2\ B1+ B2+ C2\ C1+ @2/ A3+ A4\ E1\ F1/ E0/
8x8Trax_856285 ellieoop vs. Nan54 : @0/ A2\ B2\ B3\ A4/ @4\
8x8Trax_856295 * Sassy_Angel * vs. pepperbeach : @0/ A2\ B1/ A3+ @2/ C3+ B4/ A3/ A4+ C4\ @3/
8x8Trax_856299 Honeybear vs. Uncle Chuckie : @0/ B1\ A2/ A3/ B2+ A4/ C1\ @3+
8x8Trax_856305 supermac vs. Misery Midnight : @0+ B1/ A2\ A0/ C2/ C1\
8x8Trax_856307 Sowerberry vs. supermac : @0+ B1\ B0\ @2/ B3\ D2/ C3\ B4\ C4+ D4+ D5/ E2\ E4\ F3\ D1+ F5+ F6\ E7\ G4/ G6\ H5\ F7+
8x8Trax_856312 vfmgame MIA vs. Knight Rider : @0/ B1+ A0\ C2+ D2+ B1/ D1/ B0\
8x8Trax_856313 Chad vs. Cookie of the Wolf Pack MIA : @0/ A0\ @2\
8x8Trax_856319 Australia vs. supermac : @0+ B1/ A2\ C1\ A0/ B1/ B0/ D2\ D3+ D4/
8x8Trax_8563288 TallPaul vs. Rogue Trooper : @0/ A0/ A3/ A4+ B1+ @1+ B0/ @2/
8x8Trax_856331 Nanett MIA vs. supermac : @0/ @1+ @1\ C0/ B0/ C1/ C0/ D3\ E2\ D4+ D5\ @3/ F5/ C5+ F4+
8x8Trax_856350 Taylor vs. * Sassy_Angel * : @0/ A0\ @2\
8x8Trax_856360 Taylor vs. * Sassy_Angel * : @0/ A2\ B1/ B2+ B3/ B0+ @2/ D2+ C0\ D2/ @2+ C0\ A6+ @4\ B7/ @3\ A2\ C8+ B1+
8x8Trax_8563679 DarkHoney vs. SnugglyBear : @0+ @1/ A0\ @2/ A3+ @3+ B4/ D4\ B5/ E3\
8x8Trax_8563680 SnugglyBear vs. DarkHoney : @0/ A0/ B1+ B0+ @3+ A4\ B5+ C0+ B2\ D1/ D4+ A1/ @3\
8x8Trax_8563681 DarkHoney vs. SnugglyBear : @0+ @1+ A0+ @1/ C1/ C0+ B4/ D2/ @3\ A1\ @3+ C0/
8x8Trax_8563682 SnugglyBear vs. DarkHoney : @0+ B1/ B2\ C1+ C2+ D1/ D0+ B4\ A1\ C0/ A4/ E2/ @3+
8x8Trax_856369 immitzi vs. Knight Rider : @0/ A0\ @2\
8x8Trax_856378 Knight Rider vs. immitzi : @0+ @1/ B2+ C2/
8x8Trax_856382 * Sassy_Angel * vs. KING DRED : @0/ B1/ C1\ B0/ C3/
8x8Trax_856384 Australia vs. supermac : @0+ B1+ A0/ A3/ B3+ B4\ @3/ C5/ @3/ C5+ E4\ D6\ C6+ E2+ E6\ F4/ C7\ F3+
8x8Trax_856417 Kenya vs. * Sassy_Angel * : @0+ A0\ A3/ A4\ B4\ @1\ A0\ @1\ @2\ B0+ E2/ F2+ E1+ E0/ A3+ @3+ C1\ C0/
8x8Trax_856419 Morticia vs. Lyonsgirl : @0/ A2\ A3\ B1\
8x8Trax_856423 Arctic Warrior vs. immitzi : @0+ @1\ B0/ B0/ C2\ D2\ D3\ B4/ @3\ C5/ C0+ C7/ C0\ E2+ F3+
8x8Trax_856425 Arctic Warrior vs. Uncle Chuckie : @0+ B1\ A0\ @2/ B3+
8x8Trax_856428 SunnyD vs. supermac : @0/ A2\ @1+ C2/
8x8Trax_856439 Arctic Warrior vs. Dream : @0/ B1\ A2/ @2/ B0/ D1/ D0/ E3/ E2+ F2/ C4\ B5/ @2\ A1\ @1/ E5\ D6/ H4/ G0/ H1/ A4+ H0\ C8/
8x8Trax_856443 Arctic Warrior vs. ScoobyRex02 : @0+ B1/ C1\ C2\ @1/ A0\ @1/
8x8Trax_856444 supermac vs. SunnyD : @0+ @1\ B0\ A1\ @2\ C0/ D1/ A4/ @4/ B2+ D4+ A3\ @4\
8x8Trax_856457 Arctic Warrior vs. TN_Sapphire : @0/ A2\ A0\ B2\
8x8Trax_856458 Arctic Warrior vs. TN_Sapphire : @0/ A2\ @1\ C2/
8x8Trax_856469 Arctic Warrior vs. Missing 7923 : @0/ A2\ B1/ B2+ A3/ C2/ @3\
8x8Trax_856470 supermac vs. Australia : @0+ B1+ B2/ @1\ C0\
8x8Trax_856479 Arctic Warrior vs. Annette : @0/ A0+ @2\ C1+ B0\ D2+ A1/
8x8Trax_856481 Arctic Warrior vs. outta here : @0/ @1+ B0\ A1\ @2\ D2/ B0\ A1\ A0\ C5/ @1/ A2/ A3+ @2\ G3/ H3/ G1\ D0\ E0\ F0/ C3\ C2\ H3/ G7+
8x8Trax_856482 Arctic Warrior vs. TN_Sapphire : @0/ A2\ B1/ B0+ C2\ C3\ A4/ @4/ E3+ E4/ B5/ A3\ @4/ D0/ E1/ E0/ F1/ G5\ F7/
8x8Trax_856486 Arctic Warrior vs. *EAGLE ONE* : @0/ @1\ B0/ B0+ C1\ A2\ A1\ B0\ A1\ A0\ @3+
8x8Trax_856490 Arctic Warrior vs. NASCAR : @0/ A2\ B1/ B2+ C1\ C0\ C3\ @2/ B4\ B0+ @2\ A1\ A0\ D7/ F3/ E2+ E1/ F1/ F0/ G3+ H2\
8x8Trax_8565500 rogerrabbit vs. ypercube :
8x8Trax_856574 FujiTape vs. dream_on : @0+ B1/ C1\ D1/ C2/
8x8Trax_856578 dream_on vs. FujiTape : @0+ B1/ B2\ C1/ B0\ D2/ @2\ D3+ B3/ B4\
8x8Trax_856591 Arctic Warrior vs. Sanjuro : @0/ B1\ A2/ B2\ B3/
8x8Trax_8566083 Miranda vs. SnugglyBear : @0+ @1+ B2/ A0\ @1\ D2/ A0\ D2/ E3\ E4\ E5\ B5+ C6/ @2+ B5/ B6/ C7/ G4+ B7+ A7/ H5/ H2/ G1+ D8+ A4/ H6/
8x8Trax_8566084 SnugglyBear vs. Miranda : @0/ @1/ A2+ @2\ B3+ B0\ B0+ D3/ A1\ @1\ C0+ D1+ @2\ F6\ G5/ E7/ A5/ C6+ @5\
8x8Trax_856637 Isischylde vs. Uncle Chuckie : @0+ @1/ @1\ B0/ C3\ C4\ D4\ D5\ E4\ D1/ D0/ F5\ F6\ D7+ E8+ A2\ @2\ B1/
8x8Trax_856640 Guyver vs. Vacant 1884 : @0+ B1\ A0\ @2/ B3/ @1\ B3/ A0/
8x8Trax_856641 FujiTape vs. Uncle Chuckie : @0/ B1\ B2\ C2\ B0\ A3+ B4\ B5\ C4\ D4\ C5\ @2\ C0/ D1+ F3/ G3/ G2/ D7\ E7\ F8/ H3/ H2+ H1/ B1\ A4+
8x8Trax_856642 FujiTape vs. Uncle Chuckie : @0+ B1\ B2\ C2\ A0/ D3/ C4/ @2/ C4/ C5/ B4/ A4/ @3/
8x8Trax_856644 FujiTape vs. Isischylde : @0/ B1\ B2+ B3/ A2/ A3+ @2\ A1+ C0\ B0+ @3/ C6/ E4/ B6/ E1\ F2+ E0/ A7/ @5\ G1+ C8/ B8/ H3+ D1/ B3+
8x8Trax_856646 FujiTape vs. Razamanaz : @0/ A2+ @2\ A3\ C1\ @1/ B0\ C0/ D1/ E2/ E1/ @5/ A6/ @4\ B3+ B2\ A2\ @3/ F0+ A5+ E7\ B0\
8x8Trax_856647 FujiTape vs. Vacant 1884 : @0/ A2\ B1/ B2+ B3/ B0+ C2/ @2\ A1+ @1\ D0+ B1+
8x8Trax_856652 FujiTape vs. Uncle Chuckie : @0+ B1\ B0\ @2/ A1+ B3+
8x8Trax_856656 Vacant 27555 vs. Isischylde : @0/ B1\ B2\ C2/ C1+ C0/ C0/ A4+ D2+
8x8Trax_856668 Mike UK vs. Isischylde : @0/ B1\ B2\ C2/ A2/ A3+ @2/ @1\ A0+ A0/ B1/ B0/ D6+ C7/ E6\ D7+ F5\
8x8Trax_856673 Isischylde vs. lilith : @0+ A2\ B2/ B1/ A0+ @1/
8x8Trax_856674 FujiTape vs. Vacant 25583 : @0/ A2\ B2+ B1+ C2\ C3\ D3\ C1/ E3/ E2/ E1/ D4\ A3+ C0/ F3+
8x8Trax_856675 FujiTape vs. Vacant 1884 : @0/ A2\ B2\ B3+ C3/ B4/ @1/ B0\ @3/ D2+ @3\ A2\ A1\ C0/ E7/ B5/ A6\ @4+ E1+ @4+
8x8Trax_856676 FixitDave vs. Isischylde : @0+ @1/ B0\ B3+ C3\ C2+ B4/ @2\ A3+ A1+ E2/ B5/ C5\ B6+ D5\ D1+ E4\
8x8Trax_856678 FujiTape vs. Uncle Chuckie : @0/ B1\ A2/ @2\ A3\ C3+ @2\ E3\ E4\ F4\ E5/ D5+ D6/ G3\ B4+ @3/ A4+ H5/ A5+ G6+
8x8Trax_856680 klaashaas vs. pioenroosje : @0+ B1\ B2+ A3/ B0\ @3/
8x8Trax_856681 klaashaas vs. nlass2001 : @0/ A2\ B2\ B1+ C1+ C0/ D3/ B4\
8x8Trax_8566864 SnugglyBear vs. JonathanT : @0+ B1+ A2\ B0/ C1+ D2/ C3+ B4/ A1+ @2/ C5+ F2/ C0/ E1+ C0+ G5\ F6/ G2/ A1\ F1/
8x8Trax_8566865 JonathanT vs. SnugglyBear : @0+ @1\ C1\ A0\ A0\ C2+ D3+ D4+ E4\ E2+ B4/ C5/ @2+
8x8Trax_856686 hANDYman the Rebel vs. * Sassy_Angel * : @0/ A2\ B2\ B3\ B1+ C3/ C2+
8x8Trax_856687 hANDYman the Rebel vs. * Sassy_Angel * : @0/ A2\ B1/ B2+ C1/ D1/ C3/ E1\ D0/ C0/ D1/ D0+ E5\ E1+ F3\ F5\ D0/ G4\ G5+
8x8Trax_856688 * Sassy_Angel * vs. hANDYman the Rebel : @0/ @1/ B0\ A1+ A3/ @1\ @2\ A1\ C0+ C0\
8x8Trax_856689 * Sassy_Angel * vs. hANDYman the Rebel : @0/ @1/ B0\ A1+ @1/ B3\ A2+ @2\ C0+ B1+ C0/ D1/ E2+ E3+ F3\ D0\ E5+ C1+ B1+ B0\ E7+ A2+ @4/ A5/ @3\ G8+ D7+ D8+ C8/ H8/ A7+ H4/ E1+ G2+ B1\ G1+
8x8Trax_856699 FixitDave vs. Isischylde : @0+ @1/ A2\ C1\ C2\ B3\ D1/ B0/ C4\ E3+ C5/ E1\ F3/
8x8Trax_856709 mcinturff vs. Banditz Mom : @0/ A2+ @2\ C1\ D1/ C2+ C0/
8x8Trax_856710 NASCAR vs. Isischylde : @0/ A2\ B1/ B2+ C2+ B3/ C3+ D1\ C0+ B1+ B0\ @2/ A3+ A4+ @3+ F1\ E0\
8x8Trax_856719 Isischylde vs. Vacant 1884 : @0+ B1\ B0/ C2\ B3+ C1/ A1+ D2/
8x8Trax_856721 EddiE vs. Isischylde : @0+ @1+ A0/ B3\ A3+ A4+ A5\ @3/
8x8Trax_856725 dream_on vs. FujiTape : @0/ B1\ B0/ A3\
8x8Trax_856726 dream_on vs. FujiTape : @0+ B1/ @1+ C0\ B1+ A1+ @1/
8x8Trax_856729 dream_on vs. FujiTape : @0/ A2\ A0\ B3/
8x8Trax_856734 Cityboyz vs. Isischylde : @0/ A2\ B1/ B2+ B3/ C2\ @2\ @1/ B0+ C5\ B0+ C1+ B0\ A1+ @2\ F3+ A0/ G5+ @2/ E2/ D1/
8x8Trax_856735 dream_on vs. FujiTape : @0+ A0/ A3\ B2\ A4/ @4\
8x8Trax_856737 dream_on vs. FujiTape : @0+ B1/ A2/ @1\ C2\ B3\
8x8Trax_856738 dream_on vs. FujiTape : @0+ B1/ B0+ B0\ C3\ @3\
8x8Trax_856739 dream_on vs. FujiTape : @0/ B1\ A2\
8x8Trax_856740 Absentee 25578 vs. Isischylde : @0/ B1\ C1+ B2/
8x8Trax_856749 (**)(**) Bunny Toes vs. Isischylde : @0/ B1\ B2\ C2+ D1/ D0\
8x8Trax_856764 nutsy16102 vs. Isischylde : @0/ A0\ @2\
8x8Trax_856776 Q vs. Isischylde : @0/ B1\ B2\ A2+ @2/ B3+
8x8Trax_856781 racheljepp vs. Isischylde : @0+ A0+ B2\ B3/ A3/ @1/ @2\ C4/ B0/
8x8Trax_856795 Wizard_from_Oz vs. Isischylde : @0+ A2+ A3/ B2/ @1\ B4\ A3\ C4/
8x8Trax_856796 FujiTape vs. Isischylde : @0+ A0+ A3+ @1/ C2\ A3+ A4\ @3/ C0\ @4/ B6\ B2+ C6\ C7/ B7+ E5+ @5+ A4\ A3\ @5+ A6+ @4/ C2+ F0+
8x8Trax_856797 FujiTape vs. Isischylde : @0/ A2\ B2\ B3+ C2\ C4/ @2\ C1+ C0\
8x8Trax_856798 FujiTape vs. Vacant 27555 : @0/ A0/ @2\ C1\ A3\ C3/ A4\ @4/ A5/ @5/ @5/ A1+ @3/ E0+
8x8Trax_856799 FujiTape vs. Isischylde : @0+ A0+ A0+ @1/ C1/ C0\ B1+ A1+ @2/ @2\ C0/ C5+ D6/
8x8Trax_856800 FujiTape vs. Uncle Chuckie : @0/ B1\ A2+ A3\ B2\ C2\ C3\ C4/ D3/ @2\ B0/ C0\ E3+ B0/ @3\ @3+ @4\ A5+
8x8Trax_856802 FujiTape vs. Vacant 27555 : @0/ A0/ @2\ C1\ C2\ C3/
8x8Trax_856818 Misfit Lenrad6672 vs. Uncle Chuckie : @0/ B1\ A0/ A3\
8x8Trax_856828 Vacant 1884 vs. Isischylde : @0/ B1\ A2/ @2\ A3/ @3+ @3\ B2\ B1\ B0/ A3+
8x8Trax_856834 dream_on vs. FujiTape : @0/ A2\ B2+ B1+ C2+ D2/ D1/ E1/ A0\ D1+
8x8Trax_856835 dream_on vs. FujiTape : @0+ @1\ A2/ @2/ C2\ C3/
8x8Trax_856836 dream_on vs. FujiTape : @0+ @1\ A2/ @2/ C0/ C0/ D2\ E2\ D3+
8x8Trax_856838 dream_on vs. FujiTape : @0+ B1/ B2\ C1/ @1/ A2\ A3/ @3/ D0/ D4\ A2\ @3+
8x8Trax_856839 dream_on vs. FujiTape : @0+ B1/ C1\ C2\ A2/ B3+
8x8Trax_856841 dream_on vs. FujiTape : @0/ A2\ B1+ C1\ C2\ B3\ C0/ D1/ A1\ B0+
8x8Trax_856842 dream_on vs. FujiTape : @0+ B1\ B0/ C1/ B3\ C3+ D2\ D1+ E3\ D4/ D5/ E2/ E1+ F3/
8x8Trax_856843 dream_on vs. FujiTape : @0+ @1\ @1/ A2/ C2\ B3+
8x8Trax_856844 dream_on vs. FujiTape : @0/ A2\ B1+ B2+ C1+ D1\ D2\ E2\ A3/ D3+
8x8Trax_856845 dream_on vs. FujiTape : @0/ B1\ A2+ B2+ B3+ A3+ A4/ @4+ C4\ C5\ C6\ D4\ C0/ D1/ B1\ C0\
8x8Trax_856846 dream_on vs. FujiTape : @0/ B1\ B2+ A2+ B3+ B4/ A4/ A5/ B0/ @5+
8x8Trax_856851 GIDGET10 vs. Isischylde : @0/ A0\ @2\
8x8Trax_856854 Logged Off 19637 vs. Isischylde : @0/ B1\ A0+ B3/
8x8Trax_856870 hANDYman the Rebel vs. REBEL DJ : @0+ A0/ B1\ B2\ C2\ @2/ A3/ E3\ E4\ D4+ E1/ F1/ D0/
8x8Trax_856871 REBEL DJ vs. hANDYman the Rebel : @0/ B1/ C1\ C2\ @1\ A0\ @1\ B3\ E4\ D1/ B0+ D1/ B0\ F4\ @2\ D6\ F7\ B6/ RESIGN
8x8Trax_856880 Isischylde vs. DEX : @0+ A0+ B2+ B1+ C2/ @2/ B3\ A1\ B0/
8x8Trax_856881 cakelady vs. Isischylde : @0+ A0+ A0/ @3\ B4\ C3/
8x8Trax_856887 What The vs. Isischylde : @0/ B1\ A2/ @2+ B0/ @3\ D3+ C0/ E3\ E5/ F3+ F4+ G4\ F6+ D6+ E0+ B6+ B1/ C8\
8x8Trax_856891 Isischylde vs. What The : @0+ A0/ B2+ A3/ B3+ B4/ @3/ A4/ B5/ B6/ A5+ D4/
8x8Trax_856953 Misfit Lenrad6672 vs. Rude Misfit : @0+ @1\ B2/ B0/ @2\ @2\ C0/ C5\ E2/ D1+
8x8Trax_856958 What The vs. Brendans Grandmom : @0+ @1\ B0\ B0/ C1/ C0\ A3\ C4+ B5\ @2\ C1+ A1+ C0/ E6\ E2\
8x8Trax_856966 Misfit Lenrad6672 vs. Dbledee : @0/ B1\ @1\ C2+ A0+ B3/ A0/ C5\ B2+
8x8Trax_856967 aaronnimzo vs. * Sassy_Angel * : @0/ B1\ A2/ B2+ B3\ @2/ C4\ D2/ @3\ C5/ C0/ F4/ E6+ F2\ G3/ C7+ B6/ C8+
8x8Trax_856969 FujiTape vs. Vacant 1884 : @0+ A0+ A0+ A4/ @4\ A2/ C2/ B0/ A2\ @2\ B0/ D1/ E1/ E3/ A5+ C7\ D6+ E6/ D7+ F3\
8x8Trax_856970 FujiTape vs. Vacant 1884 : @0+ A2+ A3+ @2\ C1/ @2\ C0\ B4/ C5/ D5\ D6\ E5\ B5+ A5/ @4/ @4/ B5/ F3+ G2+ H4\ H2\ A2/ G6\ H6\ H7/ G1+ G0/ A2\ A6/ A1/
8x8Trax_856972 FujiTape vs. Uncle Chuckie : @0/ B1\ B2\ C2/ B3\ A2+ D2+ B4\ C1+ C0/ D1/ D0/ B7\ E2+
8x8Trax_856979 Megababe vs. Mikee : @0+ A0+ A3/ @2/ B0\ A2\ @2/
8x8Trax_856998 SweetCindyJo vs. Dawnas AZ : @0/ A2\ B1\
8x8Trax_857012 Arctic Warrior vs. Vacant 1884 : @0/ A2\ B2\ B1+ A3/ @2\ D3\ C4/ C0/ D1/ E3/ E1\ E4\ F4\ F1\ G3+
8x8Trax_857014 Arctic Warrior vs. dreamangel : @0/ B1+ @1\ A0/
8x8Trax_857015 Arctic Warrior vs. Uncle Chuckie : @0/ B1\ A2/ @2/ C2\ C3\ D3\ B3/ B4/ A3+ @2+ F3\ F4\ B5\ F5/ G4\ D0\ H4+ A5\ D0\
8x8Trax_857017 FujiTape vs. Whistler Gandalf : @0+ B1/ @1/ A2/ A3/ @2/ A3+ D0\ C1+ B1\ A1+ B0+ B0\ A1\ @4+
8x8Trax_857019 Dragon Jr vs. Arctic Warrior : @0/ @1\ A0\ @2\ C1+ B0/ C1/ A2\ B0/ C5\ D5\ C1/ D2/ D1/ E3\ E5\ E6\ B5+ F6/ F5/ G5/ F4/ F3/ G4/ H4/ H3/ C0\ C0+ B2+ G4+
8x8Trax_857021 Isischylde vs. racheljepp : @0+ B1\ C1/ B2/ B0/
8x8Trax_857023 Arctic Warrior vs. Roughdawg MIA : @0/ A2\ B1/ B0/ @3\ @2+ B0/ @3+ D5/ @3+ @3/ A4/ D4+ @4+ H1\ F5/ G0\ C6\ C7\ D6+
8x8Trax_8570272 jazzbeth vs. Rogue Trooper : @0/ A0/ @1/ A0/ C2/ C1/ A3/ C0/ D3+ D5+ @3+ @1\ A0\ @3/ A4/ @4/ B5/ C6/ F7+ E1+
8x8Trax_8570288 * vs. TallPaul : @0/ B1+ A0\ @2/ C1+ B3+ A1+ B0+ A1+ @1\ A2+ @3\ B4+ C5\ @1\ C0\ A5/ @5+ B6\
8x8Trax_8570358 Playoria vs. ypercube : @0/ A0/ B2/ B3/ C2/ @2\ B0+ E3/ E5+ F4\ F2\ A2\ C0\ @4/ A5/ F0+ G2/ H2/ H1/ F8\ G8\ H5+ C7\ A7/ E8+
8x8Trax_857042 Mikee vs. Megababe : @0+ B1/ A2\ @1/ B0\ C4\ A4\ D3\
8x8Trax_857044 Arctic Warrior vs. Uncle Chuckie : @0/ B1\ A2/ @2/ C2\ C3\ D3\ E3+ D4/ F3+ B3+ C4/ D5+ D6\ E6\ B4+ F2/ E7\ G6\ F1+ B0/ G8\ H7/ C7/ B7/ B8/ A6+ G2/ H6/
8x8Trax_857045 roses4gypsy vs. Arctic Warrior : @0+ B1\ @1+ @1/ B2\ B3\
8x8Trax_857048 Vacant 25583 vs. Arctic Warrior : @0/ B1+ @1\ B0/ C3/ B3+ A3+ A1\ A0\ @4\ A2/
8x8Trax_857050 Arctic Warrior vs. Vacant 1884 : @0/ B1\ A2/ A0/ B3\ B4\ C4\ A4/ A5/ B5+ A6/ @6/ A7/ @5\ @5+ B4+ A4\ F7\ G3+ E8\
8x8Trax_857054 Arctic Warrior vs. Romy : @0/ B1\ A2/ @2\ D1/ C2+ C0/
8x8Trax_857055 Arctic Warrior vs. Romy : @0/ A2\ B2\ B1/ C1\
8x8Trax_857056 dreamangel vs. Arctic Warrior : @0/ A2\ A3/ B1\
8x8Trax_857063 Arctic Warrior vs. What The : @0/ @1/ A2/ A0\ @2/ A3+ @2/ D0/ D0\ B3+ C1+ B2\ B1\ @5\ F3\ C6/
8x8Trax_857069 Arctic Warrior vs. nylady41 : @0/ B1+ B0\ A3+ @2/
8x8Trax_857075 Arctic Warrior vs. daffyANGEL : @0/ @1\ A0/
8x8Trax_857082 Arctic Warrior vs. nylady41 : @0/ A0+ A0\ B2+ @3\ A4/ A1/
8x8Trax_857084 Arctic Warrior vs. dreamangel : @0/ B1+ B0\ C2+ @2/ E2\ C3/ C4+ A3\
8x8Trax_857091 Megababe vs. Mikee : @0/ A2+ @1\ B0/ C1/ A3/ @3+ E1\ E0/ F1/ F0/ E4+ D6\ B3+ D1\ D0\ B3/
8x8Trax_857098 Ali vs. Megababe : @0/ A2\ B2\ B1+ C2/ A0\ @1/
8x8Trax_857100 Arctic Warrior vs. roses4gypsy : @0/ B1/ @1\ C0\ A1/
8x8Trax_857107 Arctic Warrior vs. What The : @0/ A0/ B1+ B0\ C1/ @2/ C0/
8x8Trax_857115 mayonnaise vs. Arctic Warrior : @0/ B1\ C1/ B0/
8x8Trax_857120 Cookie of the Wolf Pack MIA vs. hANDYman the Rebel : @0+ @1\ @1/ A2/ B0/ C1+ D2\ D3+ D1/ E1/ @3/ C4+
8x8Trax_857121 Cookie of the Wolf Pack MIA vs. hANDYman the Rebel : @0+ @1\ @1/ A2/ @2/ C0/ B1\ C0/ C4+ D2+ E3\ E4/ D5/ D0+ E3/ F3/ B2+ C7+ B8\ @6/ A5+ A7+
8x8Trax_857123 hANDYman the Rebel vs. Cookie of the Wolf Pack MIA : @0/ A2\ B1/ A3\ B3/ @1/ D1/ C0/ E2\ B5\ @3/ D0\ E6\ E7/
8x8Trax_857125 hANDYman the Rebel vs. Cookie of the Wolf Pack MIA : @0/ B1\ A2/ A3/ B2+ @2\ D2\ D4\ E4\ E5/ @2+ F2/ G3+
8x8Trax_857128 Arctic Warrior vs. Shadow_Ops : @0/ @1/ B0/ @2+ B3/ B4+ B0/ B0/ D5/ E5+ D3/ B7+ D2\
8x8Trax_857132 Arctic Warrior vs. Uncle Chuckie : @0/ B1\ A2/ @2/ C2\ B3/ D1/ C0\ D4\ C5+
8x8Trax_857136 Shadow_Ops vs. Arctic Warrior : @0/ B1\ C1+ A2\
8x8Trax_857139 Arctic Warrior vs. What The : @0/ B1\ A2/ B2+ B0/ C1/ C0/ B5/ A5/ A2+ D1+ C3\ @5\ D0\ A5\ B7/ E4\ F4\ F2+ D6\ G2+ F6/ H2+
8x8Trax_857141 Arctic Warrior vs. outta here : @0/ A2+ @1/ @2\ A0\ @1\ B4/ A4/ A3+ E3+ E4\ E5\ F5\ @2\ F6+
8x8Trax_857147 Arctic Warrior vs. blondie : @0/ @1\ A0/
8x8Trax_857149 Arctic Warrior vs. Logged Off 13978 : @0/ @1\ A0/
8x8Trax_857157 Arctic Warrior vs. blondie : @0/ A2\ B1/ B0\ B0/ C1/ C3\ C4\ B5+ D3/ D1/ E2/ E1/ D0/ E1/ A6+ F3+ @6/ C7/ D0+ H4+
8x8Trax_857166 Lady Butterfly vs. paganje : @0+ @1\ B2+ C1/ B3\ B0+
8x8Trax_857168 Arctic Warrior vs. nisqually : @0/ A2\ B2\ B1/ C1\
8x8Trax_857169 Ali vs. Megababe : @0/ A2\ B1/ B0/ C1\ C2+ D2\ C3/
8x8Trax_857170 Arctic Warrior vs. Patrick : @0/ @1/ A2+ C2\ C3/
8x8Trax_857172 Arctic Warrior vs. nylady41 : @0/ A0+ @2\ B3+ B0\ C2+ A1/
8x8Trax_857175 Arctic Warrior vs. Jac The Red : @0/ B1\ A2/ A0/ B3\ @3\ C4/
8x8Trax_857196 Abaitha vs. * Sassy_Angel * : @0+ @1/ A2+ B3\ B4+ C2\
8x8Trax_857199 Abaitha vs. * Sassy_Angel * : @0+ B1\ A0/ @1\ D1/ A0/
8x8Trax_857202 * Sassy_Angel * vs. Abaitha : @0/ A0+ A0\ @1/ A2+
8x8Trax_857203 * Sassy_Angel * vs. Abaitha : @0/ B1\ A2+ A3/ B0/ B3\ C1\
8x8Trax_857205 Jump This vs. Lorraine of the Renegades : @0/ A2\ B2\ B3\ B1/ C2\ A0\ @2/ C0/ D2\ B0\ E4\
8x8Trax_857243 *Tampa*Dave* vs. * Sassy_Angel * : @0+ A0\ @1/ A0\ A3/ @1/
8x8Trax_8572549 HeatherN vs. SnugglyBear : @0/ B1+ A0\ @2/ A3\ D2\ D3\ @3/ A4/ B1\ A1\ @3/ @2\ H3\ B4+ G4+
8x8Trax_8572550 SnugglyBear vs. HeatherN : @0/ A2/ A0\ @2/ A1+ A0\ @3/ A4/ @2\ B5\ C0/ D1/ E1/ A6+ E5\ F3/ D6\
8x8Trax_857265 McStack vs. Goonerg : @0/ @1\ B0\
8x8Trax_857273 blondie vs. Goonerg : @0+ @1\ A2/ @2/ C0/ A2\ D1\ @3\
8x8Trax_857274 Misfit Lenrad6672 vs. Rude Misfit : @0/ B1+ @1\ A2\ A0/
8x8Trax_857288 Goonerg vs. McStack : @0/ B1\ A2/ A0\ @1/
8x8Trax_857290 Isischylde vs. littlelady : @0+ @1/ @1\ B2/ A0/
8x8Trax_857291 gertess vs. * Sassy_Angel * : @0/ A2\ A3\ B1\
8x8Trax_857299 sandie vs. * Sassy_Angel * : @0/ A2\ A0\ B3/
8x8Trax_857315 JenJen vs. * Sassy_Angel * : @0/ A2\ A3+ B1\
8x8Trax_857323 superkaempe the gentle giant vs. * Sassy_Angel * : @0+ B1/ B0\ @2\ A1/
8x8Trax_857327 Dania59 vs. * Sassy_Angel * : @0+ @1/ A2\ B2+ C2/
8x8Trax_857352 Dania59 vs. * Sassy_Angel * : @0+ A0\ A3/ B1/ B0/ B4\ B5\ C1+ @2/ A4/ E3\ F3+ A5/ G3+ @3/ A4/ D6/
8x8Trax_857361 Honeybear vs. DragonHeart MIA : @0/ B1\ B2\ C2\ A0\ D2/ @2\
8x8Trax_857389 * Sassy_Angel * vs. Abaitha : @0/ B1/ A0\ B3/ @1/
8x8Trax_857390 Abaitha vs. * Sassy_Angel * : @0/ A2\ B1\
8x8Trax_857398 arthur vs. SweetCindyJo : @0/ B1\ A2/ B2+ @1\ C3/ A0/
8x8Trax_857402 the great snowqueen vs. Jump This : @0+ B1+ @1+ @1+ @1\ A0\ F2/ F1+ G1+ C3+ H1+ D3\ C1/ B0/
8x8Trax_857405 McStack vs. Jump This : @0/ @1+ @1\ A0/ B1+
8x8Trax_857431 blondie vs. STrek : @0/ A2\ B1/ B2+ C1\ C2\ D2\ C3/ C4/ B3/ @2\ B0+ C5+ B0/ E2/ @3\ G2\
8x8Trax_857432 arthur vs. SweetCindyJo : @0/ B1\ A2/ B2\ A3\
8x8Trax_857434 STrek vs. blue - : @0+ @1\ C1/ B0+
8x8Trax_857437 nisqually vs. STrek : @0/ B1/ @1\ C0+ D2\ B3+ A1+ C0+ A1/ D1/ D4+ E2+
8x8Trax_857440 Scorpius vs. * Sassy_Angel * : @0+ B1/ B2/ A3/ C1/ @2/
8x8Trax_857442 pioenroosje vs. STrek : @0/ A2\ B1/ B2\ C2/
8x8Trax_857443 Senorita ZORRO_ vs. * Sassy_Angel * : @0+ B1/ A2+ B0\ A1+ @2\
8x8Trax_857444 Abaitha vs. * Sassy_Angel * : @0/ B1\ @1+ C2/
8x8Trax_857447 Abaitha vs. * Sassy_Angel * : @0/ A2\ B2\ @1\ @1\ B0\ A3+ C4+ E3+ @3\ C0\ A3+ F3\ A2/
8x8Trax_857455 STrek vs. carinda : @0+ B1/ B2/ B0\ A1\ A0\ @3/ B5+ @1+ E3+ C6/ A5/ @2+ B6+ G3+ B7+ A7\
8x8Trax_857457 STrek vs. willdog40 : @0/ A0/ @1+ C2/ B0+ C2+ B0/ C2/ C5+ @3/ A5/ D1+ C6/
8x8Trax_857464 DragonHeart MIA vs. Honeybear : @0/ A2\ B2\ B3\ C2/ B1+ D2/ C1+
8x8Trax_857468 goldfreckles vs. Honeybear : @0+ B1+ @1\ A0/ B1/ C3\ B3/ C4/
8x8Trax_857469 Megababe vs. AWOL 27087 : @0/ A2\ B2\ B1/ C2/
8x8Trax_857491 DragonHeart MIA vs. Honeybear : @0/ A2\ B2\ B3\ C2/ C1/ D2/ E3\ E4+ D1+ C4\ D0\
8x8Trax_857495 Jump This vs. Uncle Chuckie : @0/ B1\ A2/ @2/ C2\ B3/ B4/ A3+ C4\ D3+
8x8Trax_857507 MsDot vs. STrek : @0/ A2\ B2\ B1+ @2/ B3\ C3+ C4+ B0\ A1\ @2\ @2\ B4\ B1+
8x8Trax_857508 ryry vs. Cindy MIA : @0/ A2\ A3/ B2/
8x8Trax_857539 Honeybear vs. lilith : @0+ A0\ A0/ B2\ B1/ @3\ D2/
8x8Trax_857550 REBEL DJ vs. * Sassy_Angel * : @0/ A2\ B1/ B2\ C1+ B3\ B4/ C0+ D2\ D3\ A1\ @2/ E4/ B0/ C1+
8x8Trax_857551 REBEL DJ vs. * Sassy_Angel * : @0/ B1\ @1+ C2/
8x8Trax_857552 * Sassy_Angel * vs. REBEL DJ : @0/ A2/ B2\ A3\
8x8Trax_857554 * Sassy_Angel * vs. REBEL DJ : @0/ A0+ A0\ @1\ A0\ A5/ @5/ A6/ A3\ @5+ B2+
8x8Trax_857563 Vacant 1884 vs. Misfit Lenrad6672 : @0/ A0\ @1/
8x8Trax_857565 ellieoop vs. Jump This : @0/ A0\ @2\
8x8Trax_857576 Knight Rider vs. pioenroosje : @0/ A2\ B2\ B3+ C2/ C1/ @2\ D3\ E3+ F3/ F2/ A0\ C1+ @1/
8x8Trax_857583 Honeybear vs. Uncle Chuckie : @0+ B1\ B0/ C2\ A1+ @2/ A1\ B3+
8x8Trax_857586 arthur vs. SweetCindyJo : @0/ A2\ B1/ B0\ C2\ B3+ @2\ A1\ B4/ A4/ D3+ C4+ D4+ C0\ D6/
8x8Trax_857589 * Sassy_Angel * vs. Dania59 : @0/ A2\ B2\ B1+ C2/ A3/ @3\
8x8Trax_857590 * Sassy_Angel * vs. superkaempe the gentle giant : @0/ @1\ B0\
8x8Trax_857592 JenJen vs. Uncle Chuckie : @0+ B1\ C1/ B0\ C1/ @2/ E1\ B3+
8x8Trax_857593 JenJen vs. Romy : @0+ B1\ C1/ B2\ A0/ B0\ @2/ D2+ E3\ C5\ F3\ E5\ E2+ E6/
8x8Trax_857594 paganje vs. Vacant 27555 : @0/ A0/ B2\ A3\
8x8Trax_857597 Honeybear vs. Romy : @0+ @1\ A2/ A3\ @2\
8x8Trax_857599 blondie vs. JenJen : @0/ @1\ B0\
8x8Trax_857604 DragonHeart MIA vs. Honeybear : @0/ A0\ @2\
8x8Trax_857607 Misfit Lenrad6672 vs. Romy : @0/ A0\ @2\
8x8Trax_857610 Vacant 27555 vs. Honeybear : @0/ B1\ B2\ A2+ A3\ B3+ C3\ C2+ D3\ C0/ D1/ B0\ E3+
8x8Trax_857619 Honeybear vs. Uncle Chuckie : @0/ B1\ B2\ C2/ A2/ A3/ C1/ B0\ C1+ D1/ C4\ C0+
8x8Trax_857620 Romy vs. paganje : @0/ A2/ B2\ C2/ A3\
8x8Trax_857623 Honeybear vs. DragonHeart MIA : @0+ A0/ A0\ @2\
8x8Trax_857625 Misfit Lenrad6672 vs. Uncle Chuckie : @0/ B1\ A2/ @2/ C2\ C3\ C0/ D2\ @3\ D5\ A2+ A1\ C5/ D0\
8x8Trax_857626 Morticia vs. Lyonsgirl : @0+ B1+ A2\ C1+ A0/
8x8Trax_857630 goldfreckles vs. Honeybear : @0+ B1/ @1/ A2\ B2\ B3\ B4\ C0/ D2/ B0\ A1\ E3/ E2\
8x8Trax_857635 Misfit Lenrad6672 vs. Mike UK : @0/ @1/ A2\ C1+ C2/ C0/ B1+ C4\ B0/ D5/
8x8Trax_857640 * Sassy_Angel * vs. superkaempe the gentle giant : @0/ A2\ B2\ B1+ C2/ C1/ B0/ C1/ B4+ C4\ D3/ D2+ E2/ D0/ @4/ A5/ A6/ F1/ D6/ C6/ G1/ H1/ F0+ D2\ A8\
8x8Trax_857647 Jump This vs. Uncle Chuckie : @0/ B1\ A2/ @2/ A3/ @1\ A0\ C1\ B0/ D4\ B6\ E4+ C6+ D5\ C7/ F4+ B8/ A7\ D7\ D8+ E2\ G4+ F2/ @2+
8x8Trax_857654 Misfit Lenrad6672 vs. Honeybear : @0/ A2\ B1/ B2+ C1\ B0/ B4\ C3\ C4+ B5/ D4/
8x8Trax_857655 Honeybear vs. Mike UK : @0+ @1\ @1/ B2\ A2+ C3\ D3\ D1+ B3/ B4/ C0/ @3/ A4+ B5/
8x8Trax_857656 pioenroosje vs. Honeybear : @0/ A2\ B1/ B0/ B3\ C3\ A4/ A5+ @4\
8x8Trax_857658 Honeybear vs. DragonHeart MIA : @0+ @1\ A0\ C1/ B0\ @2\ B1+ A4/ @4/ C5\ D5\ D6\ E3\ F2/ @4\ A3\ B1\ B0\ @4\ D1/ D0/ H7\ B7+ B2/ A2+ H8+ G3/ G2/ C1+ H3/ H2/ A8+ B1+
8x8Trax_857660 blondie vs. Honeybear : @0/ A2\ B1/ A3\ B2\ C1/ @1\ B0/ A1+ A3/ @3+ @3\ A2\ F3\ G3+ H3/ G2/ G1/ H2/ D5+ C5\ E5\ G5/ B5/ B6/ A4/ E6\ D7\ G0/ H6+ H1\
8x8Trax_857663 goldfreckles vs. Honeybear : @0+ B1+ A0/ B3\ A0/ @2/ D2/ D1+ A4/ @4/ A2/ @4\
8x8Trax_857669 Knight Rider vs. Lillie : @0/ A2+ A0\ A4\ @2\
8x8Trax_857680 (((INTENSITY))) vs. Honeybear : @0/ A2\ B1/ B2+ B3\ C2/ D2+ C1/ C0/ E2/ @3/ A4/ A5/ F3\ G2/ G4\ H3+
8x8Trax_857685 Megababe vs. AWOL 27087 : @0/ B1\ A2+ B2+ A0\ A4\
8x8Trax_857690 Red revolution vs. Honeybear : @0/ A2\ B1/ B2+ B3/ @3/ B4\ @2\ A1\ @3+ C0+
8x8Trax_857691 pioenroosje vs. Honeybear : @0/ A2\ B1/ A0/ A4/ @4/ C3\ D2/ D1\ C0+ C6\ D6\ D4+ E4+ E5\ E6+ F5/ C7+ F6\ G5/ G4\ D1/ E2+ G3/ E1/
8x8Trax_857692 Dawnas AZ vs. SweetCindyJo : @0/ A2\ @1\ C2/
8x8Trax_857695 Roughdawg MIA vs. Honeybear : @0+ B1+ B0\ B3\ A3+ B0/ C1/ @2\ A1\ A4/ A0/ C1/ D3\ E2/ @3/ A4/ @4/ B5/ D0/ F7\ G6/ D7+
8x8Trax_857706 goldfreckles vs. Honeybear : @0/ B1\ A2/ B2+ C2/ D1/ C0\ D1+ B1\ D0\ C1\ C0\ B1\ @2/ @2\ A1+ B3+ A4\ @2/
8x8Trax_857712 * Sassy_Angel * vs. *EAGLE ONE* : @0/ A2\ B2+ C2/ C1/ B0/ D2\ B4/ @2/ B0\ F3/ D2/ F2+ A1\ @2\
8x8Trax_857718 (((INTENSITY))) vs. STrek : @0/ B1\ A2/ @2+ C2\ C3\ B0+ D3+ @1\ B0/ @3/ A4/ @2\ B1/ D0/ B6/ @4+ H3/ D7/ B2+ E6+ A2+ B1\ C0+
8x8Trax_857725 pioenroosje vs. STrek : @0/ B1\ B2\ C2+ B3/ A3/ A0\ @2/ A5/ @5/ A6/ @5/ A4\ @5/ B6+ C3+ G1/ F0/ H2/ B8/ A5\ H4+
8x8Trax_857733 Phil The Hat vs. Cindy MIA : @0/ A2\ B2+ B1+ C2+ D2/ C1/ C0/ D1/ B0\ D0\ A3\
8x8Trax_857740 pepperbeach vs. JenJen : @0/ A0\ @1/
8x8Trax_857743 paganje vs. Knight Rider : @0+ B1\ C1/ C0/ C0+ A2/ D2/ E3\ E4/
8x8Trax_857750 Misery Midnight vs. maggies tavern : @0/ A0/ @1/ B3/ C3\ C4\ D4/ A2+ D3+ B4+ C0/ A1\ @2\
8x8Trax_857752 Honeybear vs. goldfreckles : @0/ A0/ @2+ A3\ @1\ A0\ A3/ @3\
8x8Trax_857766 Knight Rider vs. Lyndalou : @0/ A2\ B2\ B1+ A0/ A0/ @4/ B5\ B0\ A2+ A1+ @1\ A5/ E2/ E1\
8x8Trax_857781 Honeybear vs. goldfreckles : @0/ A0/ B2/ B1/ C2\ B3/ C0/ D2\ A4+ A1\ B0+ @3\
8x8Trax_857791 STrek vs. Uncle Chuckie : @0+ B1\ B2/ @1/ A2/ @2/ C3\ @1/ D4/ D0\ A3/ B5/ B6+ A6/ @3/ B7\ D7\ E7+ D8+ F6+
8x8Trax_8577928 bengt vs. ypercube : @0+ B1+ C1\ C2\ C3+ D2+ E2+ D0/ E1/ E0/ F2/ G2/ G1/ H1/ E0+ F5+
8x8Trax_857810 Knight Rider vs. barbara : @0/ A0/ @1/ A2/ C2\ A3\ C3/
8x8Trax_857815 AWOL 27087 vs. Megababe : @0/ B1\ B2\ @1/ D1/ D0/ D4\ E4\ B3/ B4/ C5/ C6/ B5/ B6+ A6/ E3/ F3/ F2\ G2/ G1/ F0/ A4/ H2/ H1/ G4\ G0+
8x8Trax_857847 Phil The Hat vs. Vacant 1884 : @0+ @1\ A2\ C1/ D1\ B0+
8x8Trax_857853 SarahMills vs. Jump This : @0/ B1\ B2+ A2/ A0\ @1\ D2/ D1/ B0\ A3/ @2\ F3\ F4\ C5+ B5/ A1+ D6\ E5+ A3+ B6+ D7\ B7+ B8/ A8/ C8\ A4+ G5+ @4\
8x8Trax_857887 Misery Midnight vs. goldfreckles : @0+ @1\ A0/ C2/ B1/ @1/ C3/ @1\ A0+ B1+ B0+ A1+ A0\ @1\ F4/ G4/ B5/ A5/ B6/ C7\ H3/ H2/ D2/ F2\
8x8Trax_857888 Isischylde vs. Romy : @0+ A0\ @2+ B3\ C3+ @2\ B3+ C0/ D2+ D1+ E1/ D5/ E5/ E3/ D6/
8x8Trax_857896 Phil The Hat vs. Vacant 1884 : @0/ A2\ B1\
8x8Trax_857906 Knight Rider vs. princesarg : @0/ B1\ B2\ A2+ C1/ A3\ C0\
8x8Trax_857908 pioenroosje vs. Phil The Hat : @0/ A2\ B1/ B2+ B3\ C3\ A0\ @1\ D1+ D0/ E2/ C0/ F5+ E7+ D7+ D8+ B7/ A4/ B8\
8x8Trax_857921 Misfit Lenrad6672 vs. WEARGRL3 : @0/ A2+ A0\ A4+ @1/
8x8Trax_857923 Phil The Hat vs. Uncle Chuckie : @0+ B1\ B2+ B3/ @1\ A0+ A3/ @3/ E3\ B4+ C5\ A1\ @3/ D6+ F6\ G6\ @2+ C0/ E8/ C8+ D1/ G3+ B6/ F1+
8x8Trax_857942 streep vs. STrek : @0+ A0+ A3\ @1/ C2+ D2/ D1/ B0\ E3\ B0\ D5\
8x8Trax_857953 Knight Rider vs. The TT : @0/ @1\ B0\
8x8Trax_857968 Knight Rider vs. Kelly is Untouchable : @0/ A2+ B1/ A3\ C2\ C0+ C4+ D2/ D1/ D4\ E4\ D5\ D6+ A5/ E6/
8x8Trax_857990 Rose vs. Misfit Lenrad6672 : @0/ A0\ @2\
8x8Trax_857996 Knight Rider vs. Vacant 1884 : @0+ A0+ B2\ B3\ A4/ @4\
8x8Trax_858000 Blue Warrior vs. Misfit Lenrad6672 : @0+ B1/ A2\ B0\ A1\ @2\ A1\ @1\ B0/ B0/ C2/ C1+ D2+ E2/ D1/ F2/ D0/ E1\
8x8Trax_858001 Blue Smartie vs. Marko : @0/ A0+ A0+ @3/ @3+ D2+ C0+ @4+ @4+ G3+
8x8Trax_858002 Misfit Lenrad6672 vs. Rose : @0/ A2\ B2\ @1\ B0\
8x8Trax_858005 Knight Rider vs. Tigger : @0/ A0\ @2\
8x8Trax_858053 Knight Rider vs. Tigger : @0/ A2\ B2\ B1/ C2/
8x8Trax_858055 pioenroosje vs. Phil The Hat : @0/ A2\ B1/ B2+ B3\ C2\ A0\ @2/ D4+ E3+ E1/ B0+ F3/
8x8Trax_858056 ARCTIC PRINCESS vs. Arctic Warrior : @0/ A2/ @1\ B0/ C1+ D1\ B4+ D0\ B6+ A2\ B1+ B0\ A1\ @4+ @4\ G3+ H3/ F7/ G1/ F0\
8x8Trax_858065 Phil The Hat vs. Uncle Chuckie : @0/ B1\ B2\ C2\ A2/ B3\ B0\ A0/ D2+ C0/ E4+ C6\ E2/ E1/ F4+ @3+ H4+ G6\ E7/ G3/
8x8Trax_858066 Honeybear vs. Uncle Chuckie : @0/ B1\ A2/ @2/ B3/ A3+ C0\ A5\ @1\ D3+
8x8Trax_858067 mcinturff vs. Banditz Mom : @0/ A2\ @1\ C1/ B0\
8x8Trax_858069 Arctic Warrior vs. ARCTIC PRINCESS : @0/ B1+ @1\ B0+ A1+ A0\ B4\ D3\ D4\ C5\ D2/ E3\ E4+ A5/ @4/ B6\
8x8Trax_858071 Honeybear vs. ISHKA : @0/ B1\ B2\ A2+ @1\ B3\ A0/
8x8Trax_858085 (((INTENSITY))) vs. STrek : @0/ B1\ B2\ A2+ B0/ C1/ C0/ A2+ C4/ D4/ C0\ B1+ @2\ A3+ F3+ E1+ A5+ C6+ D6+ D0+ G3\ C8\ @6/ D1\ A7+ A8/ B8\
8x8Trax_858099 Rose vs. kdogtrainer : @0+ @1/ B0\ C2+ @2/ @2+ E1+ C0/ A0\ F3+ @2\
8x8Trax_858108 geneoo vs. spitfire : @0/ @1/ B0+ C1+ A3+ @3/ B4+ A2\ D0\ B1\ D3+ C0\
8x8Trax_858113 ellieoop vs. Jump This : @0/ B1\ A2/ @2\ C2\ C3\ A3/ B4+
8x8Trax_858128 Goonerg vs. blondie : @0/ B1\ B2\ A2/ B3/
8x8Trax_858137 McStack vs. Goonerg : @0/ @1\ A0/
8x8Trax_858139 Knight Rider vs. Vacant 1884 : @0+ @1\ A2/ @2/ C2+ A1\ @2/ E2/ A3/ F2/ A1\ @1\ A2/ @2\
8x8Trax_858140 Goonerg vs. McStack : @0/ A2\ B1/ @2\ C2\ D1/ D0+ @1/ F2/ A3/ A4/ D4+ B5/
8x8Trax_858145 * Sassy_Angel * vs. Kelly is Untouchable : @0/ B1\ A2/ B2\ B3/
8x8Trax_858164 Goonerg vs. blondie : @0/ A2\ B1/ B2+ A3\ B0/ C3\ A5/ @4\ E2\ E3+ E4+ E5\ D6\ A2/ F5\ F6/
8x8Trax_858190 Knight Rider vs. Lillie : @0/ @1\ B0/ A3/ @3/ A4\ B4\ B1\ C4/
8x8Trax_858194 Lillie vs. Knight Rider : @0/ A2+ @1\ A0\ @1/ A2/ @2/ B3\
8x8Trax_858217 pioenroosje vs. paganje : @0/ B1\ B2\ A2/ A3\
8x8Trax_858222 Knight Rider vs. Cachel : @0/ A2+ A0\ A4+ @2\
8x8Trax_858226 Knight Rider vs. Uncle Chuckie : @0/ B1\ B2\ C2\ D1/ D0\
8x8Trax_858242 blondie vs. Knight Rider : @0+ @1/ @1\ A0\ C1/ B0\ D1/ C0/
8x8Trax_858252 derekaluk vs. gladriel : @0/ B1+ B2+ C1+ B3+ C2+ D2\ D3/ C4+ A3/ C5+ A4\ C6+ B6/ C7+ D6+ C8+
8x8Trax_858254 Stinger vs. JenJen : @0/ A2\ B2\ B1+ C1+ D1\ B0/
8x8Trax_858270 pioenroosje vs. paganje : @0/ @1+ @1\ C2\ B0+
8x8Trax_858284 Megababe vs. Mikee : @0/ A2\ B2\ B3\ B1/ C2+ B0+ C2/ D2\ A0\ @1\ A2+ F3/ F2/ C1/ D0\ E5\ B1\ G5\ G6\ D7/ E8+
8x8Trax_858291 Knight Rider vs. barbara : @0/ @1/ B2\ B3/ C1\
8x8Trax_858306 Misery Midnight vs. Wizard_from_Oz : @0+ B1/ @1/ C0\ A1/ A3\ C3/ A0\ @2/ A1+ @2\ B3/ F2/ @2\ F1/
8x8Trax_858307 cakelady vs. Isischylde : @0/ A2\ B2+ C2/ C1/ B0+ A4\ @2+ @2/ B3/ A3+ A4/ B5/ B6/ F3\ A5+
8x8Trax_858308 Misery Midnight vs. nursestary : @0+ B1/ A0/ B1+ @2/ C0\ A1/ @2/ A3/ B4/ A4/ @3/ A4/ @4/ F0/ A6+ G1\
8x8Trax_858315 McStack vs. Sir Pussycat : @0/ @1/ B2/ A2/ A0+ A4/ @2+
8x8Trax_858335 Isischylde vs. Stinger : @0+ @1\ @1/ A2/ B2+ D1/ D0+ D0\
8x8Trax_858339 Honeybear vs. DragonHeart MIA : @0+ B1\ C1/ C0/ A3+ @3\
8x8Trax_858359 STrek vs. Uncle Chuckie : @0/ B1+ A0/ C2\ C3\ D3\ B4/ @2\ A1+ @1\ C0/ B0+ @2\ F7+ A1+ H6/ A0\ F4+ E2+ E1\ G2/ G1+ D1\ A4+ B5+ H2/ D8\ C7+ C8+ B7+ B8+ A7+ A8+
8x8Trax_858371 StackMaster vs. STrek : @0/ A0+ A0+ B2/ @2/ A3+ C0\ D3/ @4/ E4\ D5\ F4/
8x8Trax_8583733 ypercube vs. Penguin123 : @0/ A0/ B2/ B1/ C2/ B0+ B0\ C3+ @3+
8x8Trax_858378 STrek vs. Roughdawg MIA : @0/ A2+ A3/ @3/ C2\ A4\ C4+ B5\ D4+ A6/ @4+ E2+ A3+ A6/ @6\
8x8Trax_858379 Mikee vs. Megababe : @0+ B1\ B0\ B3/ C2\ @2/ A3/ B4/ @3\ C0\ B1\ A2\ B5+ C6\ @2\ A1\ G5\ B0+
8x8Trax_858381 STrek vs. StackMaster : @0/ B1\ B2\ C2/ A2/ A3+ B3+ A4/ @4+ A5\ C4\ C5+ D3+ E2/ A1\ @2\ B0/
8x8Trax_858382 Nan54 vs. Nancy : @0/ A0\ @2\
8x8Trax_858383 JenJen vs. pepperbeach : @0+ B1+ B2/ A0\ @1/ D2+ C1/ C0\
8x8Trax_8583961 ypercube vs. Traxplayer : @0/ @1/ B2/ C2/ C3/ D3/ B0/ A0/ B5/ C2/ A5/ A6/ @3+ D1/ E1/ B0+ E0+ F3+ @6/ @6/ B7+ C1/ B5\ A8/ A3/ A4/ H2+
8x8Trax_858426 Vixen Vampire vs. JenJen : @0/ A2\ B2\ B3/ A0\ @1\ C2/ B0\ D3\
8x8Trax_858434 Chimera vs. JenJen : @0/ A2+ A0\ A4\ @2\
8x8Trax_858439 MIA #19062 vs. STrek : @0+ A0/ A3\ B3\ B4\ C2/ C1/ B0/
8x8Trax_858447 Goonerg vs. Weth : @0/ A2\ B2\ A3\ B3+ B1+ C3/ C4/ D2/ B0/ D5\ E5/ D6/
8x8Trax_858448 Weth vs. Goonerg : @0+ B1\ B2\ A3/ A4\ @2/
8x8Trax_858454 StackMaster vs. * Sassy_Angel * : @0/ A2\ B2\ B3\ @2\ C1+ B0/ D4/ D3/ E3+ D5/ D2+ E2/ F3+ F4+ G3\ E6+ G5+ E1/ C0/
8x8Trax_858458 StackMaster vs. * Sassy_Angel * : @0/ A2\ B2\ B3/ C3/ C4\ D4\ B5/ B1+ A5\
8x8Trax_858538 ROCKY MIA vs. doc harley : @0+ @1/ @1\ A2/ B2+ @2\
8x8Trax_8585418 Red Panda vs. Rogue Trooper : @0+ B1+ C1/ B0+ @2/ A3/ @2\ B1/ B4/ A1+ A0\ C1+ @3+ A1\ A6/ RESIGN
8x8Trax_8585567 bengt vs. robertst : @0/ A2\ B1/ C1/ C2+ D2+ C3/ @3/ B4\ @2\ A1\ C0/ E1/ G2/ C0+
8x8Trax_8585570 birddog856 vs. Traxplayer : @0/ @1/ A0/ @2/ @1/ B3/ A2/ D4+ E3\ F3\ F4\ F5\ D6\ G2/ F1\ A0+ @1+ E8\ B5\ E1+ B6/ A6/ B7/ B8/ A8/
8x8Trax_858577 * Sassy_Angel * vs. immitzi : @0/ B1+ B0/ A3\ C1\ D1/ C0+ C3\ C4\ C5+ E2\ E4+ D5\ B1\ E5\ A2\
8x8Trax_858596 B Line electric streetcar vs. Uncle Chuckie : @0+ B1\ A2\ A3\ B3\ @1/ @1/ E2\ E3\ F3\ E4/ E5/ C4+ B0\ B0\ D7/ C1/ C0/ G4+ G7\ H5+ A2+ A1\
8x8Trax_858609 astyr vs. Megababe : @0/ B1\ B2\ C2/ C1/ C0/ C4/ B1\ C0+ @2\ A1+ D0\ C2\ C1+ B1\ A1+ @1/
8x8Trax_858655 FujiTape vs. Uncle Chuckie : @0+ B1\ A2/ A3/ @2\ @2\ B1\ B0\ A2\ @2\ A1\ A0\ @1\ A0\ @3+ B0+ C0\ G4+
8x8Trax_858667 Rogue Trooper vs. Pepper : @0/ @1+ B0\ B3\ A1+ C2\
8x8Trax_858693 Nan54 vs. Nancy : @0/ A0+ @2/ C1+ A0\ D2+ @2\
8x8Trax_858724 * Sassy_Angel * vs. Roughdawg MIA : @0/ B1\ A2/ @2+ @2\ D2+ D0+ D4\ D0/ E2\ E3+ F2/ F3+ E5/ C2\ F1/ F0/ G3\ D7\ F6\ G6\ F7\ H4/
8x8Trax_858726 Misery Midnight vs. MsDelete : @0/ B1\ A2/ A0/ B3\ B4+ A4+ B0/ A6\
8x8Trax_858750 Honeybear vs. DragonHeart MIA : @0/ B1\ B2\ C2\ B3/ A3/ C4\ D4\ A0\ @1\ C6+ A5\
8x8Trax_858757 Pepsi Fan vs. Misfit Lenrad6672 : @0+ A0/ A3/ B1\ @3+ D1/ @3/ E0\
8x8Trax_858786 Honeybear vs. DragonHeart MIA : @0+ A2+ A3+ A0+ A5+ B1/ A6+ B0\ A1\ @2/ B8+ @1/ E2\ E3\ A2+ F2/ E1+ G3\ G4\ H4\ D4+ F5\ B4/ A4/ B6+ H5/
8x8Trax_858788 Stinger vs. * Sassy_Angel * : @0+ A2/ A0\ @1\ A0\ @3/ @3+ A4/ B5\ C5+ C6\ E2/ E1+ D0+
8x8Trax_858791 IRISH vs. Honeybear : @0/ B1\ A2/ @1/ C0/ A3/ D1\
8x8Trax_858798 Nan54 vs. MASHER : @0/ @1\ B0\
8x8Trax_858842 paganje vs. Kran : @0+ B1/ B2\ C1/ C0\ B1\ A3/ B4/
8x8Trax_858843 Nan54 vs. MASHER : @0/ A2\ B2\ C2\ A3/ @3/ B0\ A2+ @2+ B1\ A4/ A5/ B0\ @2\ G6\ G7\ H5/ H4/ B7/ G8/
8x8Trax_858845 paganje vs. blondie : @0+ B1/ B2\ C2\ C3\ C1/ D1+ E1\ D2\ @1\ B3/ C4\ G1/ G0/ E4+ D5\ E6\ F6\ F4+ C1\ B1\ @3+ C5+ H6+
8x8Trax_858852 aussielady vs. Nan54 : @0/ B1\ A2/ @2\ C2\ C3\ B3/ B4\
8x8Trax_858854 Honeybear vs. DragonHeart MIA : @0/ @1\ B0\
8x8Trax_858888 Honeybear vs. Stinger : @0/ B1+ A0\ @2/ D2+ C1+ C0/ E3\ D2+ C4+ E4\ C5/ F4/ C0/ E2/ F2/ A2+ B7+ E1/ D0\ E1/ @6\
8x8Trax_8588918 jazzbeth vs. * : @0/ B1\ A2/ @2+ @2\ A0+ @2+ F2\ E1+ D0+ C0/ D0\ E2+ G5+ B2+ @3\ A2\ B1+ D0/ D0+ H8/ H5+ DRAW
8x8Trax_858893 Mististar vs. Honeybear : @0/ B1\ B0+ A3\
8x8Trax_858900 goldfreckles vs. Honeybear : @0/ @1/ B2\ C2/
8x8Trax_858908 bubba vs. * Sassy_Angel * : @0+ B1\ A0/ B0/ C3/ C1\
8x8Trax_858911 Honeybear vs. Cindy MIA : @0/ B1\ A2/ B2+ C1/ B0\ A4\ @2+ C4+ @2+ E4/
8x8Trax_858955 Q vs. * Sassy_Angel * : @0/ A2\ B1/ B0+ B0\ @2\ @2+ B4+ @2+ @2/ A3/ G2\ F4\ @3\ H4+ A2+ A1\
8x8Trax_858977 Sir Pussycat vs. Uncle Chuckie : @0+ B1\ A2+ @2\
8x8Trax_858996 SweetCindyJo vs. mocads : @0/ A2\ B1/ B2\ C1\
8x8Trax_859001 Nanett MIA vs. Knight Rider : @0/ @1\ A0/
8x8Trax_859024 Knight Rider vs. Vacant 1884 : @0/ B1\ A2+ A3\ B2\ C2\ A0\ @1\ C4\ C5\ D4\ C1/ B0\ E5\ D6\ E6\ C1/ C0/ A5/ @4+
8x8Trax_859027 Nan54 vs. snowwhite : @0/ B1+ A0\ B1+ @1/
8x8Trax_859036 B Line electric streetcar vs. The Pampered Cricket : @0+ B1/ A0/ @2\ A0\ @1+ D2/ C0+ E2/ E3+ F3\ G2/ F1\ E0+ C1\ D0+ A6/ @5+ C7/
8x8Trax_859037 B Line electric streetcar vs. Vacant 8385 : @0+ A2+ @1+ A2+ A3+ B3+ B4+ A4+ B5+ B0\ C2/ A6+ A7\
8x8Trax_859042 Nan54 vs. The Pampered Cricket : @0/ B1\ A2/ A3+ B0/ C2+ D2/ D1/ C0\ B1\ A2+ A1+ @2\
8x8Trax_859044 B Line electric streetcar vs. Nanett MIA : @0+ B1\ A2\ @2/ A3/ @3/ D2\ A4\ C3\ C4\ D3\ C5\ D4\ C6/ E4/ E3+ E5+ B1+ C0\ B7/ A7/ @7/ G4+ @7/ B4+
8x8Trax_859045 B Line electric streetcar vs. Knight Rider : @0+ @1/ B2/ C2\ B3+ C3+ B4+ C4\ A3+ B0/ C1\ D4+ D2/ A1\ @1/
8x8Trax_859046 Nan54 vs. B Line electric streetcar : @0/ B1\ B2\ A2+ @1\ B0+ C1/ D2+ B0\ A2\ @2\ A1\ @3/ A4/ F1/ C0+
8x8Trax_859057 B Line electric streetcar vs. Vacant 1884 : @0+ A0+ @1+ C2/ C0/ D2\ B1+ A1\ A0\ @2+ A4\ @3/ C5/ C6/ A6+ C0\ A3+ @5/ C8\ B1\ @1+
8x8Trax_859061 Lyonsgirl vs. Morticia : @0/ A2+ @2+ B3\ C1/ C0/ @3+ E3/ E2/ F2+ @3+ A2/ A4/ A1\ @2\
8x8Trax_859063 Nan54 vs. aussielady : @0/ B1\ B2\ A2+ C1/ C0/ D3\ E1\ D4/
8x8Trax_859074 pioenroosje vs. * Sassy_Angel * : @0/ B1\ B2\ C2+ A2/ A3/ A0+ @2/ A3+ @4\ A1\ D4\ A0/
8x8Trax_859076 Its An AK Jeep Thing OTC vs. Arctic Warrior : @0+ @1/ A0/ C1/ C2+ B0/
8x8Trax_859077 Arctic Warrior vs. Its An AK Jeep Thing OTC : @0/ A2\ B2\ B3/ B4\ A3/ @3\
8x8Trax_859080 smilemore4me vs. B Line electric streetcar : @0+ B1\ A2/ A3/ C1\ @2+
8x8Trax_859083 Jump This vs. Nanett MIA : @0/ B1\ A2/ B2+ A3\ @3\ C0\ B5\ C4\ D4\ C5\ D5\ D2+ @3/ F5+ D6+ G4\ D7/ F1+ H2+ F0\ G1/ E1\ D1\ E8+ F7+ DRAW
8x8Trax_859084 Knight Rider vs. Vacant 12565 : @0/ B1+ C1\ C2\ @1\ D3+ A0/
8x8Trax_859085 Morticia vs. Lyonsgirl : @0/ A2\ B2\ B1+ C2/ D2\ D3\ E3+ A3/ @3/ E1\ E4/ C4/ G1/ G0\
8x8Trax_859093 Tolp vs. Knight Rider : @0+ B1+ A2\ B0/ C2/ C1/ B4+ C3\ D3/
8x8Trax_859095 SarahMills vs. Jump This : @0+ @1+ B2/ A0\ B1+ C2/ D1/ C0+ C0/ D1/ @3\ B2\ C0\ @4\ B6+ B3+
8x8Trax_859097 Knight Rider vs. *EAGLE ONE* : @0+ B1/ B2\ C1/ C2\ D1\
8x8Trax_859104 B Line electric streetcar vs. *EAGLE ONE* : @0+ B1\ A0/ C1/ C0+ @2\ B1/ D4+ B0/ A2+ B0\ C1+ E3+ C0\ @4+ C1+ B1\ A2\ G4+ H4\ H5\
8x8Trax_859107 smilemore4me vs. B Line electric streetcar : @0/ B1\ B2\ A2+ @2\ B3/ B0/ A5+ @4\ A2\ @2\ @2+ B1+ E0/ D0+ C1+ C0\ B2+ A2\
8x8Trax_859109 B Line electric streetcar vs. pioenroosje : @0+ B1/ B2/ @1\ B0\ A1+ A0+ D4\ C5/ A4+ E4+ @2/ B6+ B7/ A7/ @4+ H4+ G2/ A6+
8x8Trax_859116 FujiTape vs. Morgana Le Fey : @0/ @1\ B0\
8x8Trax_859124 goldfreckles vs. Honeybear : @0/ B1\ B2\ C2\ B3/ A3/ @3/ @2\ A1\ F1/ F0/ D5/ D1/ F5\ A1/ G4/
8x8Trax_859137 Jump This vs. Uncle Chuckie : @0/ B1+ A2+ C1\ B3+ B4/ A3/ @3/ A4/ @4/ C5\ B6+ F2+ @4/ E5\ D7/
8x8Trax_859144 Jump This vs. Dawn : @0/ A2\ B2\ C2+ B1+ C3/
8x8Trax_859182 ellieoop vs. Jump This : @0/ A2/ B2\ B3\ @1\ A0\ A4/ B5+
8x8Trax_859202 bigmurds vs. * Sassy_Angel * : @0/ B1\ C1/ B0/
8x8Trax_859210 SweetCindyJo vs. Jeff : @0/ A2\ B2\ B3+ A0\ B5+ @2\
8x8Trax_859233 firefly vs. Uncle Chuckie : @0/ B1+ A0\ @1\ B0+ D3\ B4/ A4/ @2\ C5+
8x8Trax_859238 Gone with the Wind #1494 vs. Arctic Warrior : @0+ A0/ @1\ A0/
8x8Trax_859245 Misery Midnight vs. pepperbeach : @0+ A0/ A3\ @1\ A0\ C4\ D3\ D4\ C5\ E4/ @2/ A3/ @3/ F5\ C4/ B4/ A4+ A5/ D1/ C0\ D7/ H5+
8x8Trax_859253 Keenlandrose vs. Arctic Warrior : @0+ @1\ A0+ B0/ C3+ C1\
8x8Trax_859255 Arctic Warrior vs. Gone with the Wind #1494 : @0/ A2+ A0\ @2/ @3/ B1\ A1\ B4/
8x8Trax_859273 mr jones vs. * Sassy_Angel * : @0+ B1\ A0/ B0/ C2\ @2\ B1+ A1+ A0\ C5/ D4\ A4/ A5/ @4/ B6\ D6\ C7\ E6+ F6\ A5/ F7/ G6\ E7+
8x8Trax_859288 firefly vs. Vacant 1884 : @0+ @1/ A0\ @1\ A2/ @2\
8x8Trax_859295 Allison vs. Isischylde : @0+ A0+ B1/ A0+ C1+ @1/
8x8Trax_859303 Arctic Warrior vs. jfromvt : @0/ A2\ B1/ @1/ C2\ B3\ D2/
8x8Trax_859314 Buz vs. firefly : @0/ A2/ B2/ B1+ A0/ A4/ @4\ A2/
8x8Trax_859326 Arctic Warrior vs. Uncle Chuckie : @0+ B1\ C1/ B0\ A3/ A4/ @4/ A5/ @5/ A6/ @6/ A7/ @7/ B8+ G1/ @6+ D1+
8x8Trax_859327 JenJen vs. pepperbeach : @0+ B1\ B2\ @2/ A3/ D2+ B3\ B4\ D3/ C0/ A2\ @3/ D5\ C1\ D0/ B6/ C7\ F5+ A5/ G5+ H5/ H4/ D7\ A6/
8x8Trax_859356 Arctic Warrior vs. streep : @0/ A2\ B2\ B1+ @1\ B0/ D3\ D4+ E3/ A4/ @4+ C5\ E5\ B5/ B6\
8x8Trax_859360 Arctic Warrior vs. DragonHeart MIA : @0/ B1\ A2/ B2+ A3\ A4/ @4/ A2/ @3/
8x8Trax_859370 Arctic Warrior vs. mammacat MIA : @0/ A0\ @1/
8x8Trax_859373 Arctic Warrior vs. DragonHeart MIA : @0/ B1\ A2/ B2+ B0/ C1/ C0/ C0\ C0/ D1/ A3\ B2+ @5\
8x8Trax_859374 Arctic Warrior vs. Vacant 27555 : @0/ A0/ B1/ A3+ @3\ @1+ E2/ B0+
8x8Trax_859377 Scorpius vs. spitfire : @0/ @1\ A0/
8x8Trax_859395 Arctic Warrior vs. FujiTape : @0/ B1\ A2/ B2+ A3\ B3\ C1\ A0/ D4\ D5\ D2/ E2/ D1/ C0\ @3+ B1/ F2/ F1/ E0/ F1+ B1/ E0+ F1/ G2+ G4\ B1/ H3+
8x8Trax_859396 Arctic Warrior vs. FujiTape : @0/ B1\ A2/ @2\ A1\ A0+ A0/ B2/ C4\ C5\ A5/ B6+
8x8Trax_859397 Arctic Warrior vs. FujiTape : @0/ B1\ A2/ @2+ C2\ C3+ C4/ B3/ B4/ B5/ B0/ D4/ @4/ F4/ E5\ F5\ G5\ E6+ E7\ D0+ G4/ H6+ C1+ A4\ A7+ G3/ G2/
8x8Trax_859398 Arctic Warrior vs. STrek : @0/ @1\ A0/
8x8Trax_859403 Arctic Warrior vs. DragonHeart MIA : @0/ B1\ A2/ A0/ C2+ A0\ @1\ A4\ A3\ A0\ C5\ C6\ A6/ @6/ A7+ C8\ F4\ A2/ D8\ E8\ G5/ H5/ G3/ H3/ E2/
8x8Trax_859405 Arctic Warrior vs. Weth : @0/ A2\ B1/ B0\ B3\ C3+ D3/ C2/ A4/ @4/ C5\ @4/ E4\
8x8Trax_859406 Arctic Warrior vs. Mo : @0/ @1+ B0\ C1\ @2\ A1\ B0\ A1\ @2\ B0\ A1/
8x8Trax_859413 Arctic Warrior vs. STrek : @0/ A2\ B1/ @1/ C2\ D1/ D0/ C0+ E2\ D4\ E4\ B0/ D6/ B6+ @5/ A3+ @4/
8x8Trax_859417 Arctic Warrior vs. Tigger : @0/ B1\ A2/ B2\ A3\
8x8Trax_859419 Peeky vs. Jump This : @0+ @1\ @1/ B2\ B0\ D2+ A3/ A4\
8x8Trax_859423 Rude Misfit vs. Misfit Lenrad6672 : @0/ B1\ B2+ A2+ C1/ B3/
8x8Trax_859424 Rude Misfit vs. Misfit Lenrad6672 : @0/ B1\ A2+ B2+ A3/ B3+ C1/ C0/ A1\ @1\ A2/ @1/
8x8Trax_859425 Rude Misfit vs. Misfit Lenrad6672 : @0+ B1/ B2\ C1/ C0/ C3\ D3+ A3/ B4+ A4+ A5/ A0\ @2/ A5/ @5/ A3\ @5\
8x8Trax_859429 cheyenne MIA vs. JenJen : @0/ A2\ B1/ B2+ @1\ A0\ D2\ D3\ B4/ A4/ @2/ A4\
8x8Trax_859438 Arctic Warrior vs. Tigger : @0/ B1\ A2/ @2\ C2\ C3\ A3/ @3/ C0\ B1\ E4\ E5/ C5\
8x8Trax_859440 DINGEROO vs. * Sassy_Angel * : @0/ B1\ A2/ @2/ C2\ B3/ C0\ B5\ C5\ D3+ @3/ C6+ F3+ @3+ E0\ A5+ G3+ B5\ H3+
8x8Trax_859446 littlelady vs. Jump This : @0+ B1/ B0/ @2\ C0/ C0+ D4\ D5\ A5/ @5/ B0\ A2/ F5+ C6+ D7/
8x8Trax_859449 Arctic Warrior vs. Vacant #27383 : @0/ A2\ B1/ B0/ A4/ C1\ @4\
8x8Trax_8594512 ypercube vs. Traxplayer : @0+ B1+ B2\ A0/ C1+ B0+ B5\ C3+ D3/ C6/ B7\ E2\ F3/ C0/ D2+ A6+ D5+ @6\ H2+ H1+ F6+ DRAW
8x8Trax_859453 Arctic Warrior vs. EddiE : @0/ @1\ A0/
8x8Trax_859457 Weth vs. Arctic Warrior : @0/ B1/ C1\ B2/ A0\ @1\ C0/ D1/ E1/ F2\ F3\ E4/ D5\ G3/ G4\ H3/ D0\ G3+ G1/ F0+ H3/
8x8Trax_859471 Arctic Warrior vs. butterfly17 : @0/ @1\ A0/
8x8Trax_859478 Tigger vs. Jump This : @0+ B1/ A0\ A0/ A4/ @2\ C1/ D1/ @3\ C0/ B0\ A1\ D1\ C0+ C0\ A4/ A5+
8x8Trax_859486 Arctic Warrior vs. Absentee 13409 : @0/ A2\ B1/ B0/ C2\ B3+ D2/ C3\ D1/ D0/ @3/ D5\ F4\ F0/ G1/ A6/ G4+ C7/
8x8Trax_859487 Arctic Warrior vs. Absentee 13409 : @0/ A2+ A0\ @1\ A0/ @2/ A3/ C5/ @3/ C4/ A4/ D1/ E1/ B5\ B6+ B1\ B0\ A2\ @2\ F4+ C8+ E1/ F1/
8x8Trax_859492 Arctic Warrior vs. Jump This : @0/ B1+ A0/ C2/ B3/ A3/ A4/ B0\ @5\ A2+ @3/ A4+ F3/ B6+ B7\ C7\ D7\ E7+ F7\ B0+ A2\ @3\ E1+ G5+ @3\ A2\ A1\ C8/ B6\
8x8Trax_859503 Alko vs. klaashaas : @0+ B1\ B0\ C1/ D2+ C0\
8x8Trax_859504 DavidJ vs. Absentee 13409 : @0+ B1\ C1/ C0/ B1+ A1+ @2/ A3\ @3/ D3/
8x8Trax_859507 klaashaas vs. Alko : @0/ B1/ A0/ @2+ @1\ C0/ E3\ C4/ D2/ E1+ F3/ F2+
8x8Trax_859509 Arctic Warrior vs. Absentee #27831 : @0/ A2+ A0\ B2/ @2\
8x8Trax_859510 Arctic Warrior vs. Gone with the Wind 16124 : @0/ B1\ A2/ A3/ C1/ A0/ @2/ C3\ E3/ D1/ C0\
8x8Trax_859511 Arctic Warrior vs. beoda : @0/ B1\ A2/ B2+ C1/ @2/ C0/
8x8Trax_859517 FujiTape vs. BrnIdGirl : @0/ A2\ B1/ @2/ A3\
8x8Trax_859520 FujiTape vs. BrnIdGirl : @0/ @1\ A0/
8x8Trax_859521 FujiTape vs. BrnIdGirl : @0/ A0\ @2\
8x8Trax_859522 Arctic Warrior vs. princesarg : @0/ @1\ A0/
8x8Trax_859523 butterfly17 vs. Arctic Warrior : @0/ B1\ B0/ B3/
8x8Trax_859525 Arctic Warrior vs. Gone and Forgotten 5496 : @0/ B1/ A0/ B1/ B0\ C2\ @3\ E2\ B1+ A2\ @2\ B1\ A1+ C4/ B0\
8x8Trax_859532 Buz vs. firefly : @0/ B1+ B0\ B3+ C3+ C1/ D3+ C0\
8x8Trax_859539 Arctic Warrior vs. Skouperd : @0/ B1\ A2/ A3+ C1/ @2/ C0/
8x8Trax_859542 Arctic Warrior vs. Missing 20430 : @0/ A2\ B1/ B2+ C1\ C2\ D2\ D3\ C4\ E3\ D4+
8x8Trax_859550 Nancy vs. Nan54 : @0+ @1+ A2/ @1+ A0/
8x8Trax_859551 Nan54 vs. Nancy : @0/ A2\ B2\ B3/ C3\ D3/ C4/
8x8Trax_859554 Arctic Warrior vs. Tigger : @0/ A2\ B1/ B0/ B3\ C2/ C1+ C0\ C4+ @3/ E4\ F4\ C5+ D5\ F5\ G5\ E6+
8x8Trax_859561 Tigger vs. FujiTape : @0/ A2\ B1/ B2+ B3\ C3\ C4\ D4\ D5\ E5\ F4/ F3+ G4\ A3+ E6\ G5+ H6/ D0/ E1+ E0\ G4/ B2+
8x8Trax_859562 FujiTape vs. bigdan409 OTWP : @0/ @1\ B0\
8x8Trax_859563 Arctic Warrior vs. FujiTape : @0/ B1\ A2/ B2+ A0\ @2/ D3\ D4\ A3+ A4/ A5/ D5/ B5\ @4+
8x8Trax_859564 FujiTape vs. Uncle Chuckie : @0/ B1+ A0/ C2\ B3/ B4/ A3/ @3/ B4/ B5/ A5/ A6/ @4\ A3\ @3\ A2\ @5+ C1+ C0\ G8\ H7/ H5+ H3/ H2/ H1/ B8+ H8+ A1+
8x8Trax_859565 FujiTape vs. Absentee 13409 : @0+ @1\ @1/ A2/ B2+ @1\ A0\ B4/ B5/ A6/ @3+
8x8Trax_859567 FujiTape vs. Skouperd : @0/ B1\ B2\ C2\ D2\ A2+ B3/ A3/ A4\ @3/ C4\ B5+ @3/
8x8Trax_859568 Arctic Warrior vs. FujiTape : @0/ B1\ A2/ @2/ C2\ C3+ C4/ B3/ B4+ A4/ C0/ D2\ A6/ @4\ C7\ D7\ B8/ E6+
8x8Trax_859569 FujiTape vs. Benny_B : @0/ B1\ B2\ C2\ A0/ A3+ A4/ @4/ A5/ @5/ C6\ E6\ C7\ F5\
8x8Trax_859570 FujiTape vs. Uncle Chuckie : @0/ B1+ C1/ A2/ A3/ C2+ @3/ E2\ D4\ @3+ E5\ E0/ G3\ H3+
8x8Trax_859571 FujiTape vs. Benny_B : @0/ A2\ B2\ B3\ B1/ C1+ D1\ C2\ D2+ C3+ D3+ D4\ E4+ E5\ E6/ D6/ C6/ C7/ @5/ @4/ @4+
8x8Trax_859572 FujiTape vs. Vacant 25583 : @0+ @1/ A0\ @2/ B3+ C1/ B0\ A2\ @4\ E3\ C5/ E1/ D0+
8x8Trax_859573 Arctic Warrior vs. FujiTape : @0/ B1\ A2/ B2+ C2\ B3/ B4/ A3/ A4+ @4/ A5/ A6+ @6+ B7/ A5\ @5\ C8\ D8\ G4\ G5\ F5+ E7+
8x8Trax_859574 FujiTape vs. Uncle Chuckie : @0/ B1+ B2/ C2/ B3\ A2/ D1\ @2/ D3+ B4/ B5\ F2+ C5+ C6\ D6\ D7\ G3/ A4+ B6+ H4+
8x8Trax_859585 firefly vs. Absentee 13409 : @0/ A2\ B2\ B3\ B1/ C1/ A0\ @1\ A4/ A5\
8x8Trax_859586 Jump This vs. lucky : @0/ B1\ B2\ A2+ B3/ A3/ @3+ B4/
8x8Trax_859589 Arctic Warrior vs. firefly : @0/ @1\ A0/
8x8Trax_859591 Buz vs. firefly : @0+ A2\ B2/ B1/ A0/ B1/ B0/ A5/ C1\ @5\
8x8Trax_859592 DragonHeart MIA vs. firefly : @0/ A0\ @2/ A1\ @1\ D2\ C3/ D1+ C0/ D1+ E1/ C0+ E1/ A0\ @1\ D1/ C0\ A1/ @2/ B3+ F7\ E8/ D8\ F2+ G5\ H4+ C6/ B6/ F8\ G7\ G8\ H6/
8x8Trax_859614 RubyJoy vs. FujiTape : @0+ B1\ A2\ @1/ C2+ C3/
8x8Trax_859615 Arctic Warrior vs. sleepyhollow : @0/ A2\ B1/ B0/ C2\ B3+ C3\ C4/ B0/ B0\ D5\ D7/ E4\ C7/ B7\
8x8Trax_859616 Arctic Warrior vs. firefly : @0/ B1\ A2/ B2+ C1\ @2/ @2/ C3+
8x8Trax_859617 Arctic Warrior vs. DragonHeart MIA : @0/ B1\ A2/ @2/ B0\ B0/ C1/ D1/ D0/ D0/ E3+
8x8Trax_859635 ema vs. * Sassy_Angel * : @0/ A2\ B1/ B0+ B3\ C2/ @3/ A4/ D3+ C4+ @4/ B5\
8x8Trax_859651 Brendans Grandmom vs. Missing 17886 : @0/ B1\ @1\ B2\
8x8Trax_859661 Arctic Warrior vs. Vacant #27383 : @0/ B1\ A2/ A3/ C1/ C0/ D1+ C0/ B1\ D0\ E2\ @4+ C5+ C1+ B1+ C0+ D7\ C8+ F5+ G5/ @6+ H4+ H3/
8x8Trax_859670 Plasmid vs. firefly : @0+ B1/ A0/ A0\ @2+ A1+ @1\ D1\ C0\ A3+ C5/ B4/ B5+ E2\ B0+ C1+ @3\ D0+ @2\ C1+ A4/ E0+
8x8Trax_859677 paganje vs. firefly : @0/ @1\ A0/
8x8Trax_859683 lilith vs. firefly : @0+ B1\ A0/ B0/ C2\ C1+ C3\ D2+
8x8Trax_859687 astyr vs. Megababe : @0+ B1\ B0/ C1/ C2+ C3\ D2/ A1\ C0/ D2/ E2/ D1/ D0/ E1/ A5/ F2+
8x8Trax_859712 Rose vs. Goonerg : @0+ A2/ A3\ B3/
8x8Trax_859714 Goonerg vs. Rose : @0/ A2\ B2\ A0\ @1/
8x8Trax_859719 Arctic Warrior vs. Missing 17886 : @0/ A2\ B2\ @2+ C1/ D1/ B0\ A1/
8x8Trax_859727 Arctic Warrior vs. lilith : @0/ A2\ B1/ B0/ B0/ B0/ B0/ B6+ C3+ @2/ A3+ E5\ E2+ F2/ @2/ C0\ F7\ G7\ F8/
8x8Trax_859732 Arctic Warrior vs. LazerLady : @0/ @1\ A0/
8x8Trax_859743 Arctic Warrior vs. LazerLady : @0/ A2\ B1/ B2+ A3/ @3/ B0\ A2+ @2\ B1\ A1+ B0/ D1\ @3\ B5/ F4\ A4+ @4/ B6/ G2/ H3\ C1\ C0\ G6/ H6\ H7\ E7+
8x8Trax_859752 Arctic Warrior vs. EddiE : @0/ A2+ @1\ A0\ C3\ D3\ D4\ C5\ D5\ E4\ E5\ F5/ F6/ G5\ G6+ F4/ G7\ H6\ H7\ H4/ G3/
8x8Trax_859755 Arctic Warrior vs. Dania59 : @0/ A2\ B1/ B0/ C1/ A0\ @2/ C4\ D0/ E1/ A2\ @3/ D0\ D0/ E1+ D8+ B7\ C2\ E8\
8x8Trax_859756 Arctic Warrior vs. dreamangel : @0/ B1+ A0/ C2+ B3/ D2+ @2/ B3/ A3+ B4\ A0\ F3+ @1/
8x8Trax_859763 Arctic Warrior vs. dreamangel : @0/ @1+ @1\ C0+ C0\
8x8Trax_859765 MartokII vs. STrek : @0/ A2\ @1+ C1\
8x8Trax_859779 Nan54 vs. aussielady : @0/ A2\ B1/ B2+ A0\ @1\ C0/ D1/ C5\ D2+ A0\ @2\
8x8Trax_859802 superkaempe the gentle giant vs. * Sassy_Angel * : @0/ @1\ B0/ A1\ A0\ @1\ A4/ @3\ A2+ D1+ D0/ E1/ E0\ D1+
8x8Trax_859832 Goonerg vs. Nikki : @0/ A2+ @1/ C1\ B0/ C3\ D2\ A4/ @4/ C4\ B5\
8x8Trax_859848 bigmurds vs. * Sassy_Angel * : @0+ B1\ B0\ C1/ A3\ C0\
8x8Trax_859869 mrbugs001 vs. * Sassy_Angel * : @0+ @1\ B2\ A0+ C3+ A0/ C2/ D2/ C5\ D5+ E5/ F3/ C1/ C0/ D2+ F3+ F2\
8x8Trax_859875 Arctic Warrior vs. bigmurds : @0/ B1\ A2/ B2+ A3\ B3\ B4\ C3\ C4+ D3+ D4+ E3/ E4+ B5\ @2\ A3+ A1\ @2+
8x8Trax_859876 PIRATE BOB vs. Arctic Warrior : @0/ B1\ B2\ C2\ A2/ A3/ A4+ A0\ @2\
8x8Trax_859907 s_strum vs. Marko : @0/ A2+ A0\ B1\ @2\
8x8Trax_859916 Abaitha vs. hANDYman the Rebel : @0/ A2\ B1/ B0+ A0+ B4+ C2/ C4/ B5/ @3\ E4/ A5/ A2+ A6\
8x8Trax_859919 hANDYman the Rebel vs. Abaitha : @0/ A2+ @2\ B3+ B0+ B0+ C4/ @4\ B1\ D5+ B5+ B6\ D3+ D2+ E2/ @5/ A6/ C7\ E6+ A2\ E1/ D0+
8x8Trax_859934 Misfit Lenrad6672 vs. bigmurds : @0/ A0\ @2\
8x8Trax_859936 Arctic Warrior vs. ScoobyRex02 : @0/ A2\ B2\ A0/ A4/ @4/ C2/ D2/ C1/ A3\ @3\ E3\ F2/ F3+ A4/ @4/ H2\ F5\ G5\ A1\ B0/ E1\ H5+
8x8Trax_859950 Arctic Warrior vs. dreamangel : @0/ @1+ B0/ C1+ D2\ D1+ D3/
8x8Trax_859962 Arctic Warrior vs. Lavender Ashes : @0/ @1\ A0/
8x8Trax_859966 ScoobyRex02 vs. Brendans Grandmom : @0/ @1/ C1\ @1\ C2/ A0/
8x8Trax_859975 Ali vs. Megababe : @0/ B1\ A2/ @2/ C2\ B3/ A3+ A4\ C3\ C4+ B5\ C5\ D4\ D5\ C6\ D6\ E5\ D3+ D7\ E7\ F7\ A7\ G7\ C8+ @4/ B5/
8x8Trax_859979 Keizer Soze vs. Phil The Hat : @0/ A0/ B1\ B2\ C2/ A3\
8x8Trax_859980 firefly vs. Buz : @0+ A0/ B2+ B3\ A3+ @1\ A0\ D2/ C1\ B0/ A4/ @3+ A5+ @4+ A2\ B1+ @4\
8x8Trax_859984 firefly vs. paganje : @0+ A2/ @1+ A0\ B1+ @3/ C4/ D1/ C0\ C0\ B1\ D0/ A3+
8x8Trax_8600061 ypercube vs. Playoria : @0/ @1/ B2/ C1/ B3/ B4+ B5/ D4+ E1+ F2+ B6\ C6\ E4+ F5+ G4\ B7/ A7/ E7\ E8+ F6\
8x8Trax_860046 Honeybear vs. prettikitti : @0/ A2+ A0\ B2\ @1/
8x8Trax_860047 Arctic Warrior vs. Rude Misfit : @0/ A2\ B1/ B0\ B3\ C2+ C3\ D3/ E3\ D4+ @3/ B4\ F4+ E5/ D5+ F5\ F6\ E2+ E1/ C0\ B1\ A2\ @2\ D6+ D0+
8x8Trax_860048 Dania59 vs. Honeybear : @0+ A2+ A0+ B1\ @1\ A0+ @1\ B0+ D2+ C1/ D1/ E3\ C0+ C7/ B7/ A4+ @5\
8x8Trax_860051 Arctic Warrior vs. pioenroosje : @0/ B1\ A2/ B2+ C1/ B0\ @2/ E2+ D3\ D4\ E3\ C5+ A4/ D1/ C0\ @4\ @4+ F1+ H4+
8x8Trax_860052 Honeybear vs. ema : @0/ B1+ @1\ D1+ B0\
8x8Trax_860063 Arctic Warrior vs. hunnybunny hears yr heart : @0/ B1\ A2/ B0\ B3\ B4\ C4+ @3/ E3+ D5/ B4/ B5/ C6/
8x8Trax_860081 Misfit Lenrad6672 vs. Rude Misfit : @0/ B1\ A2/ A3+ A0\ @2+ D2/ C1+ C0/ D1/ A2+ @2+ A3+ @2\ E4\ C1+ A1\ G3+ C0+
8x8Trax_860083 Arctic Warrior vs. Honeybear : @0/ A2\ B2\ @2+ A1\ B0/ C1\ A1\ A0\ C1/ D1/ B0\ D3\ E2/ E4+ @2\ B1\ B0\ A1\ B7/ @3+ B0\
8x8Trax_860084 Misfit Lenrad6672 vs. Rude Misfit : @0/ B1\ B2\ B3+ A2/ B4+ C1/ A3/ C0\
8x8Trax_860099 Gone with the Wind #1494 vs. Arctic Warrior : @0/ A0/ @2+ A0\ @1/
8x8Trax_860103 AWOL 27087 vs. Megababe : @0+ @1/ @1\ B0/ A1+ A0\ B0/ C1/ D1/ D0/ E4\ F3+
8x8Trax_860108 Arctic Warrior vs. AWOL 17921 : @0/ A0\ @1/
8x8Trax_860117 Arctic Warrior vs. Nanett MIA : @0/ B1\ A2/ @2\ C2\ C3\ C0\ D2+ E2+ C0\ A3\ A2+ @3/ A2+ G3/ D0/ E1+ E0\ F4/ F2/ G4+ H4\ G6\ F8+ H7\ C2+ B1\ A3+ B7/ C8+
8x8Trax_860121 Banditz Mom vs. mcinturff : @0/ @1\ A2+ B0\
8x8Trax_860124 Honeybear vs. blue - : @0/ A2+ A0\ @2/ @3\ B1+ @2/ @2/ F3\ C0/ C5\ C6\ E5+
8x8Trax_860135 Arctic Warrior vs. AWOL 17921 : @0/ A2/ B1/ @2\ A3/ @3\
8x8Trax_860141 ema vs. Honeybear : @0/ B1\ @1\ C2/
8x8Trax_860152 goldfreckles vs. Honeybear : @0/ A0/ @1\ A0/
8x8Trax_860162 Lillie vs. DavidJ : @0/ B1\ B2\ A2+ C1/ B0/
8x8Trax_860170 goldfreckles vs. Honeybear : @0/ A2\ B2\ C2\ B1+ D2\ B3/ B4+ A4/ @4+ @4\
8x8Trax_860171 firefly vs. phonic : @0/ B1+ A0\ C2\ @2\
8x8Trax_860178 Vacant 27555 vs. Honeybear : @0/ A2\ B1/ @1/ B3+ @1/ @3+ C0/ B5+
8x8Trax_860187 Honeybear vs. MrMojoRisin : @0/ B1\ B2\ C2+ A2/ @2+ B3\
8x8Trax_860188 Arctic Warrior vs. Honeybear : @0/ A2\ B1/ B2+ @1\ B0/ D2\ C1/ E1/ E0/ F3\ F4+ G2/ D1\ D0\ C6/ E1/ D0+ G2/ G1/ H5\ A4+
8x8Trax_860203 phonic vs. firefly : @0/ B1\ A2/ B2+ A3\ @3/ B4\ A4+ D2\ D3\ C4\ B5+
8x8Trax_860206 Guyver vs. Vacant 1884 : @0+ @1/ B2/ C1/ B0\ D2/ @2/ B3/ B4/ A4/ A5/ @5/ @4/ F3\ A5+ C6+ F4\ @5\ F0/ F0/ G2+ D2+
8x8Trax_860216 AWOL 27087 vs. Megababe : @0+ B1\ B0/ C1/ C2\ D1\
8x8Trax_860238 Arctic Warrior vs. MrMojoRisin : @0/ B1\ A2/ B2\ A3\
8x8Trax_860239 Arctic Warrior vs. Uncle Chuckie : @0/ B1+ A0\ @1\ A0+ D3\ C1+ C4+
8x8Trax_860242 Arctic Warrior vs. blue - : @0/ A2+ A0\ @1\ A0+ C3/ D3/ B0+ B0+ A5/ @5/ B7\ A3\ @4\ A3\ C2+ G6\ F7/ @4+ B6/ E0\ D2\ B1\ A1\ A7/ A8/ H4+ H2+
8x8Trax_860243 Arctic Warrior vs. gorrick the goblin : @0/ A2\ B1/ A0/ C2\ C3\ @3/ A4/ C4+ E3/ B5\ C1+ @4/ F2/ E1+ G2/ A2\ @3/ C1+ A4/ C0+ C0/ H3/ G2+
8x8Trax_860255 Arctic Warrior vs. McStack : @0/ A0/ B1+ A3+ C1\ @1\ B0/ C0\ D6\ E6\ B6+ D1/ E1+ C0/
8x8Trax_860258 Arctic Warrior vs. MIA 21708 : @0/ @1/ C1\ A2\ C2\ B0/ D1\ D3+ C4\
8x8Trax_860265 Honeybear vs. Scotch Mist_er : @0/ A2\ B1/ C1/ @1\ A0\ B4\ B1/ A0+ B1+ A0\ @4/ A5/ @3\ B2+ G4\ G5+ G6/ F6+ B7/ A6+ @6/ B7/ B8/ A8/ B2\ E1+ F3/ G3/ G1\ F8/
8x8Trax_860273 DINGEROO vs. Honeybear : @0/ B1\ B2\ C2\ A2/ B3\ @1\ A0\ @3/ A4/ @2/ D4/ D5/ C0\ E2\ @3/ H2/ H1+ E1/ E0+ D1\ G6+ B5/ B6+ B7/ B8/ G7\ E8+ A6\
8x8Trax_860277 Honeybear vs. goldfreckles : @0/ A2\ B2\ B3\ @1\ B0/ C2/ D2/ C1+ C0\ C0/ D1/ A3+ E1\ E3+ F2\
8x8Trax_860306 Chad vs. Azalea : @0/ B1+ B0\ C2/ B0+ B0+ C1+ B0+ D3+ A2\ @2\ C0+ A1\ @2/ C0+ @6\ F1+ D8+ C8+ B2+ A4/ H5/ F3+ G2\ A3+ DRAW
8x8Trax_860313 Honeybear vs. FixitDave : @0/ A2\ B1/ B2+ @1\ A0\ B4/ A4/ @3\ A2+ @2\ E1/ C0+ F3+
8x8Trax_860315 geneoo vs. spitfire : @0+ B1\ A2+ B3\ A0+ C4/
8x8Trax_8603173 birddog856 vs. Traxplayer : @0/ @1/ B2/ C1/ B0/ D2+ D1/ E2/ F2+ C4/ D0/ @3+ @2+ D1+ E6+ G2/ G1/ G0/ E0+ C2\ B6+ D7/ C8+ A6/ A7/ G6+ A8+ H8\ C1+
8x8Trax_860328 B Line electric streetcar vs. smilemore4me : @0+ A2\ B2\ A0/ C3/ B4\ @1/ B0/ D1+ @2\ B5/ A5/ F3+
8x8Trax_860330 B Line electric streetcar vs. Vacant 27555 : @0+ A0+ @1+ B3+ C2/ B0/ D1+ D0+ E2\ D4+ D0+ B7/ @4+ B6+ F2/ G1\ G4+ F6/ F7+ F0\ B4+ H2\ B3\ RESIGN
8x8Trax_860331 Honeybear vs. goldfreckles : @0/ A2/ A3\ B2/ @1\ B0/ C2/ @2\ D4+ B1+ E3+
8x8Trax_860350 B Line electric streetcar vs. northern-star : @0+ @1/ B2/ A2+ @2/ D1\ A3+ @3/ B4+ C4+ D3\ E3\ F2\
8x8Trax_860352 B Line electric streetcar vs. aerohiker : @0+ A0/ A3/ B1/ B0/ C1/ @2/ E1/ D0/ C5+ @2+ D0/ A5+ E1+ F2+ @5/ A7+ B8/ @7+
8x8Trax_860354 B Line electric streetcar vs. Uncle Chuckie : @0+ B1\ B2\ @1/ B3/ B0\ A4/ @3\ B5/ E3+ F3/ D1+ E5\ C6+ A4+ B0/ C0\ @4/
8x8Trax_860360 McStack vs. B Line electric streetcar : @0/ A2\ B1/ C1/ C2+ B0+ @1/ A3\ A4\ C0+ @2\ B1+ A5/ @5+ B6\
8x8Trax_860361 B Line electric streetcar vs. McStack : @0+ A0/ @2/ @2/ B1+ D2\ B3/ B4+ A3+ E4\ D5+ E1/ F1+ E0\
8x8Trax_860362 Vacant 27555 vs. B Line electric streetcar : @0/ A2\ B1/ @1/ A3\ B0+ @1\ B0\
8x8Trax_860369 B Line electric streetcar vs. blue - : @0+ B1/ A2\ B0\ A1\ A0\ @1\ A0+ B0/ @3+ @3\ F5\ F6+ B2+ B1\ B0\ C7+ @2+ B0\ C1/ D1/ E1/ F2+ G5\ H6/ G2/ F1+
8x8Trax_860381 B Line electric streetcar vs. Vacant 1884 : @0+ B1/ C1\ C2\ A2+ D2/ D3+ E3+ D4+ C4/ C5/ A0+ @2+ F5\ A3+ B4/ A5+ C7\ B0\ A1\ @1\ A4+ H7/ F3/ G2\ F1/ H3+ B8/ A6/ A7+
8x8Trax_860401 B Line electric streetcar vs. Vacant 19579 : @0+ B1/ A2+ @1/ C2+ D2/ B3+ B4/ B0+ B0\ A6/ @5/ B1\ A1\ B0+ RESIGN
8x8Trax_8604025 * vs. ypercube : @0/ @1/ C1/ @1/ D2\ E1/ E0+ D4\ A0+ @2\ A5\ @4+ F6+ A1\ C0\
8x8Trax_860435 FujiTape vs. Goonerg : @0/ B1\ A2/ B2+ C2\ A3/ @3/ @3\ C4+
8x8Trax_860436 B Line electric streetcar vs. shelly (uk) : @0+ @1\ A2+ A0/ @1/ D2/ C1/ C0+ D1/ E1+ D0+ E1+ F3/ C5+ F4\ @4+ F5/
8x8Trax_860437 Goonerg vs. FujiTape : @0+ A0+ A3+ B2/ @2/ B0/ D2\ B0/ C5+ B6/ A1\ @4/ B0/
8x8Trax_860449 TN_Sapphire vs. B Line electric streetcar : @0/ A0+ A3\ B2/ B3+ @1\ @2/ B3/
8x8Trax_860451 B Line electric streetcar vs. Sir Face of the GoldTable : @0+ A0+ B2+ B3+ C3/ B1/ B0/ D3+ C0\ E1+ E0/ E0+ F3\ @6/ A7/ F0\ C2+
8x8Trax_860452 B Line electric streetcar vs. TN_Sapphire : @0+ @1\ B0\ C2/ A1\ @1\ C0/ B0/ A0/ C2+ D2/ E2/ @3/ E1/ F1/ F0/ G3+
8x8Trax_860487 Morgana Le Fey vs. FujiTape : @0+ A0+ B1/ @1\ @1/ C0+
8x8Trax_860488 FixitDave vs. B Line electric streetcar : @0+ B1/ B2/ C1+ B3\ C3+ C4/ A3+ @3/ A5+ @5/ A3+ F2+ G2\ F4+ G1/ G0/ H2\
8x8Trax_860499 JenJen vs. cheyenne MIA : @0+ B1/ B0\ @2\ A1\ B0\ A1\ @2\ B0\ A1/
8x8Trax_860516 * Sassy_Angel * vs. superkaempe the gentle giant : @0/ A2\ B2\ B1+ B0/ C1/ C0/ C5/ D4\ E4/ E3+
8x8Trax_860519 Honeybear vs. Mististar : @0/ A2/ B2/ B1/ A0\ @1/
8x8Trax_860523 Romy vs. crow57 : @0+ @1/ @1\ B2\ A0/
8x8Trax_860526 gladriel vs. Camel680 : @0+ A2\ A0/ B1\ B2+
8x8Trax_860538 *Make Peace vs. * Sassy_Angel * : @0+ B1\ A0/ B3/ C2\ B4\ @2\ C0\ B4/ E3\ @3\ E5+ D6+ D7\ E6\ E7+ G4/ C0+ F1+ H4\ B6+ F8+ C8+ A7+
8x8Trax_860539 B Line electric streetcar vs. streep : @0+ B1\ B2/ @1/ A2/ @2/ C3\ D3+ A4/ @3\ C5+ F3\ E4\ G3/ D0+ F5+ E6+ F6+ D7+ G3/ G2/ G1/ E0\ C2\ C1\ C8/ A8+
8x8Trax_860540 * Sassy_Angel * vs. *Make Peace : @0/ B1\ B2\ A2+ B3/ C2\ B4\ A3/ B5+ C4\ D3\
8x8Trax_860552 BabyGirl The Rebel Angel vs. Retired 25886 : @0+ @1+ @1/ A0\ @1+ B3\ C3+ A2/ @1/ D1/ C4\ A2+ E3+ A3+ B5\ C5+ D5+ E5/
8x8Trax_860562 firefly vs. DragonHeart MIA : @0/ B1\ B2\ C2\ A2/ B3\ @1\ A0\ B1/ B0\
8x8Trax_860566 FujiTape vs. Uncle Chuckie : @0+ B1\ A0/ @2/ A3/ @3/ A4/ @4/ B5\ B6\ C6\ C7\ D5+ F3+ F2+ E0+ G4/
8x8Trax_860567 FujiTape vs. Missing 10300 : @0/ B1\ A2/ @2/ B3\ C3\ C4\ D3\ E3\
8x8Trax_860568 Honeybear vs. Lisa : @0/ A2\ B2\ B3\ C2/ D2+ B1/
8x8Trax_860569 FixitDave vs. FujiTape : @0+ B1/ A2+ @1\ C0/ D1/ D0/ E1/ B0+ B0/ F2+ C0\ @4+ C0/ G6\ @5\ C2+ B2/ H7\ H8\ F8+ A6/ A7/ B8\ B1+ DRAW
8x8Trax_860570 FujiTape vs. Lisa : @0/ A2\ B2\ B3\ B1/ C3+ B4\ C1/ D1/ C5\ D5/
8x8Trax_860572 FujiTape vs. Missing 10300 : @0+ @1/ A2/ @2+ B0/ B4\ A4+ @3/ B5\
8x8Trax_860574 FujiTape vs. Vacant 1884 : @0/ A2\ B1/ @2\ B3\ @1/ C0+ B5+ D4\ E4+ F3\ E2/ F1\ G3\ E5+ E6\ F6\ C0\ E1\ G1/ D0+
8x8Trax_860575 FujiTape vs. Lisa : @0/ A2\ B2\ B3\ B1/ A4+ @3+
8x8Trax_860576 FujiTape vs. Missing 10300 : @0/ B1\ B2+ B3/ A2/ @2/ A3/ B4/ D3/
8x8Trax_860577 B Line electric streetcar vs. FujiTape : @0+ B1\ B2\ B0\ C2+ B0/ @2/ B1+ B0/ C1+ D1/ E2/ @3/ E0/ F1/ G3\ A2\ @2\ D1\
8x8Trax_860578 FujiTape vs. Vacant 1884 : @0/ A2\ B2+ B1/ B3\ C1/ C0/ D3\ D4\ D5/
8x8Trax_860580 FujiTape vs. Missing 10300 : @0+ @1\ B2/ A0/ C3/ C1\ D3/ E3/ E4\
8x8Trax_860591 Misfit Lenrad6672 vs. McStack : @0/ A0/ B1\ A3\ B2+ B3\ A4/ @4/ C5\ D5\ B6\ A1\ A0\ @4+
8x8Trax_860594 FujiTape vs. Uncle Chuckie : @0/ B1+ B2/ C1\ B3\ A2+ @2\ C0/ D4\ E3/ E4+ B4+ B5/ A5/ @2/ C6+
8x8Trax_860595 FujiTape vs. Uncle Chuckie : @0/ B1+ B0\ C2\ C3\ D3\ B4/ C5/ B5/ B6/ A6/ @4+ @5\ B2\ A3+ B7\ @6+ C8+ D8\ H3+ B1/ A2+ A4+ H4+ E8+ G1+
8x8Trax_860596 FujiTape vs. Uncle Chuckie : @0/ B1+ A0/ C2\ B3/ B4/ A3/ @3/ A4/ @4/ C5\ D5\ D6\ E6\ F5+ F3/ E7\ G4+
8x8Trax_860598 FujiTape vs. Uncle Chuckie : @0+ B1\ B2\ @2\ @1/ E2\ D3/ D4/ C3/ B3/ B4/ A4/ @1/ C5+
8x8Trax_860599 FujiTape vs. Uncle Chuckie : @0+ B1\ A0/ @2/ A3/ @3/ C4\ @2\ A1\ @1\ F4+ C1+ D0\ G5\ H5\ H6\ G3/ B5+ E6+ G7+
8x8Trax_860611 FixitDave vs. FujiTape : @0+ B1/ C1\ A2\ C2+ D1\ C3+ B0/ B0+ A0/ C7+ C8/ D6\ E6\ B7/ A7/ @5\ C8/ A1+
8x8Trax_860612 Gone with the Wind 27539 vs. FujiTape : @0+ @1\ @1/ A2/ @2\ C2\ A1\ B0\
8x8Trax_860615 FujiTape vs. Uncle Chuckie : @0/ B1+ A2/ @2/ B0/ D2\ B4/ B5/ A4/ @3+ B5/ @4/ A3\ @3/
8x8Trax_860640 Nancy vs. Nan54 : @0+ @1+ A2\ B0/ C1/ A1\ D2\ A0/
8x8Trax_860641 FujiTape vs. Uncle Chuckie : @0/ B1+ A0\ @1\ A2+ D2\ B3/ C4+ E2\ D1/ C0/ C0/ D2/ E2/ F4\ E1\
8x8Trax_860653 Nan54 vs. Nancy : @0/ A2\ B1/ B2+ A0\ A0/ @2/
8x8Trax_860654 Nancy vs. Nan54 : @0/ A2\ @2/ C2/
8x8Trax_860658 Nan54 vs. Nancy : @0/ @1\ B0\
8x8Trax_860663 firefly vs. phonic : @0/ B1\ B2\ C2\ A2/ B3\ A3/ A4/ C3+ @4\ C0\ A4+ D5\ E5\ C6+
8x8Trax_860671 *Make Peace vs. FujiTape : @0+ B1\ A0+ @2/ A3/ B4/ A4/ A5/ @4/ A5/ @5/ @5/ B6/ A6/ E0+ E0\ D1\
8x8Trax_860675 *Make Peace vs. FujiTape : @0+ B1/ A2+ @1\ A0\ @1\ A0\ B4+ C5+ C6\ D6\ E4\ A0\ F5/ @1\ @1\ F8+
8x8Trax_860683 firefly vs. DragonHeart MIA : @0+ @1+ B2/ A0\ B1+ A0/ C3/ @4/ C5/ A5+ A6+ B7/ @5/
8x8Trax_860692 snaP632 vs. gladriel : @0+ B1/ A2+ @1+ A2+ C0\ A1+ @2\
8x8Trax_860695 MountainMist vs. gladriel : @0/ B1+ @1\ D1\ A0/
8x8Trax_860705 klaashaas vs. SarahMills : @0/ A2\ B2+ B1/ @2/ A3/ C0/ A2+ D2+
8x8Trax_860709 pioenroosje vs. klaashaas : @0+ @1\ A2+ C1/ C0/ D1/ B0\ A1\ @2\
8x8Trax_860740 Tigger vs. Nan54 : @0+ A0/ B1\ A0\ @1\ C3\ A2/ @1\ A0+ D1/ E1+ D0\
8x8Trax_860748 pioenroosje vs. klaashaas : @0/ B1\ B2\ @1/ B2/ C3+ B3+ B4/ A3+ @3+ @3/ A4/ C5\ D6/ D0+ F4+ B1\ C0/ A3\ @4\ @4\ B6\ A3/ H4+ G7+ C2\ D7+ H7\ G2/ B1\ A1\ A6+ C8+ B7+ D1\ H2/ A8/
8x8Trax_860794 firefly vs. phonic : @0+ @1\ A2/ @1\ A2+ B0\ A1\ @3\ A1/
8x8Trax_8608117 dgb vs. birddog856 : @0/ A0/ A0/ A0+ B3+ C2\ D2\ C4+ E3+ C1+ F3+ G3/ @1+ A0\ H3/ E1+ B6+ A0/ A7+
8x8Trax_8608118 birddog856 vs. dgb : @0/ A0/ @1/ B0+ B4/ C4+ D2\ D3\ B0/ E4+ @3+ C0/ G5+ D2+ C0/ E8\ F8\ B7/ B8/ E2\ A3+ G3/ RESIGN
8x8Trax_8608121 birddog856 vs. bengt : @0/ A0/ @1/ A2+ B0\ @2+ C4/ C5/ A4\ D5+ @2\ A1\ A5/ RESIGN
8x8Trax_8608122 bengt vs. birddog856 : @0+ @1+ @1/ A2/ A3/ B0/ A1+ B5/ D1\ A0/ B7/ @3+ E1+ A6/ RESIGN
8x8Trax_8608125 *Leo The Lion Returns vs. ypercube : @0/ @1/ B0+ C1+ A3/ @3/ D3\ C4/ @2+ D5\ E4+ E0\ C6\ C7/ B5/ E7\ @4+ E8\
8x8Trax_8608126 ypercube vs. *Leo The Lion Returns : @0/ A0/ A3/ B1+ C2+ B0+ D3\ D5+ C6+ A7+ @6/ B8+ F5\ F6\ F7+ RESIGN
8x8Trax_8608127 Snoopy1960 vs. ypercube : @0+ B1+ B0\ B3\ @2+ B0\ A1\ A0\ @4\ D1/ C0\ E4/
8x8Trax_8608128 ypercube vs. Snoopy1960 : @0/ B1\ B2\ A2+ @2/ C3\ @3\ C0/ E4\ C5/ A5/ @4\ D6+
8x8Trax_860822 Amanda vs. Matt : @0/ A2\ B2\ B3+ C3/ B4+ B1+ D2\ A0/ @2\ C6\ D5+
8x8Trax_860823 Amanda vs. Matt : @0+ B1+ B2/ B0/ A1+ C2+ C3+ D2+ E2/ A0\ @1\ A0+ @1+ B0/ E3+ F1/ E0+ F1/ G1+ G0/ F6+ A3\ A2\ F1\ H5+
8x8Trax_860825 Matt vs. Amanda : @0+ B1\ B2\ @1/ A0\ @2/ C1+ A1\ A0+ @2/
8x8Trax_860826 Matt vs. Amanda : @0+ @1\ A0\ @2/ A3\
8x8Trax_860838 * Sassy_Angel * vs. *Make Peace : @0/ B1\ B2\ C2/ B3+ C1+ B0/ C1/ C0/ C5+ D3/ D2/ B6/ A6/ E2/ E1/ A7/ @7/ E4\ F0/ @6+ C3\ B3+ @6+
8x8Trax_860840 * Sassy_Angel * vs. *Make Peace : @0/ A2+ B1/ B0/ @3\ D1/ E1/ E0/ D0/ C6/ E1+ F1/ B7/ A6+ @6/ B7/ B8/ A8/ @6+ B4\ A4+ H5/ H4+ E7+
8x8Trax_860841 * Sassy_Angel * vs. *Make Peace : @0/ A2+ B1/ C1+ @1/ C0/ C4\ D4+ E2/ C0+ C6+ F2/ E1+ D0/ D0/ F3+ G3/ G2/ G1\ @6\ E8\ F7\ G6\ H6\ G7+ F8+ H8+ B7\
8x8Trax_860855 Adam vs. (vikki) : @0/ B1\ A2/ B2\ A3\
8x8Trax_860857 Megababe vs. Ali : @0+ @1/ B2+ C1\
8x8Trax_860871 Ali vs. Megababe : @0+ B1\ @1\ B0+ B0\ C4\ @2/ E4/ B4+ E3+ D2/ E2+ F3/
8x8Trax_860877 Mikee vs. Megababe : @0+ A2+ A3/ B2\ @2\ @2/ E2/ D1+ B0\ A2+ A1+ @2+ B0/ G4/ A2+ @3/ E6/ B5+ F2/ G3/ H3/ H2+
8x8Trax_860879 B Line electric streetcar vs. Missing 10300 : @0+ B1/ A2+ B0\ @2/ B1\ C3+ D3/ C0+ D3+ D1/ D0/ E2\ E3+ F4/ F2+ F5\ G4\
8x8Trax_860884 B Line electric streetcar vs. Uncle Chuckie : @0+ B1\ A2/ A3/ @3/ B0/ D2\ A5/ D6+ @4+
8x8Trax_860925 Ali vs. Megababe : @0+ @1\ B0/ B0/ A4/ C2+
8x8Trax_860935 * Sassy_Angel * vs. hANDYman the Rebel : @0+ @1/ B0\ C1\ @2/ @2/ @2/ C3/ D4/ C4/ C5/ F0+ B6\ B4+ A5+ D1\ E0\
8x8Trax_860938 * Sassy_Angel * vs. hANDYman the Rebel : @0/ A2\ B2\ B1+ C2/ C1/ B0/ C1/ C0/ D2/ @3\ A2\ D0/ C6/ @3\ E0/ G4/ F3/ F2+ C7/ B7\
8x8Trax_860940 hANDYman the Rebel vs. * Sassy_Angel * : @0/ A2+ @2\ C1\ C0\ C3\ C4\ D2/ D1+ E3\ @3\ C0+ A5/ C6\ @5\
8x8Trax_860941 hANDYman the Rebel vs. * Sassy_Angel * : @0/ B1+ B2/ C2+ B0\ C2+ @2/ A3/ B4/ @3\ A2+ B4+ E1+ C5/ F3\ F2+ G3\ C6+ D7+ H4/ D8+ C7+ C8+
8x8Trax_860946 Adam vs. Desert Rose : @0/ B1\ @1\ B2\
8x8Trax_860950 Ali vs. Megababe : @0+ A2+ A3/ B1\ @1\ A0\ A3/ A4/ @3\
8x8Trax_860972 Banditz Mom vs. mcinturff : @0+ A2\ A0\ @1\ C3\ @1+ A0+ E4+ A0+ @1/ C1/ E3/ A3+ B0\ A5+ F4/ C6+ G6+ E3+ @4+
8x8Trax_860979 geneoo vs. spitfire : @0/ A2\ A0\ B2\
8x8Trax_860988 Rogue Trooper vs. Pepper : @0+ A0+ A0\ A4+ A5+ @4+ B6+ B0/ C2\ A1\ B0\
8x8Trax_861024 DINGEROO vs. Honeybear : @0/ B1\ B2\ C2\ D2+ D3/ C4\ D5/ C6\ A2+ @3\ @2\ A1\ B0\ B0\ @3\ B2+
8x8Trax_861047 Lisa vs. Honeybear : @0/ B1\ A0\ A3\
8x8Trax_861051 G_net vs. Honeybear : @0+ B1+ A2/ A3\ B3\ C1+ B0/ C4\ C5\ D2+ @3\ A4/ @4/ B2\ A3\ @4/ A5/ C6\
8x8Trax_861053 Phil The Hat vs. Uncle Chuckie : @0+ B1\ C1/ B0\ C1+ @2/ D3/ C0\ A1\ E1/ @2/
8x8Trax_861078 Lisa vs. Honeybear : @0/ B1\ B2+ C1\ A2/ D2\ E2/ D3/
8x8Trax_8610810 Rogue Trooper vs. ypercube : @0+ @1/ A2/ C1+ B0/ @3+ C0/ E3+ B1\ D0\ E5+ E6/ F5/ G4\ E7+ E1/ C0/ H2+ RESIGN
8x8Trax_8610829 JiffyJeff vs. * : @0/ B1\ B2\ C2+ B0+ C4/ A4+ @3+ C0+ A2\ @1/ C0/ A4/ @5\ @4/ H3+ H2/ C0\ B4\ E8+ D7/
8x8Trax_861096 Adam vs. Desert Rose : @0+ @1+ @1/ C2+ C3+ A2\ D2\ E2/ D1/
8x8Trax_861128 The Pampered Cricket vs. Honeybear : @0+ B1+ A2\ B0/ A1+ C3\ C4\ @3/ C4/ D5\ D1/ E3\ C0+
8x8Trax_861133 DragonHeart MIA vs. Honeybear : @0/ A2\ B2\ A3\ A0\ @1\ D3/ C2+ D2+ D1/ B0\ A1\ A0\ B0\ E1/ D0\ F3/ D8/ E6/ E1+ A2\ A1/ B1/ E7+ @2+ G6+ H3/
8x8Trax_861142 Adam vs. Vacant 1884 : @0+ @1\ C1\ A0+ @1/ B3/ E2/ E1/ D0/ E4/ C5\ D5+ C6/ B6/ F2/ F1/ E0/ B2\ G4+ A6+ B8/ @7/ A5/ G6\ B1\ A3+ F7+ H6+
8x8Trax_861145 Adam vs. stormy110 : @0+ B1\ C1/ C0/ B1+ B3/ A3/ D1\ B4\ C4/
8x8Trax_861147 Lisa vs. Honeybear : @0/ B1\ A0\ A3\
8x8Trax_861169 Adam vs. stormy110 : @0+ B1\ B2\ B3\ @3/ A4\
8x8Trax_861174 Adam vs. Misfit Lenrad6672 : @0+ B1\ B0/ C2\ B3\ C1/ D1/ A1\ A0\ A5/ @5/ D5\ D6\ A3+ @3\ F3+ C6/ D7/ A5/ @4/ C6+
8x8Trax_861184 Adam vs. busymom : @0+ @1+ B0\ @2+ C3/
8x8Trax_861186 Adam vs. stormy110 : @0+ @1\ A2/ @2/ A1+ @2\ A1\ B0\ A1\ E2/ E1/ C0/ D1+ @3\ C5/ @3/ B2\ C1\ D0\ H3/ G1/ D7\ G5/ F6+ F7\ C1\ B1/ G0/ A6/
8x8Trax_861202 Rogue Trooper vs. Vacant 1884 : @0/ B1\ A2+ B2+ A3+ A4\ B3\ B4+ B5/ C4/
8x8Trax_861204 Chad vs. Adam : @0/ B1\ B2\ A2+ A3/ @3/ @2/ B1\ C0\
8x8Trax_861205 Misfit Lenrad6672 vs. CHESSCATJAY : @0/ B1\ B2\ C2+ A2/ C0/ A4\
8x8Trax_861206 Rogue Trooper vs. CHESSCATJAY : @0+ @1+ A0/ @1\ B3\
8x8Trax_861207 CHESSCATJAY vs. Misfit Lenrad6672 : @0+ B1\ B0/ C2\ C3/ C1/ D2\ B3/ D1/ E2\ @2\ B3+ A3/ @3/ A4+ @4\ B2\ A2\ C1/ C0+ D1/ E1+ D0\ E1+ C7\ C1\ E6+ D0+
8x8Trax_861228 Misfit Lenrad6672 vs. Tolp : @0/ B1\ A2/ B2\ B3/
8x8Trax_861244 CHESSCATJAY vs. Rogue Trooper : @0+ A2\ A0/ A4/ B4\ @3/
8x8Trax_861289 DIRKSTRA vs. Rogue Trooper : @0/ @1\ A0/
8x8Trax_861292 Tigger vs. Rogue Trooper : @0+ @1/ A0/ B0/ C1/ C0\ @4\ C1+ D3+ B2\ A2\ A5/ @5/ A6+ D5/ E5\ E6\ B1\ B0/ C1/ @6/ C8/ B5+ G5/ B3/
8x8Trax_861309 Cinderella vs. Honeybear : @0+ B1/ A2/ A3\ B2+ @1\ D1\ B0+
8x8Trax_861316 B Line electric streetcar vs. Cindy MIA : @0+ @1\ A2+ C1/ C0/ C0+ D3+ @1\ A0+ A0/ B2/ B1+ C1/ D1+ C0\ E4+ E2+ F5+ @4+ G6+ E7/ C8+ H5\
8x8Trax_861317 B Line electric streetcar vs. busymom : @0+ @1\ A0+ C2/ B0/ A1+ B0/ C2+ D3+ C0/ D1/ E2/ A1\ @2\
8x8Trax_861318 B Line electric streetcar vs. CHESSCATJAY : @0+ @1/ A2\ B2+ C2+ C1+ D1+ E1\ E2\ F2\ F3\ G3+ H3/ C4/ B4/ B5/ A5+ F0+ F0/ E1\ F0\
8x8Trax_861320 B Line electric streetcar vs. Goonerg : @0+ B1+ B2+ C1+ B3+ C3/ A3/ A4/ @4/ E3/ E4/ A1+ F4\ F5\ F1/ F0\
8x8Trax_861321 Rogue Trooper vs. gertess : @0/ B1/ A2\ B0\ A1+ B3\ C2\
8x8Trax_861323 EagleAnney vs. Goonerg : @0/ A2\ A3/ B1\
8x8Trax_861326 gameplayer vs. Goonerg : @0/ A2\ B1\
8x8Trax_861330 Arctic Warrior vs. MIA #19062 : @0/ B1\ A2/ B2+ C1/ C0/ A1\ B0+
8x8Trax_861331 Arctic Warrior vs. lady of amber : @0/ A2/ A0\ B2+ @2\
8x8Trax_861332 Arctic Warrior vs. mayonnaise : @0/ A2\ B2\ B3+ A0\ @4/ A1/
8x8Trax_861334 Arctic Warrior vs. FixitDave : @0/ A2\ B1/ B2+ A0\ @2/ D1\ B0\ B0\ B0\ E1/ E0/ F2+ B1\ E0/ G4+ C1\ A6+ H5/ G7+
8x8Trax_861339 Tigger vs. Goonerg : @0/ A2\ B2\ B3+ C3/ @2\ C1+ B0\ E3/ @2\ A1\ D5/ A0/ A4+ B1+ B0\ @2\ E3/ E2/ G4/ E1\ H4+ A5/ H3/ C0\ H2+ H1\ A1+ H7/ F8+ H8+
8x8Trax_861342 NASCAR vs. Goonerg : @0/ B1\ B2\ A2+ A3+ @2\ B0/ D4/ B5/ A5\ E4+ E3+ F3+ @4/ G4\ D5+ E6+ C6/ A2\ @2\ B7/ A7/ C0\ B2+ A5+ F8+ A7\ E1+
8x8Trax_861344 Goonerg vs. NASCAR : @0/ A2+ B2\ @2\ D1/ B0/ A0\ @2/ E5/ A4+ A5\ @4\ D6+ B1\ A1\ @1\ E7+ E8/ D8/
8x8Trax_861346 Goonerg vs. *Make Peace : @0/ A2+ A0\ @1\ C3\ D3/ D4\ E3/ D2/ D1/ D0/ B0+ E4/ E2+ F2\ @2\ G6\ A1+ H5\
8x8Trax_861348 Goonerg vs. DIRKSTRA : @0/ B1\ A2/ @2/ C2\ B3/ B0/ C4\ B5/ D3\ C5\ C6\ B6+ D5/ A5/ E6\ D7+ @4\ @4+ G3\ H5\ G7+ G8\ H8+ B6+ C7/ B3\ F8/ A7/ B8+ D7+ C8\ E8/ B2\ B1\ H3\
8x8Trax_861350 Goonerg vs. Griffindor : @0/ B1\ B2\ C2\ A2/ B3\ C3+ @2/ C0\ E3\ A0\ @2+ A1\ F6/ A5+ B5+ @4+
8x8Trax_861355 Nan54 vs. Cindy MIA : @0/ B1\ A2/ B2+ C1/ C0/ D1\ C0/ A5\ C0/ B6+ C6\ @4\ E5+
8x8Trax_861361 rich1253us vs. Rogue Trooper : @0+ @1/ A2\ B2+ C2/
8x8Trax_861364 Goonerg vs. Chimera : @0/ A2\ B2\ B3+ B1+ C1\ C2\ B4\ D3\ D4+ D1/ E2/ C0/
8x8Trax_861368 Honeybear vs. DINGEROO : @0/ @1/ B0+ C1\ @1\ A0\ D4+ C5/ E4+ E5\ D6\ F4+ G4\ F6+ D7/ H6\ H7+ G7+ H8\ F3+ C7/ B7/ C1+ G8/ B8+ F8\
8x8Trax_861380 busymom vs. Honeybear : @0+ B1/ B2/ @1\ D1/ B0+
8x8Trax_861388 rich1253us vs. Rogue Trooper : @0+ B1\ A0/ @2+ B3\ C0/ D3\ D1+ C4+
8x8Trax_861395 Honeybear vs. DragonHeart MIA : @0/ B1\ A2/ @2+ A3\ B4/ B0/ C4\ D3+
8x8Trax_861396 Vacant 12565 vs. FujiTape : @0+ A0/ A3\ B2\ B3+ C2/ C3+ A0/ C2/ D2/ C1+ A5\ @3\ A4/ E5/ F3+
8x8Trax_861397 Jon Dann from Taiwan vs. JenJen : @0+ B1/ C1+ B0\ A1\ @2\ E2+ B0\ A2\ A1+ @2/ F4/ E2+ D5/ G3/ D0/ D7+ C6\
8x8Trax_861398 JenJen vs. FujiTape : @0+ B1/ C1\ C2\ D2/ D3/ D1/ D0\
8x8Trax_861408 goldfreckles vs. Honeybear : @0/ @1/ A2\ @1/ A0\ @1\ A0\ B0+ C6/ B0/ E3\ E4\ D6+ F5\ F4+ D0+ G5\ F7+ F8\ G8\ B8/ A8/ @3/ B6+ H3/ B2\ B1\ H1\ A7+ A2+
8x8Trax_861410 StackMaster vs. JenJen : @0+ @1/ @1/ B2\ C2\ A0\ @1+ @1/ A2/ @2\ C4\ F1/ E0+ F1/ C1+ G4/ G3+
8x8Trax_861411 JenJen vs. ema : @0/ B1\ A2/ @2\ C2\ C3/
8x8Trax_861413 Lyndalou vs. JenJen : @0/ A2\ B2+ B1+ C2\ D2\ @2\ @1\ B0/ B4/ A3+ A4/ @4\ A2\ E1\ G2/ H2/ B1+ C5\ D5\ E4+ E5\ D6\ F0+ H4+ B1/ H6\ D1\
8x8Trax_861419 JenJen vs. Vacant 12565 : @0/ A2\ B2\ B1+ C2/ B3\ D2\ D3\ B0/ C2+
8x8Trax_861431 FujiTape vs. Vacant 12565 : @0/ B1\ A2/ B2+ A3/ @2/ @2/ B3+ B4/ B0\ B0/ C6+ E5/ @4\ D1+ B2+ A3\ D7/ C7+ A5/ @4/
8x8Trax_861434 JenJen vs. Vacant 12565 : @0+ @1/ A2/ C1\ C3\ @2/ E2\
8x8Trax_861438 Nan54 vs. Rogue Trooper : @0/ A0\ @1/
8x8Trax_861440 Sista vs. garfield : @0/ B1\ A2\
8x8Trax_861457 Misery Midnight vs. goldfreckles : @0/ A0/ B2+ C2/ B3/ A3/ A4/ @2\ @3\ A2\ @2\ E0\ C2\ B2\ B1\ A2\ C0/
8x8Trax_861462 Nargada vs. Nan54 : @0+ B1\ @1/ A2\ C2\ D2/ C3\ E3\ C4\ E1/ C5\ F1\
8x8Trax_861465 *Make Peace vs. Goonerg : @0+ @1+ B2+ @1+ A2\ A0\ B4+ B5\ D3/ D4+ E5/ D6\ E6\ F6\ D7+ F3/ B7/ F2\
8x8Trax_861471 goldfreckles vs. Honeybear : @0+ A2+ A0\ B3/ @2\ A1+ @1/ C4+ C5/ B5/ B0/ @4+ @4/ D7\ F2/ G2/ G1/ F0/ B8\ G1+ H2/ E8+ F6+ G6\ F7\ F8\ G7\ E1+ D1\ C1\ B1\ A4+ A3\ A2+ G8\
8x8Trax_861473 Rogue Trooper vs. Honeybear : @0/ B1\ A2/ A3/ B2\ B3\ B4\ C3+ D1/ C0/
8x8Trax_861476 Nancy vs. Nan54 : @0/ B1\ C1/ B2/
8x8Trax_861477 Nan54 vs. Nancy : @0/ B1\ A2/ @1/ C2\ B3/ D1/ D0/ E3\ E4+ E5+ E6+ E7/ C1\ D0+ C1+ D8\ D5/ B6\
8x8Trax_861483 curleyquenot vs. Morticia : @0/ A2\ @2/ B3+ C1/ C0+ C3+ D3\ B5/ A4/ @3/ D0+ B6+ A6/ D5+ B7+ F4\ B8+
8x8Trax_861496 Sista vs. garfield : @0+ B1/ C1/ B0\ A1\ @2\ A1\ C3/ A3/ C0\ B1+
8x8Trax_861499 Chad vs. Adam : @0/ A2\ B2\ C2/ C1\
8x8Trax_861530 Chad vs. (**)(**) Bunny Toes : @0/ @1+ A2\ A0+ @1/
8x8Trax_861536 maggies tavern vs. Misery Midnight : @0+ @1/ A0+ A0/ B1\ A4\ A5/ @5/ C4\ A3/ @4\ D0/ E1/ D7/ B7/ B2\ B1\ B0\ E5+ A2\ @4+ B1+ A2/
8x8Trax_861547 Honeybear vs. Cindy MIA : @0/ A2+ @2\ @1\ A0\ @1\ C1+ B0+
8x8Trax_861551 *Make Peace vs. Honeybear : @0+ A2+ A3+ B2/ @1\ B4/ B0+ A5\ @2/ A3/ @3/ D0/ A2\ A1+ @2/
8x8Trax_861558 Chad vs. (**)(**) Bunny Toes : @0/ @1\ B0\
8x8Trax_861568 Honeybear vs. goldfreckles : @0/ @1/ B0/ @2/ A3/ @3+ C4+ C5/ E2+
8x8Trax_861579 FujiTape vs. VelvetKitty : @0/ A0\ @2\
8x8Trax_861580 supermac vs. Misery Midnight : @0+ @1/ B0\ B3\ A4\ B4\ C4\ D3\ C5/ @1\ E4\ A0/
8x8Trax_861581 Fake-ID vs. FujiTape : @0/ A2\ B1/ B2+ A0\ @2/ C4/ D4/ A5/ @5/ F4\ E5/ E1/ F2/
8x8Trax_861582 FujiTape vs. Cindy MIA : @0/ B1\ B2\ C2\ A2/ A3/ B3+ @3+ B4\ A0\ @2/ A4\ A5\ B6/ D5+ D1/ D0/ E2/ F2/ @3+ A2+ A1/
8x8Trax_861586 FujiTape vs. SunDrop Kid MIA : @0/ A2+ A3/ @3/ @3/ B1+ B0/ D2/ C1/ C0+ D2/ C0/ A3+ E3/ @4+
8x8Trax_861588 FujiTape vs. SunDrop Kid MIA : @0+ @1/ A2/ C2\ C3\ @2+ B3/ D4\ B0/
8x8Trax_861590 Honeybear vs. SunDrop Kid MIA : @0/ A2/ @1\ C1+ A0/
8x8Trax_861592 FujiTape vs. SunDrop Kid MIA : @0/ B1\ B2+ A2+ A3/ @3+ D2\ @3/ E3/ C4\ @3\ A2\ B1\ D0\
8x8Trax_861604 Honeybear vs. Twingles : @0/ @1+ @1\ A0+ A0/
8x8Trax_861613 Misery Midnight vs. supermac : @0+ @1/ A0\ @2/ A3\ B3\ C3\ C4\ D3/ E3/ A5/ E2\
8x8Trax_861619 mcinturff vs. Banditz Mom : @0+ A0/ A0/ @2/ C1\ C3/
8x8Trax_861624 goldfreckles vs. Honeybear : @0+ A2/ @2\ B3\ C2/ A1\ B0/ B0/ @3+ E3\ F3/ F2+ C0/ D6\ D7\ E7\ F6\ E8+
8x8Trax_861629 Honeybear vs. G_net : @0/ @1\ A0/
8x8Trax_861646 AWOL 5935 vs. toadisgimpy : @0/ A0\ @2\
8x8Trax_861652 Nan54 vs. MIA #26614 : @0/ A0+ A0\ B2\ C3\ A4\ C4/
8x8Trax_861658 FujiTape vs. immitzi : @0/ A0/ B1\ B2\ B3\ @2\ B3/ C4+ C5/ B4/ B5+ C6/ D4/ E4/ D6/ F3\ C7/ A6\ @5/ A4+ F7\ E8/ G7/ @7/ C8+ A3/ A8/ C1\ G8\
8x8Trax_861688 Misery Midnight vs. supermac : @0+ @1/ B2/ C2/ A0/ B4/ D2/ A3+
8x8Trax_861690 (((INTENSITY))) vs. FujiTape : @0+ B1\ B0/ C1/ @2\ A1/ B0+ C4\ A1\ E1/ @1/
8x8Trax_861699 Chad vs. (**)(**) Bunny Toes : @0+ @1+ C1/ C0\ B1+ A1+ @1\ A2+ @2/ B0\ D1+ @2+ B0/ C5/ C0/ B6/ @4\ C1+ A6/ C0\ @6\
8x8Trax_861708 Knight Rider vs. FujiTape : @0/ B1\ A2/ @2/ C2\ C3\ B3/ B4\
8x8Trax_861718 (((INTENSITY))) vs. B Line electric streetcar : @0/ @1+ A0+ @2/ A3/ A4+ @4\ D4\ C5\
8x8Trax_861722 maggies tavern vs. B Line electric streetcar : @0/ @1/ A2+ B3/ C1+ A0\ C1+ @1/
8x8Trax_861730 mcinturff vs. FrostyColdOne : @0/ B1\ A2/ @1/ C0/ D1/ C0\ B2\
8x8Trax_861734 goldfreckles vs. Honeybear : @0/ A2\ B2\ A0/ B1+ C3\ @3\ D2/ C4+
8x8Trax_861754 Lisa vs. Honeybear : @0+ @1\ A2/ @1\ C2+ B0/ A3+ C1+ B0/ D2\
8x8Trax_861775 Honeybear vs. Lady Butterfly : @0/ A2/ A3\ B2/ @1\ C1/ A0/
8x8Trax_861793 Lil Red vs. Honeybear : @0/ B1\ B2/
8x8Trax_861800 Amanda vs. JenJen : @0/ A2\ B2\ @2/ A3\
8x8Trax_861809 Logged Off 11019 vs. Chad : @0+ A0/ A3\ B1/ C2/ B0\ A1+ C2+ C1+ C5/ B5+ @1/ B5+ A3+ A5\ E2+ E4/ D0\ E2+ @3\ A1/ B1/
8x8Trax_861821 B Line electric streetcar vs. (((INTENSITY))) : @0+ @1+ B2+ B3\ A2/ C2\ C3\ C4+ D4\ E4\ D2/ D1/ B0+ E2+ F4/ @3\ A4+ A2\ D6+ C6+ F1\ G2+ D7+ D8\ E8\
8x8Trax_861867 Arctic Warrior vs. Annette : @0/ B1\ A2/ B2+ C1/ C2\ B0/
8x8Trax_861870 Dream vs. Adam : @0/ B1\ B2+ A2+ A3/ B3+ @1\ A0\ A3+ C5\ D4+ D3/ E3/ D1/ D0+ E2+ F2+ F1/ D0/ F6\ F7\ G5/
8x8Trax_861872 (((INTENSITY))) vs. Adam : @0/ A2\ B2\ B3+ B1/ C2\ B0+ B0+ D4\ B6+ C3+ B0+ D7\ E7\ C1\ A1\ @3/ C0+
8x8Trax_861880 Adam vs. MountainMist : @0+ @1\ A2/ A3\ @1/
8x8Trax_861900 Isischylde vs. dead-inside : @0+ B1/ @1+ C0\ A3\ @2\ C1\
8x8Trax_861930 dead-inside vs. Isischylde : @0+ A0+ @2\ C1\
8x8Trax_861933 dead-inside vs. Isischylde : @0+ B1\ A0/ @2/ B3\ C3+ C4\ D4\ D2+ E3\ E4+ F4\ F5\ C0+ F4+ C6+ B6/ D7/ G6/ C0+ G6+
8x8Trax_861936 dead-inside vs. Isischylde : @0+ @1/ @1\ B0/ A1\ A0/
8x8Trax_861942 Adam vs. B Line electric streetcar : @0+ @1+ B0\ B3\ A3+ A4\ B4+ C4\ C5\ C2+ D4\ @2+ E3/ F3/ E5+ F5\ G3/ D6+ H2\ H1+ D0\ B7/ F7+ H7/
8x8Trax_861944 Adam vs. B Line electric streetcar : @0+ @1/ A0\ @2/ A3+ A1\ @1\ C4/ E4\ E5\ C0+ C6/ D1\
8x8Trax_861948 B Line electric streetcar vs. Lorraine of the Renegades : @0+ B1/ A0\ A0+ A0/ C2+ D3/ C0/ D2+ E2/ D1/ D0/ E1/ F4+ D6\ D7+ E6/
8x8Trax_861959 B Line electric streetcar vs. Adam : @0+ B1+ A2+ @1+ @1/ A2/ C0/ D3\ D4\ @3+ F3+ C1\ D0/ @3+ G1/ D1\ H2\
8x8Trax_861980 firefly vs. lilith : @0+ B1\ B0/ C1/ C2+ A1\ C0+ @3/ C4\ E2/ F2/ E0/ @4/ C6/ G5\ F6\ H5/
8x8Trax_861982 FujiTape vs. Adam : @0/ B1\ A2/ B2+ C1\ @2/ C3\ B4+ B0/ @3+ A4+ @3+ A4+ @3+ @3/ A4/ E0/ F1+ E7\ C3+ F0\ G2/ B3/ G8\ H8\ C7+ A2+ H2/ B8+
8x8Trax_861983 B Line electric streetcar vs. FujiTape : @0+ A0+ A3+ B2\ @2+ A3+ @3/ A4+ C0+ B2\ D1/ E2/ C5+ C6\ D6\ E5\ F3/ G4/ C0+ D0\ E1+
8x8Trax_861985 FujiTape vs. Adam : @0/ B1\ A2/ @2+ C2+ @2+ B3\ @2+ F2/ E0/ F1/ G2/
8x8Trax_861987 klaashaas vs. Adam : @0/ B1\ A2/ A3/ @1\ A0\ @1\ D3+ C1+ A0\ @1\ B0/ B0/ C2/ D2/ D1/ E1/ E0/ F3\ F6\ F4/
8x8Trax_861990 klaashaas vs. Vacant 1884 : @0+ @1\ B2/ A0/ @1/ B0\ @4/ A5/ @3\ B2+ A2+ A1\ B1+ E1/ D0\ F3\
8x8Trax_861998 klaashaas vs. Alko : @0+ @1/ A2\ B2\ A3\ B3+ C1+ C0/ D1/ E1+ A1\ @1\ @1\ D0+
8x8Trax_861999 Alko vs. klaashaas : @0/ @1\ A0/
8x8Trax_862036 FujiTape vs. Adam : @0+ B1+ A0/ A3/ @3+ D2+ @3\ B1\ B0\ A5\ @4\ G3+ B1/ E4+ E5/ D6\ F4+ B6/ B7/ F5+ G5\ H3\ C7\ D1+ D0/ E1/ F3+ E8/
8x8Trax_862037 FujiTape vs. Adam : @0+ @1+ B0\ A3/ @3/ @3+ B4\ E2+ C4+ D4\ D5\ F4+ D6\
8x8Trax_862038 FujiTape vs. Adam : @0+ @1\ @1/ A2/ C2+ D2/ B0/ B4+ B5/ @4+ A3+ @4+ A3+ @4+ @4\ A3\ G1+ G4\ D6/ C5+ F6\ E7/ H5\ G6+ H6+ H7\ D7/ D8+ C7\ B5+ A5/ B6/ A6+ C2+ C1\ F7+ C8+ H8\ A7+
8x8Trax_862040 cu -rd vs. klaashaas : @0+ A0/ B2\ A3\ B3+ C2/ B4\ C1/ D2+ B0/
8x8Trax_862041 FujiTape vs. arvyg732 : @0+ A0\ A3/ B3\ @2+
8x8Trax_862045 FujiTape vs. Q : @0+ B1\ A2\ B2\ C1\ @1+ B0/ @2+ C0/ @3+ F4+ E5/ G4/ H2\ H4\ H5\ H6\ F5\ G6/ H7\ D5+ G7/ G8/ D6\ C5+ C1/ B5+ A5\ A2\
8x8Trax_862046 FujiTape vs. Q : @0+ B1/ C1\ C2\ B2+ A2/ A3/ B4/ B5/ A5/ @2+ @4/ A5/ B6\ C7/ D0/ F3+ F4\ G3+ H3\ G2+ F5+ G5\ H5\ A7+ A3\ B1+ H1\
8x8Trax_862047 Amanda vs. Vacant 1884 : @0/ A2\ B2\ B3\ B1/ C1/ @2\ D2\ E2+ E1+ F1/ F0+ G1\ E4/ D1+ C5+ B6\ F0\ F4\ G5/ H3/ H5+ F6\ E7\ D8\ G6+ F7\
8x8Trax_862052 ryry vs. FujiTape : @0+ @1/ C1\ B2+
8x8Trax_862096 pookster vs. FujiTape : @0/ B1\ B0/ B3/
8x8Trax_862110 Amanda vs. FujiTape : @0/ B1\ A2/ B2+ A0\ @1\ D2\ A3/ @1\ C4+
8x8Trax_862125 Big Giant Head vs. FujiTape : @0+ B1+ B2/ B0/ C1/ C0\ B1+ A1\ @2\ B0+ A2+ @3+ C0\ B2\ B1\ A2+
8x8Trax_862127 Dream vs. FujiTape : @0/ B1\ A2/ B2+ C1/ A0/ B4+ C4\ D4\ A5\ @2+ F3/ B6\ G3/ A5+ @5\ H2/ F1\ A3+
8x8Trax_862138 Brendans Grandmom vs. FujiTape : @0/ B1\ B0/ B3/
8x8Trax_862144 kdogtrainer vs. FujiTape : @0+ B1\ B2/ A2+ @2/ A3\ B3+ C3+ D1/ C0\ C5/ B6/ A6/ @4\ C7\ D6+ D7+ E6+ E7\ F7\ G7\ E8+
8x8Trax_862148 Arctic Warrior vs. mammacat MIA : @0/ A2\ B1/ @1+ B3/ C3\ A3\
8x8Trax_862210 Geri39 vs. FujiTape : @0/ B1\ B2/
8x8Trax_862218 lilith vs. FujiTape : @0+ @1\ C1\ C2/ B2/ A3/ @3/ C3+ E2/ B4+ E4\ C5/ F3\
8x8Trax_862237 Jump This vs. Poland : @0/ A2\ B2\ B1+ C2/ B3\ D2+ E2\ D4+ D5\ @3\ D1+ D0\
8x8Trax_862243 Weth vs. Phil The Hat : @0/ B1\ A2/ B2+ C2\ A3/ @1\ B0/ D2+ B5/ @4/ B1\ B0+ D1+ C0+ E1/ F3+ @3\ A2\ B1/ D0+ F1+ G1/ G6\
8x8Trax_862248 cu -rd vs. klaashaas : @0+ A0/ @1+ A2/ A3+ @1\ A0\ B5\ D4\ D3+ E2\ @1\ B4+ G3/ @3+ C5/
8x8Trax_862317 Nancy vs. mcinturff : @0/ A2\ A0\ B2\
8x8Trax_862345 RubyJoy vs. FujiTape : @0/ A2\ B2\ B3\ @2\ A0/ B1/ D4\ C2+ D5\ E4\ D1/ D0/ F3/ E2+ E6\ G3/ F2/ C1+ E0\ D0\ H5/ G4/ H4/ G1+ B2/ B1+ A1\
8x8Trax_862347 RubyJoy vs. FujiTape : @0/ B1\ A2/ A3/ @3\ C3/ A2+ B4/ @3/ D5\ E4+ F3/ F2/ B5+ C0/ E2/ D7\ E6\ F6\ G4\
8x8Trax_862350 RubyJoy vs. FujiTape : @0/ B1\ B2\ A2+ @2\ D2\ B0/ C4+
8x8Trax_862351 RubyJoy vs. FujiTape : @0+ A0+ B1/ C1/ A3\ @1\ C2+ B0+
8x8Trax_862391 bigmurds vs. * Sassy_Angel * : @0/ A2\ B1/ B2+ B3\ C3\ D3+ C4/ D0/ E1/ A1\ @1\ C0/
8x8Trax_862392 geneoo vs. spitfire : @0/ @1\ A0/
8x8Trax_862400 bigmurds vs. * Sassy_Angel * : @0/ A2+ @1\ A0+ A0/ B2/ B1+ C1/ C0\ B6\ C4/ D2\ B1+ D5+ E5\ E4+ F5+ F6+ F7\ G7\ F8\ H7/ G8\ G5/ H6+ E2+ H5+ H4/ G3\ H3+ D1+ G2+ G1+ H1+ B7/ A7/ A5/ A1\ B8+
8x8Trax_862404 lilith vs. firefly : @0+ B1/ @1/ A0\ @1/
8x8Trax_862405 klaashaas vs. Vacant 1884 : @0/ A2/ @1\ B0/ @3/ B4\ B5/ A4/
8x8Trax_862417 Geri39 vs. FujiTape : @0+ B1/ A0\ @2\ A1+ B0\
8x8Trax_862422 SweetCindyJo vs. Jeff : @0/ A2+ @1\ C1+ B0\
8x8Trax_862423 geneoo vs. spitfire : @0/ @1\ A0/
8x8Trax_862425 SunDrop Kid MIA vs. Adam : @0+ @1+ B2/ A0\ @1+ D3\ D4+ C4+ C5/ B5+ A3+ A4+ @4/ A5\ @4/ A3\ C6/ @3/
8x8Trax_862429 Weth vs. Adam : @0/ B1\ A2/ B2+ @1\ A0\ A0+ C5\ D3+ A0/ @3\ C2+
8x8Trax_862444 astyr vs. Megababe : @0+ B1/ B2/ @1\ C0/ D1/ D0/ D0/ E2+
8x8Trax_862447 Megababe vs. bigmurds : @0/ A2\ B1/ A0+ A0\ @3/ B5/ C4+ D3\ D4\ A5+ @2+ E5/ B0+ A5+ @4/ G5\ G7\ H6/ C0+ D8/ B8+ A6+ A7/ E3+ F3/ E2/ B1\ A1\ A2/ G4+ H3/ F2/ G1+ H1\ A3+ H8+ A8/
8x8Trax_862450 Nancy vs. mcinturff : @0/ B1\ A0\ A3\
8x8Trax_862466 Plasma Scream vs. Megababe : @0+ A2\ B2/ A0/ B1\
8x8Trax_862481 Weth vs. Adam : @0/ B1\ A2/ B2+ @1\ A0+ C1/ D1/ B0\
8x8Trax_862490 STrek vs. MartokII : @0+ A2+ A3+ @1/ C2\ A3+ B4+ A4+ B0+ @4/ B6/ @4\ A5+ E2+ D6+ F2\ D0+ E6+ D0+
8x8Trax_862491 ema_18 vs. FujiTape : @0+ B1\ A0/ @2\ B3\ C3\ D2\ B0/ C5\ D4\ E4\ D5\ D6\ F4\ F0/ G1\
8x8Trax_862495 ema_18 vs. Adam : @0/ A2\ B2+ B1+ C2\ C3+ D3/ C1/ B0/ C1/ C0/ D1/ D0/ E4\
8x8Trax_862515 FujiTape vs. SunDrop Kid MIA : @0+ @1/ B2/ B3\ C2/ A2+ @2\ C0/ E2\ D4\ E4+ A1\ C0/ @2/
8x8Trax_862536 geneoo vs. spitfire : @0/ A2\ @1\ C1\
8x8Trax_862544 geneoo vs. spitfire : @0/ A2\ B1/ A3/ @3\
8x8Trax_862551 LazerLady vs. FujiTape : @0+ B1\ C1/ B0\ C1+ B0\ @1\ A0\ A4+ @2+ B5\ D1/ D0/ F5\ E6+ E1/ F2+ D0+
8x8Trax_862566 EddiE vs. FujiTape : @0/ A2\ B1/ B2+ C2\ C0\ C0/ D2\ B5/ B6/ D4/ E3+ RESIGN
8x8Trax_862570 FujiTape vs. bigmurds : @0+ B1+ A2\ B0/ @2/ B4\ D3\ B1\ C0/ D3+ E3/ B1+ @2/ E5+ D6\ C0/ B2\ E7\ G4+ F7\ H4+ A4/ C7+ F8+ G7\
8x8Trax_862589 toadisgimpy vs. FujiTape : @0+ @1\ A2/ @1\ C0\ C3\ C4+ C5/ B4/ B5+ A5/ A6/ B1+ D2/ A3/ @3\
8x8Trax_862627 daffyANGEL vs. FujiTape : @0/ B1\ C1+ B2/
8x8Trax_862665 Geri39 vs. Adam : @0/ B1\ A2\
8x8Trax_862674 **YANKEE ROSE*JR FRANK PAB vs. Adam : @0+ B1+ C1+ @1+ A2+ @1+ C2+ F1+ C3+ G1+ C4+ H1+
8x8Trax_862680 Shosie vs. toadisgimpy : @0+ B1/ @1+ C0\ B1+ C3\ @2+ E2\
8x8Trax_862682 Goonerg vs. bigmurds : @0/ B1\ A2/ B2+ @2/ B3+
8x8Trax_862692 Absentee 27752 vs. FujiTape : @0+ B1\ C1/ C0/ D1\ B1\ B0\ A0/ D4+ @4/ B5\ B6\ C6\
8x8Trax_862696 Absentee 27752 vs. Adam : @0+ B1+ A0/ B3\ C3\ D3+ B4+ A4/ A5/ @4/ @4/ B5/ B6/ A5/ @5/ A6/ B7\ H3+
8x8Trax_862703 blondie vs. FujiTape : @0+ A0+ A3+ B3/ @3/ A4/ A5+ @4/ B6+ B7/ A7/ @4/ B8+
8x8Trax_862707 blondie vs. FujiTape : @0+ B1/ A2+ B0/ B0+ C2/ @2\ A3+ C0+ C0\ B1\ A2\ B0+ B0/ D2/ E5\ D1+
8x8Trax_862722 Lukie vs. FujiTape : @0/ A2\ A3/ B1\
8x8Trax_862729 Geri39 vs. Adam : @0+ B1+ @1+ D1+ E1+ F1+ @1+ @1+
8x8Trax_862734 AWOL 27087 vs. Megababe : @0+ @1+ A2+ C1+ @1\ C0+ A1\ @1+ A0/ F3+ C5/ B4/ B5+ A4+ @4/ A5/ @5/ C6\ B7\ B2+
8x8Trax_862736 gorrick the goblin vs. Adam : @0/ B1\ A2/ @2+ C2+ C3\ C4\ D3\ D4+ E4\ C0/ D1/ E2\ E3+ F4/ D0/ E7\ F2\ G4\ F7\ B2+ @4\ H6+ F8+
8x8Trax_862749 TrueIndian vs. Adam : @0+ B1\ B2/ A2+ A3\ @2\
8x8Trax_862755 bubbly vs. Adam : @0+ @1+ B2\ A2/ A0\ A4\
8x8Trax_862775 Nanett MIA vs. FujiTape : @0/ B1\ A2/ A3/ @3\ B4\ C4\ D4\ D1\ C2+ E2/ F1\ A2+ D0+ B1+ D0/ G5+ H4\ G3+ D7\ C8+ B1\ G8+ H7/ A7+ H1\
8x8Trax_8627916 birddog856 vs. Traxplayer : @0/ @1/ A0/ @2/ @1/ C0+ @1/ D0/ C5\ E2+ F3+ B4+ G3/ C6+ B5/ A5+ F1\ D0+ @6\ D1+ D0+ C3+ C1+ C8/ H3\ H6/ H7/ H2+ DRAW
8x8Trax_862794 ggil vs. FujiTape : @0+ B1\ B2\ @1/ A0\ @2/ C1+ B0\ E3/ D2+ B0+ B0/ E4+ D3+ F4/ A2/ @5/ F3+
8x8Trax_862815 csain1 vs. Goonerg : @0+ @1+ B0\ B3\ @2/ B3+ B4+ A4+ A5/ @3\ B1+ E3/ B0+ @4+ @5\ B7+ B2\ B1\ C8\ D8\ E8\ G8\ H4/ F1/ G1/ G3+ H6+ B8/ H1+
8x8Trax_862816 Nancy vs. Misery Midnight : @0/ @1\ A0/
8x8Trax_862822 Morticia vs. Miranda : @0/ B1\ A2/ @2+ B0/ @3\ E2\ C0/ C0\ C0/ D2+ D6+ C7/
8x8Trax_862823 DavidJ vs. Cindy MIA : @0+ @1\ A2/ @1\ A2/ @2\
8x8Trax_862824 Nancy vs. mcinturff : @0/ @1/ B0\ A1\ @1\ @1+ @1/ F1\ A2\ B2\ B3\
8x8Trax_862844 IRISH vs. DavidJ : @0/ A0/ @2+ @1\ A0/
8x8Trax_862868 DavidJ vs. Cindy MIA : @0/ B1\ A2/ A3/ @2+ B0\ @3\ D4/ E3/ C5/ B1\ A4+ @4/ E1/ D0\ B2+ E1/ D0\ A3/ @5/ C2/ B8+ A8/ B2+ C1+ G7\ H6+ G8/
8x8Trax_862869 csain1 vs. JenJen : @0+ A0/ A3\ B1/ C3+ B4\ C4\ D4\ D1/ D0/ E3\
8x8Trax_862878 curleyquenot vs. Morticia : @0+ B1/ B2\ C2\ C1+ B0/ B0/ @3\ D5/ E4\ F5\ E6/ F4+ D6+ E1\ C0+ G4+ D8+
8x8Trax_862885 Nan54 vs. FujiTape : @0/ B1\ A2/ @2/ C2\ C3\ C0/ D1/ @3+ D5/ C5/ B6/ A6/ E2\ F2\ E3+ G3\ G4\ E0+ F6+
8x8Trax_862890 IRISH vs. DavidJ : @0/ B1\ A2/ A0/ B3+ C2\ @3+ A4/ E1/ E0/ F3\ F4\ F5\ C1\ E0/ @4+ H3+ C1\ C6+ D7+ E1\ F0/ C1+ B1\ C8/ B8/ A7\ G8+ H8\
8x8Trax_862932 miss cajun attitude vs. FujiTape : @0/ B1\ A0\ A3\
8x8Trax_862944 ema_18 vs. FujiTape : @0/ B1\ B2\ A2+ @2\ D2\ B0/ C4+
8x8Trax_862946 Ali vs. Megababe : @0+ @1+ B2/ B0/ C2/ C1+ D2\ D3\ B4/ @4+ B5/ B6/ E5/ D5/ A6/ @4\ G3\ B7/ E6+ @5+
8x8Trax_862948 Cest Ci Bon vs. Adam : @0+ @1+ A2\ A0\ B1+ C2+ @1\ A0\ @1\ A0\ B0\ @3+ @5/ A6+ A7\ B6\ B7+ C6+ C1\ E7/
8x8Trax_862949 DavidJ vs. Adam : @0/ B1\ A2/ @2+ A3\ @2+ D2+ A3/ A4/ A1+ C0/ E2/ B5\ @4+
8x8Trax_862951 csain1 vs. FujiTape : @0/ B1\ A2/ @2/ @2+ B3/ A4+ A5\ D2\ E1\ D3+ B4+ C5+ B6/ C0+ @5/ F6\ F7\ E8/ D8/ G6+ F4+ E1+
8x8Trax_862954 StackMaster vs. Adam : @0+ @1+ B0\ A3/ B3+ C2+ B4/ @2+ A1+ @2+ F2\ F3\ G3\ F5\ G5\ H5\ C4/ G6\ H6\ H7\
8x8Trax_862955 Goonerg vs. Adam : @0/ B1\ A2/ @2+ A3\ @2+ D2+ C4\ D4\ E2\ E4+ D5\ F3/ B5/ C6+ A3/
8x8Trax_862958 Backoff vs. Adam : @0/ B1/ B2/ A2+ @2\ B3/ C0+ D1/ C0/ D4\ C5+ E3/
8x8Trax_862959 Goonerg vs. FujiTape : @0+ B1/ @1/ A2\ C2\ D2\ C0/ E3/ D2+ C4+ D0\ E2/ A1\ @4\ C0\
8x8Trax_862960 astyr vs. Megababe : @0/ A2\ B1/ B2+ B3\ C3\ C4\ D2/ E3/ B0/ E3+ D2+ E2/ F2+ C0\ @3/ B5/ B6+ A5+ C7+
8x8Trax_862964 FujiTape vs. nice guy : @0+ A2/ @2\ B3\ C2/ @2/ A3/ E1\ B4+
8x8Trax_862968 firefly vs. FujiTape : @0+ B1\ C1/ A0/ A0/ @2/ D1/ B0/ @1\ A0\ E2+ C1/ C0/ @2\ @3+ G7/ H4+ H3+ H1\ B6+
8x8Trax_862971 Goonerg vs. FujiTape : @0/ B1\ A2/ @2+ C2\ B3/ D2\ E1/ E0/ E4/ C5\ @3+ G2+ E5\ D1\ F0/ H4/
8x8Trax_862984 firefly vs. FujiTape : @0+ B1/ A2\ C1+ D1/ B3/ C0+ A1\ D3+ @2/ C5/ C0+
8x8Trax_862985 firefly vs. FujiTape : @0/ B1\ A2/ B2+ C2\ A3/ C1+ C0/ D3\ @3/ D5+ D6/ A4+ @4\ G5+ H5\ G6\ E7/ C1+ D0+ F1/ G1/ H7\ B6+ A6+ G3/ H3/ H8\ A7/ B1+ A8/
8x8Trax_862987 firefly vs. FujiTape : @0/ A2\ B1/ B0+ @2/ C0\ D1/ B0/ A0\ D2/ D1/ C0\ @3\
8x8Trax_862989 Shadow_Ops vs. FujiTape : @0/ B1\ B0+ A3\
8x8Trax_862999 DavidJ vs. gorrick the goblin : @0/ B1/ C1\ C2\ A0\ @2/ B3+ D4/
8x8Trax_863001 FujiTape vs. gorrick the goblin : @0+ @1/ A2/ C1\ A3\ C0\ D2\ C4\ B5\ D4+ C5+ D5\ E3/ C0/ C0\ B1\ A1\ @2+ G6+ F8\ D8\ A4+ H7/ E2/ G8\ H8\
8x8Trax_863022 FujiTape vs. immitzi : @0+ @1/ @1\ A0\ B1+ A0/ B4/ @3+ @3\ B1+ E2+ C0+ C6\ @2\ E2/
8x8Trax_863056 DavidJ vs. nice guy : @0/ A2\ B1/ @1/ C2\ A0\ D2\
8x8Trax_863068 * Sassy_Angel * vs. REBEL DJ : @0/ A2\ B2\ B3\ A0\ @1\ C5/ B5/ A5/ A2+ A0\ A4/ @2\ A5+ D3+ E4+
8x8Trax_863069 REBEL DJ vs. * Sassy_Angel * : @0/ B1\ B2\ C2\ A0\ @1\ B0/ C2/
8x8Trax_863080 SarahMills vs. klaashaas : @0/ @1/ A2+ A0\ C3\ B4/ B5/ @2\
8x8Trax_863082 SarahMills vs. klaashaas : @0+ @1+ A2\ B0+ A1+ A0+ A0/ B1/ C2/ B0\ C5\ D5\ A7+ @3/ C7\ D1/ D0/ E4/
8x8Trax_863083 SarahMills vs. klaashaas : @0+ @1+ A2\ B0/ A1+ @3/ A4/ C4+ A5\ D4/ C5+ @5\ B6/ D0/ B3+ B1+ A7/ @7/ A8+ A6\
8x8Trax_863086 Megababe vs. Plasma Scream : @0+ @1/ A0\ @2/ A1+ @2\ B3/ A1\ A0\ @2\ @2\ C0\ B1\ A2\ @2\ F2/ G2/ D6/ B1+
8x8Trax_863088 Miranda vs. Morticia : @0+ @1+ B2/ B0/ A1+ @2+ B0/ @3+ A2/ A4/ E2/ E1/ B5/ @3+ E0/ @4+ E7\ F7\ D8/ H3+
8x8Trax_863091 DavidJ vs. MORRIS : @0/ B1\ A2/ @2+ D1/ D0/ C3+ C1\ C0+ C0/ D1/ D0/ E1/ B1\ B0+ C1+ B0\ @6+
8x8Trax_863107 DavidJ vs. Adam : @0/ B1+ A0\ @1\ D2/ C1/ B0\ D2/ E3\ E4\ B4\ D4/ E5\ F4+ C5/ C6/ D1/ C0/ G4\
8x8Trax_863120 Rude Misfit vs. FujiTape : @0+ B1/ B2\ C1/ C0\ B1+ C3+ C4\ D2/ E2/ C5/ B5/ A5/ A6/ D6\ B7+ F3\ @5+
8x8Trax_863134 Nancy vs. Whistler Gandalf : @0/ A2\ B2\ B3/ B1/ B0\ C3/
8x8Trax_863147 cheyenne MIA vs. JenJen : @0/ A0\ @2\
8x8Trax_863148 WebbyDebi vs. REBEL DJ : @0+ @1/
8x8Trax_863160 WebbyDebi vs. DragonHeart MIA : @0/ B1\ B2\ C2\ B0/ C4/ B4/ A4/ A5\ A6\ B5+ @4/
8x8Trax_863163 Erinity vs. Adam : @0+ @1\ A2+ A0\ A4\ @2+ @2\ E2\ D3\ D4+ B0/ E5\ F4+ F3+ E2+ C0+ G5/ C0+ B1/ D8+
8x8Trax_863175 IRISH vs. DavidJ : @0/ @1\ A0/
8x8Trax_863183 DavidJ vs. Adam : @0/ B1+ @1\ A0\ B3\ D2\ C3\ D3+ D4\ C4+ E3/ B1/ B0+ E2/ RESIGN
8x8Trax_863195 DavidJ vs. Cindy MIA : @0/ A2+ @1\ B0/ C2/ C4/ D4\ C1/ D5/
8x8Trax_863196 DavidJ vs. MORRIS : @0/ A2\ B1/ B0/ C2\ C3\ D3\ C4\ C5\ D5\ E5\ E6\ F5\ F6\ G6\ F7\ A7/ H6\ B8/
8x8Trax_863217 Mellyluvzu82 vs. DavidJ : @0+ @1\ B2\ C1/ @1/ C0+
8x8Trax_863229 IRISH vs. JenJen : @0/ A0\ @2\
8x8Trax_863246 DavidJ vs. Rude Misfit : @0/ B1\ A2/ @2+ C2\ C3\ C0/ D2\ C0/ B5/ C6\ @4/ A6/ @6/ D7+
8x8Trax_863250 Geri39 vs. Adam : @0/ B1\ B2\ C2+ A2/ A3/ B3\ A4\
8x8Trax_863253 Mellyluvzu82 vs. DavidJ : @0+ @1/ B2+ C1\
8x8Trax_863255 Nan54 vs. Rude Misfit : @0/ B1\ A2/ @2\ C2\ C3\ A1\ B0/ A4/ B5+
8x8Trax_863264 lexy vs. Morticia : @0/ B1\ C1/ B2/
8x8Trax_863268 Goonthe vs. FujiTape : @0+ B1\ A0\ @2/ B3/ A3/ A4\ @4\ D4\ C5+
8x8Trax_863271 bubbly vs. JenJen : @0/ B1\ B2+ C1/ B0/
8x8Trax_863278 Goonthe vs. JenJen : @0+ @1\ B2/ A0\ @2\ A1\ B0\ A1\ D1\ A0/ C1/ D1/ D3\ C0+ E5+ E3/
8x8Trax_863302 Megababe vs. Ali : @0+ A2/ B1\ A3/ @1\ @2\ A1+ A0\ @1\ D1\ C0/ @2\ C0+
8x8Trax_863327 Lieve vs. FujiTape : @0+ @1/ B0\ C2\ @2/ C3+
8x8Trax_863337 DavidJ vs. firefly : @0/ B1+ @1\ B0/ A1+ @1\ A0\ B4/ A4/ @3\ D0/ E1/ F2/ F1/ D0+ D0/ A4\ @6/ D8\ E7+ H3/ C1+ E8\
8x8Trax_863343 klaashaas vs. Alko : @0/ @1/ B0/ A0+ @1\ A0\ @3/ @3+ A4/ B5/ @2/ B0+ A6/ A7+ @5/
8x8Trax_863344 Alko vs. klaashaas : @0+ A0+ B2+ @2+ @2\ A1\ @1+ @1+ B0/ C4/ F2+ G3+ H3/ H2/
8x8Trax_863360 Absentee 25578 vs. firefly : @0/ B1+ A0\ @2/ D2\ C3+
8x8Trax_863363 Adam vs. Cachel : @0+ @1\ A2/ @1\ A2+ A3\ A0\ D1/ @2+
8x8Trax_8633765 skcorky vs. SnugglyBear : @0+ B1/ @1\ B0+
8x8Trax_863380 mayonnaise vs. FujiTape : @0/ B1\ C1/ B2/
8x8Trax_8633909 mcinturff vs. SnugglyBear : @0+ @1/ A2/ C2\ B3/ @2+ B3/ B0\ C1+ D2+ C0\ D5+ B1+ C6+
8x8Trax_863397 oliver MIA vs. FujiTape : @0+ B1\ B2/ A2+ @2+ A1+ @2/ A3/ @2+ A1/
8x8Trax_863398 kittytb3 vs. FujiTape : @0/ A2\ B1\
8x8Trax_863403 LazerLady vs. firefly : @0+ A0+ A3\ @2\ C1/ A0/ C3\ D3\ @2/ C0+ B1+ E2+ E0/ F1/ C1\ C0\ F4+ E1+ E0\ B1/ F7/ A2+ @5+ @5/ A7+
8x8Trax_863411 Nanett MIA vs. firefly : @0/ B1+ B2\ C2+ C3\ B3+ D1\ A0/ C1+ E3/ C0/ B6+ E6/ C0+ A2+ C0+
8x8Trax_863414 Uncle Chuckie vs. Adam : @0/ B1+ C1/ C0/ B3\ D2+ D4+ B4+ D5\ E5\ E6\ F6\ E2+ G3/ B5\ D7/ @3+ E8/ C6+ D7+ B6+ A6+
8x8Trax_863416 Goonthe vs. firefly : @0+ A2+ A3\ @3/ A2\ C2/
8x8Trax_863418 Megababe vs. astyr : @0+ B1+ A2\ A0\ @1\ D2/ C1+ C0/ E2\ B0+ @2\ E1+ C0+ G3+ F1/ E1+ F0/ E7\ E8\ C8/ B7+ D1\ F7+ B8+ A7\ C1\ B1\ A3+ G7\
8x8Trax_863425 Adam vs. MORRIS : @0/ B1\ B2\ C2+ C3+ A2+ B0+ A4\ D3+ D4+ E3+ E4+ F4+ F3+ G3/ E2+ B0+ B0/ C1/ F4/ C7+ F3+ C8+
8x8Trax_8634437 Red Panda vs. ypercube : @0/ @1/ A2/ C2/ B3/ D3+ B4/ A4/ D5+ C6+ @5+ F3/ G2\ @5\ D0/ F2\ B1\ C8+ G5+ F7\ A7+ H1/ A3+ F8+
8x8Trax_863453 DanDman vs. FujiTape : @0+ B1/ A2\ B0\ A1+ @2\
8x8Trax_863469 SarahMills vs. klaashaas : @0+ B1/ B2\ C1+ D1\ D2\ C3\ E2/ A3/ B4+ A4/ @1\ C0/ F4/ @1/ B0\ C0\ B1\ G4+ H5+ F3+ A1+
8x8Trax_863470 SarahMills vs. klaashaas : @0/ B1\ A2/ B2+ C1/ C0/ A1\ B0+
8x8Trax_863471 SarahMills vs. klaashaas : @0/ B1\ B2\ A0+ A3/ A4/ B1/ C1/ B4+ @1\ C0/ D1/ @2\ D0+
8x8Trax_863474 Misfit Lenrad6672 vs. Rose : @0/ A0\ @1/
8x8Trax_863491 Megababe vs. Ali : @0+ B1/ B2/ A0/ C2/ B1/ B0/ C1/ C0/ D2/ E2/ D1/ D6+ F4/ D0/ E2/ F4+ C8\
8x8Trax_863499 Honeybear vs. MORRIS : @0/ B1+ @1\ A0\ @1/ A2/ A3/ C1/ C0+ A1\ B0\ @3\
8x8Trax_863504 Misfit Lenrad6672 vs. Vacant 1884 : @0/ B1\ A2/ @2/ C2\ @2/ D3/
8x8Trax_863507 Misfit Lenrad6672 vs. MORRIS : @0/ A2\ B2\ B3\ B1/ C2\ B4/ B0/ @2\ A4/ B5+ @2/
8x8Trax_863510 Misfit Lenrad6672 vs. Adam : @0/ B1\ A2/ @2+ C2\ B3+ C3+ B4+ D1/ D0/ D4\ E4\ E5/ E2+ F4\ A1\ @2/ D0+
8x8Trax_863514 Megababe vs. Isischylde : @0+ A0+ A3/ B2/ @2+ @2\ A1\ A0\ B0\ @2+ A1\ A0+ @2/ A3+ A4/ @3+ B5+ B1+ C6+
8x8Trax_863525 ChrisM vs. Adam : @0/ B1\ B2\ C2+ B3\ A2/ A0/ C5\ D5\ D3+ E5/ E4/ F4/ E2/ D0/ D7\ D8+ G5+ E1/ @4+
8x8Trax_863537 Misfit Lenrad6672 vs. Vacant 1884 : @0/ B1\ A2/ A0/ B3\ B4\ C4/ A4+ C3+ A5+ B6\ @5\
8x8Trax_863539 Uncle Chuckie vs. Misfit Lenrad6672 : @0/ A2\ B2\ B1+ B0/ C3\ C4\ D3\ E3\ D4\ D5\ E4\ F3+ G2/ E5\ G1+ G0/ F0/ E0+ @5\ H6\
8x8Trax_863541 klaashaas vs. Alko : @0/ @1/ A2+ A3\ B0/ C3\ B5/ B6/ C5/ @2+ @2\ C0+
8x8Trax_863543 Alko vs. klaashaas : @0+ @1\ C1\ A0+ B0\ D3\ C2+ B0\ D1/ D0/ E3\
8x8Trax_863547 Adam vs. stormy110 : @0/ B1+ B2\ C2\ B0+ D3\ C4\ C5\ D4\ D5+ E4/ B0\ A1\ @3/ B0+ E8\ F8\
8x8Trax_863566 gladriel vs. derekaluk : @0+ @1\ B2/ B0+ B0\ C3/
8x8Trax_863584 DiGaWiD vs. FujiTape : @0+ B1\ A2+ @2\
8x8Trax_863597 Ali vs. Megababe : @0+ @1+ A2+ C1\ A3+ A4\ A0/ @2/ D3\
8x8Trax_863612 Mikee vs. Megababe : @0+ B1\ A0/ @2/ A3/ @3/ A4/ E2/ @3+ C5+ C6\ B1+ @2/
8x8Trax_863626 Chad vs. Missing 27145 : @0/ A2\ B1+ B2+ C2\ C1+ B0+ C4+ C5/ D2/ D1\ A4/ @4\
8x8Trax_863634 Chef Jeff 1 vs. Absentee 1571 : @0/ A2+ A0\ @1\ A0/ A3/ B1+ C3\ C1\ D2\ C4+ C5\ D3\
8x8Trax_863663 Erinity vs. Adam : @0+ @1+ A0/ A3/ @3/ @3+ A4\ A1\ B0/
8x8Trax_863680 Geri39 vs. Chad : @0/ A0/ B1\ @2\ C2\ B3\
8x8Trax_863697 firefly vs. Geri39 : @0+ B1+ B2/ C1+ A0/
8x8Trax_863706 firefly vs. Patrick : @0+ A0/ B2+ A3/ C1\ D1/ C0/
8x8Trax_8637115 jazzbeth vs. Rogue Trooper : @0/ A0/ B2/ B3/
8x8Trax_863715 Patrick vs. Adam : @0+ B1+ B2/ A0\ C3/ A4\ @2\ @2+ B3/ C0/ D1/ A2/ B5+ B6/ A6/ @4/ A6/ C7\ B8\ F6\ E7\ G6/
8x8Trax_863717 FujiTape vs. MORRIS : @0+ @1\ B2/ C2\ C3\ A0\ A0\ @3/ @2/ B4+ A4\ F5/ @4\ B5/ C5+ F6\ F3/ G3/ A5/ @4/
8x8Trax_863734 Patrick vs. firefly : @0+ B1/ B0/ A0\ @1\ @1\ A2/ @2\
8x8Trax_863735 DIRKSTRA vs. Adam : @0/ B1\ B2\ C2+ A2/ A3/ A0/ D3+ @3+ D4\ B5/ F3+ @3\ B0+ A5/ H4+
8x8Trax_863738 gingershaz vs. Adam : @0/ B1\ B0/ A3\
8x8Trax_863747 firefly vs. DIRKSTRA : @0+ @1/ A0\ @2/ A3/ A1\ @2/ B4/ A1\ @1\ B4+ F2+ C0+ A5+ F5\ E6/ G4+ F2+ C6+ D0\ G7+ F8+ G3/ @2\ C1+ H2/ C7/ A3/ B4+ A4/
8x8Trax_863754 firefly vs. Retired 3586 : @0+ @1/ @1\ A0\ B1+ C1+ D1\ @2/ B3\ F2/ C4+ F3/ E0+ C6/ E6/ F5+ E0+ E8/ G6+ G3+ G7+
8x8Trax_863756 ejd vs. rockdude : @0/ A2\ A0\ B2\
8x8Trax_863761 Geri39 vs. firefly : @0/ A2+ B1\ A3\ B2\ C2\ B3\ D1/ C3\ C0+ D1/ E1/ A1+ @1\ A3+ B0+
8x8Trax_863767 firefly vs. immitzi : @0+ A2\ A0/ B1/ B0/ C1/ C0/ D4+ E2\ C6+ E3\ E5+ F3\ B7\ D7+ A7/ C8/ @6\
8x8Trax_863811 NASCAR vs. Nan54 : @0+ @1+ A2+ @1\ B3+ B4\ C4\ B5/ A3/ D2+ @2+
8x8Trax_863835 Goonerg vs. Uncle Chuckie : @0/ B1+ C1/ C0/ B0/ D2/ A1\ @1+ B0/
8x8Trax_8638564 SnugglyBear vs. mcinturff : @0/ B1\ A2/ @2+ D1/ D0/ B4\ C3+ C4+ D4\ E2/ F3\ E1/ F4+ C1+ G2/ D0+
8x8Trax_863930 Lillie vs. Rogue Trooper : @0/ B1\ B2\ A2+ C1/ C0/ A1\ @1\ E3\ E4+ D4+ C0+
8x8Trax_8639490 birddog856 vs. dgb : @0/ A0/ B2/ A3+ @1/ D2\ C4/ C5/ B6\ D6+ E2\ A4+ E1/ F1/ B0/ F0/ G2\ E5+ RESIGN
8x8Trax_864015 carinda vs. Rogue Trooper : @0+ B1/ C1\ C2\ A2+ C0/ D1/ @3+ @3/ B4+ C1+ B1/
8x8Trax_864030 Rogue Trooper vs. gertess : @0/ B1\ A2/ @2/ C2\ @1\ C3\
8x8Trax_864032 Catmane vs. * Sassy_Angel * : @0+ B1\ A0/ B3/ @2\ B0/ D3\ C5+ B4+ C6\ E5/ F5\ E4+ E3+ B5/ F3+ A5\ @4+ G2+ @4+
8x8Trax_864033 Catmane vs. * Sassy_Angel * : @0/ A2\ B2\ B1+ C2\ D2\ C3\ C4\ D4\ D5\ D6\ E3\ E4\ @2/ F6/ G4\
8x8Trax_864058 IRISH vs. Honeybear : @0+ A0+ A0/ @3\ C3\ B0\ A1\ @3/ D2/ E3/ C0+ C6\ D6\ C0\ E2/ D1+ D0/ E2/ E1+ F2\ @6\ B8/ A8/ @8/ H3\ H4\ B5+ B3+ A3\ A2\
8x8Trax_864067 Honeybear vs. Rogue Trooper : @0/ A2+ A0\ @1\ B4/ A4/ @3/ @3+ A4/ @4+ D0+ A3+ D0+ @4+ E0+ B3+ B8+
8x8Trax_864070 Honeybear vs. goldfreckles : @0/ A2+ @1\ A0\ C2/ B4\ D2\ C1/ A0\ D4+ B1/ E4/
8x8Trax_864079 * Sassy_Angel * vs. Zane : @0/ A2+ @2\ A3+ B3+ A4\ @3+ D1+ D0\
8x8Trax_864083 Romy vs. Honeybear : @0+ A0+ @1/ C2/
8x8Trax_864115 Honeybear vs. Zanda : @0/ A2\ B2\ B3+ C3/ C1\ @2\ B0\ A5/ @4\ F2+ A5/ @5/ B2\ B1\ E1/ E0+ B1\ E0+ B8+ A5\ @8\ G2/ D1\ F7+ B2/ B3/ H1\
8x8Trax_864135 num1fire vs. Rogue Trooper : @0/ A2\ A0+ B2\
8x8Trax_864143 Rogue Trooper vs. AWOL 28160 : @0/ B1\ B2\ C2+ A2+ D1\ E1\ F1/ E0\ A4/ C1+ C4+ D4+ B5\ C5\
8x8Trax_864159 Goonerg vs. Vacant 1884 : @0/ B1\ B2\ B3\ A2+ B4/ C1\ A4+ @1/ C0/ B1+ @2/ B4/ D6/ E4\ B0/ F5/ F7/ B7/ B8\
8x8Trax_864179 spitfire vs. geneoo : @0+ B1/ B2\ C1\
8x8Trax_864224 DavidJ vs. Goonerg : @0/ B1\ A2/ C1\ A3\ B3\ D3\ D4\ @3\ C4+ F2/ F1/ F0/ A1\ C0/ @2/
8x8Trax_864229 Nan54 vs. immitzi : @0/ @1/ A2+ C1+ C0\ A4/ A0\ @3/ A1+ @3/ A6/ @4+ A3+ F5\ G5\ E6/
8x8Trax_864230 immitzi vs. Goonerg : @0/ B1/ @1+ D1+ D0/ A3\ B1\ D0/ E2+ B1\ C0\ A2/
8x8Trax_864240 SweetCindyJo vs. mocads : @0/ A2\ B2\ @1+ C1/ D2\ B3/ A3/ C4/ @3\ A4/ @4/ C4\ E5/ C5+ E6\ D0\ C1\ B2/ A3\
8x8Trax_8642459 Penguin123 vs. robertst : @0+ @1+ A2/ C1+ B0/ C3\ B4+
8x8Trax_864247 Darksyde MIA vs. Goonerg : @0/ B1\ A2/ @2\ C0\ A2+ C3\ C4\ C5\ B0/ D4\ C0/ D1+ E4+ F4/ A1\ @1\ D0\
8x8Trax_864267 Nan54 vs. aussielady : @0/ B1+ @1\ A0\ C1/ B0+
8x8Trax_864272 Michele vs. Goonerg : @0+ B1+ A2/ C1\ B2\ B3/
8x8Trax_864298 Kelly is Untouchable vs. Goonerg : @0/ B1\ B2\ A2+ C1/ C0/ @3/ A4/ B5+ E2+ D4+ F2\
8x8Trax_864314 Misery Midnight vs. MsDelete : @0+ @1/ @1\ B0/ C3/ D2+ B3+ E2+ E1/ E0\ D1\ B5/ F2\ C1+ F3+ F4\ B1+ D0\
8x8Trax_864319 Kelly is Untouchable vs. Rogue Trooper : @0/ B1+ A0\ @2/ C3\ D3+ C1/ B0/
8x8Trax_864331 Nancy vs. Misery Midnight : @0+ @1/ @1\ A0\ @1+ @2/ A3\
8x8Trax_864341 rich1253us vs. Rogue Trooper : @0/ A2\ B1\
8x8Trax_864344 NASCAR vs. Goonerg : @0+ B1+ B0+ C2+ @2\ B1+ B0+ E3/ D2/ E2+ D1\ D0+ C5/ B1\ F4/ E5\ E6\ E2/ E7\ F6\ G5\ B7/ A7+ C8/
8x8Trax_864357 rich1253us vs. Rogue Trooper : @0/ A2\ A0\ B3/
8x8Trax_864367 Goonerg vs. DIRKSTRA : @0/ A2\ B1/ C1/ C2+ C3\ D3\ E2\ A3/ D4\ @3\
8x8Trax_864376 Goonerg vs. G_net : @0/ B1\ A2/ B2+ A3\ B3\ B4\ @2+ D3+
8x8Trax_864391 Goonerg vs. Absentee 19443 : @0/ B1+ B0\ C2/ A3/ A0/ @2\ @3\ B1+ A2+ B5\ B0\ @3/
8x8Trax_864394 Nan54 vs. aussielady : @0/ A2\ B1/ B0+ B3\ C3\ @3/ B4+ B5/ A4/ A5+ @5/ A6/ E5\ F4/ D6/
8x8Trax_864398 NcLady vs. SweetCindyJo : @0+ @1/ B2/ C2\ A2/ C3/
8x8Trax_864410 SweetCindyJo vs. Papa_Bear : @0/ B1\ B2+ A2+ B3\ C3/ B0/ B0\ C2\
8x8Trax_864423 Goonerg vs. Sara : @0/ B1\ B2\ A2+ @2/ A3/ @3/ B4\ A1\ @2+ D0\
8x8Trax_864435 Goonerg vs. Jac The Red : @0/ @1\ B0\
8x8Trax_864444 Goonerg vs. Uncle Chuckie : @0/ B1+ C1/ A2/ C0\ B1+ B4/ A1+ @3/ A4/ @4/ A5/ @5/ A6/ @6/ A7/ A8+
8x8Trax_864472 daffyANGEL vs. Arctic Warrior : @0+ A0+ A3/ B3\ C3/ A4\
8x8Trax_8644878 ypercube vs. Traxplayer : @0/ @1/ B2/ C2+ B3\ D1\ B0/ B0/ C0\ B0/ @1+ B0\ @3\ A7/ @7/ A8/ A4/ @7+ A3\
8x8Trax_864540 Knight Rider vs. the great snowqueen : @0/ @1/ A2\ B0+ @1\ @1\ C0\
8x8Trax_864559 Morticia vs. Miranda : @0+ B1\ C1/ B0/
8x8Trax_864562 B Line electric streetcar vs. Uncle Chuckie : @0+ B1\ A2/ A3/ @3/ A4/ @3\ @3\ A2\ @2\ A1\ C0\ @5/ C6+ @2\ B1+ C7\ H1/ C8\ E7\ F6+ E8+ F1/ D1\ F7\ H8\ A6/ A1+
8x8Trax_864563 Eriisa MIA vs. supermac : @0/ A2\ B2\ B3\ C2/ C1/ D1\ D2+ C4/ D0\ E3\ E2+ F3\ G4/ D6/ D7/ @4\ D6+
8x8Trax_864584 Knight Rider vs. (((INTENSITY))) : @0/ B1\ B2\ B3\ C1/ B0\ A3+ B5\ D3\ D4+ C6/ E3\
8x8Trax_864599 Chef Jeff 1 vs. * Sassy_Angel * : @0+ B1\ B2/ A2+ @2/ A3/ C0/ D1/ D3\ E2+
8x8Trax_864601 Chef Jeff 1 vs. * Sassy_Angel * : @0/ A2\ B2\ B1+ @2\ D1\ E1/ E0+ D1+ D0\ @4+ A3\ B2+ D0/ F1/ F0/ @5/ H4/ H2/ B4+ C3+ C7/ B7/ A7/ E8\ F8\ C1\ B1\ G6+ G7\ H1/ H6+
8x8Trax_864604 Chef Jeff 1 vs. * Sassy_Angel * : @0+ B1\ B0/ C2\ C1+ D2/ E2\ C3\ E3+ D1+ F2\ C0/
8x8Trax_864605 Chef Jeff 1 vs. * Sassy_Angel * : @0/ B1\ B2\ C2\ B3/ A3/ @1/ @2+ A4\ @2+ B5/ A5/ F4\ G4\ A4+ @2\ C6/ A1+ H5\ C0+
8x8Trax_864611 ellieoop vs. Jump This : @0/ B1+ A0\ @2/ C1+ D2\ D3\ C4\ E2/ E1/ F2/ D0+ C1\ B1+ C0/ F3+ F2/ E1\ G3/ F1+ E6/ A2/ @3\ H2/ D0\ C1\ E8\ B2+ H1\ A5/
8x8Trax_8646587 jazzbeth vs. TallPaul : @0/ @1/ B2/ A0+ @2/ D1\ @2/ A3/ A0\ @3+ F1/ D0+
8x8Trax_8646645 Ivory vs. SnugglyBear : @0/ A2\ A0\ B3/
8x8Trax_8646646 SnugglyBear vs. Ivory : @0/ A2+ B2\ C2/ @2/ D1+ B3+
8x8Trax_864675 Alko vs. klaashaas : @0+ @1+ B0+ C2+ D2/ D1/ C0+ B4/ @4\ D0\ B2\ B6+ F4+ F5\ E6\ B7/ @7+ A8/ @8/ C2/ B4+ F8+ H8+ A4+ A3\ B2+ A2+ A1\ C1+ G1/ H1/
8x8Trax_864676 klaashaas vs. Alko : @0/ @1/ C1+ A2\ B2+ C0/ @2+ A1+ @2/ D0/
8x8Trax_864717 Megababe vs. Mikee : @0+ B1/ A2\ @1/ D1/ B0\ C0+ B5\ E2/ E5\ F3/
8x8Trax_864759 Megababe vs. Uncle Chuckie : @0+ B1\ B0\ @2/ C3\ D3\ B4/ C5/ E3\ F3\ C6/ B6/ A6/ @3\ D0\ H5+ H3+ F0+ A8/ A3+ C1\ B1+
8x8Trax_864804 Arctic Warrior vs. yeye : @0/ A2\ B2\ C2+ A0\ B2+ @2\
8x8Trax_864805 Arctic Warrior vs. Uncle Chuckie : @0/ B1+ A0\ @2/ C1+ B3/ C0/ C0/ D2/ E2/ E1/ D4\ E5\ F4+
8x8Trax_864825 windbreaker vs. firefly : @0+ @1\ B0\ A1+ A0/ C3/
8x8Trax_864830 Ali vs. Megababe : @0+ B1\ C1/ B0/
8x8Trax_8648480 SnugglyBear vs. dgb : @0+ B1+ A2\ B0/ C3/ B0\ A2+ @2\ B1\ B0\ A1/
8x8Trax_8648481 dgb vs. SnugglyBear : @0/ B1+ C1/ C0/ C0+ B0/ B0/ D2\ A1+ @5\
8x8Trax_8648482 SnugglyBear vs. davidmilne : @0+ A2/ A0\ @3/ A4/ @4/ A5/ @2+ @4/ F4+ C6/ G3\ G5+ F1/ E0\ @5+
8x8Trax_8648483 davidmilne vs. SnugglyBear : @0/ B1+ C1/ C0/ C0/ A2+ B4\ D3\ E3+ D4+ D5\ E4\ A5/ @4/
8x8Trax_8648484 SnugglyBear vs. Traxplayer : @0+ B1+ A2+ @1+ A0/ B0/ C1/ C0/ D2\ A1\ @3\
8x8Trax_8648485 Traxplayer vs. SnugglyBear : @0/ A2\ B2\ B3\ C2/ B1+ D3\ D4\ D1/ D5+ E1\
8x8Trax_8648486 dgb vs. davidmilne : @0+ A2/ A0\ @3/ C1\ B0\ @1+ E3/ D4+ F2\ B5/ @2\ D6+ @1/ C0+ C0\ A2+ F2+ D1+ DRAW
8x8Trax_8648487 davidmilne vs. dgb : @0/ A0/ B1+ A3+ @3\ D2\ @1\ A0\ C5/ F3/ F2/ G2/ RESIGN
8x8Trax_8648488 dgb vs. Traxplayer : @0/ @1/ @1/ A2/ A0\ @3+ B0\ @4\ B1\ F2\ F5+ G4\ F0+ G2/ @4\ B3+ E0+ D0/ B2+
8x8Trax_8648489 Traxplayer vs. dgb : @0+ B1+ A0/ B3\ C3\ D3+ B4+ A3/ C5/ D1/ RESIGN
8x8Trax_8648490 davidmilne vs. Traxplayer : @0/ @1+ A2\ C1/ C0/ D1/ A0+ B0+ @3/ F5+ C6/ D7+
8x8Trax_8648491 Traxplayer vs. davidmilne : @0+ A2/ A0\ @3/ A4/ @1+ @2+ A1\ C0/ C6/ @2\ A0+ A7+ RESIGN
8x8Trax_864902 Rose vs. Amanda : @0/ A2\ B1+ C1\ C2\ C3\ D3\ E1/ D0+ D0/ E2/ F2/ @4+ G1\
8x8Trax_864908 Misfit Lenrad6672 vs. * Sassy_Angel * : @0/ B1\ A2/ A3/ C1/ C0/ @4/ @4/ B5\ D3+ A6/ @6/ A5+ A4\ @4\ A3\ @4\ D7\ F5+ H4+ D1\ C2+ E0\ C2+ C1+ B1\ E8\ F7+ F8+ G8\ A3/ B8/ A8/
8x8Trax_864910 Misfit Lenrad6672 vs. MIA #19062 : @0/ B1+ A0\ @1\ A2+ A0\ @2+
8x8Trax_864913 Absentee 25578 vs. firefly : @0/ B1\ B2\ A0/ C3\ A3+ A4/ A0\ @1\ A5/ @5/ C6+
8x8Trax_864934 Keizer Soze vs. Phil The Hat : @0+ B1+ A2\ B0/ C1/ B0\ A2+ C0/ C0+ D2\
8x8Trax_865027 Cachel vs. supermac : @0+ @1/ B0\ B3+ C3\ B4\ C2/ D2+ C4+ D4/ @2/ D5\ D6/ C6/ B4+ F4+ F2\ @3\ D7+ D0\ F7+ H5/ F2/ C8+ F1/ B8+ A7/ H6+ G8+ H3+
8x8Trax_865033 JenJen vs. cheyenne MIA : @0/ B1\ A2/ @2\ C2\ C3\ @2\ E2+ F3/ E4+ B1\ B0\ A2\ A1+ @1/ B0+ @4/ A5/ F6+ G7+ G8/ F8/
8x8Trax_865039 Arctic Warrior vs. koulouris88 : @0/ B1/ A0\ A3/ @1/
8x8Trax_865060 Marko vs. s_strum : @0/ A2\ B1/ @1\ A0/
8x8Trax_865107 geneoo vs. spitfire : @0/ A0\ @2\
8x8Trax_8651442 SnugglyBear vs. Ms LaTaya : @0+ B1\ A0+ B3/ B4\ C3/ C4+ D4\ E3/ C5\ E2\
8x8Trax_8651443 Ms LaTaya vs. SnugglyBear : @0+ @1/ @1\ B0/ A1+ D2\ E2/ C3+
8x8Trax_8651444 SnugglyBear vs. Ms LaTaya : @0/ A2+ A0\ @1\ A0\ A3/ @3/ D4\ D1/ A1/ E3/
8x8Trax_8651445 Ms LaTaya vs. SnugglyBear : @0/ B1\ A2/ @2/ B3\ C3\ D2+ B4/ E2/ C5\ E1+ D5/
8x8Trax_865144 Jump This vs. Nanett MIA : @0/ @1/ A0+ A0\ @1\ B0\ @3/ D1/ E3\ D0\
8x8Trax_865224 Goonerg vs. SunDrop Kid MIA : @0/ A2+ A3/ B1/ C2/ @3\ D3\ D4+ E3/
8x8Trax_865228 Goonerg vs. MORRIS : @0/ B1/ B2/ B0/ A3+ A4+ A5\ B5\ C3/ B6+ @4/ D6\ D1\ A1\ @2\ B0/
8x8Trax_865247 lexy vs. Morticia : @0/ B1\ A2/ @2+ C2+ C3\ A3+ @1\ A0/
8x8Trax_865254 Honeybear vs. Lisa : @0/ A2\ B2\ B1/ C2/
8x8Trax_865257 geneoo vs. spitfire : @0/ @1\ B0\
8x8Trax_8652591 * vs. TallPaul : @0/ @1/ C1/ B2+ B0+ A0/ D3+ E4/ B0\ C2+ @1\ A0\ F7+ D1/ E1\
8x8Trax_8652627 jazzbeth vs. JiffyJeff : @0/ A0/ B2/ @2\ @2\ C3/ C4/ C5/ E4+ E6+ @4+ @4\ @4/ A5\
8x8Trax_865272 geneoo vs. spitfire : @0/ A2\ B2\ B1+ A0\ C2\ @1/
8x8Trax_865293 Rude Misfit vs. * Sassy_Angel * : @0+ B1\ B0/ C1/ C2+ A1+ C0/ @1/ A3/ @3/ F2+
8x8Trax_865298 heidibb vs. * Sassy_Angel * : @0+ B1\ A2\ @2+ C2+ D2\ B3\ A1+ B4\ @1/
8x8Trax_865359 HONEYSUCKLE165 OTSB vs. JenJen : @0/ B1\ A0\ A3\
8x8Trax_865374 * Sassy_Angel * vs. SunDrop Kid MIA : @0/ A2\ B2\ B3/ C2+ B1/ C3+ C1/ B4+ A4\ @3\
8x8Trax_865396 bigmurds vs. * Sassy_Angel * : @0/ B1\ B2\ C2+ A2/ A3/ A0/ D3+ @3+ D4\ B5/ B6\ D6\ E6\ F6\ @3+ @3/ A4/ H3/ H2/
8x8Trax_865403 bigmurds vs. * Sassy_Angel * : @0/ B1+ @1\ A0+ B1/ B0\ B0+ @4/ C5/ B2+ A2\ @2\ D0/ E1/ F4\ B2+ G4\ F2\ F6+ H4+ B6+ B7/ C8/ A7+
8x8Trax_865435 Gone with the Wind 27539 vs. FujiTape : @0/ B1\ @1\ B2\
8x8Trax_865456 kdogtrainer vs. Rose : @0/ @1\ B0\
8x8Trax_865463 Arctic Warrior vs. SunDrop Kid MIA : @0/ A2\ B2\ B1+ C2\ D2\ D3\ D4+ E4\ @3\ A2\ E0/ F1/ C1\ D0/ C7/ A1\ D0/ @3\
8x8Trax_865486 DavidJ vs. Second Coming : @0/ A2\ B2\ B1+ @2/ B3\ C0/ D2\ E2\ C4\ E3/
8x8Trax_865497 Brendans Grandmom vs. SunDrop Kid MIA : @0+ @1/ A0+ B3+ C3\ A0+ C3/ D3/ B5/ B2/ D2\ @1/
8x8Trax_865498 Brendans Grandmom vs. MORRIS : @0/ A2\ B2+ C2\ C3+ C4+ @2/ A3/ C4+ C5/
8x8Trax_865573 DavidJ vs. MORRIS : @0/ B1\ A2/ @2+ D1/ D0/ C3\ B4/ @3\ B1\ E0/ F1/ F0/ E0+ A4\ @4\ D0/ H6+ E1/ H2/ H1/ A6+ A7/ A8/ F8/
8x8Trax_865652 Sista vs. putterer : @0+ B1/ C1\ C2\ B2/ D1/ C0\ D4\ D1/ E4/
8x8Trax_865677 Rogue Trooper vs. gertess : @0/ B1\ A2+ A3+ B2\ A4+ @2/
8x8Trax_865678 Morticia vs. London : @0+ @1/ @1\ A0\ @1\ B3\ @2+ E4\ F4\ F2\ G3\
8x8Trax_865681 B Line electric streetcar vs. MORRIS : @0+ B1+ B2+ C1/ @1/ D0/ A3\ E1/ D3+ F2\ F3\ F4\ G3+ D4/ G5/ H3/ D0+ F7\ C6+ B2+ C0+ A3+ B7\
8x8Trax_865698 Absentee 13409 vs. Brendans Grandmom : @0/ A0+ A0\ @3+ @3\
8x8Trax_865732 DavidJ vs. Mellyluvzu82 : @0/ B1+ A0\ B1+ @2\
8x8Trax_865733 STrek vs. Rogue Trooper : @0/ B1+ A0/ C2\ A3/ A4+ @2+ B0+ @3\ C6\ F5+ C0+ D8/ B7\ A5/
8x8Trax_865735 DiGaWiD vs. Adam : @0+ B1+ B2/ A0\ @1+ D3\ D4\ @2\ E2+ A3/ @3/ C4\
8x8Trax_865751 Mellyluvzu82 vs. DavidJ : @0/ B1\ C1/ B2/
8x8Trax_865760 Mellyluvzu82 vs. DavidJ : @0+ @1/ A2+ C2\ B3+ C3+ B4+ C4+ C5+ C6/ B6+ A6\
8x8Trax_865796 Weth vs. Adam : @0/ A2\ B2\ B3+ A0\ @1\ @1\ B2+ A0+ @3/ B4\ E3+ B0\ E3+ C1/ B0\ D8+ F6+ E8+ A3\ @5+ E2+ G4+ G3+ @5\ B3\ B6/ D7\ D8+ C1+
8x8Trax_865830 mayonnaise vs. Adam : @0/ B1+ @1\ A0\ C1+ A0\ @2\ B4\ D1+ C0+ A2+ E3+ A1+ C6/ A0+ @1/
8x8Trax_865843 DIRKSTRA vs. Adam : @0/ B1\ A2/ @2/ C0\ C0\ C4\ B5+ B6\ C6\ D6\ E3+ A6+ F5+ D7+ G4\ F3/ G1/ C0\ H4+
8x8Trax_865888 Cookie of the Wolf Pack MIA vs. * Sassy_Angel * : @0/ B1+ @1\ A0+ B1+ B0/ C2+ @2+ A3+ @3/ A4/ F2+ E4/ G2+ H2/ H1/ C5/ A2+
8x8Trax_865889 Cookie of the Wolf Pack MIA vs. * Sassy_Angel * : @0+ B1/ B2\ C1/ C2+ A2/ A3/ C3\ D3\ @3/ B4\ C4\ A5/ @4\ G2/ E4\ C6\ C7\ D7\ D8\ A6/ @5+
8x8Trax_865908 B Line electric streetcar vs. TrueIndian : @0+ @1\ A2\ A0/ B4/ B1+ C1/ C3+ D4/ C5\ D1/ E1+ D5\ E4/ F2+ F4\ G4+ E5\
8x8Trax_865930 * Sassy_Angel * vs. MORRIS : @0/ A2/ B2+ @2/ D2\ B3+
8x8Trax_865984 outta here vs. * Sassy_Angel * : @0/ B1\ A2/ @2/ @2/ D2+ D3\ E3\ C4/ B4/ D5\ C6\ E5+ F5\ F6\ G6\ G7\ H7\ H8\ F3+ A5\ C7/ H2/ G1/ F1\ B7+ B8/ H1+
8x8Trax_865999 Uncle Chuckie vs. Misfit Lenrad6672 : @0/ B1\ A2/ @2/ @2/ D0/ E2/
8x8Trax_866049 klaashaas vs. Alko : @0/ @1/ A2+ A3\ A4+ A5+ @2\ @1/ A3+ A0+ B5/ D6\ E6\ F4+ G4\ F1/ C0+ G2\
8x8Trax_866055 Alko vs. klaashaas : @0/ A2+ A3/ @3/ B4+ @3/ A1\ @3+ C0/
8x8Trax_866060 B Line electric streetcar vs. Vacant 1884 : @0+ @1\ B0/ B3/ B4/ C2\ D2\ C0\ E2+ E5/ @2/ E6+ G6\ F7+ G3/ H5+ H3+ B0+ E8+ E1+ G1+
8x8Trax_866075 gladriel vs. derekaluk : @0+ @1\ B2+ A0/ B1+ C1\
8x8Trax_866121 Linda Sue vs. KaTtdAnCe : @0+ @1+ B2/ @1+ C0\
8x8Trax_866159 B Line electric streetcar vs. McStack : @0+ B1\ A2/ C2/ B3+ @2/ C4+ E1\ F2+ D0+ D0\ D0\ E2+ B1\ A0/ @5+
8x8Trax_866181 MommaWolf OTF vs. * Sassy_Angel * : @0/ B1\
8x8Trax_866242 MIA 28329 vs. * Sassy_Angel * : @0+ B1\ B2\ C2\ B3+ @1/
8x8Trax_866266 * Sassy_Angel * vs. Rude Misfit : @0+ @1\ B0\ C1/ C0/ D1/ D3+ E3\ B1\ B0\ F3+ E1\ E5\ B0/
8x8Trax_866274 Misfit Lenrad6672 vs. Rude Misfit : @0/ B1\ A2/ @2+ C2\ B3/ B0/ D2/ @1\ B0/ A4/ @3\ B1+ C0\ A5+ F3/ F2/ @4/ B3\ @4\ C1\ B1\ A1\ D0\ G3\ H2/ C1\ G1+
8x8Trax_866276 Misfit Lenrad6672 vs. Rude Misfit : @0/ A2\ B2\ B3+ @2\ B4\ B5/ @1/ B5+ @2\ @3\ C6\ G3/ H2/ G1\ B0\ A2/ C0\ F1/ B1+ E8+ A1/ H3+ F7+ G6+ H7/ H8\
8x8Trax_866277 Misfit Lenrad6672 vs. Rude Misfit : @0/ A2\ B1/ B0+ @2\ A1\ B0/ @3/ B4+ A4+ A5+ A6\ B6\ @2\ D6\ C7\ B1/ D0/ E5\ F5\ @3+ @3/ D1\ C1\ F8\ G6\ H3+ B5\ C6+ C7/ H6\ H2+ B6+ B1+ B8/ A8/ G8+ H8\ A1\
8x8Trax_866281 Brendans Grandmom vs. Vacant 1884 : @0+ @1\ A2/ @2/ C2\ C3/
8x8Trax_866311 * Sassy_Angel * vs. ema : @0+ B1+ A2+ B0\ B3+ @2/ B4\
8x8Trax_866312 * Sassy_Angel * vs. ema : @0+ @1\ B0/ B0/ C1/ D2/ D1/ D4\ E4\ C5/ E1\ B4/
8x8Trax_866331 DIRKSTRA vs. Rogue Trooper : @0/ A2\ B1/ B2+ B3+ B0/ C1/ C0/ D1/ D5\ E5\ D0+ E2+ F3+ A0+ @2\ @2\ C0\ A2/
8x8Trax_866334 Rose vs. kdogtrainer : @0+ B1\ B0/ C1/ A3/ A4/ @3\ A2\ @2\ E2\ F2\ @2\ A5/ A1/ @4/
8x8Trax_866335 Rogue Trooper vs. *Make Peace : @0/ A2+ @2+ A3/ @2\ D1/ E1+ B1+ B0\ @3\
8x8Trax_866339 DawnMarie vs. Goonerg : @0/ A2\ B1/ B2+ B3\ C1/ D2/ D1/ D0\ B1/
8x8Trax_866355 IRISH vs. Misfit Lenrad6672 : @0/ B1\ B2\ B0/ C1\
8x8Trax_866385 Jac The Red vs. Rogue Trooper : @0+ @1/ @1\ A0\ C3\ C4\ D4\ D5\ A5/ @3\
8x8Trax_866428 Amanda vs. Rose : @0/ B1\ A2/ B2\ A3\
8x8Trax_866443 Cherylann vs. Rogue Trooper : @0+ @1+ A2\ B0/ C2/ B4/ C3\ D3\ @2\ D1+ E2/ F3/
8x8Trax_866445 Rogue Trooper vs. drnango : @0+ A0+ B2\ C2/ B1/
8x8Trax_866457 Rogue Trooper vs. gertess : @0/ B1\ A2/ @2\ C2\ D2/ B3\
8x8Trax_866458 Goonerg vs. Retired 27843 : @0/ B1\ A2/ B2+ A3\ @2/ A4/ @4/ D4\ D5\ E2\
8x8Trax_866467 * Sassy_Angel * vs. REBEL DJ : @0/ A2+ B2\ A3\ B3\ A4\ @2+ D2\ A1\ A0+ B1+ B0/ D5\ A5/ @5/ B6/ B7/ E2/ F2/ @4/ A5/ A6+ @5\ B2\ A3/ D1+ D0+ G7+ H6/ C1+ B8/ F2+ G8\ H8\ A8+ A3\ F1/ F8/ H5+
8x8Trax_866468 * Sassy_Angel * vs. REBEL DJ : @0/ B1+ @1\ A0\ @1/ A2/ A3/ B3+ A4\ B4\ B5\ E2\ C5/ D3+
8x8Trax_866469 * Sassy_Angel * vs. REBEL DJ : @0/ B1+ @1\ A0\ @1\ C3\ D3\ E2\ E1/ F2\ F1+ F0/ G1/ D2\ E1+ B1/
8x8Trax_866498 Nan54 vs. Retired 27843 : @0/ B1\ B2\ C2\ A2/ A3/ A0\ @1\ E3+ A4/ @2+ @2\ B1\ B0\ A2\ @2\ C0\ A2/
8x8Trax_866507 gertess vs. Rogue Trooper : @0+ B1\ B0/ C2\ C3\ B4+ C1/ D1\
8x8Trax_866512 Vacant 1884 vs. Amanda : @0/ B1\ A2/ B2+ C2\ B3/ B4/ A3/ @3/ B4/ @3\ B4/ D5+ F3+ F2+ D6/ F6\ D7/ G5\
8x8Trax_866522 Absentee 19443 vs. Rogue Trooper : @0/ A2\ @2\ C2/
8x8Trax_866576 Misery Midnight vs. MsDelete : @0+ B1\ C1/ B0\ C1+ B0/ B0\ A1\ @2\ D2+ E2/ @2+ @2\ F5\ C1+ B1+
8x8Trax_866626 * Sassy_Angel * vs. ema : @0/ A2\ B1/ B2+ B3/ A4/ @4/ D3\ C4+ D4+ C5+ C6\ D6\ D2+ A2+ E5\ @4\
8x8Trax_866627 * Sassy_Angel * vs. ema : @0/ A2\ B1/ B0\ B3+ A1+ C2\ D2/ C1+ D1+ C0\ D1+ B1+ B0\ C5+ B0/ C7/
8x8Trax_866628 * Sassy_Angel * vs. ema : @0/ A2\ B1+ B2+ C1/ C2+ B0+ A1+ B4+ C4+ C5\ C6/ B5+ B6+ A6/ A4+ B7+ @5\ C8+
8x8Trax_866630 * Sassy_Angel * vs. ema : @0/ A2\ B1/ B2+ B3\ B4/ A4/ C2\ @3+
8x8Trax_866635 Nan54 vs. andy11 : @0/ A2/ B2\ @2/ C3/
8x8Trax_866642 DR_X vs. Chad : @0/ @1/ A2/ B3/ @2+ C0+ @3/ A1\ D0\ @3/
8x8Trax_866709 (((INTENSITY))) vs. B Line electric streetcar : @0/ @1/ B2+ C1/ C0+ D3\ C4/ E2/ E1/ C5/ C6/ E4\ F3/ A6+ @3\ D0+ G5\ D0+
8x8Trax_866754 Nan54 vs. aussielady : @0/ B1+ A0\ @2/ C3\ @2\ D1+ E1\ A1\ C0+ F2/ E1+ F1+ E0\ @4/ A5/ A6/ D1+ E7\ D0+
8x8Trax_866806 B Line electric streetcar vs. (**)(**) Bunny Toes : @0/ B1+ B2\ C1/ D1/ E1/ C0+
8x8Trax_866828 B Line electric streetcar vs. Sara : @0/ B1\ A2/ B2+ @1+ @2\ A0/ @2+ D4+ A3/ C4+ A4+ B0/ D0\ @5/ D7\ A2\ B1\
8x8Trax_866835 Amanda vs. Vacant 1884 : @0/ B1\ A2/ A0/ @3+ B0\ C4\ B5/ D4+ D5\ D6\ D1\ E6+ C7+ F4/ F3+ C0+ D1/ G5+ H5+
8x8Trax_866860 Ronel vs. Isischylde : @0+ A0+ A0+ @1/ @2\ D1\
8x8Trax_866885 ema vs. Isischylde : @0/ B1+ @1\ B0/ C3/ B3/ A4/ @2+ A1+ E2+ A0/ A0/ A0/ @3/
8x8Trax_866929 STrek vs. Vacant 1884 : @0/ A2\ B2\ C2\ B1/ B0+ @3\ B4\ @2+ D0\ A4+ E2/ E0+ F4+
8x8Trax_866931 STrek vs. Isischylde : @0/ B1+ A0/ C2\ A3/ A4+ @2+ B0+ B0\ A6+ @4/ A3+ B7\
8x8Trax_866945 Absentee 13409 vs. Isischylde : @0/ @1+ B0+ C1\ A3\
8x8Trax_866946 Alko vs. klaashaas : @0/ @1/ A2/ A3+ A0/ @4\ @2+ C0/ E3+ E2/ E0/ F3/ F6\ G6+ F7/
8x8Trax_866949 klaashaas vs. Alko : @0+ @1+ @1\ A0\ C3/ @2\ C4\ D5/ D6/ B4+ E5\ A3/ @3/ G5+ G6\ G7\ B6+ B7/ C8+ G2/ H2/ F8+ B1\ H5/ A6\ A2+
8x8Trax_866956 Arctic Warrior vs. Isischylde : @0/ A2+ A0\ @2/ A1+ A0\ @1\ @1+ A0\ B1+ A0/ D3+ E3/ @2+ D1+
8x8Trax_866970 lubylu vs. Isischylde : @0+ A0+ A3+ @2/ B4/ C3/
8x8Trax_8670023 Rogue Trooper vs. JiffyJeff : @0+ @1/ C1/ C2/ D1/ B0\ @2+ C4+ F3\ E4+ G2/ G1/ D0+ D0\ G6\ RESIGN
8x8Trax_8670161 jazzbeth vs. TallPaul : @0/ @1/ B2/ A0+ A0/ C2\ B5+ A5/ @2+ D6+ E3+ E2+ F2/ F0+ E0/ G2+ A7+ @6+ H1/ C2+ B8/ A8/ B2\ G8\ H5\ A2+ A1\ H7+ D8+
8x8Trax_867020 Buz vs. Isischylde : @0+ B1/ C1\ B2/ C2+ @1\ A0\ A0+ @2/ E5+ F5\ F4+ E6+ G4/ E7+ D6+ E8+
8x8Trax_867023 pioenroosje vs. klaashaas : @0/ A0/ B1+ B0+ C2+ D2/ D1/ D0/ @4+ A2/ @4+ F0/ G1/ A3\ H2+
8x8Trax_867035 OkMeR vs. klaashaas : @0/ A2+ @1/ C1/ D2\ D3/
8x8Trax_867039 Absentee 25703 vs. Isischylde : @0+ @1/ @1\ A0\ D2/ C1+ E2+ B3+ @1\ C0/ A4/ @4/ F1/ F0\
8x8Trax_867040 streep vs. Isischylde : @0+ @1/ @1\ B0/ C3\ A1\ A0\ D2+ @2+ E3+ E1/ D0/ D0+ E1/ F1/ F4\ G2/ D7+ E0+ B7+ G5+ H4+ H5+
8x8Trax_867052 supermac vs. Eriisa MIA : @0+ A2/ A0\ @1\ @2\ A1\ A0\ @1\ @1\ A0\ @1\ B0/ C1/ D1+ E0\ B1/ G3\ G5/
8x8Trax_867075 Isischylde vs. Absentee 13409 : @0+ @1/ C1\ B2+
8x8Trax_867089 Rose vs. Amanda : @0+ @1\ A2/ @1\ A0/ A3/ @2+ A3+ @3/ B1\ C0/ E2+ B1\ F3/
8x8Trax_8671012 Withacee vs. Linda Sue : @0+ @1\ A0\ @1\ @1\ D0\ B1+ C4/ D0/ E1/ B5/ C6\ D5+ E5\ E6\ F6\ D7+
8x8Trax_8671013 Linda Sue vs. Withacee : @0+ B1\ A0\ @2/ @2/ C3+
8x8Trax_8671018 TrueIndian vs. Linda Sue : @0/ B1+ @1\ B0/ A1+ @1\ C0/ E2/ A0\ @2/ B4+ D0\ E1/ F2/ D0/
8x8Trax_8671019 Linda Sue vs. TrueIndian : @0+ @1+ B0\ A3/ B3+ B4+ C4\ @1\ A0\ A3+ B1/ B0/ D2/ D5+ E6/ E3/ E2/ F2/ F1/ D0\
8x8Trax_8671022 Neat vs. Linda Sue : @0+ @1\ C1+ D1/ B2+ D0\ D3+ A1/ C1\ C0\
8x8Trax_8671023 Linda Sue vs. Neat : @0+ A2+ A0/ A4+ A5\ @5+ C5/ A6+ @5\ D4/ B3\ D1/ E2\
8x8Trax_8671026 Linda Sue vs. TallPaul : @0+ B1+ B0\ B3\ A3+ C2/ D2\ A0/ @2\ E1/ F2/ D0/
8x8Trax_8671027 TallPaul vs. Linda Sue : @0/ A2+ A3/ B1\ B3+ @3/ C4\ D4\ A5+ @5/ A3+ @5+ B1\ D0/ A2/
8x8Trax_867266 Nancy vs. mcinturff : @0/ B1\ B2\ A2+ B3/ C3/ C4\ D4\ A3+ @3/ B0\ A1\ E4+ A2+ E6\ @4\ A5/ @5/ H4\ H6\ F7\ D6\ B6/ F8\ G8\ E1/ A8/ B1/ H8\ B2+
8x8Trax_867312 geneoo vs. spitfire : @0/ A2\ B2\ B1+ C2/ C1/ @1\ B3\ A0/
8x8Trax_867355 IRISH vs. * Sassy_Angel * : @0/ A2\ B1/ B0\ @3/ A4/ D2\ D3\ @4+ E4/ @4+ D1+ G3+ H3\ H4\ F5+ D4\
8x8Trax_867365 Isischylde vs. Buz : @0+ @1\ C1/ B0+
8x8Trax_867398 Nancy vs. Honeybear : @0/ B1\ A2/ @2\ B3\ C3\ C4\ D4\ D5\ E3/ F4/ G4+ F3+ E2+ F2+ F1+ F0\ G2\ E2+
8x8Trax_867444 Goonerg vs. Absentee 19443 : @0/ B1+ C1/ C0\ A1\ A0\ @2/
8x8Trax_867454 Isischylde vs. Buz : @0+ @1\ B0/ B0+ C2+ C1+ C0/ @2\ B1/ C0\ E2/ B0\ A2/ E2/ D1/ D0/ A2+ F5\ F6\ G4+ F2\ @2+
8x8Trax_867591 arthur vs. ejd : @0/ A2+ A0\ A4\ @2\
8x8Trax_867616 * Sassy_Angel * vs. superkaempe the gentle giant : @0/ A2\ B2\ C2\ C3+ B1+ D3\ E3\ C4+ E2/ F2/ E5\ F5\ G5\ B0+ C6/ C7/ B5+ E7+ G5/ D8/
8x8Trax_867657 * Sassy_Angel * vs. rockdude : @0/ A2\ B2\ B1+ C2/ C3\ D3\ C1+ B0/
8x8Trax_867673 derekaluk vs. firefly : @0+ @1/ B2\ B3+ C1+ B0\ C1+ C0+ D1/ @2\ @2\ C1\
8x8Trax_867676 ejd vs. Rose : @0/ A2\ A0\ B3/
8x8Trax_867692 Lyonsgirl vs. Morticia : @0/ A2\ B2\ B3+ C3/ B1/ @1/ C0\ A5/ @4\ D0\ E6\ F6\ C7/ B7/ B8/ C1/ E2/ F3/ G5/ G4+ H4/ F2/ H6\ H7\ G1\ A2\ A1\ A8\ A7+
8x8Trax_8677513 birddog856 vs. ypercube : @0/
8x8Trax_867752 FujiTape vs. pookster : @0+ B1/ C1\ C2\ D2\ B2/ B3/ @2\ E3/ C0/ C0/ F4\ E6\ D6+ G4\ F6\ D7/ B6/ B7/ A7/ C8/
8x8Trax_867874 Rose vs. Adam : @0+ @1+ A2/ C1+ A0\ @3/ @3/ A4/ D3\ D1+ D4\ E5/ D0/ E2/ C0\ B2+ D0/ E1/ F4/ F3/ F6\ G6\ F1/ G2\ G7/ H6/
8x8Trax_867879 Geri39 vs. Adam : @0/ A2\ B1/ B0+ C1/ D1\ E1/ C2\
8x8Trax_867894 DINGEROO vs. Adam : @0+ B1+ A2\ A0\ @1+ B0/ C1/ B5/ A5/ @5/ A6/ D6\ E5\ C7\
8x8Trax_867991 geneoo vs. spitfire : @0/ B1\ B2\ A2+ C1/ C0+ A1\ @2/ C0/
8x8Trax_868021 paganje vs. Vacant 1884 : @0+ @1\ A2/ @2/ C2+ A1\ @1\ B0\ A3/ @3/ E4\ D0+ F2/ A3\ @3\ E0\ G6\ @4\ C3/ C7+ G8/ C8/ B8+ D1\ G1/ H1/ F8+ A8+
8x8Trax_8680220 * vs. Penguin123 : @0/ A0/ B1+ A3/ B4+ @2/ D3+
8x8Trax_868025 Rose vs. ejd : @0+ @1\ @1/ A0\ B3/
8x8Trax_868034 StackMaster vs. B Line electric streetcar : @0+ @1+ B2+ A0/ A3+ A4/ B4+ A5/ A6/ @6/ C7\ D7\ @4+ @4/ F3/ A7/ A8+ @7\
8x8Trax_868039 B Line electric streetcar vs. mahonri : @0/ B1\ B2+ C2/ C3/ D2/ C4+ A2+ B4+ A3+ D0+ E2+ E4\ F3\ G2\ F4+ F5\ E6\ G1/ F0+ H3/
8x8Trax_868054 Adam vs. Vacant 1884 : @0+ @1\ A2/ @2/ A3+ C0+ D1/ C4/ B5+ B6\ C0+ D5+ E2\ D3+ E3\ D8/ E5\ F5+ F3\ C8/ A6+ F6\ G5\ @5/ G7\ H7\ B8/ A4\ A3\ B2+ H2/ H1/ B1\ F1+ H8+
8x8Trax_868136 firefly vs. rockdude : @0+ @1\ A2/ @1\ A2+ C2\ B3/ D1/ D0/ D4\ C5+
8x8Trax_8681562 SnugglyBear vs. leshazlett : @0/ A0/ A3+ A4/ @3\ C3\ A0\ @1\ E3+ D1+ C6+ E5+ A2+ A4+ C0+ @5/ D0+ A4\ @5/ B2\ H4\
8x8Trax_868167 AWOL 27087 vs. Megababe : @0+ A2\ A3/ @3/ B0\ B0/ C2\ A4+ D4\ D5/
8x8Trax_868175 klaashaas vs. Vacant 1884 : @0/ A2\ B1/ C1/ D1/ C0+ C3\ C0/ E1\ A1\ @2/ C0/
8x8Trax_868244 kdogtrainer vs. Vacant 1884 : @0+ @1/ B2/ A2/ C2/ @2/ A3\ B3+
8x8Trax_868245 astyr vs. Megababe : @0+ B1\ B0\ @2/ B3/ B4/ A3/ A4+ @4/ A5/ A6/ A3+ @5/ B1+ D0/ E6\ F6\ C8+ D8\ @5/ A6/ C1\ B2/ @3+ A2\ H7+ H4/ B7/ G8+ H8+ B1+ A8/
8x8Trax_868253 Jay vs. Adam : @0+ B1+ B2/ A0\ @1\ @1+ B0/ A4/ C1+ C5/
8x8Trax_868256 Geri39 vs. Goonerg : @0/ A2\ A3\ B2/
8x8Trax_868258 B Line electric streetcar vs. Goonerg : @0+ B1\ A2/ @2+ C3+ D3\ E3+ C0\ B0/ A1/ D1/ D0/ B1+ D0/ E1+ @4\ F0\
8x8Trax_868263 CoolStream vs. Misery Midnight : @0/ A2\ B1/ B0/ @2/ A4/ @4/ C5\ D4/ A2/ @3/
8x8Trax_868266 Vacant 27555 vs. Megababe : @0/ B1\ B2\ A2+ C2/ @2\ B0/ D2+ D0/ E2\ A1\ A0/ @3\
8x8Trax_868270 Alko vs. klaashaas : @0/ A2+ B2\ @1+ B3\ D2/ C3+ E2/ D3+ C4\ D5/ D6/ D7/ C8\ E6+ F5+ B6+
8x8Trax_868271 klaashaas vs. Alko : @0/ B1+ A2\ @1/ @2\ @2\ @2\ C0+ B4/ F4\ E5/ G2\
8x8Trax_868278 Vacant 1884 vs. Goonerg : @0/ A2\ B1/ C1/ B0\ A1+ A0\ @1\ E3/ B5\ A4+ C1+ E4+ C0\ D1+ F1\ @4+ E0\ F1+ D1+ G4\ H3+ D0\ G8/ C2+ E8+ H8\ B2\ A2\ H1/ E1+ A8+
8x8Trax_868279 DIRKSTRA vs. Goonerg : @0/ A2\ B1/ C1/ A3/ @3/ @3/ D2+ B1\ B0\ @4/ A5/ @5/ D6+ H3\ H4\ D7+ C0/ E2/ F5+ G7\ G8\ F2/ F1+ G1/ E8+ H1/ A8+ H7+
8x8Trax_868293 Nan54 vs. B Line electric streetcar : @0/ @1/ A2\ B2+ B0/ C2\ @1\ C0+ @3/ A4/ F3\ B5+
8x8Trax_868306 Stinger vs. Goonerg : @0+ @1\ @1\ C2\ D2+ A2/ @2\
8x8Trax_868314 Goonerg vs. Alko : @0/ @1/ A2+ A3\ C1+ C0/ B1+ C0/ D3/ D4+ @4/ A3+ B1+ F4\ E6\ E7+ F7\ G7\ H5\ G8+ H7+ G3/ G2+ C8/ B8+ H4+ A8+ E1+ G1\ B7\ H1/ H8+
8x8Trax_868319 Goonerg vs. Tigger : @0/ B1\ A2/ @1+ C0\ C3+ @3\ C4+ B4+ @3/ D0\ A5+ F4/ D6\ F1/ G2\ D0/
8x8Trax_868325 Goonerg vs. Sweetcheeks : @0/ A2\ B2\ B1/ C2/
8x8Trax_868337 Weth vs. B Line electric streetcar : @0/ @1/ A0/ @1+ @1\ A0\ @2\ E2/ C0/ B4+ D5/ C6\ @3+ F7\ G7\ C7/ D8/ B7\
8x8Trax_868338 B Line electric streetcar vs. Weth : @0+ A0\ B1\ B0\ A1+ B4/ B5/ @3+ D2+ D0\ E2+ D5+ E5\ F5\ F7/ G6+ C1+ F1\ F3/ G4+ D0+ C8+ B2\ B1\ A2+
8x8Trax_868339 Goonerg vs. MIA #19062 : @0/ A2\ B1+ C1\ B2\ B3\ C2\ C3+ D3\ A4\ D1/ E2+ C0/
8x8Trax_868364 IRISH vs. B Line electric streetcar : @0/ @1/ C1/ B2+ D1/ B0\ C0+ E3/ C5\ F4\ F5\ F1/ B5/ G2\
8x8Trax_868411 JenJen vs. Shosie : @0/ @1\ B0\
8x8Trax_868424 Rogue Trooper vs. gertess : @0/ B1/ B2\ B3\ C1\
8x8Trax_868425 Goonerg vs. IRISH : @0/ B1\ A2/ @2+ C2+ @2+ D3/ B0\ A1\ @3\ D0\ D5/ E1/ C6/ F2\
8x8Trax_868454 Rogue Trooper vs. gertess : @0+ @1+ A2\ @2\ C0\
8x8Trax_8684703 dgb vs. ypercube : @0+ A2\ A3\ @3\ B4+ C4+ C5+ A2\ C1/ D1+ B0+ E4+ D6+ E7/ @2\ A1\ D0/ E1/ @2\ D1\ H5\ DRAW
8x8Trax_8684704 ypercube vs. dgb : @0/ A0/ B2/ A3+ @1/ D2\ C4/ B0+ @2/ A3+ F3+ F4\ F2/ G4\ @1\ A0\ F2+ F1/ F0/ H3+ E1+ E0\ D1\ DRAW
8x8Trax_868561 arthur vs. SweetCindyJo : @0/ A2\ B1/ A0/ B3\ C2+ C3+ C4/ D3/
8x8Trax_8685997 dgb vs. birddog856 : @0/ A0/ A0/ @3\ B4/ C2/ B5+ D4/ E4+ F4+ @4/ A5/ A2\ @3/ D0/ E1/ B0+ A1+ G8\ H8\ B8+ RESIGN
8x8Trax_868607 B Line electric streetcar vs. StackMaster : @0/ A2+ B2\ C2\ C3\ @2/ C4+
8x8Trax_868620 FujiTape vs. JenJen : @0/ A2\ B1/ B0+ C1\ B0+ D3/ B0+ B5+ B0+ @6\ B7/ A7+ A8/ @6\ @7+ H5/ D3+ A5+ D2+ G3+ D1+ G2+ G1+ F7/
8x8Trax_868627 spider vs. Misery Midnight : @0+ @1/ A0\ @2/ A3\ C1/ C0/ @4/ A5/ E3\ D4\ B5+ F3\ C6/ F4/
8x8Trax_868651 NASCAR vs. Rogue Trooper : @0+ @1\ A2/ @1\ A2+ A3/ @2\ D0+ E2\ A2+ @2\ G2+ D0\ F2+ F4/ G4+ C1+ B1\ A1+ B0+ A5/ @4+ C0\ B1\ A1+ A0\ B1/ A7+ A8+ H8/ E8+ E3+ E2\ F4/ F2/ E1\ G2\ F1+ H4+ G1+ H1+
8x8Trax_868673 geneoo vs. spitfire : @0/ A2\ B2\ B1+ A0\ A0/ @3\
8x8Trax_8687198 bengt vs. jazzbeth : @0/ @1/ B2+ B0\ C2/ B4+ D2/ C0/ D5\ E3+ C6+ D7/ D8/ E6/ F4/ A5/ @5/ C8+ G7+ H5\ H3/ H2+ A3+ B1/ A1/ E1+ H6\ H8\ H1/ F1+ B7+
8x8Trax_868719 JenJen vs. Plasmid : @0/ A2\ B2\ B1+ B0/ B4\ C2+
8x8Trax_868720 Misery Midnight vs. MsDelete : @0+ B1\ B2/ A2+ @2/ A3+ A1\ @2/ C4\ D4/
8x8Trax_868732 IRISH vs. JenJen : @0/ A2\ B1/ B0/ C2\ B3+ D2/ C3\ A4/ @4/ A5+ D4+ D0/ E2+ F2/ F1/ E5+ D6+ F4+
8x8Trax_868777 Sista vs. garfield : @0/ B1\ A2/ @2/ C2\ C3\ C0\ B0/ B5+ D5\ B6/ B7\ B0/ C8+ E7+ @5/ F6+ G6\
8x8Trax_868784 Nan54 vs. aussielady : @0/ B1\ A2/ @2+ B3\ C3\ B0+ A4/ A5/ B5+ D2/ C1+ B0+ @4+ E2+ E1/ A7/ @6\ B2\ B1\ A7+ G2+ A2/ A3/ @3/ A4/
8x8Trax_868829 smilemore4me vs. B Line electric streetcar : @0+ @1+ A0/ A3/ C2\ D2\ C1+ C3+ A4/ C4+ C0/ E1/ D0\ A1\ C0/ @3/
8x8Trax_868852 karosel MIA vs. FujiTape : @0/ B1\ @1\ C2/
8x8Trax_868853 karosel MIA vs. FujiTape : @0/ B1\ C1/ B2/
8x8Trax_868854 karosel MIA vs. FujiTape : @0+ B1\ C1/ B0\ C3\ D2\
8x8Trax_868856 Sista vs. Vacant 1884 : @0/ A2\ B2\ C2\ A3/ @2\ C1/ A3/ @3+ A2+ @3/ B1\ A2\ B0/
8x8Trax_868875 G_net vs. Honeybear : @0+ A0+ A3/ @2\ C1/ B4\ C4\ @3/ B4+ B5/ A4/ @4/ A5/ B6/ D0+ @6/ @6/ C7+
8x8Trax_868887 Jump This vs. Nanett MIA : @0/ A2/ @2\ C1+ A3\ D2/ @2\ C4+ B1+ D0/ B5+ B1+ D0/ B1+ F4+ C7+ G4+ C8+
8x8Trax_868944 PJ vs. Amanda : @0/ A2\ @2\ C2/
8x8Trax_868945 Amanda vs. PJ : @0/ B1\ A2/ B2+ B3+ C3\ B0/ C2\ D3/ C1+ D4\ E4+ B5/ @4\
8x8Trax_868979 Adam vs. *EAGLE ONE* : @0+ RESIGN
8x8Trax_869022 B Line electric streetcar vs. rockdude : @0+ @1\ B0/ B0/ C1/ C0/ D4+ D5\ B5+ B0\ B0\ C8/ D1/ E3\ A7+ E2/ F3+ F2+ G3+ H3/ H2/ E7/ F4+ G4\ F6+ G5+ H5\ E8+ F1+ B8/ G6+
8x8Trax_869037 klaashaas vs. Vacant 1884 : @0/ B1\ A2/ A3/ B3+ C3\ A4/ B0\ A0/ D5\ E6/ C4+ E7\ F7\ @2+ B0/ E2+
8x8Trax_869056 Smaughster vs. klaashaas : @0/ A2/ B2/ A0/ B2+ C2+ @2/ A3/ B4/ @2+ B0+ @3\
8x8Trax_869057 klaashaas vs. Smaughster : @0/ @1\ A0/
8x8Trax_869060 klaashaas vs. OkMeR : @0/ B1/ B0\ A3+ B4/ @2/ @3\ C1\ A4/ E1\ C5/
8x8Trax_869106 klaashaas vs. Vacant 1884 : @0/ B1\ B2\ B3\ A2+ B4\ C4\ @2/ @2/ A1/ B5+ @3\ A0\ @1\ A3\ F1+ A5+ @4+ E1/ C0+ F1+ E8\ B8/ A7+ A2+ G1/ A1\ A8+
8x8Trax_869161 klaashaas vs. Alko : @0/ B1\ A2/ B0\ @2+ B4/ C3\ B0/ D2/ @1\ B0/ A6/ @5/ C7/
8x8Trax_869162 Alko vs. klaashaas : @0/ @1/ @1/ @1/ @1+ A2/ A0\ @3/ D0+ F4+ A5/ @3\ G0/ @4\ D1\ C1/
8x8Trax_8691923 birddog856 vs. Traxplayer : @0/ @1/ B2/ C1+ B3/ B4+ A0/ C1/ A5\ D5+ E4/ C0+ @3\ @4+ C7+ F3+ @4\ D8/ C6+ F7+ H2\ H1+ B2/ B1/ A6/ DRAW
8x8Trax_869193 Isischylde vs. DEG : @0+ A2/ B2+ A0\ @3/ @2+ E3\ A0\ @2\
8x8Trax_8693739 robertst vs. * : @0/ A2+ A0\ @3\ C2/ C4\ D4\ A1\ @3\ B4+ C0+ E1/ E0/ C1+ E4+ F5/ G4+ F6\ G6\ F7+ H5\ D8+
8x8Trax_869410 Tigger vs. Whistler Gandalf : @0/ A2\ B2\ B3\ B1/ C1/ A0+ C3\ D3\ D1\ E3/
8x8Trax_869419 superkaempe the gentle giant vs. * Sassy_Angel * : @0+ @1+ B0\ A3/ B3+ C3\ C4\ D4\ B5/ C6/ B6/ B7/ A7/ @5/ A6+ A4+ @5/ C8+ B2\ @5/ H5/ B7/ B8/ G2+ G1/ B1\ A1+ A7/ A8+
8x8Trax_869425 Misfit Lenrad6672 vs. Rose : @0/ B1\ A2/ B2+ A3\ @3/ A4/ D1/ D0\
8x8Trax_869427 JenJen vs. cheyenne MIA : @0+ @1/ B0+ C2\ C3\ D3\ B4/ C5/ B5/ B6/ A5/ A6+ @4\
8x8Trax_869470 klaashaas vs. OkMeR : @0/ @1/ A2+ A3\ @2\ @2\ A3\ E3\ D4/ C5\ A5/ @4\
8x8Trax_8695016 sef210 vs. davsebamse : @0+ @1\ B2/ C1/ A0\ C0/ D2/
8x8Trax_869529 Sista vs. Cindy MIA : @0+ B1/ B2\ C1/ C2+ @1\ @1/ C0+
8x8Trax_869555 Goonerg vs. Absentee 19443 : @0/ B1\ B2\ A2+ B3\ B4\ C4\ @4/ A5/ D5+ B6/
8x8Trax_869558 Plasmid vs. JenJen : @0/ A2+ A0\ @1\ C3\ C4\ C5+ D3/ D2/ D1/ E1/ C0+
8x8Trax_869602 Goonerg vs. Madsen : @0/ B1\ A2+ A3\ B2\ C2\ C3\ D3\ B4/ C5/ B5/ B6/ A6/ @4/ A6\ @4\ B2/
8x8Trax_869624 Chad vs. Arctic Warrior : @0/ B1/ A2/ B3\ C1/ A4/ @3\ C5\ D4/ E2/ B0+ E1/ E0/ F4\ F5\ G5\ G6\ E7\ F1/ F0/ C2/
8x8Trax_869662 AWOL 27087 vs. Megababe : @0/ A2\ B1/ B0/ C2\ B3+ B4\ C4\ D3/ E3/ E2/ F2/ E1/ C0\ F2/ G2/ H2/ F1+
8x8Trax_869690 gothic black vs. Morticia : @0+ @1/ @1+ B2/ B0+ C1+ B0\ D3/
8x8Trax_869700 arthur vs. HeatherN : @0/ A2\ B1/ A3/ @3\
8x8Trax_869709 pioenroosje vs. klaashaas : @0/ @1/ B0+ @1/ C0+ A3+ B4+ B5\ D4\ D5\ C6/ E4+ F3\ G4/ H4/ G5+ F6\ C7/ D6\ E7+ G7\ H7\ E8\
8x8Trax_869710 klaashaas vs. pioenroosje : @0/ B1+ C1/ C0/ A3\ A1+ @1/ A2/ B4+ C3\ B0+ @4+ A2\ B1+ @3+ D6\ A1\ A0\ @2/
8x8Trax_869714 klaashaas vs. Vacant 1884 : @0+ @1\ C1\ C0\ B0+ C1+ @2+ D4\ @2+ E5/ F2\ F4/ D0\ G3\ G1/ H2+ E0+
8x8Trax_869723 Misery Midnight vs. Honeybear : @0+ A0+ B2\ @2/ C3\ C4+ D4\ @4/ D5/ @3\ A2\ A1\ B0\ @3\ @3\ E0+ D0\ G4/
8x8Trax_869766 Nancy vs. klaashaas : @0/ @1/ B0+ A0/ A4/ @4/ @3/ C5+ A4/ @4/ B6/ E0+ D7\ F5+
8x8Trax_869791 Geri39 vs. Chad : @0/ A0/ @2\ A1+ A3/ @3\
8x8Trax_869813 JenJen vs. bubbly : @0+ @1/ B0+ A3\ C2/ @3/ B4/
8x8Trax_869817 klaashaas vs. pioenroosje : @0/ B1\ A2/ @2\ @2\ B1+ @2\ C0+ B1\ C0/ E1/ F3\ D0/
8x8Trax_869818 pioenroosje vs. klaashaas : @0/ @1/ A2+ A3\ B0/ C3\ D2\ D3\ E3\ F1/ D0+ B1+ D5+
8x8Trax_869826 MIA 28329 vs. * Sassy_Angel * : @0/ A2\
8x8Trax_869828 Alko vs. klaashaas : @0/ @1/ @1/ B0+ A3+ @3/ A2+ D4/ E2/ @1/ F0/ G1/ @4/ B5\ D6+ E7/ F0\ E1\ C8/ B7+ A6+ A8+ G7\ H5+ G8+ H8\ C2/ B1+ A1+
8x8Trax_869829 klaashaas vs. Alko : @0/ B1\ A2/ A0/ @2+ B0/ A0/ @3/ @2+ D6/ C7\ C0/ @2+ G5+ F6+ G2/ @2+ B4\ A4+ A5/ C6+ H6\ C7+ B8/ A1+
8x8Trax_869839 klaashaas vs. Vacant 1884 : @0/ A2\ B1/ C1/ C2+ C3\ D1/ @2\ @1/ C3\ E4+ D0+ A5+ C6/ @4+
8x8Trax_869873 bubbly vs. JenJen : @0/ A2+ @1\ B0/ C1+ B4+ D2/ C0+ D5\ E5\ C6/ C0+ A6/ @5+
8x8Trax_869891 pioenroosje vs. klaashaas : @0/ @1/ B0+ A0/ A4/ @2\ B0/ @5/ C6/ @5/ C2+ F3+ @4+ A2+ B6/ H3+
8x8Trax_869893 pioenroosje vs. klaashaas : @0+ @1+ A2\ A0\ @1+ A0+ C2+ @2/ @3\ F2/ F1/ E0+ B1\ B0\ @3+ E1+ D0/ C7+ F8/ A7/ G2+ @6\
8x8Trax_869894 klaashaas vs. pioenroosje : @0/ B1+ A2+ C2\ B3/ C1+ C3+ B4/ B5+ D1/ C6+ D5\ E2/ E6\ F5/ D7/
8x8Trax_869896 klaashaas vs. pioenroosje : @0/ B1+ B0+ A1+ B0+ A4+ @4/ C0\ B1\ A2\ @3+ B6/ A6/ @5/ D7\ E7\ C8+
8x8Trax_869909 Misfit Lenrad6672 vs. Vacant 1884 : @0/ A2\ B2\ C2\ A3/ @3/ A4/ E3/ @4\ A3\ A2\ D1+ B5/ D6+ D0+ C8\ B2\ C1+ A7/ @6+ @6\ B7/
8x8Trax_869927 Geri39 vs. Adam : @0/ B1\ @1/ B2\
8x8Trax_869969 * Sassy_Angel * vs. aaronnimzo : @0/ A2\ B2\ B3\ A4/ @2\ B0+ B0\ B7+ C2\ D4/
8x8Trax_869971 klaashaas vs. Vacant 25583 : @0/ A2\ B1/ B0/ @2/ C3+ D2\ E2\ E3\ D4\ A4\ F3\ F4\ G4\ E5+
8x8Trax_869981 nisqually vs. Adam : @0+ B1+ B0\ A3/ B3+ @2+ D2\ @3\ C4\ @3\ D5/ C4+ E4+ A1\ @2/ D0+
8x8Trax_869983 timerunner vs. Adam : @0/ A2\ B1/ @2\ B3/ @1\ A0\ C5\ D5+ B1+ D4/ E2+ E5+ D6/ F2\
8x8Trax_869997 klaashaas vs. Adam : @0/ B1\ B2\ A2+ B3/ C2+ C3+ A3/ B0+ B0/ D4/ E3\ F4/ E5+ B6/ E6+ D0+ C8+ G5/ H3+
8x8Trax_869998 DavidJ vs. Vacant 25583 : @0/ B1\ A2/ @2/ C2\ C3+ C0/ D2\ C5/ B5/ B6/ D4/ A5+
8x8Trax_870003 Uncle Chuckie vs. Adam : @0+ @1+ A2\ A0\ @1/ C1/ C0/ B5/ A4\ @3/ C1+ B5+ B1\ C0/ E2+ F3+ G4/ A2+ @3\ H5+ B7/ F6/
8x8Trax_870021 Adam vs. *Dragons Angel : @0+ B1\ C1/ B0/
8x8Trax_870023 *Make Peace vs. Adam : @0+ @1+ C1\ C2\ C3\ @1+ B3/ E2+ C4/
8x8Trax_870047 pioenroosje vs. klaashaas : @0/ A2+ B2/ @1/ C1+ C0/ C0/ C0/ D2+ B2\ E2/ E4/ F4/ E0\ F2+ C1\ B1\ A4+ @4\ B1\ B0\ A1\ @3\ G1+ A6/ F0+
8x8Trax_870048 pioenroosje vs. klaashaas : @0/ @1+ @1\ A0\ @1\ C0/ B0/ C1/ C5\ B5+ @4/ A1/ @3\ @3\ B5+ F6+ D6+ F7\ E7+ G6+ H4\ B1\ E0/ G3/ H3/ H7\ F1/
8x8Trax_870049 pioenroosje vs. klaashaas : @0/ B1/ C1\ C2\ D2+ E2/ C0/ A1/ D1+ F3/ D4/ F4/ A3/ D5/ G3+ E6/ G5/ E7+ G6+ H3\ A4+ E0+ C1/ G2\
8x8Trax_870050 klaashaas vs. pioenroosje : @0/ B1+ C1/ A2/ A3+ D1/ B0+ B0/ B0/ B0/ @6/ B4+ A8/ @6/ C2/ G3+ B1\ H3\ E7\ D8/ E8\ F8\ G6\ G7+
8x8Trax_870051 klaashaas vs. pioenroosje : @0/ B1+ C1/ C0+ B0/ A2+ A4\ B4+ C0+ @3+ C6+ A2\ A1+ E3\ F3\ E2+ C7\ E5+ @2\ C1/ C0/
8x8Trax_870052 klaashaas vs. pioenroosje : @0/ B1/ B2/ A2/ @2/ C0+ C0\ A5/ @5/ E2\ @4+ D0/ F1\ G2\ A0\ @3+ G1/ H1/ E0/
8x8Trax_870053 klaashaas vs. pioenroosje : @0+ @1/ @1+ B2/ A0/ B1/ B0\ D3\ A1+ @1\ @1\ B3+ B0+
8x8Trax_870055 DavidJ vs. lubylu : @0/ A2+ @1\ A0+ B1+ B0\
8x8Trax_870081 lubylu vs. DavidJ : @0/ A2\ @1\ C1\
8x8Trax_870101 Honeybear vs. goldfreckles : @0/ A2\ B2\ B3/ @2\ B3+ C4\ D4\ D5/ @1/ @2\ B0\ C0/ C0/ C7+ A2\ @2\ A1\ E1+ @2+
8x8Trax_870118 firefly vs. Goonthe : @0/ B1\ A2/ @2/ B0/ C3\ C4/
8x8Trax_870121 kdogtrainer vs. pioenroosje : @0+ @1/ C1\ B2+
8x8Trax_870126 kdogtrainer vs. Vacant 1884 : @0+ @1\ A2/ @2/ A3/ B0/ C1/ B5/ A2+ @4/ E2+ D4/ @3/ C5/ B5/ A5/ @4/ H1\ F0\ G4\ B7/ C8+
8x8Trax_870131 kdogtrainer vs. Logged Off 27172 : @0+ @1\ B0/ B0+ A0\ @2\
8x8Trax_870157 B Line electric streetcar vs. Logged Off 27172 : @0/ B1\ B2\ A2+ B3\ A4\ B4+ B5/ @3+ @5/ C6\ C7/ E5+ B7+ A7/ A3\ @5+ A8/ @8/ C8+ G7\ F8\ H6\
8x8Trax_870158 pioenroosje vs. B Line electric streetcar : @0/ A0/ B1/ C2/ C1+ C0/ C0/ B1+ @3/ B2+ C0+ B1\ B0\ A1\ @3+ B6/ F2\ G2\ F6+ @2/ A4+ B0/ H2+ B0/ G2\ H2+ A7+ H1\
8x8Trax_870178 geneoo vs. spitfire : @0/ B1\ A2/ B2+ C1/ C2\ B0/
8x8Trax_870195 Amanda vs. Vacant 1884 : @0+ @1\ A2/ @2/ A3+ B0/ C3+ D2/ D1/ E2/ B5+ D5/ B6+ E5\ D6/ A5+ B7+ C0+ A1+
8x8Trax_870233 Chad vs. Freight Train : @0/ B1+ A2/ C1+ C2+ A3\ A4\ B3\ @4/ B5\ A1\ B0/ @4\
8x8Trax_870263 Uncle Chuckie vs. Adam : @0+ @1+ A0\ C2+ A3/ @3/ @3/ A4/ @4/ G2+ B5+ B6\ E4+ E1+ F4+ F6\ @5/ F7\
8x8Trax_870271 cocopuff vs. Adam : @0+ B1+ B2/ A0\ @1+ B4/ A3+ A4+ @4/ B0\ C6\ D6\ E6\ A1\ F6\ D7/ E8/ F3/ G4\ G6/ D8+ C8/ B8/ A7\ H5/ G3/ G2+ D1\
8x8Trax_870282 Alko vs. Adam : @0/ B1+ A2\ B2+ C2\ C3+ B4\ A3+ @4\ B5\ D5\ E4+ @4\ E6+ A1\ E7+ C0\
8x8Trax_870288 KJ vs. Adam : @0/ B1\ B2\ C2+ D2\ D3\ A0\ @2+ B3/ B4/ C5\ D1/ E1/ B0/
8x8Trax_870291 MIA 27923 vs. Adam : @0/ B1\ A2/ B2+ A0\ @1\ A0/ @1\ A0/
8x8Trax_870294 Adam vs. alexlee : @0+ @1/ A0\ @2/ C1/ B0/
8x8Trax_870315 B Line electric streetcar vs. smilemore4me : @0+ B1/ A0\ @2\ C0+ D2\ D4/ A2\ E4\ E5\ E1/ F3\ D0/
8x8Trax_870333 IRISH vs. Adam : @0/ A2\ B2\ B1+ B0/ C3\ C4\ D2/ E2+ E1/ C0\ A2+ F2/ D0/ D0/ E1/ B2+ F7/ @6\ E0+ H6+ G3+ G1+ H4+
8x8Trax_870338 DavidJ vs. Zanda : @0/ B1\ A2/ @2+ C2\ C3\ D1/ D0/ @3\ D1\ E0/ E6\ F5/ F4+ G3\ C5+ A5/ @5/ D6/
8x8Trax_870342 DavidJ vs. Rogue Trooper : @0/ B1+ A0\ @1\ A0\ D3\ D4\ D5+ E3/ D2+ A3+ @2/ @2/ A3/ B4\ G5+ H5\ C0\ F1/ H3+
8x8Trax_870352 Adam vs. MIA 27923 : @0+ @1/ B0+ C1\ D1/ C0\ A2\ @3/ B0\ A2+ E2+ D1+ C0+ E1+ C0+ F5\ E6+ E7\ F6\ D8/ A7/
8x8Trax_870380 Nan54 vs. Zanda : @0/ A2\ B1/ B0+ C2\ C3\ @3/ A4/ E3+ C0+ F4+ D5+ F3/ B6+
8x8Trax_870426 *Make Peace vs. Rogue Trooper : @0+ A0/ B1/ C1+ D1\ C3+ B0+ A4/ B5\ C1+ E3+ D1+ E5\ E6+ F4\
8x8Trax_870497 Nan54 vs. aussielady : @0/ B1\ A2/ @2+ B0+ @2+ C0+ B5\ E3/ D2+ D4\ D5\ D6+ C6+ D7\ F3+ C0\ E8/ B1+ G4+ G6+ A5+ A6+ @5+
8x8Trax_8705072 davs.ebamse vs Traxplayer : @0/ @1/ B0+ @2+ B0/ B4\ @1\ C0+ A4/ @3\ A2+ A1/ C0/ C0/ B2+ E1/ F3+
8x8Trax_8705073 Traxplayer vs. davsebamse : @0/ @1/ A0/ C2\ B3/ C1+ C0/ D2\ E2\ D3\ D4\ E3\ C5/
8x8Trax_870556 rich1253us vs. Rogue Trooper : @0/ B1+ C1\ B2+
8x8Trax_870562 Chef Jeff 1 vs. Absentee 1571 : @0+ B1/ B2\ C2\ A0\ A3/ @2+
8x8Trax_870616 Badger vs. Knight Rider : @0/ B1\ B2+ A2+ A3/ @3/ D2+ C3+ D1/ D0/ @4+ B5\ C5\ D5\ @4+ A5\ B6\
8x8Trax_870688 sue990 vs. Honeybear : @0/ A2\ @2\ C2/
8x8Trax_870794 Q vs. Adam : @0/ B1\ A2/ A3/ B2+ A4/ @4/ A5/ @3\ @4+ B6\ F4+ D0/ F1/ RESIGN
8x8Trax_870806 Vacant 1884 vs. Adam : @0/ B1\ B2\ B3\ C2\ D1/ C0\ C4\ D1/ D0+ E3+ E6\ F6\ B6/ A5\ C7\
8x8Trax_870815 klaashaas vs. Vacant 1884 : @0/ A2\ B2\ B3+ A4\ C2\ D2\ D4/ C1\ E3\ E1\ @2+ @2+ G4\ G5\ H3+ D5+ G6\ D6+ F0+ H1+ E8+ B2\ D1\ A5+ A6/ B8\ A1+ H8+
8x8Trax_870849 mamatart vs. Adam : @0/ A2\ @1\ C2/
8x8Trax_870852 Dream vs. Adam : @0/ A2\ B2+ B1+ C2\ C3+ A0\ @2+ C5\ B4+ E4\ A4/ @5\ B6/ E6+ C7\ E2+ F2/ G3/ C8+ F1/ G1/
8x8Trax_870854 Dawn vs. klaashaas : @0+ @1/ A0\ @2/ D2+ A3+ C4+ @3+ B1+ @3+ @3/ A4/ @3+ A2\
8x8Trax_870973 daffyANGEL vs. klaashaas : @0/ @1\ A0/
8x8Trax_870976 klaashaas vs. Shadow_Ops : @0/ B1\ B2\ C2\ D2+ C3/ @1+ C3+ B3+ A3+ B4\
8x8Trax_871033 Missing 17886 vs. paganje : @0/ A2\ B2\ B3\ @2+ A1+ @2+ B0\ @3+ D5/ C5+ B5/ A2\ C0/ @4/ D7/ C7+ F7\ D8/ G6\
8x8Trax_871075 Brendans Grandmom vs. Lorraine of the Renegades : @0/ A2\ @2+ C1\
8x8Trax_871077 kdogtrainer vs. Logged Off 27172 : @0+ @1\ A2/ @1\ A2+ C0+ D1/ @2\ E2\ F2\ @2\ B0\ C0\ B1\ B0\ E1/ E0/ F4+ A3+
8x8Trax_871117 Megababe vs. AWOL 27087 : @0/ A2\ B2\ B3+ @1/ A0\ @1\ A0/ D3+ E3\ E5/ F5/ D6/ B7/ A6\ F2/ C1+
8x8Trax_871139 * Sassy_Angel * vs. Aphrodite : @0/ B1+ A0/ C2\ A3/ A4+ @3\ A2+ @3\ B4/ C5/ C0+ C0/ D1/ D0/ E3\
8x8Trax_871241 Rose vs. ejd : @0+ @1\ @1/ A0\ @2+ @2\ A1\ F2\ @2/ G3/ A0/ D0/ E2+ A1\ B0\
8x8Trax_871260 arthur vs. HeatherN : @0/ B1\ A2/ B2\ B3/
8x8Trax_871356 DavidJ vs. radiofreak1017 : @0/ B1\ A2/ @2+ C2\ @2+ D3/
8x8Trax_871366 DavidJ vs. Logged Off 27172 : @0/ B1+ @1\ A0\ A0\ B4/ B1/ A0\ @4+ B6/ @4/ F4+ A3\ @3\ B6/ A6/ G2/ G1/ D7/ E1+ D8\ E8\ E6\ F6\ G6\ A4+ H5+ H3/ B2+ B7\ B8+ H8/ H2+ A1\
8x8Trax_871373 Misery Midnight vs. MsDelete : @0+ B1/ B2\ C1/ A2+ B0\ B0+ B5/ C4\ A2+ B6+ @2/
8x8Trax_871388 rich1253us vs. Rogue Trooper : @0+ B1/ B2\ C1/ C2\ D1\
8x8Trax_871394 Tigger vs. DavidJ : @0/ A2\ B2\ @1/ B3+ A4/ @4\
8x8Trax_871397 Tactician vs. B Line electric streetcar : @0/ @1/ @1/ B2+ D1\ D2+ C0\ C4+ C0\ D2+ A2\ @3/ B5+ C6/ C7/ C8/ E6\ F5/ G4\ @3\ A2\ A5+ H6/ B8+ D1\ A6+ B1+
8x8Trax_871418 DavidJ vs. Rose : @0/ B1\ A2/ A3+ A4\ B4\ B5\ @2/ D4+
8x8Trax_871425 Nan54 vs. St_senya_08 : @0/ A0\ @1/
8x8Trax_871426 DavidJ vs. betty : @0/ A2\ B2\ B3/ A3/ A4\ @3\
8x8Trax_871430 Nan54 vs. betty : @0/ B1\ A2/ @2\ D1/ E1\ E2\ F2/ G2\ H2/ G3/
8x8Trax_871440 DavidJ vs. ema : @0/ B1\ A2/ B2+ C2\ B3/ B4/ @2+ B4\
8x8Trax_871450 arthur vs. ejd : @0/ A2\ B1/ B2+ A0\ C3/ @2\
8x8Trax_8714941 davs.ebamse vs Traxplayer : @0/ @1/ B0/ @1+ A0\ A0+ @3+ E4\ E5\ E1/ F2\
8x8Trax_871525 kenseth17 vs. Nan54 : @0/ B1\ B2\ C2+ A2/ A3/ B0\ D3+ @2/ F3+ A4\ C4+ C5\ D5\ F4\ @3+ H4/ H3+
8x8Trax_871531 DavidJ vs. blindfaith101 : @0/ A2\ B2\ B3\ B1/ C2+ B0/ A5/ @4\ D2+
8x8Trax_871533 Tactician vs. DavidJ : @0/ B1\ A2/ @2+ @1/ A3/ @3\
8x8Trax_871552 Tactician vs. DavidJ : @0/ B1\ A2/ A3/ B3/ @3+ A4/ @1\ A0\ A4/ @3\ D1\ E5\ F5\ D6/
8x8Trax_871572 DavidJ vs. blindfaith101 : @0/ A2\ B2\ B3\ B1/ C2+ D2/ C1/ C0/ D2/ E2/ D1/ E4\ E1/ D5/
8x8Trax_871592 DavidJ vs. Vacant 1884 : @0/ A2\ B2\ C2\ B1/ @2+ A1\ B0+ @3/ C4\ A1\ @2/ C0/
8x8Trax_871601 DavidJ vs. blindfaith101 : @0/ A2\ B2\ B3\ C2/ B1+ B0/ C2/ D2/ C1/ C0/ D2/ A1\ E2+ @3\
8x8Trax_871610 Tigger vs. DavidJ : @0/ @1\ B0/ B3\ C2/ @2/ A3/ A4/ @4/ A5/ @4+ D1\ D0\ A7/ @6\ G6/ D7+ B0+ A2\ @5+ H3/ A6/ H2+
8x8Trax_871631 DavidJ vs. blindfaith101 : @0/ A2\ B2\ B3\ B1/ B0/ C3/
8x8Trax_871633 Cachel vs. supermac : @0+ @1/ B2/ C1\ B0+ A3+ A4/ @4/ C0+ C5+ @5/ D6/ A6+ A7\ F4/ @6/ B8/ A5+ A8/ @8/ A6/ E2+ D3+ E1\ C1+
8x8Trax_871718 DavidJ vs. Vacant 1884 : @0/ A2\ B2\ A3\ C2/ C1/ A0\ @2+ E2/ E1/ B0\ C5\ A1/ @2\ D1/ C0\ F2+ G4+ F1/ E1+ C0\ G3/ H3/ C8/ B8/ A8+ H7\ H8\ E1\ H5/ H2/ F8+ A7+ A5+
8x8Trax_871720 DavidJ vs. blindfaith101 : @0/ B1\ A2/ B2+ C1/ C2\ B0/
8x8Trax_871782 DavidJ vs. blindfaith101 : @0/ B1\ A2/ B2+ C2\ D2/ B3+
8x8Trax_871785 Honeybear vs. Mististar : @0/ A2\ B2\ B1+ A0\ C2/ @2\
8x8Trax_871810 DavidJ vs. blindfaith101 : @0/ A2\ B2\ B1+ B0/ B0\ C3+
8x8Trax_871831 silverrbts vs. mcinturff : @0/ A0/ A0/ @2/ A3/ @3\ C0/ D2/ C0\ A3/ D2/ B1\ A1\ E2/ F2\ D0\ F4\ B1/
8x8Trax_871837 DavidJ vs. blindfaith101 : @0/ B1\ A2/ B2+ C2\ B0\ B4+
8x8Trax_871856 cheyenne MIA vs. JenJen : @0/ B1+ C1/ C0/ C0+ D1+ D3/ E3\ D4/ A4/ B5+ D0/ E1+ F4\ G4\ @5/ B3+ B7/ G1+ F0/
8x8Trax_871857 JenJen vs. cheyenne MIA : @0+ @1\ B2+ C1/ A0\ B0\ A1\ @1+ A0\ A0+ A0/ B3+ @3/ A4+ C7/ A6\ E2\ F3/ C8/ @4\ H4/ B2\ A2\
8x8Trax_871887 DavidJ vs. blindfaith101 : @0/ B1\ A2/ B2+ C2\ D2/ B3+
8x8Trax_871947 Lady Butterfly vs. paganje : @0/ B1\ B2\ C2+ @1\ B0+ A1\ C1/ A0\ B0\ D3/ E4/
8x8Trax_871955 Nan54 vs. blindfaith101 : @0/ A2\ B2\ B1+ @1\ @1/ A2/ B0\ C4/ A0\ @3+ D6/ B5\
8x8Trax_872096 HeatherN vs. derekaluk : @0/ A2+ B1\ B2+ B3\ C3\ D2\ A3+ A4\ B4+
8x8Trax_872099 arthur vs. HeatherN : @0/ B1\ A2/ @2/ C0/ D2\ C3\ C4\ A1/ B4/ B5/ D3+ A0\ @1\ D6\ E2+ D7/
8x8Trax_872103 JenJen vs. Logged Off 27172 : @0+ @1\ B2+ A0+ @1/ B3/ B4/ @2/ A3/ B5/ B6/ E3+ C5+ @3+ B1+ G3+ C7+ H3+
8x8Trax_872119 REBEL DJ vs. hANDYman the Rebel : @0+ B1/ B2\ C2\ C3\ @1\ B0/ B3/ B4/ C5\ E4/ C1/ E3+ D1/ E2+
8x8Trax_872120 hANDYman the Rebel vs. REBEL DJ : @0/ B1+ @1\ A0\ B1+ C1/ C0/ D3\ C4\ @3/ A4/ A5/ D0/ F1\ A2+ E5+ F4\
8x8Trax_872124 Nan54 vs. aussielady : @0/ A2\ B1/ B0+ B0/ B0/ C3+ A1\ B0/ @4\
8x8Trax_872125 B Line electric streetcar vs. blindfaith101 : @0+ A0\ B2/ B0\ C2\ D3\ B4+ B5\ D1/ E2+ D0\
8x8Trax_872277 Nan54 vs. aussielady : @0+ B1\ A0+ @2/ D2/ C1+ D1+ B0/ B4/ B5/ A5/ D4\ E4\ A6/ D6\ C7/ @3\ A2\ @2+ @4+ D7/ C8\ H6\ H7\
8x8Trax_872367 ryry vs. Vacant 27452 : @0+ @1\ A2/ @1\ C2+ C0+ A3+ D1\
8x8Trax_872370 JenJen vs. Amanda : @0+ @1\ A0\ @1+ C3+ D2+ C4+ D4/ B4/ B5/ @4/ @4+ A5/ D6/ C0/ B8+ @7/ A8+ A5/ A4+ G7\ @6\ C2\ B2\
8x8Trax_872371 Amanda vs. JenJen : @0+ B1+ B2/ B0/ @2\ D2+ @2/ A3/ C4\ F2+ @3/ B5/ B6+ A6/ @5/ B7\ F5\ G5\ E7\ F7\ E8+ H5\ G4+ A6+ A7/
8x8Trax_872386 Nan54 vs. blindfaith101 : @0/ A2\ B1/ B0+ @3/ B4\ D2\ C3+ A2+ D4\ D5\ B5/ A4+ E2/ E1/ A5+ @5/ D6\ DRAW
8x8Trax_872420 FrostyColdOne vs. mcinturff : @0/ B1/ A0/ A3/ A4\ B1+ A5+ @3/ D1\ C5\ E3\ @3\ F4\ D0+ D7\ G5\ F6+ D8+
8x8Trax_872491 *Rosie* vs. spitfire : @0+ B1\ A0\ B3/ A3/ B1/ C1\
8x8Trax_872500 Misery Midnight vs. MsDelete : @0+ B1/ A0\ A3\ C1/ B0\ @2/ B1\ A3/ @2/ B5/ A5/ C6\ D6\ D7\ E6/ E5/ F5/ G5/ F4\
8x8Trax_8725052 Abby Normal vs. SnugglyBear : @0/ A2\ @1\ C2/
8x8Trax_8725066 DarkHoney vs. SnugglyBear : @0/ B1\ C1+ B2/
8x8Trax_8725386 1926 vs. DavidJ : @0+ B1/ C1\ B2/ B3/ D1/ D0/ @3+ D3\ F3\ E4+ D5\ @3/ A5+ D6\ @4\ G6/ H6\
8x8Trax_8725387 DavidJ vs. 1926 : @0/ A2\ B1/ C1/ A3/ @3/ B0\ A1\ @4/ D3\ D0+ B3/ A4\ @4\ E6\ F5+ B7/ A7/ D0+
8x8Trax_8725394 bengt vs. DavidJ : @0/ B1\ A2/ A0/ A0/ @2+ B0/ D2/ E2+ E1/ B0/ A0\ @3+ G6+ E7/ C0/ D2+ E1+ G5+ @5+ A3+ H3+ A6+ B1+ A7+ A1+
8x8Trax_8725395 DavidJ vs. bengt : @0/ @1/ B0+ @1/ C0+ D1/ D2\ E3/ B1+ @2/ B3+ B4/ @2/ D0/ @2\ C1+ C0/ G6+ G7/ E1/
8x8Trax_8725400 dgb vs. DavidJ : @0/ B1\ A2/ @1/ B0+ C1+ D2+ B0\ @3+ A4/ @1\ A0\ A5/ @5+ C6+
8x8Trax_8725401 DavidJ vs. dgb : @0/ A0/ B1+ A3+ C1\ @2\ D4\ E1\ C0/ C6+ B6/ A6+ A7/ @4\
8x8Trax_8725404 REBEL DJ vs. DavidJ : @0+ @1/ A0\ @2/ B0\ A2\ @3/ E3\ E4\ F4\ F5\ G5\ G6\ H6\ H7\ G8+ A2+ A1+ D1+ H1/
8x8Trax_8725405 DavidJ vs. REBEL DJ : @0/ B1\ A2/ B2+ C2\ A3/ @3/ C4\ C5+ D5\ E3/ @4\ B6+ @1+ A0\ A6+ C8/
8x8Trax_8725408 DavidJ vs. Neat : @0/ A0+ @1+ C1+ A0/
8x8Trax_8725409 Neat vs. DavidJ : @0+ B1/ @1+ C0/ C0+ D2+ @3+ F2+ A4+ @3+ H2+
8x8Trax_8725412 greggyw vs. robertst : @0+ @1+ B0\ A3/ B3\ A4\
8x8Trax_8725413 robertst vs. greggyw : @0/ B1\ A2/ B2+ B3+
8x8Trax_8725420 thebodywall vs. robertst : @0+ @1/ A0\ @2/ C1+ C3+ D3\ C0+ D1/ D5+ E1\ D2+ E3+
8x8Trax_8725421 robertst vs. thebodywall : @0/ A2/ B2\ A3/ @1\ B0/ D2+ B5\ C4+ @4/ B5+ B6/ RESIGN
8x8Trax_8725428 robertst vs. SarahMills : @0+ B1\ B0/ C1/ @2+ D2\ A3\ E2/
8x8Trax_8725429 SarahMills vs. robertst : @0/ B1\ A2/ @2+ C2\ @1\ C3\
8x8Trax_8725430 robertst vs. jamchug : @0/ A2+ @1\ B0/ C3\ A3/ B4+
8x8Trax_8725431 jamchug vs. robertst : @0+ @1\ B0\ B0/ C1/ C2+ A4/ @4/ C0\ B2/ E3/ A2\ E4\ A1/
8x8Trax_8725432 robertst vs. AndrewB : @0/ B1\ A2/ A0/ B3+ B4/ B5\ C5\ @3\ C0/ D2\ B6/ B7/ E2\ A5/ @5/ RESIGN
8x8Trax_8725433 AndrewB vs. robertst : @0+ B1/ B2\ C1/ @1/ E1\ E2\ B2/ C3\ F3/ D0/ B0\ A1\ B0+ @3+
8x8Trax_8725440 Rand al*Thor vs. TrueIndian : @0/ B1\ A2/ @2+ D1/ B0/ C3\ C4\ @3/ A4/ D5\ @4+ G3+ A2\ H4/ E6+ H6+ G7\ F8+ B7+ A7+ C8/ A8+ G1\ H1+
8x8Trax_8725441 TrueIndian vs. Rand al*Thor : @0/ B1\ B2\ A2+ A3+ @1/ B0+ D4/ D5\ E4/ E1/ F3+ C6/ B6/ A5+ C7+ E6+ E8+ F6\ @2/ D8/ B8+
8x8Trax_8725442 Rand al*Thor vs. Ambrosia : @0/ B1\ A2/ @2+ A3+ @2+ D2\ D3\ D4+ E2+ E4+ F2+ A3+ @2+ D0/ H3+
8x8Trax_8725443 Ambrosia vs. Rand al*Thor : @0/ A2\ B2\ B1+ B0/ C3\ D3+ B4+ @2/ A1\ A0+ @2/
8x8Trax_8725444 Rand al*Thor vs. Jay RAA : @0/ B1\ A2/ A0/ B3\ A4/ @3+ @4/ B5\ D0/ E3+ D0/ A3\ B2\
8x8Trax_8725445 Jay RAA vs. Rand al*Thor : @0/ B1\ A2/ @1+ A3/ @1/ @2\ B0/ E3\ E4\ E5\ A4+ E6\ F3+ G2\ G1+ E0/ H2+
8x8Trax_8725446 Rand al*Thor vs. Linda Sue : @0/ B1+ B2+ C2/
8x8Trax_8725447 Linda Sue vs. Rand al*Thor : @0+ @1+ A2\ B0/ C1/ A1\ A0\ @2+
8x8Trax_8725448 Rand al*Thor vs. TallPaul : @0/ A2+ @1\ B0/ C2+ A3/ @2\ A3+ B1+ B0\ @2/ A5\ D0/ E1/ F4/ D0+ A2\ @5\ H5\ H6\ H7\ B8\ D8+ F8/ B1+ H3+ H1+ A1/
8x8Trax_8725449 TallPaul vs. Rand al*Thor : @0/ B1\ A2/ @2/ C0\ @1+ D0\ D4+ B5/ E2+ F2/ @4+ B6+ D6/ @6/ A7/ C7+ G0+ F8+ DRAW
8x8Trax_8725454 TrueIndian vs. Linda Sue : @0/ B1+ @1\ A0\ @1+ B0\ C1/ B0\ B0\
8x8Trax_8725455 Linda Sue vs. TrueIndian : @0+ @1+ B2/ A0\ @1\ @1+ B3+ @1+
8x8Trax_8725460 Ambrosia vs. Linda Sue : @0/ B1+ A0\ @2/ C1+ D1/ B0\ A1\ @1+ D0\ A1/
8x8Trax_8725461 Linda Sue vs. Ambrosia : @0+ B1+ B0\ B3\ C3\ @2+ D4/ C4/ B4/ C0/
8x8Trax_8725468 Linda Sue vs. TallPaul : @0+ @1+ B2/ A0\ @1\ @1+ A0\ A4/ C5\ @4\
8x8Trax_8725469 TallPaul vs. Linda Sue : @0/ B1+ @1+ D1\ A2\ A0\ A0\ @3/ @4\ B5\ D0/ E1/ A1\ @2/ C0/
8x8Trax_8725470 klaashaas vs. NetKissa aka Knit This : @0+
8x8Trax_8725471 NetKissa aka Knit This vs. klaashaas :
8x8Trax_8725472 klaashaas vs. Red Panda : @0/ A0/ @2/ @1+ A0\ A0+ @1\ E4\ D5/ E1/ D0/
8x8Trax_8725473 Red Panda vs. klaashaas : @0/ A0/ @1+ A0\ B0+ A5/ @5/ @5/ E2\ F3/ F5+ D6/
8x8Trax_8725474 klaashaas vs. Nina : @0/ B1\ A2/ @1+ A0\ @1\ B0+ @3/ A4/ B5\ E1/ F1\ D0/
8x8Trax_8725475 Nina vs. klaashaas : @0+ A0/ B1\ A3/ @3+ @2/ D2+ A1\ @2/ C0/
8x8Trax_8725476 klaashaas vs. Ray of Light : @0/ A2\ B1/ B2+ C1/ C0+ D1/ D2+ @1+ A0\ E1\ A0+ @1/
8x8Trax_8725477 Ray of Light vs. klaashaas : @0/ A2/ B2\ A3/ A0\ @3+ C4+ D2\ D4+ D1/ D0+ E3/
8x8Trax_872575 outta here vs. Knight Rider : @0/ B1\ B2\ C2\ A2/ A3+ @3/ A4\ A1\ A5/ @2/
8x8Trax_872649 snaP632 vs. HeatherN : @0+ @1+ C1+ D1/ @1+ @1\ A2\ A0/ B1/ D1+ C3+ E1+ C4+ D3\
8x8Trax_872704 FujiTape vs. Amanda : @0/ A2\ B1/ B0+ C1\ B3\ D2/ C0\ E3\ D4/ D5/ E2/ F2/ E1/ E0/ F2+ C1\ E0/ G3+ H3\ H4\ F5+ A3+
8x8Trax_872717 geomomo vs. Goonerg : @0/ B1\ A2+ @1/ B0/ C3\ C4+ D3\
8x8Trax_872739 CelticStorm vs. Honeybear : @0+ B1\ C1/ B0\ C1+ C0+ A4\ D2/
8x8Trax_872744 klaashaas vs. blindfaith101 : @0/ A2\ B1/ @1/ A0/ @3/ A4/ A2+ B0/ A0/ @5+ @6\ @5/ D0\ C1\ B1\ A5\ A1/ @5/
8x8Trax_872796 Arctic Warrior vs. Annette : @0/ B1\ A2/ A3/ C1/ C0/ @2\ A1\ @1+ E3\ F2/ C5/ B6\ @3\ H2\ H3\ D1+ F0\ B1/ H2/ C0\ A3/ G2/ G1/ H6\ G7\ G8\ A1\ H7\ H1\ H8+
8x8Trax_872831 ryry vs. BOD33 : @0+ B1/ B0\ A1\ @1+ @2+ A1+ C0\
8x8Trax_872841 STrek vs. blindfaith101 : @0/ A2\ B2\ A0/ B2+ @1\ B0/ @3/ B4+ @2\ B1/ C0\ D6+ B0\ A3+ A6/ @4+ E2/ E1/ C0\ G7+ B2+ @5+
8x8Trax_872879 Geri39 vs. Adam : @0+ @1+ A2\ A0\ A0/ B2/
8x8Trax_872882 BearRuff vs. Adam : @0+ B1+ C1\ C2\ D1/ C0\ D4\ E3/ E4+ B4/ C5+ A3/
8x8Trax_872943 Aphrodite vs. Adam : @0+ B1+ B2/ A0\ @2/ A0\ @2+ A1+ @2/ B4+ A1+ C5+ @3+ @4\ C5+ E6\ G5+ H3+ H5+ B1\ B0/ C1+ C0/ H4/ G3/ D2/ A8\ B8\ F2+ F1+ G1/ H1/ H2\ A2+ B1\ H8+ A1+
8x8Trax_872946 Aphrodite vs. Adam : @0/ A2\ B1/ B0+ C1/ D1\ D2\ C3\ @2+ C0+ C0/ C0/ A3\ @4+ E7\ F6\ F2+ E8+
8x8Trax_8729685 Rogue Trooper vs. ypercube : @0+ B1+ B2\ C1\ C2+ D2\ E2\ F2\ F3\ G2/ E1+ E0\ A3+ E5+ @2/ C5/ C6+ A4+ H2/
8x8Trax_872990 Cookie of the Wolf Pack MIA vs. spitfire : @0/ B1\ A2/ B2+ C1/ C0+ C0\ D3\ B2+
8x8Trax_872991 Cookie of the Wolf Pack MIA vs. spitfire : @0+ @1/ @1\ B0+ A1+ B0/ C1/ A1\ B0/ @4/ A5/ E4\ C5/ A6/ F4\ D6\ C7\ @6\ A4\ A3\ F6+ H5+
8x8Trax_8730127 bookfox vs. SnugglyBear : @0/ A2\ @1\ C2/
8x8Trax_873020 Jump This vs. Vacant 1884 : @0+ @1\ A0\ C1/ B0\ D2/ C3\ C1+ @2/ E3\ F3\ B1\ @1/ D0+
8x8Trax_873027 RazzleDazzleRedhead vs. Jump This : @0+ @1\ B2/ C1/ C0/ C0/ @3\ E1+ F2/ D0/
8x8Trax_8730602 birddog856 vs. Traxplayer : @0/ @1/ A2+ C1+ C3/ A0\ @1\ E2+ C0+ @2\ C0/ A0+ @1\ B0/ G5/ D8\
8x8Trax_873075 Nanett MIA vs. Jump This : @0/ B1/ C1+ D1/ C0/ C0/ B2+ @3\ E1+ C4\ F1+ D0/ B1/ D5+ D6\ D7\ A3\ G2\ G3\ H3\ H4\
8x8Trax_873107 Jump This vs. Lisa : @0/ A2\ B1/ B0/ B0+ @2\ D1/ A4/ B5/
8x8Trax_873144 spider vs. Misery Midnight : @0/ A2\ B2\ @1+ @1\ A0\ @1\ C3+ B0+
8x8Trax_8731699 davs.ebamse vs SnugglyBear :
8x8Trax_8732054 Ms LaTaya vs. SnugglyBear : @0+ @1/ A2\ B2+ C1/ A0/ B0+ B0+ D4/ C5\ B6+ A6+ @6\ C0+ E2/ F2/ A8/ @7\ E8/ C3\ F7\ G6+
8x8Trax_8732055 SnugglyBear vs. Ms LaTaya : @0/ B1\ A2/ A3/ @2+ C2\ C3+ C4/ B4/ D3+ B5+ B6/ A6/ A7/ @5\
8x8Trax_8732056 Ms LaTaya vs. SnugglyBear : @0+ B1\ @1\ C2+ C3\ D3\ B0+ D5+ D2+ B5/ A5+ C6/
8x8Trax_8732057 SnugglyBear vs. Ms LaTaya : @0/ A0\ @2\
8x8Trax_8732255 mcr_63ls vs. SnugglyBear : @0+ @1\ B0/ B0/ @2/ D2+
8x8Trax_8732256 SnugglyBear vs. mcr_63ls : @0/ B1/ B2\ B0+ C2\
8x8Trax_8732526 Blacklace* vs. SnugglyBear : @0/ B1\ B2\ C2\ B3/ A3/ @2\ C4\ B0+ E2/ C6+ D1/
8x8Trax_8732527 SnugglyBear vs. Blacklace* : @0/ A2\ B2\ B1/ C2/
8x8Trax_8732528 Blacklace* vs. SnugglyBear : @0+ @1\ A2/ @1\ A0+ C3\ B4/ D2+ B5\ C5\ C6/ D5+ B6/ E3\
8x8Trax_8732529 SnugglyBear vs. Blacklace* : @0/ A0\ @1/
8x8Trax_8732539 Ivory vs. SnugglyBear : @0+ B1\ B2/ @1/ B2/ B3/ B4+ A2+
8x8Trax_8732540 SnugglyBear vs. Ivory : @0/ A2+ A0\ @1\ @1\ A0+ C0/ @2/ B4\
8x8Trax_8732794 fatdaddy vs. SnugglyBear : @0+ B1\ C1/ C0/ B1\ C0\
8x8Trax_873280 MIA 28418 vs. Adam : @0+ @1+ B0+ @2+ B1+ D2+ D1+ E2+ E1+ F2+ A1\ G2+ @1/ A2+
8x8Trax_873281 Aphrodite vs. Adam : @0+ B1+ A0/ A3/ B3+ B0/ C1+ B0/ A2+ B0/ @6/ A7/ C0/ E3+ A3+ @3\ B4+ A7+ @2+ B5+ G4+ H3\ F6\ A5/ G6\ A3/ H1/ H7\ G8/ A6/ A8/ H8+
8x8Trax_873283 Aphrodite vs. Adam : @0/ A2\ B2+ B1+ C2+ B3\ C1/ B4/ A3+ C0/ D3\ C5+ E3\ C6\ F4\ A6/ C7+ @5\
8x8Trax_8732914 TallPaul vs. SnugglyBear : @0/ B1\ A2/ @2/ C0\ C0/ D3+ B1+ @3+ D4+ D5\ E5\ B6+ A6/ @4\ C7+ F7+ @4\ D8/ B6\ @4\ C7/ B7/ B2+ A1/ C8/ A8+ H1+ H8\
8x8Trax_8732915 SnugglyBear vs. TallPaul : @0/ @1/ A2+ A3\ C2/ B4/ C1+ A0\ @2/ A4+ E4+ F4/ E2/ D6+ F5+ A6/ G5+ B7\
8x8Trax_873291 Mike UK vs. Adam : @0/ A2\ B2\ B3+ B4/ @3+ @3/ B1+ A1\ @1\ C0+
8x8Trax_873304 snaP632 vs. HeatherN : @0+ B1\ A0+ @2/ B0+ A4\ B4+
8x8Trax_873312 Jump This vs. Adam : @0+ B1+ B0\ A3/ B3+ C1/ C0/ @2\ A1\ C1+ @1/ B3+ B5+ B6/ A4\ E3+ @5/ G1/ @5/ B6+ C7+ G4\ G5\ C8/ D8\ A7+ B3+ H7+ A2+
8x8Trax_873314 Not from London vs. Adam : @0/ A2\ B1/ B2+ A0\ @2+ C4\ D4\ A1+ @1\ E5\ F3/ G4/ C4+ G3+ G2/ F1/ C0+ H3/ G2/ H2+ G1+ E0/ G1+ B6/ D8+
8x8Trax_873323 sunbird vs. Adam : @0+ @1+ B2/ A0\ @1\ @1+ A0/ A4/ @4+ C5\
8x8Trax_873337 AWOL 27087 vs. Megababe : @0/ A2\ B2\ B3\ @1/ C1+ C0/ D3+
8x8Trax_8733460 Linda Sue vs. SnugglyBear : @0+ B1\ B0\ @2/ D2\ B3+
8x8Trax_873349 Jump This vs. Megababe : @0/ B1\ A2/ @2/ A3/ @3/ D2\ D3\ D4\ B0\ @3/ F5\ D0\ F7/ E7/ D6+ E8\ B2+ @3+ B1\ @3+ E7/ C6\ A4/ D7/ C7+ C8+ F8/ D8+ B8/ E1+ A8\ B7+ A7+ A6\
8x8Trax_8733727 Traxplayer vs. thebodywall : @0/ A2/ @1/ @1\ B0/ A3+ D2\ D1\ E2+ A1+ C0/ E4+ @2\ B0\ G3+ D0/ E2+ F7+ H3\ C0+
8x8Trax_873390 Aphrodite vs. Adam : @0+ @1+ B2/ A0\ @1+ C1/ B0\ B5/ A5/ @5/ A2+ @5/ C6\ @2\ A1\ C7\ @4+ @3/ E1+ F0+ B7/ A6+ H6\ H7\ H8\ B8+ G1/
8x8Trax_873399 JB vs. Adam : @0+ B1+ B0\ A3/ B3+ C3\ C2/ B4+
8x8Trax_873473 kdogtrainer vs. Rose : @0+ A2+ A0/ A0\ @1\ A2+ @1\ @1\ C0/ B0+ @2/ C5/ D6/ C6/ C7/ B5+ @4/ B6/ A5+ @4+ @4\ B2\ A2\ D7+ A1\
8x8Trax_873523 DEG vs. Isischylde : @0/ @1/ A2\ B2+ B0+ C1\ D1/ D0/ @2\ B1/ @3/ A4/ @2\ E5\ A1/
8x8Trax_873528 Misfit Lenrad6672 vs. Rude Misfit : @0/ A2\ B2\ A0/ B2/ C2/ C1/ C3\ D2/ @1\ A0\ @3/ A4/ A5/ B6/ B7+ @5/ A6+ @6+ D8+ G1/ H1/
8x8Trax_873529 MIA 28398 vs. Adam : @0+ B1+ C1+ @1+ @1+ F1+ @1+ @1+
8x8Trax_873530 Misfit Lenrad6672 vs. Rude Misfit : @0/ B1\ B2\ B3\ C3\ A3/ B4\ B5\ C5/ C6\ D6\ C0/ D2\ @3/ B5+ A5/ @4/ A6/ A7+ A8\ B8\ @5+ G1/ H2\ E7/ F8\ G6/ H6/ D1\ G4+
8x8Trax_873531 Rude Misfit vs. Misfit Lenrad6672 : @0/ B1\ B2\ C2\ A2/ A3/ @1\ D3/ A0/
8x8Trax_873532 Rude Misfit vs. Misfit Lenrad6672 : @0/ A2\ B1/ B0/ A4/ @4/ D2\ C3+ D0/ E3\ E4\ D5\ C6\ E5+ D6\
8x8Trax_873552 JB vs. Adam : @0+ B1+ B2/ A0\ B1+ C1/ C2\ B0+
8x8Trax_873591 ema_18 vs. Rogue Trooper : @0/ A2\ B2/
8x8Trax_873607 B Line electric streetcar vs. ema_18 : @0+ @1/ B2\ C1\ A3+ C2+ @3/ A4\ C4\ D3+ @2/ D5\ E4\ E5+ F3+ C6/ B5+ E6\ C7+ A5/ A6+ @6/ B1\ B0+ A2/
8x8Trax_873613 Morticia vs. MsDot : @0+ B1/ A2\ A3/ @3/ C0\ B5/ B1+ A2+ @2\ B1\ A1+ B0/ D5\ E5\ C1+ E3\ D1+ C0+ B7/ A7/ @5+ D0+ E1\ F3+
8x8Trax_873614 Morticia vs. MsDot : @0+ @1\ C1/ B0+
8x8Trax_873684 gladriel vs. derekaluk : @0+ @1\ B2+ A0/ B1/ C1\ C2+ D2/ B4\ C3+
8x8Trax_873701 Lyonsgirl vs. Morticia : @0/ B1\ A2/ @2+ A3+ A4\ B4/ @4/ A5/ D4\ D5\ C5+ @5\ F5+ D0/ G6+ F2\ E3\ G7/ G5/ A7+ H6+ A8/ C7\ A5\
8x8Trax_873702 curleyquenot vs. Morticia : @0+ @1/ B0+ C2\ B3\ @2/ D1/ E2\ C0\ B2+ D4\ @3+ @2/ D0/ B2\ G1/ F0\ H4+
8x8Trax_873744 curleyquenot vs. Morticia : @0/ B1+ @1+ D1\ D2\ A2+ @2/ A3/ D4/ D5/ C5+ D6/ D0+ F3\ D0+ B7\
8x8Trax_873771 Alko vs. Adam : @0/ B1+ A2\ B2+ C1/ A0/ @2/ B4/ A0\ @2/ E1/ E0+ F2\
8x8Trax_873778 gingershaz vs. Adam : @0/ A2\ A3/ B1\
8x8Trax_873781 snaP632 vs. HeatherN : @0+ @1/ C1+ D1\ B0+ A3\ C1+ B3+ C3+
8x8Trax_873816 MIA 28398 vs. Adam : @0/ B1\ @1\ C2/
8x8Trax_873830 ggil vs. Rogue Trooper : @0/ A0/ A3+ A4\ B4\ @1\ A0\ C6\ D4/ A6/ @5\ B7\
8x8Trax_873841 ggil vs. Adam : @0/ A2\ B2\ A3\ B1/ C1+ C0/ B1+ @2+ C4+ C0/ B1+ D4+ E4+ @2+ D6+ C0/ B1+ D1+ A0\ @2/ F7\ G4/ H6+ D1/ A4+ F3/ C7/ C8+ B5+
8x8Trax_873851 Rogue Trooper vs. CHESSCATJAY : @0/ A2\ B1/ B0\ B0+ C1/ B0+ A1/
8x8Trax_873862 DavidJ vs. Rude Misfit : @0/ B1\ A2/ @2/ B3\ C3\ C4\ D4\ D5\ E5\ E1/ F2\ C0/
8x8Trax_873876 DavidJ vs. Rogue Trooper : @0/ @1/ A0/ @2/ B3+ C1+ D3\ D4\ D1/ E2\ B4+ C0/ A1/ B6\ B0\ @2\ F6/ C8\ B7/ A7/ @5+ A8\ B1\ A2\ @5+ A7/ G1/ H2/ H8\ DRAW
8x8Trax_873878 DavidJ vs. maxine17 : @0/ B1+ A0\ B1+ @1/
8x8Trax_873916 Vacant 1884 vs. kdogtrainer : @0/ @1\ A0/
8x8Trax_873926 Absentee 10618 vs. kdogtrainer : @0+ A0\ @1/ B3\ B0\ C2/ C3\ D2/ C1/ C0/ D1\ E2+ D4\ E3\
8x8Trax_873928 WebbyDebi vs. Tolp : @0+ @1\ B0\ C1/ B3/ B0/
8x8Trax_873951 kdogtrainer vs. Eriisa MIA : @0+ B1\ B2+ A3/ @3/ C3+ C0\ D1/ D0/ A4\ @4/
8x8Trax_873990 WebbyDebi vs. DragonHeart MIA : @0+ B1+ B2/ A0\ @1\ D2+ A0+ @2\ B0/ E5\ D2\
8x8Trax_873993 Mighty Jo vs. Rogue Trooper : @0/ A0/ @2\ A3/ @2\ A3+ B4\ C4\ D3\ A1\ B0\ @3+
8x8Trax_874014 DavidJ vs. Alko : @0/ @1/ A0/ B1+ A0\ @1\ @1\ @1\ B0+ A3+ @3/ F1+ F0/ @4/ C5\ B6+ D1\ G0+ @6+ H7+ G8+ B3\ H8+
8x8Trax_874020 golfnutrof vs. Rogue Trooper : @0+ @1\ @1\ C2\ B2+ D1/ C0/ C0/ D2/ D1+ E2\ B5/ @4/ @4/ E6\ F6\ G3+ D7\ H5+ F7/ F0/ C1+ B2/ B6/ B7+ A7/ G2+ H3/ H8+ A8+ H2/ A2+
8x8Trax_874031 DavidJ vs. *Make Peace : @0/ B1+ A0\ @2/ B3/ A3/ C4/ A4/ @2+ A1\ @1\ A3+ B0+
8x8Trax_874044 Vacant 1884 vs. Rogue Trooper : @0+ A2/ A0\ @1\ A0/ @1\ B0/ @2\ B4\ @3\ F3\ G4/ H3\ G5\ E6/ B5/ E7\ F7\ D0\ C2+ E3+ A6\ C1\
8x8Trax_874139 Amanda vs. Vacant 1884 : @0+ @1\ A0+ C2/ B0/ D3/ @2/ D4/ D1+ A4/ B1\ @3/
8x8Trax_874198 Jump This vs. Vacant 1884 : @0+ @1\ C1\ A0+ C3/ D2\ B0\ A0/ B5/ @3\ B6\ C0\ D3+ E3+ @3\ G6/ F8+ B5/ A5/ @3\ C6+ C8/ B8/ A6+ H3/ H2/ H1/ B1\ A1+
8x8Trax_874219 Rogue Trooper vs. CHESSCATJAY : @0/ A2+ A3/ B1/ B0+ @1\ A0\ @3/ A4+ E4\ D5+ D6\ E5\ E2/ F2/ C7/ B7/ A7/ @4+ A3\ H2\ H3\
8x8Trax_874231 Nan54 vs. CHESSCATJAY : @0/ A2\ B1/ B0+ B3\ C2/ @2/ D0/ E1/ D4+ B5+ @4\ C1\ E0/ C7+ B2\ F1/ C0/ @5/ F1\
8x8Trax_874236 Nan54 vs. aussielady : @0+ @1\ B2+ C1/ B3+ C2+ C0/ B0/ B6+ D2/ B7+ C1+
8x8Trax_874285 Linda Sue vs. CHESSCATJAY : @0+ @1/ B0/ C2\ B3\ B4\ C3+
8x8Trax_874287 mocads vs. SweetCindyJo : @0+ B1\ B2/ A2+ @1/
8x8Trax_874296 Jump This vs. CHESSCATJAY : @0/ A2\ B2\ B3/ A3+ @3\ A4\ @3/ B5\ @3\ B2/ E1+ F1/ F0/ D1+ G1\ B1\ C0/ E7\ A3\ E8/
8x8Trax_874360 Nan54 vs. aussielady : @0/ B1+ A0\ @1\ A0+ D3\ B4/ C2+ B0+ C0\ D2+ E2\ @3\ B2\ G4+ C0/
8x8Trax_874434 ellieoop vs. Jump This : @0/ @1/ A2/ C1/ B3/ @2+ A0/ D1+ @3+ F1\ B4+ C5/ C6\ D0/
8x8Trax_874458 Jump This vs. blindfaith101 : @0/ B1\ B2\ B3\ C2+ D3\ C4/ D1/ D0/ E2/ A1/ C0\ @3/ A4/ G4/ G3/ G2\ E1/ D0\ C2\ F7\ F8\ H3/ H2/ F1+ B1+ G7\ H6/ G8+ H4\ H7\
8x8Trax_874517 Honeybear vs. goldfreckles : @0/ @1/ C1/ B2\ C2\ D1/ C0+ B4/ A0\ D4+ @2\
8x8Trax_874577 ejd vs. Rose : @0/ A2\ @1\ B0/ A1+ A3+ A0\ @3/ A2\ @3/ C0/ C6/ C0\ B1\ B0+ B4+ D3/ E6\
8x8Trax_8746224 DarkHoney vs. SnugglyBear : @0+ @1\ A0\ C2/ @1+ @1\ A0/ C1+
8x8Trax_8746225 SnugglyBear vs. DarkHoney : @0/ B1+ @1\ A0\ @1\ A0\ A4/ B0\ @5\
8x8Trax_8746226 DarkHoney vs. SnugglyBear : @0+ A0+ A3/ B3\ A4/ @2\ A5/ C2/
8x8Trax_8746227 SnugglyBear vs. DarkHoney : @0+ B1+ A2\ B0/ C1+ C0+ A2+ A1\ D3\ C4\
8x8Trax_8746228 DarkHoney vs. SnugglyBear : @0+ B1+ A0+ @1/ @1\ A0\ B4/ A4/ A5/ @3+
8x8Trax_8746229 SnugglyBear vs. DarkHoney : @0/ A2+ B2\ @2\ C0/ B1\ D1\
8x8Trax_874623 Jump This vs. RazzleDazzleRedhead : @0/ A2+ A0\ @2/ A1+ A0\ @2+
8x8Trax_874668 AWOL 24776 vs. Honeybear : @0/ B1\ @1/ B2\
8x8Trax_874720 twinkie vs. Jump This : @0/ A0/ @2\ C1+ D1/ C3/ D0\ A2\ C1+ B1\
8x8Trax_874729 Aphrodite vs. Adam : @0+ B1+ B0/ @2+ C3\ D1/ E1+ E0/ D1+ F2+ G1\ @3+ B2/ H0+
8x8Trax_874733 klaashaas vs. cu -rd : @0/ A2\ B1/ B2\ C1\
8x8Trax_8747478 birddog856 vs. Traxplayer : @0/ @1/ B2/ A0\ @1\ D2+ D4/ E2\ E5/ F5+ F6\ G4/ F7\ G7\ H4/ F8+ D6\ H3+ G2/ G1/ H7\ C6\ B4/ B8+ A7+ DRAW
8x8Trax_874757 Misfit Lenrad6672 vs. CHESSCATJAY : @0/ A2\ B1/ B0/ B0\ A1\ @1+ @1/ A2/ D0/ A4/ E2/
8x8Trax_874760 kdogtrainer vs. Adam : @0+ B1+ A0/ A3/ B3+ A0\ @1\ D2/ D1/ B0\ A1\ A0\ @1\ A0\ B0\ @5/ A6/ @5+ C6+ H5+ B7/ B1/
8x8Trax_874762 Aphrodite vs. Adam : @0/ A2+ @1/ B3+ C2\ @1\ B0+ A1+ A0\ B5/ A4+ @4/ B5/ F4\ E6\ F2/ E1\
8x8Trax_874793 **YANKEE ROSE*JR FRANK PAB vs. Adam : @0/ B1\ A2/ B2+ A3\ B3\ A0/ A0\ C4\ @2\
8x8Trax_874805 klaashaas vs. Vacant 1884 : @0/ A2+ B1/ C1+ C0/ C0/ B1+ D1+ C0/ @4/ A6\ B3+ @3+ B7\ G3+ G5/ H5+ E6+ C2\ E0+ H4+
8x8Trax_874846 cheekystag vs. Adam : @0+ B1+ B0+ @2+ D2\ D3\ D1/ E1/ D4+ E3+ F2+ F1+ G1/ D0+ E5+ D6/ G3\ H3+ G1\ C7/ B7+ C0/ B2\ B1\ A2/ A5+ A6+ E7+ F5+ F7\ D8+ H5+ H6\ H7+
8x8Trax_874849 Antony the Cookie vs. Adam : @0/ A2\ B2\ B1+ A0/ B4\ @2/ D3+
8x8Trax_874850 Aphrodite vs. Adam : @0+ @1+ B2/ A0\ @1+ B4/ A3+ B0/ C1/ C0/ @5+ A6/ A7+ @6\ A5\ F2+
8x8Trax_874868 Phil The Hat vs. Vacant 1884 : @0/ A2+ A3/ @2+ A1\ B0/ A5\ @2+ A4+ D4\ D3+ D5\ D6\ @5\ F3/ B1\ C0\ D0+ G3/ F2\ G6+ @7/ B8+ A6+ A8+
8x8Trax_874869 blondie vs. Phil The Hat : @0/ A2\ B2\ A3\ @1/ @3+ C4+ B5\
8x8Trax_874876 Misfit Lenrad6672 vs. Vacant 1884 : @0/ A2+ @1\ A0\ @1\ C4\ D2/ D5/ A3/ @3/ F3+
8x8Trax_874877 blondie vs. Misfit Lenrad6672 : @0/ A2\ B2\ B3\ @1/ A0\ @1\ D2+ B0+ E4+
8x8Trax_874887 FujiTape vs. Adam : @0+ B1+ A2\ A0\ B1+ C1/ C0/ D1/ B0\ C4+ E4\ D5+ @4/ @3\ B2+ A2+ B1/ D0+ D0\ G2/ F1\ H4/
8x8Trax_874906 Phil The Hat vs. Adam : @0/ B1\ B2\ A2+ A3+ @3/ A2+ @2+ A1\ A0\ D1+ E1/ C0\ A1\ F4\ C0+
8x8Trax_874907 Phil The Hat vs. Adam : @0/ B1\ A2+ @1/ C2\ D2\ B0+ C4+
8x8Trax_874929 Tigger vs. Adam : @0/ A2+ B2\ C2\ C3\ D3\ C4/ C5/ B5/ D6\ E6\ E1+ E0/ B0\ A1\ @3/ B7+ A6/ @5\ A2\ @2+ A1+ B7+ A7/ C8\ H7+
8x8Trax_874933 MIA 28398 vs. Adam : @0+ B1+ A2+ @1+ C2+ D1+ C3+ E1+ C4+ @1+ D5+ @1+ @1/ A2/
8x8Trax_874976 bubbly vs. JenJen : @0/ A2+ @1\ B0/ C3\ B4/ D2/ B5\ E3\ E4\ F2/ D5+
8x8Trax_874984 Shosie vs. JenJen : @0+ B1+ @1+ D1\ C2+ @1/ C2/ B3\
8x8Trax_875001 OkMeR vs. klaashaas : @0/ A2\ B1/ @2\ @2\ B0+ B0/ C0\ A2+ E4/ A0\ @2/ E6+ D1+ @4+ B6+ C7+ @3/ B2+ C1+ E8/ G7+ DRAW
8x8Trax_875049 IRISH vs. Adam : @0/ B1\ A2/ B2+ C2\ C3\ D3\ D4\ E2/ E1/ C1/ C0/ @2\ B1+ A1+ B0+ E1/ @3+ E7+ H6\ H7\ F8/ B6+ E1\ A2+ A6+ B8/ A8/ H2/ H1+ B1\
8x8Trax_875053 daffyANGEL vs. Adam : @0+ @1+ B2\ C2+ D1/ C0\ A3+ E2\ D3+ C4/ B5+ @3\
8x8Trax_875057 Barbie vs. Adam : @0+ B1+ A0+ C2+ A0/ @3+ C1\ C4\ D2/ E3+ B4+ F3+ E4+ C0\ A2\ E1/ E0/ F4/
8x8Trax_8751101 davs.ebamse vs Traxplayer : @0/ @1/ A2+ C1+ D1/ D0/ B1+ E1/ D3+ @3\ D0\ G4+ G5\ F6/ E5+ @2\ C1+ G0+ H1/ H0/ A3\
8x8Trax_8751102 Traxplayer vs. davsebamse : @0/ @1/ A0/ B1+ @2+ A3/ A4+ C3\ D1\ B4+ C5/ D4+ E2+ C0\ @3+ A1+ C0/ E2+ F3+ G4\ F7+ D8/ B7+ G3/ H3+ G1/ H1+ DRAW
8x8Trax_875150 Buz vs. mcinturff : @0+ A2\ A0/ B1/ B0/ @3\ @3/ A4/ E2+
8x8Trax_875186 geneoo vs. spitfire : @0/ A2\ B1/ B0\ A1\ A0/ @3\
8x8Trax_875193 csain1 vs. Adam : @0/ B1\ A2+ @1/ @2\ B0+ C0\ B0/ A2+ @1/ @4\ C6\ F5\ E6+ B5+ G5\ G7\ H7+ F8/ D7+ F2\ C7+ A3\ D8/ G1/ H4+
8x8Trax_875256 DavidJ vs. ema_18 : @0/ A2\ B2\ B3\ B1/ C1/ @2+ D2\ E2\ E1+ E0/ D1\ F2+
8x8Trax_875278 TaUrUsRoSe vs. Adam : @0/ B1\ C1/ A2\
8x8Trax_875386 Aphrodite vs. klaashaas : @0+ @1+ A2+ @1+ A2+ @1+ B0/ C4\ D3+ E2+ F2/ F1/ D0/ G2+ H3/ H4+
8x8Trax_875410 DINGEROO vs. Honeybear : @0+ B1/ B2\ C2\ A2+ A3+ @3/ C0\ B1\ A5+ @5\ B1\ B0+ A1+ B0\ @3+
8x8Trax_875457 STrek vs. Kiki : @0+ @1\ C1\ A0/ B3+ B4/ A4/ @4\ A3\
8x8Trax_875460 klaashaas vs. Aphrodite : @0/ B1+ C1/ C0+ B0/ A2+ D1+ @3+ A4/ B0\ A1\ @1\ E5/ B6/ F3\
8x8Trax_875503 STrek vs. Kiki : @0/ B1\ B2\ A2+ A3/ C2\ D2\ @3/ @3/ D4/ B4+
8x8Trax_875575 FujiTape vs. cheyenne MIA : @0/ B1\ A2/ @2+ C2\ C3\ C4\ D4/ @2\ E3/ E2+ D0/ F5\ F6\ C5/ D6+ E7/ E1/ F3/ G4\ C6+ E0+ G7+ C2+ F2+ G2/ H5+
8x8Trax_875665 StackMaster vs. klaashaas : @0+ @1+ B2\ @1+ C0/ D1/ D0/ E1/ E0/ F1/ F0/ G3\ H2+ H0+
8x8Trax_875673 JenJen vs. Meltdown Monkey : @0+ B1\ @1\ A0\ A0+ @1/ C4+ A4/ @4/ A2/ D5/ B5\ @4\ @4/ A5/ B6/ B7/ A7/ @6/ F7\ E8/ D1+ F8\ C3\ D8/ C8+
8x8Trax_875698 Misfit Lenrad6672 vs. StackMaster : @0/ A0/ B1\ A3\ B2+ C2\ B3\ C3\ C4/ B4/ @2/ B4/ C5/ B5/ B6/ A5/ @4/ F3\ A5/ B6/ B7/ A7/ A8/ @5+ H3/ H2/ B3+ G1/
8x8Trax_875714 blondie vs. Misfit Lenrad6672 : @0/ A2\ B2\ B1+ A0/ C3+ C4\ B4+ @2+ C5\ E3+ D5+ F3+ @2/ A3/ @3\ A2\
8x8Trax_875722 Misfit Lenrad6672 vs. Rude Misfit : @0/ A2/ A0\ @1\ A2+ A4\ @1+ A0\ B1+ A5/ @3\ B6\
8x8Trax_875725 Rude Misfit vs. Misfit Lenrad6672 : @0/ A2\ B1/ @1\ A0\ C1/ B0/ D3+ D4\ D5+ E5\ E4+ E6/ A1+ @3\ B5/ B6/ B0/ G7/ C1+ D1/ D0/ E1/ F4+ A4+ A6+ F3+ G4\ H4\ G2/ G1/
8x8Trax_875726 Uncle Chuckie vs. Misfit Lenrad6672 : @0+ @1/ @1\ B0/ C3/ A3/ @2\ E2\ C4/ A3+ E4\ C5/ F4/
8x8Trax_875727 Misfit Lenrad6672 vs. Uncle Chuckie : @0/ B1+ A0\ @2/ A1+ D2\ B3/ A0\ @2/ @2/ A3/ A4/ C5/ B5/ B6/ @3/ A4/ A5/ C7/ D8+ B6/ F2/ E1+ H3\ B7+ F1+ A7+ DRAW
8x8Trax_875765 blondie vs. STrek : @0/ A2\ B2\ B3+ C3+ @2\ B0\ C5+ E4+ C6+ C2+ D2/ E5\ C1+ E6/ A5\ F4+ C7+ C8\ D8\
8x8Trax_875766 STrek vs. Meltdown Monkey : @0+ @1/ A0/ C2\ A3/ @1\ C0\ D5+ D1/ C0\ E4/
8x8Trax_875768 STrek vs. StackMaster : @0/ A0/ @2+ B3/ C3+ D1/ C0\ E2+ @3+ G3/ G4+ D5\ @3+
8x8Trax_875808 doc harley vs. ROCKY MIA : @0+ A2+ A0/ @2/ C3\ A1\ @2\
8x8Trax_875815 blondie vs. kdogtrainer : @0/ A2\ B2\ B3\ @2\ @1\ A0\ E4/ C1+ A0\ D3/ E3/ F3/ G4\ G5\ G6\ D6+ H6\ D1+ G7\ D0\ B8/ A8/ B2/ A1\ A5+ H8+ G3+ H2/ H1/ C1\ E1+
8x8Trax_875824 STrek vs. Cindy MIA : @0+ @1+ @1/ A2/ A3+ @2+ A3+ E1+ @2/ G1\ B4+ F2+
8x8Trax_875832 DavidJ vs. maxine17 : @0/ B1/ @1\ D1+ A0/
8x8Trax_875928 firefly vs. derekaluk : @0/ B1\ A2/ B2+ B0/ @3/ D2/
8x8Trax_875944 BrnIdGirl vs. Adam : @0/ B1\ A2+ B2+ B3\ A0/ @2/ D2/ B4+ D4\ E2/ C5+
8x8Trax_876107 SweetCindyJo vs. mocads : @0/ B1\ B2\ C2/ C1/ C0/ B4/ A4/ B1\ @3/ B5/ @3/ B5\
8x8Trax_876125 Tactician vs. Goonerg : @0/ B1\ A2/ B2+ @1\ A0\ A0\ B2+ C2/ D2/ A0\ @1\ @5\ A2+ G3/ F5+ H3/ C0+ F0+
8x8Trax_876250 WebbyDebi vs. DragonHeart MIA : @0+ B1+ A0/ A3/ @3/ @3+ A4\ @3+ C1+ @3\ F3+ B2+ E5+ G4/
8x8Trax_8764756 birddog856 vs. Red Panda : @0/ A0/ B1/ C2+ A3/ D1\ E1\ D3+ F3/ @3/ A4/ @4/ A5/ F6\ G6\ D0/ D8+ H2+ H5+ DRAW
8x8Trax_876510 Plasmid vs. JenJen : @0+ B1\ B0/ C2\ A3\ A1\ B0/ C1\ B4+ D4\ D5\ @3/ B5/ @2\ A1\ @1/ A2+ H5+ G2\ H6/ D1+ C0/ D0\
8x8Trax_876535 Honeybear vs. Madsen : @0/ A2\ B1/ B0/ A4/ @4/ C3\ D2/ C0+ D2/ D0/ E1/ C7\ D6/ E5+ E4+ F4/ A3\ @6/ D8+ F6+ F7+ G5\ H4/ F8\ B2+ A2\ B1+
8x8Trax_876718 firefly vs. windbreaker : @0+ @1\ A0\ C2/ B0+ @2\ A0+ E2/ C5/ E1\
8x8Trax_876782 FujiTape vs. nursestary : @0/ A2\ B1/ B2+ B3\ C2/ D2/ C1/ D1+ D0/ E1/ B5/ A4+ A5+ @5/ E0\ D2+ A2\ B1/ A4/ @4/ H2+ E1+ B1\ B0/
8x8Trax_876783 FujiTape vs. Stinger : @0/ A2+ B1/ A3+ A4\ B4\ C2/ B5+ C4\ D2/ @3/
8x8Trax_876784 FujiTape vs. immitzi : @0/ @1/ B0\ @2\ B1+ @2+ @2\ B3/ A1/ @2\ C1/ F3\ G2/ E4/
8x8Trax_876804 spitfire vs. *Rosie* : @0/ B1\ B2+ B3/ A2/ @2/ C0/ A4\
8x8Trax_876893 Nan54 vs. aussielady : @0/ A2\ B2\ B3+ C2/ B1+ B0/ C2/ C1+ D1/ @3+ C5+ @4/ A5/ A3+ A6\ B6\ C7+ E5+ C8+
8x8Trax_876895 * Sassy_Angel * vs. superkaempe the gentle giant : @0/ A2\ B1/ C1/ B2\ C2\ D1/ E1/ D2\ E2\ F2\ G2\ @1+ A2+ B3/ A3/ B0\ A1\ C5\ C6+ C7\ D7\ D8/ C8/
8x8Trax_876907 Whistler Gandalf vs. Logged Off 6467 : @0/ A0\ @2/ B0/ C1/ C2\ D2/
8x8Trax_877045 mcinturff vs. SarahMills : @0+ B1\ B2/ @1/ B2/ B3\ A3\ B4\ @3\ C5\ D5/ D4+
8x8Trax_877054 hayleesam vs. mcinturff : @0/ B1+ A0\ @1\ B3/ A3\ @3/ A4/ B0+ A2\ @1\ A4\
8x8Trax_877071 Jump This vs. Vacant 1884 : @0+ @1\ B2+ B0+ C1/ @2\ B0/ C5\ C6\ A4/ @3\ E5+
8x8Trax_877097 DIRKSTRA vs. klaashaas : @0/ B1/ C1\ B2/ A0\ @2/ D3+ B3+ A1+ D4/ @1\ D0\ E2+ B1+ F2/ @3\ H2+ B4/ C5+ B0\ A2+ G6+ H2/ H1\
8x8Trax_877144 Nan54 vs. DINGEROO : @0/ B1\ B2\ C2/ D2\ D3\ B0\ C4/ D5+ A4/ A5/ @5+ A6/ F3+ @1\ B0+ @2+ B1\ H3/ G1\ B7+ A7/ A8/
8x8Trax_877152 hayleesam vs. mcinturff : @0+ @1+ B2/ A0\ @1\ D2\ D1/ E1/ D4\ E3+ F3\ C0+
8x8Trax_877243 cheyenne MIA vs. JenJen : @0+ B1\ A0\ @2/ A3/ B4/ @3+ A4/ A5+ @5/ @5+ @5\ C4+ C6\ D6+ C2+ B2+ D7\ E6+ F5+ H3/ A3+
8x8Trax_877268 SarahMills vs. mcinturff : @0+ B1+ A0/ A3/ B3\ B4/
8x8Trax_877302 klaashaas vs. DIRKSTRA : @0/ B1\ A2/ @2+ @1/ B0\ C0\ D2+ D0\ @5\ F3\ E0+ D2+ F3+ G4\ G2+ B4+ H4+ G5\ E0\ H2+ D8+ F7/ D2+ F1+
8x8Trax_8773316 davs.ebamse vs Traxplayer : @0/ @1/ A2+ C1\ C2\ B3/ @2\ @2\ A3\ F1+ C0+ G2\ E1+ C0/
8x8Trax_8773317 Traxplayer vs. davsebamse : @0/ @1/ @1/ B2+ D1\ @2\ C3/ D0/ @4/ A5/ A1\ @3\
8x8Trax_877379 firefly vs. rockdude : @0/ B1\ A2/ B2+ B3+ C2/ A0/ C4\ D4\ B5/ @2+ B0/ @2/ @3/ B4+ B5/ A5/ F0/ G2+ H2/ H5+
8x8Trax_877399 arthur vs. HeatherN : @0/ B1+ @1\ A0\ A0\ B4\ B1/ B0/ B6/ A6/ @4\ D5+ E4/ E5+ B7/ A3\ @4/ A6/ G1/ G0/ @6/ B8+ H5\ D2\ D1\ H6\ C3\ E1+ G7/
8x8Trax_877417 Kevin vs. klaashaas : @0+ @1+ A0+ @2+ B3+ D2+ D1+ E2+ E3+ F2+ C0/ @3+ D4\
8x8Trax_877419 Kevin vs. klaashaas : @0+ @1+ A2+ @1+ B0+ @2+ A3+ @2+ A1+ @2+ D4/ G2+ C1/
8x8Trax_877472 Nancy vs. Misery Midnight : @0/ B1\ A2/ @2/ @2/ @2\ A3\ @3/ E0/ B1\ A5+ B0/
8x8Trax_8775201 jazzbeth vs. TallPaul : @0/ @1/ B2/ A2+ @1+ C0/ @2+ C4/ D0\ E3+ F4/ G3\ H4/ F5+ C6/ G2+ F1/ G0\ E0+ H2/ H1/ A4\ C3+ B7+ A3+ C1+ E8+ F8\
8x8Trax_877547 kdogtrainer vs. Cindy MIA : @0+ @1+ B2/ B0/ C1/ D1+ A1+ B0\ B0\ A1\ A0\ @3+
8x8Trax_877548 kdogtrainer vs. Vacant 1884 : @0+ @1/ @1\ A0\ @1/ D3+ E2/ C1/ C0/ F3+ D5/ B5/ B6/ A3/
8x8Trax_877582 DIRKSTRA vs. Rand al*Thor : @0/ B1+ A0\ @1\ A0+ @1/ @2/
8x8Trax_877590 twodawgs vs. spitfire : @0+ A0/ B1\ @1\ A0\ @1\ C4\ B4/ D4/
8x8Trax_877604 Misery Midnight vs. Nancy : @0+ A0/ B1\ B2\ C1\ B0\ A4\ B4\ C3\ D3+ D4/ @4/ A5/ A2+ A6\ B5+ D6\ E5+ E0/ F2\ F6\ F7\ E8\
8x8Trax_877609 Geri39 vs. Goonerg : @0+ @1+ B0/ B0\ C2\ A1/
8x8Trax_877618 el cielo es gratis vs. Goonerg : @0+ B1/ A2+ A3\ @2+ B0\ C3+ D3+ E3+ F3+ C5\ D5/
8x8Trax_877623 Aphrodite vs. Goonerg : @0+ @1/ B0+ C1/ C0+ D1\ A1+ C3\ C4\ D4\ E3\ C5+
8x8Trax_877625 Lavender Ashes vs. Goonerg : @0+ @1/ C1/ A0/ @2/ C3\ C4\ B0/ @3/ @3\ A2\ A5/ @5+ B6\
8x8Trax_877626 Aphrodite vs. Goonerg : @0+ B1\ A0+ @1\ A0+ @2\ D1+ B0/ E3+ @3/ A4/ D5\ B4+ F5\ G4/ E6/
8x8Trax_877631 Sista vs. garfield : @0+ A0+ A3/ B1\ C1\ @2\
8x8Trax_877661 ema_18 vs. Goonerg : @0/ B1+ C1\ B2+
8x8Trax_877663 The Pampered Cricket vs. Adam : @0+ B1+ @1+ @1+ C0/ D3\ E2/ C3/ D4\ F2/ D5/ C5/ @2/ G5\ H4/ E6\
8x8Trax_877681 Lukie vs. Goonerg : @0+ @1/ A2\ C1\ A3+ C2/
8x8Trax_877689 *Make Peace vs. Goonerg : @0+ @1/ @1+ B0/ C3\ D3\ B0/ D2+ @2+ A3/ A4/ A5/ F3+ E5/ B6+ C6+ B7/ E6\ F6\ G6\ @2\ F7+
8x8Trax_877716 Misfit Lenrad6672 vs. Vacant 1884 : @0+ @1\ @1/ B2\ A2+ A3+ @2\ E1/ E0/ A1/ B5+ C0+ D0+ D0/ F2/ F1/ G1/
8x8Trax_877717 blondie vs. Misfit Lenrad6672 : @0/ A2+ @2\ B3\ C3\ D2\ B0+ D4+ D5\ C1/ A0/ @3+ @2\ A1+ C0/ F3/ G3/ B5/ B6/ B7/ E8\
8x8Trax_877718 Misfit Lenrad6672 vs. Goonerg : @0/ B1\ A2/ B2+ C2\ A3/ A4/ @3+
8x8Trax_877719 blondie vs. Goonerg : @0/ B1/ A0+ C2/ B0+ B0/ A2\ @4/ A5\ B0/ C6/ A1\ A0\ @4\
8x8Trax_877743 Goonerg vs. gingershaz : @0/ B1\ A2/ B2+ A3/ A4\ C1/ @2/ C0/
8x8Trax_877775 Gone with the Wind 6791 vs. Rogue Trooper : @0/ B1\ C1/ B2/
8x8Trax_877778 Goonerg vs. rebelyell : @0/ A2\ B1/ B2\ C2/
8x8Trax_877829 Goonerg vs. streep : @0/ A2\ B1/ B0+ B3+ C3\ D3\ D4\ D5+ E3+ A5/ @5+ C6/
8x8Trax_877833 Goonerg vs. dragon : @0/ B1+ B2/ A2/ B0+ @3+ B4/ @3+ E2/ A2+ E4\ @2/ G2\
8x8Trax_877844 Goonerg vs. Withacee : @0/ B1\ B2+ B3\ C3\ @1\ B0\
8x8Trax_877859 shaper vs. Whistler Gandalf : @0+ @1/ C1+ A2\ B2\ C0/ B4/ A4+ C0/ D2\ D4/ C5+ @3\ B2+ A2+ A1\ C0/ @3+ G3+ @3+
8x8Trax_877864 Goonerg vs. chattytea : @0/ B1\ A2/ @2/ A3\ B3+ C2\ D2\ D3\ @1\ D4+
8x8Trax_877887 Goonerg vs. Camel680 : @0/ B1\ A2/ @2+ A3\ C2\ D2\ C3+ B4\ @2\ C0+ D1/ D5+ E1/ F1/ D0+ C0/ B1+ F1/ F0+ G3/
8x8Trax_877896 Goonerg vs. xshadow : @0/ A2\ B1/ B2+ A3/ B0+ @4\
8x8Trax_877905 Logged Off 6467 vs. Whistler Gandalf : @0/ B1\ A2/ @2/ B3\ C2+ C3\ C4+ D1/ D3\
8x8Trax_877951 shaper vs. Whistler Gandalf : @0/ B1\ A2+ B2+ A3/ @3+ C3\ B4+ C4+ C5\ C6\ @3+ A2+ @3+ D6/ E7\ C5\ B5\ E0/ F2\ G3/ F5\ F6\ G1+ @4/ A6+
8x8Trax_877980 Goonerg vs. Tigger : @0/ B1\ A2/ @1\ B0\
8x8Trax_878012 anita vs. heidibb : @0/ B1/ A2+ A3/ C2/ B0/ D3+ C1\ @4+ C4+ C0+ C6/ C0/ @6/ @6+ B7\ D7/ C8\
8x8Trax_878016 Goonerg vs. jada belle : @0/ B1\ A2/ B2\ B3/
8x8Trax_878076 derekaluk vs. firefly : @0/ B1\ @1\ B2\
8x8Trax_878095 derekaluk vs. gladriel : @0/ B1+ B0\ A3\ @2/ C3+ B4\
8x8Trax_878111 HeatherN vs. derekaluk : @0/ B1\ B2\ C2\ C0/ C4/ D1/ B4+ A4/ @3/ A4+ A5\
8x8Trax_878115 MountainMist vs. JenJen : @0+ B1/ C1\ C2\ @1\ B0+
8x8Trax_878126 firefly vs. derekaluk : @0/ B1\ A2/ B2+ C2\ B3/ A3/ A4/ @1\ A0\ @3\ A2+ D1+ @3\
8x8Trax_878157 astyr vs. Megababe : @0+ @1/ @1/ D1\ D2\ E2\ E3\ F1\ D4+ C0/ B1+ F4\ E6\ @4+ D6\ F7\ C0\ C8/ A2/ @4/ C8/ G1+ A7+ A8/ A2+ H7+
8x8Trax_878161 Adam vs. MountainMist : @0+ @1\ A2/ @2/ A3+ @2\ A1\ E1/ C0\ @1\ B0/ A4\ F4\ G3/ C1/ D6\ F6\ G5/ H3+ H4+ D0\ A2+ D0+ C1+ G8\
8x8Trax_878219 Misery Midnight vs. golfnutrof : @0+ B1\ @1\ B0/ @2/ B3+ C3\ A3/ E2\ B4+
8x8Trax_878297 arthur vs. SweetCindyJo : @0/ A2\ B1/ B2+ A0\ @2/ C0/ D2\ B0\ A2+ A1+ A6/ @1/
8x8Trax_878312 Nan54 vs. DINGEROO : @0/ B1\ A2/ B2+ B0/ C1/ C3\ D3\ C4/ B4/ D0/ E1/ E5\ E6+ E7/ D7/ C6/ E3+ C7+ F2/
8x8Trax_878359 Misery Midnight vs. golfnutrof : @0+ @1\ A2/ @2+ @2\ A1\ @1\ A0\ @1\ A0\ @1\ C0/ D1/ B0\ A7/ @7+ D0\ F8+ H3/ C1+
8x8Trax_878416 Patrick vs. Rogue Trooper : @0+ @1\ C1\ D1\ B0/ D3\ D4+ E3/ A3+ B0/ E3/ E2/ F3\ @5\ D6\ A1\ G4+ @3\
8x8Trax_878454 Honeybear vs. goldfreckles : @0/ @1/ B0\ A1\ @2/ D2\ D3\ D4+ D5/ C5/ C6/ B6/ B0+ E4\ A5+ @6\
8x8Trax_878456 Misery Midnight vs. MsDelete : @0+ B1\ C1/ C0/ D1/ C3\ D3\ E3\ @2\ F2/ A3/ G3/
8x8Trax_878477 Misfit Lenrad6672 vs. Rose : @0+ @1/ B2\ B3\ C2/ D2/ C1/ D1+ D0/ E4\ E5\ A5/ @5/ F1+ G2/ G3+ D1\ D0\ E6/ F7\ A5\ @5\ B3\ D2\ A6/ C7+
8x8Trax_878478 Misfit Lenrad6672 vs. Rude Misfit : @0/ @1/ B0\ A1\ @2/ @2/ A3/ E3/ @3\ C4/ C1\ F5/ A2+ A1\ @1\ A0\ D0+ @4\ D6/ H3+ F7+ B5+
8x8Trax_878479 Rude Misfit vs. Misfit Lenrad6672 : @0/ B1\ A2/ B2+ C2\ A3/ D2\ @2/ E1/ F1/ C0/
8x8Trax_878496 Goonerg vs. three horses : @0/ A0\ @2\
8x8Trax_878563 Jump This vs. ellieoop : @0+ B1\ B2\ B3\ @1\ C0+ A4/ @4+ B5\
8x8Trax_8786066 dgb vs. Traxplayer : @0/ @1/ B0+ @2+ A0/ C4\ D2\ @2+ @2\ C0+ E2+ C0/ C0/ G5\ @3+ C2+ B6/ A6+ E8+ H4+ E2+ D8+ G2/ H1\ B8/
8x8Trax_878657 Goonerg vs. Rebel Rider : @0/ B1\ A2/ B2+ B3\ A4/ @4/ C5\ D5\ D6/ A1\ A0\ @4+
8x8Trax_878727 Sista vs. garfield : @0/ B1\ A0/ B3/
8x8Trax_878784 Chef Jeff 1 vs. Absentee 1571 : @0+ B1/ B2\ C1/ B0+ B0/ C0/ D2\ A5+ A6/ @6/ B7/ B8/ @6/ A7/ A4+ @5+
8x8Trax_878847 Logged Off 11019 vs. Arctic Warrior : @0+ B1+ A2\ B0/ C1+ @3\ E2/ F2\ D3+ E0/ B2\ F2/
8x8Trax_878922 cu -rd vs. klaashaas : @0+ @1+ B0\ A3/ C2\ @3\ A2\ A0/ B1+ @1\ B0/ A5/ @5+ C6/
8x8Trax_879083 Absentee 25703 vs. Megababe : @0+ @1/ @1\ B0/ B3/ D1\ @3/ A4/ D0/ @4+ A2/ @4\ E1+ E0\ D1\ E6\ E7\ D0\ @1\ H3+
8x8Trax_879094 Arctic Warrior vs. blindfaith101 : @0+ A0/ A3\ B3\ C2\ C3\ D1/ C0\ E3/ A5/ @5/ A2\ A1\ B1+ D6\ E6\ G5\ H5\ H6/ E7/ C7/ E8\ F8+ B7/ F2+ G2/ F1\
8x8Trax_879099 Lleuwana vs. Arctic Warrior : @0/ B1\ C1/ B2/
8x8Trax_879120 OkMeR vs. klaashaas : @0+ @1+ B2+ C1+ B0+ D2+ B0+ @3+ @3/ A4/ @4\ B2+ A2/ B1/ C2/ F2/
8x8Trax_879123 Phil The Hat vs. Vacant 1884 : @0/ B1+ C1+ A2/ C2+ C3+ D2/ E2/ E3+ E4\ F2/ F5/ F0/ G1/ F0+ G4\ H4\ F8\ G8+ G6\ H7+ D7/ E8+ D8+ H6+ H8+ H1+ A2\ A1\ C8+ B8+ A8\ B2/ C1\
8x8Trax_879160 kdogtrainer vs. blindfaith101 : @0+ A0\ A3/ @1\ @1+ B0/ C1+ C0/ D1/ E1+ E0/ F4\ F5\ F2/ G2/ D6\ C7+ D7+ D8\ B7/ @4+ B3\ B2\ C1/ H5\ G6\ F7+ B7+ C8/ H6\
8x8Trax_879186 Goonerg vs. Nanna K : @0/ @1\ B0\
8x8Trax_879188 Phil The Hat vs. Nanna K : @0+ B1/ C1\ C2\ C3\ B0+ B4/ C5\ D4+ E4+ E2/ F4\ D1/
8x8Trax_879264 Jump This vs. RazzleDazzleRedhead : @0/ A2\ B1/ B0/ A0/ B4+ C4\ D3\ C5/ D1/ E2\ A5/ @4/
8x8Trax_879463 Misfit Lenrad6672 vs. hhornet MIA : @0+ A2\ A0/ B3\ C3+ A4/ @4/ D0\ D5+ B6/ A6/ D7+ E7\ @5+ B4\ A4\ E8+ B8+ @5\ B2\ A2\ C1/
8x8Trax_8795838 birddog856 vs. thebodywall : @0/ B1\ B2\ C2+ B0+ C4/ D2/ C5\ D5\ E5/ E4\
8x8Trax_879606 Phil The Hat vs. Rebel Rider : @0/ B1\ B2+ A2+ B3\ A3+ @3/ A4/ B0\ A1\ @1\ C0/ D1/ E1/ A6/ F3\ B7+
8x8Trax_879610 blondie vs. Sista : @0/ B1\ B2\ A0/ @2+ D2\ D3\ @1/ F3\ G2\ B0+ B0/ G5+ @3\ H6/ F7+ F2\
8x8Trax_879615 Ali vs. Megababe : @0+ @1/ @1\ A0\ C1+ D2\ D3\ E3\ @1\ E4+
8x8Trax_879618 Chad vs. Rude Misfit : @0/ @1/ @1/ @1/ B2+ D0/ B4/ B5/ E1/ E0/ E0+ F2\ E0/ F1+ G3\ @4+ B1+ H4+ G6+ G7\ H2+ H1+ A7+ F8+ H7\
8x8Trax_879619 Rude Misfit vs. Chad : @0/ @1/ C1/ B2+ A3\ D2\ D3\ B4/ E1\ C0/ F1\ B0+ C0\ @6+ A2/ F7\ F8\ B8\ A1\ F6/
8x8Trax_879650 Megababe vs. AWOL 27087 : @0/ B1\ A2/ @2\ C2\ C3\ A1\ A0\ @3/ A4/ D5\ A5\ B5+ D6+ E4+ C7/ @4/ B6/ B7/ G2/ G1/ @5/ A6/ B8/ A4+ F1/ H4\ H6/
8x8Trax_8796722 rogerrabbit vs. robertst :
8x8Trax_879679 Ali vs. Megababe : @0+ A0/ A3\ B2\ B3+ C3\ C4\ D3/ C2+ C0+ E4/ E3/
8x8Trax_879681 blondie vs. Phil The Hat : @0/ A0+ A0\ @2\ A1+ @1\ A2+ C0\ D3\ B0/ D2+ E3/ E4+ F4+ F5\ D6/ G4+ @4/ B6/ B7+ A6+
8x8Trax_879840 paganje vs. Isischylde : @0+ B1\ C1/ @1/ C0/
8x8Trax_879847 paganje vs. Isischylde : @0+ B1+ A2\ B0/ C1+ C0\ A1\ @2+
8x8Trax_879848 paganje vs. Isischylde : @0+ @1/ A0\ @2/ A3+ D2+ A4+ B4+ D4\ C5/ A5+ E3+ @3\ B1+ G3/ F1/ F0/ B1+ E1\ D0/ B1\ B0\ A3+ @5+ G2+ A6+ B7/ F1\ H2+ A1+ F8+ H4+ H7\ H8\ A8\ H1+
8x8Trax_879850 paganje vs. Isischylde : @0+ @1/ B0+ C2\ A3/ B4/ D2/ @3/ D1/
8x8Trax_879852 paganje vs. Isischylde : @0+ A0+ A0+ @1/ C1/ C2+ C3\ D1/ A3/ B4+
8x8Trax_8798713 TallPaul vs. * : @0/ A2/ B2+ @2/ A3/ D1\ C0\ A5+ @5/ E5\ B0\ F4\
8x8Trax_879901 geneoo vs. spitfire : @0/ A0\ @2\
8x8Trax_879939 Honeybear vs. Mististar : @0/ @1/ B2/ B0+ B4\ C3/ C2+ C4\ D4\ A3+ A0/ A5/ C6+ @5+ A3+ @5/ B0\ A5\ A2\
8x8Trax_879948 The Elf Himself vs. Megababe : @0+ @1\ B2/ C2\ C3\ B0+ C1/ D1/ @2\ B0\ C1/ C0\
8x8Trax_879951 Sista vs. Absentee 13409 : @0+ @1/ A0/ C2\ @2/ C3+
8x8Trax_879953 Sista vs. Vacant 1884 : @0+ @1\ A2/ @2/ A3/ D1/ D0/ E2/ D3/ B5/ D0/ E2/ E1+ D0/
8x8Trax_880000 Tigger vs. Megababe : @0/ B1\ A2/ @2/ D1+ B3+ C3\ D4/ E2/ D0/ F3\ B1+ F1/ F4\ G2\
8x8Trax_880040 DavidJ vs. Absentee 13409 : @0/ B1\ A2/ C1+ C0+ D2\ B3\ C4/ C0\ @3+ A2\ @2\ B1\ D0/ @3\ B2\ A5/ @4+ D6/
8x8Trax_880048 HeatherN vs. derekaluk : @0/ B1\ B2\ C2\ C0/ D1\
8x8Trax_880076 Heavenscent vs. klaashaas : @0+ B1+ B2\ B0\ C3+ D3/ C1+ A3+ C0+ C0\ B0/ E4+ E3/ F3/ A3+ @1\ B0+ G1/ G0+ H3/
8x8Trax_880115 twodawgs vs. spitfire : @0+ B1\ B0\ B3/ C2\ A3+ A4\
8x8Trax_880117 Arctic Warrior vs. aerohiker : @0+ @1+ B0\ A3/ @3+ D1/ D0/ E1+ @4+ E3+ F4\ G2+ E0\ D2+ D1+ C1\ B1\ A3\ B6\ F1/ F0/ D6+ E7+ G3+ E8\ G6+ B8/ A8/ @5\ B3+ D1\ A4\ A8\ B1\ A1\ A6+ H7\ H8\
8x8Trax_880140 Misery Midnight vs. MsDelete : @0/ A2\ B2\ B3+ A0\ @1\ C2/ D3\ C0/ D1/ B0/ C7+ C1/ D1/ D4/ E3/
8x8Trax_880141 firefly vs. derekaluk : @0+ @1/ C1+ D1\ D2\ E2\ @1\ A0\ D1/ C1\ B0/ G3/ D5+ C4+ D6/ @3/
8x8Trax_880205 Misfit Lenrad6672 vs. dcranae : @0+ @1/ B0\ A3\ @3\ C3\ B4\ @3\ D4+ E3/ B0\ B0+ A2+ B0+ @4+
8x8Trax_880229 HeatherN vs. derekaluk : @0+ @1\ A2/ @2/ @2/ E1/ E0/ F1/ C0\ C0/ D1/ E1+ E0/ D1+ B3/
8x8Trax_880381 paganje vs. stormy110 : @0+ @1/ A0\ @1\ C1+ B0/ B0+ B0\ @2/ D3+ E3/ E5+ E6\ D6/ E7\ F3/ F5\ G4/ F6\ E2+ D7+ G3/ F1/ E0/ A1\ G2/ H3/
8x8Trax_880384 stormy110 vs. paganje : @0+ @1\ A2/ @1+ A2+ @1\ A0\ E2/ E1/ C0/ A4+ A5/ E4\ D5+
8x8Trax_880393 paganje vs. stormy110 : @0/ B1\ B2\ C2+ A2/ A3/ B0\ D3+ D1/ D0/ D5\ E5\ @5\ D1\ D0\ G6/ G5+ E1+ F1/ F0/ A5/ C2+ C7\
8x8Trax_880409 kdogtrainer vs. Rogue Trooper : @0+ B1/ B2\ C1/ C2\ D1\
8x8Trax_880421 BeanBagCat vs. Rogue Trooper : @0/ @1/ A2\ B2\ C1/ D1/ C2+ E1/ D0\ D0\ C5/ C2+
8x8Trax_8804329 Rand al*Thor vs. dgb : @0+ B1+ A2\ B0/ C1+ D1\ C3+ B4/ B5+ E2+ @2/ B1\ A0/ @5/ C6+ @4\ A3\ E1/
8x8Trax_8804330 dgb vs. Rand al*Thor : @0+ @1+ C1\ C2\ B3\ D2+ B0/ D4\ E1/ C0+ E5\ F5+ D6+
8x8Trax_8804332 TallPaul vs. Rand al*Thor : @0/ B1\ B2\ A2+ C1+ C0/ C0/ D4/ A1\ A5/ @2/
8x8Trax_880526 Honeybear vs. goldfreckles : @0/ A2\ B2\ B3/ A3/ @3/ C1/ D2\ C4+ A5/ @3/ F3/ B2\ D0/ E1/ C0+ F2/ G3/ D7+ E7\ E8\
8x8Trax_880540 * Sassy_Angel * vs. MIA 27923 : @0+ @1/ B2\ C2+ B3/ C3+ D3\ B4/ C5/ B5/ A5/ @1/ B0+ A6+ @4/ B7\
8x8Trax_880545 SweetCindyJo vs. Ace1316 : @0/ A2\ B1/ B2+ C1\ C2\ D2/ C3+ @1\ B0/ E2+ C1/ D0\ F3/ E5+ D6+ G3\ G4\ A2\ E6\
8x8Trax_880548 Misfit Lenrad6672 vs. Cindy MIA : @0/ A2+ @2\ B3\ C2/ D2/ C1/ C0/ D2/ C0+ C0/ D1/ E2/ @4+ F1+ F0/ C8/ B8/ A8/ G2+ H2\ H3\
8x8Trax_880558 Rogue Trooper vs. gertess : @0/ @1\ B0/ @2/ B3\ B1\ C0+ B1+ C0/ D4\ E4+ D2/ F4\ @3\ B2+ G3/ F2/
8x8Trax_880607 crazy mom vs. SweetCindyJo : @0/ B1\ B0/ B0\ A2\
8x8Trax_8806100 jazzbeth vs. rogerrabbit : @0/
8x8Trax_880662 nursestary vs. Misery Midnight : @0/ B1\ A0\ B3/
8x8Trax_880665 blue - vs. Misery Midnight : @0+ B1/ B2+ C1/ @1/ C0/ D1+ B3+ E2\ E1+ C4/ F1\ D0\
8x8Trax_880667 Stinger vs. Misery Midnight : @0/ A2\ B1/ B0/ C2\ C3\ @3\ E2\ B4+ D4\ E4\ E5\ F3/ G4/ C0+ C0\ @2+ F2/ B0+
8x8Trax_880691 Misery Midnight vs. MsDelete : @0+ B1\ C1/ C0/ D1/ @2/ A3/ B4\ @2\ A1\ F3/ D4+ D5/ G1+ @3/
8x8Trax_880721 Goonerg vs. Scooter : @0/ B1+ A0\ @1+ C3/ C1/ C0/ A3/ B1\ C0/ B5+ B1+ @4/ E1/ D0+
8x8Trax_880723 Phil The Hat vs. Scooter : @0+ A0\ A3/ A0+ @3+
8x8Trax_8807243 scret vs. TrueIndian : @0/ A2\ B1/ B0+ A0/ @1+ @2+ B4+ @2+ B5/ A5/ C5+ F2+ @2/ H2+ A3/
8x8Trax_8807248 scret vs. Road Runner : @0/ B1\ A2/ @1/ @1/ C0/ E2+ E3/ D4/
8x8Trax_8807249 Road Runner vs. scret : @0+ @1+ A2\ B0/ B4/ C2\ @3/ E1/ D0\ E5\ F4\ D6\
8x8Trax_8807250 scret vs. TallPaul : @0/ @1/ C1/ B2+ C0\ C0\ D3/ B1\ E1/ C0+ E5\ F5\ D6\
8x8Trax_8807251 TallPaul vs. scret : @0/ A0/ B1+ C1/ D1/ C2+ A3/ B4+ D3+ E3\ C5/ C6/ A5+ B0\ @3\ G5/ D8/ H4\ A7\ DRAW
8x8Trax_8807256 Withacee vs. DavidJ : @0/ B1\ B2\ A0/ C2+ D3/ @2/ E4\ F2\ E1+ A3\ B4+ D5\ A0+ @2\ G1/ H2\ G0/ B1\ A1\ D2/ D1/ B0+ E2+ F1/ C8+
8x8Trax_8807257 DavidJ vs. Withacee : @0/ B1\ A2/ @2+ C0/ D1/ B1+ C0\ A5+ C4+ A1\ @2+ C0+ C0/ D1/ B8\ C8\
8x8Trax_8807258 SarahMills vs. DavidJ : @0/ B1\ A2/ A0/ B3+ @3/ A4/ A5+ @3+ A0\ @1\ F2/ F1/ C0+ C0/ G2\ A7/ A8/
8x8Trax_8807259 DavidJ vs. SarahMills : @0/ B1\ A2/ A0/ C2+ D2/ D0+ E2/ B4\ C5/ D4+ E1+ E0/ B7/ A6+ @6/ A7/ D7+ C1\ D0\ B2/
8x8Trax_880806 Jump This vs. Poland : @0+ A0/ A3/ B3\ A4/ @1\ A0\ C5+ A5\ B1/ A0/
8x8Trax_880808 Goonerg vs. AWOL 5935 : @0/ B1\ A2/ C1\ B2\ B3\ C3+ C4/ A4+ @3/ D5/ E3/ E4+ C0/ @5\ G4/ A6/ @5\ D7/
8x8Trax_880810 Phil The Hat vs. AWOL 5935 : @0/ B1\ B2\ C2+ A2/ B3\ D2+ @2+ A3+ B0\ C1+ C0+ E2/ E1/ F4+ F5\ D6/ C0/ G2\ G5+ @5/ D8/ C1\ B1\ H7\ G8/ B3+ A3+ A2\ H4+ C8+ E8+ B8\ A7+ G1+ A1\ A8+ H8\
8x8Trax_880871 Goonerg vs. Absentee 10618 : @0/ B1+ B0\ C2\ A3/ @1\ A0\ E3+ B5/ @1\ @2+
8x8Trax_880873 Phil The Hat vs. Absentee 10618 : @0/ B1+ A2/ @1\ A0/
8x8Trax_880920 Dionysos vs. Misery Midnight : @0/ B1\ B2\ @1\ B0\
8x8Trax_880975 Arctic Warrior vs. rockdude : @0+ @1/ A0\ @2/ A3+ D3\ D4\ C1/ B0\ A2\ @2\ A1\ B5+ C5\ A0+ D1/ D0/ F7\ F8\ F5/ G6\ @4\ B1+ B7/ C8+
8x8Trax_881020 Tulip vs. Adam : @0+ B1+ A2\ A0\ @1/ A0\ @1\ B3+ A3/ @1\ @2\ C4/ D5/ G3+ H3/ H2/
8x8Trax_881026 roses4gypsy vs. Adam : @0/ B1\ @1\ B2\
8x8Trax_881054 Phil The Hat vs. three horses : @0+ B1/ A0\ C2+ C3+ A3+ D2\
8x8Trax_881075 klaashaas vs. OkMeR : @0/ A0/ B1+ A0/ @2\ D2\ A4\ B0/ C0\ C7+ @6/ A7/ A8/ F5/ F8\ RESIGN
8x8Trax_881079 Dionysos vs. Honeybear : @0/ B1\ B2\ B3\ A2+ C2\ C3\ C4+ D3+ D4+ E4\ @4/ B5\ F5+ F2+ G3/ C0\ F7+ D6+ C0\ H6+ A2\ E8+ A1+
8x8Trax_881089 kdogtrainer vs. Vacant 1884 : @0+ @1/ @1\ A0\ D2\ C3+
8x8Trax_881091 kdogtrainer vs. Adam : @0+ B1+ B2/ A0\ @1+ C4\ @1+ E4/
8x8Trax_881092 roses4gypsy vs. kdogtrainer : @0+ @1+ B2/ B0/ A1+ @2+ D1/ E1+ B0/ C1/ C0/ D1/ A3\ E0/ F4/ @2\ E1+ E0/ E7+ A5/ @4\ D1\ G1/ C1+ E0\ H2+ G1+
8x8Trax_881097 Cityboyz vs. Adam : @0/ B1+ C1/ C0/ C0+ A2+ B4+ @3\ D0+ D5+ E3/ D6/ D0/ F4+ F3+ F7\ A3+ D8\
8x8Trax_881110 wolftrack vs. Misery Midnight : @0/ A2\ B2\ B3\ @2\ @2/ C0+ A4+ D2/ A5\ A2\ @3/ F2\
8x8Trax_881112 wolftrack vs. Honeybear : @0/ B1\ B2\ C2+ B3/ A3/ A0\ @2/ E3/ D4\ D5\ @3\ B1\ C0+ A2\ @2\ H6\ G7/ H3+ C0/ A4/ E3+
8x8Trax_881116 Absentee 25703 vs. Adam : @0+ @1+ A0/ B3\ C3+ @2+ B3+ A3/ B4/ A4+ A5/ B5+ E3+ A6+ @4+ D0/ G4+ E1\
8x8Trax_881124 Rose vs. ejd : @0+ A0/ B1\ C1/ B0\ B3\ @1\ E3\ B0\
8x8Trax_881145 Arctic Warrior vs. RazzleDazzleRedhead : @0+ @1/ A0\ @2/ A3+ @3\ A4/ E2/ @4\
8x8Trax_881164 Buz vs. mcinturff : @0/ @1/ B0+ C2/ A3\ @3\ B4/ C3\ B5+ A5\ @4\
8x8Trax_881203 yayamom vs. Misery Midnight : @0/ B1\ A2/ @2/ C2\ C3\ B3/ B4\
8x8Trax_881204 yayamom vs. Honeybear : @0/ @1\ A0/
8x8Trax_881332 immitzi vs. Misery Midnight : @0+ @1+ A2\ B0/ B0/ @4/ B5\ D4/ A3+ @3/ C1\ A4+ C0/
8x8Trax_881334 immitzi vs. Honeybear : @0+ A2+ A3/ B2/ @2+ @2\ B1\ B0\ A2\ @2\ A1\ C0/ B5+ @2\ D0/ @3+ B7+ @6+ A8+ F7\ F8\ B2\ H7+ H3/ A3+
8x8Trax_881342 Inkjet-Man vs. Sista : @0/ A0\ @2\
8x8Trax_881367 klaashaas vs. cu -rd : @0/ @1/ B0+ C1+ D1\ @2+ E2/ F2/ @2\ C0\ H3/ F1/ F0/ E2+ B5\ A5+ B2\ F0/ D1\ D0\ B3/
8x8Trax_881370 Misery Midnight vs. Inkjet-Man : @0+ A0\ A3/ B1/ @1/ B0/
8x8Trax_881393 Stinger vs. Honeybear : @0+ A0+ A3+ B3/ @1/ B4\ B0\ A4+ @2+ B0/ @3+ B4+ E2/ F2/ F5+ G4+ G1\ @3/ F0\
8x8Trax_881409 WebbyDebi vs. DragonHeart MIA : @0+ B1/ B2\ C2\ A0/ @2/ D2+ D1/ E2/ F2/ E1/ F1+ F0/ C1/ G3/ E5\ F5+ H2\ D1/ E0\ D0/ A6/ A7/ F8+ D7/ E8/
8x8Trax_881449 spitfire vs. Adam : @0/ B1\ C1/ B2/
8x8Trax_881450 spitfire vs. Adam : @0+ @1+ B2\ B3/ A2+ A3+ @2\ B0/ D3\ C5\ D5\ E5/
8x8Trax_881452 spitfire vs. Adam : @0/ A2+ @1\ B0/ C1/ @2/ A3/ @3/ A4\ B4+
8x8Trax_881453 twodawgs vs. spitfire : @0+ B1\ A0/ A0\ @1\ A3/ @2+
8x8Trax_881455 Jump This vs. Aphrodite : @0+ B1+ A2/ C1+ @2+ A3/ C0\ D3\ D4\ C5+ B0/ A2+ E3\ E4\ E2/ F3\ @3+ F6/ F7\ G6+ C0/ G5+ @3\ B2+ H3+ A4/ A5/
8x8Trax_881460 firefly vs. yayamom : @0/ B1\ A2/ A3/ A0+ @2/ A3+ @4/ C5/ D3+ E3\ D1+ C0+ C0/ D1/ E1/ F2+
8x8Trax_881461 yayamom vs. firefly : @0+ B1\ B0/ C1/ A3/ A4/ @3\ @3+ B2+ C1+ B1+ C0/ D1+ A2/ @2\ C1\ C0\ E1+ A1\ B0/ @3+ @3/ H5\ G1+ G0/ H1/ B2\ C1+
8x8Trax_881462 firefly vs. yayamom : @0+ A2\ @1/ A0/ C3\ A0\ @3+ C5\ @3+ F4\ E5\ E2/ E1/ C0\ G5\ F6\ F7\ E0/ F3/ H6/ G8+ G4+ H8+
8x8Trax_881469 Arctic Warrior vs. Mo : @0+ B1+ A0/ B3\ B4/ A3/
8x8Trax_881472 Phil The Hat vs. Mo : @0/ A2+ @2/ C2\ B3+
8x8Trax_881618 Misfit Lenrad6672 vs. Dawn : @0+ B1+ A2/ B2\ B3\ C2\ @2\ E2+ E3\ C0\ D1+ A1+ D0/ B5+ C6/ @4/ B5+ A3+ A5/ B6/ A6/ G2+ F0/ D1/ @4\ A3\ D2+ H5+
8x8Trax_881634 Goonerg vs. Dawn : @0/ A2\ B1/ B0+ @2+ B0+ C4\ D3/ @3+ E4\ F3/ D5+ D1/ F0/ G1/ D1\ D0\ D8\ F7\ G7\ H7+ B2\ A1/ G8/ G1+ H2+ B6/ A7/ A8/ A4+ G3+ H8+ H1+
8x8Trax_881649 pillock vs. Megababe : @0+ B1\ C1\ @1/ A0/ B3+
8x8Trax_881673 Tigger vs. Goonerg : @0/ B1\ A2/ @2+ B0/ C3+ D3\ D4\ D2+ B0/ C6\ D6\ E6+ C7+ A5+ E1/ F5+ D0/
8x8Trax_881682 daffyANGEL vs. Goonerg : @0/ B1\ A2/ B2+ A3\ A0/ C3\ C4\ B5\ C1/ D1+ C0\
8x8Trax_881705 Goonerg vs. angel22 : @0/ @1\ B0\
8x8Trax_881724 Shadow_Ops vs. Goonerg : @0+ @1/ B0/ A1+ C1\ C2\ @2\ C3+
8x8Trax_881737 Misfit Lenrad6672 vs. MIA 27923 : @0/ B1\ A2/ @2/ C2\ B3/ C3+ D3\ D4\ E4\ E5\ E6+ D1/ F5\
8x8Trax_881769 TrueIndian vs. Adam : @0/ B1\ A2/ B2+ B3+ C3\ C2+ D2+ D1/ A0/ E3\ D5\ F2/ F1/ F0/ G2+ B0+ G6\ F7+ E8\
8x8Trax_881777 Chimera vs. Goonerg : @0+ @1/ @1\ A0\ @1\ C3/ @2\ C4/ D4+ F2+ E1+ B0\ B0+ A2/ @3/ C6+ @4\ D7/
8x8Trax_881795 Gone with the Wind #17998 vs. Goonerg : @0/ A2\ @1\ C2/
8x8Trax_881801 Rose vs. Goonerg : @0+ @1/ @1\ A0\ C1+ C3\ B4/ A3+ D3\ A4/ @3\ C5+ C0/ A2\ @2\ A6/ G3/ C7/
8x8Trax_881840 superkaempe the gentle giant vs. * Sassy_Angel * : @0+ @1+ B2/ B0/ A4\ @3+ C5\ D4/ @3/ B5/ D6\ C6+ @4/ A5/ B2\ A3+ A2+ @2\ @2\ C6/ E7\ F8/ D8+ E1/ H1/
8x8Trax_881841 Mellyluvzu82 vs. Adam : @0/ B1\ A2+ B2+ A3+ B3+ A4+ A5\ B5\ B6\ B7/ C5+
8x8Trax_881847 tiger vs. Goonerg : @0/ B1\ A0/ B3/
8x8Trax_881857 Abaitha vs. * Sassy_Angel * : @0/ A2\ B1/ B0/ C2/ C1/ D1\ B3\ C3+ B4+ D3/
8x8Trax_881859 Abaitha vs. * Sassy_Angel * : @0+ @1+ A2+ @1+ B3/ @1+ B2+ C0/ @2\ C1\ B0\ D1\
8x8Trax_881870 hANDYman the Rebel vs. * Sassy_Angel * : @0+ @1+ A2\ B0/ C1\ @2+ A3+ @3/ A4/ A2+ A5\ E2+ F2\ F3\ E4\ C5/ G3\ G4\ H4/ H3/
8x8Trax_881871 hANDYman the Rebel vs. * Sassy_Angel * : @0/ B1\ B2\ C2+ C3+ D3\ D2+ E3\ A2+ B3/ B4/ F3+ A3/ G3+ H3/ H2/
8x8Trax_881872 hANDYman the Rebel vs. * Sassy_Angel * : @0/ B1\ A2/ @2\ A1+ A0\ C3+ C4\ D2\ E3+ C1+ @1\ @1\ H3\ A3/ G5+ B4\
8x8Trax_881875 paganje vs. LilSis : @0+ @1/ A0\ @2+ @2\ A1\ D3\ C0/ D1/ E4\ E1/ F3+ G3/ G2/ E5+ G1\ E0+ @4/ A5/ A1\ A0\ D1\ F1+ G1\ F8+
8x8Trax_881886 paganje vs. LilSis : @0+ B1\ C1/ C0/ A1+ B3/ B4\ C4\ D4\ @2/ B3/ E5/ C5/ B5+ F4/ A5\ A3/ @4\
8x8Trax_881893 paganje vs. LilSis : @0/ B1\ A2/ B2+ C2\ C3\ D3+ D1+ B0/
8x8Trax_881936 Goonerg vs. FixitDave : @0/ B1+ B0+ A1+ @1\ A3\ B4/ @2\ D5\ E4/ A5/ C6+ @5\
8x8Trax_881979 Shosie vs. JenJen : @0/ B1\ @1\ C2/
8x8Trax_882000 blue - vs. Honeybear : @0+ B1/ B2+ @1\ C0/ D1/ D0/ E1/ E0/ E0+ F2\ F6\ E7/ @2+ B0\ C7+ C8+ F1/ G1/
8x8Trax_882046 Sir Pussycat vs. gingershaz : @0/ B1\ B2+ A2/ A3/ @2/ B4\ A3+ A4+ C4+ A5\ B5+ C5+ D4\
8x8Trax_882085 kdogtrainer vs. Camel680 : @0+ @1\ A2/ @1\ A0+ C3\ C4\ D2+ E4\ C5\ B4+ F4\ A4+ @3+ A4/ F5+ E6\ A1+ D6/ D7/ @3\ C0/ G3/ G2/ H2/ H1/
8x8Trax_882101 Misery Midnight vs. RabidWolff of the Wolf Pack : @0+ B1/ B0\ @2\ A1\ B0\ @3/ B4\ E3\ E4\ D5\ F4/ A1\ @2/ E6\ F6/
8x8Trax_882102 StackMaster vs. kdogtrainer : @0+ A0+ A3+ @2+ B0+ B0/ C1/ A1\ A0\ B7\ B1+ A7/ A8/ @5/ D5/ E3/ D7\ E4\ D8+
8x8Trax_882116 firefly vs. derekaluk : @0+ @1\ B2/ @2/ C3/ @1\ C0\ @3/ A4/ @4/ @4/ A5\ B5\ C5+ D4\ A1\ D0+
8x8Trax_882127 derekaluk vs. firefly : @0/ A2+ @1\ B0/ A1+ @1\ B0/ B4/ A4/ @4/ @3/ D0/ B6/ E1\
8x8Trax_882149 Tigger vs. Goonerg : @0/ B1\ B2\ A2+ @2/ A3/ A4+ @4/ A3+ @2/ B5+ C6/ D5\ D6\ C7/ A7\ F4\ F5+ G5\ G3\ F1/ E0\ B2/ G7\ E8/ H6+
8x8Trax_882154 The Pampered Cricket vs. Goonerg : @0/ B1\ B2\ A2+ @2/ C3\ C4+ D3/ B0\ A1\ @1\ @3\ B5/ E6/ E7\ F5\ G5+ C7/ B7+ A6/
8x8Trax_882205 REBEL DJ vs. * Sassy_Angel * : @0/ B1+ @1\ B0/ C3\ D3/ B4/ A4/ @2\ A1\ @2/ D0\
8x8Trax_882206 REBEL DJ vs. * Sassy_Angel * : @0/ B1+ @1\ B0/ C3\ D2\ B4/ A4/ @2\ A1\ B0\ @2/ A4/ @3+ @3\ B1+ E0/ F1/ G1\ B1+ A1+ B0+ H6+ B0+ C3+
8x8Trax_882212 Lyndalou vs. Goonerg : @0/ A2\ B2\ B1+ C2\ D2\ C3/ B0\ @2/ B4/ C5/ E1/ F1/ D0\
8x8Trax_882237 Goonerg vs. sweetbaby : @0/ @1\ A0/
8x8Trax_882257 Goonerg vs. *Make Peace : @0/ A2+ @1/ C1/ B0/ A0+ @1\ A0\ @4+ A5/ C6\ @4+ A2\ F3/ E1+ E7/ F6+ D0/ G4\ @3+ A2\ C1+ H6+ H2+ F1/ D8+ DRAW
8x8Trax_882260 Geri39 vs. Rogue Trooper : @0/ A2\ A3/ B1\
8x8Trax_882263 *Make Peace vs. Goonerg : @0+ @1/ B0\ A0/ @3/ C4\ D4\ D5\ D1/ E1+ D0\
8x8Trax_882283 Goonerg vs. Rogue Trooper : @0/ A0/ B1+ B0+ B0\ A1\ @3/ B0+ A1/ RESIGN
8x8Trax_882312 PJ vs. Amanda : @0+ B1/ A2\ A0+ @1\ A0+ C1+ A3+ @2/ C0\ E4/ F3+ G3/ G1+ E0/ A5/ A6\ B7+ C1\ A2+ @3\
8x8Trax_882354 Tigger vs. Rogue Trooper : @0/ A0/ @2\ B0+ C2/ A2\ @2\ A1\ A0\ A0+ @1\ E1/ E0/ F4/
8x8Trax_882398 Goonerg vs. 00buc : @0/ B1/ A0\ A0+ @2/
8x8Trax_882424 Misery Midnight vs. goldfreckles : @0+ B1\ B2\ @2\ B3\ D2\ B4\ C3+
8x8Trax_882430 maggies tavern vs. Rogue Trooper : @0+ @1+ @1\ A2\ @2\ E1/ B0\ F2/ D1+ B0\ A2+
8x8Trax_882453 geneoo vs. spitfire : @0/ A2\ B1/ B2+ A0\ @1\ A3/ @3\ B4\
8x8Trax_882463 B Line electric streetcar vs. Vacant 4242 : @0+ @1\ B0/ C2\ C0+ C0/ D4+ B2+ @2/ C1+ A1\ @1\ D0+
8x8Trax_882481 Chef Jeff 1 vs. * Sassy_Angel * : @0/ A2\ B1+ B2+ C1/ C0/ @3/ C4/ D3\ E2/ A4+ @4/ C5\ C6\ E0/ C8+ F2+ G1\
8x8Trax_882484 Chef Jeff 1 vs. * Sassy_Angel * : @0+ @1+ A0+ B1+ A3\ B0/ C1/ @3/ A2\ @2\ D0+ D0\ C3+
8x8Trax_882521 Goonerg vs. Vacant 19004 : @0/ A2\ B2\ B3+ A0\ @1+ A4\ D3\ B0\ C6/ A4\ @3/ D2/ @3\ G5/ H5/ H6+ G7+ A2\
8x8Trax_882528 Goonerg vs. do9 : @0/ @1\ A0/
8x8Trax_882540 Goonerg vs. Rude Misfit : @0/ A0/ B1+ B3/ A0/ B0\ @3+ D2/ D5/ E5/ E2/ E3/ F3/ G3/ D6+ F6/ B5+ F5/ G6/ H6/ F2/ F1/ C0+ D1/ A1\ D0/ G3\ G2\ H4+ G7+ H2\ G1/ F1\ H6/ H1+ A7/ A8+
8x8Trax_882541 Goonerg vs. Rude Misfit : @0/ A0/ B1\ @2\ A1+ C2\ B3/ @3\ B0\ B0\ A1\ D1/ D5\ C0/
8x8Trax_882545 Goonerg vs. Tiaria : @0/ @1\ B0\
8x8Trax_882574 Goonerg vs. Trist : @0/ A0+ @2/ C2\ B3/ D2\ C1/ D1/ E1/ A0/ A4/ @1\ @2+
8x8Trax_882583 Goonerg vs. cocopuff : @0/ @1/ B0\ C1/ C0/ A2\ @3/ C4\ D4\ E3\ B1+ D0/ D6/ E5\ A6/ B1/ @6\
8x8Trax_882616 Cookie of the Wolf Pack MIA vs. JenJen : @0/ B1\ B2\ C2+ A2/ A3/ C3/ A4\
8x8Trax_882617 Cookie of the Wolf Pack MIA vs. JenJen : @0/ A0/ B1\ B2\ B3\ B0/ A4/ C1\
8x8Trax_882618 Cookie of the Wolf Pack MIA vs. JenJen : @0/ A2\ B2\ B3+ C3/ B4+ C1+ B5+ A5\ @4\
8x8Trax_882621 Elvis vs. * Sassy_Angel * : @0/ A2\ B1/ B0+ B3+ C3\ B0+ B0+ C6+ D5/ A2\ @2/
8x8Trax_882623 Elvis vs. * Sassy_Angel * : @0/ A2\ B2+ B1+ C2\ C3/ C1/ D1/ E1+ B3+ A3/ @2\ A3/ @2/
8x8Trax_882639 Goonerg vs. Chad : @0/ @1/ A2\ C1\ B2+ B3\ C3\ C4\ D4\ A4/ B5/
8x8Trax_882650 SweetCindyJo vs. Catmane : @0/ A2\ B1/ B0+ B3\ B4+ C2\
8x8Trax_882704 Dizzy J vs. * Sassy_Angel * : @0/ A2\ B1\
8x8Trax_882705 Dizzy J vs. * Sassy_Angel * : @0+ @1+ C1+ @1+ E1+ @1+ @1\ A0\ A0/ @2+
8x8Trax_882758 Morticia vs. MsDot : @0+ @1/ A0\ @1\ C1+ D1/ C0/ C0/ D2/ C5+ D5\ E4\ B6+ D6\ E6\ F3/ G4+
8x8Trax_882856 Adam vs. Barbie : @0+ @1+ A0/ B3\ C1\ @2\ C0/ B4+ B1+ E4+ F4/ D1+ E2+ B0+ A1+ @1\ A0\ C1+ @2+
8x8Trax_882933 paganje vs. irishmiss : @0/ @1\ A0/
8x8Trax_882983 firefly vs. windbreaker : @0/ B1\ A2/ @2\ C2+ A1+ @1\ @1/ C0+
8x8Trax_883108 astyr vs. Megababe : @0+ B1\ A0+ @2/ C3\ D3\ B4/ C1+ B0\ B6+ A6/ @5/ B7\ A3+ @5/ B6/ D7\ A6/ D8+ @5+ D2\ F8+ B2+ @2\
8x8Trax_883147 Nan54 vs. Nancy : @0/ A0\ @1/
8x8Trax_883552 FujiTape vs. pookster : @0/ B1\ A2/ B2+ C1/ C0/ @2\ A1\ B1+ A0/ D1/ C0/ @5/ E1+ F3+ B1\ A6\
8x8Trax_883581 blondie vs. kdogtrainer : @0/ A2\ B2\ B3\ @2\ C1+ D1/ E2/ C4+ D0/ E1/ E0/ B2+ F1\ F3\ G2\ C7+ F4\ C8+
8x8Trax_883619 blondie vs. paganje : @0/ B1\ A2/ B2+ C2\ C3\ B0\ C2/ D2/ @1\ B0/ B6/ A6/ @3\ E2/ @6/ B2+ A7\
8x8Trax_883645 SNOWMAN vs. kdogtrainer : @0/ B1\ A0/ A3\
8x8Trax_883667 Nan54 vs. NightWishes : @0/ A2+ A0\ B2\ @1/
8x8Trax_883680 paganje vs. irishmiss : @0/ A2\ B2\ B1+ B0/ C1/ D2\ D3+ C0+ E3\ B5/ C5+ C0+ B7\ C0+ C8+ D8\
8x8Trax_883808 twodawgs vs. spitfire : @0+ @1/ B2/ C1\ B3\ A3/ A4\
8x8Trax_883816 Morticia vs. Miranda : @0/ A0+ A0\ @1+ @1/
8x8Trax_883823 Miranda vs. Morticia : @0/ B1\ A2+ A3\ B3\ C3/ C2+ B4\ D3+ E3/ B0\ D3+
8x8Trax_883862 SweetCindyJo vs. Ace1316 : @0/ A2\ B1/ B2+ @1\ A0\ B4/ A4/ D2\ D3\ E3\ E4\ C5\ E5/ F2/ E1\ G3\ D1\ D0\ F2+ G2/ H3\ A6/ H4+ B7\
8x8Trax_883876 silverrbts vs. mcinturff : @0/ A0/ @1\ A0/
8x8Trax_884024 Misfit Lenrad6672 vs. Lorraine of the Renegades : @0+ B1\ A0/ A0+ C3\ A4/ @4/ A5/ @5/ C6\ B7\ D6+ C7+ C8/ @5\ A3+ B2+
8x8Trax_884123 Tigger vs. Phil The Hat : @0/ A2\ B2\ @1/ C3+ A4\ D3/ A5/ @5/ A1\ B0/ @2\ E2+ E1/ A1\ B0+ E1/ B0\ G3+ E1+ B5+ A6+ E7+ E8/ @5+ G7\ H7+ A7/ B8+ A2+ G1+ A8+ H8+
8x8Trax_884174 nursestary vs. Honeybear : @0/ A2\ B1\
8x8Trax_884240 Honeybear vs. Vacant 25583 : @0/ B1\ A2/ @2+ C2+ C3\ B0/ @3+ D5/ E4+ F4/ C5/ B5/ @3+ F2+ H2/ H1/ E0\ F0+
8x8Trax_884247 blue - vs. Phil The Hat : @0+ A2\ B2+ @2/ B3\ B0\ A2\ @3+ B1+ A4+ @3+ F2\ @3\ C2\ E0\ A5/ B6+ @4/
8x8Trax_884248 Goonerg vs. Rose : @0/ A2+ @1\ B0+ A1\ B0+ C1/ A4/ @4/ C5\ D2\ E1/ A2\ @3/
8x8Trax_884261 Honeybear vs. outta here : @0/ B1\ B2\ B3\ C1/ C0/ A3+ A5\ @3\ A5/ E2+ @3/
8x8Trax_884275 cocopuff vs. Goonerg : @0+ @1+ A2\ A0\ B1+ B0/ @2\ @3\ C0/ A5/ @5/ C6\
8x8Trax_884276 Kevin vs. Knight Rider : @0/ B1\ B2\ A2+ C2/ C3/ B0/ C1/ C0/ B6\ D2+
8x8Trax_884277 cocopuff vs. Rogue Trooper : @0+ @1+ B2/ A0\ @1+ @2\ A3\ @3\ F2\ B0/ E5\ C0\ E3+ C6\ E7+ A6/ A7+ @5/
8x8Trax_884305 Misery Midnight vs. MsDelete : @0/ B1\ A2/ @2+ B3\ C2+ D2\ D3\ E3\ F3/ E4/ C4/ D5/ B4+ A4/ @2\ D5+ B5/ G5\ H3/ G6/
8x8Trax_884360 aussielady vs. Adam : @0+ @1+ A0/ B3\ C1\ C4\ D4\ B0\ @2+ @2/ A3/ C4/ C5/ C6/ F4+ F1/ G2+ E0/
8x8Trax_884376 Nan54 vs. NightWishes : @0/ A2+ @1\ A2/ B0\
8x8Trax_884456 Misery Midnight vs. goldfreckles : @0/ B1\ A2/ @2\ C2\ C3\ B0\ A1\ A0\ @3/ B5\ D6/
8x8Trax_884468 Nan54 vs. aussielady : @0/ B1+ A0\ @2+ A1+ @1\ A0+ E3\ A0+ A4+ @4/ A2+ B0+ B0\ A1\ @2+ D3+ D2+ E2/ E4/ F5+ F7+
8x8Trax_884491 (((INTENSITY))) vs. hANDYman the Rebel : @0/ B1/ B0\ A3+ @3+ B4+ D2+ @3\ B2\ C1+ B1+ B0\ B0\ F4\ A2\ E6/ C2+ @2\ C0\ B2\ @3\ B2+ C1\ C0\ F3/ G4/ H3\ A2+ D8/ B7+ F2+ H2/ H1/ A8+
8x8Trax_884525 Nancy vs. mcinturff : @0/ B1+ @1\ A0\ C1/ B0+
8x8Trax_884563 marlisam vs. Rogue Trooper : @0/ B1\ A2+ @2\ B0\ D2\ D3/ B4\
8x8Trax_884730 ejd vs. Rose : @0/ B1\ A2+ A3\ B0/ B3+
8x8Trax_884777 pioenroosje vs. paganje : @0/ A2\ B1/ B2+ B3\ C3\ D3+ D4\ C4+ E2\ C0/ F2/ E1+ E0/ F1/ F6\ G2+
8x8Trax_884834 AWOL 27087 vs. Megababe : @0/ B1+ @1\ A0\ C3\ C4\ D3/ E3/ D2/ D1/ E2/ B0+
8x8Trax_884857 Misfit Lenrad6672 vs. stormy110 : @0/ A2\ B2\ B3\ B1/ C2\ A0\ @1\ A0\ D5\ A3+ @1\ E3+ F5\ @2\ F6+ C4+ C0+ F8/ A2\ B5+ H6+ H7\
8x8Trax_885044 pioenroosje vs. klaashaas : @0/ A2+ B1+ A0+ A0\ @3/ C2/ D1\ C5/ D4+ E2/ F3+ E5+ F6/ G4+ B0\ @4/ G1/ H1/ G0\
8x8Trax_885086 klaashaas vs. roses4gypsy : @0/ B1\ A2/ B2+ @2+ @2\ D3\ B0\ D5\ D1/ E2/
8x8Trax_885087 Misfit Lenrad6672 vs. Rose : @0+ @1+ A2\ B0/ A1+ C3\ C4\ C2+ D3+ @2/ C4+ A4/ C5+
8x8Trax_885246 Vacant 4242 vs. Rogue Trooper : @0+ B1\ B0/ C2\ A1+ C3/ D2+ A3+ @3/ A2+ B4+ B5/ @4+ D5\ D6+ B6+ D7\ @4\ A3\ A6/ @3+ C7/
8x8Trax_885259 SweetCindyJo vs. Shaker of Salt : @0/ A2+ A0\ B2\ @2\
8x8Trax_885308 klaashaas vs. Vacant 4242 : @0/ A2+ B1\ B2+ A3/ @3+ @2/ B1+ @2+ C0+ C0/ E2+ B1\ B0+ @5\
8x8Trax_885319 klaashaas vs. Second Coming : @0/ A2\ B1/ B0+ A0/ @2\ @2+ C5\ A1/ B0\ A0/ B6+ E3/ E2/ E1+ C8\ D8\ E6\ F2+ C2+ G2/ G1/ @4+ B7/ A6+ F4\ G4\ H4\ F7\ G7\ H7/ F8+ A2+ DRAW
8x8Trax_885321 klaashaas vs. Rogue Trooper : @0/ A0/ B1+ B3/ A0/ A0/ C2+ @4\ B0/ A1/ B6/ A0\ @2/ E1/ D0/ F3/
8x8Trax_885413 Honeybear vs. pepperbeach : @0/ A2\ B2\ B3\ A4/ @3/
8x8Trax_885425 kdogtrainer vs. prettywoman : @0+ @1\ A2/ @1\ C2+ @1/ A2/ E1/ C0\ B1\ @3+ D0\ B5/
8x8Trax_885523 Megababe vs. The Elf Himself : @0/ A2\ B2\ B1+ B0/ C2\ D2\ D3\ C4\ C0\ E4\ E5\ C6/ B6/ B7/ A7/ @6+ C8+
8x8Trax_885562 firefly vs. ema : @0+ B1+ A2\ A0\ @1\ C1/ B0\ @2+ B4+ E4\ E5\ E3+ A1+ F3+ @2/ G2/ E1/ E0/ D6/ G1/ E7+
8x8Trax_885581 emzirek vs. Rogue Trooper : @0/ @1/ B2+ C2+ B3/ D1+ E1\ C0/ D3\ A1\ D4/ @2\
8x8Trax_885622 SweetCindyJo vs. Mark Callaway 41 : @0/ @1\ A0/
8x8Trax_885623 SweetCindyJo vs. Shaker of Salt : @0/ A2\ B2\ B3/ B1/ C2\ A3/ @3/ A1\ @3\ C0\
8x8Trax_885652 Amanda vs. outta here : @0/ A2\ B2\ B1+ @2/ B3\ D2\ E2\ E3\ A3/ A4/ @2\ B1+ G1/ F0+ B1\ C0+ A3+
8x8Trax_885714 Sarah vs. spitfire : @0/ B1\ A2/ B2+ C2\ D2/ D1/ C0/ @2\ A1+ A0/
8x8Trax_885786 paganje vs. Vacant 25583 : @0/ A2\ B2\ B3+ @1\ A0\ @2\ D5+ A3\ C5+ A4+ C6+ E4+ C7+ E3/ E2/ A6/ B8+ D7/
8x8Trax_885800 Megababe vs. paganje : @0/ B1\ A2/ B2+ C2\ A3/ @3/ E3\ B4+
8x8Trax_885818 arthur vs. SweetCindyJo : @0/ A2\ B1/ B2+ @1\ A0\ D2\ C4/ A3+ D4\ D5\ E3/ C1\ A0/ @4+ A5+ @4+ F2+ @4+
8x8Trax_885819 Geri39 vs. Misfit Lenrad6672 : @0/ A2\ A0\ B3/
8x8Trax_885855 Jump This vs. ellieoop : @0/ @1/ B0\ B0/ C1/ C3\ D2+
8x8Trax_885857 worstwitch vs. Megababe : @0/ B1\ B0/ B3/
8x8Trax_885899 Megababe vs. astyr : @0+ @1+ A2\ A0\ @1\ C1/ C0/ B1+ @2\ C5\ B4+ C0\ E2/ F2+ D0/ F2+ F1/ D0+ G4\ E8\ F7\ G7+ F8+
8x8Trax_885944 Jump This vs. outta here : @0/ B1\ A2/ @2/ C0\ @2\ E2\ E0+ F1/ D4+ B5/ A2+ A1\ D0+ @4\ H2+ G1\ H1+ B1+ E0/ E8\ F8\ B1+
8x8Trax_885961 Tammer vs. Jump This : @0+ B1+ B2/ A0\ @1\ @1+ B0/ A4/ C1+ C5/
8x8Trax_885976 Stinger vs. STrek : @0/ @1\ A0\ B3/ B1+ A4\ @3+ D2/ E2+ F2\ B5\ E6/ G4+ @5\ F1/ F0/ A4+ C7\ F8\ H3+ E1\ A2+ A1\
8x8Trax_885988 suzie vs. Rogue Trooper : @0+ @1\ B2+ @1\ B0\ D3\ C4+ B3/
8x8Trax_885999 FrostyColdOne vs. mcinturff : @0+ @1/ A0/ C2/ B3+ @2\ D3+ C0\ A4/ @3/
8x8Trax_886007 MIA 6690 vs. Rogue Trooper : @0+ B1/ @1/ D1/ A2/ D2\ RESIGN
8x8Trax_886016 outta here vs. Rogue Trooper : @0/ A0/ @2\ B0+ A1/ C1/ C3/ C4/ C0/ D1/ E1+ E0/ E0+ F2\ B2\ A2\ @4/ E1+ E0\ H3+ G4\ H2/ F1+ G7\ DRAW
8x8Trax_886039 Tigger vs. Rogue Trooper : @0/ @1/ A0+ @1+ A0\ @1\ @1+ B3+ D4/ @1\ A2+ A4\ C5+ @1\ A0\ A5/ G6\ @4\
8x8Trax_886078 Nan54 vs. aussielady : @0+ B1\ B0/ C1/ C0/ @3/ A2\ C0+
8x8Trax_886091 BeanBagCat vs. Rogue Trooper : @0+ B1+ B2/ A0\ B1+ @2+ C0/ @3+ B4/ B5\
8x8Trax_886104 ellieoop vs. Jump This : @0/ A0+ A3/ A0\ @1+ @2/ B5/ A5/ A3/ D2\ A1+ @3/ E5/ F2\ D0+ D0/ E3+ E0\ F3/ G4\ G6+ H4/ G3+ H3+ F2/ C1+ H5\ H2+ H1/ B1/ H8\ A1\
8x8Trax_886111 -mnm vs. toadisgimpy : @0+ B1/ A2/ B0\ A1\ @1\ A0/ B1/ C1/ D1/ D2\ E1\
8x8Trax_886153 Jump This vs. outta here : @0/ A2\ B1/ B0/ @2/ D2+ D3\ E3\ F3\ D4+
8x8Trax_886154 blondie vs. Jump This : @0/ @1/ A2+ C1/ A3+ @2+ C0+ C0\ A3\ E2\ A5/ @3\ B2\ @3\ C1+ B2+
8x8Trax_886196 blondie vs. paganje : @0/ A2\ B2\ B3+ @2+ C4+ D3+ D4\ B4/ D5\ @2+ C6/ B4/ A4/ @2+ A4\ B1/ D0/ @3+ C7/ @3+
8x8Trax_886221 aussielady vs. Nan54 : @0/ A2+ @2+ B3/ B4/ C1+ @2\ E1+ D3+ F1+ F2/ @2/ G0\
8x8Trax_886269 B Line electric streetcar vs. Twingles : @0+ A0+ A3+ A0/ B1/ @2+ B5+ B0/ B7+ C7+ B8+ C6/ C1+
8x8Trax_886403 Jump This vs. Abaitha : @0/ A2\ B2\ B3\ @2\ C1+ D3\ @1\ A0\ F3\ A4/ C5/ @3\
8x8Trax_886404 Jump This vs. Super Sonic : @0/ B1\ A2/ B2+ @2\ C3\ C4+ D4\ A4/ B5/
8x8Trax_886408 SarahMills vs. Jump This : @0+ B1+ A2+ @2\ C2\ C3\ D3\ E2\ @2/ A3/ A4/ D0\ F4\ F6+ G4+ D7+ @5\ A4\
8x8Trax_886425 Jump This vs. Vacant 1884 : @0/ A2+ A3/ B1+ C2/ B3+ D2/ C0\ B0/ A2+ @5\ F4/ @5\ B6/ B7+ B8\ C6+ E6+ H3\ E7+ F7\ F8\ G8\
8x8Trax_886439 What The vs. FujiTape : @0+ @1\ B0\ @2\ B1+ B3/ C3+ D3/ C4/ A3+ B4+ @3\ A2\ B4/ @2/ D0+ B6\ A5/ @4+ D7+ @4/ E8+
8x8Trax_886440 FujiTape vs. stormy110 : @0/ A2+ @1\ B0/ A3+ B4\ C4\ A4+ @3+ A4+ C5+ E1/ C0/ F3+ B2\ @3\ H3\ F6\ E7\
8x8Trax_886441 stormy110 vs. FujiTape : @0+ B1/ B2+ B0\ C2\ D2/ D1/ B0\ A1\ @2+
8x8Trax_886442 FujiTape vs. Misfit Lenrad6672 : @0/ A2+ @1\ B0/ B0/ C3\ D3+ C4+ B5/ C5+ E3+ C6/ A2\ B6+ A5\ A6+ @2+ A6/ @5/ B7+ A6/
8x8Trax_886445 FujiTape vs. paganje : @0/ A2\ B1/ B0+ C2/ B3\ D2/ B4+ C4/ @3/ C0/ D6/ E4+ F4\ F5\ A2\ A1\ @3/
8x8Trax_886446 FujiTape vs. paganje : @0/ B1\ A2/ @2+ A3\ C2\ B4/ @2+ D3+ E2+ F2/ C0/ C0/ A3+ @3\ B5/ H4/ F6\ E7/ H5\ B6+ H6+ B7\ C7\ H7+ D0/ A6/ F8\ A8+
8x8Trax_886447 Catz52Meow vs. FujiTape : @0/ B1\ B2\ B3\ C1/ A0/ @2+ B3/ B4/ C5/
8x8Trax_886448 FujiTape vs. Catz52Meow : @0/ A2\ B1/ B2+ B3\ B4/ C2+
8x8Trax_886617 STrek vs. streep : @0/ A0/ B1/ @2+ C0/ A4/ @3+ @3/ A5+ F2+ F4+ E5+ B6/ B2\ @5+ @5\ A3+
8x8Trax_886654 Aphrodite vs. Jump This : @0+ B1+ B0/ @2+ C3\ D1/ E2+ E4+ E5\ F5\ D0/ F2/ G4\ G5+ B1\ H3+
8x8Trax_886655 Aphrodite vs. Megababe : @0/ B1\ B2+ B3/ A2/ A3+ @3/ A2+ B0+ @2\ A4/ @2\ D0+ A5/ @4/ C6+
8x8Trax_886666 Phil The Hat vs. streep : @0/ A2/ A0+ @1\ A0+ @1\ B5/ A5/ B6/ @1/ A2/ B0\ D7\ E6/
8x8Trax_886695 Jump This vs. outta here : @0/ B1\ A2/ @2+ B0+ A4/ @4/ B5\ C5\ D5\ A1\ @2\ B0/
8x8Trax_886717 Jump This vs. Absentee 13409 : @0/ A2\ B2\ B3+ A4\ @4+ @3+ @2/ B1\ D0/ A2+ C1+ F4+ E2+ G4+ G3+ H4+
8x8Trax_886795 Absentee 25703 vs. Adam : @0/ A2\ B1/ B2+ @2/ C3/ B0+ B0/ A5+ A2+ @5\ D0/ E1/ B2\ B1\ D0/ @7/ D0+ B2\ @8\ A7\ B6\ H3+ G5\
8x8Trax_886820 Jump This vs. Aphrodite : @0/ B1+ A2/ @2+ @1/ E1+ B3\ D0/ C5/ A1+ E0\ A5+ F2\ E6\ D7/ G4+ H4/ B7+ D8\ H2+
8x8Trax_886830 Aphrodite vs. Adam : @0/ B1\ B2\ A0/ C3+ A3+ @3\ C4/ @1\ B0/ D1+ F3+ B0/ E1+ F5\ A2+ @2\ A3+ B5+ E0/ H3+ A1\ C0\ B1+ H7\ H8\ F1/ G2+ C8+ D1+ G1/ A8+
8x8Trax_886831 windbreaker vs. firefly : @0+ A2/ @1\ C2\ B3+ C3+ B4/ A3+ C1/ D2\ C0/ @2+ A1\ C0+ @3/ @3\ G3/ H4/
8x8Trax_886834 mamatart vs. Adam : @0/ A2\ A3\ B1\
8x8Trax_886843 supermac vs. * Sassy_Angel * : @0+ @1+ A2\ B0/ C1/ @2+ B1+ E1+ C0+
8x8Trax_886862 Candy Cane Kaz vs. Goonerg : @0+ @1/ @1\ B0/ B3\ C3\ D2\ E2\ D3\ E1/ C0\ F3/
8x8Trax_886863 Goonerg vs. Candy Cane Kaz : @0/ B1+ B0\ A3\ B3\ C2\ B0\ B5\ C5\ @4/ D1/ C0\ E4/
8x8Trax_886885 Rogue Trooper vs. CHESSCATJAY : @0/ A2\ B2\ B3+ @2+ C4+ @2+ E3\ F3\ E2+ F1\ G2/ D0+ D6+ C0/ D8+ B1/ B2+ A1\ @2\ A1\ D6/ C7\ B6/ A4+ F7\ F1/ G1\
8x8Trax_886908 kdogtrainer vs. Logged Off 27172 : @0+ @1/ B0+ @2/ C0+ D2+ E2\ B2+ F2/ F1/ C0+ F4/ @4/ H3+ G5/ E6+
8x8Trax_886919 Ali vs. Megababe : @0+ B1\ C1/ A0/ A3/ @3+ B4\ D1/ @3+ E0\
8x8Trax_886971 outta here vs. Jump This : @0/ @1/ B2+ B0\ B0\ A2\ @2\ @2\ E1/ E0/ B2+ C1\ E0/ @3\ A2\ A1\ G4+ F6\ C6+ @3\ H5+ A1+ D0+ F2+ F1+
8x8Trax_886989 cu -rd vs. klaashaas : @0+ @1+ @1\ A0\ @1\ C3\ C4\ D5/ D6/ B4+ E5\ F4+ G4/ A3/ @3/ B5+ C7/ E1/ D0\ F3+ B1+ A2/ F7\ G8/ DRAW
8x8Trax_887011 geneoo vs. spitfire : @0/ A2\ B1/ B2+ A0\ @1+ A3/ A4/ @2\
8x8Trax_887020 Rose vs. Misfit Lenrad6672 : @0+ @1/ @1\ A0\ @1+ E2\ C3/ C1/ A0/ C1+ @3\ C5/ B0\ A2+ @2\ A1\ A5/ A6/ @3/
8x8Trax_887022 Misfit Lenrad6672 vs. Rose : @0+ B1+ B0\ A3/ @3/ B4\ C3+ C0/ D1/ D4\ D5\ @5/ D6+
8x8Trax_887052 Rose vs. Isischylde : @0+ A0+ A0+ B2\ @2\ B0\ @2/ A4\ C5/
8x8Trax_887087 *Make Peace vs. Isischylde : @0+ A2+ A3+ B2\ @3/ A4+ @4/ B2+ C0+ A4+ C0+ C0\ B1\ @7\ B8+
8x8Trax_887091 *Make Peace vs. Adam : @0+ @1+ A2/ B0\ @3+ C0/ D2+ B5\ C5\ C6\ A6+ D5+
8x8Trax_887094 Jump This vs. Zanda : @0/ B1\ B2\ C2\ D1\ D2+ C3\ A3/ B4\ @2+ @2\ D0\ D0/ G4+ B6\ D7\ A6/ B7\ @4/
8x8Trax_887116 Aphrodite vs. Megababe : @0/ B1+ B0+ C2\ C3\ D3\ D4\ D1/ E2+ B0+ A1\ @1\ C6+ @1\ A0\ G3+ E8+
8x8Trax_887118 IRISH vs. Megababe : @0/ B1\ A2/ @2/ B3\ C3\ C4\ C5\ D3+
8x8Trax_887123 B Line electric streetcar vs. Adam : @0/ B1\ A2/ B0\ @2+ @1/ B0+ E2/ E1/ B0/ A5+ A6/ @5/ A3+ @4+ B1\ A2+ C0/
8x8Trax_887190 IRISH vs. Megababe : @0/ B1+ C1/ C0\ C3\ D3\ C0/ D1/ A2\ @2\ E5+ E2\ F2\ C4+ E0+ C2+ G4\ G5\ C7+ A1\ A0+ @3\
8x8Trax_887194 Lucille vs. Isischylde : @0/ A2+ B2+ A3\
8x8Trax_887202 cocopuff vs. Isischylde : @0+ B1\ C1/ B0\ B0\ @3/ C4\ B5+ E3/ B6/ E2\ A2+ C0\ @5+ A3\ F2+ @5\ A4\ A3+ @3\ C0+ B3+ A1+ B7/ A6+ A7/ A8+ F8\ G7+ G8\ DRAW
8x8Trax_887210 gladriel vs. Zanda : @0+ @1/ B2\ B3+ C3/ D2+ @2\ B0\ D1\ B0/
8x8Trax_887212 gladriel vs. Isischylde : @0+ B1\ A2/ A3/ @2\ C0\ D2\ A2+ B5/ @2/
8x8Trax_887215 SweetCindyJo vs. Shaker of Salt : @0/ A2\ B2\ B3\ B1/ C2+ D2/ D3\ D1\
8x8Trax_887218 Jump This vs. Vacant 1884 : @0/ B1+ C1/ C0\ B1+ A1+ C0/ D3/ C0/ D2/ E2/ F2/ G2/ C0/ E5/ D6+ F6/ F4+ D1/ C7/ B7/ @4\ H2/ H6+ F1+ D0\ C2/ E8+ A7/ C4\ C1+ B1\
8x8Trax_887227 geneoo vs. spitfire : @0/ A2\ B2\ B1+ A0\ A0/ @3\
8x8Trax_887302 Jump This vs. Aphrodite : @0/ B1+ C1/ A2/ B3/ C2+ B0+ D4\ D5\ D3+ E3/ D1+ D0\ A5/ A6/ B7+ E7\ D8+
8x8Trax_887320 MsDelete vs. Misery Midnight : @0+ B1+ B0/ A1\ B0/ A1+ A4\ A0/ @3+ C1+ D1/ D2+ @3+ F2/ E0\ F4+ @4+ H3/ D1\ E7\ C1/
8x8Trax_887350 geneoo vs. spitfire : @0/ B1\ B2\ C2/ C1/ C0/ B4/ A3+ @2\ A3/ A4\
8x8Trax_887397 ejd vs. Rose : @0/ B1\ B0/ C2\ A3/ B0\ A1\ @3/ C0/ D2\ A1\ C0/ C6\ E5/
8x8Trax_887409 Michele vs. paganje : @0+ @1+ A0/ A3/ B3\ A4\
8x8Trax_887411 Michele vs. paganje : @0/ B1\ C1/ B2/
8x8Trax_887412 Michele vs. Misfit Lenrad6672 : @0+ @1\ B0\ B0/ C1/ C2+ A1\ A0\ A0/ B1\
8x8Trax_887497 McStack vs. Adam : @0/ B1\ B2\ B0\ A0/ A0/ C5\ A5+ C6\ D6\ D7\ E7\ E0/ F1/ F3/ A1\ @1\ A6/ A3/ @1+ A7\ B4+ A4\
8x8Trax_887523 kdogtrainer vs. Vacant 1884 : @0+ B1/ A2+ A0+ @1\ @1\ D3\ E2/ C0+ B0/ C6/ E2/ F3\ E0/ F1+ @4/ B5\ C6/ H5\ H6\ F6\ F0/ G4/ H5+ A6/ B8/ A8+ H8+ H2\ A3+ C2+ H4/ B1+ H1/
8x8Trax_887527 Stinger vs. Rogue Trooper : @0/ @1/ B0+ @1/ C0+ D1/ B4+ A1\ @1\ D0+
8x8Trax_887534 kdogtrainer vs. Rogue Trooper : @0+ @1\ A2/ @2/ @2/ @2/ C3/ E3+ F3\ D4+
8x8Trax_887573 curleyquenot vs. Morticia : @0/ A2+ @1\ A0\ @1\ C4\ D4\ E3/ B3+ F4/ F3+ D5\ F2/ D1\ C0/ B6/ D7+ @3+
8x8Trax_887624 Misfit Lenrad6672 vs. Vacant 1884 : @0+ @1/ A0\ @1\ A2+ D2\ B3/ C1/ C0/ C0/ E4\ D6\ A2\ @4/ G3+ A6/ @6/ C7\
8x8Trax_887627 Uncle Chuckie vs. Misfit Lenrad6672 : @0+ @1/ C1/ A2\ @2+ C2+ A1\ B0/ @3/ A4/ @4/ A5/ @4+ B6/ @3/ H3\ A6/ A7/ H4+ G0+ D2+ D1\ F1+ H6+ D8+
8x8Trax_887628 Misfit Lenrad6672 vs. Uncle Chuckie : @0/ B1+ A0\ @1\ A2+ A3/ @2\ E2\ E3\ C4\ D1+ F3\ F4\ G4\ E5/ B4/ B0\ C6/
8x8Trax_887655 Goonerg vs. Rose : @0/ B1\ A2/ @2+ B0/ @3+ D3\ D4\ C4+ E1/ E0/ @4+ C1\ B2/ E0+
8x8Trax_887792 Adam vs. *Make Peace : @0+ B1/ B2\ C1/ B0/ @2+ C0+ E3\ E4\ A4\ A5\ @4+ E5\ E6\ D7+ G4\ G5\ @5\ B6/ F1\ H1/ E0/ C3\ D1+ B4+ H1+ A7+ C8+ A3+ B2/ B1+ G8+ H8+ A8+
8x8Trax_887834 00buc vs. Rogue Trooper : @0+ @1+ B0\ A3/ B3\ A4\
8x8Trax_887842 mahonri vs. Isischylde : @0+ @1/ B2+ C1\
8x8Trax_887906 cocopuff vs. Rogue Trooper : @0+ B1+ @1/ D1\ A2/ @2/ A3+ @3/ F2\ A1\ @2\ B0/
8x8Trax_887966 TN_Sapphire vs. gladriel : @0/ A2+ @1\ A0+ B1+ @1+ C0\
8x8Trax_887972 SNOWMAN vs. kdogtrainer : @0+ @1+ A2\ A0\ B1/ A0/
8x8Trax_888052 Honeybear vs. Mististar : @0/ A2+ A3/ A0/ B4\ B5\ @3\ C1/ D4\ @3\ E2/ F3+ E1+ E0/ G4\ G5\ F6\ H5/ F2/ G3/
8x8Trax_888054 geneoo vs. spitfire : @0/ A2\ B2\ B1+ A3/ @3/ D3\ C4/ A1\ @1/ B0/
8x8Trax_888095 STrek vs. Vacant 1884 : @0+ @1\ B2/ B0+ C2\ D2\ C1/ C0\ C0+ D3/ E3+ F3\ F4\ E6+ G5\ G4+ D7+ D8/ A7+
8x8Trax_888122 spitfire vs. *Rosie* : @0+ B1/ B0\ @2\ A1/
8x8Trax_888291 toadisgimpy vs. Morgana Le Fey : @0+ B1\ A0/ B3/ C2\ C4\ D4\ D3+ C5/ B5/ A5/ A4+ @3/ E2+ A6\ F4\ G4\ H4+ F2+ D7+
8x8Trax_888373 Whistler Gandalf vs. Uncle Chuckie : @0/ B1+ A0/ C2\ C3\ D3\ B4/ D1/ C0/ E2\
8x8Trax_888464 (((INTENSITY))) vs. Jump This : @0+ A0\ @1/ B3\ B4\ A3\ C1\ B0\ @2+ A5/ @5/ C6/
8x8Trax_888497 Izeul vs. Knight Rider : @0+ B1/ A2/ @1\ B0\ B0\ A1\ B5\ C5\ A5/ D4+
8x8Trax_888540 BrnIdGirl vs. FujiTape : @0+ @1/ A2/ @2/ B3/ B4/ B0/ D2\ A4/ A5+ @5/ @5/ B3/ C6\ E7/ C7\ C8\ G6+ H4\ H5+
8x8Trax_888541 FujiTape vs. BrnIdGirl : @0/ @1+ @1\ A0\ @1\ C3/ B0+
8x8Trax_888542 FujiTape vs. BrnIdGirl : @0/ B1\ A2/ B2\ A3\
8x8Trax_888543 FujiTape vs. BrnIdGirl : @0/ A2\ B1/ B2+ @2/ A3/ A4/ B3\ @3+ @3+ @3+ @3/ A4/ @4/ A5/
8x8Trax_888544 BrnIdGirl vs. FujiTape : @0/ B1\ A2/ @2/ @2/ D2+ D3\ E3\ E4\ B5+ B6/ @4+
8x8Trax_888596 STrek vs. Uncle Chuckie : @0/ B1+ A0/ C2\ A3/ @3/ @2+ C4+
8x8Trax_888663 spitfire vs. *Rosie* : @0/ A2\ @1\ A0/
8x8Trax_888704 klaashaas vs. Uncle Chuckie : @0/ B1+ C1/ C0/ A3\ B3\ A4/ @3\ A1/ B5/ D5/ C6/ A5\ B6/ E6+ E7\ E3\ C8\ F5/ @2/ @3+ F8\ H2/ B6+ B7/ A7/ A8/
8x8Trax_888720 OkMeR vs. klaashaas : @0/ @1+ B2/ @1/ B0\ B0\ D4\ C5/ D1/ D0/ E3\
8x8Trax_888721 klaashaas vs. OkMeR : @0/ @1/ A0/ B1/ B0/ A4/ C3+ @3+ @2/ C0+ C0/ C0/ C0/ @6/ F1/ G4+ G6\ H6\ H1+ C2+ B2\ DRAW
8x8Trax_888856 Shosie vs. toadisgimpy : @0/ B1\ A0/ @1\ D2/ @2/ E1+ @2\ A1\ D0\
8x8Trax_888866 Poland vs. Jump This : @0+ B1/ B2/ @2/ B3\ B4\ @2\ A1\ E1/ E0\ C1/
8x8Trax_888919 Aphrodite vs. Jump This : @0/ @1/ A2+ C1/ A3+ B0\ C4+ D2/ E4+ C5/ B6+ F2\ A7/ @6\ E5\ E6\ D0+ H3/ G2+ B1\ A1+ C8\ F7\
8x8Trax_888920 Jump This vs. Poland : @0/ @1/ C1/ A0\ @2/ C3/ C4/ B3/ A1\ @1\ D0/ @1/ C4/ E6/ G4+ E7/ D6+
8x8Trax_889082 Jump This vs. Candy Cane Kaz : @0/ A2\ B2\ B1+ B3/ @2+ D2+ A1+ @1\ F1+ B0+
8x8Trax_889087 geneoo vs. spitfire : @0/ A2\ B1/ @1+ A2/ A3/ C2\ D2+ D1+ E1/ B0\ E3\ F2/ C4/ F3\ F4/ G3/
8x8Trax_889145 Elvis vs. Vacant 1884 : @0/ A2\ B1+ B2+ C1/ D1/ D0\ D0/ C4\ E1\
8x8Trax_889203 Elvis vs. Absentee 13409 : @0+ @1/ A2+ C1+ @2+ A3\ A1\ B0/ @4/ C5/ D4+ @4\ A3\ A1+ @2\ D0+
8x8Trax_889233 JenJen vs. bubbly : @0+ @1/ A2/ C2\ B3/ B4/ @1\ A0\ A4/ @4/ F3/ F2/ B6+ G3\ G4\ @4\ A3\ G1\ A6/ F4\
8x8Trax_889308 Chad vs. Nargada : @0/ B1\ A2/ @2/ @2+ @2/ B3/ A3/ D3\ E2\
8x8Trax_889311 Sir Pussycat vs. Ace1316 : @0/ A2\ @2\ C2/
8x8Trax_889312 Sir Pussycat vs. Ace1316 : @0/ A2\ @1/ C2/
8x8Trax_889314 Sir Pussycat vs. Ace1316 : @0/ A2\ @2\ C1\
8x8Trax_889368 busymom vs. Adam : @0+ B1+ B2/ A0\ @1\ D2+ @2/ A3/ C4\ @2+ B0/ @3+ F2/ @3+
8x8Trax_889370 busymom vs. Adam : @0/ B1+ B0\ C1/ C0/ B4+ C4\ D2/ E3/ F3/ C5/ G4\ F5/ @2\ E1/ A1/
8x8Trax_889371 Adam vs. busymom : @0+ B1\ C1/ B0\ C3/ C1/ A0/ @3\ C5\ E2\ E3+
8x8Trax_889500 Jane vs. Sir Pussycat : @0/ @1+ B0\ A1\ @2/ @2+ D0+ @3+ F1\ F3+ D4+ F4\ G4\ F5\ H3/ H2/ D6/ C6/ B5/ D0\ C1+ A3\ A7+ B8/ A2\ A1\ F8+ F1/ G1/ G8\ H7+
8x8Trax_889603 Missing 10300 vs. Goonerg : @0+ @1/ A2\ @1/
8x8Trax_889734 STrek vs. blindfaith101 : @0/ B1\ B2\ A2+ @2\ A0\ @2/ B4\ C5+ @4/ A5/ @3\ A2\ B1\ D0+ @3\ B1/ G2+ H2/ D0/ A3\ D7\ D8/
8x8Trax_889770 twodawgs vs. spitfire : @0+ @1\ B0\ B0/ C1/ C3/ D1\
8x8Trax_889785 Misfit Lenrad6672 vs. Rose : @0+ B1+ A2/ C1+ A0\ @3/ @3/ A4/ F2/ @4/ A5\ B5\ B6\ F1/ D0\ @5\ E0+ A8/ F5+ D1+ A3\ H2+ D8/ G5\ E8\ F8\
8x8Trax_889788 Misfit Lenrad6672 vs. CHESSCATJAY : @0+ B1\ C1/ C0/ B1+ C0\ D2/ C0/ A3+ B1\ C0/ D2/ E2/ @4\ A3\ C6/ E1+ B6+ A6/ @4\ @4+ A3\ D2\ C2+ B2\ A2\ C1+ D1+ F0\
8x8Trax_889790 Misfit Lenrad6672 vs. CHESSCATJAY : @0+ @1/ B2\ B3\ C1/ C0/ D3\ B0\ A1\ @5/ A6/ @4\ B2+
8x8Trax_889791 Misfit Lenrad6672 vs. CHESSCATJAY : @0/ A2\ B2\ B3+ @2+ A1+ D3+ @2/ C0\ C0/ D1/ A6/ @5\ C2\ E3/ F3/ G5+ G2/ G1/ B1\ B0\ E7+ H6+ B8\ G1/ E1+ E8\ F8\
8x8Trax_889834 Cinderella vs. JenJen : @0/ B1\ A2/ @2+ A3\ B4\ B0/ C5/
8x8Trax_889840 Cinderella vs. JenJen : @0+ B1+ C1\ @1/ A2/ D2\ C3\ @2+ C0\ A4/ B4+ D5\ @4/ G3+ A5\ @4+
8x8Trax_889848 TN_Sapphire vs. gladriel : @0/ @1\ A0/
8x8Trax_889853 -mnm vs. toadisgimpy : @0+ B1\ C1/ B0\ A3/ @1\ A0\ D2/ @2/ D1/
8x8Trax_889863 JenJen vs. Cinderella : @0+ @1/ B0+ C1\ D1/ C0\ B4+ C4+ B5+ A2\ @3\
8x8Trax_889914 Whistler Gandalf vs. blindfaith101 : @0/ B1\ B2\ C1+ B0\ B0\ @2\ E1/ @2+ F0\
8x8Trax_889926 Whistler Gandalf vs. Uncle Chuckie : @0/ B1+ A0/ C2\ C3\ D3\ B4/ D1/ E2\ B0/
8x8Trax_889934 blondie vs. Rogue Trooper : @0+ @1\ A2/ @2/ A3+ B4/ C3+ D3\ C5+ D1/ E2\
8x8Trax_889936 IRISH vs. Whistler Gandalf : @0/ A0\ @1/
8x8Trax_889949 Rude Misfit vs. Misfit Lenrad6672 : @0/ B1\ A2/ B2+ B0/ C1/ D1/ B4/ B0/ A5+ @5/ A6/ B1\ A3/ B0/
8x8Trax_889956 * Sassy_Angel * vs. Elvis : @0/ A2+ @1\ A2+ A0/
8x8Trax_889957 * Sassy_Angel * vs. Elvis : @0/ @1\ A0/
8x8Trax_889959 * Sassy_Angel * vs. Vacant 27805 : @0/ B1\ A2/ @2\ A3/ @2\ B1+ @1+ C0\ C0/ B5+ A5/ D1+ @4\ F1/ B6\ C6\ F4+ C7+ E5+ C8+
8x8Trax_889961 * Sassy_Angel * vs. superkaempe the gentle giant : @0/ A2\ B1/ C1/ C0\ C3\ D2/ @2/ C1+ @3/ B4\ E4\ D5\ F4/ G2/ F0+ H2/ A5+ B7/ C8/ E6\
8x8Trax_890006 Uncle Chuckie vs. Misfit Lenrad6672 : @0/ A2\ B2\ B1+ B0/ C1/ C0/ D1/ A1\ A0\ @4\
8x8Trax_890098 -mnm vs. B Line electric streetcar : @0/ A0/ @2/ B0/ @1/ B0+ C5/ A4+ C6\ D4+ A5\ C7+ D1+ A7/ @5\ B8\
8x8Trax_890105 doc harley vs. ROCKY MIA : @0/ @1\ A0/
8x8Trax_890125 Misery Midnight vs. MsDelete : @0/ A2\ B2\ B3\ B1/ C1/ A0\ @1\ C0/ B6/ D1+ A5/
8x8Trax_890167 blindfaith101 vs. Rogue Trooper : @0/ A0/ @1\ A0/
8x8Trax_890242 Tigger vs. Whistler Gandalf : @0/ B1\ A2/ @2/ C2\ C3\ D2+ A3/ A4/ @2\ D0\ @3/ F5/ E6\ G4/ A4+ B6/ E7\ G1/ D6+ H3/
8x8Trax_890265 Oartkickel of the Wolf Pack vs. Rogue Trooper : @0/ @1/ A2\ B2\ C1/ D1/ C2+ E1/ B3+ D0+
8x8Trax_890315 Vacant 1884 vs. Elvis : @0/ B1+ @1\ B0/ A3\ B0\ A1\ @3\ C5/ E3/ @3\
8x8Trax_890316 Vacant 1884 vs. Elvis : @0+ @1\ A2/ @1\ @1\ D2\ C3/ E1/ C0\ B4\ D0+ F2/ F3+ B2+ F5\ A5/ D6+
8x8Trax_890441 Megababe vs. Kran : @0/ B1\ A2/ @2+ C2\ B3/ D2+ @3/ C4/ F2+ E3/ D0/ D5\ D6\ F4+ G3+ A3\ @4/ H4\ C1\ E0/ B2+ A4+ A2+
8x8Trax_890552 Honeybear vs. goldfreckles : @0/ A2\ B2\ C2\ A3/ @3/ B0\ A1\ A5+ A2/ @3\ D1\ B6+ B7\ C0+ E3+ F3/ C7\ E2/ F2+ G3\ @3/ F1+ E7\ D8\
8x8Trax_890621 kdogtrainer vs. gorrick the goblin : @0+ B1\ C1/ B0\ C1+ @2/ C3\ D4/ A1\ B0\
8x8Trax_890681 Missing 17886 vs. Nan54 : @0/ B1\ A2/ @2+ A3+ @1\ A0\ @1+ D1+ B0+ D1+ @2+ C0/
8x8Trax_890793 Goonerg vs. Rose : @0/ B1\ A2/ @2+ A3/ A4\ B4\ C4\ C5\ D3/ D1/ B0/ E4+
8x8Trax_890810 Goonerg vs. Uncle Chuckie : @0/ B1+ B0+ C2\ C3\ D3\ B4/ D1/ E1/ C5/ E5/ B5+ A5/ @3\ A1/ B6/ @5/ C7/ A1\ A7/ @3\
8x8Trax_890812 Goonerg vs. Vacant 1884 : @0/ A2+ @2\ C2+ C3\ B0\ @3\ B1\ A4/ B5/ @4\
8x8Trax_890813 StackMaster vs. Goonerg : @0+ @1+ B2\ C1\ B0/ C3\ C4\ D4\ E1/ D0\ E6/ F5\ G4\ G1/ H3+ E0+
8x8Trax_890827 Aphrodite vs. Goonerg : @0/ B1\ B2+ B3/ A3/ A4/ @4/ D3/ D5\ E5\ B6+ @4\ A5+ C7+ A7/ @6\ A3\ D8+
8x8Trax_890829 SweetCindyJo vs. Shaker of Salt : @0/ A2\ B2\ B3\ B1/ C1+ C2+ C0\
8x8Trax_890885 irishmiss vs. Misfit Lenrad6672 : @0+ @1/ @1\ B0/ A1+ B0\ A1\ @1+ A0\ E4\ C1/ D5+
8x8Trax_890913 klaashaas vs. OkMeR : @0/ @1/ A2+ B3/ C2+ D2\ E3/ D1+ B0+ B0\ D2/ F3+ E1+ D6+ F5+ E0/ @3+ @3\ A1+
8x8Trax_890947 Tactician vs. Goonerg : @0/ B1\ A2/ B2+ @2\ C3\ C4\ D4\ A4/ @4/ C5/
8x8Trax_890966 Megababe vs. AWOL 22382 : @0/ A0/ @1/ B3\ C3\ A3+ C2+ B4+ B5\ D4/ @2/
8x8Trax_890987 klaashaas vs. Uncle Chuckie : @0/ B1+ A2+ C1\ B3\ A3+ C3+ D3\ E3\ E4\ E1/ B4/ F1\
8x8Trax_890993 Rose vs. Goonerg : @0+ @1/ B0+ B0\ A1/ B4\ @3/ @3/ A1/ C5+ E2/ E4/ F2/ @4\ @3+ E0/
8x8Trax_890995 Cozy vs. Megababe : @0+ @1/ B2/ C1\ C3\ D2/ C0\ C5/ A3/ @4\ C5/ A1\ @1\ C0/
8x8Trax_890997 gorrick the goblin vs. Goonerg : @0/ A2\ B2\ B3/ A3+ @3\ A4\ @3/ A4+ A5\ @3/ E4+ E1/ F2\ E0\ @5\ A6/ @6\
8x8Trax_891120 twodawgs vs. spitfire : @0+ B1\ A0/ A0\ @2/ C1/ C0\
8x8Trax_891196 kdogtrainer vs. Uncle Chuckie : @0+ B1\ C1/ A0/ B3\ @2+ @2\ A1\ B0\ @2+ D1/ D0/ F2\ G4+ H4\ H6+
8x8Trax_891198 kdogtrainer vs. Stinger : @0+ @1+ B0\ A3/ C1+ B0\ @1\ A0\ E3/ D1/ E4\ B0+
8x8Trax_891238 * Sassy_Angel * vs. Vacant 27805 : @0/ A2\ B1/ B0\ @2/ B1\ D2\ D3\ E3+ E4/ D5\ F3/ E1/ C0\ F5+ E1\ C0+ B1\ B0\ A2\ @2\ A1\ @4/ C7/ B7/ A7/ C8/ B8/ A8+ F1/ G2+ G1+ H2\ H3+ H1+
8x8Trax_891243 klaashaas vs. Vacant 25583 : @0/ B1\ A2/ @2+ @2\ B0/ A0/ C2+ E3/ E2/ E1+ F1/ F2+ D0\ C1\ @4\ G5\ H5\ E6+
8x8Trax_891247 Abaitha vs. * Sassy_Angel * : @0/ A2\ B2+ B1+ C2\ C1+ B0/ D2\ D3\ B4/ @3+ F4\ F5\ C5/ F6/
8x8Trax_891248 Abaitha vs. * Sassy_Angel * : @0+ @1+ B2/ B0/ A1+ B0\ B0\ @4+ B2\ D4+ @4/ A5/ C6\ @5+ C3\ A6/ B6+ G4+ D7/
8x8Trax_891249 Abaitha vs. * Sassy_Angel * : @0/ A2\ B1+ B2+ C2\ C1+ C0/ D3\ E3+ D4/ E4+ F3\ C4/ E5\ @2\ A1\ F6+ F7\ H5+ C1+ A0\ C5+ G7+
8x8Trax_891250 Abaitha vs. * Sassy_Angel * : @0/ A2\ B1/ B0/ B0+ C1+ B0/ @3\ A2+ A1\ A0\ E3+ @2+
8x8Trax_891251 Abaitha vs. * Sassy_Angel * : @0/ A2\ B2\ B1+ C1+ A0/ @2+ E2\ D4\ E4+ E5\ F5\ G5+ F6/ C0\ A4+ D2+ C0/ G8+ H6\ H8+ F4+ F3/ C6+ D1+
8x8Trax_891252 Abaitha vs. * Sassy_Angel * : @0+ @1+ B2/ A0\ C2/ B1+ B0\ @2/ A3/ B5+ B6\ C6\ D4+ C7+ B1\ C8+ A6+ @2\ F4+ A1+
8x8Trax_891265 Megababe vs. Absentee 13409 : @0/ A2\ B2\ B3+ B1+ B4\ C2/ C1/ D1/ A0/ B0\ @1+ D5+ A5/ C7/ @4\
8x8Trax_891408 Withacee vs. Goonerg : @0/ B1/ A2+ B0+ @3+ A1\ A0\ D2/ B1/ A0\ D4+ D1/ E1/ B0+
8x8Trax_891453 klaashaas vs. Goonerg : @0/ A2/ B2+ A3/ B4+ C4/ C2+ @2+ @3\ B4+ C0/ @3+ C6/ F2/ A2+ @2\ C1\ C0\ B7/ B8/ H6\ H7\ A6+ G2+ F1+ E1\ H4\ F7\ DRAW
8x8Trax_891472 SNOWMAN vs. kdogtrainer : @0/ A2\ @1/ C1\
8x8Trax_891509 keysersoze vs. Rogue Trooper : @0/ @1/ A2/ C2/ D2\ D3/
8x8Trax_891542 twodawgs vs. spitfire : @0+ B1\ B0\ A0\ @2/ C1/ D2\ B0\ B5\ C1/ B0\ C6\ C7\ D5+ E5\
8x8Trax_891557 geneoo vs. spitfire : @0/ A2\ B2\ B1+ A0\ @1+ A2+ @1\ B3/ C0/ C5/
8x8Trax_891624 bigdan409 OTWP vs. Goonerg : @0+ B1\ A0/ C2/ A3/ A4/ @4/ D4\ E4+ D5/
8x8Trax_891631 STrek vs. Absentee 13409 : @0/ A2\ B2\ B3+ B4/ B1+ @2+ A1+ D2+ D4+ C5/ A6+ @6/ E6/ C7+ B7/ A7+ @6+ C8/ A8+
8x8Trax_891669 maggies tavern vs. Goonerg : @0+ @1/ @1\ B0/ B0+ A2+ C1+ @1/ B0\ @3\ F2/ A4/ A5/ @4\
8x8Trax_891776 MIA 26849 vs. Goonerg : @0/ A2\ B2\ B3+ C3/ B1/ @2\ B0\ D1/ E2+
8x8Trax_891794 Erinity vs. Nan54 : @0/ A2\ B1/ B0+ C1\ D1/ D0+ A1\ @3+ D1+ C0/ B0\ A1\ D6\ E6\ C0+ F6+
8x8Trax_891796 Sweetcheeks vs. Nan54 : @0/ A2\ B1/ B0+ B3+ A0\ @3/ @4/ A5+ A6\ B6+ C6/
8x8Trax_891835 Vacant 1884 vs. Goonerg : @0/ B1\ A2/ @2+ C2\ B3/ @2/ A1+ A0\ @2\ B5/ A5/ @3\ C6+ C7\ @3+ A2\ A1\ D0+ A7/ B8+ @6/
8x8Trax_891889 Goonerg vs. Weth : @0/ @1/ A2\ A3/ @3/ D1\ D2\ E1\ E2+ B0\ A1\ E1/ A2/ C0/
8x8Trax_891978 Goonerg vs. aubug : @0/ A2\ B1/ @2\ B0/ @3\ @1/ C0+ A4/ C5+ E2/ D0/ @3/ B1+ E0/ @3+ B1\ C0/ A7/ @5\ C8/
8x8Trax_891999 geneoo vs. spitfire : @0/ B1\ B2\ C2/ A2/ A3/ C3\ D3\ C1/ C0/ A1\ A0/ @3\
8x8Trax_892006 Goonerg vs. sniper2379 : @0/ A2+ @1\ B0/ C2/ A1\ A0\ C2+ B1/ B0/ C6/ @2+ E5/ E4/ F4/ @2+ F2+ E0\ H5/ A4/ A5/ C6+ C2+ D0/ G2+
8x8Trax_892032 Goonerg vs. brown eyed girl : @0/ A0/ @2\ A1\ A0\ C3\ C4\ B1/ B0\
8x8Trax_892037 Goonerg vs. AugieDawg : @0/ @1/ A2/ A0\ @2/ C4\ D3\
8x8Trax_892050 brown eyed girl vs. Rogue Trooper : @0+ B1/ @1/ D1/ A2+ D2\ @1\ F1\
8x8Trax_892094 Goonerg vs. Tigger : @0/ B1\ A2/ @1\ B0\
8x8Trax_892095 Tigger vs. Rogue Trooper : @0/ @1/ A2\ C1+ B2+ C0/ @2/ A1/ D0/ C2+ B1+ A5\ A6\ @4+ E0/ F1/ C0/ G5/ B1\ A5+ F6+ C8\ G2+ E1+
8x8Trax_892191 Misery Midnight vs. MsDelete : @0+ B1+ @1/ D1+ A2/ E1+ @1\ A0\ @2/ H2+ A3+ A4/
8x8Trax_892199 Goonerg vs. hayleesam : @0/ B1\ A2/ C1\ B2\ B3\ @1\ B3/ A0/
8x8Trax_892209 Kevin vs. Goonerg : @0/ B1/ B0\ B0\ C2+ D2\ E2\ D1+ C0/ C0/ E2/ D5+
8x8Trax_892210 Goonerg vs. Kevin : @0/ A0/ B1+ B0/ C1\ B0/ A2+ B5+ C5\ D5+ C6/ D1/ E4+ C0/
8x8Trax_892245 Goonerg vs. RPGr : @0/ B1\ A2/ @2/ @1/ C3+ D2\ E2\ D3\ D4\ E3\ A2+ D5\ E4\ B5/ A3+ C6/
8x8Trax_892339 WebbyDebi vs. REBEL DJ : @0+ A0+ A3\ @3/ B4\ C4\ B0/ A2+ A5/ C6\ C1\ D4/ E4/ E3/ F3/ F2/ G2/ H2+
8x8Trax_892341 REBEL DJ vs. WebbyDebi : @0/ @1\ A0/
8x8Trax_892350 Goonerg vs. paganje : @0/ @1/ A2/ A0\ @2/ D2/ A3/ B4+ B5/ D5/ @4/ A3+ F3+ G3\ C6+ A1/ H3/ H2/ H1/ E0\ C1+ D0\ F2+
8x8Trax_892567 Goonerg vs. hhornet MIA : @0/ A2/ B2/ A3+ A4\ A0/ B2/ C5+ C6\ C7\ D5/ E2+ B1/ A7/ @5\ C8/
8x8Trax_892738 spitfire vs. *Rosie* : @0+ B1/ B2\ B0\ C2\
8x8Trax_892758 kdogtrainer vs. gorrick the goblin : @0+ @1/ B0\ @2\ A1+ D2\ D3\ @1\ A0\ D5+ F4+ B5/ A4/ C6/
8x8Trax_892790 Aspen vs. Megababe : @0/ B1\ A2/ B2+ C1/ C0/ A1\ B0+
8x8Trax_892806 irishmiss vs. paganje : @0+ @1+ B0/ A1\ A0\ @3\ C4\ D3/ C1/ B0\ E4/ E3/ E2\ A2/
8x8Trax_892808 irishmiss vs. paganje : @0+ @1+ B2/ B0/ A1+ @1\ D1/ B0+
8x8Trax_892819 Absentee 13409 vs. Jump This : @0/ @1/ B0+ @1/ B3+ C0/ B1+ B5\ D5+ D1\ E4+ F2\ D6\ E6\ A4+ F1/ D0\ G2\
8x8Trax_892830 ryry vs. shelly (uk) : @0+ B1/ B0\ @2\ B1+
8x8Trax_892919 Inkjet-Man vs. JenJen : @0+ @1/ B0/ C1/ B3\ C4/ D2/ @4/ D0/ B6/
8x8Trax_892991 * Sassy_Angel * vs. Chef Jeff 1 : @0/ @1\ A0/
8x8Trax_892993 Chef Jeff 1 vs. * Sassy_Angel * : @0+ @1+ B0\ A3/ B3+ A4\ B4\ B5/ A5/ @5/ B6+ D4/ D5+ B7\ E4+ F4/ E3\ A3\ @5/ F6\ G5+ G6+ H5+ H6\ C8/ B8/ E8+ B2\ F7+
8x8Trax_893031 arthur vs. HeatherN : @0/ A2\ B1/ B0/ @3/ B4\ C3\ D3\ E3\ A2\ @3/ A2+ G3/ G2/ @3\ C1\ D0/ C5/ C6/ G3\ G2+ H2+ F1\ A3+ A2\
8x8Trax_893038 Megababe vs. Uncle Chuckie : @0/ B1+ B0\ C2\ A3/ @3/ C4\ B5\ @1/ A3/ C6\ D6\ E6\ F3/ E1+ F6+ G6\ G4/
8x8Trax_893062 SunDrop Kid MIA vs. Megababe : @0/ B1\ A2+ A3\ B3\ C2\ A4/ @3\ B0\ A1\ @1\ E1/ D0/ F2\
8x8Trax_893085 Retired 25886 vs. BabyGirl The Rebel Angel : @0+ @1\ A2+ @1\ A0/ A0+ B2/ A0/ @2\ @1/ C0/ E3\ B5+ E6\ D0\ F3\ F4+ F6/
8x8Trax_893130 Megababe vs. stormy110 : @0/ B1\ A2/ @2\ C2\ C3\ D1/ D0/ E2+ F2+ G2/ G1/ E0\ H2+ A3+ A2\
8x8Trax_893203 Ali vs. Megababe : @0+ B1\ C1/ C0/ B1+ A1\ A0\ A0+ @1\ B5+ A3/ A4/
8x8Trax_893204 Megababe vs. Ali : @0/ B1\ A2/ @2/ @2\ D2+ C3\ C4/ E2\ E3\ F3\ B4/ D5+
8x8Trax_893251 DavidJ vs. Uncle Chuckie : @0/ B1+ @1\ B0/ D2/ @2/ B3\ D0/ E1/ F2\ G3/ F4\ D5/ B2\ B1\ D0/ A5/ B6\ E6\ D7/ G2/ H2/ G1/ A6/ D0+
8x8Trax_893294 arthur vs. ejd : @0/ A2\ B1/ B0/ A4/ A5\ @3/
8x8Trax_893359 kdogtrainer vs. Absentee 13409 : @0+ @1/ @1\ A0\ @1+ E2\ E3\ B3+ E4\ C5+ F4+ A5/ @4/ C6/
8x8Trax_893479 * Sassy_Angel * vs. Vacant 27805 : @0/ A2\ B1/ @1/ B0+ @3/ A4/ A2+ C0\ C0/ D1/ E1/ @5+ E0/ @5\ A4\ @4/ C2/ D8/ E2\
8x8Trax_893481 superkaempe the gentle giant vs. * Sassy_Angel * : @0+ @1+ B2/ B0/ B4/ @2+ @2\ B3+ D5\ E4/ A3/ @3/ F3/ B1+ B0/ D0+ F2+ D0+ B8+ @7/ H4+
8x8Trax_893487 Goonerg vs. Rose : @0/ B1\ A2/ @2+ @1/ B0+ C0\ D2+ @4\ B5/ A1\ C0/ @3\
8x8Trax_893491 Brendans Grandmom vs. Vacant 1884 : @0+ @1/ B2\ C2+ A3/ @2\ E2/ C0\ C0\ C6+ D6+ C7/ A6/ @5+
8x8Trax_893526 Misfit Lenrad6672 vs. Rose : @0/ B1\ B2\ C2+ C3+ B3+ B4/ A4/ A5/ @5/ A6/ @6/ A7/ @5\ A4\ @6/ @6\ A5\
8x8Trax_893563 Poland vs. Jump This : @0+ A0/ A3\ B1/ C2/ B0\ C5\ D4/ B6/ A6/ @6/ B7+ B8/ @7/ E2+ F5\ G4/ G6+ B3\ A5+ @7/ G3+ C1\ A5+
8x8Trax_893656 Amanda vs. Vacant 1884 : @0/ A2\ B2+ B1+ C1/ B3/ @1/ B0\ @3+ B1\ A2+ D1/ C0\ @3\ E1/ B2+
8x8Trax_893669 irishmiss vs. Megababe : @0/ B1\ A2/ B2+ C1/ A0/ A4\ B4\ D2/ B5/ A5+ @4+ D3+ A3+ F2/ F1/ E0/ E5+ F1+ G2\ G3\ B7+ G1+ H1+ D6\ C7\
8x8Trax_893670 Megababe vs. paganje : @0/ B1/ C1\ C2\ B2+ C3\ B4\ D1/ C0\ @3+ B5/ C6\ F2\ B6/ B7/ A5+ D6\ F4\ F5\ G3/ H4+ G2/ E1/ C0/ F7+ F8\ G2+ G8+ H8/ G1/ H1/ A2/ C8+
8x8Trax_893671 Megababe vs. paganje : @0/ B1/ C1\ C2\ B2+ C3\ B4\ D1/ C0\ A4+ C0/ D1/ B1+ @4/ E6/ F5\ G4\ E7\ F7\ A3\ @3\ H5\ G2+ B6/ B7/ A5/ E7+ C8\ G8+ H8\ A6+ A2/ A1\ A8+ H1+
8x8Trax_893712 arthur vs. ejd : @0/ A2+ @1\ A2/ A0/
8x8Trax_893729 arthur vs. ejd : @0/ A2+ @1\ A0\ @2\ C4\ B4/ B5/ @4+ E4/ E2/ F3/ @3/ C6/ E5\ D6\
8x8Trax_893796 arthur vs. ejd : @0/ A2\ B1/ B0\ B0/ C2\ @3\ B2+ A2+ D4\ A1/
8x8Trax_893833 Whistler Gandalf vs. Meltdown Monkey : @0+ @1/ A0\ @1+ @1/ B2/ B3/ A3+ @2/
8x8Trax_893834 Whistler Gandalf vs. Vacant 25583 : @0/ B1\ B2\ C2+ A2+ A3/ @3+ A4/ B4+ @3+ C0\ B1\ A1\ @4+ @3/ B0/ H4/ G2/ H2/ H1/
8x8Trax_893854 arthur vs. ejd : @0/ A2\ B1/ C1\ B2\
8x8Trax_893906 Honeybear vs. Mististar : @0/ B1\ B2\ A2+ @2/ A3/ B4/ A4/ A5/ @5/ A6/ @4\ F2+ @5+ @5\ C3+ G0\ F8\ H4\ G8+ H6+ B4\ A4+ B8+ E2+
8x8Trax_893958 Misery Midnight vs. MsDelete : @0+ @1/ @1\ A0\ @1\ B3\ A0/ @2+ C1+ D1/ F1/ E0\ C0\ B1\ B0\ A4\ A2\ @5+ @3\ G2/ C1+ H3/
8x8Trax_893977 CHESSCATJAY vs. Rogue Trooper : @0/ @1/ A2+ C1+ B3/ C0/ D4\ D5\ E3/ E2+ E1+ A1\ B0\ @3\
8x8Trax_894023 toadisgimpy vs. Cindy MIA : @0+ B1+ A2\ B0/ A1+ @2+ B0\ A4/ B5\ D3+ A1/ @1/ C0/ A4+ B1+ C0+ D1/ E2/ F3/ D0/ E2/ F3/ @4/ @5+ G1/ H6/
8x8Trax_894085 twodawgs vs. spitfire : @0+ B1\ B0\ B0/ C1/ A1\ B0\
8x8Trax_894229 sithneedow vs. Rogue Trooper : @0/ A0/ @2+ A0/ @3\ A0/ C2+ D2/ @3+ E4\ F4+ D5\
8x8Trax_894288 Jump This vs. ellieoop : @0/ A2\ B1/ B2+ B0\ A1+ C3/ @2\ @2\ B1\ A3/ B4+ @2/
8x8Trax_894291 MIA 5108 vs. Rogue Trooper : @0/ @1/ B0\ C1/ B0\ C1+ D2\ D3\ E3/ C4+
8x8Trax_894331 Goonerg vs. csain1 : @0/ @1/ B0/ @1/ D2/ E2/ E1/ B3\ E3/ B0+ @2\ F0\ F0\ F0\ F0\ D4\ G4+ E3\ D3\ C2/ B2+ A3+ D8+ C1/ A2\ B8+ @3+ A4/ B7/ DRAW
8x8Trax_894332 csain1 vs. Goonerg : @0/ B1/ A2\ B0+ @1/ A0/ A0/ A4/ A6\ @6\ C1+ C6+ B7+ E4/ D6+ C7+ A4+ B8\ D8+
8x8Trax_894553 klaashaas vs. OkMeR : @0/ A2+ B1\ @1/ B3/ B4/ C3+ D2\ E3/ F2\ E1+ D0/ D0/ F2+ @4\ C2/ G6+ RESIGN
8x8Trax_894560 Brendans Grandmom vs. Absentee 13409 : @0/ B1\ @1\ C2/
8x8Trax_894561 Brendans Grandmom vs. Absentee 13409 : @0/ B1\ B2/
8x8Trax_894565 Brendans Grandmom vs. Uncle Chuckie : @0/ B1+ @1\ B0/ A1+ D2\ D1+ C3+
8x8Trax_894566 Brendans Grandmom vs. Vacant 1884 : @0+ @1/ @1\ B0/ B3/ D2+ B0+ A1+ C5\ D4\
8x8Trax_894578 Brendans Grandmom vs. MountainMist : @0+ B1+ A2+ @2+ A3\ A4/ B0/ @5\
8x8Trax_894580 Brendans Grandmom vs. Vacant 1884 : @0/ B1\ B0+ B3/
8x8Trax_894584 Brendans Grandmom vs. Absentee 13409 : @0/ A2\ @2\ C2/
8x8Trax_894649 twinkie vs. Jump This : @0+ B1+ A2\ B0/ C1/ @2+ B1+ D0/ C0/ E3+ A1/ E5\ E6/ C6\
8x8Trax_894652 windbreaker vs. firefly : @0+ A0\ A3/ @3/ A4/ @2\ A1\ A0/
8x8Trax_894727 SweetCindyJo vs. Shaker of Salt : @0/ B1\ A2/ @2\ C2\ C3+ B3+ B4/ A3/ @3+ B4/ E2\ A5/ @5+ A3\ A2\ @4/
8x8Trax_894762 Misery Midnight vs. MsDelete : @0/ B1\ B2\ C2+ A2/ A3/ A0\ @1\ A0\ E4+ B0/ C1/ @2/ B4/ D0/ A4/
8x8Trax_894771 Geri39 vs. Misfit Lenrad6672 : @0/ A2\ A3/ B2/
8x8Trax_894800 Geri39 vs. paganje : @0/ B1/ @1/ A0\ D2\ @2\
8x8Trax_894899 Megababe vs. Absentee 13409 : @0/ B1\ A2/ @2+ C2+ @2+ C0+ E2\ C0+ D5\ F3\ F2+ G2/ G5\ F1+ G6/
8x8Trax_894914 LilSis vs. Megababe : @0+ B1\ B2\ @2/ B3\ A3+ @2\ A1\ D0\ B5\ B6/ A6/ E2\ A4+ @6/ G2/ E4+ F3\ G1+ F0+
8x8Trax_894939 Phil The Hat vs. Uncle Chuckie : @0/ B1+ B2\ B3\ C3\ C4/ D1/ B0/ B0/ A6/ @5\ F5\ F6\ D7/ B1\ G7/ A3\
8x8Trax_894974 Geri39 vs. Misfit Lenrad6672 : @0/ B1\ @1\ B2\
8x8Trax_894985 DavidJ vs. Absentee 13409 : @0/ B1\ A2/ @2+ C2\ A3\ D1/ B0/ E3\ D4/ D5/ @3+ A1\ A0\ @3+ C1+ C0+ F3/ F2/ F1/ G7\ E8\ H5+
8x8Trax_895038 Brendans Grandmom vs. Vacant 27805 : @0/ A2\ @1\ C2/
8x8Trax_895039 maggies tavern vs. Brendans Grandmom : @0+ @1+ C1\ C0+ D2/ @2+ E1+ D0\ C1/ E4\ F4\ @3+ @3\ A2+ A1/ C2/ C0+
8x8Trax_895045 Brendans Grandmom vs. Vacant 1884 : @0+ @1/ @1\ B0/ C3\ C4\ C5\ D3+
8x8Trax_895137 Chad vs. Nargada : @0/ B1\ A2/ B0\ @2+ @3+ E2+ D0\ A2+ D4\
8x8Trax_895188 JenJen vs. MountainMist : @0+ A0+ A0+ @3\ C2/ B0/ B5+ B6/ D2/ D1/ D0/ C7\ C8\ A7\ E2+ F2\ E4\ E5+ C1\ @7\ G5\ H4+
8x8Trax_895189 JenJen vs. MountainMist : @0+ B1+ A2\ B0/ C1+ B0\ A1\ @4/ A5/ B0\ A4\ @6+ F3+ A2+ @5/ H3/ C0/ F2+ C8\ D8\ B8+ A3+ G5+ F6+ H5\ E7+ G7+ F8\ A8/ G1\ G8+ A2\ A1+ H2+ H8\ H1/
8x8Trax_895190 MountainMist vs. JenJen : @0+ B1\ @1\ A0\ B3/ B4+ @1+ A0\ @1/ D6+ D7/ C7/ A6+ @2\ C8\ G5\ H5+
8x8Trax_895191 geneoo vs. spitfire : @0/ @1\ A0/
8x8Trax_895242 Shosie vs. JenJen : @0/ A2\ A3/ B1\
8x8Trax_895261 Brendans Grandmom vs. MountainMist : @0+ B1+ B2\ @1\ D2\ E2/ E3\ F2/ D3+ D4\ A2\ A0/ B1+ C1+ C0\ E3+ A5+ D2+
8x8Trax_895264 Brendans Grandmom vs. Uncle Chuckie : @0+ B1\ A2\ @1/ A3/ @1/ D2\ E2\ B0+ C5+
8x8Trax_895395 Megababe vs. BECKYG : @0/ B1/ @1+ B2+ D1/ A0/ @2/ C1+ C4\ F2+ B3+ G3/ C0/
8x8Trax_895420 geneoo vs. spitfire : @0/ A2\ B1/ A3\ B2\ C1/ @1\ A0\ @2\ C5/ B4\ C1/ C0/ E4\ F3/ D1\ B6/ A5+ F1/ G1/ F4\ G4+ G3+ H1\ H3\
8x8Trax_895422 Jump This vs. Absentee 13409 : @0/ A2+ A3/ @2\ A0/ @3+ @3/ B1+ E2\ B5/ C6/ D5+ E1/ F2\ E4/ D0\ D0/ A3\ B1+
8x8Trax_895443 Misfit Lenrad6672 vs. Vacant 1884 : @0/ A2+ A0\ @2/ C3\ D3\ B4/ D1/ E1/ C0\
8x8Trax_895451 klaashaas vs. Uncle Chuckie : @0/ B1\ A2/ @2/ A0+ @1\ @1+ A0\ A5/ @4\ E5\ A5/ F4\
8x8Trax_895457 Misfit Lenrad6672 vs. Uncle Chuckie : @0+ B1\ B0/ C2\ C1+ C0/ D1/ @3/ C4\ E0/ F1/ C1\ C0\ B3/
8x8Trax_895469 OkMeR vs. klaashaas : @0/ B1\ B2\ A2+ C2+ B3+ D2/ @1/ @1/ A3\ F3/ C0+ @2/ B0+ H3\ H2+ E6/ F1/ E0+ E0\ C2\ G2+ G1/ H1/
8x8Trax_895493 Goonerg vs. Candy Cane Kaz : @0/ B1\ A2/ @1/ C2\ B3+ A0/ @1+ B4+ A3+ D4+ C5+ @3/ D1+ E5+ D6+ F5/ F3+ A4\ @4+ D5/ D0+ G7\ H7\ H6/ E8+ F2+ E1+ H8+ B2+ F1+
8x8Trax_895507 klaashaas vs. Vacant #28703 : @0/ A2/ B2/ B1/ C2+ A3/ A4+ @2+ @3\ A4+ B5+ D5+ C0+ C0\ A1+ B8\ @4\
8x8Trax_895519 Megababe vs. s_strum : @0/ A2\ B2\ B1+ B0/ C2/ C1/ D2\ C0/ E1\ A1\ A0\ @3/
8x8Trax_895545 Geri39 vs. Misfit Lenrad6672 : @0/ A2\ A0+ B2\
8x8Trax_895641 Chimera vs. Megababe : @0/ B1\ A2/ A3/ A0/ @2\ D2\ @3+ E3\ D4+ C5\ B5+ @3/ E5\ D6\ B6+ G4\ G5\ G6\ C7+ F6+ @4+ F7+ F8\ G8\ B7+ D8+ H7\ A3+ C1/ A2+ H3+ A1+
8x8Trax_895654 * Sassy_Angel * vs. Vacant #28703 : @0/ A2+ @1\ A0\ @1+ B3+ @2/ B0+ B0\ A1\ @2\ D6+ D7\ E7\ F4/ B0+
8x8Trax_895683 three horses vs. Megababe : @0+ B1\ C1+ @1/ A2/ D0/ B1+ E2+ E3\ D4\ C0/ C6+ C0/ D2+ E6\ A8+ F5+
8x8Trax_895686 Rogue Trooper vs. CHESSCATJAY : @0/ B1\ A2/ C1\ C0\ B3+ C4/ A5/ @5/ C6\ D6\ E6\ E1/ D0\ F4/
8x8Trax_895744 Sushi Warrior vs. Goonerg : @0+ @1/ @1\ B0/ A1+ A0/ B1+ C4\ A4+ D4/ D3+ D2/ C1+ E2\ B5/ E4\ E5\ C6/ A5+ @5/ C6/ E7\ G4/ F1/ G1/ E0\
8x8Trax_895745 Sushi Warrior vs. Rogue Trooper : @0+ B1\ C1/ C0/ B1+ @2/ A3/ A4+ B5/ @3/
8x8Trax_895752 Sushi Warrior vs. Goonerg : @0+ @1/ @1\ B0/ A1+ A0/ B1+ C4\ A4+ B5\ C5+ D5\ C1+ D6/ D1\ D0/ E1/ E2+ D3+ E7\ D5/
8x8Trax_895839 Misfit Lenrad6672 vs. Vacant 1884 : @0+ @1\ A2/ @1\ A2+ @2+ A3/ A4/ @2\ C0/ B1+ C5\ C6\ E4+ D1/ D0/ F4/ F7\ F8\ G5+
8x8Trax_895841 Misfit Lenrad6672 vs. Vacant #28703 : @0+ @1\ A2/ @2/ A3/ A4/ A1+ @1\ A0\ @4+ B6\ F2/ F1/ E0+ E5+ F7\ G6\ E8\
8x8Trax_895844 Misfit Lenrad6672 vs. Rogue Trooper : @0/ A0/ B1\ A3\ B2+ C2\ C3\ C4\ D4\ D1/ B0\ E3/
8x8Trax_895854 Misfit Lenrad6672 vs. Goonerg : @0+ A2/ @2\ A1\ @1\ C0/ C0+ D1/ D2+ @2/ E0/ F4/ B1\ D0/ G3/ F6\ G5+ E7/
8x8Trax_895892 Vacant 19004 vs. Rogue Trooper : @0+ @1\ @1/ B2\ D1/ C0+
8x8Trax_895974 REBEL DJ vs. * Sassy_Angel * : @0+ @1+ @1/ A2\ C2\ C3\ C4+ D1\ D2\ E2\ D3\ A3+ E4\ D5/ D0\ F4\ B1+ @4+ A5+ @4+ C6+
8x8Trax_895976 REBEL DJ vs. * Sassy_Angel * : @0/ A2\ B1/ B0\ C2\ C3\ A1+ @1\ D4/ C4/ B0\ A1\ A0\ C7+ @2+
8x8Trax_895985 REBEL DJ vs. * Sassy_Angel * : @0/ A2\ B2\ B3+ @2+ A1+ D3+ D4/ @2+ D1+ E2/ F2/ E1/ F1+ E0\ B1/ G3+ H3\ G5\ G6+ H5+
8x8Trax_896018 whitewolf vs. Rogue Trooper : @0/ @1/ B0\ A1+ @1/ A2/ @2/ C3\ C4+ D3+ E3\ E4\ D5\ @4\ F5+ G3+ G5+ G1/ G0+ H3/
8x8Trax_896044 Whistler Gandalf vs. SarahMills : @0/ B1\ A2/ A3+ B3+ A4/ A5+ B4\ @4/ @3+ D0/ E1/ E5\ F1/ D6+
8x8Trax_896098 immitzi vs. Goonerg : @0+ @1/ A2/ C1\ A3/ D2/ C0\ E3/ C0\ A2+ A6+ @4+ @5\ A2/ @2+ F7+ RESIGN
8x8Trax_896155 Nanett MIA vs. Jump This : @0/ B1/ C1+ B0\ B3/ A3/ A1\ @3+ A4\ E3\ E2+ F2\ F3\ A1\ @2/ B0/ H4\ H5\ E6+ H6+ F7/ D7/ E8/ D8+ C8/ B8/ A7+ D1\ H7\ E2/
8x8Trax_896238 FrostyColdOne vs. mcinturff : @0/ B1+ A0\ @1\ A2+ A3/ B3\ @2+
8x8Trax_896263 Sir Pussycat vs. immitzi : @0+ @1\ B0\ B3\ C2+ A1\ @1/ A2+ E2+ B3+ B4/ @4+ @4\ A2+ @4\ E5/
8x8Trax_896286 Sir Pussycat vs. Uncle Chuckie : @0+ B1\ A2\ @1/ C2\ D2\ B0+ C4+
8x8Trax_896367 klaashaas vs. Beaupol : @0/ B1\ A2/ @2+ @1/ B0\ B0+ A2+ D1/ E2/ D0\
8x8Trax_896370 Arctic Warrior vs. Its An AK Jeep Thing OTC : @0/ A2\ B2\ B3+ A0\ @1\ D3/ C2+ A0+ C6+ C1/ C0/ D3\
8x8Trax_896402 arthur vs. ejd : @0/ B1\ A2/ @2\ C0/ B4\ D1\
8x8Trax_896430 Nan54 vs. shaper : @0/ A2\ B1/ B0+ C2\ C3\ D3\ B4/ D1/ E1/ @3+ F4/ G1/ E5\ @3+ F6/ B5/ E6+ E7\ A5/ F8\ G8\ C6+ G7/ H7/ H4+ B7\ D8/ G5\ B2+ B8\ H6+ H2+ H8+ A1\
8x8Trax_896452 pioenroosje vs. Megababe : @0/ B1\ B2\ A2+ @2/ A3/ @2/ B1+ A3/ C4\ C5+ D4+ @3\ A4+ E5+ F4/ F3+ F2+ G2/ F0+ E7/ C1\ E0/ A4+
8x8Trax_896465 Brendans Grandmom vs. Goonerg : @0+ @1/ @1\ B0/ A1+ A0+ C1+ @2\
8x8Trax_896542 littlelady vs. Goonerg : @0+ B1\ C1/ C0/ A1\ B0+
8x8Trax_896647 color Purple happy vs. Megababe : @0/ A2\ B1/ @2\ C2\ D1+ E1\ E2\ D3\ A4+ F2\ @3+
8x8Trax_896674 RazzleDazzleRedhead vs. Jump This : @0+ A0\ A3/ @3/ A4/ @2\ D4\ D5\ D2+ @4/ A5/ C5+ E6\ A6+ B1\ @5/
8x8Trax_896717 brodie_bruce vs. Goonerg : @0+ @1/ @1\ B0/ A1+ A0/ B1/ C0\ @1\ B0/ A4/ @4/ D1+ D6/ F3/ @4/ @4\ C2/ F0/ G1/ H2/ D8+
8x8Trax_896730 Goonerg vs. Rose : @0/ B1\ A2/ @2+ C2+ C3\ @1/ B3/ D4\ @3/ C4/ C5/ F3+
8x8Trax_896740 Jump This vs. Aphrodite : @0/ B1+ C1/ C0/ B0/ A2+ B0/ C2+ C0+ @4+ E3\ B6/ @5/ F6\ F7+ G5\
8x8Trax_896810 shelly01 vs. Goonerg : @0/ A2\ A0\ B2\
8x8Trax_896890 Absentee 13409 vs. Goonerg : @0/ B1\ A2/ @2+ B0+ @1/ C0+ C5/ D5+ D6\ E6\ F6\ D7/ E8+ G8+
8x8Trax_896893 Absentee 13409 vs. Goonerg : @0/ B1/ B2+ B0/ C1/ D1/ B4+ C0+ @3+ @3/ A2+ B4+ C5+ C6/ A5+ G1/ F0\ A1/ C1+ D0+ D8\ E8\ G6+ @5/ G7+
8x8Trax_896896 FrostyColdOne vs. mcinturff : @0+ @1/ @1\ A0\ B1+ @1/ A2+ C0+ D1/ E2/ E1/ D0/ D0+ F3/ E2/ @5/ B6\ B7\ C7\ C8\ F5+ H4\ G2/ C2+ F6+ B2+ A3+ A2+
8x8Trax_896913 Goonerg vs. Bg Hank : @0/ @1/ A2/ C1\ @1/ B3/ A2/ @1/ F1/ E0\ C0+ A4+ @2+ G4\ E6+
8x8Trax_896985 Sir Pussycat vs. The Mad Hatter : @0/ B1\ A0/ B3/
8x8Trax_897001 FujiTape vs. cheyenne MIA : @0/ B1\ A2/ C1\ B2+ @2/ D3/ A0\ @2/ E1/ C0\ F2\
8x8Trax_897003 cheyenne MIA vs. FujiTape : @0/ B1\ A2/ B2+ B3+ C2/ C3+ B4/ @3/ A1/ C5\ D4+ D5+ E3\ F2/ F1/ D0\ B1/ A0\ D1+
8x8Trax_897034 Goonerg vs. cheeseman660 : @0/ A2\ B1/ B2+ B0\ C3/ C2+ C1+ A4/ C0\ @5\
8x8Trax_897051 Goonerg vs. northern-star : @0/ B1\ A2/ @2/ C2\ B3/ @1/ D3\ D4\ B3/ B4/ C5/ A4+ D5\ D6\ B5+ C0/ E3+ @5\
8x8Trax_897075 Goonerg vs. rolle : @0/ @1/ @1/ C0/ @1/ B0/ D1\ D0\ C0/ B2+ B0/ @4+ @4/ A6+ E7+ G3+ H4/ H5+
8x8Trax_897086 Chad vs. Absentee 13409 : @0/ A2\ B2\ B3+ A4\ @4+ B0\ A1\ @1\ C0+ D2+ C0+ E3/ @5+ C8/ B8/ F5\ G2\ @4/
8x8Trax_897092 The Mad Hatter vs. Sir Pussycat : @0+ @1/ A0/ A0\ @1\ B4/ A3+ D4\ D5\ @1\ A3/ C5\ A0\ @2/ A3/ B6/ A5\ C7\
8x8Trax_897115 FujiTape vs. Vacant 1884 : @0/ A2\ B1/ @2\ D1\ D2\ E2\ E3\ F3\ D4/ B3+ A0\ @2/ H2/ F1+ F0\ H2/ H1/ E0/ G8\ H8\ D2+
8x8Trax_897116 FujiTape vs. TrueIndian : @0/ A2\ B1/ B2+ B3\ C3\ C4\ D4\ D5\ E5\ E6\ F6\ F7\ G7\ F8+ H7\
8x8Trax_897151 Goonerg vs. Vacant #28703 : @0/ A2/ @1\ A0\ C2/ C1/ B0/ D4\ C5/ @3\ B1\ B0\ A2/ B6+ F5+ @4\ G6/ F7\ A1/ @6/ C7\ G2+
8x8Trax_897155 Goonerg vs. daw : @0/ A2/ @1\ A0\ C3+ C4\ C5\ D3/ A5/ D1/ A6\
8x8Trax_897186 Goonerg vs. ema_18 : @0/ A2\ B1/ B0/ A0/ A5\ A6\ B6+ C4/
8x8Trax_897191 Brendans Grandmom vs. Rogue Trooper : @0+ A0/ B1\ A3/ @2/ @2/ B3+ A1\ D2+ B0/
8x8Trax_897196 Brendans Grandmom vs. Vacant 1884 : @0+ @1\ B2+ B0+ C1/ @2\ E1+ B0/ F2\ F3\ G3\ D5/ E1/ E0/ D1+ B1+ @1/ D7/ C6\ D8/ E8/ C8+
8x8Trax_897200 Goonerg vs. Brendans Grandmom : @0/ A0+ A0/ A4+ @4\ A1+ A0\ A0+ @3+
8x8Trax_897224 Goonerg vs. ema_18 : @0/ A2\ B1/ B0+ B3+ @1\ A0\ D4\ D5\ E5\ D2+ C1+ F3/ F2/ D1/ D0/ @3+ E0+ H4+
8x8Trax_897274 silverrbts vs. mcinturff : @0/ B1+ C1+ D1\ @1/ C2+ D2\ E2\ F2/ @1/ @1/ B3+ D4/ F3/ F4\ F5/
8x8Trax_897344 arthur vs. ejd : @0/ A2+ @1\ B0/ C1+ A1\ A0\ C5\ D5\ C1/ A0/ A0\ @1\ E8+ C2+
8x8Trax_897354 gladriel vs. Absentee 13409 : @0+ @1/ A0/ C2\ B3/ C4+ @2/ B3/ C5/ A3+ A4+ A5/ B6/ D5+ @5/ B6/ B7/ A7/ @6/ B3\ C0/ E1/ @6\ G2/
8x8Trax_897368 gladriel vs. Vacant 1884 : @0+ @1/ A0\ @2/ A3\ A1\ C3/ @2\
8x8Trax_897402 arthur vs. ejd : @0/ @1\ A0/
8x8Trax_897419 arthur vs. ejd : @0/ B1\ A2/ B2+ C1/ @2/ C0/
8x8Trax_897457 Brendans Grandmom vs. MIA 27923 : @0+ @1/ B0+ A3\ B3\ C3+ C1/ C4/
8x8Trax_897504 Nan54 vs. cocopuff : @0/ B1\ B2\ A0/ A3/ B4\ C4+ C5/ C0/ D1/ B0\ A1\ @1\ A0\ E6/ E5+ F3+ F5\ G3/ B7+ H3\ G4+ E7\ H5\ H6\ H7\
8x8Trax_897515 ryry vs. Absentee 13409 : @0/ B1\ B2/
8x8Trax_897543 bubbly vs. Adam : @0+ B1+ B2\ A2/ B3\ A0/ B5/ A5/ @3+ A4+ D4\ C0/ D1/ E3\ @6/ B7+ B8\ A5\ @6/ @6+ H5\ E7+ C7/ B4\ A7+ B8/
8x8Trax_897544 bubbly vs. Adam : @0+ @1+ A2/ B0\ @3+ B4\ C4\ C5\ @3+ E4+
8x8Trax_897545 twodawgs vs. spitfire : @0+ @1\ B2/ @2/ A3/ @1\ A0\ B1/ B0\
8x8Trax_897546 Adam vs. bubbly : @0+ B1+ A0/ A3/ A0/ C3+ C2/ D2/ @2/ F2/ F1/ D0/ D0/ G3/ G2/ @3\ A2\ B7/ A5+ D6+ C2/ B1/ G1+ C7\ C8/
8x8Trax_897558 Geri39 vs. Megababe : @0/ B1\ @1\ C2/
8x8Trax_897774 00buc vs. Megababe : @0/ @1/ C1\ C2/
8x8Trax_897811 spitfire vs. *Rosie* : @0+ B1/ B2\ A2/ C1\
8x8Trax_897815 Nancy vs. mcinturff : @0/ B1+ @1\ A0\ @1/ E2\ F2/ D3+
8x8Trax_897816 Vacant 27452 vs. Rogue Trooper : @0/ @1/ A2+ B3/
8x8Trax_897820 spitfire vs. *Rosie* : @0/ B1\ B0/ B3/
8x8Trax_897826 spitfire vs. *Rosie* : @0/ A2\ B2+ B1+ @2/ D2/
8x8Trax_897843 spitfire vs. *Rosie* : @0+ B1/ B2\ B0\ C2\
8x8Trax_897883 sweetbaby vs. Rogue Trooper : @0/ A0/ A0+ A0\ @1\ C1\ C3+ A0\ A0\ @3+
8x8Trax_897909 ryry vs. meriping : @0/ B1\ C1\ A2\
8x8Trax_897993 Vacant 19004 vs. Rogue Trooper : @0/ @1/ B0+ @2+ @1/ B0\ B4+ E2+ A1\ @1\ C5+ B0/ F4+ A0\ @2/ H4/ D2/ C0+ C8+ G7+ E1+ H6\
8x8Trax_898025 Logged Off 6467 vs. Misfit Lenrad6672 : @0/ A2\ A0\ B2\
8x8Trax_898028 Logged Off 6467 vs. paganje : @0/ B1\ A2/ B0+ @2\ A1\ D2/ D1/ A0\ C1/ A5/ B0/
8x8Trax_898055 Jump This vs. *Make Peace : @0/ B1+ C1/ A2/ B3/ C2+ C4/ D3+ E4/ D2/ D1+ D0+ A4+ @3+ A4+ @4/ @4\ A3\ G0\ B6+ C7+ D7+ C8/ F7+
8x8Trax_898104 Mististar vs. Honeybear : @0+ @1\ A2/ @2/ A1+ C2\ C3\ A0\ @3/ E2/ E1/ B0\ F2+ F1/ @4/ F1+ B5+
8x8Trax_898135 Jump This vs. Wendilove : @0/ A0/ B2/ B1+ A3\ @2\ @2\ B1+ A3/ @3/ D4/
8x8Trax_898143 outta here vs. Jump This : @0/ @1/ B0/ A0/ B1+ A4\ B4+ C2/ A5\ B6/ @5+ D6\ E4\
8x8Trax_898148 Lorraine of the Renegades vs. Jump This : @0/ @1/ A2+ C2/ A3+ B0\ A5+ A1+ A6+ @1/ A2/ D2+ @2\ A1\ A0\ A0+ E3+ E6+ B7/ A7/ @4\ @4\ B3\ E2/ B1+
8x8Trax_898201 Mististar vs. Honeybear : @0/ B1\ A2/ B0\ B3\ A4/ @3+ @2/ E2\ D0\ @4/ A5/ A6/ A7+ @5+ H3\ D0+ G5+
8x8Trax_898222 Megababe vs. BECKYG : @0/ @1+ @1\ D1+ B0+
8x8Trax_898224 Megababe vs. BECKYG : @0/ A0+ A0\ A4\ @2+
8x8Trax_898230 arthur vs. SweetCindyJo : @0/ B1\ A2/ B2+ A0\ @1\ A0+ A3/ @3/ B4/ B0+ D6/ C6/ C7/ B7/ E7\ D8/ A6/ @6/ C8/ B7/ A7/ B8/ A8+ @8/ C2+ H6\ F3+ B2\ A2\ A6+ G3/ G1/ H1/ B1\ A1+ H7+ H8+
8x8Trax_898254 Aphrodite vs. Megababe : @0+ B1\ A0+ A0/ B1/ C2/ B0+ B0\ @2\ D5\ E4/ C6+ E3+ F3\ F5+ A1\ A0\ @3+ A5+ H6+
8x8Trax_898268 Aphrodite vs. Jump This : @0/ @1/ B0+ A3\ B0+ B4+ C4\ C5+ D5\ D3\ C6+ C7\ E7+ E8\ F8\
8x8Trax_898303 SweetCindyJo vs. Vacant 1884 : @0/ A2\ B2\ B1+ B0/ C1/ D2/ @2/ D0/ E1/ C5+ @4+ G2/ G1/ D0\ C2+ B2\ A3+
8x8Trax_898327 Aphrodite vs. Jump This : @0/ @1+ @1+ @1/ A2/ D0\ @3+ A4\ C1/ @3\ B1\ E0\ F4+ D6+ F5+ G4/ G2+ G5+ G6+ H5+ G7+ H6+ H2+ B1/ D0/ D8/ B8/ A8+
8x8Trax_898338 Dragon Jr vs. Jump This : @0/ A0/ @2\ C1\ C2+ @2/ A3/ A1/ D0\ C0/ D5\ C6\ @4+ @4/ E7+ F7\ G7+ G8\ B7/ C8\ A6+ G5/ @6+ H3+ B8/ A8+ B3+ B2\ A2\ F8+
8x8Trax_898357 Misfit Lenrad6672 vs. CHESSCATJAY : @0/ B1\ A2/ @2/ C2\ B3/ C3+ D3/ B4+ A4/ A5/ @5/ A6/ @3\ @4+
8x8Trax_898358 Misfit Lenrad6672 vs. CHESSCATJAY : @0+ B1+ A0/ A3/ B3+ C3\ C4\ B0/ C2\ D4\ @4/ F4/ F3/ @4/ D6+
8x8Trax_898369 Absentee 13409 vs. Jump This : @0/ @1/ B0+ B0\ @1+ B4/ @4+ D0/ E3/ F3/ C1+ @4+ B1+ @4+ G1/ C6+ B6/ C7\ E7+ D8\ E8+
8x8Trax_898536 geneoo vs. spitfire : @0/ A2\ B1/ B2+ A3/ @2+ A3+ @3/ B1\ B0\ E3/ E2+ E1/ F2+ F3\ F4\ G1/ F5/ G0\
8x8Trax_898601 Jump This vs. gorrick the goblin : @0/ @1/ A0/ B1+ C1\ B0/ B0/ A2+ A0/ D3+ C1/ E3+ @3\ E1/ F1/ C0/ C0/ B8/ E2/ @6+ @5+ A6/ A4+ B3\ B2+ B1/ C2/ F1+ H6+ DRAW
8x8Trax_898608 Lucille vs. Jump This : @0/ @1/ A2+ C2/ A3+ C3\ D3\ B0\ D3/ E4\ A1+ @1/ B5/ A2/ @2/ B5/ A4+ @2/ C6+ D0/ F2/ C8/ B8\ H2/ G1\ E8/ C1+ A7/
8x8Trax_898639 toadisgimpy vs. Missing 26452 : @0/ A2+ @2\ C1\ B0/ B4\ C4\ D3/ D2+ E2/ E3+ F1/ D0+ @4/ A5/ B6/ E0+ @6/ A7/ B4\ F0+ B4+ H6\ B3/ G8+
8x8Trax_898694 Megababe vs. Ali : @0/ B1\ A2/ @2/ C2\ C3\ @1+ B0\ B0\ @3\ A2\ B1\ E1/ D0\ F4/
8x8Trax_898701 SunDrop Kid MIA vs. Rogue Trooper : @0+ B1\ A0+ A0/ B4\ @3+ C2+ D3+ E3\ E5\ F5\ B5/ D6+ A4/
8x8Trax_898718 Care-N vs. Megababe : @0/ A0/ @2\ @2/ @2\ C3/
8x8Trax_898721 Misery Midnight vs. goldfreckles : @0/ B1\ B2\ C2/ B3/ A3/ A4/ @4/ A5/ @3\ F2\ F3\ @4\ H5\ D0\ C1\ A7/ B2+
8x8Trax_898736 SweetCindyJo vs. rockdude : @0/ B1\ B2\ A2+ C2/ C1+ D1/ D0/ C0/ E3\ E4\ E5\ D6\ E6\ F5\ F6\ E7\ F7\ G6\ B7/ C8\ H2/ G1\ A6+ G7+ G8\ B8/ D1/
8x8Trax_898748 DavidJ vs. Vacant 1884 : @0/ A2+ A3/ @3\ A1\ B0/ @3+ B1\ B0\ @2+ B0/ C7\ D2+ E4+ D0/ E1+ @2\ B1+ @3/ A4/ @2\ B1+ C5+ C6/ C7/ B8+ A8/ H3+ C8+ H7+ A1\
8x8Trax_898750 STrek vs. Absentee 13409 : @0+ @1/ A2/ @2+ @1/ A0+ B0+ E3+ B5+ F3+ @4/ A5/ E1/ C0/ G2/ F1\ F0\ A5\ @6/ H2/ H1+ C2\ B3+
8x8Trax_898799 SweetCindyJo vs. Shaker of Salt : @0/ A2\ B2\ B1+ B0/ C2\ A4/ @4/ D3+ E3\ E2+ B5\ E4\ C5+ C6\ D5+
8x8Trax_898812 DavidJ vs. Absentee 13409 : @0/ A2\ B1/ B0+ A4/ @3\ A0\ @1\ D1/ D0/ E2+ C1\ D0+ B2+ A5\ F3/ F1/ G2\ @5/ A6/ A7/ G0+ E8\ F8+
8x8Trax_898855 Jump This vs. Nanett MIA : @0/ A2+ A3/ B1+ C1\ C3/ B4/ D3+ E2\ C0\ D5\ B6/ F5/ F4/ A5/ A6+ B7/ @5/ @5+ A2/ G2+ F6/
8x8Trax_898885 Jump This vs. Aphrodite : @0/ A2+ A3/ @3/ @2/ B1+ D1\ B4+ C0/ A5+ D4/ @5/ B6\ A2\ @3\ C1\
8x8Trax_898962 Aphrodite vs. Jump This : @0/ @1+ @1+ C0\ @2+ C1\ B3/ B4/ D3+ @3\ D5\ E5\ F5+ D6+ B5+ D7+ B1\ B0\ @3/ @5+ A7+ D8+ H7\
8x8Trax_899022 Geri39 vs. Jump This : @0/ @1/ @1/ A0/ @2\ D1/ A1+ A0\ A0/ A0/ B2/ @3/ A1\ @2/
8x8Trax_899057 kleese2 vs. Jump This : @0/ @1/ B0+ C1+ @2/ A3/ C0+ @2\ B1/ F2+ G2\ G3\ H3\ D5+
8x8Trax_899137 Catz52Meow vs. paganje : @0+ @1+ A2\ B0/ A1+ @1\ A2/ B0+
8x8Trax_899194 GornTC vs. Megababe : @0/ A0/ B1+ B0\ @1\ B0/ C5\ D5\ B6/ A6/ @4\ E3\ F6/ E1/ C7+ E0\
8x8Trax_899217 DavidJ vs. radiofreak1017 : @0/ B1\ A2/ B2+ B0/ C1/ @2\ A1\ A0\ E1/ C0+ D4\ E4\ F2/ F1/ D0\ G3+
8x8Trax_899267 Jump This vs. Absentee 13409 : @0/ A2+ A3/ @3/ @3+ B1+ @2+ B4+ C0\ E2/ F3/ E4+ D5+ C0+ A6/ C7\ B1\ B8+ @7/ H4+ A6+ G3/ B1+ A3/ G6\ G7\ G8+ H7+ H8+
8x8Trax_899273 Megababe vs. Rogue Trooper : @0/ A0/ B1+ A3+ C1\ @3/ A2+ @2\ B4+ C5/ D4+ D6/ E5+ F3+ G4/ F6+ B0/ B7/ C1/ A6/
8x8Trax_899287 spitfire vs. *Rosie* : @0/ A2\ B1/ B2+ @1\ B0/ A1+ C1/ A0/ B1/ B0/ C2/ D2/ @4/ E1\
8x8Trax_899299 GIDGET10 vs. Rogue Trooper : @0/ A0/ A3\ B2\
8x8Trax_899386 Megababe vs. MountainMist : @0/ B1\ A2/ @2+ B3/ A4/ @3\ B0/ A1\ @1\ B0/
8x8Trax_899388 Megababe vs. Rogue Trooper : @0/ A0/ B1\ A3+ @2/ C2\ D2\ D3\ A4\ @3+ F2+ C5/ D0+ F6\ C1+ G4\
8x8Trax_899389 Megababe vs. Rogue Trooper : @0/ @1/ B0/ @1+ C0/ @3\ C4/ D0+ E3+ A1\ F3\ @3\
8x8Trax_899455 maggies tavern vs. Megababe : @0+ @1/ @1\ B0/ A1+ C3+ D3\ @1\ A0\ D5/ F4/ F3/ B0+ B6/ A6+ C7/
8x8Trax_899483 Misery Midnight vs. Judy : @0/ A2\ B2\ B1+ C2/ B3\ D2\ A4/ C1+ C0/ D4\ D5\ C6\ @5\
8x8Trax_899529 Bg Hank vs. Rogue Trooper : @0/ A0/ @2/ B0\ A1\ @3+ B4+ D4/ D1/ C0\ B6+ A2+ A5+ B1+ A6+ B7/ A1+ A8\ C6+ D7/ E7/ @6\ F5\ E1+ G6+ H6+ E3+ G4/ H7\ F3/
8x8Trax_899546 Misfit Lenrad6672 vs. Rose : @0+ B1+ A0/ A3/ @3/ @3+ B4\ A1\ C0/ @3\
8x8Trax_899563 Missing 10851 vs. Rogue Trooper : @0+ @1/ B0/ C2\ B3\ @3\ C4\ D4/
8x8Trax_899611 Megababe vs. Cindy MIA : @0/ B1\ A2+ B2+ A3/ @2+ C3\ C4\ A1\ B0/ @4/ B5\ C6/ E4+ E2+ F4+ F5+ G5\ E6/ D7\ F3+ C7/ E8/ @4+ B5/ A3\ H4/ G1/ H2+ B6+ D8+ A7+ C1+ A2/ C8+ A1/ H1+
8x8Trax_899700 Zieken vs. Megababe : @0+ B1\ A0/ @2/ B3\ B4\ C4\ D4\ D5\ @2/ F4+
8x8Trax_899715 carinda vs. Rogue Trooper : @0/ A0/ @2/ B0\ B0/ C1/ C0/ C0\ D1/ C0\ B2\ A2\ B1\ D4\ E3\ C5\
8x8Trax_899717 Zieken vs. Megababe : @0/ A0/ B2\ B3/
8x8Trax_899733 cocopuff vs. Rogue Trooper : @0+ @1/ @1\ A0\ B1+ C1/ C0/ A0/ B1+ @4/ A5+ A1\ A0\ @4\
8x8Trax_899786 SweetCindyJo vs. Ace1316 : @0/ B1\ A2/ B2+ C2\ C3\ D3\ A4/ @4/ A5\ B5\ D5\ C6\ E5+ D6+ E6\ F6\ D7/ A2\ @2\ @3\ A2\ B1\ C0\ A2\ F2+ H3/ H2/ G1+ B6+ H1/ B1+ E1\
8x8Trax_899827 SweetCindyJo vs. (**)(**) Bunny Toes : @0/ A2/ A3\ B3\ A0\ @1\ C5\ C1\ D3/ A3/ @3/ D6+ D7/ @3/ D0/ @4+ @3\ B2/ D2\ B5+ H6/ C1+
8x8Trax_900007 SweetCindyJo vs. rockdude : @0+ @1/ @1\ A0\ B1+ C1/ C0/ D1/ @2+ D0+
8x8Trax_900008 gorrick the goblin vs. Jump This : @0/ @1/ A0+ A3\ A0\ @2+
8x8Trax_900048 windbreaker vs. firefly : @0+ B1\ A0/ @2\ D2\ C3\ @1\ C0/ E4+ F4/
8x8Trax_900131 arthur vs. HeatherN : @0/ A2\ B1/ B2+ C1\ B0/ C3\ A0\ @1\ D5\ A3/ @2/ C0+ A5/ A6/ F4/ C0+ C0/ C8+ D1\ E3/ F4/ E2+ E1/ F1/
8x8Trax_900185 Jump This vs. Absentee 13409 : @0/ A2+ A3/ B1/ C2/ B3+ D3/ @3/ @2/ B1+ @1/ H3+ H4\ H2/ H1+ G0/ H0/ G1+ D6+ E7/ E8/ B5/ B7+ F7+ C8+ A6\ B8/ C2+ C1+ B2+ B1+ DRAW
8x8Trax_900205 Aphrodite vs. Jump This : @0/ @1/ A2/ @1/ A2/ @1/ B3/ A2/ A3/ C4+ E1/ F2/ C5+ F1+ E0+ F1+ F0/ G3/ E7+ G6\ H6+ H7\ F8+ E1\ H1+ A7+ D8+
8x8Trax_900236 Jump This vs. gorrick the goblin : @0/ A0/ B1+ C2/ D2/ B3+ B0\ C1+ E1\ C0/ B0/ B0/ E7/ A3+ @5+ A2+ @4/ E2+ G5\ E8+ @4/ A6/ A7+ C8/ A8+
8x8Trax_900341 CATNAP vs. Sista : @0+ @1\ B2+ A2/ B3+ @1/
8x8Trax_900422 Misfit Lenrad6672 vs. Rose : @0+ A2+ A3+ A4/ @4/ A5/ @5/ C0/ D1/ C0\ A8+
8x8Trax_900424 Rose vs. Misfit Lenrad6672 : @0+ @1/ A0\ @1\ C1+ D1/ D0/ B4\ C0+ C5+ D4+ E4\ E5\ @1+ C0/ F7+ G6+ H6\ H7\ F8/ C8/ B7/ F2+ F1+ H3\ B5/ A5/ H5+ B8/ A7+ G1/ H1/
8x8Trax_900486 DavidJ vs. MASHER : @0/ A2+ @1\ B0/ C3\ A1+ B4+ A4/ @3/ @3/ A4/ A5/ @5/ D6+ D7\ F6+ G4+ G1/ E8/ B7/ @2\ B1+ C8+ B8/ A8/ H6\ A1+
8x8Trax_900508 Nikki vs. paganje : @0/ B1\ A2/ @2/ C2\ B3/ C0/ D2\ D1+ A1\ C0/ @3\
8x8Trax_900514 Nikki vs. Misfit Lenrad6672 : @0/ A2\ B1/ B2+ C2/ B0/ @2\ D2+
8x8Trax_900521 DavidJ vs. ema_18 : @0/ B1\ A2/ @2/ B3\ C2+ D2\ D3\ D4\ E4\ E5\ D6\ E1/ RESIGN
8x8Trax_900558 DavidJ vs. Vacant 1884 : @0/ A2+ @1\ B0/ @2\ C4\ D3/ D2+ E4\ D5/ A3/ @4\ F2/ G2/ @5/ B6+ E0/ C2+ D1\ E0/ C1+ B3/ A4\ H5+ A2/ G7\ G8\ A8+ A1\
8x8Trax_900600 Misery Midnight vs. MsDelete : @0+ B1\ C1/ B0\ @1/ B0+ A4/ @4/ @4+ B3\ @4/ F4\ @4\ A3\ D0\ C2/ C3/ A3/
8x8Trax_900702 Megababe vs. Stinger : @0/ B1+ B2/ A2/ C1\ C3+ @3\ C0/ B1+ E3\ E2+ C0/ B6+ F4+ F2+ G4+ H4\ H5\
8x8Trax_900729 ryry vs. MASHER : @0/ A2+ B1\ @2/ C2+ B3\
8x8Trax_900795 DavidJ vs. MASHER : @0/ A2/ @1\ A0\ A4/ @3\ A1/ D2+ D4/ E2+ E4\ E5\ F3+ B5/ D6/ D7/ C6/ F7\ RESIGN
8x8Trax_900820 Zieken vs. Megababe : @0/ B1\ B2\ C2+ A2+ @1+ A2+ B0\ @3/ E1/ B4+ C0/
8x8Trax_900825 DavidJ vs. Absentee 13409 : @0/ B1/ A0\ @2/ D2\ C3/ C0/ D1/ E1/ B4+ E0+ A1\ F2/
8x8Trax_900830 DavidJ vs. Stinger : @0/ A2+ @1\ B0/ B0/ C1+ A2+ C0/ A1/ C0/ @4/ A3+ A1/ @3+ A2+ B0\ F3+ @3/ @4/ A5/ A6/ D7+ C7+ C8+ A3\ A2\ C1+ G1+ H1/ E8+ B8/ H5+ DRAW
8x8Trax_900851 DavidJ vs. Vacant 1884 : @0/ B1+ A0\ @2/ A1+ C3+ D2+ E2\ D3\ D1/ D0/ F3/ B0\ A1\ C0+ E2+ F2/ B0/ G3/ F1/ C8/ H2/ H1/ H4+ G7+ F8+ H8/
8x8Trax_900888 MASHER vs. DavidJ : @0+ @1\ B2+ B0/ B4+ C1+ B0\ D2\ C4+ D5/ D6/ E3+ A5/ @5/ @5/ C7+ H5+ E8\ F8\ G2/ F1\ H2+ H1/ B8+ C1\ B2+ A1\
8x8Trax_901011 Mikee vs. Megababe : @0/ A0/ B2+ B3+ C3\ A4+ C2+ @3/ A4/ A1\ B0/ @3/
8x8Trax_901016 DavidJ vs. Rogue Trooper : @0/ A0/ A0/ @1/ A2+ B0\ @4\ @4\ A2/ A1/ B5+ @4+ C6/ A2\ @3+ A5+ @2\ B1/ D0/ A7\ B8+ @4+
8x8Trax_901020 DavidJ vs. Vacant 1884 : @0/ A2\ B2\ B1+ B0/ C1/ D1+ D0/ B1/ A2+ D0+ E3\ A6/ @4/ C1+ C0\ @4\ B3+ A1\ D8+ E8\ @4/ A1+ C7+ B7/ A7+ B8+
8x8Trax_901023 DavidJ vs. Annie MIA : @0/ B1\ A2/ B2+ C2\ D2\ B3+
8x8Trax_901028 DavidJ vs. gorrick the goblin : @0/ A2+ A3/ B1+ C2/ B3+ @1\ B0/ C5+ E2\ E1\ A4/ @2\ D6/
8x8Trax_901044 arthur vs. ejd : @0/ A2\ B1/ B2+ C1\ D1/ D0/ B1\ C3+ D3+ C4/
8x8Trax_901066 el cielo es gratis vs. Rogue Trooper : @0+ B1\ B2+ C2\ B3\ B4\ C4/ A4/ @3\
8x8Trax_901114 Mikee vs. Megababe : @0+ B1\ B2\ @1/ A0\ @1\ A2+ E3\ C4/ C5+ B5/ A5/ @1\ D6/ C6/ F6\ E7\ G5\
8x8Trax_901275 DavidJ vs. Rogue Trooper : @0/ A0/ A0/ A0+ @1+ B0/ @2\ D2\ A3/ @2\ E6\ F4+ G3+ E7\ D8\ C6+ B6+ A6\ H3+ F7/ DRAW
8x8Trax_901280 DavidJ vs. StackMaster : @0/ A0+ A0\ @3/ A4/ @4/ @3+ C5+ E2+ E1/ D0\ E4+ @4+ D7\ G4+ G5+ @4+ H3+ G8+
8x8Trax_901391 Brendans Grandmom vs. Eriisa MIA : @0+ @1/ A0+ C2/ B3\ B1+ @2+ D4\ E2/ C0\ @2\ B1+ B0\ A2\ A1\ B5+ A4+ C6+
8x8Trax_901432 DavidJ vs. Eriisa MIA : @0/ B1/ A0\ @2/ C0/ D2\ E3/ A2\ @3/ D0+ E1\ E5+ A1\ @1+ C0\
8x8Trax_901438 DavidJ vs. Vacant 4242 : @0/ B1\ A2/ B2+ C2\ A3/ @3/ @1\ C4+
8x8Trax_901505 DavidJ vs. SNOWMAN : @0/ A2\ B1/ B0/ C2\ B3+ D1/ C3+ C0/
8x8Trax_901600 ellieoop vs. Jump This : @0/ @1/ B0/ @1/ B3+ D3/ C4/ D2/ D1+ E1/ A3/ @1/ A0+ B6\ A5+ D0\ @4\ D1+ F7\ G6+ H4\ E0/ F2+ G3/ F1+ G1/
8x8Trax_901651 Aphrodite vs. Jump This : @0/ @1/ B0+ B0\ A4+ C3/ @3+ E3\ C5/ A4+ @4/ A5+ A6\ F4+ A1\ A0\ @4+
8x8Trax_901738 SweetCindyJo vs. rockdude : @0+ @1/ A0\ @1\ C1+ D2\ B3/ A3/ @2/ C4+
8x8Trax_901870 Brendans Grandmom vs. MountainMist : @0+ @1/ A0+ A0/ B2+ A0\ @1\ A0+ @2/ A3/ B4+ B0+ B0/ E7\ A2/ @4\
8x8Trax_901884 JenJen vs. bubbly : @0+ @1+ A2\ A0\ @1+ A0/ A0\ @1\ D3/ E5\ E6\ @1/ A2/ @2/ A3/ A0\ @1\ G3+ H3/ H2/ F1/ F0/ D2+ D1\ C1\ B1\ F8\ A6/ A7/ A5\ C7+ B8\ A8+
8x8Trax_901885 bubbly vs. JenJen : @0+ @1\ A2/ @2/ A3+ @3+ C4\ D4\ A4+ @4\ A5/ @5/ D5+ B6/ B7+ A6+ B8+ @6+ @6/ A7/ F7\ F8\ E2+ H2+
8x8Trax_901886 bubbly vs. JenJen : @0+ B1\ @1\ A0+ @1/ C3\ B3+ B0\ @4/ A5/ E4\ F4+ A1\ B0/ @4\
8x8Trax_901919 macbann vs. Nan54 : @0+ B1+ A2\ B0/ A1+ B4\ C4\ B0\ C2/ A1\ D3\ D4\ E4\ C0/ E6/
8x8Trax_901989 DavidJ vs. gamester : @0/ B1\ A2/ @2\ A1\ A0\ A4/ @4/ D3+ C4\ C5\ C1/ C0/ A4\ @5+ @5\ A4\ @4\ A3\ B2/ @5/ A6\
8x8Trax_902150 MountainMist vs. JenJen : @0+ @1\ C1\ C2+ D1/ D0/ @2/ A3/ B4/ B1+ E0/ E4\ F3/ F1\ G1\ F0/ E6\ C7/ B7+ G1/ H1/ E7+ D8+ B2+ F6+ E8+ G5/
8x8Trax_902152 MountainMist vs. JenJen : @0/ B1\ A2/ @2+ B0/ C0/ D1/ D0+ D4/ D5+ C6+ D6\ E4/ F5\ G5\ D0+ E8/ G7\ F8\ G8+
8x8Trax_902153 MountainMist vs. JenJen : @0/ B1+ A0+ A3\ @3+ C3\ @3\ E2\ A2/ D1/ B0\ A1\ @1\ A0\ @3/ F6\ G6\ F2\ H5+
8x8Trax_902188 STrek vs. Vacant 1884 : @0+ @1\ B2/ C1/ A0\ A4/ @2+ E2/ D3+ C4+ B5+ F3/ D0+ F5\ F6+ G5/
8x8Trax_902191 STrek vs. luukwarm : @0/ B1\ B2\ A0/ @2+ @1/ A0+ @1\ A0\ D1\ @3+ F1/ G4+ F0\
8x8Trax_902217 spitfire vs. Nina : @0+ @1/ @1\ A0\ @1/ C1/ C0+ A1\ @2/ D0\
8x8Trax_902218 Nina vs. spitfire : @0/ B1\ B2\ A2+ C1/ C0/ C4\ D4\ @3/ @3\ A2\ D1\ D0\ F4/ C5+
8x8Trax_902232 Sista vs. luukwarm : @0+ B1/ B2\ C1/ A0/ C3\ D2+ B1+ @1+ F2\ F3\ F4+ G3/ E1/ G2+ D0/
8x8Trax_902410 SweetCindyJo vs. Catmane : @0/ B1\ B2\ A2+ @2/ C3\ D3/ @2\ A1\ E2/ C0\ B1\ D5/ B5\ F3+ B0\ A2+
8x8Trax_902471 Misfit Lenrad6672 vs. Rose : @0+ B1+ A0/ A3/ @3/ B4\ C4\ @3+ D5+ E4/ E5+ E2\ F4+
8x8Trax_902557 Weth vs. Goonerg : @0/ B1/ @1\ B0/ @2\ @2\ @2\ E3/ E4/ A1\ D0\ E6/ @3+ H4+ H2/ C7+
8x8Trax_902564 goldfreckles vs. Honeybear : @0/ B1\ A2/ A0/ @2\ A4\ @2+ @2/ @2/ D5\ F3\ G3\ H1/ F4+
8x8Trax_902573 MountainMist vs. Adam : @0+ B1+ B0/ B3/ B4/ A1\ A0\ C3\ @4/ @4/ B2+ F2/ F1/ F5\ F6\ G3\
8x8Trax_902575 MountainMist vs. Adam : @0+ @1+ A2/ C1+ @1/ A2/ @2\ C0\ A2+ E1/ E0/ B1+ @3/ B5/ E0+ D6\ C7\ E6/
8x8Trax_902576 Adam vs. MountainMist : @0+ B1+ B2/ A0\ B4/ @3\ D2/ C1/ A0/ D4+ A0\ @1\ A5+ F5\ G5\ D7/ F8+ E3+ @5+
8x8Trax_902645 DINGEROO vs. Honeybear : @0+ B1/ A2\ A0+ @1\ A0\ B0+ A4+ C2+ @3+
8x8Trax_902764 HeatherN vs. snaP632 : @0/ B1/ A2\ B2+ C2/ C1+ C0\
8x8Trax_902836 Sea Breeze vs. Nan54 : @0+ B1\ A0/ B0/ @2/ D1\
8x8Trax_902865 B Line electric streetcar vs. MASHER : @0+ @1\ B0/ B3/ B4/ B0/ C1/ C4+ D3+ @3\ C6/ E6/ @1\ C0+ A7/ @4\
8x8Trax_902938 Megababe vs. The Elf Himself : @0/ A2\ B1/ B2+ B3\ B0/ C3+
8x8Trax_902950 HONEYSUCKLE165 OTSB vs. Nan54 : @0+ B1+ A2/ C1+ B0/ C3\ B4/ B5/ A4/ @4/ C6/ A5\
8x8Trax_902973 Megababe vs. GornTC : @0/ A2\ B1/ @2/ B3/
8x8Trax_903028 DIRKSTRA vs. Rogue Trooper : @0/ A0/ @2+ B0/ @3+ D1\ D2\ E1\ A1+ B0\ E1\ F1+ G2+ D0/ C0+ G2\ G5+ H5+ F1/ F0/ E0+ D2\ H5/ H8/ G2/ H3/ A3\ A2\ D1\ F8/ D8\ H2/
8x8Trax_903070 Badger vs. Rogue Trooper : @0+ A2\ B1+ B0/ C1+ D2/ B4/ @3+ C5/ @3+ @3/ A4/ B2/ H2+ F4+ G4\ F0+ H6+ E7/ F0\ E1\ D3\
8x8Trax_903074 mcinturff vs. Jane : @0+ @1/ C1/ B2+ C2\ D2\ A3/ @3/ C0/ C0\ B1\ A1\ @3\ G4/ G3/ E1+ F2+ F5\ D6\ F6+ @5\ B1\ B6\ C0+
8x8Trax_903077 Jane vs. mcinturff : @0+ B1\ C1/ C0/ A1+ @1\ A0\ D1\ D0/ E1/ @3/ A4/ A5/ D1+ @2\ F0/ A2/
8x8Trax_903113 Cozy vs. Misfit Lenrad6672 : @0+ B1+ B2/ A0\ @1\ @1+ D4/ E2+ B4/ B5/ E4\ E5\ F3/ D5/ C6\ A4+ @3/ A2+ C6/ H3+
8x8Trax_903115 Cozy vs. paganje : @0+ @1\ A2/ @1\ A2+ D1/ A0\ B0+
8x8Trax_903121 MASHER vs. Rogue Trooper : @0+ A0\ B2/ B0\ A4+ C3/ @3/ B5+ B1\ @2+ @2/ A4\ C0+ B0/ A1+ @3\ E8+
8x8Trax_903136 gramat vs. Sir Pussycat : @0+ B1/ B2\ C2\ B3\ C1/ D2\ B0\ @2/ D0/ E1/ E2+ F2+ F3\ E5+ F4\ A4+ F6/ G5\ G2/ H5/
8x8Trax_903137 Sir Pussycat vs. gramat : @0/ A2\ B1/ A0/ B3\ C3\ @2/ D2/ E2/ C1/ D1+ F1\ D0+ E4+ D5+ F1\ A6/ @6/ E0+ E7\ D8/ F7+ G7+ A6\ @6\ H8\ D8+ A5/ F8+ E2+ E1+
8x8Trax_903158 immitzi vs. Rogue Trooper : @0+ A0+ A3/ B1+ @1/ C3\ D3+ B4\
8x8Trax_903179 Vacant 4242 vs. Megababe : @0+ B1\ @1\ C2\ B0+ @2\ D4+ C0/ D1/ E3+ E1/ F3\ D0+ B2+ @3+ A1\ E7+ @1/
8x8Trax_903180 immitzi vs. Jump This : @0+ B1+ B2/ A0+ B1/ @2+ D1/ B0\ C5/ E3/ A5/ A6/ A1\ @1+ C0+
8x8Trax_903204 IRISH vs. Megababe : @0/ A0/ @2+ B0/ B0/ A5\ C4\ @2+ C6\ D6\ E3/ B0+ @2\ D0\ E2+ F2/ C8/ B7\ A6/ F7+ G4/ A2+ B8+ B1+ H4+
8x8Trax_903210 Jump This vs. Rogue Trooper : @0/ A0/ B1/ C1\ @2+ E1\ E2+ D3\ F2\ A0/ D1+ F2+ B1+ @3/ A2+ F5/ B4\ D5+ B5+ D6+ F6+ C6+ A0\ @2+ A6/ A7/ C8+ F8\ H1+ G8+ F1\ A3+ H8\ A1\ D1/ E8/
8x8Trax_903243 Misery Midnight vs. MsDelete : @0/ A2\ B1/ B0/ C2\ C3\ D1/ D0/ B1/ D0\
8x8Trax_903272 Tigger vs. DavidJ : @0/ B1\ A2/ B0\ A0/ @2+ D2+ A0\ C1+ @1/
8x8Trax_903421 Tigger vs. toadisgimpy : @0/ A2+ @2\ C1\ B0/ C3+ D3/
8x8Trax_903530 FujiTape vs. pookster : @0/ B1\ A2/ @2/ C2\ D2\ B3\
8x8Trax_903623 Nancy vs. mcinturff : @0/ B1+ @1\ A0\ @1/ E2\ F2/ D3+
8x8Trax_903666 Absentee 13409 vs. Jump This : @0/ @1/ B0+ B0\ @1+ B4/ @4+ A5+ @5/ B6\ A2\ A1\ @4+
8x8Trax_903674 Aphrodite vs. Jump This : @0/ @1/ A2+ B3/ C3+ C0\ D1+ C5+ D5\ E2+ C6+ C7\ E6+ F4+ G6+ H6\ H7\ D0/ E1/
8x8Trax_903677 lucky vs. Jump This : @0+ @1+ C1\ @1+ E1/ E0/ F2\ E3\
8x8Trax_903777 FixitDave vs. Misery Midnight : @0+ B1\ A0+ B3/ A3/ A4/ @3/ A4+ @2\ C0\ B2\
8x8Trax_903899 Cachel vs. Morticia : @0+ @1\ A2/ @1\ A2+ D1/ D0/ E1/ E0/ E4\ F3/ C5+
8x8Trax_903939 windbreaker vs. firefly : @0+ @1/ B2\ C1/ D1\ B3/ A3/ @2\ A3+ A4/ @4/ C4+ @4/ F0+ G1+ F0+ G4+ D7+ E7+ F6/ G6+ D8+
8x8Trax_903949 Phil The Hat vs. TrueIndian : @0/ A2/ B2\ A3/ @1\ B0/ @3+ A5+ A1+ @4\ B0\ A1\ @5\ E1+ B0\ A2/ A4\ @4\ H3+ A7/ H2\
8x8Trax_903956 snaP632 vs. HeatherN : @0+ @1\ B0+ C1\
8x8Trax_904027 curleyquenot vs. Morticia : @0/ A2/ @1\ B0/ B4\ C4\ C3+ D2\ A1+ E3+ E2+ @1\ C0/ F6\ G6+ G4+ H6\ H4+ A3/ C6/ C7+ B6\
8x8Trax_904058 twodawgs vs. spitfire : @0+ B1\ B2\ C2\ A0/ A4/ @4/ B0/ E4\ F5\ D6/ D7\ B6\
8x8Trax_904095 Megababe vs. GornTC : @0/ B1\ A2/ C1+ D1/ D0/ B0/ A2+ C4\ B5/ E2+ D1/
8x8Trax_904098 Megababe vs. AWOL 27087 : @0/ A2\ B2+ C2/ C1/ D1/ D0/ D0+ E2/
8x8Trax_904324 arthur vs. ejd : @0/ B1\ A2/ @2\ B0\ C1/ D2/
8x8Trax_904345 arthur vs. HeatherN : @0/ B1\ A2/ B2+ B0/ C1/ A4\ B4\ B5\ @4\ D5/ D4/ D3+ E4\ D0/ E6\ D7/ E4/ F5\ A2\ @2\ A3+ C1\ C0\ H6/ H5/ G3/ G2/ G1/ H2\ B1/ E1/
8x8Trax_904508 maggies tavern vs. Sista : @0+ B1+ A0+ B3/ B1+ B0/ A1+ @3\ D3\ B5/ A4+ A5+ @5/ D0\ E2/ B2\ A3\
8x8Trax_904586 Mikee vs. Megababe : @0/ A2\ B1/ B0/ B3\ C3\ B0/ C3/ D3/ D4+ C2/ E4\ A0\ @2/ @2/ C0\ H6\ F7/ F8\ B5\ B2\ B7/ H4/ A5/
8x8Trax_904594 CHESSCATJAY vs. Misfit Lenrad6672 : @0/ B1\ A2/ B2+ B0/ C1/ @2\ A1\ B4+ B0+
8x8Trax_904596 CHESSCATJAY vs. Misfit Lenrad6672 : @0+ B1+ A0/ B3\ A3+ C2+ @2/ C4\ E2/ E1/ D0/ F2\ C6+ E4+ F3\ F4+ G4\ G5\ E6+ H5/ G6/
8x8Trax_904680 toadisgimpy vs. *Make Peace : @0/ A2/ @1+ A0\ A0+ B5/ C3\ C2+ B0\ @5\ E4\ RESIGN
8x8Trax_904722 toadisgimpy vs. *Make Peace : @0/ B1+ B0+ C2+ B0+ D3+ B0+ C5/ C3/ A2/
8x8Trax_904743 *Make Peace vs. Rogue Trooper : @0/ @1/ B2+ @2+ A3/ A4/ @4/ D4\ RESIGN
8x8Trax_904813 cocopuff vs. Rogue Trooper : @0+ B1+ A0/ B3+ B4/ A4/ @4+ B5\ A5+ @4\ E3\ A1\ C6+ @2\
8x8Trax_904820 Misery Midnight vs. MsDelete : @0/ A2\ B2\ B3\ C2/ C1/ D1/ C0/ B5\ B6/ @3\ B6+ F5\ E6/ E1+ D0\ G3/ G2/ H2/ B2\ H1\ C1\
8x8Trax_904856 Megababe vs. astyr : @0/ B1/ A2/ B0\ B0/ C1/ B0+ @5/ D5\ E3+
8x8Trax_904935 CATNAP vs. Sista : @0+ A2+ A0+ A4/ A0+ B5\ A6/ B2/ B3+ @2\
8x8Trax_905037 SweetCindyJo vs. mocads : @0/ B1\ A2/ B0+ B0/ C3\ D2\ A2\ @3\
8x8Trax_905050 SweetCindyJo vs. Catmane : @0+ @1+ A0/ B3\ C3+ C4\ A3+ @2+ @2/ A3/ B4/ @3+ E5\
8x8Trax_905272 yeye vs. Whistler Gandalf : @0+ A0/ B1/ B0+ B0+ C3/ @3\ D5\ E4+ F3/ E2+ C6/ B5+ E6\ C0+ F6/
8x8Trax_905273 Whistler Gandalf vs. rockdude : @0/ B1\ A2/ B2+ B3+ C3\ B4+ @3\ @3/ B4\ B5\ A1\ @3/ B0/
8x8Trax_905497 * Sassy_Angel * vs. superkaempe the gentle giant : @0/ A2\ B1/ @1/ B0\ A1\ @2/ @3\ C0+ C0/ F3\ C6+ B3\ A3\ @4/ G5\ H5\ D7\
8x8Trax_905826 arthur vs. ejd : @0/ B1\ A2/ A3/ A0\ A5\ @2\
8x8Trax_905838 The Mad Hatter vs. Sir Pussycat : @0+ A0+ A0/ @2/ C2+ D1/ D0/ B1\ A1\ @2/ E0\ D1\ A4+ @4/ D1+ D0\ D7\ E6\ E7+ F6/ F7+ F8/ G5+ G7\ H7\ H4+ B6+ B7/
8x8Trax_905963 Tigger vs. Misfit Lenrad6672 : @0/ B1\ A2/ B2+ C2\ A3/ A4+ @4/ A3+ A5+ @5/ F4+ F5\ D6\ A4\ @4\ B2/ G6+ H5/ A3\ D6+ F7\ H3/ B6+ G2/
8x8Trax_905964 Misfit Lenrad6672 vs. Vacant 1884 : @0+ @1\ A2/ @1\ A2+ C0+ D2\ D1+ E2+ E3/
8x8Trax_905999 SweetCindyJo vs. Catmane : @0/ B1+ A0\ @1\ A0\ B4/ @1/ B3/ A2+ @2/ A3/ A4/ @4/ D5+ F2/ D6/ G2+ E0\ H3+ G2/ H4+ H5\
8x8Trax_906187 DEG vs. Isischylde : @0/ A2\ B2+ C2/ C1+ B0/
8x8Trax_906488 arthur vs. ejd : @0/ A0/ A3/ A0\ @2/ C1\ A1\ @2/ C0+ E2\ B4/ D6+ F5/ F4/ G4/ F3/ G1/ G0/ G0/ B8/ D2\ A6/
8x8Trax_906555 daffyANGEL vs. Goonerg : @0/ A2\ B2\ A3\ @2\ @1/ D1/ E1/ @1\ B0/ E4\ A4/ @4/ C5/
8x8Trax_906575 Cachel vs. Goonerg : @0+ @1+ B2/ A0\ @1+ @2\ B3+ D1/ D0/ B5\ D5+ E2/ E4+ @4\ F1/ G3\ H3+ H4\ C1/ E0+ E0\ C2/ C1+ B1\ A4/ F8/ H7\ A2+ D8/ B8+
8x8Trax_906578 ema_18 vs. Goonerg : @0/ B1\ B2\ @1/ D1/ D0/ B3/ B4/ E3\ E4+ A3/ A1\ @2/ D0+
8x8Trax_906582 ema_18 vs. Goonerg : @0/ B1\ B2\ C1\ @1\ A0\ B3/ C4\ @2/ E1/ B0\ F3/
8x8Trax_906605 DavidJ vs. ema_18 : @0/ B1\ A2/ @2+ B0+ @3+ B4+ @3+ D0+ @4+ E0+ @5+ E7+ @5+ F8+
8x8Trax_906758 ryry vs. Zanda : @0/ A2+ B2+ B3/
8x8Trax_906828 Nirvana vs. Goonerg : @0+ @1/ C1+ A2/ @2+ @2+ @2+ G1+ @2+
8x8Trax_906829 Chef Jeff 1 vs. BabyGirl The Rebel Angel : @0+ B1+ B2/ A3\ B0\
8x8Trax_906831 cocopuff vs. Goonerg : @0+ @1/ @1\ A0\ D2/ D1/ C0/ @3+ C4+ B4+ F3\ F4\ F5\ G3+ @3\ B5+ G6+ D6/ D7/ A1+
8x8Trax_906835 Misery Midnight vs. MsDelete : @0+ B1\ B0/ C1/ A3/ A4/ @3\ C0\ B2+ D0/ B2\ A2\ @4\ F2/
8x8Trax_906836 princesarg vs. Rogue Trooper : @0+ B1\ C1/ C0/ A1\ B0+
8x8Trax_906845 Arctic Warrior vs. ema_18 : @0/ B1\ A2/ @2/ C0/ D2\ C3\ C4\ B1+ D1/ E1/ @2+ C0\
8x8Trax_906846 Arctic Warrior vs. Goonerg : @0/ A2\ B2\ A0/ C3/ B2+ @3/ A4/ D2/ A1\ @3/ C0\
8x8Trax_906854 Arctic Warrior vs. Goonerg : @0/ A2\ B2\ A0/ C3/ B2+ @3/ A4/ D2/ A1\ @3/ C0\
8x8Trax_906859 princesarg vs. Goonerg : @0+ B1/ C1\ B2/ A0\ A0\ A0\ @3+
8x8Trax_906864 Chef Jeff 1 vs. BabyGirl The Rebel Angel : @0+ @1/ A0\ A3+ @2\
8x8Trax_906874 BabyGirl The Rebel Angel vs. Chef Jeff 1 : @0/ B1\ B0+ B3/
8x8Trax_906946 Tigger vs. Megababe : @0/ @1/ A0+ B0+ @2/ B4\ A3/ B5+ @3/ D4+ @5/ A6/ A2\ A1/
8x8Trax_906977 Tigger vs. Megababe : @0/ A2/ B2\ A3/ B3+ @3\ A1\ C0\ D3+ D4\ D5\ E3/ B6+ F3\ F2+ A5+ @4+ C7/ A6+ E7\ D8\ F6\
8x8Trax_906979 Tigger vs. Megababe : @0/ A2/ B1+ C1\ @1/ E2/ C3+ D0/ F4\ E5/ G3/ G2/ F1/ C1\ D0/ D6/ F6+ D7/ B6+ A5/ @3/ B1+
8x8Trax_906983 Absentee 13409 vs. Goonerg : @0/ B1\ A2/ C1\ C2/ A0/ @1+ B0/ B0+ D1/ E1/ C0+ E3+ F4+ E6+ @4+ A2\ A1\ A0\ @5+
8x8Trax_907012 Uncle Chuckie vs. Honeybear : @0/ B1\ A2/ B0\ A4\ B4\ B5\ C5\ C2+ B0\ C7\ D7\ @4/ @4/ G6+ D8+ @4+ A7\ A6\
8x8Trax_907035 Misery Midnight vs. goldfreckles : @0/ B1\ B2\ A2+ B3/ A3/ A4/ C2\ @4\ A1/ C5\ @2\ A0\ @2/ C0\ B1\ B0\ A1+
8x8Trax_907037 Chad vs. Nargada : @0/ A2+ @1\ A0\ A3+ C3+ B4/ B5+ B6\ C6\ C7\ D4+ A7/ @2+ A5+
8x8Trax_907066 Goonerg vs. NASCAR : @0/ A2+ @2\ B3\ C1/ @2/ A3/ C4\ D0+ E2\ A1\ B0/ @4\
8x8Trax_907069 Goonerg vs. blondie : @0/ B1+ B2/ A2/ C2/ @2+ A3\ C0/ B1+ @3+ F3/ G3/ H3/ E0+ F6+ E0\ D2\ C2\ F8+ C1+ B1\
8x8Trax_907071 Goonerg vs. redrose : @0/ B1\ A2/ @1\ B0\
8x8Trax_907086 Goonerg vs. Brendans Grandmom : @0/ B1\ A2/ @2\ A1+ C2\ C3/
8x8Trax_907111 Goonerg vs. patty : @0/ A0\ @2\
8x8Trax_907114 Goonerg vs. NASCAR : @0/ B1\ A2/ @2+ @2\ D2+ E2/ E3\ F2+ G2\ G3\ F1/ F0/ E1+ E5/ D4+ C5\ H3+ B5/ B6/ G0\ D7\ C8\ E7\ D8+
8x8Trax_907120 Goonerg vs. *Make Peace : @0/ A2+ A0+ @1\ A0\ C2+ A0\ @1\ @2+ B5+ E1/ RESIGN
8x8Trax_907124 Goonerg vs. *Make Peace : @0/ B1+ A2\ C1/ C0\ B1\ A0/ C0/ D1/ D2+ D0+ RESIGN
8x8Trax_907141 Chad vs. Absentee 13409 : @0/ B1+ A2\ B2\ C1\ B3/ B0+ C3+ A4/ @2/ A4+ D4+ D5\ C6+ C7/ @2\ C1+ B6+ A5/ @4+ @4/ A6\ B7\ E0+ H4\ F1/ G1/
8x8Trax_907143 Goonerg vs. gramat : @0/ B1+ B2/ C1+ B3/ D1/ A3\ C3+ D0/ @2+ D5\ C6/ B6/ A6/ A7/ E0\ @7+
8x8Trax_907243 Goonerg vs. clint : @0/ A2\ B1/ B0\ A1\ A0+ @3\
8x8Trax_907265 cocopuff vs. toadisgimpy : @0+ B1\ @1\ A0+ @1/ B3/ C3+ B0+ C5+ A4+ B6/ B0+ C1+ B0+ A7/
8x8Trax_907308 Arctic Warrior vs. Absentee 13409 : @0/ B1\ B2\ C2+ A0\ @1\ C4/ B4/ A0+ C2+ A0+ A4/ @4/ B7\ C1+ C0/ E2/ F3/ E7+ F5\ E1+
8x8Trax_907419 cocopuff vs. Arctic Warrior : @0+ @1/ @1\ A0\ D2/ A0/ B1/ C2+ E2/ E1/ C0\ F3\ B5/ F4/
8x8Trax_907444 SweetCindyJo vs. Catmane : @0/ A2+ B1/ A3+ @1\ A0\ A3+ C1+ D2+ A0/
8x8Trax_907472 SweetCindyJo vs. Catmane : @0/ B1+ C1/ C0/ C3\ D3\ B3+ D1/ E3\ C4/ E1\ B4/ @3/ C5+ A4+ C6+ D0+ B6+ G4\ F7+ H6\ F8\ H8/
8x8Trax_907482 SweetCindyJo vs. Ace1316 : @0/ A2\ B2\ B3+ @2\ @2+ A1+ @2/ D4\ C0\ B1\ C0\ A2\ @3\ E7+ D0+ B2/ F8+ G7\ G8\ F4+ G4/ H7\ G3\
8x8Trax_907507 BabyGirl The Rebel Angel vs. Chef Jeff 1 : @0/ B1\ B0\ B3/
8x8Trax_907568 Buz vs. mcinturff : @0/ B1\ B2\ C2+ D2\ D3\ D4+ B0/ D6+ C1+ D1/ E2/ D7+ E6\ D0+
8x8Trax_907748 Absentee 25703 vs. Adam : @0+ @1+ A2\ A0\ @1+ @1/ B3+ E3\ @3+ F4/
8x8Trax_907775 Adam vs. Absentee 25703 : @0+ @1+ B2\ A2/ B3\ C3+ D3/ A3+ D4\ A4\ E3\
8x8Trax_907981 gorrick the goblin vs. Jump This : @0/ @1/ B2+ B0\ A1+ B0/ C2\ B5+ B6\ C6\ D5\ A5/ @5/ F5\ E6+ F4/ G5\ E3+ E7/ E2+ G7\ D1+
8x8Trax_907982 gorrick the goblin vs. Jump This : @0/ A0/ B2+ @2\ C0+ @3/ C4/ E3+ C5+ F3+ G3/ D6/ F2\ F4\ G5+ F1/ E0/ D8/ B7/ A7/ B3\ B2/
8x8Trax_907995 Tigger vs. Misfit Lenrad6672 : @0/ B1\ A2/ B2+ A3\ @2/ D2\ D3\ B4/ B5+ A5/ @3\ F4/ C6/ F1/ G1/ D0/
8x8Trax_908002 toadisgimpy vs. Absentee 13409 : @0/ B1\ A2\
8x8Trax_908096 Phil The Hat vs. Absentee 13409 : @0/ A2/ A0\ @1\ C3\ B4/ A0\ C2+ A3+ @3/ A6/ @6/ F2+ A3+ F1+ D0\ G3\ G6\ E7\ H5\
8x8Trax_908150 spitfire vs. *Rosie* : @0+ B1\ A0/ A0\ @1\ A3/ @3\ A2\ @2\ C0\ @4/ C1/
8x8Trax_908206 SweetCindyJo vs. Catmane : @0/ B1+ C1/ A2/ A0/ B0\ @3/ @3/ A4/ A5/ @5/ A6/ D0/ G4/ F5\ G5\ H5\ F6+ D8\ E8\ H3+ F8+ H7/ H8+
8x8Trax_908232 DavidJ vs. rockdude : @0/ B1\ A2/ B2+ C2\ A3/ A4+ @4/ A2/ B5/ D5\ E4/ C6/
8x8Trax_908237 DavidJ vs. Vacant 27805 : @0/ A2\ B2\ B3+ C2/ C1/ D1/ B0\ B0\ B0/ D6\ E5/ D1/ E1/ C7+ F5\ F6\ F1+ B8/ A8/ @5+ H1\ F2+ A4\ G4/ H5\ D8\ A3+ G7/
8x8Trax_908258 Adam vs. Barbie : @0+ B1+ A0/ B3\ A0/ @3+ D3/ @3\ B2\ A2+ B1+ B0\ A2\ B0+ D7\ @3\ A2\ C0/ E2+ @4+ A6/ A7+ @6\
8x8Trax_908259 Adam vs. Barbie : @0+ B1+ B0/ @2+ B3/ A1\ C0/ @1+ A3/ E1+ F3\ E4+ F4+ F5+ @1\ A0\ B6/ A6/ @6+ B7+ E7+ A7+
8x8Trax_908275 Adam vs. Barbie : @0+ B1+ B2\ @1+ A0/ A3/ C4\ D4\ D5\ E5\ C6/ D1+ @5+ A6/ B7+ D8\ E8\ G5/ F8+ G8\ H5+ H7\ A2+ A1\ G3+ H2+ H8+ A8+
8x8Trax_908292 Sir Pussycat vs. princesarg : @0/ B1\ A2/ B2\ B3/
8x8Trax_908380 DavidJ vs. northern-star : @0/ A2\ B1/ B2+ B3\ C2/ D2/ D1/ C0/ E2\ D5\ E5\ C6/ B6/ A6/ @4/ B7+ A7/ F8\ F1/ F4/
8x8Trax_908462 Geri39 vs. Brendans Grandmom : @0/ A0+ A0+ @1+ B0+ A1+ A4\ A0\ B1/ A0/
8x8Trax_908463 Brendans Grandmom vs. gorrick the goblin : @0+ B1\ C1/ B0\ B3\ @2+ E3/ C4/ C5/ E2+ B4+ F2+ C6\ D6\ E4+ G2+ H2/ H1/
8x8Trax_908472 DavidJ vs. MIA 27923 : @0/ B1\ A2/ @2+ B3\ C2+ C3+ D2/ C4/ @2/ A3/ E3\ F3+ G3/ G2/ D5/ D0\ A5/ A1\ @4+ C0\
8x8Trax_908593 FujiTape vs. pookster : @0/ B1\ A2/ B2+ C1/ C0/ @2\ D3+ A1/
8x8Trax_908703 SweetCindyJo vs. Ace1316 : @0/ B1+ @1\ A0\ B1+ C1/ C0/ A4\ D2/ E2+ D1+ F2+ D0+ G3+ H3\ H4\
8x8Trax_908927 *Make Peace vs. Adam : @0+ B1+ A2\ A0\ @2/ C4/ D2/ C5/ @5/ A6/ E4+ F3\ @5/ @4+ C7+ F6/ A2+ C8\ H2+
8x8Trax_909074 Rogue Trooper vs. *Make Peace : @0+ B1+ A2+ @1+ D1/ D0/ E1/ E0/ A4+ C0+ B1+ RESIGN
8x8Trax_909100 BabyGirl The Rebel Angel vs. Chef Jeff 1 : @0+ @1\ B2/ C1/ B0/ C1+ A0\ B0+ C2/ D2/ C1/ @3+ A4+ E1+ C0\ C7\ D7\ E7\ F6\ E8+ F8\ F4+ G6\ F2/ G2/ H4+
8x8Trax_909108 Misery Midnight vs. MsDelete : @0+ B1+ @1/ D1\ @1\ A0\ B1+ E3/ C1/ C3/ @1\ D0\ A4/ @4/ D5/ C1/
8x8Trax_909227 gramat vs. Sir Pussycat : @0+ @1\ B2+ A0\ B4+ @1+ C5+ B0\ @3+ B4\ D7+ @3+ @3\ B4/ C5+ C6/ B6/ B7/ @7/ B8\ C2/ @6\ D1+ A5\ H8+ G6/ A3+ A2/ B8/ A1\
8x8Trax_909358 toadisgimpy vs. Rogue Trooper : @0/ @1/ B0+ @1/ C0\ D1+ A3+ A4/ @4+ D4\ E4\ B5\
8x8Trax_909365 Logged Off 11019 vs. toadisgimpy : @0+ @1+ A0/ A3/ @3\ A2+ C3+ D2+ C4\ E2+ D4/ F2+ F1\ F3\ A4/ @2+ B5\
8x8Trax_909381 MIA 5108 vs. Rogue Trooper : @0+ A2+ A3/ B1+ @3\ A2\ @2\ A0\ D1\ B0/
8x8Trax_909393 Tigger vs. DavidJ : @0/ B1\ A2/ B0\ @3+ A0\ @1/
8x8Trax_909437 SweetCindyJo vs. Catmane : @0/ B1+ A0\ @2+ A1+ @2/ A3+ A1+ @1\ A3+ A0/ B1/ B0+ B0\ @2\ A5+
8x8Trax_909463 Sushi Warrior vs. Elvis : @0/ B1\ A2/ @2\ C0/ C3+ D1\
8x8Trax_909485 Sushi Warrior vs. Elvis : @0/ A2\ B2\ B3+ C3+ @3/ A4/ @4\ A3+ C4\ C5/
8x8Trax_909489 SweetCindyJo vs. Catmane : @0+ B1+ A0/ A3/ C2\ B3+ B4\ @2+ A1+ D5/ E4/ E3/ F3/ B0/ @3+ G2+ H2\ H3\
8x8Trax_909502 SweetCindyJo vs. Ace1316 : @0+ B1+ C1\ C2/ B2/ A0\ B1+ @3\ B4/ A0/ @4\ @3+ @3\ C0/ D6+ D1+ D7+ D8/ C8/ E1/ B6/
8x8Trax_909681 SweetCindyJo vs. Ace1316 : @0/ A2\ B1/ B0+ @2+ C0\ C4\ D4\ D2+ E4/ E5/ F5\ F6+ E6+ E7/ D6+ A4+ @4/ C7/ E8\ B7+ F3+ H6+
8x8Trax_909750 Adam vs. yayamom : @0+ @1\ @1/ B2\ D2/ @1\ A0+ B1+ B0+ B0\ A1\ A0\ @3/ C0/ D1/ B0\ A1\ @3/ A4/ @2\ G6+ G5/ F4+ G3\ H6+ B5+ B6/ A5/ C7+ A6+ E8/ A7/
8x8Trax_909752 Adam vs. TaUrUsRoSe : @0+ B1\ B0/ C1+ C2+ D1+ C0/ D3+ E2\
8x8Trax_909753 Adam vs. csain1 : @0+ A0\ A3/ @3/ B0\ B0\ A6/ @4\ A2+ @2/ @5+ F4+ F6\ C7\ F1+ G2+ F0+
8x8Trax_909876 Nancy vs. mcinturff : @0/ B1+ @1\ A0\ D2/ B3/ B4\ D1/ D0+ E2+ C5+ F2+ E1+ G2+ D5/ H2+
8x8Trax_909963 Aphrodite vs. Adam : @0/ B1+ A0+ C2\ A3/ C1\ A0\ @1\ E3+ D1+ @4/ B5+ G2+ E0+ E6\ F6\ D0/ A2+ F1/ F0+ H5/
8x8Trax_910168 StackMaster vs. DavidJ : @0+ B1\ A0+ @2/ B3\ C3+ A4/ @3\ E3\ C5+ D5\ D6\ E5\ F3/ F2/ F1/ G1/ G0/ H4+ E0+ F8/ A6+ A7/ DRAW
8x8Trax_910392 Adam vs. immitzi : @0+ A0+ A0+ @3\ C2/ C0\ C4+ @4\ E1+ D5/ B5+ E4+ F2/ B6/ E5+ G2/ E0+ G1/ H1+ F0+ F6/ H4\ H5\ E8+ F8\ G6+ B3/ C2+ C1+ A2\ A1+ H7+ H1/
8x8Trax_910435 Vacant #28992 vs. Adam : @0/ A2+ A0/ A4\ A0\ B4+
8x8Trax_910448 Vacant 27452 vs. Adam : @0+ B1+ B2/ A0\ C3/ A0/ B1/ B5/ @3\ A4+ @4/ D0/ E1/ F2+ D7+ B2+ A1\ C0+ B8\ F8+
8x8Trax_910618 DavidJ vs. ema_18 : @0/ B1\ A2/ @2+ B3\ C3\ C4\ D4\ D5\ E3/ B6+ A6/ F3+ G3+ F2\
8x8Trax_910748 silverrbts vs. mcinturff : @0+ @1+ C1/ A0+ A0+ A0\ B3/ @3\
8x8Trax_910930 SweetCindyJo vs. Ace1316 : @0/ A2\ B1/ B2+ C1\ C2\ A3\ B0+ B0/ C1/ D2/ C0+ D5+ E3/ A7\ @6/ @6+ B7+ B8/ A8/
8x8Trax_910985 Sir Pussycat vs. princesarg : @0/ B1\ A2/ A0\ @1/
8x8Trax_911017 Retired 25886 vs. BabyGirl The Rebel Angel : @0+ B1\ A0+ @2/ C3\ B4\ A1\ @2/ E2/ E1/ D0/ C1\ B1\ C0/
8x8Trax_911059 Whistler Gandalf vs. tiger : @0+ @1/ B2+ C1\
8x8Trax_911161 Misery Midnight vs. MsDelete : @0/ A2+ A3/ B1+ A4\ B4\ C4\ @3/ E4\ B5+ @4\ D6+ F7\ G7\ E8/ D8/ C6/
8x8Trax_911177 astyr vs. Megababe : @0+ B1\ A2\ B2+ B3/ @1/
8x8Trax_911234 Rogue Trooper vs. Vacant 27452 : @0/ B1+ B2\ B0\ @2+ A3+ D1\ C4+ D0/ E1/ A1\ @1/
8x8Trax_911274 JenJen vs. CoolStream : @0+ @1/ B0+ B3+ C3\ A1+ B4+ B0\ B6/ @2+ A1+ B6\ E5\ D6+ D7\ E7\ E8\ F6/ G6/ B7+ H6/ G5/ F4/ F3/ D1/ G4+ H5+ E1/ H4+ A6+ A4/
8x8Trax_911276 JenJen vs. CoolStream : @0/ A2\ B2\ B3+ C3\ @2/ D4\ D5+ E4+ C1+ F4+ D2+ D6/ B4+ G4+ A4\ @3/ H5/ H3/ B5/ A5/ A6/ B7/ H6+ F6\
8x8Trax_911277 JenJen vs. CoolStream : @0/ B1\ A2/ B2+ A3\ @2/ B4/ C3\ B5/ B6/ A6/ @4/ A6/ E2\ B7\ C7+ C8/ E5+
8x8Trax_911364 sithneedow vs. Rogue Trooper : @0/ @1/ A2+ C1\ C2\ C3\ A3+ D1\ B0+ B0\ @1+ @1/ B0+ E7\ B0+ C8/ B8/
8x8Trax_911381 Tiaria vs. Rogue Trooper : @0+ @1\ A2+ B2\ B0/ C1/ D2\ @2\ C4/ C5/ B4/ D5\ C6/ E4/
8x8Trax_911485 CATNAP vs. Sista : @0+ @1+ B0+ C2/ B0+ @3\ B2\ D1/ A1/ @2\ D4/ F1/ D0\
8x8Trax_911488 Ms Green Eyes vs. firefly : @0/ B1+ B0\ C2\ A3/ @2+ E2\ B0+ A5\ @2/ C6\ E6+ D1+ A5/ E2+ A6\
8x8Trax_911490 Ms Green Eyes vs. firefly : @0/ A2\ B2\ B3+ @2+ A1+ B4+ B5+ B0/ B0+ B0+
8x8Trax_911491 firefly vs. Ms Green Eyes : @0/ B1\ B2\ B3\ A2+ B4\ C2/ A0/ @3+ @3\ F3/ B2\ A2\ E2/ @2+ G2+ H3\ G1\ F0/ C2+ E1\ F0/ H2+ D1\ E0\ G1+ C7/ D1\ A4\ A3\ C2+ A8\ A1+ H7+ B8\
8x8Trax_911520 SweetCindyJo vs. Ace1316 : @0+ B1+ C1\ @1+ @1/ A2\ B2+ C2+ D2\ E2+ E3\ D3+ D4/ F4\ D5+ C0\ B4/ F4+ E7/ C6+ F6+ B6\ G6+ @3\ B1+ B0/ C1/ E2+ B6/ D8+ F2/ G2/ H4\ A7/ B8+ H1/ H8\ A8+ A1\
8x8Trax_911552 (**)(**) Bunny Toes vs. SweetCindyJo : @0+ B1\ A0/ @2/ C3\ D3\ D4\ @4/ A5+ A6\ B6\ D0\ D6+ @5\ G4+ A4+ A3\ B2\ @3+
8x8Trax_911569 Gone with the Wind 25871 vs. Linda Sue : @0/ A2\ B1/ B0/ @2/ C0+ D1/ D2\ E2/
8x8Trax_911575 Nan54 vs. shaper : @0/ B1\ A2/ @2+ A3+ A4\ B0+ B0\ B6+ C4+ D3/ C2+ D2+ D1/ C6\ D4+ E4\ E5\ F3/ E2+ C7+ E6/ G3/ C0+
8x8Trax_911739 SweetCindyJo vs. Ace1316 : @0/ B1+ A0\ @1\ A2+ A3/ @3/ A4+ @2/ C0/ A5\ B6/ @5/ B1\ D0/ A2/
8x8Trax_911780 ScoobyRex02 vs. Adam : @0/ A2+ B1/ A3+ A0\ @1\ D2+ B0+ B0/ D1+ E1/ C0\ E4+ F3/
8x8Trax_911782 ScoobyRex02 vs. Adam : @0/ A2\ B1/ C1/ A0\ @2+ @2\ A1\ B0+ F1+ D0\ C1\ C0\ A2+ D0\ D0+ C1\ G5/ @4/ A6+ C2+ A2+ A8+ F8\ G8\ H6+ A1+
8x8Trax_911783 ScoobyRex02 vs. Adam : @0/ B1+ C1/ C0/ C3\ D3\ @2\ B1+ B0\ A1\ C4+ D5+ E3+ F3/ D0+ E1/ E0/ F1/ G4+ G1/ E0\ H4+
8x8Trax_911867 Lisa vs. firefly : @0/ A2/ A0\ @2/ B4\ C3/ A3/ A5+ B6\ C5+ C6+ D5/ D2/ E3\ @4/ A5/ E6+ F4\ D7/ B6+ D1+ E7+ A7/ C0+
8x8Trax_911895 ryry vs. Aphrodite : @0/ B1+ C1/ A2/ B3\ C3/
8x8Trax_911965 Poland vs. Jump This : @0+ @1+ B2/ B0/ C1/ @2+ D0\ D0/ E1/ E3+ C2+ B2+ B1\ B0\ D0+ E7\ D8\ F7/
8x8Trax_912033 kdogtrainer vs. Vacant 1884 : @0/ A2\ B2\ C2\ @1\ B0/ B4/ A3+ A4+ @3+ @3/ A4/ A5/ C1\ D0/ A2\ A1\ @4\
8x8Trax_912055 SweetCindyJo vs. Ace1316 : @0/ A2+ @1\ A0\ @1+ B3+ D2/ B4\ E2+ A0/ D2/ C1+ C0/ D6+ D7\ B0\ A1\ @2\ G6/ H6/ A4/
8x8Trax_912093 Tigger vs. Phil The Hat : @0/ @1/ A0+ @1+ B0/ @2/ B4\
8x8Trax_912405 Tigger vs. Phil The Hat : @0/ @1+ @1\ A0\ A0+ @3/ B4\ A4+ @2+ B1\ B0\ A1\ @1\ C0+ C0\ @3+ B6+ A2+ C0+ D1/
8x8Trax_912440 DavidJ vs. ISHKA : @0/ B1\ A2/ B2+ C2\ B3\ B4\ C3\ D3\ C4\ D1/ E1+ C0\
8x8Trax_912538 FrostyColdOne vs. mcinturff : @0+ @1+ C1\ @1/ C2\ A2/ C3\ @2+ E3/ @2/ C3\ D4/ A3/ @3/ B4/ B5/ F5/ A5\
8x8Trax_912612 Adam vs. BrnIdGirl : @0+ @1/ A0\ @2/ B0\ A2+ @3+ B4\ C4+ D2+ E3/ C5/ A4/ @3/ B1+ A4+ A5/ @5/ C6+
8x8Trax_912790 Misfit Lenrad6672 vs. Rose : @0/ A2\ B2\ B3+ @2+ B4\ @2+ E3/ D1/ E1/ F1/ D0+ @3\ A2\ D0\ B6/ B7/ A1+ B0\ @4+ A2+ A1+ F8\ G8\ H8\ F2+ G2+ H1+ D8\
8x8Trax_912791 princesarg vs. Misfit Lenrad6672 : @0+ A0\ A3/ @1\ @2\ C4\ B0\ D5/
8x8Trax_912813 Isischylde vs. Misfit Lenrad6672 : @0/ B1\ B2+ B3/ A2/ A3+ @3/ A2+ @2\ B4+ C0+ B6+ B0/ @4/ B7\ A6\
8x8Trax_912855 Kevin vs. paganje : @0/ B1\ A2/ @2+ @2\ D2+ B0\ D4\ @2\ B1+ B0\ A2\ @2\ B1\ A4/ @4/ D5/
8x8Trax_912856 Kevin vs. paganje : @0/ B1\ B2\ C2+ D1\ A2+ C0/ @2/ F2/ E1+ E0/ F1/ F0/ G2\ H2\ G3\ E0\ D2+ F0/ G2+ D1\ C3/ D0/
8x8Trax_912857 Kevin vs. Misfit Lenrad6672 : @0/ B1\ A2/ B2+ @2\ A1+ C3/ B3/ @3\ C4+ E3+ C5+ C0+ C7+ B0\ A2/ A6/ @6/ F3+ A5\ @7\ C1\ B1\ A3/ @3+ A4/ D8/ G7+ C8+ G2/ A7+
8x8Trax_912922 BabyGirl The Rebel Angel vs. Chef Jeff 1 : @0+ @1+ B2\ @1+ B0\ B3+ B4/ A3/ @3/ A4/ A5/ @3\ @5/ A6/ @4/ A5/ @5/ D2\
8x8Trax_912942 *Make Peace vs. Rogue Trooper : @0/ A2+ B2\ @1/ @1/ D0\ C4+ A4\ @3+ @3/ A5+ @5/ A6/ H3\
8x8Trax_912998 Geri39 vs. Rogue Trooper : @0/ @1/ A0/ @2\ C1/ @2\ C3/ C4/ A1/ C0+
8x8Trax_913002 Jump This vs. Rogue Trooper : @0/ @1/ A2+ C2+ A0/ A0/ @4\ A5\ @4\ D1/ E0/ F4+ E0/ E7\ E8+ F6+
8x8Trax_913024 Lisa vs. firefly : @0+ @1+ A2\ A0\ @1/ A2+ A3/ B4/
8x8Trax_913095 Isischylde vs. paganje : @0/ A2\ B1/ B2+ B3\ C2/ D2/ D1/ D0/ B5/ C0+ A6\
8x8Trax_913099 Isischylde vs. paganje : @0/ A2\ B2\ B1+ B0/ C2\ D2\ D3\ D4\ E4\ C5+ C6\
8x8Trax_913175 Jump This vs. Vacant 27452 : @0/ A2+ A3/ A4+ B2\ @4\ D2/ D3+ @3/ A5/ @4\ F1+ A1+ E0\ @3+
8x8Trax_913263 Izeul vs. Rogue Trooper : @0+ A0+ A3/ B1+ A0\ C2\ @2+ A4/ @4+ B5\ F2/ E1\ D0/ D5\ C6+ @5\
8x8Trax_913294 SweetCindyJo vs. emzirek : @0/ @1\ A0/
8x8Trax_913387 Lavender Ashes vs. Rogue Trooper : @0+ A0+ B2\ C2\ B1+ C0\ A1+ @2+ @2/ F1/ E0\ A4/ B5/ @4+ @4\ B2\ A2\ A1\
8x8Trax_913400 ellieoop vs. Jump This : @0+ @1+ B0+ C2+ @2/ A3/ A1\ @2/ B4+ A4/ D4\ C5+ B5+ F4/ B6+ A1\ @1\ C0+ A6\ @2\ D8/ H3+
8x8Trax_913401 Stinger vs. FujiTape : @0+ B1/ B0/ B3/ C3+ D3\ B4/ B5/ D1/ E4/ D0\
8x8Trax_913407 nursestary vs. FujiTape : @0/ B1\ B0/ B3/
8x8Trax_913414 * Sassy_Angel * vs. Chef Jeff 1 : @0/ B1\ A2/ B2+ A3\ A4/ @4/ C3\ D2/ E1/ D0\ E3+ C1+ C0/ E2+ A4+ F2\ G3+ @4/ B7/
8x8Trax_913416 Chef Jeff 1 vs. * Sassy_Angel * : @0+ @1+ B0\ B3\ A3+ @3/ C4\ C0\ C6\ D5/ A7/ @7\
8x8Trax_913473 Tigger vs. Rogue Trooper : @0/ A2+ B2/ B1+ @2\ C0/ B1+ A0/ D2+ D1+ E3\ E4\ D5\ F3/ F2/ F5\ F6+ G5/
8x8Trax_913489 CATNAP vs. Sista : @0+ @1+ B0+ A1+ B3/ B0+ B0\ A1\ A0\ @2/ A3+ D4/
8x8Trax_913543 blondie vs. Elvis : @0+ @1/ B0\ @1\ B0/ D2\ C4\ E3\ @2+ F2/ G3\ F1/ E0\ D1\ A5/ @5/ D6/
8x8Trax_914125 toadisgimpy vs. blue - : @0/ A2\ B1+ C1\ C2\ B3\ B4+ C3+ D3+ D2+ E2/ D0+ F2+ F3+ F4\ D5+ G2+ E0\ H3+ G5+ G2+ H5+
8x8Trax_914346 Lisa vs. firefly : @0/ A2/ A3\ B2/ A0\ @3+ C4+ A4/ A5+ C5/ C6\ D4\ A6+ B7\
8x8Trax_914358 Megababe vs. streep : @0/ A2/ B1/ @2+ C0+ D3\ D4\ D5\ @3/ D0+ A2\ @3/
8x8Trax_914391 streep vs. Megababe : @0+ B1\ @1\ B2+ @1\ A2/ @2/ B3+ F2\ F3\ D4/ D0\ C1+ B5/ E6+ G5\ @3/ F7\ D6+ D7/ E8\
8x8Trax_914414 DragonHeart MIA vs. FujiTape : @0/ B1\ B2\ B3\ C1\ D1/ D0/ D0/ C4+ A5/ A6/ A7/ A2\ @4+ F2/ C7\ C8\ A2\ @2\ D2/ B1+ A7/ G1/ B8/
8x8Trax_914573 Absentee 13409 vs. Elvis : @0/ B1\ A2/ B2+ B0+ @3/ A4/ A1\ @3+ A1+ A0\ A0/ @3+
8x8Trax_914672 immitzi vs. FujiTape : @0/ B1\ A2/ A3/ @1+ C3\ B4+ A4/ @2+ @3\ A4+ A5/ @5/ A6/ @3+ @3/ E1\ D0/ B3+ A3\ A2\
8x8Trax_914768 Vonnie vs. Jump This : @0/ A0/ @2+ A0/ @3\ D2\ @1\ B0/ D2/ E4+ C1+ F3\ D5\ F1/ E0/ G3/
8x8Trax_914780 blondie vs. Jump This : @0+ @1+ A2\ A0\ @1+ A0\ B1+ C5\ D5\ C6\ D4+ B6/ A5/ B7\
8x8Trax_914820 arthur vs. HeatherN : @0/ A2\ B1/ B2\ C1\
8x8Trax_914921 arthur vs. HeatherN : @0/ A2\ B1/ B2+ @1\ A0\ C4\ D4\ D5/ C5/ B5/ A4/ @2\ B5/ A3/ @3/ B4+ D1/ D0/ E1\ E0/ F2\ G4\ G3+ F1+ G6\ B3+ C2+ G1+ F0/
8x8Trax_914965 maggies tavern vs. Misery Midnight : @0+ @1/ @1\ A0\ B1+ A0/ B1/ B0/ C1/ B0\ @3\ B1\ A2+ @2\ A1\ B0\ B5+ @2\ A1\ B0/ B5+ D1\ B0/
8x8Trax_915189 Adam vs. FujiTape : @0+ B1/ A2+ @1\ C0/ D1/ C0\ B1+ A0/ @2+ E1/ B0/ F3/
8x8Trax_915190 Megababe vs. TrueIndian : @0/ B1/ B0/ C1/ C0+ C0+ B5+ D5+ E4\ B6/ E6/ B7\
8x8Trax_915191 Adam vs. karosel MIA : @0+ @1/ @1\ B0/ B0/ D3\ D4\ C5\ D1/ E4\ C0/
8x8Trax_915207 astyr vs. Megababe : @0/ A2\ B2\ B3\ @2\ @3+ A4/ @2/ B1+ @3\ C5/ D0+ C7/ A1\ @3/ C0/
8x8Trax_915264 Adam vs. immitzi : @0+ B1/ A2+ B0+ C1/ A0/ @3/ A2+ C0+ B6/ @6+ A2/ @4\ E0/ G1+ F0+ E1\
8x8Trax_915309 Megababe vs. peace out : @0/ B1+ A2/ C1+ A3/ @3/ A4+ @1\ B0/ @3+ @3/ A5+ B1/ H2+
8x8Trax_915327 Sir Pussycat vs. gingershaz : @0/ B1\ A2/ B2+ C2/ D2\ D3\ B3/ D4/ B4/ B5/ A3/ A0\ @1\ E7\ F6/ B5+ C8/ B8/ D1/ A5\
8x8Trax_915329 Sista vs. peace out : @0+ B1\ C1/ B0\ B0+ @3/ D4+ B4+
8x8Trax_915467 supermac vs. Buz : @0+ A0\ @1\ @1+ B3\ B0/ @4/ B5\ B1+ @4+ C0/ D1/ D0/ E1/ F3/ B3+ F2/ F6\ F7\ @6+ C2+ @6+ F7+ F8\
8x8Trax_915528 Goonerg vs. peace out : @0/ A2+ B1/ A3+ B0/ C1/ @4/ D0+ D5\ RESIGN
8x8Trax_915587 maggies tavern vs. Chef Jeff 1 : @0+ @1\ @1/ B2\ A2+ B3\ C4\ D3/ B4+ D4\ E3+ F3\ E4\ F4+ F5+ D5+ C6+ F6\ C7+ @1\ D0+
8x8Trax_915639 Brendans Grandmom vs. Vacant 1884 : @0+ @1\ B0\ B0\ C1/ C0+ C0\ B1\ C5+ A4+ C6/ D4+
8x8Trax_915640 Brendans Grandmom vs. Vacant 1884 : @0/ B1+ A0\ @1+ @1/ A2/ C0+ E3\ B1+ D4+
8x8Trax_915682 Megababe vs. Mikee : @0/ A2+ A3/ @2+ A4\ B5/ @2/ D2+ D4/ E3\ @3+ A2+ E0+ D7/ A2\ B1\ F3+ F2/ G4\ H4\ F8+
8x8Trax_915686 Megababe vs. peace out : @0/ B1+ C1/ C0/ B0/ A2+ @3/ @3+ B1+ @3+ D0+ A5\ C5+ @4+ D0/ C2+ B2+ G3+ H3\ H2/ H1/ E0\ B2+ H1/ E0+ G1+ A4\ C1+ A2+ G8+ A8+
8x8Trax_915687 Megababe vs. immitzi : @0/ B1+ C1/ C0+ B0/ A2+ A0+ @4+ A5/ B5+ C0\ D2+ E3\ A7/ A3+ @6+ A3+ @4/
8x8Trax_915728 Amanda vs. Rose : @0+ @1+ @1/ D1+ @1\ A0\ E3/ D1\ C0/ B4\ E2+ F3/ C5+ E0/ F1+ G1/ C7+ E0/ G3+ H2\ D8\ E8\ F8\ G6\ H3\ B2+ B1\ B7+ A7+ A8/ G7+ H7+ H8\ H1+
8x8Trax_915742 Morticia vs. Jump This : @0+ @1+ A2/ C1+ A0\ @1\ A0\ @3/ @3/ A4/ D5/ @2+ @3\ C0+ G6\ A2+
8x8Trax_915764 toadisgimpy vs. Zanda : @0/ A0/ @2/ B0\ A4/ A1+ @4/ @3+
8x8Trax_915885 blondie vs. Jump This : @0+ @1+ A0\ C2\ A3+ @2+ A3/ D3\ C4\ D4\ E2/ C5+
8x8Trax_915944 toadisgimpy vs. Shariann : @0/ B1\ B2\ C1\ C2+ C0/ D1/ B0\ A2+ @2\ B1\ B0\ A2\ A1+ @2+ @2\ A1\ B0\ D1+ @2\ B1\ A1+ B0/ G8\ H8\ D1+ C7/ D8/ B7\
8x8Trax_915959 B Line electric streetcar vs. Vacant 1884 : @0/ A2+ B2\ C2\ C3\ D3\ C4/ E3\ @2/ B4/ E5+ E6/ A5+ @6+ F7/ @7+ B4/ F0+ D1\ C1\ B1\ DRAW
8x8Trax_916025 SweetCindyJo vs. Ace1316 : @0/ A2\ B2\ B1+ C2/ B0\ C2/ B0+ C5/ B0\ D4+ D3/ @4+ @4\ B2\ B1/ G4+ A2\ @3/ C5/ A1/ B0\ G8/ H6\ A1\ D8/ C7+ C8+ B8/ G3/ G2/ G1/ H8\
8x8Trax_916093 RazzleDazzleRedhead vs. Jump This : @0+ @1+ A0\ C2+ A3/ @1\ E2\ @2/ F1/ G1/ B0\ F4\ @2/ E5+
8x8Trax_916188 emzirek vs. SweetCindyJo : @0+ B1/ B2\ C2\ C3+ C1/ D2\ E2\ D4+ A2+ @1/ C4\ C0+
8x8Trax_916267 Amanda vs. Vacant 1884 : @0/ B1+ C1/ D1/ C2/ A0/ D0+ B0/ @4+ @4\ A2+ C1\ D0+ F2/ G2/ H3+ H5+
8x8Trax_916314 TrueIndian vs. Megababe : @0/ B1/ B0/ A3/ C2+ D1\ C0+ E3/ C0+ D5+ C0+ B7+ F6+ F3/ RESIGN
8x8Trax_916337 mahogany vs. Jump This : @0/ @1/ A2\ C1\ C2\ D2\ B0/ C4+
8x8Trax_916459 lucky vs. Jump This : @0/ A0/ @2\ B0\ A2+ C3+ B4/ B0\ A1/ @2/
8x8Trax_916599 Megababe vs. TrueIndian : @0/ A2/ B1+ @2+ B0/ C4+ @3/ A1/ E4\ A4/ C5\ E2+ B5+ E6\ F6\ B6+ C7/ @2\ D0/ G4\ H7\ H4+
8x8Trax_916668 spitfire vs. *Rosie* : @0/ B1\ A2/ @2/ @2+ B3\ @1\ B0/ D1\ D4+ B4/ E4/
8x8Trax_916689 Buz vs. mcinturff : @0/ A2+ A0\ @1\ A0+ @1+ D1/ D0/ D4\ E4\ @2/ F2+ G2\ G4+ A3\ C4/ B4/ @3/ A2\ B1+ G5+ D6/ F6+ D7/ C6/ B6/ A5\ H5\ H6\ C7/ B7/ B8/
8x8Trax_916707 Nomad vs. Jump This : @0/ @1/ B0\ @2\ A1\ @2\ C3+ C4\ E2/ F4+ F5\ G5\ B0\ F7+
8x8Trax_916809 Megababe vs. rockdude : @0/ B1\ A2/ B2+ C2\ C3\ A4+ B5/ @3+ A2+ @2\ E6\ F6\ F2/ E1+ F4\ G4\ D7/ C6+ H6\ H7\ F8/ D8/ A4/ A5+ C8/ A7+ H4+ G3+ G1/ H1/
8x8Trax_916818 DavidJ vs. rockdude : @0/ B1\ A2/ B2+ C2\ C3\ D3\ D4\ D1/ B0\ E3/
8x8Trax_916913 gone with the wind9999 vs. firefly : @0/ @1+ B0\ C2/ @2\ B1\ A1\ C0/ C0\ D1+ B1\ D5+ @3\ C0+ C0\ B1\ B0+ C8/ F7/ @6\
8x8Trax_916926 twodawgs vs. spitfire : @0+ @1\ B2/ A0/ @2\ @1\ C0/ C0\ D2\
8x8Trax_916939 Gone with the Wind 25871 vs. Chad : @0/ A0/ @2/ @2+ A0/ C1\ @3/ A2+ B4+ C0/ C0+ E5\ E2/ D1/
8x8Trax_916957 DavidJ vs. rockdude : @0/ B1\ A2/ B2+ C2\ C3\ D3\ D4\ D1/ E1/ B0/
8x8Trax_916970 DavidJ vs. rockdude : @0/ B1\ A2/ @2+ B3\ C3\ C4\ D4\ E4+ D5/ E1/ F1/ C0/
8x8Trax_917051 BabyGirl The Rebel Angel vs. Chef Jeff 1 : @0+ @1+ B0\ A3/ @3\ A2+ @2/ E2+ A4/ @3\ C1+ B5/ B6/ A4+ @4/ H2+
8x8Trax_917055 Tigger vs. STrek : @0/ B1\ A2/ A0/ @2+ @2+ D3+ E2+ E3\ C4/ C0\ C6+ E1/ E0+ F2\
8x8Trax_917061 rockdude vs. Misfit Lenrad6672 : @0+ B1\ B0/ C1/ C0/ B4/ A1\ A0\ @3/ B5+ A5/ @5+ A6/ A3+ @3+ @3+ F6\ G6\ B1\ B0\ @4\ H6/ E1\ C0/ E1/ F1/ G1/ C7/ B7/ H3/ H2/ A7/ A8/
8x8Trax_917424 curleyquenot vs. Morticia : @0+ B1/ B2\ C1/ B0+ B0+ C4+ A4/ A5+ B5+ A6/ C5\ D5\ @3/ A4/ @5\ G5\ E6/ E7/ C8/ B7+ G2/ G1+ H2\
8x8Trax_917426 Arctic Warrior vs. Sir Pussycat : @0/ B1\ A2/ @2+ C0/ D1/ D0+ A2/ C0+ E2+ C0+ D5\ E5\ @5+ B7+ G3+ D0+
8x8Trax_917436 Goonerg vs. Camel680 : @0/ B1\ A2/ B0\ C1\ @2+ @2+ D3+ E3\ D4\ F2+ C0/ G3+ H3\ H4\
8x8Trax_917496 cocopuff vs. Honeybear : @0+ B1/ A2\ @1\ A0\ @1\ A0\ A0+ @3+ C5+ F3\ C0/ @4/ D7\ H6\ H7\ B2\ A3+ F1\ C1+ D0/ A3+ F8+ C8+ A2\ B1+ H5+ F1+ A1+
8x8Trax_917532 MsDelete vs. Misery Midnight : @0+ B1+ A0/ B3\ C3+ D2/ D1\
8x8Trax_917605 SweetCindyJo vs. Shaker of Salt : @0/ A2\ B2\ B1+ B0/ C1/ C0/ C5\ D5\ D2\ E2\ D3\ E5/ E6/ E4+
8x8Trax_917724 Misery Midnight vs. MsDelete : @0/ A2\ B1/ B0+ C2\ C3\ D3\ C4\ D1\ C0\ C6\ D6\ E5\ @2\ G5/ B1\
8x8Trax_917833 Sir Pussycat vs. princesarg : @0/ A2\ B2\ B3/ B1/ A3/ C1\
8x8Trax_917912 LilSis vs. Misfit Lenrad6672 : @0+ @1/ A0\ @2/ C3/ C1/ C0/ B1+ A4\ C0+ D1/ C6\ D6\ @4\ A3\ E5+ E4/ F4/ C0/ B2\ @3\ E0/ H7/ F1+ G5/ H5/ A6/ B7+ B8/ G1/
8x8Trax_917929 pioenroosje vs. klaashaas : @0/ A2+ A3/ @3/ C2+ C0\ A2+ @2\ @3+ @3/ A5+ F4+ F5\ F6+ G6+ G3\ H4/ F7/ B6/ G1/ E0/ G1/ DRAW
8x8Trax_917930 klaashaas vs. pioenroosje : @0/ B1+ A2/ A0/ @3+ A4/ C4/ B5\ @1\ A0\ E3\ A0/ B2+ @3+ F8\ G6+ D1/ E1/ F1/ G3/ H3+ H2/ B6\ G8+ H8\
8x8Trax_917931 (**)(**) Bunny Toes vs. Elvis : @0/ A2\ B1/ B2+ C1\ C2\ C3+ D3\ D4+ B4/ A4/ B5/ @3+
8x8Trax_917948 Jump This vs. Absentee 13409 : @0/ B1/ A0+ B3+ @1/ A2/ A4\ @2+ @2\ A3+ A0\ @1\ D0\ E2+ F6\ G4/ E7+ G2/ E8+
8x8Trax_917955 (**)(**) Bunny Toes vs. Elvis : @0+ B1/ B2/ C2\ C3\ B0\ B4/ C5\ A1\ B5/ C6\ D2/ C1+ A6/ B7+
8x8Trax_917957 CATNAP vs. Sista : @0+ A2+ A0+ A4+ A0+ A6+ A0+ B6/ C5/ @6\
8x8Trax_917987 SweetCindyJo vs. Ace1316 : @0+ B1+ A2/ C1+ @2\ B0/ D1+ E2/ D0\ C1\ A3+ A2+ @2\ D0/ A4+ D5\ C6/ C1+ C0/ E2+ A6/ @6/ A7/ E1/ C8/
8x8Trax_918151 SweetCindyJo vs. RabidWolff of the Wolf Pack : @0/ B1\ A2/ @2+ B0+ A0/ C1\ D3\
8x8Trax_918257 kdogtrainer vs. rockdude : @0+ @1\ A2/ @1\ @1\ C3\ D3\ E1/ C0\ D5\ A3/ E4+
8x8Trax_918258 silverrbts vs. mcinturff : @0/ A2+ A3/ B1+ C1+ @3+ A4/ @3+ @3+ @3+ A2+ H1+
8x8Trax_918403 Arctic Warrior vs. rockdude : @0/ A2\ B2\ B1+ C2/ B3+ C1+ C0/ A1\ B0+
8x8Trax_918500 twinkie vs. Jump This : @0+ @1+ A2\ B0/ A1+ @2+ D1/ D0/ C0/ E3+ C0+ E6\ D1\ F6/
8x8Trax_918563 Poland vs. Jump This : @0+ @1+ B2/ B0/ C2/ @2+ @2/ A3/ B4/ F2/ C4\ C5+ C6/ B6/ A5\ E4/ B7+ @4+ H2\ H3\
8x8Trax_918612 FujiTape vs. pookster : @0/ B1\ A2/ @2\ C2\ C3\ @2/ A3/ D4\ @2/ D4/ A3+ E5/
8x8Trax_918693 Cinderella vs. Misery Midnight : @0/ A2\ B1/ B0/ A4/ @4/ A3+ A1\ B0+ B0\ A1\ A0\ @2/ A7\ A3+
8x8Trax_918783 Judy vs. Misfit Lenrad6672 : @0/ B1\ A2/ B2+ A3\ @3/ B4\ A4+ D2\ C3\ D3+ D4\ E4\ E5\ F5\ E6/ E7/ D7/ A2\ B5/ @2/
8x8Trax_919298 Megababe vs. astyr : @0/ A2+ A3/ B1/ C2/ B3+ B0+ C1/ A5/ @5/ A2+ C0\ E5/ @5+
8x8Trax_919302 Megababe vs. rockdude : @0/ B1\ A2/ B2+ C2\ C3\ D2\ D1\ D3\ D4\ E3+ C5+ @4+ G3/ F0+ C1\ E0\
8x8Trax_919443 SweetCindyJo vs. Ace1316 : @0/ A2\ B2\ B3+ C3+ B4+ B5\ C5\ C6\ D6\ E3\ B1+ B0/ C1/ E5\ F5\ E6\ E7\ F7\ @3\ H7/ H6+ D0\ C1\ B1\ B6/ A7\ E1+
8x8Trax_919451 Chad vs. Absentee 13409 : @0/ A0/ @1/ B0+ A0/ @1+ B4/ @4+ B5\ B6+ D6\ E4+ C7+ D0\ F4\ @6\ H4\ F2\ A3+ B2\ F7+ G7\ G2+ DRAW
8x8Trax_919461 Chad vs. Vacant 1884 : @0/ B1+ C1/ C2/ D2/ B3+ A4\ C3\ @4/ A5/ E4/ F3+ @4+ D5\ B6/ B1+ @4\ D0\ H5\ H6\ G2/ G1/ B8\ H1+ F7\ A8+ H7\ DRAW
8x8Trax_919483 SweetCindyJo vs. TrueIndian : @0/ B1/ @1\ C0+ A1+ B3+ D2/ B4+ C0/ E1+ E0/ D0\ C1\ B3+ F2+ A1\ @2\ C0\
8x8Trax_919523 Tigger vs. Megababe : @0/ A0/ B1+ B0\ A4+ A5/ C4/ B5+ C2\ @4+ A3\ C0\ D2+ E3\ C7\ F6+ F3+ C0+
8x8Trax_919621 Goonerg vs. *Make Peace : @0/ A2+ B1\ @2\ A3\ B4/ @1/ D3/ E4\ RESIGN
8x8Trax_919645 gingershaz vs. Sir Pussycat : @0/ A2/ B2\ A3/ C1/ B0+ B0/ C1/ D2/ D1/ C0/ D1/ E2/ D0+ @5\ A4\ F7\ G6+ H6\ G7\ G8\ H4+
8x8Trax_919653 Rogue Trooper vs. CHESSCATJAY : @0/ B1\ A2/ @2+ A0/ A0/ A5/ @4+ D2/ E3+ A3+
8x8Trax_919680 CATNAP vs. Sista : @0+ A2+ A0+ A4+ A5+ @3\ C2+ A4/ @3/
8x8Trax_919771 Nan54 vs. golfnutrof : @0/ A2+ A0\ @1\ A0+ A3+ A0+ A5/ A0+ @5+
8x8Trax_919782 Vacant 1884 vs. Rogue Trooper : @0/ A0/ A3/ B2/ @2+ @3\ @2/ A1/ B0\ C5/ D5+ B5+ E1/ E0/ @3+ A1\ @2+ B6/ A4/
8x8Trax_919788 Nan54 vs. golfnutrof : @0/ B1\ B2\ C2+ B0+ C4/ B0+ B0/ C2+ A5/ A3\ @3\ B6+ E3+
8x8Trax_919912 princesarg vs. Sir Pussycat : @0/ A2\ B1/ C1/ A0\ @1\ A3\ @2\
8x8Trax_919920 bejaye vs. Rogue Trooper : @0/ @1/ B0\ @2\ @2\ B1/
8x8Trax_919944 Whistler Gandalf vs. Rinny : @0+ @1\ @1/ A2/ A3/ C0+ D2\ B3\ @3/ B1+ C4\ B5/ @3+ @3\ C0\ D1+ A5/ @5/ B6+ D0+ C2+ C7+ D8/ B1+ A1\ G2/ F7\
8x8Trax_919979 mcinturff vs. DINGEROO : @0+ @1+ A0+ @1+ @1\ B0+ C1/ C0/ D1/ E1+ E0/ C1/ F1+ E0+ F1/ G1\ F0+ F6/ H2+ G3\ G1+ B7/ H4+ B8+
8x8Trax_919980 mcinturff vs. ellieoop : @0+ A0/ A3\ B3\ B4\ C2/ D2+ C1+ C0/ D1/ D0/ E3\ F2\ A1\ A0\ @4\
8x8Trax_920001 BabyGirl The Rebel Angel vs. Chef Jeff 1 : @0+ @1+ B0+ A1+ C2\ C1+ C0/ D3\ D4\ E4\ E5\ F5\ G4\ E6+ G5+ @2+
8x8Trax_920028 ellieoop vs. mcinturff : @0/ B1+ @1\ A0\ @1+ A0/ @3/ A4/ D1/ C0\ F2/ F1/ G3\ G4\ A2+ F5+ E5/ C5/ D6/ A6/ H2+ E1+ E0\
8x8Trax_920039 Elvis vs. (**)(**) Bunny Toes : @0/ B1\ A2/ @2+ C2\ C3\ D1/ D0/ E1\ @3+ C1/ D0/
8x8Trax_920040 SweetCindyJo vs. Catmane : @0/ A2+ @1\ A0\ @1+ B3+ @2+ C4+ E2/ B0+ C6/ B6/ B7/ @3/ B7\ B6\ A6+ @6/ B8\ C8\
8x8Trax_920239 Megababe vs. Care-N : @0/ A0\ @1/
8x8Trax_920266 Nan54 vs. RabidWolff of the Wolf Pack : @0/ B1\ A2/ @2+ B3\ C3\ D2\ C4+ C5\ @2/ E5/ A3\ E3+
8x8Trax_920282 spitfire vs. *Rosie* : @0+ B1\ B0/ C2\ B3\ B0\ A1+ @1/
8x8Trax_920293 spitfire vs. *Rosie* : @0+ B1\ B0/ C2\ D2\ B0\ A2+ @2\ A1\ C4/ C5+ B4+ A3+ B0\ B0/ @3\ D8\ G6\ E4/ B2+
8x8Trax_920319 spitfire vs. *Rosie* : @0+ @1/ A2/ C2\ C3\ B3+ B0\ B5\ C5\ D4\ D5\ C6\ C7/ @4/ B5+ C7/ B7/ A6\ E6\ A1\ @1\ B0/
8x8Trax_920366 rockdude vs. Megababe : @0+ B1\ B0/ C1/ C2+ C3\ D1/ @2/ A3/ D4\ F1/ E0/ C0\ B2/ G6\ G7\ G2/ H4+ D7/ C7\
8x8Trax_920425 Nan54 vs. RabidWolff of the Wolf Pack : @0/ @1\ B0\
8x8Trax_920506 firefly vs. gone with the wind9999 : @0/ @1\ B0/ @2/ B3\ A1/ C0/ @3+ @3+ F2+ G2+ B1\ A2\
8x8Trax_920551 SweetCindyJo vs. Ace1316 : @0/ A2\ B2\ B1+ B0/ C2/ C1+ D1/ C0\ D3+ E4\ E5\ C0\ C6/ E7\ A3+ @3\ C0/ F4\ G5+ @4+
8x8Trax_920864 bingoworld vs. Jump This : @0+ @1+ A2\ B0/ A1+ @2+ @2/ A3/ B4/ E2+ B1\ C0+
8x8Trax_920933 Rose vs. Misfit Lenrad6672 : @0+ B1\ C1/ C0/ A1+ @2/ C3\ D0\ B1/ B0\ A2/ @4/ E6/ F5\ E1/ C0\ F2\
8x8Trax_921141 Retired 3586 vs. Chad : @0/ A0/ A3/ B1\ B0\ @2+ @2\ @2\ @2\ D0/ @1/ B0+ F1\ G5+ H2\ F0+ H5\ F8/ C6\ B7/ DRAW
8x8Trax_921154 pussy_kat vs. Chad : @0+ @1+ A2/ C1+ @2\ E1+ A1+ B0/ F2/ F3/ @2/ F4/ E4/ D5\
8x8Trax_921159 Arctic Warrior vs. Chad : @0/ A0/ B2+ A3\ B3\ B4\ @3+ D3+
8x8Trax_921162 *David vs. Chad : @0+ @1+ B2+ C1+ B0\ D2+ @2\ A3\ B0/ E2+ F2/ D0/ E1/ A1\ RESIGN
8x8Trax_921164 Geri39 vs. Chad : @0/ @1/ @1\ B0\
8x8Trax_921204 Kevin vs. klaashaas : @0+ A0/ @2\ B3/ @2+ @2/ D0\ E2\ F2\ F1\ C5+ D5\ F3\ D6/ E6+ G4+ E7/ B6+ @4\ C7\ B2\ B1\ D0+ A2\ H4+ H7+ A8/ DRAW
8x8Trax_921282 Misfit Lenrad6672 vs. ema_18 : @0+ @1/ B0+ B3+ C3\ C4+ D4\ C5+ B0+ C7+ B0+ C1\ A1\ B7+ A7/ A8/ @5/
8x8Trax_921299 DavidJ vs. rockdude : @0/ B1\ A2/ B2+ C2\ A3/ D2\ A4/ @4/ @1\ A0\ B6/ @5/ @4/ E7+ A5/ A6/
8x8Trax_921300 DavidJ vs. ema_18 : @0/ B1\ A2/ @2+ B3\ C3\ C4\ D4\ E4+ E5\ E1/ RESIGN
8x8Trax_921317 Sir Face of the GoldTable vs. Jump This : @0+ @1+ A2+ @1+ @1/ A2/ @2/ @1\ B0+ B4/ C5+ E1/ E0/ @4\ H2\ G4\ C7\ H5+ D0\ C1\ B2\ A2\ B1\ B7+ E8+ A8+ DRAW
8x8Trax_921320 Tigger vs. DavidJ : @0+ @1/ B0/ B3\ C2+
8x8Trax_921358 Tigger vs. Arctic Warrior : @0+ @1+ A2\ B0/ C2\ B0\ A1\ @4/ A5/ C5+ C0/ D1/ E3\ E4\ F4\ A4+ A3\ @6+ H3+ F0/ H6+ E1+ B3\ B8/ E8+ G1/ A1\ H1+
8x8Trax_921363 Tigger vs. DavidJ : @0/ A2\ @1+ C2/
8x8Trax_921364 DavidJ vs. rockdude : @0/ B1\ A2/ B2+ C2\ C3\ D3\ B4/ D1/ E2\ B0/
8x8Trax_921413 Arctic Warrior vs. ema_18 : @0/ A2\ B2\ B3+ A0\ @2/ D3/ C2+ D2+ C1+ D1+ E1\ C0/
8x8Trax_921414 Tigger vs. Arctic Warrior : @0/ B1\ A2/ @2+ C2\ C3\ D2+ E2+ @1/ G2+ B0/ D1+ F2/ G4\ E5/ H2\ G1/ F0/ B5\ C1\ C0\ G2+ H2/ E0+ H2/ A7/ B8\ G1/ H1/ A8/ H8\ B1\ A1+
8x8Trax_921529 B Line electric streetcar vs. *Make Peace : @0/ A2+ B2\ A3/ A4/ @4/ @4+ C5+ A1\ RESIGN
8x8Trax_921792 Lucille vs. Rogue Trooper : @0/ @1/ A2+ C1\ C2\ C3\ B0/ @3+ B4+ @3+ @3/ G1/ G0/ H5\ H6\ A5/
8x8Trax_921799 Nina vs. Rogue Trooper : @0/ A2+ @1\ B0/ C3\ B0+ C5/ B5/ A4+ A2\ @4/ A6/ @5\ E6\ F6\ D7/
8x8Trax_921928 Sir Pussycat vs. princesarg : @0/ B1\ A2/ B0/ C1\
8x8Trax_922031 BabyGirl The Rebel Angel vs. Chef Jeff 1 : @0+ B1+ A2\ B0/ C1/ @2+ E2\ D3+ D4\ E4\ E5\ F4\ E6+ G3+ C7/ H3+
8x8Trax_922064 NightWishes vs. Whistler Gandalf : @0+ A2\ A3\ B2+ @1\ @1+ B2/ B3+ C4/ C5/ B4+ A3\ D5\ E5\ D6/
8x8Trax_922176 Sir Pussycat vs. Uncle Chuckie : @0/ B1+ A0\ @2/ A3+ D2\ D4\ E2\ A1\ @1/
8x8Trax_922259 FrostyColdOne vs. mcinturff : @0+ @1/ C1/ B0+ A1\ @2/ E2\ D3/ E1/ F2/
8x8Trax_922418 paganje vs. Marooned : @0/ A2\ B1/ B2+ B3\ B0/ C3+
8x8Trax_922420 FujiTape vs. BrnIdGirl : @0/ B1\ A2/ @2\ C2\ C3\ A1\ B0/ @3/ A4/ A5/ @4\ @5/ B6\ @4\ B3/ C2\ D1/ D0/ A4\ H5+ B2/ E5\
8x8Trax_922422 FujiTape vs. BrnIdGirl : @0/ A2\ B1/ B0\ B3\ C3\ B0/ C2\ D3/ B0\ A2/ @3\ D1/ D0/ B7/ A5/ @3/ C2+ A5/ @5/ C7/ D8/ E1+ C8+ D1+
8x8Trax_922424 BrnIdGirl vs. FujiTape : @0/ B1\ A2/ B2+ C2\ A3/ B4/ D2/ D1/ B0\ @4/ B5/ B6/ A5/ @5/ A6/ B7/ @5+ B7+ @4/ E0+
8x8Trax_922425 BrnIdGirl vs. FujiTape : @0/ B1\ B2\ A2+ B3\ B4\ @2/ D3+
8x8Trax_922494 NightWishes vs. Whistler Gandalf : @0+ B1/ B0/ B0+ C1/ C2+ @2\ E1+ E0/ F1+ G1/ G0/ A3\ A2\ H2\ A5+
8x8Trax_922615 STrek vs. Logged Off 27172 : @0+ B1\ A2/ @1\ @2+ A0/ B0+ @3+ D5/ A5/ @5+ C6/
8x8Trax_922729 Nancy vs. mcinturff : @0/ A2+ @1\ B0/ C1\ B4\ A3+ C3+
8x8Trax_922808 Sir Pussycat vs. princesarg : @0/ A2\ B1/ B2+ C1/ D1/ B3+ E1/ D0/ E4\ C0\ F3/ C0+ A6/ @5/
8x8Trax_922811 Adam vs. Aphrodite : @0/ B1+ A0\ @2+ @2\ A1\ B0+ B0/ C5/ D2+ E4/ D6\ E6\ F6\ E2+ F2+ @3+ H2\ F7+
8x8Trax_922812 Adam vs. Aphrodite : @0+ B1+ A2/ C1+ B0/ C3\ C4\ D2+ E3/ B5/ D5+ B6+ A6/ @4\ @5+ C7/ F1+ C8/ @7+
8x8Trax_922822 STrek vs. Logged Off 27172 : @0+ B1/ A0\ A0+ @3+ A4/ A1+ B0+ D3+ @4/ A3+ B6\ C6\ A5+ @4+ B1\ A1\ @1\ A4+ D0/ @5+
8x8Trax_922842 Megababe vs. Care-N : @0/ @1\ A0/
8x8Trax_922882 Goonerg vs. Aphrodite : @0/ A2+ B1\ B2\ C1\ C2+ D1\ D0+ B4+ C4\ E2+ E4\ D5/ F4+ F5\ F6\ E7+ B0\ G6+
8x8Trax_922963 SweetCindyJo vs. emzirek : @0/ B1\ A2/ @2+ C2\ C3\ B0+ @3+ @3\ D0+ C5+ C6\ F5\ G5\ E7+ F8/ A5/ @5/ C3+ F2/ G1/ D1\ C6+ B7\ E8/
8x8Trax_922982 DavidJ vs. Uncle Chuckie : @0/ B1+ A0\ @2/ D2/ A1\ @2/ B3+ D1+ B0+ A1\ @3/ @3+ @3\ E0/ D6\ G0/ H2\ D1\ G7\ F0\
8x8Trax_923058 Rogue Trooper vs. Aphrodite : @0+ B1+ A2+ @1+ B0/ D2+ E2+ @2+ F3/ F1\
8x8Trax_923071 Rinny vs. Whistler Gandalf : @0/ B1\ A2/ @2/ @2/ C3+ D2\ E2\ D3\ D4\ E4\ A4/ E5+ @4\
8x8Trax_923126 lucky vs. Jump This : @0+ B1+ A2/ C1+ @2+ A3+ B3+ B4\ A4+ C3+
8x8Trax_923286 Sir Pussycat vs. gingershaz : @0/ B1\ B2\ C2+ A0\ @1\ C1+ A2/ @2/ A3+ D4/
8x8Trax_923325 streep vs. STrek : @0+ A0+ A3+ B2/ @2/ @2/ C4+ B4/ C0+ B2\ C0+ C0\ B1\ A3/ @4\ C0\ B1\
8x8Trax_923340 STrek vs. Geri39 : @0+ B1/ @1/ A2\ B2\ C3\ D1+ C0/ B0+ A2\ @3\
8x8Trax_923380 gramat vs. Sir Pussycat : @0+ B1+ C1\ C2\ C3+ D2+ E2/ @1+ @1\ A0\ @1\ A0\ D1/ C0\ D5+ F7\ E7+ G3/ H3/ H2/
8x8Trax_923395 gingershaz vs. Sir Pussycat : @0/ @1\ A0/
8x8Trax_923524 gingershaz vs. Sir Pussycat : @0/ @1\ A0/
8x8Trax_923545 gingershaz vs. Sir Pussycat : @0/ A2+ @1\ A0\ B1+ C2/ D1/ D0/ C1+ B1+ A0\ @3\ F2/ @3\ G1\ E1\ C0+ E1\ D0/ D8+
8x8Trax_923564 B Line electric streetcar vs. Aphrodite : @0/ A2/ B2+ @2+ @1/ B0+ C0\ D2+ @4\ A5/ @5/ C1+ D0/ D0+ B2+ D0+ A5+ @8/ A4+ H6\ F2+ H3+
8x8Trax_923741 DINGEROO vs. mcinturff : @0/ A2\ B1/ B0+ C1\ B3\ B4+ C4\ D4\ E4+ E5\ F4/ D1+ G3+ D0/ @3/ C6+ D7+ A6\ H5+ H7+
8x8Trax_923881 drgnrdr vs. Cachel : @0/ A0+ @2\ B3/ A1+ B0/ @3+ D3/ E3/ @3\ B2\ E0+ D6/ G3\ A3\ A2\ D1+ D7+ @2\ F0+
8x8Trax_924030 Megababe vs. Goonerg : @0/ A2+ A3/ @3/ @2/ A1/ A3/ A4+ B5/ D2/ C0/ @5+ E5+ F4/
8x8Trax_924036 Vacant 1884 vs. Goonerg : @0/ A2+ @2/ A3\ @2/ A1/ C3+ D3\ B0+ C0/ D1/ B6+ B1\ C0/ A3+ @4\ A6+ A3\ E7\ A1\ @2\
8x8Trax_924046 wildflower26 vs. Goonerg : @0+ @1/ A0\ @1\ A2+ @2/ A3/ @3+ D3\ B4/
8x8Trax_924090 Geri39 vs. Goonerg : @0+ @1+ @1/ A2/ A0\ @3+ @3/ A4/ A2\ A1/
8x8Trax_924311 Nina vs. Goonerg : @0+ @1/ C1/ A2/ D1\ C2+ D2+ C3/ @1\ A0\ A4/ @4/ E5/ E1/ B0\ A1\ @4\ C0+
8x8Trax_924350 csain1 vs. Goonerg : @0/ B1+ C1/ A2/ B3/ C2+ C4/ B4/ D1+ D4/ D5/ A3+ B5/ E3+ @3/ A6/ @4+ B2+ E6/ F0\ G6/ E8+ A7/ @5/ B4+ B8/ A8/ C1\ DRAW
8x8Trax_924353 Goonerg vs. csain1 : @0/ A0/ B1/ B3/ @1/ A0+ @1\ @1/ C0/ C0/ C0/ A1+ B6+ @4\
8x8Trax_924380 kleese2 vs. Goonerg : @0/ B1+ A2+ C1/ A3\ A4\ @3+ @3/ B5+ C6/ E4+ F2+ E5/
8x8Trax_924463 rramirez vs. Goonerg : @0/ A2+ @2+ @2\ A1\ B0\ @2+ C4/ A1\ @1\ C0/ A5/ @5+ B6\
8x8Trax_924489 TN_Sapphire vs. Goonerg : @0/ A2+ @1\ B0/ C3/ C2/ A3+ @3\ A2+ A1/ C0/ D2/ D1/ E1/ E5\ F5\ D6/ C6/ B5+ @3+ C1\ D0/ @4\ A3\ E8/ H2+
8x8Trax_924528 runabe vs. Misfit Lenrad6672 : @0+ @1/ B2+ C2/
8x8Trax_924576 Vacant 1884 vs. Goonerg : @0/ A2+ B2\ @1/ @1/ C3/ A4+ @4/ C5/ C0+ A2+ @3+ @2/ A5\ A1\ F5+ @2\
8x8Trax_924616 Sir Pussycat vs. Goonerg : @0/ A2+ @2\ C1/ B0/ D2\ C1/ B4/ D3+ @3+ @3/ A5+ G2\ G4+ E0/ H2+ H0/ H6/ E1\ F6+
8x8Trax_924628 Misery Midnight vs. MsDelete : @0/ B1\ B2\ C2+ B3/ A3/ A4/ @3/ @3/ A4/ @4/ G2/ A5\ F0+ C6/
8x8Trax_924646 Sushi Warrior vs. Goonerg : @0/ A2+ @1\ B0/ C1\ C2+ A3+ @3/ A1\ B0+
8x8Trax_924695 curleyquenot vs. Morticia : @0+ @1\ A2/ @1\ B0+ B0\ @1\ C0\ D2+ E1\ @3/ A4/ A5/ F4+ B1+ @3+ @4\ E6/ F0+ E1\ C2+ D7/ C1/ B7\ D8+ A3+ G7/ B1+ H6\ A8/
8x8Trax_924769 AWOL 28160 vs. Rogue Trooper : @0/ @1/ B0\ @2\ B1+ @2\ C3/ A1\ B0\ B0\ @3\ B2+
8x8Trax_924783 Hoosierenvy vs. Goonerg : @0+ @1/ A0/ B3/ A3+ @2\ A1+ D3/ C4+ B0+ A4+ A5/ C6+ @4+
8x8Trax_924940 Aphrodite vs. Goonerg : @0/ A2+ @2+ B0/ C1/ B4+ D2+ C4+ C5\ E3/ F4+ G4/ B5/ B6/ F2+ D6\ B7/ F6/ A7+ G6\ B8/
8x8Trax_924956 Jump This vs. bingoworld : @0/ A2\ B1/ @1/ @2\ B3+ C4/ B0+ @3\
8x8Trax_924976 Cazarooni vs. Goonerg : @0/ A2+ @2\ C1/ D1/ C0/ D1+ D0/ E1/ E3+ C1+ E0/ F1/ D0\ E0\ A3\ B2\ @4\
8x8Trax_925026 ringeding vs. Goonerg : @0+ @1/ B2/ A2/ A3/ A4/ @3\ @4\ B2+ B0\ B0\ A3\
8x8Trax_925041 Goonerg vs. Granny Walrus : @0/ B1\ A2/ B2\ B3/
8x8Trax_925047 Goonerg vs. Weth : @0/ @1/ C1/ B0+ B0/ C4/ D3/ B4/ E1/ D0\ E5\ F4\ E6/
8x8Trax_925087 Goonerg vs. el cielo es gratis : @0/ A0+ @2/ @1+ A0/ D2/ C1/ C0/ D2/ E2/ D1/ E1+ C0+ F3/ A1\ B6\ @3\
8x8Trax_925117 Phil The Hat vs. Aphrodite : @0/ A2+ @1+ C1/ C0+ C0+ A1\ @1\ C0+ A3/ @4\ B5+ B6\ D6+ F4+ B0\ A3\ @2/ G7\ E8+
8x8Trax_925141 Jump This vs. Uncle Chuckie : @0/ B1+ C1/ A2/ A3+ B4/ C3\ D2\ C4+ D4\ D5\ A0/ @2\ D7+ C8\ B8/ A8+ A1\ @1\
8x8Trax_925177 Goonerg vs. sithneedow : @0/ B1\ A2/ @2+ A3/ @2+ @2/ B1\ B0\ @2+ B0/ E2/ @3/ B5+ A1\ @2\ B0/
8x8Trax_925209 Goonerg vs. Whistler Gandalf : @0/ @1\ A0/
8x8Trax_925277 * Sassy_Angel * vs. Chef Jeff 1 : @0/ B1+ B2/ A2/ @2\ D1+ A3/ @2\ B1\ C0/ A4+ A2+ @4\ G2+ H2/ H1/ E0\ A3+
8x8Trax_925289 Goonerg vs. SunDrop Kid MIA : @0/ B1\ A2/ B2+ @1/ A2/ C3\ C4+ D4\ @1\ C0/ D0\ E1/ E0/ E0/ F3+ G3/ C2+ A4\ @6/ B7+ B3\ G6\ H5/ H7/ C1/ B2+ A8\ A1\
8x8Trax_925320 Goonerg vs. EddiE : @0/ A0\ @2\
8x8Trax_925376 FujiTape vs. pookster : @0/ A2\ B1/ B0\ B3\ C2/ @3/ B4\ E2/ A4/ A5/ D0\ B2\ A2\ @5+ @6\ E5\ D6+ C7/
8x8Trax_925448 superkaempe the gentle giant vs. * Sassy_Angel * : @0+ B1\ B0/ C1/ D1/ B3/ B4\ C4\ D2\ E2\ F2\ A3+ @3/ B4+ A2\ @3/ E5+ A5+ A6\ D6/ E6+ E0\ C2+ D1+ G1/ G0/ F8+ D1/ F6+ B2+ A2+ A1+ G7+ G8+ B1+ H8+
8x8Trax_925507 keops vs. blondie44 : @0/ A0+ A0\ @3\ A1/
8x8Trax_925525 CATNAP vs. Sista : @0/ B1\ A2/ @2/ D1/ C0\ C3\ B4/ @1\ A0\ @3\ C1/ A1/ C0\
8x8Trax_925571 hayleesam vs. Whistler Gandalf : @0/ B1\ A2/ A3/ B0/ C2\ D2\ C3+ A5/ B4+ B0/ D2+ A1\ @2\ B0/
8x8Trax_925573 Goonerg vs. Absentee 13645 : @0/ A0\ @2\
8x8Trax_925717 Chad vs. Nargada : @0/ B1\ A2/ @2+ D1/ D0/ D0/ B5/ A6\ C4+ @3/ E6\ F4+
8x8Trax_925741 Chad vs. gorrick the goblin : @0/ B1/ @1/ C0\ @2/ A1/ A3/ D0\ D0\ @5/ D6+ D3+ @3\ C2+ @3+ A2\ D1\ F0/ A7/ @6+ C8\
8x8Trax_925744 Chad vs. Uncle Chuckie : @0/ B1+ A2\ C1\ C2\ D2\ A3+ C0\ @2\ A1\ A0\ F3+ E6\ F6\ G3\ E7+ B7/ E8/ A5+
8x8Trax_925748 Goonerg vs. Chad : @0/ @1/ @1/ @1/ E1/ C2+ A3/ D0+
8x8Trax_925763 drgnrdr vs. Gone with the Wind 10797 : @0/ B1\ A0/ B3/
8x8Trax_925801 ejd vs. Syl2 : @0+ @1\ A2/ @2/ B3/ @2\ A1\ C0/ D4\ C5/ A4/ @3\ A5/ B6\ @3\ B6/ B7/ A2/ B8\ C7+ D7\ D8+ F1/ G1+ H2/
8x8Trax_925917 klaashaas vs. Kevin : @0/ A0/ B1/ C2/ @1+ B0\ @3\ @3\ C4\ F5+ G5\ A5+ C6\
8x8Trax_926166 Goonerg vs. Tolp : @0/ A0/ A3/ B1\ C1\ A4/ @1/ A0/ C3+ C6/ A4+
8x8Trax_926187 Goonerg vs. patty : @0/ B1\ A2/ C1\ A0/ @3+ D0/ E2\ A1\ @1/
8x8Trax_926260 Rogue Trooper vs. bejaye : @0+ B1/ @1+ @1\ B2+ A0/ D1/ D0+ E1/ E2+ C0+ D1+ A1\ @1+ C0\
8x8Trax_926261 Goonerg vs. bejaye : @0/ A0\ @2\
8x8Trax_926269 Goonerg vs. Uncle Chuckie : @0/ B1+ B2\ B3\ C1/ C0/ D3\ @2/ A1/ @2/ @3\ H3+ H4\ F5/ E6+ E7+ F6+ E8+
8x8Trax_926273 Goonerg vs. bejaye : @0/ A2\ B1/ B2+ C1/ B0/ @2+ D1+ E1/ E2+ D4/ E0/ F1/ G1+ G0/ H1/ D1+ G0+ C3+
8x8Trax_926345 Goonerg vs. MIA 20304 : @0/ B1+ A2\ C1\ C2\ D2\ B3/ C4/ E3/ A3/ @3\
8x8Trax_926351 Goonerg vs. sweetbaby : @0/ @1\ A0/
8x8Trax_926404 Goonerg vs. EagleAnney : @0/ B1\ A2/ B2+ @1/ C3/ A2+ @2/ A3/ @3/ A4/ B5/ E5\ A5+ F3\
8x8Trax_926416 gone with the wind9999 vs. firefly : @0/ @1+ @1\ B0\ B0\ A2\ @2\ B1\ A1+ C0+ E3/ @2\ B1\ B0/
8x8Trax_926480 Sir Pussycat vs. The Mad Hatter : @0/ B1\ A2/ B2+ C2/ D2\ B0+ D4/
8x8Trax_926488 astyr vs. Megababe : @0+ B1\ B2\ B3\ B0\ C4\ D2+ C5\ @4/ E6/ A5+ D7\ F5+ G5+ C8+
8x8Trax_926507 stormy110 vs. Misfit Lenrad6672 : @0+ @1/ @1\ A0\ @1+ E2\ E3\ E4+ F4\ C1/ F5/ C0\
8x8Trax_926513 Sir Pussycat vs. The Mad Hatter : @0/ B1\ A2/ @2+ @2\ A0+ A0+ D4+ @3/ A5\ B5+ C5+ D5\ E5\ B0+ B7/ @4\ E7\ A6/ C8\
8x8Trax_926789 Kevin vs. Megababe : @0/ B1\ A2/ B2+ @2\ A1+ C3/ B3/ B0+ D2\ E2\ D4+ D1/ D0+ B6/ E1+ F3\ E6+ G6+ G7+ H7\ G3+ B7+ F8+ B8+
8x8Trax_926794 Vacant 1884 vs. Rogue Trooper : @0/ A0/ A0/ @1/ A0/ B1+ A3+ @2+ D2/ A4/ B5\ @3\
8x8Trax_926816 Jump This vs. Rogue Trooper : @0/ @1/ C1/ C0\ B1+ A0/ A0/ C2+ A5/ @5/ A6/ @6/ A7/ @4+ @7+ D0+ A2+
8x8Trax_926842 Sir Pussycat vs. aussielady : @0/ B1+ B0+ C2\ A3/ @3+ @3\ A1+ D4/ D5+ C5/ @1\ A0/ F2+ C6/ E1/ E0\ D1+ G5/ B8\ A7\ H4+ A5/
8x8Trax_927320 mahogany vs. Jump This : @0+ @1+ B0/ @2+ C3\ D3\ E2\ E3\ F1/ E0\ D1\ B2+ D0/ B1\ C0\ A3\
8x8Trax_927425 Phil The Hat vs. Aphrodite : @0/ A2+ A0\ @3\ A1+ A0\ @1\ @2\ B4+ A1+ C0+ D6/ E4/ D2+ F4+ E6+ G5+ @2/ D7+ B6+ C8\ H4+
8x8Trax_927497 ryry vs. ema : @0+ B1+ B0+ A3\ C1+ B4\ A4+ C4/
8x8Trax_927678 BabyGirl The Rebel Angel vs. Chef Jeff 1 : @0+ @1+ B2/ B0/ C2\ A1+ D2\ B0/ B0/ E4+ E5+ C6/ C7/ F4+ C8/ @3+ B6/
8x8Trax_927827 DavidJ vs. Tammer : @0/ B1/ A0\ A3/ @1/
8x8Trax_928067 CHESSCATJAY vs. Misfit Lenrad6672 : @0/ B1\ A2/ B2+ @1+ C3\ B0/ D2+ @2+ C0/ E4\ F4\ F5\ E6\ @3+ G2/ H2/ B1\ H4+
8x8Trax_928068 CHESSCATJAY vs. Misfit Lenrad6672 : @0/ B1\ A2/ B2+ C2\ A3/ B0/ C1/ D3\ @4+ A5/ B5+ F4/ A6+ @6/ C1\ D0+ D0\ C2\ C1\ B1\ A3/
8x8Trax_928317 spitfire vs. *Rosie* : @0+ B1\ B0/ C1/ C0+ B4/ B5\ C5\ C3\ D4\
8x8Trax_928381 Cachel vs. Goonerg : @0+ B1\ A0+ @1\ A2+ A3\ @1+ B0+ @2\ B1\ D5/ B5\ D6/ A4/ @4+ G4/ C0\ B2\ G3+ @5\ A3+
8x8Trax_928466 Goonerg vs. Jump This : @0/ A0/ B1/ B3/ C1+ D1+ @2/ E0\ E4\ E5\ F1\ A1+ B4+ C0/
8x8Trax_928635 Megababe vs. Care-N : @0/ @1\ A0/
8x8Trax_928656 The Mad Hatter vs. Sir Pussycat : @0+ B1+ A0+ A3/ B3+ @1/ C1/ @2/ A3+ E3/ F3/ D0/ D5\
8x8Trax_928709 The Mad Hatter vs. Sir Pussycat : @0+ A0+ A0+ B2\ @2\ C1+ D2/ D1/ E1/ D3+ F2/ D4\ B4+ G2/ G1/ F0/ E0+
8x8Trax_928851 Nanett MIA vs. Jump This : @0/ A0/ B1/ C2/ B0+ @3+ @3+ E1+ D4\ E0\ B1/ E5\ F4/ E6+ F6\ G4/ H5\ A5+ H6+ F1/ F0+ E1+ H8+ H2/ H1+ C1+ A3+ A7+ A8+ E8+ B1+
8x8Trax_928911 Mististar vs. Honeybear : @0+ B1/ A0/ A0\ @2/ B4/ C1/ C0/ C5+ B6\ C6\ D4/ @4+ D7+ @4+ G1/ G0+ E1\ D2+ C7/ D1\ A6+ G5\ H5\ G6+ H3+ G8\ H8+ A4+ A3/ A7/ B8+ A1\ H1+
8x8Trax_929003 drgnrdr vs. Uncle Chuckie : @0/ B1+ A0\ @2/ A1+ C1/ B0+ D3\ B4/ A1\ @2/ E1/ D0+ F3/
8x8Trax_929083 Sir Pussycat vs. gingershaz : @0/ A2\ B1/ B0\ C1\ D2\ B3+ A1+ B0+ A1+ @2\ E2+ E4+ F2\ C0+ C0/ B2\ @3\ E1/ E0/ D8+ F8\ F1/
8x8Trax_929116 Uncle Chuckie vs. Megababe : @0/ A2\ B2\ B3\ B1+ C2+
8x8Trax_929195 silverrbts vs. mcinturff : @0/ A2/ B1/ @2\ @2\ C0+ B1+ A2\
8x8Trax_929286 Aphrodite vs. Jump This : @0/ A0/ B1/ C2/ A3/ C4+ D2/ E3/ B5+ D5+ @3/ E1/ F1/ D0+ G5+ E7/ @4/ E0\
8x8Trax_929357 carinda vs. Rogue Trooper : @0/ A0/ B1+ A3\ @2+ D2/ @1\ A0\ A3+ B4+ D4\ C1/ A0\ C6+
8x8Trax_929416 Jump This vs. Rogue Trooper : @0/ @1/ C1/ C2+ B3+ A4\ @4+ D4+ C0+ A2+ C0+ A1\ @2+ C0+ A2\ F3\ E1+ G2\ D0\
8x8Trax_929587 toadisgimpy vs. pawnme : @0/ A2\ B2\ B1+ A3+ @3/ @3\ B4/ D0/ E2\ A3+ E3\ D5+ C6/ F2/ @3\ A2\ C1\ C0\ @3\ A2\ B5+
8x8Trax_929733 Aphrodite vs. Jump This : @0/ A0/ B1/ B3/ B0+ C1+ B0+ @3+ D4+ A5/ B6\
8x8Trax_929769 spitfire vs. *Rosie* : @0+ @1/ @1\ B0/ B3\ D2\ C3\ D3+ D4/
8x8Trax_930171 Geri39 vs. STrek : @0+ @1+ B0/ C1+ B0/ A1+ C0/ D1/ C0/ B2+ A1+ @5/ D6+ E1/ A3+ E0+ E4\ F3\
8x8Trax_930181 Mististar vs. Misery Midnight : @0+ B1\ B2\ A3/ @3/ D3\ D4\ E4\ A2\ C4+ @3\
8x8Trax_930216 Sir Pussycat vs. gramat : @0/ B1\ A2/ A0/ @2\ B4/ C3+ B0\ A1\ @1+ B0/ A1+ E4+ F4/ E5\ A0/ @2/ C1+ D2+ F3/ F2\ E1/ G3/ H4/
8x8Trax_930299 FrostyColdOne vs. mcinturff : @0+ @1+ C1/ @1\ B0\ A1+ @2/ A3/ @2+ C0/ E2/ F2+ E1+ F1+ E0+ F1/ G1\ C1+ A3/ C5+ D5+ D6\ F5\ G4+ G5+ G2\ C6+ B2+ H4\
8x8Trax_930637 paganje vs. Misfit Lenrad6672 : @0/ A2\ B2\ B1+ B0/ C3\ C4\ D2/ E3/ C0/ D2+ E2/ D1/ D0/ E1/ F2/ F6\ E7+ G4\
8x8Trax_930695 spitfire vs. Cookie of the Wolf Pack MIA : @0+ B1+ A2\ A0\ @1/ A2+ @1/ B0/ D2/ E3/ D5\ E5\ F4+
8x8Trax_930780 drgnrdr vs. CHESSCATJAY : @0/ A2\ B2\ B3+ B1/ C1/ C3+ B4+ @2+ C5+ A1\ A0+ B1+ A0+ @4+ E1/ C0\
8x8Trax_930834 gingershaz vs. Sir Pussycat : @0/ B1/ B2\ C1/ B3\ C3\ D1/ C4+ C0\ C6+ D5\ C7+ C8/ B8/ @6/ C1+
8x8Trax_930838 The Viking vs. skouboe : @0+ B1+ A0+ A0/ B1\ A4/ B4+ @3+ C5/ D3+ B5/ @3+ @3/ A4/ @4\ C2\ A3+ A1+ @3/ A2+
8x8Trax_930846 Megababe vs. Care-N : @0/ B1\ A2/ @1\ A0/
8x8Trax_930955 Adam vs. Jump This : @0/ A0/ @1/ @1/ B0+ B0/ B0/ B0/ A3\ @4/ E5/ C6/ F3+ D7+ F5+ B7/ A7+ C8/
8x8Trax_930969 * Sassy_Angel * vs. Second Coming : @0/ B1\ A2/ B2+ C2\ C3\ C4+ D3/ B0\ A0\ @1\ E4/ D2\ D7/ A4\ E6\ F6\ A5+ D8/ A3\ F4+ @4+
8x8Trax_930994 Adam vs. Aphrodite : @0/ A2/ A3\ B1/ @1\ B0/ D3+ D4\ D5+ E4/ A5/ @4\
8x8Trax_930995 Adam vs. Aphrodite : @0/ B1+ A0\ @1\ B0\ A3+ C1/ B0\ @3+ A2\ @2+ D5/ F3+ G3/ H2\ E1/ D0+ A2+ A1\ C0+ G2+ B0+ C1/ F2/ F1+ G7+ G8\ H2/ H1/ A7/ A8/
8x8Trax_930997 Adam vs. (vikki) : @0/ B1+ B0+ B0/ C1/ B0/ C1+ D2/ A2\ @3\ D4+ @4/ B5+ B2+ B1\ A1/ C0+
8x8Trax_931121 JenJen vs. bubbly : @0/ A2\ B2\ B3+ B4\ C4\ @2+ @2\ F4+ A1/ C0+ @3/ A4/ B5\ H5\ D5+ B6\ E6\ D0+ E8\ G4/ F3/ H5/
8x8Trax_931165 toadisgimpy vs. Aphrodite : @0/ B1/ @1\ C0/ D2\ B3/ B4/ D4+ E3+ C5+
8x8Trax_931398 The Mad Hatter vs. Sir Pussycat : @0+ B1+ B0+ @2+ B3/ A1\ C3+ D2+ @2\ A1\ B0+
8x8Trax_931525 STrek vs. gorrick the goblin : @0+ @1/ B0+ @2/ C0+ D3\ B4/ C5+ E5+ C0/ D1/ E1+ F6/ E0\ F3+ G6\ E8+ G3+ F1+
8x8Trax_931628 Misery Midnight vs. Vacant 27452 : @0/ A2\ B2\ C2\ A3/ @2\ C4/ D1+ E4\ D5/ C5/ F3+ G3/ E2+ C6\ G1/ E5+ F0\
8x8Trax_931650 Sir Pussycat vs. gingershaz : @0/ B1\ A2/ @2\ A1+ A0/ B1/ C0/ @3/ E2/
8x8Trax_931704 curleyquenot vs. Morticia : @0/ A2+ @1\ B0/ C1+ A3/ @2+ D4\ E3+ E1/ F1/ E4+ F4+ D0+ B5\ D6/ B2+ C1\ F3\ G3\ C6/ A5/ @3+ B6+ A5\ A2\ A1\ E0+ E0\ C2\ A2/ C1+
8x8Trax_931711 Sir Pussycat vs. gingershaz : @0+ @1\ B2+ A0/ C2\ B1+ B4+ A4/ B0+ @2/ C0+ B7\ C0+ A3\ C8+
8x8Trax_931720 Pepsi Fan vs. toadisgimpy : @0+ A0\ @1/ A2/ B3\ C3+ A4/ @4/ D4\ C5+ E4/ D5\ F4\ E3+ E2/ E1/ F1\ D0+
8x8Trax_931876 Sir Pussycat vs. gingershaz : @0/ A2\ B1/ B0\ @2/ A1\ @1\ A3/ B4\ @3/ A4\ A5/ @3/ B0/ E5+ F5\ G4+
8x8Trax_931944 blondie vs. Elvis : @0/ A2+ @1\ A0+ B1+ B0/ C1+ D1/ D0/ A5/ @5/ B2\ B1\ E3\ C0+
8x8Trax_931988 s_strum vs. Megababe : @0/ B1\ C1\ A2\
8x8Trax_932163 Absentee #28779 vs. Rogue Trooper : @0+ @1\ B2+ C1/ A0\ C0\ A1\ @3\ A1\ C5+ B5+ @4+ D6+ B0\ @1+ A0+
8x8Trax_932186 MORRIS vs. Rogue Trooper : @0/ @1/ A2/ A3+ B0/ B0/ @5/ A1\ @5/ B0/
8x8Trax_932366 princesarg vs. Sir Pussycat : @0/ A2\ @2/ C2/
8x8Trax_932563 Arctic Warrior vs. Hjallti : @0/ B1\ B2\ A2+ B3/ @1/ B0+ C5/ D3/ A4/ @2/ B6/ A5+ A6+ @5+ A6+ @6/ D7/ G5\ B1\ H4/
8x8Trax_932581 Sir Pussycat vs. aussielady : @0/ B1+ B0+ A3\ B0+ C3\ B4\ C4+ B5/ D4/ C5\ C6\ D7/ E3/ B7\ D2/
8x8Trax_932648 JTANTAZ vs. ryry : @0+ @1+ A2\ A0/
8x8Trax_932665 Absentee 13409 vs. Elvis : @0/ @1\ B0/ @2/ C3/ A3+ @2\ B1/ B0/ D1/ C0/
8x8Trax_932702 Megababe vs. s_strum : @0/ B1\ A2/ B2+ C2\ C3/ A3\
8x8Trax_932806 silverrbts vs. mcinturff : @0/ B1+ C1+ D1\ @1/ D2+ C2/ C3/ B3\
8x8Trax_932832 Phil The Hat vs. Aphrodite : @0/ A2+ @2\ B3\ C3\ C4+ A3+ D1+ C0\ E4\ D5+ C0+ A1\ @4\ D7\ C0\ A2+ F8+
8x8Trax_932884 BrnIdGirl vs. Adam : @0/ B1\ A2/ A0/ @3\ A2\ C3\ B4/ D3\ C4\ C5\ A1\ A0\ C1+ E2\ E3+ @2\ G2\ E0/ F6\ G6\ H4+ H7\ G8+ H8\ H3+ G1\ D1+
8x8Trax_932916 Pbarb2 vs. Sista : @0+ A2+ A3\ @3/ B4\ C1\ A1\ @2\ A1+ B0\
8x8Trax_933013 csain1 vs. Adam : @0/ B1\ A2/ A0/ A0/ @2+ @2\ A3+ A5\ @3+ @2/ @3\ C5/ C6/ @3\ D7\ E7\ F7+ F8+ G5+ H5\ H7\ B1+
8x8Trax_933090 irishmiss vs. Misfit Lenrad6672 : @0+ @1/ B0+ C2\ A3/ A4+ @4/ A3+ B5+ C5\ B6+ @3/ B6/ A6/ D0+ D0\ C1\
8x8Trax_933091 Geri39 vs. Misfit Lenrad6672 : @0+ @1/ A0\ @2/ A1+ A0\ B1+ @2+
8x8Trax_933096 TaUrUsRoSe vs. Adam : @0+ @1+ B2\ C2\ C0/ D2\ A1+ B0\ D1/ E2+
8x8Trax_933211 csain1 vs. Jump This : @0/ @1/ @1/ @1/ @1/ C0+ A3/ @3/ A4/ @4/ C5\ F5+ @3+ D6+
8x8Trax_933237 SoftBreeze vs. Sir Pussycat : @0+ A0+ A3\ B3\ B4/ @2+ B0/ C1\ B5+ A5\ A2\ B0/ @2/ E5+ C0/ E7\ F7/ E8/
8x8Trax_933281 FujiTape vs. Adam : @0/ B1\ A2/ B0\ B3\ A4/ A5/ A0\ @3+ C5+ B0/ C1/ D4+ E4\ A8/ @7\ B2\ A3+ A2+ @3+ @3\ A2\ G6\ C5\ F8+ H7+ C8+ B5+ A6+ A5\ H3+ B1+
8x8Trax_933284 FujiTape vs. DragonHeart MIA : @0/ B1\ A2/ @2+ C2\ C3\ C4\ D4/ E4\ E5\ B4/ B5/ B6/ D3+ @1/ B0+ F4+ G5/ F3+ A4+ G7/ B0+ @3+ A5+ H5+
8x8Trax_933286 FujiTape vs. Stinger : @0/ B1/ C1\ C2\ C3\ A2\ C4\ D3\ D4+ E4\ E3+ A3+ E5\ F5\ F6\ G5\ G6+ H5+ C5+ G7+ G8/ F8/
8x8Trax_933353 Goonerg vs. csain1 : @0/ A0/ A3/ A4/ @3/ @3/ D4/ E4/ F4/ F3+ E5+ G5\ E6\ F7/ B5\ D1\ D6+ C7+ H4+ H3/ A5/ G7+ F8\ G8+ H8+ DRAW
8x8Trax_933478 gingershaz vs. Sir Pussycat : @0/ A2\ B2\ B3+ C3\ B4+ A4/ B5+ @4/ C6+ C7/ B7/ D7\ D8\ A1\ B8+ @4\ D1/
8x8Trax_933504 Tigger vs. DavidJ : @0/ A2\ B1/ @1/ C2\ D1/ C0+ A4/ @2/ D0+ C6+ E4+ E5+ F3/ C7\ G4\ F5+ F7\ E8/ G5+
8x8Trax_933520 Aphrodite vs. Rogue Trooper : @0/ @1/ B0/ B0\ B0+ C2+ C3+ @3/ D5\ E4/ B1+ A5/ @3/
8x8Trax_933533 rramirez vs. Rogue Trooper : @0/ @1/ A2/ A3+ @3\ D3+ C0+ D1+ C0+ A1\ @3+ C0+ @4+ G4+ E7/ D8\ @4\ H7/ C2+ B2\ B1\ A1\
8x8Trax_933740 drgnrdr vs. MountainMist : @0/ B1\ A2/ @2+ C2\ C3\ D1/ D0/ C1+ E2+ B1+ F2+ B0/ A5/ A6/ G3+ @4\ G2/ H4/
8x8Trax_933882 * Sassy_Angel * vs. Second Coming : @0/ B1+ A2/ C1\ B3\ @3\ B4/ B5+ C0+ A1\ @2/ F3/ C7+ E4\ B6/ A6/ B0\
8x8Trax_933993 karosel MIA vs. Adam : @0+ B1+ A0+ C2+ D2/ D1/ A0+ E2+ A0+ @4+ B5+ G3+ H3\ H4\
8x8Trax_934029 FujiTape vs. nursestary : @0/ A2\ B1/ B2+ A3/ B0/ @4\
8x8Trax_934228 cats4954 vs. Rogue Trooper : @0+ A0+ @2/ C1+ @2\ A1\ @1\ C0/ D4/ A4+ @4/ A1+ @2\ C0+ E0/ F1/ G2/ H4\ D7/ G6\ F7\
8x8Trax_934355 Morticia vs. lexy : @0+ @1\ B2+ B0+ C3/ B4\ B5+ C1/ D1\
8x8Trax_934615 drgnrdr vs. Stinger : @0/ A2/ @1\ A0\ C3\ C4\ @3/ A4/ E2/ E1/ C4+ @3+ @1\ B0/ A4/ @4/ A3+ F2/ F1/ B6+
8x8Trax_934650 FujiTape vs. immitzi : @0/ A2+ @1\ B0/ B0/ A1+ @1\ C0/ D1/ B0\ @2/ D0+ F4+ D8+ G4+ F1+
8x8Trax_934747 Howdy Doody vs. STrek : @0+ B1+ A2\ B0/ C1/ D1+ C3+ E1+ A1+ A0\ @1\ A3+ A0/ D1+ @3/ E0\ A5/ A6/ H4\ H5\
8x8Trax_934844 Nancy vs. mcinturff : @0+ B1/ C1\ C2\ @1/ A2/ A0/ C4+
8x8Trax_935046 Aphrodite vs. Jump This : @0/ @1/ B0/ @1/ B3/ D1\ D3\ C4/ A3+ @3/ A2+ B4+ F2+ G1\ C5\ F4/ G3+ G0/ H1/ C7\ H5/ B7/ C8\ H6+ A8\ H7+ DRAW
8x8Trax_935124 drgnrdr vs. Vacant 1884 : @0/ B1\ A2/ A0/ C1+ C0+ D2\ E2\ B4\ B5\ B0\ A1\ @2/ A5/ @4/ F2+ G1/ H2+ H1+ E1/ E0/ E0/ H2/ A7+ A8/ B2/ B1+ C1+ C8+ H7+
8x8Trax_935192 Guyver vs. Vacant 1884 : @0/ B1+ B0\ B0/ @3/ D2/
8x8Trax_935407 * Sassy_Angel * vs. Chef Jeff 1 : @0/ A2+ A3/ @3+ @2/ B1+ @3\ C0\ @3/ A5+ @5/ A6/ G3\ H3+
8x8Trax_935428 Sir Pussycat vs. hayleesam : @0/ A2\ B2\ @1/ B0/ @2+ D2/ E3\ D1+ B4+ F4/ E5+ G4/ E2/ B0\ D7+ A5+ B6/
8x8Trax_935429 hayleesam vs. Sir Pussycat : @0/ A2\ B2\ B3+ @2+ B4\ C1+ @4/ B5\ C5+ @4+ B2+ @3+ A4+ G2+ D6\ A1+ C5/ G4+ G5/ H3+
8x8Trax_935503 Sir Pussycat vs. gingershaz : @0/ B1\ A2/ @2\ D1/ D0/ A2+ A1\ B0\ C0\ B1\ A2\ E3/ A1+ A0\ @3\ G4/ H2/ H1/ H4\ D1/ C0/ F2\
8x8Trax_935734 Geri39 vs. drgnrdr : @0/ B1\ A2/ B2+ C1/ C0/ @2\ B1/ C0\ D1+ @4/ C5/ B1\ B0\ @1/ B6/ @1\ C7\
8x8Trax_935779 Jay RAA vs. Megababe : @0/ B1\ A2/ C1\ @1\ B0/ E1/ D0+ D0/ E1/ F2/ D5/ E0/ F1/ G2/ C2+ G1+ H1\
8x8Trax_935782 Jay RAA vs. Megababe : @0/ B1\ A2/ @2+ D1/ C0\ @1\ B0+ B0\ A1\ @2\ A5\ B0\ A1\ D1/ @2+
8x8Trax_935784 Jay RAA vs. Megababe : @0/ B1\ A2/ @2+ C2\ A3\ D1/ B0/ E2+ D1+ E1+ D4\ D0/ C6+
8x8Trax_935831 spitfire vs. *Rosie* : @0+ B1/ B2\ C2\ C3+ B0\ A4/ B5\ A1+ @1/
8x8Trax_935962 nylady41 vs. Sir Pussycat : @0/ A2\ A3+ A0/ B2+ @1\ B0+ C4+ D3+ B6\ B0+ C7/ C1+ D6\ E4/ C8/ A6\ E5+ E7\ E3/ F6+ F3\ D2+ F7\ F4\ G5/
8x8Trax_935989 Tactician vs. Rogue Trooper : @0/ A0/ A0/ B1\ B3/ @1/ B4\ D1\ B0/ A3/ D0/ E2\ A1\ B0/
8x8Trax_936000 Retired 28186 vs. Rogue Trooper : @0+ A2+ A3+ B3+ B4/ B2+ A0/ B1/ B0+ @4+ C0/ D5\ D1/ E3+ F4/ A7/ D0/ @7\
8x8Trax_936031 Sir Pussycat vs. princesarg : @0/ @1\ B2/ B0/ A1\ B0/ @3\ B1\ D4/ B0+ D3\ A3+ @3/ F4/
8x8Trax_936120 cats4954 vs. Rogue Trooper : @0/ @1/ C1/ C0+ D1\ C3/ A3\
8x8Trax_936137 cats4954 vs. drgnrdr : @0/ A2\ B2\ A3+ B1/ C2\ B4/ C1/ D1/ @4/ A5/ E0\ A3\ @4\ E1\ C1+ D0\
8x8Trax_936157 Tigger vs. Rogue Trooper : @0/ @1/ A2+ C1+ C0\ A4/ B4+ D3/ C0\ E3\ @5/ D6/ E2+ G6\ E7+ @6/ C7+ D0/ B2+
8x8Trax_936214 MIA 5108 vs. Rogue Trooper : @0+ A0+ A3\ @1+ C3/ C1\ D2/ D0/ E2\ A4/ @2\ C5/
8x8Trax_936250 BabyGirl The Rebel Angel vs. Chef Jeff 1 : @0+ @1+ A2+ B2+ C2\ C1+ D1/ D0/ E1/ @2+ C4/ B1\ D0/ @3+ @3\ A2\ B1\ H1/
8x8Trax_936262 Vacant 1884 vs. toadisgimpy : @0+ B1\ @1\ A0\ B0\ @2+ D1/ E2/ D0\
8x8Trax_936572 BabyGirl The Rebel Angel vs. Chef Jeff 1 : @0+ B1+ C1/ @1\ D0/ A1\ A0\ @2\ A1\ F2\ B0+ @2+ G4\ H4+
8x8Trax_936596 Nanett MIA vs. Jump This : @0/ @1/ B0+ @2+ B3+ @1\ B0/ E2+ A3/ @3/ B4\ B5\ A2+ F3+ G2/ F5\ E1+ D6+
8x8Trax_936599 Santa Claus vs. Elvis : @0+ @1/ B0+ @2/ C0+ A2\ @3/ E2/
8x8Trax_936669 csain1 vs. Amanda : @0+ A2\ A0/ B3\ @1/ B0/ D3/ D2+ E2/ F2/ G2/ E3+ D0\ G5\ @4/ G6/
8x8Trax_936842 Guyver vs. Vacant 1884 : @0/ A2+ B2/ B1/ C1/ C0/ D1/ A0\ @2+ @2\ A1\ D0+ G1/ G0+ G0\ F1\ F0\ @4/ F2+
8x8Trax_937267 FujiTape vs. Misfit Lenrad6672 : @0/ B1\ A2/ B2+ C2\ A3/ @3/ B4/ @2+ F2/ F1/ D0\ B5+ B6/ @3/ D0+ C0/ G2/ H4/ G6\ B7+ G7+ D8+
8x8Trax_937300 Pbarb2 vs. Sista : @0+ A2+ A3/ B3\ A4/ @2\ C1/ D2/ C0/ D2+
8x8Trax_937477 gingershaz vs. Sir Pussycat : @0/ A2\ B2\ B3+ @1\ B0/ D3/ A4\ C2/
8x8Trax_937521 Syl2 vs. ejd : @0/ B1\ A2/ @2\ C2\ C3\ @2/ A3/ E1/ C3/ E0\
8x8Trax_937766 princesarg vs. paganje : @0/ A2\ @2\ C1\
8x8Trax_937781 FujiTape vs. stormy110 : @0/ A2\ B1/ B0+ B3\ C2/ A4/ @3\ A4+ @4/ C5/ D0/ C7/ E4+ E6/ F4+ F2/ G2+ G3+ H2/ H1\ E0+ G5\ F6\ G6\ F2/ H5\ H6\
8x8Trax_937789 klaashaas vs. Vacant 1884 : @0/ A2+ @2+ C2+ B3/ D2/ E2/ B4/ E3\ F2/ G2/ F3+ H2+ C0\ F5\ F6+ F7\ F8/ E7+ G7+ G8\ H8\
8x8Trax_937899 Sir Pussycat vs. nylady41 : @0/ @1\ A2\ A0+ B1/ B0\ C2\ @3\ D3+ C5+ B1\ B0\ @3/ @3/ G5/ D6/ C6+ C7\
8x8Trax_938121 hayleesam vs. drgnrdr : @0/ A2+ A3/ B1/ @2+ A1+ A0\ D3\ D4\ B5/ E3+ @1\ F1/ B0+
8x8Trax_938137 princesarg vs. paganje : @0/ A2\ A3/ B2/
8x8Trax_938145 Kevin vs. Rogue Trooper : @0/ @1/ C1/ C2/ D1/ C3+ B3/ D0/ @1\ B0\
8x8Trax_938151 sleepy vs. Rogue Trooper : @0/ A0/ A0+ B1+ A0\ @2+
8x8Trax_938221 Absentee 13409 vs. Rogue Trooper : @0/ @1/ B0+ @2\ B3+ C4/ D4+ E2\ C0+ B1+ C0+ E3/ F3/ A3+
8x8Trax_938223 Absentee 13409 vs. Rogue Trooper : @0/ @1/ B0+ C1+ B0+ @3+ @2/ B4/ C4+ E1+ E4\ D5/ F3+ A1/ E5+ @4/ A5/ D6+ A2+ @2\ E1+ D0/ D0+ F2/ F1+ G8+ H8\ A8/ H2+ H1/
8x8Trax_938243 Hoosierenvy vs. Rogue Trooper : @0+ B1\ A0/ B3/ C3/ @1+ C4/ B4/ A3/ E2\ B5/ A5/ @3\ A1\ C6+ B0+
8x8Trax_938318 Nancy vs. mcinturff : @0/ A2+ A0\ @1\ C3\ D3+ D4+ B4/ B5/ @1/ B2+ F3+ B5\ A2/ B3/
8x8Trax_938333 poss vs. Rogue Trooper : @0/ @1/ B0/ @2\ D1\ @2\ E2+ E3\ D4\ B4\ E4+ F3/ F4+ @2+ G2/ H4+ B1/ H5/
8x8Trax_938351 The Pampered Cricket vs. Rogue Trooper : @0+ B1+ B0\ B3\ A3+ @3/ B4\ D3/ A2\ @3+ B5/ A5/ B0\ A3\ @6+ C7+ B1+ E6\ C8+ G4/ F3/ B8/ A7+ G3+ A2+ A4\
8x8Trax_938416 toadisgimpy vs. SPOILED : @0/ @1\ A0/
8x8Trax_938463 Tigger vs. FujiTape : @0/ B1\ A2/ A3/ @2+ @3/ A4/ D3\ B4\ C5/ E2+ D0/ C1+ @5+ @5\ G5/ F0+ B4\ G1\
8x8Trax_938512 SPOILED vs. toadisgimpy : @0+ B1/ C1\ B2/ B0/ D2+ C0\ D4\ E4+ C5+
8x8Trax_938527 Sir Pussycat vs. SoftBreeze : @0/ A0\ @1/
8x8Trax_938578 Tigger vs. Phil The Hat : @0/ B1/ B2\ C1/ B0+ @1\ C0\ B5\ A4+ A1+ C5+ C6+ @3+ E5\ F2\ D7+ F1/ B0+
8x8Trax_938882 Jane vs. Misfit Lenrad6672 : @0+ @1/ A0\ @1\ A0+ D3\ B0/ C5+
8x8Trax_939113 prettywoman vs. Rogue Trooper : @0+ A0+ A3+ @1/ C2\ A0/ @3\ D5/ E3/ D2+ C0\ E6\ F4/ E7/
8x8Trax_939121 barefeetgirl vs. Rogue Trooper : @0+ B1+ B2/ B0/ C1+ D2/ C3+ E2+ D4/ C5\ F2/ A5/ A6/ @4\
8x8Trax_939156 Rogue Trooper vs. Absentee 13409 : @0/ B1/ @1\ A0\ B1+ B3+ A3+ C4\ D2+ @2+ C0+ C5+ A1+ F3\ G3\ F2+ H4+ E5+ F1/ H2+ B5/ D6\ E7/ C0\ D2+ F1+ G7+ DRAW
8x8Trax_939207 Aphrodite vs. Rogue Trooper : @0/ @1/ C1+ B2\ B0+ A4/ @4/ D4\ C5\
8x8Trax_939310 silverrbts vs. mcinturff : @0+ @1/ A0/ A3/ A4\ C2+ C3+ D3\ C4+
8x8Trax_939554 CoolStream vs. Adam : @0/ B1\ A2/ A0/ @2+ @3\ B4\ A5+ @3\ B1+ @2/ B0/ @3\ A4+ G4+ H5/ D7+ C0/ A2+
8x8Trax_939555 CoolStream vs. Adam : @0/ A2\ B2\ @2\ C1/ D1/ C0+ C0+ C5+ D5\ E5\ C6+ A6\ C7+ F5+ C0+
8x8Trax_939556 CoolStream vs. Adam : @0/ A2\ B2\ @2\ B0+ A0/ A5+ @1\ B0+ A1+ B0/ @3+ @3/ B6+ C1\ D0/ F6/ G7\ F4+ B8/ @5+ G3+ H3/ C3+ A4+ F1+
8x8Trax_939608 Sir Pussycat vs. nylady41 : @0/ B1+ B0\ C2\ A3/ @3\ @3\ D0\ A3/ B5/ E2/ F2/ E1/ D0+ E6\ B7\
8x8Trax_939610 Jane vs. paganje : @0+ @1\ A2/ @2/ A1+ A0\ @2/ @2/ C4/ A3\
8x8Trax_939746 Tactician vs. Rogue Trooper : @0/ @1/ C1/ A2/ B0+ D1\ B0/ C0+ E3\ C0+ B7+ @6+ A7/ C8/ @6\ @6/ A7/ A8/ E2+ C3+ A3+ A2\ A1+ C1+ DRAW
8x8Trax_939803 Guyver vs. Rogue Trooper : @0/ A0/ B1\ A3\ B2+ A4\ @2/ C4\ D3\ @3\ D5\ E5\ F4\ @5+ B6\ A1\ F6\ A0/
8x8Trax_939841 Sir Pussycat vs. nylady41 : @0+ B1\ A0/ C1/ B0\ B4/ C1/ C0/ @4\ C1\ C0\ B6/ @4/ E1+ F2\ F3\ F4+ G4\ E6\ D7+ C0/ F2/ G2/ H5\ G7/ E8\ H2/ H8\ G4/
8x8Trax_939857 mrsjobravo vs. Rogue Trooper : @0+ B1/ B2\ C2\ C3/ B3/ C1+ A3\
8x8Trax_939993 sweetbaby vs. Rogue Trooper : @0+ A0+ A3/ B1+ B0/ @3\ C3+ D3/
8x8Trax_940016 ryry vs. Rogue Trooper : @0/ A0/ B1\ A3\ @3+ C3/
8x8Trax_940098 Sir Pussycat vs. princesarg : @0/ A2\ B1/ B0/ @2/ A4/ @3\ C5\ D4/ @1\ F3/
8x8Trax_940164 Misery Midnight vs. goldfreckles : @0/ B1\ A2/ @2\ A3/ @2\ A1\ D0\ @2/ A1/ A3+ D0\
8x8Trax_940380 Arctic Warrior vs. Vacant 27452 : @0+ A2\ B2/ @1/ C1+ A0/ @2+ @2\ B0+ C0\ D2+ E2/ @2\ A1\ @1/ C0+
8x8Trax_940535 Sir Pussycat vs. Vacant 27452 : @0+ @1\ B2/ C2+ B0/ C4+ D3/ C2+ B0/ E4/ D2/ B6\ D1/ C0\ C8/ @2\ B6+ A6/ F2\ @4\
8x8Trax_940791 Aphrodite vs. Jump This : @0/ @1/ C1+ A2+ @1/ A0+ B0+ B5/ C5+ @3\ A4+ C0/ E1+ @4+ G5/ H6\ E7\ E8\ B7/ A6+ H7+ A7+ B8+ A8/ C2\ B2+ B1+
8x8Trax_940892 Absentee 13409 vs. Rogue Trooper : @0/ @1/ @1/ A0/ C1+ C0/ B1+ @3/ A4+ D5+ E2\ @4+ A5+ @4+ E6\ H4+
8x8Trax_940923 spitfire vs. *Rosie* : @0+ B1\ B0/ C1/ C2+ D1\ C0/ E2/ E1/ E0\
8x8Trax_941012 * Sassy_Angel * vs. mahonri : @0/ B1\ A2/ B2+ C1/ B0+ C1+ B0\ A5\ @4/ E3/ B6\ C6\ D5\ E5\ F4+ E6/
8x8Trax_941248 Misery Midnight vs. MsDot : @0/ B1\ A2/ @2+ B3\ C3\ C4\ D2/ C0/ C6/ B6/ A5\ C7\ D7\ E5/ A1\ A7/ @6+
8x8Trax_941267 SweetCindyJo vs. drgnrdr : @0/ B1\ B2\ A2+ B3\ B4\ C2/ C5/ C1+ C0/ @2\ A1\ A0\ E2\ E5\ E6\ F4/ F3/ G3/ D0/ E1/ A5/ @4\ A3+ A5+ A6+ A1+ F8\
8x8Trax_941274 SweetCindyJo vs. AugieDawg : @0/ B1\ B2\ B3\ C1/ C0/ A3+ @2/ C5/ B1/ D0/ E5\ D6+ B1/ D0\
8x8Trax_941316 hANDYman the Rebel vs. (((INTENSITY))) : @0+ B1+ A0\ B1/ B0/ B0/ @3+ B2+ D2+ C0/ E2/ B0\ A1\ C7/ A4+ @6\ B7+ B3\ F5\ G5\ A2+ A4+ B8+ @3\ A5/ E8\ F7+ F8+ G7+ H7\ G8\ B8+
8x8Trax_941346 Misery Midnight vs. dingbat : @0/ B1\ A2/ @1/ B3\ C3\ C4\ D2/ B5/ A5/ C6\ D6\ E5\ F5\ D7\ E6+
8x8Trax_941404 Geri39 vs. Goonerg : @0/ B1/ @1\ B0/ A1+ A3\ @3/ A4/ B4+ D4\ E4\ B5+
8x8Trax_941417 csain1 vs. Goonerg : @0/ A2/ @1+ B3/ A4\ B5/ B6/ C6+ D5+ E1/ D0\ @4+ F6+ G6\ G7\ @5\ D8/ G8/ C1+ B1\ A3+ G1/
8x8Trax_941423 tazzman vs. Goonerg : @0+ @1/ A0\ @2/ C1+ C0+ A1/ @2/
8x8Trax_941428 Honeybear vs. MsDot : @0/ A2+ A0\ @1\ C2/ B4+ C4+ D4+ C5/ D5+ E3\ A4/ D6\ A6/ A7+ @6\
8x8Trax_941429 Honeybear vs. dingbat : @0/ A0/ B2/ @1\ B0/ @3/ B4\ D5\ E5\ @2\ B1/ D0/ F5/ G5/ F4+ D7/ C7/ B7+ C8\ F3+ E8+ F2+
8x8Trax_941449 SweetCindyJo vs. emzirek : @0+ @1+ B2/ A0\ @2\ A1\ @1/ C4/ B4/ A4/ E2\ @2+ @2\ B0+ @2/ A4/ G5\ G6+ G7/ F7/ D6/ B5/ C0/ H6\ A6+ A7/ C8\ E1+
8x8Trax_941519 poss vs. Goonerg : @0+ @1/ B0\ B3/ A3+ @3/ A2+ @3/ @3/ B4/ A4+ C5+ E4\ F3\
8x8Trax_941521 Vacant 1884 vs. Goonerg : @0/ A2/ A3/ A4/ B3/ @1/ A2+ @3\ D2/ D5\ E3+ A5/ @4/
8x8Trax_941537 Honeybear vs. MommaWolf OTF : @0/ B1\ A2/ @2\ C2\ A1+ C3/
8x8Trax_941542 Absentee 13409 vs. Rogue Trooper : @0/ B1+ B0+ B0/ A2\ @1/ D1/ E1+ D0+ E4\ D0+ F4\
8x8Trax_941545 Absentee 13409 vs. Rogue Trooper : @0/ @1/ A2+ C1+ B3+ D1+ D3\ C4/ D4+ E2+ C0+ A5/ C6/ @3/
8x8Trax_941548 Misery Midnight vs. MommaWolf OTF : @0/ A2\ B2\ B3/ C3\ C2/ B4\
8x8Trax_941584 Vacant 27452 vs. Goonerg : @0+ A2/ @1+ A0\ A4\ @4\ A2+ D4/ D3+ D5\ E4/ A5/ C6/
8x8Trax_941618 *David vs. Goonerg : @0/ A2/ @1+ @2\ B3+ D1/ B0\ @2/ @1+ A0\ G4+ G5\ H5\ H6\ A5+ A6/ E7+ C0+ F2/ G2/ E1+
8x8Trax_941652 Goonerg vs. Rogue Trooper : @0/ B1+ B2\ @2\ @1/ A0/ B1/ D4\ E4\ @4/ G4+ G5/
8x8Trax_941654 Geri39 vs. Rogue Trooper : @0/ A0/ A3/ B2+ B4/ C3/ C1/ B0/
8x8Trax_941719 * Sassy_Angel * vs. Chef Jeff 1 : @0/ B1+ B0/ C2\ A3/ D1/ C0\ D1+ E2+ F2\ A1+ @2\ F4+ E5+ F5\ C5+ F6\ A3/ @1/ B5\ C6/ C7/ C8\ A4+ B7/ A6/ A7/ H7\ G8/ E8+ H8\ G1/
8x8Trax_941733 Kevin vs. Jump This : @0+ B1+ B0+ C2+ B3+ A3/ A4/ B5+ C3\ D2/ E2/ D1/ F3\ E1/ F4/
8x8Trax_941762 ZenClick vs. Goonerg : @0/ A2/ A0\ @2/ A3+ C2/ C0/ D1/ B0\ A3\ @3+ E5\ E6\ F3+
8x8Trax_941825 B Line electric streetcar vs. *Make Peace : @0/ A2+ B2\ B0\ C1\ B0+ B0/ C0\ D3+ A2\ @5+ C7+ D7\ F3/ D5\ G2\ C8/ A6+ @4/ H4\ H5+ F6+ H6\ A1+ G7+ DRAW
8x8Trax_941840 REBEL DJ vs. * Sassy_Angel * : @0+ @1+ A0+ @1/ B0/ D3/ D2/ B0+ @4/ B5\ C6/ D2/ D6\ B7\ B2\ A2\ @2\ B1/ D0/ F2\ G4+
8x8Trax_941842 REBEL DJ vs. * Sassy_Angel * : @0/ B1\ B2\ A0/ A3+ @3\ C4\ D2/ E3/ C5\ B6\ C6+ E6+ F4/ G4+ G3/ G2/ E7\ E1\
8x8Trax_941846 *Make Peace vs. B Line electric streetcar : @0/ B1/ C1/ B0+ B3+ B4\ B5\ A4+ D3+ A6/ @6/ E6\ RESIGN
8x8Trax_941850 sweetcaroline vs. Goonerg : @0/ B1/ @1\ B0/ D2\ C3/ B3/ @3\ D1/ D4\ B4/ B5\
8x8Trax_941917 NightWishes vs. Whistler Gandalf : @0+ B1\ B2\ A3/ @3/ B4+ D3\ D4+ D5\ E5\ A1\ @2\ E2/ F2/ G4\ E6/ E7/ D7/ A4/ C5/
8x8Trax_941951 leewisdomjr vs. Goonerg : @0/ A2/ A3\ B3\ A0\ @2/ C5/ C3+ D2/ D1/ B0\ A1\ @3/ C0+
8x8Trax_942043 immitzi vs. Goonerg : @0+ A2\ A0\ @2+ C1\ A0/ @1\ A0\ E3+ E5\ C6\ F4+ G3\ F2+ C1+ D0+ A5/ B1+
8x8Trax_942049 ellieoop vs. Whistler Gandalf : @0/ B1\ A2+ B2+ A3/ A4/ @1\ B0/ B0+ A1+ B0/ A5/ @5/ D7\ C8+ A4+ B1\ D2+ B7+ E3+ E5+ F2/ F1/ @3+ B7\ G6\ B2+ A5+
8x8Trax_942077 spitfire vs. Nancy : @0+ @1\ C1/ C0\ B1\ B0\ B0+ A2/
8x8Trax_942557 Dania59 vs. Goonerg : @0+ A0/ A3+ B1\ A4+ B3+ @3+ D3+ E3/ E2/ @3/ A4/ C5\ D5+ D6\ @4+ H2/ H0+
8x8Trax_942568 Whistler Gandalf vs. ellieoop : @0/ A2\ B2+ B1+ C2\ @2+ A3+ @2\ C0\ B2+ A4+ C0/ D2+ D5\ D6\ @5+ A6/ E1+ F2+ G2/ G1/ B2\ A2\ @4/ G6+ H3\ H5\ F0\ D1+ G8\ B8\ C8\ D8/ C2\ A2\ B1+ F8/ A8+
8x8Trax_942575 Aphrodite vs. Goonerg : @0/ @1/ B2+ @2\ B3\ C0+ D3\ @4/ C5\ A1\ A0/
8x8Trax_942585 NightWishes vs. Whistler Gandalf : @0+ A2\ @2+ A3+ @2\ A1/ D1\ D2+ A3/ D3+ @2/
8x8Trax_942702 GIDGET10 vs. Goonerg : @0+ A2/ @2+ B0/ A1\ A0/
8x8Trax_942711 Megababe vs. Plasma Scream : @0/ B1\ A2/
8x8Trax_942777 Absentee 13409 vs. Goonerg : @0/ @1/ C1/ @1/ E1/ C0+ A3/ E0/ F1+ A1\ @1\ D0+
8x8Trax_942817 Red revolution vs. Goonerg : @0/ @1/ B0+ A0/ A4/ @1+ @3\ C5/ B0\ A1\ @5/ B7/ A6+ E7\ B8/ F6\
8x8Trax_942841 Goonerg vs. Misfit Lenrad6672 : @0/ B1\ A2/ @2/ A3\ B3+ C3\ C4\ D2/ @1\ A0\ C6/ B6/ A6/ @3\ C1+ A6+ @3\ B7\
8x8Trax_942852 Aphrodite vs. Goonerg : @0/ A0/ @2/ B0/ A4/ C3+ @3+ E2+ C5/ F2+ E5\ D6/ F5+ C0/ F1/ G1+ F0\
8x8Trax_942857 supermac vs. Isischylde : @0+ A0+ A3+ B2\ @3/ B4/ A4/ C1+ A5+ C0\ A7\ D3/ C6/ A3+ D4+ D6+ E4/ E3/ D2/ @6\ F2+ G3\ @5/ C2\ E0/ H3+ G2+ G1/ H1/ G7+ H5+ G8+ DRAW
8x8Trax_942939 Nikki vs. Megababe : @0+ B1\ B0/ C1/ C2+ C3\ D2/ E2/ D1/ B3+ E1/ E0/ F1\ C5/ B5+ E5\ F4/ C6\
8x8Trax_942991 irishmiss vs. Megababe : @0+ @1/ A0\ @1\ A2+ A3/ @3/ @1+ @1/ C0\ D1+ G3\ G4+ G5/
8x8Trax_943081 Nan54 vs. Sarah : @0/ @1\ B0\
8x8Trax_943150 MsLady vs. Goonerg : @0/ A2/ B1/ B3/ A3/ C3/ C2/ A4+ A5/ B5+ D2\ D3+ A6/ @6/ E6\ B7+ F6/
8x8Trax_943190 Goonerg vs. toadisgimpy : @0/ B1\ A2/ B2+ B3/ A3/ A4\ @2\ @2+ B1+ A4/ @4/ D5/
8x8Trax_943242 Goonerg vs. hayleesam : @0/ A0/ B2/ A3+ @3+ A1+ C4/ D3+ D5+ E4+ B0+ C1/ @4\ E2+ F3/ A1\ B0/ G6\ D8\ F3/ G2\ H3/ H1+ F8\ A4+
8x8Trax_943265 Goonerg vs. prettywoman : @0/ @1/ A2/ A0\ @2/ D1\ E1\ B0/ C1/ A1\ @2+
8x8Trax_943295 Absentee 13409 vs. Elvis : @0/ A2\ B2\ B1+ A0\ @1\ D3/ D2/ C1+ B4+ D0\ E2/ E3+ E1+ E5\ A0\ F5\
8x8Trax_943308 BabyGirl The Rebel Angel vs. Chef Jeff 1 : @0+ B1+ B0+ A1+ B0+ C3+ B4+ B5\ C5/ @3+ @3\ A2\ A1/ F3+ G3\ G4\ E6\ H4+
8x8Trax_943339 Sir Pussycat vs. nylady41 : @0+ B1\ A0/ B0/ C2\ A1+ B4\ @4/ B5\ A2\ @2/ A3/ E4\ D5+ D6\ F4/ @3/ A4/ @4/ B5\ B6\ D5/
8x8Trax_943429 Goonerg vs. bezmay : @0/ A2\ B2\ B1+ A3/ @3/ D1/ @3\ A2\ F2\ F3\ E0/ E5+
8x8Trax_943495 Goonerg vs. Lucille : @0/ A2+ B1\ B2+ B3\ A3/ B4/
8x8Trax_943612 Goonerg vs. *Make Peace : @0/ A2+ B2\ @1/ B0+ @3/ A4/ A2+ @3+ B5/ C0/ E5+ F5\ A7/ @6\ C0+ B1\ A3+ G4/ RESIGN
8x8Trax_943671 Goonerg vs. GIDGET10 : @0/ B1\ A2/ B2+ B3/ @1/ B3/ B0+ A3/ C1/ D2/
8x8Trax_943739 Sweet Pussycat vs. Misery Midnight : @0/ B1\ B2\ C2\ B0+ A3+ A1\ @2/ C0+ D5/ C5/ B5+ B6/ A6/ @5+ A4+ B2+ @5\
8x8Trax_943812 Sweet Pussycat vs. Misery Midnight : @0+ @1/ A0\ @2/ C1+ B0/ C1/ D2/ E2\ E3\ D4\ C0/ D2/ B5\ C6+ B0\ A1\ @6/ A7/ G4/ F7\ G3+ F8/
8x8Trax_943905 Goonerg vs. rramirez : @0/ @1/ B0/ @2/ B0/ C1+ C0/ B1+ D2+ E2+ @2\ F1+ G2+ H2/ H1/
8x8Trax_943939 Goonerg vs. Retired 28186 : @0/ B1\ A2/ B2+ B3/ @2/ A3/ B4/ D2+ A4+ @4/ A5/ C5+ @5+ B6/ A3/ @5/ C7/ B1\ A1\ B0/
8x8Trax_944120 Santa Claus vs. Elvis : @0+ @1/ B0+ C2\ B3\ B4\ C3\ D3\ D4\ C1/ B0\ A6/ @5\ B2\ A2/
8x8Trax_944192 toadisgimpy vs. Pamper Me : @0/ A2\ B2\ B3\ @2\ D3/ B0+ C2+ D2/ B5/ B0+ A6+ @6/ D7\ E7\ D1\ F6+
8x8Trax_944254 ejd vs. Syl2 : @0/ B1\ A2/ @2+ C2\ B3/ C0/ D2\ D1+ A1/ C4\ C5/
8x8Trax_944265 silverrbts vs. mcinturff : @0/ A2+ @2+ B3\ A3+ C2+
8x8Trax_944510 Goonerg vs. Aphrodite : @0/ A2/ A0/ B1/ B0/ C2+ D1\ C0\ @2+ E4+ F2+ @5+ @5\ G6\ H6\ B6+ C7/ H4\ E7+ D0+
8x8Trax_944594 blondie vs. Elvis : @0/ A2\ B2\ B1+ B0/ C3\ D2\ D3\ C4/ C5/ B4/ A4/ @4\
8x8Trax_944628 Goonerg vs. TrueIndian : @0/ A2/ A0/ @1\ B0/ @3+ @2/ E2/ A1\ RESIGN
8x8Trax_944634 Goonerg vs. blondie : @0/ A2+ B1\ B2+ A3/ @3+ @2/ B4/ A1\ C0/ @3\
8x8Trax_944759 Goonerg vs. Aphrodite : @0/ A2/ A0/ B2+ C3/ @1+ E2/ E1/ E0/ C5+ E4+ D0/ C7/ A6+ @3/ C1\ D8\ E7+ G5+ B2+ H5\ H6\ F8+ G8\ H3+ DRAW
8x8Trax_944813 Goonerg vs. Tolp : @0/ @1/ B0/ C1\ D1\ E1\ C2+ A3/ E3/ D4\ C5+ @5\ D0/ A2/ A7/ @6\ H3+ E7+ B3+ D8+ A8\ B1+ A1\
8x8Trax_944873 Misery Midnight vs. goldfreckles : @0/ B1\ B2\ C2/ B3/ A3/ A4/ @3\ @3\ F2/ A2/
8x8Trax_944911 Kevin vs. Phil The Hat : @0/ @1/ @1/ C2\ D2\ C0+ B4/ C0/ D1/ E2/ F2+ F1/ F5\ A1\ G4\
8x8Trax_945112 STrek vs. Judy : @0+ @1\ B2+ A0/ B4+ C2/ C1/ D1/ A0+ D4\ A5/ E4/
8x8Trax_945121 Goonerg vs. Chimera : @0/ A0\ @2\
8x8Trax_945142 Goonerg vs. Rude Misfit : @0/ A0/ B1/ B3/ C2/ D3/ A0/ A0/ C3+ @4\ D2+ A3\ E3/ @3/ C5/ F1\ E0/ A6\ G3\ E7\ E0/ B3\ C2+ @6\
8x8Trax_945262 Logged Off 6467 vs. Misfit Lenrad6672 : @0/ B1\ B2\ A2+ @2/ A3/ D1/ D0/ B1\ C0+
8x8Trax_945268 Didier vs. Rogue Trooper : @0+ A0+ B1/ C1+ B2\ C2\ D1\ D2\ B3+ D4/ E2+ F2/ E3+ D5/ F3+ F5\ F6\ G3+
8x8Trax_945279 Catz52Meow vs. Misery Midnight : @0/ B1\ B2\ A2+ @2\ B3\ C0\ C4+ D3+ E3\ C5\ D4+
8x8Trax_945302 Tigger vs. Rogue Trooper : @0/ @1/ B0+ @2\ D1\ D0\ C4+ E1/ D0\ E5\ F4+ D6\
8x8Trax_945305 Tigger vs. Didier : @0/ A2\ B2\ B1+ B0/ C2\ B0/ A1\ @3\
8x8Trax_945484 Didier vs. RobinDuBois : @0+ B1+ B2/ A0\ @1+ A0\ A0/ B1/ C1/ @2\ A0\ @1\ A2+ F5\ F7\ G7\ F8/ E8/
8x8Trax_945503 Goonerg vs. *Make Peace : @0/ @1/ B0/ @2/ B0/ A0+ @3/ A4/ @4/ A5/ @5/ A6/ @6/ @6+ B7\ D7+ E8/ B8+ A8/ H1\
8x8Trax_945538 paganje vs. *Make Peace : @0/ A2/ A3\ B3\ @1\ A0\ B5\ A4+ B6+ C3/ D3/ B7/ @4+ A5/ E4\ F4\ @3/ @5/ B6+ E1+ C8/ B8/ A7/ G2+ H3/ H5\
8x8Trax_945675 Misery Midnight vs. Sweet Pussycat : @0/ A2\ B1/ B0\ A4/ @4/ B1\ A2+ @2\ A1\ B0\ A1\ B6/ A6/ @6\ A3/
8x8Trax_945732 Catz52Meow vs. Honeybear : @0/ A2\ B2\ @2\ C1/ D2\ D3/ C0/ B4\ D2/ E2/ B0+ @4+ B6+ D6\ @5\
8x8Trax_945964 Sista vs. Retired 27843 : @0/ A2\ B2\ B3+ B1/ C2\ @2\ A0\ @1+ A4\ E1/ F2+
8x8Trax_946109 Didier vs. Stinger : @0/ A2\ B1+ B2\ A3/ @3/ A2+ B4+ A1+ B5+ D3/ C0/ E3/ E4+ E2+ D0+ F3+ D0+
8x8Trax_946149 Didier vs. Vacant 1884 : @0/ B1+ @1\ B0/ A1+ A0+ @2/ B0/ D2+ @4\ A2+ @2+ B1+ @3\ B4+ B5/ D6+ A1\ B0\ @3\
8x8Trax_946151 Sir Pussycat vs. Stinger : @0/ A2/ @1\ B0/ C1\ C2+ D2/ E2/ C0/ E4\ F3/ D5/
8x8Trax_946490 bubble n squeek vs. drgnrdr : @0/ @1+ A0+ @2/ A3\ D1/ C0+ C4\ D3+ E3/ E4\ F3/ A2+ D1+ C5\ D0\
8x8Trax_946492 bubble n squeek vs. ryry : @0/ A2/ A3\ @3/ C3/
8x8Trax_946532 hayleesam vs. Megababe : @0/ B1\ A2/ @2/ @2+ B3\ D2\ C3+ E2/ E1+ D3+ B4\ B5\ E3+ F3+ F4\ E0+ F2+ @2\ C1+ E0/ B5/ D1\ C0/ G3+ H3+ H5\ A5+ H2/ H1+
8x8Trax_946533 hayleesam vs. Megababe : @0/ @1/ B2/ @1/ A2/ A3/ A4\ A0+ @4/ @3+
8x8Trax_946534 hayleesam vs. Megababe : @0/ @1/ A2+ C1/ B0+ @2/
8x8Trax_946539 Absentee 13409 vs. Elvis : @0/ B1\ A2/ B2+ C2\ C1/ B0/
8x8Trax_946568 Beaupol vs. Adam : @0+ @1+ A2\ A0\ @2/ A4+ D2\ C4+ A5\ @2/ @3/ A2+ G3/ F1/ D0\ H5+ H6\ E7+ F7\ F8\ G8/ A5/
8x8Trax_946664 FrostyColdOne vs. mcinturff : @0/ B1+ @1\ A0\ @2\ C3/ C4/ C5+ D1+ A1+ @2\ D0\ E1+ F3/ B1\ C6+ D0+ C1\ B1\ @3/ C0+
8x8Trax_946671 Megababe vs. s_strum : @0/ A2\ B2\ B1/ C2/
8x8Trax_946726 Jump This vs. Aphrodite : @0/ B1/ B0\ A3\ B3+ A1+ A0\ @1\ A0\ @3/ D1/ E3/
8x8Trax_946741 Megababe vs. bubble n squeek : @0/ @1/ A2\ B2\ C2\ @2/ A3/ B3+ B0/ D2+ A1\ A0+ @4\
8x8Trax_946783 Adam vs. Aphrodite : @0+ @1/ B0+ C1/ B0/ C3+ C1/ C4/ D3+ C5/ D4\ E3/ @5+ D6/ E5\ C0\ B3\ A2/ @2/ G1/ E0/
8x8Trax_946789 ladysman vs. Megababe : @0/ B1\ A2/ A3/ B2+ A4/ A0/ @4+
8x8Trax_946811 bubble n squeek vs. Megababe : @0/ B1\ A2/ @2/ D1+ C2+ A0/ B4+
8x8Trax_946867 ladysman vs. Megababe : @0/ @1/ @1/ D1/ E1\ E2\ C0/ D1+ B3/ E4/
8x8Trax_946880 bubble n squeek vs. Megababe : @0/ B1\ A2+ A3\ B3+ C3/
8x8Trax_946882 Honeybear vs. yayamom : @0/ A2\ B1/ B2+ A0\ @2/ C4\ D2/ D5/ A4/ @2/ F1\ F0+ G1/ F0/ G1/ D8/ C8/ B3\ C1\ E8+ A7+ G5+
8x8Trax_946922 Nanett MIA vs. Jump This : @0/ @1/ B0/ @2/ B0+ @3+ A4/ C0/ B1+ E1/ D0\ E5\ F2+ E6/
8x8Trax_946952 ladysman vs. Megababe : @0+ B1\ B0/ C1/ C2+ C3\ B3/ D2+
8x8Trax_946953 ladysman vs. Megababe : @0/ B1\ A2+ B2+ C2/ B3/
8x8Trax_946955 ladysman vs. Megababe : @0/ A2\ B1+ B2+ B3/ C2/
8x8Trax_947016 Catz52Meow vs. Misfit Lenrad6672 : @0/ B1\ A2/ @2/ C2\ C3\ B0/ A4/ B5/ C5+ @1\ B5/ A0/
8x8Trax_947071 Misery Midnight vs. yayamom : @0/ B1+ A0\ @1\ A0\ B4\ C4\ D3\ C5\ D5/
8x8Trax_947182 Misery Midnight vs. Stinger : @0/ B1/ B2\ C1/ A3/ @3/ D3\ E2+
8x8Trax_947185 Misery Midnight vs. goldfreckles : @0/ B1\ B2\ C2/ B3/ A2+ A3+ @3/ D1/ C0\ A5/ A6/ A2/ @3/
8x8Trax_947200 Misery Midnight vs. Dionysos : @0/ @1/ A2\ @1/ A0\ @1\ B4/ A4/ A0\ A0+ @2\ B0+ A5/ B0/ @6\
8x8Trax_947238 Misery Midnight vs. Sweet Pussycat : @0/ B1\ A2/ @2+ C2\ B3/ B0/ C0/ D3\ @4+ E4+ E5\ D6\ E6\ E7\ F7\ D8/ @4+ @4\ A3\
8x8Trax_947245 DavidJ vs. PEEJAY : @0/ A2\ B2\ B1+ B0/ C2\ B0/ B5\ C5\ C6\ D4+
8x8Trax_947379 Geri39 vs. HeatherN : @0/ A0/ B2/ B1/ B3\ C3\ A4/ @4/ A3+ B0\ A2/ C0/ D2+ A2+ D4+ B7/ D8\ E8\ E7+ A7+ E5/ F5/ G5/ @7+ B1+ F4+ H3/ F1/ B8/ G1+ G6\ A6\ H6\
8x8Trax_947445 Honeybear vs. Stinger : @0/ A2/ B2\ A3/ C1/ C0/ D3\ C4/ B5\ E3+ F3+ @3+ @3+
8x8Trax_947454 Honeybear vs. Dionysos : @0/ @1\ A0\ A3\ C3\ B4/ D2+ C1/ C0/ D2/ E3/ @3+ E1/ D0+
8x8Trax_947455 Honeybear vs. immitzi : @0/ A2+ @2\ B3+ C2/ A0\ @2/ D2/ E2/ E0+ A2\ @3/ B0\ A1+ @1/ A2+ A4/ C0+ C0/ B2\ @5\ A2+ D8+ A1+
8x8Trax_947576 Goonerg vs. B Line electric streetcar : @0/ @1/ B0/ @2/ @1/ E2+ D3+
8x8Trax_947577 B Line electric streetcar vs. Goonerg : @0/ B1/ A0+ A3+ B4/ C4+ D3+ C1+ A0/ A0/ D2+ D6+ @4/ F3+ A1\ @5/ A2/
8x8Trax_947604 Misery Midnight vs. immitzi : @0/ B1+ @1\ B0/ A1+ A0+ @2/ C0\ A5/ @3/ C6\ D6\ B7/ F4\
8x8Trax_947606 Misery Midnight vs. nursestary : @0/ B1\ A2/ B2+ A3\ B3+ C3/
8x8Trax_947666 Adam vs. Misery Midnight : @0+ @1/ B0+ A3\ B0+ B4+ C4\ B0/ C1/ C0/ D1/ B7/ @7+ B8/ A8+
8x8Trax_947725 *Make Peace vs. Goonerg : @0/ A2/ @2\ C1+ D2/ D3+ C4+ A3+ A1\ B0/ @3+ F3/ E1+ G3/ H3/ G0+ F0/ E7\ E2+ D8+ A3+ A2+ C2+ B8\ D1+
8x8Trax_947756 Honeybear vs. nursestary : @0/ B1\ A2/ B2+ C1/ B3/ C0\
8x8Trax_947956 spitfire vs. Catz52Meow : @0+ @1\ A2/ @2/ C2\ C3/
8x8Trax_947960 Misery Midnight vs. Sweet Pussycat : @0/ B1\ A2/ B2+ A3\ A4\ C2\ B3\ B4\ C4\ C5\ D5\ @2/ @1\ F6\ A0/
8x8Trax_947967 CHESSCATJAY vs. Rogue Trooper : @0+ A0+ A3/ B1+ A0\ C2\ @2+ A4/ @3/ @3/ G2/ F1\ D0\ E5\ E6\ B5+
8x8Trax_947979 Misery Midnight vs. goldfreckles : @0/ B1\ A2/ @2\ C0/ D2\ @3/ A4/ B4+ E1/ @4/ G2/
8x8Trax_947993 Catz52Meow vs. spitfire : @0+ B1\ C1/ C0/ B1+ A1+ A0/ B0\ @3/ C5\ A2\ @2\ B1\ B0\ E7/ D8\ F4\ C1/ F6/
8x8Trax_947994 spitfire vs. *Rosie* : @0/ B1\ B2\ A2+ B3/ @2\ B3+ B4\ B5/ D2\
8x8Trax_948044 Santa Claus vs. Elvis : @0+ @1/ B2\ C1\ C2\ B3\ @1/ E2\ D3\ D4\ E4\ @1\ C0+ F1/ G2\ G4+ E0+
8x8Trax_948175 SPOILED vs. Rogue Trooper : @0/ A0/ @2\ B0\ A2+ B0\ C3/ A1\ A0\ @3+
8x8Trax_948266 B Line electric streetcar vs. *Make Peace : @0/ @1/ C1+ C2+ D1/ A3/ @1/ @2\ D0/ A4/ @4/ E5\ F4+ B0+ A4\ @4\ D7+ C0/ H6+ DRAW
8x8Trax_948287 firefly vs. *EAGLE ONE* : @0/ B1\ A2/ A3/ B2+ A4/ @2\ @3\ A2\ D0\ A2/ E3\ E2+ C0\ F3+ B1+ C7/ @4\ @4+
8x8Trax_948400 JTANTAZ vs. Didier : @0+ B1\ B0/ C2\ C3\ B4+ A5/ @2/
8x8Trax_948473 JTANTAZ vs. firefly : @0+ B1/ B2\ C1/ C0\ A1+ @2/ D3\ E3\ A1+ F3/ E1+
8x8Trax_948525 Tigger vs. firefly : @0/ A2\ B2\ B3+ @2+ @2/ C4+ A1+ E3\ D4\ C0\ B1\ E5+ D6/ @2\ C0/ A6/ @3+ C7/
8x8Trax_948551 Tigger vs. Didier : @0/ A2\ B2\ B1+ B0/ C2\ B0/ B5\ C5\ @5/ E4+
8x8Trax_948554 Didier vs. rabbitoid : @0/ A2/ B2\ B3\ A3+ @2+ D1/ C0+ E3+ A4/ B5/ A5+ A6/ @5\ D6\ D7+ E5\
8x8Trax_948790 Geri39 vs. Misfit Lenrad6672 : @0/ B1\ B2\ A2+ A0\ @1\ A2+ @1/ A0\ @1\ E2+ F2/ A2+ E1+
8x8Trax_948798 Geri39 vs. paganje : @0/ A2\ B2\ B3\ @1\ B0/ D3/ D2/ E1/ E0/ E5\ F3/
8x8Trax_948818 Didier vs. gorrick the goblin : @0+ B1/ C1\ B2/ A0\ B0\ C2+ A1\ @3/ D4+ C0+ E3+ F4\ F5\ F6\ C6/ E7+ G6+ F3/ @3+
8x8Trax_948908 Nanett MIA vs. Jump This : @0/ @1/ A2+ C1+ D1\ E2/ C0+ E1/ F1/ A1\ A0\ @2/
8x8Trax_948929 Buz vs. mcinturff : @0+ B1+ A0/ A3/ @3+ C3+ C4\ D2+ B5/ A5/ C6\ D6\ D4+ E5+ E4+ @6\ A3+ F3+ B7/ @5\ A4\ C8+ B8/ A8/ @6+ B3\ B2\ B1+ A2+
8x8Trax_949002 Tigger vs. Guyver : @0+ A0\ A3/ @2+
8x8Trax_949086 Geri39 vs. Chad : @0/ A0/ A3/ A4/ A5/ B3+ B6/ @4+
8x8Trax_949164 Misery Midnight vs. goldfreckles : @0/ B1\ A2/ @2\ A3/ @3/ E1/ C0/ B2+ A2\ @4/ A5/ A6/ @4+
8x8Trax_949209 ryry vs. Stinger : @0/ A2/ B1+ @2/ A3+ C0/ @4+ B1\ B0+ A2/
8x8Trax_949220 bubble n squeek vs. ryry : @0/ @1+ B0+ @1+ B0\ A3+ C1+ C4\ D4+ D5+ C5+ D3+ E4\ E3+ F5\ B5\ A5/ F4+ A6\
8x8Trax_949384 firefly vs. streep : @0+ B1/ B2\ C1/ C2+ C3\ D2/ E2/ E1/ E0/ C0+ C0\ @2+ G5+ B5+ E1+ F0\ G2/ H5+ G1+ B7/ G0+
8x8Trax_949392 firefly vs. Menelao : @0/ B1\ A2/ B2+ C2\ D2/ B3+
8x8Trax_949398 firefly vs. DIRKSTRA : @0+ @1+ B2/ A0\ C2\ B4+ A4+ D3/ @4/ E1/ D0/ F2\
8x8Trax_949406 firefly vs. HEATHER : @0+ B1+ A2\ B0+ C1\ A1+ A0/
8x8Trax_949441 firefly vs. Dolly25 : @0/ B1\ A2/ B2+ C2\ B3/ A3/ A4/ A5+ A6\ @5\ @4/ @3+ @3\ D0+
8x8Trax_949502 Mististar vs. gladriel : @0/ B1\ A2/ @2/ C2\ A3\ B3\
8x8Trax_949536 silverrbts vs. mcinturff : @0/ B1+ C1/ C0/ C0\ A4/ C4\ C5/
8x8Trax_949537 Honeybear vs. gladriel : @0/ A2\ B2\ B3/ A3/ A4\ @3\
8x8Trax_949560 FujiTape vs. pookster : @0/ B1\ A2/ @1/ C2\ C3\ C4\ C5\ D1/ D0/ D0/ E7\ D8/ E8+ F3+ A2\ @1/ A3+ A4/ C8+ @3+
8x8Trax_949629 Geri39 vs. Rogue Trooper : @0/ A0/ B2/ A3\ C2\ B3+ C1\ A4\ D1/ D0/ E3\ E4\ D4+ A1\ @1\ D0+
8x8Trax_949659 Misery Midnight vs. gladriel : @0/ A2\ B1/ B2+ C1\ B0/ B4\ D2\ C4/
8x8Trax_949720 sithneedow vs. Rogue Trooper : @0+ A0+ A3+ B3+ A4+ @2\ C1/ B5/ A5/ @4/ B6+ B7\ D6\ D7\ C8/ E6+ A7\ F5+ G5\ G6\ D8+ H6+
8x8Trax_950087 pepperbeach vs. gladriel : @0+ B1+ A0/ C2\ A3\
8x8Trax_950154 SweetCindyJo vs. Shaker of Salt : @0/ B1\ B2\ C2/ C1/ C0/ @2\ A1\ B1+ A0/ D1/ E2+ B4/ C5\ B5+ A5+ F2/ E0/ A7\ @6/ C8\ G4\ H3/ E7+ G5\ G6+ H5+
8x8Trax_950205 Shariann vs. gladriel : @0+ B1+ B0/ C2\ A3/ @2\ @2\ D0\ B2+
8x8Trax_950251 Logged Off 6467 vs. paganje : @0/ A2\ B2\ A3\ B1/ C2\ A0\ @2/ C0/ D1/ A6/ @6/ C0\ B1\ C8\ D8+ E8/ D7+
8x8Trax_950345 bubble n squeek vs. Megababe : @0/ A2\ B1+ B2+ @1\ D1\
8x8Trax_950346 Dolly25 vs. drgnrdr : @0/ A2+ B2\ C2\ @2/ C3+
8x8Trax_950369 firefly vs. bubble n squeek : @0/ B1\ A2/ B2+ C2\ B3/ A3/ C1/ C0\
8x8Trax_950415 Phil The Hat vs. Aphrodite : @0/ A2+ @2+ B3\ C2\ C3\ D1/ C0\ @3+ B1\ B0/
8x8Trax_950419 Megababe vs. MountainMist : @0+ @1+ A2\ B0/ A1+ B0\ A1+ @2\
8x8Trax_950454 bubble n squeek vs. Megababe : @0+ @1/ A0/ B3\ @3/ B4\ D3+ D4/
8x8Trax_950464 ladysman vs. Megababe : @0+ @1/ A0/ C2\ @2/ C3+
8x8Trax_950475 spitfire vs. *Rosie* : @0/ B1\ A2+ B2+ A3/ @3/ @3+ D3+ B1\ B0\ A2\ @3/ B1\ C5\ D5\ D6\ A2+ E5+
8x8Trax_950493 ladysman vs. Megababe : @0+ B1/ B2+ @1\ B2+ B0+
8x8Trax_950549 Guyver vs. Tigger : @0+ B1\ B0/ C1/ A1+ C2\ D1/ @1\ A0\ @1+ A0/ C0+ C6/ B5/ F5\ G5\ C0+ D8+
8x8Trax_950610 Didier vs. Lours : @0+ @1/ A0\ @1/
8x8Trax_950638 Morticia vs. STrek : @0+ B1+ B2+ C1+ D1\ D2\ C0\ B4/ A4\ @2+ D0\ F4+ G3\ G2+ G1/ @3+
8x8Trax_950655 Morticia vs. STrek : @0+ B1+ B2/ B0/ C3/ C4+ @2/ E3+ A4/ D5/ @3/
8x8Trax_950657 BabyGirl The Rebel Angel vs. Chef Jeff 1 : @0+ @1+ @1/ A2/ @2/ E1+ F1\ A3/ C4\ D4\ E2\ F2\ C0/ B6/ C7/ @4+ @4\ B1+
8x8Trax_950679 Tigger vs. Didier : @0+ B1\ C1+ B2/ D1/ D0/ B4\ C3+ C4+ D4\ E4\ F3\ F0/ G2+ H2/ G1/ H3+ D1+ F0+ C1+ D0+ A7/ B8\ H3/ G1/ A3+ A1\ A8+
8x8Trax_950686 bubble n squeek vs. firefly : @0+ @1/ @1\ B0/ A1+ B3/ A0+ @1/
8x8Trax_950693 Didier vs. Lours : @0+ B1/ B2\ C1/ C2+ C3\ D2/ E2/ D1/ C4\ F4\ D5+ B3+ F1/ G2\ E0\
8x8Trax_950712 Nikki vs. Misfit Lenrad6672 : @0/ B1\ B2\ A2+ B3/ C3\ C4\ B4+ B0/ C1/ A4+ @4/ A2\ @3+
8x8Trax_950812 bubble n squeek vs. Megababe : @0+ @1/ @1\ B0/ A1+ C3+ A3/ D2\
8x8Trax_950970 FujiTape vs. Vacant 1884 : @0/ A2+ @1\ A0\ A0\ A0\ B1\ @1\ C0/ D1/ A6/ @5\ E6\ E7\ F7\ C8+ G7\ A6/ @6/ B4\ A4\ A3\ B2\ A1+
8x8Trax_951063 Didier vs. rabbitoid : @0/ A0+ @1+ B0/ A1+ @1\ B0/ A3+ @3+ A4/ A5/ E3+ D1/ F3+ G3/ G2/ H2/ H1/
8x8Trax_951103 ladysman vs. Megababe : @0+ B1\ C1/ B0\ C1+ D1/ D2+ C0+
8x8Trax_951105 Tigger vs. Megababe : @0+ B1\ A2/ B0\ C3/ A4/ @2\ D5+ E5\ E2+ F5\ F6\ C6+ A5+ A7\ E7+ E8/ G5+ H5/ G7+ G8+ H7+ G1+ A8+ H8+
8x8Trax_951126 Tigger vs. Megababe : @0/ A2+ @2/ B0/ A2+ B4\ C2/ @3+ E3+ C0/ C6\
8x8Trax_951129 ladysman vs. Megababe : @0+ @1/ @1\ C0\ C3/ A1+ B3/ @1\ C4/ B0+
8x8Trax_951171 Megababe vs. ema_18 : @0/ B1\ B2+ B3/ A3/ @2/ A3/ B4/ D3/ @1\ A0\ F4+ D6+ B6/ D7/ G4+ F7\ RESIGN
8x8Trax_951183 Guyver vs. ema_18 : @0+ @1+ B2/ B0/ C1/ @3/ B4\ A2+ @2+ A1\ E4\ RESIGN
8x8Trax_951201 Didier vs. Lours : @0/ A2+ B2/ @1/ C1+ @1/ C0/
8x8Trax_951205 firefly vs. Adam : @0/ A2\ B1/ C1/ B2+ A0+ B0+ B0/ D2+ E3/ D5\ C6/ D0/ E2+ E1+ F1/ A3\ @2/ F5+ G4+ H5/ H6+
8x8Trax_951206 firefly vs. Adam : @0/ B1+ A2/ C1+ C0/ @3+ @3\ A1+ C0\ @2\ D5+ A1\ @2+ B4+ G5\ F6/ H3+
8x8Trax_951207 firefly vs. Adam : @0/ B1\ A2/ @2+ B0+ A0/ C4+ @3+ @1\ B0/ C6/ B6/ B7/ A5\ @4+ A6/ @6+ B7+ B8/ A8/ E8\ F8\ A2\ @4/ C1\
8x8Trax_951213 ladysman vs. Megababe : @0+ B1\ C1+ @1/ @1\ B0/ C3+
8x8Trax_951354 Honeybear vs. kitten : @0/ B1\ A2/ @2/ C2\ C3+ C4/ B3/ A3/ A4/ C0/ @4/ E2/
8x8Trax_951405 Misery Midnight vs. Sweet Pussycat : @0/ A2+ @1\ B0/ B4/ A1\ A0\ A5\ B6\ C6\ @5/ A6/ B7/ A7+ @7\
8x8Trax_951416 bubble n squeek vs. Megababe : @0/ B1\ A2+ B2+ @1\ C3/
8x8Trax_951433 ladysman vs. Megababe : @0+ B1\ C1/ C0/ B1\ C0\
8x8Trax_951438 Misery Midnight vs. Sweet Pussycat : @0/ A2+ A3/ @3\ A4/ @3\ D3\ C4+ C5\ D5\ D6\ D7\ E4\ E6\ E7\ F7\ G6\ B1+ C0\ A5/ @5/ A4\ B2\ B1\ E3/ E2/ H8+ A2\ A1\ F2\ G2+ F1+ H1/
8x8Trax_951595 *David vs. Goonerg : @0+ B1/ B0\ C1\ D1\ D0\ B1\ B0+ E1/ E0/ F3+ E5+ G2+ B1/ E0/ D7+
8x8Trax_951623 * Sassy_Angel * vs. Chef Jeff 1 : @0/ B1+ @1\ B0+ C1+ B3/ A4\ @2+ B1+ C0/ A2+ B1+ A1+ B0/ A1+ E3+ A0/ @4+ C1+ D1/ D0/ E1/ F3/ @5+ @5/ A6/
8x8Trax_951635 Goonerg vs. immitzi : @0/ A2\ B1/ B2+ C1/ C0+ D1/ D2+ E1/ A0\ @2/ F1+ D5/ G2/
8x8Trax_951965 Goonerg vs. *Make Peace : @0/ @1/ B0/ B0+ @2/ C0\ @2/ E2/ E3+ F2/ F4+ @1\ A0/
8x8Trax_952030 *Make Peace vs. Rogue Trooper : @0+ A0/ @2\ A3\ @2+ C0+ B0/ D1\ E2/ A3+ F1/ F0/ D1+ E0/
8x8Trax_952092 blue - vs. Knight Rider : @0+ A0\ A3/ @1/ A3\
8x8Trax_952128 Santa Claus vs. Elvis : @0+ B1/ A2+ B2+ A3+ B0\ A1\ B4+ @1\ B0\ B6+ A1+ @2/ A1+ B0+ A4/ B5/
8x8Trax_952129 blondie vs. Elvis : @0+ @1/ B2\ C1\ D1/ C0\ C3\ D1+ D4\ E3/ C4+ A1+
8x8Trax_952130 mayonnaise vs. Rogue Trooper : @0/ @1/ B0+ @2\ A3/ @3/ C0\ B1\ A5\ D4\ B0\ E5/
8x8Trax_952155 chuckwagon vs. Rogue Trooper : @0+ A0+ B1+ A3/ B2+ A0/ A5+ @3+ A5+ D2\ B0\ A2\
8x8Trax_952159 Rogue Trooper vs. *Make Peace : @0+ @1\ B2+ B3/ C1\ D2/ D3/ A2+ C0+ E1/ E0\
8x8Trax_952167 SweetCindyJo vs. Ace1316 : @0/ A2\ B2\ B1+ B0/ C1/ D2/ C0\ B1+ D2+ D1+ E2\ C5\ D5+ D0/ B6+ B7\ C7+ D0\ C1+ E2+ F4\ G5\ G6\ G7+ H7\ F8/ E1/ A4+ B1/ F1\ F2\ G2\ H4+
8x8Trax_952186 Honeybear vs. RamblinMan : @0/ A2\ B1/ B2+ C1\ C0/ D2\ D1+ B4\ C4\ B1\ B0\ C6\ D6\ E5\ F4+
8x8Trax_952298 Tigger vs. Jump This : @0/ @1/ B0/ @1/ B0+ @2/ A3/ @3/ C4\ E4\ E5+ F3\
8x8Trax_952410 bubble n squeek vs. Megababe : @0+ B1\ C1/ B0\ C1+ B0\ @1\ B0/ A4+ A1\ A0+ D1+ @2+ B0/
8x8Trax_952425 Tigger vs. Didier : @0/ B1+ A0\ @1\ B0+ A3/ @1/ D1+ C0\ D5+ E5\ @1\ A0\ A4+ F4/ G5+ E7/
8x8Trax_952571 Lours vs. Didier : @0/ B1\ A2/ B2+ C2\ B3/ D2\ @2/ A3/ B4\ E1/ C0\ F2\
8x8Trax_952676 Lours vs. Didier : @0/ A0+ A0/ A0\ @2/ A1+ @3\ D2\ @1\ A0+ A5/ B6+ @3/
8x8Trax_952784 catpaws vs. kitten : @0+ @1/ B0/ A3\ A1\ A0/
8x8Trax_952788 BabyGirl The Rebel Angel vs. Chef Jeff 1 : @0+ B1+ C1/ C0/ C0+ D2+ C0/ @4+ @4\ G3+ C2\ C1\ C5/
8x8Trax_953031 Misery Midnight vs. RamblinMan : @0/ A2\ B1/ B0+ A4/ @3\ @1\ A0+ B1+ @1/
8x8Trax_953276 ejd vs. rockdude : @0/ B1\ A2/ B2+ A3\ @2/ D2\ @1\ D3+
8x8Trax_953511 princesarg vs. Sir Pussycat : @0/ @1\ A0/
8x8Trax_953738 Stinger vs. Rogue Trooper : @0/ @1/ B0/ @2\ D1+ @2\ A1\ C0/ C4/ @4+ A5/ @5/ C6\ C7+ D7\ E6/ H2+ A3+
8x8Trax_953802 carinda vs. Rogue Trooper : @0/ @1/ A2+ C1+ A3\ C0/ C5\ D5+ D1/ A1\ B0+ @2/
8x8Trax_953916 Misery Midnight vs. goldfreckles : @0/ B1\ A2/ @2\ B3\ C3\ C4\ @2\ E2\ E3\ B1\ D0\ F4\ F5\ F2/ G3\ E6\ E1/ E0/ F7\ F8\ A3+ G8+ F1\ B6\ @3\ B6/ A6/ H2+ A2+ A7\ C1+
8x8Trax_954098 Aphrodite vs. Adam : @0/ B1/ A2/ B3\ C1/ C3+ D1/ C4/ @4/ B5/
8x8Trax_954099 Aphrodite vs. Adam : @0/ B1\ B2+ B3+ C1+ B0+ A1+ @2/ B0/ E3/ D1+ @3+ B4+ E5\ C0/ B2+ D0+ D0/ F1+ G5+ B8+
8x8Trax_954141 cctiger2000 vs. firefly : @0/ B1\ B0/ B3/
8x8Trax_954219 Aphrodite vs. Jump This : @0/ @1/ A2/ C1/ C0/ @3\ A1\ B0/ @3+ @3/ C5\ C6\ @4\ H2/ H1/ D1\ G0+ B3\ A3\ D1+ A2+
8x8Trax_954265 silverrbts vs. mcinturff : @0/ A2/ @2+ @2+ A3+ @2+ @2/ A3/ B1+ @3+ C0+ @4+ E1+ @4+
8x8Trax_954487 Rogue Trooper vs. *Make Peace : @0/ B1+ B0+ @2/ @2/ B1+ E2/ F1\ D3\ D0\ A5/ @4\ G5\ @2+ G6/
8x8Trax_954595 SweetCindyJo vs. Ace1316 : @0/ A2\ B2\ B3+ B1+ B4+ B0/ C1/ C0/ D1/ C5+ E1/ @4+ @4/ D7/ C7/ C8\ D8\
8x8Trax_954792 Aphrodite vs. Jump This : @0/ @1/ B0/ @1/ C0/ A0/ D3+ E2\ D5+ C6\ D1+ @1\ A0\ @1+ C7/ C8+ G5+ H4+ B6+ E2+ F1/ H3+
8x8Trax_954895 Misery Midnight vs. blue - : @0/ A2+ @1\ B0/ C1/ D2+ D4\ E3/ C5/ B4+ A4/ @3+
8x8Trax_954945 SweetCindyJo vs. Ace1316 : @0/ A2\ B2\ B3+ B4/ @3+ @3/ D1+ E2/ D0\ F3/ E2/ D0\ B2\ A3\ @5/ C1\ C0\ B1/ B2/ @6+ D8\ B3+ H4/ E1+ E8+ H1\ F1+ F8\ G8\ G7+ B2\ H8\ B1\ A7+
8x8Trax_954986 Didier vs. rabbitoid : @0/ B1\ B2\ A2+ A0\ @3\ A1+ B4+ D2/ D1/ D0/ E2+ D5+ B6+ F2/ D0\ E1+ B8+ C1\ B1\
8x8Trax_955092 Honeybear vs. blue - : @0/ A2+ A0\ @2/ @2/ @2/ E2/ B1+ F2/ E0/ F5\ G4/ E6/ C5+ F7\ G7\ G3+ C6/ @3\ E7+ E8/ C8+
8x8Trax_955184 Tigger vs. Guyver : @0/ @1\ B0\
8x8Trax_955574 Chad vs. immitzi : @0/ B1+ C1/ C2/ D1/ B0\ D4\ E2/ A4/ C5/
8x8Trax_956030 Jump This vs. *Make Peace : @0/ @1/ A0/ @1/ B3+ C4/ D2+ D1/ E1/ C0\ E5\ RESIGN
8x8Trax_956033 drgnrdr vs. Meltdown Monkey : @0+ @1/ A0/ B3+ C1\ A0\ @2/ C1+ A4/ B5+ A5+ B6+ A6+ A7+ D4\ E3+ E2+ @6\ D6\ D0+ D8\ F8+
8x8Trax_956084 ejd vs. Dionysos : @0/ A0/ A3\ B2\
8x8Trax_956143 rockdude vs. ejd : @0+ B1\ B0/ C2\ C1+ C0/ D3\ @3/ C4\ B5\ @3\ A4/ B2\
8x8Trax_956375 Aphrodite vs. Jump This : @0/ @1/ A2/ B3/ @2/ A0/ A4/ D4\ A5/ E4\ F3+ @1\ A0+ G2+ @4+ B7+ B8\ H6\ F1+ E1\ G6+ E7+ H7\ H8+ C8+ DRAW
8x8Trax_956415 Arctic Warrior vs. ScoobyRex02 : @0+ @1\ B2+ B3/ A3/ @2/ B4+ A4\ D3\ B0/ B6+ B7\ C7\ D6\ C8+ C1/ D1/
8x8Trax_956416 ScoobyRex02 vs. Arctic Warrior : @0/ B1\ B2\ C2+ D2/ C0+ C4\ E2/ B0\ A1/
8x8Trax_956439 Logged Off 29464 vs. Goonerg : @0/ B1/ B2\ C1/ C0+ C0/ D1/ A1\ @2/ C0/
8x8Trax_956453 Aphrodite vs. Goonerg : @0/ B1/ B0/ A3/ C2+ C4+ @3/ @3\ D0/ F3/ B6/ A6/ @4\ @4+ C3+ D7+ B1\ F0/ A4\
8x8Trax_956462 Aphrodite vs. Goonerg : @0/ B1/ A2/ @2/ B0+ @3+ A4/ @4+ A2+ C0/ @2/ @2/ E0/ G2+ E0+ D0/ @4+
8x8Trax_956538 carinda vs. Goonerg : @0/ B1/ A0\ @1\ C0/ D1/ B0+ @2/ @2/ D0/ E6\ F4\ G4\ G1\ C5/ B5/ D7\ A7/ B8\ @5+
8x8Trax_956546 mrsjobravo vs. Goonerg : @0/ B1/ B2\ C1/ @2/ B3\ A1\ @2\
8x8Trax_956627 Absentee 11084 vs. Goonerg : @0+ @1/ B0\ A3/ A4/ @4/ D4\ C5/ D2+ E3\ F2/ E1\ D0/ D0/ E6\ A7\ F3/ G3/
8x8Trax_956652 Guyver vs. ema_18 : @0/ B1\ B2\ C2+ A2/ A3/ @1\ A0\ B1+ E3+ @2+ @2+ H3/ H2/
8x8Trax_956655 Absentee 13409 vs. Elvis : @0/ @1+ @1\ A0\ @1\ B0+
8x8Trax_956700 Adam vs. Goonerg : @0+ @1/ A0\ @2/ A1+ @1/ A0/ D4+ E3/ A4/ @1\ C5/
8x8Trax_956774 Vacant 27452 vs. Goonerg : @0/ A2/ B1/ B0/ @3+ B4/ @3/ C0+ A6/ @6/ E6\ F2/ D7/
8x8Trax_956776 Jump This vs. Goonerg : @0/ A2/ B1\ @1/ A0/ C1+ @1+ E2\ B0+ @2/ B4+ D5/ C6\ B5/ @2/ @2/ A6+ G4+ D7+
8x8Trax_956808 Adam vs. Goonerg : @0+ B1\ C1/ C0/ C0/ B1/ D2+ C0\ E4\ D5/ A2/ E3/ F3/ B1\ @4+ B5+ H2/ G1+ E0+ C1\ E0/ D8+ B1\ A1\ A4\ B3\
8x8Trax_956829 SweetCindyJo vs. Catmane : @0/ B1+ C1/ C0/ A3+ A4/ D1/ D3\ C4\ E3/
8x8Trax_956831 SweetCindyJo vs. Ace1316 : @0/ B1/ @1\ A0\ A0\ B2+ B4/ @3\ A1\ A0\ D2/ E2/ E4/ F3/
8x8Trax_956958 klaashaas vs. OkMeR : @0/ @1/ A2/ C1/ B0+ D1\ D4\ E2+ F3/ F4+ D5\ C6+ C0\ @6+ C0/ A3+ @7\ G2+ B2\ A2\ A1\ H7/ DRAW
8x8Trax_957041 B Line electric streetcar vs. Vacant 27452 : @0/ B1/ A0+ @1\ @1\ C0/ A4/ @4/ E4\ C5\
8x8Trax_957049 Sweetcheeks vs. Goonerg : @0/ A2\ B2\ B3\ B1/ C2\ C3+ A0/ @3\ @2/ D5\ D6+ @2/ E7+ D7+ E8+
8x8Trax_957056 Menelao vs. Goonerg : @0/ A2\ B2\ B3\ @3\ D3\ E2\ E1\ D1+ A4\ B4+ @4/ B5\ F3\ F5/ D0+ B3\ A2+ E6+ B7\ G5\ G6+ D0\ F2\ G3/ H7/ G8/ H3+ G2+ E8+ G1\ H1+ A7+ H8\
8x8Trax_957131 Tigger vs. drgnrdr : @0+ B1/ A0\ A0\ @3/ B4\ D3+ D2+ C0+ E3\ E2+ F2/ B0/ @3+ @4+ C2+ E7\ G1\ C7/ B7/ E8/
8x8Trax_957141 BabyGirl The Rebel Angel vs. Chef Jeff 1 : @0+ @1+ @1/ D1+ E1/ E0/ B3\ B1\ B0\ B5+ A0/ @2\ D0\ G3\ C1\ D0+
8x8Trax_957148 Dionysos vs. ejd : @0+ B1\ A0+ @2/ A3/ @3/ C4\ A1\ @2/ C0/ A4/ E2/ F3\ D1+
8x8Trax_957213 firefly vs. Goonerg : @0/ B1/ A0\ @2/ D2\ D3\ C3+ C4\ B4+ E2/ D1+ F3\ E4/ A1+ C0+ @3/ @4\ C6+ C7/ F6\ C1\ D0+ G3/ F1+ C1\ H2+ H7/ H8\
8x8Trax_957295 drgnrdr vs. Goonerg : @0+ @1/ @1\ A0\ B1+ B3/ C1+ @3\ C4/ C5/ A1/ C0\ D1+ D7\ E6/ A7/ B8/ @7\
8x8Trax_957380 silverrbts vs. mcinturff : @0/ A2+ @2/ A3/ C1/ C0\ @4\ C1+ C0+ B2\ A2/ A3/
8x8Trax_957406 FrostyColdOne vs. mcinturff : @0+ B1+ B2\ C2\ B0+ D3+ C1+ C4/ C0\ A2+ D5+ E4+ C6/ F4+ B5+ C7\ A5/ D7+ B7+ G4+ H4\ H5\
8x8Trax_957529 toadisgimpy vs. Goonerg : @0+ @1\ A2\ A0\ @2/ @2+ B3+ D0/ E1/ A1\ @1\ C0/
8x8Trax_957534 cctiger2000 vs. Goonerg : @0/ A2/ B2\ A3/ B0/ C1/ @2+ C0\ @4+ C2\
8x8Trax_957558 MIA 5108 vs. Goonerg : @0+ @1/ B0\ @1/ C3/ B0/ A3/ A4/ B5/ C6/ A5+ @5/ C6+ A1\ @4\ B0/
8x8Trax_957592 Sweet Pussycat vs. Misery Midnight : @0+ A0/ A0\ @2\
8x8Trax_957628 Goonerg vs. MIA 5108 : @0/ B1\ A2/ B2+ A3/ @2/ @1/ B3+ B4/ A4/ D4\ C5\ E4/
8x8Trax_957749 Goonerg vs. Jump This : @0/ @1/ B0/ @1/ B3/ D1+ B4/ E2+ D0/ E6\ F5/ A5/ E1+ @2\ C1/ D7+ G3+ A7/ @7/ B8\
8x8Trax_957750 Tigger vs. Jump This : @0+ A0/ @2/ @2/ B1+ @2/ D3\ E2\ B4+ @4/ A5/ A1\ @3/ C0\
8x8Trax_957760 Goonerg vs. poss : @0/ B1/ A0/ B1+ C1/ B0\ A4\ @2/ B0/ A4+ @4\
8x8Trax_958000 Isischylde vs. Megababe : @0+ B1\ @1+ @1/ A2/ C2+ B3\ C3\ E1\ B0/ C5\ E1/ E0+ F2\
8x8Trax_958059 classylady vs. drgnrdr : @0/ B1+ @1\ A0\ B1+ C1/ A0\ D3\ D4\ E4\ D5\ A5/ B6\ @3/
8x8Trax_958206 Megababe vs. Zieken : @0/ A2\ B2\ B3+ A0/ B5+ B2+ C4\ A5+ @2/ D3+ E4+ C0\ D2+ C7/ F5+ G5/ G4/ @4+
8x8Trax_958231 Nan54 vs. irishmiss : @0/ A2\ B1/ B0+ @2+ A3+ @1\ A0\ C5/ C1+ A0\ C7\ D5\ E5+ F5/ E4/ A4+ C1+ D1/ D7+ A5/ @4+
8x8Trax_958499 Jane vs. Megababe : @0+ B1\ B0+ @2/ B3/ A3+ B4\ C4+ C5+ D3+ D2+ @3+ F2\ E0\ G3+ C1/ F2/ C0/ F2+ B1\ G5\ C0\
8x8Trax_958519 Cozy vs. paganje : @0/ B1\ A2/ @1/ C2\ B3/ A2+ @3/ A4/ A2+ @3\ C0\ B1\ A1\ B0/ @4+ G3/ H3+
8x8Trax_958540 Guyver vs. Tigger : @0/ A0+ @1+ A0\ B1+ C1/ B0/ @3/ A5/ @5/ E3\ D5+ F2\
8x8Trax_958542 BabyGirl The Rebel Angel vs. Chef Jeff 1 : @0+ B1+ C1\ C2\ @1/ A2/ B3/ E2+ C0+ F3+ D4+ C5\ B1\ G3+ D1/ H3+
8x8Trax_958563 AWOL 27087 vs. Megababe : @0/ A0/ @2/ A3/ @3/ B0/ @1\ B0/ @5/ B6\ @2\ C1\ D0/ B7/ B8/ E8+ G6/ G5+ C1\ H5\
8x8Trax_958666 Goonerg vs. cctiger2000 : @0/ B1\ A2/ C1/ B0/
8x8Trax_958667 Goonerg vs. cctiger2000 : @0/ A2\ B1/ B0+ @2/ B0+ @3+ @3\ C0+ E5\ F4\
8x8Trax_958722 firefly vs. bubble n squeek : @0/ B1\ A2/ @2+ A3+ B0/ D1+ E1/ E0/ B1+ D4/ C5\ A6+ D6\ E4+ F2+ E0+ @2\ F0+
8x8Trax_958732 Mikee vs. Megababe : @0+ @1\ B2/ C1/ A0\ D2/ C3+ @1\ A0\ @2+ D5/ G4/ @2\ D0+ D0\ H5+ B1+ A2+ A1\ A0+
8x8Trax_958791 Goonerg vs. coaster : @0/ A2\ B2\ B3\ A4\ C3/ @4/ A5/ @3+ D1+ E2/ F2/ E1/ E0/ F2/ E0/ F2+
8x8Trax_958854 Goonerg vs. streep : @0/ A2\ B1/ B0\ A1+ @1\ @1\ C0/ A4/ B5\
8x8Trax_958881 Goonerg vs. Walter : @0/ A2/ B2\ B3\ B4\ A3/ B0\ A5+ C1\ @2+ A0\ @2/ E1/ RESIGN
8x8Trax_959122 klaashaas vs. Buz : @0+ A0/ B2/ @1\ A0\ A3+ @2+ D2/ E2\ E3+ @3\ C4\ C5\ @2/ A1\ C4+ B0/
8x8Trax_959180 Goonerg vs. Tiaria : @0/ B1\ A2/ @2+ B0/ C0\ B0/ @5\ @4+ @4\ C0+ B6+ G3+ H3/ H1+
8x8Trax_959190 Goonerg vs. *Make Peace : @0/ @1/ @1/ A2+ D2\ C3/ B0/ A0\ @3/ A5/ @4+ G3+ E2/ F1+ C0\ B2+ A2\ H4/ E0+ G1+ C0\ C8+
8x8Trax_959201 Goonerg vs. Tactician : @0/ A0/ B1/ A3+ B0/ @2+ @2/ A4\ C5/ C6/ B7\ @2/ A1/ @3\ G1/ G0/ H4+ F7+ G7+ RESIGN
8x8Trax_959231 Goonerg vs. Vacant 18645 : @0/ B1\ A2/ @2\ B0/ B0\ A2/ D2/ D1/ E3\ C0+
8x8Trax_959236 Goonerg vs. Missing 10851 : @0/ B1\ A2/ B2+ A3/ @2/ C0\ B5/ A5/ C0/ D4/ A7/ @5+
8x8Trax_959293 Goonerg vs. pplpassion : @0/ B1\ A2/ @2/ B0/ C3+ A4/ B5/ D1\ A5+ @5/ A6/ A1\ @6\ C0\
8x8Trax_959310 Goonerg vs. SPOILED : @0/ B1\ A2/ @2+ A0/ @3\ @3\ D1+ A4\ E1+ @1\ C0+ A5/ E1/ B6/
8x8Trax_959314 Goonerg vs. Retired 28186 : @0/ A2\ B1/ B2+ C1/ D1/ D0/ C0+ @1\ C0+ D6/ D1/ F1/ E0\ F7\ D8+ G3\
8x8Trax_959343 Goonerg vs. pranxter : @0/ B1+ C1/ C0/ A3/ @3+ A1/ E1+ D3+ F1+ C0+ A5/ @3/ H2+ D0/ B2\ B1\ C6+ C0+
8x8Trax_959370 Goonerg vs. Backoff : @0/ @1\ A0/
8x8Trax_959373 Care-N vs. Misfit Lenrad6672 : @0/ B1\ B2+ B3/ A3+ @3\
8x8Trax_959400 Goonerg vs. Dolly25 : @0/ A0\ @2\
8x8Trax_959430 Goonerg vs. cats4954 : @0/ B1\ A2/ A0/ @1/ C0/ D1/ C0/ B2+ @2\ B1+ B0\ A1\ @4/ A5/ B0\ @5+ F0/ G2\ B1\ C7\ B8+ H5\ G6+ H4+
8x8Trax_959623 csain1 vs. Goonerg : @0/ B1/ A2\ B0/ @1/ A3\ A4\ @2/ @2/ @2/ @2/ F4\ G4\ H2/ H3\ E0+ D6/ D0/ F8+ C7+ F1+
8x8Trax_959624 Goonerg vs. csain1 : @0/ A0/ B1/ B3/ A0/ @1+ C1+ C0/ @3+ C5/ C6/ C7/ C8/ E7\ E1+ F2+ F6+ G2/ F1+ @7+ A3+
8x8Trax_959822 Lours vs. Didier : @0+ B1\ @1\ A2+ C0\ A0+ D3\ D1\ C4+
8x8Trax_959922 firefly vs. skouboe : @0/ @1+ @1\ B0/ C1+ C0/ B1+ @2+ E1/ E0/ B1+ A0/ F1\ B0+ E6+ G2\ B7\ C8/ @3+ B7+
8x8Trax_959923 firefly vs. Izeul : @0/ A2\ B2\ B3\ B4+ @3+ C5/
8x8Trax_960044 cheyenne MIA vs. Misfit Lenrad6672 : @0/ A0\ @2\
8x8Trax_960047 cheyenne MIA vs. paganje : @0/ A2\ B1/ B2+ C2+ B3/ @1\ B0/ @2\ E1\ F1/ F0/ F4\ G4\ A4/ @4/ C2+ E1/ G0/ C6/ D7\ H4/ E8\ F7/ G7+ C1\ B1\ A1\ F8+ B6/ B7/ C8/ A6+ H2\ B8+ A8/ H8\
8x8Trax_960060 Marko vs. bluewolf : @0/ A2\ @1\ C1\
8x8Trax_960233 Tesa vs. Misfit Lenrad6672 : @0/ B1\ B2\ A2+ A0\ @2/ C4/ @2\ A1\ @1\ B0+
8x8Trax_960241 JTOhio vs. SweetCindyJo : @0+ @1/ A2+ C1\ A3/ @3+ C3+ E2+ A4\ B5\ D4+ D5/ F2\ C6\ E5+ C0/ E2+ D0/ F2\ G3\
8x8Trax_960254 snaP632 vs. HeatherN : @0+ @1\ B2+ A0/ B4+ B1+ B5+ C2/
8x8Trax_960304 Tigger vs. Megababe : @0+ B1\ A0\ C2\ B1+ @2/ D3+ E2\ B4+ @2\ A3+ C0+ E1+ C6+ D0\ C8/ G5\ E6\ F7/ G4+ B8/ H4+ H3/ E8+ H2+ H1+ A8/ G7+ G8\ B2\ A2\ H7+
8x8Trax_960407 bubble n squeek vs. Megababe : @0+ B1\ B2+ B3/ @1\ A2+ @1\ @2\ B0\ A4/ @4/ D5/
8x8Trax_960422 firefly vs. bubble n squeek : @0/ B1\ B2\ A0\ @2/ B3+ A1+ @1\ A0\ @1\ E5\ A0+ @3+ B0+ G7\ G8+
8x8Trax_960723 StackMaster vs. Rogue Trooper : @0+ @1+ B0\ A3/ B3+ C2+ @2\ A0/ B1/ @1\ B0/ A5/ RESIGN
8x8Trax_960763 hhornet MIA vs. Rogue Trooper : @0/ @1/ B0+ @2\ C3/ B0/ B0/ A1/ D5\ D6\ D1/ E3+
8x8Trax_960978 Tigger vs. Misfit Lenrad6672 : @0+ @1/ B0/ C2\ A3/ D1/ C0\ E3\ E4\ C5/ A1\ A0\ @4\
8x8Trax_961077 heidibb vs. Vacant 1884 : @0+ @1\ A2/ @1\ A0/ C1+ D1/ C0/ D3\ E2/ E1\ A1\ A0+ @2/
8x8Trax_961349 * Sassy_Angel * vs. REBEL DJ : @0/ A2+ B1/ C1+ D1\ A3\ A0\ @1\ C5/ A4/ D1/ D0/ A6/ A4+ @2\ B7\
8x8Trax_961350 REBEL DJ vs. * Sassy_Angel * : @0/ A2\ B1/ B2+ A3+ A4\ B3\ C1/ @3/ C4+ A5/ @4/
8x8Trax_961354 * Sassy_Angel * vs. Chef Jeff 1 : @0/ A2\ B2\ B3+ @2\ C4+ D3/ C5+ C6/ B6/ @1/ C7+ @4\ D8+ A3\ E1/
8x8Trax_961731 Jump This vs. *Make Peace : @0/ @1/ A0/ @2+ A0/ @1/ C1/ C0/ C5/ D2/ D1/ E1/ E0/ F1/ F0/ G1/ @1\ C0+ B6+ A6+ B8+
8x8Trax_961835 drgnrdr vs. Meltdown Monkey : @0+ B1\ B2\ C2\ D2\ @1+ C0\ D4\ E4+ C5+ E5+ @2+ B3+ G4+ H4\ H5\
8x8Trax_962003 Buz vs. mcinturff : @0+ @1/ B0+ A3/ A4+ C2+ A5+ @3+ C0+ C0/ D1/ D0\ C1\
8x8Trax_962128 Shaker of Salt vs. SweetCindyJo : @0+ @1/ A2/ @2+ C0\ A4/ @1\ B0/ A4/ @4/ B5+ F3/ A3+ D5\ D6\ @3\ E1/ @3\ G5\ H5/
8x8Trax_962139 Lours vs. Didier : @0+ B1\ @1\ C0\ D2\ D3\ D0/ E2\ D5+ B1+ E4\
8x8Trax_962144 firefly vs. Allison : @0/ B1\ A2/ B2+ B3+ C3\ C2+ D3/ D2/ E2/ E1/ F1/ C0\
8x8Trax_962515 ladysman vs. Megababe : @0+ B1\ B0/ C1+ C2+ D1/ D2+ @2/ C3\ F1/ A1\ B0+
8x8Trax_963075 Zieken vs. Megababe : @0+ B1\ @1\ B2+ A2/ @2+ A1\ @1\ A0\ F2\ E1+ @1\ B0+ D5/
8x8Trax_963197 bubble n squeek vs. ryry : @0/ @1+ B0+ @2+ B0\ A1+ @1/
8x8Trax_963316 Goonerg vs. *Make Peace : @0/ A0/ B1/ C2/ B0/ A0+ @3/ D5\ E4/ C6+ @2\ E7\ F6+ E2/ F3+ E0/ F1/ G4/ F8\ G5+ H5\ H7+ B6/ D8/ B8+ A6+ DRAW
8x8Trax_963450 Hoosierenvy vs. BabyGirl The Rebel Angel : @0/ B1\ A2/ A3/ A0/ B3\ C2+ @1+ E2+ C0\ @3/ A4/ F4+ @4\ D6/ B6\ C7\ E5\ A7/ B8\ @5+
8x8Trax_963470 B Line electric streetcar vs. Vacant 27452 : @0/ A0/ @1/ A2/ B3+ C1/ B4/ B0+ D3+ C5+ B0/ D2+ @3+ F6\ F7\ F2+ G5\ H4+ H2+
8x8Trax_963550 SweetCindyJo vs. JTOhio : @0/ @1\ B0/ A1+ C1+ B3/ A0\ @2/ @2+ A3/ F2+ @2\ A0/ G4\ H4\ H5\ G6\ G2\ F1\
8x8Trax_963811 Aphrodite vs. Jump This : @0/ @1/ B0/ @1/ D1/ B3+ B4+ C0+ C0/ C0/ B2+ @2+ F2+ E7\ F5/ G1\ A1\ C8+ B6/ B8+ A7\ @5/ A8+ H6+ H7\ A4\ DRAW
8x8Trax_963827 BabyGirl The Rebel Angel vs. Chef Jeff 1 : @0+ @1+ B2/ A0\ @1\ D2+ A0+ @2+ @2/ A4+ C5/ G3+ D5\ H3+
8x8Trax_963880 Lours vs. Didier : @0+ A0\ B2\ A3+ @3+ A1\ @2\ B4/ A1\ @3/ @3/ E4\ D5/ B4+ D0+ B1+ F1/ G2+ F0\
8x8Trax_963920 Knight Rider vs. EMILY : @0+ A2+ B1/ B2\ C2/
8x8Trax_964016 Knight Rider vs. Allison : @0+ B1\ B2/ @1/ @1\ B2\
8x8Trax_964027 Tigger vs. Megababe : @0+ A2+ A0+ B2\ @3/ C4/ D2\ E2\ D1\ C0/ F3\ @5\ B6+ B3\ @4/ A3+ G6\ D7+ F7/ D8+ E8\ D1\ H7/ B7+ A2\ B8+ A8/ A1\
8x8Trax_964054 Megababe vs. comeonboro : @0+ @1+ A2\ B0/ C1/ A1\ A0\ A5/ @3/ @2/ B5/ A5/ E4+ @5\ A4\ A1\ F1+ @2/
8x8Trax_964057 Megababe vs. Missing 26869 : @0/ B1\ A2/ @2/ @1+ @2/ C0+
8x8Trax_964082 Knight Rider vs. Aphrodite : @0+ B1+ B2/ A0\ B1+ @2+ A0/ D3+ E3\ @3+ @3\ G4\ E5+ A2\ B1+ @2+
8x8Trax_964085 Knight Rider vs. Geri39 : @0+ A2/ @2\ C2\ C3\ @2/ A3+ @2/ B1/ @3/ A4/ F1+ B4\ A5/ D3+ B5\ A6/ B6\ B7/
8x8Trax_964114 Knight Rider vs. angel22 : @0+ A0\ A3/ @1\ @2\ A1+ A0/
8x8Trax_964233 Isischylde vs. Megababe : @0+ B1\ B2\ B3\ A0/ C2/ D3/ C1+ C0/ B0/ D3+
8x8Trax_964252 silverrbts vs. mcinturff : @0/ B1+ B0+ A3/ C1+ B0\ A1/ @3\ A2\ C0+ @3/ A4/ @4/ F2+ F4+ D6\ D1+ D0/ G4\ F1+ G3/ H3+ H2+ F0+ B4+ B7+ B8+
8x8Trax_964371 Tigger vs. Didier : @0/ A0+ B1/ B2+ A0\ @3/ A4/ @2\ @3\ B5\ A2+ A1\ B0\ D1+ @2\ B1\ D0+ A5+ G2\ F1+ @5/ E8+ H4/
8x8Trax_964449 LilSis vs. Misfit Lenrad6672 : @0+ @1/ @1\ A0\ C3/ A3/ @3/ E2\ D4\ C1/ B0\ A3+ B5/ C6/ @4/ B5/ B6/ D1+ A6\
8x8Trax_964492 Honeybear vs. Mististar : @0/ A0/ B2/ B1+ A3+ A4+ C2/ @2\ C4\ C0+ C0/ D1/ E3\ D0+ D0\ B2\ A3+ @4\
8x8Trax_964752 FrostyColdOne vs. mcinturff : @0+ @1+ @1/ C2\ D1+ D0/ B1+ E2+ E3+ A3/ C4\ @3\ D0+ G3+ E6+ H3+ D0+ D0/ E1/
8x8Trax_964897 Guyver vs. Vacant 1884 : @0/ B1+ @1\ B0/ A1+ C3+ D2/ B4\ D3\ E3\ D5+ A4/ @3+ C5/
8x8Trax_964919 Megababe vs. AWOL 27087 : @0/ A2\ B2+ C2/ B1/ C1+ C0/ B1+ B4\ D2/ D3+ B0/ B6\ C1+ D1/ @2\ B1+ E0/ F4/ G4\ B7/ A2+ B8\
8x8Trax_965236 Knight Rider vs. kmikel : @0+ @1\ B0/ C2/ @2/ C0/ A4\
8x8Trax_965365 Knight Rider vs. Wildaisy : @0+ @1\ A2/ @1\ C2+ D2/ C3+ A2/ @1\ A3/ A4/ B4+ @3\ A2\ A1\ D5\ F3\ E5/
8x8Trax_965401 Logged Off 11019 vs. Chad : @0+ A2/ A0\ @3/ @2/ B4\ A3+ B0/ A5+ D2\ @4/ B0\ A2+ @5/ C0\ B1\ A2\ E1+ C8\ @2\ E8+ B1+
8x8Trax_965512 Shosie vs. Amanda : @0+ B1+ B2/ A0\ @3\ C4/ D2/ D3+ D1\ D5\ E5\ A5/ @5/ D6/
8x8Trax_965513 Amanda vs. Shosie : @0/ B1\ B2\ B3\ C1/ C0/ C0/ C6\ D4+ A5/ A6/ A7/ E4+ A8/ @6\ @7\ B5+ A3\ B2/ @4/ A5+
8x8Trax_965605 SweetCindyJo vs. JTOhio : @0/ B1\ B2\ C2\ A0\ @2/ A3\ A4\ A1\ @2\
8x8Trax_965752 Didier vs. gorrick the goblin : @0/ B1/ C1\ C2\ B2+ A3\ @2+ E3/ D0/ C1+ C5\ B5+ D5\ @4\ B2+ C0+ A3+ A1\ A0+ @4+
8x8Trax_966099 SweetCindyJo vs. JTOhio : @0/ B1\ A2/ B2\ A3\
8x8Trax_966239 LilSis vs. paganje : @0+ B1/ B2\ C2\ B3+ B4/ A4/ C1/ D1/ @1\ A0\ @1\ @1\ C0+
8x8Trax_966493 Absentee 13409 vs. Chad : @0/ @1/ C1/ D1/ C0+ D3+ A4+ @1+ C0/ C6+ E5+ C7+ E7\ F5\ D8+ F2/ F1/ F7\ G7+ G5/ G4/ H6\
8x8Trax_966496 Geri39 vs. Chad : @0/ A0/ A3/ A4/ A5/ B3+ B6/ @4+
8x8Trax_966546 DIRKSTRA vs. Chad : @0/ @1/ B0+ @2\ A3/ @2\ C3+ D0\ E1\ F2/ D5\ E4/ B1+ D0\ A2\ D0\ F0+ G4\ H3+
8x8Trax_966556 firefly vs. Chad : @0/ A0/ @2/ B0+ A4+ B0/ C5\ C6\ @5\ @3+ @4\ @4\ C5/ D6\ G7\ A2\ @4\ C1/
8x8Trax_966588 Linda J vs. Chad : @0/ A0/ @2/ A0+ @1\ @1+ A0\ A5/ @5/ E5\ D6\ F5/
8x8Trax_966698 Goonerg vs. B Line electric streetcar : @0/ @1/ A2/ C2+ C3\ C4+ D3/ @4/ A1\ @2/
8x8Trax_966899 Lours vs. firefly : @0/ B1\ A2/ B2+ A3/ A4/ @1+ A0/ B6/ D5+ D7+ A7+ A0/ B1+ E5\ @6+
8x8Trax_966963 bubble n squeek vs. ryry : @0+ @1\ @1/ A2\
8x8Trax_967265 Amanda vs. JenJen : @0+ B1\ B2\ A3/ @3/ A1+ B0+ B5/ D2/ D1/ D5\ E5/ E3\
8x8Trax_967301 Judy vs. Misfit Lenrad6672 : @0/ B1\ B2\ A2+ @2/ A3/ B4/ @2\ A1\ C0/ B5+ E1/ E0/ @5/ B6+ B7\ A6/ G3+ B8/ A8/ @7\ A8+
8x8Trax_967303 Judy vs. paganje : @0/ B1\ B2\ A2+ @1\ A0\ B4+ A4/ A5+ @3+
8x8Trax_968257 Morticia vs. STrek : @0/ B1\ A2/ @2+ @2\ A0+ A0\ @4\ @4\ E1/ D0/ F3/
8x8Trax_968554 Megababe vs. gorrick the goblin : @0+ @1\ C1\ C2+ C3/ A2+ B4\ D2\ B0/ D1/ E1+ C0/
8x8Trax_968592 SweetCindyJo vs. gorrick the goblin : @0/ @1/ A2+ A3\ C2/ B4/ B0/ C1/ @2/ A4+ @5\ A1\ B0/ @3/
8x8Trax_968621 Megababe vs. MAAJI : @0+ B1\ @1\ A0\ B0\ C2/ D3/
8x8Trax_968622 Missing 26869 vs. Megababe : @0/ B1\ A2/ B2+ C2\ A3/ B4/ B0\ A5+ @3+ A0\ @1\ E7\ F7\ D8/ C7+ D1+ A3/ RESIGN
8x8Trax_968623 Retired 29430 vs. Megababe : @0/ B1+ @1\ B0/ A1+ @1\ C0/ @2\ E0/ F1/ F0/ A5/ RESIGN
8x8Trax_968750 Chad vs. firefly : @0/ A2/ @2\ B3/ C2+ D2\ E3/ D1+ E0\ A2+ C0/ B2+ D6+ F5/ F7\ G5+ B7/ C8+ A6/
8x8Trax_969003 starshine vs. Chad : @0/ @1/ B0\ @2\ B1+ B0\ A2\ @2\ B1\ A4/ @4/ E4\ C5/ F3\
8x8Trax_969065 Logged Off 9554 vs. Goonerg : @0+ @1/ B0+ B0\ A2\ @3/ A4/ B1+ D3/ B0+ A3+ @5/ @5/ E6\ F6\ G4/ F2+ F7\ D8+ H5+
8x8Trax_969067 Goonerg vs. Logged Off 9554 : @0/ B1+ C1/ C0/ B3+ B4/ B5/ B6/ @4+ E2+ E3+ F1\ D7\ RESIGN
8x8Trax_969458 Nanett MIA vs. Jump This : @0/ @1/ B0/ @1/ B0+ @2/ A3/ @3/ A4/ @4/ A5/ @5/ A6/ @3+ B0+ D8+
8x8Trax_969572 Dream vs. Arctic Warrior : @0/ A2\ B2\ B3+ B1/ C1/ A0+ @1\ C5/ D3\ E3+ @2/ B3+ A5/ B6+ B7/ A6/ E0/ F3/ @2\ A1\ A5/ @4/ B7\ A6\ C8/ A8+
8x8Trax_969594 immitzi vs. Jump This : @0+ B1+ A2\ A0\ @1+ @2\ B3+ @2+ A4+ D4\ A5\ B6/ B0/ @3\ G5\ F6/ A2/ A7/ C0/ A6\ H5/ H4/ G3+ E8\ G8+ E1+ DRAW
8x8Trax_969595 Aphrodite vs. Jump This : @0/ @1/ B0/ @2/ B3+ D1+ C0\ B5/ D1/ C0\ C6+ @3\ C2+ A6/ @5\
8x8Trax_969636 irishmiss vs. Arctic Warrior : @0+ @1+ B0+ C2+ D2\ @2+ E1/ F1/ B3\ @2+ @2/ A3/ C4\ G3\ F4+ H3+
8x8Trax_969786 Megababe vs. Vacant 27452 : @0+ @1\ A2/ @1\ B0+ B0\ D2\ C1+ C4+ @1/ C5+ B5/ A4/ F1/ E0\ A1\ B7/ B0/
8x8Trax_969794 comeonboro vs. Arctic Warrior : @0/ B1\ B2\ C2+ @1\ A0\ C4/ B4/ B5/ A4/ @2\ F3+ D6\ E6\ A3/ @3/ C5+ B5/ A6/ @6/ A5+ H2/ G1\ E1+ E0\ D1\ C2\ B2\ A3\ B8/ A8/ C1+ H2+ H1/
8x8Trax_969796 Arctic Warrior vs. MountainMist : @0/ A2+ @2+ C2+ B3/ D2/ B0/ A2\ @3+ C0\ B1\ A5+ @4\ B2\ F1/ F0/ G3/
8x8Trax_969805 Arctic Warrior vs. Vacant 27452 : @0/ A0/ @2+ B0\ @3+ B1+ @3+ E2/ E4\ F4\ @3/ D0/ G1\ G3/ H5\ G0/ H1/ F0+ E8/
8x8Trax_969806 Arctic Warrior vs. Uncle Chuckie : @0/ B1+ @1\ B0/ C3\ C4\ D3\ A4/ @3/ C5/
8x8Trax_969847 Arctic Warrior vs. Retired 29430 : @0/ B1\ A2/ B2+ C2+ @2/ B3/ A3+ A4/ @1\ B0/ A4/ @4/ D5+ G3+ H3\ H4\ D6/ A5\ G6/ B6/
8x8Trax_969860 Adam vs. BrnIdGirl : @0+ @1/ B0+ C2/ B3+ A1+ B0+ B0/ C1/ D2/ C0+ C0\ A1+ @3\ B0+
8x8Trax_969959 Nancy vs. Arctic Warrior : @0/ B1\ A2/ @2+ C2\ C3\ B0/ B0/ D3\ @3+ E5/ C5+ C6/ B5/ @3/ A4/ B5/ B6/ A6/ C7+
8x8Trax_969991 Adam vs. csain1 : @0+ @1+ A2\ B0/ C1+ D2/ C3+ E3/ B0/ B0/ B0/ B0/ C8+ A5+ @6/ G7/ A2+ @6/ F3+
8x8Trax_970093 Nan54 vs. hunnybunny hears yr heart : @0/ A2+ @1\ B0/ C1+ A1\ A0\ A4/ @3\ A1/ @2+ E1+ A1\ A0+ B1+ A0\ F3/ @3/ G4+ G5\ H5\ G6\ A4+
8x8Trax_970104 Nan54 vs. Arctic Warrior : @0/ A2\ B2\ B3+ @1\ A0\ D3/ C2+ C1/ D1/ D0/ C0+
8x8Trax_970105 Nan54 vs. dolly : @0/ B1\ B2\ C2/ C3\ D2/ A0\ @1\ B3/ B4/ D5\ C6\ A0+ D7+ E6/ F4\ F3/ G4\ F6\ F7\ B0/ C2\ H7\ D4/ E3/ A5\ F3+ G3/ H4/ G2\ H3/ G1\ C1+ F1/
8x8Trax_970118 ellieoop vs. Arctic Warrior : @0+ @1+ B0+ @2+ D2/ @2\ A1\ @1\ B0\ C4/ B0/ D1/ E2+ E1+ F2+ E5\ C6/ C7/ A1\ @1+ C0\
8x8Trax_970125 Nan54 vs. ScoobyRex02 : @0/ B1\ B2\ C2+ B3/ A3/ @1\ B0/ E1/ D0\ F3\ F4\ B6/ F5\ A2+ @2\ A1\ C7+ C8/ B6/ A4/ @2\ B6/ G1/ F8+ A1+ A7/ A8/
8x8Trax_970219 Goonerg vs. B Line electric streetcar : @0/ @1/ A2/ C2+ B3/ D2/ B0/ @2+ B4/ C5+ E4+ C0/ @5/ A6/ D7/ F0/ G1/ A3+ @3/ B1\ A1+ H4\ G8+ H8\
8x8Trax_970327 Aphrodite vs. Jump This : @0/ @1/ A2/ A3/ A4+ C2+ @4/ @4/ C5\ F3\ B3+ @4/ D6\ @3\ A2\ G7\ H5/ H1+ F0+ D8+ A7+
8x8Trax_970625 Adam vs. karosel MIA : @0/ A2\ B2\ B3\ B4+ C3/ B1/ B0/ C3/
8x8Trax_970700 gorrick the goblin vs. Megababe : @0/ B1\ B2/
8x8Trax_970711 gorrick the goblin vs. Megababe : @0/ B1\ B2/
8x8Trax_970716 gorrick the goblin vs. Megababe : @0/ B1\ B2/
8x8Trax_970728 gorrick the goblin vs. Megababe : @0/ B1\ B2/
8x8Trax_970752 Megababe vs. Retired 27843 : @0+ B1+ A2\ B0/ A1+ C3\ B4/ @3+ D2+ A1\ D0\ E2+ C0/ E5\ D6+ B7\ @3+ G1+ E0\ G7\ G8\ @4\ A3\ A2\ H5+
8x8Trax_971165 Tigger vs. Jump This : @0/ @1/ B0+ @2+ A3\ C0/ B1+ @2+ C0\ B0/ @2+ @2/ @2/ D0+ F1+ C5+ H3\ G8/ D6+ B6+
8x8Trax_971422 JTOhio vs. SweetCindyJo : @0+ A2\ A3/ @2\ A3+ B4\ C3\
8x8Trax_971435 SweetCindyJo vs. Ace1316 : @0/ A2+ A0\ @1\ A0+ B5+ B6/ @1\ C0/ D1/ D7\ D8\ @2/ A3/ A4/ A6/ @6/ C7/ G7\ F4/ G2\ C1/ H5\ D8\
8x8Trax_971623 DragonHeart MIA vs. FujiTape : @0/ B1\ B2\ B3\ A0/ B5/ A5/ A4+ C4/ D4\ D5\ B6/ C3/ A6/ A7\ @5+
8x8Trax_971900 Stinger vs. FujiTape : @0/ B1\ B2\ B3\ A3\ B4\ C4\ C5\ D5\ @3\ @2/ F6\ G6\ B1+ F7+ H5+ D0+
8x8Trax_971969 nursestary vs. FujiTape : @0/ B1\ @1\ C2/
8x8Trax_972452 Adam vs. TaUrUsRoSe : @0/ A2+ @2+ B3/ @2+ A1+ @2+ A1+ @2+ A3\ C4+
8x8Trax_972458 Megababe vs. MountainMist : @0/ A2+ A3/ B1+ C2/ @3\ D3\ D4+ E3/
8x8Trax_972460 MountainMist vs. Megababe : @0+ B1\ B0+ @2/ A3/ @3/ A4/ E2/ D0/ E1/ C2+ E5\ F5+ E6/
8x8Trax_972461 Megababe vs. MountainMist : @0+ A2+ A3\ @1/ C1/ B0\ B5\ C3+ A5/ @5+ C6/
8x8Trax_972484 Adam vs. FujiTape : @0/ B1\ B2\ B3\ C1/ A0/ A3+ D3+ C5\ A5\ B6+ C7/ D6\ E3\ A6+ @6/ @5+ @5\ D7/ F8/ C7/ B3\ C8/ A7/ A8/ A3\ G7+ H7\ G1/ H2+ H1/
8x8Trax_972809 Misery Midnight vs. pepperbeach : @0/ B1\ A2/ @2\ A3/ @2\ E1/ E0/ D1+ E0\ F2/ D1\ C2\ B2\ D4\ D5\ B6/ G2+ D7\ @3+
8x8Trax_972839 immitzi vs. FujiTape : @0+ B1\ A0\ A0/ B1/ C1/ D1+ B0+ @2+ A4/ A5/ @5/ D6+ E5+ G2\ B7/ G6\ E7/ H6/
8x8Trax_972984 Linda J vs. Megababe : @0/ A2\ B1/ B2+ A3/ @2\ A3+ A4/ @3/ B5/ @3+ D5\ E4/
8x8Trax_973179 Misery Midnight vs. Sweet Pussycat : @0/ B1\ A2/ @2+ B3\ C3\ C4\ @2+ E2\ E3\ F3\ F4\ E5\ A1\ G4\ A0/
8x8Trax_973226 SweetCindyJo vs. JTOhio : @0/ A2\ B1/ B0\ B0/ C2\ A2\ @3/ C4+ @3\ A2\ B5/ A5/ C6\ D6\ E1/ F1/ F3/ G1\
8x8Trax_973274 Fighting Spirit vs. Morticia : @0+ @1+ B0\ B3\ A3+ @2+ A3+ @2+ A3+ @2+ A3+ @2+ A1/ @2+ @2/ A3/
8x8Trax_973310 Misery Midnight vs. Sweet Pussycat : @0/ B1\ A2/ B2+ A3\ A4\ C2\ C3\ D3\ @2/ C4\ D4\ D5\ E5\ F4\ F5\ E6\ E7\ F7\ G6\ H6\ G7\ H7+ G8/ F8+ H8+ E1+
8x8Trax_973393 BabyGirl The Rebel Angel vs. Chef Jeff 1 : @0+ @1+ B2+ A2+ A3+ @2+ C3\ @2+ @2/ A3/ E0/ F4\ E5\ @4+ F6+ @4+
8x8Trax_973394 SweetCindyJo vs. gorrick the goblin : @0/ @1/ B0+ @1/ B3+ C0\ A0\ @1\ C6\ E3\ B5/ F4/ A5+ F2/ G4/ D1/
8x8Trax_973575 spitfire vs. *Rosie* : @0/ B1\ B2\ A2+ B3/ A3+ @3\
8x8Trax_973645 Absentee 13409 vs. Elvis : @0/ B1\ A2/ @1+ C2\ B3+ B4\ C4\ D2+ D0/ E2\ B1\ B0\ E2+ E6\ @3+ E7\
8x8Trax_973681 firefly vs. Logged Off 9554 : @0/ B1+ A2/ C1/ A3+ B4/ C0/ @3+ D5+ E4+ D0+ A2\ @4\ F2+ G5/ C1+ E0+ D1+ E0+
8x8Trax_973684 Logged Off 9554 vs. firefly : @0+ A2/ @2/ @2/ A0+ @1\ E2/ D4+ E4\ F3+ B5/ A5/ @3\ C6+ D0\ F2+ F1\ E0/ A4+ H5+ C1/ G2/ E7+ F8\ G3\
8x8Trax_974785 Honeybear vs. Mististar : @0/ B1+ A0\ @2/ A3/ D2/ E2\ D3+ E3+ E4\ @2+ B1\ B0\ A1\ @3/ G2\ B0\ @2\ C0\ A2+ G3\ C7\
8x8Trax_974827 JTOhio vs. SweetCindyJo : @0/ B1\ A2/ A3/ @1\ B0/ A1+ C3\ B5/ A0\ B0/ C1/ C7\ B8/ D3\ E2/ E1/ D4\ E5\ F5\ G5\ F1\ G4/ F3/
8x8Trax_974876 Misery Midnight vs. Sweet Pussycat : @0/ A2\ B1/ B2+ A3/ @3/ D1\ E1/ E0/ D1+ D3+ C1+ D4/
8x8Trax_975088 Buz vs. mcinturff : @0+ B1\ A0+ A0\ @1\ C2+ A0+ A0\ @1\ A0/ D4/ E6\ A5/ @5+ B6\
8x8Trax_975959 Logged Off 9554 vs. firefly : @0+ A0/ @1/ B0\ C2/ A1+ B0+ D3+ D1/ B0/ C6+ E4+ @3+ A2\ B6/ A6/ @6/ @5+ B2+ A2+ A1\ C1+ C0/ A1+
8x8Trax_976199 * Sassy_Angel * vs. Chef Jeff 1 : @0+ B1+ C1/ @1+ @1/ A2/ A0/ E1/ A4/
8x8Trax_976234 firefly vs. Logged Off 9554 : @0+ @1+ A2\ B0/ C2\ B4/ @3/ E4\ E5\ E1/ F4+ D0/
8x8Trax_976813 Goonerg vs. Logged Off 9554 : @0/ @1/ B0/ B0+ A4/ A5+ C3+ @5/ A4+ A0+ @3/ C7\ F6+ A7\ D1/ D0+ F5/ G7/ F3/ G5/ H5/ E2/ F2+ C1\
8x8Trax_976910 Megababe vs. Logged Off 9554 : @0/ B1+ C1/ C0/ B0/ A2+ C1/ @2+ C4\ E3\ @3\ @3\ C4+ H1/ F0/ C6/ H1+ H0/
8x8Trax_977285 Nina vs. Rogue Trooper : @0+ @1+ A0/ B3\ B4\ A4\ @2+ D3+ E4/ E5\ F5\ A4/ A5/ @3\
8x8Trax_977311 Sweet Pussycat vs. Misery Midnight : @0+ A0+ @1+ C1/ C0/ D2\ D3/
8x8Trax_977352 Tigger vs. Rogue Trooper : @0/ @1/ B0+ @2+ B0/ B4\ @2/ A4\ C5\ @4/ B5\ D6\ A2+ @3+ @2/ @3\ B4+ E6\ G7\ D5/ H6+ B6/ B7/ A6\
8x8Trax_977382 Misery Midnight vs. Sweet Pussycat : @0+ B1/ B2\ C2\ B0/ @1\ B0/ C1+ A3/ @2\ C0\ B1\ @1\ A0\ E2+ B1/ A0\ E1/ A0/ F2\
8x8Trax_977720 stormy110 vs. Rogue Trooper : @0+ A0+ A0+ B2\ @3/ C4/ A2+ C5/ @2/ E5/ C0/ B7/ A7/ E7\ C8/ F6\
8x8Trax_978086 Jump This vs. Aphrodite : @0/ @1/ @1/ C0+ @2/ A0+ @1\ @1+ A0\ E1/ F1/ C1\ F0+ B1+ B0/ F7\ G7+ A7/ @7\
8x8Trax_978102 Adam vs. Aphrodite : @0/ A2+ @2+ B3\ C3\ @2+ @2+ E0\ D0/ C2+ B5/ B6/ F5+ E0\ G4+
8x8Trax_978228 gorrick the goblin vs. Rogue Trooper : @0/ A0/ A3/ @3+ @1+ B0+
8x8Trax_978643 Megababe vs. Rogue Trooper : @0/ A0/ B2/ C2/ B1+ B3\ C3\ D2\
8x8Trax_978807 TN_Sapphire vs. STrek : @0/ B1\ A2/ @2+ A3\ @2+ C0/ D3\ E2\ @3+ B1\ B0\ B5/
8x8Trax_978808 TN_Sapphire vs. STrek : @0+ B1+ A0/ B3\ A3+ @2+ D3\ D4\ E4\ B5+ B0/ F4/ @3\ A2\ @2\ A1\
8x8Trax_979462 Nan54 vs. Whistler Gandalf : @0/ B1\ A2/ A3/ @1\ A0\ D2/ C1\ A0\ @3+ A6/ @5\ C7\ D7\ E7\ A3+ A7/ @6+
8x8Trax_979764 Marko vs. bluewolf : @0/ B1\ A0\ B3/
8x8Trax_979774 Marko vs. bluewolf : @0+ B1/ A0\ @2\ B3/ A1+ @1/
8x8Trax_979825 Adam vs. Aphrodite : @0/ @1/ A2/ B3+ C1/ C0/ D1/ D5\ E3/ D0/ E1/ E0/ F3\ B7/ B8/ @5/ @4+ A6+ E8+ H6+ G7\ H7\
8x8Trax_980109 faith64 vs. Honeybear : @0+ B1\ A0/ @2/ C3\ B0\ A1\ @4\ D5\ B0+ E5+
8x8Trax_980195 Honeybear vs. faith64 : @0/ A2\ B2\ B3+ @2\ C4+ C1/ D2\ C0+ D1/ E1/ C6+ D0+ F2+ C8/ F1+ B8\ B6+ @6+ @6/ A7/ C1+ B1\ A4/ G5+ A2+ G6+ F8\ G7+ H7\ H8\
8x8Trax_980290 keops vs. AWOL 27087 : @0+ B1/ @1/ C0/ @2+ A3\ A4\ @4/ E0/ A6\
8x8Trax_980438 Goonerg vs. Candy Cane Kaz : @0/ B1+ C1/ C0+ B0/ C0+ A2\ @4+ E3\ C1+ D5/
8x8Trax_980614 chattytea vs. Goonerg : @0/ @1/ A2+ B3/ B4/ @2/ @2\ E2+
8x8Trax_980628 MIA 29892 vs. Honeybear : @0/ B1\ C1/ A2\
8x8Trax_980702 BabyGirl The Rebel Angel vs. Chef Jeff 1 : @0/ B1\ B2\ C2+ C3+ D2+ C4+ E2+ C5+ B0\ C7+ @2/ D8+ G3+ E2+ H3+ E4+ A3+
8x8Trax_980762 Cachel vs. Goonerg : @0+ A0/ B2+ A3/ @3\ D2\ @3+ C4/ B2\ A5/ @5/ E3+ B6\ E5\ D6+
8x8Trax_980855 ryry vs. Goonerg : @0/ B1/ B0+ C2/ C0+ @3\ D4\ E4/
8x8Trax_980928 kalifarra vs. Goonerg : @0/ A2/ A3\ B3\ B4\ @3\ B5\ @3/ E4/ A1\ E3+ @3\
8x8Trax_980993 Vacant 27452 vs. Goonerg : @0+ B1/ B2\ C2\ C3+ A3\ A4\ B4\ D2+ C5/ C1/ C0/ E3+ D5+ E6/ @3+ F7\ G6/ E2+ H5+
8x8Trax_981123 paganje vs. Uncle Chuckie : @0/ B1+ A0\ @2/ C3\ @3/ B4\ @3/ B4/ C5\ @3/ F4/ G4\ G5\ F6\ G2\ H2/ F1/ E0\ H4+ E8/ D8/ C8/ H2/ F1/ H1+ B7+ A6+
8x8Trax_981283 Misery Midnight vs. Sweet Pussycat : @0/ A2+ A3/ @3/ B0\ A2+ @2\ B1\ A1\ D1/ C0/
8x8Trax_981434 SweetCindyJo vs. Ace1316 : @0/ A2+ B2\ B3\ B0/ C3\ @2\ A1\ A0\ @1\ D6/ A0/ C7/ B1+
8x8Trax_981576 Lours vs. Adam : @0/ B1+ C1/ C0/ A3\ @2/ C0+ B1+ B0\ A6/ @6/ B3\ A3\ A0\ @1\ C0/ D2+ E3+ A5/ B7+ A7+
8x8Trax_981786 OkMeR vs. klaashaas : @0/ A0/ @2/ @1/ B0+ @2/ B3/ A3+ C4+ C5/ B0/ @2+ D0\ F3\ E7+ B7/ D8/ A6+ @3/ H3/ H2+ H6+ A5/ H1\ DRAW
8x8Trax_981804 Santa Claus vs. Elvis : @0+ @1/ B0+ A3/ A4+ C4+ @4/ A3+ C0+ A6\ D6\ E4\ C0+ C0\ B1\
8x8Trax_981826 Red revolution vs. Goonerg : @0/ B1/ A0+ B3/ A3+ @3/ A4/ A1\ @2\ B5+ A4+ @2\ F2+ A3/ @2\ C1+ @1\ A0\ F1\ C6/ B6/ F0/ G1/ H3+ D2+ C2\ C1\
8x8Trax_982012 Megababe vs. astyr : @0+ B1+ A2\ A0\ C2\ @3\ B4/ B0/ C1/ A5+ D5\ B6/ E5/
8x8Trax_982086 Megababe vs. Uncle Chuckie : @0/ B1+ C1/ C0/ B0/ A2+ C1+ D1\ B0/ B0/ D1/ D6\ E3/
8x8Trax_982125 Aphrodite vs. Goonerg : @0/ @1/ A0/ B1/ C2+ A3/ @3/ C4\ E1\ F2/ C5+ D5\ E3+ F5/ G4\ C6+ C0/ C8+ A7/ @3+
8x8Trax_982238 paganje vs. Vacant 27452 : @0/ A2\ B2\ @2\ C1/ D1/ D0+ B4+ @2/ @4/ A5/ A1\ @3/ C0\
8x8Trax_982245 Nancy vs. Misery Midnight : @0/ A2\ B1/ B0/ C2\ A0\ C4/
8x8Trax_982277 TN_Sapphire vs. STrek : @0+ @1+ B0\ A3/ @3/ @3+ B4/ A1\ D3+ @2\
8x8Trax_982335 Megababe vs. Nina : @0/ B1\ B2\ B3\ @1/ B3/ B4/ A0\ @2/ C0/ D1/ E1/ D0+ F2/ D0\ G3/ H5+ B6+ A3/ G8+ F1\ A7+ H2+
8x8Trax_982336 Megababe vs. Nina : @0/ B1\ A2/ B2\ A3\
8x8Trax_982355 laughingface vs. Goonerg : @0+ B1\ C1/ B0\ A3/ A4/ @3\ D4\ A2\ E2\
8x8Trax_982492 Logged Off 9554 vs. Goonerg : @0/ A2/ B2\ A3/ C1/ C0/ C0/ B1/ D4+ D5\ A6/ E3/ C0/ E1+ A1\ @7/ C0\
8x8Trax_982507 firefly vs. Logged Off 9554 : @0/ A0+ A0\ @3/ C2/ B0+ B5/ C4+ A5/ @5/ @5+ A6/ @4+ F6\ C7+ G6/
8x8Trax_982546 Nina vs. Megababe : @0/ @1/ @1/ B2+ D2\ C3/ @1\ C0+ F2/ F1/ D0\ C0/ C7\ B1\ A1+ C0\
8x8Trax_982613 Megababe vs. Vapira : @0/ A2\ B2\ B1+ B0/ C2\ B0/ B5\ C5\ D2+ A1\ E4+ @3\
8x8Trax_982714 Tigger vs. Megababe : @0/ B1\ A2/ @2\ @2/ B3\ A1+ E1\ D2+ D4/ E3+ B4+ F3+ G2\ F1+ C5\ D0\ F5+ C0/ G2+ E0+ H4+
8x8Trax_983065 Twingles vs. Goonerg : @0+ B1/ A2/ @1\ @1\ C0+
8x8Trax_983154 SweetCindyJo vs. Ace1316 : @0/ A2\ B2\ B3\ @1/ @1/ C0+ C5\ C6+ D5\ E6/ C0\ C8\ @3\ A6\ A4+ A2\ @2\ A1\ @3/ G1\ B5/ A5/ B6/ C8/ B8/ A7\ H1+
8x8Trax_983192 Misery Midnight vs. Sweet Pussycat : @0/ A2\ B1/ B0+ B3\ C2/ A4/ @4/ D4\ E3+
8x8Trax_983196 Aphrodite vs. Jump This : @0+ B1+ C1/ C0/ B0/ B4/ A5\ C4+ C6+ @4+ B1\ C0/ E4\ E7\ F3/ E2\ F7+ G5/
8x8Trax_983344 Absentee 13409 vs. Elvis : @0/ @1+ @1\ A0\ @2\ D3\ E1\ A1+ A3/ B4/ @3\
8x8Trax_983395 Vacant 1884 vs. Goonerg : @0/ B1/ A0/ B1/ B3\ C2/ C1+ A4\ A5\ C3+ A6/ @5+ A2+ B7/ @1\ B0/ A3+ D7/ F4+ B7+
8x8Trax_983405 ejd vs. Megababe : @0+ B1\ B0/ C1/ A3/ A4/ C0\ @4+
8x8Trax_983428 Izeul vs. Goonerg : @0+ B1/ A0/ B1+ C1\ A3/ C3/ D3/ C4/ D1/ B0/ C6/ E4+ @6/ B7\ F3+ G3/ H3/ A7/ B8\ A4+ E1/ H4/
8x8Trax_983498 paganje vs. Uncle Chuckie : @0/ B1+ @1\ B0/ D2/ C0\ D4\ E3/ A1\ B0/ @2/ E6/ D5+ E0+ G5/ H2+ F7\ G8/ H5+ A2\ B1\ A1\ C7/ B7/ A7/ B8+
8x8Trax_983931 Nan54 vs. Linda : @0/ B1\ A2/ @2+ D1/ A3+ D0\
8x8Trax_984033 Scorpio-Lady vs. Fallen Angel : @0+ B1/ B2\ C1/ C0\ B1\ C3\ @2\ B1\ B3/ C4+ E3/
8x8Trax_984068 Jump This vs. Logged Off 9554 : @0/ A2+ A3/ B1+ C1\ D2/ D3+ B4\ C0\ @3\ B1+ @1\ B0\
8x8Trax_984173 SweetCindyJo vs. Ace1316 : @0/ A2+ @1\ B0/ C1+ C0+ B5\ C0\ D5\ D6+ B1/ A3\ A2\ @2\ E7\ F7\ F8\ G8\
8x8Trax_984205 Gnikool vs. Goonerg : @0+ A0/ A3\ B3\ A4\ C2/ A0/ @3+ D5\ E4/ C0/ D1+ A6/ A7/ A2\ E4+ @4+
8x8Trax_984691 sithneedow vs. Goonerg : @0+ B1/ A2+ @2/ A1+ A0/ @2/ C0+ A4/ A5/ @3+ @3/ A2+ @3/ G4+ C6\ F7\ G7\ E8+ A1/ H4\ H5\
8x8Trax_986356 blondie vs. Elvis : @0+ @1/ B0+ A1+ B0+ A1+ B0+ C1\ B0+ A2+ @3/ B1+ C0+ B1\ C7\ C8\ D7\ D8+
8x8Trax_986541 MIA 5108 vs. Goonerg : @0+ B1/ B2\ C1/ A0/ B1+ A3+ B0\ A5\ @3\
8x8Trax_986982 Logged Off 29464 vs. Goonerg : @0/ B1/ A0\ @1\ A0+ A0\ @2+ D1/ D0+ E3/
8x8Trax_986984 Logged Off 29464 vs. Goonerg : @0/ B1/ B2+ B0/ B4/ C2+
8x8Trax_987419 Chad vs. Vacant 27452 : @0/ A2\ B2\ B1+ A3+ B4/ C3+ @4/ B5\ D1/ C0\ E2+ A3\ @4/
8x8Trax_987474 Rogue Trooper vs. Megababe : @0/ B1+ C1/ A2\ A0/ B3\ D3/ A4\ @2+ C0\ B0/ B7\ @1\ B0+ F2/ D1+ G3/ F7/ @3+ G1/ A5\
8x8Trax_987520 Tigger vs. Rogue Trooper : @0+ A0/ A3\ B1/ B0/ C1/ @2/ @2/ B4+ B0+ @2\ A4+ F6\ G5+ F0\ A7/ @7/ E1\ A4+ B8+ D8+ B2\ B1\ H1/ G8+ H8+
8x8Trax_987558 derekaluk vs. HeatherN : @0+ B1\ A2/ @1\ @1\ B0/ C1+ C0/ D1/ E1/ D0\ D0+ C2+ B2\ A3\ A2\ @2\ E0+ E0/ F1/
8x8Trax_987570 Tigger vs. Goonerg : @0+ B1/ A2/ A0/ A4/ B3+ @4+ @2/ B1+ C5/ D1+ E1/ E2+ F3/ E4+ G2+ E6/ H2+ A4/ A6+
8x8Trax_988242 Goonerg vs. princesarg : @0/ A2\ B1/ B2+ B0\ C3/ C1\ D2/ E3+ F2\ F1/ C0\ D5+
8x8Trax_988281 Misery Midnight vs. Sweet Pussycat : @0/ B1\ A2/ B2+ A3\ B3\ C1/ B0\ B5\ C1/ C0/ @4+ B1/ D0/ @4+ D1\ E7/ D0/
8x8Trax_988287 Goonerg vs. DIRKSTRA : @0/ A2+ B1+ B3/ C1/ C2+ D1/ B0+ B5/ D4+ E2/ @3\ @2/ H3+ F0+ F7\ G6+ E8+ H2+ B6+ B7/ A7/ A8/
8x8Trax_989141 Sista vs. Uncle Chuckie : @0/ B1+ A0\ @2/ A3\ D2\ C1+ C3+
8x8Trax_989493 DINGEROO vs. Honeybear : @0+ A0\ A3/ @3/ A4\ B4\ C4\ @2+ A0\ @1\ F5/ F4/ F3+ G4\ A0+ D2+ A0+ B1+ @1\ B0/ B5+ G4/ G3/ D1+ H3/ A5/ A6/
8x8Trax_989534 gladriel vs. pepperbeach : @0+ @1+ B2/ B0/ C1/ @2+ B1+ E1+ B0/ D1/ A4+ F2+ A5+ @4/
8x8Trax_989626 Catz52Meow vs. Honeybear : @0+ @1/ A0\ @2/ C1+ A1\ @2/ E1/ D3+ E3/
8x8Trax_989641 MsDot vs. Honeybear : @0+ B1\ @1\ A0\ D2/ D1/ D0/ B4/ E1+ E0/ E5\ F5+ D6/
8x8Trax_989984 MsDot vs. Misery Midnight : @0+ B1+ A0+ A0\ B4/ C4\ C5\ @4/ A5/ B0/ C1/ D4+ C6/ B7\ C3/ @6+ E1\
8x8Trax_990392 dingbat vs. Honeybear : @0/ A2\ B2\ @1/ B3+ B0+ B5+ @2/ D1/ E3\ C6\ F2+ D0\ B7/ @5+
8x8Trax_990394 dingbat vs. Misery Midnight : @0+ B1\ A0+ @2/ A3/ B4/ B0+ A5+ @5/ E5\ D6/ F4/ F3/ F2/ B1\ G5\ A2+
8x8Trax_990864 Adam vs. Aphrodite : @0/ @1/ A2/ B3+ C3\ D3+ D4\ A0\ RESIGN
8x8Trax_991103 lexy vs. Morticia : @0+ B1+ B2\ @1+ D2/ @1+ E1+ E0/ F2\ D4/ C4/ F4/ B4\ B1\ @2\ E1\ D0/ B1+ F1/ E0+ F1+ F0/ G2/ H2/ H1\ B2+ C2+ B1+ B0/ C1/
8x8Trax_991322 gladriel vs. Honeybear : @0/ B1\ @1\ C2/
8x8Trax_991327 gladriel vs. Misery Midnight : @0+ B1\ A0/ B3/ C2\ @2/ C4/ A3\
8x8Trax_991331 gladriel vs. Shariann : @0/ B1\ @1\ A0\ @1\ D3/
8x8Trax_991557 chattytea vs. toadisgimpy : @0/ A2+ @1\ A0\ @1/ D2/ B3+ C4+ A3/ D1+ B0\ D1+ E2+ D0+ A1\ @1\ G3+ D7+ H3+ D8+
8x8Trax_991612 MommaWolf OTF vs. Honeybear : @0/ B1\ A2/ B2+ A3\ A4\ C2\ C3\ B4\ @3\ E3\ E4\ F2/ D5+
8x8Trax_991615 MommaWolf OTF vs. Misery Midnight : @0/ B1\ A2/ B2+ A3\ B3\ A0\ @2/ D2/ D1/ D3+ D0\ D0/ B2/
8x8Trax_991629 ejd vs. gorrick the goblin : @0+ @1/ A2/ @1/ B0/ @1+ B0\ E4/ C5/ B4/ F3/ E2+ @3/ G5\ F6/ H4/
8x8Trax_991706 Peeky vs. STrek : @0/ B1\ B2\ C2+ C3/ D2+ A0/ A3/ @2+ C0+ @3/ A5+ @5/ D6+
8x8Trax_991707 Peeky vs. STrek : @0/ A2\ B1/ B0+ @2/ C0+ B5+ C4+ D3/ @3/ D5+ C6/ @4\ @3/ D1/ D0+ G6+ D0+
8x8Trax_991842 heidibb vs. bambam : @0+ B1\ B0/ @2/ D2/
8x8Trax_991950 Tigger vs. Goonerg : @0/ A2/ @2+ B3/ B0/ C3\ D3+ D4\ C5\ B0/ @5\ B0\ A1\ E1/ F6\ C0/
8x8Trax_992890 Arctic Warrior vs. MIA 23228 : @0/ B1\ A2/ @2+ B3\ C2+ D1/
8x8Trax_993016 Adam vs. Aphrodite : @0/ @1/ B0/ @1+ A0\ A0+ @1\ E4\ A4/ D5\
8x8Trax_993022 Rogue Trooper vs. Megababe : @0/ B1\ A2/ @2/ @2+ C0+ B0/ @2+ @2/ @2/ C4/ A1\ B0/
8x8Trax_993042 Adam vs. Logged Off 16178 : @0/ B1\ A2/ @2+ B0+ B0/ C1/ B0/ D4/
8x8Trax_993271 Tigger vs. Megababe : @0/ B1\ A2/ @2/ C0/ D2\ B1+ C3+ B4/ C5/ D4+ @3+ C0\ @2+ E0/ F3/ G3+ D0+ G3+ B2+ @4/ C7\ D8+ D1\ G2/
8x8Trax_993508 gorrick the goblin vs. Megababe : @0/ B1+ B0/ @2/ B1+ B0+ A4+ @4\ B5+ C5+ C0+ B7\ C8/ D7+ E5+ E3/ A8+ @7/ G5\ A3\ @3+ C2\
8x8Trax_993509 gorrick the goblin vs. Megababe : @0+ @1/ C1/ B0+ A1+ A3/ @1\ E2/ D3+ @3+ A0/ @1+ B5/ @3\ B4+ B0\ D1+ A2+
8x8Trax_993739 nylady41 vs. Adam : @0+ @1+ @1/ A2/ @1\ B0/ E2\ E3\ D4\ B4\ A1+ @2+ A1+ A4/ @4+ D5/
8x8Trax_993829 Tigger vs. Rogue Trooper : @0/ @1/ A0+ @1+ A0\ @1\ @2\ B3+ C0/ E2+ A2+ E1/ E0+ F3+
8x8Trax_993948 Sweet Pussycat vs. Megababe : @0/ B1+ A2/ @2/ C0+ D2\ D1/ B4+
8x8Trax_993953 Sweet Pussycat vs. Rogue Trooper : @0/ @1/ B0+ C1+ D1/ D2/ B3/ @2+ @2/ D4/ B3+ @3\ C4+ A4/ B5/ @4\
8x8Trax_994089 Nina vs. Rogue Trooper : @0+ @1+ B2/ A0\ C2/ @2+ E2\ D3+ E3+ E4\ C4\ F2+ C5/ B5/ A5/ @2+ H2\ E1/ H3/ D0\
8x8Trax_994090 Nina vs. Megababe : @0+ B1\ B0/ C1/ D1/ @2/ A3/ B1\ C0/ @3+ F3\ RESIGN
8x8Trax_994109 Megababe vs. Nina : @0+ @1+ A2\ A0\ B1+ C1/ A0\ A5/ @3/ @2\ RESIGN
8x8Trax_994168 Rogue Trooper vs. Tigger : @0/ A0\ @1/
8x8Trax_994199 Rogue Trooper vs. Nina : @0+ @1+ A2+ B2+ @2/ D2\ E2+ C3+ A3/ @3/ A4/ @4/ A5/ @5/ A6/ E7+ G6\ H4\ D8+
8x8Trax_994377 Knight Rider vs. DiGaWiD : @0+ B1+ A0/ B3\ @2+ D2+ E2\ E4+ F4\ F5\ E1/ D0+
8x8Trax_994594 Buz vs. mcinturff : @0+ B1\ C1/ C0/ B1+ A1\ C0/ C0+ D1/ E1/ A5/ @4/ @4/ A5/ A6/ A7+ @7/ A5+ E8\ A8+ F8/
8x8Trax_994766 Adam vs. Aphrodite : @0/ @1+ B2/ C1/ A0\ A0+ @1\ E1/ A2/ E0\
8x8Trax_995270 FrostyColdOne vs. mcinturff : @0/ B1\ A2/ B2+ A0\ @1\ B4\ B5\ D2/ D1/ C0/ A3+ C5+ D5\ E4\ F4\ C7/ F5\ A5/ @5/ E1/ H4+ E8+ H6\ A3+ H7+
8x8Trax_995291 SweetCindyJo vs. AugieDawg : @0/ @1/ B0\ A1\ @2/ @2/ C0+ A2\ @2\ @1/ D4/ @2/ B3\ D4/ E0\ C1\ F6\ D0/ C0\ B1+ E2+ F3/ H4/ A6+ H3+ A7\ C8/ B8/
8x8Trax_995319 gorrick the goblin vs. Rogue Trooper : @0/ @1/ A0/ A0/ B1+ @3\ D3+ B4/ @3+ D0+ E6+ @4/ B6/ C7/ A6+ F7/ G6+ D8/
8x8Trax_995351 gorrick the goblin vs. SweetCindyJo : @0/ A2\ B2\ B3+ B4/ @3/ D3+ A4+ @3+ @3+ B1\ C0\ A3\
8x8Trax_995704 Chad vs. CHESSCATJAY : @0/ B1\ A2/ @2+ @1/ D2+ @1/ @2/ A3/ B3+ B0/ D4\ E5/ E1+ A1\ A0+ @3/
8x8Trax_995715 Chad vs. Meltdown Monkey : @0/ @1+ A2/ @1+ A0\ D2\ D3\ B4/ @4\ A2+ F2+ E5\ F5\ C1+ G4+
8x8Trax_995721 Rogue Trooper vs. gorrick the goblin : @0/ @1/ @1/ A0+ C3/ @1/ B0/ C4+ E4\ E5+ E1/ F2+ D0/
8x8Trax_995816 gorrick the goblin vs. Megababe : @0/ @1+ B2/ C1/ A0\ A4\ @3+ A2+ @3+ D0+ F3+ G3\ F6+ C6+ @4+
8x8Trax_995835 Buz vs. mcinturff : @0+ B1\ A0+ @2/ A3/ @3/ A4/ @4/ A5/ D0\ C1\ B7+ A2\ @3/ F2/ G2+ G1/ F0\ G4+ H4\ G5\ G6\ H6/ H3+ C2+ E1+ B1\ A6+
8x8Trax_995916 Megababe vs. Zieken : @0+ @1/ C1/ B0+ D2/ B3/ C3+ E3/ A3/ @2+ A1\ A0+ @1\ F1/ G3/ D0/
8x8Trax_995923 SweetCindyJo vs. Ace1316 : @0/ A2\ B1/ B0+ C1+ B0+ B0\ A1\ @3/ B0+ B0/ D3/ D1/ D0/ E2\ E3+ D7\ D8\ A4/ A7/ @7/ G4/ @7/ A4\ B3\ A3\ A2\ D1+ A1+
8x8Trax_995935 Goonerg vs. CHESSCATJAY : @0/ A2\ B1/ B0+ @3\ @3/ B4\ D0+ A2\ @2+ B1/
8x8Trax_996008 blondie vs. Elvis : @0+ @1+ A2\ A0\ @1+ A0+ @2+ B0+ @3+ E3/ E2/ F4+ E6/ F5\ C6/ B4+ D7/
8x8Trax_996073 blondie vs. Elvis : @0+ @1/ B0+ A3\ B0+ B4+ C3/ C4+ B5+ B0\ A1\ B7\ @3+
8x8Trax_996137 blondie vs. Elvis : @0+ @1\ B2+ A2+ B3+ A3/ @2+
8x8Trax_996536 gladriel vs. Mististar : @0+ @1+ A0/ B3\ C3\ @2/ D4/ E3+ B3+ B4/ C5/ F3+ B5+ F4\ A5+ D6+
8x8Trax_996597 Megababe vs. AWOL 27087 : @0/ A2\ B2\ B3+ A0/ @1\ A0\ A4/ @4/ B5/ D6/ D7/ @4/ C7/ D8\ A3\ @4/ A5+ F2+ G3/ C6+ G1/ G6/
8x8Trax_996668 Jump This vs. Aphrodite : @0/ @1+ C1/ A2\ B0/ D3\ D4\ D1/ E1/ B0/
8x8Trax_996800 Goonerg vs. Aphrodite : @0/ A0/ @1/ B0+ A3/ C3\ B4/ D2/ D1/ B5/ D0/ E4\ D5+ B7/ A7/ D7\ E7+ C8\
8x8Trax_996840 nisqually vs. firefly : @0+ B1/ B2\ C1/ B0/ C3\ D3\ D2+ C1+ B0/ A4+ C5\ B6\ @5+ D6+ E6\ F5\ E7+ E2/ F2/ G5\ D0+ A2\ B1+ @2/ G8\ B4/
8x8Trax_996842 firefly vs. nisqually : @0/ B1+ A2/ @2+ B3/ C0/ B1+ @3+ A2+ @3+ F2\ D5\ F5+ G5\ G2+ H5\ E6/ G6+
8x8Trax_996875 Buz vs. mcinturff : @0+ B1/ B0/ C1+ A3+ B3+ B0/ B5\ B6\ B0/ D7\ D8\ E6+ @5/ A6/ G6/ G7+ F3\ A7/ C8+ E2/ H3+ H1+
8x8Trax_996992 B Line electric streetcar vs. Aphrodite : @0/ A0/ A3+ B3+ B4\ C4\ C2+ @1\ B0+ B5+ D6\ D7+ E6+ A7/ C8+ @6\ A3/ A5+
8x8Trax_997005 SweetCindyJo vs. gorrick the goblin : @0+ @1\ @1/ B2\ A2+ B3/ B4\ C3+ C4+ D3+ E3\ D4\ D5/ D6/ D7/ C5+ E5\ A4/ A5/ @3\
8x8Trax_997115 Whistler Gandalf vs. golfnutrof : @0+ A0/ B2+ B3\ A3+ @3/ C4\ C5+ D4+ E3\ E5\ E1/ C6\
8x8Trax_997357 drgnrdr vs. Meltdown Monkey : @0+ B1+ A2+ @1/ @1\ B0/ C0\ E3\ E4\ F4\ D5/ E6/ D2/ D6+ C6/ C7/ B7/ A4+ F1/ G1/ D0+
8x8Trax_998170 bigdan409 OTWP vs. Goonerg : @0/ B1/ B2\ C1/ @1/ A0/ B1+ @3\ D4\ E4\ F3\ D5+
8x8Trax_998192 Misery Midnight vs. goldfreckles : @0/ B1\ A2/ @2\ C2+ C3\ D1/ C0\ C5\ D1/ D5/ D0\
8x8Trax_998197 Nanett MIA vs. Goonerg : @0/ B1/ C1+ C0\ A3/ D1\ C0+ @4/ C5\ C1+ D0+ @2\ A1\ G3+ @2+ H4\ G5+ C1+ F0+ D8+ B7/ B1+ B8+
8x8Trax_998236 SunnyD vs. Goonerg : @0+ A2\ B2\ B3\ C2+ A0\ @4/ A5/ A2\ @4+ @4/ F1/ F0+ G2\
8x8Trax_998282 PJ vs. Amanda : @0+ B1\ A2/ @2/ @1\ B0/ B4/ @3+ B5/ F2\ @3\ B1\ C0\ G2/ F1/ H3/
8x8Trax_998391 FULL moon CRAZY vs. Goonerg : @0+ B1/ B2\ C1/ A2+ B0+ A4/ B5/ @4/ D5\ D6\ E3+
8x8Trax_998503 Santa Claus vs. Elvis : @0+ A2\ B2\ A0\ B4+ @1/ D4\ D5/ D2/ D1/ E3\
8x8Trax_998519 Santa Claus vs. Elvis : @0+ B1\ A0+ B1+ A0+ A0\ @1\ A0/ C3/ D5\ B1/ @1\ A0\ B1+ A4/ A5/ @2/
8x8Trax_998804 bigdan409 OTWP vs. firefly : @0+ @1/ C1/ A2/ A0\ @2/ A3+ A4/ C1+ C4\ C5+ D3\
8x8Trax_998901 SweetCindyJo vs. Ace1316 : @0/ B1/ @1\ A0\ C3\ D3\ A0\ C2\ @1/ A2/ B0\ @2\ @2/ B1\ A0/ F7\ A4+ @3\ D5+ D6/ C6\ D7/ F8\ H7+ B6/ A6+ B7+ B8/ A8/ D1/ G3/ H4+ H3/ G2/ H2/ H1/ A2\ A1\
8x8Trax_998920 Nanett MIA vs. firefly : @0/ A2\ B2\ B3+ C3+ A0/ @3+ @3/ B2\ A1/ C0/ @4/ E6/ B1+ B7+ E3+ C8/ @4/ G3/ @6+ A8+ G7+ H7\ A3/
8x8Trax_998929 Megababe vs. Zieken : @0/ B1\ B2+ B3/ A2/ A3+ @2\ D2/ E2/ D3+ D0+ D5+ C0/ F3\ F1/ G2+ D0/
8x8Trax_999032 SunnyD vs. firefly : @0+ @1/ B0+ B3+ C2/ C3+ D3+ B4\ A1\ @2/ C5\ B4+ C6+ A5+ C7+ C8/ B8/ A8\ A1\
8x8Trax_999168 FULL moon CRAZY vs. firefly : @0+ B1/ B2\ C1/ C0+ A3/ B4\ @2+ A1+ D0\ B5/ B6/ A0+ E3+ @4\ A2+ D0/ E2+ E6+ F6\ A6/ @5\ B7+ H5+
8x8Trax_999295 blondie vs. Elvis : @0+ @1+ A2\ B0/ C1+ C3\ D2\
8x8Trax_999329 blondie vs. Elvis : @0+ @1/ B0+ A1+ B0+ C1\ B0+ A2+ @2\ C0\ B1\ D1/ E2+
8x8Trax_999393 nisqually vs. firefly : @0+ B1/ A0/ B1/ A3+ C1+ B3+ D2+ @3/ F2+ A4\ D0/ E1\ B5\ G3/ E5\ C6/ F4\
8x8Trax_999437 Tigger vs. Rogue Trooper : @0/ @1/ C1/ C2/ D1/ C3+ C0+ A3/ @3+ C5+ @3+ A1\ A0\ @3+ C1+ C6/ C7/ C0/ @4/ G2+ F8/ B7/ A2\ B8+
8x8Trax_999855 FujiTape vs. pookster : @0/ B1\ A2/ B2+ C1/ C0/ @2\ B1/ B0/ D1+ A1\ A0\ D1\ D5\ C6+
